<?xml version="1.0" encoding="UTF-8"?>
<testsuite xmlns:xsi="http://www.w3.org/2001/XMLSchema-instance" xsi:noNamespaceSchemaLocation="https://maven.apache.org/surefire/maven-surefire-plugin/xsd/surefire-test-report-3.0.xsd" version="3.0" name="org.frcpm.controllers.MainControllerTest" time="1.101" tests="11" errors="0" skipped="0" failures="0">
  <properties>
    <property name="java.specification.version" value="21"/>
    <property name="sun.cpu.isalist" value="amd64"/>
    <property name="sun.jnu.encoding" value="Cp1252"/>
    <property name="java.class.path" value="C:\Users\dhiebert\Local Repositories\Project Management 2.0\target\test-classes;C:\Users\dhiebert\Local Repositories\Project Management 2.0\target\classes;C:\Users\dhiebert\.m2\repository\org\openjfx\javafx-controls\21.0.2\javafx-controls-21.0.2.jar;C:\Users\dhiebert\.m2\repository\org\openjfx\javafx-controls\21.0.2\javafx-controls-21.0.2-win.jar;C:\Users\dhiebert\.m2\repository\org\openjfx\javafx-fxml\21.0.2\javafx-fxml-21.0.2.jar;C:\Users\dhiebert\.m2\repository\org\openjfx\javafx-fxml\21.0.2\javafx-fxml-21.0.2-win.jar;C:\Users\dhiebert\.m2\repository\org\openjfx\javafx-graphics\21.0.2\javafx-graphics-21.0.2.jar;C:\Users\dhiebert\.m2\repository\org\openjfx\javafx-graphics\21.0.2\javafx-graphics-21.0.2-win.jar;C:\Users\dhiebert\.m2\repository\org\openjfx\javafx-base\21.0.2\javafx-base-21.0.2.jar;C:\Users\dhiebert\.m2\repository\org\openjfx\javafx-base\21.0.2\javafx-base-21.0.2-win.jar;C:\Users\dhiebert\.m2\repository\com\h2database\h2\2.2.224\h2-2.2.224.jar;C:\Users\dhiebert\.m2\repository\com\zaxxer\HikariCP\5.1.0\HikariCP-5.1.0.jar;C:\Users\dhiebert\.m2\repository\org\slf4j\slf4j-api\1.7.36\slf4j-api-1.7.36.jar;C:\Users\dhiebert\.m2\repository\org\hibernate\orm\hibernate-core\6.5.0.Final\hibernate-core-6.5.0.Final.jar;C:\Users\dhiebert\.m2\repository\jakarta\persistence\jakarta.persistence-api\3.1.0\jakarta.persistence-api-3.1.0.jar;C:\Users\dhiebert\.m2\repository\jakarta\transaction\jakarta.transaction-api\2.0.1\jakarta.transaction-api-2.0.1.jar;C:\Users\dhiebert\.m2\repository\org\jboss\logging\jboss-logging\3.5.0.Final\jboss-logging-3.5.0.Final.jar;C:\Users\dhiebert\.m2\repository\org\hibernate\common\hibernate-commons-annotations\6.0.6.Final\hibernate-commons-annotations-6.0.6.Final.jar;C:\Users\dhiebert\.m2\repository\io\smallrye\jandex\3.1.2\jandex-3.1.2.jar;C:\Users\dhiebert\.m2\repository\com\fasterxml\classmate\1.5.1\classmate-1.5.1.jar;C:\Users\dhiebert\.m2\repository\net\bytebuddy\byte-buddy\1.14.12\byte-buddy-1.14.12.jar;C:\Users\dhiebert\.m2\repository\jakarta\xml\bind\jakarta.xml.bind-api\4.0.0\jakarta.xml.bind-api-4.0.0.jar;C:\Users\dhiebert\.m2\repository\jakarta\activation\jakarta.activation-api\2.1.0\jakarta.activation-api-2.1.0.jar;C:\Users\dhiebert\.m2\repository\org\glassfish\jaxb\jaxb-runtime\4.0.2\jaxb-runtime-4.0.2.jar;C:\Users\dhiebert\.m2\repository\org\glassfish\jaxb\jaxb-core\4.0.2\jaxb-core-4.0.2.jar;C:\Users\dhiebert\.m2\repository\org\eclipse\angus\angus-activation\2.0.0\angus-activation-2.0.0.jar;C:\Users\dhiebert\.m2\repository\org\glassfish\jaxb\txw2\4.0.2\txw2-4.0.2.jar;C:\Users\dhiebert\.m2\repository\com\sun\istack\istack-commons-runtime\4.1.1\istack-commons-runtime-4.1.1.jar;C:\Users\dhiebert\.m2\repository\jakarta\inject\jakarta.inject-api\2.0.1\jakarta.inject-api-2.0.1.jar;C:\Users\dhiebert\.m2\repository\org\antlr\antlr4-runtime\4.13.0\antlr4-runtime-4.13.0.jar;C:\Users\dhiebert\.m2\repository\org\hibernate\validator\hibernate-validator\8.0.1.Final\hibernate-validator-8.0.1.Final.jar;C:\Users\dhiebert\.m2\repository\jakarta\validation\jakarta.validation-api\3.0.2\jakarta.validation-api-3.0.2.jar;C:\Users\dhiebert\.m2\repository\org\junit\jupiter\junit-jupiter-api\5.10.2\junit-jupiter-api-5.10.2.jar;C:\Users\dhiebert\.m2\repository\org\opentest4j\opentest4j\1.3.0\opentest4j-1.3.0.jar;C:\Users\dhiebert\.m2\repository\org\junit\platform\junit-platform-commons\1.10.2\junit-platform-commons-1.10.2.jar;C:\Users\dhiebert\.m2\repository\org\apiguardian\apiguardian-api\1.1.2\apiguardian-api-1.1.2.jar;C:\Users\dhiebert\.m2\repository\org\junit\jupiter\junit-jupiter-engine\5.10.2\junit-jupiter-engine-5.10.2.jar;C:\Users\dhiebert\.m2\repository\org\junit\platform\junit-platform-engine\1.10.2\junit-platform-engine-1.10.2.jar;C:\Users\dhiebert\.m2\repository\org\mockito\mockito-junit-jupiter\5.10.0\mockito-junit-jupiter-5.10.0.jar;C:\Users\dhiebert\.m2\repository\org\mockito\mockito-core\5.10.0\mockito-core-5.10.0.jar;C:\Users\dhiebert\.m2\repository\net\bytebuddy\byte-buddy-agent\1.14.11\byte-buddy-agent-1.14.11.jar;C:\Users\dhiebert\.m2\repository\org\objenesis\objenesis\3.3\objenesis-3.3.jar;C:\Users\dhiebert\.m2\repository\org\hibernate\orm\hibernate-hikaricp\6.5.0.Final\hibernate-hikaricp-6.5.0.Final.jar;C:\Users\dhiebert\.m2\repository\ch\qos\logback\logback-classic\1.2.11\logback-classic-1.2.11.jar;C:\Users\dhiebert\.m2\repository\ch\qos\logback\logback-core\1.2.11\logback-core-1.2.11.jar;C:\Users\dhiebert\.m2\repository\org\testfx\testfx-core\4.0.18\testfx-core-4.0.18.jar;C:\Users\dhiebert\.m2\repository\org\hamcrest\hamcrest\2.1\hamcrest-2.1.jar;C:\Users\dhiebert\.m2\repository\org\assertj\assertj-core\3.13.2\assertj-core-3.13.2.jar;C:\Users\dhiebert\.m2\repository\org\osgi\org.osgi.core\6.0.0\org.osgi.core-6.0.0.jar;C:\Users\dhiebert\.m2\repository\org\testfx\testfx-junit5\4.0.18\testfx-junit5-4.0.18.jar;C:\Users\dhiebert\.m2\repository\org\openjfx\javafx-web\17.0.2\javafx-web-17.0.2.jar;C:\Users\dhiebert\.m2\repository\org\openjfx\javafx-web\17.0.2\javafx-web-17.0.2-win.jar;C:\Users\dhiebert\.m2\repository\org\openjfx\javafx-media\17.0.2\javafx-media-17.0.2.jar;C:\Users\dhiebert\.m2\repository\org\openjfx\javafx-media\17.0.2\javafx-media-17.0.2-win.jar;C:\Users\dhiebert\.m2\repository\org\apache\pdfbox\pdfbox\2.0.27\pdfbox-2.0.27.jar;C:\Users\dhiebert\.m2\repository\org\apache\pdfbox\fontbox\2.0.27\fontbox-2.0.27.jar;C:\Users\dhiebert\.m2\repository\commons-logging\commons-logging\1.2\commons-logging-1.2.jar;C:\Users\dhiebert\.m2\repository\com\fasterxml\jackson\core\jackson-databind\2.15.0\jackson-databind-2.15.0.jar;C:\Users\dhiebert\.m2\repository\com\fasterxml\jackson\core\jackson-annotations\2.15.0\jackson-annotations-2.15.0.jar;C:\Users\dhiebert\.m2\repository\com\fasterxml\jackson\core\jackson-core\2.15.0\jackson-core-2.15.0.jar;C:\Users\dhiebert\.m2\repository\org\apache\xmlgraphics\batik-all\1.16\batik-all-1.16.jar;C:\Users\dhiebert\.m2\repository\xml-apis\xml-apis\1.4.01\xml-apis-1.4.01.jar;C:\Users\dhiebert\.m2\repository\xml-apis\xml-apis-ext\1.3.04\xml-apis-ext-1.3.04.jar;C:\Users\dhiebert\.m2\repository\org\apache\xmlgraphics\xmlgraphics-commons\2.7\xmlgraphics-commons-2.7.jar;C:\Users\dhiebert\.m2\repository\commons-io\commons-io\1.3.1\commons-io-1.3.1.jar;C:\Users\dhiebert\.m2\repository\org\jgrapht\jgrapht-core\1.5.2\jgrapht-core-1.5.2.jar;C:\Users\dhiebert\.m2\repository\org\jheaps\jheaps\0.14\jheaps-0.14.jar;C:\Users\dhiebert\.m2\repository\org\apfloat\apfloat\1.10.1\apfloat-1.10.1.jar;"/>
    <property name="java.vm.vendor" value="Eclipse Adoptium"/>
    <property name="sun.arch.data.model" value="64"/>
    <property name="user.variant" value=""/>
    <property name="java.vendor.url" value="https://adoptium.net/"/>
    <property name="user.timezone" value="America/Chicago"/>
    <property name="os.name" value="Windows 11"/>
    <property name="java.vm.specification.version" value="21"/>
    <property name="sun.java.launcher" value="SUN_STANDARD"/>
    <property name="user.country" value="US"/>
    <property name="sun.boot.library.path" value="C:\Program Files\Eclipse Adoptium\jdk-21.0.6.7-hotspot\bin"/>
    <property name="sun.java.command" value="C:\Users\dhiebert\AppData\Local\Temp\surefire9513985487531586668\surefirebooter-20250425102356946_3.jar C:\Users\dhiebert\AppData\Local\Temp\surefire9513985487531586668 2025-04-25T10-23-56_800-jvmRun1 surefire-20250425102356946_1tmp surefire_0-20250425102356946_2tmp"/>
    <property name="jdk.debug" value="release"/>
    <property name="surefire.test.class.path" value="C:\Users\dhiebert\Local Repositories\Project Management 2.0\target\test-classes;C:\Users\dhiebert\Local Repositories\Project Management 2.0\target\classes;C:\Users\dhiebert\.m2\repository\org\openjfx\javafx-controls\21.0.2\javafx-controls-21.0.2.jar;C:\Users\dhiebert\.m2\repository\org\openjfx\javafx-controls\21.0.2\javafx-controls-21.0.2-win.jar;C:\Users\dhiebert\.m2\repository\org\openjfx\javafx-fxml\21.0.2\javafx-fxml-21.0.2.jar;C:\Users\dhiebert\.m2\repository\org\openjfx\javafx-fxml\21.0.2\javafx-fxml-21.0.2-win.jar;C:\Users\dhiebert\.m2\repository\org\openjfx\javafx-graphics\21.0.2\javafx-graphics-21.0.2.jar;C:\Users\dhiebert\.m2\repository\org\openjfx\javafx-graphics\21.0.2\javafx-graphics-21.0.2-win.jar;C:\Users\dhiebert\.m2\repository\org\openjfx\javafx-base\21.0.2\javafx-base-21.0.2.jar;C:\Users\dhiebert\.m2\repository\org\openjfx\javafx-base\21.0.2\javafx-base-21.0.2-win.jar;C:\Users\dhiebert\.m2\repository\com\h2database\h2\2.2.224\h2-2.2.224.jar;C:\Users\dhiebert\.m2\repository\com\zaxxer\HikariCP\5.1.0\HikariCP-5.1.0.jar;C:\Users\dhiebert\.m2\repository\org\slf4j\slf4j-api\1.7.36\slf4j-api-1.7.36.jar;C:\Users\dhiebert\.m2\repository\org\hibernate\orm\hibernate-core\6.5.0.Final\hibernate-core-6.5.0.Final.jar;C:\Users\dhiebert\.m2\repository\jakarta\persistence\jakarta.persistence-api\3.1.0\jakarta.persistence-api-3.1.0.jar;C:\Users\dhiebert\.m2\repository\jakarta\transaction\jakarta.transaction-api\2.0.1\jakarta.transaction-api-2.0.1.jar;C:\Users\dhiebert\.m2\repository\org\jboss\logging\jboss-logging\3.5.0.Final\jboss-logging-3.5.0.Final.jar;C:\Users\dhiebert\.m2\repository\org\hibernate\common\hibernate-commons-annotations\6.0.6.Final\hibernate-commons-annotations-6.0.6.Final.jar;C:\Users\dhiebert\.m2\repository\io\smallrye\jandex\3.1.2\jandex-3.1.2.jar;C:\Users\dhiebert\.m2\repository\com\fasterxml\classmate\1.5.1\classmate-1.5.1.jar;C:\Users\dhiebert\.m2\repository\net\bytebuddy\byte-buddy\1.14.12\byte-buddy-1.14.12.jar;C:\Users\dhiebert\.m2\repository\jakarta\xml\bind\jakarta.xml.bind-api\4.0.0\jakarta.xml.bind-api-4.0.0.jar;C:\Users\dhiebert\.m2\repository\jakarta\activation\jakarta.activation-api\2.1.0\jakarta.activation-api-2.1.0.jar;C:\Users\dhiebert\.m2\repository\org\glassfish\jaxb\jaxb-runtime\4.0.2\jaxb-runtime-4.0.2.jar;C:\Users\dhiebert\.m2\repository\org\glassfish\jaxb\jaxb-core\4.0.2\jaxb-core-4.0.2.jar;C:\Users\dhiebert\.m2\repository\org\eclipse\angus\angus-activation\2.0.0\angus-activation-2.0.0.jar;C:\Users\dhiebert\.m2\repository\org\glassfish\jaxb\txw2\4.0.2\txw2-4.0.2.jar;C:\Users\dhiebert\.m2\repository\com\sun\istack\istack-commons-runtime\4.1.1\istack-commons-runtime-4.1.1.jar;C:\Users\dhiebert\.m2\repository\jakarta\inject\jakarta.inject-api\2.0.1\jakarta.inject-api-2.0.1.jar;C:\Users\dhiebert\.m2\repository\org\antlr\antlr4-runtime\4.13.0\antlr4-runtime-4.13.0.jar;C:\Users\dhiebert\.m2\repository\org\hibernate\validator\hibernate-validator\8.0.1.Final\hibernate-validator-8.0.1.Final.jar;C:\Users\dhiebert\.m2\repository\jakarta\validation\jakarta.validation-api\3.0.2\jakarta.validation-api-3.0.2.jar;C:\Users\dhiebert\.m2\repository\org\junit\jupiter\junit-jupiter-api\5.10.2\junit-jupiter-api-5.10.2.jar;C:\Users\dhiebert\.m2\repository\org\opentest4j\opentest4j\1.3.0\opentest4j-1.3.0.jar;C:\Users\dhiebert\.m2\repository\org\junit\platform\junit-platform-commons\1.10.2\junit-platform-commons-1.10.2.jar;C:\Users\dhiebert\.m2\repository\org\apiguardian\apiguardian-api\1.1.2\apiguardian-api-1.1.2.jar;C:\Users\dhiebert\.m2\repository\org\junit\jupiter\junit-jupiter-engine\5.10.2\junit-jupiter-engine-5.10.2.jar;C:\Users\dhiebert\.m2\repository\org\junit\platform\junit-platform-engine\1.10.2\junit-platform-engine-1.10.2.jar;C:\Users\dhiebert\.m2\repository\org\mockito\mockito-junit-jupiter\5.10.0\mockito-junit-jupiter-5.10.0.jar;C:\Users\dhiebert\.m2\repository\org\mockito\mockito-core\5.10.0\mockito-core-5.10.0.jar;C:\Users\dhiebert\.m2\repository\net\bytebuddy\byte-buddy-agent\1.14.11\byte-buddy-agent-1.14.11.jar;C:\Users\dhiebert\.m2\repository\org\objenesis\objenesis\3.3\objenesis-3.3.jar;C:\Users\dhiebert\.m2\repository\org\hibernate\orm\hibernate-hikaricp\6.5.0.Final\hibernate-hikaricp-6.5.0.Final.jar;C:\Users\dhiebert\.m2\repository\ch\qos\logback\logback-classic\1.2.11\logback-classic-1.2.11.jar;C:\Users\dhiebert\.m2\repository\ch\qos\logback\logback-core\1.2.11\logback-core-1.2.11.jar;C:\Users\dhiebert\.m2\repository\org\testfx\testfx-core\4.0.18\testfx-core-4.0.18.jar;C:\Users\dhiebert\.m2\repository\org\hamcrest\hamcrest\2.1\hamcrest-2.1.jar;C:\Users\dhiebert\.m2\repository\org\assertj\assertj-core\3.13.2\assertj-core-3.13.2.jar;C:\Users\dhiebert\.m2\repository\org\osgi\org.osgi.core\6.0.0\org.osgi.core-6.0.0.jar;C:\Users\dhiebert\.m2\repository\org\testfx\testfx-junit5\4.0.18\testfx-junit5-4.0.18.jar;C:\Users\dhiebert\.m2\repository\org\openjfx\javafx-web\17.0.2\javafx-web-17.0.2.jar;C:\Users\dhiebert\.m2\repository\org\openjfx\javafx-web\17.0.2\javafx-web-17.0.2-win.jar;C:\Users\dhiebert\.m2\repository\org\openjfx\javafx-media\17.0.2\javafx-media-17.0.2.jar;C:\Users\dhiebert\.m2\repository\org\openjfx\javafx-media\17.0.2\javafx-media-17.0.2-win.jar;C:\Users\dhiebert\.m2\repository\org\apache\pdfbox\pdfbox\2.0.27\pdfbox-2.0.27.jar;C:\Users\dhiebert\.m2\repository\org\apache\pdfbox\fontbox\2.0.27\fontbox-2.0.27.jar;C:\Users\dhiebert\.m2\repository\commons-logging\commons-logging\1.2\commons-logging-1.2.jar;C:\Users\dhiebert\.m2\repository\com\fasterxml\jackson\core\jackson-databind\2.15.0\jackson-databind-2.15.0.jar;C:\Users\dhiebert\.m2\repository\com\fasterxml\jackson\core\jackson-annotations\2.15.0\jackson-annotations-2.15.0.jar;C:\Users\dhiebert\.m2\repository\com\fasterxml\jackson\core\jackson-core\2.15.0\jackson-core-2.15.0.jar;C:\Users\dhiebert\.m2\repository\org\apache\xmlgraphics\batik-all\1.16\batik-all-1.16.jar;C:\Users\dhiebert\.m2\repository\xml-apis\xml-apis\1.4.01\xml-apis-1.4.01.jar;C:\Users\dhiebert\.m2\repository\xml-apis\xml-apis-ext\1.3.04\xml-apis-ext-1.3.04.jar;C:\Users\dhiebert\.m2\repository\org\apache\xmlgraphics\xmlgraphics-commons\2.7\xmlgraphics-commons-2.7.jar;C:\Users\dhiebert\.m2\repository\commons-io\commons-io\1.3.1\commons-io-1.3.1.jar;C:\Users\dhiebert\.m2\repository\org\jgrapht\jgrapht-core\1.5.2\jgrapht-core-1.5.2.jar;C:\Users\dhiebert\.m2\repository\org\jheaps\jheaps\0.14\jheaps-0.14.jar;C:\Users\dhiebert\.m2\repository\org\apfloat\apfloat\1.10.1\apfloat-1.10.1.jar;"/>
    <property name="sun.cpu.endian" value="little"/>
    <property name="user.home" value="C:\Users\dhiebert"/>
    <property name="user.language" value="en"/>
    <property name="java.specification.vendor" value="Oracle Corporation"/>
    <property name="java.version.date" value="2025-01-21"/>
    <property name="java.home" value="C:\Program Files\Eclipse Adoptium\jdk-21.0.6.7-hotspot"/>
    <property name="file.separator" value="\"/>
    <property name="basedir" value="C:\Users\dhiebert\Local Repositories\Project Management 2.0"/>
    <property name="java.vm.compressedOopsMode" value="Zero based"/>
    <property name="line.separator" value="&#10;"/>
    <property name="java.vm.specification.vendor" value="Oracle Corporation"/>
    <property name="java.specification.name" value="Java Platform API Specification"/>
    <property name="surefire.real.class.path" value="C:\Users\dhiebert\AppData\Local\Temp\surefire9513985487531586668\surefirebooter-20250425102356946_3.jar"/>
    <property name="user.script" value=""/>
    <property name="sun.management.compiler" value="HotSpot 64-Bit Tiered Compilers"/>
    <property name="java.runtime.version" value="21.0.6+7-LTS"/>
    <property name="user.name" value="dhiebert"/>
    <property name="stdout.encoding" value="Cp1252"/>
    <property name="path.separator" value=";"/>
    <property name="os.version" value="10.0"/>
    <property name="java.runtime.name" value="OpenJDK Runtime Environment"/>
    <property name="file.encoding" value="UTF-8"/>
    <property name="java.vm.name" value="OpenJDK 64-Bit Server VM"/>
    <property name="java.vendor.version" value="Temurin-21.0.6+7"/>
    <property name="localRepository" value="C:\Users\dhiebert\.m2\repository"/>
    <property name="java.vendor.url.bug" value="https://github.com/adoptium/adoptium-support/issues"/>
    <property name="java.io.tmpdir" value="C:\Users\dhiebert\AppData\Local\Temp\"/>
    <property name="java.version" value="21.0.6"/>
    <property name="user.dir" value="C:\Users\dhiebert\Local Repositories\Project Management 2.0"/>
    <property name="os.arch" value="amd64"/>
    <property name="java.vm.specification.name" value="Java Virtual Machine Specification"/>
    <property name="sun.os.patch.level" value=""/>
    <property name="native.encoding" value="Cp1252"/>
    <property name="java.library.path" value="C:\Program Files\Eclipse Adoptium\jdk-21.0.6.7-hotspot\bin;C:\WINDOWS\Sun\Java\bin;C:\WINDOWS\system32;C:\WINDOWS;C:\Program Files\apache-maven-3.9.9\bin;C:\Program Files\Eclipse Adoptium\jdk-21.0.6.7-hotspot\bin;C:\Program Files\National Instruments\Shared\OpenVINO\;C:\Program Files\Common Files\Oracle\Java\javapath;C:\WINDOWS\system32;C:\WINDOWS;C:\WINDOWS\System32\Wbem;C:\WINDOWS\System32\WindowsPowerShell\v1.0\;C:\WINDOWS\System32\OpenSSH\;C:\Program Files\dotnet\;C:\Program Files (x86)\Windows Live\Shared;C:\Program Files\Git\cmd;C:\Program Files\Common Files\Autodesk Shared\;C:\Program Files\Microsoft SQL Server\150\Tools\Binn\;C:\Program Files\nodejs\;C:\Program Files\Eclipse Adoptium\jdk-21.0.6.7-hotspot\bin;C:\Program Files\apache-maven-3.9.9\bin;%MAVEN_HOME%\bin;C:\Users\dhiebert\AppData\Local\Microsoft\WindowsApps;C:\Users\dhiebert\AppData\Local\GitHubDesktop\bin;C:\Users\dhiebert\AppData\Roaming\npm;C:\Users\dhiebert\AppData\Local\Packages\PythonSoftwareFoundation.Python.3.11_qbz5n2kfra8p0\LocalCache\local-packages\Python311\Scripts;C:\Users\dhiebert\AppData\Local\Packages\PythonSoftwareFoundation.Python.3.11_qbz5n2kfra8p0\LocalCache\local-packages\Python311\site-packages\maven;;c:\Users\Public\wpilib\2025\vscode\data\user-data\User\globalStorage\github.copilot-chat\debugCommand;c:\Users\Public\wpilib\2025\vscode\data\extensions\ms-python.debugpy-2025.4.1-win32-x64\bundled\scripts\noConfigScripts;."/>
    <property name="java.vm.info" value="mixed mode, sharing"/>
    <property name="stderr.encoding" value="Cp1252"/>
    <property name="java.vendor" value="Eclipse Adoptium"/>
    <property name="java.vm.version" value="21.0.6+7-LTS"/>
    <property name="sun.io.unicode.encoding" value="UnicodeLittle"/>
    <property name="java.class.version" value="65.0"/>
  </properties>
  <testcase name="testHandleExportProject" classname="org.frcpm.controllers.MainControllerTest" time="0.894">
    <system-out><![CDATA[10:24:05.277 [main] DEBUG org.hibernate.jpa.HibernatePersistenceProvider - Located and parsed 1 persistence units; checking each
10:24:05.277 [main] DEBUG org.hibernate.jpa.HibernatePersistenceProvider - Checking persistence-unit [name=frcpm, explicit-provider=org.hibernate.jpa.HibernatePersistenceProvider] against incoming persistence unit name [frcpm]
10:24:05.277 [main] DEBUG org.hibernate.jpa.boot.spi.ProviderChecker - Persistence-unit [frcpm] requested PersistenceProvider [org.hibernate.jpa.HibernatePersistenceProvider]
10:24:05.277 [main] DEBUG org.hibernate.jpa.internal.util.LogHelper - PersistenceUnitInfo [
	name: frcpm
	persistence provider classname: org.hibernate.jpa.HibernatePersistenceProvider
	classloader: null
	excludeUnlistedClasses: false
	JTA datasource: null
	Non JTA datasource: null
	Transaction type: RESOURCE_LOCAL
	PU root URL: file:/C:/Users/dhiebert/Local%20Repositories/Project%20Management%202.0/target/classes
	Shared Cache Mode: null
	Validation Mode: null
	Jar files URLs []
	Managed classes names [
		org.frcpm.models.Project
		org.frcpm.models.Subteam
		org.frcpm.models.TeamMember
		org.frcpm.models.Subsystem
		org.frcpm.models.Task
		org.frcpm.models.Component
		org.frcpm.models.Meeting
		org.frcpm.models.Attendance
		org.frcpm.models.Milestone]
	Mapping files names []
	Properties [
		hibernate.connection.handling_mode: DELAYED_ACQUISITION_AND_RELEASE_AFTER_STATEMENT
		jakarta.persistence.jdbc.url: jdbc:h2:file:C:\Users\dhiebert\.frcpm\frcpm
		hibernate.jdbc.batch_versioned_data: null
		hibernate.cache.use_second_level_cache: null
		hibernate.show_sql: null
		jakarta.persistence.jdbc.driver: org.h2.Driver
		hibernate.jdbc.batch_size: 30
		jakarta.persistence.jdbc.user: sa
		hibernate.generate_statistics: null
		hibernate.hbm2ddl.auto: update
		hibernate.cache.use_query_cache: null
		hibernate.hikari.maximumPoolSize: 10
		hibernate.hikari.idleTimeout: 30000
		hibernate.format_sql: null
		hibernate.hikari.minimumIdle: 2
		hibernate.use_sql_comments: null
		hibernate.order_inserts: null
		hibernate.current_session_context_class: thread
		hibernate.connection.provider_class: org.hibernate.hikaricp.internal.HikariCPConnectionProvider
		hibernate.hikari.connectionTimeout: 10000
		hibernate.hikari.poolName: FRC-PM-HikariCP
		hibernate.order_updates: null
		hibernate.dialect: org.hibernate.dialect.H2Dialect
		jakarta.persistence.jdbc.password: ]
10:24:05.277 [main] DEBUG org.hibernate.integrator.internal.IntegratorServiceImpl - Adding Integrator [org.hibernate.boot.beanvalidation.BeanValidationIntegrator].
10:24:05.277 [main] DEBUG org.hibernate.integrator.internal.IntegratorServiceImpl - Adding Integrator [org.hibernate.cache.internal.CollectionCacheInvalidator].
10:24:05.285 [main] DEBUG org.hibernate.orm.idgen.factory - Ignoring CDI for resolving IdentifierGenerator instances as extended or delayed CDI support was enabled
10:24:05.286 [main] DEBUG org.hibernate.orm.idgen.factory - Registering IdentifierGenerator strategy [uuid2] -> [org.hibernate.id.UUIDGenerator]
10:24:05.286 [main] DEBUG org.hibernate.orm.idgen.factory - Registering IdentifierGenerator strategy [guid] -> [org.hibernate.id.GUIDGenerator]
10:24:05.286 [main] DEBUG org.hibernate.orm.idgen.factory - Registering IdentifierGenerator strategy [uuid] -> [org.hibernate.id.UUIDHexGenerator]
10:24:05.286 [main] DEBUG org.hibernate.orm.idgen.factory - Registering IdentifierGenerator strategy [uuid.hex] -> [org.hibernate.id.UUIDHexGenerator]
10:24:05.286 [main] DEBUG org.hibernate.orm.idgen.factory - Registering IdentifierGenerator strategy [assigned] -> [org.hibernate.id.Assigned]
10:24:05.286 [main] DEBUG org.hibernate.orm.idgen.factory - Registering IdentifierGenerator strategy [identity] -> [org.hibernate.id.IdentityGenerator]
10:24:05.286 [main] DEBUG org.hibernate.orm.idgen.factory - Registering IdentifierGenerator strategy [select] -> [org.hibernate.id.SelectGenerator]
10:24:05.286 [main] DEBUG org.hibernate.orm.idgen.factory - Registering IdentifierGenerator strategy [sequence] -> [org.hibernate.id.enhanced.SequenceStyleGenerator]
10:24:05.286 [main] DEBUG org.hibernate.orm.idgen.factory - Registering IdentifierGenerator strategy [increment] -> [org.hibernate.id.IncrementGenerator]
10:24:05.286 [main] DEBUG org.hibernate.orm.idgen.factory - Registering IdentifierGenerator strategy [foreign] -> [org.hibernate.id.ForeignGenerator]
10:24:05.286 [main] DEBUG org.hibernate.orm.idgen.factory - Registering IdentifierGenerator strategy [enhanced-sequence] -> [org.hibernate.id.enhanced.SequenceStyleGenerator]
10:24:05.286 [main] DEBUG org.hibernate.orm.idgen.factory - Registering IdentifierGenerator strategy [enhanced-table] -> [org.hibernate.id.enhanced.TableGenerator]
10:24:05.286 [main] INFO org.hibernate.cache.internal.RegionFactoryInitiator - HHH000026: Second-level cache disabled
10:24:05.287 [main] DEBUG org.hibernate.type.BasicTypeRegistry - Adding type registration boolean -> org.hibernate.type.BasicTypeReference@2f4919b0
10:24:05.287 [main] DEBUG org.hibernate.type.BasicTypeRegistry - Adding type registration boolean -> org.hibernate.type.BasicTypeReference@2f4919b0
10:24:05.287 [main] DEBUG org.hibernate.type.BasicTypeRegistry - Adding type registration java.lang.Boolean -> org.hibernate.type.BasicTypeReference@2f4919b0
10:24:05.287 [main] DEBUG org.hibernate.type.BasicTypeRegistry - Adding type registration numeric_boolean -> org.hibernate.type.BasicTypeReference@a8a8b75
10:24:05.287 [main] DEBUG org.hibernate.type.BasicTypeRegistry - Adding type registration org.hibernate.type.NumericBooleanConverter -> org.hibernate.type.BasicTypeReference@a8a8b75
10:24:05.287 [main] DEBUG org.hibernate.type.BasicTypeRegistry - Adding type registration true_false -> org.hibernate.type.BasicTypeReference@75b21c3b
10:24:05.287 [main] DEBUG org.hibernate.type.BasicTypeRegistry - Adding type registration org.hibernate.type.TrueFalseConverter -> org.hibernate.type.BasicTypeReference@75b21c3b
10:24:05.287 [main] DEBUG org.hibernate.type.BasicTypeRegistry - Adding type registration yes_no -> org.hibernate.type.BasicTypeReference@72be135f
10:24:05.287 [main] DEBUG org.hibernate.type.BasicTypeRegistry - Adding type registration org.hibernate.type.YesNoConverter -> org.hibernate.type.BasicTypeReference@72be135f
10:24:05.287 [main] DEBUG org.hibernate.type.BasicTypeRegistry - Adding type registration byte -> org.hibernate.type.BasicTypeReference@155d1021
10:24:05.287 [main] DEBUG org.hibernate.type.BasicTypeRegistry - Adding type registration byte -> org.hibernate.type.BasicTypeReference@155d1021
10:24:05.287 [main] DEBUG org.hibernate.type.BasicTypeRegistry - Adding type registration java.lang.Byte -> org.hibernate.type.BasicTypeReference@155d1021
10:24:05.287 [main] DEBUG org.hibernate.type.BasicTypeRegistry - Adding type registration binary -> org.hibernate.type.BasicTypeReference@4bd2f0dc
10:24:05.287 [main] DEBUG org.hibernate.type.BasicTypeRegistry - Adding type registration byte[] -> org.hibernate.type.BasicTypeReference@4bd2f0dc
10:24:05.287 [main] DEBUG org.hibernate.type.BasicTypeRegistry - Adding type registration [B -> org.hibernate.type.BasicTypeReference@4bd2f0dc
10:24:05.287 [main] DEBUG org.hibernate.type.BasicTypeRegistry - Adding type registration binary_wrapper -> org.hibernate.type.BasicTypeReference@2e647e59
10:24:05.287 [main] DEBUG org.hibernate.type.BasicTypeRegistry - Adding type registration wrapper-binary -> org.hibernate.type.BasicTypeReference@2e647e59
10:24:05.287 [main] DEBUG org.hibernate.type.BasicTypeRegistry - Adding type registration image -> org.hibernate.type.BasicTypeReference@2c42b421
10:24:05.287 [main] DEBUG org.hibernate.type.BasicTypeRegistry - Adding type registration blob -> org.hibernate.type.BasicTypeReference@51e37590
10:24:05.287 [main] DEBUG org.hibernate.type.BasicTypeRegistry - Adding type registration java.sql.Blob -> org.hibernate.type.BasicTypeReference@51e37590
10:24:05.287 [main] DEBUG org.hibernate.type.BasicTypeRegistry - Adding type registration materialized_blob -> org.hibernate.type.BasicTypeReference@deb3b60
10:24:05.287 [main] DEBUG org.hibernate.type.BasicTypeRegistry - Adding type registration materialized_blob_wrapper -> org.hibernate.type.BasicTypeReference@701a32
10:24:05.287 [main] DEBUG org.hibernate.type.BasicTypeRegistry - Adding type registration short -> org.hibernate.type.BasicTypeReference@39aa45a1
10:24:05.287 [main] DEBUG org.hibernate.type.BasicTypeRegistry - Adding type registration short -> org.hibernate.type.BasicTypeReference@39aa45a1
10:24:05.287 [main] DEBUG org.hibernate.type.BasicTypeRegistry - Adding type registration java.lang.Short -> org.hibernate.type.BasicTypeReference@39aa45a1
10:24:05.287 [main] DEBUG org.hibernate.type.BasicTypeRegistry - Adding type registration integer -> org.hibernate.type.BasicTypeReference@73aff8f1
10:24:05.287 [main] DEBUG org.hibernate.type.BasicTypeRegistry - Adding type registration int -> org.hibernate.type.BasicTypeReference@73aff8f1
10:24:05.287 [main] DEBUG org.hibernate.type.BasicTypeRegistry - Adding type registration java.lang.Integer -> org.hibernate.type.BasicTypeReference@73aff8f1
10:24:05.287 [main] DEBUG org.hibernate.type.BasicTypeRegistry - Adding type registration long -> org.hibernate.type.BasicTypeReference@27cbfddf
10:24:05.287 [main] DEBUG org.hibernate.type.BasicTypeRegistry - Adding type registration long -> org.hibernate.type.BasicTypeReference@27cbfddf
10:24:05.287 [main] DEBUG org.hibernate.type.BasicTypeRegistry - Adding type registration java.lang.Long -> org.hibernate.type.BasicTypeReference@27cbfddf
10:24:05.287 [main] DEBUG org.hibernate.type.BasicTypeRegistry - Adding type registration float -> org.hibernate.type.BasicTypeReference@27ead29e
10:24:05.287 [main] DEBUG org.hibernate.type.BasicTypeRegistry - Adding type registration float -> org.hibernate.type.BasicTypeReference@27ead29e
10:24:05.287 [main] DEBUG org.hibernate.type.BasicTypeRegistry - Adding type registration java.lang.Float -> org.hibernate.type.BasicTypeReference@27ead29e
10:24:05.287 [main] DEBUG org.hibernate.type.BasicTypeRegistry - Adding type registration double -> org.hibernate.type.BasicTypeReference@4c060c8f
10:24:05.287 [main] DEBUG org.hibernate.type.BasicTypeRegistry - Adding type registration double -> org.hibernate.type.BasicTypeReference@4c060c8f
10:24:05.287 [main] DEBUG org.hibernate.type.BasicTypeRegistry - Adding type registration java.lang.Double -> org.hibernate.type.BasicTypeReference@4c060c8f
10:24:05.287 [main] DEBUG org.hibernate.type.BasicTypeRegistry - Adding type registration big_integer -> org.hibernate.type.BasicTypeReference@40620d8e
10:24:05.287 [main] DEBUG org.hibernate.type.BasicTypeRegistry - Adding type registration java.math.BigInteger -> org.hibernate.type.BasicTypeReference@40620d8e
10:24:05.287 [main] DEBUG org.hibernate.type.BasicTypeRegistry - Adding type registration big_decimal -> org.hibernate.type.BasicTypeReference@383f3558
10:24:05.287 [main] DEBUG org.hibernate.type.BasicTypeRegistry - Adding type registration java.math.BigDecimal -> org.hibernate.type.BasicTypeReference@383f3558
10:24:05.287 [main] DEBUG org.hibernate.type.BasicTypeRegistry - Adding type registration character -> org.hibernate.type.BasicTypeReference@49b07ee3
10:24:05.287 [main] DEBUG org.hibernate.type.BasicTypeRegistry - Adding type registration char -> org.hibernate.type.BasicTypeReference@49b07ee3
10:24:05.287 [main] DEBUG org.hibernate.type.BasicTypeRegistry - Adding type registration java.lang.Character -> org.hibernate.type.BasicTypeReference@49b07ee3
10:24:05.287 [main] DEBUG org.hibernate.type.BasicTypeRegistry - Adding type registration character_nchar -> org.hibernate.type.BasicTypeReference@352e612e
10:24:05.287 [main] DEBUG org.hibernate.type.BasicTypeRegistry - Adding type registration string -> org.hibernate.type.BasicTypeReference@65f00478
10:24:05.287 [main] DEBUG org.hibernate.type.BasicTypeRegistry - Adding type registration java.lang.String -> org.hibernate.type.BasicTypeReference@65f00478
10:24:05.287 [main] DEBUG org.hibernate.type.BasicTypeRegistry - Adding type registration nstring -> org.hibernate.type.BasicTypeReference@2424686b
10:24:05.287 [main] DEBUG org.hibernate.type.BasicTypeRegistry - Adding type registration characters -> org.hibernate.type.BasicTypeReference@6ea94d6a
10:24:05.287 [main] DEBUG org.hibernate.type.BasicTypeRegistry - Adding type registration char[] -> org.hibernate.type.BasicTypeReference@6ea94d6a
10:24:05.287 [main] DEBUG org.hibernate.type.BasicTypeRegistry - Adding type registration [C -> org.hibernate.type.BasicTypeReference@6ea94d6a
10:24:05.287 [main] DEBUG org.hibernate.type.BasicTypeRegistry - Adding type registration wrapper-characters -> org.hibernate.type.BasicTypeReference@28486680
10:24:05.287 [main] DEBUG org.hibernate.type.BasicTypeRegistry - Adding type registration text -> org.hibernate.type.BasicTypeReference@4d7e7435
10:24:05.287 [main] DEBUG org.hibernate.type.BasicTypeRegistry - Adding type registration ntext -> org.hibernate.type.BasicTypeReference@4a1e3ac1
10:24:05.287 [main] DEBUG org.hibernate.type.BasicTypeRegistry - Adding type registration clob -> org.hibernate.type.BasicTypeReference@6e78fcf5
10:24:05.287 [main] DEBUG org.hibernate.type.BasicTypeRegistry - Adding type registration java.sql.Clob -> org.hibernate.type.BasicTypeReference@6e78fcf5
10:24:05.287 [main] DEBUG org.hibernate.type.BasicTypeRegistry - Adding type registration nclob -> org.hibernate.type.BasicTypeReference@56febdc
10:24:05.287 [main] DEBUG org.hibernate.type.BasicTypeRegistry - Adding type registration java.sql.NClob -> org.hibernate.type.BasicTypeReference@56febdc
10:24:05.287 [main] DEBUG org.hibernate.type.BasicTypeRegistry - Adding type registration materialized_clob -> org.hibernate.type.BasicTypeReference@3b8ee898
10:24:05.287 [main] DEBUG org.hibernate.type.BasicTypeRegistry - Adding type registration materialized_clob_char_array -> org.hibernate.type.BasicTypeReference@7d151a
10:24:05.287 [main] DEBUG org.hibernate.type.BasicTypeRegistry - Adding type registration materialized_clob_character_array -> org.hibernate.type.BasicTypeReference@294bdeb4
10:24:05.287 [main] DEBUG org.hibernate.type.BasicTypeRegistry - Adding type registration materialized_nclob -> org.hibernate.type.BasicTypeReference@5300f14a
10:24:05.287 [main] DEBUG org.hibernate.type.BasicTypeRegistry - Adding type registration materialized_nclob_character_array -> org.hibernate.type.BasicTypeReference@1f86099a
10:24:05.287 [main] DEBUG org.hibernate.type.BasicTypeRegistry - Adding type registration materialized_nclob_char_array -> org.hibernate.type.BasicTypeReference@77bb0ab5
10:24:05.287 [main] DEBUG org.hibernate.type.BasicTypeRegistry - Adding type registration Duration -> org.hibernate.type.BasicTypeReference@f2c488
10:24:05.287 [main] DEBUG org.hibernate.type.BasicTypeRegistry - Adding type registration java.time.Duration -> org.hibernate.type.BasicTypeReference@f2c488
10:24:05.287 [main] DEBUG org.hibernate.type.BasicTypeRegistry - Adding type registration LocalDateTime -> org.hibernate.type.BasicTypeReference@54acff7d
10:24:05.287 [main] DEBUG org.hibernate.type.BasicTypeRegistry - Adding type registration java.time.LocalDateTime -> org.hibernate.type.BasicTypeReference@54acff7d
10:24:05.287 [main] DEBUG org.hibernate.type.BasicTypeRegistry - Adding type registration LocalDate -> org.hibernate.type.BasicTypeReference@7bc9e6ab
10:24:05.287 [main] DEBUG org.hibernate.type.BasicTypeRegistry - Adding type registration java.time.LocalDate -> org.hibernate.type.BasicTypeReference@7bc9e6ab
10:24:05.287 [main] DEBUG org.hibernate.type.BasicTypeRegistry - Adding type registration LocalTime -> org.hibernate.type.BasicTypeReference@5488b5c5
10:24:05.287 [main] DEBUG org.hibernate.type.BasicTypeRegistry - Adding type registration java.time.LocalTime -> org.hibernate.type.BasicTypeReference@5488b5c5
10:24:05.287 [main] DEBUG org.hibernate.type.BasicTypeRegistry - Adding type registration OffsetDateTime -> org.hibernate.type.BasicTypeReference@4248ed58
10:24:05.287 [main] DEBUG org.hibernate.type.BasicTypeRegistry - Adding type registration java.time.OffsetDateTime -> org.hibernate.type.BasicTypeReference@4248ed58
10:24:05.287 [main] DEBUG org.hibernate.type.BasicTypeRegistry - Adding type registration OffsetDateTimeWithTimezone -> org.hibernate.type.BasicTypeReference@712ca57b
10:24:05.287 [main] DEBUG org.hibernate.type.BasicTypeRegistry - Adding type registration OffsetDateTimeWithoutTimezone -> org.hibernate.type.BasicTypeReference@4564e94b
10:24:05.287 [main] DEBUG org.hibernate.type.BasicTypeRegistry - Adding type registration OffsetTime -> org.hibernate.type.BasicTypeReference@54534abf
10:24:05.287 [main] DEBUG org.hibernate.type.BasicTypeRegistry - Adding type registration java.time.OffsetTime -> org.hibernate.type.BasicTypeReference@54534abf
10:24:05.287 [main] DEBUG org.hibernate.type.BasicTypeRegistry - Adding type registration OffsetTimeUtc -> org.hibernate.type.BasicTypeReference@51745f40
10:24:05.287 [main] DEBUG org.hibernate.type.BasicTypeRegistry - Adding type registration OffsetTimeWithTimezone -> org.hibernate.type.BasicTypeReference@45673f68
10:24:05.287 [main] DEBUG org.hibernate.type.BasicTypeRegistry - Adding type registration OffsetTimeWithoutTimezone -> org.hibernate.type.BasicTypeReference@27abb83e
10:24:05.287 [main] DEBUG org.hibernate.type.BasicTypeRegistry - Adding type registration ZonedDateTime -> org.hibernate.type.BasicTypeReference@69e308c6
10:24:05.287 [main] DEBUG org.hibernate.type.BasicTypeRegistry - Adding type registration java.time.ZonedDateTime -> org.hibernate.type.BasicTypeReference@69e308c6
10:24:05.287 [main] DEBUG org.hibernate.type.BasicTypeRegistry - Adding type registration ZonedDateTimeWithTimezone -> org.hibernate.type.BasicTypeReference@1a1ed4e5
10:24:05.287 [main] DEBUG org.hibernate.type.BasicTypeRegistry - Adding type registration ZonedDateTimeWithoutTimezone -> org.hibernate.type.BasicTypeReference@667e34b1
10:24:05.287 [main] DEBUG org.hibernate.type.BasicTypeRegistry - Adding type registration date -> org.hibernate.type.BasicTypeReference@1c6e0a08
10:24:05.287 [main] DEBUG org.hibernate.type.BasicTypeRegistry - Adding type registration java.sql.Date -> org.hibernate.type.BasicTypeReference@1c6e0a08
10:24:05.288 [main] DEBUG org.hibernate.type.BasicTypeRegistry - Adding type registration time -> org.hibernate.type.BasicTypeReference@6dba847b
10:24:05.288 [main] DEBUG org.hibernate.type.BasicTypeRegistry - Adding type registration java.sql.Time -> org.hibernate.type.BasicTypeReference@6dba847b
10:24:05.288 [main] DEBUG org.hibernate.type.BasicTypeRegistry - Adding type registration timestamp -> org.hibernate.type.BasicTypeReference@1efdcd5
10:24:05.288 [main] DEBUG org.hibernate.type.BasicTypeRegistry - Adding type registration java.sql.Timestamp -> org.hibernate.type.BasicTypeReference@1efdcd5
10:24:05.288 [main] DEBUG org.hibernate.type.BasicTypeRegistry - Adding type registration java.util.Date -> org.hibernate.type.BasicTypeReference@1efdcd5
10:24:05.288 [main] DEBUG org.hibernate.type.BasicTypeRegistry - Adding type registration calendar -> org.hibernate.type.BasicTypeReference@1623bbe5
10:24:05.288 [main] DEBUG org.hibernate.type.BasicTypeRegistry - Adding type registration java.util.Calendar -> org.hibernate.type.BasicTypeReference@1623bbe5
10:24:05.288 [main] DEBUG org.hibernate.type.BasicTypeRegistry - Adding type registration java.util.GregorianCalendar -> org.hibernate.type.BasicTypeReference@1623bbe5
10:24:05.288 [main] DEBUG org.hibernate.type.BasicTypeRegistry - Adding type registration calendar_date -> org.hibernate.type.BasicTypeReference@7af1cd63
10:24:05.288 [main] DEBUG org.hibernate.type.BasicTypeRegistry - Adding type registration calendar_time -> org.hibernate.type.BasicTypeReference@4351171a
10:24:05.288 [main] DEBUG org.hibernate.type.BasicTypeRegistry - Adding type registration instant -> org.hibernate.type.BasicTypeReference@3c2772d1
10:24:05.288 [main] DEBUG org.hibernate.type.BasicTypeRegistry - Adding type registration java.time.Instant -> org.hibernate.type.BasicTypeReference@3c2772d1
10:24:05.288 [main] DEBUG org.hibernate.type.BasicTypeRegistry - Adding type registration uuid -> org.hibernate.type.BasicTypeReference@37d00a23
10:24:05.288 [main] DEBUG org.hibernate.type.BasicTypeRegistry - Adding type registration java.util.UUID -> org.hibernate.type.BasicTypeReference@37d00a23
10:24:05.288 [main] DEBUG org.hibernate.type.BasicTypeRegistry - Adding type registration pg-uuid -> org.hibernate.type.BasicTypeReference@37d00a23
10:24:05.288 [main] DEBUG org.hibernate.type.BasicTypeRegistry - Adding type registration uuid-binary -> org.hibernate.type.BasicTypeReference@433e536f
10:24:05.288 [main] DEBUG org.hibernate.type.BasicTypeRegistry - Adding type registration uuid-char -> org.hibernate.type.BasicTypeReference@89c65d5
10:24:05.288 [main] DEBUG org.hibernate.type.BasicTypeRegistry - Adding type registration class -> org.hibernate.type.BasicTypeReference@faa3fed
10:24:05.288 [main] DEBUG org.hibernate.type.BasicTypeRegistry - Adding type registration java.lang.Class -> org.hibernate.type.BasicTypeReference@faa3fed
10:24:05.288 [main] DEBUG org.hibernate.type.BasicTypeRegistry - Adding type registration currency -> org.hibernate.type.BasicTypeReference@988246e
10:24:05.288 [main] DEBUG org.hibernate.type.BasicTypeRegistry - Adding type registration Currency -> org.hibernate.type.BasicTypeReference@988246e
10:24:05.288 [main] DEBUG org.hibernate.type.BasicTypeRegistry - Adding type registration java.util.Currency -> org.hibernate.type.BasicTypeReference@988246e
10:24:05.288 [main] DEBUG org.hibernate.type.BasicTypeRegistry - Adding type registration locale -> org.hibernate.type.BasicTypeReference@62515a47
10:24:05.288 [main] DEBUG org.hibernate.type.BasicTypeRegistry - Adding type registration java.util.Locale -> org.hibernate.type.BasicTypeReference@62515a47
10:24:05.288 [main] DEBUG org.hibernate.type.BasicTypeRegistry - Adding type registration serializable -> org.hibernate.type.BasicTypeReference@3c5a54b7
10:24:05.288 [main] DEBUG org.hibernate.type.BasicTypeRegistry - Adding type registration java.io.Serializable -> org.hibernate.type.BasicTypeReference@3c5a54b7
10:24:05.288 [main] DEBUG org.hibernate.type.BasicTypeRegistry - Adding type registration timezone -> org.hibernate.type.BasicTypeReference@61f2c3f0
10:24:05.288 [main] DEBUG org.hibernate.type.BasicTypeRegistry - Adding type registration java.util.TimeZone -> org.hibernate.type.BasicTypeReference@61f2c3f0
10:24:05.288 [main] DEBUG org.hibernate.type.BasicTypeRegistry - Adding type registration ZoneOffset -> org.hibernate.type.BasicTypeReference@291120f4
10:24:05.288 [main] DEBUG org.hibernate.type.BasicTypeRegistry - Adding type registration java.time.ZoneOffset -> org.hibernate.type.BasicTypeReference@291120f4
10:24:05.288 [main] DEBUG org.hibernate.type.BasicTypeRegistry - Adding type registration url -> org.hibernate.type.BasicTypeReference@417ad4f3
10:24:05.288 [main] DEBUG org.hibernate.type.BasicTypeRegistry - Adding type registration java.net.URL -> org.hibernate.type.BasicTypeReference@417ad4f3
10:24:05.288 [main] DEBUG org.hibernate.type.BasicTypeRegistry - Adding type registration vector -> org.hibernate.type.BasicTypeReference@2f6bcf87
10:24:05.288 [main] DEBUG org.hibernate.type.BasicTypeRegistry - Adding type registration row_version -> org.hibernate.type.BasicTypeReference@58f174d9
10:24:05.288 [main] DEBUG org.hibernate.type.BasicTypeRegistry - Adding type registration object -> org.hibernate.type.JavaObjectType@34237b90
10:24:05.288 [main] DEBUG org.hibernate.type.BasicTypeRegistry - Adding type registration java.lang.Object -> org.hibernate.type.JavaObjectType@34237b90
10:24:05.288 [main] DEBUG org.hibernate.type.BasicTypeRegistry - Adding type registration null -> org.hibernate.type.NullType@267bbe1a
10:24:05.288 [main] DEBUG org.hibernate.type.BasicTypeRegistry - Adding type registration imm_date -> org.hibernate.type.BasicTypeReference@287d9e0c
10:24:05.288 [main] DEBUG org.hibernate.type.BasicTypeRegistry - Adding type registration imm_time -> org.hibernate.type.BasicTypeReference@4cc1f8d3
10:24:05.288 [main] DEBUG org.hibernate.type.BasicTypeRegistry - Adding type registration imm_timestamp -> org.hibernate.type.BasicTypeReference@2a9eb44d
10:24:05.288 [main] DEBUG org.hibernate.type.BasicTypeRegistry - Adding type registration imm_calendar -> org.hibernate.type.BasicTypeReference@46135aba
10:24:05.288 [main] DEBUG org.hibernate.type.BasicTypeRegistry - Adding type registration imm_calendar_date -> org.hibernate.type.BasicTypeReference@25a218a
10:24:05.288 [main] DEBUG org.hibernate.type.BasicTypeRegistry - Adding type registration imm_calendar_time -> org.hibernate.type.BasicTypeReference@411e5672
10:24:05.288 [main] DEBUG org.hibernate.type.BasicTypeRegistry - Adding type registration imm_binary -> org.hibernate.type.BasicTypeReference@1efdaec0
10:24:05.288 [main] DEBUG org.hibernate.type.BasicTypeRegistry - Adding type registration imm_serializable -> org.hibernate.type.BasicTypeReference@42e7e12f
10:24:05.289 [main] DEBUG org.hibernate.boot.internal.BootstrapContextImpl - Injecting ScanEnvironment [org.hibernate.jpa.boot.internal.StandardJpaScanEnvironmentImpl@11e2de88] into BootstrapContext; was [null]
10:24:05.289 [main] DEBUG org.hibernate.boot.internal.BootstrapContextImpl - Injecting ScanOptions [org.hibernate.boot.archive.scan.internal.StandardScanOptions@227ca700] into BootstrapContext; was [org.hibernate.boot.archive.scan.internal.StandardScanOptions@51049621]
10:24:05.371 [main] DEBUG org.hibernate.boot.internal.BootstrapContextImpl - Injecting JPA temp ClassLoader [null] into BootstrapContext; was [null]
10:24:05.372 [main] DEBUG org.hibernate.boot.internal.ClassLoaderAccessImpl - ClassLoaderAccessImpl#injectTempClassLoader(null) [was null]
10:24:05.373 [main] INFO org.hibernate.engine.jdbc.connections.internal.ConnectionProviderInitiator - HHH000130: Instantiating explicit connection provider: org.hibernate.hikaricp.internal.HikariCPConnectionProvider
10:24:05.374 [main] DEBUG org.hibernate.hikaricp.internal.HikariCPConnectionProvider - Configuring HikariCP
10:24:05.375 [main] DEBUG com.zaxxer.hikari.HikariConfig - Driver class org.h2.Driver found in Thread context class loader jdk.internal.loader.ClassLoaders$AppClassLoader@70dea4e
10:24:05.375 [main] DEBUG com.zaxxer.hikari.HikariConfig - FRC-PM-HikariCP - configuration:
10:24:05.376 [main] DEBUG com.zaxxer.hikari.HikariConfig - allowPoolSuspension.............false
10:24:05.376 [main] DEBUG com.zaxxer.hikari.HikariConfig - autoCommit......................true
10:24:05.376 [main] DEBUG com.zaxxer.hikari.HikariConfig - catalog.........................none
10:24:05.376 [main] DEBUG com.zaxxer.hikari.HikariConfig - connectionInitSql...............none
10:24:05.376 [main] DEBUG com.zaxxer.hikari.HikariConfig - connectionTestQuery.............none
10:24:05.376 [main] DEBUG com.zaxxer.hikari.HikariConfig - connectionTimeout...............10000
10:24:05.377 [main] DEBUG com.zaxxer.hikari.HikariConfig - dataSource......................none
10:24:05.377 [main] DEBUG com.zaxxer.hikari.HikariConfig - dataSourceClassName.............none
10:24:05.377 [main] DEBUG com.zaxxer.hikari.HikariConfig - dataSourceJNDI..................none
10:24:05.377 [main] DEBUG com.zaxxer.hikari.HikariConfig - dataSourceProperties............{password=<masked>}
10:24:05.377 [main] DEBUG com.zaxxer.hikari.HikariConfig - driverClassName................."org.h2.Driver"
10:24:05.377 [main] DEBUG com.zaxxer.hikari.HikariConfig - exceptionOverrideClassName......none
10:24:05.377 [main] DEBUG com.zaxxer.hikari.HikariConfig - healthCheckProperties...........{}
10:24:05.377 [main] DEBUG com.zaxxer.hikari.HikariConfig - healthCheckRegistry.............none
10:24:05.377 [main] DEBUG com.zaxxer.hikari.HikariConfig - idleTimeout.....................30000
10:24:05.377 [main] DEBUG com.zaxxer.hikari.HikariConfig - initializationFailTimeout.......1
10:24:05.377 [main] DEBUG com.zaxxer.hikari.HikariConfig - isolateInternalQueries..........false
10:24:05.378 [main] DEBUG com.zaxxer.hikari.HikariConfig - jdbcUrl.........................jdbc:h2:file:C:\Users\dhiebert\.frcpm\frcpm
10:24:05.378 [main] DEBUG com.zaxxer.hikari.HikariConfig - keepaliveTime...................0
10:24:05.378 [main] DEBUG com.zaxxer.hikari.HikariConfig - leakDetectionThreshold..........0
10:24:05.378 [main] DEBUG com.zaxxer.hikari.HikariConfig - maxLifetime.....................1800000
10:24:05.378 [main] DEBUG com.zaxxer.hikari.HikariConfig - maximumPoolSize.................10
10:24:05.378 [main] DEBUG com.zaxxer.hikari.HikariConfig - metricRegistry..................none
10:24:05.378 [main] DEBUG com.zaxxer.hikari.HikariConfig - metricsTrackerFactory...........none
10:24:05.378 [main] DEBUG com.zaxxer.hikari.HikariConfig - minimumIdle.....................2
10:24:05.378 [main] DEBUG com.zaxxer.hikari.HikariConfig - password........................<masked>
10:24:05.378 [main] DEBUG com.zaxxer.hikari.HikariConfig - poolName........................"FRC-PM-HikariCP"
10:24:05.380 [main] DEBUG com.zaxxer.hikari.HikariConfig - readOnly........................false
10:24:05.380 [main] DEBUG com.zaxxer.hikari.HikariConfig - registerMbeans..................false
10:24:05.380 [main] DEBUG com.zaxxer.hikari.HikariConfig - scheduledExecutor...............none
10:24:05.380 [main] DEBUG com.zaxxer.hikari.HikariConfig - schema..........................none
10:24:05.380 [main] DEBUG com.zaxxer.hikari.HikariConfig - threadFactory...................internal
10:24:05.380 [main] DEBUG com.zaxxer.hikari.HikariConfig - transactionIsolation............default
10:24:05.380 [main] DEBUG com.zaxxer.hikari.HikariConfig - username........................"sa"
10:24:05.380 [main] DEBUG com.zaxxer.hikari.HikariConfig - validationTimeout...............5000
10:24:05.382 [main] INFO com.zaxxer.hikari.HikariDataSource - FRC-PM-HikariCP - Starting...
10:24:05.402 [main] INFO com.zaxxer.hikari.pool.HikariPool - FRC-PM-HikariCP - Added connection conn4: url=jdbc:h2:file:C:\Users\dhiebert\.frcpm\frcpm user=SA
10:24:05.403 [main] INFO com.zaxxer.hikari.HikariDataSource - FRC-PM-HikariCP - Start completed.
10:24:05.404 [main] DEBUG org.hibernate.hikaricp.internal.HikariCPConnectionProvider - HikariCP Configured
10:24:05.404 [main] DEBUG org.hibernate.engine.jdbc.env.internal.JdbcEnvironmentInitiator - Database ->
	   name : H2
	version : 2.2.224 (2023-09-17)
	  major : 2
	  minor : 2
10:24:05.404 [main] DEBUG org.hibernate.engine.jdbc.env.internal.JdbcEnvironmentInitiator - Driver ->
	   name : H2 JDBC Driver
	version : 2.2.224 (2023-09-17)
	  major : 2
	  minor : 2
10:24:05.404 [main] DEBUG org.hibernate.engine.jdbc.env.internal.JdbcEnvironmentInitiator - JDBC version : 4.2
10:24:05.405 [main] WARN org.hibernate.orm.deprecation - HHH90000025: H2Dialect does not need to be specified explicitly using 'hibernate.dialect' (remove the property setting and it will be selected by default)
10:24:05.405 [main] DEBUG org.hibernate.orm.dialect - HHH035001: Using dialect: org.hibernate.dialect.H2Dialect, version: 2.2.224
10:24:05.405 [main] DEBUG org.hibernate.engine.jdbc.env.spi.IdentifierHelperBuilder - JDBC driver metadata reported database stores quoted identifiers in neither upper, lower nor mixed case
10:24:05.407 [main] DEBUG org.hibernate.type.descriptor.jdbc.spi.JdbcTypeRegistry - addDescriptor(NCharTypeDescriptor) replaced previous registration(CharTypeDescriptor)
10:24:05.407 [main] DEBUG org.hibernate.type.descriptor.jdbc.spi.JdbcTypeRegistry - addDescriptor(NVarcharTypeDescriptor) replaced previous registration(VarcharTypeDescriptor)
10:24:05.407 [main] DEBUG org.hibernate.type.descriptor.jdbc.spi.JdbcTypeRegistry - addDescriptor(LongNVarcharTypeDescriptor) replaced previous registration(LongVarcharTypeDescriptor)
10:24:05.407 [main] DEBUG org.hibernate.type.descriptor.jdbc.spi.JdbcTypeRegistry - addDescriptor(NClobTypeDescriptor(DEFAULT)) replaced previous registration(ClobTypeDescriptor(DEFAULT))
10:24:05.407 [main] DEBUG org.hibernate.type.descriptor.jdbc.spi.JdbcTypeRegistry - addDescriptor(2005, ClobTypeDescriptor(STREAM_BINDING)) replaced previous registration(ClobTypeDescriptor(DEFAULT))
10:24:05.407 [main] DEBUG org.hibernate.type.descriptor.jdbc.spi.JdbcTypeRegistry - addDescriptor(TimestampUtcDescriptor) replaced previous registration(TimestampUtcDescriptor)
10:24:05.407 [main] DEBUG org.hibernate.type.BasicTypeRegistry - Adding type registration org.hibernate.type.DurationType -> basicType@47(java.time.Duration,3015)
10:24:05.407 [main] DEBUG org.hibernate.type.BasicTypeRegistry - Adding type registration Duration -> basicType@47(java.time.Duration,3015)
10:24:05.407 [main] DEBUG org.hibernate.type.BasicTypeRegistry - Adding type registration java.time.Duration -> basicType@47(java.time.Duration,3015)
10:24:05.407 [main] DEBUG org.hibernate.type.spi.TypeConfiguration$Scope - Scoping TypeConfiguration [org.hibernate.type.spi.TypeConfiguration@6f88319b] to MetadataBuildingContext [org.hibernate.boot.internal.MetadataBuildingContextRootImpl@1e25f6]
10:24:05.408 [main] DEBUG org.hibernate.boot.model.relational.Namespace - Created database namespace [logicalName=Name{catalog=null, schema=null}, physicalName=Name{catalog=null, schema=null}]
10:24:05.412 [main] DEBUG org.hibernate.boot.model.internal.EntityBinder - Binding entity from annotated class: org.frcpm.models.Attendance
10:24:05.412 [main] DEBUG org.hibernate.boot.model.internal.EntityBinder - Import with entity name Attendance
10:24:05.412 [main] DEBUG org.hibernate.boot.model.internal.EntityBinder - Bind entity org.frcpm.models.Attendance on table attendances
10:24:05.412 [main] DEBUG org.hibernate.boot.model.internal.AnnotatedColumn - Binding column: AnnotatedDiscriminatorColumn(column='DTYPE')
10:24:05.414 [main] DEBUG org.hibernate.boot.model.internal.AnnotatedColumn - Binding column: AnnotatedColumn()
10:24:05.414 [main] DEBUG org.hibernate.boot.internal.ClassLoaderAccessImpl - Not known whether passed class name [org.frcpm.models.Attendance] is safe
10:24:05.414 [main] DEBUG org.hibernate.boot.internal.ClassLoaderAccessImpl - No temp ClassLoader provided; using live ClassLoader for loading potentially unsafe class : org.frcpm.models.Attendance
10:24:05.415 [main] DEBUG org.hibernate.boot.model.internal.PropertyBinder - MetadataSourceProcessor property id with lazy=false
10:24:05.415 [main] DEBUG org.hibernate.boot.model.internal.AbstractPropertyHolder - Attempting to locate auto-apply AttributeConverter for property [org.frcpm.models.Attendance:id]
10:24:05.415 [main] DEBUG org.hibernate.boot.model.internal.BasicValueBinder - building BasicValue for id
10:24:05.415 [main] DEBUG org.hibernate.mapping.BasicValue - Skipping column re-registration: attendances.id
10:24:05.415 [main] DEBUG org.hibernate.boot.model.internal.PropertyBinder - Building property id
10:24:05.415 [main] DEBUG org.hibernate.boot.model.internal.BinderHelper - #makeIdGenerator(BasicValue([Column(id)]), id, identity, , ...)
10:24:05.415 [main] DEBUG org.hibernate.boot.model.internal.AnnotatedColumn - Binding column: AnnotatedColumn(column='arrival_time')
10:24:05.415 [main] DEBUG org.hibernate.boot.model.internal.PropertyBinder - MetadataSourceProcessor property arrivalTime with lazy=false
10:24:05.417 [main] DEBUG org.hibernate.boot.model.internal.AbstractPropertyHolder - Attempting to locate auto-apply AttributeConverter for property [org.frcpm.models.Attendance:arrivalTime]
10:24:05.417 [main] DEBUG org.hibernate.boot.model.internal.BasicValueBinder - building BasicValue for arrivalTime
10:24:05.417 [main] DEBUG org.hibernate.mapping.BasicValue - Skipping column re-registration: attendances.arrival_time
10:24:05.417 [main] DEBUG org.hibernate.boot.model.internal.PropertyBinder - Building property arrivalTime
10:24:05.417 [main] DEBUG org.hibernate.boot.model.internal.AnnotatedColumn - Binding column: AnnotatedColumn(column='departure_time')
10:24:05.417 [main] DEBUG org.hibernate.boot.model.internal.PropertyBinder - MetadataSourceProcessor property departureTime with lazy=false
10:24:05.417 [main] DEBUG org.hibernate.boot.model.internal.AbstractPropertyHolder - Attempting to locate auto-apply AttributeConverter for property [org.frcpm.models.Attendance:departureTime]
10:24:05.417 [main] DEBUG org.hibernate.boot.model.internal.BasicValueBinder - building BasicValue for departureTime
10:24:05.417 [main] DEBUG org.hibernate.mapping.BasicValue - Skipping column re-registration: attendances.departure_time
10:24:05.417 [main] DEBUG org.hibernate.boot.model.internal.PropertyBinder - Building property departureTime
10:24:05.418 [main] DEBUG org.hibernate.boot.model.internal.AnnotatedColumn - Binding column: AnnotatedJoinColumn(column='meeting_id')
10:24:05.418 [main] DEBUG org.hibernate.boot.model.internal.AnnotatedColumn - Binding column: AnnotatedColumn()
10:24:05.419 [main] DEBUG org.hibernate.boot.model.internal.PropertyBinder - Building property meeting
10:24:05.419 [main] DEBUG org.hibernate.boot.model.internal.AnnotatedColumn - Binding column: AnnotatedJoinColumn(column='member_id')
10:24:05.419 [main] DEBUG org.hibernate.boot.model.internal.AnnotatedColumn - Binding column: AnnotatedColumn()
10:24:05.419 [main] DEBUG org.hibernate.boot.model.internal.PropertyBinder - Building property member
10:24:05.419 [main] DEBUG org.hibernate.boot.model.internal.AnnotatedColumn - Binding column: AnnotatedColumn(column='present')
10:24:05.419 [main] DEBUG org.hibernate.boot.model.internal.PropertyBinder - MetadataSourceProcessor property present with lazy=false
10:24:05.419 [main] DEBUG org.hibernate.boot.model.internal.AbstractPropertyHolder - Attempting to locate auto-apply AttributeConverter for property [org.frcpm.models.Attendance:present]
10:24:05.419 [main] DEBUG org.hibernate.boot.model.internal.BasicValueBinder - building BasicValue for present
10:24:05.419 [main] DEBUG org.hibernate.mapping.BasicValue - Skipping column re-registration: attendances.present
10:24:05.421 [main] DEBUG org.hibernate.boot.model.internal.PropertyBinder - Building property present
10:24:05.422 [main] DEBUG org.hibernate.boot.registry.classloading.internal.ClassLoaderServiceImpl - HHH000194: Package not found or no package-info.java: org.frcpm.models
10:24:05.423 [main] DEBUG org.hibernate.boot.model.internal.EntityBinder - Binding entity from annotated class: org.frcpm.models.Meeting
10:24:05.423 [main] DEBUG org.hibernate.boot.model.internal.EntityBinder - Import with entity name Meeting
10:24:05.423 [main] DEBUG org.hibernate.boot.model.internal.EntityBinder - Bind entity org.frcpm.models.Meeting on table meetings
10:24:05.423 [main] DEBUG org.hibernate.boot.model.internal.AnnotatedColumn - Binding column: AnnotatedDiscriminatorColumn(column='DTYPE')
10:24:05.424 [main] DEBUG org.hibernate.boot.model.internal.AnnotatedColumn - Binding column: AnnotatedColumn()
10:24:05.424 [main] DEBUG org.hibernate.boot.internal.ClassLoaderAccessImpl - Not known whether passed class name [org.frcpm.models.Meeting] is safe
10:24:05.425 [main] DEBUG org.hibernate.boot.internal.ClassLoaderAccessImpl - No temp ClassLoader provided; using live ClassLoader for loading potentially unsafe class : org.frcpm.models.Meeting
10:24:05.425 [main] DEBUG org.hibernate.boot.model.internal.PropertyBinder - MetadataSourceProcessor property id with lazy=false
10:24:05.425 [main] DEBUG org.hibernate.boot.model.internal.AbstractPropertyHolder - Attempting to locate auto-apply AttributeConverter for property [org.frcpm.models.Meeting:id]
10:24:05.425 [main] DEBUG org.hibernate.boot.model.internal.BasicValueBinder - building BasicValue for id
10:24:05.425 [main] DEBUG org.hibernate.mapping.BasicValue - Skipping column re-registration: meetings.id
10:24:05.425 [main] DEBUG org.hibernate.boot.model.internal.PropertyBinder - Building property id
10:24:05.425 [main] DEBUG org.hibernate.boot.model.internal.BinderHelper - #makeIdGenerator(BasicValue([Column(id)]), id, identity, , ...)
10:24:05.426 [main] DEBUG org.hibernate.boot.model.internal.AnnotatedColumn - Binding column: AnnotatedJoinColumn()
10:24:05.426 [main] DEBUG org.hibernate.boot.model.internal.AnnotatedColumn - Binding column: AnnotatedColumn()
10:24:05.426 [main] DEBUG org.hibernate.boot.model.internal.AnnotatedColumn - Binding column: IndexColumn(column='attendances_ORDER')
10:24:05.426 [main] DEBUG org.hibernate.boot.model.internal.AnnotatedColumn - Binding column: AnnotatedColumn()
10:24:05.426 [main] DEBUG org.hibernate.boot.model.internal.AnnotatedColumn - Binding column: AnnotatedColumn(column='attendances_KEY')
10:24:05.426 [main] DEBUG org.hibernate.boot.model.internal.AnnotatedColumn - Binding column: AnnotatedJoinColumn(column='attendances_KEY')
10:24:05.426 [main] DEBUG org.hibernate.boot.model.internal.AnnotatedColumn - Binding column: AnnotatedJoinColumn()
10:24:05.426 [main] DEBUG org.hibernate.boot.model.internal.AnnotatedColumn - Binding column: AnnotatedJoinColumn()
10:24:05.426 [main] DEBUG org.hibernate.boot.model.internal.CollectionBinder - Collection role: org.frcpm.models.Meeting.attendances
10:24:05.427 [main] DEBUG org.hibernate.boot.model.internal.PropertyBinder - Building property attendances
10:24:05.427 [main] DEBUG org.hibernate.boot.model.internal.AnnotatedColumn - Binding column: AnnotatedColumn(column='date')
10:24:05.427 [main] DEBUG org.hibernate.boot.model.internal.PropertyBinder - MetadataSourceProcessor property date with lazy=false
10:24:05.427 [main] DEBUG org.hibernate.boot.model.internal.AbstractPropertyHolder - Attempting to locate auto-apply AttributeConverter for property [org.frcpm.models.Meeting:date]
10:24:05.427 [main] DEBUG org.hibernate.boot.model.internal.BasicValueBinder - building BasicValue for date
10:24:05.427 [main] DEBUG org.hibernate.mapping.BasicValue - Skipping column re-registration: meetings.date
10:24:05.427 [main] DEBUG org.hibernate.boot.model.internal.PropertyBinder - Building property date
10:24:05.427 [main] DEBUG org.hibernate.boot.model.internal.AnnotatedColumn - Binding column: AnnotatedColumn(column='end_time')
10:24:05.427 [main] DEBUG org.hibernate.boot.model.internal.PropertyBinder - MetadataSourceProcessor property endTime with lazy=false
10:24:05.427 [main] DEBUG org.hibernate.boot.model.internal.AbstractPropertyHolder - Attempting to locate auto-apply AttributeConverter for property [org.frcpm.models.Meeting:endTime]
10:24:05.427 [main] DEBUG org.hibernate.boot.model.internal.BasicValueBinder - building BasicValue for endTime
10:24:05.427 [main] DEBUG org.hibernate.mapping.BasicValue - Skipping column re-registration: meetings.end_time
10:24:05.427 [main] DEBUG org.hibernate.boot.model.internal.PropertyBinder - Building property endTime
10:24:05.427 [main] DEBUG org.hibernate.boot.model.internal.AnnotatedColumn - Binding column: AnnotatedColumn(column='notes')
10:24:05.427 [main] DEBUG org.hibernate.boot.model.internal.PropertyBinder - MetadataSourceProcessor property notes with lazy=false
10:24:05.427 [main] DEBUG org.hibernate.boot.model.internal.AbstractPropertyHolder - Attempting to locate auto-apply AttributeConverter for property [org.frcpm.models.Meeting:notes]
10:24:05.427 [main] DEBUG org.hibernate.boot.model.internal.BasicValueBinder - building BasicValue for notes
10:24:05.427 [main] DEBUG org.hibernate.mapping.BasicValue - Skipping column re-registration: meetings.notes
10:24:05.427 [main] DEBUG org.hibernate.boot.model.internal.PropertyBinder - Building property notes
10:24:05.427 [main] DEBUG org.hibernate.boot.model.internal.AnnotatedColumn - Binding column: AnnotatedJoinColumn(column='project_id')
10:24:05.427 [main] DEBUG org.hibernate.boot.model.internal.AnnotatedColumn - Binding column: AnnotatedColumn()
10:24:05.427 [main] DEBUG org.hibernate.boot.model.internal.PropertyBinder - Building property project
10:24:05.427 [main] DEBUG org.hibernate.boot.model.internal.AnnotatedColumn - Binding column: AnnotatedColumn(column='start_time')
10:24:05.427 [main] DEBUG org.hibernate.boot.model.internal.PropertyBinder - MetadataSourceProcessor property startTime with lazy=false
10:24:05.427 [main] DEBUG org.hibernate.boot.model.internal.AbstractPropertyHolder - Attempting to locate auto-apply AttributeConverter for property [org.frcpm.models.Meeting:startTime]
10:24:05.427 [main] DEBUG org.hibernate.boot.model.internal.BasicValueBinder - building BasicValue for startTime
10:24:05.427 [main] DEBUG org.hibernate.mapping.BasicValue - Skipping column re-registration: meetings.start_time
10:24:05.428 [main] DEBUG org.hibernate.boot.model.internal.PropertyBinder - Building property startTime
10:24:05.428 [main] DEBUG org.hibernate.boot.registry.classloading.internal.ClassLoaderServiceImpl - HHH000194: Package not found or no package-info.java: org.frcpm.models
10:24:05.429 [main] DEBUG org.hibernate.boot.model.internal.EntityBinder - Binding entity from annotated class: org.frcpm.models.Subsystem
10:24:05.429 [main] DEBUG org.hibernate.boot.model.internal.EntityBinder - Import with entity name Subsystem
10:24:05.429 [main] DEBUG org.hibernate.boot.model.internal.EntityBinder - Bind entity org.frcpm.models.Subsystem on table subsystems
10:24:05.430 [main] DEBUG org.hibernate.boot.model.internal.AnnotatedColumn - Binding column: AnnotatedDiscriminatorColumn(column='DTYPE')
10:24:05.431 [main] DEBUG org.hibernate.boot.model.internal.AnnotatedColumn - Binding column: AnnotatedColumn()
10:24:05.431 [main] DEBUG org.hibernate.boot.internal.ClassLoaderAccessImpl - Not known whether passed class name [org.frcpm.models.Subsystem] is safe
10:24:05.431 [main] DEBUG org.hibernate.boot.internal.ClassLoaderAccessImpl - No temp ClassLoader provided; using live ClassLoader for loading potentially unsafe class : org.frcpm.models.Subsystem
10:24:05.431 [main] DEBUG org.hibernate.boot.model.internal.PropertyBinder - MetadataSourceProcessor property id with lazy=false
10:24:05.431 [main] DEBUG org.hibernate.boot.model.internal.AbstractPropertyHolder - Attempting to locate auto-apply AttributeConverter for property [org.frcpm.models.Subsystem:id]
10:24:05.431 [main] DEBUG org.hibernate.boot.model.internal.BasicValueBinder - building BasicValue for id
10:24:05.431 [main] DEBUG org.hibernate.mapping.BasicValue - Skipping column re-registration: subsystems.id
10:24:05.431 [main] DEBUG org.hibernate.boot.model.internal.PropertyBinder - Building property id
10:24:05.431 [main] DEBUG org.hibernate.boot.model.internal.BinderHelper - #makeIdGenerator(BasicValue([Column(id)]), id, identity, , ...)
10:24:05.431 [main] DEBUG org.hibernate.boot.model.internal.AnnotatedColumn - Binding column: AnnotatedColumn(column='description')
10:24:05.431 [main] DEBUG org.hibernate.boot.model.internal.PropertyBinder - MetadataSourceProcessor property description with lazy=false
10:24:05.431 [main] DEBUG org.hibernate.boot.model.internal.AbstractPropertyHolder - Attempting to locate auto-apply AttributeConverter for property [org.frcpm.models.Subsystem:description]
10:24:05.431 [main] DEBUG org.hibernate.boot.model.internal.BasicValueBinder - building BasicValue for description
10:24:05.431 [main] DEBUG org.hibernate.mapping.BasicValue - Skipping column re-registration: subsystems.description
10:24:05.431 [main] DEBUG org.hibernate.boot.model.internal.PropertyBinder - Building property description
10:24:05.432 [main] DEBUG org.hibernate.boot.model.internal.AnnotatedColumn - Binding column: AnnotatedColumn(column='name')
10:24:05.432 [main] DEBUG org.hibernate.boot.model.internal.PropertyBinder - MetadataSourceProcessor property name with lazy=false
10:24:05.432 [main] DEBUG org.hibernate.boot.model.internal.AbstractPropertyHolder - Attempting to locate auto-apply AttributeConverter for property [org.frcpm.models.Subsystem:name]
10:24:05.432 [main] DEBUG org.hibernate.boot.model.internal.BasicValueBinder - building BasicValue for name
10:24:05.432 [main] DEBUG org.hibernate.mapping.BasicValue - Skipping column re-registration: subsystems.name
10:24:05.432 [main] DEBUG org.hibernate.boot.model.internal.PropertyBinder - Building property name
10:24:05.432 [main] DEBUG org.hibernate.boot.model.internal.AnnotatedColumn - Binding column: AnnotatedJoinColumn(column='responsible_subteam_id')
10:24:05.432 [main] DEBUG org.hibernate.boot.model.internal.AnnotatedColumn - Binding column: AnnotatedColumn()
10:24:05.432 [main] DEBUG org.hibernate.boot.model.internal.PropertyBinder - Building property responsibleSubteam
10:24:05.432 [main] DEBUG org.hibernate.boot.model.internal.AnnotatedColumn - Binding column: AnnotatedColumn(column='status')
10:24:05.432 [main] DEBUG org.hibernate.boot.model.internal.PropertyBinder - MetadataSourceProcessor property status with lazy=false
10:24:05.432 [main] DEBUG org.hibernate.boot.model.internal.AbstractPropertyHolder - Attempting to locate auto-apply AttributeConverter for property [org.frcpm.models.Subsystem:status]
10:24:05.432 [main] DEBUG org.hibernate.boot.model.internal.BasicValueBinder - building BasicValue for status
10:24:05.432 [main] DEBUG org.hibernate.mapping.BasicValue - Skipping column re-registration: subsystems.status
10:24:05.432 [main] DEBUG org.hibernate.boot.model.internal.PropertyBinder - Building property status
10:24:05.432 [main] DEBUG org.hibernate.boot.model.internal.AnnotatedColumn - Binding column: AnnotatedJoinColumn()
10:24:05.432 [main] DEBUG org.hibernate.boot.model.internal.AnnotatedColumn - Binding column: AnnotatedColumn()
10:24:05.432 [main] DEBUG org.hibernate.boot.model.internal.AnnotatedColumn - Binding column: IndexColumn(column='tasks_ORDER')
10:24:05.432 [main] DEBUG org.hibernate.boot.model.internal.AnnotatedColumn - Binding column: AnnotatedColumn()
10:24:05.432 [main] DEBUG org.hibernate.boot.model.internal.AnnotatedColumn - Binding column: AnnotatedColumn(column='tasks_KEY')
10:24:05.432 [main] DEBUG org.hibernate.boot.model.internal.AnnotatedColumn - Binding column: AnnotatedJoinColumn(column='tasks_KEY')
10:24:05.432 [main] DEBUG org.hibernate.boot.model.internal.AnnotatedColumn - Binding column: AnnotatedJoinColumn()
10:24:05.432 [main] DEBUG org.hibernate.boot.model.internal.AnnotatedColumn - Binding column: AnnotatedJoinColumn()
10:24:05.432 [main] DEBUG org.hibernate.boot.model.internal.CollectionBinder - Collection role: org.frcpm.models.Subsystem.tasks
10:24:05.432 [main] DEBUG org.hibernate.boot.model.internal.PropertyBinder - Building property tasks
10:24:05.435 [main] DEBUG org.hibernate.boot.registry.classloading.internal.ClassLoaderServiceImpl - HHH000194: Package not found or no package-info.java: org.frcpm.models
10:24:05.435 [main] DEBUG org.hibernate.boot.model.internal.EntityBinder - Binding entity from annotated class: org.frcpm.models.Component
10:24:05.436 [main] DEBUG org.hibernate.boot.model.internal.EntityBinder - Import with entity name Component
10:24:05.436 [main] DEBUG org.hibernate.boot.model.internal.EntityBinder - Bind entity org.frcpm.models.Component on table components
10:24:05.436 [main] DEBUG org.hibernate.boot.model.internal.AnnotatedColumn - Binding column: AnnotatedDiscriminatorColumn(column='DTYPE')
10:24:05.438 [main] DEBUG org.hibernate.boot.model.internal.AnnotatedColumn - Binding column: AnnotatedColumn()
10:24:05.438 [main] DEBUG org.hibernate.boot.internal.ClassLoaderAccessImpl - Not known whether passed class name [org.frcpm.models.Component] is safe
10:24:05.438 [main] DEBUG org.hibernate.boot.internal.ClassLoaderAccessImpl - No temp ClassLoader provided; using live ClassLoader for loading potentially unsafe class : org.frcpm.models.Component
10:24:05.438 [main] DEBUG org.hibernate.boot.model.internal.PropertyBinder - MetadataSourceProcessor property id with lazy=false
10:24:05.438 [main] DEBUG org.hibernate.boot.model.internal.AbstractPropertyHolder - Attempting to locate auto-apply AttributeConverter for property [org.frcpm.models.Component:id]
10:24:05.439 [main] DEBUG org.hibernate.boot.model.internal.BasicValueBinder - building BasicValue for id
10:24:05.439 [main] DEBUG org.hibernate.mapping.BasicValue - Skipping column re-registration: components.id
10:24:05.439 [main] DEBUG org.hibernate.boot.model.internal.PropertyBinder - Building property id
10:24:05.439 [main] DEBUG org.hibernate.boot.model.internal.BinderHelper - #makeIdGenerator(BasicValue([Column(id)]), id, identity, , ...)
10:24:05.439 [main] DEBUG org.hibernate.boot.model.internal.AnnotatedColumn - Binding column: AnnotatedColumn(column='actual_delivery')
10:24:05.439 [main] DEBUG org.hibernate.boot.model.internal.PropertyBinder - MetadataSourceProcessor property actualDelivery with lazy=false
10:24:05.439 [main] DEBUG org.hibernate.boot.model.internal.AbstractPropertyHolder - Attempting to locate auto-apply AttributeConverter for property [org.frcpm.models.Component:actualDelivery]
10:24:05.439 [main] DEBUG org.hibernate.boot.model.internal.BasicValueBinder - building BasicValue for actualDelivery
10:24:05.439 [main] DEBUG org.hibernate.mapping.BasicValue - Skipping column re-registration: components.actual_delivery
10:24:05.439 [main] DEBUG org.hibernate.boot.model.internal.PropertyBinder - Building property actualDelivery
10:24:05.439 [main] DEBUG org.hibernate.boot.model.internal.AnnotatedColumn - Binding column: AnnotatedColumn(column='is_delivered')
10:24:05.439 [main] DEBUG org.hibernate.boot.model.internal.PropertyBinder - MetadataSourceProcessor property delivered with lazy=false
10:24:05.439 [main] DEBUG org.hibernate.boot.model.internal.AbstractPropertyHolder - Attempting to locate auto-apply AttributeConverter for property [org.frcpm.models.Component:delivered]
10:24:05.439 [main] DEBUG org.hibernate.boot.model.internal.BasicValueBinder - building BasicValue for delivered
10:24:05.440 [main] DEBUG org.hibernate.mapping.BasicValue - Skipping column re-registration: components.is_delivered
10:24:05.440 [main] DEBUG org.hibernate.boot.model.internal.PropertyBinder - Building property delivered
10:24:05.440 [main] DEBUG org.hibernate.boot.model.internal.AnnotatedColumn - Binding column: AnnotatedColumn(column='description')
10:24:05.440 [main] DEBUG org.hibernate.boot.model.internal.PropertyBinder - MetadataSourceProcessor property description with lazy=false
10:24:05.440 [main] DEBUG org.hibernate.boot.model.internal.AbstractPropertyHolder - Attempting to locate auto-apply AttributeConverter for property [org.frcpm.models.Component:description]
10:24:05.440 [main] DEBUG org.hibernate.boot.model.internal.BasicValueBinder - building BasicValue for description
10:24:05.440 [main] DEBUG org.hibernate.mapping.BasicValue - Skipping column re-registration: components.description
10:24:05.440 [main] DEBUG org.hibernate.boot.model.internal.PropertyBinder - Building property description
10:24:05.440 [main] DEBUG org.hibernate.boot.model.internal.AnnotatedColumn - Binding column: AnnotatedColumn(column='expected_delivery')
10:24:05.440 [main] DEBUG org.hibernate.boot.model.internal.PropertyBinder - MetadataSourceProcessor property expectedDelivery with lazy=false
10:24:05.440 [main] DEBUG org.hibernate.boot.model.internal.AbstractPropertyHolder - Attempting to locate auto-apply AttributeConverter for property [org.frcpm.models.Component:expectedDelivery]
10:24:05.440 [main] DEBUG org.hibernate.boot.model.internal.BasicValueBinder - building BasicValue for expectedDelivery
10:24:05.440 [main] DEBUG org.hibernate.mapping.BasicValue - Skipping column re-registration: components.expected_delivery
10:24:05.440 [main] DEBUG org.hibernate.boot.model.internal.PropertyBinder - Building property expectedDelivery
10:24:05.440 [main] DEBUG org.hibernate.boot.model.internal.AnnotatedColumn - Binding column: AnnotatedColumn(column='name')
10:24:05.440 [main] DEBUG org.hibernate.boot.model.internal.PropertyBinder - MetadataSourceProcessor property name with lazy=false
10:24:05.440 [main] DEBUG org.hibernate.boot.model.internal.AbstractPropertyHolder - Attempting to locate auto-apply AttributeConverter for property [org.frcpm.models.Component:name]
10:24:05.440 [main] DEBUG org.hibernate.boot.model.internal.BasicValueBinder - building BasicValue for name
10:24:05.440 [main] DEBUG org.hibernate.mapping.BasicValue - Skipping column re-registration: components.name
10:24:05.440 [main] DEBUG org.hibernate.boot.model.internal.PropertyBinder - Building property name
10:24:05.441 [main] DEBUG org.hibernate.boot.model.internal.AnnotatedColumn - Binding column: AnnotatedColumn(column='part_number')
10:24:05.441 [main] DEBUG org.hibernate.boot.model.internal.PropertyBinder - MetadataSourceProcessor property partNumber with lazy=false
10:24:05.441 [main] DEBUG org.hibernate.boot.model.internal.AbstractPropertyHolder - Attempting to locate auto-apply AttributeConverter for property [org.frcpm.models.Component:partNumber]
10:24:05.441 [main] DEBUG org.hibernate.boot.model.internal.BasicValueBinder - building BasicValue for partNumber
10:24:05.441 [main] DEBUG org.hibernate.mapping.BasicValue - Skipping column re-registration: components.part_number
10:24:05.441 [main] DEBUG org.hibernate.boot.model.internal.PropertyBinder - Building property partNumber
10:24:05.442 [main] DEBUG org.hibernate.boot.model.internal.AnnotatedColumn - Binding column: IndexColumn(column='requiredForTasks_ORDER')
10:24:05.442 [main] DEBUG org.hibernate.boot.model.internal.AnnotatedColumn - Binding column: AnnotatedColumn()
10:24:05.442 [main] DEBUG org.hibernate.boot.model.internal.AnnotatedColumn - Binding column: AnnotatedColumn(column='requiredForTasks_KEY')
10:24:05.442 [main] DEBUG org.hibernate.boot.model.internal.AnnotatedColumn - Binding column: AnnotatedJoinColumn(column='requiredForTasks_KEY')
10:24:05.442 [main] DEBUG org.hibernate.boot.model.internal.AnnotatedColumn - Binding column: AnnotatedJoinColumn()
10:24:05.442 [main] DEBUG org.hibernate.boot.model.internal.AnnotatedColumn - Binding column: AnnotatedJoinColumn()
10:24:05.442 [main] DEBUG org.hibernate.boot.model.internal.CollectionBinder - Collection role: org.frcpm.models.Component.requiredForTasks
10:24:05.442 [main] DEBUG org.hibernate.boot.model.internal.PropertyBinder - Building property requiredForTasks
10:24:05.444 [main] DEBUG org.hibernate.boot.registry.classloading.internal.ClassLoaderServiceImpl - HHH000194: Package not found or no package-info.java: org.frcpm.models
10:24:05.445 [main] DEBUG org.hibernate.boot.model.internal.EntityBinder - Binding entity from annotated class: org.frcpm.models.Milestone
10:24:05.446 [main] DEBUG org.hibernate.boot.model.internal.EntityBinder - Import with entity name Milestone
10:24:05.446 [main] DEBUG org.hibernate.boot.model.internal.EntityBinder - Bind entity org.frcpm.models.Milestone on table milestones
10:24:05.446 [main] DEBUG org.hibernate.boot.model.internal.AnnotatedColumn - Binding column: AnnotatedDiscriminatorColumn(column='DTYPE')
10:24:05.447 [main] DEBUG org.hibernate.boot.model.internal.AnnotatedColumn - Binding column: AnnotatedColumn()
10:24:05.448 [main] DEBUG org.hibernate.boot.internal.ClassLoaderAccessImpl - Not known whether passed class name [org.frcpm.models.Milestone] is safe
10:24:05.448 [main] DEBUG org.hibernate.boot.internal.ClassLoaderAccessImpl - No temp ClassLoader provided; using live ClassLoader for loading potentially unsafe class : org.frcpm.models.Milestone
10:24:05.448 [main] DEBUG org.hibernate.boot.model.internal.PropertyBinder - MetadataSourceProcessor property id with lazy=false
10:24:05.448 [main] DEBUG org.hibernate.boot.model.internal.AbstractPropertyHolder - Attempting to locate auto-apply AttributeConverter for property [org.frcpm.models.Milestone:id]
10:24:05.448 [main] DEBUG org.hibernate.boot.model.internal.BasicValueBinder - building BasicValue for id
10:24:05.448 [main] DEBUG org.hibernate.mapping.BasicValue - Skipping column re-registration: milestones.id
10:24:05.448 [main] DEBUG org.hibernate.boot.model.internal.PropertyBinder - Building property id
10:24:05.448 [main] DEBUG org.hibernate.boot.model.internal.BinderHelper - #makeIdGenerator(BasicValue([Column(id)]), id, identity, , ...)
10:24:05.448 [main] DEBUG org.hibernate.boot.model.internal.AnnotatedColumn - Binding column: AnnotatedColumn(column='date')
10:24:05.448 [main] DEBUG org.hibernate.boot.model.internal.PropertyBinder - MetadataSourceProcessor property date with lazy=false
10:24:05.448 [main] DEBUG org.hibernate.boot.model.internal.AbstractPropertyHolder - Attempting to locate auto-apply AttributeConverter for property [org.frcpm.models.Milestone:date]
10:24:05.448 [main] DEBUG org.hibernate.boot.model.internal.BasicValueBinder - building BasicValue for date
10:24:05.448 [main] DEBUG org.hibernate.mapping.BasicValue - Skipping column re-registration: milestones.date
10:24:05.449 [main] DEBUG org.hibernate.boot.model.internal.PropertyBinder - Building property date
10:24:05.449 [main] DEBUG org.hibernate.boot.model.internal.AnnotatedColumn - Binding column: AnnotatedColumn(column='description')
10:24:05.449 [main] DEBUG org.hibernate.boot.model.internal.PropertyBinder - MetadataSourceProcessor property description with lazy=false
10:24:05.449 [main] DEBUG org.hibernate.boot.model.internal.AbstractPropertyHolder - Attempting to locate auto-apply AttributeConverter for property [org.frcpm.models.Milestone:description]
10:24:05.449 [main] DEBUG org.hibernate.boot.model.internal.BasicValueBinder - building BasicValue for description
10:24:05.449 [main] DEBUG org.hibernate.mapping.BasicValue - Skipping column re-registration: milestones.description
10:24:05.449 [main] DEBUG org.hibernate.boot.model.internal.PropertyBinder - Building property description
10:24:05.449 [main] DEBUG org.hibernate.boot.model.internal.AnnotatedColumn - Binding column: AnnotatedColumn(column='name')
10:24:05.449 [main] DEBUG org.hibernate.boot.model.internal.PropertyBinder - MetadataSourceProcessor property name with lazy=false
10:24:05.449 [main] DEBUG org.hibernate.boot.model.internal.AbstractPropertyHolder - Attempting to locate auto-apply AttributeConverter for property [org.frcpm.models.Milestone:name]
10:24:05.449 [main] DEBUG org.hibernate.boot.model.internal.BasicValueBinder - building BasicValue for name
10:24:05.449 [main] DEBUG org.hibernate.mapping.BasicValue - Skipping column re-registration: milestones.name
10:24:05.449 [main] DEBUG org.hibernate.boot.model.internal.PropertyBinder - Building property name
10:24:05.450 [main] DEBUG org.hibernate.boot.model.internal.AnnotatedColumn - Binding column: AnnotatedJoinColumn(column='project_id')
10:24:05.450 [main] DEBUG org.hibernate.boot.model.internal.AnnotatedColumn - Binding column: AnnotatedColumn()
10:24:05.450 [main] DEBUG org.hibernate.boot.model.internal.PropertyBinder - Building property project
10:24:05.452 [main] DEBUG org.hibernate.boot.registry.classloading.internal.ClassLoaderServiceImpl - HHH000194: Package not found or no package-info.java: org.frcpm.models
10:24:05.452 [main] DEBUG org.hibernate.boot.model.internal.EntityBinder - Binding entity from annotated class: org.frcpm.models.Project
10:24:05.452 [main] DEBUG org.hibernate.boot.model.internal.EntityBinder - Import with entity name Project
10:24:05.452 [main] DEBUG org.hibernate.boot.model.internal.EntityBinder - Bind entity org.frcpm.models.Project on table projects
10:24:05.452 [main] DEBUG org.hibernate.boot.model.internal.AnnotatedColumn - Binding column: AnnotatedDiscriminatorColumn(column='DTYPE')
10:24:05.455 [main] DEBUG org.hibernate.boot.model.internal.AnnotatedColumn - Binding column: AnnotatedColumn()
10:24:05.455 [main] DEBUG org.hibernate.boot.internal.ClassLoaderAccessImpl - Not known whether passed class name [org.frcpm.models.Project] is safe
10:24:05.455 [main] DEBUG org.hibernate.boot.internal.ClassLoaderAccessImpl - No temp ClassLoader provided; using live ClassLoader for loading potentially unsafe class : org.frcpm.models.Project
10:24:05.455 [main] DEBUG org.hibernate.boot.model.internal.PropertyBinder - MetadataSourceProcessor property id with lazy=false
10:24:05.455 [main] DEBUG org.hibernate.boot.model.internal.AbstractPropertyHolder - Attempting to locate auto-apply AttributeConverter for property [org.frcpm.models.Project:id]
10:24:05.455 [main] DEBUG org.hibernate.boot.model.internal.BasicValueBinder - building BasicValue for id
10:24:05.455 [main] DEBUG org.hibernate.mapping.BasicValue - Skipping column re-registration: projects.id
10:24:05.455 [main] DEBUG org.hibernate.boot.model.internal.PropertyBinder - Building property id
10:24:05.455 [main] DEBUG org.hibernate.boot.model.internal.BinderHelper - #makeIdGenerator(BasicValue([Column(id)]), id, identity, , ...)
10:24:05.456 [main] DEBUG org.hibernate.boot.model.internal.AnnotatedColumn - Binding column: AnnotatedColumn(column='description')
10:24:05.456 [main] DEBUG org.hibernate.boot.model.internal.PropertyBinder - MetadataSourceProcessor property description with lazy=false
10:24:05.456 [main] DEBUG org.hibernate.boot.model.internal.AbstractPropertyHolder - Attempting to locate auto-apply AttributeConverter for property [org.frcpm.models.Project:description]
10:24:05.456 [main] DEBUG org.hibernate.boot.model.internal.BasicValueBinder - building BasicValue for description
10:24:05.456 [main] DEBUG org.hibernate.mapping.BasicValue - Skipping column re-registration: projects.description
10:24:05.456 [main] DEBUG org.hibernate.boot.model.internal.PropertyBinder - Building property description
10:24:05.456 [main] DEBUG org.hibernate.boot.model.internal.AnnotatedColumn - Binding column: AnnotatedColumn(column='goal_end_date')
10:24:05.456 [main] DEBUG org.hibernate.boot.model.internal.PropertyBinder - MetadataSourceProcessor property goalEndDate with lazy=false
10:24:05.456 [main] DEBUG org.hibernate.boot.model.internal.AbstractPropertyHolder - Attempting to locate auto-apply AttributeConverter for property [org.frcpm.models.Project:goalEndDate]
10:24:05.456 [main] DEBUG org.hibernate.boot.model.internal.BasicValueBinder - building BasicValue for goalEndDate
10:24:05.456 [main] DEBUG org.hibernate.mapping.BasicValue - Skipping column re-registration: projects.goal_end_date
10:24:05.456 [main] DEBUG org.hibernate.boot.model.internal.PropertyBinder - Building property goalEndDate
10:24:05.457 [main] DEBUG org.hibernate.boot.model.internal.AnnotatedColumn - Binding column: AnnotatedColumn(column='hard_deadline')
10:24:05.457 [main] DEBUG org.hibernate.boot.model.internal.PropertyBinder - MetadataSourceProcessor property hardDeadline with lazy=false
10:24:05.457 [main] DEBUG org.hibernate.boot.model.internal.AbstractPropertyHolder - Attempting to locate auto-apply AttributeConverter for property [org.frcpm.models.Project:hardDeadline]
10:24:05.457 [main] DEBUG org.hibernate.boot.model.internal.BasicValueBinder - building BasicValue for hardDeadline
10:24:05.457 [main] DEBUG org.hibernate.mapping.BasicValue - Skipping column re-registration: projects.hard_deadline
10:24:05.457 [main] DEBUG org.hibernate.boot.model.internal.PropertyBinder - Building property hardDeadline
10:24:05.457 [main] DEBUG org.hibernate.boot.model.internal.AnnotatedColumn - Binding column: AnnotatedJoinColumn()
10:24:05.458 [main] DEBUG org.hibernate.boot.model.internal.AnnotatedColumn - Binding column: AnnotatedColumn()
10:24:05.458 [main] DEBUG org.hibernate.boot.model.internal.AnnotatedColumn - Binding column: IndexColumn(column='meetings_ORDER')
10:24:05.458 [main] DEBUG org.hibernate.boot.model.internal.AnnotatedColumn - Binding column: AnnotatedColumn()
10:24:05.458 [main] DEBUG org.hibernate.boot.model.internal.AnnotatedColumn - Binding column: AnnotatedColumn(column='meetings_KEY')
10:24:05.458 [main] DEBUG org.hibernate.boot.model.internal.AnnotatedColumn - Binding column: AnnotatedJoinColumn(column='meetings_KEY')
10:24:05.458 [main] DEBUG org.hibernate.boot.model.internal.AnnotatedColumn - Binding column: AnnotatedJoinColumn()
10:24:05.458 [main] DEBUG org.hibernate.boot.model.internal.AnnotatedColumn - Binding column: AnnotatedJoinColumn()
10:24:05.458 [main] DEBUG org.hibernate.boot.model.internal.CollectionBinder - Collection role: org.frcpm.models.Project.meetings
10:24:05.459 [main] DEBUG org.hibernate.boot.model.internal.PropertyBinder - Building property meetings
10:24:05.459 [main] DEBUG org.hibernate.boot.model.internal.AnnotatedColumn - Binding column: AnnotatedJoinColumn()
10:24:05.459 [main] DEBUG org.hibernate.boot.model.internal.AnnotatedColumn - Binding column: AnnotatedColumn()
10:24:05.459 [main] DEBUG org.hibernate.boot.model.internal.AnnotatedColumn - Binding column: IndexColumn(column='milestones_ORDER')
10:24:05.459 [main] DEBUG org.hibernate.boot.model.internal.AnnotatedColumn - Binding column: AnnotatedColumn()
10:24:05.459 [main] DEBUG org.hibernate.boot.model.internal.AnnotatedColumn - Binding column: AnnotatedColumn(column='milestones_KEY')
10:24:05.459 [main] DEBUG org.hibernate.boot.model.internal.AnnotatedColumn - Binding column: AnnotatedJoinColumn(column='milestones_KEY')
10:24:05.459 [main] DEBUG org.hibernate.boot.model.internal.AnnotatedColumn - Binding column: AnnotatedJoinColumn()
10:24:05.459 [main] DEBUG org.hibernate.boot.model.internal.AnnotatedColumn - Binding column: AnnotatedJoinColumn()
10:24:05.459 [main] DEBUG org.hibernate.boot.model.internal.CollectionBinder - Collection role: org.frcpm.models.Project.milestones
10:24:05.459 [main] DEBUG org.hibernate.boot.model.internal.PropertyBinder - Building property milestones
10:24:05.460 [main] DEBUG org.hibernate.boot.model.internal.AnnotatedColumn - Binding column: AnnotatedColumn(column='name')
10:24:05.460 [main] DEBUG org.hibernate.boot.model.internal.PropertyBinder - MetadataSourceProcessor property name with lazy=false
10:24:05.460 [main] DEBUG org.hibernate.boot.model.internal.AbstractPropertyHolder - Attempting to locate auto-apply AttributeConverter for property [org.frcpm.models.Project:name]
10:24:05.460 [main] DEBUG org.hibernate.boot.model.internal.BasicValueBinder - building BasicValue for name
10:24:05.460 [main] DEBUG org.hibernate.mapping.BasicValue - Skipping column re-registration: projects.name
10:24:05.460 [main] DEBUG org.hibernate.boot.model.internal.PropertyBinder - Building property name
10:24:05.460 [main] DEBUG org.hibernate.boot.model.internal.AnnotatedColumn - Binding column: AnnotatedColumn(column='start_date')
10:24:05.460 [main] DEBUG org.hibernate.boot.model.internal.PropertyBinder - MetadataSourceProcessor property startDate with lazy=false
10:24:05.460 [main] DEBUG org.hibernate.boot.model.internal.AbstractPropertyHolder - Attempting to locate auto-apply AttributeConverter for property [org.frcpm.models.Project:startDate]
10:24:05.460 [main] DEBUG org.hibernate.boot.model.internal.BasicValueBinder - building BasicValue for startDate
10:24:05.460 [main] DEBUG org.hibernate.mapping.BasicValue - Skipping column re-registration: projects.start_date
10:24:05.460 [main] DEBUG org.hibernate.boot.model.internal.PropertyBinder - Building property startDate
10:24:05.460 [main] DEBUG org.hibernate.boot.model.internal.AnnotatedColumn - Binding column: AnnotatedJoinColumn()
10:24:05.460 [main] DEBUG org.hibernate.boot.model.internal.AnnotatedColumn - Binding column: AnnotatedColumn()
10:24:05.460 [main] DEBUG org.hibernate.boot.model.internal.AnnotatedColumn - Binding column: IndexColumn(column='tasks_ORDER')
10:24:05.461 [main] DEBUG org.hibernate.boot.model.internal.AnnotatedColumn - Binding column: AnnotatedColumn()
10:24:05.461 [main] DEBUG org.hibernate.boot.model.internal.AnnotatedColumn - Binding column: AnnotatedColumn(column='tasks_KEY')
10:24:05.461 [main] DEBUG org.hibernate.boot.model.internal.AnnotatedColumn - Binding column: AnnotatedJoinColumn(column='tasks_KEY')
10:24:05.461 [main] DEBUG org.hibernate.boot.model.internal.AnnotatedColumn - Binding column: AnnotatedJoinColumn()
10:24:05.461 [main] DEBUG org.hibernate.boot.model.internal.AnnotatedColumn - Binding column: AnnotatedJoinColumn()
10:24:05.461 [main] DEBUG org.hibernate.boot.model.internal.CollectionBinder - Collection role: org.frcpm.models.Project.tasks
10:24:05.461 [main] DEBUG org.hibernate.boot.model.internal.PropertyBinder - Building property tasks
10:24:05.462 [main] DEBUG org.hibernate.boot.registry.classloading.internal.ClassLoaderServiceImpl - HHH000194: Package not found or no package-info.java: org.frcpm.models
10:24:05.464 [main] DEBUG org.hibernate.boot.model.internal.EntityBinder - Binding entity from annotated class: org.frcpm.models.Subteam
10:24:05.464 [main] DEBUG org.hibernate.boot.model.internal.EntityBinder - Import with entity name Subteam
10:24:05.464 [main] DEBUG org.hibernate.boot.model.internal.EntityBinder - Bind entity org.frcpm.models.Subteam on table subteams
10:24:05.464 [main] DEBUG org.hibernate.boot.model.internal.AnnotatedColumn - Binding column: AnnotatedDiscriminatorColumn(column='DTYPE')
10:24:05.466 [main] DEBUG org.hibernate.boot.model.internal.AnnotatedColumn - Binding column: AnnotatedColumn()
10:24:05.467 [main] DEBUG org.hibernate.boot.internal.ClassLoaderAccessImpl - Not known whether passed class name [org.frcpm.models.Subteam] is safe
10:24:05.467 [main] DEBUG org.hibernate.boot.internal.ClassLoaderAccessImpl - No temp ClassLoader provided; using live ClassLoader for loading potentially unsafe class : org.frcpm.models.Subteam
10:24:05.467 [main] DEBUG org.hibernate.boot.model.internal.PropertyBinder - MetadataSourceProcessor property id with lazy=false
10:24:05.467 [main] DEBUG org.hibernate.boot.model.internal.AbstractPropertyHolder - Attempting to locate auto-apply AttributeConverter for property [org.frcpm.models.Subteam:id]
10:24:05.467 [main] DEBUG org.hibernate.boot.model.internal.BasicValueBinder - building BasicValue for id
10:24:05.468 [main] DEBUG org.hibernate.mapping.BasicValue - Skipping column re-registration: subteams.id
10:24:05.469 [main] DEBUG org.hibernate.boot.model.internal.PropertyBinder - Building property id
10:24:05.469 [main] DEBUG org.hibernate.boot.model.internal.BinderHelper - #makeIdGenerator(BasicValue([Column(id)]), id, identity, , ...)
10:24:05.469 [main] DEBUG org.hibernate.boot.model.internal.AnnotatedColumn - Binding column: AnnotatedColumn(column='color_code')
10:24:05.469 [main] DEBUG org.hibernate.boot.model.internal.PropertyBinder - MetadataSourceProcessor property colorCode with lazy=false
10:24:05.469 [main] DEBUG org.hibernate.boot.model.internal.AbstractPropertyHolder - Attempting to locate auto-apply AttributeConverter for property [org.frcpm.models.Subteam:colorCode]
10:24:05.469 [main] DEBUG org.hibernate.boot.model.internal.BasicValueBinder - building BasicValue for colorCode
10:24:05.469 [main] DEBUG org.hibernate.mapping.BasicValue - Skipping column re-registration: subteams.color_code
10:24:05.470 [main] DEBUG org.hibernate.boot.model.internal.PropertyBinder - Building property colorCode
10:24:05.470 [main] DEBUG org.hibernate.boot.model.internal.AnnotatedColumn - Binding column: AnnotatedJoinColumn()
10:24:05.470 [main] DEBUG org.hibernate.boot.model.internal.AnnotatedColumn - Binding column: AnnotatedColumn()
10:24:05.470 [main] DEBUG org.hibernate.boot.model.internal.AnnotatedColumn - Binding column: IndexColumn(column='members_ORDER')
10:24:05.471 [main] DEBUG org.hibernate.boot.model.internal.AnnotatedColumn - Binding column: AnnotatedColumn()
10:24:05.471 [main] DEBUG org.hibernate.boot.model.internal.AnnotatedColumn - Binding column: AnnotatedColumn(column='members_KEY')
10:24:05.471 [main] DEBUG org.hibernate.boot.model.internal.AnnotatedColumn - Binding column: AnnotatedJoinColumn(column='members_KEY')
10:24:05.471 [main] DEBUG org.hibernate.boot.model.internal.AnnotatedColumn - Binding column: AnnotatedJoinColumn()
10:24:05.471 [main] DEBUG org.hibernate.boot.model.internal.AnnotatedColumn - Binding column: AnnotatedJoinColumn()
10:24:05.471 [main] DEBUG org.hibernate.boot.model.internal.CollectionBinder - Collection role: org.frcpm.models.Subteam.members
10:24:05.471 [main] DEBUG org.hibernate.boot.model.internal.PropertyBinder - Building property members
10:24:05.472 [main] DEBUG org.hibernate.boot.model.internal.AnnotatedColumn - Binding column: AnnotatedColumn(column='name')
10:24:05.472 [main] DEBUG org.hibernate.boot.model.internal.PropertyBinder - MetadataSourceProcessor property name with lazy=false
10:24:05.472 [main] DEBUG org.hibernate.boot.model.internal.AbstractPropertyHolder - Attempting to locate auto-apply AttributeConverter for property [org.frcpm.models.Subteam:name]
10:24:05.472 [main] DEBUG org.hibernate.boot.model.internal.BasicValueBinder - building BasicValue for name
10:24:05.472 [main] DEBUG org.hibernate.mapping.BasicValue - Skipping column re-registration: subteams.name
10:24:05.472 [main] DEBUG org.hibernate.boot.model.internal.PropertyBinder - Building property name
10:24:05.472 [main] DEBUG org.hibernate.boot.model.internal.AnnotatedColumn - Binding column: AnnotatedColumn(column='specialties')
10:24:05.473 [main] DEBUG org.hibernate.boot.model.internal.PropertyBinder - MetadataSourceProcessor property specialties with lazy=false
10:24:05.473 [main] DEBUG org.hibernate.boot.model.internal.AbstractPropertyHolder - Attempting to locate auto-apply AttributeConverter for property [org.frcpm.models.Subteam:specialties]
10:24:05.473 [main] DEBUG org.hibernate.boot.model.internal.BasicValueBinder - building BasicValue for specialties
10:24:05.473 [main] DEBUG org.hibernate.mapping.BasicValue - Skipping column re-registration: subteams.specialties
10:24:05.473 [main] DEBUG org.hibernate.boot.model.internal.PropertyBinder - Building property specialties
10:24:05.473 [main] DEBUG org.hibernate.boot.model.internal.AnnotatedColumn - Binding column: AnnotatedJoinColumn()
10:24:05.473 [main] DEBUG org.hibernate.boot.model.internal.AnnotatedColumn - Binding column: AnnotatedColumn()
10:24:05.474 [main] DEBUG org.hibernate.boot.model.internal.AnnotatedColumn - Binding column: IndexColumn(column='subsystems_ORDER')
10:24:05.474 [main] DEBUG org.hibernate.boot.model.internal.AnnotatedColumn - Binding column: AnnotatedColumn()
10:24:05.474 [main] DEBUG org.hibernate.boot.model.internal.AnnotatedColumn - Binding column: AnnotatedColumn(column='subsystems_KEY')
10:24:05.474 [main] DEBUG org.hibernate.boot.model.internal.AnnotatedColumn - Binding column: AnnotatedJoinColumn(column='subsystems_KEY')
10:24:05.474 [main] DEBUG org.hibernate.boot.model.internal.AnnotatedColumn - Binding column: AnnotatedJoinColumn()
10:24:05.474 [main] DEBUG org.hibernate.boot.model.internal.AnnotatedColumn - Binding column: AnnotatedJoinColumn()
10:24:05.474 [main] DEBUG org.hibernate.boot.model.internal.CollectionBinder - Collection role: org.frcpm.models.Subteam.subsystems
10:24:05.474 [main] DEBUG org.hibernate.boot.model.internal.PropertyBinder - Building property subsystems
10:24:05.475 [main] DEBUG org.hibernate.boot.registry.classloading.internal.ClassLoaderServiceImpl - HHH000194: Package not found or no package-info.java: org.frcpm.models
10:24:05.476 [main] DEBUG org.hibernate.boot.model.internal.EntityBinder - Binding entity from annotated class: org.frcpm.models.Task
10:24:05.476 [main] DEBUG org.hibernate.boot.model.internal.EntityBinder - Import with entity name Task
10:24:05.477 [main] DEBUG org.hibernate.boot.model.internal.EntityBinder - Bind entity org.frcpm.models.Task on table tasks
10:24:05.477 [main] DEBUG org.hibernate.boot.model.internal.AnnotatedColumn - Binding column: AnnotatedDiscriminatorColumn(column='DTYPE')
10:24:05.480 [main] DEBUG org.hibernate.boot.model.internal.AnnotatedColumn - Binding column: AnnotatedColumn()
10:24:05.480 [main] DEBUG org.hibernate.boot.internal.ClassLoaderAccessImpl - Not known whether passed class name [org.frcpm.models.Task] is safe
10:24:05.480 [main] DEBUG org.hibernate.boot.internal.ClassLoaderAccessImpl - No temp ClassLoader provided; using live ClassLoader for loading potentially unsafe class : org.frcpm.models.Task
10:24:05.480 [main] DEBUG org.hibernate.boot.model.internal.PropertyBinder - MetadataSourceProcessor property id with lazy=false
10:24:05.480 [main] DEBUG org.hibernate.boot.model.internal.AbstractPropertyHolder - Attempting to locate auto-apply AttributeConverter for property [org.frcpm.models.Task:id]
10:24:05.480 [main] DEBUG org.hibernate.boot.model.internal.BasicValueBinder - building BasicValue for id
10:24:05.480 [main] DEBUG org.hibernate.mapping.BasicValue - Skipping column re-registration: tasks.id
10:24:05.480 [main] DEBUG org.hibernate.boot.model.internal.PropertyBinder - Building property id
10:24:05.480 [main] DEBUG org.hibernate.boot.model.internal.BinderHelper - #makeIdGenerator(BasicValue([Column(id)]), id, identity, , ...)
10:24:05.481 [main] DEBUG org.hibernate.boot.model.internal.AnnotatedColumn - Binding column: AnnotatedColumn(column='actual_duration_seconds')
10:24:05.481 [main] DEBUG org.hibernate.boot.model.internal.PropertyBinder - MetadataSourceProcessor property actualDurationSeconds with lazy=false
10:24:05.481 [main] DEBUG org.hibernate.boot.model.internal.AbstractPropertyHolder - Attempting to locate auto-apply AttributeConverter for property [org.frcpm.models.Task:actualDurationSeconds]
10:24:05.481 [main] DEBUG org.hibernate.boot.model.internal.BasicValueBinder - building BasicValue for actualDurationSeconds
10:24:05.481 [main] DEBUG org.hibernate.mapping.BasicValue - Skipping column re-registration: tasks.actual_duration_seconds
10:24:05.481 [main] DEBUG org.hibernate.boot.model.internal.PropertyBinder - Building property actualDurationSeconds
10:24:05.481 [main] DEBUG org.hibernate.boot.model.internal.AnnotatedColumn - Binding column: IndexColumn(column='assignedTo_ORDER')
10:24:05.481 [main] DEBUG org.hibernate.boot.model.internal.AnnotatedColumn - Binding column: AnnotatedColumn()
10:24:05.481 [main] DEBUG org.hibernate.boot.model.internal.AnnotatedColumn - Binding column: AnnotatedColumn(column='assignedTo_KEY')
10:24:05.481 [main] DEBUG org.hibernate.boot.model.internal.AnnotatedColumn - Binding column: AnnotatedJoinColumn(column='assignedTo_KEY')
10:24:05.481 [main] DEBUG org.hibernate.boot.model.internal.AnnotatedColumn - Binding column: AnnotatedJoinColumn(column='task_id')
10:24:05.481 [main] DEBUG org.hibernate.boot.model.internal.AnnotatedColumn - Binding column: AnnotatedJoinColumn(column='team_member_id')
10:24:05.481 [main] DEBUG org.hibernate.boot.model.internal.CollectionBinder - Collection role: org.frcpm.models.Task.assignedTo
10:24:05.481 [main] DEBUG org.hibernate.boot.model.internal.PropertyBinder - Building property assignedTo
10:24:05.482 [main] DEBUG org.hibernate.boot.model.internal.AnnotatedColumn - Binding column: AnnotatedColumn(column='completed')
10:24:05.482 [main] DEBUG org.hibernate.boot.model.internal.PropertyBinder - MetadataSourceProcessor property completed with lazy=false
10:24:05.482 [main] DEBUG org.hibernate.boot.model.internal.AbstractPropertyHolder - Attempting to locate auto-apply AttributeConverter for property [org.frcpm.models.Task:completed]
10:24:05.482 [main] DEBUG org.hibernate.boot.model.internal.BasicValueBinder - building BasicValue for completed
10:24:05.482 [main] DEBUG org.hibernate.mapping.BasicValue - Skipping column re-registration: tasks.completed
10:24:05.482 [main] DEBUG org.hibernate.boot.model.internal.PropertyBinder - Building property completed
10:24:05.482 [main] DEBUG org.hibernate.boot.model.internal.AnnotatedColumn - Binding column: AnnotatedColumn(column='description')
10:24:05.482 [main] DEBUG org.hibernate.boot.model.internal.PropertyBinder - MetadataSourceProcessor property description with lazy=false
10:24:05.482 [main] DEBUG org.hibernate.boot.model.internal.AbstractPropertyHolder - Attempting to locate auto-apply AttributeConverter for property [org.frcpm.models.Task:description]
10:24:05.482 [main] DEBUG org.hibernate.boot.model.internal.BasicValueBinder - building BasicValue for description
10:24:05.482 [main] DEBUG org.hibernate.mapping.BasicValue - Skipping column re-registration: tasks.description
10:24:05.482 [main] DEBUG org.hibernate.boot.model.internal.PropertyBinder - Building property description
10:24:05.482 [main] DEBUG org.hibernate.boot.model.internal.AnnotatedColumn - Binding column: AnnotatedColumn(column='end_date')
10:24:05.482 [main] DEBUG org.hibernate.boot.model.internal.PropertyBinder - MetadataSourceProcessor property endDate with lazy=false
10:24:05.482 [main] DEBUG org.hibernate.boot.model.internal.AbstractPropertyHolder - Attempting to locate auto-apply AttributeConverter for property [org.frcpm.models.Task:endDate]
10:24:05.482 [main] DEBUG org.hibernate.boot.model.internal.BasicValueBinder - building BasicValue for endDate
10:24:05.482 [main] DEBUG org.hibernate.mapping.BasicValue - Skipping column re-registration: tasks.end_date
10:24:05.482 [main] DEBUG org.hibernate.boot.model.internal.PropertyBinder - Building property endDate
10:24:05.482 [main] DEBUG org.hibernate.boot.model.internal.AnnotatedColumn - Binding column: AnnotatedColumn(column='estimated_duration_seconds')
10:24:05.482 [main] DEBUG org.hibernate.boot.model.internal.PropertyBinder - MetadataSourceProcessor property estimatedDurationSeconds with lazy=false
10:24:05.482 [main] DEBUG org.hibernate.boot.model.internal.AbstractPropertyHolder - Attempting to locate auto-apply AttributeConverter for property [org.frcpm.models.Task:estimatedDurationSeconds]
10:24:05.482 [main] DEBUG org.hibernate.boot.model.internal.BasicValueBinder - building BasicValue for estimatedDurationSeconds
10:24:05.482 [main] DEBUG org.hibernate.mapping.BasicValue - Skipping column re-registration: tasks.estimated_duration_seconds
10:24:05.482 [main] DEBUG org.hibernate.boot.model.internal.PropertyBinder - Building property estimatedDurationSeconds
10:24:05.482 [main] DEBUG org.hibernate.boot.model.internal.AnnotatedColumn - Binding column: IndexColumn(column='postDependencies_ORDER')
10:24:05.482 [main] DEBUG org.hibernate.boot.model.internal.AnnotatedColumn - Binding column: AnnotatedColumn()
10:24:05.482 [main] DEBUG org.hibernate.boot.model.internal.AnnotatedColumn - Binding column: AnnotatedColumn(column='postDependencies_KEY')
10:24:05.482 [main] DEBUG org.hibernate.boot.model.internal.AnnotatedColumn - Binding column: AnnotatedJoinColumn(column='postDependencies_KEY')
10:24:05.482 [main] DEBUG org.hibernate.boot.model.internal.AnnotatedColumn - Binding column: AnnotatedJoinColumn()
10:24:05.482 [main] DEBUG org.hibernate.boot.model.internal.AnnotatedColumn - Binding column: AnnotatedJoinColumn()
10:24:05.482 [main] DEBUG org.hibernate.boot.model.internal.CollectionBinder - Collection role: org.frcpm.models.Task.postDependencies
10:24:05.482 [main] DEBUG org.hibernate.boot.model.internal.PropertyBinder - Building property postDependencies
10:24:05.483 [main] DEBUG org.hibernate.boot.model.internal.AnnotatedColumn - Binding column: IndexColumn(column='preDependencies_ORDER')
10:24:05.483 [main] DEBUG org.hibernate.boot.model.internal.AnnotatedColumn - Binding column: AnnotatedColumn()
10:24:05.483 [main] DEBUG org.hibernate.boot.model.internal.AnnotatedColumn - Binding column: AnnotatedColumn(column='preDependencies_KEY')
10:24:05.484 [main] DEBUG org.hibernate.boot.model.internal.AnnotatedColumn - Binding column: AnnotatedJoinColumn(column='preDependencies_KEY')
10:24:05.484 [main] DEBUG org.hibernate.boot.model.internal.AnnotatedColumn - Binding column: AnnotatedJoinColumn(column='task_id')
10:24:05.484 [main] DEBUG org.hibernate.boot.model.internal.AnnotatedColumn - Binding column: AnnotatedJoinColumn(column='dependency_id')
10:24:05.484 [main] DEBUG org.hibernate.boot.model.internal.CollectionBinder - Collection role: org.frcpm.models.Task.preDependencies
10:24:05.484 [main] DEBUG org.hibernate.boot.model.internal.PropertyBinder - Building property preDependencies
10:24:05.485 [main] DEBUG org.hibernate.boot.model.internal.AnnotatedColumn - Binding column: AnnotatedColumn(column='priority')
10:24:05.485 [main] DEBUG org.hibernate.boot.model.internal.PropertyBinder - MetadataSourceProcessor property priority with lazy=false
10:24:05.485 [main] DEBUG org.hibernate.boot.model.internal.AbstractPropertyHolder - Attempting to locate auto-apply AttributeConverter for property [org.frcpm.models.Task:priority]
10:24:05.485 [main] DEBUG org.hibernate.boot.model.internal.BasicValueBinder - building BasicValue for priority
10:24:05.485 [main] DEBUG org.hibernate.mapping.BasicValue - Skipping column re-registration: tasks.priority
10:24:05.485 [main] DEBUG org.hibernate.boot.model.internal.PropertyBinder - Building property priority
10:24:05.486 [main] DEBUG org.hibernate.boot.model.internal.AnnotatedColumn - Binding column: AnnotatedColumn(column='progress')
10:24:05.486 [main] DEBUG org.hibernate.boot.model.internal.PropertyBinder - MetadataSourceProcessor property progress with lazy=false
10:24:05.486 [main] DEBUG org.hibernate.boot.model.internal.AbstractPropertyHolder - Attempting to locate auto-apply AttributeConverter for property [org.frcpm.models.Task:progress]
10:24:05.486 [main] DEBUG org.hibernate.boot.model.internal.BasicValueBinder - building BasicValue for progress
10:24:05.486 [main] DEBUG org.hibernate.mapping.BasicValue - Skipping column re-registration: tasks.progress
10:24:05.486 [main] DEBUG org.hibernate.boot.model.internal.PropertyBinder - Building property progress
10:24:05.486 [main] DEBUG org.hibernate.boot.model.internal.AnnotatedColumn - Binding column: AnnotatedJoinColumn(column='project_id')
10:24:05.486 [main] DEBUG org.hibernate.boot.model.internal.AnnotatedColumn - Binding column: AnnotatedColumn()
10:24:05.486 [main] DEBUG org.hibernate.boot.model.internal.PropertyBinder - Building property project
10:24:05.486 [main] DEBUG org.hibernate.boot.model.internal.AnnotatedColumn - Binding column: IndexColumn(column='requiredComponents_ORDER')
10:24:05.486 [main] DEBUG org.hibernate.boot.model.internal.AnnotatedColumn - Binding column: AnnotatedColumn()
10:24:05.486 [main] DEBUG org.hibernate.boot.model.internal.AnnotatedColumn - Binding column: AnnotatedColumn(column='requiredComponents_KEY')
10:24:05.486 [main] DEBUG org.hibernate.boot.model.internal.AnnotatedColumn - Binding column: AnnotatedJoinColumn(column='requiredComponents_KEY')
10:24:05.486 [main] DEBUG org.hibernate.boot.model.internal.AnnotatedColumn - Binding column: AnnotatedJoinColumn(column='task_id')
10:24:05.486 [main] DEBUG org.hibernate.boot.model.internal.AnnotatedColumn - Binding column: AnnotatedJoinColumn(column='component_id')
10:24:05.486 [main] DEBUG org.hibernate.boot.model.internal.CollectionBinder - Collection role: org.frcpm.models.Task.requiredComponents
10:24:05.486 [main] DEBUG org.hibernate.boot.model.internal.PropertyBinder - Building property requiredComponents
10:24:05.486 [main] DEBUG org.hibernate.boot.model.internal.AnnotatedColumn - Binding column: AnnotatedColumn(column='start_date')
10:24:05.486 [main] DEBUG org.hibernate.boot.model.internal.PropertyBinder - MetadataSourceProcessor property startDate with lazy=false
10:24:05.486 [main] DEBUG org.hibernate.boot.model.internal.AbstractPropertyHolder - Attempting to locate auto-apply AttributeConverter for property [org.frcpm.models.Task:startDate]
10:24:05.486 [main] DEBUG org.hibernate.boot.model.internal.BasicValueBinder - building BasicValue for startDate
10:24:05.486 [main] DEBUG org.hibernate.mapping.BasicValue - Skipping column re-registration: tasks.start_date
10:24:05.486 [main] DEBUG org.hibernate.boot.model.internal.PropertyBinder - Building property startDate
10:24:05.487 [main] DEBUG org.hibernate.boot.model.internal.AnnotatedColumn - Binding column: AnnotatedJoinColumn(column='subsystem_id')
10:24:05.487 [main] DEBUG org.hibernate.boot.model.internal.AnnotatedColumn - Binding column: AnnotatedColumn()
10:24:05.487 [main] DEBUG org.hibernate.boot.model.internal.PropertyBinder - Building property subsystem
10:24:05.487 [main] DEBUG org.hibernate.boot.model.internal.AnnotatedColumn - Binding column: AnnotatedColumn(column='title')
10:24:05.487 [main] DEBUG org.hibernate.boot.model.internal.PropertyBinder - MetadataSourceProcessor property title with lazy=false
10:24:05.487 [main] DEBUG org.hibernate.boot.model.internal.AbstractPropertyHolder - Attempting to locate auto-apply AttributeConverter for property [org.frcpm.models.Task:title]
10:24:05.487 [main] DEBUG org.hibernate.boot.model.internal.BasicValueBinder - building BasicValue for title
10:24:05.487 [main] DEBUG org.hibernate.mapping.BasicValue - Skipping column re-registration: tasks.title
10:24:05.487 [main] DEBUG org.hibernate.boot.model.internal.PropertyBinder - Building property title
10:24:05.488 [main] DEBUG org.hibernate.boot.registry.classloading.internal.ClassLoaderServiceImpl - HHH000194: Package not found or no package-info.java: org.frcpm.models
10:24:05.489 [main] DEBUG org.hibernate.boot.model.internal.EntityBinder - Binding entity from annotated class: org.frcpm.models.TeamMember
10:24:05.489 [main] DEBUG org.hibernate.boot.model.internal.EntityBinder - Import with entity name TeamMember
10:24:05.490 [main] DEBUG org.hibernate.boot.model.internal.EntityBinder - Bind entity org.frcpm.models.TeamMember on table team_members
10:24:05.490 [main] DEBUG org.hibernate.boot.model.internal.AnnotatedColumn - Binding column: AnnotatedDiscriminatorColumn(column='DTYPE')
10:24:05.491 [main] DEBUG org.hibernate.boot.model.internal.AnnotatedColumn - Binding column: AnnotatedColumn()
10:24:05.491 [main] DEBUG org.hibernate.boot.internal.ClassLoaderAccessImpl - Not known whether passed class name [org.frcpm.models.TeamMember] is safe
10:24:05.491 [main] DEBUG org.hibernate.boot.internal.ClassLoaderAccessImpl - No temp ClassLoader provided; using live ClassLoader for loading potentially unsafe class : org.frcpm.models.TeamMember
10:24:05.491 [main] DEBUG org.hibernate.boot.model.internal.PropertyBinder - MetadataSourceProcessor property id with lazy=false
10:24:05.491 [main] DEBUG org.hibernate.boot.model.internal.AbstractPropertyHolder - Attempting to locate auto-apply AttributeConverter for property [org.frcpm.models.TeamMember:id]
10:24:05.491 [main] DEBUG org.hibernate.boot.model.internal.BasicValueBinder - building BasicValue for id
10:24:05.491 [main] DEBUG org.hibernate.mapping.BasicValue - Skipping column re-registration: team_members.id
10:24:05.491 [main] DEBUG org.hibernate.boot.model.internal.PropertyBinder - Building property id
10:24:05.491 [main] DEBUG org.hibernate.boot.model.internal.BinderHelper - #makeIdGenerator(BasicValue([Column(id)]), id, identity, , ...)
10:24:05.491 [main] DEBUG org.hibernate.boot.model.internal.AnnotatedColumn - Binding column: IndexColumn(column='assignedTasks_ORDER')
10:24:05.492 [main] DEBUG org.hibernate.boot.model.internal.AnnotatedColumn - Binding column: AnnotatedColumn()
10:24:05.492 [main] DEBUG org.hibernate.boot.model.internal.AnnotatedColumn - Binding column: AnnotatedColumn(column='assignedTasks_KEY')
10:24:05.492 [main] DEBUG org.hibernate.boot.model.internal.AnnotatedColumn - Binding column: AnnotatedJoinColumn(column='assignedTasks_KEY')
10:24:05.492 [main] DEBUG org.hibernate.boot.model.internal.AnnotatedColumn - Binding column: AnnotatedJoinColumn()
10:24:05.492 [main] DEBUG org.hibernate.boot.model.internal.AnnotatedColumn - Binding column: AnnotatedJoinColumn()
10:24:05.492 [main] DEBUG org.hibernate.boot.model.internal.CollectionBinder - Collection role: org.frcpm.models.TeamMember.assignedTasks
10:24:05.492 [main] DEBUG org.hibernate.boot.model.internal.PropertyBinder - Building property assignedTasks
10:24:05.492 [main] DEBUG org.hibernate.boot.model.internal.AnnotatedColumn - Binding column: AnnotatedJoinColumn()
10:24:05.492 [main] DEBUG org.hibernate.boot.model.internal.AnnotatedColumn - Binding column: AnnotatedColumn()
10:24:05.492 [main] DEBUG org.hibernate.boot.model.internal.AnnotatedColumn - Binding column: IndexColumn(column='attendances_ORDER')
10:24:05.493 [main] DEBUG org.hibernate.boot.model.internal.AnnotatedColumn - Binding column: AnnotatedColumn()
10:24:05.493 [main] DEBUG org.hibernate.boot.model.internal.AnnotatedColumn - Binding column: AnnotatedColumn(column='attendances_KEY')
10:24:05.493 [main] DEBUG org.hibernate.boot.model.internal.AnnotatedColumn - Binding column: AnnotatedJoinColumn(column='attendances_KEY')
10:24:05.493 [main] DEBUG org.hibernate.boot.model.internal.AnnotatedColumn - Binding column: AnnotatedJoinColumn()
10:24:05.493 [main] DEBUG org.hibernate.boot.model.internal.AnnotatedColumn - Binding column: AnnotatedJoinColumn()
10:24:05.493 [main] DEBUG org.hibernate.boot.model.internal.CollectionBinder - Collection role: org.frcpm.models.TeamMember.attendances
10:24:05.493 [main] DEBUG org.hibernate.boot.model.internal.PropertyBinder - Building property attendances
10:24:05.493 [main] DEBUG org.hibernate.boot.model.internal.AnnotatedColumn - Binding column: AnnotatedColumn(column='email')
10:24:05.493 [main] DEBUG org.hibernate.boot.model.internal.PropertyBinder - MetadataSourceProcessor property email with lazy=false
10:24:05.493 [main] DEBUG org.hibernate.boot.model.internal.AbstractPropertyHolder - Attempting to locate auto-apply AttributeConverter for property [org.frcpm.models.TeamMember:email]
10:24:05.493 [main] DEBUG org.hibernate.boot.model.internal.BasicValueBinder - building BasicValue for email
10:24:05.493 [main] DEBUG org.hibernate.mapping.BasicValue - Skipping column re-registration: team_members.email
10:24:05.493 [main] DEBUG org.hibernate.boot.model.internal.PropertyBinder - Building property email
10:24:05.493 [main] DEBUG org.hibernate.boot.model.internal.AnnotatedColumn - Binding column: AnnotatedColumn(column='first_name')
10:24:05.493 [main] DEBUG org.hibernate.boot.model.internal.PropertyBinder - MetadataSourceProcessor property firstName with lazy=false
10:24:05.493 [main] DEBUG org.hibernate.boot.model.internal.AbstractPropertyHolder - Attempting to locate auto-apply AttributeConverter for property [org.frcpm.models.TeamMember:firstName]
10:24:05.493 [main] DEBUG org.hibernate.boot.model.internal.BasicValueBinder - building BasicValue for firstName
10:24:05.493 [main] DEBUG org.hibernate.mapping.BasicValue - Skipping column re-registration: team_members.first_name
10:24:05.493 [main] DEBUG org.hibernate.boot.model.internal.PropertyBinder - Building property firstName
10:24:05.493 [main] DEBUG org.hibernate.boot.model.internal.AnnotatedColumn - Binding column: AnnotatedColumn(column='last_name')
10:24:05.493 [main] DEBUG org.hibernate.boot.model.internal.PropertyBinder - MetadataSourceProcessor property lastName with lazy=false
10:24:05.493 [main] DEBUG org.hibernate.boot.model.internal.AbstractPropertyHolder - Attempting to locate auto-apply AttributeConverter for property [org.frcpm.models.TeamMember:lastName]
10:24:05.493 [main] DEBUG org.hibernate.boot.model.internal.BasicValueBinder - building BasicValue for lastName
10:24:05.493 [main] DEBUG org.hibernate.mapping.BasicValue - Skipping column re-registration: team_members.last_name
10:24:05.493 [main] DEBUG org.hibernate.boot.model.internal.PropertyBinder - Building property lastName
10:24:05.493 [main] DEBUG org.hibernate.boot.model.internal.AnnotatedColumn - Binding column: AnnotatedColumn(column='is_leader')
10:24:05.493 [main] DEBUG org.hibernate.boot.model.internal.PropertyBinder - MetadataSourceProcessor property leader with lazy=false
10:24:05.493 [main] DEBUG org.hibernate.boot.model.internal.AbstractPropertyHolder - Attempting to locate auto-apply AttributeConverter for property [org.frcpm.models.TeamMember:leader]
10:24:05.493 [main] DEBUG org.hibernate.boot.model.internal.BasicValueBinder - building BasicValue for leader
10:24:05.493 [main] DEBUG org.hibernate.mapping.BasicValue - Skipping column re-registration: team_members.is_leader
10:24:05.493 [main] DEBUG org.hibernate.boot.model.internal.PropertyBinder - Building property leader
10:24:05.493 [main] DEBUG org.hibernate.boot.model.internal.AnnotatedColumn - Binding column: AnnotatedColumn(column='phone')
10:24:05.493 [main] DEBUG org.hibernate.boot.model.internal.PropertyBinder - MetadataSourceProcessor property phone with lazy=false
10:24:05.493 [main] DEBUG org.hibernate.boot.model.internal.AbstractPropertyHolder - Attempting to locate auto-apply AttributeConverter for property [org.frcpm.models.TeamMember:phone]
10:24:05.493 [main] DEBUG org.hibernate.boot.model.internal.BasicValueBinder - building BasicValue for phone
10:24:05.493 [main] DEBUG org.hibernate.mapping.BasicValue - Skipping column re-registration: team_members.phone
10:24:05.493 [main] DEBUG org.hibernate.boot.model.internal.PropertyBinder - Building property phone
10:24:05.493 [main] DEBUG org.hibernate.boot.model.internal.AnnotatedColumn - Binding column: AnnotatedColumn(column='skills')
10:24:05.493 [main] DEBUG org.hibernate.boot.model.internal.PropertyBinder - MetadataSourceProcessor property skills with lazy=false
10:24:05.493 [main] DEBUG org.hibernate.boot.model.internal.AbstractPropertyHolder - Attempting to locate auto-apply AttributeConverter for property [org.frcpm.models.TeamMember:skills]
10:24:05.493 [main] DEBUG org.hibernate.boot.model.internal.BasicValueBinder - building BasicValue for skills
10:24:05.493 [main] DEBUG org.hibernate.mapping.BasicValue - Skipping column re-registration: team_members.skills
10:24:05.493 [main] DEBUG org.hibernate.boot.model.internal.PropertyBinder - Building property skills
10:24:05.493 [main] DEBUG org.hibernate.boot.model.internal.AnnotatedColumn - Binding column: AnnotatedJoinColumn(column='subteam_id')
10:24:05.494 [main] DEBUG org.hibernate.boot.model.internal.AnnotatedColumn - Binding column: AnnotatedColumn()
10:24:05.494 [main] DEBUG org.hibernate.boot.model.internal.PropertyBinder - Building property subteam
10:24:05.494 [main] DEBUG org.hibernate.boot.model.internal.AnnotatedColumn - Binding column: AnnotatedColumn(column='username')
10:24:05.494 [main] DEBUG org.hibernate.boot.model.internal.PropertyBinder - MetadataSourceProcessor property username with lazy=false
10:24:05.494 [main] DEBUG org.hibernate.boot.model.internal.AbstractPropertyHolder - Attempting to locate auto-apply AttributeConverter for property [org.frcpm.models.TeamMember:username]
10:24:05.494 [main] DEBUG org.hibernate.boot.model.internal.BasicValueBinder - building BasicValue for username
10:24:05.494 [main] DEBUG org.hibernate.mapping.BasicValue - Skipping column re-registration: team_members.username
10:24:05.494 [main] DEBUG org.hibernate.boot.model.internal.PropertyBinder - Building property username
10:24:05.495 [main] DEBUG org.hibernate.boot.registry.classloading.internal.ClassLoaderServiceImpl - HHH000194: Package not found or no package-info.java: org.frcpm.models
10:24:05.497 [main] DEBUG org.hibernate.boot.model.internal.BasicValueBinder - Starting `BasicValueBinder#fillSimpleValue` for id
10:24:05.497 [main] DEBUG org.hibernate.boot.model.internal.BasicValueBinder - Starting `BasicValueBinder#fillSimpleValue` for arrivalTime
10:24:05.497 [main] DEBUG org.hibernate.boot.model.internal.BasicValueBinder - Starting `BasicValueBinder#fillSimpleValue` for departureTime
10:24:05.497 [main] DEBUG org.hibernate.boot.model.internal.BasicValueBinder - Starting `BasicValueBinder#fillSimpleValue` for present
10:24:05.497 [main] DEBUG org.hibernate.boot.model.internal.BasicValueBinder - Starting `BasicValueBinder#fillSimpleValue` for id
10:24:05.497 [main] DEBUG org.hibernate.boot.model.internal.BasicValueBinder - Starting `BasicValueBinder#fillSimpleValue` for date
10:24:05.497 [main] DEBUG org.hibernate.boot.model.internal.BasicValueBinder - Starting `BasicValueBinder#fillSimpleValue` for endTime
10:24:05.497 [main] DEBUG org.hibernate.boot.model.internal.BasicValueBinder - Starting `BasicValueBinder#fillSimpleValue` for notes
10:24:05.497 [main] DEBUG org.hibernate.boot.model.internal.BasicValueBinder - Starting `BasicValueBinder#fillSimpleValue` for startTime
10:24:05.497 [main] DEBUG org.hibernate.boot.model.internal.BasicValueBinder - Starting `BasicValueBinder#fillSimpleValue` for id
10:24:05.497 [main] DEBUG org.hibernate.boot.model.internal.BasicValueBinder - Starting `BasicValueBinder#fillSimpleValue` for description
10:24:05.497 [main] DEBUG org.hibernate.boot.model.internal.BasicValueBinder - Starting `BasicValueBinder#fillSimpleValue` for name
10:24:05.497 [main] DEBUG org.hibernate.boot.model.internal.BasicValueBinder - Starting `BasicValueBinder#fillSimpleValue` for status
10:24:05.497 [main] DEBUG org.hibernate.boot.model.internal.BasicValueBinder - Starting `BasicValueBinder#fillSimpleValue` for id
10:24:05.497 [main] DEBUG org.hibernate.boot.model.internal.BasicValueBinder - Starting `BasicValueBinder#fillSimpleValue` for actualDelivery
10:24:05.497 [main] DEBUG org.hibernate.boot.model.internal.BasicValueBinder - Starting `BasicValueBinder#fillSimpleValue` for delivered
10:24:05.497 [main] DEBUG org.hibernate.boot.model.internal.BasicValueBinder - Starting `BasicValueBinder#fillSimpleValue` for description
10:24:05.497 [main] DEBUG org.hibernate.boot.model.internal.BasicValueBinder - Starting `BasicValueBinder#fillSimpleValue` for expectedDelivery
10:24:05.497 [main] DEBUG org.hibernate.boot.model.internal.BasicValueBinder - Starting `BasicValueBinder#fillSimpleValue` for name
10:24:05.497 [main] DEBUG org.hibernate.boot.model.internal.BasicValueBinder - Starting `BasicValueBinder#fillSimpleValue` for partNumber
10:24:05.497 [main] DEBUG org.hibernate.boot.model.internal.BasicValueBinder - Starting `BasicValueBinder#fillSimpleValue` for id
10:24:05.497 [main] DEBUG org.hibernate.boot.model.internal.BasicValueBinder - Starting `BasicValueBinder#fillSimpleValue` for date
10:24:05.497 [main] DEBUG org.hibernate.boot.model.internal.BasicValueBinder - Starting `BasicValueBinder#fillSimpleValue` for description
10:24:05.497 [main] DEBUG org.hibernate.boot.model.internal.BasicValueBinder - Starting `BasicValueBinder#fillSimpleValue` for name
10:24:05.497 [main] DEBUG org.hibernate.boot.model.internal.BasicValueBinder - Starting `BasicValueBinder#fillSimpleValue` for id
10:24:05.497 [main] DEBUG org.hibernate.boot.model.internal.BasicValueBinder - Starting `BasicValueBinder#fillSimpleValue` for description
10:24:05.497 [main] DEBUG org.hibernate.boot.model.internal.BasicValueBinder - Starting `BasicValueBinder#fillSimpleValue` for goalEndDate
10:24:05.497 [main] DEBUG org.hibernate.boot.model.internal.BasicValueBinder - Starting `BasicValueBinder#fillSimpleValue` for hardDeadline
10:24:05.497 [main] DEBUG org.hibernate.boot.model.internal.BasicValueBinder - Starting `BasicValueBinder#fillSimpleValue` for name
10:24:05.497 [main] DEBUG org.hibernate.boot.model.internal.BasicValueBinder - Starting `BasicValueBinder#fillSimpleValue` for startDate
10:24:05.497 [main] DEBUG org.hibernate.boot.model.internal.BasicValueBinder - Starting `BasicValueBinder#fillSimpleValue` for id
10:24:05.497 [main] DEBUG org.hibernate.boot.model.internal.BasicValueBinder - Starting `BasicValueBinder#fillSimpleValue` for colorCode
10:24:05.497 [main] DEBUG org.hibernate.boot.model.internal.BasicValueBinder - Starting `BasicValueBinder#fillSimpleValue` for name
10:24:05.497 [main] DEBUG org.hibernate.boot.model.internal.BasicValueBinder - Starting `BasicValueBinder#fillSimpleValue` for specialties
10:24:05.497 [main] DEBUG org.hibernate.boot.model.internal.BasicValueBinder - Starting `BasicValueBinder#fillSimpleValue` for id
10:24:05.497 [main] DEBUG org.hibernate.boot.model.internal.BasicValueBinder - Starting `BasicValueBinder#fillSimpleValue` for actualDurationSeconds
10:24:05.497 [main] DEBUG org.hibernate.boot.model.internal.BasicValueBinder - Starting `BasicValueBinder#fillSimpleValue` for completed
10:24:05.497 [main] DEBUG org.hibernate.boot.model.internal.BasicValueBinder - Starting `BasicValueBinder#fillSimpleValue` for description
10:24:05.497 [main] DEBUG org.hibernate.boot.model.internal.BasicValueBinder - Starting `BasicValueBinder#fillSimpleValue` for endDate
10:24:05.497 [main] DEBUG org.hibernate.boot.model.internal.BasicValueBinder - Starting `BasicValueBinder#fillSimpleValue` for estimatedDurationSeconds
10:24:05.498 [main] DEBUG org.hibernate.boot.model.internal.BasicValueBinder - Starting `BasicValueBinder#fillSimpleValue` for priority
10:24:05.498 [main] DEBUG org.hibernate.boot.model.internal.BasicValueBinder - Starting `BasicValueBinder#fillSimpleValue` for progress
10:24:05.498 [main] DEBUG org.hibernate.boot.model.internal.BasicValueBinder - Starting `BasicValueBinder#fillSimpleValue` for startDate
10:24:05.498 [main] DEBUG org.hibernate.boot.model.internal.BasicValueBinder - Starting `BasicValueBinder#fillSimpleValue` for title
10:24:05.498 [main] DEBUG org.hibernate.boot.model.internal.BasicValueBinder - Starting `BasicValueBinder#fillSimpleValue` for id
10:24:05.498 [main] DEBUG org.hibernate.boot.model.internal.BasicValueBinder - Starting `BasicValueBinder#fillSimpleValue` for email
10:24:05.498 [main] DEBUG org.hibernate.boot.model.internal.BasicValueBinder - Starting `BasicValueBinder#fillSimpleValue` for firstName
10:24:05.498 [main] DEBUG org.hibernate.boot.model.internal.BasicValueBinder - Starting `BasicValueBinder#fillSimpleValue` for lastName
10:24:05.498 [main] DEBUG org.hibernate.boot.model.internal.BasicValueBinder - Starting `BasicValueBinder#fillSimpleValue` for leader
10:24:05.498 [main] DEBUG org.hibernate.boot.model.internal.BasicValueBinder - Starting `BasicValueBinder#fillSimpleValue` for phone
10:24:05.498 [main] DEBUG org.hibernate.boot.model.internal.BasicValueBinder - Starting `BasicValueBinder#fillSimpleValue` for skills
10:24:05.498 [main] DEBUG org.hibernate.boot.model.internal.BasicValueBinder - Starting `BasicValueBinder#fillSimpleValue` for username
10:24:05.498 [main] DEBUG org.hibernate.mapping.PrimaryKey - Forcing column [id] to be non-null as it is part of the primary key for table [attendances]
10:24:05.498 [main] DEBUG org.hibernate.mapping.PrimaryKey - Forcing column [id] to be non-null as it is part of the primary key for table [meetings]
10:24:05.498 [main] DEBUG org.hibernate.mapping.PrimaryKey - Forcing column [id] to be non-null as it is part of the primary key for table [subsystems]
10:24:05.498 [main] DEBUG org.hibernate.mapping.PrimaryKey - Forcing column [id] to be non-null as it is part of the primary key for table [components]
10:24:05.498 [main] DEBUG org.hibernate.mapping.PrimaryKey - Forcing column [id] to be non-null as it is part of the primary key for table [milestones]
10:24:05.498 [main] DEBUG org.hibernate.mapping.PrimaryKey - Forcing column [id] to be non-null as it is part of the primary key for table [projects]
10:24:05.498 [main] DEBUG org.hibernate.mapping.PrimaryKey - Forcing column [id] to be non-null as it is part of the primary key for table [subteams]
10:24:05.498 [main] DEBUG org.hibernate.mapping.PrimaryKey - Forcing column [id] to be non-null as it is part of the primary key for table [tasks]
10:24:05.498 [main] DEBUG org.hibernate.mapping.PrimaryKey - Forcing column [id] to be non-null as it is part of the primary key for table [team_members]
10:24:05.498 [main] DEBUG org.hibernate.boot.model.internal.CollectionSecondPass - Second pass for collection: org.frcpm.models.Task.requiredComponents
10:24:05.498 [main] DEBUG org.hibernate.boot.model.internal.CollectionBinder - Binding a ManyToMany: org.frcpm.models.Task.requiredComponents
10:24:05.501 [main] DEBUG org.hibernate.boot.registry.classloading.internal.ClassLoaderServiceImpl - HHH000194: Package not found or no package-info.java: org.frcpm.models
10:24:05.502 [main] DEBUG org.hibernate.mapping.PrimaryKey - Forcing column [task_id] to be non-null as it is part of the primary key for table [task_components]
10:24:05.504 [main] DEBUG org.hibernate.mapping.PrimaryKey - Forcing column [component_id] to be non-null as it is part of the primary key for table [task_components]
10:24:05.504 [main] DEBUG org.hibernate.boot.model.internal.CollectionSecondPass - Mapped collection key: task_id, element: component_id
10:24:05.504 [main] DEBUG org.hibernate.boot.model.internal.CollectionSecondPass - Second pass for collection: org.frcpm.models.Task.preDependencies
10:24:05.504 [main] DEBUG org.hibernate.boot.model.internal.CollectionBinder - Binding a ManyToMany: org.frcpm.models.Task.preDependencies
10:24:05.505 [main] DEBUG org.hibernate.boot.registry.classloading.internal.ClassLoaderServiceImpl - HHH000194: Package not found or no package-info.java: org.frcpm.models
10:24:05.506 [main] DEBUG org.hibernate.mapping.PrimaryKey - Forcing column [task_id] to be non-null as it is part of the primary key for table [task_dependencies]
10:24:05.506 [main] DEBUG org.hibernate.mapping.PrimaryKey - Forcing column [dependency_id] to be non-null as it is part of the primary key for table [task_dependencies]
10:24:05.506 [main] DEBUG org.hibernate.boot.model.internal.CollectionSecondPass - Mapped collection key: task_id, element: dependency_id
10:24:05.506 [main] DEBUG org.hibernate.boot.model.internal.CollectionSecondPass - Second pass for collection: org.frcpm.models.Task.assignedTo
10:24:05.506 [main] DEBUG org.hibernate.boot.model.internal.CollectionBinder - Binding a ManyToMany: org.frcpm.models.Task.assignedTo
10:24:05.507 [main] DEBUG org.hibernate.boot.registry.classloading.internal.ClassLoaderServiceImpl - HHH000194: Package not found or no package-info.java: org.frcpm.models
10:24:05.507 [main] DEBUG org.hibernate.mapping.PrimaryKey - Forcing column [task_id] to be non-null as it is part of the primary key for table [task_assignments]
10:24:05.507 [main] DEBUG org.hibernate.mapping.PrimaryKey - Forcing column [team_member_id] to be non-null as it is part of the primary key for table [task_assignments]
10:24:05.507 [main] DEBUG org.hibernate.boot.model.internal.CollectionSecondPass - Mapped collection key: task_id, element: team_member_id
10:24:05.508 [main] DEBUG org.hibernate.boot.model.internal.CollectionSecondPass - Second pass for collection: org.frcpm.models.Meeting.attendances
10:24:05.508 [main] DEBUG org.hibernate.boot.model.internal.CollectionBinder - Binding a OneToMany: org.frcpm.models.Meeting.attendances through a foreign key
10:24:05.508 [main] DEBUG org.hibernate.boot.model.internal.CollectionBinder - Mapping collection: org.frcpm.models.Meeting.attendances -> attendances
10:24:05.508 [main] DEBUG org.hibernate.boot.model.internal.TableBinder - Retrieving property org.frcpm.models.Attendance.meeting
10:24:05.508 [main] DEBUG org.hibernate.boot.model.internal.CollectionSecondPass - Mapped collection key: meeting_id, one-to-many: org.frcpm.models.Attendance
10:24:05.508 [main] DEBUG org.hibernate.boot.model.internal.CollectionSecondPass - Second pass for collection: org.frcpm.models.Subsystem.tasks
10:24:05.508 [main] DEBUG org.hibernate.boot.model.internal.CollectionBinder - Binding a OneToMany: org.frcpm.models.Subsystem.tasks through a foreign key
10:24:05.508 [main] DEBUG org.hibernate.boot.model.internal.CollectionBinder - Mapping collection: org.frcpm.models.Subsystem.tasks -> tasks
10:24:05.508 [main] DEBUG org.hibernate.boot.model.internal.TableBinder - Retrieving property org.frcpm.models.Task.subsystem
10:24:05.508 [main] DEBUG org.hibernate.boot.model.internal.CollectionSecondPass - Mapped collection key: subsystem_id, one-to-many: org.frcpm.models.Task
10:24:05.508 [main] DEBUG org.hibernate.boot.model.internal.CollectionSecondPass - Second pass for collection: org.frcpm.models.Component.requiredForTasks
10:24:05.508 [main] DEBUG org.hibernate.boot.model.internal.CollectionBinder - Binding a ManyToMany: org.frcpm.models.Component.requiredForTasks
10:24:05.509 [main] DEBUG org.hibernate.boot.registry.classloading.internal.ClassLoaderServiceImpl - HHH000194: Package not found or no package-info.java: org.frcpm.models
10:24:05.510 [main] DEBUG org.hibernate.boot.model.internal.TableBinder - Retrieving property org.frcpm.models.Task.requiredComponents
10:24:05.510 [main] DEBUG org.hibernate.boot.model.internal.CollectionSecondPass - Mapped collection key: component_id, element: task_id
10:24:05.511 [main] DEBUG org.hibernate.boot.model.internal.CollectionSecondPass - Second pass for collection: org.frcpm.models.Project.meetings
10:24:05.511 [main] DEBUG org.hibernate.boot.model.internal.CollectionBinder - Binding a OneToMany: org.frcpm.models.Project.meetings through a foreign key
10:24:05.511 [main] DEBUG org.hibernate.boot.model.internal.CollectionBinder - Mapping collection: org.frcpm.models.Project.meetings -> meetings
10:24:05.512 [main] DEBUG org.hibernate.boot.model.internal.TableBinder - Retrieving property org.frcpm.models.Meeting.project
10:24:05.512 [main] DEBUG org.hibernate.boot.model.internal.CollectionSecondPass - Mapped collection key: project_id, one-to-many: org.frcpm.models.Meeting
10:24:05.512 [main] DEBUG org.hibernate.boot.model.internal.CollectionSecondPass - Second pass for collection: org.frcpm.models.Project.milestones
10:24:05.512 [main] DEBUG org.hibernate.boot.model.internal.CollectionBinder - Binding a OneToMany: org.frcpm.models.Project.milestones through a foreign key
10:24:05.512 [main] DEBUG org.hibernate.boot.model.internal.CollectionBinder - Mapping collection: org.frcpm.models.Project.milestones -> milestones
10:24:05.512 [main] DEBUG org.hibernate.boot.model.internal.TableBinder - Retrieving property org.frcpm.models.Milestone.project
10:24:05.512 [main] DEBUG org.hibernate.boot.model.internal.CollectionSecondPass - Mapped collection key: project_id, one-to-many: org.frcpm.models.Milestone
10:24:05.513 [main] DEBUG org.hibernate.boot.model.internal.CollectionSecondPass - Second pass for collection: org.frcpm.models.Project.tasks
10:24:05.513 [main] DEBUG org.hibernate.boot.model.internal.CollectionBinder - Binding a OneToMany: org.frcpm.models.Project.tasks through a foreign key
10:24:05.513 [main] DEBUG org.hibernate.boot.model.internal.CollectionBinder - Mapping collection: org.frcpm.models.Project.tasks -> tasks
10:24:05.513 [main] DEBUG org.hibernate.boot.model.internal.TableBinder - Retrieving property org.frcpm.models.Task.project
10:24:05.513 [main] DEBUG org.hibernate.boot.model.internal.CollectionSecondPass - Mapped collection key: project_id, one-to-many: org.frcpm.models.Task
10:24:05.513 [main] DEBUG org.hibernate.boot.model.internal.CollectionSecondPass - Second pass for collection: org.frcpm.models.Subteam.members
10:24:05.513 [main] DEBUG org.hibernate.boot.model.internal.CollectionBinder - Binding a OneToMany: org.frcpm.models.Subteam.members through a foreign key
10:24:05.513 [main] DEBUG org.hibernate.boot.model.internal.CollectionBinder - Mapping collection: org.frcpm.models.Subteam.members -> team_members
10:24:05.513 [main] DEBUG org.hibernate.boot.model.internal.TableBinder - Retrieving property org.frcpm.models.TeamMember.subteam
10:24:05.513 [main] DEBUG org.hibernate.boot.model.internal.CollectionSecondPass - Mapped collection key: subteam_id, one-to-many: org.frcpm.models.TeamMember
10:24:05.513 [main] DEBUG org.hibernate.boot.model.internal.CollectionSecondPass - Second pass for collection: org.frcpm.models.Subteam.subsystems
10:24:05.514 [main] DEBUG org.hibernate.boot.model.internal.CollectionBinder - Binding a OneToMany: org.frcpm.models.Subteam.subsystems through a foreign key
10:24:05.514 [main] DEBUG org.hibernate.boot.model.internal.CollectionBinder - Mapping collection: org.frcpm.models.Subteam.subsystems -> subsystems
10:24:05.514 [main] DEBUG org.hibernate.boot.model.internal.TableBinder - Retrieving property org.frcpm.models.Subsystem.responsibleSubteam
10:24:05.514 [main] DEBUG org.hibernate.boot.model.internal.CollectionSecondPass - Mapped collection key: responsible_subteam_id, one-to-many: org.frcpm.models.Subsystem
10:24:05.514 [main] DEBUG org.hibernate.boot.model.internal.CollectionSecondPass - Second pass for collection: org.frcpm.models.Task.postDependencies
10:24:05.514 [main] DEBUG org.hibernate.boot.model.internal.CollectionBinder - Binding a ManyToMany: org.frcpm.models.Task.postDependencies
10:24:05.515 [main] DEBUG org.hibernate.boot.registry.classloading.internal.ClassLoaderServiceImpl - HHH000194: Package not found or no package-info.java: org.frcpm.models
10:24:05.516 [main] DEBUG org.hibernate.boot.model.internal.TableBinder - Retrieving property org.frcpm.models.Task.preDependencies
10:24:05.517 [main] DEBUG org.hibernate.boot.model.internal.CollectionSecondPass - Mapped collection key: dependency_id, element: task_id
10:24:05.517 [main] DEBUG org.hibernate.boot.model.internal.CollectionSecondPass - Second pass for collection: org.frcpm.models.TeamMember.assignedTasks
10:24:05.517 [main] DEBUG org.hibernate.boot.model.internal.CollectionBinder - Binding a ManyToMany: org.frcpm.models.TeamMember.assignedTasks
10:24:05.520 [main] DEBUG org.hibernate.boot.registry.classloading.internal.ClassLoaderServiceImpl - HHH000194: Package not found or no package-info.java: org.frcpm.models
10:24:05.520 [FRC-PM-HikariCP housekeeper] DEBUG com.zaxxer.hikari.pool.HikariPool - FRC-PM-HikariCP - Before cleanup stats (total=1, active=0, idle=1, waiting=0)
10:24:05.520 [main] DEBUG org.hibernate.boot.model.internal.TableBinder - Retrieving property org.frcpm.models.Task.assignedTo
10:24:05.520 [FRC-PM-HikariCP housekeeper] DEBUG com.zaxxer.hikari.pool.HikariPool - FRC-PM-HikariCP - After cleanup  stats (total=1, active=0, idle=1, waiting=0)
10:24:05.521 [main] DEBUG org.hibernate.boot.model.internal.CollectionSecondPass - Mapped collection key: team_member_id, element: task_id
10:24:05.521 [main] DEBUG org.hibernate.boot.model.internal.CollectionSecondPass - Second pass for collection: org.frcpm.models.TeamMember.attendances
10:24:05.521 [main] DEBUG org.hibernate.boot.model.internal.CollectionBinder - Binding a OneToMany: org.frcpm.models.TeamMember.attendances through a foreign key
10:24:05.521 [main] DEBUG org.hibernate.boot.model.internal.CollectionBinder - Mapping collection: org.frcpm.models.TeamMember.attendances -> attendances
10:24:05.521 [main] DEBUG org.hibernate.boot.model.internal.TableBinder - Retrieving property org.frcpm.models.Attendance.member
10:24:05.522 [main] DEBUG org.hibernate.boot.model.internal.CollectionSecondPass - Mapped collection key: member_id, one-to-many: org.frcpm.models.Attendance
10:24:05.524 [FRC-PM-HikariCP connection adder] DEBUG com.zaxxer.hikari.pool.HikariPool - FRC-PM-HikariCP - Added connection conn5: url=jdbc:h2:file:C:\Users\dhiebert\.frcpm\frcpm user=SA
10:24:05.543 [main] DEBUG org.hibernate.internal.SessionFactoryImpl - Building session factory
10:24:05.544 [main] DEBUG org.hibernate.service.internal.SessionFactoryServiceRegistryImpl - EventListenerRegistry access via ServiceRegistry is deprecated.  Use `sessionFactory.getEventEngine().getListenerRegistry()` instead
10:24:05.544 [main] DEBUG org.hibernate.internal.SessionFactoryImpl - Instantiating SessionFactory with settings: {hibernate.format_sql=false, java.specification.version=21, sun.cpu.isalist=amd64, hibernate.connection.handling_mode=DELAYED_ACQUISITION_AND_RELEASE_AFTER_STATEMENT, sun.jnu.encoding=Cp1252, hibernate.dialect=org.hibernate.dialect.H2Dialect, java.class.path=C:\Users\dhiebert\Local Repositories\Project Management 2.0\target\test-classes;C:\Users\dhiebert\Local Repositories\Project Management 2.0\target\classes;C:\Users\dhiebert\.m2\repository\org\openjfx\javafx-controls\21.0.2\javafx-controls-21.0.2.jar;C:\Users\dhiebert\.m2\repository\org\openjfx\javafx-controls\21.0.2\javafx-controls-21.0.2-win.jar;C:\Users\dhiebert\.m2\repository\org\openjfx\javafx-fxml\21.0.2\javafx-fxml-21.0.2.jar;C:\Users\dhiebert\.m2\repository\org\openjfx\javafx-fxml\21.0.2\javafx-fxml-21.0.2-win.jar;C:\Users\dhiebert\.m2\repository\org\openjfx\javafx-graphics\21.0.2\javafx-graphics-21.0.2.jar;C:\Users\dhiebert\.m2\repository\org\openjfx\javafx-graphics\21.0.2\javafx-graphics-21.0.2-win.jar;C:\Users\dhiebert\.m2\repository\org\openjfx\javafx-base\21.0.2\javafx-base-21.0.2.jar;C:\Users\dhiebert\.m2\repository\org\openjfx\javafx-base\21.0.2\javafx-base-21.0.2-win.jar;C:\Users\dhiebert\.m2\repository\com\h2database\h2\2.2.224\h2-2.2.224.jar;C:\Users\dhiebert\.m2\repository\com\zaxxer\HikariCP\5.1.0\HikariCP-5.1.0.jar;C:\Users\dhiebert\.m2\repository\org\slf4j\slf4j-api\1.7.36\slf4j-api-1.7.36.jar;C:\Users\dhiebert\.m2\repository\org\hibernate\orm\hibernate-core\6.5.0.Final\hibernate-core-6.5.0.Final.jar;C:\Users\dhiebert\.m2\repository\jakarta\persistence\jakarta.persistence-api\3.1.0\jakarta.persistence-api-3.1.0.jar;C:\Users\dhiebert\.m2\repository\jakarta\transaction\jakarta.transaction-api\2.0.1\jakarta.transaction-api-2.0.1.jar;C:\Users\dhiebert\.m2\repository\org\jboss\logging\jboss-logging\3.5.0.Final\jboss-logging-3.5.0.Final.jar;C:\Users\dhiebert\.m2\repository\org\hibernate\common\hibernate-commons-annotations\6.0.6.Final\hibernate-commons-annotations-6.0.6.Final.jar;C:\Users\dhiebert\.m2\repository\io\smallrye\jandex\3.1.2\jandex-3.1.2.jar;C:\Users\dhiebert\.m2\repository\com\fasterxml\classmate\1.5.1\classmate-1.5.1.jar;C:\Users\dhiebert\.m2\repository\net\bytebuddy\byte-buddy\1.14.12\byte-buddy-1.14.12.jar;C:\Users\dhiebert\.m2\repository\jakarta\xml\bind\jakarta.xml.bind-api\4.0.0\jakarta.xml.bind-api-4.0.0.jar;C:\Users\dhiebert\.m2\repository\jakarta\activation\jakarta.activation-api\2.1.0\jakarta.activation-api-2.1.0.jar;C:\Users\dhiebert\.m2\repository\org\glassfish\jaxb\jaxb-runtime\4.0.2\jaxb-runtime-4.0.2.jar;C:\Users\dhiebert\.m2\repository\org\glassfish\jaxb\jaxb-core\4.0.2\jaxb-core-4.0.2.jar;C:\Users\dhiebert\.m2\repository\org\eclipse\angus\angus-activation\2.0.0\angus-activation-2.0.0.jar;C:\Users\dhiebert\.m2\repository\org\glassfish\jaxb\txw2\4.0.2\txw2-4.0.2.jar;C:\Users\dhiebert\.m2\repository\com\sun\istack\istack-commons-runtime\4.1.1\istack-commons-runtime-4.1.1.jar;C:\Users\dhiebert\.m2\repository\jakarta\inject\jakarta.inject-api\2.0.1\jakarta.inject-api-2.0.1.jar;C:\Users\dhiebert\.m2\repository\org\antlr\antlr4-runtime\4.13.0\antlr4-runtime-4.13.0.jar;C:\Users\dhiebert\.m2\repository\org\hibernate\validator\hibernate-validator\8.0.1.Final\hibernate-validator-8.0.1.Final.jar;C:\Users\dhiebert\.m2\repository\jakarta\validation\jakarta.validation-api\3.0.2\jakarta.validation-api-3.0.2.jar;C:\Users\dhiebert\.m2\repository\org\junit\jupiter\junit-jupiter-api\5.10.2\junit-jupiter-api-5.10.2.jar;C:\Users\dhiebert\.m2\repository\org\opentest4j\opentest4j\1.3.0\opentest4j-1.3.0.jar;C:\Users\dhiebert\.m2\repository\org\junit\platform\junit-platform-commons\1.10.2\junit-platform-commons-1.10.2.jar;C:\Users\dhiebert\.m2\repository\org\apiguardian\apiguardian-api\1.1.2\apiguardian-api-1.1.2.jar;C:\Users\dhiebert\.m2\repository\org\junit\jupiter\junit-jupiter-engine\5.10.2\junit-jupiter-engine-5.10.2.jar;C:\Users\dhiebert\.m2\repository\org\junit\platform\junit-platform-engine\1.10.2\junit-platform-engine-1.10.2.jar;C:\Users\dhiebert\.m2\repository\org\mockito\mockito-junit-jupiter\5.10.0\mockito-junit-jupiter-5.10.0.jar;C:\Users\dhiebert\.m2\repository\org\mockito\mockito-core\5.10.0\mockito-core-5.10.0.jar;C:\Users\dhiebert\.m2\repository\net\bytebuddy\byte-buddy-agent\1.14.11\byte-buddy-agent-1.14.11.jar;C:\Users\dhiebert\.m2\repository\org\objenesis\objenesis\3.3\objenesis-3.3.jar;C:\Users\dhiebert\.m2\repository\org\hibernate\orm\hibernate-hikaricp\6.5.0.Final\hibernate-hikaricp-6.5.0.Final.jar;C:\Users\dhiebert\.m2\repository\ch\qos\logback\logback-classic\1.2.11\logback-classic-1.2.11.jar;C:\Users\dhiebert\.m2\repository\ch\qos\logback\logback-core\1.2.11\logback-core-1.2.11.jar;C:\Users\dhiebert\.m2\repository\org\testfx\testfx-core\4.0.18\testfx-core-4.0.18.jar;C:\Users\dhiebert\.m2\repository\org\hamcrest\hamcrest\2.1\hamcrest-2.1.jar;C:\Users\dhiebert\.m2\repository\org\assertj\assertj-core\3.13.2\assertj-core-3.13.2.jar;C:\Users\dhiebert\.m2\repository\org\osgi\org.osgi.core\6.0.0\org.osgi.core-6.0.0.jar;C:\Users\dhiebert\.m2\repository\org\testfx\testfx-junit5\4.0.18\testfx-junit5-4.0.18.jar;C:\Users\dhiebert\.m2\repository\org\openjfx\javafx-web\17.0.2\javafx-web-17.0.2.jar;C:\Users\dhiebert\.m2\repository\org\openjfx\javafx-web\17.0.2\javafx-web-17.0.2-win.jar;C:\Users\dhiebert\.m2\repository\org\openjfx\javafx-media\17.0.2\javafx-media-17.0.2.jar;C:\Users\dhiebert\.m2\repository\org\openjfx\javafx-media\17.0.2\javafx-media-17.0.2-win.jar;C:\Users\dhiebert\.m2\repository\org\apache\pdfbox\pdfbox\2.0.27\pdfbox-2.0.27.jar;C:\Users\dhiebert\.m2\repository\org\apache\pdfbox\fontbox\2.0.27\fontbox-2.0.27.jar;C:\Users\dhiebert\.m2\repository\commons-logging\commons-logging\1.2\commons-logging-1.2.jar;C:\Users\dhiebert\.m2\repository\com\fasterxml\jackson\core\jackson-databind\2.15.0\jackson-databind-2.15.0.jar;C:\Users\dhiebert\.m2\repository\com\fasterxml\jackson\core\jackson-annotations\2.15.0\jackson-annotations-2.15.0.jar;C:\Users\dhiebert\.m2\repository\com\fasterxml\jackson\core\jackson-core\2.15.0\jackson-core-2.15.0.jar;C:\Users\dhiebert\.m2\repository\org\apache\xmlgraphics\batik-all\1.16\batik-all-1.16.jar;C:\Users\dhiebert\.m2\repository\xml-apis\xml-apis\1.4.01\xml-apis-1.4.01.jar;C:\Users\dhiebert\.m2\repository\xml-apis\xml-apis-ext\1.3.04\xml-apis-ext-1.3.04.jar;C:\Users\dhiebert\.m2\repository\org\apache\xmlgraphics\xmlgraphics-commons\2.7\xmlgraphics-commons-2.7.jar;C:\Users\dhiebert\.m2\repository\commons-io\commons-io\1.3.1\commons-io-1.3.1.jar;C:\Users\dhiebert\.m2\repository\org\jgrapht\jgrapht-core\1.5.2\jgrapht-core-1.5.2.jar;C:\Users\dhiebert\.m2\repository\org\jheaps\jheaps\0.14\jheaps-0.14.jar;C:\Users\dhiebert\.m2\repository\org\apfloat\apfloat\1.10.1\apfloat-1.10.1.jar;, java.vm.vendor=Eclipse Adoptium, sun.arch.data.model=64, hibernate.order_inserts=true, user.variant=, java.vendor.url=https://adoptium.net/, user.timezone=America/Chicago, javax.persistence.jdbc.user=****, javax.persistence.jdbc.url=jdbc:h2:file:C:\Users\dhiebert\.frcpm\frcpm, java.vm.specification.version=21, os.name=Windows 11, hibernate.generate_statistics=false, hibernate.hikari.connectionTimeout=10000, hibernate.order_updates=true, hibernate.jdbc.batch_versioned_data=true, jakarta.persistence.jdbc.password=****, hibernate.jdbc.batch_size=30, sun.java.launcher=SUN_STANDARD, user.country=US, local.setting.IS_JTA_TXN_COORD=false, sun.boot.library.path=C:\Program Files\Eclipse Adoptium\jdk-21.0.6.7-hotspot\bin, sun.java.command=C:\Users\dhiebert\AppData\Local\Temp\surefire9513985487531586668\surefirebooter-20250425102356946_3.jar C:\Users\dhiebert\AppData\Local\Temp\surefire9513985487531586668 2025-04-25T10-23-56_800-jvmRun1 surefire-20250425102356946_1tmp surefire_0-20250425102356946_2tmp, hibernate.use_sql_comments=false, hibernate.connection.provider_class=org.hibernate.hikaricp.internal.HikariCPConnectionProvider, jdk.debug=release, surefire.test.class.path=C:\Users\dhiebert\Local Repositories\Project Management 2.0\target\test-classes;C:\Users\dhiebert\Local Repositories\Project Management 2.0\target\classes;C:\Users\dhiebert\.m2\repository\org\openjfx\javafx-controls\21.0.2\javafx-controls-21.0.2.jar;C:\Users\dhiebert\.m2\repository\org\openjfx\javafx-controls\21.0.2\javafx-controls-21.0.2-win.jar;C:\Users\dhiebert\.m2\repository\org\openjfx\javafx-fxml\21.0.2\javafx-fxml-21.0.2.jar;C:\Users\dhiebert\.m2\repository\org\openjfx\javafx-fxml\21.0.2\javafx-fxml-21.0.2-win.jar;C:\Users\dhiebert\.m2\repository\org\openjfx\javafx-graphics\21.0.2\javafx-graphics-21.0.2.jar;C:\Users\dhiebert\.m2\repository\org\openjfx\javafx-graphics\21.0.2\javafx-graphics-21.0.2-win.jar;C:\Users\dhiebert\.m2\repository\org\openjfx\javafx-base\21.0.2\javafx-base-21.0.2.jar;C:\Users\dhiebert\.m2\repository\org\openjfx\javafx-base\21.0.2\javafx-base-21.0.2-win.jar;C:\Users\dhiebert\.m2\repository\com\h2database\h2\2.2.224\h2-2.2.224.jar;C:\Users\dhiebert\.m2\repository\com\zaxxer\HikariCP\5.1.0\HikariCP-5.1.0.jar;C:\Users\dhiebert\.m2\repository\org\slf4j\slf4j-api\1.7.36\slf4j-api-1.7.36.jar;C:\Users\dhiebert\.m2\repository\org\hibernate\orm\hibernate-core\6.5.0.Final\hibernate-core-6.5.0.Final.jar;C:\Users\dhiebert\.m2\repository\jakarta\persistence\jakarta.persistence-api\3.1.0\jakarta.persistence-api-3.1.0.jar;C:\Users\dhiebert\.m2\repository\jakarta\transaction\jakarta.transaction-api\2.0.1\jakarta.transaction-api-2.0.1.jar;C:\Users\dhiebert\.m2\repository\org\jboss\logging\jboss-logging\3.5.0.Final\jboss-logging-3.5.0.Final.jar;C:\Users\dhiebert\.m2\repository\org\hibernate\common\hibernate-commons-annotations\6.0.6.Final\hibernate-commons-annotations-6.0.6.Final.jar;C:\Users\dhiebert\.m2\repository\io\smallrye\jandex\3.1.2\jandex-3.1.2.jar;C:\Users\dhiebert\.m2\repository\com\fasterxml\classmate\1.5.1\classmate-1.5.1.jar;C:\Users\dhiebert\.m2\repository\net\bytebuddy\byte-buddy\1.14.12\byte-buddy-1.14.12.jar;C:\Users\dhiebert\.m2\repository\jakarta\xml\bind\jakarta.xml.bind-api\4.0.0\jakarta.xml.bind-api-4.0.0.jar;C:\Users\dhiebert\.m2\repository\jakarta\activation\jakarta.activation-api\2.1.0\jakarta.activation-api-2.1.0.jar;C:\Users\dhiebert\.m2\repository\org\glassfish\jaxb\jaxb-runtime\4.0.2\jaxb-runtime-4.0.2.jar;C:\Users\dhiebert\.m2\repository\org\glassfish\jaxb\jaxb-core\4.0.2\jaxb-core-4.0.2.jar;C:\Users\dhiebert\.m2\repository\org\eclipse\angus\angus-activation\2.0.0\angus-activation-2.0.0.jar;C:\Users\dhiebert\.m2\repository\org\glassfish\jaxb\txw2\4.0.2\txw2-4.0.2.jar;C:\Users\dhiebert\.m2\repository\com\sun\istack\istack-commons-runtime\4.1.1\istack-commons-runtime-4.1.1.jar;C:\Users\dhiebert\.m2\repository\jakarta\inject\jakarta.inject-api\2.0.1\jakarta.inject-api-2.0.1.jar;C:\Users\dhiebert\.m2\repository\org\antlr\antlr4-runtime\4.13.0\antlr4-runtime-4.13.0.jar;C:\Users\dhiebert\.m2\repository\org\hibernate\validator\hibernate-validator\8.0.1.Final\hibernate-validator-8.0.1.Final.jar;C:\Users\dhiebert\.m2\repository\jakarta\validation\jakarta.validation-api\3.0.2\jakarta.validation-api-3.0.2.jar;C:\Users\dhiebert\.m2\repository\org\junit\jupiter\junit-jupiter-api\5.10.2\junit-jupiter-api-5.10.2.jar;C:\Users\dhiebert\.m2\repository\org\opentest4j\opentest4j\1.3.0\opentest4j-1.3.0.jar;C:\Users\dhiebert\.m2\repository\org\junit\platform\junit-platform-commons\1.10.2\junit-platform-commons-1.10.2.jar;C:\Users\dhiebert\.m2\repository\org\apiguardian\apiguardian-api\1.1.2\apiguardian-api-1.1.2.jar;C:\Users\dhiebert\.m2\repository\org\junit\jupiter\junit-jupiter-engine\5.10.2\junit-jupiter-engine-5.10.2.jar;C:\Users\dhiebert\.m2\repository\org\junit\platform\junit-platform-engine\1.10.2\junit-platform-engine-1.10.2.jar;C:\Users\dhiebert\.m2\repository\org\mockito\mockito-junit-jupiter\5.10.0\mockito-junit-jupiter-5.10.0.jar;C:\Users\dhiebert\.m2\repository\org\mockito\mockito-core\5.10.0\mockito-core-5.10.0.jar;C:\Users\dhiebert\.m2\repository\net\bytebuddy\byte-buddy-agent\1.14.11\byte-buddy-agent-1.14.11.jar;C:\Users\dhiebert\.m2\repository\org\objenesis\objenesis\3.3\objenesis-3.3.jar;C:\Users\dhiebert\.m2\repository\org\hibernate\orm\hibernate-hikaricp\6.5.0.Final\hibernate-hikaricp-6.5.0.Final.jar;C:\Users\dhiebert\.m2\repository\ch\qos\logback\logback-classic\1.2.11\logback-classic-1.2.11.jar;C:\Users\dhiebert\.m2\repository\ch\qos\logback\logback-core\1.2.11\logback-core-1.2.11.jar;C:\Users\dhiebert\.m2\repository\org\testfx\testfx-core\4.0.18\testfx-core-4.0.18.jar;C:\Users\dhiebert\.m2\repository\org\hamcrest\hamcrest\2.1\hamcrest-2.1.jar;C:\Users\dhiebert\.m2\repository\org\assertj\assertj-core\3.13.2\assertj-core-3.13.2.jar;C:\Users\dhiebert\.m2\repository\org\osgi\org.osgi.core\6.0.0\org.osgi.core-6.0.0.jar;C:\Users\dhiebert\.m2\repository\org\testfx\testfx-junit5\4.0.18\testfx-junit5-4.0.18.jar;C:\Users\dhiebert\.m2\repository\org\openjfx\javafx-web\17.0.2\javafx-web-17.0.2.jar;C:\Users\dhiebert\.m2\repository\org\openjfx\javafx-web\17.0.2\javafx-web-17.0.2-win.jar;C:\Users\dhiebert\.m2\repository\org\openjfx\javafx-media\17.0.2\javafx-media-17.0.2.jar;C:\Users\dhiebert\.m2\repository\org\openjfx\javafx-media\17.0.2\javafx-media-17.0.2-win.jar;C:\Users\dhiebert\.m2\repository\org\apache\pdfbox\pdfbox\2.0.27\pdfbox-2.0.27.jar;C:\Users\dhiebert\.m2\repository\org\apache\pdfbox\fontbox\2.0.27\fontbox-2.0.27.jar;C:\Users\dhiebert\.m2\repository\commons-logging\commons-logging\1.2\commons-logging-1.2.jar;C:\Users\dhiebert\.m2\repository\com\fasterxml\jackson\core\jackson-databind\2.15.0\jackson-databind-2.15.0.jar;C:\Users\dhiebert\.m2\repository\com\fasterxml\jackson\core\jackson-annotations\2.15.0\jackson-annotations-2.15.0.jar;C:\Users\dhiebert\.m2\repository\com\fasterxml\jackson\core\jackson-core\2.15.0\jackson-core-2.15.0.jar;C:\Users\dhiebert\.m2\repository\org\apache\xmlgraphics\batik-all\1.16\batik-all-1.16.jar;C:\Users\dhiebert\.m2\repository\xml-apis\xml-apis\1.4.01\xml-apis-1.4.01.jar;C:\Users\dhiebert\.m2\repository\xml-apis\xml-apis-ext\1.3.04\xml-apis-ext-1.3.04.jar;C:\Users\dhiebert\.m2\repository\org\apache\xmlgraphics\xmlgraphics-commons\2.7\xmlgraphics-commons-2.7.jar;C:\Users\dhiebert\.m2\repository\commons-io\commons-io\1.3.1\commons-io-1.3.1.jar;C:\Users\dhiebert\.m2\repository\org\jgrapht\jgrapht-core\1.5.2\jgrapht-core-1.5.2.jar;C:\Users\dhiebert\.m2\repository\org\jheaps\jheaps\0.14\jheaps-0.14.jar;C:\Users\dhiebert\.m2\repository\org\apfloat\apfloat\1.10.1\apfloat-1.10.1.jar;, jakarta.persistence.jdbc.driver=org.h2.Driver, sun.cpu.endian=little, user.home=C:\Users\dhiebert, user.language=en, java.specification.vendor=Oracle Corporation, java.version.date=2025-01-21, java.home=C:\Program Files\Eclipse Adoptium\jdk-21.0.6.7-hotspot, file.separator=\, basedir=C:\Users\dhiebert\Local Repositories\Project Management 2.0, java.vm.compressedOopsMode=Zero based, jakarta.persistence.jdbc.user=****, line.separator=
, hibernate.persistenceUnitName=frcpm, java.vm.specification.vendor=Oracle Corporation, java.specification.name=Java Platform API Specification, hibernate.transaction.coordinator_class=class org.hibernate.resource.transaction.backend.jdbc.internal.JdbcResourceLocalTransactionCoordinatorBuilderImpl, javax.persistence.jdbc.driver=org.h2.Driver, hibernate.hikari.maximumPoolSize=10, surefire.real.class.path=C:\Users\dhiebert\AppData\Local\Temp\surefire9513985487531586668\surefirebooter-20250425102356946_3.jar, hibernate.hbm2ddl.auto=update, user.script=, sun.management.compiler=HotSpot 64-Bit Tiered Compilers, java.runtime.version=21.0.6+7-LTS, user.name=dhiebert, hibernate.cache.use_query_cache=false, stdout.encoding=Cp1252, path.separator=;, hibernate.connection.username=****, os.version=10.0, java.runtime.name=OpenJDK Runtime Environment, hibernate.connection.url=jdbc:h2:file:C:\Users\dhiebert\.frcpm\frcpm, file.encoding=UTF-8, hibernate.hikari.minimumIdle=2, hibernate.hikari.idleTimeout=30000, java.vm.name=OpenJDK 64-Bit Server VM, hibernate.show_sql=false, java.vendor.version=Temurin-21.0.6+7, hibernate.hikari.poolName=FRC-PM-HikariCP, hibernate.current_session_context_class=thread, localRepository=C:\Users\dhiebert\.m2\repository, hibernate.connection.driver_class=org.h2.Driver, java.vendor.url.bug=https://github.com/adoptium/adoptium-support/issues, java.io.tmpdir=C:\Users\dhiebert\AppData\Local\Temp\, java.version=21.0.6, user.dir=C:\Users\dhiebert\Local Repositories\Project Management 2.0, os.arch=amd64, java.vm.specification.name=Java Virtual Machine Specification, hibernate.connection.password=****, sun.os.patch.level=, jakarta.persistence.jdbc.url=jdbc:h2:file:C:\Users\dhiebert\.frcpm\frcpm, hibernate.boot.CfgXmlAccessService.key=org.hibernate.boot.registry.StandardServiceRegistryBuilder$1@336e59a6, native.encoding=Cp1252, hibernate.cache.use_second_level_cache=false, java.library.path=C:\Program Files\Eclipse Adoptium\jdk-21.0.6.7-hotspot\bin;C:\WINDOWS\Sun\Java\bin;C:\WINDOWS\system32;C:\WINDOWS;C:\Program Files\apache-maven-3.9.9\bin;C:\Program Files\Eclipse Adoptium\jdk-21.0.6.7-hotspot\bin;C:\Program Files\National Instruments\Shared\OpenVINO\;C:\Program Files\Common Files\Oracle\Java\javapath;C:\WINDOWS\system32;C:\WINDOWS;C:\WINDOWS\System32\Wbem;C:\WINDOWS\System32\WindowsPowerShell\v1.0\;C:\WINDOWS\System32\OpenSSH\;C:\Program Files\dotnet\;C:\Program Files (x86)\Windows Live\Shared;C:\Program Files\Git\cmd;C:\Program Files\Common Files\Autodesk Shared\;C:\Program Files\Microsoft SQL Server\150\Tools\Binn\;C:\Program Files\nodejs\;C:\Program Files\Eclipse Adoptium\jdk-21.0.6.7-hotspot\bin;C:\Program Files\apache-maven-3.9.9\bin;%MAVEN_HOME%\bin;C:\Users\dhiebert\AppData\Local\Microsoft\WindowsApps;C:\Users\dhiebert\AppData\Local\GitHubDesktop\bin;C:\Users\dhiebert\AppData\Roaming\npm;C:\Users\dhiebert\AppData\Local\Packages\PythonSoftwareFoundation.Python.3.11_qbz5n2kfra8p0\LocalCache\local-packages\Python311\Scripts;C:\Users\dhiebert\AppData\Local\Packages\PythonSoftwareFoundation.Python.3.11_qbz5n2kfra8p0\LocalCache\local-packages\Python311\site-packages\maven;;c:\Users\Public\wpilib\2025\vscode\data\user-data\User\globalStorage\github.copilot-chat\debugCommand;c:\Users\Public\wpilib\2025\vscode\data\extensions\ms-python.debugpy-2025.4.1-win32-x64\bundled\scripts\noConfigScripts;., stderr.encoding=Cp1252, java.vendor=Eclipse Adoptium, java.vm.info=mixed mode, sharing, java.vm.version=21.0.6+7-LTS, sun.io.unicode.encoding=UnicodeLittle, javax.persistence.jdbc.password=****, java.class.version=65.0}
10:24:05.545 [main] DEBUG org.hibernate.internal.SessionFactoryImpl - Session factory constructed with filter configurations : {}
10:24:05.546 [main] DEBUG org.hibernate.validator.internal.xml.config.ValidationXmlParser - Trying to load META-INF/validation.xml for XML based Validator configuration.
10:24:05.546 [main] DEBUG org.hibernate.validator.internal.xml.config.ResourceLoaderHelper - Trying to load META-INF/validation.xml via TCCL
10:24:05.546 [main] DEBUG org.hibernate.validator.internal.xml.config.ResourceLoaderHelper - Trying to load META-INF/validation.xml via Hibernate Validator's class loader
10:24:05.546 [main] DEBUG org.hibernate.validator.internal.xml.config.ValidationXmlParser - No META-INF/validation.xml found. Using annotation based configuration only.
10:24:05.546 [main] DEBUG org.hibernate.validator.internal.engine.resolver.TraversableResolvers - Found jakarta.persistence.Persistence on classpath containing 'getPersistenceUtil'. Assuming JPA 2 environment. Trying to instantiate JPA aware TraversableResolver
10:24:05.546 [main] DEBUG org.hibernate.validator.internal.engine.resolver.TraversableResolvers - Instantiated JPA aware TraversableResolver of type org.hibernate.validator.internal.engine.resolver.JPATraversableResolver.
10:24:05.548 [main] DEBUG org.hibernate.validator.messageinterpolation.ResourceBundleMessageInterpolator - Failed to load expression factory via classloader jdk.internal.loader.ClassLoaders$AppClassLoader@70dea4e
java.lang.NoClassDefFoundError: jakarta/el/ExpressionFactory
	at org.hibernate.validator.messageinterpolation.ResourceBundleMessageInterpolator.canLoadExpressionFactory(ResourceBundleMessageInterpolator.java:228)
	at org.hibernate.validator.messageinterpolation.ResourceBundleMessageInterpolator.buildExpressionFactory(ResourceBundleMessageInterpolator.java:173)
	at org.hibernate.validator.messageinterpolation.ResourceBundleMessageInterpolator.<init>(ResourceBundleMessageInterpolator.java:97)
	at org.hibernate.validator.internal.engine.AbstractConfigurationImpl.getDefaultMessageInterpolator(AbstractConfigurationImpl.java:575)
	at org.hibernate.validator.internal.engine.AbstractConfigurationImpl.getDefaultMessageInterpolatorConfiguredWithClassLoader(AbstractConfigurationImpl.java:834)
	at org.hibernate.validator.internal.engine.AbstractConfigurationImpl.getMessageInterpolator(AbstractConfigurationImpl.java:485)
	at org.hibernate.validator.internal.engine.ValidatorFactoryImpl.<init>(ValidatorFactoryImpl.java:157)
	at org.hibernate.validator.HibernateValidator.buildValidatorFactory(HibernateValidator.java:38)
	at org.hibernate.validator.internal.engine.AbstractConfigurationImpl.buildValidatorFactory(AbstractConfigurationImpl.java:453)
	at jakarta.validation.Validation.buildDefaultValidatorFactory(Validation.java:103)
	at org.hibernate.boot.beanvalidation.TypeSafeActivator.getValidatorFactory(TypeSafeActivator.java:482)
	at org.hibernate.boot.beanvalidation.TypeSafeActivator.activate(TypeSafeActivator.java:79)
	at java.base/jdk.internal.reflect.DirectMethodHandleAccessor.invoke(DirectMethodHandleAccessor.java:103)
	at java.base/java.lang.reflect.Method.invoke(Method.java:580)
	at org.hibernate.boot.beanvalidation.BeanValidationIntegrator.integrate(BeanValidationIntegrator.java:139)
	at org.hibernate.internal.SessionFactoryImpl.integrate(SessionFactoryImpl.java:517)
	at org.hibernate.internal.SessionFactoryImpl.<init>(SessionFactoryImpl.java:276)
	at org.hibernate.boot.internal.SessionFactoryBuilderImpl.build(SessionFactoryBuilderImpl.java:457)
	at org.hibernate.jpa.boot.internal.EntityManagerFactoryBuilderImpl.build(EntityManagerFactoryBuilderImpl.java:1506)
	at org.hibernate.jpa.HibernatePersistenceProvider.createEntityManagerFactory(HibernatePersistenceProvider.java:55)
	at jakarta.persistence.Persistence.createEntityManagerFactory(Persistence.java:80)
	at org.frcpm.config.DatabaseConfig.initialize(DatabaseConfig.java:114)
	at org.frcpm.config.DatabaseConfig.initialize(DatabaseConfig.java:28)
	at org.frcpm.config.DatabaseConfig.getEntityManager(DatabaseConfig.java:144)
	at org.frcpm.repositories.impl.JpaRepositoryImpl.getEntityManager(JpaRepositoryImpl.java:37)
	at org.frcpm.repositories.impl.JpaRepositoryImpl.findAll(JpaRepositoryImpl.java:56)
	at org.frcpm.services.impl.AbstractService.findAll(AbstractService.java:35)
	at org.frcpm.viewmodels.MainViewModel.loadProjects(MainViewModel.java:249)
	at org.frcpm.viewmodels.MainViewModel.<init>(MainViewModel.java:196)
	at org.frcpm.viewmodels.MainViewModel.<init>(MainViewModel.java:96)
	at org.frcpm.controllers.MainController.<init>(MainController.java:38)
	at org.frcpm.controllers.MainControllerTest.setUp(MainControllerTest.java:32)
	at java.base/jdk.internal.reflect.DirectMethodHandleAccessor.invoke(DirectMethodHandleAccessor.java:103)
	at java.base/java.lang.reflect.Method.invoke(Method.java:580)
	at org.junit.platform.commons.util.ReflectionUtils.invokeMethod(ReflectionUtils.java:728)
	at org.junit.jupiter.engine.execution.MethodInvocation.proceed(MethodInvocation.java:60)
	at org.junit.jupiter.engine.execution.InvocationInterceptorChain$ValidatingInvocation.proceed(InvocationInterceptorChain.java:131)
	at org.junit.jupiter.engine.extension.TimeoutExtension.intercept(TimeoutExtension.java:156)
	at org.junit.jupiter.engine.extension.TimeoutExtension.interceptLifecycleMethod(TimeoutExtension.java:128)
	at org.junit.jupiter.engine.extension.TimeoutExtension.interceptBeforeEachMethod(TimeoutExtension.java:78)
	at org.junit.jupiter.engine.execution.InterceptingExecutableInvoker$ReflectiveInterceptorCall.lambda$ofVoidMethod$0(InterceptingExecutableInvoker.java:103)
	at org.junit.jupiter.engine.execution.InterceptingExecutableInvoker.lambda$invoke$0(InterceptingExecutableInvoker.java:93)
	at org.junit.jupiter.engine.execution.InvocationInterceptorChain$InterceptedInvocation.proceed(InvocationInterceptorChain.java:106)
	at org.junit.jupiter.engine.execution.InvocationInterceptorChain.proceed(InvocationInterceptorChain.java:64)
	at org.junit.jupiter.engine.execution.InvocationInterceptorChain.chainAndInvoke(InvocationInterceptorChain.java:45)
	at org.junit.jupiter.engine.execution.InvocationInterceptorChain.invoke(InvocationInterceptorChain.java:37)
	at org.junit.jupiter.engine.execution.InterceptingExecutableInvoker.invoke(InterceptingExecutableInvoker.java:92)
	at org.junit.jupiter.engine.execution.InterceptingExecutableInvoker.invoke(InterceptingExecutableInvoker.java:86)
	at org.junit.jupiter.engine.descriptor.ClassBasedTestDescriptor.invokeMethodInExtensionContext(ClassBasedTestDescriptor.java:521)
	at org.junit.jupiter.engine.descriptor.ClassBasedTestDescriptor.lambda$synthesizeBeforeEachMethodAdapter$23(ClassBasedTestDescriptor.java:506)
	at org.junit.jupiter.engine.descriptor.TestMethodTestDescriptor.lambda$invokeBeforeEachMethods$3(TestMethodTestDescriptor.java:175)
	at org.junit.jupiter.engine.descriptor.TestMethodTestDescriptor.lambda$invokeBeforeMethodsOrCallbacksUntilExceptionOccurs$6(TestMethodTestDescriptor.java:203)
	at org.junit.platform.engine.support.hierarchical.ThrowableCollector.execute(ThrowableCollector.java:73)
	at org.junit.jupiter.engine.descriptor.TestMethodTestDescriptor.invokeBeforeMethodsOrCallbacksUntilExceptionOccurs(TestMethodTestDescriptor.java:203)
	at org.junit.jupiter.engine.descriptor.TestMethodTestDescriptor.invokeBeforeEachMethods(TestMethodTestDescriptor.java:172)
	at org.junit.jupiter.engine.descriptor.TestMethodTestDescriptor.execute(TestMethodTestDescriptor.java:135)
	at org.junit.jupiter.engine.descriptor.TestMethodTestDescriptor.execute(TestMethodTestDescriptor.java:69)
	at org.junit.platform.engine.support.hierarchical.NodeTestTask.lambda$executeRecursively$6(NodeTestTask.java:151)
	at org.junit.platform.engine.support.hierarchical.ThrowableCollector.execute(ThrowableCollector.java:73)
	at org.junit.platform.engine.support.hierarchical.NodeTestTask.lambda$executeRecursively$8(NodeTestTask.java:141)
	at org.junit.platform.engine.support.hierarchical.Node.around(Node.java:137)
	at org.junit.platform.engine.support.hierarchical.NodeTestTask.lambda$executeRecursively$9(NodeTestTask.java:139)
	at org.junit.platform.engine.support.hierarchical.ThrowableCollector.execute(ThrowableCollector.java:73)
	at org.junit.platform.engine.support.hierarchical.NodeTestTask.executeRecursively(NodeTestTask.java:138)
	at org.junit.platform.engine.support.hierarchical.NodeTestTask.execute(NodeTestTask.java:95)
	at java.base/java.util.ArrayList.forEach(ArrayList.java:1596)
	at org.junit.platform.engine.support.hierarchical.SameThreadHierarchicalTestExecutorService.invokeAll(SameThreadHierarchicalTestExecutorService.java:41)
	at org.junit.platform.engine.support.hierarchical.NodeTestTask.lambda$executeRecursively$6(NodeTestTask.java:155)
	at org.junit.platform.engine.support.hierarchical.ThrowableCollector.execute(ThrowableCollector.java:73)
	at org.junit.platform.engine.support.hierarchical.NodeTestTask.lambda$executeRecursively$8(NodeTestTask.java:141)
	at org.junit.platform.engine.support.hierarchical.Node.around(Node.java:137)
	at org.junit.platform.engine.support.hierarchical.NodeTestTask.lambda$executeRecursively$9(NodeTestTask.java:139)
	at org.junit.platform.engine.support.hierarchical.ThrowableCollector.execute(ThrowableCollector.java:73)
	at org.junit.platform.engine.support.hierarchical.NodeTestTask.executeRecursively(NodeTestTask.java:138)
	at org.junit.platform.engine.support.hierarchical.NodeTestTask.execute(NodeTestTask.java:95)
	at java.base/java.util.ArrayList.forEach(ArrayList.java:1596)
	at org.junit.platform.engine.support.hierarchical.SameThreadHierarchicalTestExecutorService.invokeAll(SameThreadHierarchicalTestExecutorService.java:41)
	at org.junit.platform.engine.support.hierarchical.NodeTestTask.lambda$executeRecursively$6(NodeTestTask.java:155)
	at org.junit.platform.engine.support.hierarchical.ThrowableCollector.execute(ThrowableCollector.java:73)
	at org.junit.platform.engine.support.hierarchical.NodeTestTask.lambda$executeRecursively$8(NodeTestTask.java:141)
	at org.junit.platform.engine.support.hierarchical.Node.around(Node.java:137)
	at org.junit.platform.engine.support.hierarchical.NodeTestTask.lambda$executeRecursively$9(NodeTestTask.java:139)
	at org.junit.platform.engine.support.hierarchical.ThrowableCollector.execute(ThrowableCollector.java:73)
	at org.junit.platform.engine.support.hierarchical.NodeTestTask.executeRecursively(NodeTestTask.java:138)
	at org.junit.platform.engine.support.hierarchical.NodeTestTask.execute(NodeTestTask.java:95)
	at org.junit.platform.engine.support.hierarchical.SameThreadHierarchicalTestExecutorService.submit(SameThreadHierarchicalTestExecutorService.java:35)
	at org.junit.platform.engine.support.hierarchical.HierarchicalTestExecutor.execute(HierarchicalTestExecutor.java:57)
	at org.junit.platform.engine.support.hierarchical.HierarchicalTestEngine.execute(HierarchicalTestEngine.java:54)
	at org.junit.platform.launcher.core.EngineExecutionOrchestrator.execute(EngineExecutionOrchestrator.java:198)
	at org.junit.platform.launcher.core.EngineExecutionOrchestrator.execute(EngineExecutionOrchestrator.java:169)
	at org.junit.platform.launcher.core.EngineExecutionOrchestrator.execute(EngineExecutionOrchestrator.java:93)
	at org.junit.platform.launcher.core.EngineExecutionOrchestrator.lambda$execute$0(EngineExecutionOrchestrator.java:58)
	at org.junit.platform.launcher.core.EngineExecutionOrchestrator.withInterceptedStreams(EngineExecutionOrchestrator.java:141)
	at org.junit.platform.launcher.core.EngineExecutionOrchestrator.execute(EngineExecutionOrchestrator.java:57)
	at org.junit.platform.launcher.core.DefaultLauncher.execute(DefaultLauncher.java:103)
	at org.junit.platform.launcher.core.DefaultLauncher.execute(DefaultLauncher.java:85)
	at org.junit.platform.launcher.core.DelegatingLauncher.execute(DelegatingLauncher.java:47)
	at org.apache.maven.surefire.junitplatform.LazyLauncher.execute(LazyLauncher.java:56)
	at org.apache.maven.surefire.junitplatform.JUnitPlatformProvider.execute(JUnitPlatformProvider.java:184)
	at org.apache.maven.surefire.junitplatform.JUnitPlatformProvider.invokeAllTests(JUnitPlatformProvider.java:148)
	at org.apache.maven.surefire.junitplatform.JUnitPlatformProvider.invoke(JUnitPlatformProvider.java:122)
	at org.apache.maven.surefire.booter.ForkedBooter.runSuitesInProcess(ForkedBooter.java:385)
	at org.apache.maven.surefire.booter.ForkedBooter.execute(ForkedBooter.java:162)
	at org.apache.maven.surefire.booter.ForkedBooter.run(ForkedBooter.java:507)
	at org.apache.maven.surefire.booter.ForkedBooter.main(ForkedBooter.java:495)
Caused by: java.lang.ClassNotFoundException: jakarta.el.ExpressionFactory
	... 105 common frames omitted
10:24:05.548 [main] DEBUG org.hibernate.validator.messageinterpolation.ResourceBundleMessageInterpolator - Failed to load expression factory via classloader jdk.internal.loader.ClassLoaders$AppClassLoader@70dea4e
java.lang.NoClassDefFoundError: jakarta/el/ExpressionFactory
	at org.hibernate.validator.messageinterpolation.ResourceBundleMessageInterpolator.canLoadExpressionFactory(ResourceBundleMessageInterpolator.java:228)
	at org.hibernate.validator.messageinterpolation.ResourceBundleMessageInterpolator.buildExpressionFactory(ResourceBundleMessageInterpolator.java:186)
	at org.hibernate.validator.messageinterpolation.ResourceBundleMessageInterpolator.<init>(ResourceBundleMessageInterpolator.java:97)
	at org.hibernate.validator.internal.engine.AbstractConfigurationImpl.getDefaultMessageInterpolator(AbstractConfigurationImpl.java:575)
	at org.hibernate.validator.internal.engine.AbstractConfigurationImpl.getDefaultMessageInterpolatorConfiguredWithClassLoader(AbstractConfigurationImpl.java:834)
	at org.hibernate.validator.internal.engine.AbstractConfigurationImpl.getMessageInterpolator(AbstractConfigurationImpl.java:485)
	at org.hibernate.validator.internal.engine.ValidatorFactoryImpl.<init>(ValidatorFactoryImpl.java:157)
	at org.hibernate.validator.HibernateValidator.buildValidatorFactory(HibernateValidator.java:38)
	at org.hibernate.validator.internal.engine.AbstractConfigurationImpl.buildValidatorFactory(AbstractConfigurationImpl.java:453)
	at jakarta.validation.Validation.buildDefaultValidatorFactory(Validation.java:103)
	at org.hibernate.boot.beanvalidation.TypeSafeActivator.getValidatorFactory(TypeSafeActivator.java:482)
	at org.hibernate.boot.beanvalidation.TypeSafeActivator.activate(TypeSafeActivator.java:79)
	at java.base/jdk.internal.reflect.DirectMethodHandleAccessor.invoke(DirectMethodHandleAccessor.java:103)
	at java.base/java.lang.reflect.Method.invoke(Method.java:580)
	at org.hibernate.boot.beanvalidation.BeanValidationIntegrator.integrate(BeanValidationIntegrator.java:139)
	at org.hibernate.internal.SessionFactoryImpl.integrate(SessionFactoryImpl.java:517)
	at org.hibernate.internal.SessionFactoryImpl.<init>(SessionFactoryImpl.java:276)
	at org.hibernate.boot.internal.SessionFactoryBuilderImpl.build(SessionFactoryBuilderImpl.java:457)
	at org.hibernate.jpa.boot.internal.EntityManagerFactoryBuilderImpl.build(EntityManagerFactoryBuilderImpl.java:1506)
	at org.hibernate.jpa.HibernatePersistenceProvider.createEntityManagerFactory(HibernatePersistenceProvider.java:55)
	at jakarta.persistence.Persistence.createEntityManagerFactory(Persistence.java:80)
	at org.frcpm.config.DatabaseConfig.initialize(DatabaseConfig.java:114)
	at org.frcpm.config.DatabaseConfig.initialize(DatabaseConfig.java:28)
	at org.frcpm.config.DatabaseConfig.getEntityManager(DatabaseConfig.java:144)
	at org.frcpm.repositories.impl.JpaRepositoryImpl.getEntityManager(JpaRepositoryImpl.java:37)
	at org.frcpm.repositories.impl.JpaRepositoryImpl.findAll(JpaRepositoryImpl.java:56)
	at org.frcpm.services.impl.AbstractService.findAll(AbstractService.java:35)
	at org.frcpm.viewmodels.MainViewModel.loadProjects(MainViewModel.java:249)
	at org.frcpm.viewmodels.MainViewModel.<init>(MainViewModel.java:196)
	at org.frcpm.viewmodels.MainViewModel.<init>(MainViewModel.java:96)
	at org.frcpm.controllers.MainController.<init>(MainController.java:38)
	at org.frcpm.controllers.MainControllerTest.setUp(MainControllerTest.java:32)
	at java.base/jdk.internal.reflect.DirectMethodHandleAccessor.invoke(DirectMethodHandleAccessor.java:103)
	at java.base/java.lang.reflect.Method.invoke(Method.java:580)
	at org.junit.platform.commons.util.ReflectionUtils.invokeMethod(ReflectionUtils.java:728)
	at org.junit.jupiter.engine.execution.MethodInvocation.proceed(MethodInvocation.java:60)
	at org.junit.jupiter.engine.execution.InvocationInterceptorChain$ValidatingInvocation.proceed(InvocationInterceptorChain.java:131)
	at org.junit.jupiter.engine.extension.TimeoutExtension.intercept(TimeoutExtension.java:156)
	at org.junit.jupiter.engine.extension.TimeoutExtension.interceptLifecycleMethod(TimeoutExtension.java:128)
	at org.junit.jupiter.engine.extension.TimeoutExtension.interceptBeforeEachMethod(TimeoutExtension.java:78)
	at org.junit.jupiter.engine.execution.InterceptingExecutableInvoker$ReflectiveInterceptorCall.lambda$ofVoidMethod$0(InterceptingExecutableInvoker.java:103)
	at org.junit.jupiter.engine.execution.InterceptingExecutableInvoker.lambda$invoke$0(InterceptingExecutableInvoker.java:93)
	at org.junit.jupiter.engine.execution.InvocationInterceptorChain$InterceptedInvocation.proceed(InvocationInterceptorChain.java:106)
	at org.junit.jupiter.engine.execution.InvocationInterceptorChain.proceed(InvocationInterceptorChain.java:64)
	at org.junit.jupiter.engine.execution.InvocationInterceptorChain.chainAndInvoke(InvocationInterceptorChain.java:45)
	at org.junit.jupiter.engine.execution.InvocationInterceptorChain.invoke(InvocationInterceptorChain.java:37)
	at org.junit.jupiter.engine.execution.InterceptingExecutableInvoker.invoke(InterceptingExecutableInvoker.java:92)
	at org.junit.jupiter.engine.execution.InterceptingExecutableInvoker.invoke(InterceptingExecutableInvoker.java:86)
	at org.junit.jupiter.engine.descriptor.ClassBasedTestDescriptor.invokeMethodInExtensionContext(ClassBasedTestDescriptor.java:521)
	at org.junit.jupiter.engine.descriptor.ClassBasedTestDescriptor.lambda$synthesizeBeforeEachMethodAdapter$23(ClassBasedTestDescriptor.java:506)
	at org.junit.jupiter.engine.descriptor.TestMethodTestDescriptor.lambda$invokeBeforeEachMethods$3(TestMethodTestDescriptor.java:175)
	at org.junit.jupiter.engine.descriptor.TestMethodTestDescriptor.lambda$invokeBeforeMethodsOrCallbacksUntilExceptionOccurs$6(TestMethodTestDescriptor.java:203)
	at org.junit.platform.engine.support.hierarchical.ThrowableCollector.execute(ThrowableCollector.java:73)
	at org.junit.jupiter.engine.descriptor.TestMethodTestDescriptor.invokeBeforeMethodsOrCallbacksUntilExceptionOccurs(TestMethodTestDescriptor.java:203)
	at org.junit.jupiter.engine.descriptor.TestMethodTestDescriptor.invokeBeforeEachMethods(TestMethodTestDescriptor.java:172)
	at org.junit.jupiter.engine.descriptor.TestMethodTestDescriptor.execute(TestMethodTestDescriptor.java:135)
	at org.junit.jupiter.engine.descriptor.TestMethodTestDescriptor.execute(TestMethodTestDescriptor.java:69)
	at org.junit.platform.engine.support.hierarchical.NodeTestTask.lambda$executeRecursively$6(NodeTestTask.java:151)
	at org.junit.platform.engine.support.hierarchical.ThrowableCollector.execute(ThrowableCollector.java:73)
	at org.junit.platform.engine.support.hierarchical.NodeTestTask.lambda$executeRecursively$8(NodeTestTask.java:141)
	at org.junit.platform.engine.support.hierarchical.Node.around(Node.java:137)
	at org.junit.platform.engine.support.hierarchical.NodeTestTask.lambda$executeRecursively$9(NodeTestTask.java:139)
	at org.junit.platform.engine.support.hierarchical.ThrowableCollector.execute(ThrowableCollector.java:73)
	at org.junit.platform.engine.support.hierarchical.NodeTestTask.executeRecursively(NodeTestTask.java:138)
	at org.junit.platform.engine.support.hierarchical.NodeTestTask.execute(NodeTestTask.java:95)
	at java.base/java.util.ArrayList.forEach(ArrayList.java:1596)
	at org.junit.platform.engine.support.hierarchical.SameThreadHierarchicalTestExecutorService.invokeAll(SameThreadHierarchicalTestExecutorService.java:41)
	at org.junit.platform.engine.support.hierarchical.NodeTestTask.lambda$executeRecursively$6(NodeTestTask.java:155)
	at org.junit.platform.engine.support.hierarchical.ThrowableCollector.execute(ThrowableCollector.java:73)
	at org.junit.platform.engine.support.hierarchical.NodeTestTask.lambda$executeRecursively$8(NodeTestTask.java:141)
	at org.junit.platform.engine.support.hierarchical.Node.around(Node.java:137)
	at org.junit.platform.engine.support.hierarchical.NodeTestTask.lambda$executeRecursively$9(NodeTestTask.java:139)
	at org.junit.platform.engine.support.hierarchical.ThrowableCollector.execute(ThrowableCollector.java:73)
	at org.junit.platform.engine.support.hierarchical.NodeTestTask.executeRecursively(NodeTestTask.java:138)
	at org.junit.platform.engine.support.hierarchical.NodeTestTask.execute(NodeTestTask.java:95)
	at java.base/java.util.ArrayList.forEach(ArrayList.java:1596)
	at org.junit.platform.engine.support.hierarchical.SameThreadHierarchicalTestExecutorService.invokeAll(SameThreadHierarchicalTestExecutorService.java:41)
	at org.junit.platform.engine.support.hierarchical.NodeTestTask.lambda$executeRecursively$6(NodeTestTask.java:155)
	at org.junit.platform.engine.support.hierarchical.ThrowableCollector.execute(ThrowableCollector.java:73)
	at org.junit.platform.engine.support.hierarchical.NodeTestTask.lambda$executeRecursively$8(NodeTestTask.java:141)
	at org.junit.platform.engine.support.hierarchical.Node.around(Node.java:137)
	at org.junit.platform.engine.support.hierarchical.NodeTestTask.lambda$executeRecursively$9(NodeTestTask.java:139)
	at org.junit.platform.engine.support.hierarchical.ThrowableCollector.execute(ThrowableCollector.java:73)
	at org.junit.platform.engine.support.hierarchical.NodeTestTask.executeRecursively(NodeTestTask.java:138)
	at org.junit.platform.engine.support.hierarchical.NodeTestTask.execute(NodeTestTask.java:95)
	at org.junit.platform.engine.support.hierarchical.SameThreadHierarchicalTestExecutorService.submit(SameThreadHierarchicalTestExecutorService.java:35)
	at org.junit.platform.engine.support.hierarchical.HierarchicalTestExecutor.execute(HierarchicalTestExecutor.java:57)
	at org.junit.platform.engine.support.hierarchical.HierarchicalTestEngine.execute(HierarchicalTestEngine.java:54)
	at org.junit.platform.launcher.core.EngineExecutionOrchestrator.execute(EngineExecutionOrchestrator.java:198)
	at org.junit.platform.launcher.core.EngineExecutionOrchestrator.execute(EngineExecutionOrchestrator.java:169)
	at org.junit.platform.launcher.core.EngineExecutionOrchestrator.execute(EngineExecutionOrchestrator.java:93)
	at org.junit.platform.launcher.core.EngineExecutionOrchestrator.lambda$execute$0(EngineExecutionOrchestrator.java:58)
	at org.junit.platform.launcher.core.EngineExecutionOrchestrator.withInterceptedStreams(EngineExecutionOrchestrator.java:141)
	at org.junit.platform.launcher.core.EngineExecutionOrchestrator.execute(EngineExecutionOrchestrator.java:57)
	at org.junit.platform.launcher.core.DefaultLauncher.execute(DefaultLauncher.java:103)
	at org.junit.platform.launcher.core.DefaultLauncher.execute(DefaultLauncher.java:85)
	at org.junit.platform.launcher.core.DelegatingLauncher.execute(DelegatingLauncher.java:47)
	at org.apache.maven.surefire.junitplatform.LazyLauncher.execute(LazyLauncher.java:56)
	at org.apache.maven.surefire.junitplatform.JUnitPlatformProvider.execute(JUnitPlatformProvider.java:184)
	at org.apache.maven.surefire.junitplatform.JUnitPlatformProvider.invokeAllTests(JUnitPlatformProvider.java:148)
	at org.apache.maven.surefire.junitplatform.JUnitPlatformProvider.invoke(JUnitPlatformProvider.java:122)
	at org.apache.maven.surefire.booter.ForkedBooter.runSuitesInProcess(ForkedBooter.java:385)
	at org.apache.maven.surefire.booter.ForkedBooter.execute(ForkedBooter.java:162)
	at org.apache.maven.surefire.booter.ForkedBooter.run(ForkedBooter.java:507)
	at org.apache.maven.surefire.booter.ForkedBooter.main(ForkedBooter.java:495)
Caused by: java.lang.ClassNotFoundException: jakarta.el.ExpressionFactory
	... 105 common frames omitted
10:24:05.550 [main] DEBUG org.hibernate.boot.beanvalidation.TypeSafeActivator - Unable to acquire Bean Validation ValidatorFactory, skipping activation
10:24:05.553 [main] DEBUG org.hibernate.query.sqm.function.SqmFunctionRegistry - Registered SqmFunctionTemplate [NamedSqmFunctionTemplate(max)] under max; prior registration was null
10:24:05.554 [main] DEBUG org.hibernate.query.sqm.function.SqmFunctionRegistry - Registered SqmFunctionTemplate [NamedSqmFunctionTemplate(min)] under min; prior registration was null
10:24:05.554 [main] DEBUG org.hibernate.query.sqm.function.SqmFunctionRegistry - Registered SqmFunctionTemplate [NamedSqmFunctionTemplate(sum)] under sum; prior registration was null
10:24:05.554 [main] DEBUG org.hibernate.query.sqm.function.SqmFunctionRegistry - Registered SqmFunctionTemplate [NamedSqmFunctionTemplate(avg)] under avg; prior registration was null
10:24:05.554 [main] DEBUG org.hibernate.query.sqm.function.SqmFunctionRegistry - Registered SqmFunctionTemplate [org.hibernate.dialect.function.CountFunction@40e86f55] under count; prior registration was null
10:24:05.554 [main] DEBUG org.hibernate.query.sqm.function.SqmFunctionRegistry - Registered SqmFunctionTemplate [org.hibernate.dialect.function.EveryAnyEmulation@1f8d3539] under every; prior registration was null
10:24:05.554 [main] DEBUG org.hibernate.query.sqm.function.SqmFunctionRegistry - Registered SqmFunctionTemplate [org.hibernate.dialect.function.EveryAnyEmulation@70295fa4] under any; prior registration was null
10:24:05.554 [main] DEBUG org.hibernate.query.sqm.function.SqmFunctionRegistry - Registered SqmFunctionTemplate [NamedSqmFunctionTemplate(floor)] under floor; prior registration was null
10:24:05.554 [main] DEBUG org.hibernate.query.sqm.function.SqmFunctionRegistry - Registered SqmFunctionTemplate [NamedSqmFunctionTemplate(ceiling)] under ceiling; prior registration was null
10:24:05.554 [main] DEBUG org.hibernate.query.sqm.function.SqmFunctionRegistry - Registered SqmFunctionTemplate [NamedSqmFunctionTemplate(mod)] under mod; prior registration was null
10:24:05.554 [main] DEBUG org.hibernate.query.sqm.function.SqmFunctionRegistry - Registered SqmFunctionTemplate [NamedSqmFunctionTemplate(abs)] under abs; prior registration was null
10:24:05.554 [main] DEBUG org.hibernate.query.sqm.function.SqmFunctionRegistry - Registered SqmFunctionTemplate [NamedSqmFunctionTemplate(sign)] under sign; prior registration was null
10:24:05.554 [main] DEBUG org.hibernate.query.sqm.function.SqmFunctionRegistry - Registered SqmFunctionTemplate [NamedSqmFunctionTemplate(sqrt)] under sqrt; prior registration was null
10:24:05.554 [main] DEBUG org.hibernate.query.sqm.function.SqmFunctionRegistry - Registered SqmFunctionTemplate [NamedSqmFunctionTemplate(ln)] under ln; prior registration was null
10:24:05.554 [main] DEBUG org.hibernate.query.sqm.function.SqmFunctionRegistry - Registered SqmFunctionTemplate [NamedSqmFunctionTemplate(exp)] under exp; prior registration was null
10:24:05.554 [main] DEBUG org.hibernate.query.sqm.function.SqmFunctionRegistry - Registered SqmFunctionTemplate [NamedSqmFunctionTemplate(power)] under power; prior registration was null
10:24:05.554 [main] DEBUG org.hibernate.query.sqm.function.SqmFunctionRegistry - Registered SqmFunctionTemplate [NamedSqmFunctionTemplate(round)] under round; prior registration was null
10:24:05.554 [main] DEBUG org.hibernate.query.sqm.function.SqmFunctionRegistry - Registered SqmFunctionTemplate [NamedSqmFunctionTemplate(sin)] under sin; prior registration was null
10:24:05.554 [main] DEBUG org.hibernate.query.sqm.function.SqmFunctionRegistry - Registered SqmFunctionTemplate [NamedSqmFunctionTemplate(cos)] under cos; prior registration was null
10:24:05.554 [main] DEBUG org.hibernate.query.sqm.function.SqmFunctionRegistry - Registered SqmFunctionTemplate [NamedSqmFunctionTemplate(tan)] under tan; prior registration was null
10:24:05.554 [main] DEBUG org.hibernate.query.sqm.function.SqmFunctionRegistry - Registered SqmFunctionTemplate [NamedSqmFunctionTemplate(asin)] under asin; prior registration was null
10:24:05.554 [main] DEBUG org.hibernate.query.sqm.function.SqmFunctionRegistry - Registered SqmFunctionTemplate [NamedSqmFunctionTemplate(acos)] under acos; prior registration was null
10:24:05.554 [main] DEBUG org.hibernate.query.sqm.function.SqmFunctionRegistry - Registered SqmFunctionTemplate [NamedSqmFunctionTemplate(atan)] under atan; prior registration was null
10:24:05.554 [main] DEBUG org.hibernate.query.sqm.function.SqmFunctionRegistry - Registered SqmFunctionTemplate [NamedSqmFunctionTemplate(atan2)] under atan2; prior registration was null
10:24:05.554 [main] DEBUG org.hibernate.query.sqm.function.SqmFunctionRegistry - Registered SqmFunctionTemplate [org.hibernate.query.sqm.function.PatternBasedSqmFunctionDescriptor@3f90f77a] under sinh; prior registration was null
10:24:05.554 [main] DEBUG org.hibernate.query.sqm.function.SqmFunctionRegistry - Registered SqmFunctionTemplate [org.hibernate.query.sqm.function.PatternBasedSqmFunctionDescriptor@3c81a51a] under cosh; prior registration was null
10:24:05.554 [main] DEBUG org.hibernate.query.sqm.function.SqmFunctionRegistry - Registered SqmFunctionTemplate [org.hibernate.query.sqm.function.PatternBasedSqmFunctionDescriptor@4a536b4e] under tanh; prior registration was null
10:24:05.554 [main] DEBUG org.hibernate.query.sqm.function.SqmFunctionRegistry - Registered SqmFunctionTemplate [org.hibernate.query.sqm.function.PatternBasedSqmFunctionDescriptor@70bdc9df] under pi; prior registration was null
10:24:05.554 [main] DEBUG org.hibernate.query.sqm.function.SqmFunctionRegistry - Registered SqmFunctionTemplate [org.hibernate.query.sqm.function.PatternBasedSqmFunctionDescriptor@482ecb95] under log; prior registration was null
10:24:05.554 [main] DEBUG org.hibernate.query.sqm.function.SqmFunctionRegistry - Registered SqmFunctionTemplate [NamedSqmFunctionTemplate(coalesce)] under coalesce; prior registration was null
10:24:05.554 [main] DEBUG org.hibernate.query.sqm.function.SqmFunctionRegistry - Registered SqmFunctionTemplate [NamedSqmFunctionTemplate(nullif)] under nullif; prior registration was null
10:24:05.554 [main] DEBUG org.hibernate.query.sqm.function.SqmFunctionRegistry - Registered SqmFunctionTemplate [NamedSqmFunctionTemplate(left)] under left; prior registration was null
10:24:05.554 [main] DEBUG org.hibernate.query.sqm.function.SqmFunctionRegistry - Registered SqmFunctionTemplate [NamedSqmFunctionTemplate(right)] under right; prior registration was null
10:24:05.554 [main] DEBUG org.hibernate.query.sqm.function.SqmFunctionRegistry - Registered SqmFunctionTemplate [NamedSqmFunctionTemplate(replace)] under replace; prior registration was null
10:24:05.554 [main] DEBUG org.hibernate.query.sqm.function.SqmFunctionRegistry - Registered SqmFunctionTemplate [NamedSqmFunctionTemplate(concat)] under concat; prior registration was null
10:24:05.554 [main] DEBUG org.hibernate.query.sqm.function.SqmFunctionRegistry - Registered SqmFunctionTemplate [NamedSqmFunctionTemplate(lower)] under lower; prior registration was null
10:24:05.554 [main] DEBUG org.hibernate.query.sqm.function.SqmFunctionRegistry - Registered SqmFunctionTemplate [NamedSqmFunctionTemplate(upper)] under upper; prior registration was null
10:24:05.554 [main] DEBUG org.hibernate.query.sqm.function.SqmFunctionRegistry - Registered SqmFunctionTemplate [NamedSqmFunctionTemplate(substring)] under substring; prior registration was null
10:24:05.554 [main] DEBUG org.hibernate.query.sqm.function.SqmFunctionRegistry - Registered SqmFunctionTemplate [NamedSqmFunctionTemplate(locate)] under locate; prior registration was null
10:24:05.554 [main] DEBUG org.hibernate.query.sqm.function.SqmFunctionRegistry - Registered SqmFunctionTemplate [NamedSqmFunctionTemplate(character_length)] under character_length; prior registration was null
10:24:05.554 [main] DEBUG org.hibernate.query.sqm.function.SqmFunctionRegistry - Registering alternate key : length -> character_length
10:24:05.554 [main] DEBUG org.hibernate.query.sqm.function.SqmFunctionRegistry - Registered SqmFunctionTemplate [org.hibernate.dialect.function.LocatePositionEmulation@79360eff] under position; prior registration was null
10:24:05.554 [main] DEBUG org.hibernate.query.sqm.function.SqmFunctionRegistry - Registered SqmFunctionTemplate [org.hibernate.dialect.function.InsertSubstringOverlayEmulation@28ee138c] under overlay; prior registration was null
10:24:05.554 [main] DEBUG org.hibernate.query.sqm.function.SqmFunctionRegistry - Registered SqmFunctionTemplate [org.hibernate.dialect.function.TrimFunction@3683c47f] under trim; prior registration was null
10:24:05.554 [main] DEBUG org.hibernate.query.sqm.function.SqmFunctionRegistry - Registered SqmFunctionTemplate [org.hibernate.dialect.function.CastFunction@84fd359] under cast; prior registration was null
10:24:05.554 [main] DEBUG org.hibernate.query.sqm.function.SqmFunctionRegistry - Registered SqmFunctionTemplate [org.hibernate.query.sqm.function.PatternBasedSqmFunctionDescriptor@41c77559] under collate; prior registration was null
10:24:05.554 [main] DEBUG org.hibernate.query.sqm.function.SqmFunctionRegistry - Registered SqmFunctionTemplate [org.hibernate.dialect.function.ExtractFunction@196d7c9e] under extract; prior registration was null
10:24:05.554 [main] DEBUG org.hibernate.query.sqm.function.SqmFunctionRegistry - Registered SqmFunctionTemplate [NamedSqmFunctionTemplate(least)] under least; prior registration was null
10:24:05.554 [main] DEBUG org.hibernate.query.sqm.function.SqmFunctionRegistry - Registered SqmFunctionTemplate [NamedSqmFunctionTemplate(greatest)] under greatest; prior registration was null
10:24:05.554 [main] DEBUG org.hibernate.query.sqm.function.SqmFunctionRegistry - Registered SqmFunctionTemplate [org.hibernate.dialect.function.CoalesceIfnullEmulation@31e5f3f0] under ifnull; prior registration was null
10:24:05.554 [main] DEBUG org.hibernate.query.sqm.function.SqmFunctionRegistry - Registered SqmFunctionTemplate [NamedSqmFunctionTemplate(lpad)] under lpad; prior registration was null
10:24:05.554 [main] DEBUG org.hibernate.query.sqm.function.SqmFunctionRegistry - Registered SqmFunctionTemplate [NamedSqmFunctionTemplate(rpad)] under rpad; prior registration was null
10:24:05.554 [main] DEBUG org.hibernate.query.sqm.function.SqmFunctionRegistry - Registered SqmFunctionTemplate [org.hibernate.dialect.function.LpadRpadPadEmulation@47c62b8e] under pad; prior registration was null
10:24:05.554 [main] DEBUG org.hibernate.query.sqm.function.SqmFunctionRegistry - Registered SqmFunctionTemplate [org.hibernate.dialect.function.CastStrEmulation@3dd1f392] under str; prior registration was null
10:24:05.554 [main] DEBUG org.hibernate.query.sqm.function.SqmFunctionRegistry - Registered SqmFunctionTemplate [org.hibernate.dialect.function.FormatFunction@4faaf13a] under format; prior registration was null
10:24:05.554 [main] DEBUG org.hibernate.query.sqm.function.SqmFunctionRegistry - Registered SqmFunctionTemplate [org.hibernate.dialect.function.TimestampaddFunction@514ee14c] under timestampadd; prior registration was null
10:24:05.554 [main] DEBUG org.hibernate.query.sqm.function.SqmFunctionRegistry - Registered SqmFunctionTemplate [org.hibernate.dialect.function.TimestampdiffFunction@27a22ab0] under timestampdiff; prior registration was null
10:24:05.554 [main] DEBUG org.hibernate.query.sqm.function.SqmFunctionRegistry - Registering alternate key : dateadd -> timestampadd
10:24:05.554 [main] DEBUG org.hibernate.query.sqm.function.SqmFunctionRegistry - Registering alternate key : datediff -> timestampdiff
10:24:05.554 [main] DEBUG org.hibernate.query.sqm.function.SqmFunctionRegistry - Registered SqmFunctionTemplate [org.hibernate.dialect.function.CurrentFunction@155d00b5] under current_date; prior registration was null
10:24:05.554 [main] DEBUG org.hibernate.query.sqm.function.SqmFunctionRegistry - Registered SqmFunctionTemplate [org.hibernate.dialect.function.CurrentFunction@de61005] under current_time; prior registration was null
10:24:05.554 [main] DEBUG org.hibernate.query.sqm.function.SqmFunctionRegistry - Registered SqmFunctionTemplate [org.hibernate.dialect.function.CurrentFunction@2b84d474] under current_timestamp; prior registration was null
10:24:05.554 [main] DEBUG org.hibernate.query.sqm.function.SqmFunctionRegistry - Registering alternate key : current date -> current_date
10:24:05.554 [main] DEBUG org.hibernate.query.sqm.function.SqmFunctionRegistry - Registering alternate key : current time -> current_time
10:24:05.554 [main] DEBUG org.hibernate.query.sqm.function.SqmFunctionRegistry - Registering alternate key : current timestamp -> current_timestamp
10:24:05.554 [main] DEBUG org.hibernate.query.sqm.function.SqmFunctionRegistry - Registered SqmFunctionTemplate [org.hibernate.dialect.function.CurrentFunction@1d458c1e] under local_date; prior registration was null
10:24:05.554 [main] DEBUG org.hibernate.query.sqm.function.SqmFunctionRegistry - Registered SqmFunctionTemplate [org.hibernate.dialect.function.CurrentFunction@60607fab] under local_time; prior registration was null
10:24:05.554 [main] DEBUG org.hibernate.query.sqm.function.SqmFunctionRegistry - Registered SqmFunctionTemplate [org.hibernate.dialect.function.CurrentFunction@5d3b2d9a] under local_datetime; prior registration was null
10:24:05.554 [main] DEBUG org.hibernate.query.sqm.function.SqmFunctionRegistry - Registered SqmFunctionTemplate [org.hibernate.dialect.function.CurrentFunction@5011753d] under offset_datetime; prior registration was null
10:24:05.554 [main] DEBUG org.hibernate.query.sqm.function.SqmFunctionRegistry - Registering alternate key : local date -> local_date
10:24:05.554 [main] DEBUG org.hibernate.query.sqm.function.SqmFunctionRegistry - Registering alternate key : local time -> local_time
10:24:05.554 [main] DEBUG org.hibernate.query.sqm.function.SqmFunctionRegistry - Registering alternate key : local datetime -> local_datetime
10:24:05.554 [main] DEBUG org.hibernate.query.sqm.function.SqmFunctionRegistry - Registering alternate key : offset datetime -> offset_datetime
10:24:05.554 [main] DEBUG org.hibernate.query.sqm.function.SqmFunctionRegistry - Registered SqmFunctionTemplate [org.hibernate.dialect.function.CurrentFunction@6105265d] under instant; prior registration was null
10:24:05.554 [main] DEBUG org.hibernate.query.sqm.function.SqmFunctionRegistry - Registering alternate key : current_instant -> instant
10:24:05.554 [main] DEBUG org.hibernate.query.sqm.function.SqmFunctionRegistry - Registered SqmFunctionTemplate [org.hibernate.dialect.function.SqlFunction@2fb90f1] under sql; prior registration was null
10:24:05.554 [main] DEBUG org.hibernate.query.sqm.function.SqmFunctionRegistry - Registered SqmFunctionTemplate [NamedSqmFunctionTemplate(max)] under max; prior registration was NamedSqmFunctionTemplate(max)
10:24:05.555 [main] DEBUG org.hibernate.query.sqm.function.SqmFunctionRegistry - Registered SqmFunctionTemplate [NamedSqmFunctionTemplate(min)] under min; prior registration was NamedSqmFunctionTemplate(min)
10:24:05.555 [main] DEBUG org.hibernate.query.sqm.function.SqmFunctionRegistry - Registered SqmFunctionTemplate [NamedSqmFunctionTemplate(sum)] under sum; prior registration was NamedSqmFunctionTemplate(sum)
10:24:05.555 [main] DEBUG org.hibernate.query.sqm.function.SqmFunctionRegistry - Registered SqmFunctionTemplate [NamedSqmFunctionTemplate(avg)] under avg; prior registration was NamedSqmFunctionTemplate(avg)
10:24:05.555 [main] DEBUG org.hibernate.query.sqm.function.SqmFunctionRegistry - Registered SqmFunctionTemplate [org.hibernate.dialect.function.CountFunction@6283ac9] under count; prior registration was org.hibernate.dialect.function.CountFunction@40e86f55
10:24:05.555 [main] DEBUG org.hibernate.query.sqm.function.SqmFunctionRegistry - Registered SqmFunctionTemplate [org.hibernate.dialect.function.AvgFunction@5d4b0fac] under avg; prior registration was NamedSqmFunctionTemplate(avg)
10:24:05.555 [main] DEBUG org.hibernate.query.sqm.function.SqmFunctionRegistry - Registered SqmFunctionTemplate [NamedSqmFunctionTemplate(pi)] under pi; prior registration was org.hibernate.query.sqm.function.PatternBasedSqmFunctionDescriptor@70bdc9df
10:24:05.555 [main] DEBUG org.hibernate.query.sqm.function.SqmFunctionRegistry - Registered SqmFunctionTemplate [NamedSqmFunctionTemplate(cot)] under cot; prior registration was null
10:24:05.555 [main] DEBUG org.hibernate.query.sqm.function.SqmFunctionRegistry - Registered SqmFunctionTemplate [NamedSqmFunctionTemplate(radians)] under radians; prior registration was null
10:24:05.555 [main] DEBUG org.hibernate.query.sqm.function.SqmFunctionRegistry - Registered SqmFunctionTemplate [NamedSqmFunctionTemplate(degrees)] under degrees; prior registration was null
10:24:05.555 [main] DEBUG org.hibernate.query.sqm.function.SqmFunctionRegistry - Registered SqmFunctionTemplate [NamedSqmFunctionTemplate(log10)] under log10; prior registration was null
10:24:05.555 [main] DEBUG org.hibernate.query.sqm.function.SqmFunctionRegistry - Registered SqmFunctionTemplate [org.hibernate.query.sqm.function.PatternBasedSqmFunctionDescriptor@1534fd96] under mod; prior registration was NamedSqmFunctionTemplate(mod)
10:24:05.555 [main] DEBUG org.hibernate.query.sqm.function.SqmFunctionRegistry - Registered SqmFunctionTemplate [NamedSqmFunctionTemplate(rand)] under rand; prior registration was null
10:24:05.555 [main] DEBUG org.hibernate.query.sqm.function.SqmFunctionRegistry - Registered SqmFunctionTemplate [NamedSqmFunctionTemplate(soundex)] under soundex; prior registration was null
10:24:05.555 [main] DEBUG org.hibernate.query.sqm.function.SqmFunctionRegistry - Registered SqmFunctionTemplate [NamedSqmFunctionTemplate(translate)] under translate; prior registration was null
10:24:05.555 [main] DEBUG org.hibernate.query.sqm.function.SqmFunctionRegistry - Registered SqmFunctionTemplate [NamedSqmFunctionTemplate(bitand)] under bitand; prior registration was null
10:24:05.555 [main] DEBUG org.hibernate.query.sqm.function.SqmFunctionRegistry - Registered SqmFunctionTemplate [NamedSqmFunctionTemplate(bitor)] under bitor; prior registration was null
10:24:05.555 [main] DEBUG org.hibernate.query.sqm.function.SqmFunctionRegistry - Registered SqmFunctionTemplate [NamedSqmFunctionTemplate(bitxor)] under bitxor; prior registration was null
10:24:05.555 [main] DEBUG org.hibernate.query.sqm.function.SqmFunctionRegistry - Registered SqmFunctionTemplate [NamedSqmFunctionTemplate(bitnot)] under bitnot; prior registration was null
10:24:05.555 [main] DEBUG org.hibernate.query.sqm.function.SqmFunctionRegistry - Registered SqmFunctionTemplate [NamedSqmFunctionTemplate(bit_and)] under bit_and; prior registration was null
10:24:05.555 [main] DEBUG org.hibernate.query.sqm.function.SqmFunctionRegistry - Registered SqmFunctionTemplate [NamedSqmFunctionTemplate(bit_or)] under bit_or; prior registration was null
10:24:05.555 [main] DEBUG org.hibernate.query.sqm.function.SqmFunctionRegistry - Registered SqmFunctionTemplate [NamedSqmFunctionTemplate(day)] under day; prior registration was null
10:24:05.555 [main] DEBUG org.hibernate.query.sqm.function.SqmFunctionRegistry - Registered SqmFunctionTemplate [NamedSqmFunctionTemplate(month)] under month; prior registration was null
10:24:05.555 [main] DEBUG org.hibernate.query.sqm.function.SqmFunctionRegistry - Registered SqmFunctionTemplate [NamedSqmFunctionTemplate(year)] under year; prior registration was null
10:24:05.555 [main] DEBUG org.hibernate.query.sqm.function.SqmFunctionRegistry - Registered SqmFunctionTemplate [NamedSqmFunctionTemplate(hour)] under hour; prior registration was null
10:24:05.555 [main] DEBUG org.hibernate.query.sqm.function.SqmFunctionRegistry - Registered SqmFunctionTemplate [NamedSqmFunctionTemplate(minute)] under minute; prior registration was null
10:24:05.555 [main] DEBUG org.hibernate.query.sqm.function.SqmFunctionRegistry - Registered SqmFunctionTemplate [NamedSqmFunctionTemplate(second)] under second; prior registration was null
10:24:05.555 [main] DEBUG org.hibernate.query.sqm.function.SqmFunctionRegistry - Registered SqmFunctionTemplate [NamedSqmFunctionTemplate(microsecond)] under microsecond; prior registration was null
10:24:05.555 [main] DEBUG org.hibernate.query.sqm.function.SqmFunctionRegistry - Registered SqmFunctionTemplate [NamedSqmFunctionTemplate(day_of_week)] under day_of_week; prior registration was null
10:24:05.555 [main] DEBUG org.hibernate.query.sqm.function.SqmFunctionRegistry - Registered SqmFunctionTemplate [NamedSqmFunctionTemplate(day_of_month)] under day_of_month; prior registration was null
10:24:05.555 [main] DEBUG org.hibernate.query.sqm.function.SqmFunctionRegistry - Registering alternate key : day -> day_of_month
10:24:05.555 [main] DEBUG org.hibernate.query.sqm.function.SqmFunctionRegistry - Registered SqmFunctionTemplate [NamedSqmFunctionTemplate(day_of_year)] under day_of_year; prior registration was null
10:24:05.555 [main] DEBUG org.hibernate.query.sqm.function.SqmFunctionRegistry - Registered SqmFunctionTemplate [NamedSqmFunctionTemplate(week)] under week; prior registration was null
10:24:05.555 [main] DEBUG org.hibernate.query.sqm.function.SqmFunctionRegistry - Registered SqmFunctionTemplate [NamedSqmFunctionTemplate(quarter)] under quarter; prior registration was null
10:24:05.555 [main] DEBUG org.hibernate.query.sqm.function.SqmFunctionRegistry - Registered SqmFunctionTemplate [NamedSqmFunctionTemplate(monthname)] under monthname; prior registration was null
10:24:05.555 [main] DEBUG org.hibernate.query.sqm.function.SqmFunctionRegistry - Registered SqmFunctionTemplate [NamedSqmFunctionTemplate(dayname)] under dayname; prior registration was null
10:24:05.555 [main] DEBUG org.hibernate.query.sqm.function.SqmFunctionRegistry - Registered SqmFunctionTemplate [NamedSqmFunctionTemplate(localtime)] under localtime; prior registration was null
10:24:05.555 [main] DEBUG org.hibernate.query.sqm.function.SqmFunctionRegistry - Registered SqmFunctionTemplate [NamedSqmFunctionTemplate(localtimestamp)] under localtimestamp; prior registration was null
10:24:05.555 [main] DEBUG org.hibernate.query.sqm.function.SqmFunctionRegistry - Registered SqmFunctionTemplate [NamedSqmFunctionTemplate(localtime)] under local_time; prior registration was org.hibernate.dialect.function.CurrentFunction@60607fab
10:24:05.555 [main] DEBUG org.hibernate.query.sqm.function.SqmFunctionRegistry - Registered SqmFunctionTemplate [NamedSqmFunctionTemplate(localtimestamp)] under local_datetime; prior registration was org.hibernate.dialect.function.CurrentFunction@5d3b2d9a
10:24:05.555 [main] DEBUG org.hibernate.query.sqm.function.SqmFunctionRegistry - Registered SqmFunctionTemplate [org.hibernate.dialect.function.TruncFunction@4b969bd9] under trunc; prior registration was null
10:24:05.555 [main] DEBUG org.hibernate.query.sqm.function.SqmFunctionRegistry - Registering alternate key : truncate -> trunc
10:24:05.555 [main] DEBUG org.hibernate.query.sqm.function.SqmFunctionRegistry - Registered SqmFunctionTemplate [org.hibernate.query.sqm.function.PatternBasedSqmFunctionDescriptor@caf0e10] under date_trunc; prior registration was null
10:24:05.555 [main] DEBUG org.hibernate.query.sqm.function.SqmFunctionRegistry - Registered SqmFunctionTemplate [NamedSqmFunctionTemplate(bit_length)] under bit_length; prior registration was null
10:24:05.555 [main] DEBUG org.hibernate.query.sqm.function.SqmFunctionRegistry - Registered SqmFunctionTemplate [NamedSqmFunctionTemplate(octet_length)] under octet_length; prior registration was null
10:24:05.555 [main] DEBUG org.hibernate.query.sqm.function.SqmFunctionRegistry - Registered SqmFunctionTemplate [NamedSqmFunctionTemplate(ascii)] under ascii; prior registration was null
10:24:05.555 [main] DEBUG org.hibernate.query.sqm.function.SqmFunctionRegistry - Registered SqmFunctionTemplate [NamedSqmFunctionTemplate(octet_length)] under octet_length; prior registration was NamedSqmFunctionTemplate(octet_length)
10:24:05.555 [main] DEBUG org.hibernate.query.sqm.function.SqmFunctionRegistry - Registered SqmFunctionTemplate [NamedSqmFunctionTemplate(space)] under space; prior registration was null
10:24:05.555 [main] DEBUG org.hibernate.query.sqm.function.SqmFunctionRegistry - Registered SqmFunctionTemplate [NamedSqmFunctionTemplate(repeat)] under repeat; prior registration was null
10:24:05.555 [main] DEBUG org.hibernate.query.sqm.function.SqmFunctionRegistry - Registered SqmFunctionTemplate [NamedSqmFunctionTemplate(char)] under char; prior registration was null
10:24:05.555 [main] DEBUG org.hibernate.query.sqm.function.SqmFunctionRegistry - Registering alternate key : chr -> char
10:24:05.555 [main] DEBUG org.hibernate.query.sqm.function.SqmFunctionRegistry - Registered SqmFunctionTemplate [NamedSqmFunctionTemplate(instr)] under instr; prior registration was null
10:24:05.555 [main] DEBUG org.hibernate.query.sqm.function.SqmFunctionRegistry - Registered SqmFunctionTemplate [NamedSqmFunctionTemplate(substr)] under substr; prior registration was null
10:24:05.555 [main] DEBUG org.hibernate.query.sqm.function.SqmFunctionRegistry - Registered SqmFunctionTemplate [org.hibernate.query.sqm.function.PatternBasedSqmFunctionDescriptor@99c5646] under position; prior registration was org.hibernate.dialect.function.LocatePositionEmulation@79360eff
10:24:05.555 [main] DEBUG org.hibernate.query.sqm.function.SqmFunctionRegistry - Registered SqmFunctionTemplate [NamedSqmFunctionTemplate(ltrim)] under ltrim; prior registration was null
10:24:05.555 [main] DEBUG org.hibernate.query.sqm.function.SqmFunctionRegistry - Registered SqmFunctionTemplate [NamedSqmFunctionTemplate(rtrim)] under rtrim; prior registration was null
10:24:05.555 [main] DEBUG org.hibernate.query.sqm.function.SqmFunctionRegistry - Registered SqmFunctionTemplate [org.hibernate.query.sqm.function.PatternBasedSqmFunctionDescriptor@3bf6c2ae] under concat; prior registration was NamedSqmFunctionTemplate(concat)
10:24:05.555 [main] DEBUG org.hibernate.query.sqm.function.SqmFunctionRegistry - Registered SqmFunctionTemplate [NamedSqmFunctionTemplate(curtime)] under curtime; prior registration was null
10:24:05.555 [main] DEBUG org.hibernate.query.sqm.function.SqmFunctionRegistry - Registered SqmFunctionTemplate [NamedSqmFunctionTemplate(curdate)] under curdate; prior registration was null
10:24:05.555 [main] DEBUG org.hibernate.query.sqm.function.SqmFunctionRegistry - Registered SqmFunctionTemplate [NamedSqmFunctionTemplate(now)] under now; prior registration was null
10:24:05.555 [main] DEBUG org.hibernate.query.sqm.function.SqmFunctionRegistry - Registered SqmFunctionTemplate [NamedSqmFunctionTemplate(sysdate)] under sysdate; prior registration was null
10:24:05.555 [main] DEBUG org.hibernate.query.sqm.function.SqmFunctionRegistry - Registered SqmFunctionTemplate [NamedSqmFunctionTemplate(insert)] under insert; prior registration was null
10:24:05.555 [main] DEBUG org.hibernate.query.sqm.function.SqmFunctionRegistry - Registered SqmFunctionTemplate [NamedSqmFunctionTemplate(bool_and)] under bool_and; prior registration was null
10:24:05.555 [main] DEBUG org.hibernate.query.sqm.function.SqmFunctionRegistry - Registering alternate key : every -> bool_and
10:24:05.555 [main] DEBUG org.hibernate.query.sqm.function.SqmFunctionRegistry - Registered SqmFunctionTemplate [NamedSqmFunctionTemplate(bool_or)] under bool_or; prior registration was null
10:24:05.555 [main] DEBUG org.hibernate.query.sqm.function.SqmFunctionRegistry - Registering alternate key : any -> bool_or
10:24:05.555 [main] DEBUG org.hibernate.query.sqm.function.SqmFunctionRegistry - Registered SqmFunctionTemplate [NamedSqmFunctionTemplate(median)] under median; prior registration was null
10:24:05.555 [main] DEBUG org.hibernate.query.sqm.function.SqmFunctionRegistry - Registered SqmFunctionTemplate [NamedSqmFunctionTemplate(stddev_pop)] under stddev_pop; prior registration was null
10:24:05.555 [main] DEBUG org.hibernate.query.sqm.function.SqmFunctionRegistry - Registered SqmFunctionTemplate [NamedSqmFunctionTemplate(stddev_samp)] under stddev_samp; prior registration was null
10:24:05.555 [main] DEBUG org.hibernate.query.sqm.function.SqmFunctionRegistry - Registered SqmFunctionTemplate [NamedSqmFunctionTemplate(var_pop)] under var_pop; prior registration was null
10:24:05.555 [main] DEBUG org.hibernate.query.sqm.function.SqmFunctionRegistry - Registered SqmFunctionTemplate [NamedSqmFunctionTemplate(var_samp)] under var_samp; prior registration was null
10:24:05.555 [main] DEBUG org.hibernate.query.sqm.function.SqmFunctionRegistry - Registered SqmFunctionTemplate [org.hibernate.dialect.function.FormatFunction@44c1ce5a] under format; prior registration was org.hibernate.dialect.function.FormatFunction@4faaf13a
10:24:05.555 [main] DEBUG org.hibernate.query.sqm.function.SqmFunctionRegistry - Registered SqmFunctionTemplate [NamedSqmFunctionTemplate(rownum)] under rownum; prior registration was null
10:24:05.555 [main] DEBUG org.hibernate.query.sqm.function.SqmFunctionRegistry - Registered SqmFunctionTemplate [NamedSqmFunctionTemplate(row_number)] under row_number; prior registration was null
10:24:05.555 [main] DEBUG org.hibernate.query.sqm.function.SqmFunctionRegistry - Registered SqmFunctionTemplate [NamedSqmFunctionTemplate(lag)] under lag; prior registration was null
10:24:05.555 [main] DEBUG org.hibernate.query.sqm.function.SqmFunctionRegistry - Registered SqmFunctionTemplate [NamedSqmFunctionTemplate(lead)] under lead; prior registration was null
10:24:05.555 [main] DEBUG org.hibernate.query.sqm.function.SqmFunctionRegistry - Registered SqmFunctionTemplate [NamedSqmFunctionTemplate(first_value)] under first_value; prior registration was null
10:24:05.555 [main] DEBUG org.hibernate.query.sqm.function.SqmFunctionRegistry - Registered SqmFunctionTemplate [NamedSqmFunctionTemplate(last_value)] under last_value; prior registration was null
10:24:05.555 [main] DEBUG org.hibernate.query.sqm.function.SqmFunctionRegistry - Registered SqmFunctionTemplate [NamedSqmFunctionTemplate(nth_value)] under nth_value; prior registration was null
10:24:05.555 [main] DEBUG org.hibernate.query.sqm.function.SqmFunctionRegistry - Registered SqmFunctionTemplate [org.hibernate.dialect.function.ListaggFunction@306a875c] under listagg; prior registration was null
10:24:05.555 [main] DEBUG org.hibernate.query.sqm.function.SqmFunctionRegistry - Registered SqmFunctionTemplate [org.hibernate.dialect.function.InverseDistributionFunction@5bafd971] under mode; prior registration was null
10:24:05.555 [main] DEBUG org.hibernate.query.sqm.function.SqmFunctionRegistry - Registered SqmFunctionTemplate [org.hibernate.dialect.function.InverseDistributionFunction@56418318] under percentile_cont; prior registration was null
10:24:05.555 [main] DEBUG org.hibernate.query.sqm.function.SqmFunctionRegistry - Registered SqmFunctionTemplate [org.hibernate.dialect.function.InverseDistributionFunction@1c382494] under percentile_disc; prior registration was null
10:24:05.555 [main] DEBUG org.hibernate.query.sqm.function.SqmFunctionRegistry - Registered SqmFunctionTemplate [org.hibernate.dialect.function.HypotheticalSetFunction@788c0028] under rank; prior registration was null
10:24:05.555 [main] DEBUG org.hibernate.query.sqm.function.SqmFunctionRegistry - Registered SqmFunctionTemplate [org.hibernate.dialect.function.HypotheticalSetFunction@5dcd3a19] under dense_rank; prior registration was null
10:24:05.555 [main] DEBUG org.hibernate.query.sqm.function.SqmFunctionRegistry - Registered SqmFunctionTemplate [org.hibernate.dialect.function.HypotheticalSetFunction@7ce2bfb] under percent_rank; prior registration was null
10:24:05.555 [main] DEBUG org.hibernate.query.sqm.function.SqmFunctionRegistry - Registered SqmFunctionTemplate [org.hibernate.dialect.function.HypotheticalSetFunction@5a8fb312] under cume_dist; prior registration was null
10:24:05.555 [main] DEBUG org.hibernate.query.sqm.function.SqmFunctionRegistry - Registered SqmFunctionTemplate [org.hibernate.dialect.function.array.ArrayConstructorFunction@421a752b] under array; prior registration was null
10:24:05.555 [main] DEBUG org.hibernate.query.sqm.function.SqmFunctionRegistry - Registered SqmFunctionTemplate [org.hibernate.dialect.function.array.ArrayConstructorFunction@76339283] under array_list; prior registration was null
10:24:05.555 [main] DEBUG org.hibernate.query.sqm.function.SqmFunctionRegistry - Registered SqmFunctionTemplate [org.hibernate.dialect.function.array.ArrayAggFunction@d4fe4d] under array_agg; prior registration was null
10:24:05.555 [main] DEBUG org.hibernate.query.sqm.function.SqmFunctionRegistry - Registered SqmFunctionTemplate [org.hibernate.dialect.function.array.H2ArrayPositionFunction@27e4ca66] under array_position; prior registration was null
10:24:05.556 [main] DEBUG org.hibernate.query.sqm.function.SqmFunctionRegistry - Registered SqmFunctionTemplate [org.hibernate.dialect.function.array.H2ArrayPositionsFunction@5c8b6b4d] under array_positions; prior registration was null
10:24:05.556 [main] DEBUG org.hibernate.query.sqm.function.SqmFunctionRegistry - Registered SqmFunctionTemplate [org.hibernate.dialect.function.array.H2ArrayPositionsFunction@7abc82fa] under array_positions_list; prior registration was null
10:24:05.556 [main] DEBUG org.hibernate.query.sqm.function.SqmFunctionRegistry - Registered SqmFunctionTemplate [org.hibernate.query.sqm.function.PatternBasedSqmFunctionDescriptor@7e7a6f81] under array_length; prior registration was null
10:24:05.556 [main] DEBUG org.hibernate.query.sqm.function.SqmFunctionRegistry - Registered SqmFunctionTemplate [org.hibernate.dialect.function.array.ArrayConcatFunction@79acb200] under array_concat; prior registration was null
10:24:05.556 [main] DEBUG org.hibernate.query.sqm.function.SqmFunctionRegistry - Registered SqmFunctionTemplate [org.hibernate.dialect.function.array.ArrayConcatElementFunction@548bdfda] under array_prepend; prior registration was null
10:24:05.556 [main] DEBUG org.hibernate.query.sqm.function.SqmFunctionRegistry - Registered SqmFunctionTemplate [org.hibernate.dialect.function.array.ArrayConcatElementFunction@4a3e3ce3] under array_append; prior registration was null
10:24:05.556 [main] DEBUG org.hibernate.query.sqm.function.SqmFunctionRegistry - Registered SqmFunctionTemplate [org.hibernate.dialect.function.array.H2ArrayContainsFunction@67954442] under array_contains; prior registration was null
10:24:05.556 [main] DEBUG org.hibernate.query.sqm.function.SqmFunctionRegistry - Registered SqmFunctionTemplate [org.hibernate.dialect.function.array.H2ArrayContainsFunction@7bb5c602] under array_contains_nullable; prior registration was null
10:24:05.556 [main] DEBUG org.hibernate.query.sqm.function.SqmFunctionRegistry - Registered SqmFunctionTemplate [org.hibernate.dialect.function.array.H2ArrayOverlapsFunction@714ab3a1] under array_overlaps; prior registration was null
10:24:05.556 [main] DEBUG org.hibernate.query.sqm.function.SqmFunctionRegistry - Registered SqmFunctionTemplate [org.hibernate.dialect.function.array.H2ArrayOverlapsFunction@4aa8504f] under array_overlaps_nullable; prior registration was null
10:24:05.556 [main] DEBUG org.hibernate.query.sqm.function.SqmFunctionRegistry - Registered SqmFunctionTemplate [org.hibernate.query.sqm.function.PatternBasedSqmFunctionDescriptor@7d2aa0c] under array_get; prior registration was null
10:24:05.556 [main] DEBUG org.hibernate.query.sqm.function.SqmFunctionRegistry - Registered SqmFunctionTemplate [org.hibernate.dialect.function.array.H2ArraySetFunction@5282f922] under array_set; prior registration was null
10:24:05.556 [main] DEBUG org.hibernate.query.sqm.function.SqmFunctionRegistry - Registered SqmFunctionTemplate [org.hibernate.dialect.function.array.H2ArrayRemoveFunction@76f18f68] under array_remove; prior registration was null
10:24:05.556 [main] DEBUG org.hibernate.query.sqm.function.SqmFunctionRegistry - Registered SqmFunctionTemplate [org.hibernate.dialect.function.array.H2ArrayRemoveIndexFunction@7e5383d1] under array_remove_index; prior registration was null
10:24:05.556 [main] DEBUG org.hibernate.query.sqm.function.SqmFunctionRegistry - Registered SqmFunctionTemplate [org.hibernate.query.sqm.function.PatternBasedSqmFunctionDescriptor@6c43d4dd] under array_slice; prior registration was null
10:24:05.556 [main] DEBUG org.hibernate.query.sqm.function.SqmFunctionRegistry - Registered SqmFunctionTemplate [org.hibernate.dialect.function.array.H2ArrayReplaceFunction@29cd7b9e] under array_replace; prior registration was null
10:24:05.556 [main] DEBUG org.hibernate.query.sqm.function.SqmFunctionRegistry - Registered SqmFunctionTemplate [org.hibernate.query.sqm.function.PatternBasedSqmFunctionDescriptor@53bd2b00] under array_trim; prior registration was null
10:24:05.556 [main] DEBUG org.hibernate.query.sqm.function.SqmFunctionRegistry - Registered SqmFunctionTemplate [org.hibernate.dialect.function.array.H2ArrayFillFunction@319267ad] under array_fill; prior registration was null
10:24:05.556 [main] DEBUG org.hibernate.query.sqm.function.SqmFunctionRegistry - Registered SqmFunctionTemplate [org.hibernate.dialect.function.array.H2ArrayFillFunction@4305b87e] under array_fill_list; prior registration was null
10:24:05.556 [main] DEBUG org.hibernate.query.sqm.function.SqmFunctionRegistry - Registered SqmFunctionTemplate [org.hibernate.dialect.function.array.H2ArrayToStringFunction@1d62a0b] under array_to_string; prior registration was null
10:24:05.557 [main] DEBUG org.hibernate.HQL_FUNCTIONS - abs(NUMERIC arg)
10:24:05.557 [main] DEBUG org.hibernate.HQL_FUNCTIONS - Double acos(NUMERIC arg)
10:24:05.557 [main] DEBUG org.hibernate.HQL_FUNCTIONS - Boolean any(BOOLEAN predicate)
10:24:05.557 [main] DEBUG org.hibernate.HQL_FUNCTIONS - array( ... )
10:24:05.557 [main] DEBUG org.hibernate.HQL_FUNCTIONS - array_agg(arg)
10:24:05.557 [main] DEBUG org.hibernate.HQL_FUNCTIONS - array_append( ... )
10:24:05.557 [main] DEBUG org.hibernate.HQL_FUNCTIONS - array_concat( ... )
10:24:05.557 [main] DEBUG org.hibernate.HQL_FUNCTIONS - Boolean array_contains(ARRAY haystackArray, OBJECT needleElementOrArray)
10:24:05.557 [main] DEBUG org.hibernate.HQL_FUNCTIONS - Boolean array_contains_nullable(ARRAY haystackArray, OBJECT needleElementOrArray)
10:24:05.557 [main] DEBUG org.hibernate.HQL_FUNCTIONS - array_fill(OBJECT element, INTEGER elementCount)
10:24:05.557 [main] DEBUG org.hibernate.HQL_FUNCTIONS - array_fill_list(OBJECT element, INTEGER elementCount)
10:24:05.557 [main] DEBUG org.hibernate.HQL_FUNCTIONS - array_get(ARRAY array, INTEGER index)
10:24:05.557 [main] DEBUG org.hibernate.HQL_FUNCTIONS - Integer array_length(ARRAY array)
10:24:05.557 [main] DEBUG org.hibernate.HQL_FUNCTIONS - array_list( ... )
10:24:05.557 [main] DEBUG org.hibernate.HQL_FUNCTIONS - Boolean array_overlaps(ARRAY array0, OBJECT array1)
10:24:05.557 [main] DEBUG org.hibernate.HQL_FUNCTIONS - Boolean array_overlaps_nullable(ARRAY array0, OBJECT array1)
10:24:05.557 [main] DEBUG org.hibernate.HQL_FUNCTIONS - Integer array_position(ARRAY array, OBJECT element[, INTEGER startPosition])
10:24:05.557 [main] DEBUG org.hibernate.HQL_FUNCTIONS - int[] array_positions(ARRAY array, OBJECT element)
10:24:05.558 [main] DEBUG org.hibernate.HQL_FUNCTIONS - List array_positions_list(ARRAY array, OBJECT element)
10:24:05.558 [main] DEBUG org.hibernate.HQL_FUNCTIONS - array_prepend( ... )
10:24:05.558 [main] DEBUG org.hibernate.HQL_FUNCTIONS - array_remove( ... )
10:24:05.558 [main] DEBUG org.hibernate.HQL_FUNCTIONS - array_remove_index( ... )
10:24:05.558 [main] DEBUG org.hibernate.HQL_FUNCTIONS - array_replace( ... )
10:24:05.558 [main] DEBUG org.hibernate.HQL_FUNCTIONS - array_set( ... )
10:24:05.558 [main] DEBUG org.hibernate.HQL_FUNCTIONS - array_slice(ARRAY array, INTEGER start, INTEGER end)
10:24:05.558 [main] DEBUG org.hibernate.HQL_FUNCTIONS - String array_to_string( ... )
10:24:05.558 [main] DEBUG org.hibernate.HQL_FUNCTIONS - array_trim(ARRAY array, INTEGER elementsToRemove)
10:24:05.558 [main] DEBUG org.hibernate.HQL_FUNCTIONS - Integer ascii(STRING arg)
10:24:05.558 [main] DEBUG org.hibernate.HQL_FUNCTIONS - Double asin(NUMERIC arg)
10:24:05.558 [main] DEBUG org.hibernate.HQL_FUNCTIONS - Double atan(NUMERIC arg)
10:24:05.558 [main] DEBUG org.hibernate.HQL_FUNCTIONS - Double atan2(NUMERIC arg0, NUMERIC arg1)
10:24:05.558 [main] DEBUG org.hibernate.HQL_FUNCTIONS - avg(NUMERIC arg)
10:24:05.558 [main] DEBUG org.hibernate.HQL_FUNCTIONS - bit_and(arg)
10:24:05.558 [main] DEBUG org.hibernate.HQL_FUNCTIONS - Integer bit_length(STRING_OR_CLOB arg)
10:24:05.558 [main] DEBUG org.hibernate.HQL_FUNCTIONS - bit_or(arg)
10:24:05.558 [main] DEBUG org.hibernate.HQL_FUNCTIONS - bitand(arg0, arg1)
10:24:05.558 [main] DEBUG org.hibernate.HQL_FUNCTIONS - bitnot(arg)
10:24:05.558 [main] DEBUG org.hibernate.HQL_FUNCTIONS - bitor(arg0, arg1)
10:24:05.558 [main] DEBUG org.hibernate.HQL_FUNCTIONS - bitxor(arg0, arg1)
10:24:05.558 [main] DEBUG org.hibernate.HQL_FUNCTIONS - Boolean bool_and(BOOLEAN predicate)
10:24:05.558 [main] DEBUG org.hibernate.HQL_FUNCTIONS - Boolean bool_or(BOOLEAN predicate)
10:24:05.558 [main] DEBUG org.hibernate.HQL_FUNCTIONS - cast(arg as Type)
10:24:05.558 [main] DEBUG org.hibernate.HQL_FUNCTIONS - ceiling(NUMERIC arg)
10:24:05.558 [main] DEBUG org.hibernate.HQL_FUNCTIONS - Character char(INTEGER arg)
10:24:05.558 [main] DEBUG org.hibernate.HQL_FUNCTIONS - Integer character_length(STRING_OR_CLOB arg)
10:24:05.558 [main] DEBUG org.hibernate.HQL_FUNCTIONS - Character chr(INTEGER arg)
10:24:05.558 [main] DEBUG org.hibernate.HQL_FUNCTIONS - coalesce(arg0[, arg1[, ...]])
10:24:05.558 [main] DEBUG org.hibernate.HQL_FUNCTIONS - String collate(STRING string as COLLATION collation)
10:24:05.558 [main] DEBUG org.hibernate.HQL_FUNCTIONS - String concat(STRING string0[, STRING string1[, ...]])
10:24:05.558 [main] DEBUG org.hibernate.HQL_FUNCTIONS - Double cos(NUMERIC arg)
10:24:05.558 [main] DEBUG org.hibernate.HQL_FUNCTIONS - Double cosh(NUMERIC arg)
10:24:05.558 [main] DEBUG org.hibernate.HQL_FUNCTIONS - Double cot(NUMERIC arg)
10:24:05.558 [main] DEBUG org.hibernate.HQL_FUNCTIONS - Long count([distinct ]{arg|*})
10:24:05.558 [main] DEBUG org.hibernate.HQL_FUNCTIONS - Double cume_dist([arg0[, ...]])
10:24:05.558 [main] DEBUG org.hibernate.HQL_FUNCTIONS - Date curdate()
10:24:05.558 [main] DEBUG org.hibernate.HQL_FUNCTIONS - Date current date
10:24:05.558 [main] DEBUG org.hibernate.HQL_FUNCTIONS - Time current time
10:24:05.558 [main] DEBUG org.hibernate.HQL_FUNCTIONS - Timestamp current timestamp
10:24:05.558 [main] DEBUG org.hibernate.HQL_FUNCTIONS - Date current_date
10:24:05.558 [main] DEBUG org.hibernate.HQL_FUNCTIONS - Instant current_instant
10:24:05.558 [main] DEBUG org.hibernate.HQL_FUNCTIONS - Time current_time
10:24:05.558 [main] DEBUG org.hibernate.HQL_FUNCTIONS - Timestamp current_timestamp
10:24:05.558 [main] DEBUG org.hibernate.HQL_FUNCTIONS - Time curtime()
10:24:05.559 [main] DEBUG org.hibernate.HQL_FUNCTIONS - date_trunc(STRING field, TEMPORAL datetime)
10:24:05.559 [main] DEBUG org.hibernate.HQL_FUNCTIONS - dateadd(TEMPORAL_UNIT field, INTEGER magnitude, TEMPORAL datetime)
10:24:05.559 [main] DEBUG org.hibernate.HQL_FUNCTIONS - Long|Double datediff(TEMPORAL_UNIT field, TEMPORAL start, TEMPORAL end)
10:24:05.559 [main] DEBUG org.hibernate.HQL_FUNCTIONS - Integer day(DATE arg)
10:24:05.559 [main] DEBUG org.hibernate.HQL_FUNCTIONS - Integer day_of_month(DATE arg)
10:24:05.559 [main] DEBUG org.hibernate.HQL_FUNCTIONS - Integer day_of_week(DATE arg)
10:24:05.559 [main] DEBUG org.hibernate.HQL_FUNCTIONS - Integer day_of_year(DATE arg)
10:24:05.559 [main] DEBUG org.hibernate.HQL_FUNCTIONS - String dayname(DATE arg)
10:24:05.559 [main] DEBUG org.hibernate.HQL_FUNCTIONS - Double degrees(NUMERIC arg)
10:24:05.559 [main] DEBUG org.hibernate.HQL_FUNCTIONS - Long dense_rank([arg0[, ...]])
10:24:05.559 [main] DEBUG org.hibernate.HQL_FUNCTIONS - Boolean every(BOOLEAN predicate)
10:24:05.559 [main] DEBUG org.hibernate.HQL_FUNCTIONS - Double exp(NUMERIC arg)
10:24:05.559 [main] DEBUG org.hibernate.HQL_FUNCTIONS - extract(TEMPORAL_UNIT field from TEMPORAL arg)
10:24:05.559 [main] DEBUG org.hibernate.HQL_FUNCTIONS - first_valueANY value
10:24:05.559 [main] DEBUG org.hibernate.HQL_FUNCTIONS - floor(NUMERIC arg)
10:24:05.559 [main] DEBUG org.hibernate.HQL_FUNCTIONS - String format(TEMPORAL datetime as STRING pattern)
10:24:05.559 [main] DEBUG org.hibernate.HQL_FUNCTIONS - greatest(COMPARABLE arg0, COMPARABLE arg1[, arg2[, ...]])
10:24:05.559 [main] DEBUG org.hibernate.HQL_FUNCTIONS - Integer hour(TIME arg)
10:24:05.559 [main] DEBUG org.hibernate.HQL_FUNCTIONS - ifnull(arg0, arg1)
10:24:05.559 [main] DEBUG org.hibernate.HQL_FUNCTIONS - String insert(STRING string, INTEGER start, INTEGER length, STRING replacement)
10:24:05.559 [main] DEBUG org.hibernate.HQL_FUNCTIONS - Instant instant
10:24:05.559 [main] DEBUG org.hibernate.HQL_FUNCTIONS - Integer instr(STRING string, STRING pattern[, INTEGER start[, INTEGER occurrence]])
10:24:05.559 [main] DEBUG org.hibernate.HQL_FUNCTIONS - lagANY value[, INTEGER offset[, ANY default]]
10:24:05.559 [main] DEBUG org.hibernate.HQL_FUNCTIONS - last_valueANY value
10:24:05.559 [main] DEBUG org.hibernate.HQL_FUNCTIONS - leadANY value[, INTEGER offset[, ANY default]]
10:24:05.559 [main] DEBUG org.hibernate.HQL_FUNCTIONS - least(COMPARABLE arg0, COMPARABLE arg1[, arg2[, ...]])
10:24:05.559 [main] DEBUG org.hibernate.HQL_FUNCTIONS - String left(STRING string, INTEGER length)
10:24:05.559 [main] DEBUG org.hibernate.HQL_FUNCTIONS - Integer length(STRING_OR_CLOB arg)
10:24:05.559 [main] DEBUG org.hibernate.HQL_FUNCTIONS - String listagg(STRING arg0, STRING arg1)
10:24:05.559 [main] DEBUG org.hibernate.HQL_FUNCTIONS - Double ln(NUMERIC arg)
10:24:05.559 [main] DEBUG org.hibernate.HQL_FUNCTIONS - LocalDate local date
10:24:05.559 [main] DEBUG org.hibernate.HQL_FUNCTIONS - LocalDateTime local datetime
10:24:05.559 [main] DEBUG org.hibernate.HQL_FUNCTIONS - LocalTime local time
10:24:05.559 [main] DEBUG org.hibernate.HQL_FUNCTIONS - LocalDate local_date
10:24:05.559 [main] DEBUG org.hibernate.HQL_FUNCTIONS - LocalDateTime local_datetime
10:24:05.559 [main] DEBUG org.hibernate.HQL_FUNCTIONS - LocalTime local_time
10:24:05.559 [main] DEBUG org.hibernate.HQL_FUNCTIONS - Time localtime
10:24:05.560 [main] DEBUG org.hibernate.HQL_FUNCTIONS - Timestamp localtimestamp
10:24:05.560 [main] DEBUG org.hibernate.HQL_FUNCTIONS - Integer locate(STRING pattern, STRING string[, INTEGER start])
10:24:05.560 [main] DEBUG org.hibernate.HQL_FUNCTIONS - Double log(NUMERIC base, NUMERIC arg)
10:24:05.560 [main] DEBUG org.hibernate.HQL_FUNCTIONS - Double log10(NUMERIC arg)
10:24:05.560 [main] DEBUG org.hibernate.HQL_FUNCTIONS - String lower(STRING string)
10:24:05.560 [main] DEBUG org.hibernate.HQL_FUNCTIONS - String lpad(STRING string, INTEGER length[, STRING padding])
10:24:05.560 [main] DEBUG org.hibernate.HQL_FUNCTIONS - String ltrim(STRING string)
10:24:05.560 [main] DEBUG org.hibernate.HQL_FUNCTIONS - max(COMPARABLE arg)
10:24:05.560 [main] DEBUG org.hibernate.HQL_FUNCTIONS - Double median(NUMERIC arg)
10:24:05.560 [main] DEBUG org.hibernate.HQL_FUNCTIONS - Integer microsecond(TIME arg)
10:24:05.560 [main] DEBUG org.hibernate.HQL_FUNCTIONS - min(COMPARABLE arg)
10:24:05.560 [main] DEBUG org.hibernate.HQL_FUNCTIONS - Integer minute(TIME arg)
10:24:05.560 [main] DEBUG org.hibernate.HQL_FUNCTIONS - Integer mod(INTEGER arg0, INTEGER arg1)
10:24:05.560 [main] DEBUG org.hibernate.HQL_FUNCTIONS - mode()
10:24:05.560 [main] DEBUG org.hibernate.HQL_FUNCTIONS - Integer month(DATE arg)
10:24:05.560 [main] DEBUG org.hibernate.HQL_FUNCTIONS - String monthname(DATE arg)
10:24:05.560 [main] DEBUG org.hibernate.HQL_FUNCTIONS - Timestamp now()
10:24:05.560 [main] DEBUG org.hibernate.HQL_FUNCTIONS - nth_valueANY value, INTEGER nth
10:24:05.560 [main] DEBUG org.hibernate.HQL_FUNCTIONS - nullif(arg0, arg1)
10:24:05.560 [main] DEBUG org.hibernate.HQL_FUNCTIONS - Integer octet_length(STRING_OR_CLOB arg)
10:24:05.560 [main] DEBUG org.hibernate.HQL_FUNCTIONS - OffsetDateTime offset datetime
10:24:05.560 [main] DEBUG org.hibernate.HQL_FUNCTIONS - OffsetDateTime offset_datetime
10:24:05.560 [main] DEBUG org.hibernate.HQL_FUNCTIONS - String overlay(STRING string placing STRING replacement from INTEGER start[ for INTEGER length])
10:24:05.560 [main] DEBUG org.hibernate.HQL_FUNCTIONS - String pad(STRING string with INTEGER length {leading|trailing}[ STRING character])
10:24:05.560 [main] DEBUG org.hibernate.HQL_FUNCTIONS - Double percent_rank([arg0[, ...]])
10:24:05.560 [main] DEBUG org.hibernate.HQL_FUNCTIONS - percentile_cont(NUMERIC arg)
10:24:05.560 [main] DEBUG org.hibernate.HQL_FUNCTIONS - percentile_disc(NUMERIC arg)
10:24:05.560 [main] DEBUG org.hibernate.HQL_FUNCTIONS - Double pi
10:24:05.560 [main] DEBUG org.hibernate.HQL_FUNCTIONS - Integer position(STRING pattern in STRING string)
10:24:05.560 [main] DEBUG org.hibernate.HQL_FUNCTIONS - Double power(NUMERIC arg0, NUMERIC arg1)
10:24:05.560 [main] DEBUG org.hibernate.HQL_FUNCTIONS - Integer quarter(DATE arg)
10:24:05.560 [main] DEBUG org.hibernate.HQL_FUNCTIONS - Double radians(NUMERIC arg)
10:24:05.560 [main] DEBUG org.hibernate.HQL_FUNCTIONS - Double rand([INTEGER seed])
10:24:05.560 [main] DEBUG org.hibernate.HQL_FUNCTIONS - Long rank([arg0[, ...]])
10:24:05.560 [main] DEBUG org.hibernate.HQL_FUNCTIONS - String repeat(STRING string, INTEGER times)
10:24:05.560 [main] DEBUG org.hibernate.HQL_FUNCTIONS - String replace(STRING string, STRING pattern, STRING replacement)
10:24:05.560 [main] DEBUG org.hibernate.HQL_FUNCTIONS - String right(STRING string, INTEGER length)
10:24:05.560 [main] DEBUG org.hibernate.HQL_FUNCTIONS - round(NUMERIC number[, INTEGER places])
10:24:05.560 [main] DEBUG org.hibernate.HQL_FUNCTIONS - Long row_number()
10:24:05.560 [main] DEBUG org.hibernate.HQL_FUNCTIONS - Long rownum()
10:24:05.560 [main] DEBUG org.hibernate.HQL_FUNCTIONS - String rpad(STRING string, INTEGER length[, STRING padding])
10:24:05.560 [main] DEBUG org.hibernate.HQL_FUNCTIONS - String rtrim(STRING string)
10:24:05.560 [main] DEBUG org.hibernate.HQL_FUNCTIONS - Integer second(TIME arg)
10:24:05.560 [main] DEBUG org.hibernate.HQL_FUNCTIONS - Integer sign(NUMERIC arg)
10:24:05.560 [main] DEBUG org.hibernate.HQL_FUNCTIONS - Double sin(NUMERIC arg)
10:24:05.560 [main] DEBUG org.hibernate.HQL_FUNCTIONS - Double sinh(NUMERIC arg)
10:24:05.561 [main] DEBUG org.hibernate.HQL_FUNCTIONS - String soundex(arg)
10:24:05.561 [main] DEBUG org.hibernate.HQL_FUNCTIONS - String space(INTEGER arg)
10:24:05.561 [main] DEBUG org.hibernate.HQL_FUNCTIONS - Object sql
10:24:05.561 [main] DEBUG org.hibernate.HQL_FUNCTIONS - Double sqrt(NUMERIC arg)
10:24:05.561 [main] DEBUG org.hibernate.HQL_FUNCTIONS - Double stddev_pop(NUMERIC arg)
10:24:05.561 [main] DEBUG org.hibernate.HQL_FUNCTIONS - Double stddev_samp(NUMERIC arg)
10:24:05.561 [main] DEBUG org.hibernate.HQL_FUNCTIONS - String str(arg)
10:24:05.561 [main] DEBUG org.hibernate.HQL_FUNCTIONS - String substr(STRING string, INTEGER start[, INTEGER length])
10:24:05.561 [main] DEBUG org.hibernate.HQL_FUNCTIONS - String substring(STRING string{ from|,} INTEGER start[{ for|,} INTEGER length])
10:24:05.561 [main] DEBUG org.hibernate.HQL_FUNCTIONS - sum(arg)
10:24:05.561 [main] DEBUG org.hibernate.HQL_FUNCTIONS - Timestamp sysdate
10:24:05.561 [main] DEBUG org.hibernate.HQL_FUNCTIONS - Double tan(NUMERIC arg)
10:24:05.561 [main] DEBUG org.hibernate.HQL_FUNCTIONS - Double tanh(NUMERIC arg)
10:24:05.561 [main] DEBUG org.hibernate.HQL_FUNCTIONS - timestampadd(TEMPORAL_UNIT field, INTEGER magnitude, TEMPORAL datetime)
10:24:05.561 [main] DEBUG org.hibernate.HQL_FUNCTIONS - Long|Double timestampdiff(TEMPORAL_UNIT field, TEMPORAL start, TEMPORAL end)
10:24:05.561 [main] DEBUG org.hibernate.HQL_FUNCTIONS - String translate(STRING arg0, STRING arg1, STRING arg2)
10:24:05.561 [main] DEBUG org.hibernate.HQL_FUNCTIONS - String trim([[{leading|trailing|both} ][STRING arg0 ]from] STRING arg1)
10:24:05.561 [main] DEBUG org.hibernate.HQL_FUNCTIONS - trunc( ... )
10:24:05.561 [main] DEBUG org.hibernate.HQL_FUNCTIONS - truncate( ... )
10:24:05.561 [main] DEBUG org.hibernate.HQL_FUNCTIONS - String upper(STRING string)
10:24:05.561 [main] DEBUG org.hibernate.HQL_FUNCTIONS - Double var_pop(NUMERIC arg)
10:24:05.561 [main] DEBUG org.hibernate.HQL_FUNCTIONS - Double var_samp(NUMERIC arg)
10:24:05.561 [main] DEBUG org.hibernate.HQL_FUNCTIONS - Integer week(DATE arg)
10:24:05.561 [main] DEBUG org.hibernate.HQL_FUNCTIONS - Integer year(DATE arg)
10:24:05.561 [main] DEBUG org.hibernate.orm.query.plan.cache - Starting QueryInterpretationCache(2048)
10:24:05.563 [main] DEBUG org.hibernate.service.internal.SessionFactoryServiceRegistryImpl - EventListenerRegistry access via ServiceRegistry is deprecated.  Use `sessionFactory.getEventEngine().getListenerRegistry()` instead
10:24:05.563 [main] DEBUG org.hibernate.event.internal.EntityCopyObserverFactoryInitiator - Configured EntityCopyObserver strategy: disallow
10:24:05.565 [main] DEBUG org.hibernate.boot.internal.ClassLoaderAccessImpl - Not known whether passed class name [org.frcpm.models.Attendance] is safe
10:24:05.566 [main] DEBUG org.hibernate.boot.internal.ClassLoaderAccessImpl - No temp ClassLoader provided; using live ClassLoader for loading potentially unsafe class : org.frcpm.models.Attendance
10:24:05.568 [FRC-PM-HikariCP connection adder] DEBUG com.zaxxer.hikari.pool.HikariPool - FRC-PM-HikariCP - After adding stats (total=2, active=0, idle=2, waiting=0)
10:24:05.586 [main] DEBUG org.hibernate.bytecode.internal.bytebuddy.BytecodeProviderImpl - HHH000513: Unable to create the ReflectionOptimizer for [org.frcpm.models.Attendance]: private accessor [arrivalTime]
10:24:05.587 [main] DEBUG org.hibernate.boot.internal.ClassLoaderAccessImpl - Not known whether passed class name [org.frcpm.models.Meeting] is safe
10:24:05.587 [main] DEBUG org.hibernate.boot.internal.ClassLoaderAccessImpl - No temp ClassLoader provided; using live ClassLoader for loading potentially unsafe class : org.frcpm.models.Meeting
10:24:05.598 [main] DEBUG org.hibernate.bytecode.internal.bytebuddy.BytecodeProviderImpl - HHH000513: Unable to create the ReflectionOptimizer for [org.frcpm.models.Meeting]: private accessor [attendances]
10:24:05.600 [main] DEBUG org.hibernate.boot.internal.ClassLoaderAccessImpl - Not known whether passed class name [org.frcpm.models.Subsystem] is safe
10:24:05.601 [main] DEBUG org.hibernate.boot.internal.ClassLoaderAccessImpl - No temp ClassLoader provided; using live ClassLoader for loading potentially unsafe class : org.frcpm.models.Subsystem
10:24:05.618 [main] DEBUG org.hibernate.bytecode.internal.bytebuddy.BytecodeProviderImpl - HHH000513: Unable to create the ReflectionOptimizer for [org.frcpm.models.Subsystem]: private accessor [description]
10:24:05.619 [main] DEBUG org.hibernate.boot.internal.ClassLoaderAccessImpl - Not known whether passed class name [org.frcpm.models.Component] is safe
10:24:05.619 [main] DEBUG org.hibernate.boot.internal.ClassLoaderAccessImpl - No temp ClassLoader provided; using live ClassLoader for loading potentially unsafe class : org.frcpm.models.Component
10:24:05.628 [main] DEBUG org.hibernate.bytecode.internal.bytebuddy.BytecodeProviderImpl - HHH000513: Unable to create the ReflectionOptimizer for [org.frcpm.models.Component]: private accessor [actualDelivery]
10:24:05.629 [main] DEBUG org.hibernate.boot.internal.ClassLoaderAccessImpl - Not known whether passed class name [org.frcpm.models.Milestone] is safe
10:24:05.629 [main] DEBUG org.hibernate.boot.internal.ClassLoaderAccessImpl - No temp ClassLoader provided; using live ClassLoader for loading potentially unsafe class : org.frcpm.models.Milestone
10:24:05.645 [main] DEBUG org.hibernate.bytecode.internal.bytebuddy.BytecodeProviderImpl - HHH000513: Unable to create the ReflectionOptimizer for [org.frcpm.models.Milestone]: private accessor [date]
10:24:05.646 [main] DEBUG org.hibernate.boot.internal.ClassLoaderAccessImpl - Not known whether passed class name [org.frcpm.models.Project] is safe
10:24:05.646 [main] DEBUG org.hibernate.boot.internal.ClassLoaderAccessImpl - No temp ClassLoader provided; using live ClassLoader for loading potentially unsafe class : org.frcpm.models.Project
10:24:05.655 [main] DEBUG org.hibernate.bytecode.internal.bytebuddy.BytecodeProviderImpl - HHH000513: Unable to create the ReflectionOptimizer for [org.frcpm.models.Project]: private accessor [description]
10:24:05.656 [main] DEBUG org.hibernate.boot.internal.ClassLoaderAccessImpl - Not known whether passed class name [org.frcpm.models.Subteam] is safe
10:24:05.656 [main] DEBUG org.hibernate.boot.internal.ClassLoaderAccessImpl - No temp ClassLoader provided; using live ClassLoader for loading potentially unsafe class : org.frcpm.models.Subteam
10:24:05.662 [main] DEBUG org.hibernate.bytecode.internal.bytebuddy.BytecodeProviderImpl - HHH000513: Unable to create the ReflectionOptimizer for [org.frcpm.models.Subteam]: private accessor [colorCode]
10:24:05.662 [main] DEBUG org.hibernate.boot.internal.ClassLoaderAccessImpl - Not known whether passed class name [org.frcpm.models.Task] is safe
10:24:05.662 [main] DEBUG org.hibernate.boot.internal.ClassLoaderAccessImpl - No temp ClassLoader provided; using live ClassLoader for loading potentially unsafe class : org.frcpm.models.Task
10:24:05.673 [main] DEBUG org.hibernate.bytecode.internal.bytebuddy.BytecodeProviderImpl - HHH000513: Unable to create the ReflectionOptimizer for [org.frcpm.models.Task]: private accessor [actualDurationSeconds]
10:24:05.674 [main] DEBUG org.hibernate.boot.internal.ClassLoaderAccessImpl - Not known whether passed class name [org.frcpm.models.TeamMember] is safe
10:24:05.674 [main] DEBUG org.hibernate.boot.internal.ClassLoaderAccessImpl - No temp ClassLoader provided; using live ClassLoader for loading potentially unsafe class : org.frcpm.models.TeamMember
10:24:05.681 [main] DEBUG org.hibernate.bytecode.internal.bytebuddy.BytecodeProviderImpl - HHH000513: Unable to create the ReflectionOptimizer for [org.frcpm.models.TeamMember]: private accessor [assignedTasks]
10:24:05.685 [main] DEBUG org.hibernate.orm.jdbc.mutation - Skipping collection row updates - org.frcpm.models.Task.assignedTo
10:24:05.686 [main] DEBUG org.hibernate.orm.jdbc.mutation - Skipping collection (re)creation - org.frcpm.models.Subsystem.tasks
10:24:05.687 [main] DEBUG org.hibernate.orm.jdbc.mutation - Skipping collection row deletions - org.frcpm.models.Subsystem.tasks
10:24:05.687 [main] DEBUG org.hibernate.orm.jdbc.mutation - Skipping collection removals - org.frcpm.models.Subsystem.tasks
10:24:05.687 [main] DEBUG org.hibernate.orm.jdbc.mutation - Skipping collection (re)creation - org.frcpm.models.Subteam.members
10:24:05.687 [main] DEBUG org.hibernate.orm.jdbc.mutation - Skipping collection row deletions - org.frcpm.models.Subteam.members
10:24:05.687 [main] DEBUG org.hibernate.orm.jdbc.mutation - Skipping collection removals - org.frcpm.models.Subteam.members
10:24:05.688 [main] DEBUG org.hibernate.orm.jdbc.mutation - Skipping collection (re)creation - org.frcpm.models.TeamMember.attendances
10:24:05.688 [main] DEBUG org.hibernate.orm.jdbc.mutation - Skipping collection row deletions - org.frcpm.models.TeamMember.attendances
10:24:05.688 [main] DEBUG org.hibernate.orm.jdbc.mutation - Skipping collection removals - org.frcpm.models.TeamMember.attendances
10:24:05.688 [main] DEBUG org.hibernate.orm.jdbc.mutation - Skipping collection row updates - org.frcpm.models.Task.requiredComponents
10:24:05.688 [main] DEBUG org.hibernate.orm.jdbc.mutation - Skipping collection (re)creation - org.frcpm.models.Subteam.subsystems
10:24:05.688 [main] DEBUG org.hibernate.orm.jdbc.mutation - Skipping collection row deletions - org.frcpm.models.Subteam.subsystems
10:24:05.688 [main] DEBUG org.hibernate.orm.jdbc.mutation - Skipping collection removals - org.frcpm.models.Subteam.subsystems
10:24:05.688 [main] DEBUG org.hibernate.orm.jdbc.mutation - Skipping collection row updates - org.frcpm.models.Task.preDependencies
10:24:05.689 [main] DEBUG org.hibernate.orm.jdbc.mutation - Skipping collection (re)creation - org.frcpm.models.Project.milestones
10:24:05.689 [main] DEBUG org.hibernate.orm.jdbc.mutation - Skipping collection row deletions - org.frcpm.models.Project.milestones
10:24:05.689 [main] DEBUG org.hibernate.orm.jdbc.mutation - Skipping collection removals - org.frcpm.models.Project.milestones
10:24:05.689 [main] DEBUG org.hibernate.orm.jdbc.mutation - Skipping collection inserts - org.frcpm.models.Component.requiredForTasks
10:24:05.689 [main] DEBUG org.hibernate.orm.jdbc.mutation - Skipping collection row updates - org.frcpm.models.Component.requiredForTasks
10:24:05.689 [main] DEBUG org.hibernate.orm.jdbc.mutation - Skipping collection row deletions - org.frcpm.models.Component.requiredForTasks
10:24:05.689 [main] DEBUG org.hibernate.orm.jdbc.mutation - Skipping collection removals - org.frcpm.models.Component.requiredForTasks
10:24:05.689 [main] DEBUG org.hibernate.orm.jdbc.mutation - Skipping collection (re)creation - org.frcpm.models.Project.meetings
10:24:05.689 [main] DEBUG org.hibernate.orm.jdbc.mutation - Skipping collection row deletions - org.frcpm.models.Project.meetings
10:24:05.689 [main] DEBUG org.hibernate.orm.jdbc.mutation - Skipping collection removals - org.frcpm.models.Project.meetings
10:24:05.689 [main] DEBUG org.hibernate.orm.jdbc.mutation - Skipping collection inserts - org.frcpm.models.TeamMember.assignedTasks
10:24:05.690 [main] DEBUG org.hibernate.orm.jdbc.mutation - Skipping collection row updates - org.frcpm.models.TeamMember.assignedTasks
10:24:05.690 [main] DEBUG org.hibernate.orm.jdbc.mutation - Skipping collection row deletions - org.frcpm.models.TeamMember.assignedTasks
10:24:05.690 [main] DEBUG org.hibernate.orm.jdbc.mutation - Skipping collection removals - org.frcpm.models.TeamMember.assignedTasks
10:24:05.690 [main] DEBUG org.hibernate.orm.jdbc.mutation - Skipping collection (re)creation - org.frcpm.models.Meeting.attendances
10:24:05.690 [main] DEBUG org.hibernate.orm.jdbc.mutation - Skipping collection row deletions - org.frcpm.models.Meeting.attendances
10:24:05.690 [main] DEBUG org.hibernate.orm.jdbc.mutation - Skipping collection removals - org.frcpm.models.Meeting.attendances
10:24:05.690 [main] DEBUG org.hibernate.orm.jdbc.mutation - Skipping collection inserts - org.frcpm.models.Task.postDependencies
10:24:05.690 [main] DEBUG org.hibernate.orm.jdbc.mutation - Skipping collection row updates - org.frcpm.models.Task.postDependencies
10:24:05.690 [main] DEBUG org.hibernate.orm.jdbc.mutation - Skipping collection row deletions - org.frcpm.models.Task.postDependencies
10:24:05.690 [main] DEBUG org.hibernate.orm.jdbc.mutation - Skipping collection removals - org.frcpm.models.Task.postDependencies
10:24:05.691 [main] DEBUG org.hibernate.orm.jdbc.mutation - Skipping collection (re)creation - org.frcpm.models.Project.tasks
10:24:05.691 [main] DEBUG org.hibernate.orm.jdbc.mutation - Skipping collection row deletions - org.frcpm.models.Project.tasks
10:24:05.691 [main] DEBUG org.hibernate.orm.jdbc.mutation - Skipping collection removals - org.frcpm.models.Project.tasks
10:24:05.698 [main] DEBUG org.hibernate.orm.model.mapping.creation - Starting post-init callbacks
10:24:05.698 [main] DEBUG org.hibernate.orm.model.mapping.creation - Starting PostInitCallbackEntry : To-one key - NavigableRole[org.frcpm.models.Attendance.meeting]
10:24:05.698 [main] DEBUG org.hibernate.orm.model.mapping.creation - Starting PostInitCallbackEntry : To-one key - NavigableRole[org.frcpm.models.Attendance.member]
10:24:05.698 [main] DEBUG org.hibernate.orm.model.mapping.creation - Starting PostInitCallbackEntry : Entity(org.frcpm.models.Attendance) `staticFetchableList` generator
10:24:05.698 [main] DEBUG org.hibernate.orm.model.mapping.creation - Starting PostInitCallbackEntry : PluralAttributeMapping( NavigableRole[org.frcpm.models.Meeting.attendances#{element}]) - element descriptor
10:24:05.698 [main] DEBUG org.hibernate.orm.model.mapping.creation - Starting PostInitCallbackEntry : PluralAttributeMapping(org.frcpm.models.Meeting.attendances)#finishInitialization
10:24:05.698 [main] DEBUG org.hibernate.orm.model.mapping.creation - Starting PostInitCallbackEntry : PluralAttributeMapping(org.frcpm.models.Meeting.attendances) - key descriptor
10:24:05.698 [main] DEBUG org.hibernate.orm.model.mapping.creation - Starting PostInitCallbackEntry : To-one key - NavigableRole[org.frcpm.models.Meeting.project]
10:24:05.698 [main] DEBUG org.hibernate.orm.model.mapping.creation - Starting PostInitCallbackEntry : Entity(org.frcpm.models.Meeting) `staticFetchableList` generator
10:24:05.699 [main] DEBUG org.hibernate.orm.model.mapping.creation - Starting PostInitCallbackEntry : To-one key - NavigableRole[org.frcpm.models.Subsystem.responsibleSubteam]
10:24:05.699 [main] DEBUG org.hibernate.orm.model.mapping.creation - Starting PostInitCallbackEntry : PluralAttributeMapping( NavigableRole[org.frcpm.models.Subsystem.tasks#{element}]) - element descriptor
10:24:05.699 [main] DEBUG org.hibernate.orm.model.mapping.creation - Starting PostInitCallbackEntry : PluralAttributeMapping(org.frcpm.models.Subsystem.tasks)#finishInitialization
10:24:05.699 [main] DEBUG org.hibernate.orm.model.mapping.creation - Starting PostInitCallbackEntry : PluralAttributeMapping(org.frcpm.models.Subsystem.tasks) - key descriptor
10:24:05.699 [main] DEBUG org.hibernate.orm.model.mapping.creation - Starting PostInitCallbackEntry : Entity(org.frcpm.models.Subsystem) `staticFetchableList` generator
10:24:05.700 [main] DEBUG org.hibernate.orm.model.mapping.creation - Starting PostInitCallbackEntry : PluralAttributeMapping( NavigableRole[org.frcpm.models.Component.requiredForTasks#{element}]) - element descriptor
10:24:05.700 [main] DEBUG org.hibernate.orm.model.mapping.creation - Starting PostInitCallbackEntry : PluralAttributeMapping(org.frcpm.models.Component.requiredForTasks)#finishInitialization
10:24:05.700 [main] DEBUG org.hibernate.orm.model.mapping.creation - Starting PostInitCallbackEntry : PluralAttributeMapping(org.frcpm.models.Component.requiredForTasks) - key descriptor
10:24:05.701 [main] DEBUG org.hibernate.orm.model.mapping.creation - Starting PostInitCallbackEntry : Entity(org.frcpm.models.Component) `staticFetchableList` generator
10:24:05.701 [main] DEBUG org.hibernate.orm.model.mapping.creation - Starting PostInitCallbackEntry : To-one key - NavigableRole[org.frcpm.models.Milestone.project]
10:24:05.703 [main] DEBUG org.hibernate.orm.model.mapping.creation - Starting PostInitCallbackEntry : Entity(org.frcpm.models.Milestone) `staticFetchableList` generator
10:24:05.703 [main] DEBUG org.hibernate.orm.model.mapping.creation - Starting PostInitCallbackEntry : PluralAttributeMapping( NavigableRole[org.frcpm.models.Project.meetings#{element}]) - element descriptor
10:24:05.703 [main] DEBUG org.hibernate.orm.model.mapping.creation - Starting PostInitCallbackEntry : PluralAttributeMapping(org.frcpm.models.Project.meetings)#finishInitialization
10:24:05.703 [main] DEBUG org.hibernate.orm.model.mapping.creation - Starting PostInitCallbackEntry : PluralAttributeMapping(org.frcpm.models.Project.meetings) - key descriptor
10:24:05.703 [main] DEBUG org.hibernate.orm.model.mapping.creation - Starting PostInitCallbackEntry : PluralAttributeMapping( NavigableRole[org.frcpm.models.Project.milestones#{element}]) - element descriptor
10:24:05.703 [main] DEBUG org.hibernate.orm.model.mapping.creation - Starting PostInitCallbackEntry : PluralAttributeMapping(org.frcpm.models.Project.milestones)#finishInitialization
10:24:05.703 [main] DEBUG org.hibernate.orm.model.mapping.creation - Starting PostInitCallbackEntry : PluralAttributeMapping(org.frcpm.models.Project.milestones) - key descriptor
10:24:05.703 [main] DEBUG org.hibernate.orm.model.mapping.creation - Starting PostInitCallbackEntry : PluralAttributeMapping( NavigableRole[org.frcpm.models.Project.tasks#{element}]) - element descriptor
10:24:05.703 [main] DEBUG org.hibernate.orm.model.mapping.creation - Starting PostInitCallbackEntry : PluralAttributeMapping(org.frcpm.models.Project.tasks)#finishInitialization
10:24:05.703 [main] DEBUG org.hibernate.orm.model.mapping.creation - Starting PostInitCallbackEntry : PluralAttributeMapping(org.frcpm.models.Project.tasks) - key descriptor
10:24:05.704 [main] DEBUG org.hibernate.orm.model.mapping.creation - Starting PostInitCallbackEntry : Entity(org.frcpm.models.Project) `staticFetchableList` generator
10:24:05.704 [main] DEBUG org.hibernate.orm.model.mapping.creation - Starting PostInitCallbackEntry : PluralAttributeMapping( NavigableRole[org.frcpm.models.Subteam.members#{element}]) - element descriptor
10:24:05.704 [main] DEBUG org.hibernate.orm.model.mapping.creation - Starting PostInitCallbackEntry : PluralAttributeMapping(org.frcpm.models.Subteam.members)#finishInitialization
10:24:05.704 [main] DEBUG org.hibernate.orm.model.mapping.creation - Starting PostInitCallbackEntry : PluralAttributeMapping(org.frcpm.models.Subteam.members) - key descriptor
10:24:05.704 [main] DEBUG org.hibernate.orm.model.mapping.creation - Starting PostInitCallbackEntry : PluralAttributeMapping( NavigableRole[org.frcpm.models.Subteam.subsystems#{element}]) - element descriptor
10:24:05.704 [main] DEBUG org.hibernate.orm.model.mapping.creation - Starting PostInitCallbackEntry : PluralAttributeMapping(org.frcpm.models.Subteam.subsystems)#finishInitialization
10:24:05.704 [main] DEBUG org.hibernate.orm.model.mapping.creation - Starting PostInitCallbackEntry : PluralAttributeMapping(org.frcpm.models.Subteam.subsystems) - key descriptor
10:24:05.704 [main] DEBUG org.hibernate.orm.model.mapping.creation - Starting PostInitCallbackEntry : Entity(org.frcpm.models.Subteam) `staticFetchableList` generator
10:24:05.704 [main] DEBUG org.hibernate.orm.model.mapping.creation - Starting PostInitCallbackEntry : PluralAttributeMapping( NavigableRole[org.frcpm.models.Task.assignedTo#{element}]) - element descriptor
10:24:05.704 [main] DEBUG org.hibernate.orm.model.mapping.creation - Starting PostInitCallbackEntry : PluralAttributeMapping(org.frcpm.models.Task.assignedTo)#finishInitialization
10:24:05.704 [main] DEBUG org.hibernate.orm.model.mapping.creation - Starting PostInitCallbackEntry : PluralAttributeMapping(org.frcpm.models.Task.assignedTo) - key descriptor
10:24:05.705 [main] DEBUG org.hibernate.orm.model.mapping.creation - Starting PostInitCallbackEntry : PluralAttributeMapping( NavigableRole[org.frcpm.models.Task.postDependencies#{element}]) - element descriptor
10:24:05.705 [main] DEBUG org.hibernate.orm.model.mapping.creation - Starting PostInitCallbackEntry : PluralAttributeMapping(org.frcpm.models.Task.postDependencies)#finishInitialization
10:24:05.705 [main] DEBUG org.hibernate.orm.model.mapping.creation - Starting PostInitCallbackEntry : PluralAttributeMapping(org.frcpm.models.Task.postDependencies) - key descriptor
10:24:05.705 [main] DEBUG org.hibernate.orm.model.mapping.creation - Starting PostInitCallbackEntry : PluralAttributeMapping( NavigableRole[org.frcpm.models.Task.preDependencies#{element}]) - element descriptor
10:24:05.705 [main] DEBUG org.hibernate.orm.model.mapping.creation - Starting PostInitCallbackEntry : PluralAttributeMapping(org.frcpm.models.Task.preDependencies)#finishInitialization
10:24:05.705 [main] DEBUG org.hibernate.orm.model.mapping.creation - Starting PostInitCallbackEntry : PluralAttributeMapping(org.frcpm.models.Task.preDependencies) - key descriptor
10:24:05.705 [main] DEBUG org.hibernate.orm.model.mapping.creation - Starting PostInitCallbackEntry : To-one key - NavigableRole[org.frcpm.models.Task.project]
10:24:05.705 [main] DEBUG org.hibernate.orm.model.mapping.creation - Starting PostInitCallbackEntry : PluralAttributeMapping( NavigableRole[org.frcpm.models.Task.requiredComponents#{element}]) - element descriptor
10:24:05.705 [main] DEBUG org.hibernate.orm.model.mapping.creation - Starting PostInitCallbackEntry : PluralAttributeMapping(org.frcpm.models.Task.requiredComponents)#finishInitialization
10:24:05.705 [main] DEBUG org.hibernate.orm.model.mapping.creation - Starting PostInitCallbackEntry : PluralAttributeMapping(org.frcpm.models.Task.requiredComponents) - key descriptor
10:24:05.705 [main] DEBUG org.hibernate.orm.model.mapping.creation - Starting PostInitCallbackEntry : To-one key - NavigableRole[org.frcpm.models.Task.subsystem]
10:24:05.705 [main] DEBUG org.hibernate.orm.model.mapping.creation - Starting PostInitCallbackEntry : Entity(org.frcpm.models.Task) `staticFetchableList` generator
10:24:05.705 [main] DEBUG org.hibernate.orm.model.mapping.creation - Starting PostInitCallbackEntry : PluralAttributeMapping( NavigableRole[org.frcpm.models.TeamMember.assignedTasks#{element}]) - element descriptor
10:24:05.705 [main] DEBUG org.hibernate.orm.model.mapping.creation - Starting PostInitCallbackEntry : PluralAttributeMapping(org.frcpm.models.TeamMember.assignedTasks)#finishInitialization
10:24:05.705 [main] DEBUG org.hibernate.orm.model.mapping.creation - Starting PostInitCallbackEntry : PluralAttributeMapping(org.frcpm.models.TeamMember.assignedTasks) - key descriptor
10:24:05.705 [main] DEBUG org.hibernate.orm.model.mapping.creation - Starting PostInitCallbackEntry : PluralAttributeMapping( NavigableRole[org.frcpm.models.TeamMember.attendances#{element}]) - element descriptor
10:24:05.705 [main] DEBUG org.hibernate.orm.model.mapping.creation - Starting PostInitCallbackEntry : PluralAttributeMapping(org.frcpm.models.TeamMember.attendances)#finishInitialization
10:24:05.705 [main] DEBUG org.hibernate.orm.model.mapping.creation - Starting PostInitCallbackEntry : PluralAttributeMapping(org.frcpm.models.TeamMember.attendances) - key descriptor
10:24:05.705 [main] DEBUG org.hibernate.orm.model.mapping.creation - Starting PostInitCallbackEntry : To-one key - NavigableRole[org.frcpm.models.TeamMember.subteam]
10:24:05.705 [main] DEBUG org.hibernate.orm.model.mapping.creation - Starting PostInitCallbackEntry : Entity(org.frcpm.models.TeamMember) `staticFetchableList` generator
10:24:05.705 [main] DEBUG org.hibernate.orm.model.mapping.creation - Starting PostInitCallbackEntry : PluralAttributeMapping( NavigableRole[org.frcpm.models.Meeting.attendances#{element}]) - element descriptor
10:24:05.705 [main] DEBUG org.hibernate.orm.model.mapping.creation - Starting PostInitCallbackEntry : PluralAttributeMapping( NavigableRole[org.frcpm.models.Subsystem.tasks#{element}]) - element descriptor
10:24:05.705 [main] DEBUG org.hibernate.orm.model.mapping.creation - Starting PostInitCallbackEntry : PluralAttributeMapping( NavigableRole[org.frcpm.models.Component.requiredForTasks#{element}]) - element descriptor
10:24:05.705 [main] DEBUG org.hibernate.orm.model.mapping.creation - Starting PostInitCallbackEntry : PluralAttributeMapping( NavigableRole[org.frcpm.models.Project.meetings#{element}]) - element descriptor
10:24:05.705 [main] DEBUG org.hibernate.orm.model.mapping.creation - Starting PostInitCallbackEntry : PluralAttributeMapping( NavigableRole[org.frcpm.models.Project.milestones#{element}]) - element descriptor
10:24:05.705 [main] DEBUG org.hibernate.orm.model.mapping.creation - Starting PostInitCallbackEntry : PluralAttributeMapping( NavigableRole[org.frcpm.models.Project.tasks#{element}]) - element descriptor
10:24:05.705 [main] DEBUG org.hibernate.orm.model.mapping.creation - Starting PostInitCallbackEntry : PluralAttributeMapping( NavigableRole[org.frcpm.models.Subteam.members#{element}]) - element descriptor
10:24:05.705 [main] DEBUG org.hibernate.orm.model.mapping.creation - Starting PostInitCallbackEntry : PluralAttributeMapping( NavigableRole[org.frcpm.models.Subteam.subsystems#{element}]) - element descriptor
10:24:05.705 [main] DEBUG org.hibernate.orm.model.mapping.creation - Starting PostInitCallbackEntry : PluralAttributeMapping( NavigableRole[org.frcpm.models.Task.postDependencies#{element}]) - element descriptor
10:24:05.705 [main] DEBUG org.hibernate.orm.model.mapping.creation - Starting PostInitCallbackEntry : PluralAttributeMapping( NavigableRole[org.frcpm.models.TeamMember.attendances#{element}]) - element descriptor
10:24:05.713 [main] DEBUG org.hibernate.orm.sql.ast.create - Created new SQL alias : a1_0
10:24:05.713 [main] DEBUG org.hibernate.orm.sql.ast.create - Registration of TableGroup [StandardTableGroup(org.frcpm.models.Attendance)] with identifierForTableGroup [org.frcpm.models.Attendance] for NavigablePath [org.frcpm.models.Attendance] 
10:24:05.713 [main] DEBUG org.hibernate.orm.sql.ast.create - Registration of TableGroup [org.hibernate.sql.ast.tree.from.LazyTableGroup@2cfe5f7c] with identifierForTableGroup [org.frcpm.models.Attendance.meeting] for NavigablePath [org.frcpm.models.Attendance.meeting] 
10:24:05.713 [main] DEBUG org.hibernate.orm.sql.ast.create - Registration of TableGroup [org.hibernate.sql.ast.tree.from.LazyTableGroup@cd68b88] with identifierForTableGroup [org.frcpm.models.Attendance.member] for NavigablePath [org.frcpm.models.Attendance.member] 
10:24:05.713 [main] DEBUG org.hibernate.orm.results.graph.AST - DomainResult Graph:
 \-EntityResultImpl [org.frcpm.models.Attendance]
 |  +-BasicFetch [org.frcpm.models.Attendance.arrivalTime]
 |  +-BasicFetch [org.frcpm.models.Attendance.departureTime]
 |  +-EntityDelayedFetchImpl [org.frcpm.models.Attendance.meeting]
 |  +-EntityDelayedFetchImpl [org.frcpm.models.Attendance.member]
 |  \-BasicFetch [org.frcpm.models.Attendance.present]

10:24:05.713 [main] DEBUG org.hibernate.orm.sql.ast.tree - SQL AST Tree:
    SelectStatement {
      FromClause {
        StandardTableGroup (a1 : org.frcpm.models.Attendance) {
          primaryTableReference : attendances as a1_0
          TableGroupJoins {
            left  join LazyTableGroup (m1 : org.frcpm.models.Attendance.meeting) {
            }
            left  join LazyTableGroup (m2 : org.frcpm.models.Attendance.member) {
            }
          }
        }
      }
    }

10:24:05.714 [main] DEBUG org.hibernate.persister.entity.AbstractEntityPersister - Static SQL for entity: org.frcpm.models.Attendance
10:24:05.714 [main] DEBUG org.hibernate.persister.entity.AbstractEntityPersister -  Version select: select id from attendances where id=?
10:24:05.714 [main] DEBUG org.hibernate.persister.entity.AbstractEntityPersister -  Insert (0): insert into attendances (arrival_time,departure_time,meeting_id,member_id,present,id) values (?,?,?,?,?,default)
10:24:05.714 [main] DEBUG org.hibernate.persister.entity.AbstractEntityPersister -  Update (0): update attendances set arrival_time=?,departure_time=?,meeting_id=?,member_id=?,present=? where id=?
10:24:05.714 [main] DEBUG org.hibernate.persister.entity.AbstractEntityPersister -  Delete (0): delete from attendances where id=?
10:24:05.714 [main] DEBUG org.hibernate.orm.sql.ast.create - Created new SQL alias : m1_0
10:24:05.714 [main] DEBUG org.hibernate.orm.sql.ast.create - Registration of TableGroup [StandardTableGroup(org.frcpm.models.Meeting)] with identifierForTableGroup [org.frcpm.models.Meeting] for NavigablePath [org.frcpm.models.Meeting] 
10:24:05.714 [main] DEBUG org.hibernate.orm.sql.ast.create - Registration of TableGroup [org.hibernate.sql.ast.tree.from.LazyTableGroup@6b96af8d] with identifierForTableGroup [org.frcpm.models.Meeting.project] for NavigablePath [org.frcpm.models.Meeting.project] 
10:24:05.714 [main] DEBUG org.hibernate.orm.results.graph.AST - DomainResult Graph:
 \-EntityResultImpl [org.frcpm.models.Meeting]
 |  +-DelayedCollectionFetch [org.frcpm.models.Meeting.attendances]
 |  +-BasicFetch [org.frcpm.models.Meeting.date]
 |  +-BasicFetch [org.frcpm.models.Meeting.endTime]
 |  +-BasicFetch [org.frcpm.models.Meeting.notes]
 |  +-EntityDelayedFetchImpl [org.frcpm.models.Meeting.project]
 |  \-BasicFetch [org.frcpm.models.Meeting.startTime]

10:24:05.714 [main] DEBUG org.hibernate.orm.sql.ast.tree - SQL AST Tree:
    SelectStatement {
      FromClause {
        StandardTableGroup (m1 : org.frcpm.models.Meeting) {
          primaryTableReference : meetings as m1_0
          TableGroupJoins {
            left  join LazyTableGroup (p1 : org.frcpm.models.Meeting.project) {
            }
          }
        }
      }
    }

10:24:05.714 [main] DEBUG org.hibernate.persister.entity.AbstractEntityPersister - Static SQL for entity: org.frcpm.models.Meeting
10:24:05.714 [main] DEBUG org.hibernate.persister.entity.AbstractEntityPersister -  Version select: select id from meetings where id=?
10:24:05.714 [main] DEBUG org.hibernate.persister.entity.AbstractEntityPersister -  Insert (0): insert into meetings (date,end_time,notes,project_id,start_time,id) values (?,?,?,?,?,default)
10:24:05.714 [main] DEBUG org.hibernate.persister.entity.AbstractEntityPersister -  Update (0): update meetings set date=?,end_time=?,notes=?,project_id=?,start_time=? where id=?
10:24:05.714 [main] DEBUG org.hibernate.persister.entity.AbstractEntityPersister -  Delete (0): delete from meetings where id=?
10:24:05.714 [main] DEBUG org.hibernate.orm.sql.ast.create - Created new SQL alias : s1_0
10:24:05.714 [main] DEBUG org.hibernate.orm.sql.ast.create - Registration of TableGroup [StandardTableGroup(org.frcpm.models.Subsystem)] with identifierForTableGroup [org.frcpm.models.Subsystem] for NavigablePath [org.frcpm.models.Subsystem] 
10:24:05.715 [main] DEBUG org.hibernate.orm.sql.ast.create - Registration of TableGroup [org.hibernate.sql.ast.tree.from.LazyTableGroup@74cc987a] with identifierForTableGroup [org.frcpm.models.Subsystem.responsibleSubteam] for NavigablePath [org.frcpm.models.Subsystem.responsibleSubteam] 
10:24:05.715 [main] DEBUG org.hibernate.orm.results.graph.AST - DomainResult Graph:
 \-EntityResultImpl [org.frcpm.models.Subsystem]
 |  +-BasicFetch [org.frcpm.models.Subsystem.description]
 |  +-BasicFetch [org.frcpm.models.Subsystem.name]
 |  +-EntityDelayedFetchImpl [org.frcpm.models.Subsystem.responsibleSubteam]
 |  +-BasicFetch [org.frcpm.models.Subsystem.status]
 |  \-DelayedCollectionFetch [org.frcpm.models.Subsystem.tasks]

10:24:05.715 [main] DEBUG org.hibernate.orm.sql.ast.tree - SQL AST Tree:
    SelectStatement {
      FromClause {
        StandardTableGroup (s1 : org.frcpm.models.Subsystem) {
          primaryTableReference : subsystems as s1_0
          TableGroupJoins {
            left  join LazyTableGroup (rs1 : org.frcpm.models.Subsystem.responsibleSubteam) {
            }
          }
        }
      }
    }

10:24:05.715 [main] DEBUG org.hibernate.persister.entity.AbstractEntityPersister - Static SQL for entity: org.frcpm.models.Subsystem
10:24:05.715 [main] DEBUG org.hibernate.persister.entity.AbstractEntityPersister -  Version select: select id from subsystems where id=?
10:24:05.715 [main] DEBUG org.hibernate.persister.entity.AbstractEntityPersister -  Insert (0): insert into subsystems (description,name,responsible_subteam_id,status,id) values (?,?,?,?,default)
10:24:05.715 [main] DEBUG org.hibernate.persister.entity.AbstractEntityPersister -  Update (0): update subsystems set description=?,name=?,responsible_subteam_id=?,status=? where id=?
10:24:05.715 [main] DEBUG org.hibernate.persister.entity.AbstractEntityPersister -  Delete (0): delete from subsystems where id=?
10:24:05.715 [main] DEBUG org.hibernate.orm.sql.ast.create - Created new SQL alias : c1_0
10:24:05.715 [main] DEBUG org.hibernate.orm.sql.ast.create - Registration of TableGroup [StandardTableGroup(org.frcpm.models.Component)] with identifierForTableGroup [org.frcpm.models.Component] for NavigablePath [org.frcpm.models.Component] 
10:24:05.716 [main] DEBUG org.hibernate.orm.results.graph.AST - DomainResult Graph:
 \-EntityResultImpl [org.frcpm.models.Component]
 |  +-BasicFetch [org.frcpm.models.Component.actualDelivery]
 |  +-BasicFetch [org.frcpm.models.Component.delivered]
 |  +-BasicFetch [org.frcpm.models.Component.description]
 |  +-BasicFetch [org.frcpm.models.Component.expectedDelivery]
 |  +-BasicFetch [org.frcpm.models.Component.name]
 |  +-BasicFetch [org.frcpm.models.Component.partNumber]
 |  \-DelayedCollectionFetch [org.frcpm.models.Component.requiredForTasks]

10:24:05.716 [main] DEBUG org.hibernate.orm.sql.ast.tree - SQL AST Tree:
    SelectStatement {
      FromClause {
        StandardTableGroup (c1 : org.frcpm.models.Component) {
          primaryTableReference : components as c1_0
        }
      }
    }

10:24:05.716 [main] DEBUG org.hibernate.persister.entity.AbstractEntityPersister - Static SQL for entity: org.frcpm.models.Component
10:24:05.716 [main] DEBUG org.hibernate.persister.entity.AbstractEntityPersister -  Version select: select id from components where id=?
10:24:05.716 [main] DEBUG org.hibernate.persister.entity.AbstractEntityPersister -  Insert (0): insert into components (actual_delivery,is_delivered,description,expected_delivery,name,part_number,id) values (?,?,?,?,?,?,default)
10:24:05.716 [main] DEBUG org.hibernate.persister.entity.AbstractEntityPersister -  Update (0): update components set actual_delivery=?,is_delivered=?,description=?,expected_delivery=?,name=?,part_number=? where id=?
10:24:05.716 [main] DEBUG org.hibernate.persister.entity.AbstractEntityPersister -  Delete (0): delete from components where id=?
10:24:05.716 [main] DEBUG org.hibernate.orm.sql.ast.create - Created new SQL alias : m1_0
10:24:05.716 [main] DEBUG org.hibernate.orm.sql.ast.create - Registration of TableGroup [StandardTableGroup(org.frcpm.models.Milestone)] with identifierForTableGroup [org.frcpm.models.Milestone] for NavigablePath [org.frcpm.models.Milestone] 
10:24:05.717 [main] DEBUG org.hibernate.orm.sql.ast.create - Registration of TableGroup [org.hibernate.sql.ast.tree.from.LazyTableGroup@4a96541] with identifierForTableGroup [org.frcpm.models.Milestone.project] for NavigablePath [org.frcpm.models.Milestone.project] 
10:24:05.717 [main] DEBUG org.hibernate.orm.results.graph.AST - DomainResult Graph:
 \-EntityResultImpl [org.frcpm.models.Milestone]
 |  +-BasicFetch [org.frcpm.models.Milestone.date]
 |  +-BasicFetch [org.frcpm.models.Milestone.description]
 |  +-BasicFetch [org.frcpm.models.Milestone.name]
 |  \-EntityDelayedFetchImpl [org.frcpm.models.Milestone.project]

10:24:05.717 [main] DEBUG org.hibernate.orm.sql.ast.tree - SQL AST Tree:
    SelectStatement {
      FromClause {
        StandardTableGroup (m1 : org.frcpm.models.Milestone) {
          primaryTableReference : milestones as m1_0
          TableGroupJoins {
            left  join LazyTableGroup (p1 : org.frcpm.models.Milestone.project) {
            }
          }
        }
      }
    }

10:24:05.717 [main] DEBUG org.hibernate.persister.entity.AbstractEntityPersister - Static SQL for entity: org.frcpm.models.Milestone
10:24:05.717 [main] DEBUG org.hibernate.persister.entity.AbstractEntityPersister -  Version select: select id from milestones where id=?
10:24:05.717 [main] DEBUG org.hibernate.persister.entity.AbstractEntityPersister -  Insert (0): insert into milestones (date,description,name,project_id,id) values (?,?,?,?,default)
10:24:05.718 [main] DEBUG org.hibernate.persister.entity.AbstractEntityPersister -  Update (0): update milestones set date=?,description=?,name=?,project_id=? where id=?
10:24:05.718 [main] DEBUG org.hibernate.persister.entity.AbstractEntityPersister -  Delete (0): delete from milestones where id=?
10:24:05.718 [main] DEBUG org.hibernate.orm.sql.ast.create - Created new SQL alias : p1_0
10:24:05.718 [main] DEBUG org.hibernate.orm.sql.ast.create - Registration of TableGroup [StandardTableGroup(org.frcpm.models.Project)] with identifierForTableGroup [org.frcpm.models.Project] for NavigablePath [org.frcpm.models.Project] 
10:24:05.718 [main] DEBUG org.hibernate.orm.results.graph.AST - DomainResult Graph:
 \-EntityResultImpl [org.frcpm.models.Project]
 |  +-BasicFetch [org.frcpm.models.Project.description]
 |  +-BasicFetch [org.frcpm.models.Project.goalEndDate]
 |  +-BasicFetch [org.frcpm.models.Project.hardDeadline]
 |  +-DelayedCollectionFetch [org.frcpm.models.Project.meetings]
 |  +-DelayedCollectionFetch [org.frcpm.models.Project.milestones]
 |  +-BasicFetch [org.frcpm.models.Project.name]
 |  +-BasicFetch [org.frcpm.models.Project.startDate]
 |  \-DelayedCollectionFetch [org.frcpm.models.Project.tasks]

10:24:05.718 [main] DEBUG org.hibernate.orm.sql.ast.tree - SQL AST Tree:
    SelectStatement {
      FromClause {
        StandardTableGroup (p1 : org.frcpm.models.Project) {
          primaryTableReference : projects as p1_0
        }
      }
    }

10:24:05.719 [main] DEBUG org.hibernate.persister.entity.AbstractEntityPersister - Static SQL for entity: org.frcpm.models.Project
10:24:05.719 [main] DEBUG org.hibernate.persister.entity.AbstractEntityPersister -  Version select: select id from projects where id=?
10:24:05.719 [main] DEBUG org.hibernate.persister.entity.AbstractEntityPersister -  Insert (0): insert into projects (description,goal_end_date,hard_deadline,name,start_date,id) values (?,?,?,?,?,default)
10:24:05.719 [main] DEBUG org.hibernate.persister.entity.AbstractEntityPersister -  Update (0): update projects set description=?,goal_end_date=?,hard_deadline=?,name=?,start_date=? where id=?
10:24:05.719 [main] DEBUG org.hibernate.persister.entity.AbstractEntityPersister -  Delete (0): delete from projects where id=?
10:24:05.719 [main] DEBUG org.hibernate.orm.sql.ast.create - Created new SQL alias : s1_0
10:24:05.719 [main] DEBUG org.hibernate.orm.sql.ast.create - Registration of TableGroup [StandardTableGroup(org.frcpm.models.Subteam)] with identifierForTableGroup [org.frcpm.models.Subteam] for NavigablePath [org.frcpm.models.Subteam] 
10:24:05.719 [main] DEBUG org.hibernate.orm.results.graph.AST - DomainResult Graph:
 \-EntityResultImpl [org.frcpm.models.Subteam]
 |  +-BasicFetch [org.frcpm.models.Subteam.colorCode]
 |  +-DelayedCollectionFetch [org.frcpm.models.Subteam.members]
 |  +-BasicFetch [org.frcpm.models.Subteam.name]
 |  +-BasicFetch [org.frcpm.models.Subteam.specialties]
 |  \-DelayedCollectionFetch [org.frcpm.models.Subteam.subsystems]

10:24:05.719 [main] DEBUG org.hibernate.orm.sql.ast.tree - SQL AST Tree:
    SelectStatement {
      FromClause {
        StandardTableGroup (s1 : org.frcpm.models.Subteam) {
          primaryTableReference : subteams as s1_0
        }
      }
    }

10:24:05.719 [main] DEBUG org.hibernate.persister.entity.AbstractEntityPersister - Static SQL for entity: org.frcpm.models.Subteam
10:24:05.719 [main] DEBUG org.hibernate.persister.entity.AbstractEntityPersister -  Version select: select id from subteams where id=?
10:24:05.719 [main] DEBUG org.hibernate.persister.entity.AbstractEntityPersister -  Insert (0): insert into subteams (color_code,name,specialties,id) values (?,?,?,default)
10:24:05.719 [main] DEBUG org.hibernate.persister.entity.AbstractEntityPersister -  Update (0): update subteams set color_code=?,name=?,specialties=? where id=?
10:24:05.720 [main] DEBUG org.hibernate.persister.entity.AbstractEntityPersister -  Delete (0): delete from subteams where id=?
10:24:05.720 [main] DEBUG org.hibernate.orm.sql.ast.create - Created new SQL alias : t1_0
10:24:05.720 [main] DEBUG org.hibernate.orm.sql.ast.create - Registration of TableGroup [StandardTableGroup(org.frcpm.models.Task)] with identifierForTableGroup [org.frcpm.models.Task] for NavigablePath [org.frcpm.models.Task] 
10:24:05.720 [main] DEBUG org.hibernate.orm.sql.ast.create - Registration of TableGroup [org.hibernate.sql.ast.tree.from.LazyTableGroup@466644c3] with identifierForTableGroup [org.frcpm.models.Task.project] for NavigablePath [org.frcpm.models.Task.project] 
10:24:05.720 [main] DEBUG org.hibernate.orm.sql.ast.create - Registration of TableGroup [org.hibernate.sql.ast.tree.from.LazyTableGroup@6eaded2a] with identifierForTableGroup [org.frcpm.models.Task.subsystem] for NavigablePath [org.frcpm.models.Task.subsystem] 
10:24:05.720 [main] DEBUG org.hibernate.orm.results.graph.AST - DomainResult Graph:
 \-EntityResultImpl [org.frcpm.models.Task]
 |  +-BasicFetch [org.frcpm.models.Task.actualDurationSeconds]
 |  +-DelayedCollectionFetch [org.frcpm.models.Task.assignedTo]
 |  +-BasicFetch [org.frcpm.models.Task.completed]
 |  +-BasicFetch [org.frcpm.models.Task.description]
 |  +-BasicFetch [org.frcpm.models.Task.endDate]
 |  +-BasicFetch [org.frcpm.models.Task.estimatedDurationSeconds]
 |  +-DelayedCollectionFetch [org.frcpm.models.Task.postDependencies]
 |  +-DelayedCollectionFetch [org.frcpm.models.Task.preDependencies]
 |  +-BasicFetch [org.frcpm.models.Task.priority]
 |  +-BasicFetch [org.frcpm.models.Task.progress]
 |  +-EntityDelayedFetchImpl [org.frcpm.models.Task.project]
 |  +-DelayedCollectionFetch [org.frcpm.models.Task.requiredComponents]
 |  +-BasicFetch [org.frcpm.models.Task.startDate]
 |  +-EntityDelayedFetchImpl [org.frcpm.models.Task.subsystem]
 |  \-BasicFetch [org.frcpm.models.Task.title]

10:24:05.720 [main] DEBUG org.hibernate.orm.sql.ast.tree - SQL AST Tree:
    SelectStatement {
      FromClause {
        StandardTableGroup (t1 : org.frcpm.models.Task) {
          primaryTableReference : tasks as t1_0
          TableGroupJoins {
            left  join LazyTableGroup (p1 : org.frcpm.models.Task.project) {
            }
            left  join LazyTableGroup (s1 : org.frcpm.models.Task.subsystem) {
            }
          }
        }
      }
    }

10:24:05.720 [main] DEBUG org.hibernate.persister.entity.AbstractEntityPersister - Static SQL for entity: org.frcpm.models.Task
10:24:05.720 [main] DEBUG org.hibernate.persister.entity.AbstractEntityPersister -  Version select: select id from tasks where id=?
10:24:05.720 [main] DEBUG org.hibernate.persister.entity.AbstractEntityPersister -  Insert (0): insert into tasks (actual_duration_seconds,completed,description,end_date,estimated_duration_seconds,priority,progress,project_id,start_date,subsystem_id,title,id) values (?,?,?,?,?,?,?,?,?,?,?,default)
10:24:05.720 [main] DEBUG org.hibernate.persister.entity.AbstractEntityPersister -  Update (0): update tasks set actual_duration_seconds=?,completed=?,description=?,end_date=?,estimated_duration_seconds=?,priority=?,progress=?,project_id=?,start_date=?,subsystem_id=?,title=? where id=?
10:24:05.720 [main] DEBUG org.hibernate.persister.entity.AbstractEntityPersister -  Delete (0): delete from tasks where id=?
10:24:05.720 [main] DEBUG org.hibernate.orm.sql.ast.create - Created new SQL alias : tm1_0
10:24:05.720 [main] DEBUG org.hibernate.orm.sql.ast.create - Registration of TableGroup [StandardTableGroup(org.frcpm.models.TeamMember)] with identifierForTableGroup [org.frcpm.models.TeamMember] for NavigablePath [org.frcpm.models.TeamMember] 
10:24:05.721 [main] DEBUG org.hibernate.orm.sql.ast.create - Registration of TableGroup [org.hibernate.sql.ast.tree.from.LazyTableGroup@1145d71f] with identifierForTableGroup [org.frcpm.models.TeamMember.subteam] for NavigablePath [org.frcpm.models.TeamMember.subteam] 
10:24:05.721 [main] DEBUG org.hibernate.orm.results.graph.AST - DomainResult Graph:
 \-EntityResultImpl [org.frcpm.models.TeamMember]
 |  +-DelayedCollectionFetch [org.frcpm.models.TeamMember.assignedTasks]
 |  +-DelayedCollectionFetch [org.frcpm.models.TeamMember.attendances]
 |  +-BasicFetch [org.frcpm.models.TeamMember.email]
 |  +-BasicFetch [org.frcpm.models.TeamMember.firstName]
 |  +-BasicFetch [org.frcpm.models.TeamMember.lastName]
 |  +-BasicFetch [org.frcpm.models.TeamMember.leader]
 |  +-BasicFetch [org.frcpm.models.TeamMember.phone]
 |  +-BasicFetch [org.frcpm.models.TeamMember.skills]
 |  +-EntityDelayedFetchImpl [org.frcpm.models.TeamMember.subteam]
 |  \-BasicFetch [org.frcpm.models.TeamMember.username]

10:24:05.721 [main] DEBUG org.hibernate.orm.sql.ast.tree - SQL AST Tree:
    SelectStatement {
      FromClause {
        StandardTableGroup (tm1 : org.frcpm.models.TeamMember) {
          primaryTableReference : team_members as tm1_0
          TableGroupJoins {
            left  join LazyTableGroup (s1 : org.frcpm.models.TeamMember.subteam) {
            }
          }
        }
      }
    }

10:24:05.721 [main] DEBUG org.hibernate.persister.entity.AbstractEntityPersister - Static SQL for entity: org.frcpm.models.TeamMember
10:24:05.721 [main] DEBUG org.hibernate.persister.entity.AbstractEntityPersister -  Version select: select id from team_members where id=?
10:24:05.721 [main] DEBUG org.hibernate.persister.entity.AbstractEntityPersister -  Insert (0): insert into team_members (email,first_name,last_name,is_leader,phone,skills,subteam_id,username,id) values (?,?,?,?,?,?,?,?,default)
10:24:05.721 [main] DEBUG org.hibernate.persister.entity.AbstractEntityPersister -  Update (0): update team_members set email=?,first_name=?,last_name=?,is_leader=?,phone=?,skills=?,subteam_id=?,username=? where id=?
10:24:05.721 [main] DEBUG org.hibernate.persister.entity.AbstractEntityPersister -  Delete (0): delete from team_members where id=?
10:24:05.721 [main] DEBUG org.hibernate.orm.sql.ast.create - Created new SQL alias : at1_0
10:24:05.721 [main] DEBUG org.hibernate.orm.sql.ast.create - Registration of TableGroup [CollectionTableGroup(org.frcpm.models.Task.assignedTo)] with identifierForTableGroup [org.frcpm.models.Task.assignedTo] for NavigablePath [org.frcpm.models.Task.assignedTo] 
10:24:05.721 [main] DEBUG org.hibernate.orm.sql.ast.create - Registration of TableGroup [org.hibernate.sql.ast.tree.from.LazyTableGroup@1af3bf5b] with identifierForTableGroup [org.frcpm.models.Task.assignedTo.{element}] for NavigablePath [org.frcpm.models.Task.assignedTo.{element}] 
10:24:05.722 [main] DEBUG org.hibernate.orm.sql.ast.create - Created new SQL alias : at1_1
10:24:05.722 [main] DEBUG org.hibernate.orm.sql.ast.create - Registration of TableGroup [org.hibernate.sql.ast.tree.from.LazyTableGroup@7150439c] with identifierForTableGroup [org.frcpm.models.Task.assignedTo.{element}.subteam] for NavigablePath [org.frcpm.models.Task.assignedTo.{element}.subteam] 
10:24:05.722 [main] DEBUG org.hibernate.orm.results.graph.AST - DomainResult Graph:
 \-CollectionDomainResult [org.frcpm.models.Task.assignedTo]

10:24:05.722 [main] DEBUG org.hibernate.orm.sql.ast.tree - SQL AST Tree:
    SelectStatement {
      FromClause {
        CollectionTableGroup (at1 : org.frcpm.models.Task.assignedTo) {
          primaryTableReference : task_assignments as at1_0
          TableGroupJoins {
             join LazyTableGroup (at1 : org.frcpm.models.Task.assignedTo.{element}) {
              primaryTableReference : team_members as at1_1
              TableGroupJoins {
                left  join LazyTableGroup (s1 : org.frcpm.models.Task.assignedTo.{element}.subteam) {
                }
              }
            }
          }
        }
      }
    }

10:24:05.722 [main] DEBUG org.hibernate.orm.jdbc.mutation - Static SQL for collection: org.frcpm.models.Task.assignedTo
10:24:05.722 [main] DEBUG org.hibernate.orm.jdbc.mutation -  Row insert: insert into task_assignments (task_id,team_member_id) values (?,?)
10:24:05.722 [main] DEBUG org.hibernate.orm.jdbc.mutation -  Row delete: delete from task_assignments where task_id=? and team_member_id=?
10:24:05.722 [main] DEBUG org.hibernate.orm.jdbc.mutation -  One-shot delete: delete from task_assignments where task_id=?
10:24:05.722 [main] DEBUG org.hibernate.orm.sql.ast.create - Created new SQL alias : t1_0
10:24:05.722 [main] DEBUG org.hibernate.orm.sql.ast.create - Registration of TableGroup [org.hibernate.sql.ast.tree.from.OneToManyTableGroup@3949fcdc] with identifierForTableGroup [org.frcpm.models.Subsystem.tasks] for NavigablePath [org.frcpm.models.Subsystem.tasks] 
10:24:05.722 [main] DEBUG org.hibernate.orm.sql.ast.create - Registration of TableGroup [StandardTableGroup(org.frcpm.models.Subsystem.tasks.{element})] with identifierForTableGroup [org.frcpm.models.Subsystem.tasks.{element}] for NavigablePath [org.frcpm.models.Subsystem.tasks.{element}] 
10:24:05.723 [main] DEBUG org.hibernate.orm.sql.ast.create - Registration of TableGroup [org.hibernate.sql.ast.tree.from.LazyTableGroup@2ab632d] with identifierForTableGroup [org.frcpm.models.Subsystem.tasks.{element}.project] for NavigablePath [org.frcpm.models.Subsystem.tasks.{element}.project] 
10:24:05.723 [main] DEBUG org.hibernate.orm.sql.ast.create - Registration of TableGroup [org.hibernate.sql.ast.tree.from.LazyTableGroup@649ded12] with identifierForTableGroup [org.frcpm.models.Subsystem.tasks.{element}.subsystem] for NavigablePath [org.frcpm.models.Subsystem.tasks.{element}.subsystem] 
10:24:05.723 [main] DEBUG org.hibernate.orm.results.graph.AST - DomainResult Graph:
 \-CollectionDomainResult [org.frcpm.models.Subsystem.tasks]

10:24:05.723 [main] DEBUG org.hibernate.orm.sql.ast.tree - SQL AST Tree:
    SelectStatement {
      FromClause {
        OneToManyTableGroup (t1 : org.frcpm.models.Subsystem.tasks) {
          primaryTableReference : tasks as t1_0
          TableGroupJoins {
            left  join LazyTableGroup (p1 : org.frcpm.models.Subsystem.tasks.{element}.project) {
            }
            left  join LazyTableGroup (s1 : org.frcpm.models.Subsystem.tasks.{element}.subsystem) {
            }
          }
        }
      }
    }

10:24:05.723 [main] DEBUG org.hibernate.orm.jdbc.mutation - Static SQL for collection: org.frcpm.models.Subsystem.tasks
10:24:05.723 [main] DEBUG org.hibernate.orm.sql.ast.create - Created new SQL alias : m1_0
10:24:05.723 [main] DEBUG org.hibernate.orm.sql.ast.create - Registration of TableGroup [org.hibernate.sql.ast.tree.from.OneToManyTableGroup@4bafe92f] with identifierForTableGroup [org.frcpm.models.Subteam.members] for NavigablePath [org.frcpm.models.Subteam.members] 
10:24:05.723 [main] DEBUG org.hibernate.orm.sql.ast.create - Registration of TableGroup [StandardTableGroup(org.frcpm.models.Subteam.members.{element})] with identifierForTableGroup [org.frcpm.models.Subteam.members.{element}] for NavigablePath [org.frcpm.models.Subteam.members.{element}] 
10:24:05.723 [main] DEBUG org.hibernate.orm.sql.ast.create - Registration of TableGroup [org.hibernate.sql.ast.tree.from.LazyTableGroup@50fc62e0] with identifierForTableGroup [org.frcpm.models.Subteam.members.{element}.subteam] for NavigablePath [org.frcpm.models.Subteam.members.{element}.subteam] 
10:24:05.723 [main] DEBUG org.hibernate.orm.results.graph.AST - DomainResult Graph:
 \-CollectionDomainResult [org.frcpm.models.Subteam.members]

10:24:05.723 [main] DEBUG org.hibernate.orm.sql.ast.tree - SQL AST Tree:
    SelectStatement {
      FromClause {
        OneToManyTableGroup (m1 : org.frcpm.models.Subteam.members) {
          primaryTableReference : team_members as m1_0
          TableGroupJoins {
            left  join LazyTableGroup (s1 : org.frcpm.models.Subteam.members.{element}.subteam) {
            }
          }
        }
      }
    }

10:24:05.724 [main] DEBUG org.hibernate.orm.jdbc.mutation - Static SQL for collection: org.frcpm.models.Subteam.members
10:24:05.724 [main] DEBUG org.hibernate.orm.sql.ast.create - Created new SQL alias : a1_0
10:24:05.724 [main] DEBUG org.hibernate.orm.sql.ast.create - Registration of TableGroup [org.hibernate.sql.ast.tree.from.OneToManyTableGroup@6b6477fb] with identifierForTableGroup [org.frcpm.models.TeamMember.attendances] for NavigablePath [org.frcpm.models.TeamMember.attendances] 
10:24:05.724 [main] DEBUG org.hibernate.orm.sql.ast.create - Registration of TableGroup [StandardTableGroup(org.frcpm.models.TeamMember.attendances.{element})] with identifierForTableGroup [org.frcpm.models.TeamMember.attendances.{element}] for NavigablePath [org.frcpm.models.TeamMember.attendances.{element}] 
10:24:05.724 [main] DEBUG org.hibernate.orm.sql.ast.create - Registration of TableGroup [org.hibernate.sql.ast.tree.from.LazyTableGroup@5fb61d29] with identifierForTableGroup [org.frcpm.models.TeamMember.attendances.{element}.meeting] for NavigablePath [org.frcpm.models.TeamMember.attendances.{element}.meeting] 
10:24:05.724 [main] DEBUG org.hibernate.orm.sql.ast.create - Registration of TableGroup [org.hibernate.sql.ast.tree.from.LazyTableGroup@20a46430] with identifierForTableGroup [org.frcpm.models.TeamMember.attendances.{element}.member] for NavigablePath [org.frcpm.models.TeamMember.attendances.{element}.member] 
10:24:05.724 [main] DEBUG org.hibernate.orm.results.graph.AST - DomainResult Graph:
 \-CollectionDomainResult [org.frcpm.models.TeamMember.attendances]

10:24:05.724 [main] DEBUG org.hibernate.orm.sql.ast.tree - SQL AST Tree:
    SelectStatement {
      FromClause {
        OneToManyTableGroup (a1 : org.frcpm.models.TeamMember.attendances) {
          primaryTableReference : attendances as a1_0
          TableGroupJoins {
            left  join LazyTableGroup (m1 : org.frcpm.models.TeamMember.attendances.{element}.meeting) {
            }
            left  join LazyTableGroup (m2 : org.frcpm.models.TeamMember.attendances.{element}.member) {
            }
          }
        }
      }
    }

10:24:05.724 [main] DEBUG org.hibernate.orm.jdbc.mutation - Static SQL for collection: org.frcpm.models.TeamMember.attendances
10:24:05.724 [main] DEBUG org.hibernate.orm.sql.ast.create - Created new SQL alias : rc1_0
10:24:05.724 [main] DEBUG org.hibernate.orm.sql.ast.create - Registration of TableGroup [CollectionTableGroup(org.frcpm.models.Task.requiredComponents)] with identifierForTableGroup [org.frcpm.models.Task.requiredComponents] for NavigablePath [org.frcpm.models.Task.requiredComponents] 
10:24:05.725 [main] DEBUG org.hibernate.orm.sql.ast.create - Registration of TableGroup [org.hibernate.sql.ast.tree.from.LazyTableGroup@787031a] with identifierForTableGroup [org.frcpm.models.Task.requiredComponents.{element}] for NavigablePath [org.frcpm.models.Task.requiredComponents.{element}] 
10:24:05.725 [main] DEBUG org.hibernate.orm.sql.ast.create - Created new SQL alias : rc1_1
10:24:05.725 [main] DEBUG org.hibernate.orm.results.graph.AST - DomainResult Graph:
 \-CollectionDomainResult [org.frcpm.models.Task.requiredComponents]

10:24:05.726 [main] DEBUG org.hibernate.orm.sql.ast.tree - SQL AST Tree:
    SelectStatement {
      FromClause {
        CollectionTableGroup (rc1 : org.frcpm.models.Task.requiredComponents) {
          primaryTableReference : task_components as rc1_0
          TableGroupJoins {
             join LazyTableGroup (rc1 : org.frcpm.models.Task.requiredComponents.{element}) {
              primaryTableReference : components as rc1_1
            }
          }
        }
      }
    }

10:24:05.726 [main] DEBUG org.hibernate.orm.jdbc.mutation - Static SQL for collection: org.frcpm.models.Task.requiredComponents
10:24:05.726 [main] DEBUG org.hibernate.orm.jdbc.mutation -  Row insert: insert into task_components (task_id,component_id) values (?,?)
10:24:05.726 [main] DEBUG org.hibernate.orm.jdbc.mutation -  Row delete: delete from task_components where task_id=? and component_id=?
10:24:05.726 [main] DEBUG org.hibernate.orm.jdbc.mutation -  One-shot delete: delete from task_components where task_id=?
10:24:05.726 [main] DEBUG org.hibernate.orm.sql.ast.create - Created new SQL alias : s1_0
10:24:05.726 [main] DEBUG org.hibernate.orm.sql.ast.create - Registration of TableGroup [org.hibernate.sql.ast.tree.from.OneToManyTableGroup@438bcdde] with identifierForTableGroup [org.frcpm.models.Subteam.subsystems] for NavigablePath [org.frcpm.models.Subteam.subsystems] 
10:24:05.726 [main] DEBUG org.hibernate.orm.sql.ast.create - Registration of TableGroup [StandardTableGroup(org.frcpm.models.Subteam.subsystems.{element})] with identifierForTableGroup [org.frcpm.models.Subteam.subsystems.{element}] for NavigablePath [org.frcpm.models.Subteam.subsystems.{element}] 
10:24:05.726 [main] DEBUG org.hibernate.orm.sql.ast.create - Registration of TableGroup [org.hibernate.sql.ast.tree.from.LazyTableGroup@7ef9ce2b] with identifierForTableGroup [org.frcpm.models.Subteam.subsystems.{element}.responsibleSubteam] for NavigablePath [org.frcpm.models.Subteam.subsystems.{element}.responsibleSubteam] 
10:24:05.726 [main] DEBUG org.hibernate.orm.results.graph.AST - DomainResult Graph:
 \-CollectionDomainResult [org.frcpm.models.Subteam.subsystems]

10:24:05.727 [main] DEBUG org.hibernate.orm.sql.ast.tree - SQL AST Tree:
    SelectStatement {
      FromClause {
        OneToManyTableGroup (s1 : org.frcpm.models.Subteam.subsystems) {
          primaryTableReference : subsystems as s1_0
          TableGroupJoins {
            left  join LazyTableGroup (rs1 : org.frcpm.models.Subteam.subsystems.{element}.responsibleSubteam) {
            }
          }
        }
      }
    }

10:24:05.727 [main] DEBUG org.hibernate.orm.jdbc.mutation - Static SQL for collection: org.frcpm.models.Subteam.subsystems
10:24:05.727 [main] DEBUG org.hibernate.orm.sql.ast.create - Created new SQL alias : pd1_0
10:24:05.727 [main] DEBUG org.hibernate.orm.sql.ast.create - Registration of TableGroup [CollectionTableGroup(org.frcpm.models.Task.preDependencies)] with identifierForTableGroup [org.frcpm.models.Task.preDependencies] for NavigablePath [org.frcpm.models.Task.preDependencies] 
10:24:05.727 [main] DEBUG org.hibernate.orm.sql.ast.create - Registration of TableGroup [org.hibernate.sql.ast.tree.from.LazyTableGroup@5f0369af] with identifierForTableGroup [org.frcpm.models.Task.preDependencies.{element}] for NavigablePath [org.frcpm.models.Task.preDependencies.{element}] 
10:24:05.727 [main] DEBUG org.hibernate.orm.sql.ast.create - Created new SQL alias : pd1_1
10:24:05.727 [main] DEBUG org.hibernate.orm.sql.ast.create - Registration of TableGroup [org.hibernate.sql.ast.tree.from.LazyTableGroup@427bbaac] with identifierForTableGroup [org.frcpm.models.Task.preDependencies.{element}.project] for NavigablePath [org.frcpm.models.Task.preDependencies.{element}.project] 
10:24:05.727 [main] DEBUG org.hibernate.orm.sql.ast.create - Registration of TableGroup [org.hibernate.sql.ast.tree.from.LazyTableGroup@22717282] with identifierForTableGroup [org.frcpm.models.Task.preDependencies.{element}.subsystem] for NavigablePath [org.frcpm.models.Task.preDependencies.{element}.subsystem] 
10:24:05.727 [main] DEBUG org.hibernate.orm.results.graph.AST - DomainResult Graph:
 \-CollectionDomainResult [org.frcpm.models.Task.preDependencies]

10:24:05.727 [main] DEBUG org.hibernate.orm.sql.ast.tree - SQL AST Tree:
    SelectStatement {
      FromClause {
        CollectionTableGroup (pd1 : org.frcpm.models.Task.preDependencies) {
          primaryTableReference : task_dependencies as pd1_0
          TableGroupJoins {
             join LazyTableGroup (pd1 : org.frcpm.models.Task.preDependencies.{element}) {
              primaryTableReference : tasks as pd1_1
              TableGroupJoins {
                left  join LazyTableGroup (p1 : org.frcpm.models.Task.preDependencies.{element}.project) {
                }
                left  join LazyTableGroup (s1 : org.frcpm.models.Task.preDependencies.{element}.subsystem) {
                }
              }
            }
          }
        }
      }
    }

10:24:05.727 [main] DEBUG org.hibernate.orm.jdbc.mutation - Static SQL for collection: org.frcpm.models.Task.preDependencies
10:24:05.727 [main] DEBUG org.hibernate.orm.jdbc.mutation -  Row insert: insert into task_dependencies (task_id,dependency_id) values (?,?)
10:24:05.727 [main] DEBUG org.hibernate.orm.jdbc.mutation -  Row delete: delete from task_dependencies where task_id=? and dependency_id=?
10:24:05.727 [main] DEBUG org.hibernate.orm.jdbc.mutation -  One-shot delete: delete from task_dependencies where task_id=?
10:24:05.728 [main] DEBUG org.hibernate.orm.sql.ast.create - Created new SQL alias : m1_0
10:24:05.728 [main] DEBUG org.hibernate.orm.sql.ast.create - Registration of TableGroup [org.hibernate.sql.ast.tree.from.OneToManyTableGroup@1c84d89e] with identifierForTableGroup [org.frcpm.models.Project.milestones] for NavigablePath [org.frcpm.models.Project.milestones] 
10:24:05.728 [main] DEBUG org.hibernate.orm.sql.ast.create - Registration of TableGroup [StandardTableGroup(org.frcpm.models.Project.milestones.{element})] with identifierForTableGroup [org.frcpm.models.Project.milestones.{element}] for NavigablePath [org.frcpm.models.Project.milestones.{element}] 
10:24:05.728 [main] DEBUG org.hibernate.orm.sql.ast.create - Registration of TableGroup [org.hibernate.sql.ast.tree.from.LazyTableGroup@66009368] with identifierForTableGroup [org.frcpm.models.Project.milestones.{element}.project] for NavigablePath [org.frcpm.models.Project.milestones.{element}.project] 
10:24:05.728 [main] DEBUG org.hibernate.orm.results.graph.AST - DomainResult Graph:
 \-CollectionDomainResult [org.frcpm.models.Project.milestones]

10:24:05.728 [main] DEBUG org.hibernate.orm.sql.ast.tree - SQL AST Tree:
    SelectStatement {
      FromClause {
        OneToManyTableGroup (m1 : org.frcpm.models.Project.milestones) {
          primaryTableReference : milestones as m1_0
          TableGroupJoins {
            left  join LazyTableGroup (p1 : org.frcpm.models.Project.milestones.{element}.project) {
            }
          }
        }
      }
    }

10:24:05.728 [main] DEBUG org.hibernate.orm.jdbc.mutation - Static SQL for collection: org.frcpm.models.Project.milestones
10:24:05.728 [main] DEBUG org.hibernate.orm.sql.ast.create - Created new SQL alias : rft1_0
10:24:05.728 [main] DEBUG org.hibernate.orm.sql.ast.create - Registration of TableGroup [CollectionTableGroup(org.frcpm.models.Component.requiredForTasks)] with identifierForTableGroup [org.frcpm.models.Component.requiredForTasks] for NavigablePath [org.frcpm.models.Component.requiredForTasks] 
10:24:05.728 [main] DEBUG org.hibernate.orm.sql.ast.create - Registration of TableGroup [org.hibernate.sql.ast.tree.from.LazyTableGroup@37500808] with identifierForTableGroup [org.frcpm.models.Component.requiredForTasks.{element}] for NavigablePath [org.frcpm.models.Component.requiredForTasks.{element}] 
10:24:05.728 [main] DEBUG org.hibernate.orm.sql.ast.create - Created new SQL alias : rft1_1
10:24:05.728 [main] DEBUG org.hibernate.orm.sql.ast.create - Registration of TableGroup [org.hibernate.sql.ast.tree.from.LazyTableGroup@daa6654] with identifierForTableGroup [org.frcpm.models.Component.requiredForTasks.{element}.project] for NavigablePath [org.frcpm.models.Component.requiredForTasks.{element}.project] 
10:24:05.728 [main] DEBUG org.hibernate.orm.sql.ast.create - Registration of TableGroup [org.hibernate.sql.ast.tree.from.LazyTableGroup@596707f5] with identifierForTableGroup [org.frcpm.models.Component.requiredForTasks.{element}.subsystem] for NavigablePath [org.frcpm.models.Component.requiredForTasks.{element}.subsystem] 
10:24:05.728 [main] DEBUG org.hibernate.orm.results.graph.AST - DomainResult Graph:
 \-CollectionDomainResult [org.frcpm.models.Component.requiredForTasks]

10:24:05.728 [main] DEBUG org.hibernate.orm.sql.ast.tree - SQL AST Tree:
    SelectStatement {
      FromClause {
        CollectionTableGroup (rft1 : org.frcpm.models.Component.requiredForTasks) {
          primaryTableReference : task_components as rft1_0
          TableGroupJoins {
             join LazyTableGroup (rft1 : org.frcpm.models.Component.requiredForTasks.{element}) {
              primaryTableReference : tasks as rft1_1
              TableGroupJoins {
                left  join LazyTableGroup (p1 : org.frcpm.models.Component.requiredForTasks.{element}.project) {
                }
                left  join LazyTableGroup (s1 : org.frcpm.models.Component.requiredForTasks.{element}.subsystem) {
                }
              }
            }
          }
        }
      }
    }

10:24:05.728 [main] DEBUG org.hibernate.orm.jdbc.mutation - Static SQL for collection: org.frcpm.models.Component.requiredForTasks
10:24:05.728 [main] DEBUG org.hibernate.orm.sql.ast.create - Created new SQL alias : m1_0
10:24:05.728 [main] DEBUG org.hibernate.orm.sql.ast.create - Registration of TableGroup [org.hibernate.sql.ast.tree.from.OneToManyTableGroup@308617d3] with identifierForTableGroup [org.frcpm.models.Project.meetings] for NavigablePath [org.frcpm.models.Project.meetings] 
10:24:05.728 [main] DEBUG org.hibernate.orm.sql.ast.create - Registration of TableGroup [StandardTableGroup(org.frcpm.models.Project.meetings.{element})] with identifierForTableGroup [org.frcpm.models.Project.meetings.{element}] for NavigablePath [org.frcpm.models.Project.meetings.{element}] 
10:24:05.728 [main] DEBUG org.hibernate.orm.sql.ast.create - Registration of TableGroup [org.hibernate.sql.ast.tree.from.LazyTableGroup@4659d776] with identifierForTableGroup [org.frcpm.models.Project.meetings.{element}.project] for NavigablePath [org.frcpm.models.Project.meetings.{element}.project] 
10:24:05.729 [main] DEBUG org.hibernate.orm.results.graph.AST - DomainResult Graph:
 \-CollectionDomainResult [org.frcpm.models.Project.meetings]

10:24:05.729 [main] DEBUG org.hibernate.orm.sql.ast.tree - SQL AST Tree:
    SelectStatement {
      FromClause {
        OneToManyTableGroup (m1 : org.frcpm.models.Project.meetings) {
          primaryTableReference : meetings as m1_0
          TableGroupJoins {
            left  join LazyTableGroup (p1 : org.frcpm.models.Project.meetings.{element}.project) {
            }
          }
        }
      }
    }

10:24:05.729 [main] DEBUG org.hibernate.orm.jdbc.mutation - Static SQL for collection: org.frcpm.models.Project.meetings
10:24:05.729 [main] DEBUG org.hibernate.orm.sql.ast.create - Created new SQL alias : at1_0
10:24:05.729 [main] DEBUG org.hibernate.orm.sql.ast.create - Registration of TableGroup [CollectionTableGroup(org.frcpm.models.TeamMember.assignedTasks)] with identifierForTableGroup [org.frcpm.models.TeamMember.assignedTasks] for NavigablePath [org.frcpm.models.TeamMember.assignedTasks] 
10:24:05.729 [main] DEBUG org.hibernate.orm.sql.ast.create - Registration of TableGroup [org.hibernate.sql.ast.tree.from.LazyTableGroup@4be8d40e] with identifierForTableGroup [org.frcpm.models.TeamMember.assignedTasks.{element}] for NavigablePath [org.frcpm.models.TeamMember.assignedTasks.{element}] 
10:24:05.729 [main] DEBUG org.hibernate.orm.sql.ast.create - Created new SQL alias : at1_1
10:24:05.729 [main] DEBUG org.hibernate.orm.sql.ast.create - Registration of TableGroup [org.hibernate.sql.ast.tree.from.LazyTableGroup@4bd06a2f] with identifierForTableGroup [org.frcpm.models.TeamMember.assignedTasks.{element}.project] for NavigablePath [org.frcpm.models.TeamMember.assignedTasks.{element}.project] 
10:24:05.729 [main] DEBUG org.hibernate.orm.sql.ast.create - Registration of TableGroup [org.hibernate.sql.ast.tree.from.LazyTableGroup@653b49c4] with identifierForTableGroup [org.frcpm.models.TeamMember.assignedTasks.{element}.subsystem] for NavigablePath [org.frcpm.models.TeamMember.assignedTasks.{element}.subsystem] 
10:24:05.729 [main] DEBUG org.hibernate.orm.results.graph.AST - DomainResult Graph:
 \-CollectionDomainResult [org.frcpm.models.TeamMember.assignedTasks]

10:24:05.729 [main] DEBUG org.hibernate.orm.sql.ast.tree - SQL AST Tree:
    SelectStatement {
      FromClause {
        CollectionTableGroup (at1 : org.frcpm.models.TeamMember.assignedTasks) {
          primaryTableReference : task_assignments as at1_0
          TableGroupJoins {
             join LazyTableGroup (at1 : org.frcpm.models.TeamMember.assignedTasks.{element}) {
              primaryTableReference : tasks as at1_1
              TableGroupJoins {
                left  join LazyTableGroup (p1 : org.frcpm.models.TeamMember.assignedTasks.{element}.project) {
                }
                left  join LazyTableGroup (s1 : org.frcpm.models.TeamMember.assignedTasks.{element}.subsystem) {
                }
              }
            }
          }
        }
      }
    }

10:24:05.729 [main] DEBUG org.hibernate.orm.jdbc.mutation - Static SQL for collection: org.frcpm.models.TeamMember.assignedTasks
10:24:05.729 [main] DEBUG org.hibernate.orm.sql.ast.create - Created new SQL alias : a1_0
10:24:05.729 [main] DEBUG org.hibernate.orm.sql.ast.create - Registration of TableGroup [org.hibernate.sql.ast.tree.from.OneToManyTableGroup@203737fb] with identifierForTableGroup [org.frcpm.models.Meeting.attendances] for NavigablePath [org.frcpm.models.Meeting.attendances] 
10:24:05.729 [main] DEBUG org.hibernate.orm.sql.ast.create - Registration of TableGroup [StandardTableGroup(org.frcpm.models.Meeting.attendances.{element})] with identifierForTableGroup [org.frcpm.models.Meeting.attendances.{element}] for NavigablePath [org.frcpm.models.Meeting.attendances.{element}] 
10:24:05.729 [main] DEBUG org.hibernate.orm.sql.ast.create - Registration of TableGroup [org.hibernate.sql.ast.tree.from.LazyTableGroup@34abfd7f] with identifierForTableGroup [org.frcpm.models.Meeting.attendances.{element}.meeting] for NavigablePath [org.frcpm.models.Meeting.attendances.{element}.meeting] 
10:24:05.729 [main] DEBUG org.hibernate.orm.sql.ast.create - Registration of TableGroup [org.hibernate.sql.ast.tree.from.LazyTableGroup@164ca703] with identifierForTableGroup [org.frcpm.models.Meeting.attendances.{element}.member] for NavigablePath [org.frcpm.models.Meeting.attendances.{element}.member] 
10:24:05.730 [main] DEBUG org.hibernate.orm.results.graph.AST - DomainResult Graph:
 \-CollectionDomainResult [org.frcpm.models.Meeting.attendances]

10:24:05.730 [main] DEBUG org.hibernate.orm.sql.ast.tree - SQL AST Tree:
    SelectStatement {
      FromClause {
        OneToManyTableGroup (a1 : org.frcpm.models.Meeting.attendances) {
          primaryTableReference : attendances as a1_0
          TableGroupJoins {
            left  join LazyTableGroup (m1 : org.frcpm.models.Meeting.attendances.{element}.meeting) {
            }
            left  join LazyTableGroup (m2 : org.frcpm.models.Meeting.attendances.{element}.member) {
            }
          }
        }
      }
    }

10:24:05.730 [main] DEBUG org.hibernate.orm.jdbc.mutation - Static SQL for collection: org.frcpm.models.Meeting.attendances
10:24:05.730 [main] DEBUG org.hibernate.orm.sql.ast.create - Created new SQL alias : pd1_0
10:24:05.730 [main] DEBUG org.hibernate.orm.sql.ast.create - Registration of TableGroup [CollectionTableGroup(org.frcpm.models.Task.postDependencies)] with identifierForTableGroup [org.frcpm.models.Task.postDependencies] for NavigablePath [org.frcpm.models.Task.postDependencies] 
10:24:05.730 [main] DEBUG org.hibernate.orm.sql.ast.create - Registration of TableGroup [org.hibernate.sql.ast.tree.from.LazyTableGroup@64f6964f] with identifierForTableGroup [org.frcpm.models.Task.postDependencies.{element}] for NavigablePath [org.frcpm.models.Task.postDependencies.{element}] 
10:24:05.730 [main] DEBUG org.hibernate.orm.sql.ast.create - Created new SQL alias : pd1_1
10:24:05.730 [main] DEBUG org.hibernate.orm.sql.ast.create - Registration of TableGroup [org.hibernate.sql.ast.tree.from.LazyTableGroup@60291e59] with identifierForTableGroup [org.frcpm.models.Task.postDependencies.{element}.project] for NavigablePath [org.frcpm.models.Task.postDependencies.{element}.project] 
10:24:05.730 [main] DEBUG org.hibernate.orm.sql.ast.create - Registration of TableGroup [org.hibernate.sql.ast.tree.from.LazyTableGroup@72842269] with identifierForTableGroup [org.frcpm.models.Task.postDependencies.{element}.subsystem] for NavigablePath [org.frcpm.models.Task.postDependencies.{element}.subsystem] 
10:24:05.730 [main] DEBUG org.hibernate.orm.results.graph.AST - DomainResult Graph:
 \-CollectionDomainResult [org.frcpm.models.Task.postDependencies]

10:24:05.730 [main] DEBUG org.hibernate.orm.sql.ast.tree - SQL AST Tree:
    SelectStatement {
      FromClause {
        CollectionTableGroup (pd1 : org.frcpm.models.Task.postDependencies) {
          primaryTableReference : task_dependencies as pd1_0
          TableGroupJoins {
             join LazyTableGroup (pd1 : org.frcpm.models.Task.postDependencies.{element}) {
              primaryTableReference : tasks as pd1_1
              TableGroupJoins {
                left  join LazyTableGroup (p1 : org.frcpm.models.Task.postDependencies.{element}.project) {
                }
                left  join LazyTableGroup (s1 : org.frcpm.models.Task.postDependencies.{element}.subsystem) {
                }
              }
            }
          }
        }
      }
    }

10:24:05.730 [main] DEBUG org.hibernate.orm.jdbc.mutation - Static SQL for collection: org.frcpm.models.Task.postDependencies
10:24:05.730 [main] DEBUG org.hibernate.orm.sql.ast.create - Created new SQL alias : t1_0
10:24:05.730 [main] DEBUG org.hibernate.orm.sql.ast.create - Registration of TableGroup [org.hibernate.sql.ast.tree.from.OneToManyTableGroup@a638f45] with identifierForTableGroup [org.frcpm.models.Project.tasks] for NavigablePath [org.frcpm.models.Project.tasks] 
10:24:05.730 [main] DEBUG org.hibernate.orm.sql.ast.create - Registration of TableGroup [StandardTableGroup(org.frcpm.models.Project.tasks.{element})] with identifierForTableGroup [org.frcpm.models.Project.tasks.{element}] for NavigablePath [org.frcpm.models.Project.tasks.{element}] 
10:24:05.731 [main] DEBUG org.hibernate.orm.sql.ast.create - Registration of TableGroup [org.hibernate.sql.ast.tree.from.LazyTableGroup@6fe73630] with identifierForTableGroup [org.frcpm.models.Project.tasks.{element}.project] for NavigablePath [org.frcpm.models.Project.tasks.{element}.project] 
10:24:05.731 [main] DEBUG org.hibernate.orm.sql.ast.create - Registration of TableGroup [org.hibernate.sql.ast.tree.from.LazyTableGroup@1a212395] with identifierForTableGroup [org.frcpm.models.Project.tasks.{element}.subsystem] for NavigablePath [org.frcpm.models.Project.tasks.{element}.subsystem] 
10:24:05.731 [main] DEBUG org.hibernate.orm.results.graph.AST - DomainResult Graph:
 \-CollectionDomainResult [org.frcpm.models.Project.tasks]

10:24:05.731 [main] DEBUG org.hibernate.orm.sql.ast.tree - SQL AST Tree:
    SelectStatement {
      FromClause {
        OneToManyTableGroup (t1 : org.frcpm.models.Project.tasks) {
          primaryTableReference : tasks as t1_0
          TableGroupJoins {
            left  join LazyTableGroup (p1 : org.frcpm.models.Project.tasks.{element}.project) {
            }
            left  join LazyTableGroup (s1 : org.frcpm.models.Project.tasks.{element}.subsystem) {
            }
          }
        }
      }
    }

10:24:05.732 [main] DEBUG org.hibernate.orm.jdbc.mutation - Static SQL for collection: org.frcpm.models.Project.tasks
10:24:05.749 [main] DEBUG org.hibernate.type.spi.TypeConfiguration$Scope - Scoping TypeConfiguration [org.hibernate.type.spi.TypeConfiguration@6f88319b] to SessionFactoryImplementor [org.hibernate.internal.SessionFactoryImpl@19f03a01]
10:24:05.749 [main] DEBUG org.hibernate.query.named.NamedObjectRepository - Checking 0 named HQL queries
10:24:05.749 [main] DEBUG org.hibernate.query.named.NamedObjectRepository - Checking 0 named SQL queries
10:24:05.754 [main] DEBUG org.hibernate.mapping.Table - No alter strings for table : attendances
10:24:05.755 [main] DEBUG org.hibernate.SQL - alter table if exists components alter column description set data type TEXT
10:24:05.756 [main] DEBUG org.hibernate.SQL - alter table if exists meetings alter column notes set data type TEXT
10:24:05.757 [main] DEBUG org.hibernate.SQL - alter table if exists milestones alter column description set data type TEXT
10:24:05.758 [main] DEBUG org.hibernate.SQL - alter table if exists projects alter column description set data type TEXT
10:24:05.759 [main] DEBUG org.hibernate.SQL - alter table if exists subsystems alter column description set data type TEXT
10:24:05.760 [main] DEBUG org.hibernate.SQL - alter table if exists subteams alter column specialties set data type TEXT
10:24:05.761 [main] DEBUG org.hibernate.mapping.Table - No alter strings for table : task_assignments
10:24:05.761 [main] DEBUG org.hibernate.mapping.Table - No alter strings for table : task_components
10:24:05.761 [main] DEBUG org.hibernate.mapping.Table - No alter strings for table : task_dependencies
10:24:05.761 [main] DEBUG org.hibernate.SQL - alter table if exists tasks alter column description set data type TEXT
10:24:05.762 [main] DEBUG org.hibernate.SQL - alter table if exists team_members alter column skills set data type TEXT
10:24:05.764 [main] DEBUG org.hibernate.SQL - alter table if exists attendances drop constraint if exists UKa8ydr6vrgbux3a27v7enb0y3x
10:24:05.765 [main] DEBUG org.hibernate.SQL - alter table if exists attendances add constraint UKa8ydr6vrgbux3a27v7enb0y3x unique (meeting_id, member_id)
10:24:05.774 [main] DEBUG org.hibernate.internal.SessionFactoryRegistry - Registering SessionFactory: e8d61ffa-c322-407f-8783-5f35366910a0 (<unnamed>)
10:24:05.774 [main] DEBUG org.hibernate.internal.SessionFactoryRegistry - Not binding SessionFactory to JNDI, no JNDI name configured
10:24:05.774 [main] DEBUG org.hibernate.internal.SessionFactoryImpl - Instantiated SessionFactory
10:24:05.775 [main] DEBUG org.hibernate.stat.internal.StatisticsInitiator - Statistics initialized [enabled=false]
10:24:05.926 [main] DEBUG org.hibernate.orm.sql.ast.create - Created new SQL alias : p1_0
10:24:05.926 [main] DEBUG org.hibernate.orm.sql.ast.create - Registration of TableGroup [StandardTableGroup(org.frcpm.models.Project(959662085063600))] with identifierForTableGroup [org.frcpm.models.Project] for NavigablePath [org.frcpm.models.Project] 
10:24:05.953 [main] DEBUG org.hibernate.orm.results.graph.AST - DomainResult Graph:
 \-EntityResultImpl [org.frcpm.models.Project(959662085063600)]
 |  +-BasicFetch [org.frcpm.models.Project(959662085063600).description]
 |  +-BasicFetch [org.frcpm.models.Project(959662085063600).goalEndDate]
 |  +-BasicFetch [org.frcpm.models.Project(959662085063600).hardDeadline]
 |  +-DelayedCollectionFetch [org.frcpm.models.Project(959662085063600).meetings]
 |  +-DelayedCollectionFetch [org.frcpm.models.Project(959662085063600).milestones]
 |  +-BasicFetch [org.frcpm.models.Project(959662085063600).name]
 |  +-BasicFetch [org.frcpm.models.Project(959662085063600).startDate]
 |  \-DelayedCollectionFetch [org.frcpm.models.Project(959662085063600).tasks]

10:24:05.954 [main] DEBUG org.hibernate.orm.sql.ast.tree - SQL AST Tree:
    SelectStatement {
      FromClause {
        StandardTableGroup (p1 : org.frcpm.models.Project(959662085063600)) {
          primaryTableReference : projects as p1_0
        }
      }
    }

10:24:05.973 [main] DEBUG org.hibernate.orm.sql.exec - Skipping reading Query result cache data: cache-enabled = false, cache-mode = NORMAL
10:24:05.994 [main] DEBUG org.hibernate.orm.results - Initializer list:
	  org.frcpm.models.Project(959662085063600).milestones -> DelayedCollectionInitializer(org.frcpm.models.Project(959662085063600).milestones)@236077926 (PluralAttribute(org.frcpm.models.Project.milestones))
	  org.frcpm.models.Project(959662085063600).meetings -> DelayedCollectionInitializer(org.frcpm.models.Project(959662085063600).meetings)@1080530095 (PluralAttribute(org.frcpm.models.Project.meetings))
	  org.frcpm.models.Project(959662085063600).tasks -> DelayedCollectionInitializer(org.frcpm.models.Project(959662085063600).tasks)@808407899 (PluralAttribute(org.frcpm.models.Project.tasks))
	  org.frcpm.models.Project(959662085063600) -> EntityResultInitializer(org.frcpm.models.Project(959662085063600))@1027537492 (SingleTableEntityPersister(org.frcpm.models.Project))

10:24:06.004 [main] DEBUG org.hibernate.SQL - select p1_0.id,p1_0.description,p1_0.goal_end_date,p1_0.hard_deadline,p1_0.name,p1_0.start_date from projects p1_0
10:24:06.006 [main] DEBUG org.hibernate.orm.results - Extracted JDBC value [0] - [1]
10:24:06.007 [main] DEBUG org.hibernate.orm.results.loading.entity - (EntityResultInitializer) Hydrated EntityKey (org.frcpm.models.Project(959662085063600)): 1
10:24:06.010 [main] DEBUG org.hibernate.orm.results.loading.org.hibernate.orm.results.loading.collection - (DelayedCollectionInitializer) Current row collection key : org.frcpm.models.Project(959662085063600).meetings#1
10:24:06.010 [main] DEBUG org.hibernate.orm.results.loading.org.hibernate.orm.results.loading.collection - (DelayedCollectionInitializer) Current row collection key : org.frcpm.models.Project(959662085063600).milestones#1
10:24:06.010 [main] DEBUG org.hibernate.orm.results.loading.org.hibernate.orm.results.loading.collection - (DelayedCollectionInitializer) Current row collection key : org.frcpm.models.Project(959662085063600).tasks#1
10:24:06.012 [main] DEBUG org.hibernate.orm.results.loading.entity - (EntityResultInitializer) Created new entity instance [org.frcpm.models.Project(959662085063600)#1] : 294366437
10:24:06.021 [main] DEBUG org.hibernate.orm.results - Extracted JDBC value [1] - [Competition robot for the 2025 FIRST Robotics Competition]
10:24:06.022 [main] DEBUG org.hibernate.orm.results - Extracted JDBC value [2] - [2025-06-12]
10:24:06.022 [main] DEBUG org.hibernate.orm.results - Extracted JDBC value [3] - [2025-06-26]
10:24:06.023 [main] DEBUG org.hibernate.orm.results - Extracted JDBC value [4] - [FRC 2025 Robot]
10:24:06.023 [main] DEBUG org.hibernate.orm.results - Extracted JDBC value [5] - [2025-05-01]
10:24:06.030 [main] DEBUG org.hibernate.orm.results.loading.entity - (EntityResultInitializer) Done materializing entityInstance : org.frcpm.models.Project(959662085063600)#1
10:24:06.030 [main] DEBUG org.hibernate.orm.results.loading - Calling top-level assembler (0 / 1) : org.hibernate.sql.results.graph.entity.internal.EntityAssembler@3db2665d
10:24:06.030 [main] DEBUG org.hibernate.orm.results - Extracted JDBC value [0] - [51]
10:24:06.030 [main] DEBUG org.hibernate.orm.results.loading.entity - (EntityResultInitializer) Hydrated EntityKey (org.frcpm.models.Project(959662085063600)): 51
10:24:06.030 [main] DEBUG org.hibernate.orm.results.loading.org.hibernate.orm.results.loading.collection - (DelayedCollectionInitializer) Current row collection key : org.frcpm.models.Project(959662085063600).meetings#51
10:24:06.030 [main] DEBUG org.hibernate.orm.results.loading.org.hibernate.orm.results.loading.collection - (DelayedCollectionInitializer) Current row collection key : org.frcpm.models.Project(959662085063600).milestones#51
10:24:06.030 [main] DEBUG org.hibernate.orm.results.loading.org.hibernate.orm.results.loading.collection - (DelayedCollectionInitializer) Current row collection key : org.frcpm.models.Project(959662085063600).tasks#51
10:24:06.030 [main] DEBUG org.hibernate.orm.results.loading.entity - (EntityResultInitializer) Created new entity instance [org.frcpm.models.Project(959662085063600)#51] : 1504217374
10:24:06.030 [main] DEBUG org.hibernate.orm.results - Extracted JDBC value [1] - [null]
10:24:06.030 [main] DEBUG org.hibernate.orm.results - Extracted JDBC value [2] - [2025-05-23]
10:24:06.030 [main] DEBUG org.hibernate.orm.results - Extracted JDBC value [3] - [2025-06-06]
10:24:06.030 [main] DEBUG org.hibernate.orm.results - Extracted JDBC value [4] - [Test Count Project]
10:24:06.030 [main] DEBUG org.hibernate.orm.results - Extracted JDBC value [5] - [2025-04-25]
10:24:06.030 [main] DEBUG org.hibernate.orm.results.loading.entity - (EntityResultInitializer) Done materializing entityInstance : org.frcpm.models.Project(959662085063600)#51
10:24:06.030 [main] DEBUG org.hibernate.orm.results.loading - Calling top-level assembler (0 / 1) : org.hibernate.sql.results.graph.entity.internal.EntityAssembler@3db2665d
10:24:06.030 [main] DEBUG org.hibernate.orm.results - Extracted JDBC value [0] - [54]
10:24:06.030 [main] DEBUG org.hibernate.orm.results.loading.entity - (EntityResultInitializer) Hydrated EntityKey (org.frcpm.models.Project(959662085063600)): 54
10:24:06.031 [main] DEBUG org.hibernate.orm.results.loading.org.hibernate.orm.results.loading.collection - (DelayedCollectionInitializer) Current row collection key : org.frcpm.models.Project(959662085063600).meetings#54
10:24:06.031 [main] DEBUG org.hibernate.orm.results.loading.org.hibernate.orm.results.loading.collection - (DelayedCollectionInitializer) Current row collection key : org.frcpm.models.Project(959662085063600).milestones#54
10:24:06.031 [main] DEBUG org.hibernate.orm.results.loading.org.hibernate.orm.results.loading.collection - (DelayedCollectionInitializer) Current row collection key : org.frcpm.models.Project(959662085063600).tasks#54
10:24:06.031 [main] DEBUG org.hibernate.orm.results.loading.entity - (EntityResultInitializer) Created new entity instance [org.frcpm.models.Project(959662085063600)#54] : 1899835368
10:24:06.031 [main] DEBUG org.hibernate.orm.results - Extracted JDBC value [1] - [Test save description]
10:24:06.031 [main] DEBUG org.hibernate.orm.results - Extracted JDBC value [2] - [2025-05-23]
10:24:06.031 [main] DEBUG org.hibernate.orm.results - Extracted JDBC value [3] - [2025-06-06]
10:24:06.031 [main] DEBUG org.hibernate.orm.results - Extracted JDBC value [4] - [Test Save Project]
10:24:06.031 [main] DEBUG org.hibernate.orm.results - Extracted JDBC value [5] - [2025-04-25]
10:24:06.031 [main] DEBUG org.hibernate.orm.results.loading.entity - (EntityResultInitializer) Done materializing entityInstance : org.frcpm.models.Project(959662085063600)#54
10:24:06.031 [main] DEBUG org.hibernate.orm.results.loading - Calling top-level assembler (0 / 1) : org.hibernate.sql.results.graph.entity.internal.EntityAssembler@3db2665d
10:24:06.031 [main] DEBUG org.hibernate.orm.results - Extracted JDBC value [0] - [69]
10:24:06.031 [main] DEBUG org.hibernate.orm.results.loading.entity - (EntityResultInitializer) Hydrated EntityKey (org.frcpm.models.Project(959662085063600)): 69
10:24:06.031 [main] DEBUG org.hibernate.orm.results.loading.org.hibernate.orm.results.loading.collection - (DelayedCollectionInitializer) Current row collection key : org.frcpm.models.Project(959662085063600).meetings#69
10:24:06.031 [main] DEBUG org.hibernate.orm.results.loading.org.hibernate.orm.results.loading.collection - (DelayedCollectionInitializer) Current row collection key : org.frcpm.models.Project(959662085063600).milestones#69
10:24:06.031 [main] DEBUG org.hibernate.orm.results.loading.org.hibernate.orm.results.loading.collection - (DelayedCollectionInitializer) Current row collection key : org.frcpm.models.Project(959662085063600).tasks#69
10:24:06.031 [main] DEBUG org.hibernate.orm.results.loading.entity - (EntityResultInitializer) Created new entity instance [org.frcpm.models.Project(959662085063600)#69] : 309462444
10:24:06.031 [main] DEBUG org.hibernate.orm.results - Extracted JDBC value [1] - [null]
10:24:06.031 [main] DEBUG org.hibernate.orm.results - Extracted JDBC value [2] - [2025-05-23]
10:24:06.031 [main] DEBUG org.hibernate.orm.results - Extracted JDBC value [3] - [2025-06-06]
10:24:06.031 [main] DEBUG org.hibernate.orm.results - Extracted JDBC value [4] - [Updated Project Name]
10:24:06.031 [main] DEBUG org.hibernate.orm.results - Extracted JDBC value [5] - [2025-04-25]
10:24:06.031 [main] DEBUG org.hibernate.orm.results.loading.entity - (EntityResultInitializer) Done materializing entityInstance : org.frcpm.models.Project(959662085063600)#69
10:24:06.031 [main] DEBUG org.hibernate.orm.results.loading - Calling top-level assembler (0 / 1) : org.hibernate.sql.results.graph.entity.internal.EntityAssembler@3db2665d
10:24:06.031 [main] DEBUG org.hibernate.orm.results - Extracted JDBC value [0] - [70]
10:24:06.031 [main] DEBUG org.hibernate.orm.results.loading.entity - (EntityResultInitializer) Hydrated EntityKey (org.frcpm.models.Project(959662085063600)): 70
10:24:06.031 [main] DEBUG org.hibernate.orm.results.loading.org.hibernate.orm.results.loading.collection - (DelayedCollectionInitializer) Current row collection key : org.frcpm.models.Project(959662085063600).meetings#70
10:24:06.031 [main] DEBUG org.hibernate.orm.results.loading.org.hibernate.orm.results.loading.collection - (DelayedCollectionInitializer) Current row collection key : org.frcpm.models.Project(959662085063600).milestones#70
10:24:06.031 [main] DEBUG org.hibernate.orm.results.loading.org.hibernate.orm.results.loading.collection - (DelayedCollectionInitializer) Current row collection key : org.frcpm.models.Project(959662085063600).tasks#70
10:24:06.031 [main] DEBUG org.hibernate.orm.results.loading.entity - (EntityResultInitializer) Created new entity instance [org.frcpm.models.Project(959662085063600)#70] : 1204138347
10:24:06.031 [main] DEBUG org.hibernate.orm.results - Extracted JDBC value [1] - [null]
10:24:06.031 [main] DEBUG org.hibernate.orm.results - Extracted JDBC value [2] - [2025-06-06]
10:24:06.031 [main] DEBUG org.hibernate.orm.results - Extracted JDBC value [3] - [2025-06-20]
10:24:06.031 [main] DEBUG org.hibernate.orm.results - Extracted JDBC value [4] - [Test Task Project]
10:24:06.031 [main] DEBUG org.hibernate.orm.results - Extracted JDBC value [5] - [2025-04-25]
10:24:06.031 [main] DEBUG org.hibernate.orm.results.loading.entity - (EntityResultInitializer) Done materializing entityInstance : org.frcpm.models.Project(959662085063600)#70
10:24:06.031 [main] DEBUG org.hibernate.orm.results.loading - Calling top-level assembler (0 / 1) : org.hibernate.sql.results.graph.entity.internal.EntityAssembler@3db2665d
10:24:06.031 [main] DEBUG org.hibernate.orm.results - Extracted JDBC value [0] - [71]
10:24:06.031 [main] DEBUG org.hibernate.orm.results.loading.entity - (EntityResultInitializer) Hydrated EntityKey (org.frcpm.models.Project(959662085063600)): 71
10:24:06.031 [main] DEBUG org.hibernate.orm.results.loading.org.hibernate.orm.results.loading.collection - (DelayedCollectionInitializer) Current row collection key : org.frcpm.models.Project(959662085063600).meetings#71
10:24:06.031 [main] DEBUG org.hibernate.orm.results.loading.org.hibernate.orm.results.loading.collection - (DelayedCollectionInitializer) Current row collection key : org.frcpm.models.Project(959662085063600).milestones#71
10:24:06.031 [main] DEBUG org.hibernate.orm.results.loading.org.hibernate.orm.results.loading.collection - (DelayedCollectionInitializer) Current row collection key : org.frcpm.models.Project(959662085063600).tasks#71
10:24:06.031 [main] DEBUG org.hibernate.orm.results.loading.entity - (EntityResultInitializer) Created new entity instance [org.frcpm.models.Project(959662085063600)#71] : 982283079
10:24:06.032 [main] DEBUG org.hibernate.orm.results - Extracted JDBC value [1] - [null]
10:24:06.032 [main] DEBUG org.hibernate.orm.results - Extracted JDBC value [2] - [2025-06-06]
10:24:06.032 [main] DEBUG org.hibernate.orm.results - Extracted JDBC value [3] - [2025-06-20]
10:24:06.032 [main] DEBUG org.hibernate.orm.results - Extracted JDBC value [4] - [Test Task Project]
10:24:06.032 [main] DEBUG org.hibernate.orm.results - Extracted JDBC value [5] - [2025-04-25]
10:24:06.032 [main] DEBUG org.hibernate.orm.results.loading.entity - (EntityResultInitializer) Done materializing entityInstance : org.frcpm.models.Project(959662085063600)#71
10:24:06.032 [main] DEBUG org.hibernate.orm.results.loading - Calling top-level assembler (0 / 1) : org.hibernate.sql.results.graph.entity.internal.EntityAssembler@3db2665d
10:24:06.032 [main] DEBUG org.hibernate.orm.results - Extracted JDBC value [0] - [72]
10:24:06.032 [main] DEBUG org.hibernate.orm.results.loading.entity - (EntityResultInitializer) Hydrated EntityKey (org.frcpm.models.Project(959662085063600)): 72
10:24:06.032 [main] DEBUG org.hibernate.orm.results.loading.org.hibernate.orm.results.loading.collection - (DelayedCollectionInitializer) Current row collection key : org.frcpm.models.Project(959662085063600).meetings#72
10:24:06.032 [main] DEBUG org.hibernate.orm.results.loading.org.hibernate.orm.results.loading.collection - (DelayedCollectionInitializer) Current row collection key : org.frcpm.models.Project(959662085063600).milestones#72
10:24:06.032 [main] DEBUG org.hibernate.orm.results.loading.org.hibernate.orm.results.loading.collection - (DelayedCollectionInitializer) Current row collection key : org.frcpm.models.Project(959662085063600).tasks#72
10:24:06.032 [main] DEBUG org.hibernate.orm.results.loading.entity - (EntityResultInitializer) Created new entity instance [org.frcpm.models.Project(959662085063600)#72] : 415121029
10:24:06.032 [main] DEBUG org.hibernate.orm.results - Extracted JDBC value [1] - [null]
10:24:06.032 [main] DEBUG org.hibernate.orm.results - Extracted JDBC value [2] - [2025-06-06]
10:24:06.032 [main] DEBUG org.hibernate.orm.results - Extracted JDBC value [3] - [2025-06-20]
10:24:06.032 [main] DEBUG org.hibernate.orm.results - Extracted JDBC value [4] - [Test Task Project]
10:24:06.032 [main] DEBUG org.hibernate.orm.results - Extracted JDBC value [5] - [2025-04-25]
10:24:06.032 [main] DEBUG org.hibernate.orm.results.loading.entity - (EntityResultInitializer) Done materializing entityInstance : org.frcpm.models.Project(959662085063600)#72
10:24:06.032 [main] DEBUG org.hibernate.orm.results.loading - Calling top-level assembler (0 / 1) : org.hibernate.sql.results.graph.entity.internal.EntityAssembler@3db2665d
10:24:06.032 [main] DEBUG org.hibernate.orm.results - Extracted JDBC value [0] - [73]
10:24:06.032 [main] DEBUG org.hibernate.orm.results.loading.entity - (EntityResultInitializer) Hydrated EntityKey (org.frcpm.models.Project(959662085063600)): 73
10:24:06.032 [main] DEBUG org.hibernate.orm.results.loading.org.hibernate.orm.results.loading.collection - (DelayedCollectionInitializer) Current row collection key : org.frcpm.models.Project(959662085063600).meetings#73
10:24:06.032 [main] DEBUG org.hibernate.orm.results.loading.org.hibernate.orm.results.loading.collection - (DelayedCollectionInitializer) Current row collection key : org.frcpm.models.Project(959662085063600).milestones#73
10:24:06.032 [main] DEBUG org.hibernate.orm.results.loading.org.hibernate.orm.results.loading.collection - (DelayedCollectionInitializer) Current row collection key : org.frcpm.models.Project(959662085063600).tasks#73
10:24:06.032 [main] DEBUG org.hibernate.orm.results.loading.entity - (EntityResultInitializer) Created new entity instance [org.frcpm.models.Project(959662085063600)#73] : 1795222190
10:24:06.032 [main] DEBUG org.hibernate.orm.results - Extracted JDBC value [1] - [null]
10:24:06.032 [main] DEBUG org.hibernate.orm.results - Extracted JDBC value [2] - [2025-06-06]
10:24:06.032 [main] DEBUG org.hibernate.orm.results - Extracted JDBC value [3] - [2025-06-20]
10:24:06.032 [main] DEBUG org.hibernate.orm.results - Extracted JDBC value [4] - [Test Task Project]
10:24:06.032 [main] DEBUG org.hibernate.orm.results - Extracted JDBC value [5] - [2025-04-25]
10:24:06.032 [main] DEBUG org.hibernate.orm.results.loading.entity - (EntityResultInitializer) Done materializing entityInstance : org.frcpm.models.Project(959662085063600)#73
10:24:06.032 [main] DEBUG org.hibernate.orm.results.loading - Calling top-level assembler (0 / 1) : org.hibernate.sql.results.graph.entity.internal.EntityAssembler@3db2665d
10:24:06.032 [main] DEBUG org.hibernate.orm.results - Extracted JDBC value [0] - [74]
10:24:06.033 [main] DEBUG org.hibernate.orm.results.loading.entity - (EntityResultInitializer) Hydrated EntityKey (org.frcpm.models.Project(959662085063600)): 74
10:24:06.033 [main] DEBUG org.hibernate.orm.results.loading.org.hibernate.orm.results.loading.collection - (DelayedCollectionInitializer) Current row collection key : org.frcpm.models.Project(959662085063600).meetings#74
10:24:06.033 [main] DEBUG org.hibernate.orm.results.loading.org.hibernate.orm.results.loading.collection - (DelayedCollectionInitializer) Current row collection key : org.frcpm.models.Project(959662085063600).milestones#74
10:24:06.033 [main] DEBUG org.hibernate.orm.results.loading.org.hibernate.orm.results.loading.collection - (DelayedCollectionInitializer) Current row collection key : org.frcpm.models.Project(959662085063600).tasks#74
10:24:06.033 [main] DEBUG org.hibernate.orm.results.loading.entity - (EntityResultInitializer) Created new entity instance [org.frcpm.models.Project(959662085063600)#74] : 1495145975
10:24:06.033 [main] DEBUG org.hibernate.orm.results - Extracted JDBC value [1] - [null]
10:24:06.033 [main] DEBUG org.hibernate.orm.results - Extracted JDBC value [2] - [2025-06-06]
10:24:06.033 [main] DEBUG org.hibernate.orm.results - Extracted JDBC value [3] - [2025-06-20]
10:24:06.033 [main] DEBUG org.hibernate.orm.results - Extracted JDBC value [4] - [Test Task Project]
10:24:06.033 [main] DEBUG org.hibernate.orm.results - Extracted JDBC value [5] - [2025-04-25]
10:24:06.033 [main] DEBUG org.hibernate.orm.results.loading.entity - (EntityResultInitializer) Done materializing entityInstance : org.frcpm.models.Project(959662085063600)#74
10:24:06.033 [main] DEBUG org.hibernate.orm.results.loading - Calling top-level assembler (0 / 1) : org.hibernate.sql.results.graph.entity.internal.EntityAssembler@3db2665d
10:24:06.033 [main] DEBUG org.hibernate.orm.results - Extracted JDBC value [0] - [75]
10:24:06.033 [main] DEBUG org.hibernate.orm.results.loading.entity - (EntityResultInitializer) Hydrated EntityKey (org.frcpm.models.Project(959662085063600)): 75
10:24:06.033 [main] DEBUG org.hibernate.orm.results.loading.org.hibernate.orm.results.loading.collection - (DelayedCollectionInitializer) Current row collection key : org.frcpm.models.Project(959662085063600).meetings#75
10:24:06.033 [main] DEBUG org.hibernate.orm.results.loading.org.hibernate.orm.results.loading.collection - (DelayedCollectionInitializer) Current row collection key : org.frcpm.models.Project(959662085063600).milestones#75
10:24:06.033 [main] DEBUG org.hibernate.orm.results.loading.org.hibernate.orm.results.loading.collection - (DelayedCollectionInitializer) Current row collection key : org.frcpm.models.Project(959662085063600).tasks#75
10:24:06.033 [main] DEBUG org.hibernate.orm.results.loading.entity - (EntityResultInitializer) Created new entity instance [org.frcpm.models.Project(959662085063600)#75] : 613611259
10:24:06.033 [main] DEBUG org.hibernate.orm.results - Extracted JDBC value [1] - [null]
10:24:06.033 [main] DEBUG org.hibernate.orm.results - Extracted JDBC value [2] - [2025-06-06]
10:24:06.033 [main] DEBUG org.hibernate.orm.results - Extracted JDBC value [3] - [2025-06-20]
10:24:06.033 [main] DEBUG org.hibernate.orm.results - Extracted JDBC value [4] - [Test Task Project]
10:24:06.033 [main] DEBUG org.hibernate.orm.results - Extracted JDBC value [5] - [2025-04-25]
10:24:06.033 [main] DEBUG org.hibernate.orm.results.loading.entity - (EntityResultInitializer) Done materializing entityInstance : org.frcpm.models.Project(959662085063600)#75
10:24:06.033 [main] DEBUG org.hibernate.orm.results.loading - Calling top-level assembler (0 / 1) : org.hibernate.sql.results.graph.entity.internal.EntityAssembler@3db2665d
10:24:06.033 [main] DEBUG org.hibernate.orm.results - Extracted JDBC value [0] - [76]
10:24:06.033 [main] DEBUG org.hibernate.orm.results.loading.entity - (EntityResultInitializer) Hydrated EntityKey (org.frcpm.models.Project(959662085063600)): 76
10:24:06.033 [main] DEBUG org.hibernate.orm.results.loading.org.hibernate.orm.results.loading.collection - (DelayedCollectionInitializer) Current row collection key : org.frcpm.models.Project(959662085063600).meetings#76
10:24:06.033 [main] DEBUG org.hibernate.orm.results.loading.org.hibernate.orm.results.loading.collection - (DelayedCollectionInitializer) Current row collection key : org.frcpm.models.Project(959662085063600).milestones#76
10:24:06.034 [main] DEBUG org.hibernate.orm.results.loading.org.hibernate.orm.results.loading.collection - (DelayedCollectionInitializer) Current row collection key : org.frcpm.models.Project(959662085063600).tasks#76
10:24:06.034 [main] DEBUG org.hibernate.orm.results.loading.entity - (EntityResultInitializer) Created new entity instance [org.frcpm.models.Project(959662085063600)#76] : 1391579163
10:24:06.034 [main] DEBUG org.hibernate.orm.results - Extracted JDBC value [1] - [null]
10:24:06.034 [main] DEBUG org.hibernate.orm.results - Extracted JDBC value [2] - [2025-06-06]
10:24:06.034 [main] DEBUG org.hibernate.orm.results - Extracted JDBC value [3] - [2025-06-20]
10:24:06.034 [main] DEBUG org.hibernate.orm.results - Extracted JDBC value [4] - [Test Task Project]
10:24:06.034 [main] DEBUG org.hibernate.orm.results - Extracted JDBC value [5] - [2025-04-25]
10:24:06.034 [main] DEBUG org.hibernate.orm.results.loading.entity - (EntityResultInitializer) Done materializing entityInstance : org.frcpm.models.Project(959662085063600)#76
10:24:06.034 [main] DEBUG org.hibernate.orm.results.loading - Calling top-level assembler (0 / 1) : org.hibernate.sql.results.graph.entity.internal.EntityAssembler@3db2665d
10:24:06.034 [main] DEBUG org.hibernate.orm.results - Extracted JDBC value [0] - [77]
10:24:06.034 [main] DEBUG org.hibernate.orm.results.loading.entity - (EntityResultInitializer) Hydrated EntityKey (org.frcpm.models.Project(959662085063600)): 77
10:24:06.034 [main] DEBUG org.hibernate.orm.results.loading.org.hibernate.orm.results.loading.collection - (DelayedCollectionInitializer) Current row collection key : org.frcpm.models.Project(959662085063600).meetings#77
10:24:06.034 [main] DEBUG org.hibernate.orm.results.loading.org.hibernate.orm.results.loading.collection - (DelayedCollectionInitializer) Current row collection key : org.frcpm.models.Project(959662085063600).milestones#77
10:24:06.034 [main] DEBUG org.hibernate.orm.results.loading.org.hibernate.orm.results.loading.collection - (DelayedCollectionInitializer) Current row collection key : org.frcpm.models.Project(959662085063600).tasks#77
10:24:06.034 [main] DEBUG org.hibernate.orm.results.loading.entity - (EntityResultInitializer) Created new entity instance [org.frcpm.models.Project(959662085063600)#77] : 1135563068
10:24:06.035 [main] DEBUG org.hibernate.orm.results - Extracted JDBC value [1] - [null]
10:24:06.035 [main] DEBUG org.hibernate.orm.results - Extracted JDBC value [2] - [2025-06-06]
10:24:06.035 [main] DEBUG org.hibernate.orm.results - Extracted JDBC value [3] - [2025-06-20]
10:24:06.035 [main] DEBUG org.hibernate.orm.results - Extracted JDBC value [4] - [Test Task Project]
10:24:06.035 [main] DEBUG org.hibernate.orm.results - Extracted JDBC value [5] - [2025-04-25]
10:24:06.035 [main] DEBUG org.hibernate.orm.results.loading.entity - (EntityResultInitializer) Done materializing entityInstance : org.frcpm.models.Project(959662085063600)#77
10:24:06.035 [main] DEBUG org.hibernate.orm.results.loading - Calling top-level assembler (0 / 1) : org.hibernate.sql.results.graph.entity.internal.EntityAssembler@3db2665d
10:24:06.035 [main] DEBUG org.hibernate.orm.results - Extracted JDBC value [0] - [78]
10:24:06.035 [main] DEBUG org.hibernate.orm.results.loading.entity - (EntityResultInitializer) Hydrated EntityKey (org.frcpm.models.Project(959662085063600)): 78
10:24:06.035 [main] DEBUG org.hibernate.orm.results.loading.org.hibernate.orm.results.loading.collection - (DelayedCollectionInitializer) Current row collection key : org.frcpm.models.Project(959662085063600).meetings#78
10:24:06.035 [main] DEBUG org.hibernate.orm.results.loading.org.hibernate.orm.results.loading.collection - (DelayedCollectionInitializer) Current row collection key : org.frcpm.models.Project(959662085063600).milestones#78
10:24:06.035 [main] DEBUG org.hibernate.orm.results.loading.org.hibernate.orm.results.loading.collection - (DelayedCollectionInitializer) Current row collection key : org.frcpm.models.Project(959662085063600).tasks#78
10:24:06.035 [main] DEBUG org.hibernate.orm.results.loading.entity - (EntityResultInitializer) Created new entity instance [org.frcpm.models.Project(959662085063600)#78] : 899455803
10:24:06.035 [main] DEBUG org.hibernate.orm.results - Extracted JDBC value [1] - [null]
10:24:06.035 [main] DEBUG org.hibernate.orm.results - Extracted JDBC value [2] - [2025-06-06]
10:24:06.035 [main] DEBUG org.hibernate.orm.results - Extracted JDBC value [3] - [2025-06-20]
10:24:06.035 [main] DEBUG org.hibernate.orm.results - Extracted JDBC value [4] - [Test Task Project]
10:24:06.036 [main] DEBUG org.hibernate.orm.results - Extracted JDBC value [5] - [2025-04-25]
10:24:06.036 [main] DEBUG org.hibernate.orm.results.loading.entity - (EntityResultInitializer) Done materializing entityInstance : org.frcpm.models.Project(959662085063600)#78
10:24:06.036 [main] DEBUG org.hibernate.orm.results.loading - Calling top-level assembler (0 / 1) : org.hibernate.sql.results.graph.entity.internal.EntityAssembler@3db2665d
10:24:06.036 [main] DEBUG org.hibernate.orm.results - Extracted JDBC value [0] - [79]
10:24:06.036 [main] DEBUG org.hibernate.orm.results.loading.entity - (EntityResultInitializer) Hydrated EntityKey (org.frcpm.models.Project(959662085063600)): 79
10:24:06.036 [main] DEBUG org.hibernate.orm.results.loading.org.hibernate.orm.results.loading.collection - (DelayedCollectionInitializer) Current row collection key : org.frcpm.models.Project(959662085063600).meetings#79
10:24:06.036 [main] DEBUG org.hibernate.orm.results.loading.org.hibernate.orm.results.loading.collection - (DelayedCollectionInitializer) Current row collection key : org.frcpm.models.Project(959662085063600).milestones#79
10:24:06.036 [main] DEBUG org.hibernate.orm.results.loading.org.hibernate.orm.results.loading.collection - (DelayedCollectionInitializer) Current row collection key : org.frcpm.models.Project(959662085063600).tasks#79
10:24:06.036 [main] DEBUG org.hibernate.orm.results.loading.entity - (EntityResultInitializer) Created new entity instance [org.frcpm.models.Project(959662085063600)#79] : 1633125544
10:24:06.036 [main] DEBUG org.hibernate.orm.results - Extracted JDBC value [1] - [null]
10:24:06.036 [main] DEBUG org.hibernate.orm.results - Extracted JDBC value [2] - [2025-06-06]
10:24:06.036 [main] DEBUG org.hibernate.orm.results - Extracted JDBC value [3] - [2025-06-20]
10:24:06.036 [main] DEBUG org.hibernate.orm.results - Extracted JDBC value [4] - [Test Task Project]
10:24:06.036 [main] DEBUG org.hibernate.orm.results - Extracted JDBC value [5] - [2025-04-25]
10:24:06.036 [main] DEBUG org.hibernate.orm.results.loading.entity - (EntityResultInitializer) Done materializing entityInstance : org.frcpm.models.Project(959662085063600)#79
10:24:06.036 [main] DEBUG org.hibernate.orm.results.loading - Calling top-level assembler (0 / 1) : org.hibernate.sql.results.graph.entity.internal.EntityAssembler@3db2665d
10:24:06.036 [main] DEBUG org.hibernate.orm.results - Extracted JDBC value [0] - [80]
10:24:06.036 [main] DEBUG org.hibernate.orm.results.loading.entity - (EntityResultInitializer) Hydrated EntityKey (org.frcpm.models.Project(959662085063600)): 80
10:24:06.036 [main] DEBUG org.hibernate.orm.results.loading.org.hibernate.orm.results.loading.collection - (DelayedCollectionInitializer) Current row collection key : org.frcpm.models.Project(959662085063600).meetings#80
10:24:06.036 [main] DEBUG org.hibernate.orm.results.loading.org.hibernate.orm.results.loading.collection - (DelayedCollectionInitializer) Current row collection key : org.frcpm.models.Project(959662085063600).milestones#80
10:24:06.036 [main] DEBUG org.hibernate.orm.results.loading.org.hibernate.orm.results.loading.collection - (DelayedCollectionInitializer) Current row collection key : org.frcpm.models.Project(959662085063600).tasks#80
10:24:06.036 [main] DEBUG org.hibernate.orm.results.loading.entity - (EntityResultInitializer) Created new entity instance [org.frcpm.models.Project(959662085063600)#80] : 2015159936
10:24:06.036 [main] DEBUG org.hibernate.orm.results - Extracted JDBC value [1] - [null]
10:24:06.036 [main] DEBUG org.hibernate.orm.results - Extracted JDBC value [2] - [2025-06-06]
10:24:06.036 [main] DEBUG org.hibernate.orm.results - Extracted JDBC value [3] - [2025-06-20]
10:24:06.036 [main] DEBUG org.hibernate.orm.results - Extracted JDBC value [4] - [Test Task Project]
10:24:06.036 [main] DEBUG org.hibernate.orm.results - Extracted JDBC value [5] - [2025-04-25]
10:24:06.036 [main] DEBUG org.hibernate.orm.results.loading.entity - (EntityResultInitializer) Done materializing entityInstance : org.frcpm.models.Project(959662085063600)#80
10:24:06.036 [main] DEBUG org.hibernate.orm.results.loading - Calling top-level assembler (0 / 1) : org.hibernate.sql.results.graph.entity.internal.EntityAssembler@3db2665d
10:24:06.036 [main] DEBUG org.hibernate.orm.results - Extracted JDBC value [0] - [81]
10:24:06.036 [main] DEBUG org.hibernate.orm.results.loading.entity - (EntityResultInitializer) Hydrated EntityKey (org.frcpm.models.Project(959662085063600)): 81
10:24:06.036 [main] DEBUG org.hibernate.orm.results.loading.org.hibernate.orm.results.loading.collection - (DelayedCollectionInitializer) Current row collection key : org.frcpm.models.Project(959662085063600).meetings#81
10:24:06.036 [main] DEBUG org.hibernate.orm.results.loading.org.hibernate.orm.results.loading.collection - (DelayedCollectionInitializer) Current row collection key : org.frcpm.models.Project(959662085063600).milestones#81
10:24:06.036 [main] DEBUG org.hibernate.orm.results.loading.org.hibernate.orm.results.loading.collection - (DelayedCollectionInitializer) Current row collection key : org.frcpm.models.Project(959662085063600).tasks#81
10:24:06.036 [main] DEBUG org.hibernate.orm.results.loading.entity - (EntityResultInitializer) Created new entity instance [org.frcpm.models.Project(959662085063600)#81] : 2097924669
10:24:06.036 [main] DEBUG org.hibernate.orm.results - Extracted JDBC value [1] - [null]
10:24:06.036 [main] DEBUG org.hibernate.orm.results - Extracted JDBC value [2] - [2025-06-06]
10:24:06.036 [main] DEBUG org.hibernate.orm.results - Extracted JDBC value [3] - [2025-06-20]
10:24:06.036 [main] DEBUG org.hibernate.orm.results - Extracted JDBC value [4] - [Test Task Project]
10:24:06.036 [main] DEBUG org.hibernate.orm.results - Extracted JDBC value [5] - [2025-04-25]
10:24:06.037 [main] DEBUG org.hibernate.orm.results.loading.entity - (EntityResultInitializer) Done materializing entityInstance : org.frcpm.models.Project(959662085063600)#81
10:24:06.037 [main] DEBUG org.hibernate.orm.results.loading - Calling top-level assembler (0 / 1) : org.hibernate.sql.results.graph.entity.internal.EntityAssembler@3db2665d
10:24:06.037 [main] DEBUG org.hibernate.orm.results - Extracted JDBC value [0] - [82]
10:24:06.037 [main] DEBUG org.hibernate.orm.results.loading.entity - (EntityResultInitializer) Hydrated EntityKey (org.frcpm.models.Project(959662085063600)): 82
10:24:06.037 [main] DEBUG org.hibernate.orm.results.loading.org.hibernate.orm.results.loading.collection - (DelayedCollectionInitializer) Current row collection key : org.frcpm.models.Project(959662085063600).meetings#82
10:24:06.037 [main] DEBUG org.hibernate.orm.results.loading.org.hibernate.orm.results.loading.collection - (DelayedCollectionInitializer) Current row collection key : org.frcpm.models.Project(959662085063600).milestones#82
10:24:06.037 [main] DEBUG org.hibernate.orm.results.loading.org.hibernate.orm.results.loading.collection - (DelayedCollectionInitializer) Current row collection key : org.frcpm.models.Project(959662085063600).tasks#82
10:24:06.037 [main] DEBUG org.hibernate.orm.results.loading.entity - (EntityResultInitializer) Created new entity instance [org.frcpm.models.Project(959662085063600)#82] : 432239715
10:24:06.037 [main] DEBUG org.hibernate.orm.results - Extracted JDBC value [1] - [null]
10:24:06.037 [main] DEBUG org.hibernate.orm.results - Extracted JDBC value [2] - [2025-06-06]
10:24:06.037 [main] DEBUG org.hibernate.orm.results - Extracted JDBC value [3] - [2025-06-20]
10:24:06.037 [main] DEBUG org.hibernate.orm.results - Extracted JDBC value [4] - [Test Task Project]
10:24:06.037 [main] DEBUG org.hibernate.orm.results - Extracted JDBC value [5] - [2025-04-25]
10:24:06.037 [main] DEBUG org.hibernate.orm.results.loading.entity - (EntityResultInitializer) Done materializing entityInstance : org.frcpm.models.Project(959662085063600)#82
10:24:06.037 [main] DEBUG org.hibernate.orm.results.loading - Calling top-level assembler (0 / 1) : org.hibernate.sql.results.graph.entity.internal.EntityAssembler@3db2665d
10:24:06.037 [main] DEBUG org.hibernate.orm.results - Extracted JDBC value [0] - [104]
10:24:06.037 [main] DEBUG org.hibernate.orm.results.loading.entity - (EntityResultInitializer) Hydrated EntityKey (org.frcpm.models.Project(959662085063600)): 104
10:24:06.037 [main] DEBUG org.hibernate.orm.results.loading.org.hibernate.orm.results.loading.collection - (DelayedCollectionInitializer) Current row collection key : org.frcpm.models.Project(959662085063600).meetings#104
10:24:06.037 [main] DEBUG org.hibernate.orm.results.loading.org.hibernate.orm.results.loading.collection - (DelayedCollectionInitializer) Current row collection key : org.frcpm.models.Project(959662085063600).milestones#104
10:24:06.037 [main] DEBUG org.hibernate.orm.results.loading.org.hibernate.orm.results.loading.collection - (DelayedCollectionInitializer) Current row collection key : org.frcpm.models.Project(959662085063600).tasks#104
10:24:06.037 [main] DEBUG org.hibernate.orm.results.loading.entity - (EntityResultInitializer) Created new entity instance [org.frcpm.models.Project(959662085063600)#104] : 2108055713
10:24:06.037 [main] DEBUG org.hibernate.orm.results - Extracted JDBC value [1] - [null]
10:24:06.037 [main] DEBUG org.hibernate.orm.results - Extracted JDBC value [2] - [2025-06-06]
10:24:06.037 [main] DEBUG org.hibernate.orm.results - Extracted JDBC value [3] - [2025-06-20]
10:24:06.037 [main] DEBUG org.hibernate.orm.results - Extracted JDBC value [4] - [Component Test Project]
10:24:06.037 [main] DEBUG org.hibernate.orm.results - Extracted JDBC value [5] - [2025-04-25]
10:24:06.037 [main] DEBUG org.hibernate.orm.results.loading.entity - (EntityResultInitializer) Done materializing entityInstance : org.frcpm.models.Project(959662085063600)#104
10:24:06.037 [main] DEBUG org.hibernate.orm.results.loading - Calling top-level assembler (0 / 1) : org.hibernate.sql.results.graph.entity.internal.EntityAssembler@3db2665d
10:24:06.037 [main] DEBUG org.hibernate.orm.results - Extracted JDBC value [0] - [135]
10:24:06.037 [main] DEBUG org.hibernate.orm.results.loading.entity - (EntityResultInitializer) Hydrated EntityKey (org.frcpm.models.Project(959662085063600)): 135
10:24:06.037 [main] DEBUG org.hibernate.orm.results.loading.org.hibernate.orm.results.loading.collection - (DelayedCollectionInitializer) Current row collection key : org.frcpm.models.Project(959662085063600).meetings#135
10:24:06.037 [main] DEBUG org.hibernate.orm.results.loading.org.hibernate.orm.results.loading.collection - (DelayedCollectionInitializer) Current row collection key : org.frcpm.models.Project(959662085063600).milestones#135
10:24:06.037 [main] DEBUG org.hibernate.orm.results.loading.org.hibernate.orm.results.loading.collection - (DelayedCollectionInitializer) Current row collection key : org.frcpm.models.Project(959662085063600).tasks#135
10:24:06.037 [main] DEBUG org.hibernate.orm.results.loading.entity - (EntityResultInitializer) Created new entity instance [org.frcpm.models.Project(959662085063600)#135] : 579100709
10:24:06.037 [main] DEBUG org.hibernate.orm.results - Extracted JDBC value [1] - [null]
10:24:06.037 [main] DEBUG org.hibernate.orm.results - Extracted JDBC value [2] - [2025-05-23]
10:24:06.037 [main] DEBUG org.hibernate.orm.results - Extracted JDBC value [3] - [2025-06-06]
10:24:06.037 [main] DEBUG org.hibernate.orm.results - Extracted JDBC value [4] - [Test Create Service Project]
10:24:06.037 [main] DEBUG org.hibernate.orm.results - Extracted JDBC value [5] - [2025-04-25]
10:24:06.037 [main] DEBUG org.hibernate.orm.results.loading.entity - (EntityResultInitializer) Done materializing entityInstance : org.frcpm.models.Project(959662085063600)#135
10:24:06.037 [main] DEBUG org.hibernate.orm.results.loading - Calling top-level assembler (0 / 1) : org.hibernate.sql.results.graph.entity.internal.EntityAssembler@3db2665d
10:24:06.037 [main] DEBUG org.hibernate.orm.results - Extracted JDBC value [0] - [142]
10:24:06.037 [main] DEBUG org.hibernate.orm.results.loading.entity - (EntityResultInitializer) Hydrated EntityKey (org.frcpm.models.Project(959662085063600)): 142
10:24:06.037 [main] DEBUG org.hibernate.orm.results.loading.org.hibernate.orm.results.loading.collection - (DelayedCollectionInitializer) Current row collection key : org.frcpm.models.Project(959662085063600).meetings#142
10:24:06.037 [main] DEBUG org.hibernate.orm.results.loading.org.hibernate.orm.results.loading.collection - (DelayedCollectionInitializer) Current row collection key : org.frcpm.models.Project(959662085063600).milestones#142
10:24:06.037 [main] DEBUG org.hibernate.orm.results.loading.org.hibernate.orm.results.loading.collection - (DelayedCollectionInitializer) Current row collection key : org.frcpm.models.Project(959662085063600).tasks#142
10:24:06.037 [main] DEBUG org.hibernate.orm.results.loading.entity - (EntityResultInitializer) Created new entity instance [org.frcpm.models.Project(959662085063600)#142] : 207831623
10:24:06.037 [main] DEBUG org.hibernate.orm.results - Extracted JDBC value [1] - [Updated description]
10:24:06.037 [main] DEBUG org.hibernate.orm.results - Extracted JDBC value [2] - [2025-05-23]
10:24:06.037 [main] DEBUG org.hibernate.orm.results - Extracted JDBC value [3] - [2025-06-06]
10:24:06.037 [main] DEBUG org.hibernate.orm.results - Extracted JDBC value [4] - [Updated Service Project Name]
10:24:06.037 [main] DEBUG org.hibernate.orm.results - Extracted JDBC value [5] - [2025-04-25]
10:24:06.037 [main] DEBUG org.hibernate.orm.results.loading.entity - (EntityResultInitializer) Done materializing entityInstance : org.frcpm.models.Project(959662085063600)#142
10:24:06.037 [main] DEBUG org.hibernate.orm.results.loading - Calling top-level assembler (0 / 1) : org.hibernate.sql.results.graph.entity.internal.EntityAssembler@3db2665d
10:24:06.038 [main] DEBUG org.hibernate.orm.results - Extracted JDBC value [0] - [148]
10:24:06.038 [main] DEBUG org.hibernate.orm.results.loading.entity - (EntityResultInitializer) Hydrated EntityKey (org.frcpm.models.Project(959662085063600)): 148
10:24:06.038 [main] DEBUG org.hibernate.orm.results.loading.org.hibernate.orm.results.loading.collection - (DelayedCollectionInitializer) Current row collection key : org.frcpm.models.Project(959662085063600).meetings#148
10:24:06.038 [main] DEBUG org.hibernate.orm.results.loading.org.hibernate.orm.results.loading.collection - (DelayedCollectionInitializer) Current row collection key : org.frcpm.models.Project(959662085063600).milestones#148
10:24:06.038 [main] DEBUG org.hibernate.orm.results.loading.org.hibernate.orm.results.loading.collection - (DelayedCollectionInitializer) Current row collection key : org.frcpm.models.Project(959662085063600).tasks#148
10:24:06.038 [main] DEBUG org.hibernate.orm.results.loading.entity - (EntityResultInitializer) Created new entity instance [org.frcpm.models.Project(959662085063600)#148] : 689963660
10:24:06.038 [main] DEBUG org.hibernate.orm.results - Extracted JDBC value [1] - [null]
10:24:06.038 [main] DEBUG org.hibernate.orm.results - Extracted JDBC value [2] - [2025-05-23]
10:24:06.038 [main] DEBUG org.hibernate.orm.results - Extracted JDBC value [3] - [2025-06-06]
10:24:06.038 [main] DEBUG org.hibernate.orm.results - Extracted JDBC value [4] - [Test Summary Project]
10:24:06.038 [main] DEBUG org.hibernate.orm.results - Extracted JDBC value [5] - [2025-04-25]
10:24:06.038 [main] DEBUG org.hibernate.orm.results.loading.entity - (EntityResultInitializer) Done materializing entityInstance : org.frcpm.models.Project(959662085063600)#148
10:24:06.038 [main] DEBUG org.hibernate.orm.results.loading - Calling top-level assembler (0 / 1) : org.hibernate.sql.results.graph.entity.internal.EntityAssembler@3db2665d
10:24:06.044 [main] DEBUG org.hibernate.resource.jdbc.internal.LogicalConnectionManagedImpl - Initiating JDBC connection release from afterTransaction
10:24:06.044 [main] DEBUG org.hibernate.resource.jdbc.internal.LogicalConnectionManagedImpl - Initiating JDBC connection release from afterTransaction
]]></system-out>
    <system-err><![CDATA[Apr 25, 2025 10:24:05 AM org.frcpm.config.DatabaseConfig initialize
INFO: Initializing database configuration...
Apr 25, 2025 10:24:05 AM org.frcpm.config.DatabaseConfig initialize
INFO: Using FILE-BASED database at: file:C:\Users\dhiebert\.frcpm\frcpm
Apr 25, 2025 10:24:05 AM org.frcpm.config.DatabaseConfig initialize
INFO: Using JDBC URL: jdbc:h2:file:C:\Users\dhiebert\.frcpm\frcpm
Apr 25, 2025 10:24:05 AM org.frcpm.config.DatabaseConfig initialize
INFO: Using schema mode: update
Apr 25, 2025 10:24:05 AM org.frcpm.config.DatabaseConfig initialize
INFO: Database configuration initialized successfully in PRODUCTION mode
]]></system-err>
  </testcase>
  <testcase name="testHandleRefresh" classname="org.frcpm.controllers.MainControllerTest" time="0.023">
    <system-out><![CDATA[10:24:06.060 [main] DEBUG org.hibernate.orm.sql.ast.create - Created new SQL alias : p1_0
10:24:06.060 [main] DEBUG org.hibernate.orm.sql.ast.create - Registration of TableGroup [StandardTableGroup(org.frcpm.models.Project(959662346240100))] with identifierForTableGroup [org.frcpm.models.Project] for NavigablePath [org.frcpm.models.Project] 
10:24:06.060 [main] DEBUG org.hibernate.orm.results.graph.AST - DomainResult Graph:
 \-EntityResultImpl [org.frcpm.models.Project(959662346240100)]
 |  +-BasicFetch [org.frcpm.models.Project(959662346240100).description]
 |  +-BasicFetch [org.frcpm.models.Project(959662346240100).goalEndDate]
 |  +-BasicFetch [org.frcpm.models.Project(959662346240100).hardDeadline]
 |  +-DelayedCollectionFetch [org.frcpm.models.Project(959662346240100).meetings]
 |  +-DelayedCollectionFetch [org.frcpm.models.Project(959662346240100).milestones]
 |  +-BasicFetch [org.frcpm.models.Project(959662346240100).name]
 |  +-BasicFetch [org.frcpm.models.Project(959662346240100).startDate]
 |  \-DelayedCollectionFetch [org.frcpm.models.Project(959662346240100).tasks]

10:24:06.060 [main] DEBUG org.hibernate.orm.sql.ast.tree - SQL AST Tree:
    SelectStatement {
      FromClause {
        StandardTableGroup (p1 : org.frcpm.models.Project(959662346240100)) {
          primaryTableReference : projects as p1_0
        }
      }
    }

10:24:06.060 [main] DEBUG org.hibernate.orm.sql.exec - Skipping reading Query result cache data: cache-enabled = false, cache-mode = NORMAL
10:24:06.061 [main] DEBUG org.hibernate.orm.results - Initializer list:
	  org.frcpm.models.Project(959662346240100).tasks -> DelayedCollectionInitializer(org.frcpm.models.Project(959662346240100).tasks)@1900472740 (PluralAttribute(org.frcpm.models.Project.tasks))
	  org.frcpm.models.Project(959662346240100) -> EntityResultInitializer(org.frcpm.models.Project(959662346240100))@1385216025 (SingleTableEntityPersister(org.frcpm.models.Project))
	  org.frcpm.models.Project(959662346240100).milestones -> DelayedCollectionInitializer(org.frcpm.models.Project(959662346240100).milestones)@1388866463 (PluralAttribute(org.frcpm.models.Project.milestones))
	  org.frcpm.models.Project(959662346240100).meetings -> DelayedCollectionInitializer(org.frcpm.models.Project(959662346240100).meetings)@1753039985 (PluralAttribute(org.frcpm.models.Project.meetings))

10:24:06.061 [main] DEBUG org.hibernate.SQL - select p1_0.id,p1_0.description,p1_0.goal_end_date,p1_0.hard_deadline,p1_0.name,p1_0.start_date from projects p1_0
10:24:06.061 [main] DEBUG org.hibernate.orm.results - Extracted JDBC value [0] - [1]
10:24:06.061 [main] DEBUG org.hibernate.orm.results.loading.entity - (EntityResultInitializer) Hydrated EntityKey (org.frcpm.models.Project(959662346240100)): 1
10:24:06.061 [main] DEBUG org.hibernate.orm.results.loading.org.hibernate.orm.results.loading.collection - (DelayedCollectionInitializer) Current row collection key : org.frcpm.models.Project(959662346240100).meetings#1
10:24:06.062 [main] DEBUG org.hibernate.orm.results.loading.org.hibernate.orm.results.loading.collection - (DelayedCollectionInitializer) Current row collection key : org.frcpm.models.Project(959662346240100).milestones#1
10:24:06.062 [main] DEBUG org.hibernate.orm.results.loading.org.hibernate.orm.results.loading.collection - (DelayedCollectionInitializer) Current row collection key : org.frcpm.models.Project(959662346240100).tasks#1
10:24:06.062 [main] DEBUG org.hibernate.orm.results.loading.entity - (EntityResultInitializer) Created new entity instance [org.frcpm.models.Project(959662346240100)#1] : 1756538502
10:24:06.062 [main] DEBUG org.hibernate.orm.results - Extracted JDBC value [1] - [Competition robot for the 2025 FIRST Robotics Competition]
10:24:06.062 [main] DEBUG org.hibernate.orm.results - Extracted JDBC value [2] - [2025-06-12]
10:24:06.062 [main] DEBUG org.hibernate.orm.results - Extracted JDBC value [3] - [2025-06-26]
10:24:06.062 [main] DEBUG org.hibernate.orm.results - Extracted JDBC value [4] - [FRC 2025 Robot]
10:24:06.062 [main] DEBUG org.hibernate.orm.results - Extracted JDBC value [5] - [2025-05-01]
10:24:06.062 [main] DEBUG org.hibernate.orm.results.loading.entity - (EntityResultInitializer) Done materializing entityInstance : org.frcpm.models.Project(959662346240100)#1
10:24:06.062 [main] DEBUG org.hibernate.orm.results.loading - Calling top-level assembler (0 / 1) : org.hibernate.sql.results.graph.entity.internal.EntityAssembler@79d15b02
10:24:06.062 [main] DEBUG org.hibernate.orm.results - Extracted JDBC value [0] - [51]
10:24:06.062 [main] DEBUG org.hibernate.orm.results.loading.entity - (EntityResultInitializer) Hydrated EntityKey (org.frcpm.models.Project(959662346240100)): 51
10:24:06.062 [main] DEBUG org.hibernate.orm.results.loading.org.hibernate.orm.results.loading.collection - (DelayedCollectionInitializer) Current row collection key : org.frcpm.models.Project(959662346240100).meetings#51
10:24:06.062 [main] DEBUG org.hibernate.orm.results.loading.org.hibernate.orm.results.loading.collection - (DelayedCollectionInitializer) Current row collection key : org.frcpm.models.Project(959662346240100).milestones#51
10:24:06.062 [main] DEBUG org.hibernate.orm.results.loading.org.hibernate.orm.results.loading.collection - (DelayedCollectionInitializer) Current row collection key : org.frcpm.models.Project(959662346240100).tasks#51
10:24:06.062 [main] DEBUG org.hibernate.orm.results.loading.entity - (EntityResultInitializer) Created new entity instance [org.frcpm.models.Project(959662346240100)#51] : 1659744852
10:24:06.062 [main] DEBUG org.hibernate.orm.results - Extracted JDBC value [1] - [null]
10:24:06.062 [main] DEBUG org.hibernate.orm.results - Extracted JDBC value [2] - [2025-05-23]
10:24:06.063 [main] DEBUG org.hibernate.orm.results - Extracted JDBC value [3] - [2025-06-06]
10:24:06.063 [main] DEBUG org.hibernate.orm.results - Extracted JDBC value [4] - [Test Count Project]
10:24:06.063 [main] DEBUG org.hibernate.orm.results - Extracted JDBC value [5] - [2025-04-25]
10:24:06.063 [main] DEBUG org.hibernate.orm.results.loading.entity - (EntityResultInitializer) Done materializing entityInstance : org.frcpm.models.Project(959662346240100)#51
10:24:06.063 [main] DEBUG org.hibernate.orm.results.loading - Calling top-level assembler (0 / 1) : org.hibernate.sql.results.graph.entity.internal.EntityAssembler@79d15b02
10:24:06.063 [main] DEBUG org.hibernate.orm.results - Extracted JDBC value [0] - [54]
10:24:06.063 [main] DEBUG org.hibernate.orm.results.loading.entity - (EntityResultInitializer) Hydrated EntityKey (org.frcpm.models.Project(959662346240100)): 54
10:24:06.063 [main] DEBUG org.hibernate.orm.results.loading.org.hibernate.orm.results.loading.collection - (DelayedCollectionInitializer) Current row collection key : org.frcpm.models.Project(959662346240100).meetings#54
10:24:06.063 [main] DEBUG org.hibernate.orm.results.loading.org.hibernate.orm.results.loading.collection - (DelayedCollectionInitializer) Current row collection key : org.frcpm.models.Project(959662346240100).milestones#54
10:24:06.063 [main] DEBUG org.hibernate.orm.results.loading.org.hibernate.orm.results.loading.collection - (DelayedCollectionInitializer) Current row collection key : org.frcpm.models.Project(959662346240100).tasks#54
10:24:06.063 [main] DEBUG org.hibernate.orm.results.loading.entity - (EntityResultInitializer) Created new entity instance [org.frcpm.models.Project(959662346240100)#54] : 1857428017
10:24:06.063 [main] DEBUG org.hibernate.orm.results - Extracted JDBC value [1] - [Test save description]
10:24:06.063 [main] DEBUG org.hibernate.orm.results - Extracted JDBC value [2] - [2025-05-23]
10:24:06.063 [main] DEBUG org.hibernate.orm.results - Extracted JDBC value [3] - [2025-06-06]
10:24:06.063 [main] DEBUG org.hibernate.orm.results - Extracted JDBC value [4] - [Test Save Project]
10:24:06.063 [main] DEBUG org.hibernate.orm.results - Extracted JDBC value [5] - [2025-04-25]
10:24:06.063 [main] DEBUG org.hibernate.orm.results.loading.entity - (EntityResultInitializer) Done materializing entityInstance : org.frcpm.models.Project(959662346240100)#54
10:24:06.063 [main] DEBUG org.hibernate.orm.results.loading - Calling top-level assembler (0 / 1) : org.hibernate.sql.results.graph.entity.internal.EntityAssembler@79d15b02
10:24:06.063 [main] DEBUG org.hibernate.orm.results - Extracted JDBC value [0] - [69]
10:24:06.063 [main] DEBUG org.hibernate.orm.results.loading.entity - (EntityResultInitializer) Hydrated EntityKey (org.frcpm.models.Project(959662346240100)): 69
10:24:06.063 [main] DEBUG org.hibernate.orm.results.loading.org.hibernate.orm.results.loading.collection - (DelayedCollectionInitializer) Current row collection key : org.frcpm.models.Project(959662346240100).meetings#69
10:24:06.063 [main] DEBUG org.hibernate.orm.results.loading.org.hibernate.orm.results.loading.collection - (DelayedCollectionInitializer) Current row collection key : org.frcpm.models.Project(959662346240100).milestones#69
10:24:06.063 [main] DEBUG org.hibernate.orm.results.loading.org.hibernate.orm.results.loading.collection - (DelayedCollectionInitializer) Current row collection key : org.frcpm.models.Project(959662346240100).tasks#69
10:24:06.063 [main] DEBUG org.hibernate.orm.results.loading.entity - (EntityResultInitializer) Created new entity instance [org.frcpm.models.Project(959662346240100)#69] : 819729636
10:24:06.063 [main] DEBUG org.hibernate.orm.results - Extracted JDBC value [1] - [null]
10:24:06.063 [main] DEBUG org.hibernate.orm.results - Extracted JDBC value [2] - [2025-05-23]
10:24:06.063 [main] DEBUG org.hibernate.orm.results - Extracted JDBC value [3] - [2025-06-06]
10:24:06.063 [main] DEBUG org.hibernate.orm.results - Extracted JDBC value [4] - [Updated Project Name]
10:24:06.064 [main] DEBUG org.hibernate.orm.results - Extracted JDBC value [5] - [2025-04-25]
10:24:06.064 [main] DEBUG org.hibernate.orm.results.loading.entity - (EntityResultInitializer) Done materializing entityInstance : org.frcpm.models.Project(959662346240100)#69
10:24:06.064 [main] DEBUG org.hibernate.orm.results.loading - Calling top-level assembler (0 / 1) : org.hibernate.sql.results.graph.entity.internal.EntityAssembler@79d15b02
10:24:06.064 [main] DEBUG org.hibernate.orm.results - Extracted JDBC value [0] - [70]
10:24:06.064 [main] DEBUG org.hibernate.orm.results.loading.entity - (EntityResultInitializer) Hydrated EntityKey (org.frcpm.models.Project(959662346240100)): 70
10:24:06.064 [main] DEBUG org.hibernate.orm.results.loading.org.hibernate.orm.results.loading.collection - (DelayedCollectionInitializer) Current row collection key : org.frcpm.models.Project(959662346240100).meetings#70
10:24:06.064 [main] DEBUG org.hibernate.orm.results.loading.org.hibernate.orm.results.loading.collection - (DelayedCollectionInitializer) Current row collection key : org.frcpm.models.Project(959662346240100).milestones#70
10:24:06.064 [main] DEBUG org.hibernate.orm.results.loading.org.hibernate.orm.results.loading.collection - (DelayedCollectionInitializer) Current row collection key : org.frcpm.models.Project(959662346240100).tasks#70
10:24:06.064 [main] DEBUG org.hibernate.orm.results.loading.entity - (EntityResultInitializer) Created new entity instance [org.frcpm.models.Project(959662346240100)#70] : 2090591370
10:24:06.064 [main] DEBUG org.hibernate.orm.results - Extracted JDBC value [1] - [null]
10:24:06.064 [main] DEBUG org.hibernate.orm.results - Extracted JDBC value [2] - [2025-06-06]
10:24:06.064 [main] DEBUG org.hibernate.orm.results - Extracted JDBC value [3] - [2025-06-20]
10:24:06.064 [main] DEBUG org.hibernate.orm.results - Extracted JDBC value [4] - [Test Task Project]
10:24:06.064 [main] DEBUG org.hibernate.orm.results - Extracted JDBC value [5] - [2025-04-25]
10:24:06.065 [main] DEBUG org.hibernate.orm.results.loading.entity - (EntityResultInitializer) Done materializing entityInstance : org.frcpm.models.Project(959662346240100)#70
10:24:06.065 [main] DEBUG org.hibernate.orm.results.loading - Calling top-level assembler (0 / 1) : org.hibernate.sql.results.graph.entity.internal.EntityAssembler@79d15b02
10:24:06.065 [main] DEBUG org.hibernate.orm.results - Extracted JDBC value [0] - [71]
10:24:06.065 [main] DEBUG org.hibernate.orm.results.loading.entity - (EntityResultInitializer) Hydrated EntityKey (org.frcpm.models.Project(959662346240100)): 71
10:24:06.065 [main] DEBUG org.hibernate.orm.results.loading.org.hibernate.orm.results.loading.collection - (DelayedCollectionInitializer) Current row collection key : org.frcpm.models.Project(959662346240100).meetings#71
10:24:06.065 [main] DEBUG org.hibernate.orm.results.loading.org.hibernate.orm.results.loading.collection - (DelayedCollectionInitializer) Current row collection key : org.frcpm.models.Project(959662346240100).milestones#71
10:24:06.065 [main] DEBUG org.hibernate.orm.results.loading.org.hibernate.orm.results.loading.collection - (DelayedCollectionInitializer) Current row collection key : org.frcpm.models.Project(959662346240100).tasks#71
10:24:06.065 [main] DEBUG org.hibernate.orm.results.loading.entity - (EntityResultInitializer) Created new entity instance [org.frcpm.models.Project(959662346240100)#71] : 1181810712
10:24:06.065 [main] DEBUG org.hibernate.orm.results - Extracted JDBC value [1] - [null]
10:24:06.067 [main] DEBUG org.hibernate.orm.results - Extracted JDBC value [2] - [2025-06-06]
10:24:06.067 [main] DEBUG org.hibernate.orm.results - Extracted JDBC value [3] - [2025-06-20]
10:24:06.067 [main] DEBUG org.hibernate.orm.results - Extracted JDBC value [4] - [Test Task Project]
10:24:06.067 [main] DEBUG org.hibernate.orm.results - Extracted JDBC value [5] - [2025-04-25]
10:24:06.067 [main] DEBUG org.hibernate.orm.results.loading.entity - (EntityResultInitializer) Done materializing entityInstance : org.frcpm.models.Project(959662346240100)#71
10:24:06.067 [main] DEBUG org.hibernate.orm.results.loading - Calling top-level assembler (0 / 1) : org.hibernate.sql.results.graph.entity.internal.EntityAssembler@79d15b02
10:24:06.067 [main] DEBUG org.hibernate.orm.results - Extracted JDBC value [0] - [72]
10:24:06.068 [main] DEBUG org.hibernate.orm.results.loading.entity - (EntityResultInitializer) Hydrated EntityKey (org.frcpm.models.Project(959662346240100)): 72
10:24:06.068 [main] DEBUG org.hibernate.orm.results.loading.org.hibernate.orm.results.loading.collection - (DelayedCollectionInitializer) Current row collection key : org.frcpm.models.Project(959662346240100).meetings#72
10:24:06.068 [main] DEBUG org.hibernate.orm.results.loading.org.hibernate.orm.results.loading.collection - (DelayedCollectionInitializer) Current row collection key : org.frcpm.models.Project(959662346240100).milestones#72
10:24:06.068 [main] DEBUG org.hibernate.orm.results.loading.org.hibernate.orm.results.loading.collection - (DelayedCollectionInitializer) Current row collection key : org.frcpm.models.Project(959662346240100).tasks#72
10:24:06.068 [main] DEBUG org.hibernate.orm.results.loading.entity - (EntityResultInitializer) Created new entity instance [org.frcpm.models.Project(959662346240100)#72] : 835310759
10:24:06.068 [main] DEBUG org.hibernate.orm.results - Extracted JDBC value [1] - [null]
10:24:06.069 [main] DEBUG org.hibernate.orm.results - Extracted JDBC value [2] - [2025-06-06]
10:24:06.069 [main] DEBUG org.hibernate.orm.results - Extracted JDBC value [3] - [2025-06-20]
10:24:06.069 [main] DEBUG org.hibernate.orm.results - Extracted JDBC value [4] - [Test Task Project]
10:24:06.069 [main] DEBUG org.hibernate.orm.results - Extracted JDBC value [5] - [2025-04-25]
10:24:06.069 [main] DEBUG org.hibernate.orm.results.loading.entity - (EntityResultInitializer) Done materializing entityInstance : org.frcpm.models.Project(959662346240100)#72
10:24:06.069 [main] DEBUG org.hibernate.orm.results.loading - Calling top-level assembler (0 / 1) : org.hibernate.sql.results.graph.entity.internal.EntityAssembler@79d15b02
10:24:06.070 [main] DEBUG org.hibernate.orm.results - Extracted JDBC value [0] - [73]
10:24:06.070 [main] DEBUG org.hibernate.orm.results.loading.entity - (EntityResultInitializer) Hydrated EntityKey (org.frcpm.models.Project(959662346240100)): 73
10:24:06.070 [main] DEBUG org.hibernate.orm.results.loading.org.hibernate.orm.results.loading.collection - (DelayedCollectionInitializer) Current row collection key : org.frcpm.models.Project(959662346240100).meetings#73
10:24:06.070 [main] DEBUG org.hibernate.orm.results.loading.org.hibernate.orm.results.loading.collection - (DelayedCollectionInitializer) Current row collection key : org.frcpm.models.Project(959662346240100).milestones#73
10:24:06.070 [main] DEBUG org.hibernate.orm.results.loading.org.hibernate.orm.results.loading.collection - (DelayedCollectionInitializer) Current row collection key : org.frcpm.models.Project(959662346240100).tasks#73
10:24:06.070 [main] DEBUG org.hibernate.orm.results.loading.entity - (EntityResultInitializer) Created new entity instance [org.frcpm.models.Project(959662346240100)#73] : 698162134
10:24:06.071 [main] DEBUG org.hibernate.orm.results - Extracted JDBC value [1] - [null]
10:24:06.071 [main] DEBUG org.hibernate.orm.results - Extracted JDBC value [2] - [2025-06-06]
10:24:06.071 [main] DEBUG org.hibernate.orm.results - Extracted JDBC value [3] - [2025-06-20]
10:24:06.071 [main] DEBUG org.hibernate.orm.results - Extracted JDBC value [4] - [Test Task Project]
10:24:06.071 [main] DEBUG org.hibernate.orm.results - Extracted JDBC value [5] - [2025-04-25]
10:24:06.071 [main] DEBUG org.hibernate.orm.results.loading.entity - (EntityResultInitializer) Done materializing entityInstance : org.frcpm.models.Project(959662346240100)#73
10:24:06.071 [main] DEBUG org.hibernate.orm.results.loading - Calling top-level assembler (0 / 1) : org.hibernate.sql.results.graph.entity.internal.EntityAssembler@79d15b02
10:24:06.072 [main] DEBUG org.hibernate.orm.results - Extracted JDBC value [0] - [74]
10:24:06.072 [main] DEBUG org.hibernate.orm.results.loading.entity - (EntityResultInitializer) Hydrated EntityKey (org.frcpm.models.Project(959662346240100)): 74
10:24:06.072 [main] DEBUG org.hibernate.orm.results.loading.org.hibernate.orm.results.loading.collection - (DelayedCollectionInitializer) Current row collection key : org.frcpm.models.Project(959662346240100).meetings#74
10:24:06.072 [main] DEBUG org.hibernate.orm.results.loading.org.hibernate.orm.results.loading.collection - (DelayedCollectionInitializer) Current row collection key : org.frcpm.models.Project(959662346240100).milestones#74
10:24:06.072 [main] DEBUG org.hibernate.orm.results.loading.org.hibernate.orm.results.loading.collection - (DelayedCollectionInitializer) Current row collection key : org.frcpm.models.Project(959662346240100).tasks#74
10:24:06.072 [main] DEBUG org.hibernate.orm.results.loading.entity - (EntityResultInitializer) Created new entity instance [org.frcpm.models.Project(959662346240100)#74] : 925303326
10:24:06.072 [main] DEBUG org.hibernate.orm.results - Extracted JDBC value [1] - [null]
10:24:06.072 [main] DEBUG org.hibernate.orm.results - Extracted JDBC value [2] - [2025-06-06]
10:24:06.072 [main] DEBUG org.hibernate.orm.results - Extracted JDBC value [3] - [2025-06-20]
10:24:06.072 [main] DEBUG org.hibernate.orm.results - Extracted JDBC value [4] - [Test Task Project]
10:24:06.072 [main] DEBUG org.hibernate.orm.results - Extracted JDBC value [5] - [2025-04-25]
10:24:06.072 [main] DEBUG org.hibernate.orm.results.loading.entity - (EntityResultInitializer) Done materializing entityInstance : org.frcpm.models.Project(959662346240100)#74
10:24:06.072 [main] DEBUG org.hibernate.orm.results.loading - Calling top-level assembler (0 / 1) : org.hibernate.sql.results.graph.entity.internal.EntityAssembler@79d15b02
10:24:06.072 [main] DEBUG org.hibernate.orm.results - Extracted JDBC value [0] - [75]
10:24:06.072 [main] DEBUG org.hibernate.orm.results.loading.entity - (EntityResultInitializer) Hydrated EntityKey (org.frcpm.models.Project(959662346240100)): 75
10:24:06.072 [main] DEBUG org.hibernate.orm.results.loading.org.hibernate.orm.results.loading.collection - (DelayedCollectionInitializer) Current row collection key : org.frcpm.models.Project(959662346240100).meetings#75
10:24:06.072 [main] DEBUG org.hibernate.orm.results.loading.org.hibernate.orm.results.loading.collection - (DelayedCollectionInitializer) Current row collection key : org.frcpm.models.Project(959662346240100).milestones#75
10:24:06.072 [main] DEBUG org.hibernate.orm.results.loading.org.hibernate.orm.results.loading.collection - (DelayedCollectionInitializer) Current row collection key : org.frcpm.models.Project(959662346240100).tasks#75
10:24:06.072 [main] DEBUG org.hibernate.orm.results.loading.entity - (EntityResultInitializer) Created new entity instance [org.frcpm.models.Project(959662346240100)#75] : 7199653
10:24:06.073 [main] DEBUG org.hibernate.orm.results - Extracted JDBC value [1] - [null]
10:24:06.073 [main] DEBUG org.hibernate.orm.results - Extracted JDBC value [2] - [2025-06-06]
10:24:06.073 [main] DEBUG org.hibernate.orm.results - Extracted JDBC value [3] - [2025-06-20]
10:24:06.073 [main] DEBUG org.hibernate.orm.results - Extracted JDBC value [4] - [Test Task Project]
10:24:06.073 [main] DEBUG org.hibernate.orm.results - Extracted JDBC value [5] - [2025-04-25]
10:24:06.073 [main] DEBUG org.hibernate.orm.results.loading.entity - (EntityResultInitializer) Done materializing entityInstance : org.frcpm.models.Project(959662346240100)#75
10:24:06.073 [main] DEBUG org.hibernate.orm.results.loading - Calling top-level assembler (0 / 1) : org.hibernate.sql.results.graph.entity.internal.EntityAssembler@79d15b02
10:24:06.073 [main] DEBUG org.hibernate.orm.results - Extracted JDBC value [0] - [76]
10:24:06.073 [main] DEBUG org.hibernate.orm.results.loading.entity - (EntityResultInitializer) Hydrated EntityKey (org.frcpm.models.Project(959662346240100)): 76
10:24:06.073 [main] DEBUG org.hibernate.orm.results.loading.org.hibernate.orm.results.loading.collection - (DelayedCollectionInitializer) Current row collection key : org.frcpm.models.Project(959662346240100).meetings#76
10:24:06.073 [main] DEBUG org.hibernate.orm.results.loading.org.hibernate.orm.results.loading.collection - (DelayedCollectionInitializer) Current row collection key : org.frcpm.models.Project(959662346240100).milestones#76
10:24:06.073 [main] DEBUG org.hibernate.orm.results.loading.org.hibernate.orm.results.loading.collection - (DelayedCollectionInitializer) Current row collection key : org.frcpm.models.Project(959662346240100).tasks#76
10:24:06.073 [main] DEBUG org.hibernate.orm.results.loading.entity - (EntityResultInitializer) Created new entity instance [org.frcpm.models.Project(959662346240100)#76] : 971478822
10:24:06.073 [main] DEBUG org.hibernate.orm.results - Extracted JDBC value [1] - [null]
10:24:06.073 [main] DEBUG org.hibernate.orm.results - Extracted JDBC value [2] - [2025-06-06]
10:24:06.073 [main] DEBUG org.hibernate.orm.results - Extracted JDBC value [3] - [2025-06-20]
10:24:06.073 [main] DEBUG org.hibernate.orm.results - Extracted JDBC value [4] - [Test Task Project]
10:24:06.074 [main] DEBUG org.hibernate.orm.results - Extracted JDBC value [5] - [2025-04-25]
10:24:06.074 [main] DEBUG org.hibernate.orm.results.loading.entity - (EntityResultInitializer) Done materializing entityInstance : org.frcpm.models.Project(959662346240100)#76
10:24:06.074 [main] DEBUG org.hibernate.orm.results.loading - Calling top-level assembler (0 / 1) : org.hibernate.sql.results.graph.entity.internal.EntityAssembler@79d15b02
10:24:06.074 [main] DEBUG org.hibernate.orm.results - Extracted JDBC value [0] - [77]
10:24:06.074 [main] DEBUG org.hibernate.orm.results.loading.entity - (EntityResultInitializer) Hydrated EntityKey (org.frcpm.models.Project(959662346240100)): 77
10:24:06.074 [main] DEBUG org.hibernate.orm.results.loading.org.hibernate.orm.results.loading.collection - (DelayedCollectionInitializer) Current row collection key : org.frcpm.models.Project(959662346240100).meetings#77
10:24:06.074 [main] DEBUG org.hibernate.orm.results.loading.org.hibernate.orm.results.loading.collection - (DelayedCollectionInitializer) Current row collection key : org.frcpm.models.Project(959662346240100).milestones#77
10:24:06.074 [main] DEBUG org.hibernate.orm.results.loading.org.hibernate.orm.results.loading.collection - (DelayedCollectionInitializer) Current row collection key : org.frcpm.models.Project(959662346240100).tasks#77
10:24:06.074 [main] DEBUG org.hibernate.orm.results.loading.entity - (EntityResultInitializer) Created new entity instance [org.frcpm.models.Project(959662346240100)#77] : 398854549
10:24:06.074 [main] DEBUG org.hibernate.orm.results - Extracted JDBC value [1] - [null]
10:24:06.074 [main] DEBUG org.hibernate.orm.results - Extracted JDBC value [2] - [2025-06-06]
10:24:06.074 [main] DEBUG org.hibernate.orm.results - Extracted JDBC value [3] - [2025-06-20]
10:24:06.074 [main] DEBUG org.hibernate.orm.results - Extracted JDBC value [4] - [Test Task Project]
10:24:06.074 [main] DEBUG org.hibernate.orm.results - Extracted JDBC value [5] - [2025-04-25]
10:24:06.074 [main] DEBUG org.hibernate.orm.results.loading.entity - (EntityResultInitializer) Done materializing entityInstance : org.frcpm.models.Project(959662346240100)#77
10:24:06.074 [main] DEBUG org.hibernate.orm.results.loading - Calling top-level assembler (0 / 1) : org.hibernate.sql.results.graph.entity.internal.EntityAssembler@79d15b02
10:24:06.074 [main] DEBUG org.hibernate.orm.results - Extracted JDBC value [0] - [78]
10:24:06.074 [main] DEBUG org.hibernate.orm.results.loading.entity - (EntityResultInitializer) Hydrated EntityKey (org.frcpm.models.Project(959662346240100)): 78
10:24:06.074 [main] DEBUG org.hibernate.orm.results.loading.org.hibernate.orm.results.loading.collection - (DelayedCollectionInitializer) Current row collection key : org.frcpm.models.Project(959662346240100).meetings#78
10:24:06.074 [main] DEBUG org.hibernate.orm.results.loading.org.hibernate.orm.results.loading.collection - (DelayedCollectionInitializer) Current row collection key : org.frcpm.models.Project(959662346240100).milestones#78
10:24:06.074 [main] DEBUG org.hibernate.orm.results.loading.org.hibernate.orm.results.loading.collection - (DelayedCollectionInitializer) Current row collection key : org.frcpm.models.Project(959662346240100).tasks#78
10:24:06.074 [main] DEBUG org.hibernate.orm.results.loading.entity - (EntityResultInitializer) Created new entity instance [org.frcpm.models.Project(959662346240100)#78] : 1245513312
10:24:06.074 [main] DEBUG org.hibernate.orm.results - Extracted JDBC value [1] - [null]
10:24:06.074 [main] DEBUG org.hibernate.orm.results - Extracted JDBC value [2] - [2025-06-06]
10:24:06.074 [main] DEBUG org.hibernate.orm.results - Extracted JDBC value [3] - [2025-06-20]
10:24:06.074 [main] DEBUG org.hibernate.orm.results - Extracted JDBC value [4] - [Test Task Project]
10:24:06.074 [main] DEBUG org.hibernate.orm.results - Extracted JDBC value [5] - [2025-04-25]
10:24:06.074 [main] DEBUG org.hibernate.orm.results.loading.entity - (EntityResultInitializer) Done materializing entityInstance : org.frcpm.models.Project(959662346240100)#78
10:24:06.074 [main] DEBUG org.hibernate.orm.results.loading - Calling top-level assembler (0 / 1) : org.hibernate.sql.results.graph.entity.internal.EntityAssembler@79d15b02
10:24:06.074 [main] DEBUG org.hibernate.orm.results - Extracted JDBC value [0] - [79]
10:24:06.074 [main] DEBUG org.hibernate.orm.results.loading.entity - (EntityResultInitializer) Hydrated EntityKey (org.frcpm.models.Project(959662346240100)): 79
10:24:06.074 [main] DEBUG org.hibernate.orm.results.loading.org.hibernate.orm.results.loading.collection - (DelayedCollectionInitializer) Current row collection key : org.frcpm.models.Project(959662346240100).meetings#79
10:24:06.074 [main] DEBUG org.hibernate.orm.results.loading.org.hibernate.orm.results.loading.collection - (DelayedCollectionInitializer) Current row collection key : org.frcpm.models.Project(959662346240100).milestones#79
10:24:06.074 [main] DEBUG org.hibernate.orm.results.loading.org.hibernate.orm.results.loading.collection - (DelayedCollectionInitializer) Current row collection key : org.frcpm.models.Project(959662346240100).tasks#79
10:24:06.074 [main] DEBUG org.hibernate.orm.results.loading.entity - (EntityResultInitializer) Created new entity instance [org.frcpm.models.Project(959662346240100)#79] : 815707041
10:24:06.074 [main] DEBUG org.hibernate.orm.results - Extracted JDBC value [1] - [null]
10:24:06.075 [main] DEBUG org.hibernate.orm.results - Extracted JDBC value [2] - [2025-06-06]
10:24:06.075 [main] DEBUG org.hibernate.orm.results - Extracted JDBC value [3] - [2025-06-20]
10:24:06.075 [main] DEBUG org.hibernate.orm.results - Extracted JDBC value [4] - [Test Task Project]
10:24:06.075 [main] DEBUG org.hibernate.orm.results - Extracted JDBC value [5] - [2025-04-25]
10:24:06.075 [main] DEBUG org.hibernate.orm.results.loading.entity - (EntityResultInitializer) Done materializing entityInstance : org.frcpm.models.Project(959662346240100)#79
10:24:06.075 [main] DEBUG org.hibernate.orm.results.loading - Calling top-level assembler (0 / 1) : org.hibernate.sql.results.graph.entity.internal.EntityAssembler@79d15b02
10:24:06.075 [main] DEBUG org.hibernate.orm.results - Extracted JDBC value [0] - [80]
10:24:06.075 [main] DEBUG org.hibernate.orm.results.loading.entity - (EntityResultInitializer) Hydrated EntityKey (org.frcpm.models.Project(959662346240100)): 80
10:24:06.075 [main] DEBUG org.hibernate.orm.results.loading.org.hibernate.orm.results.loading.collection - (DelayedCollectionInitializer) Current row collection key : org.frcpm.models.Project(959662346240100).meetings#80
10:24:06.075 [main] DEBUG org.hibernate.orm.results.loading.org.hibernate.orm.results.loading.collection - (DelayedCollectionInitializer) Current row collection key : org.frcpm.models.Project(959662346240100).milestones#80
10:24:06.075 [main] DEBUG org.hibernate.orm.results.loading.org.hibernate.orm.results.loading.collection - (DelayedCollectionInitializer) Current row collection key : org.frcpm.models.Project(959662346240100).tasks#80
10:24:06.075 [main] DEBUG org.hibernate.orm.results.loading.entity - (EntityResultInitializer) Created new entity instance [org.frcpm.models.Project(959662346240100)#80] : 88381349
10:24:06.075 [main] DEBUG org.hibernate.orm.results - Extracted JDBC value [1] - [null]
10:24:06.075 [main] DEBUG org.hibernate.orm.results - Extracted JDBC value [2] - [2025-06-06]
10:24:06.075 [main] DEBUG org.hibernate.orm.results - Extracted JDBC value [3] - [2025-06-20]
10:24:06.075 [main] DEBUG org.hibernate.orm.results - Extracted JDBC value [4] - [Test Task Project]
10:24:06.075 [main] DEBUG org.hibernate.orm.results - Extracted JDBC value [5] - [2025-04-25]
10:24:06.075 [main] DEBUG org.hibernate.orm.results.loading.entity - (EntityResultInitializer) Done materializing entityInstance : org.frcpm.models.Project(959662346240100)#80
10:24:06.075 [main] DEBUG org.hibernate.orm.results.loading - Calling top-level assembler (0 / 1) : org.hibernate.sql.results.graph.entity.internal.EntityAssembler@79d15b02
10:24:06.075 [main] DEBUG org.hibernate.orm.results - Extracted JDBC value [0] - [81]
10:24:06.075 [main] DEBUG org.hibernate.orm.results.loading.entity - (EntityResultInitializer) Hydrated EntityKey (org.frcpm.models.Project(959662346240100)): 81
10:24:06.075 [main] DEBUG org.hibernate.orm.results.loading.org.hibernate.orm.results.loading.collection - (DelayedCollectionInitializer) Current row collection key : org.frcpm.models.Project(959662346240100).meetings#81
10:24:06.075 [main] DEBUG org.hibernate.orm.results.loading.org.hibernate.orm.results.loading.collection - (DelayedCollectionInitializer) Current row collection key : org.frcpm.models.Project(959662346240100).milestones#81
10:24:06.076 [main] DEBUG org.hibernate.orm.results.loading.org.hibernate.orm.results.loading.collection - (DelayedCollectionInitializer) Current row collection key : org.frcpm.models.Project(959662346240100).tasks#81
10:24:06.076 [main] DEBUG org.hibernate.orm.results.loading.entity - (EntityResultInitializer) Created new entity instance [org.frcpm.models.Project(959662346240100)#81] : 1592917531
10:24:06.076 [main] DEBUG org.hibernate.orm.results - Extracted JDBC value [1] - [null]
10:24:06.076 [main] DEBUG org.hibernate.orm.results - Extracted JDBC value [2] - [2025-06-06]
10:24:06.076 [main] DEBUG org.hibernate.orm.results - Extracted JDBC value [3] - [2025-06-20]
10:24:06.076 [main] DEBUG org.hibernate.orm.results - Extracted JDBC value [4] - [Test Task Project]
10:24:06.076 [main] DEBUG org.hibernate.orm.results - Extracted JDBC value [5] - [2025-04-25]
10:24:06.076 [main] DEBUG org.hibernate.orm.results.loading.entity - (EntityResultInitializer) Done materializing entityInstance : org.frcpm.models.Project(959662346240100)#81
10:24:06.076 [main] DEBUG org.hibernate.orm.results.loading - Calling top-level assembler (0 / 1) : org.hibernate.sql.results.graph.entity.internal.EntityAssembler@79d15b02
10:24:06.076 [main] DEBUG org.hibernate.orm.results - Extracted JDBC value [0] - [82]
10:24:06.076 [main] DEBUG org.hibernate.orm.results.loading.entity - (EntityResultInitializer) Hydrated EntityKey (org.frcpm.models.Project(959662346240100)): 82
10:24:06.076 [main] DEBUG org.hibernate.orm.results.loading.org.hibernate.orm.results.loading.collection - (DelayedCollectionInitializer) Current row collection key : org.frcpm.models.Project(959662346240100).meetings#82
10:24:06.076 [main] DEBUG org.hibernate.orm.results.loading.org.hibernate.orm.results.loading.collection - (DelayedCollectionInitializer) Current row collection key : org.frcpm.models.Project(959662346240100).milestones#82
10:24:06.076 [main] DEBUG org.hibernate.orm.results.loading.org.hibernate.orm.results.loading.collection - (DelayedCollectionInitializer) Current row collection key : org.frcpm.models.Project(959662346240100).tasks#82
10:24:06.076 [main] DEBUG org.hibernate.orm.results.loading.entity - (EntityResultInitializer) Created new entity instance [org.frcpm.models.Project(959662346240100)#82] : 621504354
10:24:06.076 [main] DEBUG org.hibernate.orm.results - Extracted JDBC value [1] - [null]
10:24:06.076 [main] DEBUG org.hibernate.orm.results - Extracted JDBC value [2] - [2025-06-06]
10:24:06.076 [main] DEBUG org.hibernate.orm.results - Extracted JDBC value [3] - [2025-06-20]
10:24:06.076 [main] DEBUG org.hibernate.orm.results - Extracted JDBC value [4] - [Test Task Project]
10:24:06.076 [main] DEBUG org.hibernate.orm.results - Extracted JDBC value [5] - [2025-04-25]
10:24:06.076 [main] DEBUG org.hibernate.orm.results.loading.entity - (EntityResultInitializer) Done materializing entityInstance : org.frcpm.models.Project(959662346240100)#82
10:24:06.076 [main] DEBUG org.hibernate.orm.results.loading - Calling top-level assembler (0 / 1) : org.hibernate.sql.results.graph.entity.internal.EntityAssembler@79d15b02
10:24:06.076 [main] DEBUG org.hibernate.orm.results - Extracted JDBC value [0] - [104]
10:24:06.076 [main] DEBUG org.hibernate.orm.results.loading.entity - (EntityResultInitializer) Hydrated EntityKey (org.frcpm.models.Project(959662346240100)): 104
10:24:06.076 [main] DEBUG org.hibernate.orm.results.loading.org.hibernate.orm.results.loading.collection - (DelayedCollectionInitializer) Current row collection key : org.frcpm.models.Project(959662346240100).meetings#104
10:24:06.076 [main] DEBUG org.hibernate.orm.results.loading.org.hibernate.orm.results.loading.collection - (DelayedCollectionInitializer) Current row collection key : org.frcpm.models.Project(959662346240100).milestones#104
10:24:06.076 [main] DEBUG org.hibernate.orm.results.loading.org.hibernate.orm.results.loading.collection - (DelayedCollectionInitializer) Current row collection key : org.frcpm.models.Project(959662346240100).tasks#104
10:24:06.076 [main] DEBUG org.hibernate.orm.results.loading.entity - (EntityResultInitializer) Created new entity instance [org.frcpm.models.Project(959662346240100)#104] : 1316343676
10:24:06.076 [main] DEBUG org.hibernate.orm.results - Extracted JDBC value [1] - [null]
10:24:06.076 [main] DEBUG org.hibernate.orm.results - Extracted JDBC value [2] - [2025-06-06]
10:24:06.076 [main] DEBUG org.hibernate.orm.results - Extracted JDBC value [3] - [2025-06-20]
10:24:06.076 [main] DEBUG org.hibernate.orm.results - Extracted JDBC value [4] - [Component Test Project]
10:24:06.076 [main] DEBUG org.hibernate.orm.results - Extracted JDBC value [5] - [2025-04-25]
10:24:06.076 [main] DEBUG org.hibernate.orm.results.loading.entity - (EntityResultInitializer) Done materializing entityInstance : org.frcpm.models.Project(959662346240100)#104
10:24:06.076 [main] DEBUG org.hibernate.orm.results.loading - Calling top-level assembler (0 / 1) : org.hibernate.sql.results.graph.entity.internal.EntityAssembler@79d15b02
10:24:06.076 [main] DEBUG org.hibernate.orm.results - Extracted JDBC value [0] - [135]
10:24:06.076 [main] DEBUG org.hibernate.orm.results.loading.entity - (EntityResultInitializer) Hydrated EntityKey (org.frcpm.models.Project(959662346240100)): 135
10:24:06.076 [main] DEBUG org.hibernate.orm.results.loading.org.hibernate.orm.results.loading.collection - (DelayedCollectionInitializer) Current row collection key : org.frcpm.models.Project(959662346240100).meetings#135
10:24:06.076 [main] DEBUG org.hibernate.orm.results.loading.org.hibernate.orm.results.loading.collection - (DelayedCollectionInitializer) Current row collection key : org.frcpm.models.Project(959662346240100).milestones#135
10:24:06.076 [main] DEBUG org.hibernate.orm.results.loading.org.hibernate.orm.results.loading.collection - (DelayedCollectionInitializer) Current row collection key : org.frcpm.models.Project(959662346240100).tasks#135
10:24:06.077 [main] DEBUG org.hibernate.orm.results.loading.entity - (EntityResultInitializer) Created new entity instance [org.frcpm.models.Project(959662346240100)#135] : 411098034
10:24:06.077 [main] DEBUG org.hibernate.orm.results - Extracted JDBC value [1] - [null]
10:24:06.077 [main] DEBUG org.hibernate.orm.results - Extracted JDBC value [2] - [2025-05-23]
10:24:06.077 [main] DEBUG org.hibernate.orm.results - Extracted JDBC value [3] - [2025-06-06]
10:24:06.077 [main] DEBUG org.hibernate.orm.results - Extracted JDBC value [4] - [Test Create Service Project]
10:24:06.077 [main] DEBUG org.hibernate.orm.results - Extracted JDBC value [5] - [2025-04-25]
10:24:06.077 [main] DEBUG org.hibernate.orm.results.loading.entity - (EntityResultInitializer) Done materializing entityInstance : org.frcpm.models.Project(959662346240100)#135
10:24:06.077 [main] DEBUG org.hibernate.orm.results.loading - Calling top-level assembler (0 / 1) : org.hibernate.sql.results.graph.entity.internal.EntityAssembler@79d15b02
10:24:06.077 [main] DEBUG org.hibernate.orm.results - Extracted JDBC value [0] - [142]
10:24:06.077 [main] DEBUG org.hibernate.orm.results.loading.entity - (EntityResultInitializer) Hydrated EntityKey (org.frcpm.models.Project(959662346240100)): 142
10:24:06.078 [main] DEBUG org.hibernate.orm.results.loading.org.hibernate.orm.results.loading.collection - (DelayedCollectionInitializer) Current row collection key : org.frcpm.models.Project(959662346240100).meetings#142
10:24:06.078 [main] DEBUG org.hibernate.orm.results.loading.org.hibernate.orm.results.loading.collection - (DelayedCollectionInitializer) Current row collection key : org.frcpm.models.Project(959662346240100).milestones#142
10:24:06.078 [main] DEBUG org.hibernate.orm.results.loading.org.hibernate.orm.results.loading.collection - (DelayedCollectionInitializer) Current row collection key : org.frcpm.models.Project(959662346240100).tasks#142
10:24:06.078 [main] DEBUG org.hibernate.orm.results.loading.entity - (EntityResultInitializer) Created new entity instance [org.frcpm.models.Project(959662346240100)#142] : 1440708268
10:24:06.078 [main] DEBUG org.hibernate.orm.results - Extracted JDBC value [1] - [Updated description]
10:24:06.078 [main] DEBUG org.hibernate.orm.results - Extracted JDBC value [2] - [2025-05-23]
10:24:06.078 [main] DEBUG org.hibernate.orm.results - Extracted JDBC value [3] - [2025-06-06]
10:24:06.078 [main] DEBUG org.hibernate.orm.results - Extracted JDBC value [4] - [Updated Service Project Name]
10:24:06.078 [main] DEBUG org.hibernate.orm.results - Extracted JDBC value [5] - [2025-04-25]
10:24:06.078 [main] DEBUG org.hibernate.orm.results.loading.entity - (EntityResultInitializer) Done materializing entityInstance : org.frcpm.models.Project(959662346240100)#142
10:24:06.078 [main] DEBUG org.hibernate.orm.results.loading - Calling top-level assembler (0 / 1) : org.hibernate.sql.results.graph.entity.internal.EntityAssembler@79d15b02
10:24:06.078 [main] DEBUG org.hibernate.orm.results - Extracted JDBC value [0] - [148]
10:24:06.078 [main] DEBUG org.hibernate.orm.results.loading.entity - (EntityResultInitializer) Hydrated EntityKey (org.frcpm.models.Project(959662346240100)): 148
10:24:06.078 [main] DEBUG org.hibernate.orm.results.loading.org.hibernate.orm.results.loading.collection - (DelayedCollectionInitializer) Current row collection key : org.frcpm.models.Project(959662346240100).meetings#148
10:24:06.078 [main] DEBUG org.hibernate.orm.results.loading.org.hibernate.orm.results.loading.collection - (DelayedCollectionInitializer) Current row collection key : org.frcpm.models.Project(959662346240100).milestones#148
10:24:06.078 [main] DEBUG org.hibernate.orm.results.loading.org.hibernate.orm.results.loading.collection - (DelayedCollectionInitializer) Current row collection key : org.frcpm.models.Project(959662346240100).tasks#148
10:24:06.078 [main] DEBUG org.hibernate.orm.results.loading.entity - (EntityResultInitializer) Created new entity instance [org.frcpm.models.Project(959662346240100)#148] : 746385402
10:24:06.078 [main] DEBUG org.hibernate.orm.results - Extracted JDBC value [1] - [null]
10:24:06.078 [main] DEBUG org.hibernate.orm.results - Extracted JDBC value [2] - [2025-05-23]
10:24:06.078 [main] DEBUG org.hibernate.orm.results - Extracted JDBC value [3] - [2025-06-06]
10:24:06.078 [main] DEBUG org.hibernate.orm.results - Extracted JDBC value [4] - [Test Summary Project]
10:24:06.078 [main] DEBUG org.hibernate.orm.results - Extracted JDBC value [5] - [2025-04-25]
10:24:06.079 [main] DEBUG org.hibernate.orm.results.loading.entity - (EntityResultInitializer) Done materializing entityInstance : org.frcpm.models.Project(959662346240100)#148
10:24:06.079 [main] DEBUG org.hibernate.orm.results.loading - Calling top-level assembler (0 / 1) : org.hibernate.sql.results.graph.entity.internal.EntityAssembler@79d15b02
10:24:06.079 [main] DEBUG org.hibernate.resource.jdbc.internal.LogicalConnectionManagedImpl - Initiating JDBC connection release from afterTransaction
10:24:06.079 [main] DEBUG org.hibernate.resource.jdbc.internal.LogicalConnectionManagedImpl - Initiating JDBC connection release from afterTransaction
]]></system-out>
  </testcase>
  <testcase name="testGetViewModel" classname="org.frcpm.controllers.MainControllerTest" time="0.024">
    <system-out><![CDATA[10:24:06.088 [main] DEBUG org.hibernate.orm.sql.ast.create - Created new SQL alias : p1_0
10:24:06.088 [main] DEBUG org.hibernate.orm.sql.ast.create - Registration of TableGroup [StandardTableGroup(org.frcpm.models.Project(959662374637000))] with identifierForTableGroup [org.frcpm.models.Project] for NavigablePath [org.frcpm.models.Project] 
10:24:06.090 [main] DEBUG org.hibernate.orm.results.graph.AST - DomainResult Graph:
 \-EntityResultImpl [org.frcpm.models.Project(959662374637000)]
 |  +-BasicFetch [org.frcpm.models.Project(959662374637000).description]
 |  +-BasicFetch [org.frcpm.models.Project(959662374637000).goalEndDate]
 |  +-BasicFetch [org.frcpm.models.Project(959662374637000).hardDeadline]
 |  +-DelayedCollectionFetch [org.frcpm.models.Project(959662374637000).meetings]
 |  +-DelayedCollectionFetch [org.frcpm.models.Project(959662374637000).milestones]
 |  +-BasicFetch [org.frcpm.models.Project(959662374637000).name]
 |  +-BasicFetch [org.frcpm.models.Project(959662374637000).startDate]
 |  \-DelayedCollectionFetch [org.frcpm.models.Project(959662374637000).tasks]

10:24:06.090 [main] DEBUG org.hibernate.orm.sql.ast.tree - SQL AST Tree:
    SelectStatement {
      FromClause {
        StandardTableGroup (p1 : org.frcpm.models.Project(959662374637000)) {
          primaryTableReference : projects as p1_0
        }
      }
    }

10:24:06.090 [main] DEBUG org.hibernate.orm.sql.exec - Skipping reading Query result cache data: cache-enabled = false, cache-mode = NORMAL
10:24:06.090 [main] DEBUG org.hibernate.orm.results - Initializer list:
	  org.frcpm.models.Project(959662374637000).tasks -> DelayedCollectionInitializer(org.frcpm.models.Project(959662374637000).tasks)@228669487 (PluralAttribute(org.frcpm.models.Project.tasks))
	  org.frcpm.models.Project(959662374637000) -> EntityResultInitializer(org.frcpm.models.Project(959662374637000))@22786455 (SingleTableEntityPersister(org.frcpm.models.Project))
	  org.frcpm.models.Project(959662374637000).meetings -> DelayedCollectionInitializer(org.frcpm.models.Project(959662374637000).meetings)@856883246 (PluralAttribute(org.frcpm.models.Project.meetings))
	  org.frcpm.models.Project(959662374637000).milestones -> DelayedCollectionInitializer(org.frcpm.models.Project(959662374637000).milestones)@805481721 (PluralAttribute(org.frcpm.models.Project.milestones))

10:24:06.091 [main] DEBUG org.hibernate.SQL - select p1_0.id,p1_0.description,p1_0.goal_end_date,p1_0.hard_deadline,p1_0.name,p1_0.start_date from projects p1_0
10:24:06.091 [main] DEBUG org.hibernate.orm.results - Extracted JDBC value [0] - [1]
10:24:06.091 [main] DEBUG org.hibernate.orm.results.loading.entity - (EntityResultInitializer) Hydrated EntityKey (org.frcpm.models.Project(959662374637000)): 1
10:24:06.092 [main] DEBUG org.hibernate.orm.results.loading.org.hibernate.orm.results.loading.collection - (DelayedCollectionInitializer) Current row collection key : org.frcpm.models.Project(959662374637000).meetings#1
10:24:06.092 [main] DEBUG org.hibernate.orm.results.loading.org.hibernate.orm.results.loading.collection - (DelayedCollectionInitializer) Current row collection key : org.frcpm.models.Project(959662374637000).milestones#1
10:24:06.092 [main] DEBUG org.hibernate.orm.results.loading.org.hibernate.orm.results.loading.collection - (DelayedCollectionInitializer) Current row collection key : org.frcpm.models.Project(959662374637000).tasks#1
10:24:06.092 [main] DEBUG org.hibernate.orm.results.loading.entity - (EntityResultInitializer) Created new entity instance [org.frcpm.models.Project(959662374637000)#1] : 1129590231
10:24:06.092 [main] DEBUG org.hibernate.orm.results - Extracted JDBC value [1] - [Competition robot for the 2025 FIRST Robotics Competition]
10:24:06.092 [main] DEBUG org.hibernate.orm.results - Extracted JDBC value [2] - [2025-06-12]
10:24:06.092 [main] DEBUG org.hibernate.orm.results - Extracted JDBC value [3] - [2025-06-26]
10:24:06.092 [main] DEBUG org.hibernate.orm.results - Extracted JDBC value [4] - [FRC 2025 Robot]
10:24:06.092 [main] DEBUG org.hibernate.orm.results - Extracted JDBC value [5] - [2025-05-01]
10:24:06.092 [main] DEBUG org.hibernate.orm.results.loading.entity - (EntityResultInitializer) Done materializing entityInstance : org.frcpm.models.Project(959662374637000)#1
10:24:06.092 [main] DEBUG org.hibernate.orm.results.loading - Calling top-level assembler (0 / 1) : org.hibernate.sql.results.graph.entity.internal.EntityAssembler@60514b5
10:24:06.092 [main] DEBUG org.hibernate.orm.results - Extracted JDBC value [0] - [51]
10:24:06.092 [main] DEBUG org.hibernate.orm.results.loading.entity - (EntityResultInitializer) Hydrated EntityKey (org.frcpm.models.Project(959662374637000)): 51
10:24:06.092 [main] DEBUG org.hibernate.orm.results.loading.org.hibernate.orm.results.loading.collection - (DelayedCollectionInitializer) Current row collection key : org.frcpm.models.Project(959662374637000).meetings#51
10:24:06.093 [main] DEBUG org.hibernate.orm.results.loading.org.hibernate.orm.results.loading.collection - (DelayedCollectionInitializer) Current row collection key : org.frcpm.models.Project(959662374637000).milestones#51
10:24:06.093 [main] DEBUG org.hibernate.orm.results.loading.org.hibernate.orm.results.loading.collection - (DelayedCollectionInitializer) Current row collection key : org.frcpm.models.Project(959662374637000).tasks#51
10:24:06.093 [main] DEBUG org.hibernate.orm.results.loading.entity - (EntityResultInitializer) Created new entity instance [org.frcpm.models.Project(959662374637000)#51] : 1106744673
10:24:06.093 [main] DEBUG org.hibernate.orm.results - Extracted JDBC value [1] - [null]
10:24:06.093 [main] DEBUG org.hibernate.orm.results - Extracted JDBC value [2] - [2025-05-23]
10:24:06.093 [main] DEBUG org.hibernate.orm.results - Extracted JDBC value [3] - [2025-06-06]
10:24:06.093 [main] DEBUG org.hibernate.orm.results - Extracted JDBC value [4] - [Test Count Project]
10:24:06.093 [main] DEBUG org.hibernate.orm.results - Extracted JDBC value [5] - [2025-04-25]
10:24:06.093 [main] DEBUG org.hibernate.orm.results.loading.entity - (EntityResultInitializer) Done materializing entityInstance : org.frcpm.models.Project(959662374637000)#51
10:24:06.093 [main] DEBUG org.hibernate.orm.results.loading - Calling top-level assembler (0 / 1) : org.hibernate.sql.results.graph.entity.internal.EntityAssembler@60514b5
10:24:06.093 [main] DEBUG org.hibernate.orm.results - Extracted JDBC value [0] - [54]
10:24:06.093 [main] DEBUG org.hibernate.orm.results.loading.entity - (EntityResultInitializer) Hydrated EntityKey (org.frcpm.models.Project(959662374637000)): 54
10:24:06.093 [main] DEBUG org.hibernate.orm.results.loading.org.hibernate.orm.results.loading.collection - (DelayedCollectionInitializer) Current row collection key : org.frcpm.models.Project(959662374637000).meetings#54
10:24:06.093 [main] DEBUG org.hibernate.orm.results.loading.org.hibernate.orm.results.loading.collection - (DelayedCollectionInitializer) Current row collection key : org.frcpm.models.Project(959662374637000).milestones#54
10:24:06.093 [main] DEBUG org.hibernate.orm.results.loading.org.hibernate.orm.results.loading.collection - (DelayedCollectionInitializer) Current row collection key : org.frcpm.models.Project(959662374637000).tasks#54
10:24:06.093 [main] DEBUG org.hibernate.orm.results.loading.entity - (EntityResultInitializer) Created new entity instance [org.frcpm.models.Project(959662374637000)#54] : 1279562382
10:24:06.093 [main] DEBUG org.hibernate.orm.results - Extracted JDBC value [1] - [Test save description]
10:24:06.093 [main] DEBUG org.hibernate.orm.results - Extracted JDBC value [2] - [2025-05-23]
10:24:06.093 [main] DEBUG org.hibernate.orm.results - Extracted JDBC value [3] - [2025-06-06]
10:24:06.093 [main] DEBUG org.hibernate.orm.results - Extracted JDBC value [4] - [Test Save Project]
10:24:06.093 [main] DEBUG org.hibernate.orm.results - Extracted JDBC value [5] - [2025-04-25]
10:24:06.093 [main] DEBUG org.hibernate.orm.results.loading.entity - (EntityResultInitializer) Done materializing entityInstance : org.frcpm.models.Project(959662374637000)#54
10:24:06.093 [main] DEBUG org.hibernate.orm.results.loading - Calling top-level assembler (0 / 1) : org.hibernate.sql.results.graph.entity.internal.EntityAssembler@60514b5
10:24:06.093 [main] DEBUG org.hibernate.orm.results - Extracted JDBC value [0] - [69]
10:24:06.093 [main] DEBUG org.hibernate.orm.results.loading.entity - (EntityResultInitializer) Hydrated EntityKey (org.frcpm.models.Project(959662374637000)): 69
10:24:06.093 [main] DEBUG org.hibernate.orm.results.loading.org.hibernate.orm.results.loading.collection - (DelayedCollectionInitializer) Current row collection key : org.frcpm.models.Project(959662374637000).meetings#69
10:24:06.093 [main] DEBUG org.hibernate.orm.results.loading.org.hibernate.orm.results.loading.collection - (DelayedCollectionInitializer) Current row collection key : org.frcpm.models.Project(959662374637000).milestones#69
10:24:06.093 [main] DEBUG org.hibernate.orm.results.loading.org.hibernate.orm.results.loading.collection - (DelayedCollectionInitializer) Current row collection key : org.frcpm.models.Project(959662374637000).tasks#69
10:24:06.093 [main] DEBUG org.hibernate.orm.results.loading.entity - (EntityResultInitializer) Created new entity instance [org.frcpm.models.Project(959662374637000)#69] : 1269585100
10:24:06.095 [main] DEBUG org.hibernate.orm.results - Extracted JDBC value [1] - [null]
10:24:06.095 [main] DEBUG org.hibernate.orm.results - Extracted JDBC value [2] - [2025-05-23]
10:24:06.095 [main] DEBUG org.hibernate.orm.results - Extracted JDBC value [3] - [2025-06-06]
10:24:06.095 [main] DEBUG org.hibernate.orm.results - Extracted JDBC value [4] - [Updated Project Name]
10:24:06.095 [main] DEBUG org.hibernate.orm.results - Extracted JDBC value [5] - [2025-04-25]
10:24:06.095 [main] DEBUG org.hibernate.orm.results.loading.entity - (EntityResultInitializer) Done materializing entityInstance : org.frcpm.models.Project(959662374637000)#69
10:24:06.095 [main] DEBUG org.hibernate.orm.results.loading - Calling top-level assembler (0 / 1) : org.hibernate.sql.results.graph.entity.internal.EntityAssembler@60514b5
10:24:06.095 [main] DEBUG org.hibernate.orm.results - Extracted JDBC value [0] - [70]
10:24:06.095 [main] DEBUG org.hibernate.orm.results.loading.entity - (EntityResultInitializer) Hydrated EntityKey (org.frcpm.models.Project(959662374637000)): 70
10:24:06.095 [main] DEBUG org.hibernate.orm.results.loading.org.hibernate.orm.results.loading.collection - (DelayedCollectionInitializer) Current row collection key : org.frcpm.models.Project(959662374637000).meetings#70
10:24:06.095 [main] DEBUG org.hibernate.orm.results.loading.org.hibernate.orm.results.loading.collection - (DelayedCollectionInitializer) Current row collection key : org.frcpm.models.Project(959662374637000).milestones#70
10:24:06.095 [main] DEBUG org.hibernate.orm.results.loading.org.hibernate.orm.results.loading.collection - (DelayedCollectionInitializer) Current row collection key : org.frcpm.models.Project(959662374637000).tasks#70
10:24:06.095 [main] DEBUG org.hibernate.orm.results.loading.entity - (EntityResultInitializer) Created new entity instance [org.frcpm.models.Project(959662374637000)#70] : 2125606535
10:24:06.095 [main] DEBUG org.hibernate.orm.results - Extracted JDBC value [1] - [null]
10:24:06.095 [main] DEBUG org.hibernate.orm.results - Extracted JDBC value [2] - [2025-06-06]
10:24:06.095 [main] DEBUG org.hibernate.orm.results - Extracted JDBC value [3] - [2025-06-20]
10:24:06.095 [main] DEBUG org.hibernate.orm.results - Extracted JDBC value [4] - [Test Task Project]
10:24:06.095 [main] DEBUG org.hibernate.orm.results - Extracted JDBC value [5] - [2025-04-25]
10:24:06.095 [main] DEBUG org.hibernate.orm.results.loading.entity - (EntityResultInitializer) Done materializing entityInstance : org.frcpm.models.Project(959662374637000)#70
10:24:06.095 [main] DEBUG org.hibernate.orm.results.loading - Calling top-level assembler (0 / 1) : org.hibernate.sql.results.graph.entity.internal.EntityAssembler@60514b5
10:24:06.095 [main] DEBUG org.hibernate.orm.results - Extracted JDBC value [0] - [71]
10:24:06.095 [main] DEBUG org.hibernate.orm.results.loading.entity - (EntityResultInitializer) Hydrated EntityKey (org.frcpm.models.Project(959662374637000)): 71
10:24:06.095 [main] DEBUG org.hibernate.orm.results.loading.org.hibernate.orm.results.loading.collection - (DelayedCollectionInitializer) Current row collection key : org.frcpm.models.Project(959662374637000).meetings#71
10:24:06.095 [main] DEBUG org.hibernate.orm.results.loading.org.hibernate.orm.results.loading.collection - (DelayedCollectionInitializer) Current row collection key : org.frcpm.models.Project(959662374637000).milestones#71
10:24:06.095 [main] DEBUG org.hibernate.orm.results.loading.org.hibernate.orm.results.loading.collection - (DelayedCollectionInitializer) Current row collection key : org.frcpm.models.Project(959662374637000).tasks#71
10:24:06.095 [main] DEBUG org.hibernate.orm.results.loading.entity - (EntityResultInitializer) Created new entity instance [org.frcpm.models.Project(959662374637000)#71] : 1537958375
10:24:06.095 [main] DEBUG org.hibernate.orm.results - Extracted JDBC value [1] - [null]
10:24:06.096 [main] DEBUG org.hibernate.orm.results - Extracted JDBC value [2] - [2025-06-06]
10:24:06.096 [main] DEBUG org.hibernate.orm.results - Extracted JDBC value [3] - [2025-06-20]
10:24:06.096 [main] DEBUG org.hibernate.orm.results - Extracted JDBC value [4] - [Test Task Project]
10:24:06.096 [main] DEBUG org.hibernate.orm.results - Extracted JDBC value [5] - [2025-04-25]
10:24:06.096 [main] DEBUG org.hibernate.orm.results.loading.entity - (EntityResultInitializer) Done materializing entityInstance : org.frcpm.models.Project(959662374637000)#71
10:24:06.096 [main] DEBUG org.hibernate.orm.results.loading - Calling top-level assembler (0 / 1) : org.hibernate.sql.results.graph.entity.internal.EntityAssembler@60514b5
10:24:06.096 [main] DEBUG org.hibernate.orm.results - Extracted JDBC value [0] - [72]
10:24:06.096 [main] DEBUG org.hibernate.orm.results.loading.entity - (EntityResultInitializer) Hydrated EntityKey (org.frcpm.models.Project(959662374637000)): 72
10:24:06.096 [main] DEBUG org.hibernate.orm.results.loading.org.hibernate.orm.results.loading.collection - (DelayedCollectionInitializer) Current row collection key : org.frcpm.models.Project(959662374637000).meetings#72
10:24:06.096 [main] DEBUG org.hibernate.orm.results.loading.org.hibernate.orm.results.loading.collection - (DelayedCollectionInitializer) Current row collection key : org.frcpm.models.Project(959662374637000).milestones#72
10:24:06.096 [main] DEBUG org.hibernate.orm.results.loading.org.hibernate.orm.results.loading.collection - (DelayedCollectionInitializer) Current row collection key : org.frcpm.models.Project(959662374637000).tasks#72
10:24:06.096 [main] DEBUG org.hibernate.orm.results.loading.entity - (EntityResultInitializer) Created new entity instance [org.frcpm.models.Project(959662374637000)#72] : 1585672888
10:24:06.096 [main] DEBUG org.hibernate.orm.results - Extracted JDBC value [1] - [null]
10:24:06.096 [main] DEBUG org.hibernate.orm.results - Extracted JDBC value [2] - [2025-06-06]
10:24:06.096 [main] DEBUG org.hibernate.orm.results - Extracted JDBC value [3] - [2025-06-20]
10:24:06.096 [main] DEBUG org.hibernate.orm.results - Extracted JDBC value [4] - [Test Task Project]
10:24:06.096 [main] DEBUG org.hibernate.orm.results - Extracted JDBC value [5] - [2025-04-25]
10:24:06.096 [main] DEBUG org.hibernate.orm.results.loading.entity - (EntityResultInitializer) Done materializing entityInstance : org.frcpm.models.Project(959662374637000)#72
10:24:06.096 [main] DEBUG org.hibernate.orm.results.loading - Calling top-level assembler (0 / 1) : org.hibernate.sql.results.graph.entity.internal.EntityAssembler@60514b5
10:24:06.096 [main] DEBUG org.hibernate.orm.results - Extracted JDBC value [0] - [73]
10:24:06.096 [main] DEBUG org.hibernate.orm.results.loading.entity - (EntityResultInitializer) Hydrated EntityKey (org.frcpm.models.Project(959662374637000)): 73
10:24:06.096 [main] DEBUG org.hibernate.orm.results.loading.org.hibernate.orm.results.loading.collection - (DelayedCollectionInitializer) Current row collection key : org.frcpm.models.Project(959662374637000).meetings#73
10:24:06.096 [main] DEBUG org.hibernate.orm.results.loading.org.hibernate.orm.results.loading.collection - (DelayedCollectionInitializer) Current row collection key : org.frcpm.models.Project(959662374637000).milestones#73
10:24:06.096 [main] DEBUG org.hibernate.orm.results.loading.org.hibernate.orm.results.loading.collection - (DelayedCollectionInitializer) Current row collection key : org.frcpm.models.Project(959662374637000).tasks#73
10:24:06.096 [main] DEBUG org.hibernate.orm.results.loading.entity - (EntityResultInitializer) Created new entity instance [org.frcpm.models.Project(959662374637000)#73] : 858060795
10:24:06.096 [main] DEBUG org.hibernate.orm.results - Extracted JDBC value [1] - [null]
10:24:06.096 [main] DEBUG org.hibernate.orm.results - Extracted JDBC value [2] - [2025-06-06]
10:24:06.096 [main] DEBUG org.hibernate.orm.results - Extracted JDBC value [3] - [2025-06-20]
10:24:06.096 [main] DEBUG org.hibernate.orm.results - Extracted JDBC value [4] - [Test Task Project]
10:24:06.096 [main] DEBUG org.hibernate.orm.results - Extracted JDBC value [5] - [2025-04-25]
10:24:06.096 [main] DEBUG org.hibernate.orm.results.loading.entity - (EntityResultInitializer) Done materializing entityInstance : org.frcpm.models.Project(959662374637000)#73
10:24:06.096 [main] DEBUG org.hibernate.orm.results.loading - Calling top-level assembler (0 / 1) : org.hibernate.sql.results.graph.entity.internal.EntityAssembler@60514b5
10:24:06.096 [main] DEBUG org.hibernate.orm.results - Extracted JDBC value [0] - [74]
10:24:06.096 [main] DEBUG org.hibernate.orm.results.loading.entity - (EntityResultInitializer) Hydrated EntityKey (org.frcpm.models.Project(959662374637000)): 74
10:24:06.096 [main] DEBUG org.hibernate.orm.results.loading.org.hibernate.orm.results.loading.collection - (DelayedCollectionInitializer) Current row collection key : org.frcpm.models.Project(959662374637000).meetings#74
10:24:06.096 [main] DEBUG org.hibernate.orm.results.loading.org.hibernate.orm.results.loading.collection - (DelayedCollectionInitializer) Current row collection key : org.frcpm.models.Project(959662374637000).milestones#74
10:24:06.096 [main] DEBUG org.hibernate.orm.results.loading.org.hibernate.orm.results.loading.collection - (DelayedCollectionInitializer) Current row collection key : org.frcpm.models.Project(959662374637000).tasks#74
10:24:06.097 [main] DEBUG org.hibernate.orm.results.loading.entity - (EntityResultInitializer) Created new entity instance [org.frcpm.models.Project(959662374637000)#74] : 1958858013
10:24:06.097 [main] DEBUG org.hibernate.orm.results - Extracted JDBC value [1] - [null]
10:24:06.097 [main] DEBUG org.hibernate.orm.results - Extracted JDBC value [2] - [2025-06-06]
10:24:06.097 [main] DEBUG org.hibernate.orm.results - Extracted JDBC value [3] - [2025-06-20]
10:24:06.097 [main] DEBUG org.hibernate.orm.results - Extracted JDBC value [4] - [Test Task Project]
10:24:06.097 [main] DEBUG org.hibernate.orm.results - Extracted JDBC value [5] - [2025-04-25]
10:24:06.097 [main] DEBUG org.hibernate.orm.results.loading.entity - (EntityResultInitializer) Done materializing entityInstance : org.frcpm.models.Project(959662374637000)#74
10:24:06.097 [main] DEBUG org.hibernate.orm.results.loading - Calling top-level assembler (0 / 1) : org.hibernate.sql.results.graph.entity.internal.EntityAssembler@60514b5
10:24:06.097 [main] DEBUG org.hibernate.orm.results - Extracted JDBC value [0] - [75]
10:24:06.097 [main] DEBUG org.hibernate.orm.results.loading.entity - (EntityResultInitializer) Hydrated EntityKey (org.frcpm.models.Project(959662374637000)): 75
10:24:06.097 [main] DEBUG org.hibernate.orm.results.loading.org.hibernate.orm.results.loading.collection - (DelayedCollectionInitializer) Current row collection key : org.frcpm.models.Project(959662374637000).meetings#75
10:24:06.097 [main] DEBUG org.hibernate.orm.results.loading.org.hibernate.orm.results.loading.collection - (DelayedCollectionInitializer) Current row collection key : org.frcpm.models.Project(959662374637000).milestones#75
10:24:06.097 [main] DEBUG org.hibernate.orm.results.loading.org.hibernate.orm.results.loading.collection - (DelayedCollectionInitializer) Current row collection key : org.frcpm.models.Project(959662374637000).tasks#75
10:24:06.097 [main] DEBUG org.hibernate.orm.results.loading.entity - (EntityResultInitializer) Created new entity instance [org.frcpm.models.Project(959662374637000)#75] : 563702498
10:24:06.097 [main] DEBUG org.hibernate.orm.results - Extracted JDBC value [1] - [null]
10:24:06.097 [main] DEBUG org.hibernate.orm.results - Extracted JDBC value [2] - [2025-06-06]
10:24:06.097 [main] DEBUG org.hibernate.orm.results - Extracted JDBC value [3] - [2025-06-20]
10:24:06.097 [main] DEBUG org.hibernate.orm.results - Extracted JDBC value [4] - [Test Task Project]
10:24:06.097 [main] DEBUG org.hibernate.orm.results - Extracted JDBC value [5] - [2025-04-25]
10:24:06.097 [main] DEBUG org.hibernate.orm.results.loading.entity - (EntityResultInitializer) Done materializing entityInstance : org.frcpm.models.Project(959662374637000)#75
10:24:06.097 [main] DEBUG org.hibernate.orm.results.loading - Calling top-level assembler (0 / 1) : org.hibernate.sql.results.graph.entity.internal.EntityAssembler@60514b5
10:24:06.097 [main] DEBUG org.hibernate.orm.results - Extracted JDBC value [0] - [76]
10:24:06.097 [main] DEBUG org.hibernate.orm.results.loading.entity - (EntityResultInitializer) Hydrated EntityKey (org.frcpm.models.Project(959662374637000)): 76
10:24:06.097 [main] DEBUG org.hibernate.orm.results.loading.org.hibernate.orm.results.loading.collection - (DelayedCollectionInitializer) Current row collection key : org.frcpm.models.Project(959662374637000).meetings#76
10:24:06.097 [main] DEBUG org.hibernate.orm.results.loading.org.hibernate.orm.results.loading.collection - (DelayedCollectionInitializer) Current row collection key : org.frcpm.models.Project(959662374637000).milestones#76
10:24:06.097 [main] DEBUG org.hibernate.orm.results.loading.org.hibernate.orm.results.loading.collection - (DelayedCollectionInitializer) Current row collection key : org.frcpm.models.Project(959662374637000).tasks#76
10:24:06.097 [main] DEBUG org.hibernate.orm.results.loading.entity - (EntityResultInitializer) Created new entity instance [org.frcpm.models.Project(959662374637000)#76] : 1268395379
10:24:06.097 [main] DEBUG org.hibernate.orm.results - Extracted JDBC value [1] - [null]
10:24:06.097 [main] DEBUG org.hibernate.orm.results - Extracted JDBC value [2] - [2025-06-06]
10:24:06.097 [main] DEBUG org.hibernate.orm.results - Extracted JDBC value [3] - [2025-06-20]
10:24:06.097 [main] DEBUG org.hibernate.orm.results - Extracted JDBC value [4] - [Test Task Project]
10:24:06.097 [main] DEBUG org.hibernate.orm.results - Extracted JDBC value [5] - [2025-04-25]
10:24:06.098 [main] DEBUG org.hibernate.orm.results.loading.entity - (EntityResultInitializer) Done materializing entityInstance : org.frcpm.models.Project(959662374637000)#76
10:24:06.098 [main] DEBUG org.hibernate.orm.results.loading - Calling top-level assembler (0 / 1) : org.hibernate.sql.results.graph.entity.internal.EntityAssembler@60514b5
10:24:06.098 [main] DEBUG org.hibernate.orm.results - Extracted JDBC value [0] - [77]
10:24:06.098 [main] DEBUG org.hibernate.orm.results.loading.entity - (EntityResultInitializer) Hydrated EntityKey (org.frcpm.models.Project(959662374637000)): 77
10:24:06.098 [main] DEBUG org.hibernate.orm.results.loading.org.hibernate.orm.results.loading.collection - (DelayedCollectionInitializer) Current row collection key : org.frcpm.models.Project(959662374637000).meetings#77
10:24:06.098 [main] DEBUG org.hibernate.orm.results.loading.org.hibernate.orm.results.loading.collection - (DelayedCollectionInitializer) Current row collection key : org.frcpm.models.Project(959662374637000).milestones#77
10:24:06.098 [main] DEBUG org.hibernate.orm.results.loading.org.hibernate.orm.results.loading.collection - (DelayedCollectionInitializer) Current row collection key : org.frcpm.models.Project(959662374637000).tasks#77
10:24:06.098 [main] DEBUG org.hibernate.orm.results.loading.entity - (EntityResultInitializer) Created new entity instance [org.frcpm.models.Project(959662374637000)#77] : 834276080
10:24:06.098 [main] DEBUG org.hibernate.orm.results - Extracted JDBC value [1] - [null]
10:24:06.098 [main] DEBUG org.hibernate.orm.results - Extracted JDBC value [2] - [2025-06-06]
10:24:06.098 [main] DEBUG org.hibernate.orm.results - Extracted JDBC value [3] - [2025-06-20]
10:24:06.098 [main] DEBUG org.hibernate.orm.results - Extracted JDBC value [4] - [Test Task Project]
10:24:06.098 [main] DEBUG org.hibernate.orm.results - Extracted JDBC value [5] - [2025-04-25]
10:24:06.098 [main] DEBUG org.hibernate.orm.results.loading.entity - (EntityResultInitializer) Done materializing entityInstance : org.frcpm.models.Project(959662374637000)#77
10:24:06.098 [main] DEBUG org.hibernate.orm.results.loading - Calling top-level assembler (0 / 1) : org.hibernate.sql.results.graph.entity.internal.EntityAssembler@60514b5
10:24:06.098 [main] DEBUG org.hibernate.orm.results - Extracted JDBC value [0] - [78]
10:24:06.098 [main] DEBUG org.hibernate.orm.results.loading.entity - (EntityResultInitializer) Hydrated EntityKey (org.frcpm.models.Project(959662374637000)): 78
10:24:06.098 [main] DEBUG org.hibernate.orm.results.loading.org.hibernate.orm.results.loading.collection - (DelayedCollectionInitializer) Current row collection key : org.frcpm.models.Project(959662374637000).meetings#78
10:24:06.098 [main] DEBUG org.hibernate.orm.results.loading.org.hibernate.orm.results.loading.collection - (DelayedCollectionInitializer) Current row collection key : org.frcpm.models.Project(959662374637000).milestones#78
10:24:06.098 [main] DEBUG org.hibernate.orm.results.loading.org.hibernate.orm.results.loading.collection - (DelayedCollectionInitializer) Current row collection key : org.frcpm.models.Project(959662374637000).tasks#78
10:24:06.098 [main] DEBUG org.hibernate.orm.results.loading.entity - (EntityResultInitializer) Created new entity instance [org.frcpm.models.Project(959662374637000)#78] : 1758121867
10:24:06.098 [main] DEBUG org.hibernate.orm.results - Extracted JDBC value [1] - [null]
10:24:06.098 [main] DEBUG org.hibernate.orm.results - Extracted JDBC value [2] - [2025-06-06]
10:24:06.098 [main] DEBUG org.hibernate.orm.results - Extracted JDBC value [3] - [2025-06-20]
10:24:06.098 [main] DEBUG org.hibernate.orm.results - Extracted JDBC value [4] - [Test Task Project]
10:24:06.098 [main] DEBUG org.hibernate.orm.results - Extracted JDBC value [5] - [2025-04-25]
10:24:06.098 [main] DEBUG org.hibernate.orm.results.loading.entity - (EntityResultInitializer) Done materializing entityInstance : org.frcpm.models.Project(959662374637000)#78
10:24:06.098 [main] DEBUG org.hibernate.orm.results.loading - Calling top-level assembler (0 / 1) : org.hibernate.sql.results.graph.entity.internal.EntityAssembler@60514b5
10:24:06.098 [main] DEBUG org.hibernate.orm.results - Extracted JDBC value [0] - [79]
10:24:06.098 [main] DEBUG org.hibernate.orm.results.loading.entity - (EntityResultInitializer) Hydrated EntityKey (org.frcpm.models.Project(959662374637000)): 79
10:24:06.098 [main] DEBUG org.hibernate.orm.results.loading.org.hibernate.orm.results.loading.collection - (DelayedCollectionInitializer) Current row collection key : org.frcpm.models.Project(959662374637000).meetings#79
10:24:06.098 [main] DEBUG org.hibernate.orm.results.loading.org.hibernate.orm.results.loading.collection - (DelayedCollectionInitializer) Current row collection key : org.frcpm.models.Project(959662374637000).milestones#79
10:24:06.098 [main] DEBUG org.hibernate.orm.results.loading.org.hibernate.orm.results.loading.collection - (DelayedCollectionInitializer) Current row collection key : org.frcpm.models.Project(959662374637000).tasks#79
10:24:06.098 [main] DEBUG org.hibernate.orm.results.loading.entity - (EntityResultInitializer) Created new entity instance [org.frcpm.models.Project(959662374637000)#79] : 897523289
10:24:06.098 [main] DEBUG org.hibernate.orm.results - Extracted JDBC value [1] - [null]
10:24:06.098 [main] DEBUG org.hibernate.orm.results - Extracted JDBC value [2] - [2025-06-06]
10:24:06.098 [main] DEBUG org.hibernate.orm.results - Extracted JDBC value [3] - [2025-06-20]
10:24:06.098 [main] DEBUG org.hibernate.orm.results - Extracted JDBC value [4] - [Test Task Project]
10:24:06.099 [main] DEBUG org.hibernate.orm.results - Extracted JDBC value [5] - [2025-04-25]
10:24:06.099 [main] DEBUG org.hibernate.orm.results.loading.entity - (EntityResultInitializer) Done materializing entityInstance : org.frcpm.models.Project(959662374637000)#79
10:24:06.100 [main] DEBUG org.hibernate.orm.results.loading - Calling top-level assembler (0 / 1) : org.hibernate.sql.results.graph.entity.internal.EntityAssembler@60514b5
10:24:06.100 [main] DEBUG org.hibernate.orm.results - Extracted JDBC value [0] - [80]
10:24:06.100 [main] DEBUG org.hibernate.orm.results.loading.entity - (EntityResultInitializer) Hydrated EntityKey (org.frcpm.models.Project(959662374637000)): 80
10:24:06.100 [main] DEBUG org.hibernate.orm.results.loading.org.hibernate.orm.results.loading.collection - (DelayedCollectionInitializer) Current row collection key : org.frcpm.models.Project(959662374637000).meetings#80
10:24:06.100 [main] DEBUG org.hibernate.orm.results.loading.org.hibernate.orm.results.loading.collection - (DelayedCollectionInitializer) Current row collection key : org.frcpm.models.Project(959662374637000).milestones#80
10:24:06.100 [main] DEBUG org.hibernate.orm.results.loading.org.hibernate.orm.results.loading.collection - (DelayedCollectionInitializer) Current row collection key : org.frcpm.models.Project(959662374637000).tasks#80
10:24:06.101 [main] DEBUG org.hibernate.orm.results.loading.entity - (EntityResultInitializer) Created new entity instance [org.frcpm.models.Project(959662374637000)#80] : 180123422
10:24:06.101 [main] DEBUG org.hibernate.orm.results - Extracted JDBC value [1] - [null]
10:24:06.101 [main] DEBUG org.hibernate.orm.results - Extracted JDBC value [2] - [2025-06-06]
10:24:06.101 [main] DEBUG org.hibernate.orm.results - Extracted JDBC value [3] - [2025-06-20]
10:24:06.102 [main] DEBUG org.hibernate.orm.results - Extracted JDBC value [4] - [Test Task Project]
10:24:06.102 [main] DEBUG org.hibernate.orm.results - Extracted JDBC value [5] - [2025-04-25]
10:24:06.102 [main] DEBUG org.hibernate.orm.results.loading.entity - (EntityResultInitializer) Done materializing entityInstance : org.frcpm.models.Project(959662374637000)#80
10:24:06.102 [main] DEBUG org.hibernate.orm.results.loading - Calling top-level assembler (0 / 1) : org.hibernate.sql.results.graph.entity.internal.EntityAssembler@60514b5
10:24:06.103 [main] DEBUG org.hibernate.orm.results - Extracted JDBC value [0] - [81]
10:24:06.103 [main] DEBUG org.hibernate.orm.results.loading.entity - (EntityResultInitializer) Hydrated EntityKey (org.frcpm.models.Project(959662374637000)): 81
10:24:06.103 [main] DEBUG org.hibernate.orm.results.loading.org.hibernate.orm.results.loading.collection - (DelayedCollectionInitializer) Current row collection key : org.frcpm.models.Project(959662374637000).meetings#81
10:24:06.103 [main] DEBUG org.hibernate.orm.results.loading.org.hibernate.orm.results.loading.collection - (DelayedCollectionInitializer) Current row collection key : org.frcpm.models.Project(959662374637000).milestones#81
10:24:06.103 [main] DEBUG org.hibernate.orm.results.loading.org.hibernate.orm.results.loading.collection - (DelayedCollectionInitializer) Current row collection key : org.frcpm.models.Project(959662374637000).tasks#81
10:24:06.103 [main] DEBUG org.hibernate.orm.results.loading.entity - (EntityResultInitializer) Created new entity instance [org.frcpm.models.Project(959662374637000)#81] : 1715055088
10:24:06.104 [main] DEBUG org.hibernate.orm.results - Extracted JDBC value [1] - [null]
10:24:06.104 [main] DEBUG org.hibernate.orm.results - Extracted JDBC value [2] - [2025-06-06]
10:24:06.104 [main] DEBUG org.hibernate.orm.results - Extracted JDBC value [3] - [2025-06-20]
10:24:06.104 [main] DEBUG org.hibernate.orm.results - Extracted JDBC value [4] - [Test Task Project]
10:24:06.104 [main] DEBUG org.hibernate.orm.results - Extracted JDBC value [5] - [2025-04-25]
10:24:06.104 [main] DEBUG org.hibernate.orm.results.loading.entity - (EntityResultInitializer) Done materializing entityInstance : org.frcpm.models.Project(959662374637000)#81
10:24:06.104 [main] DEBUG org.hibernate.orm.results.loading - Calling top-level assembler (0 / 1) : org.hibernate.sql.results.graph.entity.internal.EntityAssembler@60514b5
10:24:06.104 [main] DEBUG org.hibernate.orm.results - Extracted JDBC value [0] - [82]
10:24:06.104 [main] DEBUG org.hibernate.orm.results.loading.entity - (EntityResultInitializer) Hydrated EntityKey (org.frcpm.models.Project(959662374637000)): 82
10:24:06.104 [main] DEBUG org.hibernate.orm.results.loading.org.hibernate.orm.results.loading.collection - (DelayedCollectionInitializer) Current row collection key : org.frcpm.models.Project(959662374637000).meetings#82
10:24:06.104 [main] DEBUG org.hibernate.orm.results.loading.org.hibernate.orm.results.loading.collection - (DelayedCollectionInitializer) Current row collection key : org.frcpm.models.Project(959662374637000).milestones#82
10:24:06.104 [main] DEBUG org.hibernate.orm.results.loading.org.hibernate.orm.results.loading.collection - (DelayedCollectionInitializer) Current row collection key : org.frcpm.models.Project(959662374637000).tasks#82
10:24:06.105 [main] DEBUG org.hibernate.orm.results.loading.entity - (EntityResultInitializer) Created new entity instance [org.frcpm.models.Project(959662374637000)#82] : 204228973
10:24:06.105 [main] DEBUG org.hibernate.orm.results - Extracted JDBC value [1] - [null]
10:24:06.105 [main] DEBUG org.hibernate.orm.results - Extracted JDBC value [2] - [2025-06-06]
10:24:06.105 [main] DEBUG org.hibernate.orm.results - Extracted JDBC value [3] - [2025-06-20]
10:24:06.105 [main] DEBUG org.hibernate.orm.results - Extracted JDBC value [4] - [Test Task Project]
10:24:06.105 [main] DEBUG org.hibernate.orm.results - Extracted JDBC value [5] - [2025-04-25]
10:24:06.105 [main] DEBUG org.hibernate.orm.results.loading.entity - (EntityResultInitializer) Done materializing entityInstance : org.frcpm.models.Project(959662374637000)#82
10:24:06.105 [main] DEBUG org.hibernate.orm.results.loading - Calling top-level assembler (0 / 1) : org.hibernate.sql.results.graph.entity.internal.EntityAssembler@60514b5
10:24:06.105 [main] DEBUG org.hibernate.orm.results - Extracted JDBC value [0] - [104]
10:24:06.105 [main] DEBUG org.hibernate.orm.results.loading.entity - (EntityResultInitializer) Hydrated EntityKey (org.frcpm.models.Project(959662374637000)): 104
10:24:06.105 [main] DEBUG org.hibernate.orm.results.loading.org.hibernate.orm.results.loading.collection - (DelayedCollectionInitializer) Current row collection key : org.frcpm.models.Project(959662374637000).meetings#104
10:24:06.105 [main] DEBUG org.hibernate.orm.results.loading.org.hibernate.orm.results.loading.collection - (DelayedCollectionInitializer) Current row collection key : org.frcpm.models.Project(959662374637000).milestones#104
10:24:06.105 [main] DEBUG org.hibernate.orm.results.loading.org.hibernate.orm.results.loading.collection - (DelayedCollectionInitializer) Current row collection key : org.frcpm.models.Project(959662374637000).tasks#104
10:24:06.105 [main] DEBUG org.hibernate.orm.results.loading.entity - (EntityResultInitializer) Created new entity instance [org.frcpm.models.Project(959662374637000)#104] : 118329190
10:24:06.105 [main] DEBUG org.hibernate.orm.results - Extracted JDBC value [1] - [null]
10:24:06.105 [main] DEBUG org.hibernate.orm.results - Extracted JDBC value [2] - [2025-06-06]
10:24:06.105 [main] DEBUG org.hibernate.orm.results - Extracted JDBC value [3] - [2025-06-20]
10:24:06.105 [main] DEBUG org.hibernate.orm.results - Extracted JDBC value [4] - [Component Test Project]
10:24:06.105 [main] DEBUG org.hibernate.orm.results - Extracted JDBC value [5] - [2025-04-25]
10:24:06.105 [main] DEBUG org.hibernate.orm.results.loading.entity - (EntityResultInitializer) Done materializing entityInstance : org.frcpm.models.Project(959662374637000)#104
10:24:06.105 [main] DEBUG org.hibernate.orm.results.loading - Calling top-level assembler (0 / 1) : org.hibernate.sql.results.graph.entity.internal.EntityAssembler@60514b5
10:24:06.105 [main] DEBUG org.hibernate.orm.results - Extracted JDBC value [0] - [135]
10:24:06.105 [main] DEBUG org.hibernate.orm.results.loading.entity - (EntityResultInitializer) Hydrated EntityKey (org.frcpm.models.Project(959662374637000)): 135
10:24:06.105 [main] DEBUG org.hibernate.orm.results.loading.org.hibernate.orm.results.loading.collection - (DelayedCollectionInitializer) Current row collection key : org.frcpm.models.Project(959662374637000).meetings#135
10:24:06.105 [main] DEBUG org.hibernate.orm.results.loading.org.hibernate.orm.results.loading.collection - (DelayedCollectionInitializer) Current row collection key : org.frcpm.models.Project(959662374637000).milestones#135
10:24:06.105 [main] DEBUG org.hibernate.orm.results.loading.org.hibernate.orm.results.loading.collection - (DelayedCollectionInitializer) Current row collection key : org.frcpm.models.Project(959662374637000).tasks#135
10:24:06.106 [main] DEBUG org.hibernate.orm.results.loading.entity - (EntityResultInitializer) Created new entity instance [org.frcpm.models.Project(959662374637000)#135] : 979290978
10:24:06.106 [main] DEBUG org.hibernate.orm.results - Extracted JDBC value [1] - [null]
10:24:06.106 [main] DEBUG org.hibernate.orm.results - Extracted JDBC value [2] - [2025-05-23]
10:24:06.106 [main] DEBUG org.hibernate.orm.results - Extracted JDBC value [3] - [2025-06-06]
10:24:06.106 [main] DEBUG org.hibernate.orm.results - Extracted JDBC value [4] - [Test Create Service Project]
10:24:06.106 [main] DEBUG org.hibernate.orm.results - Extracted JDBC value [5] - [2025-04-25]
10:24:06.106 [main] DEBUG org.hibernate.orm.results.loading.entity - (EntityResultInitializer) Done materializing entityInstance : org.frcpm.models.Project(959662374637000)#135
10:24:06.106 [main] DEBUG org.hibernate.orm.results.loading - Calling top-level assembler (0 / 1) : org.hibernate.sql.results.graph.entity.internal.EntityAssembler@60514b5
10:24:06.106 [main] DEBUG org.hibernate.orm.results - Extracted JDBC value [0] - [142]
10:24:06.106 [main] DEBUG org.hibernate.orm.results.loading.entity - (EntityResultInitializer) Hydrated EntityKey (org.frcpm.models.Project(959662374637000)): 142
10:24:06.106 [main] DEBUG org.hibernate.orm.results.loading.org.hibernate.orm.results.loading.collection - (DelayedCollectionInitializer) Current row collection key : org.frcpm.models.Project(959662374637000).meetings#142
10:24:06.106 [main] DEBUG org.hibernate.orm.results.loading.org.hibernate.orm.results.loading.collection - (DelayedCollectionInitializer) Current row collection key : org.frcpm.models.Project(959662374637000).milestones#142
10:24:06.106 [main] DEBUG org.hibernate.orm.results.loading.org.hibernate.orm.results.loading.collection - (DelayedCollectionInitializer) Current row collection key : org.frcpm.models.Project(959662374637000).tasks#142
10:24:06.106 [main] DEBUG org.hibernate.orm.results.loading.entity - (EntityResultInitializer) Created new entity instance [org.frcpm.models.Project(959662374637000)#142] : 48463056
10:24:06.106 [main] DEBUG org.hibernate.orm.results - Extracted JDBC value [1] - [Updated description]
10:24:06.106 [main] DEBUG org.hibernate.orm.results - Extracted JDBC value [2] - [2025-05-23]
10:24:06.106 [main] DEBUG org.hibernate.orm.results - Extracted JDBC value [3] - [2025-06-06]
10:24:06.106 [main] DEBUG org.hibernate.orm.results - Extracted JDBC value [4] - [Updated Service Project Name]
10:24:06.106 [main] DEBUG org.hibernate.orm.results - Extracted JDBC value [5] - [2025-04-25]
10:24:06.106 [main] DEBUG org.hibernate.orm.results.loading.entity - (EntityResultInitializer) Done materializing entityInstance : org.frcpm.models.Project(959662374637000)#142
10:24:06.106 [main] DEBUG org.hibernate.orm.results.loading - Calling top-level assembler (0 / 1) : org.hibernate.sql.results.graph.entity.internal.EntityAssembler@60514b5
10:24:06.106 [main] DEBUG org.hibernate.orm.results - Extracted JDBC value [0] - [148]
10:24:06.106 [main] DEBUG org.hibernate.orm.results.loading.entity - (EntityResultInitializer) Hydrated EntityKey (org.frcpm.models.Project(959662374637000)): 148
10:24:06.106 [main] DEBUG org.hibernate.orm.results.loading.org.hibernate.orm.results.loading.collection - (DelayedCollectionInitializer) Current row collection key : org.frcpm.models.Project(959662374637000).meetings#148
10:24:06.106 [main] DEBUG org.hibernate.orm.results.loading.org.hibernate.orm.results.loading.collection - (DelayedCollectionInitializer) Current row collection key : org.frcpm.models.Project(959662374637000).milestones#148
10:24:06.106 [main] DEBUG org.hibernate.orm.results.loading.org.hibernate.orm.results.loading.collection - (DelayedCollectionInitializer) Current row collection key : org.frcpm.models.Project(959662374637000).tasks#148
10:24:06.106 [main] DEBUG org.hibernate.orm.results.loading.entity - (EntityResultInitializer) Created new entity instance [org.frcpm.models.Project(959662374637000)#148] : 865620651
10:24:06.106 [main] DEBUG org.hibernate.orm.results - Extracted JDBC value [1] - [null]
10:24:06.106 [main] DEBUG org.hibernate.orm.results - Extracted JDBC value [2] - [2025-05-23]
10:24:06.106 [main] DEBUG org.hibernate.orm.results - Extracted JDBC value [3] - [2025-06-06]
10:24:06.106 [main] DEBUG org.hibernate.orm.results - Extracted JDBC value [4] - [Test Summary Project]
10:24:06.106 [main] DEBUG org.hibernate.orm.results - Extracted JDBC value [5] - [2025-04-25]
10:24:06.107 [main] DEBUG org.hibernate.orm.results.loading.entity - (EntityResultInitializer) Done materializing entityInstance : org.frcpm.models.Project(959662374637000)#148
10:24:06.107 [main] DEBUG org.hibernate.orm.results.loading - Calling top-level assembler (0 / 1) : org.hibernate.sql.results.graph.entity.internal.EntityAssembler@60514b5
10:24:06.107 [main] DEBUG org.hibernate.resource.jdbc.internal.LogicalConnectionManagedImpl - Initiating JDBC connection release from afterTransaction
10:24:06.107 [main] DEBUG org.hibernate.resource.jdbc.internal.LogicalConnectionManagedImpl - Initiating JDBC connection release from afterTransaction
]]></system-out>
  </testcase>
  <testcase name="testHandleSaveAs" classname="org.frcpm.controllers.MainControllerTest" time="0.035">
    <system-out><![CDATA[10:24:06.109 [main] DEBUG org.hibernate.orm.sql.ast.create - Created new SQL alias : p1_0
10:24:06.109 [main] DEBUG org.hibernate.orm.sql.ast.create - Registration of TableGroup [StandardTableGroup(org.frcpm.models.Project(959662395555000))] with identifierForTableGroup [org.frcpm.models.Project] for NavigablePath [org.frcpm.models.Project] 
10:24:06.110 [main] DEBUG org.hibernate.orm.results.graph.AST - DomainResult Graph:
 \-EntityResultImpl [org.frcpm.models.Project(959662395555000)]
 |  +-BasicFetch [org.frcpm.models.Project(959662395555000).description]
 |  +-BasicFetch [org.frcpm.models.Project(959662395555000).goalEndDate]
 |  +-BasicFetch [org.frcpm.models.Project(959662395555000).hardDeadline]
 |  +-DelayedCollectionFetch [org.frcpm.models.Project(959662395555000).meetings]
 |  +-DelayedCollectionFetch [org.frcpm.models.Project(959662395555000).milestones]
 |  +-BasicFetch [org.frcpm.models.Project(959662395555000).name]
 |  +-BasicFetch [org.frcpm.models.Project(959662395555000).startDate]
 |  \-DelayedCollectionFetch [org.frcpm.models.Project(959662395555000).tasks]

10:24:06.110 [main] DEBUG org.hibernate.orm.sql.ast.tree - SQL AST Tree:
    SelectStatement {
      FromClause {
        StandardTableGroup (p1 : org.frcpm.models.Project(959662395555000)) {
          primaryTableReference : projects as p1_0
        }
      }
    }

10:24:06.110 [main] DEBUG org.hibernate.orm.sql.exec - Skipping reading Query result cache data: cache-enabled = false, cache-mode = NORMAL
10:24:06.111 [main] DEBUG org.hibernate.orm.results - Initializer list:
	  org.frcpm.models.Project(959662395555000).milestones -> DelayedCollectionInitializer(org.frcpm.models.Project(959662395555000).milestones)@1687756970 (PluralAttribute(org.frcpm.models.Project.milestones))
	  org.frcpm.models.Project(959662395555000) -> EntityResultInitializer(org.frcpm.models.Project(959662395555000))@312427621 (SingleTableEntityPersister(org.frcpm.models.Project))
	  org.frcpm.models.Project(959662395555000).tasks -> DelayedCollectionInitializer(org.frcpm.models.Project(959662395555000).tasks)@1052350898 (PluralAttribute(org.frcpm.models.Project.tasks))
	  org.frcpm.models.Project(959662395555000).meetings -> DelayedCollectionInitializer(org.frcpm.models.Project(959662395555000).meetings)@1167950321 (PluralAttribute(org.frcpm.models.Project.meetings))

10:24:06.111 [main] DEBUG org.hibernate.SQL - select p1_0.id,p1_0.description,p1_0.goal_end_date,p1_0.hard_deadline,p1_0.name,p1_0.start_date from projects p1_0
10:24:06.111 [main] DEBUG org.hibernate.orm.results - Extracted JDBC value [0] - [1]
10:24:06.111 [main] DEBUG org.hibernate.orm.results.loading.entity - (EntityResultInitializer) Hydrated EntityKey (org.frcpm.models.Project(959662395555000)): 1
10:24:06.111 [main] DEBUG org.hibernate.orm.results.loading.org.hibernate.orm.results.loading.collection - (DelayedCollectionInitializer) Current row collection key : org.frcpm.models.Project(959662395555000).meetings#1
10:24:06.111 [main] DEBUG org.hibernate.orm.results.loading.org.hibernate.orm.results.loading.collection - (DelayedCollectionInitializer) Current row collection key : org.frcpm.models.Project(959662395555000).milestones#1
10:24:06.111 [main] DEBUG org.hibernate.orm.results.loading.org.hibernate.orm.results.loading.collection - (DelayedCollectionInitializer) Current row collection key : org.frcpm.models.Project(959662395555000).tasks#1
10:24:06.111 [main] DEBUG org.hibernate.orm.results.loading.entity - (EntityResultInitializer) Created new entity instance [org.frcpm.models.Project(959662395555000)#1] : 1920914736
10:24:06.111 [main] DEBUG org.hibernate.orm.results - Extracted JDBC value [1] - [Competition robot for the 2025 FIRST Robotics Competition]
10:24:06.111 [main] DEBUG org.hibernate.orm.results - Extracted JDBC value [2] - [2025-06-12]
10:24:06.112 [main] DEBUG org.hibernate.orm.results - Extracted JDBC value [3] - [2025-06-26]
10:24:06.112 [main] DEBUG org.hibernate.orm.results - Extracted JDBC value [4] - [FRC 2025 Robot]
10:24:06.112 [main] DEBUG org.hibernate.orm.results - Extracted JDBC value [5] - [2025-05-01]
10:24:06.112 [main] DEBUG org.hibernate.orm.results.loading.entity - (EntityResultInitializer) Done materializing entityInstance : org.frcpm.models.Project(959662395555000)#1
10:24:06.112 [main] DEBUG org.hibernate.orm.results.loading - Calling top-level assembler (0 / 1) : org.hibernate.sql.results.graph.entity.internal.EntityAssembler@1164d004
10:24:06.112 [main] DEBUG org.hibernate.orm.results - Extracted JDBC value [0] - [51]
10:24:06.112 [main] DEBUG org.hibernate.orm.results.loading.entity - (EntityResultInitializer) Hydrated EntityKey (org.frcpm.models.Project(959662395555000)): 51
10:24:06.112 [main] DEBUG org.hibernate.orm.results.loading.org.hibernate.orm.results.loading.collection - (DelayedCollectionInitializer) Current row collection key : org.frcpm.models.Project(959662395555000).meetings#51
10:24:06.112 [main] DEBUG org.hibernate.orm.results.loading.org.hibernate.orm.results.loading.collection - (DelayedCollectionInitializer) Current row collection key : org.frcpm.models.Project(959662395555000).milestones#51
10:24:06.112 [main] DEBUG org.hibernate.orm.results.loading.org.hibernate.orm.results.loading.collection - (DelayedCollectionInitializer) Current row collection key : org.frcpm.models.Project(959662395555000).tasks#51
10:24:06.112 [main] DEBUG org.hibernate.orm.results.loading.entity - (EntityResultInitializer) Created new entity instance [org.frcpm.models.Project(959662395555000)#51] : 1624533975
10:24:06.113 [main] DEBUG org.hibernate.orm.results - Extracted JDBC value [1] - [null]
10:24:06.113 [main] DEBUG org.hibernate.orm.results - Extracted JDBC value [2] - [2025-05-23]
10:24:06.113 [main] DEBUG org.hibernate.orm.results - Extracted JDBC value [3] - [2025-06-06]
10:24:06.113 [main] DEBUG org.hibernate.orm.results - Extracted JDBC value [4] - [Test Count Project]
10:24:06.113 [main] DEBUG org.hibernate.orm.results - Extracted JDBC value [5] - [2025-04-25]
10:24:06.113 [main] DEBUG org.hibernate.orm.results.loading.entity - (EntityResultInitializer) Done materializing entityInstance : org.frcpm.models.Project(959662395555000)#51
10:24:06.113 [main] DEBUG org.hibernate.orm.results.loading - Calling top-level assembler (0 / 1) : org.hibernate.sql.results.graph.entity.internal.EntityAssembler@1164d004
10:24:06.113 [main] DEBUG org.hibernate.orm.results - Extracted JDBC value [0] - [54]
10:24:06.113 [main] DEBUG org.hibernate.orm.results.loading.entity - (EntityResultInitializer) Hydrated EntityKey (org.frcpm.models.Project(959662395555000)): 54
10:24:06.113 [main] DEBUG org.hibernate.orm.results.loading.org.hibernate.orm.results.loading.collection - (DelayedCollectionInitializer) Current row collection key : org.frcpm.models.Project(959662395555000).meetings#54
10:24:06.113 [main] DEBUG org.hibernate.orm.results.loading.org.hibernate.orm.results.loading.collection - (DelayedCollectionInitializer) Current row collection key : org.frcpm.models.Project(959662395555000).milestones#54
10:24:06.113 [main] DEBUG org.hibernate.orm.results.loading.org.hibernate.orm.results.loading.collection - (DelayedCollectionInitializer) Current row collection key : org.frcpm.models.Project(959662395555000).tasks#54
10:24:06.113 [main] DEBUG org.hibernate.orm.results.loading.entity - (EntityResultInitializer) Created new entity instance [org.frcpm.models.Project(959662395555000)#54] : 474954557
10:24:06.114 [main] DEBUG org.hibernate.orm.results - Extracted JDBC value [1] - [Test save description]
10:24:06.114 [main] DEBUG org.hibernate.orm.results - Extracted JDBC value [2] - [2025-05-23]
10:24:06.114 [main] DEBUG org.hibernate.orm.results - Extracted JDBC value [3] - [2025-06-06]
10:24:06.114 [main] DEBUG org.hibernate.orm.results - Extracted JDBC value [4] - [Test Save Project]
10:24:06.114 [main] DEBUG org.hibernate.orm.results - Extracted JDBC value [5] - [2025-04-25]
10:24:06.114 [main] DEBUG org.hibernate.orm.results.loading.entity - (EntityResultInitializer) Done materializing entityInstance : org.frcpm.models.Project(959662395555000)#54
10:24:06.114 [main] DEBUG org.hibernate.orm.results.loading - Calling top-level assembler (0 / 1) : org.hibernate.sql.results.graph.entity.internal.EntityAssembler@1164d004
10:24:06.114 [main] DEBUG org.hibernate.orm.results - Extracted JDBC value [0] - [69]
10:24:06.114 [main] DEBUG org.hibernate.orm.results.loading.entity - (EntityResultInitializer) Hydrated EntityKey (org.frcpm.models.Project(959662395555000)): 69
10:24:06.114 [main] DEBUG org.hibernate.orm.results.loading.org.hibernate.orm.results.loading.collection - (DelayedCollectionInitializer) Current row collection key : org.frcpm.models.Project(959662395555000).meetings#69
10:24:06.114 [main] DEBUG org.hibernate.orm.results.loading.org.hibernate.orm.results.loading.collection - (DelayedCollectionInitializer) Current row collection key : org.frcpm.models.Project(959662395555000).milestones#69
10:24:06.114 [main] DEBUG org.hibernate.orm.results.loading.org.hibernate.orm.results.loading.collection - (DelayedCollectionInitializer) Current row collection key : org.frcpm.models.Project(959662395555000).tasks#69
10:24:06.114 [main] DEBUG org.hibernate.orm.results.loading.entity - (EntityResultInitializer) Created new entity instance [org.frcpm.models.Project(959662395555000)#69] : 1221721299
10:24:06.115 [main] DEBUG org.hibernate.orm.results - Extracted JDBC value [1] - [null]
10:24:06.115 [main] DEBUG org.hibernate.orm.results - Extracted JDBC value [2] - [2025-05-23]
10:24:06.116 [main] DEBUG org.hibernate.orm.results - Extracted JDBC value [3] - [2025-06-06]
10:24:06.116 [main] DEBUG org.hibernate.orm.results - Extracted JDBC value [4] - [Updated Project Name]
10:24:06.116 [main] DEBUG org.hibernate.orm.results - Extracted JDBC value [5] - [2025-04-25]
10:24:06.116 [main] DEBUG org.hibernate.orm.results.loading.entity - (EntityResultInitializer) Done materializing entityInstance : org.frcpm.models.Project(959662395555000)#69
10:24:06.117 [main] DEBUG org.hibernate.orm.results.loading - Calling top-level assembler (0 / 1) : org.hibernate.sql.results.graph.entity.internal.EntityAssembler@1164d004
10:24:06.117 [main] DEBUG org.hibernate.orm.results - Extracted JDBC value [0] - [70]
10:24:06.117 [main] DEBUG org.hibernate.orm.results.loading.entity - (EntityResultInitializer) Hydrated EntityKey (org.frcpm.models.Project(959662395555000)): 70
10:24:06.117 [main] DEBUG org.hibernate.orm.results.loading.org.hibernate.orm.results.loading.collection - (DelayedCollectionInitializer) Current row collection key : org.frcpm.models.Project(959662395555000).meetings#70
10:24:06.117 [main] DEBUG org.hibernate.orm.results.loading.org.hibernate.orm.results.loading.collection - (DelayedCollectionInitializer) Current row collection key : org.frcpm.models.Project(959662395555000).milestones#70
10:24:06.117 [main] DEBUG org.hibernate.orm.results.loading.org.hibernate.orm.results.loading.collection - (DelayedCollectionInitializer) Current row collection key : org.frcpm.models.Project(959662395555000).tasks#70
10:24:06.117 [main] DEBUG org.hibernate.orm.results.loading.entity - (EntityResultInitializer) Created new entity instance [org.frcpm.models.Project(959662395555000)#70] : 1213369693
10:24:06.117 [main] DEBUG org.hibernate.orm.results - Extracted JDBC value [1] - [null]
10:24:06.118 [main] DEBUG org.hibernate.orm.results - Extracted JDBC value [2] - [2025-06-06]
10:24:06.118 [main] DEBUG org.hibernate.orm.results - Extracted JDBC value [3] - [2025-06-20]
10:24:06.118 [main] DEBUG org.hibernate.orm.results - Extracted JDBC value [4] - [Test Task Project]
10:24:06.118 [main] DEBUG org.hibernate.orm.results - Extracted JDBC value [5] - [2025-04-25]
10:24:06.118 [main] DEBUG org.hibernate.orm.results.loading.entity - (EntityResultInitializer) Done materializing entityInstance : org.frcpm.models.Project(959662395555000)#70
10:24:06.118 [main] DEBUG org.hibernate.orm.results.loading - Calling top-level assembler (0 / 1) : org.hibernate.sql.results.graph.entity.internal.EntityAssembler@1164d004
10:24:06.118 [main] DEBUG org.hibernate.orm.results - Extracted JDBC value [0] - [71]
10:24:06.118 [main] DEBUG org.hibernate.orm.results.loading.entity - (EntityResultInitializer) Hydrated EntityKey (org.frcpm.models.Project(959662395555000)): 71
10:24:06.118 [main] DEBUG org.hibernate.orm.results.loading.org.hibernate.orm.results.loading.collection - (DelayedCollectionInitializer) Current row collection key : org.frcpm.models.Project(959662395555000).meetings#71
10:24:06.118 [main] DEBUG org.hibernate.orm.results.loading.org.hibernate.orm.results.loading.collection - (DelayedCollectionInitializer) Current row collection key : org.frcpm.models.Project(959662395555000).milestones#71
10:24:06.118 [main] DEBUG org.hibernate.orm.results.loading.org.hibernate.orm.results.loading.collection - (DelayedCollectionInitializer) Current row collection key : org.frcpm.models.Project(959662395555000).tasks#71
10:24:06.118 [main] DEBUG org.hibernate.orm.results.loading.entity - (EntityResultInitializer) Created new entity instance [org.frcpm.models.Project(959662395555000)#71] : 661442540
10:24:06.118 [main] DEBUG org.hibernate.orm.results - Extracted JDBC value [1] - [null]
10:24:06.118 [main] DEBUG org.hibernate.orm.results - Extracted JDBC value [2] - [2025-06-06]
10:24:06.119 [main] DEBUG org.hibernate.orm.results - Extracted JDBC value [3] - [2025-06-20]
10:24:06.119 [main] DEBUG org.hibernate.orm.results - Extracted JDBC value [4] - [Test Task Project]
10:24:06.119 [main] DEBUG org.hibernate.orm.results - Extracted JDBC value [5] - [2025-04-25]
10:24:06.119 [main] DEBUG org.hibernate.orm.results.loading.entity - (EntityResultInitializer) Done materializing entityInstance : org.frcpm.models.Project(959662395555000)#71
10:24:06.119 [main] DEBUG org.hibernate.orm.results.loading - Calling top-level assembler (0 / 1) : org.hibernate.sql.results.graph.entity.internal.EntityAssembler@1164d004
10:24:06.120 [main] DEBUG org.hibernate.orm.results - Extracted JDBC value [0] - [72]
10:24:06.120 [main] DEBUG org.hibernate.orm.results.loading.entity - (EntityResultInitializer) Hydrated EntityKey (org.frcpm.models.Project(959662395555000)): 72
10:24:06.120 [main] DEBUG org.hibernate.orm.results.loading.org.hibernate.orm.results.loading.collection - (DelayedCollectionInitializer) Current row collection key : org.frcpm.models.Project(959662395555000).meetings#72
10:24:06.120 [main] DEBUG org.hibernate.orm.results.loading.org.hibernate.orm.results.loading.collection - (DelayedCollectionInitializer) Current row collection key : org.frcpm.models.Project(959662395555000).milestones#72
10:24:06.120 [main] DEBUG org.hibernate.orm.results.loading.org.hibernate.orm.results.loading.collection - (DelayedCollectionInitializer) Current row collection key : org.frcpm.models.Project(959662395555000).tasks#72
10:24:06.121 [main] DEBUG org.hibernate.orm.results.loading.entity - (EntityResultInitializer) Created new entity instance [org.frcpm.models.Project(959662395555000)#72] : 682535818
10:24:06.122 [main] DEBUG org.hibernate.orm.results - Extracted JDBC value [1] - [null]
10:24:06.122 [main] DEBUG org.hibernate.orm.results - Extracted JDBC value [2] - [2025-06-06]
10:24:06.122 [main] DEBUG org.hibernate.orm.results - Extracted JDBC value [3] - [2025-06-20]
10:24:06.122 [main] DEBUG org.hibernate.orm.results - Extracted JDBC value [4] - [Test Task Project]
10:24:06.122 [main] DEBUG org.hibernate.orm.results - Extracted JDBC value [5] - [2025-04-25]
10:24:06.122 [main] DEBUG org.hibernate.orm.results.loading.entity - (EntityResultInitializer) Done materializing entityInstance : org.frcpm.models.Project(959662395555000)#72
10:24:06.122 [main] DEBUG org.hibernate.orm.results.loading - Calling top-level assembler (0 / 1) : org.hibernate.sql.results.graph.entity.internal.EntityAssembler@1164d004
10:24:06.122 [main] DEBUG org.hibernate.orm.results - Extracted JDBC value [0] - [73]
10:24:06.122 [main] DEBUG org.hibernate.orm.results.loading.entity - (EntityResultInitializer) Hydrated EntityKey (org.frcpm.models.Project(959662395555000)): 73
10:24:06.122 [main] DEBUG org.hibernate.orm.results.loading.org.hibernate.orm.results.loading.collection - (DelayedCollectionInitializer) Current row collection key : org.frcpm.models.Project(959662395555000).meetings#73
10:24:06.122 [main] DEBUG org.hibernate.orm.results.loading.org.hibernate.orm.results.loading.collection - (DelayedCollectionInitializer) Current row collection key : org.frcpm.models.Project(959662395555000).milestones#73
10:24:06.122 [main] DEBUG org.hibernate.orm.results.loading.org.hibernate.orm.results.loading.collection - (DelayedCollectionInitializer) Current row collection key : org.frcpm.models.Project(959662395555000).tasks#73
10:24:06.122 [main] DEBUG org.hibernate.orm.results.loading.entity - (EntityResultInitializer) Created new entity instance [org.frcpm.models.Project(959662395555000)#73] : 1174972529
10:24:06.122 [main] DEBUG org.hibernate.orm.results - Extracted JDBC value [1] - [null]
10:24:06.122 [main] DEBUG org.hibernate.orm.results - Extracted JDBC value [2] - [2025-06-06]
10:24:06.122 [main] DEBUG org.hibernate.orm.results - Extracted JDBC value [3] - [2025-06-20]
10:24:06.122 [main] DEBUG org.hibernate.orm.results - Extracted JDBC value [4] - [Test Task Project]
10:24:06.124 [main] DEBUG org.hibernate.orm.results - Extracted JDBC value [5] - [2025-04-25]
10:24:06.124 [main] DEBUG org.hibernate.orm.results.loading.entity - (EntityResultInitializer) Done materializing entityInstance : org.frcpm.models.Project(959662395555000)#73
10:24:06.124 [main] DEBUG org.hibernate.orm.results.loading - Calling top-level assembler (0 / 1) : org.hibernate.sql.results.graph.entity.internal.EntityAssembler@1164d004
10:24:06.124 [main] DEBUG org.hibernate.orm.results - Extracted JDBC value [0] - [74]
10:24:06.124 [main] DEBUG org.hibernate.orm.results.loading.entity - (EntityResultInitializer) Hydrated EntityKey (org.frcpm.models.Project(959662395555000)): 74
10:24:06.124 [main] DEBUG org.hibernate.orm.results.loading.org.hibernate.orm.results.loading.collection - (DelayedCollectionInitializer) Current row collection key : org.frcpm.models.Project(959662395555000).meetings#74
10:24:06.124 [main] DEBUG org.hibernate.orm.results.loading.org.hibernate.orm.results.loading.collection - (DelayedCollectionInitializer) Current row collection key : org.frcpm.models.Project(959662395555000).milestones#74
10:24:06.124 [main] DEBUG org.hibernate.orm.results.loading.org.hibernate.orm.results.loading.collection - (DelayedCollectionInitializer) Current row collection key : org.frcpm.models.Project(959662395555000).tasks#74
10:24:06.124 [main] DEBUG org.hibernate.orm.results.loading.entity - (EntityResultInitializer) Created new entity instance [org.frcpm.models.Project(959662395555000)#74] : 950500891
10:24:06.124 [main] DEBUG org.hibernate.orm.results - Extracted JDBC value [1] - [null]
10:24:06.124 [main] DEBUG org.hibernate.orm.results - Extracted JDBC value [2] - [2025-06-06]
10:24:06.124 [main] DEBUG org.hibernate.orm.results - Extracted JDBC value [3] - [2025-06-20]
10:24:06.124 [main] DEBUG org.hibernate.orm.results - Extracted JDBC value [4] - [Test Task Project]
10:24:06.124 [main] DEBUG org.hibernate.orm.results - Extracted JDBC value [5] - [2025-04-25]
10:24:06.124 [main] DEBUG org.hibernate.orm.results.loading.entity - (EntityResultInitializer) Done materializing entityInstance : org.frcpm.models.Project(959662395555000)#74
10:24:06.124 [main] DEBUG org.hibernate.orm.results.loading - Calling top-level assembler (0 / 1) : org.hibernate.sql.results.graph.entity.internal.EntityAssembler@1164d004
10:24:06.124 [main] DEBUG org.hibernate.orm.results - Extracted JDBC value [0] - [75]
10:24:06.124 [main] DEBUG org.hibernate.orm.results.loading.entity - (EntityResultInitializer) Hydrated EntityKey (org.frcpm.models.Project(959662395555000)): 75
10:24:06.124 [main] DEBUG org.hibernate.orm.results.loading.org.hibernate.orm.results.loading.collection - (DelayedCollectionInitializer) Current row collection key : org.frcpm.models.Project(959662395555000).meetings#75
10:24:06.124 [main] DEBUG org.hibernate.orm.results.loading.org.hibernate.orm.results.loading.collection - (DelayedCollectionInitializer) Current row collection key : org.frcpm.models.Project(959662395555000).milestones#75
10:24:06.124 [main] DEBUG org.hibernate.orm.results.loading.org.hibernate.orm.results.loading.collection - (DelayedCollectionInitializer) Current row collection key : org.frcpm.models.Project(959662395555000).tasks#75
10:24:06.124 [main] DEBUG org.hibernate.orm.results.loading.entity - (EntityResultInitializer) Created new entity instance [org.frcpm.models.Project(959662395555000)#75] : 1821469566
10:24:06.124 [main] DEBUG org.hibernate.orm.results - Extracted JDBC value [1] - [null]
10:24:06.124 [main] DEBUG org.hibernate.orm.results - Extracted JDBC value [2] - [2025-06-06]
10:24:06.125 [main] DEBUG org.hibernate.orm.results - Extracted JDBC value [3] - [2025-06-20]
10:24:06.125 [main] DEBUG org.hibernate.orm.results - Extracted JDBC value [4] - [Test Task Project]
10:24:06.125 [main] DEBUG org.hibernate.orm.results - Extracted JDBC value [5] - [2025-04-25]
10:24:06.125 [main] DEBUG org.hibernate.orm.results.loading.entity - (EntityResultInitializer) Done materializing entityInstance : org.frcpm.models.Project(959662395555000)#75
10:24:06.125 [main] DEBUG org.hibernate.orm.results.loading - Calling top-level assembler (0 / 1) : org.hibernate.sql.results.graph.entity.internal.EntityAssembler@1164d004
10:24:06.125 [main] DEBUG org.hibernate.orm.results - Extracted JDBC value [0] - [76]
10:24:06.125 [main] DEBUG org.hibernate.orm.results.loading.entity - (EntityResultInitializer) Hydrated EntityKey (org.frcpm.models.Project(959662395555000)): 76
10:24:06.125 [main] DEBUG org.hibernate.orm.results.loading.org.hibernate.orm.results.loading.collection - (DelayedCollectionInitializer) Current row collection key : org.frcpm.models.Project(959662395555000).meetings#76
10:24:06.125 [main] DEBUG org.hibernate.orm.results.loading.org.hibernate.orm.results.loading.collection - (DelayedCollectionInitializer) Current row collection key : org.frcpm.models.Project(959662395555000).milestones#76
10:24:06.125 [main] DEBUG org.hibernate.orm.results.loading.org.hibernate.orm.results.loading.collection - (DelayedCollectionInitializer) Current row collection key : org.frcpm.models.Project(959662395555000).tasks#76
10:24:06.125 [main] DEBUG org.hibernate.orm.results.loading.entity - (EntityResultInitializer) Created new entity instance [org.frcpm.models.Project(959662395555000)#76] : 201350498
10:24:06.125 [main] DEBUG org.hibernate.orm.results - Extracted JDBC value [1] - [null]
10:24:06.125 [main] DEBUG org.hibernate.orm.results - Extracted JDBC value [2] - [2025-06-06]
10:24:06.125 [main] DEBUG org.hibernate.orm.results - Extracted JDBC value [3] - [2025-06-20]
10:24:06.125 [main] DEBUG org.hibernate.orm.results - Extracted JDBC value [4] - [Test Task Project]
10:24:06.125 [main] DEBUG org.hibernate.orm.results - Extracted JDBC value [5] - [2025-04-25]
10:24:06.125 [main] DEBUG org.hibernate.orm.results.loading.entity - (EntityResultInitializer) Done materializing entityInstance : org.frcpm.models.Project(959662395555000)#76
10:24:06.125 [main] DEBUG org.hibernate.orm.results.loading - Calling top-level assembler (0 / 1) : org.hibernate.sql.results.graph.entity.internal.EntityAssembler@1164d004
10:24:06.126 [main] DEBUG org.hibernate.orm.results - Extracted JDBC value [0] - [77]
10:24:06.126 [main] DEBUG org.hibernate.orm.results.loading.entity - (EntityResultInitializer) Hydrated EntityKey (org.frcpm.models.Project(959662395555000)): 77
10:24:06.126 [main] DEBUG org.hibernate.orm.results.loading.org.hibernate.orm.results.loading.collection - (DelayedCollectionInitializer) Current row collection key : org.frcpm.models.Project(959662395555000).meetings#77
10:24:06.126 [main] DEBUG org.hibernate.orm.results.loading.org.hibernate.orm.results.loading.collection - (DelayedCollectionInitializer) Current row collection key : org.frcpm.models.Project(959662395555000).milestones#77
10:24:06.126 [main] DEBUG org.hibernate.orm.results.loading.org.hibernate.orm.results.loading.collection - (DelayedCollectionInitializer) Current row collection key : org.frcpm.models.Project(959662395555000).tasks#77
10:24:06.126 [main] DEBUG org.hibernate.orm.results.loading.entity - (EntityResultInitializer) Created new entity instance [org.frcpm.models.Project(959662395555000)#77] : 1967943387
10:24:06.126 [main] DEBUG org.hibernate.orm.results - Extracted JDBC value [1] - [null]
10:24:06.126 [main] DEBUG org.hibernate.orm.results - Extracted JDBC value [2] - [2025-06-06]
10:24:06.126 [main] DEBUG org.hibernate.orm.results - Extracted JDBC value [3] - [2025-06-20]
10:24:06.126 [main] DEBUG org.hibernate.orm.results - Extracted JDBC value [4] - [Test Task Project]
10:24:06.126 [main] DEBUG org.hibernate.orm.results - Extracted JDBC value [5] - [2025-04-25]
10:24:06.126 [main] DEBUG org.hibernate.orm.results.loading.entity - (EntityResultInitializer) Done materializing entityInstance : org.frcpm.models.Project(959662395555000)#77
10:24:06.126 [main] DEBUG org.hibernate.orm.results.loading - Calling top-level assembler (0 / 1) : org.hibernate.sql.results.graph.entity.internal.EntityAssembler@1164d004
10:24:06.126 [main] DEBUG org.hibernate.orm.results - Extracted JDBC value [0] - [78]
10:24:06.126 [main] DEBUG org.hibernate.orm.results.loading.entity - (EntityResultInitializer) Hydrated EntityKey (org.frcpm.models.Project(959662395555000)): 78
10:24:06.126 [main] DEBUG org.hibernate.orm.results.loading.org.hibernate.orm.results.loading.collection - (DelayedCollectionInitializer) Current row collection key : org.frcpm.models.Project(959662395555000).meetings#78
10:24:06.127 [main] DEBUG org.hibernate.orm.results.loading.org.hibernate.orm.results.loading.collection - (DelayedCollectionInitializer) Current row collection key : org.frcpm.models.Project(959662395555000).milestones#78
10:24:06.127 [main] DEBUG org.hibernate.orm.results.loading.org.hibernate.orm.results.loading.collection - (DelayedCollectionInitializer) Current row collection key : org.frcpm.models.Project(959662395555000).tasks#78
10:24:06.127 [main] DEBUG org.hibernate.orm.results.loading.entity - (EntityResultInitializer) Created new entity instance [org.frcpm.models.Project(959662395555000)#78] : 1459495475
10:24:06.127 [main] DEBUG org.hibernate.orm.results - Extracted JDBC value [1] - [null]
10:24:06.127 [main] DEBUG org.hibernate.orm.results - Extracted JDBC value [2] - [2025-06-06]
10:24:06.127 [main] DEBUG org.hibernate.orm.results - Extracted JDBC value [3] - [2025-06-20]
10:24:06.127 [main] DEBUG org.hibernate.orm.results - Extracted JDBC value [4] - [Test Task Project]
10:24:06.127 [main] DEBUG org.hibernate.orm.results - Extracted JDBC value [5] - [2025-04-25]
10:24:06.128 [main] DEBUG org.hibernate.orm.results.loading.entity - (EntityResultInitializer) Done materializing entityInstance : org.frcpm.models.Project(959662395555000)#78
10:24:06.128 [main] DEBUG org.hibernate.orm.results.loading - Calling top-level assembler (0 / 1) : org.hibernate.sql.results.graph.entity.internal.EntityAssembler@1164d004
10:24:06.128 [main] DEBUG org.hibernate.orm.results - Extracted JDBC value [0] - [79]
10:24:06.128 [main] DEBUG org.hibernate.orm.results.loading.entity - (EntityResultInitializer) Hydrated EntityKey (org.frcpm.models.Project(959662395555000)): 79
10:24:06.128 [main] DEBUG org.hibernate.orm.results.loading.org.hibernate.orm.results.loading.collection - (DelayedCollectionInitializer) Current row collection key : org.frcpm.models.Project(959662395555000).meetings#79
10:24:06.128 [main] DEBUG org.hibernate.orm.results.loading.org.hibernate.orm.results.loading.collection - (DelayedCollectionInitializer) Current row collection key : org.frcpm.models.Project(959662395555000).milestones#79
10:24:06.128 [main] DEBUG org.hibernate.orm.results.loading.org.hibernate.orm.results.loading.collection - (DelayedCollectionInitializer) Current row collection key : org.frcpm.models.Project(959662395555000).tasks#79
10:24:06.128 [main] DEBUG org.hibernate.orm.results.loading.entity - (EntityResultInitializer) Created new entity instance [org.frcpm.models.Project(959662395555000)#79] : 2063540131
10:24:06.128 [main] DEBUG org.hibernate.orm.results - Extracted JDBC value [1] - [null]
10:24:06.128 [main] DEBUG org.hibernate.orm.results - Extracted JDBC value [2] - [2025-06-06]
10:24:06.128 [main] DEBUG org.hibernate.orm.results - Extracted JDBC value [3] - [2025-06-20]
10:24:06.128 [main] DEBUG org.hibernate.orm.results - Extracted JDBC value [4] - [Test Task Project]
10:24:06.128 [main] DEBUG org.hibernate.orm.results - Extracted JDBC value [5] - [2025-04-25]
10:24:06.129 [main] DEBUG org.hibernate.orm.results.loading.entity - (EntityResultInitializer) Done materializing entityInstance : org.frcpm.models.Project(959662395555000)#79
10:24:06.129 [main] DEBUG org.hibernate.orm.results.loading - Calling top-level assembler (0 / 1) : org.hibernate.sql.results.graph.entity.internal.EntityAssembler@1164d004
10:24:06.129 [main] DEBUG org.hibernate.orm.results - Extracted JDBC value [0] - [80]
10:24:06.129 [main] DEBUG org.hibernate.orm.results.loading.entity - (EntityResultInitializer) Hydrated EntityKey (org.frcpm.models.Project(959662395555000)): 80
10:24:06.129 [main] DEBUG org.hibernate.orm.results.loading.org.hibernate.orm.results.loading.collection - (DelayedCollectionInitializer) Current row collection key : org.frcpm.models.Project(959662395555000).meetings#80
10:24:06.129 [main] DEBUG org.hibernate.orm.results.loading.org.hibernate.orm.results.loading.collection - (DelayedCollectionInitializer) Current row collection key : org.frcpm.models.Project(959662395555000).milestones#80
10:24:06.129 [main] DEBUG org.hibernate.orm.results.loading.org.hibernate.orm.results.loading.collection - (DelayedCollectionInitializer) Current row collection key : org.frcpm.models.Project(959662395555000).tasks#80
10:24:06.129 [main] DEBUG org.hibernate.orm.results.loading.entity - (EntityResultInitializer) Created new entity instance [org.frcpm.models.Project(959662395555000)#80] : 1418493611
10:24:06.129 [main] DEBUG org.hibernate.orm.results - Extracted JDBC value [1] - [null]
10:24:06.130 [main] DEBUG org.hibernate.orm.results - Extracted JDBC value [2] - [2025-06-06]
10:24:06.130 [main] DEBUG org.hibernate.orm.results - Extracted JDBC value [3] - [2025-06-20]
10:24:06.130 [main] DEBUG org.hibernate.orm.results - Extracted JDBC value [4] - [Test Task Project]
10:24:06.130 [main] DEBUG org.hibernate.orm.results - Extracted JDBC value [5] - [2025-04-25]
10:24:06.130 [main] DEBUG org.hibernate.orm.results.loading.entity - (EntityResultInitializer) Done materializing entityInstance : org.frcpm.models.Project(959662395555000)#80
10:24:06.130 [main] DEBUG org.hibernate.orm.results.loading - Calling top-level assembler (0 / 1) : org.hibernate.sql.results.graph.entity.internal.EntityAssembler@1164d004
10:24:06.130 [main] DEBUG org.hibernate.orm.results - Extracted JDBC value [0] - [81]
10:24:06.130 [main] DEBUG org.hibernate.orm.results.loading.entity - (EntityResultInitializer) Hydrated EntityKey (org.frcpm.models.Project(959662395555000)): 81
10:24:06.130 [main] DEBUG org.hibernate.orm.results.loading.org.hibernate.orm.results.loading.collection - (DelayedCollectionInitializer) Current row collection key : org.frcpm.models.Project(959662395555000).meetings#81
10:24:06.130 [main] DEBUG org.hibernate.orm.results.loading.org.hibernate.orm.results.loading.collection - (DelayedCollectionInitializer) Current row collection key : org.frcpm.models.Project(959662395555000).milestones#81
10:24:06.130 [main] DEBUG org.hibernate.orm.results.loading.org.hibernate.orm.results.loading.collection - (DelayedCollectionInitializer) Current row collection key : org.frcpm.models.Project(959662395555000).tasks#81
10:24:06.130 [main] DEBUG org.hibernate.orm.results.loading.entity - (EntityResultInitializer) Created new entity instance [org.frcpm.models.Project(959662395555000)#81] : 68600462
10:24:06.131 [main] DEBUG org.hibernate.orm.results - Extracted JDBC value [1] - [null]
10:24:06.131 [main] DEBUG org.hibernate.orm.results - Extracted JDBC value [2] - [2025-06-06]
10:24:06.131 [main] DEBUG org.hibernate.orm.results - Extracted JDBC value [3] - [2025-06-20]
10:24:06.131 [main] DEBUG org.hibernate.orm.results - Extracted JDBC value [4] - [Test Task Project]
10:24:06.131 [main] DEBUG org.hibernate.orm.results - Extracted JDBC value [5] - [2025-04-25]
10:24:06.131 [main] DEBUG org.hibernate.orm.results.loading.entity - (EntityResultInitializer) Done materializing entityInstance : org.frcpm.models.Project(959662395555000)#81
10:24:06.131 [main] DEBUG org.hibernate.orm.results.loading - Calling top-level assembler (0 / 1) : org.hibernate.sql.results.graph.entity.internal.EntityAssembler@1164d004
10:24:06.131 [main] DEBUG org.hibernate.orm.results - Extracted JDBC value [0] - [82]
10:24:06.131 [main] DEBUG org.hibernate.orm.results.loading.entity - (EntityResultInitializer) Hydrated EntityKey (org.frcpm.models.Project(959662395555000)): 82
10:24:06.131 [main] DEBUG org.hibernate.orm.results.loading.org.hibernate.orm.results.loading.collection - (DelayedCollectionInitializer) Current row collection key : org.frcpm.models.Project(959662395555000).meetings#82
10:24:06.131 [main] DEBUG org.hibernate.orm.results.loading.org.hibernate.orm.results.loading.collection - (DelayedCollectionInitializer) Current row collection key : org.frcpm.models.Project(959662395555000).milestones#82
10:24:06.131 [main] DEBUG org.hibernate.orm.results.loading.org.hibernate.orm.results.loading.collection - (DelayedCollectionInitializer) Current row collection key : org.frcpm.models.Project(959662395555000).tasks#82
10:24:06.131 [main] DEBUG org.hibernate.orm.results.loading.entity - (EntityResultInitializer) Created new entity instance [org.frcpm.models.Project(959662395555000)#82] : 401072030
10:24:06.131 [main] DEBUG org.hibernate.orm.results - Extracted JDBC value [1] - [null]
10:24:06.131 [main] DEBUG org.hibernate.orm.results - Extracted JDBC value [2] - [2025-06-06]
10:24:06.131 [main] DEBUG org.hibernate.orm.results - Extracted JDBC value [3] - [2025-06-20]
10:24:06.131 [main] DEBUG org.hibernate.orm.results - Extracted JDBC value [4] - [Test Task Project]
10:24:06.131 [main] DEBUG org.hibernate.orm.results - Extracted JDBC value [5] - [2025-04-25]
10:24:06.131 [main] DEBUG org.hibernate.orm.results.loading.entity - (EntityResultInitializer) Done materializing entityInstance : org.frcpm.models.Project(959662395555000)#82
10:24:06.132 [main] DEBUG org.hibernate.orm.results.loading - Calling top-level assembler (0 / 1) : org.hibernate.sql.results.graph.entity.internal.EntityAssembler@1164d004
10:24:06.132 [main] DEBUG org.hibernate.orm.results - Extracted JDBC value [0] - [104]
10:24:06.132 [main] DEBUG org.hibernate.orm.results.loading.entity - (EntityResultInitializer) Hydrated EntityKey (org.frcpm.models.Project(959662395555000)): 104
10:24:06.132 [main] DEBUG org.hibernate.orm.results.loading.org.hibernate.orm.results.loading.collection - (DelayedCollectionInitializer) Current row collection key : org.frcpm.models.Project(959662395555000).meetings#104
10:24:06.132 [main] DEBUG org.hibernate.orm.results.loading.org.hibernate.orm.results.loading.collection - (DelayedCollectionInitializer) Current row collection key : org.frcpm.models.Project(959662395555000).milestones#104
10:24:06.132 [main] DEBUG org.hibernate.orm.results.loading.org.hibernate.orm.results.loading.collection - (DelayedCollectionInitializer) Current row collection key : org.frcpm.models.Project(959662395555000).tasks#104
10:24:06.132 [main] DEBUG org.hibernate.orm.results.loading.entity - (EntityResultInitializer) Created new entity instance [org.frcpm.models.Project(959662395555000)#104] : 1836200613
10:24:06.132 [main] DEBUG org.hibernate.orm.results - Extracted JDBC value [1] - [null]
10:24:06.133 [main] DEBUG org.hibernate.orm.results - Extracted JDBC value [2] - [2025-06-06]
10:24:06.133 [main] DEBUG org.hibernate.orm.results - Extracted JDBC value [3] - [2025-06-20]
10:24:06.134 [main] DEBUG org.hibernate.orm.results - Extracted JDBC value [4] - [Component Test Project]
10:24:06.134 [main] DEBUG org.hibernate.orm.results - Extracted JDBC value [5] - [2025-04-25]
10:24:06.134 [main] DEBUG org.hibernate.orm.results.loading.entity - (EntityResultInitializer) Done materializing entityInstance : org.frcpm.models.Project(959662395555000)#104
10:24:06.134 [main] DEBUG org.hibernate.orm.results.loading - Calling top-level assembler (0 / 1) : org.hibernate.sql.results.graph.entity.internal.EntityAssembler@1164d004
10:24:06.134 [main] DEBUG org.hibernate.orm.results - Extracted JDBC value [0] - [135]
10:24:06.134 [main] DEBUG org.hibernate.orm.results.loading.entity - (EntityResultInitializer) Hydrated EntityKey (org.frcpm.models.Project(959662395555000)): 135
10:24:06.134 [main] DEBUG org.hibernate.orm.results.loading.org.hibernate.orm.results.loading.collection - (DelayedCollectionInitializer) Current row collection key : org.frcpm.models.Project(959662395555000).meetings#135
10:24:06.134 [main] DEBUG org.hibernate.orm.results.loading.org.hibernate.orm.results.loading.collection - (DelayedCollectionInitializer) Current row collection key : org.frcpm.models.Project(959662395555000).milestones#135
10:24:06.134 [main] DEBUG org.hibernate.orm.results.loading.org.hibernate.orm.results.loading.collection - (DelayedCollectionInitializer) Current row collection key : org.frcpm.models.Project(959662395555000).tasks#135
10:24:06.135 [main] DEBUG org.hibernate.orm.results.loading.entity - (EntityResultInitializer) Created new entity instance [org.frcpm.models.Project(959662395555000)#135] : 59796969
10:24:06.135 [main] DEBUG org.hibernate.orm.results - Extracted JDBC value [1] - [null]
10:24:06.135 [main] DEBUG org.hibernate.orm.results - Extracted JDBC value [2] - [2025-05-23]
10:24:06.136 [main] DEBUG org.hibernate.orm.results - Extracted JDBC value [3] - [2025-06-06]
10:24:06.136 [main] DEBUG org.hibernate.orm.results - Extracted JDBC value [4] - [Test Create Service Project]
10:24:06.136 [main] DEBUG org.hibernate.orm.results - Extracted JDBC value [5] - [2025-04-25]
10:24:06.136 [main] DEBUG org.hibernate.orm.results.loading.entity - (EntityResultInitializer) Done materializing entityInstance : org.frcpm.models.Project(959662395555000)#135
10:24:06.136 [main] DEBUG org.hibernate.orm.results.loading - Calling top-level assembler (0 / 1) : org.hibernate.sql.results.graph.entity.internal.EntityAssembler@1164d004
10:24:06.137 [main] DEBUG org.hibernate.orm.results - Extracted JDBC value [0] - [142]
10:24:06.137 [main] DEBUG org.hibernate.orm.results.loading.entity - (EntityResultInitializer) Hydrated EntityKey (org.frcpm.models.Project(959662395555000)): 142
10:24:06.137 [main] DEBUG org.hibernate.orm.results.loading.org.hibernate.orm.results.loading.collection - (DelayedCollectionInitializer) Current row collection key : org.frcpm.models.Project(959662395555000).meetings#142
10:24:06.137 [main] DEBUG org.hibernate.orm.results.loading.org.hibernate.orm.results.loading.collection - (DelayedCollectionInitializer) Current row collection key : org.frcpm.models.Project(959662395555000).milestones#142
10:24:06.137 [main] DEBUG org.hibernate.orm.results.loading.org.hibernate.orm.results.loading.collection - (DelayedCollectionInitializer) Current row collection key : org.frcpm.models.Project(959662395555000).tasks#142
10:24:06.138 [main] DEBUG org.hibernate.orm.results.loading.entity - (EntityResultInitializer) Created new entity instance [org.frcpm.models.Project(959662395555000)#142] : 503176698
10:24:06.138 [main] DEBUG org.hibernate.orm.results - Extracted JDBC value [1] - [Updated description]
10:24:06.139 [main] DEBUG org.hibernate.orm.results - Extracted JDBC value [2] - [2025-05-23]
10:24:06.139 [main] DEBUG org.hibernate.orm.results - Extracted JDBC value [3] - [2025-06-06]
10:24:06.139 [main] DEBUG org.hibernate.orm.results - Extracted JDBC value [4] - [Updated Service Project Name]
10:24:06.139 [main] DEBUG org.hibernate.orm.results - Extracted JDBC value [5] - [2025-04-25]
10:24:06.139 [main] DEBUG org.hibernate.orm.results.loading.entity - (EntityResultInitializer) Done materializing entityInstance : org.frcpm.models.Project(959662395555000)#142
10:24:06.139 [main] DEBUG org.hibernate.orm.results.loading - Calling top-level assembler (0 / 1) : org.hibernate.sql.results.graph.entity.internal.EntityAssembler@1164d004
10:24:06.139 [main] DEBUG org.hibernate.orm.results - Extracted JDBC value [0] - [148]
10:24:06.139 [main] DEBUG org.hibernate.orm.results.loading.entity - (EntityResultInitializer) Hydrated EntityKey (org.frcpm.models.Project(959662395555000)): 148
10:24:06.139 [main] DEBUG org.hibernate.orm.results.loading.org.hibernate.orm.results.loading.collection - (DelayedCollectionInitializer) Current row collection key : org.frcpm.models.Project(959662395555000).meetings#148
10:24:06.139 [main] DEBUG org.hibernate.orm.results.loading.org.hibernate.orm.results.loading.collection - (DelayedCollectionInitializer) Current row collection key : org.frcpm.models.Project(959662395555000).milestones#148
10:24:06.139 [main] DEBUG org.hibernate.orm.results.loading.org.hibernate.orm.results.loading.collection - (DelayedCollectionInitializer) Current row collection key : org.frcpm.models.Project(959662395555000).tasks#148
10:24:06.140 [main] DEBUG org.hibernate.orm.results.loading.entity - (EntityResultInitializer) Created new entity instance [org.frcpm.models.Project(959662395555000)#148] : 2109521019
10:24:06.140 [main] DEBUG org.hibernate.orm.results - Extracted JDBC value [1] - [null]
10:24:06.140 [main] DEBUG org.hibernate.orm.results - Extracted JDBC value [2] - [2025-05-23]
10:24:06.140 [main] DEBUG org.hibernate.orm.results - Extracted JDBC value [3] - [2025-06-06]
10:24:06.140 [main] DEBUG org.hibernate.orm.results - Extracted JDBC value [4] - [Test Summary Project]
10:24:06.140 [main] DEBUG org.hibernate.orm.results - Extracted JDBC value [5] - [2025-04-25]
10:24:06.141 [main] DEBUG org.hibernate.orm.results.loading.entity - (EntityResultInitializer) Done materializing entityInstance : org.frcpm.models.Project(959662395555000)#148
10:24:06.141 [main] DEBUG org.hibernate.orm.results.loading - Calling top-level assembler (0 / 1) : org.hibernate.sql.results.graph.entity.internal.EntityAssembler@1164d004
10:24:06.141 [main] DEBUG org.hibernate.resource.jdbc.internal.LogicalConnectionManagedImpl - Initiating JDBC connection release from afterTransaction
10:24:06.141 [main] DEBUG org.hibernate.resource.jdbc.internal.LogicalConnectionManagedImpl - Initiating JDBC connection release from afterTransaction
]]></system-out>
  </testcase>
  <testcase name="testHandleCloseProject" classname="org.frcpm.controllers.MainControllerTest" time="0.02">
    <system-out><![CDATA[10:24:06.146 [main] DEBUG org.hibernate.orm.sql.ast.create - Created new SQL alias : p1_0
10:24:06.146 [main] DEBUG org.hibernate.orm.sql.ast.create - Registration of TableGroup [StandardTableGroup(org.frcpm.models.Project(959662431885800))] with identifierForTableGroup [org.frcpm.models.Project] for NavigablePath [org.frcpm.models.Project] 
10:24:06.147 [main] DEBUG org.hibernate.orm.results.graph.AST - DomainResult Graph:
 \-EntityResultImpl [org.frcpm.models.Project(959662431885800)]
 |  +-BasicFetch [org.frcpm.models.Project(959662431885800).description]
 |  +-BasicFetch [org.frcpm.models.Project(959662431885800).goalEndDate]
 |  +-BasicFetch [org.frcpm.models.Project(959662431885800).hardDeadline]
 |  +-DelayedCollectionFetch [org.frcpm.models.Project(959662431885800).meetings]
 |  +-DelayedCollectionFetch [org.frcpm.models.Project(959662431885800).milestones]
 |  +-BasicFetch [org.frcpm.models.Project(959662431885800).name]
 |  +-BasicFetch [org.frcpm.models.Project(959662431885800).startDate]
 |  \-DelayedCollectionFetch [org.frcpm.models.Project(959662431885800).tasks]

10:24:06.147 [main] DEBUG org.hibernate.orm.sql.ast.tree - SQL AST Tree:
    SelectStatement {
      FromClause {
        StandardTableGroup (p1 : org.frcpm.models.Project(959662431885800)) {
          primaryTableReference : projects as p1_0
        }
      }
    }

10:24:06.147 [main] DEBUG org.hibernate.orm.sql.exec - Skipping reading Query result cache data: cache-enabled = false, cache-mode = NORMAL
10:24:06.147 [main] DEBUG org.hibernate.orm.results - Initializer list:
	  org.frcpm.models.Project(959662431885800).tasks -> DelayedCollectionInitializer(org.frcpm.models.Project(959662431885800).tasks)@252922318 (PluralAttribute(org.frcpm.models.Project.tasks))
	  org.frcpm.models.Project(959662431885800).meetings -> DelayedCollectionInitializer(org.frcpm.models.Project(959662431885800).meetings)@1810271930 (PluralAttribute(org.frcpm.models.Project.meetings))
	  org.frcpm.models.Project(959662431885800) -> EntityResultInitializer(org.frcpm.models.Project(959662431885800))@952219856 (SingleTableEntityPersister(org.frcpm.models.Project))
	  org.frcpm.models.Project(959662431885800).milestones -> DelayedCollectionInitializer(org.frcpm.models.Project(959662431885800).milestones)@715295233 (PluralAttribute(org.frcpm.models.Project.milestones))

10:24:06.148 [main] DEBUG org.hibernate.SQL - select p1_0.id,p1_0.description,p1_0.goal_end_date,p1_0.hard_deadline,p1_0.name,p1_0.start_date from projects p1_0
10:24:06.148 [main] DEBUG org.hibernate.orm.results - Extracted JDBC value [0] - [1]
10:24:06.148 [main] DEBUG org.hibernate.orm.results.loading.entity - (EntityResultInitializer) Hydrated EntityKey (org.frcpm.models.Project(959662431885800)): 1
10:24:06.148 [main] DEBUG org.hibernate.orm.results.loading.org.hibernate.orm.results.loading.collection - (DelayedCollectionInitializer) Current row collection key : org.frcpm.models.Project(959662431885800).meetings#1
10:24:06.148 [main] DEBUG org.hibernate.orm.results.loading.org.hibernate.orm.results.loading.collection - (DelayedCollectionInitializer) Current row collection key : org.frcpm.models.Project(959662431885800).milestones#1
10:24:06.148 [main] DEBUG org.hibernate.orm.results.loading.org.hibernate.orm.results.loading.collection - (DelayedCollectionInitializer) Current row collection key : org.frcpm.models.Project(959662431885800).tasks#1
10:24:06.149 [main] DEBUG org.hibernate.orm.results.loading.entity - (EntityResultInitializer) Created new entity instance [org.frcpm.models.Project(959662431885800)#1] : 1435763287
10:24:06.149 [main] DEBUG org.hibernate.orm.results - Extracted JDBC value [1] - [Competition robot for the 2025 FIRST Robotics Competition]
10:24:06.149 [main] DEBUG org.hibernate.orm.results - Extracted JDBC value [2] - [2025-06-12]
10:24:06.151 [main] DEBUG org.hibernate.orm.results - Extracted JDBC value [3] - [2025-06-26]
10:24:06.151 [main] DEBUG org.hibernate.orm.results - Extracted JDBC value [4] - [FRC 2025 Robot]
10:24:06.151 [main] DEBUG org.hibernate.orm.results - Extracted JDBC value [5] - [2025-05-01]
10:24:06.151 [main] DEBUG org.hibernate.orm.results.loading.entity - (EntityResultInitializer) Done materializing entityInstance : org.frcpm.models.Project(959662431885800)#1
10:24:06.152 [main] DEBUG org.hibernate.orm.results.loading - Calling top-level assembler (0 / 1) : org.hibernate.sql.results.graph.entity.internal.EntityAssembler@278e4dc4
10:24:06.152 [main] DEBUG org.hibernate.orm.results - Extracted JDBC value [0] - [51]
10:24:06.152 [main] DEBUG org.hibernate.orm.results.loading.entity - (EntityResultInitializer) Hydrated EntityKey (org.frcpm.models.Project(959662431885800)): 51
10:24:06.152 [main] DEBUG org.hibernate.orm.results.loading.org.hibernate.orm.results.loading.collection - (DelayedCollectionInitializer) Current row collection key : org.frcpm.models.Project(959662431885800).meetings#51
10:24:06.153 [main] DEBUG org.hibernate.orm.results.loading.org.hibernate.orm.results.loading.collection - (DelayedCollectionInitializer) Current row collection key : org.frcpm.models.Project(959662431885800).milestones#51
10:24:06.153 [main] DEBUG org.hibernate.orm.results.loading.org.hibernate.orm.results.loading.collection - (DelayedCollectionInitializer) Current row collection key : org.frcpm.models.Project(959662431885800).tasks#51
10:24:06.153 [main] DEBUG org.hibernate.orm.results.loading.entity - (EntityResultInitializer) Created new entity instance [org.frcpm.models.Project(959662431885800)#51] : 264051227
10:24:06.154 [main] DEBUG org.hibernate.orm.results - Extracted JDBC value [1] - [null]
10:24:06.154 [main] DEBUG org.hibernate.orm.results - Extracted JDBC value [2] - [2025-05-23]
10:24:06.154 [main] DEBUG org.hibernate.orm.results - Extracted JDBC value [3] - [2025-06-06]
10:24:06.154 [main] DEBUG org.hibernate.orm.results - Extracted JDBC value [4] - [Test Count Project]
10:24:06.154 [main] DEBUG org.hibernate.orm.results - Extracted JDBC value [5] - [2025-04-25]
10:24:06.155 [main] DEBUG org.hibernate.orm.results.loading.entity - (EntityResultInitializer) Done materializing entityInstance : org.frcpm.models.Project(959662431885800)#51
10:24:06.155 [main] DEBUG org.hibernate.orm.results.loading - Calling top-level assembler (0 / 1) : org.hibernate.sql.results.graph.entity.internal.EntityAssembler@278e4dc4
10:24:06.155 [main] DEBUG org.hibernate.orm.results - Extracted JDBC value [0] - [54]
10:24:06.155 [main] DEBUG org.hibernate.orm.results.loading.entity - (EntityResultInitializer) Hydrated EntityKey (org.frcpm.models.Project(959662431885800)): 54
10:24:06.155 [main] DEBUG org.hibernate.orm.results.loading.org.hibernate.orm.results.loading.collection - (DelayedCollectionInitializer) Current row collection key : org.frcpm.models.Project(959662431885800).meetings#54
10:24:06.155 [main] DEBUG org.hibernate.orm.results.loading.org.hibernate.orm.results.loading.collection - (DelayedCollectionInitializer) Current row collection key : org.frcpm.models.Project(959662431885800).milestones#54
10:24:06.155 [main] DEBUG org.hibernate.orm.results.loading.org.hibernate.orm.results.loading.collection - (DelayedCollectionInitializer) Current row collection key : org.frcpm.models.Project(959662431885800).tasks#54
10:24:06.155 [main] DEBUG org.hibernate.orm.results.loading.entity - (EntityResultInitializer) Created new entity instance [org.frcpm.models.Project(959662431885800)#54] : 988716259
10:24:06.155 [main] DEBUG org.hibernate.orm.results - Extracted JDBC value [1] - [Test save description]
10:24:06.156 [main] DEBUG org.hibernate.orm.results - Extracted JDBC value [2] - [2025-05-23]
10:24:06.156 [main] DEBUG org.hibernate.orm.results - Extracted JDBC value [3] - [2025-06-06]
10:24:06.156 [main] DEBUG org.hibernate.orm.results - Extracted JDBC value [4] - [Test Save Project]
10:24:06.156 [main] DEBUG org.hibernate.orm.results - Extracted JDBC value [5] - [2025-04-25]
10:24:06.156 [main] DEBUG org.hibernate.orm.results.loading.entity - (EntityResultInitializer) Done materializing entityInstance : org.frcpm.models.Project(959662431885800)#54
10:24:06.156 [main] DEBUG org.hibernate.orm.results.loading - Calling top-level assembler (0 / 1) : org.hibernate.sql.results.graph.entity.internal.EntityAssembler@278e4dc4
10:24:06.156 [main] DEBUG org.hibernate.orm.results - Extracted JDBC value [0] - [69]
10:24:06.156 [main] DEBUG org.hibernate.orm.results.loading.entity - (EntityResultInitializer) Hydrated EntityKey (org.frcpm.models.Project(959662431885800)): 69
10:24:06.156 [main] DEBUG org.hibernate.orm.results.loading.org.hibernate.orm.results.loading.collection - (DelayedCollectionInitializer) Current row collection key : org.frcpm.models.Project(959662431885800).meetings#69
10:24:06.156 [main] DEBUG org.hibernate.orm.results.loading.org.hibernate.orm.results.loading.collection - (DelayedCollectionInitializer) Current row collection key : org.frcpm.models.Project(959662431885800).milestones#69
10:24:06.156 [main] DEBUG org.hibernate.orm.results.loading.org.hibernate.orm.results.loading.collection - (DelayedCollectionInitializer) Current row collection key : org.frcpm.models.Project(959662431885800).tasks#69
10:24:06.156 [main] DEBUG org.hibernate.orm.results.loading.entity - (EntityResultInitializer) Created new entity instance [org.frcpm.models.Project(959662431885800)#69] : 1249125936
10:24:06.156 [main] DEBUG org.hibernate.orm.results - Extracted JDBC value [1] - [null]
10:24:06.156 [main] DEBUG org.hibernate.orm.results - Extracted JDBC value [2] - [2025-05-23]
10:24:06.156 [main] DEBUG org.hibernate.orm.results - Extracted JDBC value [3] - [2025-06-06]
10:24:06.156 [main] DEBUG org.hibernate.orm.results - Extracted JDBC value [4] - [Updated Project Name]
10:24:06.156 [main] DEBUG org.hibernate.orm.results - Extracted JDBC value [5] - [2025-04-25]
10:24:06.156 [main] DEBUG org.hibernate.orm.results.loading.entity - (EntityResultInitializer) Done materializing entityInstance : org.frcpm.models.Project(959662431885800)#69
10:24:06.156 [main] DEBUG org.hibernate.orm.results.loading - Calling top-level assembler (0 / 1) : org.hibernate.sql.results.graph.entity.internal.EntityAssembler@278e4dc4
10:24:06.156 [main] DEBUG org.hibernate.orm.results - Extracted JDBC value [0] - [70]
10:24:06.156 [main] DEBUG org.hibernate.orm.results.loading.entity - (EntityResultInitializer) Hydrated EntityKey (org.frcpm.models.Project(959662431885800)): 70
10:24:06.156 [main] DEBUG org.hibernate.orm.results.loading.org.hibernate.orm.results.loading.collection - (DelayedCollectionInitializer) Current row collection key : org.frcpm.models.Project(959662431885800).meetings#70
10:24:06.156 [main] DEBUG org.hibernate.orm.results.loading.org.hibernate.orm.results.loading.collection - (DelayedCollectionInitializer) Current row collection key : org.frcpm.models.Project(959662431885800).milestones#70
10:24:06.156 [main] DEBUG org.hibernate.orm.results.loading.org.hibernate.orm.results.loading.collection - (DelayedCollectionInitializer) Current row collection key : org.frcpm.models.Project(959662431885800).tasks#70
10:24:06.156 [main] DEBUG org.hibernate.orm.results.loading.entity - (EntityResultInitializer) Created new entity instance [org.frcpm.models.Project(959662431885800)#70] : 308892554
10:24:06.156 [main] DEBUG org.hibernate.orm.results - Extracted JDBC value [1] - [null]
10:24:06.157 [main] DEBUG org.hibernate.orm.results - Extracted JDBC value [2] - [2025-06-06]
10:24:06.157 [main] DEBUG org.hibernate.orm.results - Extracted JDBC value [3] - [2025-06-20]
10:24:06.157 [main] DEBUG org.hibernate.orm.results - Extracted JDBC value [4] - [Test Task Project]
10:24:06.157 [main] DEBUG org.hibernate.orm.results - Extracted JDBC value [5] - [2025-04-25]
10:24:06.157 [main] DEBUG org.hibernate.orm.results.loading.entity - (EntityResultInitializer) Done materializing entityInstance : org.frcpm.models.Project(959662431885800)#70
10:24:06.157 [main] DEBUG org.hibernate.orm.results.loading - Calling top-level assembler (0 / 1) : org.hibernate.sql.results.graph.entity.internal.EntityAssembler@278e4dc4
10:24:06.157 [main] DEBUG org.hibernate.orm.results - Extracted JDBC value [0] - [71]
10:24:06.157 [main] DEBUG org.hibernate.orm.results.loading.entity - (EntityResultInitializer) Hydrated EntityKey (org.frcpm.models.Project(959662431885800)): 71
10:24:06.157 [main] DEBUG org.hibernate.orm.results.loading.org.hibernate.orm.results.loading.collection - (DelayedCollectionInitializer) Current row collection key : org.frcpm.models.Project(959662431885800).meetings#71
10:24:06.157 [main] DEBUG org.hibernate.orm.results.loading.org.hibernate.orm.results.loading.collection - (DelayedCollectionInitializer) Current row collection key : org.frcpm.models.Project(959662431885800).milestones#71
10:24:06.157 [main] DEBUG org.hibernate.orm.results.loading.org.hibernate.orm.results.loading.collection - (DelayedCollectionInitializer) Current row collection key : org.frcpm.models.Project(959662431885800).tasks#71
10:24:06.157 [main] DEBUG org.hibernate.orm.results.loading.entity - (EntityResultInitializer) Created new entity instance [org.frcpm.models.Project(959662431885800)#71] : 1645545694
10:24:06.157 [main] DEBUG org.hibernate.orm.results - Extracted JDBC value [1] - [null]
10:24:06.157 [main] DEBUG org.hibernate.orm.results - Extracted JDBC value [2] - [2025-06-06]
10:24:06.157 [main] DEBUG org.hibernate.orm.results - Extracted JDBC value [3] - [2025-06-20]
10:24:06.157 [main] DEBUG org.hibernate.orm.results - Extracted JDBC value [4] - [Test Task Project]
10:24:06.157 [main] DEBUG org.hibernate.orm.results - Extracted JDBC value [5] - [2025-04-25]
10:24:06.157 [main] DEBUG org.hibernate.orm.results.loading.entity - (EntityResultInitializer) Done materializing entityInstance : org.frcpm.models.Project(959662431885800)#71
10:24:06.157 [main] DEBUG org.hibernate.orm.results.loading - Calling top-level assembler (0 / 1) : org.hibernate.sql.results.graph.entity.internal.EntityAssembler@278e4dc4
10:24:06.157 [main] DEBUG org.hibernate.orm.results - Extracted JDBC value [0] - [72]
10:24:06.157 [main] DEBUG org.hibernate.orm.results.loading.entity - (EntityResultInitializer) Hydrated EntityKey (org.frcpm.models.Project(959662431885800)): 72
10:24:06.157 [main] DEBUG org.hibernate.orm.results.loading.org.hibernate.orm.results.loading.collection - (DelayedCollectionInitializer) Current row collection key : org.frcpm.models.Project(959662431885800).meetings#72
10:24:06.157 [main] DEBUG org.hibernate.orm.results.loading.org.hibernate.orm.results.loading.collection - (DelayedCollectionInitializer) Current row collection key : org.frcpm.models.Project(959662431885800).milestones#72
10:24:06.157 [main] DEBUG org.hibernate.orm.results.loading.org.hibernate.orm.results.loading.collection - (DelayedCollectionInitializer) Current row collection key : org.frcpm.models.Project(959662431885800).tasks#72
10:24:06.157 [main] DEBUG org.hibernate.orm.results.loading.entity - (EntityResultInitializer) Created new entity instance [org.frcpm.models.Project(959662431885800)#72] : 466160470
10:24:06.157 [main] DEBUG org.hibernate.orm.results - Extracted JDBC value [1] - [null]
10:24:06.157 [main] DEBUG org.hibernate.orm.results - Extracted JDBC value [2] - [2025-06-06]
10:24:06.157 [main] DEBUG org.hibernate.orm.results - Extracted JDBC value [3] - [2025-06-20]
10:24:06.157 [main] DEBUG org.hibernate.orm.results - Extracted JDBC value [4] - [Test Task Project]
10:24:06.157 [main] DEBUG org.hibernate.orm.results - Extracted JDBC value [5] - [2025-04-25]
10:24:06.157 [main] DEBUG org.hibernate.orm.results.loading.entity - (EntityResultInitializer) Done materializing entityInstance : org.frcpm.models.Project(959662431885800)#72
10:24:06.157 [main] DEBUG org.hibernate.orm.results.loading - Calling top-level assembler (0 / 1) : org.hibernate.sql.results.graph.entity.internal.EntityAssembler@278e4dc4
10:24:06.157 [main] DEBUG org.hibernate.orm.results - Extracted JDBC value [0] - [73]
10:24:06.157 [main] DEBUG org.hibernate.orm.results.loading.entity - (EntityResultInitializer) Hydrated EntityKey (org.frcpm.models.Project(959662431885800)): 73
10:24:06.157 [main] DEBUG org.hibernate.orm.results.loading.org.hibernate.orm.results.loading.collection - (DelayedCollectionInitializer) Current row collection key : org.frcpm.models.Project(959662431885800).meetings#73
10:24:06.157 [main] DEBUG org.hibernate.orm.results.loading.org.hibernate.orm.results.loading.collection - (DelayedCollectionInitializer) Current row collection key : org.frcpm.models.Project(959662431885800).milestones#73
10:24:06.157 [main] DEBUG org.hibernate.orm.results.loading.org.hibernate.orm.results.loading.collection - (DelayedCollectionInitializer) Current row collection key : org.frcpm.models.Project(959662431885800).tasks#73
10:24:06.157 [main] DEBUG org.hibernate.orm.results.loading.entity - (EntityResultInitializer) Created new entity instance [org.frcpm.models.Project(959662431885800)#73] : 2105152423
10:24:06.157 [main] DEBUG org.hibernate.orm.results - Extracted JDBC value [1] - [null]
10:24:06.157 [main] DEBUG org.hibernate.orm.results - Extracted JDBC value [2] - [2025-06-06]
10:24:06.157 [main] DEBUG org.hibernate.orm.results - Extracted JDBC value [3] - [2025-06-20]
10:24:06.157 [main] DEBUG org.hibernate.orm.results - Extracted JDBC value [4] - [Test Task Project]
10:24:06.157 [main] DEBUG org.hibernate.orm.results - Extracted JDBC value [5] - [2025-04-25]
10:24:06.157 [main] DEBUG org.hibernate.orm.results.loading.entity - (EntityResultInitializer) Done materializing entityInstance : org.frcpm.models.Project(959662431885800)#73
10:24:06.157 [main] DEBUG org.hibernate.orm.results.loading - Calling top-level assembler (0 / 1) : org.hibernate.sql.results.graph.entity.internal.EntityAssembler@278e4dc4
10:24:06.157 [main] DEBUG org.hibernate.orm.results - Extracted JDBC value [0] - [74]
10:24:06.157 [main] DEBUG org.hibernate.orm.results.loading.entity - (EntityResultInitializer) Hydrated EntityKey (org.frcpm.models.Project(959662431885800)): 74
10:24:06.157 [main] DEBUG org.hibernate.orm.results.loading.org.hibernate.orm.results.loading.collection - (DelayedCollectionInitializer) Current row collection key : org.frcpm.models.Project(959662431885800).meetings#74
10:24:06.157 [main] DEBUG org.hibernate.orm.results.loading.org.hibernate.orm.results.loading.collection - (DelayedCollectionInitializer) Current row collection key : org.frcpm.models.Project(959662431885800).milestones#74
10:24:06.157 [main] DEBUG org.hibernate.orm.results.loading.org.hibernate.orm.results.loading.collection - (DelayedCollectionInitializer) Current row collection key : org.frcpm.models.Project(959662431885800).tasks#74
10:24:06.157 [main] DEBUG org.hibernate.orm.results.loading.entity - (EntityResultInitializer) Created new entity instance [org.frcpm.models.Project(959662431885800)#74] : 650688291
10:24:06.157 [main] DEBUG org.hibernate.orm.results - Extracted JDBC value [1] - [null]
10:24:06.158 [main] DEBUG org.hibernate.orm.results - Extracted JDBC value [2] - [2025-06-06]
10:24:06.158 [main] DEBUG org.hibernate.orm.results - Extracted JDBC value [3] - [2025-06-20]
10:24:06.158 [main] DEBUG org.hibernate.orm.results - Extracted JDBC value [4] - [Test Task Project]
10:24:06.158 [main] DEBUG org.hibernate.orm.results - Extracted JDBC value [5] - [2025-04-25]
10:24:06.158 [main] DEBUG org.hibernate.orm.results.loading.entity - (EntityResultInitializer) Done materializing entityInstance : org.frcpm.models.Project(959662431885800)#74
10:24:06.158 [main] DEBUG org.hibernate.orm.results.loading - Calling top-level assembler (0 / 1) : org.hibernate.sql.results.graph.entity.internal.EntityAssembler@278e4dc4
10:24:06.158 [main] DEBUG org.hibernate.orm.results - Extracted JDBC value [0] - [75]
10:24:06.158 [main] DEBUG org.hibernate.orm.results.loading.entity - (EntityResultInitializer) Hydrated EntityKey (org.frcpm.models.Project(959662431885800)): 75
10:24:06.158 [main] DEBUG org.hibernate.orm.results.loading.org.hibernate.orm.results.loading.collection - (DelayedCollectionInitializer) Current row collection key : org.frcpm.models.Project(959662431885800).meetings#75
10:24:06.158 [main] DEBUG org.hibernate.orm.results.loading.org.hibernate.orm.results.loading.collection - (DelayedCollectionInitializer) Current row collection key : org.frcpm.models.Project(959662431885800).milestones#75
10:24:06.158 [main] DEBUG org.hibernate.orm.results.loading.org.hibernate.orm.results.loading.collection - (DelayedCollectionInitializer) Current row collection key : org.frcpm.models.Project(959662431885800).tasks#75
10:24:06.158 [main] DEBUG org.hibernate.orm.results.loading.entity - (EntityResultInitializer) Created new entity instance [org.frcpm.models.Project(959662431885800)#75] : 980913263
10:24:06.158 [main] DEBUG org.hibernate.orm.results - Extracted JDBC value [1] - [null]
10:24:06.158 [main] DEBUG org.hibernate.orm.results - Extracted JDBC value [2] - [2025-06-06]
10:24:06.158 [main] DEBUG org.hibernate.orm.results - Extracted JDBC value [3] - [2025-06-20]
10:24:06.158 [main] DEBUG org.hibernate.orm.results - Extracted JDBC value [4] - [Test Task Project]
10:24:06.158 [main] DEBUG org.hibernate.orm.results - Extracted JDBC value [5] - [2025-04-25]
10:24:06.158 [main] DEBUG org.hibernate.orm.results.loading.entity - (EntityResultInitializer) Done materializing entityInstance : org.frcpm.models.Project(959662431885800)#75
10:24:06.158 [main] DEBUG org.hibernate.orm.results.loading - Calling top-level assembler (0 / 1) : org.hibernate.sql.results.graph.entity.internal.EntityAssembler@278e4dc4
10:24:06.158 [main] DEBUG org.hibernate.orm.results - Extracted JDBC value [0] - [76]
10:24:06.158 [main] DEBUG org.hibernate.orm.results.loading.entity - (EntityResultInitializer) Hydrated EntityKey (org.frcpm.models.Project(959662431885800)): 76
10:24:06.158 [main] DEBUG org.hibernate.orm.results.loading.org.hibernate.orm.results.loading.collection - (DelayedCollectionInitializer) Current row collection key : org.frcpm.models.Project(959662431885800).meetings#76
10:24:06.158 [main] DEBUG org.hibernate.orm.results.loading.org.hibernate.orm.results.loading.collection - (DelayedCollectionInitializer) Current row collection key : org.frcpm.models.Project(959662431885800).milestones#76
10:24:06.158 [main] DEBUG org.hibernate.orm.results.loading.org.hibernate.orm.results.loading.collection - (DelayedCollectionInitializer) Current row collection key : org.frcpm.models.Project(959662431885800).tasks#76
10:24:06.158 [main] DEBUG org.hibernate.orm.results.loading.entity - (EntityResultInitializer) Created new entity instance [org.frcpm.models.Project(959662431885800)#76] : 1104825320
10:24:06.158 [main] DEBUG org.hibernate.orm.results - Extracted JDBC value [1] - [null]
10:24:06.158 [main] DEBUG org.hibernate.orm.results - Extracted JDBC value [2] - [2025-06-06]
10:24:06.158 [main] DEBUG org.hibernate.orm.results - Extracted JDBC value [3] - [2025-06-20]
10:24:06.158 [main] DEBUG org.hibernate.orm.results - Extracted JDBC value [4] - [Test Task Project]
10:24:06.158 [main] DEBUG org.hibernate.orm.results - Extracted JDBC value [5] - [2025-04-25]
10:24:06.158 [main] DEBUG org.hibernate.orm.results.loading.entity - (EntityResultInitializer) Done materializing entityInstance : org.frcpm.models.Project(959662431885800)#76
10:24:06.158 [main] DEBUG org.hibernate.orm.results.loading - Calling top-level assembler (0 / 1) : org.hibernate.sql.results.graph.entity.internal.EntityAssembler@278e4dc4
10:24:06.158 [main] DEBUG org.hibernate.orm.results - Extracted JDBC value [0] - [77]
10:24:06.158 [main] DEBUG org.hibernate.orm.results.loading.entity - (EntityResultInitializer) Hydrated EntityKey (org.frcpm.models.Project(959662431885800)): 77
10:24:06.158 [main] DEBUG org.hibernate.orm.results.loading.org.hibernate.orm.results.loading.collection - (DelayedCollectionInitializer) Current row collection key : org.frcpm.models.Project(959662431885800).meetings#77
10:24:06.158 [main] DEBUG org.hibernate.orm.results.loading.org.hibernate.orm.results.loading.collection - (DelayedCollectionInitializer) Current row collection key : org.frcpm.models.Project(959662431885800).milestones#77
10:24:06.158 [main] DEBUG org.hibernate.orm.results.loading.org.hibernate.orm.results.loading.collection - (DelayedCollectionInitializer) Current row collection key : org.frcpm.models.Project(959662431885800).tasks#77
10:24:06.158 [main] DEBUG org.hibernate.orm.results.loading.entity - (EntityResultInitializer) Created new entity instance [org.frcpm.models.Project(959662431885800)#77] : 807851213
10:24:06.158 [main] DEBUG org.hibernate.orm.results - Extracted JDBC value [1] - [null]
10:24:06.158 [main] DEBUG org.hibernate.orm.results - Extracted JDBC value [2] - [2025-06-06]
10:24:06.158 [main] DEBUG org.hibernate.orm.results - Extracted JDBC value [3] - [2025-06-20]
10:24:06.158 [main] DEBUG org.hibernate.orm.results - Extracted JDBC value [4] - [Test Task Project]
10:24:06.158 [main] DEBUG org.hibernate.orm.results - Extracted JDBC value [5] - [2025-04-25]
10:24:06.158 [main] DEBUG org.hibernate.orm.results.loading.entity - (EntityResultInitializer) Done materializing entityInstance : org.frcpm.models.Project(959662431885800)#77
10:24:06.158 [main] DEBUG org.hibernate.orm.results.loading - Calling top-level assembler (0 / 1) : org.hibernate.sql.results.graph.entity.internal.EntityAssembler@278e4dc4
10:24:06.158 [main] DEBUG org.hibernate.orm.results - Extracted JDBC value [0] - [78]
10:24:06.158 [main] DEBUG org.hibernate.orm.results.loading.entity - (EntityResultInitializer) Hydrated EntityKey (org.frcpm.models.Project(959662431885800)): 78
10:24:06.158 [main] DEBUG org.hibernate.orm.results.loading.org.hibernate.orm.results.loading.collection - (DelayedCollectionInitializer) Current row collection key : org.frcpm.models.Project(959662431885800).meetings#78
10:24:06.158 [main] DEBUG org.hibernate.orm.results.loading.org.hibernate.orm.results.loading.collection - (DelayedCollectionInitializer) Current row collection key : org.frcpm.models.Project(959662431885800).milestones#78
10:24:06.158 [main] DEBUG org.hibernate.orm.results.loading.org.hibernate.orm.results.loading.collection - (DelayedCollectionInitializer) Current row collection key : org.frcpm.models.Project(959662431885800).tasks#78
10:24:06.158 [main] DEBUG org.hibernate.orm.results.loading.entity - (EntityResultInitializer) Created new entity instance [org.frcpm.models.Project(959662431885800)#78] : 1969812924
10:24:06.158 [main] DEBUG org.hibernate.orm.results - Extracted JDBC value [1] - [null]
10:24:06.158 [main] DEBUG org.hibernate.orm.results - Extracted JDBC value [2] - [2025-06-06]
10:24:06.158 [main] DEBUG org.hibernate.orm.results - Extracted JDBC value [3] - [2025-06-20]
10:24:06.158 [main] DEBUG org.hibernate.orm.results - Extracted JDBC value [4] - [Test Task Project]
10:24:06.158 [main] DEBUG org.hibernate.orm.results - Extracted JDBC value [5] - [2025-04-25]
10:24:06.158 [main] DEBUG org.hibernate.orm.results.loading.entity - (EntityResultInitializer) Done materializing entityInstance : org.frcpm.models.Project(959662431885800)#78
10:24:06.158 [main] DEBUG org.hibernate.orm.results.loading - Calling top-level assembler (0 / 1) : org.hibernate.sql.results.graph.entity.internal.EntityAssembler@278e4dc4
10:24:06.158 [main] DEBUG org.hibernate.orm.results - Extracted JDBC value [0] - [79]
10:24:06.158 [main] DEBUG org.hibernate.orm.results.loading.entity - (EntityResultInitializer) Hydrated EntityKey (org.frcpm.models.Project(959662431885800)): 79
10:24:06.158 [main] DEBUG org.hibernate.orm.results.loading.org.hibernate.orm.results.loading.collection - (DelayedCollectionInitializer) Current row collection key : org.frcpm.models.Project(959662431885800).meetings#79
10:24:06.158 [main] DEBUG org.hibernate.orm.results.loading.org.hibernate.orm.results.loading.collection - (DelayedCollectionInitializer) Current row collection key : org.frcpm.models.Project(959662431885800).milestones#79
10:24:06.158 [main] DEBUG org.hibernate.orm.results.loading.org.hibernate.orm.results.loading.collection - (DelayedCollectionInitializer) Current row collection key : org.frcpm.models.Project(959662431885800).tasks#79
10:24:06.158 [main] DEBUG org.hibernate.orm.results.loading.entity - (EntityResultInitializer) Created new entity instance [org.frcpm.models.Project(959662431885800)#79] : 280973084
10:24:06.158 [main] DEBUG org.hibernate.orm.results - Extracted JDBC value [1] - [null]
10:24:06.158 [main] DEBUG org.hibernate.orm.results - Extracted JDBC value [2] - [2025-06-06]
10:24:06.159 [main] DEBUG org.hibernate.orm.results - Extracted JDBC value [3] - [2025-06-20]
10:24:06.159 [main] DEBUG org.hibernate.orm.results - Extracted JDBC value [4] - [Test Task Project]
10:24:06.159 [main] DEBUG org.hibernate.orm.results - Extracted JDBC value [5] - [2025-04-25]
10:24:06.159 [main] DEBUG org.hibernate.orm.results.loading.entity - (EntityResultInitializer) Done materializing entityInstance : org.frcpm.models.Project(959662431885800)#79
10:24:06.159 [main] DEBUG org.hibernate.orm.results.loading - Calling top-level assembler (0 / 1) : org.hibernate.sql.results.graph.entity.internal.EntityAssembler@278e4dc4
10:24:06.159 [main] DEBUG org.hibernate.orm.results - Extracted JDBC value [0] - [80]
10:24:06.159 [main] DEBUG org.hibernate.orm.results.loading.entity - (EntityResultInitializer) Hydrated EntityKey (org.frcpm.models.Project(959662431885800)): 80
10:24:06.159 [main] DEBUG org.hibernate.orm.results.loading.org.hibernate.orm.results.loading.collection - (DelayedCollectionInitializer) Current row collection key : org.frcpm.models.Project(959662431885800).meetings#80
10:24:06.159 [main] DEBUG org.hibernate.orm.results.loading.org.hibernate.orm.results.loading.collection - (DelayedCollectionInitializer) Current row collection key : org.frcpm.models.Project(959662431885800).milestones#80
10:24:06.159 [main] DEBUG org.hibernate.orm.results.loading.org.hibernate.orm.results.loading.collection - (DelayedCollectionInitializer) Current row collection key : org.frcpm.models.Project(959662431885800).tasks#80
10:24:06.159 [main] DEBUG org.hibernate.orm.results.loading.entity - (EntityResultInitializer) Created new entity instance [org.frcpm.models.Project(959662431885800)#80] : 1407411504
10:24:06.159 [main] DEBUG org.hibernate.orm.results - Extracted JDBC value [1] - [null]
10:24:06.159 [main] DEBUG org.hibernate.orm.results - Extracted JDBC value [2] - [2025-06-06]
10:24:06.159 [main] DEBUG org.hibernate.orm.results - Extracted JDBC value [3] - [2025-06-20]
10:24:06.159 [main] DEBUG org.hibernate.orm.results - Extracted JDBC value [4] - [Test Task Project]
10:24:06.159 [main] DEBUG org.hibernate.orm.results - Extracted JDBC value [5] - [2025-04-25]
10:24:06.159 [main] DEBUG org.hibernate.orm.results.loading.entity - (EntityResultInitializer) Done materializing entityInstance : org.frcpm.models.Project(959662431885800)#80
10:24:06.159 [main] DEBUG org.hibernate.orm.results.loading - Calling top-level assembler (0 / 1) : org.hibernate.sql.results.graph.entity.internal.EntityAssembler@278e4dc4
10:24:06.159 [main] DEBUG org.hibernate.orm.results - Extracted JDBC value [0] - [81]
10:24:06.159 [main] DEBUG org.hibernate.orm.results.loading.entity - (EntityResultInitializer) Hydrated EntityKey (org.frcpm.models.Project(959662431885800)): 81
10:24:06.159 [main] DEBUG org.hibernate.orm.results.loading.org.hibernate.orm.results.loading.collection - (DelayedCollectionInitializer) Current row collection key : org.frcpm.models.Project(959662431885800).meetings#81
10:24:06.159 [main] DEBUG org.hibernate.orm.results.loading.org.hibernate.orm.results.loading.collection - (DelayedCollectionInitializer) Current row collection key : org.frcpm.models.Project(959662431885800).milestones#81
10:24:06.159 [main] DEBUG org.hibernate.orm.results.loading.org.hibernate.orm.results.loading.collection - (DelayedCollectionInitializer) Current row collection key : org.frcpm.models.Project(959662431885800).tasks#81
10:24:06.159 [main] DEBUG org.hibernate.orm.results.loading.entity - (EntityResultInitializer) Created new entity instance [org.frcpm.models.Project(959662431885800)#81] : 364608205
10:24:06.159 [main] DEBUG org.hibernate.orm.results - Extracted JDBC value [1] - [null]
10:24:06.159 [main] DEBUG org.hibernate.orm.results - Extracted JDBC value [2] - [2025-06-06]
10:24:06.160 [main] DEBUG org.hibernate.orm.results - Extracted JDBC value [3] - [2025-06-20]
10:24:06.160 [main] DEBUG org.hibernate.orm.results - Extracted JDBC value [4] - [Test Task Project]
10:24:06.160 [main] DEBUG org.hibernate.orm.results - Extracted JDBC value [5] - [2025-04-25]
10:24:06.160 [main] DEBUG org.hibernate.orm.results.loading.entity - (EntityResultInitializer) Done materializing entityInstance : org.frcpm.models.Project(959662431885800)#81
10:24:06.160 [main] DEBUG org.hibernate.orm.results.loading - Calling top-level assembler (0 / 1) : org.hibernate.sql.results.graph.entity.internal.EntityAssembler@278e4dc4
10:24:06.160 [main] DEBUG org.hibernate.orm.results - Extracted JDBC value [0] - [82]
10:24:06.160 [main] DEBUG org.hibernate.orm.results.loading.entity - (EntityResultInitializer) Hydrated EntityKey (org.frcpm.models.Project(959662431885800)): 82
10:24:06.160 [main] DEBUG org.hibernate.orm.results.loading.org.hibernate.orm.results.loading.collection - (DelayedCollectionInitializer) Current row collection key : org.frcpm.models.Project(959662431885800).meetings#82
10:24:06.160 [main] DEBUG org.hibernate.orm.results.loading.org.hibernate.orm.results.loading.collection - (DelayedCollectionInitializer) Current row collection key : org.frcpm.models.Project(959662431885800).milestones#82
10:24:06.160 [main] DEBUG org.hibernate.orm.results.loading.org.hibernate.orm.results.loading.collection - (DelayedCollectionInitializer) Current row collection key : org.frcpm.models.Project(959662431885800).tasks#82
10:24:06.160 [main] DEBUG org.hibernate.orm.results.loading.entity - (EntityResultInitializer) Created new entity instance [org.frcpm.models.Project(959662431885800)#82] : 1735011638
10:24:06.160 [main] DEBUG org.hibernate.orm.results - Extracted JDBC value [1] - [null]
10:24:06.160 [main] DEBUG org.hibernate.orm.results - Extracted JDBC value [2] - [2025-06-06]
10:24:06.161 [main] DEBUG org.hibernate.orm.results - Extracted JDBC value [3] - [2025-06-20]
10:24:06.161 [main] DEBUG org.hibernate.orm.results - Extracted JDBC value [4] - [Test Task Project]
10:24:06.161 [main] DEBUG org.hibernate.orm.results - Extracted JDBC value [5] - [2025-04-25]
10:24:06.161 [main] DEBUG org.hibernate.orm.results.loading.entity - (EntityResultInitializer) Done materializing entityInstance : org.frcpm.models.Project(959662431885800)#82
10:24:06.161 [main] DEBUG org.hibernate.orm.results.loading - Calling top-level assembler (0 / 1) : org.hibernate.sql.results.graph.entity.internal.EntityAssembler@278e4dc4
10:24:06.161 [main] DEBUG org.hibernate.orm.results - Extracted JDBC value [0] - [104]
10:24:06.161 [main] DEBUG org.hibernate.orm.results.loading.entity - (EntityResultInitializer) Hydrated EntityKey (org.frcpm.models.Project(959662431885800)): 104
10:24:06.161 [main] DEBUG org.hibernate.orm.results.loading.org.hibernate.orm.results.loading.collection - (DelayedCollectionInitializer) Current row collection key : org.frcpm.models.Project(959662431885800).meetings#104
10:24:06.161 [main] DEBUG org.hibernate.orm.results.loading.org.hibernate.orm.results.loading.collection - (DelayedCollectionInitializer) Current row collection key : org.frcpm.models.Project(959662431885800).milestones#104
10:24:06.161 [main] DEBUG org.hibernate.orm.results.loading.org.hibernate.orm.results.loading.collection - (DelayedCollectionInitializer) Current row collection key : org.frcpm.models.Project(959662431885800).tasks#104
10:24:06.161 [main] DEBUG org.hibernate.orm.results.loading.entity - (EntityResultInitializer) Created new entity instance [org.frcpm.models.Project(959662431885800)#104] : 313946428
10:24:06.161 [main] DEBUG org.hibernate.orm.results - Extracted JDBC value [1] - [null]
10:24:06.161 [main] DEBUG org.hibernate.orm.results - Extracted JDBC value [2] - [2025-06-06]
10:24:06.161 [main] DEBUG org.hibernate.orm.results - Extracted JDBC value [3] - [2025-06-20]
10:24:06.161 [main] DEBUG org.hibernate.orm.results - Extracted JDBC value [4] - [Component Test Project]
10:24:06.161 [main] DEBUG org.hibernate.orm.results - Extracted JDBC value [5] - [2025-04-25]
10:24:06.161 [main] DEBUG org.hibernate.orm.results.loading.entity - (EntityResultInitializer) Done materializing entityInstance : org.frcpm.models.Project(959662431885800)#104
10:24:06.161 [main] DEBUG org.hibernate.orm.results.loading - Calling top-level assembler (0 / 1) : org.hibernate.sql.results.graph.entity.internal.EntityAssembler@278e4dc4
10:24:06.161 [main] DEBUG org.hibernate.orm.results - Extracted JDBC value [0] - [135]
10:24:06.161 [main] DEBUG org.hibernate.orm.results.loading.entity - (EntityResultInitializer) Hydrated EntityKey (org.frcpm.models.Project(959662431885800)): 135
10:24:06.161 [main] DEBUG org.hibernate.orm.results.loading.org.hibernate.orm.results.loading.collection - (DelayedCollectionInitializer) Current row collection key : org.frcpm.models.Project(959662431885800).meetings#135
10:24:06.161 [main] DEBUG org.hibernate.orm.results.loading.org.hibernate.orm.results.loading.collection - (DelayedCollectionInitializer) Current row collection key : org.frcpm.models.Project(959662431885800).milestones#135
10:24:06.161 [main] DEBUG org.hibernate.orm.results.loading.org.hibernate.orm.results.loading.collection - (DelayedCollectionInitializer) Current row collection key : org.frcpm.models.Project(959662431885800).tasks#135
10:24:06.161 [main] DEBUG org.hibernate.orm.results.loading.entity - (EntityResultInitializer) Created new entity instance [org.frcpm.models.Project(959662431885800)#135] : 1319922868
10:24:06.161 [main] DEBUG org.hibernate.orm.results - Extracted JDBC value [1] - [null]
10:24:06.161 [main] DEBUG org.hibernate.orm.results - Extracted JDBC value [2] - [2025-05-23]
10:24:06.161 [main] DEBUG org.hibernate.orm.results - Extracted JDBC value [3] - [2025-06-06]
10:24:06.161 [main] DEBUG org.hibernate.orm.results - Extracted JDBC value [4] - [Test Create Service Project]
10:24:06.161 [main] DEBUG org.hibernate.orm.results - Extracted JDBC value [5] - [2025-04-25]
10:24:06.161 [main] DEBUG org.hibernate.orm.results.loading.entity - (EntityResultInitializer) Done materializing entityInstance : org.frcpm.models.Project(959662431885800)#135
10:24:06.161 [main] DEBUG org.hibernate.orm.results.loading - Calling top-level assembler (0 / 1) : org.hibernate.sql.results.graph.entity.internal.EntityAssembler@278e4dc4
10:24:06.161 [main] DEBUG org.hibernate.orm.results - Extracted JDBC value [0] - [142]
10:24:06.161 [main] DEBUG org.hibernate.orm.results.loading.entity - (EntityResultInitializer) Hydrated EntityKey (org.frcpm.models.Project(959662431885800)): 142
10:24:06.161 [main] DEBUG org.hibernate.orm.results.loading.org.hibernate.orm.results.loading.collection - (DelayedCollectionInitializer) Current row collection key : org.frcpm.models.Project(959662431885800).meetings#142
10:24:06.161 [main] DEBUG org.hibernate.orm.results.loading.org.hibernate.orm.results.loading.collection - (DelayedCollectionInitializer) Current row collection key : org.frcpm.models.Project(959662431885800).milestones#142
10:24:06.161 [main] DEBUG org.hibernate.orm.results.loading.org.hibernate.orm.results.loading.collection - (DelayedCollectionInitializer) Current row collection key : org.frcpm.models.Project(959662431885800).tasks#142
10:24:06.161 [main] DEBUG org.hibernate.orm.results.loading.entity - (EntityResultInitializer) Created new entity instance [org.frcpm.models.Project(959662431885800)#142] : 1770715488
10:24:06.161 [main] DEBUG org.hibernate.orm.results - Extracted JDBC value [1] - [Updated description]
10:24:06.161 [main] DEBUG org.hibernate.orm.results - Extracted JDBC value [2] - [2025-05-23]
10:24:06.161 [main] DEBUG org.hibernate.orm.results - Extracted JDBC value [3] - [2025-06-06]
10:24:06.161 [main] DEBUG org.hibernate.orm.results - Extracted JDBC value [4] - [Updated Service Project Name]
10:24:06.161 [main] DEBUG org.hibernate.orm.results - Extracted JDBC value [5] - [2025-04-25]
10:24:06.161 [main] DEBUG org.hibernate.orm.results.loading.entity - (EntityResultInitializer) Done materializing entityInstance : org.frcpm.models.Project(959662431885800)#142
10:24:06.161 [main] DEBUG org.hibernate.orm.results.loading - Calling top-level assembler (0 / 1) : org.hibernate.sql.results.graph.entity.internal.EntityAssembler@278e4dc4
10:24:06.161 [main] DEBUG org.hibernate.orm.results - Extracted JDBC value [0] - [148]
10:24:06.161 [main] DEBUG org.hibernate.orm.results.loading.entity - (EntityResultInitializer) Hydrated EntityKey (org.frcpm.models.Project(959662431885800)): 148
10:24:06.161 [main] DEBUG org.hibernate.orm.results.loading.org.hibernate.orm.results.loading.collection - (DelayedCollectionInitializer) Current row collection key : org.frcpm.models.Project(959662431885800).meetings#148
10:24:06.162 [main] DEBUG org.hibernate.orm.results.loading.org.hibernate.orm.results.loading.collection - (DelayedCollectionInitializer) Current row collection key : org.frcpm.models.Project(959662431885800).milestones#148
10:24:06.162 [main] DEBUG org.hibernate.orm.results.loading.org.hibernate.orm.results.loading.collection - (DelayedCollectionInitializer) Current row collection key : org.frcpm.models.Project(959662431885800).tasks#148
10:24:06.162 [main] DEBUG org.hibernate.orm.results.loading.entity - (EntityResultInitializer) Created new entity instance [org.frcpm.models.Project(959662431885800)#148] : 1240758570
10:24:06.162 [main] DEBUG org.hibernate.orm.results - Extracted JDBC value [1] - [null]
10:24:06.162 [main] DEBUG org.hibernate.orm.results - Extracted JDBC value [2] - [2025-05-23]
10:24:06.162 [main] DEBUG org.hibernate.orm.results - Extracted JDBC value [3] - [2025-06-06]
10:24:06.162 [main] DEBUG org.hibernate.orm.results - Extracted JDBC value [4] - [Test Summary Project]
10:24:06.162 [main] DEBUG org.hibernate.orm.results - Extracted JDBC value [5] - [2025-04-25]
10:24:06.162 [main] DEBUG org.hibernate.orm.results.loading.entity - (EntityResultInitializer) Done materializing entityInstance : org.frcpm.models.Project(959662431885800)#148
10:24:06.162 [main] DEBUG org.hibernate.orm.results.loading - Calling top-level assembler (0 / 1) : org.hibernate.sql.results.graph.entity.internal.EntityAssembler@278e4dc4
10:24:06.162 [main] DEBUG org.hibernate.resource.jdbc.internal.LogicalConnectionManagedImpl - Initiating JDBC connection release from afterTransaction
10:24:06.162 [main] DEBUG org.hibernate.resource.jdbc.internal.LogicalConnectionManagedImpl - Initiating JDBC connection release from afterTransaction
]]></system-out>
  </testcase>
  <testcase name="testHandleAddMilestone" classname="org.frcpm.controllers.MainControllerTest" time="0.024">
    <system-out><![CDATA[10:24:06.168 [main] DEBUG org.hibernate.orm.sql.ast.create - Created new SQL alias : p1_0
10:24:06.169 [main] DEBUG org.hibernate.orm.sql.ast.create - Registration of TableGroup [StandardTableGroup(org.frcpm.models.Project(959662454269100))] with identifierForTableGroup [org.frcpm.models.Project] for NavigablePath [org.frcpm.models.Project] 
10:24:06.170 [main] DEBUG org.hibernate.orm.results.graph.AST - DomainResult Graph:
 \-EntityResultImpl [org.frcpm.models.Project(959662454269100)]
 |  +-BasicFetch [org.frcpm.models.Project(959662454269100).description]
 |  +-BasicFetch [org.frcpm.models.Project(959662454269100).goalEndDate]
 |  +-BasicFetch [org.frcpm.models.Project(959662454269100).hardDeadline]
 |  +-DelayedCollectionFetch [org.frcpm.models.Project(959662454269100).meetings]
 |  +-DelayedCollectionFetch [org.frcpm.models.Project(959662454269100).milestones]
 |  +-BasicFetch [org.frcpm.models.Project(959662454269100).name]
 |  +-BasicFetch [org.frcpm.models.Project(959662454269100).startDate]
 |  \-DelayedCollectionFetch [org.frcpm.models.Project(959662454269100).tasks]

10:24:06.171 [main] DEBUG org.hibernate.orm.sql.ast.tree - SQL AST Tree:
    SelectStatement {
      FromClause {
        StandardTableGroup (p1 : org.frcpm.models.Project(959662454269100)) {
          primaryTableReference : projects as p1_0
        }
      }
    }

10:24:06.171 [main] DEBUG org.hibernate.orm.sql.exec - Skipping reading Query result cache data: cache-enabled = false, cache-mode = NORMAL
10:24:06.172 [main] DEBUG org.hibernate.orm.results - Initializer list:
	  org.frcpm.models.Project(959662454269100) -> EntityResultInitializer(org.frcpm.models.Project(959662454269100))@620115803 (SingleTableEntityPersister(org.frcpm.models.Project))
	  org.frcpm.models.Project(959662454269100).tasks -> DelayedCollectionInitializer(org.frcpm.models.Project(959662454269100).tasks)@1064263171 (PluralAttribute(org.frcpm.models.Project.tasks))
	  org.frcpm.models.Project(959662454269100).milestones -> DelayedCollectionInitializer(org.frcpm.models.Project(959662454269100).milestones)@305132113 (PluralAttribute(org.frcpm.models.Project.milestones))
	  org.frcpm.models.Project(959662454269100).meetings -> DelayedCollectionInitializer(org.frcpm.models.Project(959662454269100).meetings)@1133495646 (PluralAttribute(org.frcpm.models.Project.meetings))

10:24:06.172 [main] DEBUG org.hibernate.SQL - select p1_0.id,p1_0.description,p1_0.goal_end_date,p1_0.hard_deadline,p1_0.name,p1_0.start_date from projects p1_0
10:24:06.172 [main] DEBUG org.hibernate.orm.results - Extracted JDBC value [0] - [1]
10:24:06.172 [main] DEBUG org.hibernate.orm.results.loading.entity - (EntityResultInitializer) Hydrated EntityKey (org.frcpm.models.Project(959662454269100)): 1
10:24:06.172 [main] DEBUG org.hibernate.orm.results.loading.org.hibernate.orm.results.loading.collection - (DelayedCollectionInitializer) Current row collection key : org.frcpm.models.Project(959662454269100).meetings#1
10:24:06.172 [main] DEBUG org.hibernate.orm.results.loading.org.hibernate.orm.results.loading.collection - (DelayedCollectionInitializer) Current row collection key : org.frcpm.models.Project(959662454269100).milestones#1
10:24:06.172 [main] DEBUG org.hibernate.orm.results.loading.org.hibernate.orm.results.loading.collection - (DelayedCollectionInitializer) Current row collection key : org.frcpm.models.Project(959662454269100).tasks#1
10:24:06.172 [main] DEBUG org.hibernate.orm.results.loading.entity - (EntityResultInitializer) Created new entity instance [org.frcpm.models.Project(959662454269100)#1] : 2128377950
10:24:06.172 [main] DEBUG org.hibernate.orm.results - Extracted JDBC value [1] - [Competition robot for the 2025 FIRST Robotics Competition]
10:24:06.172 [main] DEBUG org.hibernate.orm.results - Extracted JDBC value [2] - [2025-06-12]
10:24:06.173 [main] DEBUG org.hibernate.orm.results - Extracted JDBC value [3] - [2025-06-26]
10:24:06.173 [main] DEBUG org.hibernate.orm.results - Extracted JDBC value [4] - [FRC 2025 Robot]
10:24:06.173 [main] DEBUG org.hibernate.orm.results - Extracted JDBC value [5] - [2025-05-01]
10:24:06.173 [main] DEBUG org.hibernate.orm.results.loading.entity - (EntityResultInitializer) Done materializing entityInstance : org.frcpm.models.Project(959662454269100)#1
10:24:06.173 [main] DEBUG org.hibernate.orm.results.loading - Calling top-level assembler (0 / 1) : org.hibernate.sql.results.graph.entity.internal.EntityAssembler@4d121ab6
10:24:06.173 [main] DEBUG org.hibernate.orm.results - Extracted JDBC value [0] - [51]
10:24:06.173 [main] DEBUG org.hibernate.orm.results.loading.entity - (EntityResultInitializer) Hydrated EntityKey (org.frcpm.models.Project(959662454269100)): 51
10:24:06.173 [main] DEBUG org.hibernate.orm.results.loading.org.hibernate.orm.results.loading.collection - (DelayedCollectionInitializer) Current row collection key : org.frcpm.models.Project(959662454269100).meetings#51
10:24:06.173 [main] DEBUG org.hibernate.orm.results.loading.org.hibernate.orm.results.loading.collection - (DelayedCollectionInitializer) Current row collection key : org.frcpm.models.Project(959662454269100).milestones#51
10:24:06.173 [main] DEBUG org.hibernate.orm.results.loading.org.hibernate.orm.results.loading.collection - (DelayedCollectionInitializer) Current row collection key : org.frcpm.models.Project(959662454269100).tasks#51
10:24:06.173 [main] DEBUG org.hibernate.orm.results.loading.entity - (EntityResultInitializer) Created new entity instance [org.frcpm.models.Project(959662454269100)#51] : 688779133
10:24:06.173 [main] DEBUG org.hibernate.orm.results - Extracted JDBC value [1] - [null]
10:24:06.173 [main] DEBUG org.hibernate.orm.results - Extracted JDBC value [2] - [2025-05-23]
10:24:06.173 [main] DEBUG org.hibernate.orm.results - Extracted JDBC value [3] - [2025-06-06]
10:24:06.173 [main] DEBUG org.hibernate.orm.results - Extracted JDBC value [4] - [Test Count Project]
10:24:06.173 [main] DEBUG org.hibernate.orm.results - Extracted JDBC value [5] - [2025-04-25]
10:24:06.173 [main] DEBUG org.hibernate.orm.results.loading.entity - (EntityResultInitializer) Done materializing entityInstance : org.frcpm.models.Project(959662454269100)#51
10:24:06.173 [main] DEBUG org.hibernate.orm.results.loading - Calling top-level assembler (0 / 1) : org.hibernate.sql.results.graph.entity.internal.EntityAssembler@4d121ab6
10:24:06.174 [main] DEBUG org.hibernate.orm.results - Extracted JDBC value [0] - [54]
10:24:06.174 [main] DEBUG org.hibernate.orm.results.loading.entity - (EntityResultInitializer) Hydrated EntityKey (org.frcpm.models.Project(959662454269100)): 54
10:24:06.174 [main] DEBUG org.hibernate.orm.results.loading.org.hibernate.orm.results.loading.collection - (DelayedCollectionInitializer) Current row collection key : org.frcpm.models.Project(959662454269100).meetings#54
10:24:06.174 [main] DEBUG org.hibernate.orm.results.loading.org.hibernate.orm.results.loading.collection - (DelayedCollectionInitializer) Current row collection key : org.frcpm.models.Project(959662454269100).milestones#54
10:24:06.174 [main] DEBUG org.hibernate.orm.results.loading.org.hibernate.orm.results.loading.collection - (DelayedCollectionInitializer) Current row collection key : org.frcpm.models.Project(959662454269100).tasks#54
10:24:06.174 [main] DEBUG org.hibernate.orm.results.loading.entity - (EntityResultInitializer) Created new entity instance [org.frcpm.models.Project(959662454269100)#54] : 1463727736
10:24:06.174 [main] DEBUG org.hibernate.orm.results - Extracted JDBC value [1] - [Test save description]
10:24:06.174 [main] DEBUG org.hibernate.orm.results - Extracted JDBC value [2] - [2025-05-23]
10:24:06.174 [main] DEBUG org.hibernate.orm.results - Extracted JDBC value [3] - [2025-06-06]
10:24:06.174 [main] DEBUG org.hibernate.orm.results - Extracted JDBC value [4] - [Test Save Project]
10:24:06.174 [main] DEBUG org.hibernate.orm.results - Extracted JDBC value [5] - [2025-04-25]
10:24:06.174 [main] DEBUG org.hibernate.orm.results.loading.entity - (EntityResultInitializer) Done materializing entityInstance : org.frcpm.models.Project(959662454269100)#54
10:24:06.174 [main] DEBUG org.hibernate.orm.results.loading - Calling top-level assembler (0 / 1) : org.hibernate.sql.results.graph.entity.internal.EntityAssembler@4d121ab6
10:24:06.174 [main] DEBUG org.hibernate.orm.results - Extracted JDBC value [0] - [69]
10:24:06.174 [main] DEBUG org.hibernate.orm.results.loading.entity - (EntityResultInitializer) Hydrated EntityKey (org.frcpm.models.Project(959662454269100)): 69
10:24:06.174 [main] DEBUG org.hibernate.orm.results.loading.org.hibernate.orm.results.loading.collection - (DelayedCollectionInitializer) Current row collection key : org.frcpm.models.Project(959662454269100).meetings#69
10:24:06.174 [main] DEBUG org.hibernate.orm.results.loading.org.hibernate.orm.results.loading.collection - (DelayedCollectionInitializer) Current row collection key : org.frcpm.models.Project(959662454269100).milestones#69
10:24:06.174 [main] DEBUG org.hibernate.orm.results.loading.org.hibernate.orm.results.loading.collection - (DelayedCollectionInitializer) Current row collection key : org.frcpm.models.Project(959662454269100).tasks#69
10:24:06.174 [main] DEBUG org.hibernate.orm.results.loading.entity - (EntityResultInitializer) Created new entity instance [org.frcpm.models.Project(959662454269100)#69] : 993068133
10:24:06.174 [main] DEBUG org.hibernate.orm.results - Extracted JDBC value [1] - [null]
10:24:06.174 [main] DEBUG org.hibernate.orm.results - Extracted JDBC value [2] - [2025-05-23]
10:24:06.174 [main] DEBUG org.hibernate.orm.results - Extracted JDBC value [3] - [2025-06-06]
10:24:06.174 [main] DEBUG org.hibernate.orm.results - Extracted JDBC value [4] - [Updated Project Name]
10:24:06.174 [main] DEBUG org.hibernate.orm.results - Extracted JDBC value [5] - [2025-04-25]
10:24:06.175 [main] DEBUG org.hibernate.orm.results.loading.entity - (EntityResultInitializer) Done materializing entityInstance : org.frcpm.models.Project(959662454269100)#69
10:24:06.175 [main] DEBUG org.hibernate.orm.results.loading - Calling top-level assembler (0 / 1) : org.hibernate.sql.results.graph.entity.internal.EntityAssembler@4d121ab6
10:24:06.175 [main] DEBUG org.hibernate.orm.results - Extracted JDBC value [0] - [70]
10:24:06.175 [main] DEBUG org.hibernate.orm.results.loading.entity - (EntityResultInitializer) Hydrated EntityKey (org.frcpm.models.Project(959662454269100)): 70
10:24:06.175 [main] DEBUG org.hibernate.orm.results.loading.org.hibernate.orm.results.loading.collection - (DelayedCollectionInitializer) Current row collection key : org.frcpm.models.Project(959662454269100).meetings#70
10:24:06.175 [main] DEBUG org.hibernate.orm.results.loading.org.hibernate.orm.results.loading.collection - (DelayedCollectionInitializer) Current row collection key : org.frcpm.models.Project(959662454269100).milestones#70
10:24:06.175 [main] DEBUG org.hibernate.orm.results.loading.org.hibernate.orm.results.loading.collection - (DelayedCollectionInitializer) Current row collection key : org.frcpm.models.Project(959662454269100).tasks#70
10:24:06.175 [main] DEBUG org.hibernate.orm.results.loading.entity - (EntityResultInitializer) Created new entity instance [org.frcpm.models.Project(959662454269100)#70] : 151863667
10:24:06.175 [main] DEBUG org.hibernate.orm.results - Extracted JDBC value [1] - [null]
10:24:06.175 [main] DEBUG org.hibernate.orm.results - Extracted JDBC value [2] - [2025-06-06]
10:24:06.175 [main] DEBUG org.hibernate.orm.results - Extracted JDBC value [3] - [2025-06-20]
10:24:06.175 [main] DEBUG org.hibernate.orm.results - Extracted JDBC value [4] - [Test Task Project]
10:24:06.175 [main] DEBUG org.hibernate.orm.results - Extracted JDBC value [5] - [2025-04-25]
10:24:06.176 [main] DEBUG org.hibernate.orm.results.loading.entity - (EntityResultInitializer) Done materializing entityInstance : org.frcpm.models.Project(959662454269100)#70
10:24:06.176 [main] DEBUG org.hibernate.orm.results.loading - Calling top-level assembler (0 / 1) : org.hibernate.sql.results.graph.entity.internal.EntityAssembler@4d121ab6
10:24:06.176 [main] DEBUG org.hibernate.orm.results - Extracted JDBC value [0] - [71]
10:24:06.176 [main] DEBUG org.hibernate.orm.results.loading.entity - (EntityResultInitializer) Hydrated EntityKey (org.frcpm.models.Project(959662454269100)): 71
10:24:06.176 [main] DEBUG org.hibernate.orm.results.loading.org.hibernate.orm.results.loading.collection - (DelayedCollectionInitializer) Current row collection key : org.frcpm.models.Project(959662454269100).meetings#71
10:24:06.176 [main] DEBUG org.hibernate.orm.results.loading.org.hibernate.orm.results.loading.collection - (DelayedCollectionInitializer) Current row collection key : org.frcpm.models.Project(959662454269100).milestones#71
10:24:06.176 [main] DEBUG org.hibernate.orm.results.loading.org.hibernate.orm.results.loading.collection - (DelayedCollectionInitializer) Current row collection key : org.frcpm.models.Project(959662454269100).tasks#71
10:24:06.176 [main] DEBUG org.hibernate.orm.results.loading.entity - (EntityResultInitializer) Created new entity instance [org.frcpm.models.Project(959662454269100)#71] : 1120578276
10:24:06.176 [main] DEBUG org.hibernate.orm.results - Extracted JDBC value [1] - [null]
10:24:06.176 [main] DEBUG org.hibernate.orm.results - Extracted JDBC value [2] - [2025-06-06]
10:24:06.176 [main] DEBUG org.hibernate.orm.results - Extracted JDBC value [3] - [2025-06-20]
10:24:06.176 [main] DEBUG org.hibernate.orm.results - Extracted JDBC value [4] - [Test Task Project]
10:24:06.176 [main] DEBUG org.hibernate.orm.results - Extracted JDBC value [5] - [2025-04-25]
10:24:06.176 [main] DEBUG org.hibernate.orm.results.loading.entity - (EntityResultInitializer) Done materializing entityInstance : org.frcpm.models.Project(959662454269100)#71
10:24:06.176 [main] DEBUG org.hibernate.orm.results.loading - Calling top-level assembler (0 / 1) : org.hibernate.sql.results.graph.entity.internal.EntityAssembler@4d121ab6
10:24:06.176 [main] DEBUG org.hibernate.orm.results - Extracted JDBC value [0] - [72]
10:24:06.176 [main] DEBUG org.hibernate.orm.results.loading.entity - (EntityResultInitializer) Hydrated EntityKey (org.frcpm.models.Project(959662454269100)): 72
10:24:06.176 [main] DEBUG org.hibernate.orm.results.loading.org.hibernate.orm.results.loading.collection - (DelayedCollectionInitializer) Current row collection key : org.frcpm.models.Project(959662454269100).meetings#72
10:24:06.176 [main] DEBUG org.hibernate.orm.results.loading.org.hibernate.orm.results.loading.collection - (DelayedCollectionInitializer) Current row collection key : org.frcpm.models.Project(959662454269100).milestones#72
10:24:06.176 [main] DEBUG org.hibernate.orm.results.loading.org.hibernate.orm.results.loading.collection - (DelayedCollectionInitializer) Current row collection key : org.frcpm.models.Project(959662454269100).tasks#72
10:24:06.176 [main] DEBUG org.hibernate.orm.results.loading.entity - (EntityResultInitializer) Created new entity instance [org.frcpm.models.Project(959662454269100)#72] : 1366602037
10:24:06.176 [main] DEBUG org.hibernate.orm.results - Extracted JDBC value [1] - [null]
10:24:06.176 [main] DEBUG org.hibernate.orm.results - Extracted JDBC value [2] - [2025-06-06]
10:24:06.176 [main] DEBUG org.hibernate.orm.results - Extracted JDBC value [3] - [2025-06-20]
10:24:06.176 [main] DEBUG org.hibernate.orm.results - Extracted JDBC value [4] - [Test Task Project]
10:24:06.176 [main] DEBUG org.hibernate.orm.results - Extracted JDBC value [5] - [2025-04-25]
10:24:06.177 [main] DEBUG org.hibernate.orm.results.loading.entity - (EntityResultInitializer) Done materializing entityInstance : org.frcpm.models.Project(959662454269100)#72
10:24:06.177 [main] DEBUG org.hibernate.orm.results.loading - Calling top-level assembler (0 / 1) : org.hibernate.sql.results.graph.entity.internal.EntityAssembler@4d121ab6
10:24:06.177 [main] DEBUG org.hibernate.orm.results - Extracted JDBC value [0] - [73]
10:24:06.177 [main] DEBUG org.hibernate.orm.results.loading.entity - (EntityResultInitializer) Hydrated EntityKey (org.frcpm.models.Project(959662454269100)): 73
10:24:06.177 [main] DEBUG org.hibernate.orm.results.loading.org.hibernate.orm.results.loading.collection - (DelayedCollectionInitializer) Current row collection key : org.frcpm.models.Project(959662454269100).meetings#73
10:24:06.177 [main] DEBUG org.hibernate.orm.results.loading.org.hibernate.orm.results.loading.collection - (DelayedCollectionInitializer) Current row collection key : org.frcpm.models.Project(959662454269100).milestones#73
10:24:06.177 [main] DEBUG org.hibernate.orm.results.loading.org.hibernate.orm.results.loading.collection - (DelayedCollectionInitializer) Current row collection key : org.frcpm.models.Project(959662454269100).tasks#73
10:24:06.177 [main] DEBUG org.hibernate.orm.results.loading.entity - (EntityResultInitializer) Created new entity instance [org.frcpm.models.Project(959662454269100)#73] : 194373178
10:24:06.177 [main] DEBUG org.hibernate.orm.results - Extracted JDBC value [1] - [null]
10:24:06.177 [main] DEBUG org.hibernate.orm.results - Extracted JDBC value [2] - [2025-06-06]
10:24:06.177 [main] DEBUG org.hibernate.orm.results - Extracted JDBC value [3] - [2025-06-20]
10:24:06.177 [main] DEBUG org.hibernate.orm.results - Extracted JDBC value [4] - [Test Task Project]
10:24:06.177 [main] DEBUG org.hibernate.orm.results - Extracted JDBC value [5] - [2025-04-25]
10:24:06.177 [main] DEBUG org.hibernate.orm.results.loading.entity - (EntityResultInitializer) Done materializing entityInstance : org.frcpm.models.Project(959662454269100)#73
10:24:06.177 [main] DEBUG org.hibernate.orm.results.loading - Calling top-level assembler (0 / 1) : org.hibernate.sql.results.graph.entity.internal.EntityAssembler@4d121ab6
10:24:06.177 [main] DEBUG org.hibernate.orm.results - Extracted JDBC value [0] - [74]
10:24:06.177 [main] DEBUG org.hibernate.orm.results.loading.entity - (EntityResultInitializer) Hydrated EntityKey (org.frcpm.models.Project(959662454269100)): 74
10:24:06.177 [main] DEBUG org.hibernate.orm.results.loading.org.hibernate.orm.results.loading.collection - (DelayedCollectionInitializer) Current row collection key : org.frcpm.models.Project(959662454269100).meetings#74
10:24:06.177 [main] DEBUG org.hibernate.orm.results.loading.org.hibernate.orm.results.loading.collection - (DelayedCollectionInitializer) Current row collection key : org.frcpm.models.Project(959662454269100).milestones#74
10:24:06.177 [main] DEBUG org.hibernate.orm.results.loading.org.hibernate.orm.results.loading.collection - (DelayedCollectionInitializer) Current row collection key : org.frcpm.models.Project(959662454269100).tasks#74
10:24:06.177 [main] DEBUG org.hibernate.orm.results.loading.entity - (EntityResultInitializer) Created new entity instance [org.frcpm.models.Project(959662454269100)#74] : 1900334417
10:24:06.177 [main] DEBUG org.hibernate.orm.results - Extracted JDBC value [1] - [null]
10:24:06.177 [main] DEBUG org.hibernate.orm.results - Extracted JDBC value [2] - [2025-06-06]
10:24:06.177 [main] DEBUG org.hibernate.orm.results - Extracted JDBC value [3] - [2025-06-20]
10:24:06.177 [main] DEBUG org.hibernate.orm.results - Extracted JDBC value [4] - [Test Task Project]
10:24:06.177 [main] DEBUG org.hibernate.orm.results - Extracted JDBC value [5] - [2025-04-25]
10:24:06.177 [main] DEBUG org.hibernate.orm.results.loading.entity - (EntityResultInitializer) Done materializing entityInstance : org.frcpm.models.Project(959662454269100)#74
10:24:06.178 [main] DEBUG org.hibernate.orm.results.loading - Calling top-level assembler (0 / 1) : org.hibernate.sql.results.graph.entity.internal.EntityAssembler@4d121ab6
10:24:06.178 [main] DEBUG org.hibernate.orm.results - Extracted JDBC value [0] - [75]
10:24:06.178 [main] DEBUG org.hibernate.orm.results.loading.entity - (EntityResultInitializer) Hydrated EntityKey (org.frcpm.models.Project(959662454269100)): 75
10:24:06.178 [main] DEBUG org.hibernate.orm.results.loading.org.hibernate.orm.results.loading.collection - (DelayedCollectionInitializer) Current row collection key : org.frcpm.models.Project(959662454269100).meetings#75
10:24:06.178 [main] DEBUG org.hibernate.orm.results.loading.org.hibernate.orm.results.loading.collection - (DelayedCollectionInitializer) Current row collection key : org.frcpm.models.Project(959662454269100).milestones#75
10:24:06.178 [main] DEBUG org.hibernate.orm.results.loading.org.hibernate.orm.results.loading.collection - (DelayedCollectionInitializer) Current row collection key : org.frcpm.models.Project(959662454269100).tasks#75
10:24:06.178 [main] DEBUG org.hibernate.orm.results.loading.entity - (EntityResultInitializer) Created new entity instance [org.frcpm.models.Project(959662454269100)#75] : 40581100
10:24:06.178 [main] DEBUG org.hibernate.orm.results - Extracted JDBC value [1] - [null]
10:24:06.178 [main] DEBUG org.hibernate.orm.results - Extracted JDBC value [2] - [2025-06-06]
10:24:06.178 [main] DEBUG org.hibernate.orm.results - Extracted JDBC value [3] - [2025-06-20]
10:24:06.178 [main] DEBUG org.hibernate.orm.results - Extracted JDBC value [4] - [Test Task Project]
10:24:06.178 [main] DEBUG org.hibernate.orm.results - Extracted JDBC value [5] - [2025-04-25]
10:24:06.178 [main] DEBUG org.hibernate.orm.results.loading.entity - (EntityResultInitializer) Done materializing entityInstance : org.frcpm.models.Project(959662454269100)#75
10:24:06.178 [main] DEBUG org.hibernate.orm.results.loading - Calling top-level assembler (0 / 1) : org.hibernate.sql.results.graph.entity.internal.EntityAssembler@4d121ab6
10:24:06.178 [main] DEBUG org.hibernate.orm.results - Extracted JDBC value [0] - [76]
10:24:06.178 [main] DEBUG org.hibernate.orm.results.loading.entity - (EntityResultInitializer) Hydrated EntityKey (org.frcpm.models.Project(959662454269100)): 76
10:24:06.178 [main] DEBUG org.hibernate.orm.results.loading.org.hibernate.orm.results.loading.collection - (DelayedCollectionInitializer) Current row collection key : org.frcpm.models.Project(959662454269100).meetings#76
10:24:06.178 [main] DEBUG org.hibernate.orm.results.loading.org.hibernate.orm.results.loading.collection - (DelayedCollectionInitializer) Current row collection key : org.frcpm.models.Project(959662454269100).milestones#76
10:24:06.178 [main] DEBUG org.hibernate.orm.results.loading.org.hibernate.orm.results.loading.collection - (DelayedCollectionInitializer) Current row collection key : org.frcpm.models.Project(959662454269100).tasks#76
10:24:06.178 [main] DEBUG org.hibernate.orm.results.loading.entity - (EntityResultInitializer) Created new entity instance [org.frcpm.models.Project(959662454269100)#76] : 1003761391
10:24:06.178 [main] DEBUG org.hibernate.orm.results - Extracted JDBC value [1] - [null]
10:24:06.178 [main] DEBUG org.hibernate.orm.results - Extracted JDBC value [2] - [2025-06-06]
10:24:06.178 [main] DEBUG org.hibernate.orm.results - Extracted JDBC value [3] - [2025-06-20]
10:24:06.178 [main] DEBUG org.hibernate.orm.results - Extracted JDBC value [4] - [Test Task Project]
10:24:06.178 [main] DEBUG org.hibernate.orm.results - Extracted JDBC value [5] - [2025-04-25]
10:24:06.178 [main] DEBUG org.hibernate.orm.results.loading.entity - (EntityResultInitializer) Done materializing entityInstance : org.frcpm.models.Project(959662454269100)#76
10:24:06.178 [main] DEBUG org.hibernate.orm.results.loading - Calling top-level assembler (0 / 1) : org.hibernate.sql.results.graph.entity.internal.EntityAssembler@4d121ab6
10:24:06.178 [main] DEBUG org.hibernate.orm.results - Extracted JDBC value [0] - [77]
10:24:06.178 [main] DEBUG org.hibernate.orm.results.loading.entity - (EntityResultInitializer) Hydrated EntityKey (org.frcpm.models.Project(959662454269100)): 77
10:24:06.178 [main] DEBUG org.hibernate.orm.results.loading.org.hibernate.orm.results.loading.collection - (DelayedCollectionInitializer) Current row collection key : org.frcpm.models.Project(959662454269100).meetings#77
10:24:06.178 [main] DEBUG org.hibernate.orm.results.loading.org.hibernate.orm.results.loading.collection - (DelayedCollectionInitializer) Current row collection key : org.frcpm.models.Project(959662454269100).milestones#77
10:24:06.178 [main] DEBUG org.hibernate.orm.results.loading.org.hibernate.orm.results.loading.collection - (DelayedCollectionInitializer) Current row collection key : org.frcpm.models.Project(959662454269100).tasks#77
10:24:06.178 [main] DEBUG org.hibernate.orm.results.loading.entity - (EntityResultInitializer) Created new entity instance [org.frcpm.models.Project(959662454269100)#77] : 1067004677
10:24:06.178 [main] DEBUG org.hibernate.orm.results - Extracted JDBC value [1] - [null]
10:24:06.178 [main] DEBUG org.hibernate.orm.results - Extracted JDBC value [2] - [2025-06-06]
10:24:06.178 [main] DEBUG org.hibernate.orm.results - Extracted JDBC value [3] - [2025-06-20]
10:24:06.178 [main] DEBUG org.hibernate.orm.results - Extracted JDBC value [4] - [Test Task Project]
10:24:06.178 [main] DEBUG org.hibernate.orm.results - Extracted JDBC value [5] - [2025-04-25]
10:24:06.178 [main] DEBUG org.hibernate.orm.results.loading.entity - (EntityResultInitializer) Done materializing entityInstance : org.frcpm.models.Project(959662454269100)#77
10:24:06.178 [main] DEBUG org.hibernate.orm.results.loading - Calling top-level assembler (0 / 1) : org.hibernate.sql.results.graph.entity.internal.EntityAssembler@4d121ab6
10:24:06.178 [main] DEBUG org.hibernate.orm.results - Extracted JDBC value [0] - [78]
10:24:06.178 [main] DEBUG org.hibernate.orm.results.loading.entity - (EntityResultInitializer) Hydrated EntityKey (org.frcpm.models.Project(959662454269100)): 78
10:24:06.178 [main] DEBUG org.hibernate.orm.results.loading.org.hibernate.orm.results.loading.collection - (DelayedCollectionInitializer) Current row collection key : org.frcpm.models.Project(959662454269100).meetings#78
10:24:06.178 [main] DEBUG org.hibernate.orm.results.loading.org.hibernate.orm.results.loading.collection - (DelayedCollectionInitializer) Current row collection key : org.frcpm.models.Project(959662454269100).milestones#78
10:24:06.178 [main] DEBUG org.hibernate.orm.results.loading.org.hibernate.orm.results.loading.collection - (DelayedCollectionInitializer) Current row collection key : org.frcpm.models.Project(959662454269100).tasks#78
10:24:06.178 [main] DEBUG org.hibernate.orm.results.loading.entity - (EntityResultInitializer) Created new entity instance [org.frcpm.models.Project(959662454269100)#78] : 161951470
10:24:06.179 [main] DEBUG org.hibernate.orm.results - Extracted JDBC value [1] - [null]
10:24:06.179 [main] DEBUG org.hibernate.orm.results - Extracted JDBC value [2] - [2025-06-06]
10:24:06.179 [main] DEBUG org.hibernate.orm.results - Extracted JDBC value [3] - [2025-06-20]
10:24:06.179 [main] DEBUG org.hibernate.orm.results - Extracted JDBC value [4] - [Test Task Project]
10:24:06.179 [main] DEBUG org.hibernate.orm.results - Extracted JDBC value [5] - [2025-04-25]
10:24:06.179 [main] DEBUG org.hibernate.orm.results.loading.entity - (EntityResultInitializer) Done materializing entityInstance : org.frcpm.models.Project(959662454269100)#78
10:24:06.179 [main] DEBUG org.hibernate.orm.results.loading - Calling top-level assembler (0 / 1) : org.hibernate.sql.results.graph.entity.internal.EntityAssembler@4d121ab6
10:24:06.179 [main] DEBUG org.hibernate.orm.results - Extracted JDBC value [0] - [79]
10:24:06.179 [main] DEBUG org.hibernate.orm.results.loading.entity - (EntityResultInitializer) Hydrated EntityKey (org.frcpm.models.Project(959662454269100)): 79
10:24:06.179 [main] DEBUG org.hibernate.orm.results.loading.org.hibernate.orm.results.loading.collection - (DelayedCollectionInitializer) Current row collection key : org.frcpm.models.Project(959662454269100).meetings#79
10:24:06.179 [main] DEBUG org.hibernate.orm.results.loading.org.hibernate.orm.results.loading.collection - (DelayedCollectionInitializer) Current row collection key : org.frcpm.models.Project(959662454269100).milestones#79
10:24:06.179 [main] DEBUG org.hibernate.orm.results.loading.org.hibernate.orm.results.loading.collection - (DelayedCollectionInitializer) Current row collection key : org.frcpm.models.Project(959662454269100).tasks#79
10:24:06.179 [main] DEBUG org.hibernate.orm.results.loading.entity - (EntityResultInitializer) Created new entity instance [org.frcpm.models.Project(959662454269100)#79] : 1785421568
10:24:06.179 [main] DEBUG org.hibernate.orm.results - Extracted JDBC value [1] - [null]
10:24:06.179 [main] DEBUG org.hibernate.orm.results - Extracted JDBC value [2] - [2025-06-06]
10:24:06.179 [main] DEBUG org.hibernate.orm.results - Extracted JDBC value [3] - [2025-06-20]
10:24:06.179 [main] DEBUG org.hibernate.orm.results - Extracted JDBC value [4] - [Test Task Project]
10:24:06.179 [main] DEBUG org.hibernate.orm.results - Extracted JDBC value [5] - [2025-04-25]
10:24:06.179 [main] DEBUG org.hibernate.orm.results.loading.entity - (EntityResultInitializer) Done materializing entityInstance : org.frcpm.models.Project(959662454269100)#79
10:24:06.179 [main] DEBUG org.hibernate.orm.results.loading - Calling top-level assembler (0 / 1) : org.hibernate.sql.results.graph.entity.internal.EntityAssembler@4d121ab6
10:24:06.179 [main] DEBUG org.hibernate.orm.results - Extracted JDBC value [0] - [80]
10:24:06.179 [main] DEBUG org.hibernate.orm.results.loading.entity - (EntityResultInitializer) Hydrated EntityKey (org.frcpm.models.Project(959662454269100)): 80
10:24:06.179 [main] DEBUG org.hibernate.orm.results.loading.org.hibernate.orm.results.loading.collection - (DelayedCollectionInitializer) Current row collection key : org.frcpm.models.Project(959662454269100).meetings#80
10:24:06.179 [main] DEBUG org.hibernate.orm.results.loading.org.hibernate.orm.results.loading.collection - (DelayedCollectionInitializer) Current row collection key : org.frcpm.models.Project(959662454269100).milestones#80
10:24:06.179 [main] DEBUG org.hibernate.orm.results.loading.org.hibernate.orm.results.loading.collection - (DelayedCollectionInitializer) Current row collection key : org.frcpm.models.Project(959662454269100).tasks#80
10:24:06.179 [main] DEBUG org.hibernate.orm.results.loading.entity - (EntityResultInitializer) Created new entity instance [org.frcpm.models.Project(959662454269100)#80] : 571556654
10:24:06.179 [main] DEBUG org.hibernate.orm.results - Extracted JDBC value [1] - [null]
10:24:06.179 [main] DEBUG org.hibernate.orm.results - Extracted JDBC value [2] - [2025-06-06]
10:24:06.179 [main] DEBUG org.hibernate.orm.results - Extracted JDBC value [3] - [2025-06-20]
10:24:06.179 [main] DEBUG org.hibernate.orm.results - Extracted JDBC value [4] - [Test Task Project]
10:24:06.180 [main] DEBUG org.hibernate.orm.results - Extracted JDBC value [5] - [2025-04-25]
10:24:06.180 [main] DEBUG org.hibernate.orm.results.loading.entity - (EntityResultInitializer) Done materializing entityInstance : org.frcpm.models.Project(959662454269100)#80
10:24:06.180 [main] DEBUG org.hibernate.orm.results.loading - Calling top-level assembler (0 / 1) : org.hibernate.sql.results.graph.entity.internal.EntityAssembler@4d121ab6
10:24:06.180 [main] DEBUG org.hibernate.orm.results - Extracted JDBC value [0] - [81]
10:24:06.180 [main] DEBUG org.hibernate.orm.results.loading.entity - (EntityResultInitializer) Hydrated EntityKey (org.frcpm.models.Project(959662454269100)): 81
10:24:06.180 [main] DEBUG org.hibernate.orm.results.loading.org.hibernate.orm.results.loading.collection - (DelayedCollectionInitializer) Current row collection key : org.frcpm.models.Project(959662454269100).meetings#81
10:24:06.180 [main] DEBUG org.hibernate.orm.results.loading.org.hibernate.orm.results.loading.collection - (DelayedCollectionInitializer) Current row collection key : org.frcpm.models.Project(959662454269100).milestones#81
10:24:06.180 [main] DEBUG org.hibernate.orm.results.loading.org.hibernate.orm.results.loading.collection - (DelayedCollectionInitializer) Current row collection key : org.frcpm.models.Project(959662454269100).tasks#81
10:24:06.180 [main] DEBUG org.hibernate.orm.results.loading.entity - (EntityResultInitializer) Created new entity instance [org.frcpm.models.Project(959662454269100)#81] : 591803852
10:24:06.180 [main] DEBUG org.hibernate.orm.results - Extracted JDBC value [1] - [null]
10:24:06.180 [main] DEBUG org.hibernate.orm.results - Extracted JDBC value [2] - [2025-06-06]
10:24:06.180 [main] DEBUG org.hibernate.orm.results - Extracted JDBC value [3] - [2025-06-20]
10:24:06.180 [main] DEBUG org.hibernate.orm.results - Extracted JDBC value [4] - [Test Task Project]
10:24:06.180 [main] DEBUG org.hibernate.orm.results - Extracted JDBC value [5] - [2025-04-25]
10:24:06.180 [main] DEBUG org.hibernate.orm.results.loading.entity - (EntityResultInitializer) Done materializing entityInstance : org.frcpm.models.Project(959662454269100)#81
10:24:06.180 [main] DEBUG org.hibernate.orm.results.loading - Calling top-level assembler (0 / 1) : org.hibernate.sql.results.graph.entity.internal.EntityAssembler@4d121ab6
10:24:06.181 [main] DEBUG org.hibernate.orm.results - Extracted JDBC value [0] - [82]
10:24:06.181 [main] DEBUG org.hibernate.orm.results.loading.entity - (EntityResultInitializer) Hydrated EntityKey (org.frcpm.models.Project(959662454269100)): 82
10:24:06.181 [main] DEBUG org.hibernate.orm.results.loading.org.hibernate.orm.results.loading.collection - (DelayedCollectionInitializer) Current row collection key : org.frcpm.models.Project(959662454269100).meetings#82
10:24:06.181 [main] DEBUG org.hibernate.orm.results.loading.org.hibernate.orm.results.loading.collection - (DelayedCollectionInitializer) Current row collection key : org.frcpm.models.Project(959662454269100).milestones#82
10:24:06.181 [main] DEBUG org.hibernate.orm.results.loading.org.hibernate.orm.results.loading.collection - (DelayedCollectionInitializer) Current row collection key : org.frcpm.models.Project(959662454269100).tasks#82
10:24:06.181 [main] DEBUG org.hibernate.orm.results.loading.entity - (EntityResultInitializer) Created new entity instance [org.frcpm.models.Project(959662454269100)#82] : 2045435399
10:24:06.181 [main] DEBUG org.hibernate.orm.results - Extracted JDBC value [1] - [null]
10:24:06.181 [main] DEBUG org.hibernate.orm.results - Extracted JDBC value [2] - [2025-06-06]
10:24:06.181 [main] DEBUG org.hibernate.orm.results - Extracted JDBC value [3] - [2025-06-20]
10:24:06.181 [main] DEBUG org.hibernate.orm.results - Extracted JDBC value [4] - [Test Task Project]
10:24:06.181 [main] DEBUG org.hibernate.orm.results - Extracted JDBC value [5] - [2025-04-25]
10:24:06.181 [main] DEBUG org.hibernate.orm.results.loading.entity - (EntityResultInitializer) Done materializing entityInstance : org.frcpm.models.Project(959662454269100)#82
10:24:06.181 [main] DEBUG org.hibernate.orm.results.loading - Calling top-level assembler (0 / 1) : org.hibernate.sql.results.graph.entity.internal.EntityAssembler@4d121ab6
10:24:06.181 [main] DEBUG org.hibernate.orm.results - Extracted JDBC value [0] - [104]
10:24:06.182 [main] DEBUG org.hibernate.orm.results.loading.entity - (EntityResultInitializer) Hydrated EntityKey (org.frcpm.models.Project(959662454269100)): 104
10:24:06.182 [main] DEBUG org.hibernate.orm.results.loading.org.hibernate.orm.results.loading.collection - (DelayedCollectionInitializer) Current row collection key : org.frcpm.models.Project(959662454269100).meetings#104
10:24:06.182 [main] DEBUG org.hibernate.orm.results.loading.org.hibernate.orm.results.loading.collection - (DelayedCollectionInitializer) Current row collection key : org.frcpm.models.Project(959662454269100).milestones#104
10:24:06.182 [main] DEBUG org.hibernate.orm.results.loading.org.hibernate.orm.results.loading.collection - (DelayedCollectionInitializer) Current row collection key : org.frcpm.models.Project(959662454269100).tasks#104
10:24:06.182 [main] DEBUG org.hibernate.orm.results.loading.entity - (EntityResultInitializer) Created new entity instance [org.frcpm.models.Project(959662454269100)#104] : 545058468
10:24:06.182 [main] DEBUG org.hibernate.orm.results - Extracted JDBC value [1] - [null]
10:24:06.182 [main] DEBUG org.hibernate.orm.results - Extracted JDBC value [2] - [2025-06-06]
10:24:06.182 [main] DEBUG org.hibernate.orm.results - Extracted JDBC value [3] - [2025-06-20]
10:24:06.182 [main] DEBUG org.hibernate.orm.results - Extracted JDBC value [4] - [Component Test Project]
10:24:06.182 [main] DEBUG org.hibernate.orm.results - Extracted JDBC value [5] - [2025-04-25]
10:24:06.182 [main] DEBUG org.hibernate.orm.results.loading.entity - (EntityResultInitializer) Done materializing entityInstance : org.frcpm.models.Project(959662454269100)#104
10:24:06.182 [main] DEBUG org.hibernate.orm.results.loading - Calling top-level assembler (0 / 1) : org.hibernate.sql.results.graph.entity.internal.EntityAssembler@4d121ab6
10:24:06.182 [main] DEBUG org.hibernate.orm.results - Extracted JDBC value [0] - [135]
10:24:06.182 [main] DEBUG org.hibernate.orm.results.loading.entity - (EntityResultInitializer) Hydrated EntityKey (org.frcpm.models.Project(959662454269100)): 135
10:24:06.182 [main] DEBUG org.hibernate.orm.results.loading.org.hibernate.orm.results.loading.collection - (DelayedCollectionInitializer) Current row collection key : org.frcpm.models.Project(959662454269100).meetings#135
10:24:06.182 [main] DEBUG org.hibernate.orm.results.loading.org.hibernate.orm.results.loading.collection - (DelayedCollectionInitializer) Current row collection key : org.frcpm.models.Project(959662454269100).milestones#135
10:24:06.182 [main] DEBUG org.hibernate.orm.results.loading.org.hibernate.orm.results.loading.collection - (DelayedCollectionInitializer) Current row collection key : org.frcpm.models.Project(959662454269100).tasks#135
10:24:06.182 [main] DEBUG org.hibernate.orm.results.loading.entity - (EntityResultInitializer) Created new entity instance [org.frcpm.models.Project(959662454269100)#135] : 1602557720
10:24:06.182 [main] DEBUG org.hibernate.orm.results - Extracted JDBC value [1] - [null]
10:24:06.182 [main] DEBUG org.hibernate.orm.results - Extracted JDBC value [2] - [2025-05-23]
10:24:06.182 [main] DEBUG org.hibernate.orm.results - Extracted JDBC value [3] - [2025-06-06]
10:24:06.182 [main] DEBUG org.hibernate.orm.results - Extracted JDBC value [4] - [Test Create Service Project]
10:24:06.183 [main] DEBUG org.hibernate.orm.results - Extracted JDBC value [5] - [2025-04-25]
10:24:06.183 [main] DEBUG org.hibernate.orm.results.loading.entity - (EntityResultInitializer) Done materializing entityInstance : org.frcpm.models.Project(959662454269100)#135
10:24:06.183 [main] DEBUG org.hibernate.orm.results.loading - Calling top-level assembler (0 / 1) : org.hibernate.sql.results.graph.entity.internal.EntityAssembler@4d121ab6
10:24:06.183 [main] DEBUG org.hibernate.orm.results - Extracted JDBC value [0] - [142]
10:24:06.183 [main] DEBUG org.hibernate.orm.results.loading.entity - (EntityResultInitializer) Hydrated EntityKey (org.frcpm.models.Project(959662454269100)): 142
10:24:06.183 [main] DEBUG org.hibernate.orm.results.loading.org.hibernate.orm.results.loading.collection - (DelayedCollectionInitializer) Current row collection key : org.frcpm.models.Project(959662454269100).meetings#142
10:24:06.183 [main] DEBUG org.hibernate.orm.results.loading.org.hibernate.orm.results.loading.collection - (DelayedCollectionInitializer) Current row collection key : org.frcpm.models.Project(959662454269100).milestones#142
10:24:06.183 [main] DEBUG org.hibernate.orm.results.loading.org.hibernate.orm.results.loading.collection - (DelayedCollectionInitializer) Current row collection key : org.frcpm.models.Project(959662454269100).tasks#142
10:24:06.183 [main] DEBUG org.hibernate.orm.results.loading.entity - (EntityResultInitializer) Created new entity instance [org.frcpm.models.Project(959662454269100)#142] : 129493900
10:24:06.183 [main] DEBUG org.hibernate.orm.results - Extracted JDBC value [1] - [Updated description]
10:24:06.183 [main] DEBUG org.hibernate.orm.results - Extracted JDBC value [2] - [2025-05-23]
10:24:06.183 [main] DEBUG org.hibernate.orm.results - Extracted JDBC value [3] - [2025-06-06]
10:24:06.183 [main] DEBUG org.hibernate.orm.results - Extracted JDBC value [4] - [Updated Service Project Name]
10:24:06.183 [main] DEBUG org.hibernate.orm.results - Extracted JDBC value [5] - [2025-04-25]
10:24:06.183 [main] DEBUG org.hibernate.orm.results.loading.entity - (EntityResultInitializer) Done materializing entityInstance : org.frcpm.models.Project(959662454269100)#142
10:24:06.183 [main] DEBUG org.hibernate.orm.results.loading - Calling top-level assembler (0 / 1) : org.hibernate.sql.results.graph.entity.internal.EntityAssembler@4d121ab6
10:24:06.184 [main] DEBUG org.hibernate.orm.results - Extracted JDBC value [0] - [148]
10:24:06.184 [main] DEBUG org.hibernate.orm.results.loading.entity - (EntityResultInitializer) Hydrated EntityKey (org.frcpm.models.Project(959662454269100)): 148
10:24:06.184 [main] DEBUG org.hibernate.orm.results.loading.org.hibernate.orm.results.loading.collection - (DelayedCollectionInitializer) Current row collection key : org.frcpm.models.Project(959662454269100).meetings#148
10:24:06.184 [main] DEBUG org.hibernate.orm.results.loading.org.hibernate.orm.results.loading.collection - (DelayedCollectionInitializer) Current row collection key : org.frcpm.models.Project(959662454269100).milestones#148
10:24:06.184 [main] DEBUG org.hibernate.orm.results.loading.org.hibernate.orm.results.loading.collection - (DelayedCollectionInitializer) Current row collection key : org.frcpm.models.Project(959662454269100).tasks#148
10:24:06.184 [main] DEBUG org.hibernate.orm.results.loading.entity - (EntityResultInitializer) Created new entity instance [org.frcpm.models.Project(959662454269100)#148] : 1854434853
10:24:06.184 [main] DEBUG org.hibernate.orm.results - Extracted JDBC value [1] - [null]
10:24:06.184 [main] DEBUG org.hibernate.orm.results - Extracted JDBC value [2] - [2025-05-23]
10:24:06.185 [main] DEBUG org.hibernate.orm.results - Extracted JDBC value [3] - [2025-06-06]
10:24:06.185 [main] DEBUG org.hibernate.orm.results - Extracted JDBC value [4] - [Test Summary Project]
10:24:06.185 [main] DEBUG org.hibernate.orm.results - Extracted JDBC value [5] - [2025-04-25]
10:24:06.185 [main] DEBUG org.hibernate.orm.results.loading.entity - (EntityResultInitializer) Done materializing entityInstance : org.frcpm.models.Project(959662454269100)#148
10:24:06.186 [main] DEBUG org.hibernate.orm.results.loading - Calling top-level assembler (0 / 1) : org.hibernate.sql.results.graph.entity.internal.EntityAssembler@4d121ab6
10:24:06.186 [main] DEBUG org.hibernate.resource.jdbc.internal.LogicalConnectionManagedImpl - Initiating JDBC connection release from afterTransaction
10:24:06.186 [main] DEBUG org.hibernate.resource.jdbc.internal.LogicalConnectionManagedImpl - Initiating JDBC connection release from afterTransaction
]]></system-out>
  </testcase>
  <testcase name="testHandleProjectProperties" classname="org.frcpm.controllers.MainControllerTest" time="0.018">
    <system-out><![CDATA[10:24:06.194 [main] DEBUG org.hibernate.orm.sql.ast.create - Created new SQL alias : p1_0
10:24:06.194 [main] DEBUG org.hibernate.orm.sql.ast.create - Registration of TableGroup [StandardTableGroup(org.frcpm.models.Project(959662479937700))] with identifierForTableGroup [org.frcpm.models.Project] for NavigablePath [org.frcpm.models.Project] 
10:24:06.195 [main] DEBUG org.hibernate.orm.results.graph.AST - DomainResult Graph:
 \-EntityResultImpl [org.frcpm.models.Project(959662479937700)]
 |  +-BasicFetch [org.frcpm.models.Project(959662479937700).description]
 |  +-BasicFetch [org.frcpm.models.Project(959662479937700).goalEndDate]
 |  +-BasicFetch [org.frcpm.models.Project(959662479937700).hardDeadline]
 |  +-DelayedCollectionFetch [org.frcpm.models.Project(959662479937700).meetings]
 |  +-DelayedCollectionFetch [org.frcpm.models.Project(959662479937700).milestones]
 |  +-BasicFetch [org.frcpm.models.Project(959662479937700).name]
 |  +-BasicFetch [org.frcpm.models.Project(959662479937700).startDate]
 |  \-DelayedCollectionFetch [org.frcpm.models.Project(959662479937700).tasks]

10:24:06.195 [main] DEBUG org.hibernate.orm.sql.ast.tree - SQL AST Tree:
    SelectStatement {
      FromClause {
        StandardTableGroup (p1 : org.frcpm.models.Project(959662479937700)) {
          primaryTableReference : projects as p1_0
        }
      }
    }

10:24:06.195 [main] DEBUG org.hibernate.orm.sql.exec - Skipping reading Query result cache data: cache-enabled = false, cache-mode = NORMAL
10:24:06.195 [main] DEBUG org.hibernate.orm.results - Initializer list:
	  org.frcpm.models.Project(959662479937700).meetings -> DelayedCollectionInitializer(org.frcpm.models.Project(959662479937700).meetings)@1181151669 (PluralAttribute(org.frcpm.models.Project.meetings))
	  org.frcpm.models.Project(959662479937700).tasks -> DelayedCollectionInitializer(org.frcpm.models.Project(959662479937700).tasks)@1387035017 (PluralAttribute(org.frcpm.models.Project.tasks))
	  org.frcpm.models.Project(959662479937700).milestones -> DelayedCollectionInitializer(org.frcpm.models.Project(959662479937700).milestones)@2078388797 (PluralAttribute(org.frcpm.models.Project.milestones))
	  org.frcpm.models.Project(959662479937700) -> EntityResultInitializer(org.frcpm.models.Project(959662479937700))@461339502 (SingleTableEntityPersister(org.frcpm.models.Project))

10:24:06.195 [main] DEBUG org.hibernate.SQL - select p1_0.id,p1_0.description,p1_0.goal_end_date,p1_0.hard_deadline,p1_0.name,p1_0.start_date from projects p1_0
10:24:06.196 [main] DEBUG org.hibernate.orm.results - Extracted JDBC value [0] - [1]
10:24:06.196 [main] DEBUG org.hibernate.orm.results.loading.entity - (EntityResultInitializer) Hydrated EntityKey (org.frcpm.models.Project(959662479937700)): 1
10:24:06.196 [main] DEBUG org.hibernate.orm.results.loading.org.hibernate.orm.results.loading.collection - (DelayedCollectionInitializer) Current row collection key : org.frcpm.models.Project(959662479937700).meetings#1
10:24:06.196 [main] DEBUG org.hibernate.orm.results.loading.org.hibernate.orm.results.loading.collection - (DelayedCollectionInitializer) Current row collection key : org.frcpm.models.Project(959662479937700).milestones#1
10:24:06.196 [main] DEBUG org.hibernate.orm.results.loading.org.hibernate.orm.results.loading.collection - (DelayedCollectionInitializer) Current row collection key : org.frcpm.models.Project(959662479937700).tasks#1
10:24:06.196 [main] DEBUG org.hibernate.orm.results.loading.entity - (EntityResultInitializer) Created new entity instance [org.frcpm.models.Project(959662479937700)#1] : 1299582427
10:24:06.196 [main] DEBUG org.hibernate.orm.results - Extracted JDBC value [1] - [Competition robot for the 2025 FIRST Robotics Competition]
10:24:06.196 [main] DEBUG org.hibernate.orm.results - Extracted JDBC value [2] - [2025-06-12]
10:24:06.196 [main] DEBUG org.hibernate.orm.results - Extracted JDBC value [3] - [2025-06-26]
10:24:06.196 [main] DEBUG org.hibernate.orm.results - Extracted JDBC value [4] - [FRC 2025 Robot]
10:24:06.196 [main] DEBUG org.hibernate.orm.results - Extracted JDBC value [5] - [2025-05-01]
10:24:06.196 [main] DEBUG org.hibernate.orm.results.loading.entity - (EntityResultInitializer) Done materializing entityInstance : org.frcpm.models.Project(959662479937700)#1
10:24:06.197 [main] DEBUG org.hibernate.orm.results.loading - Calling top-level assembler (0 / 1) : org.hibernate.sql.results.graph.entity.internal.EntityAssembler@3a848bb1
10:24:06.197 [main] DEBUG org.hibernate.orm.results - Extracted JDBC value [0] - [51]
10:24:06.197 [main] DEBUG org.hibernate.orm.results.loading.entity - (EntityResultInitializer) Hydrated EntityKey (org.frcpm.models.Project(959662479937700)): 51
10:24:06.197 [main] DEBUG org.hibernate.orm.results.loading.org.hibernate.orm.results.loading.collection - (DelayedCollectionInitializer) Current row collection key : org.frcpm.models.Project(959662479937700).meetings#51
10:24:06.197 [main] DEBUG org.hibernate.orm.results.loading.org.hibernate.orm.results.loading.collection - (DelayedCollectionInitializer) Current row collection key : org.frcpm.models.Project(959662479937700).milestones#51
10:24:06.197 [main] DEBUG org.hibernate.orm.results.loading.org.hibernate.orm.results.loading.collection - (DelayedCollectionInitializer) Current row collection key : org.frcpm.models.Project(959662479937700).tasks#51
10:24:06.198 [main] DEBUG org.hibernate.orm.results.loading.entity - (EntityResultInitializer) Created new entity instance [org.frcpm.models.Project(959662479937700)#51] : 352372455
10:24:06.198 [main] DEBUG org.hibernate.orm.results - Extracted JDBC value [1] - [null]
10:24:06.198 [main] DEBUG org.hibernate.orm.results - Extracted JDBC value [2] - [2025-05-23]
10:24:06.198 [main] DEBUG org.hibernate.orm.results - Extracted JDBC value [3] - [2025-06-06]
10:24:06.198 [main] DEBUG org.hibernate.orm.results - Extracted JDBC value [4] - [Test Count Project]
10:24:06.198 [main] DEBUG org.hibernate.orm.results - Extracted JDBC value [5] - [2025-04-25]
10:24:06.202 [main] DEBUG org.hibernate.orm.results.loading.entity - (EntityResultInitializer) Done materializing entityInstance : org.frcpm.models.Project(959662479937700)#51
10:24:06.202 [main] DEBUG org.hibernate.orm.results.loading - Calling top-level assembler (0 / 1) : org.hibernate.sql.results.graph.entity.internal.EntityAssembler@3a848bb1
10:24:06.202 [main] DEBUG org.hibernate.orm.results - Extracted JDBC value [0] - [54]
10:24:06.202 [main] DEBUG org.hibernate.orm.results.loading.entity - (EntityResultInitializer) Hydrated EntityKey (org.frcpm.models.Project(959662479937700)): 54
10:24:06.204 [main] DEBUG org.hibernate.orm.results.loading.org.hibernate.orm.results.loading.collection - (DelayedCollectionInitializer) Current row collection key : org.frcpm.models.Project(959662479937700).meetings#54
10:24:06.204 [main] DEBUG org.hibernate.orm.results.loading.org.hibernate.orm.results.loading.collection - (DelayedCollectionInitializer) Current row collection key : org.frcpm.models.Project(959662479937700).milestones#54
10:24:06.204 [main] DEBUG org.hibernate.orm.results.loading.org.hibernate.orm.results.loading.collection - (DelayedCollectionInitializer) Current row collection key : org.frcpm.models.Project(959662479937700).tasks#54
10:24:06.204 [main] DEBUG org.hibernate.orm.results.loading.entity - (EntityResultInitializer) Created new entity instance [org.frcpm.models.Project(959662479937700)#54] : 1567117559
10:24:06.204 [main] DEBUG org.hibernate.orm.results - Extracted JDBC value [1] - [Test save description]
10:24:06.204 [main] DEBUG org.hibernate.orm.results - Extracted JDBC value [2] - [2025-05-23]
10:24:06.204 [main] DEBUG org.hibernate.orm.results - Extracted JDBC value [3] - [2025-06-06]
10:24:06.204 [main] DEBUG org.hibernate.orm.results - Extracted JDBC value [4] - [Test Save Project]
10:24:06.204 [main] DEBUG org.hibernate.orm.results - Extracted JDBC value [5] - [2025-04-25]
10:24:06.205 [main] DEBUG org.hibernate.orm.results.loading.entity - (EntityResultInitializer) Done materializing entityInstance : org.frcpm.models.Project(959662479937700)#54
10:24:06.205 [main] DEBUG org.hibernate.orm.results.loading - Calling top-level assembler (0 / 1) : org.hibernate.sql.results.graph.entity.internal.EntityAssembler@3a848bb1
10:24:06.205 [main] DEBUG org.hibernate.orm.results - Extracted JDBC value [0] - [69]
10:24:06.205 [main] DEBUG org.hibernate.orm.results.loading.entity - (EntityResultInitializer) Hydrated EntityKey (org.frcpm.models.Project(959662479937700)): 69
10:24:06.205 [main] DEBUG org.hibernate.orm.results.loading.org.hibernate.orm.results.loading.collection - (DelayedCollectionInitializer) Current row collection key : org.frcpm.models.Project(959662479937700).meetings#69
10:24:06.205 [main] DEBUG org.hibernate.orm.results.loading.org.hibernate.orm.results.loading.collection - (DelayedCollectionInitializer) Current row collection key : org.frcpm.models.Project(959662479937700).milestones#69
10:24:06.205 [main] DEBUG org.hibernate.orm.results.loading.org.hibernate.orm.results.loading.collection - (DelayedCollectionInitializer) Current row collection key : org.frcpm.models.Project(959662479937700).tasks#69
10:24:06.205 [main] DEBUG org.hibernate.orm.results.loading.entity - (EntityResultInitializer) Created new entity instance [org.frcpm.models.Project(959662479937700)#69] : 1744019560
10:24:06.205 [main] DEBUG org.hibernate.orm.results - Extracted JDBC value [1] - [null]
10:24:06.206 [main] DEBUG org.hibernate.orm.results - Extracted JDBC value [2] - [2025-05-23]
10:24:06.206 [main] DEBUG org.hibernate.orm.results - Extracted JDBC value [3] - [2025-06-06]
10:24:06.206 [main] DEBUG org.hibernate.orm.results - Extracted JDBC value [4] - [Updated Project Name]
10:24:06.206 [main] DEBUG org.hibernate.orm.results - Extracted JDBC value [5] - [2025-04-25]
10:24:06.206 [main] DEBUG org.hibernate.orm.results.loading.entity - (EntityResultInitializer) Done materializing entityInstance : org.frcpm.models.Project(959662479937700)#69
10:24:06.206 [main] DEBUG org.hibernate.orm.results.loading - Calling top-level assembler (0 / 1) : org.hibernate.sql.results.graph.entity.internal.EntityAssembler@3a848bb1
10:24:06.206 [main] DEBUG org.hibernate.orm.results - Extracted JDBC value [0] - [70]
10:24:06.206 [main] DEBUG org.hibernate.orm.results.loading.entity - (EntityResultInitializer) Hydrated EntityKey (org.frcpm.models.Project(959662479937700)): 70
10:24:06.206 [main] DEBUG org.hibernate.orm.results.loading.org.hibernate.orm.results.loading.collection - (DelayedCollectionInitializer) Current row collection key : org.frcpm.models.Project(959662479937700).meetings#70
10:24:06.206 [main] DEBUG org.hibernate.orm.results.loading.org.hibernate.orm.results.loading.collection - (DelayedCollectionInitializer) Current row collection key : org.frcpm.models.Project(959662479937700).milestones#70
10:24:06.206 [main] DEBUG org.hibernate.orm.results.loading.org.hibernate.orm.results.loading.collection - (DelayedCollectionInitializer) Current row collection key : org.frcpm.models.Project(959662479937700).tasks#70
10:24:06.206 [main] DEBUG org.hibernate.orm.results.loading.entity - (EntityResultInitializer) Created new entity instance [org.frcpm.models.Project(959662479937700)#70] : 2020232882
10:24:06.206 [main] DEBUG org.hibernate.orm.results - Extracted JDBC value [1] - [null]
10:24:06.206 [main] DEBUG org.hibernate.orm.results - Extracted JDBC value [2] - [2025-06-06]
10:24:06.206 [main] DEBUG org.hibernate.orm.results - Extracted JDBC value [3] - [2025-06-20]
10:24:06.206 [main] DEBUG org.hibernate.orm.results - Extracted JDBC value [4] - [Test Task Project]
10:24:06.206 [main] DEBUG org.hibernate.orm.results - Extracted JDBC value [5] - [2025-04-25]
10:24:06.206 [main] DEBUG org.hibernate.orm.results.loading.entity - (EntityResultInitializer) Done materializing entityInstance : org.frcpm.models.Project(959662479937700)#70
10:24:06.206 [main] DEBUG org.hibernate.orm.results.loading - Calling top-level assembler (0 / 1) : org.hibernate.sql.results.graph.entity.internal.EntityAssembler@3a848bb1
10:24:06.206 [main] DEBUG org.hibernate.orm.results - Extracted JDBC value [0] - [71]
10:24:06.206 [main] DEBUG org.hibernate.orm.results.loading.entity - (EntityResultInitializer) Hydrated EntityKey (org.frcpm.models.Project(959662479937700)): 71
10:24:06.206 [main] DEBUG org.hibernate.orm.results.loading.org.hibernate.orm.results.loading.collection - (DelayedCollectionInitializer) Current row collection key : org.frcpm.models.Project(959662479937700).meetings#71
10:24:06.206 [main] DEBUG org.hibernate.orm.results.loading.org.hibernate.orm.results.loading.collection - (DelayedCollectionInitializer) Current row collection key : org.frcpm.models.Project(959662479937700).milestones#71
10:24:06.206 [main] DEBUG org.hibernate.orm.results.loading.org.hibernate.orm.results.loading.collection - (DelayedCollectionInitializer) Current row collection key : org.frcpm.models.Project(959662479937700).tasks#71
10:24:06.206 [main] DEBUG org.hibernate.orm.results.loading.entity - (EntityResultInitializer) Created new entity instance [org.frcpm.models.Project(959662479937700)#71] : 88344898
10:24:06.206 [main] DEBUG org.hibernate.orm.results - Extracted JDBC value [1] - [null]
10:24:06.206 [main] DEBUG org.hibernate.orm.results - Extracted JDBC value [2] - [2025-06-06]
10:24:06.206 [main] DEBUG org.hibernate.orm.results - Extracted JDBC value [3] - [2025-06-20]
10:24:06.206 [main] DEBUG org.hibernate.orm.results - Extracted JDBC value [4] - [Test Task Project]
10:24:06.206 [main] DEBUG org.hibernate.orm.results - Extracted JDBC value [5] - [2025-04-25]
10:24:06.206 [main] DEBUG org.hibernate.orm.results.loading.entity - (EntityResultInitializer) Done materializing entityInstance : org.frcpm.models.Project(959662479937700)#71
10:24:06.206 [main] DEBUG org.hibernate.orm.results.loading - Calling top-level assembler (0 / 1) : org.hibernate.sql.results.graph.entity.internal.EntityAssembler@3a848bb1
10:24:06.206 [main] DEBUG org.hibernate.orm.results - Extracted JDBC value [0] - [72]
10:24:06.206 [main] DEBUG org.hibernate.orm.results.loading.entity - (EntityResultInitializer) Hydrated EntityKey (org.frcpm.models.Project(959662479937700)): 72
10:24:06.206 [main] DEBUG org.hibernate.orm.results.loading.org.hibernate.orm.results.loading.collection - (DelayedCollectionInitializer) Current row collection key : org.frcpm.models.Project(959662479937700).meetings#72
10:24:06.206 [main] DEBUG org.hibernate.orm.results.loading.org.hibernate.orm.results.loading.collection - (DelayedCollectionInitializer) Current row collection key : org.frcpm.models.Project(959662479937700).milestones#72
10:24:06.206 [main] DEBUG org.hibernate.orm.results.loading.org.hibernate.orm.results.loading.collection - (DelayedCollectionInitializer) Current row collection key : org.frcpm.models.Project(959662479937700).tasks#72
10:24:06.206 [main] DEBUG org.hibernate.orm.results.loading.entity - (EntityResultInitializer) Created new entity instance [org.frcpm.models.Project(959662479937700)#72] : 583959510
10:24:06.206 [main] DEBUG org.hibernate.orm.results - Extracted JDBC value [1] - [null]
10:24:06.206 [main] DEBUG org.hibernate.orm.results - Extracted JDBC value [2] - [2025-06-06]
10:24:06.206 [main] DEBUG org.hibernate.orm.results - Extracted JDBC value [3] - [2025-06-20]
10:24:06.206 [main] DEBUG org.hibernate.orm.results - Extracted JDBC value [4] - [Test Task Project]
10:24:06.206 [main] DEBUG org.hibernate.orm.results - Extracted JDBC value [5] - [2025-04-25]
10:24:06.207 [main] DEBUG org.hibernate.orm.results.loading.entity - (EntityResultInitializer) Done materializing entityInstance : org.frcpm.models.Project(959662479937700)#72
10:24:06.207 [main] DEBUG org.hibernate.orm.results.loading - Calling top-level assembler (0 / 1) : org.hibernate.sql.results.graph.entity.internal.EntityAssembler@3a848bb1
10:24:06.207 [main] DEBUG org.hibernate.orm.results - Extracted JDBC value [0] - [73]
10:24:06.207 [main] DEBUG org.hibernate.orm.results.loading.entity - (EntityResultInitializer) Hydrated EntityKey (org.frcpm.models.Project(959662479937700)): 73
10:24:06.207 [main] DEBUG org.hibernate.orm.results.loading.org.hibernate.orm.results.loading.collection - (DelayedCollectionInitializer) Current row collection key : org.frcpm.models.Project(959662479937700).meetings#73
10:24:06.207 [main] DEBUG org.hibernate.orm.results.loading.org.hibernate.orm.results.loading.collection - (DelayedCollectionInitializer) Current row collection key : org.frcpm.models.Project(959662479937700).milestones#73
10:24:06.207 [main] DEBUG org.hibernate.orm.results.loading.org.hibernate.orm.results.loading.collection - (DelayedCollectionInitializer) Current row collection key : org.frcpm.models.Project(959662479937700).tasks#73
10:24:06.207 [main] DEBUG org.hibernate.orm.results.loading.entity - (EntityResultInitializer) Created new entity instance [org.frcpm.models.Project(959662479937700)#73] : 1865250793
10:24:06.207 [main] DEBUG org.hibernate.orm.results - Extracted JDBC value [1] - [null]
10:24:06.207 [main] DEBUG org.hibernate.orm.results - Extracted JDBC value [2] - [2025-06-06]
10:24:06.207 [main] DEBUG org.hibernate.orm.results - Extracted JDBC value [3] - [2025-06-20]
10:24:06.207 [main] DEBUG org.hibernate.orm.results - Extracted JDBC value [4] - [Test Task Project]
10:24:06.207 [main] DEBUG org.hibernate.orm.results - Extracted JDBC value [5] - [2025-04-25]
10:24:06.207 [main] DEBUG org.hibernate.orm.results.loading.entity - (EntityResultInitializer) Done materializing entityInstance : org.frcpm.models.Project(959662479937700)#73
10:24:06.207 [main] DEBUG org.hibernate.orm.results.loading - Calling top-level assembler (0 / 1) : org.hibernate.sql.results.graph.entity.internal.EntityAssembler@3a848bb1
10:24:06.207 [main] DEBUG org.hibernate.orm.results - Extracted JDBC value [0] - [74]
10:24:06.207 [main] DEBUG org.hibernate.orm.results.loading.entity - (EntityResultInitializer) Hydrated EntityKey (org.frcpm.models.Project(959662479937700)): 74
10:24:06.207 [main] DEBUG org.hibernate.orm.results.loading.org.hibernate.orm.results.loading.collection - (DelayedCollectionInitializer) Current row collection key : org.frcpm.models.Project(959662479937700).meetings#74
10:24:06.207 [main] DEBUG org.hibernate.orm.results.loading.org.hibernate.orm.results.loading.collection - (DelayedCollectionInitializer) Current row collection key : org.frcpm.models.Project(959662479937700).milestones#74
10:24:06.207 [main] DEBUG org.hibernate.orm.results.loading.org.hibernate.orm.results.loading.collection - (DelayedCollectionInitializer) Current row collection key : org.frcpm.models.Project(959662479937700).tasks#74
10:24:06.207 [main] DEBUG org.hibernate.orm.results.loading.entity - (EntityResultInitializer) Created new entity instance [org.frcpm.models.Project(959662479937700)#74] : 1677683168
10:24:06.207 [main] DEBUG org.hibernate.orm.results - Extracted JDBC value [1] - [null]
10:24:06.207 [main] DEBUG org.hibernate.orm.results - Extracted JDBC value [2] - [2025-06-06]
10:24:06.207 [main] DEBUG org.hibernate.orm.results - Extracted JDBC value [3] - [2025-06-20]
10:24:06.207 [main] DEBUG org.hibernate.orm.results - Extracted JDBC value [4] - [Test Task Project]
10:24:06.207 [main] DEBUG org.hibernate.orm.results - Extracted JDBC value [5] - [2025-04-25]
10:24:06.207 [main] DEBUG org.hibernate.orm.results.loading.entity - (EntityResultInitializer) Done materializing entityInstance : org.frcpm.models.Project(959662479937700)#74
10:24:06.207 [main] DEBUG org.hibernate.orm.results.loading - Calling top-level assembler (0 / 1) : org.hibernate.sql.results.graph.entity.internal.EntityAssembler@3a848bb1
10:24:06.207 [main] DEBUG org.hibernate.orm.results - Extracted JDBC value [0] - [75]
10:24:06.207 [main] DEBUG org.hibernate.orm.results.loading.entity - (EntityResultInitializer) Hydrated EntityKey (org.frcpm.models.Project(959662479937700)): 75
10:24:06.207 [main] DEBUG org.hibernate.orm.results.loading.org.hibernate.orm.results.loading.collection - (DelayedCollectionInitializer) Current row collection key : org.frcpm.models.Project(959662479937700).meetings#75
10:24:06.207 [main] DEBUG org.hibernate.orm.results.loading.org.hibernate.orm.results.loading.collection - (DelayedCollectionInitializer) Current row collection key : org.frcpm.models.Project(959662479937700).milestones#75
10:24:06.207 [main] DEBUG org.hibernate.orm.results.loading.org.hibernate.orm.results.loading.collection - (DelayedCollectionInitializer) Current row collection key : org.frcpm.models.Project(959662479937700).tasks#75
10:24:06.207 [main] DEBUG org.hibernate.orm.results.loading.entity - (EntityResultInitializer) Created new entity instance [org.frcpm.models.Project(959662479937700)#75] : 120960568
10:24:06.207 [main] DEBUG org.hibernate.orm.results - Extracted JDBC value [1] - [null]
10:24:06.207 [main] DEBUG org.hibernate.orm.results - Extracted JDBC value [2] - [2025-06-06]
10:24:06.207 [main] DEBUG org.hibernate.orm.results - Extracted JDBC value [3] - [2025-06-20]
10:24:06.207 [main] DEBUG org.hibernate.orm.results - Extracted JDBC value [4] - [Test Task Project]
10:24:06.207 [main] DEBUG org.hibernate.orm.results - Extracted JDBC value [5] - [2025-04-25]
10:24:06.207 [main] DEBUG org.hibernate.orm.results.loading.entity - (EntityResultInitializer) Done materializing entityInstance : org.frcpm.models.Project(959662479937700)#75
10:24:06.207 [main] DEBUG org.hibernate.orm.results.loading - Calling top-level assembler (0 / 1) : org.hibernate.sql.results.graph.entity.internal.EntityAssembler@3a848bb1
10:24:06.207 [main] DEBUG org.hibernate.orm.results - Extracted JDBC value [0] - [76]
10:24:06.207 [main] DEBUG org.hibernate.orm.results.loading.entity - (EntityResultInitializer) Hydrated EntityKey (org.frcpm.models.Project(959662479937700)): 76
10:24:06.207 [main] DEBUG org.hibernate.orm.results.loading.org.hibernate.orm.results.loading.collection - (DelayedCollectionInitializer) Current row collection key : org.frcpm.models.Project(959662479937700).meetings#76
10:24:06.207 [main] DEBUG org.hibernate.orm.results.loading.org.hibernate.orm.results.loading.collection - (DelayedCollectionInitializer) Current row collection key : org.frcpm.models.Project(959662479937700).milestones#76
10:24:06.207 [main] DEBUG org.hibernate.orm.results.loading.org.hibernate.orm.results.loading.collection - (DelayedCollectionInitializer) Current row collection key : org.frcpm.models.Project(959662479937700).tasks#76
10:24:06.207 [main] DEBUG org.hibernate.orm.results.loading.entity - (EntityResultInitializer) Created new entity instance [org.frcpm.models.Project(959662479937700)#76] : 1037477394
10:24:06.207 [main] DEBUG org.hibernate.orm.results - Extracted JDBC value [1] - [null]
10:24:06.207 [main] DEBUG org.hibernate.orm.results - Extracted JDBC value [2] - [2025-06-06]
10:24:06.207 [main] DEBUG org.hibernate.orm.results - Extracted JDBC value [3] - [2025-06-20]
10:24:06.207 [main] DEBUG org.hibernate.orm.results - Extracted JDBC value [4] - [Test Task Project]
10:24:06.207 [main] DEBUG org.hibernate.orm.results - Extracted JDBC value [5] - [2025-04-25]
10:24:06.207 [main] DEBUG org.hibernate.orm.results.loading.entity - (EntityResultInitializer) Done materializing entityInstance : org.frcpm.models.Project(959662479937700)#76
10:24:06.207 [main] DEBUG org.hibernate.orm.results.loading - Calling top-level assembler (0 / 1) : org.hibernate.sql.results.graph.entity.internal.EntityAssembler@3a848bb1
10:24:06.207 [main] DEBUG org.hibernate.orm.results - Extracted JDBC value [0] - [77]
10:24:06.207 [main] DEBUG org.hibernate.orm.results.loading.entity - (EntityResultInitializer) Hydrated EntityKey (org.frcpm.models.Project(959662479937700)): 77
10:24:06.207 [main] DEBUG org.hibernate.orm.results.loading.org.hibernate.orm.results.loading.collection - (DelayedCollectionInitializer) Current row collection key : org.frcpm.models.Project(959662479937700).meetings#77
10:24:06.207 [main] DEBUG org.hibernate.orm.results.loading.org.hibernate.orm.results.loading.collection - (DelayedCollectionInitializer) Current row collection key : org.frcpm.models.Project(959662479937700).milestones#77
10:24:06.207 [main] DEBUG org.hibernate.orm.results.loading.org.hibernate.orm.results.loading.collection - (DelayedCollectionInitializer) Current row collection key : org.frcpm.models.Project(959662479937700).tasks#77
10:24:06.207 [main] DEBUG org.hibernate.orm.results.loading.entity - (EntityResultInitializer) Created new entity instance [org.frcpm.models.Project(959662479937700)#77] : 1701959073
10:24:06.207 [main] DEBUG org.hibernate.orm.results - Extracted JDBC value [1] - [null]
10:24:06.207 [main] DEBUG org.hibernate.orm.results - Extracted JDBC value [2] - [2025-06-06]
10:24:06.207 [main] DEBUG org.hibernate.orm.results - Extracted JDBC value [3] - [2025-06-20]
10:24:06.207 [main] DEBUG org.hibernate.orm.results - Extracted JDBC value [4] - [Test Task Project]
10:24:06.207 [main] DEBUG org.hibernate.orm.results - Extracted JDBC value [5] - [2025-04-25]
10:24:06.207 [main] DEBUG org.hibernate.orm.results.loading.entity - (EntityResultInitializer) Done materializing entityInstance : org.frcpm.models.Project(959662479937700)#77
10:24:06.207 [main] DEBUG org.hibernate.orm.results.loading - Calling top-level assembler (0 / 1) : org.hibernate.sql.results.graph.entity.internal.EntityAssembler@3a848bb1
10:24:06.207 [main] DEBUG org.hibernate.orm.results - Extracted JDBC value [0] - [78]
10:24:06.207 [main] DEBUG org.hibernate.orm.results.loading.entity - (EntityResultInitializer) Hydrated EntityKey (org.frcpm.models.Project(959662479937700)): 78
10:24:06.207 [main] DEBUG org.hibernate.orm.results.loading.org.hibernate.orm.results.loading.collection - (DelayedCollectionInitializer) Current row collection key : org.frcpm.models.Project(959662479937700).meetings#78
10:24:06.207 [main] DEBUG org.hibernate.orm.results.loading.org.hibernate.orm.results.loading.collection - (DelayedCollectionInitializer) Current row collection key : org.frcpm.models.Project(959662479937700).milestones#78
10:24:06.207 [main] DEBUG org.hibernate.orm.results.loading.org.hibernate.orm.results.loading.collection - (DelayedCollectionInitializer) Current row collection key : org.frcpm.models.Project(959662479937700).tasks#78
10:24:06.207 [main] DEBUG org.hibernate.orm.results.loading.entity - (EntityResultInitializer) Created new entity instance [org.frcpm.models.Project(959662479937700)#78] : 1832276634
10:24:06.207 [main] DEBUG org.hibernate.orm.results - Extracted JDBC value [1] - [null]
10:24:06.207 [main] DEBUG org.hibernate.orm.results - Extracted JDBC value [2] - [2025-06-06]
10:24:06.207 [main] DEBUG org.hibernate.orm.results - Extracted JDBC value [3] - [2025-06-20]
10:24:06.207 [main] DEBUG org.hibernate.orm.results - Extracted JDBC value [4] - [Test Task Project]
10:24:06.207 [main] DEBUG org.hibernate.orm.results - Extracted JDBC value [5] - [2025-04-25]
10:24:06.207 [main] DEBUG org.hibernate.orm.results.loading.entity - (EntityResultInitializer) Done materializing entityInstance : org.frcpm.models.Project(959662479937700)#78
10:24:06.207 [main] DEBUG org.hibernate.orm.results.loading - Calling top-level assembler (0 / 1) : org.hibernate.sql.results.graph.entity.internal.EntityAssembler@3a848bb1
10:24:06.207 [main] DEBUG org.hibernate.orm.results - Extracted JDBC value [0] - [79]
10:24:06.207 [main] DEBUG org.hibernate.orm.results.loading.entity - (EntityResultInitializer) Hydrated EntityKey (org.frcpm.models.Project(959662479937700)): 79
10:24:06.207 [main] DEBUG org.hibernate.orm.results.loading.org.hibernate.orm.results.loading.collection - (DelayedCollectionInitializer) Current row collection key : org.frcpm.models.Project(959662479937700).meetings#79
10:24:06.207 [main] DEBUG org.hibernate.orm.results.loading.org.hibernate.orm.results.loading.collection - (DelayedCollectionInitializer) Current row collection key : org.frcpm.models.Project(959662479937700).milestones#79
10:24:06.207 [main] DEBUG org.hibernate.orm.results.loading.org.hibernate.orm.results.loading.collection - (DelayedCollectionInitializer) Current row collection key : org.frcpm.models.Project(959662479937700).tasks#79
10:24:06.207 [main] DEBUG org.hibernate.orm.results.loading.entity - (EntityResultInitializer) Created new entity instance [org.frcpm.models.Project(959662479937700)#79] : 931933364
10:24:06.207 [main] DEBUG org.hibernate.orm.results - Extracted JDBC value [1] - [null]
10:24:06.207 [main] DEBUG org.hibernate.orm.results - Extracted JDBC value [2] - [2025-06-06]
10:24:06.207 [main] DEBUG org.hibernate.orm.results - Extracted JDBC value [3] - [2025-06-20]
10:24:06.207 [main] DEBUG org.hibernate.orm.results - Extracted JDBC value [4] - [Test Task Project]
10:24:06.207 [main] DEBUG org.hibernate.orm.results - Extracted JDBC value [5] - [2025-04-25]
10:24:06.208 [main] DEBUG org.hibernate.orm.results.loading.entity - (EntityResultInitializer) Done materializing entityInstance : org.frcpm.models.Project(959662479937700)#79
10:24:06.208 [main] DEBUG org.hibernate.orm.results.loading - Calling top-level assembler (0 / 1) : org.hibernate.sql.results.graph.entity.internal.EntityAssembler@3a848bb1
10:24:06.208 [main] DEBUG org.hibernate.orm.results - Extracted JDBC value [0] - [80]
10:24:06.208 [main] DEBUG org.hibernate.orm.results.loading.entity - (EntityResultInitializer) Hydrated EntityKey (org.frcpm.models.Project(959662479937700)): 80
10:24:06.208 [main] DEBUG org.hibernate.orm.results.loading.org.hibernate.orm.results.loading.collection - (DelayedCollectionInitializer) Current row collection key : org.frcpm.models.Project(959662479937700).meetings#80
10:24:06.208 [main] DEBUG org.hibernate.orm.results.loading.org.hibernate.orm.results.loading.collection - (DelayedCollectionInitializer) Current row collection key : org.frcpm.models.Project(959662479937700).milestones#80
10:24:06.208 [main] DEBUG org.hibernate.orm.results.loading.org.hibernate.orm.results.loading.collection - (DelayedCollectionInitializer) Current row collection key : org.frcpm.models.Project(959662479937700).tasks#80
10:24:06.208 [main] DEBUG org.hibernate.orm.results.loading.entity - (EntityResultInitializer) Created new entity instance [org.frcpm.models.Project(959662479937700)#80] : 1896914707
10:24:06.208 [main] DEBUG org.hibernate.orm.results - Extracted JDBC value [1] - [null]
10:24:06.208 [main] DEBUG org.hibernate.orm.results - Extracted JDBC value [2] - [2025-06-06]
10:24:06.208 [main] DEBUG org.hibernate.orm.results - Extracted JDBC value [3] - [2025-06-20]
10:24:06.208 [main] DEBUG org.hibernate.orm.results - Extracted JDBC value [4] - [Test Task Project]
10:24:06.208 [main] DEBUG org.hibernate.orm.results - Extracted JDBC value [5] - [2025-04-25]
10:24:06.208 [main] DEBUG org.hibernate.orm.results.loading.entity - (EntityResultInitializer) Done materializing entityInstance : org.frcpm.models.Project(959662479937700)#80
10:24:06.208 [main] DEBUG org.hibernate.orm.results.loading - Calling top-level assembler (0 / 1) : org.hibernate.sql.results.graph.entity.internal.EntityAssembler@3a848bb1
10:24:06.208 [main] DEBUG org.hibernate.orm.results - Extracted JDBC value [0] - [81]
10:24:06.208 [main] DEBUG org.hibernate.orm.results.loading.entity - (EntityResultInitializer) Hydrated EntityKey (org.frcpm.models.Project(959662479937700)): 81
10:24:06.208 [main] DEBUG org.hibernate.orm.results.loading.org.hibernate.orm.results.loading.collection - (DelayedCollectionInitializer) Current row collection key : org.frcpm.models.Project(959662479937700).meetings#81
10:24:06.208 [main] DEBUG org.hibernate.orm.results.loading.org.hibernate.orm.results.loading.collection - (DelayedCollectionInitializer) Current row collection key : org.frcpm.models.Project(959662479937700).milestones#81
10:24:06.208 [main] DEBUG org.hibernate.orm.results.loading.org.hibernate.orm.results.loading.collection - (DelayedCollectionInitializer) Current row collection key : org.frcpm.models.Project(959662479937700).tasks#81
10:24:06.208 [main] DEBUG org.hibernate.orm.results.loading.entity - (EntityResultInitializer) Created new entity instance [org.frcpm.models.Project(959662479937700)#81] : 2097121686
10:24:06.208 [main] DEBUG org.hibernate.orm.results - Extracted JDBC value [1] - [null]
10:24:06.208 [main] DEBUG org.hibernate.orm.results - Extracted JDBC value [2] - [2025-06-06]
10:24:06.208 [main] DEBUG org.hibernate.orm.results - Extracted JDBC value [3] - [2025-06-20]
10:24:06.208 [main] DEBUG org.hibernate.orm.results - Extracted JDBC value [4] - [Test Task Project]
10:24:06.208 [main] DEBUG org.hibernate.orm.results - Extracted JDBC value [5] - [2025-04-25]
10:24:06.208 [main] DEBUG org.hibernate.orm.results.loading.entity - (EntityResultInitializer) Done materializing entityInstance : org.frcpm.models.Project(959662479937700)#81
10:24:06.208 [main] DEBUG org.hibernate.orm.results.loading - Calling top-level assembler (0 / 1) : org.hibernate.sql.results.graph.entity.internal.EntityAssembler@3a848bb1
10:24:06.208 [main] DEBUG org.hibernate.orm.results - Extracted JDBC value [0] - [82]
10:24:06.208 [main] DEBUG org.hibernate.orm.results.loading.entity - (EntityResultInitializer) Hydrated EntityKey (org.frcpm.models.Project(959662479937700)): 82
10:24:06.208 [main] DEBUG org.hibernate.orm.results.loading.org.hibernate.orm.results.loading.collection - (DelayedCollectionInitializer) Current row collection key : org.frcpm.models.Project(959662479937700).meetings#82
10:24:06.208 [main] DEBUG org.hibernate.orm.results.loading.org.hibernate.orm.results.loading.collection - (DelayedCollectionInitializer) Current row collection key : org.frcpm.models.Project(959662479937700).milestones#82
10:24:06.208 [main] DEBUG org.hibernate.orm.results.loading.org.hibernate.orm.results.loading.collection - (DelayedCollectionInitializer) Current row collection key : org.frcpm.models.Project(959662479937700).tasks#82
10:24:06.208 [main] DEBUG org.hibernate.orm.results.loading.entity - (EntityResultInitializer) Created new entity instance [org.frcpm.models.Project(959662479937700)#82] : 413904684
10:24:06.208 [main] DEBUG org.hibernate.orm.results - Extracted JDBC value [1] - [null]
10:24:06.208 [main] DEBUG org.hibernate.orm.results - Extracted JDBC value [2] - [2025-06-06]
10:24:06.208 [main] DEBUG org.hibernate.orm.results - Extracted JDBC value [3] - [2025-06-20]
10:24:06.208 [main] DEBUG org.hibernate.orm.results - Extracted JDBC value [4] - [Test Task Project]
10:24:06.208 [main] DEBUG org.hibernate.orm.results - Extracted JDBC value [5] - [2025-04-25]
10:24:06.208 [main] DEBUG org.hibernate.orm.results.loading.entity - (EntityResultInitializer) Done materializing entityInstance : org.frcpm.models.Project(959662479937700)#82
10:24:06.208 [main] DEBUG org.hibernate.orm.results.loading - Calling top-level assembler (0 / 1) : org.hibernate.sql.results.graph.entity.internal.EntityAssembler@3a848bb1
10:24:06.208 [main] DEBUG org.hibernate.orm.results - Extracted JDBC value [0] - [104]
10:24:06.208 [main] DEBUG org.hibernate.orm.results.loading.entity - (EntityResultInitializer) Hydrated EntityKey (org.frcpm.models.Project(959662479937700)): 104
10:24:06.208 [main] DEBUG org.hibernate.orm.results.loading.org.hibernate.orm.results.loading.collection - (DelayedCollectionInitializer) Current row collection key : org.frcpm.models.Project(959662479937700).meetings#104
10:24:06.208 [main] DEBUG org.hibernate.orm.results.loading.org.hibernate.orm.results.loading.collection - (DelayedCollectionInitializer) Current row collection key : org.frcpm.models.Project(959662479937700).milestones#104
10:24:06.208 [main] DEBUG org.hibernate.orm.results.loading.org.hibernate.orm.results.loading.collection - (DelayedCollectionInitializer) Current row collection key : org.frcpm.models.Project(959662479937700).tasks#104
10:24:06.208 [main] DEBUG org.hibernate.orm.results.loading.entity - (EntityResultInitializer) Created new entity instance [org.frcpm.models.Project(959662479937700)#104] : 545371304
10:24:06.208 [main] DEBUG org.hibernate.orm.results - Extracted JDBC value [1] - [null]
10:24:06.208 [main] DEBUG org.hibernate.orm.results - Extracted JDBC value [2] - [2025-06-06]
10:24:06.208 [main] DEBUG org.hibernate.orm.results - Extracted JDBC value [3] - [2025-06-20]
10:24:06.208 [main] DEBUG org.hibernate.orm.results - Extracted JDBC value [4] - [Component Test Project]
10:24:06.208 [main] DEBUG org.hibernate.orm.results - Extracted JDBC value [5] - [2025-04-25]
10:24:06.208 [main] DEBUG org.hibernate.orm.results.loading.entity - (EntityResultInitializer) Done materializing entityInstance : org.frcpm.models.Project(959662479937700)#104
10:24:06.208 [main] DEBUG org.hibernate.orm.results.loading - Calling top-level assembler (0 / 1) : org.hibernate.sql.results.graph.entity.internal.EntityAssembler@3a848bb1
10:24:06.208 [main] DEBUG org.hibernate.orm.results - Extracted JDBC value [0] - [135]
10:24:06.208 [main] DEBUG org.hibernate.orm.results.loading.entity - (EntityResultInitializer) Hydrated EntityKey (org.frcpm.models.Project(959662479937700)): 135
10:24:06.208 [main] DEBUG org.hibernate.orm.results.loading.org.hibernate.orm.results.loading.collection - (DelayedCollectionInitializer) Current row collection key : org.frcpm.models.Project(959662479937700).meetings#135
10:24:06.208 [main] DEBUG org.hibernate.orm.results.loading.org.hibernate.orm.results.loading.collection - (DelayedCollectionInitializer) Current row collection key : org.frcpm.models.Project(959662479937700).milestones#135
10:24:06.208 [main] DEBUG org.hibernate.orm.results.loading.org.hibernate.orm.results.loading.collection - (DelayedCollectionInitializer) Current row collection key : org.frcpm.models.Project(959662479937700).tasks#135
10:24:06.208 [main] DEBUG org.hibernate.orm.results.loading.entity - (EntityResultInitializer) Created new entity instance [org.frcpm.models.Project(959662479937700)#135] : 772025491
10:24:06.208 [main] DEBUG org.hibernate.orm.results - Extracted JDBC value [1] - [null]
10:24:06.208 [main] DEBUG org.hibernate.orm.results - Extracted JDBC value [2] - [2025-05-23]
10:24:06.208 [main] DEBUG org.hibernate.orm.results - Extracted JDBC value [3] - [2025-06-06]
10:24:06.208 [main] DEBUG org.hibernate.orm.results - Extracted JDBC value [4] - [Test Create Service Project]
10:24:06.208 [main] DEBUG org.hibernate.orm.results - Extracted JDBC value [5] - [2025-04-25]
10:24:06.208 [main] DEBUG org.hibernate.orm.results.loading.entity - (EntityResultInitializer) Done materializing entityInstance : org.frcpm.models.Project(959662479937700)#135
10:24:06.208 [main] DEBUG org.hibernate.orm.results.loading - Calling top-level assembler (0 / 1) : org.hibernate.sql.results.graph.entity.internal.EntityAssembler@3a848bb1
10:24:06.208 [main] DEBUG org.hibernate.orm.results - Extracted JDBC value [0] - [142]
10:24:06.208 [main] DEBUG org.hibernate.orm.results.loading.entity - (EntityResultInitializer) Hydrated EntityKey (org.frcpm.models.Project(959662479937700)): 142
10:24:06.208 [main] DEBUG org.hibernate.orm.results.loading.org.hibernate.orm.results.loading.collection - (DelayedCollectionInitializer) Current row collection key : org.frcpm.models.Project(959662479937700).meetings#142
10:24:06.208 [main] DEBUG org.hibernate.orm.results.loading.org.hibernate.orm.results.loading.collection - (DelayedCollectionInitializer) Current row collection key : org.frcpm.models.Project(959662479937700).milestones#142
10:24:06.208 [main] DEBUG org.hibernate.orm.results.loading.org.hibernate.orm.results.loading.collection - (DelayedCollectionInitializer) Current row collection key : org.frcpm.models.Project(959662479937700).tasks#142
10:24:06.208 [main] DEBUG org.hibernate.orm.results.loading.entity - (EntityResultInitializer) Created new entity instance [org.frcpm.models.Project(959662479937700)#142] : 1287107889
10:24:06.208 [main] DEBUG org.hibernate.orm.results - Extracted JDBC value [1] - [Updated description]
10:24:06.208 [main] DEBUG org.hibernate.orm.results - Extracted JDBC value [2] - [2025-05-23]
10:24:06.208 [main] DEBUG org.hibernate.orm.results - Extracted JDBC value [3] - [2025-06-06]
10:24:06.208 [main] DEBUG org.hibernate.orm.results - Extracted JDBC value [4] - [Updated Service Project Name]
10:24:06.208 [main] DEBUG org.hibernate.orm.results - Extracted JDBC value [5] - [2025-04-25]
10:24:06.208 [main] DEBUG org.hibernate.orm.results.loading.entity - (EntityResultInitializer) Done materializing entityInstance : org.frcpm.models.Project(959662479937700)#142
10:24:06.208 [main] DEBUG org.hibernate.orm.results.loading - Calling top-level assembler (0 / 1) : org.hibernate.sql.results.graph.entity.internal.EntityAssembler@3a848bb1
10:24:06.208 [main] DEBUG org.hibernate.orm.results - Extracted JDBC value [0] - [148]
10:24:06.208 [main] DEBUG org.hibernate.orm.results.loading.entity - (EntityResultInitializer) Hydrated EntityKey (org.frcpm.models.Project(959662479937700)): 148
10:24:06.208 [main] DEBUG org.hibernate.orm.results.loading.org.hibernate.orm.results.loading.collection - (DelayedCollectionInitializer) Current row collection key : org.frcpm.models.Project(959662479937700).meetings#148
10:24:06.208 [main] DEBUG org.hibernate.orm.results.loading.org.hibernate.orm.results.loading.collection - (DelayedCollectionInitializer) Current row collection key : org.frcpm.models.Project(959662479937700).milestones#148
10:24:06.208 [main] DEBUG org.hibernate.orm.results.loading.org.hibernate.orm.results.loading.collection - (DelayedCollectionInitializer) Current row collection key : org.frcpm.models.Project(959662479937700).tasks#148
10:24:06.208 [main] DEBUG org.hibernate.orm.results.loading.entity - (EntityResultInitializer) Created new entity instance [org.frcpm.models.Project(959662479937700)#148] : 1214373744
10:24:06.208 [main] DEBUG org.hibernate.orm.results - Extracted JDBC value [1] - [null]
10:24:06.208 [main] DEBUG org.hibernate.orm.results - Extracted JDBC value [2] - [2025-05-23]
10:24:06.208 [main] DEBUG org.hibernate.orm.results - Extracted JDBC value [3] - [2025-06-06]
10:24:06.208 [main] DEBUG org.hibernate.orm.results - Extracted JDBC value [4] - [Test Summary Project]
10:24:06.208 [main] DEBUG org.hibernate.orm.results - Extracted JDBC value [5] - [2025-04-25]
10:24:06.208 [main] DEBUG org.hibernate.orm.results.loading.entity - (EntityResultInitializer) Done materializing entityInstance : org.frcpm.models.Project(959662479937700)#148
10:24:06.208 [main] DEBUG org.hibernate.orm.results.loading - Calling top-level assembler (0 / 1) : org.hibernate.sql.results.graph.entity.internal.EntityAssembler@3a848bb1
10:24:06.209 [main] DEBUG org.hibernate.resource.jdbc.internal.LogicalConnectionManagedImpl - Initiating JDBC connection release from afterTransaction
10:24:06.209 [main] DEBUG org.hibernate.resource.jdbc.internal.LogicalConnectionManagedImpl - Initiating JDBC connection release from afterTransaction
]]></system-out>
  </testcase>
  <testcase name="testHandleSave" classname="org.frcpm.controllers.MainControllerTest" time="0.014">
    <system-out><![CDATA[10:24:06.211 [main] DEBUG org.hibernate.orm.sql.ast.create - Created new SQL alias : p1_0
10:24:06.211 [main] DEBUG org.hibernate.orm.sql.ast.create - Registration of TableGroup [StandardTableGroup(org.frcpm.models.Project(959662497580300))] with identifierForTableGroup [org.frcpm.models.Project] for NavigablePath [org.frcpm.models.Project] 
10:24:06.211 [main] DEBUG org.hibernate.orm.results.graph.AST - DomainResult Graph:
 \-EntityResultImpl [org.frcpm.models.Project(959662497580300)]
 |  +-BasicFetch [org.frcpm.models.Project(959662497580300).description]
 |  +-BasicFetch [org.frcpm.models.Project(959662497580300).goalEndDate]
 |  +-BasicFetch [org.frcpm.models.Project(959662497580300).hardDeadline]
 |  +-DelayedCollectionFetch [org.frcpm.models.Project(959662497580300).meetings]
 |  +-DelayedCollectionFetch [org.frcpm.models.Project(959662497580300).milestones]
 |  +-BasicFetch [org.frcpm.models.Project(959662497580300).name]
 |  +-BasicFetch [org.frcpm.models.Project(959662497580300).startDate]
 |  \-DelayedCollectionFetch [org.frcpm.models.Project(959662497580300).tasks]

10:24:06.211 [main] DEBUG org.hibernate.orm.sql.ast.tree - SQL AST Tree:
    SelectStatement {
      FromClause {
        StandardTableGroup (p1 : org.frcpm.models.Project(959662497580300)) {
          primaryTableReference : projects as p1_0
        }
      }
    }

10:24:06.212 [main] DEBUG org.hibernate.orm.sql.exec - Skipping reading Query result cache data: cache-enabled = false, cache-mode = NORMAL
10:24:06.212 [main] DEBUG org.hibernate.orm.results - Initializer list:
	  org.frcpm.models.Project(959662497580300).milestones -> DelayedCollectionInitializer(org.frcpm.models.Project(959662497580300).milestones)@333347770 (PluralAttribute(org.frcpm.models.Project.milestones))
	  org.frcpm.models.Project(959662497580300).meetings -> DelayedCollectionInitializer(org.frcpm.models.Project(959662497580300).meetings)@338431038 (PluralAttribute(org.frcpm.models.Project.meetings))
	  org.frcpm.models.Project(959662497580300).tasks -> DelayedCollectionInitializer(org.frcpm.models.Project(959662497580300).tasks)@601211928 (PluralAttribute(org.frcpm.models.Project.tasks))
	  org.frcpm.models.Project(959662497580300) -> EntityResultInitializer(org.frcpm.models.Project(959662497580300))@134367664 (SingleTableEntityPersister(org.frcpm.models.Project))

10:24:06.212 [main] DEBUG org.hibernate.SQL - select p1_0.id,p1_0.description,p1_0.goal_end_date,p1_0.hard_deadline,p1_0.name,p1_0.start_date from projects p1_0
10:24:06.212 [main] DEBUG org.hibernate.orm.results - Extracted JDBC value [0] - [1]
10:24:06.212 [main] DEBUG org.hibernate.orm.results.loading.entity - (EntityResultInitializer) Hydrated EntityKey (org.frcpm.models.Project(959662497580300)): 1
10:24:06.213 [main] DEBUG org.hibernate.orm.results.loading.org.hibernate.orm.results.loading.collection - (DelayedCollectionInitializer) Current row collection key : org.frcpm.models.Project(959662497580300).meetings#1
10:24:06.213 [main] DEBUG org.hibernate.orm.results.loading.org.hibernate.orm.results.loading.collection - (DelayedCollectionInitializer) Current row collection key : org.frcpm.models.Project(959662497580300).milestones#1
10:24:06.213 [main] DEBUG org.hibernate.orm.results.loading.org.hibernate.orm.results.loading.collection - (DelayedCollectionInitializer) Current row collection key : org.frcpm.models.Project(959662497580300).tasks#1
10:24:06.213 [main] DEBUG org.hibernate.orm.results.loading.entity - (EntityResultInitializer) Created new entity instance [org.frcpm.models.Project(959662497580300)#1] : 295743208
10:24:06.213 [main] DEBUG org.hibernate.orm.results - Extracted JDBC value [1] - [Competition robot for the 2025 FIRST Robotics Competition]
10:24:06.213 [main] DEBUG org.hibernate.orm.results - Extracted JDBC value [2] - [2025-06-12]
10:24:06.213 [main] DEBUG org.hibernate.orm.results - Extracted JDBC value [3] - [2025-06-26]
10:24:06.213 [main] DEBUG org.hibernate.orm.results - Extracted JDBC value [4] - [FRC 2025 Robot]
10:24:06.213 [main] DEBUG org.hibernate.orm.results - Extracted JDBC value [5] - [2025-05-01]
10:24:06.213 [main] DEBUG org.hibernate.orm.results.loading.entity - (EntityResultInitializer) Done materializing entityInstance : org.frcpm.models.Project(959662497580300)#1
10:24:06.213 [main] DEBUG org.hibernate.orm.results.loading - Calling top-level assembler (0 / 1) : org.hibernate.sql.results.graph.entity.internal.EntityAssembler@26501a93
10:24:06.213 [main] DEBUG org.hibernate.orm.results - Extracted JDBC value [0] - [51]
10:24:06.213 [main] DEBUG org.hibernate.orm.results.loading.entity - (EntityResultInitializer) Hydrated EntityKey (org.frcpm.models.Project(959662497580300)): 51
10:24:06.213 [main] DEBUG org.hibernate.orm.results.loading.org.hibernate.orm.results.loading.collection - (DelayedCollectionInitializer) Current row collection key : org.frcpm.models.Project(959662497580300).meetings#51
10:24:06.213 [main] DEBUG org.hibernate.orm.results.loading.org.hibernate.orm.results.loading.collection - (DelayedCollectionInitializer) Current row collection key : org.frcpm.models.Project(959662497580300).milestones#51
10:24:06.214 [main] DEBUG org.hibernate.orm.results.loading.org.hibernate.orm.results.loading.collection - (DelayedCollectionInitializer) Current row collection key : org.frcpm.models.Project(959662497580300).tasks#51
10:24:06.214 [main] DEBUG org.hibernate.orm.results.loading.entity - (EntityResultInitializer) Created new entity instance [org.frcpm.models.Project(959662497580300)#51] : 72531182
10:24:06.214 [main] DEBUG org.hibernate.orm.results - Extracted JDBC value [1] - [null]
10:24:06.214 [main] DEBUG org.hibernate.orm.results - Extracted JDBC value [2] - [2025-05-23]
10:24:06.214 [main] DEBUG org.hibernate.orm.results - Extracted JDBC value [3] - [2025-06-06]
10:24:06.214 [main] DEBUG org.hibernate.orm.results - Extracted JDBC value [4] - [Test Count Project]
10:24:06.214 [main] DEBUG org.hibernate.orm.results - Extracted JDBC value [5] - [2025-04-25]
10:24:06.214 [main] DEBUG org.hibernate.orm.results.loading.entity - (EntityResultInitializer) Done materializing entityInstance : org.frcpm.models.Project(959662497580300)#51
10:24:06.214 [main] DEBUG org.hibernate.orm.results.loading - Calling top-level assembler (0 / 1) : org.hibernate.sql.results.graph.entity.internal.EntityAssembler@26501a93
10:24:06.214 [main] DEBUG org.hibernate.orm.results - Extracted JDBC value [0] - [54]
10:24:06.214 [main] DEBUG org.hibernate.orm.results.loading.entity - (EntityResultInitializer) Hydrated EntityKey (org.frcpm.models.Project(959662497580300)): 54
10:24:06.214 [main] DEBUG org.hibernate.orm.results.loading.org.hibernate.orm.results.loading.collection - (DelayedCollectionInitializer) Current row collection key : org.frcpm.models.Project(959662497580300).meetings#54
10:24:06.214 [main] DEBUG org.hibernate.orm.results.loading.org.hibernate.orm.results.loading.collection - (DelayedCollectionInitializer) Current row collection key : org.frcpm.models.Project(959662497580300).milestones#54
10:24:06.214 [main] DEBUG org.hibernate.orm.results.loading.org.hibernate.orm.results.loading.collection - (DelayedCollectionInitializer) Current row collection key : org.frcpm.models.Project(959662497580300).tasks#54
10:24:06.214 [main] DEBUG org.hibernate.orm.results.loading.entity - (EntityResultInitializer) Created new entity instance [org.frcpm.models.Project(959662497580300)#54] : 1104216532
10:24:06.214 [main] DEBUG org.hibernate.orm.results - Extracted JDBC value [1] - [Test save description]
10:24:06.214 [main] DEBUG org.hibernate.orm.results - Extracted JDBC value [2] - [2025-05-23]
10:24:06.214 [main] DEBUG org.hibernate.orm.results - Extracted JDBC value [3] - [2025-06-06]
10:24:06.214 [main] DEBUG org.hibernate.orm.results - Extracted JDBC value [4] - [Test Save Project]
10:24:06.214 [main] DEBUG org.hibernate.orm.results - Extracted JDBC value [5] - [2025-04-25]
10:24:06.214 [main] DEBUG org.hibernate.orm.results.loading.entity - (EntityResultInitializer) Done materializing entityInstance : org.frcpm.models.Project(959662497580300)#54
10:24:06.215 [main] DEBUG org.hibernate.orm.results.loading - Calling top-level assembler (0 / 1) : org.hibernate.sql.results.graph.entity.internal.EntityAssembler@26501a93
10:24:06.215 [main] DEBUG org.hibernate.orm.results - Extracted JDBC value [0] - [69]
10:24:06.215 [main] DEBUG org.hibernate.orm.results.loading.entity - (EntityResultInitializer) Hydrated EntityKey (org.frcpm.models.Project(959662497580300)): 69
10:24:06.215 [main] DEBUG org.hibernate.orm.results.loading.org.hibernate.orm.results.loading.collection - (DelayedCollectionInitializer) Current row collection key : org.frcpm.models.Project(959662497580300).meetings#69
10:24:06.215 [main] DEBUG org.hibernate.orm.results.loading.org.hibernate.orm.results.loading.collection - (DelayedCollectionInitializer) Current row collection key : org.frcpm.models.Project(959662497580300).milestones#69
10:24:06.215 [main] DEBUG org.hibernate.orm.results.loading.org.hibernate.orm.results.loading.collection - (DelayedCollectionInitializer) Current row collection key : org.frcpm.models.Project(959662497580300).tasks#69
10:24:06.215 [main] DEBUG org.hibernate.orm.results.loading.entity - (EntityResultInitializer) Created new entity instance [org.frcpm.models.Project(959662497580300)#69] : 1837713586
10:24:06.215 [main] DEBUG org.hibernate.orm.results - Extracted JDBC value [1] - [null]
10:24:06.215 [main] DEBUG org.hibernate.orm.results - Extracted JDBC value [2] - [2025-05-23]
10:24:06.215 [main] DEBUG org.hibernate.orm.results - Extracted JDBC value [3] - [2025-06-06]
10:24:06.215 [main] DEBUG org.hibernate.orm.results - Extracted JDBC value [4] - [Updated Project Name]
10:24:06.215 [main] DEBUG org.hibernate.orm.results - Extracted JDBC value [5] - [2025-04-25]
10:24:06.215 [main] DEBUG org.hibernate.orm.results.loading.entity - (EntityResultInitializer) Done materializing entityInstance : org.frcpm.models.Project(959662497580300)#69
10:24:06.215 [main] DEBUG org.hibernate.orm.results.loading - Calling top-level assembler (0 / 1) : org.hibernate.sql.results.graph.entity.internal.EntityAssembler@26501a93
10:24:06.215 [main] DEBUG org.hibernate.orm.results - Extracted JDBC value [0] - [70]
10:24:06.215 [main] DEBUG org.hibernate.orm.results.loading.entity - (EntityResultInitializer) Hydrated EntityKey (org.frcpm.models.Project(959662497580300)): 70
10:24:06.215 [main] DEBUG org.hibernate.orm.results.loading.org.hibernate.orm.results.loading.collection - (DelayedCollectionInitializer) Current row collection key : org.frcpm.models.Project(959662497580300).meetings#70
10:24:06.215 [main] DEBUG org.hibernate.orm.results.loading.org.hibernate.orm.results.loading.collection - (DelayedCollectionInitializer) Current row collection key : org.frcpm.models.Project(959662497580300).milestones#70
10:24:06.215 [main] DEBUG org.hibernate.orm.results.loading.org.hibernate.orm.results.loading.collection - (DelayedCollectionInitializer) Current row collection key : org.frcpm.models.Project(959662497580300).tasks#70
10:24:06.215 [main] DEBUG org.hibernate.orm.results.loading.entity - (EntityResultInitializer) Created new entity instance [org.frcpm.models.Project(959662497580300)#70] : 31166147
10:24:06.216 [main] DEBUG org.hibernate.orm.results - Extracted JDBC value [1] - [null]
10:24:06.216 [main] DEBUG org.hibernate.orm.results - Extracted JDBC value [2] - [2025-06-06]
10:24:06.216 [main] DEBUG org.hibernate.orm.results - Extracted JDBC value [3] - [2025-06-20]
10:24:06.216 [main] DEBUG org.hibernate.orm.results - Extracted JDBC value [4] - [Test Task Project]
10:24:06.216 [main] DEBUG org.hibernate.orm.results - Extracted JDBC value [5] - [2025-04-25]
10:24:06.216 [main] DEBUG org.hibernate.orm.results.loading.entity - (EntityResultInitializer) Done materializing entityInstance : org.frcpm.models.Project(959662497580300)#70
10:24:06.216 [main] DEBUG org.hibernate.orm.results.loading - Calling top-level assembler (0 / 1) : org.hibernate.sql.results.graph.entity.internal.EntityAssembler@26501a93
10:24:06.216 [main] DEBUG org.hibernate.orm.results - Extracted JDBC value [0] - [71]
10:24:06.216 [main] DEBUG org.hibernate.orm.results.loading.entity - (EntityResultInitializer) Hydrated EntityKey (org.frcpm.models.Project(959662497580300)): 71
10:24:06.216 [main] DEBUG org.hibernate.orm.results.loading.org.hibernate.orm.results.loading.collection - (DelayedCollectionInitializer) Current row collection key : org.frcpm.models.Project(959662497580300).meetings#71
10:24:06.216 [main] DEBUG org.hibernate.orm.results.loading.org.hibernate.orm.results.loading.collection - (DelayedCollectionInitializer) Current row collection key : org.frcpm.models.Project(959662497580300).milestones#71
10:24:06.216 [main] DEBUG org.hibernate.orm.results.loading.org.hibernate.orm.results.loading.collection - (DelayedCollectionInitializer) Current row collection key : org.frcpm.models.Project(959662497580300).tasks#71
10:24:06.217 [main] DEBUG org.hibernate.orm.results.loading.entity - (EntityResultInitializer) Created new entity instance [org.frcpm.models.Project(959662497580300)#71] : 414821585
10:24:06.217 [main] DEBUG org.hibernate.orm.results - Extracted JDBC value [1] - [null]
10:24:06.217 [main] DEBUG org.hibernate.orm.results - Extracted JDBC value [2] - [2025-06-06]
10:24:06.217 [main] DEBUG org.hibernate.orm.results - Extracted JDBC value [3] - [2025-06-20]
10:24:06.217 [main] DEBUG org.hibernate.orm.results - Extracted JDBC value [4] - [Test Task Project]
10:24:06.217 [main] DEBUG org.hibernate.orm.results - Extracted JDBC value [5] - [2025-04-25]
10:24:06.217 [main] DEBUG org.hibernate.orm.results.loading.entity - (EntityResultInitializer) Done materializing entityInstance : org.frcpm.models.Project(959662497580300)#71
10:24:06.217 [main] DEBUG org.hibernate.orm.results.loading - Calling top-level assembler (0 / 1) : org.hibernate.sql.results.graph.entity.internal.EntityAssembler@26501a93
10:24:06.217 [main] DEBUG org.hibernate.orm.results - Extracted JDBC value [0] - [72]
10:24:06.217 [main] DEBUG org.hibernate.orm.results.loading.entity - (EntityResultInitializer) Hydrated EntityKey (org.frcpm.models.Project(959662497580300)): 72
10:24:06.217 [main] DEBUG org.hibernate.orm.results.loading.org.hibernate.orm.results.loading.collection - (DelayedCollectionInitializer) Current row collection key : org.frcpm.models.Project(959662497580300).meetings#72
10:24:06.217 [main] DEBUG org.hibernate.orm.results.loading.org.hibernate.orm.results.loading.collection - (DelayedCollectionInitializer) Current row collection key : org.frcpm.models.Project(959662497580300).milestones#72
10:24:06.217 [main] DEBUG org.hibernate.orm.results.loading.org.hibernate.orm.results.loading.collection - (DelayedCollectionInitializer) Current row collection key : org.frcpm.models.Project(959662497580300).tasks#72
10:24:06.217 [main] DEBUG org.hibernate.orm.results.loading.entity - (EntityResultInitializer) Created new entity instance [org.frcpm.models.Project(959662497580300)#72] : 1995095766
10:24:06.217 [main] DEBUG org.hibernate.orm.results - Extracted JDBC value [1] - [null]
10:24:06.217 [main] DEBUG org.hibernate.orm.results - Extracted JDBC value [2] - [2025-06-06]
10:24:06.217 [main] DEBUG org.hibernate.orm.results - Extracted JDBC value [3] - [2025-06-20]
10:24:06.217 [main] DEBUG org.hibernate.orm.results - Extracted JDBC value [4] - [Test Task Project]
10:24:06.217 [main] DEBUG org.hibernate.orm.results - Extracted JDBC value [5] - [2025-04-25]
10:24:06.217 [main] DEBUG org.hibernate.orm.results.loading.entity - (EntityResultInitializer) Done materializing entityInstance : org.frcpm.models.Project(959662497580300)#72
10:24:06.217 [main] DEBUG org.hibernate.orm.results.loading - Calling top-level assembler (0 / 1) : org.hibernate.sql.results.graph.entity.internal.EntityAssembler@26501a93
10:24:06.217 [main] DEBUG org.hibernate.orm.results - Extracted JDBC value [0] - [73]
10:24:06.217 [main] DEBUG org.hibernate.orm.results.loading.entity - (EntityResultInitializer) Hydrated EntityKey (org.frcpm.models.Project(959662497580300)): 73
10:24:06.217 [main] DEBUG org.hibernate.orm.results.loading.org.hibernate.orm.results.loading.collection - (DelayedCollectionInitializer) Current row collection key : org.frcpm.models.Project(959662497580300).meetings#73
10:24:06.217 [main] DEBUG org.hibernate.orm.results.loading.org.hibernate.orm.results.loading.collection - (DelayedCollectionInitializer) Current row collection key : org.frcpm.models.Project(959662497580300).milestones#73
10:24:06.217 [main] DEBUG org.hibernate.orm.results.loading.org.hibernate.orm.results.loading.collection - (DelayedCollectionInitializer) Current row collection key : org.frcpm.models.Project(959662497580300).tasks#73
10:24:06.218 [main] DEBUG org.hibernate.orm.results.loading.entity - (EntityResultInitializer) Created new entity instance [org.frcpm.models.Project(959662497580300)#73] : 401260981
10:24:06.218 [main] DEBUG org.hibernate.orm.results - Extracted JDBC value [1] - [null]
10:24:06.218 [main] DEBUG org.hibernate.orm.results - Extracted JDBC value [2] - [2025-06-06]
10:24:06.218 [main] DEBUG org.hibernate.orm.results - Extracted JDBC value [3] - [2025-06-20]
10:24:06.218 [main] DEBUG org.hibernate.orm.results - Extracted JDBC value [4] - [Test Task Project]
10:24:06.218 [main] DEBUG org.hibernate.orm.results - Extracted JDBC value [5] - [2025-04-25]
10:24:06.218 [main] DEBUG org.hibernate.orm.results.loading.entity - (EntityResultInitializer) Done materializing entityInstance : org.frcpm.models.Project(959662497580300)#73
10:24:06.218 [main] DEBUG org.hibernate.orm.results.loading - Calling top-level assembler (0 / 1) : org.hibernate.sql.results.graph.entity.internal.EntityAssembler@26501a93
10:24:06.218 [main] DEBUG org.hibernate.orm.results - Extracted JDBC value [0] - [74]
10:24:06.218 [main] DEBUG org.hibernate.orm.results.loading.entity - (EntityResultInitializer) Hydrated EntityKey (org.frcpm.models.Project(959662497580300)): 74
10:24:06.218 [main] DEBUG org.hibernate.orm.results.loading.org.hibernate.orm.results.loading.collection - (DelayedCollectionInitializer) Current row collection key : org.frcpm.models.Project(959662497580300).meetings#74
10:24:06.218 [main] DEBUG org.hibernate.orm.results.loading.org.hibernate.orm.results.loading.collection - (DelayedCollectionInitializer) Current row collection key : org.frcpm.models.Project(959662497580300).milestones#74
10:24:06.218 [main] DEBUG org.hibernate.orm.results.loading.org.hibernate.orm.results.loading.collection - (DelayedCollectionInitializer) Current row collection key : org.frcpm.models.Project(959662497580300).tasks#74
10:24:06.218 [main] DEBUG org.hibernate.orm.results.loading.entity - (EntityResultInitializer) Created new entity instance [org.frcpm.models.Project(959662497580300)#74] : 663774151
10:24:06.218 [main] DEBUG org.hibernate.orm.results - Extracted JDBC value [1] - [null]
10:24:06.219 [main] DEBUG org.hibernate.orm.results - Extracted JDBC value [2] - [2025-06-06]
10:24:06.219 [main] DEBUG org.hibernate.orm.results - Extracted JDBC value [3] - [2025-06-20]
10:24:06.219 [main] DEBUG org.hibernate.orm.results - Extracted JDBC value [4] - [Test Task Project]
10:24:06.219 [main] DEBUG org.hibernate.orm.results - Extracted JDBC value [5] - [2025-04-25]
10:24:06.219 [main] DEBUG org.hibernate.orm.results.loading.entity - (EntityResultInitializer) Done materializing entityInstance : org.frcpm.models.Project(959662497580300)#74
10:24:06.219 [main] DEBUG org.hibernate.orm.results.loading - Calling top-level assembler (0 / 1) : org.hibernate.sql.results.graph.entity.internal.EntityAssembler@26501a93
10:24:06.219 [main] DEBUG org.hibernate.orm.results - Extracted JDBC value [0] - [75]
10:24:06.219 [main] DEBUG org.hibernate.orm.results.loading.entity - (EntityResultInitializer) Hydrated EntityKey (org.frcpm.models.Project(959662497580300)): 75
10:24:06.219 [main] DEBUG org.hibernate.orm.results.loading.org.hibernate.orm.results.loading.collection - (DelayedCollectionInitializer) Current row collection key : org.frcpm.models.Project(959662497580300).meetings#75
10:24:06.219 [main] DEBUG org.hibernate.orm.results.loading.org.hibernate.orm.results.loading.collection - (DelayedCollectionInitializer) Current row collection key : org.frcpm.models.Project(959662497580300).milestones#75
10:24:06.219 [main] DEBUG org.hibernate.orm.results.loading.org.hibernate.orm.results.loading.collection - (DelayedCollectionInitializer) Current row collection key : org.frcpm.models.Project(959662497580300).tasks#75
10:24:06.219 [main] DEBUG org.hibernate.orm.results.loading.entity - (EntityResultInitializer) Created new entity instance [org.frcpm.models.Project(959662497580300)#75] : 1180540110
10:24:06.219 [main] DEBUG org.hibernate.orm.results - Extracted JDBC value [1] - [null]
10:24:06.220 [main] DEBUG org.hibernate.orm.results - Extracted JDBC value [2] - [2025-06-06]
10:24:06.220 [main] DEBUG org.hibernate.orm.results - Extracted JDBC value [3] - [2025-06-20]
10:24:06.220 [main] DEBUG org.hibernate.orm.results - Extracted JDBC value [4] - [Test Task Project]
10:24:06.220 [main] DEBUG org.hibernate.orm.results - Extracted JDBC value [5] - [2025-04-25]
10:24:06.220 [main] DEBUG org.hibernate.orm.results.loading.entity - (EntityResultInitializer) Done materializing entityInstance : org.frcpm.models.Project(959662497580300)#75
10:24:06.220 [main] DEBUG org.hibernate.orm.results.loading - Calling top-level assembler (0 / 1) : org.hibernate.sql.results.graph.entity.internal.EntityAssembler@26501a93
10:24:06.220 [main] DEBUG org.hibernate.orm.results - Extracted JDBC value [0] - [76]
10:24:06.220 [main] DEBUG org.hibernate.orm.results.loading.entity - (EntityResultInitializer) Hydrated EntityKey (org.frcpm.models.Project(959662497580300)): 76
10:24:06.220 [main] DEBUG org.hibernate.orm.results.loading.org.hibernate.orm.results.loading.collection - (DelayedCollectionInitializer) Current row collection key : org.frcpm.models.Project(959662497580300).meetings#76
10:24:06.220 [main] DEBUG org.hibernate.orm.results.loading.org.hibernate.orm.results.loading.collection - (DelayedCollectionInitializer) Current row collection key : org.frcpm.models.Project(959662497580300).milestones#76
10:24:06.220 [main] DEBUG org.hibernate.orm.results.loading.org.hibernate.orm.results.loading.collection - (DelayedCollectionInitializer) Current row collection key : org.frcpm.models.Project(959662497580300).tasks#76
10:24:06.220 [main] DEBUG org.hibernate.orm.results.loading.entity - (EntityResultInitializer) Created new entity instance [org.frcpm.models.Project(959662497580300)#76] : 1668936513
10:24:06.221 [main] DEBUG org.hibernate.orm.results - Extracted JDBC value [1] - [null]
10:24:06.221 [main] DEBUG org.hibernate.orm.results - Extracted JDBC value [2] - [2025-06-06]
10:24:06.221 [main] DEBUG org.hibernate.orm.results - Extracted JDBC value [3] - [2025-06-20]
10:24:06.221 [main] DEBUG org.hibernate.orm.results - Extracted JDBC value [4] - [Test Task Project]
10:24:06.221 [main] DEBUG org.hibernate.orm.results - Extracted JDBC value [5] - [2025-04-25]
10:24:06.221 [main] DEBUG org.hibernate.orm.results.loading.entity - (EntityResultInitializer) Done materializing entityInstance : org.frcpm.models.Project(959662497580300)#76
10:24:06.221 [main] DEBUG org.hibernate.orm.results.loading - Calling top-level assembler (0 / 1) : org.hibernate.sql.results.graph.entity.internal.EntityAssembler@26501a93
10:24:06.221 [main] DEBUG org.hibernate.orm.results - Extracted JDBC value [0] - [77]
10:24:06.221 [main] DEBUG org.hibernate.orm.results.loading.entity - (EntityResultInitializer) Hydrated EntityKey (org.frcpm.models.Project(959662497580300)): 77
10:24:06.221 [main] DEBUG org.hibernate.orm.results.loading.org.hibernate.orm.results.loading.collection - (DelayedCollectionInitializer) Current row collection key : org.frcpm.models.Project(959662497580300).meetings#77
10:24:06.221 [main] DEBUG org.hibernate.orm.results.loading.org.hibernate.orm.results.loading.collection - (DelayedCollectionInitializer) Current row collection key : org.frcpm.models.Project(959662497580300).milestones#77
10:24:06.221 [main] DEBUG org.hibernate.orm.results.loading.org.hibernate.orm.results.loading.collection - (DelayedCollectionInitializer) Current row collection key : org.frcpm.models.Project(959662497580300).tasks#77
10:24:06.221 [main] DEBUG org.hibernate.orm.results.loading.entity - (EntityResultInitializer) Created new entity instance [org.frcpm.models.Project(959662497580300)#77] : 1513339547
10:24:06.221 [main] DEBUG org.hibernate.orm.results - Extracted JDBC value [1] - [null]
10:24:06.221 [main] DEBUG org.hibernate.orm.results - Extracted JDBC value [2] - [2025-06-06]
10:24:06.221 [main] DEBUG org.hibernate.orm.results - Extracted JDBC value [3] - [2025-06-20]
10:24:06.221 [main] DEBUG org.hibernate.orm.results - Extracted JDBC value [4] - [Test Task Project]
10:24:06.221 [main] DEBUG org.hibernate.orm.results - Extracted JDBC value [5] - [2025-04-25]
10:24:06.221 [main] DEBUG org.hibernate.orm.results.loading.entity - (EntityResultInitializer) Done materializing entityInstance : org.frcpm.models.Project(959662497580300)#77
10:24:06.221 [main] DEBUG org.hibernate.orm.results.loading - Calling top-level assembler (0 / 1) : org.hibernate.sql.results.graph.entity.internal.EntityAssembler@26501a93
10:24:06.221 [main] DEBUG org.hibernate.orm.results - Extracted JDBC value [0] - [78]
10:24:06.221 [main] DEBUG org.hibernate.orm.results.loading.entity - (EntityResultInitializer) Hydrated EntityKey (org.frcpm.models.Project(959662497580300)): 78
10:24:06.222 [main] DEBUG org.hibernate.orm.results.loading.org.hibernate.orm.results.loading.collection - (DelayedCollectionInitializer) Current row collection key : org.frcpm.models.Project(959662497580300).meetings#78
10:24:06.222 [main] DEBUG org.hibernate.orm.results.loading.org.hibernate.orm.results.loading.collection - (DelayedCollectionInitializer) Current row collection key : org.frcpm.models.Project(959662497580300).milestones#78
10:24:06.222 [main] DEBUG org.hibernate.orm.results.loading.org.hibernate.orm.results.loading.collection - (DelayedCollectionInitializer) Current row collection key : org.frcpm.models.Project(959662497580300).tasks#78
10:24:06.222 [main] DEBUG org.hibernate.orm.results.loading.entity - (EntityResultInitializer) Created new entity instance [org.frcpm.models.Project(959662497580300)#78] : 387948332
10:24:06.222 [main] DEBUG org.hibernate.orm.results - Extracted JDBC value [1] - [null]
10:24:06.222 [main] DEBUG org.hibernate.orm.results - Extracted JDBC value [2] - [2025-06-06]
10:24:06.222 [main] DEBUG org.hibernate.orm.results - Extracted JDBC value [3] - [2025-06-20]
10:24:06.222 [main] DEBUG org.hibernate.orm.results - Extracted JDBC value [4] - [Test Task Project]
10:24:06.222 [main] DEBUG org.hibernate.orm.results - Extracted JDBC value [5] - [2025-04-25]
10:24:06.222 [main] DEBUG org.hibernate.orm.results.loading.entity - (EntityResultInitializer) Done materializing entityInstance : org.frcpm.models.Project(959662497580300)#78
10:24:06.222 [main] DEBUG org.hibernate.orm.results.loading - Calling top-level assembler (0 / 1) : org.hibernate.sql.results.graph.entity.internal.EntityAssembler@26501a93
10:24:06.222 [main] DEBUG org.hibernate.orm.results - Extracted JDBC value [0] - [79]
10:24:06.222 [main] DEBUG org.hibernate.orm.results.loading.entity - (EntityResultInitializer) Hydrated EntityKey (org.frcpm.models.Project(959662497580300)): 79
10:24:06.222 [main] DEBUG org.hibernate.orm.results.loading.org.hibernate.orm.results.loading.collection - (DelayedCollectionInitializer) Current row collection key : org.frcpm.models.Project(959662497580300).meetings#79
10:24:06.222 [main] DEBUG org.hibernate.orm.results.loading.org.hibernate.orm.results.loading.collection - (DelayedCollectionInitializer) Current row collection key : org.frcpm.models.Project(959662497580300).milestones#79
10:24:06.222 [main] DEBUG org.hibernate.orm.results.loading.org.hibernate.orm.results.loading.collection - (DelayedCollectionInitializer) Current row collection key : org.frcpm.models.Project(959662497580300).tasks#79
10:24:06.222 [main] DEBUG org.hibernate.orm.results.loading.entity - (EntityResultInitializer) Created new entity instance [org.frcpm.models.Project(959662497580300)#79] : 1257491147
10:24:06.222 [main] DEBUG org.hibernate.orm.results - Extracted JDBC value [1] - [null]
10:24:06.222 [main] DEBUG org.hibernate.orm.results - Extracted JDBC value [2] - [2025-06-06]
10:24:06.222 [main] DEBUG org.hibernate.orm.results - Extracted JDBC value [3] - [2025-06-20]
10:24:06.222 [main] DEBUG org.hibernate.orm.results - Extracted JDBC value [4] - [Test Task Project]
10:24:06.222 [main] DEBUG org.hibernate.orm.results - Extracted JDBC value [5] - [2025-04-25]
10:24:06.222 [main] DEBUG org.hibernate.orm.results.loading.entity - (EntityResultInitializer) Done materializing entityInstance : org.frcpm.models.Project(959662497580300)#79
10:24:06.222 [main] DEBUG org.hibernate.orm.results.loading - Calling top-level assembler (0 / 1) : org.hibernate.sql.results.graph.entity.internal.EntityAssembler@26501a93
10:24:06.222 [main] DEBUG org.hibernate.orm.results - Extracted JDBC value [0] - [80]
10:24:06.222 [main] DEBUG org.hibernate.orm.results.loading.entity - (EntityResultInitializer) Hydrated EntityKey (org.frcpm.models.Project(959662497580300)): 80
10:24:06.222 [main] DEBUG org.hibernate.orm.results.loading.org.hibernate.orm.results.loading.collection - (DelayedCollectionInitializer) Current row collection key : org.frcpm.models.Project(959662497580300).meetings#80
10:24:06.222 [main] DEBUG org.hibernate.orm.results.loading.org.hibernate.orm.results.loading.collection - (DelayedCollectionInitializer) Current row collection key : org.frcpm.models.Project(959662497580300).milestones#80
10:24:06.222 [main] DEBUG org.hibernate.orm.results.loading.org.hibernate.orm.results.loading.collection - (DelayedCollectionInitializer) Current row collection key : org.frcpm.models.Project(959662497580300).tasks#80
10:24:06.222 [main] DEBUG org.hibernate.orm.results.loading.entity - (EntityResultInitializer) Created new entity instance [org.frcpm.models.Project(959662497580300)#80] : 87791529
10:24:06.222 [main] DEBUG org.hibernate.orm.results - Extracted JDBC value [1] - [null]
10:24:06.222 [main] DEBUG org.hibernate.orm.results - Extracted JDBC value [2] - [2025-06-06]
10:24:06.222 [main] DEBUG org.hibernate.orm.results - Extracted JDBC value [3] - [2025-06-20]
10:24:06.222 [main] DEBUG org.hibernate.orm.results - Extracted JDBC value [4] - [Test Task Project]
10:24:06.222 [main] DEBUG org.hibernate.orm.results - Extracted JDBC value [5] - [2025-04-25]
10:24:06.222 [main] DEBUG org.hibernate.orm.results.loading.entity - (EntityResultInitializer) Done materializing entityInstance : org.frcpm.models.Project(959662497580300)#80
10:24:06.222 [main] DEBUG org.hibernate.orm.results.loading - Calling top-level assembler (0 / 1) : org.hibernate.sql.results.graph.entity.internal.EntityAssembler@26501a93
10:24:06.222 [main] DEBUG org.hibernate.orm.results - Extracted JDBC value [0] - [81]
10:24:06.222 [main] DEBUG org.hibernate.orm.results.loading.entity - (EntityResultInitializer) Hydrated EntityKey (org.frcpm.models.Project(959662497580300)): 81
10:24:06.222 [main] DEBUG org.hibernate.orm.results.loading.org.hibernate.orm.results.loading.collection - (DelayedCollectionInitializer) Current row collection key : org.frcpm.models.Project(959662497580300).meetings#81
10:24:06.222 [main] DEBUG org.hibernate.orm.results.loading.org.hibernate.orm.results.loading.collection - (DelayedCollectionInitializer) Current row collection key : org.frcpm.models.Project(959662497580300).milestones#81
10:24:06.222 [main] DEBUG org.hibernate.orm.results.loading.org.hibernate.orm.results.loading.collection - (DelayedCollectionInitializer) Current row collection key : org.frcpm.models.Project(959662497580300).tasks#81
10:24:06.222 [main] DEBUG org.hibernate.orm.results.loading.entity - (EntityResultInitializer) Created new entity instance [org.frcpm.models.Project(959662497580300)#81] : 930603925
10:24:06.222 [main] DEBUG org.hibernate.orm.results - Extracted JDBC value [1] - [null]
10:24:06.222 [main] DEBUG org.hibernate.orm.results - Extracted JDBC value [2] - [2025-06-06]
10:24:06.222 [main] DEBUG org.hibernate.orm.results - Extracted JDBC value [3] - [2025-06-20]
10:24:06.222 [main] DEBUG org.hibernate.orm.results - Extracted JDBC value [4] - [Test Task Project]
10:24:06.222 [main] DEBUG org.hibernate.orm.results - Extracted JDBC value [5] - [2025-04-25]
10:24:06.222 [main] DEBUG org.hibernate.orm.results.loading.entity - (EntityResultInitializer) Done materializing entityInstance : org.frcpm.models.Project(959662497580300)#81
10:24:06.222 [main] DEBUG org.hibernate.orm.results.loading - Calling top-level assembler (0 / 1) : org.hibernate.sql.results.graph.entity.internal.EntityAssembler@26501a93
10:24:06.222 [main] DEBUG org.hibernate.orm.results - Extracted JDBC value [0] - [82]
10:24:06.222 [main] DEBUG org.hibernate.orm.results.loading.entity - (EntityResultInitializer) Hydrated EntityKey (org.frcpm.models.Project(959662497580300)): 82
10:24:06.222 [main] DEBUG org.hibernate.orm.results.loading.org.hibernate.orm.results.loading.collection - (DelayedCollectionInitializer) Current row collection key : org.frcpm.models.Project(959662497580300).meetings#82
10:24:06.222 [main] DEBUG org.hibernate.orm.results.loading.org.hibernate.orm.results.loading.collection - (DelayedCollectionInitializer) Current row collection key : org.frcpm.models.Project(959662497580300).milestones#82
10:24:06.222 [main] DEBUG org.hibernate.orm.results.loading.org.hibernate.orm.results.loading.collection - (DelayedCollectionInitializer) Current row collection key : org.frcpm.models.Project(959662497580300).tasks#82
10:24:06.222 [main] DEBUG org.hibernate.orm.results.loading.entity - (EntityResultInitializer) Created new entity instance [org.frcpm.models.Project(959662497580300)#82] : 922635952
10:24:06.223 [main] DEBUG org.hibernate.orm.results - Extracted JDBC value [1] - [null]
10:24:06.223 [main] DEBUG org.hibernate.orm.results - Extracted JDBC value [2] - [2025-06-06]
10:24:06.223 [main] DEBUG org.hibernate.orm.results - Extracted JDBC value [3] - [2025-06-20]
10:24:06.223 [main] DEBUG org.hibernate.orm.results - Extracted JDBC value [4] - [Test Task Project]
10:24:06.223 [main] DEBUG org.hibernate.orm.results - Extracted JDBC value [5] - [2025-04-25]
10:24:06.223 [main] DEBUG org.hibernate.orm.results.loading.entity - (EntityResultInitializer) Done materializing entityInstance : org.frcpm.models.Project(959662497580300)#82
10:24:06.223 [main] DEBUG org.hibernate.orm.results.loading - Calling top-level assembler (0 / 1) : org.hibernate.sql.results.graph.entity.internal.EntityAssembler@26501a93
10:24:06.223 [main] DEBUG org.hibernate.orm.results - Extracted JDBC value [0] - [104]
10:24:06.223 [main] DEBUG org.hibernate.orm.results.loading.entity - (EntityResultInitializer) Hydrated EntityKey (org.frcpm.models.Project(959662497580300)): 104
10:24:06.223 [main] DEBUG org.hibernate.orm.results.loading.org.hibernate.orm.results.loading.collection - (DelayedCollectionInitializer) Current row collection key : org.frcpm.models.Project(959662497580300).meetings#104
10:24:06.223 [main] DEBUG org.hibernate.orm.results.loading.org.hibernate.orm.results.loading.collection - (DelayedCollectionInitializer) Current row collection key : org.frcpm.models.Project(959662497580300).milestones#104
10:24:06.223 [main] DEBUG org.hibernate.orm.results.loading.org.hibernate.orm.results.loading.collection - (DelayedCollectionInitializer) Current row collection key : org.frcpm.models.Project(959662497580300).tasks#104
10:24:06.223 [main] DEBUG org.hibernate.orm.results.loading.entity - (EntityResultInitializer) Created new entity instance [org.frcpm.models.Project(959662497580300)#104] : 1064920590
10:24:06.223 [main] DEBUG org.hibernate.orm.results - Extracted JDBC value [1] - [null]
10:24:06.223 [main] DEBUG org.hibernate.orm.results - Extracted JDBC value [2] - [2025-06-06]
10:24:06.223 [main] DEBUG org.hibernate.orm.results - Extracted JDBC value [3] - [2025-06-20]
10:24:06.223 [main] DEBUG org.hibernate.orm.results - Extracted JDBC value [4] - [Component Test Project]
10:24:06.223 [main] DEBUG org.hibernate.orm.results - Extracted JDBC value [5] - [2025-04-25]
10:24:06.223 [main] DEBUG org.hibernate.orm.results.loading.entity - (EntityResultInitializer) Done materializing entityInstance : org.frcpm.models.Project(959662497580300)#104
10:24:06.223 [main] DEBUG org.hibernate.orm.results.loading - Calling top-level assembler (0 / 1) : org.hibernate.sql.results.graph.entity.internal.EntityAssembler@26501a93
10:24:06.223 [main] DEBUG org.hibernate.orm.results - Extracted JDBC value [0] - [135]
10:24:06.223 [main] DEBUG org.hibernate.orm.results.loading.entity - (EntityResultInitializer) Hydrated EntityKey (org.frcpm.models.Project(959662497580300)): 135
10:24:06.223 [main] DEBUG org.hibernate.orm.results.loading.org.hibernate.orm.results.loading.collection - (DelayedCollectionInitializer) Current row collection key : org.frcpm.models.Project(959662497580300).meetings#135
10:24:06.223 [main] DEBUG org.hibernate.orm.results.loading.org.hibernate.orm.results.loading.collection - (DelayedCollectionInitializer) Current row collection key : org.frcpm.models.Project(959662497580300).milestones#135
10:24:06.223 [main] DEBUG org.hibernate.orm.results.loading.org.hibernate.orm.results.loading.collection - (DelayedCollectionInitializer) Current row collection key : org.frcpm.models.Project(959662497580300).tasks#135
10:24:06.223 [main] DEBUG org.hibernate.orm.results.loading.entity - (EntityResultInitializer) Created new entity instance [org.frcpm.models.Project(959662497580300)#135] : 740928089
10:24:06.223 [main] DEBUG org.hibernate.orm.results - Extracted JDBC value [1] - [null]
10:24:06.223 [main] DEBUG org.hibernate.orm.results - Extracted JDBC value [2] - [2025-05-23]
10:24:06.223 [main] DEBUG org.hibernate.orm.results - Extracted JDBC value [3] - [2025-06-06]
10:24:06.223 [main] DEBUG org.hibernate.orm.results - Extracted JDBC value [4] - [Test Create Service Project]
10:24:06.223 [main] DEBUG org.hibernate.orm.results - Extracted JDBC value [5] - [2025-04-25]
10:24:06.223 [main] DEBUG org.hibernate.orm.results.loading.entity - (EntityResultInitializer) Done materializing entityInstance : org.frcpm.models.Project(959662497580300)#135
10:24:06.223 [main] DEBUG org.hibernate.orm.results.loading - Calling top-level assembler (0 / 1) : org.hibernate.sql.results.graph.entity.internal.EntityAssembler@26501a93
10:24:06.223 [main] DEBUG org.hibernate.orm.results - Extracted JDBC value [0] - [142]
10:24:06.223 [main] DEBUG org.hibernate.orm.results.loading.entity - (EntityResultInitializer) Hydrated EntityKey (org.frcpm.models.Project(959662497580300)): 142
10:24:06.223 [main] DEBUG org.hibernate.orm.results.loading.org.hibernate.orm.results.loading.collection - (DelayedCollectionInitializer) Current row collection key : org.frcpm.models.Project(959662497580300).meetings#142
10:24:06.223 [main] DEBUG org.hibernate.orm.results.loading.org.hibernate.orm.results.loading.collection - (DelayedCollectionInitializer) Current row collection key : org.frcpm.models.Project(959662497580300).milestones#142
10:24:06.223 [main] DEBUG org.hibernate.orm.results.loading.org.hibernate.orm.results.loading.collection - (DelayedCollectionInitializer) Current row collection key : org.frcpm.models.Project(959662497580300).tasks#142
10:24:06.223 [main] DEBUG org.hibernate.orm.results.loading.entity - (EntityResultInitializer) Created new entity instance [org.frcpm.models.Project(959662497580300)#142] : 204837907
10:24:06.223 [main] DEBUG org.hibernate.orm.results - Extracted JDBC value [1] - [Updated description]
10:24:06.223 [main] DEBUG org.hibernate.orm.results - Extracted JDBC value [2] - [2025-05-23]
10:24:06.223 [main] DEBUG org.hibernate.orm.results - Extracted JDBC value [3] - [2025-06-06]
10:24:06.223 [main] DEBUG org.hibernate.orm.results - Extracted JDBC value [4] - [Updated Service Project Name]
10:24:06.223 [main] DEBUG org.hibernate.orm.results - Extracted JDBC value [5] - [2025-04-25]
10:24:06.223 [main] DEBUG org.hibernate.orm.results.loading.entity - (EntityResultInitializer) Done materializing entityInstance : org.frcpm.models.Project(959662497580300)#142
10:24:06.223 [main] DEBUG org.hibernate.orm.results.loading - Calling top-level assembler (0 / 1) : org.hibernate.sql.results.graph.entity.internal.EntityAssembler@26501a93
10:24:06.223 [main] DEBUG org.hibernate.orm.results - Extracted JDBC value [0] - [148]
10:24:06.223 [main] DEBUG org.hibernate.orm.results.loading.entity - (EntityResultInitializer) Hydrated EntityKey (org.frcpm.models.Project(959662497580300)): 148
10:24:06.223 [main] DEBUG org.hibernate.orm.results.loading.org.hibernate.orm.results.loading.collection - (DelayedCollectionInitializer) Current row collection key : org.frcpm.models.Project(959662497580300).meetings#148
10:24:06.223 [main] DEBUG org.hibernate.orm.results.loading.org.hibernate.orm.results.loading.collection - (DelayedCollectionInitializer) Current row collection key : org.frcpm.models.Project(959662497580300).milestones#148
10:24:06.223 [main] DEBUG org.hibernate.orm.results.loading.org.hibernate.orm.results.loading.collection - (DelayedCollectionInitializer) Current row collection key : org.frcpm.models.Project(959662497580300).tasks#148
10:24:06.223 [main] DEBUG org.hibernate.orm.results.loading.entity - (EntityResultInitializer) Created new entity instance [org.frcpm.models.Project(959662497580300)#148] : 342809115
10:24:06.223 [main] DEBUG org.hibernate.orm.results - Extracted JDBC value [1] - [null]
10:24:06.223 [main] DEBUG org.hibernate.orm.results - Extracted JDBC value [2] - [2025-05-23]
10:24:06.223 [main] DEBUG org.hibernate.orm.results - Extracted JDBC value [3] - [2025-06-06]
10:24:06.223 [main] DEBUG org.hibernate.orm.results - Extracted JDBC value [4] - [Test Summary Project]
10:24:06.223 [main] DEBUG org.hibernate.orm.results - Extracted JDBC value [5] - [2025-04-25]
10:24:06.223 [main] DEBUG org.hibernate.orm.results.loading.entity - (EntityResultInitializer) Done materializing entityInstance : org.frcpm.models.Project(959662497580300)#148
10:24:06.223 [main] DEBUG org.hibernate.orm.results.loading - Calling top-level assembler (0 / 1) : org.hibernate.sql.results.graph.entity.internal.EntityAssembler@26501a93
10:24:06.223 [main] DEBUG org.hibernate.resource.jdbc.internal.LogicalConnectionManagedImpl - Initiating JDBC connection release from afterTransaction
10:24:06.223 [main] DEBUG org.hibernate.resource.jdbc.internal.LogicalConnectionManagedImpl - Initiating JDBC connection release from afterTransaction
]]></system-out>
  </testcase>
  <testcase name="testHandleAddTask" classname="org.frcpm.controllers.MainControllerTest" time="0.016">
    <system-out><![CDATA[10:24:06.226 [main] DEBUG org.hibernate.orm.sql.ast.create - Created new SQL alias : p1_0
10:24:06.226 [main] DEBUG org.hibernate.orm.sql.ast.create - Registration of TableGroup [StandardTableGroup(org.frcpm.models.Project(959662512398600))] with identifierForTableGroup [org.frcpm.models.Project] for NavigablePath [org.frcpm.models.Project] 
10:24:06.227 [main] DEBUG org.hibernate.orm.results.graph.AST - DomainResult Graph:
 \-EntityResultImpl [org.frcpm.models.Project(959662512398600)]
 |  +-BasicFetch [org.frcpm.models.Project(959662512398600).description]
 |  +-BasicFetch [org.frcpm.models.Project(959662512398600).goalEndDate]
 |  +-BasicFetch [org.frcpm.models.Project(959662512398600).hardDeadline]
 |  +-DelayedCollectionFetch [org.frcpm.models.Project(959662512398600).meetings]
 |  +-DelayedCollectionFetch [org.frcpm.models.Project(959662512398600).milestones]
 |  +-BasicFetch [org.frcpm.models.Project(959662512398600).name]
 |  +-BasicFetch [org.frcpm.models.Project(959662512398600).startDate]
 |  \-DelayedCollectionFetch [org.frcpm.models.Project(959662512398600).tasks]

10:24:06.227 [main] DEBUG org.hibernate.orm.sql.ast.tree - SQL AST Tree:
    SelectStatement {
      FromClause {
        StandardTableGroup (p1 : org.frcpm.models.Project(959662512398600)) {
          primaryTableReference : projects as p1_0
        }
      }
    }

10:24:06.227 [main] DEBUG org.hibernate.orm.sql.exec - Skipping reading Query result cache data: cache-enabled = false, cache-mode = NORMAL
10:24:06.227 [main] DEBUG org.hibernate.orm.results - Initializer list:
	  org.frcpm.models.Project(959662512398600).meetings -> DelayedCollectionInitializer(org.frcpm.models.Project(959662512398600).meetings)@124417391 (PluralAttribute(org.frcpm.models.Project.meetings))
	  org.frcpm.models.Project(959662512398600).milestones -> DelayedCollectionInitializer(org.frcpm.models.Project(959662512398600).milestones)@841017912 (PluralAttribute(org.frcpm.models.Project.milestones))
	  org.frcpm.models.Project(959662512398600).tasks -> DelayedCollectionInitializer(org.frcpm.models.Project(959662512398600).tasks)@1159775371 (PluralAttribute(org.frcpm.models.Project.tasks))
	  org.frcpm.models.Project(959662512398600) -> EntityResultInitializer(org.frcpm.models.Project(959662512398600))@1280157676 (SingleTableEntityPersister(org.frcpm.models.Project))

10:24:06.227 [main] DEBUG org.hibernate.SQL - select p1_0.id,p1_0.description,p1_0.goal_end_date,p1_0.hard_deadline,p1_0.name,p1_0.start_date from projects p1_0
10:24:06.227 [main] DEBUG org.hibernate.orm.results - Extracted JDBC value [0] - [1]
10:24:06.227 [main] DEBUG org.hibernate.orm.results.loading.entity - (EntityResultInitializer) Hydrated EntityKey (org.frcpm.models.Project(959662512398600)): 1
10:24:06.227 [main] DEBUG org.hibernate.orm.results.loading.org.hibernate.orm.results.loading.collection - (DelayedCollectionInitializer) Current row collection key : org.frcpm.models.Project(959662512398600).meetings#1
10:24:06.227 [main] DEBUG org.hibernate.orm.results.loading.org.hibernate.orm.results.loading.collection - (DelayedCollectionInitializer) Current row collection key : org.frcpm.models.Project(959662512398600).milestones#1
10:24:06.227 [main] DEBUG org.hibernate.orm.results.loading.org.hibernate.orm.results.loading.collection - (DelayedCollectionInitializer) Current row collection key : org.frcpm.models.Project(959662512398600).tasks#1
10:24:06.227 [main] DEBUG org.hibernate.orm.results.loading.entity - (EntityResultInitializer) Created new entity instance [org.frcpm.models.Project(959662512398600)#1] : 1851504554
10:24:06.227 [main] DEBUG org.hibernate.orm.results - Extracted JDBC value [1] - [Competition robot for the 2025 FIRST Robotics Competition]
10:24:06.227 [main] DEBUG org.hibernate.orm.results - Extracted JDBC value [2] - [2025-06-12]
10:24:06.227 [main] DEBUG org.hibernate.orm.results - Extracted JDBC value [3] - [2025-06-26]
10:24:06.227 [main] DEBUG org.hibernate.orm.results - Extracted JDBC value [4] - [FRC 2025 Robot]
10:24:06.227 [main] DEBUG org.hibernate.orm.results - Extracted JDBC value [5] - [2025-05-01]
10:24:06.228 [main] DEBUG org.hibernate.orm.results.loading.entity - (EntityResultInitializer) Done materializing entityInstance : org.frcpm.models.Project(959662512398600)#1
10:24:06.228 [main] DEBUG org.hibernate.orm.results.loading - Calling top-level assembler (0 / 1) : org.hibernate.sql.results.graph.entity.internal.EntityAssembler@6bce1a7f
10:24:06.228 [main] DEBUG org.hibernate.orm.results - Extracted JDBC value [0] - [51]
10:24:06.228 [main] DEBUG org.hibernate.orm.results.loading.entity - (EntityResultInitializer) Hydrated EntityKey (org.frcpm.models.Project(959662512398600)): 51
10:24:06.228 [main] DEBUG org.hibernate.orm.results.loading.org.hibernate.orm.results.loading.collection - (DelayedCollectionInitializer) Current row collection key : org.frcpm.models.Project(959662512398600).meetings#51
10:24:06.228 [main] DEBUG org.hibernate.orm.results.loading.org.hibernate.orm.results.loading.collection - (DelayedCollectionInitializer) Current row collection key : org.frcpm.models.Project(959662512398600).milestones#51
10:24:06.228 [main] DEBUG org.hibernate.orm.results.loading.org.hibernate.orm.results.loading.collection - (DelayedCollectionInitializer) Current row collection key : org.frcpm.models.Project(959662512398600).tasks#51
10:24:06.228 [main] DEBUG org.hibernate.orm.results.loading.entity - (EntityResultInitializer) Created new entity instance [org.frcpm.models.Project(959662512398600)#51] : 1689500179
10:24:06.228 [main] DEBUG org.hibernate.orm.results - Extracted JDBC value [1] - [null]
10:24:06.228 [main] DEBUG org.hibernate.orm.results - Extracted JDBC value [2] - [2025-05-23]
10:24:06.228 [main] DEBUG org.hibernate.orm.results - Extracted JDBC value [3] - [2025-06-06]
10:24:06.228 [main] DEBUG org.hibernate.orm.results - Extracted JDBC value [4] - [Test Count Project]
10:24:06.228 [main] DEBUG org.hibernate.orm.results - Extracted JDBC value [5] - [2025-04-25]
10:24:06.228 [main] DEBUG org.hibernate.orm.results.loading.entity - (EntityResultInitializer) Done materializing entityInstance : org.frcpm.models.Project(959662512398600)#51
10:24:06.228 [main] DEBUG org.hibernate.orm.results.loading - Calling top-level assembler (0 / 1) : org.hibernate.sql.results.graph.entity.internal.EntityAssembler@6bce1a7f
10:24:06.228 [main] DEBUG org.hibernate.orm.results - Extracted JDBC value [0] - [54]
10:24:06.228 [main] DEBUG org.hibernate.orm.results.loading.entity - (EntityResultInitializer) Hydrated EntityKey (org.frcpm.models.Project(959662512398600)): 54
10:24:06.228 [main] DEBUG org.hibernate.orm.results.loading.org.hibernate.orm.results.loading.collection - (DelayedCollectionInitializer) Current row collection key : org.frcpm.models.Project(959662512398600).meetings#54
10:24:06.228 [main] DEBUG org.hibernate.orm.results.loading.org.hibernate.orm.results.loading.collection - (DelayedCollectionInitializer) Current row collection key : org.frcpm.models.Project(959662512398600).milestones#54
10:24:06.228 [main] DEBUG org.hibernate.orm.results.loading.org.hibernate.orm.results.loading.collection - (DelayedCollectionInitializer) Current row collection key : org.frcpm.models.Project(959662512398600).tasks#54
10:24:06.228 [main] DEBUG org.hibernate.orm.results.loading.entity - (EntityResultInitializer) Created new entity instance [org.frcpm.models.Project(959662512398600)#54] : 1246037034
10:24:06.228 [main] DEBUG org.hibernate.orm.results - Extracted JDBC value [1] - [Test save description]
10:24:06.228 [main] DEBUG org.hibernate.orm.results - Extracted JDBC value [2] - [2025-05-23]
10:24:06.228 [main] DEBUG org.hibernate.orm.results - Extracted JDBC value [3] - [2025-06-06]
10:24:06.228 [main] DEBUG org.hibernate.orm.results - Extracted JDBC value [4] - [Test Save Project]
10:24:06.228 [main] DEBUG org.hibernate.orm.results - Extracted JDBC value [5] - [2025-04-25]
10:24:06.228 [main] DEBUG org.hibernate.orm.results.loading.entity - (EntityResultInitializer) Done materializing entityInstance : org.frcpm.models.Project(959662512398600)#54
10:24:06.228 [main] DEBUG org.hibernate.orm.results.loading - Calling top-level assembler (0 / 1) : org.hibernate.sql.results.graph.entity.internal.EntityAssembler@6bce1a7f
10:24:06.228 [main] DEBUG org.hibernate.orm.results - Extracted JDBC value [0] - [69]
10:24:06.228 [main] DEBUG org.hibernate.orm.results.loading.entity - (EntityResultInitializer) Hydrated EntityKey (org.frcpm.models.Project(959662512398600)): 69
10:24:06.228 [main] DEBUG org.hibernate.orm.results.loading.org.hibernate.orm.results.loading.collection - (DelayedCollectionInitializer) Current row collection key : org.frcpm.models.Project(959662512398600).meetings#69
10:24:06.228 [main] DEBUG org.hibernate.orm.results.loading.org.hibernate.orm.results.loading.collection - (DelayedCollectionInitializer) Current row collection key : org.frcpm.models.Project(959662512398600).milestones#69
10:24:06.228 [main] DEBUG org.hibernate.orm.results.loading.org.hibernate.orm.results.loading.collection - (DelayedCollectionInitializer) Current row collection key : org.frcpm.models.Project(959662512398600).tasks#69
10:24:06.228 [main] DEBUG org.hibernate.orm.results.loading.entity - (EntityResultInitializer) Created new entity instance [org.frcpm.models.Project(959662512398600)#69] : 892965064
10:24:06.228 [main] DEBUG org.hibernate.orm.results - Extracted JDBC value [1] - [null]
10:24:06.228 [main] DEBUG org.hibernate.orm.results - Extracted JDBC value [2] - [2025-05-23]
10:24:06.228 [main] DEBUG org.hibernate.orm.results - Extracted JDBC value [3] - [2025-06-06]
10:24:06.228 [main] DEBUG org.hibernate.orm.results - Extracted JDBC value [4] - [Updated Project Name]
10:24:06.228 [main] DEBUG org.hibernate.orm.results - Extracted JDBC value [5] - [2025-04-25]
10:24:06.228 [main] DEBUG org.hibernate.orm.results.loading.entity - (EntityResultInitializer) Done materializing entityInstance : org.frcpm.models.Project(959662512398600)#69
10:24:06.228 [main] DEBUG org.hibernate.orm.results.loading - Calling top-level assembler (0 / 1) : org.hibernate.sql.results.graph.entity.internal.EntityAssembler@6bce1a7f
10:24:06.229 [main] DEBUG org.hibernate.orm.results - Extracted JDBC value [0] - [70]
10:24:06.229 [main] DEBUG org.hibernate.orm.results.loading.entity - (EntityResultInitializer) Hydrated EntityKey (org.frcpm.models.Project(959662512398600)): 70
10:24:06.229 [main] DEBUG org.hibernate.orm.results.loading.org.hibernate.orm.results.loading.collection - (DelayedCollectionInitializer) Current row collection key : org.frcpm.models.Project(959662512398600).meetings#70
10:24:06.229 [main] DEBUG org.hibernate.orm.results.loading.org.hibernate.orm.results.loading.collection - (DelayedCollectionInitializer) Current row collection key : org.frcpm.models.Project(959662512398600).milestones#70
10:24:06.229 [main] DEBUG org.hibernate.orm.results.loading.org.hibernate.orm.results.loading.collection - (DelayedCollectionInitializer) Current row collection key : org.frcpm.models.Project(959662512398600).tasks#70
10:24:06.229 [main] DEBUG org.hibernate.orm.results.loading.entity - (EntityResultInitializer) Created new entity instance [org.frcpm.models.Project(959662512398600)#70] : 456552476
10:24:06.229 [main] DEBUG org.hibernate.orm.results - Extracted JDBC value [1] - [null]
10:24:06.229 [main] DEBUG org.hibernate.orm.results - Extracted JDBC value [2] - [2025-06-06]
10:24:06.229 [main] DEBUG org.hibernate.orm.results - Extracted JDBC value [3] - [2025-06-20]
10:24:06.229 [main] DEBUG org.hibernate.orm.results - Extracted JDBC value [4] - [Test Task Project]
10:24:06.229 [main] DEBUG org.hibernate.orm.results - Extracted JDBC value [5] - [2025-04-25]
10:24:06.229 [main] DEBUG org.hibernate.orm.results.loading.entity - (EntityResultInitializer) Done materializing entityInstance : org.frcpm.models.Project(959662512398600)#70
10:24:06.229 [main] DEBUG org.hibernate.orm.results.loading - Calling top-level assembler (0 / 1) : org.hibernate.sql.results.graph.entity.internal.EntityAssembler@6bce1a7f
10:24:06.229 [main] DEBUG org.hibernate.orm.results - Extracted JDBC value [0] - [71]
10:24:06.229 [main] DEBUG org.hibernate.orm.results.loading.entity - (EntityResultInitializer) Hydrated EntityKey (org.frcpm.models.Project(959662512398600)): 71
10:24:06.229 [main] DEBUG org.hibernate.orm.results.loading.org.hibernate.orm.results.loading.collection - (DelayedCollectionInitializer) Current row collection key : org.frcpm.models.Project(959662512398600).meetings#71
10:24:06.229 [main] DEBUG org.hibernate.orm.results.loading.org.hibernate.orm.results.loading.collection - (DelayedCollectionInitializer) Current row collection key : org.frcpm.models.Project(959662512398600).milestones#71
10:24:06.229 [main] DEBUG org.hibernate.orm.results.loading.org.hibernate.orm.results.loading.collection - (DelayedCollectionInitializer) Current row collection key : org.frcpm.models.Project(959662512398600).tasks#71
10:24:06.229 [main] DEBUG org.hibernate.orm.results.loading.entity - (EntityResultInitializer) Created new entity instance [org.frcpm.models.Project(959662512398600)#71] : 412053400
10:24:06.229 [main] DEBUG org.hibernate.orm.results - Extracted JDBC value [1] - [null]
10:24:06.229 [main] DEBUG org.hibernate.orm.results - Extracted JDBC value [2] - [2025-06-06]
10:24:06.229 [main] DEBUG org.hibernate.orm.results - Extracted JDBC value [3] - [2025-06-20]
10:24:06.229 [main] DEBUG org.hibernate.orm.results - Extracted JDBC value [4] - [Test Task Project]
10:24:06.229 [main] DEBUG org.hibernate.orm.results - Extracted JDBC value [5] - [2025-04-25]
10:24:06.229 [main] DEBUG org.hibernate.orm.results.loading.entity - (EntityResultInitializer) Done materializing entityInstance : org.frcpm.models.Project(959662512398600)#71
10:24:06.229 [main] DEBUG org.hibernate.orm.results.loading - Calling top-level assembler (0 / 1) : org.hibernate.sql.results.graph.entity.internal.EntityAssembler@6bce1a7f
10:24:06.229 [main] DEBUG org.hibernate.orm.results - Extracted JDBC value [0] - [72]
10:24:06.229 [main] DEBUG org.hibernate.orm.results.loading.entity - (EntityResultInitializer) Hydrated EntityKey (org.frcpm.models.Project(959662512398600)): 72
10:24:06.229 [main] DEBUG org.hibernate.orm.results.loading.org.hibernate.orm.results.loading.collection - (DelayedCollectionInitializer) Current row collection key : org.frcpm.models.Project(959662512398600).meetings#72
10:24:06.229 [main] DEBUG org.hibernate.orm.results.loading.org.hibernate.orm.results.loading.collection - (DelayedCollectionInitializer) Current row collection key : org.frcpm.models.Project(959662512398600).milestones#72
10:24:06.229 [main] DEBUG org.hibernate.orm.results.loading.org.hibernate.orm.results.loading.collection - (DelayedCollectionInitializer) Current row collection key : org.frcpm.models.Project(959662512398600).tasks#72
10:24:06.229 [main] DEBUG org.hibernate.orm.results.loading.entity - (EntityResultInitializer) Created new entity instance [org.frcpm.models.Project(959662512398600)#72] : 1989120151
10:24:06.229 [main] DEBUG org.hibernate.orm.results - Extracted JDBC value [1] - [null]
10:24:06.230 [main] DEBUG org.hibernate.orm.results - Extracted JDBC value [2] - [2025-06-06]
10:24:06.230 [main] DEBUG org.hibernate.orm.results - Extracted JDBC value [3] - [2025-06-20]
10:24:06.230 [main] DEBUG org.hibernate.orm.results - Extracted JDBC value [4] - [Test Task Project]
10:24:06.230 [main] DEBUG org.hibernate.orm.results - Extracted JDBC value [5] - [2025-04-25]
10:24:06.230 [main] DEBUG org.hibernate.orm.results.loading.entity - (EntityResultInitializer) Done materializing entityInstance : org.frcpm.models.Project(959662512398600)#72
10:24:06.230 [main] DEBUG org.hibernate.orm.results.loading - Calling top-level assembler (0 / 1) : org.hibernate.sql.results.graph.entity.internal.EntityAssembler@6bce1a7f
10:24:06.230 [main] DEBUG org.hibernate.orm.results - Extracted JDBC value [0] - [73]
10:24:06.230 [main] DEBUG org.hibernate.orm.results.loading.entity - (EntityResultInitializer) Hydrated EntityKey (org.frcpm.models.Project(959662512398600)): 73
10:24:06.230 [main] DEBUG org.hibernate.orm.results.loading.org.hibernate.orm.results.loading.collection - (DelayedCollectionInitializer) Current row collection key : org.frcpm.models.Project(959662512398600).meetings#73
10:24:06.230 [main] DEBUG org.hibernate.orm.results.loading.org.hibernate.orm.results.loading.collection - (DelayedCollectionInitializer) Current row collection key : org.frcpm.models.Project(959662512398600).milestones#73
10:24:06.230 [main] DEBUG org.hibernate.orm.results.loading.org.hibernate.orm.results.loading.collection - (DelayedCollectionInitializer) Current row collection key : org.frcpm.models.Project(959662512398600).tasks#73
10:24:06.230 [main] DEBUG org.hibernate.orm.results.loading.entity - (EntityResultInitializer) Created new entity instance [org.frcpm.models.Project(959662512398600)#73] : 1030625460
10:24:06.230 [main] DEBUG org.hibernate.orm.results - Extracted JDBC value [1] - [null]
10:24:06.230 [main] DEBUG org.hibernate.orm.results - Extracted JDBC value [2] - [2025-06-06]
10:24:06.230 [main] DEBUG org.hibernate.orm.results - Extracted JDBC value [3] - [2025-06-20]
10:24:06.230 [main] DEBUG org.hibernate.orm.results - Extracted JDBC value [4] - [Test Task Project]
10:24:06.230 [main] DEBUG org.hibernate.orm.results - Extracted JDBC value [5] - [2025-04-25]
10:24:06.230 [main] DEBUG org.hibernate.orm.results.loading.entity - (EntityResultInitializer) Done materializing entityInstance : org.frcpm.models.Project(959662512398600)#73
10:24:06.230 [main] DEBUG org.hibernate.orm.results.loading - Calling top-level assembler (0 / 1) : org.hibernate.sql.results.graph.entity.internal.EntityAssembler@6bce1a7f
10:24:06.230 [main] DEBUG org.hibernate.orm.results - Extracted JDBC value [0] - [74]
10:24:06.230 [main] DEBUG org.hibernate.orm.results.loading.entity - (EntityResultInitializer) Hydrated EntityKey (org.frcpm.models.Project(959662512398600)): 74
10:24:06.230 [main] DEBUG org.hibernate.orm.results.loading.org.hibernate.orm.results.loading.collection - (DelayedCollectionInitializer) Current row collection key : org.frcpm.models.Project(959662512398600).meetings#74
10:24:06.230 [main] DEBUG org.hibernate.orm.results.loading.org.hibernate.orm.results.loading.collection - (DelayedCollectionInitializer) Current row collection key : org.frcpm.models.Project(959662512398600).milestones#74
10:24:06.231 [main] DEBUG org.hibernate.orm.results.loading.org.hibernate.orm.results.loading.collection - (DelayedCollectionInitializer) Current row collection key : org.frcpm.models.Project(959662512398600).tasks#74
10:24:06.231 [main] DEBUG org.hibernate.orm.results.loading.entity - (EntityResultInitializer) Created new entity instance [org.frcpm.models.Project(959662512398600)#74] : 943110755
10:24:06.231 [main] DEBUG org.hibernate.orm.results - Extracted JDBC value [1] - [null]
10:24:06.231 [main] DEBUG org.hibernate.orm.results - Extracted JDBC value [2] - [2025-06-06]
10:24:06.231 [main] DEBUG org.hibernate.orm.results - Extracted JDBC value [3] - [2025-06-20]
10:24:06.231 [main] DEBUG org.hibernate.orm.results - Extracted JDBC value [4] - [Test Task Project]
10:24:06.231 [main] DEBUG org.hibernate.orm.results - Extracted JDBC value [5] - [2025-04-25]
10:24:06.231 [main] DEBUG org.hibernate.orm.results.loading.entity - (EntityResultInitializer) Done materializing entityInstance : org.frcpm.models.Project(959662512398600)#74
10:24:06.231 [main] DEBUG org.hibernate.orm.results.loading - Calling top-level assembler (0 / 1) : org.hibernate.sql.results.graph.entity.internal.EntityAssembler@6bce1a7f
10:24:06.231 [main] DEBUG org.hibernate.orm.results - Extracted JDBC value [0] - [75]
10:24:06.231 [main] DEBUG org.hibernate.orm.results.loading.entity - (EntityResultInitializer) Hydrated EntityKey (org.frcpm.models.Project(959662512398600)): 75
10:24:06.231 [main] DEBUG org.hibernate.orm.results.loading.org.hibernate.orm.results.loading.collection - (DelayedCollectionInitializer) Current row collection key : org.frcpm.models.Project(959662512398600).meetings#75
10:24:06.231 [main] DEBUG org.hibernate.orm.results.loading.org.hibernate.orm.results.loading.collection - (DelayedCollectionInitializer) Current row collection key : org.frcpm.models.Project(959662512398600).milestones#75
10:24:06.231 [main] DEBUG org.hibernate.orm.results.loading.org.hibernate.orm.results.loading.collection - (DelayedCollectionInitializer) Current row collection key : org.frcpm.models.Project(959662512398600).tasks#75
10:24:06.231 [main] DEBUG org.hibernate.orm.results.loading.entity - (EntityResultInitializer) Created new entity instance [org.frcpm.models.Project(959662512398600)#75] : 1922077832
10:24:06.231 [main] DEBUG org.hibernate.orm.results - Extracted JDBC value [1] - [null]
10:24:06.231 [main] DEBUG org.hibernate.orm.results - Extracted JDBC value [2] - [2025-06-06]
10:24:06.231 [main] DEBUG org.hibernate.orm.results - Extracted JDBC value [3] - [2025-06-20]
10:24:06.231 [main] DEBUG org.hibernate.orm.results - Extracted JDBC value [4] - [Test Task Project]
10:24:06.231 [main] DEBUG org.hibernate.orm.results - Extracted JDBC value [5] - [2025-04-25]
10:24:06.231 [main] DEBUG org.hibernate.orm.results.loading.entity - (EntityResultInitializer) Done materializing entityInstance : org.frcpm.models.Project(959662512398600)#75
10:24:06.231 [main] DEBUG org.hibernate.orm.results.loading - Calling top-level assembler (0 / 1) : org.hibernate.sql.results.graph.entity.internal.EntityAssembler@6bce1a7f
10:24:06.231 [main] DEBUG org.hibernate.orm.results - Extracted JDBC value [0] - [76]
10:24:06.231 [main] DEBUG org.hibernate.orm.results.loading.entity - (EntityResultInitializer) Hydrated EntityKey (org.frcpm.models.Project(959662512398600)): 76
10:24:06.231 [main] DEBUG org.hibernate.orm.results.loading.org.hibernate.orm.results.loading.collection - (DelayedCollectionInitializer) Current row collection key : org.frcpm.models.Project(959662512398600).meetings#76
10:24:06.231 [main] DEBUG org.hibernate.orm.results.loading.org.hibernate.orm.results.loading.collection - (DelayedCollectionInitializer) Current row collection key : org.frcpm.models.Project(959662512398600).milestones#76
10:24:06.231 [main] DEBUG org.hibernate.orm.results.loading.org.hibernate.orm.results.loading.collection - (DelayedCollectionInitializer) Current row collection key : org.frcpm.models.Project(959662512398600).tasks#76
10:24:06.231 [main] DEBUG org.hibernate.orm.results.loading.entity - (EntityResultInitializer) Created new entity instance [org.frcpm.models.Project(959662512398600)#76] : 37671942
10:24:06.231 [main] DEBUG org.hibernate.orm.results - Extracted JDBC value [1] - [null]
10:24:06.232 [main] DEBUG org.hibernate.orm.results - Extracted JDBC value [2] - [2025-06-06]
10:24:06.232 [main] DEBUG org.hibernate.orm.results - Extracted JDBC value [3] - [2025-06-20]
10:24:06.232 [main] DEBUG org.hibernate.orm.results - Extracted JDBC value [4] - [Test Task Project]
10:24:06.232 [main] DEBUG org.hibernate.orm.results - Extracted JDBC value [5] - [2025-04-25]
10:24:06.232 [main] DEBUG org.hibernate.orm.results.loading.entity - (EntityResultInitializer) Done materializing entityInstance : org.frcpm.models.Project(959662512398600)#76
10:24:06.232 [main] DEBUG org.hibernate.orm.results.loading - Calling top-level assembler (0 / 1) : org.hibernate.sql.results.graph.entity.internal.EntityAssembler@6bce1a7f
10:24:06.232 [main] DEBUG org.hibernate.orm.results - Extracted JDBC value [0] - [77]
10:24:06.232 [main] DEBUG org.hibernate.orm.results.loading.entity - (EntityResultInitializer) Hydrated EntityKey (org.frcpm.models.Project(959662512398600)): 77
10:24:06.232 [main] DEBUG org.hibernate.orm.results.loading.org.hibernate.orm.results.loading.collection - (DelayedCollectionInitializer) Current row collection key : org.frcpm.models.Project(959662512398600).meetings#77
10:24:06.232 [main] DEBUG org.hibernate.orm.results.loading.org.hibernate.orm.results.loading.collection - (DelayedCollectionInitializer) Current row collection key : org.frcpm.models.Project(959662512398600).milestones#77
10:24:06.232 [main] DEBUG org.hibernate.orm.results.loading.org.hibernate.orm.results.loading.collection - (DelayedCollectionInitializer) Current row collection key : org.frcpm.models.Project(959662512398600).tasks#77
10:24:06.232 [main] DEBUG org.hibernate.orm.results.loading.entity - (EntityResultInitializer) Created new entity instance [org.frcpm.models.Project(959662512398600)#77] : 472552548
10:24:06.232 [main] DEBUG org.hibernate.orm.results - Extracted JDBC value [1] - [null]
10:24:06.232 [main] DEBUG org.hibernate.orm.results - Extracted JDBC value [2] - [2025-06-06]
10:24:06.232 [main] DEBUG org.hibernate.orm.results - Extracted JDBC value [3] - [2025-06-20]
10:24:06.232 [main] DEBUG org.hibernate.orm.results - Extracted JDBC value [4] - [Test Task Project]
10:24:06.232 [main] DEBUG org.hibernate.orm.results - Extracted JDBC value [5] - [2025-04-25]
10:24:06.232 [main] DEBUG org.hibernate.orm.results.loading.entity - (EntityResultInitializer) Done materializing entityInstance : org.frcpm.models.Project(959662512398600)#77
10:24:06.232 [main] DEBUG org.hibernate.orm.results.loading - Calling top-level assembler (0 / 1) : org.hibernate.sql.results.graph.entity.internal.EntityAssembler@6bce1a7f
10:24:06.232 [main] DEBUG org.hibernate.orm.results - Extracted JDBC value [0] - [78]
10:24:06.232 [main] DEBUG org.hibernate.orm.results.loading.entity - (EntityResultInitializer) Hydrated EntityKey (org.frcpm.models.Project(959662512398600)): 78
10:24:06.232 [main] DEBUG org.hibernate.orm.results.loading.org.hibernate.orm.results.loading.collection - (DelayedCollectionInitializer) Current row collection key : org.frcpm.models.Project(959662512398600).meetings#78
10:24:06.232 [main] DEBUG org.hibernate.orm.results.loading.org.hibernate.orm.results.loading.collection - (DelayedCollectionInitializer) Current row collection key : org.frcpm.models.Project(959662512398600).milestones#78
10:24:06.232 [main] DEBUG org.hibernate.orm.results.loading.org.hibernate.orm.results.loading.collection - (DelayedCollectionInitializer) Current row collection key : org.frcpm.models.Project(959662512398600).tasks#78
10:24:06.232 [main] DEBUG org.hibernate.orm.results.loading.entity - (EntityResultInitializer) Created new entity instance [org.frcpm.models.Project(959662512398600)#78] : 556281798
10:24:06.232 [main] DEBUG org.hibernate.orm.results - Extracted JDBC value [1] - [null]
10:24:06.232 [main] DEBUG org.hibernate.orm.results - Extracted JDBC value [2] - [2025-06-06]
10:24:06.232 [main] DEBUG org.hibernate.orm.results - Extracted JDBC value [3] - [2025-06-20]
10:24:06.232 [main] DEBUG org.hibernate.orm.results - Extracted JDBC value [4] - [Test Task Project]
10:24:06.232 [main] DEBUG org.hibernate.orm.results - Extracted JDBC value [5] - [2025-04-25]
10:24:06.233 [main] DEBUG org.hibernate.orm.results.loading.entity - (EntityResultInitializer) Done materializing entityInstance : org.frcpm.models.Project(959662512398600)#78
10:24:06.233 [main] DEBUG org.hibernate.orm.results.loading - Calling top-level assembler (0 / 1) : org.hibernate.sql.results.graph.entity.internal.EntityAssembler@6bce1a7f
10:24:06.233 [main] DEBUG org.hibernate.orm.results - Extracted JDBC value [0] - [79]
10:24:06.233 [main] DEBUG org.hibernate.orm.results.loading.entity - (EntityResultInitializer) Hydrated EntityKey (org.frcpm.models.Project(959662512398600)): 79
10:24:06.233 [main] DEBUG org.hibernate.orm.results.loading.org.hibernate.orm.results.loading.collection - (DelayedCollectionInitializer) Current row collection key : org.frcpm.models.Project(959662512398600).meetings#79
10:24:06.233 [main] DEBUG org.hibernate.orm.results.loading.org.hibernate.orm.results.loading.collection - (DelayedCollectionInitializer) Current row collection key : org.frcpm.models.Project(959662512398600).milestones#79
10:24:06.233 [main] DEBUG org.hibernate.orm.results.loading.org.hibernate.orm.results.loading.collection - (DelayedCollectionInitializer) Current row collection key : org.frcpm.models.Project(959662512398600).tasks#79
10:24:06.233 [main] DEBUG org.hibernate.orm.results.loading.entity - (EntityResultInitializer) Created new entity instance [org.frcpm.models.Project(959662512398600)#79] : 516920834
10:24:06.233 [main] DEBUG org.hibernate.orm.results - Extracted JDBC value [1] - [null]
10:24:06.233 [main] DEBUG org.hibernate.orm.results - Extracted JDBC value [2] - [2025-06-06]
10:24:06.233 [main] DEBUG org.hibernate.orm.results - Extracted JDBC value [3] - [2025-06-20]
10:24:06.233 [main] DEBUG org.hibernate.orm.results - Extracted JDBC value [4] - [Test Task Project]
10:24:06.233 [main] DEBUG org.hibernate.orm.results - Extracted JDBC value [5] - [2025-04-25]
10:24:06.234 [main] DEBUG org.hibernate.orm.results.loading.entity - (EntityResultInitializer) Done materializing entityInstance : org.frcpm.models.Project(959662512398600)#79
10:24:06.234 [main] DEBUG org.hibernate.orm.results.loading - Calling top-level assembler (0 / 1) : org.hibernate.sql.results.graph.entity.internal.EntityAssembler@6bce1a7f
10:24:06.234 [main] DEBUG org.hibernate.orm.results - Extracted JDBC value [0] - [80]
10:24:06.234 [main] DEBUG org.hibernate.orm.results.loading.entity - (EntityResultInitializer) Hydrated EntityKey (org.frcpm.models.Project(959662512398600)): 80
10:24:06.234 [main] DEBUG org.hibernate.orm.results.loading.org.hibernate.orm.results.loading.collection - (DelayedCollectionInitializer) Current row collection key : org.frcpm.models.Project(959662512398600).meetings#80
10:24:06.234 [main] DEBUG org.hibernate.orm.results.loading.org.hibernate.orm.results.loading.collection - (DelayedCollectionInitializer) Current row collection key : org.frcpm.models.Project(959662512398600).milestones#80
10:24:06.234 [main] DEBUG org.hibernate.orm.results.loading.org.hibernate.orm.results.loading.collection - (DelayedCollectionInitializer) Current row collection key : org.frcpm.models.Project(959662512398600).tasks#80
10:24:06.234 [main] DEBUG org.hibernate.orm.results.loading.entity - (EntityResultInitializer) Created new entity instance [org.frcpm.models.Project(959662512398600)#80] : 1462293578
10:24:06.234 [main] DEBUG org.hibernate.orm.results - Extracted JDBC value [1] - [null]
10:24:06.234 [main] DEBUG org.hibernate.orm.results - Extracted JDBC value [2] - [2025-06-06]
10:24:06.234 [main] DEBUG org.hibernate.orm.results - Extracted JDBC value [3] - [2025-06-20]
10:24:06.234 [main] DEBUG org.hibernate.orm.results - Extracted JDBC value [4] - [Test Task Project]
10:24:06.234 [main] DEBUG org.hibernate.orm.results - Extracted JDBC value [5] - [2025-04-25]
10:24:06.234 [main] DEBUG org.hibernate.orm.results.loading.entity - (EntityResultInitializer) Done materializing entityInstance : org.frcpm.models.Project(959662512398600)#80
10:24:06.234 [main] DEBUG org.hibernate.orm.results.loading - Calling top-level assembler (0 / 1) : org.hibernate.sql.results.graph.entity.internal.EntityAssembler@6bce1a7f
10:24:06.234 [main] DEBUG org.hibernate.orm.results - Extracted JDBC value [0] - [81]
10:24:06.234 [main] DEBUG org.hibernate.orm.results.loading.entity - (EntityResultInitializer) Hydrated EntityKey (org.frcpm.models.Project(959662512398600)): 81
10:24:06.235 [main] DEBUG org.hibernate.orm.results.loading.org.hibernate.orm.results.loading.collection - (DelayedCollectionInitializer) Current row collection key : org.frcpm.models.Project(959662512398600).meetings#81
10:24:06.235 [main] DEBUG org.hibernate.orm.results.loading.org.hibernate.orm.results.loading.collection - (DelayedCollectionInitializer) Current row collection key : org.frcpm.models.Project(959662512398600).milestones#81
10:24:06.235 [main] DEBUG org.hibernate.orm.results.loading.org.hibernate.orm.results.loading.collection - (DelayedCollectionInitializer) Current row collection key : org.frcpm.models.Project(959662512398600).tasks#81
10:24:06.235 [main] DEBUG org.hibernate.orm.results.loading.entity - (EntityResultInitializer) Created new entity instance [org.frcpm.models.Project(959662512398600)#81] : 2089476806
10:24:06.235 [main] DEBUG org.hibernate.orm.results - Extracted JDBC value [1] - [null]
10:24:06.235 [main] DEBUG org.hibernate.orm.results - Extracted JDBC value [2] - [2025-06-06]
10:24:06.235 [main] DEBUG org.hibernate.orm.results - Extracted JDBC value [3] - [2025-06-20]
10:24:06.235 [main] DEBUG org.hibernate.orm.results - Extracted JDBC value [4] - [Test Task Project]
10:24:06.235 [main] DEBUG org.hibernate.orm.results - Extracted JDBC value [5] - [2025-04-25]
10:24:06.236 [main] DEBUG org.hibernate.orm.results.loading.entity - (EntityResultInitializer) Done materializing entityInstance : org.frcpm.models.Project(959662512398600)#81
10:24:06.236 [main] DEBUG org.hibernate.orm.results.loading - Calling top-level assembler (0 / 1) : org.hibernate.sql.results.graph.entity.internal.EntityAssembler@6bce1a7f
10:24:06.236 [main] DEBUG org.hibernate.orm.results - Extracted JDBC value [0] - [82]
10:24:06.236 [main] DEBUG org.hibernate.orm.results.loading.entity - (EntityResultInitializer) Hydrated EntityKey (org.frcpm.models.Project(959662512398600)): 82
10:24:06.236 [main] DEBUG org.hibernate.orm.results.loading.org.hibernate.orm.results.loading.collection - (DelayedCollectionInitializer) Current row collection key : org.frcpm.models.Project(959662512398600).meetings#82
10:24:06.236 [main] DEBUG org.hibernate.orm.results.loading.org.hibernate.orm.results.loading.collection - (DelayedCollectionInitializer) Current row collection key : org.frcpm.models.Project(959662512398600).milestones#82
10:24:06.236 [main] DEBUG org.hibernate.orm.results.loading.org.hibernate.orm.results.loading.collection - (DelayedCollectionInitializer) Current row collection key : org.frcpm.models.Project(959662512398600).tasks#82
10:24:06.236 [main] DEBUG org.hibernate.orm.results.loading.entity - (EntityResultInitializer) Created new entity instance [org.frcpm.models.Project(959662512398600)#82] : 997020761
10:24:06.236 [main] DEBUG org.hibernate.orm.results - Extracted JDBC value [1] - [null]
10:24:06.237 [main] DEBUG org.hibernate.orm.results - Extracted JDBC value [2] - [2025-06-06]
10:24:06.237 [main] DEBUG org.hibernate.orm.results - Extracted JDBC value [3] - [2025-06-20]
10:24:06.237 [main] DEBUG org.hibernate.orm.results - Extracted JDBC value [4] - [Test Task Project]
10:24:06.237 [main] DEBUG org.hibernate.orm.results - Extracted JDBC value [5] - [2025-04-25]
10:24:06.237 [main] DEBUG org.hibernate.orm.results.loading.entity - (EntityResultInitializer) Done materializing entityInstance : org.frcpm.models.Project(959662512398600)#82
10:24:06.237 [main] DEBUG org.hibernate.orm.results.loading - Calling top-level assembler (0 / 1) : org.hibernate.sql.results.graph.entity.internal.EntityAssembler@6bce1a7f
10:24:06.237 [main] DEBUG org.hibernate.orm.results - Extracted JDBC value [0] - [104]
10:24:06.237 [main] DEBUG org.hibernate.orm.results.loading.entity - (EntityResultInitializer) Hydrated EntityKey (org.frcpm.models.Project(959662512398600)): 104
10:24:06.238 [main] DEBUG org.hibernate.orm.results.loading.org.hibernate.orm.results.loading.collection - (DelayedCollectionInitializer) Current row collection key : org.frcpm.models.Project(959662512398600).meetings#104
10:24:06.238 [main] DEBUG org.hibernate.orm.results.loading.org.hibernate.orm.results.loading.collection - (DelayedCollectionInitializer) Current row collection key : org.frcpm.models.Project(959662512398600).milestones#104
10:24:06.238 [main] DEBUG org.hibernate.orm.results.loading.org.hibernate.orm.results.loading.collection - (DelayedCollectionInitializer) Current row collection key : org.frcpm.models.Project(959662512398600).tasks#104
10:24:06.238 [main] DEBUG org.hibernate.orm.results.loading.entity - (EntityResultInitializer) Created new entity instance [org.frcpm.models.Project(959662512398600)#104] : 801470671
10:24:06.238 [main] DEBUG org.hibernate.orm.results - Extracted JDBC value [1] - [null]
10:24:06.238 [main] DEBUG org.hibernate.orm.results - Extracted JDBC value [2] - [2025-06-06]
10:24:06.238 [main] DEBUG org.hibernate.orm.results - Extracted JDBC value [3] - [2025-06-20]
10:24:06.238 [main] DEBUG org.hibernate.orm.results - Extracted JDBC value [4] - [Component Test Project]
10:24:06.238 [main] DEBUG org.hibernate.orm.results - Extracted JDBC value [5] - [2025-04-25]
10:24:06.238 [main] DEBUG org.hibernate.orm.results.loading.entity - (EntityResultInitializer) Done materializing entityInstance : org.frcpm.models.Project(959662512398600)#104
10:24:06.238 [main] DEBUG org.hibernate.orm.results.loading - Calling top-level assembler (0 / 1) : org.hibernate.sql.results.graph.entity.internal.EntityAssembler@6bce1a7f
10:24:06.238 [main] DEBUG org.hibernate.orm.results - Extracted JDBC value [0] - [135]
10:24:06.238 [main] DEBUG org.hibernate.orm.results.loading.entity - (EntityResultInitializer) Hydrated EntityKey (org.frcpm.models.Project(959662512398600)): 135
10:24:06.238 [main] DEBUG org.hibernate.orm.results.loading.org.hibernate.orm.results.loading.collection - (DelayedCollectionInitializer) Current row collection key : org.frcpm.models.Project(959662512398600).meetings#135
10:24:06.238 [main] DEBUG org.hibernate.orm.results.loading.org.hibernate.orm.results.loading.collection - (DelayedCollectionInitializer) Current row collection key : org.frcpm.models.Project(959662512398600).milestones#135
10:24:06.238 [main] DEBUG org.hibernate.orm.results.loading.org.hibernate.orm.results.loading.collection - (DelayedCollectionInitializer) Current row collection key : org.frcpm.models.Project(959662512398600).tasks#135
10:24:06.238 [main] DEBUG org.hibernate.orm.results.loading.entity - (EntityResultInitializer) Created new entity instance [org.frcpm.models.Project(959662512398600)#135] : 665734150
10:24:06.238 [main] DEBUG org.hibernate.orm.results - Extracted JDBC value [1] - [null]
10:24:06.238 [main] DEBUG org.hibernate.orm.results - Extracted JDBC value [2] - [2025-05-23]
10:24:06.238 [main] DEBUG org.hibernate.orm.results - Extracted JDBC value [3] - [2025-06-06]
10:24:06.238 [main] DEBUG org.hibernate.orm.results - Extracted JDBC value [4] - [Test Create Service Project]
10:24:06.238 [main] DEBUG org.hibernate.orm.results - Extracted JDBC value [5] - [2025-04-25]
10:24:06.238 [main] DEBUG org.hibernate.orm.results.loading.entity - (EntityResultInitializer) Done materializing entityInstance : org.frcpm.models.Project(959662512398600)#135
10:24:06.238 [main] DEBUG org.hibernate.orm.results.loading - Calling top-level assembler (0 / 1) : org.hibernate.sql.results.graph.entity.internal.EntityAssembler@6bce1a7f
10:24:06.238 [main] DEBUG org.hibernate.orm.results - Extracted JDBC value [0] - [142]
10:24:06.239 [main] DEBUG org.hibernate.orm.results.loading.entity - (EntityResultInitializer) Hydrated EntityKey (org.frcpm.models.Project(959662512398600)): 142
10:24:06.239 [main] DEBUG org.hibernate.orm.results.loading.org.hibernate.orm.results.loading.collection - (DelayedCollectionInitializer) Current row collection key : org.frcpm.models.Project(959662512398600).meetings#142
10:24:06.239 [main] DEBUG org.hibernate.orm.results.loading.org.hibernate.orm.results.loading.collection - (DelayedCollectionInitializer) Current row collection key : org.frcpm.models.Project(959662512398600).milestones#142
10:24:06.239 [main] DEBUG org.hibernate.orm.results.loading.org.hibernate.orm.results.loading.collection - (DelayedCollectionInitializer) Current row collection key : org.frcpm.models.Project(959662512398600).tasks#142
10:24:06.239 [main] DEBUG org.hibernate.orm.results.loading.entity - (EntityResultInitializer) Created new entity instance [org.frcpm.models.Project(959662512398600)#142] : 1257843367
10:24:06.239 [main] DEBUG org.hibernate.orm.results - Extracted JDBC value [1] - [Updated description]
10:24:06.239 [main] DEBUG org.hibernate.orm.results - Extracted JDBC value [2] - [2025-05-23]
10:24:06.239 [main] DEBUG org.hibernate.orm.results - Extracted JDBC value [3] - [2025-06-06]
10:24:06.239 [main] DEBUG org.hibernate.orm.results - Extracted JDBC value [4] - [Updated Service Project Name]
10:24:06.239 [main] DEBUG org.hibernate.orm.results - Extracted JDBC value [5] - [2025-04-25]
10:24:06.239 [main] DEBUG org.hibernate.orm.results.loading.entity - (EntityResultInitializer) Done materializing entityInstance : org.frcpm.models.Project(959662512398600)#142
10:24:06.239 [main] DEBUG org.hibernate.orm.results.loading - Calling top-level assembler (0 / 1) : org.hibernate.sql.results.graph.entity.internal.EntityAssembler@6bce1a7f
10:24:06.239 [main] DEBUG org.hibernate.orm.results - Extracted JDBC value [0] - [148]
10:24:06.239 [main] DEBUG org.hibernate.orm.results.loading.entity - (EntityResultInitializer) Hydrated EntityKey (org.frcpm.models.Project(959662512398600)): 148
10:24:06.239 [main] DEBUG org.hibernate.orm.results.loading.org.hibernate.orm.results.loading.collection - (DelayedCollectionInitializer) Current row collection key : org.frcpm.models.Project(959662512398600).meetings#148
10:24:06.239 [main] DEBUG org.hibernate.orm.results.loading.org.hibernate.orm.results.loading.collection - (DelayedCollectionInitializer) Current row collection key : org.frcpm.models.Project(959662512398600).milestones#148
10:24:06.239 [main] DEBUG org.hibernate.orm.results.loading.org.hibernate.orm.results.loading.collection - (DelayedCollectionInitializer) Current row collection key : org.frcpm.models.Project(959662512398600).tasks#148
10:24:06.239 [main] DEBUG org.hibernate.orm.results.loading.entity - (EntityResultInitializer) Created new entity instance [org.frcpm.models.Project(959662512398600)#148] : 813607430
10:24:06.239 [main] DEBUG org.hibernate.orm.results - Extracted JDBC value [1] - [null]
10:24:06.239 [main] DEBUG org.hibernate.orm.results - Extracted JDBC value [2] - [2025-05-23]
10:24:06.239 [main] DEBUG org.hibernate.orm.results - Extracted JDBC value [3] - [2025-06-06]
10:24:06.239 [main] DEBUG org.hibernate.orm.results - Extracted JDBC value [4] - [Test Summary Project]
10:24:06.239 [main] DEBUG org.hibernate.orm.results - Extracted JDBC value [5] - [2025-04-25]
10:24:06.239 [main] DEBUG org.hibernate.orm.results.loading.entity - (EntityResultInitializer) Done materializing entityInstance : org.frcpm.models.Project(959662512398600)#148
10:24:06.239 [main] DEBUG org.hibernate.orm.results.loading - Calling top-level assembler (0 / 1) : org.hibernate.sql.results.graph.entity.internal.EntityAssembler@6bce1a7f
10:24:06.240 [main] DEBUG org.hibernate.resource.jdbc.internal.LogicalConnectionManagedImpl - Initiating JDBC connection release from afterTransaction
10:24:06.240 [main] DEBUG org.hibernate.resource.jdbc.internal.LogicalConnectionManagedImpl - Initiating JDBC connection release from afterTransaction
]]></system-out>
  </testcase>
  <testcase name="testHandleProjectStatistics" classname="org.frcpm.controllers.MainControllerTest" time="0.013">
    <system-out><![CDATA[10:24:06.244 [main] DEBUG org.hibernate.orm.sql.ast.create - Created new SQL alias : p1_0
10:24:06.244 [main] DEBUG org.hibernate.orm.sql.ast.create - Registration of TableGroup [StandardTableGroup(org.frcpm.models.Project(959662530059200))] with identifierForTableGroup [org.frcpm.models.Project] for NavigablePath [org.frcpm.models.Project] 
10:24:06.245 [main] DEBUG org.hibernate.orm.results.graph.AST - DomainResult Graph:
 \-EntityResultImpl [org.frcpm.models.Project(959662530059200)]
 |  +-BasicFetch [org.frcpm.models.Project(959662530059200).description]
 |  +-BasicFetch [org.frcpm.models.Project(959662530059200).goalEndDate]
 |  +-BasicFetch [org.frcpm.models.Project(959662530059200).hardDeadline]
 |  +-DelayedCollectionFetch [org.frcpm.models.Project(959662530059200).meetings]
 |  +-DelayedCollectionFetch [org.frcpm.models.Project(959662530059200).milestones]
 |  +-BasicFetch [org.frcpm.models.Project(959662530059200).name]
 |  +-BasicFetch [org.frcpm.models.Project(959662530059200).startDate]
 |  \-DelayedCollectionFetch [org.frcpm.models.Project(959662530059200).tasks]

10:24:06.245 [main] DEBUG org.hibernate.orm.sql.ast.tree - SQL AST Tree:
    SelectStatement {
      FromClause {
        StandardTableGroup (p1 : org.frcpm.models.Project(959662530059200)) {
          primaryTableReference : projects as p1_0
        }
      }
    }

10:24:06.245 [main] DEBUG org.hibernate.orm.sql.exec - Skipping reading Query result cache data: cache-enabled = false, cache-mode = NORMAL
10:24:06.245 [main] DEBUG org.hibernate.orm.results - Initializer list:
	  org.frcpm.models.Project(959662530059200).tasks -> DelayedCollectionInitializer(org.frcpm.models.Project(959662530059200).tasks)@1110720365 (PluralAttribute(org.frcpm.models.Project.tasks))
	  org.frcpm.models.Project(959662530059200).milestones -> DelayedCollectionInitializer(org.frcpm.models.Project(959662530059200).milestones)@1333825399 (PluralAttribute(org.frcpm.models.Project.milestones))
	  org.frcpm.models.Project(959662530059200) -> EntityResultInitializer(org.frcpm.models.Project(959662530059200))@1971993504 (SingleTableEntityPersister(org.frcpm.models.Project))
	  org.frcpm.models.Project(959662530059200).meetings -> DelayedCollectionInitializer(org.frcpm.models.Project(959662530059200).meetings)@273031460 (PluralAttribute(org.frcpm.models.Project.meetings))

10:24:06.245 [main] DEBUG org.hibernate.SQL - select p1_0.id,p1_0.description,p1_0.goal_end_date,p1_0.hard_deadline,p1_0.name,p1_0.start_date from projects p1_0
10:24:06.246 [main] DEBUG org.hibernate.orm.results - Extracted JDBC value [0] - [1]
10:24:06.246 [main] DEBUG org.hibernate.orm.results.loading.entity - (EntityResultInitializer) Hydrated EntityKey (org.frcpm.models.Project(959662530059200)): 1
10:24:06.246 [main] DEBUG org.hibernate.orm.results.loading.org.hibernate.orm.results.loading.collection - (DelayedCollectionInitializer) Current row collection key : org.frcpm.models.Project(959662530059200).meetings#1
10:24:06.246 [main] DEBUG org.hibernate.orm.results.loading.org.hibernate.orm.results.loading.collection - (DelayedCollectionInitializer) Current row collection key : org.frcpm.models.Project(959662530059200).milestones#1
10:24:06.246 [main] DEBUG org.hibernate.orm.results.loading.org.hibernate.orm.results.loading.collection - (DelayedCollectionInitializer) Current row collection key : org.frcpm.models.Project(959662530059200).tasks#1
10:24:06.246 [main] DEBUG org.hibernate.orm.results.loading.entity - (EntityResultInitializer) Created new entity instance [org.frcpm.models.Project(959662530059200)#1] : 472453819
10:24:06.246 [main] DEBUG org.hibernate.orm.results - Extracted JDBC value [1] - [Competition robot for the 2025 FIRST Robotics Competition]
10:24:06.246 [main] DEBUG org.hibernate.orm.results - Extracted JDBC value [2] - [2025-06-12]
10:24:06.246 [main] DEBUG org.hibernate.orm.results - Extracted JDBC value [3] - [2025-06-26]
10:24:06.246 [main] DEBUG org.hibernate.orm.results - Extracted JDBC value [4] - [FRC 2025 Robot]
10:24:06.246 [main] DEBUG org.hibernate.orm.results - Extracted JDBC value [5] - [2025-05-01]
10:24:06.246 [main] DEBUG org.hibernate.orm.results.loading.entity - (EntityResultInitializer) Done materializing entityInstance : org.frcpm.models.Project(959662530059200)#1
10:24:06.246 [main] DEBUG org.hibernate.orm.results.loading - Calling top-level assembler (0 / 1) : org.hibernate.sql.results.graph.entity.internal.EntityAssembler@2443b82a
10:24:06.246 [main] DEBUG org.hibernate.orm.results - Extracted JDBC value [0] - [51]
10:24:06.246 [main] DEBUG org.hibernate.orm.results.loading.entity - (EntityResultInitializer) Hydrated EntityKey (org.frcpm.models.Project(959662530059200)): 51
10:24:06.246 [main] DEBUG org.hibernate.orm.results.loading.org.hibernate.orm.results.loading.collection - (DelayedCollectionInitializer) Current row collection key : org.frcpm.models.Project(959662530059200).meetings#51
10:24:06.246 [main] DEBUG org.hibernate.orm.results.loading.org.hibernate.orm.results.loading.collection - (DelayedCollectionInitializer) Current row collection key : org.frcpm.models.Project(959662530059200).milestones#51
10:24:06.246 [main] DEBUG org.hibernate.orm.results.loading.org.hibernate.orm.results.loading.collection - (DelayedCollectionInitializer) Current row collection key : org.frcpm.models.Project(959662530059200).tasks#51
10:24:06.247 [main] DEBUG org.hibernate.orm.results.loading.entity - (EntityResultInitializer) Created new entity instance [org.frcpm.models.Project(959662530059200)#51] : 603690046
10:24:06.247 [main] DEBUG org.hibernate.orm.results - Extracted JDBC value [1] - [null]
10:24:06.247 [main] DEBUG org.hibernate.orm.results - Extracted JDBC value [2] - [2025-05-23]
10:24:06.247 [main] DEBUG org.hibernate.orm.results - Extracted JDBC value [3] - [2025-06-06]
10:24:06.247 [main] DEBUG org.hibernate.orm.results - Extracted JDBC value [4] - [Test Count Project]
10:24:06.247 [main] DEBUG org.hibernate.orm.results - Extracted JDBC value [5] - [2025-04-25]
10:24:06.247 [main] DEBUG org.hibernate.orm.results.loading.entity - (EntityResultInitializer) Done materializing entityInstance : org.frcpm.models.Project(959662530059200)#51
10:24:06.247 [main] DEBUG org.hibernate.orm.results.loading - Calling top-level assembler (0 / 1) : org.hibernate.sql.results.graph.entity.internal.EntityAssembler@2443b82a
10:24:06.247 [main] DEBUG org.hibernate.orm.results - Extracted JDBC value [0] - [54]
10:24:06.247 [main] DEBUG org.hibernate.orm.results.loading.entity - (EntityResultInitializer) Hydrated EntityKey (org.frcpm.models.Project(959662530059200)): 54
10:24:06.247 [main] DEBUG org.hibernate.orm.results.loading.org.hibernate.orm.results.loading.collection - (DelayedCollectionInitializer) Current row collection key : org.frcpm.models.Project(959662530059200).meetings#54
10:24:06.247 [main] DEBUG org.hibernate.orm.results.loading.org.hibernate.orm.results.loading.collection - (DelayedCollectionInitializer) Current row collection key : org.frcpm.models.Project(959662530059200).milestones#54
10:24:06.247 [main] DEBUG org.hibernate.orm.results.loading.org.hibernate.orm.results.loading.collection - (DelayedCollectionInitializer) Current row collection key : org.frcpm.models.Project(959662530059200).tasks#54
10:24:06.247 [main] DEBUG org.hibernate.orm.results.loading.entity - (EntityResultInitializer) Created new entity instance [org.frcpm.models.Project(959662530059200)#54] : 1329107419
10:24:06.247 [main] DEBUG org.hibernate.orm.results - Extracted JDBC value [1] - [Test save description]
10:24:06.247 [main] DEBUG org.hibernate.orm.results - Extracted JDBC value [2] - [2025-05-23]
10:24:06.247 [main] DEBUG org.hibernate.orm.results - Extracted JDBC value [3] - [2025-06-06]
10:24:06.247 [main] DEBUG org.hibernate.orm.results - Extracted JDBC value [4] - [Test Save Project]
10:24:06.247 [main] DEBUG org.hibernate.orm.results - Extracted JDBC value [5] - [2025-04-25]
10:24:06.247 [main] DEBUG org.hibernate.orm.results.loading.entity - (EntityResultInitializer) Done materializing entityInstance : org.frcpm.models.Project(959662530059200)#54
10:24:06.247 [main] DEBUG org.hibernate.orm.results.loading - Calling top-level assembler (0 / 1) : org.hibernate.sql.results.graph.entity.internal.EntityAssembler@2443b82a
10:24:06.247 [main] DEBUG org.hibernate.orm.results - Extracted JDBC value [0] - [69]
10:24:06.247 [main] DEBUG org.hibernate.orm.results.loading.entity - (EntityResultInitializer) Hydrated EntityKey (org.frcpm.models.Project(959662530059200)): 69
10:24:06.247 [main] DEBUG org.hibernate.orm.results.loading.org.hibernate.orm.results.loading.collection - (DelayedCollectionInitializer) Current row collection key : org.frcpm.models.Project(959662530059200).meetings#69
10:24:06.247 [main] DEBUG org.hibernate.orm.results.loading.org.hibernate.orm.results.loading.collection - (DelayedCollectionInitializer) Current row collection key : org.frcpm.models.Project(959662530059200).milestones#69
10:24:06.247 [main] DEBUG org.hibernate.orm.results.loading.org.hibernate.orm.results.loading.collection - (DelayedCollectionInitializer) Current row collection key : org.frcpm.models.Project(959662530059200).tasks#69
10:24:06.247 [main] DEBUG org.hibernate.orm.results.loading.entity - (EntityResultInitializer) Created new entity instance [org.frcpm.models.Project(959662530059200)#69] : 200550954
10:24:06.247 [main] DEBUG org.hibernate.orm.results - Extracted JDBC value [1] - [null]
10:24:06.248 [main] DEBUG org.hibernate.orm.results - Extracted JDBC value [2] - [2025-05-23]
10:24:06.248 [main] DEBUG org.hibernate.orm.results - Extracted JDBC value [3] - [2025-06-06]
10:24:06.248 [main] DEBUG org.hibernate.orm.results - Extracted JDBC value [4] - [Updated Project Name]
10:24:06.248 [main] DEBUG org.hibernate.orm.results - Extracted JDBC value [5] - [2025-04-25]
10:24:06.248 [main] DEBUG org.hibernate.orm.results.loading.entity - (EntityResultInitializer) Done materializing entityInstance : org.frcpm.models.Project(959662530059200)#69
10:24:06.248 [main] DEBUG org.hibernate.orm.results.loading - Calling top-level assembler (0 / 1) : org.hibernate.sql.results.graph.entity.internal.EntityAssembler@2443b82a
10:24:06.248 [main] DEBUG org.hibernate.orm.results - Extracted JDBC value [0] - [70]
10:24:06.248 [main] DEBUG org.hibernate.orm.results.loading.entity - (EntityResultInitializer) Hydrated EntityKey (org.frcpm.models.Project(959662530059200)): 70
10:24:06.248 [main] DEBUG org.hibernate.orm.results.loading.org.hibernate.orm.results.loading.collection - (DelayedCollectionInitializer) Current row collection key : org.frcpm.models.Project(959662530059200).meetings#70
10:24:06.248 [main] DEBUG org.hibernate.orm.results.loading.org.hibernate.orm.results.loading.collection - (DelayedCollectionInitializer) Current row collection key : org.frcpm.models.Project(959662530059200).milestones#70
10:24:06.248 [main] DEBUG org.hibernate.orm.results.loading.org.hibernate.orm.results.loading.collection - (DelayedCollectionInitializer) Current row collection key : org.frcpm.models.Project(959662530059200).tasks#70
10:24:06.248 [main] DEBUG org.hibernate.orm.results.loading.entity - (EntityResultInitializer) Created new entity instance [org.frcpm.models.Project(959662530059200)#70] : 48767368
10:24:06.248 [main] DEBUG org.hibernate.orm.results - Extracted JDBC value [1] - [null]
10:24:06.248 [main] DEBUG org.hibernate.orm.results - Extracted JDBC value [2] - [2025-06-06]
10:24:06.248 [main] DEBUG org.hibernate.orm.results - Extracted JDBC value [3] - [2025-06-20]
10:24:06.248 [main] DEBUG org.hibernate.orm.results - Extracted JDBC value [4] - [Test Task Project]
10:24:06.248 [main] DEBUG org.hibernate.orm.results - Extracted JDBC value [5] - [2025-04-25]
10:24:06.248 [main] DEBUG org.hibernate.orm.results.loading.entity - (EntityResultInitializer) Done materializing entityInstance : org.frcpm.models.Project(959662530059200)#70
10:24:06.248 [main] DEBUG org.hibernate.orm.results.loading - Calling top-level assembler (0 / 1) : org.hibernate.sql.results.graph.entity.internal.EntityAssembler@2443b82a
10:24:06.248 [main] DEBUG org.hibernate.orm.results - Extracted JDBC value [0] - [71]
10:24:06.248 [main] DEBUG org.hibernate.orm.results.loading.entity - (EntityResultInitializer) Hydrated EntityKey (org.frcpm.models.Project(959662530059200)): 71
10:24:06.248 [main] DEBUG org.hibernate.orm.results.loading.org.hibernate.orm.results.loading.collection - (DelayedCollectionInitializer) Current row collection key : org.frcpm.models.Project(959662530059200).meetings#71
10:24:06.248 [main] DEBUG org.hibernate.orm.results.loading.org.hibernate.orm.results.loading.collection - (DelayedCollectionInitializer) Current row collection key : org.frcpm.models.Project(959662530059200).milestones#71
10:24:06.248 [main] DEBUG org.hibernate.orm.results.loading.org.hibernate.orm.results.loading.collection - (DelayedCollectionInitializer) Current row collection key : org.frcpm.models.Project(959662530059200).tasks#71
10:24:06.248 [main] DEBUG org.hibernate.orm.results.loading.entity - (EntityResultInitializer) Created new entity instance [org.frcpm.models.Project(959662530059200)#71] : 70639906
10:24:06.248 [main] DEBUG org.hibernate.orm.results - Extracted JDBC value [1] - [null]
10:24:06.248 [main] DEBUG org.hibernate.orm.results - Extracted JDBC value [2] - [2025-06-06]
10:24:06.248 [main] DEBUG org.hibernate.orm.results - Extracted JDBC value [3] - [2025-06-20]
10:24:06.248 [main] DEBUG org.hibernate.orm.results - Extracted JDBC value [4] - [Test Task Project]
10:24:06.248 [main] DEBUG org.hibernate.orm.results - Extracted JDBC value [5] - [2025-04-25]
10:24:06.248 [main] DEBUG org.hibernate.orm.results.loading.entity - (EntityResultInitializer) Done materializing entityInstance : org.frcpm.models.Project(959662530059200)#71
10:24:06.248 [main] DEBUG org.hibernate.orm.results.loading - Calling top-level assembler (0 / 1) : org.hibernate.sql.results.graph.entity.internal.EntityAssembler@2443b82a
10:24:06.248 [main] DEBUG org.hibernate.orm.results - Extracted JDBC value [0] - [72]
10:24:06.248 [main] DEBUG org.hibernate.orm.results.loading.entity - (EntityResultInitializer) Hydrated EntityKey (org.frcpm.models.Project(959662530059200)): 72
10:24:06.248 [main] DEBUG org.hibernate.orm.results.loading.org.hibernate.orm.results.loading.collection - (DelayedCollectionInitializer) Current row collection key : org.frcpm.models.Project(959662530059200).meetings#72
10:24:06.248 [main] DEBUG org.hibernate.orm.results.loading.org.hibernate.orm.results.loading.collection - (DelayedCollectionInitializer) Current row collection key : org.frcpm.models.Project(959662530059200).milestones#72
10:24:06.248 [main] DEBUG org.hibernate.orm.results.loading.org.hibernate.orm.results.loading.collection - (DelayedCollectionInitializer) Current row collection key : org.frcpm.models.Project(959662530059200).tasks#72
10:24:06.248 [main] DEBUG org.hibernate.orm.results.loading.entity - (EntityResultInitializer) Created new entity instance [org.frcpm.models.Project(959662530059200)#72] : 1152755834
10:24:06.248 [main] DEBUG org.hibernate.orm.results - Extracted JDBC value [1] - [null]
10:24:06.249 [main] DEBUG org.hibernate.orm.results - Extracted JDBC value [2] - [2025-06-06]
10:24:06.249 [main] DEBUG org.hibernate.orm.results - Extracted JDBC value [3] - [2025-06-20]
10:24:06.249 [main] DEBUG org.hibernate.orm.results - Extracted JDBC value [4] - [Test Task Project]
10:24:06.249 [main] DEBUG org.hibernate.orm.results - Extracted JDBC value [5] - [2025-04-25]
10:24:06.249 [main] DEBUG org.hibernate.orm.results.loading.entity - (EntityResultInitializer) Done materializing entityInstance : org.frcpm.models.Project(959662530059200)#72
10:24:06.249 [main] DEBUG org.hibernate.orm.results.loading - Calling top-level assembler (0 / 1) : org.hibernate.sql.results.graph.entity.internal.EntityAssembler@2443b82a
10:24:06.249 [main] DEBUG org.hibernate.orm.results - Extracted JDBC value [0] - [73]
10:24:06.249 [main] DEBUG org.hibernate.orm.results.loading.entity - (EntityResultInitializer) Hydrated EntityKey (org.frcpm.models.Project(959662530059200)): 73
10:24:06.249 [main] DEBUG org.hibernate.orm.results.loading.org.hibernate.orm.results.loading.collection - (DelayedCollectionInitializer) Current row collection key : org.frcpm.models.Project(959662530059200).meetings#73
10:24:06.249 [main] DEBUG org.hibernate.orm.results.loading.org.hibernate.orm.results.loading.collection - (DelayedCollectionInitializer) Current row collection key : org.frcpm.models.Project(959662530059200).milestones#73
10:24:06.249 [main] DEBUG org.hibernate.orm.results.loading.org.hibernate.orm.results.loading.collection - (DelayedCollectionInitializer) Current row collection key : org.frcpm.models.Project(959662530059200).tasks#73
10:24:06.249 [main] DEBUG org.hibernate.orm.results.loading.entity - (EntityResultInitializer) Created new entity instance [org.frcpm.models.Project(959662530059200)#73] : 770030446
10:24:06.249 [main] DEBUG org.hibernate.orm.results - Extracted JDBC value [1] - [null]
10:24:06.249 [main] DEBUG org.hibernate.orm.results - Extracted JDBC value [2] - [2025-06-06]
10:24:06.249 [main] DEBUG org.hibernate.orm.results - Extracted JDBC value [3] - [2025-06-20]
10:24:06.249 [main] DEBUG org.hibernate.orm.results - Extracted JDBC value [4] - [Test Task Project]
10:24:06.249 [main] DEBUG org.hibernate.orm.results - Extracted JDBC value [5] - [2025-04-25]
10:24:06.250 [main] DEBUG org.hibernate.orm.results.loading.entity - (EntityResultInitializer) Done materializing entityInstance : org.frcpm.models.Project(959662530059200)#73
10:24:06.250 [main] DEBUG org.hibernate.orm.results.loading - Calling top-level assembler (0 / 1) : org.hibernate.sql.results.graph.entity.internal.EntityAssembler@2443b82a
10:24:06.250 [main] DEBUG org.hibernate.orm.results - Extracted JDBC value [0] - [74]
10:24:06.250 [main] DEBUG org.hibernate.orm.results.loading.entity - (EntityResultInitializer) Hydrated EntityKey (org.frcpm.models.Project(959662530059200)): 74
10:24:06.250 [main] DEBUG org.hibernate.orm.results.loading.org.hibernate.orm.results.loading.collection - (DelayedCollectionInitializer) Current row collection key : org.frcpm.models.Project(959662530059200).meetings#74
10:24:06.250 [main] DEBUG org.hibernate.orm.results.loading.org.hibernate.orm.results.loading.collection - (DelayedCollectionInitializer) Current row collection key : org.frcpm.models.Project(959662530059200).milestones#74
10:24:06.250 [main] DEBUG org.hibernate.orm.results.loading.org.hibernate.orm.results.loading.collection - (DelayedCollectionInitializer) Current row collection key : org.frcpm.models.Project(959662530059200).tasks#74
10:24:06.250 [main] DEBUG org.hibernate.orm.results.loading.entity - (EntityResultInitializer) Created new entity instance [org.frcpm.models.Project(959662530059200)#74] : 1036418206
10:24:06.250 [main] DEBUG org.hibernate.orm.results - Extracted JDBC value [1] - [null]
10:24:06.250 [main] DEBUG org.hibernate.orm.results - Extracted JDBC value [2] - [2025-06-06]
10:24:06.250 [main] DEBUG org.hibernate.orm.results - Extracted JDBC value [3] - [2025-06-20]
10:24:06.250 [main] DEBUG org.hibernate.orm.results - Extracted JDBC value [4] - [Test Task Project]
10:24:06.250 [main] DEBUG org.hibernate.orm.results - Extracted JDBC value [5] - [2025-04-25]
10:24:06.250 [main] DEBUG org.hibernate.orm.results.loading.entity - (EntityResultInitializer) Done materializing entityInstance : org.frcpm.models.Project(959662530059200)#74
10:24:06.250 [main] DEBUG org.hibernate.orm.results.loading - Calling top-level assembler (0 / 1) : org.hibernate.sql.results.graph.entity.internal.EntityAssembler@2443b82a
10:24:06.250 [main] DEBUG org.hibernate.orm.results - Extracted JDBC value [0] - [75]
10:24:06.250 [main] DEBUG org.hibernate.orm.results.loading.entity - (EntityResultInitializer) Hydrated EntityKey (org.frcpm.models.Project(959662530059200)): 75
10:24:06.250 [main] DEBUG org.hibernate.orm.results.loading.org.hibernate.orm.results.loading.collection - (DelayedCollectionInitializer) Current row collection key : org.frcpm.models.Project(959662530059200).meetings#75
10:24:06.250 [main] DEBUG org.hibernate.orm.results.loading.org.hibernate.orm.results.loading.collection - (DelayedCollectionInitializer) Current row collection key : org.frcpm.models.Project(959662530059200).milestones#75
10:24:06.250 [main] DEBUG org.hibernate.orm.results.loading.org.hibernate.orm.results.loading.collection - (DelayedCollectionInitializer) Current row collection key : org.frcpm.models.Project(959662530059200).tasks#75
10:24:06.250 [main] DEBUG org.hibernate.orm.results.loading.entity - (EntityResultInitializer) Created new entity instance [org.frcpm.models.Project(959662530059200)#75] : 799983450
10:24:06.250 [main] DEBUG org.hibernate.orm.results - Extracted JDBC value [1] - [null]
10:24:06.250 [main] DEBUG org.hibernate.orm.results - Extracted JDBC value [2] - [2025-06-06]
10:24:06.250 [main] DEBUG org.hibernate.orm.results - Extracted JDBC value [3] - [2025-06-20]
10:24:06.250 [main] DEBUG org.hibernate.orm.results - Extracted JDBC value [4] - [Test Task Project]
10:24:06.251 [main] DEBUG org.hibernate.orm.results - Extracted JDBC value [5] - [2025-04-25]
10:24:06.251 [main] DEBUG org.hibernate.orm.results.loading.entity - (EntityResultInitializer) Done materializing entityInstance : org.frcpm.models.Project(959662530059200)#75
10:24:06.251 [main] DEBUG org.hibernate.orm.results.loading - Calling top-level assembler (0 / 1) : org.hibernate.sql.results.graph.entity.internal.EntityAssembler@2443b82a
10:24:06.251 [main] DEBUG org.hibernate.orm.results - Extracted JDBC value [0] - [76]
10:24:06.251 [main] DEBUG org.hibernate.orm.results.loading.entity - (EntityResultInitializer) Hydrated EntityKey (org.frcpm.models.Project(959662530059200)): 76
10:24:06.251 [main] DEBUG org.hibernate.orm.results.loading.org.hibernate.orm.results.loading.collection - (DelayedCollectionInitializer) Current row collection key : org.frcpm.models.Project(959662530059200).meetings#76
10:24:06.251 [main] DEBUG org.hibernate.orm.results.loading.org.hibernate.orm.results.loading.collection - (DelayedCollectionInitializer) Current row collection key : org.frcpm.models.Project(959662530059200).milestones#76
10:24:06.251 [main] DEBUG org.hibernate.orm.results.loading.org.hibernate.orm.results.loading.collection - (DelayedCollectionInitializer) Current row collection key : org.frcpm.models.Project(959662530059200).tasks#76
10:24:06.251 [main] DEBUG org.hibernate.orm.results.loading.entity - (EntityResultInitializer) Created new entity instance [org.frcpm.models.Project(959662530059200)#76] : 1994154385
10:24:06.251 [main] DEBUG org.hibernate.orm.results - Extracted JDBC value [1] - [null]
10:24:06.251 [main] DEBUG org.hibernate.orm.results - Extracted JDBC value [2] - [2025-06-06]
10:24:06.251 [main] DEBUG org.hibernate.orm.results - Extracted JDBC value [3] - [2025-06-20]
10:24:06.251 [main] DEBUG org.hibernate.orm.results - Extracted JDBC value [4] - [Test Task Project]
10:24:06.252 [main] DEBUG org.hibernate.orm.results - Extracted JDBC value [5] - [2025-04-25]
10:24:06.252 [main] DEBUG org.hibernate.orm.results.loading.entity - (EntityResultInitializer) Done materializing entityInstance : org.frcpm.models.Project(959662530059200)#76
10:24:06.252 [main] DEBUG org.hibernate.orm.results.loading - Calling top-level assembler (0 / 1) : org.hibernate.sql.results.graph.entity.internal.EntityAssembler@2443b82a
10:24:06.252 [main] DEBUG org.hibernate.orm.results - Extracted JDBC value [0] - [77]
10:24:06.252 [main] DEBUG org.hibernate.orm.results.loading.entity - (EntityResultInitializer) Hydrated EntityKey (org.frcpm.models.Project(959662530059200)): 77
10:24:06.252 [main] DEBUG org.hibernate.orm.results.loading.org.hibernate.orm.results.loading.collection - (DelayedCollectionInitializer) Current row collection key : org.frcpm.models.Project(959662530059200).meetings#77
10:24:06.252 [main] DEBUG org.hibernate.orm.results.loading.org.hibernate.orm.results.loading.collection - (DelayedCollectionInitializer) Current row collection key : org.frcpm.models.Project(959662530059200).milestones#77
10:24:06.252 [main] DEBUG org.hibernate.orm.results.loading.org.hibernate.orm.results.loading.collection - (DelayedCollectionInitializer) Current row collection key : org.frcpm.models.Project(959662530059200).tasks#77
10:24:06.252 [main] DEBUG org.hibernate.orm.results.loading.entity - (EntityResultInitializer) Created new entity instance [org.frcpm.models.Project(959662530059200)#77] : 445346851
10:24:06.252 [main] DEBUG org.hibernate.orm.results - Extracted JDBC value [1] - [null]
10:24:06.252 [main] DEBUG org.hibernate.orm.results - Extracted JDBC value [2] - [2025-06-06]
10:24:06.252 [main] DEBUG org.hibernate.orm.results - Extracted JDBC value [3] - [2025-06-20]
10:24:06.252 [main] DEBUG org.hibernate.orm.results - Extracted JDBC value [4] - [Test Task Project]
10:24:06.252 [main] DEBUG org.hibernate.orm.results - Extracted JDBC value [5] - [2025-04-25]
10:24:06.252 [main] DEBUG org.hibernate.orm.results.loading.entity - (EntityResultInitializer) Done materializing entityInstance : org.frcpm.models.Project(959662530059200)#77
10:24:06.252 [main] DEBUG org.hibernate.orm.results.loading - Calling top-level assembler (0 / 1) : org.hibernate.sql.results.graph.entity.internal.EntityAssembler@2443b82a
10:24:06.252 [main] DEBUG org.hibernate.orm.results - Extracted JDBC value [0] - [78]
10:24:06.252 [main] DEBUG org.hibernate.orm.results.loading.entity - (EntityResultInitializer) Hydrated EntityKey (org.frcpm.models.Project(959662530059200)): 78
10:24:06.252 [main] DEBUG org.hibernate.orm.results.loading.org.hibernate.orm.results.loading.collection - (DelayedCollectionInitializer) Current row collection key : org.frcpm.models.Project(959662530059200).meetings#78
10:24:06.252 [main] DEBUG org.hibernate.orm.results.loading.org.hibernate.orm.results.loading.collection - (DelayedCollectionInitializer) Current row collection key : org.frcpm.models.Project(959662530059200).milestones#78
10:24:06.252 [main] DEBUG org.hibernate.orm.results.loading.org.hibernate.orm.results.loading.collection - (DelayedCollectionInitializer) Current row collection key : org.frcpm.models.Project(959662530059200).tasks#78
10:24:06.252 [main] DEBUG org.hibernate.orm.results.loading.entity - (EntityResultInitializer) Created new entity instance [org.frcpm.models.Project(959662530059200)#78] : 1767751910
10:24:06.253 [main] DEBUG org.hibernate.orm.results - Extracted JDBC value [1] - [null]
10:24:06.253 [main] DEBUG org.hibernate.orm.results - Extracted JDBC value [2] - [2025-06-06]
10:24:06.253 [main] DEBUG org.hibernate.orm.results - Extracted JDBC value [3] - [2025-06-20]
10:24:06.253 [main] DEBUG org.hibernate.orm.results - Extracted JDBC value [4] - [Test Task Project]
10:24:06.253 [main] DEBUG org.hibernate.orm.results - Extracted JDBC value [5] - [2025-04-25]
10:24:06.253 [main] DEBUG org.hibernate.orm.results.loading.entity - (EntityResultInitializer) Done materializing entityInstance : org.frcpm.models.Project(959662530059200)#78
10:24:06.253 [main] DEBUG org.hibernate.orm.results.loading - Calling top-level assembler (0 / 1) : org.hibernate.sql.results.graph.entity.internal.EntityAssembler@2443b82a
10:24:06.253 [main] DEBUG org.hibernate.orm.results - Extracted JDBC value [0] - [79]
10:24:06.253 [main] DEBUG org.hibernate.orm.results.loading.entity - (EntityResultInitializer) Hydrated EntityKey (org.frcpm.models.Project(959662530059200)): 79
10:24:06.253 [main] DEBUG org.hibernate.orm.results.loading.org.hibernate.orm.results.loading.collection - (DelayedCollectionInitializer) Current row collection key : org.frcpm.models.Project(959662530059200).meetings#79
10:24:06.253 [main] DEBUG org.hibernate.orm.results.loading.org.hibernate.orm.results.loading.collection - (DelayedCollectionInitializer) Current row collection key : org.frcpm.models.Project(959662530059200).milestones#79
10:24:06.253 [main] DEBUG org.hibernate.orm.results.loading.org.hibernate.orm.results.loading.collection - (DelayedCollectionInitializer) Current row collection key : org.frcpm.models.Project(959662530059200).tasks#79
10:24:06.253 [main] DEBUG org.hibernate.orm.results.loading.entity - (EntityResultInitializer) Created new entity instance [org.frcpm.models.Project(959662530059200)#79] : 112932773
10:24:06.253 [main] DEBUG org.hibernate.orm.results - Extracted JDBC value [1] - [null]
10:24:06.253 [main] DEBUG org.hibernate.orm.results - Extracted JDBC value [2] - [2025-06-06]
10:24:06.253 [main] DEBUG org.hibernate.orm.results - Extracted JDBC value [3] - [2025-06-20]
10:24:06.253 [main] DEBUG org.hibernate.orm.results - Extracted JDBC value [4] - [Test Task Project]
10:24:06.253 [main] DEBUG org.hibernate.orm.results - Extracted JDBC value [5] - [2025-04-25]
10:24:06.253 [main] DEBUG org.hibernate.orm.results.loading.entity - (EntityResultInitializer) Done materializing entityInstance : org.frcpm.models.Project(959662530059200)#79
10:24:06.253 [main] DEBUG org.hibernate.orm.results.loading - Calling top-level assembler (0 / 1) : org.hibernate.sql.results.graph.entity.internal.EntityAssembler@2443b82a
10:24:06.253 [main] DEBUG org.hibernate.orm.results - Extracted JDBC value [0] - [80]
10:24:06.253 [main] DEBUG org.hibernate.orm.results.loading.entity - (EntityResultInitializer) Hydrated EntityKey (org.frcpm.models.Project(959662530059200)): 80
10:24:06.253 [main] DEBUG org.hibernate.orm.results.loading.org.hibernate.orm.results.loading.collection - (DelayedCollectionInitializer) Current row collection key : org.frcpm.models.Project(959662530059200).meetings#80
10:24:06.253 [main] DEBUG org.hibernate.orm.results.loading.org.hibernate.orm.results.loading.collection - (DelayedCollectionInitializer) Current row collection key : org.frcpm.models.Project(959662530059200).milestones#80
10:24:06.253 [main] DEBUG org.hibernate.orm.results.loading.org.hibernate.orm.results.loading.collection - (DelayedCollectionInitializer) Current row collection key : org.frcpm.models.Project(959662530059200).tasks#80
10:24:06.253 [main] DEBUG org.hibernate.orm.results.loading.entity - (EntityResultInitializer) Created new entity instance [org.frcpm.models.Project(959662530059200)#80] : 369245106
10:24:06.253 [main] DEBUG org.hibernate.orm.results - Extracted JDBC value [1] - [null]
10:24:06.253 [main] DEBUG org.hibernate.orm.results - Extracted JDBC value [2] - [2025-06-06]
10:24:06.253 [main] DEBUG org.hibernate.orm.results - Extracted JDBC value [3] - [2025-06-20]
10:24:06.253 [main] DEBUG org.hibernate.orm.results - Extracted JDBC value [4] - [Test Task Project]
10:24:06.253 [main] DEBUG org.hibernate.orm.results - Extracted JDBC value [5] - [2025-04-25]
10:24:06.253 [main] DEBUG org.hibernate.orm.results.loading.entity - (EntityResultInitializer) Done materializing entityInstance : org.frcpm.models.Project(959662530059200)#80
10:24:06.253 [main] DEBUG org.hibernate.orm.results.loading - Calling top-level assembler (0 / 1) : org.hibernate.sql.results.graph.entity.internal.EntityAssembler@2443b82a
10:24:06.253 [main] DEBUG org.hibernate.orm.results - Extracted JDBC value [0] - [81]
10:24:06.253 [main] DEBUG org.hibernate.orm.results.loading.entity - (EntityResultInitializer) Hydrated EntityKey (org.frcpm.models.Project(959662530059200)): 81
10:24:06.253 [main] DEBUG org.hibernate.orm.results.loading.org.hibernate.orm.results.loading.collection - (DelayedCollectionInitializer) Current row collection key : org.frcpm.models.Project(959662530059200).meetings#81
10:24:06.253 [main] DEBUG org.hibernate.orm.results.loading.org.hibernate.orm.results.loading.collection - (DelayedCollectionInitializer) Current row collection key : org.frcpm.models.Project(959662530059200).milestones#81
10:24:06.253 [main] DEBUG org.hibernate.orm.results.loading.org.hibernate.orm.results.loading.collection - (DelayedCollectionInitializer) Current row collection key : org.frcpm.models.Project(959662530059200).tasks#81
10:24:06.253 [main] DEBUG org.hibernate.orm.results.loading.entity - (EntityResultInitializer) Created new entity instance [org.frcpm.models.Project(959662530059200)#81] : 422288949
10:24:06.253 [main] DEBUG org.hibernate.orm.results - Extracted JDBC value [1] - [null]
10:24:06.253 [main] DEBUG org.hibernate.orm.results - Extracted JDBC value [2] - [2025-06-06]
10:24:06.253 [main] DEBUG org.hibernate.orm.results - Extracted JDBC value [3] - [2025-06-20]
10:24:06.253 [main] DEBUG org.hibernate.orm.results - Extracted JDBC value [4] - [Test Task Project]
10:24:06.253 [main] DEBUG org.hibernate.orm.results - Extracted JDBC value [5] - [2025-04-25]
10:24:06.253 [main] DEBUG org.hibernate.orm.results.loading.entity - (EntityResultInitializer) Done materializing entityInstance : org.frcpm.models.Project(959662530059200)#81
10:24:06.253 [main] DEBUG org.hibernate.orm.results.loading - Calling top-level assembler (0 / 1) : org.hibernate.sql.results.graph.entity.internal.EntityAssembler@2443b82a
10:24:06.253 [main] DEBUG org.hibernate.orm.results - Extracted JDBC value [0] - [82]
10:24:06.253 [main] DEBUG org.hibernate.orm.results.loading.entity - (EntityResultInitializer) Hydrated EntityKey (org.frcpm.models.Project(959662530059200)): 82
10:24:06.254 [main] DEBUG org.hibernate.orm.results.loading.org.hibernate.orm.results.loading.collection - (DelayedCollectionInitializer) Current row collection key : org.frcpm.models.Project(959662530059200).meetings#82
10:24:06.254 [main] DEBUG org.hibernate.orm.results.loading.org.hibernate.orm.results.loading.collection - (DelayedCollectionInitializer) Current row collection key : org.frcpm.models.Project(959662530059200).milestones#82
10:24:06.254 [main] DEBUG org.hibernate.orm.results.loading.org.hibernate.orm.results.loading.collection - (DelayedCollectionInitializer) Current row collection key : org.frcpm.models.Project(959662530059200).tasks#82
10:24:06.254 [main] DEBUG org.hibernate.orm.results.loading.entity - (EntityResultInitializer) Created new entity instance [org.frcpm.models.Project(959662530059200)#82] : 621590106
10:24:06.254 [main] DEBUG org.hibernate.orm.results - Extracted JDBC value [1] - [null]
10:24:06.254 [main] DEBUG org.hibernate.orm.results - Extracted JDBC value [2] - [2025-06-06]
10:24:06.254 [main] DEBUG org.hibernate.orm.results - Extracted JDBC value [3] - [2025-06-20]
10:24:06.254 [main] DEBUG org.hibernate.orm.results - Extracted JDBC value [4] - [Test Task Project]
10:24:06.254 [main] DEBUG org.hibernate.orm.results - Extracted JDBC value [5] - [2025-04-25]
10:24:06.254 [main] DEBUG org.hibernate.orm.results.loading.entity - (EntityResultInitializer) Done materializing entityInstance : org.frcpm.models.Project(959662530059200)#82
10:24:06.254 [main] DEBUG org.hibernate.orm.results.loading - Calling top-level assembler (0 / 1) : org.hibernate.sql.results.graph.entity.internal.EntityAssembler@2443b82a
10:24:06.254 [main] DEBUG org.hibernate.orm.results - Extracted JDBC value [0] - [104]
10:24:06.254 [main] DEBUG org.hibernate.orm.results.loading.entity - (EntityResultInitializer) Hydrated EntityKey (org.frcpm.models.Project(959662530059200)): 104
10:24:06.254 [main] DEBUG org.hibernate.orm.results.loading.org.hibernate.orm.results.loading.collection - (DelayedCollectionInitializer) Current row collection key : org.frcpm.models.Project(959662530059200).meetings#104
10:24:06.254 [main] DEBUG org.hibernate.orm.results.loading.org.hibernate.orm.results.loading.collection - (DelayedCollectionInitializer) Current row collection key : org.frcpm.models.Project(959662530059200).milestones#104
10:24:06.254 [main] DEBUG org.hibernate.orm.results.loading.org.hibernate.orm.results.loading.collection - (DelayedCollectionInitializer) Current row collection key : org.frcpm.models.Project(959662530059200).tasks#104
10:24:06.254 [main] DEBUG org.hibernate.orm.results.loading.entity - (EntityResultInitializer) Created new entity instance [org.frcpm.models.Project(959662530059200)#104] : 2072555734
10:24:06.254 [main] DEBUG org.hibernate.orm.results - Extracted JDBC value [1] - [null]
10:24:06.254 [main] DEBUG org.hibernate.orm.results - Extracted JDBC value [2] - [2025-06-06]
10:24:06.254 [main] DEBUG org.hibernate.orm.results - Extracted JDBC value [3] - [2025-06-20]
10:24:06.254 [main] DEBUG org.hibernate.orm.results - Extracted JDBC value [4] - [Component Test Project]
10:24:06.254 [main] DEBUG org.hibernate.orm.results - Extracted JDBC value [5] - [2025-04-25]
10:24:06.254 [main] DEBUG org.hibernate.orm.results.loading.entity - (EntityResultInitializer) Done materializing entityInstance : org.frcpm.models.Project(959662530059200)#104
10:24:06.254 [main] DEBUG org.hibernate.orm.results.loading - Calling top-level assembler (0 / 1) : org.hibernate.sql.results.graph.entity.internal.EntityAssembler@2443b82a
10:24:06.254 [main] DEBUG org.hibernate.orm.results - Extracted JDBC value [0] - [135]
10:24:06.254 [main] DEBUG org.hibernate.orm.results.loading.entity - (EntityResultInitializer) Hydrated EntityKey (org.frcpm.models.Project(959662530059200)): 135
10:24:06.254 [main] DEBUG org.hibernate.orm.results.loading.org.hibernate.orm.results.loading.collection - (DelayedCollectionInitializer) Current row collection key : org.frcpm.models.Project(959662530059200).meetings#135
10:24:06.254 [main] DEBUG org.hibernate.orm.results.loading.org.hibernate.orm.results.loading.collection - (DelayedCollectionInitializer) Current row collection key : org.frcpm.models.Project(959662530059200).milestones#135
10:24:06.254 [main] DEBUG org.hibernate.orm.results.loading.org.hibernate.orm.results.loading.collection - (DelayedCollectionInitializer) Current row collection key : org.frcpm.models.Project(959662530059200).tasks#135
10:24:06.254 [main] DEBUG org.hibernate.orm.results.loading.entity - (EntityResultInitializer) Created new entity instance [org.frcpm.models.Project(959662530059200)#135] : 1596910382
10:24:06.254 [main] DEBUG org.hibernate.orm.results - Extracted JDBC value [1] - [null]
10:24:06.254 [main] DEBUG org.hibernate.orm.results - Extracted JDBC value [2] - [2025-05-23]
10:24:06.254 [main] DEBUG org.hibernate.orm.results - Extracted JDBC value [3] - [2025-06-06]
10:24:06.254 [main] DEBUG org.hibernate.orm.results - Extracted JDBC value [4] - [Test Create Service Project]
10:24:06.254 [main] DEBUG org.hibernate.orm.results - Extracted JDBC value [5] - [2025-04-25]
10:24:06.254 [main] DEBUG org.hibernate.orm.results.loading.entity - (EntityResultInitializer) Done materializing entityInstance : org.frcpm.models.Project(959662530059200)#135
10:24:06.254 [main] DEBUG org.hibernate.orm.results.loading - Calling top-level assembler (0 / 1) : org.hibernate.sql.results.graph.entity.internal.EntityAssembler@2443b82a
10:24:06.254 [main] DEBUG org.hibernate.orm.results - Extracted JDBC value [0] - [142]
10:24:06.254 [main] DEBUG org.hibernate.orm.results.loading.entity - (EntityResultInitializer) Hydrated EntityKey (org.frcpm.models.Project(959662530059200)): 142
10:24:06.254 [main] DEBUG org.hibernate.orm.results.loading.org.hibernate.orm.results.loading.collection - (DelayedCollectionInitializer) Current row collection key : org.frcpm.models.Project(959662530059200).meetings#142
10:24:06.254 [main] DEBUG org.hibernate.orm.results.loading.org.hibernate.orm.results.loading.collection - (DelayedCollectionInitializer) Current row collection key : org.frcpm.models.Project(959662530059200).milestones#142
10:24:06.254 [main] DEBUG org.hibernate.orm.results.loading.org.hibernate.orm.results.loading.collection - (DelayedCollectionInitializer) Current row collection key : org.frcpm.models.Project(959662530059200).tasks#142
10:24:06.254 [main] DEBUG org.hibernate.orm.results.loading.entity - (EntityResultInitializer) Created new entity instance [org.frcpm.models.Project(959662530059200)#142] : 1711534141
10:24:06.254 [main] DEBUG org.hibernate.orm.results - Extracted JDBC value [1] - [Updated description]
10:24:06.254 [main] DEBUG org.hibernate.orm.results - Extracted JDBC value [2] - [2025-05-23]
10:24:06.254 [main] DEBUG org.hibernate.orm.results - Extracted JDBC value [3] - [2025-06-06]
10:24:06.254 [main] DEBUG org.hibernate.orm.results - Extracted JDBC value [4] - [Updated Service Project Name]
10:24:06.254 [main] DEBUG org.hibernate.orm.results - Extracted JDBC value [5] - [2025-04-25]
10:24:06.254 [main] DEBUG org.hibernate.orm.results.loading.entity - (EntityResultInitializer) Done materializing entityInstance : org.frcpm.models.Project(959662530059200)#142
10:24:06.254 [main] DEBUG org.hibernate.orm.results.loading - Calling top-level assembler (0 / 1) : org.hibernate.sql.results.graph.entity.internal.EntityAssembler@2443b82a
10:24:06.254 [main] DEBUG org.hibernate.orm.results - Extracted JDBC value [0] - [148]
10:24:06.254 [main] DEBUG org.hibernate.orm.results.loading.entity - (EntityResultInitializer) Hydrated EntityKey (org.frcpm.models.Project(959662530059200)): 148
10:24:06.254 [main] DEBUG org.hibernate.orm.results.loading.org.hibernate.orm.results.loading.collection - (DelayedCollectionInitializer) Current row collection key : org.frcpm.models.Project(959662530059200).meetings#148
10:24:06.254 [main] DEBUG org.hibernate.orm.results.loading.org.hibernate.orm.results.loading.collection - (DelayedCollectionInitializer) Current row collection key : org.frcpm.models.Project(959662530059200).milestones#148
10:24:06.254 [main] DEBUG org.hibernate.orm.results.loading.org.hibernate.orm.results.loading.collection - (DelayedCollectionInitializer) Current row collection key : org.frcpm.models.Project(959662530059200).tasks#148
10:24:06.254 [main] DEBUG org.hibernate.orm.results.loading.entity - (EntityResultInitializer) Created new entity instance [org.frcpm.models.Project(959662530059200)#148] : 1346921141
10:24:06.254 [main] DEBUG org.hibernate.orm.results - Extracted JDBC value [1] - [null]
10:24:06.254 [main] DEBUG org.hibernate.orm.results - Extracted JDBC value [2] - [2025-05-23]
10:24:06.254 [main] DEBUG org.hibernate.orm.results - Extracted JDBC value [3] - [2025-06-06]
10:24:06.254 [main] DEBUG org.hibernate.orm.results - Extracted JDBC value [4] - [Test Summary Project]
10:24:06.254 [main] DEBUG org.hibernate.orm.results - Extracted JDBC value [5] - [2025-04-25]
10:24:06.254 [main] DEBUG org.hibernate.orm.results.loading.entity - (EntityResultInitializer) Done materializing entityInstance : org.frcpm.models.Project(959662530059200)#148
10:24:06.254 [main] DEBUG org.hibernate.orm.results.loading - Calling top-level assembler (0 / 1) : org.hibernate.sql.results.graph.entity.internal.EntityAssembler@2443b82a
10:24:06.254 [main] DEBUG org.hibernate.resource.jdbc.internal.LogicalConnectionManagedImpl - Initiating JDBC connection release from afterTransaction
10:24:06.254 [main] DEBUG org.hibernate.resource.jdbc.internal.LogicalConnectionManagedImpl - Initiating JDBC connection release from afterTransaction
]]></system-out>
  </testcase>
  <testcase name="testHandleScheduleMeeting" classname="org.frcpm.controllers.MainControllerTest" time="0.006">
    <system-out><![CDATA[10:24:06.257 [main] DEBUG org.hibernate.orm.sql.ast.create - Created new SQL alias : p1_0
10:24:06.257 [main] DEBUG org.hibernate.orm.sql.ast.create - Registration of TableGroup [StandardTableGroup(org.frcpm.models.Project(959662543534500))] with identifierForTableGroup [org.frcpm.models.Project] for NavigablePath [org.frcpm.models.Project] 
10:24:06.258 [main] DEBUG org.hibernate.orm.results.graph.AST - DomainResult Graph:
 \-EntityResultImpl [org.frcpm.models.Project(959662543534500)]
 |  +-BasicFetch [org.frcpm.models.Project(959662543534500).description]
 |  +-BasicFetch [org.frcpm.models.Project(959662543534500).goalEndDate]
 |  +-BasicFetch [org.frcpm.models.Project(959662543534500).hardDeadline]
 |  +-DelayedCollectionFetch [org.frcpm.models.Project(959662543534500).meetings]
 |  +-DelayedCollectionFetch [org.frcpm.models.Project(959662543534500).milestones]
 |  +-BasicFetch [org.frcpm.models.Project(959662543534500).name]
 |  +-BasicFetch [org.frcpm.models.Project(959662543534500).startDate]
 |  \-DelayedCollectionFetch [org.frcpm.models.Project(959662543534500).tasks]

10:24:06.258 [main] DEBUG org.hibernate.orm.sql.ast.tree - SQL AST Tree:
    SelectStatement {
      FromClause {
        StandardTableGroup (p1 : org.frcpm.models.Project(959662543534500)) {
          primaryTableReference : projects as p1_0
        }
      }
    }

10:24:06.258 [main] DEBUG org.hibernate.orm.sql.exec - Skipping reading Query result cache data: cache-enabled = false, cache-mode = NORMAL
10:24:06.258 [main] DEBUG org.hibernate.orm.results - Initializer list:
	  org.frcpm.models.Project(959662543534500).tasks -> DelayedCollectionInitializer(org.frcpm.models.Project(959662543534500).tasks)@1450443003 (PluralAttribute(org.frcpm.models.Project.tasks))
	  org.frcpm.models.Project(959662543534500) -> EntityResultInitializer(org.frcpm.models.Project(959662543534500))@487616955 (SingleTableEntityPersister(org.frcpm.models.Project))
	  org.frcpm.models.Project(959662543534500).milestones -> DelayedCollectionInitializer(org.frcpm.models.Project(959662543534500).milestones)@1065246515 (PluralAttribute(org.frcpm.models.Project.milestones))
	  org.frcpm.models.Project(959662543534500).meetings -> DelayedCollectionInitializer(org.frcpm.models.Project(959662543534500).meetings)@1250128746 (PluralAttribute(org.frcpm.models.Project.meetings))

10:24:06.258 [main] DEBUG org.hibernate.SQL - select p1_0.id,p1_0.description,p1_0.goal_end_date,p1_0.hard_deadline,p1_0.name,p1_0.start_date from projects p1_0
10:24:06.258 [main] DEBUG org.hibernate.orm.results - Extracted JDBC value [0] - [1]
10:24:06.258 [main] DEBUG org.hibernate.orm.results.loading.entity - (EntityResultInitializer) Hydrated EntityKey (org.frcpm.models.Project(959662543534500)): 1
10:24:06.258 [main] DEBUG org.hibernate.orm.results.loading.org.hibernate.orm.results.loading.collection - (DelayedCollectionInitializer) Current row collection key : org.frcpm.models.Project(959662543534500).meetings#1
10:24:06.258 [main] DEBUG org.hibernate.orm.results.loading.org.hibernate.orm.results.loading.collection - (DelayedCollectionInitializer) Current row collection key : org.frcpm.models.Project(959662543534500).milestones#1
10:24:06.258 [main] DEBUG org.hibernate.orm.results.loading.org.hibernate.orm.results.loading.collection - (DelayedCollectionInitializer) Current row collection key : org.frcpm.models.Project(959662543534500).tasks#1
10:24:06.258 [main] DEBUG org.hibernate.orm.results.loading.entity - (EntityResultInitializer) Created new entity instance [org.frcpm.models.Project(959662543534500)#1] : 1867490863
10:24:06.258 [main] DEBUG org.hibernate.orm.results - Extracted JDBC value [1] - [Competition robot for the 2025 FIRST Robotics Competition]
10:24:06.258 [main] DEBUG org.hibernate.orm.results - Extracted JDBC value [2] - [2025-06-12]
10:24:06.258 [main] DEBUG org.hibernate.orm.results - Extracted JDBC value [3] - [2025-06-26]
10:24:06.258 [main] DEBUG org.hibernate.orm.results - Extracted JDBC value [4] - [FRC 2025 Robot]
10:24:06.258 [main] DEBUG org.hibernate.orm.results - Extracted JDBC value [5] - [2025-05-01]
10:24:06.259 [main] DEBUG org.hibernate.orm.results.loading.entity - (EntityResultInitializer) Done materializing entityInstance : org.frcpm.models.Project(959662543534500)#1
10:24:06.259 [main] DEBUG org.hibernate.orm.results.loading - Calling top-level assembler (0 / 1) : org.hibernate.sql.results.graph.entity.internal.EntityAssembler@2b720a2c
10:24:06.259 [main] DEBUG org.hibernate.orm.results - Extracted JDBC value [0] - [51]
10:24:06.259 [main] DEBUG org.hibernate.orm.results.loading.entity - (EntityResultInitializer) Hydrated EntityKey (org.frcpm.models.Project(959662543534500)): 51
10:24:06.259 [main] DEBUG org.hibernate.orm.results.loading.org.hibernate.orm.results.loading.collection - (DelayedCollectionInitializer) Current row collection key : org.frcpm.models.Project(959662543534500).meetings#51
10:24:06.259 [main] DEBUG org.hibernate.orm.results.loading.org.hibernate.orm.results.loading.collection - (DelayedCollectionInitializer) Current row collection key : org.frcpm.models.Project(959662543534500).milestones#51
10:24:06.259 [main] DEBUG org.hibernate.orm.results.loading.org.hibernate.orm.results.loading.collection - (DelayedCollectionInitializer) Current row collection key : org.frcpm.models.Project(959662543534500).tasks#51
10:24:06.259 [main] DEBUG org.hibernate.orm.results.loading.entity - (EntityResultInitializer) Created new entity instance [org.frcpm.models.Project(959662543534500)#51] : 570094901
10:24:06.259 [main] DEBUG org.hibernate.orm.results - Extracted JDBC value [1] - [null]
10:24:06.259 [main] DEBUG org.hibernate.orm.results - Extracted JDBC value [2] - [2025-05-23]
10:24:06.259 [main] DEBUG org.hibernate.orm.results - Extracted JDBC value [3] - [2025-06-06]
10:24:06.259 [main] DEBUG org.hibernate.orm.results - Extracted JDBC value [4] - [Test Count Project]
10:24:06.259 [main] DEBUG org.hibernate.orm.results - Extracted JDBC value [5] - [2025-04-25]
10:24:06.259 [main] DEBUG org.hibernate.orm.results.loading.entity - (EntityResultInitializer) Done materializing entityInstance : org.frcpm.models.Project(959662543534500)#51
10:24:06.259 [main] DEBUG org.hibernate.orm.results.loading - Calling top-level assembler (0 / 1) : org.hibernate.sql.results.graph.entity.internal.EntityAssembler@2b720a2c
10:24:06.259 [main] DEBUG org.hibernate.orm.results - Extracted JDBC value [0] - [54]
10:24:06.259 [main] DEBUG org.hibernate.orm.results.loading.entity - (EntityResultInitializer) Hydrated EntityKey (org.frcpm.models.Project(959662543534500)): 54
10:24:06.259 [main] DEBUG org.hibernate.orm.results.loading.org.hibernate.orm.results.loading.collection - (DelayedCollectionInitializer) Current row collection key : org.frcpm.models.Project(959662543534500).meetings#54
10:24:06.259 [main] DEBUG org.hibernate.orm.results.loading.org.hibernate.orm.results.loading.collection - (DelayedCollectionInitializer) Current row collection key : org.frcpm.models.Project(959662543534500).milestones#54
10:24:06.259 [main] DEBUG org.hibernate.orm.results.loading.org.hibernate.orm.results.loading.collection - (DelayedCollectionInitializer) Current row collection key : org.frcpm.models.Project(959662543534500).tasks#54
10:24:06.259 [main] DEBUG org.hibernate.orm.results.loading.entity - (EntityResultInitializer) Created new entity instance [org.frcpm.models.Project(959662543534500)#54] : 73295352
10:24:06.259 [main] DEBUG org.hibernate.orm.results - Extracted JDBC value [1] - [Test save description]
10:24:06.259 [main] DEBUG org.hibernate.orm.results - Extracted JDBC value [2] - [2025-05-23]
10:24:06.259 [main] DEBUG org.hibernate.orm.results - Extracted JDBC value [3] - [2025-06-06]
10:24:06.259 [main] DEBUG org.hibernate.orm.results - Extracted JDBC value [4] - [Test Save Project]
10:24:06.259 [main] DEBUG org.hibernate.orm.results - Extracted JDBC value [5] - [2025-04-25]
10:24:06.259 [main] DEBUG org.hibernate.orm.results.loading.entity - (EntityResultInitializer) Done materializing entityInstance : org.frcpm.models.Project(959662543534500)#54
10:24:06.259 [main] DEBUG org.hibernate.orm.results.loading - Calling top-level assembler (0 / 1) : org.hibernate.sql.results.graph.entity.internal.EntityAssembler@2b720a2c
10:24:06.259 [main] DEBUG org.hibernate.orm.results - Extracted JDBC value [0] - [69]
10:24:06.259 [main] DEBUG org.hibernate.orm.results.loading.entity - (EntityResultInitializer) Hydrated EntityKey (org.frcpm.models.Project(959662543534500)): 69
10:24:06.259 [main] DEBUG org.hibernate.orm.results.loading.org.hibernate.orm.results.loading.collection - (DelayedCollectionInitializer) Current row collection key : org.frcpm.models.Project(959662543534500).meetings#69
10:24:06.259 [main] DEBUG org.hibernate.orm.results.loading.org.hibernate.orm.results.loading.collection - (DelayedCollectionInitializer) Current row collection key : org.frcpm.models.Project(959662543534500).milestones#69
10:24:06.259 [main] DEBUG org.hibernate.orm.results.loading.org.hibernate.orm.results.loading.collection - (DelayedCollectionInitializer) Current row collection key : org.frcpm.models.Project(959662543534500).tasks#69
10:24:06.259 [main] DEBUG org.hibernate.orm.results.loading.entity - (EntityResultInitializer) Created new entity instance [org.frcpm.models.Project(959662543534500)#69] : 2078037760
10:24:06.259 [main] DEBUG org.hibernate.orm.results - Extracted JDBC value [1] - [null]
10:24:06.259 [main] DEBUG org.hibernate.orm.results - Extracted JDBC value [2] - [2025-05-23]
10:24:06.259 [main] DEBUG org.hibernate.orm.results - Extracted JDBC value [3] - [2025-06-06]
10:24:06.259 [main] DEBUG org.hibernate.orm.results - Extracted JDBC value [4] - [Updated Project Name]
10:24:06.259 [main] DEBUG org.hibernate.orm.results - Extracted JDBC value [5] - [2025-04-25]
10:24:06.259 [main] DEBUG org.hibernate.orm.results.loading.entity - (EntityResultInitializer) Done materializing entityInstance : org.frcpm.models.Project(959662543534500)#69
10:24:06.259 [main] DEBUG org.hibernate.orm.results.loading - Calling top-level assembler (0 / 1) : org.hibernate.sql.results.graph.entity.internal.EntityAssembler@2b720a2c
10:24:06.259 [main] DEBUG org.hibernate.orm.results - Extracted JDBC value [0] - [70]
10:24:06.259 [main] DEBUG org.hibernate.orm.results.loading.entity - (EntityResultInitializer) Hydrated EntityKey (org.frcpm.models.Project(959662543534500)): 70
10:24:06.259 [main] DEBUG org.hibernate.orm.results.loading.org.hibernate.orm.results.loading.collection - (DelayedCollectionInitializer) Current row collection key : org.frcpm.models.Project(959662543534500).meetings#70
10:24:06.259 [main] DEBUG org.hibernate.orm.results.loading.org.hibernate.orm.results.loading.collection - (DelayedCollectionInitializer) Current row collection key : org.frcpm.models.Project(959662543534500).milestones#70
10:24:06.259 [main] DEBUG org.hibernate.orm.results.loading.org.hibernate.orm.results.loading.collection - (DelayedCollectionInitializer) Current row collection key : org.frcpm.models.Project(959662543534500).tasks#70
10:24:06.259 [main] DEBUG org.hibernate.orm.results.loading.entity - (EntityResultInitializer) Created new entity instance [org.frcpm.models.Project(959662543534500)#70] : 409060521
10:24:06.259 [main] DEBUG org.hibernate.orm.results - Extracted JDBC value [1] - [null]
10:24:06.259 [main] DEBUG org.hibernate.orm.results - Extracted JDBC value [2] - [2025-06-06]
10:24:06.259 [main] DEBUG org.hibernate.orm.results - Extracted JDBC value [3] - [2025-06-20]
10:24:06.259 [main] DEBUG org.hibernate.orm.results - Extracted JDBC value [4] - [Test Task Project]
10:24:06.259 [main] DEBUG org.hibernate.orm.results - Extracted JDBC value [5] - [2025-04-25]
10:24:06.259 [main] DEBUG org.hibernate.orm.results.loading.entity - (EntityResultInitializer) Done materializing entityInstance : org.frcpm.models.Project(959662543534500)#70
10:24:06.259 [main] DEBUG org.hibernate.orm.results.loading - Calling top-level assembler (0 / 1) : org.hibernate.sql.results.graph.entity.internal.EntityAssembler@2b720a2c
10:24:06.259 [main] DEBUG org.hibernate.orm.results - Extracted JDBC value [0] - [71]
10:24:06.259 [main] DEBUG org.hibernate.orm.results.loading.entity - (EntityResultInitializer) Hydrated EntityKey (org.frcpm.models.Project(959662543534500)): 71
10:24:06.259 [main] DEBUG org.hibernate.orm.results.loading.org.hibernate.orm.results.loading.collection - (DelayedCollectionInitializer) Current row collection key : org.frcpm.models.Project(959662543534500).meetings#71
10:24:06.259 [main] DEBUG org.hibernate.orm.results.loading.org.hibernate.orm.results.loading.collection - (DelayedCollectionInitializer) Current row collection key : org.frcpm.models.Project(959662543534500).milestones#71
10:24:06.259 [main] DEBUG org.hibernate.orm.results.loading.org.hibernate.orm.results.loading.collection - (DelayedCollectionInitializer) Current row collection key : org.frcpm.models.Project(959662543534500).tasks#71
10:24:06.259 [main] DEBUG org.hibernate.orm.results.loading.entity - (EntityResultInitializer) Created new entity instance [org.frcpm.models.Project(959662543534500)#71] : 2133184979
10:24:06.259 [main] DEBUG org.hibernate.orm.results - Extracted JDBC value [1] - [null]
10:24:06.259 [main] DEBUG org.hibernate.orm.results - Extracted JDBC value [2] - [2025-06-06]
10:24:06.259 [main] DEBUG org.hibernate.orm.results - Extracted JDBC value [3] - [2025-06-20]
10:24:06.259 [main] DEBUG org.hibernate.orm.results - Extracted JDBC value [4] - [Test Task Project]
10:24:06.259 [main] DEBUG org.hibernate.orm.results - Extracted JDBC value [5] - [2025-04-25]
10:24:06.259 [main] DEBUG org.hibernate.orm.results.loading.entity - (EntityResultInitializer) Done materializing entityInstance : org.frcpm.models.Project(959662543534500)#71
10:24:06.259 [main] DEBUG org.hibernate.orm.results.loading - Calling top-level assembler (0 / 1) : org.hibernate.sql.results.graph.entity.internal.EntityAssembler@2b720a2c
10:24:06.259 [main] DEBUG org.hibernate.orm.results - Extracted JDBC value [0] - [72]
10:24:06.259 [main] DEBUG org.hibernate.orm.results.loading.entity - (EntityResultInitializer) Hydrated EntityKey (org.frcpm.models.Project(959662543534500)): 72
10:24:06.259 [main] DEBUG org.hibernate.orm.results.loading.org.hibernate.orm.results.loading.collection - (DelayedCollectionInitializer) Current row collection key : org.frcpm.models.Project(959662543534500).meetings#72
10:24:06.259 [main] DEBUG org.hibernate.orm.results.loading.org.hibernate.orm.results.loading.collection - (DelayedCollectionInitializer) Current row collection key : org.frcpm.models.Project(959662543534500).milestones#72
10:24:06.259 [main] DEBUG org.hibernate.orm.results.loading.org.hibernate.orm.results.loading.collection - (DelayedCollectionInitializer) Current row collection key : org.frcpm.models.Project(959662543534500).tasks#72
10:24:06.259 [main] DEBUG org.hibernate.orm.results.loading.entity - (EntityResultInitializer) Created new entity instance [org.frcpm.models.Project(959662543534500)#72] : 1286426995
10:24:06.259 [main] DEBUG org.hibernate.orm.results - Extracted JDBC value [1] - [null]
10:24:06.259 [main] DEBUG org.hibernate.orm.results - Extracted JDBC value [2] - [2025-06-06]
10:24:06.259 [main] DEBUG org.hibernate.orm.results - Extracted JDBC value [3] - [2025-06-20]
10:24:06.259 [main] DEBUG org.hibernate.orm.results - Extracted JDBC value [4] - [Test Task Project]
10:24:06.259 [main] DEBUG org.hibernate.orm.results - Extracted JDBC value [5] - [2025-04-25]
10:24:06.259 [main] DEBUG org.hibernate.orm.results.loading.entity - (EntityResultInitializer) Done materializing entityInstance : org.frcpm.models.Project(959662543534500)#72
10:24:06.259 [main] DEBUG org.hibernate.orm.results.loading - Calling top-level assembler (0 / 1) : org.hibernate.sql.results.graph.entity.internal.EntityAssembler@2b720a2c
10:24:06.260 [main] DEBUG org.hibernate.orm.results - Extracted JDBC value [0] - [73]
10:24:06.260 [main] DEBUG org.hibernate.orm.results.loading.entity - (EntityResultInitializer) Hydrated EntityKey (org.frcpm.models.Project(959662543534500)): 73
10:24:06.260 [main] DEBUG org.hibernate.orm.results.loading.org.hibernate.orm.results.loading.collection - (DelayedCollectionInitializer) Current row collection key : org.frcpm.models.Project(959662543534500).meetings#73
10:24:06.260 [main] DEBUG org.hibernate.orm.results.loading.org.hibernate.orm.results.loading.collection - (DelayedCollectionInitializer) Current row collection key : org.frcpm.models.Project(959662543534500).milestones#73
10:24:06.260 [main] DEBUG org.hibernate.orm.results.loading.org.hibernate.orm.results.loading.collection - (DelayedCollectionInitializer) Current row collection key : org.frcpm.models.Project(959662543534500).tasks#73
10:24:06.260 [main] DEBUG org.hibernate.orm.results.loading.entity - (EntityResultInitializer) Created new entity instance [org.frcpm.models.Project(959662543534500)#73] : 1839376318
10:24:06.260 [main] DEBUG org.hibernate.orm.results - Extracted JDBC value [1] - [null]
10:24:06.260 [main] DEBUG org.hibernate.orm.results - Extracted JDBC value [2] - [2025-06-06]
10:24:06.260 [main] DEBUG org.hibernate.orm.results - Extracted JDBC value [3] - [2025-06-20]
10:24:06.260 [main] DEBUG org.hibernate.orm.results - Extracted JDBC value [4] - [Test Task Project]
10:24:06.260 [main] DEBUG org.hibernate.orm.results - Extracted JDBC value [5] - [2025-04-25]
10:24:06.260 [main] DEBUG org.hibernate.orm.results.loading.entity - (EntityResultInitializer) Done materializing entityInstance : org.frcpm.models.Project(959662543534500)#73
10:24:06.260 [main] DEBUG org.hibernate.orm.results.loading - Calling top-level assembler (0 / 1) : org.hibernate.sql.results.graph.entity.internal.EntityAssembler@2b720a2c
10:24:06.260 [main] DEBUG org.hibernate.orm.results - Extracted JDBC value [0] - [74]
10:24:06.260 [main] DEBUG org.hibernate.orm.results.loading.entity - (EntityResultInitializer) Hydrated EntityKey (org.frcpm.models.Project(959662543534500)): 74
10:24:06.260 [main] DEBUG org.hibernate.orm.results.loading.org.hibernate.orm.results.loading.collection - (DelayedCollectionInitializer) Current row collection key : org.frcpm.models.Project(959662543534500).meetings#74
10:24:06.260 [main] DEBUG org.hibernate.orm.results.loading.org.hibernate.orm.results.loading.collection - (DelayedCollectionInitializer) Current row collection key : org.frcpm.models.Project(959662543534500).milestones#74
10:24:06.260 [main] DEBUG org.hibernate.orm.results.loading.org.hibernate.orm.results.loading.collection - (DelayedCollectionInitializer) Current row collection key : org.frcpm.models.Project(959662543534500).tasks#74
10:24:06.260 [main] DEBUG org.hibernate.orm.results.loading.entity - (EntityResultInitializer) Created new entity instance [org.frcpm.models.Project(959662543534500)#74] : 951141924
10:24:06.260 [main] DEBUG org.hibernate.orm.results - Extracted JDBC value [1] - [null]
10:24:06.260 [main] DEBUG org.hibernate.orm.results - Extracted JDBC value [2] - [2025-06-06]
10:24:06.260 [main] DEBUG org.hibernate.orm.results - Extracted JDBC value [3] - [2025-06-20]
10:24:06.260 [main] DEBUG org.hibernate.orm.results - Extracted JDBC value [4] - [Test Task Project]
10:24:06.260 [main] DEBUG org.hibernate.orm.results - Extracted JDBC value [5] - [2025-04-25]
10:24:06.260 [main] DEBUG org.hibernate.orm.results.loading.entity - (EntityResultInitializer) Done materializing entityInstance : org.frcpm.models.Project(959662543534500)#74
10:24:06.260 [main] DEBUG org.hibernate.orm.results.loading - Calling top-level assembler (0 / 1) : org.hibernate.sql.results.graph.entity.internal.EntityAssembler@2b720a2c
10:24:06.260 [main] DEBUG org.hibernate.orm.results - Extracted JDBC value [0] - [75]
10:24:06.260 [main] DEBUG org.hibernate.orm.results.loading.entity - (EntityResultInitializer) Hydrated EntityKey (org.frcpm.models.Project(959662543534500)): 75
10:24:06.260 [main] DEBUG org.hibernate.orm.results.loading.org.hibernate.orm.results.loading.collection - (DelayedCollectionInitializer) Current row collection key : org.frcpm.models.Project(959662543534500).meetings#75
10:24:06.260 [main] DEBUG org.hibernate.orm.results.loading.org.hibernate.orm.results.loading.collection - (DelayedCollectionInitializer) Current row collection key : org.frcpm.models.Project(959662543534500).milestones#75
10:24:06.260 [main] DEBUG org.hibernate.orm.results.loading.org.hibernate.orm.results.loading.collection - (DelayedCollectionInitializer) Current row collection key : org.frcpm.models.Project(959662543534500).tasks#75
10:24:06.260 [main] DEBUG org.hibernate.orm.results.loading.entity - (EntityResultInitializer) Created new entity instance [org.frcpm.models.Project(959662543534500)#75] : 2069707461
10:24:06.260 [main] DEBUG org.hibernate.orm.results - Extracted JDBC value [1] - [null]
10:24:06.260 [main] DEBUG org.hibernate.orm.results - Extracted JDBC value [2] - [2025-06-06]
10:24:06.260 [main] DEBUG org.hibernate.orm.results - Extracted JDBC value [3] - [2025-06-20]
10:24:06.260 [main] DEBUG org.hibernate.orm.results - Extracted JDBC value [4] - [Test Task Project]
10:24:06.260 [main] DEBUG org.hibernate.orm.results - Extracted JDBC value [5] - [2025-04-25]
10:24:06.260 [main] DEBUG org.hibernate.orm.results.loading.entity - (EntityResultInitializer) Done materializing entityInstance : org.frcpm.models.Project(959662543534500)#75
10:24:06.260 [main] DEBUG org.hibernate.orm.results.loading - Calling top-level assembler (0 / 1) : org.hibernate.sql.results.graph.entity.internal.EntityAssembler@2b720a2c
10:24:06.260 [main] DEBUG org.hibernate.orm.results - Extracted JDBC value [0] - [76]
10:24:06.260 [main] DEBUG org.hibernate.orm.results.loading.entity - (EntityResultInitializer) Hydrated EntityKey (org.frcpm.models.Project(959662543534500)): 76
10:24:06.260 [main] DEBUG org.hibernate.orm.results.loading.org.hibernate.orm.results.loading.collection - (DelayedCollectionInitializer) Current row collection key : org.frcpm.models.Project(959662543534500).meetings#76
10:24:06.260 [main] DEBUG org.hibernate.orm.results.loading.org.hibernate.orm.results.loading.collection - (DelayedCollectionInitializer) Current row collection key : org.frcpm.models.Project(959662543534500).milestones#76
10:24:06.260 [main] DEBUG org.hibernate.orm.results.loading.org.hibernate.orm.results.loading.collection - (DelayedCollectionInitializer) Current row collection key : org.frcpm.models.Project(959662543534500).tasks#76
10:24:06.260 [main] DEBUG org.hibernate.orm.results.loading.entity - (EntityResultInitializer) Created new entity instance [org.frcpm.models.Project(959662543534500)#76] : 1104302735
10:24:06.260 [main] DEBUG org.hibernate.orm.results - Extracted JDBC value [1] - [null]
10:24:06.260 [main] DEBUG org.hibernate.orm.results - Extracted JDBC value [2] - [2025-06-06]
10:24:06.260 [main] DEBUG org.hibernate.orm.results - Extracted JDBC value [3] - [2025-06-20]
10:24:06.260 [main] DEBUG org.hibernate.orm.results - Extracted JDBC value [4] - [Test Task Project]
10:24:06.260 [main] DEBUG org.hibernate.orm.results - Extracted JDBC value [5] - [2025-04-25]
10:24:06.260 [main] DEBUG org.hibernate.orm.results.loading.entity - (EntityResultInitializer) Done materializing entityInstance : org.frcpm.models.Project(959662543534500)#76
10:24:06.260 [main] DEBUG org.hibernate.orm.results.loading - Calling top-level assembler (0 / 1) : org.hibernate.sql.results.graph.entity.internal.EntityAssembler@2b720a2c
10:24:06.260 [main] DEBUG org.hibernate.orm.results - Extracted JDBC value [0] - [77]
10:24:06.260 [main] DEBUG org.hibernate.orm.results.loading.entity - (EntityResultInitializer) Hydrated EntityKey (org.frcpm.models.Project(959662543534500)): 77
10:24:06.260 [main] DEBUG org.hibernate.orm.results.loading.org.hibernate.orm.results.loading.collection - (DelayedCollectionInitializer) Current row collection key : org.frcpm.models.Project(959662543534500).meetings#77
10:24:06.260 [main] DEBUG org.hibernate.orm.results.loading.org.hibernate.orm.results.loading.collection - (DelayedCollectionInitializer) Current row collection key : org.frcpm.models.Project(959662543534500).milestones#77
10:24:06.260 [main] DEBUG org.hibernate.orm.results.loading.org.hibernate.orm.results.loading.collection - (DelayedCollectionInitializer) Current row collection key : org.frcpm.models.Project(959662543534500).tasks#77
10:24:06.260 [main] DEBUG org.hibernate.orm.results.loading.entity - (EntityResultInitializer) Created new entity instance [org.frcpm.models.Project(959662543534500)#77] : 836431654
10:24:06.260 [main] DEBUG org.hibernate.orm.results - Extracted JDBC value [1] - [null]
10:24:06.260 [main] DEBUG org.hibernate.orm.results - Extracted JDBC value [2] - [2025-06-06]
10:24:06.260 [main] DEBUG org.hibernate.orm.results - Extracted JDBC value [3] - [2025-06-20]
10:24:06.260 [main] DEBUG org.hibernate.orm.results - Extracted JDBC value [4] - [Test Task Project]
10:24:06.260 [main] DEBUG org.hibernate.orm.results - Extracted JDBC value [5] - [2025-04-25]
10:24:06.260 [main] DEBUG org.hibernate.orm.results.loading.entity - (EntityResultInitializer) Done materializing entityInstance : org.frcpm.models.Project(959662543534500)#77
10:24:06.260 [main] DEBUG org.hibernate.orm.results.loading - Calling top-level assembler (0 / 1) : org.hibernate.sql.results.graph.entity.internal.EntityAssembler@2b720a2c
10:24:06.260 [main] DEBUG org.hibernate.orm.results - Extracted JDBC value [0] - [78]
10:24:06.260 [main] DEBUG org.hibernate.orm.results.loading.entity - (EntityResultInitializer) Hydrated EntityKey (org.frcpm.models.Project(959662543534500)): 78
10:24:06.260 [main] DEBUG org.hibernate.orm.results.loading.org.hibernate.orm.results.loading.collection - (DelayedCollectionInitializer) Current row collection key : org.frcpm.models.Project(959662543534500).meetings#78
10:24:06.260 [main] DEBUG org.hibernate.orm.results.loading.org.hibernate.orm.results.loading.collection - (DelayedCollectionInitializer) Current row collection key : org.frcpm.models.Project(959662543534500).milestones#78
10:24:06.260 [main] DEBUG org.hibernate.orm.results.loading.org.hibernate.orm.results.loading.collection - (DelayedCollectionInitializer) Current row collection key : org.frcpm.models.Project(959662543534500).tasks#78
10:24:06.260 [main] DEBUG org.hibernate.orm.results.loading.entity - (EntityResultInitializer) Created new entity instance [org.frcpm.models.Project(959662543534500)#78] : 144084968
10:24:06.260 [main] DEBUG org.hibernate.orm.results - Extracted JDBC value [1] - [null]
10:24:06.260 [main] DEBUG org.hibernate.orm.results - Extracted JDBC value [2] - [2025-06-06]
10:24:06.260 [main] DEBUG org.hibernate.orm.results - Extracted JDBC value [3] - [2025-06-20]
10:24:06.260 [main] DEBUG org.hibernate.orm.results - Extracted JDBC value [4] - [Test Task Project]
10:24:06.260 [main] DEBUG org.hibernate.orm.results - Extracted JDBC value [5] - [2025-04-25]
10:24:06.260 [main] DEBUG org.hibernate.orm.results.loading.entity - (EntityResultInitializer) Done materializing entityInstance : org.frcpm.models.Project(959662543534500)#78
10:24:06.260 [main] DEBUG org.hibernate.orm.results.loading - Calling top-level assembler (0 / 1) : org.hibernate.sql.results.graph.entity.internal.EntityAssembler@2b720a2c
10:24:06.260 [main] DEBUG org.hibernate.orm.results - Extracted JDBC value [0] - [79]
10:24:06.260 [main] DEBUG org.hibernate.orm.results.loading.entity - (EntityResultInitializer) Hydrated EntityKey (org.frcpm.models.Project(959662543534500)): 79
10:24:06.260 [main] DEBUG org.hibernate.orm.results.loading.org.hibernate.orm.results.loading.collection - (DelayedCollectionInitializer) Current row collection key : org.frcpm.models.Project(959662543534500).meetings#79
10:24:06.260 [main] DEBUG org.hibernate.orm.results.loading.org.hibernate.orm.results.loading.collection - (DelayedCollectionInitializer) Current row collection key : org.frcpm.models.Project(959662543534500).milestones#79
10:24:06.260 [main] DEBUG org.hibernate.orm.results.loading.org.hibernate.orm.results.loading.collection - (DelayedCollectionInitializer) Current row collection key : org.frcpm.models.Project(959662543534500).tasks#79
10:24:06.260 [main] DEBUG org.hibernate.orm.results.loading.entity - (EntityResultInitializer) Created new entity instance [org.frcpm.models.Project(959662543534500)#79] : 74866263
10:24:06.260 [main] DEBUG org.hibernate.orm.results - Extracted JDBC value [1] - [null]
10:24:06.260 [main] DEBUG org.hibernate.orm.results - Extracted JDBC value [2] - [2025-06-06]
10:24:06.260 [main] DEBUG org.hibernate.orm.results - Extracted JDBC value [3] - [2025-06-20]
10:24:06.260 [main] DEBUG org.hibernate.orm.results - Extracted JDBC value [4] - [Test Task Project]
10:24:06.260 [main] DEBUG org.hibernate.orm.results - Extracted JDBC value [5] - [2025-04-25]
10:24:06.260 [main] DEBUG org.hibernate.orm.results.loading.entity - (EntityResultInitializer) Done materializing entityInstance : org.frcpm.models.Project(959662543534500)#79
10:24:06.260 [main] DEBUG org.hibernate.orm.results.loading - Calling top-level assembler (0 / 1) : org.hibernate.sql.results.graph.entity.internal.EntityAssembler@2b720a2c
10:24:06.260 [main] DEBUG org.hibernate.orm.results - Extracted JDBC value [0] - [80]
10:24:06.260 [main] DEBUG org.hibernate.orm.results.loading.entity - (EntityResultInitializer) Hydrated EntityKey (org.frcpm.models.Project(959662543534500)): 80
10:24:06.260 [main] DEBUG org.hibernate.orm.results.loading.org.hibernate.orm.results.loading.collection - (DelayedCollectionInitializer) Current row collection key : org.frcpm.models.Project(959662543534500).meetings#80
10:24:06.260 [main] DEBUG org.hibernate.orm.results.loading.org.hibernate.orm.results.loading.collection - (DelayedCollectionInitializer) Current row collection key : org.frcpm.models.Project(959662543534500).milestones#80
10:24:06.260 [main] DEBUG org.hibernate.orm.results.loading.org.hibernate.orm.results.loading.collection - (DelayedCollectionInitializer) Current row collection key : org.frcpm.models.Project(959662543534500).tasks#80
10:24:06.260 [main] DEBUG org.hibernate.orm.results.loading.entity - (EntityResultInitializer) Created new entity instance [org.frcpm.models.Project(959662543534500)#80] : 1977547730
10:24:06.260 [main] DEBUG org.hibernate.orm.results - Extracted JDBC value [1] - [null]
10:24:06.260 [main] DEBUG org.hibernate.orm.results - Extracted JDBC value [2] - [2025-06-06]
10:24:06.260 [main] DEBUG org.hibernate.orm.results - Extracted JDBC value [3] - [2025-06-20]
10:24:06.260 [main] DEBUG org.hibernate.orm.results - Extracted JDBC value [4] - [Test Task Project]
10:24:06.260 [main] DEBUG org.hibernate.orm.results - Extracted JDBC value [5] - [2025-04-25]
10:24:06.260 [main] DEBUG org.hibernate.orm.results.loading.entity - (EntityResultInitializer) Done materializing entityInstance : org.frcpm.models.Project(959662543534500)#80
10:24:06.260 [main] DEBUG org.hibernate.orm.results.loading - Calling top-level assembler (0 / 1) : org.hibernate.sql.results.graph.entity.internal.EntityAssembler@2b720a2c
10:24:06.260 [main] DEBUG org.hibernate.orm.results - Extracted JDBC value [0] - [81]
10:24:06.260 [main] DEBUG org.hibernate.orm.results.loading.entity - (EntityResultInitializer) Hydrated EntityKey (org.frcpm.models.Project(959662543534500)): 81
10:24:06.260 [main] DEBUG org.hibernate.orm.results.loading.org.hibernate.orm.results.loading.collection - (DelayedCollectionInitializer) Current row collection key : org.frcpm.models.Project(959662543534500).meetings#81
10:24:06.260 [main] DEBUG org.hibernate.orm.results.loading.org.hibernate.orm.results.loading.collection - (DelayedCollectionInitializer) Current row collection key : org.frcpm.models.Project(959662543534500).milestones#81
10:24:06.260 [main] DEBUG org.hibernate.orm.results.loading.org.hibernate.orm.results.loading.collection - (DelayedCollectionInitializer) Current row collection key : org.frcpm.models.Project(959662543534500).tasks#81
10:24:06.260 [main] DEBUG org.hibernate.orm.results.loading.entity - (EntityResultInitializer) Created new entity instance [org.frcpm.models.Project(959662543534500)#81] : 1653392617
10:24:06.260 [main] DEBUG org.hibernate.orm.results - Extracted JDBC value [1] - [null]
10:24:06.261 [main] DEBUG org.hibernate.orm.results - Extracted JDBC value [2] - [2025-06-06]
10:24:06.261 [main] DEBUG org.hibernate.orm.results - Extracted JDBC value [3] - [2025-06-20]
10:24:06.261 [main] DEBUG org.hibernate.orm.results - Extracted JDBC value [4] - [Test Task Project]
10:24:06.261 [main] DEBUG org.hibernate.orm.results - Extracted JDBC value [5] - [2025-04-25]
10:24:06.261 [main] DEBUG org.hibernate.orm.results.loading.entity - (EntityResultInitializer) Done materializing entityInstance : org.frcpm.models.Project(959662543534500)#81
10:24:06.261 [main] DEBUG org.hibernate.orm.results.loading - Calling top-level assembler (0 / 1) : org.hibernate.sql.results.graph.entity.internal.EntityAssembler@2b720a2c
10:24:06.261 [main] DEBUG org.hibernate.orm.results - Extracted JDBC value [0] - [82]
10:24:06.261 [main] DEBUG org.hibernate.orm.results.loading.entity - (EntityResultInitializer) Hydrated EntityKey (org.frcpm.models.Project(959662543534500)): 82
10:24:06.261 [main] DEBUG org.hibernate.orm.results.loading.org.hibernate.orm.results.loading.collection - (DelayedCollectionInitializer) Current row collection key : org.frcpm.models.Project(959662543534500).meetings#82
10:24:06.261 [main] DEBUG org.hibernate.orm.results.loading.org.hibernate.orm.results.loading.collection - (DelayedCollectionInitializer) Current row collection key : org.frcpm.models.Project(959662543534500).milestones#82
10:24:06.261 [main] DEBUG org.hibernate.orm.results.loading.org.hibernate.orm.results.loading.collection - (DelayedCollectionInitializer) Current row collection key : org.frcpm.models.Project(959662543534500).tasks#82
10:24:06.261 [main] DEBUG org.hibernate.orm.results.loading.entity - (EntityResultInitializer) Created new entity instance [org.frcpm.models.Project(959662543534500)#82] : 1554837653
10:24:06.261 [main] DEBUG org.hibernate.orm.results - Extracted JDBC value [1] - [null]
10:24:06.261 [main] DEBUG org.hibernate.orm.results - Extracted JDBC value [2] - [2025-06-06]
10:24:06.261 [main] DEBUG org.hibernate.orm.results - Extracted JDBC value [3] - [2025-06-20]
10:24:06.261 [main] DEBUG org.hibernate.orm.results - Extracted JDBC value [4] - [Test Task Project]
10:24:06.261 [main] DEBUG org.hibernate.orm.results - Extracted JDBC value [5] - [2025-04-25]
10:24:06.261 [main] DEBUG org.hibernate.orm.results.loading.entity - (EntityResultInitializer) Done materializing entityInstance : org.frcpm.models.Project(959662543534500)#82
10:24:06.261 [main] DEBUG org.hibernate.orm.results.loading - Calling top-level assembler (0 / 1) : org.hibernate.sql.results.graph.entity.internal.EntityAssembler@2b720a2c
10:24:06.261 [main] DEBUG org.hibernate.orm.results - Extracted JDBC value [0] - [104]
10:24:06.261 [main] DEBUG org.hibernate.orm.results.loading.entity - (EntityResultInitializer) Hydrated EntityKey (org.frcpm.models.Project(959662543534500)): 104
10:24:06.261 [main] DEBUG org.hibernate.orm.results.loading.org.hibernate.orm.results.loading.collection - (DelayedCollectionInitializer) Current row collection key : org.frcpm.models.Project(959662543534500).meetings#104
10:24:06.261 [main] DEBUG org.hibernate.orm.results.loading.org.hibernate.orm.results.loading.collection - (DelayedCollectionInitializer) Current row collection key : org.frcpm.models.Project(959662543534500).milestones#104
10:24:06.261 [main] DEBUG org.hibernate.orm.results.loading.org.hibernate.orm.results.loading.collection - (DelayedCollectionInitializer) Current row collection key : org.frcpm.models.Project(959662543534500).tasks#104
10:24:06.261 [main] DEBUG org.hibernate.orm.results.loading.entity - (EntityResultInitializer) Created new entity instance [org.frcpm.models.Project(959662543534500)#104] : 572697112
10:24:06.261 [main] DEBUG org.hibernate.orm.results - Extracted JDBC value [1] - [null]
10:24:06.261 [main] DEBUG org.hibernate.orm.results - Extracted JDBC value [2] - [2025-06-06]
10:24:06.261 [main] DEBUG org.hibernate.orm.results - Extracted JDBC value [3] - [2025-06-20]
10:24:06.261 [main] DEBUG org.hibernate.orm.results - Extracted JDBC value [4] - [Component Test Project]
10:24:06.261 [main] DEBUG org.hibernate.orm.results - Extracted JDBC value [5] - [2025-04-25]
10:24:06.261 [main] DEBUG org.hibernate.orm.results.loading.entity - (EntityResultInitializer) Done materializing entityInstance : org.frcpm.models.Project(959662543534500)#104
10:24:06.261 [main] DEBUG org.hibernate.orm.results.loading - Calling top-level assembler (0 / 1) : org.hibernate.sql.results.graph.entity.internal.EntityAssembler@2b720a2c
10:24:06.261 [main] DEBUG org.hibernate.orm.results - Extracted JDBC value [0] - [135]
10:24:06.261 [main] DEBUG org.hibernate.orm.results.loading.entity - (EntityResultInitializer) Hydrated EntityKey (org.frcpm.models.Project(959662543534500)): 135
10:24:06.261 [main] DEBUG org.hibernate.orm.results.loading.org.hibernate.orm.results.loading.collection - (DelayedCollectionInitializer) Current row collection key : org.frcpm.models.Project(959662543534500).meetings#135
10:24:06.261 [main] DEBUG org.hibernate.orm.results.loading.org.hibernate.orm.results.loading.collection - (DelayedCollectionInitializer) Current row collection key : org.frcpm.models.Project(959662543534500).milestones#135
10:24:06.261 [main] DEBUG org.hibernate.orm.results.loading.org.hibernate.orm.results.loading.collection - (DelayedCollectionInitializer) Current row collection key : org.frcpm.models.Project(959662543534500).tasks#135
10:24:06.261 [main] DEBUG org.hibernate.orm.results.loading.entity - (EntityResultInitializer) Created new entity instance [org.frcpm.models.Project(959662543534500)#135] : 872394953
10:24:06.261 [main] DEBUG org.hibernate.orm.results - Extracted JDBC value [1] - [null]
10:24:06.261 [main] DEBUG org.hibernate.orm.results - Extracted JDBC value [2] - [2025-05-23]
10:24:06.261 [main] DEBUG org.hibernate.orm.results - Extracted JDBC value [3] - [2025-06-06]
10:24:06.261 [main] DEBUG org.hibernate.orm.results - Extracted JDBC value [4] - [Test Create Service Project]
10:24:06.261 [main] DEBUG org.hibernate.orm.results - Extracted JDBC value [5] - [2025-04-25]
10:24:06.261 [main] DEBUG org.hibernate.orm.results.loading.entity - (EntityResultInitializer) Done materializing entityInstance : org.frcpm.models.Project(959662543534500)#135
10:24:06.261 [main] DEBUG org.hibernate.orm.results.loading - Calling top-level assembler (0 / 1) : org.hibernate.sql.results.graph.entity.internal.EntityAssembler@2b720a2c
10:24:06.261 [main] DEBUG org.hibernate.orm.results - Extracted JDBC value [0] - [142]
10:24:06.261 [main] DEBUG org.hibernate.orm.results.loading.entity - (EntityResultInitializer) Hydrated EntityKey (org.frcpm.models.Project(959662543534500)): 142
10:24:06.261 [main] DEBUG org.hibernate.orm.results.loading.org.hibernate.orm.results.loading.collection - (DelayedCollectionInitializer) Current row collection key : org.frcpm.models.Project(959662543534500).meetings#142
10:24:06.261 [main] DEBUG org.hibernate.orm.results.loading.org.hibernate.orm.results.loading.collection - (DelayedCollectionInitializer) Current row collection key : org.frcpm.models.Project(959662543534500).milestones#142
10:24:06.261 [main] DEBUG org.hibernate.orm.results.loading.org.hibernate.orm.results.loading.collection - (DelayedCollectionInitializer) Current row collection key : org.frcpm.models.Project(959662543534500).tasks#142
10:24:06.261 [main] DEBUG org.hibernate.orm.results.loading.entity - (EntityResultInitializer) Created new entity instance [org.frcpm.models.Project(959662543534500)#142] : 2126517536
10:24:06.261 [main] DEBUG org.hibernate.orm.results - Extracted JDBC value [1] - [Updated description]
10:24:06.261 [main] DEBUG org.hibernate.orm.results - Extracted JDBC value [2] - [2025-05-23]
10:24:06.261 [main] DEBUG org.hibernate.orm.results - Extracted JDBC value [3] - [2025-06-06]
10:24:06.261 [main] DEBUG org.hibernate.orm.results - Extracted JDBC value [4] - [Updated Service Project Name]
10:24:06.261 [main] DEBUG org.hibernate.orm.results - Extracted JDBC value [5] - [2025-04-25]
10:24:06.261 [main] DEBUG org.hibernate.orm.results.loading.entity - (EntityResultInitializer) Done materializing entityInstance : org.frcpm.models.Project(959662543534500)#142
10:24:06.261 [main] DEBUG org.hibernate.orm.results.loading - Calling top-level assembler (0 / 1) : org.hibernate.sql.results.graph.entity.internal.EntityAssembler@2b720a2c
10:24:06.261 [main] DEBUG org.hibernate.orm.results - Extracted JDBC value [0] - [148]
10:24:06.261 [main] DEBUG org.hibernate.orm.results.loading.entity - (EntityResultInitializer) Hydrated EntityKey (org.frcpm.models.Project(959662543534500)): 148
10:24:06.261 [main] DEBUG org.hibernate.orm.results.loading.org.hibernate.orm.results.loading.collection - (DelayedCollectionInitializer) Current row collection key : org.frcpm.models.Project(959662543534500).meetings#148
10:24:06.261 [main] DEBUG org.hibernate.orm.results.loading.org.hibernate.orm.results.loading.collection - (DelayedCollectionInitializer) Current row collection key : org.frcpm.models.Project(959662543534500).milestones#148
10:24:06.261 [main] DEBUG org.hibernate.orm.results.loading.org.hibernate.orm.results.loading.collection - (DelayedCollectionInitializer) Current row collection key : org.frcpm.models.Project(959662543534500).tasks#148
10:24:06.261 [main] DEBUG org.hibernate.orm.results.loading.entity - (EntityResultInitializer) Created new entity instance [org.frcpm.models.Project(959662543534500)#148] : 962221350
10:24:06.261 [main] DEBUG org.hibernate.orm.results - Extracted JDBC value [1] - [null]
10:24:06.261 [main] DEBUG org.hibernate.orm.results - Extracted JDBC value [2] - [2025-05-23]
10:24:06.261 [main] DEBUG org.hibernate.orm.results - Extracted JDBC value [3] - [2025-06-06]
10:24:06.261 [main] DEBUG org.hibernate.orm.results - Extracted JDBC value [4] - [Test Summary Project]
10:24:06.261 [main] DEBUG org.hibernate.orm.results - Extracted JDBC value [5] - [2025-04-25]
10:24:06.261 [main] DEBUG org.hibernate.orm.results.loading.entity - (EntityResultInitializer) Done materializing entityInstance : org.frcpm.models.Project(959662543534500)#148
10:24:06.261 [main] DEBUG org.hibernate.orm.results.loading - Calling top-level assembler (0 / 1) : org.hibernate.sql.results.graph.entity.internal.EntityAssembler@2b720a2c
10:24:06.261 [main] DEBUG org.hibernate.resource.jdbc.internal.LogicalConnectionManagedImpl - Initiating JDBC connection release from afterTransaction
10:24:06.261 [main] DEBUG org.hibernate.resource.jdbc.internal.LogicalConnectionManagedImpl - Initiating JDBC connection release from afterTransaction
]]></system-out>
  </testcase>
</testsuite>