<?xml version="1.0" encoding="UTF-8"?>
<testsuite xmlns:xsi="http://www.w3.org/2001/XMLSchema-instance" xsi:noNamespaceSchemaLocation="https://maven.apache.org/surefire/maven-surefire-plugin/xsd/surefire-test-report-3.0.xsd" version="3.0" name="org.frcpm.repositories.AttendanceRepositoryIntegrationTest" time="10.834" tests="18" errors="0" skipped="0" failures="0">
  <properties>
    <property name="java.specification.version" value="21"/>
    <property name="sun.cpu.isalist" value="amd64"/>
    <property name="sun.jnu.encoding" value="Cp1252"/>
    <property name="java.class.path" value="C:\Users\dhiebert\Local Repositories\Project Management 2.0\target\test-classes;C:\Users\dhiebert\Local Repositories\Project Management 2.0\target\classes;C:\Users\dhiebert\.m2\repository\org\springframework\boot\spring-boot-starter-web\3.2.0\spring-boot-starter-web-3.2.0.jar;C:\Users\dhiebert\.m2\repository\org\springframework\boot\spring-boot-starter\3.2.0\spring-boot-starter-3.2.0.jar;C:\Users\dhiebert\.m2\repository\org\springframework\boot\spring-boot\3.2.0\spring-boot-3.2.0.jar;C:\Users\dhiebert\.m2\repository\org\springframework\boot\spring-boot-autoconfigure\3.2.0\spring-boot-autoconfigure-3.2.0.jar;C:\Users\dhiebert\.m2\repository\org\springframework\boot\spring-boot-starter-logging\3.2.0\spring-boot-starter-logging-3.2.0.jar;C:\Users\dhiebert\.m2\repository\ch\qos\logback\logback-classic\1.4.11\logback-classic-1.4.11.jar;C:\Users\dhiebert\.m2\repository\ch\qos\logback\logback-core\1.4.11\logback-core-1.4.11.jar;C:\Users\dhiebert\.m2\repository\org\apache\logging\log4j\log4j-to-slf4j\2.21.1\log4j-to-slf4j-2.21.1.jar;C:\Users\dhiebert\.m2\repository\org\apache\logging\log4j\log4j-api\2.21.1\log4j-api-2.21.1.jar;C:\Users\dhiebert\.m2\repository\org\slf4j\jul-to-slf4j\2.0.9\jul-to-slf4j-2.0.9.jar;C:\Users\dhiebert\.m2\repository\jakarta\annotation\jakarta.annotation-api\2.1.1\jakarta.annotation-api-2.1.1.jar;C:\Users\dhiebert\.m2\repository\org\yaml\snakeyaml\2.2\snakeyaml-2.2.jar;C:\Users\dhiebert\.m2\repository\org\springframework\boot\spring-boot-starter-json\3.2.0\spring-boot-starter-json-3.2.0.jar;C:\Users\dhiebert\.m2\repository\com\fasterxml\jackson\datatype\jackson-datatype-jdk8\2.15.3\jackson-datatype-jdk8-2.15.3.jar;C:\Users\dhiebert\.m2\repository\com\fasterxml\jackson\module\jackson-module-parameter-names\2.15.3\jackson-module-parameter-names-2.15.3.jar;C:\Users\dhiebert\.m2\repository\org\springframework\boot\spring-boot-starter-tomcat\3.2.0\spring-boot-starter-tomcat-3.2.0.jar;C:\Users\dhiebert\.m2\repository\org\apache\tomcat\embed\tomcat-embed-core\10.1.16\tomcat-embed-core-10.1.16.jar;C:\Users\dhiebert\.m2\repository\org\apache\tomcat\embed\tomcat-embed-websocket\10.1.16\tomcat-embed-websocket-10.1.16.jar;C:\Users\dhiebert\.m2\repository\org\springframework\spring-web\6.1.1\spring-web-6.1.1.jar;C:\Users\dhiebert\.m2\repository\org\springframework\spring-beans\6.1.1\spring-beans-6.1.1.jar;C:\Users\dhiebert\.m2\repository\org\springframework\spring-webmvc\6.1.1\spring-webmvc-6.1.1.jar;C:\Users\dhiebert\.m2\repository\org\springframework\spring-context\6.1.1\spring-context-6.1.1.jar;C:\Users\dhiebert\.m2\repository\org\springframework\spring-expression\6.1.1\spring-expression-6.1.1.jar;C:\Users\dhiebert\.m2\repository\org\springframework\boot\spring-boot-starter-data-jpa\3.2.0\spring-boot-starter-data-jpa-3.2.0.jar;C:\Users\dhiebert\.m2\repository\org\springframework\boot\spring-boot-starter-aop\3.2.0\spring-boot-starter-aop-3.2.0.jar;C:\Users\dhiebert\.m2\repository\org\aspectj\aspectjweaver\1.9.20.1\aspectjweaver-1.9.20.1.jar;C:\Users\dhiebert\.m2\repository\org\springframework\boot\spring-boot-starter-jdbc\3.2.0\spring-boot-starter-jdbc-3.2.0.jar;C:\Users\dhiebert\.m2\repository\org\springframework\spring-jdbc\6.1.1\spring-jdbc-6.1.1.jar;C:\Users\dhiebert\.m2\repository\org\hibernate\orm\hibernate-core\6.3.1.Final\hibernate-core-6.3.1.Final.jar;C:\Users\dhiebert\.m2\repository\jakarta\persistence\jakarta.persistence-api\3.1.0\jakarta.persistence-api-3.1.0.jar;C:\Users\dhiebert\.m2\repository\jakarta\transaction\jakarta.transaction-api\2.0.1\jakarta.transaction-api-2.0.1.jar;C:\Users\dhiebert\.m2\repository\org\hibernate\common\hibernate-commons-annotations\6.0.6.Final\hibernate-commons-annotations-6.0.6.Final.jar;C:\Users\dhiebert\.m2\repository\io\smallrye\jandex\3.1.2\jandex-3.1.2.jar;C:\Users\dhiebert\.m2\repository\net\bytebuddy\byte-buddy\1.14.10\byte-buddy-1.14.10.jar;C:\Users\dhiebert\.m2\repository\org\glassfish\jaxb\jaxb-runtime\4.0.4\jaxb-runtime-4.0.4.jar;C:\Users\dhiebert\.m2\repository\org\glassfish\jaxb\jaxb-core\4.0.4\jaxb-core-4.0.4.jar;C:\Users\dhiebert\.m2\repository\org\glassfish\jaxb\txw2\4.0.4\txw2-4.0.4.jar;C:\Users\dhiebert\.m2\repository\com\sun\istack\istack-commons-runtime\4.1.2\istack-commons-runtime-4.1.2.jar;C:\Users\dhiebert\.m2\repository\jakarta\inject\jakarta.inject-api\2.0.1\jakarta.inject-api-2.0.1.jar;C:\Users\dhiebert\.m2\repository\org\antlr\antlr4-runtime\4.10.1\antlr4-runtime-4.10.1.jar;C:\Users\dhiebert\.m2\repository\org\springframework\data\spring-data-jpa\3.2.0\spring-data-jpa-3.2.0.jar;C:\Users\dhiebert\.m2\repository\org\springframework\data\spring-data-commons\3.2.0\spring-data-commons-3.2.0.jar;C:\Users\dhiebert\.m2\repository\org\springframework\spring-orm\6.1.1\spring-orm-6.1.1.jar;C:\Users\dhiebert\.m2\repository\org\springframework\spring-tx\6.1.1\spring-tx-6.1.1.jar;C:\Users\dhiebert\.m2\repository\org\springframework\spring-aspects\6.1.1\spring-aspects-6.1.1.jar;C:\Users\dhiebert\.m2\repository\org\springframework\boot\spring-boot-starter-thymeleaf\3.2.0\spring-boot-starter-thymeleaf-3.2.0.jar;C:\Users\dhiebert\.m2\repository\org\thymeleaf\thymeleaf-spring6\3.1.2.RELEASE\thymeleaf-spring6-3.1.2.RELEASE.jar;C:\Users\dhiebert\.m2\repository\org\thymeleaf\thymeleaf\3.1.2.RELEASE\thymeleaf-3.1.2.RELEASE.jar;C:\Users\dhiebert\.m2\repository\org\attoparser\attoparser\2.0.7.RELEASE\attoparser-2.0.7.RELEASE.jar;C:\Users\dhiebert\.m2\repository\org\unbescape\unbescape\1.1.6.RELEASE\unbescape-1.1.6.RELEASE.jar;C:\Users\dhiebert\.m2\repository\org\springframework\boot\spring-boot-starter-security\3.2.0\spring-boot-starter-security-3.2.0.jar;C:\Users\dhiebert\.m2\repository\org\springframework\spring-aop\6.1.1\spring-aop-6.1.1.jar;C:\Users\dhiebert\.m2\repository\org\springframework\security\spring-security-config\6.2.0\spring-security-config-6.2.0.jar;C:\Users\dhiebert\.m2\repository\org\springframework\security\spring-security-web\6.2.0\spring-security-web-6.2.0.jar;C:\Users\dhiebert\.m2\repository\org\springframework\boot\spring-boot-starter-validation\3.2.0\spring-boot-starter-validation-3.2.0.jar;C:\Users\dhiebert\.m2\repository\org\apache\tomcat\embed\tomcat-embed-el\10.1.16\tomcat-embed-el-10.1.16.jar;C:\Users\dhiebert\.m2\repository\org\springframework\boot\spring-boot-starter-websocket\3.2.0\spring-boot-starter-websocket-3.2.0.jar;C:\Users\dhiebert\.m2\repository\org\springframework\spring-messaging\6.1.1\spring-messaging-6.1.1.jar;C:\Users\dhiebert\.m2\repository\org\springframework\spring-websocket\6.1.1\spring-websocket-6.1.1.jar;C:\Users\dhiebert\.m2\repository\org\springframework\boot\spring-boot-starter-actuator\3.2.0\spring-boot-starter-actuator-3.2.0.jar;C:\Users\dhiebert\.m2\repository\org\springframework\boot\spring-boot-actuator-autoconfigure\3.2.0\spring-boot-actuator-autoconfigure-3.2.0.jar;C:\Users\dhiebert\.m2\repository\org\springframework\boot\spring-boot-actuator\3.2.0\spring-boot-actuator-3.2.0.jar;C:\Users\dhiebert\.m2\repository\io\micrometer\micrometer-observation\1.12.0\micrometer-observation-1.12.0.jar;C:\Users\dhiebert\.m2\repository\io\micrometer\micrometer-commons\1.12.0\micrometer-commons-1.12.0.jar;C:\Users\dhiebert\.m2\repository\io\micrometer\micrometer-jakarta9\1.12.0\micrometer-jakarta9-1.12.0.jar;C:\Users\dhiebert\.m2\repository\io\micrometer\micrometer-core\1.12.0\micrometer-core-1.12.0.jar;C:\Users\dhiebert\.m2\repository\org\hdrhistogram\HdrHistogram\2.1.12\HdrHistogram-2.1.12.jar;C:\Users\dhiebert\.m2\repository\org\latencyutils\LatencyUtils\2.0.3\LatencyUtils-2.0.3.jar;C:\Users\dhiebert\.m2\repository\org\springframework\boot\spring-boot-starter-mail\3.2.0\spring-boot-starter-mail-3.2.0.jar;C:\Users\dhiebert\.m2\repository\org\springframework\spring-context-support\6.1.1\spring-context-support-6.1.1.jar;C:\Users\dhiebert\.m2\repository\org\eclipse\angus\jakarta.mail\2.0.2\jakarta.mail-2.0.2.jar;C:\Users\dhiebert\.m2\repository\jakarta\activation\jakarta.activation-api\2.1.2\jakarta.activation-api-2.1.2.jar;C:\Users\dhiebert\.m2\repository\org\eclipse\angus\angus-activation\2.0.1\angus-activation-2.0.1.jar;C:\Users\dhiebert\.m2\repository\com\h2database\h2\2.2.224\h2-2.2.224.jar;C:\Users\dhiebert\.m2\repository\org\xerial\sqlite-jdbc\3.44.1.0\sqlite-jdbc-3.44.1.0.jar;C:\Users\dhiebert\.m2\repository\org\slf4j\slf4j-api\2.0.9\slf4j-api-2.0.9.jar;C:\Users\dhiebert\.m2\repository\org\hibernate\orm\hibernate-community-dialects\6.3.1.Final\hibernate-community-dialects-6.3.1.Final.jar;C:\Users\dhiebert\.m2\repository\org\jboss\logging\jboss-logging\3.5.3.Final\jboss-logging-3.5.3.Final.jar;C:\Users\dhiebert\.m2\repository\com\zaxxer\HikariCP\5.0.1\HikariCP-5.0.1.jar;C:\Users\dhiebert\.m2\repository\commons-codec\commons-codec\1.16.0\commons-codec-1.16.0.jar;C:\Users\dhiebert\.m2\repository\com\google\zxing\core\3.5.2\core-3.5.2.jar;C:\Users\dhiebert\.m2\repository\com\google\zxing\javase\3.5.2\javase-3.5.2.jar;C:\Users\dhiebert\.m2\repository\com\beust\jcommander\1.82\jcommander-1.82.jar;C:\Users\dhiebert\.m2\repository\com\github\jai-imageio\jai-imageio-core\1.4.0\jai-imageio-core-1.4.0.jar;C:\Users\dhiebert\.m2\repository\org\springframework\security\spring-security-crypto\6.2.0\spring-security-crypto-6.2.0.jar;C:\Users\dhiebert\.m2\repository\org\hibernate\validator\hibernate-validator\8.0.1.Final\hibernate-validator-8.0.1.Final.jar;C:\Users\dhiebert\.m2\repository\jakarta\validation\jakarta.validation-api\3.0.2\jakarta.validation-api-3.0.2.jar;C:\Users\dhiebert\.m2\repository\com\fasterxml\classmate\1.6.0\classmate-1.6.0.jar;C:\Users\dhiebert\.m2\repository\org\springframework\boot\spring-boot-starter-test\3.2.0\spring-boot-starter-test-3.2.0.jar;C:\Users\dhiebert\.m2\repository\org\springframework\boot\spring-boot-test\3.2.0\spring-boot-test-3.2.0.jar;C:\Users\dhiebert\.m2\repository\org\springframework\boot\spring-boot-test-autoconfigure\3.2.0\spring-boot-test-autoconfigure-3.2.0.jar;C:\Users\dhiebert\.m2\repository\com\jayway\jsonpath\json-path\2.8.0\json-path-2.8.0.jar;C:\Users\dhiebert\.m2\repository\jakarta\xml\bind\jakarta.xml.bind-api\4.0.1\jakarta.xml.bind-api-4.0.1.jar;C:\Users\dhiebert\.m2\repository\net\minidev\json-smart\2.5.0\json-smart-2.5.0.jar;C:\Users\dhiebert\.m2\repository\net\minidev\accessors-smart\2.5.0\accessors-smart-2.5.0.jar;C:\Users\dhiebert\.m2\repository\org\ow2\asm\asm\9.3\asm-9.3.jar;C:\Users\dhiebert\.m2\repository\org\assertj\assertj-core\3.24.2\assertj-core-3.24.2.jar;C:\Users\dhiebert\.m2\repository\org\awaitility\awaitility\4.2.0\awaitility-4.2.0.jar;C:\Users\dhiebert\.m2\repository\org\hamcrest\hamcrest\2.2\hamcrest-2.2.jar;C:\Users\dhiebert\.m2\repository\org\junit\jupiter\junit-jupiter\5.10.1\junit-jupiter-5.10.1.jar;C:\Users\dhiebert\.m2\repository\org\junit\jupiter\junit-jupiter-api\5.10.1\junit-jupiter-api-5.10.1.jar;C:\Users\dhiebert\.m2\repository\org\opentest4j\opentest4j\1.3.0\opentest4j-1.3.0.jar;C:\Users\dhiebert\.m2\repository\org\junit\platform\junit-platform-commons\1.10.1\junit-platform-commons-1.10.1.jar;C:\Users\dhiebert\.m2\repository\org\apiguardian\apiguardian-api\1.1.2\apiguardian-api-1.1.2.jar;C:\Users\dhiebert\.m2\repository\org\junit\jupiter\junit-jupiter-params\5.10.1\junit-jupiter-params-5.10.1.jar;C:\Users\dhiebert\.m2\repository\org\junit\jupiter\junit-jupiter-engine\5.10.1\junit-jupiter-engine-5.10.1.jar;C:\Users\dhiebert\.m2\repository\org\junit\platform\junit-platform-engine\1.10.1\junit-platform-engine-1.10.1.jar;C:\Users\dhiebert\.m2\repository\org\mockito\mockito-core\5.7.0\mockito-core-5.7.0.jar;C:\Users\dhiebert\.m2\repository\net\bytebuddy\byte-buddy-agent\1.14.10\byte-buddy-agent-1.14.10.jar;C:\Users\dhiebert\.m2\repository\org\objenesis\objenesis\3.3\objenesis-3.3.jar;C:\Users\dhiebert\.m2\repository\org\mockito\mockito-junit-jupiter\5.7.0\mockito-junit-jupiter-5.7.0.jar;C:\Users\dhiebert\.m2\repository\org\skyscreamer\jsonassert\1.5.1\jsonassert-1.5.1.jar;C:\Users\dhiebert\.m2\repository\com\vaadin\external\google\android-json\0.0.20131108.vaadin1\android-json-0.0.20131108.vaadin1.jar;C:\Users\dhiebert\.m2\repository\org\springframework\spring-core\6.1.1\spring-core-6.1.1.jar;C:\Users\dhiebert\.m2\repository\org\springframework\spring-jcl\6.1.1\spring-jcl-6.1.1.jar;C:\Users\dhiebert\.m2\repository\org\springframework\spring-test\6.1.1\spring-test-6.1.1.jar;C:\Users\dhiebert\.m2\repository\org\xmlunit\xmlunit-core\2.9.1\xmlunit-core-2.9.1.jar;C:\Users\dhiebert\.m2\repository\org\springframework\security\spring-security-test\6.2.0\spring-security-test-6.2.0.jar;C:\Users\dhiebert\.m2\repository\org\springframework\security\spring-security-core\6.2.0\spring-security-core-6.2.0.jar;C:\Users\dhiebert\.m2\repository\org\apache\pdfbox\pdfbox\2.0.27\pdfbox-2.0.27.jar;C:\Users\dhiebert\.m2\repository\org\apache\pdfbox\fontbox\2.0.27\fontbox-2.0.27.jar;C:\Users\dhiebert\.m2\repository\commons-logging\commons-logging\1.2\commons-logging-1.2.jar;C:\Users\dhiebert\.m2\repository\com\fasterxml\jackson\core\jackson-databind\2.15.3\jackson-databind-2.15.3.jar;C:\Users\dhiebert\.m2\repository\com\fasterxml\jackson\core\jackson-annotations\2.15.3\jackson-annotations-2.15.3.jar;C:\Users\dhiebert\.m2\repository\com\fasterxml\jackson\core\jackson-core\2.15.3\jackson-core-2.15.3.jar;C:\Users\dhiebert\.m2\repository\com\fasterxml\jackson\datatype\jackson-datatype-jsr310\2.15.3\jackson-datatype-jsr310-2.15.3.jar;C:\Users\dhiebert\.m2\repository\org\apache\xmlgraphics\batik-all\1.16\batik-all-1.16.jar;C:\Users\dhiebert\.m2\repository\xml-apis\xml-apis\1.4.01\xml-apis-1.4.01.jar;C:\Users\dhiebert\.m2\repository\xml-apis\xml-apis-ext\1.3.04\xml-apis-ext-1.3.04.jar;C:\Users\dhiebert\.m2\repository\org\apache\xmlgraphics\xmlgraphics-commons\2.7\xmlgraphics-commons-2.7.jar;C:\Users\dhiebert\.m2\repository\commons-io\commons-io\1.3.1\commons-io-1.3.1.jar;C:\Users\dhiebert\.m2\repository\org\jgrapht\jgrapht-core\1.5.2\jgrapht-core-1.5.2.jar;C:\Users\dhiebert\.m2\repository\org\jheaps\jheaps\0.14\jheaps-0.14.jar;C:\Users\dhiebert\.m2\repository\org\apfloat\apfloat\1.10.1\apfloat-1.10.1.jar;"/>
    <property name="LOGBACK_ROLLINGPOLICY_MAX_FILE_SIZE" value="10485760"/>
    <property name="java.vm.vendor" value="Eclipse Adoptium"/>
    <property name="sun.arch.data.model" value="64"/>
    <property name="user.variant" value=""/>
    <property name="java.vendor.url" value="https://adoptium.net/"/>
    <property name="user.timezone" value="America/Chicago"/>
    <property name="org.jboss.logging.provider" value="slf4j"/>
    <property name="os.name" value="Windows 11"/>
    <property name="java.vm.specification.version" value="21"/>
    <property name="user.country" value="US"/>
    <property name="sun.java.launcher" value="SUN_STANDARD"/>
    <property name="sun.boot.library.path" value="C:\Program Files\Eclipse Adoptium\jdk-21.0.7.6-hotspot\bin"/>
    <property name="sun.java.command" value="C:\Users\dhiebert\AppData\Local\Temp\surefire10884527626265361198\surefirebooter-20250716094858089_3.jar C:\Users\dhiebert\AppData\Local\Temp\surefire10884527626265361198 2025-07-16T09-48-57_872-jvmRun1 surefire-20250716094858089_1tmp surefire_0-20250716094858089_2tmp"/>
    <property name="jdk.debug" value="release"/>
    <property name="surefire.test.class.path" value="C:\Users\dhiebert\Local Repositories\Project Management 2.0\target\test-classes;C:\Users\dhiebert\Local Repositories\Project Management 2.0\target\classes;C:\Users\dhiebert\.m2\repository\org\springframework\boot\spring-boot-starter-web\3.2.0\spring-boot-starter-web-3.2.0.jar;C:\Users\dhiebert\.m2\repository\org\springframework\boot\spring-boot-starter\3.2.0\spring-boot-starter-3.2.0.jar;C:\Users\dhiebert\.m2\repository\org\springframework\boot\spring-boot\3.2.0\spring-boot-3.2.0.jar;C:\Users\dhiebert\.m2\repository\org\springframework\boot\spring-boot-autoconfigure\3.2.0\spring-boot-autoconfigure-3.2.0.jar;C:\Users\dhiebert\.m2\repository\org\springframework\boot\spring-boot-starter-logging\3.2.0\spring-boot-starter-logging-3.2.0.jar;C:\Users\dhiebert\.m2\repository\ch\qos\logback\logback-classic\1.4.11\logback-classic-1.4.11.jar;C:\Users\dhiebert\.m2\repository\ch\qos\logback\logback-core\1.4.11\logback-core-1.4.11.jar;C:\Users\dhiebert\.m2\repository\org\apache\logging\log4j\log4j-to-slf4j\2.21.1\log4j-to-slf4j-2.21.1.jar;C:\Users\dhiebert\.m2\repository\org\apache\logging\log4j\log4j-api\2.21.1\log4j-api-2.21.1.jar;C:\Users\dhiebert\.m2\repository\org\slf4j\jul-to-slf4j\2.0.9\jul-to-slf4j-2.0.9.jar;C:\Users\dhiebert\.m2\repository\jakarta\annotation\jakarta.annotation-api\2.1.1\jakarta.annotation-api-2.1.1.jar;C:\Users\dhiebert\.m2\repository\org\yaml\snakeyaml\2.2\snakeyaml-2.2.jar;C:\Users\dhiebert\.m2\repository\org\springframework\boot\spring-boot-starter-json\3.2.0\spring-boot-starter-json-3.2.0.jar;C:\Users\dhiebert\.m2\repository\com\fasterxml\jackson\datatype\jackson-datatype-jdk8\2.15.3\jackson-datatype-jdk8-2.15.3.jar;C:\Users\dhiebert\.m2\repository\com\fasterxml\jackson\module\jackson-module-parameter-names\2.15.3\jackson-module-parameter-names-2.15.3.jar;C:\Users\dhiebert\.m2\repository\org\springframework\boot\spring-boot-starter-tomcat\3.2.0\spring-boot-starter-tomcat-3.2.0.jar;C:\Users\dhiebert\.m2\repository\org\apache\tomcat\embed\tomcat-embed-core\10.1.16\tomcat-embed-core-10.1.16.jar;C:\Users\dhiebert\.m2\repository\org\apache\tomcat\embed\tomcat-embed-websocket\10.1.16\tomcat-embed-websocket-10.1.16.jar;C:\Users\dhiebert\.m2\repository\org\springframework\spring-web\6.1.1\spring-web-6.1.1.jar;C:\Users\dhiebert\.m2\repository\org\springframework\spring-beans\6.1.1\spring-beans-6.1.1.jar;C:\Users\dhiebert\.m2\repository\org\springframework\spring-webmvc\6.1.1\spring-webmvc-6.1.1.jar;C:\Users\dhiebert\.m2\repository\org\springframework\spring-context\6.1.1\spring-context-6.1.1.jar;C:\Users\dhiebert\.m2\repository\org\springframework\spring-expression\6.1.1\spring-expression-6.1.1.jar;C:\Users\dhiebert\.m2\repository\org\springframework\boot\spring-boot-starter-data-jpa\3.2.0\spring-boot-starter-data-jpa-3.2.0.jar;C:\Users\dhiebert\.m2\repository\org\springframework\boot\spring-boot-starter-aop\3.2.0\spring-boot-starter-aop-3.2.0.jar;C:\Users\dhiebert\.m2\repository\org\aspectj\aspectjweaver\1.9.20.1\aspectjweaver-1.9.20.1.jar;C:\Users\dhiebert\.m2\repository\org\springframework\boot\spring-boot-starter-jdbc\3.2.0\spring-boot-starter-jdbc-3.2.0.jar;C:\Users\dhiebert\.m2\repository\org\springframework\spring-jdbc\6.1.1\spring-jdbc-6.1.1.jar;C:\Users\dhiebert\.m2\repository\org\hibernate\orm\hibernate-core\6.3.1.Final\hibernate-core-6.3.1.Final.jar;C:\Users\dhiebert\.m2\repository\jakarta\persistence\jakarta.persistence-api\3.1.0\jakarta.persistence-api-3.1.0.jar;C:\Users\dhiebert\.m2\repository\jakarta\transaction\jakarta.transaction-api\2.0.1\jakarta.transaction-api-2.0.1.jar;C:\Users\dhiebert\.m2\repository\org\hibernate\common\hibernate-commons-annotations\6.0.6.Final\hibernate-commons-annotations-6.0.6.Final.jar;C:\Users\dhiebert\.m2\repository\io\smallrye\jandex\3.1.2\jandex-3.1.2.jar;C:\Users\dhiebert\.m2\repository\net\bytebuddy\byte-buddy\1.14.10\byte-buddy-1.14.10.jar;C:\Users\dhiebert\.m2\repository\org\glassfish\jaxb\jaxb-runtime\4.0.4\jaxb-runtime-4.0.4.jar;C:\Users\dhiebert\.m2\repository\org\glassfish\jaxb\jaxb-core\4.0.4\jaxb-core-4.0.4.jar;C:\Users\dhiebert\.m2\repository\org\glassfish\jaxb\txw2\4.0.4\txw2-4.0.4.jar;C:\Users\dhiebert\.m2\repository\com\sun\istack\istack-commons-runtime\4.1.2\istack-commons-runtime-4.1.2.jar;C:\Users\dhiebert\.m2\repository\jakarta\inject\jakarta.inject-api\2.0.1\jakarta.inject-api-2.0.1.jar;C:\Users\dhiebert\.m2\repository\org\antlr\antlr4-runtime\4.10.1\antlr4-runtime-4.10.1.jar;C:\Users\dhiebert\.m2\repository\org\springframework\data\spring-data-jpa\3.2.0\spring-data-jpa-3.2.0.jar;C:\Users\dhiebert\.m2\repository\org\springframework\data\spring-data-commons\3.2.0\spring-data-commons-3.2.0.jar;C:\Users\dhiebert\.m2\repository\org\springframework\spring-orm\6.1.1\spring-orm-6.1.1.jar;C:\Users\dhiebert\.m2\repository\org\springframework\spring-tx\6.1.1\spring-tx-6.1.1.jar;C:\Users\dhiebert\.m2\repository\org\springframework\spring-aspects\6.1.1\spring-aspects-6.1.1.jar;C:\Users\dhiebert\.m2\repository\org\springframework\boot\spring-boot-starter-thymeleaf\3.2.0\spring-boot-starter-thymeleaf-3.2.0.jar;C:\Users\dhiebert\.m2\repository\org\thymeleaf\thymeleaf-spring6\3.1.2.RELEASE\thymeleaf-spring6-3.1.2.RELEASE.jar;C:\Users\dhiebert\.m2\repository\org\thymeleaf\thymeleaf\3.1.2.RELEASE\thymeleaf-3.1.2.RELEASE.jar;C:\Users\dhiebert\.m2\repository\org\attoparser\attoparser\2.0.7.RELEASE\attoparser-2.0.7.RELEASE.jar;C:\Users\dhiebert\.m2\repository\org\unbescape\unbescape\1.1.6.RELEASE\unbescape-1.1.6.RELEASE.jar;C:\Users\dhiebert\.m2\repository\org\springframework\boot\spring-boot-starter-security\3.2.0\spring-boot-starter-security-3.2.0.jar;C:\Users\dhiebert\.m2\repository\org\springframework\spring-aop\6.1.1\spring-aop-6.1.1.jar;C:\Users\dhiebert\.m2\repository\org\springframework\security\spring-security-config\6.2.0\spring-security-config-6.2.0.jar;C:\Users\dhiebert\.m2\repository\org\springframework\security\spring-security-web\6.2.0\spring-security-web-6.2.0.jar;C:\Users\dhiebert\.m2\repository\org\springframework\boot\spring-boot-starter-validation\3.2.0\spring-boot-starter-validation-3.2.0.jar;C:\Users\dhiebert\.m2\repository\org\apache\tomcat\embed\tomcat-embed-el\10.1.16\tomcat-embed-el-10.1.16.jar;C:\Users\dhiebert\.m2\repository\org\springframework\boot\spring-boot-starter-websocket\3.2.0\spring-boot-starter-websocket-3.2.0.jar;C:\Users\dhiebert\.m2\repository\org\springframework\spring-messaging\6.1.1\spring-messaging-6.1.1.jar;C:\Users\dhiebert\.m2\repository\org\springframework\spring-websocket\6.1.1\spring-websocket-6.1.1.jar;C:\Users\dhiebert\.m2\repository\org\springframework\boot\spring-boot-starter-actuator\3.2.0\spring-boot-starter-actuator-3.2.0.jar;C:\Users\dhiebert\.m2\repository\org\springframework\boot\spring-boot-actuator-autoconfigure\3.2.0\spring-boot-actuator-autoconfigure-3.2.0.jar;C:\Users\dhiebert\.m2\repository\org\springframework\boot\spring-boot-actuator\3.2.0\spring-boot-actuator-3.2.0.jar;C:\Users\dhiebert\.m2\repository\io\micrometer\micrometer-observation\1.12.0\micrometer-observation-1.12.0.jar;C:\Users\dhiebert\.m2\repository\io\micrometer\micrometer-commons\1.12.0\micrometer-commons-1.12.0.jar;C:\Users\dhiebert\.m2\repository\io\micrometer\micrometer-jakarta9\1.12.0\micrometer-jakarta9-1.12.0.jar;C:\Users\dhiebert\.m2\repository\io\micrometer\micrometer-core\1.12.0\micrometer-core-1.12.0.jar;C:\Users\dhiebert\.m2\repository\org\hdrhistogram\HdrHistogram\2.1.12\HdrHistogram-2.1.12.jar;C:\Users\dhiebert\.m2\repository\org\latencyutils\LatencyUtils\2.0.3\LatencyUtils-2.0.3.jar;C:\Users\dhiebert\.m2\repository\org\springframework\boot\spring-boot-starter-mail\3.2.0\spring-boot-starter-mail-3.2.0.jar;C:\Users\dhiebert\.m2\repository\org\springframework\spring-context-support\6.1.1\spring-context-support-6.1.1.jar;C:\Users\dhiebert\.m2\repository\org\eclipse\angus\jakarta.mail\2.0.2\jakarta.mail-2.0.2.jar;C:\Users\dhiebert\.m2\repository\jakarta\activation\jakarta.activation-api\2.1.2\jakarta.activation-api-2.1.2.jar;C:\Users\dhiebert\.m2\repository\org\eclipse\angus\angus-activation\2.0.1\angus-activation-2.0.1.jar;C:\Users\dhiebert\.m2\repository\com\h2database\h2\2.2.224\h2-2.2.224.jar;C:\Users\dhiebert\.m2\repository\org\xerial\sqlite-jdbc\3.44.1.0\sqlite-jdbc-3.44.1.0.jar;C:\Users\dhiebert\.m2\repository\org\slf4j\slf4j-api\2.0.9\slf4j-api-2.0.9.jar;C:\Users\dhiebert\.m2\repository\org\hibernate\orm\hibernate-community-dialects\6.3.1.Final\hibernate-community-dialects-6.3.1.Final.jar;C:\Users\dhiebert\.m2\repository\org\jboss\logging\jboss-logging\3.5.3.Final\jboss-logging-3.5.3.Final.jar;C:\Users\dhiebert\.m2\repository\com\zaxxer\HikariCP\5.0.1\HikariCP-5.0.1.jar;C:\Users\dhiebert\.m2\repository\commons-codec\commons-codec\1.16.0\commons-codec-1.16.0.jar;C:\Users\dhiebert\.m2\repository\com\google\zxing\core\3.5.2\core-3.5.2.jar;C:\Users\dhiebert\.m2\repository\com\google\zxing\javase\3.5.2\javase-3.5.2.jar;C:\Users\dhiebert\.m2\repository\com\beust\jcommander\1.82\jcommander-1.82.jar;C:\Users\dhiebert\.m2\repository\com\github\jai-imageio\jai-imageio-core\1.4.0\jai-imageio-core-1.4.0.jar;C:\Users\dhiebert\.m2\repository\org\springframework\security\spring-security-crypto\6.2.0\spring-security-crypto-6.2.0.jar;C:\Users\dhiebert\.m2\repository\org\hibernate\validator\hibernate-validator\8.0.1.Final\hibernate-validator-8.0.1.Final.jar;C:\Users\dhiebert\.m2\repository\jakarta\validation\jakarta.validation-api\3.0.2\jakarta.validation-api-3.0.2.jar;C:\Users\dhiebert\.m2\repository\com\fasterxml\classmate\1.6.0\classmate-1.6.0.jar;C:\Users\dhiebert\.m2\repository\org\springframework\boot\spring-boot-starter-test\3.2.0\spring-boot-starter-test-3.2.0.jar;C:\Users\dhiebert\.m2\repository\org\springframework\boot\spring-boot-test\3.2.0\spring-boot-test-3.2.0.jar;C:\Users\dhiebert\.m2\repository\org\springframework\boot\spring-boot-test-autoconfigure\3.2.0\spring-boot-test-autoconfigure-3.2.0.jar;C:\Users\dhiebert\.m2\repository\com\jayway\jsonpath\json-path\2.8.0\json-path-2.8.0.jar;C:\Users\dhiebert\.m2\repository\jakarta\xml\bind\jakarta.xml.bind-api\4.0.1\jakarta.xml.bind-api-4.0.1.jar;C:\Users\dhiebert\.m2\repository\net\minidev\json-smart\2.5.0\json-smart-2.5.0.jar;C:\Users\dhiebert\.m2\repository\net\minidev\accessors-smart\2.5.0\accessors-smart-2.5.0.jar;C:\Users\dhiebert\.m2\repository\org\ow2\asm\asm\9.3\asm-9.3.jar;C:\Users\dhiebert\.m2\repository\org\assertj\assertj-core\3.24.2\assertj-core-3.24.2.jar;C:\Users\dhiebert\.m2\repository\org\awaitility\awaitility\4.2.0\awaitility-4.2.0.jar;C:\Users\dhiebert\.m2\repository\org\hamcrest\hamcrest\2.2\hamcrest-2.2.jar;C:\Users\dhiebert\.m2\repository\org\junit\jupiter\junit-jupiter\5.10.1\junit-jupiter-5.10.1.jar;C:\Users\dhiebert\.m2\repository\org\junit\jupiter\junit-jupiter-api\5.10.1\junit-jupiter-api-5.10.1.jar;C:\Users\dhiebert\.m2\repository\org\opentest4j\opentest4j\1.3.0\opentest4j-1.3.0.jar;C:\Users\dhiebert\.m2\repository\org\junit\platform\junit-platform-commons\1.10.1\junit-platform-commons-1.10.1.jar;C:\Users\dhiebert\.m2\repository\org\apiguardian\apiguardian-api\1.1.2\apiguardian-api-1.1.2.jar;C:\Users\dhiebert\.m2\repository\org\junit\jupiter\junit-jupiter-params\5.10.1\junit-jupiter-params-5.10.1.jar;C:\Users\dhiebert\.m2\repository\org\junit\jupiter\junit-jupiter-engine\5.10.1\junit-jupiter-engine-5.10.1.jar;C:\Users\dhiebert\.m2\repository\org\junit\platform\junit-platform-engine\1.10.1\junit-platform-engine-1.10.1.jar;C:\Users\dhiebert\.m2\repository\org\mockito\mockito-core\5.7.0\mockito-core-5.7.0.jar;C:\Users\dhiebert\.m2\repository\net\bytebuddy\byte-buddy-agent\1.14.10\byte-buddy-agent-1.14.10.jar;C:\Users\dhiebert\.m2\repository\org\objenesis\objenesis\3.3\objenesis-3.3.jar;C:\Users\dhiebert\.m2\repository\org\mockito\mockito-junit-jupiter\5.7.0\mockito-junit-jupiter-5.7.0.jar;C:\Users\dhiebert\.m2\repository\org\skyscreamer\jsonassert\1.5.1\jsonassert-1.5.1.jar;C:\Users\dhiebert\.m2\repository\com\vaadin\external\google\android-json\0.0.20131108.vaadin1\android-json-0.0.20131108.vaadin1.jar;C:\Users\dhiebert\.m2\repository\org\springframework\spring-core\6.1.1\spring-core-6.1.1.jar;C:\Users\dhiebert\.m2\repository\org\springframework\spring-jcl\6.1.1\spring-jcl-6.1.1.jar;C:\Users\dhiebert\.m2\repository\org\springframework\spring-test\6.1.1\spring-test-6.1.1.jar;C:\Users\dhiebert\.m2\repository\org\xmlunit\xmlunit-core\2.9.1\xmlunit-core-2.9.1.jar;C:\Users\dhiebert\.m2\repository\org\springframework\security\spring-security-test\6.2.0\spring-security-test-6.2.0.jar;C:\Users\dhiebert\.m2\repository\org\springframework\security\spring-security-core\6.2.0\spring-security-core-6.2.0.jar;C:\Users\dhiebert\.m2\repository\org\apache\pdfbox\pdfbox\2.0.27\pdfbox-2.0.27.jar;C:\Users\dhiebert\.m2\repository\org\apache\pdfbox\fontbox\2.0.27\fontbox-2.0.27.jar;C:\Users\dhiebert\.m2\repository\commons-logging\commons-logging\1.2\commons-logging-1.2.jar;C:\Users\dhiebert\.m2\repository\com\fasterxml\jackson\core\jackson-databind\2.15.3\jackson-databind-2.15.3.jar;C:\Users\dhiebert\.m2\repository\com\fasterxml\jackson\core\jackson-annotations\2.15.3\jackson-annotations-2.15.3.jar;C:\Users\dhiebert\.m2\repository\com\fasterxml\jackson\core\jackson-core\2.15.3\jackson-core-2.15.3.jar;C:\Users\dhiebert\.m2\repository\com\fasterxml\jackson\datatype\jackson-datatype-jsr310\2.15.3\jackson-datatype-jsr310-2.15.3.jar;C:\Users\dhiebert\.m2\repository\org\apache\xmlgraphics\batik-all\1.16\batik-all-1.16.jar;C:\Users\dhiebert\.m2\repository\xml-apis\xml-apis\1.4.01\xml-apis-1.4.01.jar;C:\Users\dhiebert\.m2\repository\xml-apis\xml-apis-ext\1.3.04\xml-apis-ext-1.3.04.jar;C:\Users\dhiebert\.m2\repository\org\apache\xmlgraphics\xmlgraphics-commons\2.7\xmlgraphics-commons-2.7.jar;C:\Users\dhiebert\.m2\repository\commons-io\commons-io\1.3.1\commons-io-1.3.1.jar;C:\Users\dhiebert\.m2\repository\org\jgrapht\jgrapht-core\1.5.2\jgrapht-core-1.5.2.jar;C:\Users\dhiebert\.m2\repository\org\jheaps\jheaps\0.14\jheaps-0.14.jar;C:\Users\dhiebert\.m2\repository\org\apfloat\apfloat\1.10.1\apfloat-1.10.1.jar;"/>
    <property name="sun.cpu.endian" value="little"/>
    <property name="user.home" value="C:\Users\dhiebert"/>
    <property name="user.language" value="en"/>
    <property name="java.specification.vendor" value="Oracle Corporation"/>
    <property name="java.version.date" value="2025-04-15"/>
    <property name="java.home" value="C:\Program Files\Eclipse Adoptium\jdk-21.0.7.6-hotspot"/>
    <property name="spring.profiles.active" value="test"/>
    <property name="file.separator" value="\"/>
    <property name="basedir" value="C:\Users\dhiebert\Local Repositories\Project Management 2.0"/>
    <property name="java.vm.compressedOopsMode" value="32-bit"/>
    <property name="line.separator" value="&#10;"/>
    <property name="java.vm.specification.vendor" value="Oracle Corporation"/>
    <property name="java.specification.name" value="Java Platform API Specification"/>
    <property name="FILE_LOG_CHARSET" value="UTF-8"/>
    <property name="java.awt.headless" value="true"/>
    <property name="surefire.real.class.path" value="C:\Users\dhiebert\AppData\Local\Temp\surefire10884527626265361198\surefirebooter-20250716094858089_3.jar"/>
    <property name="user.script" value=""/>
    <property name="sun.management.compiler" value="HotSpot 64-Bit Tiered Compilers"/>
    <property name="java.runtime.version" value="21.0.7+6-LTS"/>
    <property name="user.name" value="dhiebert"/>
    <property name="stdout.encoding" value="Cp1252"/>
    <property name="path.separator" value=";"/>
    <property name="os.version" value="10.0"/>
    <property name="java.runtime.name" value="OpenJDK Runtime Environment"/>
    <property name="file.encoding" value="UTF-8"/>
    <property name="FILE_LOG_PATTERN" value="%d{yyyy-MM-dd HH:mm:ss} [%thread] %-5level %logger{36} - %msg%n"/>
    <property name="java.vm.name" value="OpenJDK 64-Bit Server VM"/>
    <property name="java.vendor.version" value="Temurin-21.0.7+6"/>
    <property name="LOG_FILE" value="logs/frc-project-management.log"/>
    <property name="localRepository" value="C:\Users\dhiebert\.m2\repository"/>
    <property name="java.vendor.url.bug" value="https://github.com/adoptium/adoptium-support/issues"/>
    <property name="java.io.tmpdir" value="C:\Users\dhiebert\AppData\Local\Temp\"/>
    <property name="com.zaxxer.hikari.pool_number" value="1"/>
    <property name="java.version" value="21.0.7"/>
    <property name="user.dir" value="C:\Users\dhiebert\Local Repositories\Project Management 2.0"/>
    <property name="os.arch" value="amd64"/>
    <property name="java.vm.specification.name" value="Java Virtual Machine Specification"/>
    <property name="PID" value="4428"/>
    <property name="sun.os.patch.level" value=""/>
    <property name="CONSOLE_LOG_CHARSET" value="UTF-8"/>
    <property name="LOGBACK_ROLLINGPOLICY_MAX_HISTORY" value="30"/>
    <property name="native.encoding" value="Cp1252"/>
    <property name="java.library.path" value="C:\Program Files\Eclipse Adoptium\jdk-21.0.7.6-hotspot\bin;C:\WINDOWS\Sun\Java\bin;C:\WINDOWS\system32;C:\WINDOWS;C:\Users\dhiebert\bin;C:\Program Files\Git\mingw64\bin;C:\Program Files\Git\usr\local\bin;C:\Program Files\Git\usr\bin;C:\Program Files\Git\usr\bin;C:\Program Files\Git\mingw64\bin;C:\Program Files\Git\usr\bin;C:\Users\dhiebert\bin;C:\Program Files\Eclipse Adoptium\jdk-21.0.7.6-hotspot\bin;C:\Program Files\apache-maven-3.9.9\bin;C:\Program Files\Eclipse Adoptium\jdk-21.0.7.6-hotspot\bin;C:\Program Files\Eclipse Adoptium\jdk-21.0.7.6-hotspot\bin;C:\Program Files\National Instruments\Shared\OpenVINO;C:\WINDOWS\system32;C:\WINDOWS;C:\WINDOWS\System32\Wbem;C:\WINDOWS\System32\WindowsPowerShell\v1.0;C:\WINDOWS\System32\OpenSSH;C:\Program Files\dotnet;C:\Program Files (x86)\Windows Live\Shared;C:\Program Files\Git\cmd;C:\Program Files\Common Files\Autodesk Shared;C:\Program Files\Microsoft SQL Server\150\Tools\Binn;C:\Program Files\nodejs;C:\Program Files\apache-maven-3.9.9\bin;%MAVEN_HOME%\bin;C:\Program Files\Eclipse Adoptium\jdk-21.0.7.6-hotspot\bin;C:\Users\dhiebert\AppData\Local\Microsoft\WindowsApps;C:\Users\dhiebert\AppData\Local\GitHubDesktop\bin;C:\Users\dhiebert\AppData\Roaming\npm;C:\Users\dhiebert\AppData\Local\Packages\PythonSoftwareFoundation.Python.3.11_qbz5n2kfra8p0\LocalCache\local-packages\Python311\Scripts;C:\Users\dhiebert\AppData\Local\Packages\PythonSoftwareFoundation.Python.3.11_qbz5n2kfra8p0\LocalCache\local-packages\Python311\site-packages\maven;C:\Users\Public\wpilib\2025\vscode\data\user-data\User\globalStorage\github.copilot-chat\debugCommand;C:\Users\Public\wpilib\2025\vscode\data\extensions\ms-python.debugpy-2025.4.1-win32-x64\bundled\scripts\noConfigScripts;C:\Program Files\Git\usr\bin\vendor_perl;C:\Program Files\Git\usr\bin\core_perl;."/>
    <property name="java.vm.info" value="mixed mode, sharing"/>
    <property name="stderr.encoding" value="Cp1252"/>
    <property name="java.vendor" value="Eclipse Adoptium"/>
    <property name="java.vm.version" value="21.0.7+6-LTS"/>
    <property name="sun.io.unicode.encoding" value="UnicodeLittle"/>
    <property name="java.class.version" value="65.0"/>
    <property name="CONSOLE_LOG_PATTERN" value="%d{yyyy-MM-dd HH:mm:ss} - %msg%n"/>
    <property name="LOGGED_APPLICATION_NAME" value="[frc-project-management] "/>
  </properties>
  <testcase name="testFindByMeetingAndMember_NotFound" classname="org.frcpm.repositories.AttendanceRepositoryIntegrationTest" time="1.151">
    <system-out><![CDATA[09:49:00.329 [main] INFO org.springframework.test.context.support.AnnotationConfigContextLoaderUtils -- Could not detect default configuration classes for test class [org.frcpm.repositories.AttendanceRepositoryIntegrationTest]: AttendanceRepositoryIntegrationTest does not declare any static, non-private, non-final, nested classes annotated with @Configuration.
09:49:00.578 [main] INFO org.springframework.boot.test.context.SpringBootTestContextBootstrapper -- Found @SpringBootConfiguration org.frcpm.FrcProjectManagementApplication for test class org.frcpm.repositories.AttendanceRepositoryIntegrationTest

  .   ____          _            __ _ _
 /\\ / ___'_ __ _ _(_)_ __  __ _ \ \ \ \
( ( )\___ | '_ | '_| | '_ \/ _` | \ \ \ \
 \\/  ___)| |_)| | | | | || (_| |  ) ) ) )
  '  |____| .__|_| |_|_| |_\__, | / / / /
 =========|_|==============|___/=/_/_/_/
 :: Spring Boot ::                (v3.2.0)

Hibernate: drop table if exists attendances cascade 
Hibernate: drop table if exists audit_logs cascade 
Hibernate: drop table if exists components cascade 
Hibernate: drop table if exists frc_events cascade 
Hibernate: drop table if exists frc_matches cascade 
Hibernate: drop table if exists frc_team_rankings cascade 
Hibernate: drop table if exists meetings cascade 
Hibernate: drop table if exists milestones cascade 
Hibernate: drop table if exists projects cascade 
Hibernate: drop table if exists subsystems cascade 
Hibernate: drop table if exists subteams cascade 
Hibernate: drop table if exists task_assignments cascade 
Hibernate: drop table if exists task_components cascade 
Hibernate: drop table if exists task_dependencies cascade 
Hibernate: drop table if exists tasks cascade 
Hibernate: drop table if exists team_members cascade 
Hibernate: drop table if exists users cascade 
Hibernate: create table attendances (arrival_time time(6), departure_time time(6), present boolean not null, id bigint generated by default as identity, meeting_id bigint not null, member_id bigint not null, primary key (id), unique (meeting_id, member_id))
Hibernate: create table audit_logs (coppa_relevant boolean not null, id bigint generated by default as identity, resource_id bigint, subject_user_id bigint, timestamp timestamp(6) not null, user_id bigint, user_agent varchar(500), description varchar(1000), action varchar(255) not null, ip_address varchar(255), level varchar(255) not null check (level in ('INFO','WARNING','COPPA_COMPLIANCE','SECURITY_ALERT','VIOLATION')), resource_type varchar(255), session_id varchar(255), primary key (id))
Hibernate: create table components (actual_delivery date, expected_delivery date, is_delivered boolean, id bigint generated by default as identity, part_number varchar(100), description TEXT, name varchar(255) not null, primary key (id))
Hibernate: create table frc_events (end_date date, is_official boolean, is_public boolean, season_year integer not null, start_date date, team_count integer, id bigint generated by default as identity, last_synced timestamp(6), linked_project_id bigint, registration_close timestamp(6), registration_open timestamp(6), api_response_hash varchar(255), city varchar(255), country varchar(255), event_code varchar(255) not null unique, event_name varchar(255) not null, event_type varchar(255) not null check (event_type in ('KICKOFF','REGIONAL','DISTRICT','DISTRICT_CHAMPIONSHIP','CHAMPIONSHIP_DIVISION','CHAMPIONSHIP','FESTIVAL_OF_CHAMPIONS','OFFSEASON','PRESEASON','UNLABELED')), live_stream_url varchar(255), location varchar(255), state_province varchar(255), venue varchar(255), website varchar(255), primary key (id))
Hibernate: create table frc_matches (blue_score integer, match_number integer not null, red_score integer, set_number integer, actual_time timestamp(6), frc_event_id bigint not null, id bigint generated by default as identity, scheduled_time timestamp(6), blue_alliance_teams varchar(255), competition_level varchar(255) not null check (competition_level in ('PRACTICE','QUALIFICATION','PLAYOFF')), match_result varchar(255) check (match_result in ('RED_WIN','BLUE_WIN','TIE','NO_RESULT')), red_alliance_teams varchar(255), primary key (id))
Hibernate: create table frc_team_rankings (average_points numeric(10,2), losses integer, rank integer not null, ranking_points numeric(10,2), team_number integer not null, ties integer, wins integer, frc_event_id bigint not null, id bigint generated by default as identity, primary key (id))
Hibernate: create table meetings (date date not null, end_time time(6) not null, start_time time(6) not null, id bigint generated by default as identity, project_id bigint not null, notes TEXT, primary key (id))
Hibernate: create table milestones (date date not null, id bigint generated by default as identity, project_id bigint not null, description TEXT, name varchar(255) not null, primary key (id))
Hibernate: create table projects (goal_end_date date not null, hard_deadline date not null, start_date date not null, id bigint generated by default as identity, name varchar(100) not null, description TEXT, primary key (id))
Hibernate: create table subsystems (id bigint generated by default as identity, responsible_subteam_id bigint, name varchar(100) not null unique, description TEXT, status varchar(255) not null check (status in ('NOT_STARTED','IN_PROGRESS','COMPLETED','TESTING','ISSUES')), primary key (id))
Hibernate: create table subteams (color_code varchar(7) not null, id bigint generated by default as identity, name varchar(100) not null, specialties TEXT, primary key (id))
Hibernate: create table task_assignments (task_id bigint not null, team_member_id bigint not null, primary key (task_id, team_member_id))
Hibernate: create table task_components (component_id bigint not null, task_id bigint not null, primary key (component_id, task_id))
Hibernate: create table task_dependencies (is_active boolean, is_critical_path boolean, lag_hours integer, created_at timestamp(6), dependent_task_id bigint not null, id bigint generated by default as identity, prerequisite_task_id bigint not null, project_id bigint, updated_at timestamp(6), dependency_type varchar(255) not null check (dependency_type in ('FINISH_TO_START','START_TO_START','FINISH_TO_FINISH','START_TO_FINISH','BLOCKING','SOFT')), notes TEXT, primary key (id), unique (dependent_task_id, prerequisite_task_id))
Hibernate: create table tasks (completed boolean not null, end_date date, progress integer not null, start_date date, actual_duration_seconds bigint, estimated_duration_seconds bigint not null, id bigint generated by default as identity, project_id bigint not null, subsystem_id bigint not null, description TEXT, priority varchar(255) not null check (priority in ('LOW','MEDIUM','HIGH','CRITICAL')), title varchar(255) not null, primary key (id))
Hibernate: create table team_members (is_leader boolean, id bigint generated by default as identity, subteam_id bigint, user_id bigint unique, phone varchar(15), first_name varchar(150), last_name varchar(150), username varchar(150) not null unique, email varchar(254), skills TEXT, primary key (id))
Hibernate: create table users (account_non_expired boolean not null, account_non_locked boolean not null, age integer, credentials_non_expired boolean not null, enabled boolean not null, mfa_enabled boolean not null, requires_parental_consent boolean not null, created_at timestamp(6), id bigint generated by default as identity, last_login timestamp(6), parental_consent_date timestamp(6), updated_at timestamp(6), email varchar(255) not null unique, first_name varchar(255) not null, last_name varchar(255) not null, parent_email varchar(255), parental_consent_token varchar(255), password varchar(255) not null, role varchar(255) not null check (role in ('STUDENT','MENTOR','PARENT','ADMIN')), totp_secret varchar(255), username varchar(255) not null unique, primary key (id))
Hibernate: create index idx_dependent_task on task_dependencies (dependent_task_id)
Hibernate: create index idx_prerequisite_task on task_dependencies (prerequisite_task_id)
Hibernate: create index idx_dependency_type on task_dependencies (dependency_type)
Hibernate: create index idx_critical_path on task_dependencies (is_critical_path)
Hibernate: alter table if exists attendances add constraint FK3i5ab1v2ad6wbm2rwhxbtm55u foreign key (meeting_id) references meetings
Hibernate: alter table if exists attendances add constraint FKb3g1rvha5qvyh1xik0bo6fghp foreign key (member_id) references team_members
Hibernate: alter table if exists audit_logs add constraint FK26f55a9ntedtf72x4d4r2plpu foreign key (subject_user_id) references users
Hibernate: alter table if exists audit_logs add constraint FKjs4iimve3y0xssbtve5ysyef0 foreign key (user_id) references users
Hibernate: alter table if exists frc_events add constraint FKcm769cucyrdrbppsg4wdhivsq foreign key (linked_project_id) references projects
Hibernate: alter table if exists frc_matches add constraint FK75uq35v4guxm1yfjvd0996fh4 foreign key (frc_event_id) references frc_events
Hibernate: alter table if exists frc_team_rankings add constraint FKo10jd9qh1e6lyh43w8ntbx6kx foreign key (frc_event_id) references frc_events
Hibernate: alter table if exists meetings add constraint FKbt3vmcde0efob60esnfkyaeg0 foreign key (project_id) references projects
Hibernate: alter table if exists milestones add constraint FK2a7fp7wfu0qc1pq3wiifbksge foreign key (project_id) references projects
Hibernate: alter table if exists subsystems add constraint FK6w4rk9yygp8j1dhs91d0qt8vp foreign key (responsible_subteam_id) references subteams
Hibernate: alter table if exists task_assignments add constraint FKqyivind1lu4axk93y5m7vcx7i foreign key (team_member_id) references team_members
Hibernate: alter table if exists task_assignments add constraint FKk36vhf9tt6t3woselwnkis6v6 foreign key (task_id) references tasks
Hibernate: alter table if exists task_components add constraint FK5irpaispcx79xwy6n1qomaxnv foreign key (component_id) references components
Hibernate: alter table if exists task_components add constraint FKjvcgnyl1ttc41nv55hjvnnft1 foreign key (task_id) references tasks
Hibernate: alter table if exists task_dependencies add constraint FK1cux22yxye95yaxw7h7h923xw foreign key (dependent_task_id) references tasks
Hibernate: alter table if exists task_dependencies add constraint FKbwfe0w9fgi0i25vmha5rj4ohk foreign key (prerequisite_task_id) references tasks
Hibernate: alter table if exists task_dependencies add constraint FKj6frtxpjjnkbkm14kuus406mm foreign key (project_id) references projects
Hibernate: alter table if exists tasks add constraint FKsfhn82y57i3k9uxww1s007acc foreign key (project_id) references projects
Hibernate: alter table if exists tasks add constraint FK3tj2dchxxvxu2te3uwgjakx76 foreign key (subsystem_id) references subsystems
Hibernate: alter table if exists team_members add constraint FKnjkvjfudwwytv2aiuha5wyvqx foreign key (subteam_id) references subteams
Hibernate: alter table if exists team_members add constraint FKee8x7x5026imwmma9kndkxs36 foreign key (user_id) references users
Hibernate: insert into team_members (email,first_name,last_name,is_leader,phone,skills,subteam_id,user_id,username,id) values (?,?,?,?,?,?,?,?,?,default)
Hibernate: insert into projects (description,goal_end_date,hard_deadline,name,start_date,id) values (?,?,?,?,?,default)
Hibernate: insert into meetings (date,end_time,notes,project_id,start_time,id) values (?,?,?,?,?,default)
Hibernate: select a1_0.id,a1_0.arrival_time,a1_0.departure_time,a1_0.meeting_id,a1_0.member_id,a1_0.present from attendances a1_0 where a1_0.meeting_id=? and a1_0.member_id=?
]]></system-out>
    <system-err><![CDATA[WARNING: A Java agent has been loaded dynamically (C:\Users\dhiebert\.m2\repository\net\bytebuddy\byte-buddy-agent\1.14.10\byte-buddy-agent-1.14.10.jar)
WARNING: If a serviceability tool is in use, please run with -XX:+EnableDynamicAgentLoading to hide this warning
WARNING: If a serviceability tool is not in use, please run with -Djdk.instrument.traceUsage for more information
WARNING: Dynamic loading of agents will be disallowed by default in a future release
]]></system-err>
  </testcase>
  <testcase name="testFindByMember" classname="org.frcpm.repositories.AttendanceRepositoryIntegrationTest" time="0.074">
    <system-out><![CDATA[Hibernate: insert into projects (description,goal_end_date,hard_deadline,name,start_date,id) values (?,?,?,?,?,default)
Hibernate: insert into meetings (date,end_time,notes,project_id,start_time,id) values (?,?,?,?,?,default)
Hibernate: insert into team_members (email,first_name,last_name,is_leader,phone,skills,subteam_id,user_id,username,id) values (?,?,?,?,?,?,?,?,?,default)
Hibernate: insert into attendances (arrival_time,departure_time,meeting_id,member_id,present,id) values (?,?,?,?,?,default)
Hibernate: select a1_0.id,a1_0.arrival_time,a1_0.departure_time,a1_0.meeting_id,a1_0.member_id,a1_0.present from attendances a1_0 where a1_0.member_id=?
]]></system-out>
  </testcase>
  <testcase name="testFindByPresent" classname="org.frcpm.repositories.AttendanceRepositoryIntegrationTest" time="0.026">
    <system-out><![CDATA[Hibernate: insert into projects (description,goal_end_date,hard_deadline,name,start_date,id) values (?,?,?,?,?,default)
Hibernate: insert into meetings (date,end_time,notes,project_id,start_time,id) values (?,?,?,?,?,default)
Hibernate: insert into team_members (email,first_name,last_name,is_leader,phone,skills,subteam_id,user_id,username,id) values (?,?,?,?,?,?,?,?,?,default)
Hibernate: insert into attendances (arrival_time,departure_time,meeting_id,member_id,present,id) values (?,?,?,?,?,default)
Hibernate: insert into team_members (email,first_name,last_name,is_leader,phone,skills,subteam_id,user_id,username,id) values (?,?,?,?,?,?,?,?,?,default)
Hibernate: insert into attendances (arrival_time,departure_time,meeting_id,member_id,present,id) values (?,?,?,?,?,default)
Hibernate: select a1_0.id,a1_0.arrival_time,a1_0.departure_time,a1_0.meeting_id,a1_0.member_id,a1_0.present from attendances a1_0 where a1_0.present=?
Hibernate: select a1_0.id,a1_0.arrival_time,a1_0.departure_time,a1_0.meeting_id,a1_0.member_id,a1_0.present from attendances a1_0 where a1_0.present=?
]]></system-out>
  </testcase>
  <testcase name="testCascadingRelationships" classname="org.frcpm.repositories.AttendanceRepositoryIntegrationTest" time="0.022">
    <system-out><![CDATA[Hibernate: insert into projects (description,goal_end_date,hard_deadline,name,start_date,id) values (?,?,?,?,?,default)
Hibernate: insert into team_members (email,first_name,last_name,is_leader,phone,skills,subteam_id,user_id,username,id) values (?,?,?,?,?,?,?,?,?,default)
Hibernate: insert into meetings (date,end_time,notes,project_id,start_time,id) values (?,?,?,?,?,default)
Hibernate: insert into attendances (arrival_time,departure_time,meeting_id,member_id,present,id) values (?,?,?,?,?,default)
Hibernate: select a1_0.id,a1_0.arrival_time,a1_0.departure_time,a1_0.meeting_id,a1_0.member_id,a1_0.present from attendances a1_0
]]></system-out>
  </testcase>
  <testcase name="testFindAll" classname="org.frcpm.repositories.AttendanceRepositoryIntegrationTest" time="0.015">
    <system-out><![CDATA[Hibernate: insert into projects (description,goal_end_date,hard_deadline,name,start_date,id) values (?,?,?,?,?,default)
Hibernate: insert into meetings (date,end_time,notes,project_id,start_time,id) values (?,?,?,?,?,default)
Hibernate: insert into team_members (email,first_name,last_name,is_leader,phone,skills,subteam_id,user_id,username,id) values (?,?,?,?,?,?,?,?,?,default)
Hibernate: insert into attendances (arrival_time,departure_time,meeting_id,member_id,present,id) values (?,?,?,?,?,default)
Hibernate: select a1_0.id,a1_0.arrival_time,a1_0.departure_time,a1_0.meeting_id,a1_0.member_id,a1_0.present from attendances a1_0
]]></system-out>
  </testcase>
  <testcase name="testCount" classname="org.frcpm.repositories.AttendanceRepositoryIntegrationTest" time="0.038">
    <system-out><![CDATA[Hibernate: select count(*) from attendances a1_0
Hibernate: insert into projects (description,goal_end_date,hard_deadline,name,start_date,id) values (?,?,?,?,?,default)
Hibernate: insert into meetings (date,end_time,notes,project_id,start_time,id) values (?,?,?,?,?,default)
Hibernate: insert into team_members (email,first_name,last_name,is_leader,phone,skills,subteam_id,user_id,username,id) values (?,?,?,?,?,?,?,?,?,default)
Hibernate: insert into attendances (arrival_time,departure_time,meeting_id,member_id,present,id) values (?,?,?,?,?,default)
Hibernate: select count(*) from attendances a1_0
]]></system-out>
  </testcase>
  <testcase name="testFindByMeetingAndMember" classname="org.frcpm.repositories.AttendanceRepositoryIntegrationTest" time="0.021">
    <system-out><![CDATA[Hibernate: insert into projects (description,goal_end_date,hard_deadline,name,start_date,id) values (?,?,?,?,?,default)
Hibernate: insert into meetings (date,end_time,notes,project_id,start_time,id) values (?,?,?,?,?,default)
Hibernate: insert into team_members (email,first_name,last_name,is_leader,phone,skills,subteam_id,user_id,username,id) values (?,?,?,?,?,?,?,?,?,default)
Hibernate: insert into attendances (arrival_time,departure_time,meeting_id,member_id,present,id) values (?,?,?,?,?,default)
Hibernate: select a1_0.id,a1_0.arrival_time,a1_0.departure_time,a1_0.meeting_id,a1_0.member_id,a1_0.present from attendances a1_0 where a1_0.meeting_id=? and a1_0.member_id=?
]]></system-out>
  </testcase>
  <testcase name="testFindByMeetingIdAndMemberId" classname="org.frcpm.repositories.AttendanceRepositoryIntegrationTest" time="0.029">
    <system-out><![CDATA[Hibernate: insert into projects (description,goal_end_date,hard_deadline,name,start_date,id) values (?,?,?,?,?,default)
Hibernate: insert into meetings (date,end_time,notes,project_id,start_time,id) values (?,?,?,?,?,default)
Hibernate: insert into team_members (email,first_name,last_name,is_leader,phone,skills,subteam_id,user_id,username,id) values (?,?,?,?,?,?,?,?,?,default)
Hibernate: insert into attendances (arrival_time,departure_time,meeting_id,member_id,present,id) values (?,?,?,?,?,default)
Hibernate: select a1_0.id,a1_0.arrival_time,a1_0.departure_time,a1_0.meeting_id,a1_0.member_id,a1_0.present from attendances a1_0 where a1_0.meeting_id=? and a1_0.member_id=?
]]></system-out>
  </testcase>
  <testcase name="testFindByMemberId" classname="org.frcpm.repositories.AttendanceRepositoryIntegrationTest" time="0.019">
    <system-out><![CDATA[Hibernate: insert into projects (description,goal_end_date,hard_deadline,name,start_date,id) values (?,?,?,?,?,default)
Hibernate: insert into meetings (date,end_time,notes,project_id,start_time,id) values (?,?,?,?,?,default)
Hibernate: insert into team_members (email,first_name,last_name,is_leader,phone,skills,subteam_id,user_id,username,id) values (?,?,?,?,?,?,?,?,?,default)
Hibernate: insert into attendances (arrival_time,departure_time,meeting_id,member_id,present,id) values (?,?,?,?,?,default)
Hibernate: select a1_0.id,a1_0.arrival_time,a1_0.departure_time,a1_0.meeting_id,a1_0.member_id,a1_0.present from attendances a1_0 where a1_0.member_id=?
]]></system-out>
  </testcase>
  <testcase name="testFindByMeetingDateBetween" classname="org.frcpm.repositories.AttendanceRepositoryIntegrationTest" time="0.056">
    <system-out><![CDATA[Hibernate: insert into projects (description,goal_end_date,hard_deadline,name,start_date,id) values (?,?,?,?,?,default)
Hibernate: insert into meetings (date,end_time,notes,project_id,start_time,id) values (?,?,?,?,?,default)
Hibernate: insert into meetings (date,end_time,notes,project_id,start_time,id) values (?,?,?,?,?,default)
Hibernate: insert into meetings (date,end_time,notes,project_id,start_time,id) values (?,?,?,?,?,default)
Hibernate: insert into team_members (email,first_name,last_name,is_leader,phone,skills,subteam_id,user_id,username,id) values (?,?,?,?,?,?,?,?,?,default)
Hibernate: insert into attendances (arrival_time,departure_time,meeting_id,member_id,present,id) values (?,?,?,?,?,default)
Hibernate: insert into attendances (arrival_time,departure_time,meeting_id,member_id,present,id) values (?,?,?,?,?,default)
Hibernate: insert into attendances (arrival_time,departure_time,meeting_id,member_id,present,id) values (?,?,?,?,?,default)
Hibernate: select a1_0.id,a1_0.arrival_time,a1_0.departure_time,a1_0.meeting_id,a1_0.member_id,a1_0.present from attendances a1_0 join meetings m1_0 on m1_0.id=a1_0.meeting_id where m1_0.date between ? and ? order by m1_0.date
]]></system-out>
  </testcase>
  <testcase name="testFindByMeeting" classname="org.frcpm.repositories.AttendanceRepositoryIntegrationTest" time="0.026">
    <system-out><![CDATA[Hibernate: insert into projects (description,goal_end_date,hard_deadline,name,start_date,id) values (?,?,?,?,?,default)
Hibernate: insert into meetings (date,end_time,notes,project_id,start_time,id) values (?,?,?,?,?,default)
Hibernate: insert into team_members (email,first_name,last_name,is_leader,phone,skills,subteam_id,user_id,username,id) values (?,?,?,?,?,?,?,?,?,default)
Hibernate: insert into attendances (arrival_time,departure_time,meeting_id,member_id,present,id) values (?,?,?,?,?,default)
Hibernate: select a1_0.id,a1_0.arrival_time,a1_0.departure_time,a1_0.meeting_id,a1_0.member_id,a1_0.present from attendances a1_0 where a1_0.meeting_id=?
]]></system-out>
  </testcase>
  <testcase name="testFindByMeetingId" classname="org.frcpm.repositories.AttendanceRepositoryIntegrationTest" time="0.029">
    <system-out><![CDATA[Hibernate: insert into projects (description,goal_end_date,hard_deadline,name,start_date,id) values (?,?,?,?,?,default)
Hibernate: insert into meetings (date,end_time,notes,project_id,start_time,id) values (?,?,?,?,?,default)
Hibernate: insert into team_members (email,first_name,last_name,is_leader,phone,skills,subteam_id,user_id,username,id) values (?,?,?,?,?,?,?,?,?,default)
Hibernate: insert into attendances (arrival_time,departure_time,meeting_id,member_id,present,id) values (?,?,?,?,?,default)
Hibernate: select a1_0.id,a1_0.arrival_time,a1_0.departure_time,a1_0.meeting_id,a1_0.member_id,a1_0.present from attendances a1_0 where a1_0.meeting_id=?
]]></system-out>
  </testcase>
  <testcase name="testFindByProjectId" classname="org.frcpm.repositories.AttendanceRepositoryIntegrationTest" time="0.047">
    <system-out><![CDATA[Hibernate: insert into projects (description,goal_end_date,hard_deadline,name,start_date,id) values (?,?,?,?,?,default)
Hibernate: insert into projects (description,goal_end_date,hard_deadline,name,start_date,id) values (?,?,?,?,?,default)
Hibernate: insert into meetings (date,end_time,notes,project_id,start_time,id) values (?,?,?,?,?,default)
Hibernate: insert into meetings (date,end_time,notes,project_id,start_time,id) values (?,?,?,?,?,default)
Hibernate: insert into team_members (email,first_name,last_name,is_leader,phone,skills,subteam_id,user_id,username,id) values (?,?,?,?,?,?,?,?,?,default)
Hibernate: insert into attendances (arrival_time,departure_time,meeting_id,member_id,present,id) values (?,?,?,?,?,default)
Hibernate: insert into attendances (arrival_time,departure_time,meeting_id,member_id,present,id) values (?,?,?,?,?,default)
Hibernate: select a1_0.id,a1_0.arrival_time,a1_0.departure_time,a1_0.meeting_id,a1_0.member_id,a1_0.present from attendances a1_0 join meetings m1_0 on m1_0.id=a1_0.meeting_id where m1_0.project_id=?
]]></system-out>
  </testcase>
  <testcase name="testUniqueConstraint" classname="org.frcpm.repositories.AttendanceRepositoryIntegrationTest" time="0.112">
    <system-out><![CDATA[Hibernate: insert into projects (description,goal_end_date,hard_deadline,name,start_date,id) values (?,?,?,?,?,default)
Hibernate: insert into meetings (date,end_time,notes,project_id,start_time,id) values (?,?,?,?,?,default)
Hibernate: insert into team_members (email,first_name,last_name,is_leader,phone,skills,subteam_id,user_id,username,id) values (?,?,?,?,?,?,?,?,?,default)
Hibernate: insert into attendances (arrival_time,departure_time,meeting_id,member_id,present,id) values (?,?,?,?,?,default)
Hibernate: insert into attendances (arrival_time,departure_time,meeting_id,member_id,present,id) values (?,?,?,?,?,default)
2025-07-16 09:49:10 - Unique index or primary key violation: "PUBLIC.CONSTRAINT_INDEX_3 ON PUBLIC.ATTENDANCES(MEETING_ID NULLS FIRST, MEMBER_ID NULLS FIRST) VALUES ( /* key:17 */ CAST(17 AS BIGINT), CAST(15 AS BIGINT))"; SQL statement:
insert into attendances (arrival_time,departure_time,meeting_id,member_id,present,id) values (?,?,?,?,?,default) [23505-224]
]]></system-out>
  </testcase>
  <testcase name="testCountByMemberIdAndPresent" classname="org.frcpm.repositories.AttendanceRepositoryIntegrationTest" time="0.052">
    <system-out><![CDATA[Hibernate: insert into projects (description,goal_end_date,hard_deadline,name,start_date,id) values (?,?,?,?,?,default)
Hibernate: insert into team_members (email,first_name,last_name,is_leader,phone,skills,subteam_id,user_id,username,id) values (?,?,?,?,?,?,?,?,?,default)
Hibernate: insert into meetings (date,end_time,notes,project_id,start_time,id) values (?,?,?,?,?,default)
Hibernate: insert into meetings (date,end_time,notes,project_id,start_time,id) values (?,?,?,?,?,default)
Hibernate: insert into meetings (date,end_time,notes,project_id,start_time,id) values (?,?,?,?,?,default)
Hibernate: insert into attendances (arrival_time,departure_time,meeting_id,member_id,present,id) values (?,?,?,?,?,default)
Hibernate: insert into attendances (arrival_time,departure_time,meeting_id,member_id,present,id) values (?,?,?,?,?,default)
Hibernate: insert into attendances (arrival_time,departure_time,meeting_id,member_id,present,id) values (?,?,?,?,?,default)
Hibernate: select count(a1_0.id) from attendances a1_0 where a1_0.member_id=? and a1_0.present=?
Hibernate: select count(a1_0.id) from attendances a1_0 where a1_0.member_id=? and a1_0.present=?
]]></system-out>
  </testcase>
  <testcase name="testDeleteById" classname="org.frcpm.repositories.AttendanceRepositoryIntegrationTest" time="0.07">
    <system-out><![CDATA[Hibernate: insert into projects (description,goal_end_date,hard_deadline,name,start_date,id) values (?,?,?,?,?,default)
Hibernate: insert into meetings (date,end_time,notes,project_id,start_time,id) values (?,?,?,?,?,default)
Hibernate: insert into team_members (email,first_name,last_name,is_leader,phone,skills,subteam_id,user_id,username,id) values (?,?,?,?,?,?,?,?,?,default)
Hibernate: insert into attendances (arrival_time,departure_time,meeting_id,member_id,present,id) values (?,?,?,?,?,default)
Hibernate: select count(*) from attendances a1_0 where a1_0.id=?
Hibernate: delete from attendances where id=?
Hibernate: select count(*) from attendances a1_0 where a1_0.id=?
Hibernate: select a1_0.id,a1_0.arrival_time,a1_0.departure_time,a1_0.meeting_id,a1_0.member_id,a1_0.present from attendances a1_0 where a1_0.id=?
]]></system-out>
  </testcase>
  <testcase name="testCountByMemberId" classname="org.frcpm.repositories.AttendanceRepositoryIntegrationTest" time="0.023">
    <system-out><![CDATA[Hibernate: insert into projects (description,goal_end_date,hard_deadline,name,start_date,id) values (?,?,?,?,?,default)
Hibernate: insert into team_members (email,first_name,last_name,is_leader,phone,skills,subteam_id,user_id,username,id) values (?,?,?,?,?,?,?,?,?,default)
Hibernate: insert into meetings (date,end_time,notes,project_id,start_time,id) values (?,?,?,?,?,default)
Hibernate: insert into meetings (date,end_time,notes,project_id,start_time,id) values (?,?,?,?,?,default)
Hibernate: insert into attendances (arrival_time,departure_time,meeting_id,member_id,present,id) values (?,?,?,?,?,default)
Hibernate: insert into attendances (arrival_time,departure_time,meeting_id,member_id,present,id) values (?,?,?,?,?,default)
Hibernate: select count(a1_0.id) from attendances a1_0 where a1_0.member_id=?
]]></system-out>
  </testcase>
  <testcase name="testSaveAndFindById" classname="org.frcpm.repositories.AttendanceRepositoryIntegrationTest" time="0.009">
    <system-out><![CDATA[Hibernate: insert into projects (description,goal_end_date,hard_deadline,name,start_date,id) values (?,?,?,?,?,default)
Hibernate: insert into meetings (date,end_time,notes,project_id,start_time,id) values (?,?,?,?,?,default)
Hibernate: insert into team_members (email,first_name,last_name,is_leader,phone,skills,subteam_id,user_id,username,id) values (?,?,?,?,?,?,?,?,?,default)
Hibernate: insert into attendances (arrival_time,departure_time,meeting_id,member_id,present,id) values (?,?,?,?,?,default)
]]></system-out>
  </testcase>
</testsuite>