<?xml version="1.0" encoding="UTF-8"?>
<testsuite xmlns:xsi="http://www.w3.org/2001/XMLSchema-instance" xsi:noNamespaceSchemaLocation="https://maven.apache.org/surefire/maven-surefire-plugin/xsd/surefire-test-report-3.0.xsd" version="3.0" name="org.frcpm.controllers.SubsystemManagementControllerTest" time="0.317" tests="6" errors="0" skipped="0" failures="0">
  <properties>
    <property name="java.specification.version" value="21"/>
    <property name="javafx.runtime.version" value="21.0.2+5"/>
    <property name="sun.cpu.isalist" value="amd64"/>
    <property name="sun.jnu.encoding" value="Cp1252"/>
    <property name="java.class.path" value="C:\Users\dhiebert\Local Repositories\Project Management 2.0\target\test-classes;C:\Users\dhiebert\Local Repositories\Project Management 2.0\target\classes;C:\Users\dhiebert\.m2\repository\org\openjfx\javafx-controls\21.0.2\javafx-controls-21.0.2.jar;C:\Users\dhiebert\.m2\repository\org\openjfx\javafx-controls\21.0.2\javafx-controls-21.0.2-win.jar;C:\Users\dhiebert\.m2\repository\org\openjfx\javafx-fxml\21.0.2\javafx-fxml-21.0.2.jar;C:\Users\dhiebert\.m2\repository\org\openjfx\javafx-fxml\21.0.2\javafx-fxml-21.0.2-win.jar;C:\Users\dhiebert\.m2\repository\org\openjfx\javafx-graphics\21.0.2\javafx-graphics-21.0.2.jar;C:\Users\dhiebert\.m2\repository\org\openjfx\javafx-graphics\21.0.2\javafx-graphics-21.0.2-win.jar;C:\Users\dhiebert\.m2\repository\org\openjfx\javafx-base\21.0.2\javafx-base-21.0.2.jar;C:\Users\dhiebert\.m2\repository\org\openjfx\javafx-base\21.0.2\javafx-base-21.0.2-win.jar;C:\Users\dhiebert\.m2\repository\com\h2database\h2\2.2.224\h2-2.2.224.jar;C:\Users\dhiebert\.m2\repository\com\zaxxer\HikariCP\5.1.0\HikariCP-5.1.0.jar;C:\Users\dhiebert\.m2\repository\org\slf4j\slf4j-api\1.7.36\slf4j-api-1.7.36.jar;C:\Users\dhiebert\.m2\repository\org\hibernate\orm\hibernate-core\6.5.0.Final\hibernate-core-6.5.0.Final.jar;C:\Users\dhiebert\.m2\repository\jakarta\persistence\jakarta.persistence-api\3.1.0\jakarta.persistence-api-3.1.0.jar;C:\Users\dhiebert\.m2\repository\jakarta\transaction\jakarta.transaction-api\2.0.1\jakarta.transaction-api-2.0.1.jar;C:\Users\dhiebert\.m2\repository\org\jboss\logging\jboss-logging\3.5.0.Final\jboss-logging-3.5.0.Final.jar;C:\Users\dhiebert\.m2\repository\org\hibernate\common\hibernate-commons-annotations\6.0.6.Final\hibernate-commons-annotations-6.0.6.Final.jar;C:\Users\dhiebert\.m2\repository\io\smallrye\jandex\3.1.2\jandex-3.1.2.jar;C:\Users\dhiebert\.m2\repository\com\fasterxml\classmate\1.5.1\classmate-1.5.1.jar;C:\Users\dhiebert\.m2\repository\net\bytebuddy\byte-buddy\1.14.12\byte-buddy-1.14.12.jar;C:\Users\dhiebert\.m2\repository\jakarta\xml\bind\jakarta.xml.bind-api\4.0.0\jakarta.xml.bind-api-4.0.0.jar;C:\Users\dhiebert\.m2\repository\jakarta\activation\jakarta.activation-api\2.1.0\jakarta.activation-api-2.1.0.jar;C:\Users\dhiebert\.m2\repository\org\glassfish\jaxb\jaxb-runtime\4.0.2\jaxb-runtime-4.0.2.jar;C:\Users\dhiebert\.m2\repository\org\glassfish\jaxb\jaxb-core\4.0.2\jaxb-core-4.0.2.jar;C:\Users\dhiebert\.m2\repository\org\eclipse\angus\angus-activation\2.0.0\angus-activation-2.0.0.jar;C:\Users\dhiebert\.m2\repository\org\glassfish\jaxb\txw2\4.0.2\txw2-4.0.2.jar;C:\Users\dhiebert\.m2\repository\com\sun\istack\istack-commons-runtime\4.1.1\istack-commons-runtime-4.1.1.jar;C:\Users\dhiebert\.m2\repository\jakarta\inject\jakarta.inject-api\2.0.1\jakarta.inject-api-2.0.1.jar;C:\Users\dhiebert\.m2\repository\org\antlr\antlr4-runtime\4.13.0\antlr4-runtime-4.13.0.jar;C:\Users\dhiebert\.m2\repository\org\hibernate\validator\hibernate-validator\8.0.1.Final\hibernate-validator-8.0.1.Final.jar;C:\Users\dhiebert\.m2\repository\jakarta\validation\jakarta.validation-api\3.0.2\jakarta.validation-api-3.0.2.jar;C:\Users\dhiebert\.m2\repository\org\junit\jupiter\junit-jupiter-api\5.10.2\junit-jupiter-api-5.10.2.jar;C:\Users\dhiebert\.m2\repository\org\opentest4j\opentest4j\1.3.0\opentest4j-1.3.0.jar;C:\Users\dhiebert\.m2\repository\org\junit\platform\junit-platform-commons\1.10.2\junit-platform-commons-1.10.2.jar;C:\Users\dhiebert\.m2\repository\org\apiguardian\apiguardian-api\1.1.2\apiguardian-api-1.1.2.jar;C:\Users\dhiebert\.m2\repository\org\junit\jupiter\junit-jupiter-engine\5.10.2\junit-jupiter-engine-5.10.2.jar;C:\Users\dhiebert\.m2\repository\org\junit\platform\junit-platform-engine\1.10.2\junit-platform-engine-1.10.2.jar;C:\Users\dhiebert\.m2\repository\org\mockito\mockito-junit-jupiter\5.10.0\mockito-junit-jupiter-5.10.0.jar;C:\Users\dhiebert\.m2\repository\org\mockito\mockito-core\5.10.0\mockito-core-5.10.0.jar;C:\Users\dhiebert\.m2\repository\net\bytebuddy\byte-buddy-agent\1.14.11\byte-buddy-agent-1.14.11.jar;C:\Users\dhiebert\.m2\repository\org\objenesis\objenesis\3.3\objenesis-3.3.jar;C:\Users\dhiebert\.m2\repository\org\hibernate\orm\hibernate-hikaricp\6.5.0.Final\hibernate-hikaricp-6.5.0.Final.jar;C:\Users\dhiebert\.m2\repository\ch\qos\logback\logback-classic\1.2.11\logback-classic-1.2.11.jar;C:\Users\dhiebert\.m2\repository\ch\qos\logback\logback-core\1.2.11\logback-core-1.2.11.jar;C:\Users\dhiebert\.m2\repository\org\testfx\testfx-core\4.0.18\testfx-core-4.0.18.jar;C:\Users\dhiebert\.m2\repository\org\hamcrest\hamcrest\2.1\hamcrest-2.1.jar;C:\Users\dhiebert\.m2\repository\org\assertj\assertj-core\3.13.2\assertj-core-3.13.2.jar;C:\Users\dhiebert\.m2\repository\org\osgi\org.osgi.core\6.0.0\org.osgi.core-6.0.0.jar;C:\Users\dhiebert\.m2\repository\org\testfx\testfx-junit5\4.0.18\testfx-junit5-4.0.18.jar;C:\Users\dhiebert\.m2\repository\org\openjfx\javafx-web\17.0.2\javafx-web-17.0.2.jar;C:\Users\dhiebert\.m2\repository\org\openjfx\javafx-web\17.0.2\javafx-web-17.0.2-win.jar;C:\Users\dhiebert\.m2\repository\org\openjfx\javafx-media\17.0.2\javafx-media-17.0.2.jar;C:\Users\dhiebert\.m2\repository\org\openjfx\javafx-media\17.0.2\javafx-media-17.0.2-win.jar;C:\Users\dhiebert\.m2\repository\org\apache\pdfbox\pdfbox\2.0.27\pdfbox-2.0.27.jar;C:\Users\dhiebert\.m2\repository\org\apache\pdfbox\fontbox\2.0.27\fontbox-2.0.27.jar;C:\Users\dhiebert\.m2\repository\commons-logging\commons-logging\1.2\commons-logging-1.2.jar;C:\Users\dhiebert\.m2\repository\com\fasterxml\jackson\core\jackson-databind\2.15.0\jackson-databind-2.15.0.jar;C:\Users\dhiebert\.m2\repository\com\fasterxml\jackson\core\jackson-annotations\2.15.0\jackson-annotations-2.15.0.jar;C:\Users\dhiebert\.m2\repository\com\fasterxml\jackson\core\jackson-core\2.15.0\jackson-core-2.15.0.jar;C:\Users\dhiebert\.m2\repository\org\apache\xmlgraphics\batik-all\1.16\batik-all-1.16.jar;C:\Users\dhiebert\.m2\repository\xml-apis\xml-apis\1.4.01\xml-apis-1.4.01.jar;C:\Users\dhiebert\.m2\repository\xml-apis\xml-apis-ext\1.3.04\xml-apis-ext-1.3.04.jar;C:\Users\dhiebert\.m2\repository\org\apache\xmlgraphics\xmlgraphics-commons\2.7\xmlgraphics-commons-2.7.jar;C:\Users\dhiebert\.m2\repository\commons-io\commons-io\1.3.1\commons-io-1.3.1.jar;C:\Users\dhiebert\.m2\repository\org\jgrapht\jgrapht-core\1.5.2\jgrapht-core-1.5.2.jar;C:\Users\dhiebert\.m2\repository\org\jheaps\jheaps\0.14\jheaps-0.14.jar;C:\Users\dhiebert\.m2\repository\org\apfloat\apfloat\1.10.1\apfloat-1.10.1.jar;"/>
    <property name="java.vm.vendor" value="Eclipse Adoptium"/>
    <property name="sun.arch.data.model" value="64"/>
    <property name="user.variant" value=""/>
    <property name="java.vendor.url" value="https://adoptium.net/"/>
    <property name="user.timezone" value="America/Chicago"/>
    <property name="os.name" value="Windows 11"/>
    <property name="java.vm.specification.version" value="21"/>
    <property name="javafx.version" value="21.0.2"/>
    <property name="sun.java.launcher" value="SUN_STANDARD"/>
    <property name="user.country" value="US"/>
    <property name="sun.boot.library.path" value="C:\Program Files\Eclipse Adoptium\jdk-21.0.6.7-hotspot\bin"/>
    <property name="sun.java.command" value="C:\Users\dhiebert\AppData\Local\Temp\surefire9513985487531586668\surefirebooter-20250425102356946_3.jar C:\Users\dhiebert\AppData\Local\Temp\surefire9513985487531586668 2025-04-25T10-23-56_800-jvmRun1 surefire-20250425102356946_1tmp surefire_0-20250425102356946_2tmp"/>
    <property name="jdk.debug" value="release"/>
    <property name="surefire.test.class.path" value="C:\Users\dhiebert\Local Repositories\Project Management 2.0\target\test-classes;C:\Users\dhiebert\Local Repositories\Project Management 2.0\target\classes;C:\Users\dhiebert\.m2\repository\org\openjfx\javafx-controls\21.0.2\javafx-controls-21.0.2.jar;C:\Users\dhiebert\.m2\repository\org\openjfx\javafx-controls\21.0.2\javafx-controls-21.0.2-win.jar;C:\Users\dhiebert\.m2\repository\org\openjfx\javafx-fxml\21.0.2\javafx-fxml-21.0.2.jar;C:\Users\dhiebert\.m2\repository\org\openjfx\javafx-fxml\21.0.2\javafx-fxml-21.0.2-win.jar;C:\Users\dhiebert\.m2\repository\org\openjfx\javafx-graphics\21.0.2\javafx-graphics-21.0.2.jar;C:\Users\dhiebert\.m2\repository\org\openjfx\javafx-graphics\21.0.2\javafx-graphics-21.0.2-win.jar;C:\Users\dhiebert\.m2\repository\org\openjfx\javafx-base\21.0.2\javafx-base-21.0.2.jar;C:\Users\dhiebert\.m2\repository\org\openjfx\javafx-base\21.0.2\javafx-base-21.0.2-win.jar;C:\Users\dhiebert\.m2\repository\com\h2database\h2\2.2.224\h2-2.2.224.jar;C:\Users\dhiebert\.m2\repository\com\zaxxer\HikariCP\5.1.0\HikariCP-5.1.0.jar;C:\Users\dhiebert\.m2\repository\org\slf4j\slf4j-api\1.7.36\slf4j-api-1.7.36.jar;C:\Users\dhiebert\.m2\repository\org\hibernate\orm\hibernate-core\6.5.0.Final\hibernate-core-6.5.0.Final.jar;C:\Users\dhiebert\.m2\repository\jakarta\persistence\jakarta.persistence-api\3.1.0\jakarta.persistence-api-3.1.0.jar;C:\Users\dhiebert\.m2\repository\jakarta\transaction\jakarta.transaction-api\2.0.1\jakarta.transaction-api-2.0.1.jar;C:\Users\dhiebert\.m2\repository\org\jboss\logging\jboss-logging\3.5.0.Final\jboss-logging-3.5.0.Final.jar;C:\Users\dhiebert\.m2\repository\org\hibernate\common\hibernate-commons-annotations\6.0.6.Final\hibernate-commons-annotations-6.0.6.Final.jar;C:\Users\dhiebert\.m2\repository\io\smallrye\jandex\3.1.2\jandex-3.1.2.jar;C:\Users\dhiebert\.m2\repository\com\fasterxml\classmate\1.5.1\classmate-1.5.1.jar;C:\Users\dhiebert\.m2\repository\net\bytebuddy\byte-buddy\1.14.12\byte-buddy-1.14.12.jar;C:\Users\dhiebert\.m2\repository\jakarta\xml\bind\jakarta.xml.bind-api\4.0.0\jakarta.xml.bind-api-4.0.0.jar;C:\Users\dhiebert\.m2\repository\jakarta\activation\jakarta.activation-api\2.1.0\jakarta.activation-api-2.1.0.jar;C:\Users\dhiebert\.m2\repository\org\glassfish\jaxb\jaxb-runtime\4.0.2\jaxb-runtime-4.0.2.jar;C:\Users\dhiebert\.m2\repository\org\glassfish\jaxb\jaxb-core\4.0.2\jaxb-core-4.0.2.jar;C:\Users\dhiebert\.m2\repository\org\eclipse\angus\angus-activation\2.0.0\angus-activation-2.0.0.jar;C:\Users\dhiebert\.m2\repository\org\glassfish\jaxb\txw2\4.0.2\txw2-4.0.2.jar;C:\Users\dhiebert\.m2\repository\com\sun\istack\istack-commons-runtime\4.1.1\istack-commons-runtime-4.1.1.jar;C:\Users\dhiebert\.m2\repository\jakarta\inject\jakarta.inject-api\2.0.1\jakarta.inject-api-2.0.1.jar;C:\Users\dhiebert\.m2\repository\org\antlr\antlr4-runtime\4.13.0\antlr4-runtime-4.13.0.jar;C:\Users\dhiebert\.m2\repository\org\hibernate\validator\hibernate-validator\8.0.1.Final\hibernate-validator-8.0.1.Final.jar;C:\Users\dhiebert\.m2\repository\jakarta\validation\jakarta.validation-api\3.0.2\jakarta.validation-api-3.0.2.jar;C:\Users\dhiebert\.m2\repository\org\junit\jupiter\junit-jupiter-api\5.10.2\junit-jupiter-api-5.10.2.jar;C:\Users\dhiebert\.m2\repository\org\opentest4j\opentest4j\1.3.0\opentest4j-1.3.0.jar;C:\Users\dhiebert\.m2\repository\org\junit\platform\junit-platform-commons\1.10.2\junit-platform-commons-1.10.2.jar;C:\Users\dhiebert\.m2\repository\org\apiguardian\apiguardian-api\1.1.2\apiguardian-api-1.1.2.jar;C:\Users\dhiebert\.m2\repository\org\junit\jupiter\junit-jupiter-engine\5.10.2\junit-jupiter-engine-5.10.2.jar;C:\Users\dhiebert\.m2\repository\org\junit\platform\junit-platform-engine\1.10.2\junit-platform-engine-1.10.2.jar;C:\Users\dhiebert\.m2\repository\org\mockito\mockito-junit-jupiter\5.10.0\mockito-junit-jupiter-5.10.0.jar;C:\Users\dhiebert\.m2\repository\org\mockito\mockito-core\5.10.0\mockito-core-5.10.0.jar;C:\Users\dhiebert\.m2\repository\net\bytebuddy\byte-buddy-agent\1.14.11\byte-buddy-agent-1.14.11.jar;C:\Users\dhiebert\.m2\repository\org\objenesis\objenesis\3.3\objenesis-3.3.jar;C:\Users\dhiebert\.m2\repository\org\hibernate\orm\hibernate-hikaricp\6.5.0.Final\hibernate-hikaricp-6.5.0.Final.jar;C:\Users\dhiebert\.m2\repository\ch\qos\logback\logback-classic\1.2.11\logback-classic-1.2.11.jar;C:\Users\dhiebert\.m2\repository\ch\qos\logback\logback-core\1.2.11\logback-core-1.2.11.jar;C:\Users\dhiebert\.m2\repository\org\testfx\testfx-core\4.0.18\testfx-core-4.0.18.jar;C:\Users\dhiebert\.m2\repository\org\hamcrest\hamcrest\2.1\hamcrest-2.1.jar;C:\Users\dhiebert\.m2\repository\org\assertj\assertj-core\3.13.2\assertj-core-3.13.2.jar;C:\Users\dhiebert\.m2\repository\org\osgi\org.osgi.core\6.0.0\org.osgi.core-6.0.0.jar;C:\Users\dhiebert\.m2\repository\org\testfx\testfx-junit5\4.0.18\testfx-junit5-4.0.18.jar;C:\Users\dhiebert\.m2\repository\org\openjfx\javafx-web\17.0.2\javafx-web-17.0.2.jar;C:\Users\dhiebert\.m2\repository\org\openjfx\javafx-web\17.0.2\javafx-web-17.0.2-win.jar;C:\Users\dhiebert\.m2\repository\org\openjfx\javafx-media\17.0.2\javafx-media-17.0.2.jar;C:\Users\dhiebert\.m2\repository\org\openjfx\javafx-media\17.0.2\javafx-media-17.0.2-win.jar;C:\Users\dhiebert\.m2\repository\org\apache\pdfbox\pdfbox\2.0.27\pdfbox-2.0.27.jar;C:\Users\dhiebert\.m2\repository\org\apache\pdfbox\fontbox\2.0.27\fontbox-2.0.27.jar;C:\Users\dhiebert\.m2\repository\commons-logging\commons-logging\1.2\commons-logging-1.2.jar;C:\Users\dhiebert\.m2\repository\com\fasterxml\jackson\core\jackson-databind\2.15.0\jackson-databind-2.15.0.jar;C:\Users\dhiebert\.m2\repository\com\fasterxml\jackson\core\jackson-annotations\2.15.0\jackson-annotations-2.15.0.jar;C:\Users\dhiebert\.m2\repository\com\fasterxml\jackson\core\jackson-core\2.15.0\jackson-core-2.15.0.jar;C:\Users\dhiebert\.m2\repository\org\apache\xmlgraphics\batik-all\1.16\batik-all-1.16.jar;C:\Users\dhiebert\.m2\repository\xml-apis\xml-apis\1.4.01\xml-apis-1.4.01.jar;C:\Users\dhiebert\.m2\repository\xml-apis\xml-apis-ext\1.3.04\xml-apis-ext-1.3.04.jar;C:\Users\dhiebert\.m2\repository\org\apache\xmlgraphics\xmlgraphics-commons\2.7\xmlgraphics-commons-2.7.jar;C:\Users\dhiebert\.m2\repository\commons-io\commons-io\1.3.1\commons-io-1.3.1.jar;C:\Users\dhiebert\.m2\repository\org\jgrapht\jgrapht-core\1.5.2\jgrapht-core-1.5.2.jar;C:\Users\dhiebert\.m2\repository\org\jheaps\jheaps\0.14\jheaps-0.14.jar;C:\Users\dhiebert\.m2\repository\org\apfloat\apfloat\1.10.1\apfloat-1.10.1.jar;"/>
    <property name="sun.cpu.endian" value="little"/>
    <property name="user.home" value="C:\Users\dhiebert"/>
    <property name="user.language" value="en"/>
    <property name="java.specification.vendor" value="Oracle Corporation"/>
    <property name="java.version.date" value="2025-01-21"/>
    <property name="java.home" value="C:\Program Files\Eclipse Adoptium\jdk-21.0.6.7-hotspot"/>
    <property name="file.separator" value="\"/>
    <property name="basedir" value="C:\Users\dhiebert\Local Repositories\Project Management 2.0"/>
    <property name="java.vm.compressedOopsMode" value="Zero based"/>
    <property name="line.separator" value="&#10;"/>
    <property name="java.vm.specification.vendor" value="Oracle Corporation"/>
    <property name="java.specification.name" value="Java Platform API Specification"/>
    <property name="surefire.real.class.path" value="C:\Users\dhiebert\AppData\Local\Temp\surefire9513985487531586668\surefirebooter-20250425102356946_3.jar"/>
    <property name="user.script" value=""/>
    <property name="sun.management.compiler" value="HotSpot 64-Bit Tiered Compilers"/>
    <property name="java.runtime.version" value="21.0.6+7-LTS"/>
    <property name="user.name" value="dhiebert"/>
    <property name="stdout.encoding" value="Cp1252"/>
    <property name="path.separator" value=";"/>
    <property name="os.version" value="10.0"/>
    <property name="java.runtime.name" value="OpenJDK Runtime Environment"/>
    <property name="file.encoding" value="UTF-8"/>
    <property name="java.vm.name" value="OpenJDK 64-Bit Server VM"/>
    <property name="java.vendor.version" value="Temurin-21.0.6+7"/>
    <property name="localRepository" value="C:\Users\dhiebert\.m2\repository"/>
    <property name="java.vendor.url.bug" value="https://github.com/adoptium/adoptium-support/issues"/>
    <property name="java.io.tmpdir" value="C:\Users\dhiebert\AppData\Local\Temp\"/>
    <property name="java.version" value="21.0.6"/>
    <property name="user.dir" value="C:\Users\dhiebert\Local Repositories\Project Management 2.0"/>
    <property name="os.arch" value="amd64"/>
    <property name="java.vm.specification.name" value="Java Virtual Machine Specification"/>
    <property name="sun.os.patch.level" value=""/>
    <property name="native.encoding" value="Cp1252"/>
    <property name="java.library.path" value="C:\Program Files\Eclipse Adoptium\jdk-21.0.6.7-hotspot\bin;C:\WINDOWS\Sun\Java\bin;C:\WINDOWS\system32;C:\WINDOWS;C:\Program Files\apache-maven-3.9.9\bin;C:\Program Files\Eclipse Adoptium\jdk-21.0.6.7-hotspot\bin;C:\Program Files\National Instruments\Shared\OpenVINO\;C:\Program Files\Common Files\Oracle\Java\javapath;C:\WINDOWS\system32;C:\WINDOWS;C:\WINDOWS\System32\Wbem;C:\WINDOWS\System32\WindowsPowerShell\v1.0\;C:\WINDOWS\System32\OpenSSH\;C:\Program Files\dotnet\;C:\Program Files (x86)\Windows Live\Shared;C:\Program Files\Git\cmd;C:\Program Files\Common Files\Autodesk Shared\;C:\Program Files\Microsoft SQL Server\150\Tools\Binn\;C:\Program Files\nodejs\;C:\Program Files\Eclipse Adoptium\jdk-21.0.6.7-hotspot\bin;C:\Program Files\apache-maven-3.9.9\bin;%MAVEN_HOME%\bin;C:\Users\dhiebert\AppData\Local\Microsoft\WindowsApps;C:\Users\dhiebert\AppData\Local\GitHubDesktop\bin;C:\Users\dhiebert\AppData\Roaming\npm;C:\Users\dhiebert\AppData\Local\Packages\PythonSoftwareFoundation.Python.3.11_qbz5n2kfra8p0\LocalCache\local-packages\Python311\Scripts;C:\Users\dhiebert\AppData\Local\Packages\PythonSoftwareFoundation.Python.3.11_qbz5n2kfra8p0\LocalCache\local-packages\Python311\site-packages\maven;;c:\Users\Public\wpilib\2025\vscode\data\user-data\User\globalStorage\github.copilot-chat\debugCommand;c:\Users\Public\wpilib\2025\vscode\data\extensions\ms-python.debugpy-2025.4.1-win32-x64\bundled\scripts\noConfigScripts;."/>
    <property name="java.vm.info" value="mixed mode, sharing"/>
    <property name="stderr.encoding" value="Cp1252"/>
    <property name="java.vendor" value="Eclipse Adoptium"/>
    <property name="java.vm.version" value="21.0.6+7-LTS"/>
    <property name="sun.io.unicode.encoding" value="UnicodeLittle"/>
    <property name="java.class.version" value="65.0"/>
  </properties>
  <testcase name="testShowConfirmationAlert" classname="org.frcpm.controllers.SubsystemManagementControllerTest" time="0.168">
    <system-out><![CDATA[10:24:09.101 [main] DEBUG org.hibernate.orm.sql.ast.create - Created new SQL alias : s1_0
10:24:09.101 [main] DEBUG org.hibernate.orm.sql.ast.create - Registration of TableGroup [StandardTableGroup(org.frcpm.models.Subsystem(959665387051900))] with identifierForTableGroup [org.frcpm.models.Subsystem] for NavigablePath [org.frcpm.models.Subsystem] 
10:24:09.101 [main] DEBUG org.hibernate.orm.sql.ast.create - Registration of TableGroup [org.hibernate.sql.ast.tree.from.LazyTableGroup@2a240b03] with identifierForTableGroup [org.frcpm.models.Subsystem.responsibleSubteam] for NavigablePath [org.frcpm.models.Subsystem.responsibleSubteam] 
10:24:09.102 [main] DEBUG org.hibernate.orm.results.graph.AST - DomainResult Graph:
 \-EntityResultImpl [org.frcpm.models.Subsystem(959665387051900)]
 |  +-BasicFetch [org.frcpm.models.Subsystem(959665387051900).description]
 |  +-BasicFetch [org.frcpm.models.Subsystem(959665387051900).name]
 |  +-CircularFetchImpl [org.frcpm.models.Subsystem(959665387051900).responsibleSubteam]
 |  +-BasicFetch [org.frcpm.models.Subsystem(959665387051900).status]
 |  \-DelayedCollectionFetch [org.frcpm.models.Subsystem(959665387051900).tasks]

10:24:09.102 [main] DEBUG org.hibernate.orm.sql.ast.tree - SQL AST Tree:
    SelectStatement {
      FromClause {
        StandardTableGroup (s1 : org.frcpm.models.Subsystem(959665387051900)) {
          primaryTableReference : subsystems as s1_0
          TableGroupJoins {
            left  join LazyTableGroup (rs1 : org.frcpm.models.Subsystem(959665387051900).responsibleSubteam) {
            }
          }
        }
      }
    }

10:24:09.102 [main] DEBUG org.hibernate.orm.sql.exec - Skipping reading Query result cache data: cache-enabled = false, cache-mode = NORMAL
10:24:09.103 [main] DEBUG org.hibernate.orm.results - Initializer list:
	  org.frcpm.models.Subsystem(959665387051900).responsibleSubteam -> EntityDelayedFetchInitializer(org.frcpm.models.Subsystem(959665387051900).responsibleSubteam)@372536645 (ToOneAttributeMapping(NavigableRole[org.frcpm.models.Subsystem.responsibleSubteam])@135084207)
	  org.frcpm.models.Subsystem(959665387051900) -> EntityResultInitializer(org.frcpm.models.Subsystem(959665387051900))@2122732470 (SingleTableEntityPersister(org.frcpm.models.Subsystem))
	  org.frcpm.models.Subsystem(959665387051900).tasks -> DelayedCollectionInitializer(org.frcpm.models.Subsystem(959665387051900).tasks)@1408769771 (PluralAttribute(org.frcpm.models.Subsystem.tasks))

10:24:09.103 [main] DEBUG org.hibernate.SQL - select s1_0.id,s1_0.description,s1_0.name,s1_0.responsible_subteam_id,s1_0.status from subsystems s1_0
10:24:09.103 [main] DEBUG org.hibernate.orm.results - Extracted JDBC value [0] - [1]
10:24:09.103 [main] DEBUG org.hibernate.orm.results.loading.entity - (EntityResultInitializer) Hydrated EntityKey (org.frcpm.models.Subsystem(959665387051900)): 1
10:24:09.104 [main] DEBUG org.hibernate.orm.results.loading.org.hibernate.orm.results.loading.collection - (DelayedCollectionInitializer) Current row collection key : org.frcpm.models.Subsystem(959665387051900).tasks#1
10:24:09.104 [main] DEBUG org.hibernate.orm.results.loading.entity - (EntityResultInitializer) Created new entity instance [org.frcpm.models.Subsystem(959665387051900)#1] : 552748668
10:24:09.104 [main] DEBUG org.hibernate.orm.results - Extracted JDBC value [3] - [1]
10:24:09.104 [main] DEBUG org.hibernate.orm.results - Extracted JDBC value [1] - [Robot movement and navigation system]
10:24:09.104 [main] DEBUG org.hibernate.orm.results - Extracted JDBC value [2] - [Drivetrain]
10:24:09.104 [main] DEBUG org.hibernate.orm.results - Extracted JDBC value [4] - [IN_PROGRESS]
10:24:09.104 [main] DEBUG org.hibernate.orm.results.loading.entity - (EntityResultInitializer) Done materializing entityInstance : org.frcpm.models.Subsystem(959665387051900)#1
10:24:09.104 [main] DEBUG org.hibernate.orm.results.loading - Calling top-level assembler (0 / 1) : org.hibernate.sql.results.graph.entity.internal.EntityAssembler@1916147d
10:24:09.104 [main] DEBUG org.hibernate.orm.results - Extracted JDBC value [0] - [2]
10:24:09.104 [main] DEBUG org.hibernate.orm.results.loading.entity - (EntityResultInitializer) Hydrated EntityKey (org.frcpm.models.Subsystem(959665387051900)): 2
10:24:09.104 [main] DEBUG org.hibernate.orm.results.loading.org.hibernate.orm.results.loading.collection - (DelayedCollectionInitializer) Current row collection key : org.frcpm.models.Subsystem(959665387051900).tasks#2
10:24:09.104 [main] DEBUG org.hibernate.orm.results.loading.entity - (EntityResultInitializer) Created new entity instance [org.frcpm.models.Subsystem(959665387051900)#2] : 1492087849
10:24:09.104 [main] DEBUG org.hibernate.orm.results - Extracted JDBC value [3] - [1]
10:24:09.104 [main] DEBUG org.hibernate.orm.results - Extracted JDBC value [1] - [Mechanism for collecting game pieces]
10:24:09.104 [main] DEBUG org.hibernate.orm.results - Extracted JDBC value [2] - [Intake]
10:24:09.104 [main] DEBUG org.hibernate.orm.results - Extracted JDBC value [4] - [NOT_STARTED]
10:24:09.104 [main] DEBUG org.hibernate.orm.results.loading.entity - (EntityResultInitializer) Done materializing entityInstance : org.frcpm.models.Subsystem(959665387051900)#2
10:24:09.104 [main] DEBUG org.hibernate.orm.results.loading - Calling top-level assembler (0 / 1) : org.hibernate.sql.results.graph.entity.internal.EntityAssembler@1916147d
10:24:09.104 [main] DEBUG org.hibernate.orm.results - Extracted JDBC value [0] - [3]
10:24:09.104 [main] DEBUG org.hibernate.orm.results.loading.entity - (EntityResultInitializer) Hydrated EntityKey (org.frcpm.models.Subsystem(959665387051900)): 3
10:24:09.104 [main] DEBUG org.hibernate.orm.results.loading.org.hibernate.orm.results.loading.collection - (DelayedCollectionInitializer) Current row collection key : org.frcpm.models.Subsystem(959665387051900).tasks#3
10:24:09.104 [main] DEBUG org.hibernate.orm.results.loading.entity - (EntityResultInitializer) Created new entity instance [org.frcpm.models.Subsystem(959665387051900)#3] : 703579649
10:24:09.104 [main] DEBUG org.hibernate.orm.results - Extracted JDBC value [3] - [1]
10:24:09.104 [main] DEBUG org.hibernate.orm.results - Extracted JDBC value [1] - [Mechanism for scoring game pieces]
10:24:09.104 [main] DEBUG org.hibernate.orm.results - Extracted JDBC value [2] - [Shooter]
10:24:09.104 [main] DEBUG org.hibernate.orm.results - Extracted JDBC value [4] - [NOT_STARTED]
10:24:09.104 [main] DEBUG org.hibernate.orm.results.loading.entity - (EntityResultInitializer) Done materializing entityInstance : org.frcpm.models.Subsystem(959665387051900)#3
10:24:09.104 [main] DEBUG org.hibernate.orm.results.loading - Calling top-level assembler (0 / 1) : org.hibernate.sql.results.graph.entity.internal.EntityAssembler@1916147d
10:24:09.104 [main] DEBUG org.hibernate.orm.results - Extracted JDBC value [0] - [4]
10:24:09.104 [main] DEBUG org.hibernate.orm.results.loading.entity - (EntityResultInitializer) Hydrated EntityKey (org.frcpm.models.Subsystem(959665387051900)): 4
10:24:09.104 [main] DEBUG org.hibernate.orm.results.loading.org.hibernate.orm.results.loading.collection - (DelayedCollectionInitializer) Current row collection key : org.frcpm.models.Subsystem(959665387051900).tasks#4
10:24:09.104 [main] DEBUG org.hibernate.orm.results.loading.entity - (EntityResultInitializer) Created new entity instance [org.frcpm.models.Subsystem(959665387051900)#4] : 597616822
10:24:09.104 [main] DEBUG org.hibernate.orm.results - Extracted JDBC value [3] - [3]
10:24:09.104 [main] DEBUG org.hibernate.orm.results - Extracted JDBC value [1] - [Camera and processing system for targeting]
10:24:09.104 [main] DEBUG org.hibernate.orm.results - Extracted JDBC value [2] - [Vision]
10:24:09.104 [main] DEBUG org.hibernate.orm.results - Extracted JDBC value [4] - [NOT_STARTED]
10:24:09.104 [main] DEBUG org.hibernate.orm.results.loading.entity - (EntityResultInitializer) Done materializing entityInstance : org.frcpm.models.Subsystem(959665387051900)#4
10:24:09.104 [main] DEBUG org.hibernate.orm.results.loading - Calling top-level assembler (0 / 1) : org.hibernate.sql.results.graph.entity.internal.EntityAssembler@1916147d
10:24:09.104 [main] DEBUG org.hibernate.orm.results - Extracted JDBC value [0] - [5]
10:24:09.104 [main] DEBUG org.hibernate.orm.results.loading.entity - (EntityResultInitializer) Hydrated EntityKey (org.frcpm.models.Subsystem(959665387051900)): 5
10:24:09.104 [main] DEBUG org.hibernate.orm.results.loading.org.hibernate.orm.results.loading.collection - (DelayedCollectionInitializer) Current row collection key : org.frcpm.models.Subsystem(959665387051900).tasks#5
10:24:09.104 [main] DEBUG org.hibernate.orm.results.loading.entity - (EntityResultInitializer) Created new entity instance [org.frcpm.models.Subsystem(959665387051900)#5] : 2118605749
10:24:09.104 [main] DEBUG org.hibernate.orm.results - Extracted JDBC value [3] - [2]
10:24:09.104 [main] DEBUG org.hibernate.orm.results - Extracted JDBC value [1] - [Wiring, electronics, and sensors]
10:24:09.104 [main] DEBUG org.hibernate.orm.results - Extracted JDBC value [2] - [Controls]
10:24:09.104 [main] DEBUG org.hibernate.orm.results - Extracted JDBC value [4] - [NOT_STARTED]
10:24:09.104 [main] DEBUG org.hibernate.orm.results.loading.entity - (EntityResultInitializer) Done materializing entityInstance : org.frcpm.models.Subsystem(959665387051900)#5
10:24:09.104 [main] DEBUG org.hibernate.orm.results.loading - Calling top-level assembler (0 / 1) : org.hibernate.sql.results.graph.entity.internal.EntityAssembler@1916147d
10:24:09.104 [main] DEBUG org.hibernate.orm.results - Extracted JDBC value [0] - [18]
10:24:09.104 [main] DEBUG org.hibernate.orm.results.loading.entity - (EntityResultInitializer) Hydrated EntityKey (org.frcpm.models.Subsystem(959665387051900)): 18
10:24:09.104 [main] DEBUG org.hibernate.orm.results.loading.org.hibernate.orm.results.loading.collection - (DelayedCollectionInitializer) Current row collection key : org.frcpm.models.Subsystem(959665387051900).tasks#18
10:24:09.104 [main] DEBUG org.hibernate.orm.results.loading.entity - (EntityResultInitializer) Created new entity instance [org.frcpm.models.Subsystem(959665387051900)#18] : 913448723
10:24:09.104 [main] DEBUG org.hibernate.orm.results - Extracted JDBC value [3] - [null]
10:24:09.104 [main] DEBUG org.hibernate.orm.results - Extracted JDBC value [1] - [null]
10:24:09.104 [main] DEBUG org.hibernate.orm.results - Extracted JDBC value [2] - [Test Count Subsystem]
10:24:09.104 [main] DEBUG org.hibernate.orm.results - Extracted JDBC value [4] - [NOT_STARTED]
10:24:09.104 [main] DEBUG org.hibernate.orm.results.loading.entity - (EntityResultInitializer) Done materializing entityInstance : org.frcpm.models.Subsystem(959665387051900)#18
10:24:09.104 [main] DEBUG org.hibernate.orm.results.loading - Calling top-level assembler (0 / 1) : org.hibernate.sql.results.graph.entity.internal.EntityAssembler@1916147d
10:24:09.104 [main] DEBUG org.hibernate.orm.results - Extracted JDBC value [0] - [22]
10:24:09.104 [main] DEBUG org.hibernate.orm.results.loading.entity - (EntityResultInitializer) Hydrated EntityKey (org.frcpm.models.Subsystem(959665387051900)): 22
10:24:09.104 [main] DEBUG org.hibernate.orm.results.loading.org.hibernate.orm.results.loading.collection - (DelayedCollectionInitializer) Current row collection key : org.frcpm.models.Subsystem(959665387051900).tasks#22
10:24:09.104 [main] DEBUG org.hibernate.orm.results.loading.entity - (EntityResultInitializer) Created new entity instance [org.frcpm.models.Subsystem(959665387051900)#22] : 558538301
10:24:09.104 [main] DEBUG org.hibernate.orm.results - Extracted JDBC value [3] - [null]
10:24:09.104 [main] DEBUG org.hibernate.orm.results - Extracted JDBC value [1] - [Save subsystem description]
10:24:09.104 [main] DEBUG org.hibernate.orm.results - Extracted JDBC value [2] - [Test Save Subsystem]
10:24:09.104 [main] DEBUG org.hibernate.orm.results - Extracted JDBC value [4] - [TESTING]
10:24:09.104 [main] DEBUG org.hibernate.orm.results.loading.entity - (EntityResultInitializer) Done materializing entityInstance : org.frcpm.models.Subsystem(959665387051900)#22
10:24:09.104 [main] DEBUG org.hibernate.orm.results.loading - Calling top-level assembler (0 / 1) : org.hibernate.sql.results.graph.entity.internal.EntityAssembler@1916147d
10:24:09.104 [main] DEBUG org.hibernate.orm.results - Extracted JDBC value [0] - [43]
10:24:09.104 [main] DEBUG org.hibernate.orm.results.loading.entity - (EntityResultInitializer) Hydrated EntityKey (org.frcpm.models.Subsystem(959665387051900)): 43
10:24:09.104 [main] DEBUG org.hibernate.orm.results.loading.org.hibernate.orm.results.loading.collection - (DelayedCollectionInitializer) Current row collection key : org.frcpm.models.Subsystem(959665387051900).tasks#43
10:24:09.104 [main] DEBUG org.hibernate.orm.results.loading.entity - (EntityResultInitializer) Created new entity instance [org.frcpm.models.Subsystem(959665387051900)#43] : 160463445
10:24:09.104 [main] DEBUG org.hibernate.orm.results - Extracted JDBC value [3] - [null]
10:24:09.104 [main] DEBUG org.hibernate.orm.results - Extracted JDBC value [1] - [Updated description]
10:24:09.104 [main] DEBUG org.hibernate.orm.results - Extracted JDBC value [2] - [Updated Subsystem Name]
10:24:09.104 [main] DEBUG org.hibernate.orm.results - Extracted JDBC value [4] - [ISSUES]
10:24:09.104 [main] DEBUG org.hibernate.orm.results.loading.entity - (EntityResultInitializer) Done materializing entityInstance : org.frcpm.models.Subsystem(959665387051900)#43
10:24:09.104 [main] DEBUG org.hibernate.orm.results.loading - Calling top-level assembler (0 / 1) : org.hibernate.sql.results.graph.entity.internal.EntityAssembler@1916147d
10:24:09.104 [main] DEBUG org.hibernate.orm.results - Extracted JDBC value [0] - [44]
10:24:09.104 [main] DEBUG org.hibernate.orm.results.loading.entity - (EntityResultInitializer) Hydrated EntityKey (org.frcpm.models.Subsystem(959665387051900)): 44
10:24:09.104 [main] DEBUG org.hibernate.orm.results.loading.org.hibernate.orm.results.loading.collection - (DelayedCollectionInitializer) Current row collection key : org.frcpm.models.Subsystem(959665387051900).tasks#44
10:24:09.104 [main] DEBUG org.hibernate.orm.results.loading.entity - (EntityResultInitializer) Created new entity instance [org.frcpm.models.Subsystem(959665387051900)#44] : 1054234165
10:24:09.104 [main] DEBUG org.hibernate.orm.results - Extracted JDBC value [3] - [null]
10:24:09.104 [main] DEBUG org.hibernate.orm.results - Extracted JDBC value [1] - [null]
10:24:09.104 [main] DEBUG org.hibernate.orm.results - Extracted JDBC value [2] - [Test Task Subsystem]
10:24:09.104 [main] DEBUG org.hibernate.orm.results - Extracted JDBC value [4] - [NOT_STARTED]
10:24:09.104 [main] DEBUG org.hibernate.orm.results.loading.entity - (EntityResultInitializer) Done materializing entityInstance : org.frcpm.models.Subsystem(959665387051900)#44
10:24:09.104 [main] DEBUG org.hibernate.orm.results.loading - Calling top-level assembler (0 / 1) : org.hibernate.sql.results.graph.entity.internal.EntityAssembler@1916147d
10:24:09.105 [main] DEBUG org.hibernate.orm.results - Extracted JDBC value [0] - [45]
10:24:09.105 [main] DEBUG org.hibernate.orm.results.loading.entity - (EntityResultInitializer) Hydrated EntityKey (org.frcpm.models.Subsystem(959665387051900)): 45
10:24:09.105 [main] DEBUG org.hibernate.orm.results.loading.org.hibernate.orm.results.loading.collection - (DelayedCollectionInitializer) Current row collection key : org.frcpm.models.Subsystem(959665387051900).tasks#45
10:24:09.105 [main] DEBUG org.hibernate.orm.results.loading.entity - (EntityResultInitializer) Created new entity instance [org.frcpm.models.Subsystem(959665387051900)#45] : 2030022858
10:24:09.105 [main] DEBUG org.hibernate.orm.results - Extracted JDBC value [3] - [null]
10:24:09.105 [main] DEBUG org.hibernate.orm.results - Extracted JDBC value [1] - [null]
10:24:09.105 [main] DEBUG org.hibernate.orm.results - Extracted JDBC value [2] - [Test Task Subsystem]
10:24:09.105 [main] DEBUG org.hibernate.orm.results - Extracted JDBC value [4] - [NOT_STARTED]
10:24:09.105 [main] DEBUG org.hibernate.orm.results.loading.entity - (EntityResultInitializer) Done materializing entityInstance : org.frcpm.models.Subsystem(959665387051900)#45
10:24:09.105 [main] DEBUG org.hibernate.orm.results.loading - Calling top-level assembler (0 / 1) : org.hibernate.sql.results.graph.entity.internal.EntityAssembler@1916147d
10:24:09.105 [main] DEBUG org.hibernate.orm.results - Extracted JDBC value [0] - [46]
10:24:09.105 [main] DEBUG org.hibernate.orm.results.loading.entity - (EntityResultInitializer) Hydrated EntityKey (org.frcpm.models.Subsystem(959665387051900)): 46
10:24:09.105 [main] DEBUG org.hibernate.orm.results.loading.org.hibernate.orm.results.loading.collection - (DelayedCollectionInitializer) Current row collection key : org.frcpm.models.Subsystem(959665387051900).tasks#46
10:24:09.105 [main] DEBUG org.hibernate.orm.results.loading.entity - (EntityResultInitializer) Created new entity instance [org.frcpm.models.Subsystem(959665387051900)#46] : 2073250454
10:24:09.105 [main] DEBUG org.hibernate.orm.results - Extracted JDBC value [3] - [null]
10:24:09.105 [main] DEBUG org.hibernate.orm.results - Extracted JDBC value [1] - [null]
10:24:09.105 [main] DEBUG org.hibernate.orm.results - Extracted JDBC value [2] - [Test Task Subsystem]
10:24:09.105 [main] DEBUG org.hibernate.orm.results - Extracted JDBC value [4] - [NOT_STARTED]
10:24:09.105 [main] DEBUG org.hibernate.orm.results.loading.entity - (EntityResultInitializer) Done materializing entityInstance : org.frcpm.models.Subsystem(959665387051900)#46
10:24:09.105 [main] DEBUG org.hibernate.orm.results.loading - Calling top-level assembler (0 / 1) : org.hibernate.sql.results.graph.entity.internal.EntityAssembler@1916147d
10:24:09.105 [main] DEBUG org.hibernate.orm.results - Extracted JDBC value [0] - [47]
10:24:09.105 [main] DEBUG org.hibernate.orm.results.loading.entity - (EntityResultInitializer) Hydrated EntityKey (org.frcpm.models.Subsystem(959665387051900)): 47
10:24:09.105 [main] DEBUG org.hibernate.orm.results.loading.org.hibernate.orm.results.loading.collection - (DelayedCollectionInitializer) Current row collection key : org.frcpm.models.Subsystem(959665387051900).tasks#47
10:24:09.105 [main] DEBUG org.hibernate.orm.results.loading.entity - (EntityResultInitializer) Created new entity instance [org.frcpm.models.Subsystem(959665387051900)#47] : 904100768
10:24:09.105 [main] DEBUG org.hibernate.orm.results - Extracted JDBC value [3] - [null]
10:24:09.105 [main] DEBUG org.hibernate.orm.results - Extracted JDBC value [1] - [null]
10:24:09.105 [main] DEBUG org.hibernate.orm.results - Extracted JDBC value [2] - [Test Task Subsystem]
10:24:09.105 [main] DEBUG org.hibernate.orm.results - Extracted JDBC value [4] - [NOT_STARTED]
10:24:09.105 [main] DEBUG org.hibernate.orm.results.loading.entity - (EntityResultInitializer) Done materializing entityInstance : org.frcpm.models.Subsystem(959665387051900)#47
10:24:09.105 [main] DEBUG org.hibernate.orm.results.loading - Calling top-level assembler (0 / 1) : org.hibernate.sql.results.graph.entity.internal.EntityAssembler@1916147d
10:24:09.105 [main] DEBUG org.hibernate.orm.results - Extracted JDBC value [0] - [48]
10:24:09.105 [main] DEBUG org.hibernate.orm.results.loading.entity - (EntityResultInitializer) Hydrated EntityKey (org.frcpm.models.Subsystem(959665387051900)): 48
10:24:09.105 [main] DEBUG org.hibernate.orm.results.loading.org.hibernate.orm.results.loading.collection - (DelayedCollectionInitializer) Current row collection key : org.frcpm.models.Subsystem(959665387051900).tasks#48
10:24:09.105 [main] DEBUG org.hibernate.orm.results.loading.entity - (EntityResultInitializer) Created new entity instance [org.frcpm.models.Subsystem(959665387051900)#48] : 1700890775
10:24:09.105 [main] DEBUG org.hibernate.orm.results - Extracted JDBC value [3] - [null]
10:24:09.105 [main] DEBUG org.hibernate.orm.results - Extracted JDBC value [1] - [null]
10:24:09.105 [main] DEBUG org.hibernate.orm.results - Extracted JDBC value [2] - [Test Task Subsystem]
10:24:09.105 [main] DEBUG org.hibernate.orm.results - Extracted JDBC value [4] - [NOT_STARTED]
10:24:09.105 [main] DEBUG org.hibernate.orm.results.loading.entity - (EntityResultInitializer) Done materializing entityInstance : org.frcpm.models.Subsystem(959665387051900)#48
10:24:09.105 [main] DEBUG org.hibernate.orm.results.loading - Calling top-level assembler (0 / 1) : org.hibernate.sql.results.graph.entity.internal.EntityAssembler@1916147d
10:24:09.105 [main] DEBUG org.hibernate.orm.results - Extracted JDBC value [0] - [49]
10:24:09.105 [main] DEBUG org.hibernate.orm.results.loading.entity - (EntityResultInitializer) Hydrated EntityKey (org.frcpm.models.Subsystem(959665387051900)): 49
10:24:09.105 [main] DEBUG org.hibernate.orm.results.loading.org.hibernate.orm.results.loading.collection - (DelayedCollectionInitializer) Current row collection key : org.frcpm.models.Subsystem(959665387051900).tasks#49
10:24:09.105 [main] DEBUG org.hibernate.orm.results.loading.entity - (EntityResultInitializer) Created new entity instance [org.frcpm.models.Subsystem(959665387051900)#49] : 67453847
10:24:09.105 [main] DEBUG org.hibernate.orm.results - Extracted JDBC value [3] - [null]
10:24:09.105 [main] DEBUG org.hibernate.orm.results - Extracted JDBC value [1] - [null]
10:24:09.105 [main] DEBUG org.hibernate.orm.results - Extracted JDBC value [2] - [Test Task Subsystem]
10:24:09.105 [main] DEBUG org.hibernate.orm.results - Extracted JDBC value [4] - [NOT_STARTED]
10:24:09.105 [main] DEBUG org.hibernate.orm.results.loading.entity - (EntityResultInitializer) Done materializing entityInstance : org.frcpm.models.Subsystem(959665387051900)#49
10:24:09.105 [main] DEBUG org.hibernate.orm.results.loading - Calling top-level assembler (0 / 1) : org.hibernate.sql.results.graph.entity.internal.EntityAssembler@1916147d
10:24:09.105 [main] DEBUG org.hibernate.orm.results - Extracted JDBC value [0] - [50]
10:24:09.105 [main] DEBUG org.hibernate.orm.results.loading.entity - (EntityResultInitializer) Hydrated EntityKey (org.frcpm.models.Subsystem(959665387051900)): 50
10:24:09.105 [main] DEBUG org.hibernate.orm.results.loading.org.hibernate.orm.results.loading.collection - (DelayedCollectionInitializer) Current row collection key : org.frcpm.models.Subsystem(959665387051900).tasks#50
10:24:09.105 [main] DEBUG org.hibernate.orm.results.loading.entity - (EntityResultInitializer) Created new entity instance [org.frcpm.models.Subsystem(959665387051900)#50] : 1411158100
10:24:09.105 [main] DEBUG org.hibernate.orm.results - Extracted JDBC value [3] - [null]
10:24:09.105 [main] DEBUG org.hibernate.orm.results - Extracted JDBC value [1] - [null]
10:24:09.105 [main] DEBUG org.hibernate.orm.results - Extracted JDBC value [2] - [Test Task Subsystem]
10:24:09.105 [main] DEBUG org.hibernate.orm.results - Extracted JDBC value [4] - [NOT_STARTED]
10:24:09.105 [main] DEBUG org.hibernate.orm.results.loading.entity - (EntityResultInitializer) Done materializing entityInstance : org.frcpm.models.Subsystem(959665387051900)#50
10:24:09.105 [main] DEBUG org.hibernate.orm.results.loading - Calling top-level assembler (0 / 1) : org.hibernate.sql.results.graph.entity.internal.EntityAssembler@1916147d
10:24:09.105 [main] DEBUG org.hibernate.orm.results - Extracted JDBC value [0] - [51]
10:24:09.105 [main] DEBUG org.hibernate.orm.results.loading.entity - (EntityResultInitializer) Hydrated EntityKey (org.frcpm.models.Subsystem(959665387051900)): 51
10:24:09.105 [main] DEBUG org.hibernate.orm.results.loading.org.hibernate.orm.results.loading.collection - (DelayedCollectionInitializer) Current row collection key : org.frcpm.models.Subsystem(959665387051900).tasks#51
10:24:09.105 [main] DEBUG org.hibernate.orm.results.loading.entity - (EntityResultInitializer) Created new entity instance [org.frcpm.models.Subsystem(959665387051900)#51] : 2024021140
10:24:09.105 [main] DEBUG org.hibernate.orm.results - Extracted JDBC value [3] - [null]
10:24:09.105 [main] DEBUG org.hibernate.orm.results - Extracted JDBC value [1] - [null]
10:24:09.105 [main] DEBUG org.hibernate.orm.results - Extracted JDBC value [2] - [Test Task Subsystem]
10:24:09.105 [main] DEBUG org.hibernate.orm.results - Extracted JDBC value [4] - [NOT_STARTED]
10:24:09.105 [main] DEBUG org.hibernate.orm.results.loading.entity - (EntityResultInitializer) Done materializing entityInstance : org.frcpm.models.Subsystem(959665387051900)#51
10:24:09.105 [main] DEBUG org.hibernate.orm.results.loading - Calling top-level assembler (0 / 1) : org.hibernate.sql.results.graph.entity.internal.EntityAssembler@1916147d
10:24:09.105 [main] DEBUG org.hibernate.orm.results - Extracted JDBC value [0] - [52]
10:24:09.105 [main] DEBUG org.hibernate.orm.results.loading.entity - (EntityResultInitializer) Hydrated EntityKey (org.frcpm.models.Subsystem(959665387051900)): 52
10:24:09.105 [main] DEBUG org.hibernate.orm.results.loading.org.hibernate.orm.results.loading.collection - (DelayedCollectionInitializer) Current row collection key : org.frcpm.models.Subsystem(959665387051900).tasks#52
10:24:09.105 [main] DEBUG org.hibernate.orm.results.loading.entity - (EntityResultInitializer) Created new entity instance [org.frcpm.models.Subsystem(959665387051900)#52] : 1911631180
10:24:09.105 [main] DEBUG org.hibernate.orm.results - Extracted JDBC value [3] - [null]
10:24:09.105 [main] DEBUG org.hibernate.orm.results - Extracted JDBC value [1] - [null]
10:24:09.105 [main] DEBUG org.hibernate.orm.results - Extracted JDBC value [2] - [Test Task Subsystem]
10:24:09.105 [main] DEBUG org.hibernate.orm.results - Extracted JDBC value [4] - [NOT_STARTED]
10:24:09.105 [main] DEBUG org.hibernate.orm.results.loading.entity - (EntityResultInitializer) Done materializing entityInstance : org.frcpm.models.Subsystem(959665387051900)#52
10:24:09.105 [main] DEBUG org.hibernate.orm.results.loading - Calling top-level assembler (0 / 1) : org.hibernate.sql.results.graph.entity.internal.EntityAssembler@1916147d
10:24:09.105 [main] DEBUG org.hibernate.orm.results - Extracted JDBC value [0] - [53]
10:24:09.105 [main] DEBUG org.hibernate.orm.results.loading.entity - (EntityResultInitializer) Hydrated EntityKey (org.frcpm.models.Subsystem(959665387051900)): 53
10:24:09.105 [main] DEBUG org.hibernate.orm.results.loading.org.hibernate.orm.results.loading.collection - (DelayedCollectionInitializer) Current row collection key : org.frcpm.models.Subsystem(959665387051900).tasks#53
10:24:09.105 [main] DEBUG org.hibernate.orm.results.loading.entity - (EntityResultInitializer) Created new entity instance [org.frcpm.models.Subsystem(959665387051900)#53] : 1620237893
10:24:09.105 [main] DEBUG org.hibernate.orm.results - Extracted JDBC value [3] - [null]
10:24:09.105 [main] DEBUG org.hibernate.orm.results - Extracted JDBC value [1] - [null]
10:24:09.105 [main] DEBUG org.hibernate.orm.results - Extracted JDBC value [2] - [Test Task Subsystem]
10:24:09.105 [main] DEBUG org.hibernate.orm.results - Extracted JDBC value [4] - [NOT_STARTED]
10:24:09.105 [main] DEBUG org.hibernate.orm.results.loading.entity - (EntityResultInitializer) Done materializing entityInstance : org.frcpm.models.Subsystem(959665387051900)#53
10:24:09.105 [main] DEBUG org.hibernate.orm.results.loading - Calling top-level assembler (0 / 1) : org.hibernate.sql.results.graph.entity.internal.EntityAssembler@1916147d
10:24:09.105 [main] DEBUG org.hibernate.orm.results - Extracted JDBC value [0] - [54]
10:24:09.105 [main] DEBUG org.hibernate.orm.results.loading.entity - (EntityResultInitializer) Hydrated EntityKey (org.frcpm.models.Subsystem(959665387051900)): 54
10:24:09.105 [main] DEBUG org.hibernate.orm.results.loading.org.hibernate.orm.results.loading.collection - (DelayedCollectionInitializer) Current row collection key : org.frcpm.models.Subsystem(959665387051900).tasks#54
10:24:09.105 [main] DEBUG org.hibernate.orm.results.loading.entity - (EntityResultInitializer) Created new entity instance [org.frcpm.models.Subsystem(959665387051900)#54] : 625708003
10:24:09.105 [main] DEBUG org.hibernate.orm.results - Extracted JDBC value [3] - [null]
10:24:09.105 [main] DEBUG org.hibernate.orm.results - Extracted JDBC value [1] - [null]
10:24:09.105 [main] DEBUG org.hibernate.orm.results - Extracted JDBC value [2] - [Test Task Subsystem]
10:24:09.105 [main] DEBUG org.hibernate.orm.results - Extracted JDBC value [4] - [NOT_STARTED]
10:24:09.105 [main] DEBUG org.hibernate.orm.results.loading.entity - (EntityResultInitializer) Done materializing entityInstance : org.frcpm.models.Subsystem(959665387051900)#54
10:24:09.105 [main] DEBUG org.hibernate.orm.results.loading - Calling top-level assembler (0 / 1) : org.hibernate.sql.results.graph.entity.internal.EntityAssembler@1916147d
10:24:09.105 [main] DEBUG org.hibernate.orm.results - Extracted JDBC value [0] - [55]
10:24:09.105 [main] DEBUG org.hibernate.orm.results.loading.entity - (EntityResultInitializer) Hydrated EntityKey (org.frcpm.models.Subsystem(959665387051900)): 55
10:24:09.105 [main] DEBUG org.hibernate.orm.results.loading.org.hibernate.orm.results.loading.collection - (DelayedCollectionInitializer) Current row collection key : org.frcpm.models.Subsystem(959665387051900).tasks#55
10:24:09.105 [main] DEBUG org.hibernate.orm.results.loading.entity - (EntityResultInitializer) Created new entity instance [org.frcpm.models.Subsystem(959665387051900)#55] : 982906048
10:24:09.105 [main] DEBUG org.hibernate.orm.results - Extracted JDBC value [3] - [null]
10:24:09.105 [main] DEBUG org.hibernate.orm.results - Extracted JDBC value [1] - [null]
10:24:09.105 [main] DEBUG org.hibernate.orm.results - Extracted JDBC value [2] - [Test Task Subsystem]
10:24:09.105 [main] DEBUG org.hibernate.orm.results - Extracted JDBC value [4] - [NOT_STARTED]
10:24:09.105 [main] DEBUG org.hibernate.orm.results.loading.entity - (EntityResultInitializer) Done materializing entityInstance : org.frcpm.models.Subsystem(959665387051900)#55
10:24:09.105 [main] DEBUG org.hibernate.orm.results.loading - Calling top-level assembler (0 / 1) : org.hibernate.sql.results.graph.entity.internal.EntityAssembler@1916147d
10:24:09.105 [main] DEBUG org.hibernate.orm.results - Extracted JDBC value [0] - [56]
10:24:09.105 [main] DEBUG org.hibernate.orm.results.loading.entity - (EntityResultInitializer) Hydrated EntityKey (org.frcpm.models.Subsystem(959665387051900)): 56
10:24:09.105 [main] DEBUG org.hibernate.orm.results.loading.org.hibernate.orm.results.loading.collection - (DelayedCollectionInitializer) Current row collection key : org.frcpm.models.Subsystem(959665387051900).tasks#56
10:24:09.105 [main] DEBUG org.hibernate.orm.results.loading.entity - (EntityResultInitializer) Created new entity instance [org.frcpm.models.Subsystem(959665387051900)#56] : 1560118505
10:24:09.105 [main] DEBUG org.hibernate.orm.results - Extracted JDBC value [3] - [null]
10:24:09.105 [main] DEBUG org.hibernate.orm.results - Extracted JDBC value [1] - [null]
10:24:09.105 [main] DEBUG org.hibernate.orm.results - Extracted JDBC value [2] - [Test Task Subsystem]
10:24:09.105 [main] DEBUG org.hibernate.orm.results - Extracted JDBC value [4] - [NOT_STARTED]
10:24:09.105 [main] DEBUG org.hibernate.orm.results.loading.entity - (EntityResultInitializer) Done materializing entityInstance : org.frcpm.models.Subsystem(959665387051900)#56
10:24:09.105 [main] DEBUG org.hibernate.orm.results.loading - Calling top-level assembler (0 / 1) : org.hibernate.sql.results.graph.entity.internal.EntityAssembler@1916147d
10:24:09.105 [main] DEBUG org.hibernate.orm.results - Extracted JDBC value [0] - [66]
10:24:09.105 [main] DEBUG org.hibernate.orm.results.loading.entity - (EntityResultInitializer) Hydrated EntityKey (org.frcpm.models.Subsystem(959665387051900)): 66
10:24:09.105 [main] DEBUG org.hibernate.orm.results.loading.org.hibernate.orm.results.loading.collection - (DelayedCollectionInitializer) Current row collection key : org.frcpm.models.Subsystem(959665387051900).tasks#66
10:24:09.105 [main] DEBUG org.hibernate.orm.results.loading.entity - (EntityResultInitializer) Created new entity instance [org.frcpm.models.Subsystem(959665387051900)#66] : 508585644
10:24:09.105 [main] DEBUG org.hibernate.orm.results - Extracted JDBC value [3] - [null]
10:24:09.105 [main] DEBUG org.hibernate.orm.results - Extracted JDBC value [1] - [Test subsystem for component tests]
10:24:09.105 [main] DEBUG org.hibernate.orm.results - Extracted JDBC value [2] - [Component Test Subsystem]
10:24:09.105 [main] DEBUG org.hibernate.orm.results - Extracted JDBC value [4] - [NOT_STARTED]
10:24:09.105 [main] DEBUG org.hibernate.orm.results.loading.entity - (EntityResultInitializer) Done materializing entityInstance : org.frcpm.models.Subsystem(959665387051900)#66
10:24:09.105 [main] DEBUG org.hibernate.orm.results.loading - Calling top-level assembler (0 / 1) : org.hibernate.sql.results.graph.entity.internal.EntityAssembler@1916147d
10:24:09.105 [main] DEBUG org.hibernate.resource.jdbc.internal.LogicalConnectionManagedImpl - Initiating JDBC connection release from afterTransaction
10:24:09.105 [main] DEBUG org.hibernate.resource.jdbc.internal.LogicalConnectionManagedImpl - Initiating JDBC connection release from afterTransaction
]]></system-out>
  </testcase>
  <testcase name="testHandleAddSubsystem" classname="org.frcpm.controllers.SubsystemManagementControllerTest" time="0.067">
    <system-out><![CDATA[10:24:09.114 [main] DEBUG org.hibernate.orm.sql.ast.create - Created new SQL alias : s1_0
10:24:09.114 [main] DEBUG org.hibernate.orm.sql.ast.create - Registration of TableGroup [StandardTableGroup(org.frcpm.models.Subsystem(959665400112400))] with identifierForTableGroup [org.frcpm.models.Subsystem] for NavigablePath [org.frcpm.models.Subsystem] 
10:24:09.114 [main] DEBUG org.hibernate.orm.sql.ast.create - Registration of TableGroup [org.hibernate.sql.ast.tree.from.LazyTableGroup@d0bb60] with identifierForTableGroup [org.frcpm.models.Subsystem.responsibleSubteam] for NavigablePath [org.frcpm.models.Subsystem.responsibleSubteam] 
10:24:09.114 [main] DEBUG org.hibernate.orm.results.graph.AST - DomainResult Graph:
 \-EntityResultImpl [org.frcpm.models.Subsystem(959665400112400)]
 |  +-BasicFetch [org.frcpm.models.Subsystem(959665400112400).description]
 |  +-BasicFetch [org.frcpm.models.Subsystem(959665400112400).name]
 |  +-CircularFetchImpl [org.frcpm.models.Subsystem(959665400112400).responsibleSubteam]
 |  +-BasicFetch [org.frcpm.models.Subsystem(959665400112400).status]
 |  \-DelayedCollectionFetch [org.frcpm.models.Subsystem(959665400112400).tasks]

10:24:09.114 [main] DEBUG org.hibernate.orm.sql.ast.tree - SQL AST Tree:
    SelectStatement {
      FromClause {
        StandardTableGroup (s1 : org.frcpm.models.Subsystem(959665400112400)) {
          primaryTableReference : subsystems as s1_0
          TableGroupJoins {
            left  join LazyTableGroup (rs1 : org.frcpm.models.Subsystem(959665400112400).responsibleSubteam) {
            }
          }
        }
      }
    }

10:24:09.115 [main] DEBUG org.hibernate.orm.sql.exec - Skipping reading Query result cache data: cache-enabled = false, cache-mode = NORMAL
10:24:09.115 [main] DEBUG org.hibernate.orm.results - Initializer list:
	  org.frcpm.models.Subsystem(959665400112400).tasks -> DelayedCollectionInitializer(org.frcpm.models.Subsystem(959665400112400).tasks)@15352402 (PluralAttribute(org.frcpm.models.Subsystem.tasks))
	  org.frcpm.models.Subsystem(959665400112400).responsibleSubteam -> EntityDelayedFetchInitializer(org.frcpm.models.Subsystem(959665400112400).responsibleSubteam)@76929531 (ToOneAttributeMapping(NavigableRole[org.frcpm.models.Subsystem.responsibleSubteam])@135084207)
	  org.frcpm.models.Subsystem(959665400112400) -> EntityResultInitializer(org.frcpm.models.Subsystem(959665400112400))@116608902 (SingleTableEntityPersister(org.frcpm.models.Subsystem))

10:24:09.115 [main] DEBUG org.hibernate.SQL - select s1_0.id,s1_0.description,s1_0.name,s1_0.responsible_subteam_id,s1_0.status from subsystems s1_0
10:24:09.115 [main] DEBUG org.hibernate.orm.results - Extracted JDBC value [0] - [1]
10:24:09.115 [main] DEBUG org.hibernate.orm.results.loading.entity - (EntityResultInitializer) Hydrated EntityKey (org.frcpm.models.Subsystem(959665400112400)): 1
10:24:09.115 [main] DEBUG org.hibernate.orm.results.loading.org.hibernate.orm.results.loading.collection - (DelayedCollectionInitializer) Current row collection key : org.frcpm.models.Subsystem(959665400112400).tasks#1
10:24:09.115 [main] DEBUG org.hibernate.orm.results.loading.entity - (EntityResultInitializer) Created new entity instance [org.frcpm.models.Subsystem(959665400112400)#1] : 2066191532
10:24:09.115 [main] DEBUG org.hibernate.orm.results - Extracted JDBC value [3] - [1]
10:24:09.116 [main] DEBUG org.hibernate.orm.results - Extracted JDBC value [1] - [Robot movement and navigation system]
10:24:09.116 [main] DEBUG org.hibernate.orm.results - Extracted JDBC value [2] - [Drivetrain]
10:24:09.116 [main] DEBUG org.hibernate.orm.results - Extracted JDBC value [4] - [IN_PROGRESS]
10:24:09.116 [main] DEBUG org.hibernate.orm.results.loading.entity - (EntityResultInitializer) Done materializing entityInstance : org.frcpm.models.Subsystem(959665400112400)#1
10:24:09.116 [main] DEBUG org.hibernate.orm.results.loading - Calling top-level assembler (0 / 1) : org.hibernate.sql.results.graph.entity.internal.EntityAssembler@b5911b3
10:24:09.116 [main] DEBUG org.hibernate.orm.results - Extracted JDBC value [0] - [2]
10:24:09.116 [main] DEBUG org.hibernate.orm.results.loading.entity - (EntityResultInitializer) Hydrated EntityKey (org.frcpm.models.Subsystem(959665400112400)): 2
10:24:09.116 [main] DEBUG org.hibernate.orm.results.loading.org.hibernate.orm.results.loading.collection - (DelayedCollectionInitializer) Current row collection key : org.frcpm.models.Subsystem(959665400112400).tasks#2
10:24:09.116 [main] DEBUG org.hibernate.orm.results.loading.entity - (EntityResultInitializer) Created new entity instance [org.frcpm.models.Subsystem(959665400112400)#2] : 1691011473
10:24:09.116 [main] DEBUG org.hibernate.orm.results - Extracted JDBC value [3] - [1]
10:24:09.116 [main] DEBUG org.hibernate.orm.results - Extracted JDBC value [1] - [Mechanism for collecting game pieces]
10:24:09.116 [main] DEBUG org.hibernate.orm.results - Extracted JDBC value [2] - [Intake]
10:24:09.116 [main] DEBUG org.hibernate.orm.results - Extracted JDBC value [4] - [NOT_STARTED]
10:24:09.116 [main] DEBUG org.hibernate.orm.results.loading.entity - (EntityResultInitializer) Done materializing entityInstance : org.frcpm.models.Subsystem(959665400112400)#2
10:24:09.116 [main] DEBUG org.hibernate.orm.results.loading - Calling top-level assembler (0 / 1) : org.hibernate.sql.results.graph.entity.internal.EntityAssembler@b5911b3
10:24:09.116 [main] DEBUG org.hibernate.orm.results - Extracted JDBC value [0] - [3]
10:24:09.116 [main] DEBUG org.hibernate.orm.results.loading.entity - (EntityResultInitializer) Hydrated EntityKey (org.frcpm.models.Subsystem(959665400112400)): 3
10:24:09.116 [main] DEBUG org.hibernate.orm.results.loading.org.hibernate.orm.results.loading.collection - (DelayedCollectionInitializer) Current row collection key : org.frcpm.models.Subsystem(959665400112400).tasks#3
10:24:09.116 [main] DEBUG org.hibernate.orm.results.loading.entity - (EntityResultInitializer) Created new entity instance [org.frcpm.models.Subsystem(959665400112400)#3] : 1738947043
10:24:09.116 [main] DEBUG org.hibernate.orm.results - Extracted JDBC value [3] - [1]
10:24:09.116 [main] DEBUG org.hibernate.orm.results - Extracted JDBC value [1] - [Mechanism for scoring game pieces]
10:24:09.116 [main] DEBUG org.hibernate.orm.results - Extracted JDBC value [2] - [Shooter]
10:24:09.116 [main] DEBUG org.hibernate.orm.results - Extracted JDBC value [4] - [NOT_STARTED]
10:24:09.116 [main] DEBUG org.hibernate.orm.results.loading.entity - (EntityResultInitializer) Done materializing entityInstance : org.frcpm.models.Subsystem(959665400112400)#3
10:24:09.116 [main] DEBUG org.hibernate.orm.results.loading - Calling top-level assembler (0 / 1) : org.hibernate.sql.results.graph.entity.internal.EntityAssembler@b5911b3
10:24:09.116 [main] DEBUG org.hibernate.orm.results - Extracted JDBC value [0] - [4]
10:24:09.116 [main] DEBUG org.hibernate.orm.results.loading.entity - (EntityResultInitializer) Hydrated EntityKey (org.frcpm.models.Subsystem(959665400112400)): 4
10:24:09.116 [main] DEBUG org.hibernate.orm.results.loading.org.hibernate.orm.results.loading.collection - (DelayedCollectionInitializer) Current row collection key : org.frcpm.models.Subsystem(959665400112400).tasks#4
10:24:09.116 [main] DEBUG org.hibernate.orm.results.loading.entity - (EntityResultInitializer) Created new entity instance [org.frcpm.models.Subsystem(959665400112400)#4] : 369470331
10:24:09.116 [main] DEBUG org.hibernate.orm.results - Extracted JDBC value [3] - [3]
10:24:09.116 [main] DEBUG org.hibernate.orm.results - Extracted JDBC value [1] - [Camera and processing system for targeting]
10:24:09.116 [main] DEBUG org.hibernate.orm.results - Extracted JDBC value [2] - [Vision]
10:24:09.116 [main] DEBUG org.hibernate.orm.results - Extracted JDBC value [4] - [NOT_STARTED]
10:24:09.116 [main] DEBUG org.hibernate.orm.results.loading.entity - (EntityResultInitializer) Done materializing entityInstance : org.frcpm.models.Subsystem(959665400112400)#4
10:24:09.116 [main] DEBUG org.hibernate.orm.results.loading - Calling top-level assembler (0 / 1) : org.hibernate.sql.results.graph.entity.internal.EntityAssembler@b5911b3
10:24:09.116 [main] DEBUG org.hibernate.orm.results - Extracted JDBC value [0] - [5]
10:24:09.116 [main] DEBUG org.hibernate.orm.results.loading.entity - (EntityResultInitializer) Hydrated EntityKey (org.frcpm.models.Subsystem(959665400112400)): 5
10:24:09.116 [main] DEBUG org.hibernate.orm.results.loading.org.hibernate.orm.results.loading.collection - (DelayedCollectionInitializer) Current row collection key : org.frcpm.models.Subsystem(959665400112400).tasks#5
10:24:09.116 [main] DEBUG org.hibernate.orm.results.loading.entity - (EntityResultInitializer) Created new entity instance [org.frcpm.models.Subsystem(959665400112400)#5] : 519134739
10:24:09.116 [main] DEBUG org.hibernate.orm.results - Extracted JDBC value [3] - [2]
10:24:09.116 [main] DEBUG org.hibernate.orm.results - Extracted JDBC value [1] - [Wiring, electronics, and sensors]
10:24:09.116 [main] DEBUG org.hibernate.orm.results - Extracted JDBC value [2] - [Controls]
10:24:09.116 [main] DEBUG org.hibernate.orm.results - Extracted JDBC value [4] - [NOT_STARTED]
10:24:09.116 [main] DEBUG org.hibernate.orm.results.loading.entity - (EntityResultInitializer) Done materializing entityInstance : org.frcpm.models.Subsystem(959665400112400)#5
10:24:09.116 [main] DEBUG org.hibernate.orm.results.loading - Calling top-level assembler (0 / 1) : org.hibernate.sql.results.graph.entity.internal.EntityAssembler@b5911b3
10:24:09.116 [main] DEBUG org.hibernate.orm.results - Extracted JDBC value [0] - [18]
10:24:09.116 [main] DEBUG org.hibernate.orm.results.loading.entity - (EntityResultInitializer) Hydrated EntityKey (org.frcpm.models.Subsystem(959665400112400)): 18
10:24:09.116 [main] DEBUG org.hibernate.orm.results.loading.org.hibernate.orm.results.loading.collection - (DelayedCollectionInitializer) Current row collection key : org.frcpm.models.Subsystem(959665400112400).tasks#18
10:24:09.116 [main] DEBUG org.hibernate.orm.results.loading.entity - (EntityResultInitializer) Created new entity instance [org.frcpm.models.Subsystem(959665400112400)#18] : 181081805
10:24:09.116 [main] DEBUG org.hibernate.orm.results - Extracted JDBC value [3] - [null]
10:24:09.116 [main] DEBUG org.hibernate.orm.results - Extracted JDBC value [1] - [null]
10:24:09.116 [main] DEBUG org.hibernate.orm.results - Extracted JDBC value [2] - [Test Count Subsystem]
10:24:09.116 [main] DEBUG org.hibernate.orm.results - Extracted JDBC value [4] - [NOT_STARTED]
10:24:09.116 [main] DEBUG org.hibernate.orm.results.loading.entity - (EntityResultInitializer) Done materializing entityInstance : org.frcpm.models.Subsystem(959665400112400)#18
10:24:09.116 [main] DEBUG org.hibernate.orm.results.loading - Calling top-level assembler (0 / 1) : org.hibernate.sql.results.graph.entity.internal.EntityAssembler@b5911b3
10:24:09.116 [main] DEBUG org.hibernate.orm.results - Extracted JDBC value [0] - [22]
10:24:09.116 [main] DEBUG org.hibernate.orm.results.loading.entity - (EntityResultInitializer) Hydrated EntityKey (org.frcpm.models.Subsystem(959665400112400)): 22
10:24:09.116 [main] DEBUG org.hibernate.orm.results.loading.org.hibernate.orm.results.loading.collection - (DelayedCollectionInitializer) Current row collection key : org.frcpm.models.Subsystem(959665400112400).tasks#22
10:24:09.116 [main] DEBUG org.hibernate.orm.results.loading.entity - (EntityResultInitializer) Created new entity instance [org.frcpm.models.Subsystem(959665400112400)#22] : 651573662
10:24:09.116 [main] DEBUG org.hibernate.orm.results - Extracted JDBC value [3] - [null]
10:24:09.116 [main] DEBUG org.hibernate.orm.results - Extracted JDBC value [1] - [Save subsystem description]
10:24:09.116 [main] DEBUG org.hibernate.orm.results - Extracted JDBC value [2] - [Test Save Subsystem]
10:24:09.116 [main] DEBUG org.hibernate.orm.results - Extracted JDBC value [4] - [TESTING]
10:24:09.116 [main] DEBUG org.hibernate.orm.results.loading.entity - (EntityResultInitializer) Done materializing entityInstance : org.frcpm.models.Subsystem(959665400112400)#22
10:24:09.116 [main] DEBUG org.hibernate.orm.results.loading - Calling top-level assembler (0 / 1) : org.hibernate.sql.results.graph.entity.internal.EntityAssembler@b5911b3
10:24:09.116 [main] DEBUG org.hibernate.orm.results - Extracted JDBC value [0] - [43]
10:24:09.116 [main] DEBUG org.hibernate.orm.results.loading.entity - (EntityResultInitializer) Hydrated EntityKey (org.frcpm.models.Subsystem(959665400112400)): 43
10:24:09.116 [main] DEBUG org.hibernate.orm.results.loading.org.hibernate.orm.results.loading.collection - (DelayedCollectionInitializer) Current row collection key : org.frcpm.models.Subsystem(959665400112400).tasks#43
10:24:09.116 [main] DEBUG org.hibernate.orm.results.loading.entity - (EntityResultInitializer) Created new entity instance [org.frcpm.models.Subsystem(959665400112400)#43] : 888721120
10:24:09.116 [main] DEBUG org.hibernate.orm.results - Extracted JDBC value [3] - [null]
10:24:09.116 [main] DEBUG org.hibernate.orm.results - Extracted JDBC value [1] - [Updated description]
10:24:09.116 [main] DEBUG org.hibernate.orm.results - Extracted JDBC value [2] - [Updated Subsystem Name]
10:24:09.116 [main] DEBUG org.hibernate.orm.results - Extracted JDBC value [4] - [ISSUES]
10:24:09.116 [main] DEBUG org.hibernate.orm.results.loading.entity - (EntityResultInitializer) Done materializing entityInstance : org.frcpm.models.Subsystem(959665400112400)#43
10:24:09.116 [main] DEBUG org.hibernate.orm.results.loading - Calling top-level assembler (0 / 1) : org.hibernate.sql.results.graph.entity.internal.EntityAssembler@b5911b3
10:24:09.116 [main] DEBUG org.hibernate.orm.results - Extracted JDBC value [0] - [44]
10:24:09.116 [main] DEBUG org.hibernate.orm.results.loading.entity - (EntityResultInitializer) Hydrated EntityKey (org.frcpm.models.Subsystem(959665400112400)): 44
10:24:09.116 [main] DEBUG org.hibernate.orm.results.loading.org.hibernate.orm.results.loading.collection - (DelayedCollectionInitializer) Current row collection key : org.frcpm.models.Subsystem(959665400112400).tasks#44
10:24:09.116 [main] DEBUG org.hibernate.orm.results.loading.entity - (EntityResultInitializer) Created new entity instance [org.frcpm.models.Subsystem(959665400112400)#44] : 240876385
10:24:09.116 [main] DEBUG org.hibernate.orm.results - Extracted JDBC value [3] - [null]
10:24:09.116 [main] DEBUG org.hibernate.orm.results - Extracted JDBC value [1] - [null]
10:24:09.116 [main] DEBUG org.hibernate.orm.results - Extracted JDBC value [2] - [Test Task Subsystem]
10:24:09.116 [main] DEBUG org.hibernate.orm.results - Extracted JDBC value [4] - [NOT_STARTED]
10:24:09.116 [main] DEBUG org.hibernate.orm.results.loading.entity - (EntityResultInitializer) Done materializing entityInstance : org.frcpm.models.Subsystem(959665400112400)#44
10:24:09.116 [main] DEBUG org.hibernate.orm.results.loading - Calling top-level assembler (0 / 1) : org.hibernate.sql.results.graph.entity.internal.EntityAssembler@b5911b3
10:24:09.117 [main] DEBUG org.hibernate.orm.results - Extracted JDBC value [0] - [45]
10:24:09.117 [main] DEBUG org.hibernate.orm.results.loading.entity - (EntityResultInitializer) Hydrated EntityKey (org.frcpm.models.Subsystem(959665400112400)): 45
10:24:09.117 [main] DEBUG org.hibernate.orm.results.loading.org.hibernate.orm.results.loading.collection - (DelayedCollectionInitializer) Current row collection key : org.frcpm.models.Subsystem(959665400112400).tasks#45
10:24:09.117 [main] DEBUG org.hibernate.orm.results.loading.entity - (EntityResultInitializer) Created new entity instance [org.frcpm.models.Subsystem(959665400112400)#45] : 606434255
10:24:09.117 [main] DEBUG org.hibernate.orm.results - Extracted JDBC value [3] - [null]
10:24:09.117 [main] DEBUG org.hibernate.orm.results - Extracted JDBC value [1] - [null]
10:24:09.117 [main] DEBUG org.hibernate.orm.results - Extracted JDBC value [2] - [Test Task Subsystem]
10:24:09.117 [main] DEBUG org.hibernate.orm.results - Extracted JDBC value [4] - [NOT_STARTED]
10:24:09.117 [main] DEBUG org.hibernate.orm.results.loading.entity - (EntityResultInitializer) Done materializing entityInstance : org.frcpm.models.Subsystem(959665400112400)#45
10:24:09.117 [main] DEBUG org.hibernate.orm.results.loading - Calling top-level assembler (0 / 1) : org.hibernate.sql.results.graph.entity.internal.EntityAssembler@b5911b3
10:24:09.117 [main] DEBUG org.hibernate.orm.results - Extracted JDBC value [0] - [46]
10:24:09.117 [main] DEBUG org.hibernate.orm.results.loading.entity - (EntityResultInitializer) Hydrated EntityKey (org.frcpm.models.Subsystem(959665400112400)): 46
10:24:09.117 [main] DEBUG org.hibernate.orm.results.loading.org.hibernate.orm.results.loading.collection - (DelayedCollectionInitializer) Current row collection key : org.frcpm.models.Subsystem(959665400112400).tasks#46
10:24:09.117 [main] DEBUG org.hibernate.orm.results.loading.entity - (EntityResultInitializer) Created new entity instance [org.frcpm.models.Subsystem(959665400112400)#46] : 1565675662
10:24:09.117 [main] DEBUG org.hibernate.orm.results - Extracted JDBC value [3] - [null]
10:24:09.117 [main] DEBUG org.hibernate.orm.results - Extracted JDBC value [1] - [null]
10:24:09.117 [main] DEBUG org.hibernate.orm.results - Extracted JDBC value [2] - [Test Task Subsystem]
10:24:09.117 [main] DEBUG org.hibernate.orm.results - Extracted JDBC value [4] - [NOT_STARTED]
10:24:09.117 [main] DEBUG org.hibernate.orm.results.loading.entity - (EntityResultInitializer) Done materializing entityInstance : org.frcpm.models.Subsystem(959665400112400)#46
10:24:09.117 [main] DEBUG org.hibernate.orm.results.loading - Calling top-level assembler (0 / 1) : org.hibernate.sql.results.graph.entity.internal.EntityAssembler@b5911b3
10:24:09.117 [main] DEBUG org.hibernate.orm.results - Extracted JDBC value [0] - [47]
10:24:09.117 [main] DEBUG org.hibernate.orm.results.loading.entity - (EntityResultInitializer) Hydrated EntityKey (org.frcpm.models.Subsystem(959665400112400)): 47
10:24:09.117 [main] DEBUG org.hibernate.orm.results.loading.org.hibernate.orm.results.loading.collection - (DelayedCollectionInitializer) Current row collection key : org.frcpm.models.Subsystem(959665400112400).tasks#47
10:24:09.117 [main] DEBUG org.hibernate.orm.results.loading.entity - (EntityResultInitializer) Created new entity instance [org.frcpm.models.Subsystem(959665400112400)#47] : 1172865913
10:24:09.117 [main] DEBUG org.hibernate.orm.results - Extracted JDBC value [3] - [null]
10:24:09.117 [main] DEBUG org.hibernate.orm.results - Extracted JDBC value [1] - [null]
10:24:09.117 [main] DEBUG org.hibernate.orm.results - Extracted JDBC value [2] - [Test Task Subsystem]
10:24:09.117 [main] DEBUG org.hibernate.orm.results - Extracted JDBC value [4] - [NOT_STARTED]
10:24:09.117 [main] DEBUG org.hibernate.orm.results.loading.entity - (EntityResultInitializer) Done materializing entityInstance : org.frcpm.models.Subsystem(959665400112400)#47
10:24:09.117 [main] DEBUG org.hibernate.orm.results.loading - Calling top-level assembler (0 / 1) : org.hibernate.sql.results.graph.entity.internal.EntityAssembler@b5911b3
10:24:09.117 [main] DEBUG org.hibernate.orm.results - Extracted JDBC value [0] - [48]
10:24:09.117 [main] DEBUG org.hibernate.orm.results.loading.entity - (EntityResultInitializer) Hydrated EntityKey (org.frcpm.models.Subsystem(959665400112400)): 48
10:24:09.117 [main] DEBUG org.hibernate.orm.results.loading.org.hibernate.orm.results.loading.collection - (DelayedCollectionInitializer) Current row collection key : org.frcpm.models.Subsystem(959665400112400).tasks#48
10:24:09.117 [main] DEBUG org.hibernate.orm.results.loading.entity - (EntityResultInitializer) Created new entity instance [org.frcpm.models.Subsystem(959665400112400)#48] : 1071096509
10:24:09.117 [main] DEBUG org.hibernate.orm.results - Extracted JDBC value [3] - [null]
10:24:09.117 [main] DEBUG org.hibernate.orm.results - Extracted JDBC value [1] - [null]
10:24:09.117 [main] DEBUG org.hibernate.orm.results - Extracted JDBC value [2] - [Test Task Subsystem]
10:24:09.117 [main] DEBUG org.hibernate.orm.results - Extracted JDBC value [4] - [NOT_STARTED]
10:24:09.117 [main] DEBUG org.hibernate.orm.results.loading.entity - (EntityResultInitializer) Done materializing entityInstance : org.frcpm.models.Subsystem(959665400112400)#48
10:24:09.117 [main] DEBUG org.hibernate.orm.results.loading - Calling top-level assembler (0 / 1) : org.hibernate.sql.results.graph.entity.internal.EntityAssembler@b5911b3
10:24:09.118 [main] DEBUG org.hibernate.orm.results - Extracted JDBC value [0] - [49]
10:24:09.118 [main] DEBUG org.hibernate.orm.results.loading.entity - (EntityResultInitializer) Hydrated EntityKey (org.frcpm.models.Subsystem(959665400112400)): 49
10:24:09.118 [main] DEBUG org.hibernate.orm.results.loading.org.hibernate.orm.results.loading.collection - (DelayedCollectionInitializer) Current row collection key : org.frcpm.models.Subsystem(959665400112400).tasks#49
10:24:09.118 [main] DEBUG org.hibernate.orm.results.loading.entity - (EntityResultInitializer) Created new entity instance [org.frcpm.models.Subsystem(959665400112400)#49] : 352652823
10:24:09.118 [main] DEBUG org.hibernate.orm.results - Extracted JDBC value [3] - [null]
10:24:09.118 [main] DEBUG org.hibernate.orm.results - Extracted JDBC value [1] - [null]
10:24:09.118 [main] DEBUG org.hibernate.orm.results - Extracted JDBC value [2] - [Test Task Subsystem]
10:24:09.118 [main] DEBUG org.hibernate.orm.results - Extracted JDBC value [4] - [NOT_STARTED]
10:24:09.118 [main] DEBUG org.hibernate.orm.results.loading.entity - (EntityResultInitializer) Done materializing entityInstance : org.frcpm.models.Subsystem(959665400112400)#49
10:24:09.118 [main] DEBUG org.hibernate.orm.results.loading - Calling top-level assembler (0 / 1) : org.hibernate.sql.results.graph.entity.internal.EntityAssembler@b5911b3
10:24:09.118 [main] DEBUG org.hibernate.orm.results - Extracted JDBC value [0] - [50]
10:24:09.118 [main] DEBUG org.hibernate.orm.results.loading.entity - (EntityResultInitializer) Hydrated EntityKey (org.frcpm.models.Subsystem(959665400112400)): 50
10:24:09.118 [main] DEBUG org.hibernate.orm.results.loading.org.hibernate.orm.results.loading.collection - (DelayedCollectionInitializer) Current row collection key : org.frcpm.models.Subsystem(959665400112400).tasks#50
10:24:09.118 [main] DEBUG org.hibernate.orm.results.loading.entity - (EntityResultInitializer) Created new entity instance [org.frcpm.models.Subsystem(959665400112400)#50] : 366580387
10:24:09.118 [main] DEBUG org.hibernate.orm.results - Extracted JDBC value [3] - [null]
10:24:09.118 [main] DEBUG org.hibernate.orm.results - Extracted JDBC value [1] - [null]
10:24:09.118 [main] DEBUG org.hibernate.orm.results - Extracted JDBC value [2] - [Test Task Subsystem]
10:24:09.118 [main] DEBUG org.hibernate.orm.results - Extracted JDBC value [4] - [NOT_STARTED]
10:24:09.118 [main] DEBUG org.hibernate.orm.results.loading.entity - (EntityResultInitializer) Done materializing entityInstance : org.frcpm.models.Subsystem(959665400112400)#50
10:24:09.118 [main] DEBUG org.hibernate.orm.results.loading - Calling top-level assembler (0 / 1) : org.hibernate.sql.results.graph.entity.internal.EntityAssembler@b5911b3
10:24:09.118 [main] DEBUG org.hibernate.orm.results - Extracted JDBC value [0] - [51]
10:24:09.118 [main] DEBUG org.hibernate.orm.results.loading.entity - (EntityResultInitializer) Hydrated EntityKey (org.frcpm.models.Subsystem(959665400112400)): 51
10:24:09.118 [main] DEBUG org.hibernate.orm.results.loading.org.hibernate.orm.results.loading.collection - (DelayedCollectionInitializer) Current row collection key : org.frcpm.models.Subsystem(959665400112400).tasks#51
10:24:09.118 [main] DEBUG org.hibernate.orm.results.loading.entity - (EntityResultInitializer) Created new entity instance [org.frcpm.models.Subsystem(959665400112400)#51] : 23755370
10:24:09.118 [main] DEBUG org.hibernate.orm.results - Extracted JDBC value [3] - [null]
10:24:09.118 [main] DEBUG org.hibernate.orm.results - Extracted JDBC value [1] - [null]
10:24:09.118 [main] DEBUG org.hibernate.orm.results - Extracted JDBC value [2] - [Test Task Subsystem]
10:24:09.118 [main] DEBUG org.hibernate.orm.results - Extracted JDBC value [4] - [NOT_STARTED]
10:24:09.118 [main] DEBUG org.hibernate.orm.results.loading.entity - (EntityResultInitializer) Done materializing entityInstance : org.frcpm.models.Subsystem(959665400112400)#51
10:24:09.118 [main] DEBUG org.hibernate.orm.results.loading - Calling top-level assembler (0 / 1) : org.hibernate.sql.results.graph.entity.internal.EntityAssembler@b5911b3
10:24:09.118 [main] DEBUG org.hibernate.orm.results - Extracted JDBC value [0] - [52]
10:24:09.118 [main] DEBUG org.hibernate.orm.results.loading.entity - (EntityResultInitializer) Hydrated EntityKey (org.frcpm.models.Subsystem(959665400112400)): 52
10:24:09.118 [main] DEBUG org.hibernate.orm.results.loading.org.hibernate.orm.results.loading.collection - (DelayedCollectionInitializer) Current row collection key : org.frcpm.models.Subsystem(959665400112400).tasks#52
10:24:09.118 [main] DEBUG org.hibernate.orm.results.loading.entity - (EntityResultInitializer) Created new entity instance [org.frcpm.models.Subsystem(959665400112400)#52] : 125590436
10:24:09.118 [main] DEBUG org.hibernate.orm.results - Extracted JDBC value [3] - [null]
10:24:09.118 [main] DEBUG org.hibernate.orm.results - Extracted JDBC value [1] - [null]
10:24:09.118 [main] DEBUG org.hibernate.orm.results - Extracted JDBC value [2] - [Test Task Subsystem]
10:24:09.118 [main] DEBUG org.hibernate.orm.results - Extracted JDBC value [4] - [NOT_STARTED]
10:24:09.118 [main] DEBUG org.hibernate.orm.results.loading.entity - (EntityResultInitializer) Done materializing entityInstance : org.frcpm.models.Subsystem(959665400112400)#52
10:24:09.118 [main] DEBUG org.hibernate.orm.results.loading - Calling top-level assembler (0 / 1) : org.hibernate.sql.results.graph.entity.internal.EntityAssembler@b5911b3
10:24:09.118 [main] DEBUG org.hibernate.orm.results - Extracted JDBC value [0] - [53]
10:24:09.118 [main] DEBUG org.hibernate.orm.results.loading.entity - (EntityResultInitializer) Hydrated EntityKey (org.frcpm.models.Subsystem(959665400112400)): 53
10:24:09.118 [main] DEBUG org.hibernate.orm.results.loading.org.hibernate.orm.results.loading.collection - (DelayedCollectionInitializer) Current row collection key : org.frcpm.models.Subsystem(959665400112400).tasks#53
10:24:09.118 [main] DEBUG org.hibernate.orm.results.loading.entity - (EntityResultInitializer) Created new entity instance [org.frcpm.models.Subsystem(959665400112400)#53] : 2087640018
10:24:09.118 [main] DEBUG org.hibernate.orm.results - Extracted JDBC value [3] - [null]
10:24:09.118 [main] DEBUG org.hibernate.orm.results - Extracted JDBC value [1] - [null]
10:24:09.118 [main] DEBUG org.hibernate.orm.results - Extracted JDBC value [2] - [Test Task Subsystem]
10:24:09.118 [main] DEBUG org.hibernate.orm.results - Extracted JDBC value [4] - [NOT_STARTED]
10:24:09.118 [main] DEBUG org.hibernate.orm.results.loading.entity - (EntityResultInitializer) Done materializing entityInstance : org.frcpm.models.Subsystem(959665400112400)#53
10:24:09.118 [main] DEBUG org.hibernate.orm.results.loading - Calling top-level assembler (0 / 1) : org.hibernate.sql.results.graph.entity.internal.EntityAssembler@b5911b3
10:24:09.119 [main] DEBUG org.hibernate.orm.results - Extracted JDBC value [0] - [54]
10:24:09.119 [main] DEBUG org.hibernate.orm.results.loading.entity - (EntityResultInitializer) Hydrated EntityKey (org.frcpm.models.Subsystem(959665400112400)): 54
10:24:09.119 [main] DEBUG org.hibernate.orm.results.loading.org.hibernate.orm.results.loading.collection - (DelayedCollectionInitializer) Current row collection key : org.frcpm.models.Subsystem(959665400112400).tasks#54
10:24:09.119 [main] DEBUG org.hibernate.orm.results.loading.entity - (EntityResultInitializer) Created new entity instance [org.frcpm.models.Subsystem(959665400112400)#54] : 191090322
10:24:09.119 [main] DEBUG org.hibernate.orm.results - Extracted JDBC value [3] - [null]
10:24:09.119 [main] DEBUG org.hibernate.orm.results - Extracted JDBC value [1] - [null]
10:24:09.119 [main] DEBUG org.hibernate.orm.results - Extracted JDBC value [2] - [Test Task Subsystem]
10:24:09.119 [main] DEBUG org.hibernate.orm.results - Extracted JDBC value [4] - [NOT_STARTED]
10:24:09.119 [main] DEBUG org.hibernate.orm.results.loading.entity - (EntityResultInitializer) Done materializing entityInstance : org.frcpm.models.Subsystem(959665400112400)#54
10:24:09.119 [main] DEBUG org.hibernate.orm.results.loading - Calling top-level assembler (0 / 1) : org.hibernate.sql.results.graph.entity.internal.EntityAssembler@b5911b3
10:24:09.119 [main] DEBUG org.hibernate.orm.results - Extracted JDBC value [0] - [55]
10:24:09.119 [main] DEBUG org.hibernate.orm.results.loading.entity - (EntityResultInitializer) Hydrated EntityKey (org.frcpm.models.Subsystem(959665400112400)): 55
10:24:09.119 [main] DEBUG org.hibernate.orm.results.loading.org.hibernate.orm.results.loading.collection - (DelayedCollectionInitializer) Current row collection key : org.frcpm.models.Subsystem(959665400112400).tasks#55
10:24:09.119 [main] DEBUG org.hibernate.orm.results.loading.entity - (EntityResultInitializer) Created new entity instance [org.frcpm.models.Subsystem(959665400112400)#55] : 95553305
10:24:09.119 [main] DEBUG org.hibernate.orm.results - Extracted JDBC value [3] - [null]
10:24:09.119 [main] DEBUG org.hibernate.orm.results - Extracted JDBC value [1] - [null]
10:24:09.119 [main] DEBUG org.hibernate.orm.results - Extracted JDBC value [2] - [Test Task Subsystem]
10:24:09.119 [main] DEBUG org.hibernate.orm.results - Extracted JDBC value [4] - [NOT_STARTED]
10:24:09.119 [main] DEBUG org.hibernate.orm.results.loading.entity - (EntityResultInitializer) Done materializing entityInstance : org.frcpm.models.Subsystem(959665400112400)#55
10:24:09.119 [main] DEBUG org.hibernate.orm.results.loading - Calling top-level assembler (0 / 1) : org.hibernate.sql.results.graph.entity.internal.EntityAssembler@b5911b3
10:24:09.119 [main] DEBUG org.hibernate.orm.results - Extracted JDBC value [0] - [56]
10:24:09.119 [main] DEBUG org.hibernate.orm.results.loading.entity - (EntityResultInitializer) Hydrated EntityKey (org.frcpm.models.Subsystem(959665400112400)): 56
10:24:09.119 [main] DEBUG org.hibernate.orm.results.loading.org.hibernate.orm.results.loading.collection - (DelayedCollectionInitializer) Current row collection key : org.frcpm.models.Subsystem(959665400112400).tasks#56
10:24:09.119 [main] DEBUG org.hibernate.orm.results.loading.entity - (EntityResultInitializer) Created new entity instance [org.frcpm.models.Subsystem(959665400112400)#56] : 1175289418
10:24:09.119 [main] DEBUG org.hibernate.orm.results - Extracted JDBC value [3] - [null]
10:24:09.119 [main] DEBUG org.hibernate.orm.results - Extracted JDBC value [1] - [null]
10:24:09.119 [main] DEBUG org.hibernate.orm.results - Extracted JDBC value [2] - [Test Task Subsystem]
10:24:09.119 [main] DEBUG org.hibernate.orm.results - Extracted JDBC value [4] - [NOT_STARTED]
10:24:09.119 [main] DEBUG org.hibernate.orm.results.loading.entity - (EntityResultInitializer) Done materializing entityInstance : org.frcpm.models.Subsystem(959665400112400)#56
10:24:09.119 [main] DEBUG org.hibernate.orm.results.loading - Calling top-level assembler (0 / 1) : org.hibernate.sql.results.graph.entity.internal.EntityAssembler@b5911b3
10:24:09.119 [main] DEBUG org.hibernate.orm.results - Extracted JDBC value [0] - [66]
10:24:09.119 [main] DEBUG org.hibernate.orm.results.loading.entity - (EntityResultInitializer) Hydrated EntityKey (org.frcpm.models.Subsystem(959665400112400)): 66
10:24:09.119 [main] DEBUG org.hibernate.orm.results.loading.org.hibernate.orm.results.loading.collection - (DelayedCollectionInitializer) Current row collection key : org.frcpm.models.Subsystem(959665400112400).tasks#66
10:24:09.119 [main] DEBUG org.hibernate.orm.results.loading.entity - (EntityResultInitializer) Created new entity instance [org.frcpm.models.Subsystem(959665400112400)#66] : 465118237
10:24:09.119 [main] DEBUG org.hibernate.orm.results - Extracted JDBC value [3] - [null]
10:24:09.119 [main] DEBUG org.hibernate.orm.results - Extracted JDBC value [1] - [Test subsystem for component tests]
10:24:09.119 [main] DEBUG org.hibernate.orm.results - Extracted JDBC value [2] - [Component Test Subsystem]
10:24:09.119 [main] DEBUG org.hibernate.orm.results - Extracted JDBC value [4] - [NOT_STARTED]
10:24:09.119 [main] DEBUG org.hibernate.orm.results.loading.entity - (EntityResultInitializer) Done materializing entityInstance : org.frcpm.models.Subsystem(959665400112400)#66
10:24:09.119 [main] DEBUG org.hibernate.orm.results.loading - Calling top-level assembler (0 / 1) : org.hibernate.sql.results.graph.entity.internal.EntityAssembler@b5911b3
10:24:09.119 [main] DEBUG org.hibernate.resource.jdbc.internal.LogicalConnectionManagedImpl - Initiating JDBC connection release from afterTransaction
10:24:09.119 [main] DEBUG org.hibernate.resource.jdbc.internal.LogicalConnectionManagedImpl - Initiating JDBC connection release from afterTransaction
]]></system-out>
  </testcase>
  <testcase name="testShowInfoAlert" classname="org.frcpm.controllers.SubsystemManagementControllerTest" time="0.023">
    <system-out><![CDATA[10:24:09.185 [main] DEBUG org.hibernate.orm.sql.ast.create - Created new SQL alias : s1_0
10:24:09.185 [main] DEBUG org.hibernate.orm.sql.ast.create - Registration of TableGroup [StandardTableGroup(org.frcpm.models.Subsystem(959665471155000))] with identifierForTableGroup [org.frcpm.models.Subsystem] for NavigablePath [org.frcpm.models.Subsystem] 
10:24:09.185 [main] DEBUG org.hibernate.orm.sql.ast.create - Registration of TableGroup [org.hibernate.sql.ast.tree.from.LazyTableGroup@7ae2d92] with identifierForTableGroup [org.frcpm.models.Subsystem.responsibleSubteam] for NavigablePath [org.frcpm.models.Subsystem.responsibleSubteam] 
10:24:09.186 [main] DEBUG org.hibernate.orm.results.graph.AST - DomainResult Graph:
 \-EntityResultImpl [org.frcpm.models.Subsystem(959665471155000)]
 |  +-BasicFetch [org.frcpm.models.Subsystem(959665471155000).description]
 |  +-BasicFetch [org.frcpm.models.Subsystem(959665471155000).name]
 |  +-CircularFetchImpl [org.frcpm.models.Subsystem(959665471155000).responsibleSubteam]
 |  +-BasicFetch [org.frcpm.models.Subsystem(959665471155000).status]
 |  \-DelayedCollectionFetch [org.frcpm.models.Subsystem(959665471155000).tasks]

10:24:09.186 [main] DEBUG org.hibernate.orm.sql.ast.tree - SQL AST Tree:
    SelectStatement {
      FromClause {
        StandardTableGroup (s1 : org.frcpm.models.Subsystem(959665471155000)) {
          primaryTableReference : subsystems as s1_0
          TableGroupJoins {
            left  join LazyTableGroup (rs1 : org.frcpm.models.Subsystem(959665471155000).responsibleSubteam) {
            }
          }
        }
      }
    }

10:24:09.186 [main] DEBUG org.hibernate.orm.sql.exec - Skipping reading Query result cache data: cache-enabled = false, cache-mode = NORMAL
10:24:09.187 [main] DEBUG org.hibernate.orm.results - Initializer list:
	  org.frcpm.models.Subsystem(959665471155000).tasks -> DelayedCollectionInitializer(org.frcpm.models.Subsystem(959665471155000).tasks)@106636674 (PluralAttribute(org.frcpm.models.Subsystem.tasks))
	  org.frcpm.models.Subsystem(959665471155000).responsibleSubteam -> EntityDelayedFetchInitializer(org.frcpm.models.Subsystem(959665471155000).responsibleSubteam)@136539215 (ToOneAttributeMapping(NavigableRole[org.frcpm.models.Subsystem.responsibleSubteam])@135084207)
	  org.frcpm.models.Subsystem(959665471155000) -> EntityResultInitializer(org.frcpm.models.Subsystem(959665471155000))@1560688570 (SingleTableEntityPersister(org.frcpm.models.Subsystem))

10:24:09.187 [main] DEBUG org.hibernate.SQL - select s1_0.id,s1_0.description,s1_0.name,s1_0.responsible_subteam_id,s1_0.status from subsystems s1_0
10:24:09.188 [main] DEBUG org.hibernate.orm.results - Extracted JDBC value [0] - [1]
10:24:09.188 [main] DEBUG org.hibernate.orm.results.loading.entity - (EntityResultInitializer) Hydrated EntityKey (org.frcpm.models.Subsystem(959665471155000)): 1
10:24:09.188 [main] DEBUG org.hibernate.orm.results.loading.org.hibernate.orm.results.loading.collection - (DelayedCollectionInitializer) Current row collection key : org.frcpm.models.Subsystem(959665471155000).tasks#1
10:24:09.189 [main] DEBUG org.hibernate.orm.results.loading.entity - (EntityResultInitializer) Created new entity instance [org.frcpm.models.Subsystem(959665471155000)#1] : 1732796220
10:24:09.189 [main] DEBUG org.hibernate.orm.results - Extracted JDBC value [3] - [1]
10:24:09.189 [main] DEBUG org.hibernate.orm.results - Extracted JDBC value [1] - [Robot movement and navigation system]
10:24:09.189 [main] DEBUG org.hibernate.orm.results - Extracted JDBC value [2] - [Drivetrain]
10:24:09.189 [main] DEBUG org.hibernate.orm.results - Extracted JDBC value [4] - [IN_PROGRESS]
10:24:09.189 [main] DEBUG org.hibernate.orm.results.loading.entity - (EntityResultInitializer) Done materializing entityInstance : org.frcpm.models.Subsystem(959665471155000)#1
10:24:09.189 [main] DEBUG org.hibernate.orm.results.loading - Calling top-level assembler (0 / 1) : org.hibernate.sql.results.graph.entity.internal.EntityAssembler@328dce25
10:24:09.189 [main] DEBUG org.hibernate.orm.results - Extracted JDBC value [0] - [2]
10:24:09.189 [main] DEBUG org.hibernate.orm.results.loading.entity - (EntityResultInitializer) Hydrated EntityKey (org.frcpm.models.Subsystem(959665471155000)): 2
10:24:09.190 [main] DEBUG org.hibernate.orm.results.loading.org.hibernate.orm.results.loading.collection - (DelayedCollectionInitializer) Current row collection key : org.frcpm.models.Subsystem(959665471155000).tasks#2
10:24:09.190 [main] DEBUG org.hibernate.orm.results.loading.entity - (EntityResultInitializer) Created new entity instance [org.frcpm.models.Subsystem(959665471155000)#2] : 370430372
10:24:09.190 [main] DEBUG org.hibernate.orm.results - Extracted JDBC value [3] - [1]
10:24:09.190 [main] DEBUG org.hibernate.orm.results - Extracted JDBC value [1] - [Mechanism for collecting game pieces]
10:24:09.190 [main] DEBUG org.hibernate.orm.results - Extracted JDBC value [2] - [Intake]
10:24:09.190 [main] DEBUG org.hibernate.orm.results - Extracted JDBC value [4] - [NOT_STARTED]
10:24:09.190 [main] DEBUG org.hibernate.orm.results.loading.entity - (EntityResultInitializer) Done materializing entityInstance : org.frcpm.models.Subsystem(959665471155000)#2
10:24:09.190 [main] DEBUG org.hibernate.orm.results.loading - Calling top-level assembler (0 / 1) : org.hibernate.sql.results.graph.entity.internal.EntityAssembler@328dce25
10:24:09.190 [main] DEBUG org.hibernate.orm.results - Extracted JDBC value [0] - [3]
10:24:09.190 [main] DEBUG org.hibernate.orm.results.loading.entity - (EntityResultInitializer) Hydrated EntityKey (org.frcpm.models.Subsystem(959665471155000)): 3
10:24:09.190 [main] DEBUG org.hibernate.orm.results.loading.org.hibernate.orm.results.loading.collection - (DelayedCollectionInitializer) Current row collection key : org.frcpm.models.Subsystem(959665471155000).tasks#3
10:24:09.190 [main] DEBUG org.hibernate.orm.results.loading.entity - (EntityResultInitializer) Created new entity instance [org.frcpm.models.Subsystem(959665471155000)#3] : 1074820946
10:24:09.190 [main] DEBUG org.hibernate.orm.results - Extracted JDBC value [3] - [1]
10:24:09.190 [main] DEBUG org.hibernate.orm.results - Extracted JDBC value [1] - [Mechanism for scoring game pieces]
10:24:09.190 [main] DEBUG org.hibernate.orm.results - Extracted JDBC value [2] - [Shooter]
10:24:09.190 [main] DEBUG org.hibernate.orm.results - Extracted JDBC value [4] - [NOT_STARTED]
10:24:09.190 [main] DEBUG org.hibernate.orm.results.loading.entity - (EntityResultInitializer) Done materializing entityInstance : org.frcpm.models.Subsystem(959665471155000)#3
10:24:09.191 [main] DEBUG org.hibernate.orm.results.loading - Calling top-level assembler (0 / 1) : org.hibernate.sql.results.graph.entity.internal.EntityAssembler@328dce25
10:24:09.191 [main] DEBUG org.hibernate.orm.results - Extracted JDBC value [0] - [4]
10:24:09.191 [main] DEBUG org.hibernate.orm.results.loading.entity - (EntityResultInitializer) Hydrated EntityKey (org.frcpm.models.Subsystem(959665471155000)): 4
10:24:09.191 [main] DEBUG org.hibernate.orm.results.loading.org.hibernate.orm.results.loading.collection - (DelayedCollectionInitializer) Current row collection key : org.frcpm.models.Subsystem(959665471155000).tasks#4
10:24:09.191 [main] DEBUG org.hibernate.orm.results.loading.entity - (EntityResultInitializer) Created new entity instance [org.frcpm.models.Subsystem(959665471155000)#4] : 681418432
10:24:09.191 [main] DEBUG org.hibernate.orm.results - Extracted JDBC value [3] - [3]
10:24:09.191 [main] DEBUG org.hibernate.orm.results - Extracted JDBC value [1] - [Camera and processing system for targeting]
10:24:09.191 [main] DEBUG org.hibernate.orm.results - Extracted JDBC value [2] - [Vision]
10:24:09.191 [main] DEBUG org.hibernate.orm.results - Extracted JDBC value [4] - [NOT_STARTED]
10:24:09.191 [main] DEBUG org.hibernate.orm.results.loading.entity - (EntityResultInitializer) Done materializing entityInstance : org.frcpm.models.Subsystem(959665471155000)#4
10:24:09.191 [main] DEBUG org.hibernate.orm.results.loading - Calling top-level assembler (0 / 1) : org.hibernate.sql.results.graph.entity.internal.EntityAssembler@328dce25
10:24:09.191 [main] DEBUG org.hibernate.orm.results - Extracted JDBC value [0] - [5]
10:24:09.191 [main] DEBUG org.hibernate.orm.results.loading.entity - (EntityResultInitializer) Hydrated EntityKey (org.frcpm.models.Subsystem(959665471155000)): 5
10:24:09.191 [main] DEBUG org.hibernate.orm.results.loading.org.hibernate.orm.results.loading.collection - (DelayedCollectionInitializer) Current row collection key : org.frcpm.models.Subsystem(959665471155000).tasks#5
10:24:09.191 [main] DEBUG org.hibernate.orm.results.loading.entity - (EntityResultInitializer) Created new entity instance [org.frcpm.models.Subsystem(959665471155000)#5] : 1521147870
10:24:09.191 [main] DEBUG org.hibernate.orm.results - Extracted JDBC value [3] - [2]
10:24:09.191 [main] DEBUG org.hibernate.orm.results - Extracted JDBC value [1] - [Wiring, electronics, and sensors]
10:24:09.191 [main] DEBUG org.hibernate.orm.results - Extracted JDBC value [2] - [Controls]
10:24:09.192 [main] DEBUG org.hibernate.orm.results - Extracted JDBC value [4] - [NOT_STARTED]
10:24:09.192 [main] DEBUG org.hibernate.orm.results.loading.entity - (EntityResultInitializer) Done materializing entityInstance : org.frcpm.models.Subsystem(959665471155000)#5
10:24:09.192 [main] DEBUG org.hibernate.orm.results.loading - Calling top-level assembler (0 / 1) : org.hibernate.sql.results.graph.entity.internal.EntityAssembler@328dce25
10:24:09.192 [main] DEBUG org.hibernate.orm.results - Extracted JDBC value [0] - [18]
10:24:09.192 [main] DEBUG org.hibernate.orm.results.loading.entity - (EntityResultInitializer) Hydrated EntityKey (org.frcpm.models.Subsystem(959665471155000)): 18
10:24:09.192 [main] DEBUG org.hibernate.orm.results.loading.org.hibernate.orm.results.loading.collection - (DelayedCollectionInitializer) Current row collection key : org.frcpm.models.Subsystem(959665471155000).tasks#18
10:24:09.192 [main] DEBUG org.hibernate.orm.results.loading.entity - (EntityResultInitializer) Created new entity instance [org.frcpm.models.Subsystem(959665471155000)#18] : 25610254
10:24:09.192 [main] DEBUG org.hibernate.orm.results - Extracted JDBC value [3] - [null]
10:24:09.192 [main] DEBUG org.hibernate.orm.results - Extracted JDBC value [1] - [null]
10:24:09.192 [main] DEBUG org.hibernate.orm.results - Extracted JDBC value [2] - [Test Count Subsystem]
10:24:09.192 [main] DEBUG org.hibernate.orm.results - Extracted JDBC value [4] - [NOT_STARTED]
10:24:09.192 [main] DEBUG org.hibernate.orm.results.loading.entity - (EntityResultInitializer) Done materializing entityInstance : org.frcpm.models.Subsystem(959665471155000)#18
10:24:09.192 [main] DEBUG org.hibernate.orm.results.loading - Calling top-level assembler (0 / 1) : org.hibernate.sql.results.graph.entity.internal.EntityAssembler@328dce25
10:24:09.192 [main] DEBUG org.hibernate.orm.results - Extracted JDBC value [0] - [22]
10:24:09.192 [main] DEBUG org.hibernate.orm.results.loading.entity - (EntityResultInitializer) Hydrated EntityKey (org.frcpm.models.Subsystem(959665471155000)): 22
10:24:09.192 [main] DEBUG org.hibernate.orm.results.loading.org.hibernate.orm.results.loading.collection - (DelayedCollectionInitializer) Current row collection key : org.frcpm.models.Subsystem(959665471155000).tasks#22
10:24:09.192 [main] DEBUG org.hibernate.orm.results.loading.entity - (EntityResultInitializer) Created new entity instance [org.frcpm.models.Subsystem(959665471155000)#22] : 143815452
10:24:09.192 [main] DEBUG org.hibernate.orm.results - Extracted JDBC value [3] - [null]
10:24:09.192 [main] DEBUG org.hibernate.orm.results - Extracted JDBC value [1] - [Save subsystem description]
10:24:09.192 [main] DEBUG org.hibernate.orm.results - Extracted JDBC value [2] - [Test Save Subsystem]
10:24:09.192 [main] DEBUG org.hibernate.orm.results - Extracted JDBC value [4] - [TESTING]
10:24:09.192 [main] DEBUG org.hibernate.orm.results.loading.entity - (EntityResultInitializer) Done materializing entityInstance : org.frcpm.models.Subsystem(959665471155000)#22
10:24:09.192 [main] DEBUG org.hibernate.orm.results.loading - Calling top-level assembler (0 / 1) : org.hibernate.sql.results.graph.entity.internal.EntityAssembler@328dce25
10:24:09.192 [main] DEBUG org.hibernate.orm.results - Extracted JDBC value [0] - [43]
10:24:09.192 [main] DEBUG org.hibernate.orm.results.loading.entity - (EntityResultInitializer) Hydrated EntityKey (org.frcpm.models.Subsystem(959665471155000)): 43
10:24:09.192 [main] DEBUG org.hibernate.orm.results.loading.org.hibernate.orm.results.loading.collection - (DelayedCollectionInitializer) Current row collection key : org.frcpm.models.Subsystem(959665471155000).tasks#43
10:24:09.192 [main] DEBUG org.hibernate.orm.results.loading.entity - (EntityResultInitializer) Created new entity instance [org.frcpm.models.Subsystem(959665471155000)#43] : 862525395
10:24:09.192 [main] DEBUG org.hibernate.orm.results - Extracted JDBC value [3] - [null]
10:24:09.192 [main] DEBUG org.hibernate.orm.results - Extracted JDBC value [1] - [Updated description]
10:24:09.192 [main] DEBUG org.hibernate.orm.results - Extracted JDBC value [2] - [Updated Subsystem Name]
10:24:09.192 [main] DEBUG org.hibernate.orm.results - Extracted JDBC value [4] - [ISSUES]
10:24:09.192 [main] DEBUG org.hibernate.orm.results.loading.entity - (EntityResultInitializer) Done materializing entityInstance : org.frcpm.models.Subsystem(959665471155000)#43
10:24:09.192 [main] DEBUG org.hibernate.orm.results.loading - Calling top-level assembler (0 / 1) : org.hibernate.sql.results.graph.entity.internal.EntityAssembler@328dce25
10:24:09.192 [main] DEBUG org.hibernate.orm.results - Extracted JDBC value [0] - [44]
10:24:09.192 [main] DEBUG org.hibernate.orm.results.loading.entity - (EntityResultInitializer) Hydrated EntityKey (org.frcpm.models.Subsystem(959665471155000)): 44
10:24:09.192 [main] DEBUG org.hibernate.orm.results.loading.org.hibernate.orm.results.loading.collection - (DelayedCollectionInitializer) Current row collection key : org.frcpm.models.Subsystem(959665471155000).tasks#44
10:24:09.192 [main] DEBUG org.hibernate.orm.results.loading.entity - (EntityResultInitializer) Created new entity instance [org.frcpm.models.Subsystem(959665471155000)#44] : 2091197707
10:24:09.192 [main] DEBUG org.hibernate.orm.results - Extracted JDBC value [3] - [null]
10:24:09.192 [main] DEBUG org.hibernate.orm.results - Extracted JDBC value [1] - [null]
10:24:09.192 [main] DEBUG org.hibernate.orm.results - Extracted JDBC value [2] - [Test Task Subsystem]
10:24:09.192 [main] DEBUG org.hibernate.orm.results - Extracted JDBC value [4] - [NOT_STARTED]
10:24:09.192 [main] DEBUG org.hibernate.orm.results.loading.entity - (EntityResultInitializer) Done materializing entityInstance : org.frcpm.models.Subsystem(959665471155000)#44
10:24:09.192 [main] DEBUG org.hibernate.orm.results.loading - Calling top-level assembler (0 / 1) : org.hibernate.sql.results.graph.entity.internal.EntityAssembler@328dce25
10:24:09.192 [main] DEBUG org.hibernate.orm.results - Extracted JDBC value [0] - [45]
10:24:09.192 [main] DEBUG org.hibernate.orm.results.loading.entity - (EntityResultInitializer) Hydrated EntityKey (org.frcpm.models.Subsystem(959665471155000)): 45
10:24:09.192 [main] DEBUG org.hibernate.orm.results.loading.org.hibernate.orm.results.loading.collection - (DelayedCollectionInitializer) Current row collection key : org.frcpm.models.Subsystem(959665471155000).tasks#45
10:24:09.192 [main] DEBUG org.hibernate.orm.results.loading.entity - (EntityResultInitializer) Created new entity instance [org.frcpm.models.Subsystem(959665471155000)#45] : 1083829130
10:24:09.192 [main] DEBUG org.hibernate.orm.results - Extracted JDBC value [3] - [null]
10:24:09.192 [main] DEBUG org.hibernate.orm.results - Extracted JDBC value [1] - [null]
10:24:09.192 [main] DEBUG org.hibernate.orm.results - Extracted JDBC value [2] - [Test Task Subsystem]
10:24:09.192 [main] DEBUG org.hibernate.orm.results - Extracted JDBC value [4] - [NOT_STARTED]
10:24:09.192 [main] DEBUG org.hibernate.orm.results.loading.entity - (EntityResultInitializer) Done materializing entityInstance : org.frcpm.models.Subsystem(959665471155000)#45
10:24:09.192 [main] DEBUG org.hibernate.orm.results.loading - Calling top-level assembler (0 / 1) : org.hibernate.sql.results.graph.entity.internal.EntityAssembler@328dce25
10:24:09.192 [main] DEBUG org.hibernate.orm.results - Extracted JDBC value [0] - [46]
10:24:09.192 [main] DEBUG org.hibernate.orm.results.loading.entity - (EntityResultInitializer) Hydrated EntityKey (org.frcpm.models.Subsystem(959665471155000)): 46
10:24:09.192 [main] DEBUG org.hibernate.orm.results.loading.org.hibernate.orm.results.loading.collection - (DelayedCollectionInitializer) Current row collection key : org.frcpm.models.Subsystem(959665471155000).tasks#46
10:24:09.192 [main] DEBUG org.hibernate.orm.results.loading.entity - (EntityResultInitializer) Created new entity instance [org.frcpm.models.Subsystem(959665471155000)#46] : 1471419632
10:24:09.192 [main] DEBUG org.hibernate.orm.results - Extracted JDBC value [3] - [null]
10:24:09.192 [main] DEBUG org.hibernate.orm.results - Extracted JDBC value [1] - [null]
10:24:09.192 [main] DEBUG org.hibernate.orm.results - Extracted JDBC value [2] - [Test Task Subsystem]
10:24:09.192 [main] DEBUG org.hibernate.orm.results - Extracted JDBC value [4] - [NOT_STARTED]
10:24:09.192 [main] DEBUG org.hibernate.orm.results.loading.entity - (EntityResultInitializer) Done materializing entityInstance : org.frcpm.models.Subsystem(959665471155000)#46
10:24:09.192 [main] DEBUG org.hibernate.orm.results.loading - Calling top-level assembler (0 / 1) : org.hibernate.sql.results.graph.entity.internal.EntityAssembler@328dce25
10:24:09.192 [main] DEBUG org.hibernate.orm.results - Extracted JDBC value [0] - [47]
10:24:09.192 [main] DEBUG org.hibernate.orm.results.loading.entity - (EntityResultInitializer) Hydrated EntityKey (org.frcpm.models.Subsystem(959665471155000)): 47
10:24:09.192 [main] DEBUG org.hibernate.orm.results.loading.org.hibernate.orm.results.loading.collection - (DelayedCollectionInitializer) Current row collection key : org.frcpm.models.Subsystem(959665471155000).tasks#47
10:24:09.192 [main] DEBUG org.hibernate.orm.results.loading.entity - (EntityResultInitializer) Created new entity instance [org.frcpm.models.Subsystem(959665471155000)#47] : 1324932101
10:24:09.193 [main] DEBUG org.hibernate.orm.results - Extracted JDBC value [3] - [null]
10:24:09.193 [main] DEBUG org.hibernate.orm.results - Extracted JDBC value [1] - [null]
10:24:09.193 [main] DEBUG org.hibernate.orm.results - Extracted JDBC value [2] - [Test Task Subsystem]
10:24:09.193 [main] DEBUG org.hibernate.orm.results - Extracted JDBC value [4] - [NOT_STARTED]
10:24:09.193 [main] DEBUG org.hibernate.orm.results.loading.entity - (EntityResultInitializer) Done materializing entityInstance : org.frcpm.models.Subsystem(959665471155000)#47
10:24:09.193 [main] DEBUG org.hibernate.orm.results.loading - Calling top-level assembler (0 / 1) : org.hibernate.sql.results.graph.entity.internal.EntityAssembler@328dce25
10:24:09.193 [main] DEBUG org.hibernate.orm.results - Extracted JDBC value [0] - [48]
10:24:09.193 [main] DEBUG org.hibernate.orm.results.loading.entity - (EntityResultInitializer) Hydrated EntityKey (org.frcpm.models.Subsystem(959665471155000)): 48
10:24:09.193 [main] DEBUG org.hibernate.orm.results.loading.org.hibernate.orm.results.loading.collection - (DelayedCollectionInitializer) Current row collection key : org.frcpm.models.Subsystem(959665471155000).tasks#48
10:24:09.193 [main] DEBUG org.hibernate.orm.results.loading.entity - (EntityResultInitializer) Created new entity instance [org.frcpm.models.Subsystem(959665471155000)#48] : 1546887603
10:24:09.193 [main] DEBUG org.hibernate.orm.results - Extracted JDBC value [3] - [null]
10:24:09.193 [main] DEBUG org.hibernate.orm.results - Extracted JDBC value [1] - [null]
10:24:09.193 [main] DEBUG org.hibernate.orm.results - Extracted JDBC value [2] - [Test Task Subsystem]
10:24:09.193 [main] DEBUG org.hibernate.orm.results - Extracted JDBC value [4] - [NOT_STARTED]
10:24:09.193 [main] DEBUG org.hibernate.orm.results.loading.entity - (EntityResultInitializer) Done materializing entityInstance : org.frcpm.models.Subsystem(959665471155000)#48
10:24:09.193 [main] DEBUG org.hibernate.orm.results.loading - Calling top-level assembler (0 / 1) : org.hibernate.sql.results.graph.entity.internal.EntityAssembler@328dce25
10:24:09.193 [main] DEBUG org.hibernate.orm.results - Extracted JDBC value [0] - [49]
10:24:09.193 [main] DEBUG org.hibernate.orm.results.loading.entity - (EntityResultInitializer) Hydrated EntityKey (org.frcpm.models.Subsystem(959665471155000)): 49
10:24:09.193 [main] DEBUG org.hibernate.orm.results.loading.org.hibernate.orm.results.loading.collection - (DelayedCollectionInitializer) Current row collection key : org.frcpm.models.Subsystem(959665471155000).tasks#49
10:24:09.193 [main] DEBUG org.hibernate.orm.results.loading.entity - (EntityResultInitializer) Created new entity instance [org.frcpm.models.Subsystem(959665471155000)#49] : 9801708
10:24:09.193 [main] DEBUG org.hibernate.orm.results - Extracted JDBC value [3] - [null]
10:24:09.193 [main] DEBUG org.hibernate.orm.results - Extracted JDBC value [1] - [null]
10:24:09.193 [main] DEBUG org.hibernate.orm.results - Extracted JDBC value [2] - [Test Task Subsystem]
10:24:09.193 [main] DEBUG org.hibernate.orm.results - Extracted JDBC value [4] - [NOT_STARTED]
10:24:09.193 [main] DEBUG org.hibernate.orm.results.loading.entity - (EntityResultInitializer) Done materializing entityInstance : org.frcpm.models.Subsystem(959665471155000)#49
10:24:09.193 [main] DEBUG org.hibernate.orm.results.loading - Calling top-level assembler (0 / 1) : org.hibernate.sql.results.graph.entity.internal.EntityAssembler@328dce25
10:24:09.194 [main] DEBUG org.hibernate.orm.results - Extracted JDBC value [0] - [50]
10:24:09.194 [main] DEBUG org.hibernate.orm.results.loading.entity - (EntityResultInitializer) Hydrated EntityKey (org.frcpm.models.Subsystem(959665471155000)): 50
10:24:09.194 [main] DEBUG org.hibernate.orm.results.loading.org.hibernate.orm.results.loading.collection - (DelayedCollectionInitializer) Current row collection key : org.frcpm.models.Subsystem(959665471155000).tasks#50
10:24:09.194 [main] DEBUG org.hibernate.orm.results.loading.entity - (EntityResultInitializer) Created new entity instance [org.frcpm.models.Subsystem(959665471155000)#50] : 1395825627
10:24:09.194 [main] DEBUG org.hibernate.orm.results - Extracted JDBC value [3] - [null]
10:24:09.194 [main] DEBUG org.hibernate.orm.results - Extracted JDBC value [1] - [null]
10:24:09.194 [main] DEBUG org.hibernate.orm.results - Extracted JDBC value [2] - [Test Task Subsystem]
10:24:09.194 [main] DEBUG org.hibernate.orm.results - Extracted JDBC value [4] - [NOT_STARTED]
10:24:09.194 [main] DEBUG org.hibernate.orm.results.loading.entity - (EntityResultInitializer) Done materializing entityInstance : org.frcpm.models.Subsystem(959665471155000)#50
10:24:09.194 [main] DEBUG org.hibernate.orm.results.loading - Calling top-level assembler (0 / 1) : org.hibernate.sql.results.graph.entity.internal.EntityAssembler@328dce25
10:24:09.194 [main] DEBUG org.hibernate.orm.results - Extracted JDBC value [0] - [51]
10:24:09.194 [main] DEBUG org.hibernate.orm.results.loading.entity - (EntityResultInitializer) Hydrated EntityKey (org.frcpm.models.Subsystem(959665471155000)): 51
10:24:09.194 [main] DEBUG org.hibernate.orm.results.loading.org.hibernate.orm.results.loading.collection - (DelayedCollectionInitializer) Current row collection key : org.frcpm.models.Subsystem(959665471155000).tasks#51
10:24:09.194 [main] DEBUG org.hibernate.orm.results.loading.entity - (EntityResultInitializer) Created new entity instance [org.frcpm.models.Subsystem(959665471155000)#51] : 1556219305
10:24:09.194 [main] DEBUG org.hibernate.orm.results - Extracted JDBC value [3] - [null]
10:24:09.194 [main] DEBUG org.hibernate.orm.results - Extracted JDBC value [1] - [null]
10:24:09.194 [main] DEBUG org.hibernate.orm.results - Extracted JDBC value [2] - [Test Task Subsystem]
10:24:09.194 [main] DEBUG org.hibernate.orm.results - Extracted JDBC value [4] - [NOT_STARTED]
10:24:09.194 [main] DEBUG org.hibernate.orm.results.loading.entity - (EntityResultInitializer) Done materializing entityInstance : org.frcpm.models.Subsystem(959665471155000)#51
10:24:09.194 [main] DEBUG org.hibernate.orm.results.loading - Calling top-level assembler (0 / 1) : org.hibernate.sql.results.graph.entity.internal.EntityAssembler@328dce25
10:24:09.194 [main] DEBUG org.hibernate.orm.results - Extracted JDBC value [0] - [52]
10:24:09.194 [main] DEBUG org.hibernate.orm.results.loading.entity - (EntityResultInitializer) Hydrated EntityKey (org.frcpm.models.Subsystem(959665471155000)): 52
10:24:09.194 [main] DEBUG org.hibernate.orm.results.loading.org.hibernate.orm.results.loading.collection - (DelayedCollectionInitializer) Current row collection key : org.frcpm.models.Subsystem(959665471155000).tasks#52
10:24:09.194 [main] DEBUG org.hibernate.orm.results.loading.entity - (EntityResultInitializer) Created new entity instance [org.frcpm.models.Subsystem(959665471155000)#52] : 1697269295
10:24:09.194 [main] DEBUG org.hibernate.orm.results - Extracted JDBC value [3] - [null]
10:24:09.194 [main] DEBUG org.hibernate.orm.results - Extracted JDBC value [1] - [null]
10:24:09.194 [main] DEBUG org.hibernate.orm.results - Extracted JDBC value [2] - [Test Task Subsystem]
10:24:09.194 [main] DEBUG org.hibernate.orm.results - Extracted JDBC value [4] - [NOT_STARTED]
10:24:09.195 [main] DEBUG org.hibernate.orm.results.loading.entity - (EntityResultInitializer) Done materializing entityInstance : org.frcpm.models.Subsystem(959665471155000)#52
10:24:09.195 [main] DEBUG org.hibernate.orm.results.loading - Calling top-level assembler (0 / 1) : org.hibernate.sql.results.graph.entity.internal.EntityAssembler@328dce25
10:24:09.195 [main] DEBUG org.hibernate.orm.results - Extracted JDBC value [0] - [53]
10:24:09.195 [main] DEBUG org.hibernate.orm.results.loading.entity - (EntityResultInitializer) Hydrated EntityKey (org.frcpm.models.Subsystem(959665471155000)): 53
10:24:09.195 [main] DEBUG org.hibernate.orm.results.loading.org.hibernate.orm.results.loading.collection - (DelayedCollectionInitializer) Current row collection key : org.frcpm.models.Subsystem(959665471155000).tasks#53
10:24:09.195 [main] DEBUG org.hibernate.orm.results.loading.entity - (EntityResultInitializer) Created new entity instance [org.frcpm.models.Subsystem(959665471155000)#53] : 2032681387
10:24:09.195 [main] DEBUG org.hibernate.orm.results - Extracted JDBC value [3] - [null]
10:24:09.195 [main] DEBUG org.hibernate.orm.results - Extracted JDBC value [1] - [null]
10:24:09.195 [main] DEBUG org.hibernate.orm.results - Extracted JDBC value [2] - [Test Task Subsystem]
10:24:09.195 [main] DEBUG org.hibernate.orm.results - Extracted JDBC value [4] - [NOT_STARTED]
10:24:09.195 [main] DEBUG org.hibernate.orm.results.loading.entity - (EntityResultInitializer) Done materializing entityInstance : org.frcpm.models.Subsystem(959665471155000)#53
10:24:09.195 [main] DEBUG org.hibernate.orm.results.loading - Calling top-level assembler (0 / 1) : org.hibernate.sql.results.graph.entity.internal.EntityAssembler@328dce25
10:24:09.195 [main] DEBUG org.hibernate.orm.results - Extracted JDBC value [0] - [54]
10:24:09.195 [main] DEBUG org.hibernate.orm.results.loading.entity - (EntityResultInitializer) Hydrated EntityKey (org.frcpm.models.Subsystem(959665471155000)): 54
10:24:09.195 [main] DEBUG org.hibernate.orm.results.loading.org.hibernate.orm.results.loading.collection - (DelayedCollectionInitializer) Current row collection key : org.frcpm.models.Subsystem(959665471155000).tasks#54
10:24:09.195 [main] DEBUG org.hibernate.orm.results.loading.entity - (EntityResultInitializer) Created new entity instance [org.frcpm.models.Subsystem(959665471155000)#54] : 1674009136
10:24:09.195 [main] DEBUG org.hibernate.orm.results - Extracted JDBC value [3] - [null]
10:24:09.195 [main] DEBUG org.hibernate.orm.results - Extracted JDBC value [1] - [null]
10:24:09.195 [main] DEBUG org.hibernate.orm.results - Extracted JDBC value [2] - [Test Task Subsystem]
10:24:09.195 [main] DEBUG org.hibernate.orm.results - Extracted JDBC value [4] - [NOT_STARTED]
10:24:09.195 [main] DEBUG org.hibernate.orm.results.loading.entity - (EntityResultInitializer) Done materializing entityInstance : org.frcpm.models.Subsystem(959665471155000)#54
10:24:09.195 [main] DEBUG org.hibernate.orm.results.loading - Calling top-level assembler (0 / 1) : org.hibernate.sql.results.graph.entity.internal.EntityAssembler@328dce25
10:24:09.195 [main] DEBUG org.hibernate.orm.results - Extracted JDBC value [0] - [55]
10:24:09.195 [main] DEBUG org.hibernate.orm.results.loading.entity - (EntityResultInitializer) Hydrated EntityKey (org.frcpm.models.Subsystem(959665471155000)): 55
10:24:09.195 [main] DEBUG org.hibernate.orm.results.loading.org.hibernate.orm.results.loading.collection - (DelayedCollectionInitializer) Current row collection key : org.frcpm.models.Subsystem(959665471155000).tasks#55
10:24:09.196 [main] DEBUG org.hibernate.orm.results.loading.entity - (EntityResultInitializer) Created new entity instance [org.frcpm.models.Subsystem(959665471155000)#55] : 848779808
10:24:09.196 [main] DEBUG org.hibernate.orm.results - Extracted JDBC value [3] - [null]
10:24:09.196 [main] DEBUG org.hibernate.orm.results - Extracted JDBC value [1] - [null]
10:24:09.196 [main] DEBUG org.hibernate.orm.results - Extracted JDBC value [2] - [Test Task Subsystem]
10:24:09.196 [main] DEBUG org.hibernate.orm.results - Extracted JDBC value [4] - [NOT_STARTED]
10:24:09.196 [main] DEBUG org.hibernate.orm.results.loading.entity - (EntityResultInitializer) Done materializing entityInstance : org.frcpm.models.Subsystem(959665471155000)#55
10:24:09.196 [main] DEBUG org.hibernate.orm.results.loading - Calling top-level assembler (0 / 1) : org.hibernate.sql.results.graph.entity.internal.EntityAssembler@328dce25
10:24:09.196 [main] DEBUG org.hibernate.orm.results - Extracted JDBC value [0] - [56]
10:24:09.196 [main] DEBUG org.hibernate.orm.results.loading.entity - (EntityResultInitializer) Hydrated EntityKey (org.frcpm.models.Subsystem(959665471155000)): 56
10:24:09.196 [main] DEBUG org.hibernate.orm.results.loading.org.hibernate.orm.results.loading.collection - (DelayedCollectionInitializer) Current row collection key : org.frcpm.models.Subsystem(959665471155000).tasks#56
10:24:09.196 [main] DEBUG org.hibernate.orm.results.loading.entity - (EntityResultInitializer) Created new entity instance [org.frcpm.models.Subsystem(959665471155000)#56] : 1678885914
10:24:09.196 [main] DEBUG org.hibernate.orm.results - Extracted JDBC value [3] - [null]
10:24:09.196 [main] DEBUG org.hibernate.orm.results - Extracted JDBC value [1] - [null]
10:24:09.196 [main] DEBUG org.hibernate.orm.results - Extracted JDBC value [2] - [Test Task Subsystem]
10:24:09.196 [main] DEBUG org.hibernate.orm.results - Extracted JDBC value [4] - [NOT_STARTED]
10:24:09.196 [main] DEBUG org.hibernate.orm.results.loading.entity - (EntityResultInitializer) Done materializing entityInstance : org.frcpm.models.Subsystem(959665471155000)#56
10:24:09.196 [main] DEBUG org.hibernate.orm.results.loading - Calling top-level assembler (0 / 1) : org.hibernate.sql.results.graph.entity.internal.EntityAssembler@328dce25
10:24:09.196 [main] DEBUG org.hibernate.orm.results - Extracted JDBC value [0] - [66]
10:24:09.196 [main] DEBUG org.hibernate.orm.results.loading.entity - (EntityResultInitializer) Hydrated EntityKey (org.frcpm.models.Subsystem(959665471155000)): 66
10:24:09.196 [main] DEBUG org.hibernate.orm.results.loading.org.hibernate.orm.results.loading.collection - (DelayedCollectionInitializer) Current row collection key : org.frcpm.models.Subsystem(959665471155000).tasks#66
10:24:09.196 [main] DEBUG org.hibernate.orm.results.loading.entity - (EntityResultInitializer) Created new entity instance [org.frcpm.models.Subsystem(959665471155000)#66] : 774445922
10:24:09.196 [main] DEBUG org.hibernate.orm.results - Extracted JDBC value [3] - [null]
10:24:09.196 [main] DEBUG org.hibernate.orm.results - Extracted JDBC value [1] - [Test subsystem for component tests]
10:24:09.196 [main] DEBUG org.hibernate.orm.results - Extracted JDBC value [2] - [Component Test Subsystem]
10:24:09.196 [main] DEBUG org.hibernate.orm.results - Extracted JDBC value [4] - [NOT_STARTED]
10:24:09.196 [main] DEBUG org.hibernate.orm.results.loading.entity - (EntityResultInitializer) Done materializing entityInstance : org.frcpm.models.Subsystem(959665471155000)#66
10:24:09.196 [main] DEBUG org.hibernate.orm.results.loading - Calling top-level assembler (0 / 1) : org.hibernate.sql.results.graph.entity.internal.EntityAssembler@328dce25
10:24:09.196 [main] DEBUG org.hibernate.resource.jdbc.internal.LogicalConnectionManagedImpl - Initiating JDBC connection release from afterTransaction
10:24:09.196 [main] DEBUG org.hibernate.resource.jdbc.internal.LogicalConnectionManagedImpl - Initiating JDBC connection release from afterTransaction
]]></system-out>
  </testcase>
  <testcase name="testGetViewModel" classname="org.frcpm.controllers.SubsystemManagementControllerTest" time="0.02">
    <system-out><![CDATA[10:24:09.208 [main] DEBUG org.hibernate.orm.sql.ast.create - Created new SQL alias : s1_0
10:24:09.208 [main] DEBUG org.hibernate.orm.sql.ast.create - Registration of TableGroup [StandardTableGroup(org.frcpm.models.Subsystem(959665495065200))] with identifierForTableGroup [org.frcpm.models.Subsystem] for NavigablePath [org.frcpm.models.Subsystem] 
10:24:09.209 [main] DEBUG org.hibernate.orm.sql.ast.create - Registration of TableGroup [org.hibernate.sql.ast.tree.from.LazyTableGroup@17630f31] with identifierForTableGroup [org.frcpm.models.Subsystem.responsibleSubteam] for NavigablePath [org.frcpm.models.Subsystem.responsibleSubteam] 
10:24:09.209 [main] DEBUG org.hibernate.orm.results.graph.AST - DomainResult Graph:
 \-EntityResultImpl [org.frcpm.models.Subsystem(959665495065200)]
 |  +-BasicFetch [org.frcpm.models.Subsystem(959665495065200).description]
 |  +-BasicFetch [org.frcpm.models.Subsystem(959665495065200).name]
 |  +-CircularFetchImpl [org.frcpm.models.Subsystem(959665495065200).responsibleSubteam]
 |  +-BasicFetch [org.frcpm.models.Subsystem(959665495065200).status]
 |  \-DelayedCollectionFetch [org.frcpm.models.Subsystem(959665495065200).tasks]

10:24:09.209 [main] DEBUG org.hibernate.orm.sql.ast.tree - SQL AST Tree:
    SelectStatement {
      FromClause {
        StandardTableGroup (s1 : org.frcpm.models.Subsystem(959665495065200)) {
          primaryTableReference : subsystems as s1_0
          TableGroupJoins {
            left  join LazyTableGroup (rs1 : org.frcpm.models.Subsystem(959665495065200).responsibleSubteam) {
            }
          }
        }
      }
    }

10:24:09.209 [main] DEBUG org.hibernate.orm.sql.exec - Skipping reading Query result cache data: cache-enabled = false, cache-mode = NORMAL
10:24:09.210 [main] DEBUG org.hibernate.orm.results - Initializer list:
	  org.frcpm.models.Subsystem(959665495065200).tasks -> DelayedCollectionInitializer(org.frcpm.models.Subsystem(959665495065200).tasks)@116735306 (PluralAttribute(org.frcpm.models.Subsystem.tasks))
	  org.frcpm.models.Subsystem(959665495065200).responsibleSubteam -> EntityDelayedFetchInitializer(org.frcpm.models.Subsystem(959665495065200).responsibleSubteam)@1890986276 (ToOneAttributeMapping(NavigableRole[org.frcpm.models.Subsystem.responsibleSubteam])@135084207)
	  org.frcpm.models.Subsystem(959665495065200) -> EntityResultInitializer(org.frcpm.models.Subsystem(959665495065200))@1391708169 (SingleTableEntityPersister(org.frcpm.models.Subsystem))

10:24:09.210 [main] DEBUG org.hibernate.SQL - select s1_0.id,s1_0.description,s1_0.name,s1_0.responsible_subteam_id,s1_0.status from subsystems s1_0
10:24:09.210 [main] DEBUG org.hibernate.orm.results - Extracted JDBC value [0] - [1]
10:24:09.210 [main] DEBUG org.hibernate.orm.results.loading.entity - (EntityResultInitializer) Hydrated EntityKey (org.frcpm.models.Subsystem(959665495065200)): 1
10:24:09.210 [main] DEBUG org.hibernate.orm.results.loading.org.hibernate.orm.results.loading.collection - (DelayedCollectionInitializer) Current row collection key : org.frcpm.models.Subsystem(959665495065200).tasks#1
10:24:09.210 [main] DEBUG org.hibernate.orm.results.loading.entity - (EntityResultInitializer) Created new entity instance [org.frcpm.models.Subsystem(959665495065200)#1] : 862506509
10:24:09.210 [main] DEBUG org.hibernate.orm.results - Extracted JDBC value [3] - [1]
10:24:09.210 [main] DEBUG org.hibernate.orm.results - Extracted JDBC value [1] - [Robot movement and navigation system]
10:24:09.210 [main] DEBUG org.hibernate.orm.results - Extracted JDBC value [2] - [Drivetrain]
10:24:09.210 [main] DEBUG org.hibernate.orm.results - Extracted JDBC value [4] - [IN_PROGRESS]
10:24:09.210 [main] DEBUG org.hibernate.orm.results.loading.entity - (EntityResultInitializer) Done materializing entityInstance : org.frcpm.models.Subsystem(959665495065200)#1
10:24:09.210 [main] DEBUG org.hibernate.orm.results.loading - Calling top-level assembler (0 / 1) : org.hibernate.sql.results.graph.entity.internal.EntityAssembler@10e1aabd
10:24:09.210 [main] DEBUG org.hibernate.orm.results - Extracted JDBC value [0] - [2]
10:24:09.210 [main] DEBUG org.hibernate.orm.results.loading.entity - (EntityResultInitializer) Hydrated EntityKey (org.frcpm.models.Subsystem(959665495065200)): 2
10:24:09.210 [main] DEBUG org.hibernate.orm.results.loading.org.hibernate.orm.results.loading.collection - (DelayedCollectionInitializer) Current row collection key : org.frcpm.models.Subsystem(959665495065200).tasks#2
10:24:09.210 [main] DEBUG org.hibernate.orm.results.loading.entity - (EntityResultInitializer) Created new entity instance [org.frcpm.models.Subsystem(959665495065200)#2] : 1405565869
10:24:09.210 [main] DEBUG org.hibernate.orm.results - Extracted JDBC value [3] - [1]
10:24:09.210 [main] DEBUG org.hibernate.orm.results - Extracted JDBC value [1] - [Mechanism for collecting game pieces]
10:24:09.210 [main] DEBUG org.hibernate.orm.results - Extracted JDBC value [2] - [Intake]
10:24:09.210 [main] DEBUG org.hibernate.orm.results - Extracted JDBC value [4] - [NOT_STARTED]
10:24:09.210 [main] DEBUG org.hibernate.orm.results.loading.entity - (EntityResultInitializer) Done materializing entityInstance : org.frcpm.models.Subsystem(959665495065200)#2
10:24:09.210 [main] DEBUG org.hibernate.orm.results.loading - Calling top-level assembler (0 / 1) : org.hibernate.sql.results.graph.entity.internal.EntityAssembler@10e1aabd
10:24:09.210 [main] DEBUG org.hibernate.orm.results - Extracted JDBC value [0] - [3]
10:24:09.210 [main] DEBUG org.hibernate.orm.results.loading.entity - (EntityResultInitializer) Hydrated EntityKey (org.frcpm.models.Subsystem(959665495065200)): 3
10:24:09.210 [main] DEBUG org.hibernate.orm.results.loading.org.hibernate.orm.results.loading.collection - (DelayedCollectionInitializer) Current row collection key : org.frcpm.models.Subsystem(959665495065200).tasks#3
10:24:09.210 [main] DEBUG org.hibernate.orm.results.loading.entity - (EntityResultInitializer) Created new entity instance [org.frcpm.models.Subsystem(959665495065200)#3] : 1721954545
10:24:09.210 [main] DEBUG org.hibernate.orm.results - Extracted JDBC value [3] - [1]
10:24:09.210 [main] DEBUG org.hibernate.orm.results - Extracted JDBC value [1] - [Mechanism for scoring game pieces]
10:24:09.210 [main] DEBUG org.hibernate.orm.results - Extracted JDBC value [2] - [Shooter]
10:24:09.210 [main] DEBUG org.hibernate.orm.results - Extracted JDBC value [4] - [NOT_STARTED]
10:24:09.210 [main] DEBUG org.hibernate.orm.results.loading.entity - (EntityResultInitializer) Done materializing entityInstance : org.frcpm.models.Subsystem(959665495065200)#3
10:24:09.210 [main] DEBUG org.hibernate.orm.results.loading - Calling top-level assembler (0 / 1) : org.hibernate.sql.results.graph.entity.internal.EntityAssembler@10e1aabd
10:24:09.210 [main] DEBUG org.hibernate.orm.results - Extracted JDBC value [0] - [4]
10:24:09.210 [main] DEBUG org.hibernate.orm.results.loading.entity - (EntityResultInitializer) Hydrated EntityKey (org.frcpm.models.Subsystem(959665495065200)): 4
10:24:09.210 [main] DEBUG org.hibernate.orm.results.loading.org.hibernate.orm.results.loading.collection - (DelayedCollectionInitializer) Current row collection key : org.frcpm.models.Subsystem(959665495065200).tasks#4
10:24:09.210 [main] DEBUG org.hibernate.orm.results.loading.entity - (EntityResultInitializer) Created new entity instance [org.frcpm.models.Subsystem(959665495065200)#4] : 301685845
10:24:09.210 [main] DEBUG org.hibernate.orm.results - Extracted JDBC value [3] - [3]
10:24:09.212 [main] DEBUG org.hibernate.orm.results - Extracted JDBC value [1] - [Camera and processing system for targeting]
10:24:09.212 [main] DEBUG org.hibernate.orm.results - Extracted JDBC value [2] - [Vision]
10:24:09.212 [main] DEBUG org.hibernate.orm.results - Extracted JDBC value [4] - [NOT_STARTED]
10:24:09.212 [main] DEBUG org.hibernate.orm.results.loading.entity - (EntityResultInitializer) Done materializing entityInstance : org.frcpm.models.Subsystem(959665495065200)#4
10:24:09.212 [main] DEBUG org.hibernate.orm.results.loading - Calling top-level assembler (0 / 1) : org.hibernate.sql.results.graph.entity.internal.EntityAssembler@10e1aabd
10:24:09.212 [main] DEBUG org.hibernate.orm.results - Extracted JDBC value [0] - [5]
10:24:09.212 [main] DEBUG org.hibernate.orm.results.loading.entity - (EntityResultInitializer) Hydrated EntityKey (org.frcpm.models.Subsystem(959665495065200)): 5
10:24:09.212 [main] DEBUG org.hibernate.orm.results.loading.org.hibernate.orm.results.loading.collection - (DelayedCollectionInitializer) Current row collection key : org.frcpm.models.Subsystem(959665495065200).tasks#5
10:24:09.212 [main] DEBUG org.hibernate.orm.results.loading.entity - (EntityResultInitializer) Created new entity instance [org.frcpm.models.Subsystem(959665495065200)#5] : 311177609
10:24:09.212 [main] DEBUG org.hibernate.orm.results - Extracted JDBC value [3] - [2]
10:24:09.212 [main] DEBUG org.hibernate.orm.results - Extracted JDBC value [1] - [Wiring, electronics, and sensors]
10:24:09.212 [main] DEBUG org.hibernate.orm.results - Extracted JDBC value [2] - [Controls]
10:24:09.212 [main] DEBUG org.hibernate.orm.results - Extracted JDBC value [4] - [NOT_STARTED]
10:24:09.212 [main] DEBUG org.hibernate.orm.results.loading.entity - (EntityResultInitializer) Done materializing entityInstance : org.frcpm.models.Subsystem(959665495065200)#5
10:24:09.212 [main] DEBUG org.hibernate.orm.results.loading - Calling top-level assembler (0 / 1) : org.hibernate.sql.results.graph.entity.internal.EntityAssembler@10e1aabd
10:24:09.212 [main] DEBUG org.hibernate.orm.results - Extracted JDBC value [0] - [18]
10:24:09.212 [main] DEBUG org.hibernate.orm.results.loading.entity - (EntityResultInitializer) Hydrated EntityKey (org.frcpm.models.Subsystem(959665495065200)): 18
10:24:09.212 [main] DEBUG org.hibernate.orm.results.loading.org.hibernate.orm.results.loading.collection - (DelayedCollectionInitializer) Current row collection key : org.frcpm.models.Subsystem(959665495065200).tasks#18
10:24:09.212 [main] DEBUG org.hibernate.orm.results.loading.entity - (EntityResultInitializer) Created new entity instance [org.frcpm.models.Subsystem(959665495065200)#18] : 2048937815
10:24:09.212 [main] DEBUG org.hibernate.orm.results - Extracted JDBC value [3] - [null]
10:24:09.212 [main] DEBUG org.hibernate.orm.results - Extracted JDBC value [1] - [null]
10:24:09.212 [main] DEBUG org.hibernate.orm.results - Extracted JDBC value [2] - [Test Count Subsystem]
10:24:09.212 [main] DEBUG org.hibernate.orm.results - Extracted JDBC value [4] - [NOT_STARTED]
10:24:09.212 [main] DEBUG org.hibernate.orm.results.loading.entity - (EntityResultInitializer) Done materializing entityInstance : org.frcpm.models.Subsystem(959665495065200)#18
10:24:09.212 [main] DEBUG org.hibernate.orm.results.loading - Calling top-level assembler (0 / 1) : org.hibernate.sql.results.graph.entity.internal.EntityAssembler@10e1aabd
10:24:09.212 [main] DEBUG org.hibernate.orm.results - Extracted JDBC value [0] - [22]
10:24:09.212 [main] DEBUG org.hibernate.orm.results.loading.entity - (EntityResultInitializer) Hydrated EntityKey (org.frcpm.models.Subsystem(959665495065200)): 22
10:24:09.212 [main] DEBUG org.hibernate.orm.results.loading.org.hibernate.orm.results.loading.collection - (DelayedCollectionInitializer) Current row collection key : org.frcpm.models.Subsystem(959665495065200).tasks#22
10:24:09.212 [main] DEBUG org.hibernate.orm.results.loading.entity - (EntityResultInitializer) Created new entity instance [org.frcpm.models.Subsystem(959665495065200)#22] : 698925563
10:24:09.212 [main] DEBUG org.hibernate.orm.results - Extracted JDBC value [3] - [null]
10:24:09.212 [main] DEBUG org.hibernate.orm.results - Extracted JDBC value [1] - [Save subsystem description]
10:24:09.212 [main] DEBUG org.hibernate.orm.results - Extracted JDBC value [2] - [Test Save Subsystem]
10:24:09.212 [main] DEBUG org.hibernate.orm.results - Extracted JDBC value [4] - [TESTING]
10:24:09.212 [main] DEBUG org.hibernate.orm.results.loading.entity - (EntityResultInitializer) Done materializing entityInstance : org.frcpm.models.Subsystem(959665495065200)#22
10:24:09.212 [main] DEBUG org.hibernate.orm.results.loading - Calling top-level assembler (0 / 1) : org.hibernate.sql.results.graph.entity.internal.EntityAssembler@10e1aabd
10:24:09.212 [main] DEBUG org.hibernate.orm.results - Extracted JDBC value [0] - [43]
10:24:09.212 [main] DEBUG org.hibernate.orm.results.loading.entity - (EntityResultInitializer) Hydrated EntityKey (org.frcpm.models.Subsystem(959665495065200)): 43
10:24:09.212 [main] DEBUG org.hibernate.orm.results.loading.org.hibernate.orm.results.loading.collection - (DelayedCollectionInitializer) Current row collection key : org.frcpm.models.Subsystem(959665495065200).tasks#43
10:24:09.212 [main] DEBUG org.hibernate.orm.results.loading.entity - (EntityResultInitializer) Created new entity instance [org.frcpm.models.Subsystem(959665495065200)#43] : 1970948345
10:24:09.212 [main] DEBUG org.hibernate.orm.results - Extracted JDBC value [3] - [null]
10:24:09.212 [main] DEBUG org.hibernate.orm.results - Extracted JDBC value [1] - [Updated description]
10:24:09.212 [main] DEBUG org.hibernate.orm.results - Extracted JDBC value [2] - [Updated Subsystem Name]
10:24:09.212 [main] DEBUG org.hibernate.orm.results - Extracted JDBC value [4] - [ISSUES]
10:24:09.212 [main] DEBUG org.hibernate.orm.results.loading.entity - (EntityResultInitializer) Done materializing entityInstance : org.frcpm.models.Subsystem(959665495065200)#43
10:24:09.212 [main] DEBUG org.hibernate.orm.results.loading - Calling top-level assembler (0 / 1) : org.hibernate.sql.results.graph.entity.internal.EntityAssembler@10e1aabd
10:24:09.212 [main] DEBUG org.hibernate.orm.results - Extracted JDBC value [0] - [44]
10:24:09.212 [main] DEBUG org.hibernate.orm.results.loading.entity - (EntityResultInitializer) Hydrated EntityKey (org.frcpm.models.Subsystem(959665495065200)): 44
10:24:09.212 [main] DEBUG org.hibernate.orm.results.loading.org.hibernate.orm.results.loading.collection - (DelayedCollectionInitializer) Current row collection key : org.frcpm.models.Subsystem(959665495065200).tasks#44
10:24:09.212 [main] DEBUG org.hibernate.orm.results.loading.entity - (EntityResultInitializer) Created new entity instance [org.frcpm.models.Subsystem(959665495065200)#44] : 502535312
10:24:09.212 [main] DEBUG org.hibernate.orm.results - Extracted JDBC value [3] - [null]
10:24:09.213 [main] DEBUG org.hibernate.orm.results - Extracted JDBC value [1] - [null]
10:24:09.213 [main] DEBUG org.hibernate.orm.results - Extracted JDBC value [2] - [Test Task Subsystem]
10:24:09.213 [main] DEBUG org.hibernate.orm.results - Extracted JDBC value [4] - [NOT_STARTED]
10:24:09.213 [main] DEBUG org.hibernate.orm.results.loading.entity - (EntityResultInitializer) Done materializing entityInstance : org.frcpm.models.Subsystem(959665495065200)#44
10:24:09.213 [main] DEBUG org.hibernate.orm.results.loading - Calling top-level assembler (0 / 1) : org.hibernate.sql.results.graph.entity.internal.EntityAssembler@10e1aabd
10:24:09.213 [main] DEBUG org.hibernate.orm.results - Extracted JDBC value [0] - [45]
10:24:09.213 [main] DEBUG org.hibernate.orm.results.loading.entity - (EntityResultInitializer) Hydrated EntityKey (org.frcpm.models.Subsystem(959665495065200)): 45
10:24:09.213 [main] DEBUG org.hibernate.orm.results.loading.org.hibernate.orm.results.loading.collection - (DelayedCollectionInitializer) Current row collection key : org.frcpm.models.Subsystem(959665495065200).tasks#45
10:24:09.213 [main] DEBUG org.hibernate.orm.results.loading.entity - (EntityResultInitializer) Created new entity instance [org.frcpm.models.Subsystem(959665495065200)#45] : 1893448633
10:24:09.213 [main] DEBUG org.hibernate.orm.results - Extracted JDBC value [3] - [null]
10:24:09.213 [main] DEBUG org.hibernate.orm.results - Extracted JDBC value [1] - [null]
10:24:09.213 [main] DEBUG org.hibernate.orm.results - Extracted JDBC value [2] - [Test Task Subsystem]
10:24:09.213 [main] DEBUG org.hibernate.orm.results - Extracted JDBC value [4] - [NOT_STARTED]
10:24:09.214 [main] DEBUG org.hibernate.orm.results.loading.entity - (EntityResultInitializer) Done materializing entityInstance : org.frcpm.models.Subsystem(959665495065200)#45
10:24:09.214 [main] DEBUG org.hibernate.orm.results.loading - Calling top-level assembler (0 / 1) : org.hibernate.sql.results.graph.entity.internal.EntityAssembler@10e1aabd
10:24:09.214 [main] DEBUG org.hibernate.orm.results - Extracted JDBC value [0] - [46]
10:24:09.214 [main] DEBUG org.hibernate.orm.results.loading.entity - (EntityResultInitializer) Hydrated EntityKey (org.frcpm.models.Subsystem(959665495065200)): 46
10:24:09.214 [main] DEBUG org.hibernate.orm.results.loading.org.hibernate.orm.results.loading.collection - (DelayedCollectionInitializer) Current row collection key : org.frcpm.models.Subsystem(959665495065200).tasks#46
10:24:09.214 [main] DEBUG org.hibernate.orm.results.loading.entity - (EntityResultInitializer) Created new entity instance [org.frcpm.models.Subsystem(959665495065200)#46] : 1513946341
10:24:09.214 [main] DEBUG org.hibernate.orm.results - Extracted JDBC value [3] - [null]
10:24:09.214 [main] DEBUG org.hibernate.orm.results - Extracted JDBC value [1] - [null]
10:24:09.214 [main] DEBUG org.hibernate.orm.results - Extracted JDBC value [2] - [Test Task Subsystem]
10:24:09.214 [main] DEBUG org.hibernate.orm.results - Extracted JDBC value [4] - [NOT_STARTED]
10:24:09.214 [main] DEBUG org.hibernate.orm.results.loading.entity - (EntityResultInitializer) Done materializing entityInstance : org.frcpm.models.Subsystem(959665495065200)#46
10:24:09.214 [main] DEBUG org.hibernate.orm.results.loading - Calling top-level assembler (0 / 1) : org.hibernate.sql.results.graph.entity.internal.EntityAssembler@10e1aabd
10:24:09.214 [main] DEBUG org.hibernate.orm.results - Extracted JDBC value [0] - [47]
10:24:09.214 [main] DEBUG org.hibernate.orm.results.loading.entity - (EntityResultInitializer) Hydrated EntityKey (org.frcpm.models.Subsystem(959665495065200)): 47
10:24:09.214 [main] DEBUG org.hibernate.orm.results.loading.org.hibernate.orm.results.loading.collection - (DelayedCollectionInitializer) Current row collection key : org.frcpm.models.Subsystem(959665495065200).tasks#47
10:24:09.214 [main] DEBUG org.hibernate.orm.results.loading.entity - (EntityResultInitializer) Created new entity instance [org.frcpm.models.Subsystem(959665495065200)#47] : 686321204
10:24:09.214 [main] DEBUG org.hibernate.orm.results - Extracted JDBC value [3] - [null]
10:24:09.214 [main] DEBUG org.hibernate.orm.results - Extracted JDBC value [1] - [null]
10:24:09.214 [main] DEBUG org.hibernate.orm.results - Extracted JDBC value [2] - [Test Task Subsystem]
10:24:09.214 [main] DEBUG org.hibernate.orm.results - Extracted JDBC value [4] - [NOT_STARTED]
10:24:09.214 [main] DEBUG org.hibernate.orm.results.loading.entity - (EntityResultInitializer) Done materializing entityInstance : org.frcpm.models.Subsystem(959665495065200)#47
10:24:09.214 [main] DEBUG org.hibernate.orm.results.loading - Calling top-level assembler (0 / 1) : org.hibernate.sql.results.graph.entity.internal.EntityAssembler@10e1aabd
10:24:09.215 [main] DEBUG org.hibernate.orm.results - Extracted JDBC value [0] - [48]
10:24:09.215 [main] DEBUG org.hibernate.orm.results.loading.entity - (EntityResultInitializer) Hydrated EntityKey (org.frcpm.models.Subsystem(959665495065200)): 48
10:24:09.215 [main] DEBUG org.hibernate.orm.results.loading.org.hibernate.orm.results.loading.collection - (DelayedCollectionInitializer) Current row collection key : org.frcpm.models.Subsystem(959665495065200).tasks#48
10:24:09.215 [main] DEBUG org.hibernate.orm.results.loading.entity - (EntityResultInitializer) Created new entity instance [org.frcpm.models.Subsystem(959665495065200)#48] : 2064736561
10:24:09.215 [main] DEBUG org.hibernate.orm.results - Extracted JDBC value [3] - [null]
10:24:09.215 [main] DEBUG org.hibernate.orm.results - Extracted JDBC value [1] - [null]
10:24:09.215 [main] DEBUG org.hibernate.orm.results - Extracted JDBC value [2] - [Test Task Subsystem]
10:24:09.215 [main] DEBUG org.hibernate.orm.results - Extracted JDBC value [4] - [NOT_STARTED]
10:24:09.215 [main] DEBUG org.hibernate.orm.results.loading.entity - (EntityResultInitializer) Done materializing entityInstance : org.frcpm.models.Subsystem(959665495065200)#48
10:24:09.215 [main] DEBUG org.hibernate.orm.results.loading - Calling top-level assembler (0 / 1) : org.hibernate.sql.results.graph.entity.internal.EntityAssembler@10e1aabd
10:24:09.215 [main] DEBUG org.hibernate.orm.results - Extracted JDBC value [0] - [49]
10:24:09.215 [main] DEBUG org.hibernate.orm.results.loading.entity - (EntityResultInitializer) Hydrated EntityKey (org.frcpm.models.Subsystem(959665495065200)): 49
10:24:09.215 [main] DEBUG org.hibernate.orm.results.loading.org.hibernate.orm.results.loading.collection - (DelayedCollectionInitializer) Current row collection key : org.frcpm.models.Subsystem(959665495065200).tasks#49
10:24:09.215 [main] DEBUG org.hibernate.orm.results.loading.entity - (EntityResultInitializer) Created new entity instance [org.frcpm.models.Subsystem(959665495065200)#49] : 224888598
10:24:09.215 [main] DEBUG org.hibernate.orm.results - Extracted JDBC value [3] - [null]
10:24:09.215 [main] DEBUG org.hibernate.orm.results - Extracted JDBC value [1] - [null]
10:24:09.216 [main] DEBUG org.hibernate.orm.results - Extracted JDBC value [2] - [Test Task Subsystem]
10:24:09.216 [main] DEBUG org.hibernate.orm.results - Extracted JDBC value [4] - [NOT_STARTED]
10:24:09.216 [main] DEBUG org.hibernate.orm.results.loading.entity - (EntityResultInitializer) Done materializing entityInstance : org.frcpm.models.Subsystem(959665495065200)#49
10:24:09.216 [main] DEBUG org.hibernate.orm.results.loading - Calling top-level assembler (0 / 1) : org.hibernate.sql.results.graph.entity.internal.EntityAssembler@10e1aabd
10:24:09.216 [main] DEBUG org.hibernate.orm.results - Extracted JDBC value [0] - [50]
10:24:09.216 [main] DEBUG org.hibernate.orm.results.loading.entity - (EntityResultInitializer) Hydrated EntityKey (org.frcpm.models.Subsystem(959665495065200)): 50
10:24:09.216 [main] DEBUG org.hibernate.orm.results.loading.org.hibernate.orm.results.loading.collection - (DelayedCollectionInitializer) Current row collection key : org.frcpm.models.Subsystem(959665495065200).tasks#50
10:24:09.216 [main] DEBUG org.hibernate.orm.results.loading.entity - (EntityResultInitializer) Created new entity instance [org.frcpm.models.Subsystem(959665495065200)#50] : 3391153
10:24:09.216 [main] DEBUG org.hibernate.orm.results - Extracted JDBC value [3] - [null]
10:24:09.216 [main] DEBUG org.hibernate.orm.results - Extracted JDBC value [1] - [null]
10:24:09.216 [main] DEBUG org.hibernate.orm.results - Extracted JDBC value [2] - [Test Task Subsystem]
10:24:09.216 [main] DEBUG org.hibernate.orm.results - Extracted JDBC value [4] - [NOT_STARTED]
10:24:09.216 [main] DEBUG org.hibernate.orm.results.loading.entity - (EntityResultInitializer) Done materializing entityInstance : org.frcpm.models.Subsystem(959665495065200)#50
10:24:09.216 [main] DEBUG org.hibernate.orm.results.loading - Calling top-level assembler (0 / 1) : org.hibernate.sql.results.graph.entity.internal.EntityAssembler@10e1aabd
10:24:09.216 [main] DEBUG org.hibernate.orm.results - Extracted JDBC value [0] - [51]
10:24:09.216 [main] DEBUG org.hibernate.orm.results.loading.entity - (EntityResultInitializer) Hydrated EntityKey (org.frcpm.models.Subsystem(959665495065200)): 51
10:24:09.216 [main] DEBUG org.hibernate.orm.results.loading.org.hibernate.orm.results.loading.collection - (DelayedCollectionInitializer) Current row collection key : org.frcpm.models.Subsystem(959665495065200).tasks#51
10:24:09.216 [main] DEBUG org.hibernate.orm.results.loading.entity - (EntityResultInitializer) Created new entity instance [org.frcpm.models.Subsystem(959665495065200)#51] : 2036406021
10:24:09.216 [main] DEBUG org.hibernate.orm.results - Extracted JDBC value [3] - [null]
10:24:09.216 [main] DEBUG org.hibernate.orm.results - Extracted JDBC value [1] - [null]
10:24:09.216 [main] DEBUG org.hibernate.orm.results - Extracted JDBC value [2] - [Test Task Subsystem]
10:24:09.216 [main] DEBUG org.hibernate.orm.results - Extracted JDBC value [4] - [NOT_STARTED]
10:24:09.216 [main] DEBUG org.hibernate.orm.results.loading.entity - (EntityResultInitializer) Done materializing entityInstance : org.frcpm.models.Subsystem(959665495065200)#51
10:24:09.216 [main] DEBUG org.hibernate.orm.results.loading - Calling top-level assembler (0 / 1) : org.hibernate.sql.results.graph.entity.internal.EntityAssembler@10e1aabd
10:24:09.217 [main] DEBUG org.hibernate.orm.results - Extracted JDBC value [0] - [52]
10:24:09.217 [main] DEBUG org.hibernate.orm.results.loading.entity - (EntityResultInitializer) Hydrated EntityKey (org.frcpm.models.Subsystem(959665495065200)): 52
10:24:09.217 [main] DEBUG org.hibernate.orm.results.loading.org.hibernate.orm.results.loading.collection - (DelayedCollectionInitializer) Current row collection key : org.frcpm.models.Subsystem(959665495065200).tasks#52
10:24:09.217 [main] DEBUG org.hibernate.orm.results.loading.entity - (EntityResultInitializer) Created new entity instance [org.frcpm.models.Subsystem(959665495065200)#52] : 1321268078
10:24:09.217 [main] DEBUG org.hibernate.orm.results - Extracted JDBC value [3] - [null]
10:24:09.217 [main] DEBUG org.hibernate.orm.results - Extracted JDBC value [1] - [null]
10:24:09.217 [main] DEBUG org.hibernate.orm.results - Extracted JDBC value [2] - [Test Task Subsystem]
10:24:09.217 [main] DEBUG org.hibernate.orm.results - Extracted JDBC value [4] - [NOT_STARTED]
10:24:09.217 [main] DEBUG org.hibernate.orm.results.loading.entity - (EntityResultInitializer) Done materializing entityInstance : org.frcpm.models.Subsystem(959665495065200)#52
10:24:09.217 [main] DEBUG org.hibernate.orm.results.loading - Calling top-level assembler (0 / 1) : org.hibernate.sql.results.graph.entity.internal.EntityAssembler@10e1aabd
10:24:09.217 [main] DEBUG org.hibernate.orm.results - Extracted JDBC value [0] - [53]
10:24:09.218 [main] DEBUG org.hibernate.orm.results.loading.entity - (EntityResultInitializer) Hydrated EntityKey (org.frcpm.models.Subsystem(959665495065200)): 53
10:24:09.218 [main] DEBUG org.hibernate.orm.results.loading.org.hibernate.orm.results.loading.collection - (DelayedCollectionInitializer) Current row collection key : org.frcpm.models.Subsystem(959665495065200).tasks#53
10:24:09.218 [main] DEBUG org.hibernate.orm.results.loading.entity - (EntityResultInitializer) Created new entity instance [org.frcpm.models.Subsystem(959665495065200)#53] : 207975246
10:24:09.218 [main] DEBUG org.hibernate.orm.results - Extracted JDBC value [3] - [null]
10:24:09.218 [main] DEBUG org.hibernate.orm.results - Extracted JDBC value [1] - [null]
10:24:09.218 [main] DEBUG org.hibernate.orm.results - Extracted JDBC value [2] - [Test Task Subsystem]
10:24:09.219 [main] DEBUG org.hibernate.orm.results - Extracted JDBC value [4] - [NOT_STARTED]
10:24:09.219 [main] DEBUG org.hibernate.orm.results.loading.entity - (EntityResultInitializer) Done materializing entityInstance : org.frcpm.models.Subsystem(959665495065200)#53
10:24:09.219 [main] DEBUG org.hibernate.orm.results.loading - Calling top-level assembler (0 / 1) : org.hibernate.sql.results.graph.entity.internal.EntityAssembler@10e1aabd
10:24:09.219 [main] DEBUG org.hibernate.orm.results - Extracted JDBC value [0] - [54]
10:24:09.219 [main] DEBUG org.hibernate.orm.results.loading.entity - (EntityResultInitializer) Hydrated EntityKey (org.frcpm.models.Subsystem(959665495065200)): 54
10:24:09.219 [main] DEBUG org.hibernate.orm.results.loading.org.hibernate.orm.results.loading.collection - (DelayedCollectionInitializer) Current row collection key : org.frcpm.models.Subsystem(959665495065200).tasks#54
10:24:09.219 [main] DEBUG org.hibernate.orm.results.loading.entity - (EntityResultInitializer) Created new entity instance [org.frcpm.models.Subsystem(959665495065200)#54] : 1319875595
10:24:09.219 [main] DEBUG org.hibernate.orm.results - Extracted JDBC value [3] - [null]
10:24:09.219 [main] DEBUG org.hibernate.orm.results - Extracted JDBC value [1] - [null]
10:24:09.219 [main] DEBUG org.hibernate.orm.results - Extracted JDBC value [2] - [Test Task Subsystem]
10:24:09.219 [main] DEBUG org.hibernate.orm.results - Extracted JDBC value [4] - [NOT_STARTED]
10:24:09.220 [main] DEBUG org.hibernate.orm.results.loading.entity - (EntityResultInitializer) Done materializing entityInstance : org.frcpm.models.Subsystem(959665495065200)#54
10:24:09.220 [main] DEBUG org.hibernate.orm.results.loading - Calling top-level assembler (0 / 1) : org.hibernate.sql.results.graph.entity.internal.EntityAssembler@10e1aabd
10:24:09.220 [main] DEBUG org.hibernate.orm.results - Extracted JDBC value [0] - [55]
10:24:09.220 [main] DEBUG org.hibernate.orm.results.loading.entity - (EntityResultInitializer) Hydrated EntityKey (org.frcpm.models.Subsystem(959665495065200)): 55
10:24:09.220 [main] DEBUG org.hibernate.orm.results.loading.org.hibernate.orm.results.loading.collection - (DelayedCollectionInitializer) Current row collection key : org.frcpm.models.Subsystem(959665495065200).tasks#55
10:24:09.220 [main] DEBUG org.hibernate.orm.results.loading.entity - (EntityResultInitializer) Created new entity instance [org.frcpm.models.Subsystem(959665495065200)#55] : 2029593544
10:24:09.220 [main] DEBUG org.hibernate.orm.results - Extracted JDBC value [3] - [null]
10:24:09.220 [main] DEBUG org.hibernate.orm.results - Extracted JDBC value [1] - [null]
10:24:09.220 [main] DEBUG org.hibernate.orm.results - Extracted JDBC value [2] - [Test Task Subsystem]
10:24:09.220 [main] DEBUG org.hibernate.orm.results - Extracted JDBC value [4] - [NOT_STARTED]
10:24:09.220 [main] DEBUG org.hibernate.orm.results.loading.entity - (EntityResultInitializer) Done materializing entityInstance : org.frcpm.models.Subsystem(959665495065200)#55
10:24:09.220 [main] DEBUG org.hibernate.orm.results.loading - Calling top-level assembler (0 / 1) : org.hibernate.sql.results.graph.entity.internal.EntityAssembler@10e1aabd
10:24:09.220 [main] DEBUG org.hibernate.orm.results - Extracted JDBC value [0] - [56]
10:24:09.220 [main] DEBUG org.hibernate.orm.results.loading.entity - (EntityResultInitializer) Hydrated EntityKey (org.frcpm.models.Subsystem(959665495065200)): 56
10:24:09.220 [main] DEBUG org.hibernate.orm.results.loading.org.hibernate.orm.results.loading.collection - (DelayedCollectionInitializer) Current row collection key : org.frcpm.models.Subsystem(959665495065200).tasks#56
10:24:09.220 [main] DEBUG org.hibernate.orm.results.loading.entity - (EntityResultInitializer) Created new entity instance [org.frcpm.models.Subsystem(959665495065200)#56] : 661938248
10:24:09.220 [main] DEBUG org.hibernate.orm.results - Extracted JDBC value [3] - [null]
10:24:09.220 [main] DEBUG org.hibernate.orm.results - Extracted JDBC value [1] - [null]
10:24:09.220 [main] DEBUG org.hibernate.orm.results - Extracted JDBC value [2] - [Test Task Subsystem]
10:24:09.220 [main] DEBUG org.hibernate.orm.results - Extracted JDBC value [4] - [NOT_STARTED]
10:24:09.222 [main] DEBUG org.hibernate.orm.results.loading.entity - (EntityResultInitializer) Done materializing entityInstance : org.frcpm.models.Subsystem(959665495065200)#56
10:24:09.222 [main] DEBUG org.hibernate.orm.results.loading - Calling top-level assembler (0 / 1) : org.hibernate.sql.results.graph.entity.internal.EntityAssembler@10e1aabd
10:24:09.222 [main] DEBUG org.hibernate.orm.results - Extracted JDBC value [0] - [66]
10:24:09.222 [main] DEBUG org.hibernate.orm.results.loading.entity - (EntityResultInitializer) Hydrated EntityKey (org.frcpm.models.Subsystem(959665495065200)): 66
10:24:09.222 [main] DEBUG org.hibernate.orm.results.loading.org.hibernate.orm.results.loading.collection - (DelayedCollectionInitializer) Current row collection key : org.frcpm.models.Subsystem(959665495065200).tasks#66
10:24:09.222 [main] DEBUG org.hibernate.orm.results.loading.entity - (EntityResultInitializer) Created new entity instance [org.frcpm.models.Subsystem(959665495065200)#66] : 1207021668
10:24:09.222 [main] DEBUG org.hibernate.orm.results - Extracted JDBC value [3] - [null]
10:24:09.222 [main] DEBUG org.hibernate.orm.results - Extracted JDBC value [1] - [Test subsystem for component tests]
10:24:09.222 [main] DEBUG org.hibernate.orm.results - Extracted JDBC value [2] - [Component Test Subsystem]
10:24:09.222 [main] DEBUG org.hibernate.orm.results - Extracted JDBC value [4] - [NOT_STARTED]
10:24:09.222 [main] DEBUG org.hibernate.orm.results.loading.entity - (EntityResultInitializer) Done materializing entityInstance : org.frcpm.models.Subsystem(959665495065200)#66
10:24:09.222 [main] DEBUG org.hibernate.orm.results.loading - Calling top-level assembler (0 / 1) : org.hibernate.sql.results.graph.entity.internal.EntityAssembler@10e1aabd
10:24:09.222 [main] DEBUG org.hibernate.resource.jdbc.internal.LogicalConnectionManagedImpl - Initiating JDBC connection release from afterTransaction
10:24:09.222 [main] DEBUG org.hibernate.resource.jdbc.internal.LogicalConnectionManagedImpl - Initiating JDBC connection release from afterTransaction
]]></system-out>
  </testcase>
  <testcase name="testHandleEditSubsystem" classname="org.frcpm.controllers.SubsystemManagementControllerTest" time="0.017">
    <system-out><![CDATA[10:24:09.230 [main] DEBUG org.hibernate.orm.sql.ast.create - Created new SQL alias : s1_0
10:24:09.230 [main] DEBUG org.hibernate.orm.sql.ast.create - Registration of TableGroup [StandardTableGroup(org.frcpm.models.Subsystem(959665516545200))] with identifierForTableGroup [org.frcpm.models.Subsystem] for NavigablePath [org.frcpm.models.Subsystem] 
10:24:09.231 [main] DEBUG org.hibernate.orm.sql.ast.create - Registration of TableGroup [org.hibernate.sql.ast.tree.from.LazyTableGroup@20516189] with identifierForTableGroup [org.frcpm.models.Subsystem.responsibleSubteam] for NavigablePath [org.frcpm.models.Subsystem.responsibleSubteam] 
10:24:09.231 [main] DEBUG org.hibernate.orm.results.graph.AST - DomainResult Graph:
 \-EntityResultImpl [org.frcpm.models.Subsystem(959665516545200)]
 |  +-BasicFetch [org.frcpm.models.Subsystem(959665516545200).description]
 |  +-BasicFetch [org.frcpm.models.Subsystem(959665516545200).name]
 |  +-CircularFetchImpl [org.frcpm.models.Subsystem(959665516545200).responsibleSubteam]
 |  +-BasicFetch [org.frcpm.models.Subsystem(959665516545200).status]
 |  \-DelayedCollectionFetch [org.frcpm.models.Subsystem(959665516545200).tasks]

10:24:09.232 [main] DEBUG org.hibernate.orm.sql.ast.tree - SQL AST Tree:
    SelectStatement {
      FromClause {
        StandardTableGroup (s1 : org.frcpm.models.Subsystem(959665516545200)) {
          primaryTableReference : subsystems as s1_0
          TableGroupJoins {
            left  join LazyTableGroup (rs1 : org.frcpm.models.Subsystem(959665516545200).responsibleSubteam) {
            }
          }
        }
      }
    }

10:24:09.232 [main] DEBUG org.hibernate.orm.sql.exec - Skipping reading Query result cache data: cache-enabled = false, cache-mode = NORMAL
10:24:09.232 [main] DEBUG org.hibernate.orm.results - Initializer list:
	  org.frcpm.models.Subsystem(959665516545200).responsibleSubteam -> EntityDelayedFetchInitializer(org.frcpm.models.Subsystem(959665516545200).responsibleSubteam)@630913051 (ToOneAttributeMapping(NavigableRole[org.frcpm.models.Subsystem.responsibleSubteam])@135084207)
	  org.frcpm.models.Subsystem(959665516545200) -> EntityResultInitializer(org.frcpm.models.Subsystem(959665516545200))@1740453394 (SingleTableEntityPersister(org.frcpm.models.Subsystem))
	  org.frcpm.models.Subsystem(959665516545200).tasks -> DelayedCollectionInitializer(org.frcpm.models.Subsystem(959665516545200).tasks)@2136765659 (PluralAttribute(org.frcpm.models.Subsystem.tasks))

10:24:09.233 [main] DEBUG org.hibernate.SQL - select s1_0.id,s1_0.description,s1_0.name,s1_0.responsible_subteam_id,s1_0.status from subsystems s1_0
10:24:09.233 [main] DEBUG org.hibernate.orm.results - Extracted JDBC value [0] - [1]
10:24:09.233 [main] DEBUG org.hibernate.orm.results.loading.entity - (EntityResultInitializer) Hydrated EntityKey (org.frcpm.models.Subsystem(959665516545200)): 1
10:24:09.233 [main] DEBUG org.hibernate.orm.results.loading.org.hibernate.orm.results.loading.collection - (DelayedCollectionInitializer) Current row collection key : org.frcpm.models.Subsystem(959665516545200).tasks#1
10:24:09.234 [main] DEBUG org.hibernate.orm.results.loading.entity - (EntityResultInitializer) Created new entity instance [org.frcpm.models.Subsystem(959665516545200)#1] : 679592010
10:24:09.234 [main] DEBUG org.hibernate.orm.results - Extracted JDBC value [3] - [1]
10:24:09.234 [main] DEBUG org.hibernate.orm.results - Extracted JDBC value [1] - [Robot movement and navigation system]
10:24:09.234 [main] DEBUG org.hibernate.orm.results - Extracted JDBC value [2] - [Drivetrain]
10:24:09.234 [main] DEBUG org.hibernate.orm.results - Extracted JDBC value [4] - [IN_PROGRESS]
10:24:09.235 [main] DEBUG org.hibernate.orm.results.loading.entity - (EntityResultInitializer) Done materializing entityInstance : org.frcpm.models.Subsystem(959665516545200)#1
10:24:09.235 [main] DEBUG org.hibernate.orm.results.loading - Calling top-level assembler (0 / 1) : org.hibernate.sql.results.graph.entity.internal.EntityAssembler@30b55cae
10:24:09.235 [main] DEBUG org.hibernate.orm.results - Extracted JDBC value [0] - [2]
10:24:09.235 [main] DEBUG org.hibernate.orm.results.loading.entity - (EntityResultInitializer) Hydrated EntityKey (org.frcpm.models.Subsystem(959665516545200)): 2
10:24:09.235 [main] DEBUG org.hibernate.orm.results.loading.org.hibernate.orm.results.loading.collection - (DelayedCollectionInitializer) Current row collection key : org.frcpm.models.Subsystem(959665516545200).tasks#2
10:24:09.235 [main] DEBUG org.hibernate.orm.results.loading.entity - (EntityResultInitializer) Created new entity instance [org.frcpm.models.Subsystem(959665516545200)#2] : 91958937
10:24:09.235 [main] DEBUG org.hibernate.orm.results - Extracted JDBC value [3] - [1]
10:24:09.236 [main] DEBUG org.hibernate.orm.results - Extracted JDBC value [1] - [Mechanism for collecting game pieces]
10:24:09.236 [main] DEBUG org.hibernate.orm.results - Extracted JDBC value [2] - [Intake]
10:24:09.236 [main] DEBUG org.hibernate.orm.results - Extracted JDBC value [4] - [NOT_STARTED]
10:24:09.236 [main] DEBUG org.hibernate.orm.results.loading.entity - (EntityResultInitializer) Done materializing entityInstance : org.frcpm.models.Subsystem(959665516545200)#2
10:24:09.236 [main] DEBUG org.hibernate.orm.results.loading - Calling top-level assembler (0 / 1) : org.hibernate.sql.results.graph.entity.internal.EntityAssembler@30b55cae
10:24:09.236 [main] DEBUG org.hibernate.orm.results - Extracted JDBC value [0] - [3]
10:24:09.236 [main] DEBUG org.hibernate.orm.results.loading.entity - (EntityResultInitializer) Hydrated EntityKey (org.frcpm.models.Subsystem(959665516545200)): 3
10:24:09.236 [main] DEBUG org.hibernate.orm.results.loading.org.hibernate.orm.results.loading.collection - (DelayedCollectionInitializer) Current row collection key : org.frcpm.models.Subsystem(959665516545200).tasks#3
10:24:09.236 [main] DEBUG org.hibernate.orm.results.loading.entity - (EntityResultInitializer) Created new entity instance [org.frcpm.models.Subsystem(959665516545200)#3] : 732445761
10:24:09.237 [main] DEBUG org.hibernate.orm.results - Extracted JDBC value [3] - [1]
10:24:09.237 [main] DEBUG org.hibernate.orm.results - Extracted JDBC value [1] - [Mechanism for scoring game pieces]
10:24:09.237 [main] DEBUG org.hibernate.orm.results - Extracted JDBC value [2] - [Shooter]
10:24:09.237 [main] DEBUG org.hibernate.orm.results - Extracted JDBC value [4] - [NOT_STARTED]
10:24:09.237 [main] DEBUG org.hibernate.orm.results.loading.entity - (EntityResultInitializer) Done materializing entityInstance : org.frcpm.models.Subsystem(959665516545200)#3
10:24:09.237 [main] DEBUG org.hibernate.orm.results.loading - Calling top-level assembler (0 / 1) : org.hibernate.sql.results.graph.entity.internal.EntityAssembler@30b55cae
10:24:09.237 [main] DEBUG org.hibernate.orm.results - Extracted JDBC value [0] - [4]
10:24:09.237 [main] DEBUG org.hibernate.orm.results.loading.entity - (EntityResultInitializer) Hydrated EntityKey (org.frcpm.models.Subsystem(959665516545200)): 4
10:24:09.237 [main] DEBUG org.hibernate.orm.results.loading.org.hibernate.orm.results.loading.collection - (DelayedCollectionInitializer) Current row collection key : org.frcpm.models.Subsystem(959665516545200).tasks#4
10:24:09.237 [main] DEBUG org.hibernate.orm.results.loading.entity - (EntityResultInitializer) Created new entity instance [org.frcpm.models.Subsystem(959665516545200)#4] : 1831975653
10:24:09.237 [main] DEBUG org.hibernate.orm.results - Extracted JDBC value [3] - [3]
10:24:09.237 [main] DEBUG org.hibernate.orm.results - Extracted JDBC value [1] - [Camera and processing system for targeting]
10:24:09.237 [main] DEBUG org.hibernate.orm.results - Extracted JDBC value [2] - [Vision]
10:24:09.237 [main] DEBUG org.hibernate.orm.results - Extracted JDBC value [4] - [NOT_STARTED]
10:24:09.237 [main] DEBUG org.hibernate.orm.results.loading.entity - (EntityResultInitializer) Done materializing entityInstance : org.frcpm.models.Subsystem(959665516545200)#4
10:24:09.237 [main] DEBUG org.hibernate.orm.results.loading - Calling top-level assembler (0 / 1) : org.hibernate.sql.results.graph.entity.internal.EntityAssembler@30b55cae
10:24:09.237 [main] DEBUG org.hibernate.orm.results - Extracted JDBC value [0] - [5]
10:24:09.237 [main] DEBUG org.hibernate.orm.results.loading.entity - (EntityResultInitializer) Hydrated EntityKey (org.frcpm.models.Subsystem(959665516545200)): 5
10:24:09.237 [main] DEBUG org.hibernate.orm.results.loading.org.hibernate.orm.results.loading.collection - (DelayedCollectionInitializer) Current row collection key : org.frcpm.models.Subsystem(959665516545200).tasks#5
10:24:09.237 [main] DEBUG org.hibernate.orm.results.loading.entity - (EntityResultInitializer) Created new entity instance [org.frcpm.models.Subsystem(959665516545200)#5] : 1441964653
10:24:09.237 [main] DEBUG org.hibernate.orm.results - Extracted JDBC value [3] - [2]
10:24:09.237 [main] DEBUG org.hibernate.orm.results - Extracted JDBC value [1] - [Wiring, electronics, and sensors]
10:24:09.237 [main] DEBUG org.hibernate.orm.results - Extracted JDBC value [2] - [Controls]
10:24:09.237 [main] DEBUG org.hibernate.orm.results - Extracted JDBC value [4] - [NOT_STARTED]
10:24:09.237 [main] DEBUG org.hibernate.orm.results.loading.entity - (EntityResultInitializer) Done materializing entityInstance : org.frcpm.models.Subsystem(959665516545200)#5
10:24:09.237 [main] DEBUG org.hibernate.orm.results.loading - Calling top-level assembler (0 / 1) : org.hibernate.sql.results.graph.entity.internal.EntityAssembler@30b55cae
10:24:09.237 [main] DEBUG org.hibernate.orm.results - Extracted JDBC value [0] - [18]
10:24:09.237 [main] DEBUG org.hibernate.orm.results.loading.entity - (EntityResultInitializer) Hydrated EntityKey (org.frcpm.models.Subsystem(959665516545200)): 18
10:24:09.237 [main] DEBUG org.hibernate.orm.results.loading.org.hibernate.orm.results.loading.collection - (DelayedCollectionInitializer) Current row collection key : org.frcpm.models.Subsystem(959665516545200).tasks#18
10:24:09.237 [main] DEBUG org.hibernate.orm.results.loading.entity - (EntityResultInitializer) Created new entity instance [org.frcpm.models.Subsystem(959665516545200)#18] : 379090980
10:24:09.237 [main] DEBUG org.hibernate.orm.results - Extracted JDBC value [3] - [null]
10:24:09.237 [main] DEBUG org.hibernate.orm.results - Extracted JDBC value [1] - [null]
10:24:09.237 [main] DEBUG org.hibernate.orm.results - Extracted JDBC value [2] - [Test Count Subsystem]
10:24:09.237 [main] DEBUG org.hibernate.orm.results - Extracted JDBC value [4] - [NOT_STARTED]
10:24:09.237 [main] DEBUG org.hibernate.orm.results.loading.entity - (EntityResultInitializer) Done materializing entityInstance : org.frcpm.models.Subsystem(959665516545200)#18
10:24:09.237 [main] DEBUG org.hibernate.orm.results.loading - Calling top-level assembler (0 / 1) : org.hibernate.sql.results.graph.entity.internal.EntityAssembler@30b55cae
10:24:09.237 [main] DEBUG org.hibernate.orm.results - Extracted JDBC value [0] - [22]
10:24:09.237 [main] DEBUG org.hibernate.orm.results.loading.entity - (EntityResultInitializer) Hydrated EntityKey (org.frcpm.models.Subsystem(959665516545200)): 22
10:24:09.237 [main] DEBUG org.hibernate.orm.results.loading.org.hibernate.orm.results.loading.collection - (DelayedCollectionInitializer) Current row collection key : org.frcpm.models.Subsystem(959665516545200).tasks#22
10:24:09.237 [main] DEBUG org.hibernate.orm.results.loading.entity - (EntityResultInitializer) Created new entity instance [org.frcpm.models.Subsystem(959665516545200)#22] : 2132639902
10:24:09.237 [main] DEBUG org.hibernate.orm.results - Extracted JDBC value [3] - [null]
10:24:09.237 [main] DEBUG org.hibernate.orm.results - Extracted JDBC value [1] - [Save subsystem description]
10:24:09.237 [main] DEBUG org.hibernate.orm.results - Extracted JDBC value [2] - [Test Save Subsystem]
10:24:09.237 [main] DEBUG org.hibernate.orm.results - Extracted JDBC value [4] - [TESTING]
10:24:09.237 [main] DEBUG org.hibernate.orm.results.loading.entity - (EntityResultInitializer) Done materializing entityInstance : org.frcpm.models.Subsystem(959665516545200)#22
10:24:09.237 [main] DEBUG org.hibernate.orm.results.loading - Calling top-level assembler (0 / 1) : org.hibernate.sql.results.graph.entity.internal.EntityAssembler@30b55cae
10:24:09.237 [main] DEBUG org.hibernate.orm.results - Extracted JDBC value [0] - [43]
10:24:09.237 [main] DEBUG org.hibernate.orm.results.loading.entity - (EntityResultInitializer) Hydrated EntityKey (org.frcpm.models.Subsystem(959665516545200)): 43
10:24:09.237 [main] DEBUG org.hibernate.orm.results.loading.org.hibernate.orm.results.loading.collection - (DelayedCollectionInitializer) Current row collection key : org.frcpm.models.Subsystem(959665516545200).tasks#43
10:24:09.237 [main] DEBUG org.hibernate.orm.results.loading.entity - (EntityResultInitializer) Created new entity instance [org.frcpm.models.Subsystem(959665516545200)#43] : 748525873
10:24:09.237 [main] DEBUG org.hibernate.orm.results - Extracted JDBC value [3] - [null]
10:24:09.237 [main] DEBUG org.hibernate.orm.results - Extracted JDBC value [1] - [Updated description]
10:24:09.237 [main] DEBUG org.hibernate.orm.results - Extracted JDBC value [2] - [Updated Subsystem Name]
10:24:09.237 [main] DEBUG org.hibernate.orm.results - Extracted JDBC value [4] - [ISSUES]
10:24:09.237 [main] DEBUG org.hibernate.orm.results.loading.entity - (EntityResultInitializer) Done materializing entityInstance : org.frcpm.models.Subsystem(959665516545200)#43
10:24:09.237 [main] DEBUG org.hibernate.orm.results.loading - Calling top-level assembler (0 / 1) : org.hibernate.sql.results.graph.entity.internal.EntityAssembler@30b55cae
10:24:09.237 [main] DEBUG org.hibernate.orm.results - Extracted JDBC value [0] - [44]
10:24:09.237 [main] DEBUG org.hibernate.orm.results.loading.entity - (EntityResultInitializer) Hydrated EntityKey (org.frcpm.models.Subsystem(959665516545200)): 44
10:24:09.237 [main] DEBUG org.hibernate.orm.results.loading.org.hibernate.orm.results.loading.collection - (DelayedCollectionInitializer) Current row collection key : org.frcpm.models.Subsystem(959665516545200).tasks#44
10:24:09.237 [main] DEBUG org.hibernate.orm.results.loading.entity - (EntityResultInitializer) Created new entity instance [org.frcpm.models.Subsystem(959665516545200)#44] : 1696066829
10:24:09.237 [main] DEBUG org.hibernate.orm.results - Extracted JDBC value [3] - [null]
10:24:09.237 [main] DEBUG org.hibernate.orm.results - Extracted JDBC value [1] - [null]
10:24:09.237 [main] DEBUG org.hibernate.orm.results - Extracted JDBC value [2] - [Test Task Subsystem]
10:24:09.237 [main] DEBUG org.hibernate.orm.results - Extracted JDBC value [4] - [NOT_STARTED]
10:24:09.237 [main] DEBUG org.hibernate.orm.results.loading.entity - (EntityResultInitializer) Done materializing entityInstance : org.frcpm.models.Subsystem(959665516545200)#44
10:24:09.237 [main] DEBUG org.hibernate.orm.results.loading - Calling top-level assembler (0 / 1) : org.hibernate.sql.results.graph.entity.internal.EntityAssembler@30b55cae
10:24:09.237 [main] DEBUG org.hibernate.orm.results - Extracted JDBC value [0] - [45]
10:24:09.237 [main] DEBUG org.hibernate.orm.results.loading.entity - (EntityResultInitializer) Hydrated EntityKey (org.frcpm.models.Subsystem(959665516545200)): 45
10:24:09.237 [main] DEBUG org.hibernate.orm.results.loading.org.hibernate.orm.results.loading.collection - (DelayedCollectionInitializer) Current row collection key : org.frcpm.models.Subsystem(959665516545200).tasks#45
10:24:09.237 [main] DEBUG org.hibernate.orm.results.loading.entity - (EntityResultInitializer) Created new entity instance [org.frcpm.models.Subsystem(959665516545200)#45] : 1356624790
10:24:09.237 [main] DEBUG org.hibernate.orm.results - Extracted JDBC value [3] - [null]
10:24:09.237 [main] DEBUG org.hibernate.orm.results - Extracted JDBC value [1] - [null]
10:24:09.237 [main] DEBUG org.hibernate.orm.results - Extracted JDBC value [2] - [Test Task Subsystem]
10:24:09.237 [main] DEBUG org.hibernate.orm.results - Extracted JDBC value [4] - [NOT_STARTED]
10:24:09.237 [main] DEBUG org.hibernate.orm.results.loading.entity - (EntityResultInitializer) Done materializing entityInstance : org.frcpm.models.Subsystem(959665516545200)#45
10:24:09.237 [main] DEBUG org.hibernate.orm.results.loading - Calling top-level assembler (0 / 1) : org.hibernate.sql.results.graph.entity.internal.EntityAssembler@30b55cae
10:24:09.237 [main] DEBUG org.hibernate.orm.results - Extracted JDBC value [0] - [46]
10:24:09.237 [main] DEBUG org.hibernate.orm.results.loading.entity - (EntityResultInitializer) Hydrated EntityKey (org.frcpm.models.Subsystem(959665516545200)): 46
10:24:09.237 [main] DEBUG org.hibernate.orm.results.loading.org.hibernate.orm.results.loading.collection - (DelayedCollectionInitializer) Current row collection key : org.frcpm.models.Subsystem(959665516545200).tasks#46
10:24:09.238 [main] DEBUG org.hibernate.orm.results.loading.entity - (EntityResultInitializer) Created new entity instance [org.frcpm.models.Subsystem(959665516545200)#46] : 279928046
10:24:09.238 [main] DEBUG org.hibernate.orm.results - Extracted JDBC value [3] - [null]
10:24:09.238 [main] DEBUG org.hibernate.orm.results - Extracted JDBC value [1] - [null]
10:24:09.238 [main] DEBUG org.hibernate.orm.results - Extracted JDBC value [2] - [Test Task Subsystem]
10:24:09.238 [main] DEBUG org.hibernate.orm.results - Extracted JDBC value [4] - [NOT_STARTED]
10:24:09.238 [main] DEBUG org.hibernate.orm.results.loading.entity - (EntityResultInitializer) Done materializing entityInstance : org.frcpm.models.Subsystem(959665516545200)#46
10:24:09.238 [main] DEBUG org.hibernate.orm.results.loading - Calling top-level assembler (0 / 1) : org.hibernate.sql.results.graph.entity.internal.EntityAssembler@30b55cae
10:24:09.238 [main] DEBUG org.hibernate.orm.results - Extracted JDBC value [0] - [47]
10:24:09.238 [main] DEBUG org.hibernate.orm.results.loading.entity - (EntityResultInitializer) Hydrated EntityKey (org.frcpm.models.Subsystem(959665516545200)): 47
10:24:09.238 [main] DEBUG org.hibernate.orm.results.loading.org.hibernate.orm.results.loading.collection - (DelayedCollectionInitializer) Current row collection key : org.frcpm.models.Subsystem(959665516545200).tasks#47
10:24:09.238 [main] DEBUG org.hibernate.orm.results.loading.entity - (EntityResultInitializer) Created new entity instance [org.frcpm.models.Subsystem(959665516545200)#47] : 1918956671
10:24:09.238 [main] DEBUG org.hibernate.orm.results - Extracted JDBC value [3] - [null]
10:24:09.238 [main] DEBUG org.hibernate.orm.results - Extracted JDBC value [1] - [null]
10:24:09.238 [main] DEBUG org.hibernate.orm.results - Extracted JDBC value [2] - [Test Task Subsystem]
10:24:09.238 [main] DEBUG org.hibernate.orm.results - Extracted JDBC value [4] - [NOT_STARTED]
10:24:09.238 [main] DEBUG org.hibernate.orm.results.loading.entity - (EntityResultInitializer) Done materializing entityInstance : org.frcpm.models.Subsystem(959665516545200)#47
10:24:09.238 [main] DEBUG org.hibernate.orm.results.loading - Calling top-level assembler (0 / 1) : org.hibernate.sql.results.graph.entity.internal.EntityAssembler@30b55cae
10:24:09.238 [main] DEBUG org.hibernate.orm.results - Extracted JDBC value [0] - [48]
10:24:09.238 [main] DEBUG org.hibernate.orm.results.loading.entity - (EntityResultInitializer) Hydrated EntityKey (org.frcpm.models.Subsystem(959665516545200)): 48
10:24:09.238 [main] DEBUG org.hibernate.orm.results.loading.org.hibernate.orm.results.loading.collection - (DelayedCollectionInitializer) Current row collection key : org.frcpm.models.Subsystem(959665516545200).tasks#48
10:24:09.238 [main] DEBUG org.hibernate.orm.results.loading.entity - (EntityResultInitializer) Created new entity instance [org.frcpm.models.Subsystem(959665516545200)#48] : 120518640
10:24:09.238 [main] DEBUG org.hibernate.orm.results - Extracted JDBC value [3] - [null]
10:24:09.238 [main] DEBUG org.hibernate.orm.results - Extracted JDBC value [1] - [null]
10:24:09.238 [main] DEBUG org.hibernate.orm.results - Extracted JDBC value [2] - [Test Task Subsystem]
10:24:09.238 [main] DEBUG org.hibernate.orm.results - Extracted JDBC value [4] - [NOT_STARTED]
10:24:09.238 [main] DEBUG org.hibernate.orm.results.loading.entity - (EntityResultInitializer) Done materializing entityInstance : org.frcpm.models.Subsystem(959665516545200)#48
10:24:09.238 [main] DEBUG org.hibernate.orm.results.loading - Calling top-level assembler (0 / 1) : org.hibernate.sql.results.graph.entity.internal.EntityAssembler@30b55cae
10:24:09.238 [main] DEBUG org.hibernate.orm.results - Extracted JDBC value [0] - [49]
10:24:09.238 [main] DEBUG org.hibernate.orm.results.loading.entity - (EntityResultInitializer) Hydrated EntityKey (org.frcpm.models.Subsystem(959665516545200)): 49
10:24:09.239 [main] DEBUG org.hibernate.orm.results.loading.org.hibernate.orm.results.loading.collection - (DelayedCollectionInitializer) Current row collection key : org.frcpm.models.Subsystem(959665516545200).tasks#49
10:24:09.239 [main] DEBUG org.hibernate.orm.results.loading.entity - (EntityResultInitializer) Created new entity instance [org.frcpm.models.Subsystem(959665516545200)#49] : 682227570
10:24:09.239 [main] DEBUG org.hibernate.orm.results - Extracted JDBC value [3] - [null]
10:24:09.239 [main] DEBUG org.hibernate.orm.results - Extracted JDBC value [1] - [null]
10:24:09.239 [main] DEBUG org.hibernate.orm.results - Extracted JDBC value [2] - [Test Task Subsystem]
10:24:09.239 [main] DEBUG org.hibernate.orm.results - Extracted JDBC value [4] - [NOT_STARTED]
10:24:09.239 [main] DEBUG org.hibernate.orm.results.loading.entity - (EntityResultInitializer) Done materializing entityInstance : org.frcpm.models.Subsystem(959665516545200)#49
10:24:09.239 [main] DEBUG org.hibernate.orm.results.loading - Calling top-level assembler (0 / 1) : org.hibernate.sql.results.graph.entity.internal.EntityAssembler@30b55cae
10:24:09.239 [main] DEBUG org.hibernate.orm.results - Extracted JDBC value [0] - [50]
10:24:09.239 [main] DEBUG org.hibernate.orm.results.loading.entity - (EntityResultInitializer) Hydrated EntityKey (org.frcpm.models.Subsystem(959665516545200)): 50
10:24:09.239 [main] DEBUG org.hibernate.orm.results.loading.org.hibernate.orm.results.loading.collection - (DelayedCollectionInitializer) Current row collection key : org.frcpm.models.Subsystem(959665516545200).tasks#50
10:24:09.239 [main] DEBUG org.hibernate.orm.results.loading.entity - (EntityResultInitializer) Created new entity instance [org.frcpm.models.Subsystem(959665516545200)#50] : 1371139678
10:24:09.239 [main] DEBUG org.hibernate.orm.results - Extracted JDBC value [3] - [null]
10:24:09.239 [main] DEBUG org.hibernate.orm.results - Extracted JDBC value [1] - [null]
10:24:09.239 [main] DEBUG org.hibernate.orm.results - Extracted JDBC value [2] - [Test Task Subsystem]
10:24:09.239 [main] DEBUG org.hibernate.orm.results - Extracted JDBC value [4] - [NOT_STARTED]
10:24:09.239 [main] DEBUG org.hibernate.orm.results.loading.entity - (EntityResultInitializer) Done materializing entityInstance : org.frcpm.models.Subsystem(959665516545200)#50
10:24:09.239 [main] DEBUG org.hibernate.orm.results.loading - Calling top-level assembler (0 / 1) : org.hibernate.sql.results.graph.entity.internal.EntityAssembler@30b55cae
10:24:09.240 [main] DEBUG org.hibernate.orm.results - Extracted JDBC value [0] - [51]
10:24:09.240 [main] DEBUG org.hibernate.orm.results.loading.entity - (EntityResultInitializer) Hydrated EntityKey (org.frcpm.models.Subsystem(959665516545200)): 51
10:24:09.240 [main] DEBUG org.hibernate.orm.results.loading.org.hibernate.orm.results.loading.collection - (DelayedCollectionInitializer) Current row collection key : org.frcpm.models.Subsystem(959665516545200).tasks#51
10:24:09.240 [main] DEBUG org.hibernate.orm.results.loading.entity - (EntityResultInitializer) Created new entity instance [org.frcpm.models.Subsystem(959665516545200)#51] : 308981470
10:24:09.240 [main] DEBUG org.hibernate.orm.results - Extracted JDBC value [3] - [null]
10:24:09.240 [main] DEBUG org.hibernate.orm.results - Extracted JDBC value [1] - [null]
10:24:09.240 [main] DEBUG org.hibernate.orm.results - Extracted JDBC value [2] - [Test Task Subsystem]
10:24:09.240 [main] DEBUG org.hibernate.orm.results - Extracted JDBC value [4] - [NOT_STARTED]
10:24:09.240 [main] DEBUG org.hibernate.orm.results.loading.entity - (EntityResultInitializer) Done materializing entityInstance : org.frcpm.models.Subsystem(959665516545200)#51
10:24:09.240 [main] DEBUG org.hibernate.orm.results.loading - Calling top-level assembler (0 / 1) : org.hibernate.sql.results.graph.entity.internal.EntityAssembler@30b55cae
10:24:09.240 [main] DEBUG org.hibernate.orm.results - Extracted JDBC value [0] - [52]
10:24:09.240 [main] DEBUG org.hibernate.orm.results.loading.entity - (EntityResultInitializer) Hydrated EntityKey (org.frcpm.models.Subsystem(959665516545200)): 52
10:24:09.240 [main] DEBUG org.hibernate.orm.results.loading.org.hibernate.orm.results.loading.collection - (DelayedCollectionInitializer) Current row collection key : org.frcpm.models.Subsystem(959665516545200).tasks#52
10:24:09.240 [main] DEBUG org.hibernate.orm.results.loading.entity - (EntityResultInitializer) Created new entity instance [org.frcpm.models.Subsystem(959665516545200)#52] : 1843512523
10:24:09.240 [main] DEBUG org.hibernate.orm.results - Extracted JDBC value [3] - [null]
10:24:09.240 [main] DEBUG org.hibernate.orm.results - Extracted JDBC value [1] - [null]
10:24:09.240 [main] DEBUG org.hibernate.orm.results - Extracted JDBC value [2] - [Test Task Subsystem]
10:24:09.240 [main] DEBUG org.hibernate.orm.results - Extracted JDBC value [4] - [NOT_STARTED]
10:24:09.240 [main] DEBUG org.hibernate.orm.results.loading.entity - (EntityResultInitializer) Done materializing entityInstance : org.frcpm.models.Subsystem(959665516545200)#52
10:24:09.240 [main] DEBUG org.hibernate.orm.results.loading - Calling top-level assembler (0 / 1) : org.hibernate.sql.results.graph.entity.internal.EntityAssembler@30b55cae
10:24:09.240 [main] DEBUG org.hibernate.orm.results - Extracted JDBC value [0] - [53]
10:24:09.240 [main] DEBUG org.hibernate.orm.results.loading.entity - (EntityResultInitializer) Hydrated EntityKey (org.frcpm.models.Subsystem(959665516545200)): 53
10:24:09.240 [main] DEBUG org.hibernate.orm.results.loading.org.hibernate.orm.results.loading.collection - (DelayedCollectionInitializer) Current row collection key : org.frcpm.models.Subsystem(959665516545200).tasks#53
10:24:09.240 [main] DEBUG org.hibernate.orm.results.loading.entity - (EntityResultInitializer) Created new entity instance [org.frcpm.models.Subsystem(959665516545200)#53] : 562411217
10:24:09.240 [main] DEBUG org.hibernate.orm.results - Extracted JDBC value [3] - [null]
10:24:09.240 [main] DEBUG org.hibernate.orm.results - Extracted JDBC value [1] - [null]
10:24:09.240 [main] DEBUG org.hibernate.orm.results - Extracted JDBC value [2] - [Test Task Subsystem]
10:24:09.241 [main] DEBUG org.hibernate.orm.results - Extracted JDBC value [4] - [NOT_STARTED]
10:24:09.241 [main] DEBUG org.hibernate.orm.results.loading.entity - (EntityResultInitializer) Done materializing entityInstance : org.frcpm.models.Subsystem(959665516545200)#53
10:24:09.241 [main] DEBUG org.hibernate.orm.results.loading - Calling top-level assembler (0 / 1) : org.hibernate.sql.results.graph.entity.internal.EntityAssembler@30b55cae
10:24:09.241 [main] DEBUG org.hibernate.orm.results - Extracted JDBC value [0] - [54]
10:24:09.241 [main] DEBUG org.hibernate.orm.results.loading.entity - (EntityResultInitializer) Hydrated EntityKey (org.frcpm.models.Subsystem(959665516545200)): 54
10:24:09.241 [main] DEBUG org.hibernate.orm.results.loading.org.hibernate.orm.results.loading.collection - (DelayedCollectionInitializer) Current row collection key : org.frcpm.models.Subsystem(959665516545200).tasks#54
10:24:09.241 [main] DEBUG org.hibernate.orm.results.loading.entity - (EntityResultInitializer) Created new entity instance [org.frcpm.models.Subsystem(959665516545200)#54] : 297389039
10:24:09.241 [main] DEBUG org.hibernate.orm.results - Extracted JDBC value [3] - [null]
10:24:09.241 [main] DEBUG org.hibernate.orm.results - Extracted JDBC value [1] - [null]
10:24:09.241 [main] DEBUG org.hibernate.orm.results - Extracted JDBC value [2] - [Test Task Subsystem]
10:24:09.241 [main] DEBUG org.hibernate.orm.results - Extracted JDBC value [4] - [NOT_STARTED]
10:24:09.241 [main] DEBUG org.hibernate.orm.results.loading.entity - (EntityResultInitializer) Done materializing entityInstance : org.frcpm.models.Subsystem(959665516545200)#54
10:24:09.241 [main] DEBUG org.hibernate.orm.results.loading - Calling top-level assembler (0 / 1) : org.hibernate.sql.results.graph.entity.internal.EntityAssembler@30b55cae
10:24:09.241 [main] DEBUG org.hibernate.orm.results - Extracted JDBC value [0] - [55]
10:24:09.241 [main] DEBUG org.hibernate.orm.results.loading.entity - (EntityResultInitializer) Hydrated EntityKey (org.frcpm.models.Subsystem(959665516545200)): 55
10:24:09.241 [main] DEBUG org.hibernate.orm.results.loading.org.hibernate.orm.results.loading.collection - (DelayedCollectionInitializer) Current row collection key : org.frcpm.models.Subsystem(959665516545200).tasks#55
10:24:09.241 [main] DEBUG org.hibernate.orm.results.loading.entity - (EntityResultInitializer) Created new entity instance [org.frcpm.models.Subsystem(959665516545200)#55] : 210626051
10:24:09.241 [main] DEBUG org.hibernate.orm.results - Extracted JDBC value [3] - [null]
10:24:09.241 [main] DEBUG org.hibernate.orm.results - Extracted JDBC value [1] - [null]
10:24:09.241 [main] DEBUG org.hibernate.orm.results - Extracted JDBC value [2] - [Test Task Subsystem]
10:24:09.241 [main] DEBUG org.hibernate.orm.results - Extracted JDBC value [4] - [NOT_STARTED]
10:24:09.241 [main] DEBUG org.hibernate.orm.results.loading.entity - (EntityResultInitializer) Done materializing entityInstance : org.frcpm.models.Subsystem(959665516545200)#55
10:24:09.241 [main] DEBUG org.hibernate.orm.results.loading - Calling top-level assembler (0 / 1) : org.hibernate.sql.results.graph.entity.internal.EntityAssembler@30b55cae
10:24:09.241 [main] DEBUG org.hibernate.orm.results - Extracted JDBC value [0] - [56]
10:24:09.241 [main] DEBUG org.hibernate.orm.results.loading.entity - (EntityResultInitializer) Hydrated EntityKey (org.frcpm.models.Subsystem(959665516545200)): 56
10:24:09.241 [main] DEBUG org.hibernate.orm.results.loading.org.hibernate.orm.results.loading.collection - (DelayedCollectionInitializer) Current row collection key : org.frcpm.models.Subsystem(959665516545200).tasks#56
10:24:09.241 [main] DEBUG org.hibernate.orm.results.loading.entity - (EntityResultInitializer) Created new entity instance [org.frcpm.models.Subsystem(959665516545200)#56] : 1296075836
10:24:09.241 [main] DEBUG org.hibernate.orm.results - Extracted JDBC value [3] - [null]
10:24:09.241 [main] DEBUG org.hibernate.orm.results - Extracted JDBC value [1] - [null]
10:24:09.241 [main] DEBUG org.hibernate.orm.results - Extracted JDBC value [2] - [Test Task Subsystem]
10:24:09.241 [main] DEBUG org.hibernate.orm.results - Extracted JDBC value [4] - [NOT_STARTED]
10:24:09.241 [main] DEBUG org.hibernate.orm.results.loading.entity - (EntityResultInitializer) Done materializing entityInstance : org.frcpm.models.Subsystem(959665516545200)#56
10:24:09.241 [main] DEBUG org.hibernate.orm.results.loading - Calling top-level assembler (0 / 1) : org.hibernate.sql.results.graph.entity.internal.EntityAssembler@30b55cae
10:24:09.241 [main] DEBUG org.hibernate.orm.results - Extracted JDBC value [0] - [66]
10:24:09.241 [main] DEBUG org.hibernate.orm.results.loading.entity - (EntityResultInitializer) Hydrated EntityKey (org.frcpm.models.Subsystem(959665516545200)): 66
10:24:09.241 [main] DEBUG org.hibernate.orm.results.loading.org.hibernate.orm.results.loading.collection - (DelayedCollectionInitializer) Current row collection key : org.frcpm.models.Subsystem(959665516545200).tasks#66
10:24:09.241 [main] DEBUG org.hibernate.orm.results.loading.entity - (EntityResultInitializer) Created new entity instance [org.frcpm.models.Subsystem(959665516545200)#66] : 962890623
10:24:09.241 [main] DEBUG org.hibernate.orm.results - Extracted JDBC value [3] - [null]
10:24:09.241 [main] DEBUG org.hibernate.orm.results - Extracted JDBC value [1] - [Test subsystem for component tests]
10:24:09.241 [main] DEBUG org.hibernate.orm.results - Extracted JDBC value [2] - [Component Test Subsystem]
10:24:09.241 [main] DEBUG org.hibernate.orm.results - Extracted JDBC value [4] - [NOT_STARTED]
10:24:09.241 [main] DEBUG org.hibernate.orm.results.loading.entity - (EntityResultInitializer) Done materializing entityInstance : org.frcpm.models.Subsystem(959665516545200)#66
10:24:09.241 [main] DEBUG org.hibernate.orm.results.loading - Calling top-level assembler (0 / 1) : org.hibernate.sql.results.graph.entity.internal.EntityAssembler@30b55cae
10:24:09.241 [main] DEBUG org.hibernate.resource.jdbc.internal.LogicalConnectionManagedImpl - Initiating JDBC connection release from afterTransaction
10:24:09.241 [main] DEBUG org.hibernate.resource.jdbc.internal.LogicalConnectionManagedImpl - Initiating JDBC connection release from afterTransaction
]]></system-out>
  </testcase>
  <testcase name="testShowErrorAlert" classname="org.frcpm.controllers.SubsystemManagementControllerTest" time="0.012">
    <system-out><![CDATA[10:24:09.249 [main] DEBUG org.hibernate.orm.sql.ast.create - Created new SQL alias : s1_0
10:24:09.249 [main] DEBUG org.hibernate.orm.sql.ast.create - Registration of TableGroup [StandardTableGroup(org.frcpm.models.Subsystem(959665535014800))] with identifierForTableGroup [org.frcpm.models.Subsystem] for NavigablePath [org.frcpm.models.Subsystem] 
10:24:09.250 [main] DEBUG org.hibernate.orm.sql.ast.create - Registration of TableGroup [org.hibernate.sql.ast.tree.from.LazyTableGroup@2726d4d0] with identifierForTableGroup [org.frcpm.models.Subsystem.responsibleSubteam] for NavigablePath [org.frcpm.models.Subsystem.responsibleSubteam] 
10:24:09.250 [main] DEBUG org.hibernate.orm.results.graph.AST - DomainResult Graph:
 \-EntityResultImpl [org.frcpm.models.Subsystem(959665535014800)]
 |  +-BasicFetch [org.frcpm.models.Subsystem(959665535014800).description]
 |  +-BasicFetch [org.frcpm.models.Subsystem(959665535014800).name]
 |  +-CircularFetchImpl [org.frcpm.models.Subsystem(959665535014800).responsibleSubteam]
 |  +-BasicFetch [org.frcpm.models.Subsystem(959665535014800).status]
 |  \-DelayedCollectionFetch [org.frcpm.models.Subsystem(959665535014800).tasks]

10:24:09.250 [main] DEBUG org.hibernate.orm.sql.ast.tree - SQL AST Tree:
    SelectStatement {
      FromClause {
        StandardTableGroup (s1 : org.frcpm.models.Subsystem(959665535014800)) {
          primaryTableReference : subsystems as s1_0
          TableGroupJoins {
            left  join LazyTableGroup (rs1 : org.frcpm.models.Subsystem(959665535014800).responsibleSubteam) {
            }
          }
        }
      }
    }

10:24:09.250 [main] DEBUG org.hibernate.orm.sql.exec - Skipping reading Query result cache data: cache-enabled = false, cache-mode = NORMAL
10:24:09.251 [main] DEBUG org.hibernate.orm.results - Initializer list:
	  org.frcpm.models.Subsystem(959665535014800).responsibleSubteam -> EntityDelayedFetchInitializer(org.frcpm.models.Subsystem(959665535014800).responsibleSubteam)@1033902090 (ToOneAttributeMapping(NavigableRole[org.frcpm.models.Subsystem.responsibleSubteam])@135084207)
	  org.frcpm.models.Subsystem(959665535014800) -> EntityResultInitializer(org.frcpm.models.Subsystem(959665535014800))@928226706 (SingleTableEntityPersister(org.frcpm.models.Subsystem))
	  org.frcpm.models.Subsystem(959665535014800).tasks -> DelayedCollectionInitializer(org.frcpm.models.Subsystem(959665535014800).tasks)@227164678 (PluralAttribute(org.frcpm.models.Subsystem.tasks))

10:24:09.251 [main] DEBUG org.hibernate.SQL - select s1_0.id,s1_0.description,s1_0.name,s1_0.responsible_subteam_id,s1_0.status from subsystems s1_0
10:24:09.252 [main] DEBUG org.hibernate.orm.results - Extracted JDBC value [0] - [1]
10:24:09.252 [main] DEBUG org.hibernate.orm.results.loading.entity - (EntityResultInitializer) Hydrated EntityKey (org.frcpm.models.Subsystem(959665535014800)): 1
10:24:09.252 [main] DEBUG org.hibernate.orm.results.loading.org.hibernate.orm.results.loading.collection - (DelayedCollectionInitializer) Current row collection key : org.frcpm.models.Subsystem(959665535014800).tasks#1
10:24:09.252 [main] DEBUG org.hibernate.orm.results.loading.entity - (EntityResultInitializer) Created new entity instance [org.frcpm.models.Subsystem(959665535014800)#1] : 173148757
10:24:09.252 [main] DEBUG org.hibernate.orm.results - Extracted JDBC value [3] - [1]
10:24:09.252 [main] DEBUG org.hibernate.orm.results - Extracted JDBC value [1] - [Robot movement and navigation system]
10:24:09.252 [main] DEBUG org.hibernate.orm.results - Extracted JDBC value [2] - [Drivetrain]
10:24:09.252 [main] DEBUG org.hibernate.orm.results - Extracted JDBC value [4] - [IN_PROGRESS]
10:24:09.252 [main] DEBUG org.hibernate.orm.results.loading.entity - (EntityResultInitializer) Done materializing entityInstance : org.frcpm.models.Subsystem(959665535014800)#1
10:24:09.252 [main] DEBUG org.hibernate.orm.results.loading - Calling top-level assembler (0 / 1) : org.hibernate.sql.results.graph.entity.internal.EntityAssembler@157544e5
10:24:09.252 [main] DEBUG org.hibernate.orm.results - Extracted JDBC value [0] - [2]
10:24:09.252 [main] DEBUG org.hibernate.orm.results.loading.entity - (EntityResultInitializer) Hydrated EntityKey (org.frcpm.models.Subsystem(959665535014800)): 2
10:24:09.252 [main] DEBUG org.hibernate.orm.results.loading.org.hibernate.orm.results.loading.collection - (DelayedCollectionInitializer) Current row collection key : org.frcpm.models.Subsystem(959665535014800).tasks#2
10:24:09.253 [main] DEBUG org.hibernate.orm.results.loading.entity - (EntityResultInitializer) Created new entity instance [org.frcpm.models.Subsystem(959665535014800)#2] : 29416213
10:24:09.253 [main] DEBUG org.hibernate.orm.results - Extracted JDBC value [3] - [1]
10:24:09.253 [main] DEBUG org.hibernate.orm.results - Extracted JDBC value [1] - [Mechanism for collecting game pieces]
10:24:09.253 [main] DEBUG org.hibernate.orm.results - Extracted JDBC value [2] - [Intake]
10:24:09.253 [main] DEBUG org.hibernate.orm.results - Extracted JDBC value [4] - [NOT_STARTED]
10:24:09.253 [main] DEBUG org.hibernate.orm.results.loading.entity - (EntityResultInitializer) Done materializing entityInstance : org.frcpm.models.Subsystem(959665535014800)#2
10:24:09.253 [main] DEBUG org.hibernate.orm.results.loading - Calling top-level assembler (0 / 1) : org.hibernate.sql.results.graph.entity.internal.EntityAssembler@157544e5
10:24:09.253 [main] DEBUG org.hibernate.orm.results - Extracted JDBC value [0] - [3]
10:24:09.253 [main] DEBUG org.hibernate.orm.results.loading.entity - (EntityResultInitializer) Hydrated EntityKey (org.frcpm.models.Subsystem(959665535014800)): 3
10:24:09.253 [main] DEBUG org.hibernate.orm.results.loading.org.hibernate.orm.results.loading.collection - (DelayedCollectionInitializer) Current row collection key : org.frcpm.models.Subsystem(959665535014800).tasks#3
10:24:09.253 [main] DEBUG org.hibernate.orm.results.loading.entity - (EntityResultInitializer) Created new entity instance [org.frcpm.models.Subsystem(959665535014800)#3] : 1899814241
10:24:09.253 [main] DEBUG org.hibernate.orm.results - Extracted JDBC value [3] - [1]
10:24:09.253 [main] DEBUG org.hibernate.orm.results - Extracted JDBC value [1] - [Mechanism for scoring game pieces]
10:24:09.253 [main] DEBUG org.hibernate.orm.results - Extracted JDBC value [2] - [Shooter]
10:24:09.253 [main] DEBUG org.hibernate.orm.results - Extracted JDBC value [4] - [NOT_STARTED]
10:24:09.253 [main] DEBUG org.hibernate.orm.results.loading.entity - (EntityResultInitializer) Done materializing entityInstance : org.frcpm.models.Subsystem(959665535014800)#3
10:24:09.253 [main] DEBUG org.hibernate.orm.results.loading - Calling top-level assembler (0 / 1) : org.hibernate.sql.results.graph.entity.internal.EntityAssembler@157544e5
10:24:09.253 [main] DEBUG org.hibernate.orm.results - Extracted JDBC value [0] - [4]
10:24:09.253 [main] DEBUG org.hibernate.orm.results.loading.entity - (EntityResultInitializer) Hydrated EntityKey (org.frcpm.models.Subsystem(959665535014800)): 4
10:24:09.253 [main] DEBUG org.hibernate.orm.results.loading.org.hibernate.orm.results.loading.collection - (DelayedCollectionInitializer) Current row collection key : org.frcpm.models.Subsystem(959665535014800).tasks#4
10:24:09.253 [main] DEBUG org.hibernate.orm.results.loading.entity - (EntityResultInitializer) Created new entity instance [org.frcpm.models.Subsystem(959665535014800)#4] : 1229889395
10:24:09.253 [main] DEBUG org.hibernate.orm.results - Extracted JDBC value [3] - [3]
10:24:09.253 [main] DEBUG org.hibernate.orm.results - Extracted JDBC value [1] - [Camera and processing system for targeting]
10:24:09.253 [main] DEBUG org.hibernate.orm.results - Extracted JDBC value [2] - [Vision]
10:24:09.253 [main] DEBUG org.hibernate.orm.results - Extracted JDBC value [4] - [NOT_STARTED]
10:24:09.253 [main] DEBUG org.hibernate.orm.results.loading.entity - (EntityResultInitializer) Done materializing entityInstance : org.frcpm.models.Subsystem(959665535014800)#4
10:24:09.253 [main] DEBUG org.hibernate.orm.results.loading - Calling top-level assembler (0 / 1) : org.hibernate.sql.results.graph.entity.internal.EntityAssembler@157544e5
10:24:09.253 [main] DEBUG org.hibernate.orm.results - Extracted JDBC value [0] - [5]
10:24:09.253 [main] DEBUG org.hibernate.orm.results.loading.entity - (EntityResultInitializer) Hydrated EntityKey (org.frcpm.models.Subsystem(959665535014800)): 5
10:24:09.253 [main] DEBUG org.hibernate.orm.results.loading.org.hibernate.orm.results.loading.collection - (DelayedCollectionInitializer) Current row collection key : org.frcpm.models.Subsystem(959665535014800).tasks#5
10:24:09.253 [main] DEBUG org.hibernate.orm.results.loading.entity - (EntityResultInitializer) Created new entity instance [org.frcpm.models.Subsystem(959665535014800)#5] : 382871999
10:24:09.253 [main] DEBUG org.hibernate.orm.results - Extracted JDBC value [3] - [2]
10:24:09.254 [main] DEBUG org.hibernate.orm.results - Extracted JDBC value [1] - [Wiring, electronics, and sensors]
10:24:09.254 [main] DEBUG org.hibernate.orm.results - Extracted JDBC value [2] - [Controls]
10:24:09.254 [main] DEBUG org.hibernate.orm.results - Extracted JDBC value [4] - [NOT_STARTED]
10:24:09.254 [main] DEBUG org.hibernate.orm.results.loading.entity - (EntityResultInitializer) Done materializing entityInstance : org.frcpm.models.Subsystem(959665535014800)#5
10:24:09.254 [main] DEBUG org.hibernate.orm.results.loading - Calling top-level assembler (0 / 1) : org.hibernate.sql.results.graph.entity.internal.EntityAssembler@157544e5
10:24:09.254 [main] DEBUG org.hibernate.orm.results - Extracted JDBC value [0] - [18]
10:24:09.254 [main] DEBUG org.hibernate.orm.results.loading.entity - (EntityResultInitializer) Hydrated EntityKey (org.frcpm.models.Subsystem(959665535014800)): 18
10:24:09.254 [main] DEBUG org.hibernate.orm.results.loading.org.hibernate.orm.results.loading.collection - (DelayedCollectionInitializer) Current row collection key : org.frcpm.models.Subsystem(959665535014800).tasks#18
10:24:09.254 [main] DEBUG org.hibernate.orm.results.loading.entity - (EntityResultInitializer) Created new entity instance [org.frcpm.models.Subsystem(959665535014800)#18] : 1789180334
10:24:09.254 [main] DEBUG org.hibernate.orm.results - Extracted JDBC value [3] - [null]
10:24:09.254 [main] DEBUG org.hibernate.orm.results - Extracted JDBC value [1] - [null]
10:24:09.254 [main] DEBUG org.hibernate.orm.results - Extracted JDBC value [2] - [Test Count Subsystem]
10:24:09.254 [main] DEBUG org.hibernate.orm.results - Extracted JDBC value [4] - [NOT_STARTED]
10:24:09.254 [main] DEBUG org.hibernate.orm.results.loading.entity - (EntityResultInitializer) Done materializing entityInstance : org.frcpm.models.Subsystem(959665535014800)#18
10:24:09.254 [main] DEBUG org.hibernate.orm.results.loading - Calling top-level assembler (0 / 1) : org.hibernate.sql.results.graph.entity.internal.EntityAssembler@157544e5
10:24:09.254 [main] DEBUG org.hibernate.orm.results - Extracted JDBC value [0] - [22]
10:24:09.254 [main] DEBUG org.hibernate.orm.results.loading.entity - (EntityResultInitializer) Hydrated EntityKey (org.frcpm.models.Subsystem(959665535014800)): 22
10:24:09.254 [main] DEBUG org.hibernate.orm.results.loading.org.hibernate.orm.results.loading.collection - (DelayedCollectionInitializer) Current row collection key : org.frcpm.models.Subsystem(959665535014800).tasks#22
10:24:09.254 [main] DEBUG org.hibernate.orm.results.loading.entity - (EntityResultInitializer) Created new entity instance [org.frcpm.models.Subsystem(959665535014800)#22] : 2112310529
10:24:09.254 [main] DEBUG org.hibernate.orm.results - Extracted JDBC value [3] - [null]
10:24:09.254 [main] DEBUG org.hibernate.orm.results - Extracted JDBC value [1] - [Save subsystem description]
10:24:09.254 [main] DEBUG org.hibernate.orm.results - Extracted JDBC value [2] - [Test Save Subsystem]
10:24:09.254 [main] DEBUG org.hibernate.orm.results - Extracted JDBC value [4] - [TESTING]
10:24:09.254 [main] DEBUG org.hibernate.orm.results.loading.entity - (EntityResultInitializer) Done materializing entityInstance : org.frcpm.models.Subsystem(959665535014800)#22
10:24:09.254 [main] DEBUG org.hibernate.orm.results.loading - Calling top-level assembler (0 / 1) : org.hibernate.sql.results.graph.entity.internal.EntityAssembler@157544e5
10:24:09.254 [main] DEBUG org.hibernate.orm.results - Extracted JDBC value [0] - [43]
10:24:09.254 [main] DEBUG org.hibernate.orm.results.loading.entity - (EntityResultInitializer) Hydrated EntityKey (org.frcpm.models.Subsystem(959665535014800)): 43
10:24:09.254 [main] DEBUG org.hibernate.orm.results.loading.org.hibernate.orm.results.loading.collection - (DelayedCollectionInitializer) Current row collection key : org.frcpm.models.Subsystem(959665535014800).tasks#43
10:24:09.254 [main] DEBUG org.hibernate.orm.results.loading.entity - (EntityResultInitializer) Created new entity instance [org.frcpm.models.Subsystem(959665535014800)#43] : 97728322
10:24:09.254 [main] DEBUG org.hibernate.orm.results - Extracted JDBC value [3] - [null]
10:24:09.254 [main] DEBUG org.hibernate.orm.results - Extracted JDBC value [1] - [Updated description]
10:24:09.254 [main] DEBUG org.hibernate.orm.results - Extracted JDBC value [2] - [Updated Subsystem Name]
10:24:09.254 [main] DEBUG org.hibernate.orm.results - Extracted JDBC value [4] - [ISSUES]
10:24:09.254 [main] DEBUG org.hibernate.orm.results.loading.entity - (EntityResultInitializer) Done materializing entityInstance : org.frcpm.models.Subsystem(959665535014800)#43
10:24:09.254 [main] DEBUG org.hibernate.orm.results.loading - Calling top-level assembler (0 / 1) : org.hibernate.sql.results.graph.entity.internal.EntityAssembler@157544e5
10:24:09.254 [main] DEBUG org.hibernate.orm.results - Extracted JDBC value [0] - [44]
10:24:09.254 [main] DEBUG org.hibernate.orm.results.loading.entity - (EntityResultInitializer) Hydrated EntityKey (org.frcpm.models.Subsystem(959665535014800)): 44
10:24:09.254 [main] DEBUG org.hibernate.orm.results.loading.org.hibernate.orm.results.loading.collection - (DelayedCollectionInitializer) Current row collection key : org.frcpm.models.Subsystem(959665535014800).tasks#44
10:24:09.254 [main] DEBUG org.hibernate.orm.results.loading.entity - (EntityResultInitializer) Created new entity instance [org.frcpm.models.Subsystem(959665535014800)#44] : 1082654713
10:24:09.254 [main] DEBUG org.hibernate.orm.results - Extracted JDBC value [3] - [null]
10:24:09.254 [main] DEBUG org.hibernate.orm.results - Extracted JDBC value [1] - [null]
10:24:09.254 [main] DEBUG org.hibernate.orm.results - Extracted JDBC value [2] - [Test Task Subsystem]
10:24:09.254 [main] DEBUG org.hibernate.orm.results - Extracted JDBC value [4] - [NOT_STARTED]
10:24:09.254 [main] DEBUG org.hibernate.orm.results.loading.entity - (EntityResultInitializer) Done materializing entityInstance : org.frcpm.models.Subsystem(959665535014800)#44
10:24:09.254 [main] DEBUG org.hibernate.orm.results.loading - Calling top-level assembler (0 / 1) : org.hibernate.sql.results.graph.entity.internal.EntityAssembler@157544e5
10:24:09.254 [main] DEBUG org.hibernate.orm.results - Extracted JDBC value [0] - [45]
10:24:09.254 [main] DEBUG org.hibernate.orm.results.loading.entity - (EntityResultInitializer) Hydrated EntityKey (org.frcpm.models.Subsystem(959665535014800)): 45
10:24:09.254 [main] DEBUG org.hibernate.orm.results.loading.org.hibernate.orm.results.loading.collection - (DelayedCollectionInitializer) Current row collection key : org.frcpm.models.Subsystem(959665535014800).tasks#45
10:24:09.254 [main] DEBUG org.hibernate.orm.results.loading.entity - (EntityResultInitializer) Created new entity instance [org.frcpm.models.Subsystem(959665535014800)#45] : 974286189
10:24:09.254 [main] DEBUG org.hibernate.orm.results - Extracted JDBC value [3] - [null]
10:24:09.254 [main] DEBUG org.hibernate.orm.results - Extracted JDBC value [1] - [null]
10:24:09.254 [main] DEBUG org.hibernate.orm.results - Extracted JDBC value [2] - [Test Task Subsystem]
10:24:09.254 [main] DEBUG org.hibernate.orm.results - Extracted JDBC value [4] - [NOT_STARTED]
10:24:09.254 [main] DEBUG org.hibernate.orm.results.loading.entity - (EntityResultInitializer) Done materializing entityInstance : org.frcpm.models.Subsystem(959665535014800)#45
10:24:09.254 [main] DEBUG org.hibernate.orm.results.loading - Calling top-level assembler (0 / 1) : org.hibernate.sql.results.graph.entity.internal.EntityAssembler@157544e5
10:24:09.254 [main] DEBUG org.hibernate.orm.results - Extracted JDBC value [0] - [46]
10:24:09.254 [main] DEBUG org.hibernate.orm.results.loading.entity - (EntityResultInitializer) Hydrated EntityKey (org.frcpm.models.Subsystem(959665535014800)): 46
10:24:09.254 [main] DEBUG org.hibernate.orm.results.loading.org.hibernate.orm.results.loading.collection - (DelayedCollectionInitializer) Current row collection key : org.frcpm.models.Subsystem(959665535014800).tasks#46
10:24:09.254 [main] DEBUG org.hibernate.orm.results.loading.entity - (EntityResultInitializer) Created new entity instance [org.frcpm.models.Subsystem(959665535014800)#46] : 999185713
10:24:09.254 [main] DEBUG org.hibernate.orm.results - Extracted JDBC value [3] - [null]
10:24:09.254 [main] DEBUG org.hibernate.orm.results - Extracted JDBC value [1] - [null]
10:24:09.254 [main] DEBUG org.hibernate.orm.results - Extracted JDBC value [2] - [Test Task Subsystem]
10:24:09.254 [main] DEBUG org.hibernate.orm.results - Extracted JDBC value [4] - [NOT_STARTED]
10:24:09.254 [main] DEBUG org.hibernate.orm.results.loading.entity - (EntityResultInitializer) Done materializing entityInstance : org.frcpm.models.Subsystem(959665535014800)#46
10:24:09.254 [main] DEBUG org.hibernate.orm.results.loading - Calling top-level assembler (0 / 1) : org.hibernate.sql.results.graph.entity.internal.EntityAssembler@157544e5
10:24:09.254 [main] DEBUG org.hibernate.orm.results - Extracted JDBC value [0] - [47]
10:24:09.254 [main] DEBUG org.hibernate.orm.results.loading.entity - (EntityResultInitializer) Hydrated EntityKey (org.frcpm.models.Subsystem(959665535014800)): 47
10:24:09.254 [main] DEBUG org.hibernate.orm.results.loading.org.hibernate.orm.results.loading.collection - (DelayedCollectionInitializer) Current row collection key : org.frcpm.models.Subsystem(959665535014800).tasks#47
10:24:09.254 [main] DEBUG org.hibernate.orm.results.loading.entity - (EntityResultInitializer) Created new entity instance [org.frcpm.models.Subsystem(959665535014800)#47] : 228129890
10:24:09.254 [main] DEBUG org.hibernate.orm.results - Extracted JDBC value [3] - [null]
10:24:09.254 [main] DEBUG org.hibernate.orm.results - Extracted JDBC value [1] - [null]
10:24:09.254 [main] DEBUG org.hibernate.orm.results - Extracted JDBC value [2] - [Test Task Subsystem]
10:24:09.254 [main] DEBUG org.hibernate.orm.results - Extracted JDBC value [4] - [NOT_STARTED]
10:24:09.254 [main] DEBUG org.hibernate.orm.results.loading.entity - (EntityResultInitializer) Done materializing entityInstance : org.frcpm.models.Subsystem(959665535014800)#47
10:24:09.254 [main] DEBUG org.hibernate.orm.results.loading - Calling top-level assembler (0 / 1) : org.hibernate.sql.results.graph.entity.internal.EntityAssembler@157544e5
10:24:09.254 [main] DEBUG org.hibernate.orm.results - Extracted JDBC value [0] - [48]
10:24:09.254 [main] DEBUG org.hibernate.orm.results.loading.entity - (EntityResultInitializer) Hydrated EntityKey (org.frcpm.models.Subsystem(959665535014800)): 48
10:24:09.254 [main] DEBUG org.hibernate.orm.results.loading.org.hibernate.orm.results.loading.collection - (DelayedCollectionInitializer) Current row collection key : org.frcpm.models.Subsystem(959665535014800).tasks#48
10:24:09.254 [main] DEBUG org.hibernate.orm.results.loading.entity - (EntityResultInitializer) Created new entity instance [org.frcpm.models.Subsystem(959665535014800)#48] : 1214316440
10:24:09.254 [main] DEBUG org.hibernate.orm.results - Extracted JDBC value [3] - [null]
10:24:09.254 [main] DEBUG org.hibernate.orm.results - Extracted JDBC value [1] - [null]
10:24:09.254 [main] DEBUG org.hibernate.orm.results - Extracted JDBC value [2] - [Test Task Subsystem]
10:24:09.254 [main] DEBUG org.hibernate.orm.results - Extracted JDBC value [4] - [NOT_STARTED]
10:24:09.254 [main] DEBUG org.hibernate.orm.results.loading.entity - (EntityResultInitializer) Done materializing entityInstance : org.frcpm.models.Subsystem(959665535014800)#48
10:24:09.254 [main] DEBUG org.hibernate.orm.results.loading - Calling top-level assembler (0 / 1) : org.hibernate.sql.results.graph.entity.internal.EntityAssembler@157544e5
10:24:09.254 [main] DEBUG org.hibernate.orm.results - Extracted JDBC value [0] - [49]
10:24:09.254 [main] DEBUG org.hibernate.orm.results.loading.entity - (EntityResultInitializer) Hydrated EntityKey (org.frcpm.models.Subsystem(959665535014800)): 49
10:24:09.254 [main] DEBUG org.hibernate.orm.results.loading.org.hibernate.orm.results.loading.collection - (DelayedCollectionInitializer) Current row collection key : org.frcpm.models.Subsystem(959665535014800).tasks#49
10:24:09.254 [main] DEBUG org.hibernate.orm.results.loading.entity - (EntityResultInitializer) Created new entity instance [org.frcpm.models.Subsystem(959665535014800)#49] : 1658655896
10:24:09.254 [main] DEBUG org.hibernate.orm.results - Extracted JDBC value [3] - [null]
10:24:09.254 [main] DEBUG org.hibernate.orm.results - Extracted JDBC value [1] - [null]
10:24:09.254 [main] DEBUG org.hibernate.orm.results - Extracted JDBC value [2] - [Test Task Subsystem]
10:24:09.254 [main] DEBUG org.hibernate.orm.results - Extracted JDBC value [4] - [NOT_STARTED]
10:24:09.254 [main] DEBUG org.hibernate.orm.results.loading.entity - (EntityResultInitializer) Done materializing entityInstance : org.frcpm.models.Subsystem(959665535014800)#49
10:24:09.254 [main] DEBUG org.hibernate.orm.results.loading - Calling top-level assembler (0 / 1) : org.hibernate.sql.results.graph.entity.internal.EntityAssembler@157544e5
10:24:09.254 [main] DEBUG org.hibernate.orm.results - Extracted JDBC value [0] - [50]
10:24:09.254 [main] DEBUG org.hibernate.orm.results.loading.entity - (EntityResultInitializer) Hydrated EntityKey (org.frcpm.models.Subsystem(959665535014800)): 50
10:24:09.254 [main] DEBUG org.hibernate.orm.results.loading.org.hibernate.orm.results.loading.collection - (DelayedCollectionInitializer) Current row collection key : org.frcpm.models.Subsystem(959665535014800).tasks#50
10:24:09.254 [main] DEBUG org.hibernate.orm.results.loading.entity - (EntityResultInitializer) Created new entity instance [org.frcpm.models.Subsystem(959665535014800)#50] : 1582921957
10:24:09.254 [main] DEBUG org.hibernate.orm.results - Extracted JDBC value [3] - [null]
10:24:09.254 [main] DEBUG org.hibernate.orm.results - Extracted JDBC value [1] - [null]
10:24:09.254 [main] DEBUG org.hibernate.orm.results - Extracted JDBC value [2] - [Test Task Subsystem]
10:24:09.254 [main] DEBUG org.hibernate.orm.results - Extracted JDBC value [4] - [NOT_STARTED]
10:24:09.254 [main] DEBUG org.hibernate.orm.results.loading.entity - (EntityResultInitializer) Done materializing entityInstance : org.frcpm.models.Subsystem(959665535014800)#50
10:24:09.254 [main] DEBUG org.hibernate.orm.results.loading - Calling top-level assembler (0 / 1) : org.hibernate.sql.results.graph.entity.internal.EntityAssembler@157544e5
10:24:09.254 [main] DEBUG org.hibernate.orm.results - Extracted JDBC value [0] - [51]
10:24:09.254 [main] DEBUG org.hibernate.orm.results.loading.entity - (EntityResultInitializer) Hydrated EntityKey (org.frcpm.models.Subsystem(959665535014800)): 51
10:24:09.254 [main] DEBUG org.hibernate.orm.results.loading.org.hibernate.orm.results.loading.collection - (DelayedCollectionInitializer) Current row collection key : org.frcpm.models.Subsystem(959665535014800).tasks#51
10:24:09.254 [main] DEBUG org.hibernate.orm.results.loading.entity - (EntityResultInitializer) Created new entity instance [org.frcpm.models.Subsystem(959665535014800)#51] : 414867198
10:24:09.254 [main] DEBUG org.hibernate.orm.results - Extracted JDBC value [3] - [null]
10:24:09.254 [main] DEBUG org.hibernate.orm.results - Extracted JDBC value [1] - [null]
10:24:09.254 [main] DEBUG org.hibernate.orm.results - Extracted JDBC value [2] - [Test Task Subsystem]
10:24:09.254 [main] DEBUG org.hibernate.orm.results - Extracted JDBC value [4] - [NOT_STARTED]
10:24:09.254 [main] DEBUG org.hibernate.orm.results.loading.entity - (EntityResultInitializer) Done materializing entityInstance : org.frcpm.models.Subsystem(959665535014800)#51
10:24:09.254 [main] DEBUG org.hibernate.orm.results.loading - Calling top-level assembler (0 / 1) : org.hibernate.sql.results.graph.entity.internal.EntityAssembler@157544e5
10:24:09.254 [main] DEBUG org.hibernate.orm.results - Extracted JDBC value [0] - [52]
10:24:09.254 [main] DEBUG org.hibernate.orm.results.loading.entity - (EntityResultInitializer) Hydrated EntityKey (org.frcpm.models.Subsystem(959665535014800)): 52
10:24:09.254 [main] DEBUG org.hibernate.orm.results.loading.org.hibernate.orm.results.loading.collection - (DelayedCollectionInitializer) Current row collection key : org.frcpm.models.Subsystem(959665535014800).tasks#52
10:24:09.254 [main] DEBUG org.hibernate.orm.results.loading.entity - (EntityResultInitializer) Created new entity instance [org.frcpm.models.Subsystem(959665535014800)#52] : 1245124745
10:24:09.254 [main] DEBUG org.hibernate.orm.results - Extracted JDBC value [3] - [null]
10:24:09.254 [main] DEBUG org.hibernate.orm.results - Extracted JDBC value [1] - [null]
10:24:09.254 [main] DEBUG org.hibernate.orm.results - Extracted JDBC value [2] - [Test Task Subsystem]
10:24:09.254 [main] DEBUG org.hibernate.orm.results - Extracted JDBC value [4] - [NOT_STARTED]
10:24:09.254 [main] DEBUG org.hibernate.orm.results.loading.entity - (EntityResultInitializer) Done materializing entityInstance : org.frcpm.models.Subsystem(959665535014800)#52
10:24:09.255 [main] DEBUG org.hibernate.orm.results.loading - Calling top-level assembler (0 / 1) : org.hibernate.sql.results.graph.entity.internal.EntityAssembler@157544e5
10:24:09.255 [main] DEBUG org.hibernate.orm.results - Extracted JDBC value [0] - [53]
10:24:09.255 [main] DEBUG org.hibernate.orm.results.loading.entity - (EntityResultInitializer) Hydrated EntityKey (org.frcpm.models.Subsystem(959665535014800)): 53
10:24:09.255 [main] DEBUG org.hibernate.orm.results.loading.org.hibernate.orm.results.loading.collection - (DelayedCollectionInitializer) Current row collection key : org.frcpm.models.Subsystem(959665535014800).tasks#53
10:24:09.255 [main] DEBUG org.hibernate.orm.results.loading.entity - (EntityResultInitializer) Created new entity instance [org.frcpm.models.Subsystem(959665535014800)#53] : 1571495736
10:24:09.255 [main] DEBUG org.hibernate.orm.results - Extracted JDBC value [3] - [null]
10:24:09.255 [main] DEBUG org.hibernate.orm.results - Extracted JDBC value [1] - [null]
10:24:09.255 [main] DEBUG org.hibernate.orm.results - Extracted JDBC value [2] - [Test Task Subsystem]
10:24:09.255 [main] DEBUG org.hibernate.orm.results - Extracted JDBC value [4] - [NOT_STARTED]
10:24:09.255 [main] DEBUG org.hibernate.orm.results.loading.entity - (EntityResultInitializer) Done materializing entityInstance : org.frcpm.models.Subsystem(959665535014800)#53
10:24:09.255 [main] DEBUG org.hibernate.orm.results.loading - Calling top-level assembler (0 / 1) : org.hibernate.sql.results.graph.entity.internal.EntityAssembler@157544e5
10:24:09.255 [main] DEBUG org.hibernate.orm.results - Extracted JDBC value [0] - [54]
10:24:09.255 [main] DEBUG org.hibernate.orm.results.loading.entity - (EntityResultInitializer) Hydrated EntityKey (org.frcpm.models.Subsystem(959665535014800)): 54
10:24:09.255 [main] DEBUG org.hibernate.orm.results.loading.org.hibernate.orm.results.loading.collection - (DelayedCollectionInitializer) Current row collection key : org.frcpm.models.Subsystem(959665535014800).tasks#54
10:24:09.255 [main] DEBUG org.hibernate.orm.results.loading.entity - (EntityResultInitializer) Created new entity instance [org.frcpm.models.Subsystem(959665535014800)#54] : 381811842
10:24:09.255 [main] DEBUG org.hibernate.orm.results - Extracted JDBC value [3] - [null]
10:24:09.255 [main] DEBUG org.hibernate.orm.results - Extracted JDBC value [1] - [null]
10:24:09.255 [main] DEBUG org.hibernate.orm.results - Extracted JDBC value [2] - [Test Task Subsystem]
10:24:09.255 [main] DEBUG org.hibernate.orm.results - Extracted JDBC value [4] - [NOT_STARTED]
10:24:09.255 [main] DEBUG org.hibernate.orm.results.loading.entity - (EntityResultInitializer) Done materializing entityInstance : org.frcpm.models.Subsystem(959665535014800)#54
10:24:09.255 [main] DEBUG org.hibernate.orm.results.loading - Calling top-level assembler (0 / 1) : org.hibernate.sql.results.graph.entity.internal.EntityAssembler@157544e5
10:24:09.255 [main] DEBUG org.hibernate.orm.results - Extracted JDBC value [0] - [55]
10:24:09.255 [main] DEBUG org.hibernate.orm.results.loading.entity - (EntityResultInitializer) Hydrated EntityKey (org.frcpm.models.Subsystem(959665535014800)): 55
10:24:09.255 [main] DEBUG org.hibernate.orm.results.loading.org.hibernate.orm.results.loading.collection - (DelayedCollectionInitializer) Current row collection key : org.frcpm.models.Subsystem(959665535014800).tasks#55
10:24:09.255 [main] DEBUG org.hibernate.orm.results.loading.entity - (EntityResultInitializer) Created new entity instance [org.frcpm.models.Subsystem(959665535014800)#55] : 1665053051
10:24:09.255 [main] DEBUG org.hibernate.orm.results - Extracted JDBC value [3] - [null]
10:24:09.255 [main] DEBUG org.hibernate.orm.results - Extracted JDBC value [1] - [null]
10:24:09.255 [main] DEBUG org.hibernate.orm.results - Extracted JDBC value [2] - [Test Task Subsystem]
10:24:09.255 [main] DEBUG org.hibernate.orm.results - Extracted JDBC value [4] - [NOT_STARTED]
10:24:09.255 [main] DEBUG org.hibernate.orm.results.loading.entity - (EntityResultInitializer) Done materializing entityInstance : org.frcpm.models.Subsystem(959665535014800)#55
10:24:09.255 [main] DEBUG org.hibernate.orm.results.loading - Calling top-level assembler (0 / 1) : org.hibernate.sql.results.graph.entity.internal.EntityAssembler@157544e5
10:24:09.255 [main] DEBUG org.hibernate.orm.results - Extracted JDBC value [0] - [56]
10:24:09.255 [main] DEBUG org.hibernate.orm.results.loading.entity - (EntityResultInitializer) Hydrated EntityKey (org.frcpm.models.Subsystem(959665535014800)): 56
10:24:09.255 [main] DEBUG org.hibernate.orm.results.loading.org.hibernate.orm.results.loading.collection - (DelayedCollectionInitializer) Current row collection key : org.frcpm.models.Subsystem(959665535014800).tasks#56
10:24:09.255 [main] DEBUG org.hibernate.orm.results.loading.entity - (EntityResultInitializer) Created new entity instance [org.frcpm.models.Subsystem(959665535014800)#56] : 481976794
10:24:09.255 [main] DEBUG org.hibernate.orm.results - Extracted JDBC value [3] - [null]
10:24:09.255 [main] DEBUG org.hibernate.orm.results - Extracted JDBC value [1] - [null]
10:24:09.255 [main] DEBUG org.hibernate.orm.results - Extracted JDBC value [2] - [Test Task Subsystem]
10:24:09.255 [main] DEBUG org.hibernate.orm.results - Extracted JDBC value [4] - [NOT_STARTED]
10:24:09.255 [main] DEBUG org.hibernate.orm.results.loading.entity - (EntityResultInitializer) Done materializing entityInstance : org.frcpm.models.Subsystem(959665535014800)#56
10:24:09.255 [main] DEBUG org.hibernate.orm.results.loading - Calling top-level assembler (0 / 1) : org.hibernate.sql.results.graph.entity.internal.EntityAssembler@157544e5
10:24:09.255 [main] DEBUG org.hibernate.orm.results - Extracted JDBC value [0] - [66]
10:24:09.255 [main] DEBUG org.hibernate.orm.results.loading.entity - (EntityResultInitializer) Hydrated EntityKey (org.frcpm.models.Subsystem(959665535014800)): 66
10:24:09.255 [main] DEBUG org.hibernate.orm.results.loading.org.hibernate.orm.results.loading.collection - (DelayedCollectionInitializer) Current row collection key : org.frcpm.models.Subsystem(959665535014800).tasks#66
10:24:09.255 [main] DEBUG org.hibernate.orm.results.loading.entity - (EntityResultInitializer) Created new entity instance [org.frcpm.models.Subsystem(959665535014800)#66] : 635268041
10:24:09.255 [main] DEBUG org.hibernate.orm.results - Extracted JDBC value [3] - [null]
10:24:09.255 [main] DEBUG org.hibernate.orm.results - Extracted JDBC value [1] - [Test subsystem for component tests]
10:24:09.255 [main] DEBUG org.hibernate.orm.results - Extracted JDBC value [2] - [Component Test Subsystem]
10:24:09.255 [main] DEBUG org.hibernate.orm.results - Extracted JDBC value [4] - [NOT_STARTED]
10:24:09.255 [main] DEBUG org.hibernate.orm.results.loading.entity - (EntityResultInitializer) Done materializing entityInstance : org.frcpm.models.Subsystem(959665535014800)#66
10:24:09.255 [main] DEBUG org.hibernate.orm.results.loading - Calling top-level assembler (0 / 1) : org.hibernate.sql.results.graph.entity.internal.EntityAssembler@157544e5
10:24:09.255 [main] DEBUG org.hibernate.resource.jdbc.internal.LogicalConnectionManagedImpl - Initiating JDBC connection release from afterTransaction
10:24:09.255 [main] DEBUG org.hibernate.resource.jdbc.internal.LogicalConnectionManagedImpl - Initiating JDBC connection release from afterTransaction
]]></system-out>
  </testcase>
</testsuite>