<?xml version="1.0" encoding="UTF-8"?>
<testsuite xmlns:xsi="http://www.w3.org/2001/XMLSchema-instance" xsi:noNamespaceSchemaLocation="https://maven.apache.org/surefire/maven-surefire-plugin/xsd/surefire-test-report-3.0.xsd" version="3.0" name="org.frcpm.repositories.ComponentRepositoryTest" time="0.63" tests="11" errors="11" skipped="0" failures="0">
  <properties>
    <property name="java.specification.version" value="21"/>
    <property name="javafx.runtime.version" value="21.0.2+5"/>
    <property name="sun.cpu.isalist" value="amd64"/>
    <property name="sun.jnu.encoding" value="Cp1252"/>
    <property name="java.class.path" value="C:\Users\dhiebert\Local Repositories\Project Management 2.0\target\test-classes;C:\Users\dhiebert\Local Repositories\Project Management 2.0\target\classes;C:\Users\dhiebert\.m2\repository\org\openjfx\javafx-controls\21.0.2\javafx-controls-21.0.2.jar;C:\Users\dhiebert\.m2\repository\org\openjfx\javafx-controls\21.0.2\javafx-controls-21.0.2-win.jar;C:\Users\dhiebert\.m2\repository\org\openjfx\javafx-fxml\21.0.2\javafx-fxml-21.0.2.jar;C:\Users\dhiebert\.m2\repository\org\openjfx\javafx-fxml\21.0.2\javafx-fxml-21.0.2-win.jar;C:\Users\dhiebert\.m2\repository\org\openjfx\javafx-graphics\21.0.2\javafx-graphics-21.0.2.jar;C:\Users\dhiebert\.m2\repository\org\openjfx\javafx-graphics\21.0.2\javafx-graphics-21.0.2-win.jar;C:\Users\dhiebert\.m2\repository\org\openjfx\javafx-base\21.0.2\javafx-base-21.0.2.jar;C:\Users\dhiebert\.m2\repository\org\openjfx\javafx-base\21.0.2\javafx-base-21.0.2-win.jar;C:\Users\dhiebert\.m2\repository\com\h2database\h2\2.2.224\h2-2.2.224.jar;C:\Users\dhiebert\.m2\repository\com\zaxxer\HikariCP\5.1.0\HikariCP-5.1.0.jar;C:\Users\dhiebert\.m2\repository\org\slf4j\slf4j-api\1.7.36\slf4j-api-1.7.36.jar;C:\Users\dhiebert\.m2\repository\org\hibernate\orm\hibernate-core\6.5.0.Final\hibernate-core-6.5.0.Final.jar;C:\Users\dhiebert\.m2\repository\jakarta\persistence\jakarta.persistence-api\3.1.0\jakarta.persistence-api-3.1.0.jar;C:\Users\dhiebert\.m2\repository\jakarta\transaction\jakarta.transaction-api\2.0.1\jakarta.transaction-api-2.0.1.jar;C:\Users\dhiebert\.m2\repository\org\jboss\logging\jboss-logging\3.5.0.Final\jboss-logging-3.5.0.Final.jar;C:\Users\dhiebert\.m2\repository\org\hibernate\common\hibernate-commons-annotations\6.0.6.Final\hibernate-commons-annotations-6.0.6.Final.jar;C:\Users\dhiebert\.m2\repository\io\smallrye\jandex\3.1.2\jandex-3.1.2.jar;C:\Users\dhiebert\.m2\repository\com\fasterxml\classmate\1.5.1\classmate-1.5.1.jar;C:\Users\dhiebert\.m2\repository\net\bytebuddy\byte-buddy\1.14.12\byte-buddy-1.14.12.jar;C:\Users\dhiebert\.m2\repository\jakarta\xml\bind\jakarta.xml.bind-api\4.0.0\jakarta.xml.bind-api-4.0.0.jar;C:\Users\dhiebert\.m2\repository\jakarta\activation\jakarta.activation-api\2.1.0\jakarta.activation-api-2.1.0.jar;C:\Users\dhiebert\.m2\repository\org\glassfish\jaxb\jaxb-runtime\4.0.2\jaxb-runtime-4.0.2.jar;C:\Users\dhiebert\.m2\repository\org\glassfish\jaxb\jaxb-core\4.0.2\jaxb-core-4.0.2.jar;C:\Users\dhiebert\.m2\repository\org\eclipse\angus\angus-activation\2.0.0\angus-activation-2.0.0.jar;C:\Users\dhiebert\.m2\repository\org\glassfish\jaxb\txw2\4.0.2\txw2-4.0.2.jar;C:\Users\dhiebert\.m2\repository\com\sun\istack\istack-commons-runtime\4.1.1\istack-commons-runtime-4.1.1.jar;C:\Users\dhiebert\.m2\repository\jakarta\inject\jakarta.inject-api\2.0.1\jakarta.inject-api-2.0.1.jar;C:\Users\dhiebert\.m2\repository\org\antlr\antlr4-runtime\4.13.0\antlr4-runtime-4.13.0.jar;C:\Users\dhiebert\.m2\repository\org\hibernate\validator\hibernate-validator\8.0.1.Final\hibernate-validator-8.0.1.Final.jar;C:\Users\dhiebert\.m2\repository\jakarta\validation\jakarta.validation-api\3.0.2\jakarta.validation-api-3.0.2.jar;C:\Users\dhiebert\.m2\repository\org\junit\jupiter\junit-jupiter-api\5.10.2\junit-jupiter-api-5.10.2.jar;C:\Users\dhiebert\.m2\repository\org\opentest4j\opentest4j\1.3.0\opentest4j-1.3.0.jar;C:\Users\dhiebert\.m2\repository\org\junit\platform\junit-platform-commons\1.10.2\junit-platform-commons-1.10.2.jar;C:\Users\dhiebert\.m2\repository\org\apiguardian\apiguardian-api\1.1.2\apiguardian-api-1.1.2.jar;C:\Users\dhiebert\.m2\repository\org\junit\jupiter\junit-jupiter-engine\5.10.2\junit-jupiter-engine-5.10.2.jar;C:\Users\dhiebert\.m2\repository\org\junit\platform\junit-platform-engine\1.10.2\junit-platform-engine-1.10.2.jar;C:\Users\dhiebert\.m2\repository\org\mockito\mockito-junit-jupiter\5.10.0\mockito-junit-jupiter-5.10.0.jar;C:\Users\dhiebert\.m2\repository\org\mockito\mockito-core\5.10.0\mockito-core-5.10.0.jar;C:\Users\dhiebert\.m2\repository\net\bytebuddy\byte-buddy-agent\1.14.11\byte-buddy-agent-1.14.11.jar;C:\Users\dhiebert\.m2\repository\org\objenesis\objenesis\3.3\objenesis-3.3.jar;C:\Users\dhiebert\.m2\repository\org\hibernate\orm\hibernate-hikaricp\6.5.0.Final\hibernate-hikaricp-6.5.0.Final.jar;C:\Users\dhiebert\.m2\repository\ch\qos\logback\logback-classic\1.2.11\logback-classic-1.2.11.jar;C:\Users\dhiebert\.m2\repository\ch\qos\logback\logback-core\1.2.11\logback-core-1.2.11.jar;C:\Users\dhiebert\.m2\repository\org\testfx\testfx-core\4.0.18\testfx-core-4.0.18.jar;C:\Users\dhiebert\.m2\repository\org\hamcrest\hamcrest\2.1\hamcrest-2.1.jar;C:\Users\dhiebert\.m2\repository\org\assertj\assertj-core\3.13.2\assertj-core-3.13.2.jar;C:\Users\dhiebert\.m2\repository\org\osgi\org.osgi.core\6.0.0\org.osgi.core-6.0.0.jar;C:\Users\dhiebert\.m2\repository\org\testfx\testfx-junit5\4.0.18\testfx-junit5-4.0.18.jar;C:\Users\dhiebert\.m2\repository\org\openjfx\javafx-web\17.0.2\javafx-web-17.0.2.jar;C:\Users\dhiebert\.m2\repository\org\openjfx\javafx-web\17.0.2\javafx-web-17.0.2-win.jar;C:\Users\dhiebert\.m2\repository\org\openjfx\javafx-media\17.0.2\javafx-media-17.0.2.jar;C:\Users\dhiebert\.m2\repository\org\openjfx\javafx-media\17.0.2\javafx-media-17.0.2-win.jar;C:\Users\dhiebert\.m2\repository\org\apache\pdfbox\pdfbox\2.0.27\pdfbox-2.0.27.jar;C:\Users\dhiebert\.m2\repository\org\apache\pdfbox\fontbox\2.0.27\fontbox-2.0.27.jar;C:\Users\dhiebert\.m2\repository\commons-logging\commons-logging\1.2\commons-logging-1.2.jar;C:\Users\dhiebert\.m2\repository\com\fasterxml\jackson\core\jackson-databind\2.15.0\jackson-databind-2.15.0.jar;C:\Users\dhiebert\.m2\repository\com\fasterxml\jackson\core\jackson-annotations\2.15.0\jackson-annotations-2.15.0.jar;C:\Users\dhiebert\.m2\repository\com\fasterxml\jackson\core\jackson-core\2.15.0\jackson-core-2.15.0.jar;C:\Users\dhiebert\.m2\repository\org\apache\xmlgraphics\batik-all\1.16\batik-all-1.16.jar;C:\Users\dhiebert\.m2\repository\xml-apis\xml-apis\1.4.01\xml-apis-1.4.01.jar;C:\Users\dhiebert\.m2\repository\xml-apis\xml-apis-ext\1.3.04\xml-apis-ext-1.3.04.jar;C:\Users\dhiebert\.m2\repository\org\apache\xmlgraphics\xmlgraphics-commons\2.7\xmlgraphics-commons-2.7.jar;C:\Users\dhiebert\.m2\repository\commons-io\commons-io\1.3.1\commons-io-1.3.1.jar;C:\Users\dhiebert\.m2\repository\org\jgrapht\jgrapht-core\1.5.2\jgrapht-core-1.5.2.jar;C:\Users\dhiebert\.m2\repository\org\jheaps\jheaps\0.14\jheaps-0.14.jar;C:\Users\dhiebert\.m2\repository\org\apfloat\apfloat\1.10.1\apfloat-1.10.1.jar;"/>
    <property name="java.vm.vendor" value="Eclipse Adoptium"/>
    <property name="sun.arch.data.model" value="64"/>
    <property name="user.variant" value=""/>
    <property name="java.vendor.url" value="https://adoptium.net/"/>
    <property name="user.timezone" value="America/Chicago"/>
    <property name="os.name" value="Windows 11"/>
    <property name="java.vm.specification.version" value="21"/>
    <property name="javafx.version" value="21.0.2"/>
    <property name="sun.java.launcher" value="SUN_STANDARD"/>
    <property name="user.country" value="US"/>
    <property name="sun.boot.library.path" value="C:\Program Files\Eclipse Adoptium\jdk-21.0.6.7-hotspot\bin"/>
    <property name="sun.java.command" value="C:\Users\dhiebert\AppData\Local\Temp\surefire9513985487531586668\surefirebooter-20250425102356946_3.jar C:\Users\dhiebert\AppData\Local\Temp\surefire9513985487531586668 2025-04-25T10-23-56_800-jvmRun1 surefire-20250425102356946_1tmp surefire_0-20250425102356946_2tmp"/>
    <property name="jdk.debug" value="release"/>
    <property name="surefire.test.class.path" value="C:\Users\dhiebert\Local Repositories\Project Management 2.0\target\test-classes;C:\Users\dhiebert\Local Repositories\Project Management 2.0\target\classes;C:\Users\dhiebert\.m2\repository\org\openjfx\javafx-controls\21.0.2\javafx-controls-21.0.2.jar;C:\Users\dhiebert\.m2\repository\org\openjfx\javafx-controls\21.0.2\javafx-controls-21.0.2-win.jar;C:\Users\dhiebert\.m2\repository\org\openjfx\javafx-fxml\21.0.2\javafx-fxml-21.0.2.jar;C:\Users\dhiebert\.m2\repository\org\openjfx\javafx-fxml\21.0.2\javafx-fxml-21.0.2-win.jar;C:\Users\dhiebert\.m2\repository\org\openjfx\javafx-graphics\21.0.2\javafx-graphics-21.0.2.jar;C:\Users\dhiebert\.m2\repository\org\openjfx\javafx-graphics\21.0.2\javafx-graphics-21.0.2-win.jar;C:\Users\dhiebert\.m2\repository\org\openjfx\javafx-base\21.0.2\javafx-base-21.0.2.jar;C:\Users\dhiebert\.m2\repository\org\openjfx\javafx-base\21.0.2\javafx-base-21.0.2-win.jar;C:\Users\dhiebert\.m2\repository\com\h2database\h2\2.2.224\h2-2.2.224.jar;C:\Users\dhiebert\.m2\repository\com\zaxxer\HikariCP\5.1.0\HikariCP-5.1.0.jar;C:\Users\dhiebert\.m2\repository\org\slf4j\slf4j-api\1.7.36\slf4j-api-1.7.36.jar;C:\Users\dhiebert\.m2\repository\org\hibernate\orm\hibernate-core\6.5.0.Final\hibernate-core-6.5.0.Final.jar;C:\Users\dhiebert\.m2\repository\jakarta\persistence\jakarta.persistence-api\3.1.0\jakarta.persistence-api-3.1.0.jar;C:\Users\dhiebert\.m2\repository\jakarta\transaction\jakarta.transaction-api\2.0.1\jakarta.transaction-api-2.0.1.jar;C:\Users\dhiebert\.m2\repository\org\jboss\logging\jboss-logging\3.5.0.Final\jboss-logging-3.5.0.Final.jar;C:\Users\dhiebert\.m2\repository\org\hibernate\common\hibernate-commons-annotations\6.0.6.Final\hibernate-commons-annotations-6.0.6.Final.jar;C:\Users\dhiebert\.m2\repository\io\smallrye\jandex\3.1.2\jandex-3.1.2.jar;C:\Users\dhiebert\.m2\repository\com\fasterxml\classmate\1.5.1\classmate-1.5.1.jar;C:\Users\dhiebert\.m2\repository\net\bytebuddy\byte-buddy\1.14.12\byte-buddy-1.14.12.jar;C:\Users\dhiebert\.m2\repository\jakarta\xml\bind\jakarta.xml.bind-api\4.0.0\jakarta.xml.bind-api-4.0.0.jar;C:\Users\dhiebert\.m2\repository\jakarta\activation\jakarta.activation-api\2.1.0\jakarta.activation-api-2.1.0.jar;C:\Users\dhiebert\.m2\repository\org\glassfish\jaxb\jaxb-runtime\4.0.2\jaxb-runtime-4.0.2.jar;C:\Users\dhiebert\.m2\repository\org\glassfish\jaxb\jaxb-core\4.0.2\jaxb-core-4.0.2.jar;C:\Users\dhiebert\.m2\repository\org\eclipse\angus\angus-activation\2.0.0\angus-activation-2.0.0.jar;C:\Users\dhiebert\.m2\repository\org\glassfish\jaxb\txw2\4.0.2\txw2-4.0.2.jar;C:\Users\dhiebert\.m2\repository\com\sun\istack\istack-commons-runtime\4.1.1\istack-commons-runtime-4.1.1.jar;C:\Users\dhiebert\.m2\repository\jakarta\inject\jakarta.inject-api\2.0.1\jakarta.inject-api-2.0.1.jar;C:\Users\dhiebert\.m2\repository\org\antlr\antlr4-runtime\4.13.0\antlr4-runtime-4.13.0.jar;C:\Users\dhiebert\.m2\repository\org\hibernate\validator\hibernate-validator\8.0.1.Final\hibernate-validator-8.0.1.Final.jar;C:\Users\dhiebert\.m2\repository\jakarta\validation\jakarta.validation-api\3.0.2\jakarta.validation-api-3.0.2.jar;C:\Users\dhiebert\.m2\repository\org\junit\jupiter\junit-jupiter-api\5.10.2\junit-jupiter-api-5.10.2.jar;C:\Users\dhiebert\.m2\repository\org\opentest4j\opentest4j\1.3.0\opentest4j-1.3.0.jar;C:\Users\dhiebert\.m2\repository\org\junit\platform\junit-platform-commons\1.10.2\junit-platform-commons-1.10.2.jar;C:\Users\dhiebert\.m2\repository\org\apiguardian\apiguardian-api\1.1.2\apiguardian-api-1.1.2.jar;C:\Users\dhiebert\.m2\repository\org\junit\jupiter\junit-jupiter-engine\5.10.2\junit-jupiter-engine-5.10.2.jar;C:\Users\dhiebert\.m2\repository\org\junit\platform\junit-platform-engine\1.10.2\junit-platform-engine-1.10.2.jar;C:\Users\dhiebert\.m2\repository\org\mockito\mockito-junit-jupiter\5.10.0\mockito-junit-jupiter-5.10.0.jar;C:\Users\dhiebert\.m2\repository\org\mockito\mockito-core\5.10.0\mockito-core-5.10.0.jar;C:\Users\dhiebert\.m2\repository\net\bytebuddy\byte-buddy-agent\1.14.11\byte-buddy-agent-1.14.11.jar;C:\Users\dhiebert\.m2\repository\org\objenesis\objenesis\3.3\objenesis-3.3.jar;C:\Users\dhiebert\.m2\repository\org\hibernate\orm\hibernate-hikaricp\6.5.0.Final\hibernate-hikaricp-6.5.0.Final.jar;C:\Users\dhiebert\.m2\repository\ch\qos\logback\logback-classic\1.2.11\logback-classic-1.2.11.jar;C:\Users\dhiebert\.m2\repository\ch\qos\logback\logback-core\1.2.11\logback-core-1.2.11.jar;C:\Users\dhiebert\.m2\repository\org\testfx\testfx-core\4.0.18\testfx-core-4.0.18.jar;C:\Users\dhiebert\.m2\repository\org\hamcrest\hamcrest\2.1\hamcrest-2.1.jar;C:\Users\dhiebert\.m2\repository\org\assertj\assertj-core\3.13.2\assertj-core-3.13.2.jar;C:\Users\dhiebert\.m2\repository\org\osgi\org.osgi.core\6.0.0\org.osgi.core-6.0.0.jar;C:\Users\dhiebert\.m2\repository\org\testfx\testfx-junit5\4.0.18\testfx-junit5-4.0.18.jar;C:\Users\dhiebert\.m2\repository\org\openjfx\javafx-web\17.0.2\javafx-web-17.0.2.jar;C:\Users\dhiebert\.m2\repository\org\openjfx\javafx-web\17.0.2\javafx-web-17.0.2-win.jar;C:\Users\dhiebert\.m2\repository\org\openjfx\javafx-media\17.0.2\javafx-media-17.0.2.jar;C:\Users\dhiebert\.m2\repository\org\openjfx\javafx-media\17.0.2\javafx-media-17.0.2-win.jar;C:\Users\dhiebert\.m2\repository\org\apache\pdfbox\pdfbox\2.0.27\pdfbox-2.0.27.jar;C:\Users\dhiebert\.m2\repository\org\apache\pdfbox\fontbox\2.0.27\fontbox-2.0.27.jar;C:\Users\dhiebert\.m2\repository\commons-logging\commons-logging\1.2\commons-logging-1.2.jar;C:\Users\dhiebert\.m2\repository\com\fasterxml\jackson\core\jackson-databind\2.15.0\jackson-databind-2.15.0.jar;C:\Users\dhiebert\.m2\repository\com\fasterxml\jackson\core\jackson-annotations\2.15.0\jackson-annotations-2.15.0.jar;C:\Users\dhiebert\.m2\repository\com\fasterxml\jackson\core\jackson-core\2.15.0\jackson-core-2.15.0.jar;C:\Users\dhiebert\.m2\repository\org\apache\xmlgraphics\batik-all\1.16\batik-all-1.16.jar;C:\Users\dhiebert\.m2\repository\xml-apis\xml-apis\1.4.01\xml-apis-1.4.01.jar;C:\Users\dhiebert\.m2\repository\xml-apis\xml-apis-ext\1.3.04\xml-apis-ext-1.3.04.jar;C:\Users\dhiebert\.m2\repository\org\apache\xmlgraphics\xmlgraphics-commons\2.7\xmlgraphics-commons-2.7.jar;C:\Users\dhiebert\.m2\repository\commons-io\commons-io\1.3.1\commons-io-1.3.1.jar;C:\Users\dhiebert\.m2\repository\org\jgrapht\jgrapht-core\1.5.2\jgrapht-core-1.5.2.jar;C:\Users\dhiebert\.m2\repository\org\jheaps\jheaps\0.14\jheaps-0.14.jar;C:\Users\dhiebert\.m2\repository\org\apfloat\apfloat\1.10.1\apfloat-1.10.1.jar;"/>
    <property name="sun.cpu.endian" value="little"/>
    <property name="user.home" value="C:\Users\dhiebert"/>
    <property name="user.language" value="en"/>
    <property name="java.specification.vendor" value="Oracle Corporation"/>
    <property name="java.version.date" value="2025-01-21"/>
    <property name="java.home" value="C:\Program Files\Eclipse Adoptium\jdk-21.0.6.7-hotspot"/>
    <property name="file.separator" value="\"/>
    <property name="basedir" value="C:\Users\dhiebert\Local Repositories\Project Management 2.0"/>
    <property name="java.vm.compressedOopsMode" value="Zero based"/>
    <property name="line.separator" value="&#10;"/>
    <property name="java.vm.specification.vendor" value="Oracle Corporation"/>
    <property name="java.specification.name" value="Java Platform API Specification"/>
    <property name="surefire.real.class.path" value="C:\Users\dhiebert\AppData\Local\Temp\surefire9513985487531586668\surefirebooter-20250425102356946_3.jar"/>
    <property name="user.script" value=""/>
    <property name="sun.management.compiler" value="HotSpot 64-Bit Tiered Compilers"/>
    <property name="java.runtime.version" value="21.0.6+7-LTS"/>
    <property name="user.name" value="dhiebert"/>
    <property name="stdout.encoding" value="Cp1252"/>
    <property name="path.separator" value=";"/>
    <property name="os.version" value="10.0"/>
    <property name="java.runtime.name" value="OpenJDK Runtime Environment"/>
    <property name="file.encoding" value="UTF-8"/>
    <property name="java.vm.name" value="OpenJDK 64-Bit Server VM"/>
    <property name="java.vendor.version" value="Temurin-21.0.6+7"/>
    <property name="localRepository" value="C:\Users\dhiebert\.m2\repository"/>
    <property name="java.vendor.url.bug" value="https://github.com/adoptium/adoptium-support/issues"/>
    <property name="java.io.tmpdir" value="C:\Users\dhiebert\AppData\Local\Temp\"/>
    <property name="java.version" value="21.0.6"/>
    <property name="user.dir" value="C:\Users\dhiebert\Local Repositories\Project Management 2.0"/>
    <property name="os.arch" value="amd64"/>
    <property name="java.vm.specification.name" value="Java Virtual Machine Specification"/>
    <property name="sun.os.patch.level" value=""/>
    <property name="native.encoding" value="Cp1252"/>
    <property name="java.library.path" value="C:\Program Files\Eclipse Adoptium\jdk-21.0.6.7-hotspot\bin;C:\WINDOWS\Sun\Java\bin;C:\WINDOWS\system32;C:\WINDOWS;C:\Program Files\apache-maven-3.9.9\bin;C:\Program Files\Eclipse Adoptium\jdk-21.0.6.7-hotspot\bin;C:\Program Files\National Instruments\Shared\OpenVINO\;C:\Program Files\Common Files\Oracle\Java\javapath;C:\WINDOWS\system32;C:\WINDOWS;C:\WINDOWS\System32\Wbem;C:\WINDOWS\System32\WindowsPowerShell\v1.0\;C:\WINDOWS\System32\OpenSSH\;C:\Program Files\dotnet\;C:\Program Files (x86)\Windows Live\Shared;C:\Program Files\Git\cmd;C:\Program Files\Common Files\Autodesk Shared\;C:\Program Files\Microsoft SQL Server\150\Tools\Binn\;C:\Program Files\nodejs\;C:\Program Files\Eclipse Adoptium\jdk-21.0.6.7-hotspot\bin;C:\Program Files\apache-maven-3.9.9\bin;%MAVEN_HOME%\bin;C:\Users\dhiebert\AppData\Local\Microsoft\WindowsApps;C:\Users\dhiebert\AppData\Local\GitHubDesktop\bin;C:\Users\dhiebert\AppData\Roaming\npm;C:\Users\dhiebert\AppData\Local\Packages\PythonSoftwareFoundation.Python.3.11_qbz5n2kfra8p0\LocalCache\local-packages\Python311\Scripts;C:\Users\dhiebert\AppData\Local\Packages\PythonSoftwareFoundation.Python.3.11_qbz5n2kfra8p0\LocalCache\local-packages\Python311\site-packages\maven;;c:\Users\Public\wpilib\2025\vscode\data\user-data\User\globalStorage\github.copilot-chat\debugCommand;c:\Users\Public\wpilib\2025\vscode\data\extensions\ms-python.debugpy-2025.4.1-win32-x64\bundled\scripts\noConfigScripts;."/>
    <property name="java.vm.info" value="mixed mode, sharing"/>
    <property name="stderr.encoding" value="Cp1252"/>
    <property name="java.vendor" value="Eclipse Adoptium"/>
    <property name="java.vm.version" value="21.0.6+7-LTS"/>
    <property name="sun.io.unicode.encoding" value="UnicodeLittle"/>
    <property name="java.class.version" value="65.0"/>
  </properties>
  <testcase name="testFindAll" classname="org.frcpm.repositories.ComponentRepositoryTest" time="0.227">
    <error message="Failed to delete entity" type="java.lang.RuntimeException"><![CDATA[java.lang.RuntimeException: Failed to delete entity
	at org.frcpm.repositories.impl.JpaRepositoryImpl.delete(JpaRepositoryImpl.java:171)
	at org.frcpm.repositories.ComponentRepositoryTest.cleanupTestComponents(ComponentRepositoryTest.java:63)
	at org.frcpm.repositories.ComponentRepositoryTest.tearDown(ComponentRepositoryTest.java:35)
	at java.base/java.lang.reflect.Method.invoke(Method.java:580)
	at java.base/java.util.ArrayList.forEach(ArrayList.java:1596)
	at java.base/java.util.ArrayList.forEach(ArrayList.java:1596)
Caused by: jakarta.persistence.RollbackException: Error while committing the transaction
	at org.hibernate.internal.ExceptionConverterImpl.convertCommitException(ExceptionConverterImpl.java:67)
	at org.hibernate.engine.transaction.internal.TransactionImpl.commit(TransactionImpl.java:104)
	at org.frcpm.repositories.impl.JpaRepositoryImpl.delete(JpaRepositoryImpl.java:165)
	... 5 more
Caused by: org.hibernate.exception.ConstraintViolationException: could not execute batch [Referential integrity constraint violation: "FK5IRPAISPCX79XWY6N1QOMAXNV: PUBLIC.TASK_COMPONENTS FOREIGN KEY(COMPONENT_ID) REFERENCES PUBLIC.COMPONENTS(ID) (CAST(55 AS BIGINT))"; SQL statement:
delete from components where id=? [23503-224]] [delete from components where id=?]
	at org.hibernate.exception.internal.SQLStateConversionDelegate.convert(SQLStateConversionDelegate.java:97)
	at org.hibernate.exception.internal.StandardSQLExceptionConverter.convert(StandardSQLExceptionConverter.java:58)
	at org.hibernate.engine.jdbc.spi.SqlExceptionHelper.convert(SqlExceptionHelper.java:108)
	at org.hibernate.engine.jdbc.batch.internal.BatchImpl.lambda$performExecution$2(BatchImpl.java:294)
	at org.hibernate.engine.jdbc.mutation.internal.PreparedStatementGroupSingleTable.forEachStatement(PreparedStatementGroupSingleTable.java:67)
	at org.hibernate.engine.jdbc.batch.internal.BatchImpl.performExecution(BatchImpl.java:264)
	at org.hibernate.engine.jdbc.batch.internal.BatchImpl.execute(BatchImpl.java:242)
	at org.hibernate.engine.jdbc.internal.JdbcCoordinatorImpl.executeBatch(JdbcCoordinatorImpl.java:188)
	at org.hibernate.engine.spi.ActionQueue.executeActions(ActionQueue.java:662)
	at org.hibernate.engine.spi.ActionQueue.executeActions(ActionQueue.java:499)
	at org.hibernate.event.internal.AbstractFlushingEventListener.performExecutions(AbstractFlushingEventListener.java:371)
	at org.hibernate.event.internal.DefaultFlushEventListener.onFlush(DefaultFlushEventListener.java:41)
	at org.hibernate.event.service.internal.EventListenerGroupImpl.fireEventOnEachListener(EventListenerGroupImpl.java:127)
	at org.hibernate.internal.SessionImpl.doFlush(SessionImpl.java:1425)
	at org.hibernate.internal.SessionImpl.managedFlush(SessionImpl.java:487)
	at org.hibernate.internal.SessionImpl.flushBeforeTransactionCompletion(SessionImpl.java:2324)
	at org.hibernate.internal.SessionImpl.beforeTransactionCompletion(SessionImpl.java:1981)
	at org.hibernate.engine.jdbc.internal.JdbcCoordinatorImpl.beforeTransactionCompletion(JdbcCoordinatorImpl.java:439)
	at org.hibernate.resource.transaction.backend.jdbc.internal.JdbcResourceLocalTransactionCoordinatorImpl.beforeCompletionCallback(JdbcResourceLocalTransactionCoordinatorImpl.java:169)
	at org.hibernate.resource.transaction.backend.jdbc.internal.JdbcResourceLocalTransactionCoordinatorImpl$TransactionDriverControlImpl.commit(JdbcResourceLocalTransactionCoordinatorImpl.java:267)
	at org.hibernate.engine.transaction.internal.TransactionImpl.commit(TransactionImpl.java:101)
	... 6 more
Caused by: org.h2.jdbc.JdbcBatchUpdateException: Referential integrity constraint violation: "FK5IRPAISPCX79XWY6N1QOMAXNV: PUBLIC.TASK_COMPONENTS FOREIGN KEY(COMPONENT_ID) REFERENCES PUBLIC.COMPONENTS(ID) (CAST(55 AS BIGINT))"; SQL statement:
delete from components where id=? [23503-224]
	at org.h2.jdbc.JdbcPreparedStatement.executeBatch(JdbcPreparedStatement.java:1282)
	at com.zaxxer.hikari.pool.ProxyStatement.executeBatch(ProxyStatement.java:127)
	at com.zaxxer.hikari.pool.HikariProxyPreparedStatement.executeBatch(HikariProxyPreparedStatement.java)
	at org.hibernate.engine.jdbc.batch.internal.BatchImpl.lambda$performExecution$2(BatchImpl.java:279)
	... 23 more
]]></error>
    <system-out><![CDATA[10:24:17.746 [main] DEBUG org.hibernate.jpa.HibernatePersistenceProvider - Located and parsed 1 persistence units; checking each
10:24:17.746 [main] DEBUG org.hibernate.jpa.HibernatePersistenceProvider - Checking persistence-unit [name=frcpm, explicit-provider=org.hibernate.jpa.HibernatePersistenceProvider] against incoming persistence unit name [frcpm]
10:24:17.746 [main] DEBUG org.hibernate.jpa.boot.spi.ProviderChecker - Persistence-unit [frcpm] requested PersistenceProvider [org.hibernate.jpa.HibernatePersistenceProvider]
10:24:17.746 [main] DEBUG org.hibernate.jpa.internal.util.LogHelper - PersistenceUnitInfo [
	name: frcpm
	persistence provider classname: org.hibernate.jpa.HibernatePersistenceProvider
	classloader: null
	excludeUnlistedClasses: false
	JTA datasource: null
	Non JTA datasource: null
	Transaction type: RESOURCE_LOCAL
	PU root URL: file:/C:/Users/dhiebert/Local%20Repositories/Project%20Management%202.0/target/classes
	Shared Cache Mode: null
	Validation Mode: null
	Jar files URLs []
	Managed classes names [
		org.frcpm.models.Project
		org.frcpm.models.Subteam
		org.frcpm.models.TeamMember
		org.frcpm.models.Subsystem
		org.frcpm.models.Task
		org.frcpm.models.Component
		org.frcpm.models.Meeting
		org.frcpm.models.Attendance
		org.frcpm.models.Milestone]
	Mapping files names []
	Properties [
		hibernate.connection.handling_mode: DELAYED_ACQUISITION_AND_RELEASE_AFTER_STATEMENT
		jakarta.persistence.jdbc.url: jdbc:h2:file:C:\Users\dhiebert\.frcpm\frcpm
		hibernate.jdbc.batch_versioned_data: null
		hibernate.cache.use_second_level_cache: null
		hibernate.show_sql: null
		jakarta.persistence.jdbc.driver: org.h2.Driver
		hibernate.jdbc.batch_size: 30
		jakarta.persistence.jdbc.user: sa
		hibernate.generate_statistics: null
		hibernate.hbm2ddl.auto: update
		hibernate.cache.use_query_cache: null
		hibernate.hikari.maximumPoolSize: 10
		hibernate.hikari.idleTimeout: 30000
		hibernate.format_sql: null
		hibernate.hikari.minimumIdle: 2
		hibernate.use_sql_comments: null
		hibernate.order_inserts: null
		hibernate.current_session_context_class: thread
		hibernate.connection.provider_class: org.hibernate.hikaricp.internal.HikariCPConnectionProvider
		hibernate.hikari.connectionTimeout: 10000
		hibernate.hikari.poolName: FRC-PM-HikariCP
		hibernate.order_updates: null
		hibernate.dialect: org.hibernate.dialect.H2Dialect
		jakarta.persistence.jdbc.password: ]
10:24:17.746 [main] DEBUG org.hibernate.integrator.internal.IntegratorServiceImpl - Adding Integrator [org.hibernate.boot.beanvalidation.BeanValidationIntegrator].
10:24:17.746 [main] DEBUG org.hibernate.integrator.internal.IntegratorServiceImpl - Adding Integrator [org.hibernate.cache.internal.CollectionCacheInvalidator].
10:24:17.752 [main] DEBUG org.hibernate.orm.idgen.factory - Ignoring CDI for resolving IdentifierGenerator instances as extended or delayed CDI support was enabled
10:24:17.752 [main] DEBUG org.hibernate.orm.idgen.factory - Registering IdentifierGenerator strategy [uuid2] -> [org.hibernate.id.UUIDGenerator]
10:24:17.752 [main] DEBUG org.hibernate.orm.idgen.factory - Registering IdentifierGenerator strategy [guid] -> [org.hibernate.id.GUIDGenerator]
10:24:17.752 [main] DEBUG org.hibernate.orm.idgen.factory - Registering IdentifierGenerator strategy [uuid] -> [org.hibernate.id.UUIDHexGenerator]
10:24:17.752 [main] DEBUG org.hibernate.orm.idgen.factory - Registering IdentifierGenerator strategy [uuid.hex] -> [org.hibernate.id.UUIDHexGenerator]
10:24:17.752 [main] DEBUG org.hibernate.orm.idgen.factory - Registering IdentifierGenerator strategy [assigned] -> [org.hibernate.id.Assigned]
10:24:17.752 [main] DEBUG org.hibernate.orm.idgen.factory - Registering IdentifierGenerator strategy [identity] -> [org.hibernate.id.IdentityGenerator]
10:24:17.752 [main] DEBUG org.hibernate.orm.idgen.factory - Registering IdentifierGenerator strategy [select] -> [org.hibernate.id.SelectGenerator]
10:24:17.752 [main] DEBUG org.hibernate.orm.idgen.factory - Registering IdentifierGenerator strategy [sequence] -> [org.hibernate.id.enhanced.SequenceStyleGenerator]
10:24:17.752 [main] DEBUG org.hibernate.orm.idgen.factory - Registering IdentifierGenerator strategy [increment] -> [org.hibernate.id.IncrementGenerator]
10:24:17.752 [main] DEBUG org.hibernate.orm.idgen.factory - Registering IdentifierGenerator strategy [foreign] -> [org.hibernate.id.ForeignGenerator]
10:24:17.752 [main] DEBUG org.hibernate.orm.idgen.factory - Registering IdentifierGenerator strategy [enhanced-sequence] -> [org.hibernate.id.enhanced.SequenceStyleGenerator]
10:24:17.752 [main] DEBUG org.hibernate.orm.idgen.factory - Registering IdentifierGenerator strategy [enhanced-table] -> [org.hibernate.id.enhanced.TableGenerator]
10:24:17.752 [main] INFO org.hibernate.cache.internal.RegionFactoryInitiator - HHH000026: Second-level cache disabled
10:24:17.753 [main] DEBUG org.hibernate.type.BasicTypeRegistry - Adding type registration boolean -> org.hibernate.type.BasicTypeReference@2f4919b0
10:24:17.753 [main] DEBUG org.hibernate.type.BasicTypeRegistry - Adding type registration boolean -> org.hibernate.type.BasicTypeReference@2f4919b0
10:24:17.753 [main] DEBUG org.hibernate.type.BasicTypeRegistry - Adding type registration java.lang.Boolean -> org.hibernate.type.BasicTypeReference@2f4919b0
10:24:17.753 [main] DEBUG org.hibernate.type.BasicTypeRegistry - Adding type registration numeric_boolean -> org.hibernate.type.BasicTypeReference@a8a8b75
10:24:17.753 [main] DEBUG org.hibernate.type.BasicTypeRegistry - Adding type registration org.hibernate.type.NumericBooleanConverter -> org.hibernate.type.BasicTypeReference@a8a8b75
10:24:17.753 [main] DEBUG org.hibernate.type.BasicTypeRegistry - Adding type registration true_false -> org.hibernate.type.BasicTypeReference@75b21c3b
10:24:17.753 [main] DEBUG org.hibernate.type.BasicTypeRegistry - Adding type registration org.hibernate.type.TrueFalseConverter -> org.hibernate.type.BasicTypeReference@75b21c3b
10:24:17.753 [main] DEBUG org.hibernate.type.BasicTypeRegistry - Adding type registration yes_no -> org.hibernate.type.BasicTypeReference@72be135f
10:24:17.753 [main] DEBUG org.hibernate.type.BasicTypeRegistry - Adding type registration org.hibernate.type.YesNoConverter -> org.hibernate.type.BasicTypeReference@72be135f
10:24:17.753 [main] DEBUG org.hibernate.type.BasicTypeRegistry - Adding type registration byte -> org.hibernate.type.BasicTypeReference@155d1021
10:24:17.753 [main] DEBUG org.hibernate.type.BasicTypeRegistry - Adding type registration byte -> org.hibernate.type.BasicTypeReference@155d1021
10:24:17.753 [main] DEBUG org.hibernate.type.BasicTypeRegistry - Adding type registration java.lang.Byte -> org.hibernate.type.BasicTypeReference@155d1021
10:24:17.753 [main] DEBUG org.hibernate.type.BasicTypeRegistry - Adding type registration binary -> org.hibernate.type.BasicTypeReference@4bd2f0dc
10:24:17.753 [main] DEBUG org.hibernate.type.BasicTypeRegistry - Adding type registration byte[] -> org.hibernate.type.BasicTypeReference@4bd2f0dc
10:24:17.753 [main] DEBUG org.hibernate.type.BasicTypeRegistry - Adding type registration [B -> org.hibernate.type.BasicTypeReference@4bd2f0dc
10:24:17.753 [main] DEBUG org.hibernate.type.BasicTypeRegistry - Adding type registration binary_wrapper -> org.hibernate.type.BasicTypeReference@2e647e59
10:24:17.753 [main] DEBUG org.hibernate.type.BasicTypeRegistry - Adding type registration wrapper-binary -> org.hibernate.type.BasicTypeReference@2e647e59
10:24:17.753 [main] DEBUG org.hibernate.type.BasicTypeRegistry - Adding type registration image -> org.hibernate.type.BasicTypeReference@2c42b421
10:24:17.753 [main] DEBUG org.hibernate.type.BasicTypeRegistry - Adding type registration blob -> org.hibernate.type.BasicTypeReference@51e37590
10:24:17.753 [main] DEBUG org.hibernate.type.BasicTypeRegistry - Adding type registration java.sql.Blob -> org.hibernate.type.BasicTypeReference@51e37590
10:24:17.753 [main] DEBUG org.hibernate.type.BasicTypeRegistry - Adding type registration materialized_blob -> org.hibernate.type.BasicTypeReference@deb3b60
10:24:17.753 [main] DEBUG org.hibernate.type.BasicTypeRegistry - Adding type registration materialized_blob_wrapper -> org.hibernate.type.BasicTypeReference@701a32
10:24:17.753 [main] DEBUG org.hibernate.type.BasicTypeRegistry - Adding type registration short -> org.hibernate.type.BasicTypeReference@39aa45a1
10:24:17.753 [main] DEBUG org.hibernate.type.BasicTypeRegistry - Adding type registration short -> org.hibernate.type.BasicTypeReference@39aa45a1
10:24:17.753 [main] DEBUG org.hibernate.type.BasicTypeRegistry - Adding type registration java.lang.Short -> org.hibernate.type.BasicTypeReference@39aa45a1
10:24:17.753 [main] DEBUG org.hibernate.type.BasicTypeRegistry - Adding type registration integer -> org.hibernate.type.BasicTypeReference@73aff8f1
10:24:17.753 [main] DEBUG org.hibernate.type.BasicTypeRegistry - Adding type registration int -> org.hibernate.type.BasicTypeReference@73aff8f1
10:24:17.753 [main] DEBUG org.hibernate.type.BasicTypeRegistry - Adding type registration java.lang.Integer -> org.hibernate.type.BasicTypeReference@73aff8f1
10:24:17.753 [main] DEBUG org.hibernate.type.BasicTypeRegistry - Adding type registration long -> org.hibernate.type.BasicTypeReference@27cbfddf
10:24:17.753 [main] DEBUG org.hibernate.type.BasicTypeRegistry - Adding type registration long -> org.hibernate.type.BasicTypeReference@27cbfddf
10:24:17.753 [main] DEBUG org.hibernate.type.BasicTypeRegistry - Adding type registration java.lang.Long -> org.hibernate.type.BasicTypeReference@27cbfddf
10:24:17.753 [main] DEBUG org.hibernate.type.BasicTypeRegistry - Adding type registration float -> org.hibernate.type.BasicTypeReference@27ead29e
10:24:17.753 [main] DEBUG org.hibernate.type.BasicTypeRegistry - Adding type registration float -> org.hibernate.type.BasicTypeReference@27ead29e
10:24:17.753 [main] DEBUG org.hibernate.type.BasicTypeRegistry - Adding type registration java.lang.Float -> org.hibernate.type.BasicTypeReference@27ead29e
10:24:17.753 [main] DEBUG org.hibernate.type.BasicTypeRegistry - Adding type registration double -> org.hibernate.type.BasicTypeReference@4c060c8f
10:24:17.753 [main] DEBUG org.hibernate.type.BasicTypeRegistry - Adding type registration double -> org.hibernate.type.BasicTypeReference@4c060c8f
10:24:17.753 [main] DEBUG org.hibernate.type.BasicTypeRegistry - Adding type registration java.lang.Double -> org.hibernate.type.BasicTypeReference@4c060c8f
10:24:17.753 [main] DEBUG org.hibernate.type.BasicTypeRegistry - Adding type registration big_integer -> org.hibernate.type.BasicTypeReference@40620d8e
10:24:17.753 [main] DEBUG org.hibernate.type.BasicTypeRegistry - Adding type registration java.math.BigInteger -> org.hibernate.type.BasicTypeReference@40620d8e
10:24:17.753 [main] DEBUG org.hibernate.type.BasicTypeRegistry - Adding type registration big_decimal -> org.hibernate.type.BasicTypeReference@383f3558
10:24:17.753 [main] DEBUG org.hibernate.type.BasicTypeRegistry - Adding type registration java.math.BigDecimal -> org.hibernate.type.BasicTypeReference@383f3558
10:24:17.753 [main] DEBUG org.hibernate.type.BasicTypeRegistry - Adding type registration character -> org.hibernate.type.BasicTypeReference@49b07ee3
10:24:17.753 [main] DEBUG org.hibernate.type.BasicTypeRegistry - Adding type registration char -> org.hibernate.type.BasicTypeReference@49b07ee3
10:24:17.753 [main] DEBUG org.hibernate.type.BasicTypeRegistry - Adding type registration java.lang.Character -> org.hibernate.type.BasicTypeReference@49b07ee3
10:24:17.753 [main] DEBUG org.hibernate.type.BasicTypeRegistry - Adding type registration character_nchar -> org.hibernate.type.BasicTypeReference@352e612e
10:24:17.753 [main] DEBUG org.hibernate.type.BasicTypeRegistry - Adding type registration string -> org.hibernate.type.BasicTypeReference@65f00478
10:24:17.753 [main] DEBUG org.hibernate.type.BasicTypeRegistry - Adding type registration java.lang.String -> org.hibernate.type.BasicTypeReference@65f00478
10:24:17.753 [main] DEBUG org.hibernate.type.BasicTypeRegistry - Adding type registration nstring -> org.hibernate.type.BasicTypeReference@2424686b
10:24:17.753 [main] DEBUG org.hibernate.type.BasicTypeRegistry - Adding type registration characters -> org.hibernate.type.BasicTypeReference@6ea94d6a
10:24:17.753 [main] DEBUG org.hibernate.type.BasicTypeRegistry - Adding type registration char[] -> org.hibernate.type.BasicTypeReference@6ea94d6a
10:24:17.753 [main] DEBUG org.hibernate.type.BasicTypeRegistry - Adding type registration [C -> org.hibernate.type.BasicTypeReference@6ea94d6a
10:24:17.753 [main] DEBUG org.hibernate.type.BasicTypeRegistry - Adding type registration wrapper-characters -> org.hibernate.type.BasicTypeReference@28486680
10:24:17.753 [main] DEBUG org.hibernate.type.BasicTypeRegistry - Adding type registration text -> org.hibernate.type.BasicTypeReference@4d7e7435
10:24:17.753 [main] DEBUG org.hibernate.type.BasicTypeRegistry - Adding type registration ntext -> org.hibernate.type.BasicTypeReference@4a1e3ac1
10:24:17.753 [main] DEBUG org.hibernate.type.BasicTypeRegistry - Adding type registration clob -> org.hibernate.type.BasicTypeReference@6e78fcf5
10:24:17.753 [main] DEBUG org.hibernate.type.BasicTypeRegistry - Adding type registration java.sql.Clob -> org.hibernate.type.BasicTypeReference@6e78fcf5
10:24:17.753 [main] DEBUG org.hibernate.type.BasicTypeRegistry - Adding type registration nclob -> org.hibernate.type.BasicTypeReference@56febdc
10:24:17.753 [main] DEBUG org.hibernate.type.BasicTypeRegistry - Adding type registration java.sql.NClob -> org.hibernate.type.BasicTypeReference@56febdc
10:24:17.753 [main] DEBUG org.hibernate.type.BasicTypeRegistry - Adding type registration materialized_clob -> org.hibernate.type.BasicTypeReference@3b8ee898
10:24:17.753 [main] DEBUG org.hibernate.type.BasicTypeRegistry - Adding type registration materialized_clob_char_array -> org.hibernate.type.BasicTypeReference@7d151a
10:24:17.753 [main] DEBUG org.hibernate.type.BasicTypeRegistry - Adding type registration materialized_clob_character_array -> org.hibernate.type.BasicTypeReference@294bdeb4
10:24:17.753 [main] DEBUG org.hibernate.type.BasicTypeRegistry - Adding type registration materialized_nclob -> org.hibernate.type.BasicTypeReference@5300f14a
10:24:17.753 [main] DEBUG org.hibernate.type.BasicTypeRegistry - Adding type registration materialized_nclob_character_array -> org.hibernate.type.BasicTypeReference@1f86099a
10:24:17.753 [main] DEBUG org.hibernate.type.BasicTypeRegistry - Adding type registration materialized_nclob_char_array -> org.hibernate.type.BasicTypeReference@77bb0ab5
10:24:17.753 [main] DEBUG org.hibernate.type.BasicTypeRegistry - Adding type registration Duration -> org.hibernate.type.BasicTypeReference@f2c488
10:24:17.753 [main] DEBUG org.hibernate.type.BasicTypeRegistry - Adding type registration java.time.Duration -> org.hibernate.type.BasicTypeReference@f2c488
10:24:17.753 [main] DEBUG org.hibernate.type.BasicTypeRegistry - Adding type registration LocalDateTime -> org.hibernate.type.BasicTypeReference@54acff7d
10:24:17.753 [main] DEBUG org.hibernate.type.BasicTypeRegistry - Adding type registration java.time.LocalDateTime -> org.hibernate.type.BasicTypeReference@54acff7d
10:24:17.753 [main] DEBUG org.hibernate.type.BasicTypeRegistry - Adding type registration LocalDate -> org.hibernate.type.BasicTypeReference@7bc9e6ab
10:24:17.753 [main] DEBUG org.hibernate.type.BasicTypeRegistry - Adding type registration java.time.LocalDate -> org.hibernate.type.BasicTypeReference@7bc9e6ab
10:24:17.753 [main] DEBUG org.hibernate.type.BasicTypeRegistry - Adding type registration LocalTime -> org.hibernate.type.BasicTypeReference@5488b5c5
10:24:17.753 [main] DEBUG org.hibernate.type.BasicTypeRegistry - Adding type registration java.time.LocalTime -> org.hibernate.type.BasicTypeReference@5488b5c5
10:24:17.753 [main] DEBUG org.hibernate.type.BasicTypeRegistry - Adding type registration OffsetDateTime -> org.hibernate.type.BasicTypeReference@4248ed58
10:24:17.753 [main] DEBUG org.hibernate.type.BasicTypeRegistry - Adding type registration java.time.OffsetDateTime -> org.hibernate.type.BasicTypeReference@4248ed58
10:24:17.753 [main] DEBUG org.hibernate.type.BasicTypeRegistry - Adding type registration OffsetDateTimeWithTimezone -> org.hibernate.type.BasicTypeReference@712ca57b
10:24:17.753 [main] DEBUG org.hibernate.type.BasicTypeRegistry - Adding type registration OffsetDateTimeWithoutTimezone -> org.hibernate.type.BasicTypeReference@4564e94b
10:24:17.753 [main] DEBUG org.hibernate.type.BasicTypeRegistry - Adding type registration OffsetTime -> org.hibernate.type.BasicTypeReference@54534abf
10:24:17.753 [main] DEBUG org.hibernate.type.BasicTypeRegistry - Adding type registration java.time.OffsetTime -> org.hibernate.type.BasicTypeReference@54534abf
10:24:17.753 [main] DEBUG org.hibernate.type.BasicTypeRegistry - Adding type registration OffsetTimeUtc -> org.hibernate.type.BasicTypeReference@51745f40
10:24:17.753 [main] DEBUG org.hibernate.type.BasicTypeRegistry - Adding type registration OffsetTimeWithTimezone -> org.hibernate.type.BasicTypeReference@45673f68
10:24:17.753 [main] DEBUG org.hibernate.type.BasicTypeRegistry - Adding type registration OffsetTimeWithoutTimezone -> org.hibernate.type.BasicTypeReference@27abb83e
10:24:17.753 [main] DEBUG org.hibernate.type.BasicTypeRegistry - Adding type registration ZonedDateTime -> org.hibernate.type.BasicTypeReference@69e308c6
10:24:17.753 [main] DEBUG org.hibernate.type.BasicTypeRegistry - Adding type registration java.time.ZonedDateTime -> org.hibernate.type.BasicTypeReference@69e308c6
10:24:17.753 [main] DEBUG org.hibernate.type.BasicTypeRegistry - Adding type registration ZonedDateTimeWithTimezone -> org.hibernate.type.BasicTypeReference@1a1ed4e5
10:24:17.753 [main] DEBUG org.hibernate.type.BasicTypeRegistry - Adding type registration ZonedDateTimeWithoutTimezone -> org.hibernate.type.BasicTypeReference@667e34b1
10:24:17.753 [main] DEBUG org.hibernate.type.BasicTypeRegistry - Adding type registration date -> org.hibernate.type.BasicTypeReference@1c6e0a08
10:24:17.753 [main] DEBUG org.hibernate.type.BasicTypeRegistry - Adding type registration java.sql.Date -> org.hibernate.type.BasicTypeReference@1c6e0a08
10:24:17.753 [main] DEBUG org.hibernate.type.BasicTypeRegistry - Adding type registration time -> org.hibernate.type.BasicTypeReference@6dba847b
10:24:17.753 [main] DEBUG org.hibernate.type.BasicTypeRegistry - Adding type registration java.sql.Time -> org.hibernate.type.BasicTypeReference@6dba847b
10:24:17.753 [main] DEBUG org.hibernate.type.BasicTypeRegistry - Adding type registration timestamp -> org.hibernate.type.BasicTypeReference@1efdcd5
10:24:17.753 [main] DEBUG org.hibernate.type.BasicTypeRegistry - Adding type registration java.sql.Timestamp -> org.hibernate.type.BasicTypeReference@1efdcd5
10:24:17.753 [main] DEBUG org.hibernate.type.BasicTypeRegistry - Adding type registration java.util.Date -> org.hibernate.type.BasicTypeReference@1efdcd5
10:24:17.753 [main] DEBUG org.hibernate.type.BasicTypeRegistry - Adding type registration calendar -> org.hibernate.type.BasicTypeReference@1623bbe5
10:24:17.753 [main] DEBUG org.hibernate.type.BasicTypeRegistry - Adding type registration java.util.Calendar -> org.hibernate.type.BasicTypeReference@1623bbe5
10:24:17.753 [main] DEBUG org.hibernate.type.BasicTypeRegistry - Adding type registration java.util.GregorianCalendar -> org.hibernate.type.BasicTypeReference@1623bbe5
10:24:17.753 [main] DEBUG org.hibernate.type.BasicTypeRegistry - Adding type registration calendar_date -> org.hibernate.type.BasicTypeReference@7af1cd63
10:24:17.753 [main] DEBUG org.hibernate.type.BasicTypeRegistry - Adding type registration calendar_time -> org.hibernate.type.BasicTypeReference@4351171a
10:24:17.753 [main] DEBUG org.hibernate.type.BasicTypeRegistry - Adding type registration instant -> org.hibernate.type.BasicTypeReference@3c2772d1
10:24:17.753 [main] DEBUG org.hibernate.type.BasicTypeRegistry - Adding type registration java.time.Instant -> org.hibernate.type.BasicTypeReference@3c2772d1
10:24:17.753 [main] DEBUG org.hibernate.type.BasicTypeRegistry - Adding type registration uuid -> org.hibernate.type.BasicTypeReference@37d00a23
10:24:17.753 [main] DEBUG org.hibernate.type.BasicTypeRegistry - Adding type registration java.util.UUID -> org.hibernate.type.BasicTypeReference@37d00a23
10:24:17.753 [main] DEBUG org.hibernate.type.BasicTypeRegistry - Adding type registration pg-uuid -> org.hibernate.type.BasicTypeReference@37d00a23
10:24:17.753 [main] DEBUG org.hibernate.type.BasicTypeRegistry - Adding type registration uuid-binary -> org.hibernate.type.BasicTypeReference@433e536f
10:24:17.753 [main] DEBUG org.hibernate.type.BasicTypeRegistry - Adding type registration uuid-char -> org.hibernate.type.BasicTypeReference@89c65d5
10:24:17.753 [main] DEBUG org.hibernate.type.BasicTypeRegistry - Adding type registration class -> org.hibernate.type.BasicTypeReference@faa3fed
10:24:17.753 [main] DEBUG org.hibernate.type.BasicTypeRegistry - Adding type registration java.lang.Class -> org.hibernate.type.BasicTypeReference@faa3fed
10:24:17.753 [main] DEBUG org.hibernate.type.BasicTypeRegistry - Adding type registration currency -> org.hibernate.type.BasicTypeReference@988246e
10:24:17.753 [main] DEBUG org.hibernate.type.BasicTypeRegistry - Adding type registration Currency -> org.hibernate.type.BasicTypeReference@988246e
10:24:17.753 [main] DEBUG org.hibernate.type.BasicTypeRegistry - Adding type registration java.util.Currency -> org.hibernate.type.BasicTypeReference@988246e
10:24:17.753 [main] DEBUG org.hibernate.type.BasicTypeRegistry - Adding type registration locale -> org.hibernate.type.BasicTypeReference@62515a47
10:24:17.753 [main] DEBUG org.hibernate.type.BasicTypeRegistry - Adding type registration java.util.Locale -> org.hibernate.type.BasicTypeReference@62515a47
10:24:17.753 [main] DEBUG org.hibernate.type.BasicTypeRegistry - Adding type registration serializable -> org.hibernate.type.BasicTypeReference@3c5a54b7
10:24:17.753 [main] DEBUG org.hibernate.type.BasicTypeRegistry - Adding type registration java.io.Serializable -> org.hibernate.type.BasicTypeReference@3c5a54b7
10:24:17.753 [main] DEBUG org.hibernate.type.BasicTypeRegistry - Adding type registration timezone -> org.hibernate.type.BasicTypeReference@61f2c3f0
10:24:17.753 [main] DEBUG org.hibernate.type.BasicTypeRegistry - Adding type registration java.util.TimeZone -> org.hibernate.type.BasicTypeReference@61f2c3f0
10:24:17.753 [main] DEBUG org.hibernate.type.BasicTypeRegistry - Adding type registration ZoneOffset -> org.hibernate.type.BasicTypeReference@291120f4
10:24:17.753 [main] DEBUG org.hibernate.type.BasicTypeRegistry - Adding type registration java.time.ZoneOffset -> org.hibernate.type.BasicTypeReference@291120f4
10:24:17.753 [main] DEBUG org.hibernate.type.BasicTypeRegistry - Adding type registration url -> org.hibernate.type.BasicTypeReference@417ad4f3
10:24:17.753 [main] DEBUG org.hibernate.type.BasicTypeRegistry - Adding type registration java.net.URL -> org.hibernate.type.BasicTypeReference@417ad4f3
10:24:17.753 [main] DEBUG org.hibernate.type.BasicTypeRegistry - Adding type registration vector -> org.hibernate.type.BasicTypeReference@2f6bcf87
10:24:17.753 [main] DEBUG org.hibernate.type.BasicTypeRegistry - Adding type registration row_version -> org.hibernate.type.BasicTypeReference@58f174d9
10:24:17.753 [main] DEBUG org.hibernate.type.BasicTypeRegistry - Adding type registration object -> org.hibernate.type.JavaObjectType@34237b90
10:24:17.753 [main] DEBUG org.hibernate.type.BasicTypeRegistry - Adding type registration java.lang.Object -> org.hibernate.type.JavaObjectType@34237b90
10:24:17.753 [main] DEBUG org.hibernate.type.BasicTypeRegistry - Adding type registration null -> org.hibernate.type.NullType@267bbe1a
10:24:17.753 [main] DEBUG org.hibernate.type.BasicTypeRegistry - Adding type registration imm_date -> org.hibernate.type.BasicTypeReference@3682e846
10:24:17.753 [main] DEBUG org.hibernate.type.BasicTypeRegistry - Adding type registration imm_time -> org.hibernate.type.BasicTypeReference@11e79a7b
10:24:17.753 [main] DEBUG org.hibernate.type.BasicTypeRegistry - Adding type registration imm_timestamp -> org.hibernate.type.BasicTypeReference@6e9fef0c
10:24:17.753 [main] DEBUG org.hibernate.type.BasicTypeRegistry - Adding type registration imm_calendar -> org.hibernate.type.BasicTypeReference@54e5877c
10:24:17.753 [main] DEBUG org.hibernate.type.BasicTypeRegistry - Adding type registration imm_calendar_date -> org.hibernate.type.BasicTypeReference@7584857e
10:24:17.753 [main] DEBUG org.hibernate.type.BasicTypeRegistry - Adding type registration imm_calendar_time -> org.hibernate.type.BasicTypeReference@581dfdf7
10:24:17.753 [main] DEBUG org.hibernate.type.BasicTypeRegistry - Adding type registration imm_binary -> org.hibernate.type.BasicTypeReference@49eb8e77
10:24:17.753 [main] DEBUG org.hibernate.type.BasicTypeRegistry - Adding type registration imm_serializable -> org.hibernate.type.BasicTypeReference@31cd2e51
10:24:17.753 [main] DEBUG org.hibernate.boot.internal.BootstrapContextImpl - Injecting ScanEnvironment [org.hibernate.jpa.boot.internal.StandardJpaScanEnvironmentImpl@6033f263] into BootstrapContext; was [null]
10:24:17.753 [main] DEBUG org.hibernate.boot.internal.BootstrapContextImpl - Injecting ScanOptions [org.hibernate.boot.archive.scan.internal.StandardScanOptions@57f649d7] into BootstrapContext; was [org.hibernate.boot.archive.scan.internal.StandardScanOptions@42fbed68]
10:24:17.791 [main] DEBUG org.hibernate.boot.internal.BootstrapContextImpl - Injecting JPA temp ClassLoader [null] into BootstrapContext; was [null]
10:24:17.791 [main] DEBUG org.hibernate.boot.internal.ClassLoaderAccessImpl - ClassLoaderAccessImpl#injectTempClassLoader(null) [was null]
10:24:17.792 [main] INFO org.hibernate.engine.jdbc.connections.internal.ConnectionProviderInitiator - HHH000130: Instantiating explicit connection provider: org.hibernate.hikaricp.internal.HikariCPConnectionProvider
10:24:17.792 [main] DEBUG org.hibernate.hikaricp.internal.HikariCPConnectionProvider - Configuring HikariCP
10:24:17.792 [main] DEBUG com.zaxxer.hikari.HikariConfig - Driver class org.h2.Driver found in Thread context class loader jdk.internal.loader.ClassLoaders$AppClassLoader@70dea4e
10:24:17.792 [main] DEBUG com.zaxxer.hikari.HikariConfig - FRC-PM-HikariCP - configuration:
10:24:17.792 [main] DEBUG com.zaxxer.hikari.HikariConfig - allowPoolSuspension.............false
10:24:17.792 [main] DEBUG com.zaxxer.hikari.HikariConfig - autoCommit......................true
10:24:17.792 [main] DEBUG com.zaxxer.hikari.HikariConfig - catalog.........................none
10:24:17.792 [main] DEBUG com.zaxxer.hikari.HikariConfig - connectionInitSql...............none
10:24:17.792 [main] DEBUG com.zaxxer.hikari.HikariConfig - connectionTestQuery.............none
10:24:17.792 [main] DEBUG com.zaxxer.hikari.HikariConfig - connectionTimeout...............10000
10:24:17.792 [main] DEBUG com.zaxxer.hikari.HikariConfig - dataSource......................none
10:24:17.792 [main] DEBUG com.zaxxer.hikari.HikariConfig - dataSourceClassName.............none
10:24:17.792 [main] DEBUG com.zaxxer.hikari.HikariConfig - dataSourceJNDI..................none
10:24:17.792 [main] DEBUG com.zaxxer.hikari.HikariConfig - dataSourceProperties............{password=<masked>}
10:24:17.792 [main] DEBUG com.zaxxer.hikari.HikariConfig - driverClassName................."org.h2.Driver"
10:24:17.792 [main] DEBUG com.zaxxer.hikari.HikariConfig - exceptionOverrideClassName......none
10:24:17.792 [main] DEBUG com.zaxxer.hikari.HikariConfig - healthCheckProperties...........{}
10:24:17.792 [main] DEBUG com.zaxxer.hikari.HikariConfig - healthCheckRegistry.............none
10:24:17.792 [main] DEBUG com.zaxxer.hikari.HikariConfig - idleTimeout.....................30000
10:24:17.792 [main] DEBUG com.zaxxer.hikari.HikariConfig - initializationFailTimeout.......1
10:24:17.793 [main] DEBUG com.zaxxer.hikari.HikariConfig - isolateInternalQueries..........false
10:24:17.793 [main] DEBUG com.zaxxer.hikari.HikariConfig - jdbcUrl.........................jdbc:h2:file:C:\Users\dhiebert\.frcpm\frcpm
10:24:17.793 [main] DEBUG com.zaxxer.hikari.HikariConfig - keepaliveTime...................0
10:24:17.793 [main] DEBUG com.zaxxer.hikari.HikariConfig - leakDetectionThreshold..........0
10:24:17.793 [main] DEBUG com.zaxxer.hikari.HikariConfig - maxLifetime.....................1800000
10:24:17.793 [main] DEBUG com.zaxxer.hikari.HikariConfig - maximumPoolSize.................10
10:24:17.793 [main] DEBUG com.zaxxer.hikari.HikariConfig - metricRegistry..................none
10:24:17.793 [main] DEBUG com.zaxxer.hikari.HikariConfig - metricsTrackerFactory...........none
10:24:17.793 [main] DEBUG com.zaxxer.hikari.HikariConfig - minimumIdle.....................2
10:24:17.793 [main] DEBUG com.zaxxer.hikari.HikariConfig - password........................<masked>
10:24:17.793 [main] DEBUG com.zaxxer.hikari.HikariConfig - poolName........................"FRC-PM-HikariCP"
10:24:17.793 [main] DEBUG com.zaxxer.hikari.HikariConfig - readOnly........................false
10:24:17.793 [main] DEBUG com.zaxxer.hikari.HikariConfig - registerMbeans..................false
10:24:17.793 [main] DEBUG com.zaxxer.hikari.HikariConfig - scheduledExecutor...............none
10:24:17.793 [main] DEBUG com.zaxxer.hikari.HikariConfig - schema..........................none
10:24:17.793 [main] DEBUG com.zaxxer.hikari.HikariConfig - threadFactory...................internal
10:24:17.793 [main] DEBUG com.zaxxer.hikari.HikariConfig - transactionIsolation............default
10:24:17.793 [main] DEBUG com.zaxxer.hikari.HikariConfig - username........................"sa"
10:24:17.793 [main] DEBUG com.zaxxer.hikari.HikariConfig - validationTimeout...............5000
10:24:17.793 [main] INFO com.zaxxer.hikari.HikariDataSource - FRC-PM-HikariCP - Starting...
10:24:17.803 [main] INFO com.zaxxer.hikari.pool.HikariPool - FRC-PM-HikariCP - Added connection conn27: url=jdbc:h2:file:C:\Users\dhiebert\.frcpm\frcpm user=SA
10:24:17.803 [main] INFO com.zaxxer.hikari.HikariDataSource - FRC-PM-HikariCP - Start completed.
10:24:17.803 [main] DEBUG org.hibernate.hikaricp.internal.HikariCPConnectionProvider - HikariCP Configured
10:24:17.803 [main] DEBUG org.hibernate.engine.jdbc.env.internal.JdbcEnvironmentInitiator - Database ->
	   name : H2
	version : 2.2.224 (2023-09-17)
	  major : 2
	  minor : 2
10:24:17.803 [main] DEBUG org.hibernate.engine.jdbc.env.internal.JdbcEnvironmentInitiator - Driver ->
	   name : H2 JDBC Driver
	version : 2.2.224 (2023-09-17)
	  major : 2
	  minor : 2
10:24:17.803 [main] DEBUG org.hibernate.engine.jdbc.env.internal.JdbcEnvironmentInitiator - JDBC version : 4.2
10:24:17.804 [main] WARN org.hibernate.orm.deprecation - HHH90000025: H2Dialect does not need to be specified explicitly using 'hibernate.dialect' (remove the property setting and it will be selected by default)
10:24:17.804 [main] DEBUG org.hibernate.orm.dialect - HHH035001: Using dialect: org.hibernate.dialect.H2Dialect, version: 2.2.224
10:24:17.804 [main] DEBUG org.hibernate.engine.jdbc.env.spi.IdentifierHelperBuilder - JDBC driver metadata reported database stores quoted identifiers in neither upper, lower nor mixed case
10:24:17.804 [main] DEBUG org.hibernate.type.descriptor.jdbc.spi.JdbcTypeRegistry - addDescriptor(NCharTypeDescriptor) replaced previous registration(CharTypeDescriptor)
10:24:17.804 [main] DEBUG org.hibernate.type.descriptor.jdbc.spi.JdbcTypeRegistry - addDescriptor(NVarcharTypeDescriptor) replaced previous registration(VarcharTypeDescriptor)
10:24:17.804 [main] DEBUG org.hibernate.type.descriptor.jdbc.spi.JdbcTypeRegistry - addDescriptor(LongNVarcharTypeDescriptor) replaced previous registration(LongVarcharTypeDescriptor)
10:24:17.804 [main] DEBUG org.hibernate.type.descriptor.jdbc.spi.JdbcTypeRegistry - addDescriptor(NClobTypeDescriptor(DEFAULT)) replaced previous registration(ClobTypeDescriptor(DEFAULT))
10:24:17.804 [main] DEBUG org.hibernate.type.descriptor.jdbc.spi.JdbcTypeRegistry - addDescriptor(2005, ClobTypeDescriptor(STREAM_BINDING)) replaced previous registration(ClobTypeDescriptor(DEFAULT))
10:24:17.804 [main] DEBUG org.hibernate.type.descriptor.jdbc.spi.JdbcTypeRegistry - addDescriptor(TimestampUtcDescriptor) replaced previous registration(TimestampUtcDescriptor)
10:24:17.804 [main] DEBUG org.hibernate.type.BasicTypeRegistry - Adding type registration org.hibernate.type.DurationType -> basicType@301(java.time.Duration,3015)
10:24:17.804 [main] DEBUG org.hibernate.type.BasicTypeRegistry - Adding type registration Duration -> basicType@301(java.time.Duration,3015)
10:24:17.804 [main] DEBUG org.hibernate.type.BasicTypeRegistry - Adding type registration java.time.Duration -> basicType@301(java.time.Duration,3015)
10:24:17.804 [main] DEBUG org.hibernate.type.spi.TypeConfiguration$Scope - Scoping TypeConfiguration [org.hibernate.type.spi.TypeConfiguration@4bd08043] to MetadataBuildingContext [org.hibernate.boot.internal.MetadataBuildingContextRootImpl@609b0b3f]
10:24:17.804 [main] DEBUG org.hibernate.boot.model.relational.Namespace - Created database namespace [logicalName=Name{catalog=null, schema=null}, physicalName=Name{catalog=null, schema=null}]
10:24:17.805 [main] DEBUG org.hibernate.boot.model.internal.EntityBinder - Binding entity from annotated class: org.frcpm.models.Attendance
10:24:17.805 [main] DEBUG org.hibernate.boot.model.internal.EntityBinder - Import with entity name Attendance
10:24:17.805 [main] DEBUG org.hibernate.boot.model.internal.EntityBinder - Bind entity org.frcpm.models.Attendance on table attendances
10:24:17.806 [main] DEBUG org.hibernate.boot.model.internal.AnnotatedColumn - Binding column: AnnotatedDiscriminatorColumn(column='DTYPE')
10:24:17.806 [main] DEBUG org.hibernate.boot.model.internal.AnnotatedColumn - Binding column: AnnotatedColumn()
10:24:17.806 [main] DEBUG org.hibernate.boot.internal.ClassLoaderAccessImpl - Not known whether passed class name [org.frcpm.models.Attendance] is safe
10:24:17.806 [main] DEBUG org.hibernate.boot.internal.ClassLoaderAccessImpl - No temp ClassLoader provided; using live ClassLoader for loading potentially unsafe class : org.frcpm.models.Attendance
10:24:17.806 [main] DEBUG org.hibernate.boot.model.internal.PropertyBinder - MetadataSourceProcessor property id with lazy=false
10:24:17.806 [main] DEBUG org.hibernate.boot.model.internal.AbstractPropertyHolder - Attempting to locate auto-apply AttributeConverter for property [org.frcpm.models.Attendance:id]
10:24:17.806 [main] DEBUG org.hibernate.boot.model.internal.BasicValueBinder - building BasicValue for id
10:24:17.806 [main] DEBUG org.hibernate.mapping.BasicValue - Skipping column re-registration: attendances.id
10:24:17.806 [main] DEBUG org.hibernate.boot.model.internal.PropertyBinder - Building property id
10:24:17.806 [main] DEBUG org.hibernate.boot.model.internal.BinderHelper - #makeIdGenerator(BasicValue([Column(id)]), id, identity, , ...)
10:24:17.806 [main] DEBUG org.hibernate.boot.model.internal.AnnotatedColumn - Binding column: AnnotatedColumn(column='arrival_time')
10:24:17.806 [main] DEBUG org.hibernate.boot.model.internal.PropertyBinder - MetadataSourceProcessor property arrivalTime with lazy=false
10:24:17.806 [main] DEBUG org.hibernate.boot.model.internal.AbstractPropertyHolder - Attempting to locate auto-apply AttributeConverter for property [org.frcpm.models.Attendance:arrivalTime]
10:24:17.806 [main] DEBUG org.hibernate.boot.model.internal.BasicValueBinder - building BasicValue for arrivalTime
10:24:17.806 [main] DEBUG org.hibernate.mapping.BasicValue - Skipping column re-registration: attendances.arrival_time
10:24:17.806 [main] DEBUG org.hibernate.boot.model.internal.PropertyBinder - Building property arrivalTime
10:24:17.806 [main] DEBUG org.hibernate.boot.model.internal.AnnotatedColumn - Binding column: AnnotatedColumn(column='departure_time')
10:24:17.806 [main] DEBUG org.hibernate.boot.model.internal.PropertyBinder - MetadataSourceProcessor property departureTime with lazy=false
10:24:17.806 [main] DEBUG org.hibernate.boot.model.internal.AbstractPropertyHolder - Attempting to locate auto-apply AttributeConverter for property [org.frcpm.models.Attendance:departureTime]
10:24:17.806 [main] DEBUG org.hibernate.boot.model.internal.BasicValueBinder - building BasicValue for departureTime
10:24:17.806 [main] DEBUG org.hibernate.mapping.BasicValue - Skipping column re-registration: attendances.departure_time
10:24:17.806 [main] DEBUG org.hibernate.boot.model.internal.PropertyBinder - Building property departureTime
10:24:17.806 [main] DEBUG org.hibernate.boot.model.internal.AnnotatedColumn - Binding column: AnnotatedJoinColumn(column='meeting_id')
10:24:17.806 [main] DEBUG org.hibernate.boot.model.internal.AnnotatedColumn - Binding column: AnnotatedColumn()
10:24:17.806 [main] DEBUG org.hibernate.boot.model.internal.PropertyBinder - Building property meeting
10:24:17.806 [main] DEBUG org.hibernate.boot.model.internal.AnnotatedColumn - Binding column: AnnotatedJoinColumn(column='member_id')
10:24:17.806 [main] DEBUG org.hibernate.boot.model.internal.AnnotatedColumn - Binding column: AnnotatedColumn()
10:24:17.806 [main] DEBUG org.hibernate.boot.model.internal.PropertyBinder - Building property member
10:24:17.806 [main] DEBUG org.hibernate.boot.model.internal.AnnotatedColumn - Binding column: AnnotatedColumn(column='present')
10:24:17.806 [main] DEBUG org.hibernate.boot.model.internal.PropertyBinder - MetadataSourceProcessor property present with lazy=false
10:24:17.806 [main] DEBUG org.hibernate.boot.model.internal.AbstractPropertyHolder - Attempting to locate auto-apply AttributeConverter for property [org.frcpm.models.Attendance:present]
10:24:17.806 [main] DEBUG org.hibernate.boot.model.internal.BasicValueBinder - building BasicValue for present
10:24:17.806 [main] DEBUG org.hibernate.mapping.BasicValue - Skipping column re-registration: attendances.present
10:24:17.807 [main] DEBUG org.hibernate.boot.model.internal.PropertyBinder - Building property present
10:24:17.807 [main] DEBUG org.hibernate.boot.registry.classloading.internal.ClassLoaderServiceImpl - HHH000194: Package not found or no package-info.java: org.frcpm.models
10:24:17.807 [main] DEBUG org.hibernate.boot.model.internal.EntityBinder - Binding entity from annotated class: org.frcpm.models.Meeting
10:24:17.807 [main] DEBUG org.hibernate.boot.model.internal.EntityBinder - Import with entity name Meeting
10:24:17.807 [main] DEBUG org.hibernate.boot.model.internal.EntityBinder - Bind entity org.frcpm.models.Meeting on table meetings
10:24:17.807 [main] DEBUG org.hibernate.boot.model.internal.AnnotatedColumn - Binding column: AnnotatedDiscriminatorColumn(column='DTYPE')
10:24:17.808 [main] DEBUG org.hibernate.boot.model.internal.AnnotatedColumn - Binding column: AnnotatedColumn()
10:24:17.808 [main] DEBUG org.hibernate.boot.internal.ClassLoaderAccessImpl - Not known whether passed class name [org.frcpm.models.Meeting] is safe
10:24:17.808 [main] DEBUG org.hibernate.boot.internal.ClassLoaderAccessImpl - No temp ClassLoader provided; using live ClassLoader for loading potentially unsafe class : org.frcpm.models.Meeting
10:24:17.808 [main] DEBUG org.hibernate.boot.model.internal.PropertyBinder - MetadataSourceProcessor property id with lazy=false
10:24:17.808 [main] DEBUG org.hibernate.boot.model.internal.AbstractPropertyHolder - Attempting to locate auto-apply AttributeConverter for property [org.frcpm.models.Meeting:id]
10:24:17.808 [main] DEBUG org.hibernate.boot.model.internal.BasicValueBinder - building BasicValue for id
10:24:17.808 [main] DEBUG org.hibernate.mapping.BasicValue - Skipping column re-registration: meetings.id
10:24:17.808 [main] DEBUG org.hibernate.boot.model.internal.PropertyBinder - Building property id
10:24:17.808 [main] DEBUG org.hibernate.boot.model.internal.BinderHelper - #makeIdGenerator(BasicValue([Column(id)]), id, identity, , ...)
10:24:17.808 [main] DEBUG org.hibernate.boot.model.internal.AnnotatedColumn - Binding column: AnnotatedJoinColumn()
10:24:17.808 [main] DEBUG org.hibernate.boot.model.internal.AnnotatedColumn - Binding column: AnnotatedColumn()
10:24:17.808 [main] DEBUG org.hibernate.boot.model.internal.AnnotatedColumn - Binding column: IndexColumn(column='attendances_ORDER')
10:24:17.808 [main] DEBUG org.hibernate.boot.model.internal.AnnotatedColumn - Binding column: AnnotatedColumn()
10:24:17.808 [main] DEBUG org.hibernate.boot.model.internal.AnnotatedColumn - Binding column: AnnotatedColumn(column='attendances_KEY')
10:24:17.808 [main] DEBUG org.hibernate.boot.model.internal.AnnotatedColumn - Binding column: AnnotatedJoinColumn(column='attendances_KEY')
10:24:17.808 [main] DEBUG org.hibernate.boot.model.internal.AnnotatedColumn - Binding column: AnnotatedJoinColumn()
10:24:17.808 [main] DEBUG org.hibernate.boot.model.internal.AnnotatedColumn - Binding column: AnnotatedJoinColumn()
10:24:17.808 [main] DEBUG org.hibernate.boot.model.internal.CollectionBinder - Collection role: org.frcpm.models.Meeting.attendances
10:24:17.808 [main] DEBUG org.hibernate.boot.model.internal.PropertyBinder - Building property attendances
10:24:17.808 [main] DEBUG org.hibernate.boot.model.internal.AnnotatedColumn - Binding column: AnnotatedColumn(column='date')
10:24:17.808 [main] DEBUG org.hibernate.boot.model.internal.PropertyBinder - MetadataSourceProcessor property date with lazy=false
10:24:17.808 [main] DEBUG org.hibernate.boot.model.internal.AbstractPropertyHolder - Attempting to locate auto-apply AttributeConverter for property [org.frcpm.models.Meeting:date]
10:24:17.808 [main] DEBUG org.hibernate.boot.model.internal.BasicValueBinder - building BasicValue for date
10:24:17.808 [main] DEBUG org.hibernate.mapping.BasicValue - Skipping column re-registration: meetings.date
10:24:17.808 [main] DEBUG org.hibernate.boot.model.internal.PropertyBinder - Building property date
10:24:17.808 [main] DEBUG org.hibernate.boot.model.internal.AnnotatedColumn - Binding column: AnnotatedColumn(column='end_time')
10:24:17.808 [main] DEBUG org.hibernate.boot.model.internal.PropertyBinder - MetadataSourceProcessor property endTime with lazy=false
10:24:17.808 [main] DEBUG org.hibernate.boot.model.internal.AbstractPropertyHolder - Attempting to locate auto-apply AttributeConverter for property [org.frcpm.models.Meeting:endTime]
10:24:17.808 [main] DEBUG org.hibernate.boot.model.internal.BasicValueBinder - building BasicValue for endTime
10:24:17.808 [main] DEBUG org.hibernate.mapping.BasicValue - Skipping column re-registration: meetings.end_time
10:24:17.808 [main] DEBUG org.hibernate.boot.model.internal.PropertyBinder - Building property endTime
10:24:17.808 [main] DEBUG org.hibernate.boot.model.internal.AnnotatedColumn - Binding column: AnnotatedColumn(column='notes')
10:24:17.808 [main] DEBUG org.hibernate.boot.model.internal.PropertyBinder - MetadataSourceProcessor property notes with lazy=false
10:24:17.808 [main] DEBUG org.hibernate.boot.model.internal.AbstractPropertyHolder - Attempting to locate auto-apply AttributeConverter for property [org.frcpm.models.Meeting:notes]
10:24:17.808 [main] DEBUG org.hibernate.boot.model.internal.BasicValueBinder - building BasicValue for notes
10:24:17.808 [main] DEBUG org.hibernate.mapping.BasicValue - Skipping column re-registration: meetings.notes
10:24:17.808 [main] DEBUG org.hibernate.boot.model.internal.PropertyBinder - Building property notes
10:24:17.808 [main] DEBUG org.hibernate.boot.model.internal.AnnotatedColumn - Binding column: AnnotatedJoinColumn(column='project_id')
10:24:17.808 [main] DEBUG org.hibernate.boot.model.internal.AnnotatedColumn - Binding column: AnnotatedColumn()
10:24:17.808 [main] DEBUG org.hibernate.boot.model.internal.PropertyBinder - Building property project
10:24:17.808 [main] DEBUG org.hibernate.boot.model.internal.AnnotatedColumn - Binding column: AnnotatedColumn(column='start_time')
10:24:17.808 [main] DEBUG org.hibernate.boot.model.internal.PropertyBinder - MetadataSourceProcessor property startTime with lazy=false
10:24:17.808 [main] DEBUG org.hibernate.boot.model.internal.AbstractPropertyHolder - Attempting to locate auto-apply AttributeConverter for property [org.frcpm.models.Meeting:startTime]
10:24:17.808 [main] DEBUG org.hibernate.boot.model.internal.BasicValueBinder - building BasicValue for startTime
10:24:17.808 [main] DEBUG org.hibernate.mapping.BasicValue - Skipping column re-registration: meetings.start_time
10:24:17.808 [main] DEBUG org.hibernate.boot.model.internal.PropertyBinder - Building property startTime
10:24:17.809 [main] DEBUG org.hibernate.boot.registry.classloading.internal.ClassLoaderServiceImpl - HHH000194: Package not found or no package-info.java: org.frcpm.models
10:24:17.809 [main] DEBUG org.hibernate.boot.model.internal.EntityBinder - Binding entity from annotated class: org.frcpm.models.Subsystem
10:24:17.809 [main] DEBUG org.hibernate.boot.model.internal.EntityBinder - Import with entity name Subsystem
10:24:17.809 [main] DEBUG org.hibernate.boot.model.internal.EntityBinder - Bind entity org.frcpm.models.Subsystem on table subsystems
10:24:17.809 [main] DEBUG org.hibernate.boot.model.internal.AnnotatedColumn - Binding column: AnnotatedDiscriminatorColumn(column='DTYPE')
10:24:17.809 [main] DEBUG org.hibernate.boot.model.internal.AnnotatedColumn - Binding column: AnnotatedColumn()
10:24:17.809 [main] DEBUG org.hibernate.boot.internal.ClassLoaderAccessImpl - Not known whether passed class name [org.frcpm.models.Subsystem] is safe
10:24:17.809 [main] DEBUG org.hibernate.boot.internal.ClassLoaderAccessImpl - No temp ClassLoader provided; using live ClassLoader for loading potentially unsafe class : org.frcpm.models.Subsystem
10:24:17.809 [main] DEBUG org.hibernate.boot.model.internal.PropertyBinder - MetadataSourceProcessor property id with lazy=false
10:24:17.809 [main] DEBUG org.hibernate.boot.model.internal.AbstractPropertyHolder - Attempting to locate auto-apply AttributeConverter for property [org.frcpm.models.Subsystem:id]
10:24:17.809 [main] DEBUG org.hibernate.boot.model.internal.BasicValueBinder - building BasicValue for id
10:24:17.809 [main] DEBUG org.hibernate.mapping.BasicValue - Skipping column re-registration: subsystems.id
10:24:17.809 [main] DEBUG org.hibernate.boot.model.internal.PropertyBinder - Building property id
10:24:17.809 [main] DEBUG org.hibernate.boot.model.internal.BinderHelper - #makeIdGenerator(BasicValue([Column(id)]), id, identity, , ...)
10:24:17.809 [main] DEBUG org.hibernate.boot.model.internal.AnnotatedColumn - Binding column: AnnotatedColumn(column='description')
10:24:17.809 [main] DEBUG org.hibernate.boot.model.internal.PropertyBinder - MetadataSourceProcessor property description with lazy=false
10:24:17.809 [main] DEBUG org.hibernate.boot.model.internal.AbstractPropertyHolder - Attempting to locate auto-apply AttributeConverter for property [org.frcpm.models.Subsystem:description]
10:24:17.809 [main] DEBUG org.hibernate.boot.model.internal.BasicValueBinder - building BasicValue for description
10:24:17.809 [main] DEBUG org.hibernate.mapping.BasicValue - Skipping column re-registration: subsystems.description
10:24:17.809 [main] DEBUG org.hibernate.boot.model.internal.PropertyBinder - Building property description
10:24:17.809 [main] DEBUG org.hibernate.boot.model.internal.AnnotatedColumn - Binding column: AnnotatedColumn(column='name')
10:24:17.809 [main] DEBUG org.hibernate.boot.model.internal.PropertyBinder - MetadataSourceProcessor property name with lazy=false
10:24:17.809 [main] DEBUG org.hibernate.boot.model.internal.AbstractPropertyHolder - Attempting to locate auto-apply AttributeConverter for property [org.frcpm.models.Subsystem:name]
10:24:17.809 [main] DEBUG org.hibernate.boot.model.internal.BasicValueBinder - building BasicValue for name
10:24:17.809 [main] DEBUG org.hibernate.mapping.BasicValue - Skipping column re-registration: subsystems.name
10:24:17.809 [main] DEBUG org.hibernate.boot.model.internal.PropertyBinder - Building property name
10:24:17.809 [main] DEBUG org.hibernate.boot.model.internal.AnnotatedColumn - Binding column: AnnotatedJoinColumn(column='responsible_subteam_id')
10:24:17.810 [main] DEBUG org.hibernate.boot.model.internal.AnnotatedColumn - Binding column: AnnotatedColumn()
10:24:17.810 [main] DEBUG org.hibernate.boot.model.internal.PropertyBinder - Building property responsibleSubteam
10:24:17.810 [main] DEBUG org.hibernate.boot.model.internal.AnnotatedColumn - Binding column: AnnotatedColumn(column='status')
10:24:17.810 [main] DEBUG org.hibernate.boot.model.internal.PropertyBinder - MetadataSourceProcessor property status with lazy=false
10:24:17.810 [main] DEBUG org.hibernate.boot.model.internal.AbstractPropertyHolder - Attempting to locate auto-apply AttributeConverter for property [org.frcpm.models.Subsystem:status]
10:24:17.810 [main] DEBUG org.hibernate.boot.model.internal.BasicValueBinder - building BasicValue for status
10:24:17.810 [main] DEBUG org.hibernate.mapping.BasicValue - Skipping column re-registration: subsystems.status
10:24:17.810 [main] DEBUG org.hibernate.boot.model.internal.PropertyBinder - Building property status
10:24:17.810 [main] DEBUG org.hibernate.boot.model.internal.AnnotatedColumn - Binding column: AnnotatedJoinColumn()
10:24:17.810 [main] DEBUG org.hibernate.boot.model.internal.AnnotatedColumn - Binding column: AnnotatedColumn()
10:24:17.810 [main] DEBUG org.hibernate.boot.model.internal.AnnotatedColumn - Binding column: IndexColumn(column='tasks_ORDER')
10:24:17.810 [main] DEBUG org.hibernate.boot.model.internal.AnnotatedColumn - Binding column: AnnotatedColumn()
10:24:17.810 [main] DEBUG org.hibernate.boot.model.internal.AnnotatedColumn - Binding column: AnnotatedColumn(column='tasks_KEY')
10:24:17.810 [main] DEBUG org.hibernate.boot.model.internal.AnnotatedColumn - Binding column: AnnotatedJoinColumn(column='tasks_KEY')
10:24:17.810 [main] DEBUG org.hibernate.boot.model.internal.AnnotatedColumn - Binding column: AnnotatedJoinColumn()
10:24:17.810 [main] DEBUG org.hibernate.boot.model.internal.AnnotatedColumn - Binding column: AnnotatedJoinColumn()
10:24:17.810 [main] DEBUG org.hibernate.boot.model.internal.CollectionBinder - Collection role: org.frcpm.models.Subsystem.tasks
10:24:17.810 [main] DEBUG org.hibernate.boot.model.internal.PropertyBinder - Building property tasks
10:24:17.810 [main] DEBUG org.hibernate.boot.registry.classloading.internal.ClassLoaderServiceImpl - HHH000194: Package not found or no package-info.java: org.frcpm.models
10:24:17.811 [main] DEBUG org.hibernate.boot.model.internal.EntityBinder - Binding entity from annotated class: org.frcpm.models.Component
10:24:17.811 [main] DEBUG org.hibernate.boot.model.internal.EntityBinder - Import with entity name Component
10:24:17.811 [main] DEBUG org.hibernate.boot.model.internal.EntityBinder - Bind entity org.frcpm.models.Component on table components
10:24:17.811 [main] DEBUG org.hibernate.boot.model.internal.AnnotatedColumn - Binding column: AnnotatedDiscriminatorColumn(column='DTYPE')
10:24:17.811 [main] DEBUG org.hibernate.boot.model.internal.AnnotatedColumn - Binding column: AnnotatedColumn()
10:24:17.811 [main] DEBUG org.hibernate.boot.internal.ClassLoaderAccessImpl - Not known whether passed class name [org.frcpm.models.Component] is safe
10:24:17.811 [main] DEBUG org.hibernate.boot.internal.ClassLoaderAccessImpl - No temp ClassLoader provided; using live ClassLoader for loading potentially unsafe class : org.frcpm.models.Component
10:24:17.811 [main] DEBUG org.hibernate.boot.model.internal.PropertyBinder - MetadataSourceProcessor property id with lazy=false
10:24:17.811 [main] DEBUG org.hibernate.boot.model.internal.AbstractPropertyHolder - Attempting to locate auto-apply AttributeConverter for property [org.frcpm.models.Component:id]
10:24:17.811 [main] DEBUG org.hibernate.boot.model.internal.BasicValueBinder - building BasicValue for id
10:24:17.811 [main] DEBUG org.hibernate.mapping.BasicValue - Skipping column re-registration: components.id
10:24:17.811 [main] DEBUG org.hibernate.boot.model.internal.PropertyBinder - Building property id
10:24:17.811 [main] DEBUG org.hibernate.boot.model.internal.BinderHelper - #makeIdGenerator(BasicValue([Column(id)]), id, identity, , ...)
10:24:17.811 [main] DEBUG org.hibernate.boot.model.internal.AnnotatedColumn - Binding column: AnnotatedColumn(column='actual_delivery')
10:24:17.811 [main] DEBUG org.hibernate.boot.model.internal.PropertyBinder - MetadataSourceProcessor property actualDelivery with lazy=false
10:24:17.811 [main] DEBUG org.hibernate.boot.model.internal.AbstractPropertyHolder - Attempting to locate auto-apply AttributeConverter for property [org.frcpm.models.Component:actualDelivery]
10:24:17.811 [main] DEBUG org.hibernate.boot.model.internal.BasicValueBinder - building BasicValue for actualDelivery
10:24:17.811 [main] DEBUG org.hibernate.mapping.BasicValue - Skipping column re-registration: components.actual_delivery
10:24:17.811 [main] DEBUG org.hibernate.boot.model.internal.PropertyBinder - Building property actualDelivery
10:24:17.811 [main] DEBUG org.hibernate.boot.model.internal.AnnotatedColumn - Binding column: AnnotatedColumn(column='is_delivered')
10:24:17.811 [main] DEBUG org.hibernate.boot.model.internal.PropertyBinder - MetadataSourceProcessor property delivered with lazy=false
10:24:17.811 [main] DEBUG org.hibernate.boot.model.internal.AbstractPropertyHolder - Attempting to locate auto-apply AttributeConverter for property [org.frcpm.models.Component:delivered]
10:24:17.811 [main] DEBUG org.hibernate.boot.model.internal.BasicValueBinder - building BasicValue for delivered
10:24:17.811 [main] DEBUG org.hibernate.mapping.BasicValue - Skipping column re-registration: components.is_delivered
10:24:17.811 [main] DEBUG org.hibernate.boot.model.internal.PropertyBinder - Building property delivered
10:24:17.811 [main] DEBUG org.hibernate.boot.model.internal.AnnotatedColumn - Binding column: AnnotatedColumn(column='description')
10:24:17.811 [main] DEBUG org.hibernate.boot.model.internal.PropertyBinder - MetadataSourceProcessor property description with lazy=false
10:24:17.811 [main] DEBUG org.hibernate.boot.model.internal.AbstractPropertyHolder - Attempting to locate auto-apply AttributeConverter for property [org.frcpm.models.Component:description]
10:24:17.811 [main] DEBUG org.hibernate.boot.model.internal.BasicValueBinder - building BasicValue for description
10:24:17.811 [main] DEBUG org.hibernate.mapping.BasicValue - Skipping column re-registration: components.description
10:24:17.811 [main] DEBUG org.hibernate.boot.model.internal.PropertyBinder - Building property description
10:24:17.811 [main] DEBUG org.hibernate.boot.model.internal.AnnotatedColumn - Binding column: AnnotatedColumn(column='expected_delivery')
10:24:17.811 [main] DEBUG org.hibernate.boot.model.internal.PropertyBinder - MetadataSourceProcessor property expectedDelivery with lazy=false
10:24:17.811 [main] DEBUG org.hibernate.boot.model.internal.AbstractPropertyHolder - Attempting to locate auto-apply AttributeConverter for property [org.frcpm.models.Component:expectedDelivery]
10:24:17.811 [main] DEBUG org.hibernate.boot.model.internal.BasicValueBinder - building BasicValue for expectedDelivery
10:24:17.811 [main] DEBUG org.hibernate.mapping.BasicValue - Skipping column re-registration: components.expected_delivery
10:24:17.811 [main] DEBUG org.hibernate.boot.model.internal.PropertyBinder - Building property expectedDelivery
10:24:17.811 [main] DEBUG org.hibernate.boot.model.internal.AnnotatedColumn - Binding column: AnnotatedColumn(column='name')
10:24:17.811 [main] DEBUG org.hibernate.boot.model.internal.PropertyBinder - MetadataSourceProcessor property name with lazy=false
10:24:17.811 [main] DEBUG org.hibernate.boot.model.internal.AbstractPropertyHolder - Attempting to locate auto-apply AttributeConverter for property [org.frcpm.models.Component:name]
10:24:17.811 [main] DEBUG org.hibernate.boot.model.internal.BasicValueBinder - building BasicValue for name
10:24:17.811 [main] DEBUG org.hibernate.mapping.BasicValue - Skipping column re-registration: components.name
10:24:17.811 [main] DEBUG org.hibernate.boot.model.internal.PropertyBinder - Building property name
10:24:17.811 [main] DEBUG org.hibernate.boot.model.internal.AnnotatedColumn - Binding column: AnnotatedColumn(column='part_number')
10:24:17.811 [main] DEBUG org.hibernate.boot.model.internal.PropertyBinder - MetadataSourceProcessor property partNumber with lazy=false
10:24:17.811 [main] DEBUG org.hibernate.boot.model.internal.AbstractPropertyHolder - Attempting to locate auto-apply AttributeConverter for property [org.frcpm.models.Component:partNumber]
10:24:17.811 [main] DEBUG org.hibernate.boot.model.internal.BasicValueBinder - building BasicValue for partNumber
10:24:17.811 [main] DEBUG org.hibernate.mapping.BasicValue - Skipping column re-registration: components.part_number
10:24:17.811 [main] DEBUG org.hibernate.boot.model.internal.PropertyBinder - Building property partNumber
10:24:17.812 [main] DEBUG org.hibernate.boot.model.internal.AnnotatedColumn - Binding column: IndexColumn(column='requiredForTasks_ORDER')
10:24:17.812 [main] DEBUG org.hibernate.boot.model.internal.AnnotatedColumn - Binding column: AnnotatedColumn()
10:24:17.812 [main] DEBUG org.hibernate.boot.model.internal.AnnotatedColumn - Binding column: AnnotatedColumn(column='requiredForTasks_KEY')
10:24:17.812 [main] DEBUG org.hibernate.boot.model.internal.AnnotatedColumn - Binding column: AnnotatedJoinColumn(column='requiredForTasks_KEY')
10:24:17.812 [main] DEBUG org.hibernate.boot.model.internal.AnnotatedColumn - Binding column: AnnotatedJoinColumn()
10:24:17.812 [main] DEBUG org.hibernate.boot.model.internal.AnnotatedColumn - Binding column: AnnotatedJoinColumn()
10:24:17.812 [main] DEBUG org.hibernate.boot.model.internal.CollectionBinder - Collection role: org.frcpm.models.Component.requiredForTasks
10:24:17.812 [main] DEBUG org.hibernate.boot.model.internal.PropertyBinder - Building property requiredForTasks
10:24:17.812 [main] DEBUG org.hibernate.boot.registry.classloading.internal.ClassLoaderServiceImpl - HHH000194: Package not found or no package-info.java: org.frcpm.models
10:24:17.812 [main] DEBUG org.hibernate.boot.model.internal.EntityBinder - Binding entity from annotated class: org.frcpm.models.Milestone
10:24:17.812 [main] DEBUG org.hibernate.boot.model.internal.EntityBinder - Import with entity name Milestone
10:24:17.812 [main] DEBUG org.hibernate.boot.model.internal.EntityBinder - Bind entity org.frcpm.models.Milestone on table milestones
10:24:17.812 [main] DEBUG org.hibernate.boot.model.internal.AnnotatedColumn - Binding column: AnnotatedDiscriminatorColumn(column='DTYPE')
10:24:17.812 [main] DEBUG org.hibernate.boot.model.internal.AnnotatedColumn - Binding column: AnnotatedColumn()
10:24:17.813 [main] DEBUG org.hibernate.boot.internal.ClassLoaderAccessImpl - Not known whether passed class name [org.frcpm.models.Milestone] is safe
10:24:17.813 [main] DEBUG org.hibernate.boot.internal.ClassLoaderAccessImpl - No temp ClassLoader provided; using live ClassLoader for loading potentially unsafe class : org.frcpm.models.Milestone
10:24:17.813 [main] DEBUG org.hibernate.boot.model.internal.PropertyBinder - MetadataSourceProcessor property id with lazy=false
10:24:17.813 [main] DEBUG org.hibernate.boot.model.internal.AbstractPropertyHolder - Attempting to locate auto-apply AttributeConverter for property [org.frcpm.models.Milestone:id]
10:24:17.813 [main] DEBUG org.hibernate.boot.model.internal.BasicValueBinder - building BasicValue for id
10:24:17.813 [main] DEBUG org.hibernate.mapping.BasicValue - Skipping column re-registration: milestones.id
10:24:17.813 [main] DEBUG org.hibernate.boot.model.internal.PropertyBinder - Building property id
10:24:17.813 [main] DEBUG org.hibernate.boot.model.internal.BinderHelper - #makeIdGenerator(BasicValue([Column(id)]), id, identity, , ...)
10:24:17.813 [main] DEBUG org.hibernate.boot.model.internal.AnnotatedColumn - Binding column: AnnotatedColumn(column='date')
10:24:17.813 [main] DEBUG org.hibernate.boot.model.internal.PropertyBinder - MetadataSourceProcessor property date with lazy=false
10:24:17.813 [main] DEBUG org.hibernate.boot.model.internal.AbstractPropertyHolder - Attempting to locate auto-apply AttributeConverter for property [org.frcpm.models.Milestone:date]
10:24:17.813 [main] DEBUG org.hibernate.boot.model.internal.BasicValueBinder - building BasicValue for date
10:24:17.813 [main] DEBUG org.hibernate.mapping.BasicValue - Skipping column re-registration: milestones.date
10:24:17.813 [main] DEBUG org.hibernate.boot.model.internal.PropertyBinder - Building property date
10:24:17.813 [main] DEBUG org.hibernate.boot.model.internal.AnnotatedColumn - Binding column: AnnotatedColumn(column='description')
10:24:17.813 [main] DEBUG org.hibernate.boot.model.internal.PropertyBinder - MetadataSourceProcessor property description with lazy=false
10:24:17.813 [main] DEBUG org.hibernate.boot.model.internal.AbstractPropertyHolder - Attempting to locate auto-apply AttributeConverter for property [org.frcpm.models.Milestone:description]
10:24:17.813 [main] DEBUG org.hibernate.boot.model.internal.BasicValueBinder - building BasicValue for description
10:24:17.813 [main] DEBUG org.hibernate.mapping.BasicValue - Skipping column re-registration: milestones.description
10:24:17.813 [main] DEBUG org.hibernate.boot.model.internal.PropertyBinder - Building property description
10:24:17.813 [main] DEBUG org.hibernate.boot.model.internal.AnnotatedColumn - Binding column: AnnotatedColumn(column='name')
10:24:17.813 [main] DEBUG org.hibernate.boot.model.internal.PropertyBinder - MetadataSourceProcessor property name with lazy=false
10:24:17.813 [main] DEBUG org.hibernate.boot.model.internal.AbstractPropertyHolder - Attempting to locate auto-apply AttributeConverter for property [org.frcpm.models.Milestone:name]
10:24:17.813 [main] DEBUG org.hibernate.boot.model.internal.BasicValueBinder - building BasicValue for name
10:24:17.813 [main] DEBUG org.hibernate.mapping.BasicValue - Skipping column re-registration: milestones.name
10:24:17.813 [main] DEBUG org.hibernate.boot.model.internal.PropertyBinder - Building property name
10:24:17.813 [main] DEBUG org.hibernate.boot.model.internal.AnnotatedColumn - Binding column: AnnotatedJoinColumn(column='project_id')
10:24:17.813 [main] DEBUG org.hibernate.boot.model.internal.AnnotatedColumn - Binding column: AnnotatedColumn()
10:24:17.813 [main] DEBUG org.hibernate.boot.model.internal.PropertyBinder - Building property project
10:24:17.813 [main] DEBUG org.hibernate.boot.registry.classloading.internal.ClassLoaderServiceImpl - HHH000194: Package not found or no package-info.java: org.frcpm.models
10:24:17.813 [main] DEBUG org.hibernate.boot.model.internal.EntityBinder - Binding entity from annotated class: org.frcpm.models.Project
10:24:17.813 [main] DEBUG org.hibernate.boot.model.internal.EntityBinder - Import with entity name Project
10:24:17.813 [main] DEBUG org.hibernate.boot.model.internal.EntityBinder - Bind entity org.frcpm.models.Project on table projects
10:24:17.813 [main] DEBUG org.hibernate.boot.model.internal.AnnotatedColumn - Binding column: AnnotatedDiscriminatorColumn(column='DTYPE')
10:24:17.813 [main] DEBUG org.hibernate.boot.model.internal.AnnotatedColumn - Binding column: AnnotatedColumn()
10:24:17.813 [main] DEBUG org.hibernate.boot.internal.ClassLoaderAccessImpl - Not known whether passed class name [org.frcpm.models.Project] is safe
10:24:17.813 [main] DEBUG org.hibernate.boot.internal.ClassLoaderAccessImpl - No temp ClassLoader provided; using live ClassLoader for loading potentially unsafe class : org.frcpm.models.Project
10:24:17.813 [main] DEBUG org.hibernate.boot.model.internal.PropertyBinder - MetadataSourceProcessor property id with lazy=false
10:24:17.813 [main] DEBUG org.hibernate.boot.model.internal.AbstractPropertyHolder - Attempting to locate auto-apply AttributeConverter for property [org.frcpm.models.Project:id]
10:24:17.813 [main] DEBUG org.hibernate.boot.model.internal.BasicValueBinder - building BasicValue for id
10:24:17.813 [main] DEBUG org.hibernate.mapping.BasicValue - Skipping column re-registration: projects.id
10:24:17.813 [main] DEBUG org.hibernate.boot.model.internal.PropertyBinder - Building property id
10:24:17.813 [main] DEBUG org.hibernate.boot.model.internal.BinderHelper - #makeIdGenerator(BasicValue([Column(id)]), id, identity, , ...)
10:24:17.813 [main] DEBUG org.hibernate.boot.model.internal.AnnotatedColumn - Binding column: AnnotatedColumn(column='description')
10:24:17.813 [main] DEBUG org.hibernate.boot.model.internal.PropertyBinder - MetadataSourceProcessor property description with lazy=false
10:24:17.813 [main] DEBUG org.hibernate.boot.model.internal.AbstractPropertyHolder - Attempting to locate auto-apply AttributeConverter for property [org.frcpm.models.Project:description]
10:24:17.813 [main] DEBUG org.hibernate.boot.model.internal.BasicValueBinder - building BasicValue for description
10:24:17.813 [main] DEBUG org.hibernate.mapping.BasicValue - Skipping column re-registration: projects.description
10:24:17.813 [main] DEBUG org.hibernate.boot.model.internal.PropertyBinder - Building property description
10:24:17.813 [main] DEBUG org.hibernate.boot.model.internal.AnnotatedColumn - Binding column: AnnotatedColumn(column='goal_end_date')
10:24:17.813 [main] DEBUG org.hibernate.boot.model.internal.PropertyBinder - MetadataSourceProcessor property goalEndDate with lazy=false
10:24:17.813 [main] DEBUG org.hibernate.boot.model.internal.AbstractPropertyHolder - Attempting to locate auto-apply AttributeConverter for property [org.frcpm.models.Project:goalEndDate]
10:24:17.813 [main] DEBUG org.hibernate.boot.model.internal.BasicValueBinder - building BasicValue for goalEndDate
10:24:17.813 [main] DEBUG org.hibernate.mapping.BasicValue - Skipping column re-registration: projects.goal_end_date
10:24:17.813 [main] DEBUG org.hibernate.boot.model.internal.PropertyBinder - Building property goalEndDate
10:24:17.813 [main] DEBUG org.hibernate.boot.model.internal.AnnotatedColumn - Binding column: AnnotatedColumn(column='hard_deadline')
10:24:17.813 [main] DEBUG org.hibernate.boot.model.internal.PropertyBinder - MetadataSourceProcessor property hardDeadline with lazy=false
10:24:17.813 [main] DEBUG org.hibernate.boot.model.internal.AbstractPropertyHolder - Attempting to locate auto-apply AttributeConverter for property [org.frcpm.models.Project:hardDeadline]
10:24:17.813 [main] DEBUG org.hibernate.boot.model.internal.BasicValueBinder - building BasicValue for hardDeadline
10:24:17.813 [main] DEBUG org.hibernate.mapping.BasicValue - Skipping column re-registration: projects.hard_deadline
10:24:17.813 [main] DEBUG org.hibernate.boot.model.internal.PropertyBinder - Building property hardDeadline
10:24:17.814 [main] DEBUG org.hibernate.boot.model.internal.AnnotatedColumn - Binding column: AnnotatedJoinColumn()
10:24:17.814 [main] DEBUG org.hibernate.boot.model.internal.AnnotatedColumn - Binding column: AnnotatedColumn()
10:24:17.814 [main] DEBUG org.hibernate.boot.model.internal.AnnotatedColumn - Binding column: IndexColumn(column='meetings_ORDER')
10:24:17.814 [main] DEBUG org.hibernate.boot.model.internal.AnnotatedColumn - Binding column: AnnotatedColumn()
10:24:17.814 [main] DEBUG org.hibernate.boot.model.internal.AnnotatedColumn - Binding column: AnnotatedColumn(column='meetings_KEY')
10:24:17.814 [main] DEBUG org.hibernate.boot.model.internal.AnnotatedColumn - Binding column: AnnotatedJoinColumn(column='meetings_KEY')
10:24:17.814 [main] DEBUG org.hibernate.boot.model.internal.AnnotatedColumn - Binding column: AnnotatedJoinColumn()
10:24:17.814 [main] DEBUG org.hibernate.boot.model.internal.AnnotatedColumn - Binding column: AnnotatedJoinColumn()
10:24:17.814 [main] DEBUG org.hibernate.boot.model.internal.CollectionBinder - Collection role: org.frcpm.models.Project.meetings
10:24:17.814 [main] DEBUG org.hibernate.boot.model.internal.PropertyBinder - Building property meetings
10:24:17.814 [main] DEBUG org.hibernate.boot.model.internal.AnnotatedColumn - Binding column: AnnotatedJoinColumn()
10:24:17.814 [main] DEBUG org.hibernate.boot.model.internal.AnnotatedColumn - Binding column: AnnotatedColumn()
10:24:17.814 [main] DEBUG org.hibernate.boot.model.internal.AnnotatedColumn - Binding column: IndexColumn(column='milestones_ORDER')
10:24:17.814 [main] DEBUG org.hibernate.boot.model.internal.AnnotatedColumn - Binding column: AnnotatedColumn()
10:24:17.814 [main] DEBUG org.hibernate.boot.model.internal.AnnotatedColumn - Binding column: AnnotatedColumn(column='milestones_KEY')
10:24:17.814 [main] DEBUG org.hibernate.boot.model.internal.AnnotatedColumn - Binding column: AnnotatedJoinColumn(column='milestones_KEY')
10:24:17.814 [main] DEBUG org.hibernate.boot.model.internal.AnnotatedColumn - Binding column: AnnotatedJoinColumn()
10:24:17.814 [main] DEBUG org.hibernate.boot.model.internal.AnnotatedColumn - Binding column: AnnotatedJoinColumn()
10:24:17.814 [main] DEBUG org.hibernate.boot.model.internal.CollectionBinder - Collection role: org.frcpm.models.Project.milestones
10:24:17.814 [main] DEBUG org.hibernate.boot.model.internal.PropertyBinder - Building property milestones
10:24:17.814 [main] DEBUG org.hibernate.boot.model.internal.AnnotatedColumn - Binding column: AnnotatedColumn(column='name')
10:24:17.814 [main] DEBUG org.hibernate.boot.model.internal.PropertyBinder - MetadataSourceProcessor property name with lazy=false
10:24:17.814 [main] DEBUG org.hibernate.boot.model.internal.AbstractPropertyHolder - Attempting to locate auto-apply AttributeConverter for property [org.frcpm.models.Project:name]
10:24:17.814 [main] DEBUG org.hibernate.boot.model.internal.BasicValueBinder - building BasicValue for name
10:24:17.814 [main] DEBUG org.hibernate.mapping.BasicValue - Skipping column re-registration: projects.name
10:24:17.814 [main] DEBUG org.hibernate.boot.model.internal.PropertyBinder - Building property name
10:24:17.814 [main] DEBUG org.hibernate.boot.model.internal.AnnotatedColumn - Binding column: AnnotatedColumn(column='start_date')
10:24:17.814 [main] DEBUG org.hibernate.boot.model.internal.PropertyBinder - MetadataSourceProcessor property startDate with lazy=false
10:24:17.814 [main] DEBUG org.hibernate.boot.model.internal.AbstractPropertyHolder - Attempting to locate auto-apply AttributeConverter for property [org.frcpm.models.Project:startDate]
10:24:17.814 [main] DEBUG org.hibernate.boot.model.internal.BasicValueBinder - building BasicValue for startDate
10:24:17.814 [main] DEBUG org.hibernate.mapping.BasicValue - Skipping column re-registration: projects.start_date
10:24:17.814 [main] DEBUG org.hibernate.boot.model.internal.PropertyBinder - Building property startDate
10:24:17.814 [main] DEBUG org.hibernate.boot.model.internal.AnnotatedColumn - Binding column: AnnotatedJoinColumn()
10:24:17.814 [main] DEBUG org.hibernate.boot.model.internal.AnnotatedColumn - Binding column: AnnotatedColumn()
10:24:17.814 [main] DEBUG org.hibernate.boot.model.internal.AnnotatedColumn - Binding column: IndexColumn(column='tasks_ORDER')
10:24:17.814 [main] DEBUG org.hibernate.boot.model.internal.AnnotatedColumn - Binding column: AnnotatedColumn()
10:24:17.814 [main] DEBUG org.hibernate.boot.model.internal.AnnotatedColumn - Binding column: AnnotatedColumn(column='tasks_KEY')
10:24:17.814 [main] DEBUG org.hibernate.boot.model.internal.AnnotatedColumn - Binding column: AnnotatedJoinColumn(column='tasks_KEY')
10:24:17.814 [main] DEBUG org.hibernate.boot.model.internal.AnnotatedColumn - Binding column: AnnotatedJoinColumn()
10:24:17.814 [main] DEBUG org.hibernate.boot.model.internal.AnnotatedColumn - Binding column: AnnotatedJoinColumn()
10:24:17.814 [main] DEBUG org.hibernate.boot.model.internal.CollectionBinder - Collection role: org.frcpm.models.Project.tasks
10:24:17.814 [main] DEBUG org.hibernate.boot.model.internal.PropertyBinder - Building property tasks
10:24:17.815 [main] DEBUG org.hibernate.boot.registry.classloading.internal.ClassLoaderServiceImpl - HHH000194: Package not found or no package-info.java: org.frcpm.models
10:24:17.815 [main] DEBUG org.hibernate.boot.model.internal.EntityBinder - Binding entity from annotated class: org.frcpm.models.Subteam
10:24:17.815 [main] DEBUG org.hibernate.boot.model.internal.EntityBinder - Import with entity name Subteam
10:24:17.815 [main] DEBUG org.hibernate.boot.model.internal.EntityBinder - Bind entity org.frcpm.models.Subteam on table subteams
10:24:17.815 [main] DEBUG org.hibernate.boot.model.internal.AnnotatedColumn - Binding column: AnnotatedDiscriminatorColumn(column='DTYPE')
10:24:17.815 [main] DEBUG org.hibernate.boot.model.internal.AnnotatedColumn - Binding column: AnnotatedColumn()
10:24:17.815 [main] DEBUG org.hibernate.boot.internal.ClassLoaderAccessImpl - Not known whether passed class name [org.frcpm.models.Subteam] is safe
10:24:17.815 [main] DEBUG org.hibernate.boot.internal.ClassLoaderAccessImpl - No temp ClassLoader provided; using live ClassLoader for loading potentially unsafe class : org.frcpm.models.Subteam
10:24:17.815 [main] DEBUG org.hibernate.boot.model.internal.PropertyBinder - MetadataSourceProcessor property id with lazy=false
10:24:17.815 [main] DEBUG org.hibernate.boot.model.internal.AbstractPropertyHolder - Attempting to locate auto-apply AttributeConverter for property [org.frcpm.models.Subteam:id]
10:24:17.815 [main] DEBUG org.hibernate.boot.model.internal.BasicValueBinder - building BasicValue for id
10:24:17.815 [main] DEBUG org.hibernate.mapping.BasicValue - Skipping column re-registration: subteams.id
10:24:17.816 [main] DEBUG org.hibernate.boot.model.internal.PropertyBinder - Building property id
10:24:17.816 [main] DEBUG org.hibernate.boot.model.internal.BinderHelper - #makeIdGenerator(BasicValue([Column(id)]), id, identity, , ...)
10:24:17.816 [main] DEBUG org.hibernate.boot.model.internal.AnnotatedColumn - Binding column: AnnotatedColumn(column='color_code')
10:24:17.816 [main] DEBUG org.hibernate.boot.model.internal.PropertyBinder - MetadataSourceProcessor property colorCode with lazy=false
10:24:17.816 [main] DEBUG org.hibernate.boot.model.internal.AbstractPropertyHolder - Attempting to locate auto-apply AttributeConverter for property [org.frcpm.models.Subteam:colorCode]
10:24:17.816 [main] DEBUG org.hibernate.boot.model.internal.BasicValueBinder - building BasicValue for colorCode
10:24:17.816 [main] DEBUG org.hibernate.mapping.BasicValue - Skipping column re-registration: subteams.color_code
10:24:17.816 [main] DEBUG org.hibernate.boot.model.internal.PropertyBinder - Building property colorCode
10:24:17.816 [main] DEBUG org.hibernate.boot.model.internal.AnnotatedColumn - Binding column: AnnotatedJoinColumn()
10:24:17.816 [main] DEBUG org.hibernate.boot.model.internal.AnnotatedColumn - Binding column: AnnotatedColumn()
10:24:17.816 [main] DEBUG org.hibernate.boot.model.internal.AnnotatedColumn - Binding column: IndexColumn(column='members_ORDER')
10:24:17.816 [main] DEBUG org.hibernate.boot.model.internal.AnnotatedColumn - Binding column: AnnotatedColumn()
10:24:17.816 [main] DEBUG org.hibernate.boot.model.internal.AnnotatedColumn - Binding column: AnnotatedColumn(column='members_KEY')
10:24:17.816 [main] DEBUG org.hibernate.boot.model.internal.AnnotatedColumn - Binding column: AnnotatedJoinColumn(column='members_KEY')
10:24:17.816 [main] DEBUG org.hibernate.boot.model.internal.AnnotatedColumn - Binding column: AnnotatedJoinColumn()
10:24:17.816 [main] DEBUG org.hibernate.boot.model.internal.AnnotatedColumn - Binding column: AnnotatedJoinColumn()
10:24:17.816 [main] DEBUG org.hibernate.boot.model.internal.CollectionBinder - Collection role: org.frcpm.models.Subteam.members
10:24:17.816 [main] DEBUG org.hibernate.boot.model.internal.PropertyBinder - Building property members
10:24:17.816 [main] DEBUG org.hibernate.boot.model.internal.AnnotatedColumn - Binding column: AnnotatedColumn(column='name')
10:24:17.816 [main] DEBUG org.hibernate.boot.model.internal.PropertyBinder - MetadataSourceProcessor property name with lazy=false
10:24:17.816 [main] DEBUG org.hibernate.boot.model.internal.AbstractPropertyHolder - Attempting to locate auto-apply AttributeConverter for property [org.frcpm.models.Subteam:name]
10:24:17.816 [main] DEBUG org.hibernate.boot.model.internal.BasicValueBinder - building BasicValue for name
10:24:17.816 [main] DEBUG org.hibernate.mapping.BasicValue - Skipping column re-registration: subteams.name
10:24:17.816 [main] DEBUG org.hibernate.boot.model.internal.PropertyBinder - Building property name
10:24:17.816 [main] DEBUG org.hibernate.boot.model.internal.AnnotatedColumn - Binding column: AnnotatedColumn(column='specialties')
10:24:17.816 [main] DEBUG org.hibernate.boot.model.internal.PropertyBinder - MetadataSourceProcessor property specialties with lazy=false
10:24:17.816 [main] DEBUG org.hibernate.boot.model.internal.AbstractPropertyHolder - Attempting to locate auto-apply AttributeConverter for property [org.frcpm.models.Subteam:specialties]
10:24:17.816 [main] DEBUG org.hibernate.boot.model.internal.BasicValueBinder - building BasicValue for specialties
10:24:17.816 [main] DEBUG org.hibernate.mapping.BasicValue - Skipping column re-registration: subteams.specialties
10:24:17.816 [main] DEBUG org.hibernate.boot.model.internal.PropertyBinder - Building property specialties
10:24:17.816 [main] DEBUG org.hibernate.boot.model.internal.AnnotatedColumn - Binding column: AnnotatedJoinColumn()
10:24:17.816 [main] DEBUG org.hibernate.boot.model.internal.AnnotatedColumn - Binding column: AnnotatedColumn()
10:24:17.816 [main] DEBUG org.hibernate.boot.model.internal.AnnotatedColumn - Binding column: IndexColumn(column='subsystems_ORDER')
10:24:17.816 [main] DEBUG org.hibernate.boot.model.internal.AnnotatedColumn - Binding column: AnnotatedColumn()
10:24:17.816 [main] DEBUG org.hibernate.boot.model.internal.AnnotatedColumn - Binding column: AnnotatedColumn(column='subsystems_KEY')
10:24:17.816 [main] DEBUG org.hibernate.boot.model.internal.AnnotatedColumn - Binding column: AnnotatedJoinColumn(column='subsystems_KEY')
10:24:17.816 [main] DEBUG org.hibernate.boot.model.internal.AnnotatedColumn - Binding column: AnnotatedJoinColumn()
10:24:17.816 [main] DEBUG org.hibernate.boot.model.internal.AnnotatedColumn - Binding column: AnnotatedJoinColumn()
10:24:17.816 [main] DEBUG org.hibernate.boot.model.internal.CollectionBinder - Collection role: org.frcpm.models.Subteam.subsystems
10:24:17.816 [main] DEBUG org.hibernate.boot.model.internal.PropertyBinder - Building property subsystems
10:24:17.816 [main] DEBUG org.hibernate.boot.registry.classloading.internal.ClassLoaderServiceImpl - HHH000194: Package not found or no package-info.java: org.frcpm.models
10:24:17.817 [main] DEBUG org.hibernate.boot.model.internal.EntityBinder - Binding entity from annotated class: org.frcpm.models.Task
10:24:17.817 [main] DEBUG org.hibernate.boot.model.internal.EntityBinder - Import with entity name Task
10:24:17.817 [main] DEBUG org.hibernate.boot.model.internal.EntityBinder - Bind entity org.frcpm.models.Task on table tasks
10:24:17.817 [main] DEBUG org.hibernate.boot.model.internal.AnnotatedColumn - Binding column: AnnotatedDiscriminatorColumn(column='DTYPE')
10:24:17.817 [main] DEBUG org.hibernate.boot.model.internal.AnnotatedColumn - Binding column: AnnotatedColumn()
10:24:17.817 [main] DEBUG org.hibernate.boot.internal.ClassLoaderAccessImpl - Not known whether passed class name [org.frcpm.models.Task] is safe
10:24:17.817 [main] DEBUG org.hibernate.boot.internal.ClassLoaderAccessImpl - No temp ClassLoader provided; using live ClassLoader for loading potentially unsafe class : org.frcpm.models.Task
10:24:17.817 [main] DEBUG org.hibernate.boot.model.internal.PropertyBinder - MetadataSourceProcessor property id with lazy=false
10:24:17.817 [main] DEBUG org.hibernate.boot.model.internal.AbstractPropertyHolder - Attempting to locate auto-apply AttributeConverter for property [org.frcpm.models.Task:id]
10:24:17.817 [main] DEBUG org.hibernate.boot.model.internal.BasicValueBinder - building BasicValue for id
10:24:17.817 [main] DEBUG org.hibernate.mapping.BasicValue - Skipping column re-registration: tasks.id
10:24:17.817 [main] DEBUG org.hibernate.boot.model.internal.PropertyBinder - Building property id
10:24:17.817 [main] DEBUG org.hibernate.boot.model.internal.BinderHelper - #makeIdGenerator(BasicValue([Column(id)]), id, identity, , ...)
10:24:17.817 [main] DEBUG org.hibernate.boot.model.internal.AnnotatedColumn - Binding column: AnnotatedColumn(column='actual_duration_seconds')
10:24:17.817 [main] DEBUG org.hibernate.boot.model.internal.PropertyBinder - MetadataSourceProcessor property actualDurationSeconds with lazy=false
10:24:17.817 [main] DEBUG org.hibernate.boot.model.internal.AbstractPropertyHolder - Attempting to locate auto-apply AttributeConverter for property [org.frcpm.models.Task:actualDurationSeconds]
10:24:17.817 [main] DEBUG org.hibernate.boot.model.internal.BasicValueBinder - building BasicValue for actualDurationSeconds
10:24:17.817 [main] DEBUG org.hibernate.mapping.BasicValue - Skipping column re-registration: tasks.actual_duration_seconds
10:24:17.817 [main] DEBUG org.hibernate.boot.model.internal.PropertyBinder - Building property actualDurationSeconds
10:24:17.817 [main] DEBUG org.hibernate.boot.model.internal.AnnotatedColumn - Binding column: IndexColumn(column='assignedTo_ORDER')
10:24:17.817 [main] DEBUG org.hibernate.boot.model.internal.AnnotatedColumn - Binding column: AnnotatedColumn()
10:24:17.817 [main] DEBUG org.hibernate.boot.model.internal.AnnotatedColumn - Binding column: AnnotatedColumn(column='assignedTo_KEY')
10:24:17.817 [main] DEBUG org.hibernate.boot.model.internal.AnnotatedColumn - Binding column: AnnotatedJoinColumn(column='assignedTo_KEY')
10:24:17.817 [main] DEBUG org.hibernate.boot.model.internal.AnnotatedColumn - Binding column: AnnotatedJoinColumn(column='task_id')
10:24:17.817 [main] DEBUG org.hibernate.boot.model.internal.AnnotatedColumn - Binding column: AnnotatedJoinColumn(column='team_member_id')
10:24:17.817 [main] DEBUG org.hibernate.boot.model.internal.CollectionBinder - Collection role: org.frcpm.models.Task.assignedTo
10:24:17.817 [main] DEBUG org.hibernate.boot.model.internal.PropertyBinder - Building property assignedTo
10:24:17.817 [main] DEBUG org.hibernate.boot.model.internal.AnnotatedColumn - Binding column: AnnotatedColumn(column='completed')
10:24:17.817 [main] DEBUG org.hibernate.boot.model.internal.PropertyBinder - MetadataSourceProcessor property completed with lazy=false
10:24:17.817 [main] DEBUG org.hibernate.boot.model.internal.AbstractPropertyHolder - Attempting to locate auto-apply AttributeConverter for property [org.frcpm.models.Task:completed]
10:24:17.817 [main] DEBUG org.hibernate.boot.model.internal.BasicValueBinder - building BasicValue for completed
10:24:17.818 [main] DEBUG org.hibernate.mapping.BasicValue - Skipping column re-registration: tasks.completed
10:24:17.818 [main] DEBUG org.hibernate.boot.model.internal.PropertyBinder - Building property completed
10:24:17.818 [main] DEBUG org.hibernate.boot.model.internal.AnnotatedColumn - Binding column: AnnotatedColumn(column='description')
10:24:17.818 [main] DEBUG org.hibernate.boot.model.internal.PropertyBinder - MetadataSourceProcessor property description with lazy=false
10:24:17.818 [main] DEBUG org.hibernate.boot.model.internal.AbstractPropertyHolder - Attempting to locate auto-apply AttributeConverter for property [org.frcpm.models.Task:description]
10:24:17.818 [main] DEBUG org.hibernate.boot.model.internal.BasicValueBinder - building BasicValue for description
10:24:17.818 [main] DEBUG org.hibernate.mapping.BasicValue - Skipping column re-registration: tasks.description
10:24:17.818 [main] DEBUG org.hibernate.boot.model.internal.PropertyBinder - Building property description
10:24:17.818 [main] DEBUG org.hibernate.boot.model.internal.AnnotatedColumn - Binding column: AnnotatedColumn(column='end_date')
10:24:17.818 [main] DEBUG org.hibernate.boot.model.internal.PropertyBinder - MetadataSourceProcessor property endDate with lazy=false
10:24:17.818 [main] DEBUG org.hibernate.boot.model.internal.AbstractPropertyHolder - Attempting to locate auto-apply AttributeConverter for property [org.frcpm.models.Task:endDate]
10:24:17.818 [main] DEBUG org.hibernate.boot.model.internal.BasicValueBinder - building BasicValue for endDate
10:24:17.818 [main] DEBUG org.hibernate.mapping.BasicValue - Skipping column re-registration: tasks.end_date
10:24:17.818 [main] DEBUG org.hibernate.boot.model.internal.PropertyBinder - Building property endDate
10:24:17.818 [main] DEBUG org.hibernate.boot.model.internal.AnnotatedColumn - Binding column: AnnotatedColumn(column='estimated_duration_seconds')
10:24:17.818 [main] DEBUG org.hibernate.boot.model.internal.PropertyBinder - MetadataSourceProcessor property estimatedDurationSeconds with lazy=false
10:24:17.818 [main] DEBUG org.hibernate.boot.model.internal.AbstractPropertyHolder - Attempting to locate auto-apply AttributeConverter for property [org.frcpm.models.Task:estimatedDurationSeconds]
10:24:17.818 [main] DEBUG org.hibernate.boot.model.internal.BasicValueBinder - building BasicValue for estimatedDurationSeconds
10:24:17.818 [main] DEBUG org.hibernate.mapping.BasicValue - Skipping column re-registration: tasks.estimated_duration_seconds
10:24:17.818 [main] DEBUG org.hibernate.boot.model.internal.PropertyBinder - Building property estimatedDurationSeconds
10:24:17.818 [main] DEBUG org.hibernate.boot.model.internal.AnnotatedColumn - Binding column: IndexColumn(column='postDependencies_ORDER')
10:24:17.818 [main] DEBUG org.hibernate.boot.model.internal.AnnotatedColumn - Binding column: AnnotatedColumn()
10:24:17.818 [main] DEBUG org.hibernate.boot.model.internal.AnnotatedColumn - Binding column: AnnotatedColumn(column='postDependencies_KEY')
10:24:17.818 [main] DEBUG org.hibernate.boot.model.internal.AnnotatedColumn - Binding column: AnnotatedJoinColumn(column='postDependencies_KEY')
10:24:17.818 [main] DEBUG org.hibernate.boot.model.internal.AnnotatedColumn - Binding column: AnnotatedJoinColumn()
10:24:17.818 [main] DEBUG org.hibernate.boot.model.internal.AnnotatedColumn - Binding column: AnnotatedJoinColumn()
10:24:17.818 [main] DEBUG org.hibernate.boot.model.internal.CollectionBinder - Collection role: org.frcpm.models.Task.postDependencies
10:24:17.818 [main] DEBUG org.hibernate.boot.model.internal.PropertyBinder - Building property postDependencies
10:24:17.818 [main] DEBUG org.hibernate.boot.model.internal.AnnotatedColumn - Binding column: IndexColumn(column='preDependencies_ORDER')
10:24:17.818 [main] DEBUG org.hibernate.boot.model.internal.AnnotatedColumn - Binding column: AnnotatedColumn()
10:24:17.818 [main] DEBUG org.hibernate.boot.model.internal.AnnotatedColumn - Binding column: AnnotatedColumn(column='preDependencies_KEY')
10:24:17.818 [main] DEBUG org.hibernate.boot.model.internal.AnnotatedColumn - Binding column: AnnotatedJoinColumn(column='preDependencies_KEY')
10:24:17.818 [main] DEBUG org.hibernate.boot.model.internal.AnnotatedColumn - Binding column: AnnotatedJoinColumn(column='task_id')
10:24:17.818 [main] DEBUG org.hibernate.boot.model.internal.AnnotatedColumn - Binding column: AnnotatedJoinColumn(column='dependency_id')
10:24:17.818 [main] DEBUG org.hibernate.boot.model.internal.CollectionBinder - Collection role: org.frcpm.models.Task.preDependencies
10:24:17.818 [main] DEBUG org.hibernate.boot.model.internal.PropertyBinder - Building property preDependencies
10:24:17.818 [main] DEBUG org.hibernate.boot.model.internal.AnnotatedColumn - Binding column: AnnotatedColumn(column='priority')
10:24:17.818 [main] DEBUG org.hibernate.boot.model.internal.PropertyBinder - MetadataSourceProcessor property priority with lazy=false
10:24:17.818 [main] DEBUG org.hibernate.boot.model.internal.AbstractPropertyHolder - Attempting to locate auto-apply AttributeConverter for property [org.frcpm.models.Task:priority]
10:24:17.818 [main] DEBUG org.hibernate.boot.model.internal.BasicValueBinder - building BasicValue for priority
10:24:17.818 [main] DEBUG org.hibernate.mapping.BasicValue - Skipping column re-registration: tasks.priority
10:24:17.818 [main] DEBUG org.hibernate.boot.model.internal.PropertyBinder - Building property priority
10:24:17.818 [main] DEBUG org.hibernate.boot.model.internal.AnnotatedColumn - Binding column: AnnotatedColumn(column='progress')
10:24:17.818 [main] DEBUG org.hibernate.boot.model.internal.PropertyBinder - MetadataSourceProcessor property progress with lazy=false
10:24:17.818 [main] DEBUG org.hibernate.boot.model.internal.AbstractPropertyHolder - Attempting to locate auto-apply AttributeConverter for property [org.frcpm.models.Task:progress]
10:24:17.818 [main] DEBUG org.hibernate.boot.model.internal.BasicValueBinder - building BasicValue for progress
10:24:17.818 [main] DEBUG org.hibernate.mapping.BasicValue - Skipping column re-registration: tasks.progress
10:24:17.818 [main] DEBUG org.hibernate.boot.model.internal.PropertyBinder - Building property progress
10:24:17.818 [main] DEBUG org.hibernate.boot.model.internal.AnnotatedColumn - Binding column: AnnotatedJoinColumn(column='project_id')
10:24:17.818 [main] DEBUG org.hibernate.boot.model.internal.AnnotatedColumn - Binding column: AnnotatedColumn()
10:24:17.818 [main] DEBUG org.hibernate.boot.model.internal.PropertyBinder - Building property project
10:24:17.818 [main] DEBUG org.hibernate.boot.model.internal.AnnotatedColumn - Binding column: IndexColumn(column='requiredComponents_ORDER')
10:24:17.819 [main] DEBUG org.hibernate.boot.model.internal.AnnotatedColumn - Binding column: AnnotatedColumn()
10:24:17.819 [main] DEBUG org.hibernate.boot.model.internal.AnnotatedColumn - Binding column: AnnotatedColumn(column='requiredComponents_KEY')
10:24:17.819 [main] DEBUG org.hibernate.boot.model.internal.AnnotatedColumn - Binding column: AnnotatedJoinColumn(column='requiredComponents_KEY')
10:24:17.819 [main] DEBUG org.hibernate.boot.model.internal.AnnotatedColumn - Binding column: AnnotatedJoinColumn(column='task_id')
10:24:17.819 [main] DEBUG org.hibernate.boot.model.internal.AnnotatedColumn - Binding column: AnnotatedJoinColumn(column='component_id')
10:24:17.819 [main] DEBUG org.hibernate.boot.model.internal.CollectionBinder - Collection role: org.frcpm.models.Task.requiredComponents
10:24:17.819 [main] DEBUG org.hibernate.boot.model.internal.PropertyBinder - Building property requiredComponents
10:24:17.819 [main] DEBUG org.hibernate.boot.model.internal.AnnotatedColumn - Binding column: AnnotatedColumn(column='start_date')
10:24:17.819 [main] DEBUG org.hibernate.boot.model.internal.PropertyBinder - MetadataSourceProcessor property startDate with lazy=false
10:24:17.819 [main] DEBUG org.hibernate.boot.model.internal.AbstractPropertyHolder - Attempting to locate auto-apply AttributeConverter for property [org.frcpm.models.Task:startDate]
10:24:17.819 [main] DEBUG org.hibernate.boot.model.internal.BasicValueBinder - building BasicValue for startDate
10:24:17.819 [main] DEBUG org.hibernate.mapping.BasicValue - Skipping column re-registration: tasks.start_date
10:24:17.819 [main] DEBUG org.hibernate.boot.model.internal.PropertyBinder - Building property startDate
10:24:17.819 [main] DEBUG org.hibernate.boot.model.internal.AnnotatedColumn - Binding column: AnnotatedJoinColumn(column='subsystem_id')
10:24:17.819 [main] DEBUG org.hibernate.boot.model.internal.AnnotatedColumn - Binding column: AnnotatedColumn()
10:24:17.819 [main] DEBUG org.hibernate.boot.model.internal.PropertyBinder - Building property subsystem
10:24:17.819 [main] DEBUG org.hibernate.boot.model.internal.AnnotatedColumn - Binding column: AnnotatedColumn(column='title')
10:24:17.819 [main] DEBUG org.hibernate.boot.model.internal.PropertyBinder - MetadataSourceProcessor property title with lazy=false
10:24:17.819 [main] DEBUG org.hibernate.boot.model.internal.AbstractPropertyHolder - Attempting to locate auto-apply AttributeConverter for property [org.frcpm.models.Task:title]
10:24:17.819 [main] DEBUG org.hibernate.boot.model.internal.BasicValueBinder - building BasicValue for title
10:24:17.819 [main] DEBUG org.hibernate.mapping.BasicValue - Skipping column re-registration: tasks.title
10:24:17.819 [main] DEBUG org.hibernate.boot.model.internal.PropertyBinder - Building property title
10:24:17.820 [main] DEBUG org.hibernate.boot.registry.classloading.internal.ClassLoaderServiceImpl - HHH000194: Package not found or no package-info.java: org.frcpm.models
10:24:17.820 [main] DEBUG org.hibernate.boot.model.internal.EntityBinder - Binding entity from annotated class: org.frcpm.models.TeamMember
10:24:17.820 [main] DEBUG org.hibernate.boot.model.internal.EntityBinder - Import with entity name TeamMember
10:24:17.820 [main] DEBUG org.hibernate.boot.model.internal.EntityBinder - Bind entity org.frcpm.models.TeamMember on table team_members
10:24:17.820 [main] DEBUG org.hibernate.boot.model.internal.AnnotatedColumn - Binding column: AnnotatedDiscriminatorColumn(column='DTYPE')
10:24:17.821 [main] DEBUG org.hibernate.boot.model.internal.AnnotatedColumn - Binding column: AnnotatedColumn()
10:24:17.821 [main] DEBUG org.hibernate.boot.internal.ClassLoaderAccessImpl - Not known whether passed class name [org.frcpm.models.TeamMember] is safe
10:24:17.821 [main] DEBUG org.hibernate.boot.internal.ClassLoaderAccessImpl - No temp ClassLoader provided; using live ClassLoader for loading potentially unsafe class : org.frcpm.models.TeamMember
10:24:17.821 [main] DEBUG org.hibernate.boot.model.internal.PropertyBinder - MetadataSourceProcessor property id with lazy=false
10:24:17.821 [main] DEBUG org.hibernate.boot.model.internal.AbstractPropertyHolder - Attempting to locate auto-apply AttributeConverter for property [org.frcpm.models.TeamMember:id]
10:24:17.821 [main] DEBUG org.hibernate.boot.model.internal.BasicValueBinder - building BasicValue for id
10:24:17.821 [main] DEBUG org.hibernate.mapping.BasicValue - Skipping column re-registration: team_members.id
10:24:17.821 [main] DEBUG org.hibernate.boot.model.internal.PropertyBinder - Building property id
10:24:17.821 [main] DEBUG org.hibernate.boot.model.internal.BinderHelper - #makeIdGenerator(BasicValue([Column(id)]), id, identity, , ...)
10:24:17.821 [main] DEBUG org.hibernate.boot.model.internal.AnnotatedColumn - Binding column: IndexColumn(column='assignedTasks_ORDER')
10:24:17.821 [main] DEBUG org.hibernate.boot.model.internal.AnnotatedColumn - Binding column: AnnotatedColumn()
10:24:17.821 [main] DEBUG org.hibernate.boot.model.internal.AnnotatedColumn - Binding column: AnnotatedColumn(column='assignedTasks_KEY')
10:24:17.821 [main] DEBUG org.hibernate.boot.model.internal.AnnotatedColumn - Binding column: AnnotatedJoinColumn(column='assignedTasks_KEY')
10:24:17.821 [main] DEBUG org.hibernate.boot.model.internal.AnnotatedColumn - Binding column: AnnotatedJoinColumn()
10:24:17.821 [main] DEBUG org.hibernate.boot.model.internal.AnnotatedColumn - Binding column: AnnotatedJoinColumn()
10:24:17.821 [main] DEBUG org.hibernate.boot.model.internal.CollectionBinder - Collection role: org.frcpm.models.TeamMember.assignedTasks
10:24:17.821 [main] DEBUG org.hibernate.boot.model.internal.PropertyBinder - Building property assignedTasks
10:24:17.822 [main] DEBUG org.hibernate.boot.model.internal.AnnotatedColumn - Binding column: AnnotatedJoinColumn()
10:24:17.822 [main] DEBUG org.hibernate.boot.model.internal.AnnotatedColumn - Binding column: AnnotatedColumn()
10:24:17.822 [main] DEBUG org.hibernate.boot.model.internal.AnnotatedColumn - Binding column: IndexColumn(column='attendances_ORDER')
10:24:17.822 [main] DEBUG org.hibernate.boot.model.internal.AnnotatedColumn - Binding column: AnnotatedColumn()
10:24:17.822 [main] DEBUG org.hibernate.boot.model.internal.AnnotatedColumn - Binding column: AnnotatedColumn(column='attendances_KEY')
10:24:17.822 [main] DEBUG org.hibernate.boot.model.internal.AnnotatedColumn - Binding column: AnnotatedJoinColumn(column='attendances_KEY')
10:24:17.822 [main] DEBUG org.hibernate.boot.model.internal.AnnotatedColumn - Binding column: AnnotatedJoinColumn()
10:24:17.822 [main] DEBUG org.hibernate.boot.model.internal.AnnotatedColumn - Binding column: AnnotatedJoinColumn()
10:24:17.822 [main] DEBUG org.hibernate.boot.model.internal.CollectionBinder - Collection role: org.frcpm.models.TeamMember.attendances
10:24:17.822 [main] DEBUG org.hibernate.boot.model.internal.PropertyBinder - Building property attendances
10:24:17.822 [main] DEBUG org.hibernate.boot.model.internal.AnnotatedColumn - Binding column: AnnotatedColumn(column='email')
10:24:17.822 [main] DEBUG org.hibernate.boot.model.internal.PropertyBinder - MetadataSourceProcessor property email with lazy=false
10:24:17.822 [main] DEBUG org.hibernate.boot.model.internal.AbstractPropertyHolder - Attempting to locate auto-apply AttributeConverter for property [org.frcpm.models.TeamMember:email]
10:24:17.822 [main] DEBUG org.hibernate.boot.model.internal.BasicValueBinder - building BasicValue for email
10:24:17.822 [main] DEBUG org.hibernate.mapping.BasicValue - Skipping column re-registration: team_members.email
10:24:17.822 [main] DEBUG org.hibernate.boot.model.internal.PropertyBinder - Building property email
10:24:17.822 [main] DEBUG org.hibernate.boot.model.internal.AnnotatedColumn - Binding column: AnnotatedColumn(column='first_name')
10:24:17.822 [main] DEBUG org.hibernate.boot.model.internal.PropertyBinder - MetadataSourceProcessor property firstName with lazy=false
10:24:17.822 [main] DEBUG org.hibernate.boot.model.internal.AbstractPropertyHolder - Attempting to locate auto-apply AttributeConverter for property [org.frcpm.models.TeamMember:firstName]
10:24:17.822 [main] DEBUG org.hibernate.boot.model.internal.BasicValueBinder - building BasicValue for firstName
10:24:17.822 [main] DEBUG org.hibernate.mapping.BasicValue - Skipping column re-registration: team_members.first_name
10:24:17.822 [main] DEBUG org.hibernate.boot.model.internal.PropertyBinder - Building property firstName
10:24:17.822 [main] DEBUG org.hibernate.boot.model.internal.AnnotatedColumn - Binding column: AnnotatedColumn(column='last_name')
10:24:17.822 [main] DEBUG org.hibernate.boot.model.internal.PropertyBinder - MetadataSourceProcessor property lastName with lazy=false
10:24:17.822 [main] DEBUG org.hibernate.boot.model.internal.AbstractPropertyHolder - Attempting to locate auto-apply AttributeConverter for property [org.frcpm.models.TeamMember:lastName]
10:24:17.822 [main] DEBUG org.hibernate.boot.model.internal.BasicValueBinder - building BasicValue for lastName
10:24:17.822 [main] DEBUG org.hibernate.mapping.BasicValue - Skipping column re-registration: team_members.last_name
10:24:17.822 [main] DEBUG org.hibernate.boot.model.internal.PropertyBinder - Building property lastName
10:24:17.822 [main] DEBUG org.hibernate.boot.model.internal.AnnotatedColumn - Binding column: AnnotatedColumn(column='is_leader')
10:24:17.822 [main] DEBUG org.hibernate.boot.model.internal.PropertyBinder - MetadataSourceProcessor property leader with lazy=false
10:24:17.822 [main] DEBUG org.hibernate.boot.model.internal.AbstractPropertyHolder - Attempting to locate auto-apply AttributeConverter for property [org.frcpm.models.TeamMember:leader]
10:24:17.822 [main] DEBUG org.hibernate.boot.model.internal.BasicValueBinder - building BasicValue for leader
10:24:17.822 [main] DEBUG org.hibernate.mapping.BasicValue - Skipping column re-registration: team_members.is_leader
10:24:17.822 [main] DEBUG org.hibernate.boot.model.internal.PropertyBinder - Building property leader
10:24:17.822 [main] DEBUG org.hibernate.boot.model.internal.AnnotatedColumn - Binding column: AnnotatedColumn(column='phone')
10:24:17.822 [main] DEBUG org.hibernate.boot.model.internal.PropertyBinder - MetadataSourceProcessor property phone with lazy=false
10:24:17.822 [main] DEBUG org.hibernate.boot.model.internal.AbstractPropertyHolder - Attempting to locate auto-apply AttributeConverter for property [org.frcpm.models.TeamMember:phone]
10:24:17.822 [main] DEBUG org.hibernate.boot.model.internal.BasicValueBinder - building BasicValue for phone
10:24:17.822 [main] DEBUG org.hibernate.mapping.BasicValue - Skipping column re-registration: team_members.phone
10:24:17.822 [main] DEBUG org.hibernate.boot.model.internal.PropertyBinder - Building property phone
10:24:17.822 [main] DEBUG org.hibernate.boot.model.internal.AnnotatedColumn - Binding column: AnnotatedColumn(column='skills')
10:24:17.822 [main] DEBUG org.hibernate.boot.model.internal.PropertyBinder - MetadataSourceProcessor property skills with lazy=false
10:24:17.822 [main] DEBUG org.hibernate.boot.model.internal.AbstractPropertyHolder - Attempting to locate auto-apply AttributeConverter for property [org.frcpm.models.TeamMember:skills]
10:24:17.822 [main] DEBUG org.hibernate.boot.model.internal.BasicValueBinder - building BasicValue for skills
10:24:17.822 [main] DEBUG org.hibernate.mapping.BasicValue - Skipping column re-registration: team_members.skills
10:24:17.822 [main] DEBUG org.hibernate.boot.model.internal.PropertyBinder - Building property skills
10:24:17.823 [main] DEBUG org.hibernate.boot.model.internal.AnnotatedColumn - Binding column: AnnotatedJoinColumn(column='subteam_id')
10:24:17.823 [main] DEBUG org.hibernate.boot.model.internal.AnnotatedColumn - Binding column: AnnotatedColumn()
10:24:17.823 [main] DEBUG org.hibernate.boot.model.internal.PropertyBinder - Building property subteam
10:24:17.823 [main] DEBUG org.hibernate.boot.model.internal.AnnotatedColumn - Binding column: AnnotatedColumn(column='username')
10:24:17.823 [main] DEBUG org.hibernate.boot.model.internal.PropertyBinder - MetadataSourceProcessor property username with lazy=false
10:24:17.823 [main] DEBUG org.hibernate.boot.model.internal.AbstractPropertyHolder - Attempting to locate auto-apply AttributeConverter for property [org.frcpm.models.TeamMember:username]
10:24:17.823 [main] DEBUG org.hibernate.boot.model.internal.BasicValueBinder - building BasicValue for username
10:24:17.823 [main] DEBUG org.hibernate.mapping.BasicValue - Skipping column re-registration: team_members.username
10:24:17.823 [main] DEBUG org.hibernate.boot.model.internal.PropertyBinder - Building property username
10:24:17.824 [main] DEBUG org.hibernate.boot.registry.classloading.internal.ClassLoaderServiceImpl - HHH000194: Package not found or no package-info.java: org.frcpm.models
10:24:17.825 [main] DEBUG org.hibernate.boot.model.internal.BasicValueBinder - Starting `BasicValueBinder#fillSimpleValue` for id
10:24:17.825 [main] DEBUG org.hibernate.boot.model.internal.BasicValueBinder - Starting `BasicValueBinder#fillSimpleValue` for arrivalTime
10:24:17.825 [main] DEBUG org.hibernate.boot.model.internal.BasicValueBinder - Starting `BasicValueBinder#fillSimpleValue` for departureTime
10:24:17.825 [main] DEBUG org.hibernate.boot.model.internal.BasicValueBinder - Starting `BasicValueBinder#fillSimpleValue` for present
10:24:17.825 [main] DEBUG org.hibernate.boot.model.internal.BasicValueBinder - Starting `BasicValueBinder#fillSimpleValue` for id
10:24:17.825 [main] DEBUG org.hibernate.boot.model.internal.BasicValueBinder - Starting `BasicValueBinder#fillSimpleValue` for date
10:24:17.825 [main] DEBUG org.hibernate.boot.model.internal.BasicValueBinder - Starting `BasicValueBinder#fillSimpleValue` for endTime
10:24:17.825 [main] DEBUG org.hibernate.boot.model.internal.BasicValueBinder - Starting `BasicValueBinder#fillSimpleValue` for notes
10:24:17.825 [main] DEBUG org.hibernate.boot.model.internal.BasicValueBinder - Starting `BasicValueBinder#fillSimpleValue` for startTime
10:24:17.825 [main] DEBUG org.hibernate.boot.model.internal.BasicValueBinder - Starting `BasicValueBinder#fillSimpleValue` for id
10:24:17.825 [main] DEBUG org.hibernate.boot.model.internal.BasicValueBinder - Starting `BasicValueBinder#fillSimpleValue` for description
10:24:17.825 [main] DEBUG org.hibernate.boot.model.internal.BasicValueBinder - Starting `BasicValueBinder#fillSimpleValue` for name
10:24:17.825 [main] DEBUG org.hibernate.boot.model.internal.BasicValueBinder - Starting `BasicValueBinder#fillSimpleValue` for status
10:24:17.825 [main] DEBUG org.hibernate.boot.model.internal.BasicValueBinder - Starting `BasicValueBinder#fillSimpleValue` for id
10:24:17.825 [main] DEBUG org.hibernate.boot.model.internal.BasicValueBinder - Starting `BasicValueBinder#fillSimpleValue` for actualDelivery
10:24:17.825 [main] DEBUG org.hibernate.boot.model.internal.BasicValueBinder - Starting `BasicValueBinder#fillSimpleValue` for delivered
10:24:17.825 [main] DEBUG org.hibernate.boot.model.internal.BasicValueBinder - Starting `BasicValueBinder#fillSimpleValue` for description
10:24:17.825 [main] DEBUG org.hibernate.boot.model.internal.BasicValueBinder - Starting `BasicValueBinder#fillSimpleValue` for expectedDelivery
10:24:17.825 [main] DEBUG org.hibernate.boot.model.internal.BasicValueBinder - Starting `BasicValueBinder#fillSimpleValue` for name
10:24:17.825 [main] DEBUG org.hibernate.boot.model.internal.BasicValueBinder - Starting `BasicValueBinder#fillSimpleValue` for partNumber
10:24:17.825 [main] DEBUG org.hibernate.boot.model.internal.BasicValueBinder - Starting `BasicValueBinder#fillSimpleValue` for id
10:24:17.825 [main] DEBUG org.hibernate.boot.model.internal.BasicValueBinder - Starting `BasicValueBinder#fillSimpleValue` for date
10:24:17.825 [main] DEBUG org.hibernate.boot.model.internal.BasicValueBinder - Starting `BasicValueBinder#fillSimpleValue` for description
10:24:17.825 [main] DEBUG org.hibernate.boot.model.internal.BasicValueBinder - Starting `BasicValueBinder#fillSimpleValue` for name
10:24:17.825 [main] DEBUG org.hibernate.boot.model.internal.BasicValueBinder - Starting `BasicValueBinder#fillSimpleValue` for id
10:24:17.825 [main] DEBUG org.hibernate.boot.model.internal.BasicValueBinder - Starting `BasicValueBinder#fillSimpleValue` for description
10:24:17.825 [main] DEBUG org.hibernate.boot.model.internal.BasicValueBinder - Starting `BasicValueBinder#fillSimpleValue` for goalEndDate
10:24:17.825 [main] DEBUG org.hibernate.boot.model.internal.BasicValueBinder - Starting `BasicValueBinder#fillSimpleValue` for hardDeadline
10:24:17.825 [main] DEBUG org.hibernate.boot.model.internal.BasicValueBinder - Starting `BasicValueBinder#fillSimpleValue` for name
10:24:17.825 [main] DEBUG org.hibernate.boot.model.internal.BasicValueBinder - Starting `BasicValueBinder#fillSimpleValue` for startDate
10:24:17.825 [main] DEBUG org.hibernate.boot.model.internal.BasicValueBinder - Starting `BasicValueBinder#fillSimpleValue` for id
10:24:17.825 [main] DEBUG org.hibernate.boot.model.internal.BasicValueBinder - Starting `BasicValueBinder#fillSimpleValue` for colorCode
10:24:17.825 [main] DEBUG org.hibernate.boot.model.internal.BasicValueBinder - Starting `BasicValueBinder#fillSimpleValue` for name
10:24:17.825 [main] DEBUG org.hibernate.boot.model.internal.BasicValueBinder - Starting `BasicValueBinder#fillSimpleValue` for specialties
10:24:17.825 [main] DEBUG org.hibernate.boot.model.internal.BasicValueBinder - Starting `BasicValueBinder#fillSimpleValue` for id
10:24:17.825 [main] DEBUG org.hibernate.boot.model.internal.BasicValueBinder - Starting `BasicValueBinder#fillSimpleValue` for actualDurationSeconds
10:24:17.825 [main] DEBUG org.hibernate.boot.model.internal.BasicValueBinder - Starting `BasicValueBinder#fillSimpleValue` for completed
10:24:17.825 [main] DEBUG org.hibernate.boot.model.internal.BasicValueBinder - Starting `BasicValueBinder#fillSimpleValue` for description
10:24:17.825 [main] DEBUG org.hibernate.boot.model.internal.BasicValueBinder - Starting `BasicValueBinder#fillSimpleValue` for endDate
10:24:17.825 [main] DEBUG org.hibernate.boot.model.internal.BasicValueBinder - Starting `BasicValueBinder#fillSimpleValue` for estimatedDurationSeconds
10:24:17.825 [main] DEBUG org.hibernate.boot.model.internal.BasicValueBinder - Starting `BasicValueBinder#fillSimpleValue` for priority
10:24:17.825 [main] DEBUG org.hibernate.boot.model.internal.BasicValueBinder - Starting `BasicValueBinder#fillSimpleValue` for progress
10:24:17.825 [main] DEBUG org.hibernate.boot.model.internal.BasicValueBinder - Starting `BasicValueBinder#fillSimpleValue` for startDate
10:24:17.825 [main] DEBUG org.hibernate.boot.model.internal.BasicValueBinder - Starting `BasicValueBinder#fillSimpleValue` for title
10:24:17.825 [main] DEBUG org.hibernate.boot.model.internal.BasicValueBinder - Starting `BasicValueBinder#fillSimpleValue` for id
10:24:17.825 [main] DEBUG org.hibernate.boot.model.internal.BasicValueBinder - Starting `BasicValueBinder#fillSimpleValue` for email
10:24:17.825 [main] DEBUG org.hibernate.boot.model.internal.BasicValueBinder - Starting `BasicValueBinder#fillSimpleValue` for firstName
10:24:17.825 [main] DEBUG org.hibernate.boot.model.internal.BasicValueBinder - Starting `BasicValueBinder#fillSimpleValue` for lastName
10:24:17.825 [main] DEBUG org.hibernate.boot.model.internal.BasicValueBinder - Starting `BasicValueBinder#fillSimpleValue` for leader
10:24:17.825 [main] DEBUG org.hibernate.boot.model.internal.BasicValueBinder - Starting `BasicValueBinder#fillSimpleValue` for phone
10:24:17.825 [main] DEBUG org.hibernate.boot.model.internal.BasicValueBinder - Starting `BasicValueBinder#fillSimpleValue` for skills
10:24:17.825 [main] DEBUG org.hibernate.boot.model.internal.BasicValueBinder - Starting `BasicValueBinder#fillSimpleValue` for username
10:24:17.825 [main] DEBUG org.hibernate.mapping.PrimaryKey - Forcing column [id] to be non-null as it is part of the primary key for table [attendances]
10:24:17.825 [main] DEBUG org.hibernate.mapping.PrimaryKey - Forcing column [id] to be non-null as it is part of the primary key for table [meetings]
10:24:17.825 [main] DEBUG org.hibernate.mapping.PrimaryKey - Forcing column [id] to be non-null as it is part of the primary key for table [subsystems]
10:24:17.825 [main] DEBUG org.hibernate.mapping.PrimaryKey - Forcing column [id] to be non-null as it is part of the primary key for table [components]
10:24:17.825 [main] DEBUG org.hibernate.mapping.PrimaryKey - Forcing column [id] to be non-null as it is part of the primary key for table [milestones]
10:24:17.825 [main] DEBUG org.hibernate.mapping.PrimaryKey - Forcing column [id] to be non-null as it is part of the primary key for table [projects]
10:24:17.825 [main] DEBUG org.hibernate.mapping.PrimaryKey - Forcing column [id] to be non-null as it is part of the primary key for table [subteams]
10:24:17.825 [main] DEBUG org.hibernate.mapping.PrimaryKey - Forcing column [id] to be non-null as it is part of the primary key for table [tasks]
10:24:17.825 [main] DEBUG org.hibernate.mapping.PrimaryKey - Forcing column [id] to be non-null as it is part of the primary key for table [team_members]
10:24:17.825 [main] DEBUG org.hibernate.boot.model.internal.CollectionSecondPass - Second pass for collection: org.frcpm.models.Task.requiredComponents
10:24:17.825 [main] DEBUG org.hibernate.boot.model.internal.CollectionBinder - Binding a ManyToMany: org.frcpm.models.Task.requiredComponents
10:24:17.826 [main] DEBUG org.hibernate.boot.registry.classloading.internal.ClassLoaderServiceImpl - HHH000194: Package not found or no package-info.java: org.frcpm.models
10:24:17.827 [main] DEBUG org.hibernate.mapping.PrimaryKey - Forcing column [task_id] to be non-null as it is part of the primary key for table [task_components]
10:24:17.827 [main] DEBUG org.hibernate.mapping.PrimaryKey - Forcing column [component_id] to be non-null as it is part of the primary key for table [task_components]
10:24:17.827 [main] DEBUG org.hibernate.boot.model.internal.CollectionSecondPass - Mapped collection key: task_id, element: component_id
10:24:17.827 [main] DEBUG org.hibernate.boot.model.internal.CollectionSecondPass - Second pass for collection: org.frcpm.models.Task.preDependencies
10:24:17.827 [main] DEBUG org.hibernate.boot.model.internal.CollectionBinder - Binding a ManyToMany: org.frcpm.models.Task.preDependencies
10:24:17.827 [main] DEBUG org.hibernate.boot.registry.classloading.internal.ClassLoaderServiceImpl - HHH000194: Package not found or no package-info.java: org.frcpm.models
10:24:17.828 [main] DEBUG org.hibernate.mapping.PrimaryKey - Forcing column [task_id] to be non-null as it is part of the primary key for table [task_dependencies]
10:24:17.828 [main] DEBUG org.hibernate.mapping.PrimaryKey - Forcing column [dependency_id] to be non-null as it is part of the primary key for table [task_dependencies]
10:24:17.828 [main] DEBUG org.hibernate.boot.model.internal.CollectionSecondPass - Mapped collection key: task_id, element: dependency_id
10:24:17.828 [main] DEBUG org.hibernate.boot.model.internal.CollectionSecondPass - Second pass for collection: org.frcpm.models.Task.assignedTo
10:24:17.828 [main] DEBUG org.hibernate.boot.model.internal.CollectionBinder - Binding a ManyToMany: org.frcpm.models.Task.assignedTo
10:24:17.828 [main] DEBUG org.hibernate.boot.registry.classloading.internal.ClassLoaderServiceImpl - HHH000194: Package not found or no package-info.java: org.frcpm.models
10:24:17.828 [main] DEBUG org.hibernate.mapping.PrimaryKey - Forcing column [task_id] to be non-null as it is part of the primary key for table [task_assignments]
10:24:17.828 [main] DEBUG org.hibernate.mapping.PrimaryKey - Forcing column [team_member_id] to be non-null as it is part of the primary key for table [task_assignments]
10:24:17.828 [main] DEBUG org.hibernate.boot.model.internal.CollectionSecondPass - Mapped collection key: task_id, element: team_member_id
10:24:17.828 [main] DEBUG org.hibernate.boot.model.internal.CollectionSecondPass - Second pass for collection: org.frcpm.models.Meeting.attendances
10:24:17.828 [main] DEBUG org.hibernate.boot.model.internal.CollectionBinder - Binding a OneToMany: org.frcpm.models.Meeting.attendances through a foreign key
10:24:17.828 [main] DEBUG org.hibernate.boot.model.internal.CollectionBinder - Mapping collection: org.frcpm.models.Meeting.attendances -> attendances
10:24:17.828 [main] DEBUG org.hibernate.boot.model.internal.TableBinder - Retrieving property org.frcpm.models.Attendance.meeting
10:24:17.828 [main] DEBUG org.hibernate.boot.model.internal.CollectionSecondPass - Mapped collection key: meeting_id, one-to-many: org.frcpm.models.Attendance
10:24:17.828 [main] DEBUG org.hibernate.boot.model.internal.CollectionSecondPass - Second pass for collection: org.frcpm.models.Subsystem.tasks
10:24:17.828 [main] DEBUG org.hibernate.boot.model.internal.CollectionBinder - Binding a OneToMany: org.frcpm.models.Subsystem.tasks through a foreign key
10:24:17.828 [main] DEBUG org.hibernate.boot.model.internal.CollectionBinder - Mapping collection: org.frcpm.models.Subsystem.tasks -> tasks
10:24:17.828 [main] DEBUG org.hibernate.boot.model.internal.TableBinder - Retrieving property org.frcpm.models.Task.subsystem
10:24:17.828 [main] DEBUG org.hibernate.boot.model.internal.CollectionSecondPass - Mapped collection key: subsystem_id, one-to-many: org.frcpm.models.Task
10:24:17.828 [main] DEBUG org.hibernate.boot.model.internal.CollectionSecondPass - Second pass for collection: org.frcpm.models.Component.requiredForTasks
10:24:17.828 [main] DEBUG org.hibernate.boot.model.internal.CollectionBinder - Binding a ManyToMany: org.frcpm.models.Component.requiredForTasks
10:24:17.829 [main] DEBUG org.hibernate.boot.registry.classloading.internal.ClassLoaderServiceImpl - HHH000194: Package not found or no package-info.java: org.frcpm.models
10:24:17.829 [main] DEBUG org.hibernate.boot.model.internal.TableBinder - Retrieving property org.frcpm.models.Task.requiredComponents
10:24:17.829 [main] DEBUG org.hibernate.boot.model.internal.CollectionSecondPass - Mapped collection key: component_id, element: task_id
10:24:17.829 [main] DEBUG org.hibernate.boot.model.internal.CollectionSecondPass - Second pass for collection: org.frcpm.models.Project.meetings
10:24:17.829 [main] DEBUG org.hibernate.boot.model.internal.CollectionBinder - Binding a OneToMany: org.frcpm.models.Project.meetings through a foreign key
10:24:17.829 [main] DEBUG org.hibernate.boot.model.internal.CollectionBinder - Mapping collection: org.frcpm.models.Project.meetings -> meetings
10:24:17.829 [main] DEBUG org.hibernate.boot.model.internal.TableBinder - Retrieving property org.frcpm.models.Meeting.project
10:24:17.829 [main] DEBUG org.hibernate.boot.model.internal.CollectionSecondPass - Mapped collection key: project_id, one-to-many: org.frcpm.models.Meeting
10:24:17.829 [main] DEBUG org.hibernate.boot.model.internal.CollectionSecondPass - Second pass for collection: org.frcpm.models.Project.milestones
10:24:17.829 [main] DEBUG org.hibernate.boot.model.internal.CollectionBinder - Binding a OneToMany: org.frcpm.models.Project.milestones through a foreign key
10:24:17.829 [main] DEBUG org.hibernate.boot.model.internal.CollectionBinder - Mapping collection: org.frcpm.models.Project.milestones -> milestones
10:24:17.829 [main] DEBUG org.hibernate.boot.model.internal.TableBinder - Retrieving property org.frcpm.models.Milestone.project
10:24:17.829 [main] DEBUG org.hibernate.boot.model.internal.CollectionSecondPass - Mapped collection key: project_id, one-to-many: org.frcpm.models.Milestone
10:24:17.830 [main] DEBUG org.hibernate.boot.model.internal.CollectionSecondPass - Second pass for collection: org.frcpm.models.Project.tasks
10:24:17.830 [main] DEBUG org.hibernate.boot.model.internal.CollectionBinder - Binding a OneToMany: org.frcpm.models.Project.tasks through a foreign key
10:24:17.830 [main] DEBUG org.hibernate.boot.model.internal.CollectionBinder - Mapping collection: org.frcpm.models.Project.tasks -> tasks
10:24:17.830 [main] DEBUG org.hibernate.boot.model.internal.TableBinder - Retrieving property org.frcpm.models.Task.project
10:24:17.830 [main] DEBUG org.hibernate.boot.model.internal.CollectionSecondPass - Mapped collection key: project_id, one-to-many: org.frcpm.models.Task
10:24:17.830 [main] DEBUG org.hibernate.boot.model.internal.CollectionSecondPass - Second pass for collection: org.frcpm.models.Subteam.members
10:24:17.830 [main] DEBUG org.hibernate.boot.model.internal.CollectionBinder - Binding a OneToMany: org.frcpm.models.Subteam.members through a foreign key
10:24:17.830 [main] DEBUG org.hibernate.boot.model.internal.CollectionBinder - Mapping collection: org.frcpm.models.Subteam.members -> team_members
10:24:17.830 [main] DEBUG org.hibernate.boot.model.internal.TableBinder - Retrieving property org.frcpm.models.TeamMember.subteam
10:24:17.830 [main] DEBUG org.hibernate.boot.model.internal.CollectionSecondPass - Mapped collection key: subteam_id, one-to-many: org.frcpm.models.TeamMember
10:24:17.830 [main] DEBUG org.hibernate.boot.model.internal.CollectionSecondPass - Second pass for collection: org.frcpm.models.Subteam.subsystems
10:24:17.830 [main] DEBUG org.hibernate.boot.model.internal.CollectionBinder - Binding a OneToMany: org.frcpm.models.Subteam.subsystems through a foreign key
10:24:17.830 [main] DEBUG org.hibernate.boot.model.internal.CollectionBinder - Mapping collection: org.frcpm.models.Subteam.subsystems -> subsystems
10:24:17.830 [main] DEBUG org.hibernate.boot.model.internal.TableBinder - Retrieving property org.frcpm.models.Subsystem.responsibleSubteam
10:24:17.830 [main] DEBUG org.hibernate.boot.model.internal.CollectionSecondPass - Mapped collection key: responsible_subteam_id, one-to-many: org.frcpm.models.Subsystem
10:24:17.830 [main] DEBUG org.hibernate.boot.model.internal.CollectionSecondPass - Second pass for collection: org.frcpm.models.Task.postDependencies
10:24:17.830 [main] DEBUG org.hibernate.boot.model.internal.CollectionBinder - Binding a ManyToMany: org.frcpm.models.Task.postDependencies
10:24:17.830 [main] DEBUG org.hibernate.boot.registry.classloading.internal.ClassLoaderServiceImpl - HHH000194: Package not found or no package-info.java: org.frcpm.models
10:24:17.830 [main] DEBUG org.hibernate.boot.model.internal.TableBinder - Retrieving property org.frcpm.models.Task.preDependencies
10:24:17.830 [main] DEBUG org.hibernate.boot.model.internal.CollectionSecondPass - Mapped collection key: dependency_id, element: task_id
10:24:17.831 [main] DEBUG org.hibernate.boot.model.internal.CollectionSecondPass - Second pass for collection: org.frcpm.models.TeamMember.assignedTasks
10:24:17.831 [main] DEBUG org.hibernate.boot.model.internal.CollectionBinder - Binding a ManyToMany: org.frcpm.models.TeamMember.assignedTasks
10:24:17.831 [main] DEBUG org.hibernate.boot.registry.classloading.internal.ClassLoaderServiceImpl - HHH000194: Package not found or no package-info.java: org.frcpm.models
10:24:17.831 [main] DEBUG org.hibernate.boot.model.internal.TableBinder - Retrieving property org.frcpm.models.Task.assignedTo
10:24:17.831 [main] DEBUG org.hibernate.boot.model.internal.CollectionSecondPass - Mapped collection key: team_member_id, element: task_id
10:24:17.831 [main] DEBUG org.hibernate.boot.model.internal.CollectionSecondPass - Second pass for collection: org.frcpm.models.TeamMember.attendances
10:24:17.831 [main] DEBUG org.hibernate.boot.model.internal.CollectionBinder - Binding a OneToMany: org.frcpm.models.TeamMember.attendances through a foreign key
10:24:17.831 [main] DEBUG org.hibernate.boot.model.internal.CollectionBinder - Mapping collection: org.frcpm.models.TeamMember.attendances -> attendances
10:24:17.831 [main] DEBUG org.hibernate.boot.model.internal.TableBinder - Retrieving property org.frcpm.models.Attendance.member
10:24:17.831 [main] DEBUG org.hibernate.boot.model.internal.CollectionSecondPass - Mapped collection key: member_id, one-to-many: org.frcpm.models.Attendance
10:24:17.838 [main] DEBUG org.hibernate.internal.SessionFactoryImpl - Building session factory
10:24:17.839 [main] DEBUG org.hibernate.service.internal.SessionFactoryServiceRegistryImpl - EventListenerRegistry access via ServiceRegistry is deprecated.  Use `sessionFactory.getEventEngine().getListenerRegistry()` instead
10:24:17.839 [main] DEBUG org.hibernate.internal.SessionFactoryImpl - Instantiating SessionFactory with settings: {hibernate.format_sql=false, java.specification.version=21, sun.cpu.isalist=amd64, hibernate.connection.handling_mode=DELAYED_ACQUISITION_AND_RELEASE_AFTER_STATEMENT, sun.jnu.encoding=Cp1252, hibernate.dialect=org.hibernate.dialect.H2Dialect, java.class.path=C:\Users\dhiebert\Local Repositories\Project Management 2.0\target\test-classes;C:\Users\dhiebert\Local Repositories\Project Management 2.0\target\classes;C:\Users\dhiebert\.m2\repository\org\openjfx\javafx-controls\21.0.2\javafx-controls-21.0.2.jar;C:\Users\dhiebert\.m2\repository\org\openjfx\javafx-controls\21.0.2\javafx-controls-21.0.2-win.jar;C:\Users\dhiebert\.m2\repository\org\openjfx\javafx-fxml\21.0.2\javafx-fxml-21.0.2.jar;C:\Users\dhiebert\.m2\repository\org\openjfx\javafx-fxml\21.0.2\javafx-fxml-21.0.2-win.jar;C:\Users\dhiebert\.m2\repository\org\openjfx\javafx-graphics\21.0.2\javafx-graphics-21.0.2.jar;C:\Users\dhiebert\.m2\repository\org\openjfx\javafx-graphics\21.0.2\javafx-graphics-21.0.2-win.jar;C:\Users\dhiebert\.m2\repository\org\openjfx\javafx-base\21.0.2\javafx-base-21.0.2.jar;C:\Users\dhiebert\.m2\repository\org\openjfx\javafx-base\21.0.2\javafx-base-21.0.2-win.jar;C:\Users\dhiebert\.m2\repository\com\h2database\h2\2.2.224\h2-2.2.224.jar;C:\Users\dhiebert\.m2\repository\com\zaxxer\HikariCP\5.1.0\HikariCP-5.1.0.jar;C:\Users\dhiebert\.m2\repository\org\slf4j\slf4j-api\1.7.36\slf4j-api-1.7.36.jar;C:\Users\dhiebert\.m2\repository\org\hibernate\orm\hibernate-core\6.5.0.Final\hibernate-core-6.5.0.Final.jar;C:\Users\dhiebert\.m2\repository\jakarta\persistence\jakarta.persistence-api\3.1.0\jakarta.persistence-api-3.1.0.jar;C:\Users\dhiebert\.m2\repository\jakarta\transaction\jakarta.transaction-api\2.0.1\jakarta.transaction-api-2.0.1.jar;C:\Users\dhiebert\.m2\repository\org\jboss\logging\jboss-logging\3.5.0.Final\jboss-logging-3.5.0.Final.jar;C:\Users\dhiebert\.m2\repository\org\hibernate\common\hibernate-commons-annotations\6.0.6.Final\hibernate-commons-annotations-6.0.6.Final.jar;C:\Users\dhiebert\.m2\repository\io\smallrye\jandex\3.1.2\jandex-3.1.2.jar;C:\Users\dhiebert\.m2\repository\com\fasterxml\classmate\1.5.1\classmate-1.5.1.jar;C:\Users\dhiebert\.m2\repository\net\bytebuddy\byte-buddy\1.14.12\byte-buddy-1.14.12.jar;C:\Users\dhiebert\.m2\repository\jakarta\xml\bind\jakarta.xml.bind-api\4.0.0\jakarta.xml.bind-api-4.0.0.jar;C:\Users\dhiebert\.m2\repository\jakarta\activation\jakarta.activation-api\2.1.0\jakarta.activation-api-2.1.0.jar;C:\Users\dhiebert\.m2\repository\org\glassfish\jaxb\jaxb-runtime\4.0.2\jaxb-runtime-4.0.2.jar;C:\Users\dhiebert\.m2\repository\org\glassfish\jaxb\jaxb-core\4.0.2\jaxb-core-4.0.2.jar;C:\Users\dhiebert\.m2\repository\org\eclipse\angus\angus-activation\2.0.0\angus-activation-2.0.0.jar;C:\Users\dhiebert\.m2\repository\org\glassfish\jaxb\txw2\4.0.2\txw2-4.0.2.jar;C:\Users\dhiebert\.m2\repository\com\sun\istack\istack-commons-runtime\4.1.1\istack-commons-runtime-4.1.1.jar;C:\Users\dhiebert\.m2\repository\jakarta\inject\jakarta.inject-api\2.0.1\jakarta.inject-api-2.0.1.jar;C:\Users\dhiebert\.m2\repository\org\antlr\antlr4-runtime\4.13.0\antlr4-runtime-4.13.0.jar;C:\Users\dhiebert\.m2\repository\org\hibernate\validator\hibernate-validator\8.0.1.Final\hibernate-validator-8.0.1.Final.jar;C:\Users\dhiebert\.m2\repository\jakarta\validation\jakarta.validation-api\3.0.2\jakarta.validation-api-3.0.2.jar;C:\Users\dhiebert\.m2\repository\org\junit\jupiter\junit-jupiter-api\5.10.2\junit-jupiter-api-5.10.2.jar;C:\Users\dhiebert\.m2\repository\org\opentest4j\opentest4j\1.3.0\opentest4j-1.3.0.jar;C:\Users\dhiebert\.m2\repository\org\junit\platform\junit-platform-commons\1.10.2\junit-platform-commons-1.10.2.jar;C:\Users\dhiebert\.m2\repository\org\apiguardian\apiguardian-api\1.1.2\apiguardian-api-1.1.2.jar;C:\Users\dhiebert\.m2\repository\org\junit\jupiter\junit-jupiter-engine\5.10.2\junit-jupiter-engine-5.10.2.jar;C:\Users\dhiebert\.m2\repository\org\junit\platform\junit-platform-engine\1.10.2\junit-platform-engine-1.10.2.jar;C:\Users\dhiebert\.m2\repository\org\mockito\mockito-junit-jupiter\5.10.0\mockito-junit-jupiter-5.10.0.jar;C:\Users\dhiebert\.m2\repository\org\mockito\mockito-core\5.10.0\mockito-core-5.10.0.jar;C:\Users\dhiebert\.m2\repository\net\bytebuddy\byte-buddy-agent\1.14.11\byte-buddy-agent-1.14.11.jar;C:\Users\dhiebert\.m2\repository\org\objenesis\objenesis\3.3\objenesis-3.3.jar;C:\Users\dhiebert\.m2\repository\org\hibernate\orm\hibernate-hikaricp\6.5.0.Final\hibernate-hikaricp-6.5.0.Final.jar;C:\Users\dhiebert\.m2\repository\ch\qos\logback\logback-classic\1.2.11\logback-classic-1.2.11.jar;C:\Users\dhiebert\.m2\repository\ch\qos\logback\logback-core\1.2.11\logback-core-1.2.11.jar;C:\Users\dhiebert\.m2\repository\org\testfx\testfx-core\4.0.18\testfx-core-4.0.18.jar;C:\Users\dhiebert\.m2\repository\org\hamcrest\hamcrest\2.1\hamcrest-2.1.jar;C:\Users\dhiebert\.m2\repository\org\assertj\assertj-core\3.13.2\assertj-core-3.13.2.jar;C:\Users\dhiebert\.m2\repository\org\osgi\org.osgi.core\6.0.0\org.osgi.core-6.0.0.jar;C:\Users\dhiebert\.m2\repository\org\testfx\testfx-junit5\4.0.18\testfx-junit5-4.0.18.jar;C:\Users\dhiebert\.m2\repository\org\openjfx\javafx-web\17.0.2\javafx-web-17.0.2.jar;C:\Users\dhiebert\.m2\repository\org\openjfx\javafx-web\17.0.2\javafx-web-17.0.2-win.jar;C:\Users\dhiebert\.m2\repository\org\openjfx\javafx-media\17.0.2\javafx-media-17.0.2.jar;C:\Users\dhiebert\.m2\repository\org\openjfx\javafx-media\17.0.2\javafx-media-17.0.2-win.jar;C:\Users\dhiebert\.m2\repository\org\apache\pdfbox\pdfbox\2.0.27\pdfbox-2.0.27.jar;C:\Users\dhiebert\.m2\repository\org\apache\pdfbox\fontbox\2.0.27\fontbox-2.0.27.jar;C:\Users\dhiebert\.m2\repository\commons-logging\commons-logging\1.2\commons-logging-1.2.jar;C:\Users\dhiebert\.m2\repository\com\fasterxml\jackson\core\jackson-databind\2.15.0\jackson-databind-2.15.0.jar;C:\Users\dhiebert\.m2\repository\com\fasterxml\jackson\core\jackson-annotations\2.15.0\jackson-annotations-2.15.0.jar;C:\Users\dhiebert\.m2\repository\com\fasterxml\jackson\core\jackson-core\2.15.0\jackson-core-2.15.0.jar;C:\Users\dhiebert\.m2\repository\org\apache\xmlgraphics\batik-all\1.16\batik-all-1.16.jar;C:\Users\dhiebert\.m2\repository\xml-apis\xml-apis\1.4.01\xml-apis-1.4.01.jar;C:\Users\dhiebert\.m2\repository\xml-apis\xml-apis-ext\1.3.04\xml-apis-ext-1.3.04.jar;C:\Users\dhiebert\.m2\repository\org\apache\xmlgraphics\xmlgraphics-commons\2.7\xmlgraphics-commons-2.7.jar;C:\Users\dhiebert\.m2\repository\commons-io\commons-io\1.3.1\commons-io-1.3.1.jar;C:\Users\dhiebert\.m2\repository\org\jgrapht\jgrapht-core\1.5.2\jgrapht-core-1.5.2.jar;C:\Users\dhiebert\.m2\repository\org\jheaps\jheaps\0.14\jheaps-0.14.jar;C:\Users\dhiebert\.m2\repository\org\apfloat\apfloat\1.10.1\apfloat-1.10.1.jar;, java.vm.vendor=Eclipse Adoptium, sun.arch.data.model=64, hibernate.order_inserts=true, user.variant=, java.vendor.url=https://adoptium.net/, user.timezone=America/Chicago, javax.persistence.jdbc.user=****, javax.persistence.jdbc.url=jdbc:h2:file:C:\Users\dhiebert\.frcpm\frcpm, java.vm.specification.version=21, os.name=Windows 11, hibernate.generate_statistics=false, hibernate.hikari.connectionTimeout=10000, hibernate.order_updates=true, hibernate.jdbc.batch_versioned_data=true, jakarta.persistence.jdbc.password=****, hibernate.jdbc.batch_size=30, sun.java.launcher=SUN_STANDARD, user.country=US, local.setting.IS_JTA_TXN_COORD=false, sun.boot.library.path=C:\Program Files\Eclipse Adoptium\jdk-21.0.6.7-hotspot\bin, sun.java.command=C:\Users\dhiebert\AppData\Local\Temp\surefire9513985487531586668\surefirebooter-20250425102356946_3.jar C:\Users\dhiebert\AppData\Local\Temp\surefire9513985487531586668 2025-04-25T10-23-56_800-jvmRun1 surefire-20250425102356946_1tmp surefire_0-20250425102356946_2tmp, hibernate.use_sql_comments=false, hibernate.connection.provider_class=org.hibernate.hikaricp.internal.HikariCPConnectionProvider, jdk.debug=release, surefire.test.class.path=C:\Users\dhiebert\Local Repositories\Project Management 2.0\target\test-classes;C:\Users\dhiebert\Local Repositories\Project Management 2.0\target\classes;C:\Users\dhiebert\.m2\repository\org\openjfx\javafx-controls\21.0.2\javafx-controls-21.0.2.jar;C:\Users\dhiebert\.m2\repository\org\openjfx\javafx-controls\21.0.2\javafx-controls-21.0.2-win.jar;C:\Users\dhiebert\.m2\repository\org\openjfx\javafx-fxml\21.0.2\javafx-fxml-21.0.2.jar;C:\Users\dhiebert\.m2\repository\org\openjfx\javafx-fxml\21.0.2\javafx-fxml-21.0.2-win.jar;C:\Users\dhiebert\.m2\repository\org\openjfx\javafx-graphics\21.0.2\javafx-graphics-21.0.2.jar;C:\Users\dhiebert\.m2\repository\org\openjfx\javafx-graphics\21.0.2\javafx-graphics-21.0.2-win.jar;C:\Users\dhiebert\.m2\repository\org\openjfx\javafx-base\21.0.2\javafx-base-21.0.2.jar;C:\Users\dhiebert\.m2\repository\org\openjfx\javafx-base\21.0.2\javafx-base-21.0.2-win.jar;C:\Users\dhiebert\.m2\repository\com\h2database\h2\2.2.224\h2-2.2.224.jar;C:\Users\dhiebert\.m2\repository\com\zaxxer\HikariCP\5.1.0\HikariCP-5.1.0.jar;C:\Users\dhiebert\.m2\repository\org\slf4j\slf4j-api\1.7.36\slf4j-api-1.7.36.jar;C:\Users\dhiebert\.m2\repository\org\hibernate\orm\hibernate-core\6.5.0.Final\hibernate-core-6.5.0.Final.jar;C:\Users\dhiebert\.m2\repository\jakarta\persistence\jakarta.persistence-api\3.1.0\jakarta.persistence-api-3.1.0.jar;C:\Users\dhiebert\.m2\repository\jakarta\transaction\jakarta.transaction-api\2.0.1\jakarta.transaction-api-2.0.1.jar;C:\Users\dhiebert\.m2\repository\org\jboss\logging\jboss-logging\3.5.0.Final\jboss-logging-3.5.0.Final.jar;C:\Users\dhiebert\.m2\repository\org\hibernate\common\hibernate-commons-annotations\6.0.6.Final\hibernate-commons-annotations-6.0.6.Final.jar;C:\Users\dhiebert\.m2\repository\io\smallrye\jandex\3.1.2\jandex-3.1.2.jar;C:\Users\dhiebert\.m2\repository\com\fasterxml\classmate\1.5.1\classmate-1.5.1.jar;C:\Users\dhiebert\.m2\repository\net\bytebuddy\byte-buddy\1.14.12\byte-buddy-1.14.12.jar;C:\Users\dhiebert\.m2\repository\jakarta\xml\bind\jakarta.xml.bind-api\4.0.0\jakarta.xml.bind-api-4.0.0.jar;C:\Users\dhiebert\.m2\repository\jakarta\activation\jakarta.activation-api\2.1.0\jakarta.activation-api-2.1.0.jar;C:\Users\dhiebert\.m2\repository\org\glassfish\jaxb\jaxb-runtime\4.0.2\jaxb-runtime-4.0.2.jar;C:\Users\dhiebert\.m2\repository\org\glassfish\jaxb\jaxb-core\4.0.2\jaxb-core-4.0.2.jar;C:\Users\dhiebert\.m2\repository\org\eclipse\angus\angus-activation\2.0.0\angus-activation-2.0.0.jar;C:\Users\dhiebert\.m2\repository\org\glassfish\jaxb\txw2\4.0.2\txw2-4.0.2.jar;C:\Users\dhiebert\.m2\repository\com\sun\istack\istack-commons-runtime\4.1.1\istack-commons-runtime-4.1.1.jar;C:\Users\dhiebert\.m2\repository\jakarta\inject\jakarta.inject-api\2.0.1\jakarta.inject-api-2.0.1.jar;C:\Users\dhiebert\.m2\repository\org\antlr\antlr4-runtime\4.13.0\antlr4-runtime-4.13.0.jar;C:\Users\dhiebert\.m2\repository\org\hibernate\validator\hibernate-validator\8.0.1.Final\hibernate-validator-8.0.1.Final.jar;C:\Users\dhiebert\.m2\repository\jakarta\validation\jakarta.validation-api\3.0.2\jakarta.validation-api-3.0.2.jar;C:\Users\dhiebert\.m2\repository\org\junit\jupiter\junit-jupiter-api\5.10.2\junit-jupiter-api-5.10.2.jar;C:\Users\dhiebert\.m2\repository\org\opentest4j\opentest4j\1.3.0\opentest4j-1.3.0.jar;C:\Users\dhiebert\.m2\repository\org\junit\platform\junit-platform-commons\1.10.2\junit-platform-commons-1.10.2.jar;C:\Users\dhiebert\.m2\repository\org\apiguardian\apiguardian-api\1.1.2\apiguardian-api-1.1.2.jar;C:\Users\dhiebert\.m2\repository\org\junit\jupiter\junit-jupiter-engine\5.10.2\junit-jupiter-engine-5.10.2.jar;C:\Users\dhiebert\.m2\repository\org\junit\platform\junit-platform-engine\1.10.2\junit-platform-engine-1.10.2.jar;C:\Users\dhiebert\.m2\repository\org\mockito\mockito-junit-jupiter\5.10.0\mockito-junit-jupiter-5.10.0.jar;C:\Users\dhiebert\.m2\repository\org\mockito\mockito-core\5.10.0\mockito-core-5.10.0.jar;C:\Users\dhiebert\.m2\repository\net\bytebuddy\byte-buddy-agent\1.14.11\byte-buddy-agent-1.14.11.jar;C:\Users\dhiebert\.m2\repository\org\objenesis\objenesis\3.3\objenesis-3.3.jar;C:\Users\dhiebert\.m2\repository\org\hibernate\orm\hibernate-hikaricp\6.5.0.Final\hibernate-hikaricp-6.5.0.Final.jar;C:\Users\dhiebert\.m2\repository\ch\qos\logback\logback-classic\1.2.11\logback-classic-1.2.11.jar;C:\Users\dhiebert\.m2\repository\ch\qos\logback\logback-core\1.2.11\logback-core-1.2.11.jar;C:\Users\dhiebert\.m2\repository\org\testfx\testfx-core\4.0.18\testfx-core-4.0.18.jar;C:\Users\dhiebert\.m2\repository\org\hamcrest\hamcrest\2.1\hamcrest-2.1.jar;C:\Users\dhiebert\.m2\repository\org\assertj\assertj-core\3.13.2\assertj-core-3.13.2.jar;C:\Users\dhiebert\.m2\repository\org\osgi\org.osgi.core\6.0.0\org.osgi.core-6.0.0.jar;C:\Users\dhiebert\.m2\repository\org\testfx\testfx-junit5\4.0.18\testfx-junit5-4.0.18.jar;C:\Users\dhiebert\.m2\repository\org\openjfx\javafx-web\17.0.2\javafx-web-17.0.2.jar;C:\Users\dhiebert\.m2\repository\org\openjfx\javafx-web\17.0.2\javafx-web-17.0.2-win.jar;C:\Users\dhiebert\.m2\repository\org\openjfx\javafx-media\17.0.2\javafx-media-17.0.2.jar;C:\Users\dhiebert\.m2\repository\org\openjfx\javafx-media\17.0.2\javafx-media-17.0.2-win.jar;C:\Users\dhiebert\.m2\repository\org\apache\pdfbox\pdfbox\2.0.27\pdfbox-2.0.27.jar;C:\Users\dhiebert\.m2\repository\org\apache\pdfbox\fontbox\2.0.27\fontbox-2.0.27.jar;C:\Users\dhiebert\.m2\repository\commons-logging\commons-logging\1.2\commons-logging-1.2.jar;C:\Users\dhiebert\.m2\repository\com\fasterxml\jackson\core\jackson-databind\2.15.0\jackson-databind-2.15.0.jar;C:\Users\dhiebert\.m2\repository\com\fasterxml\jackson\core\jackson-annotations\2.15.0\jackson-annotations-2.15.0.jar;C:\Users\dhiebert\.m2\repository\com\fasterxml\jackson\core\jackson-core\2.15.0\jackson-core-2.15.0.jar;C:\Users\dhiebert\.m2\repository\org\apache\xmlgraphics\batik-all\1.16\batik-all-1.16.jar;C:\Users\dhiebert\.m2\repository\xml-apis\xml-apis\1.4.01\xml-apis-1.4.01.jar;C:\Users\dhiebert\.m2\repository\xml-apis\xml-apis-ext\1.3.04\xml-apis-ext-1.3.04.jar;C:\Users\dhiebert\.m2\repository\org\apache\xmlgraphics\xmlgraphics-commons\2.7\xmlgraphics-commons-2.7.jar;C:\Users\dhiebert\.m2\repository\commons-io\commons-io\1.3.1\commons-io-1.3.1.jar;C:\Users\dhiebert\.m2\repository\org\jgrapht\jgrapht-core\1.5.2\jgrapht-core-1.5.2.jar;C:\Users\dhiebert\.m2\repository\org\jheaps\jheaps\0.14\jheaps-0.14.jar;C:\Users\dhiebert\.m2\repository\org\apfloat\apfloat\1.10.1\apfloat-1.10.1.jar;, jakarta.persistence.jdbc.driver=org.h2.Driver, sun.cpu.endian=little, user.home=C:\Users\dhiebert, user.language=en, java.specification.vendor=Oracle Corporation, java.version.date=2025-01-21, java.home=C:\Program Files\Eclipse Adoptium\jdk-21.0.6.7-hotspot, file.separator=\, basedir=C:\Users\dhiebert\Local Repositories\Project Management 2.0, java.vm.compressedOopsMode=Zero based, jakarta.persistence.jdbc.user=****, line.separator=
, hibernate.persistenceUnitName=frcpm, java.vm.specification.vendor=Oracle Corporation, java.specification.name=Java Platform API Specification, hibernate.transaction.coordinator_class=class org.hibernate.resource.transaction.backend.jdbc.internal.JdbcResourceLocalTransactionCoordinatorBuilderImpl, javax.persistence.jdbc.driver=org.h2.Driver, hibernate.hikari.maximumPoolSize=10, surefire.real.class.path=C:\Users\dhiebert\AppData\Local\Temp\surefire9513985487531586668\surefirebooter-20250425102356946_3.jar, hibernate.hbm2ddl.auto=update, user.script=, sun.management.compiler=HotSpot 64-Bit Tiered Compilers, java.runtime.version=21.0.6+7-LTS, user.name=dhiebert, hibernate.cache.use_query_cache=false, stdout.encoding=Cp1252, path.separator=;, hibernate.connection.username=****, os.version=10.0, java.runtime.name=OpenJDK Runtime Environment, hibernate.connection.url=jdbc:h2:file:C:\Users\dhiebert\.frcpm\frcpm, file.encoding=UTF-8, hibernate.hikari.minimumIdle=2, hibernate.hikari.idleTimeout=30000, java.vm.name=OpenJDK 64-Bit Server VM, hibernate.show_sql=false, java.vendor.version=Temurin-21.0.6+7, hibernate.hikari.poolName=FRC-PM-HikariCP, hibernate.current_session_context_class=thread, localRepository=C:\Users\dhiebert\.m2\repository, hibernate.connection.driver_class=org.h2.Driver, java.vendor.url.bug=https://github.com/adoptium/adoptium-support/issues, java.io.tmpdir=C:\Users\dhiebert\AppData\Local\Temp\, java.version=21.0.6, user.dir=C:\Users\dhiebert\Local Repositories\Project Management 2.0, os.arch=amd64, java.vm.specification.name=Java Virtual Machine Specification, hibernate.connection.password=****, sun.os.patch.level=, jakarta.persistence.jdbc.url=jdbc:h2:file:C:\Users\dhiebert\.frcpm\frcpm, hibernate.boot.CfgXmlAccessService.key=org.hibernate.boot.registry.StandardServiceRegistryBuilder$1@312bff2a, native.encoding=Cp1252, hibernate.cache.use_second_level_cache=false, java.library.path=C:\Program Files\Eclipse Adoptium\jdk-21.0.6.7-hotspot\bin;C:\WINDOWS\Sun\Java\bin;C:\WINDOWS\system32;C:\WINDOWS;C:\Program Files\apache-maven-3.9.9\bin;C:\Program Files\Eclipse Adoptium\jdk-21.0.6.7-hotspot\bin;C:\Program Files\National Instruments\Shared\OpenVINO\;C:\Program Files\Common Files\Oracle\Java\javapath;C:\WINDOWS\system32;C:\WINDOWS;C:\WINDOWS\System32\Wbem;C:\WINDOWS\System32\WindowsPowerShell\v1.0\;C:\WINDOWS\System32\OpenSSH\;C:\Program Files\dotnet\;C:\Program Files (x86)\Windows Live\Shared;C:\Program Files\Git\cmd;C:\Program Files\Common Files\Autodesk Shared\;C:\Program Files\Microsoft SQL Server\150\Tools\Binn\;C:\Program Files\nodejs\;C:\Program Files\Eclipse Adoptium\jdk-21.0.6.7-hotspot\bin;C:\Program Files\apache-maven-3.9.9\bin;%MAVEN_HOME%\bin;C:\Users\dhiebert\AppData\Local\Microsoft\WindowsApps;C:\Users\dhiebert\AppData\Local\GitHubDesktop\bin;C:\Users\dhiebert\AppData\Roaming\npm;C:\Users\dhiebert\AppData\Local\Packages\PythonSoftwareFoundation.Python.3.11_qbz5n2kfra8p0\LocalCache\local-packages\Python311\Scripts;C:\Users\dhiebert\AppData\Local\Packages\PythonSoftwareFoundation.Python.3.11_qbz5n2kfra8p0\LocalCache\local-packages\Python311\site-packages\maven;;c:\Users\Public\wpilib\2025\vscode\data\user-data\User\globalStorage\github.copilot-chat\debugCommand;c:\Users\Public\wpilib\2025\vscode\data\extensions\ms-python.debugpy-2025.4.1-win32-x64\bundled\scripts\noConfigScripts;., stderr.encoding=Cp1252, java.vendor=Eclipse Adoptium, java.vm.info=mixed mode, sharing, java.vm.version=21.0.6+7-LTS, sun.io.unicode.encoding=UnicodeLittle, javax.persistence.jdbc.password=****, java.class.version=65.0}
10:24:17.839 [main] DEBUG org.hibernate.internal.SessionFactoryImpl - Session factory constructed with filter configurations : {}
10:24:17.839 [main] DEBUG org.hibernate.validator.internal.xml.config.ValidationXmlParser - Trying to load META-INF/validation.xml for XML based Validator configuration.
10:24:17.839 [main] DEBUG org.hibernate.validator.internal.xml.config.ResourceLoaderHelper - Trying to load META-INF/validation.xml via TCCL
10:24:17.839 [main] DEBUG org.hibernate.validator.internal.xml.config.ResourceLoaderHelper - Trying to load META-INF/validation.xml via Hibernate Validator's class loader
10:24:17.839 [main] DEBUG org.hibernate.validator.internal.xml.config.ValidationXmlParser - No META-INF/validation.xml found. Using annotation based configuration only.
10:24:17.839 [main] DEBUG org.hibernate.validator.internal.engine.resolver.TraversableResolvers - Found jakarta.persistence.Persistence on classpath containing 'getPersistenceUtil'. Assuming JPA 2 environment. Trying to instantiate JPA aware TraversableResolver
10:24:17.839 [main] DEBUG org.hibernate.validator.internal.engine.resolver.TraversableResolvers - Instantiated JPA aware TraversableResolver of type org.hibernate.validator.internal.engine.resolver.JPATraversableResolver.
10:24:17.840 [main] DEBUG org.hibernate.validator.messageinterpolation.ResourceBundleMessageInterpolator - Failed to load expression factory via classloader jdk.internal.loader.ClassLoaders$AppClassLoader@70dea4e
java.lang.NoClassDefFoundError: jakarta/el/ExpressionFactory
	at org.hibernate.validator.messageinterpolation.ResourceBundleMessageInterpolator.canLoadExpressionFactory(ResourceBundleMessageInterpolator.java:228)
	at org.hibernate.validator.messageinterpolation.ResourceBundleMessageInterpolator.buildExpressionFactory(ResourceBundleMessageInterpolator.java:173)
	at org.hibernate.validator.messageinterpolation.ResourceBundleMessageInterpolator.<init>(ResourceBundleMessageInterpolator.java:97)
	at org.hibernate.validator.internal.engine.AbstractConfigurationImpl.getDefaultMessageInterpolator(AbstractConfigurationImpl.java:575)
	at org.hibernate.validator.internal.engine.AbstractConfigurationImpl.getDefaultMessageInterpolatorConfiguredWithClassLoader(AbstractConfigurationImpl.java:834)
	at org.hibernate.validator.internal.engine.AbstractConfigurationImpl.getMessageInterpolator(AbstractConfigurationImpl.java:485)
	at org.hibernate.validator.internal.engine.ValidatorFactoryImpl.<init>(ValidatorFactoryImpl.java:157)
	at org.hibernate.validator.HibernateValidator.buildValidatorFactory(HibernateValidator.java:38)
	at org.hibernate.validator.internal.engine.AbstractConfigurationImpl.buildValidatorFactory(AbstractConfigurationImpl.java:453)
	at jakarta.validation.Validation.buildDefaultValidatorFactory(Validation.java:103)
	at org.hibernate.boot.beanvalidation.TypeSafeActivator.getValidatorFactory(TypeSafeActivator.java:482)
	at org.hibernate.boot.beanvalidation.TypeSafeActivator.activate(TypeSafeActivator.java:79)
	at java.base/jdk.internal.reflect.DirectMethodHandleAccessor.invoke(DirectMethodHandleAccessor.java:103)
	at java.base/java.lang.reflect.Method.invoke(Method.java:580)
	at org.hibernate.boot.beanvalidation.BeanValidationIntegrator.integrate(BeanValidationIntegrator.java:139)
	at org.hibernate.internal.SessionFactoryImpl.integrate(SessionFactoryImpl.java:517)
	at org.hibernate.internal.SessionFactoryImpl.<init>(SessionFactoryImpl.java:276)
	at org.hibernate.boot.internal.SessionFactoryBuilderImpl.build(SessionFactoryBuilderImpl.java:457)
	at org.hibernate.jpa.boot.internal.EntityManagerFactoryBuilderImpl.build(EntityManagerFactoryBuilderImpl.java:1506)
	at org.hibernate.jpa.HibernatePersistenceProvider.createEntityManagerFactory(HibernatePersistenceProvider.java:55)
	at jakarta.persistence.Persistence.createEntityManagerFactory(Persistence.java:80)
	at org.frcpm.config.DatabaseConfig.initialize(DatabaseConfig.java:114)
	at org.frcpm.config.DatabaseConfig.initialize(DatabaseConfig.java:28)
	at org.frcpm.repositories.ComponentRepositoryTest.setUp(ComponentRepositoryTest.java:25)
	at java.base/jdk.internal.reflect.DirectMethodHandleAccessor.invoke(DirectMethodHandleAccessor.java:103)
	at java.base/java.lang.reflect.Method.invoke(Method.java:580)
	at org.junit.platform.commons.util.ReflectionUtils.invokeMethod(ReflectionUtils.java:728)
	at org.junit.jupiter.engine.execution.MethodInvocation.proceed(MethodInvocation.java:60)
	at org.junit.jupiter.engine.execution.InvocationInterceptorChain$ValidatingInvocation.proceed(InvocationInterceptorChain.java:131)
	at org.junit.jupiter.engine.extension.TimeoutExtension.intercept(TimeoutExtension.java:156)
	at org.junit.jupiter.engine.extension.TimeoutExtension.interceptLifecycleMethod(TimeoutExtension.java:128)
	at org.junit.jupiter.engine.extension.TimeoutExtension.interceptBeforeEachMethod(TimeoutExtension.java:78)
	at org.junit.jupiter.engine.execution.InterceptingExecutableInvoker$ReflectiveInterceptorCall.lambda$ofVoidMethod$0(InterceptingExecutableInvoker.java:103)
	at org.junit.jupiter.engine.execution.InterceptingExecutableInvoker.lambda$invoke$0(InterceptingExecutableInvoker.java:93)
	at org.junit.jupiter.engine.execution.InvocationInterceptorChain$InterceptedInvocation.proceed(InvocationInterceptorChain.java:106)
	at org.junit.jupiter.engine.execution.InvocationInterceptorChain.proceed(InvocationInterceptorChain.java:64)
	at org.junit.jupiter.engine.execution.InvocationInterceptorChain.chainAndInvoke(InvocationInterceptorChain.java:45)
	at org.junit.jupiter.engine.execution.InvocationInterceptorChain.invoke(InvocationInterceptorChain.java:37)
	at org.junit.jupiter.engine.execution.InterceptingExecutableInvoker.invoke(InterceptingExecutableInvoker.java:92)
	at org.junit.jupiter.engine.execution.InterceptingExecutableInvoker.invoke(InterceptingExecutableInvoker.java:86)
	at org.junit.jupiter.engine.descriptor.ClassBasedTestDescriptor.invokeMethodInExtensionContext(ClassBasedTestDescriptor.java:521)
	at org.junit.jupiter.engine.descriptor.ClassBasedTestDescriptor.lambda$synthesizeBeforeEachMethodAdapter$23(ClassBasedTestDescriptor.java:506)
	at org.junit.jupiter.engine.descriptor.TestMethodTestDescriptor.lambda$invokeBeforeEachMethods$3(TestMethodTestDescriptor.java:175)
	at org.junit.jupiter.engine.descriptor.TestMethodTestDescriptor.lambda$invokeBeforeMethodsOrCallbacksUntilExceptionOccurs$6(TestMethodTestDescriptor.java:203)
	at org.junit.platform.engine.support.hierarchical.ThrowableCollector.execute(ThrowableCollector.java:73)
	at org.junit.jupiter.engine.descriptor.TestMethodTestDescriptor.invokeBeforeMethodsOrCallbacksUntilExceptionOccurs(TestMethodTestDescriptor.java:203)
	at org.junit.jupiter.engine.descriptor.TestMethodTestDescriptor.invokeBeforeEachMethods(TestMethodTestDescriptor.java:172)
	at org.junit.jupiter.engine.descriptor.TestMethodTestDescriptor.execute(TestMethodTestDescriptor.java:135)
	at org.junit.jupiter.engine.descriptor.TestMethodTestDescriptor.execute(TestMethodTestDescriptor.java:69)
	at org.junit.platform.engine.support.hierarchical.NodeTestTask.lambda$executeRecursively$6(NodeTestTask.java:151)
	at org.junit.platform.engine.support.hierarchical.ThrowableCollector.execute(ThrowableCollector.java:73)
	at org.junit.platform.engine.support.hierarchical.NodeTestTask.lambda$executeRecursively$8(NodeTestTask.java:141)
	at org.junit.platform.engine.support.hierarchical.Node.around(Node.java:137)
	at org.junit.platform.engine.support.hierarchical.NodeTestTask.lambda$executeRecursively$9(NodeTestTask.java:139)
	at org.junit.platform.engine.support.hierarchical.ThrowableCollector.execute(ThrowableCollector.java:73)
	at org.junit.platform.engine.support.hierarchical.NodeTestTask.executeRecursively(NodeTestTask.java:138)
	at org.junit.platform.engine.support.hierarchical.NodeTestTask.execute(NodeTestTask.java:95)
	at java.base/java.util.ArrayList.forEach(ArrayList.java:1596)
	at org.junit.platform.engine.support.hierarchical.SameThreadHierarchicalTestExecutorService.invokeAll(SameThreadHierarchicalTestExecutorService.java:41)
	at org.junit.platform.engine.support.hierarchical.NodeTestTask.lambda$executeRecursively$6(NodeTestTask.java:155)
	at org.junit.platform.engine.support.hierarchical.ThrowableCollector.execute(ThrowableCollector.java:73)
	at org.junit.platform.engine.support.hierarchical.NodeTestTask.lambda$executeRecursively$8(NodeTestTask.java:141)
	at org.junit.platform.engine.support.hierarchical.Node.around(Node.java:137)
	at org.junit.platform.engine.support.hierarchical.NodeTestTask.lambda$executeRecursively$9(NodeTestTask.java:139)
	at org.junit.platform.engine.support.hierarchical.ThrowableCollector.execute(ThrowableCollector.java:73)
	at org.junit.platform.engine.support.hierarchical.NodeTestTask.executeRecursively(NodeTestTask.java:138)
	at org.junit.platform.engine.support.hierarchical.NodeTestTask.execute(NodeTestTask.java:95)
	at java.base/java.util.ArrayList.forEach(ArrayList.java:1596)
	at org.junit.platform.engine.support.hierarchical.SameThreadHierarchicalTestExecutorService.invokeAll(SameThreadHierarchicalTestExecutorService.java:41)
	at org.junit.platform.engine.support.hierarchical.NodeTestTask.lambda$executeRecursively$6(NodeTestTask.java:155)
	at org.junit.platform.engine.support.hierarchical.ThrowableCollector.execute(ThrowableCollector.java:73)
	at org.junit.platform.engine.support.hierarchical.NodeTestTask.lambda$executeRecursively$8(NodeTestTask.java:141)
	at org.junit.platform.engine.support.hierarchical.Node.around(Node.java:137)
	at org.junit.platform.engine.support.hierarchical.NodeTestTask.lambda$executeRecursively$9(NodeTestTask.java:139)
	at org.junit.platform.engine.support.hierarchical.ThrowableCollector.execute(ThrowableCollector.java:73)
	at org.junit.platform.engine.support.hierarchical.NodeTestTask.executeRecursively(NodeTestTask.java:138)
	at org.junit.platform.engine.support.hierarchical.NodeTestTask.execute(NodeTestTask.java:95)
	at org.junit.platform.engine.support.hierarchical.SameThreadHierarchicalTestExecutorService.submit(SameThreadHierarchicalTestExecutorService.java:35)
	at org.junit.platform.engine.support.hierarchical.HierarchicalTestExecutor.execute(HierarchicalTestExecutor.java:57)
	at org.junit.platform.engine.support.hierarchical.HierarchicalTestEngine.execute(HierarchicalTestEngine.java:54)
	at org.junit.platform.launcher.core.EngineExecutionOrchestrator.execute(EngineExecutionOrchestrator.java:198)
	at org.junit.platform.launcher.core.EngineExecutionOrchestrator.execute(EngineExecutionOrchestrator.java:169)
	at org.junit.platform.launcher.core.EngineExecutionOrchestrator.execute(EngineExecutionOrchestrator.java:93)
	at org.junit.platform.launcher.core.EngineExecutionOrchestrator.lambda$execute$0(EngineExecutionOrchestrator.java:58)
	at org.junit.platform.launcher.core.EngineExecutionOrchestrator.withInterceptedStreams(EngineExecutionOrchestrator.java:141)
	at org.junit.platform.launcher.core.EngineExecutionOrchestrator.execute(EngineExecutionOrchestrator.java:57)
	at org.junit.platform.launcher.core.DefaultLauncher.execute(DefaultLauncher.java:103)
	at org.junit.platform.launcher.core.DefaultLauncher.execute(DefaultLauncher.java:85)
	at org.junit.platform.launcher.core.DelegatingLauncher.execute(DelegatingLauncher.java:47)
	at org.apache.maven.surefire.junitplatform.LazyLauncher.execute(LazyLauncher.java:56)
	at org.apache.maven.surefire.junitplatform.JUnitPlatformProvider.execute(JUnitPlatformProvider.java:184)
	at org.apache.maven.surefire.junitplatform.JUnitPlatformProvider.invokeAllTests(JUnitPlatformProvider.java:148)
	at org.apache.maven.surefire.junitplatform.JUnitPlatformProvider.invoke(JUnitPlatformProvider.java:122)
	at org.apache.maven.surefire.booter.ForkedBooter.runSuitesInProcess(ForkedBooter.java:385)
	at org.apache.maven.surefire.booter.ForkedBooter.execute(ForkedBooter.java:162)
	at org.apache.maven.surefire.booter.ForkedBooter.run(ForkedBooter.java:507)
	at org.apache.maven.surefire.booter.ForkedBooter.main(ForkedBooter.java:495)
Caused by: java.lang.ClassNotFoundException: jakarta.el.ExpressionFactory
	... 97 common frames omitted
10:24:17.840 [main] DEBUG org.hibernate.validator.messageinterpolation.ResourceBundleMessageInterpolator - Failed to load expression factory via classloader jdk.internal.loader.ClassLoaders$AppClassLoader@70dea4e
java.lang.NoClassDefFoundError: jakarta/el/ExpressionFactory
	at org.hibernate.validator.messageinterpolation.ResourceBundleMessageInterpolator.canLoadExpressionFactory(ResourceBundleMessageInterpolator.java:228)
	at org.hibernate.validator.messageinterpolation.ResourceBundleMessageInterpolator.buildExpressionFactory(ResourceBundleMessageInterpolator.java:186)
	at org.hibernate.validator.messageinterpolation.ResourceBundleMessageInterpolator.<init>(ResourceBundleMessageInterpolator.java:97)
	at org.hibernate.validator.internal.engine.AbstractConfigurationImpl.getDefaultMessageInterpolator(AbstractConfigurationImpl.java:575)
	at org.hibernate.validator.internal.engine.AbstractConfigurationImpl.getDefaultMessageInterpolatorConfiguredWithClassLoader(AbstractConfigurationImpl.java:834)
	at org.hibernate.validator.internal.engine.AbstractConfigurationImpl.getMessageInterpolator(AbstractConfigurationImpl.java:485)
	at org.hibernate.validator.internal.engine.ValidatorFactoryImpl.<init>(ValidatorFactoryImpl.java:157)
	at org.hibernate.validator.HibernateValidator.buildValidatorFactory(HibernateValidator.java:38)
	at org.hibernate.validator.internal.engine.AbstractConfigurationImpl.buildValidatorFactory(AbstractConfigurationImpl.java:453)
	at jakarta.validation.Validation.buildDefaultValidatorFactory(Validation.java:103)
	at org.hibernate.boot.beanvalidation.TypeSafeActivator.getValidatorFactory(TypeSafeActivator.java:482)
	at org.hibernate.boot.beanvalidation.TypeSafeActivator.activate(TypeSafeActivator.java:79)
	at java.base/jdk.internal.reflect.DirectMethodHandleAccessor.invoke(DirectMethodHandleAccessor.java:103)
	at java.base/java.lang.reflect.Method.invoke(Method.java:580)
	at org.hibernate.boot.beanvalidation.BeanValidationIntegrator.integrate(BeanValidationIntegrator.java:139)
	at org.hibernate.internal.SessionFactoryImpl.integrate(SessionFactoryImpl.java:517)
	at org.hibernate.internal.SessionFactoryImpl.<init>(SessionFactoryImpl.java:276)
	at org.hibernate.boot.internal.SessionFactoryBuilderImpl.build(SessionFactoryBuilderImpl.java:457)
	at org.hibernate.jpa.boot.internal.EntityManagerFactoryBuilderImpl.build(EntityManagerFactoryBuilderImpl.java:1506)
	at org.hibernate.jpa.HibernatePersistenceProvider.createEntityManagerFactory(HibernatePersistenceProvider.java:55)
	at jakarta.persistence.Persistence.createEntityManagerFactory(Persistence.java:80)
	at org.frcpm.config.DatabaseConfig.initialize(DatabaseConfig.java:114)
	at org.frcpm.config.DatabaseConfig.initialize(DatabaseConfig.java:28)
	at org.frcpm.repositories.ComponentRepositoryTest.setUp(ComponentRepositoryTest.java:25)
	at java.base/jdk.internal.reflect.DirectMethodHandleAccessor.invoke(DirectMethodHandleAccessor.java:103)
	at java.base/java.lang.reflect.Method.invoke(Method.java:580)
	at org.junit.platform.commons.util.ReflectionUtils.invokeMethod(ReflectionUtils.java:728)
	at org.junit.jupiter.engine.execution.MethodInvocation.proceed(MethodInvocation.java:60)
	at org.junit.jupiter.engine.execution.InvocationInterceptorChain$ValidatingInvocation.proceed(InvocationInterceptorChain.java:131)
	at org.junit.jupiter.engine.extension.TimeoutExtension.intercept(TimeoutExtension.java:156)
	at org.junit.jupiter.engine.extension.TimeoutExtension.interceptLifecycleMethod(TimeoutExtension.java:128)
	at org.junit.jupiter.engine.extension.TimeoutExtension.interceptBeforeEachMethod(TimeoutExtension.java:78)
	at org.junit.jupiter.engine.execution.InterceptingExecutableInvoker$ReflectiveInterceptorCall.lambda$ofVoidMethod$0(InterceptingExecutableInvoker.java:103)
	at org.junit.jupiter.engine.execution.InterceptingExecutableInvoker.lambda$invoke$0(InterceptingExecutableInvoker.java:93)
	at org.junit.jupiter.engine.execution.InvocationInterceptorChain$InterceptedInvocation.proceed(InvocationInterceptorChain.java:106)
	at org.junit.jupiter.engine.execution.InvocationInterceptorChain.proceed(InvocationInterceptorChain.java:64)
	at org.junit.jupiter.engine.execution.InvocationInterceptorChain.chainAndInvoke(InvocationInterceptorChain.java:45)
	at org.junit.jupiter.engine.execution.InvocationInterceptorChain.invoke(InvocationInterceptorChain.java:37)
	at org.junit.jupiter.engine.execution.InterceptingExecutableInvoker.invoke(InterceptingExecutableInvoker.java:92)
	at org.junit.jupiter.engine.execution.InterceptingExecutableInvoker.invoke(InterceptingExecutableInvoker.java:86)
	at org.junit.jupiter.engine.descriptor.ClassBasedTestDescriptor.invokeMethodInExtensionContext(ClassBasedTestDescriptor.java:521)
	at org.junit.jupiter.engine.descriptor.ClassBasedTestDescriptor.lambda$synthesizeBeforeEachMethodAdapter$23(ClassBasedTestDescriptor.java:506)
	at org.junit.jupiter.engine.descriptor.TestMethodTestDescriptor.lambda$invokeBeforeEachMethods$3(TestMethodTestDescriptor.java:175)
	at org.junit.jupiter.engine.descriptor.TestMethodTestDescriptor.lambda$invokeBeforeMethodsOrCallbacksUntilExceptionOccurs$6(TestMethodTestDescriptor.java:203)
	at org.junit.platform.engine.support.hierarchical.ThrowableCollector.execute(ThrowableCollector.java:73)
	at org.junit.jupiter.engine.descriptor.TestMethodTestDescriptor.invokeBeforeMethodsOrCallbacksUntilExceptionOccurs(TestMethodTestDescriptor.java:203)
	at org.junit.jupiter.engine.descriptor.TestMethodTestDescriptor.invokeBeforeEachMethods(TestMethodTestDescriptor.java:172)
	at org.junit.jupiter.engine.descriptor.TestMethodTestDescriptor.execute(TestMethodTestDescriptor.java:135)
	at org.junit.jupiter.engine.descriptor.TestMethodTestDescriptor.execute(TestMethodTestDescriptor.java:69)
	at org.junit.platform.engine.support.hierarchical.NodeTestTask.lambda$executeRecursively$6(NodeTestTask.java:151)
	at org.junit.platform.engine.support.hierarchical.ThrowableCollector.execute(ThrowableCollector.java:73)
	at org.junit.platform.engine.support.hierarchical.NodeTestTask.lambda$executeRecursively$8(NodeTestTask.java:141)
	at org.junit.platform.engine.support.hierarchical.Node.around(Node.java:137)
	at org.junit.platform.engine.support.hierarchical.NodeTestTask.lambda$executeRecursively$9(NodeTestTask.java:139)
	at org.junit.platform.engine.support.hierarchical.ThrowableCollector.execute(ThrowableCollector.java:73)
	at org.junit.platform.engine.support.hierarchical.NodeTestTask.executeRecursively(NodeTestTask.java:138)
	at org.junit.platform.engine.support.hierarchical.NodeTestTask.execute(NodeTestTask.java:95)
	at java.base/java.util.ArrayList.forEach(ArrayList.java:1596)
	at org.junit.platform.engine.support.hierarchical.SameThreadHierarchicalTestExecutorService.invokeAll(SameThreadHierarchicalTestExecutorService.java:41)
	at org.junit.platform.engine.support.hierarchical.NodeTestTask.lambda$executeRecursively$6(NodeTestTask.java:155)
	at org.junit.platform.engine.support.hierarchical.ThrowableCollector.execute(ThrowableCollector.java:73)
	at org.junit.platform.engine.support.hierarchical.NodeTestTask.lambda$executeRecursively$8(NodeTestTask.java:141)
	at org.junit.platform.engine.support.hierarchical.Node.around(Node.java:137)
	at org.junit.platform.engine.support.hierarchical.NodeTestTask.lambda$executeRecursively$9(NodeTestTask.java:139)
	at org.junit.platform.engine.support.hierarchical.ThrowableCollector.execute(ThrowableCollector.java:73)
	at org.junit.platform.engine.support.hierarchical.NodeTestTask.executeRecursively(NodeTestTask.java:138)
	at org.junit.platform.engine.support.hierarchical.NodeTestTask.execute(NodeTestTask.java:95)
	at java.base/java.util.ArrayList.forEach(ArrayList.java:1596)
	at org.junit.platform.engine.support.hierarchical.SameThreadHierarchicalTestExecutorService.invokeAll(SameThreadHierarchicalTestExecutorService.java:41)
	at org.junit.platform.engine.support.hierarchical.NodeTestTask.lambda$executeRecursively$6(NodeTestTask.java:155)
	at org.junit.platform.engine.support.hierarchical.ThrowableCollector.execute(ThrowableCollector.java:73)
	at org.junit.platform.engine.support.hierarchical.NodeTestTask.lambda$executeRecursively$8(NodeTestTask.java:141)
	at org.junit.platform.engine.support.hierarchical.Node.around(Node.java:137)
	at org.junit.platform.engine.support.hierarchical.NodeTestTask.lambda$executeRecursively$9(NodeTestTask.java:139)
	at org.junit.platform.engine.support.hierarchical.ThrowableCollector.execute(ThrowableCollector.java:73)
	at org.junit.platform.engine.support.hierarchical.NodeTestTask.executeRecursively(NodeTestTask.java:138)
	at org.junit.platform.engine.support.hierarchical.NodeTestTask.execute(NodeTestTask.java:95)
	at org.junit.platform.engine.support.hierarchical.SameThreadHierarchicalTestExecutorService.submit(SameThreadHierarchicalTestExecutorService.java:35)
	at org.junit.platform.engine.support.hierarchical.HierarchicalTestExecutor.execute(HierarchicalTestExecutor.java:57)
	at org.junit.platform.engine.support.hierarchical.HierarchicalTestEngine.execute(HierarchicalTestEngine.java:54)
	at org.junit.platform.launcher.core.EngineExecutionOrchestrator.execute(EngineExecutionOrchestrator.java:198)
	at org.junit.platform.launcher.core.EngineExecutionOrchestrator.execute(EngineExecutionOrchestrator.java:169)
	at org.junit.platform.launcher.core.EngineExecutionOrchestrator.execute(EngineExecutionOrchestrator.java:93)
	at org.junit.platform.launcher.core.EngineExecutionOrchestrator.lambda$execute$0(EngineExecutionOrchestrator.java:58)
	at org.junit.platform.launcher.core.EngineExecutionOrchestrator.withInterceptedStreams(EngineExecutionOrchestrator.java:141)
	at org.junit.platform.launcher.core.EngineExecutionOrchestrator.execute(EngineExecutionOrchestrator.java:57)
	at org.junit.platform.launcher.core.DefaultLauncher.execute(DefaultLauncher.java:103)
	at org.junit.platform.launcher.core.DefaultLauncher.execute(DefaultLauncher.java:85)
	at org.junit.platform.launcher.core.DelegatingLauncher.execute(DelegatingLauncher.java:47)
	at org.apache.maven.surefire.junitplatform.LazyLauncher.execute(LazyLauncher.java:56)
	at org.apache.maven.surefire.junitplatform.JUnitPlatformProvider.execute(JUnitPlatformProvider.java:184)
	at org.apache.maven.surefire.junitplatform.JUnitPlatformProvider.invokeAllTests(JUnitPlatformProvider.java:148)
	at org.apache.maven.surefire.junitplatform.JUnitPlatformProvider.invoke(JUnitPlatformProvider.java:122)
	at org.apache.maven.surefire.booter.ForkedBooter.runSuitesInProcess(ForkedBooter.java:385)
	at org.apache.maven.surefire.booter.ForkedBooter.execute(ForkedBooter.java:162)
	at org.apache.maven.surefire.booter.ForkedBooter.run(ForkedBooter.java:507)
	at org.apache.maven.surefire.booter.ForkedBooter.main(ForkedBooter.java:495)
Caused by: java.lang.ClassNotFoundException: jakarta.el.ExpressionFactory
	... 97 common frames omitted
10:24:17.840 [main] DEBUG org.hibernate.boot.beanvalidation.TypeSafeActivator - Unable to acquire Bean Validation ValidatorFactory, skipping activation
10:24:17.841 [main] DEBUG org.hibernate.query.sqm.function.SqmFunctionRegistry - Registered SqmFunctionTemplate [NamedSqmFunctionTemplate(max)] under max; prior registration was null
10:24:17.841 [main] DEBUG org.hibernate.query.sqm.function.SqmFunctionRegistry - Registered SqmFunctionTemplate [NamedSqmFunctionTemplate(min)] under min; prior registration was null
10:24:17.841 [main] DEBUG org.hibernate.query.sqm.function.SqmFunctionRegistry - Registered SqmFunctionTemplate [NamedSqmFunctionTemplate(sum)] under sum; prior registration was null
10:24:17.841 [main] DEBUG org.hibernate.query.sqm.function.SqmFunctionRegistry - Registered SqmFunctionTemplate [NamedSqmFunctionTemplate(avg)] under avg; prior registration was null
10:24:17.842 [main] DEBUG org.hibernate.query.sqm.function.SqmFunctionRegistry - Registered SqmFunctionTemplate [org.hibernate.dialect.function.CountFunction@687fb9c1] under count; prior registration was null
10:24:17.842 [main] DEBUG org.hibernate.query.sqm.function.SqmFunctionRegistry - Registered SqmFunctionTemplate [org.hibernate.dialect.function.EveryAnyEmulation@2af586a2] under every; prior registration was null
10:24:17.842 [main] DEBUG org.hibernate.query.sqm.function.SqmFunctionRegistry - Registered SqmFunctionTemplate [org.hibernate.dialect.function.EveryAnyEmulation@3d18d656] under any; prior registration was null
10:24:17.842 [main] DEBUG org.hibernate.query.sqm.function.SqmFunctionRegistry - Registered SqmFunctionTemplate [NamedSqmFunctionTemplate(floor)] under floor; prior registration was null
10:24:17.842 [main] DEBUG org.hibernate.query.sqm.function.SqmFunctionRegistry - Registered SqmFunctionTemplate [NamedSqmFunctionTemplate(ceiling)] under ceiling; prior registration was null
10:24:17.842 [main] DEBUG org.hibernate.query.sqm.function.SqmFunctionRegistry - Registered SqmFunctionTemplate [NamedSqmFunctionTemplate(mod)] under mod; prior registration was null
10:24:17.842 [main] DEBUG org.hibernate.query.sqm.function.SqmFunctionRegistry - Registered SqmFunctionTemplate [NamedSqmFunctionTemplate(abs)] under abs; prior registration was null
10:24:17.842 [main] DEBUG org.hibernate.query.sqm.function.SqmFunctionRegistry - Registered SqmFunctionTemplate [NamedSqmFunctionTemplate(sign)] under sign; prior registration was null
10:24:17.842 [main] DEBUG org.hibernate.query.sqm.function.SqmFunctionRegistry - Registered SqmFunctionTemplate [NamedSqmFunctionTemplate(sqrt)] under sqrt; prior registration was null
10:24:17.842 [main] DEBUG org.hibernate.query.sqm.function.SqmFunctionRegistry - Registered SqmFunctionTemplate [NamedSqmFunctionTemplate(ln)] under ln; prior registration was null
10:24:17.842 [main] DEBUG org.hibernate.query.sqm.function.SqmFunctionRegistry - Registered SqmFunctionTemplate [NamedSqmFunctionTemplate(exp)] under exp; prior registration was null
10:24:17.842 [main] DEBUG org.hibernate.query.sqm.function.SqmFunctionRegistry - Registered SqmFunctionTemplate [NamedSqmFunctionTemplate(power)] under power; prior registration was null
10:24:17.842 [main] DEBUG org.hibernate.query.sqm.function.SqmFunctionRegistry - Registered SqmFunctionTemplate [NamedSqmFunctionTemplate(round)] under round; prior registration was null
10:24:17.842 [main] DEBUG org.hibernate.query.sqm.function.SqmFunctionRegistry - Registered SqmFunctionTemplate [NamedSqmFunctionTemplate(sin)] under sin; prior registration was null
10:24:17.842 [main] DEBUG org.hibernate.query.sqm.function.SqmFunctionRegistry - Registered SqmFunctionTemplate [NamedSqmFunctionTemplate(cos)] under cos; prior registration was null
10:24:17.842 [main] DEBUG org.hibernate.query.sqm.function.SqmFunctionRegistry - Registered SqmFunctionTemplate [NamedSqmFunctionTemplate(tan)] under tan; prior registration was null
10:24:17.842 [main] DEBUG org.hibernate.query.sqm.function.SqmFunctionRegistry - Registered SqmFunctionTemplate [NamedSqmFunctionTemplate(asin)] under asin; prior registration was null
10:24:17.842 [main] DEBUG org.hibernate.query.sqm.function.SqmFunctionRegistry - Registered SqmFunctionTemplate [NamedSqmFunctionTemplate(acos)] under acos; prior registration was null
10:24:17.842 [main] DEBUG org.hibernate.query.sqm.function.SqmFunctionRegistry - Registered SqmFunctionTemplate [NamedSqmFunctionTemplate(atan)] under atan; prior registration was null
10:24:17.842 [main] DEBUG org.hibernate.query.sqm.function.SqmFunctionRegistry - Registered SqmFunctionTemplate [NamedSqmFunctionTemplate(atan2)] under atan2; prior registration was null
10:24:17.842 [main] DEBUG org.hibernate.query.sqm.function.SqmFunctionRegistry - Registered SqmFunctionTemplate [org.hibernate.query.sqm.function.PatternBasedSqmFunctionDescriptor@2c8b03] under sinh; prior registration was null
10:24:17.842 [main] DEBUG org.hibernate.query.sqm.function.SqmFunctionRegistry - Registered SqmFunctionTemplate [org.hibernate.query.sqm.function.PatternBasedSqmFunctionDescriptor@15089b76] under cosh; prior registration was null
10:24:17.842 [main] DEBUG org.hibernate.query.sqm.function.SqmFunctionRegistry - Registered SqmFunctionTemplate [org.hibernate.query.sqm.function.PatternBasedSqmFunctionDescriptor@13cecfe3] under tanh; prior registration was null
10:24:17.842 [main] DEBUG org.hibernate.query.sqm.function.SqmFunctionRegistry - Registered SqmFunctionTemplate [org.hibernate.query.sqm.function.PatternBasedSqmFunctionDescriptor@681f01aa] under pi; prior registration was null
10:24:17.842 [main] DEBUG org.hibernate.query.sqm.function.SqmFunctionRegistry - Registered SqmFunctionTemplate [org.hibernate.query.sqm.function.PatternBasedSqmFunctionDescriptor@c8feb39] under log; prior registration was null
10:24:17.842 [main] DEBUG org.hibernate.query.sqm.function.SqmFunctionRegistry - Registered SqmFunctionTemplate [NamedSqmFunctionTemplate(coalesce)] under coalesce; prior registration was null
10:24:17.842 [main] DEBUG org.hibernate.query.sqm.function.SqmFunctionRegistry - Registered SqmFunctionTemplate [NamedSqmFunctionTemplate(nullif)] under nullif; prior registration was null
10:24:17.842 [main] DEBUG org.hibernate.query.sqm.function.SqmFunctionRegistry - Registered SqmFunctionTemplate [NamedSqmFunctionTemplate(left)] under left; prior registration was null
10:24:17.842 [main] DEBUG org.hibernate.query.sqm.function.SqmFunctionRegistry - Registered SqmFunctionTemplate [NamedSqmFunctionTemplate(right)] under right; prior registration was null
10:24:17.842 [main] DEBUG org.hibernate.query.sqm.function.SqmFunctionRegistry - Registered SqmFunctionTemplate [NamedSqmFunctionTemplate(replace)] under replace; prior registration was null
10:24:17.842 [main] DEBUG org.hibernate.query.sqm.function.SqmFunctionRegistry - Registered SqmFunctionTemplate [NamedSqmFunctionTemplate(concat)] under concat; prior registration was null
10:24:17.842 [main] DEBUG org.hibernate.query.sqm.function.SqmFunctionRegistry - Registered SqmFunctionTemplate [NamedSqmFunctionTemplate(lower)] under lower; prior registration was null
10:24:17.842 [main] DEBUG org.hibernate.query.sqm.function.SqmFunctionRegistry - Registered SqmFunctionTemplate [NamedSqmFunctionTemplate(upper)] under upper; prior registration was null
10:24:17.842 [main] DEBUG org.hibernate.query.sqm.function.SqmFunctionRegistry - Registered SqmFunctionTemplate [NamedSqmFunctionTemplate(substring)] under substring; prior registration was null
10:24:17.842 [main] DEBUG org.hibernate.query.sqm.function.SqmFunctionRegistry - Registered SqmFunctionTemplate [NamedSqmFunctionTemplate(locate)] under locate; prior registration was null
10:24:17.842 [main] DEBUG org.hibernate.query.sqm.function.SqmFunctionRegistry - Registered SqmFunctionTemplate [NamedSqmFunctionTemplate(character_length)] under character_length; prior registration was null
10:24:17.842 [main] DEBUG org.hibernate.query.sqm.function.SqmFunctionRegistry - Registering alternate key : length -> character_length
10:24:17.842 [main] DEBUG org.hibernate.query.sqm.function.SqmFunctionRegistry - Registered SqmFunctionTemplate [org.hibernate.dialect.function.LocatePositionEmulation@5d0d02f5] under position; prior registration was null
10:24:17.842 [main] DEBUG org.hibernate.query.sqm.function.SqmFunctionRegistry - Registered SqmFunctionTemplate [org.hibernate.dialect.function.InsertSubstringOverlayEmulation@38d97f60] under overlay; prior registration was null
10:24:17.842 [main] DEBUG org.hibernate.query.sqm.function.SqmFunctionRegistry - Registered SqmFunctionTemplate [org.hibernate.dialect.function.TrimFunction@285b2b80] under trim; prior registration was null
10:24:17.842 [main] DEBUG org.hibernate.query.sqm.function.SqmFunctionRegistry - Registered SqmFunctionTemplate [org.hibernate.dialect.function.CastFunction@5b7edb91] under cast; prior registration was null
10:24:17.842 [main] DEBUG org.hibernate.query.sqm.function.SqmFunctionRegistry - Registered SqmFunctionTemplate [org.hibernate.query.sqm.function.PatternBasedSqmFunctionDescriptor@6ed170a1] under collate; prior registration was null
10:24:17.842 [main] DEBUG org.hibernate.query.sqm.function.SqmFunctionRegistry - Registered SqmFunctionTemplate [org.hibernate.dialect.function.ExtractFunction@1d802064] under extract; prior registration was null
10:24:17.842 [main] DEBUG org.hibernate.query.sqm.function.SqmFunctionRegistry - Registered SqmFunctionTemplate [NamedSqmFunctionTemplate(least)] under least; prior registration was null
10:24:17.842 [main] DEBUG org.hibernate.query.sqm.function.SqmFunctionRegistry - Registered SqmFunctionTemplate [NamedSqmFunctionTemplate(greatest)] under greatest; prior registration was null
10:24:17.842 [main] DEBUG org.hibernate.query.sqm.function.SqmFunctionRegistry - Registered SqmFunctionTemplate [org.hibernate.dialect.function.CoalesceIfnullEmulation@6c760f7f] under ifnull; prior registration was null
10:24:17.842 [main] DEBUG org.hibernate.query.sqm.function.SqmFunctionRegistry - Registered SqmFunctionTemplate [NamedSqmFunctionTemplate(lpad)] under lpad; prior registration was null
10:24:17.842 [main] DEBUG org.hibernate.query.sqm.function.SqmFunctionRegistry - Registered SqmFunctionTemplate [NamedSqmFunctionTemplate(rpad)] under rpad; prior registration was null
10:24:17.842 [main] DEBUG org.hibernate.query.sqm.function.SqmFunctionRegistry - Registered SqmFunctionTemplate [org.hibernate.dialect.function.LpadRpadPadEmulation@41f9e333] under pad; prior registration was null
10:24:17.842 [main] DEBUG org.hibernate.query.sqm.function.SqmFunctionRegistry - Registered SqmFunctionTemplate [org.hibernate.dialect.function.CastStrEmulation@2448d7d5] under str; prior registration was null
10:24:17.842 [main] DEBUG org.hibernate.query.sqm.function.SqmFunctionRegistry - Registered SqmFunctionTemplate [org.hibernate.dialect.function.FormatFunction@38d75038] under format; prior registration was null
10:24:17.842 [main] DEBUG org.hibernate.query.sqm.function.SqmFunctionRegistry - Registered SqmFunctionTemplate [org.hibernate.dialect.function.TimestampaddFunction@6486adaa] under timestampadd; prior registration was null
10:24:17.842 [main] DEBUG org.hibernate.query.sqm.function.SqmFunctionRegistry - Registered SqmFunctionTemplate [org.hibernate.dialect.function.TimestampdiffFunction@6a683a72] under timestampdiff; prior registration was null
10:24:17.842 [main] DEBUG org.hibernate.query.sqm.function.SqmFunctionRegistry - Registering alternate key : dateadd -> timestampadd
10:24:17.842 [main] DEBUG org.hibernate.query.sqm.function.SqmFunctionRegistry - Registering alternate key : datediff -> timestampdiff
10:24:17.842 [main] DEBUG org.hibernate.query.sqm.function.SqmFunctionRegistry - Registered SqmFunctionTemplate [org.hibernate.dialect.function.CurrentFunction@8fcbe95] under current_date; prior registration was null
10:24:17.842 [main] DEBUG org.hibernate.query.sqm.function.SqmFunctionRegistry - Registered SqmFunctionTemplate [org.hibernate.dialect.function.CurrentFunction@a287922] under current_time; prior registration was null
10:24:17.842 [main] DEBUG org.hibernate.query.sqm.function.SqmFunctionRegistry - Registered SqmFunctionTemplate [org.hibernate.dialect.function.CurrentFunction@5b927e30] under current_timestamp; prior registration was null
10:24:17.842 [main] DEBUG org.hibernate.query.sqm.function.SqmFunctionRegistry - Registering alternate key : current date -> current_date
10:24:17.842 [main] DEBUG org.hibernate.query.sqm.function.SqmFunctionRegistry - Registering alternate key : current time -> current_time
10:24:17.842 [main] DEBUG org.hibernate.query.sqm.function.SqmFunctionRegistry - Registering alternate key : current timestamp -> current_timestamp
10:24:17.842 [main] DEBUG org.hibernate.query.sqm.function.SqmFunctionRegistry - Registered SqmFunctionTemplate [org.hibernate.dialect.function.CurrentFunction@7002749a] under local_date; prior registration was null
10:24:17.842 [main] DEBUG org.hibernate.query.sqm.function.SqmFunctionRegistry - Registered SqmFunctionTemplate [org.hibernate.dialect.function.CurrentFunction@1de77419] under local_time; prior registration was null
10:24:17.842 [main] DEBUG org.hibernate.query.sqm.function.SqmFunctionRegistry - Registered SqmFunctionTemplate [org.hibernate.dialect.function.CurrentFunction@54cfffee] under local_datetime; prior registration was null
10:24:17.842 [main] DEBUG org.hibernate.query.sqm.function.SqmFunctionRegistry - Registered SqmFunctionTemplate [org.hibernate.dialect.function.CurrentFunction@1ce478b9] under offset_datetime; prior registration was null
10:24:17.842 [main] DEBUG org.hibernate.query.sqm.function.SqmFunctionRegistry - Registering alternate key : local date -> local_date
10:24:17.842 [main] DEBUG org.hibernate.query.sqm.function.SqmFunctionRegistry - Registering alternate key : local time -> local_time
10:24:17.842 [main] DEBUG org.hibernate.query.sqm.function.SqmFunctionRegistry - Registering alternate key : local datetime -> local_datetime
10:24:17.842 [main] DEBUG org.hibernate.query.sqm.function.SqmFunctionRegistry - Registering alternate key : offset datetime -> offset_datetime
10:24:17.842 [main] DEBUG org.hibernate.query.sqm.function.SqmFunctionRegistry - Registered SqmFunctionTemplate [org.hibernate.dialect.function.CurrentFunction@7fa1691b] under instant; prior registration was null
10:24:17.842 [main] DEBUG org.hibernate.query.sqm.function.SqmFunctionRegistry - Registering alternate key : current_instant -> instant
10:24:17.842 [main] DEBUG org.hibernate.query.sqm.function.SqmFunctionRegistry - Registered SqmFunctionTemplate [org.hibernate.dialect.function.SqlFunction@59c09d4a] under sql; prior registration was null
10:24:17.842 [main] DEBUG org.hibernate.query.sqm.function.SqmFunctionRegistry - Registered SqmFunctionTemplate [NamedSqmFunctionTemplate(max)] under max; prior registration was NamedSqmFunctionTemplate(max)
10:24:17.842 [main] DEBUG org.hibernate.query.sqm.function.SqmFunctionRegistry - Registered SqmFunctionTemplate [NamedSqmFunctionTemplate(min)] under min; prior registration was NamedSqmFunctionTemplate(min)
10:24:17.842 [main] DEBUG org.hibernate.query.sqm.function.SqmFunctionRegistry - Registered SqmFunctionTemplate [NamedSqmFunctionTemplate(sum)] under sum; prior registration was NamedSqmFunctionTemplate(sum)
10:24:17.842 [main] DEBUG org.hibernate.query.sqm.function.SqmFunctionRegistry - Registered SqmFunctionTemplate [NamedSqmFunctionTemplate(avg)] under avg; prior registration was NamedSqmFunctionTemplate(avg)
10:24:17.842 [main] DEBUG org.hibernate.query.sqm.function.SqmFunctionRegistry - Registered SqmFunctionTemplate [org.hibernate.dialect.function.CountFunction@725b2913] under count; prior registration was org.hibernate.dialect.function.CountFunction@687fb9c1
10:24:17.842 [main] DEBUG org.hibernate.query.sqm.function.SqmFunctionRegistry - Registered SqmFunctionTemplate [org.hibernate.dialect.function.AvgFunction@4dc5a651] under avg; prior registration was NamedSqmFunctionTemplate(avg)
10:24:17.842 [main] DEBUG org.hibernate.query.sqm.function.SqmFunctionRegistry - Registered SqmFunctionTemplate [NamedSqmFunctionTemplate(pi)] under pi; prior registration was org.hibernate.query.sqm.function.PatternBasedSqmFunctionDescriptor@681f01aa
10:24:17.842 [main] DEBUG org.hibernate.query.sqm.function.SqmFunctionRegistry - Registered SqmFunctionTemplate [NamedSqmFunctionTemplate(cot)] under cot; prior registration was null
10:24:17.842 [main] DEBUG org.hibernate.query.sqm.function.SqmFunctionRegistry - Registered SqmFunctionTemplate [NamedSqmFunctionTemplate(radians)] under radians; prior registration was null
10:24:17.842 [main] DEBUG org.hibernate.query.sqm.function.SqmFunctionRegistry - Registered SqmFunctionTemplate [NamedSqmFunctionTemplate(degrees)] under degrees; prior registration was null
10:24:17.842 [main] DEBUG org.hibernate.query.sqm.function.SqmFunctionRegistry - Registered SqmFunctionTemplate [NamedSqmFunctionTemplate(log10)] under log10; prior registration was null
10:24:17.842 [main] DEBUG org.hibernate.query.sqm.function.SqmFunctionRegistry - Registered SqmFunctionTemplate [org.hibernate.query.sqm.function.PatternBasedSqmFunctionDescriptor@3958f743] under mod; prior registration was NamedSqmFunctionTemplate(mod)
10:24:17.842 [main] DEBUG org.hibernate.query.sqm.function.SqmFunctionRegistry - Registered SqmFunctionTemplate [NamedSqmFunctionTemplate(rand)] under rand; prior registration was null
10:24:17.842 [main] DEBUG org.hibernate.query.sqm.function.SqmFunctionRegistry - Registered SqmFunctionTemplate [NamedSqmFunctionTemplate(soundex)] under soundex; prior registration was null
10:24:17.842 [main] DEBUG org.hibernate.query.sqm.function.SqmFunctionRegistry - Registered SqmFunctionTemplate [NamedSqmFunctionTemplate(translate)] under translate; prior registration was null
10:24:17.842 [main] DEBUG org.hibernate.query.sqm.function.SqmFunctionRegistry - Registered SqmFunctionTemplate [NamedSqmFunctionTemplate(bitand)] under bitand; prior registration was null
10:24:17.842 [main] DEBUG org.hibernate.query.sqm.function.SqmFunctionRegistry - Registered SqmFunctionTemplate [NamedSqmFunctionTemplate(bitor)] under bitor; prior registration was null
10:24:17.842 [main] DEBUG org.hibernate.query.sqm.function.SqmFunctionRegistry - Registered SqmFunctionTemplate [NamedSqmFunctionTemplate(bitxor)] under bitxor; prior registration was null
10:24:17.842 [main] DEBUG org.hibernate.query.sqm.function.SqmFunctionRegistry - Registered SqmFunctionTemplate [NamedSqmFunctionTemplate(bitnot)] under bitnot; prior registration was null
10:24:17.842 [main] DEBUG org.hibernate.query.sqm.function.SqmFunctionRegistry - Registered SqmFunctionTemplate [NamedSqmFunctionTemplate(bit_and)] under bit_and; prior registration was null
10:24:17.842 [main] DEBUG org.hibernate.query.sqm.function.SqmFunctionRegistry - Registered SqmFunctionTemplate [NamedSqmFunctionTemplate(bit_or)] under bit_or; prior registration was null
10:24:17.842 [main] DEBUG org.hibernate.query.sqm.function.SqmFunctionRegistry - Registered SqmFunctionTemplate [NamedSqmFunctionTemplate(day)] under day; prior registration was null
10:24:17.842 [main] DEBUG org.hibernate.query.sqm.function.SqmFunctionRegistry - Registered SqmFunctionTemplate [NamedSqmFunctionTemplate(month)] under month; prior registration was null
10:24:17.842 [main] DEBUG org.hibernate.query.sqm.function.SqmFunctionRegistry - Registered SqmFunctionTemplate [NamedSqmFunctionTemplate(year)] under year; prior registration was null
10:24:17.842 [main] DEBUG org.hibernate.query.sqm.function.SqmFunctionRegistry - Registered SqmFunctionTemplate [NamedSqmFunctionTemplate(hour)] under hour; prior registration was null
10:24:17.842 [main] DEBUG org.hibernate.query.sqm.function.SqmFunctionRegistry - Registered SqmFunctionTemplate [NamedSqmFunctionTemplate(minute)] under minute; prior registration was null
10:24:17.842 [main] DEBUG org.hibernate.query.sqm.function.SqmFunctionRegistry - Registered SqmFunctionTemplate [NamedSqmFunctionTemplate(second)] under second; prior registration was null
10:24:17.842 [main] DEBUG org.hibernate.query.sqm.function.SqmFunctionRegistry - Registered SqmFunctionTemplate [NamedSqmFunctionTemplate(microsecond)] under microsecond; prior registration was null
10:24:17.842 [main] DEBUG org.hibernate.query.sqm.function.SqmFunctionRegistry - Registered SqmFunctionTemplate [NamedSqmFunctionTemplate(day_of_week)] under day_of_week; prior registration was null
10:24:17.842 [main] DEBUG org.hibernate.query.sqm.function.SqmFunctionRegistry - Registered SqmFunctionTemplate [NamedSqmFunctionTemplate(day_of_month)] under day_of_month; prior registration was null
10:24:17.842 [main] DEBUG org.hibernate.query.sqm.function.SqmFunctionRegistry - Registering alternate key : day -> day_of_month
10:24:17.842 [main] DEBUG org.hibernate.query.sqm.function.SqmFunctionRegistry - Registered SqmFunctionTemplate [NamedSqmFunctionTemplate(day_of_year)] under day_of_year; prior registration was null
10:24:17.842 [main] DEBUG org.hibernate.query.sqm.function.SqmFunctionRegistry - Registered SqmFunctionTemplate [NamedSqmFunctionTemplate(week)] under week; prior registration was null
10:24:17.842 [main] DEBUG org.hibernate.query.sqm.function.SqmFunctionRegistry - Registered SqmFunctionTemplate [NamedSqmFunctionTemplate(quarter)] under quarter; prior registration was null
10:24:17.842 [main] DEBUG org.hibernate.query.sqm.function.SqmFunctionRegistry - Registered SqmFunctionTemplate [NamedSqmFunctionTemplate(monthname)] under monthname; prior registration was null
10:24:17.842 [main] DEBUG org.hibernate.query.sqm.function.SqmFunctionRegistry - Registered SqmFunctionTemplate [NamedSqmFunctionTemplate(dayname)] under dayname; prior registration was null
10:24:17.842 [main] DEBUG org.hibernate.query.sqm.function.SqmFunctionRegistry - Registered SqmFunctionTemplate [NamedSqmFunctionTemplate(localtime)] under localtime; prior registration was null
10:24:17.842 [main] DEBUG org.hibernate.query.sqm.function.SqmFunctionRegistry - Registered SqmFunctionTemplate [NamedSqmFunctionTemplate(localtimestamp)] under localtimestamp; prior registration was null
10:24:17.842 [main] DEBUG org.hibernate.query.sqm.function.SqmFunctionRegistry - Registered SqmFunctionTemplate [NamedSqmFunctionTemplate(localtime)] under local_time; prior registration was org.hibernate.dialect.function.CurrentFunction@1de77419
10:24:17.842 [main] DEBUG org.hibernate.query.sqm.function.SqmFunctionRegistry - Registered SqmFunctionTemplate [NamedSqmFunctionTemplate(localtimestamp)] under local_datetime; prior registration was org.hibernate.dialect.function.CurrentFunction@54cfffee
10:24:17.842 [main] DEBUG org.hibernate.query.sqm.function.SqmFunctionRegistry - Registered SqmFunctionTemplate [org.hibernate.dialect.function.TruncFunction@642f17ef] under trunc; prior registration was null
10:24:17.842 [main] DEBUG org.hibernate.query.sqm.function.SqmFunctionRegistry - Registering alternate key : truncate -> trunc
10:24:17.842 [main] DEBUG org.hibernate.query.sqm.function.SqmFunctionRegistry - Registered SqmFunctionTemplate [org.hibernate.query.sqm.function.PatternBasedSqmFunctionDescriptor@4f17b9c8] under date_trunc; prior registration was null
10:24:17.842 [main] DEBUG org.hibernate.query.sqm.function.SqmFunctionRegistry - Registered SqmFunctionTemplate [NamedSqmFunctionTemplate(bit_length)] under bit_length; prior registration was null
10:24:17.842 [main] DEBUG org.hibernate.query.sqm.function.SqmFunctionRegistry - Registered SqmFunctionTemplate [NamedSqmFunctionTemplate(octet_length)] under octet_length; prior registration was null
10:24:17.842 [main] DEBUG org.hibernate.query.sqm.function.SqmFunctionRegistry - Registered SqmFunctionTemplate [NamedSqmFunctionTemplate(ascii)] under ascii; prior registration was null
10:24:17.842 [main] DEBUG org.hibernate.query.sqm.function.SqmFunctionRegistry - Registered SqmFunctionTemplate [NamedSqmFunctionTemplate(octet_length)] under octet_length; prior registration was NamedSqmFunctionTemplate(octet_length)
10:24:17.842 [main] DEBUG org.hibernate.query.sqm.function.SqmFunctionRegistry - Registered SqmFunctionTemplate [NamedSqmFunctionTemplate(space)] under space; prior registration was null
10:24:17.842 [main] DEBUG org.hibernate.query.sqm.function.SqmFunctionRegistry - Registered SqmFunctionTemplate [NamedSqmFunctionTemplate(repeat)] under repeat; prior registration was null
10:24:17.842 [main] DEBUG org.hibernate.query.sqm.function.SqmFunctionRegistry - Registered SqmFunctionTemplate [NamedSqmFunctionTemplate(char)] under char; prior registration was null
10:24:17.842 [main] DEBUG org.hibernate.query.sqm.function.SqmFunctionRegistry - Registering alternate key : chr -> char
10:24:17.842 [main] DEBUG org.hibernate.query.sqm.function.SqmFunctionRegistry - Registered SqmFunctionTemplate [NamedSqmFunctionTemplate(instr)] under instr; prior registration was null
10:24:17.842 [main] DEBUG org.hibernate.query.sqm.function.SqmFunctionRegistry - Registered SqmFunctionTemplate [NamedSqmFunctionTemplate(substr)] under substr; prior registration was null
10:24:17.842 [main] DEBUG org.hibernate.query.sqm.function.SqmFunctionRegistry - Registered SqmFunctionTemplate [org.hibernate.query.sqm.function.PatternBasedSqmFunctionDescriptor@2f806955] under position; prior registration was org.hibernate.dialect.function.LocatePositionEmulation@5d0d02f5
10:24:17.842 [main] DEBUG org.hibernate.query.sqm.function.SqmFunctionRegistry - Registered SqmFunctionTemplate [NamedSqmFunctionTemplate(ltrim)] under ltrim; prior registration was null
10:24:17.842 [main] DEBUG org.hibernate.query.sqm.function.SqmFunctionRegistry - Registered SqmFunctionTemplate [NamedSqmFunctionTemplate(rtrim)] under rtrim; prior registration was null
10:24:17.842 [main] DEBUG org.hibernate.query.sqm.function.SqmFunctionRegistry - Registered SqmFunctionTemplate [org.hibernate.query.sqm.function.PatternBasedSqmFunctionDescriptor@519c6109] under concat; prior registration was NamedSqmFunctionTemplate(concat)
10:24:17.842 [main] DEBUG org.hibernate.query.sqm.function.SqmFunctionRegistry - Registered SqmFunctionTemplate [NamedSqmFunctionTemplate(curtime)] under curtime; prior registration was null
10:24:17.842 [main] DEBUG org.hibernate.query.sqm.function.SqmFunctionRegistry - Registered SqmFunctionTemplate [NamedSqmFunctionTemplate(curdate)] under curdate; prior registration was null
10:24:17.842 [main] DEBUG org.hibernate.query.sqm.function.SqmFunctionRegistry - Registered SqmFunctionTemplate [NamedSqmFunctionTemplate(now)] under now; prior registration was null
10:24:17.842 [main] DEBUG org.hibernate.query.sqm.function.SqmFunctionRegistry - Registered SqmFunctionTemplate [NamedSqmFunctionTemplate(sysdate)] under sysdate; prior registration was null
10:24:17.842 [main] DEBUG org.hibernate.query.sqm.function.SqmFunctionRegistry - Registered SqmFunctionTemplate [NamedSqmFunctionTemplate(insert)] under insert; prior registration was null
10:24:17.842 [main] DEBUG org.hibernate.query.sqm.function.SqmFunctionRegistry - Registered SqmFunctionTemplate [NamedSqmFunctionTemplate(bool_and)] under bool_and; prior registration was null
10:24:17.842 [main] DEBUG org.hibernate.query.sqm.function.SqmFunctionRegistry - Registering alternate key : every -> bool_and
10:24:17.842 [main] DEBUG org.hibernate.query.sqm.function.SqmFunctionRegistry - Registered SqmFunctionTemplate [NamedSqmFunctionTemplate(bool_or)] under bool_or; prior registration was null
10:24:17.842 [main] DEBUG org.hibernate.query.sqm.function.SqmFunctionRegistry - Registering alternate key : any -> bool_or
10:24:17.842 [main] DEBUG org.hibernate.query.sqm.function.SqmFunctionRegistry - Registered SqmFunctionTemplate [NamedSqmFunctionTemplate(median)] under median; prior registration was null
10:24:17.842 [main] DEBUG org.hibernate.query.sqm.function.SqmFunctionRegistry - Registered SqmFunctionTemplate [NamedSqmFunctionTemplate(stddev_pop)] under stddev_pop; prior registration was null
10:24:17.842 [main] DEBUG org.hibernate.query.sqm.function.SqmFunctionRegistry - Registered SqmFunctionTemplate [NamedSqmFunctionTemplate(stddev_samp)] under stddev_samp; prior registration was null
10:24:17.842 [main] DEBUG org.hibernate.query.sqm.function.SqmFunctionRegistry - Registered SqmFunctionTemplate [NamedSqmFunctionTemplate(var_pop)] under var_pop; prior registration was null
10:24:17.842 [main] DEBUG org.hibernate.query.sqm.function.SqmFunctionRegistry - Registered SqmFunctionTemplate [NamedSqmFunctionTemplate(var_samp)] under var_samp; prior registration was null
10:24:17.842 [main] DEBUG org.hibernate.query.sqm.function.SqmFunctionRegistry - Registered SqmFunctionTemplate [org.hibernate.dialect.function.FormatFunction@4d1084ba] under format; prior registration was org.hibernate.dialect.function.FormatFunction@38d75038
10:24:17.842 [main] DEBUG org.hibernate.query.sqm.function.SqmFunctionRegistry - Registered SqmFunctionTemplate [NamedSqmFunctionTemplate(rownum)] under rownum; prior registration was null
10:24:17.842 [main] DEBUG org.hibernate.query.sqm.function.SqmFunctionRegistry - Registered SqmFunctionTemplate [NamedSqmFunctionTemplate(row_number)] under row_number; prior registration was null
10:24:17.842 [main] DEBUG org.hibernate.query.sqm.function.SqmFunctionRegistry - Registered SqmFunctionTemplate [NamedSqmFunctionTemplate(lag)] under lag; prior registration was null
10:24:17.842 [main] DEBUG org.hibernate.query.sqm.function.SqmFunctionRegistry - Registered SqmFunctionTemplate [NamedSqmFunctionTemplate(lead)] under lead; prior registration was null
10:24:17.842 [main] DEBUG org.hibernate.query.sqm.function.SqmFunctionRegistry - Registered SqmFunctionTemplate [NamedSqmFunctionTemplate(first_value)] under first_value; prior registration was null
10:24:17.842 [main] DEBUG org.hibernate.query.sqm.function.SqmFunctionRegistry - Registered SqmFunctionTemplate [NamedSqmFunctionTemplate(last_value)] under last_value; prior registration was null
10:24:17.842 [main] DEBUG org.hibernate.query.sqm.function.SqmFunctionRegistry - Registered SqmFunctionTemplate [NamedSqmFunctionTemplate(nth_value)] under nth_value; prior registration was null
10:24:17.842 [main] DEBUG org.hibernate.query.sqm.function.SqmFunctionRegistry - Registered SqmFunctionTemplate [org.hibernate.dialect.function.ListaggFunction@3f3bbd29] under listagg; prior registration was null
10:24:17.842 [main] DEBUG org.hibernate.query.sqm.function.SqmFunctionRegistry - Registered SqmFunctionTemplate [org.hibernate.dialect.function.InverseDistributionFunction@13ddb15a] under mode; prior registration was null
10:24:17.842 [main] DEBUG org.hibernate.query.sqm.function.SqmFunctionRegistry - Registered SqmFunctionTemplate [org.hibernate.dialect.function.InverseDistributionFunction@217b0e01] under percentile_cont; prior registration was null
10:24:17.842 [main] DEBUG org.hibernate.query.sqm.function.SqmFunctionRegistry - Registered SqmFunctionTemplate [org.hibernate.dialect.function.InverseDistributionFunction@68076bc0] under percentile_disc; prior registration was null
10:24:17.842 [main] DEBUG org.hibernate.query.sqm.function.SqmFunctionRegistry - Registered SqmFunctionTemplate [org.hibernate.dialect.function.HypotheticalSetFunction@a37411c] under rank; prior registration was null
10:24:17.842 [main] DEBUG org.hibernate.query.sqm.function.SqmFunctionRegistry - Registered SqmFunctionTemplate [org.hibernate.dialect.function.HypotheticalSetFunction@749e6661] under dense_rank; prior registration was null
10:24:17.842 [main] DEBUG org.hibernate.query.sqm.function.SqmFunctionRegistry - Registered SqmFunctionTemplate [org.hibernate.dialect.function.HypotheticalSetFunction@d6c65f5] under percent_rank; prior registration was null
10:24:17.842 [main] DEBUG org.hibernate.query.sqm.function.SqmFunctionRegistry - Registered SqmFunctionTemplate [org.hibernate.dialect.function.HypotheticalSetFunction@5e6646f3] under cume_dist; prior registration was null
10:24:17.842 [main] DEBUG org.hibernate.query.sqm.function.SqmFunctionRegistry - Registered SqmFunctionTemplate [org.hibernate.dialect.function.array.ArrayConstructorFunction@6e69c382] under array; prior registration was null
10:24:17.842 [main] DEBUG org.hibernate.query.sqm.function.SqmFunctionRegistry - Registered SqmFunctionTemplate [org.hibernate.dialect.function.array.ArrayConstructorFunction@69431d40] under array_list; prior registration was null
10:24:17.842 [main] DEBUG org.hibernate.query.sqm.function.SqmFunctionRegistry - Registered SqmFunctionTemplate [org.hibernate.dialect.function.array.ArrayAggFunction@7ee9e50] under array_agg; prior registration was null
10:24:17.842 [main] DEBUG org.hibernate.query.sqm.function.SqmFunctionRegistry - Registered SqmFunctionTemplate [org.hibernate.dialect.function.array.H2ArrayPositionFunction@6b530180] under array_position; prior registration was null
10:24:17.842 [main] DEBUG org.hibernate.query.sqm.function.SqmFunctionRegistry - Registered SqmFunctionTemplate [org.hibernate.dialect.function.array.H2ArrayPositionsFunction@3a5e0796] under array_positions; prior registration was null
10:24:17.842 [main] DEBUG org.hibernate.query.sqm.function.SqmFunctionRegistry - Registered SqmFunctionTemplate [org.hibernate.dialect.function.array.H2ArrayPositionsFunction@3a1d4524] under array_positions_list; prior registration was null
10:24:17.842 [main] DEBUG org.hibernate.query.sqm.function.SqmFunctionRegistry - Registered SqmFunctionTemplate [org.hibernate.query.sqm.function.PatternBasedSqmFunctionDescriptor@4430f3ae] under array_length; prior registration was null
10:24:17.842 [main] DEBUG org.hibernate.query.sqm.function.SqmFunctionRegistry - Registered SqmFunctionTemplate [org.hibernate.dialect.function.array.ArrayConcatFunction@e182e09] under array_concat; prior registration was null
10:24:17.842 [main] DEBUG org.hibernate.query.sqm.function.SqmFunctionRegistry - Registered SqmFunctionTemplate [org.hibernate.dialect.function.array.ArrayConcatElementFunction@4ffc80d3] under array_prepend; prior registration was null
10:24:17.842 [main] DEBUG org.hibernate.query.sqm.function.SqmFunctionRegistry - Registered SqmFunctionTemplate [org.hibernate.dialect.function.array.ArrayConcatElementFunction@1f98c86d] under array_append; prior registration was null
10:24:17.842 [main] DEBUG org.hibernate.query.sqm.function.SqmFunctionRegistry - Registered SqmFunctionTemplate [org.hibernate.dialect.function.array.H2ArrayContainsFunction@5cf6f5b3] under array_contains; prior registration was null
10:24:17.842 [main] DEBUG org.hibernate.query.sqm.function.SqmFunctionRegistry - Registered SqmFunctionTemplate [org.hibernate.dialect.function.array.H2ArrayContainsFunction@1351f042] under array_contains_nullable; prior registration was null
10:24:17.842 [main] DEBUG org.hibernate.query.sqm.function.SqmFunctionRegistry - Registered SqmFunctionTemplate [org.hibernate.dialect.function.array.H2ArrayOverlapsFunction@388000e3] under array_overlaps; prior registration was null
10:24:17.842 [main] DEBUG org.hibernate.query.sqm.function.SqmFunctionRegistry - Registered SqmFunctionTemplate [org.hibernate.dialect.function.array.H2ArrayOverlapsFunction@61026c3e] under array_overlaps_nullable; prior registration was null
10:24:17.842 [main] DEBUG org.hibernate.query.sqm.function.SqmFunctionRegistry - Registered SqmFunctionTemplate [org.hibernate.query.sqm.function.PatternBasedSqmFunctionDescriptor@ab246c0] under array_get; prior registration was null
10:24:17.842 [main] DEBUG org.hibernate.query.sqm.function.SqmFunctionRegistry - Registered SqmFunctionTemplate [org.hibernate.dialect.function.array.H2ArraySetFunction@167d7434] under array_set; prior registration was null
10:24:17.843 [main] DEBUG org.hibernate.query.sqm.function.SqmFunctionRegistry - Registered SqmFunctionTemplate [org.hibernate.dialect.function.array.H2ArrayRemoveFunction@2e42e900] under array_remove; prior registration was null
10:24:17.843 [main] DEBUG org.hibernate.query.sqm.function.SqmFunctionRegistry - Registered SqmFunctionTemplate [org.hibernate.dialect.function.array.H2ArrayRemoveIndexFunction@5cd3036a] under array_remove_index; prior registration was null
10:24:17.843 [main] DEBUG org.hibernate.query.sqm.function.SqmFunctionRegistry - Registered SqmFunctionTemplate [org.hibernate.query.sqm.function.PatternBasedSqmFunctionDescriptor@44cfca76] under array_slice; prior registration was null
10:24:17.843 [main] DEBUG org.hibernate.query.sqm.function.SqmFunctionRegistry - Registered SqmFunctionTemplate [org.hibernate.dialect.function.array.H2ArrayReplaceFunction@39eeda0f] under array_replace; prior registration was null
10:24:17.843 [main] DEBUG org.hibernate.query.sqm.function.SqmFunctionRegistry - Registered SqmFunctionTemplate [org.hibernate.query.sqm.function.PatternBasedSqmFunctionDescriptor@5d3edb] under array_trim; prior registration was null
10:24:17.843 [main] DEBUG org.hibernate.query.sqm.function.SqmFunctionRegistry - Registered SqmFunctionTemplate [org.hibernate.dialect.function.array.H2ArrayFillFunction@4451b5e9] under array_fill; prior registration was null
10:24:17.843 [main] DEBUG org.hibernate.query.sqm.function.SqmFunctionRegistry - Registered SqmFunctionTemplate [org.hibernate.dialect.function.array.H2ArrayFillFunction@7e775b6f] under array_fill_list; prior registration was null
10:24:17.843 [main] DEBUG org.hibernate.query.sqm.function.SqmFunctionRegistry - Registered SqmFunctionTemplate [org.hibernate.dialect.function.array.H2ArrayToStringFunction@3106d80c] under array_to_string; prior registration was null
10:24:17.843 [main] DEBUG org.hibernate.HQL_FUNCTIONS - abs(NUMERIC arg)
10:24:17.843 [main] DEBUG org.hibernate.HQL_FUNCTIONS - Double acos(NUMERIC arg)
10:24:17.843 [main] DEBUG org.hibernate.HQL_FUNCTIONS - Boolean any(BOOLEAN predicate)
10:24:17.843 [main] DEBUG org.hibernate.HQL_FUNCTIONS - array( ... )
10:24:17.843 [main] DEBUG org.hibernate.HQL_FUNCTIONS - array_agg(arg)
10:24:17.843 [main] DEBUG org.hibernate.HQL_FUNCTIONS - array_append( ... )
10:24:17.843 [main] DEBUG org.hibernate.HQL_FUNCTIONS - array_concat( ... )
10:24:17.843 [main] DEBUG org.hibernate.HQL_FUNCTIONS - Boolean array_contains(ARRAY haystackArray, OBJECT needleElementOrArray)
10:24:17.843 [main] DEBUG org.hibernate.HQL_FUNCTIONS - Boolean array_contains_nullable(ARRAY haystackArray, OBJECT needleElementOrArray)
10:24:17.843 [main] DEBUG org.hibernate.HQL_FUNCTIONS - array_fill(OBJECT element, INTEGER elementCount)
10:24:17.843 [main] DEBUG org.hibernate.HQL_FUNCTIONS - array_fill_list(OBJECT element, INTEGER elementCount)
10:24:17.843 [main] DEBUG org.hibernate.HQL_FUNCTIONS - array_get(ARRAY array, INTEGER index)
10:24:17.843 [main] DEBUG org.hibernate.HQL_FUNCTIONS - Integer array_length(ARRAY array)
10:24:17.843 [main] DEBUG org.hibernate.HQL_FUNCTIONS - array_list( ... )
10:24:17.843 [main] DEBUG org.hibernate.HQL_FUNCTIONS - Boolean array_overlaps(ARRAY array0, OBJECT array1)
10:24:17.843 [main] DEBUG org.hibernate.HQL_FUNCTIONS - Boolean array_overlaps_nullable(ARRAY array0, OBJECT array1)
10:24:17.843 [main] DEBUG org.hibernate.HQL_FUNCTIONS - Integer array_position(ARRAY array, OBJECT element[, INTEGER startPosition])
10:24:17.843 [main] DEBUG org.hibernate.HQL_FUNCTIONS - int[] array_positions(ARRAY array, OBJECT element)
10:24:17.843 [main] DEBUG org.hibernate.HQL_FUNCTIONS - List array_positions_list(ARRAY array, OBJECT element)
10:24:17.843 [main] DEBUG org.hibernate.HQL_FUNCTIONS - array_prepend( ... )
10:24:17.843 [main] DEBUG org.hibernate.HQL_FUNCTIONS - array_remove( ... )
10:24:17.843 [main] DEBUG org.hibernate.HQL_FUNCTIONS - array_remove_index( ... )
10:24:17.843 [main] DEBUG org.hibernate.HQL_FUNCTIONS - array_replace( ... )
10:24:17.843 [main] DEBUG org.hibernate.HQL_FUNCTIONS - array_set( ... )
10:24:17.843 [main] DEBUG org.hibernate.HQL_FUNCTIONS - array_slice(ARRAY array, INTEGER start, INTEGER end)
10:24:17.843 [main] DEBUG org.hibernate.HQL_FUNCTIONS - String array_to_string( ... )
10:24:17.843 [main] DEBUG org.hibernate.HQL_FUNCTIONS - array_trim(ARRAY array, INTEGER elementsToRemove)
10:24:17.843 [main] DEBUG org.hibernate.HQL_FUNCTIONS - Integer ascii(STRING arg)
10:24:17.843 [main] DEBUG org.hibernate.HQL_FUNCTIONS - Double asin(NUMERIC arg)
10:24:17.843 [main] DEBUG org.hibernate.HQL_FUNCTIONS - Double atan(NUMERIC arg)
10:24:17.843 [main] DEBUG org.hibernate.HQL_FUNCTIONS - Double atan2(NUMERIC arg0, NUMERIC arg1)
10:24:17.843 [main] DEBUG org.hibernate.HQL_FUNCTIONS - avg(NUMERIC arg)
10:24:17.843 [main] DEBUG org.hibernate.HQL_FUNCTIONS - bit_and(arg)
10:24:17.843 [main] DEBUG org.hibernate.HQL_FUNCTIONS - Integer bit_length(STRING_OR_CLOB arg)
10:24:17.843 [main] DEBUG org.hibernate.HQL_FUNCTIONS - bit_or(arg)
10:24:17.843 [main] DEBUG org.hibernate.HQL_FUNCTIONS - bitand(arg0, arg1)
10:24:17.843 [main] DEBUG org.hibernate.HQL_FUNCTIONS - bitnot(arg)
10:24:17.843 [main] DEBUG org.hibernate.HQL_FUNCTIONS - bitor(arg0, arg1)
10:24:17.843 [main] DEBUG org.hibernate.HQL_FUNCTIONS - bitxor(arg0, arg1)
10:24:17.843 [main] DEBUG org.hibernate.HQL_FUNCTIONS - Boolean bool_and(BOOLEAN predicate)
10:24:17.843 [main] DEBUG org.hibernate.HQL_FUNCTIONS - Boolean bool_or(BOOLEAN predicate)
10:24:17.843 [main] DEBUG org.hibernate.HQL_FUNCTIONS - cast(arg as Type)
10:24:17.843 [main] DEBUG org.hibernate.HQL_FUNCTIONS - ceiling(NUMERIC arg)
10:24:17.843 [main] DEBUG org.hibernate.HQL_FUNCTIONS - Character char(INTEGER arg)
10:24:17.843 [main] DEBUG org.hibernate.HQL_FUNCTIONS - Integer character_length(STRING_OR_CLOB arg)
10:24:17.843 [main] DEBUG org.hibernate.HQL_FUNCTIONS - Character chr(INTEGER arg)
10:24:17.843 [main] DEBUG org.hibernate.HQL_FUNCTIONS - coalesce(arg0[, arg1[, ...]])
10:24:17.843 [main] DEBUG org.hibernate.HQL_FUNCTIONS - String collate(STRING string as COLLATION collation)
10:24:17.843 [main] DEBUG org.hibernate.HQL_FUNCTIONS - String concat(STRING string0[, STRING string1[, ...]])
10:24:17.843 [main] DEBUG org.hibernate.HQL_FUNCTIONS - Double cos(NUMERIC arg)
10:24:17.843 [main] DEBUG org.hibernate.HQL_FUNCTIONS - Double cosh(NUMERIC arg)
10:24:17.843 [main] DEBUG org.hibernate.HQL_FUNCTIONS - Double cot(NUMERIC arg)
10:24:17.843 [main] DEBUG org.hibernate.HQL_FUNCTIONS - Long count([distinct ]{arg|*})
10:24:17.843 [main] DEBUG org.hibernate.HQL_FUNCTIONS - Double cume_dist([arg0[, ...]])
10:24:17.843 [main] DEBUG org.hibernate.HQL_FUNCTIONS - Date curdate()
10:24:17.843 [main] DEBUG org.hibernate.HQL_FUNCTIONS - Date current date
10:24:17.843 [main] DEBUG org.hibernate.HQL_FUNCTIONS - Time current time
10:24:17.843 [main] DEBUG org.hibernate.HQL_FUNCTIONS - Timestamp current timestamp
10:24:17.843 [main] DEBUG org.hibernate.HQL_FUNCTIONS - Date current_date
10:24:17.843 [main] DEBUG org.hibernate.HQL_FUNCTIONS - Instant current_instant
10:24:17.843 [main] DEBUG org.hibernate.HQL_FUNCTIONS - Time current_time
10:24:17.843 [main] DEBUG org.hibernate.HQL_FUNCTIONS - Timestamp current_timestamp
10:24:17.843 [main] DEBUG org.hibernate.HQL_FUNCTIONS - Time curtime()
10:24:17.843 [main] DEBUG org.hibernate.HQL_FUNCTIONS - date_trunc(STRING field, TEMPORAL datetime)
10:24:17.843 [main] DEBUG org.hibernate.HQL_FUNCTIONS - dateadd(TEMPORAL_UNIT field, INTEGER magnitude, TEMPORAL datetime)
10:24:17.843 [main] DEBUG org.hibernate.HQL_FUNCTIONS - Long|Double datediff(TEMPORAL_UNIT field, TEMPORAL start, TEMPORAL end)
10:24:17.843 [main] DEBUG org.hibernate.HQL_FUNCTIONS - Integer day(DATE arg)
10:24:17.843 [main] DEBUG org.hibernate.HQL_FUNCTIONS - Integer day_of_month(DATE arg)
10:24:17.843 [main] DEBUG org.hibernate.HQL_FUNCTIONS - Integer day_of_week(DATE arg)
10:24:17.843 [main] DEBUG org.hibernate.HQL_FUNCTIONS - Integer day_of_year(DATE arg)
10:24:17.843 [main] DEBUG org.hibernate.HQL_FUNCTIONS - String dayname(DATE arg)
10:24:17.843 [main] DEBUG org.hibernate.HQL_FUNCTIONS - Double degrees(NUMERIC arg)
10:24:17.843 [main] DEBUG org.hibernate.HQL_FUNCTIONS - Long dense_rank([arg0[, ...]])
10:24:17.843 [main] DEBUG org.hibernate.HQL_FUNCTIONS - Boolean every(BOOLEAN predicate)
10:24:17.843 [main] DEBUG org.hibernate.HQL_FUNCTIONS - Double exp(NUMERIC arg)
10:24:17.843 [main] DEBUG org.hibernate.HQL_FUNCTIONS - extract(TEMPORAL_UNIT field from TEMPORAL arg)
10:24:17.843 [main] DEBUG org.hibernate.HQL_FUNCTIONS - first_valueANY value
10:24:17.843 [main] DEBUG org.hibernate.HQL_FUNCTIONS - floor(NUMERIC arg)
10:24:17.843 [main] DEBUG org.hibernate.HQL_FUNCTIONS - String format(TEMPORAL datetime as STRING pattern)
10:24:17.843 [main] DEBUG org.hibernate.HQL_FUNCTIONS - greatest(COMPARABLE arg0, COMPARABLE arg1[, arg2[, ...]])
10:24:17.843 [main] DEBUG org.hibernate.HQL_FUNCTIONS - Integer hour(TIME arg)
10:24:17.843 [main] DEBUG org.hibernate.HQL_FUNCTIONS - ifnull(arg0, arg1)
10:24:17.843 [main] DEBUG org.hibernate.HQL_FUNCTIONS - String insert(STRING string, INTEGER start, INTEGER length, STRING replacement)
10:24:17.843 [main] DEBUG org.hibernate.HQL_FUNCTIONS - Instant instant
10:24:17.843 [main] DEBUG org.hibernate.HQL_FUNCTIONS - Integer instr(STRING string, STRING pattern[, INTEGER start[, INTEGER occurrence]])
10:24:17.843 [main] DEBUG org.hibernate.HQL_FUNCTIONS - lagANY value[, INTEGER offset[, ANY default]]
10:24:17.843 [main] DEBUG org.hibernate.HQL_FUNCTIONS - last_valueANY value
10:24:17.843 [main] DEBUG org.hibernate.HQL_FUNCTIONS - leadANY value[, INTEGER offset[, ANY default]]
10:24:17.843 [main] DEBUG org.hibernate.HQL_FUNCTIONS - least(COMPARABLE arg0, COMPARABLE arg1[, arg2[, ...]])
10:24:17.843 [main] DEBUG org.hibernate.HQL_FUNCTIONS - String left(STRING string, INTEGER length)
10:24:17.843 [main] DEBUG org.hibernate.HQL_FUNCTIONS - Integer length(STRING_OR_CLOB arg)
10:24:17.843 [main] DEBUG org.hibernate.HQL_FUNCTIONS - String listagg(STRING arg0, STRING arg1)
10:24:17.843 [main] DEBUG org.hibernate.HQL_FUNCTIONS - Double ln(NUMERIC arg)
10:24:17.843 [main] DEBUG org.hibernate.HQL_FUNCTIONS - LocalDate local date
10:24:17.843 [main] DEBUG org.hibernate.HQL_FUNCTIONS - LocalDateTime local datetime
10:24:17.843 [main] DEBUG org.hibernate.HQL_FUNCTIONS - LocalTime local time
10:24:17.843 [main] DEBUG org.hibernate.HQL_FUNCTIONS - LocalDate local_date
10:24:17.843 [main] DEBUG org.hibernate.HQL_FUNCTIONS - LocalDateTime local_datetime
10:24:17.843 [main] DEBUG org.hibernate.HQL_FUNCTIONS - LocalTime local_time
10:24:17.843 [main] DEBUG org.hibernate.HQL_FUNCTIONS - Time localtime
10:24:17.843 [main] DEBUG org.hibernate.HQL_FUNCTIONS - Timestamp localtimestamp
10:24:17.843 [main] DEBUG org.hibernate.HQL_FUNCTIONS - Integer locate(STRING pattern, STRING string[, INTEGER start])
10:24:17.843 [main] DEBUG org.hibernate.HQL_FUNCTIONS - Double log(NUMERIC base, NUMERIC arg)
10:24:17.843 [main] DEBUG org.hibernate.HQL_FUNCTIONS - Double log10(NUMERIC arg)
10:24:17.843 [main] DEBUG org.hibernate.HQL_FUNCTIONS - String lower(STRING string)
10:24:17.843 [main] DEBUG org.hibernate.HQL_FUNCTIONS - String lpad(STRING string, INTEGER length[, STRING padding])
10:24:17.843 [main] DEBUG org.hibernate.HQL_FUNCTIONS - String ltrim(STRING string)
10:24:17.843 [main] DEBUG org.hibernate.HQL_FUNCTIONS - max(COMPARABLE arg)
10:24:17.843 [main] DEBUG org.hibernate.HQL_FUNCTIONS - Double median(NUMERIC arg)
10:24:17.843 [main] DEBUG org.hibernate.HQL_FUNCTIONS - Integer microsecond(TIME arg)
10:24:17.843 [main] DEBUG org.hibernate.HQL_FUNCTIONS - min(COMPARABLE arg)
10:24:17.843 [main] DEBUG org.hibernate.HQL_FUNCTIONS - Integer minute(TIME arg)
10:24:17.843 [main] DEBUG org.hibernate.HQL_FUNCTIONS - Integer mod(INTEGER arg0, INTEGER arg1)
10:24:17.843 [main] DEBUG org.hibernate.HQL_FUNCTIONS - mode()
10:24:17.843 [main] DEBUG org.hibernate.HQL_FUNCTIONS - Integer month(DATE arg)
10:24:17.843 [main] DEBUG org.hibernate.HQL_FUNCTIONS - String monthname(DATE arg)
10:24:17.843 [main] DEBUG org.hibernate.HQL_FUNCTIONS - Timestamp now()
10:24:17.843 [main] DEBUG org.hibernate.HQL_FUNCTIONS - nth_valueANY value, INTEGER nth
10:24:17.843 [main] DEBUG org.hibernate.HQL_FUNCTIONS - nullif(arg0, arg1)
10:24:17.843 [main] DEBUG org.hibernate.HQL_FUNCTIONS - Integer octet_length(STRING_OR_CLOB arg)
10:24:17.843 [main] DEBUG org.hibernate.HQL_FUNCTIONS - OffsetDateTime offset datetime
10:24:17.843 [main] DEBUG org.hibernate.HQL_FUNCTIONS - OffsetDateTime offset_datetime
10:24:17.843 [main] DEBUG org.hibernate.HQL_FUNCTIONS - String overlay(STRING string placing STRING replacement from INTEGER start[ for INTEGER length])
10:24:17.843 [main] DEBUG org.hibernate.HQL_FUNCTIONS - String pad(STRING string with INTEGER length {leading|trailing}[ STRING character])
10:24:17.843 [main] DEBUG org.hibernate.HQL_FUNCTIONS - Double percent_rank([arg0[, ...]])
10:24:17.843 [main] DEBUG org.hibernate.HQL_FUNCTIONS - percentile_cont(NUMERIC arg)
10:24:17.843 [main] DEBUG org.hibernate.HQL_FUNCTIONS - percentile_disc(NUMERIC arg)
10:24:17.843 [main] DEBUG org.hibernate.HQL_FUNCTIONS - Double pi
10:24:17.843 [main] DEBUG org.hibernate.HQL_FUNCTIONS - Integer position(STRING pattern in STRING string)
10:24:17.843 [main] DEBUG org.hibernate.HQL_FUNCTIONS - Double power(NUMERIC arg0, NUMERIC arg1)
10:24:17.843 [main] DEBUG org.hibernate.HQL_FUNCTIONS - Integer quarter(DATE arg)
10:24:17.843 [main] DEBUG org.hibernate.HQL_FUNCTIONS - Double radians(NUMERIC arg)
10:24:17.843 [main] DEBUG org.hibernate.HQL_FUNCTIONS - Double rand([INTEGER seed])
10:24:17.843 [main] DEBUG org.hibernate.HQL_FUNCTIONS - Long rank([arg0[, ...]])
10:24:17.843 [main] DEBUG org.hibernate.HQL_FUNCTIONS - String repeat(STRING string, INTEGER times)
10:24:17.843 [main] DEBUG org.hibernate.HQL_FUNCTIONS - String replace(STRING string, STRING pattern, STRING replacement)
10:24:17.843 [main] DEBUG org.hibernate.HQL_FUNCTIONS - String right(STRING string, INTEGER length)
10:24:17.843 [main] DEBUG org.hibernate.HQL_FUNCTIONS - round(NUMERIC number[, INTEGER places])
10:24:17.843 [main] DEBUG org.hibernate.HQL_FUNCTIONS - Long row_number()
10:24:17.843 [main] DEBUG org.hibernate.HQL_FUNCTIONS - Long rownum()
10:24:17.843 [main] DEBUG org.hibernate.HQL_FUNCTIONS - String rpad(STRING string, INTEGER length[, STRING padding])
10:24:17.843 [main] DEBUG org.hibernate.HQL_FUNCTIONS - String rtrim(STRING string)
10:24:17.843 [main] DEBUG org.hibernate.HQL_FUNCTIONS - Integer second(TIME arg)
10:24:17.843 [main] DEBUG org.hibernate.HQL_FUNCTIONS - Integer sign(NUMERIC arg)
10:24:17.843 [main] DEBUG org.hibernate.HQL_FUNCTIONS - Double sin(NUMERIC arg)
10:24:17.843 [main] DEBUG org.hibernate.HQL_FUNCTIONS - Double sinh(NUMERIC arg)
10:24:17.843 [main] DEBUG org.hibernate.HQL_FUNCTIONS - String soundex(arg)
10:24:17.843 [main] DEBUG org.hibernate.HQL_FUNCTIONS - String space(INTEGER arg)
10:24:17.843 [main] DEBUG org.hibernate.HQL_FUNCTIONS - Object sql
10:24:17.843 [main] DEBUG org.hibernate.HQL_FUNCTIONS - Double sqrt(NUMERIC arg)
10:24:17.843 [main] DEBUG org.hibernate.HQL_FUNCTIONS - Double stddev_pop(NUMERIC arg)
10:24:17.843 [main] DEBUG org.hibernate.HQL_FUNCTIONS - Double stddev_samp(NUMERIC arg)
10:24:17.843 [main] DEBUG org.hibernate.HQL_FUNCTIONS - String str(arg)
10:24:17.843 [main] DEBUG org.hibernate.HQL_FUNCTIONS - String substr(STRING string, INTEGER start[, INTEGER length])
10:24:17.843 [main] DEBUG org.hibernate.HQL_FUNCTIONS - String substring(STRING string{ from|,} INTEGER start[{ for|,} INTEGER length])
10:24:17.843 [main] DEBUG org.hibernate.HQL_FUNCTIONS - sum(arg)
10:24:17.843 [main] DEBUG org.hibernate.HQL_FUNCTIONS - Timestamp sysdate
10:24:17.843 [main] DEBUG org.hibernate.HQL_FUNCTIONS - Double tan(NUMERIC arg)
10:24:17.843 [main] DEBUG org.hibernate.HQL_FUNCTIONS - Double tanh(NUMERIC arg)
10:24:17.843 [main] DEBUG org.hibernate.HQL_FUNCTIONS - timestampadd(TEMPORAL_UNIT field, INTEGER magnitude, TEMPORAL datetime)
10:24:17.843 [main] DEBUG org.hibernate.HQL_FUNCTIONS - Long|Double timestampdiff(TEMPORAL_UNIT field, TEMPORAL start, TEMPORAL end)
10:24:17.843 [main] DEBUG org.hibernate.HQL_FUNCTIONS - String translate(STRING arg0, STRING arg1, STRING arg2)
10:24:17.843 [main] DEBUG org.hibernate.HQL_FUNCTIONS - String trim([[{leading|trailing|both} ][STRING arg0 ]from] STRING arg1)
10:24:17.843 [main] DEBUG org.hibernate.HQL_FUNCTIONS - trunc( ... )
10:24:17.843 [main] DEBUG org.hibernate.HQL_FUNCTIONS - truncate( ... )
10:24:17.843 [main] DEBUG org.hibernate.HQL_FUNCTIONS - String upper(STRING string)
10:24:17.843 [main] DEBUG org.hibernate.HQL_FUNCTIONS - Double var_pop(NUMERIC arg)
10:24:17.843 [main] DEBUG org.hibernate.HQL_FUNCTIONS - Double var_samp(NUMERIC arg)
10:24:17.843 [main] DEBUG org.hibernate.HQL_FUNCTIONS - Integer week(DATE arg)
10:24:17.843 [main] DEBUG org.hibernate.HQL_FUNCTIONS - Integer year(DATE arg)
10:24:17.843 [main] DEBUG org.hibernate.orm.query.plan.cache - Starting QueryInterpretationCache(2048)
10:24:17.843 [main] DEBUG org.hibernate.service.internal.SessionFactoryServiceRegistryImpl - EventListenerRegistry access via ServiceRegistry is deprecated.  Use `sessionFactory.getEventEngine().getListenerRegistry()` instead
10:24:17.843 [main] DEBUG org.hibernate.event.internal.EntityCopyObserverFactoryInitiator - Configured EntityCopyObserver strategy: disallow
10:24:17.843 [main] DEBUG org.hibernate.boot.internal.ClassLoaderAccessImpl - Not known whether passed class name [org.frcpm.models.Attendance] is safe
10:24:17.843 [main] DEBUG org.hibernate.boot.internal.ClassLoaderAccessImpl - No temp ClassLoader provided; using live ClassLoader for loading potentially unsafe class : org.frcpm.models.Attendance
10:24:17.846 [main] DEBUG org.hibernate.bytecode.internal.bytebuddy.BytecodeProviderImpl - HHH000513: Unable to create the ReflectionOptimizer for [org.frcpm.models.Attendance]: private accessor [arrivalTime]
10:24:17.847 [main] DEBUG org.hibernate.boot.internal.ClassLoaderAccessImpl - Not known whether passed class name [org.frcpm.models.Meeting] is safe
10:24:17.847 [main] DEBUG org.hibernate.boot.internal.ClassLoaderAccessImpl - No temp ClassLoader provided; using live ClassLoader for loading potentially unsafe class : org.frcpm.models.Meeting
10:24:17.850 [main] DEBUG org.hibernate.bytecode.internal.bytebuddy.BytecodeProviderImpl - HHH000513: Unable to create the ReflectionOptimizer for [org.frcpm.models.Meeting]: private accessor [attendances]
10:24:17.850 [main] DEBUG org.hibernate.boot.internal.ClassLoaderAccessImpl - Not known whether passed class name [org.frcpm.models.Subsystem] is safe
10:24:17.850 [main] DEBUG org.hibernate.boot.internal.ClassLoaderAccessImpl - No temp ClassLoader provided; using live ClassLoader for loading potentially unsafe class : org.frcpm.models.Subsystem
10:24:17.854 [main] DEBUG org.hibernate.bytecode.internal.bytebuddy.BytecodeProviderImpl - HHH000513: Unable to create the ReflectionOptimizer for [org.frcpm.models.Subsystem]: private accessor [description]
10:24:17.854 [main] DEBUG org.hibernate.boot.internal.ClassLoaderAccessImpl - Not known whether passed class name [org.frcpm.models.Component] is safe
10:24:17.854 [main] DEBUG org.hibernate.boot.internal.ClassLoaderAccessImpl - No temp ClassLoader provided; using live ClassLoader for loading potentially unsafe class : org.frcpm.models.Component
10:24:17.859 [main] DEBUG org.hibernate.bytecode.internal.bytebuddy.BytecodeProviderImpl - HHH000513: Unable to create the ReflectionOptimizer for [org.frcpm.models.Component]: private accessor [actualDelivery]
10:24:17.860 [main] DEBUG org.hibernate.boot.internal.ClassLoaderAccessImpl - Not known whether passed class name [org.frcpm.models.Milestone] is safe
10:24:17.860 [main] DEBUG org.hibernate.boot.internal.ClassLoaderAccessImpl - No temp ClassLoader provided; using live ClassLoader for loading potentially unsafe class : org.frcpm.models.Milestone
10:24:17.864 [main] DEBUG org.hibernate.bytecode.internal.bytebuddy.BytecodeProviderImpl - HHH000513: Unable to create the ReflectionOptimizer for [org.frcpm.models.Milestone]: private accessor [date]
10:24:17.865 [main] DEBUG org.hibernate.boot.internal.ClassLoaderAccessImpl - Not known whether passed class name [org.frcpm.models.Project] is safe
10:24:17.865 [main] DEBUG org.hibernate.boot.internal.ClassLoaderAccessImpl - No temp ClassLoader provided; using live ClassLoader for loading potentially unsafe class : org.frcpm.models.Project
10:24:17.872 [main] DEBUG org.hibernate.bytecode.internal.bytebuddy.BytecodeProviderImpl - HHH000513: Unable to create the ReflectionOptimizer for [org.frcpm.models.Project]: private accessor [description]
10:24:17.873 [main] DEBUG org.hibernate.boot.internal.ClassLoaderAccessImpl - Not known whether passed class name [org.frcpm.models.Subteam] is safe
10:24:17.873 [main] DEBUG org.hibernate.boot.internal.ClassLoaderAccessImpl - No temp ClassLoader provided; using live ClassLoader for loading potentially unsafe class : org.frcpm.models.Subteam
10:24:17.875 [main] DEBUG org.hibernate.bytecode.internal.bytebuddy.BytecodeProviderImpl - HHH000513: Unable to create the ReflectionOptimizer for [org.frcpm.models.Subteam]: private accessor [colorCode]
10:24:17.876 [main] DEBUG org.hibernate.boot.internal.ClassLoaderAccessImpl - Not known whether passed class name [org.frcpm.models.Task] is safe
10:24:17.876 [main] DEBUG org.hibernate.boot.internal.ClassLoaderAccessImpl - No temp ClassLoader provided; using live ClassLoader for loading potentially unsafe class : org.frcpm.models.Task
10:24:17.884 [main] DEBUG org.hibernate.bytecode.internal.bytebuddy.BytecodeProviderImpl - HHH000513: Unable to create the ReflectionOptimizer for [org.frcpm.models.Task]: private accessor [actualDurationSeconds]
10:24:17.885 [main] DEBUG org.hibernate.boot.internal.ClassLoaderAccessImpl - Not known whether passed class name [org.frcpm.models.TeamMember] is safe
10:24:17.885 [main] DEBUG org.hibernate.boot.internal.ClassLoaderAccessImpl - No temp ClassLoader provided; using live ClassLoader for loading potentially unsafe class : org.frcpm.models.TeamMember
10:24:17.891 [main] DEBUG org.hibernate.bytecode.internal.bytebuddy.BytecodeProviderImpl - HHH000513: Unable to create the ReflectionOptimizer for [org.frcpm.models.TeamMember]: private accessor [assignedTasks]
10:24:17.891 [main] DEBUG org.hibernate.orm.jdbc.mutation - Skipping collection row updates - org.frcpm.models.Task.assignedTo
10:24:17.892 [main] DEBUG org.hibernate.orm.jdbc.mutation - Skipping collection (re)creation - org.frcpm.models.Subsystem.tasks
10:24:17.892 [main] DEBUG org.hibernate.orm.jdbc.mutation - Skipping collection row deletions - org.frcpm.models.Subsystem.tasks
10:24:17.892 [main] DEBUG org.hibernate.orm.jdbc.mutation - Skipping collection removals - org.frcpm.models.Subsystem.tasks
10:24:17.892 [main] DEBUG org.hibernate.orm.jdbc.mutation - Skipping collection (re)creation - org.frcpm.models.Subteam.members
10:24:17.892 [main] DEBUG org.hibernate.orm.jdbc.mutation - Skipping collection row deletions - org.frcpm.models.Subteam.members
10:24:17.892 [main] DEBUG org.hibernate.orm.jdbc.mutation - Skipping collection removals - org.frcpm.models.Subteam.members
10:24:17.892 [main] DEBUG org.hibernate.orm.jdbc.mutation - Skipping collection (re)creation - org.frcpm.models.TeamMember.attendances
10:24:17.892 [main] DEBUG org.hibernate.orm.jdbc.mutation - Skipping collection row deletions - org.frcpm.models.TeamMember.attendances
10:24:17.892 [main] DEBUG org.hibernate.orm.jdbc.mutation - Skipping collection removals - org.frcpm.models.TeamMember.attendances
10:24:17.892 [main] DEBUG org.hibernate.orm.jdbc.mutation - Skipping collection row updates - org.frcpm.models.Task.requiredComponents
10:24:17.892 [main] DEBUG org.hibernate.orm.jdbc.mutation - Skipping collection (re)creation - org.frcpm.models.Subteam.subsystems
10:24:17.892 [main] DEBUG org.hibernate.orm.jdbc.mutation - Skipping collection row deletions - org.frcpm.models.Subteam.subsystems
10:24:17.892 [main] DEBUG org.hibernate.orm.jdbc.mutation - Skipping collection removals - org.frcpm.models.Subteam.subsystems
10:24:17.892 [main] DEBUG org.hibernate.orm.jdbc.mutation - Skipping collection row updates - org.frcpm.models.Task.preDependencies
10:24:17.892 [main] DEBUG org.hibernate.orm.jdbc.mutation - Skipping collection (re)creation - org.frcpm.models.Project.milestones
10:24:17.892 [main] DEBUG org.hibernate.orm.jdbc.mutation - Skipping collection row deletions - org.frcpm.models.Project.milestones
10:24:17.892 [main] DEBUG org.hibernate.orm.jdbc.mutation - Skipping collection removals - org.frcpm.models.Project.milestones
10:24:17.892 [main] DEBUG org.hibernate.orm.jdbc.mutation - Skipping collection inserts - org.frcpm.models.Component.requiredForTasks
10:24:17.892 [main] DEBUG org.hibernate.orm.jdbc.mutation - Skipping collection row updates - org.frcpm.models.Component.requiredForTasks
10:24:17.892 [main] DEBUG org.hibernate.orm.jdbc.mutation - Skipping collection row deletions - org.frcpm.models.Component.requiredForTasks
10:24:17.892 [main] DEBUG org.hibernate.orm.jdbc.mutation - Skipping collection removals - org.frcpm.models.Component.requiredForTasks
10:24:17.892 [main] DEBUG org.hibernate.orm.jdbc.mutation - Skipping collection (re)creation - org.frcpm.models.Project.meetings
10:24:17.892 [main] DEBUG org.hibernate.orm.jdbc.mutation - Skipping collection row deletions - org.frcpm.models.Project.meetings
10:24:17.892 [main] DEBUG org.hibernate.orm.jdbc.mutation - Skipping collection removals - org.frcpm.models.Project.meetings
10:24:17.892 [main] DEBUG org.hibernate.orm.jdbc.mutation - Skipping collection inserts - org.frcpm.models.TeamMember.assignedTasks
10:24:17.892 [main] DEBUG org.hibernate.orm.jdbc.mutation - Skipping collection row updates - org.frcpm.models.TeamMember.assignedTasks
10:24:17.892 [main] DEBUG org.hibernate.orm.jdbc.mutation - Skipping collection row deletions - org.frcpm.models.TeamMember.assignedTasks
10:24:17.892 [main] DEBUG org.hibernate.orm.jdbc.mutation - Skipping collection removals - org.frcpm.models.TeamMember.assignedTasks
10:24:17.892 [main] DEBUG org.hibernate.orm.jdbc.mutation - Skipping collection (re)creation - org.frcpm.models.Meeting.attendances
10:24:17.892 [main] DEBUG org.hibernate.orm.jdbc.mutation - Skipping collection row deletions - org.frcpm.models.Meeting.attendances
10:24:17.892 [main] DEBUG org.hibernate.orm.jdbc.mutation - Skipping collection removals - org.frcpm.models.Meeting.attendances
10:24:17.892 [main] DEBUG org.hibernate.orm.jdbc.mutation - Skipping collection inserts - org.frcpm.models.Task.postDependencies
10:24:17.892 [main] DEBUG org.hibernate.orm.jdbc.mutation - Skipping collection row updates - org.frcpm.models.Task.postDependencies
10:24:17.892 [main] DEBUG org.hibernate.orm.jdbc.mutation - Skipping collection row deletions - org.frcpm.models.Task.postDependencies
10:24:17.893 [main] DEBUG org.hibernate.orm.jdbc.mutation - Skipping collection removals - org.frcpm.models.Task.postDependencies
10:24:17.893 [main] DEBUG org.hibernate.orm.jdbc.mutation - Skipping collection (re)creation - org.frcpm.models.Project.tasks
10:24:17.893 [main] DEBUG org.hibernate.orm.jdbc.mutation - Skipping collection row deletions - org.frcpm.models.Project.tasks
10:24:17.893 [main] DEBUG org.hibernate.orm.jdbc.mutation - Skipping collection removals - org.frcpm.models.Project.tasks
10:24:17.896 [main] DEBUG org.hibernate.orm.model.mapping.creation - Starting post-init callbacks
10:24:17.896 [main] DEBUG org.hibernate.orm.model.mapping.creation - Starting PostInitCallbackEntry : To-one key - NavigableRole[org.frcpm.models.Attendance.meeting]
10:24:17.896 [main] DEBUG org.hibernate.orm.model.mapping.creation - Starting PostInitCallbackEntry : To-one key - NavigableRole[org.frcpm.models.Attendance.member]
10:24:17.896 [main] DEBUG org.hibernate.orm.model.mapping.creation - Starting PostInitCallbackEntry : Entity(org.frcpm.models.Attendance) `staticFetchableList` generator
10:24:17.896 [main] DEBUG org.hibernate.orm.model.mapping.creation - Starting PostInitCallbackEntry : PluralAttributeMapping( NavigableRole[org.frcpm.models.Meeting.attendances#{element}]) - element descriptor
10:24:17.896 [main] DEBUG org.hibernate.orm.model.mapping.creation - Starting PostInitCallbackEntry : PluralAttributeMapping(org.frcpm.models.Meeting.attendances)#finishInitialization
10:24:17.896 [main] DEBUG org.hibernate.orm.model.mapping.creation - Starting PostInitCallbackEntry : PluralAttributeMapping(org.frcpm.models.Meeting.attendances) - key descriptor
10:24:17.896 [main] DEBUG org.hibernate.orm.model.mapping.creation - Starting PostInitCallbackEntry : To-one key - NavigableRole[org.frcpm.models.Meeting.project]
10:24:17.896 [main] DEBUG org.hibernate.orm.model.mapping.creation - Starting PostInitCallbackEntry : Entity(org.frcpm.models.Meeting) `staticFetchableList` generator
10:24:17.896 [main] DEBUG org.hibernate.orm.model.mapping.creation - Starting PostInitCallbackEntry : To-one key - NavigableRole[org.frcpm.models.Subsystem.responsibleSubteam]
10:24:17.896 [main] DEBUG org.hibernate.orm.model.mapping.creation - Starting PostInitCallbackEntry : PluralAttributeMapping( NavigableRole[org.frcpm.models.Subsystem.tasks#{element}]) - element descriptor
10:24:17.896 [main] DEBUG org.hibernate.orm.model.mapping.creation - Starting PostInitCallbackEntry : PluralAttributeMapping(org.frcpm.models.Subsystem.tasks)#finishInitialization
10:24:17.896 [main] DEBUG org.hibernate.orm.model.mapping.creation - Starting PostInitCallbackEntry : PluralAttributeMapping(org.frcpm.models.Subsystem.tasks) - key descriptor
10:24:17.896 [main] DEBUG org.hibernate.orm.model.mapping.creation - Starting PostInitCallbackEntry : Entity(org.frcpm.models.Subsystem) `staticFetchableList` generator
10:24:17.897 [main] DEBUG org.hibernate.orm.model.mapping.creation - Starting PostInitCallbackEntry : PluralAttributeMapping( NavigableRole[org.frcpm.models.Component.requiredForTasks#{element}]) - element descriptor
10:24:17.897 [main] DEBUG org.hibernate.orm.model.mapping.creation - Starting PostInitCallbackEntry : PluralAttributeMapping(org.frcpm.models.Component.requiredForTasks)#finishInitialization
10:24:17.897 [main] DEBUG org.hibernate.orm.model.mapping.creation - Starting PostInitCallbackEntry : PluralAttributeMapping(org.frcpm.models.Component.requiredForTasks) - key descriptor
10:24:17.897 [main] DEBUG org.hibernate.orm.model.mapping.creation - Starting PostInitCallbackEntry : Entity(org.frcpm.models.Component) `staticFetchableList` generator
10:24:17.897 [main] DEBUG org.hibernate.orm.model.mapping.creation - Starting PostInitCallbackEntry : To-one key - NavigableRole[org.frcpm.models.Milestone.project]
10:24:17.897 [main] DEBUG org.hibernate.orm.model.mapping.creation - Starting PostInitCallbackEntry : Entity(org.frcpm.models.Milestone) `staticFetchableList` generator
10:24:17.897 [main] DEBUG org.hibernate.orm.model.mapping.creation - Starting PostInitCallbackEntry : PluralAttributeMapping( NavigableRole[org.frcpm.models.Project.meetings#{element}]) - element descriptor
10:24:17.897 [main] DEBUG org.hibernate.orm.model.mapping.creation - Starting PostInitCallbackEntry : PluralAttributeMapping(org.frcpm.models.Project.meetings)#finishInitialization
10:24:17.897 [main] DEBUG org.hibernate.orm.model.mapping.creation - Starting PostInitCallbackEntry : PluralAttributeMapping(org.frcpm.models.Project.meetings) - key descriptor
10:24:17.897 [main] DEBUG org.hibernate.orm.model.mapping.creation - Starting PostInitCallbackEntry : PluralAttributeMapping( NavigableRole[org.frcpm.models.Project.milestones#{element}]) - element descriptor
10:24:17.897 [main] DEBUG org.hibernate.orm.model.mapping.creation - Starting PostInitCallbackEntry : PluralAttributeMapping(org.frcpm.models.Project.milestones)#finishInitialization
10:24:17.897 [main] DEBUG org.hibernate.orm.model.mapping.creation - Starting PostInitCallbackEntry : PluralAttributeMapping(org.frcpm.models.Project.milestones) - key descriptor
10:24:17.897 [main] DEBUG org.hibernate.orm.model.mapping.creation - Starting PostInitCallbackEntry : PluralAttributeMapping( NavigableRole[org.frcpm.models.Project.tasks#{element}]) - element descriptor
10:24:17.897 [main] DEBUG org.hibernate.orm.model.mapping.creation - Starting PostInitCallbackEntry : PluralAttributeMapping(org.frcpm.models.Project.tasks)#finishInitialization
10:24:17.897 [main] DEBUG org.hibernate.orm.model.mapping.creation - Starting PostInitCallbackEntry : PluralAttributeMapping(org.frcpm.models.Project.tasks) - key descriptor
10:24:17.897 [main] DEBUG org.hibernate.orm.model.mapping.creation - Starting PostInitCallbackEntry : Entity(org.frcpm.models.Project) `staticFetchableList` generator
10:24:17.897 [main] DEBUG org.hibernate.orm.model.mapping.creation - Starting PostInitCallbackEntry : PluralAttributeMapping( NavigableRole[org.frcpm.models.Subteam.members#{element}]) - element descriptor
10:24:17.897 [main] DEBUG org.hibernate.orm.model.mapping.creation - Starting PostInitCallbackEntry : PluralAttributeMapping(org.frcpm.models.Subteam.members)#finishInitialization
10:24:17.897 [main] DEBUG org.hibernate.orm.model.mapping.creation - Starting PostInitCallbackEntry : PluralAttributeMapping(org.frcpm.models.Subteam.members) - key descriptor
10:24:17.897 [main] DEBUG org.hibernate.orm.model.mapping.creation - Starting PostInitCallbackEntry : PluralAttributeMapping( NavigableRole[org.frcpm.models.Subteam.subsystems#{element}]) - element descriptor
10:24:17.897 [main] DEBUG org.hibernate.orm.model.mapping.creation - Starting PostInitCallbackEntry : PluralAttributeMapping(org.frcpm.models.Subteam.subsystems)#finishInitialization
10:24:17.897 [main] DEBUG org.hibernate.orm.model.mapping.creation - Starting PostInitCallbackEntry : PluralAttributeMapping(org.frcpm.models.Subteam.subsystems) - key descriptor
10:24:17.897 [main] DEBUG org.hibernate.orm.model.mapping.creation - Starting PostInitCallbackEntry : Entity(org.frcpm.models.Subteam) `staticFetchableList` generator
10:24:17.897 [main] DEBUG org.hibernate.orm.model.mapping.creation - Starting PostInitCallbackEntry : PluralAttributeMapping( NavigableRole[org.frcpm.models.Task.assignedTo#{element}]) - element descriptor
10:24:17.897 [main] DEBUG org.hibernate.orm.model.mapping.creation - Starting PostInitCallbackEntry : PluralAttributeMapping(org.frcpm.models.Task.assignedTo)#finishInitialization
10:24:17.897 [main] DEBUG org.hibernate.orm.model.mapping.creation - Starting PostInitCallbackEntry : PluralAttributeMapping(org.frcpm.models.Task.assignedTo) - key descriptor
10:24:17.897 [main] DEBUG org.hibernate.orm.model.mapping.creation - Starting PostInitCallbackEntry : PluralAttributeMapping( NavigableRole[org.frcpm.models.Task.postDependencies#{element}]) - element descriptor
10:24:17.897 [main] DEBUG org.hibernate.orm.model.mapping.creation - Starting PostInitCallbackEntry : PluralAttributeMapping(org.frcpm.models.Task.postDependencies)#finishInitialization
10:24:17.897 [main] DEBUG org.hibernate.orm.model.mapping.creation - Starting PostInitCallbackEntry : PluralAttributeMapping(org.frcpm.models.Task.postDependencies) - key descriptor
10:24:17.897 [main] DEBUG org.hibernate.orm.model.mapping.creation - Starting PostInitCallbackEntry : PluralAttributeMapping( NavigableRole[org.frcpm.models.Task.preDependencies#{element}]) - element descriptor
10:24:17.897 [main] DEBUG org.hibernate.orm.model.mapping.creation - Starting PostInitCallbackEntry : PluralAttributeMapping(org.frcpm.models.Task.preDependencies)#finishInitialization
10:24:17.897 [main] DEBUG org.hibernate.orm.model.mapping.creation - Starting PostInitCallbackEntry : PluralAttributeMapping(org.frcpm.models.Task.preDependencies) - key descriptor
10:24:17.897 [main] DEBUG org.hibernate.orm.model.mapping.creation - Starting PostInitCallbackEntry : To-one key - NavigableRole[org.frcpm.models.Task.project]
10:24:17.897 [main] DEBUG org.hibernate.orm.model.mapping.creation - Starting PostInitCallbackEntry : PluralAttributeMapping( NavigableRole[org.frcpm.models.Task.requiredComponents#{element}]) - element descriptor
10:24:17.897 [main] DEBUG org.hibernate.orm.model.mapping.creation - Starting PostInitCallbackEntry : PluralAttributeMapping(org.frcpm.models.Task.requiredComponents)#finishInitialization
10:24:17.897 [main] DEBUG org.hibernate.orm.model.mapping.creation - Starting PostInitCallbackEntry : PluralAttributeMapping(org.frcpm.models.Task.requiredComponents) - key descriptor
10:24:17.897 [main] DEBUG org.hibernate.orm.model.mapping.creation - Starting PostInitCallbackEntry : To-one key - NavigableRole[org.frcpm.models.Task.subsystem]
10:24:17.897 [main] DEBUG org.hibernate.orm.model.mapping.creation - Starting PostInitCallbackEntry : Entity(org.frcpm.models.Task) `staticFetchableList` generator
10:24:17.897 [main] DEBUG org.hibernate.orm.model.mapping.creation - Starting PostInitCallbackEntry : PluralAttributeMapping( NavigableRole[org.frcpm.models.TeamMember.assignedTasks#{element}]) - element descriptor
10:24:17.897 [main] DEBUG org.hibernate.orm.model.mapping.creation - Starting PostInitCallbackEntry : PluralAttributeMapping(org.frcpm.models.TeamMember.assignedTasks)#finishInitialization
10:24:17.897 [main] DEBUG org.hibernate.orm.model.mapping.creation - Starting PostInitCallbackEntry : PluralAttributeMapping(org.frcpm.models.TeamMember.assignedTasks) - key descriptor
10:24:17.897 [main] DEBUG org.hibernate.orm.model.mapping.creation - Starting PostInitCallbackEntry : PluralAttributeMapping( NavigableRole[org.frcpm.models.TeamMember.attendances#{element}]) - element descriptor
10:24:17.897 [main] DEBUG org.hibernate.orm.model.mapping.creation - Starting PostInitCallbackEntry : PluralAttributeMapping(org.frcpm.models.TeamMember.attendances)#finishInitialization
10:24:17.897 [main] DEBUG org.hibernate.orm.model.mapping.creation - Starting PostInitCallbackEntry : PluralAttributeMapping(org.frcpm.models.TeamMember.attendances) - key descriptor
10:24:17.897 [main] DEBUG org.hibernate.orm.model.mapping.creation - Starting PostInitCallbackEntry : To-one key - NavigableRole[org.frcpm.models.TeamMember.subteam]
10:24:17.897 [main] DEBUG org.hibernate.orm.model.mapping.creation - Starting PostInitCallbackEntry : Entity(org.frcpm.models.TeamMember) `staticFetchableList` generator
10:24:17.897 [main] DEBUG org.hibernate.orm.model.mapping.creation - Starting PostInitCallbackEntry : PluralAttributeMapping( NavigableRole[org.frcpm.models.Meeting.attendances#{element}]) - element descriptor
10:24:17.897 [main] DEBUG org.hibernate.orm.model.mapping.creation - Starting PostInitCallbackEntry : PluralAttributeMapping( NavigableRole[org.frcpm.models.Subsystem.tasks#{element}]) - element descriptor
10:24:17.897 [main] DEBUG org.hibernate.orm.model.mapping.creation - Starting PostInitCallbackEntry : PluralAttributeMapping( NavigableRole[org.frcpm.models.Component.requiredForTasks#{element}]) - element descriptor
10:24:17.897 [main] DEBUG org.hibernate.orm.model.mapping.creation - Starting PostInitCallbackEntry : PluralAttributeMapping( NavigableRole[org.frcpm.models.Project.meetings#{element}]) - element descriptor
10:24:17.897 [main] DEBUG org.hibernate.orm.model.mapping.creation - Starting PostInitCallbackEntry : PluralAttributeMapping( NavigableRole[org.frcpm.models.Project.milestones#{element}]) - element descriptor
10:24:17.897 [main] DEBUG org.hibernate.orm.model.mapping.creation - Starting PostInitCallbackEntry : PluralAttributeMapping( NavigableRole[org.frcpm.models.Project.tasks#{element}]) - element descriptor
10:24:17.897 [main] DEBUG org.hibernate.orm.model.mapping.creation - Starting PostInitCallbackEntry : PluralAttributeMapping( NavigableRole[org.frcpm.models.Subteam.members#{element}]) - element descriptor
10:24:17.897 [main] DEBUG org.hibernate.orm.model.mapping.creation - Starting PostInitCallbackEntry : PluralAttributeMapping( NavigableRole[org.frcpm.models.Subteam.subsystems#{element}]) - element descriptor
10:24:17.897 [main] DEBUG org.hibernate.orm.model.mapping.creation - Starting PostInitCallbackEntry : PluralAttributeMapping( NavigableRole[org.frcpm.models.Task.postDependencies#{element}]) - element descriptor
10:24:17.897 [main] DEBUG org.hibernate.orm.model.mapping.creation - Starting PostInitCallbackEntry : PluralAttributeMapping( NavigableRole[org.frcpm.models.TeamMember.attendances#{element}]) - element descriptor
10:24:17.904 [main] DEBUG org.hibernate.orm.sql.ast.create - Created new SQL alias : a1_0
10:24:17.904 [main] DEBUG org.hibernate.orm.sql.ast.create - Registration of TableGroup [StandardTableGroup(org.frcpm.models.Attendance)] with identifierForTableGroup [org.frcpm.models.Attendance] for NavigablePath [org.frcpm.models.Attendance] 
10:24:17.904 [main] DEBUG org.hibernate.orm.sql.ast.create - Registration of TableGroup [org.hibernate.sql.ast.tree.from.LazyTableGroup@1ca66402] with identifierForTableGroup [org.frcpm.models.Attendance.meeting] for NavigablePath [org.frcpm.models.Attendance.meeting] 
10:24:17.904 [main] DEBUG org.hibernate.orm.sql.ast.create - Registration of TableGroup [org.hibernate.sql.ast.tree.from.LazyTableGroup@7468dfbe] with identifierForTableGroup [org.frcpm.models.Attendance.member] for NavigablePath [org.frcpm.models.Attendance.member] 
10:24:17.904 [main] DEBUG org.hibernate.orm.results.graph.AST - DomainResult Graph:
 \-EntityResultImpl [org.frcpm.models.Attendance]
 |  +-BasicFetch [org.frcpm.models.Attendance.arrivalTime]
 |  +-BasicFetch [org.frcpm.models.Attendance.departureTime]
 |  +-EntityDelayedFetchImpl [org.frcpm.models.Attendance.meeting]
 |  +-EntityDelayedFetchImpl [org.frcpm.models.Attendance.member]
 |  \-BasicFetch [org.frcpm.models.Attendance.present]

10:24:17.904 [main] DEBUG org.hibernate.orm.sql.ast.tree - SQL AST Tree:
    SelectStatement {
      FromClause {
        StandardTableGroup (a1 : org.frcpm.models.Attendance) {
          primaryTableReference : attendances as a1_0
          TableGroupJoins {
            left  join LazyTableGroup (m1 : org.frcpm.models.Attendance.meeting) {
            }
            left  join LazyTableGroup (m2 : org.frcpm.models.Attendance.member) {
            }
          }
        }
      }
    }

10:24:17.904 [main] DEBUG org.hibernate.persister.entity.AbstractEntityPersister - Static SQL for entity: org.frcpm.models.Attendance
10:24:17.904 [main] DEBUG org.hibernate.persister.entity.AbstractEntityPersister -  Version select: select id from attendances where id=?
10:24:17.904 [main] DEBUG org.hibernate.persister.entity.AbstractEntityPersister -  Insert (0): insert into attendances (arrival_time,departure_time,meeting_id,member_id,present,id) values (?,?,?,?,?,default)
10:24:17.904 [main] DEBUG org.hibernate.persister.entity.AbstractEntityPersister -  Update (0): update attendances set arrival_time=?,departure_time=?,meeting_id=?,member_id=?,present=? where id=?
10:24:17.904 [main] DEBUG org.hibernate.persister.entity.AbstractEntityPersister -  Delete (0): delete from attendances where id=?
10:24:17.904 [main] DEBUG org.hibernate.orm.sql.ast.create - Created new SQL alias : m1_0
10:24:17.904 [main] DEBUG org.hibernate.orm.sql.ast.create - Registration of TableGroup [StandardTableGroup(org.frcpm.models.Meeting)] with identifierForTableGroup [org.frcpm.models.Meeting] for NavigablePath [org.frcpm.models.Meeting] 
10:24:17.904 [main] DEBUG org.hibernate.orm.sql.ast.create - Registration of TableGroup [org.hibernate.sql.ast.tree.from.LazyTableGroup@78528323] with identifierForTableGroup [org.frcpm.models.Meeting.project] for NavigablePath [org.frcpm.models.Meeting.project] 
10:24:17.904 [main] DEBUG org.hibernate.orm.results.graph.AST - DomainResult Graph:
 \-EntityResultImpl [org.frcpm.models.Meeting]
 |  +-DelayedCollectionFetch [org.frcpm.models.Meeting.attendances]
 |  +-BasicFetch [org.frcpm.models.Meeting.date]
 |  +-BasicFetch [org.frcpm.models.Meeting.endTime]
 |  +-BasicFetch [org.frcpm.models.Meeting.notes]
 |  +-EntityDelayedFetchImpl [org.frcpm.models.Meeting.project]
 |  \-BasicFetch [org.frcpm.models.Meeting.startTime]

10:24:17.904 [main] DEBUG org.hibernate.orm.sql.ast.tree - SQL AST Tree:
    SelectStatement {
      FromClause {
        StandardTableGroup (m1 : org.frcpm.models.Meeting) {
          primaryTableReference : meetings as m1_0
          TableGroupJoins {
            left  join LazyTableGroup (p1 : org.frcpm.models.Meeting.project) {
            }
          }
        }
      }
    }

10:24:17.904 [main] DEBUG org.hibernate.persister.entity.AbstractEntityPersister - Static SQL for entity: org.frcpm.models.Meeting
10:24:17.904 [main] DEBUG org.hibernate.persister.entity.AbstractEntityPersister -  Version select: select id from meetings where id=?
10:24:17.904 [main] DEBUG org.hibernate.persister.entity.AbstractEntityPersister -  Insert (0): insert into meetings (date,end_time,notes,project_id,start_time,id) values (?,?,?,?,?,default)
10:24:17.904 [main] DEBUG org.hibernate.persister.entity.AbstractEntityPersister -  Update (0): update meetings set date=?,end_time=?,notes=?,project_id=?,start_time=? where id=?
10:24:17.904 [main] DEBUG org.hibernate.persister.entity.AbstractEntityPersister -  Delete (0): delete from meetings where id=?
10:24:17.904 [main] DEBUG org.hibernate.orm.sql.ast.create - Created new SQL alias : s1_0
10:24:17.904 [main] DEBUG org.hibernate.orm.sql.ast.create - Registration of TableGroup [StandardTableGroup(org.frcpm.models.Subsystem)] with identifierForTableGroup [org.frcpm.models.Subsystem] for NavigablePath [org.frcpm.models.Subsystem] 
10:24:17.904 [main] DEBUG org.hibernate.orm.sql.ast.create - Registration of TableGroup [org.hibernate.sql.ast.tree.from.LazyTableGroup@5b1f9139] with identifierForTableGroup [org.frcpm.models.Subsystem.responsibleSubteam] for NavigablePath [org.frcpm.models.Subsystem.responsibleSubteam] 
10:24:17.904 [main] DEBUG org.hibernate.orm.results.graph.AST - DomainResult Graph:
 \-EntityResultImpl [org.frcpm.models.Subsystem]
 |  +-BasicFetch [org.frcpm.models.Subsystem.description]
 |  +-BasicFetch [org.frcpm.models.Subsystem.name]
 |  +-EntityDelayedFetchImpl [org.frcpm.models.Subsystem.responsibleSubteam]
 |  +-BasicFetch [org.frcpm.models.Subsystem.status]
 |  \-DelayedCollectionFetch [org.frcpm.models.Subsystem.tasks]

10:24:17.904 [main] DEBUG org.hibernate.orm.sql.ast.tree - SQL AST Tree:
    SelectStatement {
      FromClause {
        StandardTableGroup (s1 : org.frcpm.models.Subsystem) {
          primaryTableReference : subsystems as s1_0
          TableGroupJoins {
            left  join LazyTableGroup (rs1 : org.frcpm.models.Subsystem.responsibleSubteam) {
            }
          }
        }
      }
    }

10:24:17.904 [main] DEBUG org.hibernate.persister.entity.AbstractEntityPersister - Static SQL for entity: org.frcpm.models.Subsystem
10:24:17.904 [main] DEBUG org.hibernate.persister.entity.AbstractEntityPersister -  Version select: select id from subsystems where id=?
10:24:17.904 [main] DEBUG org.hibernate.persister.entity.AbstractEntityPersister -  Insert (0): insert into subsystems (description,name,responsible_subteam_id,status,id) values (?,?,?,?,default)
10:24:17.904 [main] DEBUG org.hibernate.persister.entity.AbstractEntityPersister -  Update (0): update subsystems set description=?,name=?,responsible_subteam_id=?,status=? where id=?
10:24:17.904 [main] DEBUG org.hibernate.persister.entity.AbstractEntityPersister -  Delete (0): delete from subsystems where id=?
10:24:17.904 [main] DEBUG org.hibernate.orm.sql.ast.create - Created new SQL alias : c1_0
10:24:17.904 [main] DEBUG org.hibernate.orm.sql.ast.create - Registration of TableGroup [StandardTableGroup(org.frcpm.models.Component)] with identifierForTableGroup [org.frcpm.models.Component] for NavigablePath [org.frcpm.models.Component] 
10:24:17.904 [main] DEBUG org.hibernate.orm.results.graph.AST - DomainResult Graph:
 \-EntityResultImpl [org.frcpm.models.Component]
 |  +-BasicFetch [org.frcpm.models.Component.actualDelivery]
 |  +-BasicFetch [org.frcpm.models.Component.delivered]
 |  +-BasicFetch [org.frcpm.models.Component.description]
 |  +-BasicFetch [org.frcpm.models.Component.expectedDelivery]
 |  +-BasicFetch [org.frcpm.models.Component.name]
 |  +-BasicFetch [org.frcpm.models.Component.partNumber]
 |  \-DelayedCollectionFetch [org.frcpm.models.Component.requiredForTasks]

10:24:17.904 [main] DEBUG org.hibernate.orm.sql.ast.tree - SQL AST Tree:
    SelectStatement {
      FromClause {
        StandardTableGroup (c1 : org.frcpm.models.Component) {
          primaryTableReference : components as c1_0
        }
      }
    }

10:24:17.904 [main] DEBUG org.hibernate.persister.entity.AbstractEntityPersister - Static SQL for entity: org.frcpm.models.Component
10:24:17.904 [main] DEBUG org.hibernate.persister.entity.AbstractEntityPersister -  Version select: select id from components where id=?
10:24:17.904 [main] DEBUG org.hibernate.persister.entity.AbstractEntityPersister -  Insert (0): insert into components (actual_delivery,is_delivered,description,expected_delivery,name,part_number,id) values (?,?,?,?,?,?,default)
10:24:17.904 [main] DEBUG org.hibernate.persister.entity.AbstractEntityPersister -  Update (0): update components set actual_delivery=?,is_delivered=?,description=?,expected_delivery=?,name=?,part_number=? where id=?
10:24:17.904 [main] DEBUG org.hibernate.persister.entity.AbstractEntityPersister -  Delete (0): delete from components where id=?
10:24:17.905 [main] DEBUG org.hibernate.orm.sql.ast.create - Created new SQL alias : m1_0
10:24:17.905 [main] DEBUG org.hibernate.orm.sql.ast.create - Registration of TableGroup [StandardTableGroup(org.frcpm.models.Milestone)] with identifierForTableGroup [org.frcpm.models.Milestone] for NavigablePath [org.frcpm.models.Milestone] 
10:24:17.905 [main] DEBUG org.hibernate.orm.sql.ast.create - Registration of TableGroup [org.hibernate.sql.ast.tree.from.LazyTableGroup@5e717d03] with identifierForTableGroup [org.frcpm.models.Milestone.project] for NavigablePath [org.frcpm.models.Milestone.project] 
10:24:17.905 [main] DEBUG org.hibernate.orm.results.graph.AST - DomainResult Graph:
 \-EntityResultImpl [org.frcpm.models.Milestone]
 |  +-BasicFetch [org.frcpm.models.Milestone.date]
 |  +-BasicFetch [org.frcpm.models.Milestone.description]
 |  +-BasicFetch [org.frcpm.models.Milestone.name]
 |  \-EntityDelayedFetchImpl [org.frcpm.models.Milestone.project]

10:24:17.905 [main] DEBUG org.hibernate.orm.sql.ast.tree - SQL AST Tree:
    SelectStatement {
      FromClause {
        StandardTableGroup (m1 : org.frcpm.models.Milestone) {
          primaryTableReference : milestones as m1_0
          TableGroupJoins {
            left  join LazyTableGroup (p1 : org.frcpm.models.Milestone.project) {
            }
          }
        }
      }
    }

10:24:17.905 [main] DEBUG org.hibernate.persister.entity.AbstractEntityPersister - Static SQL for entity: org.frcpm.models.Milestone
10:24:17.905 [main] DEBUG org.hibernate.persister.entity.AbstractEntityPersister -  Version select: select id from milestones where id=?
10:24:17.905 [main] DEBUG org.hibernate.persister.entity.AbstractEntityPersister -  Insert (0): insert into milestones (date,description,name,project_id,id) values (?,?,?,?,default)
10:24:17.905 [main] DEBUG org.hibernate.persister.entity.AbstractEntityPersister -  Update (0): update milestones set date=?,description=?,name=?,project_id=? where id=?
10:24:17.905 [main] DEBUG org.hibernate.persister.entity.AbstractEntityPersister -  Delete (0): delete from milestones where id=?
10:24:17.905 [main] DEBUG org.hibernate.orm.sql.ast.create - Created new SQL alias : p1_0
10:24:17.905 [main] DEBUG org.hibernate.orm.sql.ast.create - Registration of TableGroup [StandardTableGroup(org.frcpm.models.Project)] with identifierForTableGroup [org.frcpm.models.Project] for NavigablePath [org.frcpm.models.Project] 
10:24:17.905 [main] DEBUG org.hibernate.orm.results.graph.AST - DomainResult Graph:
 \-EntityResultImpl [org.frcpm.models.Project]
 |  +-BasicFetch [org.frcpm.models.Project.description]
 |  +-BasicFetch [org.frcpm.models.Project.goalEndDate]
 |  +-BasicFetch [org.frcpm.models.Project.hardDeadline]
 |  +-DelayedCollectionFetch [org.frcpm.models.Project.meetings]
 |  +-DelayedCollectionFetch [org.frcpm.models.Project.milestones]
 |  +-BasicFetch [org.frcpm.models.Project.name]
 |  +-BasicFetch [org.frcpm.models.Project.startDate]
 |  \-DelayedCollectionFetch [org.frcpm.models.Project.tasks]

10:24:17.905 [main] DEBUG org.hibernate.orm.sql.ast.tree - SQL AST Tree:
    SelectStatement {
      FromClause {
        StandardTableGroup (p1 : org.frcpm.models.Project) {
          primaryTableReference : projects as p1_0
        }
      }
    }

10:24:17.905 [main] DEBUG org.hibernate.persister.entity.AbstractEntityPersister - Static SQL for entity: org.frcpm.models.Project
10:24:17.905 [main] DEBUG org.hibernate.persister.entity.AbstractEntityPersister -  Version select: select id from projects where id=?
10:24:17.905 [main] DEBUG org.hibernate.persister.entity.AbstractEntityPersister -  Insert (0): insert into projects (description,goal_end_date,hard_deadline,name,start_date,id) values (?,?,?,?,?,default)
10:24:17.905 [main] DEBUG org.hibernate.persister.entity.AbstractEntityPersister -  Update (0): update projects set description=?,goal_end_date=?,hard_deadline=?,name=?,start_date=? where id=?
10:24:17.905 [main] DEBUG org.hibernate.persister.entity.AbstractEntityPersister -  Delete (0): delete from projects where id=?
10:24:17.905 [main] DEBUG org.hibernate.orm.sql.ast.create - Created new SQL alias : s1_0
10:24:17.905 [main] DEBUG org.hibernate.orm.sql.ast.create - Registration of TableGroup [StandardTableGroup(org.frcpm.models.Subteam)] with identifierForTableGroup [org.frcpm.models.Subteam] for NavigablePath [org.frcpm.models.Subteam] 
10:24:17.905 [main] DEBUG org.hibernate.orm.results.graph.AST - DomainResult Graph:
 \-EntityResultImpl [org.frcpm.models.Subteam]
 |  +-BasicFetch [org.frcpm.models.Subteam.colorCode]
 |  +-DelayedCollectionFetch [org.frcpm.models.Subteam.members]
 |  +-BasicFetch [org.frcpm.models.Subteam.name]
 |  +-BasicFetch [org.frcpm.models.Subteam.specialties]
 |  \-DelayedCollectionFetch [org.frcpm.models.Subteam.subsystems]

10:24:17.905 [main] DEBUG org.hibernate.orm.sql.ast.tree - SQL AST Tree:
    SelectStatement {
      FromClause {
        StandardTableGroup (s1 : org.frcpm.models.Subteam) {
          primaryTableReference : subteams as s1_0
        }
      }
    }

10:24:17.905 [main] DEBUG org.hibernate.persister.entity.AbstractEntityPersister - Static SQL for entity: org.frcpm.models.Subteam
10:24:17.905 [main] DEBUG org.hibernate.persister.entity.AbstractEntityPersister -  Version select: select id from subteams where id=?
10:24:17.905 [main] DEBUG org.hibernate.persister.entity.AbstractEntityPersister -  Insert (0): insert into subteams (color_code,name,specialties,id) values (?,?,?,default)
10:24:17.905 [main] DEBUG org.hibernate.persister.entity.AbstractEntityPersister -  Update (0): update subteams set color_code=?,name=?,specialties=? where id=?
10:24:17.905 [main] DEBUG org.hibernate.persister.entity.AbstractEntityPersister -  Delete (0): delete from subteams where id=?
10:24:17.905 [main] DEBUG org.hibernate.orm.sql.ast.create - Created new SQL alias : t1_0
10:24:17.905 [main] DEBUG org.hibernate.orm.sql.ast.create - Registration of TableGroup [StandardTableGroup(org.frcpm.models.Task)] with identifierForTableGroup [org.frcpm.models.Task] for NavigablePath [org.frcpm.models.Task] 
10:24:17.905 [main] DEBUG org.hibernate.orm.sql.ast.create - Registration of TableGroup [org.hibernate.sql.ast.tree.from.LazyTableGroup@6a1c865d] with identifierForTableGroup [org.frcpm.models.Task.project] for NavigablePath [org.frcpm.models.Task.project] 
10:24:17.905 [main] DEBUG org.hibernate.orm.sql.ast.create - Registration of TableGroup [org.hibernate.sql.ast.tree.from.LazyTableGroup@58f11706] with identifierForTableGroup [org.frcpm.models.Task.subsystem] for NavigablePath [org.frcpm.models.Task.subsystem] 
10:24:17.905 [main] DEBUG org.hibernate.orm.results.graph.AST - DomainResult Graph:
 \-EntityResultImpl [org.frcpm.models.Task]
 |  +-BasicFetch [org.frcpm.models.Task.actualDurationSeconds]
 |  +-DelayedCollectionFetch [org.frcpm.models.Task.assignedTo]
 |  +-BasicFetch [org.frcpm.models.Task.completed]
 |  +-BasicFetch [org.frcpm.models.Task.description]
 |  +-BasicFetch [org.frcpm.models.Task.endDate]
 |  +-BasicFetch [org.frcpm.models.Task.estimatedDurationSeconds]
 |  +-DelayedCollectionFetch [org.frcpm.models.Task.postDependencies]
 |  +-DelayedCollectionFetch [org.frcpm.models.Task.preDependencies]
 |  +-BasicFetch [org.frcpm.models.Task.priority]
 |  +-BasicFetch [org.frcpm.models.Task.progress]
 |  +-EntityDelayedFetchImpl [org.frcpm.models.Task.project]
 |  +-DelayedCollectionFetch [org.frcpm.models.Task.requiredComponents]
 |  +-BasicFetch [org.frcpm.models.Task.startDate]
 |  +-EntityDelayedFetchImpl [org.frcpm.models.Task.subsystem]
 |  \-BasicFetch [org.frcpm.models.Task.title]

10:24:17.905 [main] DEBUG org.hibernate.orm.sql.ast.tree - SQL AST Tree:
    SelectStatement {
      FromClause {
        StandardTableGroup (t1 : org.frcpm.models.Task) {
          primaryTableReference : tasks as t1_0
          TableGroupJoins {
            left  join LazyTableGroup (p1 : org.frcpm.models.Task.project) {
            }
            left  join LazyTableGroup (s1 : org.frcpm.models.Task.subsystem) {
            }
          }
        }
      }
    }

10:24:17.905 [main] DEBUG org.hibernate.persister.entity.AbstractEntityPersister - Static SQL for entity: org.frcpm.models.Task
10:24:17.905 [main] DEBUG org.hibernate.persister.entity.AbstractEntityPersister -  Version select: select id from tasks where id=?
10:24:17.905 [main] DEBUG org.hibernate.persister.entity.AbstractEntityPersister -  Insert (0): insert into tasks (actual_duration_seconds,completed,description,end_date,estimated_duration_seconds,priority,progress,project_id,start_date,subsystem_id,title,id) values (?,?,?,?,?,?,?,?,?,?,?,default)
10:24:17.905 [main] DEBUG org.hibernate.persister.entity.AbstractEntityPersister -  Update (0): update tasks set actual_duration_seconds=?,completed=?,description=?,end_date=?,estimated_duration_seconds=?,priority=?,progress=?,project_id=?,start_date=?,subsystem_id=?,title=? where id=?
10:24:17.905 [main] DEBUG org.hibernate.persister.entity.AbstractEntityPersister -  Delete (0): delete from tasks where id=?
10:24:17.905 [main] DEBUG org.hibernate.orm.sql.ast.create - Created new SQL alias : tm1_0
10:24:17.905 [main] DEBUG org.hibernate.orm.sql.ast.create - Registration of TableGroup [StandardTableGroup(org.frcpm.models.TeamMember)] with identifierForTableGroup [org.frcpm.models.TeamMember] for NavigablePath [org.frcpm.models.TeamMember] 
10:24:17.905 [main] DEBUG org.hibernate.orm.sql.ast.create - Registration of TableGroup [org.hibernate.sql.ast.tree.from.LazyTableGroup@621f2fb5] with identifierForTableGroup [org.frcpm.models.TeamMember.subteam] for NavigablePath [org.frcpm.models.TeamMember.subteam] 
10:24:17.905 [main] DEBUG org.hibernate.orm.results.graph.AST - DomainResult Graph:
 \-EntityResultImpl [org.frcpm.models.TeamMember]
 |  +-DelayedCollectionFetch [org.frcpm.models.TeamMember.assignedTasks]
 |  +-DelayedCollectionFetch [org.frcpm.models.TeamMember.attendances]
 |  +-BasicFetch [org.frcpm.models.TeamMember.email]
 |  +-BasicFetch [org.frcpm.models.TeamMember.firstName]
 |  +-BasicFetch [org.frcpm.models.TeamMember.lastName]
 |  +-BasicFetch [org.frcpm.models.TeamMember.leader]
 |  +-BasicFetch [org.frcpm.models.TeamMember.phone]
 |  +-BasicFetch [org.frcpm.models.TeamMember.skills]
 |  +-EntityDelayedFetchImpl [org.frcpm.models.TeamMember.subteam]
 |  \-BasicFetch [org.frcpm.models.TeamMember.username]

10:24:17.905 [main] DEBUG org.hibernate.orm.sql.ast.tree - SQL AST Tree:
    SelectStatement {
      FromClause {
        StandardTableGroup (tm1 : org.frcpm.models.TeamMember) {
          primaryTableReference : team_members as tm1_0
          TableGroupJoins {
            left  join LazyTableGroup (s1 : org.frcpm.models.TeamMember.subteam) {
            }
          }
        }
      }
    }

10:24:17.905 [main] DEBUG org.hibernate.persister.entity.AbstractEntityPersister - Static SQL for entity: org.frcpm.models.TeamMember
10:24:17.905 [main] DEBUG org.hibernate.persister.entity.AbstractEntityPersister -  Version select: select id from team_members where id=?
10:24:17.905 [main] DEBUG org.hibernate.persister.entity.AbstractEntityPersister -  Insert (0): insert into team_members (email,first_name,last_name,is_leader,phone,skills,subteam_id,username,id) values (?,?,?,?,?,?,?,?,default)
10:24:17.905 [main] DEBUG org.hibernate.persister.entity.AbstractEntityPersister -  Update (0): update team_members set email=?,first_name=?,last_name=?,is_leader=?,phone=?,skills=?,subteam_id=?,username=? where id=?
10:24:17.905 [main] DEBUG org.hibernate.persister.entity.AbstractEntityPersister -  Delete (0): delete from team_members where id=?
10:24:17.905 [main] DEBUG org.hibernate.orm.sql.ast.create - Created new SQL alias : at1_0
10:24:17.905 [main] DEBUG org.hibernate.orm.sql.ast.create - Registration of TableGroup [CollectionTableGroup(org.frcpm.models.Task.assignedTo)] with identifierForTableGroup [org.frcpm.models.Task.assignedTo] for NavigablePath [org.frcpm.models.Task.assignedTo] 
10:24:17.905 [main] DEBUG org.hibernate.orm.sql.ast.create - Registration of TableGroup [org.hibernate.sql.ast.tree.from.LazyTableGroup@22623fe5] with identifierForTableGroup [org.frcpm.models.Task.assignedTo.{element}] for NavigablePath [org.frcpm.models.Task.assignedTo.{element}] 
10:24:17.905 [main] DEBUG org.hibernate.orm.sql.ast.create - Created new SQL alias : at1_1
10:24:17.905 [main] DEBUG org.hibernate.orm.sql.ast.create - Registration of TableGroup [org.hibernate.sql.ast.tree.from.LazyTableGroup@35da6ec2] with identifierForTableGroup [org.frcpm.models.Task.assignedTo.{element}.subteam] for NavigablePath [org.frcpm.models.Task.assignedTo.{element}.subteam] 
10:24:17.905 [main] DEBUG org.hibernate.orm.results.graph.AST - DomainResult Graph:
 \-CollectionDomainResult [org.frcpm.models.Task.assignedTo]

10:24:17.905 [main] DEBUG org.hibernate.orm.sql.ast.tree - SQL AST Tree:
    SelectStatement {
      FromClause {
        CollectionTableGroup (at1 : org.frcpm.models.Task.assignedTo) {
          primaryTableReference : task_assignments as at1_0
          TableGroupJoins {
             join LazyTableGroup (at1 : org.frcpm.models.Task.assignedTo.{element}) {
              primaryTableReference : team_members as at1_1
              TableGroupJoins {
                left  join LazyTableGroup (s1 : org.frcpm.models.Task.assignedTo.{element}.subteam) {
                }
              }
            }
          }
        }
      }
    }

10:24:17.905 [main] DEBUG org.hibernate.orm.jdbc.mutation - Static SQL for collection: org.frcpm.models.Task.assignedTo
10:24:17.905 [main] DEBUG org.hibernate.orm.jdbc.mutation -  Row insert: insert into task_assignments (task_id,team_member_id) values (?,?)
10:24:17.905 [main] DEBUG org.hibernate.orm.jdbc.mutation -  Row delete: delete from task_assignments where task_id=? and team_member_id=?
10:24:17.905 [main] DEBUG org.hibernate.orm.jdbc.mutation -  One-shot delete: delete from task_assignments where task_id=?
10:24:17.905 [main] DEBUG org.hibernate.orm.sql.ast.create - Created new SQL alias : t1_0
10:24:17.905 [main] DEBUG org.hibernate.orm.sql.ast.create - Registration of TableGroup [org.hibernate.sql.ast.tree.from.OneToManyTableGroup@26ab212f] with identifierForTableGroup [org.frcpm.models.Subsystem.tasks] for NavigablePath [org.frcpm.models.Subsystem.tasks] 
10:24:17.905 [main] DEBUG org.hibernate.orm.sql.ast.create - Registration of TableGroup [StandardTableGroup(org.frcpm.models.Subsystem.tasks.{element})] with identifierForTableGroup [org.frcpm.models.Subsystem.tasks.{element}] for NavigablePath [org.frcpm.models.Subsystem.tasks.{element}] 
10:24:17.906 [main] DEBUG org.hibernate.orm.sql.ast.create - Registration of TableGroup [org.hibernate.sql.ast.tree.from.LazyTableGroup@37e7eed4] with identifierForTableGroup [org.frcpm.models.Subsystem.tasks.{element}.project] for NavigablePath [org.frcpm.models.Subsystem.tasks.{element}.project] 
10:24:17.906 [main] DEBUG org.hibernate.orm.sql.ast.create - Registration of TableGroup [org.hibernate.sql.ast.tree.from.LazyTableGroup@27783254] with identifierForTableGroup [org.frcpm.models.Subsystem.tasks.{element}.subsystem] for NavigablePath [org.frcpm.models.Subsystem.tasks.{element}.subsystem] 
10:24:17.906 [main] DEBUG org.hibernate.orm.results.graph.AST - DomainResult Graph:
 \-CollectionDomainResult [org.frcpm.models.Subsystem.tasks]

10:24:17.906 [main] DEBUG org.hibernate.orm.sql.ast.tree - SQL AST Tree:
    SelectStatement {
      FromClause {
        OneToManyTableGroup (t1 : org.frcpm.models.Subsystem.tasks) {
          primaryTableReference : tasks as t1_0
          TableGroupJoins {
            left  join LazyTableGroup (p1 : org.frcpm.models.Subsystem.tasks.{element}.project) {
            }
            left  join LazyTableGroup (s1 : org.frcpm.models.Subsystem.tasks.{element}.subsystem) {
            }
          }
        }
      }
    }

10:24:17.906 [main] DEBUG org.hibernate.orm.jdbc.mutation - Static SQL for collection: org.frcpm.models.Subsystem.tasks
10:24:17.906 [main] DEBUG org.hibernate.orm.sql.ast.create - Created new SQL alias : m1_0
10:24:17.906 [main] DEBUG org.hibernate.orm.sql.ast.create - Registration of TableGroup [org.hibernate.sql.ast.tree.from.OneToManyTableGroup@503c1943] with identifierForTableGroup [org.frcpm.models.Subteam.members] for NavigablePath [org.frcpm.models.Subteam.members] 
10:24:17.906 [main] DEBUG org.hibernate.orm.sql.ast.create - Registration of TableGroup [StandardTableGroup(org.frcpm.models.Subteam.members.{element})] with identifierForTableGroup [org.frcpm.models.Subteam.members.{element}] for NavigablePath [org.frcpm.models.Subteam.members.{element}] 
10:24:17.906 [main] DEBUG org.hibernate.orm.sql.ast.create - Registration of TableGroup [org.hibernate.sql.ast.tree.from.LazyTableGroup@57b92896] with identifierForTableGroup [org.frcpm.models.Subteam.members.{element}.subteam] for NavigablePath [org.frcpm.models.Subteam.members.{element}.subteam] 
10:24:17.906 [main] DEBUG org.hibernate.orm.results.graph.AST - DomainResult Graph:
 \-CollectionDomainResult [org.frcpm.models.Subteam.members]

10:24:17.906 [main] DEBUG org.hibernate.orm.sql.ast.tree - SQL AST Tree:
    SelectStatement {
      FromClause {
        OneToManyTableGroup (m1 : org.frcpm.models.Subteam.members) {
          primaryTableReference : team_members as m1_0
          TableGroupJoins {
            left  join LazyTableGroup (s1 : org.frcpm.models.Subteam.members.{element}.subteam) {
            }
          }
        }
      }
    }

10:24:17.906 [main] DEBUG org.hibernate.orm.jdbc.mutation - Static SQL for collection: org.frcpm.models.Subteam.members
10:24:17.906 [main] DEBUG org.hibernate.orm.sql.ast.create - Created new SQL alias : a1_0
10:24:17.906 [main] DEBUG org.hibernate.orm.sql.ast.create - Registration of TableGroup [org.hibernate.sql.ast.tree.from.OneToManyTableGroup@470822f9] with identifierForTableGroup [org.frcpm.models.TeamMember.attendances] for NavigablePath [org.frcpm.models.TeamMember.attendances] 
10:24:17.906 [main] DEBUG org.hibernate.orm.sql.ast.create - Registration of TableGroup [StandardTableGroup(org.frcpm.models.TeamMember.attendances.{element})] with identifierForTableGroup [org.frcpm.models.TeamMember.attendances.{element}] for NavigablePath [org.frcpm.models.TeamMember.attendances.{element}] 
10:24:17.906 [main] DEBUG org.hibernate.orm.sql.ast.create - Registration of TableGroup [org.hibernate.sql.ast.tree.from.LazyTableGroup@774ecd5a] with identifierForTableGroup [org.frcpm.models.TeamMember.attendances.{element}.meeting] for NavigablePath [org.frcpm.models.TeamMember.attendances.{element}.meeting] 
10:24:17.906 [main] DEBUG org.hibernate.orm.sql.ast.create - Registration of TableGroup [org.hibernate.sql.ast.tree.from.LazyTableGroup@7256b95d] with identifierForTableGroup [org.frcpm.models.TeamMember.attendances.{element}.member] for NavigablePath [org.frcpm.models.TeamMember.attendances.{element}.member] 
10:24:17.906 [main] DEBUG org.hibernate.orm.results.graph.AST - DomainResult Graph:
 \-CollectionDomainResult [org.frcpm.models.TeamMember.attendances]

10:24:17.906 [main] DEBUG org.hibernate.orm.sql.ast.tree - SQL AST Tree:
    SelectStatement {
      FromClause {
        OneToManyTableGroup (a1 : org.frcpm.models.TeamMember.attendances) {
          primaryTableReference : attendances as a1_0
          TableGroupJoins {
            left  join LazyTableGroup (m1 : org.frcpm.models.TeamMember.attendances.{element}.meeting) {
            }
            left  join LazyTableGroup (m2 : org.frcpm.models.TeamMember.attendances.{element}.member) {
            }
          }
        }
      }
    }

10:24:17.906 [main] DEBUG org.hibernate.orm.jdbc.mutation - Static SQL for collection: org.frcpm.models.TeamMember.attendances
10:24:17.906 [main] DEBUG org.hibernate.orm.sql.ast.create - Created new SQL alias : rc1_0
10:24:17.906 [main] DEBUG org.hibernate.orm.sql.ast.create - Registration of TableGroup [CollectionTableGroup(org.frcpm.models.Task.requiredComponents)] with identifierForTableGroup [org.frcpm.models.Task.requiredComponents] for NavigablePath [org.frcpm.models.Task.requiredComponents] 
10:24:17.906 [main] DEBUG org.hibernate.orm.sql.ast.create - Registration of TableGroup [org.hibernate.sql.ast.tree.from.LazyTableGroup@75ea65da] with identifierForTableGroup [org.frcpm.models.Task.requiredComponents.{element}] for NavigablePath [org.frcpm.models.Task.requiredComponents.{element}] 
10:24:17.906 [main] DEBUG org.hibernate.orm.sql.ast.create - Created new SQL alias : rc1_1
10:24:17.906 [main] DEBUG org.hibernate.orm.results.graph.AST - DomainResult Graph:
 \-CollectionDomainResult [org.frcpm.models.Task.requiredComponents]

10:24:17.906 [main] DEBUG org.hibernate.orm.sql.ast.tree - SQL AST Tree:
    SelectStatement {
      FromClause {
        CollectionTableGroup (rc1 : org.frcpm.models.Task.requiredComponents) {
          primaryTableReference : task_components as rc1_0
          TableGroupJoins {
             join LazyTableGroup (rc1 : org.frcpm.models.Task.requiredComponents.{element}) {
              primaryTableReference : components as rc1_1
            }
          }
        }
      }
    }

10:24:17.906 [main] DEBUG org.hibernate.orm.jdbc.mutation - Static SQL for collection: org.frcpm.models.Task.requiredComponents
10:24:17.906 [main] DEBUG org.hibernate.orm.jdbc.mutation -  Row insert: insert into task_components (task_id,component_id) values (?,?)
10:24:17.906 [main] DEBUG org.hibernate.orm.jdbc.mutation -  Row delete: delete from task_components where task_id=? and component_id=?
10:24:17.906 [main] DEBUG org.hibernate.orm.jdbc.mutation -  One-shot delete: delete from task_components where task_id=?
10:24:17.906 [main] DEBUG org.hibernate.orm.sql.ast.create - Created new SQL alias : s1_0
10:24:17.906 [main] DEBUG org.hibernate.orm.sql.ast.create - Registration of TableGroup [org.hibernate.sql.ast.tree.from.OneToManyTableGroup@59cf130f] with identifierForTableGroup [org.frcpm.models.Subteam.subsystems] for NavigablePath [org.frcpm.models.Subteam.subsystems] 
10:24:17.906 [main] DEBUG org.hibernate.orm.sql.ast.create - Registration of TableGroup [StandardTableGroup(org.frcpm.models.Subteam.subsystems.{element})] with identifierForTableGroup [org.frcpm.models.Subteam.subsystems.{element}] for NavigablePath [org.frcpm.models.Subteam.subsystems.{element}] 
10:24:17.906 [main] DEBUG org.hibernate.orm.sql.ast.create - Registration of TableGroup [org.hibernate.sql.ast.tree.from.LazyTableGroup@322106c8] with identifierForTableGroup [org.frcpm.models.Subteam.subsystems.{element}.responsibleSubteam] for NavigablePath [org.frcpm.models.Subteam.subsystems.{element}.responsibleSubteam] 
10:24:17.906 [main] DEBUG org.hibernate.orm.results.graph.AST - DomainResult Graph:
 \-CollectionDomainResult [org.frcpm.models.Subteam.subsystems]

10:24:17.906 [main] DEBUG org.hibernate.orm.sql.ast.tree - SQL AST Tree:
    SelectStatement {
      FromClause {
        OneToManyTableGroup (s1 : org.frcpm.models.Subteam.subsystems) {
          primaryTableReference : subsystems as s1_0
          TableGroupJoins {
            left  join LazyTableGroup (rs1 : org.frcpm.models.Subteam.subsystems.{element}.responsibleSubteam) {
            }
          }
        }
      }
    }

10:24:17.906 [main] DEBUG org.hibernate.orm.jdbc.mutation - Static SQL for collection: org.frcpm.models.Subteam.subsystems
10:24:17.906 [main] DEBUG org.hibernate.orm.sql.ast.create - Created new SQL alias : pd1_0
10:24:17.906 [main] DEBUG org.hibernate.orm.sql.ast.create - Registration of TableGroup [CollectionTableGroup(org.frcpm.models.Task.preDependencies)] with identifierForTableGroup [org.frcpm.models.Task.preDependencies] for NavigablePath [org.frcpm.models.Task.preDependencies] 
10:24:17.906 [main] DEBUG org.hibernate.orm.sql.ast.create - Registration of TableGroup [org.hibernate.sql.ast.tree.from.LazyTableGroup@671cec85] with identifierForTableGroup [org.frcpm.models.Task.preDependencies.{element}] for NavigablePath [org.frcpm.models.Task.preDependencies.{element}] 
10:24:17.906 [main] DEBUG org.hibernate.orm.sql.ast.create - Created new SQL alias : pd1_1
10:24:17.906 [main] DEBUG org.hibernate.orm.sql.ast.create - Registration of TableGroup [org.hibernate.sql.ast.tree.from.LazyTableGroup@466acc02] with identifierForTableGroup [org.frcpm.models.Task.preDependencies.{element}.project] for NavigablePath [org.frcpm.models.Task.preDependencies.{element}.project] 
10:24:17.906 [main] DEBUG org.hibernate.orm.sql.ast.create - Registration of TableGroup [org.hibernate.sql.ast.tree.from.LazyTableGroup@2c8348f3] with identifierForTableGroup [org.frcpm.models.Task.preDependencies.{element}.subsystem] for NavigablePath [org.frcpm.models.Task.preDependencies.{element}.subsystem] 
10:24:17.906 [main] DEBUG org.hibernate.orm.results.graph.AST - DomainResult Graph:
 \-CollectionDomainResult [org.frcpm.models.Task.preDependencies]

10:24:17.906 [main] DEBUG org.hibernate.orm.sql.ast.tree - SQL AST Tree:
    SelectStatement {
      FromClause {
        CollectionTableGroup (pd1 : org.frcpm.models.Task.preDependencies) {
          primaryTableReference : task_dependencies as pd1_0
          TableGroupJoins {
             join LazyTableGroup (pd1 : org.frcpm.models.Task.preDependencies.{element}) {
              primaryTableReference : tasks as pd1_1
              TableGroupJoins {
                left  join LazyTableGroup (p1 : org.frcpm.models.Task.preDependencies.{element}.project) {
                }
                left  join LazyTableGroup (s1 : org.frcpm.models.Task.preDependencies.{element}.subsystem) {
                }
              }
            }
          }
        }
      }
    }

10:24:17.907 [main] DEBUG org.hibernate.orm.jdbc.mutation - Static SQL for collection: org.frcpm.models.Task.preDependencies
10:24:17.907 [main] DEBUG org.hibernate.orm.jdbc.mutation -  Row insert: insert into task_dependencies (task_id,dependency_id) values (?,?)
10:24:17.907 [main] DEBUG org.hibernate.orm.jdbc.mutation -  Row delete: delete from task_dependencies where task_id=? and dependency_id=?
10:24:17.907 [main] DEBUG org.hibernate.orm.jdbc.mutation -  One-shot delete: delete from task_dependencies where task_id=?
10:24:17.907 [main] DEBUG org.hibernate.orm.sql.ast.create - Created new SQL alias : m1_0
10:24:17.907 [main] DEBUG org.hibernate.orm.sql.ast.create - Registration of TableGroup [org.hibernate.sql.ast.tree.from.OneToManyTableGroup@1607a212] with identifierForTableGroup [org.frcpm.models.Project.milestones] for NavigablePath [org.frcpm.models.Project.milestones] 
10:24:17.907 [main] DEBUG org.hibernate.orm.sql.ast.create - Registration of TableGroup [StandardTableGroup(org.frcpm.models.Project.milestones.{element})] with identifierForTableGroup [org.frcpm.models.Project.milestones.{element}] for NavigablePath [org.frcpm.models.Project.milestones.{element}] 
10:24:17.907 [main] DEBUG org.hibernate.orm.sql.ast.create - Registration of TableGroup [org.hibernate.sql.ast.tree.from.LazyTableGroup@2af1ec4d] with identifierForTableGroup [org.frcpm.models.Project.milestones.{element}.project] for NavigablePath [org.frcpm.models.Project.milestones.{element}.project] 
10:24:17.907 [main] DEBUG org.hibernate.orm.results.graph.AST - DomainResult Graph:
 \-CollectionDomainResult [org.frcpm.models.Project.milestones]

10:24:17.907 [main] DEBUG org.hibernate.orm.sql.ast.tree - SQL AST Tree:
    SelectStatement {
      FromClause {
        OneToManyTableGroup (m1 : org.frcpm.models.Project.milestones) {
          primaryTableReference : milestones as m1_0
          TableGroupJoins {
            left  join LazyTableGroup (p1 : org.frcpm.models.Project.milestones.{element}.project) {
            }
          }
        }
      }
    }

10:24:17.907 [main] DEBUG org.hibernate.orm.jdbc.mutation - Static SQL for collection: org.frcpm.models.Project.milestones
10:24:17.907 [main] DEBUG org.hibernate.orm.sql.ast.create - Created new SQL alias : rft1_0
10:24:17.907 [main] DEBUG org.hibernate.orm.sql.ast.create - Registration of TableGroup [CollectionTableGroup(org.frcpm.models.Component.requiredForTasks)] with identifierForTableGroup [org.frcpm.models.Component.requiredForTasks] for NavigablePath [org.frcpm.models.Component.requiredForTasks] 
10:24:17.907 [main] DEBUG org.hibernate.orm.sql.ast.create - Registration of TableGroup [org.hibernate.sql.ast.tree.from.LazyTableGroup@2542f767] with identifierForTableGroup [org.frcpm.models.Component.requiredForTasks.{element}] for NavigablePath [org.frcpm.models.Component.requiredForTasks.{element}] 
10:24:17.907 [main] DEBUG org.hibernate.orm.sql.ast.create - Created new SQL alias : rft1_1
10:24:17.908 [main] DEBUG org.hibernate.orm.sql.ast.create - Registration of TableGroup [org.hibernate.sql.ast.tree.from.LazyTableGroup@e7ed6ef] with identifierForTableGroup [org.frcpm.models.Component.requiredForTasks.{element}.project] for NavigablePath [org.frcpm.models.Component.requiredForTasks.{element}.project] 
10:24:17.908 [main] DEBUG org.hibernate.orm.sql.ast.create - Registration of TableGroup [org.hibernate.sql.ast.tree.from.LazyTableGroup@283377e8] with identifierForTableGroup [org.frcpm.models.Component.requiredForTasks.{element}.subsystem] for NavigablePath [org.frcpm.models.Component.requiredForTasks.{element}.subsystem] 
10:24:17.908 [main] DEBUG org.hibernate.orm.results.graph.AST - DomainResult Graph:
 \-CollectionDomainResult [org.frcpm.models.Component.requiredForTasks]

10:24:17.908 [main] DEBUG org.hibernate.orm.sql.ast.tree - SQL AST Tree:
    SelectStatement {
      FromClause {
        CollectionTableGroup (rft1 : org.frcpm.models.Component.requiredForTasks) {
          primaryTableReference : task_components as rft1_0
          TableGroupJoins {
             join LazyTableGroup (rft1 : org.frcpm.models.Component.requiredForTasks.{element}) {
              primaryTableReference : tasks as rft1_1
              TableGroupJoins {
                left  join LazyTableGroup (p1 : org.frcpm.models.Component.requiredForTasks.{element}.project) {
                }
                left  join LazyTableGroup (s1 : org.frcpm.models.Component.requiredForTasks.{element}.subsystem) {
                }
              }
            }
          }
        }
      }
    }

10:24:17.908 [main] DEBUG org.hibernate.orm.jdbc.mutation - Static SQL for collection: org.frcpm.models.Component.requiredForTasks
10:24:17.908 [main] DEBUG org.hibernate.orm.sql.ast.create - Created new SQL alias : m1_0
10:24:17.908 [main] DEBUG org.hibernate.orm.sql.ast.create - Registration of TableGroup [org.hibernate.sql.ast.tree.from.OneToManyTableGroup@62c92058] with identifierForTableGroup [org.frcpm.models.Project.meetings] for NavigablePath [org.frcpm.models.Project.meetings] 
10:24:17.908 [main] DEBUG org.hibernate.orm.sql.ast.create - Registration of TableGroup [StandardTableGroup(org.frcpm.models.Project.meetings.{element})] with identifierForTableGroup [org.frcpm.models.Project.meetings.{element}] for NavigablePath [org.frcpm.models.Project.meetings.{element}] 
10:24:17.908 [main] DEBUG org.hibernate.orm.sql.ast.create - Registration of TableGroup [org.hibernate.sql.ast.tree.from.LazyTableGroup@f6b6b60] with identifierForTableGroup [org.frcpm.models.Project.meetings.{element}.project] for NavigablePath [org.frcpm.models.Project.meetings.{element}.project] 
10:24:17.908 [main] DEBUG org.hibernate.orm.results.graph.AST - DomainResult Graph:
 \-CollectionDomainResult [org.frcpm.models.Project.meetings]

10:24:17.908 [main] DEBUG org.hibernate.orm.sql.ast.tree - SQL AST Tree:
    SelectStatement {
      FromClause {
        OneToManyTableGroup (m1 : org.frcpm.models.Project.meetings) {
          primaryTableReference : meetings as m1_0
          TableGroupJoins {
            left  join LazyTableGroup (p1 : org.frcpm.models.Project.meetings.{element}.project) {
            }
          }
        }
      }
    }

10:24:17.908 [main] DEBUG org.hibernate.orm.jdbc.mutation - Static SQL for collection: org.frcpm.models.Project.meetings
10:24:17.908 [main] DEBUG org.hibernate.orm.sql.ast.create - Created new SQL alias : at1_0
10:24:17.908 [main] DEBUG org.hibernate.orm.sql.ast.create - Registration of TableGroup [CollectionTableGroup(org.frcpm.models.TeamMember.assignedTasks)] with identifierForTableGroup [org.frcpm.models.TeamMember.assignedTasks] for NavigablePath [org.frcpm.models.TeamMember.assignedTasks] 
10:24:17.908 [main] DEBUG org.hibernate.orm.sql.ast.create - Registration of TableGroup [org.hibernate.sql.ast.tree.from.LazyTableGroup@64d6e8ea] with identifierForTableGroup [org.frcpm.models.TeamMember.assignedTasks.{element}] for NavigablePath [org.frcpm.models.TeamMember.assignedTasks.{element}] 
10:24:17.909 [main] DEBUG org.hibernate.orm.sql.ast.create - Created new SQL alias : at1_1
10:24:17.909 [main] DEBUG org.hibernate.orm.sql.ast.create - Registration of TableGroup [org.hibernate.sql.ast.tree.from.LazyTableGroup@4f36cfc8] with identifierForTableGroup [org.frcpm.models.TeamMember.assignedTasks.{element}.project] for NavigablePath [org.frcpm.models.TeamMember.assignedTasks.{element}.project] 
10:24:17.909 [main] DEBUG org.hibernate.orm.sql.ast.create - Registration of TableGroup [org.hibernate.sql.ast.tree.from.LazyTableGroup@196815c] with identifierForTableGroup [org.frcpm.models.TeamMember.assignedTasks.{element}.subsystem] for NavigablePath [org.frcpm.models.TeamMember.assignedTasks.{element}.subsystem] 
10:24:17.909 [main] DEBUG org.hibernate.orm.results.graph.AST - DomainResult Graph:
 \-CollectionDomainResult [org.frcpm.models.TeamMember.assignedTasks]

10:24:17.909 [main] DEBUG org.hibernate.orm.sql.ast.tree - SQL AST Tree:
    SelectStatement {
      FromClause {
        CollectionTableGroup (at1 : org.frcpm.models.TeamMember.assignedTasks) {
          primaryTableReference : task_assignments as at1_0
          TableGroupJoins {
             join LazyTableGroup (at1 : org.frcpm.models.TeamMember.assignedTasks.{element}) {
              primaryTableReference : tasks as at1_1
              TableGroupJoins {
                left  join LazyTableGroup (p1 : org.frcpm.models.TeamMember.assignedTasks.{element}.project) {
                }
                left  join LazyTableGroup (s1 : org.frcpm.models.TeamMember.assignedTasks.{element}.subsystem) {
                }
              }
            }
          }
        }
      }
    }

10:24:17.909 [main] DEBUG org.hibernate.orm.jdbc.mutation - Static SQL for collection: org.frcpm.models.TeamMember.assignedTasks
10:24:17.909 [main] DEBUG org.hibernate.orm.sql.ast.create - Created new SQL alias : a1_0
10:24:17.909 [main] DEBUG org.hibernate.orm.sql.ast.create - Registration of TableGroup [org.hibernate.sql.ast.tree.from.OneToManyTableGroup@2b657521] with identifierForTableGroup [org.frcpm.models.Meeting.attendances] for NavigablePath [org.frcpm.models.Meeting.attendances] 
10:24:17.909 [main] DEBUG org.hibernate.orm.sql.ast.create - Registration of TableGroup [StandardTableGroup(org.frcpm.models.Meeting.attendances.{element})] with identifierForTableGroup [org.frcpm.models.Meeting.attendances.{element}] for NavigablePath [org.frcpm.models.Meeting.attendances.{element}] 
10:24:17.909 [main] DEBUG org.hibernate.orm.sql.ast.create - Registration of TableGroup [org.hibernate.sql.ast.tree.from.LazyTableGroup@24516edd] with identifierForTableGroup [org.frcpm.models.Meeting.attendances.{element}.meeting] for NavigablePath [org.frcpm.models.Meeting.attendances.{element}.meeting] 
10:24:17.909 [main] DEBUG org.hibernate.orm.sql.ast.create - Registration of TableGroup [org.hibernate.sql.ast.tree.from.LazyTableGroup@661ad831] with identifierForTableGroup [org.frcpm.models.Meeting.attendances.{element}.member] for NavigablePath [org.frcpm.models.Meeting.attendances.{element}.member] 
10:24:17.909 [main] DEBUG org.hibernate.orm.results.graph.AST - DomainResult Graph:
 \-CollectionDomainResult [org.frcpm.models.Meeting.attendances]

10:24:17.909 [main] DEBUG org.hibernate.orm.sql.ast.tree - SQL AST Tree:
    SelectStatement {
      FromClause {
        OneToManyTableGroup (a1 : org.frcpm.models.Meeting.attendances) {
          primaryTableReference : attendances as a1_0
          TableGroupJoins {
            left  join LazyTableGroup (m1 : org.frcpm.models.Meeting.attendances.{element}.meeting) {
            }
            left  join LazyTableGroup (m2 : org.frcpm.models.Meeting.attendances.{element}.member) {
            }
          }
        }
      }
    }

10:24:17.909 [main] DEBUG org.hibernate.orm.jdbc.mutation - Static SQL for collection: org.frcpm.models.Meeting.attendances
10:24:17.909 [main] DEBUG org.hibernate.orm.sql.ast.create - Created new SQL alias : pd1_0
10:24:17.909 [main] DEBUG org.hibernate.orm.sql.ast.create - Registration of TableGroup [CollectionTableGroup(org.frcpm.models.Task.postDependencies)] with identifierForTableGroup [org.frcpm.models.Task.postDependencies] for NavigablePath [org.frcpm.models.Task.postDependencies] 
10:24:17.909 [main] DEBUG org.hibernate.orm.sql.ast.create - Registration of TableGroup [org.hibernate.sql.ast.tree.from.LazyTableGroup@49ded83f] with identifierForTableGroup [org.frcpm.models.Task.postDependencies.{element}] for NavigablePath [org.frcpm.models.Task.postDependencies.{element}] 
10:24:17.910 [main] DEBUG org.hibernate.orm.sql.ast.create - Created new SQL alias : pd1_1
10:24:17.910 [main] DEBUG org.hibernate.orm.sql.ast.create - Registration of TableGroup [org.hibernate.sql.ast.tree.from.LazyTableGroup@1c4845a9] with identifierForTableGroup [org.frcpm.models.Task.postDependencies.{element}.project] for NavigablePath [org.frcpm.models.Task.postDependencies.{element}.project] 
10:24:17.910 [main] DEBUG org.hibernate.orm.sql.ast.create - Registration of TableGroup [org.hibernate.sql.ast.tree.from.LazyTableGroup@798d367e] with identifierForTableGroup [org.frcpm.models.Task.postDependencies.{element}.subsystem] for NavigablePath [org.frcpm.models.Task.postDependencies.{element}.subsystem] 
10:24:17.910 [main] DEBUG org.hibernate.orm.results.graph.AST - DomainResult Graph:
 \-CollectionDomainResult [org.frcpm.models.Task.postDependencies]

10:24:17.910 [main] DEBUG org.hibernate.orm.sql.ast.tree - SQL AST Tree:
    SelectStatement {
      FromClause {
        CollectionTableGroup (pd1 : org.frcpm.models.Task.postDependencies) {
          primaryTableReference : task_dependencies as pd1_0
          TableGroupJoins {
             join LazyTableGroup (pd1 : org.frcpm.models.Task.postDependencies.{element}) {
              primaryTableReference : tasks as pd1_1
              TableGroupJoins {
                left  join LazyTableGroup (p1 : org.frcpm.models.Task.postDependencies.{element}.project) {
                }
                left  join LazyTableGroup (s1 : org.frcpm.models.Task.postDependencies.{element}.subsystem) {
                }
              }
            }
          }
        }
      }
    }

10:24:17.910 [main] DEBUG org.hibernate.orm.jdbc.mutation - Static SQL for collection: org.frcpm.models.Task.postDependencies
10:24:17.910 [main] DEBUG org.hibernate.orm.sql.ast.create - Created new SQL alias : t1_0
10:24:17.910 [main] DEBUG org.hibernate.orm.sql.ast.create - Registration of TableGroup [org.hibernate.sql.ast.tree.from.OneToManyTableGroup@18966621] with identifierForTableGroup [org.frcpm.models.Project.tasks] for NavigablePath [org.frcpm.models.Project.tasks] 
10:24:17.910 [main] DEBUG org.hibernate.orm.sql.ast.create - Registration of TableGroup [StandardTableGroup(org.frcpm.models.Project.tasks.{element})] with identifierForTableGroup [org.frcpm.models.Project.tasks.{element}] for NavigablePath [org.frcpm.models.Project.tasks.{element}] 
10:24:17.910 [main] DEBUG org.hibernate.orm.sql.ast.create - Registration of TableGroup [org.hibernate.sql.ast.tree.from.LazyTableGroup@2a6d79b7] with identifierForTableGroup [org.frcpm.models.Project.tasks.{element}.project] for NavigablePath [org.frcpm.models.Project.tasks.{element}.project] 
10:24:17.910 [main] DEBUG org.hibernate.orm.sql.ast.create - Registration of TableGroup [org.hibernate.sql.ast.tree.from.LazyTableGroup@14721adc] with identifierForTableGroup [org.frcpm.models.Project.tasks.{element}.subsystem] for NavigablePath [org.frcpm.models.Project.tasks.{element}.subsystem] 
10:24:17.910 [main] DEBUG org.hibernate.orm.results.graph.AST - DomainResult Graph:
 \-CollectionDomainResult [org.frcpm.models.Project.tasks]

10:24:17.910 [main] DEBUG org.hibernate.orm.sql.ast.tree - SQL AST Tree:
    SelectStatement {
      FromClause {
        OneToManyTableGroup (t1 : org.frcpm.models.Project.tasks) {
          primaryTableReference : tasks as t1_0
          TableGroupJoins {
            left  join LazyTableGroup (p1 : org.frcpm.models.Project.tasks.{element}.project) {
            }
            left  join LazyTableGroup (s1 : org.frcpm.models.Project.tasks.{element}.subsystem) {
            }
          }
        }
      }
    }

10:24:17.910 [main] DEBUG org.hibernate.orm.jdbc.mutation - Static SQL for collection: org.frcpm.models.Project.tasks
10:24:17.915 [FRC-PM-HikariCP housekeeper] DEBUG com.zaxxer.hikari.pool.HikariPool - FRC-PM-HikariCP - Before cleanup stats (total=1, active=0, idle=1, waiting=0)
10:24:17.915 [FRC-PM-HikariCP housekeeper] DEBUG com.zaxxer.hikari.pool.HikariPool - FRC-PM-HikariCP - After cleanup  stats (total=1, active=0, idle=1, waiting=0)
10:24:17.918 [FRC-PM-HikariCP connection adder] DEBUG com.zaxxer.hikari.pool.HikariPool - FRC-PM-HikariCP - Added connection conn28: url=jdbc:h2:file:C:\Users\dhiebert\.frcpm\frcpm user=SA
10:24:17.918 [main] DEBUG org.hibernate.type.spi.TypeConfiguration$Scope - Scoping TypeConfiguration [org.hibernate.type.spi.TypeConfiguration@4bd08043] to SessionFactoryImplementor [org.hibernate.internal.SessionFactoryImpl@1e7902cf]
10:24:17.918 [main] DEBUG org.hibernate.query.named.NamedObjectRepository - Checking 0 named HQL queries
10:24:17.918 [main] DEBUG org.hibernate.query.named.NamedObjectRepository - Checking 0 named SQL queries
10:24:17.919 [main] DEBUG org.hibernate.mapping.Table - No alter strings for table : attendances
10:24:17.919 [main] DEBUG org.hibernate.SQL - alter table if exists components alter column description set data type TEXT
10:24:17.919 [main] DEBUG org.hibernate.SQL - alter table if exists meetings alter column notes set data type TEXT
10:24:17.919 [main] DEBUG org.hibernate.SQL - alter table if exists milestones alter column description set data type TEXT
10:24:17.919 [main] DEBUG org.hibernate.SQL - alter table if exists projects alter column description set data type TEXT
10:24:17.919 [main] DEBUG org.hibernate.SQL - alter table if exists subsystems alter column description set data type TEXT
10:24:17.919 [main] DEBUG org.hibernate.SQL - alter table if exists subteams alter column specialties set data type TEXT
10:24:17.920 [main] DEBUG org.hibernate.mapping.Table - No alter strings for table : task_assignments
10:24:17.920 [main] DEBUG org.hibernate.mapping.Table - No alter strings for table : task_components
10:24:17.920 [main] DEBUG org.hibernate.mapping.Table - No alter strings for table : task_dependencies
10:24:17.920 [main] DEBUG org.hibernate.SQL - alter table if exists tasks alter column description set data type TEXT
10:24:17.920 [main] DEBUG org.hibernate.SQL - alter table if exists team_members alter column skills set data type TEXT
10:24:17.920 [main] DEBUG org.hibernate.SQL - alter table if exists attendances drop constraint if exists UKa8ydr6vrgbux3a27v7enb0y3x
10:24:17.920 [main] DEBUG org.hibernate.SQL - alter table if exists attendances add constraint UKa8ydr6vrgbux3a27v7enb0y3x unique (meeting_id, member_id)
10:24:17.924 [main] DEBUG org.hibernate.internal.SessionFactoryRegistry - Registering SessionFactory: 1932ae19-a368-472d-9380-252be598ca47 (<unnamed>)
10:24:17.924 [main] DEBUG org.hibernate.internal.SessionFactoryRegistry - Not binding SessionFactory to JNDI, no JNDI name configured
10:24:17.924 [main] DEBUG org.hibernate.internal.SessionFactoryImpl - Instantiated SessionFactory
10:24:17.924 [main] DEBUG org.hibernate.stat.internal.StatisticsInitiator - Statistics initialized [enabled=false]
10:24:17.925 [main] DEBUG org.hibernate.engine.transaction.internal.TransactionImpl - On TransactionImpl creation, JpaCompliance#isJpaTransactionComplianceEnabled == false
10:24:17.925 [main] DEBUG org.hibernate.engine.transaction.internal.TransactionImpl - begin
10:24:17.925 [main] DEBUG org.hibernate.engine.spi.ActionQueue - Executing identity-insert immediately
10:24:17.925 [main] DEBUG org.hibernate.SQL - insert into components (actual_delivery,is_delivered,description,expected_delivery,name,part_number,id) values (?,?,?,?,?,?,default)
10:24:17.926 [main] DEBUG org.hibernate.orm.results - Initializer list is empty
10:24:17.926 [main] DEBUG org.hibernate.orm.results.loading - Calling top-level assembler (0 / 1) : org.hibernate.sql.results.graph.basic.BasicResultAssembler@7b3188f4
10:24:17.926 [main] DEBUG org.hibernate.orm.results - Extracted JDBC value [0] - [57]
10:24:17.926 [main] DEBUG org.hibernate.id.IdentifierGeneratorHelper - Extracted generated values [org.frcpm.models.Component]: [Ljava.lang.Object;@76401f41
10:24:17.926 [main] DEBUG org.hibernate.event.internal.AbstractFlushingEventListener - Processing flush-time cascades
10:24:17.927 [main] DEBUG org.hibernate.event.internal.AbstractFlushingEventListener - Dirty checking collections
10:24:17.927 [main] DEBUG org.hibernate.engine.internal.Collections - Collection found: [org.frcpm.models.Component.requiredForTasks#57], was: [<unreferenced>] (initialized)
10:24:17.927 [main] DEBUG org.hibernate.event.internal.AbstractFlushingEventListener - Flushed: 0 insertions, 0 updates, 0 deletions to 1 objects
10:24:17.927 [main] DEBUG org.hibernate.event.internal.AbstractFlushingEventListener - Flushed: 1 (re)creations, 0 updates, 0 removals to 1 collections
10:24:17.927 [main] DEBUG org.hibernate.internal.util.EntityPrinter - Listing entities:
10:24:17.927 [main] DEBUG org.hibernate.internal.util.EntityPrinter - org.frcpm.models.Component{expectedDelivery=2025-04-30, requiredForTasks=[], name=Test Component 1, actualDelivery=null, description=First test component description, delivered=false, partNumber=TC-001, id=57}
10:24:17.927 [main] DEBUG org.hibernate.engine.transaction.internal.TransactionImpl - committing
10:24:17.927 [main] DEBUG org.hibernate.event.internal.AbstractFlushingEventListener - Processing flush-time cascades
10:24:17.927 [main] DEBUG org.hibernate.event.internal.AbstractFlushingEventListener - Dirty checking collections
10:24:17.927 [main] DEBUG org.hibernate.engine.internal.Collections - Collection found: [org.frcpm.models.Component.requiredForTasks#57], was: [org.frcpm.models.Component.requiredForTasks#57] (initialized)
10:24:17.927 [main] DEBUG org.hibernate.event.internal.AbstractFlushingEventListener - Flushed: 0 insertions, 0 updates, 0 deletions to 1 objects
10:24:17.927 [main] DEBUG org.hibernate.event.internal.AbstractFlushingEventListener - Flushed: 0 (re)creations, 0 updates, 0 removals to 1 collections
10:24:17.927 [main] DEBUG org.hibernate.internal.util.EntityPrinter - Listing entities:
10:24:17.927 [main] DEBUG org.hibernate.internal.util.EntityPrinter - org.frcpm.models.Component{expectedDelivery=2025-04-30, requiredForTasks=[], name=Test Component 1, actualDelivery=null, description=First test component description, delivered=false, partNumber=TC-001, id=57}
10:24:17.928 [main] DEBUG org.hibernate.resource.jdbc.internal.LogicalConnectionManagedImpl - Initiating JDBC connection release from afterTransaction
10:24:17.928 [main] DEBUG org.hibernate.resource.jdbc.internal.LogicalConnectionManagedImpl - Initiating JDBC connection release from afterTransaction
10:24:17.928 [main] DEBUG org.hibernate.engine.transaction.internal.TransactionImpl - On TransactionImpl creation, JpaCompliance#isJpaTransactionComplianceEnabled == false
10:24:17.928 [main] DEBUG org.hibernate.engine.transaction.internal.TransactionImpl - begin
10:24:17.928 [main] DEBUG org.hibernate.engine.spi.ActionQueue - Executing identity-insert immediately
10:24:17.928 [main] DEBUG org.hibernate.SQL - insert into components (actual_delivery,is_delivered,description,expected_delivery,name,part_number,id) values (?,?,?,?,?,?,default)
10:24:17.929 [main] DEBUG org.hibernate.orm.results - Initializer list is empty
10:24:17.929 [main] DEBUG org.hibernate.orm.results.loading - Calling top-level assembler (0 / 1) : org.hibernate.sql.results.graph.basic.BasicResultAssembler@32cc5d9e
10:24:17.929 [main] DEBUG org.hibernate.orm.results - Extracted JDBC value [0] - [58]
10:24:17.929 [main] DEBUG org.hibernate.id.IdentifierGeneratorHelper - Extracted generated values [org.frcpm.models.Component]: [Ljava.lang.Object;@71a6c123
10:24:17.929 [main] DEBUG org.hibernate.event.internal.AbstractFlushingEventListener - Processing flush-time cascades
10:24:17.929 [main] DEBUG org.hibernate.event.internal.AbstractFlushingEventListener - Dirty checking collections
10:24:17.929 [main] DEBUG org.hibernate.engine.internal.Collections - Collection found: [org.frcpm.models.Component.requiredForTasks#58], was: [<unreferenced>] (initialized)
10:24:17.929 [main] DEBUG org.hibernate.event.internal.AbstractFlushingEventListener - Flushed: 0 insertions, 0 updates, 0 deletions to 1 objects
10:24:17.929 [main] DEBUG org.hibernate.event.internal.AbstractFlushingEventListener - Flushed: 1 (re)creations, 0 updates, 0 removals to 1 collections
10:24:17.929 [main] DEBUG org.hibernate.internal.util.EntityPrinter - Listing entities:
10:24:17.929 [main] DEBUG org.hibernate.internal.util.EntityPrinter - org.frcpm.models.Component{expectedDelivery=2025-05-02, requiredForTasks=[], name=Test Component 2, actualDelivery=null, description=Second test component description, delivered=false, partNumber=TC-002, id=58}
10:24:17.930 [main] DEBUG org.hibernate.engine.transaction.internal.TransactionImpl - committing
10:24:17.930 [main] DEBUG org.hibernate.event.internal.AbstractFlushingEventListener - Processing flush-time cascades
10:24:17.930 [main] DEBUG org.hibernate.event.internal.AbstractFlushingEventListener - Dirty checking collections
10:24:17.930 [main] DEBUG org.hibernate.engine.internal.Collections - Collection found: [org.frcpm.models.Component.requiredForTasks#58], was: [org.frcpm.models.Component.requiredForTasks#58] (initialized)
10:24:17.930 [main] DEBUG org.hibernate.event.internal.AbstractFlushingEventListener - Flushed: 0 insertions, 0 updates, 0 deletions to 1 objects
10:24:17.930 [main] DEBUG org.hibernate.event.internal.AbstractFlushingEventListener - Flushed: 0 (re)creations, 0 updates, 0 removals to 1 collections
10:24:17.930 [main] DEBUG org.hibernate.internal.util.EntityPrinter - Listing entities:
10:24:17.930 [main] DEBUG org.hibernate.internal.util.EntityPrinter - org.frcpm.models.Component{expectedDelivery=2025-05-02, requiredForTasks=[], name=Test Component 2, actualDelivery=null, description=Second test component description, delivered=false, partNumber=TC-002, id=58}
10:24:17.930 [main] DEBUG org.hibernate.resource.jdbc.internal.LogicalConnectionManagedImpl - Initiating JDBC connection release from afterTransaction
10:24:17.930 [main] DEBUG org.hibernate.resource.jdbc.internal.LogicalConnectionManagedImpl - Initiating JDBC connection release from afterTransaction
10:24:17.931 [main] DEBUG org.hibernate.engine.transaction.internal.TransactionImpl - On TransactionImpl creation, JpaCompliance#isJpaTransactionComplianceEnabled == false
10:24:17.931 [main] DEBUG org.hibernate.engine.transaction.internal.TransactionImpl - begin
10:24:17.931 [main] DEBUG org.hibernate.engine.spi.ActionQueue - Executing identity-insert immediately
10:24:17.931 [main] DEBUG org.hibernate.SQL - insert into components (actual_delivery,is_delivered,description,expected_delivery,name,part_number,id) values (?,?,?,?,?,?,default)
10:24:17.932 [main] DEBUG org.hibernate.orm.results - Initializer list is empty
10:24:17.932 [main] DEBUG org.hibernate.orm.results.loading - Calling top-level assembler (0 / 1) : org.hibernate.sql.results.graph.basic.BasicResultAssembler@19a6f2d3
10:24:17.932 [main] DEBUG org.hibernate.orm.results - Extracted JDBC value [0] - [59]
10:24:17.932 [main] DEBUG org.hibernate.id.IdentifierGeneratorHelper - Extracted generated values [org.frcpm.models.Component]: [Ljava.lang.Object;@fc32468
10:24:17.932 [main] DEBUG org.hibernate.event.internal.AbstractFlushingEventListener - Processing flush-time cascades
10:24:17.932 [main] DEBUG org.hibernate.event.internal.AbstractFlushingEventListener - Dirty checking collections
10:24:17.932 [main] DEBUG org.hibernate.engine.internal.Collections - Collection found: [org.frcpm.models.Component.requiredForTasks#59], was: [<unreferenced>] (initialized)
10:24:17.932 [main] DEBUG org.hibernate.event.internal.AbstractFlushingEventListener - Flushed: 0 insertions, 0 updates, 0 deletions to 1 objects
10:24:17.932 [main] DEBUG org.hibernate.event.internal.AbstractFlushingEventListener - Flushed: 1 (re)creations, 0 updates, 0 removals to 1 collections
10:24:17.932 [main] DEBUG org.hibernate.internal.util.EntityPrinter - Listing entities:
10:24:17.932 [main] DEBUG org.hibernate.internal.util.EntityPrinter - org.frcpm.models.Component{expectedDelivery=2025-05-05, requiredForTasks=[], name=Test Component 3, actualDelivery=2025-05-04, description=Third test component description, delivered=true, partNumber=TC-003, id=59}
10:24:17.932 [main] DEBUG org.hibernate.engine.transaction.internal.TransactionImpl - committing
10:24:17.932 [main] DEBUG org.hibernate.event.internal.AbstractFlushingEventListener - Processing flush-time cascades
10:24:17.932 [main] DEBUG org.hibernate.event.internal.AbstractFlushingEventListener - Dirty checking collections
10:24:17.932 [main] DEBUG org.hibernate.engine.internal.Collections - Collection found: [org.frcpm.models.Component.requiredForTasks#59], was: [org.frcpm.models.Component.requiredForTasks#59] (initialized)
10:24:17.933 [main] DEBUG org.hibernate.event.internal.AbstractFlushingEventListener - Flushed: 0 insertions, 0 updates, 0 deletions to 1 objects
10:24:17.933 [main] DEBUG org.hibernate.event.internal.AbstractFlushingEventListener - Flushed: 0 (re)creations, 0 updates, 0 removals to 1 collections
10:24:17.933 [main] DEBUG org.hibernate.internal.util.EntityPrinter - Listing entities:
10:24:17.933 [main] DEBUG org.hibernate.internal.util.EntityPrinter - org.frcpm.models.Component{expectedDelivery=2025-05-05, requiredForTasks=[], name=Test Component 3, actualDelivery=2025-05-04, description=Third test component description, delivered=true, partNumber=TC-003, id=59}
10:24:17.933 [main] DEBUG org.hibernate.resource.jdbc.internal.LogicalConnectionManagedImpl - Initiating JDBC connection release from afterTransaction
10:24:17.933 [main] DEBUG org.hibernate.resource.jdbc.internal.LogicalConnectionManagedImpl - Initiating JDBC connection release from afterTransaction
10:24:17.933 [main] DEBUG org.hibernate.orm.sql.ast.create - Created new SQL alias : c1_0
10:24:17.933 [main] DEBUG org.hibernate.orm.sql.ast.create - Registration of TableGroup [StandardTableGroup(org.frcpm.models.Component(959674220539700))] with identifierForTableGroup [org.frcpm.models.Component] for NavigablePath [org.frcpm.models.Component] 
10:24:17.934 [main] DEBUG org.hibernate.orm.results.graph.AST - DomainResult Graph:
 \-EntityResultImpl [org.frcpm.models.Component(959674220539700)]
 |  +-BasicFetch [org.frcpm.models.Component(959674220539700).actualDelivery]
 |  +-BasicFetch [org.frcpm.models.Component(959674220539700).delivered]
 |  +-BasicFetch [org.frcpm.models.Component(959674220539700).description]
 |  +-BasicFetch [org.frcpm.models.Component(959674220539700).expectedDelivery]
 |  +-BasicFetch [org.frcpm.models.Component(959674220539700).name]
 |  +-BasicFetch [org.frcpm.models.Component(959674220539700).partNumber]
 |  \-DelayedCollectionFetch [org.frcpm.models.Component(959674220539700).requiredForTasks]

10:24:17.934 [main] DEBUG org.hibernate.orm.sql.ast.tree - SQL AST Tree:
    SelectStatement {
      FromClause {
        StandardTableGroup (c1 : org.frcpm.models.Component(959674220539700)) {
          primaryTableReference : components as c1_0
        }
      }
    }

10:24:17.934 [main] DEBUG org.hibernate.orm.sql.exec - Skipping reading Query result cache data: cache-enabled = false, cache-mode = NORMAL
10:24:17.934 [main] DEBUG org.hibernate.orm.results - Initializer list:
	  org.frcpm.models.Component(959674220539700) -> EntityResultInitializer(org.frcpm.models.Component(959674220539700))@1272628703 (SingleTableEntityPersister(org.frcpm.models.Component))
	  org.frcpm.models.Component(959674220539700).requiredForTasks -> DelayedCollectionInitializer(org.frcpm.models.Component(959674220539700).requiredForTasks)@335680407 (PluralAttribute(org.frcpm.models.Component.requiredForTasks))

10:24:17.934 [main] DEBUG org.hibernate.SQL - select c1_0.id,c1_0.actual_delivery,c1_0.is_delivered,c1_0.description,c1_0.expected_delivery,c1_0.name,c1_0.part_number from components c1_0
10:24:17.934 [main] DEBUG org.hibernate.orm.results - Extracted JDBC value [0] - [1]
10:24:17.934 [main] DEBUG org.hibernate.orm.results.loading.entity - (EntityResultInitializer) Hydrated EntityKey (org.frcpm.models.Component(959674220539700)): 1
10:24:17.934 [main] DEBUG org.hibernate.orm.results.loading.org.hibernate.orm.results.loading.collection - (DelayedCollectionInitializer) Current row collection key : org.frcpm.models.Component(959674220539700).requiredForTasks#1
10:24:17.934 [main] DEBUG org.hibernate.orm.results.loading.entity - (EntityResultInitializer) Created new entity instance [org.frcpm.models.Component(959674220539700)#1] : 728374554
10:24:17.934 [main] DEBUG org.hibernate.orm.results - Extracted JDBC value [1] - [null]
10:24:17.934 [main] DEBUG org.hibernate.orm.results - Extracted JDBC value [2] - [false]
10:24:17.934 [main] DEBUG org.hibernate.orm.results - Extracted JDBC value [3] - [Motor controller for NEO brushless motors]
10:24:17.934 [main] DEBUG org.hibernate.orm.results - Extracted JDBC value [4] - [2025-05-04]
10:24:17.934 [main] DEBUG org.hibernate.orm.results - Extracted JDBC value [5] - [SPARK MAX]
10:24:17.934 [main] DEBUG org.hibernate.orm.results - Extracted JDBC value [6] - [REV-11-2158]
10:24:17.934 [main] DEBUG org.hibernate.orm.results.loading.entity - (EntityResultInitializer) Done materializing entityInstance : org.frcpm.models.Component(959674220539700)#1
10:24:17.934 [main] DEBUG org.hibernate.orm.results.loading - Calling top-level assembler (0 / 1) : org.hibernate.sql.results.graph.entity.internal.EntityAssembler@efc72b6
10:24:17.934 [main] DEBUG org.hibernate.orm.results - Extracted JDBC value [0] - [2]
10:24:17.934 [main] DEBUG org.hibernate.orm.results.loading.entity - (EntityResultInitializer) Hydrated EntityKey (org.frcpm.models.Component(959674220539700)): 2
10:24:17.934 [main] DEBUG org.hibernate.orm.results.loading.org.hibernate.orm.results.loading.collection - (DelayedCollectionInitializer) Current row collection key : org.frcpm.models.Component(959674220539700).requiredForTasks#2
10:24:17.934 [main] DEBUG org.hibernate.orm.results.loading.entity - (EntityResultInitializer) Created new entity instance [org.frcpm.models.Component(959674220539700)#2] : 642179907
10:24:17.934 [main] DEBUG org.hibernate.orm.results - Extracted JDBC value [1] - [null]
10:24:17.934 [main] DEBUG org.hibernate.orm.results - Extracted JDBC value [2] - [false]
10:24:17.934 [main] DEBUG org.hibernate.orm.results - Extracted JDBC value [3] - [High performance brushless DC motor]
10:24:17.934 [main] DEBUG org.hibernate.orm.results - Extracted JDBC value [4] - [2025-05-04]
10:24:17.934 [main] DEBUG org.hibernate.orm.results - Extracted JDBC value [5] - [NEO Brushless Motor]
10:24:17.934 [main] DEBUG org.hibernate.orm.results - Extracted JDBC value [6] - [REV-21-1650]
10:24:17.934 [main] DEBUG org.hibernate.orm.results.loading.entity - (EntityResultInitializer) Done materializing entityInstance : org.frcpm.models.Component(959674220539700)#2
10:24:17.934 [main] DEBUG org.hibernate.orm.results.loading - Calling top-level assembler (0 / 1) : org.hibernate.sql.results.graph.entity.internal.EntityAssembler@efc72b6
10:24:17.934 [main] DEBUG org.hibernate.orm.results - Extracted JDBC value [0] - [3]
10:24:17.934 [main] DEBUG org.hibernate.orm.results.loading.entity - (EntityResultInitializer) Hydrated EntityKey (org.frcpm.models.Component(959674220539700)): 3
10:24:17.934 [main] DEBUG org.hibernate.orm.results.loading.org.hibernate.orm.results.loading.collection - (DelayedCollectionInitializer) Current row collection key : org.frcpm.models.Component(959674220539700).requiredForTasks#3
10:24:17.934 [main] DEBUG org.hibernate.orm.results.loading.entity - (EntityResultInitializer) Created new entity instance [org.frcpm.models.Component(959674220539700)#3] : 1930120405
10:24:17.934 [main] DEBUG org.hibernate.orm.results - Extracted JDBC value [1] - [2025-05-01]
10:24:17.934 [main] DEBUG org.hibernate.orm.results - Extracted JDBC value [2] - [true]
10:24:17.934 [main] DEBUG org.hibernate.orm.results - Extracted JDBC value [3] - [Omni-directional wheels for holonomic drive]
10:24:17.934 [main] DEBUG org.hibernate.orm.results - Extracted JDBC value [4] - [2025-05-02]
10:24:17.934 [main] DEBUG org.hibernate.orm.results - Extracted JDBC value [5] - [4" Omni Wheels]
10:24:17.934 [main] DEBUG org.hibernate.orm.results - Extracted JDBC value [6] - [AM-0016]
10:24:17.934 [main] DEBUG org.hibernate.orm.results.loading.entity - (EntityResultInitializer) Done materializing entityInstance : org.frcpm.models.Component(959674220539700)#3
10:24:17.934 [main] DEBUG org.hibernate.orm.results.loading - Calling top-level assembler (0 / 1) : org.hibernate.sql.results.graph.entity.internal.EntityAssembler@efc72b6
10:24:17.934 [main] DEBUG org.hibernate.orm.results - Extracted JDBC value [0] - [4]
10:24:17.934 [main] DEBUG org.hibernate.orm.results.loading.entity - (EntityResultInitializer) Hydrated EntityKey (org.frcpm.models.Component(959674220539700)): 4
10:24:17.934 [main] DEBUG org.hibernate.orm.results.loading.org.hibernate.orm.results.loading.collection - (DelayedCollectionInitializer) Current row collection key : org.frcpm.models.Component(959674220539700).requiredForTasks#4
10:24:17.934 [main] DEBUG org.hibernate.orm.results.loading.entity - (EntityResultInitializer) Created new entity instance [org.frcpm.models.Component(959674220539700)#4] : 264392121
10:24:17.934 [main] DEBUG org.hibernate.orm.results - Extracted JDBC value [1] - [null]
10:24:17.934 [main] DEBUG org.hibernate.orm.results - Extracted JDBC value [2] - [false]
10:24:17.934 [main] DEBUG org.hibernate.orm.results - Extracted JDBC value [3] - [Smart camera for vision tracking]
10:24:17.934 [main] DEBUG org.hibernate.orm.results - Extracted JDBC value [4] - [2025-05-08]
10:24:17.934 [main] DEBUG org.hibernate.orm.results - Extracted JDBC value [5] - [Limelight 3]
10:24:17.934 [main] DEBUG org.hibernate.orm.results - Extracted JDBC value [6] - [LL3-1]
10:24:17.934 [main] DEBUG org.hibernate.orm.results.loading.entity - (EntityResultInitializer) Done materializing entityInstance : org.frcpm.models.Component(959674220539700)#4
10:24:17.934 [main] DEBUG org.hibernate.orm.results.loading - Calling top-level assembler (0 / 1) : org.hibernate.sql.results.graph.entity.internal.EntityAssembler@efc72b6
10:24:17.934 [main] DEBUG org.hibernate.orm.results - Extracted JDBC value [0] - [5]
10:24:17.934 [main] DEBUG org.hibernate.orm.results.loading.entity - (EntityResultInitializer) Hydrated EntityKey (org.frcpm.models.Component(959674220539700)): 5
10:24:17.934 [main] DEBUG org.hibernate.orm.results.loading.org.hibernate.orm.results.loading.collection - (DelayedCollectionInitializer) Current row collection key : org.frcpm.models.Component(959674220539700).requiredForTasks#5
10:24:17.934 [main] DEBUG org.hibernate.orm.results.loading.entity - (EntityResultInitializer) Created new entity instance [org.frcpm.models.Component(959674220539700)#5] : 106657159
10:24:17.934 [main] DEBUG org.hibernate.orm.results - Extracted JDBC value [1] - [null]
10:24:17.934 [main] DEBUG org.hibernate.orm.results - Extracted JDBC value [2] - [false]
10:24:17.934 [main] DEBUG org.hibernate.orm.results - Extracted JDBC value [3] - [Control module for pneumatic systems]
10:24:17.934 [main] DEBUG org.hibernate.orm.results - Extracted JDBC value [4] - [2025-05-06]
10:24:17.934 [main] DEBUG org.hibernate.orm.results - Extracted JDBC value [5] - [Pneumatic Control Module]
10:24:17.934 [main] DEBUG org.hibernate.orm.results - Extracted JDBC value [6] - [CTRE-PCM]
10:24:17.934 [main] DEBUG org.hibernate.orm.results.loading.entity - (EntityResultInitializer) Done materializing entityInstance : org.frcpm.models.Component(959674220539700)#5
10:24:17.934 [main] DEBUG org.hibernate.orm.results.loading - Calling top-level assembler (0 / 1) : org.hibernate.sql.results.graph.entity.internal.EntityAssembler@efc72b6
10:24:17.934 [main] DEBUG org.hibernate.orm.results - Extracted JDBC value [0] - [12]
10:24:17.934 [main] DEBUG org.hibernate.orm.results.loading.entity - (EntityResultInitializer) Hydrated EntityKey (org.frcpm.models.Component(959674220539700)): 12
10:24:17.934 [main] DEBUG org.hibernate.orm.results.loading.org.hibernate.orm.results.loading.collection - (DelayedCollectionInitializer) Current row collection key : org.frcpm.models.Component(959674220539700).requiredForTasks#12
10:24:17.934 [main] DEBUG org.hibernate.orm.results.loading.entity - (EntityResultInitializer) Created new entity instance [org.frcpm.models.Component(959674220539700)#12] : 2060024742
10:24:17.934 [main] DEBUG org.hibernate.orm.results - Extracted JDBC value [1] - [null]
10:24:17.934 [main] DEBUG org.hibernate.orm.results - Extracted JDBC value [2] - [false]
10:24:17.934 [main] DEBUG org.hibernate.orm.results - Extracted JDBC value [3] - [null]
10:24:17.934 [main] DEBUG org.hibernate.orm.results - Extracted JDBC value [4] - [null]
10:24:17.934 [main] DEBUG org.hibernate.orm.results - Extracted JDBC value [5] - [Test Count Component]
10:24:17.934 [main] DEBUG org.hibernate.orm.results - Extracted JDBC value [6] - [TCC-001]
10:24:17.934 [main] DEBUG org.hibernate.orm.results.loading.entity - (EntityResultInitializer) Done materializing entityInstance : org.frcpm.models.Component(959674220539700)#12
10:24:17.934 [main] DEBUG org.hibernate.orm.results.loading - Calling top-level assembler (0 / 1) : org.hibernate.sql.results.graph.entity.internal.EntityAssembler@efc72b6
10:24:17.934 [main] DEBUG org.hibernate.orm.results - Extracted JDBC value [0] - [16]
10:24:17.934 [main] DEBUG org.hibernate.orm.results.loading.entity - (EntityResultInitializer) Hydrated EntityKey (org.frcpm.models.Component(959674220539700)): 16
10:24:17.934 [main] DEBUG org.hibernate.orm.results.loading.org.hibernate.orm.results.loading.collection - (DelayedCollectionInitializer) Current row collection key : org.frcpm.models.Component(959674220539700).requiredForTasks#16
10:24:17.934 [main] DEBUG org.hibernate.orm.results.loading.entity - (EntityResultInitializer) Created new entity instance [org.frcpm.models.Component(959674220539700)#16] : 2003230712
10:24:17.934 [main] DEBUG org.hibernate.orm.results - Extracted JDBC value [1] - [null]
10:24:17.934 [main] DEBUG org.hibernate.orm.results - Extracted JDBC value [2] - [false]
10:24:17.934 [main] DEBUG org.hibernate.orm.results - Extracted JDBC value [3] - [Save component description]
10:24:17.934 [main] DEBUG org.hibernate.orm.results - Extracted JDBC value [4] - [2025-05-10]
10:24:17.934 [main] DEBUG org.hibernate.orm.results - Extracted JDBC value [5] - [Test Save Component]
10:24:17.934 [main] DEBUG org.hibernate.orm.results - Extracted JDBC value [6] - [TSC-001]
10:24:17.934 [main] DEBUG org.hibernate.orm.results.loading.entity - (EntityResultInitializer) Done materializing entityInstance : org.frcpm.models.Component(959674220539700)#16
10:24:17.934 [main] DEBUG org.hibernate.orm.results.loading - Calling top-level assembler (0 / 1) : org.hibernate.sql.results.graph.entity.internal.EntityAssembler@efc72b6
10:24:17.934 [main] DEBUG org.hibernate.orm.results - Extracted JDBC value [0] - [40]
10:24:17.934 [main] DEBUG org.hibernate.orm.results.loading.entity - (EntityResultInitializer) Hydrated EntityKey (org.frcpm.models.Component(959674220539700)): 40
10:24:17.934 [main] DEBUG org.hibernate.orm.results.loading.org.hibernate.orm.results.loading.collection - (DelayedCollectionInitializer) Current row collection key : org.frcpm.models.Component(959674220539700).requiredForTasks#40
10:24:17.934 [main] DEBUG org.hibernate.orm.results.loading.entity - (EntityResultInitializer) Created new entity instance [org.frcpm.models.Component(959674220539700)#40] : 2079224352
10:24:17.934 [main] DEBUG org.hibernate.orm.results - Extracted JDBC value [1] - [2025-04-25]
10:24:17.934 [main] DEBUG org.hibernate.orm.results - Extracted JDBC value [2] - [true]
10:24:17.934 [main] DEBUG org.hibernate.orm.results - Extracted JDBC value [3] - [Updated description]
10:24:17.934 [main] DEBUG org.hibernate.orm.results - Extracted JDBC value [4] - [null]
10:24:17.934 [main] DEBUG org.hibernate.orm.results - Extracted JDBC value [5] - [Updated Component Name]
10:24:17.934 [main] DEBUG org.hibernate.orm.results - Extracted JDBC value [6] - [TUC-001]
10:24:17.934 [main] DEBUG org.hibernate.orm.results.loading.entity - (EntityResultInitializer) Done materializing entityInstance : org.frcpm.models.Component(959674220539700)#40
10:24:17.934 [main] DEBUG org.hibernate.orm.results.loading - Calling top-level assembler (0 / 1) : org.hibernate.sql.results.graph.entity.internal.EntityAssembler@efc72b6
10:24:17.934 [main] DEBUG org.hibernate.orm.results - Extracted JDBC value [0] - [55]
10:24:17.934 [main] DEBUG org.hibernate.orm.results.loading.entity - (EntityResultInitializer) Hydrated EntityKey (org.frcpm.models.Component(959674220539700)): 55
10:24:17.934 [main] DEBUG org.hibernate.orm.results.loading.org.hibernate.orm.results.loading.collection - (DelayedCollectionInitializer) Current row collection key : org.frcpm.models.Component(959674220539700).requiredForTasks#55
10:24:17.934 [main] DEBUG org.hibernate.orm.results.loading.entity - (EntityResultInitializer) Created new entity instance [org.frcpm.models.Component(959674220539700)#55] : 1932560948
10:24:17.934 [main] DEBUG org.hibernate.orm.results - Extracted JDBC value [1] - [null]
10:24:17.934 [main] DEBUG org.hibernate.orm.results - Extracted JDBC value [2] - [false]
10:24:17.934 [main] DEBUG org.hibernate.orm.results - Extracted JDBC value [3] - [Component 1 for association test]
10:24:17.934 [main] DEBUG org.hibernate.orm.results - Extracted JDBC value [4] - [2025-04-28]
10:24:17.934 [main] DEBUG org.hibernate.orm.results - Extracted JDBC value [5] - [Test Component Assoc 1]
10:24:17.934 [main] DEBUG org.hibernate.orm.results - Extracted JDBC value [6] - [TC-ASSOC1]
10:24:17.934 [main] DEBUG org.hibernate.orm.results.loading.entity - (EntityResultInitializer) Done materializing entityInstance : org.frcpm.models.Component(959674220539700)#55
10:24:17.934 [main] DEBUG org.hibernate.orm.results.loading - Calling top-level assembler (0 / 1) : org.hibernate.sql.results.graph.entity.internal.EntityAssembler@efc72b6
10:24:17.934 [main] DEBUG org.hibernate.orm.results - Extracted JDBC value [0] - [56]
10:24:17.934 [main] DEBUG org.hibernate.orm.results.loading.entity - (EntityResultInitializer) Hydrated EntityKey (org.frcpm.models.Component(959674220539700)): 56
10:24:17.934 [main] DEBUG org.hibernate.orm.results.loading.org.hibernate.orm.results.loading.collection - (DelayedCollectionInitializer) Current row collection key : org.frcpm.models.Component(959674220539700).requiredForTasks#56
10:24:17.934 [main] DEBUG org.hibernate.orm.results.loading.entity - (EntityResultInitializer) Created new entity instance [org.frcpm.models.Component(959674220539700)#56] : 1757146761
10:24:17.934 [main] DEBUG org.hibernate.orm.results - Extracted JDBC value [1] - [null]
10:24:17.934 [main] DEBUG org.hibernate.orm.results - Extracted JDBC value [2] - [false]
10:24:17.934 [main] DEBUG org.hibernate.orm.results - Extracted JDBC value [3] - [Component 2 for association test]
10:24:17.934 [main] DEBUG org.hibernate.orm.results - Extracted JDBC value [4] - [2025-04-30]
10:24:17.934 [main] DEBUG org.hibernate.orm.results - Extracted JDBC value [5] - [Test Component Assoc 2]
10:24:17.934 [main] DEBUG org.hibernate.orm.results - Extracted JDBC value [6] - [TC-ASSOC2]
10:24:17.934 [main] DEBUG org.hibernate.orm.results.loading.entity - (EntityResultInitializer) Done materializing entityInstance : org.frcpm.models.Component(959674220539700)#56
10:24:17.934 [main] DEBUG org.hibernate.orm.results.loading - Calling top-level assembler (0 / 1) : org.hibernate.sql.results.graph.entity.internal.EntityAssembler@efc72b6
10:24:17.934 [main] DEBUG org.hibernate.orm.results - Extracted JDBC value [0] - [57]
10:24:17.934 [main] DEBUG org.hibernate.orm.results.loading.entity - (EntityResultInitializer) Hydrated EntityKey (org.frcpm.models.Component(959674220539700)): 57
10:24:17.934 [main] DEBUG org.hibernate.orm.results.loading.org.hibernate.orm.results.loading.collection - (DelayedCollectionInitializer) Current row collection key : org.frcpm.models.Component(959674220539700).requiredForTasks#57
10:24:17.934 [main] DEBUG org.hibernate.orm.results.loading.entity - (EntityResultInitializer) Created new entity instance [org.frcpm.models.Component(959674220539700)#57] : 1843621178
10:24:17.934 [main] DEBUG org.hibernate.orm.results - Extracted JDBC value [1] - [null]
10:24:17.934 [main] DEBUG org.hibernate.orm.results - Extracted JDBC value [2] - [false]
10:24:17.934 [main] DEBUG org.hibernate.orm.results - Extracted JDBC value [3] - [First test component description]
10:24:17.934 [main] DEBUG org.hibernate.orm.results - Extracted JDBC value [4] - [2025-04-30]
10:24:17.934 [main] DEBUG org.hibernate.orm.results - Extracted JDBC value [5] - [Test Component 1]
10:24:17.934 [main] DEBUG org.hibernate.orm.results - Extracted JDBC value [6] - [TC-001]
10:24:17.934 [main] DEBUG org.hibernate.orm.results.loading.entity - (EntityResultInitializer) Done materializing entityInstance : org.frcpm.models.Component(959674220539700)#57
10:24:17.934 [main] DEBUG org.hibernate.orm.results.loading - Calling top-level assembler (0 / 1) : org.hibernate.sql.results.graph.entity.internal.EntityAssembler@efc72b6
10:24:17.934 [main] DEBUG org.hibernate.orm.results - Extracted JDBC value [0] - [58]
10:24:17.934 [main] DEBUG org.hibernate.orm.results.loading.entity - (EntityResultInitializer) Hydrated EntityKey (org.frcpm.models.Component(959674220539700)): 58
10:24:17.934 [main] DEBUG org.hibernate.orm.results.loading.org.hibernate.orm.results.loading.collection - (DelayedCollectionInitializer) Current row collection key : org.frcpm.models.Component(959674220539700).requiredForTasks#58
10:24:17.934 [main] DEBUG org.hibernate.orm.results.loading.entity - (EntityResultInitializer) Created new entity instance [org.frcpm.models.Component(959674220539700)#58] : 1563314526
10:24:17.934 [main] DEBUG org.hibernate.orm.results - Extracted JDBC value [1] - [null]
10:24:17.934 [main] DEBUG org.hibernate.orm.results - Extracted JDBC value [2] - [false]
10:24:17.935 [main] DEBUG org.hibernate.orm.results - Extracted JDBC value [3] - [Second test component description]
10:24:17.935 [main] DEBUG org.hibernate.orm.results - Extracted JDBC value [4] - [2025-05-02]
10:24:17.935 [main] DEBUG org.hibernate.orm.results - Extracted JDBC value [5] - [Test Component 2]
10:24:17.935 [main] DEBUG org.hibernate.orm.results - Extracted JDBC value [6] - [TC-002]
10:24:17.935 [main] DEBUG org.hibernate.orm.results.loading.entity - (EntityResultInitializer) Done materializing entityInstance : org.frcpm.models.Component(959674220539700)#58
10:24:17.935 [main] DEBUG org.hibernate.orm.results.loading - Calling top-level assembler (0 / 1) : org.hibernate.sql.results.graph.entity.internal.EntityAssembler@efc72b6
10:24:17.935 [main] DEBUG org.hibernate.orm.results - Extracted JDBC value [0] - [59]
10:24:17.935 [main] DEBUG org.hibernate.orm.results.loading.entity - (EntityResultInitializer) Hydrated EntityKey (org.frcpm.models.Component(959674220539700)): 59
10:24:17.935 [main] DEBUG org.hibernate.orm.results.loading.org.hibernate.orm.results.loading.collection - (DelayedCollectionInitializer) Current row collection key : org.frcpm.models.Component(959674220539700).requiredForTasks#59
10:24:17.935 [main] DEBUG org.hibernate.orm.results.loading.entity - (EntityResultInitializer) Created new entity instance [org.frcpm.models.Component(959674220539700)#59] : 406832043
10:24:17.935 [main] DEBUG org.hibernate.orm.results - Extracted JDBC value [1] - [2025-05-04]
10:24:17.935 [main] DEBUG org.hibernate.orm.results - Extracted JDBC value [2] - [true]
10:24:17.935 [main] DEBUG org.hibernate.orm.results - Extracted JDBC value [3] - [Third test component description]
10:24:17.935 [main] DEBUG org.hibernate.orm.results - Extracted JDBC value [4] - [2025-05-05]
10:24:17.935 [main] DEBUG org.hibernate.orm.results - Extracted JDBC value [5] - [Test Component 3]
10:24:17.935 [main] DEBUG org.hibernate.orm.results - Extracted JDBC value [6] - [TC-003]
10:24:17.935 [main] DEBUG org.hibernate.orm.results.loading.entity - (EntityResultInitializer) Done materializing entityInstance : org.frcpm.models.Component(959674220539700)#59
10:24:17.935 [main] DEBUG org.hibernate.orm.results.loading - Calling top-level assembler (0 / 1) : org.hibernate.sql.results.graph.entity.internal.EntityAssembler@efc72b6
10:24:17.935 [main] DEBUG org.hibernate.resource.jdbc.internal.LogicalConnectionManagedImpl - Initiating JDBC connection release from afterTransaction
10:24:17.935 [main] DEBUG org.hibernate.resource.jdbc.internal.LogicalConnectionManagedImpl - Initiating JDBC connection release from afterTransaction
10:24:17.935 [main] DEBUG org.hibernate.orm.sql.ast.create - Created new SQL alias : c1_0
10:24:17.935 [main] DEBUG org.hibernate.orm.sql.ast.create - Registration of TableGroup [StandardTableGroup(org.frcpm.models.Component(959674222382700))] with identifierForTableGroup [org.frcpm.models.Component] for NavigablePath [org.frcpm.models.Component] 
10:24:17.935 [main] DEBUG org.hibernate.orm.results.graph.AST - DomainResult Graph:
 \-EntityResultImpl [org.frcpm.models.Component(959674222382700)]
 |  +-BasicFetch [org.frcpm.models.Component(959674222382700).actualDelivery]
 |  +-BasicFetch [org.frcpm.models.Component(959674222382700).delivered]
 |  +-BasicFetch [org.frcpm.models.Component(959674222382700).description]
 |  +-BasicFetch [org.frcpm.models.Component(959674222382700).expectedDelivery]
 |  +-BasicFetch [org.frcpm.models.Component(959674222382700).name]
 |  +-BasicFetch [org.frcpm.models.Component(959674222382700).partNumber]
 |  \-DelayedCollectionFetch [org.frcpm.models.Component(959674222382700).requiredForTasks]

10:24:17.935 [main] DEBUG org.hibernate.orm.sql.ast.tree - SQL AST Tree:
    SelectStatement {
      FromClause {
        StandardTableGroup (c1 : org.frcpm.models.Component(959674222382700)) {
          primaryTableReference : components as c1_0
        }
      }
    }

10:24:17.935 [main] DEBUG org.hibernate.orm.sql.exec - Skipping reading Query result cache data: cache-enabled = false, cache-mode = NORMAL
10:24:17.935 [main] DEBUG org.hibernate.orm.results - Initializer list:
	  org.frcpm.models.Component(959674222382700) -> EntityResultInitializer(org.frcpm.models.Component(959674222382700))@180350087 (SingleTableEntityPersister(org.frcpm.models.Component))
	  org.frcpm.models.Component(959674222382700).requiredForTasks -> DelayedCollectionInitializer(org.frcpm.models.Component(959674222382700).requiredForTasks)@2065282446 (PluralAttribute(org.frcpm.models.Component.requiredForTasks))

10:24:17.935 [main] DEBUG org.hibernate.SQL - select c1_0.id,c1_0.actual_delivery,c1_0.is_delivered,c1_0.description,c1_0.expected_delivery,c1_0.name,c1_0.part_number from components c1_0
10:24:17.935 [main] DEBUG org.hibernate.orm.results - Extracted JDBC value [0] - [1]
10:24:17.935 [main] DEBUG org.hibernate.orm.results.loading.entity - (EntityResultInitializer) Hydrated EntityKey (org.frcpm.models.Component(959674222382700)): 1
10:24:17.935 [main] DEBUG org.hibernate.orm.results.loading.org.hibernate.orm.results.loading.collection - (DelayedCollectionInitializer) Current row collection key : org.frcpm.models.Component(959674222382700).requiredForTasks#1
10:24:17.935 [main] DEBUG org.hibernate.orm.results.loading.entity - (EntityResultInitializer) Created new entity instance [org.frcpm.models.Component(959674222382700)#1] : 693049699
10:24:17.935 [main] DEBUG org.hibernate.orm.results - Extracted JDBC value [1] - [null]
10:24:17.935 [main] DEBUG org.hibernate.orm.results - Extracted JDBC value [2] - [false]
10:24:17.936 [main] DEBUG org.hibernate.orm.results - Extracted JDBC value [3] - [Motor controller for NEO brushless motors]
10:24:17.936 [main] DEBUG org.hibernate.orm.results - Extracted JDBC value [4] - [2025-05-04]
10:24:17.936 [main] DEBUG org.hibernate.orm.results - Extracted JDBC value [5] - [SPARK MAX]
10:24:17.936 [main] DEBUG org.hibernate.orm.results - Extracted JDBC value [6] - [REV-11-2158]
10:24:17.936 [main] DEBUG org.hibernate.orm.results.loading.entity - (EntityResultInitializer) Done materializing entityInstance : org.frcpm.models.Component(959674222382700)#1
10:24:17.936 [main] DEBUG org.hibernate.orm.results.loading - Calling top-level assembler (0 / 1) : org.hibernate.sql.results.graph.entity.internal.EntityAssembler@378bc0d4
10:24:17.936 [main] DEBUG org.hibernate.orm.results - Extracted JDBC value [0] - [2]
10:24:17.936 [main] DEBUG org.hibernate.orm.results.loading.entity - (EntityResultInitializer) Hydrated EntityKey (org.frcpm.models.Component(959674222382700)): 2
10:24:17.936 [main] DEBUG org.hibernate.orm.results.loading.org.hibernate.orm.results.loading.collection - (DelayedCollectionInitializer) Current row collection key : org.frcpm.models.Component(959674222382700).requiredForTasks#2
10:24:17.936 [main] DEBUG org.hibernate.orm.results.loading.entity - (EntityResultInitializer) Created new entity instance [org.frcpm.models.Component(959674222382700)#2] : 1666430820
10:24:17.936 [main] DEBUG org.hibernate.orm.results - Extracted JDBC value [1] - [null]
10:24:17.936 [main] DEBUG org.hibernate.orm.results - Extracted JDBC value [2] - [false]
10:24:17.936 [main] DEBUG org.hibernate.orm.results - Extracted JDBC value [3] - [High performance brushless DC motor]
10:24:17.936 [main] DEBUG org.hibernate.orm.results - Extracted JDBC value [4] - [2025-05-04]
10:24:17.936 [main] DEBUG org.hibernate.orm.results - Extracted JDBC value [5] - [NEO Brushless Motor]
10:24:17.936 [main] DEBUG org.hibernate.orm.results - Extracted JDBC value [6] - [REV-21-1650]
10:24:17.936 [main] DEBUG org.hibernate.orm.results.loading.entity - (EntityResultInitializer) Done materializing entityInstance : org.frcpm.models.Component(959674222382700)#2
10:24:17.936 [main] DEBUG org.hibernate.orm.results.loading - Calling top-level assembler (0 / 1) : org.hibernate.sql.results.graph.entity.internal.EntityAssembler@378bc0d4
10:24:17.936 [main] DEBUG org.hibernate.orm.results - Extracted JDBC value [0] - [3]
10:24:17.936 [main] DEBUG org.hibernate.orm.results.loading.entity - (EntityResultInitializer) Hydrated EntityKey (org.frcpm.models.Component(959674222382700)): 3
10:24:17.936 [main] DEBUG org.hibernate.orm.results.loading.org.hibernate.orm.results.loading.collection - (DelayedCollectionInitializer) Current row collection key : org.frcpm.models.Component(959674222382700).requiredForTasks#3
10:24:17.936 [main] DEBUG org.hibernate.orm.results.loading.entity - (EntityResultInitializer) Created new entity instance [org.frcpm.models.Component(959674222382700)#3] : 1322676313
10:24:17.936 [main] DEBUG org.hibernate.orm.results - Extracted JDBC value [1] - [2025-05-01]
10:24:17.936 [main] DEBUG org.hibernate.orm.results - Extracted JDBC value [2] - [true]
10:24:17.936 [main] DEBUG org.hibernate.orm.results - Extracted JDBC value [3] - [Omni-directional wheels for holonomic drive]
10:24:17.936 [main] DEBUG org.hibernate.orm.results - Extracted JDBC value [4] - [2025-05-02]
10:24:17.936 [main] DEBUG org.hibernate.orm.results - Extracted JDBC value [5] - [4" Omni Wheels]
10:24:17.936 [main] DEBUG org.hibernate.orm.results - Extracted JDBC value [6] - [AM-0016]
10:24:17.936 [main] DEBUG org.hibernate.orm.results.loading.entity - (EntityResultInitializer) Done materializing entityInstance : org.frcpm.models.Component(959674222382700)#3
10:24:17.936 [main] DEBUG org.hibernate.orm.results.loading - Calling top-level assembler (0 / 1) : org.hibernate.sql.results.graph.entity.internal.EntityAssembler@378bc0d4
10:24:17.936 [main] DEBUG org.hibernate.orm.results - Extracted JDBC value [0] - [4]
10:24:17.936 [main] DEBUG org.hibernate.orm.results.loading.entity - (EntityResultInitializer) Hydrated EntityKey (org.frcpm.models.Component(959674222382700)): 4
10:24:17.936 [main] DEBUG org.hibernate.orm.results.loading.org.hibernate.orm.results.loading.collection - (DelayedCollectionInitializer) Current row collection key : org.frcpm.models.Component(959674222382700).requiredForTasks#4
10:24:17.936 [main] DEBUG org.hibernate.orm.results.loading.entity - (EntityResultInitializer) Created new entity instance [org.frcpm.models.Component(959674222382700)#4] : 1495592738
10:24:17.936 [main] DEBUG org.hibernate.orm.results - Extracted JDBC value [1] - [null]
10:24:17.936 [main] DEBUG org.hibernate.orm.results - Extracted JDBC value [2] - [false]
10:24:17.936 [main] DEBUG org.hibernate.orm.results - Extracted JDBC value [3] - [Smart camera for vision tracking]
10:24:17.936 [main] DEBUG org.hibernate.orm.results - Extracted JDBC value [4] - [2025-05-08]
10:24:17.936 [main] DEBUG org.hibernate.orm.results - Extracted JDBC value [5] - [Limelight 3]
10:24:17.936 [main] DEBUG org.hibernate.orm.results - Extracted JDBC value [6] - [LL3-1]
10:24:17.936 [main] DEBUG org.hibernate.orm.results.loading.entity - (EntityResultInitializer) Done materializing entityInstance : org.frcpm.models.Component(959674222382700)#4
10:24:17.936 [main] DEBUG org.hibernate.orm.results.loading - Calling top-level assembler (0 / 1) : org.hibernate.sql.results.graph.entity.internal.EntityAssembler@378bc0d4
10:24:17.936 [main] DEBUG org.hibernate.orm.results - Extracted JDBC value [0] - [5]
10:24:17.936 [main] DEBUG org.hibernate.orm.results.loading.entity - (EntityResultInitializer) Hydrated EntityKey (org.frcpm.models.Component(959674222382700)): 5
10:24:17.936 [main] DEBUG org.hibernate.orm.results.loading.org.hibernate.orm.results.loading.collection - (DelayedCollectionInitializer) Current row collection key : org.frcpm.models.Component(959674222382700).requiredForTasks#5
10:24:17.936 [main] DEBUG org.hibernate.orm.results.loading.entity - (EntityResultInitializer) Created new entity instance [org.frcpm.models.Component(959674222382700)#5] : 670808223
10:24:17.936 [main] DEBUG org.hibernate.orm.results - Extracted JDBC value [1] - [null]
10:24:17.936 [main] DEBUG org.hibernate.orm.results - Extracted JDBC value [2] - [false]
10:24:17.936 [main] DEBUG org.hibernate.orm.results - Extracted JDBC value [3] - [Control module for pneumatic systems]
10:24:17.936 [main] DEBUG org.hibernate.orm.results - Extracted JDBC value [4] - [2025-05-06]
10:24:17.936 [main] DEBUG org.hibernate.orm.results - Extracted JDBC value [5] - [Pneumatic Control Module]
10:24:17.936 [main] DEBUG org.hibernate.orm.results - Extracted JDBC value [6] - [CTRE-PCM]
10:24:17.936 [main] DEBUG org.hibernate.orm.results.loading.entity - (EntityResultInitializer) Done materializing entityInstance : org.frcpm.models.Component(959674222382700)#5
10:24:17.936 [main] DEBUG org.hibernate.orm.results.loading - Calling top-level assembler (0 / 1) : org.hibernate.sql.results.graph.entity.internal.EntityAssembler@378bc0d4
10:24:17.936 [main] DEBUG org.hibernate.orm.results - Extracted JDBC value [0] - [12]
10:24:17.936 [main] DEBUG org.hibernate.orm.results.loading.entity - (EntityResultInitializer) Hydrated EntityKey (org.frcpm.models.Component(959674222382700)): 12
10:24:17.936 [main] DEBUG org.hibernate.orm.results.loading.org.hibernate.orm.results.loading.collection - (DelayedCollectionInitializer) Current row collection key : org.frcpm.models.Component(959674222382700).requiredForTasks#12
10:24:17.936 [main] DEBUG org.hibernate.orm.results.loading.entity - (EntityResultInitializer) Created new entity instance [org.frcpm.models.Component(959674222382700)#12] : 1786295101
10:24:17.936 [main] DEBUG org.hibernate.orm.results - Extracted JDBC value [1] - [null]
10:24:17.936 [main] DEBUG org.hibernate.orm.results - Extracted JDBC value [2] - [false]
10:24:17.936 [main] DEBUG org.hibernate.orm.results - Extracted JDBC value [3] - [null]
10:24:17.936 [main] DEBUG org.hibernate.orm.results - Extracted JDBC value [4] - [null]
10:24:17.936 [main] DEBUG org.hibernate.orm.results - Extracted JDBC value [5] - [Test Count Component]
10:24:17.936 [main] DEBUG org.hibernate.orm.results - Extracted JDBC value [6] - [TCC-001]
10:24:17.936 [main] DEBUG org.hibernate.orm.results.loading.entity - (EntityResultInitializer) Done materializing entityInstance : org.frcpm.models.Component(959674222382700)#12
10:24:17.936 [main] DEBUG org.hibernate.orm.results.loading - Calling top-level assembler (0 / 1) : org.hibernate.sql.results.graph.entity.internal.EntityAssembler@378bc0d4
10:24:17.936 [main] DEBUG org.hibernate.orm.results - Extracted JDBC value [0] - [16]
10:24:17.936 [main] DEBUG org.hibernate.orm.results.loading.entity - (EntityResultInitializer) Hydrated EntityKey (org.frcpm.models.Component(959674222382700)): 16
10:24:17.936 [main] DEBUG org.hibernate.orm.results.loading.org.hibernate.orm.results.loading.collection - (DelayedCollectionInitializer) Current row collection key : org.frcpm.models.Component(959674222382700).requiredForTasks#16
10:24:17.936 [main] DEBUG org.hibernate.orm.results.loading.entity - (EntityResultInitializer) Created new entity instance [org.frcpm.models.Component(959674222382700)#16] : 1482588453
10:24:17.936 [main] DEBUG org.hibernate.orm.results - Extracted JDBC value [1] - [null]
10:24:17.936 [main] DEBUG org.hibernate.orm.results - Extracted JDBC value [2] - [false]
10:24:17.936 [main] DEBUG org.hibernate.orm.results - Extracted JDBC value [3] - [Save component description]
10:24:17.936 [main] DEBUG org.hibernate.orm.results - Extracted JDBC value [4] - [2025-05-10]
10:24:17.936 [main] DEBUG org.hibernate.orm.results - Extracted JDBC value [5] - [Test Save Component]
10:24:17.936 [main] DEBUG org.hibernate.orm.results - Extracted JDBC value [6] - [TSC-001]
10:24:17.936 [main] DEBUG org.hibernate.orm.results.loading.entity - (EntityResultInitializer) Done materializing entityInstance : org.frcpm.models.Component(959674222382700)#16
10:24:17.936 [main] DEBUG org.hibernate.orm.results.loading - Calling top-level assembler (0 / 1) : org.hibernate.sql.results.graph.entity.internal.EntityAssembler@378bc0d4
10:24:17.936 [main] DEBUG org.hibernate.orm.results - Extracted JDBC value [0] - [40]
10:24:17.936 [main] DEBUG org.hibernate.orm.results.loading.entity - (EntityResultInitializer) Hydrated EntityKey (org.frcpm.models.Component(959674222382700)): 40
10:24:17.936 [main] DEBUG org.hibernate.orm.results.loading.org.hibernate.orm.results.loading.collection - (DelayedCollectionInitializer) Current row collection key : org.frcpm.models.Component(959674222382700).requiredForTasks#40
10:24:17.936 [main] DEBUG org.hibernate.orm.results.loading.entity - (EntityResultInitializer) Created new entity instance [org.frcpm.models.Component(959674222382700)#40] : 991734114
10:24:17.936 [main] DEBUG org.hibernate.orm.results - Extracted JDBC value [1] - [2025-04-25]
10:24:17.936 [main] DEBUG org.hibernate.orm.results - Extracted JDBC value [2] - [true]
10:24:17.936 [main] DEBUG org.hibernate.orm.results - Extracted JDBC value [3] - [Updated description]
10:24:17.936 [main] DEBUG org.hibernate.orm.results - Extracted JDBC value [4] - [null]
10:24:17.936 [main] DEBUG org.hibernate.orm.results - Extracted JDBC value [5] - [Updated Component Name]
10:24:17.936 [main] DEBUG org.hibernate.orm.results - Extracted JDBC value [6] - [TUC-001]
10:24:17.936 [main] DEBUG org.hibernate.orm.results.loading.entity - (EntityResultInitializer) Done materializing entityInstance : org.frcpm.models.Component(959674222382700)#40
10:24:17.936 [main] DEBUG org.hibernate.orm.results.loading - Calling top-level assembler (0 / 1) : org.hibernate.sql.results.graph.entity.internal.EntityAssembler@378bc0d4
10:24:17.936 [main] DEBUG org.hibernate.orm.results - Extracted JDBC value [0] - [55]
10:24:17.936 [main] DEBUG org.hibernate.orm.results.loading.entity - (EntityResultInitializer) Hydrated EntityKey (org.frcpm.models.Component(959674222382700)): 55
10:24:17.936 [main] DEBUG org.hibernate.orm.results.loading.org.hibernate.orm.results.loading.collection - (DelayedCollectionInitializer) Current row collection key : org.frcpm.models.Component(959674222382700).requiredForTasks#55
10:24:17.936 [main] DEBUG org.hibernate.orm.results.loading.entity - (EntityResultInitializer) Created new entity instance [org.frcpm.models.Component(959674222382700)#55] : 1792324803
10:24:17.936 [main] DEBUG org.hibernate.orm.results - Extracted JDBC value [1] - [null]
10:24:17.936 [main] DEBUG org.hibernate.orm.results - Extracted JDBC value [2] - [false]
10:24:17.936 [main] DEBUG org.hibernate.orm.results - Extracted JDBC value [3] - [Component 1 for association test]
10:24:17.936 [main] DEBUG org.hibernate.orm.results - Extracted JDBC value [4] - [2025-04-28]
10:24:17.936 [main] DEBUG org.hibernate.orm.results - Extracted JDBC value [5] - [Test Component Assoc 1]
10:24:17.936 [main] DEBUG org.hibernate.orm.results - Extracted JDBC value [6] - [TC-ASSOC1]
10:24:17.936 [main] DEBUG org.hibernate.orm.results.loading.entity - (EntityResultInitializer) Done materializing entityInstance : org.frcpm.models.Component(959674222382700)#55
10:24:17.936 [main] DEBUG org.hibernate.orm.results.loading - Calling top-level assembler (0 / 1) : org.hibernate.sql.results.graph.entity.internal.EntityAssembler@378bc0d4
10:24:17.936 [main] DEBUG org.hibernate.orm.results - Extracted JDBC value [0] - [56]
10:24:17.936 [main] DEBUG org.hibernate.orm.results.loading.entity - (EntityResultInitializer) Hydrated EntityKey (org.frcpm.models.Component(959674222382700)): 56
10:24:17.936 [main] DEBUG org.hibernate.orm.results.loading.org.hibernate.orm.results.loading.collection - (DelayedCollectionInitializer) Current row collection key : org.frcpm.models.Component(959674222382700).requiredForTasks#56
10:24:17.936 [main] DEBUG org.hibernate.orm.results.loading.entity - (EntityResultInitializer) Created new entity instance [org.frcpm.models.Component(959674222382700)#56] : 805795308
10:24:17.936 [main] DEBUG org.hibernate.orm.results - Extracted JDBC value [1] - [null]
10:24:17.936 [main] DEBUG org.hibernate.orm.results - Extracted JDBC value [2] - [false]
10:24:17.936 [main] DEBUG org.hibernate.orm.results - Extracted JDBC value [3] - [Component 2 for association test]
10:24:17.936 [main] DEBUG org.hibernate.orm.results - Extracted JDBC value [4] - [2025-04-30]
10:24:17.936 [main] DEBUG org.hibernate.orm.results - Extracted JDBC value [5] - [Test Component Assoc 2]
10:24:17.936 [main] DEBUG org.hibernate.orm.results - Extracted JDBC value [6] - [TC-ASSOC2]
10:24:17.936 [main] DEBUG org.hibernate.orm.results.loading.entity - (EntityResultInitializer) Done materializing entityInstance : org.frcpm.models.Component(959674222382700)#56
10:24:17.936 [main] DEBUG org.hibernate.orm.results.loading - Calling top-level assembler (0 / 1) : org.hibernate.sql.results.graph.entity.internal.EntityAssembler@378bc0d4
10:24:17.936 [main] DEBUG org.hibernate.orm.results - Extracted JDBC value [0] - [57]
10:24:17.936 [main] DEBUG org.hibernate.orm.results.loading.entity - (EntityResultInitializer) Hydrated EntityKey (org.frcpm.models.Component(959674222382700)): 57
10:24:17.936 [main] DEBUG org.hibernate.orm.results.loading.org.hibernate.orm.results.loading.collection - (DelayedCollectionInitializer) Current row collection key : org.frcpm.models.Component(959674222382700).requiredForTasks#57
10:24:17.936 [main] DEBUG org.hibernate.orm.results.loading.entity - (EntityResultInitializer) Created new entity instance [org.frcpm.models.Component(959674222382700)#57] : 1128105371
10:24:17.936 [main] DEBUG org.hibernate.orm.results - Extracted JDBC value [1] - [null]
10:24:17.936 [main] DEBUG org.hibernate.orm.results - Extracted JDBC value [2] - [false]
10:24:17.936 [main] DEBUG org.hibernate.orm.results - Extracted JDBC value [3] - [First test component description]
10:24:17.936 [main] DEBUG org.hibernate.orm.results - Extracted JDBC value [4] - [2025-04-30]
10:24:17.936 [main] DEBUG org.hibernate.orm.results - Extracted JDBC value [5] - [Test Component 1]
10:24:17.936 [main] DEBUG org.hibernate.orm.results - Extracted JDBC value [6] - [TC-001]
10:24:17.936 [main] DEBUG org.hibernate.orm.results.loading.entity - (EntityResultInitializer) Done materializing entityInstance : org.frcpm.models.Component(959674222382700)#57
10:24:17.936 [main] DEBUG org.hibernate.orm.results.loading - Calling top-level assembler (0 / 1) : org.hibernate.sql.results.graph.entity.internal.EntityAssembler@378bc0d4
10:24:17.936 [main] DEBUG org.hibernate.orm.results - Extracted JDBC value [0] - [58]
10:24:17.936 [main] DEBUG org.hibernate.orm.results.loading.entity - (EntityResultInitializer) Hydrated EntityKey (org.frcpm.models.Component(959674222382700)): 58
10:24:17.936 [main] DEBUG org.hibernate.orm.results.loading.org.hibernate.orm.results.loading.collection - (DelayedCollectionInitializer) Current row collection key : org.frcpm.models.Component(959674222382700).requiredForTasks#58
10:24:17.936 [main] DEBUG org.hibernate.orm.results.loading.entity - (EntityResultInitializer) Created new entity instance [org.frcpm.models.Component(959674222382700)#58] : 1388127478
10:24:17.936 [main] DEBUG org.hibernate.orm.results - Extracted JDBC value [1] - [null]
10:24:17.936 [main] DEBUG org.hibernate.orm.results - Extracted JDBC value [2] - [false]
10:24:17.936 [main] DEBUG org.hibernate.orm.results - Extracted JDBC value [3] - [Second test component description]
10:24:17.936 [main] DEBUG org.hibernate.orm.results - Extracted JDBC value [4] - [2025-05-02]
10:24:17.936 [main] DEBUG org.hibernate.orm.results - Extracted JDBC value [5] - [Test Component 2]
10:24:17.936 [main] DEBUG org.hibernate.orm.results - Extracted JDBC value [6] - [TC-002]
10:24:17.936 [main] DEBUG org.hibernate.orm.results.loading.entity - (EntityResultInitializer) Done materializing entityInstance : org.frcpm.models.Component(959674222382700)#58
10:24:17.936 [main] DEBUG org.hibernate.orm.results.loading - Calling top-level assembler (0 / 1) : org.hibernate.sql.results.graph.entity.internal.EntityAssembler@378bc0d4
10:24:17.936 [main] DEBUG org.hibernate.orm.results - Extracted JDBC value [0] - [59]
10:24:17.936 [main] DEBUG org.hibernate.orm.results.loading.entity - (EntityResultInitializer) Hydrated EntityKey (org.frcpm.models.Component(959674222382700)): 59
10:24:17.936 [main] DEBUG org.hibernate.orm.results.loading.org.hibernate.orm.results.loading.collection - (DelayedCollectionInitializer) Current row collection key : org.frcpm.models.Component(959674222382700).requiredForTasks#59
10:24:17.936 [main] DEBUG org.hibernate.orm.results.loading.entity - (EntityResultInitializer) Created new entity instance [org.frcpm.models.Component(959674222382700)#59] : 1935589493
10:24:17.936 [main] DEBUG org.hibernate.orm.results - Extracted JDBC value [1] - [2025-05-04]
10:24:17.936 [main] DEBUG org.hibernate.orm.results - Extracted JDBC value [2] - [true]
10:24:17.936 [main] DEBUG org.hibernate.orm.results - Extracted JDBC value [3] - [Third test component description]
10:24:17.936 [main] DEBUG org.hibernate.orm.results - Extracted JDBC value [4] - [2025-05-05]
10:24:17.936 [main] DEBUG org.hibernate.orm.results - Extracted JDBC value [5] - [Test Component 3]
10:24:17.936 [main] DEBUG org.hibernate.orm.results - Extracted JDBC value [6] - [TC-003]
10:24:17.936 [main] DEBUG org.hibernate.orm.results.loading.entity - (EntityResultInitializer) Done materializing entityInstance : org.frcpm.models.Component(959674222382700)#59
10:24:17.936 [main] DEBUG org.hibernate.orm.results.loading - Calling top-level assembler (0 / 1) : org.hibernate.sql.results.graph.entity.internal.EntityAssembler@378bc0d4
10:24:17.936 [main] DEBUG org.hibernate.resource.jdbc.internal.LogicalConnectionManagedImpl - Initiating JDBC connection release from afterTransaction
10:24:17.936 [main] DEBUG org.hibernate.resource.jdbc.internal.LogicalConnectionManagedImpl - Initiating JDBC connection release from afterTransaction
10:24:17.936 [main] DEBUG org.hibernate.engine.transaction.internal.TransactionImpl - On TransactionImpl creation, JpaCompliance#isJpaTransactionComplianceEnabled == false
10:24:17.936 [main] DEBUG org.hibernate.engine.transaction.internal.TransactionImpl - begin
10:24:17.937 [main] DEBUG org.hibernate.orm.sql.ast.create - Created new SQL alias : c1_0
10:24:17.937 [main] DEBUG org.hibernate.orm.sql.ast.create - Registration of TableGroup [StandardTableGroup(org.frcpm.models.Component)] with identifierForTableGroup [org.frcpm.models.Component] for NavigablePath [org.frcpm.models.Component] 
10:24:17.937 [main] DEBUG org.hibernate.orm.results.graph.AST - DomainResult Graph:
 \-EntityResultImpl [org.frcpm.models.Component]
 |  +-BasicFetch [org.frcpm.models.Component.actualDelivery]
 |  +-BasicFetch [org.frcpm.models.Component.delivered]
 |  +-BasicFetch [org.frcpm.models.Component.description]
 |  +-BasicFetch [org.frcpm.models.Component.expectedDelivery]
 |  +-BasicFetch [org.frcpm.models.Component.name]
 |  +-BasicFetch [org.frcpm.models.Component.partNumber]
 |  \-DelayedCollectionFetch [org.frcpm.models.Component.requiredForTasks]

10:24:17.937 [main] DEBUG org.hibernate.orm.sql.ast.tree - SQL AST Tree:
    SelectStatement {
      FromClause {
        StandardTableGroup (c1 : org.frcpm.models.Component) {
          primaryTableReference : components as c1_0
        }
      }
    }

10:24:17.937 [main] DEBUG org.hibernate.orm.sql.exec - Skipping reading Query result cache data: cache-enabled = false, cache-mode = IGNORE
10:24:17.937 [main] DEBUG org.hibernate.orm.results - Initializer list:
	  org.frcpm.models.Component -> EntityResultInitializer(org.frcpm.models.Component)@1029479430 (SingleTableEntityPersister(org.frcpm.models.Component))
	  org.frcpm.models.Component.requiredForTasks -> DelayedCollectionInitializer(org.frcpm.models.Component.requiredForTasks)@948223664 (PluralAttribute(org.frcpm.models.Component.requiredForTasks))

10:24:17.937 [main] DEBUG org.hibernate.SQL - select c1_0.id,c1_0.actual_delivery,c1_0.is_delivered,c1_0.description,c1_0.expected_delivery,c1_0.name,c1_0.part_number from components c1_0 where c1_0.id=?
10:24:17.938 [main] DEBUG org.hibernate.orm.results.loading.entity - (EntityResultInitializer) Hydrated EntityKey (org.frcpm.models.Component): 55
10:24:17.938 [main] DEBUG org.hibernate.orm.results.loading.org.hibernate.orm.results.loading.collection - (DelayedCollectionInitializer) Current row collection key : org.frcpm.models.Component.requiredForTasks#55
10:24:17.938 [main] DEBUG org.hibernate.orm.results.loading.entity - (EntityResultInitializer) Created new entity instance [org.frcpm.models.Component#55] : 1381914950
10:24:17.938 [main] DEBUG org.hibernate.orm.results - Extracted JDBC value [1] - [null]
10:24:17.938 [main] DEBUG org.hibernate.orm.results - Extracted JDBC value [2] - [false]
10:24:17.938 [main] DEBUG org.hibernate.orm.results - Extracted JDBC value [3] - [Component 1 for association test]
10:24:17.938 [main] DEBUG org.hibernate.orm.results - Extracted JDBC value [4] - [2025-04-28]
10:24:17.938 [main] DEBUG org.hibernate.orm.results - Extracted JDBC value [5] - [Test Component Assoc 1]
10:24:17.938 [main] DEBUG org.hibernate.orm.results - Extracted JDBC value [6] - [TC-ASSOC1]
10:24:17.938 [main] DEBUG org.hibernate.orm.results.loading.entity - (EntityResultInitializer) Done materializing entityInstance : org.frcpm.models.Component#55
10:24:17.938 [main] DEBUG org.hibernate.orm.results.loading - Calling top-level assembler (0 / 1) : org.hibernate.sql.results.graph.entity.internal.EntityAssembler@3415e52
10:24:17.938 [main] DEBUG org.hibernate.engine.transaction.internal.TransactionImpl - committing
10:24:17.938 [main] DEBUG org.hibernate.event.internal.AbstractFlushingEventListener - Processing flush-time cascades
10:24:17.938 [main] DEBUG org.hibernate.event.internal.AbstractFlushingEventListener - Dirty checking collections
10:24:17.938 [main] DEBUG org.hibernate.engine.internal.Collections - Collection dereferenced: [org.frcpm.models.Component.requiredForTasks#55]
10:24:17.938 [main] DEBUG org.hibernate.event.internal.AbstractFlushingEventListener - Flushed: 0 insertions, 0 updates, 1 deletions to 1 objects
10:24:17.938 [main] DEBUG org.hibernate.event.internal.AbstractFlushingEventListener - Flushed: 0 (re)creations, 0 updates, 1 removals to 1 collections
10:24:17.938 [main] DEBUG org.hibernate.internal.util.EntityPrinter - Listing entities:
10:24:17.938 [main] DEBUG org.hibernate.internal.util.EntityPrinter - org.frcpm.models.Component{expectedDelivery=2025-04-28, requiredForTasks=<uninitialized>, name=Test Component Assoc 1, actualDelivery=null, description=Component 1 for association test, delivered=false, partNumber=TC-ASSOC1, id=55}
10:24:17.938 [main] DEBUG org.hibernate.SQL - delete from components where id=?
10:24:17.943 [main] INFO org.hibernate.orm.jdbc.batch - HHH100503: On release of batch it still contained JDBC statements
10:24:17.943 [main] ERROR org.hibernate.orm.jdbc.batch - HHH100501: Exception executing batch [org.h2.jdbc.JdbcBatchUpdateException: Referential integrity constraint violation: "FK5IRPAISPCX79XWY6N1QOMAXNV: PUBLIC.TASK_COMPONENTS FOREIGN KEY(COMPONENT_ID) REFERENCES PUBLIC.COMPONENTS(ID) (CAST(55 AS BIGINT))"; SQL statement:
delete from components where id=? [23503-224]], SQL: delete from components where id=?
10:24:17.944 [main] DEBUG org.hibernate.engine.jdbc.spi.SqlExceptionHelper - could not execute batch [delete from components where id=?]
org.h2.jdbc.JdbcBatchUpdateException: Referential integrity constraint violation: "FK5IRPAISPCX79XWY6N1QOMAXNV: PUBLIC.TASK_COMPONENTS FOREIGN KEY(COMPONENT_ID) REFERENCES PUBLIC.COMPONENTS(ID) (CAST(55 AS BIGINT))"; SQL statement:
delete from components where id=? [23503-224]
	at org.h2.jdbc.JdbcPreparedStatement.executeBatch(JdbcPreparedStatement.java:1282)
	at com.zaxxer.hikari.pool.ProxyStatement.executeBatch(ProxyStatement.java:127)
	at com.zaxxer.hikari.pool.HikariProxyPreparedStatement.executeBatch(HikariProxyPreparedStatement.java)
	at org.hibernate.engine.jdbc.batch.internal.BatchImpl.lambda$performExecution$2(BatchImpl.java:279)
	at org.hibernate.engine.jdbc.mutation.internal.PreparedStatementGroupSingleTable.forEachStatement(PreparedStatementGroupSingleTable.java:67)
	at org.hibernate.engine.jdbc.batch.internal.BatchImpl.performExecution(BatchImpl.java:264)
	at org.hibernate.engine.jdbc.batch.internal.BatchImpl.execute(BatchImpl.java:242)
	at org.hibernate.engine.jdbc.internal.JdbcCoordinatorImpl.executeBatch(JdbcCoordinatorImpl.java:188)
	at org.hibernate.engine.spi.ActionQueue.executeActions(ActionQueue.java:662)
	at org.hibernate.engine.spi.ActionQueue.executeActions(ActionQueue.java:499)
	at org.hibernate.event.internal.AbstractFlushingEventListener.performExecutions(AbstractFlushingEventListener.java:371)
	at org.hibernate.event.internal.DefaultFlushEventListener.onFlush(DefaultFlushEventListener.java:41)
	at org.hibernate.event.service.internal.EventListenerGroupImpl.fireEventOnEachListener(EventListenerGroupImpl.java:127)
	at org.hibernate.internal.SessionImpl.doFlush(SessionImpl.java:1425)
	at org.hibernate.internal.SessionImpl.managedFlush(SessionImpl.java:487)
	at org.hibernate.internal.SessionImpl.flushBeforeTransactionCompletion(SessionImpl.java:2324)
	at org.hibernate.internal.SessionImpl.beforeTransactionCompletion(SessionImpl.java:1981)
	at org.hibernate.engine.jdbc.internal.JdbcCoordinatorImpl.beforeTransactionCompletion(JdbcCoordinatorImpl.java:439)
	at org.hibernate.resource.transaction.backend.jdbc.internal.JdbcResourceLocalTransactionCoordinatorImpl.beforeCompletionCallback(JdbcResourceLocalTransactionCoordinatorImpl.java:169)
	at org.hibernate.resource.transaction.backend.jdbc.internal.JdbcResourceLocalTransactionCoordinatorImpl$TransactionDriverControlImpl.commit(JdbcResourceLocalTransactionCoordinatorImpl.java:267)
	at org.hibernate.engine.transaction.internal.TransactionImpl.commit(TransactionImpl.java:101)
	at org.frcpm.repositories.impl.JpaRepositoryImpl.delete(JpaRepositoryImpl.java:165)
	at org.frcpm.repositories.ComponentRepositoryTest.cleanupTestComponents(ComponentRepositoryTest.java:63)
	at org.frcpm.repositories.ComponentRepositoryTest.tearDown(ComponentRepositoryTest.java:35)
	at java.base/jdk.internal.reflect.DirectMethodHandleAccessor.invoke(DirectMethodHandleAccessor.java:103)
	at java.base/java.lang.reflect.Method.invoke(Method.java:580)
	at org.junit.platform.commons.util.ReflectionUtils.invokeMethod(ReflectionUtils.java:728)
	at org.junit.jupiter.engine.execution.MethodInvocation.proceed(MethodInvocation.java:60)
	at org.junit.jupiter.engine.execution.InvocationInterceptorChain$ValidatingInvocation.proceed(InvocationInterceptorChain.java:131)
	at org.junit.jupiter.engine.extension.TimeoutExtension.intercept(TimeoutExtension.java:156)
	at org.junit.jupiter.engine.extension.TimeoutExtension.interceptLifecycleMethod(TimeoutExtension.java:128)
	at org.junit.jupiter.engine.extension.TimeoutExtension.interceptAfterEachMethod(TimeoutExtension.java:110)
	at org.junit.jupiter.engine.execution.InterceptingExecutableInvoker$ReflectiveInterceptorCall.lambda$ofVoidMethod$0(InterceptingExecutableInvoker.java:103)
	at org.junit.jupiter.engine.execution.InterceptingExecutableInvoker.lambda$invoke$0(InterceptingExecutableInvoker.java:93)
	at org.junit.jupiter.engine.execution.InvocationInterceptorChain$InterceptedInvocation.proceed(InvocationInterceptorChain.java:106)
	at org.junit.jupiter.engine.execution.InvocationInterceptorChain.proceed(InvocationInterceptorChain.java:64)
	at org.junit.jupiter.engine.execution.InvocationInterceptorChain.chainAndInvoke(InvocationInterceptorChain.java:45)
	at org.junit.jupiter.engine.execution.InvocationInterceptorChain.invoke(InvocationInterceptorChain.java:37)
	at org.junit.jupiter.engine.execution.InterceptingExecutableInvoker.invoke(InterceptingExecutableInvoker.java:92)
	at org.junit.jupiter.engine.execution.InterceptingExecutableInvoker.invoke(InterceptingExecutableInvoker.java:86)
	at org.junit.jupiter.engine.descriptor.ClassBasedTestDescriptor.invokeMethodInExtensionContext(ClassBasedTestDescriptor.java:521)
	at org.junit.jupiter.engine.descriptor.ClassBasedTestDescriptor.lambda$synthesizeAfterEachMethodAdapter$24(ClassBasedTestDescriptor.java:511)
	at org.junit.jupiter.engine.descriptor.TestMethodTestDescriptor.lambda$invokeAfterEachMethods$10(TestMethodTestDescriptor.java:244)
	at org.junit.jupiter.engine.descriptor.TestMethodTestDescriptor.lambda$invokeAllAfterMethodsOrCallbacks$13(TestMethodTestDescriptor.java:277)
	at org.junit.platform.engine.support.hierarchical.ThrowableCollector.execute(ThrowableCollector.java:73)
	at org.junit.jupiter.engine.descriptor.TestMethodTestDescriptor.lambda$invokeAllAfterMethodsOrCallbacks$14(TestMethodTestDescriptor.java:277)
	at org.junit.platform.commons.util.CollectionUtils.forEachInReverseOrder(CollectionUtils.java:217)
	at org.junit.jupiter.engine.descriptor.TestMethodTestDescriptor.invokeAllAfterMethodsOrCallbacks(TestMethodTestDescriptor.java:276)
	at org.junit.jupiter.engine.descriptor.TestMethodTestDescriptor.invokeAfterEachMethods(TestMethodTestDescriptor.java:242)
	at org.junit.jupiter.engine.descriptor.TestMethodTestDescriptor.execute(TestMethodTestDescriptor.java:143)
	at org.junit.jupiter.engine.descriptor.TestMethodTestDescriptor.execute(TestMethodTestDescriptor.java:69)
	at org.junit.platform.engine.support.hierarchical.NodeTestTask.lambda$executeRecursively$6(NodeTestTask.java:151)
	at org.junit.platform.engine.support.hierarchical.ThrowableCollector.execute(ThrowableCollector.java:73)
	at org.junit.platform.engine.support.hierarchical.NodeTestTask.lambda$executeRecursively$8(NodeTestTask.java:141)
	at org.junit.platform.engine.support.hierarchical.Node.around(Node.java:137)
	at org.junit.platform.engine.support.hierarchical.NodeTestTask.lambda$executeRecursively$9(NodeTestTask.java:139)
	at org.junit.platform.engine.support.hierarchical.ThrowableCollector.execute(ThrowableCollector.java:73)
	at org.junit.platform.engine.support.hierarchical.NodeTestTask.executeRecursively(NodeTestTask.java:138)
	at org.junit.platform.engine.support.hierarchical.NodeTestTask.execute(NodeTestTask.java:95)
	at java.base/java.util.ArrayList.forEach(ArrayList.java:1596)
	at org.junit.platform.engine.support.hierarchical.SameThreadHierarchicalTestExecutorService.invokeAll(SameThreadHierarchicalTestExecutorService.java:41)
	at org.junit.platform.engine.support.hierarchical.NodeTestTask.lambda$executeRecursively$6(NodeTestTask.java:155)
	at org.junit.platform.engine.support.hierarchical.ThrowableCollector.execute(ThrowableCollector.java:73)
	at org.junit.platform.engine.support.hierarchical.NodeTestTask.lambda$executeRecursively$8(NodeTestTask.java:141)
	at org.junit.platform.engine.support.hierarchical.Node.around(Node.java:137)
	at org.junit.platform.engine.support.hierarchical.NodeTestTask.lambda$executeRecursively$9(NodeTestTask.java:139)
	at org.junit.platform.engine.support.hierarchical.ThrowableCollector.execute(ThrowableCollector.java:73)
	at org.junit.platform.engine.support.hierarchical.NodeTestTask.executeRecursively(NodeTestTask.java:138)
	at org.junit.platform.engine.support.hierarchical.NodeTestTask.execute(NodeTestTask.java:95)
	at java.base/java.util.ArrayList.forEach(ArrayList.java:1596)
	at org.junit.platform.engine.support.hierarchical.SameThreadHierarchicalTestExecutorService.invokeAll(SameThreadHierarchicalTestExecutorService.java:41)
	at org.junit.platform.engine.support.hierarchical.NodeTestTask.lambda$executeRecursively$6(NodeTestTask.java:155)
	at org.junit.platform.engine.support.hierarchical.ThrowableCollector.execute(ThrowableCollector.java:73)
	at org.junit.platform.engine.support.hierarchical.NodeTestTask.lambda$executeRecursively$8(NodeTestTask.java:141)
	at org.junit.platform.engine.support.hierarchical.Node.around(Node.java:137)
	at org.junit.platform.engine.support.hierarchical.NodeTestTask.lambda$executeRecursively$9(NodeTestTask.java:139)
	at org.junit.platform.engine.support.hierarchical.ThrowableCollector.execute(ThrowableCollector.java:73)
	at org.junit.platform.engine.support.hierarchical.NodeTestTask.executeRecursively(NodeTestTask.java:138)
	at org.junit.platform.engine.support.hierarchical.NodeTestTask.execute(NodeTestTask.java:95)
	at org.junit.platform.engine.support.hierarchical.SameThreadHierarchicalTestExecutorService.submit(SameThreadHierarchicalTestExecutorService.java:35)
	at org.junit.platform.engine.support.hierarchical.HierarchicalTestExecutor.execute(HierarchicalTestExecutor.java:57)
	at org.junit.platform.engine.support.hierarchical.HierarchicalTestEngine.execute(HierarchicalTestEngine.java:54)
	at org.junit.platform.launcher.core.EngineExecutionOrchestrator.execute(EngineExecutionOrchestrator.java:198)
	at org.junit.platform.launcher.core.EngineExecutionOrchestrator.execute(EngineExecutionOrchestrator.java:169)
	at org.junit.platform.launcher.core.EngineExecutionOrchestrator.execute(EngineExecutionOrchestrator.java:93)
	at org.junit.platform.launcher.core.EngineExecutionOrchestrator.lambda$execute$0(EngineExecutionOrchestrator.java:58)
	at org.junit.platform.launcher.core.EngineExecutionOrchestrator.withInterceptedStreams(EngineExecutionOrchestrator.java:141)
	at org.junit.platform.launcher.core.EngineExecutionOrchestrator.execute(EngineExecutionOrchestrator.java:57)
	at org.junit.platform.launcher.core.DefaultLauncher.execute(DefaultLauncher.java:103)
	at org.junit.platform.launcher.core.DefaultLauncher.execute(DefaultLauncher.java:85)
	at org.junit.platform.launcher.core.DelegatingLauncher.execute(DelegatingLauncher.java:47)
	at org.apache.maven.surefire.junitplatform.LazyLauncher.execute(LazyLauncher.java:56)
	at org.apache.maven.surefire.junitplatform.JUnitPlatformProvider.execute(JUnitPlatformProvider.java:184)
	at org.apache.maven.surefire.junitplatform.JUnitPlatformProvider.invokeAllTests(JUnitPlatformProvider.java:148)
	at org.apache.maven.surefire.junitplatform.JUnitPlatformProvider.invoke(JUnitPlatformProvider.java:122)
	at org.apache.maven.surefire.booter.ForkedBooter.runSuitesInProcess(ForkedBooter.java:385)
	at org.apache.maven.surefire.booter.ForkedBooter.execute(ForkedBooter.java:162)
	at org.apache.maven.surefire.booter.ForkedBooter.run(ForkedBooter.java:507)
	at org.apache.maven.surefire.booter.ForkedBooter.main(ForkedBooter.java:495)
10:24:17.945 [main] WARN org.hibernate.engine.jdbc.spi.SqlExceptionHelper - SQL Error: 23503, SQLState: 23503
10:24:17.945 [main] ERROR org.hibernate.engine.jdbc.spi.SqlExceptionHelper - Referential integrity constraint violation: "FK5IRPAISPCX79XWY6N1QOMAXNV: PUBLIC.TASK_COMPONENTS FOREIGN KEY(COMPONENT_ID) REFERENCES PUBLIC.COMPONENTS(ID) (CAST(55 AS BIGINT))"; SQL statement:
delete from components where id=? [23503-224]
10:24:17.948 [main] DEBUG org.hibernate.orm.jdbc.batch - PreparedStatementDetails did not contain PreparedStatement on #releaseStatements : delete from components where id=?
10:24:17.949 [main] DEBUG org.hibernate.orm.jdbc.batch - PreparedStatementDetails did not contain PreparedStatement on #releaseStatements : delete from components where id=?
10:24:17.952 [main] DEBUG org.hibernate.resource.transaction.backend.jdbc.internal.JdbcResourceLocalTransactionCoordinatorImpl - JDBC transaction marked for rollback-only (exception provided for stack trace)
java.lang.Exception: exception just for purpose of providing stack trace
	at org.hibernate.resource.transaction.backend.jdbc.internal.JdbcResourceLocalTransactionCoordinatorImpl$TransactionDriverControlImpl.markRollbackOnly(JdbcResourceLocalTransactionCoordinatorImpl.java:309)
	at org.hibernate.engine.transaction.internal.TransactionImpl.markRollbackOnly(TransactionImpl.java:203)
	at org.hibernate.internal.AbstractSharedSessionContract.markForRollbackOnly(AbstractSharedSessionContract.java:512)
	at org.hibernate.internal.ExceptionConverterImpl.rollbackIfNecessary(ExceptionConverterImpl.java:264)
	at org.hibernate.internal.ExceptionConverterImpl.convert(ExceptionConverterImpl.java:160)
	at org.hibernate.internal.ExceptionConverterImpl.convert(ExceptionConverterImpl.java:167)
	at org.hibernate.internal.ExceptionConverterImpl.convert(ExceptionConverterImpl.java:173)
	at org.hibernate.internal.SessionImpl.doFlush(SessionImpl.java:1429)
	at org.hibernate.internal.SessionImpl.managedFlush(SessionImpl.java:487)
	at org.hibernate.internal.SessionImpl.flushBeforeTransactionCompletion(SessionImpl.java:2324)
	at org.hibernate.internal.SessionImpl.beforeTransactionCompletion(SessionImpl.java:1981)
	at org.hibernate.engine.jdbc.internal.JdbcCoordinatorImpl.beforeTransactionCompletion(JdbcCoordinatorImpl.java:439)
	at org.hibernate.resource.transaction.backend.jdbc.internal.JdbcResourceLocalTransactionCoordinatorImpl.beforeCompletionCallback(JdbcResourceLocalTransactionCoordinatorImpl.java:169)
	at org.hibernate.resource.transaction.backend.jdbc.internal.JdbcResourceLocalTransactionCoordinatorImpl$TransactionDriverControlImpl.commit(JdbcResourceLocalTransactionCoordinatorImpl.java:267)
	at org.hibernate.engine.transaction.internal.TransactionImpl.commit(TransactionImpl.java:101)
	at org.frcpm.repositories.impl.JpaRepositoryImpl.delete(JpaRepositoryImpl.java:165)
	at org.frcpm.repositories.ComponentRepositoryTest.cleanupTestComponents(ComponentRepositoryTest.java:63)
	at org.frcpm.repositories.ComponentRepositoryTest.tearDown(ComponentRepositoryTest.java:35)
	at java.base/jdk.internal.reflect.DirectMethodHandleAccessor.invoke(DirectMethodHandleAccessor.java:103)
	at java.base/java.lang.reflect.Method.invoke(Method.java:580)
	at org.junit.platform.commons.util.ReflectionUtils.invokeMethod(ReflectionUtils.java:728)
	at org.junit.jupiter.engine.execution.MethodInvocation.proceed(MethodInvocation.java:60)
	at org.junit.jupiter.engine.execution.InvocationInterceptorChain$ValidatingInvocation.proceed(InvocationInterceptorChain.java:131)
	at org.junit.jupiter.engine.extension.TimeoutExtension.intercept(TimeoutExtension.java:156)
	at org.junit.jupiter.engine.extension.TimeoutExtension.interceptLifecycleMethod(TimeoutExtension.java:128)
	at org.junit.jupiter.engine.extension.TimeoutExtension.interceptAfterEachMethod(TimeoutExtension.java:110)
	at org.junit.jupiter.engine.execution.InterceptingExecutableInvoker$ReflectiveInterceptorCall.lambda$ofVoidMethod$0(InterceptingExecutableInvoker.java:103)
	at org.junit.jupiter.engine.execution.InterceptingExecutableInvoker.lambda$invoke$0(InterceptingExecutableInvoker.java:93)
	at org.junit.jupiter.engine.execution.InvocationInterceptorChain$InterceptedInvocation.proceed(InvocationInterceptorChain.java:106)
	at org.junit.jupiter.engine.execution.InvocationInterceptorChain.proceed(InvocationInterceptorChain.java:64)
	at org.junit.jupiter.engine.execution.InvocationInterceptorChain.chainAndInvoke(InvocationInterceptorChain.java:45)
	at org.junit.jupiter.engine.execution.InvocationInterceptorChain.invoke(InvocationInterceptorChain.java:37)
	at org.junit.jupiter.engine.execution.InterceptingExecutableInvoker.invoke(InterceptingExecutableInvoker.java:92)
	at org.junit.jupiter.engine.execution.InterceptingExecutableInvoker.invoke(InterceptingExecutableInvoker.java:86)
	at org.junit.jupiter.engine.descriptor.ClassBasedTestDescriptor.invokeMethodInExtensionContext(ClassBasedTestDescriptor.java:521)
	at org.junit.jupiter.engine.descriptor.ClassBasedTestDescriptor.lambda$synthesizeAfterEachMethodAdapter$24(ClassBasedTestDescriptor.java:511)
	at org.junit.jupiter.engine.descriptor.TestMethodTestDescriptor.lambda$invokeAfterEachMethods$10(TestMethodTestDescriptor.java:244)
	at org.junit.jupiter.engine.descriptor.TestMethodTestDescriptor.lambda$invokeAllAfterMethodsOrCallbacks$13(TestMethodTestDescriptor.java:277)
	at org.junit.platform.engine.support.hierarchical.ThrowableCollector.execute(ThrowableCollector.java:73)
	at org.junit.jupiter.engine.descriptor.TestMethodTestDescriptor.lambda$invokeAllAfterMethodsOrCallbacks$14(TestMethodTestDescriptor.java:277)
	at org.junit.platform.commons.util.CollectionUtils.forEachInReverseOrder(CollectionUtils.java:217)
	at org.junit.jupiter.engine.descriptor.TestMethodTestDescriptor.invokeAllAfterMethodsOrCallbacks(TestMethodTestDescriptor.java:276)
	at org.junit.jupiter.engine.descriptor.TestMethodTestDescriptor.invokeAfterEachMethods(TestMethodTestDescriptor.java:242)
	at org.junit.jupiter.engine.descriptor.TestMethodTestDescriptor.execute(TestMethodTestDescriptor.java:143)
	at org.junit.jupiter.engine.descriptor.TestMethodTestDescriptor.execute(TestMethodTestDescriptor.java:69)
	at org.junit.platform.engine.support.hierarchical.NodeTestTask.lambda$executeRecursively$6(NodeTestTask.java:151)
	at org.junit.platform.engine.support.hierarchical.ThrowableCollector.execute(ThrowableCollector.java:73)
	at org.junit.platform.engine.support.hierarchical.NodeTestTask.lambda$executeRecursively$8(NodeTestTask.java:141)
	at org.junit.platform.engine.support.hierarchical.Node.around(Node.java:137)
	at org.junit.platform.engine.support.hierarchical.NodeTestTask.lambda$executeRecursively$9(NodeTestTask.java:139)
	at org.junit.platform.engine.support.hierarchical.ThrowableCollector.execute(ThrowableCollector.java:73)
	at org.junit.platform.engine.support.hierarchical.NodeTestTask.executeRecursively(NodeTestTask.java:138)
	at org.junit.platform.engine.support.hierarchical.NodeTestTask.execute(NodeTestTask.java:95)
	at java.base/java.util.ArrayList.forEach(ArrayList.java:1596)
	at org.junit.platform.engine.support.hierarchical.SameThreadHierarchicalTestExecutorService.invokeAll(SameThreadHierarchicalTestExecutorService.java:41)
	at org.junit.platform.engine.support.hierarchical.NodeTestTask.lambda$executeRecursively$6(NodeTestTask.java:155)
	at org.junit.platform.engine.support.hierarchical.ThrowableCollector.execute(ThrowableCollector.java:73)
	at org.junit.platform.engine.support.hierarchical.NodeTestTask.lambda$executeRecursively$8(NodeTestTask.java:141)
	at org.junit.platform.engine.support.hierarchical.Node.around(Node.java:137)
	at org.junit.platform.engine.support.hierarchical.NodeTestTask.lambda$executeRecursively$9(NodeTestTask.java:139)
	at org.junit.platform.engine.support.hierarchical.ThrowableCollector.execute(ThrowableCollector.java:73)
	at org.junit.platform.engine.support.hierarchical.NodeTestTask.executeRecursively(NodeTestTask.java:138)
	at org.junit.platform.engine.support.hierarchical.NodeTestTask.execute(NodeTestTask.java:95)
	at java.base/java.util.ArrayList.forEach(ArrayList.java:1596)
	at org.junit.platform.engine.support.hierarchical.SameThreadHierarchicalTestExecutorService.invokeAll(SameThreadHierarchicalTestExecutorService.java:41)
	at org.junit.platform.engine.support.hierarchical.NodeTestTask.lambda$executeRecursively$6(NodeTestTask.java:155)
	at org.junit.platform.engine.support.hierarchical.ThrowableCollector.execute(ThrowableCollector.java:73)
	at org.junit.platform.engine.support.hierarchical.NodeTestTask.lambda$executeRecursively$8(NodeTestTask.java:141)
	at org.junit.platform.engine.support.hierarchical.Node.around(Node.java:137)
	at org.junit.platform.engine.support.hierarchical.NodeTestTask.lambda$executeRecursively$9(NodeTestTask.java:139)
	at org.junit.platform.engine.support.hierarchical.ThrowableCollector.execute(ThrowableCollector.java:73)
	at org.junit.platform.engine.support.hierarchical.NodeTestTask.executeRecursively(NodeTestTask.java:138)
	at org.junit.platform.engine.support.hierarchical.NodeTestTask.execute(NodeTestTask.java:95)
	at org.junit.platform.engine.support.hierarchical.SameThreadHierarchicalTestExecutorService.submit(SameThreadHierarchicalTestExecutorService.java:35)
	at org.junit.platform.engine.support.hierarchical.HierarchicalTestExecutor.execute(HierarchicalTestExecutor.java:57)
	at org.junit.platform.engine.support.hierarchical.HierarchicalTestEngine.execute(HierarchicalTestEngine.java:54)
	at org.junit.platform.launcher.core.EngineExecutionOrchestrator.execute(EngineExecutionOrchestrator.java:198)
	at org.junit.platform.launcher.core.EngineExecutionOrchestrator.execute(EngineExecutionOrchestrator.java:169)
	at org.junit.platform.launcher.core.EngineExecutionOrchestrator.execute(EngineExecutionOrchestrator.java:93)
	at org.junit.platform.launcher.core.EngineExecutionOrchestrator.lambda$execute$0(EngineExecutionOrchestrator.java:58)
	at org.junit.platform.launcher.core.EngineExecutionOrchestrator.withInterceptedStreams(EngineExecutionOrchestrator.java:141)
	at org.junit.platform.launcher.core.EngineExecutionOrchestrator.execute(EngineExecutionOrchestrator.java:57)
	at org.junit.platform.launcher.core.DefaultLauncher.execute(DefaultLauncher.java:103)
	at org.junit.platform.launcher.core.DefaultLauncher.execute(DefaultLauncher.java:85)
	at org.junit.platform.launcher.core.DelegatingLauncher.execute(DelegatingLauncher.java:47)
	at org.apache.maven.surefire.junitplatform.LazyLauncher.execute(LazyLauncher.java:56)
	at org.apache.maven.surefire.junitplatform.JUnitPlatformProvider.execute(JUnitPlatformProvider.java:184)
	at org.apache.maven.surefire.junitplatform.JUnitPlatformProvider.invokeAllTests(JUnitPlatformProvider.java:148)
	at org.apache.maven.surefire.junitplatform.JUnitPlatformProvider.invoke(JUnitPlatformProvider.java:122)
	at org.apache.maven.surefire.booter.ForkedBooter.runSuitesInProcess(ForkedBooter.java:385)
	at org.apache.maven.surefire.booter.ForkedBooter.execute(ForkedBooter.java:162)
	at org.apache.maven.surefire.booter.ForkedBooter.run(ForkedBooter.java:507)
	at org.apache.maven.surefire.booter.ForkedBooter.main(ForkedBooter.java:495)
10:24:17.953 [main] DEBUG org.hibernate.resource.transaction.backend.jdbc.internal.JdbcResourceLocalTransactionCoordinatorImpl - JDBC transaction marked for rollback-only (exception provided for stack trace)
java.lang.Exception: exception just for purpose of providing stack trace
	at org.hibernate.resource.transaction.backend.jdbc.internal.JdbcResourceLocalTransactionCoordinatorImpl$TransactionDriverControlImpl.markRollbackOnly(JdbcResourceLocalTransactionCoordinatorImpl.java:309)
	at org.hibernate.resource.transaction.backend.jdbc.internal.JdbcResourceLocalTransactionCoordinatorImpl.beforeCompletionCallback(JdbcResourceLocalTransactionCoordinatorImpl.java:178)
	at org.hibernate.resource.transaction.backend.jdbc.internal.JdbcResourceLocalTransactionCoordinatorImpl$TransactionDriverControlImpl.commit(JdbcResourceLocalTransactionCoordinatorImpl.java:267)
	at org.hibernate.engine.transaction.internal.TransactionImpl.commit(TransactionImpl.java:101)
	at org.frcpm.repositories.impl.JpaRepositoryImpl.delete(JpaRepositoryImpl.java:165)
	at org.frcpm.repositories.ComponentRepositoryTest.cleanupTestComponents(ComponentRepositoryTest.java:63)
	at org.frcpm.repositories.ComponentRepositoryTest.tearDown(ComponentRepositoryTest.java:35)
	at java.base/jdk.internal.reflect.DirectMethodHandleAccessor.invoke(DirectMethodHandleAccessor.java:103)
	at java.base/java.lang.reflect.Method.invoke(Method.java:580)
	at org.junit.platform.commons.util.ReflectionUtils.invokeMethod(ReflectionUtils.java:728)
	at org.junit.jupiter.engine.execution.MethodInvocation.proceed(MethodInvocation.java:60)
	at org.junit.jupiter.engine.execution.InvocationInterceptorChain$ValidatingInvocation.proceed(InvocationInterceptorChain.java:131)
	at org.junit.jupiter.engine.extension.TimeoutExtension.intercept(TimeoutExtension.java:156)
	at org.junit.jupiter.engine.extension.TimeoutExtension.interceptLifecycleMethod(TimeoutExtension.java:128)
	at org.junit.jupiter.engine.extension.TimeoutExtension.interceptAfterEachMethod(TimeoutExtension.java:110)
	at org.junit.jupiter.engine.execution.InterceptingExecutableInvoker$ReflectiveInterceptorCall.lambda$ofVoidMethod$0(InterceptingExecutableInvoker.java:103)
	at org.junit.jupiter.engine.execution.InterceptingExecutableInvoker.lambda$invoke$0(InterceptingExecutableInvoker.java:93)
	at org.junit.jupiter.engine.execution.InvocationInterceptorChain$InterceptedInvocation.proceed(InvocationInterceptorChain.java:106)
	at org.junit.jupiter.engine.execution.InvocationInterceptorChain.proceed(InvocationInterceptorChain.java:64)
	at org.junit.jupiter.engine.execution.InvocationInterceptorChain.chainAndInvoke(InvocationInterceptorChain.java:45)
	at org.junit.jupiter.engine.execution.InvocationInterceptorChain.invoke(InvocationInterceptorChain.java:37)
	at org.junit.jupiter.engine.execution.InterceptingExecutableInvoker.invoke(InterceptingExecutableInvoker.java:92)
	at org.junit.jupiter.engine.execution.InterceptingExecutableInvoker.invoke(InterceptingExecutableInvoker.java:86)
	at org.junit.jupiter.engine.descriptor.ClassBasedTestDescriptor.invokeMethodInExtensionContext(ClassBasedTestDescriptor.java:521)
	at org.junit.jupiter.engine.descriptor.ClassBasedTestDescriptor.lambda$synthesizeAfterEachMethodAdapter$24(ClassBasedTestDescriptor.java:511)
	at org.junit.jupiter.engine.descriptor.TestMethodTestDescriptor.lambda$invokeAfterEachMethods$10(TestMethodTestDescriptor.java:244)
	at org.junit.jupiter.engine.descriptor.TestMethodTestDescriptor.lambda$invokeAllAfterMethodsOrCallbacks$13(TestMethodTestDescriptor.java:277)
	at org.junit.platform.engine.support.hierarchical.ThrowableCollector.execute(ThrowableCollector.java:73)
	at org.junit.jupiter.engine.descriptor.TestMethodTestDescriptor.lambda$invokeAllAfterMethodsOrCallbacks$14(TestMethodTestDescriptor.java:277)
	at org.junit.platform.commons.util.CollectionUtils.forEachInReverseOrder(CollectionUtils.java:217)
	at org.junit.jupiter.engine.descriptor.TestMethodTestDescriptor.invokeAllAfterMethodsOrCallbacks(TestMethodTestDescriptor.java:276)
	at org.junit.jupiter.engine.descriptor.TestMethodTestDescriptor.invokeAfterEachMethods(TestMethodTestDescriptor.java:242)
	at org.junit.jupiter.engine.descriptor.TestMethodTestDescriptor.execute(TestMethodTestDescriptor.java:143)
	at org.junit.jupiter.engine.descriptor.TestMethodTestDescriptor.execute(TestMethodTestDescriptor.java:69)
	at org.junit.platform.engine.support.hierarchical.NodeTestTask.lambda$executeRecursively$6(NodeTestTask.java:151)
	at org.junit.platform.engine.support.hierarchical.ThrowableCollector.execute(ThrowableCollector.java:73)
	at org.junit.platform.engine.support.hierarchical.NodeTestTask.lambda$executeRecursively$8(NodeTestTask.java:141)
	at org.junit.platform.engine.support.hierarchical.Node.around(Node.java:137)
	at org.junit.platform.engine.support.hierarchical.NodeTestTask.lambda$executeRecursively$9(NodeTestTask.java:139)
	at org.junit.platform.engine.support.hierarchical.ThrowableCollector.execute(ThrowableCollector.java:73)
	at org.junit.platform.engine.support.hierarchical.NodeTestTask.executeRecursively(NodeTestTask.java:138)
	at org.junit.platform.engine.support.hierarchical.NodeTestTask.execute(NodeTestTask.java:95)
	at java.base/java.util.ArrayList.forEach(ArrayList.java:1596)
	at org.junit.platform.engine.support.hierarchical.SameThreadHierarchicalTestExecutorService.invokeAll(SameThreadHierarchicalTestExecutorService.java:41)
	at org.junit.platform.engine.support.hierarchical.NodeTestTask.lambda$executeRecursively$6(NodeTestTask.java:155)
	at org.junit.platform.engine.support.hierarchical.ThrowableCollector.execute(ThrowableCollector.java:73)
	at org.junit.platform.engine.support.hierarchical.NodeTestTask.lambda$executeRecursively$8(NodeTestTask.java:141)
	at org.junit.platform.engine.support.hierarchical.Node.around(Node.java:137)
	at org.junit.platform.engine.support.hierarchical.NodeTestTask.lambda$executeRecursively$9(NodeTestTask.java:139)
	at org.junit.platform.engine.support.hierarchical.ThrowableCollector.execute(ThrowableCollector.java:73)
	at org.junit.platform.engine.support.hierarchical.NodeTestTask.executeRecursively(NodeTestTask.java:138)
	at org.junit.platform.engine.support.hierarchical.NodeTestTask.execute(NodeTestTask.java:95)
	at java.base/java.util.ArrayList.forEach(ArrayList.java:1596)
	at org.junit.platform.engine.support.hierarchical.SameThreadHierarchicalTestExecutorService.invokeAll(SameThreadHierarchicalTestExecutorService.java:41)
	at org.junit.platform.engine.support.hierarchical.NodeTestTask.lambda$executeRecursively$6(NodeTestTask.java:155)
	at org.junit.platform.engine.support.hierarchical.ThrowableCollector.execute(ThrowableCollector.java:73)
	at org.junit.platform.engine.support.hierarchical.NodeTestTask.lambda$executeRecursively$8(NodeTestTask.java:141)
	at org.junit.platform.engine.support.hierarchical.Node.around(Node.java:137)
	at org.junit.platform.engine.support.hierarchical.NodeTestTask.lambda$executeRecursively$9(NodeTestTask.java:139)
	at org.junit.platform.engine.support.hierarchical.ThrowableCollector.execute(ThrowableCollector.java:73)
	at org.junit.platform.engine.support.hierarchical.NodeTestTask.executeRecursively(NodeTestTask.java:138)
	at org.junit.platform.engine.support.hierarchical.NodeTestTask.execute(NodeTestTask.java:95)
	at org.junit.platform.engine.support.hierarchical.SameThreadHierarchicalTestExecutorService.submit(SameThreadHierarchicalTestExecutorService.java:35)
	at org.junit.platform.engine.support.hierarchical.HierarchicalTestExecutor.execute(HierarchicalTestExecutor.java:57)
	at org.junit.platform.engine.support.hierarchical.HierarchicalTestEngine.execute(HierarchicalTestEngine.java:54)
	at org.junit.platform.launcher.core.EngineExecutionOrchestrator.execute(EngineExecutionOrchestrator.java:198)
	at org.junit.platform.launcher.core.EngineExecutionOrchestrator.execute(EngineExecutionOrchestrator.java:169)
	at org.junit.platform.launcher.core.EngineExecutionOrchestrator.execute(EngineExecutionOrchestrator.java:93)
	at org.junit.platform.launcher.core.EngineExecutionOrchestrator.lambda$execute$0(EngineExecutionOrchestrator.java:58)
	at org.junit.platform.launcher.core.EngineExecutionOrchestrator.withInterceptedStreams(EngineExecutionOrchestrator.java:141)
	at org.junit.platform.launcher.core.EngineExecutionOrchestrator.execute(EngineExecutionOrchestrator.java:57)
	at org.junit.platform.launcher.core.DefaultLauncher.execute(DefaultLauncher.java:103)
	at org.junit.platform.launcher.core.DefaultLauncher.execute(DefaultLauncher.java:85)
	at org.junit.platform.launcher.core.DelegatingLauncher.execute(DelegatingLauncher.java:47)
	at org.apache.maven.surefire.junitplatform.LazyLauncher.execute(LazyLauncher.java:56)
	at org.apache.maven.surefire.junitplatform.JUnitPlatformProvider.execute(JUnitPlatformProvider.java:184)
	at org.apache.maven.surefire.junitplatform.JUnitPlatformProvider.invokeAllTests(JUnitPlatformProvider.java:148)
	at org.apache.maven.surefire.junitplatform.JUnitPlatformProvider.invoke(JUnitPlatformProvider.java:122)
	at org.apache.maven.surefire.booter.ForkedBooter.runSuitesInProcess(ForkedBooter.java:385)
	at org.apache.maven.surefire.booter.ForkedBooter.execute(ForkedBooter.java:162)
	at org.apache.maven.surefire.booter.ForkedBooter.run(ForkedBooter.java:507)
	at org.apache.maven.surefire.booter.ForkedBooter.main(ForkedBooter.java:495)
10:24:17.953 [main] DEBUG org.hibernate.orm.jdbc.batch - PreparedStatementDetails did not contain PreparedStatement on #releaseStatements : delete from components where id=?
10:24:17.953 [main] DEBUG org.hibernate.resource.jdbc.internal.LogicalConnectionManagedImpl - Initiating JDBC connection release from afterTransaction
10:24:17.953 [main] DEBUG org.hibernate.orm.jdbc.batch - PreparedStatementDetails did not contain PreparedStatement on #releaseStatements : delete from components where id=?
10:24:17.953 [main] DEBUG org.hibernate.orm.jdbc.batch - PreparedStatementDetails did not contain PreparedStatement on #releaseStatements : delete from components where id=?
10:24:17.953 [main] DEBUG org.hibernate.resource.jdbc.internal.LogicalConnectionManagedImpl - Initiating JDBC connection release from afterTransaction
10:24:17.954 [main] DEBUG org.hibernate.engine.transaction.internal.TransactionImpl - rollback() called on an inactive transaction
10:24:17.956 [main] DEBUG org.hibernate.engine.jdbc.internal.JdbcCoordinatorImpl - HHH000420: Closing un-released batch
10:24:17.956 [main] DEBUG org.hibernate.orm.jdbc.batch - PreparedStatementDetails did not contain PreparedStatement on #releaseStatements : delete from components where id=?
10:24:17.956 [main] DEBUG org.hibernate.orm.jdbc.batch - PreparedStatementDetails did not contain PreparedStatement on #releaseStatements : delete from components where id=?
10:24:17.962 [FRC-PM-HikariCP connection adder] DEBUG com.zaxxer.hikari.pool.HikariPool - FRC-PM-HikariCP - After adding stats (total=2, active=0, idle=2, waiting=0)
]]></system-out>
    <system-err><![CDATA[Apr 25, 2025 10:24:17 AM org.frcpm.config.DatabaseConfig initialize
INFO: Initializing database configuration...
Apr 25, 2025 10:24:17 AM org.frcpm.config.DatabaseConfig initialize
INFO: Using FILE-BASED database at: file:C:\Users\dhiebert\.frcpm\frcpm
Apr 25, 2025 10:24:17 AM org.frcpm.config.DatabaseConfig initialize
INFO: Using JDBC URL: jdbc:h2:file:C:\Users\dhiebert\.frcpm\frcpm
Apr 25, 2025 10:24:17 AM org.frcpm.config.DatabaseConfig initialize
INFO: Using schema mode: update
Apr 25, 2025 10:24:17 AM org.frcpm.config.DatabaseConfig initialize
INFO: Database configuration initialized successfully in PRODUCTION mode
Apr 25, 2025 10:24:17 AM org.frcpm.repositories.impl.JpaRepositoryImpl delete
SEVERE: Error deleting entity
jakarta.persistence.RollbackException: Error while committing the transaction
	at org.hibernate.internal.ExceptionConverterImpl.convertCommitException(ExceptionConverterImpl.java:67)
	at org.hibernate.engine.transaction.internal.TransactionImpl.commit(TransactionImpl.java:104)
	at org.frcpm.repositories.impl.JpaRepositoryImpl.delete(JpaRepositoryImpl.java:165)
	at org.frcpm.repositories.ComponentRepositoryTest.cleanupTestComponents(ComponentRepositoryTest.java:63)
	at org.frcpm.repositories.ComponentRepositoryTest.tearDown(ComponentRepositoryTest.java:35)
	at java.base/jdk.internal.reflect.DirectMethodHandleAccessor.invoke(DirectMethodHandleAccessor.java:103)
	at java.base/java.lang.reflect.Method.invoke(Method.java:580)
	at org.junit.platform.commons.util.ReflectionUtils.invokeMethod(ReflectionUtils.java:728)
	at org.junit.jupiter.engine.execution.MethodInvocation.proceed(MethodInvocation.java:60)
	at org.junit.jupiter.engine.execution.InvocationInterceptorChain$ValidatingInvocation.proceed(InvocationInterceptorChain.java:131)
	at org.junit.jupiter.engine.extension.TimeoutExtension.intercept(TimeoutExtension.java:156)
	at org.junit.jupiter.engine.extension.TimeoutExtension.interceptLifecycleMethod(TimeoutExtension.java:128)
	at org.junit.jupiter.engine.extension.TimeoutExtension.interceptAfterEachMethod(TimeoutExtension.java:110)
	at org.junit.jupiter.engine.execution.InterceptingExecutableInvoker$ReflectiveInterceptorCall.lambda$ofVoidMethod$0(InterceptingExecutableInvoker.java:103)
	at org.junit.jupiter.engine.execution.InterceptingExecutableInvoker.lambda$invoke$0(InterceptingExecutableInvoker.java:93)
	at org.junit.jupiter.engine.execution.InvocationInterceptorChain$InterceptedInvocation.proceed(InvocationInterceptorChain.java:106)
	at org.junit.jupiter.engine.execution.InvocationInterceptorChain.proceed(InvocationInterceptorChain.java:64)
	at org.junit.jupiter.engine.execution.InvocationInterceptorChain.chainAndInvoke(InvocationInterceptorChain.java:45)
	at org.junit.jupiter.engine.execution.InvocationInterceptorChain.invoke(InvocationInterceptorChain.java:37)
	at org.junit.jupiter.engine.execution.InterceptingExecutableInvoker.invoke(InterceptingExecutableInvoker.java:92)
	at org.junit.jupiter.engine.execution.InterceptingExecutableInvoker.invoke(InterceptingExecutableInvoker.java:86)
	at org.junit.jupiter.engine.descriptor.ClassBasedTestDescriptor.invokeMethodInExtensionContext(ClassBasedTestDescriptor.java:521)
	at org.junit.jupiter.engine.descriptor.ClassBasedTestDescriptor.lambda$synthesizeAfterEachMethodAdapter$24(ClassBasedTestDescriptor.java:511)
	at org.junit.jupiter.engine.descriptor.TestMethodTestDescriptor.lambda$invokeAfterEachMethods$10(TestMethodTestDescriptor.java:244)
	at org.junit.jupiter.engine.descriptor.TestMethodTestDescriptor.lambda$invokeAllAfterMethodsOrCallbacks$13(TestMethodTestDescriptor.java:277)
	at org.junit.platform.engine.support.hierarchical.ThrowableCollector.execute(ThrowableCollector.java:73)
	at org.junit.jupiter.engine.descriptor.TestMethodTestDescriptor.lambda$invokeAllAfterMethodsOrCallbacks$14(TestMethodTestDescriptor.java:277)
	at org.junit.platform.commons.util.CollectionUtils.forEachInReverseOrder(CollectionUtils.java:217)
	at org.junit.jupiter.engine.descriptor.TestMethodTestDescriptor.invokeAllAfterMethodsOrCallbacks(TestMethodTestDescriptor.java:276)
	at org.junit.jupiter.engine.descriptor.TestMethodTestDescriptor.invokeAfterEachMethods(TestMethodTestDescriptor.java:242)
	at org.junit.jupiter.engine.descriptor.TestMethodTestDescriptor.execute(TestMethodTestDescriptor.java:143)
	at org.junit.jupiter.engine.descriptor.TestMethodTestDescriptor.execute(TestMethodTestDescriptor.java:69)
	at org.junit.platform.engine.support.hierarchical.NodeTestTask.lambda$executeRecursively$6(NodeTestTask.java:151)
	at org.junit.platform.engine.support.hierarchical.ThrowableCollector.execute(ThrowableCollector.java:73)
	at org.junit.platform.engine.support.hierarchical.NodeTestTask.lambda$executeRecursively$8(NodeTestTask.java:141)
	at org.junit.platform.engine.support.hierarchical.Node.around(Node.java:137)
	at org.junit.platform.engine.support.hierarchical.NodeTestTask.lambda$executeRecursively$9(NodeTestTask.java:139)
	at org.junit.platform.engine.support.hierarchical.ThrowableCollector.execute(ThrowableCollector.java:73)
	at org.junit.platform.engine.support.hierarchical.NodeTestTask.executeRecursively(NodeTestTask.java:138)
	at org.junit.platform.engine.support.hierarchical.NodeTestTask.execute(NodeTestTask.java:95)
	at java.base/java.util.ArrayList.forEach(ArrayList.java:1596)
	at org.junit.platform.engine.support.hierarchical.SameThreadHierarchicalTestExecutorService.invokeAll(SameThreadHierarchicalTestExecutorService.java:41)
	at org.junit.platform.engine.support.hierarchical.NodeTestTask.lambda$executeRecursively$6(NodeTestTask.java:155)
	at org.junit.platform.engine.support.hierarchical.ThrowableCollector.execute(ThrowableCollector.java:73)
	at org.junit.platform.engine.support.hierarchical.NodeTestTask.lambda$executeRecursively$8(NodeTestTask.java:141)
	at org.junit.platform.engine.support.hierarchical.Node.around(Node.java:137)
	at org.junit.platform.engine.support.hierarchical.NodeTestTask.lambda$executeRecursively$9(NodeTestTask.java:139)
	at org.junit.platform.engine.support.hierarchical.ThrowableCollector.execute(ThrowableCollector.java:73)
	at org.junit.platform.engine.support.hierarchical.NodeTestTask.executeRecursively(NodeTestTask.java:138)
	at org.junit.platform.engine.support.hierarchical.NodeTestTask.execute(NodeTestTask.java:95)
	at java.base/java.util.ArrayList.forEach(ArrayList.java:1596)
	at org.junit.platform.engine.support.hierarchical.SameThreadHierarchicalTestExecutorService.invokeAll(SameThreadHierarchicalTestExecutorService.java:41)
	at org.junit.platform.engine.support.hierarchical.NodeTestTask.lambda$executeRecursively$6(NodeTestTask.java:155)
	at org.junit.platform.engine.support.hierarchical.ThrowableCollector.execute(ThrowableCollector.java:73)
	at org.junit.platform.engine.support.hierarchical.NodeTestTask.lambda$executeRecursively$8(NodeTestTask.java:141)
	at org.junit.platform.engine.support.hierarchical.Node.around(Node.java:137)
	at org.junit.platform.engine.support.hierarchical.NodeTestTask.lambda$executeRecursively$9(NodeTestTask.java:139)
	at org.junit.platform.engine.support.hierarchical.ThrowableCollector.execute(ThrowableCollector.java:73)
	at org.junit.platform.engine.support.hierarchical.NodeTestTask.executeRecursively(NodeTestTask.java:138)
	at org.junit.platform.engine.support.hierarchical.NodeTestTask.execute(NodeTestTask.java:95)
	at org.junit.platform.engine.support.hierarchical.SameThreadHierarchicalTestExecutorService.submit(SameThreadHierarchicalTestExecutorService.java:35)
	at org.junit.platform.engine.support.hierarchical.HierarchicalTestExecutor.execute(HierarchicalTestExecutor.java:57)
	at org.junit.platform.engine.support.hierarchical.HierarchicalTestEngine.execute(HierarchicalTestEngine.java:54)
	at org.junit.platform.launcher.core.EngineExecutionOrchestrator.execute(EngineExecutionOrchestrator.java:198)
	at org.junit.platform.launcher.core.EngineExecutionOrchestrator.execute(EngineExecutionOrchestrator.java:169)
	at org.junit.platform.launcher.core.EngineExecutionOrchestrator.execute(EngineExecutionOrchestrator.java:93)
	at org.junit.platform.launcher.core.EngineExecutionOrchestrator.lambda$execute$0(EngineExecutionOrchestrator.java:58)
	at org.junit.platform.launcher.core.EngineExecutionOrchestrator.withInterceptedStreams(EngineExecutionOrchestrator.java:141)
	at org.junit.platform.launcher.core.EngineExecutionOrchestrator.execute(EngineExecutionOrchestrator.java:57)
	at org.junit.platform.launcher.core.DefaultLauncher.execute(DefaultLauncher.java:103)
	at org.junit.platform.launcher.core.DefaultLauncher.execute(DefaultLauncher.java:85)
	at org.junit.platform.launcher.core.DelegatingLauncher.execute(DelegatingLauncher.java:47)
	at org.apache.maven.surefire.junitplatform.LazyLauncher.execute(LazyLauncher.java:56)
	at org.apache.maven.surefire.junitplatform.JUnitPlatformProvider.execute(JUnitPlatformProvider.java:184)
	at org.apache.maven.surefire.junitplatform.JUnitPlatformProvider.invokeAllTests(JUnitPlatformProvider.java:148)
	at org.apache.maven.surefire.junitplatform.JUnitPlatformProvider.invoke(JUnitPlatformProvider.java:122)
	at org.apache.maven.surefire.booter.ForkedBooter.runSuitesInProcess(ForkedBooter.java:385)
	at org.apache.maven.surefire.booter.ForkedBooter.execute(ForkedBooter.java:162)
	at org.apache.maven.surefire.booter.ForkedBooter.run(ForkedBooter.java:507)
	at org.apache.maven.surefire.booter.ForkedBooter.main(ForkedBooter.java:495)
Caused by: org.hibernate.exception.ConstraintViolationException: could not execute batch [Referential integrity constraint violation: "FK5IRPAISPCX79XWY6N1QOMAXNV: PUBLIC.TASK_COMPONENTS FOREIGN KEY(COMPONENT_ID) REFERENCES PUBLIC.COMPONENTS(ID) (CAST(55 AS BIGINT))"; SQL statement:
delete from components where id=? [23503-224]] [delete from components where id=?]
	at org.hibernate.exception.internal.SQLStateConversionDelegate.convert(SQLStateConversionDelegate.java:97)
	at org.hibernate.exception.internal.StandardSQLExceptionConverter.convert(StandardSQLExceptionConverter.java:58)
	at org.hibernate.engine.jdbc.spi.SqlExceptionHelper.convert(SqlExceptionHelper.java:108)
	at org.hibernate.engine.jdbc.batch.internal.BatchImpl.lambda$performExecution$2(BatchImpl.java:294)
	at org.hibernate.engine.jdbc.mutation.internal.PreparedStatementGroupSingleTable.forEachStatement(PreparedStatementGroupSingleTable.java:67)
	at org.hibernate.engine.jdbc.batch.internal.BatchImpl.performExecution(BatchImpl.java:264)
	at org.hibernate.engine.jdbc.batch.internal.BatchImpl.execute(BatchImpl.java:242)
	at org.hibernate.engine.jdbc.internal.JdbcCoordinatorImpl.executeBatch(JdbcCoordinatorImpl.java:188)
	at org.hibernate.engine.spi.ActionQueue.executeActions(ActionQueue.java:662)
	at org.hibernate.engine.spi.ActionQueue.executeActions(ActionQueue.java:499)
	at org.hibernate.event.internal.AbstractFlushingEventListener.performExecutions(AbstractFlushingEventListener.java:371)
	at org.hibernate.event.internal.DefaultFlushEventListener.onFlush(DefaultFlushEventListener.java:41)
	at org.hibernate.event.service.internal.EventListenerGroupImpl.fireEventOnEachListener(EventListenerGroupImpl.java:127)
	at org.hibernate.internal.SessionImpl.doFlush(SessionImpl.java:1425)
	at org.hibernate.internal.SessionImpl.managedFlush(SessionImpl.java:487)
	at org.hibernate.internal.SessionImpl.flushBeforeTransactionCompletion(SessionImpl.java:2324)
	at org.hibernate.internal.SessionImpl.beforeTransactionCompletion(SessionImpl.java:1981)
	at org.hibernate.engine.jdbc.internal.JdbcCoordinatorImpl.beforeTransactionCompletion(JdbcCoordinatorImpl.java:439)
	at org.hibernate.resource.transaction.backend.jdbc.internal.JdbcResourceLocalTransactionCoordinatorImpl.beforeCompletionCallback(JdbcResourceLocalTransactionCoordinatorImpl.java:169)
	at org.hibernate.resource.transaction.backend.jdbc.internal.JdbcResourceLocalTransactionCoordinatorImpl$TransactionDriverControlImpl.commit(JdbcResourceLocalTransactionCoordinatorImpl.java:267)
	at org.hibernate.engine.transaction.internal.TransactionImpl.commit(TransactionImpl.java:101)
	... 78 more
Caused by: org.h2.jdbc.JdbcBatchUpdateException: Referential integrity constraint violation: "FK5IRPAISPCX79XWY6N1QOMAXNV: PUBLIC.TASK_COMPONENTS FOREIGN KEY(COMPONENT_ID) REFERENCES PUBLIC.COMPONENTS(ID) (CAST(55 AS BIGINT))"; SQL statement:
delete from components where id=? [23503-224]
	at org.h2.jdbc.JdbcPreparedStatement.executeBatch(JdbcPreparedStatement.java:1282)
	at com.zaxxer.hikari.pool.ProxyStatement.executeBatch(ProxyStatement.java:127)
	at com.zaxxer.hikari.pool.HikariProxyPreparedStatement.executeBatch(HikariProxyPreparedStatement.java)
	at org.hibernate.engine.jdbc.batch.internal.BatchImpl.lambda$performExecution$2(BatchImpl.java:279)
	... 95 more

]]></system-err>
  </testcase>
  <testcase name="testCount" classname="org.frcpm.repositories.ComponentRepositoryTest" time="0.028">
    <error message="Failed to delete entity" type="java.lang.RuntimeException"><![CDATA[java.lang.RuntimeException: Failed to delete entity
	at org.frcpm.repositories.impl.JpaRepositoryImpl.delete(JpaRepositoryImpl.java:171)
	at org.frcpm.repositories.ComponentRepositoryTest.cleanupTestComponents(ComponentRepositoryTest.java:63)
	at org.frcpm.repositories.ComponentRepositoryTest.tearDown(ComponentRepositoryTest.java:35)
	at java.base/java.lang.reflect.Method.invoke(Method.java:580)
	at java.base/java.util.ArrayList.forEach(ArrayList.java:1596)
	at java.base/java.util.ArrayList.forEach(ArrayList.java:1596)
Caused by: jakarta.persistence.RollbackException: Error while committing the transaction
	at org.hibernate.internal.ExceptionConverterImpl.convertCommitException(ExceptionConverterImpl.java:67)
	at org.hibernate.engine.transaction.internal.TransactionImpl.commit(TransactionImpl.java:104)
	at org.frcpm.repositories.impl.JpaRepositoryImpl.delete(JpaRepositoryImpl.java:165)
	... 5 more
Caused by: org.hibernate.exception.ConstraintViolationException: could not execute batch [Referential integrity constraint violation: "FK5IRPAISPCX79XWY6N1QOMAXNV: PUBLIC.TASK_COMPONENTS FOREIGN KEY(COMPONENT_ID) REFERENCES PUBLIC.COMPONENTS(ID) (CAST(55 AS BIGINT))"; SQL statement:
delete from components where id=? [23503-224]] [delete from components where id=?]
	at org.hibernate.exception.internal.SQLStateConversionDelegate.convert(SQLStateConversionDelegate.java:97)
	at org.hibernate.exception.internal.StandardSQLExceptionConverter.convert(StandardSQLExceptionConverter.java:58)
	at org.hibernate.engine.jdbc.spi.SqlExceptionHelper.convert(SqlExceptionHelper.java:108)
	at org.hibernate.engine.jdbc.batch.internal.BatchImpl.lambda$performExecution$2(BatchImpl.java:294)
	at org.hibernate.engine.jdbc.mutation.internal.PreparedStatementGroupSingleTable.forEachStatement(PreparedStatementGroupSingleTable.java:67)
	at org.hibernate.engine.jdbc.batch.internal.BatchImpl.performExecution(BatchImpl.java:264)
	at org.hibernate.engine.jdbc.batch.internal.BatchImpl.execute(BatchImpl.java:242)
	at org.hibernate.engine.jdbc.internal.JdbcCoordinatorImpl.executeBatch(JdbcCoordinatorImpl.java:188)
	at org.hibernate.engine.spi.ActionQueue.executeActions(ActionQueue.java:662)
	at org.hibernate.engine.spi.ActionQueue.executeActions(ActionQueue.java:499)
	at org.hibernate.event.internal.AbstractFlushingEventListener.performExecutions(AbstractFlushingEventListener.java:371)
	at org.hibernate.event.internal.DefaultFlushEventListener.onFlush(DefaultFlushEventListener.java:41)
	at org.hibernate.event.service.internal.EventListenerGroupImpl.fireEventOnEachListener(EventListenerGroupImpl.java:127)
	at org.hibernate.internal.SessionImpl.doFlush(SessionImpl.java:1425)
	at org.hibernate.internal.SessionImpl.managedFlush(SessionImpl.java:487)
	at org.hibernate.internal.SessionImpl.flushBeforeTransactionCompletion(SessionImpl.java:2324)
	at org.hibernate.internal.SessionImpl.beforeTransactionCompletion(SessionImpl.java:1981)
	at org.hibernate.engine.jdbc.internal.JdbcCoordinatorImpl.beforeTransactionCompletion(JdbcCoordinatorImpl.java:439)
	at org.hibernate.resource.transaction.backend.jdbc.internal.JdbcResourceLocalTransactionCoordinatorImpl.beforeCompletionCallback(JdbcResourceLocalTransactionCoordinatorImpl.java:169)
	at org.hibernate.resource.transaction.backend.jdbc.internal.JdbcResourceLocalTransactionCoordinatorImpl$TransactionDriverControlImpl.commit(JdbcResourceLocalTransactionCoordinatorImpl.java:267)
	at org.hibernate.engine.transaction.internal.TransactionImpl.commit(TransactionImpl.java:101)
	... 6 more
Caused by: org.h2.jdbc.JdbcBatchUpdateException: Referential integrity constraint violation: "FK5IRPAISPCX79XWY6N1QOMAXNV: PUBLIC.TASK_COMPONENTS FOREIGN KEY(COMPONENT_ID) REFERENCES PUBLIC.COMPONENTS(ID) (CAST(55 AS BIGINT))"; SQL statement:
delete from components where id=? [23503-224]
	at org.h2.jdbc.JdbcPreparedStatement.executeBatch(JdbcPreparedStatement.java:1282)
	at com.zaxxer.hikari.pool.ProxyStatement.executeBatch(ProxyStatement.java:127)
	at com.zaxxer.hikari.pool.HikariProxyPreparedStatement.executeBatch(HikariProxyPreparedStatement.java)
	at org.hibernate.engine.jdbc.batch.internal.BatchImpl.lambda$performExecution$2(BatchImpl.java:279)
	... 23 more
]]></error>
    <system-out><![CDATA[10:24:17.971 [main] DEBUG org.hibernate.engine.transaction.internal.TransactionImpl - On TransactionImpl creation, JpaCompliance#isJpaTransactionComplianceEnabled == false
10:24:17.971 [main] DEBUG org.hibernate.engine.transaction.internal.TransactionImpl - begin
10:24:17.971 [main] DEBUG org.hibernate.engine.spi.ActionQueue - Executing identity-insert immediately
10:24:17.971 [main] DEBUG org.hibernate.SQL - insert into components (actual_delivery,is_delivered,description,expected_delivery,name,part_number,id) values (?,?,?,?,?,?,default)
10:24:17.973 [main] DEBUG org.hibernate.orm.results - Initializer list is empty
10:24:17.973 [main] DEBUG org.hibernate.orm.results.loading - Calling top-level assembler (0 / 1) : org.hibernate.sql.results.graph.basic.BasicResultAssembler@29c3ad5b
10:24:17.973 [main] DEBUG org.hibernate.orm.results - Extracted JDBC value [0] - [60]
10:24:17.973 [main] DEBUG org.hibernate.id.IdentifierGeneratorHelper - Extracted generated values [org.frcpm.models.Component]: [Ljava.lang.Object;@567798c
10:24:17.973 [main] DEBUG org.hibernate.event.internal.AbstractFlushingEventListener - Processing flush-time cascades
10:24:17.973 [main] DEBUG org.hibernate.event.internal.AbstractFlushingEventListener - Dirty checking collections
10:24:17.973 [main] DEBUG org.hibernate.engine.internal.Collections - Collection found: [org.frcpm.models.Component.requiredForTasks#60], was: [<unreferenced>] (initialized)
10:24:17.973 [main] DEBUG org.hibernate.event.internal.AbstractFlushingEventListener - Flushed: 0 insertions, 0 updates, 0 deletions to 1 objects
10:24:17.973 [main] DEBUG org.hibernate.event.internal.AbstractFlushingEventListener - Flushed: 1 (re)creations, 0 updates, 0 removals to 1 collections
10:24:17.973 [main] DEBUG org.hibernate.internal.util.EntityPrinter - Listing entities:
10:24:17.973 [main] DEBUG org.hibernate.internal.util.EntityPrinter - org.frcpm.models.Component{expectedDelivery=2025-04-30, requiredForTasks=[], name=Test Component 1, actualDelivery=null, description=First test component description, delivered=false, partNumber=TC-001, id=60}
10:24:17.973 [main] DEBUG org.hibernate.engine.transaction.internal.TransactionImpl - committing
10:24:17.973 [main] DEBUG org.hibernate.event.internal.AbstractFlushingEventListener - Processing flush-time cascades
10:24:17.973 [main] DEBUG org.hibernate.event.internal.AbstractFlushingEventListener - Dirty checking collections
10:24:17.973 [main] DEBUG org.hibernate.engine.internal.Collections - Collection found: [org.frcpm.models.Component.requiredForTasks#60], was: [org.frcpm.models.Component.requiredForTasks#60] (initialized)
10:24:17.973 [main] DEBUG org.hibernate.event.internal.AbstractFlushingEventListener - Flushed: 0 insertions, 0 updates, 0 deletions to 1 objects
10:24:17.973 [main] DEBUG org.hibernate.event.internal.AbstractFlushingEventListener - Flushed: 0 (re)creations, 0 updates, 0 removals to 1 collections
10:24:17.973 [main] DEBUG org.hibernate.internal.util.EntityPrinter - Listing entities:
10:24:17.973 [main] DEBUG org.hibernate.internal.util.EntityPrinter - org.frcpm.models.Component{expectedDelivery=2025-04-30, requiredForTasks=[], name=Test Component 1, actualDelivery=null, description=First test component description, delivered=false, partNumber=TC-001, id=60}
10:24:17.974 [main] DEBUG org.hibernate.resource.jdbc.internal.LogicalConnectionManagedImpl - Initiating JDBC connection release from afterTransaction
10:24:17.974 [main] DEBUG org.hibernate.resource.jdbc.internal.LogicalConnectionManagedImpl - Initiating JDBC connection release from afterTransaction
10:24:17.974 [main] DEBUG org.hibernate.engine.transaction.internal.TransactionImpl - On TransactionImpl creation, JpaCompliance#isJpaTransactionComplianceEnabled == false
10:24:17.974 [main] DEBUG org.hibernate.engine.transaction.internal.TransactionImpl - begin
10:24:17.974 [main] DEBUG org.hibernate.engine.spi.ActionQueue - Executing identity-insert immediately
10:24:17.974 [main] DEBUG org.hibernate.SQL - insert into components (actual_delivery,is_delivered,description,expected_delivery,name,part_number,id) values (?,?,?,?,?,?,default)
10:24:17.975 [main] DEBUG org.hibernate.orm.results - Initializer list is empty
10:24:17.975 [main] DEBUG org.hibernate.orm.results.loading - Calling top-level assembler (0 / 1) : org.hibernate.sql.results.graph.basic.BasicResultAssembler@33ee6a5d
10:24:17.975 [main] DEBUG org.hibernate.orm.results - Extracted JDBC value [0] - [61]
10:24:17.975 [main] DEBUG org.hibernate.id.IdentifierGeneratorHelper - Extracted generated values [org.frcpm.models.Component]: [Ljava.lang.Object;@2668f313
10:24:17.975 [main] DEBUG org.hibernate.event.internal.AbstractFlushingEventListener - Processing flush-time cascades
10:24:17.975 [main] DEBUG org.hibernate.event.internal.AbstractFlushingEventListener - Dirty checking collections
10:24:17.975 [main] DEBUG org.hibernate.engine.internal.Collections - Collection found: [org.frcpm.models.Component.requiredForTasks#61], was: [<unreferenced>] (initialized)
10:24:17.975 [main] DEBUG org.hibernate.event.internal.AbstractFlushingEventListener - Flushed: 0 insertions, 0 updates, 0 deletions to 1 objects
10:24:17.975 [main] DEBUG org.hibernate.event.internal.AbstractFlushingEventListener - Flushed: 1 (re)creations, 0 updates, 0 removals to 1 collections
10:24:17.975 [main] DEBUG org.hibernate.internal.util.EntityPrinter - Listing entities:
10:24:17.975 [main] DEBUG org.hibernate.internal.util.EntityPrinter - org.frcpm.models.Component{expectedDelivery=2025-05-02, requiredForTasks=[], name=Test Component 2, actualDelivery=null, description=Second test component description, delivered=false, partNumber=TC-002, id=61}
10:24:17.975 [main] DEBUG org.hibernate.engine.transaction.internal.TransactionImpl - committing
10:24:17.975 [main] DEBUG org.hibernate.event.internal.AbstractFlushingEventListener - Processing flush-time cascades
10:24:17.975 [main] DEBUG org.hibernate.event.internal.AbstractFlushingEventListener - Dirty checking collections
10:24:17.975 [main] DEBUG org.hibernate.engine.internal.Collections - Collection found: [org.frcpm.models.Component.requiredForTasks#61], was: [org.frcpm.models.Component.requiredForTasks#61] (initialized)
10:24:17.975 [main] DEBUG org.hibernate.event.internal.AbstractFlushingEventListener - Flushed: 0 insertions, 0 updates, 0 deletions to 1 objects
10:24:17.975 [main] DEBUG org.hibernate.event.internal.AbstractFlushingEventListener - Flushed: 0 (re)creations, 0 updates, 0 removals to 1 collections
10:24:17.975 [main] DEBUG org.hibernate.internal.util.EntityPrinter - Listing entities:
10:24:17.975 [main] DEBUG org.hibernate.internal.util.EntityPrinter - org.frcpm.models.Component{expectedDelivery=2025-05-02, requiredForTasks=[], name=Test Component 2, actualDelivery=null, description=Second test component description, delivered=false, partNumber=TC-002, id=61}
10:24:17.975 [main] DEBUG org.hibernate.resource.jdbc.internal.LogicalConnectionManagedImpl - Initiating JDBC connection release from afterTransaction
10:24:17.975 [main] DEBUG org.hibernate.resource.jdbc.internal.LogicalConnectionManagedImpl - Initiating JDBC connection release from afterTransaction
10:24:17.976 [main] DEBUG org.hibernate.engine.transaction.internal.TransactionImpl - On TransactionImpl creation, JpaCompliance#isJpaTransactionComplianceEnabled == false
10:24:17.976 [main] DEBUG org.hibernate.engine.transaction.internal.TransactionImpl - begin
10:24:17.976 [main] DEBUG org.hibernate.engine.spi.ActionQueue - Executing identity-insert immediately
10:24:17.976 [main] DEBUG org.hibernate.SQL - insert into components (actual_delivery,is_delivered,description,expected_delivery,name,part_number,id) values (?,?,?,?,?,?,default)
10:24:17.976 [main] DEBUG org.hibernate.orm.results - Initializer list is empty
10:24:17.976 [main] DEBUG org.hibernate.orm.results.loading - Calling top-level assembler (0 / 1) : org.hibernate.sql.results.graph.basic.BasicResultAssembler@5d1ad15d
10:24:17.976 [main] DEBUG org.hibernate.orm.results - Extracted JDBC value [0] - [62]
10:24:17.976 [main] DEBUG org.hibernate.id.IdentifierGeneratorHelper - Extracted generated values [org.frcpm.models.Component]: [Ljava.lang.Object;@53c43a4f
10:24:17.976 [main] DEBUG org.hibernate.event.internal.AbstractFlushingEventListener - Processing flush-time cascades
10:24:17.976 [main] DEBUG org.hibernate.event.internal.AbstractFlushingEventListener - Dirty checking collections
10:24:17.977 [main] DEBUG org.hibernate.engine.internal.Collections - Collection found: [org.frcpm.models.Component.requiredForTasks#62], was: [<unreferenced>] (initialized)
10:24:17.977 [main] DEBUG org.hibernate.event.internal.AbstractFlushingEventListener - Flushed: 0 insertions, 0 updates, 0 deletions to 1 objects
10:24:17.977 [main] DEBUG org.hibernate.event.internal.AbstractFlushingEventListener - Flushed: 1 (re)creations, 0 updates, 0 removals to 1 collections
10:24:17.977 [main] DEBUG org.hibernate.internal.util.EntityPrinter - Listing entities:
10:24:17.977 [main] DEBUG org.hibernate.internal.util.EntityPrinter - org.frcpm.models.Component{expectedDelivery=2025-05-05, requiredForTasks=[], name=Test Component 3, actualDelivery=2025-05-04, description=Third test component description, delivered=true, partNumber=TC-003, id=62}
10:24:17.977 [main] DEBUG org.hibernate.engine.transaction.internal.TransactionImpl - committing
10:24:17.977 [main] DEBUG org.hibernate.event.internal.AbstractFlushingEventListener - Processing flush-time cascades
10:24:17.977 [main] DEBUG org.hibernate.event.internal.AbstractFlushingEventListener - Dirty checking collections
10:24:17.977 [main] DEBUG org.hibernate.engine.internal.Collections - Collection found: [org.frcpm.models.Component.requiredForTasks#62], was: [org.frcpm.models.Component.requiredForTasks#62] (initialized)
10:24:17.977 [main] DEBUG org.hibernate.event.internal.AbstractFlushingEventListener - Flushed: 0 insertions, 0 updates, 0 deletions to 1 objects
10:24:17.977 [main] DEBUG org.hibernate.event.internal.AbstractFlushingEventListener - Flushed: 0 (re)creations, 0 updates, 0 removals to 1 collections
10:24:17.977 [main] DEBUG org.hibernate.internal.util.EntityPrinter - Listing entities:
10:24:17.977 [main] DEBUG org.hibernate.internal.util.EntityPrinter - org.frcpm.models.Component{expectedDelivery=2025-05-05, requiredForTasks=[], name=Test Component 3, actualDelivery=2025-05-04, description=Third test component description, delivered=true, partNumber=TC-003, id=62}
10:24:17.977 [main] DEBUG org.hibernate.resource.jdbc.internal.LogicalConnectionManagedImpl - Initiating JDBC connection release from afterTransaction
10:24:17.977 [main] DEBUG org.hibernate.resource.jdbc.internal.LogicalConnectionManagedImpl - Initiating JDBC connection release from afterTransaction
10:24:17.979 [main] DEBUG org.hibernate.orm.sql.ast.create - Created new SQL alias : c1_0
10:24:17.979 [main] DEBUG org.hibernate.orm.sql.ast.create - Registration of TableGroup [StandardTableGroup(org.frcpm.models.Component(959674265210100))] with identifierForTableGroup [org.frcpm.models.Component] for NavigablePath [org.frcpm.models.Component] 
10:24:17.980 [main] DEBUG org.hibernate.orm.results.graph.AST - DomainResult Graph:
 \-BasicResult

10:24:17.980 [main] DEBUG org.hibernate.orm.sql.ast.tree - SQL AST Tree:
    SelectStatement {
      FromClause {
        StandardTableGroup (c1 : org.frcpm.models.Component(959674265210100)) {
          primaryTableReference : components as c1_0
        }
      }
    }

10:24:17.980 [main] DEBUG org.hibernate.orm.sql.exec - Skipping reading Query result cache data: cache-enabled = false, cache-mode = NORMAL
10:24:17.980 [main] DEBUG org.hibernate.orm.results - Initializer list is empty
10:24:17.980 [main] DEBUG org.hibernate.SQL - select count(c1_0.id) from components c1_0
10:24:17.981 [main] DEBUG org.hibernate.orm.results.loading - Calling top-level assembler (0 / 1) : org.hibernate.sql.results.graph.basic.BasicResultAssembler@3ae5f1af
10:24:17.981 [main] DEBUG org.hibernate.orm.results - Extracted JDBC value [0] - [16]
10:24:17.981 [main] DEBUG org.hibernate.resource.jdbc.internal.LogicalConnectionManagedImpl - Initiating JDBC connection release from afterTransaction
10:24:17.981 [main] DEBUG org.hibernate.resource.jdbc.internal.LogicalConnectionManagedImpl - Initiating JDBC connection release from afterTransaction
10:24:17.981 [main] DEBUG org.hibernate.engine.transaction.internal.TransactionImpl - On TransactionImpl creation, JpaCompliance#isJpaTransactionComplianceEnabled == false
10:24:17.981 [main] DEBUG org.hibernate.engine.transaction.internal.TransactionImpl - begin
10:24:17.982 [main] DEBUG org.hibernate.engine.spi.ActionQueue - Executing identity-insert immediately
10:24:17.982 [main] DEBUG org.hibernate.SQL - insert into components (actual_delivery,is_delivered,description,expected_delivery,name,part_number,id) values (?,?,?,?,?,?,default)
10:24:17.983 [main] DEBUG org.hibernate.orm.results - Initializer list is empty
10:24:17.983 [main] DEBUG org.hibernate.orm.results.loading - Calling top-level assembler (0 / 1) : org.hibernate.sql.results.graph.basic.BasicResultAssembler@1827f987
10:24:17.983 [main] DEBUG org.hibernate.orm.results - Extracted JDBC value [0] - [63]
10:24:17.983 [main] DEBUG org.hibernate.id.IdentifierGeneratorHelper - Extracted generated values [org.frcpm.models.Component]: [Ljava.lang.Object;@6cddf61d
10:24:17.983 [main] DEBUG org.hibernate.event.internal.AbstractFlushingEventListener - Processing flush-time cascades
10:24:17.983 [main] DEBUG org.hibernate.event.internal.AbstractFlushingEventListener - Dirty checking collections
10:24:17.983 [main] DEBUG org.hibernate.engine.internal.Collections - Collection found: [org.frcpm.models.Component.requiredForTasks#63], was: [<unreferenced>] (initialized)
10:24:17.983 [main] DEBUG org.hibernate.event.internal.AbstractFlushingEventListener - Flushed: 0 insertions, 0 updates, 0 deletions to 1 objects
10:24:17.983 [main] DEBUG org.hibernate.event.internal.AbstractFlushingEventListener - Flushed: 1 (re)creations, 0 updates, 0 removals to 1 collections
10:24:17.983 [main] DEBUG org.hibernate.internal.util.EntityPrinter - Listing entities:
10:24:17.983 [main] DEBUG org.hibernate.internal.util.EntityPrinter - org.frcpm.models.Component{expectedDelivery=null, requiredForTasks=[], name=Test Count Component, actualDelivery=null, description=null, delivered=false, partNumber=TCC-001, id=63}
10:24:17.984 [main] DEBUG org.hibernate.engine.transaction.internal.TransactionImpl - committing
10:24:17.984 [main] DEBUG org.hibernate.event.internal.AbstractFlushingEventListener - Processing flush-time cascades
10:24:17.984 [main] DEBUG org.hibernate.event.internal.AbstractFlushingEventListener - Dirty checking collections
10:24:17.984 [main] DEBUG org.hibernate.engine.internal.Collections - Collection found: [org.frcpm.models.Component.requiredForTasks#63], was: [org.frcpm.models.Component.requiredForTasks#63] (initialized)
10:24:17.984 [main] DEBUG org.hibernate.event.internal.AbstractFlushingEventListener - Flushed: 0 insertions, 0 updates, 0 deletions to 1 objects
10:24:17.984 [main] DEBUG org.hibernate.event.internal.AbstractFlushingEventListener - Flushed: 0 (re)creations, 0 updates, 0 removals to 1 collections
10:24:17.984 [main] DEBUG org.hibernate.internal.util.EntityPrinter - Listing entities:
10:24:17.984 [main] DEBUG org.hibernate.internal.util.EntityPrinter - org.frcpm.models.Component{expectedDelivery=null, requiredForTasks=[], name=Test Count Component, actualDelivery=null, description=null, delivered=false, partNumber=TCC-001, id=63}
10:24:17.984 [main] DEBUG org.hibernate.resource.jdbc.internal.LogicalConnectionManagedImpl - Initiating JDBC connection release from afterTransaction
10:24:17.984 [main] DEBUG org.hibernate.resource.jdbc.internal.LogicalConnectionManagedImpl - Initiating JDBC connection release from afterTransaction
10:24:17.984 [main] DEBUG org.hibernate.orm.sql.ast.create - Created new SQL alias : c1_0
10:24:17.984 [main] DEBUG org.hibernate.orm.sql.ast.create - Registration of TableGroup [StandardTableGroup(org.frcpm.models.Component(959674271013500))] with identifierForTableGroup [org.frcpm.models.Component] for NavigablePath [org.frcpm.models.Component] 
10:24:17.984 [main] DEBUG org.hibernate.orm.results.graph.AST - DomainResult Graph:
 \-BasicResult

10:24:17.984 [main] DEBUG org.hibernate.orm.sql.ast.tree - SQL AST Tree:
    SelectStatement {
      FromClause {
        StandardTableGroup (c1 : org.frcpm.models.Component(959674271013500)) {
          primaryTableReference : components as c1_0
        }
      }
    }

10:24:17.984 [main] DEBUG org.hibernate.orm.sql.exec - Skipping reading Query result cache data: cache-enabled = false, cache-mode = NORMAL
10:24:17.984 [main] DEBUG org.hibernate.orm.results - Initializer list is empty
10:24:17.984 [main] DEBUG org.hibernate.SQL - select count(c1_0.id) from components c1_0
10:24:17.985 [main] DEBUG org.hibernate.orm.results.loading - Calling top-level assembler (0 / 1) : org.hibernate.sql.results.graph.basic.BasicResultAssembler@3b540156
10:24:17.985 [main] DEBUG org.hibernate.orm.results - Extracted JDBC value [0] - [17]
10:24:17.985 [main] DEBUG org.hibernate.resource.jdbc.internal.LogicalConnectionManagedImpl - Initiating JDBC connection release from afterTransaction
10:24:17.985 [main] DEBUG org.hibernate.resource.jdbc.internal.LogicalConnectionManagedImpl - Initiating JDBC connection release from afterTransaction
10:24:17.985 [main] DEBUG org.hibernate.orm.sql.ast.create - Created new SQL alias : c1_0
10:24:17.985 [main] DEBUG org.hibernate.orm.sql.ast.create - Registration of TableGroup [StandardTableGroup(org.frcpm.models.Component(959674271887700))] with identifierForTableGroup [org.frcpm.models.Component] for NavigablePath [org.frcpm.models.Component] 
10:24:17.985 [main] DEBUG org.hibernate.orm.results.graph.AST - DomainResult Graph:
 \-EntityResultImpl [org.frcpm.models.Component(959674271887700)]
 |  +-BasicFetch [org.frcpm.models.Component(959674271887700).actualDelivery]
 |  +-BasicFetch [org.frcpm.models.Component(959674271887700).delivered]
 |  +-BasicFetch [org.frcpm.models.Component(959674271887700).description]
 |  +-BasicFetch [org.frcpm.models.Component(959674271887700).expectedDelivery]
 |  +-BasicFetch [org.frcpm.models.Component(959674271887700).name]
 |  +-BasicFetch [org.frcpm.models.Component(959674271887700).partNumber]
 |  \-DelayedCollectionFetch [org.frcpm.models.Component(959674271887700).requiredForTasks]

10:24:17.985 [main] DEBUG org.hibernate.orm.sql.ast.tree - SQL AST Tree:
    SelectStatement {
      FromClause {
        StandardTableGroup (c1 : org.frcpm.models.Component(959674271887700)) {
          primaryTableReference : components as c1_0
        }
      }
    }

10:24:17.985 [main] DEBUG org.hibernate.orm.sql.exec - Skipping reading Query result cache data: cache-enabled = false, cache-mode = NORMAL
10:24:17.985 [main] DEBUG org.hibernate.orm.results - Initializer list:
	  org.frcpm.models.Component(959674271887700) -> EntityResultInitializer(org.frcpm.models.Component(959674271887700))@739763412 (SingleTableEntityPersister(org.frcpm.models.Component))
	  org.frcpm.models.Component(959674271887700).requiredForTasks -> DelayedCollectionInitializer(org.frcpm.models.Component(959674271887700).requiredForTasks)@343563320 (PluralAttribute(org.frcpm.models.Component.requiredForTasks))

10:24:17.985 [main] DEBUG org.hibernate.SQL - select c1_0.id,c1_0.actual_delivery,c1_0.is_delivered,c1_0.description,c1_0.expected_delivery,c1_0.name,c1_0.part_number from components c1_0
10:24:17.986 [main] DEBUG org.hibernate.orm.results - Extracted JDBC value [0] - [1]
10:24:17.986 [main] DEBUG org.hibernate.orm.results.loading.entity - (EntityResultInitializer) Hydrated EntityKey (org.frcpm.models.Component(959674271887700)): 1
10:24:17.986 [main] DEBUG org.hibernate.orm.results.loading.org.hibernate.orm.results.loading.collection - (DelayedCollectionInitializer) Current row collection key : org.frcpm.models.Component(959674271887700).requiredForTasks#1
10:24:17.986 [main] DEBUG org.hibernate.orm.results.loading.entity - (EntityResultInitializer) Created new entity instance [org.frcpm.models.Component(959674271887700)#1] : 863216296
10:24:17.986 [main] DEBUG org.hibernate.orm.results - Extracted JDBC value [1] - [null]
10:24:17.986 [main] DEBUG org.hibernate.orm.results - Extracted JDBC value [2] - [false]
10:24:17.986 [main] DEBUG org.hibernate.orm.results - Extracted JDBC value [3] - [Motor controller for NEO brushless motors]
10:24:17.986 [main] DEBUG org.hibernate.orm.results - Extracted JDBC value [4] - [2025-05-04]
10:24:17.986 [main] DEBUG org.hibernate.orm.results - Extracted JDBC value [5] - [SPARK MAX]
10:24:17.986 [main] DEBUG org.hibernate.orm.results - Extracted JDBC value [6] - [REV-11-2158]
10:24:17.986 [main] DEBUG org.hibernate.orm.results.loading.entity - (EntityResultInitializer) Done materializing entityInstance : org.frcpm.models.Component(959674271887700)#1
10:24:17.986 [main] DEBUG org.hibernate.orm.results.loading - Calling top-level assembler (0 / 1) : org.hibernate.sql.results.graph.entity.internal.EntityAssembler@204dcf37
10:24:17.986 [main] DEBUG org.hibernate.orm.results - Extracted JDBC value [0] - [2]
10:24:17.986 [main] DEBUG org.hibernate.orm.results.loading.entity - (EntityResultInitializer) Hydrated EntityKey (org.frcpm.models.Component(959674271887700)): 2
10:24:17.986 [main] DEBUG org.hibernate.orm.results.loading.org.hibernate.orm.results.loading.collection - (DelayedCollectionInitializer) Current row collection key : org.frcpm.models.Component(959674271887700).requiredForTasks#2
10:24:17.986 [main] DEBUG org.hibernate.orm.results.loading.entity - (EntityResultInitializer) Created new entity instance [org.frcpm.models.Component(959674271887700)#2] : 237719631
10:24:17.986 [main] DEBUG org.hibernate.orm.results - Extracted JDBC value [1] - [null]
10:24:17.986 [main] DEBUG org.hibernate.orm.results - Extracted JDBC value [2] - [false]
10:24:17.986 [main] DEBUG org.hibernate.orm.results - Extracted JDBC value [3] - [High performance brushless DC motor]
10:24:17.986 [main] DEBUG org.hibernate.orm.results - Extracted JDBC value [4] - [2025-05-04]
10:24:17.986 [main] DEBUG org.hibernate.orm.results - Extracted JDBC value [5] - [NEO Brushless Motor]
10:24:17.986 [main] DEBUG org.hibernate.orm.results - Extracted JDBC value [6] - [REV-21-1650]
10:24:17.986 [main] DEBUG org.hibernate.orm.results.loading.entity - (EntityResultInitializer) Done materializing entityInstance : org.frcpm.models.Component(959674271887700)#2
10:24:17.986 [main] DEBUG org.hibernate.orm.results.loading - Calling top-level assembler (0 / 1) : org.hibernate.sql.results.graph.entity.internal.EntityAssembler@204dcf37
10:24:17.986 [main] DEBUG org.hibernate.orm.results - Extracted JDBC value [0] - [3]
10:24:17.986 [main] DEBUG org.hibernate.orm.results.loading.entity - (EntityResultInitializer) Hydrated EntityKey (org.frcpm.models.Component(959674271887700)): 3
10:24:17.986 [main] DEBUG org.hibernate.orm.results.loading.org.hibernate.orm.results.loading.collection - (DelayedCollectionInitializer) Current row collection key : org.frcpm.models.Component(959674271887700).requiredForTasks#3
10:24:17.986 [main] DEBUG org.hibernate.orm.results.loading.entity - (EntityResultInitializer) Created new entity instance [org.frcpm.models.Component(959674271887700)#3] : 542525197
10:24:17.986 [main] DEBUG org.hibernate.orm.results - Extracted JDBC value [1] - [2025-05-01]
10:24:17.986 [main] DEBUG org.hibernate.orm.results - Extracted JDBC value [2] - [true]
10:24:17.986 [main] DEBUG org.hibernate.orm.results - Extracted JDBC value [3] - [Omni-directional wheels for holonomic drive]
10:24:17.986 [main] DEBUG org.hibernate.orm.results - Extracted JDBC value [4] - [2025-05-02]
10:24:17.986 [main] DEBUG org.hibernate.orm.results - Extracted JDBC value [5] - [4" Omni Wheels]
10:24:17.986 [main] DEBUG org.hibernate.orm.results - Extracted JDBC value [6] - [AM-0016]
10:24:17.986 [main] DEBUG org.hibernate.orm.results.loading.entity - (EntityResultInitializer) Done materializing entityInstance : org.frcpm.models.Component(959674271887700)#3
10:24:17.986 [main] DEBUG org.hibernate.orm.results.loading - Calling top-level assembler (0 / 1) : org.hibernate.sql.results.graph.entity.internal.EntityAssembler@204dcf37
10:24:17.986 [main] DEBUG org.hibernate.orm.results - Extracted JDBC value [0] - [4]
10:24:17.986 [main] DEBUG org.hibernate.orm.results.loading.entity - (EntityResultInitializer) Hydrated EntityKey (org.frcpm.models.Component(959674271887700)): 4
10:24:17.986 [main] DEBUG org.hibernate.orm.results.loading.org.hibernate.orm.results.loading.collection - (DelayedCollectionInitializer) Current row collection key : org.frcpm.models.Component(959674271887700).requiredForTasks#4
10:24:17.986 [main] DEBUG org.hibernate.orm.results.loading.entity - (EntityResultInitializer) Created new entity instance [org.frcpm.models.Component(959674271887700)#4] : 978427125
10:24:17.986 [main] DEBUG org.hibernate.orm.results - Extracted JDBC value [1] - [null]
10:24:17.986 [main] DEBUG org.hibernate.orm.results - Extracted JDBC value [2] - [false]
10:24:17.986 [main] DEBUG org.hibernate.orm.results - Extracted JDBC value [3] - [Smart camera for vision tracking]
10:24:17.986 [main] DEBUG org.hibernate.orm.results - Extracted JDBC value [4] - [2025-05-08]
10:24:17.986 [main] DEBUG org.hibernate.orm.results - Extracted JDBC value [5] - [Limelight 3]
10:24:17.986 [main] DEBUG org.hibernate.orm.results - Extracted JDBC value [6] - [LL3-1]
10:24:17.986 [main] DEBUG org.hibernate.orm.results.loading.entity - (EntityResultInitializer) Done materializing entityInstance : org.frcpm.models.Component(959674271887700)#4
10:24:17.986 [main] DEBUG org.hibernate.orm.results.loading - Calling top-level assembler (0 / 1) : org.hibernate.sql.results.graph.entity.internal.EntityAssembler@204dcf37
10:24:17.986 [main] DEBUG org.hibernate.orm.results - Extracted JDBC value [0] - [5]
10:24:17.986 [main] DEBUG org.hibernate.orm.results.loading.entity - (EntityResultInitializer) Hydrated EntityKey (org.frcpm.models.Component(959674271887700)): 5
10:24:17.986 [main] DEBUG org.hibernate.orm.results.loading.org.hibernate.orm.results.loading.collection - (DelayedCollectionInitializer) Current row collection key : org.frcpm.models.Component(959674271887700).requiredForTasks#5
10:24:17.986 [main] DEBUG org.hibernate.orm.results.loading.entity - (EntityResultInitializer) Created new entity instance [org.frcpm.models.Component(959674271887700)#5] : 375280156
10:24:17.986 [main] DEBUG org.hibernate.orm.results - Extracted JDBC value [1] - [null]
10:24:17.986 [main] DEBUG org.hibernate.orm.results - Extracted JDBC value [2] - [false]
10:24:17.986 [main] DEBUG org.hibernate.orm.results - Extracted JDBC value [3] - [Control module for pneumatic systems]
10:24:17.986 [main] DEBUG org.hibernate.orm.results - Extracted JDBC value [4] - [2025-05-06]
10:24:17.986 [main] DEBUG org.hibernate.orm.results - Extracted JDBC value [5] - [Pneumatic Control Module]
10:24:17.986 [main] DEBUG org.hibernate.orm.results - Extracted JDBC value [6] - [CTRE-PCM]
10:24:17.986 [main] DEBUG org.hibernate.orm.results.loading.entity - (EntityResultInitializer) Done materializing entityInstance : org.frcpm.models.Component(959674271887700)#5
10:24:17.986 [main] DEBUG org.hibernate.orm.results.loading - Calling top-level assembler (0 / 1) : org.hibernate.sql.results.graph.entity.internal.EntityAssembler@204dcf37
10:24:17.986 [main] DEBUG org.hibernate.orm.results - Extracted JDBC value [0] - [12]
10:24:17.986 [main] DEBUG org.hibernate.orm.results.loading.entity - (EntityResultInitializer) Hydrated EntityKey (org.frcpm.models.Component(959674271887700)): 12
10:24:17.986 [main] DEBUG org.hibernate.orm.results.loading.org.hibernate.orm.results.loading.collection - (DelayedCollectionInitializer) Current row collection key : org.frcpm.models.Component(959674271887700).requiredForTasks#12
10:24:17.986 [main] DEBUG org.hibernate.orm.results.loading.entity - (EntityResultInitializer) Created new entity instance [org.frcpm.models.Component(959674271887700)#12] : 788420454
10:24:17.986 [main] DEBUG org.hibernate.orm.results - Extracted JDBC value [1] - [null]
10:24:17.986 [main] DEBUG org.hibernate.orm.results - Extracted JDBC value [2] - [false]
10:24:17.986 [main] DEBUG org.hibernate.orm.results - Extracted JDBC value [3] - [null]
10:24:17.986 [main] DEBUG org.hibernate.orm.results - Extracted JDBC value [4] - [null]
10:24:17.986 [main] DEBUG org.hibernate.orm.results - Extracted JDBC value [5] - [Test Count Component]
10:24:17.986 [main] DEBUG org.hibernate.orm.results - Extracted JDBC value [6] - [TCC-001]
10:24:17.986 [main] DEBUG org.hibernate.orm.results.loading.entity - (EntityResultInitializer) Done materializing entityInstance : org.frcpm.models.Component(959674271887700)#12
10:24:17.986 [main] DEBUG org.hibernate.orm.results.loading - Calling top-level assembler (0 / 1) : org.hibernate.sql.results.graph.entity.internal.EntityAssembler@204dcf37
10:24:17.986 [main] DEBUG org.hibernate.orm.results - Extracted JDBC value [0] - [16]
10:24:17.986 [main] DEBUG org.hibernate.orm.results.loading.entity - (EntityResultInitializer) Hydrated EntityKey (org.frcpm.models.Component(959674271887700)): 16
10:24:17.986 [main] DEBUG org.hibernate.orm.results.loading.org.hibernate.orm.results.loading.collection - (DelayedCollectionInitializer) Current row collection key : org.frcpm.models.Component(959674271887700).requiredForTasks#16
10:24:17.986 [main] DEBUG org.hibernate.orm.results.loading.entity - (EntityResultInitializer) Created new entity instance [org.frcpm.models.Component(959674271887700)#16] : 1585403300
10:24:17.986 [main] DEBUG org.hibernate.orm.results - Extracted JDBC value [1] - [null]
10:24:17.986 [main] DEBUG org.hibernate.orm.results - Extracted JDBC value [2] - [false]
10:24:17.986 [main] DEBUG org.hibernate.orm.results - Extracted JDBC value [3] - [Save component description]
10:24:17.986 [main] DEBUG org.hibernate.orm.results - Extracted JDBC value [4] - [2025-05-10]
10:24:17.986 [main] DEBUG org.hibernate.orm.results - Extracted JDBC value [5] - [Test Save Component]
10:24:17.986 [main] DEBUG org.hibernate.orm.results - Extracted JDBC value [6] - [TSC-001]
10:24:17.986 [main] DEBUG org.hibernate.orm.results.loading.entity - (EntityResultInitializer) Done materializing entityInstance : org.frcpm.models.Component(959674271887700)#16
10:24:17.986 [main] DEBUG org.hibernate.orm.results.loading - Calling top-level assembler (0 / 1) : org.hibernate.sql.results.graph.entity.internal.EntityAssembler@204dcf37
10:24:17.986 [main] DEBUG org.hibernate.orm.results - Extracted JDBC value [0] - [40]
10:24:17.986 [main] DEBUG org.hibernate.orm.results.loading.entity - (EntityResultInitializer) Hydrated EntityKey (org.frcpm.models.Component(959674271887700)): 40
10:24:17.986 [main] DEBUG org.hibernate.orm.results.loading.org.hibernate.orm.results.loading.collection - (DelayedCollectionInitializer) Current row collection key : org.frcpm.models.Component(959674271887700).requiredForTasks#40
10:24:17.986 [main] DEBUG org.hibernate.orm.results.loading.entity - (EntityResultInitializer) Created new entity instance [org.frcpm.models.Component(959674271887700)#40] : 1824733023
10:24:17.986 [main] DEBUG org.hibernate.orm.results - Extracted JDBC value [1] - [2025-04-25]
10:24:17.986 [main] DEBUG org.hibernate.orm.results - Extracted JDBC value [2] - [true]
10:24:17.986 [main] DEBUG org.hibernate.orm.results - Extracted JDBC value [3] - [Updated description]
10:24:17.986 [main] DEBUG org.hibernate.orm.results - Extracted JDBC value [4] - [null]
10:24:17.986 [main] DEBUG org.hibernate.orm.results - Extracted JDBC value [5] - [Updated Component Name]
10:24:17.986 [main] DEBUG org.hibernate.orm.results - Extracted JDBC value [6] - [TUC-001]
10:24:17.986 [main] DEBUG org.hibernate.orm.results.loading.entity - (EntityResultInitializer) Done materializing entityInstance : org.frcpm.models.Component(959674271887700)#40
10:24:17.986 [main] DEBUG org.hibernate.orm.results.loading - Calling top-level assembler (0 / 1) : org.hibernate.sql.results.graph.entity.internal.EntityAssembler@204dcf37
10:24:17.986 [main] DEBUG org.hibernate.orm.results - Extracted JDBC value [0] - [55]
10:24:17.987 [main] DEBUG org.hibernate.orm.results.loading.entity - (EntityResultInitializer) Hydrated EntityKey (org.frcpm.models.Component(959674271887700)): 55
10:24:17.987 [main] DEBUG org.hibernate.orm.results.loading.org.hibernate.orm.results.loading.collection - (DelayedCollectionInitializer) Current row collection key : org.frcpm.models.Component(959674271887700).requiredForTasks#55
10:24:17.987 [main] DEBUG org.hibernate.orm.results.loading.entity - (EntityResultInitializer) Created new entity instance [org.frcpm.models.Component(959674271887700)#55] : 1535216406
10:24:17.987 [main] DEBUG org.hibernate.orm.results - Extracted JDBC value [1] - [null]
10:24:17.987 [main] DEBUG org.hibernate.orm.results - Extracted JDBC value [2] - [false]
10:24:17.987 [main] DEBUG org.hibernate.orm.results - Extracted JDBC value [3] - [Component 1 for association test]
10:24:17.987 [main] DEBUG org.hibernate.orm.results - Extracted JDBC value [4] - [2025-04-28]
10:24:17.987 [main] DEBUG org.hibernate.orm.results - Extracted JDBC value [5] - [Test Component Assoc 1]
10:24:17.987 [main] DEBUG org.hibernate.orm.results - Extracted JDBC value [6] - [TC-ASSOC1]
10:24:17.987 [main] DEBUG org.hibernate.orm.results.loading.entity - (EntityResultInitializer) Done materializing entityInstance : org.frcpm.models.Component(959674271887700)#55
10:24:17.987 [main] DEBUG org.hibernate.orm.results.loading - Calling top-level assembler (0 / 1) : org.hibernate.sql.results.graph.entity.internal.EntityAssembler@204dcf37
10:24:17.987 [main] DEBUG org.hibernate.orm.results - Extracted JDBC value [0] - [56]
10:24:17.987 [main] DEBUG org.hibernate.orm.results.loading.entity - (EntityResultInitializer) Hydrated EntityKey (org.frcpm.models.Component(959674271887700)): 56
10:24:17.987 [main] DEBUG org.hibernate.orm.results.loading.org.hibernate.orm.results.loading.collection - (DelayedCollectionInitializer) Current row collection key : org.frcpm.models.Component(959674271887700).requiredForTasks#56
10:24:17.987 [main] DEBUG org.hibernate.orm.results.loading.entity - (EntityResultInitializer) Created new entity instance [org.frcpm.models.Component(959674271887700)#56] : 1320016508
10:24:17.987 [main] DEBUG org.hibernate.orm.results - Extracted JDBC value [1] - [null]
10:24:17.987 [main] DEBUG org.hibernate.orm.results - Extracted JDBC value [2] - [false]
10:24:17.987 [main] DEBUG org.hibernate.orm.results - Extracted JDBC value [3] - [Component 2 for association test]
10:24:17.987 [main] DEBUG org.hibernate.orm.results - Extracted JDBC value [4] - [2025-04-30]
10:24:17.987 [main] DEBUG org.hibernate.orm.results - Extracted JDBC value [5] - [Test Component Assoc 2]
10:24:17.987 [main] DEBUG org.hibernate.orm.results - Extracted JDBC value [6] - [TC-ASSOC2]
10:24:17.987 [main] DEBUG org.hibernate.orm.results.loading.entity - (EntityResultInitializer) Done materializing entityInstance : org.frcpm.models.Component(959674271887700)#56
10:24:17.987 [main] DEBUG org.hibernate.orm.results.loading - Calling top-level assembler (0 / 1) : org.hibernate.sql.results.graph.entity.internal.EntityAssembler@204dcf37
10:24:17.987 [main] DEBUG org.hibernate.orm.results - Extracted JDBC value [0] - [57]
10:24:17.987 [main] DEBUG org.hibernate.orm.results.loading.entity - (EntityResultInitializer) Hydrated EntityKey (org.frcpm.models.Component(959674271887700)): 57
10:24:17.987 [main] DEBUG org.hibernate.orm.results.loading.org.hibernate.orm.results.loading.collection - (DelayedCollectionInitializer) Current row collection key : org.frcpm.models.Component(959674271887700).requiredForTasks#57
10:24:17.987 [main] DEBUG org.hibernate.orm.results.loading.entity - (EntityResultInitializer) Created new entity instance [org.frcpm.models.Component(959674271887700)#57] : 1594598742
10:24:17.987 [main] DEBUG org.hibernate.orm.results - Extracted JDBC value [1] - [null]
10:24:17.987 [main] DEBUG org.hibernate.orm.results - Extracted JDBC value [2] - [false]
10:24:17.987 [main] DEBUG org.hibernate.orm.results - Extracted JDBC value [3] - [First test component description]
10:24:17.987 [main] DEBUG org.hibernate.orm.results - Extracted JDBC value [4] - [2025-04-30]
10:24:17.987 [main] DEBUG org.hibernate.orm.results - Extracted JDBC value [5] - [Test Component 1]
10:24:17.987 [main] DEBUG org.hibernate.orm.results - Extracted JDBC value [6] - [TC-001]
10:24:17.987 [main] DEBUG org.hibernate.orm.results.loading.entity - (EntityResultInitializer) Done materializing entityInstance : org.frcpm.models.Component(959674271887700)#57
10:24:17.987 [main] DEBUG org.hibernate.orm.results.loading - Calling top-level assembler (0 / 1) : org.hibernate.sql.results.graph.entity.internal.EntityAssembler@204dcf37
10:24:17.987 [main] DEBUG org.hibernate.orm.results - Extracted JDBC value [0] - [58]
10:24:17.987 [main] DEBUG org.hibernate.orm.results.loading.entity - (EntityResultInitializer) Hydrated EntityKey (org.frcpm.models.Component(959674271887700)): 58
10:24:17.987 [main] DEBUG org.hibernate.orm.results.loading.org.hibernate.orm.results.loading.collection - (DelayedCollectionInitializer) Current row collection key : org.frcpm.models.Component(959674271887700).requiredForTasks#58
10:24:17.987 [main] DEBUG org.hibernate.orm.results.loading.entity - (EntityResultInitializer) Created new entity instance [org.frcpm.models.Component(959674271887700)#58] : 1335406906
10:24:17.987 [main] DEBUG org.hibernate.orm.results - Extracted JDBC value [1] - [null]
10:24:17.987 [main] DEBUG org.hibernate.orm.results - Extracted JDBC value [2] - [false]
10:24:17.987 [main] DEBUG org.hibernate.orm.results - Extracted JDBC value [3] - [Second test component description]
10:24:17.987 [main] DEBUG org.hibernate.orm.results - Extracted JDBC value [4] - [2025-05-02]
10:24:17.987 [main] DEBUG org.hibernate.orm.results - Extracted JDBC value [5] - [Test Component 2]
10:24:17.987 [main] DEBUG org.hibernate.orm.results - Extracted JDBC value [6] - [TC-002]
10:24:17.987 [main] DEBUG org.hibernate.orm.results.loading.entity - (EntityResultInitializer) Done materializing entityInstance : org.frcpm.models.Component(959674271887700)#58
10:24:17.987 [main] DEBUG org.hibernate.orm.results.loading - Calling top-level assembler (0 / 1) : org.hibernate.sql.results.graph.entity.internal.EntityAssembler@204dcf37
10:24:17.987 [main] DEBUG org.hibernate.orm.results - Extracted JDBC value [0] - [59]
10:24:17.987 [main] DEBUG org.hibernate.orm.results.loading.entity - (EntityResultInitializer) Hydrated EntityKey (org.frcpm.models.Component(959674271887700)): 59
10:24:17.987 [main] DEBUG org.hibernate.orm.results.loading.org.hibernate.orm.results.loading.collection - (DelayedCollectionInitializer) Current row collection key : org.frcpm.models.Component(959674271887700).requiredForTasks#59
10:24:17.987 [main] DEBUG org.hibernate.orm.results.loading.entity - (EntityResultInitializer) Created new entity instance [org.frcpm.models.Component(959674271887700)#59] : 1865361758
10:24:17.987 [main] DEBUG org.hibernate.orm.results - Extracted JDBC value [1] - [2025-05-04]
10:24:17.987 [main] DEBUG org.hibernate.orm.results - Extracted JDBC value [2] - [true]
10:24:17.987 [main] DEBUG org.hibernate.orm.results - Extracted JDBC value [3] - [Third test component description]
10:24:17.987 [main] DEBUG org.hibernate.orm.results - Extracted JDBC value [4] - [2025-05-05]
10:24:17.987 [main] DEBUG org.hibernate.orm.results - Extracted JDBC value [5] - [Test Component 3]
10:24:17.987 [main] DEBUG org.hibernate.orm.results - Extracted JDBC value [6] - [TC-003]
10:24:17.987 [main] DEBUG org.hibernate.orm.results.loading.entity - (EntityResultInitializer) Done materializing entityInstance : org.frcpm.models.Component(959674271887700)#59
10:24:17.987 [main] DEBUG org.hibernate.orm.results.loading - Calling top-level assembler (0 / 1) : org.hibernate.sql.results.graph.entity.internal.EntityAssembler@204dcf37
10:24:17.987 [main] DEBUG org.hibernate.orm.results - Extracted JDBC value [0] - [60]
10:24:17.987 [main] DEBUG org.hibernate.orm.results.loading.entity - (EntityResultInitializer) Hydrated EntityKey (org.frcpm.models.Component(959674271887700)): 60
10:24:17.987 [main] DEBUG org.hibernate.orm.results.loading.org.hibernate.orm.results.loading.collection - (DelayedCollectionInitializer) Current row collection key : org.frcpm.models.Component(959674271887700).requiredForTasks#60
10:24:17.987 [main] DEBUG org.hibernate.orm.results.loading.entity - (EntityResultInitializer) Created new entity instance [org.frcpm.models.Component(959674271887700)#60] : 1039042642
10:24:17.987 [main] DEBUG org.hibernate.orm.results - Extracted JDBC value [1] - [null]
10:24:17.987 [main] DEBUG org.hibernate.orm.results - Extracted JDBC value [2] - [false]
10:24:17.987 [main] DEBUG org.hibernate.orm.results - Extracted JDBC value [3] - [First test component description]
10:24:17.987 [main] DEBUG org.hibernate.orm.results - Extracted JDBC value [4] - [2025-04-30]
10:24:17.987 [main] DEBUG org.hibernate.orm.results - Extracted JDBC value [5] - [Test Component 1]
10:24:17.987 [main] DEBUG org.hibernate.orm.results - Extracted JDBC value [6] - [TC-001]
10:24:17.987 [main] DEBUG org.hibernate.orm.results.loading.entity - (EntityResultInitializer) Done materializing entityInstance : org.frcpm.models.Component(959674271887700)#60
10:24:17.987 [main] DEBUG org.hibernate.orm.results.loading - Calling top-level assembler (0 / 1) : org.hibernate.sql.results.graph.entity.internal.EntityAssembler@204dcf37
10:24:17.987 [main] DEBUG org.hibernate.orm.results - Extracted JDBC value [0] - [61]
10:24:17.987 [main] DEBUG org.hibernate.orm.results.loading.entity - (EntityResultInitializer) Hydrated EntityKey (org.frcpm.models.Component(959674271887700)): 61
10:24:17.987 [main] DEBUG org.hibernate.orm.results.loading.org.hibernate.orm.results.loading.collection - (DelayedCollectionInitializer) Current row collection key : org.frcpm.models.Component(959674271887700).requiredForTasks#61
10:24:17.988 [main] DEBUG org.hibernate.orm.results.loading.entity - (EntityResultInitializer) Created new entity instance [org.frcpm.models.Component(959674271887700)#61] : 639192105
10:24:17.988 [main] DEBUG org.hibernate.orm.results - Extracted JDBC value [1] - [null]
10:24:17.988 [main] DEBUG org.hibernate.orm.results - Extracted JDBC value [2] - [false]
10:24:17.988 [main] DEBUG org.hibernate.orm.results - Extracted JDBC value [3] - [Second test component description]
10:24:17.988 [main] DEBUG org.hibernate.orm.results - Extracted JDBC value [4] - [2025-05-02]
10:24:17.988 [main] DEBUG org.hibernate.orm.results - Extracted JDBC value [5] - [Test Component 2]
10:24:17.988 [main] DEBUG org.hibernate.orm.results - Extracted JDBC value [6] - [TC-002]
10:24:17.988 [main] DEBUG org.hibernate.orm.results.loading.entity - (EntityResultInitializer) Done materializing entityInstance : org.frcpm.models.Component(959674271887700)#61
10:24:17.988 [main] DEBUG org.hibernate.orm.results.loading - Calling top-level assembler (0 / 1) : org.hibernate.sql.results.graph.entity.internal.EntityAssembler@204dcf37
10:24:17.988 [main] DEBUG org.hibernate.orm.results - Extracted JDBC value [0] - [62]
10:24:17.988 [main] DEBUG org.hibernate.orm.results.loading.entity - (EntityResultInitializer) Hydrated EntityKey (org.frcpm.models.Component(959674271887700)): 62
10:24:17.988 [main] DEBUG org.hibernate.orm.results.loading.org.hibernate.orm.results.loading.collection - (DelayedCollectionInitializer) Current row collection key : org.frcpm.models.Component(959674271887700).requiredForTasks#62
10:24:17.988 [main] DEBUG org.hibernate.orm.results.loading.entity - (EntityResultInitializer) Created new entity instance [org.frcpm.models.Component(959674271887700)#62] : 2003218241
10:24:17.988 [main] DEBUG org.hibernate.orm.results - Extracted JDBC value [1] - [2025-05-04]
10:24:17.988 [main] DEBUG org.hibernate.orm.results - Extracted JDBC value [2] - [true]
10:24:17.988 [main] DEBUG org.hibernate.orm.results - Extracted JDBC value [3] - [Third test component description]
10:24:17.988 [main] DEBUG org.hibernate.orm.results - Extracted JDBC value [4] - [2025-05-05]
10:24:17.988 [main] DEBUG org.hibernate.orm.results - Extracted JDBC value [5] - [Test Component 3]
10:24:17.988 [main] DEBUG org.hibernate.orm.results - Extracted JDBC value [6] - [TC-003]
10:24:17.988 [main] DEBUG org.hibernate.orm.results.loading.entity - (EntityResultInitializer) Done materializing entityInstance : org.frcpm.models.Component(959674271887700)#62
10:24:17.988 [main] DEBUG org.hibernate.orm.results.loading - Calling top-level assembler (0 / 1) : org.hibernate.sql.results.graph.entity.internal.EntityAssembler@204dcf37
10:24:17.988 [main] DEBUG org.hibernate.orm.results - Extracted JDBC value [0] - [63]
10:24:17.988 [main] DEBUG org.hibernate.orm.results.loading.entity - (EntityResultInitializer) Hydrated EntityKey (org.frcpm.models.Component(959674271887700)): 63
10:24:17.988 [main] DEBUG org.hibernate.orm.results.loading.org.hibernate.orm.results.loading.collection - (DelayedCollectionInitializer) Current row collection key : org.frcpm.models.Component(959674271887700).requiredForTasks#63
10:24:17.988 [main] DEBUG org.hibernate.orm.results.loading.entity - (EntityResultInitializer) Created new entity instance [org.frcpm.models.Component(959674271887700)#63] : 2093641414
10:24:17.988 [main] DEBUG org.hibernate.orm.results - Extracted JDBC value [1] - [null]
10:24:17.988 [main] DEBUG org.hibernate.orm.results - Extracted JDBC value [2] - [false]
10:24:17.988 [main] DEBUG org.hibernate.orm.results - Extracted JDBC value [3] - [null]
10:24:17.988 [main] DEBUG org.hibernate.orm.results - Extracted JDBC value [4] - [null]
10:24:17.988 [main] DEBUG org.hibernate.orm.results - Extracted JDBC value [5] - [Test Count Component]
10:24:17.988 [main] DEBUG org.hibernate.orm.results - Extracted JDBC value [6] - [TCC-001]
10:24:17.988 [main] DEBUG org.hibernate.orm.results.loading.entity - (EntityResultInitializer) Done materializing entityInstance : org.frcpm.models.Component(959674271887700)#63
10:24:17.988 [main] DEBUG org.hibernate.orm.results.loading - Calling top-level assembler (0 / 1) : org.hibernate.sql.results.graph.entity.internal.EntityAssembler@204dcf37
10:24:17.988 [main] DEBUG org.hibernate.resource.jdbc.internal.LogicalConnectionManagedImpl - Initiating JDBC connection release from afterTransaction
10:24:17.988 [main] DEBUG org.hibernate.resource.jdbc.internal.LogicalConnectionManagedImpl - Initiating JDBC connection release from afterTransaction
10:24:17.988 [main] DEBUG org.hibernate.engine.transaction.internal.TransactionImpl - On TransactionImpl creation, JpaCompliance#isJpaTransactionComplianceEnabled == false
10:24:17.988 [main] DEBUG org.hibernate.engine.transaction.internal.TransactionImpl - begin
10:24:17.989 [main] DEBUG org.hibernate.orm.sql.exec - Skipping reading Query result cache data: cache-enabled = false, cache-mode = IGNORE
10:24:17.989 [main] DEBUG org.hibernate.orm.results - Initializer list:
	  org.frcpm.models.Component -> EntityResultInitializer(org.frcpm.models.Component)@416772215 (SingleTableEntityPersister(org.frcpm.models.Component))
	  org.frcpm.models.Component.requiredForTasks -> DelayedCollectionInitializer(org.frcpm.models.Component.requiredForTasks)@2020518413 (PluralAttribute(org.frcpm.models.Component.requiredForTasks))

10:24:17.989 [main] DEBUG org.hibernate.SQL - select c1_0.id,c1_0.actual_delivery,c1_0.is_delivered,c1_0.description,c1_0.expected_delivery,c1_0.name,c1_0.part_number from components c1_0 where c1_0.id=?
10:24:17.989 [main] DEBUG org.hibernate.orm.results.loading.entity - (EntityResultInitializer) Hydrated EntityKey (org.frcpm.models.Component): 55
10:24:17.989 [main] DEBUG org.hibernate.orm.results.loading.org.hibernate.orm.results.loading.collection - (DelayedCollectionInitializer) Current row collection key : org.frcpm.models.Component.requiredForTasks#55
10:24:17.989 [main] DEBUG org.hibernate.orm.results.loading.entity - (EntityResultInitializer) Created new entity instance [org.frcpm.models.Component#55] : 1620153908
10:24:17.989 [main] DEBUG org.hibernate.orm.results - Extracted JDBC value [1] - [null]
10:24:17.989 [main] DEBUG org.hibernate.orm.results - Extracted JDBC value [2] - [false]
10:24:17.989 [main] DEBUG org.hibernate.orm.results - Extracted JDBC value [3] - [Component 1 for association test]
10:24:17.989 [main] DEBUG org.hibernate.orm.results - Extracted JDBC value [4] - [2025-04-28]
10:24:17.989 [main] DEBUG org.hibernate.orm.results - Extracted JDBC value [5] - [Test Component Assoc 1]
10:24:17.989 [main] DEBUG org.hibernate.orm.results - Extracted JDBC value [6] - [TC-ASSOC1]
10:24:17.989 [main] DEBUG org.hibernate.orm.results.loading.entity - (EntityResultInitializer) Done materializing entityInstance : org.frcpm.models.Component#55
10:24:17.989 [main] DEBUG org.hibernate.orm.results.loading - Calling top-level assembler (0 / 1) : org.hibernate.sql.results.graph.entity.internal.EntityAssembler@50de2d42
10:24:17.990 [main] DEBUG org.hibernate.engine.transaction.internal.TransactionImpl - committing
10:24:17.990 [main] DEBUG org.hibernate.event.internal.AbstractFlushingEventListener - Processing flush-time cascades
10:24:17.990 [main] DEBUG org.hibernate.event.internal.AbstractFlushingEventListener - Dirty checking collections
10:24:17.990 [main] DEBUG org.hibernate.engine.internal.Collections - Collection dereferenced: [org.frcpm.models.Component.requiredForTasks#55]
10:24:17.990 [main] DEBUG org.hibernate.event.internal.AbstractFlushingEventListener - Flushed: 0 insertions, 0 updates, 1 deletions to 1 objects
10:24:17.990 [main] DEBUG org.hibernate.event.internal.AbstractFlushingEventListener - Flushed: 0 (re)creations, 0 updates, 1 removals to 1 collections
10:24:17.990 [main] DEBUG org.hibernate.internal.util.EntityPrinter - Listing entities:
10:24:17.990 [main] DEBUG org.hibernate.internal.util.EntityPrinter - org.frcpm.models.Component{expectedDelivery=2025-04-28, requiredForTasks=<uninitialized>, name=Test Component Assoc 1, actualDelivery=null, description=Component 1 for association test, delivered=false, partNumber=TC-ASSOC1, id=55}
10:24:17.990 [main] DEBUG org.hibernate.SQL - delete from components where id=?
10:24:17.991 [main] INFO org.hibernate.orm.jdbc.batch - HHH100503: On release of batch it still contained JDBC statements
10:24:17.991 [main] ERROR org.hibernate.orm.jdbc.batch - HHH100501: Exception executing batch [org.h2.jdbc.JdbcBatchUpdateException: Referential integrity constraint violation: "FK5IRPAISPCX79XWY6N1QOMAXNV: PUBLIC.TASK_COMPONENTS FOREIGN KEY(COMPONENT_ID) REFERENCES PUBLIC.COMPONENTS(ID) (CAST(55 AS BIGINT))"; SQL statement:
delete from components where id=? [23503-224]], SQL: delete from components where id=?
10:24:17.991 [main] DEBUG org.hibernate.engine.jdbc.spi.SqlExceptionHelper - could not execute batch [delete from components where id=?]
org.h2.jdbc.JdbcBatchUpdateException: Referential integrity constraint violation: "FK5IRPAISPCX79XWY6N1QOMAXNV: PUBLIC.TASK_COMPONENTS FOREIGN KEY(COMPONENT_ID) REFERENCES PUBLIC.COMPONENTS(ID) (CAST(55 AS BIGINT))"; SQL statement:
delete from components where id=? [23503-224]
	at org.h2.jdbc.JdbcPreparedStatement.executeBatch(JdbcPreparedStatement.java:1282)
	at com.zaxxer.hikari.pool.ProxyStatement.executeBatch(ProxyStatement.java:127)
	at com.zaxxer.hikari.pool.HikariProxyPreparedStatement.executeBatch(HikariProxyPreparedStatement.java)
	at org.hibernate.engine.jdbc.batch.internal.BatchImpl.lambda$performExecution$2(BatchImpl.java:279)
	at org.hibernate.engine.jdbc.mutation.internal.PreparedStatementGroupSingleTable.forEachStatement(PreparedStatementGroupSingleTable.java:67)
	at org.hibernate.engine.jdbc.batch.internal.BatchImpl.performExecution(BatchImpl.java:264)
	at org.hibernate.engine.jdbc.batch.internal.BatchImpl.execute(BatchImpl.java:242)
	at org.hibernate.engine.jdbc.internal.JdbcCoordinatorImpl.executeBatch(JdbcCoordinatorImpl.java:188)
	at org.hibernate.engine.spi.ActionQueue.executeActions(ActionQueue.java:662)
	at org.hibernate.engine.spi.ActionQueue.executeActions(ActionQueue.java:499)
	at org.hibernate.event.internal.AbstractFlushingEventListener.performExecutions(AbstractFlushingEventListener.java:371)
	at org.hibernate.event.internal.DefaultFlushEventListener.onFlush(DefaultFlushEventListener.java:41)
	at org.hibernate.event.service.internal.EventListenerGroupImpl.fireEventOnEachListener(EventListenerGroupImpl.java:127)
	at org.hibernate.internal.SessionImpl.doFlush(SessionImpl.java:1425)
	at org.hibernate.internal.SessionImpl.managedFlush(SessionImpl.java:487)
	at org.hibernate.internal.SessionImpl.flushBeforeTransactionCompletion(SessionImpl.java:2324)
	at org.hibernate.internal.SessionImpl.beforeTransactionCompletion(SessionImpl.java:1981)
	at org.hibernate.engine.jdbc.internal.JdbcCoordinatorImpl.beforeTransactionCompletion(JdbcCoordinatorImpl.java:439)
	at org.hibernate.resource.transaction.backend.jdbc.internal.JdbcResourceLocalTransactionCoordinatorImpl.beforeCompletionCallback(JdbcResourceLocalTransactionCoordinatorImpl.java:169)
	at org.hibernate.resource.transaction.backend.jdbc.internal.JdbcResourceLocalTransactionCoordinatorImpl$TransactionDriverControlImpl.commit(JdbcResourceLocalTransactionCoordinatorImpl.java:267)
	at org.hibernate.engine.transaction.internal.TransactionImpl.commit(TransactionImpl.java:101)
	at org.frcpm.repositories.impl.JpaRepositoryImpl.delete(JpaRepositoryImpl.java:165)
	at org.frcpm.repositories.ComponentRepositoryTest.cleanupTestComponents(ComponentRepositoryTest.java:63)
	at org.frcpm.repositories.ComponentRepositoryTest.tearDown(ComponentRepositoryTest.java:35)
	at java.base/jdk.internal.reflect.DirectMethodHandleAccessor.invoke(DirectMethodHandleAccessor.java:103)
	at java.base/java.lang.reflect.Method.invoke(Method.java:580)
	at org.junit.platform.commons.util.ReflectionUtils.invokeMethod(ReflectionUtils.java:728)
	at org.junit.jupiter.engine.execution.MethodInvocation.proceed(MethodInvocation.java:60)
	at org.junit.jupiter.engine.execution.InvocationInterceptorChain$ValidatingInvocation.proceed(InvocationInterceptorChain.java:131)
	at org.junit.jupiter.engine.extension.TimeoutExtension.intercept(TimeoutExtension.java:156)
	at org.junit.jupiter.engine.extension.TimeoutExtension.interceptLifecycleMethod(TimeoutExtension.java:128)
	at org.junit.jupiter.engine.extension.TimeoutExtension.interceptAfterEachMethod(TimeoutExtension.java:110)
	at org.junit.jupiter.engine.execution.InterceptingExecutableInvoker$ReflectiveInterceptorCall.lambda$ofVoidMethod$0(InterceptingExecutableInvoker.java:103)
	at org.junit.jupiter.engine.execution.InterceptingExecutableInvoker.lambda$invoke$0(InterceptingExecutableInvoker.java:93)
	at org.junit.jupiter.engine.execution.InvocationInterceptorChain$InterceptedInvocation.proceed(InvocationInterceptorChain.java:106)
	at org.junit.jupiter.engine.execution.InvocationInterceptorChain.proceed(InvocationInterceptorChain.java:64)
	at org.junit.jupiter.engine.execution.InvocationInterceptorChain.chainAndInvoke(InvocationInterceptorChain.java:45)
	at org.junit.jupiter.engine.execution.InvocationInterceptorChain.invoke(InvocationInterceptorChain.java:37)
	at org.junit.jupiter.engine.execution.InterceptingExecutableInvoker.invoke(InterceptingExecutableInvoker.java:92)
	at org.junit.jupiter.engine.execution.InterceptingExecutableInvoker.invoke(InterceptingExecutableInvoker.java:86)
	at org.junit.jupiter.engine.descriptor.ClassBasedTestDescriptor.invokeMethodInExtensionContext(ClassBasedTestDescriptor.java:521)
	at org.junit.jupiter.engine.descriptor.ClassBasedTestDescriptor.lambda$synthesizeAfterEachMethodAdapter$24(ClassBasedTestDescriptor.java:511)
	at org.junit.jupiter.engine.descriptor.TestMethodTestDescriptor.lambda$invokeAfterEachMethods$10(TestMethodTestDescriptor.java:244)
	at org.junit.jupiter.engine.descriptor.TestMethodTestDescriptor.lambda$invokeAllAfterMethodsOrCallbacks$13(TestMethodTestDescriptor.java:277)
	at org.junit.platform.engine.support.hierarchical.ThrowableCollector.execute(ThrowableCollector.java:73)
	at org.junit.jupiter.engine.descriptor.TestMethodTestDescriptor.lambda$invokeAllAfterMethodsOrCallbacks$14(TestMethodTestDescriptor.java:277)
	at org.junit.platform.commons.util.CollectionUtils.forEachInReverseOrder(CollectionUtils.java:217)
	at org.junit.jupiter.engine.descriptor.TestMethodTestDescriptor.invokeAllAfterMethodsOrCallbacks(TestMethodTestDescriptor.java:276)
	at org.junit.jupiter.engine.descriptor.TestMethodTestDescriptor.invokeAfterEachMethods(TestMethodTestDescriptor.java:242)
	at org.junit.jupiter.engine.descriptor.TestMethodTestDescriptor.execute(TestMethodTestDescriptor.java:143)
	at org.junit.jupiter.engine.descriptor.TestMethodTestDescriptor.execute(TestMethodTestDescriptor.java:69)
	at org.junit.platform.engine.support.hierarchical.NodeTestTask.lambda$executeRecursively$6(NodeTestTask.java:151)
	at org.junit.platform.engine.support.hierarchical.ThrowableCollector.execute(ThrowableCollector.java:73)
	at org.junit.platform.engine.support.hierarchical.NodeTestTask.lambda$executeRecursively$8(NodeTestTask.java:141)
	at org.junit.platform.engine.support.hierarchical.Node.around(Node.java:137)
	at org.junit.platform.engine.support.hierarchical.NodeTestTask.lambda$executeRecursively$9(NodeTestTask.java:139)
	at org.junit.platform.engine.support.hierarchical.ThrowableCollector.execute(ThrowableCollector.java:73)
	at org.junit.platform.engine.support.hierarchical.NodeTestTask.executeRecursively(NodeTestTask.java:138)
	at org.junit.platform.engine.support.hierarchical.NodeTestTask.execute(NodeTestTask.java:95)
	at java.base/java.util.ArrayList.forEach(ArrayList.java:1596)
	at org.junit.platform.engine.support.hierarchical.SameThreadHierarchicalTestExecutorService.invokeAll(SameThreadHierarchicalTestExecutorService.java:41)
	at org.junit.platform.engine.support.hierarchical.NodeTestTask.lambda$executeRecursively$6(NodeTestTask.java:155)
	at org.junit.platform.engine.support.hierarchical.ThrowableCollector.execute(ThrowableCollector.java:73)
	at org.junit.platform.engine.support.hierarchical.NodeTestTask.lambda$executeRecursively$8(NodeTestTask.java:141)
	at org.junit.platform.engine.support.hierarchical.Node.around(Node.java:137)
	at org.junit.platform.engine.support.hierarchical.NodeTestTask.lambda$executeRecursively$9(NodeTestTask.java:139)
	at org.junit.platform.engine.support.hierarchical.ThrowableCollector.execute(ThrowableCollector.java:73)
	at org.junit.platform.engine.support.hierarchical.NodeTestTask.executeRecursively(NodeTestTask.java:138)
	at org.junit.platform.engine.support.hierarchical.NodeTestTask.execute(NodeTestTask.java:95)
	at java.base/java.util.ArrayList.forEach(ArrayList.java:1596)
	at org.junit.platform.engine.support.hierarchical.SameThreadHierarchicalTestExecutorService.invokeAll(SameThreadHierarchicalTestExecutorService.java:41)
	at org.junit.platform.engine.support.hierarchical.NodeTestTask.lambda$executeRecursively$6(NodeTestTask.java:155)
	at org.junit.platform.engine.support.hierarchical.ThrowableCollector.execute(ThrowableCollector.java:73)
	at org.junit.platform.engine.support.hierarchical.NodeTestTask.lambda$executeRecursively$8(NodeTestTask.java:141)
	at org.junit.platform.engine.support.hierarchical.Node.around(Node.java:137)
	at org.junit.platform.engine.support.hierarchical.NodeTestTask.lambda$executeRecursively$9(NodeTestTask.java:139)
	at org.junit.platform.engine.support.hierarchical.ThrowableCollector.execute(ThrowableCollector.java:73)
	at org.junit.platform.engine.support.hierarchical.NodeTestTask.executeRecursively(NodeTestTask.java:138)
	at org.junit.platform.engine.support.hierarchical.NodeTestTask.execute(NodeTestTask.java:95)
	at org.junit.platform.engine.support.hierarchical.SameThreadHierarchicalTestExecutorService.submit(SameThreadHierarchicalTestExecutorService.java:35)
	at org.junit.platform.engine.support.hierarchical.HierarchicalTestExecutor.execute(HierarchicalTestExecutor.java:57)
	at org.junit.platform.engine.support.hierarchical.HierarchicalTestEngine.execute(HierarchicalTestEngine.java:54)
	at org.junit.platform.launcher.core.EngineExecutionOrchestrator.execute(EngineExecutionOrchestrator.java:198)
	at org.junit.platform.launcher.core.EngineExecutionOrchestrator.execute(EngineExecutionOrchestrator.java:169)
	at org.junit.platform.launcher.core.EngineExecutionOrchestrator.execute(EngineExecutionOrchestrator.java:93)
	at org.junit.platform.launcher.core.EngineExecutionOrchestrator.lambda$execute$0(EngineExecutionOrchestrator.java:58)
	at org.junit.platform.launcher.core.EngineExecutionOrchestrator.withInterceptedStreams(EngineExecutionOrchestrator.java:141)
	at org.junit.platform.launcher.core.EngineExecutionOrchestrator.execute(EngineExecutionOrchestrator.java:57)
	at org.junit.platform.launcher.core.DefaultLauncher.execute(DefaultLauncher.java:103)
	at org.junit.platform.launcher.core.DefaultLauncher.execute(DefaultLauncher.java:85)
	at org.junit.platform.launcher.core.DelegatingLauncher.execute(DelegatingLauncher.java:47)
	at org.apache.maven.surefire.junitplatform.LazyLauncher.execute(LazyLauncher.java:56)
	at org.apache.maven.surefire.junitplatform.JUnitPlatformProvider.execute(JUnitPlatformProvider.java:184)
	at org.apache.maven.surefire.junitplatform.JUnitPlatformProvider.invokeAllTests(JUnitPlatformProvider.java:148)
	at org.apache.maven.surefire.junitplatform.JUnitPlatformProvider.invoke(JUnitPlatformProvider.java:122)
	at org.apache.maven.surefire.booter.ForkedBooter.runSuitesInProcess(ForkedBooter.java:385)
	at org.apache.maven.surefire.booter.ForkedBooter.execute(ForkedBooter.java:162)
	at org.apache.maven.surefire.booter.ForkedBooter.run(ForkedBooter.java:507)
	at org.apache.maven.surefire.booter.ForkedBooter.main(ForkedBooter.java:495)
10:24:17.991 [main] WARN org.hibernate.engine.jdbc.spi.SqlExceptionHelper - SQL Error: 23503, SQLState: 23503
10:24:17.991 [main] ERROR org.hibernate.engine.jdbc.spi.SqlExceptionHelper - Referential integrity constraint violation: "FK5IRPAISPCX79XWY6N1QOMAXNV: PUBLIC.TASK_COMPONENTS FOREIGN KEY(COMPONENT_ID) REFERENCES PUBLIC.COMPONENTS(ID) (CAST(55 AS BIGINT))"; SQL statement:
delete from components where id=? [23503-224]
10:24:17.991 [main] DEBUG org.hibernate.orm.jdbc.batch - PreparedStatementDetails did not contain PreparedStatement on #releaseStatements : delete from components where id=?
10:24:17.992 [main] DEBUG org.hibernate.orm.jdbc.batch - PreparedStatementDetails did not contain PreparedStatement on #releaseStatements : delete from components where id=?
10:24:17.992 [main] DEBUG org.hibernate.resource.transaction.backend.jdbc.internal.JdbcResourceLocalTransactionCoordinatorImpl - JDBC transaction marked for rollback-only (exception provided for stack trace)
java.lang.Exception: exception just for purpose of providing stack trace
	at org.hibernate.resource.transaction.backend.jdbc.internal.JdbcResourceLocalTransactionCoordinatorImpl$TransactionDriverControlImpl.markRollbackOnly(JdbcResourceLocalTransactionCoordinatorImpl.java:309)
	at org.hibernate.engine.transaction.internal.TransactionImpl.markRollbackOnly(TransactionImpl.java:203)
	at org.hibernate.internal.AbstractSharedSessionContract.markForRollbackOnly(AbstractSharedSessionContract.java:512)
	at org.hibernate.internal.ExceptionConverterImpl.rollbackIfNecessary(ExceptionConverterImpl.java:264)
	at org.hibernate.internal.ExceptionConverterImpl.convert(ExceptionConverterImpl.java:160)
	at org.hibernate.internal.ExceptionConverterImpl.convert(ExceptionConverterImpl.java:167)
	at org.hibernate.internal.ExceptionConverterImpl.convert(ExceptionConverterImpl.java:173)
	at org.hibernate.internal.SessionImpl.doFlush(SessionImpl.java:1429)
	at org.hibernate.internal.SessionImpl.managedFlush(SessionImpl.java:487)
	at org.hibernate.internal.SessionImpl.flushBeforeTransactionCompletion(SessionImpl.java:2324)
	at org.hibernate.internal.SessionImpl.beforeTransactionCompletion(SessionImpl.java:1981)
	at org.hibernate.engine.jdbc.internal.JdbcCoordinatorImpl.beforeTransactionCompletion(JdbcCoordinatorImpl.java:439)
	at org.hibernate.resource.transaction.backend.jdbc.internal.JdbcResourceLocalTransactionCoordinatorImpl.beforeCompletionCallback(JdbcResourceLocalTransactionCoordinatorImpl.java:169)
	at org.hibernate.resource.transaction.backend.jdbc.internal.JdbcResourceLocalTransactionCoordinatorImpl$TransactionDriverControlImpl.commit(JdbcResourceLocalTransactionCoordinatorImpl.java:267)
	at org.hibernate.engine.transaction.internal.TransactionImpl.commit(TransactionImpl.java:101)
	at org.frcpm.repositories.impl.JpaRepositoryImpl.delete(JpaRepositoryImpl.java:165)
	at org.frcpm.repositories.ComponentRepositoryTest.cleanupTestComponents(ComponentRepositoryTest.java:63)
	at org.frcpm.repositories.ComponentRepositoryTest.tearDown(ComponentRepositoryTest.java:35)
	at java.base/jdk.internal.reflect.DirectMethodHandleAccessor.invoke(DirectMethodHandleAccessor.java:103)
	at java.base/java.lang.reflect.Method.invoke(Method.java:580)
	at org.junit.platform.commons.util.ReflectionUtils.invokeMethod(ReflectionUtils.java:728)
	at org.junit.jupiter.engine.execution.MethodInvocation.proceed(MethodInvocation.java:60)
	at org.junit.jupiter.engine.execution.InvocationInterceptorChain$ValidatingInvocation.proceed(InvocationInterceptorChain.java:131)
	at org.junit.jupiter.engine.extension.TimeoutExtension.intercept(TimeoutExtension.java:156)
	at org.junit.jupiter.engine.extension.TimeoutExtension.interceptLifecycleMethod(TimeoutExtension.java:128)
	at org.junit.jupiter.engine.extension.TimeoutExtension.interceptAfterEachMethod(TimeoutExtension.java:110)
	at org.junit.jupiter.engine.execution.InterceptingExecutableInvoker$ReflectiveInterceptorCall.lambda$ofVoidMethod$0(InterceptingExecutableInvoker.java:103)
	at org.junit.jupiter.engine.execution.InterceptingExecutableInvoker.lambda$invoke$0(InterceptingExecutableInvoker.java:93)
	at org.junit.jupiter.engine.execution.InvocationInterceptorChain$InterceptedInvocation.proceed(InvocationInterceptorChain.java:106)
	at org.junit.jupiter.engine.execution.InvocationInterceptorChain.proceed(InvocationInterceptorChain.java:64)
	at org.junit.jupiter.engine.execution.InvocationInterceptorChain.chainAndInvoke(InvocationInterceptorChain.java:45)
	at org.junit.jupiter.engine.execution.InvocationInterceptorChain.invoke(InvocationInterceptorChain.java:37)
	at org.junit.jupiter.engine.execution.InterceptingExecutableInvoker.invoke(InterceptingExecutableInvoker.java:92)
	at org.junit.jupiter.engine.execution.InterceptingExecutableInvoker.invoke(InterceptingExecutableInvoker.java:86)
	at org.junit.jupiter.engine.descriptor.ClassBasedTestDescriptor.invokeMethodInExtensionContext(ClassBasedTestDescriptor.java:521)
	at org.junit.jupiter.engine.descriptor.ClassBasedTestDescriptor.lambda$synthesizeAfterEachMethodAdapter$24(ClassBasedTestDescriptor.java:511)
	at org.junit.jupiter.engine.descriptor.TestMethodTestDescriptor.lambda$invokeAfterEachMethods$10(TestMethodTestDescriptor.java:244)
	at org.junit.jupiter.engine.descriptor.TestMethodTestDescriptor.lambda$invokeAllAfterMethodsOrCallbacks$13(TestMethodTestDescriptor.java:277)
	at org.junit.platform.engine.support.hierarchical.ThrowableCollector.execute(ThrowableCollector.java:73)
	at org.junit.jupiter.engine.descriptor.TestMethodTestDescriptor.lambda$invokeAllAfterMethodsOrCallbacks$14(TestMethodTestDescriptor.java:277)
	at org.junit.platform.commons.util.CollectionUtils.forEachInReverseOrder(CollectionUtils.java:217)
	at org.junit.jupiter.engine.descriptor.TestMethodTestDescriptor.invokeAllAfterMethodsOrCallbacks(TestMethodTestDescriptor.java:276)
	at org.junit.jupiter.engine.descriptor.TestMethodTestDescriptor.invokeAfterEachMethods(TestMethodTestDescriptor.java:242)
	at org.junit.jupiter.engine.descriptor.TestMethodTestDescriptor.execute(TestMethodTestDescriptor.java:143)
	at org.junit.jupiter.engine.descriptor.TestMethodTestDescriptor.execute(TestMethodTestDescriptor.java:69)
	at org.junit.platform.engine.support.hierarchical.NodeTestTask.lambda$executeRecursively$6(NodeTestTask.java:151)
	at org.junit.platform.engine.support.hierarchical.ThrowableCollector.execute(ThrowableCollector.java:73)
	at org.junit.platform.engine.support.hierarchical.NodeTestTask.lambda$executeRecursively$8(NodeTestTask.java:141)
	at org.junit.platform.engine.support.hierarchical.Node.around(Node.java:137)
	at org.junit.platform.engine.support.hierarchical.NodeTestTask.lambda$executeRecursively$9(NodeTestTask.java:139)
	at org.junit.platform.engine.support.hierarchical.ThrowableCollector.execute(ThrowableCollector.java:73)
	at org.junit.platform.engine.support.hierarchical.NodeTestTask.executeRecursively(NodeTestTask.java:138)
	at org.junit.platform.engine.support.hierarchical.NodeTestTask.execute(NodeTestTask.java:95)
	at java.base/java.util.ArrayList.forEach(ArrayList.java:1596)
	at org.junit.platform.engine.support.hierarchical.SameThreadHierarchicalTestExecutorService.invokeAll(SameThreadHierarchicalTestExecutorService.java:41)
	at org.junit.platform.engine.support.hierarchical.NodeTestTask.lambda$executeRecursively$6(NodeTestTask.java:155)
	at org.junit.platform.engine.support.hierarchical.ThrowableCollector.execute(ThrowableCollector.java:73)
	at org.junit.platform.engine.support.hierarchical.NodeTestTask.lambda$executeRecursively$8(NodeTestTask.java:141)
	at org.junit.platform.engine.support.hierarchical.Node.around(Node.java:137)
	at org.junit.platform.engine.support.hierarchical.NodeTestTask.lambda$executeRecursively$9(NodeTestTask.java:139)
	at org.junit.platform.engine.support.hierarchical.ThrowableCollector.execute(ThrowableCollector.java:73)
	at org.junit.platform.engine.support.hierarchical.NodeTestTask.executeRecursively(NodeTestTask.java:138)
	at org.junit.platform.engine.support.hierarchical.NodeTestTask.execute(NodeTestTask.java:95)
	at java.base/java.util.ArrayList.forEach(ArrayList.java:1596)
	at org.junit.platform.engine.support.hierarchical.SameThreadHierarchicalTestExecutorService.invokeAll(SameThreadHierarchicalTestExecutorService.java:41)
	at org.junit.platform.engine.support.hierarchical.NodeTestTask.lambda$executeRecursively$6(NodeTestTask.java:155)
	at org.junit.platform.engine.support.hierarchical.ThrowableCollector.execute(ThrowableCollector.java:73)
	at org.junit.platform.engine.support.hierarchical.NodeTestTask.lambda$executeRecursively$8(NodeTestTask.java:141)
	at org.junit.platform.engine.support.hierarchical.Node.around(Node.java:137)
	at org.junit.platform.engine.support.hierarchical.NodeTestTask.lambda$executeRecursively$9(NodeTestTask.java:139)
	at org.junit.platform.engine.support.hierarchical.ThrowableCollector.execute(ThrowableCollector.java:73)
	at org.junit.platform.engine.support.hierarchical.NodeTestTask.executeRecursively(NodeTestTask.java:138)
	at org.junit.platform.engine.support.hierarchical.NodeTestTask.execute(NodeTestTask.java:95)
	at org.junit.platform.engine.support.hierarchical.SameThreadHierarchicalTestExecutorService.submit(SameThreadHierarchicalTestExecutorService.java:35)
	at org.junit.platform.engine.support.hierarchical.HierarchicalTestExecutor.execute(HierarchicalTestExecutor.java:57)
	at org.junit.platform.engine.support.hierarchical.HierarchicalTestEngine.execute(HierarchicalTestEngine.java:54)
	at org.junit.platform.launcher.core.EngineExecutionOrchestrator.execute(EngineExecutionOrchestrator.java:198)
	at org.junit.platform.launcher.core.EngineExecutionOrchestrator.execute(EngineExecutionOrchestrator.java:169)
	at org.junit.platform.launcher.core.EngineExecutionOrchestrator.execute(EngineExecutionOrchestrator.java:93)
	at org.junit.platform.launcher.core.EngineExecutionOrchestrator.lambda$execute$0(EngineExecutionOrchestrator.java:58)
	at org.junit.platform.launcher.core.EngineExecutionOrchestrator.withInterceptedStreams(EngineExecutionOrchestrator.java:141)
	at org.junit.platform.launcher.core.EngineExecutionOrchestrator.execute(EngineExecutionOrchestrator.java:57)
	at org.junit.platform.launcher.core.DefaultLauncher.execute(DefaultLauncher.java:103)
	at org.junit.platform.launcher.core.DefaultLauncher.execute(DefaultLauncher.java:85)
	at org.junit.platform.launcher.core.DelegatingLauncher.execute(DelegatingLauncher.java:47)
	at org.apache.maven.surefire.junitplatform.LazyLauncher.execute(LazyLauncher.java:56)
	at org.apache.maven.surefire.junitplatform.JUnitPlatformProvider.execute(JUnitPlatformProvider.java:184)
	at org.apache.maven.surefire.junitplatform.JUnitPlatformProvider.invokeAllTests(JUnitPlatformProvider.java:148)
	at org.apache.maven.surefire.junitplatform.JUnitPlatformProvider.invoke(JUnitPlatformProvider.java:122)
	at org.apache.maven.surefire.booter.ForkedBooter.runSuitesInProcess(ForkedBooter.java:385)
	at org.apache.maven.surefire.booter.ForkedBooter.execute(ForkedBooter.java:162)
	at org.apache.maven.surefire.booter.ForkedBooter.run(ForkedBooter.java:507)
	at org.apache.maven.surefire.booter.ForkedBooter.main(ForkedBooter.java:495)
10:24:17.992 [main] DEBUG org.hibernate.resource.transaction.backend.jdbc.internal.JdbcResourceLocalTransactionCoordinatorImpl - JDBC transaction marked for rollback-only (exception provided for stack trace)
java.lang.Exception: exception just for purpose of providing stack trace
	at org.hibernate.resource.transaction.backend.jdbc.internal.JdbcResourceLocalTransactionCoordinatorImpl$TransactionDriverControlImpl.markRollbackOnly(JdbcResourceLocalTransactionCoordinatorImpl.java:309)
	at org.hibernate.resource.transaction.backend.jdbc.internal.JdbcResourceLocalTransactionCoordinatorImpl.beforeCompletionCallback(JdbcResourceLocalTransactionCoordinatorImpl.java:178)
	at org.hibernate.resource.transaction.backend.jdbc.internal.JdbcResourceLocalTransactionCoordinatorImpl$TransactionDriverControlImpl.commit(JdbcResourceLocalTransactionCoordinatorImpl.java:267)
	at org.hibernate.engine.transaction.internal.TransactionImpl.commit(TransactionImpl.java:101)
	at org.frcpm.repositories.impl.JpaRepositoryImpl.delete(JpaRepositoryImpl.java:165)
	at org.frcpm.repositories.ComponentRepositoryTest.cleanupTestComponents(ComponentRepositoryTest.java:63)
	at org.frcpm.repositories.ComponentRepositoryTest.tearDown(ComponentRepositoryTest.java:35)
	at java.base/jdk.internal.reflect.DirectMethodHandleAccessor.invoke(DirectMethodHandleAccessor.java:103)
	at java.base/java.lang.reflect.Method.invoke(Method.java:580)
	at org.junit.platform.commons.util.ReflectionUtils.invokeMethod(ReflectionUtils.java:728)
	at org.junit.jupiter.engine.execution.MethodInvocation.proceed(MethodInvocation.java:60)
	at org.junit.jupiter.engine.execution.InvocationInterceptorChain$ValidatingInvocation.proceed(InvocationInterceptorChain.java:131)
	at org.junit.jupiter.engine.extension.TimeoutExtension.intercept(TimeoutExtension.java:156)
	at org.junit.jupiter.engine.extension.TimeoutExtension.interceptLifecycleMethod(TimeoutExtension.java:128)
	at org.junit.jupiter.engine.extension.TimeoutExtension.interceptAfterEachMethod(TimeoutExtension.java:110)
	at org.junit.jupiter.engine.execution.InterceptingExecutableInvoker$ReflectiveInterceptorCall.lambda$ofVoidMethod$0(InterceptingExecutableInvoker.java:103)
	at org.junit.jupiter.engine.execution.InterceptingExecutableInvoker.lambda$invoke$0(InterceptingExecutableInvoker.java:93)
	at org.junit.jupiter.engine.execution.InvocationInterceptorChain$InterceptedInvocation.proceed(InvocationInterceptorChain.java:106)
	at org.junit.jupiter.engine.execution.InvocationInterceptorChain.proceed(InvocationInterceptorChain.java:64)
	at org.junit.jupiter.engine.execution.InvocationInterceptorChain.chainAndInvoke(InvocationInterceptorChain.java:45)
	at org.junit.jupiter.engine.execution.InvocationInterceptorChain.invoke(InvocationInterceptorChain.java:37)
	at org.junit.jupiter.engine.execution.InterceptingExecutableInvoker.invoke(InterceptingExecutableInvoker.java:92)
	at org.junit.jupiter.engine.execution.InterceptingExecutableInvoker.invoke(InterceptingExecutableInvoker.java:86)
	at org.junit.jupiter.engine.descriptor.ClassBasedTestDescriptor.invokeMethodInExtensionContext(ClassBasedTestDescriptor.java:521)
	at org.junit.jupiter.engine.descriptor.ClassBasedTestDescriptor.lambda$synthesizeAfterEachMethodAdapter$24(ClassBasedTestDescriptor.java:511)
	at org.junit.jupiter.engine.descriptor.TestMethodTestDescriptor.lambda$invokeAfterEachMethods$10(TestMethodTestDescriptor.java:244)
	at org.junit.jupiter.engine.descriptor.TestMethodTestDescriptor.lambda$invokeAllAfterMethodsOrCallbacks$13(TestMethodTestDescriptor.java:277)
	at org.junit.platform.engine.support.hierarchical.ThrowableCollector.execute(ThrowableCollector.java:73)
	at org.junit.jupiter.engine.descriptor.TestMethodTestDescriptor.lambda$invokeAllAfterMethodsOrCallbacks$14(TestMethodTestDescriptor.java:277)
	at org.junit.platform.commons.util.CollectionUtils.forEachInReverseOrder(CollectionUtils.java:217)
	at org.junit.jupiter.engine.descriptor.TestMethodTestDescriptor.invokeAllAfterMethodsOrCallbacks(TestMethodTestDescriptor.java:276)
	at org.junit.jupiter.engine.descriptor.TestMethodTestDescriptor.invokeAfterEachMethods(TestMethodTestDescriptor.java:242)
	at org.junit.jupiter.engine.descriptor.TestMethodTestDescriptor.execute(TestMethodTestDescriptor.java:143)
	at org.junit.jupiter.engine.descriptor.TestMethodTestDescriptor.execute(TestMethodTestDescriptor.java:69)
	at org.junit.platform.engine.support.hierarchical.NodeTestTask.lambda$executeRecursively$6(NodeTestTask.java:151)
	at org.junit.platform.engine.support.hierarchical.ThrowableCollector.execute(ThrowableCollector.java:73)
	at org.junit.platform.engine.support.hierarchical.NodeTestTask.lambda$executeRecursively$8(NodeTestTask.java:141)
	at org.junit.platform.engine.support.hierarchical.Node.around(Node.java:137)
	at org.junit.platform.engine.support.hierarchical.NodeTestTask.lambda$executeRecursively$9(NodeTestTask.java:139)
	at org.junit.platform.engine.support.hierarchical.ThrowableCollector.execute(ThrowableCollector.java:73)
	at org.junit.platform.engine.support.hierarchical.NodeTestTask.executeRecursively(NodeTestTask.java:138)
	at org.junit.platform.engine.support.hierarchical.NodeTestTask.execute(NodeTestTask.java:95)
	at java.base/java.util.ArrayList.forEach(ArrayList.java:1596)
	at org.junit.platform.engine.support.hierarchical.SameThreadHierarchicalTestExecutorService.invokeAll(SameThreadHierarchicalTestExecutorService.java:41)
	at org.junit.platform.engine.support.hierarchical.NodeTestTask.lambda$executeRecursively$6(NodeTestTask.java:155)
	at org.junit.platform.engine.support.hierarchical.ThrowableCollector.execute(ThrowableCollector.java:73)
	at org.junit.platform.engine.support.hierarchical.NodeTestTask.lambda$executeRecursively$8(NodeTestTask.java:141)
	at org.junit.platform.engine.support.hierarchical.Node.around(Node.java:137)
	at org.junit.platform.engine.support.hierarchical.NodeTestTask.lambda$executeRecursively$9(NodeTestTask.java:139)
	at org.junit.platform.engine.support.hierarchical.ThrowableCollector.execute(ThrowableCollector.java:73)
	at org.junit.platform.engine.support.hierarchical.NodeTestTask.executeRecursively(NodeTestTask.java:138)
	at org.junit.platform.engine.support.hierarchical.NodeTestTask.execute(NodeTestTask.java:95)
	at java.base/java.util.ArrayList.forEach(ArrayList.java:1596)
	at org.junit.platform.engine.support.hierarchical.SameThreadHierarchicalTestExecutorService.invokeAll(SameThreadHierarchicalTestExecutorService.java:41)
	at org.junit.platform.engine.support.hierarchical.NodeTestTask.lambda$executeRecursively$6(NodeTestTask.java:155)
	at org.junit.platform.engine.support.hierarchical.ThrowableCollector.execute(ThrowableCollector.java:73)
	at org.junit.platform.engine.support.hierarchical.NodeTestTask.lambda$executeRecursively$8(NodeTestTask.java:141)
	at org.junit.platform.engine.support.hierarchical.Node.around(Node.java:137)
	at org.junit.platform.engine.support.hierarchical.NodeTestTask.lambda$executeRecursively$9(NodeTestTask.java:139)
	at org.junit.platform.engine.support.hierarchical.ThrowableCollector.execute(ThrowableCollector.java:73)
	at org.junit.platform.engine.support.hierarchical.NodeTestTask.executeRecursively(NodeTestTask.java:138)
	at org.junit.platform.engine.support.hierarchical.NodeTestTask.execute(NodeTestTask.java:95)
	at org.junit.platform.engine.support.hierarchical.SameThreadHierarchicalTestExecutorService.submit(SameThreadHierarchicalTestExecutorService.java:35)
	at org.junit.platform.engine.support.hierarchical.HierarchicalTestExecutor.execute(HierarchicalTestExecutor.java:57)
	at org.junit.platform.engine.support.hierarchical.HierarchicalTestEngine.execute(HierarchicalTestEngine.java:54)
	at org.junit.platform.launcher.core.EngineExecutionOrchestrator.execute(EngineExecutionOrchestrator.java:198)
	at org.junit.platform.launcher.core.EngineExecutionOrchestrator.execute(EngineExecutionOrchestrator.java:169)
	at org.junit.platform.launcher.core.EngineExecutionOrchestrator.execute(EngineExecutionOrchestrator.java:93)
	at org.junit.platform.launcher.core.EngineExecutionOrchestrator.lambda$execute$0(EngineExecutionOrchestrator.java:58)
	at org.junit.platform.launcher.core.EngineExecutionOrchestrator.withInterceptedStreams(EngineExecutionOrchestrator.java:141)
	at org.junit.platform.launcher.core.EngineExecutionOrchestrator.execute(EngineExecutionOrchestrator.java:57)
	at org.junit.platform.launcher.core.DefaultLauncher.execute(DefaultLauncher.java:103)
	at org.junit.platform.launcher.core.DefaultLauncher.execute(DefaultLauncher.java:85)
	at org.junit.platform.launcher.core.DelegatingLauncher.execute(DelegatingLauncher.java:47)
	at org.apache.maven.surefire.junitplatform.LazyLauncher.execute(LazyLauncher.java:56)
	at org.apache.maven.surefire.junitplatform.JUnitPlatformProvider.execute(JUnitPlatformProvider.java:184)
	at org.apache.maven.surefire.junitplatform.JUnitPlatformProvider.invokeAllTests(JUnitPlatformProvider.java:148)
	at org.apache.maven.surefire.junitplatform.JUnitPlatformProvider.invoke(JUnitPlatformProvider.java:122)
	at org.apache.maven.surefire.booter.ForkedBooter.runSuitesInProcess(ForkedBooter.java:385)
	at org.apache.maven.surefire.booter.ForkedBooter.execute(ForkedBooter.java:162)
	at org.apache.maven.surefire.booter.ForkedBooter.run(ForkedBooter.java:507)
	at org.apache.maven.surefire.booter.ForkedBooter.main(ForkedBooter.java:495)
10:24:17.993 [main] DEBUG org.hibernate.orm.jdbc.batch - PreparedStatementDetails did not contain PreparedStatement on #releaseStatements : delete from components where id=?
10:24:17.993 [main] DEBUG org.hibernate.resource.jdbc.internal.LogicalConnectionManagedImpl - Initiating JDBC connection release from afterTransaction
10:24:17.993 [main] DEBUG org.hibernate.orm.jdbc.batch - PreparedStatementDetails did not contain PreparedStatement on #releaseStatements : delete from components where id=?
10:24:17.993 [main] DEBUG org.hibernate.orm.jdbc.batch - PreparedStatementDetails did not contain PreparedStatement on #releaseStatements : delete from components where id=?
10:24:17.993 [main] DEBUG org.hibernate.resource.jdbc.internal.LogicalConnectionManagedImpl - Initiating JDBC connection release from afterTransaction
10:24:17.993 [main] DEBUG org.hibernate.engine.transaction.internal.TransactionImpl - rollback() called on an inactive transaction
10:24:17.996 [main] DEBUG org.hibernate.engine.jdbc.internal.JdbcCoordinatorImpl - HHH000420: Closing un-released batch
10:24:17.996 [main] DEBUG org.hibernate.orm.jdbc.batch - PreparedStatementDetails did not contain PreparedStatement on #releaseStatements : delete from components where id=?
10:24:17.996 [main] DEBUG org.hibernate.orm.jdbc.batch - PreparedStatementDetails did not contain PreparedStatement on #releaseStatements : delete from components where id=?
]]></system-out>
    <system-err><![CDATA[Apr 25, 2025 10:24:17 AM org.frcpm.repositories.impl.JpaRepositoryImpl delete
SEVERE: Error deleting entity
jakarta.persistence.RollbackException: Error while committing the transaction
	at org.hibernate.internal.ExceptionConverterImpl.convertCommitException(ExceptionConverterImpl.java:67)
	at org.hibernate.engine.transaction.internal.TransactionImpl.commit(TransactionImpl.java:104)
	at org.frcpm.repositories.impl.JpaRepositoryImpl.delete(JpaRepositoryImpl.java:165)
	at org.frcpm.repositories.ComponentRepositoryTest.cleanupTestComponents(ComponentRepositoryTest.java:63)
	at org.frcpm.repositories.ComponentRepositoryTest.tearDown(ComponentRepositoryTest.java:35)
	at java.base/jdk.internal.reflect.DirectMethodHandleAccessor.invoke(DirectMethodHandleAccessor.java:103)
	at java.base/java.lang.reflect.Method.invoke(Method.java:580)
	at org.junit.platform.commons.util.ReflectionUtils.invokeMethod(ReflectionUtils.java:728)
	at org.junit.jupiter.engine.execution.MethodInvocation.proceed(MethodInvocation.java:60)
	at org.junit.jupiter.engine.execution.InvocationInterceptorChain$ValidatingInvocation.proceed(InvocationInterceptorChain.java:131)
	at org.junit.jupiter.engine.extension.TimeoutExtension.intercept(TimeoutExtension.java:156)
	at org.junit.jupiter.engine.extension.TimeoutExtension.interceptLifecycleMethod(TimeoutExtension.java:128)
	at org.junit.jupiter.engine.extension.TimeoutExtension.interceptAfterEachMethod(TimeoutExtension.java:110)
	at org.junit.jupiter.engine.execution.InterceptingExecutableInvoker$ReflectiveInterceptorCall.lambda$ofVoidMethod$0(InterceptingExecutableInvoker.java:103)
	at org.junit.jupiter.engine.execution.InterceptingExecutableInvoker.lambda$invoke$0(InterceptingExecutableInvoker.java:93)
	at org.junit.jupiter.engine.execution.InvocationInterceptorChain$InterceptedInvocation.proceed(InvocationInterceptorChain.java:106)
	at org.junit.jupiter.engine.execution.InvocationInterceptorChain.proceed(InvocationInterceptorChain.java:64)
	at org.junit.jupiter.engine.execution.InvocationInterceptorChain.chainAndInvoke(InvocationInterceptorChain.java:45)
	at org.junit.jupiter.engine.execution.InvocationInterceptorChain.invoke(InvocationInterceptorChain.java:37)
	at org.junit.jupiter.engine.execution.InterceptingExecutableInvoker.invoke(InterceptingExecutableInvoker.java:92)
	at org.junit.jupiter.engine.execution.InterceptingExecutableInvoker.invoke(InterceptingExecutableInvoker.java:86)
	at org.junit.jupiter.engine.descriptor.ClassBasedTestDescriptor.invokeMethodInExtensionContext(ClassBasedTestDescriptor.java:521)
	at org.junit.jupiter.engine.descriptor.ClassBasedTestDescriptor.lambda$synthesizeAfterEachMethodAdapter$24(ClassBasedTestDescriptor.java:511)
	at org.junit.jupiter.engine.descriptor.TestMethodTestDescriptor.lambda$invokeAfterEachMethods$10(TestMethodTestDescriptor.java:244)
	at org.junit.jupiter.engine.descriptor.TestMethodTestDescriptor.lambda$invokeAllAfterMethodsOrCallbacks$13(TestMethodTestDescriptor.java:277)
	at org.junit.platform.engine.support.hierarchical.ThrowableCollector.execute(ThrowableCollector.java:73)
	at org.junit.jupiter.engine.descriptor.TestMethodTestDescriptor.lambda$invokeAllAfterMethodsOrCallbacks$14(TestMethodTestDescriptor.java:277)
	at org.junit.platform.commons.util.CollectionUtils.forEachInReverseOrder(CollectionUtils.java:217)
	at org.junit.jupiter.engine.descriptor.TestMethodTestDescriptor.invokeAllAfterMethodsOrCallbacks(TestMethodTestDescriptor.java:276)
	at org.junit.jupiter.engine.descriptor.TestMethodTestDescriptor.invokeAfterEachMethods(TestMethodTestDescriptor.java:242)
	at org.junit.jupiter.engine.descriptor.TestMethodTestDescriptor.execute(TestMethodTestDescriptor.java:143)
	at org.junit.jupiter.engine.descriptor.TestMethodTestDescriptor.execute(TestMethodTestDescriptor.java:69)
	at org.junit.platform.engine.support.hierarchical.NodeTestTask.lambda$executeRecursively$6(NodeTestTask.java:151)
	at org.junit.platform.engine.support.hierarchical.ThrowableCollector.execute(ThrowableCollector.java:73)
	at org.junit.platform.engine.support.hierarchical.NodeTestTask.lambda$executeRecursively$8(NodeTestTask.java:141)
	at org.junit.platform.engine.support.hierarchical.Node.around(Node.java:137)
	at org.junit.platform.engine.support.hierarchical.NodeTestTask.lambda$executeRecursively$9(NodeTestTask.java:139)
	at org.junit.platform.engine.support.hierarchical.ThrowableCollector.execute(ThrowableCollector.java:73)
	at org.junit.platform.engine.support.hierarchical.NodeTestTask.executeRecursively(NodeTestTask.java:138)
	at org.junit.platform.engine.support.hierarchical.NodeTestTask.execute(NodeTestTask.java:95)
	at java.base/java.util.ArrayList.forEach(ArrayList.java:1596)
	at org.junit.platform.engine.support.hierarchical.SameThreadHierarchicalTestExecutorService.invokeAll(SameThreadHierarchicalTestExecutorService.java:41)
	at org.junit.platform.engine.support.hierarchical.NodeTestTask.lambda$executeRecursively$6(NodeTestTask.java:155)
	at org.junit.platform.engine.support.hierarchical.ThrowableCollector.execute(ThrowableCollector.java:73)
	at org.junit.platform.engine.support.hierarchical.NodeTestTask.lambda$executeRecursively$8(NodeTestTask.java:141)
	at org.junit.platform.engine.support.hierarchical.Node.around(Node.java:137)
	at org.junit.platform.engine.support.hierarchical.NodeTestTask.lambda$executeRecursively$9(NodeTestTask.java:139)
	at org.junit.platform.engine.support.hierarchical.ThrowableCollector.execute(ThrowableCollector.java:73)
	at org.junit.platform.engine.support.hierarchical.NodeTestTask.executeRecursively(NodeTestTask.java:138)
	at org.junit.platform.engine.support.hierarchical.NodeTestTask.execute(NodeTestTask.java:95)
	at java.base/java.util.ArrayList.forEach(ArrayList.java:1596)
	at org.junit.platform.engine.support.hierarchical.SameThreadHierarchicalTestExecutorService.invokeAll(SameThreadHierarchicalTestExecutorService.java:41)
	at org.junit.platform.engine.support.hierarchical.NodeTestTask.lambda$executeRecursively$6(NodeTestTask.java:155)
	at org.junit.platform.engine.support.hierarchical.ThrowableCollector.execute(ThrowableCollector.java:73)
	at org.junit.platform.engine.support.hierarchical.NodeTestTask.lambda$executeRecursively$8(NodeTestTask.java:141)
	at org.junit.platform.engine.support.hierarchical.Node.around(Node.java:137)
	at org.junit.platform.engine.support.hierarchical.NodeTestTask.lambda$executeRecursively$9(NodeTestTask.java:139)
	at org.junit.platform.engine.support.hierarchical.ThrowableCollector.execute(ThrowableCollector.java:73)
	at org.junit.platform.engine.support.hierarchical.NodeTestTask.executeRecursively(NodeTestTask.java:138)
	at org.junit.platform.engine.support.hierarchical.NodeTestTask.execute(NodeTestTask.java:95)
	at org.junit.platform.engine.support.hierarchical.SameThreadHierarchicalTestExecutorService.submit(SameThreadHierarchicalTestExecutorService.java:35)
	at org.junit.platform.engine.support.hierarchical.HierarchicalTestExecutor.execute(HierarchicalTestExecutor.java:57)
	at org.junit.platform.engine.support.hierarchical.HierarchicalTestEngine.execute(HierarchicalTestEngine.java:54)
	at org.junit.platform.launcher.core.EngineExecutionOrchestrator.execute(EngineExecutionOrchestrator.java:198)
	at org.junit.platform.launcher.core.EngineExecutionOrchestrator.execute(EngineExecutionOrchestrator.java:169)
	at org.junit.platform.launcher.core.EngineExecutionOrchestrator.execute(EngineExecutionOrchestrator.java:93)
	at org.junit.platform.launcher.core.EngineExecutionOrchestrator.lambda$execute$0(EngineExecutionOrchestrator.java:58)
	at org.junit.platform.launcher.core.EngineExecutionOrchestrator.withInterceptedStreams(EngineExecutionOrchestrator.java:141)
	at org.junit.platform.launcher.core.EngineExecutionOrchestrator.execute(EngineExecutionOrchestrator.java:57)
	at org.junit.platform.launcher.core.DefaultLauncher.execute(DefaultLauncher.java:103)
	at org.junit.platform.launcher.core.DefaultLauncher.execute(DefaultLauncher.java:85)
	at org.junit.platform.launcher.core.DelegatingLauncher.execute(DelegatingLauncher.java:47)
	at org.apache.maven.surefire.junitplatform.LazyLauncher.execute(LazyLauncher.java:56)
	at org.apache.maven.surefire.junitplatform.JUnitPlatformProvider.execute(JUnitPlatformProvider.java:184)
	at org.apache.maven.surefire.junitplatform.JUnitPlatformProvider.invokeAllTests(JUnitPlatformProvider.java:148)
	at org.apache.maven.surefire.junitplatform.JUnitPlatformProvider.invoke(JUnitPlatformProvider.java:122)
	at org.apache.maven.surefire.booter.ForkedBooter.runSuitesInProcess(ForkedBooter.java:385)
	at org.apache.maven.surefire.booter.ForkedBooter.execute(ForkedBooter.java:162)
	at org.apache.maven.surefire.booter.ForkedBooter.run(ForkedBooter.java:507)
	at org.apache.maven.surefire.booter.ForkedBooter.main(ForkedBooter.java:495)
Caused by: org.hibernate.exception.ConstraintViolationException: could not execute batch [Referential integrity constraint violation: "FK5IRPAISPCX79XWY6N1QOMAXNV: PUBLIC.TASK_COMPONENTS FOREIGN KEY(COMPONENT_ID) REFERENCES PUBLIC.COMPONENTS(ID) (CAST(55 AS BIGINT))"; SQL statement:
delete from components where id=? [23503-224]] [delete from components where id=?]
	at org.hibernate.exception.internal.SQLStateConversionDelegate.convert(SQLStateConversionDelegate.java:97)
	at org.hibernate.exception.internal.StandardSQLExceptionConverter.convert(StandardSQLExceptionConverter.java:58)
	at org.hibernate.engine.jdbc.spi.SqlExceptionHelper.convert(SqlExceptionHelper.java:108)
	at org.hibernate.engine.jdbc.batch.internal.BatchImpl.lambda$performExecution$2(BatchImpl.java:294)
	at org.hibernate.engine.jdbc.mutation.internal.PreparedStatementGroupSingleTable.forEachStatement(PreparedStatementGroupSingleTable.java:67)
	at org.hibernate.engine.jdbc.batch.internal.BatchImpl.performExecution(BatchImpl.java:264)
	at org.hibernate.engine.jdbc.batch.internal.BatchImpl.execute(BatchImpl.java:242)
	at org.hibernate.engine.jdbc.internal.JdbcCoordinatorImpl.executeBatch(JdbcCoordinatorImpl.java:188)
	at org.hibernate.engine.spi.ActionQueue.executeActions(ActionQueue.java:662)
	at org.hibernate.engine.spi.ActionQueue.executeActions(ActionQueue.java:499)
	at org.hibernate.event.internal.AbstractFlushingEventListener.performExecutions(AbstractFlushingEventListener.java:371)
	at org.hibernate.event.internal.DefaultFlushEventListener.onFlush(DefaultFlushEventListener.java:41)
	at org.hibernate.event.service.internal.EventListenerGroupImpl.fireEventOnEachListener(EventListenerGroupImpl.java:127)
	at org.hibernate.internal.SessionImpl.doFlush(SessionImpl.java:1425)
	at org.hibernate.internal.SessionImpl.managedFlush(SessionImpl.java:487)
	at org.hibernate.internal.SessionImpl.flushBeforeTransactionCompletion(SessionImpl.java:2324)
	at org.hibernate.internal.SessionImpl.beforeTransactionCompletion(SessionImpl.java:1981)
	at org.hibernate.engine.jdbc.internal.JdbcCoordinatorImpl.beforeTransactionCompletion(JdbcCoordinatorImpl.java:439)
	at org.hibernate.resource.transaction.backend.jdbc.internal.JdbcResourceLocalTransactionCoordinatorImpl.beforeCompletionCallback(JdbcResourceLocalTransactionCoordinatorImpl.java:169)
	at org.hibernate.resource.transaction.backend.jdbc.internal.JdbcResourceLocalTransactionCoordinatorImpl$TransactionDriverControlImpl.commit(JdbcResourceLocalTransactionCoordinatorImpl.java:267)
	at org.hibernate.engine.transaction.internal.TransactionImpl.commit(TransactionImpl.java:101)
	... 78 more
Caused by: org.h2.jdbc.JdbcBatchUpdateException: Referential integrity constraint violation: "FK5IRPAISPCX79XWY6N1QOMAXNV: PUBLIC.TASK_COMPONENTS FOREIGN KEY(COMPONENT_ID) REFERENCES PUBLIC.COMPONENTS(ID) (CAST(55 AS BIGINT))"; SQL statement:
delete from components where id=? [23503-224]
	at org.h2.jdbc.JdbcPreparedStatement.executeBatch(JdbcPreparedStatement.java:1282)
	at com.zaxxer.hikari.pool.ProxyStatement.executeBatch(ProxyStatement.java:127)
	at com.zaxxer.hikari.pool.HikariProxyPreparedStatement.executeBatch(HikariProxyPreparedStatement.java)
	at org.hibernate.engine.jdbc.batch.internal.BatchImpl.lambda$performExecution$2(BatchImpl.java:279)
	... 95 more

]]></system-err>
  </testcase>
  <testcase name="testSave" classname="org.frcpm.repositories.ComponentRepositoryTest" time="0.042">
    <error message="Failed to delete entity" type="java.lang.RuntimeException"><![CDATA[java.lang.RuntimeException: Failed to delete entity
	at org.frcpm.repositories.impl.JpaRepositoryImpl.delete(JpaRepositoryImpl.java:171)
	at org.frcpm.repositories.ComponentRepositoryTest.cleanupTestComponents(ComponentRepositoryTest.java:63)
	at org.frcpm.repositories.ComponentRepositoryTest.tearDown(ComponentRepositoryTest.java:35)
	at java.base/java.lang.reflect.Method.invoke(Method.java:580)
	at java.base/java.util.ArrayList.forEach(ArrayList.java:1596)
	at java.base/java.util.ArrayList.forEach(ArrayList.java:1596)
Caused by: jakarta.persistence.RollbackException: Error while committing the transaction
	at org.hibernate.internal.ExceptionConverterImpl.convertCommitException(ExceptionConverterImpl.java:67)
	at org.hibernate.engine.transaction.internal.TransactionImpl.commit(TransactionImpl.java:104)
	at org.frcpm.repositories.impl.JpaRepositoryImpl.delete(JpaRepositoryImpl.java:165)
	... 5 more
Caused by: org.hibernate.exception.ConstraintViolationException: could not execute batch [Referential integrity constraint violation: "FK5IRPAISPCX79XWY6N1QOMAXNV: PUBLIC.TASK_COMPONENTS FOREIGN KEY(COMPONENT_ID) REFERENCES PUBLIC.COMPONENTS(ID) (CAST(55 AS BIGINT))"; SQL statement:
delete from components where id=? [23503-224]] [delete from components where id=?]
	at org.hibernate.exception.internal.SQLStateConversionDelegate.convert(SQLStateConversionDelegate.java:97)
	at org.hibernate.exception.internal.StandardSQLExceptionConverter.convert(StandardSQLExceptionConverter.java:58)
	at org.hibernate.engine.jdbc.spi.SqlExceptionHelper.convert(SqlExceptionHelper.java:108)
	at org.hibernate.engine.jdbc.batch.internal.BatchImpl.lambda$performExecution$2(BatchImpl.java:294)
	at org.hibernate.engine.jdbc.mutation.internal.PreparedStatementGroupSingleTable.forEachStatement(PreparedStatementGroupSingleTable.java:67)
	at org.hibernate.engine.jdbc.batch.internal.BatchImpl.performExecution(BatchImpl.java:264)
	at org.hibernate.engine.jdbc.batch.internal.BatchImpl.execute(BatchImpl.java:242)
	at org.hibernate.engine.jdbc.internal.JdbcCoordinatorImpl.executeBatch(JdbcCoordinatorImpl.java:188)
	at org.hibernate.engine.spi.ActionQueue.executeActions(ActionQueue.java:662)
	at org.hibernate.engine.spi.ActionQueue.executeActions(ActionQueue.java:499)
	at org.hibernate.event.internal.AbstractFlushingEventListener.performExecutions(AbstractFlushingEventListener.java:371)
	at org.hibernate.event.internal.DefaultFlushEventListener.onFlush(DefaultFlushEventListener.java:41)
	at org.hibernate.event.service.internal.EventListenerGroupImpl.fireEventOnEachListener(EventListenerGroupImpl.java:127)
	at org.hibernate.internal.SessionImpl.doFlush(SessionImpl.java:1425)
	at org.hibernate.internal.SessionImpl.managedFlush(SessionImpl.java:487)
	at org.hibernate.internal.SessionImpl.flushBeforeTransactionCompletion(SessionImpl.java:2324)
	at org.hibernate.internal.SessionImpl.beforeTransactionCompletion(SessionImpl.java:1981)
	at org.hibernate.engine.jdbc.internal.JdbcCoordinatorImpl.beforeTransactionCompletion(JdbcCoordinatorImpl.java:439)
	at org.hibernate.resource.transaction.backend.jdbc.internal.JdbcResourceLocalTransactionCoordinatorImpl.beforeCompletionCallback(JdbcResourceLocalTransactionCoordinatorImpl.java:169)
	at org.hibernate.resource.transaction.backend.jdbc.internal.JdbcResourceLocalTransactionCoordinatorImpl$TransactionDriverControlImpl.commit(JdbcResourceLocalTransactionCoordinatorImpl.java:267)
	at org.hibernate.engine.transaction.internal.TransactionImpl.commit(TransactionImpl.java:101)
	... 6 more
Caused by: org.h2.jdbc.JdbcBatchUpdateException: Referential integrity constraint violation: "FK5IRPAISPCX79XWY6N1QOMAXNV: PUBLIC.TASK_COMPONENTS FOREIGN KEY(COMPONENT_ID) REFERENCES PUBLIC.COMPONENTS(ID) (CAST(55 AS BIGINT))"; SQL statement:
delete from components where id=? [23503-224]
	at org.h2.jdbc.JdbcPreparedStatement.executeBatch(JdbcPreparedStatement.java:1282)
	at com.zaxxer.hikari.pool.ProxyStatement.executeBatch(ProxyStatement.java:127)
	at com.zaxxer.hikari.pool.HikariProxyPreparedStatement.executeBatch(HikariProxyPreparedStatement.java)
	at org.hibernate.engine.jdbc.batch.internal.BatchImpl.lambda$performExecution$2(BatchImpl.java:279)
	... 23 more
]]></error>
    <system-out><![CDATA[10:24:18.000 [main] DEBUG org.hibernate.engine.transaction.internal.TransactionImpl - On TransactionImpl creation, JpaCompliance#isJpaTransactionComplianceEnabled == false
10:24:18.000 [main] DEBUG org.hibernate.engine.transaction.internal.TransactionImpl - begin
10:24:18.001 [main] DEBUG org.hibernate.engine.spi.ActionQueue - Executing identity-insert immediately
10:24:18.001 [main] DEBUG org.hibernate.SQL - insert into components (actual_delivery,is_delivered,description,expected_delivery,name,part_number,id) values (?,?,?,?,?,?,default)
10:24:18.003 [main] DEBUG org.hibernate.orm.results - Initializer list is empty
10:24:18.003 [main] DEBUG org.hibernate.orm.results.loading - Calling top-level assembler (0 / 1) : org.hibernate.sql.results.graph.basic.BasicResultAssembler@2b3c19a
10:24:18.003 [main] DEBUG org.hibernate.orm.results - Extracted JDBC value [0] - [64]
10:24:18.003 [main] DEBUG org.hibernate.id.IdentifierGeneratorHelper - Extracted generated values [org.frcpm.models.Component]: [Ljava.lang.Object;@521bb810
10:24:18.004 [main] DEBUG org.hibernate.event.internal.AbstractFlushingEventListener - Processing flush-time cascades
10:24:18.004 [main] DEBUG org.hibernate.event.internal.AbstractFlushingEventListener - Dirty checking collections
10:24:18.004 [main] DEBUG org.hibernate.engine.internal.Collections - Collection found: [org.frcpm.models.Component.requiredForTasks#64], was: [<unreferenced>] (initialized)
10:24:18.005 [main] DEBUG org.hibernate.event.internal.AbstractFlushingEventListener - Flushed: 0 insertions, 0 updates, 0 deletions to 1 objects
10:24:18.005 [main] DEBUG org.hibernate.event.internal.AbstractFlushingEventListener - Flushed: 1 (re)creations, 0 updates, 0 removals to 1 collections
10:24:18.005 [main] DEBUG org.hibernate.internal.util.EntityPrinter - Listing entities:
10:24:18.005 [main] DEBUG org.hibernate.internal.util.EntityPrinter - org.frcpm.models.Component{expectedDelivery=2025-04-30, requiredForTasks=[], name=Test Component 1, actualDelivery=null, description=First test component description, delivered=false, partNumber=TC-001, id=64}
10:24:18.005 [main] DEBUG org.hibernate.engine.transaction.internal.TransactionImpl - committing
10:24:18.005 [main] DEBUG org.hibernate.event.internal.AbstractFlushingEventListener - Processing flush-time cascades
10:24:18.005 [main] DEBUG org.hibernate.event.internal.AbstractFlushingEventListener - Dirty checking collections
10:24:18.005 [main] DEBUG org.hibernate.engine.internal.Collections - Collection found: [org.frcpm.models.Component.requiredForTasks#64], was: [org.frcpm.models.Component.requiredForTasks#64] (initialized)
10:24:18.005 [main] DEBUG org.hibernate.event.internal.AbstractFlushingEventListener - Flushed: 0 insertions, 0 updates, 0 deletions to 1 objects
10:24:18.005 [main] DEBUG org.hibernate.event.internal.AbstractFlushingEventListener - Flushed: 0 (re)creations, 0 updates, 0 removals to 1 collections
10:24:18.005 [main] DEBUG org.hibernate.internal.util.EntityPrinter - Listing entities:
10:24:18.005 [main] DEBUG org.hibernate.internal.util.EntityPrinter - org.frcpm.models.Component{expectedDelivery=2025-04-30, requiredForTasks=[], name=Test Component 1, actualDelivery=null, description=First test component description, delivered=false, partNumber=TC-001, id=64}
10:24:18.005 [main] DEBUG org.hibernate.resource.jdbc.internal.LogicalConnectionManagedImpl - Initiating JDBC connection release from afterTransaction
10:24:18.006 [main] DEBUG org.hibernate.resource.jdbc.internal.LogicalConnectionManagedImpl - Initiating JDBC connection release from afterTransaction
10:24:18.006 [main] DEBUG org.hibernate.engine.transaction.internal.TransactionImpl - On TransactionImpl creation, JpaCompliance#isJpaTransactionComplianceEnabled == false
10:24:18.006 [main] DEBUG org.hibernate.engine.transaction.internal.TransactionImpl - begin
10:24:18.006 [main] DEBUG org.hibernate.engine.spi.ActionQueue - Executing identity-insert immediately
10:24:18.006 [main] DEBUG org.hibernate.SQL - insert into components (actual_delivery,is_delivered,description,expected_delivery,name,part_number,id) values (?,?,?,?,?,?,default)
10:24:18.007 [main] DEBUG org.hibernate.orm.results - Initializer list is empty
10:24:18.007 [main] DEBUG org.hibernate.orm.results.loading - Calling top-level assembler (0 / 1) : org.hibernate.sql.results.graph.basic.BasicResultAssembler@7d56d148
10:24:18.007 [main] DEBUG org.hibernate.orm.results - Extracted JDBC value [0] - [65]
10:24:18.007 [main] DEBUG org.hibernate.id.IdentifierGeneratorHelper - Extracted generated values [org.frcpm.models.Component]: [Ljava.lang.Object;@415c2701
10:24:18.008 [main] DEBUG org.hibernate.event.internal.AbstractFlushingEventListener - Processing flush-time cascades
10:24:18.008 [main] DEBUG org.hibernate.event.internal.AbstractFlushingEventListener - Dirty checking collections
10:24:18.008 [main] DEBUG org.hibernate.engine.internal.Collections - Collection found: [org.frcpm.models.Component.requiredForTasks#65], was: [<unreferenced>] (initialized)
10:24:18.008 [main] DEBUG org.hibernate.event.internal.AbstractFlushingEventListener - Flushed: 0 insertions, 0 updates, 0 deletions to 1 objects
10:24:18.008 [main] DEBUG org.hibernate.event.internal.AbstractFlushingEventListener - Flushed: 1 (re)creations, 0 updates, 0 removals to 1 collections
10:24:18.008 [main] DEBUG org.hibernate.internal.util.EntityPrinter - Listing entities:
10:24:18.008 [main] DEBUG org.hibernate.internal.util.EntityPrinter - org.frcpm.models.Component{expectedDelivery=2025-05-02, requiredForTasks=[], name=Test Component 2, actualDelivery=null, description=Second test component description, delivered=false, partNumber=TC-002, id=65}
10:24:18.008 [main] DEBUG org.hibernate.engine.transaction.internal.TransactionImpl - committing
10:24:18.008 [main] DEBUG org.hibernate.event.internal.AbstractFlushingEventListener - Processing flush-time cascades
10:24:18.008 [main] DEBUG org.hibernate.event.internal.AbstractFlushingEventListener - Dirty checking collections
10:24:18.008 [main] DEBUG org.hibernate.engine.internal.Collections - Collection found: [org.frcpm.models.Component.requiredForTasks#65], was: [org.frcpm.models.Component.requiredForTasks#65] (initialized)
10:24:18.008 [main] DEBUG org.hibernate.event.internal.AbstractFlushingEventListener - Flushed: 0 insertions, 0 updates, 0 deletions to 1 objects
10:24:18.008 [main] DEBUG org.hibernate.event.internal.AbstractFlushingEventListener - Flushed: 0 (re)creations, 0 updates, 0 removals to 1 collections
10:24:18.008 [main] DEBUG org.hibernate.internal.util.EntityPrinter - Listing entities:
10:24:18.009 [main] DEBUG org.hibernate.internal.util.EntityPrinter - org.frcpm.models.Component{expectedDelivery=2025-05-02, requiredForTasks=[], name=Test Component 2, actualDelivery=null, description=Second test component description, delivered=false, partNumber=TC-002, id=65}
10:24:18.009 [main] DEBUG org.hibernate.resource.jdbc.internal.LogicalConnectionManagedImpl - Initiating JDBC connection release from afterTransaction
10:24:18.009 [main] DEBUG org.hibernate.resource.jdbc.internal.LogicalConnectionManagedImpl - Initiating JDBC connection release from afterTransaction
10:24:18.010 [main] DEBUG org.hibernate.engine.transaction.internal.TransactionImpl - On TransactionImpl creation, JpaCompliance#isJpaTransactionComplianceEnabled == false
10:24:18.010 [main] DEBUG org.hibernate.engine.transaction.internal.TransactionImpl - begin
10:24:18.010 [main] DEBUG org.hibernate.engine.spi.ActionQueue - Executing identity-insert immediately
10:24:18.010 [main] DEBUG org.hibernate.SQL - insert into components (actual_delivery,is_delivered,description,expected_delivery,name,part_number,id) values (?,?,?,?,?,?,default)
10:24:18.012 [main] DEBUG org.hibernate.orm.results - Initializer list is empty
10:24:18.012 [main] DEBUG org.hibernate.orm.results.loading - Calling top-level assembler (0 / 1) : org.hibernate.sql.results.graph.basic.BasicResultAssembler@2bb756d7
10:24:18.012 [main] DEBUG org.hibernate.orm.results - Extracted JDBC value [0] - [66]
10:24:18.012 [main] DEBUG org.hibernate.id.IdentifierGeneratorHelper - Extracted generated values [org.frcpm.models.Component]: [Ljava.lang.Object;@2841a411
10:24:18.013 [main] DEBUG org.hibernate.event.internal.AbstractFlushingEventListener - Processing flush-time cascades
10:24:18.013 [main] DEBUG org.hibernate.event.internal.AbstractFlushingEventListener - Dirty checking collections
10:24:18.014 [main] DEBUG org.hibernate.engine.internal.Collections - Collection found: [org.frcpm.models.Component.requiredForTasks#66], was: [<unreferenced>] (initialized)
10:24:18.014 [main] DEBUG org.hibernate.event.internal.AbstractFlushingEventListener - Flushed: 0 insertions, 0 updates, 0 deletions to 1 objects
10:24:18.014 [main] DEBUG org.hibernate.event.internal.AbstractFlushingEventListener - Flushed: 1 (re)creations, 0 updates, 0 removals to 1 collections
10:24:18.014 [main] DEBUG org.hibernate.internal.util.EntityPrinter - Listing entities:
10:24:18.014 [main] DEBUG org.hibernate.internal.util.EntityPrinter - org.frcpm.models.Component{expectedDelivery=2025-05-05, requiredForTasks=[], name=Test Component 3, actualDelivery=2025-05-04, description=Third test component description, delivered=true, partNumber=TC-003, id=66}
10:24:18.015 [main] DEBUG org.hibernate.engine.transaction.internal.TransactionImpl - committing
10:24:18.015 [main] DEBUG org.hibernate.event.internal.AbstractFlushingEventListener - Processing flush-time cascades
10:24:18.015 [main] DEBUG org.hibernate.event.internal.AbstractFlushingEventListener - Dirty checking collections
10:24:18.015 [main] DEBUG org.hibernate.engine.internal.Collections - Collection found: [org.frcpm.models.Component.requiredForTasks#66], was: [org.frcpm.models.Component.requiredForTasks#66] (initialized)
10:24:18.015 [main] DEBUG org.hibernate.event.internal.AbstractFlushingEventListener - Flushed: 0 insertions, 0 updates, 0 deletions to 1 objects
10:24:18.016 [main] DEBUG org.hibernate.event.internal.AbstractFlushingEventListener - Flushed: 0 (re)creations, 0 updates, 0 removals to 1 collections
10:24:18.016 [main] DEBUG org.hibernate.internal.util.EntityPrinter - Listing entities:
10:24:18.016 [main] DEBUG org.hibernate.internal.util.EntityPrinter - org.frcpm.models.Component{expectedDelivery=2025-05-05, requiredForTasks=[], name=Test Component 3, actualDelivery=2025-05-04, description=Third test component description, delivered=true, partNumber=TC-003, id=66}
10:24:18.016 [main] DEBUG org.hibernate.resource.jdbc.internal.LogicalConnectionManagedImpl - Initiating JDBC connection release from afterTransaction
10:24:18.016 [main] DEBUG org.hibernate.resource.jdbc.internal.LogicalConnectionManagedImpl - Initiating JDBC connection release from afterTransaction
10:24:18.017 [main] DEBUG org.hibernate.engine.transaction.internal.TransactionImpl - On TransactionImpl creation, JpaCompliance#isJpaTransactionComplianceEnabled == false
10:24:18.017 [main] DEBUG org.hibernate.engine.transaction.internal.TransactionImpl - begin
10:24:18.018 [main] DEBUG org.hibernate.engine.spi.ActionQueue - Executing identity-insert immediately
10:24:18.019 [main] DEBUG org.hibernate.SQL - insert into components (actual_delivery,is_delivered,description,expected_delivery,name,part_number,id) values (?,?,?,?,?,?,default)
10:24:18.021 [main] DEBUG org.hibernate.orm.results - Initializer list is empty
10:24:18.021 [main] DEBUG org.hibernate.orm.results.loading - Calling top-level assembler (0 / 1) : org.hibernate.sql.results.graph.basic.BasicResultAssembler@49c43a29
10:24:18.021 [main] DEBUG org.hibernate.orm.results - Extracted JDBC value [0] - [67]
10:24:18.021 [main] DEBUG org.hibernate.id.IdentifierGeneratorHelper - Extracted generated values [org.frcpm.models.Component]: [Ljava.lang.Object;@5bbca50d
10:24:18.021 [main] DEBUG org.hibernate.event.internal.AbstractFlushingEventListener - Processing flush-time cascades
10:24:18.021 [main] DEBUG org.hibernate.event.internal.AbstractFlushingEventListener - Dirty checking collections
10:24:18.021 [main] DEBUG org.hibernate.engine.internal.Collections - Collection found: [org.frcpm.models.Component.requiredForTasks#67], was: [<unreferenced>] (initialized)
10:24:18.021 [main] DEBUG org.hibernate.event.internal.AbstractFlushingEventListener - Flushed: 0 insertions, 0 updates, 0 deletions to 1 objects
10:24:18.021 [main] DEBUG org.hibernate.event.internal.AbstractFlushingEventListener - Flushed: 1 (re)creations, 0 updates, 0 removals to 1 collections
10:24:18.021 [main] DEBUG org.hibernate.internal.util.EntityPrinter - Listing entities:
10:24:18.021 [main] DEBUG org.hibernate.internal.util.EntityPrinter - org.frcpm.models.Component{expectedDelivery=2025-05-10, requiredForTasks=[], name=Test Save Component, actualDelivery=null, description=Save component description, delivered=false, partNumber=TSC-001, id=67}
10:24:18.021 [main] DEBUG org.hibernate.engine.transaction.internal.TransactionImpl - committing
10:24:18.021 [main] DEBUG org.hibernate.event.internal.AbstractFlushingEventListener - Processing flush-time cascades
10:24:18.021 [main] DEBUG org.hibernate.event.internal.AbstractFlushingEventListener - Dirty checking collections
10:24:18.021 [main] DEBUG org.hibernate.engine.internal.Collections - Collection found: [org.frcpm.models.Component.requiredForTasks#67], was: [org.frcpm.models.Component.requiredForTasks#67] (initialized)
10:24:18.021 [main] DEBUG org.hibernate.event.internal.AbstractFlushingEventListener - Flushed: 0 insertions, 0 updates, 0 deletions to 1 objects
10:24:18.021 [main] DEBUG org.hibernate.event.internal.AbstractFlushingEventListener - Flushed: 0 (re)creations, 0 updates, 0 removals to 1 collections
10:24:18.021 [main] DEBUG org.hibernate.internal.util.EntityPrinter - Listing entities:
10:24:18.022 [main] DEBUG org.hibernate.internal.util.EntityPrinter - org.frcpm.models.Component{expectedDelivery=2025-05-10, requiredForTasks=[], name=Test Save Component, actualDelivery=null, description=Save component description, delivered=false, partNumber=TSC-001, id=67}
10:24:18.022 [main] DEBUG org.hibernate.resource.jdbc.internal.LogicalConnectionManagedImpl - Initiating JDBC connection release from afterTransaction
10:24:18.022 [main] DEBUG org.hibernate.resource.jdbc.internal.LogicalConnectionManagedImpl - Initiating JDBC connection release from afterTransaction
10:24:18.022 [main] DEBUG org.hibernate.orm.sql.exec - Skipping reading Query result cache data: cache-enabled = false, cache-mode = IGNORE
10:24:18.022 [main] DEBUG org.hibernate.orm.results - Initializer list:
	  org.frcpm.models.Component -> EntityResultInitializer(org.frcpm.models.Component)@1558078620 (SingleTableEntityPersister(org.frcpm.models.Component))
	  org.frcpm.models.Component.requiredForTasks -> DelayedCollectionInitializer(org.frcpm.models.Component.requiredForTasks)@883099740 (PluralAttribute(org.frcpm.models.Component.requiredForTasks))

10:24:18.022 [main] DEBUG org.hibernate.SQL - select c1_0.id,c1_0.actual_delivery,c1_0.is_delivered,c1_0.description,c1_0.expected_delivery,c1_0.name,c1_0.part_number from components c1_0 where c1_0.id=?
10:24:18.023 [main] DEBUG org.hibernate.orm.results.loading.entity - (EntityResultInitializer) Hydrated EntityKey (org.frcpm.models.Component): 67
10:24:18.023 [main] DEBUG org.hibernate.orm.results.loading.org.hibernate.orm.results.loading.collection - (DelayedCollectionInitializer) Current row collection key : org.frcpm.models.Component.requiredForTasks#67
10:24:18.024 [main] DEBUG org.hibernate.orm.results.loading.entity - (EntityResultInitializer) Created new entity instance [org.frcpm.models.Component#67] : 1804786943
10:24:18.024 [main] DEBUG org.hibernate.orm.results - Extracted JDBC value [1] - [null]
10:24:18.024 [main] DEBUG org.hibernate.orm.results - Extracted JDBC value [2] - [false]
10:24:18.024 [main] DEBUG org.hibernate.orm.results - Extracted JDBC value [3] - [Save component description]
10:24:18.024 [main] DEBUG org.hibernate.orm.results - Extracted JDBC value [4] - [2025-05-10]
10:24:18.024 [main] DEBUG org.hibernate.orm.results - Extracted JDBC value [5] - [Test Save Component]
10:24:18.024 [main] DEBUG org.hibernate.orm.results - Extracted JDBC value [6] - [TSC-001]
10:24:18.024 [main] DEBUG org.hibernate.orm.results.loading.entity - (EntityResultInitializer) Done materializing entityInstance : org.frcpm.models.Component#67
10:24:18.024 [main] DEBUG org.hibernate.orm.results.loading - Calling top-level assembler (0 / 1) : org.hibernate.sql.results.graph.entity.internal.EntityAssembler@7ae76cd
10:24:18.024 [main] DEBUG org.hibernate.resource.jdbc.internal.LogicalConnectionManagedImpl - Initiating JDBC connection release from afterTransaction
10:24:18.025 [main] DEBUG org.hibernate.orm.sql.ast.create - Created new SQL alias : c1_0
10:24:18.025 [main] DEBUG org.hibernate.orm.sql.ast.create - Registration of TableGroup [StandardTableGroup(org.frcpm.models.Component(959674312046200))] with identifierForTableGroup [org.frcpm.models.Component] for NavigablePath [org.frcpm.models.Component] 
10:24:18.026 [main] DEBUG org.hibernate.orm.results.graph.AST - DomainResult Graph:
 \-EntityResultImpl [org.frcpm.models.Component(959674312046200)]
 |  +-BasicFetch [org.frcpm.models.Component(959674312046200).actualDelivery]
 |  +-BasicFetch [org.frcpm.models.Component(959674312046200).delivered]
 |  +-BasicFetch [org.frcpm.models.Component(959674312046200).description]
 |  +-BasicFetch [org.frcpm.models.Component(959674312046200).expectedDelivery]
 |  +-BasicFetch [org.frcpm.models.Component(959674312046200).name]
 |  +-BasicFetch [org.frcpm.models.Component(959674312046200).partNumber]
 |  \-DelayedCollectionFetch [org.frcpm.models.Component(959674312046200).requiredForTasks]

10:24:18.026 [main] DEBUG org.hibernate.orm.sql.ast.tree - SQL AST Tree:
    SelectStatement {
      FromClause {
        StandardTableGroup (c1 : org.frcpm.models.Component(959674312046200)) {
          primaryTableReference : components as c1_0
        }
      }
    }

10:24:18.026 [main] DEBUG org.hibernate.orm.sql.exec - Skipping reading Query result cache data: cache-enabled = false, cache-mode = NORMAL
10:24:18.026 [main] DEBUG org.hibernate.orm.results - Initializer list:
	  org.frcpm.models.Component(959674312046200) -> EntityResultInitializer(org.frcpm.models.Component(959674312046200))@757117701 (SingleTableEntityPersister(org.frcpm.models.Component))
	  org.frcpm.models.Component(959674312046200).requiredForTasks -> DelayedCollectionInitializer(org.frcpm.models.Component(959674312046200).requiredForTasks)@1908884345 (PluralAttribute(org.frcpm.models.Component.requiredForTasks))

10:24:18.026 [main] DEBUG org.hibernate.SQL - select c1_0.id,c1_0.actual_delivery,c1_0.is_delivered,c1_0.description,c1_0.expected_delivery,c1_0.name,c1_0.part_number from components c1_0
10:24:18.027 [main] DEBUG org.hibernate.orm.results - Extracted JDBC value [0] - [1]
10:24:18.027 [main] DEBUG org.hibernate.orm.results.loading.entity - (EntityResultInitializer) Hydrated EntityKey (org.frcpm.models.Component(959674312046200)): 1
10:24:18.027 [main] DEBUG org.hibernate.orm.results.loading.org.hibernate.orm.results.loading.collection - (DelayedCollectionInitializer) Current row collection key : org.frcpm.models.Component(959674312046200).requiredForTasks#1
10:24:18.027 [main] DEBUG org.hibernate.orm.results.loading.entity - (EntityResultInitializer) Created new entity instance [org.frcpm.models.Component(959674312046200)#1] : 1294198408
10:24:18.027 [main] DEBUG org.hibernate.orm.results - Extracted JDBC value [1] - [null]
10:24:18.027 [main] DEBUG org.hibernate.orm.results - Extracted JDBC value [2] - [false]
10:24:18.027 [main] DEBUG org.hibernate.orm.results - Extracted JDBC value [3] - [Motor controller for NEO brushless motors]
10:24:18.027 [main] DEBUG org.hibernate.orm.results - Extracted JDBC value [4] - [2025-05-04]
10:24:18.027 [main] DEBUG org.hibernate.orm.results - Extracted JDBC value [5] - [SPARK MAX]
10:24:18.027 [main] DEBUG org.hibernate.orm.results - Extracted JDBC value [6] - [REV-11-2158]
10:24:18.027 [main] DEBUG org.hibernate.orm.results.loading.entity - (EntityResultInitializer) Done materializing entityInstance : org.frcpm.models.Component(959674312046200)#1
10:24:18.027 [main] DEBUG org.hibernate.orm.results.loading - Calling top-level assembler (0 / 1) : org.hibernate.sql.results.graph.entity.internal.EntityAssembler@9551d04
10:24:18.027 [main] DEBUG org.hibernate.orm.results - Extracted JDBC value [0] - [2]
10:24:18.027 [main] DEBUG org.hibernate.orm.results.loading.entity - (EntityResultInitializer) Hydrated EntityKey (org.frcpm.models.Component(959674312046200)): 2
10:24:18.027 [main] DEBUG org.hibernate.orm.results.loading.org.hibernate.orm.results.loading.collection - (DelayedCollectionInitializer) Current row collection key : org.frcpm.models.Component(959674312046200).requiredForTasks#2
10:24:18.027 [main] DEBUG org.hibernate.orm.results.loading.entity - (EntityResultInitializer) Created new entity instance [org.frcpm.models.Component(959674312046200)#2] : 1926282183
10:24:18.027 [main] DEBUG org.hibernate.orm.results - Extracted JDBC value [1] - [null]
10:24:18.027 [main] DEBUG org.hibernate.orm.results - Extracted JDBC value [2] - [false]
10:24:18.027 [main] DEBUG org.hibernate.orm.results - Extracted JDBC value [3] - [High performance brushless DC motor]
10:24:18.027 [main] DEBUG org.hibernate.orm.results - Extracted JDBC value [4] - [2025-05-04]
10:24:18.027 [main] DEBUG org.hibernate.orm.results - Extracted JDBC value [5] - [NEO Brushless Motor]
10:24:18.027 [main] DEBUG org.hibernate.orm.results - Extracted JDBC value [6] - [REV-21-1650]
10:24:18.027 [main] DEBUG org.hibernate.orm.results.loading.entity - (EntityResultInitializer) Done materializing entityInstance : org.frcpm.models.Component(959674312046200)#2
10:24:18.027 [main] DEBUG org.hibernate.orm.results.loading - Calling top-level assembler (0 / 1) : org.hibernate.sql.results.graph.entity.internal.EntityAssembler@9551d04
10:24:18.027 [main] DEBUG org.hibernate.orm.results - Extracted JDBC value [0] - [3]
10:24:18.027 [main] DEBUG org.hibernate.orm.results.loading.entity - (EntityResultInitializer) Hydrated EntityKey (org.frcpm.models.Component(959674312046200)): 3
10:24:18.027 [main] DEBUG org.hibernate.orm.results.loading.org.hibernate.orm.results.loading.collection - (DelayedCollectionInitializer) Current row collection key : org.frcpm.models.Component(959674312046200).requiredForTasks#3
10:24:18.028 [main] DEBUG org.hibernate.orm.results.loading.entity - (EntityResultInitializer) Created new entity instance [org.frcpm.models.Component(959674312046200)#3] : 54802999
10:24:18.028 [main] DEBUG org.hibernate.orm.results - Extracted JDBC value [1] - [2025-05-01]
10:24:18.028 [main] DEBUG org.hibernate.orm.results - Extracted JDBC value [2] - [true]
10:24:18.028 [main] DEBUG org.hibernate.orm.results - Extracted JDBC value [3] - [Omni-directional wheels for holonomic drive]
10:24:18.028 [main] DEBUG org.hibernate.orm.results - Extracted JDBC value [4] - [2025-05-02]
10:24:18.028 [main] DEBUG org.hibernate.orm.results - Extracted JDBC value [5] - [4" Omni Wheels]
10:24:18.028 [main] DEBUG org.hibernate.orm.results - Extracted JDBC value [6] - [AM-0016]
10:24:18.028 [main] DEBUG org.hibernate.orm.results.loading.entity - (EntityResultInitializer) Done materializing entityInstance : org.frcpm.models.Component(959674312046200)#3
10:24:18.028 [main] DEBUG org.hibernate.orm.results.loading - Calling top-level assembler (0 / 1) : org.hibernate.sql.results.graph.entity.internal.EntityAssembler@9551d04
10:24:18.028 [main] DEBUG org.hibernate.orm.results - Extracted JDBC value [0] - [4]
10:24:18.028 [main] DEBUG org.hibernate.orm.results.loading.entity - (EntityResultInitializer) Hydrated EntityKey (org.frcpm.models.Component(959674312046200)): 4
10:24:18.028 [main] DEBUG org.hibernate.orm.results.loading.org.hibernate.orm.results.loading.collection - (DelayedCollectionInitializer) Current row collection key : org.frcpm.models.Component(959674312046200).requiredForTasks#4
10:24:18.028 [main] DEBUG org.hibernate.orm.results.loading.entity - (EntityResultInitializer) Created new entity instance [org.frcpm.models.Component(959674312046200)#4] : 1436623721
10:24:18.028 [main] DEBUG org.hibernate.orm.results - Extracted JDBC value [1] - [null]
10:24:18.028 [main] DEBUG org.hibernate.orm.results - Extracted JDBC value [2] - [false]
10:24:18.028 [main] DEBUG org.hibernate.orm.results - Extracted JDBC value [3] - [Smart camera for vision tracking]
10:24:18.028 [main] DEBUG org.hibernate.orm.results - Extracted JDBC value [4] - [2025-05-08]
10:24:18.028 [main] DEBUG org.hibernate.orm.results - Extracted JDBC value [5] - [Limelight 3]
10:24:18.028 [main] DEBUG org.hibernate.orm.results - Extracted JDBC value [6] - [LL3-1]
10:24:18.028 [main] DEBUG org.hibernate.orm.results.loading.entity - (EntityResultInitializer) Done materializing entityInstance : org.frcpm.models.Component(959674312046200)#4
10:24:18.028 [main] DEBUG org.hibernate.orm.results.loading - Calling top-level assembler (0 / 1) : org.hibernate.sql.results.graph.entity.internal.EntityAssembler@9551d04
10:24:18.028 [main] DEBUG org.hibernate.orm.results - Extracted JDBC value [0] - [5]
10:24:18.028 [main] DEBUG org.hibernate.orm.results.loading.entity - (EntityResultInitializer) Hydrated EntityKey (org.frcpm.models.Component(959674312046200)): 5
10:24:18.028 [main] DEBUG org.hibernate.orm.results.loading.org.hibernate.orm.results.loading.collection - (DelayedCollectionInitializer) Current row collection key : org.frcpm.models.Component(959674312046200).requiredForTasks#5
10:24:18.028 [main] DEBUG org.hibernate.orm.results.loading.entity - (EntityResultInitializer) Created new entity instance [org.frcpm.models.Component(959674312046200)#5] : 2142112244
10:24:18.028 [main] DEBUG org.hibernate.orm.results - Extracted JDBC value [1] - [null]
10:24:18.028 [main] DEBUG org.hibernate.orm.results - Extracted JDBC value [2] - [false]
10:24:18.028 [main] DEBUG org.hibernate.orm.results - Extracted JDBC value [3] - [Control module for pneumatic systems]
10:24:18.028 [main] DEBUG org.hibernate.orm.results - Extracted JDBC value [4] - [2025-05-06]
10:24:18.028 [main] DEBUG org.hibernate.orm.results - Extracted JDBC value [5] - [Pneumatic Control Module]
10:24:18.028 [main] DEBUG org.hibernate.orm.results - Extracted JDBC value [6] - [CTRE-PCM]
10:24:18.028 [main] DEBUG org.hibernate.orm.results.loading.entity - (EntityResultInitializer) Done materializing entityInstance : org.frcpm.models.Component(959674312046200)#5
10:24:18.028 [main] DEBUG org.hibernate.orm.results.loading - Calling top-level assembler (0 / 1) : org.hibernate.sql.results.graph.entity.internal.EntityAssembler@9551d04
10:24:18.028 [main] DEBUG org.hibernate.orm.results - Extracted JDBC value [0] - [12]
10:24:18.028 [main] DEBUG org.hibernate.orm.results.loading.entity - (EntityResultInitializer) Hydrated EntityKey (org.frcpm.models.Component(959674312046200)): 12
10:24:18.028 [main] DEBUG org.hibernate.orm.results.loading.org.hibernate.orm.results.loading.collection - (DelayedCollectionInitializer) Current row collection key : org.frcpm.models.Component(959674312046200).requiredForTasks#12
10:24:18.028 [main] DEBUG org.hibernate.orm.results.loading.entity - (EntityResultInitializer) Created new entity instance [org.frcpm.models.Component(959674312046200)#12] : 1143231991
10:24:18.028 [main] DEBUG org.hibernate.orm.results - Extracted JDBC value [1] - [null]
10:24:18.028 [main] DEBUG org.hibernate.orm.results - Extracted JDBC value [2] - [false]
10:24:18.028 [main] DEBUG org.hibernate.orm.results - Extracted JDBC value [3] - [null]
10:24:18.028 [main] DEBUG org.hibernate.orm.results - Extracted JDBC value [4] - [null]
10:24:18.028 [main] DEBUG org.hibernate.orm.results - Extracted JDBC value [5] - [Test Count Component]
10:24:18.028 [main] DEBUG org.hibernate.orm.results - Extracted JDBC value [6] - [TCC-001]
10:24:18.028 [main] DEBUG org.hibernate.orm.results.loading.entity - (EntityResultInitializer) Done materializing entityInstance : org.frcpm.models.Component(959674312046200)#12
10:24:18.028 [main] DEBUG org.hibernate.orm.results.loading - Calling top-level assembler (0 / 1) : org.hibernate.sql.results.graph.entity.internal.EntityAssembler@9551d04
10:24:18.028 [main] DEBUG org.hibernate.orm.results - Extracted JDBC value [0] - [16]
10:24:18.028 [main] DEBUG org.hibernate.orm.results.loading.entity - (EntityResultInitializer) Hydrated EntityKey (org.frcpm.models.Component(959674312046200)): 16
10:24:18.028 [main] DEBUG org.hibernate.orm.results.loading.org.hibernate.orm.results.loading.collection - (DelayedCollectionInitializer) Current row collection key : org.frcpm.models.Component(959674312046200).requiredForTasks#16
10:24:18.028 [main] DEBUG org.hibernate.orm.results.loading.entity - (EntityResultInitializer) Created new entity instance [org.frcpm.models.Component(959674312046200)#16] : 1592376425
10:24:18.028 [main] DEBUG org.hibernate.orm.results - Extracted JDBC value [1] - [null]
10:24:18.028 [main] DEBUG org.hibernate.orm.results - Extracted JDBC value [2] - [false]
10:24:18.028 [main] DEBUG org.hibernate.orm.results - Extracted JDBC value [3] - [Save component description]
10:24:18.028 [main] DEBUG org.hibernate.orm.results - Extracted JDBC value [4] - [2025-05-10]
10:24:18.028 [main] DEBUG org.hibernate.orm.results - Extracted JDBC value [5] - [Test Save Component]
10:24:18.028 [main] DEBUG org.hibernate.orm.results - Extracted JDBC value [6] - [TSC-001]
10:24:18.028 [main] DEBUG org.hibernate.orm.results.loading.entity - (EntityResultInitializer) Done materializing entityInstance : org.frcpm.models.Component(959674312046200)#16
10:24:18.028 [main] DEBUG org.hibernate.orm.results.loading - Calling top-level assembler (0 / 1) : org.hibernate.sql.results.graph.entity.internal.EntityAssembler@9551d04
10:24:18.028 [main] DEBUG org.hibernate.orm.results - Extracted JDBC value [0] - [40]
10:24:18.028 [main] DEBUG org.hibernate.orm.results.loading.entity - (EntityResultInitializer) Hydrated EntityKey (org.frcpm.models.Component(959674312046200)): 40
10:24:18.028 [main] DEBUG org.hibernate.orm.results.loading.org.hibernate.orm.results.loading.collection - (DelayedCollectionInitializer) Current row collection key : org.frcpm.models.Component(959674312046200).requiredForTasks#40
10:24:18.028 [main] DEBUG org.hibernate.orm.results.loading.entity - (EntityResultInitializer) Created new entity instance [org.frcpm.models.Component(959674312046200)#40] : 888523119
10:24:18.028 [main] DEBUG org.hibernate.orm.results - Extracted JDBC value [1] - [2025-04-25]
10:24:18.028 [main] DEBUG org.hibernate.orm.results - Extracted JDBC value [2] - [true]
10:24:18.028 [main] DEBUG org.hibernate.orm.results - Extracted JDBC value [3] - [Updated description]
10:24:18.028 [main] DEBUG org.hibernate.orm.results - Extracted JDBC value [4] - [null]
10:24:18.028 [main] DEBUG org.hibernate.orm.results - Extracted JDBC value [5] - [Updated Component Name]
10:24:18.028 [main] DEBUG org.hibernate.orm.results - Extracted JDBC value [6] - [TUC-001]
10:24:18.028 [main] DEBUG org.hibernate.orm.results.loading.entity - (EntityResultInitializer) Done materializing entityInstance : org.frcpm.models.Component(959674312046200)#40
10:24:18.028 [main] DEBUG org.hibernate.orm.results.loading - Calling top-level assembler (0 / 1) : org.hibernate.sql.results.graph.entity.internal.EntityAssembler@9551d04
10:24:18.028 [main] DEBUG org.hibernate.orm.results - Extracted JDBC value [0] - [55]
10:24:18.028 [main] DEBUG org.hibernate.orm.results.loading.entity - (EntityResultInitializer) Hydrated EntityKey (org.frcpm.models.Component(959674312046200)): 55
10:24:18.028 [main] DEBUG org.hibernate.orm.results.loading.org.hibernate.orm.results.loading.collection - (DelayedCollectionInitializer) Current row collection key : org.frcpm.models.Component(959674312046200).requiredForTasks#55
10:24:18.028 [main] DEBUG org.hibernate.orm.results.loading.entity - (EntityResultInitializer) Created new entity instance [org.frcpm.models.Component(959674312046200)#55] : 1232442347
10:24:18.028 [main] DEBUG org.hibernate.orm.results - Extracted JDBC value [1] - [null]
10:24:18.028 [main] DEBUG org.hibernate.orm.results - Extracted JDBC value [2] - [false]
10:24:18.028 [main] DEBUG org.hibernate.orm.results - Extracted JDBC value [3] - [Component 1 for association test]
10:24:18.028 [main] DEBUG org.hibernate.orm.results - Extracted JDBC value [4] - [2025-04-28]
10:24:18.028 [main] DEBUG org.hibernate.orm.results - Extracted JDBC value [5] - [Test Component Assoc 1]
10:24:18.028 [main] DEBUG org.hibernate.orm.results - Extracted JDBC value [6] - [TC-ASSOC1]
10:24:18.028 [main] DEBUG org.hibernate.orm.results.loading.entity - (EntityResultInitializer) Done materializing entityInstance : org.frcpm.models.Component(959674312046200)#55
10:24:18.028 [main] DEBUG org.hibernate.orm.results.loading - Calling top-level assembler (0 / 1) : org.hibernate.sql.results.graph.entity.internal.EntityAssembler@9551d04
10:24:18.028 [main] DEBUG org.hibernate.orm.results - Extracted JDBC value [0] - [56]
10:24:18.028 [main] DEBUG org.hibernate.orm.results.loading.entity - (EntityResultInitializer) Hydrated EntityKey (org.frcpm.models.Component(959674312046200)): 56
10:24:18.028 [main] DEBUG org.hibernate.orm.results.loading.org.hibernate.orm.results.loading.collection - (DelayedCollectionInitializer) Current row collection key : org.frcpm.models.Component(959674312046200).requiredForTasks#56
10:24:18.028 [main] DEBUG org.hibernate.orm.results.loading.entity - (EntityResultInitializer) Created new entity instance [org.frcpm.models.Component(959674312046200)#56] : 1148660338
10:24:18.029 [main] DEBUG org.hibernate.orm.results - Extracted JDBC value [1] - [null]
10:24:18.029 [main] DEBUG org.hibernate.orm.results - Extracted JDBC value [2] - [false]
10:24:18.029 [main] DEBUG org.hibernate.orm.results - Extracted JDBC value [3] - [Component 2 for association test]
10:24:18.029 [main] DEBUG org.hibernate.orm.results - Extracted JDBC value [4] - [2025-04-30]
10:24:18.029 [main] DEBUG org.hibernate.orm.results - Extracted JDBC value [5] - [Test Component Assoc 2]
10:24:18.029 [main] DEBUG org.hibernate.orm.results - Extracted JDBC value [6] - [TC-ASSOC2]
10:24:18.029 [main] DEBUG org.hibernate.orm.results.loading.entity - (EntityResultInitializer) Done materializing entityInstance : org.frcpm.models.Component(959674312046200)#56
10:24:18.029 [main] DEBUG org.hibernate.orm.results.loading - Calling top-level assembler (0 / 1) : org.hibernate.sql.results.graph.entity.internal.EntityAssembler@9551d04
10:24:18.029 [main] DEBUG org.hibernate.orm.results - Extracted JDBC value [0] - [57]
10:24:18.029 [main] DEBUG org.hibernate.orm.results.loading.entity - (EntityResultInitializer) Hydrated EntityKey (org.frcpm.models.Component(959674312046200)): 57
10:24:18.029 [main] DEBUG org.hibernate.orm.results.loading.org.hibernate.orm.results.loading.collection - (DelayedCollectionInitializer) Current row collection key : org.frcpm.models.Component(959674312046200).requiredForTasks#57
10:24:18.029 [main] DEBUG org.hibernate.orm.results.loading.entity - (EntityResultInitializer) Created new entity instance [org.frcpm.models.Component(959674312046200)#57] : 404549499
10:24:18.029 [main] DEBUG org.hibernate.orm.results - Extracted JDBC value [1] - [null]
10:24:18.029 [main] DEBUG org.hibernate.orm.results - Extracted JDBC value [2] - [false]
10:24:18.029 [main] DEBUG org.hibernate.orm.results - Extracted JDBC value [3] - [First test component description]
10:24:18.029 [main] DEBUG org.hibernate.orm.results - Extracted JDBC value [4] - [2025-04-30]
10:24:18.029 [main] DEBUG org.hibernate.orm.results - Extracted JDBC value [5] - [Test Component 1]
10:24:18.029 [main] DEBUG org.hibernate.orm.results - Extracted JDBC value [6] - [TC-001]
10:24:18.029 [main] DEBUG org.hibernate.orm.results.loading.entity - (EntityResultInitializer) Done materializing entityInstance : org.frcpm.models.Component(959674312046200)#57
10:24:18.029 [main] DEBUG org.hibernate.orm.results.loading - Calling top-level assembler (0 / 1) : org.hibernate.sql.results.graph.entity.internal.EntityAssembler@9551d04
10:24:18.029 [main] DEBUG org.hibernate.orm.results - Extracted JDBC value [0] - [58]
10:24:18.029 [main] DEBUG org.hibernate.orm.results.loading.entity - (EntityResultInitializer) Hydrated EntityKey (org.frcpm.models.Component(959674312046200)): 58
10:24:18.029 [main] DEBUG org.hibernate.orm.results.loading.org.hibernate.orm.results.loading.collection - (DelayedCollectionInitializer) Current row collection key : org.frcpm.models.Component(959674312046200).requiredForTasks#58
10:24:18.029 [main] DEBUG org.hibernate.orm.results.loading.entity - (EntityResultInitializer) Created new entity instance [org.frcpm.models.Component(959674312046200)#58] : 572708647
10:24:18.029 [main] DEBUG org.hibernate.orm.results - Extracted JDBC value [1] - [null]
10:24:18.029 [main] DEBUG org.hibernate.orm.results - Extracted JDBC value [2] - [false]
10:24:18.029 [main] DEBUG org.hibernate.orm.results - Extracted JDBC value [3] - [Second test component description]
10:24:18.029 [main] DEBUG org.hibernate.orm.results - Extracted JDBC value [4] - [2025-05-02]
10:24:18.029 [main] DEBUG org.hibernate.orm.results - Extracted JDBC value [5] - [Test Component 2]
10:24:18.029 [main] DEBUG org.hibernate.orm.results - Extracted JDBC value [6] - [TC-002]
10:24:18.029 [main] DEBUG org.hibernate.orm.results.loading.entity - (EntityResultInitializer) Done materializing entityInstance : org.frcpm.models.Component(959674312046200)#58
10:24:18.029 [main] DEBUG org.hibernate.orm.results.loading - Calling top-level assembler (0 / 1) : org.hibernate.sql.results.graph.entity.internal.EntityAssembler@9551d04
10:24:18.029 [main] DEBUG org.hibernate.orm.results - Extracted JDBC value [0] - [59]
10:24:18.029 [main] DEBUG org.hibernate.orm.results.loading.entity - (EntityResultInitializer) Hydrated EntityKey (org.frcpm.models.Component(959674312046200)): 59
10:24:18.029 [main] DEBUG org.hibernate.orm.results.loading.org.hibernate.orm.results.loading.collection - (DelayedCollectionInitializer) Current row collection key : org.frcpm.models.Component(959674312046200).requiredForTasks#59
10:24:18.029 [main] DEBUG org.hibernate.orm.results.loading.entity - (EntityResultInitializer) Created new entity instance [org.frcpm.models.Component(959674312046200)#59] : 1053134436
10:24:18.029 [main] DEBUG org.hibernate.orm.results - Extracted JDBC value [1] - [2025-05-04]
10:24:18.029 [main] DEBUG org.hibernate.orm.results - Extracted JDBC value [2] - [true]
10:24:18.029 [main] DEBUG org.hibernate.orm.results - Extracted JDBC value [3] - [Third test component description]
10:24:18.029 [main] DEBUG org.hibernate.orm.results - Extracted JDBC value [4] - [2025-05-05]
10:24:18.029 [main] DEBUG org.hibernate.orm.results - Extracted JDBC value [5] - [Test Component 3]
10:24:18.029 [main] DEBUG org.hibernate.orm.results - Extracted JDBC value [6] - [TC-003]
10:24:18.029 [main] DEBUG org.hibernate.orm.results.loading.entity - (EntityResultInitializer) Done materializing entityInstance : org.frcpm.models.Component(959674312046200)#59
10:24:18.029 [main] DEBUG org.hibernate.orm.results.loading - Calling top-level assembler (0 / 1) : org.hibernate.sql.results.graph.entity.internal.EntityAssembler@9551d04
10:24:18.029 [main] DEBUG org.hibernate.orm.results - Extracted JDBC value [0] - [60]
10:24:18.029 [main] DEBUG org.hibernate.orm.results.loading.entity - (EntityResultInitializer) Hydrated EntityKey (org.frcpm.models.Component(959674312046200)): 60
10:24:18.029 [main] DEBUG org.hibernate.orm.results.loading.org.hibernate.orm.results.loading.collection - (DelayedCollectionInitializer) Current row collection key : org.frcpm.models.Component(959674312046200).requiredForTasks#60
10:24:18.029 [main] DEBUG org.hibernate.orm.results.loading.entity - (EntityResultInitializer) Created new entity instance [org.frcpm.models.Component(959674312046200)#60] : 260359123
10:24:18.029 [main] DEBUG org.hibernate.orm.results - Extracted JDBC value [1] - [null]
10:24:18.029 [main] DEBUG org.hibernate.orm.results - Extracted JDBC value [2] - [false]
10:24:18.029 [main] DEBUG org.hibernate.orm.results - Extracted JDBC value [3] - [First test component description]
10:24:18.029 [main] DEBUG org.hibernate.orm.results - Extracted JDBC value [4] - [2025-04-30]
10:24:18.029 [main] DEBUG org.hibernate.orm.results - Extracted JDBC value [5] - [Test Component 1]
10:24:18.029 [main] DEBUG org.hibernate.orm.results - Extracted JDBC value [6] - [TC-001]
10:24:18.029 [main] DEBUG org.hibernate.orm.results.loading.entity - (EntityResultInitializer) Done materializing entityInstance : org.frcpm.models.Component(959674312046200)#60
10:24:18.029 [main] DEBUG org.hibernate.orm.results.loading - Calling top-level assembler (0 / 1) : org.hibernate.sql.results.graph.entity.internal.EntityAssembler@9551d04
10:24:18.029 [main] DEBUG org.hibernate.orm.results - Extracted JDBC value [0] - [61]
10:24:18.029 [main] DEBUG org.hibernate.orm.results.loading.entity - (EntityResultInitializer) Hydrated EntityKey (org.frcpm.models.Component(959674312046200)): 61
10:24:18.029 [main] DEBUG org.hibernate.orm.results.loading.org.hibernate.orm.results.loading.collection - (DelayedCollectionInitializer) Current row collection key : org.frcpm.models.Component(959674312046200).requiredForTasks#61
10:24:18.029 [main] DEBUG org.hibernate.orm.results.loading.entity - (EntityResultInitializer) Created new entity instance [org.frcpm.models.Component(959674312046200)#61] : 853732668
10:24:18.029 [main] DEBUG org.hibernate.orm.results - Extracted JDBC value [1] - [null]
10:24:18.029 [main] DEBUG org.hibernate.orm.results - Extracted JDBC value [2] - [false]
10:24:18.029 [main] DEBUG org.hibernate.orm.results - Extracted JDBC value [3] - [Second test component description]
10:24:18.029 [main] DEBUG org.hibernate.orm.results - Extracted JDBC value [4] - [2025-05-02]
10:24:18.029 [main] DEBUG org.hibernate.orm.results - Extracted JDBC value [5] - [Test Component 2]
10:24:18.029 [main] DEBUG org.hibernate.orm.results - Extracted JDBC value [6] - [TC-002]
10:24:18.029 [main] DEBUG org.hibernate.orm.results.loading.entity - (EntityResultInitializer) Done materializing entityInstance : org.frcpm.models.Component(959674312046200)#61
10:24:18.029 [main] DEBUG org.hibernate.orm.results.loading - Calling top-level assembler (0 / 1) : org.hibernate.sql.results.graph.entity.internal.EntityAssembler@9551d04
10:24:18.029 [main] DEBUG org.hibernate.orm.results - Extracted JDBC value [0] - [62]
10:24:18.029 [main] DEBUG org.hibernate.orm.results.loading.entity - (EntityResultInitializer) Hydrated EntityKey (org.frcpm.models.Component(959674312046200)): 62
10:24:18.029 [main] DEBUG org.hibernate.orm.results.loading.org.hibernate.orm.results.loading.collection - (DelayedCollectionInitializer) Current row collection key : org.frcpm.models.Component(959674312046200).requiredForTasks#62
10:24:18.029 [main] DEBUG org.hibernate.orm.results.loading.entity - (EntityResultInitializer) Created new entity instance [org.frcpm.models.Component(959674312046200)#62] : 2107623635
10:24:18.030 [main] DEBUG org.hibernate.orm.results - Extracted JDBC value [1] - [2025-05-04]
10:24:18.030 [main] DEBUG org.hibernate.orm.results - Extracted JDBC value [2] - [true]
10:24:18.030 [main] DEBUG org.hibernate.orm.results - Extracted JDBC value [3] - [Third test component description]
10:24:18.030 [main] DEBUG org.hibernate.orm.results - Extracted JDBC value [4] - [2025-05-05]
10:24:18.030 [main] DEBUG org.hibernate.orm.results - Extracted JDBC value [5] - [Test Component 3]
10:24:18.030 [main] DEBUG org.hibernate.orm.results - Extracted JDBC value [6] - [TC-003]
10:24:18.030 [main] DEBUG org.hibernate.orm.results.loading.entity - (EntityResultInitializer) Done materializing entityInstance : org.frcpm.models.Component(959674312046200)#62
10:24:18.030 [main] DEBUG org.hibernate.orm.results.loading - Calling top-level assembler (0 / 1) : org.hibernate.sql.results.graph.entity.internal.EntityAssembler@9551d04
10:24:18.030 [main] DEBUG org.hibernate.orm.results - Extracted JDBC value [0] - [63]
10:24:18.030 [main] DEBUG org.hibernate.orm.results.loading.entity - (EntityResultInitializer) Hydrated EntityKey (org.frcpm.models.Component(959674312046200)): 63
10:24:18.030 [main] DEBUG org.hibernate.orm.results.loading.org.hibernate.orm.results.loading.collection - (DelayedCollectionInitializer) Current row collection key : org.frcpm.models.Component(959674312046200).requiredForTasks#63
10:24:18.030 [main] DEBUG org.hibernate.orm.results.loading.entity - (EntityResultInitializer) Created new entity instance [org.frcpm.models.Component(959674312046200)#63] : 1341097062
10:24:18.030 [main] DEBUG org.hibernate.orm.results - Extracted JDBC value [1] - [null]
10:24:18.030 [main] DEBUG org.hibernate.orm.results - Extracted JDBC value [2] - [false]
10:24:18.030 [main] DEBUG org.hibernate.orm.results - Extracted JDBC value [3] - [null]
10:24:18.030 [main] DEBUG org.hibernate.orm.results - Extracted JDBC value [4] - [null]
10:24:18.030 [main] DEBUG org.hibernate.orm.results - Extracted JDBC value [5] - [Test Count Component]
10:24:18.030 [main] DEBUG org.hibernate.orm.results - Extracted JDBC value [6] - [TCC-001]
10:24:18.030 [main] DEBUG org.hibernate.orm.results.loading.entity - (EntityResultInitializer) Done materializing entityInstance : org.frcpm.models.Component(959674312046200)#63
10:24:18.030 [main] DEBUG org.hibernate.orm.results.loading - Calling top-level assembler (0 / 1) : org.hibernate.sql.results.graph.entity.internal.EntityAssembler@9551d04
10:24:18.030 [main] DEBUG org.hibernate.orm.results - Extracted JDBC value [0] - [64]
10:24:18.030 [main] DEBUG org.hibernate.orm.results.loading.entity - (EntityResultInitializer) Hydrated EntityKey (org.frcpm.models.Component(959674312046200)): 64
10:24:18.030 [main] DEBUG org.hibernate.orm.results.loading.org.hibernate.orm.results.loading.collection - (DelayedCollectionInitializer) Current row collection key : org.frcpm.models.Component(959674312046200).requiredForTasks#64
10:24:18.030 [main] DEBUG org.hibernate.orm.results.loading.entity - (EntityResultInitializer) Created new entity instance [org.frcpm.models.Component(959674312046200)#64] : 2016627416
10:24:18.030 [main] DEBUG org.hibernate.orm.results - Extracted JDBC value [1] - [null]
10:24:18.030 [main] DEBUG org.hibernate.orm.results - Extracted JDBC value [2] - [false]
10:24:18.030 [main] DEBUG org.hibernate.orm.results - Extracted JDBC value [3] - [First test component description]
10:24:18.030 [main] DEBUG org.hibernate.orm.results - Extracted JDBC value [4] - [2025-04-30]
10:24:18.030 [main] DEBUG org.hibernate.orm.results - Extracted JDBC value [5] - [Test Component 1]
10:24:18.030 [main] DEBUG org.hibernate.orm.results - Extracted JDBC value [6] - [TC-001]
10:24:18.030 [main] DEBUG org.hibernate.orm.results.loading.entity - (EntityResultInitializer) Done materializing entityInstance : org.frcpm.models.Component(959674312046200)#64
10:24:18.030 [main] DEBUG org.hibernate.orm.results.loading - Calling top-level assembler (0 / 1) : org.hibernate.sql.results.graph.entity.internal.EntityAssembler@9551d04
10:24:18.030 [main] DEBUG org.hibernate.orm.results - Extracted JDBC value [0] - [65]
10:24:18.030 [main] DEBUG org.hibernate.orm.results.loading.entity - (EntityResultInitializer) Hydrated EntityKey (org.frcpm.models.Component(959674312046200)): 65
10:24:18.030 [main] DEBUG org.hibernate.orm.results.loading.org.hibernate.orm.results.loading.collection - (DelayedCollectionInitializer) Current row collection key : org.frcpm.models.Component(959674312046200).requiredForTasks#65
10:24:18.030 [main] DEBUG org.hibernate.orm.results.loading.entity - (EntityResultInitializer) Created new entity instance [org.frcpm.models.Component(959674312046200)#65] : 697823273
10:24:18.030 [main] DEBUG org.hibernate.orm.results - Extracted JDBC value [1] - [null]
10:24:18.030 [main] DEBUG org.hibernate.orm.results - Extracted JDBC value [2] - [false]
10:24:18.030 [main] DEBUG org.hibernate.orm.results - Extracted JDBC value [3] - [Second test component description]
10:24:18.030 [main] DEBUG org.hibernate.orm.results - Extracted JDBC value [4] - [2025-05-02]
10:24:18.030 [main] DEBUG org.hibernate.orm.results - Extracted JDBC value [5] - [Test Component 2]
10:24:18.030 [main] DEBUG org.hibernate.orm.results - Extracted JDBC value [6] - [TC-002]
10:24:18.030 [main] DEBUG org.hibernate.orm.results.loading.entity - (EntityResultInitializer) Done materializing entityInstance : org.frcpm.models.Component(959674312046200)#65
10:24:18.030 [main] DEBUG org.hibernate.orm.results.loading - Calling top-level assembler (0 / 1) : org.hibernate.sql.results.graph.entity.internal.EntityAssembler@9551d04
10:24:18.031 [main] DEBUG org.hibernate.orm.results - Extracted JDBC value [0] - [66]
10:24:18.031 [main] DEBUG org.hibernate.orm.results.loading.entity - (EntityResultInitializer) Hydrated EntityKey (org.frcpm.models.Component(959674312046200)): 66
10:24:18.031 [main] DEBUG org.hibernate.orm.results.loading.org.hibernate.orm.results.loading.collection - (DelayedCollectionInitializer) Current row collection key : org.frcpm.models.Component(959674312046200).requiredForTasks#66
10:24:18.031 [main] DEBUG org.hibernate.orm.results.loading.entity - (EntityResultInitializer) Created new entity instance [org.frcpm.models.Component(959674312046200)#66] : 2125294998
10:24:18.031 [main] DEBUG org.hibernate.orm.results - Extracted JDBC value [1] - [2025-05-04]
10:24:18.031 [main] DEBUG org.hibernate.orm.results - Extracted JDBC value [2] - [true]
10:24:18.031 [main] DEBUG org.hibernate.orm.results - Extracted JDBC value [3] - [Third test component description]
10:24:18.031 [main] DEBUG org.hibernate.orm.results - Extracted JDBC value [4] - [2025-05-05]
10:24:18.031 [main] DEBUG org.hibernate.orm.results - Extracted JDBC value [5] - [Test Component 3]
10:24:18.031 [main] DEBUG org.hibernate.orm.results - Extracted JDBC value [6] - [TC-003]
10:24:18.031 [main] DEBUG org.hibernate.orm.results.loading.entity - (EntityResultInitializer) Done materializing entityInstance : org.frcpm.models.Component(959674312046200)#66
10:24:18.031 [main] DEBUG org.hibernate.orm.results.loading - Calling top-level assembler (0 / 1) : org.hibernate.sql.results.graph.entity.internal.EntityAssembler@9551d04
10:24:18.031 [main] DEBUG org.hibernate.orm.results - Extracted JDBC value [0] - [67]
10:24:18.031 [main] DEBUG org.hibernate.orm.results.loading.entity - (EntityResultInitializer) Hydrated EntityKey (org.frcpm.models.Component(959674312046200)): 67
10:24:18.031 [main] DEBUG org.hibernate.orm.results.loading.org.hibernate.orm.results.loading.collection - (DelayedCollectionInitializer) Current row collection key : org.frcpm.models.Component(959674312046200).requiredForTasks#67
10:24:18.031 [main] DEBUG org.hibernate.orm.results.loading.entity - (EntityResultInitializer) Created new entity instance [org.frcpm.models.Component(959674312046200)#67] : 918963927
10:24:18.031 [main] DEBUG org.hibernate.orm.results - Extracted JDBC value [1] - [null]
10:24:18.031 [main] DEBUG org.hibernate.orm.results - Extracted JDBC value [2] - [false]
10:24:18.031 [main] DEBUG org.hibernate.orm.results - Extracted JDBC value [3] - [Save component description]
10:24:18.031 [main] DEBUG org.hibernate.orm.results - Extracted JDBC value [4] - [2025-05-10]
10:24:18.031 [main] DEBUG org.hibernate.orm.results - Extracted JDBC value [5] - [Test Save Component]
10:24:18.031 [main] DEBUG org.hibernate.orm.results - Extracted JDBC value [6] - [TSC-001]
10:24:18.031 [main] DEBUG org.hibernate.orm.results.loading.entity - (EntityResultInitializer) Done materializing entityInstance : org.frcpm.models.Component(959674312046200)#67
10:24:18.031 [main] DEBUG org.hibernate.orm.results.loading - Calling top-level assembler (0 / 1) : org.hibernate.sql.results.graph.entity.internal.EntityAssembler@9551d04
10:24:18.031 [main] DEBUG org.hibernate.resource.jdbc.internal.LogicalConnectionManagedImpl - Initiating JDBC connection release from afterTransaction
10:24:18.031 [main] DEBUG org.hibernate.resource.jdbc.internal.LogicalConnectionManagedImpl - Initiating JDBC connection release from afterTransaction
10:24:18.031 [main] DEBUG org.hibernate.engine.transaction.internal.TransactionImpl - On TransactionImpl creation, JpaCompliance#isJpaTransactionComplianceEnabled == false
10:24:18.031 [main] DEBUG org.hibernate.engine.transaction.internal.TransactionImpl - begin
10:24:18.032 [main] DEBUG org.hibernate.orm.sql.exec - Skipping reading Query result cache data: cache-enabled = false, cache-mode = IGNORE
10:24:18.033 [main] DEBUG org.hibernate.orm.results - Initializer list:
	  org.frcpm.models.Component -> EntityResultInitializer(org.frcpm.models.Component)@1811610329 (SingleTableEntityPersister(org.frcpm.models.Component))
	  org.frcpm.models.Component.requiredForTasks -> DelayedCollectionInitializer(org.frcpm.models.Component.requiredForTasks)@2093604708 (PluralAttribute(org.frcpm.models.Component.requiredForTasks))

10:24:18.033 [main] DEBUG org.hibernate.SQL - select c1_0.id,c1_0.actual_delivery,c1_0.is_delivered,c1_0.description,c1_0.expected_delivery,c1_0.name,c1_0.part_number from components c1_0 where c1_0.id=?
10:24:18.033 [main] DEBUG org.hibernate.orm.results.loading.entity - (EntityResultInitializer) Hydrated EntityKey (org.frcpm.models.Component): 55
10:24:18.033 [main] DEBUG org.hibernate.orm.results.loading.org.hibernate.orm.results.loading.collection - (DelayedCollectionInitializer) Current row collection key : org.frcpm.models.Component.requiredForTasks#55
10:24:18.033 [main] DEBUG org.hibernate.orm.results.loading.entity - (EntityResultInitializer) Created new entity instance [org.frcpm.models.Component#55] : 1304486932
10:24:18.033 [main] DEBUG org.hibernate.orm.results - Extracted JDBC value [1] - [null]
10:24:18.033 [main] DEBUG org.hibernate.orm.results - Extracted JDBC value [2] - [false]
10:24:18.033 [main] DEBUG org.hibernate.orm.results - Extracted JDBC value [3] - [Component 1 for association test]
10:24:18.033 [main] DEBUG org.hibernate.orm.results - Extracted JDBC value [4] - [2025-04-28]
10:24:18.033 [main] DEBUG org.hibernate.orm.results - Extracted JDBC value [5] - [Test Component Assoc 1]
10:24:18.033 [main] DEBUG org.hibernate.orm.results - Extracted JDBC value [6] - [TC-ASSOC1]
10:24:18.033 [main] DEBUG org.hibernate.orm.results.loading.entity - (EntityResultInitializer) Done materializing entityInstance : org.frcpm.models.Component#55
10:24:18.033 [main] DEBUG org.hibernate.orm.results.loading - Calling top-level assembler (0 / 1) : org.hibernate.sql.results.graph.entity.internal.EntityAssembler@691d1a65
10:24:18.034 [main] DEBUG org.hibernate.engine.transaction.internal.TransactionImpl - committing
10:24:18.034 [main] DEBUG org.hibernate.event.internal.AbstractFlushingEventListener - Processing flush-time cascades
10:24:18.034 [main] DEBUG org.hibernate.event.internal.AbstractFlushingEventListener - Dirty checking collections
10:24:18.034 [main] DEBUG org.hibernate.engine.internal.Collections - Collection dereferenced: [org.frcpm.models.Component.requiredForTasks#55]
10:24:18.034 [main] DEBUG org.hibernate.event.internal.AbstractFlushingEventListener - Flushed: 0 insertions, 0 updates, 1 deletions to 1 objects
10:24:18.034 [main] DEBUG org.hibernate.event.internal.AbstractFlushingEventListener - Flushed: 0 (re)creations, 0 updates, 1 removals to 1 collections
10:24:18.034 [main] DEBUG org.hibernate.internal.util.EntityPrinter - Listing entities:
10:24:18.034 [main] DEBUG org.hibernate.internal.util.EntityPrinter - org.frcpm.models.Component{expectedDelivery=2025-04-28, requiredForTasks=<uninitialized>, name=Test Component Assoc 1, actualDelivery=null, description=Component 1 for association test, delivered=false, partNumber=TC-ASSOC1, id=55}
10:24:18.035 [main] DEBUG org.hibernate.SQL - delete from components where id=?
10:24:18.036 [main] INFO org.hibernate.orm.jdbc.batch - HHH100503: On release of batch it still contained JDBC statements
10:24:18.036 [main] ERROR org.hibernate.orm.jdbc.batch - HHH100501: Exception executing batch [org.h2.jdbc.JdbcBatchUpdateException: Referential integrity constraint violation: "FK5IRPAISPCX79XWY6N1QOMAXNV: PUBLIC.TASK_COMPONENTS FOREIGN KEY(COMPONENT_ID) REFERENCES PUBLIC.COMPONENTS(ID) (CAST(55 AS BIGINT))"; SQL statement:
delete from components where id=? [23503-224]], SQL: delete from components where id=?
10:24:18.036 [main] DEBUG org.hibernate.engine.jdbc.spi.SqlExceptionHelper - could not execute batch [delete from components where id=?]
org.h2.jdbc.JdbcBatchUpdateException: Referential integrity constraint violation: "FK5IRPAISPCX79XWY6N1QOMAXNV: PUBLIC.TASK_COMPONENTS FOREIGN KEY(COMPONENT_ID) REFERENCES PUBLIC.COMPONENTS(ID) (CAST(55 AS BIGINT))"; SQL statement:
delete from components where id=? [23503-224]
	at org.h2.jdbc.JdbcPreparedStatement.executeBatch(JdbcPreparedStatement.java:1282)
	at com.zaxxer.hikari.pool.ProxyStatement.executeBatch(ProxyStatement.java:127)
	at com.zaxxer.hikari.pool.HikariProxyPreparedStatement.executeBatch(HikariProxyPreparedStatement.java)
	at org.hibernate.engine.jdbc.batch.internal.BatchImpl.lambda$performExecution$2(BatchImpl.java:279)
	at org.hibernate.engine.jdbc.mutation.internal.PreparedStatementGroupSingleTable.forEachStatement(PreparedStatementGroupSingleTable.java:67)
	at org.hibernate.engine.jdbc.batch.internal.BatchImpl.performExecution(BatchImpl.java:264)
	at org.hibernate.engine.jdbc.batch.internal.BatchImpl.execute(BatchImpl.java:242)
	at org.hibernate.engine.jdbc.internal.JdbcCoordinatorImpl.executeBatch(JdbcCoordinatorImpl.java:188)
	at org.hibernate.engine.spi.ActionQueue.executeActions(ActionQueue.java:662)
	at org.hibernate.engine.spi.ActionQueue.executeActions(ActionQueue.java:499)
	at org.hibernate.event.internal.AbstractFlushingEventListener.performExecutions(AbstractFlushingEventListener.java:371)
	at org.hibernate.event.internal.DefaultFlushEventListener.onFlush(DefaultFlushEventListener.java:41)
	at org.hibernate.event.service.internal.EventListenerGroupImpl.fireEventOnEachListener(EventListenerGroupImpl.java:127)
	at org.hibernate.internal.SessionImpl.doFlush(SessionImpl.java:1425)
	at org.hibernate.internal.SessionImpl.managedFlush(SessionImpl.java:487)
	at org.hibernate.internal.SessionImpl.flushBeforeTransactionCompletion(SessionImpl.java:2324)
	at org.hibernate.internal.SessionImpl.beforeTransactionCompletion(SessionImpl.java:1981)
	at org.hibernate.engine.jdbc.internal.JdbcCoordinatorImpl.beforeTransactionCompletion(JdbcCoordinatorImpl.java:439)
	at org.hibernate.resource.transaction.backend.jdbc.internal.JdbcResourceLocalTransactionCoordinatorImpl.beforeCompletionCallback(JdbcResourceLocalTransactionCoordinatorImpl.java:169)
	at org.hibernate.resource.transaction.backend.jdbc.internal.JdbcResourceLocalTransactionCoordinatorImpl$TransactionDriverControlImpl.commit(JdbcResourceLocalTransactionCoordinatorImpl.java:267)
	at org.hibernate.engine.transaction.internal.TransactionImpl.commit(TransactionImpl.java:101)
	at org.frcpm.repositories.impl.JpaRepositoryImpl.delete(JpaRepositoryImpl.java:165)
	at org.frcpm.repositories.ComponentRepositoryTest.cleanupTestComponents(ComponentRepositoryTest.java:63)
	at org.frcpm.repositories.ComponentRepositoryTest.tearDown(ComponentRepositoryTest.java:35)
	at java.base/jdk.internal.reflect.DirectMethodHandleAccessor.invoke(DirectMethodHandleAccessor.java:103)
	at java.base/java.lang.reflect.Method.invoke(Method.java:580)
	at org.junit.platform.commons.util.ReflectionUtils.invokeMethod(ReflectionUtils.java:728)
	at org.junit.jupiter.engine.execution.MethodInvocation.proceed(MethodInvocation.java:60)
	at org.junit.jupiter.engine.execution.InvocationInterceptorChain$ValidatingInvocation.proceed(InvocationInterceptorChain.java:131)
	at org.junit.jupiter.engine.extension.TimeoutExtension.intercept(TimeoutExtension.java:156)
	at org.junit.jupiter.engine.extension.TimeoutExtension.interceptLifecycleMethod(TimeoutExtension.java:128)
	at org.junit.jupiter.engine.extension.TimeoutExtension.interceptAfterEachMethod(TimeoutExtension.java:110)
	at org.junit.jupiter.engine.execution.InterceptingExecutableInvoker$ReflectiveInterceptorCall.lambda$ofVoidMethod$0(InterceptingExecutableInvoker.java:103)
	at org.junit.jupiter.engine.execution.InterceptingExecutableInvoker.lambda$invoke$0(InterceptingExecutableInvoker.java:93)
	at org.junit.jupiter.engine.execution.InvocationInterceptorChain$InterceptedInvocation.proceed(InvocationInterceptorChain.java:106)
	at org.junit.jupiter.engine.execution.InvocationInterceptorChain.proceed(InvocationInterceptorChain.java:64)
	at org.junit.jupiter.engine.execution.InvocationInterceptorChain.chainAndInvoke(InvocationInterceptorChain.java:45)
	at org.junit.jupiter.engine.execution.InvocationInterceptorChain.invoke(InvocationInterceptorChain.java:37)
	at org.junit.jupiter.engine.execution.InterceptingExecutableInvoker.invoke(InterceptingExecutableInvoker.java:92)
	at org.junit.jupiter.engine.execution.InterceptingExecutableInvoker.invoke(InterceptingExecutableInvoker.java:86)
	at org.junit.jupiter.engine.descriptor.ClassBasedTestDescriptor.invokeMethodInExtensionContext(ClassBasedTestDescriptor.java:521)
	at org.junit.jupiter.engine.descriptor.ClassBasedTestDescriptor.lambda$synthesizeAfterEachMethodAdapter$24(ClassBasedTestDescriptor.java:511)
	at org.junit.jupiter.engine.descriptor.TestMethodTestDescriptor.lambda$invokeAfterEachMethods$10(TestMethodTestDescriptor.java:244)
	at org.junit.jupiter.engine.descriptor.TestMethodTestDescriptor.lambda$invokeAllAfterMethodsOrCallbacks$13(TestMethodTestDescriptor.java:277)
	at org.junit.platform.engine.support.hierarchical.ThrowableCollector.execute(ThrowableCollector.java:73)
	at org.junit.jupiter.engine.descriptor.TestMethodTestDescriptor.lambda$invokeAllAfterMethodsOrCallbacks$14(TestMethodTestDescriptor.java:277)
	at org.junit.platform.commons.util.CollectionUtils.forEachInReverseOrder(CollectionUtils.java:217)
	at org.junit.jupiter.engine.descriptor.TestMethodTestDescriptor.invokeAllAfterMethodsOrCallbacks(TestMethodTestDescriptor.java:276)
	at org.junit.jupiter.engine.descriptor.TestMethodTestDescriptor.invokeAfterEachMethods(TestMethodTestDescriptor.java:242)
	at org.junit.jupiter.engine.descriptor.TestMethodTestDescriptor.execute(TestMethodTestDescriptor.java:143)
	at org.junit.jupiter.engine.descriptor.TestMethodTestDescriptor.execute(TestMethodTestDescriptor.java:69)
	at org.junit.platform.engine.support.hierarchical.NodeTestTask.lambda$executeRecursively$6(NodeTestTask.java:151)
	at org.junit.platform.engine.support.hierarchical.ThrowableCollector.execute(ThrowableCollector.java:73)
	at org.junit.platform.engine.support.hierarchical.NodeTestTask.lambda$executeRecursively$8(NodeTestTask.java:141)
	at org.junit.platform.engine.support.hierarchical.Node.around(Node.java:137)
	at org.junit.platform.engine.support.hierarchical.NodeTestTask.lambda$executeRecursively$9(NodeTestTask.java:139)
	at org.junit.platform.engine.support.hierarchical.ThrowableCollector.execute(ThrowableCollector.java:73)
	at org.junit.platform.engine.support.hierarchical.NodeTestTask.executeRecursively(NodeTestTask.java:138)
	at org.junit.platform.engine.support.hierarchical.NodeTestTask.execute(NodeTestTask.java:95)
	at java.base/java.util.ArrayList.forEach(ArrayList.java:1596)
	at org.junit.platform.engine.support.hierarchical.SameThreadHierarchicalTestExecutorService.invokeAll(SameThreadHierarchicalTestExecutorService.java:41)
	at org.junit.platform.engine.support.hierarchical.NodeTestTask.lambda$executeRecursively$6(NodeTestTask.java:155)
	at org.junit.platform.engine.support.hierarchical.ThrowableCollector.execute(ThrowableCollector.java:73)
	at org.junit.platform.engine.support.hierarchical.NodeTestTask.lambda$executeRecursively$8(NodeTestTask.java:141)
	at org.junit.platform.engine.support.hierarchical.Node.around(Node.java:137)
	at org.junit.platform.engine.support.hierarchical.NodeTestTask.lambda$executeRecursively$9(NodeTestTask.java:139)
	at org.junit.platform.engine.support.hierarchical.ThrowableCollector.execute(ThrowableCollector.java:73)
	at org.junit.platform.engine.support.hierarchical.NodeTestTask.executeRecursively(NodeTestTask.java:138)
	at org.junit.platform.engine.support.hierarchical.NodeTestTask.execute(NodeTestTask.java:95)
	at java.base/java.util.ArrayList.forEach(ArrayList.java:1596)
	at org.junit.platform.engine.support.hierarchical.SameThreadHierarchicalTestExecutorService.invokeAll(SameThreadHierarchicalTestExecutorService.java:41)
	at org.junit.platform.engine.support.hierarchical.NodeTestTask.lambda$executeRecursively$6(NodeTestTask.java:155)
	at org.junit.platform.engine.support.hierarchical.ThrowableCollector.execute(ThrowableCollector.java:73)
	at org.junit.platform.engine.support.hierarchical.NodeTestTask.lambda$executeRecursively$8(NodeTestTask.java:141)
	at org.junit.platform.engine.support.hierarchical.Node.around(Node.java:137)
	at org.junit.platform.engine.support.hierarchical.NodeTestTask.lambda$executeRecursively$9(NodeTestTask.java:139)
	at org.junit.platform.engine.support.hierarchical.ThrowableCollector.execute(ThrowableCollector.java:73)
	at org.junit.platform.engine.support.hierarchical.NodeTestTask.executeRecursively(NodeTestTask.java:138)
	at org.junit.platform.engine.support.hierarchical.NodeTestTask.execute(NodeTestTask.java:95)
	at org.junit.platform.engine.support.hierarchical.SameThreadHierarchicalTestExecutorService.submit(SameThreadHierarchicalTestExecutorService.java:35)
	at org.junit.platform.engine.support.hierarchical.HierarchicalTestExecutor.execute(HierarchicalTestExecutor.java:57)
	at org.junit.platform.engine.support.hierarchical.HierarchicalTestEngine.execute(HierarchicalTestEngine.java:54)
	at org.junit.platform.launcher.core.EngineExecutionOrchestrator.execute(EngineExecutionOrchestrator.java:198)
	at org.junit.platform.launcher.core.EngineExecutionOrchestrator.execute(EngineExecutionOrchestrator.java:169)
	at org.junit.platform.launcher.core.EngineExecutionOrchestrator.execute(EngineExecutionOrchestrator.java:93)
	at org.junit.platform.launcher.core.EngineExecutionOrchestrator.lambda$execute$0(EngineExecutionOrchestrator.java:58)
	at org.junit.platform.launcher.core.EngineExecutionOrchestrator.withInterceptedStreams(EngineExecutionOrchestrator.java:141)
	at org.junit.platform.launcher.core.EngineExecutionOrchestrator.execute(EngineExecutionOrchestrator.java:57)
	at org.junit.platform.launcher.core.DefaultLauncher.execute(DefaultLauncher.java:103)
	at org.junit.platform.launcher.core.DefaultLauncher.execute(DefaultLauncher.java:85)
	at org.junit.platform.launcher.core.DelegatingLauncher.execute(DelegatingLauncher.java:47)
	at org.apache.maven.surefire.junitplatform.LazyLauncher.execute(LazyLauncher.java:56)
	at org.apache.maven.surefire.junitplatform.JUnitPlatformProvider.execute(JUnitPlatformProvider.java:184)
	at org.apache.maven.surefire.junitplatform.JUnitPlatformProvider.invokeAllTests(JUnitPlatformProvider.java:148)
	at org.apache.maven.surefire.junitplatform.JUnitPlatformProvider.invoke(JUnitPlatformProvider.java:122)
	at org.apache.maven.surefire.booter.ForkedBooter.runSuitesInProcess(ForkedBooter.java:385)
	at org.apache.maven.surefire.booter.ForkedBooter.execute(ForkedBooter.java:162)
	at org.apache.maven.surefire.booter.ForkedBooter.run(ForkedBooter.java:507)
	at org.apache.maven.surefire.booter.ForkedBooter.main(ForkedBooter.java:495)
10:24:18.037 [main] WARN org.hibernate.engine.jdbc.spi.SqlExceptionHelper - SQL Error: 23503, SQLState: 23503
10:24:18.037 [main] ERROR org.hibernate.engine.jdbc.spi.SqlExceptionHelper - Referential integrity constraint violation: "FK5IRPAISPCX79XWY6N1QOMAXNV: PUBLIC.TASK_COMPONENTS FOREIGN KEY(COMPONENT_ID) REFERENCES PUBLIC.COMPONENTS(ID) (CAST(55 AS BIGINT))"; SQL statement:
delete from components where id=? [23503-224]
10:24:18.037 [main] DEBUG org.hibernate.orm.jdbc.batch - PreparedStatementDetails did not contain PreparedStatement on #releaseStatements : delete from components where id=?
10:24:18.037 [main] DEBUG org.hibernate.orm.jdbc.batch - PreparedStatementDetails did not contain PreparedStatement on #releaseStatements : delete from components where id=?
10:24:18.037 [main] DEBUG org.hibernate.resource.transaction.backend.jdbc.internal.JdbcResourceLocalTransactionCoordinatorImpl - JDBC transaction marked for rollback-only (exception provided for stack trace)
java.lang.Exception: exception just for purpose of providing stack trace
	at org.hibernate.resource.transaction.backend.jdbc.internal.JdbcResourceLocalTransactionCoordinatorImpl$TransactionDriverControlImpl.markRollbackOnly(JdbcResourceLocalTransactionCoordinatorImpl.java:309)
	at org.hibernate.engine.transaction.internal.TransactionImpl.markRollbackOnly(TransactionImpl.java:203)
	at org.hibernate.internal.AbstractSharedSessionContract.markForRollbackOnly(AbstractSharedSessionContract.java:512)
	at org.hibernate.internal.ExceptionConverterImpl.rollbackIfNecessary(ExceptionConverterImpl.java:264)
	at org.hibernate.internal.ExceptionConverterImpl.convert(ExceptionConverterImpl.java:160)
	at org.hibernate.internal.ExceptionConverterImpl.convert(ExceptionConverterImpl.java:167)
	at org.hibernate.internal.ExceptionConverterImpl.convert(ExceptionConverterImpl.java:173)
	at org.hibernate.internal.SessionImpl.doFlush(SessionImpl.java:1429)
	at org.hibernate.internal.SessionImpl.managedFlush(SessionImpl.java:487)
	at org.hibernate.internal.SessionImpl.flushBeforeTransactionCompletion(SessionImpl.java:2324)
	at org.hibernate.internal.SessionImpl.beforeTransactionCompletion(SessionImpl.java:1981)
	at org.hibernate.engine.jdbc.internal.JdbcCoordinatorImpl.beforeTransactionCompletion(JdbcCoordinatorImpl.java:439)
	at org.hibernate.resource.transaction.backend.jdbc.internal.JdbcResourceLocalTransactionCoordinatorImpl.beforeCompletionCallback(JdbcResourceLocalTransactionCoordinatorImpl.java:169)
	at org.hibernate.resource.transaction.backend.jdbc.internal.JdbcResourceLocalTransactionCoordinatorImpl$TransactionDriverControlImpl.commit(JdbcResourceLocalTransactionCoordinatorImpl.java:267)
	at org.hibernate.engine.transaction.internal.TransactionImpl.commit(TransactionImpl.java:101)
	at org.frcpm.repositories.impl.JpaRepositoryImpl.delete(JpaRepositoryImpl.java:165)
	at org.frcpm.repositories.ComponentRepositoryTest.cleanupTestComponents(ComponentRepositoryTest.java:63)
	at org.frcpm.repositories.ComponentRepositoryTest.tearDown(ComponentRepositoryTest.java:35)
	at java.base/jdk.internal.reflect.DirectMethodHandleAccessor.invoke(DirectMethodHandleAccessor.java:103)
	at java.base/java.lang.reflect.Method.invoke(Method.java:580)
	at org.junit.platform.commons.util.ReflectionUtils.invokeMethod(ReflectionUtils.java:728)
	at org.junit.jupiter.engine.execution.MethodInvocation.proceed(MethodInvocation.java:60)
	at org.junit.jupiter.engine.execution.InvocationInterceptorChain$ValidatingInvocation.proceed(InvocationInterceptorChain.java:131)
	at org.junit.jupiter.engine.extension.TimeoutExtension.intercept(TimeoutExtension.java:156)
	at org.junit.jupiter.engine.extension.TimeoutExtension.interceptLifecycleMethod(TimeoutExtension.java:128)
	at org.junit.jupiter.engine.extension.TimeoutExtension.interceptAfterEachMethod(TimeoutExtension.java:110)
	at org.junit.jupiter.engine.execution.InterceptingExecutableInvoker$ReflectiveInterceptorCall.lambda$ofVoidMethod$0(InterceptingExecutableInvoker.java:103)
	at org.junit.jupiter.engine.execution.InterceptingExecutableInvoker.lambda$invoke$0(InterceptingExecutableInvoker.java:93)
	at org.junit.jupiter.engine.execution.InvocationInterceptorChain$InterceptedInvocation.proceed(InvocationInterceptorChain.java:106)
	at org.junit.jupiter.engine.execution.InvocationInterceptorChain.proceed(InvocationInterceptorChain.java:64)
	at org.junit.jupiter.engine.execution.InvocationInterceptorChain.chainAndInvoke(InvocationInterceptorChain.java:45)
	at org.junit.jupiter.engine.execution.InvocationInterceptorChain.invoke(InvocationInterceptorChain.java:37)
	at org.junit.jupiter.engine.execution.InterceptingExecutableInvoker.invoke(InterceptingExecutableInvoker.java:92)
	at org.junit.jupiter.engine.execution.InterceptingExecutableInvoker.invoke(InterceptingExecutableInvoker.java:86)
	at org.junit.jupiter.engine.descriptor.ClassBasedTestDescriptor.invokeMethodInExtensionContext(ClassBasedTestDescriptor.java:521)
	at org.junit.jupiter.engine.descriptor.ClassBasedTestDescriptor.lambda$synthesizeAfterEachMethodAdapter$24(ClassBasedTestDescriptor.java:511)
	at org.junit.jupiter.engine.descriptor.TestMethodTestDescriptor.lambda$invokeAfterEachMethods$10(TestMethodTestDescriptor.java:244)
	at org.junit.jupiter.engine.descriptor.TestMethodTestDescriptor.lambda$invokeAllAfterMethodsOrCallbacks$13(TestMethodTestDescriptor.java:277)
	at org.junit.platform.engine.support.hierarchical.ThrowableCollector.execute(ThrowableCollector.java:73)
	at org.junit.jupiter.engine.descriptor.TestMethodTestDescriptor.lambda$invokeAllAfterMethodsOrCallbacks$14(TestMethodTestDescriptor.java:277)
	at org.junit.platform.commons.util.CollectionUtils.forEachInReverseOrder(CollectionUtils.java:217)
	at org.junit.jupiter.engine.descriptor.TestMethodTestDescriptor.invokeAllAfterMethodsOrCallbacks(TestMethodTestDescriptor.java:276)
	at org.junit.jupiter.engine.descriptor.TestMethodTestDescriptor.invokeAfterEachMethods(TestMethodTestDescriptor.java:242)
	at org.junit.jupiter.engine.descriptor.TestMethodTestDescriptor.execute(TestMethodTestDescriptor.java:143)
	at org.junit.jupiter.engine.descriptor.TestMethodTestDescriptor.execute(TestMethodTestDescriptor.java:69)
	at org.junit.platform.engine.support.hierarchical.NodeTestTask.lambda$executeRecursively$6(NodeTestTask.java:151)
	at org.junit.platform.engine.support.hierarchical.ThrowableCollector.execute(ThrowableCollector.java:73)
	at org.junit.platform.engine.support.hierarchical.NodeTestTask.lambda$executeRecursively$8(NodeTestTask.java:141)
	at org.junit.platform.engine.support.hierarchical.Node.around(Node.java:137)
	at org.junit.platform.engine.support.hierarchical.NodeTestTask.lambda$executeRecursively$9(NodeTestTask.java:139)
	at org.junit.platform.engine.support.hierarchical.ThrowableCollector.execute(ThrowableCollector.java:73)
	at org.junit.platform.engine.support.hierarchical.NodeTestTask.executeRecursively(NodeTestTask.java:138)
	at org.junit.platform.engine.support.hierarchical.NodeTestTask.execute(NodeTestTask.java:95)
	at java.base/java.util.ArrayList.forEach(ArrayList.java:1596)
	at org.junit.platform.engine.support.hierarchical.SameThreadHierarchicalTestExecutorService.invokeAll(SameThreadHierarchicalTestExecutorService.java:41)
	at org.junit.platform.engine.support.hierarchical.NodeTestTask.lambda$executeRecursively$6(NodeTestTask.java:155)
	at org.junit.platform.engine.support.hierarchical.ThrowableCollector.execute(ThrowableCollector.java:73)
	at org.junit.platform.engine.support.hierarchical.NodeTestTask.lambda$executeRecursively$8(NodeTestTask.java:141)
	at org.junit.platform.engine.support.hierarchical.Node.around(Node.java:137)
	at org.junit.platform.engine.support.hierarchical.NodeTestTask.lambda$executeRecursively$9(NodeTestTask.java:139)
	at org.junit.platform.engine.support.hierarchical.ThrowableCollector.execute(ThrowableCollector.java:73)
	at org.junit.platform.engine.support.hierarchical.NodeTestTask.executeRecursively(NodeTestTask.java:138)
	at org.junit.platform.engine.support.hierarchical.NodeTestTask.execute(NodeTestTask.java:95)
	at java.base/java.util.ArrayList.forEach(ArrayList.java:1596)
	at org.junit.platform.engine.support.hierarchical.SameThreadHierarchicalTestExecutorService.invokeAll(SameThreadHierarchicalTestExecutorService.java:41)
	at org.junit.platform.engine.support.hierarchical.NodeTestTask.lambda$executeRecursively$6(NodeTestTask.java:155)
	at org.junit.platform.engine.support.hierarchical.ThrowableCollector.execute(ThrowableCollector.java:73)
	at org.junit.platform.engine.support.hierarchical.NodeTestTask.lambda$executeRecursively$8(NodeTestTask.java:141)
	at org.junit.platform.engine.support.hierarchical.Node.around(Node.java:137)
	at org.junit.platform.engine.support.hierarchical.NodeTestTask.lambda$executeRecursively$9(NodeTestTask.java:139)
	at org.junit.platform.engine.support.hierarchical.ThrowableCollector.execute(ThrowableCollector.java:73)
	at org.junit.platform.engine.support.hierarchical.NodeTestTask.executeRecursively(NodeTestTask.java:138)
	at org.junit.platform.engine.support.hierarchical.NodeTestTask.execute(NodeTestTask.java:95)
	at org.junit.platform.engine.support.hierarchical.SameThreadHierarchicalTestExecutorService.submit(SameThreadHierarchicalTestExecutorService.java:35)
	at org.junit.platform.engine.support.hierarchical.HierarchicalTestExecutor.execute(HierarchicalTestExecutor.java:57)
	at org.junit.platform.engine.support.hierarchical.HierarchicalTestEngine.execute(HierarchicalTestEngine.java:54)
	at org.junit.platform.launcher.core.EngineExecutionOrchestrator.execute(EngineExecutionOrchestrator.java:198)
	at org.junit.platform.launcher.core.EngineExecutionOrchestrator.execute(EngineExecutionOrchestrator.java:169)
	at org.junit.platform.launcher.core.EngineExecutionOrchestrator.execute(EngineExecutionOrchestrator.java:93)
	at org.junit.platform.launcher.core.EngineExecutionOrchestrator.lambda$execute$0(EngineExecutionOrchestrator.java:58)
	at org.junit.platform.launcher.core.EngineExecutionOrchestrator.withInterceptedStreams(EngineExecutionOrchestrator.java:141)
	at org.junit.platform.launcher.core.EngineExecutionOrchestrator.execute(EngineExecutionOrchestrator.java:57)
	at org.junit.platform.launcher.core.DefaultLauncher.execute(DefaultLauncher.java:103)
	at org.junit.platform.launcher.core.DefaultLauncher.execute(DefaultLauncher.java:85)
	at org.junit.platform.launcher.core.DelegatingLauncher.execute(DelegatingLauncher.java:47)
	at org.apache.maven.surefire.junitplatform.LazyLauncher.execute(LazyLauncher.java:56)
	at org.apache.maven.surefire.junitplatform.JUnitPlatformProvider.execute(JUnitPlatformProvider.java:184)
	at org.apache.maven.surefire.junitplatform.JUnitPlatformProvider.invokeAllTests(JUnitPlatformProvider.java:148)
	at org.apache.maven.surefire.junitplatform.JUnitPlatformProvider.invoke(JUnitPlatformProvider.java:122)
	at org.apache.maven.surefire.booter.ForkedBooter.runSuitesInProcess(ForkedBooter.java:385)
	at org.apache.maven.surefire.booter.ForkedBooter.execute(ForkedBooter.java:162)
	at org.apache.maven.surefire.booter.ForkedBooter.run(ForkedBooter.java:507)
	at org.apache.maven.surefire.booter.ForkedBooter.main(ForkedBooter.java:495)
10:24:18.038 [main] DEBUG org.hibernate.resource.transaction.backend.jdbc.internal.JdbcResourceLocalTransactionCoordinatorImpl - JDBC transaction marked for rollback-only (exception provided for stack trace)
java.lang.Exception: exception just for purpose of providing stack trace
	at org.hibernate.resource.transaction.backend.jdbc.internal.JdbcResourceLocalTransactionCoordinatorImpl$TransactionDriverControlImpl.markRollbackOnly(JdbcResourceLocalTransactionCoordinatorImpl.java:309)
	at org.hibernate.resource.transaction.backend.jdbc.internal.JdbcResourceLocalTransactionCoordinatorImpl.beforeCompletionCallback(JdbcResourceLocalTransactionCoordinatorImpl.java:178)
	at org.hibernate.resource.transaction.backend.jdbc.internal.JdbcResourceLocalTransactionCoordinatorImpl$TransactionDriverControlImpl.commit(JdbcResourceLocalTransactionCoordinatorImpl.java:267)
	at org.hibernate.engine.transaction.internal.TransactionImpl.commit(TransactionImpl.java:101)
	at org.frcpm.repositories.impl.JpaRepositoryImpl.delete(JpaRepositoryImpl.java:165)
	at org.frcpm.repositories.ComponentRepositoryTest.cleanupTestComponents(ComponentRepositoryTest.java:63)
	at org.frcpm.repositories.ComponentRepositoryTest.tearDown(ComponentRepositoryTest.java:35)
	at java.base/jdk.internal.reflect.DirectMethodHandleAccessor.invoke(DirectMethodHandleAccessor.java:103)
	at java.base/java.lang.reflect.Method.invoke(Method.java:580)
	at org.junit.platform.commons.util.ReflectionUtils.invokeMethod(ReflectionUtils.java:728)
	at org.junit.jupiter.engine.execution.MethodInvocation.proceed(MethodInvocation.java:60)
	at org.junit.jupiter.engine.execution.InvocationInterceptorChain$ValidatingInvocation.proceed(InvocationInterceptorChain.java:131)
	at org.junit.jupiter.engine.extension.TimeoutExtension.intercept(TimeoutExtension.java:156)
	at org.junit.jupiter.engine.extension.TimeoutExtension.interceptLifecycleMethod(TimeoutExtension.java:128)
	at org.junit.jupiter.engine.extension.TimeoutExtension.interceptAfterEachMethod(TimeoutExtension.java:110)
	at org.junit.jupiter.engine.execution.InterceptingExecutableInvoker$ReflectiveInterceptorCall.lambda$ofVoidMethod$0(InterceptingExecutableInvoker.java:103)
	at org.junit.jupiter.engine.execution.InterceptingExecutableInvoker.lambda$invoke$0(InterceptingExecutableInvoker.java:93)
	at org.junit.jupiter.engine.execution.InvocationInterceptorChain$InterceptedInvocation.proceed(InvocationInterceptorChain.java:106)
	at org.junit.jupiter.engine.execution.InvocationInterceptorChain.proceed(InvocationInterceptorChain.java:64)
	at org.junit.jupiter.engine.execution.InvocationInterceptorChain.chainAndInvoke(InvocationInterceptorChain.java:45)
	at org.junit.jupiter.engine.execution.InvocationInterceptorChain.invoke(InvocationInterceptorChain.java:37)
	at org.junit.jupiter.engine.execution.InterceptingExecutableInvoker.invoke(InterceptingExecutableInvoker.java:92)
	at org.junit.jupiter.engine.execution.InterceptingExecutableInvoker.invoke(InterceptingExecutableInvoker.java:86)
	at org.junit.jupiter.engine.descriptor.ClassBasedTestDescriptor.invokeMethodInExtensionContext(ClassBasedTestDescriptor.java:521)
	at org.junit.jupiter.engine.descriptor.ClassBasedTestDescriptor.lambda$synthesizeAfterEachMethodAdapter$24(ClassBasedTestDescriptor.java:511)
	at org.junit.jupiter.engine.descriptor.TestMethodTestDescriptor.lambda$invokeAfterEachMethods$10(TestMethodTestDescriptor.java:244)
	at org.junit.jupiter.engine.descriptor.TestMethodTestDescriptor.lambda$invokeAllAfterMethodsOrCallbacks$13(TestMethodTestDescriptor.java:277)
	at org.junit.platform.engine.support.hierarchical.ThrowableCollector.execute(ThrowableCollector.java:73)
	at org.junit.jupiter.engine.descriptor.TestMethodTestDescriptor.lambda$invokeAllAfterMethodsOrCallbacks$14(TestMethodTestDescriptor.java:277)
	at org.junit.platform.commons.util.CollectionUtils.forEachInReverseOrder(CollectionUtils.java:217)
	at org.junit.jupiter.engine.descriptor.TestMethodTestDescriptor.invokeAllAfterMethodsOrCallbacks(TestMethodTestDescriptor.java:276)
	at org.junit.jupiter.engine.descriptor.TestMethodTestDescriptor.invokeAfterEachMethods(TestMethodTestDescriptor.java:242)
	at org.junit.jupiter.engine.descriptor.TestMethodTestDescriptor.execute(TestMethodTestDescriptor.java:143)
	at org.junit.jupiter.engine.descriptor.TestMethodTestDescriptor.execute(TestMethodTestDescriptor.java:69)
	at org.junit.platform.engine.support.hierarchical.NodeTestTask.lambda$executeRecursively$6(NodeTestTask.java:151)
	at org.junit.platform.engine.support.hierarchical.ThrowableCollector.execute(ThrowableCollector.java:73)
	at org.junit.platform.engine.support.hierarchical.NodeTestTask.lambda$executeRecursively$8(NodeTestTask.java:141)
	at org.junit.platform.engine.support.hierarchical.Node.around(Node.java:137)
	at org.junit.platform.engine.support.hierarchical.NodeTestTask.lambda$executeRecursively$9(NodeTestTask.java:139)
	at org.junit.platform.engine.support.hierarchical.ThrowableCollector.execute(ThrowableCollector.java:73)
	at org.junit.platform.engine.support.hierarchical.NodeTestTask.executeRecursively(NodeTestTask.java:138)
	at org.junit.platform.engine.support.hierarchical.NodeTestTask.execute(NodeTestTask.java:95)
	at java.base/java.util.ArrayList.forEach(ArrayList.java:1596)
	at org.junit.platform.engine.support.hierarchical.SameThreadHierarchicalTestExecutorService.invokeAll(SameThreadHierarchicalTestExecutorService.java:41)
	at org.junit.platform.engine.support.hierarchical.NodeTestTask.lambda$executeRecursively$6(NodeTestTask.java:155)
	at org.junit.platform.engine.support.hierarchical.ThrowableCollector.execute(ThrowableCollector.java:73)
	at org.junit.platform.engine.support.hierarchical.NodeTestTask.lambda$executeRecursively$8(NodeTestTask.java:141)
	at org.junit.platform.engine.support.hierarchical.Node.around(Node.java:137)
	at org.junit.platform.engine.support.hierarchical.NodeTestTask.lambda$executeRecursively$9(NodeTestTask.java:139)
	at org.junit.platform.engine.support.hierarchical.ThrowableCollector.execute(ThrowableCollector.java:73)
	at org.junit.platform.engine.support.hierarchical.NodeTestTask.executeRecursively(NodeTestTask.java:138)
	at org.junit.platform.engine.support.hierarchical.NodeTestTask.execute(NodeTestTask.java:95)
	at java.base/java.util.ArrayList.forEach(ArrayList.java:1596)
	at org.junit.platform.engine.support.hierarchical.SameThreadHierarchicalTestExecutorService.invokeAll(SameThreadHierarchicalTestExecutorService.java:41)
	at org.junit.platform.engine.support.hierarchical.NodeTestTask.lambda$executeRecursively$6(NodeTestTask.java:155)
	at org.junit.platform.engine.support.hierarchical.ThrowableCollector.execute(ThrowableCollector.java:73)
	at org.junit.platform.engine.support.hierarchical.NodeTestTask.lambda$executeRecursively$8(NodeTestTask.java:141)
	at org.junit.platform.engine.support.hierarchical.Node.around(Node.java:137)
	at org.junit.platform.engine.support.hierarchical.NodeTestTask.lambda$executeRecursively$9(NodeTestTask.java:139)
	at org.junit.platform.engine.support.hierarchical.ThrowableCollector.execute(ThrowableCollector.java:73)
	at org.junit.platform.engine.support.hierarchical.NodeTestTask.executeRecursively(NodeTestTask.java:138)
	at org.junit.platform.engine.support.hierarchical.NodeTestTask.execute(NodeTestTask.java:95)
	at org.junit.platform.engine.support.hierarchical.SameThreadHierarchicalTestExecutorService.submit(SameThreadHierarchicalTestExecutorService.java:35)
	at org.junit.platform.engine.support.hierarchical.HierarchicalTestExecutor.execute(HierarchicalTestExecutor.java:57)
	at org.junit.platform.engine.support.hierarchical.HierarchicalTestEngine.execute(HierarchicalTestEngine.java:54)
	at org.junit.platform.launcher.core.EngineExecutionOrchestrator.execute(EngineExecutionOrchestrator.java:198)
	at org.junit.platform.launcher.core.EngineExecutionOrchestrator.execute(EngineExecutionOrchestrator.java:169)
	at org.junit.platform.launcher.core.EngineExecutionOrchestrator.execute(EngineExecutionOrchestrator.java:93)
	at org.junit.platform.launcher.core.EngineExecutionOrchestrator.lambda$execute$0(EngineExecutionOrchestrator.java:58)
	at org.junit.platform.launcher.core.EngineExecutionOrchestrator.withInterceptedStreams(EngineExecutionOrchestrator.java:141)
	at org.junit.platform.launcher.core.EngineExecutionOrchestrator.execute(EngineExecutionOrchestrator.java:57)
	at org.junit.platform.launcher.core.DefaultLauncher.execute(DefaultLauncher.java:103)
	at org.junit.platform.launcher.core.DefaultLauncher.execute(DefaultLauncher.java:85)
	at org.junit.platform.launcher.core.DelegatingLauncher.execute(DelegatingLauncher.java:47)
	at org.apache.maven.surefire.junitplatform.LazyLauncher.execute(LazyLauncher.java:56)
	at org.apache.maven.surefire.junitplatform.JUnitPlatformProvider.execute(JUnitPlatformProvider.java:184)
	at org.apache.maven.surefire.junitplatform.JUnitPlatformProvider.invokeAllTests(JUnitPlatformProvider.java:148)
	at org.apache.maven.surefire.junitplatform.JUnitPlatformProvider.invoke(JUnitPlatformProvider.java:122)
	at org.apache.maven.surefire.booter.ForkedBooter.runSuitesInProcess(ForkedBooter.java:385)
	at org.apache.maven.surefire.booter.ForkedBooter.execute(ForkedBooter.java:162)
	at org.apache.maven.surefire.booter.ForkedBooter.run(ForkedBooter.java:507)
	at org.apache.maven.surefire.booter.ForkedBooter.main(ForkedBooter.java:495)
10:24:18.038 [main] DEBUG org.hibernate.orm.jdbc.batch - PreparedStatementDetails did not contain PreparedStatement on #releaseStatements : delete from components where id=?
10:24:18.038 [main] DEBUG org.hibernate.resource.jdbc.internal.LogicalConnectionManagedImpl - Initiating JDBC connection release from afterTransaction
10:24:18.038 [main] DEBUG org.hibernate.orm.jdbc.batch - PreparedStatementDetails did not contain PreparedStatement on #releaseStatements : delete from components where id=?
10:24:18.038 [main] DEBUG org.hibernate.orm.jdbc.batch - PreparedStatementDetails did not contain PreparedStatement on #releaseStatements : delete from components where id=?
10:24:18.038 [main] DEBUG org.hibernate.resource.jdbc.internal.LogicalConnectionManagedImpl - Initiating JDBC connection release from afterTransaction
10:24:18.038 [main] DEBUG org.hibernate.engine.transaction.internal.TransactionImpl - rollback() called on an inactive transaction
10:24:18.039 [main] DEBUG org.hibernate.engine.jdbc.internal.JdbcCoordinatorImpl - HHH000420: Closing un-released batch
10:24:18.039 [main] DEBUG org.hibernate.orm.jdbc.batch - PreparedStatementDetails did not contain PreparedStatement on #releaseStatements : delete from components where id=?
10:24:18.040 [main] DEBUG org.hibernate.orm.jdbc.batch - PreparedStatementDetails did not contain PreparedStatement on #releaseStatements : delete from components where id=?
]]></system-out>
    <system-err><![CDATA[Apr 25, 2025 10:24:18 AM org.frcpm.repositories.impl.JpaRepositoryImpl delete
SEVERE: Error deleting entity
jakarta.persistence.RollbackException: Error while committing the transaction
	at org.hibernate.internal.ExceptionConverterImpl.convertCommitException(ExceptionConverterImpl.java:67)
	at org.hibernate.engine.transaction.internal.TransactionImpl.commit(TransactionImpl.java:104)
	at org.frcpm.repositories.impl.JpaRepositoryImpl.delete(JpaRepositoryImpl.java:165)
	at org.frcpm.repositories.ComponentRepositoryTest.cleanupTestComponents(ComponentRepositoryTest.java:63)
	at org.frcpm.repositories.ComponentRepositoryTest.tearDown(ComponentRepositoryTest.java:35)
	at java.base/jdk.internal.reflect.DirectMethodHandleAccessor.invoke(DirectMethodHandleAccessor.java:103)
	at java.base/java.lang.reflect.Method.invoke(Method.java:580)
	at org.junit.platform.commons.util.ReflectionUtils.invokeMethod(ReflectionUtils.java:728)
	at org.junit.jupiter.engine.execution.MethodInvocation.proceed(MethodInvocation.java:60)
	at org.junit.jupiter.engine.execution.InvocationInterceptorChain$ValidatingInvocation.proceed(InvocationInterceptorChain.java:131)
	at org.junit.jupiter.engine.extension.TimeoutExtension.intercept(TimeoutExtension.java:156)
	at org.junit.jupiter.engine.extension.TimeoutExtension.interceptLifecycleMethod(TimeoutExtension.java:128)
	at org.junit.jupiter.engine.extension.TimeoutExtension.interceptAfterEachMethod(TimeoutExtension.java:110)
	at org.junit.jupiter.engine.execution.InterceptingExecutableInvoker$ReflectiveInterceptorCall.lambda$ofVoidMethod$0(InterceptingExecutableInvoker.java:103)
	at org.junit.jupiter.engine.execution.InterceptingExecutableInvoker.lambda$invoke$0(InterceptingExecutableInvoker.java:93)
	at org.junit.jupiter.engine.execution.InvocationInterceptorChain$InterceptedInvocation.proceed(InvocationInterceptorChain.java:106)
	at org.junit.jupiter.engine.execution.InvocationInterceptorChain.proceed(InvocationInterceptorChain.java:64)
	at org.junit.jupiter.engine.execution.InvocationInterceptorChain.chainAndInvoke(InvocationInterceptorChain.java:45)
	at org.junit.jupiter.engine.execution.InvocationInterceptorChain.invoke(InvocationInterceptorChain.java:37)
	at org.junit.jupiter.engine.execution.InterceptingExecutableInvoker.invoke(InterceptingExecutableInvoker.java:92)
	at org.junit.jupiter.engine.execution.InterceptingExecutableInvoker.invoke(InterceptingExecutableInvoker.java:86)
	at org.junit.jupiter.engine.descriptor.ClassBasedTestDescriptor.invokeMethodInExtensionContext(ClassBasedTestDescriptor.java:521)
	at org.junit.jupiter.engine.descriptor.ClassBasedTestDescriptor.lambda$synthesizeAfterEachMethodAdapter$24(ClassBasedTestDescriptor.java:511)
	at org.junit.jupiter.engine.descriptor.TestMethodTestDescriptor.lambda$invokeAfterEachMethods$10(TestMethodTestDescriptor.java:244)
	at org.junit.jupiter.engine.descriptor.TestMethodTestDescriptor.lambda$invokeAllAfterMethodsOrCallbacks$13(TestMethodTestDescriptor.java:277)
	at org.junit.platform.engine.support.hierarchical.ThrowableCollector.execute(ThrowableCollector.java:73)
	at org.junit.jupiter.engine.descriptor.TestMethodTestDescriptor.lambda$invokeAllAfterMethodsOrCallbacks$14(TestMethodTestDescriptor.java:277)
	at org.junit.platform.commons.util.CollectionUtils.forEachInReverseOrder(CollectionUtils.java:217)
	at org.junit.jupiter.engine.descriptor.TestMethodTestDescriptor.invokeAllAfterMethodsOrCallbacks(TestMethodTestDescriptor.java:276)
	at org.junit.jupiter.engine.descriptor.TestMethodTestDescriptor.invokeAfterEachMethods(TestMethodTestDescriptor.java:242)
	at org.junit.jupiter.engine.descriptor.TestMethodTestDescriptor.execute(TestMethodTestDescriptor.java:143)
	at org.junit.jupiter.engine.descriptor.TestMethodTestDescriptor.execute(TestMethodTestDescriptor.java:69)
	at org.junit.platform.engine.support.hierarchical.NodeTestTask.lambda$executeRecursively$6(NodeTestTask.java:151)
	at org.junit.platform.engine.support.hierarchical.ThrowableCollector.execute(ThrowableCollector.java:73)
	at org.junit.platform.engine.support.hierarchical.NodeTestTask.lambda$executeRecursively$8(NodeTestTask.java:141)
	at org.junit.platform.engine.support.hierarchical.Node.around(Node.java:137)
	at org.junit.platform.engine.support.hierarchical.NodeTestTask.lambda$executeRecursively$9(NodeTestTask.java:139)
	at org.junit.platform.engine.support.hierarchical.ThrowableCollector.execute(ThrowableCollector.java:73)
	at org.junit.platform.engine.support.hierarchical.NodeTestTask.executeRecursively(NodeTestTask.java:138)
	at org.junit.platform.engine.support.hierarchical.NodeTestTask.execute(NodeTestTask.java:95)
	at java.base/java.util.ArrayList.forEach(ArrayList.java:1596)
	at org.junit.platform.engine.support.hierarchical.SameThreadHierarchicalTestExecutorService.invokeAll(SameThreadHierarchicalTestExecutorService.java:41)
	at org.junit.platform.engine.support.hierarchical.NodeTestTask.lambda$executeRecursively$6(NodeTestTask.java:155)
	at org.junit.platform.engine.support.hierarchical.ThrowableCollector.execute(ThrowableCollector.java:73)
	at org.junit.platform.engine.support.hierarchical.NodeTestTask.lambda$executeRecursively$8(NodeTestTask.java:141)
	at org.junit.platform.engine.support.hierarchical.Node.around(Node.java:137)
	at org.junit.platform.engine.support.hierarchical.NodeTestTask.lambda$executeRecursively$9(NodeTestTask.java:139)
	at org.junit.platform.engine.support.hierarchical.ThrowableCollector.execute(ThrowableCollector.java:73)
	at org.junit.platform.engine.support.hierarchical.NodeTestTask.executeRecursively(NodeTestTask.java:138)
	at org.junit.platform.engine.support.hierarchical.NodeTestTask.execute(NodeTestTask.java:95)
	at java.base/java.util.ArrayList.forEach(ArrayList.java:1596)
	at org.junit.platform.engine.support.hierarchical.SameThreadHierarchicalTestExecutorService.invokeAll(SameThreadHierarchicalTestExecutorService.java:41)
	at org.junit.platform.engine.support.hierarchical.NodeTestTask.lambda$executeRecursively$6(NodeTestTask.java:155)
	at org.junit.platform.engine.support.hierarchical.ThrowableCollector.execute(ThrowableCollector.java:73)
	at org.junit.platform.engine.support.hierarchical.NodeTestTask.lambda$executeRecursively$8(NodeTestTask.java:141)
	at org.junit.platform.engine.support.hierarchical.Node.around(Node.java:137)
	at org.junit.platform.engine.support.hierarchical.NodeTestTask.lambda$executeRecursively$9(NodeTestTask.java:139)
	at org.junit.platform.engine.support.hierarchical.ThrowableCollector.execute(ThrowableCollector.java:73)
	at org.junit.platform.engine.support.hierarchical.NodeTestTask.executeRecursively(NodeTestTask.java:138)
	at org.junit.platform.engine.support.hierarchical.NodeTestTask.execute(NodeTestTask.java:95)
	at org.junit.platform.engine.support.hierarchical.SameThreadHierarchicalTestExecutorService.submit(SameThreadHierarchicalTestExecutorService.java:35)
	at org.junit.platform.engine.support.hierarchical.HierarchicalTestExecutor.execute(HierarchicalTestExecutor.java:57)
	at org.junit.platform.engine.support.hierarchical.HierarchicalTestEngine.execute(HierarchicalTestEngine.java:54)
	at org.junit.platform.launcher.core.EngineExecutionOrchestrator.execute(EngineExecutionOrchestrator.java:198)
	at org.junit.platform.launcher.core.EngineExecutionOrchestrator.execute(EngineExecutionOrchestrator.java:169)
	at org.junit.platform.launcher.core.EngineExecutionOrchestrator.execute(EngineExecutionOrchestrator.java:93)
	at org.junit.platform.launcher.core.EngineExecutionOrchestrator.lambda$execute$0(EngineExecutionOrchestrator.java:58)
	at org.junit.platform.launcher.core.EngineExecutionOrchestrator.withInterceptedStreams(EngineExecutionOrchestrator.java:141)
	at org.junit.platform.launcher.core.EngineExecutionOrchestrator.execute(EngineExecutionOrchestrator.java:57)
	at org.junit.platform.launcher.core.DefaultLauncher.execute(DefaultLauncher.java:103)
	at org.junit.platform.launcher.core.DefaultLauncher.execute(DefaultLauncher.java:85)
	at org.junit.platform.launcher.core.DelegatingLauncher.execute(DelegatingLauncher.java:47)
	at org.apache.maven.surefire.junitplatform.LazyLauncher.execute(LazyLauncher.java:56)
	at org.apache.maven.surefire.junitplatform.JUnitPlatformProvider.execute(JUnitPlatformProvider.java:184)
	at org.apache.maven.surefire.junitplatform.JUnitPlatformProvider.invokeAllTests(JUnitPlatformProvider.java:148)
	at org.apache.maven.surefire.junitplatform.JUnitPlatformProvider.invoke(JUnitPlatformProvider.java:122)
	at org.apache.maven.surefire.booter.ForkedBooter.runSuitesInProcess(ForkedBooter.java:385)
	at org.apache.maven.surefire.booter.ForkedBooter.execute(ForkedBooter.java:162)
	at org.apache.maven.surefire.booter.ForkedBooter.run(ForkedBooter.java:507)
	at org.apache.maven.surefire.booter.ForkedBooter.main(ForkedBooter.java:495)
Caused by: org.hibernate.exception.ConstraintViolationException: could not execute batch [Referential integrity constraint violation: "FK5IRPAISPCX79XWY6N1QOMAXNV: PUBLIC.TASK_COMPONENTS FOREIGN KEY(COMPONENT_ID) REFERENCES PUBLIC.COMPONENTS(ID) (CAST(55 AS BIGINT))"; SQL statement:
delete from components where id=? [23503-224]] [delete from components where id=?]
	at org.hibernate.exception.internal.SQLStateConversionDelegate.convert(SQLStateConversionDelegate.java:97)
	at org.hibernate.exception.internal.StandardSQLExceptionConverter.convert(StandardSQLExceptionConverter.java:58)
	at org.hibernate.engine.jdbc.spi.SqlExceptionHelper.convert(SqlExceptionHelper.java:108)
	at org.hibernate.engine.jdbc.batch.internal.BatchImpl.lambda$performExecution$2(BatchImpl.java:294)
	at org.hibernate.engine.jdbc.mutation.internal.PreparedStatementGroupSingleTable.forEachStatement(PreparedStatementGroupSingleTable.java:67)
	at org.hibernate.engine.jdbc.batch.internal.BatchImpl.performExecution(BatchImpl.java:264)
	at org.hibernate.engine.jdbc.batch.internal.BatchImpl.execute(BatchImpl.java:242)
	at org.hibernate.engine.jdbc.internal.JdbcCoordinatorImpl.executeBatch(JdbcCoordinatorImpl.java:188)
	at org.hibernate.engine.spi.ActionQueue.executeActions(ActionQueue.java:662)
	at org.hibernate.engine.spi.ActionQueue.executeActions(ActionQueue.java:499)
	at org.hibernate.event.internal.AbstractFlushingEventListener.performExecutions(AbstractFlushingEventListener.java:371)
	at org.hibernate.event.internal.DefaultFlushEventListener.onFlush(DefaultFlushEventListener.java:41)
	at org.hibernate.event.service.internal.EventListenerGroupImpl.fireEventOnEachListener(EventListenerGroupImpl.java:127)
	at org.hibernate.internal.SessionImpl.doFlush(SessionImpl.java:1425)
	at org.hibernate.internal.SessionImpl.managedFlush(SessionImpl.java:487)
	at org.hibernate.internal.SessionImpl.flushBeforeTransactionCompletion(SessionImpl.java:2324)
	at org.hibernate.internal.SessionImpl.beforeTransactionCompletion(SessionImpl.java:1981)
	at org.hibernate.engine.jdbc.internal.JdbcCoordinatorImpl.beforeTransactionCompletion(JdbcCoordinatorImpl.java:439)
	at org.hibernate.resource.transaction.backend.jdbc.internal.JdbcResourceLocalTransactionCoordinatorImpl.beforeCompletionCallback(JdbcResourceLocalTransactionCoordinatorImpl.java:169)
	at org.hibernate.resource.transaction.backend.jdbc.internal.JdbcResourceLocalTransactionCoordinatorImpl$TransactionDriverControlImpl.commit(JdbcResourceLocalTransactionCoordinatorImpl.java:267)
	at org.hibernate.engine.transaction.internal.TransactionImpl.commit(TransactionImpl.java:101)
	... 78 more
Caused by: org.h2.jdbc.JdbcBatchUpdateException: Referential integrity constraint violation: "FK5IRPAISPCX79XWY6N1QOMAXNV: PUBLIC.TASK_COMPONENTS FOREIGN KEY(COMPONENT_ID) REFERENCES PUBLIC.COMPONENTS(ID) (CAST(55 AS BIGINT))"; SQL statement:
delete from components where id=? [23503-224]
	at org.h2.jdbc.JdbcPreparedStatement.executeBatch(JdbcPreparedStatement.java:1282)
	at com.zaxxer.hikari.pool.ProxyStatement.executeBatch(ProxyStatement.java:127)
	at com.zaxxer.hikari.pool.HikariProxyPreparedStatement.executeBatch(HikariProxyPreparedStatement.java)
	at org.hibernate.engine.jdbc.batch.internal.BatchImpl.lambda$performExecution$2(BatchImpl.java:279)
	... 95 more

]]></system-err>
  </testcase>
  <testcase name="testFindByName" classname="org.frcpm.repositories.ComponentRepositoryTest" time="0.049">
    <error message="Failed to delete entity" type="java.lang.RuntimeException"><![CDATA[java.lang.RuntimeException: Failed to delete entity
	at org.frcpm.repositories.impl.JpaRepositoryImpl.delete(JpaRepositoryImpl.java:171)
	at org.frcpm.repositories.ComponentRepositoryTest.cleanupTestComponents(ComponentRepositoryTest.java:63)
	at org.frcpm.repositories.ComponentRepositoryTest.tearDown(ComponentRepositoryTest.java:35)
	at java.base/java.lang.reflect.Method.invoke(Method.java:580)
	at java.base/java.util.ArrayList.forEach(ArrayList.java:1596)
	at java.base/java.util.ArrayList.forEach(ArrayList.java:1596)
Caused by: jakarta.persistence.RollbackException: Error while committing the transaction
	at org.hibernate.internal.ExceptionConverterImpl.convertCommitException(ExceptionConverterImpl.java:67)
	at org.hibernate.engine.transaction.internal.TransactionImpl.commit(TransactionImpl.java:104)
	at org.frcpm.repositories.impl.JpaRepositoryImpl.delete(JpaRepositoryImpl.java:165)
	... 5 more
Caused by: org.hibernate.exception.ConstraintViolationException: could not execute batch [Referential integrity constraint violation: "FK5IRPAISPCX79XWY6N1QOMAXNV: PUBLIC.TASK_COMPONENTS FOREIGN KEY(COMPONENT_ID) REFERENCES PUBLIC.COMPONENTS(ID) (CAST(55 AS BIGINT))"; SQL statement:
delete from components where id=? [23503-224]] [delete from components where id=?]
	at org.hibernate.exception.internal.SQLStateConversionDelegate.convert(SQLStateConversionDelegate.java:97)
	at org.hibernate.exception.internal.StandardSQLExceptionConverter.convert(StandardSQLExceptionConverter.java:58)
	at org.hibernate.engine.jdbc.spi.SqlExceptionHelper.convert(SqlExceptionHelper.java:108)
	at org.hibernate.engine.jdbc.batch.internal.BatchImpl.lambda$performExecution$2(BatchImpl.java:294)
	at org.hibernate.engine.jdbc.mutation.internal.PreparedStatementGroupSingleTable.forEachStatement(PreparedStatementGroupSingleTable.java:67)
	at org.hibernate.engine.jdbc.batch.internal.BatchImpl.performExecution(BatchImpl.java:264)
	at org.hibernate.engine.jdbc.batch.internal.BatchImpl.execute(BatchImpl.java:242)
	at org.hibernate.engine.jdbc.internal.JdbcCoordinatorImpl.executeBatch(JdbcCoordinatorImpl.java:188)
	at org.hibernate.engine.spi.ActionQueue.executeActions(ActionQueue.java:662)
	at org.hibernate.engine.spi.ActionQueue.executeActions(ActionQueue.java:499)
	at org.hibernate.event.internal.AbstractFlushingEventListener.performExecutions(AbstractFlushingEventListener.java:371)
	at org.hibernate.event.internal.DefaultFlushEventListener.onFlush(DefaultFlushEventListener.java:41)
	at org.hibernate.event.service.internal.EventListenerGroupImpl.fireEventOnEachListener(EventListenerGroupImpl.java:127)
	at org.hibernate.internal.SessionImpl.doFlush(SessionImpl.java:1425)
	at org.hibernate.internal.SessionImpl.managedFlush(SessionImpl.java:487)
	at org.hibernate.internal.SessionImpl.flushBeforeTransactionCompletion(SessionImpl.java:2324)
	at org.hibernate.internal.SessionImpl.beforeTransactionCompletion(SessionImpl.java:1981)
	at org.hibernate.engine.jdbc.internal.JdbcCoordinatorImpl.beforeTransactionCompletion(JdbcCoordinatorImpl.java:439)
	at org.hibernate.resource.transaction.backend.jdbc.internal.JdbcResourceLocalTransactionCoordinatorImpl.beforeCompletionCallback(JdbcResourceLocalTransactionCoordinatorImpl.java:169)
	at org.hibernate.resource.transaction.backend.jdbc.internal.JdbcResourceLocalTransactionCoordinatorImpl$TransactionDriverControlImpl.commit(JdbcResourceLocalTransactionCoordinatorImpl.java:267)
	at org.hibernate.engine.transaction.internal.TransactionImpl.commit(TransactionImpl.java:101)
	... 6 more
Caused by: org.h2.jdbc.JdbcBatchUpdateException: Referential integrity constraint violation: "FK5IRPAISPCX79XWY6N1QOMAXNV: PUBLIC.TASK_COMPONENTS FOREIGN KEY(COMPONENT_ID) REFERENCES PUBLIC.COMPONENTS(ID) (CAST(55 AS BIGINT))"; SQL statement:
delete from components where id=? [23503-224]
	at org.h2.jdbc.JdbcPreparedStatement.executeBatch(JdbcPreparedStatement.java:1282)
	at com.zaxxer.hikari.pool.ProxyStatement.executeBatch(ProxyStatement.java:127)
	at com.zaxxer.hikari.pool.HikariProxyPreparedStatement.executeBatch(HikariProxyPreparedStatement.java)
	at org.hibernate.engine.jdbc.batch.internal.BatchImpl.lambda$performExecution$2(BatchImpl.java:279)
	... 23 more
]]></error>
    <system-out><![CDATA[10:24:18.043 [main] DEBUG org.hibernate.engine.transaction.internal.TransactionImpl - On TransactionImpl creation, JpaCompliance#isJpaTransactionComplianceEnabled == false
10:24:18.043 [main] DEBUG org.hibernate.engine.transaction.internal.TransactionImpl - begin
10:24:18.044 [main] DEBUG org.hibernate.engine.spi.ActionQueue - Executing identity-insert immediately
10:24:18.044 [main] DEBUG org.hibernate.SQL - insert into components (actual_delivery,is_delivered,description,expected_delivery,name,part_number,id) values (?,?,?,?,?,?,default)
10:24:18.045 [main] DEBUG org.hibernate.orm.results - Initializer list is empty
10:24:18.045 [main] DEBUG org.hibernate.orm.results.loading - Calling top-level assembler (0 / 1) : org.hibernate.sql.results.graph.basic.BasicResultAssembler@1a199f5e
10:24:18.045 [main] DEBUG org.hibernate.orm.results - Extracted JDBC value [0] - [68]
10:24:18.046 [main] DEBUG org.hibernate.id.IdentifierGeneratorHelper - Extracted generated values [org.frcpm.models.Component]: [Ljava.lang.Object;@41d59f2c
10:24:18.046 [main] DEBUG org.hibernate.event.internal.AbstractFlushingEventListener - Processing flush-time cascades
10:24:18.046 [main] DEBUG org.hibernate.event.internal.AbstractFlushingEventListener - Dirty checking collections
10:24:18.046 [main] DEBUG org.hibernate.engine.internal.Collections - Collection found: [org.frcpm.models.Component.requiredForTasks#68], was: [<unreferenced>] (initialized)
10:24:18.046 [main] DEBUG org.hibernate.event.internal.AbstractFlushingEventListener - Flushed: 0 insertions, 0 updates, 0 deletions to 1 objects
10:24:18.046 [main] DEBUG org.hibernate.event.internal.AbstractFlushingEventListener - Flushed: 1 (re)creations, 0 updates, 0 removals to 1 collections
10:24:18.046 [main] DEBUG org.hibernate.internal.util.EntityPrinter - Listing entities:
10:24:18.046 [main] DEBUG org.hibernate.internal.util.EntityPrinter - org.frcpm.models.Component{expectedDelivery=2025-04-30, requiredForTasks=[], name=Test Component 1, actualDelivery=null, description=First test component description, delivered=false, partNumber=TC-001, id=68}
10:24:18.047 [main] DEBUG org.hibernate.engine.transaction.internal.TransactionImpl - committing
10:24:18.047 [main] DEBUG org.hibernate.event.internal.AbstractFlushingEventListener - Processing flush-time cascades
10:24:18.047 [main] DEBUG org.hibernate.event.internal.AbstractFlushingEventListener - Dirty checking collections
10:24:18.047 [main] DEBUG org.hibernate.engine.internal.Collections - Collection found: [org.frcpm.models.Component.requiredForTasks#68], was: [org.frcpm.models.Component.requiredForTasks#68] (initialized)
10:24:18.047 [main] DEBUG org.hibernate.event.internal.AbstractFlushingEventListener - Flushed: 0 insertions, 0 updates, 0 deletions to 1 objects
10:24:18.047 [main] DEBUG org.hibernate.event.internal.AbstractFlushingEventListener - Flushed: 0 (re)creations, 0 updates, 0 removals to 1 collections
10:24:18.047 [main] DEBUG org.hibernate.internal.util.EntityPrinter - Listing entities:
10:24:18.047 [main] DEBUG org.hibernate.internal.util.EntityPrinter - org.frcpm.models.Component{expectedDelivery=2025-04-30, requiredForTasks=[], name=Test Component 1, actualDelivery=null, description=First test component description, delivered=false, partNumber=TC-001, id=68}
10:24:18.048 [main] DEBUG org.hibernate.resource.jdbc.internal.LogicalConnectionManagedImpl - Initiating JDBC connection release from afterTransaction
10:24:18.049 [main] DEBUG org.hibernate.resource.jdbc.internal.LogicalConnectionManagedImpl - Initiating JDBC connection release from afterTransaction
10:24:18.049 [main] DEBUG org.hibernate.engine.transaction.internal.TransactionImpl - On TransactionImpl creation, JpaCompliance#isJpaTransactionComplianceEnabled == false
10:24:18.049 [main] DEBUG org.hibernate.engine.transaction.internal.TransactionImpl - begin
10:24:18.049 [main] DEBUG org.hibernate.engine.spi.ActionQueue - Executing identity-insert immediately
10:24:18.049 [main] DEBUG org.hibernate.SQL - insert into components (actual_delivery,is_delivered,description,expected_delivery,name,part_number,id) values (?,?,?,?,?,?,default)
10:24:18.050 [main] DEBUG org.hibernate.orm.results - Initializer list is empty
10:24:18.050 [main] DEBUG org.hibernate.orm.results.loading - Calling top-level assembler (0 / 1) : org.hibernate.sql.results.graph.basic.BasicResultAssembler@6c44b7e6
10:24:18.051 [main] DEBUG org.hibernate.orm.results - Extracted JDBC value [0] - [69]
10:24:18.051 [main] DEBUG org.hibernate.id.IdentifierGeneratorHelper - Extracted generated values [org.frcpm.models.Component]: [Ljava.lang.Object;@6199e5f0
10:24:18.051 [main] DEBUG org.hibernate.event.internal.AbstractFlushingEventListener - Processing flush-time cascades
10:24:18.051 [main] DEBUG org.hibernate.event.internal.AbstractFlushingEventListener - Dirty checking collections
10:24:18.051 [main] DEBUG org.hibernate.engine.internal.Collections - Collection found: [org.frcpm.models.Component.requiredForTasks#69], was: [<unreferenced>] (initialized)
10:24:18.051 [main] DEBUG org.hibernate.event.internal.AbstractFlushingEventListener - Flushed: 0 insertions, 0 updates, 0 deletions to 1 objects
10:24:18.051 [main] DEBUG org.hibernate.event.internal.AbstractFlushingEventListener - Flushed: 1 (re)creations, 0 updates, 0 removals to 1 collections
10:24:18.051 [main] DEBUG org.hibernate.internal.util.EntityPrinter - Listing entities:
10:24:18.052 [main] DEBUG org.hibernate.internal.util.EntityPrinter - org.frcpm.models.Component{expectedDelivery=2025-05-02, requiredForTasks=[], name=Test Component 2, actualDelivery=null, description=Second test component description, delivered=false, partNumber=TC-002, id=69}
10:24:18.052 [main] DEBUG org.hibernate.engine.transaction.internal.TransactionImpl - committing
10:24:18.052 [main] DEBUG org.hibernate.event.internal.AbstractFlushingEventListener - Processing flush-time cascades
10:24:18.052 [main] DEBUG org.hibernate.event.internal.AbstractFlushingEventListener - Dirty checking collections
10:24:18.052 [main] DEBUG org.hibernate.engine.internal.Collections - Collection found: [org.frcpm.models.Component.requiredForTasks#69], was: [org.frcpm.models.Component.requiredForTasks#69] (initialized)
10:24:18.052 [main] DEBUG org.hibernate.event.internal.AbstractFlushingEventListener - Flushed: 0 insertions, 0 updates, 0 deletions to 1 objects
10:24:18.052 [main] DEBUG org.hibernate.event.internal.AbstractFlushingEventListener - Flushed: 0 (re)creations, 0 updates, 0 removals to 1 collections
10:24:18.052 [main] DEBUG org.hibernate.internal.util.EntityPrinter - Listing entities:
10:24:18.052 [main] DEBUG org.hibernate.internal.util.EntityPrinter - org.frcpm.models.Component{expectedDelivery=2025-05-02, requiredForTasks=[], name=Test Component 2, actualDelivery=null, description=Second test component description, delivered=false, partNumber=TC-002, id=69}
10:24:18.052 [main] DEBUG org.hibernate.resource.jdbc.internal.LogicalConnectionManagedImpl - Initiating JDBC connection release from afterTransaction
10:24:18.052 [main] DEBUG org.hibernate.resource.jdbc.internal.LogicalConnectionManagedImpl - Initiating JDBC connection release from afterTransaction
10:24:18.052 [main] DEBUG org.hibernate.engine.transaction.internal.TransactionImpl - On TransactionImpl creation, JpaCompliance#isJpaTransactionComplianceEnabled == false
10:24:18.052 [main] DEBUG org.hibernate.engine.transaction.internal.TransactionImpl - begin
10:24:18.052 [main] DEBUG org.hibernate.engine.spi.ActionQueue - Executing identity-insert immediately
10:24:18.052 [main] DEBUG org.hibernate.SQL - insert into components (actual_delivery,is_delivered,description,expected_delivery,name,part_number,id) values (?,?,?,?,?,?,default)
10:24:18.053 [main] DEBUG org.hibernate.orm.results - Initializer list is empty
10:24:18.053 [main] DEBUG org.hibernate.orm.results.loading - Calling top-level assembler (0 / 1) : org.hibernate.sql.results.graph.basic.BasicResultAssembler@7cca6445
10:24:18.053 [main] DEBUG org.hibernate.orm.results - Extracted JDBC value [0] - [70]
10:24:18.053 [main] DEBUG org.hibernate.id.IdentifierGeneratorHelper - Extracted generated values [org.frcpm.models.Component]: [Ljava.lang.Object;@3406da8a
10:24:18.053 [main] DEBUG org.hibernate.event.internal.AbstractFlushingEventListener - Processing flush-time cascades
10:24:18.053 [main] DEBUG org.hibernate.event.internal.AbstractFlushingEventListener - Dirty checking collections
10:24:18.053 [main] DEBUG org.hibernate.engine.internal.Collections - Collection found: [org.frcpm.models.Component.requiredForTasks#70], was: [<unreferenced>] (initialized)
10:24:18.053 [main] DEBUG org.hibernate.event.internal.AbstractFlushingEventListener - Flushed: 0 insertions, 0 updates, 0 deletions to 1 objects
10:24:18.053 [main] DEBUG org.hibernate.event.internal.AbstractFlushingEventListener - Flushed: 1 (re)creations, 0 updates, 0 removals to 1 collections
10:24:18.053 [main] DEBUG org.hibernate.internal.util.EntityPrinter - Listing entities:
10:24:18.053 [main] DEBUG org.hibernate.internal.util.EntityPrinter - org.frcpm.models.Component{expectedDelivery=2025-05-05, requiredForTasks=[], name=Test Component 3, actualDelivery=2025-05-04, description=Third test component description, delivered=true, partNumber=TC-003, id=70}
10:24:18.053 [main] DEBUG org.hibernate.engine.transaction.internal.TransactionImpl - committing
10:24:18.053 [main] DEBUG org.hibernate.event.internal.AbstractFlushingEventListener - Processing flush-time cascades
10:24:18.054 [main] DEBUG org.hibernate.event.internal.AbstractFlushingEventListener - Dirty checking collections
10:24:18.054 [main] DEBUG org.hibernate.engine.internal.Collections - Collection found: [org.frcpm.models.Component.requiredForTasks#70], was: [org.frcpm.models.Component.requiredForTasks#70] (initialized)
10:24:18.054 [main] DEBUG org.hibernate.event.internal.AbstractFlushingEventListener - Flushed: 0 insertions, 0 updates, 0 deletions to 1 objects
10:24:18.054 [main] DEBUG org.hibernate.event.internal.AbstractFlushingEventListener - Flushed: 0 (re)creations, 0 updates, 0 removals to 1 collections
10:24:18.054 [main] DEBUG org.hibernate.internal.util.EntityPrinter - Listing entities:
10:24:18.054 [main] DEBUG org.hibernate.internal.util.EntityPrinter - org.frcpm.models.Component{expectedDelivery=2025-05-05, requiredForTasks=[], name=Test Component 3, actualDelivery=2025-05-04, description=Third test component description, delivered=true, partNumber=TC-003, id=70}
10:24:18.054 [main] DEBUG org.hibernate.resource.jdbc.internal.LogicalConnectionManagedImpl - Initiating JDBC connection release from afterTransaction
10:24:18.054 [main] DEBUG org.hibernate.resource.jdbc.internal.LogicalConnectionManagedImpl - Initiating JDBC connection release from afterTransaction
10:24:18.054 [main] DEBUG org.hibernate.orm.query.hql - HQL : SELECT c FROM Component c WHERE c.name LIKE :name
10:24:18.064 [main] DEBUG org.hibernate.orm.query.sqm.creation - Applying inferable type to SqmExpression [SqmNamedParameter(name)] : null -> SqmBasicValuedSimplePath(org.frcpm.models.Component(c).name)
10:24:18.065 [main] DEBUG org.hibernate.orm.query.sqm.ast - SqmStatement Tree :
    -> [select]
      -> [query-spec]
        -> [select]
          -> [selection]
            -> [root] - `org.frcpm.models.Component(c)`
            <- [root] - `org.frcpm.models.Component(c)`
          <- [selection]
        <- [select]
        -> [from]
          -> [root] - `org.frcpm.models.Component(c)`
          <- [root] - `org.frcpm.models.Component(c)`
        <- [from]
        -> [where]
          -> [is-like]
            :name
            -> [basic-path] - `org.frcpm.models.Component(c).name`
          <- [is-like]
        <- [where]
      <- [query-spec]
    <- [select]

10:24:18.066 [main] DEBUG org.hibernate.orm.sql.ast.create - Created new SQL alias : c1_0
10:24:18.066 [main] DEBUG org.hibernate.orm.sql.ast.create - Registration of TableGroup [StandardTableGroup(org.frcpm.models.Component(c))] with identifierForTableGroup [org.frcpm.models.Component] for NavigablePath [org.frcpm.models.Component] 
10:24:18.069 [main] DEBUG org.hibernate.query.sqm.sql.BaseSqmToSqlAstConverter - Determining mapping-model type for SqmParameter : SqmNamedParameter(name)
10:24:18.069 [main] DEBUG org.hibernate.query.sqm.sql.BaseSqmToSqlAstConverter - Determining mapping-model type for SqmPath : SqmBasicValuedSimplePath(org.frcpm.models.Component(c).name) 
10:24:18.069 [main] DEBUG org.hibernate.orm.results.graph.AST - DomainResult Graph:
 \-EntityResultImpl [org.frcpm.models.Component(c)]
 |  +-BasicFetch [org.frcpm.models.Component(c).actualDelivery]
 |  +-BasicFetch [org.frcpm.models.Component(c).delivered]
 |  +-BasicFetch [org.frcpm.models.Component(c).description]
 |  +-BasicFetch [org.frcpm.models.Component(c).expectedDelivery]
 |  +-BasicFetch [org.frcpm.models.Component(c).name]
 |  +-BasicFetch [org.frcpm.models.Component(c).partNumber]
 |  \-DelayedCollectionFetch [org.frcpm.models.Component(c).requiredForTasks]

10:24:18.069 [main] DEBUG org.hibernate.orm.sql.ast.tree - SQL AST Tree:
    SelectStatement {
      FromClause {
        StandardTableGroup (c1 : org.frcpm.models.Component(c)) {
          primaryTableReference : components as c1_0
        }
      }
    }

10:24:18.070 [main] DEBUG org.hibernate.orm.sql.exec - Skipping reading Query result cache data: cache-enabled = false, cache-mode = NORMAL
10:24:18.070 [main] DEBUG org.hibernate.orm.results - Initializer list:
	  org.frcpm.models.Component(c) -> EntityResultInitializer(org.frcpm.models.Component(c))@994342191 (SingleTableEntityPersister(org.frcpm.models.Component))
	  org.frcpm.models.Component(c).requiredForTasks -> DelayedCollectionInitializer(org.frcpm.models.Component(c).requiredForTasks)@2015251775 (PluralAttribute(org.frcpm.models.Component.requiredForTasks))

10:24:18.070 [main] DEBUG org.hibernate.SQL - select c1_0.id,c1_0.actual_delivery,c1_0.is_delivered,c1_0.description,c1_0.expected_delivery,c1_0.name,c1_0.part_number from components c1_0 where c1_0.name like ? escape ''
10:24:18.071 [main] DEBUG org.hibernate.orm.results - Extracted JDBC value [0] - [58]
10:24:18.071 [main] DEBUG org.hibernate.orm.results.loading.entity - (EntityResultInitializer) Hydrated EntityKey (org.frcpm.models.Component(c)): 58
10:24:18.071 [main] DEBUG org.hibernate.orm.results.loading.org.hibernate.orm.results.loading.collection - (DelayedCollectionInitializer) Current row collection key : org.frcpm.models.Component(c).requiredForTasks#58
10:24:18.071 [main] DEBUG org.hibernate.orm.results.loading.entity - (EntityResultInitializer) Created new entity instance [org.frcpm.models.Component(c)#58] : 1240331199
10:24:18.071 [main] DEBUG org.hibernate.orm.results - Extracted JDBC value [1] - [null]
10:24:18.071 [main] DEBUG org.hibernate.orm.results - Extracted JDBC value [2] - [false]
10:24:18.071 [main] DEBUG org.hibernate.orm.results - Extracted JDBC value [3] - [Second test component description]
10:24:18.071 [main] DEBUG org.hibernate.orm.results - Extracted JDBC value [4] - [2025-05-02]
10:24:18.071 [main] DEBUG org.hibernate.orm.results - Extracted JDBC value [5] - [Test Component 2]
10:24:18.071 [main] DEBUG org.hibernate.orm.results - Extracted JDBC value [6] - [TC-002]
10:24:18.071 [main] DEBUG org.hibernate.orm.results.loading.entity - (EntityResultInitializer) Done materializing entityInstance : org.frcpm.models.Component(c)#58
10:24:18.071 [main] DEBUG org.hibernate.orm.results.loading - Calling top-level assembler (0 / 1) : org.hibernate.sql.results.graph.entity.internal.EntityAssembler@6a6b5d5a
10:24:18.071 [main] DEBUG org.hibernate.orm.results - Extracted JDBC value [0] - [61]
10:24:18.071 [main] DEBUG org.hibernate.orm.results.loading.entity - (EntityResultInitializer) Hydrated EntityKey (org.frcpm.models.Component(c)): 61
10:24:18.071 [main] DEBUG org.hibernate.orm.results.loading.org.hibernate.orm.results.loading.collection - (DelayedCollectionInitializer) Current row collection key : org.frcpm.models.Component(c).requiredForTasks#61
10:24:18.071 [main] DEBUG org.hibernate.orm.results.loading.entity - (EntityResultInitializer) Created new entity instance [org.frcpm.models.Component(c)#61] : 2075131072
10:24:18.071 [main] DEBUG org.hibernate.orm.results - Extracted JDBC value [1] - [null]
10:24:18.071 [main] DEBUG org.hibernate.orm.results - Extracted JDBC value [2] - [false]
10:24:18.071 [main] DEBUG org.hibernate.orm.results - Extracted JDBC value [3] - [Second test component description]
10:24:18.071 [main] DEBUG org.hibernate.orm.results - Extracted JDBC value [4] - [2025-05-02]
10:24:18.071 [main] DEBUG org.hibernate.orm.results - Extracted JDBC value [5] - [Test Component 2]
10:24:18.071 [main] DEBUG org.hibernate.orm.results - Extracted JDBC value [6] - [TC-002]
10:24:18.071 [main] DEBUG org.hibernate.orm.results.loading.entity - (EntityResultInitializer) Done materializing entityInstance : org.frcpm.models.Component(c)#61
10:24:18.071 [main] DEBUG org.hibernate.orm.results.loading - Calling top-level assembler (0 / 1) : org.hibernate.sql.results.graph.entity.internal.EntityAssembler@6a6b5d5a
10:24:18.071 [main] DEBUG org.hibernate.orm.results - Extracted JDBC value [0] - [65]
10:24:18.071 [main] DEBUG org.hibernate.orm.results.loading.entity - (EntityResultInitializer) Hydrated EntityKey (org.frcpm.models.Component(c)): 65
10:24:18.071 [main] DEBUG org.hibernate.orm.results.loading.org.hibernate.orm.results.loading.collection - (DelayedCollectionInitializer) Current row collection key : org.frcpm.models.Component(c).requiredForTasks#65
10:24:18.071 [main] DEBUG org.hibernate.orm.results.loading.entity - (EntityResultInitializer) Created new entity instance [org.frcpm.models.Component(c)#65] : 527150030
10:24:18.071 [main] DEBUG org.hibernate.orm.results - Extracted JDBC value [1] - [null]
10:24:18.071 [main] DEBUG org.hibernate.orm.results - Extracted JDBC value [2] - [false]
10:24:18.071 [main] DEBUG org.hibernate.orm.results - Extracted JDBC value [3] - [Second test component description]
10:24:18.071 [main] DEBUG org.hibernate.orm.results - Extracted JDBC value [4] - [2025-05-02]
10:24:18.071 [main] DEBUG org.hibernate.orm.results - Extracted JDBC value [5] - [Test Component 2]
10:24:18.071 [main] DEBUG org.hibernate.orm.results - Extracted JDBC value [6] - [TC-002]
10:24:18.071 [main] DEBUG org.hibernate.orm.results.loading.entity - (EntityResultInitializer) Done materializing entityInstance : org.frcpm.models.Component(c)#65
10:24:18.071 [main] DEBUG org.hibernate.orm.results.loading - Calling top-level assembler (0 / 1) : org.hibernate.sql.results.graph.entity.internal.EntityAssembler@6a6b5d5a
10:24:18.071 [main] DEBUG org.hibernate.orm.results - Extracted JDBC value [0] - [69]
10:24:18.071 [main] DEBUG org.hibernate.orm.results.loading.entity - (EntityResultInitializer) Hydrated EntityKey (org.frcpm.models.Component(c)): 69
10:24:18.071 [main] DEBUG org.hibernate.orm.results.loading.org.hibernate.orm.results.loading.collection - (DelayedCollectionInitializer) Current row collection key : org.frcpm.models.Component(c).requiredForTasks#69
10:24:18.071 [main] DEBUG org.hibernate.orm.results.loading.entity - (EntityResultInitializer) Created new entity instance [org.frcpm.models.Component(c)#69] : 731321395
10:24:18.071 [main] DEBUG org.hibernate.orm.results - Extracted JDBC value [1] - [null]
10:24:18.071 [main] DEBUG org.hibernate.orm.results - Extracted JDBC value [2] - [false]
10:24:18.071 [main] DEBUG org.hibernate.orm.results - Extracted JDBC value [3] - [Second test component description]
10:24:18.071 [main] DEBUG org.hibernate.orm.results - Extracted JDBC value [4] - [2025-05-02]
10:24:18.071 [main] DEBUG org.hibernate.orm.results - Extracted JDBC value [5] - [Test Component 2]
10:24:18.071 [main] DEBUG org.hibernate.orm.results - Extracted JDBC value [6] - [TC-002]
10:24:18.071 [main] DEBUG org.hibernate.orm.results.loading.entity - (EntityResultInitializer) Done materializing entityInstance : org.frcpm.models.Component(c)#69
10:24:18.071 [main] DEBUG org.hibernate.orm.results.loading - Calling top-level assembler (0 / 1) : org.hibernate.sql.results.graph.entity.internal.EntityAssembler@6a6b5d5a
10:24:18.072 [main] DEBUG org.hibernate.resource.jdbc.internal.LogicalConnectionManagedImpl - Initiating JDBC connection release from afterTransaction
10:24:18.072 [main] DEBUG org.hibernate.resource.jdbc.internal.LogicalConnectionManagedImpl - Initiating JDBC connection release from afterTransaction
10:24:18.073 [main] DEBUG org.hibernate.orm.sql.ast.create - Created new SQL alias : c1_0
10:24:18.073 [main] DEBUG org.hibernate.orm.sql.ast.create - Registration of TableGroup [StandardTableGroup(org.frcpm.models.Component(959674359421000))] with identifierForTableGroup [org.frcpm.models.Component] for NavigablePath [org.frcpm.models.Component] 
10:24:18.073 [main] DEBUG org.hibernate.orm.results.graph.AST - DomainResult Graph:
 \-EntityResultImpl [org.frcpm.models.Component(959674359421000)]
 |  +-BasicFetch [org.frcpm.models.Component(959674359421000).actualDelivery]
 |  +-BasicFetch [org.frcpm.models.Component(959674359421000).delivered]
 |  +-BasicFetch [org.frcpm.models.Component(959674359421000).description]
 |  +-BasicFetch [org.frcpm.models.Component(959674359421000).expectedDelivery]
 |  +-BasicFetch [org.frcpm.models.Component(959674359421000).name]
 |  +-BasicFetch [org.frcpm.models.Component(959674359421000).partNumber]
 |  \-DelayedCollectionFetch [org.frcpm.models.Component(959674359421000).requiredForTasks]

10:24:18.073 [main] DEBUG org.hibernate.orm.sql.ast.tree - SQL AST Tree:
    SelectStatement {
      FromClause {
        StandardTableGroup (c1 : org.frcpm.models.Component(959674359421000)) {
          primaryTableReference : components as c1_0
        }
      }
    }

10:24:18.073 [main] DEBUG org.hibernate.orm.sql.exec - Skipping reading Query result cache data: cache-enabled = false, cache-mode = NORMAL
10:24:18.073 [main] DEBUG org.hibernate.orm.results - Initializer list:
	  org.frcpm.models.Component(959674359421000).requiredForTasks -> DelayedCollectionInitializer(org.frcpm.models.Component(959674359421000).requiredForTasks)@320980816 (PluralAttribute(org.frcpm.models.Component.requiredForTasks))
	  org.frcpm.models.Component(959674359421000) -> EntityResultInitializer(org.frcpm.models.Component(959674359421000))@1390814796 (SingleTableEntityPersister(org.frcpm.models.Component))

10:24:18.073 [main] DEBUG org.hibernate.SQL - select c1_0.id,c1_0.actual_delivery,c1_0.is_delivered,c1_0.description,c1_0.expected_delivery,c1_0.name,c1_0.part_number from components c1_0
10:24:18.074 [main] DEBUG org.hibernate.orm.results - Extracted JDBC value [0] - [1]
10:24:18.074 [main] DEBUG org.hibernate.orm.results.loading.entity - (EntityResultInitializer) Hydrated EntityKey (org.frcpm.models.Component(959674359421000)): 1
10:24:18.074 [main] DEBUG org.hibernate.orm.results.loading.org.hibernate.orm.results.loading.collection - (DelayedCollectionInitializer) Current row collection key : org.frcpm.models.Component(959674359421000).requiredForTasks#1
10:24:18.074 [main] DEBUG org.hibernate.orm.results.loading.entity - (EntityResultInitializer) Created new entity instance [org.frcpm.models.Component(959674359421000)#1] : 562868746
10:24:18.074 [main] DEBUG org.hibernate.orm.results - Extracted JDBC value [1] - [null]
10:24:18.074 [main] DEBUG org.hibernate.orm.results - Extracted JDBC value [2] - [false]
10:24:18.074 [main] DEBUG org.hibernate.orm.results - Extracted JDBC value [3] - [Motor controller for NEO brushless motors]
10:24:18.074 [main] DEBUG org.hibernate.orm.results - Extracted JDBC value [4] - [2025-05-04]
10:24:18.074 [main] DEBUG org.hibernate.orm.results - Extracted JDBC value [5] - [SPARK MAX]
10:24:18.074 [main] DEBUG org.hibernate.orm.results - Extracted JDBC value [6] - [REV-11-2158]
10:24:18.074 [main] DEBUG org.hibernate.orm.results.loading.entity - (EntityResultInitializer) Done materializing entityInstance : org.frcpm.models.Component(959674359421000)#1
10:24:18.074 [main] DEBUG org.hibernate.orm.results.loading - Calling top-level assembler (0 / 1) : org.hibernate.sql.results.graph.entity.internal.EntityAssembler@600f1a10
10:24:18.074 [main] DEBUG org.hibernate.orm.results - Extracted JDBC value [0] - [2]
10:24:18.074 [main] DEBUG org.hibernate.orm.results.loading.entity - (EntityResultInitializer) Hydrated EntityKey (org.frcpm.models.Component(959674359421000)): 2
10:24:18.074 [main] DEBUG org.hibernate.orm.results.loading.org.hibernate.orm.results.loading.collection - (DelayedCollectionInitializer) Current row collection key : org.frcpm.models.Component(959674359421000).requiredForTasks#2
10:24:18.074 [main] DEBUG org.hibernate.orm.results.loading.entity - (EntityResultInitializer) Created new entity instance [org.frcpm.models.Component(959674359421000)#2] : 195221764
10:24:18.074 [main] DEBUG org.hibernate.orm.results - Extracted JDBC value [1] - [null]
10:24:18.074 [main] DEBUG org.hibernate.orm.results - Extracted JDBC value [2] - [false]
10:24:18.074 [main] DEBUG org.hibernate.orm.results - Extracted JDBC value [3] - [High performance brushless DC motor]
10:24:18.074 [main] DEBUG org.hibernate.orm.results - Extracted JDBC value [4] - [2025-05-04]
10:24:18.074 [main] DEBUG org.hibernate.orm.results - Extracted JDBC value [5] - [NEO Brushless Motor]
10:24:18.074 [main] DEBUG org.hibernate.orm.results - Extracted JDBC value [6] - [REV-21-1650]
10:24:18.074 [main] DEBUG org.hibernate.orm.results.loading.entity - (EntityResultInitializer) Done materializing entityInstance : org.frcpm.models.Component(959674359421000)#2
10:24:18.074 [main] DEBUG org.hibernate.orm.results.loading - Calling top-level assembler (0 / 1) : org.hibernate.sql.results.graph.entity.internal.EntityAssembler@600f1a10
10:24:18.074 [main] DEBUG org.hibernate.orm.results - Extracted JDBC value [0] - [3]
10:24:18.074 [main] DEBUG org.hibernate.orm.results.loading.entity - (EntityResultInitializer) Hydrated EntityKey (org.frcpm.models.Component(959674359421000)): 3
10:24:18.074 [main] DEBUG org.hibernate.orm.results.loading.org.hibernate.orm.results.loading.collection - (DelayedCollectionInitializer) Current row collection key : org.frcpm.models.Component(959674359421000).requiredForTasks#3
10:24:18.074 [main] DEBUG org.hibernate.orm.results.loading.entity - (EntityResultInitializer) Created new entity instance [org.frcpm.models.Component(959674359421000)#3] : 1425775098
10:24:18.074 [main] DEBUG org.hibernate.orm.results - Extracted JDBC value [1] - [2025-05-01]
10:24:18.074 [main] DEBUG org.hibernate.orm.results - Extracted JDBC value [2] - [true]
10:24:18.074 [main] DEBUG org.hibernate.orm.results - Extracted JDBC value [3] - [Omni-directional wheels for holonomic drive]
10:24:18.074 [main] DEBUG org.hibernate.orm.results - Extracted JDBC value [4] - [2025-05-02]
10:24:18.074 [main] DEBUG org.hibernate.orm.results - Extracted JDBC value [5] - [4" Omni Wheels]
10:24:18.074 [main] DEBUG org.hibernate.orm.results - Extracted JDBC value [6] - [AM-0016]
10:24:18.074 [main] DEBUG org.hibernate.orm.results.loading.entity - (EntityResultInitializer) Done materializing entityInstance : org.frcpm.models.Component(959674359421000)#3
10:24:18.074 [main] DEBUG org.hibernate.orm.results.loading - Calling top-level assembler (0 / 1) : org.hibernate.sql.results.graph.entity.internal.EntityAssembler@600f1a10
10:24:18.074 [main] DEBUG org.hibernate.orm.results - Extracted JDBC value [0] - [4]
10:24:18.074 [main] DEBUG org.hibernate.orm.results.loading.entity - (EntityResultInitializer) Hydrated EntityKey (org.frcpm.models.Component(959674359421000)): 4
10:24:18.074 [main] DEBUG org.hibernate.orm.results.loading.org.hibernate.orm.results.loading.collection - (DelayedCollectionInitializer) Current row collection key : org.frcpm.models.Component(959674359421000).requiredForTasks#4
10:24:18.074 [main] DEBUG org.hibernate.orm.results.loading.entity - (EntityResultInitializer) Created new entity instance [org.frcpm.models.Component(959674359421000)#4] : 1372281989
10:24:18.074 [main] DEBUG org.hibernate.orm.results - Extracted JDBC value [1] - [null]
10:24:18.074 [main] DEBUG org.hibernate.orm.results - Extracted JDBC value [2] - [false]
10:24:18.074 [main] DEBUG org.hibernate.orm.results - Extracted JDBC value [3] - [Smart camera for vision tracking]
10:24:18.074 [main] DEBUG org.hibernate.orm.results - Extracted JDBC value [4] - [2025-05-08]
10:24:18.074 [main] DEBUG org.hibernate.orm.results - Extracted JDBC value [5] - [Limelight 3]
10:24:18.074 [main] DEBUG org.hibernate.orm.results - Extracted JDBC value [6] - [LL3-1]
10:24:18.074 [main] DEBUG org.hibernate.orm.results.loading.entity - (EntityResultInitializer) Done materializing entityInstance : org.frcpm.models.Component(959674359421000)#4
10:24:18.074 [main] DEBUG org.hibernate.orm.results.loading - Calling top-level assembler (0 / 1) : org.hibernate.sql.results.graph.entity.internal.EntityAssembler@600f1a10
10:24:18.075 [main] DEBUG org.hibernate.orm.results - Extracted JDBC value [0] - [5]
10:24:18.075 [main] DEBUG org.hibernate.orm.results.loading.entity - (EntityResultInitializer) Hydrated EntityKey (org.frcpm.models.Component(959674359421000)): 5
10:24:18.075 [main] DEBUG org.hibernate.orm.results.loading.org.hibernate.orm.results.loading.collection - (DelayedCollectionInitializer) Current row collection key : org.frcpm.models.Component(959674359421000).requiredForTasks#5
10:24:18.075 [main] DEBUG org.hibernate.orm.results.loading.entity - (EntityResultInitializer) Created new entity instance [org.frcpm.models.Component(959674359421000)#5] : 1193773698
10:24:18.075 [main] DEBUG org.hibernate.orm.results - Extracted JDBC value [1] - [null]
10:24:18.075 [main] DEBUG org.hibernate.orm.results - Extracted JDBC value [2] - [false]
10:24:18.075 [main] DEBUG org.hibernate.orm.results - Extracted JDBC value [3] - [Control module for pneumatic systems]
10:24:18.075 [main] DEBUG org.hibernate.orm.results - Extracted JDBC value [4] - [2025-05-06]
10:24:18.075 [main] DEBUG org.hibernate.orm.results - Extracted JDBC value [5] - [Pneumatic Control Module]
10:24:18.075 [main] DEBUG org.hibernate.orm.results - Extracted JDBC value [6] - [CTRE-PCM]
10:24:18.075 [main] DEBUG org.hibernate.orm.results.loading.entity - (EntityResultInitializer) Done materializing entityInstance : org.frcpm.models.Component(959674359421000)#5
10:24:18.075 [main] DEBUG org.hibernate.orm.results.loading - Calling top-level assembler (0 / 1) : org.hibernate.sql.results.graph.entity.internal.EntityAssembler@600f1a10
10:24:18.075 [main] DEBUG org.hibernate.orm.results - Extracted JDBC value [0] - [12]
10:24:18.075 [main] DEBUG org.hibernate.orm.results.loading.entity - (EntityResultInitializer) Hydrated EntityKey (org.frcpm.models.Component(959674359421000)): 12
10:24:18.075 [main] DEBUG org.hibernate.orm.results.loading.org.hibernate.orm.results.loading.collection - (DelayedCollectionInitializer) Current row collection key : org.frcpm.models.Component(959674359421000).requiredForTasks#12
10:24:18.075 [main] DEBUG org.hibernate.orm.results.loading.entity - (EntityResultInitializer) Created new entity instance [org.frcpm.models.Component(959674359421000)#12] : 1721921910
10:24:18.075 [main] DEBUG org.hibernate.orm.results - Extracted JDBC value [1] - [null]
10:24:18.075 [main] DEBUG org.hibernate.orm.results - Extracted JDBC value [2] - [false]
10:24:18.075 [main] DEBUG org.hibernate.orm.results - Extracted JDBC value [3] - [null]
10:24:18.075 [main] DEBUG org.hibernate.orm.results - Extracted JDBC value [4] - [null]
10:24:18.075 [main] DEBUG org.hibernate.orm.results - Extracted JDBC value [5] - [Test Count Component]
10:24:18.075 [main] DEBUG org.hibernate.orm.results - Extracted JDBC value [6] - [TCC-001]
10:24:18.075 [main] DEBUG org.hibernate.orm.results.loading.entity - (EntityResultInitializer) Done materializing entityInstance : org.frcpm.models.Component(959674359421000)#12
10:24:18.075 [main] DEBUG org.hibernate.orm.results.loading - Calling top-level assembler (0 / 1) : org.hibernate.sql.results.graph.entity.internal.EntityAssembler@600f1a10
10:24:18.075 [main] DEBUG org.hibernate.orm.results - Extracted JDBC value [0] - [16]
10:24:18.075 [main] DEBUG org.hibernate.orm.results.loading.entity - (EntityResultInitializer) Hydrated EntityKey (org.frcpm.models.Component(959674359421000)): 16
10:24:18.075 [main] DEBUG org.hibernate.orm.results.loading.org.hibernate.orm.results.loading.collection - (DelayedCollectionInitializer) Current row collection key : org.frcpm.models.Component(959674359421000).requiredForTasks#16
10:24:18.075 [main] DEBUG org.hibernate.orm.results.loading.entity - (EntityResultInitializer) Created new entity instance [org.frcpm.models.Component(959674359421000)#16] : 223840589
10:24:18.075 [main] DEBUG org.hibernate.orm.results - Extracted JDBC value [1] - [null]
10:24:18.075 [main] DEBUG org.hibernate.orm.results - Extracted JDBC value [2] - [false]
10:24:18.075 [main] DEBUG org.hibernate.orm.results - Extracted JDBC value [3] - [Save component description]
10:24:18.075 [main] DEBUG org.hibernate.orm.results - Extracted JDBC value [4] - [2025-05-10]
10:24:18.075 [main] DEBUG org.hibernate.orm.results - Extracted JDBC value [5] - [Test Save Component]
10:24:18.075 [main] DEBUG org.hibernate.orm.results - Extracted JDBC value [6] - [TSC-001]
10:24:18.075 [main] DEBUG org.hibernate.orm.results.loading.entity - (EntityResultInitializer) Done materializing entityInstance : org.frcpm.models.Component(959674359421000)#16
10:24:18.075 [main] DEBUG org.hibernate.orm.results.loading - Calling top-level assembler (0 / 1) : org.hibernate.sql.results.graph.entity.internal.EntityAssembler@600f1a10
10:24:18.075 [main] DEBUG org.hibernate.orm.results - Extracted JDBC value [0] - [40]
10:24:18.075 [main] DEBUG org.hibernate.orm.results.loading.entity - (EntityResultInitializer) Hydrated EntityKey (org.frcpm.models.Component(959674359421000)): 40
10:24:18.075 [main] DEBUG org.hibernate.orm.results.loading.org.hibernate.orm.results.loading.collection - (DelayedCollectionInitializer) Current row collection key : org.frcpm.models.Component(959674359421000).requiredForTasks#40
10:24:18.075 [main] DEBUG org.hibernate.orm.results.loading.entity - (EntityResultInitializer) Created new entity instance [org.frcpm.models.Component(959674359421000)#40] : 619203150
10:24:18.075 [main] DEBUG org.hibernate.orm.results - Extracted JDBC value [1] - [2025-04-25]
10:24:18.075 [main] DEBUG org.hibernate.orm.results - Extracted JDBC value [2] - [true]
10:24:18.075 [main] DEBUG org.hibernate.orm.results - Extracted JDBC value [3] - [Updated description]
10:24:18.075 [main] DEBUG org.hibernate.orm.results - Extracted JDBC value [4] - [null]
10:24:18.075 [main] DEBUG org.hibernate.orm.results - Extracted JDBC value [5] - [Updated Component Name]
10:24:18.075 [main] DEBUG org.hibernate.orm.results - Extracted JDBC value [6] - [TUC-001]
10:24:18.075 [main] DEBUG org.hibernate.orm.results.loading.entity - (EntityResultInitializer) Done materializing entityInstance : org.frcpm.models.Component(959674359421000)#40
10:24:18.075 [main] DEBUG org.hibernate.orm.results.loading - Calling top-level assembler (0 / 1) : org.hibernate.sql.results.graph.entity.internal.EntityAssembler@600f1a10
10:24:18.075 [main] DEBUG org.hibernate.orm.results - Extracted JDBC value [0] - [55]
10:24:18.075 [main] DEBUG org.hibernate.orm.results.loading.entity - (EntityResultInitializer) Hydrated EntityKey (org.frcpm.models.Component(959674359421000)): 55
10:24:18.075 [main] DEBUG org.hibernate.orm.results.loading.org.hibernate.orm.results.loading.collection - (DelayedCollectionInitializer) Current row collection key : org.frcpm.models.Component(959674359421000).requiredForTasks#55
10:24:18.075 [main] DEBUG org.hibernate.orm.results.loading.entity - (EntityResultInitializer) Created new entity instance [org.frcpm.models.Component(959674359421000)#55] : 409113158
10:24:18.075 [main] DEBUG org.hibernate.orm.results - Extracted JDBC value [1] - [null]
10:24:18.075 [main] DEBUG org.hibernate.orm.results - Extracted JDBC value [2] - [false]
10:24:18.075 [main] DEBUG org.hibernate.orm.results - Extracted JDBC value [3] - [Component 1 for association test]
10:24:18.075 [main] DEBUG org.hibernate.orm.results - Extracted JDBC value [4] - [2025-04-28]
10:24:18.075 [main] DEBUG org.hibernate.orm.results - Extracted JDBC value [5] - [Test Component Assoc 1]
10:24:18.075 [main] DEBUG org.hibernate.orm.results - Extracted JDBC value [6] - [TC-ASSOC1]
10:24:18.075 [main] DEBUG org.hibernate.orm.results.loading.entity - (EntityResultInitializer) Done materializing entityInstance : org.frcpm.models.Component(959674359421000)#55
10:24:18.075 [main] DEBUG org.hibernate.orm.results.loading - Calling top-level assembler (0 / 1) : org.hibernate.sql.results.graph.entity.internal.EntityAssembler@600f1a10
10:24:18.075 [main] DEBUG org.hibernate.orm.results - Extracted JDBC value [0] - [56]
10:24:18.075 [main] DEBUG org.hibernate.orm.results.loading.entity - (EntityResultInitializer) Hydrated EntityKey (org.frcpm.models.Component(959674359421000)): 56
10:24:18.075 [main] DEBUG org.hibernate.orm.results.loading.org.hibernate.orm.results.loading.collection - (DelayedCollectionInitializer) Current row collection key : org.frcpm.models.Component(959674359421000).requiredForTasks#56
10:24:18.075 [main] DEBUG org.hibernate.orm.results.loading.entity - (EntityResultInitializer) Created new entity instance [org.frcpm.models.Component(959674359421000)#56] : 171486781
10:24:18.075 [main] DEBUG org.hibernate.orm.results - Extracted JDBC value [1] - [null]
10:24:18.075 [main] DEBUG org.hibernate.orm.results - Extracted JDBC value [2] - [false]
10:24:18.075 [main] DEBUG org.hibernate.orm.results - Extracted JDBC value [3] - [Component 2 for association test]
10:24:18.075 [main] DEBUG org.hibernate.orm.results - Extracted JDBC value [4] - [2025-04-30]
10:24:18.075 [main] DEBUG org.hibernate.orm.results - Extracted JDBC value [5] - [Test Component Assoc 2]
10:24:18.075 [main] DEBUG org.hibernate.orm.results - Extracted JDBC value [6] - [TC-ASSOC2]
10:24:18.075 [main] DEBUG org.hibernate.orm.results.loading.entity - (EntityResultInitializer) Done materializing entityInstance : org.frcpm.models.Component(959674359421000)#56
10:24:18.075 [main] DEBUG org.hibernate.orm.results.loading - Calling top-level assembler (0 / 1) : org.hibernate.sql.results.graph.entity.internal.EntityAssembler@600f1a10
10:24:18.075 [main] DEBUG org.hibernate.orm.results - Extracted JDBC value [0] - [57]
10:24:18.075 [main] DEBUG org.hibernate.orm.results.loading.entity - (EntityResultInitializer) Hydrated EntityKey (org.frcpm.models.Component(959674359421000)): 57
10:24:18.075 [main] DEBUG org.hibernate.orm.results.loading.org.hibernate.orm.results.loading.collection - (DelayedCollectionInitializer) Current row collection key : org.frcpm.models.Component(959674359421000).requiredForTasks#57
10:24:18.075 [main] DEBUG org.hibernate.orm.results.loading.entity - (EntityResultInitializer) Created new entity instance [org.frcpm.models.Component(959674359421000)#57] : 1552847904
10:24:18.075 [main] DEBUG org.hibernate.orm.results - Extracted JDBC value [1] - [null]
10:24:18.075 [main] DEBUG org.hibernate.orm.results - Extracted JDBC value [2] - [false]
10:24:18.075 [main] DEBUG org.hibernate.orm.results - Extracted JDBC value [3] - [First test component description]
10:24:18.075 [main] DEBUG org.hibernate.orm.results - Extracted JDBC value [4] - [2025-04-30]
10:24:18.075 [main] DEBUG org.hibernate.orm.results - Extracted JDBC value [5] - [Test Component 1]
10:24:18.075 [main] DEBUG org.hibernate.orm.results - Extracted JDBC value [6] - [TC-001]
10:24:18.075 [main] DEBUG org.hibernate.orm.results.loading.entity - (EntityResultInitializer) Done materializing entityInstance : org.frcpm.models.Component(959674359421000)#57
10:24:18.075 [main] DEBUG org.hibernate.orm.results.loading - Calling top-level assembler (0 / 1) : org.hibernate.sql.results.graph.entity.internal.EntityAssembler@600f1a10
10:24:18.075 [main] DEBUG org.hibernate.orm.results - Extracted JDBC value [0] - [58]
10:24:18.082 [main] DEBUG org.hibernate.orm.results.loading.entity - (EntityResultInitializer) Hydrated EntityKey (org.frcpm.models.Component(959674359421000)): 58
10:24:18.082 [main] DEBUG org.hibernate.orm.results.loading.org.hibernate.orm.results.loading.collection - (DelayedCollectionInitializer) Current row collection key : org.frcpm.models.Component(959674359421000).requiredForTasks#58
10:24:18.082 [main] DEBUG org.hibernate.orm.results.loading.entity - (EntityResultInitializer) Created new entity instance [org.frcpm.models.Component(959674359421000)#58] : 1589633971
10:24:18.082 [main] DEBUG org.hibernate.orm.results - Extracted JDBC value [1] - [null]
10:24:18.082 [main] DEBUG org.hibernate.orm.results - Extracted JDBC value [2] - [false]
10:24:18.082 [main] DEBUG org.hibernate.orm.results - Extracted JDBC value [3] - [Second test component description]
10:24:18.083 [main] DEBUG org.hibernate.orm.results - Extracted JDBC value [4] - [2025-05-02]
10:24:18.083 [main] DEBUG org.hibernate.orm.results - Extracted JDBC value [5] - [Test Component 2]
10:24:18.083 [main] DEBUG org.hibernate.orm.results - Extracted JDBC value [6] - [TC-002]
10:24:18.083 [main] DEBUG org.hibernate.orm.results.loading.entity - (EntityResultInitializer) Done materializing entityInstance : org.frcpm.models.Component(959674359421000)#58
10:24:18.083 [main] DEBUG org.hibernate.orm.results.loading - Calling top-level assembler (0 / 1) : org.hibernate.sql.results.graph.entity.internal.EntityAssembler@600f1a10
10:24:18.083 [main] DEBUG org.hibernate.orm.results - Extracted JDBC value [0] - [59]
10:24:18.083 [main] DEBUG org.hibernate.orm.results.loading.entity - (EntityResultInitializer) Hydrated EntityKey (org.frcpm.models.Component(959674359421000)): 59
10:24:18.083 [main] DEBUG org.hibernate.orm.results.loading.org.hibernate.orm.results.loading.collection - (DelayedCollectionInitializer) Current row collection key : org.frcpm.models.Component(959674359421000).requiredForTasks#59
10:24:18.083 [main] DEBUG org.hibernate.orm.results.loading.entity - (EntityResultInitializer) Created new entity instance [org.frcpm.models.Component(959674359421000)#59] : 812304523
10:24:18.083 [main] DEBUG org.hibernate.orm.results - Extracted JDBC value [1] - [2025-05-04]
10:24:18.083 [main] DEBUG org.hibernate.orm.results - Extracted JDBC value [2] - [true]
10:24:18.083 [main] DEBUG org.hibernate.orm.results - Extracted JDBC value [3] - [Third test component description]
10:24:18.083 [main] DEBUG org.hibernate.orm.results - Extracted JDBC value [4] - [2025-05-05]
10:24:18.083 [main] DEBUG org.hibernate.orm.results - Extracted JDBC value [5] - [Test Component 3]
10:24:18.083 [main] DEBUG org.hibernate.orm.results - Extracted JDBC value [6] - [TC-003]
10:24:18.083 [main] DEBUG org.hibernate.orm.results.loading.entity - (EntityResultInitializer) Done materializing entityInstance : org.frcpm.models.Component(959674359421000)#59
10:24:18.083 [main] DEBUG org.hibernate.orm.results.loading - Calling top-level assembler (0 / 1) : org.hibernate.sql.results.graph.entity.internal.EntityAssembler@600f1a10
10:24:18.083 [main] DEBUG org.hibernate.orm.results - Extracted JDBC value [0] - [60]
10:24:18.083 [main] DEBUG org.hibernate.orm.results.loading.entity - (EntityResultInitializer) Hydrated EntityKey (org.frcpm.models.Component(959674359421000)): 60
10:24:18.083 [main] DEBUG org.hibernate.orm.results.loading.org.hibernate.orm.results.loading.collection - (DelayedCollectionInitializer) Current row collection key : org.frcpm.models.Component(959674359421000).requiredForTasks#60
10:24:18.083 [main] DEBUG org.hibernate.orm.results.loading.entity - (EntityResultInitializer) Created new entity instance [org.frcpm.models.Component(959674359421000)#60] : 1333383912
10:24:18.083 [main] DEBUG org.hibernate.orm.results - Extracted JDBC value [1] - [null]
10:24:18.083 [main] DEBUG org.hibernate.orm.results - Extracted JDBC value [2] - [false]
10:24:18.083 [main] DEBUG org.hibernate.orm.results - Extracted JDBC value [3] - [First test component description]
10:24:18.083 [main] DEBUG org.hibernate.orm.results - Extracted JDBC value [4] - [2025-04-30]
10:24:18.083 [main] DEBUG org.hibernate.orm.results - Extracted JDBC value [5] - [Test Component 1]
10:24:18.083 [main] DEBUG org.hibernate.orm.results - Extracted JDBC value [6] - [TC-001]
10:24:18.083 [main] DEBUG org.hibernate.orm.results.loading.entity - (EntityResultInitializer) Done materializing entityInstance : org.frcpm.models.Component(959674359421000)#60
10:24:18.083 [main] DEBUG org.hibernate.orm.results.loading - Calling top-level assembler (0 / 1) : org.hibernate.sql.results.graph.entity.internal.EntityAssembler@600f1a10
10:24:18.083 [main] DEBUG org.hibernate.orm.results - Extracted JDBC value [0] - [61]
10:24:18.083 [main] DEBUG org.hibernate.orm.results.loading.entity - (EntityResultInitializer) Hydrated EntityKey (org.frcpm.models.Component(959674359421000)): 61
10:24:18.083 [main] DEBUG org.hibernate.orm.results.loading.org.hibernate.orm.results.loading.collection - (DelayedCollectionInitializer) Current row collection key : org.frcpm.models.Component(959674359421000).requiredForTasks#61
10:24:18.083 [main] DEBUG org.hibernate.orm.results.loading.entity - (EntityResultInitializer) Created new entity instance [org.frcpm.models.Component(959674359421000)#61] : 1521380946
10:24:18.083 [main] DEBUG org.hibernate.orm.results - Extracted JDBC value [1] - [null]
10:24:18.083 [main] DEBUG org.hibernate.orm.results - Extracted JDBC value [2] - [false]
10:24:18.083 [main] DEBUG org.hibernate.orm.results - Extracted JDBC value [3] - [Second test component description]
10:24:18.083 [main] DEBUG org.hibernate.orm.results - Extracted JDBC value [4] - [2025-05-02]
10:24:18.083 [main] DEBUG org.hibernate.orm.results - Extracted JDBC value [5] - [Test Component 2]
10:24:18.083 [main] DEBUG org.hibernate.orm.results - Extracted JDBC value [6] - [TC-002]
10:24:18.083 [main] DEBUG org.hibernate.orm.results.loading.entity - (EntityResultInitializer) Done materializing entityInstance : org.frcpm.models.Component(959674359421000)#61
10:24:18.083 [main] DEBUG org.hibernate.orm.results.loading - Calling top-level assembler (0 / 1) : org.hibernate.sql.results.graph.entity.internal.EntityAssembler@600f1a10
10:24:18.083 [main] DEBUG org.hibernate.orm.results - Extracted JDBC value [0] - [62]
10:24:18.083 [main] DEBUG org.hibernate.orm.results.loading.entity - (EntityResultInitializer) Hydrated EntityKey (org.frcpm.models.Component(959674359421000)): 62
10:24:18.083 [main] DEBUG org.hibernate.orm.results.loading.org.hibernate.orm.results.loading.collection - (DelayedCollectionInitializer) Current row collection key : org.frcpm.models.Component(959674359421000).requiredForTasks#62
10:24:18.083 [main] DEBUG org.hibernate.orm.results.loading.entity - (EntityResultInitializer) Created new entity instance [org.frcpm.models.Component(959674359421000)#62] : 1697822455
10:24:18.083 [main] DEBUG org.hibernate.orm.results - Extracted JDBC value [1] - [2025-05-04]
10:24:18.083 [main] DEBUG org.hibernate.orm.results - Extracted JDBC value [2] - [true]
10:24:18.083 [main] DEBUG org.hibernate.orm.results - Extracted JDBC value [3] - [Third test component description]
10:24:18.083 [main] DEBUG org.hibernate.orm.results - Extracted JDBC value [4] - [2025-05-05]
10:24:18.083 [main] DEBUG org.hibernate.orm.results - Extracted JDBC value [5] - [Test Component 3]
10:24:18.083 [main] DEBUG org.hibernate.orm.results - Extracted JDBC value [6] - [TC-003]
10:24:18.083 [main] DEBUG org.hibernate.orm.results.loading.entity - (EntityResultInitializer) Done materializing entityInstance : org.frcpm.models.Component(959674359421000)#62
10:24:18.083 [main] DEBUG org.hibernate.orm.results.loading - Calling top-level assembler (0 / 1) : org.hibernate.sql.results.graph.entity.internal.EntityAssembler@600f1a10
10:24:18.083 [main] DEBUG org.hibernate.orm.results - Extracted JDBC value [0] - [63]
10:24:18.083 [main] DEBUG org.hibernate.orm.results.loading.entity - (EntityResultInitializer) Hydrated EntityKey (org.frcpm.models.Component(959674359421000)): 63
10:24:18.083 [main] DEBUG org.hibernate.orm.results.loading.org.hibernate.orm.results.loading.collection - (DelayedCollectionInitializer) Current row collection key : org.frcpm.models.Component(959674359421000).requiredForTasks#63
10:24:18.083 [main] DEBUG org.hibernate.orm.results.loading.entity - (EntityResultInitializer) Created new entity instance [org.frcpm.models.Component(959674359421000)#63] : 1175794347
10:24:18.083 [main] DEBUG org.hibernate.orm.results - Extracted JDBC value [1] - [null]
10:24:18.083 [main] DEBUG org.hibernate.orm.results - Extracted JDBC value [2] - [false]
10:24:18.083 [main] DEBUG org.hibernate.orm.results - Extracted JDBC value [3] - [null]
10:24:18.083 [main] DEBUG org.hibernate.orm.results - Extracted JDBC value [4] - [null]
10:24:18.083 [main] DEBUG org.hibernate.orm.results - Extracted JDBC value [5] - [Test Count Component]
10:24:18.083 [main] DEBUG org.hibernate.orm.results - Extracted JDBC value [6] - [TCC-001]
10:24:18.084 [main] DEBUG org.hibernate.orm.results.loading.entity - (EntityResultInitializer) Done materializing entityInstance : org.frcpm.models.Component(959674359421000)#63
10:24:18.084 [main] DEBUG org.hibernate.orm.results.loading - Calling top-level assembler (0 / 1) : org.hibernate.sql.results.graph.entity.internal.EntityAssembler@600f1a10
10:24:18.084 [main] DEBUG org.hibernate.orm.results - Extracted JDBC value [0] - [64]
10:24:18.084 [main] DEBUG org.hibernate.orm.results.loading.entity - (EntityResultInitializer) Hydrated EntityKey (org.frcpm.models.Component(959674359421000)): 64
10:24:18.084 [main] DEBUG org.hibernate.orm.results.loading.org.hibernate.orm.results.loading.collection - (DelayedCollectionInitializer) Current row collection key : org.frcpm.models.Component(959674359421000).requiredForTasks#64
10:24:18.084 [main] DEBUG org.hibernate.orm.results.loading.entity - (EntityResultInitializer) Created new entity instance [org.frcpm.models.Component(959674359421000)#64] : 1015526254
10:24:18.084 [main] DEBUG org.hibernate.orm.results - Extracted JDBC value [1] - [null]
10:24:18.084 [main] DEBUG org.hibernate.orm.results - Extracted JDBC value [2] - [false]
10:24:18.084 [main] DEBUG org.hibernate.orm.results - Extracted JDBC value [3] - [First test component description]
10:24:18.084 [main] DEBUG org.hibernate.orm.results - Extracted JDBC value [4] - [2025-04-30]
10:24:18.084 [main] DEBUG org.hibernate.orm.results - Extracted JDBC value [5] - [Test Component 1]
10:24:18.084 [main] DEBUG org.hibernate.orm.results - Extracted JDBC value [6] - [TC-001]
10:24:18.084 [main] DEBUG org.hibernate.orm.results.loading.entity - (EntityResultInitializer) Done materializing entityInstance : org.frcpm.models.Component(959674359421000)#64
10:24:18.084 [main] DEBUG org.hibernate.orm.results.loading - Calling top-level assembler (0 / 1) : org.hibernate.sql.results.graph.entity.internal.EntityAssembler@600f1a10
10:24:18.084 [main] DEBUG org.hibernate.orm.results - Extracted JDBC value [0] - [65]
10:24:18.084 [main] DEBUG org.hibernate.orm.results.loading.entity - (EntityResultInitializer) Hydrated EntityKey (org.frcpm.models.Component(959674359421000)): 65
10:24:18.084 [main] DEBUG org.hibernate.orm.results.loading.org.hibernate.orm.results.loading.collection - (DelayedCollectionInitializer) Current row collection key : org.frcpm.models.Component(959674359421000).requiredForTasks#65
10:24:18.084 [main] DEBUG org.hibernate.orm.results.loading.entity - (EntityResultInitializer) Created new entity instance [org.frcpm.models.Component(959674359421000)#65] : 1015586557
10:24:18.084 [main] DEBUG org.hibernate.orm.results - Extracted JDBC value [1] - [null]
10:24:18.084 [main] DEBUG org.hibernate.orm.results - Extracted JDBC value [2] - [false]
10:24:18.084 [main] DEBUG org.hibernate.orm.results - Extracted JDBC value [3] - [Second test component description]
10:24:18.084 [main] DEBUG org.hibernate.orm.results - Extracted JDBC value [4] - [2025-05-02]
10:24:18.084 [main] DEBUG org.hibernate.orm.results - Extracted JDBC value [5] - [Test Component 2]
10:24:18.084 [main] DEBUG org.hibernate.orm.results - Extracted JDBC value [6] - [TC-002]
10:24:18.084 [main] DEBUG org.hibernate.orm.results.loading.entity - (EntityResultInitializer) Done materializing entityInstance : org.frcpm.models.Component(959674359421000)#65
10:24:18.084 [main] DEBUG org.hibernate.orm.results.loading - Calling top-level assembler (0 / 1) : org.hibernate.sql.results.graph.entity.internal.EntityAssembler@600f1a10
10:24:18.084 [main] DEBUG org.hibernate.orm.results - Extracted JDBC value [0] - [66]
10:24:18.084 [main] DEBUG org.hibernate.orm.results.loading.entity - (EntityResultInitializer) Hydrated EntityKey (org.frcpm.models.Component(959674359421000)): 66
10:24:18.084 [main] DEBUG org.hibernate.orm.results.loading.org.hibernate.orm.results.loading.collection - (DelayedCollectionInitializer) Current row collection key : org.frcpm.models.Component(959674359421000).requiredForTasks#66
10:24:18.084 [main] DEBUG org.hibernate.orm.results.loading.entity - (EntityResultInitializer) Created new entity instance [org.frcpm.models.Component(959674359421000)#66] : 1613945092
10:24:18.084 [main] DEBUG org.hibernate.orm.results - Extracted JDBC value [1] - [2025-05-04]
10:24:18.084 [main] DEBUG org.hibernate.orm.results - Extracted JDBC value [2] - [true]
10:24:18.084 [main] DEBUG org.hibernate.orm.results - Extracted JDBC value [3] - [Third test component description]
10:24:18.084 [main] DEBUG org.hibernate.orm.results - Extracted JDBC value [4] - [2025-05-05]
10:24:18.084 [main] DEBUG org.hibernate.orm.results - Extracted JDBC value [5] - [Test Component 3]
10:24:18.084 [main] DEBUG org.hibernate.orm.results - Extracted JDBC value [6] - [TC-003]
10:24:18.084 [main] DEBUG org.hibernate.orm.results.loading.entity - (EntityResultInitializer) Done materializing entityInstance : org.frcpm.models.Component(959674359421000)#66
10:24:18.084 [main] DEBUG org.hibernate.orm.results.loading - Calling top-level assembler (0 / 1) : org.hibernate.sql.results.graph.entity.internal.EntityAssembler@600f1a10
10:24:18.084 [main] DEBUG org.hibernate.orm.results - Extracted JDBC value [0] - [67]
10:24:18.084 [main] DEBUG org.hibernate.orm.results.loading.entity - (EntityResultInitializer) Hydrated EntityKey (org.frcpm.models.Component(959674359421000)): 67
10:24:18.084 [main] DEBUG org.hibernate.orm.results.loading.org.hibernate.orm.results.loading.collection - (DelayedCollectionInitializer) Current row collection key : org.frcpm.models.Component(959674359421000).requiredForTasks#67
10:24:18.084 [main] DEBUG org.hibernate.orm.results.loading.entity - (EntityResultInitializer) Created new entity instance [org.frcpm.models.Component(959674359421000)#67] : 1883780654
10:24:18.084 [main] DEBUG org.hibernate.orm.results - Extracted JDBC value [1] - [null]
10:24:18.084 [main] DEBUG org.hibernate.orm.results - Extracted JDBC value [2] - [false]
10:24:18.084 [main] DEBUG org.hibernate.orm.results - Extracted JDBC value [3] - [Save component description]
10:24:18.084 [main] DEBUG org.hibernate.orm.results - Extracted JDBC value [4] - [2025-05-10]
10:24:18.084 [main] DEBUG org.hibernate.orm.results - Extracted JDBC value [5] - [Test Save Component]
10:24:18.084 [main] DEBUG org.hibernate.orm.results - Extracted JDBC value [6] - [TSC-001]
10:24:18.084 [main] DEBUG org.hibernate.orm.results.loading.entity - (EntityResultInitializer) Done materializing entityInstance : org.frcpm.models.Component(959674359421000)#67
10:24:18.084 [main] DEBUG org.hibernate.orm.results.loading - Calling top-level assembler (0 / 1) : org.hibernate.sql.results.graph.entity.internal.EntityAssembler@600f1a10
10:24:18.084 [main] DEBUG org.hibernate.orm.results - Extracted JDBC value [0] - [68]
10:24:18.084 [main] DEBUG org.hibernate.orm.results.loading.entity - (EntityResultInitializer) Hydrated EntityKey (org.frcpm.models.Component(959674359421000)): 68
10:24:18.084 [main] DEBUG org.hibernate.orm.results.loading.org.hibernate.orm.results.loading.collection - (DelayedCollectionInitializer) Current row collection key : org.frcpm.models.Component(959674359421000).requiredForTasks#68
10:24:18.084 [main] DEBUG org.hibernate.orm.results.loading.entity - (EntityResultInitializer) Created new entity instance [org.frcpm.models.Component(959674359421000)#68] : 531015561
10:24:18.084 [main] DEBUG org.hibernate.orm.results - Extracted JDBC value [1] - [null]
10:24:18.084 [main] DEBUG org.hibernate.orm.results - Extracted JDBC value [2] - [false]
10:24:18.084 [main] DEBUG org.hibernate.orm.results - Extracted JDBC value [3] - [First test component description]
10:24:18.084 [main] DEBUG org.hibernate.orm.results - Extracted JDBC value [4] - [2025-04-30]
10:24:18.084 [main] DEBUG org.hibernate.orm.results - Extracted JDBC value [5] - [Test Component 1]
10:24:18.084 [main] DEBUG org.hibernate.orm.results - Extracted JDBC value [6] - [TC-001]
10:24:18.084 [main] DEBUG org.hibernate.orm.results.loading.entity - (EntityResultInitializer) Done materializing entityInstance : org.frcpm.models.Component(959674359421000)#68
10:24:18.084 [main] DEBUG org.hibernate.orm.results.loading - Calling top-level assembler (0 / 1) : org.hibernate.sql.results.graph.entity.internal.EntityAssembler@600f1a10
10:24:18.084 [main] DEBUG org.hibernate.orm.results - Extracted JDBC value [0] - [69]
10:24:18.084 [main] DEBUG org.hibernate.orm.results.loading.entity - (EntityResultInitializer) Hydrated EntityKey (org.frcpm.models.Component(959674359421000)): 69
10:24:18.084 [main] DEBUG org.hibernate.orm.results.loading.org.hibernate.orm.results.loading.collection - (DelayedCollectionInitializer) Current row collection key : org.frcpm.models.Component(959674359421000).requiredForTasks#69
10:24:18.084 [main] DEBUG org.hibernate.orm.results.loading.entity - (EntityResultInitializer) Created new entity instance [org.frcpm.models.Component(959674359421000)#69] : 1596289722
10:24:18.084 [main] DEBUG org.hibernate.orm.results - Extracted JDBC value [1] - [null]
10:24:18.084 [main] DEBUG org.hibernate.orm.results - Extracted JDBC value [2] - [false]
10:24:18.084 [main] DEBUG org.hibernate.orm.results - Extracted JDBC value [3] - [Second test component description]
10:24:18.084 [main] DEBUG org.hibernate.orm.results - Extracted JDBC value [4] - [2025-05-02]
10:24:18.084 [main] DEBUG org.hibernate.orm.results - Extracted JDBC value [5] - [Test Component 2]
10:24:18.084 [main] DEBUG org.hibernate.orm.results - Extracted JDBC value [6] - [TC-002]
10:24:18.084 [main] DEBUG org.hibernate.orm.results.loading.entity - (EntityResultInitializer) Done materializing entityInstance : org.frcpm.models.Component(959674359421000)#69
10:24:18.084 [main] DEBUG org.hibernate.orm.results.loading - Calling top-level assembler (0 / 1) : org.hibernate.sql.results.graph.entity.internal.EntityAssembler@600f1a10
10:24:18.084 [main] DEBUG org.hibernate.orm.results - Extracted JDBC value [0] - [70]
10:24:18.084 [main] DEBUG org.hibernate.orm.results.loading.entity - (EntityResultInitializer) Hydrated EntityKey (org.frcpm.models.Component(959674359421000)): 70
10:24:18.084 [main] DEBUG org.hibernate.orm.results.loading.org.hibernate.orm.results.loading.collection - (DelayedCollectionInitializer) Current row collection key : org.frcpm.models.Component(959674359421000).requiredForTasks#70
10:24:18.084 [main] DEBUG org.hibernate.orm.results.loading.entity - (EntityResultInitializer) Created new entity instance [org.frcpm.models.Component(959674359421000)#70] : 1229570487
10:24:18.084 [main] DEBUG org.hibernate.orm.results - Extracted JDBC value [1] - [2025-05-04]
10:24:18.084 [main] DEBUG org.hibernate.orm.results - Extracted JDBC value [2] - [true]
10:24:18.084 [main] DEBUG org.hibernate.orm.results - Extracted JDBC value [3] - [Third test component description]
10:24:18.084 [main] DEBUG org.hibernate.orm.results - Extracted JDBC value [4] - [2025-05-05]
10:24:18.084 [main] DEBUG org.hibernate.orm.results - Extracted JDBC value [5] - [Test Component 3]
10:24:18.084 [main] DEBUG org.hibernate.orm.results - Extracted JDBC value [6] - [TC-003]
10:24:18.084 [main] DEBUG org.hibernate.orm.results.loading.entity - (EntityResultInitializer) Done materializing entityInstance : org.frcpm.models.Component(959674359421000)#70
10:24:18.084 [main] DEBUG org.hibernate.orm.results.loading - Calling top-level assembler (0 / 1) : org.hibernate.sql.results.graph.entity.internal.EntityAssembler@600f1a10
10:24:18.085 [main] DEBUG org.hibernate.resource.jdbc.internal.LogicalConnectionManagedImpl - Initiating JDBC connection release from afterTransaction
10:24:18.085 [main] DEBUG org.hibernate.resource.jdbc.internal.LogicalConnectionManagedImpl - Initiating JDBC connection release from afterTransaction
10:24:18.085 [main] DEBUG org.hibernate.engine.transaction.internal.TransactionImpl - On TransactionImpl creation, JpaCompliance#isJpaTransactionComplianceEnabled == false
10:24:18.085 [main] DEBUG org.hibernate.engine.transaction.internal.TransactionImpl - begin
10:24:18.085 [main] DEBUG org.hibernate.orm.sql.exec - Skipping reading Query result cache data: cache-enabled = false, cache-mode = IGNORE
10:24:18.085 [main] DEBUG org.hibernate.orm.results - Initializer list:
	  org.frcpm.models.Component -> EntityResultInitializer(org.frcpm.models.Component)@1038091797 (SingleTableEntityPersister(org.frcpm.models.Component))
	  org.frcpm.models.Component.requiredForTasks -> DelayedCollectionInitializer(org.frcpm.models.Component.requiredForTasks)@326301135 (PluralAttribute(org.frcpm.models.Component.requiredForTasks))

10:24:18.085 [main] DEBUG org.hibernate.SQL - select c1_0.id,c1_0.actual_delivery,c1_0.is_delivered,c1_0.description,c1_0.expected_delivery,c1_0.name,c1_0.part_number from components c1_0 where c1_0.id=?
10:24:18.086 [main] DEBUG org.hibernate.orm.results.loading.entity - (EntityResultInitializer) Hydrated EntityKey (org.frcpm.models.Component): 55
10:24:18.086 [main] DEBUG org.hibernate.orm.results.loading.org.hibernate.orm.results.loading.collection - (DelayedCollectionInitializer) Current row collection key : org.frcpm.models.Component.requiredForTasks#55
10:24:18.086 [main] DEBUG org.hibernate.orm.results.loading.entity - (EntityResultInitializer) Created new entity instance [org.frcpm.models.Component#55] : 1090040076
10:24:18.086 [main] DEBUG org.hibernate.orm.results - Extracted JDBC value [1] - [null]
10:24:18.086 [main] DEBUG org.hibernate.orm.results - Extracted JDBC value [2] - [false]
10:24:18.086 [main] DEBUG org.hibernate.orm.results - Extracted JDBC value [3] - [Component 1 for association test]
10:24:18.086 [main] DEBUG org.hibernate.orm.results - Extracted JDBC value [4] - [2025-04-28]
10:24:18.086 [main] DEBUG org.hibernate.orm.results - Extracted JDBC value [5] - [Test Component Assoc 1]
10:24:18.086 [main] DEBUG org.hibernate.orm.results - Extracted JDBC value [6] - [TC-ASSOC1]
10:24:18.086 [main] DEBUG org.hibernate.orm.results.loading.entity - (EntityResultInitializer) Done materializing entityInstance : org.frcpm.models.Component#55
10:24:18.086 [main] DEBUG org.hibernate.orm.results.loading - Calling top-level assembler (0 / 1) : org.hibernate.sql.results.graph.entity.internal.EntityAssembler@5ed8a018
10:24:18.086 [main] DEBUG org.hibernate.engine.transaction.internal.TransactionImpl - committing
10:24:18.086 [main] DEBUG org.hibernate.event.internal.AbstractFlushingEventListener - Processing flush-time cascades
10:24:18.086 [main] DEBUG org.hibernate.event.internal.AbstractFlushingEventListener - Dirty checking collections
10:24:18.087 [main] DEBUG org.hibernate.engine.internal.Collections - Collection dereferenced: [org.frcpm.models.Component.requiredForTasks#55]
10:24:18.087 [main] DEBUG org.hibernate.event.internal.AbstractFlushingEventListener - Flushed: 0 insertions, 0 updates, 1 deletions to 1 objects
10:24:18.087 [main] DEBUG org.hibernate.event.internal.AbstractFlushingEventListener - Flushed: 0 (re)creations, 0 updates, 1 removals to 1 collections
10:24:18.087 [main] DEBUG org.hibernate.internal.util.EntityPrinter - Listing entities:
10:24:18.087 [main] DEBUG org.hibernate.internal.util.EntityPrinter - org.frcpm.models.Component{expectedDelivery=2025-04-28, requiredForTasks=<uninitialized>, name=Test Component Assoc 1, actualDelivery=null, description=Component 1 for association test, delivered=false, partNumber=TC-ASSOC1, id=55}
10:24:18.087 [main] DEBUG org.hibernate.SQL - delete from components where id=?
10:24:18.087 [main] INFO org.hibernate.orm.jdbc.batch - HHH100503: On release of batch it still contained JDBC statements
10:24:18.087 [main] ERROR org.hibernate.orm.jdbc.batch - HHH100501: Exception executing batch [org.h2.jdbc.JdbcBatchUpdateException: Referential integrity constraint violation: "FK5IRPAISPCX79XWY6N1QOMAXNV: PUBLIC.TASK_COMPONENTS FOREIGN KEY(COMPONENT_ID) REFERENCES PUBLIC.COMPONENTS(ID) (CAST(55 AS BIGINT))"; SQL statement:
delete from components where id=? [23503-224]], SQL: delete from components where id=?
10:24:18.088 [main] DEBUG org.hibernate.engine.jdbc.spi.SqlExceptionHelper - could not execute batch [delete from components where id=?]
org.h2.jdbc.JdbcBatchUpdateException: Referential integrity constraint violation: "FK5IRPAISPCX79XWY6N1QOMAXNV: PUBLIC.TASK_COMPONENTS FOREIGN KEY(COMPONENT_ID) REFERENCES PUBLIC.COMPONENTS(ID) (CAST(55 AS BIGINT))"; SQL statement:
delete from components where id=? [23503-224]
	at org.h2.jdbc.JdbcPreparedStatement.executeBatch(JdbcPreparedStatement.java:1282)
	at com.zaxxer.hikari.pool.ProxyStatement.executeBatch(ProxyStatement.java:127)
	at com.zaxxer.hikari.pool.HikariProxyPreparedStatement.executeBatch(HikariProxyPreparedStatement.java)
	at org.hibernate.engine.jdbc.batch.internal.BatchImpl.lambda$performExecution$2(BatchImpl.java:279)
	at org.hibernate.engine.jdbc.mutation.internal.PreparedStatementGroupSingleTable.forEachStatement(PreparedStatementGroupSingleTable.java:67)
	at org.hibernate.engine.jdbc.batch.internal.BatchImpl.performExecution(BatchImpl.java:264)
	at org.hibernate.engine.jdbc.batch.internal.BatchImpl.execute(BatchImpl.java:242)
	at org.hibernate.engine.jdbc.internal.JdbcCoordinatorImpl.executeBatch(JdbcCoordinatorImpl.java:188)
	at org.hibernate.engine.spi.ActionQueue.executeActions(ActionQueue.java:662)
	at org.hibernate.engine.spi.ActionQueue.executeActions(ActionQueue.java:499)
	at org.hibernate.event.internal.AbstractFlushingEventListener.performExecutions(AbstractFlushingEventListener.java:371)
	at org.hibernate.event.internal.DefaultFlushEventListener.onFlush(DefaultFlushEventListener.java:41)
	at org.hibernate.event.service.internal.EventListenerGroupImpl.fireEventOnEachListener(EventListenerGroupImpl.java:127)
	at org.hibernate.internal.SessionImpl.doFlush(SessionImpl.java:1425)
	at org.hibernate.internal.SessionImpl.managedFlush(SessionImpl.java:487)
	at org.hibernate.internal.SessionImpl.flushBeforeTransactionCompletion(SessionImpl.java:2324)
	at org.hibernate.internal.SessionImpl.beforeTransactionCompletion(SessionImpl.java:1981)
	at org.hibernate.engine.jdbc.internal.JdbcCoordinatorImpl.beforeTransactionCompletion(JdbcCoordinatorImpl.java:439)
	at org.hibernate.resource.transaction.backend.jdbc.internal.JdbcResourceLocalTransactionCoordinatorImpl.beforeCompletionCallback(JdbcResourceLocalTransactionCoordinatorImpl.java:169)
	at org.hibernate.resource.transaction.backend.jdbc.internal.JdbcResourceLocalTransactionCoordinatorImpl$TransactionDriverControlImpl.commit(JdbcResourceLocalTransactionCoordinatorImpl.java:267)
	at org.hibernate.engine.transaction.internal.TransactionImpl.commit(TransactionImpl.java:101)
	at org.frcpm.repositories.impl.JpaRepositoryImpl.delete(JpaRepositoryImpl.java:165)
	at org.frcpm.repositories.ComponentRepositoryTest.cleanupTestComponents(ComponentRepositoryTest.java:63)
	at org.frcpm.repositories.ComponentRepositoryTest.tearDown(ComponentRepositoryTest.java:35)
	at java.base/jdk.internal.reflect.DirectMethodHandleAccessor.invoke(DirectMethodHandleAccessor.java:103)
	at java.base/java.lang.reflect.Method.invoke(Method.java:580)
	at org.junit.platform.commons.util.ReflectionUtils.invokeMethod(ReflectionUtils.java:728)
	at org.junit.jupiter.engine.execution.MethodInvocation.proceed(MethodInvocation.java:60)
	at org.junit.jupiter.engine.execution.InvocationInterceptorChain$ValidatingInvocation.proceed(InvocationInterceptorChain.java:131)
	at org.junit.jupiter.engine.extension.TimeoutExtension.intercept(TimeoutExtension.java:156)
	at org.junit.jupiter.engine.extension.TimeoutExtension.interceptLifecycleMethod(TimeoutExtension.java:128)
	at org.junit.jupiter.engine.extension.TimeoutExtension.interceptAfterEachMethod(TimeoutExtension.java:110)
	at org.junit.jupiter.engine.execution.InterceptingExecutableInvoker$ReflectiveInterceptorCall.lambda$ofVoidMethod$0(InterceptingExecutableInvoker.java:103)
	at org.junit.jupiter.engine.execution.InterceptingExecutableInvoker.lambda$invoke$0(InterceptingExecutableInvoker.java:93)
	at org.junit.jupiter.engine.execution.InvocationInterceptorChain$InterceptedInvocation.proceed(InvocationInterceptorChain.java:106)
	at org.junit.jupiter.engine.execution.InvocationInterceptorChain.proceed(InvocationInterceptorChain.java:64)
	at org.junit.jupiter.engine.execution.InvocationInterceptorChain.chainAndInvoke(InvocationInterceptorChain.java:45)
	at org.junit.jupiter.engine.execution.InvocationInterceptorChain.invoke(InvocationInterceptorChain.java:37)
	at org.junit.jupiter.engine.execution.InterceptingExecutableInvoker.invoke(InterceptingExecutableInvoker.java:92)
	at org.junit.jupiter.engine.execution.InterceptingExecutableInvoker.invoke(InterceptingExecutableInvoker.java:86)
	at org.junit.jupiter.engine.descriptor.ClassBasedTestDescriptor.invokeMethodInExtensionContext(ClassBasedTestDescriptor.java:521)
	at org.junit.jupiter.engine.descriptor.ClassBasedTestDescriptor.lambda$synthesizeAfterEachMethodAdapter$24(ClassBasedTestDescriptor.java:511)
	at org.junit.jupiter.engine.descriptor.TestMethodTestDescriptor.lambda$invokeAfterEachMethods$10(TestMethodTestDescriptor.java:244)
	at org.junit.jupiter.engine.descriptor.TestMethodTestDescriptor.lambda$invokeAllAfterMethodsOrCallbacks$13(TestMethodTestDescriptor.java:277)
	at org.junit.platform.engine.support.hierarchical.ThrowableCollector.execute(ThrowableCollector.java:73)
	at org.junit.jupiter.engine.descriptor.TestMethodTestDescriptor.lambda$invokeAllAfterMethodsOrCallbacks$14(TestMethodTestDescriptor.java:277)
	at org.junit.platform.commons.util.CollectionUtils.forEachInReverseOrder(CollectionUtils.java:217)
	at org.junit.jupiter.engine.descriptor.TestMethodTestDescriptor.invokeAllAfterMethodsOrCallbacks(TestMethodTestDescriptor.java:276)
	at org.junit.jupiter.engine.descriptor.TestMethodTestDescriptor.invokeAfterEachMethods(TestMethodTestDescriptor.java:242)
	at org.junit.jupiter.engine.descriptor.TestMethodTestDescriptor.execute(TestMethodTestDescriptor.java:143)
	at org.junit.jupiter.engine.descriptor.TestMethodTestDescriptor.execute(TestMethodTestDescriptor.java:69)
	at org.junit.platform.engine.support.hierarchical.NodeTestTask.lambda$executeRecursively$6(NodeTestTask.java:151)
	at org.junit.platform.engine.support.hierarchical.ThrowableCollector.execute(ThrowableCollector.java:73)
	at org.junit.platform.engine.support.hierarchical.NodeTestTask.lambda$executeRecursively$8(NodeTestTask.java:141)
	at org.junit.platform.engine.support.hierarchical.Node.around(Node.java:137)
	at org.junit.platform.engine.support.hierarchical.NodeTestTask.lambda$executeRecursively$9(NodeTestTask.java:139)
	at org.junit.platform.engine.support.hierarchical.ThrowableCollector.execute(ThrowableCollector.java:73)
	at org.junit.platform.engine.support.hierarchical.NodeTestTask.executeRecursively(NodeTestTask.java:138)
	at org.junit.platform.engine.support.hierarchical.NodeTestTask.execute(NodeTestTask.java:95)
	at java.base/java.util.ArrayList.forEach(ArrayList.java:1596)
	at org.junit.platform.engine.support.hierarchical.SameThreadHierarchicalTestExecutorService.invokeAll(SameThreadHierarchicalTestExecutorService.java:41)
	at org.junit.platform.engine.support.hierarchical.NodeTestTask.lambda$executeRecursively$6(NodeTestTask.java:155)
	at org.junit.platform.engine.support.hierarchical.ThrowableCollector.execute(ThrowableCollector.java:73)
	at org.junit.platform.engine.support.hierarchical.NodeTestTask.lambda$executeRecursively$8(NodeTestTask.java:141)
	at org.junit.platform.engine.support.hierarchical.Node.around(Node.java:137)
	at org.junit.platform.engine.support.hierarchical.NodeTestTask.lambda$executeRecursively$9(NodeTestTask.java:139)
	at org.junit.platform.engine.support.hierarchical.ThrowableCollector.execute(ThrowableCollector.java:73)
	at org.junit.platform.engine.support.hierarchical.NodeTestTask.executeRecursively(NodeTestTask.java:138)
	at org.junit.platform.engine.support.hierarchical.NodeTestTask.execute(NodeTestTask.java:95)
	at java.base/java.util.ArrayList.forEach(ArrayList.java:1596)
	at org.junit.platform.engine.support.hierarchical.SameThreadHierarchicalTestExecutorService.invokeAll(SameThreadHierarchicalTestExecutorService.java:41)
	at org.junit.platform.engine.support.hierarchical.NodeTestTask.lambda$executeRecursively$6(NodeTestTask.java:155)
	at org.junit.platform.engine.support.hierarchical.ThrowableCollector.execute(ThrowableCollector.java:73)
	at org.junit.platform.engine.support.hierarchical.NodeTestTask.lambda$executeRecursively$8(NodeTestTask.java:141)
	at org.junit.platform.engine.support.hierarchical.Node.around(Node.java:137)
	at org.junit.platform.engine.support.hierarchical.NodeTestTask.lambda$executeRecursively$9(NodeTestTask.java:139)
	at org.junit.platform.engine.support.hierarchical.ThrowableCollector.execute(ThrowableCollector.java:73)
	at org.junit.platform.engine.support.hierarchical.NodeTestTask.executeRecursively(NodeTestTask.java:138)
	at org.junit.platform.engine.support.hierarchical.NodeTestTask.execute(NodeTestTask.java:95)
	at org.junit.platform.engine.support.hierarchical.SameThreadHierarchicalTestExecutorService.submit(SameThreadHierarchicalTestExecutorService.java:35)
	at org.junit.platform.engine.support.hierarchical.HierarchicalTestExecutor.execute(HierarchicalTestExecutor.java:57)
	at org.junit.platform.engine.support.hierarchical.HierarchicalTestEngine.execute(HierarchicalTestEngine.java:54)
	at org.junit.platform.launcher.core.EngineExecutionOrchestrator.execute(EngineExecutionOrchestrator.java:198)
	at org.junit.platform.launcher.core.EngineExecutionOrchestrator.execute(EngineExecutionOrchestrator.java:169)
	at org.junit.platform.launcher.core.EngineExecutionOrchestrator.execute(EngineExecutionOrchestrator.java:93)
	at org.junit.platform.launcher.core.EngineExecutionOrchestrator.lambda$execute$0(EngineExecutionOrchestrator.java:58)
	at org.junit.platform.launcher.core.EngineExecutionOrchestrator.withInterceptedStreams(EngineExecutionOrchestrator.java:141)
	at org.junit.platform.launcher.core.EngineExecutionOrchestrator.execute(EngineExecutionOrchestrator.java:57)
	at org.junit.platform.launcher.core.DefaultLauncher.execute(DefaultLauncher.java:103)
	at org.junit.platform.launcher.core.DefaultLauncher.execute(DefaultLauncher.java:85)
	at org.junit.platform.launcher.core.DelegatingLauncher.execute(DelegatingLauncher.java:47)
	at org.apache.maven.surefire.junitplatform.LazyLauncher.execute(LazyLauncher.java:56)
	at org.apache.maven.surefire.junitplatform.JUnitPlatformProvider.execute(JUnitPlatformProvider.java:184)
	at org.apache.maven.surefire.junitplatform.JUnitPlatformProvider.invokeAllTests(JUnitPlatformProvider.java:148)
	at org.apache.maven.surefire.junitplatform.JUnitPlatformProvider.invoke(JUnitPlatformProvider.java:122)
	at org.apache.maven.surefire.booter.ForkedBooter.runSuitesInProcess(ForkedBooter.java:385)
	at org.apache.maven.surefire.booter.ForkedBooter.execute(ForkedBooter.java:162)
	at org.apache.maven.surefire.booter.ForkedBooter.run(ForkedBooter.java:507)
	at org.apache.maven.surefire.booter.ForkedBooter.main(ForkedBooter.java:495)
10:24:18.088 [main] WARN org.hibernate.engine.jdbc.spi.SqlExceptionHelper - SQL Error: 23503, SQLState: 23503
10:24:18.088 [main] ERROR org.hibernate.engine.jdbc.spi.SqlExceptionHelper - Referential integrity constraint violation: "FK5IRPAISPCX79XWY6N1QOMAXNV: PUBLIC.TASK_COMPONENTS FOREIGN KEY(COMPONENT_ID) REFERENCES PUBLIC.COMPONENTS(ID) (CAST(55 AS BIGINT))"; SQL statement:
delete from components where id=? [23503-224]
10:24:18.088 [main] DEBUG org.hibernate.orm.jdbc.batch - PreparedStatementDetails did not contain PreparedStatement on #releaseStatements : delete from components where id=?
10:24:18.088 [main] DEBUG org.hibernate.orm.jdbc.batch - PreparedStatementDetails did not contain PreparedStatement on #releaseStatements : delete from components where id=?
10:24:18.088 [main] DEBUG org.hibernate.resource.transaction.backend.jdbc.internal.JdbcResourceLocalTransactionCoordinatorImpl - JDBC transaction marked for rollback-only (exception provided for stack trace)
java.lang.Exception: exception just for purpose of providing stack trace
	at org.hibernate.resource.transaction.backend.jdbc.internal.JdbcResourceLocalTransactionCoordinatorImpl$TransactionDriverControlImpl.markRollbackOnly(JdbcResourceLocalTransactionCoordinatorImpl.java:309)
	at org.hibernate.engine.transaction.internal.TransactionImpl.markRollbackOnly(TransactionImpl.java:203)
	at org.hibernate.internal.AbstractSharedSessionContract.markForRollbackOnly(AbstractSharedSessionContract.java:512)
	at org.hibernate.internal.ExceptionConverterImpl.rollbackIfNecessary(ExceptionConverterImpl.java:264)
	at org.hibernate.internal.ExceptionConverterImpl.convert(ExceptionConverterImpl.java:160)
	at org.hibernate.internal.ExceptionConverterImpl.convert(ExceptionConverterImpl.java:167)
	at org.hibernate.internal.ExceptionConverterImpl.convert(ExceptionConverterImpl.java:173)
	at org.hibernate.internal.SessionImpl.doFlush(SessionImpl.java:1429)
	at org.hibernate.internal.SessionImpl.managedFlush(SessionImpl.java:487)
	at org.hibernate.internal.SessionImpl.flushBeforeTransactionCompletion(SessionImpl.java:2324)
	at org.hibernate.internal.SessionImpl.beforeTransactionCompletion(SessionImpl.java:1981)
	at org.hibernate.engine.jdbc.internal.JdbcCoordinatorImpl.beforeTransactionCompletion(JdbcCoordinatorImpl.java:439)
	at org.hibernate.resource.transaction.backend.jdbc.internal.JdbcResourceLocalTransactionCoordinatorImpl.beforeCompletionCallback(JdbcResourceLocalTransactionCoordinatorImpl.java:169)
	at org.hibernate.resource.transaction.backend.jdbc.internal.JdbcResourceLocalTransactionCoordinatorImpl$TransactionDriverControlImpl.commit(JdbcResourceLocalTransactionCoordinatorImpl.java:267)
	at org.hibernate.engine.transaction.internal.TransactionImpl.commit(TransactionImpl.java:101)
	at org.frcpm.repositories.impl.JpaRepositoryImpl.delete(JpaRepositoryImpl.java:165)
	at org.frcpm.repositories.ComponentRepositoryTest.cleanupTestComponents(ComponentRepositoryTest.java:63)
	at org.frcpm.repositories.ComponentRepositoryTest.tearDown(ComponentRepositoryTest.java:35)
	at java.base/jdk.internal.reflect.DirectMethodHandleAccessor.invoke(DirectMethodHandleAccessor.java:103)
	at java.base/java.lang.reflect.Method.invoke(Method.java:580)
	at org.junit.platform.commons.util.ReflectionUtils.invokeMethod(ReflectionUtils.java:728)
	at org.junit.jupiter.engine.execution.MethodInvocation.proceed(MethodInvocation.java:60)
	at org.junit.jupiter.engine.execution.InvocationInterceptorChain$ValidatingInvocation.proceed(InvocationInterceptorChain.java:131)
	at org.junit.jupiter.engine.extension.TimeoutExtension.intercept(TimeoutExtension.java:156)
	at org.junit.jupiter.engine.extension.TimeoutExtension.interceptLifecycleMethod(TimeoutExtension.java:128)
	at org.junit.jupiter.engine.extension.TimeoutExtension.interceptAfterEachMethod(TimeoutExtension.java:110)
	at org.junit.jupiter.engine.execution.InterceptingExecutableInvoker$ReflectiveInterceptorCall.lambda$ofVoidMethod$0(InterceptingExecutableInvoker.java:103)
	at org.junit.jupiter.engine.execution.InterceptingExecutableInvoker.lambda$invoke$0(InterceptingExecutableInvoker.java:93)
	at org.junit.jupiter.engine.execution.InvocationInterceptorChain$InterceptedInvocation.proceed(InvocationInterceptorChain.java:106)
	at org.junit.jupiter.engine.execution.InvocationInterceptorChain.proceed(InvocationInterceptorChain.java:64)
	at org.junit.jupiter.engine.execution.InvocationInterceptorChain.chainAndInvoke(InvocationInterceptorChain.java:45)
	at org.junit.jupiter.engine.execution.InvocationInterceptorChain.invoke(InvocationInterceptorChain.java:37)
	at org.junit.jupiter.engine.execution.InterceptingExecutableInvoker.invoke(InterceptingExecutableInvoker.java:92)
	at org.junit.jupiter.engine.execution.InterceptingExecutableInvoker.invoke(InterceptingExecutableInvoker.java:86)
	at org.junit.jupiter.engine.descriptor.ClassBasedTestDescriptor.invokeMethodInExtensionContext(ClassBasedTestDescriptor.java:521)
	at org.junit.jupiter.engine.descriptor.ClassBasedTestDescriptor.lambda$synthesizeAfterEachMethodAdapter$24(ClassBasedTestDescriptor.java:511)
	at org.junit.jupiter.engine.descriptor.TestMethodTestDescriptor.lambda$invokeAfterEachMethods$10(TestMethodTestDescriptor.java:244)
	at org.junit.jupiter.engine.descriptor.TestMethodTestDescriptor.lambda$invokeAllAfterMethodsOrCallbacks$13(TestMethodTestDescriptor.java:277)
	at org.junit.platform.engine.support.hierarchical.ThrowableCollector.execute(ThrowableCollector.java:73)
	at org.junit.jupiter.engine.descriptor.TestMethodTestDescriptor.lambda$invokeAllAfterMethodsOrCallbacks$14(TestMethodTestDescriptor.java:277)
	at org.junit.platform.commons.util.CollectionUtils.forEachInReverseOrder(CollectionUtils.java:217)
	at org.junit.jupiter.engine.descriptor.TestMethodTestDescriptor.invokeAllAfterMethodsOrCallbacks(TestMethodTestDescriptor.java:276)
	at org.junit.jupiter.engine.descriptor.TestMethodTestDescriptor.invokeAfterEachMethods(TestMethodTestDescriptor.java:242)
	at org.junit.jupiter.engine.descriptor.TestMethodTestDescriptor.execute(TestMethodTestDescriptor.java:143)
	at org.junit.jupiter.engine.descriptor.TestMethodTestDescriptor.execute(TestMethodTestDescriptor.java:69)
	at org.junit.platform.engine.support.hierarchical.NodeTestTask.lambda$executeRecursively$6(NodeTestTask.java:151)
	at org.junit.platform.engine.support.hierarchical.ThrowableCollector.execute(ThrowableCollector.java:73)
	at org.junit.platform.engine.support.hierarchical.NodeTestTask.lambda$executeRecursively$8(NodeTestTask.java:141)
	at org.junit.platform.engine.support.hierarchical.Node.around(Node.java:137)
	at org.junit.platform.engine.support.hierarchical.NodeTestTask.lambda$executeRecursively$9(NodeTestTask.java:139)
	at org.junit.platform.engine.support.hierarchical.ThrowableCollector.execute(ThrowableCollector.java:73)
	at org.junit.platform.engine.support.hierarchical.NodeTestTask.executeRecursively(NodeTestTask.java:138)
	at org.junit.platform.engine.support.hierarchical.NodeTestTask.execute(NodeTestTask.java:95)
	at java.base/java.util.ArrayList.forEach(ArrayList.java:1596)
	at org.junit.platform.engine.support.hierarchical.SameThreadHierarchicalTestExecutorService.invokeAll(SameThreadHierarchicalTestExecutorService.java:41)
	at org.junit.platform.engine.support.hierarchical.NodeTestTask.lambda$executeRecursively$6(NodeTestTask.java:155)
	at org.junit.platform.engine.support.hierarchical.ThrowableCollector.execute(ThrowableCollector.java:73)
	at org.junit.platform.engine.support.hierarchical.NodeTestTask.lambda$executeRecursively$8(NodeTestTask.java:141)
	at org.junit.platform.engine.support.hierarchical.Node.around(Node.java:137)
	at org.junit.platform.engine.support.hierarchical.NodeTestTask.lambda$executeRecursively$9(NodeTestTask.java:139)
	at org.junit.platform.engine.support.hierarchical.ThrowableCollector.execute(ThrowableCollector.java:73)
	at org.junit.platform.engine.support.hierarchical.NodeTestTask.executeRecursively(NodeTestTask.java:138)
	at org.junit.platform.engine.support.hierarchical.NodeTestTask.execute(NodeTestTask.java:95)
	at java.base/java.util.ArrayList.forEach(ArrayList.java:1596)
	at org.junit.platform.engine.support.hierarchical.SameThreadHierarchicalTestExecutorService.invokeAll(SameThreadHierarchicalTestExecutorService.java:41)
	at org.junit.platform.engine.support.hierarchical.NodeTestTask.lambda$executeRecursively$6(NodeTestTask.java:155)
	at org.junit.platform.engine.support.hierarchical.ThrowableCollector.execute(ThrowableCollector.java:73)
	at org.junit.platform.engine.support.hierarchical.NodeTestTask.lambda$executeRecursively$8(NodeTestTask.java:141)
	at org.junit.platform.engine.support.hierarchical.Node.around(Node.java:137)
	at org.junit.platform.engine.support.hierarchical.NodeTestTask.lambda$executeRecursively$9(NodeTestTask.java:139)
	at org.junit.platform.engine.support.hierarchical.ThrowableCollector.execute(ThrowableCollector.java:73)
	at org.junit.platform.engine.support.hierarchical.NodeTestTask.executeRecursively(NodeTestTask.java:138)
	at org.junit.platform.engine.support.hierarchical.NodeTestTask.execute(NodeTestTask.java:95)
	at org.junit.platform.engine.support.hierarchical.SameThreadHierarchicalTestExecutorService.submit(SameThreadHierarchicalTestExecutorService.java:35)
	at org.junit.platform.engine.support.hierarchical.HierarchicalTestExecutor.execute(HierarchicalTestExecutor.java:57)
	at org.junit.platform.engine.support.hierarchical.HierarchicalTestEngine.execute(HierarchicalTestEngine.java:54)
	at org.junit.platform.launcher.core.EngineExecutionOrchestrator.execute(EngineExecutionOrchestrator.java:198)
	at org.junit.platform.launcher.core.EngineExecutionOrchestrator.execute(EngineExecutionOrchestrator.java:169)
	at org.junit.platform.launcher.core.EngineExecutionOrchestrator.execute(EngineExecutionOrchestrator.java:93)
	at org.junit.platform.launcher.core.EngineExecutionOrchestrator.lambda$execute$0(EngineExecutionOrchestrator.java:58)
	at org.junit.platform.launcher.core.EngineExecutionOrchestrator.withInterceptedStreams(EngineExecutionOrchestrator.java:141)
	at org.junit.platform.launcher.core.EngineExecutionOrchestrator.execute(EngineExecutionOrchestrator.java:57)
	at org.junit.platform.launcher.core.DefaultLauncher.execute(DefaultLauncher.java:103)
	at org.junit.platform.launcher.core.DefaultLauncher.execute(DefaultLauncher.java:85)
	at org.junit.platform.launcher.core.DelegatingLauncher.execute(DelegatingLauncher.java:47)
	at org.apache.maven.surefire.junitplatform.LazyLauncher.execute(LazyLauncher.java:56)
	at org.apache.maven.surefire.junitplatform.JUnitPlatformProvider.execute(JUnitPlatformProvider.java:184)
	at org.apache.maven.surefire.junitplatform.JUnitPlatformProvider.invokeAllTests(JUnitPlatformProvider.java:148)
	at org.apache.maven.surefire.junitplatform.JUnitPlatformProvider.invoke(JUnitPlatformProvider.java:122)
	at org.apache.maven.surefire.booter.ForkedBooter.runSuitesInProcess(ForkedBooter.java:385)
	at org.apache.maven.surefire.booter.ForkedBooter.execute(ForkedBooter.java:162)
	at org.apache.maven.surefire.booter.ForkedBooter.run(ForkedBooter.java:507)
	at org.apache.maven.surefire.booter.ForkedBooter.main(ForkedBooter.java:495)
10:24:18.088 [main] DEBUG org.hibernate.resource.transaction.backend.jdbc.internal.JdbcResourceLocalTransactionCoordinatorImpl - JDBC transaction marked for rollback-only (exception provided for stack trace)
java.lang.Exception: exception just for purpose of providing stack trace
	at org.hibernate.resource.transaction.backend.jdbc.internal.JdbcResourceLocalTransactionCoordinatorImpl$TransactionDriverControlImpl.markRollbackOnly(JdbcResourceLocalTransactionCoordinatorImpl.java:309)
	at org.hibernate.resource.transaction.backend.jdbc.internal.JdbcResourceLocalTransactionCoordinatorImpl.beforeCompletionCallback(JdbcResourceLocalTransactionCoordinatorImpl.java:178)
	at org.hibernate.resource.transaction.backend.jdbc.internal.JdbcResourceLocalTransactionCoordinatorImpl$TransactionDriverControlImpl.commit(JdbcResourceLocalTransactionCoordinatorImpl.java:267)
	at org.hibernate.engine.transaction.internal.TransactionImpl.commit(TransactionImpl.java:101)
	at org.frcpm.repositories.impl.JpaRepositoryImpl.delete(JpaRepositoryImpl.java:165)
	at org.frcpm.repositories.ComponentRepositoryTest.cleanupTestComponents(ComponentRepositoryTest.java:63)
	at org.frcpm.repositories.ComponentRepositoryTest.tearDown(ComponentRepositoryTest.java:35)
	at java.base/jdk.internal.reflect.DirectMethodHandleAccessor.invoke(DirectMethodHandleAccessor.java:103)
	at java.base/java.lang.reflect.Method.invoke(Method.java:580)
	at org.junit.platform.commons.util.ReflectionUtils.invokeMethod(ReflectionUtils.java:728)
	at org.junit.jupiter.engine.execution.MethodInvocation.proceed(MethodInvocation.java:60)
	at org.junit.jupiter.engine.execution.InvocationInterceptorChain$ValidatingInvocation.proceed(InvocationInterceptorChain.java:131)
	at org.junit.jupiter.engine.extension.TimeoutExtension.intercept(TimeoutExtension.java:156)
	at org.junit.jupiter.engine.extension.TimeoutExtension.interceptLifecycleMethod(TimeoutExtension.java:128)
	at org.junit.jupiter.engine.extension.TimeoutExtension.interceptAfterEachMethod(TimeoutExtension.java:110)
	at org.junit.jupiter.engine.execution.InterceptingExecutableInvoker$ReflectiveInterceptorCall.lambda$ofVoidMethod$0(InterceptingExecutableInvoker.java:103)
	at org.junit.jupiter.engine.execution.InterceptingExecutableInvoker.lambda$invoke$0(InterceptingExecutableInvoker.java:93)
	at org.junit.jupiter.engine.execution.InvocationInterceptorChain$InterceptedInvocation.proceed(InvocationInterceptorChain.java:106)
	at org.junit.jupiter.engine.execution.InvocationInterceptorChain.proceed(InvocationInterceptorChain.java:64)
	at org.junit.jupiter.engine.execution.InvocationInterceptorChain.chainAndInvoke(InvocationInterceptorChain.java:45)
	at org.junit.jupiter.engine.execution.InvocationInterceptorChain.invoke(InvocationInterceptorChain.java:37)
	at org.junit.jupiter.engine.execution.InterceptingExecutableInvoker.invoke(InterceptingExecutableInvoker.java:92)
	at org.junit.jupiter.engine.execution.InterceptingExecutableInvoker.invoke(InterceptingExecutableInvoker.java:86)
	at org.junit.jupiter.engine.descriptor.ClassBasedTestDescriptor.invokeMethodInExtensionContext(ClassBasedTestDescriptor.java:521)
	at org.junit.jupiter.engine.descriptor.ClassBasedTestDescriptor.lambda$synthesizeAfterEachMethodAdapter$24(ClassBasedTestDescriptor.java:511)
	at org.junit.jupiter.engine.descriptor.TestMethodTestDescriptor.lambda$invokeAfterEachMethods$10(TestMethodTestDescriptor.java:244)
	at org.junit.jupiter.engine.descriptor.TestMethodTestDescriptor.lambda$invokeAllAfterMethodsOrCallbacks$13(TestMethodTestDescriptor.java:277)
	at org.junit.platform.engine.support.hierarchical.ThrowableCollector.execute(ThrowableCollector.java:73)
	at org.junit.jupiter.engine.descriptor.TestMethodTestDescriptor.lambda$invokeAllAfterMethodsOrCallbacks$14(TestMethodTestDescriptor.java:277)
	at org.junit.platform.commons.util.CollectionUtils.forEachInReverseOrder(CollectionUtils.java:217)
	at org.junit.jupiter.engine.descriptor.TestMethodTestDescriptor.invokeAllAfterMethodsOrCallbacks(TestMethodTestDescriptor.java:276)
	at org.junit.jupiter.engine.descriptor.TestMethodTestDescriptor.invokeAfterEachMethods(TestMethodTestDescriptor.java:242)
	at org.junit.jupiter.engine.descriptor.TestMethodTestDescriptor.execute(TestMethodTestDescriptor.java:143)
	at org.junit.jupiter.engine.descriptor.TestMethodTestDescriptor.execute(TestMethodTestDescriptor.java:69)
	at org.junit.platform.engine.support.hierarchical.NodeTestTask.lambda$executeRecursively$6(NodeTestTask.java:151)
	at org.junit.platform.engine.support.hierarchical.ThrowableCollector.execute(ThrowableCollector.java:73)
	at org.junit.platform.engine.support.hierarchical.NodeTestTask.lambda$executeRecursively$8(NodeTestTask.java:141)
	at org.junit.platform.engine.support.hierarchical.Node.around(Node.java:137)
	at org.junit.platform.engine.support.hierarchical.NodeTestTask.lambda$executeRecursively$9(NodeTestTask.java:139)
	at org.junit.platform.engine.support.hierarchical.ThrowableCollector.execute(ThrowableCollector.java:73)
	at org.junit.platform.engine.support.hierarchical.NodeTestTask.executeRecursively(NodeTestTask.java:138)
	at org.junit.platform.engine.support.hierarchical.NodeTestTask.execute(NodeTestTask.java:95)
	at java.base/java.util.ArrayList.forEach(ArrayList.java:1596)
	at org.junit.platform.engine.support.hierarchical.SameThreadHierarchicalTestExecutorService.invokeAll(SameThreadHierarchicalTestExecutorService.java:41)
	at org.junit.platform.engine.support.hierarchical.NodeTestTask.lambda$executeRecursively$6(NodeTestTask.java:155)
	at org.junit.platform.engine.support.hierarchical.ThrowableCollector.execute(ThrowableCollector.java:73)
	at org.junit.platform.engine.support.hierarchical.NodeTestTask.lambda$executeRecursively$8(NodeTestTask.java:141)
	at org.junit.platform.engine.support.hierarchical.Node.around(Node.java:137)
	at org.junit.platform.engine.support.hierarchical.NodeTestTask.lambda$executeRecursively$9(NodeTestTask.java:139)
	at org.junit.platform.engine.support.hierarchical.ThrowableCollector.execute(ThrowableCollector.java:73)
	at org.junit.platform.engine.support.hierarchical.NodeTestTask.executeRecursively(NodeTestTask.java:138)
	at org.junit.platform.engine.support.hierarchical.NodeTestTask.execute(NodeTestTask.java:95)
	at java.base/java.util.ArrayList.forEach(ArrayList.java:1596)
	at org.junit.platform.engine.support.hierarchical.SameThreadHierarchicalTestExecutorService.invokeAll(SameThreadHierarchicalTestExecutorService.java:41)
	at org.junit.platform.engine.support.hierarchical.NodeTestTask.lambda$executeRecursively$6(NodeTestTask.java:155)
	at org.junit.platform.engine.support.hierarchical.ThrowableCollector.execute(ThrowableCollector.java:73)
	at org.junit.platform.engine.support.hierarchical.NodeTestTask.lambda$executeRecursively$8(NodeTestTask.java:141)
	at org.junit.platform.engine.support.hierarchical.Node.around(Node.java:137)
	at org.junit.platform.engine.support.hierarchical.NodeTestTask.lambda$executeRecursively$9(NodeTestTask.java:139)
	at org.junit.platform.engine.support.hierarchical.ThrowableCollector.execute(ThrowableCollector.java:73)
	at org.junit.platform.engine.support.hierarchical.NodeTestTask.executeRecursively(NodeTestTask.java:138)
	at org.junit.platform.engine.support.hierarchical.NodeTestTask.execute(NodeTestTask.java:95)
	at org.junit.platform.engine.support.hierarchical.SameThreadHierarchicalTestExecutorService.submit(SameThreadHierarchicalTestExecutorService.java:35)
	at org.junit.platform.engine.support.hierarchical.HierarchicalTestExecutor.execute(HierarchicalTestExecutor.java:57)
	at org.junit.platform.engine.support.hierarchical.HierarchicalTestEngine.execute(HierarchicalTestEngine.java:54)
	at org.junit.platform.launcher.core.EngineExecutionOrchestrator.execute(EngineExecutionOrchestrator.java:198)
	at org.junit.platform.launcher.core.EngineExecutionOrchestrator.execute(EngineExecutionOrchestrator.java:169)
	at org.junit.platform.launcher.core.EngineExecutionOrchestrator.execute(EngineExecutionOrchestrator.java:93)
	at org.junit.platform.launcher.core.EngineExecutionOrchestrator.lambda$execute$0(EngineExecutionOrchestrator.java:58)
	at org.junit.platform.launcher.core.EngineExecutionOrchestrator.withInterceptedStreams(EngineExecutionOrchestrator.java:141)
	at org.junit.platform.launcher.core.EngineExecutionOrchestrator.execute(EngineExecutionOrchestrator.java:57)
	at org.junit.platform.launcher.core.DefaultLauncher.execute(DefaultLauncher.java:103)
	at org.junit.platform.launcher.core.DefaultLauncher.execute(DefaultLauncher.java:85)
	at org.junit.platform.launcher.core.DelegatingLauncher.execute(DelegatingLauncher.java:47)
	at org.apache.maven.surefire.junitplatform.LazyLauncher.execute(LazyLauncher.java:56)
	at org.apache.maven.surefire.junitplatform.JUnitPlatformProvider.execute(JUnitPlatformProvider.java:184)
	at org.apache.maven.surefire.junitplatform.JUnitPlatformProvider.invokeAllTests(JUnitPlatformProvider.java:148)
	at org.apache.maven.surefire.junitplatform.JUnitPlatformProvider.invoke(JUnitPlatformProvider.java:122)
	at org.apache.maven.surefire.booter.ForkedBooter.runSuitesInProcess(ForkedBooter.java:385)
	at org.apache.maven.surefire.booter.ForkedBooter.execute(ForkedBooter.java:162)
	at org.apache.maven.surefire.booter.ForkedBooter.run(ForkedBooter.java:507)
	at org.apache.maven.surefire.booter.ForkedBooter.main(ForkedBooter.java:495)
10:24:18.089 [main] DEBUG org.hibernate.orm.jdbc.batch - PreparedStatementDetails did not contain PreparedStatement on #releaseStatements : delete from components where id=?
10:24:18.089 [main] DEBUG org.hibernate.resource.jdbc.internal.LogicalConnectionManagedImpl - Initiating JDBC connection release from afterTransaction
10:24:18.089 [main] DEBUG org.hibernate.orm.jdbc.batch - PreparedStatementDetails did not contain PreparedStatement on #releaseStatements : delete from components where id=?
10:24:18.089 [main] DEBUG org.hibernate.orm.jdbc.batch - PreparedStatementDetails did not contain PreparedStatement on #releaseStatements : delete from components where id=?
10:24:18.089 [main] DEBUG org.hibernate.resource.jdbc.internal.LogicalConnectionManagedImpl - Initiating JDBC connection release from afterTransaction
10:24:18.089 [main] DEBUG org.hibernate.engine.transaction.internal.TransactionImpl - rollback() called on an inactive transaction
10:24:18.090 [main] DEBUG org.hibernate.engine.jdbc.internal.JdbcCoordinatorImpl - HHH000420: Closing un-released batch
10:24:18.090 [main] DEBUG org.hibernate.orm.jdbc.batch - PreparedStatementDetails did not contain PreparedStatement on #releaseStatements : delete from components where id=?
10:24:18.090 [main] DEBUG org.hibernate.orm.jdbc.batch - PreparedStatementDetails did not contain PreparedStatement on #releaseStatements : delete from components where id=?
]]></system-out>
    <system-err><![CDATA[Apr 25, 2025 10:24:18 AM org.frcpm.repositories.impl.JpaRepositoryImpl delete
SEVERE: Error deleting entity
jakarta.persistence.RollbackException: Error while committing the transaction
	at org.hibernate.internal.ExceptionConverterImpl.convertCommitException(ExceptionConverterImpl.java:67)
	at org.hibernate.engine.transaction.internal.TransactionImpl.commit(TransactionImpl.java:104)
	at org.frcpm.repositories.impl.JpaRepositoryImpl.delete(JpaRepositoryImpl.java:165)
	at org.frcpm.repositories.ComponentRepositoryTest.cleanupTestComponents(ComponentRepositoryTest.java:63)
	at org.frcpm.repositories.ComponentRepositoryTest.tearDown(ComponentRepositoryTest.java:35)
	at java.base/jdk.internal.reflect.DirectMethodHandleAccessor.invoke(DirectMethodHandleAccessor.java:103)
	at java.base/java.lang.reflect.Method.invoke(Method.java:580)
	at org.junit.platform.commons.util.ReflectionUtils.invokeMethod(ReflectionUtils.java:728)
	at org.junit.jupiter.engine.execution.MethodInvocation.proceed(MethodInvocation.java:60)
	at org.junit.jupiter.engine.execution.InvocationInterceptorChain$ValidatingInvocation.proceed(InvocationInterceptorChain.java:131)
	at org.junit.jupiter.engine.extension.TimeoutExtension.intercept(TimeoutExtension.java:156)
	at org.junit.jupiter.engine.extension.TimeoutExtension.interceptLifecycleMethod(TimeoutExtension.java:128)
	at org.junit.jupiter.engine.extension.TimeoutExtension.interceptAfterEachMethod(TimeoutExtension.java:110)
	at org.junit.jupiter.engine.execution.InterceptingExecutableInvoker$ReflectiveInterceptorCall.lambda$ofVoidMethod$0(InterceptingExecutableInvoker.java:103)
	at org.junit.jupiter.engine.execution.InterceptingExecutableInvoker.lambda$invoke$0(InterceptingExecutableInvoker.java:93)
	at org.junit.jupiter.engine.execution.InvocationInterceptorChain$InterceptedInvocation.proceed(InvocationInterceptorChain.java:106)
	at org.junit.jupiter.engine.execution.InvocationInterceptorChain.proceed(InvocationInterceptorChain.java:64)
	at org.junit.jupiter.engine.execution.InvocationInterceptorChain.chainAndInvoke(InvocationInterceptorChain.java:45)
	at org.junit.jupiter.engine.execution.InvocationInterceptorChain.invoke(InvocationInterceptorChain.java:37)
	at org.junit.jupiter.engine.execution.InterceptingExecutableInvoker.invoke(InterceptingExecutableInvoker.java:92)
	at org.junit.jupiter.engine.execution.InterceptingExecutableInvoker.invoke(InterceptingExecutableInvoker.java:86)
	at org.junit.jupiter.engine.descriptor.ClassBasedTestDescriptor.invokeMethodInExtensionContext(ClassBasedTestDescriptor.java:521)
	at org.junit.jupiter.engine.descriptor.ClassBasedTestDescriptor.lambda$synthesizeAfterEachMethodAdapter$24(ClassBasedTestDescriptor.java:511)
	at org.junit.jupiter.engine.descriptor.TestMethodTestDescriptor.lambda$invokeAfterEachMethods$10(TestMethodTestDescriptor.java:244)
	at org.junit.jupiter.engine.descriptor.TestMethodTestDescriptor.lambda$invokeAllAfterMethodsOrCallbacks$13(TestMethodTestDescriptor.java:277)
	at org.junit.platform.engine.support.hierarchical.ThrowableCollector.execute(ThrowableCollector.java:73)
	at org.junit.jupiter.engine.descriptor.TestMethodTestDescriptor.lambda$invokeAllAfterMethodsOrCallbacks$14(TestMethodTestDescriptor.java:277)
	at org.junit.platform.commons.util.CollectionUtils.forEachInReverseOrder(CollectionUtils.java:217)
	at org.junit.jupiter.engine.descriptor.TestMethodTestDescriptor.invokeAllAfterMethodsOrCallbacks(TestMethodTestDescriptor.java:276)
	at org.junit.jupiter.engine.descriptor.TestMethodTestDescriptor.invokeAfterEachMethods(TestMethodTestDescriptor.java:242)
	at org.junit.jupiter.engine.descriptor.TestMethodTestDescriptor.execute(TestMethodTestDescriptor.java:143)
	at org.junit.jupiter.engine.descriptor.TestMethodTestDescriptor.execute(TestMethodTestDescriptor.java:69)
	at org.junit.platform.engine.support.hierarchical.NodeTestTask.lambda$executeRecursively$6(NodeTestTask.java:151)
	at org.junit.platform.engine.support.hierarchical.ThrowableCollector.execute(ThrowableCollector.java:73)
	at org.junit.platform.engine.support.hierarchical.NodeTestTask.lambda$executeRecursively$8(NodeTestTask.java:141)
	at org.junit.platform.engine.support.hierarchical.Node.around(Node.java:137)
	at org.junit.platform.engine.support.hierarchical.NodeTestTask.lambda$executeRecursively$9(NodeTestTask.java:139)
	at org.junit.platform.engine.support.hierarchical.ThrowableCollector.execute(ThrowableCollector.java:73)
	at org.junit.platform.engine.support.hierarchical.NodeTestTask.executeRecursively(NodeTestTask.java:138)
	at org.junit.platform.engine.support.hierarchical.NodeTestTask.execute(NodeTestTask.java:95)
	at java.base/java.util.ArrayList.forEach(ArrayList.java:1596)
	at org.junit.platform.engine.support.hierarchical.SameThreadHierarchicalTestExecutorService.invokeAll(SameThreadHierarchicalTestExecutorService.java:41)
	at org.junit.platform.engine.support.hierarchical.NodeTestTask.lambda$executeRecursively$6(NodeTestTask.java:155)
	at org.junit.platform.engine.support.hierarchical.ThrowableCollector.execute(ThrowableCollector.java:73)
	at org.junit.platform.engine.support.hierarchical.NodeTestTask.lambda$executeRecursively$8(NodeTestTask.java:141)
	at org.junit.platform.engine.support.hierarchical.Node.around(Node.java:137)
	at org.junit.platform.engine.support.hierarchical.NodeTestTask.lambda$executeRecursively$9(NodeTestTask.java:139)
	at org.junit.platform.engine.support.hierarchical.ThrowableCollector.execute(ThrowableCollector.java:73)
	at org.junit.platform.engine.support.hierarchical.NodeTestTask.executeRecursively(NodeTestTask.java:138)
	at org.junit.platform.engine.support.hierarchical.NodeTestTask.execute(NodeTestTask.java:95)
	at java.base/java.util.ArrayList.forEach(ArrayList.java:1596)
	at org.junit.platform.engine.support.hierarchical.SameThreadHierarchicalTestExecutorService.invokeAll(SameThreadHierarchicalTestExecutorService.java:41)
	at org.junit.platform.engine.support.hierarchical.NodeTestTask.lambda$executeRecursively$6(NodeTestTask.java:155)
	at org.junit.platform.engine.support.hierarchical.ThrowableCollector.execute(ThrowableCollector.java:73)
	at org.junit.platform.engine.support.hierarchical.NodeTestTask.lambda$executeRecursively$8(NodeTestTask.java:141)
	at org.junit.platform.engine.support.hierarchical.Node.around(Node.java:137)
	at org.junit.platform.engine.support.hierarchical.NodeTestTask.lambda$executeRecursively$9(NodeTestTask.java:139)
	at org.junit.platform.engine.support.hierarchical.ThrowableCollector.execute(ThrowableCollector.java:73)
	at org.junit.platform.engine.support.hierarchical.NodeTestTask.executeRecursively(NodeTestTask.java:138)
	at org.junit.platform.engine.support.hierarchical.NodeTestTask.execute(NodeTestTask.java:95)
	at org.junit.platform.engine.support.hierarchical.SameThreadHierarchicalTestExecutorService.submit(SameThreadHierarchicalTestExecutorService.java:35)
	at org.junit.platform.engine.support.hierarchical.HierarchicalTestExecutor.execute(HierarchicalTestExecutor.java:57)
	at org.junit.platform.engine.support.hierarchical.HierarchicalTestEngine.execute(HierarchicalTestEngine.java:54)
	at org.junit.platform.launcher.core.EngineExecutionOrchestrator.execute(EngineExecutionOrchestrator.java:198)
	at org.junit.platform.launcher.core.EngineExecutionOrchestrator.execute(EngineExecutionOrchestrator.java:169)
	at org.junit.platform.launcher.core.EngineExecutionOrchestrator.execute(EngineExecutionOrchestrator.java:93)
	at org.junit.platform.launcher.core.EngineExecutionOrchestrator.lambda$execute$0(EngineExecutionOrchestrator.java:58)
	at org.junit.platform.launcher.core.EngineExecutionOrchestrator.withInterceptedStreams(EngineExecutionOrchestrator.java:141)
	at org.junit.platform.launcher.core.EngineExecutionOrchestrator.execute(EngineExecutionOrchestrator.java:57)
	at org.junit.platform.launcher.core.DefaultLauncher.execute(DefaultLauncher.java:103)
	at org.junit.platform.launcher.core.DefaultLauncher.execute(DefaultLauncher.java:85)
	at org.junit.platform.launcher.core.DelegatingLauncher.execute(DelegatingLauncher.java:47)
	at org.apache.maven.surefire.junitplatform.LazyLauncher.execute(LazyLauncher.java:56)
	at org.apache.maven.surefire.junitplatform.JUnitPlatformProvider.execute(JUnitPlatformProvider.java:184)
	at org.apache.maven.surefire.junitplatform.JUnitPlatformProvider.invokeAllTests(JUnitPlatformProvider.java:148)
	at org.apache.maven.surefire.junitplatform.JUnitPlatformProvider.invoke(JUnitPlatformProvider.java:122)
	at org.apache.maven.surefire.booter.ForkedBooter.runSuitesInProcess(ForkedBooter.java:385)
	at org.apache.maven.surefire.booter.ForkedBooter.execute(ForkedBooter.java:162)
	at org.apache.maven.surefire.booter.ForkedBooter.run(ForkedBooter.java:507)
	at org.apache.maven.surefire.booter.ForkedBooter.main(ForkedBooter.java:495)
Caused by: org.hibernate.exception.ConstraintViolationException: could not execute batch [Referential integrity constraint violation: "FK5IRPAISPCX79XWY6N1QOMAXNV: PUBLIC.TASK_COMPONENTS FOREIGN KEY(COMPONENT_ID) REFERENCES PUBLIC.COMPONENTS(ID) (CAST(55 AS BIGINT))"; SQL statement:
delete from components where id=? [23503-224]] [delete from components where id=?]
	at org.hibernate.exception.internal.SQLStateConversionDelegate.convert(SQLStateConversionDelegate.java:97)
	at org.hibernate.exception.internal.StandardSQLExceptionConverter.convert(StandardSQLExceptionConverter.java:58)
	at org.hibernate.engine.jdbc.spi.SqlExceptionHelper.convert(SqlExceptionHelper.java:108)
	at org.hibernate.engine.jdbc.batch.internal.BatchImpl.lambda$performExecution$2(BatchImpl.java:294)
	at org.hibernate.engine.jdbc.mutation.internal.PreparedStatementGroupSingleTable.forEachStatement(PreparedStatementGroupSingleTable.java:67)
	at org.hibernate.engine.jdbc.batch.internal.BatchImpl.performExecution(BatchImpl.java:264)
	at org.hibernate.engine.jdbc.batch.internal.BatchImpl.execute(BatchImpl.java:242)
	at org.hibernate.engine.jdbc.internal.JdbcCoordinatorImpl.executeBatch(JdbcCoordinatorImpl.java:188)
	at org.hibernate.engine.spi.ActionQueue.executeActions(ActionQueue.java:662)
	at org.hibernate.engine.spi.ActionQueue.executeActions(ActionQueue.java:499)
	at org.hibernate.event.internal.AbstractFlushingEventListener.performExecutions(AbstractFlushingEventListener.java:371)
	at org.hibernate.event.internal.DefaultFlushEventListener.onFlush(DefaultFlushEventListener.java:41)
	at org.hibernate.event.service.internal.EventListenerGroupImpl.fireEventOnEachListener(EventListenerGroupImpl.java:127)
	at org.hibernate.internal.SessionImpl.doFlush(SessionImpl.java:1425)
	at org.hibernate.internal.SessionImpl.managedFlush(SessionImpl.java:487)
	at org.hibernate.internal.SessionImpl.flushBeforeTransactionCompletion(SessionImpl.java:2324)
	at org.hibernate.internal.SessionImpl.beforeTransactionCompletion(SessionImpl.java:1981)
	at org.hibernate.engine.jdbc.internal.JdbcCoordinatorImpl.beforeTransactionCompletion(JdbcCoordinatorImpl.java:439)
	at org.hibernate.resource.transaction.backend.jdbc.internal.JdbcResourceLocalTransactionCoordinatorImpl.beforeCompletionCallback(JdbcResourceLocalTransactionCoordinatorImpl.java:169)
	at org.hibernate.resource.transaction.backend.jdbc.internal.JdbcResourceLocalTransactionCoordinatorImpl$TransactionDriverControlImpl.commit(JdbcResourceLocalTransactionCoordinatorImpl.java:267)
	at org.hibernate.engine.transaction.internal.TransactionImpl.commit(TransactionImpl.java:101)
	... 78 more
Caused by: org.h2.jdbc.JdbcBatchUpdateException: Referential integrity constraint violation: "FK5IRPAISPCX79XWY6N1QOMAXNV: PUBLIC.TASK_COMPONENTS FOREIGN KEY(COMPONENT_ID) REFERENCES PUBLIC.COMPONENTS(ID) (CAST(55 AS BIGINT))"; SQL statement:
delete from components where id=? [23503-224]
	at org.h2.jdbc.JdbcPreparedStatement.executeBatch(JdbcPreparedStatement.java:1282)
	at com.zaxxer.hikari.pool.ProxyStatement.executeBatch(ProxyStatement.java:127)
	at com.zaxxer.hikari.pool.HikariProxyPreparedStatement.executeBatch(HikariProxyPreparedStatement.java)
	at org.hibernate.engine.jdbc.batch.internal.BatchImpl.lambda$performExecution$2(BatchImpl.java:279)
	... 95 more

]]></system-err>
  </testcase>
  <testcase name="testFindById" classname="org.frcpm.repositories.ComponentRepositoryTest" time="0.026">
    <error message="Failed to delete entity" type="java.lang.RuntimeException"><![CDATA[java.lang.RuntimeException: Failed to delete entity
	at org.frcpm.repositories.impl.JpaRepositoryImpl.delete(JpaRepositoryImpl.java:171)
	at org.frcpm.repositories.ComponentRepositoryTest.cleanupTestComponents(ComponentRepositoryTest.java:63)
	at org.frcpm.repositories.ComponentRepositoryTest.tearDown(ComponentRepositoryTest.java:35)
	at java.base/java.lang.reflect.Method.invoke(Method.java:580)
	at java.base/java.util.ArrayList.forEach(ArrayList.java:1596)
	at java.base/java.util.ArrayList.forEach(ArrayList.java:1596)
Caused by: jakarta.persistence.RollbackException: Error while committing the transaction
	at org.hibernate.internal.ExceptionConverterImpl.convertCommitException(ExceptionConverterImpl.java:67)
	at org.hibernate.engine.transaction.internal.TransactionImpl.commit(TransactionImpl.java:104)
	at org.frcpm.repositories.impl.JpaRepositoryImpl.delete(JpaRepositoryImpl.java:165)
	... 5 more
Caused by: org.hibernate.exception.ConstraintViolationException: could not execute batch [Referential integrity constraint violation: "FK5IRPAISPCX79XWY6N1QOMAXNV: PUBLIC.TASK_COMPONENTS FOREIGN KEY(COMPONENT_ID) REFERENCES PUBLIC.COMPONENTS(ID) (CAST(55 AS BIGINT))"; SQL statement:
delete from components where id=? [23503-224]] [delete from components where id=?]
	at org.hibernate.exception.internal.SQLStateConversionDelegate.convert(SQLStateConversionDelegate.java:97)
	at org.hibernate.exception.internal.StandardSQLExceptionConverter.convert(StandardSQLExceptionConverter.java:58)
	at org.hibernate.engine.jdbc.spi.SqlExceptionHelper.convert(SqlExceptionHelper.java:108)
	at org.hibernate.engine.jdbc.batch.internal.BatchImpl.lambda$performExecution$2(BatchImpl.java:294)
	at org.hibernate.engine.jdbc.mutation.internal.PreparedStatementGroupSingleTable.forEachStatement(PreparedStatementGroupSingleTable.java:67)
	at org.hibernate.engine.jdbc.batch.internal.BatchImpl.performExecution(BatchImpl.java:264)
	at org.hibernate.engine.jdbc.batch.internal.BatchImpl.execute(BatchImpl.java:242)
	at org.hibernate.engine.jdbc.internal.JdbcCoordinatorImpl.executeBatch(JdbcCoordinatorImpl.java:188)
	at org.hibernate.engine.spi.ActionQueue.executeActions(ActionQueue.java:662)
	at org.hibernate.engine.spi.ActionQueue.executeActions(ActionQueue.java:499)
	at org.hibernate.event.internal.AbstractFlushingEventListener.performExecutions(AbstractFlushingEventListener.java:371)
	at org.hibernate.event.internal.DefaultFlushEventListener.onFlush(DefaultFlushEventListener.java:41)
	at org.hibernate.event.service.internal.EventListenerGroupImpl.fireEventOnEachListener(EventListenerGroupImpl.java:127)
	at org.hibernate.internal.SessionImpl.doFlush(SessionImpl.java:1425)
	at org.hibernate.internal.SessionImpl.managedFlush(SessionImpl.java:487)
	at org.hibernate.internal.SessionImpl.flushBeforeTransactionCompletion(SessionImpl.java:2324)
	at org.hibernate.internal.SessionImpl.beforeTransactionCompletion(SessionImpl.java:1981)
	at org.hibernate.engine.jdbc.internal.JdbcCoordinatorImpl.beforeTransactionCompletion(JdbcCoordinatorImpl.java:439)
	at org.hibernate.resource.transaction.backend.jdbc.internal.JdbcResourceLocalTransactionCoordinatorImpl.beforeCompletionCallback(JdbcResourceLocalTransactionCoordinatorImpl.java:169)
	at org.hibernate.resource.transaction.backend.jdbc.internal.JdbcResourceLocalTransactionCoordinatorImpl$TransactionDriverControlImpl.commit(JdbcResourceLocalTransactionCoordinatorImpl.java:267)
	at org.hibernate.engine.transaction.internal.TransactionImpl.commit(TransactionImpl.java:101)
	... 6 more
Caused by: org.h2.jdbc.JdbcBatchUpdateException: Referential integrity constraint violation: "FK5IRPAISPCX79XWY6N1QOMAXNV: PUBLIC.TASK_COMPONENTS FOREIGN KEY(COMPONENT_ID) REFERENCES PUBLIC.COMPONENTS(ID) (CAST(55 AS BIGINT))"; SQL statement:
delete from components where id=? [23503-224]
	at org.h2.jdbc.JdbcPreparedStatement.executeBatch(JdbcPreparedStatement.java:1282)
	at com.zaxxer.hikari.pool.ProxyStatement.executeBatch(ProxyStatement.java:127)
	at com.zaxxer.hikari.pool.HikariProxyPreparedStatement.executeBatch(HikariProxyPreparedStatement.java)
	at org.hibernate.engine.jdbc.batch.internal.BatchImpl.lambda$performExecution$2(BatchImpl.java:279)
	... 23 more
]]></error>
    <system-out><![CDATA[10:24:18.092 [main] DEBUG org.hibernate.engine.transaction.internal.TransactionImpl - On TransactionImpl creation, JpaCompliance#isJpaTransactionComplianceEnabled == false
10:24:18.092 [main] DEBUG org.hibernate.engine.transaction.internal.TransactionImpl - begin
10:24:18.093 [main] DEBUG org.hibernate.engine.spi.ActionQueue - Executing identity-insert immediately
10:24:18.093 [main] DEBUG org.hibernate.SQL - insert into components (actual_delivery,is_delivered,description,expected_delivery,name,part_number,id) values (?,?,?,?,?,?,default)
10:24:18.093 [main] DEBUG org.hibernate.orm.results - Initializer list is empty
10:24:18.093 [main] DEBUG org.hibernate.orm.results.loading - Calling top-level assembler (0 / 1) : org.hibernate.sql.results.graph.basic.BasicResultAssembler@63166b79
10:24:18.093 [main] DEBUG org.hibernate.orm.results - Extracted JDBC value [0] - [71]
10:24:18.093 [main] DEBUG org.hibernate.id.IdentifierGeneratorHelper - Extracted generated values [org.frcpm.models.Component]: [Ljava.lang.Object;@4388ddc5
10:24:18.093 [main] DEBUG org.hibernate.event.internal.AbstractFlushingEventListener - Processing flush-time cascades
10:24:18.093 [main] DEBUG org.hibernate.event.internal.AbstractFlushingEventListener - Dirty checking collections
10:24:18.094 [main] DEBUG org.hibernate.engine.internal.Collections - Collection found: [org.frcpm.models.Component.requiredForTasks#71], was: [<unreferenced>] (initialized)
10:24:18.094 [main] DEBUG org.hibernate.event.internal.AbstractFlushingEventListener - Flushed: 0 insertions, 0 updates, 0 deletions to 1 objects
10:24:18.094 [main] DEBUG org.hibernate.event.internal.AbstractFlushingEventListener - Flushed: 1 (re)creations, 0 updates, 0 removals to 1 collections
10:24:18.094 [main] DEBUG org.hibernate.internal.util.EntityPrinter - Listing entities:
10:24:18.094 [main] DEBUG org.hibernate.internal.util.EntityPrinter - org.frcpm.models.Component{expectedDelivery=2025-04-30, requiredForTasks=[], name=Test Component 1, actualDelivery=null, description=First test component description, delivered=false, partNumber=TC-001, id=71}
10:24:18.094 [main] DEBUG org.hibernate.engine.transaction.internal.TransactionImpl - committing
10:24:18.094 [main] DEBUG org.hibernate.event.internal.AbstractFlushingEventListener - Processing flush-time cascades
10:24:18.094 [main] DEBUG org.hibernate.event.internal.AbstractFlushingEventListener - Dirty checking collections
10:24:18.094 [main] DEBUG org.hibernate.engine.internal.Collections - Collection found: [org.frcpm.models.Component.requiredForTasks#71], was: [org.frcpm.models.Component.requiredForTasks#71] (initialized)
10:24:18.094 [main] DEBUG org.hibernate.event.internal.AbstractFlushingEventListener - Flushed: 0 insertions, 0 updates, 0 deletions to 1 objects
10:24:18.094 [main] DEBUG org.hibernate.event.internal.AbstractFlushingEventListener - Flushed: 0 (re)creations, 0 updates, 0 removals to 1 collections
10:24:18.094 [main] DEBUG org.hibernate.internal.util.EntityPrinter - Listing entities:
10:24:18.094 [main] DEBUG org.hibernate.internal.util.EntityPrinter - org.frcpm.models.Component{expectedDelivery=2025-04-30, requiredForTasks=[], name=Test Component 1, actualDelivery=null, description=First test component description, delivered=false, partNumber=TC-001, id=71}
10:24:18.094 [main] DEBUG org.hibernate.resource.jdbc.internal.LogicalConnectionManagedImpl - Initiating JDBC connection release from afterTransaction
10:24:18.094 [main] DEBUG org.hibernate.resource.jdbc.internal.LogicalConnectionManagedImpl - Initiating JDBC connection release from afterTransaction
10:24:18.095 [main] DEBUG org.hibernate.engine.transaction.internal.TransactionImpl - On TransactionImpl creation, JpaCompliance#isJpaTransactionComplianceEnabled == false
10:24:18.095 [main] DEBUG org.hibernate.engine.transaction.internal.TransactionImpl - begin
10:24:18.095 [main] DEBUG org.hibernate.engine.spi.ActionQueue - Executing identity-insert immediately
10:24:18.095 [main] DEBUG org.hibernate.SQL - insert into components (actual_delivery,is_delivered,description,expected_delivery,name,part_number,id) values (?,?,?,?,?,?,default)
10:24:18.096 [main] DEBUG org.hibernate.orm.results - Initializer list is empty
10:24:18.096 [main] DEBUG org.hibernate.orm.results.loading - Calling top-level assembler (0 / 1) : org.hibernate.sql.results.graph.basic.BasicResultAssembler@2f8b3460
10:24:18.096 [main] DEBUG org.hibernate.orm.results - Extracted JDBC value [0] - [72]
10:24:18.096 [main] DEBUG org.hibernate.id.IdentifierGeneratorHelper - Extracted generated values [org.frcpm.models.Component]: [Ljava.lang.Object;@114d095d
10:24:18.096 [main] DEBUG org.hibernate.event.internal.AbstractFlushingEventListener - Processing flush-time cascades
10:24:18.096 [main] DEBUG org.hibernate.event.internal.AbstractFlushingEventListener - Dirty checking collections
10:24:18.096 [main] DEBUG org.hibernate.engine.internal.Collections - Collection found: [org.frcpm.models.Component.requiredForTasks#72], was: [<unreferenced>] (initialized)
10:24:18.096 [main] DEBUG org.hibernate.event.internal.AbstractFlushingEventListener - Flushed: 0 insertions, 0 updates, 0 deletions to 1 objects
10:24:18.096 [main] DEBUG org.hibernate.event.internal.AbstractFlushingEventListener - Flushed: 1 (re)creations, 0 updates, 0 removals to 1 collections
10:24:18.096 [main] DEBUG org.hibernate.internal.util.EntityPrinter - Listing entities:
10:24:18.096 [main] DEBUG org.hibernate.internal.util.EntityPrinter - org.frcpm.models.Component{expectedDelivery=2025-05-02, requiredForTasks=[], name=Test Component 2, actualDelivery=null, description=Second test component description, delivered=false, partNumber=TC-002, id=72}
10:24:18.097 [main] DEBUG org.hibernate.engine.transaction.internal.TransactionImpl - committing
10:24:18.097 [main] DEBUG org.hibernate.event.internal.AbstractFlushingEventListener - Processing flush-time cascades
10:24:18.097 [main] DEBUG org.hibernate.event.internal.AbstractFlushingEventListener - Dirty checking collections
10:24:18.097 [main] DEBUG org.hibernate.engine.internal.Collections - Collection found: [org.frcpm.models.Component.requiredForTasks#72], was: [org.frcpm.models.Component.requiredForTasks#72] (initialized)
10:24:18.097 [main] DEBUG org.hibernate.event.internal.AbstractFlushingEventListener - Flushed: 0 insertions, 0 updates, 0 deletions to 1 objects
10:24:18.097 [main] DEBUG org.hibernate.event.internal.AbstractFlushingEventListener - Flushed: 0 (re)creations, 0 updates, 0 removals to 1 collections
10:24:18.097 [main] DEBUG org.hibernate.internal.util.EntityPrinter - Listing entities:
10:24:18.097 [main] DEBUG org.hibernate.internal.util.EntityPrinter - org.frcpm.models.Component{expectedDelivery=2025-05-02, requiredForTasks=[], name=Test Component 2, actualDelivery=null, description=Second test component description, delivered=false, partNumber=TC-002, id=72}
10:24:18.097 [main] DEBUG org.hibernate.resource.jdbc.internal.LogicalConnectionManagedImpl - Initiating JDBC connection release from afterTransaction
10:24:18.097 [main] DEBUG org.hibernate.resource.jdbc.internal.LogicalConnectionManagedImpl - Initiating JDBC connection release from afterTransaction
10:24:18.097 [main] DEBUG org.hibernate.engine.transaction.internal.TransactionImpl - On TransactionImpl creation, JpaCompliance#isJpaTransactionComplianceEnabled == false
10:24:18.097 [main] DEBUG org.hibernate.engine.transaction.internal.TransactionImpl - begin
10:24:18.098 [main] DEBUG org.hibernate.engine.spi.ActionQueue - Executing identity-insert immediately
10:24:18.098 [main] DEBUG org.hibernate.SQL - insert into components (actual_delivery,is_delivered,description,expected_delivery,name,part_number,id) values (?,?,?,?,?,?,default)
10:24:18.099 [main] DEBUG org.hibernate.orm.results - Initializer list is empty
10:24:18.099 [main] DEBUG org.hibernate.orm.results.loading - Calling top-level assembler (0 / 1) : org.hibernate.sql.results.graph.basic.BasicResultAssembler@21c3273c
10:24:18.099 [main] DEBUG org.hibernate.orm.results - Extracted JDBC value [0] - [73]
10:24:18.099 [main] DEBUG org.hibernate.id.IdentifierGeneratorHelper - Extracted generated values [org.frcpm.models.Component]: [Ljava.lang.Object;@479ac53b
10:24:18.099 [main] DEBUG org.hibernate.event.internal.AbstractFlushingEventListener - Processing flush-time cascades
10:24:18.099 [main] DEBUG org.hibernate.event.internal.AbstractFlushingEventListener - Dirty checking collections
10:24:18.099 [main] DEBUG org.hibernate.engine.internal.Collections - Collection found: [org.frcpm.models.Component.requiredForTasks#73], was: [<unreferenced>] (initialized)
10:24:18.099 [main] DEBUG org.hibernate.event.internal.AbstractFlushingEventListener - Flushed: 0 insertions, 0 updates, 0 deletions to 1 objects
10:24:18.099 [main] DEBUG org.hibernate.event.internal.AbstractFlushingEventListener - Flushed: 1 (re)creations, 0 updates, 0 removals to 1 collections
10:24:18.099 [main] DEBUG org.hibernate.internal.util.EntityPrinter - Listing entities:
10:24:18.099 [main] DEBUG org.hibernate.internal.util.EntityPrinter - org.frcpm.models.Component{expectedDelivery=2025-05-05, requiredForTasks=[], name=Test Component 3, actualDelivery=2025-05-04, description=Third test component description, delivered=true, partNumber=TC-003, id=73}
10:24:18.099 [main] DEBUG org.hibernate.engine.transaction.internal.TransactionImpl - committing
10:24:18.099 [main] DEBUG org.hibernate.event.internal.AbstractFlushingEventListener - Processing flush-time cascades
10:24:18.099 [main] DEBUG org.hibernate.event.internal.AbstractFlushingEventListener - Dirty checking collections
10:24:18.099 [main] DEBUG org.hibernate.engine.internal.Collections - Collection found: [org.frcpm.models.Component.requiredForTasks#73], was: [org.frcpm.models.Component.requiredForTasks#73] (initialized)
10:24:18.099 [main] DEBUG org.hibernate.event.internal.AbstractFlushingEventListener - Flushed: 0 insertions, 0 updates, 0 deletions to 1 objects
10:24:18.099 [main] DEBUG org.hibernate.event.internal.AbstractFlushingEventListener - Flushed: 0 (re)creations, 0 updates, 0 removals to 1 collections
10:24:18.099 [main] DEBUG org.hibernate.internal.util.EntityPrinter - Listing entities:
10:24:18.099 [main] DEBUG org.hibernate.internal.util.EntityPrinter - org.frcpm.models.Component{expectedDelivery=2025-05-05, requiredForTasks=[], name=Test Component 3, actualDelivery=2025-05-04, description=Third test component description, delivered=true, partNumber=TC-003, id=73}
10:24:18.099 [main] DEBUG org.hibernate.resource.jdbc.internal.LogicalConnectionManagedImpl - Initiating JDBC connection release from afterTransaction
10:24:18.099 [main] DEBUG org.hibernate.resource.jdbc.internal.LogicalConnectionManagedImpl - Initiating JDBC connection release from afterTransaction
10:24:18.100 [main] DEBUG org.hibernate.orm.sql.ast.create - Created new SQL alias : c1_0
10:24:18.100 [main] DEBUG org.hibernate.orm.sql.ast.create - Registration of TableGroup [StandardTableGroup(org.frcpm.models.Component(959674386778600))] with identifierForTableGroup [org.frcpm.models.Component] for NavigablePath [org.frcpm.models.Component] 
10:24:18.101 [main] DEBUG org.hibernate.orm.results.graph.AST - DomainResult Graph:
 \-EntityResultImpl [org.frcpm.models.Component(959674386778600)]
 |  +-BasicFetch [org.frcpm.models.Component(959674386778600).actualDelivery]
 |  +-BasicFetch [org.frcpm.models.Component(959674386778600).delivered]
 |  +-BasicFetch [org.frcpm.models.Component(959674386778600).description]
 |  +-BasicFetch [org.frcpm.models.Component(959674386778600).expectedDelivery]
 |  +-BasicFetch [org.frcpm.models.Component(959674386778600).name]
 |  +-BasicFetch [org.frcpm.models.Component(959674386778600).partNumber]
 |  \-DelayedCollectionFetch [org.frcpm.models.Component(959674386778600).requiredForTasks]

10:24:18.101 [main] DEBUG org.hibernate.orm.sql.ast.tree - SQL AST Tree:
    SelectStatement {
      FromClause {
        StandardTableGroup (c1 : org.frcpm.models.Component(959674386778600)) {
          primaryTableReference : components as c1_0
        }
      }
    }

10:24:18.101 [main] DEBUG org.hibernate.orm.sql.exec - Skipping reading Query result cache data: cache-enabled = false, cache-mode = NORMAL
10:24:18.101 [main] DEBUG org.hibernate.orm.results - Initializer list:
	  org.frcpm.models.Component(959674386778600).requiredForTasks -> DelayedCollectionInitializer(org.frcpm.models.Component(959674386778600).requiredForTasks)@397137450 (PluralAttribute(org.frcpm.models.Component.requiredForTasks))
	  org.frcpm.models.Component(959674386778600) -> EntityResultInitializer(org.frcpm.models.Component(959674386778600))@643275068 (SingleTableEntityPersister(org.frcpm.models.Component))

10:24:18.101 [main] DEBUG org.hibernate.SQL - select c1_0.id,c1_0.actual_delivery,c1_0.is_delivered,c1_0.description,c1_0.expected_delivery,c1_0.name,c1_0.part_number from components c1_0
10:24:18.101 [main] DEBUG org.hibernate.orm.results - Extracted JDBC value [0] - [1]
10:24:18.101 [main] DEBUG org.hibernate.orm.results.loading.entity - (EntityResultInitializer) Hydrated EntityKey (org.frcpm.models.Component(959674386778600)): 1
10:24:18.101 [main] DEBUG org.hibernate.orm.results.loading.org.hibernate.orm.results.loading.collection - (DelayedCollectionInitializer) Current row collection key : org.frcpm.models.Component(959674386778600).requiredForTasks#1
10:24:18.101 [main] DEBUG org.hibernate.orm.results.loading.entity - (EntityResultInitializer) Created new entity instance [org.frcpm.models.Component(959674386778600)#1] : 1806365086
10:24:18.101 [main] DEBUG org.hibernate.orm.results - Extracted JDBC value [1] - [null]
10:24:18.101 [main] DEBUG org.hibernate.orm.results - Extracted JDBC value [2] - [false]
10:24:18.102 [main] DEBUG org.hibernate.orm.results - Extracted JDBC value [3] - [Motor controller for NEO brushless motors]
10:24:18.102 [main] DEBUG org.hibernate.orm.results - Extracted JDBC value [4] - [2025-05-04]
10:24:18.102 [main] DEBUG org.hibernate.orm.results - Extracted JDBC value [5] - [SPARK MAX]
10:24:18.102 [main] DEBUG org.hibernate.orm.results - Extracted JDBC value [6] - [REV-11-2158]
10:24:18.102 [main] DEBUG org.hibernate.orm.results.loading.entity - (EntityResultInitializer) Done materializing entityInstance : org.frcpm.models.Component(959674386778600)#1
10:24:18.102 [main] DEBUG org.hibernate.orm.results.loading - Calling top-level assembler (0 / 1) : org.hibernate.sql.results.graph.entity.internal.EntityAssembler@3d41bfb8
10:24:18.102 [main] DEBUG org.hibernate.orm.results - Extracted JDBC value [0] - [2]
10:24:18.102 [main] DEBUG org.hibernate.orm.results.loading.entity - (EntityResultInitializer) Hydrated EntityKey (org.frcpm.models.Component(959674386778600)): 2
10:24:18.102 [main] DEBUG org.hibernate.orm.results.loading.org.hibernate.orm.results.loading.collection - (DelayedCollectionInitializer) Current row collection key : org.frcpm.models.Component(959674386778600).requiredForTasks#2
10:24:18.102 [main] DEBUG org.hibernate.orm.results.loading.entity - (EntityResultInitializer) Created new entity instance [org.frcpm.models.Component(959674386778600)#2] : 1419385836
10:24:18.102 [main] DEBUG org.hibernate.orm.results - Extracted JDBC value [1] - [null]
10:24:18.102 [main] DEBUG org.hibernate.orm.results - Extracted JDBC value [2] - [false]
10:24:18.102 [main] DEBUG org.hibernate.orm.results - Extracted JDBC value [3] - [High performance brushless DC motor]
10:24:18.102 [main] DEBUG org.hibernate.orm.results - Extracted JDBC value [4] - [2025-05-04]
10:24:18.102 [main] DEBUG org.hibernate.orm.results - Extracted JDBC value [5] - [NEO Brushless Motor]
10:24:18.102 [main] DEBUG org.hibernate.orm.results - Extracted JDBC value [6] - [REV-21-1650]
10:24:18.102 [main] DEBUG org.hibernate.orm.results.loading.entity - (EntityResultInitializer) Done materializing entityInstance : org.frcpm.models.Component(959674386778600)#2
10:24:18.102 [main] DEBUG org.hibernate.orm.results.loading - Calling top-level assembler (0 / 1) : org.hibernate.sql.results.graph.entity.internal.EntityAssembler@3d41bfb8
10:24:18.102 [main] DEBUG org.hibernate.orm.results - Extracted JDBC value [0] - [3]
10:24:18.102 [main] DEBUG org.hibernate.orm.results.loading.entity - (EntityResultInitializer) Hydrated EntityKey (org.frcpm.models.Component(959674386778600)): 3
10:24:18.102 [main] DEBUG org.hibernate.orm.results.loading.org.hibernate.orm.results.loading.collection - (DelayedCollectionInitializer) Current row collection key : org.frcpm.models.Component(959674386778600).requiredForTasks#3
10:24:18.102 [main] DEBUG org.hibernate.orm.results.loading.entity - (EntityResultInitializer) Created new entity instance [org.frcpm.models.Component(959674386778600)#3] : 1777476405
10:24:18.102 [main] DEBUG org.hibernate.orm.results - Extracted JDBC value [1] - [2025-05-01]
10:24:18.102 [main] DEBUG org.hibernate.orm.results - Extracted JDBC value [2] - [true]
10:24:18.102 [main] DEBUG org.hibernate.orm.results - Extracted JDBC value [3] - [Omni-directional wheels for holonomic drive]
10:24:18.102 [main] DEBUG org.hibernate.orm.results - Extracted JDBC value [4] - [2025-05-02]
10:24:18.102 [main] DEBUG org.hibernate.orm.results - Extracted JDBC value [5] - [4" Omni Wheels]
10:24:18.102 [main] DEBUG org.hibernate.orm.results - Extracted JDBC value [6] - [AM-0016]
10:24:18.102 [main] DEBUG org.hibernate.orm.results.loading.entity - (EntityResultInitializer) Done materializing entityInstance : org.frcpm.models.Component(959674386778600)#3
10:24:18.102 [main] DEBUG org.hibernate.orm.results.loading - Calling top-level assembler (0 / 1) : org.hibernate.sql.results.graph.entity.internal.EntityAssembler@3d41bfb8
10:24:18.102 [main] DEBUG org.hibernate.orm.results - Extracted JDBC value [0] - [4]
10:24:18.102 [main] DEBUG org.hibernate.orm.results.loading.entity - (EntityResultInitializer) Hydrated EntityKey (org.frcpm.models.Component(959674386778600)): 4
10:24:18.102 [main] DEBUG org.hibernate.orm.results.loading.org.hibernate.orm.results.loading.collection - (DelayedCollectionInitializer) Current row collection key : org.frcpm.models.Component(959674386778600).requiredForTasks#4
10:24:18.102 [main] DEBUG org.hibernate.orm.results.loading.entity - (EntityResultInitializer) Created new entity instance [org.frcpm.models.Component(959674386778600)#4] : 1564461156
10:24:18.102 [main] DEBUG org.hibernate.orm.results - Extracted JDBC value [1] - [null]
10:24:18.102 [main] DEBUG org.hibernate.orm.results - Extracted JDBC value [2] - [false]
10:24:18.102 [main] DEBUG org.hibernate.orm.results - Extracted JDBC value [3] - [Smart camera for vision tracking]
10:24:18.102 [main] DEBUG org.hibernate.orm.results - Extracted JDBC value [4] - [2025-05-08]
10:24:18.102 [main] DEBUG org.hibernate.orm.results - Extracted JDBC value [5] - [Limelight 3]
10:24:18.102 [main] DEBUG org.hibernate.orm.results - Extracted JDBC value [6] - [LL3-1]
10:24:18.102 [main] DEBUG org.hibernate.orm.results.loading.entity - (EntityResultInitializer) Done materializing entityInstance : org.frcpm.models.Component(959674386778600)#4
10:24:18.102 [main] DEBUG org.hibernate.orm.results.loading - Calling top-level assembler (0 / 1) : org.hibernate.sql.results.graph.entity.internal.EntityAssembler@3d41bfb8
10:24:18.102 [main] DEBUG org.hibernate.orm.results - Extracted JDBC value [0] - [5]
10:24:18.102 [main] DEBUG org.hibernate.orm.results.loading.entity - (EntityResultInitializer) Hydrated EntityKey (org.frcpm.models.Component(959674386778600)): 5
10:24:18.102 [main] DEBUG org.hibernate.orm.results.loading.org.hibernate.orm.results.loading.collection - (DelayedCollectionInitializer) Current row collection key : org.frcpm.models.Component(959674386778600).requiredForTasks#5
10:24:18.102 [main] DEBUG org.hibernate.orm.results.loading.entity - (EntityResultInitializer) Created new entity instance [org.frcpm.models.Component(959674386778600)#5] : 1282552871
10:24:18.102 [main] DEBUG org.hibernate.orm.results - Extracted JDBC value [1] - [null]
10:24:18.102 [main] DEBUG org.hibernate.orm.results - Extracted JDBC value [2] - [false]
10:24:18.102 [main] DEBUG org.hibernate.orm.results - Extracted JDBC value [3] - [Control module for pneumatic systems]
10:24:18.102 [main] DEBUG org.hibernate.orm.results - Extracted JDBC value [4] - [2025-05-06]
10:24:18.102 [main] DEBUG org.hibernate.orm.results - Extracted JDBC value [5] - [Pneumatic Control Module]
10:24:18.102 [main] DEBUG org.hibernate.orm.results - Extracted JDBC value [6] - [CTRE-PCM]
10:24:18.102 [main] DEBUG org.hibernate.orm.results.loading.entity - (EntityResultInitializer) Done materializing entityInstance : org.frcpm.models.Component(959674386778600)#5
10:24:18.102 [main] DEBUG org.hibernate.orm.results.loading - Calling top-level assembler (0 / 1) : org.hibernate.sql.results.graph.entity.internal.EntityAssembler@3d41bfb8
10:24:18.102 [main] DEBUG org.hibernate.orm.results - Extracted JDBC value [0] - [12]
10:24:18.102 [main] DEBUG org.hibernate.orm.results.loading.entity - (EntityResultInitializer) Hydrated EntityKey (org.frcpm.models.Component(959674386778600)): 12
10:24:18.102 [main] DEBUG org.hibernate.orm.results.loading.org.hibernate.orm.results.loading.collection - (DelayedCollectionInitializer) Current row collection key : org.frcpm.models.Component(959674386778600).requiredForTasks#12
10:24:18.102 [main] DEBUG org.hibernate.orm.results.loading.entity - (EntityResultInitializer) Created new entity instance [org.frcpm.models.Component(959674386778600)#12] : 1091811389
10:24:18.102 [main] DEBUG org.hibernate.orm.results - Extracted JDBC value [1] - [null]
10:24:18.102 [main] DEBUG org.hibernate.orm.results - Extracted JDBC value [2] - [false]
10:24:18.102 [main] DEBUG org.hibernate.orm.results - Extracted JDBC value [3] - [null]
10:24:18.102 [main] DEBUG org.hibernate.orm.results - Extracted JDBC value [4] - [null]
10:24:18.102 [main] DEBUG org.hibernate.orm.results - Extracted JDBC value [5] - [Test Count Component]
10:24:18.102 [main] DEBUG org.hibernate.orm.results - Extracted JDBC value [6] - [TCC-001]
10:24:18.102 [main] DEBUG org.hibernate.orm.results.loading.entity - (EntityResultInitializer) Done materializing entityInstance : org.frcpm.models.Component(959674386778600)#12
10:24:18.102 [main] DEBUG org.hibernate.orm.results.loading - Calling top-level assembler (0 / 1) : org.hibernate.sql.results.graph.entity.internal.EntityAssembler@3d41bfb8
10:24:18.102 [main] DEBUG org.hibernate.orm.results - Extracted JDBC value [0] - [16]
10:24:18.102 [main] DEBUG org.hibernate.orm.results.loading.entity - (EntityResultInitializer) Hydrated EntityKey (org.frcpm.models.Component(959674386778600)): 16
10:24:18.102 [main] DEBUG org.hibernate.orm.results.loading.org.hibernate.orm.results.loading.collection - (DelayedCollectionInitializer) Current row collection key : org.frcpm.models.Component(959674386778600).requiredForTasks#16
10:24:18.102 [main] DEBUG org.hibernate.orm.results.loading.entity - (EntityResultInitializer) Created new entity instance [org.frcpm.models.Component(959674386778600)#16] : 584248112
10:24:18.102 [main] DEBUG org.hibernate.orm.results - Extracted JDBC value [1] - [null]
10:24:18.102 [main] DEBUG org.hibernate.orm.results - Extracted JDBC value [2] - [false]
10:24:18.102 [main] DEBUG org.hibernate.orm.results - Extracted JDBC value [3] - [Save component description]
10:24:18.102 [main] DEBUG org.hibernate.orm.results - Extracted JDBC value [4] - [2025-05-10]
10:24:18.102 [main] DEBUG org.hibernate.orm.results - Extracted JDBC value [5] - [Test Save Component]
10:24:18.102 [main] DEBUG org.hibernate.orm.results - Extracted JDBC value [6] - [TSC-001]
10:24:18.102 [main] DEBUG org.hibernate.orm.results.loading.entity - (EntityResultInitializer) Done materializing entityInstance : org.frcpm.models.Component(959674386778600)#16
10:24:18.102 [main] DEBUG org.hibernate.orm.results.loading - Calling top-level assembler (0 / 1) : org.hibernate.sql.results.graph.entity.internal.EntityAssembler@3d41bfb8
10:24:18.102 [main] DEBUG org.hibernate.orm.results - Extracted JDBC value [0] - [40]
10:24:18.102 [main] DEBUG org.hibernate.orm.results.loading.entity - (EntityResultInitializer) Hydrated EntityKey (org.frcpm.models.Component(959674386778600)): 40
10:24:18.102 [main] DEBUG org.hibernate.orm.results.loading.org.hibernate.orm.results.loading.collection - (DelayedCollectionInitializer) Current row collection key : org.frcpm.models.Component(959674386778600).requiredForTasks#40
10:24:18.102 [main] DEBUG org.hibernate.orm.results.loading.entity - (EntityResultInitializer) Created new entity instance [org.frcpm.models.Component(959674386778600)#40] : 2106901164
10:24:18.102 [main] DEBUG org.hibernate.orm.results - Extracted JDBC value [1] - [2025-04-25]
10:24:18.102 [main] DEBUG org.hibernate.orm.results - Extracted JDBC value [2] - [true]
10:24:18.102 [main] DEBUG org.hibernate.orm.results - Extracted JDBC value [3] - [Updated description]
10:24:18.102 [main] DEBUG org.hibernate.orm.results - Extracted JDBC value [4] - [null]
10:24:18.102 [main] DEBUG org.hibernate.orm.results - Extracted JDBC value [5] - [Updated Component Name]
10:24:18.102 [main] DEBUG org.hibernate.orm.results - Extracted JDBC value [6] - [TUC-001]
10:24:18.102 [main] DEBUG org.hibernate.orm.results.loading.entity - (EntityResultInitializer) Done materializing entityInstance : org.frcpm.models.Component(959674386778600)#40
10:24:18.102 [main] DEBUG org.hibernate.orm.results.loading - Calling top-level assembler (0 / 1) : org.hibernate.sql.results.graph.entity.internal.EntityAssembler@3d41bfb8
10:24:18.102 [main] DEBUG org.hibernate.orm.results - Extracted JDBC value [0] - [55]
10:24:18.102 [main] DEBUG org.hibernate.orm.results.loading.entity - (EntityResultInitializer) Hydrated EntityKey (org.frcpm.models.Component(959674386778600)): 55
10:24:18.102 [main] DEBUG org.hibernate.orm.results.loading.org.hibernate.orm.results.loading.collection - (DelayedCollectionInitializer) Current row collection key : org.frcpm.models.Component(959674386778600).requiredForTasks#55
10:24:18.102 [main] DEBUG org.hibernate.orm.results.loading.entity - (EntityResultInitializer) Created new entity instance [org.frcpm.models.Component(959674386778600)#55] : 1454836223
10:24:18.102 [main] DEBUG org.hibernate.orm.results - Extracted JDBC value [1] - [null]
10:24:18.102 [main] DEBUG org.hibernate.orm.results - Extracted JDBC value [2] - [false]
10:24:18.102 [main] DEBUG org.hibernate.orm.results - Extracted JDBC value [3] - [Component 1 for association test]
10:24:18.102 [main] DEBUG org.hibernate.orm.results - Extracted JDBC value [4] - [2025-04-28]
10:24:18.102 [main] DEBUG org.hibernate.orm.results - Extracted JDBC value [5] - [Test Component Assoc 1]
10:24:18.102 [main] DEBUG org.hibernate.orm.results - Extracted JDBC value [6] - [TC-ASSOC1]
10:24:18.102 [main] DEBUG org.hibernate.orm.results.loading.entity - (EntityResultInitializer) Done materializing entityInstance : org.frcpm.models.Component(959674386778600)#55
10:24:18.102 [main] DEBUG org.hibernate.orm.results.loading - Calling top-level assembler (0 / 1) : org.hibernate.sql.results.graph.entity.internal.EntityAssembler@3d41bfb8
10:24:18.102 [main] DEBUG org.hibernate.orm.results - Extracted JDBC value [0] - [56]
10:24:18.102 [main] DEBUG org.hibernate.orm.results.loading.entity - (EntityResultInitializer) Hydrated EntityKey (org.frcpm.models.Component(959674386778600)): 56
10:24:18.102 [main] DEBUG org.hibernate.orm.results.loading.org.hibernate.orm.results.loading.collection - (DelayedCollectionInitializer) Current row collection key : org.frcpm.models.Component(959674386778600).requiredForTasks#56
10:24:18.102 [main] DEBUG org.hibernate.orm.results.loading.entity - (EntityResultInitializer) Created new entity instance [org.frcpm.models.Component(959674386778600)#56] : 2124668206
10:24:18.102 [main] DEBUG org.hibernate.orm.results - Extracted JDBC value [1] - [null]
10:24:18.102 [main] DEBUG org.hibernate.orm.results - Extracted JDBC value [2] - [false]
10:24:18.102 [main] DEBUG org.hibernate.orm.results - Extracted JDBC value [3] - [Component 2 for association test]
10:24:18.102 [main] DEBUG org.hibernate.orm.results - Extracted JDBC value [4] - [2025-04-30]
10:24:18.102 [main] DEBUG org.hibernate.orm.results - Extracted JDBC value [5] - [Test Component Assoc 2]
10:24:18.102 [main] DEBUG org.hibernate.orm.results - Extracted JDBC value [6] - [TC-ASSOC2]
10:24:18.104 [main] DEBUG org.hibernate.orm.results.loading.entity - (EntityResultInitializer) Done materializing entityInstance : org.frcpm.models.Component(959674386778600)#56
10:24:18.104 [main] DEBUG org.hibernate.orm.results.loading - Calling top-level assembler (0 / 1) : org.hibernate.sql.results.graph.entity.internal.EntityAssembler@3d41bfb8
10:24:18.104 [main] DEBUG org.hibernate.orm.results - Extracted JDBC value [0] - [57]
10:24:18.104 [main] DEBUG org.hibernate.orm.results.loading.entity - (EntityResultInitializer) Hydrated EntityKey (org.frcpm.models.Component(959674386778600)): 57
10:24:18.104 [main] DEBUG org.hibernate.orm.results.loading.org.hibernate.orm.results.loading.collection - (DelayedCollectionInitializer) Current row collection key : org.frcpm.models.Component(959674386778600).requiredForTasks#57
10:24:18.104 [main] DEBUG org.hibernate.orm.results.loading.entity - (EntityResultInitializer) Created new entity instance [org.frcpm.models.Component(959674386778600)#57] : 58386776
10:24:18.104 [main] DEBUG org.hibernate.orm.results - Extracted JDBC value [1] - [null]
10:24:18.104 [main] DEBUG org.hibernate.orm.results - Extracted JDBC value [2] - [false]
10:24:18.104 [main] DEBUG org.hibernate.orm.results - Extracted JDBC value [3] - [First test component description]
10:24:18.104 [main] DEBUG org.hibernate.orm.results - Extracted JDBC value [4] - [2025-04-30]
10:24:18.104 [main] DEBUG org.hibernate.orm.results - Extracted JDBC value [5] - [Test Component 1]
10:24:18.104 [main] DEBUG org.hibernate.orm.results - Extracted JDBC value [6] - [TC-001]
10:24:18.104 [main] DEBUG org.hibernate.orm.results.loading.entity - (EntityResultInitializer) Done materializing entityInstance : org.frcpm.models.Component(959674386778600)#57
10:24:18.104 [main] DEBUG org.hibernate.orm.results.loading - Calling top-level assembler (0 / 1) : org.hibernate.sql.results.graph.entity.internal.EntityAssembler@3d41bfb8
10:24:18.104 [main] DEBUG org.hibernate.orm.results - Extracted JDBC value [0] - [58]
10:24:18.104 [main] DEBUG org.hibernate.orm.results.loading.entity - (EntityResultInitializer) Hydrated EntityKey (org.frcpm.models.Component(959674386778600)): 58
10:24:18.104 [main] DEBUG org.hibernate.orm.results.loading.org.hibernate.orm.results.loading.collection - (DelayedCollectionInitializer) Current row collection key : org.frcpm.models.Component(959674386778600).requiredForTasks#58
10:24:18.104 [main] DEBUG org.hibernate.orm.results.loading.entity - (EntityResultInitializer) Created new entity instance [org.frcpm.models.Component(959674386778600)#58] : 1859950705
10:24:18.104 [main] DEBUG org.hibernate.orm.results - Extracted JDBC value [1] - [null]
10:24:18.104 [main] DEBUG org.hibernate.orm.results - Extracted JDBC value [2] - [false]
10:24:18.104 [main] DEBUG org.hibernate.orm.results - Extracted JDBC value [3] - [Second test component description]
10:24:18.105 [main] DEBUG org.hibernate.orm.results - Extracted JDBC value [4] - [2025-05-02]
10:24:18.105 [main] DEBUG org.hibernate.orm.results - Extracted JDBC value [5] - [Test Component 2]
10:24:18.105 [main] DEBUG org.hibernate.orm.results - Extracted JDBC value [6] - [TC-002]
10:24:18.105 [main] DEBUG org.hibernate.orm.results.loading.entity - (EntityResultInitializer) Done materializing entityInstance : org.frcpm.models.Component(959674386778600)#58
10:24:18.105 [main] DEBUG org.hibernate.orm.results.loading - Calling top-level assembler (0 / 1) : org.hibernate.sql.results.graph.entity.internal.EntityAssembler@3d41bfb8
10:24:18.105 [main] DEBUG org.hibernate.orm.results - Extracted JDBC value [0] - [59]
10:24:18.105 [main] DEBUG org.hibernate.orm.results.loading.entity - (EntityResultInitializer) Hydrated EntityKey (org.frcpm.models.Component(959674386778600)): 59
10:24:18.105 [main] DEBUG org.hibernate.orm.results.loading.org.hibernate.orm.results.loading.collection - (DelayedCollectionInitializer) Current row collection key : org.frcpm.models.Component(959674386778600).requiredForTasks#59
10:24:18.105 [main] DEBUG org.hibernate.orm.results.loading.entity - (EntityResultInitializer) Created new entity instance [org.frcpm.models.Component(959674386778600)#59] : 1443550989
10:24:18.105 [main] DEBUG org.hibernate.orm.results - Extracted JDBC value [1] - [2025-05-04]
10:24:18.105 [main] DEBUG org.hibernate.orm.results - Extracted JDBC value [2] - [true]
10:24:18.105 [main] DEBUG org.hibernate.orm.results - Extracted JDBC value [3] - [Third test component description]
10:24:18.105 [main] DEBUG org.hibernate.orm.results - Extracted JDBC value [4] - [2025-05-05]
10:24:18.105 [main] DEBUG org.hibernate.orm.results - Extracted JDBC value [5] - [Test Component 3]
10:24:18.105 [main] DEBUG org.hibernate.orm.results - Extracted JDBC value [6] - [TC-003]
10:24:18.105 [main] DEBUG org.hibernate.orm.results.loading.entity - (EntityResultInitializer) Done materializing entityInstance : org.frcpm.models.Component(959674386778600)#59
10:24:18.105 [main] DEBUG org.hibernate.orm.results.loading - Calling top-level assembler (0 / 1) : org.hibernate.sql.results.graph.entity.internal.EntityAssembler@3d41bfb8
10:24:18.105 [main] DEBUG org.hibernate.orm.results - Extracted JDBC value [0] - [60]
10:24:18.105 [main] DEBUG org.hibernate.orm.results.loading.entity - (EntityResultInitializer) Hydrated EntityKey (org.frcpm.models.Component(959674386778600)): 60
10:24:18.105 [main] DEBUG org.hibernate.orm.results.loading.org.hibernate.orm.results.loading.collection - (DelayedCollectionInitializer) Current row collection key : org.frcpm.models.Component(959674386778600).requiredForTasks#60
10:24:18.105 [main] DEBUG org.hibernate.orm.results.loading.entity - (EntityResultInitializer) Created new entity instance [org.frcpm.models.Component(959674386778600)#60] : 2115559275
10:24:18.105 [main] DEBUG org.hibernate.orm.results - Extracted JDBC value [1] - [null]
10:24:18.105 [main] DEBUG org.hibernate.orm.results - Extracted JDBC value [2] - [false]
10:24:18.105 [main] DEBUG org.hibernate.orm.results - Extracted JDBC value [3] - [First test component description]
10:24:18.105 [main] DEBUG org.hibernate.orm.results - Extracted JDBC value [4] - [2025-04-30]
10:24:18.105 [main] DEBUG org.hibernate.orm.results - Extracted JDBC value [5] - [Test Component 1]
10:24:18.105 [main] DEBUG org.hibernate.orm.results - Extracted JDBC value [6] - [TC-001]
10:24:18.105 [main] DEBUG org.hibernate.orm.results.loading.entity - (EntityResultInitializer) Done materializing entityInstance : org.frcpm.models.Component(959674386778600)#60
10:24:18.105 [main] DEBUG org.hibernate.orm.results.loading - Calling top-level assembler (0 / 1) : org.hibernate.sql.results.graph.entity.internal.EntityAssembler@3d41bfb8
10:24:18.105 [main] DEBUG org.hibernate.orm.results - Extracted JDBC value [0] - [61]
10:24:18.105 [main] DEBUG org.hibernate.orm.results.loading.entity - (EntityResultInitializer) Hydrated EntityKey (org.frcpm.models.Component(959674386778600)): 61
10:24:18.105 [main] DEBUG org.hibernate.orm.results.loading.org.hibernate.orm.results.loading.collection - (DelayedCollectionInitializer) Current row collection key : org.frcpm.models.Component(959674386778600).requiredForTasks#61
10:24:18.105 [main] DEBUG org.hibernate.orm.results.loading.entity - (EntityResultInitializer) Created new entity instance [org.frcpm.models.Component(959674386778600)#61] : 1320780048
10:24:18.105 [main] DEBUG org.hibernate.orm.results - Extracted JDBC value [1] - [null]
10:24:18.105 [main] DEBUG org.hibernate.orm.results - Extracted JDBC value [2] - [false]
10:24:18.105 [main] DEBUG org.hibernate.orm.results - Extracted JDBC value [3] - [Second test component description]
10:24:18.105 [main] DEBUG org.hibernate.orm.results - Extracted JDBC value [4] - [2025-05-02]
10:24:18.105 [main] DEBUG org.hibernate.orm.results - Extracted JDBC value [5] - [Test Component 2]
10:24:18.105 [main] DEBUG org.hibernate.orm.results - Extracted JDBC value [6] - [TC-002]
10:24:18.105 [main] DEBUG org.hibernate.orm.results.loading.entity - (EntityResultInitializer) Done materializing entityInstance : org.frcpm.models.Component(959674386778600)#61
10:24:18.105 [main] DEBUG org.hibernate.orm.results.loading - Calling top-level assembler (0 / 1) : org.hibernate.sql.results.graph.entity.internal.EntityAssembler@3d41bfb8
10:24:18.105 [main] DEBUG org.hibernate.orm.results - Extracted JDBC value [0] - [62]
10:24:18.105 [main] DEBUG org.hibernate.orm.results.loading.entity - (EntityResultInitializer) Hydrated EntityKey (org.frcpm.models.Component(959674386778600)): 62
10:24:18.105 [main] DEBUG org.hibernate.orm.results.loading.org.hibernate.orm.results.loading.collection - (DelayedCollectionInitializer) Current row collection key : org.frcpm.models.Component(959674386778600).requiredForTasks#62
10:24:18.105 [main] DEBUG org.hibernate.orm.results.loading.entity - (EntityResultInitializer) Created new entity instance [org.frcpm.models.Component(959674386778600)#62] : 1681735026
10:24:18.105 [main] DEBUG org.hibernate.orm.results - Extracted JDBC value [1] - [2025-05-04]
10:24:18.105 [main] DEBUG org.hibernate.orm.results - Extracted JDBC value [2] - [true]
10:24:18.105 [main] DEBUG org.hibernate.orm.results - Extracted JDBC value [3] - [Third test component description]
10:24:18.105 [main] DEBUG org.hibernate.orm.results - Extracted JDBC value [4] - [2025-05-05]
10:24:18.105 [main] DEBUG org.hibernate.orm.results - Extracted JDBC value [5] - [Test Component 3]
10:24:18.105 [main] DEBUG org.hibernate.orm.results - Extracted JDBC value [6] - [TC-003]
10:24:18.105 [main] DEBUG org.hibernate.orm.results.loading.entity - (EntityResultInitializer) Done materializing entityInstance : org.frcpm.models.Component(959674386778600)#62
10:24:18.105 [main] DEBUG org.hibernate.orm.results.loading - Calling top-level assembler (0 / 1) : org.hibernate.sql.results.graph.entity.internal.EntityAssembler@3d41bfb8
10:24:18.105 [main] DEBUG org.hibernate.orm.results - Extracted JDBC value [0] - [63]
10:24:18.105 [main] DEBUG org.hibernate.orm.results.loading.entity - (EntityResultInitializer) Hydrated EntityKey (org.frcpm.models.Component(959674386778600)): 63
10:24:18.105 [main] DEBUG org.hibernate.orm.results.loading.org.hibernate.orm.results.loading.collection - (DelayedCollectionInitializer) Current row collection key : org.frcpm.models.Component(959674386778600).requiredForTasks#63
10:24:18.105 [main] DEBUG org.hibernate.orm.results.loading.entity - (EntityResultInitializer) Created new entity instance [org.frcpm.models.Component(959674386778600)#63] : 1315227513
10:24:18.105 [main] DEBUG org.hibernate.orm.results - Extracted JDBC value [1] - [null]
10:24:18.105 [main] DEBUG org.hibernate.orm.results - Extracted JDBC value [2] - [false]
10:24:18.105 [main] DEBUG org.hibernate.orm.results - Extracted JDBC value [3] - [null]
10:24:18.105 [main] DEBUG org.hibernate.orm.results - Extracted JDBC value [4] - [null]
10:24:18.105 [main] DEBUG org.hibernate.orm.results - Extracted JDBC value [5] - [Test Count Component]
10:24:18.105 [main] DEBUG org.hibernate.orm.results - Extracted JDBC value [6] - [TCC-001]
10:24:18.105 [main] DEBUG org.hibernate.orm.results.loading.entity - (EntityResultInitializer) Done materializing entityInstance : org.frcpm.models.Component(959674386778600)#63
10:24:18.105 [main] DEBUG org.hibernate.orm.results.loading - Calling top-level assembler (0 / 1) : org.hibernate.sql.results.graph.entity.internal.EntityAssembler@3d41bfb8
10:24:18.105 [main] DEBUG org.hibernate.orm.results - Extracted JDBC value [0] - [64]
10:24:18.105 [main] DEBUG org.hibernate.orm.results.loading.entity - (EntityResultInitializer) Hydrated EntityKey (org.frcpm.models.Component(959674386778600)): 64
10:24:18.105 [main] DEBUG org.hibernate.orm.results.loading.org.hibernate.orm.results.loading.collection - (DelayedCollectionInitializer) Current row collection key : org.frcpm.models.Component(959674386778600).requiredForTasks#64
10:24:18.105 [main] DEBUG org.hibernate.orm.results.loading.entity - (EntityResultInitializer) Created new entity instance [org.frcpm.models.Component(959674386778600)#64] : 757564837
10:24:18.105 [main] DEBUG org.hibernate.orm.results - Extracted JDBC value [1] - [null]
10:24:18.105 [main] DEBUG org.hibernate.orm.results - Extracted JDBC value [2] - [false]
10:24:18.105 [main] DEBUG org.hibernate.orm.results - Extracted JDBC value [3] - [First test component description]
10:24:18.105 [main] DEBUG org.hibernate.orm.results - Extracted JDBC value [4] - [2025-04-30]
10:24:18.105 [main] DEBUG org.hibernate.orm.results - Extracted JDBC value [5] - [Test Component 1]
10:24:18.105 [main] DEBUG org.hibernate.orm.results - Extracted JDBC value [6] - [TC-001]
10:24:18.105 [main] DEBUG org.hibernate.orm.results.loading.entity - (EntityResultInitializer) Done materializing entityInstance : org.frcpm.models.Component(959674386778600)#64
10:24:18.105 [main] DEBUG org.hibernate.orm.results.loading - Calling top-level assembler (0 / 1) : org.hibernate.sql.results.graph.entity.internal.EntityAssembler@3d41bfb8
10:24:18.105 [main] DEBUG org.hibernate.orm.results - Extracted JDBC value [0] - [65]
10:24:18.105 [main] DEBUG org.hibernate.orm.results.loading.entity - (EntityResultInitializer) Hydrated EntityKey (org.frcpm.models.Component(959674386778600)): 65
10:24:18.105 [main] DEBUG org.hibernate.orm.results.loading.org.hibernate.orm.results.loading.collection - (DelayedCollectionInitializer) Current row collection key : org.frcpm.models.Component(959674386778600).requiredForTasks#65
10:24:18.105 [main] DEBUG org.hibernate.orm.results.loading.entity - (EntityResultInitializer) Created new entity instance [org.frcpm.models.Component(959674386778600)#65] : 1974435418
10:24:18.105 [main] DEBUG org.hibernate.orm.results - Extracted JDBC value [1] - [null]
10:24:18.105 [main] DEBUG org.hibernate.orm.results - Extracted JDBC value [2] - [false]
10:24:18.105 [main] DEBUG org.hibernate.orm.results - Extracted JDBC value [3] - [Second test component description]
10:24:18.105 [main] DEBUG org.hibernate.orm.results - Extracted JDBC value [4] - [2025-05-02]
10:24:18.105 [main] DEBUG org.hibernate.orm.results - Extracted JDBC value [5] - [Test Component 2]
10:24:18.105 [main] DEBUG org.hibernate.orm.results - Extracted JDBC value [6] - [TC-002]
10:24:18.106 [main] DEBUG org.hibernate.orm.results.loading.entity - (EntityResultInitializer) Done materializing entityInstance : org.frcpm.models.Component(959674386778600)#65
10:24:18.106 [main] DEBUG org.hibernate.orm.results.loading - Calling top-level assembler (0 / 1) : org.hibernate.sql.results.graph.entity.internal.EntityAssembler@3d41bfb8
10:24:18.106 [main] DEBUG org.hibernate.orm.results - Extracted JDBC value [0] - [66]
10:24:18.106 [main] DEBUG org.hibernate.orm.results.loading.entity - (EntityResultInitializer) Hydrated EntityKey (org.frcpm.models.Component(959674386778600)): 66
10:24:18.106 [main] DEBUG org.hibernate.orm.results.loading.org.hibernate.orm.results.loading.collection - (DelayedCollectionInitializer) Current row collection key : org.frcpm.models.Component(959674386778600).requiredForTasks#66
10:24:18.106 [main] DEBUG org.hibernate.orm.results.loading.entity - (EntityResultInitializer) Created new entity instance [org.frcpm.models.Component(959674386778600)#66] : 955017690
10:24:18.106 [main] DEBUG org.hibernate.orm.results - Extracted JDBC value [1] - [2025-05-04]
10:24:18.106 [main] DEBUG org.hibernate.orm.results - Extracted JDBC value [2] - [true]
10:24:18.106 [main] DEBUG org.hibernate.orm.results - Extracted JDBC value [3] - [Third test component description]
10:24:18.106 [main] DEBUG org.hibernate.orm.results - Extracted JDBC value [4] - [2025-05-05]
10:24:18.106 [main] DEBUG org.hibernate.orm.results - Extracted JDBC value [5] - [Test Component 3]
10:24:18.106 [main] DEBUG org.hibernate.orm.results - Extracted JDBC value [6] - [TC-003]
10:24:18.106 [main] DEBUG org.hibernate.orm.results.loading.entity - (EntityResultInitializer) Done materializing entityInstance : org.frcpm.models.Component(959674386778600)#66
10:24:18.106 [main] DEBUG org.hibernate.orm.results.loading - Calling top-level assembler (0 / 1) : org.hibernate.sql.results.graph.entity.internal.EntityAssembler@3d41bfb8
10:24:18.106 [main] DEBUG org.hibernate.orm.results - Extracted JDBC value [0] - [67]
10:24:18.106 [main] DEBUG org.hibernate.orm.results.loading.entity - (EntityResultInitializer) Hydrated EntityKey (org.frcpm.models.Component(959674386778600)): 67
10:24:18.106 [main] DEBUG org.hibernate.orm.results.loading.org.hibernate.orm.results.loading.collection - (DelayedCollectionInitializer) Current row collection key : org.frcpm.models.Component(959674386778600).requiredForTasks#67
10:24:18.106 [main] DEBUG org.hibernate.orm.results.loading.entity - (EntityResultInitializer) Created new entity instance [org.frcpm.models.Component(959674386778600)#67] : 945511658
10:24:18.106 [main] DEBUG org.hibernate.orm.results - Extracted JDBC value [1] - [null]
10:24:18.106 [main] DEBUG org.hibernate.orm.results - Extracted JDBC value [2] - [false]
10:24:18.106 [main] DEBUG org.hibernate.orm.results - Extracted JDBC value [3] - [Save component description]
10:24:18.106 [main] DEBUG org.hibernate.orm.results - Extracted JDBC value [4] - [2025-05-10]
10:24:18.106 [main] DEBUG org.hibernate.orm.results - Extracted JDBC value [5] - [Test Save Component]
10:24:18.106 [main] DEBUG org.hibernate.orm.results - Extracted JDBC value [6] - [TSC-001]
10:24:18.106 [main] DEBUG org.hibernate.orm.results.loading.entity - (EntityResultInitializer) Done materializing entityInstance : org.frcpm.models.Component(959674386778600)#67
10:24:18.106 [main] DEBUG org.hibernate.orm.results.loading - Calling top-level assembler (0 / 1) : org.hibernate.sql.results.graph.entity.internal.EntityAssembler@3d41bfb8
10:24:18.106 [main] DEBUG org.hibernate.orm.results - Extracted JDBC value [0] - [68]
10:24:18.106 [main] DEBUG org.hibernate.orm.results.loading.entity - (EntityResultInitializer) Hydrated EntityKey (org.frcpm.models.Component(959674386778600)): 68
10:24:18.106 [main] DEBUG org.hibernate.orm.results.loading.org.hibernate.orm.results.loading.collection - (DelayedCollectionInitializer) Current row collection key : org.frcpm.models.Component(959674386778600).requiredForTasks#68
10:24:18.106 [main] DEBUG org.hibernate.orm.results.loading.entity - (EntityResultInitializer) Created new entity instance [org.frcpm.models.Component(959674386778600)#68] : 560675784
10:24:18.106 [main] DEBUG org.hibernate.orm.results - Extracted JDBC value [1] - [null]
10:24:18.106 [main] DEBUG org.hibernate.orm.results - Extracted JDBC value [2] - [false]
10:24:18.106 [main] DEBUG org.hibernate.orm.results - Extracted JDBC value [3] - [First test component description]
10:24:18.106 [main] DEBUG org.hibernate.orm.results - Extracted JDBC value [4] - [2025-04-30]
10:24:18.106 [main] DEBUG org.hibernate.orm.results - Extracted JDBC value [5] - [Test Component 1]
10:24:18.106 [main] DEBUG org.hibernate.orm.results - Extracted JDBC value [6] - [TC-001]
10:24:18.106 [main] DEBUG org.hibernate.orm.results.loading.entity - (EntityResultInitializer) Done materializing entityInstance : org.frcpm.models.Component(959674386778600)#68
10:24:18.106 [main] DEBUG org.hibernate.orm.results.loading - Calling top-level assembler (0 / 1) : org.hibernate.sql.results.graph.entity.internal.EntityAssembler@3d41bfb8
10:24:18.106 [main] DEBUG org.hibernate.orm.results - Extracted JDBC value [0] - [69]
10:24:18.106 [main] DEBUG org.hibernate.orm.results.loading.entity - (EntityResultInitializer) Hydrated EntityKey (org.frcpm.models.Component(959674386778600)): 69
10:24:18.106 [main] DEBUG org.hibernate.orm.results.loading.org.hibernate.orm.results.loading.collection - (DelayedCollectionInitializer) Current row collection key : org.frcpm.models.Component(959674386778600).requiredForTasks#69
10:24:18.106 [main] DEBUG org.hibernate.orm.results.loading.entity - (EntityResultInitializer) Created new entity instance [org.frcpm.models.Component(959674386778600)#69] : 805343814
10:24:18.106 [main] DEBUG org.hibernate.orm.results - Extracted JDBC value [1] - [null]
10:24:18.106 [main] DEBUG org.hibernate.orm.results - Extracted JDBC value [2] - [false]
10:24:18.106 [main] DEBUG org.hibernate.orm.results - Extracted JDBC value [3] - [Second test component description]
10:24:18.106 [main] DEBUG org.hibernate.orm.results - Extracted JDBC value [4] - [2025-05-02]
10:24:18.106 [main] DEBUG org.hibernate.orm.results - Extracted JDBC value [5] - [Test Component 2]
10:24:18.106 [main] DEBUG org.hibernate.orm.results - Extracted JDBC value [6] - [TC-002]
10:24:18.106 [main] DEBUG org.hibernate.orm.results.loading.entity - (EntityResultInitializer) Done materializing entityInstance : org.frcpm.models.Component(959674386778600)#69
10:24:18.106 [main] DEBUG org.hibernate.orm.results.loading - Calling top-level assembler (0 / 1) : org.hibernate.sql.results.graph.entity.internal.EntityAssembler@3d41bfb8
10:24:18.106 [main] DEBUG org.hibernate.orm.results - Extracted JDBC value [0] - [70]
10:24:18.106 [main] DEBUG org.hibernate.orm.results.loading.entity - (EntityResultInitializer) Hydrated EntityKey (org.frcpm.models.Component(959674386778600)): 70
10:24:18.106 [main] DEBUG org.hibernate.orm.results.loading.org.hibernate.orm.results.loading.collection - (DelayedCollectionInitializer) Current row collection key : org.frcpm.models.Component(959674386778600).requiredForTasks#70
10:24:18.106 [main] DEBUG org.hibernate.orm.results.loading.entity - (EntityResultInitializer) Created new entity instance [org.frcpm.models.Component(959674386778600)#70] : 592169883
10:24:18.106 [main] DEBUG org.hibernate.orm.results - Extracted JDBC value [1] - [2025-05-04]
10:24:18.106 [main] DEBUG org.hibernate.orm.results - Extracted JDBC value [2] - [true]
10:24:18.106 [main] DEBUG org.hibernate.orm.results - Extracted JDBC value [3] - [Third test component description]
10:24:18.106 [main] DEBUG org.hibernate.orm.results - Extracted JDBC value [4] - [2025-05-05]
10:24:18.106 [main] DEBUG org.hibernate.orm.results - Extracted JDBC value [5] - [Test Component 3]
10:24:18.106 [main] DEBUG org.hibernate.orm.results - Extracted JDBC value [6] - [TC-003]
10:24:18.106 [main] DEBUG org.hibernate.orm.results.loading.entity - (EntityResultInitializer) Done materializing entityInstance : org.frcpm.models.Component(959674386778600)#70
10:24:18.106 [main] DEBUG org.hibernate.orm.results.loading - Calling top-level assembler (0 / 1) : org.hibernate.sql.results.graph.entity.internal.EntityAssembler@3d41bfb8
10:24:18.106 [main] DEBUG org.hibernate.orm.results - Extracted JDBC value [0] - [71]
10:24:18.106 [main] DEBUG org.hibernate.orm.results.loading.entity - (EntityResultInitializer) Hydrated EntityKey (org.frcpm.models.Component(959674386778600)): 71
10:24:18.106 [main] DEBUG org.hibernate.orm.results.loading.org.hibernate.orm.results.loading.collection - (DelayedCollectionInitializer) Current row collection key : org.frcpm.models.Component(959674386778600).requiredForTasks#71
10:24:18.106 [main] DEBUG org.hibernate.orm.results.loading.entity - (EntityResultInitializer) Created new entity instance [org.frcpm.models.Component(959674386778600)#71] : 878118403
10:24:18.106 [main] DEBUG org.hibernate.orm.results - Extracted JDBC value [1] - [null]
10:24:18.106 [main] DEBUG org.hibernate.orm.results - Extracted JDBC value [2] - [false]
10:24:18.106 [main] DEBUG org.hibernate.orm.results - Extracted JDBC value [3] - [First test component description]
10:24:18.106 [main] DEBUG org.hibernate.orm.results - Extracted JDBC value [4] - [2025-04-30]
10:24:18.106 [main] DEBUG org.hibernate.orm.results - Extracted JDBC value [5] - [Test Component 1]
10:24:18.106 [main] DEBUG org.hibernate.orm.results - Extracted JDBC value [6] - [TC-001]
10:24:18.106 [main] DEBUG org.hibernate.orm.results.loading.entity - (EntityResultInitializer) Done materializing entityInstance : org.frcpm.models.Component(959674386778600)#71
10:24:18.106 [main] DEBUG org.hibernate.orm.results.loading - Calling top-level assembler (0 / 1) : org.hibernate.sql.results.graph.entity.internal.EntityAssembler@3d41bfb8
10:24:18.106 [main] DEBUG org.hibernate.orm.results - Extracted JDBC value [0] - [72]
10:24:18.106 [main] DEBUG org.hibernate.orm.results.loading.entity - (EntityResultInitializer) Hydrated EntityKey (org.frcpm.models.Component(959674386778600)): 72
10:24:18.106 [main] DEBUG org.hibernate.orm.results.loading.org.hibernate.orm.results.loading.collection - (DelayedCollectionInitializer) Current row collection key : org.frcpm.models.Component(959674386778600).requiredForTasks#72
10:24:18.106 [main] DEBUG org.hibernate.orm.results.loading.entity - (EntityResultInitializer) Created new entity instance [org.frcpm.models.Component(959674386778600)#72] : 572700158
10:24:18.106 [main] DEBUG org.hibernate.orm.results - Extracted JDBC value [1] - [null]
10:24:18.106 [main] DEBUG org.hibernate.orm.results - Extracted JDBC value [2] - [false]
10:24:18.106 [main] DEBUG org.hibernate.orm.results - Extracted JDBC value [3] - [Second test component description]
10:24:18.106 [main] DEBUG org.hibernate.orm.results - Extracted JDBC value [4] - [2025-05-02]
10:24:18.106 [main] DEBUG org.hibernate.orm.results - Extracted JDBC value [5] - [Test Component 2]
10:24:18.106 [main] DEBUG org.hibernate.orm.results - Extracted JDBC value [6] - [TC-002]
10:24:18.106 [main] DEBUG org.hibernate.orm.results.loading.entity - (EntityResultInitializer) Done materializing entityInstance : org.frcpm.models.Component(959674386778600)#72
10:24:18.106 [main] DEBUG org.hibernate.orm.results.loading - Calling top-level assembler (0 / 1) : org.hibernate.sql.results.graph.entity.internal.EntityAssembler@3d41bfb8
10:24:18.106 [main] DEBUG org.hibernate.orm.results - Extracted JDBC value [0] - [73]
10:24:18.106 [main] DEBUG org.hibernate.orm.results.loading.entity - (EntityResultInitializer) Hydrated EntityKey (org.frcpm.models.Component(959674386778600)): 73
10:24:18.106 [main] DEBUG org.hibernate.orm.results.loading.org.hibernate.orm.results.loading.collection - (DelayedCollectionInitializer) Current row collection key : org.frcpm.models.Component(959674386778600).requiredForTasks#73
10:24:18.106 [main] DEBUG org.hibernate.orm.results.loading.entity - (EntityResultInitializer) Created new entity instance [org.frcpm.models.Component(959674386778600)#73] : 654730589
10:24:18.106 [main] DEBUG org.hibernate.orm.results - Extracted JDBC value [1] - [2025-05-04]
10:24:18.106 [main] DEBUG org.hibernate.orm.results - Extracted JDBC value [2] - [true]
10:24:18.106 [main] DEBUG org.hibernate.orm.results - Extracted JDBC value [3] - [Third test component description]
10:24:18.106 [main] DEBUG org.hibernate.orm.results - Extracted JDBC value [4] - [2025-05-05]
10:24:18.106 [main] DEBUG org.hibernate.orm.results - Extracted JDBC value [5] - [Test Component 3]
10:24:18.106 [main] DEBUG org.hibernate.orm.results - Extracted JDBC value [6] - [TC-003]
10:24:18.106 [main] DEBUG org.hibernate.orm.results.loading.entity - (EntityResultInitializer) Done materializing entityInstance : org.frcpm.models.Component(959674386778600)#73
10:24:18.106 [main] DEBUG org.hibernate.orm.results.loading - Calling top-level assembler (0 / 1) : org.hibernate.sql.results.graph.entity.internal.EntityAssembler@3d41bfb8
10:24:18.106 [main] DEBUG org.hibernate.resource.jdbc.internal.LogicalConnectionManagedImpl - Initiating JDBC connection release from afterTransaction
10:24:18.106 [main] DEBUG org.hibernate.resource.jdbc.internal.LogicalConnectionManagedImpl - Initiating JDBC connection release from afterTransaction
10:24:18.107 [main] DEBUG org.hibernate.orm.sql.exec - Skipping reading Query result cache data: cache-enabled = false, cache-mode = IGNORE
10:24:18.107 [main] DEBUG org.hibernate.orm.results - Initializer list:
	  org.frcpm.models.Component -> EntityResultInitializer(org.frcpm.models.Component)@1239229536 (SingleTableEntityPersister(org.frcpm.models.Component))
	  org.frcpm.models.Component.requiredForTasks -> DelayedCollectionInitializer(org.frcpm.models.Component.requiredForTasks)@1566936203 (PluralAttribute(org.frcpm.models.Component.requiredForTasks))

10:24:18.107 [main] DEBUG org.hibernate.SQL - select c1_0.id,c1_0.actual_delivery,c1_0.is_delivered,c1_0.description,c1_0.expected_delivery,c1_0.name,c1_0.part_number from components c1_0 where c1_0.id=?
10:24:18.107 [main] DEBUG org.hibernate.orm.results.loading.entity - (EntityResultInitializer) Hydrated EntityKey (org.frcpm.models.Component): 55
10:24:18.107 [main] DEBUG org.hibernate.orm.results.loading.org.hibernate.orm.results.loading.collection - (DelayedCollectionInitializer) Current row collection key : org.frcpm.models.Component.requiredForTasks#55
10:24:18.107 [main] DEBUG org.hibernate.orm.results.loading.entity - (EntityResultInitializer) Created new entity instance [org.frcpm.models.Component#55] : 479757267
10:24:18.107 [main] DEBUG org.hibernate.orm.results - Extracted JDBC value [1] - [null]
10:24:18.107 [main] DEBUG org.hibernate.orm.results - Extracted JDBC value [2] - [false]
10:24:18.107 [main] DEBUG org.hibernate.orm.results - Extracted JDBC value [3] - [Component 1 for association test]
10:24:18.107 [main] DEBUG org.hibernate.orm.results - Extracted JDBC value [4] - [2025-04-28]
10:24:18.107 [main] DEBUG org.hibernate.orm.results - Extracted JDBC value [5] - [Test Component Assoc 1]
10:24:18.107 [main] DEBUG org.hibernate.orm.results - Extracted JDBC value [6] - [TC-ASSOC1]
10:24:18.107 [main] DEBUG org.hibernate.orm.results.loading.entity - (EntityResultInitializer) Done materializing entityInstance : org.frcpm.models.Component#55
10:24:18.108 [main] DEBUG org.hibernate.orm.results.loading - Calling top-level assembler (0 / 1) : org.hibernate.sql.results.graph.entity.internal.EntityAssembler@3e02f2d9
10:24:18.108 [main] DEBUG org.hibernate.resource.jdbc.internal.LogicalConnectionManagedImpl - Initiating JDBC connection release from afterTransaction
10:24:18.108 [main] DEBUG org.hibernate.orm.sql.ast.create - Created new SQL alias : c1_0
10:24:18.108 [main] DEBUG org.hibernate.orm.sql.ast.create - Registration of TableGroup [StandardTableGroup(org.frcpm.models.Component(959674394932700))] with identifierForTableGroup [org.frcpm.models.Component] for NavigablePath [org.frcpm.models.Component] 
10:24:18.108 [main] DEBUG org.hibernate.orm.results.graph.AST - DomainResult Graph:
 \-EntityResultImpl [org.frcpm.models.Component(959674394932700)]
 |  +-BasicFetch [org.frcpm.models.Component(959674394932700).actualDelivery]
 |  +-BasicFetch [org.frcpm.models.Component(959674394932700).delivered]
 |  +-BasicFetch [org.frcpm.models.Component(959674394932700).description]
 |  +-BasicFetch [org.frcpm.models.Component(959674394932700).expectedDelivery]
 |  +-BasicFetch [org.frcpm.models.Component(959674394932700).name]
 |  +-BasicFetch [org.frcpm.models.Component(959674394932700).partNumber]
 |  \-DelayedCollectionFetch [org.frcpm.models.Component(959674394932700).requiredForTasks]

10:24:18.108 [main] DEBUG org.hibernate.orm.sql.ast.tree - SQL AST Tree:
    SelectStatement {
      FromClause {
        StandardTableGroup (c1 : org.frcpm.models.Component(959674394932700)) {
          primaryTableReference : components as c1_0
        }
      }
    }

10:24:18.108 [main] DEBUG org.hibernate.orm.sql.exec - Skipping reading Query result cache data: cache-enabled = false, cache-mode = NORMAL
10:24:18.109 [main] DEBUG org.hibernate.orm.results - Initializer list:
	  org.frcpm.models.Component(959674394932700) -> EntityResultInitializer(org.frcpm.models.Component(959674394932700))@163730368 (SingleTableEntityPersister(org.frcpm.models.Component))
	  org.frcpm.models.Component(959674394932700).requiredForTasks -> DelayedCollectionInitializer(org.frcpm.models.Component(959674394932700).requiredForTasks)@1117443969 (PluralAttribute(org.frcpm.models.Component.requiredForTasks))

10:24:18.109 [main] DEBUG org.hibernate.SQL - select c1_0.id,c1_0.actual_delivery,c1_0.is_delivered,c1_0.description,c1_0.expected_delivery,c1_0.name,c1_0.part_number from components c1_0
10:24:18.109 [main] DEBUG org.hibernate.orm.results - Extracted JDBC value [0] - [1]
10:24:18.109 [main] DEBUG org.hibernate.orm.results.loading.entity - (EntityResultInitializer) Hydrated EntityKey (org.frcpm.models.Component(959674394932700)): 1
10:24:18.109 [main] DEBUG org.hibernate.orm.results.loading.org.hibernate.orm.results.loading.collection - (DelayedCollectionInitializer) Current row collection key : org.frcpm.models.Component(959674394932700).requiredForTasks#1
10:24:18.109 [main] DEBUG org.hibernate.orm.results.loading.entity - (EntityResultInitializer) Created new entity instance [org.frcpm.models.Component(959674394932700)#1] : 487874704
10:24:18.109 [main] DEBUG org.hibernate.orm.results - Extracted JDBC value [1] - [null]
10:24:18.109 [main] DEBUG org.hibernate.orm.results - Extracted JDBC value [2] - [false]
10:24:18.109 [main] DEBUG org.hibernate.orm.results - Extracted JDBC value [3] - [Motor controller for NEO brushless motors]
10:24:18.109 [main] DEBUG org.hibernate.orm.results - Extracted JDBC value [4] - [2025-05-04]
10:24:18.109 [main] DEBUG org.hibernate.orm.results - Extracted JDBC value [5] - [SPARK MAX]
10:24:18.109 [main] DEBUG org.hibernate.orm.results - Extracted JDBC value [6] - [REV-11-2158]
10:24:18.109 [main] DEBUG org.hibernate.orm.results.loading.entity - (EntityResultInitializer) Done materializing entityInstance : org.frcpm.models.Component(959674394932700)#1
10:24:18.109 [main] DEBUG org.hibernate.orm.results.loading - Calling top-level assembler (0 / 1) : org.hibernate.sql.results.graph.entity.internal.EntityAssembler@15c27b45
10:24:18.109 [main] DEBUG org.hibernate.orm.results - Extracted JDBC value [0] - [2]
10:24:18.109 [main] DEBUG org.hibernate.orm.results.loading.entity - (EntityResultInitializer) Hydrated EntityKey (org.frcpm.models.Component(959674394932700)): 2
10:24:18.109 [main] DEBUG org.hibernate.orm.results.loading.org.hibernate.orm.results.loading.collection - (DelayedCollectionInitializer) Current row collection key : org.frcpm.models.Component(959674394932700).requiredForTasks#2
10:24:18.109 [main] DEBUG org.hibernate.orm.results.loading.entity - (EntityResultInitializer) Created new entity instance [org.frcpm.models.Component(959674394932700)#2] : 150102915
10:24:18.109 [main] DEBUG org.hibernate.orm.results - Extracted JDBC value [1] - [null]
10:24:18.109 [main] DEBUG org.hibernate.orm.results - Extracted JDBC value [2] - [false]
10:24:18.109 [main] DEBUG org.hibernate.orm.results - Extracted JDBC value [3] - [High performance brushless DC motor]
10:24:18.109 [main] DEBUG org.hibernate.orm.results - Extracted JDBC value [4] - [2025-05-04]
10:24:18.109 [main] DEBUG org.hibernate.orm.results - Extracted JDBC value [5] - [NEO Brushless Motor]
10:24:18.109 [main] DEBUG org.hibernate.orm.results - Extracted JDBC value [6] - [REV-21-1650]
10:24:18.109 [main] DEBUG org.hibernate.orm.results.loading.entity - (EntityResultInitializer) Done materializing entityInstance : org.frcpm.models.Component(959674394932700)#2
10:24:18.109 [main] DEBUG org.hibernate.orm.results.loading - Calling top-level assembler (0 / 1) : org.hibernate.sql.results.graph.entity.internal.EntityAssembler@15c27b45
10:24:18.109 [main] DEBUG org.hibernate.orm.results - Extracted JDBC value [0] - [3]
10:24:18.109 [main] DEBUG org.hibernate.orm.results.loading.entity - (EntityResultInitializer) Hydrated EntityKey (org.frcpm.models.Component(959674394932700)): 3
10:24:18.109 [main] DEBUG org.hibernate.orm.results.loading.org.hibernate.orm.results.loading.collection - (DelayedCollectionInitializer) Current row collection key : org.frcpm.models.Component(959674394932700).requiredForTasks#3
10:24:18.109 [main] DEBUG org.hibernate.orm.results.loading.entity - (EntityResultInitializer) Created new entity instance [org.frcpm.models.Component(959674394932700)#3] : 185863088
10:24:18.109 [main] DEBUG org.hibernate.orm.results - Extracted JDBC value [1] - [2025-05-01]
10:24:18.109 [main] DEBUG org.hibernate.orm.results - Extracted JDBC value [2] - [true]
10:24:18.109 [main] DEBUG org.hibernate.orm.results - Extracted JDBC value [3] - [Omni-directional wheels for holonomic drive]
10:24:18.109 [main] DEBUG org.hibernate.orm.results - Extracted JDBC value [4] - [2025-05-02]
10:24:18.109 [main] DEBUG org.hibernate.orm.results - Extracted JDBC value [5] - [4" Omni Wheels]
10:24:18.109 [main] DEBUG org.hibernate.orm.results - Extracted JDBC value [6] - [AM-0016]
10:24:18.109 [main] DEBUG org.hibernate.orm.results.loading.entity - (EntityResultInitializer) Done materializing entityInstance : org.frcpm.models.Component(959674394932700)#3
10:24:18.109 [main] DEBUG org.hibernate.orm.results.loading - Calling top-level assembler (0 / 1) : org.hibernate.sql.results.graph.entity.internal.EntityAssembler@15c27b45
10:24:18.109 [main] DEBUG org.hibernate.orm.results - Extracted JDBC value [0] - [4]
10:24:18.109 [main] DEBUG org.hibernate.orm.results.loading.entity - (EntityResultInitializer) Hydrated EntityKey (org.frcpm.models.Component(959674394932700)): 4
10:24:18.109 [main] DEBUG org.hibernate.orm.results.loading.org.hibernate.orm.results.loading.collection - (DelayedCollectionInitializer) Current row collection key : org.frcpm.models.Component(959674394932700).requiredForTasks#4
10:24:18.109 [main] DEBUG org.hibernate.orm.results.loading.entity - (EntityResultInitializer) Created new entity instance [org.frcpm.models.Component(959674394932700)#4] : 385861005
10:24:18.109 [main] DEBUG org.hibernate.orm.results - Extracted JDBC value [1] - [null]
10:24:18.109 [main] DEBUG org.hibernate.orm.results - Extracted JDBC value [2] - [false]
10:24:18.109 [main] DEBUG org.hibernate.orm.results - Extracted JDBC value [3] - [Smart camera for vision tracking]
10:24:18.109 [main] DEBUG org.hibernate.orm.results - Extracted JDBC value [4] - [2025-05-08]
10:24:18.109 [main] DEBUG org.hibernate.orm.results - Extracted JDBC value [5] - [Limelight 3]
10:24:18.109 [main] DEBUG org.hibernate.orm.results - Extracted JDBC value [6] - [LL3-1]
10:24:18.109 [main] DEBUG org.hibernate.orm.results.loading.entity - (EntityResultInitializer) Done materializing entityInstance : org.frcpm.models.Component(959674394932700)#4
10:24:18.109 [main] DEBUG org.hibernate.orm.results.loading - Calling top-level assembler (0 / 1) : org.hibernate.sql.results.graph.entity.internal.EntityAssembler@15c27b45
10:24:18.109 [main] DEBUG org.hibernate.orm.results - Extracted JDBC value [0] - [5]
10:24:18.109 [main] DEBUG org.hibernate.orm.results.loading.entity - (EntityResultInitializer) Hydrated EntityKey (org.frcpm.models.Component(959674394932700)): 5
10:24:18.109 [main] DEBUG org.hibernate.orm.results.loading.org.hibernate.orm.results.loading.collection - (DelayedCollectionInitializer) Current row collection key : org.frcpm.models.Component(959674394932700).requiredForTasks#5
10:24:18.109 [main] DEBUG org.hibernate.orm.results.loading.entity - (EntityResultInitializer) Created new entity instance [org.frcpm.models.Component(959674394932700)#5] : 1862577394
10:24:18.109 [main] DEBUG org.hibernate.orm.results - Extracted JDBC value [1] - [null]
10:24:18.109 [main] DEBUG org.hibernate.orm.results - Extracted JDBC value [2] - [false]
10:24:18.109 [main] DEBUG org.hibernate.orm.results - Extracted JDBC value [3] - [Control module for pneumatic systems]
10:24:18.109 [main] DEBUG org.hibernate.orm.results - Extracted JDBC value [4] - [2025-05-06]
10:24:18.109 [main] DEBUG org.hibernate.orm.results - Extracted JDBC value [5] - [Pneumatic Control Module]
10:24:18.109 [main] DEBUG org.hibernate.orm.results - Extracted JDBC value [6] - [CTRE-PCM]
10:24:18.109 [main] DEBUG org.hibernate.orm.results.loading.entity - (EntityResultInitializer) Done materializing entityInstance : org.frcpm.models.Component(959674394932700)#5
10:24:18.109 [main] DEBUG org.hibernate.orm.results.loading - Calling top-level assembler (0 / 1) : org.hibernate.sql.results.graph.entity.internal.EntityAssembler@15c27b45
10:24:18.109 [main] DEBUG org.hibernate.orm.results - Extracted JDBC value [0] - [12]
10:24:18.109 [main] DEBUG org.hibernate.orm.results.loading.entity - (EntityResultInitializer) Hydrated EntityKey (org.frcpm.models.Component(959674394932700)): 12
10:24:18.109 [main] DEBUG org.hibernate.orm.results.loading.org.hibernate.orm.results.loading.collection - (DelayedCollectionInitializer) Current row collection key : org.frcpm.models.Component(959674394932700).requiredForTasks#12
10:24:18.109 [main] DEBUG org.hibernate.orm.results.loading.entity - (EntityResultInitializer) Created new entity instance [org.frcpm.models.Component(959674394932700)#12] : 1491381388
10:24:18.109 [main] DEBUG org.hibernate.orm.results - Extracted JDBC value [1] - [null]
10:24:18.109 [main] DEBUG org.hibernate.orm.results - Extracted JDBC value [2] - [false]
10:24:18.109 [main] DEBUG org.hibernate.orm.results - Extracted JDBC value [3] - [null]
10:24:18.109 [main] DEBUG org.hibernate.orm.results - Extracted JDBC value [4] - [null]
10:24:18.109 [main] DEBUG org.hibernate.orm.results - Extracted JDBC value [5] - [Test Count Component]
10:24:18.109 [main] DEBUG org.hibernate.orm.results - Extracted JDBC value [6] - [TCC-001]
10:24:18.109 [main] DEBUG org.hibernate.orm.results.loading.entity - (EntityResultInitializer) Done materializing entityInstance : org.frcpm.models.Component(959674394932700)#12
10:24:18.109 [main] DEBUG org.hibernate.orm.results.loading - Calling top-level assembler (0 / 1) : org.hibernate.sql.results.graph.entity.internal.EntityAssembler@15c27b45
10:24:18.109 [main] DEBUG org.hibernate.orm.results - Extracted JDBC value [0] - [16]
10:24:18.109 [main] DEBUG org.hibernate.orm.results.loading.entity - (EntityResultInitializer) Hydrated EntityKey (org.frcpm.models.Component(959674394932700)): 16
10:24:18.109 [main] DEBUG org.hibernate.orm.results.loading.org.hibernate.orm.results.loading.collection - (DelayedCollectionInitializer) Current row collection key : org.frcpm.models.Component(959674394932700).requiredForTasks#16
10:24:18.109 [main] DEBUG org.hibernate.orm.results.loading.entity - (EntityResultInitializer) Created new entity instance [org.frcpm.models.Component(959674394932700)#16] : 1710155693
10:24:18.109 [main] DEBUG org.hibernate.orm.results - Extracted JDBC value [1] - [null]
10:24:18.109 [main] DEBUG org.hibernate.orm.results - Extracted JDBC value [2] - [false]
10:24:18.109 [main] DEBUG org.hibernate.orm.results - Extracted JDBC value [3] - [Save component description]
10:24:18.109 [main] DEBUG org.hibernate.orm.results - Extracted JDBC value [4] - [2025-05-10]
10:24:18.109 [main] DEBUG org.hibernate.orm.results - Extracted JDBC value [5] - [Test Save Component]
10:24:18.109 [main] DEBUG org.hibernate.orm.results - Extracted JDBC value [6] - [TSC-001]
10:24:18.109 [main] DEBUG org.hibernate.orm.results.loading.entity - (EntityResultInitializer) Done materializing entityInstance : org.frcpm.models.Component(959674394932700)#16
10:24:18.109 [main] DEBUG org.hibernate.orm.results.loading - Calling top-level assembler (0 / 1) : org.hibernate.sql.results.graph.entity.internal.EntityAssembler@15c27b45
10:24:18.109 [main] DEBUG org.hibernate.orm.results - Extracted JDBC value [0] - [40]
10:24:18.109 [main] DEBUG org.hibernate.orm.results.loading.entity - (EntityResultInitializer) Hydrated EntityKey (org.frcpm.models.Component(959674394932700)): 40
10:24:18.109 [main] DEBUG org.hibernate.orm.results.loading.org.hibernate.orm.results.loading.collection - (DelayedCollectionInitializer) Current row collection key : org.frcpm.models.Component(959674394932700).requiredForTasks#40
10:24:18.109 [main] DEBUG org.hibernate.orm.results.loading.entity - (EntityResultInitializer) Created new entity instance [org.frcpm.models.Component(959674394932700)#40] : 1445438560
10:24:18.109 [main] DEBUG org.hibernate.orm.results - Extracted JDBC value [1] - [2025-04-25]
10:24:18.109 [main] DEBUG org.hibernate.orm.results - Extracted JDBC value [2] - [true]
10:24:18.109 [main] DEBUG org.hibernate.orm.results - Extracted JDBC value [3] - [Updated description]
10:24:18.109 [main] DEBUG org.hibernate.orm.results - Extracted JDBC value [4] - [null]
10:24:18.109 [main] DEBUG org.hibernate.orm.results - Extracted JDBC value [5] - [Updated Component Name]
10:24:18.109 [main] DEBUG org.hibernate.orm.results - Extracted JDBC value [6] - [TUC-001]
10:24:18.109 [main] DEBUG org.hibernate.orm.results.loading.entity - (EntityResultInitializer) Done materializing entityInstance : org.frcpm.models.Component(959674394932700)#40
10:24:18.109 [main] DEBUG org.hibernate.orm.results.loading - Calling top-level assembler (0 / 1) : org.hibernate.sql.results.graph.entity.internal.EntityAssembler@15c27b45
10:24:18.109 [main] DEBUG org.hibernate.orm.results - Extracted JDBC value [0] - [55]
10:24:18.109 [main] DEBUG org.hibernate.orm.results.loading.entity - (EntityResultInitializer) Hydrated EntityKey (org.frcpm.models.Component(959674394932700)): 55
10:24:18.109 [main] DEBUG org.hibernate.orm.results.loading.org.hibernate.orm.results.loading.collection - (DelayedCollectionInitializer) Current row collection key : org.frcpm.models.Component(959674394932700).requiredForTasks#55
10:24:18.110 [main] DEBUG org.hibernate.orm.results.loading.entity - (EntityResultInitializer) Created new entity instance [org.frcpm.models.Component(959674394932700)#55] : 1457501435
10:24:18.110 [main] DEBUG org.hibernate.orm.results - Extracted JDBC value [1] - [null]
10:24:18.110 [main] DEBUG org.hibernate.orm.results - Extracted JDBC value [2] - [false]
10:24:18.110 [main] DEBUG org.hibernate.orm.results - Extracted JDBC value [3] - [Component 1 for association test]
10:24:18.110 [main] DEBUG org.hibernate.orm.results - Extracted JDBC value [4] - [2025-04-28]
10:24:18.110 [main] DEBUG org.hibernate.orm.results - Extracted JDBC value [5] - [Test Component Assoc 1]
10:24:18.110 [main] DEBUG org.hibernate.orm.results - Extracted JDBC value [6] - [TC-ASSOC1]
10:24:18.110 [main] DEBUG org.hibernate.orm.results.loading.entity - (EntityResultInitializer) Done materializing entityInstance : org.frcpm.models.Component(959674394932700)#55
10:24:18.110 [main] DEBUG org.hibernate.orm.results.loading - Calling top-level assembler (0 / 1) : org.hibernate.sql.results.graph.entity.internal.EntityAssembler@15c27b45
10:24:18.110 [main] DEBUG org.hibernate.orm.results - Extracted JDBC value [0] - [56]
10:24:18.110 [main] DEBUG org.hibernate.orm.results.loading.entity - (EntityResultInitializer) Hydrated EntityKey (org.frcpm.models.Component(959674394932700)): 56
10:24:18.110 [main] DEBUG org.hibernate.orm.results.loading.org.hibernate.orm.results.loading.collection - (DelayedCollectionInitializer) Current row collection key : org.frcpm.models.Component(959674394932700).requiredForTasks#56
10:24:18.110 [main] DEBUG org.hibernate.orm.results.loading.entity - (EntityResultInitializer) Created new entity instance [org.frcpm.models.Component(959674394932700)#56] : 1098649288
10:24:18.110 [main] DEBUG org.hibernate.orm.results - Extracted JDBC value [1] - [null]
10:24:18.110 [main] DEBUG org.hibernate.orm.results - Extracted JDBC value [2] - [false]
10:24:18.110 [main] DEBUG org.hibernate.orm.results - Extracted JDBC value [3] - [Component 2 for association test]
10:24:18.110 [main] DEBUG org.hibernate.orm.results - Extracted JDBC value [4] - [2025-04-30]
10:24:18.110 [main] DEBUG org.hibernate.orm.results - Extracted JDBC value [5] - [Test Component Assoc 2]
10:24:18.110 [main] DEBUG org.hibernate.orm.results - Extracted JDBC value [6] - [TC-ASSOC2]
10:24:18.110 [main] DEBUG org.hibernate.orm.results.loading.entity - (EntityResultInitializer) Done materializing entityInstance : org.frcpm.models.Component(959674394932700)#56
10:24:18.110 [main] DEBUG org.hibernate.orm.results.loading - Calling top-level assembler (0 / 1) : org.hibernate.sql.results.graph.entity.internal.EntityAssembler@15c27b45
10:24:18.110 [main] DEBUG org.hibernate.orm.results - Extracted JDBC value [0] - [57]
10:24:18.110 [main] DEBUG org.hibernate.orm.results.loading.entity - (EntityResultInitializer) Hydrated EntityKey (org.frcpm.models.Component(959674394932700)): 57
10:24:18.110 [main] DEBUG org.hibernate.orm.results.loading.org.hibernate.orm.results.loading.collection - (DelayedCollectionInitializer) Current row collection key : org.frcpm.models.Component(959674394932700).requiredForTasks#57
10:24:18.110 [main] DEBUG org.hibernate.orm.results.loading.entity - (EntityResultInitializer) Created new entity instance [org.frcpm.models.Component(959674394932700)#57] : 1501601872
10:24:18.110 [main] DEBUG org.hibernate.orm.results - Extracted JDBC value [1] - [null]
10:24:18.110 [main] DEBUG org.hibernate.orm.results - Extracted JDBC value [2] - [false]
10:24:18.110 [main] DEBUG org.hibernate.orm.results - Extracted JDBC value [3] - [First test component description]
10:24:18.110 [main] DEBUG org.hibernate.orm.results - Extracted JDBC value [4] - [2025-04-30]
10:24:18.110 [main] DEBUG org.hibernate.orm.results - Extracted JDBC value [5] - [Test Component 1]
10:24:18.110 [main] DEBUG org.hibernate.orm.results - Extracted JDBC value [6] - [TC-001]
10:24:18.110 [main] DEBUG org.hibernate.orm.results.loading.entity - (EntityResultInitializer) Done materializing entityInstance : org.frcpm.models.Component(959674394932700)#57
10:24:18.110 [main] DEBUG org.hibernate.orm.results.loading - Calling top-level assembler (0 / 1) : org.hibernate.sql.results.graph.entity.internal.EntityAssembler@15c27b45
10:24:18.110 [main] DEBUG org.hibernate.orm.results - Extracted JDBC value [0] - [58]
10:24:18.110 [main] DEBUG org.hibernate.orm.results.loading.entity - (EntityResultInitializer) Hydrated EntityKey (org.frcpm.models.Component(959674394932700)): 58
10:24:18.110 [main] DEBUG org.hibernate.orm.results.loading.org.hibernate.orm.results.loading.collection - (DelayedCollectionInitializer) Current row collection key : org.frcpm.models.Component(959674394932700).requiredForTasks#58
10:24:18.110 [main] DEBUG org.hibernate.orm.results.loading.entity - (EntityResultInitializer) Created new entity instance [org.frcpm.models.Component(959674394932700)#58] : 1331028012
10:24:18.110 [main] DEBUG org.hibernate.orm.results - Extracted JDBC value [1] - [null]
10:24:18.110 [main] DEBUG org.hibernate.orm.results - Extracted JDBC value [2] - [false]
10:24:18.110 [main] DEBUG org.hibernate.orm.results - Extracted JDBC value [3] - [Second test component description]
10:24:18.110 [main] DEBUG org.hibernate.orm.results - Extracted JDBC value [4] - [2025-05-02]
10:24:18.110 [main] DEBUG org.hibernate.orm.results - Extracted JDBC value [5] - [Test Component 2]
10:24:18.110 [main] DEBUG org.hibernate.orm.results - Extracted JDBC value [6] - [TC-002]
10:24:18.110 [main] DEBUG org.hibernate.orm.results.loading.entity - (EntityResultInitializer) Done materializing entityInstance : org.frcpm.models.Component(959674394932700)#58
10:24:18.110 [main] DEBUG org.hibernate.orm.results.loading - Calling top-level assembler (0 / 1) : org.hibernate.sql.results.graph.entity.internal.EntityAssembler@15c27b45
10:24:18.110 [main] DEBUG org.hibernate.orm.results - Extracted JDBC value [0] - [59]
10:24:18.110 [main] DEBUG org.hibernate.orm.results.loading.entity - (EntityResultInitializer) Hydrated EntityKey (org.frcpm.models.Component(959674394932700)): 59
10:24:18.110 [main] DEBUG org.hibernate.orm.results.loading.org.hibernate.orm.results.loading.collection - (DelayedCollectionInitializer) Current row collection key : org.frcpm.models.Component(959674394932700).requiredForTasks#59
10:24:18.110 [main] DEBUG org.hibernate.orm.results.loading.entity - (EntityResultInitializer) Created new entity instance [org.frcpm.models.Component(959674394932700)#59] : 2086865518
10:24:18.110 [main] DEBUG org.hibernate.orm.results - Extracted JDBC value [1] - [2025-05-04]
10:24:18.110 [main] DEBUG org.hibernate.orm.results - Extracted JDBC value [2] - [true]
10:24:18.110 [main] DEBUG org.hibernate.orm.results - Extracted JDBC value [3] - [Third test component description]
10:24:18.110 [main] DEBUG org.hibernate.orm.results - Extracted JDBC value [4] - [2025-05-05]
10:24:18.110 [main] DEBUG org.hibernate.orm.results - Extracted JDBC value [5] - [Test Component 3]
10:24:18.110 [main] DEBUG org.hibernate.orm.results - Extracted JDBC value [6] - [TC-003]
10:24:18.110 [main] DEBUG org.hibernate.orm.results.loading.entity - (EntityResultInitializer) Done materializing entityInstance : org.frcpm.models.Component(959674394932700)#59
10:24:18.110 [main] DEBUG org.hibernate.orm.results.loading - Calling top-level assembler (0 / 1) : org.hibernate.sql.results.graph.entity.internal.EntityAssembler@15c27b45
10:24:18.110 [main] DEBUG org.hibernate.orm.results - Extracted JDBC value [0] - [60]
10:24:18.110 [main] DEBUG org.hibernate.orm.results.loading.entity - (EntityResultInitializer) Hydrated EntityKey (org.frcpm.models.Component(959674394932700)): 60
10:24:18.110 [main] DEBUG org.hibernate.orm.results.loading.org.hibernate.orm.results.loading.collection - (DelayedCollectionInitializer) Current row collection key : org.frcpm.models.Component(959674394932700).requiredForTasks#60
10:24:18.110 [main] DEBUG org.hibernate.orm.results.loading.entity - (EntityResultInitializer) Created new entity instance [org.frcpm.models.Component(959674394932700)#60] : 125401555
10:24:18.110 [main] DEBUG org.hibernate.orm.results - Extracted JDBC value [1] - [null]
10:24:18.110 [main] DEBUG org.hibernate.orm.results - Extracted JDBC value [2] - [false]
10:24:18.110 [main] DEBUG org.hibernate.orm.results - Extracted JDBC value [3] - [First test component description]
10:24:18.110 [main] DEBUG org.hibernate.orm.results - Extracted JDBC value [4] - [2025-04-30]
10:24:18.110 [main] DEBUG org.hibernate.orm.results - Extracted JDBC value [5] - [Test Component 1]
10:24:18.110 [main] DEBUG org.hibernate.orm.results - Extracted JDBC value [6] - [TC-001]
10:24:18.110 [main] DEBUG org.hibernate.orm.results.loading.entity - (EntityResultInitializer) Done materializing entityInstance : org.frcpm.models.Component(959674394932700)#60
10:24:18.110 [main] DEBUG org.hibernate.orm.results.loading - Calling top-level assembler (0 / 1) : org.hibernate.sql.results.graph.entity.internal.EntityAssembler@15c27b45
10:24:18.110 [main] DEBUG org.hibernate.orm.results - Extracted JDBC value [0] - [61]
10:24:18.110 [main] DEBUG org.hibernate.orm.results.loading.entity - (EntityResultInitializer) Hydrated EntityKey (org.frcpm.models.Component(959674394932700)): 61
10:24:18.110 [main] DEBUG org.hibernate.orm.results.loading.org.hibernate.orm.results.loading.collection - (DelayedCollectionInitializer) Current row collection key : org.frcpm.models.Component(959674394932700).requiredForTasks#61
10:24:18.110 [main] DEBUG org.hibernate.orm.results.loading.entity - (EntityResultInitializer) Created new entity instance [org.frcpm.models.Component(959674394932700)#61] : 775754632
10:24:18.110 [main] DEBUG org.hibernate.orm.results - Extracted JDBC value [1] - [null]
10:24:18.110 [main] DEBUG org.hibernate.orm.results - Extracted JDBC value [2] - [false]
10:24:18.110 [main] DEBUG org.hibernate.orm.results - Extracted JDBC value [3] - [Second test component description]
10:24:18.110 [main] DEBUG org.hibernate.orm.results - Extracted JDBC value [4] - [2025-05-02]
10:24:18.110 [main] DEBUG org.hibernate.orm.results - Extracted JDBC value [5] - [Test Component 2]
10:24:18.110 [main] DEBUG org.hibernate.orm.results - Extracted JDBC value [6] - [TC-002]
10:24:18.110 [main] DEBUG org.hibernate.orm.results.loading.entity - (EntityResultInitializer) Done materializing entityInstance : org.frcpm.models.Component(959674394932700)#61
10:24:18.110 [main] DEBUG org.hibernate.orm.results.loading - Calling top-level assembler (0 / 1) : org.hibernate.sql.results.graph.entity.internal.EntityAssembler@15c27b45
10:24:18.110 [main] DEBUG org.hibernate.orm.results - Extracted JDBC value [0] - [62]
10:24:18.110 [main] DEBUG org.hibernate.orm.results.loading.entity - (EntityResultInitializer) Hydrated EntityKey (org.frcpm.models.Component(959674394932700)): 62
10:24:18.110 [main] DEBUG org.hibernate.orm.results.loading.org.hibernate.orm.results.loading.collection - (DelayedCollectionInitializer) Current row collection key : org.frcpm.models.Component(959674394932700).requiredForTasks#62
10:24:18.110 [main] DEBUG org.hibernate.orm.results.loading.entity - (EntityResultInitializer) Created new entity instance [org.frcpm.models.Component(959674394932700)#62] : 1754109028
10:24:18.110 [main] DEBUG org.hibernate.orm.results - Extracted JDBC value [1] - [2025-05-04]
10:24:18.110 [main] DEBUG org.hibernate.orm.results - Extracted JDBC value [2] - [true]
10:24:18.110 [main] DEBUG org.hibernate.orm.results - Extracted JDBC value [3] - [Third test component description]
10:24:18.110 [main] DEBUG org.hibernate.orm.results - Extracted JDBC value [4] - [2025-05-05]
10:24:18.110 [main] DEBUG org.hibernate.orm.results - Extracted JDBC value [5] - [Test Component 3]
10:24:18.110 [main] DEBUG org.hibernate.orm.results - Extracted JDBC value [6] - [TC-003]
10:24:18.110 [main] DEBUG org.hibernate.orm.results.loading.entity - (EntityResultInitializer) Done materializing entityInstance : org.frcpm.models.Component(959674394932700)#62
10:24:18.110 [main] DEBUG org.hibernate.orm.results.loading - Calling top-level assembler (0 / 1) : org.hibernate.sql.results.graph.entity.internal.EntityAssembler@15c27b45
10:24:18.110 [main] DEBUG org.hibernate.orm.results - Extracted JDBC value [0] - [63]
10:24:18.110 [main] DEBUG org.hibernate.orm.results.loading.entity - (EntityResultInitializer) Hydrated EntityKey (org.frcpm.models.Component(959674394932700)): 63
10:24:18.110 [main] DEBUG org.hibernate.orm.results.loading.org.hibernate.orm.results.loading.collection - (DelayedCollectionInitializer) Current row collection key : org.frcpm.models.Component(959674394932700).requiredForTasks#63
10:24:18.110 [main] DEBUG org.hibernate.orm.results.loading.entity - (EntityResultInitializer) Created new entity instance [org.frcpm.models.Component(959674394932700)#63] : 772100523
10:24:18.110 [main] DEBUG org.hibernate.orm.results - Extracted JDBC value [1] - [null]
10:24:18.110 [main] DEBUG org.hibernate.orm.results - Extracted JDBC value [2] - [false]
10:24:18.110 [main] DEBUG org.hibernate.orm.results - Extracted JDBC value [3] - [null]
10:24:18.110 [main] DEBUG org.hibernate.orm.results - Extracted JDBC value [4] - [null]
10:24:18.110 [main] DEBUG org.hibernate.orm.results - Extracted JDBC value [5] - [Test Count Component]
10:24:18.110 [main] DEBUG org.hibernate.orm.results - Extracted JDBC value [6] - [TCC-001]
10:24:18.110 [main] DEBUG org.hibernate.orm.results.loading.entity - (EntityResultInitializer) Done materializing entityInstance : org.frcpm.models.Component(959674394932700)#63
10:24:18.110 [main] DEBUG org.hibernate.orm.results.loading - Calling top-level assembler (0 / 1) : org.hibernate.sql.results.graph.entity.internal.EntityAssembler@15c27b45
10:24:18.110 [main] DEBUG org.hibernate.orm.results - Extracted JDBC value [0] - [64]
10:24:18.110 [main] DEBUG org.hibernate.orm.results.loading.entity - (EntityResultInitializer) Hydrated EntityKey (org.frcpm.models.Component(959674394932700)): 64
10:24:18.110 [main] DEBUG org.hibernate.orm.results.loading.org.hibernate.orm.results.loading.collection - (DelayedCollectionInitializer) Current row collection key : org.frcpm.models.Component(959674394932700).requiredForTasks#64
10:24:18.110 [main] DEBUG org.hibernate.orm.results.loading.entity - (EntityResultInitializer) Created new entity instance [org.frcpm.models.Component(959674394932700)#64] : 947724271
10:24:18.110 [main] DEBUG org.hibernate.orm.results - Extracted JDBC value [1] - [null]
10:24:18.110 [main] DEBUG org.hibernate.orm.results - Extracted JDBC value [2] - [false]
10:24:18.110 [main] DEBUG org.hibernate.orm.results - Extracted JDBC value [3] - [First test component description]
10:24:18.110 [main] DEBUG org.hibernate.orm.results - Extracted JDBC value [4] - [2025-04-30]
10:24:18.110 [main] DEBUG org.hibernate.orm.results - Extracted JDBC value [5] - [Test Component 1]
10:24:18.110 [main] DEBUG org.hibernate.orm.results - Extracted JDBC value [6] - [TC-001]
10:24:18.110 [main] DEBUG org.hibernate.orm.results.loading.entity - (EntityResultInitializer) Done materializing entityInstance : org.frcpm.models.Component(959674394932700)#64
10:24:18.110 [main] DEBUG org.hibernate.orm.results.loading - Calling top-level assembler (0 / 1) : org.hibernate.sql.results.graph.entity.internal.EntityAssembler@15c27b45
10:24:18.110 [main] DEBUG org.hibernate.orm.results - Extracted JDBC value [0] - [65]
10:24:18.111 [main] DEBUG org.hibernate.orm.results.loading.entity - (EntityResultInitializer) Hydrated EntityKey (org.frcpm.models.Component(959674394932700)): 65
10:24:18.111 [main] DEBUG org.hibernate.orm.results.loading.org.hibernate.orm.results.loading.collection - (DelayedCollectionInitializer) Current row collection key : org.frcpm.models.Component(959674394932700).requiredForTasks#65
10:24:18.111 [main] DEBUG org.hibernate.orm.results.loading.entity - (EntityResultInitializer) Created new entity instance [org.frcpm.models.Component(959674394932700)#65] : 1100828354
10:24:18.111 [main] DEBUG org.hibernate.orm.results - Extracted JDBC value [1] - [null]
10:24:18.111 [main] DEBUG org.hibernate.orm.results - Extracted JDBC value [2] - [false]
10:24:18.111 [main] DEBUG org.hibernate.orm.results - Extracted JDBC value [3] - [Second test component description]
10:24:18.111 [main] DEBUG org.hibernate.orm.results - Extracted JDBC value [4] - [2025-05-02]
10:24:18.111 [main] DEBUG org.hibernate.orm.results - Extracted JDBC value [5] - [Test Component 2]
10:24:18.111 [main] DEBUG org.hibernate.orm.results - Extracted JDBC value [6] - [TC-002]
10:24:18.111 [main] DEBUG org.hibernate.orm.results.loading.entity - (EntityResultInitializer) Done materializing entityInstance : org.frcpm.models.Component(959674394932700)#65
10:24:18.111 [main] DEBUG org.hibernate.orm.results.loading - Calling top-level assembler (0 / 1) : org.hibernate.sql.results.graph.entity.internal.EntityAssembler@15c27b45
10:24:18.111 [main] DEBUG org.hibernate.orm.results - Extracted JDBC value [0] - [66]
10:24:18.111 [main] DEBUG org.hibernate.orm.results.loading.entity - (EntityResultInitializer) Hydrated EntityKey (org.frcpm.models.Component(959674394932700)): 66
10:24:18.111 [main] DEBUG org.hibernate.orm.results.loading.org.hibernate.orm.results.loading.collection - (DelayedCollectionInitializer) Current row collection key : org.frcpm.models.Component(959674394932700).requiredForTasks#66
10:24:18.111 [main] DEBUG org.hibernate.orm.results.loading.entity - (EntityResultInitializer) Created new entity instance [org.frcpm.models.Component(959674394932700)#66] : 286118733
10:24:18.111 [main] DEBUG org.hibernate.orm.results - Extracted JDBC value [1] - [2025-05-04]
10:24:18.111 [main] DEBUG org.hibernate.orm.results - Extracted JDBC value [2] - [true]
10:24:18.111 [main] DEBUG org.hibernate.orm.results - Extracted JDBC value [3] - [Third test component description]
10:24:18.111 [main] DEBUG org.hibernate.orm.results - Extracted JDBC value [4] - [2025-05-05]
10:24:18.111 [main] DEBUG org.hibernate.orm.results - Extracted JDBC value [5] - [Test Component 3]
10:24:18.111 [main] DEBUG org.hibernate.orm.results - Extracted JDBC value [6] - [TC-003]
10:24:18.111 [main] DEBUG org.hibernate.orm.results.loading.entity - (EntityResultInitializer) Done materializing entityInstance : org.frcpm.models.Component(959674394932700)#66
10:24:18.111 [main] DEBUG org.hibernate.orm.results.loading - Calling top-level assembler (0 / 1) : org.hibernate.sql.results.graph.entity.internal.EntityAssembler@15c27b45
10:24:18.111 [main] DEBUG org.hibernate.orm.results - Extracted JDBC value [0] - [67]
10:24:18.111 [main] DEBUG org.hibernate.orm.results.loading.entity - (EntityResultInitializer) Hydrated EntityKey (org.frcpm.models.Component(959674394932700)): 67
10:24:18.111 [main] DEBUG org.hibernate.orm.results.loading.org.hibernate.orm.results.loading.collection - (DelayedCollectionInitializer) Current row collection key : org.frcpm.models.Component(959674394932700).requiredForTasks#67
10:24:18.111 [main] DEBUG org.hibernate.orm.results.loading.entity - (EntityResultInitializer) Created new entity instance [org.frcpm.models.Component(959674394932700)#67] : 1906935736
10:24:18.111 [main] DEBUG org.hibernate.orm.results - Extracted JDBC value [1] - [null]
10:24:18.111 [main] DEBUG org.hibernate.orm.results - Extracted JDBC value [2] - [false]
10:24:18.111 [main] DEBUG org.hibernate.orm.results - Extracted JDBC value [3] - [Save component description]
10:24:18.111 [main] DEBUG org.hibernate.orm.results - Extracted JDBC value [4] - [2025-05-10]
10:24:18.111 [main] DEBUG org.hibernate.orm.results - Extracted JDBC value [5] - [Test Save Component]
10:24:18.111 [main] DEBUG org.hibernate.orm.results - Extracted JDBC value [6] - [TSC-001]
10:24:18.111 [main] DEBUG org.hibernate.orm.results.loading.entity - (EntityResultInitializer) Done materializing entityInstance : org.frcpm.models.Component(959674394932700)#67
10:24:18.111 [main] DEBUG org.hibernate.orm.results.loading - Calling top-level assembler (0 / 1) : org.hibernate.sql.results.graph.entity.internal.EntityAssembler@15c27b45
10:24:18.111 [main] DEBUG org.hibernate.orm.results - Extracted JDBC value [0] - [68]
10:24:18.111 [main] DEBUG org.hibernate.orm.results.loading.entity - (EntityResultInitializer) Hydrated EntityKey (org.frcpm.models.Component(959674394932700)): 68
10:24:18.111 [main] DEBUG org.hibernate.orm.results.loading.org.hibernate.orm.results.loading.collection - (DelayedCollectionInitializer) Current row collection key : org.frcpm.models.Component(959674394932700).requiredForTasks#68
10:24:18.111 [main] DEBUG org.hibernate.orm.results.loading.entity - (EntityResultInitializer) Created new entity instance [org.frcpm.models.Component(959674394932700)#68] : 911334012
10:24:18.111 [main] DEBUG org.hibernate.orm.results - Extracted JDBC value [1] - [null]
10:24:18.111 [main] DEBUG org.hibernate.orm.results - Extracted JDBC value [2] - [false]
10:24:18.111 [main] DEBUG org.hibernate.orm.results - Extracted JDBC value [3] - [First test component description]
10:24:18.111 [main] DEBUG org.hibernate.orm.results - Extracted JDBC value [4] - [2025-04-30]
10:24:18.111 [main] DEBUG org.hibernate.orm.results - Extracted JDBC value [5] - [Test Component 1]
10:24:18.111 [main] DEBUG org.hibernate.orm.results - Extracted JDBC value [6] - [TC-001]
10:24:18.111 [main] DEBUG org.hibernate.orm.results.loading.entity - (EntityResultInitializer) Done materializing entityInstance : org.frcpm.models.Component(959674394932700)#68
10:24:18.111 [main] DEBUG org.hibernate.orm.results.loading - Calling top-level assembler (0 / 1) : org.hibernate.sql.results.graph.entity.internal.EntityAssembler@15c27b45
10:24:18.111 [main] DEBUG org.hibernate.orm.results - Extracted JDBC value [0] - [69]
10:24:18.111 [main] DEBUG org.hibernate.orm.results.loading.entity - (EntityResultInitializer) Hydrated EntityKey (org.frcpm.models.Component(959674394932700)): 69
10:24:18.111 [main] DEBUG org.hibernate.orm.results.loading.org.hibernate.orm.results.loading.collection - (DelayedCollectionInitializer) Current row collection key : org.frcpm.models.Component(959674394932700).requiredForTasks#69
10:24:18.111 [main] DEBUG org.hibernate.orm.results.loading.entity - (EntityResultInitializer) Created new entity instance [org.frcpm.models.Component(959674394932700)#69] : 407492717
10:24:18.112 [main] DEBUG org.hibernate.orm.results - Extracted JDBC value [1] - [null]
10:24:18.112 [main] DEBUG org.hibernate.orm.results - Extracted JDBC value [2] - [false]
10:24:18.112 [main] DEBUG org.hibernate.orm.results - Extracted JDBC value [3] - [Second test component description]
10:24:18.112 [main] DEBUG org.hibernate.orm.results - Extracted JDBC value [4] - [2025-05-02]
10:24:18.112 [main] DEBUG org.hibernate.orm.results - Extracted JDBC value [5] - [Test Component 2]
10:24:18.112 [main] DEBUG org.hibernate.orm.results - Extracted JDBC value [6] - [TC-002]
10:24:18.112 [main] DEBUG org.hibernate.orm.results.loading.entity - (EntityResultInitializer) Done materializing entityInstance : org.frcpm.models.Component(959674394932700)#69
10:24:18.112 [main] DEBUG org.hibernate.orm.results.loading - Calling top-level assembler (0 / 1) : org.hibernate.sql.results.graph.entity.internal.EntityAssembler@15c27b45
10:24:18.112 [main] DEBUG org.hibernate.orm.results - Extracted JDBC value [0] - [70]
10:24:18.112 [main] DEBUG org.hibernate.orm.results.loading.entity - (EntityResultInitializer) Hydrated EntityKey (org.frcpm.models.Component(959674394932700)): 70
10:24:18.112 [main] DEBUG org.hibernate.orm.results.loading.org.hibernate.orm.results.loading.collection - (DelayedCollectionInitializer) Current row collection key : org.frcpm.models.Component(959674394932700).requiredForTasks#70
10:24:18.112 [main] DEBUG org.hibernate.orm.results.loading.entity - (EntityResultInitializer) Created new entity instance [org.frcpm.models.Component(959674394932700)#70] : 640787401
10:24:18.112 [main] DEBUG org.hibernate.orm.results - Extracted JDBC value [1] - [2025-05-04]
10:24:18.112 [main] DEBUG org.hibernate.orm.results - Extracted JDBC value [2] - [true]
10:24:18.112 [main] DEBUG org.hibernate.orm.results - Extracted JDBC value [3] - [Third test component description]
10:24:18.112 [main] DEBUG org.hibernate.orm.results - Extracted JDBC value [4] - [2025-05-05]
10:24:18.112 [main] DEBUG org.hibernate.orm.results - Extracted JDBC value [5] - [Test Component 3]
10:24:18.112 [main] DEBUG org.hibernate.orm.results - Extracted JDBC value [6] - [TC-003]
10:24:18.112 [main] DEBUG org.hibernate.orm.results.loading.entity - (EntityResultInitializer) Done materializing entityInstance : org.frcpm.models.Component(959674394932700)#70
10:24:18.112 [main] DEBUG org.hibernate.orm.results.loading - Calling top-level assembler (0 / 1) : org.hibernate.sql.results.graph.entity.internal.EntityAssembler@15c27b45
10:24:18.112 [main] DEBUG org.hibernate.orm.results - Extracted JDBC value [0] - [71]
10:24:18.112 [main] DEBUG org.hibernate.orm.results.loading.entity - (EntityResultInitializer) Hydrated EntityKey (org.frcpm.models.Component(959674394932700)): 71
10:24:18.112 [main] DEBUG org.hibernate.orm.results.loading.org.hibernate.orm.results.loading.collection - (DelayedCollectionInitializer) Current row collection key : org.frcpm.models.Component(959674394932700).requiredForTasks#71
10:24:18.112 [main] DEBUG org.hibernate.orm.results.loading.entity - (EntityResultInitializer) Created new entity instance [org.frcpm.models.Component(959674394932700)#71] : 1431403378
10:24:18.112 [main] DEBUG org.hibernate.orm.results - Extracted JDBC value [1] - [null]
10:24:18.112 [main] DEBUG org.hibernate.orm.results - Extracted JDBC value [2] - [false]
10:24:18.112 [main] DEBUG org.hibernate.orm.results - Extracted JDBC value [3] - [First test component description]
10:24:18.112 [main] DEBUG org.hibernate.orm.results - Extracted JDBC value [4] - [2025-04-30]
10:24:18.112 [main] DEBUG org.hibernate.orm.results - Extracted JDBC value [5] - [Test Component 1]
10:24:18.112 [main] DEBUG org.hibernate.orm.results - Extracted JDBC value [6] - [TC-001]
10:24:18.112 [main] DEBUG org.hibernate.orm.results.loading.entity - (EntityResultInitializer) Done materializing entityInstance : org.frcpm.models.Component(959674394932700)#71
10:24:18.112 [main] DEBUG org.hibernate.orm.results.loading - Calling top-level assembler (0 / 1) : org.hibernate.sql.results.graph.entity.internal.EntityAssembler@15c27b45
10:24:18.112 [main] DEBUG org.hibernate.orm.results - Extracted JDBC value [0] - [72]
10:24:18.112 [main] DEBUG org.hibernate.orm.results.loading.entity - (EntityResultInitializer) Hydrated EntityKey (org.frcpm.models.Component(959674394932700)): 72
10:24:18.112 [main] DEBUG org.hibernate.orm.results.loading.org.hibernate.orm.results.loading.collection - (DelayedCollectionInitializer) Current row collection key : org.frcpm.models.Component(959674394932700).requiredForTasks#72
10:24:18.112 [main] DEBUG org.hibernate.orm.results.loading.entity - (EntityResultInitializer) Created new entity instance [org.frcpm.models.Component(959674394932700)#72] : 945460919
10:24:18.112 [main] DEBUG org.hibernate.orm.results - Extracted JDBC value [1] - [null]
10:24:18.112 [main] DEBUG org.hibernate.orm.results - Extracted JDBC value [2] - [false]
10:24:18.112 [main] DEBUG org.hibernate.orm.results - Extracted JDBC value [3] - [Second test component description]
10:24:18.112 [main] DEBUG org.hibernate.orm.results - Extracted JDBC value [4] - [2025-05-02]
10:24:18.112 [main] DEBUG org.hibernate.orm.results - Extracted JDBC value [5] - [Test Component 2]
10:24:18.112 [main] DEBUG org.hibernate.orm.results - Extracted JDBC value [6] - [TC-002]
10:24:18.112 [main] DEBUG org.hibernate.orm.results.loading.entity - (EntityResultInitializer) Done materializing entityInstance : org.frcpm.models.Component(959674394932700)#72
10:24:18.112 [main] DEBUG org.hibernate.orm.results.loading - Calling top-level assembler (0 / 1) : org.hibernate.sql.results.graph.entity.internal.EntityAssembler@15c27b45
10:24:18.112 [main] DEBUG org.hibernate.orm.results - Extracted JDBC value [0] - [73]
10:24:18.112 [main] DEBUG org.hibernate.orm.results.loading.entity - (EntityResultInitializer) Hydrated EntityKey (org.frcpm.models.Component(959674394932700)): 73
10:24:18.112 [main] DEBUG org.hibernate.orm.results.loading.org.hibernate.orm.results.loading.collection - (DelayedCollectionInitializer) Current row collection key : org.frcpm.models.Component(959674394932700).requiredForTasks#73
10:24:18.112 [main] DEBUG org.hibernate.orm.results.loading.entity - (EntityResultInitializer) Created new entity instance [org.frcpm.models.Component(959674394932700)#73] : 266651900
10:24:18.112 [main] DEBUG org.hibernate.orm.results - Extracted JDBC value [1] - [2025-05-04]
10:24:18.112 [main] DEBUG org.hibernate.orm.results - Extracted JDBC value [2] - [true]
10:24:18.112 [main] DEBUG org.hibernate.orm.results - Extracted JDBC value [3] - [Third test component description]
10:24:18.112 [main] DEBUG org.hibernate.orm.results - Extracted JDBC value [4] - [2025-05-05]
10:24:18.112 [main] DEBUG org.hibernate.orm.results - Extracted JDBC value [5] - [Test Component 3]
10:24:18.112 [main] DEBUG org.hibernate.orm.results - Extracted JDBC value [6] - [TC-003]
10:24:18.112 [main] DEBUG org.hibernate.orm.results.loading.entity - (EntityResultInitializer) Done materializing entityInstance : org.frcpm.models.Component(959674394932700)#73
10:24:18.112 [main] DEBUG org.hibernate.orm.results.loading - Calling top-level assembler (0 / 1) : org.hibernate.sql.results.graph.entity.internal.EntityAssembler@15c27b45
10:24:18.112 [main] DEBUG org.hibernate.resource.jdbc.internal.LogicalConnectionManagedImpl - Initiating JDBC connection release from afterTransaction
10:24:18.112 [main] DEBUG org.hibernate.resource.jdbc.internal.LogicalConnectionManagedImpl - Initiating JDBC connection release from afterTransaction
10:24:18.112 [main] DEBUG org.hibernate.engine.transaction.internal.TransactionImpl - On TransactionImpl creation, JpaCompliance#isJpaTransactionComplianceEnabled == false
10:24:18.112 [main] DEBUG org.hibernate.engine.transaction.internal.TransactionImpl - begin
10:24:18.113 [main] DEBUG org.hibernate.orm.sql.exec - Skipping reading Query result cache data: cache-enabled = false, cache-mode = IGNORE
10:24:18.113 [main] DEBUG org.hibernate.orm.results - Initializer list:
	  org.frcpm.models.Component -> EntityResultInitializer(org.frcpm.models.Component)@48196764 (SingleTableEntityPersister(org.frcpm.models.Component))
	  org.frcpm.models.Component.requiredForTasks -> DelayedCollectionInitializer(org.frcpm.models.Component.requiredForTasks)@1445031215 (PluralAttribute(org.frcpm.models.Component.requiredForTasks))

10:24:18.113 [main] DEBUG org.hibernate.SQL - select c1_0.id,c1_0.actual_delivery,c1_0.is_delivered,c1_0.description,c1_0.expected_delivery,c1_0.name,c1_0.part_number from components c1_0 where c1_0.id=?
10:24:18.113 [main] DEBUG org.hibernate.orm.results.loading.entity - (EntityResultInitializer) Hydrated EntityKey (org.frcpm.models.Component): 55
10:24:18.113 [main] DEBUG org.hibernate.orm.results.loading.org.hibernate.orm.results.loading.collection - (DelayedCollectionInitializer) Current row collection key : org.frcpm.models.Component.requiredForTasks#55
10:24:18.113 [main] DEBUG org.hibernate.orm.results.loading.entity - (EntityResultInitializer) Created new entity instance [org.frcpm.models.Component#55] : 230178891
10:24:18.113 [main] DEBUG org.hibernate.orm.results - Extracted JDBC value [1] - [null]
10:24:18.113 [main] DEBUG org.hibernate.orm.results - Extracted JDBC value [2] - [false]
10:24:18.113 [main] DEBUG org.hibernate.orm.results - Extracted JDBC value [3] - [Component 1 for association test]
10:24:18.113 [main] DEBUG org.hibernate.orm.results - Extracted JDBC value [4] - [2025-04-28]
10:24:18.113 [main] DEBUG org.hibernate.orm.results - Extracted JDBC value [5] - [Test Component Assoc 1]
10:24:18.113 [main] DEBUG org.hibernate.orm.results - Extracted JDBC value [6] - [TC-ASSOC1]
10:24:18.113 [main] DEBUG org.hibernate.orm.results.loading.entity - (EntityResultInitializer) Done materializing entityInstance : org.frcpm.models.Component#55
10:24:18.113 [main] DEBUG org.hibernate.orm.results.loading - Calling top-level assembler (0 / 1) : org.hibernate.sql.results.graph.entity.internal.EntityAssembler@704748f8
10:24:18.114 [main] DEBUG org.hibernate.engine.transaction.internal.TransactionImpl - committing
10:24:18.114 [main] DEBUG org.hibernate.event.internal.AbstractFlushingEventListener - Processing flush-time cascades
10:24:18.114 [main] DEBUG org.hibernate.event.internal.AbstractFlushingEventListener - Dirty checking collections
10:24:18.114 [main] DEBUG org.hibernate.engine.internal.Collections - Collection dereferenced: [org.frcpm.models.Component.requiredForTasks#55]
10:24:18.114 [main] DEBUG org.hibernate.event.internal.AbstractFlushingEventListener - Flushed: 0 insertions, 0 updates, 1 deletions to 1 objects
10:24:18.114 [main] DEBUG org.hibernate.event.internal.AbstractFlushingEventListener - Flushed: 0 (re)creations, 0 updates, 1 removals to 1 collections
10:24:18.114 [main] DEBUG org.hibernate.internal.util.EntityPrinter - Listing entities:
10:24:18.114 [main] DEBUG org.hibernate.internal.util.EntityPrinter - org.frcpm.models.Component{expectedDelivery=2025-04-28, requiredForTasks=<uninitialized>, name=Test Component Assoc 1, actualDelivery=null, description=Component 1 for association test, delivered=false, partNumber=TC-ASSOC1, id=55}
10:24:18.114 [main] DEBUG org.hibernate.SQL - delete from components where id=?
10:24:18.115 [main] INFO org.hibernate.orm.jdbc.batch - HHH100503: On release of batch it still contained JDBC statements
10:24:18.115 [main] ERROR org.hibernate.orm.jdbc.batch - HHH100501: Exception executing batch [org.h2.jdbc.JdbcBatchUpdateException: Referential integrity constraint violation: "FK5IRPAISPCX79XWY6N1QOMAXNV: PUBLIC.TASK_COMPONENTS FOREIGN KEY(COMPONENT_ID) REFERENCES PUBLIC.COMPONENTS(ID) (CAST(55 AS BIGINT))"; SQL statement:
delete from components where id=? [23503-224]], SQL: delete from components where id=?
10:24:18.115 [main] DEBUG org.hibernate.engine.jdbc.spi.SqlExceptionHelper - could not execute batch [delete from components where id=?]
org.h2.jdbc.JdbcBatchUpdateException: Referential integrity constraint violation: "FK5IRPAISPCX79XWY6N1QOMAXNV: PUBLIC.TASK_COMPONENTS FOREIGN KEY(COMPONENT_ID) REFERENCES PUBLIC.COMPONENTS(ID) (CAST(55 AS BIGINT))"; SQL statement:
delete from components where id=? [23503-224]
	at org.h2.jdbc.JdbcPreparedStatement.executeBatch(JdbcPreparedStatement.java:1282)
	at com.zaxxer.hikari.pool.ProxyStatement.executeBatch(ProxyStatement.java:127)
	at com.zaxxer.hikari.pool.HikariProxyPreparedStatement.executeBatch(HikariProxyPreparedStatement.java)
	at org.hibernate.engine.jdbc.batch.internal.BatchImpl.lambda$performExecution$2(BatchImpl.java:279)
	at org.hibernate.engine.jdbc.mutation.internal.PreparedStatementGroupSingleTable.forEachStatement(PreparedStatementGroupSingleTable.java:67)
	at org.hibernate.engine.jdbc.batch.internal.BatchImpl.performExecution(BatchImpl.java:264)
	at org.hibernate.engine.jdbc.batch.internal.BatchImpl.execute(BatchImpl.java:242)
	at org.hibernate.engine.jdbc.internal.JdbcCoordinatorImpl.executeBatch(JdbcCoordinatorImpl.java:188)
	at org.hibernate.engine.spi.ActionQueue.executeActions(ActionQueue.java:662)
	at org.hibernate.engine.spi.ActionQueue.executeActions(ActionQueue.java:499)
	at org.hibernate.event.internal.AbstractFlushingEventListener.performExecutions(AbstractFlushingEventListener.java:371)
	at org.hibernate.event.internal.DefaultFlushEventListener.onFlush(DefaultFlushEventListener.java:41)
	at org.hibernate.event.service.internal.EventListenerGroupImpl.fireEventOnEachListener(EventListenerGroupImpl.java:127)
	at org.hibernate.internal.SessionImpl.doFlush(SessionImpl.java:1425)
	at org.hibernate.internal.SessionImpl.managedFlush(SessionImpl.java:487)
	at org.hibernate.internal.SessionImpl.flushBeforeTransactionCompletion(SessionImpl.java:2324)
	at org.hibernate.internal.SessionImpl.beforeTransactionCompletion(SessionImpl.java:1981)
	at org.hibernate.engine.jdbc.internal.JdbcCoordinatorImpl.beforeTransactionCompletion(JdbcCoordinatorImpl.java:439)
	at org.hibernate.resource.transaction.backend.jdbc.internal.JdbcResourceLocalTransactionCoordinatorImpl.beforeCompletionCallback(JdbcResourceLocalTransactionCoordinatorImpl.java:169)
	at org.hibernate.resource.transaction.backend.jdbc.internal.JdbcResourceLocalTransactionCoordinatorImpl$TransactionDriverControlImpl.commit(JdbcResourceLocalTransactionCoordinatorImpl.java:267)
	at org.hibernate.engine.transaction.internal.TransactionImpl.commit(TransactionImpl.java:101)
	at org.frcpm.repositories.impl.JpaRepositoryImpl.delete(JpaRepositoryImpl.java:165)
	at org.frcpm.repositories.ComponentRepositoryTest.cleanupTestComponents(ComponentRepositoryTest.java:63)
	at org.frcpm.repositories.ComponentRepositoryTest.tearDown(ComponentRepositoryTest.java:35)
	at java.base/jdk.internal.reflect.DirectMethodHandleAccessor.invoke(DirectMethodHandleAccessor.java:103)
	at java.base/java.lang.reflect.Method.invoke(Method.java:580)
	at org.junit.platform.commons.util.ReflectionUtils.invokeMethod(ReflectionUtils.java:728)
	at org.junit.jupiter.engine.execution.MethodInvocation.proceed(MethodInvocation.java:60)
	at org.junit.jupiter.engine.execution.InvocationInterceptorChain$ValidatingInvocation.proceed(InvocationInterceptorChain.java:131)
	at org.junit.jupiter.engine.extension.TimeoutExtension.intercept(TimeoutExtension.java:156)
	at org.junit.jupiter.engine.extension.TimeoutExtension.interceptLifecycleMethod(TimeoutExtension.java:128)
	at org.junit.jupiter.engine.extension.TimeoutExtension.interceptAfterEachMethod(TimeoutExtension.java:110)
	at org.junit.jupiter.engine.execution.InterceptingExecutableInvoker$ReflectiveInterceptorCall.lambda$ofVoidMethod$0(InterceptingExecutableInvoker.java:103)
	at org.junit.jupiter.engine.execution.InterceptingExecutableInvoker.lambda$invoke$0(InterceptingExecutableInvoker.java:93)
	at org.junit.jupiter.engine.execution.InvocationInterceptorChain$InterceptedInvocation.proceed(InvocationInterceptorChain.java:106)
	at org.junit.jupiter.engine.execution.InvocationInterceptorChain.proceed(InvocationInterceptorChain.java:64)
	at org.junit.jupiter.engine.execution.InvocationInterceptorChain.chainAndInvoke(InvocationInterceptorChain.java:45)
	at org.junit.jupiter.engine.execution.InvocationInterceptorChain.invoke(InvocationInterceptorChain.java:37)
	at org.junit.jupiter.engine.execution.InterceptingExecutableInvoker.invoke(InterceptingExecutableInvoker.java:92)
	at org.junit.jupiter.engine.execution.InterceptingExecutableInvoker.invoke(InterceptingExecutableInvoker.java:86)
	at org.junit.jupiter.engine.descriptor.ClassBasedTestDescriptor.invokeMethodInExtensionContext(ClassBasedTestDescriptor.java:521)
	at org.junit.jupiter.engine.descriptor.ClassBasedTestDescriptor.lambda$synthesizeAfterEachMethodAdapter$24(ClassBasedTestDescriptor.java:511)
	at org.junit.jupiter.engine.descriptor.TestMethodTestDescriptor.lambda$invokeAfterEachMethods$10(TestMethodTestDescriptor.java:244)
	at org.junit.jupiter.engine.descriptor.TestMethodTestDescriptor.lambda$invokeAllAfterMethodsOrCallbacks$13(TestMethodTestDescriptor.java:277)
	at org.junit.platform.engine.support.hierarchical.ThrowableCollector.execute(ThrowableCollector.java:73)
	at org.junit.jupiter.engine.descriptor.TestMethodTestDescriptor.lambda$invokeAllAfterMethodsOrCallbacks$14(TestMethodTestDescriptor.java:277)
	at org.junit.platform.commons.util.CollectionUtils.forEachInReverseOrder(CollectionUtils.java:217)
	at org.junit.jupiter.engine.descriptor.TestMethodTestDescriptor.invokeAllAfterMethodsOrCallbacks(TestMethodTestDescriptor.java:276)
	at org.junit.jupiter.engine.descriptor.TestMethodTestDescriptor.invokeAfterEachMethods(TestMethodTestDescriptor.java:242)
	at org.junit.jupiter.engine.descriptor.TestMethodTestDescriptor.execute(TestMethodTestDescriptor.java:143)
	at org.junit.jupiter.engine.descriptor.TestMethodTestDescriptor.execute(TestMethodTestDescriptor.java:69)
	at org.junit.platform.engine.support.hierarchical.NodeTestTask.lambda$executeRecursively$6(NodeTestTask.java:151)
	at org.junit.platform.engine.support.hierarchical.ThrowableCollector.execute(ThrowableCollector.java:73)
	at org.junit.platform.engine.support.hierarchical.NodeTestTask.lambda$executeRecursively$8(NodeTestTask.java:141)
	at org.junit.platform.engine.support.hierarchical.Node.around(Node.java:137)
	at org.junit.platform.engine.support.hierarchical.NodeTestTask.lambda$executeRecursively$9(NodeTestTask.java:139)
	at org.junit.platform.engine.support.hierarchical.ThrowableCollector.execute(ThrowableCollector.java:73)
	at org.junit.platform.engine.support.hierarchical.NodeTestTask.executeRecursively(NodeTestTask.java:138)
	at org.junit.platform.engine.support.hierarchical.NodeTestTask.execute(NodeTestTask.java:95)
	at java.base/java.util.ArrayList.forEach(ArrayList.java:1596)
	at org.junit.platform.engine.support.hierarchical.SameThreadHierarchicalTestExecutorService.invokeAll(SameThreadHierarchicalTestExecutorService.java:41)
	at org.junit.platform.engine.support.hierarchical.NodeTestTask.lambda$executeRecursively$6(NodeTestTask.java:155)
	at org.junit.platform.engine.support.hierarchical.ThrowableCollector.execute(ThrowableCollector.java:73)
	at org.junit.platform.engine.support.hierarchical.NodeTestTask.lambda$executeRecursively$8(NodeTestTask.java:141)
	at org.junit.platform.engine.support.hierarchical.Node.around(Node.java:137)
	at org.junit.platform.engine.support.hierarchical.NodeTestTask.lambda$executeRecursively$9(NodeTestTask.java:139)
	at org.junit.platform.engine.support.hierarchical.ThrowableCollector.execute(ThrowableCollector.java:73)
	at org.junit.platform.engine.support.hierarchical.NodeTestTask.executeRecursively(NodeTestTask.java:138)
	at org.junit.platform.engine.support.hierarchical.NodeTestTask.execute(NodeTestTask.java:95)
	at java.base/java.util.ArrayList.forEach(ArrayList.java:1596)
	at org.junit.platform.engine.support.hierarchical.SameThreadHierarchicalTestExecutorService.invokeAll(SameThreadHierarchicalTestExecutorService.java:41)
	at org.junit.platform.engine.support.hierarchical.NodeTestTask.lambda$executeRecursively$6(NodeTestTask.java:155)
	at org.junit.platform.engine.support.hierarchical.ThrowableCollector.execute(ThrowableCollector.java:73)
	at org.junit.platform.engine.support.hierarchical.NodeTestTask.lambda$executeRecursively$8(NodeTestTask.java:141)
	at org.junit.platform.engine.support.hierarchical.Node.around(Node.java:137)
	at org.junit.platform.engine.support.hierarchical.NodeTestTask.lambda$executeRecursively$9(NodeTestTask.java:139)
	at org.junit.platform.engine.support.hierarchical.ThrowableCollector.execute(ThrowableCollector.java:73)
	at org.junit.platform.engine.support.hierarchical.NodeTestTask.executeRecursively(NodeTestTask.java:138)
	at org.junit.platform.engine.support.hierarchical.NodeTestTask.execute(NodeTestTask.java:95)
	at org.junit.platform.engine.support.hierarchical.SameThreadHierarchicalTestExecutorService.submit(SameThreadHierarchicalTestExecutorService.java:35)
	at org.junit.platform.engine.support.hierarchical.HierarchicalTestExecutor.execute(HierarchicalTestExecutor.java:57)
	at org.junit.platform.engine.support.hierarchical.HierarchicalTestEngine.execute(HierarchicalTestEngine.java:54)
	at org.junit.platform.launcher.core.EngineExecutionOrchestrator.execute(EngineExecutionOrchestrator.java:198)
	at org.junit.platform.launcher.core.EngineExecutionOrchestrator.execute(EngineExecutionOrchestrator.java:169)
	at org.junit.platform.launcher.core.EngineExecutionOrchestrator.execute(EngineExecutionOrchestrator.java:93)
	at org.junit.platform.launcher.core.EngineExecutionOrchestrator.lambda$execute$0(EngineExecutionOrchestrator.java:58)
	at org.junit.platform.launcher.core.EngineExecutionOrchestrator.withInterceptedStreams(EngineExecutionOrchestrator.java:141)
	at org.junit.platform.launcher.core.EngineExecutionOrchestrator.execute(EngineExecutionOrchestrator.java:57)
	at org.junit.platform.launcher.core.DefaultLauncher.execute(DefaultLauncher.java:103)
	at org.junit.platform.launcher.core.DefaultLauncher.execute(DefaultLauncher.java:85)
	at org.junit.platform.launcher.core.DelegatingLauncher.execute(DelegatingLauncher.java:47)
	at org.apache.maven.surefire.junitplatform.LazyLauncher.execute(LazyLauncher.java:56)
	at org.apache.maven.surefire.junitplatform.JUnitPlatformProvider.execute(JUnitPlatformProvider.java:184)
	at org.apache.maven.surefire.junitplatform.JUnitPlatformProvider.invokeAllTests(JUnitPlatformProvider.java:148)
	at org.apache.maven.surefire.junitplatform.JUnitPlatformProvider.invoke(JUnitPlatformProvider.java:122)
	at org.apache.maven.surefire.booter.ForkedBooter.runSuitesInProcess(ForkedBooter.java:385)
	at org.apache.maven.surefire.booter.ForkedBooter.execute(ForkedBooter.java:162)
	at org.apache.maven.surefire.booter.ForkedBooter.run(ForkedBooter.java:507)
	at org.apache.maven.surefire.booter.ForkedBooter.main(ForkedBooter.java:495)
10:24:18.115 [main] WARN org.hibernate.engine.jdbc.spi.SqlExceptionHelper - SQL Error: 23503, SQLState: 23503
10:24:18.115 [main] ERROR org.hibernate.engine.jdbc.spi.SqlExceptionHelper - Referential integrity constraint violation: "FK5IRPAISPCX79XWY6N1QOMAXNV: PUBLIC.TASK_COMPONENTS FOREIGN KEY(COMPONENT_ID) REFERENCES PUBLIC.COMPONENTS(ID) (CAST(55 AS BIGINT))"; SQL statement:
delete from components where id=? [23503-224]
10:24:18.115 [main] DEBUG org.hibernate.orm.jdbc.batch - PreparedStatementDetails did not contain PreparedStatement on #releaseStatements : delete from components where id=?
10:24:18.115 [main] DEBUG org.hibernate.orm.jdbc.batch - PreparedStatementDetails did not contain PreparedStatement on #releaseStatements : delete from components where id=?
10:24:18.116 [main] DEBUG org.hibernate.resource.transaction.backend.jdbc.internal.JdbcResourceLocalTransactionCoordinatorImpl - JDBC transaction marked for rollback-only (exception provided for stack trace)
java.lang.Exception: exception just for purpose of providing stack trace
	at org.hibernate.resource.transaction.backend.jdbc.internal.JdbcResourceLocalTransactionCoordinatorImpl$TransactionDriverControlImpl.markRollbackOnly(JdbcResourceLocalTransactionCoordinatorImpl.java:309)
	at org.hibernate.engine.transaction.internal.TransactionImpl.markRollbackOnly(TransactionImpl.java:203)
	at org.hibernate.internal.AbstractSharedSessionContract.markForRollbackOnly(AbstractSharedSessionContract.java:512)
	at org.hibernate.internal.ExceptionConverterImpl.rollbackIfNecessary(ExceptionConverterImpl.java:264)
	at org.hibernate.internal.ExceptionConverterImpl.convert(ExceptionConverterImpl.java:160)
	at org.hibernate.internal.ExceptionConverterImpl.convert(ExceptionConverterImpl.java:167)
	at org.hibernate.internal.ExceptionConverterImpl.convert(ExceptionConverterImpl.java:173)
	at org.hibernate.internal.SessionImpl.doFlush(SessionImpl.java:1429)
	at org.hibernate.internal.SessionImpl.managedFlush(SessionImpl.java:487)
	at org.hibernate.internal.SessionImpl.flushBeforeTransactionCompletion(SessionImpl.java:2324)
	at org.hibernate.internal.SessionImpl.beforeTransactionCompletion(SessionImpl.java:1981)
	at org.hibernate.engine.jdbc.internal.JdbcCoordinatorImpl.beforeTransactionCompletion(JdbcCoordinatorImpl.java:439)
	at org.hibernate.resource.transaction.backend.jdbc.internal.JdbcResourceLocalTransactionCoordinatorImpl.beforeCompletionCallback(JdbcResourceLocalTransactionCoordinatorImpl.java:169)
	at org.hibernate.resource.transaction.backend.jdbc.internal.JdbcResourceLocalTransactionCoordinatorImpl$TransactionDriverControlImpl.commit(JdbcResourceLocalTransactionCoordinatorImpl.java:267)
	at org.hibernate.engine.transaction.internal.TransactionImpl.commit(TransactionImpl.java:101)
	at org.frcpm.repositories.impl.JpaRepositoryImpl.delete(JpaRepositoryImpl.java:165)
	at org.frcpm.repositories.ComponentRepositoryTest.cleanupTestComponents(ComponentRepositoryTest.java:63)
	at org.frcpm.repositories.ComponentRepositoryTest.tearDown(ComponentRepositoryTest.java:35)
	at java.base/jdk.internal.reflect.DirectMethodHandleAccessor.invoke(DirectMethodHandleAccessor.java:103)
	at java.base/java.lang.reflect.Method.invoke(Method.java:580)
	at org.junit.platform.commons.util.ReflectionUtils.invokeMethod(ReflectionUtils.java:728)
	at org.junit.jupiter.engine.execution.MethodInvocation.proceed(MethodInvocation.java:60)
	at org.junit.jupiter.engine.execution.InvocationInterceptorChain$ValidatingInvocation.proceed(InvocationInterceptorChain.java:131)
	at org.junit.jupiter.engine.extension.TimeoutExtension.intercept(TimeoutExtension.java:156)
	at org.junit.jupiter.engine.extension.TimeoutExtension.interceptLifecycleMethod(TimeoutExtension.java:128)
	at org.junit.jupiter.engine.extension.TimeoutExtension.interceptAfterEachMethod(TimeoutExtension.java:110)
	at org.junit.jupiter.engine.execution.InterceptingExecutableInvoker$ReflectiveInterceptorCall.lambda$ofVoidMethod$0(InterceptingExecutableInvoker.java:103)
	at org.junit.jupiter.engine.execution.InterceptingExecutableInvoker.lambda$invoke$0(InterceptingExecutableInvoker.java:93)
	at org.junit.jupiter.engine.execution.InvocationInterceptorChain$InterceptedInvocation.proceed(InvocationInterceptorChain.java:106)
	at org.junit.jupiter.engine.execution.InvocationInterceptorChain.proceed(InvocationInterceptorChain.java:64)
	at org.junit.jupiter.engine.execution.InvocationInterceptorChain.chainAndInvoke(InvocationInterceptorChain.java:45)
	at org.junit.jupiter.engine.execution.InvocationInterceptorChain.invoke(InvocationInterceptorChain.java:37)
	at org.junit.jupiter.engine.execution.InterceptingExecutableInvoker.invoke(InterceptingExecutableInvoker.java:92)
	at org.junit.jupiter.engine.execution.InterceptingExecutableInvoker.invoke(InterceptingExecutableInvoker.java:86)
	at org.junit.jupiter.engine.descriptor.ClassBasedTestDescriptor.invokeMethodInExtensionContext(ClassBasedTestDescriptor.java:521)
	at org.junit.jupiter.engine.descriptor.ClassBasedTestDescriptor.lambda$synthesizeAfterEachMethodAdapter$24(ClassBasedTestDescriptor.java:511)
	at org.junit.jupiter.engine.descriptor.TestMethodTestDescriptor.lambda$invokeAfterEachMethods$10(TestMethodTestDescriptor.java:244)
	at org.junit.jupiter.engine.descriptor.TestMethodTestDescriptor.lambda$invokeAllAfterMethodsOrCallbacks$13(TestMethodTestDescriptor.java:277)
	at org.junit.platform.engine.support.hierarchical.ThrowableCollector.execute(ThrowableCollector.java:73)
	at org.junit.jupiter.engine.descriptor.TestMethodTestDescriptor.lambda$invokeAllAfterMethodsOrCallbacks$14(TestMethodTestDescriptor.java:277)
	at org.junit.platform.commons.util.CollectionUtils.forEachInReverseOrder(CollectionUtils.java:217)
	at org.junit.jupiter.engine.descriptor.TestMethodTestDescriptor.invokeAllAfterMethodsOrCallbacks(TestMethodTestDescriptor.java:276)
	at org.junit.jupiter.engine.descriptor.TestMethodTestDescriptor.invokeAfterEachMethods(TestMethodTestDescriptor.java:242)
	at org.junit.jupiter.engine.descriptor.TestMethodTestDescriptor.execute(TestMethodTestDescriptor.java:143)
	at org.junit.jupiter.engine.descriptor.TestMethodTestDescriptor.execute(TestMethodTestDescriptor.java:69)
	at org.junit.platform.engine.support.hierarchical.NodeTestTask.lambda$executeRecursively$6(NodeTestTask.java:151)
	at org.junit.platform.engine.support.hierarchical.ThrowableCollector.execute(ThrowableCollector.java:73)
	at org.junit.platform.engine.support.hierarchical.NodeTestTask.lambda$executeRecursively$8(NodeTestTask.java:141)
	at org.junit.platform.engine.support.hierarchical.Node.around(Node.java:137)
	at org.junit.platform.engine.support.hierarchical.NodeTestTask.lambda$executeRecursively$9(NodeTestTask.java:139)
	at org.junit.platform.engine.support.hierarchical.ThrowableCollector.execute(ThrowableCollector.java:73)
	at org.junit.platform.engine.support.hierarchical.NodeTestTask.executeRecursively(NodeTestTask.java:138)
	at org.junit.platform.engine.support.hierarchical.NodeTestTask.execute(NodeTestTask.java:95)
	at java.base/java.util.ArrayList.forEach(ArrayList.java:1596)
	at org.junit.platform.engine.support.hierarchical.SameThreadHierarchicalTestExecutorService.invokeAll(SameThreadHierarchicalTestExecutorService.java:41)
	at org.junit.platform.engine.support.hierarchical.NodeTestTask.lambda$executeRecursively$6(NodeTestTask.java:155)
	at org.junit.platform.engine.support.hierarchical.ThrowableCollector.execute(ThrowableCollector.java:73)
	at org.junit.platform.engine.support.hierarchical.NodeTestTask.lambda$executeRecursively$8(NodeTestTask.java:141)
	at org.junit.platform.engine.support.hierarchical.Node.around(Node.java:137)
	at org.junit.platform.engine.support.hierarchical.NodeTestTask.lambda$executeRecursively$9(NodeTestTask.java:139)
	at org.junit.platform.engine.support.hierarchical.ThrowableCollector.execute(ThrowableCollector.java:73)
	at org.junit.platform.engine.support.hierarchical.NodeTestTask.executeRecursively(NodeTestTask.java:138)
	at org.junit.platform.engine.support.hierarchical.NodeTestTask.execute(NodeTestTask.java:95)
	at java.base/java.util.ArrayList.forEach(ArrayList.java:1596)
	at org.junit.platform.engine.support.hierarchical.SameThreadHierarchicalTestExecutorService.invokeAll(SameThreadHierarchicalTestExecutorService.java:41)
	at org.junit.platform.engine.support.hierarchical.NodeTestTask.lambda$executeRecursively$6(NodeTestTask.java:155)
	at org.junit.platform.engine.support.hierarchical.ThrowableCollector.execute(ThrowableCollector.java:73)
	at org.junit.platform.engine.support.hierarchical.NodeTestTask.lambda$executeRecursively$8(NodeTestTask.java:141)
	at org.junit.platform.engine.support.hierarchical.Node.around(Node.java:137)
	at org.junit.platform.engine.support.hierarchical.NodeTestTask.lambda$executeRecursively$9(NodeTestTask.java:139)
	at org.junit.platform.engine.support.hierarchical.ThrowableCollector.execute(ThrowableCollector.java:73)
	at org.junit.platform.engine.support.hierarchical.NodeTestTask.executeRecursively(NodeTestTask.java:138)
	at org.junit.platform.engine.support.hierarchical.NodeTestTask.execute(NodeTestTask.java:95)
	at org.junit.platform.engine.support.hierarchical.SameThreadHierarchicalTestExecutorService.submit(SameThreadHierarchicalTestExecutorService.java:35)
	at org.junit.platform.engine.support.hierarchical.HierarchicalTestExecutor.execute(HierarchicalTestExecutor.java:57)
	at org.junit.platform.engine.support.hierarchical.HierarchicalTestEngine.execute(HierarchicalTestEngine.java:54)
	at org.junit.platform.launcher.core.EngineExecutionOrchestrator.execute(EngineExecutionOrchestrator.java:198)
	at org.junit.platform.launcher.core.EngineExecutionOrchestrator.execute(EngineExecutionOrchestrator.java:169)
	at org.junit.platform.launcher.core.EngineExecutionOrchestrator.execute(EngineExecutionOrchestrator.java:93)
	at org.junit.platform.launcher.core.EngineExecutionOrchestrator.lambda$execute$0(EngineExecutionOrchestrator.java:58)
	at org.junit.platform.launcher.core.EngineExecutionOrchestrator.withInterceptedStreams(EngineExecutionOrchestrator.java:141)
	at org.junit.platform.launcher.core.EngineExecutionOrchestrator.execute(EngineExecutionOrchestrator.java:57)
	at org.junit.platform.launcher.core.DefaultLauncher.execute(DefaultLauncher.java:103)
	at org.junit.platform.launcher.core.DefaultLauncher.execute(DefaultLauncher.java:85)
	at org.junit.platform.launcher.core.DelegatingLauncher.execute(DelegatingLauncher.java:47)
	at org.apache.maven.surefire.junitplatform.LazyLauncher.execute(LazyLauncher.java:56)
	at org.apache.maven.surefire.junitplatform.JUnitPlatformProvider.execute(JUnitPlatformProvider.java:184)
	at org.apache.maven.surefire.junitplatform.JUnitPlatformProvider.invokeAllTests(JUnitPlatformProvider.java:148)
	at org.apache.maven.surefire.junitplatform.JUnitPlatformProvider.invoke(JUnitPlatformProvider.java:122)
	at org.apache.maven.surefire.booter.ForkedBooter.runSuitesInProcess(ForkedBooter.java:385)
	at org.apache.maven.surefire.booter.ForkedBooter.execute(ForkedBooter.java:162)
	at org.apache.maven.surefire.booter.ForkedBooter.run(ForkedBooter.java:507)
	at org.apache.maven.surefire.booter.ForkedBooter.main(ForkedBooter.java:495)
10:24:18.116 [main] DEBUG org.hibernate.resource.transaction.backend.jdbc.internal.JdbcResourceLocalTransactionCoordinatorImpl - JDBC transaction marked for rollback-only (exception provided for stack trace)
java.lang.Exception: exception just for purpose of providing stack trace
	at org.hibernate.resource.transaction.backend.jdbc.internal.JdbcResourceLocalTransactionCoordinatorImpl$TransactionDriverControlImpl.markRollbackOnly(JdbcResourceLocalTransactionCoordinatorImpl.java:309)
	at org.hibernate.resource.transaction.backend.jdbc.internal.JdbcResourceLocalTransactionCoordinatorImpl.beforeCompletionCallback(JdbcResourceLocalTransactionCoordinatorImpl.java:178)
	at org.hibernate.resource.transaction.backend.jdbc.internal.JdbcResourceLocalTransactionCoordinatorImpl$TransactionDriverControlImpl.commit(JdbcResourceLocalTransactionCoordinatorImpl.java:267)
	at org.hibernate.engine.transaction.internal.TransactionImpl.commit(TransactionImpl.java:101)
	at org.frcpm.repositories.impl.JpaRepositoryImpl.delete(JpaRepositoryImpl.java:165)
	at org.frcpm.repositories.ComponentRepositoryTest.cleanupTestComponents(ComponentRepositoryTest.java:63)
	at org.frcpm.repositories.ComponentRepositoryTest.tearDown(ComponentRepositoryTest.java:35)
	at java.base/jdk.internal.reflect.DirectMethodHandleAccessor.invoke(DirectMethodHandleAccessor.java:103)
	at java.base/java.lang.reflect.Method.invoke(Method.java:580)
	at org.junit.platform.commons.util.ReflectionUtils.invokeMethod(ReflectionUtils.java:728)
	at org.junit.jupiter.engine.execution.MethodInvocation.proceed(MethodInvocation.java:60)
	at org.junit.jupiter.engine.execution.InvocationInterceptorChain$ValidatingInvocation.proceed(InvocationInterceptorChain.java:131)
	at org.junit.jupiter.engine.extension.TimeoutExtension.intercept(TimeoutExtension.java:156)
	at org.junit.jupiter.engine.extension.TimeoutExtension.interceptLifecycleMethod(TimeoutExtension.java:128)
	at org.junit.jupiter.engine.extension.TimeoutExtension.interceptAfterEachMethod(TimeoutExtension.java:110)
	at org.junit.jupiter.engine.execution.InterceptingExecutableInvoker$ReflectiveInterceptorCall.lambda$ofVoidMethod$0(InterceptingExecutableInvoker.java:103)
	at org.junit.jupiter.engine.execution.InterceptingExecutableInvoker.lambda$invoke$0(InterceptingExecutableInvoker.java:93)
	at org.junit.jupiter.engine.execution.InvocationInterceptorChain$InterceptedInvocation.proceed(InvocationInterceptorChain.java:106)
	at org.junit.jupiter.engine.execution.InvocationInterceptorChain.proceed(InvocationInterceptorChain.java:64)
	at org.junit.jupiter.engine.execution.InvocationInterceptorChain.chainAndInvoke(InvocationInterceptorChain.java:45)
	at org.junit.jupiter.engine.execution.InvocationInterceptorChain.invoke(InvocationInterceptorChain.java:37)
	at org.junit.jupiter.engine.execution.InterceptingExecutableInvoker.invoke(InterceptingExecutableInvoker.java:92)
	at org.junit.jupiter.engine.execution.InterceptingExecutableInvoker.invoke(InterceptingExecutableInvoker.java:86)
	at org.junit.jupiter.engine.descriptor.ClassBasedTestDescriptor.invokeMethodInExtensionContext(ClassBasedTestDescriptor.java:521)
	at org.junit.jupiter.engine.descriptor.ClassBasedTestDescriptor.lambda$synthesizeAfterEachMethodAdapter$24(ClassBasedTestDescriptor.java:511)
	at org.junit.jupiter.engine.descriptor.TestMethodTestDescriptor.lambda$invokeAfterEachMethods$10(TestMethodTestDescriptor.java:244)
	at org.junit.jupiter.engine.descriptor.TestMethodTestDescriptor.lambda$invokeAllAfterMethodsOrCallbacks$13(TestMethodTestDescriptor.java:277)
	at org.junit.platform.engine.support.hierarchical.ThrowableCollector.execute(ThrowableCollector.java:73)
	at org.junit.jupiter.engine.descriptor.TestMethodTestDescriptor.lambda$invokeAllAfterMethodsOrCallbacks$14(TestMethodTestDescriptor.java:277)
	at org.junit.platform.commons.util.CollectionUtils.forEachInReverseOrder(CollectionUtils.java:217)
	at org.junit.jupiter.engine.descriptor.TestMethodTestDescriptor.invokeAllAfterMethodsOrCallbacks(TestMethodTestDescriptor.java:276)
	at org.junit.jupiter.engine.descriptor.TestMethodTestDescriptor.invokeAfterEachMethods(TestMethodTestDescriptor.java:242)
	at org.junit.jupiter.engine.descriptor.TestMethodTestDescriptor.execute(TestMethodTestDescriptor.java:143)
	at org.junit.jupiter.engine.descriptor.TestMethodTestDescriptor.execute(TestMethodTestDescriptor.java:69)
	at org.junit.platform.engine.support.hierarchical.NodeTestTask.lambda$executeRecursively$6(NodeTestTask.java:151)
	at org.junit.platform.engine.support.hierarchical.ThrowableCollector.execute(ThrowableCollector.java:73)
	at org.junit.platform.engine.support.hierarchical.NodeTestTask.lambda$executeRecursively$8(NodeTestTask.java:141)
	at org.junit.platform.engine.support.hierarchical.Node.around(Node.java:137)
	at org.junit.platform.engine.support.hierarchical.NodeTestTask.lambda$executeRecursively$9(NodeTestTask.java:139)
	at org.junit.platform.engine.support.hierarchical.ThrowableCollector.execute(ThrowableCollector.java:73)
	at org.junit.platform.engine.support.hierarchical.NodeTestTask.executeRecursively(NodeTestTask.java:138)
	at org.junit.platform.engine.support.hierarchical.NodeTestTask.execute(NodeTestTask.java:95)
	at java.base/java.util.ArrayList.forEach(ArrayList.java:1596)
	at org.junit.platform.engine.support.hierarchical.SameThreadHierarchicalTestExecutorService.invokeAll(SameThreadHierarchicalTestExecutorService.java:41)
	at org.junit.platform.engine.support.hierarchical.NodeTestTask.lambda$executeRecursively$6(NodeTestTask.java:155)
	at org.junit.platform.engine.support.hierarchical.ThrowableCollector.execute(ThrowableCollector.java:73)
	at org.junit.platform.engine.support.hierarchical.NodeTestTask.lambda$executeRecursively$8(NodeTestTask.java:141)
	at org.junit.platform.engine.support.hierarchical.Node.around(Node.java:137)
	at org.junit.platform.engine.support.hierarchical.NodeTestTask.lambda$executeRecursively$9(NodeTestTask.java:139)
	at org.junit.platform.engine.support.hierarchical.ThrowableCollector.execute(ThrowableCollector.java:73)
	at org.junit.platform.engine.support.hierarchical.NodeTestTask.executeRecursively(NodeTestTask.java:138)
	at org.junit.platform.engine.support.hierarchical.NodeTestTask.execute(NodeTestTask.java:95)
	at java.base/java.util.ArrayList.forEach(ArrayList.java:1596)
	at org.junit.platform.engine.support.hierarchical.SameThreadHierarchicalTestExecutorService.invokeAll(SameThreadHierarchicalTestExecutorService.java:41)
	at org.junit.platform.engine.support.hierarchical.NodeTestTask.lambda$executeRecursively$6(NodeTestTask.java:155)
	at org.junit.platform.engine.support.hierarchical.ThrowableCollector.execute(ThrowableCollector.java:73)
	at org.junit.platform.engine.support.hierarchical.NodeTestTask.lambda$executeRecursively$8(NodeTestTask.java:141)
	at org.junit.platform.engine.support.hierarchical.Node.around(Node.java:137)
	at org.junit.platform.engine.support.hierarchical.NodeTestTask.lambda$executeRecursively$9(NodeTestTask.java:139)
	at org.junit.platform.engine.support.hierarchical.ThrowableCollector.execute(ThrowableCollector.java:73)
	at org.junit.platform.engine.support.hierarchical.NodeTestTask.executeRecursively(NodeTestTask.java:138)
	at org.junit.platform.engine.support.hierarchical.NodeTestTask.execute(NodeTestTask.java:95)
	at org.junit.platform.engine.support.hierarchical.SameThreadHierarchicalTestExecutorService.submit(SameThreadHierarchicalTestExecutorService.java:35)
	at org.junit.platform.engine.support.hierarchical.HierarchicalTestExecutor.execute(HierarchicalTestExecutor.java:57)
	at org.junit.platform.engine.support.hierarchical.HierarchicalTestEngine.execute(HierarchicalTestEngine.java:54)
	at org.junit.platform.launcher.core.EngineExecutionOrchestrator.execute(EngineExecutionOrchestrator.java:198)
	at org.junit.platform.launcher.core.EngineExecutionOrchestrator.execute(EngineExecutionOrchestrator.java:169)
	at org.junit.platform.launcher.core.EngineExecutionOrchestrator.execute(EngineExecutionOrchestrator.java:93)
	at org.junit.platform.launcher.core.EngineExecutionOrchestrator.lambda$execute$0(EngineExecutionOrchestrator.java:58)
	at org.junit.platform.launcher.core.EngineExecutionOrchestrator.withInterceptedStreams(EngineExecutionOrchestrator.java:141)
	at org.junit.platform.launcher.core.EngineExecutionOrchestrator.execute(EngineExecutionOrchestrator.java:57)
	at org.junit.platform.launcher.core.DefaultLauncher.execute(DefaultLauncher.java:103)
	at org.junit.platform.launcher.core.DefaultLauncher.execute(DefaultLauncher.java:85)
	at org.junit.platform.launcher.core.DelegatingLauncher.execute(DelegatingLauncher.java:47)
	at org.apache.maven.surefire.junitplatform.LazyLauncher.execute(LazyLauncher.java:56)
	at org.apache.maven.surefire.junitplatform.JUnitPlatformProvider.execute(JUnitPlatformProvider.java:184)
	at org.apache.maven.surefire.junitplatform.JUnitPlatformProvider.invokeAllTests(JUnitPlatformProvider.java:148)
	at org.apache.maven.surefire.junitplatform.JUnitPlatformProvider.invoke(JUnitPlatformProvider.java:122)
	at org.apache.maven.surefire.booter.ForkedBooter.runSuitesInProcess(ForkedBooter.java:385)
	at org.apache.maven.surefire.booter.ForkedBooter.execute(ForkedBooter.java:162)
	at org.apache.maven.surefire.booter.ForkedBooter.run(ForkedBooter.java:507)
	at org.apache.maven.surefire.booter.ForkedBooter.main(ForkedBooter.java:495)
10:24:18.116 [main] DEBUG org.hibernate.orm.jdbc.batch - PreparedStatementDetails did not contain PreparedStatement on #releaseStatements : delete from components where id=?
10:24:18.116 [main] DEBUG org.hibernate.resource.jdbc.internal.LogicalConnectionManagedImpl - Initiating JDBC connection release from afterTransaction
10:24:18.116 [main] DEBUG org.hibernate.orm.jdbc.batch - PreparedStatementDetails did not contain PreparedStatement on #releaseStatements : delete from components where id=?
10:24:18.116 [main] DEBUG org.hibernate.orm.jdbc.batch - PreparedStatementDetails did not contain PreparedStatement on #releaseStatements : delete from components where id=?
10:24:18.116 [main] DEBUG org.hibernate.resource.jdbc.internal.LogicalConnectionManagedImpl - Initiating JDBC connection release from afterTransaction
10:24:18.116 [main] DEBUG org.hibernate.engine.transaction.internal.TransactionImpl - rollback() called on an inactive transaction
10:24:18.117 [main] DEBUG org.hibernate.engine.jdbc.internal.JdbcCoordinatorImpl - HHH000420: Closing un-released batch
10:24:18.117 [main] DEBUG org.hibernate.orm.jdbc.batch - PreparedStatementDetails did not contain PreparedStatement on #releaseStatements : delete from components where id=?
10:24:18.117 [main] DEBUG org.hibernate.orm.jdbc.batch - PreparedStatementDetails did not contain PreparedStatement on #releaseStatements : delete from components where id=?
]]></system-out>
    <system-err><![CDATA[Apr 25, 2025 10:24:18 AM org.frcpm.repositories.impl.JpaRepositoryImpl delete
SEVERE: Error deleting entity
jakarta.persistence.RollbackException: Error while committing the transaction
	at org.hibernate.internal.ExceptionConverterImpl.convertCommitException(ExceptionConverterImpl.java:67)
	at org.hibernate.engine.transaction.internal.TransactionImpl.commit(TransactionImpl.java:104)
	at org.frcpm.repositories.impl.JpaRepositoryImpl.delete(JpaRepositoryImpl.java:165)
	at org.frcpm.repositories.ComponentRepositoryTest.cleanupTestComponents(ComponentRepositoryTest.java:63)
	at org.frcpm.repositories.ComponentRepositoryTest.tearDown(ComponentRepositoryTest.java:35)
	at java.base/jdk.internal.reflect.DirectMethodHandleAccessor.invoke(DirectMethodHandleAccessor.java:103)
	at java.base/java.lang.reflect.Method.invoke(Method.java:580)
	at org.junit.platform.commons.util.ReflectionUtils.invokeMethod(ReflectionUtils.java:728)
	at org.junit.jupiter.engine.execution.MethodInvocation.proceed(MethodInvocation.java:60)
	at org.junit.jupiter.engine.execution.InvocationInterceptorChain$ValidatingInvocation.proceed(InvocationInterceptorChain.java:131)
	at org.junit.jupiter.engine.extension.TimeoutExtension.intercept(TimeoutExtension.java:156)
	at org.junit.jupiter.engine.extension.TimeoutExtension.interceptLifecycleMethod(TimeoutExtension.java:128)
	at org.junit.jupiter.engine.extension.TimeoutExtension.interceptAfterEachMethod(TimeoutExtension.java:110)
	at org.junit.jupiter.engine.execution.InterceptingExecutableInvoker$ReflectiveInterceptorCall.lambda$ofVoidMethod$0(InterceptingExecutableInvoker.java:103)
	at org.junit.jupiter.engine.execution.InterceptingExecutableInvoker.lambda$invoke$0(InterceptingExecutableInvoker.java:93)
	at org.junit.jupiter.engine.execution.InvocationInterceptorChain$InterceptedInvocation.proceed(InvocationInterceptorChain.java:106)
	at org.junit.jupiter.engine.execution.InvocationInterceptorChain.proceed(InvocationInterceptorChain.java:64)
	at org.junit.jupiter.engine.execution.InvocationInterceptorChain.chainAndInvoke(InvocationInterceptorChain.java:45)
	at org.junit.jupiter.engine.execution.InvocationInterceptorChain.invoke(InvocationInterceptorChain.java:37)
	at org.junit.jupiter.engine.execution.InterceptingExecutableInvoker.invoke(InterceptingExecutableInvoker.java:92)
	at org.junit.jupiter.engine.execution.InterceptingExecutableInvoker.invoke(InterceptingExecutableInvoker.java:86)
	at org.junit.jupiter.engine.descriptor.ClassBasedTestDescriptor.invokeMethodInExtensionContext(ClassBasedTestDescriptor.java:521)
	at org.junit.jupiter.engine.descriptor.ClassBasedTestDescriptor.lambda$synthesizeAfterEachMethodAdapter$24(ClassBasedTestDescriptor.java:511)
	at org.junit.jupiter.engine.descriptor.TestMethodTestDescriptor.lambda$invokeAfterEachMethods$10(TestMethodTestDescriptor.java:244)
	at org.junit.jupiter.engine.descriptor.TestMethodTestDescriptor.lambda$invokeAllAfterMethodsOrCallbacks$13(TestMethodTestDescriptor.java:277)
	at org.junit.platform.engine.support.hierarchical.ThrowableCollector.execute(ThrowableCollector.java:73)
	at org.junit.jupiter.engine.descriptor.TestMethodTestDescriptor.lambda$invokeAllAfterMethodsOrCallbacks$14(TestMethodTestDescriptor.java:277)
	at org.junit.platform.commons.util.CollectionUtils.forEachInReverseOrder(CollectionUtils.java:217)
	at org.junit.jupiter.engine.descriptor.TestMethodTestDescriptor.invokeAllAfterMethodsOrCallbacks(TestMethodTestDescriptor.java:276)
	at org.junit.jupiter.engine.descriptor.TestMethodTestDescriptor.invokeAfterEachMethods(TestMethodTestDescriptor.java:242)
	at org.junit.jupiter.engine.descriptor.TestMethodTestDescriptor.execute(TestMethodTestDescriptor.java:143)
	at org.junit.jupiter.engine.descriptor.TestMethodTestDescriptor.execute(TestMethodTestDescriptor.java:69)
	at org.junit.platform.engine.support.hierarchical.NodeTestTask.lambda$executeRecursively$6(NodeTestTask.java:151)
	at org.junit.platform.engine.support.hierarchical.ThrowableCollector.execute(ThrowableCollector.java:73)
	at org.junit.platform.engine.support.hierarchical.NodeTestTask.lambda$executeRecursively$8(NodeTestTask.java:141)
	at org.junit.platform.engine.support.hierarchical.Node.around(Node.java:137)
	at org.junit.platform.engine.support.hierarchical.NodeTestTask.lambda$executeRecursively$9(NodeTestTask.java:139)
	at org.junit.platform.engine.support.hierarchical.ThrowableCollector.execute(ThrowableCollector.java:73)
	at org.junit.platform.engine.support.hierarchical.NodeTestTask.executeRecursively(NodeTestTask.java:138)
	at org.junit.platform.engine.support.hierarchical.NodeTestTask.execute(NodeTestTask.java:95)
	at java.base/java.util.ArrayList.forEach(ArrayList.java:1596)
	at org.junit.platform.engine.support.hierarchical.SameThreadHierarchicalTestExecutorService.invokeAll(SameThreadHierarchicalTestExecutorService.java:41)
	at org.junit.platform.engine.support.hierarchical.NodeTestTask.lambda$executeRecursively$6(NodeTestTask.java:155)
	at org.junit.platform.engine.support.hierarchical.ThrowableCollector.execute(ThrowableCollector.java:73)
	at org.junit.platform.engine.support.hierarchical.NodeTestTask.lambda$executeRecursively$8(NodeTestTask.java:141)
	at org.junit.platform.engine.support.hierarchical.Node.around(Node.java:137)
	at org.junit.platform.engine.support.hierarchical.NodeTestTask.lambda$executeRecursively$9(NodeTestTask.java:139)
	at org.junit.platform.engine.support.hierarchical.ThrowableCollector.execute(ThrowableCollector.java:73)
	at org.junit.platform.engine.support.hierarchical.NodeTestTask.executeRecursively(NodeTestTask.java:138)
	at org.junit.platform.engine.support.hierarchical.NodeTestTask.execute(NodeTestTask.java:95)
	at java.base/java.util.ArrayList.forEach(ArrayList.java:1596)
	at org.junit.platform.engine.support.hierarchical.SameThreadHierarchicalTestExecutorService.invokeAll(SameThreadHierarchicalTestExecutorService.java:41)
	at org.junit.platform.engine.support.hierarchical.NodeTestTask.lambda$executeRecursively$6(NodeTestTask.java:155)
	at org.junit.platform.engine.support.hierarchical.ThrowableCollector.execute(ThrowableCollector.java:73)
	at org.junit.platform.engine.support.hierarchical.NodeTestTask.lambda$executeRecursively$8(NodeTestTask.java:141)
	at org.junit.platform.engine.support.hierarchical.Node.around(Node.java:137)
	at org.junit.platform.engine.support.hierarchical.NodeTestTask.lambda$executeRecursively$9(NodeTestTask.java:139)
	at org.junit.platform.engine.support.hierarchical.ThrowableCollector.execute(ThrowableCollector.java:73)
	at org.junit.platform.engine.support.hierarchical.NodeTestTask.executeRecursively(NodeTestTask.java:138)
	at org.junit.platform.engine.support.hierarchical.NodeTestTask.execute(NodeTestTask.java:95)
	at org.junit.platform.engine.support.hierarchical.SameThreadHierarchicalTestExecutorService.submit(SameThreadHierarchicalTestExecutorService.java:35)
	at org.junit.platform.engine.support.hierarchical.HierarchicalTestExecutor.execute(HierarchicalTestExecutor.java:57)
	at org.junit.platform.engine.support.hierarchical.HierarchicalTestEngine.execute(HierarchicalTestEngine.java:54)
	at org.junit.platform.launcher.core.EngineExecutionOrchestrator.execute(EngineExecutionOrchestrator.java:198)
	at org.junit.platform.launcher.core.EngineExecutionOrchestrator.execute(EngineExecutionOrchestrator.java:169)
	at org.junit.platform.launcher.core.EngineExecutionOrchestrator.execute(EngineExecutionOrchestrator.java:93)
	at org.junit.platform.launcher.core.EngineExecutionOrchestrator.lambda$execute$0(EngineExecutionOrchestrator.java:58)
	at org.junit.platform.launcher.core.EngineExecutionOrchestrator.withInterceptedStreams(EngineExecutionOrchestrator.java:141)
	at org.junit.platform.launcher.core.EngineExecutionOrchestrator.execute(EngineExecutionOrchestrator.java:57)
	at org.junit.platform.launcher.core.DefaultLauncher.execute(DefaultLauncher.java:103)
	at org.junit.platform.launcher.core.DefaultLauncher.execute(DefaultLauncher.java:85)
	at org.junit.platform.launcher.core.DelegatingLauncher.execute(DelegatingLauncher.java:47)
	at org.apache.maven.surefire.junitplatform.LazyLauncher.execute(LazyLauncher.java:56)
	at org.apache.maven.surefire.junitplatform.JUnitPlatformProvider.execute(JUnitPlatformProvider.java:184)
	at org.apache.maven.surefire.junitplatform.JUnitPlatformProvider.invokeAllTests(JUnitPlatformProvider.java:148)
	at org.apache.maven.surefire.junitplatform.JUnitPlatformProvider.invoke(JUnitPlatformProvider.java:122)
	at org.apache.maven.surefire.booter.ForkedBooter.runSuitesInProcess(ForkedBooter.java:385)
	at org.apache.maven.surefire.booter.ForkedBooter.execute(ForkedBooter.java:162)
	at org.apache.maven.surefire.booter.ForkedBooter.run(ForkedBooter.java:507)
	at org.apache.maven.surefire.booter.ForkedBooter.main(ForkedBooter.java:495)
Caused by: org.hibernate.exception.ConstraintViolationException: could not execute batch [Referential integrity constraint violation: "FK5IRPAISPCX79XWY6N1QOMAXNV: PUBLIC.TASK_COMPONENTS FOREIGN KEY(COMPONENT_ID) REFERENCES PUBLIC.COMPONENTS(ID) (CAST(55 AS BIGINT))"; SQL statement:
delete from components where id=? [23503-224]] [delete from components where id=?]
	at org.hibernate.exception.internal.SQLStateConversionDelegate.convert(SQLStateConversionDelegate.java:97)
	at org.hibernate.exception.internal.StandardSQLExceptionConverter.convert(StandardSQLExceptionConverter.java:58)
	at org.hibernate.engine.jdbc.spi.SqlExceptionHelper.convert(SqlExceptionHelper.java:108)
	at org.hibernate.engine.jdbc.batch.internal.BatchImpl.lambda$performExecution$2(BatchImpl.java:294)
	at org.hibernate.engine.jdbc.mutation.internal.PreparedStatementGroupSingleTable.forEachStatement(PreparedStatementGroupSingleTable.java:67)
	at org.hibernate.engine.jdbc.batch.internal.BatchImpl.performExecution(BatchImpl.java:264)
	at org.hibernate.engine.jdbc.batch.internal.BatchImpl.execute(BatchImpl.java:242)
	at org.hibernate.engine.jdbc.internal.JdbcCoordinatorImpl.executeBatch(JdbcCoordinatorImpl.java:188)
	at org.hibernate.engine.spi.ActionQueue.executeActions(ActionQueue.java:662)
	at org.hibernate.engine.spi.ActionQueue.executeActions(ActionQueue.java:499)
	at org.hibernate.event.internal.AbstractFlushingEventListener.performExecutions(AbstractFlushingEventListener.java:371)
	at org.hibernate.event.internal.DefaultFlushEventListener.onFlush(DefaultFlushEventListener.java:41)
	at org.hibernate.event.service.internal.EventListenerGroupImpl.fireEventOnEachListener(EventListenerGroupImpl.java:127)
	at org.hibernate.internal.SessionImpl.doFlush(SessionImpl.java:1425)
	at org.hibernate.internal.SessionImpl.managedFlush(SessionImpl.java:487)
	at org.hibernate.internal.SessionImpl.flushBeforeTransactionCompletion(SessionImpl.java:2324)
	at org.hibernate.internal.SessionImpl.beforeTransactionCompletion(SessionImpl.java:1981)
	at org.hibernate.engine.jdbc.internal.JdbcCoordinatorImpl.beforeTransactionCompletion(JdbcCoordinatorImpl.java:439)
	at org.hibernate.resource.transaction.backend.jdbc.internal.JdbcResourceLocalTransactionCoordinatorImpl.beforeCompletionCallback(JdbcResourceLocalTransactionCoordinatorImpl.java:169)
	at org.hibernate.resource.transaction.backend.jdbc.internal.JdbcResourceLocalTransactionCoordinatorImpl$TransactionDriverControlImpl.commit(JdbcResourceLocalTransactionCoordinatorImpl.java:267)
	at org.hibernate.engine.transaction.internal.TransactionImpl.commit(TransactionImpl.java:101)
	... 78 more
Caused by: org.h2.jdbc.JdbcBatchUpdateException: Referential integrity constraint violation: "FK5IRPAISPCX79XWY6N1QOMAXNV: PUBLIC.TASK_COMPONENTS FOREIGN KEY(COMPONENT_ID) REFERENCES PUBLIC.COMPONENTS(ID) (CAST(55 AS BIGINT))"; SQL statement:
delete from components where id=? [23503-224]
	at org.h2.jdbc.JdbcPreparedStatement.executeBatch(JdbcPreparedStatement.java:1282)
	at com.zaxxer.hikari.pool.ProxyStatement.executeBatch(ProxyStatement.java:127)
	at com.zaxxer.hikari.pool.HikariProxyPreparedStatement.executeBatch(HikariProxyPreparedStatement.java)
	at org.hibernate.engine.jdbc.batch.internal.BatchImpl.lambda$performExecution$2(BatchImpl.java:279)
	... 95 more

]]></system-err>
  </testcase>
  <testcase name="testFindByDelivered" classname="org.frcpm.repositories.ComponentRepositoryTest" time="0.039">
    <error message="Failed to delete entity" type="java.lang.RuntimeException"><![CDATA[java.lang.RuntimeException: Failed to delete entity
	at org.frcpm.repositories.impl.JpaRepositoryImpl.delete(JpaRepositoryImpl.java:171)
	at org.frcpm.repositories.ComponentRepositoryTest.cleanupTestComponents(ComponentRepositoryTest.java:63)
	at org.frcpm.repositories.ComponentRepositoryTest.tearDown(ComponentRepositoryTest.java:35)
	at java.base/java.lang.reflect.Method.invoke(Method.java:580)
	at java.base/java.util.ArrayList.forEach(ArrayList.java:1596)
	at java.base/java.util.ArrayList.forEach(ArrayList.java:1596)
Caused by: jakarta.persistence.RollbackException: Error while committing the transaction
	at org.hibernate.internal.ExceptionConverterImpl.convertCommitException(ExceptionConverterImpl.java:67)
	at org.hibernate.engine.transaction.internal.TransactionImpl.commit(TransactionImpl.java:104)
	at org.frcpm.repositories.impl.JpaRepositoryImpl.delete(JpaRepositoryImpl.java:165)
	... 5 more
Caused by: org.hibernate.exception.ConstraintViolationException: could not execute batch [Referential integrity constraint violation: "FK5IRPAISPCX79XWY6N1QOMAXNV: PUBLIC.TASK_COMPONENTS FOREIGN KEY(COMPONENT_ID) REFERENCES PUBLIC.COMPONENTS(ID) (CAST(55 AS BIGINT))"; SQL statement:
delete from components where id=? [23503-224]] [delete from components where id=?]
	at org.hibernate.exception.internal.SQLStateConversionDelegate.convert(SQLStateConversionDelegate.java:97)
	at org.hibernate.exception.internal.StandardSQLExceptionConverter.convert(StandardSQLExceptionConverter.java:58)
	at org.hibernate.engine.jdbc.spi.SqlExceptionHelper.convert(SqlExceptionHelper.java:108)
	at org.hibernate.engine.jdbc.batch.internal.BatchImpl.lambda$performExecution$2(BatchImpl.java:294)
	at org.hibernate.engine.jdbc.mutation.internal.PreparedStatementGroupSingleTable.forEachStatement(PreparedStatementGroupSingleTable.java:67)
	at org.hibernate.engine.jdbc.batch.internal.BatchImpl.performExecution(BatchImpl.java:264)
	at org.hibernate.engine.jdbc.batch.internal.BatchImpl.execute(BatchImpl.java:242)
	at org.hibernate.engine.jdbc.internal.JdbcCoordinatorImpl.executeBatch(JdbcCoordinatorImpl.java:188)
	at org.hibernate.engine.spi.ActionQueue.executeActions(ActionQueue.java:662)
	at org.hibernate.engine.spi.ActionQueue.executeActions(ActionQueue.java:499)
	at org.hibernate.event.internal.AbstractFlushingEventListener.performExecutions(AbstractFlushingEventListener.java:371)
	at org.hibernate.event.internal.DefaultFlushEventListener.onFlush(DefaultFlushEventListener.java:41)
	at org.hibernate.event.service.internal.EventListenerGroupImpl.fireEventOnEachListener(EventListenerGroupImpl.java:127)
	at org.hibernate.internal.SessionImpl.doFlush(SessionImpl.java:1425)
	at org.hibernate.internal.SessionImpl.managedFlush(SessionImpl.java:487)
	at org.hibernate.internal.SessionImpl.flushBeforeTransactionCompletion(SessionImpl.java:2324)
	at org.hibernate.internal.SessionImpl.beforeTransactionCompletion(SessionImpl.java:1981)
	at org.hibernate.engine.jdbc.internal.JdbcCoordinatorImpl.beforeTransactionCompletion(JdbcCoordinatorImpl.java:439)
	at org.hibernate.resource.transaction.backend.jdbc.internal.JdbcResourceLocalTransactionCoordinatorImpl.beforeCompletionCallback(JdbcResourceLocalTransactionCoordinatorImpl.java:169)
	at org.hibernate.resource.transaction.backend.jdbc.internal.JdbcResourceLocalTransactionCoordinatorImpl$TransactionDriverControlImpl.commit(JdbcResourceLocalTransactionCoordinatorImpl.java:267)
	at org.hibernate.engine.transaction.internal.TransactionImpl.commit(TransactionImpl.java:101)
	... 6 more
Caused by: org.h2.jdbc.JdbcBatchUpdateException: Referential integrity constraint violation: "FK5IRPAISPCX79XWY6N1QOMAXNV: PUBLIC.TASK_COMPONENTS FOREIGN KEY(COMPONENT_ID) REFERENCES PUBLIC.COMPONENTS(ID) (CAST(55 AS BIGINT))"; SQL statement:
delete from components where id=? [23503-224]
	at org.h2.jdbc.JdbcPreparedStatement.executeBatch(JdbcPreparedStatement.java:1282)
	at com.zaxxer.hikari.pool.ProxyStatement.executeBatch(ProxyStatement.java:127)
	at com.zaxxer.hikari.pool.HikariProxyPreparedStatement.executeBatch(HikariProxyPreparedStatement.java)
	at org.hibernate.engine.jdbc.batch.internal.BatchImpl.lambda$performExecution$2(BatchImpl.java:279)
	... 23 more
]]></error>
    <system-out><![CDATA[10:24:18.120 [main] DEBUG org.hibernate.engine.transaction.internal.TransactionImpl - On TransactionImpl creation, JpaCompliance#isJpaTransactionComplianceEnabled == false
10:24:18.120 [main] DEBUG org.hibernate.engine.transaction.internal.TransactionImpl - begin
10:24:18.120 [main] DEBUG org.hibernate.engine.spi.ActionQueue - Executing identity-insert immediately
10:24:18.120 [main] DEBUG org.hibernate.SQL - insert into components (actual_delivery,is_delivered,description,expected_delivery,name,part_number,id) values (?,?,?,?,?,?,default)
10:24:18.121 [main] DEBUG org.hibernate.orm.results - Initializer list is empty
10:24:18.121 [main] DEBUG org.hibernate.orm.results.loading - Calling top-level assembler (0 / 1) : org.hibernate.sql.results.graph.basic.BasicResultAssembler@218d55c3
10:24:18.121 [main] DEBUG org.hibernate.orm.results - Extracted JDBC value [0] - [74]
10:24:18.121 [main] DEBUG org.hibernate.id.IdentifierGeneratorHelper - Extracted generated values [org.frcpm.models.Component]: [Ljava.lang.Object;@6a07b564
10:24:18.121 [main] DEBUG org.hibernate.event.internal.AbstractFlushingEventListener - Processing flush-time cascades
10:24:18.121 [main] DEBUG org.hibernate.event.internal.AbstractFlushingEventListener - Dirty checking collections
10:24:18.121 [main] DEBUG org.hibernate.engine.internal.Collections - Collection found: [org.frcpm.models.Component.requiredForTasks#74], was: [<unreferenced>] (initialized)
10:24:18.122 [main] DEBUG org.hibernate.event.internal.AbstractFlushingEventListener - Flushed: 0 insertions, 0 updates, 0 deletions to 1 objects
10:24:18.122 [main] DEBUG org.hibernate.event.internal.AbstractFlushingEventListener - Flushed: 1 (re)creations, 0 updates, 0 removals to 1 collections
10:24:18.122 [main] DEBUG org.hibernate.internal.util.EntityPrinter - Listing entities:
10:24:18.122 [main] DEBUG org.hibernate.internal.util.EntityPrinter - org.frcpm.models.Component{expectedDelivery=2025-04-30, requiredForTasks=[], name=Test Component 1, actualDelivery=null, description=First test component description, delivered=false, partNumber=TC-001, id=74}
10:24:18.122 [main] DEBUG org.hibernate.engine.transaction.internal.TransactionImpl - committing
10:24:18.122 [main] DEBUG org.hibernate.event.internal.AbstractFlushingEventListener - Processing flush-time cascades
10:24:18.122 [main] DEBUG org.hibernate.event.internal.AbstractFlushingEventListener - Dirty checking collections
10:24:18.122 [main] DEBUG org.hibernate.engine.internal.Collections - Collection found: [org.frcpm.models.Component.requiredForTasks#74], was: [org.frcpm.models.Component.requiredForTasks#74] (initialized)
10:24:18.122 [main] DEBUG org.hibernate.event.internal.AbstractFlushingEventListener - Flushed: 0 insertions, 0 updates, 0 deletions to 1 objects
10:24:18.122 [main] DEBUG org.hibernate.event.internal.AbstractFlushingEventListener - Flushed: 0 (re)creations, 0 updates, 0 removals to 1 collections
10:24:18.122 [main] DEBUG org.hibernate.internal.util.EntityPrinter - Listing entities:
10:24:18.122 [main] DEBUG org.hibernate.internal.util.EntityPrinter - org.frcpm.models.Component{expectedDelivery=2025-04-30, requiredForTasks=[], name=Test Component 1, actualDelivery=null, description=First test component description, delivered=false, partNumber=TC-001, id=74}
10:24:18.122 [main] DEBUG org.hibernate.resource.jdbc.internal.LogicalConnectionManagedImpl - Initiating JDBC connection release from afterTransaction
10:24:18.122 [main] DEBUG org.hibernate.resource.jdbc.internal.LogicalConnectionManagedImpl - Initiating JDBC connection release from afterTransaction
10:24:18.122 [main] DEBUG org.hibernate.engine.transaction.internal.TransactionImpl - On TransactionImpl creation, JpaCompliance#isJpaTransactionComplianceEnabled == false
10:24:18.122 [main] DEBUG org.hibernate.engine.transaction.internal.TransactionImpl - begin
10:24:18.122 [main] DEBUG org.hibernate.engine.spi.ActionQueue - Executing identity-insert immediately
10:24:18.123 [main] DEBUG org.hibernate.SQL - insert into components (actual_delivery,is_delivered,description,expected_delivery,name,part_number,id) values (?,?,?,?,?,?,default)
10:24:18.123 [main] DEBUG org.hibernate.orm.results - Initializer list is empty
10:24:18.123 [main] DEBUG org.hibernate.orm.results.loading - Calling top-level assembler (0 / 1) : org.hibernate.sql.results.graph.basic.BasicResultAssembler@4efb5964
10:24:18.123 [main] DEBUG org.hibernate.orm.results - Extracted JDBC value [0] - [75]
10:24:18.123 [main] DEBUG org.hibernate.id.IdentifierGeneratorHelper - Extracted generated values [org.frcpm.models.Component]: [Ljava.lang.Object;@1787106a
10:24:18.123 [main] DEBUG org.hibernate.event.internal.AbstractFlushingEventListener - Processing flush-time cascades
10:24:18.123 [main] DEBUG org.hibernate.event.internal.AbstractFlushingEventListener - Dirty checking collections
10:24:18.123 [main] DEBUG org.hibernate.engine.internal.Collections - Collection found: [org.frcpm.models.Component.requiredForTasks#75], was: [<unreferenced>] (initialized)
10:24:18.123 [main] DEBUG org.hibernate.event.internal.AbstractFlushingEventListener - Flushed: 0 insertions, 0 updates, 0 deletions to 1 objects
10:24:18.123 [main] DEBUG org.hibernate.event.internal.AbstractFlushingEventListener - Flushed: 1 (re)creations, 0 updates, 0 removals to 1 collections
10:24:18.123 [main] DEBUG org.hibernate.internal.util.EntityPrinter - Listing entities:
10:24:18.123 [main] DEBUG org.hibernate.internal.util.EntityPrinter - org.frcpm.models.Component{expectedDelivery=2025-05-02, requiredForTasks=[], name=Test Component 2, actualDelivery=null, description=Second test component description, delivered=false, partNumber=TC-002, id=75}
10:24:18.123 [main] DEBUG org.hibernate.engine.transaction.internal.TransactionImpl - committing
10:24:18.123 [main] DEBUG org.hibernate.event.internal.AbstractFlushingEventListener - Processing flush-time cascades
10:24:18.123 [main] DEBUG org.hibernate.event.internal.AbstractFlushingEventListener - Dirty checking collections
10:24:18.124 [main] DEBUG org.hibernate.engine.internal.Collections - Collection found: [org.frcpm.models.Component.requiredForTasks#75], was: [org.frcpm.models.Component.requiredForTasks#75] (initialized)
10:24:18.124 [main] DEBUG org.hibernate.event.internal.AbstractFlushingEventListener - Flushed: 0 insertions, 0 updates, 0 deletions to 1 objects
10:24:18.124 [main] DEBUG org.hibernate.event.internal.AbstractFlushingEventListener - Flushed: 0 (re)creations, 0 updates, 0 removals to 1 collections
10:24:18.124 [main] DEBUG org.hibernate.internal.util.EntityPrinter - Listing entities:
10:24:18.124 [main] DEBUG org.hibernate.internal.util.EntityPrinter - org.frcpm.models.Component{expectedDelivery=2025-05-02, requiredForTasks=[], name=Test Component 2, actualDelivery=null, description=Second test component description, delivered=false, partNumber=TC-002, id=75}
10:24:18.124 [main] DEBUG org.hibernate.resource.jdbc.internal.LogicalConnectionManagedImpl - Initiating JDBC connection release from afterTransaction
10:24:18.124 [main] DEBUG org.hibernate.resource.jdbc.internal.LogicalConnectionManagedImpl - Initiating JDBC connection release from afterTransaction
10:24:18.124 [main] DEBUG org.hibernate.engine.transaction.internal.TransactionImpl - On TransactionImpl creation, JpaCompliance#isJpaTransactionComplianceEnabled == false
10:24:18.124 [main] DEBUG org.hibernate.engine.transaction.internal.TransactionImpl - begin
10:24:18.124 [main] DEBUG org.hibernate.engine.spi.ActionQueue - Executing identity-insert immediately
10:24:18.124 [main] DEBUG org.hibernate.SQL - insert into components (actual_delivery,is_delivered,description,expected_delivery,name,part_number,id) values (?,?,?,?,?,?,default)
10:24:18.125 [main] DEBUG org.hibernate.orm.results - Initializer list is empty
10:24:18.125 [main] DEBUG org.hibernate.orm.results.loading - Calling top-level assembler (0 / 1) : org.hibernate.sql.results.graph.basic.BasicResultAssembler@24ce2fbe
10:24:18.125 [main] DEBUG org.hibernate.orm.results - Extracted JDBC value [0] - [76]
10:24:18.125 [main] DEBUG org.hibernate.id.IdentifierGeneratorHelper - Extracted generated values [org.frcpm.models.Component]: [Ljava.lang.Object;@12087542
10:24:18.125 [main] DEBUG org.hibernate.event.internal.AbstractFlushingEventListener - Processing flush-time cascades
10:24:18.125 [main] DEBUG org.hibernate.event.internal.AbstractFlushingEventListener - Dirty checking collections
10:24:18.125 [main] DEBUG org.hibernate.engine.internal.Collections - Collection found: [org.frcpm.models.Component.requiredForTasks#76], was: [<unreferenced>] (initialized)
10:24:18.125 [main] DEBUG org.hibernate.event.internal.AbstractFlushingEventListener - Flushed: 0 insertions, 0 updates, 0 deletions to 1 objects
10:24:18.125 [main] DEBUG org.hibernate.event.internal.AbstractFlushingEventListener - Flushed: 1 (re)creations, 0 updates, 0 removals to 1 collections
10:24:18.125 [main] DEBUG org.hibernate.internal.util.EntityPrinter - Listing entities:
10:24:18.125 [main] DEBUG org.hibernate.internal.util.EntityPrinter - org.frcpm.models.Component{expectedDelivery=2025-05-05, requiredForTasks=[], name=Test Component 3, actualDelivery=2025-05-04, description=Third test component description, delivered=true, partNumber=TC-003, id=76}
10:24:18.125 [main] DEBUG org.hibernate.engine.transaction.internal.TransactionImpl - committing
10:24:18.125 [main] DEBUG org.hibernate.event.internal.AbstractFlushingEventListener - Processing flush-time cascades
10:24:18.125 [main] DEBUG org.hibernate.event.internal.AbstractFlushingEventListener - Dirty checking collections
10:24:18.125 [main] DEBUG org.hibernate.engine.internal.Collections - Collection found: [org.frcpm.models.Component.requiredForTasks#76], was: [org.frcpm.models.Component.requiredForTasks#76] (initialized)
10:24:18.125 [main] DEBUG org.hibernate.event.internal.AbstractFlushingEventListener - Flushed: 0 insertions, 0 updates, 0 deletions to 1 objects
10:24:18.125 [main] DEBUG org.hibernate.event.internal.AbstractFlushingEventListener - Flushed: 0 (re)creations, 0 updates, 0 removals to 1 collections
10:24:18.125 [main] DEBUG org.hibernate.internal.util.EntityPrinter - Listing entities:
10:24:18.125 [main] DEBUG org.hibernate.internal.util.EntityPrinter - org.frcpm.models.Component{expectedDelivery=2025-05-05, requiredForTasks=[], name=Test Component 3, actualDelivery=2025-05-04, description=Third test component description, delivered=true, partNumber=TC-003, id=76}
10:24:18.126 [main] DEBUG org.hibernate.resource.jdbc.internal.LogicalConnectionManagedImpl - Initiating JDBC connection release from afterTransaction
10:24:18.126 [main] DEBUG org.hibernate.resource.jdbc.internal.LogicalConnectionManagedImpl - Initiating JDBC connection release from afterTransaction
10:24:18.126 [main] DEBUG org.hibernate.orm.query.hql - HQL : SELECT c FROM Component c WHERE c.delivered = :delivered
10:24:18.128 [main] DEBUG org.hibernate.orm.query.sqm.creation - Applying inferable type to SqmExpression [SqmNamedParameter(delivered)] : null -> SqmBasicValuedSimplePath(org.frcpm.models.Component(c).delivered)
10:24:18.128 [main] DEBUG org.hibernate.orm.query.sqm.ast - SqmStatement Tree :
    -> [select]
      -> [query-spec]
        -> [select]
          -> [selection]
            -> [root] - `org.frcpm.models.Component(c)`
            <- [root] - `org.frcpm.models.Component(c)`
          <- [selection]
        <- [select]
        -> [from]
          -> [root] - `org.frcpm.models.Component(c)`
          <- [root] - `org.frcpm.models.Component(c)`
        <- [from]
        -> [where]
          -> [EQUAL]
              -> [basic-path] - `org.frcpm.models.Component(c).delivered`
              :delivered
          <- [EQUAL]
        <- [where]
      <- [query-spec]
    <- [select]

10:24:18.129 [main] DEBUG org.hibernate.orm.sql.ast.create - Created new SQL alias : c1_0
10:24:18.129 [main] DEBUG org.hibernate.orm.sql.ast.create - Registration of TableGroup [StandardTableGroup(org.frcpm.models.Component(c))] with identifierForTableGroup [org.frcpm.models.Component] for NavigablePath [org.frcpm.models.Component] 
10:24:18.129 [main] DEBUG org.hibernate.query.sqm.sql.BaseSqmToSqlAstConverter - Determining mapping-model type for SqmParameter : SqmNamedParameter(delivered)
10:24:18.129 [main] DEBUG org.hibernate.query.sqm.sql.BaseSqmToSqlAstConverter - Determining mapping-model type for SqmPath : SqmBasicValuedSimplePath(org.frcpm.models.Component(c).delivered) 
10:24:18.130 [main] DEBUG org.hibernate.orm.results.graph.AST - DomainResult Graph:
 \-EntityResultImpl [org.frcpm.models.Component(c)]
 |  +-BasicFetch [org.frcpm.models.Component(c).actualDelivery]
 |  +-BasicFetch [org.frcpm.models.Component(c).delivered]
 |  +-BasicFetch [org.frcpm.models.Component(c).description]
 |  +-BasicFetch [org.frcpm.models.Component(c).expectedDelivery]
 |  +-BasicFetch [org.frcpm.models.Component(c).name]
 |  +-BasicFetch [org.frcpm.models.Component(c).partNumber]
 |  \-DelayedCollectionFetch [org.frcpm.models.Component(c).requiredForTasks]

10:24:18.130 [main] DEBUG org.hibernate.orm.sql.ast.tree - SQL AST Tree:
    SelectStatement {
      FromClause {
        StandardTableGroup (c1 : org.frcpm.models.Component(c)) {
          primaryTableReference : components as c1_0
        }
      }
    }

10:24:18.130 [main] DEBUG org.hibernate.orm.sql.exec - Skipping reading Query result cache data: cache-enabled = false, cache-mode = NORMAL
10:24:18.131 [main] DEBUG org.hibernate.orm.results - Initializer list:
	  org.frcpm.models.Component(c) -> EntityResultInitializer(org.frcpm.models.Component(c))@1527689334 (SingleTableEntityPersister(org.frcpm.models.Component))
	  org.frcpm.models.Component(c).requiredForTasks -> DelayedCollectionInitializer(org.frcpm.models.Component(c).requiredForTasks)@272128022 (PluralAttribute(org.frcpm.models.Component.requiredForTasks))

10:24:18.131 [main] DEBUG org.hibernate.SQL - select c1_0.id,c1_0.actual_delivery,c1_0.is_delivered,c1_0.description,c1_0.expected_delivery,c1_0.name,c1_0.part_number from components c1_0 where c1_0.is_delivered=?
10:24:18.132 [main] DEBUG org.hibernate.orm.results - Extracted JDBC value [0] - [3]
10:24:18.132 [main] DEBUG org.hibernate.orm.results.loading.entity - (EntityResultInitializer) Hydrated EntityKey (org.frcpm.models.Component(c)): 3
10:24:18.132 [main] DEBUG org.hibernate.orm.results.loading.org.hibernate.orm.results.loading.collection - (DelayedCollectionInitializer) Current row collection key : org.frcpm.models.Component(c).requiredForTasks#3
10:24:18.132 [main] DEBUG org.hibernate.orm.results.loading.entity - (EntityResultInitializer) Created new entity instance [org.frcpm.models.Component(c)#3] : 1911531884
10:24:18.132 [main] DEBUG org.hibernate.orm.results - Extracted JDBC value [1] - [2025-05-01]
10:24:18.132 [main] DEBUG org.hibernate.orm.results - Extracted JDBC value [2] - [true]
10:24:18.132 [main] DEBUG org.hibernate.orm.results - Extracted JDBC value [3] - [Omni-directional wheels for holonomic drive]
10:24:18.132 [main] DEBUG org.hibernate.orm.results - Extracted JDBC value [4] - [2025-05-02]
10:24:18.132 [main] DEBUG org.hibernate.orm.results - Extracted JDBC value [5] - [4" Omni Wheels]
10:24:18.132 [main] DEBUG org.hibernate.orm.results - Extracted JDBC value [6] - [AM-0016]
10:24:18.132 [main] DEBUG org.hibernate.orm.results.loading.entity - (EntityResultInitializer) Done materializing entityInstance : org.frcpm.models.Component(c)#3
10:24:18.132 [main] DEBUG org.hibernate.orm.results.loading - Calling top-level assembler (0 / 1) : org.hibernate.sql.results.graph.entity.internal.EntityAssembler@537e48a7
10:24:18.132 [main] DEBUG org.hibernate.orm.results - Extracted JDBC value [0] - [40]
10:24:18.132 [main] DEBUG org.hibernate.orm.results.loading.entity - (EntityResultInitializer) Hydrated EntityKey (org.frcpm.models.Component(c)): 40
10:24:18.132 [main] DEBUG org.hibernate.orm.results.loading.org.hibernate.orm.results.loading.collection - (DelayedCollectionInitializer) Current row collection key : org.frcpm.models.Component(c).requiredForTasks#40
10:24:18.132 [main] DEBUG org.hibernate.orm.results.loading.entity - (EntityResultInitializer) Created new entity instance [org.frcpm.models.Component(c)#40] : 1836275356
10:24:18.132 [main] DEBUG org.hibernate.orm.results - Extracted JDBC value [1] - [2025-04-25]
10:24:18.132 [main] DEBUG org.hibernate.orm.results - Extracted JDBC value [2] - [true]
10:24:18.132 [main] DEBUG org.hibernate.orm.results - Extracted JDBC value [3] - [Updated description]
10:24:18.132 [main] DEBUG org.hibernate.orm.results - Extracted JDBC value [4] - [null]
10:24:18.132 [main] DEBUG org.hibernate.orm.results - Extracted JDBC value [5] - [Updated Component Name]
10:24:18.132 [main] DEBUG org.hibernate.orm.results - Extracted JDBC value [6] - [TUC-001]
10:24:18.132 [main] DEBUG org.hibernate.orm.results.loading.entity - (EntityResultInitializer) Done materializing entityInstance : org.frcpm.models.Component(c)#40
10:24:18.133 [main] DEBUG org.hibernate.orm.results.loading - Calling top-level assembler (0 / 1) : org.hibernate.sql.results.graph.entity.internal.EntityAssembler@537e48a7
10:24:18.133 [main] DEBUG org.hibernate.orm.results - Extracted JDBC value [0] - [59]
10:24:18.133 [main] DEBUG org.hibernate.orm.results.loading.entity - (EntityResultInitializer) Hydrated EntityKey (org.frcpm.models.Component(c)): 59
10:24:18.133 [main] DEBUG org.hibernate.orm.results.loading.org.hibernate.orm.results.loading.collection - (DelayedCollectionInitializer) Current row collection key : org.frcpm.models.Component(c).requiredForTasks#59
10:24:18.133 [main] DEBUG org.hibernate.orm.results.loading.entity - (EntityResultInitializer) Created new entity instance [org.frcpm.models.Component(c)#59] : 1873645004
10:24:18.133 [main] DEBUG org.hibernate.orm.results - Extracted JDBC value [1] - [2025-05-04]
10:24:18.133 [main] DEBUG org.hibernate.orm.results - Extracted JDBC value [2] - [true]
10:24:18.133 [main] DEBUG org.hibernate.orm.results - Extracted JDBC value [3] - [Third test component description]
10:24:18.133 [main] DEBUG org.hibernate.orm.results - Extracted JDBC value [4] - [2025-05-05]
10:24:18.133 [main] DEBUG org.hibernate.orm.results - Extracted JDBC value [5] - [Test Component 3]
10:24:18.133 [main] DEBUG org.hibernate.orm.results - Extracted JDBC value [6] - [TC-003]
10:24:18.133 [main] DEBUG org.hibernate.orm.results.loading.entity - (EntityResultInitializer) Done materializing entityInstance : org.frcpm.models.Component(c)#59
10:24:18.133 [main] DEBUG org.hibernate.orm.results.loading - Calling top-level assembler (0 / 1) : org.hibernate.sql.results.graph.entity.internal.EntityAssembler@537e48a7
10:24:18.133 [main] DEBUG org.hibernate.orm.results - Extracted JDBC value [0] - [62]
10:24:18.133 [main] DEBUG org.hibernate.orm.results.loading.entity - (EntityResultInitializer) Hydrated EntityKey (org.frcpm.models.Component(c)): 62
10:24:18.133 [main] DEBUG org.hibernate.orm.results.loading.org.hibernate.orm.results.loading.collection - (DelayedCollectionInitializer) Current row collection key : org.frcpm.models.Component(c).requiredForTasks#62
10:24:18.133 [main] DEBUG org.hibernate.orm.results.loading.entity - (EntityResultInitializer) Created new entity instance [org.frcpm.models.Component(c)#62] : 965190402
10:24:18.133 [main] DEBUG org.hibernate.orm.results - Extracted JDBC value [1] - [2025-05-04]
10:24:18.133 [main] DEBUG org.hibernate.orm.results - Extracted JDBC value [2] - [true]
10:24:18.133 [main] DEBUG org.hibernate.orm.results - Extracted JDBC value [3] - [Third test component description]
10:24:18.133 [main] DEBUG org.hibernate.orm.results - Extracted JDBC value [4] - [2025-05-05]
10:24:18.133 [main] DEBUG org.hibernate.orm.results - Extracted JDBC value [5] - [Test Component 3]
10:24:18.133 [main] DEBUG org.hibernate.orm.results - Extracted JDBC value [6] - [TC-003]
10:24:18.133 [main] DEBUG org.hibernate.orm.results.loading.entity - (EntityResultInitializer) Done materializing entityInstance : org.frcpm.models.Component(c)#62
10:24:18.133 [main] DEBUG org.hibernate.orm.results.loading - Calling top-level assembler (0 / 1) : org.hibernate.sql.results.graph.entity.internal.EntityAssembler@537e48a7
10:24:18.133 [main] DEBUG org.hibernate.orm.results - Extracted JDBC value [0] - [66]
10:24:18.133 [main] DEBUG org.hibernate.orm.results.loading.entity - (EntityResultInitializer) Hydrated EntityKey (org.frcpm.models.Component(c)): 66
10:24:18.133 [main] DEBUG org.hibernate.orm.results.loading.org.hibernate.orm.results.loading.collection - (DelayedCollectionInitializer) Current row collection key : org.frcpm.models.Component(c).requiredForTasks#66
10:24:18.133 [main] DEBUG org.hibernate.orm.results.loading.entity - (EntityResultInitializer) Created new entity instance [org.frcpm.models.Component(c)#66] : 34630448
10:24:18.133 [main] DEBUG org.hibernate.orm.results - Extracted JDBC value [1] - [2025-05-04]
10:24:18.133 [main] DEBUG org.hibernate.orm.results - Extracted JDBC value [2] - [true]
10:24:18.133 [main] DEBUG org.hibernate.orm.results - Extracted JDBC value [3] - [Third test component description]
10:24:18.133 [main] DEBUG org.hibernate.orm.results - Extracted JDBC value [4] - [2025-05-05]
10:24:18.133 [main] DEBUG org.hibernate.orm.results - Extracted JDBC value [5] - [Test Component 3]
10:24:18.133 [main] DEBUG org.hibernate.orm.results - Extracted JDBC value [6] - [TC-003]
10:24:18.133 [main] DEBUG org.hibernate.orm.results.loading.entity - (EntityResultInitializer) Done materializing entityInstance : org.frcpm.models.Component(c)#66
10:24:18.133 [main] DEBUG org.hibernate.orm.results.loading - Calling top-level assembler (0 / 1) : org.hibernate.sql.results.graph.entity.internal.EntityAssembler@537e48a7
10:24:18.133 [main] DEBUG org.hibernate.orm.results - Extracted JDBC value [0] - [70]
10:24:18.133 [main] DEBUG org.hibernate.orm.results.loading.entity - (EntityResultInitializer) Hydrated EntityKey (org.frcpm.models.Component(c)): 70
10:24:18.133 [main] DEBUG org.hibernate.orm.results.loading.org.hibernate.orm.results.loading.collection - (DelayedCollectionInitializer) Current row collection key : org.frcpm.models.Component(c).requiredForTasks#70
10:24:18.133 [main] DEBUG org.hibernate.orm.results.loading.entity - (EntityResultInitializer) Created new entity instance [org.frcpm.models.Component(c)#70] : 1989352135
10:24:18.133 [main] DEBUG org.hibernate.orm.results - Extracted JDBC value [1] - [2025-05-04]
10:24:18.133 [main] DEBUG org.hibernate.orm.results - Extracted JDBC value [2] - [true]
10:24:18.133 [main] DEBUG org.hibernate.orm.results - Extracted JDBC value [3] - [Third test component description]
10:24:18.133 [main] DEBUG org.hibernate.orm.results - Extracted JDBC value [4] - [2025-05-05]
10:24:18.133 [main] DEBUG org.hibernate.orm.results - Extracted JDBC value [5] - [Test Component 3]
10:24:18.133 [main] DEBUG org.hibernate.orm.results - Extracted JDBC value [6] - [TC-003]
10:24:18.133 [main] DEBUG org.hibernate.orm.results.loading.entity - (EntityResultInitializer) Done materializing entityInstance : org.frcpm.models.Component(c)#70
10:24:18.133 [main] DEBUG org.hibernate.orm.results.loading - Calling top-level assembler (0 / 1) : org.hibernate.sql.results.graph.entity.internal.EntityAssembler@537e48a7
10:24:18.133 [main] DEBUG org.hibernate.orm.results - Extracted JDBC value [0] - [73]
10:24:18.133 [main] DEBUG org.hibernate.orm.results.loading.entity - (EntityResultInitializer) Hydrated EntityKey (org.frcpm.models.Component(c)): 73
10:24:18.133 [main] DEBUG org.hibernate.orm.results.loading.org.hibernate.orm.results.loading.collection - (DelayedCollectionInitializer) Current row collection key : org.frcpm.models.Component(c).requiredForTasks#73
10:24:18.133 [main] DEBUG org.hibernate.orm.results.loading.entity - (EntityResultInitializer) Created new entity instance [org.frcpm.models.Component(c)#73] : 1956760789
10:24:18.133 [main] DEBUG org.hibernate.orm.results - Extracted JDBC value [1] - [2025-05-04]
10:24:18.133 [main] DEBUG org.hibernate.orm.results - Extracted JDBC value [2] - [true]
10:24:18.133 [main] DEBUG org.hibernate.orm.results - Extracted JDBC value [3] - [Third test component description]
10:24:18.133 [main] DEBUG org.hibernate.orm.results - Extracted JDBC value [4] - [2025-05-05]
10:24:18.133 [main] DEBUG org.hibernate.orm.results - Extracted JDBC value [5] - [Test Component 3]
10:24:18.133 [main] DEBUG org.hibernate.orm.results - Extracted JDBC value [6] - [TC-003]
10:24:18.133 [main] DEBUG org.hibernate.orm.results.loading.entity - (EntityResultInitializer) Done materializing entityInstance : org.frcpm.models.Component(c)#73
10:24:18.133 [main] DEBUG org.hibernate.orm.results.loading - Calling top-level assembler (0 / 1) : org.hibernate.sql.results.graph.entity.internal.EntityAssembler@537e48a7
10:24:18.133 [main] DEBUG org.hibernate.orm.results - Extracted JDBC value [0] - [76]
10:24:18.133 [main] DEBUG org.hibernate.orm.results.loading.entity - (EntityResultInitializer) Hydrated EntityKey (org.frcpm.models.Component(c)): 76
10:24:18.133 [main] DEBUG org.hibernate.orm.results.loading.org.hibernate.orm.results.loading.collection - (DelayedCollectionInitializer) Current row collection key : org.frcpm.models.Component(c).requiredForTasks#76
10:24:18.133 [main] DEBUG org.hibernate.orm.results.loading.entity - (EntityResultInitializer) Created new entity instance [org.frcpm.models.Component(c)#76] : 695231720
10:24:18.133 [main] DEBUG org.hibernate.orm.results - Extracted JDBC value [1] - [2025-05-04]
10:24:18.133 [main] DEBUG org.hibernate.orm.results - Extracted JDBC value [2] - [true]
10:24:18.133 [main] DEBUG org.hibernate.orm.results - Extracted JDBC value [3] - [Third test component description]
10:24:18.133 [main] DEBUG org.hibernate.orm.results - Extracted JDBC value [4] - [2025-05-05]
10:24:18.133 [main] DEBUG org.hibernate.orm.results - Extracted JDBC value [5] - [Test Component 3]
10:24:18.133 [main] DEBUG org.hibernate.orm.results - Extracted JDBC value [6] - [TC-003]
10:24:18.133 [main] DEBUG org.hibernate.orm.results.loading.entity - (EntityResultInitializer) Done materializing entityInstance : org.frcpm.models.Component(c)#76
10:24:18.133 [main] DEBUG org.hibernate.orm.results.loading - Calling top-level assembler (0 / 1) : org.hibernate.sql.results.graph.entity.internal.EntityAssembler@537e48a7
10:24:18.133 [main] DEBUG org.hibernate.resource.jdbc.internal.LogicalConnectionManagedImpl - Initiating JDBC connection release from afterTransaction
10:24:18.133 [main] DEBUG org.hibernate.resource.jdbc.internal.LogicalConnectionManagedImpl - Initiating JDBC connection release from afterTransaction
10:24:18.134 [main] DEBUG org.hibernate.orm.sql.exec - Skipping reading Query result cache data: cache-enabled = false, cache-mode = NORMAL
10:24:18.135 [main] DEBUG org.hibernate.orm.results - Initializer list:
	  org.frcpm.models.Component(c) -> EntityResultInitializer(org.frcpm.models.Component(c))@1484360618 (SingleTableEntityPersister(org.frcpm.models.Component))
	  org.frcpm.models.Component(c).requiredForTasks -> DelayedCollectionInitializer(org.frcpm.models.Component(c).requiredForTasks)@1492358965 (PluralAttribute(org.frcpm.models.Component.requiredForTasks))

10:24:18.135 [main] DEBUG org.hibernate.SQL - select c1_0.id,c1_0.actual_delivery,c1_0.is_delivered,c1_0.description,c1_0.expected_delivery,c1_0.name,c1_0.part_number from components c1_0 where c1_0.is_delivered=?
10:24:18.135 [main] DEBUG org.hibernate.orm.results - Extracted JDBC value [0] - [1]
10:24:18.135 [main] DEBUG org.hibernate.orm.results.loading.entity - (EntityResultInitializer) Hydrated EntityKey (org.frcpm.models.Component(c)): 1
10:24:18.135 [main] DEBUG org.hibernate.orm.results.loading.org.hibernate.orm.results.loading.collection - (DelayedCollectionInitializer) Current row collection key : org.frcpm.models.Component(c).requiredForTasks#1
10:24:18.135 [main] DEBUG org.hibernate.orm.results.loading.entity - (EntityResultInitializer) Created new entity instance [org.frcpm.models.Component(c)#1] : 235516874
10:24:18.135 [main] DEBUG org.hibernate.orm.results - Extracted JDBC value [1] - [null]
10:24:18.136 [main] DEBUG org.hibernate.orm.results - Extracted JDBC value [2] - [false]
10:24:18.136 [main] DEBUG org.hibernate.orm.results - Extracted JDBC value [3] - [Motor controller for NEO brushless motors]
10:24:18.136 [main] DEBUG org.hibernate.orm.results - Extracted JDBC value [4] - [2025-05-04]
10:24:18.136 [main] DEBUG org.hibernate.orm.results - Extracted JDBC value [5] - [SPARK MAX]
10:24:18.136 [main] DEBUG org.hibernate.orm.results - Extracted JDBC value [6] - [REV-11-2158]
10:24:18.136 [main] DEBUG org.hibernate.orm.results.loading.entity - (EntityResultInitializer) Done materializing entityInstance : org.frcpm.models.Component(c)#1
10:24:18.136 [main] DEBUG org.hibernate.orm.results.loading - Calling top-level assembler (0 / 1) : org.hibernate.sql.results.graph.entity.internal.EntityAssembler@4c7725bb
10:24:18.136 [main] DEBUG org.hibernate.orm.results - Extracted JDBC value [0] - [2]
10:24:18.136 [main] DEBUG org.hibernate.orm.results.loading.entity - (EntityResultInitializer) Hydrated EntityKey (org.frcpm.models.Component(c)): 2
10:24:18.136 [main] DEBUG org.hibernate.orm.results.loading.org.hibernate.orm.results.loading.collection - (DelayedCollectionInitializer) Current row collection key : org.frcpm.models.Component(c).requiredForTasks#2
10:24:18.136 [main] DEBUG org.hibernate.orm.results.loading.entity - (EntityResultInitializer) Created new entity instance [org.frcpm.models.Component(c)#2] : 476136934
10:24:18.136 [main] DEBUG org.hibernate.orm.results - Extracted JDBC value [1] - [null]
10:24:18.136 [main] DEBUG org.hibernate.orm.results - Extracted JDBC value [2] - [false]
10:24:18.136 [main] DEBUG org.hibernate.orm.results - Extracted JDBC value [3] - [High performance brushless DC motor]
10:24:18.136 [main] DEBUG org.hibernate.orm.results - Extracted JDBC value [4] - [2025-05-04]
10:24:18.136 [main] DEBUG org.hibernate.orm.results - Extracted JDBC value [5] - [NEO Brushless Motor]
10:24:18.136 [main] DEBUG org.hibernate.orm.results - Extracted JDBC value [6] - [REV-21-1650]
10:24:18.136 [main] DEBUG org.hibernate.orm.results.loading.entity - (EntityResultInitializer) Done materializing entityInstance : org.frcpm.models.Component(c)#2
10:24:18.136 [main] DEBUG org.hibernate.orm.results.loading - Calling top-level assembler (0 / 1) : org.hibernate.sql.results.graph.entity.internal.EntityAssembler@4c7725bb
10:24:18.136 [main] DEBUG org.hibernate.orm.results - Extracted JDBC value [0] - [4]
10:24:18.136 [main] DEBUG org.hibernate.orm.results.loading.entity - (EntityResultInitializer) Hydrated EntityKey (org.frcpm.models.Component(c)): 4
10:24:18.136 [main] DEBUG org.hibernate.orm.results.loading.org.hibernate.orm.results.loading.collection - (DelayedCollectionInitializer) Current row collection key : org.frcpm.models.Component(c).requiredForTasks#4
10:24:18.136 [main] DEBUG org.hibernate.orm.results.loading.entity - (EntityResultInitializer) Created new entity instance [org.frcpm.models.Component(c)#4] : 738085243
10:24:18.136 [main] DEBUG org.hibernate.orm.results - Extracted JDBC value [1] - [null]
10:24:18.136 [main] DEBUG org.hibernate.orm.results - Extracted JDBC value [2] - [false]
10:24:18.136 [main] DEBUG org.hibernate.orm.results - Extracted JDBC value [3] - [Smart camera for vision tracking]
10:24:18.136 [main] DEBUG org.hibernate.orm.results - Extracted JDBC value [4] - [2025-05-08]
10:24:18.136 [main] DEBUG org.hibernate.orm.results - Extracted JDBC value [5] - [Limelight 3]
10:24:18.136 [main] DEBUG org.hibernate.orm.results - Extracted JDBC value [6] - [LL3-1]
10:24:18.136 [main] DEBUG org.hibernate.orm.results.loading.entity - (EntityResultInitializer) Done materializing entityInstance : org.frcpm.models.Component(c)#4
10:24:18.136 [main] DEBUG org.hibernate.orm.results.loading - Calling top-level assembler (0 / 1) : org.hibernate.sql.results.graph.entity.internal.EntityAssembler@4c7725bb
10:24:18.136 [main] DEBUG org.hibernate.orm.results - Extracted JDBC value [0] - [5]
10:24:18.136 [main] DEBUG org.hibernate.orm.results.loading.entity - (EntityResultInitializer) Hydrated EntityKey (org.frcpm.models.Component(c)): 5
10:24:18.136 [main] DEBUG org.hibernate.orm.results.loading.org.hibernate.orm.results.loading.collection - (DelayedCollectionInitializer) Current row collection key : org.frcpm.models.Component(c).requiredForTasks#5
10:24:18.136 [main] DEBUG org.hibernate.orm.results.loading.entity - (EntityResultInitializer) Created new entity instance [org.frcpm.models.Component(c)#5] : 1208605451
10:24:18.136 [main] DEBUG org.hibernate.orm.results - Extracted JDBC value [1] - [null]
10:24:18.136 [main] DEBUG org.hibernate.orm.results - Extracted JDBC value [2] - [false]
10:24:18.136 [main] DEBUG org.hibernate.orm.results - Extracted JDBC value [3] - [Control module for pneumatic systems]
10:24:18.136 [main] DEBUG org.hibernate.orm.results - Extracted JDBC value [4] - [2025-05-06]
10:24:18.136 [main] DEBUG org.hibernate.orm.results - Extracted JDBC value [5] - [Pneumatic Control Module]
10:24:18.136 [main] DEBUG org.hibernate.orm.results - Extracted JDBC value [6] - [CTRE-PCM]
10:24:18.136 [main] DEBUG org.hibernate.orm.results.loading.entity - (EntityResultInitializer) Done materializing entityInstance : org.frcpm.models.Component(c)#5
10:24:18.136 [main] DEBUG org.hibernate.orm.results.loading - Calling top-level assembler (0 / 1) : org.hibernate.sql.results.graph.entity.internal.EntityAssembler@4c7725bb
10:24:18.136 [main] DEBUG org.hibernate.orm.results - Extracted JDBC value [0] - [12]
10:24:18.136 [main] DEBUG org.hibernate.orm.results.loading.entity - (EntityResultInitializer) Hydrated EntityKey (org.frcpm.models.Component(c)): 12
10:24:18.136 [main] DEBUG org.hibernate.orm.results.loading.org.hibernate.orm.results.loading.collection - (DelayedCollectionInitializer) Current row collection key : org.frcpm.models.Component(c).requiredForTasks#12
10:24:18.137 [main] DEBUG org.hibernate.orm.results.loading.entity - (EntityResultInitializer) Created new entity instance [org.frcpm.models.Component(c)#12] : 1739877442
10:24:18.137 [main] DEBUG org.hibernate.orm.results - Extracted JDBC value [1] - [null]
10:24:18.137 [main] DEBUG org.hibernate.orm.results - Extracted JDBC value [2] - [false]
10:24:18.137 [main] DEBUG org.hibernate.orm.results - Extracted JDBC value [3] - [null]
10:24:18.137 [main] DEBUG org.hibernate.orm.results - Extracted JDBC value [4] - [null]
10:24:18.137 [main] DEBUG org.hibernate.orm.results - Extracted JDBC value [5] - [Test Count Component]
10:24:18.137 [main] DEBUG org.hibernate.orm.results - Extracted JDBC value [6] - [TCC-001]
10:24:18.137 [main] DEBUG org.hibernate.orm.results.loading.entity - (EntityResultInitializer) Done materializing entityInstance : org.frcpm.models.Component(c)#12
10:24:18.137 [main] DEBUG org.hibernate.orm.results.loading - Calling top-level assembler (0 / 1) : org.hibernate.sql.results.graph.entity.internal.EntityAssembler@4c7725bb
10:24:18.137 [main] DEBUG org.hibernate.orm.results - Extracted JDBC value [0] - [16]
10:24:18.137 [main] DEBUG org.hibernate.orm.results.loading.entity - (EntityResultInitializer) Hydrated EntityKey (org.frcpm.models.Component(c)): 16
10:24:18.137 [main] DEBUG org.hibernate.orm.results.loading.org.hibernate.orm.results.loading.collection - (DelayedCollectionInitializer) Current row collection key : org.frcpm.models.Component(c).requiredForTasks#16
10:24:18.137 [main] DEBUG org.hibernate.orm.results.loading.entity - (EntityResultInitializer) Created new entity instance [org.frcpm.models.Component(c)#16] : 817452120
10:24:18.137 [main] DEBUG org.hibernate.orm.results - Extracted JDBC value [1] - [null]
10:24:18.137 [main] DEBUG org.hibernate.orm.results - Extracted JDBC value [2] - [false]
10:24:18.137 [main] DEBUG org.hibernate.orm.results - Extracted JDBC value [3] - [Save component description]
10:24:18.137 [main] DEBUG org.hibernate.orm.results - Extracted JDBC value [4] - [2025-05-10]
10:24:18.137 [main] DEBUG org.hibernate.orm.results - Extracted JDBC value [5] - [Test Save Component]
10:24:18.137 [main] DEBUG org.hibernate.orm.results - Extracted JDBC value [6] - [TSC-001]
10:24:18.137 [main] DEBUG org.hibernate.orm.results.loading.entity - (EntityResultInitializer) Done materializing entityInstance : org.frcpm.models.Component(c)#16
10:24:18.137 [main] DEBUG org.hibernate.orm.results.loading - Calling top-level assembler (0 / 1) : org.hibernate.sql.results.graph.entity.internal.EntityAssembler@4c7725bb
10:24:18.137 [main] DEBUG org.hibernate.orm.results - Extracted JDBC value [0] - [55]
10:24:18.137 [main] DEBUG org.hibernate.orm.results.loading.entity - (EntityResultInitializer) Hydrated EntityKey (org.frcpm.models.Component(c)): 55
10:24:18.137 [main] DEBUG org.hibernate.orm.results.loading.org.hibernate.orm.results.loading.collection - (DelayedCollectionInitializer) Current row collection key : org.frcpm.models.Component(c).requiredForTasks#55
10:24:18.137 [main] DEBUG org.hibernate.orm.results.loading.entity - (EntityResultInitializer) Created new entity instance [org.frcpm.models.Component(c)#55] : 150213977
10:24:18.137 [main] DEBUG org.hibernate.orm.results - Extracted JDBC value [1] - [null]
10:24:18.137 [main] DEBUG org.hibernate.orm.results - Extracted JDBC value [2] - [false]
10:24:18.137 [main] DEBUG org.hibernate.orm.results - Extracted JDBC value [3] - [Component 1 for association test]
10:24:18.137 [main] DEBUG org.hibernate.orm.results - Extracted JDBC value [4] - [2025-04-28]
10:24:18.137 [main] DEBUG org.hibernate.orm.results - Extracted JDBC value [5] - [Test Component Assoc 1]
10:24:18.137 [main] DEBUG org.hibernate.orm.results - Extracted JDBC value [6] - [TC-ASSOC1]
10:24:18.137 [main] DEBUG org.hibernate.orm.results.loading.entity - (EntityResultInitializer) Done materializing entityInstance : org.frcpm.models.Component(c)#55
10:24:18.137 [main] DEBUG org.hibernate.orm.results.loading - Calling top-level assembler (0 / 1) : org.hibernate.sql.results.graph.entity.internal.EntityAssembler@4c7725bb
10:24:18.137 [main] DEBUG org.hibernate.orm.results - Extracted JDBC value [0] - [56]
10:24:18.137 [main] DEBUG org.hibernate.orm.results.loading.entity - (EntityResultInitializer) Hydrated EntityKey (org.frcpm.models.Component(c)): 56
10:24:18.137 [main] DEBUG org.hibernate.orm.results.loading.org.hibernate.orm.results.loading.collection - (DelayedCollectionInitializer) Current row collection key : org.frcpm.models.Component(c).requiredForTasks#56
10:24:18.137 [main] DEBUG org.hibernate.orm.results.loading.entity - (EntityResultInitializer) Created new entity instance [org.frcpm.models.Component(c)#56] : 884839477
10:24:18.137 [main] DEBUG org.hibernate.orm.results - Extracted JDBC value [1] - [null]
10:24:18.137 [main] DEBUG org.hibernate.orm.results - Extracted JDBC value [2] - [false]
10:24:18.137 [main] DEBUG org.hibernate.orm.results - Extracted JDBC value [3] - [Component 2 for association test]
10:24:18.137 [main] DEBUG org.hibernate.orm.results - Extracted JDBC value [4] - [2025-04-30]
10:24:18.137 [main] DEBUG org.hibernate.orm.results - Extracted JDBC value [5] - [Test Component Assoc 2]
10:24:18.137 [main] DEBUG org.hibernate.orm.results - Extracted JDBC value [6] - [TC-ASSOC2]
10:24:18.137 [main] DEBUG org.hibernate.orm.results.loading.entity - (EntityResultInitializer) Done materializing entityInstance : org.frcpm.models.Component(c)#56
10:24:18.137 [main] DEBUG org.hibernate.orm.results.loading - Calling top-level assembler (0 / 1) : org.hibernate.sql.results.graph.entity.internal.EntityAssembler@4c7725bb
10:24:18.137 [main] DEBUG org.hibernate.orm.results - Extracted JDBC value [0] - [57]
10:24:18.137 [main] DEBUG org.hibernate.orm.results.loading.entity - (EntityResultInitializer) Hydrated EntityKey (org.frcpm.models.Component(c)): 57
10:24:18.137 [main] DEBUG org.hibernate.orm.results.loading.org.hibernate.orm.results.loading.collection - (DelayedCollectionInitializer) Current row collection key : org.frcpm.models.Component(c).requiredForTasks#57
10:24:18.137 [main] DEBUG org.hibernate.orm.results.loading.entity - (EntityResultInitializer) Created new entity instance [org.frcpm.models.Component(c)#57] : 1709385473
10:24:18.137 [main] DEBUG org.hibernate.orm.results - Extracted JDBC value [1] - [null]
10:24:18.137 [main] DEBUG org.hibernate.orm.results - Extracted JDBC value [2] - [false]
10:24:18.137 [main] DEBUG org.hibernate.orm.results - Extracted JDBC value [3] - [First test component description]
10:24:18.137 [main] DEBUG org.hibernate.orm.results - Extracted JDBC value [4] - [2025-04-30]
10:24:18.137 [main] DEBUG org.hibernate.orm.results - Extracted JDBC value [5] - [Test Component 1]
10:24:18.137 [main] DEBUG org.hibernate.orm.results - Extracted JDBC value [6] - [TC-001]
10:24:18.137 [main] DEBUG org.hibernate.orm.results.loading.entity - (EntityResultInitializer) Done materializing entityInstance : org.frcpm.models.Component(c)#57
10:24:18.137 [main] DEBUG org.hibernate.orm.results.loading - Calling top-level assembler (0 / 1) : org.hibernate.sql.results.graph.entity.internal.EntityAssembler@4c7725bb
10:24:18.137 [main] DEBUG org.hibernate.orm.results - Extracted JDBC value [0] - [58]
10:24:18.137 [main] DEBUG org.hibernate.orm.results.loading.entity - (EntityResultInitializer) Hydrated EntityKey (org.frcpm.models.Component(c)): 58
10:24:18.137 [main] DEBUG org.hibernate.orm.results.loading.org.hibernate.orm.results.loading.collection - (DelayedCollectionInitializer) Current row collection key : org.frcpm.models.Component(c).requiredForTasks#58
10:24:18.137 [main] DEBUG org.hibernate.orm.results.loading.entity - (EntityResultInitializer) Created new entity instance [org.frcpm.models.Component(c)#58] : 331636084
10:24:18.137 [main] DEBUG org.hibernate.orm.results - Extracted JDBC value [1] - [null]
10:24:18.137 [main] DEBUG org.hibernate.orm.results - Extracted JDBC value [2] - [false]
10:24:18.137 [main] DEBUG org.hibernate.orm.results - Extracted JDBC value [3] - [Second test component description]
10:24:18.137 [main] DEBUG org.hibernate.orm.results - Extracted JDBC value [4] - [2025-05-02]
10:24:18.137 [main] DEBUG org.hibernate.orm.results - Extracted JDBC value [5] - [Test Component 2]
10:24:18.137 [main] DEBUG org.hibernate.orm.results - Extracted JDBC value [6] - [TC-002]
10:24:18.137 [main] DEBUG org.hibernate.orm.results.loading.entity - (EntityResultInitializer) Done materializing entityInstance : org.frcpm.models.Component(c)#58
10:24:18.137 [main] DEBUG org.hibernate.orm.results.loading - Calling top-level assembler (0 / 1) : org.hibernate.sql.results.graph.entity.internal.EntityAssembler@4c7725bb
10:24:18.137 [main] DEBUG org.hibernate.orm.results - Extracted JDBC value [0] - [60]
10:24:18.137 [main] DEBUG org.hibernate.orm.results.loading.entity - (EntityResultInitializer) Hydrated EntityKey (org.frcpm.models.Component(c)): 60
10:24:18.137 [main] DEBUG org.hibernate.orm.results.loading.org.hibernate.orm.results.loading.collection - (DelayedCollectionInitializer) Current row collection key : org.frcpm.models.Component(c).requiredForTasks#60
10:24:18.137 [main] DEBUG org.hibernate.orm.results.loading.entity - (EntityResultInitializer) Created new entity instance [org.frcpm.models.Component(c)#60] : 268426347
10:24:18.137 [main] DEBUG org.hibernate.orm.results - Extracted JDBC value [1] - [null]
10:24:18.137 [main] DEBUG org.hibernate.orm.results - Extracted JDBC value [2] - [false]
10:24:18.137 [main] DEBUG org.hibernate.orm.results - Extracted JDBC value [3] - [First test component description]
10:24:18.137 [main] DEBUG org.hibernate.orm.results - Extracted JDBC value [4] - [2025-04-30]
10:24:18.137 [main] DEBUG org.hibernate.orm.results - Extracted JDBC value [5] - [Test Component 1]
10:24:18.137 [main] DEBUG org.hibernate.orm.results - Extracted JDBC value [6] - [TC-001]
10:24:18.137 [main] DEBUG org.hibernate.orm.results.loading.entity - (EntityResultInitializer) Done materializing entityInstance : org.frcpm.models.Component(c)#60
10:24:18.137 [main] DEBUG org.hibernate.orm.results.loading - Calling top-level assembler (0 / 1) : org.hibernate.sql.results.graph.entity.internal.EntityAssembler@4c7725bb
10:24:18.137 [main] DEBUG org.hibernate.orm.results - Extracted JDBC value [0] - [61]
10:24:18.137 [main] DEBUG org.hibernate.orm.results.loading.entity - (EntityResultInitializer) Hydrated EntityKey (org.frcpm.models.Component(c)): 61
10:24:18.137 [main] DEBUG org.hibernate.orm.results.loading.org.hibernate.orm.results.loading.collection - (DelayedCollectionInitializer) Current row collection key : org.frcpm.models.Component(c).requiredForTasks#61
10:24:18.137 [main] DEBUG org.hibernate.orm.results.loading.entity - (EntityResultInitializer) Created new entity instance [org.frcpm.models.Component(c)#61] : 1988705278
10:24:18.137 [main] DEBUG org.hibernate.orm.results - Extracted JDBC value [1] - [null]
10:24:18.137 [main] DEBUG org.hibernate.orm.results - Extracted JDBC value [2] - [false]
10:24:18.137 [main] DEBUG org.hibernate.orm.results - Extracted JDBC value [3] - [Second test component description]
10:24:18.137 [main] DEBUG org.hibernate.orm.results - Extracted JDBC value [4] - [2025-05-02]
10:24:18.137 [main] DEBUG org.hibernate.orm.results - Extracted JDBC value [5] - [Test Component 2]
10:24:18.137 [main] DEBUG org.hibernate.orm.results - Extracted JDBC value [6] - [TC-002]
10:24:18.137 [main] DEBUG org.hibernate.orm.results.loading.entity - (EntityResultInitializer) Done materializing entityInstance : org.frcpm.models.Component(c)#61
10:24:18.138 [main] DEBUG org.hibernate.orm.results.loading - Calling top-level assembler (0 / 1) : org.hibernate.sql.results.graph.entity.internal.EntityAssembler@4c7725bb
10:24:18.138 [main] DEBUG org.hibernate.orm.results - Extracted JDBC value [0] - [63]
10:24:18.138 [main] DEBUG org.hibernate.orm.results.loading.entity - (EntityResultInitializer) Hydrated EntityKey (org.frcpm.models.Component(c)): 63
10:24:18.138 [main] DEBUG org.hibernate.orm.results.loading.org.hibernate.orm.results.loading.collection - (DelayedCollectionInitializer) Current row collection key : org.frcpm.models.Component(c).requiredForTasks#63
10:24:18.138 [main] DEBUG org.hibernate.orm.results.loading.entity - (EntityResultInitializer) Created new entity instance [org.frcpm.models.Component(c)#63] : 901745330
10:24:18.138 [main] DEBUG org.hibernate.orm.results - Extracted JDBC value [1] - [null]
10:24:18.138 [main] DEBUG org.hibernate.orm.results - Extracted JDBC value [2] - [false]
10:24:18.138 [main] DEBUG org.hibernate.orm.results - Extracted JDBC value [3] - [null]
10:24:18.138 [main] DEBUG org.hibernate.orm.results - Extracted JDBC value [4] - [null]
10:24:18.138 [main] DEBUG org.hibernate.orm.results - Extracted JDBC value [5] - [Test Count Component]
10:24:18.138 [main] DEBUG org.hibernate.orm.results - Extracted JDBC value [6] - [TCC-001]
10:24:18.138 [main] DEBUG org.hibernate.orm.results.loading.entity - (EntityResultInitializer) Done materializing entityInstance : org.frcpm.models.Component(c)#63
10:24:18.138 [main] DEBUG org.hibernate.orm.results.loading - Calling top-level assembler (0 / 1) : org.hibernate.sql.results.graph.entity.internal.EntityAssembler@4c7725bb
10:24:18.138 [main] DEBUG org.hibernate.orm.results - Extracted JDBC value [0] - [64]
10:24:18.138 [main] DEBUG org.hibernate.orm.results.loading.entity - (EntityResultInitializer) Hydrated EntityKey (org.frcpm.models.Component(c)): 64
10:24:18.138 [main] DEBUG org.hibernate.orm.results.loading.org.hibernate.orm.results.loading.collection - (DelayedCollectionInitializer) Current row collection key : org.frcpm.models.Component(c).requiredForTasks#64
10:24:18.138 [main] DEBUG org.hibernate.orm.results.loading.entity - (EntityResultInitializer) Created new entity instance [org.frcpm.models.Component(c)#64] : 1916132055
10:24:18.138 [main] DEBUG org.hibernate.orm.results - Extracted JDBC value [1] - [null]
10:24:18.138 [main] DEBUG org.hibernate.orm.results - Extracted JDBC value [2] - [false]
10:24:18.138 [main] DEBUG org.hibernate.orm.results - Extracted JDBC value [3] - [First test component description]
10:24:18.138 [main] DEBUG org.hibernate.orm.results - Extracted JDBC value [4] - [2025-04-30]
10:24:18.138 [main] DEBUG org.hibernate.orm.results - Extracted JDBC value [5] - [Test Component 1]
10:24:18.138 [main] DEBUG org.hibernate.orm.results - Extracted JDBC value [6] - [TC-001]
10:24:18.138 [main] DEBUG org.hibernate.orm.results.loading.entity - (EntityResultInitializer) Done materializing entityInstance : org.frcpm.models.Component(c)#64
10:24:18.138 [main] DEBUG org.hibernate.orm.results.loading - Calling top-level assembler (0 / 1) : org.hibernate.sql.results.graph.entity.internal.EntityAssembler@4c7725bb
10:24:18.138 [main] DEBUG org.hibernate.orm.results - Extracted JDBC value [0] - [65]
10:24:18.138 [main] DEBUG org.hibernate.orm.results.loading.entity - (EntityResultInitializer) Hydrated EntityKey (org.frcpm.models.Component(c)): 65
10:24:18.138 [main] DEBUG org.hibernate.orm.results.loading.org.hibernate.orm.results.loading.collection - (DelayedCollectionInitializer) Current row collection key : org.frcpm.models.Component(c).requiredForTasks#65
10:24:18.138 [main] DEBUG org.hibernate.orm.results.loading.entity - (EntityResultInitializer) Created new entity instance [org.frcpm.models.Component(c)#65] : 1875252736
10:24:18.138 [main] DEBUG org.hibernate.orm.results - Extracted JDBC value [1] - [null]
10:24:18.138 [main] DEBUG org.hibernate.orm.results - Extracted JDBC value [2] - [false]
10:24:18.138 [main] DEBUG org.hibernate.orm.results - Extracted JDBC value [3] - [Second test component description]
10:24:18.138 [main] DEBUG org.hibernate.orm.results - Extracted JDBC value [4] - [2025-05-02]
10:24:18.138 [main] DEBUG org.hibernate.orm.results - Extracted JDBC value [5] - [Test Component 2]
10:24:18.138 [main] DEBUG org.hibernate.orm.results - Extracted JDBC value [6] - [TC-002]
10:24:18.138 [main] DEBUG org.hibernate.orm.results.loading.entity - (EntityResultInitializer) Done materializing entityInstance : org.frcpm.models.Component(c)#65
10:24:18.138 [main] DEBUG org.hibernate.orm.results.loading - Calling top-level assembler (0 / 1) : org.hibernate.sql.results.graph.entity.internal.EntityAssembler@4c7725bb
10:24:18.138 [main] DEBUG org.hibernate.orm.results - Extracted JDBC value [0] - [67]
10:24:18.138 [main] DEBUG org.hibernate.orm.results.loading.entity - (EntityResultInitializer) Hydrated EntityKey (org.frcpm.models.Component(c)): 67
10:24:18.138 [main] DEBUG org.hibernate.orm.results.loading.org.hibernate.orm.results.loading.collection - (DelayedCollectionInitializer) Current row collection key : org.frcpm.models.Component(c).requiredForTasks#67
10:24:18.138 [main] DEBUG org.hibernate.orm.results.loading.entity - (EntityResultInitializer) Created new entity instance [org.frcpm.models.Component(c)#67] : 477670026
10:24:18.138 [main] DEBUG org.hibernate.orm.results - Extracted JDBC value [1] - [null]
10:24:18.138 [main] DEBUG org.hibernate.orm.results - Extracted JDBC value [2] - [false]
10:24:18.138 [main] DEBUG org.hibernate.orm.results - Extracted JDBC value [3] - [Save component description]
10:24:18.138 [main] DEBUG org.hibernate.orm.results - Extracted JDBC value [4] - [2025-05-10]
10:24:18.138 [main] DEBUG org.hibernate.orm.results - Extracted JDBC value [5] - [Test Save Component]
10:24:18.138 [main] DEBUG org.hibernate.orm.results - Extracted JDBC value [6] - [TSC-001]
10:24:18.138 [main] DEBUG org.hibernate.orm.results.loading.entity - (EntityResultInitializer) Done materializing entityInstance : org.frcpm.models.Component(c)#67
10:24:18.138 [main] DEBUG org.hibernate.orm.results.loading - Calling top-level assembler (0 / 1) : org.hibernate.sql.results.graph.entity.internal.EntityAssembler@4c7725bb
10:24:18.138 [main] DEBUG org.hibernate.orm.results - Extracted JDBC value [0] - [68]
10:24:18.138 [main] DEBUG org.hibernate.orm.results.loading.entity - (EntityResultInitializer) Hydrated EntityKey (org.frcpm.models.Component(c)): 68
10:24:18.138 [main] DEBUG org.hibernate.orm.results.loading.org.hibernate.orm.results.loading.collection - (DelayedCollectionInitializer) Current row collection key : org.frcpm.models.Component(c).requiredForTasks#68
10:24:18.138 [main] DEBUG org.hibernate.orm.results.loading.entity - (EntityResultInitializer) Created new entity instance [org.frcpm.models.Component(c)#68] : 1244561301
10:24:18.138 [main] DEBUG org.hibernate.orm.results - Extracted JDBC value [1] - [null]
10:24:18.138 [main] DEBUG org.hibernate.orm.results - Extracted JDBC value [2] - [false]
10:24:18.138 [main] DEBUG org.hibernate.orm.results - Extracted JDBC value [3] - [First test component description]
10:24:18.138 [main] DEBUG org.hibernate.orm.results - Extracted JDBC value [4] - [2025-04-30]
10:24:18.138 [main] DEBUG org.hibernate.orm.results - Extracted JDBC value [5] - [Test Component 1]
10:24:18.138 [main] DEBUG org.hibernate.orm.results - Extracted JDBC value [6] - [TC-001]
10:24:18.138 [main] DEBUG org.hibernate.orm.results.loading.entity - (EntityResultInitializer) Done materializing entityInstance : org.frcpm.models.Component(c)#68
10:24:18.138 [main] DEBUG org.hibernate.orm.results.loading - Calling top-level assembler (0 / 1) : org.hibernate.sql.results.graph.entity.internal.EntityAssembler@4c7725bb
10:24:18.138 [main] DEBUG org.hibernate.orm.results - Extracted JDBC value [0] - [69]
10:24:18.138 [main] DEBUG org.hibernate.orm.results.loading.entity - (EntityResultInitializer) Hydrated EntityKey (org.frcpm.models.Component(c)): 69
10:24:18.138 [main] DEBUG org.hibernate.orm.results.loading.org.hibernate.orm.results.loading.collection - (DelayedCollectionInitializer) Current row collection key : org.frcpm.models.Component(c).requiredForTasks#69
10:24:18.138 [main] DEBUG org.hibernate.orm.results.loading.entity - (EntityResultInitializer) Created new entity instance [org.frcpm.models.Component(c)#69] : 1786536941
10:24:18.138 [main] DEBUG org.hibernate.orm.results - Extracted JDBC value [1] - [null]
10:24:18.138 [main] DEBUG org.hibernate.orm.results - Extracted JDBC value [2] - [false]
10:24:18.138 [main] DEBUG org.hibernate.orm.results - Extracted JDBC value [3] - [Second test component description]
10:24:18.138 [main] DEBUG org.hibernate.orm.results - Extracted JDBC value [4] - [2025-05-02]
10:24:18.138 [main] DEBUG org.hibernate.orm.results - Extracted JDBC value [5] - [Test Component 2]
10:24:18.138 [main] DEBUG org.hibernate.orm.results - Extracted JDBC value [6] - [TC-002]
10:24:18.138 [main] DEBUG org.hibernate.orm.results.loading.entity - (EntityResultInitializer) Done materializing entityInstance : org.frcpm.models.Component(c)#69
10:24:18.138 [main] DEBUG org.hibernate.orm.results.loading - Calling top-level assembler (0 / 1) : org.hibernate.sql.results.graph.entity.internal.EntityAssembler@4c7725bb
10:24:18.138 [main] DEBUG org.hibernate.orm.results - Extracted JDBC value [0] - [71]
10:24:18.138 [main] DEBUG org.hibernate.orm.results.loading.entity - (EntityResultInitializer) Hydrated EntityKey (org.frcpm.models.Component(c)): 71
10:24:18.138 [main] DEBUG org.hibernate.orm.results.loading.org.hibernate.orm.results.loading.collection - (DelayedCollectionInitializer) Current row collection key : org.frcpm.models.Component(c).requiredForTasks#71
10:24:18.138 [main] DEBUG org.hibernate.orm.results.loading.entity - (EntityResultInitializer) Created new entity instance [org.frcpm.models.Component(c)#71] : 2119469233
10:24:18.138 [main] DEBUG org.hibernate.orm.results - Extracted JDBC value [1] - [null]
10:24:18.138 [main] DEBUG org.hibernate.orm.results - Extracted JDBC value [2] - [false]
10:24:18.138 [main] DEBUG org.hibernate.orm.results - Extracted JDBC value [3] - [First test component description]
10:24:18.138 [main] DEBUG org.hibernate.orm.results - Extracted JDBC value [4] - [2025-04-30]
10:24:18.138 [main] DEBUG org.hibernate.orm.results - Extracted JDBC value [5] - [Test Component 1]
10:24:18.138 [main] DEBUG org.hibernate.orm.results - Extracted JDBC value [6] - [TC-001]
10:24:18.138 [main] DEBUG org.hibernate.orm.results.loading.entity - (EntityResultInitializer) Done materializing entityInstance : org.frcpm.models.Component(c)#71
10:24:18.138 [main] DEBUG org.hibernate.orm.results.loading - Calling top-level assembler (0 / 1) : org.hibernate.sql.results.graph.entity.internal.EntityAssembler@4c7725bb
10:24:18.138 [main] DEBUG org.hibernate.orm.results - Extracted JDBC value [0] - [72]
10:24:18.138 [main] DEBUG org.hibernate.orm.results.loading.entity - (EntityResultInitializer) Hydrated EntityKey (org.frcpm.models.Component(c)): 72
10:24:18.138 [main] DEBUG org.hibernate.orm.results.loading.org.hibernate.orm.results.loading.collection - (DelayedCollectionInitializer) Current row collection key : org.frcpm.models.Component(c).requiredForTasks#72
10:24:18.138 [main] DEBUG org.hibernate.orm.results.loading.entity - (EntityResultInitializer) Created new entity instance [org.frcpm.models.Component(c)#72] : 165063349
10:24:18.138 [main] DEBUG org.hibernate.orm.results - Extracted JDBC value [1] - [null]
10:24:18.138 [main] DEBUG org.hibernate.orm.results - Extracted JDBC value [2] - [false]
10:24:18.138 [main] DEBUG org.hibernate.orm.results - Extracted JDBC value [3] - [Second test component description]
10:24:18.138 [main] DEBUG org.hibernate.orm.results - Extracted JDBC value [4] - [2025-05-02]
10:24:18.138 [main] DEBUG org.hibernate.orm.results - Extracted JDBC value [5] - [Test Component 2]
10:24:18.138 [main] DEBUG org.hibernate.orm.results - Extracted JDBC value [6] - [TC-002]
10:24:18.138 [main] DEBUG org.hibernate.orm.results.loading.entity - (EntityResultInitializer) Done materializing entityInstance : org.frcpm.models.Component(c)#72
10:24:18.138 [main] DEBUG org.hibernate.orm.results.loading - Calling top-level assembler (0 / 1) : org.hibernate.sql.results.graph.entity.internal.EntityAssembler@4c7725bb
10:24:18.138 [main] DEBUG org.hibernate.orm.results - Extracted JDBC value [0] - [74]
10:24:18.138 [main] DEBUG org.hibernate.orm.results.loading.entity - (EntityResultInitializer) Hydrated EntityKey (org.frcpm.models.Component(c)): 74
10:24:18.138 [main] DEBUG org.hibernate.orm.results.loading.org.hibernate.orm.results.loading.collection - (DelayedCollectionInitializer) Current row collection key : org.frcpm.models.Component(c).requiredForTasks#74
10:24:18.138 [main] DEBUG org.hibernate.orm.results.loading.entity - (EntityResultInitializer) Created new entity instance [org.frcpm.models.Component(c)#74] : 1748082240
10:24:18.138 [main] DEBUG org.hibernate.orm.results - Extracted JDBC value [1] - [null]
10:24:18.139 [main] DEBUG org.hibernate.orm.results - Extracted JDBC value [2] - [false]
10:24:18.139 [main] DEBUG org.hibernate.orm.results - Extracted JDBC value [3] - [First test component description]
10:24:18.139 [main] DEBUG org.hibernate.orm.results - Extracted JDBC value [4] - [2025-04-30]
10:24:18.139 [main] DEBUG org.hibernate.orm.results - Extracted JDBC value [5] - [Test Component 1]
10:24:18.139 [main] DEBUG org.hibernate.orm.results - Extracted JDBC value [6] - [TC-001]
10:24:18.139 [main] DEBUG org.hibernate.orm.results.loading.entity - (EntityResultInitializer) Done materializing entityInstance : org.frcpm.models.Component(c)#74
10:24:18.139 [main] DEBUG org.hibernate.orm.results.loading - Calling top-level assembler (0 / 1) : org.hibernate.sql.results.graph.entity.internal.EntityAssembler@4c7725bb
10:24:18.139 [main] DEBUG org.hibernate.orm.results - Extracted JDBC value [0] - [75]
10:24:18.139 [main] DEBUG org.hibernate.orm.results.loading.entity - (EntityResultInitializer) Hydrated EntityKey (org.frcpm.models.Component(c)): 75
10:24:18.139 [main] DEBUG org.hibernate.orm.results.loading.org.hibernate.orm.results.loading.collection - (DelayedCollectionInitializer) Current row collection key : org.frcpm.models.Component(c).requiredForTasks#75
10:24:18.139 [main] DEBUG org.hibernate.orm.results.loading.entity - (EntityResultInitializer) Created new entity instance [org.frcpm.models.Component(c)#75] : 843468568
10:24:18.139 [main] DEBUG org.hibernate.orm.results - Extracted JDBC value [1] - [null]
10:24:18.139 [main] DEBUG org.hibernate.orm.results - Extracted JDBC value [2] - [false]
10:24:18.139 [main] DEBUG org.hibernate.orm.results - Extracted JDBC value [3] - [Second test component description]
10:24:18.139 [main] DEBUG org.hibernate.orm.results - Extracted JDBC value [4] - [2025-05-02]
10:24:18.139 [main] DEBUG org.hibernate.orm.results - Extracted JDBC value [5] - [Test Component 2]
10:24:18.139 [main] DEBUG org.hibernate.orm.results - Extracted JDBC value [6] - [TC-002]
10:24:18.139 [main] DEBUG org.hibernate.orm.results.loading.entity - (EntityResultInitializer) Done materializing entityInstance : org.frcpm.models.Component(c)#75
10:24:18.139 [main] DEBUG org.hibernate.orm.results.loading - Calling top-level assembler (0 / 1) : org.hibernate.sql.results.graph.entity.internal.EntityAssembler@4c7725bb
10:24:18.139 [main] DEBUG org.hibernate.resource.jdbc.internal.LogicalConnectionManagedImpl - Initiating JDBC connection release from afterTransaction
10:24:18.139 [main] DEBUG org.hibernate.resource.jdbc.internal.LogicalConnectionManagedImpl - Initiating JDBC connection release from afterTransaction
10:24:18.140 [main] DEBUG org.hibernate.orm.sql.ast.create - Created new SQL alias : c1_0
10:24:18.141 [main] DEBUG org.hibernate.orm.sql.ast.create - Registration of TableGroup [StandardTableGroup(org.frcpm.models.Component(959674427603700))] with identifierForTableGroup [org.frcpm.models.Component] for NavigablePath [org.frcpm.models.Component] 
10:24:18.141 [main] DEBUG org.hibernate.orm.results.graph.AST - DomainResult Graph:
 \-EntityResultImpl [org.frcpm.models.Component(959674427603700)]
 |  +-BasicFetch [org.frcpm.models.Component(959674427603700).actualDelivery]
 |  +-BasicFetch [org.frcpm.models.Component(959674427603700).delivered]
 |  +-BasicFetch [org.frcpm.models.Component(959674427603700).description]
 |  +-BasicFetch [org.frcpm.models.Component(959674427603700).expectedDelivery]
 |  +-BasicFetch [org.frcpm.models.Component(959674427603700).name]
 |  +-BasicFetch [org.frcpm.models.Component(959674427603700).partNumber]
 |  \-DelayedCollectionFetch [org.frcpm.models.Component(959674427603700).requiredForTasks]

10:24:18.142 [main] DEBUG org.hibernate.orm.sql.ast.tree - SQL AST Tree:
    SelectStatement {
      FromClause {
        StandardTableGroup (c1 : org.frcpm.models.Component(959674427603700)) {
          primaryTableReference : components as c1_0
        }
      }
    }

10:24:18.142 [main] DEBUG org.hibernate.orm.sql.exec - Skipping reading Query result cache data: cache-enabled = false, cache-mode = NORMAL
10:24:18.142 [main] DEBUG org.hibernate.orm.results - Initializer list:
	  org.frcpm.models.Component(959674427603700).requiredForTasks -> DelayedCollectionInitializer(org.frcpm.models.Component(959674427603700).requiredForTasks)@1538800383 (PluralAttribute(org.frcpm.models.Component.requiredForTasks))
	  org.frcpm.models.Component(959674427603700) -> EntityResultInitializer(org.frcpm.models.Component(959674427603700))@511977004 (SingleTableEntityPersister(org.frcpm.models.Component))

10:24:18.142 [main] DEBUG org.hibernate.SQL - select c1_0.id,c1_0.actual_delivery,c1_0.is_delivered,c1_0.description,c1_0.expected_delivery,c1_0.name,c1_0.part_number from components c1_0
10:24:18.143 [main] DEBUG org.hibernate.orm.results - Extracted JDBC value [0] - [1]
10:24:18.143 [main] DEBUG org.hibernate.orm.results.loading.entity - (EntityResultInitializer) Hydrated EntityKey (org.frcpm.models.Component(959674427603700)): 1
10:24:18.143 [main] DEBUG org.hibernate.orm.results.loading.org.hibernate.orm.results.loading.collection - (DelayedCollectionInitializer) Current row collection key : org.frcpm.models.Component(959674427603700).requiredForTasks#1
10:24:18.143 [main] DEBUG org.hibernate.orm.results.loading.entity - (EntityResultInitializer) Created new entity instance [org.frcpm.models.Component(959674427603700)#1] : 153625833
10:24:18.143 [main] DEBUG org.hibernate.orm.results - Extracted JDBC value [1] - [null]
10:24:18.143 [main] DEBUG org.hibernate.orm.results - Extracted JDBC value [2] - [false]
10:24:18.143 [main] DEBUG org.hibernate.orm.results - Extracted JDBC value [3] - [Motor controller for NEO brushless motors]
10:24:18.143 [main] DEBUG org.hibernate.orm.results - Extracted JDBC value [4] - [2025-05-04]
10:24:18.143 [main] DEBUG org.hibernate.orm.results - Extracted JDBC value [5] - [SPARK MAX]
10:24:18.143 [main] DEBUG org.hibernate.orm.results - Extracted JDBC value [6] - [REV-11-2158]
10:24:18.143 [main] DEBUG org.hibernate.orm.results.loading.entity - (EntityResultInitializer) Done materializing entityInstance : org.frcpm.models.Component(959674427603700)#1
10:24:18.143 [main] DEBUG org.hibernate.orm.results.loading - Calling top-level assembler (0 / 1) : org.hibernate.sql.results.graph.entity.internal.EntityAssembler@718de588
10:24:18.143 [main] DEBUG org.hibernate.orm.results - Extracted JDBC value [0] - [2]
10:24:18.143 [main] DEBUG org.hibernate.orm.results.loading.entity - (EntityResultInitializer) Hydrated EntityKey (org.frcpm.models.Component(959674427603700)): 2
10:24:18.143 [main] DEBUG org.hibernate.orm.results.loading.org.hibernate.orm.results.loading.collection - (DelayedCollectionInitializer) Current row collection key : org.frcpm.models.Component(959674427603700).requiredForTasks#2
10:24:18.143 [main] DEBUG org.hibernate.orm.results.loading.entity - (EntityResultInitializer) Created new entity instance [org.frcpm.models.Component(959674427603700)#2] : 242387061
10:24:18.143 [main] DEBUG org.hibernate.orm.results - Extracted JDBC value [1] - [null]
10:24:18.143 [main] DEBUG org.hibernate.orm.results - Extracted JDBC value [2] - [false]
10:24:18.143 [main] DEBUG org.hibernate.orm.results - Extracted JDBC value [3] - [High performance brushless DC motor]
10:24:18.143 [main] DEBUG org.hibernate.orm.results - Extracted JDBC value [4] - [2025-05-04]
10:24:18.143 [main] DEBUG org.hibernate.orm.results - Extracted JDBC value [5] - [NEO Brushless Motor]
10:24:18.143 [main] DEBUG org.hibernate.orm.results - Extracted JDBC value [6] - [REV-21-1650]
10:24:18.143 [main] DEBUG org.hibernate.orm.results.loading.entity - (EntityResultInitializer) Done materializing entityInstance : org.frcpm.models.Component(959674427603700)#2
10:24:18.143 [main] DEBUG org.hibernate.orm.results.loading - Calling top-level assembler (0 / 1) : org.hibernate.sql.results.graph.entity.internal.EntityAssembler@718de588
10:24:18.143 [main] DEBUG org.hibernate.orm.results - Extracted JDBC value [0] - [3]
10:24:18.143 [main] DEBUG org.hibernate.orm.results.loading.entity - (EntityResultInitializer) Hydrated EntityKey (org.frcpm.models.Component(959674427603700)): 3
10:24:18.143 [main] DEBUG org.hibernate.orm.results.loading.org.hibernate.orm.results.loading.collection - (DelayedCollectionInitializer) Current row collection key : org.frcpm.models.Component(959674427603700).requiredForTasks#3
10:24:18.143 [main] DEBUG org.hibernate.orm.results.loading.entity - (EntityResultInitializer) Created new entity instance [org.frcpm.models.Component(959674427603700)#3] : 1711412152
10:24:18.143 [main] DEBUG org.hibernate.orm.results - Extracted JDBC value [1] - [2025-05-01]
10:24:18.143 [main] DEBUG org.hibernate.orm.results - Extracted JDBC value [2] - [true]
10:24:18.143 [main] DEBUG org.hibernate.orm.results - Extracted JDBC value [3] - [Omni-directional wheels for holonomic drive]
10:24:18.143 [main] DEBUG org.hibernate.orm.results - Extracted JDBC value [4] - [2025-05-02]
10:24:18.143 [main] DEBUG org.hibernate.orm.results - Extracted JDBC value [5] - [4" Omni Wheels]
10:24:18.143 [main] DEBUG org.hibernate.orm.results - Extracted JDBC value [6] - [AM-0016]
10:24:18.143 [main] DEBUG org.hibernate.orm.results.loading.entity - (EntityResultInitializer) Done materializing entityInstance : org.frcpm.models.Component(959674427603700)#3
10:24:18.143 [main] DEBUG org.hibernate.orm.results.loading - Calling top-level assembler (0 / 1) : org.hibernate.sql.results.graph.entity.internal.EntityAssembler@718de588
10:24:18.143 [main] DEBUG org.hibernate.orm.results - Extracted JDBC value [0] - [4]
10:24:18.143 [main] DEBUG org.hibernate.orm.results.loading.entity - (EntityResultInitializer) Hydrated EntityKey (org.frcpm.models.Component(959674427603700)): 4
10:24:18.143 [main] DEBUG org.hibernate.orm.results.loading.org.hibernate.orm.results.loading.collection - (DelayedCollectionInitializer) Current row collection key : org.frcpm.models.Component(959674427603700).requiredForTasks#4
10:24:18.143 [main] DEBUG org.hibernate.orm.results.loading.entity - (EntityResultInitializer) Created new entity instance [org.frcpm.models.Component(959674427603700)#4] : 1654002951
10:24:18.143 [main] DEBUG org.hibernate.orm.results - Extracted JDBC value [1] - [null]
10:24:18.143 [main] DEBUG org.hibernate.orm.results - Extracted JDBC value [2] - [false]
10:24:18.144 [main] DEBUG org.hibernate.orm.results - Extracted JDBC value [3] - [Smart camera for vision tracking]
10:24:18.144 [main] DEBUG org.hibernate.orm.results - Extracted JDBC value [4] - [2025-05-08]
10:24:18.144 [main] DEBUG org.hibernate.orm.results - Extracted JDBC value [5] - [Limelight 3]
10:24:18.144 [main] DEBUG org.hibernate.orm.results - Extracted JDBC value [6] - [LL3-1]
10:24:18.144 [main] DEBUG org.hibernate.orm.results.loading.entity - (EntityResultInitializer) Done materializing entityInstance : org.frcpm.models.Component(959674427603700)#4
10:24:18.144 [main] DEBUG org.hibernate.orm.results.loading - Calling top-level assembler (0 / 1) : org.hibernate.sql.results.graph.entity.internal.EntityAssembler@718de588
10:24:18.144 [main] DEBUG org.hibernate.orm.results - Extracted JDBC value [0] - [5]
10:24:18.144 [main] DEBUG org.hibernate.orm.results.loading.entity - (EntityResultInitializer) Hydrated EntityKey (org.frcpm.models.Component(959674427603700)): 5
10:24:18.144 [main] DEBUG org.hibernate.orm.results.loading.org.hibernate.orm.results.loading.collection - (DelayedCollectionInitializer) Current row collection key : org.frcpm.models.Component(959674427603700).requiredForTasks#5
10:24:18.144 [main] DEBUG org.hibernate.orm.results.loading.entity - (EntityResultInitializer) Created new entity instance [org.frcpm.models.Component(959674427603700)#5] : 2113026681
10:24:18.144 [main] DEBUG org.hibernate.orm.results - Extracted JDBC value [1] - [null]
10:24:18.144 [main] DEBUG org.hibernate.orm.results - Extracted JDBC value [2] - [false]
10:24:18.144 [main] DEBUG org.hibernate.orm.results - Extracted JDBC value [3] - [Control module for pneumatic systems]
10:24:18.144 [main] DEBUG org.hibernate.orm.results - Extracted JDBC value [4] - [2025-05-06]
10:24:18.144 [main] DEBUG org.hibernate.orm.results - Extracted JDBC value [5] - [Pneumatic Control Module]
10:24:18.144 [main] DEBUG org.hibernate.orm.results - Extracted JDBC value [6] - [CTRE-PCM]
10:24:18.144 [main] DEBUG org.hibernate.orm.results.loading.entity - (EntityResultInitializer) Done materializing entityInstance : org.frcpm.models.Component(959674427603700)#5
10:24:18.144 [main] DEBUG org.hibernate.orm.results.loading - Calling top-level assembler (0 / 1) : org.hibernate.sql.results.graph.entity.internal.EntityAssembler@718de588
10:24:18.144 [main] DEBUG org.hibernate.orm.results - Extracted JDBC value [0] - [12]
10:24:18.144 [main] DEBUG org.hibernate.orm.results.loading.entity - (EntityResultInitializer) Hydrated EntityKey (org.frcpm.models.Component(959674427603700)): 12
10:24:18.144 [main] DEBUG org.hibernate.orm.results.loading.org.hibernate.orm.results.loading.collection - (DelayedCollectionInitializer) Current row collection key : org.frcpm.models.Component(959674427603700).requiredForTasks#12
10:24:18.144 [main] DEBUG org.hibernate.orm.results.loading.entity - (EntityResultInitializer) Created new entity instance [org.frcpm.models.Component(959674427603700)#12] : 1072267179
10:24:18.144 [main] DEBUG org.hibernate.orm.results - Extracted JDBC value [1] - [null]
10:24:18.144 [main] DEBUG org.hibernate.orm.results - Extracted JDBC value [2] - [false]
10:24:18.144 [main] DEBUG org.hibernate.orm.results - Extracted JDBC value [3] - [null]
10:24:18.144 [main] DEBUG org.hibernate.orm.results - Extracted JDBC value [4] - [null]
10:24:18.144 [main] DEBUG org.hibernate.orm.results - Extracted JDBC value [5] - [Test Count Component]
10:24:18.144 [main] DEBUG org.hibernate.orm.results - Extracted JDBC value [6] - [TCC-001]
10:24:18.144 [main] DEBUG org.hibernate.orm.results.loading.entity - (EntityResultInitializer) Done materializing entityInstance : org.frcpm.models.Component(959674427603700)#12
10:24:18.144 [main] DEBUG org.hibernate.orm.results.loading - Calling top-level assembler (0 / 1) : org.hibernate.sql.results.graph.entity.internal.EntityAssembler@718de588
10:24:18.144 [main] DEBUG org.hibernate.orm.results - Extracted JDBC value [0] - [16]
10:24:18.144 [main] DEBUG org.hibernate.orm.results.loading.entity - (EntityResultInitializer) Hydrated EntityKey (org.frcpm.models.Component(959674427603700)): 16
10:24:18.144 [main] DEBUG org.hibernate.orm.results.loading.org.hibernate.orm.results.loading.collection - (DelayedCollectionInitializer) Current row collection key : org.frcpm.models.Component(959674427603700).requiredForTasks#16
10:24:18.144 [main] DEBUG org.hibernate.orm.results.loading.entity - (EntityResultInitializer) Created new entity instance [org.frcpm.models.Component(959674427603700)#16] : 64252336
10:24:18.144 [main] DEBUG org.hibernate.orm.results - Extracted JDBC value [1] - [null]
10:24:18.144 [main] DEBUG org.hibernate.orm.results - Extracted JDBC value [2] - [false]
10:24:18.144 [main] DEBUG org.hibernate.orm.results - Extracted JDBC value [3] - [Save component description]
10:24:18.144 [main] DEBUG org.hibernate.orm.results - Extracted JDBC value [4] - [2025-05-10]
10:24:18.144 [main] DEBUG org.hibernate.orm.results - Extracted JDBC value [5] - [Test Save Component]
10:24:18.144 [main] DEBUG org.hibernate.orm.results - Extracted JDBC value [6] - [TSC-001]
10:24:18.144 [main] DEBUG org.hibernate.orm.results.loading.entity - (EntityResultInitializer) Done materializing entityInstance : org.frcpm.models.Component(959674427603700)#16
10:24:18.144 [main] DEBUG org.hibernate.orm.results.loading - Calling top-level assembler (0 / 1) : org.hibernate.sql.results.graph.entity.internal.EntityAssembler@718de588
10:24:18.144 [main] DEBUG org.hibernate.orm.results - Extracted JDBC value [0] - [40]
10:24:18.144 [main] DEBUG org.hibernate.orm.results.loading.entity - (EntityResultInitializer) Hydrated EntityKey (org.frcpm.models.Component(959674427603700)): 40
10:24:18.144 [main] DEBUG org.hibernate.orm.results.loading.org.hibernate.orm.results.loading.collection - (DelayedCollectionInitializer) Current row collection key : org.frcpm.models.Component(959674427603700).requiredForTasks#40
10:24:18.144 [main] DEBUG org.hibernate.orm.results.loading.entity - (EntityResultInitializer) Created new entity instance [org.frcpm.models.Component(959674427603700)#40] : 838776749
10:24:18.144 [main] DEBUG org.hibernate.orm.results - Extracted JDBC value [1] - [2025-04-25]
10:24:18.144 [main] DEBUG org.hibernate.orm.results - Extracted JDBC value [2] - [true]
10:24:18.144 [main] DEBUG org.hibernate.orm.results - Extracted JDBC value [3] - [Updated description]
10:24:18.144 [main] DEBUG org.hibernate.orm.results - Extracted JDBC value [4] - [null]
10:24:18.144 [main] DEBUG org.hibernate.orm.results - Extracted JDBC value [5] - [Updated Component Name]
10:24:18.144 [main] DEBUG org.hibernate.orm.results - Extracted JDBC value [6] - [TUC-001]
10:24:18.144 [main] DEBUG org.hibernate.orm.results.loading.entity - (EntityResultInitializer) Done materializing entityInstance : org.frcpm.models.Component(959674427603700)#40
10:24:18.144 [main] DEBUG org.hibernate.orm.results.loading - Calling top-level assembler (0 / 1) : org.hibernate.sql.results.graph.entity.internal.EntityAssembler@718de588
10:24:18.145 [main] DEBUG org.hibernate.orm.results - Extracted JDBC value [0] - [55]
10:24:18.145 [main] DEBUG org.hibernate.orm.results.loading.entity - (EntityResultInitializer) Hydrated EntityKey (org.frcpm.models.Component(959674427603700)): 55
10:24:18.145 [main] DEBUG org.hibernate.orm.results.loading.org.hibernate.orm.results.loading.collection - (DelayedCollectionInitializer) Current row collection key : org.frcpm.models.Component(959674427603700).requiredForTasks#55
10:24:18.145 [main] DEBUG org.hibernate.orm.results.loading.entity - (EntityResultInitializer) Created new entity instance [org.frcpm.models.Component(959674427603700)#55] : 859964315
10:24:18.145 [main] DEBUG org.hibernate.orm.results - Extracted JDBC value [1] - [null]
10:24:18.145 [main] DEBUG org.hibernate.orm.results - Extracted JDBC value [2] - [false]
10:24:18.145 [main] DEBUG org.hibernate.orm.results - Extracted JDBC value [3] - [Component 1 for association test]
10:24:18.145 [main] DEBUG org.hibernate.orm.results - Extracted JDBC value [4] - [2025-04-28]
10:24:18.145 [main] DEBUG org.hibernate.orm.results - Extracted JDBC value [5] - [Test Component Assoc 1]
10:24:18.145 [main] DEBUG org.hibernate.orm.results - Extracted JDBC value [6] - [TC-ASSOC1]
10:24:18.145 [main] DEBUG org.hibernate.orm.results.loading.entity - (EntityResultInitializer) Done materializing entityInstance : org.frcpm.models.Component(959674427603700)#55
10:24:18.145 [main] DEBUG org.hibernate.orm.results.loading - Calling top-level assembler (0 / 1) : org.hibernate.sql.results.graph.entity.internal.EntityAssembler@718de588
10:24:18.145 [main] DEBUG org.hibernate.orm.results - Extracted JDBC value [0] - [56]
10:24:18.145 [main] DEBUG org.hibernate.orm.results.loading.entity - (EntityResultInitializer) Hydrated EntityKey (org.frcpm.models.Component(959674427603700)): 56
10:24:18.145 [main] DEBUG org.hibernate.orm.results.loading.org.hibernate.orm.results.loading.collection - (DelayedCollectionInitializer) Current row collection key : org.frcpm.models.Component(959674427603700).requiredForTasks#56
10:24:18.145 [main] DEBUG org.hibernate.orm.results.loading.entity - (EntityResultInitializer) Created new entity instance [org.frcpm.models.Component(959674427603700)#56] : 1175383902
10:24:18.145 [main] DEBUG org.hibernate.orm.results - Extracted JDBC value [1] - [null]
10:24:18.145 [main] DEBUG org.hibernate.orm.results - Extracted JDBC value [2] - [false]
10:24:18.145 [main] DEBUG org.hibernate.orm.results - Extracted JDBC value [3] - [Component 2 for association test]
10:24:18.145 [main] DEBUG org.hibernate.orm.results - Extracted JDBC value [4] - [2025-04-30]
10:24:18.145 [main] DEBUG org.hibernate.orm.results - Extracted JDBC value [5] - [Test Component Assoc 2]
10:24:18.145 [main] DEBUG org.hibernate.orm.results - Extracted JDBC value [6] - [TC-ASSOC2]
10:24:18.145 [main] DEBUG org.hibernate.orm.results.loading.entity - (EntityResultInitializer) Done materializing entityInstance : org.frcpm.models.Component(959674427603700)#56
10:24:18.145 [main] DEBUG org.hibernate.orm.results.loading - Calling top-level assembler (0 / 1) : org.hibernate.sql.results.graph.entity.internal.EntityAssembler@718de588
10:24:18.145 [main] DEBUG org.hibernate.orm.results - Extracted JDBC value [0] - [57]
10:24:18.145 [main] DEBUG org.hibernate.orm.results.loading.entity - (EntityResultInitializer) Hydrated EntityKey (org.frcpm.models.Component(959674427603700)): 57
10:24:18.145 [main] DEBUG org.hibernate.orm.results.loading.org.hibernate.orm.results.loading.collection - (DelayedCollectionInitializer) Current row collection key : org.frcpm.models.Component(959674427603700).requiredForTasks#57
10:24:18.145 [main] DEBUG org.hibernate.orm.results.loading.entity - (EntityResultInitializer) Created new entity instance [org.frcpm.models.Component(959674427603700)#57] : 768449709
10:24:18.145 [main] DEBUG org.hibernate.orm.results - Extracted JDBC value [1] - [null]
10:24:18.145 [main] DEBUG org.hibernate.orm.results - Extracted JDBC value [2] - [false]
10:24:18.145 [main] DEBUG org.hibernate.orm.results - Extracted JDBC value [3] - [First test component description]
10:24:18.145 [main] DEBUG org.hibernate.orm.results - Extracted JDBC value [4] - [2025-04-30]
10:24:18.145 [main] DEBUG org.hibernate.orm.results - Extracted JDBC value [5] - [Test Component 1]
10:24:18.145 [main] DEBUG org.hibernate.orm.results - Extracted JDBC value [6] - [TC-001]
10:24:18.145 [main] DEBUG org.hibernate.orm.results.loading.entity - (EntityResultInitializer) Done materializing entityInstance : org.frcpm.models.Component(959674427603700)#57
10:24:18.145 [main] DEBUG org.hibernate.orm.results.loading - Calling top-level assembler (0 / 1) : org.hibernate.sql.results.graph.entity.internal.EntityAssembler@718de588
10:24:18.145 [main] DEBUG org.hibernate.orm.results - Extracted JDBC value [0] - [58]
10:24:18.145 [main] DEBUG org.hibernate.orm.results.loading.entity - (EntityResultInitializer) Hydrated EntityKey (org.frcpm.models.Component(959674427603700)): 58
10:24:18.145 [main] DEBUG org.hibernate.orm.results.loading.org.hibernate.orm.results.loading.collection - (DelayedCollectionInitializer) Current row collection key : org.frcpm.models.Component(959674427603700).requiredForTasks#58
10:24:18.145 [main] DEBUG org.hibernate.orm.results.loading.entity - (EntityResultInitializer) Created new entity instance [org.frcpm.models.Component(959674427603700)#58] : 1439954865
10:24:18.145 [main] DEBUG org.hibernate.orm.results - Extracted JDBC value [1] - [null]
10:24:18.145 [main] DEBUG org.hibernate.orm.results - Extracted JDBC value [2] - [false]
10:24:18.145 [main] DEBUG org.hibernate.orm.results - Extracted JDBC value [3] - [Second test component description]
10:24:18.145 [main] DEBUG org.hibernate.orm.results - Extracted JDBC value [4] - [2025-05-02]
10:24:18.145 [main] DEBUG org.hibernate.orm.results - Extracted JDBC value [5] - [Test Component 2]
10:24:18.145 [main] DEBUG org.hibernate.orm.results - Extracted JDBC value [6] - [TC-002]
10:24:18.145 [main] DEBUG org.hibernate.orm.results.loading.entity - (EntityResultInitializer) Done materializing entityInstance : org.frcpm.models.Component(959674427603700)#58
10:24:18.145 [main] DEBUG org.hibernate.orm.results.loading - Calling top-level assembler (0 / 1) : org.hibernate.sql.results.graph.entity.internal.EntityAssembler@718de588
10:24:18.145 [main] DEBUG org.hibernate.orm.results - Extracted JDBC value [0] - [59]
10:24:18.145 [main] DEBUG org.hibernate.orm.results.loading.entity - (EntityResultInitializer) Hydrated EntityKey (org.frcpm.models.Component(959674427603700)): 59
10:24:18.145 [main] DEBUG org.hibernate.orm.results.loading.org.hibernate.orm.results.loading.collection - (DelayedCollectionInitializer) Current row collection key : org.frcpm.models.Component(959674427603700).requiredForTasks#59
10:24:18.145 [main] DEBUG org.hibernate.orm.results.loading.entity - (EntityResultInitializer) Created new entity instance [org.frcpm.models.Component(959674427603700)#59] : 440765260
10:24:18.145 [main] DEBUG org.hibernate.orm.results - Extracted JDBC value [1] - [2025-05-04]
10:24:18.145 [main] DEBUG org.hibernate.orm.results - Extracted JDBC value [2] - [true]
10:24:18.145 [main] DEBUG org.hibernate.orm.results - Extracted JDBC value [3] - [Third test component description]
10:24:18.145 [main] DEBUG org.hibernate.orm.results - Extracted JDBC value [4] - [2025-05-05]
10:24:18.145 [main] DEBUG org.hibernate.orm.results - Extracted JDBC value [5] - [Test Component 3]
10:24:18.145 [main] DEBUG org.hibernate.orm.results - Extracted JDBC value [6] - [TC-003]
10:24:18.146 [main] DEBUG org.hibernate.orm.results.loading.entity - (EntityResultInitializer) Done materializing entityInstance : org.frcpm.models.Component(959674427603700)#59
10:24:18.146 [main] DEBUG org.hibernate.orm.results.loading - Calling top-level assembler (0 / 1) : org.hibernate.sql.results.graph.entity.internal.EntityAssembler@718de588
10:24:18.146 [main] DEBUG org.hibernate.orm.results - Extracted JDBC value [0] - [60]
10:24:18.146 [main] DEBUG org.hibernate.orm.results.loading.entity - (EntityResultInitializer) Hydrated EntityKey (org.frcpm.models.Component(959674427603700)): 60
10:24:18.146 [main] DEBUG org.hibernate.orm.results.loading.org.hibernate.orm.results.loading.collection - (DelayedCollectionInitializer) Current row collection key : org.frcpm.models.Component(959674427603700).requiredForTasks#60
10:24:18.146 [main] DEBUG org.hibernate.orm.results.loading.entity - (EntityResultInitializer) Created new entity instance [org.frcpm.models.Component(959674427603700)#60] : 2364920
10:24:18.146 [main] DEBUG org.hibernate.orm.results - Extracted JDBC value [1] - [null]
10:24:18.146 [main] DEBUG org.hibernate.orm.results - Extracted JDBC value [2] - [false]
10:24:18.146 [main] DEBUG org.hibernate.orm.results - Extracted JDBC value [3] - [First test component description]
10:24:18.146 [main] DEBUG org.hibernate.orm.results - Extracted JDBC value [4] - [2025-04-30]
10:24:18.146 [main] DEBUG org.hibernate.orm.results - Extracted JDBC value [5] - [Test Component 1]
10:24:18.146 [main] DEBUG org.hibernate.orm.results - Extracted JDBC value [6] - [TC-001]
10:24:18.146 [main] DEBUG org.hibernate.orm.results.loading.entity - (EntityResultInitializer) Done materializing entityInstance : org.frcpm.models.Component(959674427603700)#60
10:24:18.146 [main] DEBUG org.hibernate.orm.results.loading - Calling top-level assembler (0 / 1) : org.hibernate.sql.results.graph.entity.internal.EntityAssembler@718de588
10:24:18.146 [main] DEBUG org.hibernate.orm.results - Extracted JDBC value [0] - [61]
10:24:18.146 [main] DEBUG org.hibernate.orm.results.loading.entity - (EntityResultInitializer) Hydrated EntityKey (org.frcpm.models.Component(959674427603700)): 61
10:24:18.146 [main] DEBUG org.hibernate.orm.results.loading.org.hibernate.orm.results.loading.collection - (DelayedCollectionInitializer) Current row collection key : org.frcpm.models.Component(959674427603700).requiredForTasks#61
10:24:18.146 [main] DEBUG org.hibernate.orm.results.loading.entity - (EntityResultInitializer) Created new entity instance [org.frcpm.models.Component(959674427603700)#61] : 268170573
10:24:18.146 [main] DEBUG org.hibernate.orm.results - Extracted JDBC value [1] - [null]
10:24:18.146 [main] DEBUG org.hibernate.orm.results - Extracted JDBC value [2] - [false]
10:24:18.146 [main] DEBUG org.hibernate.orm.results - Extracted JDBC value [3] - [Second test component description]
10:24:18.146 [main] DEBUG org.hibernate.orm.results - Extracted JDBC value [4] - [2025-05-02]
10:24:18.146 [main] DEBUG org.hibernate.orm.results - Extracted JDBC value [5] - [Test Component 2]
10:24:18.146 [main] DEBUG org.hibernate.orm.results - Extracted JDBC value [6] - [TC-002]
10:24:18.146 [main] DEBUG org.hibernate.orm.results.loading.entity - (EntityResultInitializer) Done materializing entityInstance : org.frcpm.models.Component(959674427603700)#61
10:24:18.146 [main] DEBUG org.hibernate.orm.results.loading - Calling top-level assembler (0 / 1) : org.hibernate.sql.results.graph.entity.internal.EntityAssembler@718de588
10:24:18.146 [main] DEBUG org.hibernate.orm.results - Extracted JDBC value [0] - [62]
10:24:18.146 [main] DEBUG org.hibernate.orm.results.loading.entity - (EntityResultInitializer) Hydrated EntityKey (org.frcpm.models.Component(959674427603700)): 62
10:24:18.146 [main] DEBUG org.hibernate.orm.results.loading.org.hibernate.orm.results.loading.collection - (DelayedCollectionInitializer) Current row collection key : org.frcpm.models.Component(959674427603700).requiredForTasks#62
10:24:18.147 [main] DEBUG org.hibernate.orm.results.loading.entity - (EntityResultInitializer) Created new entity instance [org.frcpm.models.Component(959674427603700)#62] : 1701934319
10:24:18.147 [main] DEBUG org.hibernate.orm.results - Extracted JDBC value [1] - [2025-05-04]
10:24:18.147 [main] DEBUG org.hibernate.orm.results - Extracted JDBC value [2] - [true]
10:24:18.147 [main] DEBUG org.hibernate.orm.results - Extracted JDBC value [3] - [Third test component description]
10:24:18.147 [main] DEBUG org.hibernate.orm.results - Extracted JDBC value [4] - [2025-05-05]
10:24:18.147 [main] DEBUG org.hibernate.orm.results - Extracted JDBC value [5] - [Test Component 3]
10:24:18.147 [main] DEBUG org.hibernate.orm.results - Extracted JDBC value [6] - [TC-003]
10:24:18.147 [main] DEBUG org.hibernate.orm.results.loading.entity - (EntityResultInitializer) Done materializing entityInstance : org.frcpm.models.Component(959674427603700)#62
10:24:18.147 [main] DEBUG org.hibernate.orm.results.loading - Calling top-level assembler (0 / 1) : org.hibernate.sql.results.graph.entity.internal.EntityAssembler@718de588
10:24:18.147 [main] DEBUG org.hibernate.orm.results - Extracted JDBC value [0] - [63]
10:24:18.147 [main] DEBUG org.hibernate.orm.results.loading.entity - (EntityResultInitializer) Hydrated EntityKey (org.frcpm.models.Component(959674427603700)): 63
10:24:18.147 [main] DEBUG org.hibernate.orm.results.loading.org.hibernate.orm.results.loading.collection - (DelayedCollectionInitializer) Current row collection key : org.frcpm.models.Component(959674427603700).requiredForTasks#63
10:24:18.147 [main] DEBUG org.hibernate.orm.results.loading.entity - (EntityResultInitializer) Created new entity instance [org.frcpm.models.Component(959674427603700)#63] : 482201536
10:24:18.147 [main] DEBUG org.hibernate.orm.results - Extracted JDBC value [1] - [null]
10:24:18.147 [main] DEBUG org.hibernate.orm.results - Extracted JDBC value [2] - [false]
10:24:18.147 [main] DEBUG org.hibernate.orm.results - Extracted JDBC value [3] - [null]
10:24:18.147 [main] DEBUG org.hibernate.orm.results - Extracted JDBC value [4] - [null]
10:24:18.147 [main] DEBUG org.hibernate.orm.results - Extracted JDBC value [5] - [Test Count Component]
10:24:18.147 [main] DEBUG org.hibernate.orm.results - Extracted JDBC value [6] - [TCC-001]
10:24:18.147 [main] DEBUG org.hibernate.orm.results.loading.entity - (EntityResultInitializer) Done materializing entityInstance : org.frcpm.models.Component(959674427603700)#63
10:24:18.147 [main] DEBUG org.hibernate.orm.results.loading - Calling top-level assembler (0 / 1) : org.hibernate.sql.results.graph.entity.internal.EntityAssembler@718de588
10:24:18.147 [main] DEBUG org.hibernate.orm.results - Extracted JDBC value [0] - [64]
10:24:18.147 [main] DEBUG org.hibernate.orm.results.loading.entity - (EntityResultInitializer) Hydrated EntityKey (org.frcpm.models.Component(959674427603700)): 64
10:24:18.147 [main] DEBUG org.hibernate.orm.results.loading.org.hibernate.orm.results.loading.collection - (DelayedCollectionInitializer) Current row collection key : org.frcpm.models.Component(959674427603700).requiredForTasks#64
10:24:18.147 [main] DEBUG org.hibernate.orm.results.loading.entity - (EntityResultInitializer) Created new entity instance [org.frcpm.models.Component(959674427603700)#64] : 1717085227
10:24:18.147 [main] DEBUG org.hibernate.orm.results - Extracted JDBC value [1] - [null]
10:24:18.147 [main] DEBUG org.hibernate.orm.results - Extracted JDBC value [2] - [false]
10:24:18.147 [main] DEBUG org.hibernate.orm.results - Extracted JDBC value [3] - [First test component description]
10:24:18.147 [main] DEBUG org.hibernate.orm.results - Extracted JDBC value [4] - [2025-04-30]
10:24:18.147 [main] DEBUG org.hibernate.orm.results - Extracted JDBC value [5] - [Test Component 1]
10:24:18.147 [main] DEBUG org.hibernate.orm.results - Extracted JDBC value [6] - [TC-001]
10:24:18.147 [main] DEBUG org.hibernate.orm.results.loading.entity - (EntityResultInitializer) Done materializing entityInstance : org.frcpm.models.Component(959674427603700)#64
10:24:18.147 [main] DEBUG org.hibernate.orm.results.loading - Calling top-level assembler (0 / 1) : org.hibernate.sql.results.graph.entity.internal.EntityAssembler@718de588
10:24:18.147 [main] DEBUG org.hibernate.orm.results - Extracted JDBC value [0] - [65]
10:24:18.147 [main] DEBUG org.hibernate.orm.results.loading.entity - (EntityResultInitializer) Hydrated EntityKey (org.frcpm.models.Component(959674427603700)): 65
10:24:18.147 [main] DEBUG org.hibernate.orm.results.loading.org.hibernate.orm.results.loading.collection - (DelayedCollectionInitializer) Current row collection key : org.frcpm.models.Component(959674427603700).requiredForTasks#65
10:24:18.147 [main] DEBUG org.hibernate.orm.results.loading.entity - (EntityResultInitializer) Created new entity instance [org.frcpm.models.Component(959674427603700)#65] : 942499609
10:24:18.147 [main] DEBUG org.hibernate.orm.results - Extracted JDBC value [1] - [null]
10:24:18.147 [main] DEBUG org.hibernate.orm.results - Extracted JDBC value [2] - [false]
10:24:18.147 [main] DEBUG org.hibernate.orm.results - Extracted JDBC value [3] - [Second test component description]
10:24:18.147 [main] DEBUG org.hibernate.orm.results - Extracted JDBC value [4] - [2025-05-02]
10:24:18.147 [main] DEBUG org.hibernate.orm.results - Extracted JDBC value [5] - [Test Component 2]
10:24:18.147 [main] DEBUG org.hibernate.orm.results - Extracted JDBC value [6] - [TC-002]
10:24:18.147 [main] DEBUG org.hibernate.orm.results.loading.entity - (EntityResultInitializer) Done materializing entityInstance : org.frcpm.models.Component(959674427603700)#65
10:24:18.147 [main] DEBUG org.hibernate.orm.results.loading - Calling top-level assembler (0 / 1) : org.hibernate.sql.results.graph.entity.internal.EntityAssembler@718de588
10:24:18.147 [main] DEBUG org.hibernate.orm.results - Extracted JDBC value [0] - [66]
10:24:18.147 [main] DEBUG org.hibernate.orm.results.loading.entity - (EntityResultInitializer) Hydrated EntityKey (org.frcpm.models.Component(959674427603700)): 66
10:24:18.147 [main] DEBUG org.hibernate.orm.results.loading.org.hibernate.orm.results.loading.collection - (DelayedCollectionInitializer) Current row collection key : org.frcpm.models.Component(959674427603700).requiredForTasks#66
10:24:18.147 [main] DEBUG org.hibernate.orm.results.loading.entity - (EntityResultInitializer) Created new entity instance [org.frcpm.models.Component(959674427603700)#66] : 283255463
10:24:18.147 [main] DEBUG org.hibernate.orm.results - Extracted JDBC value [1] - [2025-05-04]
10:24:18.147 [main] DEBUG org.hibernate.orm.results - Extracted JDBC value [2] - [true]
10:24:18.147 [main] DEBUG org.hibernate.orm.results - Extracted JDBC value [3] - [Third test component description]
10:24:18.147 [main] DEBUG org.hibernate.orm.results - Extracted JDBC value [4] - [2025-05-05]
10:24:18.147 [main] DEBUG org.hibernate.orm.results - Extracted JDBC value [5] - [Test Component 3]
10:24:18.147 [main] DEBUG org.hibernate.orm.results - Extracted JDBC value [6] - [TC-003]
10:24:18.147 [main] DEBUG org.hibernate.orm.results.loading.entity - (EntityResultInitializer) Done materializing entityInstance : org.frcpm.models.Component(959674427603700)#66
10:24:18.147 [main] DEBUG org.hibernate.orm.results.loading - Calling top-level assembler (0 / 1) : org.hibernate.sql.results.graph.entity.internal.EntityAssembler@718de588
10:24:18.148 [main] DEBUG org.hibernate.orm.results - Extracted JDBC value [0] - [67]
10:24:18.148 [main] DEBUG org.hibernate.orm.results.loading.entity - (EntityResultInitializer) Hydrated EntityKey (org.frcpm.models.Component(959674427603700)): 67
10:24:18.148 [main] DEBUG org.hibernate.orm.results.loading.org.hibernate.orm.results.loading.collection - (DelayedCollectionInitializer) Current row collection key : org.frcpm.models.Component(959674427603700).requiredForTasks#67
10:24:18.148 [main] DEBUG org.hibernate.orm.results.loading.entity - (EntityResultInitializer) Created new entity instance [org.frcpm.models.Component(959674427603700)#67] : 1778633130
10:24:18.148 [main] DEBUG org.hibernate.orm.results - Extracted JDBC value [1] - [null]
10:24:18.148 [main] DEBUG org.hibernate.orm.results - Extracted JDBC value [2] - [false]
10:24:18.148 [main] DEBUG org.hibernate.orm.results - Extracted JDBC value [3] - [Save component description]
10:24:18.148 [main] DEBUG org.hibernate.orm.results - Extracted JDBC value [4] - [2025-05-10]
10:24:18.148 [main] DEBUG org.hibernate.orm.results - Extracted JDBC value [5] - [Test Save Component]
10:24:18.148 [main] DEBUG org.hibernate.orm.results - Extracted JDBC value [6] - [TSC-001]
10:24:18.148 [main] DEBUG org.hibernate.orm.results.loading.entity - (EntityResultInitializer) Done materializing entityInstance : org.frcpm.models.Component(959674427603700)#67
10:24:18.148 [main] DEBUG org.hibernate.orm.results.loading - Calling top-level assembler (0 / 1) : org.hibernate.sql.results.graph.entity.internal.EntityAssembler@718de588
10:24:18.148 [main] DEBUG org.hibernate.orm.results - Extracted JDBC value [0] - [68]
10:24:18.148 [main] DEBUG org.hibernate.orm.results.loading.entity - (EntityResultInitializer) Hydrated EntityKey (org.frcpm.models.Component(959674427603700)): 68
10:24:18.148 [main] DEBUG org.hibernate.orm.results.loading.org.hibernate.orm.results.loading.collection - (DelayedCollectionInitializer) Current row collection key : org.frcpm.models.Component(959674427603700).requiredForTasks#68
10:24:18.148 [main] DEBUG org.hibernate.orm.results.loading.entity - (EntityResultInitializer) Created new entity instance [org.frcpm.models.Component(959674427603700)#68] : 498275265
10:24:18.148 [main] DEBUG org.hibernate.orm.results - Extracted JDBC value [1] - [null]
10:24:18.148 [main] DEBUG org.hibernate.orm.results - Extracted JDBC value [2] - [false]
10:24:18.148 [main] DEBUG org.hibernate.orm.results - Extracted JDBC value [3] - [First test component description]
10:24:18.148 [main] DEBUG org.hibernate.orm.results - Extracted JDBC value [4] - [2025-04-30]
10:24:18.148 [main] DEBUG org.hibernate.orm.results - Extracted JDBC value [5] - [Test Component 1]
10:24:18.148 [main] DEBUG org.hibernate.orm.results - Extracted JDBC value [6] - [TC-001]
10:24:18.148 [main] DEBUG org.hibernate.orm.results.loading.entity - (EntityResultInitializer) Done materializing entityInstance : org.frcpm.models.Component(959674427603700)#68
10:24:18.148 [main] DEBUG org.hibernate.orm.results.loading - Calling top-level assembler (0 / 1) : org.hibernate.sql.results.graph.entity.internal.EntityAssembler@718de588
10:24:18.148 [main] DEBUG org.hibernate.orm.results - Extracted JDBC value [0] - [69]
10:24:18.148 [main] DEBUG org.hibernate.orm.results.loading.entity - (EntityResultInitializer) Hydrated EntityKey (org.frcpm.models.Component(959674427603700)): 69
10:24:18.148 [main] DEBUG org.hibernate.orm.results.loading.org.hibernate.orm.results.loading.collection - (DelayedCollectionInitializer) Current row collection key : org.frcpm.models.Component(959674427603700).requiredForTasks#69
10:24:18.148 [main] DEBUG org.hibernate.orm.results.loading.entity - (EntityResultInitializer) Created new entity instance [org.frcpm.models.Component(959674427603700)#69] : 2080339548
10:24:18.148 [main] DEBUG org.hibernate.orm.results - Extracted JDBC value [1] - [null]
10:24:18.148 [main] DEBUG org.hibernate.orm.results - Extracted JDBC value [2] - [false]
10:24:18.148 [main] DEBUG org.hibernate.orm.results - Extracted JDBC value [3] - [Second test component description]
10:24:18.148 [main] DEBUG org.hibernate.orm.results - Extracted JDBC value [4] - [2025-05-02]
10:24:18.148 [main] DEBUG org.hibernate.orm.results - Extracted JDBC value [5] - [Test Component 2]
10:24:18.148 [main] DEBUG org.hibernate.orm.results - Extracted JDBC value [6] - [TC-002]
10:24:18.148 [main] DEBUG org.hibernate.orm.results.loading.entity - (EntityResultInitializer) Done materializing entityInstance : org.frcpm.models.Component(959674427603700)#69
10:24:18.148 [main] DEBUG org.hibernate.orm.results.loading - Calling top-level assembler (0 / 1) : org.hibernate.sql.results.graph.entity.internal.EntityAssembler@718de588
10:24:18.148 [main] DEBUG org.hibernate.orm.results - Extracted JDBC value [0] - [70]
10:24:18.148 [main] DEBUG org.hibernate.orm.results.loading.entity - (EntityResultInitializer) Hydrated EntityKey (org.frcpm.models.Component(959674427603700)): 70
10:24:18.148 [main] DEBUG org.hibernate.orm.results.loading.org.hibernate.orm.results.loading.collection - (DelayedCollectionInitializer) Current row collection key : org.frcpm.models.Component(959674427603700).requiredForTasks#70
10:24:18.148 [main] DEBUG org.hibernate.orm.results.loading.entity - (EntityResultInitializer) Created new entity instance [org.frcpm.models.Component(959674427603700)#70] : 1305391580
10:24:18.148 [main] DEBUG org.hibernate.orm.results - Extracted JDBC value [1] - [2025-05-04]
10:24:18.148 [main] DEBUG org.hibernate.orm.results - Extracted JDBC value [2] - [true]
10:24:18.148 [main] DEBUG org.hibernate.orm.results - Extracted JDBC value [3] - [Third test component description]
10:24:18.148 [main] DEBUG org.hibernate.orm.results - Extracted JDBC value [4] - [2025-05-05]
10:24:18.148 [main] DEBUG org.hibernate.orm.results - Extracted JDBC value [5] - [Test Component 3]
10:24:18.148 [main] DEBUG org.hibernate.orm.results - Extracted JDBC value [6] - [TC-003]
10:24:18.148 [main] DEBUG org.hibernate.orm.results.loading.entity - (EntityResultInitializer) Done materializing entityInstance : org.frcpm.models.Component(959674427603700)#70
10:24:18.148 [main] DEBUG org.hibernate.orm.results.loading - Calling top-level assembler (0 / 1) : org.hibernate.sql.results.graph.entity.internal.EntityAssembler@718de588
10:24:18.148 [main] DEBUG org.hibernate.orm.results - Extracted JDBC value [0] - [71]
10:24:18.148 [main] DEBUG org.hibernate.orm.results.loading.entity - (EntityResultInitializer) Hydrated EntityKey (org.frcpm.models.Component(959674427603700)): 71
10:24:18.148 [main] DEBUG org.hibernate.orm.results.loading.org.hibernate.orm.results.loading.collection - (DelayedCollectionInitializer) Current row collection key : org.frcpm.models.Component(959674427603700).requiredForTasks#71
10:24:18.148 [main] DEBUG org.hibernate.orm.results.loading.entity - (EntityResultInitializer) Created new entity instance [org.frcpm.models.Component(959674427603700)#71] : 1876997957
10:24:18.148 [main] DEBUG org.hibernate.orm.results - Extracted JDBC value [1] - [null]
10:24:18.148 [main] DEBUG org.hibernate.orm.results - Extracted JDBC value [2] - [false]
10:24:18.148 [main] DEBUG org.hibernate.orm.results - Extracted JDBC value [3] - [First test component description]
10:24:18.148 [main] DEBUG org.hibernate.orm.results - Extracted JDBC value [4] - [2025-04-30]
10:24:18.148 [main] DEBUG org.hibernate.orm.results - Extracted JDBC value [5] - [Test Component 1]
10:24:18.148 [main] DEBUG org.hibernate.orm.results - Extracted JDBC value [6] - [TC-001]
10:24:18.148 [main] DEBUG org.hibernate.orm.results.loading.entity - (EntityResultInitializer) Done materializing entityInstance : org.frcpm.models.Component(959674427603700)#71
10:24:18.148 [main] DEBUG org.hibernate.orm.results.loading - Calling top-level assembler (0 / 1) : org.hibernate.sql.results.graph.entity.internal.EntityAssembler@718de588
10:24:18.148 [main] DEBUG org.hibernate.orm.results - Extracted JDBC value [0] - [72]
10:24:18.148 [main] DEBUG org.hibernate.orm.results.loading.entity - (EntityResultInitializer) Hydrated EntityKey (org.frcpm.models.Component(959674427603700)): 72
10:24:18.148 [main] DEBUG org.hibernate.orm.results.loading.org.hibernate.orm.results.loading.collection - (DelayedCollectionInitializer) Current row collection key : org.frcpm.models.Component(959674427603700).requiredForTasks#72
10:24:18.148 [main] DEBUG org.hibernate.orm.results.loading.entity - (EntityResultInitializer) Created new entity instance [org.frcpm.models.Component(959674427603700)#72] : 737337601
10:24:18.148 [main] DEBUG org.hibernate.orm.results - Extracted JDBC value [1] - [null]
10:24:18.148 [main] DEBUG org.hibernate.orm.results - Extracted JDBC value [2] - [false]
10:24:18.148 [main] DEBUG org.hibernate.orm.results - Extracted JDBC value [3] - [Second test component description]
10:24:18.148 [main] DEBUG org.hibernate.orm.results - Extracted JDBC value [4] - [2025-05-02]
10:24:18.148 [main] DEBUG org.hibernate.orm.results - Extracted JDBC value [5] - [Test Component 2]
10:24:18.148 [main] DEBUG org.hibernate.orm.results - Extracted JDBC value [6] - [TC-002]
10:24:18.148 [main] DEBUG org.hibernate.orm.results.loading.entity - (EntityResultInitializer) Done materializing entityInstance : org.frcpm.models.Component(959674427603700)#72
10:24:18.148 [main] DEBUG org.hibernate.orm.results.loading - Calling top-level assembler (0 / 1) : org.hibernate.sql.results.graph.entity.internal.EntityAssembler@718de588
10:24:18.148 [main] DEBUG org.hibernate.orm.results - Extracted JDBC value [0] - [73]
10:24:18.148 [main] DEBUG org.hibernate.orm.results.loading.entity - (EntityResultInitializer) Hydrated EntityKey (org.frcpm.models.Component(959674427603700)): 73
10:24:18.148 [main] DEBUG org.hibernate.orm.results.loading.org.hibernate.orm.results.loading.collection - (DelayedCollectionInitializer) Current row collection key : org.frcpm.models.Component(959674427603700).requiredForTasks#73
10:24:18.148 [main] DEBUG org.hibernate.orm.results.loading.entity - (EntityResultInitializer) Created new entity instance [org.frcpm.models.Component(959674427603700)#73] : 1172353940
10:24:18.148 [main] DEBUG org.hibernate.orm.results - Extracted JDBC value [1] - [2025-05-04]
10:24:18.148 [main] DEBUG org.hibernate.orm.results - Extracted JDBC value [2] - [true]
10:24:18.148 [main] DEBUG org.hibernate.orm.results - Extracted JDBC value [3] - [Third test component description]
10:24:18.148 [main] DEBUG org.hibernate.orm.results - Extracted JDBC value [4] - [2025-05-05]
10:24:18.148 [main] DEBUG org.hibernate.orm.results - Extracted JDBC value [5] - [Test Component 3]
10:24:18.148 [main] DEBUG org.hibernate.orm.results - Extracted JDBC value [6] - [TC-003]
10:24:18.148 [main] DEBUG org.hibernate.orm.results.loading.entity - (EntityResultInitializer) Done materializing entityInstance : org.frcpm.models.Component(959674427603700)#73
10:24:18.148 [main] DEBUG org.hibernate.orm.results.loading - Calling top-level assembler (0 / 1) : org.hibernate.sql.results.graph.entity.internal.EntityAssembler@718de588
10:24:18.148 [main] DEBUG org.hibernate.orm.results - Extracted JDBC value [0] - [74]
10:24:18.148 [main] DEBUG org.hibernate.orm.results.loading.entity - (EntityResultInitializer) Hydrated EntityKey (org.frcpm.models.Component(959674427603700)): 74
10:24:18.148 [main] DEBUG org.hibernate.orm.results.loading.org.hibernate.orm.results.loading.collection - (DelayedCollectionInitializer) Current row collection key : org.frcpm.models.Component(959674427603700).requiredForTasks#74
10:24:18.148 [main] DEBUG org.hibernate.orm.results.loading.entity - (EntityResultInitializer) Created new entity instance [org.frcpm.models.Component(959674427603700)#74] : 1040166800
10:24:18.149 [main] DEBUG org.hibernate.orm.results - Extracted JDBC value [1] - [null]
10:24:18.149 [main] DEBUG org.hibernate.orm.results - Extracted JDBC value [2] - [false]
10:24:18.149 [main] DEBUG org.hibernate.orm.results - Extracted JDBC value [3] - [First test component description]
10:24:18.149 [main] DEBUG org.hibernate.orm.results - Extracted JDBC value [4] - [2025-04-30]
10:24:18.149 [main] DEBUG org.hibernate.orm.results - Extracted JDBC value [5] - [Test Component 1]
10:24:18.149 [main] DEBUG org.hibernate.orm.results - Extracted JDBC value [6] - [TC-001]
10:24:18.149 [main] DEBUG org.hibernate.orm.results.loading.entity - (EntityResultInitializer) Done materializing entityInstance : org.frcpm.models.Component(959674427603700)#74
10:24:18.149 [main] DEBUG org.hibernate.orm.results.loading - Calling top-level assembler (0 / 1) : org.hibernate.sql.results.graph.entity.internal.EntityAssembler@718de588
10:24:18.149 [main] DEBUG org.hibernate.orm.results - Extracted JDBC value [0] - [75]
10:24:18.149 [main] DEBUG org.hibernate.orm.results.loading.entity - (EntityResultInitializer) Hydrated EntityKey (org.frcpm.models.Component(959674427603700)): 75
10:24:18.149 [main] DEBUG org.hibernate.orm.results.loading.org.hibernate.orm.results.loading.collection - (DelayedCollectionInitializer) Current row collection key : org.frcpm.models.Component(959674427603700).requiredForTasks#75
10:24:18.149 [main] DEBUG org.hibernate.orm.results.loading.entity - (EntityResultInitializer) Created new entity instance [org.frcpm.models.Component(959674427603700)#75] : 1361202028
10:24:18.149 [main] DEBUG org.hibernate.orm.results - Extracted JDBC value [1] - [null]
10:24:18.149 [main] DEBUG org.hibernate.orm.results - Extracted JDBC value [2] - [false]
10:24:18.149 [main] DEBUG org.hibernate.orm.results - Extracted JDBC value [3] - [Second test component description]
10:24:18.149 [main] DEBUG org.hibernate.orm.results - Extracted JDBC value [4] - [2025-05-02]
10:24:18.149 [main] DEBUG org.hibernate.orm.results - Extracted JDBC value [5] - [Test Component 2]
10:24:18.149 [main] DEBUG org.hibernate.orm.results - Extracted JDBC value [6] - [TC-002]
10:24:18.149 [main] DEBUG org.hibernate.orm.results.loading.entity - (EntityResultInitializer) Done materializing entityInstance : org.frcpm.models.Component(959674427603700)#75
10:24:18.149 [main] DEBUG org.hibernate.orm.results.loading - Calling top-level assembler (0 / 1) : org.hibernate.sql.results.graph.entity.internal.EntityAssembler@718de588
10:24:18.149 [main] DEBUG org.hibernate.orm.results - Extracted JDBC value [0] - [76]
10:24:18.149 [main] DEBUG org.hibernate.orm.results.loading.entity - (EntityResultInitializer) Hydrated EntityKey (org.frcpm.models.Component(959674427603700)): 76
10:24:18.149 [main] DEBUG org.hibernate.orm.results.loading.org.hibernate.orm.results.loading.collection - (DelayedCollectionInitializer) Current row collection key : org.frcpm.models.Component(959674427603700).requiredForTasks#76
10:24:18.149 [main] DEBUG org.hibernate.orm.results.loading.entity - (EntityResultInitializer) Created new entity instance [org.frcpm.models.Component(959674427603700)#76] : 1576460634
10:24:18.149 [main] DEBUG org.hibernate.orm.results - Extracted JDBC value [1] - [2025-05-04]
10:24:18.149 [main] DEBUG org.hibernate.orm.results - Extracted JDBC value [2] - [true]
10:24:18.149 [main] DEBUG org.hibernate.orm.results - Extracted JDBC value [3] - [Third test component description]
10:24:18.149 [main] DEBUG org.hibernate.orm.results - Extracted JDBC value [4] - [2025-05-05]
10:24:18.149 [main] DEBUG org.hibernate.orm.results - Extracted JDBC value [5] - [Test Component 3]
10:24:18.149 [main] DEBUG org.hibernate.orm.results - Extracted JDBC value [6] - [TC-003]
10:24:18.149 [main] DEBUG org.hibernate.orm.results.loading.entity - (EntityResultInitializer) Done materializing entityInstance : org.frcpm.models.Component(959674427603700)#76
10:24:18.149 [main] DEBUG org.hibernate.orm.results.loading - Calling top-level assembler (0 / 1) : org.hibernate.sql.results.graph.entity.internal.EntityAssembler@718de588
10:24:18.149 [main] DEBUG org.hibernate.resource.jdbc.internal.LogicalConnectionManagedImpl - Initiating JDBC connection release from afterTransaction
10:24:18.150 [main] DEBUG org.hibernate.resource.jdbc.internal.LogicalConnectionManagedImpl - Initiating JDBC connection release from afterTransaction
10:24:18.150 [main] DEBUG org.hibernate.engine.transaction.internal.TransactionImpl - On TransactionImpl creation, JpaCompliance#isJpaTransactionComplianceEnabled == false
10:24:18.150 [main] DEBUG org.hibernate.engine.transaction.internal.TransactionImpl - begin
10:24:18.150 [main] DEBUG org.hibernate.orm.sql.exec - Skipping reading Query result cache data: cache-enabled = false, cache-mode = IGNORE
10:24:18.151 [main] DEBUG org.hibernate.orm.results - Initializer list:
	  org.frcpm.models.Component -> EntityResultInitializer(org.frcpm.models.Component)@2114249002 (SingleTableEntityPersister(org.frcpm.models.Component))
	  org.frcpm.models.Component.requiredForTasks -> DelayedCollectionInitializer(org.frcpm.models.Component.requiredForTasks)@1240760303 (PluralAttribute(org.frcpm.models.Component.requiredForTasks))

10:24:18.151 [main] DEBUG org.hibernate.SQL - select c1_0.id,c1_0.actual_delivery,c1_0.is_delivered,c1_0.description,c1_0.expected_delivery,c1_0.name,c1_0.part_number from components c1_0 where c1_0.id=?
10:24:18.151 [main] DEBUG org.hibernate.orm.results.loading.entity - (EntityResultInitializer) Hydrated EntityKey (org.frcpm.models.Component): 55
10:24:18.151 [main] DEBUG org.hibernate.orm.results.loading.org.hibernate.orm.results.loading.collection - (DelayedCollectionInitializer) Current row collection key : org.frcpm.models.Component.requiredForTasks#55
10:24:18.151 [main] DEBUG org.hibernate.orm.results.loading.entity - (EntityResultInitializer) Created new entity instance [org.frcpm.models.Component#55] : 845574789
10:24:18.151 [main] DEBUG org.hibernate.orm.results - Extracted JDBC value [1] - [null]
10:24:18.151 [main] DEBUG org.hibernate.orm.results - Extracted JDBC value [2] - [false]
10:24:18.151 [main] DEBUG org.hibernate.orm.results - Extracted JDBC value [3] - [Component 1 for association test]
10:24:18.151 [main] DEBUG org.hibernate.orm.results - Extracted JDBC value [4] - [2025-04-28]
10:24:18.151 [main] DEBUG org.hibernate.orm.results - Extracted JDBC value [5] - [Test Component Assoc 1]
10:24:18.151 [main] DEBUG org.hibernate.orm.results - Extracted JDBC value [6] - [TC-ASSOC1]
10:24:18.152 [main] DEBUG org.hibernate.orm.results.loading.entity - (EntityResultInitializer) Done materializing entityInstance : org.frcpm.models.Component#55
10:24:18.152 [main] DEBUG org.hibernate.orm.results.loading - Calling top-level assembler (0 / 1) : org.hibernate.sql.results.graph.entity.internal.EntityAssembler@6e8e37e0
10:24:18.152 [main] DEBUG org.hibernate.engine.transaction.internal.TransactionImpl - committing
10:24:18.152 [main] DEBUG org.hibernate.event.internal.AbstractFlushingEventListener - Processing flush-time cascades
10:24:18.152 [main] DEBUG org.hibernate.event.internal.AbstractFlushingEventListener - Dirty checking collections
10:24:18.152 [main] DEBUG org.hibernate.engine.internal.Collections - Collection dereferenced: [org.frcpm.models.Component.requiredForTasks#55]
10:24:18.152 [main] DEBUG org.hibernate.event.internal.AbstractFlushingEventListener - Flushed: 0 insertions, 0 updates, 1 deletions to 1 objects
10:24:18.152 [main] DEBUG org.hibernate.event.internal.AbstractFlushingEventListener - Flushed: 0 (re)creations, 0 updates, 1 removals to 1 collections
10:24:18.152 [main] DEBUG org.hibernate.internal.util.EntityPrinter - Listing entities:
10:24:18.152 [main] DEBUG org.hibernate.internal.util.EntityPrinter - org.frcpm.models.Component{expectedDelivery=2025-04-28, requiredForTasks=<uninitialized>, name=Test Component Assoc 1, actualDelivery=null, description=Component 1 for association test, delivered=false, partNumber=TC-ASSOC1, id=55}
10:24:18.153 [main] DEBUG org.hibernate.SQL - delete from components where id=?
10:24:18.154 [main] INFO org.hibernate.orm.jdbc.batch - HHH100503: On release of batch it still contained JDBC statements
10:24:18.154 [main] ERROR org.hibernate.orm.jdbc.batch - HHH100501: Exception executing batch [org.h2.jdbc.JdbcBatchUpdateException: Referential integrity constraint violation: "FK5IRPAISPCX79XWY6N1QOMAXNV: PUBLIC.TASK_COMPONENTS FOREIGN KEY(COMPONENT_ID) REFERENCES PUBLIC.COMPONENTS(ID) (CAST(55 AS BIGINT))"; SQL statement:
delete from components where id=? [23503-224]], SQL: delete from components where id=?
10:24:18.154 [main] DEBUG org.hibernate.engine.jdbc.spi.SqlExceptionHelper - could not execute batch [delete from components where id=?]
org.h2.jdbc.JdbcBatchUpdateException: Referential integrity constraint violation: "FK5IRPAISPCX79XWY6N1QOMAXNV: PUBLIC.TASK_COMPONENTS FOREIGN KEY(COMPONENT_ID) REFERENCES PUBLIC.COMPONENTS(ID) (CAST(55 AS BIGINT))"; SQL statement:
delete from components where id=? [23503-224]
	at org.h2.jdbc.JdbcPreparedStatement.executeBatch(JdbcPreparedStatement.java:1282)
	at com.zaxxer.hikari.pool.ProxyStatement.executeBatch(ProxyStatement.java:127)
	at com.zaxxer.hikari.pool.HikariProxyPreparedStatement.executeBatch(HikariProxyPreparedStatement.java)
	at org.hibernate.engine.jdbc.batch.internal.BatchImpl.lambda$performExecution$2(BatchImpl.java:279)
	at org.hibernate.engine.jdbc.mutation.internal.PreparedStatementGroupSingleTable.forEachStatement(PreparedStatementGroupSingleTable.java:67)
	at org.hibernate.engine.jdbc.batch.internal.BatchImpl.performExecution(BatchImpl.java:264)
	at org.hibernate.engine.jdbc.batch.internal.BatchImpl.execute(BatchImpl.java:242)
	at org.hibernate.engine.jdbc.internal.JdbcCoordinatorImpl.executeBatch(JdbcCoordinatorImpl.java:188)
	at org.hibernate.engine.spi.ActionQueue.executeActions(ActionQueue.java:662)
	at org.hibernate.engine.spi.ActionQueue.executeActions(ActionQueue.java:499)
	at org.hibernate.event.internal.AbstractFlushingEventListener.performExecutions(AbstractFlushingEventListener.java:371)
	at org.hibernate.event.internal.DefaultFlushEventListener.onFlush(DefaultFlushEventListener.java:41)
	at org.hibernate.event.service.internal.EventListenerGroupImpl.fireEventOnEachListener(EventListenerGroupImpl.java:127)
	at org.hibernate.internal.SessionImpl.doFlush(SessionImpl.java:1425)
	at org.hibernate.internal.SessionImpl.managedFlush(SessionImpl.java:487)
	at org.hibernate.internal.SessionImpl.flushBeforeTransactionCompletion(SessionImpl.java:2324)
	at org.hibernate.internal.SessionImpl.beforeTransactionCompletion(SessionImpl.java:1981)
	at org.hibernate.engine.jdbc.internal.JdbcCoordinatorImpl.beforeTransactionCompletion(JdbcCoordinatorImpl.java:439)
	at org.hibernate.resource.transaction.backend.jdbc.internal.JdbcResourceLocalTransactionCoordinatorImpl.beforeCompletionCallback(JdbcResourceLocalTransactionCoordinatorImpl.java:169)
	at org.hibernate.resource.transaction.backend.jdbc.internal.JdbcResourceLocalTransactionCoordinatorImpl$TransactionDriverControlImpl.commit(JdbcResourceLocalTransactionCoordinatorImpl.java:267)
	at org.hibernate.engine.transaction.internal.TransactionImpl.commit(TransactionImpl.java:101)
	at org.frcpm.repositories.impl.JpaRepositoryImpl.delete(JpaRepositoryImpl.java:165)
	at org.frcpm.repositories.ComponentRepositoryTest.cleanupTestComponents(ComponentRepositoryTest.java:63)
	at org.frcpm.repositories.ComponentRepositoryTest.tearDown(ComponentRepositoryTest.java:35)
	at java.base/jdk.internal.reflect.DirectMethodHandleAccessor.invoke(DirectMethodHandleAccessor.java:103)
	at java.base/java.lang.reflect.Method.invoke(Method.java:580)
	at org.junit.platform.commons.util.ReflectionUtils.invokeMethod(ReflectionUtils.java:728)
	at org.junit.jupiter.engine.execution.MethodInvocation.proceed(MethodInvocation.java:60)
	at org.junit.jupiter.engine.execution.InvocationInterceptorChain$ValidatingInvocation.proceed(InvocationInterceptorChain.java:131)
	at org.junit.jupiter.engine.extension.TimeoutExtension.intercept(TimeoutExtension.java:156)
	at org.junit.jupiter.engine.extension.TimeoutExtension.interceptLifecycleMethod(TimeoutExtension.java:128)
	at org.junit.jupiter.engine.extension.TimeoutExtension.interceptAfterEachMethod(TimeoutExtension.java:110)
	at org.junit.jupiter.engine.execution.InterceptingExecutableInvoker$ReflectiveInterceptorCall.lambda$ofVoidMethod$0(InterceptingExecutableInvoker.java:103)
	at org.junit.jupiter.engine.execution.InterceptingExecutableInvoker.lambda$invoke$0(InterceptingExecutableInvoker.java:93)
	at org.junit.jupiter.engine.execution.InvocationInterceptorChain$InterceptedInvocation.proceed(InvocationInterceptorChain.java:106)
	at org.junit.jupiter.engine.execution.InvocationInterceptorChain.proceed(InvocationInterceptorChain.java:64)
	at org.junit.jupiter.engine.execution.InvocationInterceptorChain.chainAndInvoke(InvocationInterceptorChain.java:45)
	at org.junit.jupiter.engine.execution.InvocationInterceptorChain.invoke(InvocationInterceptorChain.java:37)
	at org.junit.jupiter.engine.execution.InterceptingExecutableInvoker.invoke(InterceptingExecutableInvoker.java:92)
	at org.junit.jupiter.engine.execution.InterceptingExecutableInvoker.invoke(InterceptingExecutableInvoker.java:86)
	at org.junit.jupiter.engine.descriptor.ClassBasedTestDescriptor.invokeMethodInExtensionContext(ClassBasedTestDescriptor.java:521)
	at org.junit.jupiter.engine.descriptor.ClassBasedTestDescriptor.lambda$synthesizeAfterEachMethodAdapter$24(ClassBasedTestDescriptor.java:511)
	at org.junit.jupiter.engine.descriptor.TestMethodTestDescriptor.lambda$invokeAfterEachMethods$10(TestMethodTestDescriptor.java:244)
	at org.junit.jupiter.engine.descriptor.TestMethodTestDescriptor.lambda$invokeAllAfterMethodsOrCallbacks$13(TestMethodTestDescriptor.java:277)
	at org.junit.platform.engine.support.hierarchical.ThrowableCollector.execute(ThrowableCollector.java:73)
	at org.junit.jupiter.engine.descriptor.TestMethodTestDescriptor.lambda$invokeAllAfterMethodsOrCallbacks$14(TestMethodTestDescriptor.java:277)
	at org.junit.platform.commons.util.CollectionUtils.forEachInReverseOrder(CollectionUtils.java:217)
	at org.junit.jupiter.engine.descriptor.TestMethodTestDescriptor.invokeAllAfterMethodsOrCallbacks(TestMethodTestDescriptor.java:276)
	at org.junit.jupiter.engine.descriptor.TestMethodTestDescriptor.invokeAfterEachMethods(TestMethodTestDescriptor.java:242)
	at org.junit.jupiter.engine.descriptor.TestMethodTestDescriptor.execute(TestMethodTestDescriptor.java:143)
	at org.junit.jupiter.engine.descriptor.TestMethodTestDescriptor.execute(TestMethodTestDescriptor.java:69)
	at org.junit.platform.engine.support.hierarchical.NodeTestTask.lambda$executeRecursively$6(NodeTestTask.java:151)
	at org.junit.platform.engine.support.hierarchical.ThrowableCollector.execute(ThrowableCollector.java:73)
	at org.junit.platform.engine.support.hierarchical.NodeTestTask.lambda$executeRecursively$8(NodeTestTask.java:141)
	at org.junit.platform.engine.support.hierarchical.Node.around(Node.java:137)
	at org.junit.platform.engine.support.hierarchical.NodeTestTask.lambda$executeRecursively$9(NodeTestTask.java:139)
	at org.junit.platform.engine.support.hierarchical.ThrowableCollector.execute(ThrowableCollector.java:73)
	at org.junit.platform.engine.support.hierarchical.NodeTestTask.executeRecursively(NodeTestTask.java:138)
	at org.junit.platform.engine.support.hierarchical.NodeTestTask.execute(NodeTestTask.java:95)
	at java.base/java.util.ArrayList.forEach(ArrayList.java:1596)
	at org.junit.platform.engine.support.hierarchical.SameThreadHierarchicalTestExecutorService.invokeAll(SameThreadHierarchicalTestExecutorService.java:41)
	at org.junit.platform.engine.support.hierarchical.NodeTestTask.lambda$executeRecursively$6(NodeTestTask.java:155)
	at org.junit.platform.engine.support.hierarchical.ThrowableCollector.execute(ThrowableCollector.java:73)
	at org.junit.platform.engine.support.hierarchical.NodeTestTask.lambda$executeRecursively$8(NodeTestTask.java:141)
	at org.junit.platform.engine.support.hierarchical.Node.around(Node.java:137)
	at org.junit.platform.engine.support.hierarchical.NodeTestTask.lambda$executeRecursively$9(NodeTestTask.java:139)
	at org.junit.platform.engine.support.hierarchical.ThrowableCollector.execute(ThrowableCollector.java:73)
	at org.junit.platform.engine.support.hierarchical.NodeTestTask.executeRecursively(NodeTestTask.java:138)
	at org.junit.platform.engine.support.hierarchical.NodeTestTask.execute(NodeTestTask.java:95)
	at java.base/java.util.ArrayList.forEach(ArrayList.java:1596)
	at org.junit.platform.engine.support.hierarchical.SameThreadHierarchicalTestExecutorService.invokeAll(SameThreadHierarchicalTestExecutorService.java:41)
	at org.junit.platform.engine.support.hierarchical.NodeTestTask.lambda$executeRecursively$6(NodeTestTask.java:155)
	at org.junit.platform.engine.support.hierarchical.ThrowableCollector.execute(ThrowableCollector.java:73)
	at org.junit.platform.engine.support.hierarchical.NodeTestTask.lambda$executeRecursively$8(NodeTestTask.java:141)
	at org.junit.platform.engine.support.hierarchical.Node.around(Node.java:137)
	at org.junit.platform.engine.support.hierarchical.NodeTestTask.lambda$executeRecursively$9(NodeTestTask.java:139)
	at org.junit.platform.engine.support.hierarchical.ThrowableCollector.execute(ThrowableCollector.java:73)
	at org.junit.platform.engine.support.hierarchical.NodeTestTask.executeRecursively(NodeTestTask.java:138)
	at org.junit.platform.engine.support.hierarchical.NodeTestTask.execute(NodeTestTask.java:95)
	at org.junit.platform.engine.support.hierarchical.SameThreadHierarchicalTestExecutorService.submit(SameThreadHierarchicalTestExecutorService.java:35)
	at org.junit.platform.engine.support.hierarchical.HierarchicalTestExecutor.execute(HierarchicalTestExecutor.java:57)
	at org.junit.platform.engine.support.hierarchical.HierarchicalTestEngine.execute(HierarchicalTestEngine.java:54)
	at org.junit.platform.launcher.core.EngineExecutionOrchestrator.execute(EngineExecutionOrchestrator.java:198)
	at org.junit.platform.launcher.core.EngineExecutionOrchestrator.execute(EngineExecutionOrchestrator.java:169)
	at org.junit.platform.launcher.core.EngineExecutionOrchestrator.execute(EngineExecutionOrchestrator.java:93)
	at org.junit.platform.launcher.core.EngineExecutionOrchestrator.lambda$execute$0(EngineExecutionOrchestrator.java:58)
	at org.junit.platform.launcher.core.EngineExecutionOrchestrator.withInterceptedStreams(EngineExecutionOrchestrator.java:141)
	at org.junit.platform.launcher.core.EngineExecutionOrchestrator.execute(EngineExecutionOrchestrator.java:57)
	at org.junit.platform.launcher.core.DefaultLauncher.execute(DefaultLauncher.java:103)
	at org.junit.platform.launcher.core.DefaultLauncher.execute(DefaultLauncher.java:85)
	at org.junit.platform.launcher.core.DelegatingLauncher.execute(DelegatingLauncher.java:47)
	at org.apache.maven.surefire.junitplatform.LazyLauncher.execute(LazyLauncher.java:56)
	at org.apache.maven.surefire.junitplatform.JUnitPlatformProvider.execute(JUnitPlatformProvider.java:184)
	at org.apache.maven.surefire.junitplatform.JUnitPlatformProvider.invokeAllTests(JUnitPlatformProvider.java:148)
	at org.apache.maven.surefire.junitplatform.JUnitPlatformProvider.invoke(JUnitPlatformProvider.java:122)
	at org.apache.maven.surefire.booter.ForkedBooter.runSuitesInProcess(ForkedBooter.java:385)
	at org.apache.maven.surefire.booter.ForkedBooter.execute(ForkedBooter.java:162)
	at org.apache.maven.surefire.booter.ForkedBooter.run(ForkedBooter.java:507)
	at org.apache.maven.surefire.booter.ForkedBooter.main(ForkedBooter.java:495)
10:24:18.154 [main] WARN org.hibernate.engine.jdbc.spi.SqlExceptionHelper - SQL Error: 23503, SQLState: 23503
10:24:18.154 [main] ERROR org.hibernate.engine.jdbc.spi.SqlExceptionHelper - Referential integrity constraint violation: "FK5IRPAISPCX79XWY6N1QOMAXNV: PUBLIC.TASK_COMPONENTS FOREIGN KEY(COMPONENT_ID) REFERENCES PUBLIC.COMPONENTS(ID) (CAST(55 AS BIGINT))"; SQL statement:
delete from components where id=? [23503-224]
10:24:18.154 [main] DEBUG org.hibernate.orm.jdbc.batch - PreparedStatementDetails did not contain PreparedStatement on #releaseStatements : delete from components where id=?
10:24:18.154 [main] DEBUG org.hibernate.orm.jdbc.batch - PreparedStatementDetails did not contain PreparedStatement on #releaseStatements : delete from components where id=?
10:24:18.155 [main] DEBUG org.hibernate.resource.transaction.backend.jdbc.internal.JdbcResourceLocalTransactionCoordinatorImpl - JDBC transaction marked for rollback-only (exception provided for stack trace)
java.lang.Exception: exception just for purpose of providing stack trace
	at org.hibernate.resource.transaction.backend.jdbc.internal.JdbcResourceLocalTransactionCoordinatorImpl$TransactionDriverControlImpl.markRollbackOnly(JdbcResourceLocalTransactionCoordinatorImpl.java:309)
	at org.hibernate.engine.transaction.internal.TransactionImpl.markRollbackOnly(TransactionImpl.java:203)
	at org.hibernate.internal.AbstractSharedSessionContract.markForRollbackOnly(AbstractSharedSessionContract.java:512)
	at org.hibernate.internal.ExceptionConverterImpl.rollbackIfNecessary(ExceptionConverterImpl.java:264)
	at org.hibernate.internal.ExceptionConverterImpl.convert(ExceptionConverterImpl.java:160)
	at org.hibernate.internal.ExceptionConverterImpl.convert(ExceptionConverterImpl.java:167)
	at org.hibernate.internal.ExceptionConverterImpl.convert(ExceptionConverterImpl.java:173)
	at org.hibernate.internal.SessionImpl.doFlush(SessionImpl.java:1429)
	at org.hibernate.internal.SessionImpl.managedFlush(SessionImpl.java:487)
	at org.hibernate.internal.SessionImpl.flushBeforeTransactionCompletion(SessionImpl.java:2324)
	at org.hibernate.internal.SessionImpl.beforeTransactionCompletion(SessionImpl.java:1981)
	at org.hibernate.engine.jdbc.internal.JdbcCoordinatorImpl.beforeTransactionCompletion(JdbcCoordinatorImpl.java:439)
	at org.hibernate.resource.transaction.backend.jdbc.internal.JdbcResourceLocalTransactionCoordinatorImpl.beforeCompletionCallback(JdbcResourceLocalTransactionCoordinatorImpl.java:169)
	at org.hibernate.resource.transaction.backend.jdbc.internal.JdbcResourceLocalTransactionCoordinatorImpl$TransactionDriverControlImpl.commit(JdbcResourceLocalTransactionCoordinatorImpl.java:267)
	at org.hibernate.engine.transaction.internal.TransactionImpl.commit(TransactionImpl.java:101)
	at org.frcpm.repositories.impl.JpaRepositoryImpl.delete(JpaRepositoryImpl.java:165)
	at org.frcpm.repositories.ComponentRepositoryTest.cleanupTestComponents(ComponentRepositoryTest.java:63)
	at org.frcpm.repositories.ComponentRepositoryTest.tearDown(ComponentRepositoryTest.java:35)
	at java.base/jdk.internal.reflect.DirectMethodHandleAccessor.invoke(DirectMethodHandleAccessor.java:103)
	at java.base/java.lang.reflect.Method.invoke(Method.java:580)
	at org.junit.platform.commons.util.ReflectionUtils.invokeMethod(ReflectionUtils.java:728)
	at org.junit.jupiter.engine.execution.MethodInvocation.proceed(MethodInvocation.java:60)
	at org.junit.jupiter.engine.execution.InvocationInterceptorChain$ValidatingInvocation.proceed(InvocationInterceptorChain.java:131)
	at org.junit.jupiter.engine.extension.TimeoutExtension.intercept(TimeoutExtension.java:156)
	at org.junit.jupiter.engine.extension.TimeoutExtension.interceptLifecycleMethod(TimeoutExtension.java:128)
	at org.junit.jupiter.engine.extension.TimeoutExtension.interceptAfterEachMethod(TimeoutExtension.java:110)
	at org.junit.jupiter.engine.execution.InterceptingExecutableInvoker$ReflectiveInterceptorCall.lambda$ofVoidMethod$0(InterceptingExecutableInvoker.java:103)
	at org.junit.jupiter.engine.execution.InterceptingExecutableInvoker.lambda$invoke$0(InterceptingExecutableInvoker.java:93)
	at org.junit.jupiter.engine.execution.InvocationInterceptorChain$InterceptedInvocation.proceed(InvocationInterceptorChain.java:106)
	at org.junit.jupiter.engine.execution.InvocationInterceptorChain.proceed(InvocationInterceptorChain.java:64)
	at org.junit.jupiter.engine.execution.InvocationInterceptorChain.chainAndInvoke(InvocationInterceptorChain.java:45)
	at org.junit.jupiter.engine.execution.InvocationInterceptorChain.invoke(InvocationInterceptorChain.java:37)
	at org.junit.jupiter.engine.execution.InterceptingExecutableInvoker.invoke(InterceptingExecutableInvoker.java:92)
	at org.junit.jupiter.engine.execution.InterceptingExecutableInvoker.invoke(InterceptingExecutableInvoker.java:86)
	at org.junit.jupiter.engine.descriptor.ClassBasedTestDescriptor.invokeMethodInExtensionContext(ClassBasedTestDescriptor.java:521)
	at org.junit.jupiter.engine.descriptor.ClassBasedTestDescriptor.lambda$synthesizeAfterEachMethodAdapter$24(ClassBasedTestDescriptor.java:511)
	at org.junit.jupiter.engine.descriptor.TestMethodTestDescriptor.lambda$invokeAfterEachMethods$10(TestMethodTestDescriptor.java:244)
	at org.junit.jupiter.engine.descriptor.TestMethodTestDescriptor.lambda$invokeAllAfterMethodsOrCallbacks$13(TestMethodTestDescriptor.java:277)
	at org.junit.platform.engine.support.hierarchical.ThrowableCollector.execute(ThrowableCollector.java:73)
	at org.junit.jupiter.engine.descriptor.TestMethodTestDescriptor.lambda$invokeAllAfterMethodsOrCallbacks$14(TestMethodTestDescriptor.java:277)
	at org.junit.platform.commons.util.CollectionUtils.forEachInReverseOrder(CollectionUtils.java:217)
	at org.junit.jupiter.engine.descriptor.TestMethodTestDescriptor.invokeAllAfterMethodsOrCallbacks(TestMethodTestDescriptor.java:276)
	at org.junit.jupiter.engine.descriptor.TestMethodTestDescriptor.invokeAfterEachMethods(TestMethodTestDescriptor.java:242)
	at org.junit.jupiter.engine.descriptor.TestMethodTestDescriptor.execute(TestMethodTestDescriptor.java:143)
	at org.junit.jupiter.engine.descriptor.TestMethodTestDescriptor.execute(TestMethodTestDescriptor.java:69)
	at org.junit.platform.engine.support.hierarchical.NodeTestTask.lambda$executeRecursively$6(NodeTestTask.java:151)
	at org.junit.platform.engine.support.hierarchical.ThrowableCollector.execute(ThrowableCollector.java:73)
	at org.junit.platform.engine.support.hierarchical.NodeTestTask.lambda$executeRecursively$8(NodeTestTask.java:141)
	at org.junit.platform.engine.support.hierarchical.Node.around(Node.java:137)
	at org.junit.platform.engine.support.hierarchical.NodeTestTask.lambda$executeRecursively$9(NodeTestTask.java:139)
	at org.junit.platform.engine.support.hierarchical.ThrowableCollector.execute(ThrowableCollector.java:73)
	at org.junit.platform.engine.support.hierarchical.NodeTestTask.executeRecursively(NodeTestTask.java:138)
	at org.junit.platform.engine.support.hierarchical.NodeTestTask.execute(NodeTestTask.java:95)
	at java.base/java.util.ArrayList.forEach(ArrayList.java:1596)
	at org.junit.platform.engine.support.hierarchical.SameThreadHierarchicalTestExecutorService.invokeAll(SameThreadHierarchicalTestExecutorService.java:41)
	at org.junit.platform.engine.support.hierarchical.NodeTestTask.lambda$executeRecursively$6(NodeTestTask.java:155)
	at org.junit.platform.engine.support.hierarchical.ThrowableCollector.execute(ThrowableCollector.java:73)
	at org.junit.platform.engine.support.hierarchical.NodeTestTask.lambda$executeRecursively$8(NodeTestTask.java:141)
	at org.junit.platform.engine.support.hierarchical.Node.around(Node.java:137)
	at org.junit.platform.engine.support.hierarchical.NodeTestTask.lambda$executeRecursively$9(NodeTestTask.java:139)
	at org.junit.platform.engine.support.hierarchical.ThrowableCollector.execute(ThrowableCollector.java:73)
	at org.junit.platform.engine.support.hierarchical.NodeTestTask.executeRecursively(NodeTestTask.java:138)
	at org.junit.platform.engine.support.hierarchical.NodeTestTask.execute(NodeTestTask.java:95)
	at java.base/java.util.ArrayList.forEach(ArrayList.java:1596)
	at org.junit.platform.engine.support.hierarchical.SameThreadHierarchicalTestExecutorService.invokeAll(SameThreadHierarchicalTestExecutorService.java:41)
	at org.junit.platform.engine.support.hierarchical.NodeTestTask.lambda$executeRecursively$6(NodeTestTask.java:155)
	at org.junit.platform.engine.support.hierarchical.ThrowableCollector.execute(ThrowableCollector.java:73)
	at org.junit.platform.engine.support.hierarchical.NodeTestTask.lambda$executeRecursively$8(NodeTestTask.java:141)
	at org.junit.platform.engine.support.hierarchical.Node.around(Node.java:137)
	at org.junit.platform.engine.support.hierarchical.NodeTestTask.lambda$executeRecursively$9(NodeTestTask.java:139)
	at org.junit.platform.engine.support.hierarchical.ThrowableCollector.execute(ThrowableCollector.java:73)
	at org.junit.platform.engine.support.hierarchical.NodeTestTask.executeRecursively(NodeTestTask.java:138)
	at org.junit.platform.engine.support.hierarchical.NodeTestTask.execute(NodeTestTask.java:95)
	at org.junit.platform.engine.support.hierarchical.SameThreadHierarchicalTestExecutorService.submit(SameThreadHierarchicalTestExecutorService.java:35)
	at org.junit.platform.engine.support.hierarchical.HierarchicalTestExecutor.execute(HierarchicalTestExecutor.java:57)
	at org.junit.platform.engine.support.hierarchical.HierarchicalTestEngine.execute(HierarchicalTestEngine.java:54)
	at org.junit.platform.launcher.core.EngineExecutionOrchestrator.execute(EngineExecutionOrchestrator.java:198)
	at org.junit.platform.launcher.core.EngineExecutionOrchestrator.execute(EngineExecutionOrchestrator.java:169)
	at org.junit.platform.launcher.core.EngineExecutionOrchestrator.execute(EngineExecutionOrchestrator.java:93)
	at org.junit.platform.launcher.core.EngineExecutionOrchestrator.lambda$execute$0(EngineExecutionOrchestrator.java:58)
	at org.junit.platform.launcher.core.EngineExecutionOrchestrator.withInterceptedStreams(EngineExecutionOrchestrator.java:141)
	at org.junit.platform.launcher.core.EngineExecutionOrchestrator.execute(EngineExecutionOrchestrator.java:57)
	at org.junit.platform.launcher.core.DefaultLauncher.execute(DefaultLauncher.java:103)
	at org.junit.platform.launcher.core.DefaultLauncher.execute(DefaultLauncher.java:85)
	at org.junit.platform.launcher.core.DelegatingLauncher.execute(DelegatingLauncher.java:47)
	at org.apache.maven.surefire.junitplatform.LazyLauncher.execute(LazyLauncher.java:56)
	at org.apache.maven.surefire.junitplatform.JUnitPlatformProvider.execute(JUnitPlatformProvider.java:184)
	at org.apache.maven.surefire.junitplatform.JUnitPlatformProvider.invokeAllTests(JUnitPlatformProvider.java:148)
	at org.apache.maven.surefire.junitplatform.JUnitPlatformProvider.invoke(JUnitPlatformProvider.java:122)
	at org.apache.maven.surefire.booter.ForkedBooter.runSuitesInProcess(ForkedBooter.java:385)
	at org.apache.maven.surefire.booter.ForkedBooter.execute(ForkedBooter.java:162)
	at org.apache.maven.surefire.booter.ForkedBooter.run(ForkedBooter.java:507)
	at org.apache.maven.surefire.booter.ForkedBooter.main(ForkedBooter.java:495)
10:24:18.155 [main] DEBUG org.hibernate.resource.transaction.backend.jdbc.internal.JdbcResourceLocalTransactionCoordinatorImpl - JDBC transaction marked for rollback-only (exception provided for stack trace)
java.lang.Exception: exception just for purpose of providing stack trace
	at org.hibernate.resource.transaction.backend.jdbc.internal.JdbcResourceLocalTransactionCoordinatorImpl$TransactionDriverControlImpl.markRollbackOnly(JdbcResourceLocalTransactionCoordinatorImpl.java:309)
	at org.hibernate.resource.transaction.backend.jdbc.internal.JdbcResourceLocalTransactionCoordinatorImpl.beforeCompletionCallback(JdbcResourceLocalTransactionCoordinatorImpl.java:178)
	at org.hibernate.resource.transaction.backend.jdbc.internal.JdbcResourceLocalTransactionCoordinatorImpl$TransactionDriverControlImpl.commit(JdbcResourceLocalTransactionCoordinatorImpl.java:267)
	at org.hibernate.engine.transaction.internal.TransactionImpl.commit(TransactionImpl.java:101)
	at org.frcpm.repositories.impl.JpaRepositoryImpl.delete(JpaRepositoryImpl.java:165)
	at org.frcpm.repositories.ComponentRepositoryTest.cleanupTestComponents(ComponentRepositoryTest.java:63)
	at org.frcpm.repositories.ComponentRepositoryTest.tearDown(ComponentRepositoryTest.java:35)
	at java.base/jdk.internal.reflect.DirectMethodHandleAccessor.invoke(DirectMethodHandleAccessor.java:103)
	at java.base/java.lang.reflect.Method.invoke(Method.java:580)
	at org.junit.platform.commons.util.ReflectionUtils.invokeMethod(ReflectionUtils.java:728)
	at org.junit.jupiter.engine.execution.MethodInvocation.proceed(MethodInvocation.java:60)
	at org.junit.jupiter.engine.execution.InvocationInterceptorChain$ValidatingInvocation.proceed(InvocationInterceptorChain.java:131)
	at org.junit.jupiter.engine.extension.TimeoutExtension.intercept(TimeoutExtension.java:156)
	at org.junit.jupiter.engine.extension.TimeoutExtension.interceptLifecycleMethod(TimeoutExtension.java:128)
	at org.junit.jupiter.engine.extension.TimeoutExtension.interceptAfterEachMethod(TimeoutExtension.java:110)
	at org.junit.jupiter.engine.execution.InterceptingExecutableInvoker$ReflectiveInterceptorCall.lambda$ofVoidMethod$0(InterceptingExecutableInvoker.java:103)
	at org.junit.jupiter.engine.execution.InterceptingExecutableInvoker.lambda$invoke$0(InterceptingExecutableInvoker.java:93)
	at org.junit.jupiter.engine.execution.InvocationInterceptorChain$InterceptedInvocation.proceed(InvocationInterceptorChain.java:106)
	at org.junit.jupiter.engine.execution.InvocationInterceptorChain.proceed(InvocationInterceptorChain.java:64)
	at org.junit.jupiter.engine.execution.InvocationInterceptorChain.chainAndInvoke(InvocationInterceptorChain.java:45)
	at org.junit.jupiter.engine.execution.InvocationInterceptorChain.invoke(InvocationInterceptorChain.java:37)
	at org.junit.jupiter.engine.execution.InterceptingExecutableInvoker.invoke(InterceptingExecutableInvoker.java:92)
	at org.junit.jupiter.engine.execution.InterceptingExecutableInvoker.invoke(InterceptingExecutableInvoker.java:86)
	at org.junit.jupiter.engine.descriptor.ClassBasedTestDescriptor.invokeMethodInExtensionContext(ClassBasedTestDescriptor.java:521)
	at org.junit.jupiter.engine.descriptor.ClassBasedTestDescriptor.lambda$synthesizeAfterEachMethodAdapter$24(ClassBasedTestDescriptor.java:511)
	at org.junit.jupiter.engine.descriptor.TestMethodTestDescriptor.lambda$invokeAfterEachMethods$10(TestMethodTestDescriptor.java:244)
	at org.junit.jupiter.engine.descriptor.TestMethodTestDescriptor.lambda$invokeAllAfterMethodsOrCallbacks$13(TestMethodTestDescriptor.java:277)
	at org.junit.platform.engine.support.hierarchical.ThrowableCollector.execute(ThrowableCollector.java:73)
	at org.junit.jupiter.engine.descriptor.TestMethodTestDescriptor.lambda$invokeAllAfterMethodsOrCallbacks$14(TestMethodTestDescriptor.java:277)
	at org.junit.platform.commons.util.CollectionUtils.forEachInReverseOrder(CollectionUtils.java:217)
	at org.junit.jupiter.engine.descriptor.TestMethodTestDescriptor.invokeAllAfterMethodsOrCallbacks(TestMethodTestDescriptor.java:276)
	at org.junit.jupiter.engine.descriptor.TestMethodTestDescriptor.invokeAfterEachMethods(TestMethodTestDescriptor.java:242)
	at org.junit.jupiter.engine.descriptor.TestMethodTestDescriptor.execute(TestMethodTestDescriptor.java:143)
	at org.junit.jupiter.engine.descriptor.TestMethodTestDescriptor.execute(TestMethodTestDescriptor.java:69)
	at org.junit.platform.engine.support.hierarchical.NodeTestTask.lambda$executeRecursively$6(NodeTestTask.java:151)
	at org.junit.platform.engine.support.hierarchical.ThrowableCollector.execute(ThrowableCollector.java:73)
	at org.junit.platform.engine.support.hierarchical.NodeTestTask.lambda$executeRecursively$8(NodeTestTask.java:141)
	at org.junit.platform.engine.support.hierarchical.Node.around(Node.java:137)
	at org.junit.platform.engine.support.hierarchical.NodeTestTask.lambda$executeRecursively$9(NodeTestTask.java:139)
	at org.junit.platform.engine.support.hierarchical.ThrowableCollector.execute(ThrowableCollector.java:73)
	at org.junit.platform.engine.support.hierarchical.NodeTestTask.executeRecursively(NodeTestTask.java:138)
	at org.junit.platform.engine.support.hierarchical.NodeTestTask.execute(NodeTestTask.java:95)
	at java.base/java.util.ArrayList.forEach(ArrayList.java:1596)
	at org.junit.platform.engine.support.hierarchical.SameThreadHierarchicalTestExecutorService.invokeAll(SameThreadHierarchicalTestExecutorService.java:41)
	at org.junit.platform.engine.support.hierarchical.NodeTestTask.lambda$executeRecursively$6(NodeTestTask.java:155)
	at org.junit.platform.engine.support.hierarchical.ThrowableCollector.execute(ThrowableCollector.java:73)
	at org.junit.platform.engine.support.hierarchical.NodeTestTask.lambda$executeRecursively$8(NodeTestTask.java:141)
	at org.junit.platform.engine.support.hierarchical.Node.around(Node.java:137)
	at org.junit.platform.engine.support.hierarchical.NodeTestTask.lambda$executeRecursively$9(NodeTestTask.java:139)
	at org.junit.platform.engine.support.hierarchical.ThrowableCollector.execute(ThrowableCollector.java:73)
	at org.junit.platform.engine.support.hierarchical.NodeTestTask.executeRecursively(NodeTestTask.java:138)
	at org.junit.platform.engine.support.hierarchical.NodeTestTask.execute(NodeTestTask.java:95)
	at java.base/java.util.ArrayList.forEach(ArrayList.java:1596)
	at org.junit.platform.engine.support.hierarchical.SameThreadHierarchicalTestExecutorService.invokeAll(SameThreadHierarchicalTestExecutorService.java:41)
	at org.junit.platform.engine.support.hierarchical.NodeTestTask.lambda$executeRecursively$6(NodeTestTask.java:155)
	at org.junit.platform.engine.support.hierarchical.ThrowableCollector.execute(ThrowableCollector.java:73)
	at org.junit.platform.engine.support.hierarchical.NodeTestTask.lambda$executeRecursively$8(NodeTestTask.java:141)
	at org.junit.platform.engine.support.hierarchical.Node.around(Node.java:137)
	at org.junit.platform.engine.support.hierarchical.NodeTestTask.lambda$executeRecursively$9(NodeTestTask.java:139)
	at org.junit.platform.engine.support.hierarchical.ThrowableCollector.execute(ThrowableCollector.java:73)
	at org.junit.platform.engine.support.hierarchical.NodeTestTask.executeRecursively(NodeTestTask.java:138)
	at org.junit.platform.engine.support.hierarchical.NodeTestTask.execute(NodeTestTask.java:95)
	at org.junit.platform.engine.support.hierarchical.SameThreadHierarchicalTestExecutorService.submit(SameThreadHierarchicalTestExecutorService.java:35)
	at org.junit.platform.engine.support.hierarchical.HierarchicalTestExecutor.execute(HierarchicalTestExecutor.java:57)
	at org.junit.platform.engine.support.hierarchical.HierarchicalTestEngine.execute(HierarchicalTestEngine.java:54)
	at org.junit.platform.launcher.core.EngineExecutionOrchestrator.execute(EngineExecutionOrchestrator.java:198)
	at org.junit.platform.launcher.core.EngineExecutionOrchestrator.execute(EngineExecutionOrchestrator.java:169)
	at org.junit.platform.launcher.core.EngineExecutionOrchestrator.execute(EngineExecutionOrchestrator.java:93)
	at org.junit.platform.launcher.core.EngineExecutionOrchestrator.lambda$execute$0(EngineExecutionOrchestrator.java:58)
	at org.junit.platform.launcher.core.EngineExecutionOrchestrator.withInterceptedStreams(EngineExecutionOrchestrator.java:141)
	at org.junit.platform.launcher.core.EngineExecutionOrchestrator.execute(EngineExecutionOrchestrator.java:57)
	at org.junit.platform.launcher.core.DefaultLauncher.execute(DefaultLauncher.java:103)
	at org.junit.platform.launcher.core.DefaultLauncher.execute(DefaultLauncher.java:85)
	at org.junit.platform.launcher.core.DelegatingLauncher.execute(DelegatingLauncher.java:47)
	at org.apache.maven.surefire.junitplatform.LazyLauncher.execute(LazyLauncher.java:56)
	at org.apache.maven.surefire.junitplatform.JUnitPlatformProvider.execute(JUnitPlatformProvider.java:184)
	at org.apache.maven.surefire.junitplatform.JUnitPlatformProvider.invokeAllTests(JUnitPlatformProvider.java:148)
	at org.apache.maven.surefire.junitplatform.JUnitPlatformProvider.invoke(JUnitPlatformProvider.java:122)
	at org.apache.maven.surefire.booter.ForkedBooter.runSuitesInProcess(ForkedBooter.java:385)
	at org.apache.maven.surefire.booter.ForkedBooter.execute(ForkedBooter.java:162)
	at org.apache.maven.surefire.booter.ForkedBooter.run(ForkedBooter.java:507)
	at org.apache.maven.surefire.booter.ForkedBooter.main(ForkedBooter.java:495)
10:24:18.156 [main] DEBUG org.hibernate.orm.jdbc.batch - PreparedStatementDetails did not contain PreparedStatement on #releaseStatements : delete from components where id=?
10:24:18.156 [main] DEBUG org.hibernate.resource.jdbc.internal.LogicalConnectionManagedImpl - Initiating JDBC connection release from afterTransaction
10:24:18.156 [main] DEBUG org.hibernate.orm.jdbc.batch - PreparedStatementDetails did not contain PreparedStatement on #releaseStatements : delete from components where id=?
10:24:18.156 [main] DEBUG org.hibernate.orm.jdbc.batch - PreparedStatementDetails did not contain PreparedStatement on #releaseStatements : delete from components where id=?
10:24:18.156 [main] DEBUG org.hibernate.resource.jdbc.internal.LogicalConnectionManagedImpl - Initiating JDBC connection release from afterTransaction
10:24:18.156 [main] DEBUG org.hibernate.engine.transaction.internal.TransactionImpl - rollback() called on an inactive transaction
10:24:18.157 [main] DEBUG org.hibernate.engine.jdbc.internal.JdbcCoordinatorImpl - HHH000420: Closing un-released batch
10:24:18.157 [main] DEBUG org.hibernate.orm.jdbc.batch - PreparedStatementDetails did not contain PreparedStatement on #releaseStatements : delete from components where id=?
10:24:18.157 [main] DEBUG org.hibernate.orm.jdbc.batch - PreparedStatementDetails did not contain PreparedStatement on #releaseStatements : delete from components where id=?
]]></system-out>
    <system-err><![CDATA[Apr 25, 2025 10:24:18 AM org.frcpm.repositories.impl.JpaRepositoryImpl delete
SEVERE: Error deleting entity
jakarta.persistence.RollbackException: Error while committing the transaction
	at org.hibernate.internal.ExceptionConverterImpl.convertCommitException(ExceptionConverterImpl.java:67)
	at org.hibernate.engine.transaction.internal.TransactionImpl.commit(TransactionImpl.java:104)
	at org.frcpm.repositories.impl.JpaRepositoryImpl.delete(JpaRepositoryImpl.java:165)
	at org.frcpm.repositories.ComponentRepositoryTest.cleanupTestComponents(ComponentRepositoryTest.java:63)
	at org.frcpm.repositories.ComponentRepositoryTest.tearDown(ComponentRepositoryTest.java:35)
	at java.base/jdk.internal.reflect.DirectMethodHandleAccessor.invoke(DirectMethodHandleAccessor.java:103)
	at java.base/java.lang.reflect.Method.invoke(Method.java:580)
	at org.junit.platform.commons.util.ReflectionUtils.invokeMethod(ReflectionUtils.java:728)
	at org.junit.jupiter.engine.execution.MethodInvocation.proceed(MethodInvocation.java:60)
	at org.junit.jupiter.engine.execution.InvocationInterceptorChain$ValidatingInvocation.proceed(InvocationInterceptorChain.java:131)
	at org.junit.jupiter.engine.extension.TimeoutExtension.intercept(TimeoutExtension.java:156)
	at org.junit.jupiter.engine.extension.TimeoutExtension.interceptLifecycleMethod(TimeoutExtension.java:128)
	at org.junit.jupiter.engine.extension.TimeoutExtension.interceptAfterEachMethod(TimeoutExtension.java:110)
	at org.junit.jupiter.engine.execution.InterceptingExecutableInvoker$ReflectiveInterceptorCall.lambda$ofVoidMethod$0(InterceptingExecutableInvoker.java:103)
	at org.junit.jupiter.engine.execution.InterceptingExecutableInvoker.lambda$invoke$0(InterceptingExecutableInvoker.java:93)
	at org.junit.jupiter.engine.execution.InvocationInterceptorChain$InterceptedInvocation.proceed(InvocationInterceptorChain.java:106)
	at org.junit.jupiter.engine.execution.InvocationInterceptorChain.proceed(InvocationInterceptorChain.java:64)
	at org.junit.jupiter.engine.execution.InvocationInterceptorChain.chainAndInvoke(InvocationInterceptorChain.java:45)
	at org.junit.jupiter.engine.execution.InvocationInterceptorChain.invoke(InvocationInterceptorChain.java:37)
	at org.junit.jupiter.engine.execution.InterceptingExecutableInvoker.invoke(InterceptingExecutableInvoker.java:92)
	at org.junit.jupiter.engine.execution.InterceptingExecutableInvoker.invoke(InterceptingExecutableInvoker.java:86)
	at org.junit.jupiter.engine.descriptor.ClassBasedTestDescriptor.invokeMethodInExtensionContext(ClassBasedTestDescriptor.java:521)
	at org.junit.jupiter.engine.descriptor.ClassBasedTestDescriptor.lambda$synthesizeAfterEachMethodAdapter$24(ClassBasedTestDescriptor.java:511)
	at org.junit.jupiter.engine.descriptor.TestMethodTestDescriptor.lambda$invokeAfterEachMethods$10(TestMethodTestDescriptor.java:244)
	at org.junit.jupiter.engine.descriptor.TestMethodTestDescriptor.lambda$invokeAllAfterMethodsOrCallbacks$13(TestMethodTestDescriptor.java:277)
	at org.junit.platform.engine.support.hierarchical.ThrowableCollector.execute(ThrowableCollector.java:73)
	at org.junit.jupiter.engine.descriptor.TestMethodTestDescriptor.lambda$invokeAllAfterMethodsOrCallbacks$14(TestMethodTestDescriptor.java:277)
	at org.junit.platform.commons.util.CollectionUtils.forEachInReverseOrder(CollectionUtils.java:217)
	at org.junit.jupiter.engine.descriptor.TestMethodTestDescriptor.invokeAllAfterMethodsOrCallbacks(TestMethodTestDescriptor.java:276)
	at org.junit.jupiter.engine.descriptor.TestMethodTestDescriptor.invokeAfterEachMethods(TestMethodTestDescriptor.java:242)
	at org.junit.jupiter.engine.descriptor.TestMethodTestDescriptor.execute(TestMethodTestDescriptor.java:143)
	at org.junit.jupiter.engine.descriptor.TestMethodTestDescriptor.execute(TestMethodTestDescriptor.java:69)
	at org.junit.platform.engine.support.hierarchical.NodeTestTask.lambda$executeRecursively$6(NodeTestTask.java:151)
	at org.junit.platform.engine.support.hierarchical.ThrowableCollector.execute(ThrowableCollector.java:73)
	at org.junit.platform.engine.support.hierarchical.NodeTestTask.lambda$executeRecursively$8(NodeTestTask.java:141)
	at org.junit.platform.engine.support.hierarchical.Node.around(Node.java:137)
	at org.junit.platform.engine.support.hierarchical.NodeTestTask.lambda$executeRecursively$9(NodeTestTask.java:139)
	at org.junit.platform.engine.support.hierarchical.ThrowableCollector.execute(ThrowableCollector.java:73)
	at org.junit.platform.engine.support.hierarchical.NodeTestTask.executeRecursively(NodeTestTask.java:138)
	at org.junit.platform.engine.support.hierarchical.NodeTestTask.execute(NodeTestTask.java:95)
	at java.base/java.util.ArrayList.forEach(ArrayList.java:1596)
	at org.junit.platform.engine.support.hierarchical.SameThreadHierarchicalTestExecutorService.invokeAll(SameThreadHierarchicalTestExecutorService.java:41)
	at org.junit.platform.engine.support.hierarchical.NodeTestTask.lambda$executeRecursively$6(NodeTestTask.java:155)
	at org.junit.platform.engine.support.hierarchical.ThrowableCollector.execute(ThrowableCollector.java:73)
	at org.junit.platform.engine.support.hierarchical.NodeTestTask.lambda$executeRecursively$8(NodeTestTask.java:141)
	at org.junit.platform.engine.support.hierarchical.Node.around(Node.java:137)
	at org.junit.platform.engine.support.hierarchical.NodeTestTask.lambda$executeRecursively$9(NodeTestTask.java:139)
	at org.junit.platform.engine.support.hierarchical.ThrowableCollector.execute(ThrowableCollector.java:73)
	at org.junit.platform.engine.support.hierarchical.NodeTestTask.executeRecursively(NodeTestTask.java:138)
	at org.junit.platform.engine.support.hierarchical.NodeTestTask.execute(NodeTestTask.java:95)
	at java.base/java.util.ArrayList.forEach(ArrayList.java:1596)
	at org.junit.platform.engine.support.hierarchical.SameThreadHierarchicalTestExecutorService.invokeAll(SameThreadHierarchicalTestExecutorService.java:41)
	at org.junit.platform.engine.support.hierarchical.NodeTestTask.lambda$executeRecursively$6(NodeTestTask.java:155)
	at org.junit.platform.engine.support.hierarchical.ThrowableCollector.execute(ThrowableCollector.java:73)
	at org.junit.platform.engine.support.hierarchical.NodeTestTask.lambda$executeRecursively$8(NodeTestTask.java:141)
	at org.junit.platform.engine.support.hierarchical.Node.around(Node.java:137)
	at org.junit.platform.engine.support.hierarchical.NodeTestTask.lambda$executeRecursively$9(NodeTestTask.java:139)
	at org.junit.platform.engine.support.hierarchical.ThrowableCollector.execute(ThrowableCollector.java:73)
	at org.junit.platform.engine.support.hierarchical.NodeTestTask.executeRecursively(NodeTestTask.java:138)
	at org.junit.platform.engine.support.hierarchical.NodeTestTask.execute(NodeTestTask.java:95)
	at org.junit.platform.engine.support.hierarchical.SameThreadHierarchicalTestExecutorService.submit(SameThreadHierarchicalTestExecutorService.java:35)
	at org.junit.platform.engine.support.hierarchical.HierarchicalTestExecutor.execute(HierarchicalTestExecutor.java:57)
	at org.junit.platform.engine.support.hierarchical.HierarchicalTestEngine.execute(HierarchicalTestEngine.java:54)
	at org.junit.platform.launcher.core.EngineExecutionOrchestrator.execute(EngineExecutionOrchestrator.java:198)
	at org.junit.platform.launcher.core.EngineExecutionOrchestrator.execute(EngineExecutionOrchestrator.java:169)
	at org.junit.platform.launcher.core.EngineExecutionOrchestrator.execute(EngineExecutionOrchestrator.java:93)
	at org.junit.platform.launcher.core.EngineExecutionOrchestrator.lambda$execute$0(EngineExecutionOrchestrator.java:58)
	at org.junit.platform.launcher.core.EngineExecutionOrchestrator.withInterceptedStreams(EngineExecutionOrchestrator.java:141)
	at org.junit.platform.launcher.core.EngineExecutionOrchestrator.execute(EngineExecutionOrchestrator.java:57)
	at org.junit.platform.launcher.core.DefaultLauncher.execute(DefaultLauncher.java:103)
	at org.junit.platform.launcher.core.DefaultLauncher.execute(DefaultLauncher.java:85)
	at org.junit.platform.launcher.core.DelegatingLauncher.execute(DelegatingLauncher.java:47)
	at org.apache.maven.surefire.junitplatform.LazyLauncher.execute(LazyLauncher.java:56)
	at org.apache.maven.surefire.junitplatform.JUnitPlatformProvider.execute(JUnitPlatformProvider.java:184)
	at org.apache.maven.surefire.junitplatform.JUnitPlatformProvider.invokeAllTests(JUnitPlatformProvider.java:148)
	at org.apache.maven.surefire.junitplatform.JUnitPlatformProvider.invoke(JUnitPlatformProvider.java:122)
	at org.apache.maven.surefire.booter.ForkedBooter.runSuitesInProcess(ForkedBooter.java:385)
	at org.apache.maven.surefire.booter.ForkedBooter.execute(ForkedBooter.java:162)
	at org.apache.maven.surefire.booter.ForkedBooter.run(ForkedBooter.java:507)
	at org.apache.maven.surefire.booter.ForkedBooter.main(ForkedBooter.java:495)
Caused by: org.hibernate.exception.ConstraintViolationException: could not execute batch [Referential integrity constraint violation: "FK5IRPAISPCX79XWY6N1QOMAXNV: PUBLIC.TASK_COMPONENTS FOREIGN KEY(COMPONENT_ID) REFERENCES PUBLIC.COMPONENTS(ID) (CAST(55 AS BIGINT))"; SQL statement:
delete from components where id=? [23503-224]] [delete from components where id=?]
	at org.hibernate.exception.internal.SQLStateConversionDelegate.convert(SQLStateConversionDelegate.java:97)
	at org.hibernate.exception.internal.StandardSQLExceptionConverter.convert(StandardSQLExceptionConverter.java:58)
	at org.hibernate.engine.jdbc.spi.SqlExceptionHelper.convert(SqlExceptionHelper.java:108)
	at org.hibernate.engine.jdbc.batch.internal.BatchImpl.lambda$performExecution$2(BatchImpl.java:294)
	at org.hibernate.engine.jdbc.mutation.internal.PreparedStatementGroupSingleTable.forEachStatement(PreparedStatementGroupSingleTable.java:67)
	at org.hibernate.engine.jdbc.batch.internal.BatchImpl.performExecution(BatchImpl.java:264)
	at org.hibernate.engine.jdbc.batch.internal.BatchImpl.execute(BatchImpl.java:242)
	at org.hibernate.engine.jdbc.internal.JdbcCoordinatorImpl.executeBatch(JdbcCoordinatorImpl.java:188)
	at org.hibernate.engine.spi.ActionQueue.executeActions(ActionQueue.java:662)
	at org.hibernate.engine.spi.ActionQueue.executeActions(ActionQueue.java:499)
	at org.hibernate.event.internal.AbstractFlushingEventListener.performExecutions(AbstractFlushingEventListener.java:371)
	at org.hibernate.event.internal.DefaultFlushEventListener.onFlush(DefaultFlushEventListener.java:41)
	at org.hibernate.event.service.internal.EventListenerGroupImpl.fireEventOnEachListener(EventListenerGroupImpl.java:127)
	at org.hibernate.internal.SessionImpl.doFlush(SessionImpl.java:1425)
	at org.hibernate.internal.SessionImpl.managedFlush(SessionImpl.java:487)
	at org.hibernate.internal.SessionImpl.flushBeforeTransactionCompletion(SessionImpl.java:2324)
	at org.hibernate.internal.SessionImpl.beforeTransactionCompletion(SessionImpl.java:1981)
	at org.hibernate.engine.jdbc.internal.JdbcCoordinatorImpl.beforeTransactionCompletion(JdbcCoordinatorImpl.java:439)
	at org.hibernate.resource.transaction.backend.jdbc.internal.JdbcResourceLocalTransactionCoordinatorImpl.beforeCompletionCallback(JdbcResourceLocalTransactionCoordinatorImpl.java:169)
	at org.hibernate.resource.transaction.backend.jdbc.internal.JdbcResourceLocalTransactionCoordinatorImpl$TransactionDriverControlImpl.commit(JdbcResourceLocalTransactionCoordinatorImpl.java:267)
	at org.hibernate.engine.transaction.internal.TransactionImpl.commit(TransactionImpl.java:101)
	... 78 more
Caused by: org.h2.jdbc.JdbcBatchUpdateException: Referential integrity constraint violation: "FK5IRPAISPCX79XWY6N1QOMAXNV: PUBLIC.TASK_COMPONENTS FOREIGN KEY(COMPONENT_ID) REFERENCES PUBLIC.COMPONENTS(ID) (CAST(55 AS BIGINT))"; SQL statement:
delete from components where id=? [23503-224]
	at org.h2.jdbc.JdbcPreparedStatement.executeBatch(JdbcPreparedStatement.java:1282)
	at com.zaxxer.hikari.pool.ProxyStatement.executeBatch(ProxyStatement.java:127)
	at com.zaxxer.hikari.pool.HikariProxyPreparedStatement.executeBatch(HikariProxyPreparedStatement.java)
	at org.hibernate.engine.jdbc.batch.internal.BatchImpl.lambda$performExecution$2(BatchImpl.java:279)
	... 95 more

]]></system-err>
  </testcase>
  <testcase name="testDeleteById" classname="org.frcpm.repositories.ComponentRepositoryTest" time="0.041">
    <error message="Failed to delete entity" type="java.lang.RuntimeException"><![CDATA[java.lang.RuntimeException: Failed to delete entity
	at org.frcpm.repositories.impl.JpaRepositoryImpl.delete(JpaRepositoryImpl.java:171)
	at org.frcpm.repositories.ComponentRepositoryTest.cleanupTestComponents(ComponentRepositoryTest.java:63)
	at org.frcpm.repositories.ComponentRepositoryTest.tearDown(ComponentRepositoryTest.java:35)
	at java.base/java.lang.reflect.Method.invoke(Method.java:580)
	at java.base/java.util.ArrayList.forEach(ArrayList.java:1596)
	at java.base/java.util.ArrayList.forEach(ArrayList.java:1596)
Caused by: jakarta.persistence.RollbackException: Error while committing the transaction
	at org.hibernate.internal.ExceptionConverterImpl.convertCommitException(ExceptionConverterImpl.java:67)
	at org.hibernate.engine.transaction.internal.TransactionImpl.commit(TransactionImpl.java:104)
	at org.frcpm.repositories.impl.JpaRepositoryImpl.delete(JpaRepositoryImpl.java:165)
	... 5 more
Caused by: org.hibernate.exception.ConstraintViolationException: could not execute batch [Referential integrity constraint violation: "FK5IRPAISPCX79XWY6N1QOMAXNV: PUBLIC.TASK_COMPONENTS FOREIGN KEY(COMPONENT_ID) REFERENCES PUBLIC.COMPONENTS(ID) (CAST(55 AS BIGINT))"; SQL statement:
delete from components where id=? [23503-224]] [delete from components where id=?]
	at org.hibernate.exception.internal.SQLStateConversionDelegate.convert(SQLStateConversionDelegate.java:97)
	at org.hibernate.exception.internal.StandardSQLExceptionConverter.convert(StandardSQLExceptionConverter.java:58)
	at org.hibernate.engine.jdbc.spi.SqlExceptionHelper.convert(SqlExceptionHelper.java:108)
	at org.hibernate.engine.jdbc.batch.internal.BatchImpl.lambda$performExecution$2(BatchImpl.java:294)
	at org.hibernate.engine.jdbc.mutation.internal.PreparedStatementGroupSingleTable.forEachStatement(PreparedStatementGroupSingleTable.java:67)
	at org.hibernate.engine.jdbc.batch.internal.BatchImpl.performExecution(BatchImpl.java:264)
	at org.hibernate.engine.jdbc.batch.internal.BatchImpl.execute(BatchImpl.java:242)
	at org.hibernate.engine.jdbc.internal.JdbcCoordinatorImpl.executeBatch(JdbcCoordinatorImpl.java:188)
	at org.hibernate.engine.spi.ActionQueue.executeActions(ActionQueue.java:662)
	at org.hibernate.engine.spi.ActionQueue.executeActions(ActionQueue.java:499)
	at org.hibernate.event.internal.AbstractFlushingEventListener.performExecutions(AbstractFlushingEventListener.java:371)
	at org.hibernate.event.internal.DefaultFlushEventListener.onFlush(DefaultFlushEventListener.java:41)
	at org.hibernate.event.service.internal.EventListenerGroupImpl.fireEventOnEachListener(EventListenerGroupImpl.java:127)
	at org.hibernate.internal.SessionImpl.doFlush(SessionImpl.java:1425)
	at org.hibernate.internal.SessionImpl.managedFlush(SessionImpl.java:487)
	at org.hibernate.internal.SessionImpl.flushBeforeTransactionCompletion(SessionImpl.java:2324)
	at org.hibernate.internal.SessionImpl.beforeTransactionCompletion(SessionImpl.java:1981)
	at org.hibernate.engine.jdbc.internal.JdbcCoordinatorImpl.beforeTransactionCompletion(JdbcCoordinatorImpl.java:439)
	at org.hibernate.resource.transaction.backend.jdbc.internal.JdbcResourceLocalTransactionCoordinatorImpl.beforeCompletionCallback(JdbcResourceLocalTransactionCoordinatorImpl.java:169)
	at org.hibernate.resource.transaction.backend.jdbc.internal.JdbcResourceLocalTransactionCoordinatorImpl$TransactionDriverControlImpl.commit(JdbcResourceLocalTransactionCoordinatorImpl.java:267)
	at org.hibernate.engine.transaction.internal.TransactionImpl.commit(TransactionImpl.java:101)
	... 6 more
Caused by: org.h2.jdbc.JdbcBatchUpdateException: Referential integrity constraint violation: "FK5IRPAISPCX79XWY6N1QOMAXNV: PUBLIC.TASK_COMPONENTS FOREIGN KEY(COMPONENT_ID) REFERENCES PUBLIC.COMPONENTS(ID) (CAST(55 AS BIGINT))"; SQL statement:
delete from components where id=? [23503-224]
	at org.h2.jdbc.JdbcPreparedStatement.executeBatch(JdbcPreparedStatement.java:1282)
	at com.zaxxer.hikari.pool.ProxyStatement.executeBatch(ProxyStatement.java:127)
	at com.zaxxer.hikari.pool.HikariProxyPreparedStatement.executeBatch(HikariProxyPreparedStatement.java)
	at org.hibernate.engine.jdbc.batch.internal.BatchImpl.lambda$performExecution$2(BatchImpl.java:279)
	... 23 more
]]></error>
    <system-out><![CDATA[10:24:18.160 [main] DEBUG org.hibernate.engine.transaction.internal.TransactionImpl - On TransactionImpl creation, JpaCompliance#isJpaTransactionComplianceEnabled == false
10:24:18.160 [main] DEBUG org.hibernate.engine.transaction.internal.TransactionImpl - begin
10:24:18.161 [main] DEBUG org.hibernate.engine.spi.ActionQueue - Executing identity-insert immediately
10:24:18.161 [main] DEBUG org.hibernate.SQL - insert into components (actual_delivery,is_delivered,description,expected_delivery,name,part_number,id) values (?,?,?,?,?,?,default)
10:24:18.163 [main] DEBUG org.hibernate.orm.results - Initializer list is empty
10:24:18.163 [main] DEBUG org.hibernate.orm.results.loading - Calling top-level assembler (0 / 1) : org.hibernate.sql.results.graph.basic.BasicResultAssembler@5ba4bd94
10:24:18.163 [main] DEBUG org.hibernate.orm.results - Extracted JDBC value [0] - [77]
10:24:18.164 [main] DEBUG org.hibernate.id.IdentifierGeneratorHelper - Extracted generated values [org.frcpm.models.Component]: [Ljava.lang.Object;@d9a457a
10:24:18.164 [main] DEBUG org.hibernate.event.internal.AbstractFlushingEventListener - Processing flush-time cascades
10:24:18.164 [main] DEBUG org.hibernate.event.internal.AbstractFlushingEventListener - Dirty checking collections
10:24:18.164 [main] DEBUG org.hibernate.engine.internal.Collections - Collection found: [org.frcpm.models.Component.requiredForTasks#77], was: [<unreferenced>] (initialized)
10:24:18.164 [main] DEBUG org.hibernate.event.internal.AbstractFlushingEventListener - Flushed: 0 insertions, 0 updates, 0 deletions to 1 objects
10:24:18.164 [main] DEBUG org.hibernate.event.internal.AbstractFlushingEventListener - Flushed: 1 (re)creations, 0 updates, 0 removals to 1 collections
10:24:18.164 [main] DEBUG org.hibernate.internal.util.EntityPrinter - Listing entities:
10:24:18.165 [main] DEBUG org.hibernate.internal.util.EntityPrinter - org.frcpm.models.Component{expectedDelivery=2025-04-30, requiredForTasks=[], name=Test Component 1, actualDelivery=null, description=First test component description, delivered=false, partNumber=TC-001, id=77}
10:24:18.165 [main] DEBUG org.hibernate.engine.transaction.internal.TransactionImpl - committing
10:24:18.165 [main] DEBUG org.hibernate.event.internal.AbstractFlushingEventListener - Processing flush-time cascades
10:24:18.165 [main] DEBUG org.hibernate.event.internal.AbstractFlushingEventListener - Dirty checking collections
10:24:18.166 [main] DEBUG org.hibernate.engine.internal.Collections - Collection found: [org.frcpm.models.Component.requiredForTasks#77], was: [org.frcpm.models.Component.requiredForTasks#77] (initialized)
10:24:18.166 [main] DEBUG org.hibernate.event.internal.AbstractFlushingEventListener - Flushed: 0 insertions, 0 updates, 0 deletions to 1 objects
10:24:18.166 [main] DEBUG org.hibernate.event.internal.AbstractFlushingEventListener - Flushed: 0 (re)creations, 0 updates, 0 removals to 1 collections
10:24:18.166 [main] DEBUG org.hibernate.internal.util.EntityPrinter - Listing entities:
10:24:18.166 [main] DEBUG org.hibernate.internal.util.EntityPrinter - org.frcpm.models.Component{expectedDelivery=2025-04-30, requiredForTasks=[], name=Test Component 1, actualDelivery=null, description=First test component description, delivered=false, partNumber=TC-001, id=77}
10:24:18.167 [main] DEBUG org.hibernate.resource.jdbc.internal.LogicalConnectionManagedImpl - Initiating JDBC connection release from afterTransaction
10:24:18.167 [main] DEBUG org.hibernate.resource.jdbc.internal.LogicalConnectionManagedImpl - Initiating JDBC connection release from afterTransaction
10:24:18.167 [main] DEBUG org.hibernate.engine.transaction.internal.TransactionImpl - On TransactionImpl creation, JpaCompliance#isJpaTransactionComplianceEnabled == false
10:24:18.167 [main] DEBUG org.hibernate.engine.transaction.internal.TransactionImpl - begin
10:24:18.168 [main] DEBUG org.hibernate.engine.spi.ActionQueue - Executing identity-insert immediately
10:24:18.168 [main] DEBUG org.hibernate.SQL - insert into components (actual_delivery,is_delivered,description,expected_delivery,name,part_number,id) values (?,?,?,?,?,?,default)
10:24:18.169 [main] DEBUG org.hibernate.orm.results - Initializer list is empty
10:24:18.169 [main] DEBUG org.hibernate.orm.results.loading - Calling top-level assembler (0 / 1) : org.hibernate.sql.results.graph.basic.BasicResultAssembler@242bdbe
10:24:18.169 [main] DEBUG org.hibernate.orm.results - Extracted JDBC value [0] - [78]
10:24:18.169 [main] DEBUG org.hibernate.id.IdentifierGeneratorHelper - Extracted generated values [org.frcpm.models.Component]: [Ljava.lang.Object;@4f6d0175
10:24:18.169 [main] DEBUG org.hibernate.event.internal.AbstractFlushingEventListener - Processing flush-time cascades
10:24:18.169 [main] DEBUG org.hibernate.event.internal.AbstractFlushingEventListener - Dirty checking collections
10:24:18.169 [main] DEBUG org.hibernate.engine.internal.Collections - Collection found: [org.frcpm.models.Component.requiredForTasks#78], was: [<unreferenced>] (initialized)
10:24:18.169 [main] DEBUG org.hibernate.event.internal.AbstractFlushingEventListener - Flushed: 0 insertions, 0 updates, 0 deletions to 1 objects
10:24:18.169 [main] DEBUG org.hibernate.event.internal.AbstractFlushingEventListener - Flushed: 1 (re)creations, 0 updates, 0 removals to 1 collections
10:24:18.170 [main] DEBUG org.hibernate.internal.util.EntityPrinter - Listing entities:
10:24:18.170 [main] DEBUG org.hibernate.internal.util.EntityPrinter - org.frcpm.models.Component{expectedDelivery=2025-05-02, requiredForTasks=[], name=Test Component 2, actualDelivery=null, description=Second test component description, delivered=false, partNumber=TC-002, id=78}
10:24:18.170 [main] DEBUG org.hibernate.engine.transaction.internal.TransactionImpl - committing
10:24:18.170 [main] DEBUG org.hibernate.event.internal.AbstractFlushingEventListener - Processing flush-time cascades
10:24:18.170 [main] DEBUG org.hibernate.event.internal.AbstractFlushingEventListener - Dirty checking collections
10:24:18.170 [main] DEBUG org.hibernate.engine.internal.Collections - Collection found: [org.frcpm.models.Component.requiredForTasks#78], was: [org.frcpm.models.Component.requiredForTasks#78] (initialized)
10:24:18.170 [main] DEBUG org.hibernate.event.internal.AbstractFlushingEventListener - Flushed: 0 insertions, 0 updates, 0 deletions to 1 objects
10:24:18.170 [main] DEBUG org.hibernate.event.internal.AbstractFlushingEventListener - Flushed: 0 (re)creations, 0 updates, 0 removals to 1 collections
10:24:18.170 [main] DEBUG org.hibernate.internal.util.EntityPrinter - Listing entities:
10:24:18.172 [main] DEBUG org.hibernate.internal.util.EntityPrinter - org.frcpm.models.Component{expectedDelivery=2025-05-02, requiredForTasks=[], name=Test Component 2, actualDelivery=null, description=Second test component description, delivered=false, partNumber=TC-002, id=78}
10:24:18.173 [main] DEBUG org.hibernate.resource.jdbc.internal.LogicalConnectionManagedImpl - Initiating JDBC connection release from afterTransaction
10:24:18.173 [main] DEBUG org.hibernate.resource.jdbc.internal.LogicalConnectionManagedImpl - Initiating JDBC connection release from afterTransaction
10:24:18.173 [main] DEBUG org.hibernate.engine.transaction.internal.TransactionImpl - On TransactionImpl creation, JpaCompliance#isJpaTransactionComplianceEnabled == false
10:24:18.173 [main] DEBUG org.hibernate.engine.transaction.internal.TransactionImpl - begin
10:24:18.173 [main] DEBUG org.hibernate.engine.spi.ActionQueue - Executing identity-insert immediately
10:24:18.174 [main] DEBUG org.hibernate.SQL - insert into components (actual_delivery,is_delivered,description,expected_delivery,name,part_number,id) values (?,?,?,?,?,?,default)
10:24:18.174 [main] DEBUG org.hibernate.orm.results - Initializer list is empty
10:24:18.174 [main] DEBUG org.hibernate.orm.results.loading - Calling top-level assembler (0 / 1) : org.hibernate.sql.results.graph.basic.BasicResultAssembler@4d18a747
10:24:18.174 [main] DEBUG org.hibernate.orm.results - Extracted JDBC value [0] - [79]
10:24:18.174 [main] DEBUG org.hibernate.id.IdentifierGeneratorHelper - Extracted generated values [org.frcpm.models.Component]: [Ljava.lang.Object;@395d3e7f
10:24:18.175 [main] DEBUG org.hibernate.event.internal.AbstractFlushingEventListener - Processing flush-time cascades
10:24:18.175 [main] DEBUG org.hibernate.event.internal.AbstractFlushingEventListener - Dirty checking collections
10:24:18.175 [main] DEBUG org.hibernate.engine.internal.Collections - Collection found: [org.frcpm.models.Component.requiredForTasks#79], was: [<unreferenced>] (initialized)
10:24:18.175 [main] DEBUG org.hibernate.event.internal.AbstractFlushingEventListener - Flushed: 0 insertions, 0 updates, 0 deletions to 1 objects
10:24:18.175 [main] DEBUG org.hibernate.event.internal.AbstractFlushingEventListener - Flushed: 1 (re)creations, 0 updates, 0 removals to 1 collections
10:24:18.175 [main] DEBUG org.hibernate.internal.util.EntityPrinter - Listing entities:
10:24:18.175 [main] DEBUG org.hibernate.internal.util.EntityPrinter - org.frcpm.models.Component{expectedDelivery=2025-05-05, requiredForTasks=[], name=Test Component 3, actualDelivery=2025-05-04, description=Third test component description, delivered=true, partNumber=TC-003, id=79}
10:24:18.175 [main] DEBUG org.hibernate.engine.transaction.internal.TransactionImpl - committing
10:24:18.175 [main] DEBUG org.hibernate.event.internal.AbstractFlushingEventListener - Processing flush-time cascades
10:24:18.175 [main] DEBUG org.hibernate.event.internal.AbstractFlushingEventListener - Dirty checking collections
10:24:18.175 [main] DEBUG org.hibernate.engine.internal.Collections - Collection found: [org.frcpm.models.Component.requiredForTasks#79], was: [org.frcpm.models.Component.requiredForTasks#79] (initialized)
10:24:18.175 [main] DEBUG org.hibernate.event.internal.AbstractFlushingEventListener - Flushed: 0 insertions, 0 updates, 0 deletions to 1 objects
10:24:18.175 [main] DEBUG org.hibernate.event.internal.AbstractFlushingEventListener - Flushed: 0 (re)creations, 0 updates, 0 removals to 1 collections
10:24:18.175 [main] DEBUG org.hibernate.internal.util.EntityPrinter - Listing entities:
10:24:18.175 [main] DEBUG org.hibernate.internal.util.EntityPrinter - org.frcpm.models.Component{expectedDelivery=2025-05-05, requiredForTasks=[], name=Test Component 3, actualDelivery=2025-05-04, description=Third test component description, delivered=true, partNumber=TC-003, id=79}
10:24:18.175 [main] DEBUG org.hibernate.resource.jdbc.internal.LogicalConnectionManagedImpl - Initiating JDBC connection release from afterTransaction
10:24:18.175 [main] DEBUG org.hibernate.resource.jdbc.internal.LogicalConnectionManagedImpl - Initiating JDBC connection release from afterTransaction
10:24:18.176 [main] DEBUG org.hibernate.engine.transaction.internal.TransactionImpl - On TransactionImpl creation, JpaCompliance#isJpaTransactionComplianceEnabled == false
10:24:18.176 [main] DEBUG org.hibernate.engine.transaction.internal.TransactionImpl - begin
10:24:18.176 [main] DEBUG org.hibernate.engine.spi.ActionQueue - Executing identity-insert immediately
10:24:18.176 [main] DEBUG org.hibernate.SQL - insert into components (actual_delivery,is_delivered,description,expected_delivery,name,part_number,id) values (?,?,?,?,?,?,default)
10:24:18.177 [main] DEBUG org.hibernate.orm.results - Initializer list is empty
10:24:18.177 [main] DEBUG org.hibernate.orm.results.loading - Calling top-level assembler (0 / 1) : org.hibernate.sql.results.graph.basic.BasicResultAssembler@65ef2350
10:24:18.177 [main] DEBUG org.hibernate.orm.results - Extracted JDBC value [0] - [80]
10:24:18.177 [main] DEBUG org.hibernate.id.IdentifierGeneratorHelper - Extracted generated values [org.frcpm.models.Component]: [Ljava.lang.Object;@5c959cb4
10:24:18.177 [main] DEBUG org.hibernate.event.internal.AbstractFlushingEventListener - Processing flush-time cascades
10:24:18.177 [main] DEBUG org.hibernate.event.internal.AbstractFlushingEventListener - Dirty checking collections
10:24:18.177 [main] DEBUG org.hibernate.engine.internal.Collections - Collection found: [org.frcpm.models.Component.requiredForTasks#80], was: [<unreferenced>] (initialized)
10:24:18.178 [main] DEBUG org.hibernate.event.internal.AbstractFlushingEventListener - Flushed: 0 insertions, 0 updates, 0 deletions to 1 objects
10:24:18.178 [main] DEBUG org.hibernate.event.internal.AbstractFlushingEventListener - Flushed: 1 (re)creations, 0 updates, 0 removals to 1 collections
10:24:18.178 [main] DEBUG org.hibernate.internal.util.EntityPrinter - Listing entities:
10:24:18.178 [main] DEBUG org.hibernate.internal.util.EntityPrinter - org.frcpm.models.Component{expectedDelivery=null, requiredForTasks=[], name=Test DeleteById Component, actualDelivery=null, description=null, delivered=false, partNumber=TDBI-001, id=80}
10:24:18.178 [main] DEBUG org.hibernate.engine.transaction.internal.TransactionImpl - committing
10:24:18.178 [main] DEBUG org.hibernate.event.internal.AbstractFlushingEventListener - Processing flush-time cascades
10:24:18.178 [main] DEBUG org.hibernate.event.internal.AbstractFlushingEventListener - Dirty checking collections
10:24:18.178 [main] DEBUG org.hibernate.engine.internal.Collections - Collection found: [org.frcpm.models.Component.requiredForTasks#80], was: [org.frcpm.models.Component.requiredForTasks#80] (initialized)
10:24:18.178 [main] DEBUG org.hibernate.event.internal.AbstractFlushingEventListener - Flushed: 0 insertions, 0 updates, 0 deletions to 1 objects
10:24:18.178 [main] DEBUG org.hibernate.event.internal.AbstractFlushingEventListener - Flushed: 0 (re)creations, 0 updates, 0 removals to 1 collections
10:24:18.178 [main] DEBUG org.hibernate.internal.util.EntityPrinter - Listing entities:
10:24:18.178 [main] DEBUG org.hibernate.internal.util.EntityPrinter - org.frcpm.models.Component{expectedDelivery=null, requiredForTasks=[], name=Test DeleteById Component, actualDelivery=null, description=null, delivered=false, partNumber=TDBI-001, id=80}
10:24:18.178 [main] DEBUG org.hibernate.resource.jdbc.internal.LogicalConnectionManagedImpl - Initiating JDBC connection release from afterTransaction
10:24:18.179 [main] DEBUG org.hibernate.resource.jdbc.internal.LogicalConnectionManagedImpl - Initiating JDBC connection release from afterTransaction
10:24:18.179 [main] DEBUG org.hibernate.engine.transaction.internal.TransactionImpl - On TransactionImpl creation, JpaCompliance#isJpaTransactionComplianceEnabled == false
10:24:18.179 [main] DEBUG org.hibernate.engine.transaction.internal.TransactionImpl - begin
10:24:18.180 [main] DEBUG org.hibernate.orm.sql.exec - Skipping reading Query result cache data: cache-enabled = false, cache-mode = IGNORE
10:24:18.180 [main] DEBUG org.hibernate.orm.results - Initializer list:
	  org.frcpm.models.Component -> EntityResultInitializer(org.frcpm.models.Component)@954118351 (SingleTableEntityPersister(org.frcpm.models.Component))
	  org.frcpm.models.Component.requiredForTasks -> DelayedCollectionInitializer(org.frcpm.models.Component.requiredForTasks)@2142078877 (PluralAttribute(org.frcpm.models.Component.requiredForTasks))

10:24:18.180 [main] DEBUG org.hibernate.SQL - select c1_0.id,c1_0.actual_delivery,c1_0.is_delivered,c1_0.description,c1_0.expected_delivery,c1_0.name,c1_0.part_number from components c1_0 where c1_0.id=?
10:24:18.181 [main] DEBUG org.hibernate.orm.results.loading.entity - (EntityResultInitializer) Hydrated EntityKey (org.frcpm.models.Component): 80
10:24:18.182 [main] DEBUG org.hibernate.orm.results.loading.org.hibernate.orm.results.loading.collection - (DelayedCollectionInitializer) Current row collection key : org.frcpm.models.Component.requiredForTasks#80
10:24:18.182 [main] DEBUG org.hibernate.orm.results.loading.entity - (EntityResultInitializer) Created new entity instance [org.frcpm.models.Component#80] : 1582373908
10:24:18.182 [main] DEBUG org.hibernate.orm.results - Extracted JDBC value [1] - [null]
10:24:18.182 [main] DEBUG org.hibernate.orm.results - Extracted JDBC value [2] - [false]
10:24:18.182 [main] DEBUG org.hibernate.orm.results - Extracted JDBC value [3] - [null]
10:24:18.182 [main] DEBUG org.hibernate.orm.results - Extracted JDBC value [4] - [null]
10:24:18.182 [main] DEBUG org.hibernate.orm.results - Extracted JDBC value [5] - [Test DeleteById Component]
10:24:18.182 [main] DEBUG org.hibernate.orm.results - Extracted JDBC value [6] - [TDBI-001]
10:24:18.182 [main] DEBUG org.hibernate.orm.results.loading.entity - (EntityResultInitializer) Done materializing entityInstance : org.frcpm.models.Component#80
10:24:18.182 [main] DEBUG org.hibernate.orm.results.loading - Calling top-level assembler (0 / 1) : org.hibernate.sql.results.graph.entity.internal.EntityAssembler@8a6d60b
10:24:18.182 [main] DEBUG org.hibernate.engine.transaction.internal.TransactionImpl - committing
10:24:18.183 [main] DEBUG org.hibernate.event.internal.AbstractFlushingEventListener - Processing flush-time cascades
10:24:18.183 [main] DEBUG org.hibernate.event.internal.AbstractFlushingEventListener - Dirty checking collections
10:24:18.183 [main] DEBUG org.hibernate.engine.internal.Collections - Collection dereferenced: [org.frcpm.models.Component.requiredForTasks#80]
10:24:18.183 [main] DEBUG org.hibernate.event.internal.AbstractFlushingEventListener - Flushed: 0 insertions, 0 updates, 1 deletions to 1 objects
10:24:18.183 [main] DEBUG org.hibernate.event.internal.AbstractFlushingEventListener - Flushed: 0 (re)creations, 0 updates, 1 removals to 1 collections
10:24:18.183 [main] DEBUG org.hibernate.internal.util.EntityPrinter - Listing entities:
10:24:18.184 [main] DEBUG org.hibernate.internal.util.EntityPrinter - org.frcpm.models.Component{expectedDelivery=null, requiredForTasks=<uninitialized>, name=Test DeleteById Component, actualDelivery=null, description=null, delivered=false, partNumber=TDBI-001, id=80}
10:24:18.184 [main] DEBUG org.hibernate.SQL - delete from components where id=?
10:24:18.185 [main] DEBUG org.hibernate.orm.jdbc.batch - PreparedStatementDetails did not contain PreparedStatement on #releaseStatements : delete from components where id=?
10:24:18.185 [main] DEBUG org.hibernate.orm.jdbc.batch - PreparedStatementDetails did not contain PreparedStatement on #releaseStatements : delete from components where id=?
10:24:18.185 [main] DEBUG org.hibernate.resource.jdbc.internal.LogicalConnectionManagedImpl - Initiating JDBC connection release from afterTransaction
10:24:18.185 [main] DEBUG org.hibernate.orm.jdbc.batch - PreparedStatementDetails did not contain PreparedStatement on #releaseStatements : delete from components where id=?
10:24:18.185 [main] DEBUG org.hibernate.orm.jdbc.batch - PreparedStatementDetails did not contain PreparedStatement on #releaseStatements : delete from components where id=?
10:24:18.185 [main] DEBUG org.hibernate.resource.jdbc.internal.LogicalConnectionManagedImpl - Initiating JDBC connection release from afterTransaction
10:24:18.185 [main] DEBUG org.hibernate.engine.jdbc.internal.JdbcCoordinatorImpl - HHH000420: Closing un-released batch
10:24:18.185 [main] DEBUG org.hibernate.orm.jdbc.batch - PreparedStatementDetails did not contain PreparedStatement on #releaseStatements : delete from components where id=?
10:24:18.185 [main] DEBUG org.hibernate.orm.jdbc.batch - PreparedStatementDetails did not contain PreparedStatement on #releaseStatements : delete from components where id=?
10:24:18.186 [main] DEBUG org.hibernate.orm.sql.exec - Skipping reading Query result cache data: cache-enabled = false, cache-mode = IGNORE
10:24:18.186 [main] DEBUG org.hibernate.orm.results - Initializer list:
	  org.frcpm.models.Component -> EntityResultInitializer(org.frcpm.models.Component)@1765883006 (SingleTableEntityPersister(org.frcpm.models.Component))
	  org.frcpm.models.Component.requiredForTasks -> DelayedCollectionInitializer(org.frcpm.models.Component.requiredForTasks)@990458595 (PluralAttribute(org.frcpm.models.Component.requiredForTasks))

10:24:18.186 [main] DEBUG org.hibernate.SQL - select c1_0.id,c1_0.actual_delivery,c1_0.is_delivered,c1_0.description,c1_0.expected_delivery,c1_0.name,c1_0.part_number from components c1_0 where c1_0.id=?
10:24:18.186 [main] DEBUG org.hibernate.resource.jdbc.internal.LogicalConnectionManagedImpl - Initiating JDBC connection release from afterTransaction
10:24:18.187 [main] DEBUG org.hibernate.orm.sql.ast.create - Created new SQL alias : c1_0
10:24:18.187 [main] DEBUG org.hibernate.orm.sql.ast.create - Registration of TableGroup [StandardTableGroup(org.frcpm.models.Component(959674473427600))] with identifierForTableGroup [org.frcpm.models.Component] for NavigablePath [org.frcpm.models.Component] 
10:24:18.187 [main] DEBUG org.hibernate.orm.results.graph.AST - DomainResult Graph:
 \-EntityResultImpl [org.frcpm.models.Component(959674473427600)]
 |  +-BasicFetch [org.frcpm.models.Component(959674473427600).actualDelivery]
 |  +-BasicFetch [org.frcpm.models.Component(959674473427600).delivered]
 |  +-BasicFetch [org.frcpm.models.Component(959674473427600).description]
 |  +-BasicFetch [org.frcpm.models.Component(959674473427600).expectedDelivery]
 |  +-BasicFetch [org.frcpm.models.Component(959674473427600).name]
 |  +-BasicFetch [org.frcpm.models.Component(959674473427600).partNumber]
 |  \-DelayedCollectionFetch [org.frcpm.models.Component(959674473427600).requiredForTasks]

10:24:18.187 [main] DEBUG org.hibernate.orm.sql.ast.tree - SQL AST Tree:
    SelectStatement {
      FromClause {
        StandardTableGroup (c1 : org.frcpm.models.Component(959674473427600)) {
          primaryTableReference : components as c1_0
        }
      }
    }

10:24:18.187 [main] DEBUG org.hibernate.orm.sql.exec - Skipping reading Query result cache data: cache-enabled = false, cache-mode = NORMAL
10:24:18.187 [main] DEBUG org.hibernate.orm.results - Initializer list:
	  org.frcpm.models.Component(959674473427600).requiredForTasks -> DelayedCollectionInitializer(org.frcpm.models.Component(959674473427600).requiredForTasks)@1654155028 (PluralAttribute(org.frcpm.models.Component.requiredForTasks))
	  org.frcpm.models.Component(959674473427600) -> EntityResultInitializer(org.frcpm.models.Component(959674473427600))@1232290153 (SingleTableEntityPersister(org.frcpm.models.Component))

10:24:18.187 [main] DEBUG org.hibernate.SQL - select c1_0.id,c1_0.actual_delivery,c1_0.is_delivered,c1_0.description,c1_0.expected_delivery,c1_0.name,c1_0.part_number from components c1_0
10:24:18.188 [main] DEBUG org.hibernate.orm.results - Extracted JDBC value [0] - [1]
10:24:18.188 [main] DEBUG org.hibernate.orm.results.loading.entity - (EntityResultInitializer) Hydrated EntityKey (org.frcpm.models.Component(959674473427600)): 1
10:24:18.188 [main] DEBUG org.hibernate.orm.results.loading.org.hibernate.orm.results.loading.collection - (DelayedCollectionInitializer) Current row collection key : org.frcpm.models.Component(959674473427600).requiredForTasks#1
10:24:18.188 [main] DEBUG org.hibernate.orm.results.loading.entity - (EntityResultInitializer) Created new entity instance [org.frcpm.models.Component(959674473427600)#1] : 811945270
10:24:18.188 [main] DEBUG org.hibernate.orm.results - Extracted JDBC value [1] - [null]
10:24:18.188 [main] DEBUG org.hibernate.orm.results - Extracted JDBC value [2] - [false]
10:24:18.188 [main] DEBUG org.hibernate.orm.results - Extracted JDBC value [3] - [Motor controller for NEO brushless motors]
10:24:18.188 [main] DEBUG org.hibernate.orm.results - Extracted JDBC value [4] - [2025-05-04]
10:24:18.188 [main] DEBUG org.hibernate.orm.results - Extracted JDBC value [5] - [SPARK MAX]
10:24:18.188 [main] DEBUG org.hibernate.orm.results - Extracted JDBC value [6] - [REV-11-2158]
10:24:18.188 [main] DEBUG org.hibernate.orm.results.loading.entity - (EntityResultInitializer) Done materializing entityInstance : org.frcpm.models.Component(959674473427600)#1
10:24:18.188 [main] DEBUG org.hibernate.orm.results.loading - Calling top-level assembler (0 / 1) : org.hibernate.sql.results.graph.entity.internal.EntityAssembler@1790ad94
10:24:18.188 [main] DEBUG org.hibernate.orm.results - Extracted JDBC value [0] - [2]
10:24:18.188 [main] DEBUG org.hibernate.orm.results.loading.entity - (EntityResultInitializer) Hydrated EntityKey (org.frcpm.models.Component(959674473427600)): 2
10:24:18.188 [main] DEBUG org.hibernate.orm.results.loading.org.hibernate.orm.results.loading.collection - (DelayedCollectionInitializer) Current row collection key : org.frcpm.models.Component(959674473427600).requiredForTasks#2
10:24:18.188 [main] DEBUG org.hibernate.orm.results.loading.entity - (EntityResultInitializer) Created new entity instance [org.frcpm.models.Component(959674473427600)#2] : 654474575
10:24:18.188 [main] DEBUG org.hibernate.orm.results - Extracted JDBC value [1] - [null]
10:24:18.188 [main] DEBUG org.hibernate.orm.results - Extracted JDBC value [2] - [false]
10:24:18.188 [main] DEBUG org.hibernate.orm.results - Extracted JDBC value [3] - [High performance brushless DC motor]
10:24:18.188 [main] DEBUG org.hibernate.orm.results - Extracted JDBC value [4] - [2025-05-04]
10:24:18.188 [main] DEBUG org.hibernate.orm.results - Extracted JDBC value [5] - [NEO Brushless Motor]
10:24:18.188 [main] DEBUG org.hibernate.orm.results - Extracted JDBC value [6] - [REV-21-1650]
10:24:18.188 [main] DEBUG org.hibernate.orm.results.loading.entity - (EntityResultInitializer) Done materializing entityInstance : org.frcpm.models.Component(959674473427600)#2
10:24:18.188 [main] DEBUG org.hibernate.orm.results.loading - Calling top-level assembler (0 / 1) : org.hibernate.sql.results.graph.entity.internal.EntityAssembler@1790ad94
10:24:18.188 [main] DEBUG org.hibernate.orm.results - Extracted JDBC value [0] - [3]
10:24:18.188 [main] DEBUG org.hibernate.orm.results.loading.entity - (EntityResultInitializer) Hydrated EntityKey (org.frcpm.models.Component(959674473427600)): 3
10:24:18.188 [main] DEBUG org.hibernate.orm.results.loading.org.hibernate.orm.results.loading.collection - (DelayedCollectionInitializer) Current row collection key : org.frcpm.models.Component(959674473427600).requiredForTasks#3
10:24:18.188 [main] DEBUG org.hibernate.orm.results.loading.entity - (EntityResultInitializer) Created new entity instance [org.frcpm.models.Component(959674473427600)#3] : 790264182
10:24:18.188 [main] DEBUG org.hibernate.orm.results - Extracted JDBC value [1] - [2025-05-01]
10:24:18.188 [main] DEBUG org.hibernate.orm.results - Extracted JDBC value [2] - [true]
10:24:18.188 [main] DEBUG org.hibernate.orm.results - Extracted JDBC value [3] - [Omni-directional wheels for holonomic drive]
10:24:18.188 [main] DEBUG org.hibernate.orm.results - Extracted JDBC value [4] - [2025-05-02]
10:24:18.188 [main] DEBUG org.hibernate.orm.results - Extracted JDBC value [5] - [4" Omni Wheels]
10:24:18.188 [main] DEBUG org.hibernate.orm.results - Extracted JDBC value [6] - [AM-0016]
10:24:18.188 [main] DEBUG org.hibernate.orm.results.loading.entity - (EntityResultInitializer) Done materializing entityInstance : org.frcpm.models.Component(959674473427600)#3
10:24:18.188 [main] DEBUG org.hibernate.orm.results.loading - Calling top-level assembler (0 / 1) : org.hibernate.sql.results.graph.entity.internal.EntityAssembler@1790ad94
10:24:18.188 [main] DEBUG org.hibernate.orm.results - Extracted JDBC value [0] - [4]
10:24:18.188 [main] DEBUG org.hibernate.orm.results.loading.entity - (EntityResultInitializer) Hydrated EntityKey (org.frcpm.models.Component(959674473427600)): 4
10:24:18.188 [main] DEBUG org.hibernate.orm.results.loading.org.hibernate.orm.results.loading.collection - (DelayedCollectionInitializer) Current row collection key : org.frcpm.models.Component(959674473427600).requiredForTasks#4
10:24:18.188 [main] DEBUG org.hibernate.orm.results.loading.entity - (EntityResultInitializer) Created new entity instance [org.frcpm.models.Component(959674473427600)#4] : 153647080
10:24:18.188 [main] DEBUG org.hibernate.orm.results - Extracted JDBC value [1] - [null]
10:24:18.188 [main] DEBUG org.hibernate.orm.results - Extracted JDBC value [2] - [false]
10:24:18.188 [main] DEBUG org.hibernate.orm.results - Extracted JDBC value [3] - [Smart camera for vision tracking]
10:24:18.188 [main] DEBUG org.hibernate.orm.results - Extracted JDBC value [4] - [2025-05-08]
10:24:18.188 [main] DEBUG org.hibernate.orm.results - Extracted JDBC value [5] - [Limelight 3]
10:24:18.188 [main] DEBUG org.hibernate.orm.results - Extracted JDBC value [6] - [LL3-1]
10:24:18.188 [main] DEBUG org.hibernate.orm.results.loading.entity - (EntityResultInitializer) Done materializing entityInstance : org.frcpm.models.Component(959674473427600)#4
10:24:18.188 [main] DEBUG org.hibernate.orm.results.loading - Calling top-level assembler (0 / 1) : org.hibernate.sql.results.graph.entity.internal.EntityAssembler@1790ad94
10:24:18.188 [main] DEBUG org.hibernate.orm.results - Extracted JDBC value [0] - [5]
10:24:18.188 [main] DEBUG org.hibernate.orm.results.loading.entity - (EntityResultInitializer) Hydrated EntityKey (org.frcpm.models.Component(959674473427600)): 5
10:24:18.188 [main] DEBUG org.hibernate.orm.results.loading.org.hibernate.orm.results.loading.collection - (DelayedCollectionInitializer) Current row collection key : org.frcpm.models.Component(959674473427600).requiredForTasks#5
10:24:18.188 [main] DEBUG org.hibernate.orm.results.loading.entity - (EntityResultInitializer) Created new entity instance [org.frcpm.models.Component(959674473427600)#5] : 1816892338
10:24:18.188 [main] DEBUG org.hibernate.orm.results - Extracted JDBC value [1] - [null]
10:24:18.188 [main] DEBUG org.hibernate.orm.results - Extracted JDBC value [2] - [false]
10:24:18.188 [main] DEBUG org.hibernate.orm.results - Extracted JDBC value [3] - [Control module for pneumatic systems]
10:24:18.188 [main] DEBUG org.hibernate.orm.results - Extracted JDBC value [4] - [2025-05-06]
10:24:18.188 [main] DEBUG org.hibernate.orm.results - Extracted JDBC value [5] - [Pneumatic Control Module]
10:24:18.188 [main] DEBUG org.hibernate.orm.results - Extracted JDBC value [6] - [CTRE-PCM]
10:24:18.188 [main] DEBUG org.hibernate.orm.results.loading.entity - (EntityResultInitializer) Done materializing entityInstance : org.frcpm.models.Component(959674473427600)#5
10:24:18.188 [main] DEBUG org.hibernate.orm.results.loading - Calling top-level assembler (0 / 1) : org.hibernate.sql.results.graph.entity.internal.EntityAssembler@1790ad94
10:24:18.188 [main] DEBUG org.hibernate.orm.results - Extracted JDBC value [0] - [12]
10:24:18.188 [main] DEBUG org.hibernate.orm.results.loading.entity - (EntityResultInitializer) Hydrated EntityKey (org.frcpm.models.Component(959674473427600)): 12
10:24:18.188 [main] DEBUG org.hibernate.orm.results.loading.org.hibernate.orm.results.loading.collection - (DelayedCollectionInitializer) Current row collection key : org.frcpm.models.Component(959674473427600).requiredForTasks#12
10:24:18.188 [main] DEBUG org.hibernate.orm.results.loading.entity - (EntityResultInitializer) Created new entity instance [org.frcpm.models.Component(959674473427600)#12] : 1058226620
10:24:18.188 [main] DEBUG org.hibernate.orm.results - Extracted JDBC value [1] - [null]
10:24:18.188 [main] DEBUG org.hibernate.orm.results - Extracted JDBC value [2] - [false]
10:24:18.188 [main] DEBUG org.hibernate.orm.results - Extracted JDBC value [3] - [null]
10:24:18.188 [main] DEBUG org.hibernate.orm.results - Extracted JDBC value [4] - [null]
10:24:18.188 [main] DEBUG org.hibernate.orm.results - Extracted JDBC value [5] - [Test Count Component]
10:24:18.188 [main] DEBUG org.hibernate.orm.results - Extracted JDBC value [6] - [TCC-001]
10:24:18.188 [main] DEBUG org.hibernate.orm.results.loading.entity - (EntityResultInitializer) Done materializing entityInstance : org.frcpm.models.Component(959674473427600)#12
10:24:18.189 [main] DEBUG org.hibernate.orm.results.loading - Calling top-level assembler (0 / 1) : org.hibernate.sql.results.graph.entity.internal.EntityAssembler@1790ad94
10:24:18.189 [main] DEBUG org.hibernate.orm.results - Extracted JDBC value [0] - [16]
10:24:18.189 [main] DEBUG org.hibernate.orm.results.loading.entity - (EntityResultInitializer) Hydrated EntityKey (org.frcpm.models.Component(959674473427600)): 16
10:24:18.189 [main] DEBUG org.hibernate.orm.results.loading.org.hibernate.orm.results.loading.collection - (DelayedCollectionInitializer) Current row collection key : org.frcpm.models.Component(959674473427600).requiredForTasks#16
10:24:18.189 [main] DEBUG org.hibernate.orm.results.loading.entity - (EntityResultInitializer) Created new entity instance [org.frcpm.models.Component(959674473427600)#16] : 729759628
10:24:18.189 [main] DEBUG org.hibernate.orm.results - Extracted JDBC value [1] - [null]
10:24:18.189 [main] DEBUG org.hibernate.orm.results - Extracted JDBC value [2] - [false]
10:24:18.189 [main] DEBUG org.hibernate.orm.results - Extracted JDBC value [3] - [Save component description]
10:24:18.189 [main] DEBUG org.hibernate.orm.results - Extracted JDBC value [4] - [2025-05-10]
10:24:18.189 [main] DEBUG org.hibernate.orm.results - Extracted JDBC value [5] - [Test Save Component]
10:24:18.189 [main] DEBUG org.hibernate.orm.results - Extracted JDBC value [6] - [TSC-001]
10:24:18.189 [main] DEBUG org.hibernate.orm.results.loading.entity - (EntityResultInitializer) Done materializing entityInstance : org.frcpm.models.Component(959674473427600)#16
10:24:18.189 [main] DEBUG org.hibernate.orm.results.loading - Calling top-level assembler (0 / 1) : org.hibernate.sql.results.graph.entity.internal.EntityAssembler@1790ad94
10:24:18.189 [main] DEBUG org.hibernate.orm.results - Extracted JDBC value [0] - [40]
10:24:18.189 [main] DEBUG org.hibernate.orm.results.loading.entity - (EntityResultInitializer) Hydrated EntityKey (org.frcpm.models.Component(959674473427600)): 40
10:24:18.189 [main] DEBUG org.hibernate.orm.results.loading.org.hibernate.orm.results.loading.collection - (DelayedCollectionInitializer) Current row collection key : org.frcpm.models.Component(959674473427600).requiredForTasks#40
10:24:18.189 [main] DEBUG org.hibernate.orm.results.loading.entity - (EntityResultInitializer) Created new entity instance [org.frcpm.models.Component(959674473427600)#40] : 217485234
10:24:18.189 [main] DEBUG org.hibernate.orm.results - Extracted JDBC value [1] - [2025-04-25]
10:24:18.189 [main] DEBUG org.hibernate.orm.results - Extracted JDBC value [2] - [true]
10:24:18.189 [main] DEBUG org.hibernate.orm.results - Extracted JDBC value [3] - [Updated description]
10:24:18.189 [main] DEBUG org.hibernate.orm.results - Extracted JDBC value [4] - [null]
10:24:18.189 [main] DEBUG org.hibernate.orm.results - Extracted JDBC value [5] - [Updated Component Name]
10:24:18.189 [main] DEBUG org.hibernate.orm.results - Extracted JDBC value [6] - [TUC-001]
10:24:18.189 [main] DEBUG org.hibernate.orm.results.loading.entity - (EntityResultInitializer) Done materializing entityInstance : org.frcpm.models.Component(959674473427600)#40
10:24:18.189 [main] DEBUG org.hibernate.orm.results.loading - Calling top-level assembler (0 / 1) : org.hibernate.sql.results.graph.entity.internal.EntityAssembler@1790ad94
10:24:18.189 [main] DEBUG org.hibernate.orm.results - Extracted JDBC value [0] - [55]
10:24:18.189 [main] DEBUG org.hibernate.orm.results.loading.entity - (EntityResultInitializer) Hydrated EntityKey (org.frcpm.models.Component(959674473427600)): 55
10:24:18.189 [main] DEBUG org.hibernate.orm.results.loading.org.hibernate.orm.results.loading.collection - (DelayedCollectionInitializer) Current row collection key : org.frcpm.models.Component(959674473427600).requiredForTasks#55
10:24:18.189 [main] DEBUG org.hibernate.orm.results.loading.entity - (EntityResultInitializer) Created new entity instance [org.frcpm.models.Component(959674473427600)#55] : 178258742
10:24:18.189 [main] DEBUG org.hibernate.orm.results - Extracted JDBC value [1] - [null]
10:24:18.189 [main] DEBUG org.hibernate.orm.results - Extracted JDBC value [2] - [false]
10:24:18.189 [main] DEBUG org.hibernate.orm.results - Extracted JDBC value [3] - [Component 1 for association test]
10:24:18.189 [main] DEBUG org.hibernate.orm.results - Extracted JDBC value [4] - [2025-04-28]
10:24:18.189 [main] DEBUG org.hibernate.orm.results - Extracted JDBC value [5] - [Test Component Assoc 1]
10:24:18.189 [main] DEBUG org.hibernate.orm.results - Extracted JDBC value [6] - [TC-ASSOC1]
10:24:18.189 [main] DEBUG org.hibernate.orm.results.loading.entity - (EntityResultInitializer) Done materializing entityInstance : org.frcpm.models.Component(959674473427600)#55
10:24:18.189 [main] DEBUG org.hibernate.orm.results.loading - Calling top-level assembler (0 / 1) : org.hibernate.sql.results.graph.entity.internal.EntityAssembler@1790ad94
10:24:18.189 [main] DEBUG org.hibernate.orm.results - Extracted JDBC value [0] - [56]
10:24:18.189 [main] DEBUG org.hibernate.orm.results.loading.entity - (EntityResultInitializer) Hydrated EntityKey (org.frcpm.models.Component(959674473427600)): 56
10:24:18.189 [main] DEBUG org.hibernate.orm.results.loading.org.hibernate.orm.results.loading.collection - (DelayedCollectionInitializer) Current row collection key : org.frcpm.models.Component(959674473427600).requiredForTasks#56
10:24:18.189 [main] DEBUG org.hibernate.orm.results.loading.entity - (EntityResultInitializer) Created new entity instance [org.frcpm.models.Component(959674473427600)#56] : 1915943708
10:24:18.189 [main] DEBUG org.hibernate.orm.results - Extracted JDBC value [1] - [null]
10:24:18.189 [main] DEBUG org.hibernate.orm.results - Extracted JDBC value [2] - [false]
10:24:18.189 [main] DEBUG org.hibernate.orm.results - Extracted JDBC value [3] - [Component 2 for association test]
10:24:18.189 [main] DEBUG org.hibernate.orm.results - Extracted JDBC value [4] - [2025-04-30]
10:24:18.189 [main] DEBUG org.hibernate.orm.results - Extracted JDBC value [5] - [Test Component Assoc 2]
10:24:18.189 [main] DEBUG org.hibernate.orm.results - Extracted JDBC value [6] - [TC-ASSOC2]
10:24:18.189 [main] DEBUG org.hibernate.orm.results.loading.entity - (EntityResultInitializer) Done materializing entityInstance : org.frcpm.models.Component(959674473427600)#56
10:24:18.189 [main] DEBUG org.hibernate.orm.results.loading - Calling top-level assembler (0 / 1) : org.hibernate.sql.results.graph.entity.internal.EntityAssembler@1790ad94
10:24:18.189 [main] DEBUG org.hibernate.orm.results - Extracted JDBC value [0] - [57]
10:24:18.189 [main] DEBUG org.hibernate.orm.results.loading.entity - (EntityResultInitializer) Hydrated EntityKey (org.frcpm.models.Component(959674473427600)): 57
10:24:18.189 [main] DEBUG org.hibernate.orm.results.loading.org.hibernate.orm.results.loading.collection - (DelayedCollectionInitializer) Current row collection key : org.frcpm.models.Component(959674473427600).requiredForTasks#57
10:24:18.189 [main] DEBUG org.hibernate.orm.results.loading.entity - (EntityResultInitializer) Created new entity instance [org.frcpm.models.Component(959674473427600)#57] : 771830190
10:24:18.189 [main] DEBUG org.hibernate.orm.results - Extracted JDBC value [1] - [null]
10:24:18.189 [main] DEBUG org.hibernate.orm.results - Extracted JDBC value [2] - [false]
10:24:18.189 [main] DEBUG org.hibernate.orm.results - Extracted JDBC value [3] - [First test component description]
10:24:18.189 [main] DEBUG org.hibernate.orm.results - Extracted JDBC value [4] - [2025-04-30]
10:24:18.189 [main] DEBUG org.hibernate.orm.results - Extracted JDBC value [5] - [Test Component 1]
10:24:18.189 [main] DEBUG org.hibernate.orm.results - Extracted JDBC value [6] - [TC-001]
10:24:18.189 [main] DEBUG org.hibernate.orm.results.loading.entity - (EntityResultInitializer) Done materializing entityInstance : org.frcpm.models.Component(959674473427600)#57
10:24:18.189 [main] DEBUG org.hibernate.orm.results.loading - Calling top-level assembler (0 / 1) : org.hibernate.sql.results.graph.entity.internal.EntityAssembler@1790ad94
10:24:18.189 [main] DEBUG org.hibernate.orm.results - Extracted JDBC value [0] - [58]
10:24:18.189 [main] DEBUG org.hibernate.orm.results.loading.entity - (EntityResultInitializer) Hydrated EntityKey (org.frcpm.models.Component(959674473427600)): 58
10:24:18.189 [main] DEBUG org.hibernate.orm.results.loading.org.hibernate.orm.results.loading.collection - (DelayedCollectionInitializer) Current row collection key : org.frcpm.models.Component(959674473427600).requiredForTasks#58
10:24:18.189 [main] DEBUG org.hibernate.orm.results.loading.entity - (EntityResultInitializer) Created new entity instance [org.frcpm.models.Component(959674473427600)#58] : 175739016
10:24:18.189 [main] DEBUG org.hibernate.orm.results - Extracted JDBC value [1] - [null]
10:24:18.189 [main] DEBUG org.hibernate.orm.results - Extracted JDBC value [2] - [false]
10:24:18.189 [main] DEBUG org.hibernate.orm.results - Extracted JDBC value [3] - [Second test component description]
10:24:18.189 [main] DEBUG org.hibernate.orm.results - Extracted JDBC value [4] - [2025-05-02]
10:24:18.189 [main] DEBUG org.hibernate.orm.results - Extracted JDBC value [5] - [Test Component 2]
10:24:18.189 [main] DEBUG org.hibernate.orm.results - Extracted JDBC value [6] - [TC-002]
10:24:18.189 [main] DEBUG org.hibernate.orm.results.loading.entity - (EntityResultInitializer) Done materializing entityInstance : org.frcpm.models.Component(959674473427600)#58
10:24:18.189 [main] DEBUG org.hibernate.orm.results.loading - Calling top-level assembler (0 / 1) : org.hibernate.sql.results.graph.entity.internal.EntityAssembler@1790ad94
10:24:18.189 [main] DEBUG org.hibernate.orm.results - Extracted JDBC value [0] - [59]
10:24:18.189 [main] DEBUG org.hibernate.orm.results.loading.entity - (EntityResultInitializer) Hydrated EntityKey (org.frcpm.models.Component(959674473427600)): 59
10:24:18.189 [main] DEBUG org.hibernate.orm.results.loading.org.hibernate.orm.results.loading.collection - (DelayedCollectionInitializer) Current row collection key : org.frcpm.models.Component(959674473427600).requiredForTasks#59
10:24:18.189 [main] DEBUG org.hibernate.orm.results.loading.entity - (EntityResultInitializer) Created new entity instance [org.frcpm.models.Component(959674473427600)#59] : 405328818
10:24:18.189 [main] DEBUG org.hibernate.orm.results - Extracted JDBC value [1] - [2025-05-04]
10:24:18.189 [main] DEBUG org.hibernate.orm.results - Extracted JDBC value [2] - [true]
10:24:18.189 [main] DEBUG org.hibernate.orm.results - Extracted JDBC value [3] - [Third test component description]
10:24:18.189 [main] DEBUG org.hibernate.orm.results - Extracted JDBC value [4] - [2025-05-05]
10:24:18.189 [main] DEBUG org.hibernate.orm.results - Extracted JDBC value [5] - [Test Component 3]
10:24:18.189 [main] DEBUG org.hibernate.orm.results - Extracted JDBC value [6] - [TC-003]
10:24:18.189 [main] DEBUG org.hibernate.orm.results.loading.entity - (EntityResultInitializer) Done materializing entityInstance : org.frcpm.models.Component(959674473427600)#59
10:24:18.189 [main] DEBUG org.hibernate.orm.results.loading - Calling top-level assembler (0 / 1) : org.hibernate.sql.results.graph.entity.internal.EntityAssembler@1790ad94
10:24:18.189 [main] DEBUG org.hibernate.orm.results - Extracted JDBC value [0] - [60]
10:24:18.189 [main] DEBUG org.hibernate.orm.results.loading.entity - (EntityResultInitializer) Hydrated EntityKey (org.frcpm.models.Component(959674473427600)): 60
10:24:18.189 [main] DEBUG org.hibernate.orm.results.loading.org.hibernate.orm.results.loading.collection - (DelayedCollectionInitializer) Current row collection key : org.frcpm.models.Component(959674473427600).requiredForTasks#60
10:24:18.189 [main] DEBUG org.hibernate.orm.results.loading.entity - (EntityResultInitializer) Created new entity instance [org.frcpm.models.Component(959674473427600)#60] : 47846502
10:24:18.189 [main] DEBUG org.hibernate.orm.results - Extracted JDBC value [1] - [null]
10:24:18.189 [main] DEBUG org.hibernate.orm.results - Extracted JDBC value [2] - [false]
10:24:18.189 [main] DEBUG org.hibernate.orm.results - Extracted JDBC value [3] - [First test component description]
10:24:18.189 [main] DEBUG org.hibernate.orm.results - Extracted JDBC value [4] - [2025-04-30]
10:24:18.189 [main] DEBUG org.hibernate.orm.results - Extracted JDBC value [5] - [Test Component 1]
10:24:18.189 [main] DEBUG org.hibernate.orm.results - Extracted JDBC value [6] - [TC-001]
10:24:18.189 [main] DEBUG org.hibernate.orm.results.loading.entity - (EntityResultInitializer) Done materializing entityInstance : org.frcpm.models.Component(959674473427600)#60
10:24:18.189 [main] DEBUG org.hibernate.orm.results.loading - Calling top-level assembler (0 / 1) : org.hibernate.sql.results.graph.entity.internal.EntityAssembler@1790ad94
10:24:18.189 [main] DEBUG org.hibernate.orm.results - Extracted JDBC value [0] - [61]
10:24:18.189 [main] DEBUG org.hibernate.orm.results.loading.entity - (EntityResultInitializer) Hydrated EntityKey (org.frcpm.models.Component(959674473427600)): 61
10:24:18.189 [main] DEBUG org.hibernate.orm.results.loading.org.hibernate.orm.results.loading.collection - (DelayedCollectionInitializer) Current row collection key : org.frcpm.models.Component(959674473427600).requiredForTasks#61
10:24:18.189 [main] DEBUG org.hibernate.orm.results.loading.entity - (EntityResultInitializer) Created new entity instance [org.frcpm.models.Component(959674473427600)#61] : 2077776310
10:24:18.189 [main] DEBUG org.hibernate.orm.results - Extracted JDBC value [1] - [null]
10:24:18.190 [main] DEBUG org.hibernate.orm.results - Extracted JDBC value [2] - [false]
10:24:18.190 [main] DEBUG org.hibernate.orm.results - Extracted JDBC value [3] - [Second test component description]
10:24:18.190 [main] DEBUG org.hibernate.orm.results - Extracted JDBC value [4] - [2025-05-02]
10:24:18.190 [main] DEBUG org.hibernate.orm.results - Extracted JDBC value [5] - [Test Component 2]
10:24:18.190 [main] DEBUG org.hibernate.orm.results - Extracted JDBC value [6] - [TC-002]
10:24:18.190 [main] DEBUG org.hibernate.orm.results.loading.entity - (EntityResultInitializer) Done materializing entityInstance : org.frcpm.models.Component(959674473427600)#61
10:24:18.190 [main] DEBUG org.hibernate.orm.results.loading - Calling top-level assembler (0 / 1) : org.hibernate.sql.results.graph.entity.internal.EntityAssembler@1790ad94
10:24:18.190 [main] DEBUG org.hibernate.orm.results - Extracted JDBC value [0] - [62]
10:24:18.190 [main] DEBUG org.hibernate.orm.results.loading.entity - (EntityResultInitializer) Hydrated EntityKey (org.frcpm.models.Component(959674473427600)): 62
10:24:18.190 [main] DEBUG org.hibernate.orm.results.loading.org.hibernate.orm.results.loading.collection - (DelayedCollectionInitializer) Current row collection key : org.frcpm.models.Component(959674473427600).requiredForTasks#62
10:24:18.190 [main] DEBUG org.hibernate.orm.results.loading.entity - (EntityResultInitializer) Created new entity instance [org.frcpm.models.Component(959674473427600)#62] : 1683144899
10:24:18.190 [main] DEBUG org.hibernate.orm.results - Extracted JDBC value [1] - [2025-05-04]
10:24:18.190 [main] DEBUG org.hibernate.orm.results - Extracted JDBC value [2] - [true]
10:24:18.190 [main] DEBUG org.hibernate.orm.results - Extracted JDBC value [3] - [Third test component description]
10:24:18.190 [main] DEBUG org.hibernate.orm.results - Extracted JDBC value [4] - [2025-05-05]
10:24:18.190 [main] DEBUG org.hibernate.orm.results - Extracted JDBC value [5] - [Test Component 3]
10:24:18.190 [main] DEBUG org.hibernate.orm.results - Extracted JDBC value [6] - [TC-003]
10:24:18.190 [main] DEBUG org.hibernate.orm.results.loading.entity - (EntityResultInitializer) Done materializing entityInstance : org.frcpm.models.Component(959674473427600)#62
10:24:18.190 [main] DEBUG org.hibernate.orm.results.loading - Calling top-level assembler (0 / 1) : org.hibernate.sql.results.graph.entity.internal.EntityAssembler@1790ad94
10:24:18.190 [main] DEBUG org.hibernate.orm.results - Extracted JDBC value [0] - [63]
10:24:18.190 [main] DEBUG org.hibernate.orm.results.loading.entity - (EntityResultInitializer) Hydrated EntityKey (org.frcpm.models.Component(959674473427600)): 63
10:24:18.190 [main] DEBUG org.hibernate.orm.results.loading.org.hibernate.orm.results.loading.collection - (DelayedCollectionInitializer) Current row collection key : org.frcpm.models.Component(959674473427600).requiredForTasks#63
10:24:18.190 [main] DEBUG org.hibernate.orm.results.loading.entity - (EntityResultInitializer) Created new entity instance [org.frcpm.models.Component(959674473427600)#63] : 1705665620
10:24:18.190 [main] DEBUG org.hibernate.orm.results - Extracted JDBC value [1] - [null]
10:24:18.190 [main] DEBUG org.hibernate.orm.results - Extracted JDBC value [2] - [false]
10:24:18.190 [main] DEBUG org.hibernate.orm.results - Extracted JDBC value [3] - [null]
10:24:18.190 [main] DEBUG org.hibernate.orm.results - Extracted JDBC value [4] - [null]
10:24:18.190 [main] DEBUG org.hibernate.orm.results - Extracted JDBC value [5] - [Test Count Component]
10:24:18.190 [main] DEBUG org.hibernate.orm.results - Extracted JDBC value [6] - [TCC-001]
10:24:18.190 [main] DEBUG org.hibernate.orm.results.loading.entity - (EntityResultInitializer) Done materializing entityInstance : org.frcpm.models.Component(959674473427600)#63
10:24:18.190 [main] DEBUG org.hibernate.orm.results.loading - Calling top-level assembler (0 / 1) : org.hibernate.sql.results.graph.entity.internal.EntityAssembler@1790ad94
10:24:18.190 [main] DEBUG org.hibernate.orm.results - Extracted JDBC value [0] - [64]
10:24:18.190 [main] DEBUG org.hibernate.orm.results.loading.entity - (EntityResultInitializer) Hydrated EntityKey (org.frcpm.models.Component(959674473427600)): 64
10:24:18.190 [main] DEBUG org.hibernate.orm.results.loading.org.hibernate.orm.results.loading.collection - (DelayedCollectionInitializer) Current row collection key : org.frcpm.models.Component(959674473427600).requiredForTasks#64
10:24:18.190 [main] DEBUG org.hibernate.orm.results.loading.entity - (EntityResultInitializer) Created new entity instance [org.frcpm.models.Component(959674473427600)#64] : 1842691889
10:24:18.190 [main] DEBUG org.hibernate.orm.results - Extracted JDBC value [1] - [null]
10:24:18.190 [main] DEBUG org.hibernate.orm.results - Extracted JDBC value [2] - [false]
10:24:18.190 [main] DEBUG org.hibernate.orm.results - Extracted JDBC value [3] - [First test component description]
10:24:18.190 [main] DEBUG org.hibernate.orm.results - Extracted JDBC value [4] - [2025-04-30]
10:24:18.190 [main] DEBUG org.hibernate.orm.results - Extracted JDBC value [5] - [Test Component 1]
10:24:18.190 [main] DEBUG org.hibernate.orm.results - Extracted JDBC value [6] - [TC-001]
10:24:18.190 [main] DEBUG org.hibernate.orm.results.loading.entity - (EntityResultInitializer) Done materializing entityInstance : org.frcpm.models.Component(959674473427600)#64
10:24:18.190 [main] DEBUG org.hibernate.orm.results.loading - Calling top-level assembler (0 / 1) : org.hibernate.sql.results.graph.entity.internal.EntityAssembler@1790ad94
10:24:18.190 [main] DEBUG org.hibernate.orm.results - Extracted JDBC value [0] - [65]
10:24:18.190 [main] DEBUG org.hibernate.orm.results.loading.entity - (EntityResultInitializer) Hydrated EntityKey (org.frcpm.models.Component(959674473427600)): 65
10:24:18.190 [main] DEBUG org.hibernate.orm.results.loading.org.hibernate.orm.results.loading.collection - (DelayedCollectionInitializer) Current row collection key : org.frcpm.models.Component(959674473427600).requiredForTasks#65
10:24:18.190 [main] DEBUG org.hibernate.orm.results.loading.entity - (EntityResultInitializer) Created new entity instance [org.frcpm.models.Component(959674473427600)#65] : 857288703
10:24:18.190 [main] DEBUG org.hibernate.orm.results - Extracted JDBC value [1] - [null]
10:24:18.190 [main] DEBUG org.hibernate.orm.results - Extracted JDBC value [2] - [false]
10:24:18.190 [main] DEBUG org.hibernate.orm.results - Extracted JDBC value [3] - [Second test component description]
10:24:18.190 [main] DEBUG org.hibernate.orm.results - Extracted JDBC value [4] - [2025-05-02]
10:24:18.190 [main] DEBUG org.hibernate.orm.results - Extracted JDBC value [5] - [Test Component 2]
10:24:18.190 [main] DEBUG org.hibernate.orm.results - Extracted JDBC value [6] - [TC-002]
10:24:18.190 [main] DEBUG org.hibernate.orm.results.loading.entity - (EntityResultInitializer) Done materializing entityInstance : org.frcpm.models.Component(959674473427600)#65
10:24:18.190 [main] DEBUG org.hibernate.orm.results.loading - Calling top-level assembler (0 / 1) : org.hibernate.sql.results.graph.entity.internal.EntityAssembler@1790ad94
10:24:18.190 [main] DEBUG org.hibernate.orm.results - Extracted JDBC value [0] - [66]
10:24:18.190 [main] DEBUG org.hibernate.orm.results.loading.entity - (EntityResultInitializer) Hydrated EntityKey (org.frcpm.models.Component(959674473427600)): 66
10:24:18.190 [main] DEBUG org.hibernate.orm.results.loading.org.hibernate.orm.results.loading.collection - (DelayedCollectionInitializer) Current row collection key : org.frcpm.models.Component(959674473427600).requiredForTasks#66
10:24:18.190 [main] DEBUG org.hibernate.orm.results.loading.entity - (EntityResultInitializer) Created new entity instance [org.frcpm.models.Component(959674473427600)#66] : 1971732851
10:24:18.190 [main] DEBUG org.hibernate.orm.results - Extracted JDBC value [1] - [2025-05-04]
10:24:18.190 [main] DEBUG org.hibernate.orm.results - Extracted JDBC value [2] - [true]
10:24:18.190 [main] DEBUG org.hibernate.orm.results - Extracted JDBC value [3] - [Third test component description]
10:24:18.190 [main] DEBUG org.hibernate.orm.results - Extracted JDBC value [4] - [2025-05-05]
10:24:18.190 [main] DEBUG org.hibernate.orm.results - Extracted JDBC value [5] - [Test Component 3]
10:24:18.190 [main] DEBUG org.hibernate.orm.results - Extracted JDBC value [6] - [TC-003]
10:24:18.190 [main] DEBUG org.hibernate.orm.results.loading.entity - (EntityResultInitializer) Done materializing entityInstance : org.frcpm.models.Component(959674473427600)#66
10:24:18.190 [main] DEBUG org.hibernate.orm.results.loading - Calling top-level assembler (0 / 1) : org.hibernate.sql.results.graph.entity.internal.EntityAssembler@1790ad94
10:24:18.190 [main] DEBUG org.hibernate.orm.results - Extracted JDBC value [0] - [67]
10:24:18.190 [main] DEBUG org.hibernate.orm.results.loading.entity - (EntityResultInitializer) Hydrated EntityKey (org.frcpm.models.Component(959674473427600)): 67
10:24:18.190 [main] DEBUG org.hibernate.orm.results.loading.org.hibernate.orm.results.loading.collection - (DelayedCollectionInitializer) Current row collection key : org.frcpm.models.Component(959674473427600).requiredForTasks#67
10:24:18.190 [main] DEBUG org.hibernate.orm.results.loading.entity - (EntityResultInitializer) Created new entity instance [org.frcpm.models.Component(959674473427600)#67] : 832435563
10:24:18.190 [main] DEBUG org.hibernate.orm.results - Extracted JDBC value [1] - [null]
10:24:18.190 [main] DEBUG org.hibernate.orm.results - Extracted JDBC value [2] - [false]
10:24:18.190 [main] DEBUG org.hibernate.orm.results - Extracted JDBC value [3] - [Save component description]
10:24:18.190 [main] DEBUG org.hibernate.orm.results - Extracted JDBC value [4] - [2025-05-10]
10:24:18.190 [main] DEBUG org.hibernate.orm.results - Extracted JDBC value [5] - [Test Save Component]
10:24:18.190 [main] DEBUG org.hibernate.orm.results - Extracted JDBC value [6] - [TSC-001]
10:24:18.190 [main] DEBUG org.hibernate.orm.results.loading.entity - (EntityResultInitializer) Done materializing entityInstance : org.frcpm.models.Component(959674473427600)#67
10:24:18.190 [main] DEBUG org.hibernate.orm.results.loading - Calling top-level assembler (0 / 1) : org.hibernate.sql.results.graph.entity.internal.EntityAssembler@1790ad94
10:24:18.190 [main] DEBUG org.hibernate.orm.results - Extracted JDBC value [0] - [68]
10:24:18.190 [main] DEBUG org.hibernate.orm.results.loading.entity - (EntityResultInitializer) Hydrated EntityKey (org.frcpm.models.Component(959674473427600)): 68
10:24:18.190 [main] DEBUG org.hibernate.orm.results.loading.org.hibernate.orm.results.loading.collection - (DelayedCollectionInitializer) Current row collection key : org.frcpm.models.Component(959674473427600).requiredForTasks#68
10:24:18.190 [main] DEBUG org.hibernate.orm.results.loading.entity - (EntityResultInitializer) Created new entity instance [org.frcpm.models.Component(959674473427600)#68] : 832093676
10:24:18.190 [main] DEBUG org.hibernate.orm.results - Extracted JDBC value [1] - [null]
10:24:18.190 [main] DEBUG org.hibernate.orm.results - Extracted JDBC value [2] - [false]
10:24:18.190 [main] DEBUG org.hibernate.orm.results - Extracted JDBC value [3] - [First test component description]
10:24:18.190 [main] DEBUG org.hibernate.orm.results - Extracted JDBC value [4] - [2025-04-30]
10:24:18.190 [main] DEBUG org.hibernate.orm.results - Extracted JDBC value [5] - [Test Component 1]
10:24:18.190 [main] DEBUG org.hibernate.orm.results - Extracted JDBC value [6] - [TC-001]
10:24:18.190 [main] DEBUG org.hibernate.orm.results.loading.entity - (EntityResultInitializer) Done materializing entityInstance : org.frcpm.models.Component(959674473427600)#68
10:24:18.190 [main] DEBUG org.hibernate.orm.results.loading - Calling top-level assembler (0 / 1) : org.hibernate.sql.results.graph.entity.internal.EntityAssembler@1790ad94
10:24:18.190 [main] DEBUG org.hibernate.orm.results - Extracted JDBC value [0] - [69]
10:24:18.190 [main] DEBUG org.hibernate.orm.results.loading.entity - (EntityResultInitializer) Hydrated EntityKey (org.frcpm.models.Component(959674473427600)): 69
10:24:18.190 [main] DEBUG org.hibernate.orm.results.loading.org.hibernate.orm.results.loading.collection - (DelayedCollectionInitializer) Current row collection key : org.frcpm.models.Component(959674473427600).requiredForTasks#69
10:24:18.190 [main] DEBUG org.hibernate.orm.results.loading.entity - (EntityResultInitializer) Created new entity instance [org.frcpm.models.Component(959674473427600)#69] : 785978361
10:24:18.190 [main] DEBUG org.hibernate.orm.results - Extracted JDBC value [1] - [null]
10:24:18.190 [main] DEBUG org.hibernate.orm.results - Extracted JDBC value [2] - [false]
10:24:18.190 [main] DEBUG org.hibernate.orm.results - Extracted JDBC value [3] - [Second test component description]
10:24:18.190 [main] DEBUG org.hibernate.orm.results - Extracted JDBC value [4] - [2025-05-02]
10:24:18.190 [main] DEBUG org.hibernate.orm.results - Extracted JDBC value [5] - [Test Component 2]
10:24:18.190 [main] DEBUG org.hibernate.orm.results - Extracted JDBC value [6] - [TC-002]
10:24:18.190 [main] DEBUG org.hibernate.orm.results.loading.entity - (EntityResultInitializer) Done materializing entityInstance : org.frcpm.models.Component(959674473427600)#69
10:24:18.190 [main] DEBUG org.hibernate.orm.results.loading - Calling top-level assembler (0 / 1) : org.hibernate.sql.results.graph.entity.internal.EntityAssembler@1790ad94
10:24:18.190 [main] DEBUG org.hibernate.orm.results - Extracted JDBC value [0] - [70]
10:24:18.190 [main] DEBUG org.hibernate.orm.results.loading.entity - (EntityResultInitializer) Hydrated EntityKey (org.frcpm.models.Component(959674473427600)): 70
10:24:18.190 [main] DEBUG org.hibernate.orm.results.loading.org.hibernate.orm.results.loading.collection - (DelayedCollectionInitializer) Current row collection key : org.frcpm.models.Component(959674473427600).requiredForTasks#70
10:24:18.190 [main] DEBUG org.hibernate.orm.results.loading.entity - (EntityResultInitializer) Created new entity instance [org.frcpm.models.Component(959674473427600)#70] : 995478754
10:24:18.190 [main] DEBUG org.hibernate.orm.results - Extracted JDBC value [1] - [2025-05-04]
10:24:18.190 [main] DEBUG org.hibernate.orm.results - Extracted JDBC value [2] - [true]
10:24:18.191 [main] DEBUG org.hibernate.orm.results - Extracted JDBC value [3] - [Third test component description]
10:24:18.191 [main] DEBUG org.hibernate.orm.results - Extracted JDBC value [4] - [2025-05-05]
10:24:18.191 [main] DEBUG org.hibernate.orm.results - Extracted JDBC value [5] - [Test Component 3]
10:24:18.191 [main] DEBUG org.hibernate.orm.results - Extracted JDBC value [6] - [TC-003]
10:24:18.191 [main] DEBUG org.hibernate.orm.results.loading.entity - (EntityResultInitializer) Done materializing entityInstance : org.frcpm.models.Component(959674473427600)#70
10:24:18.191 [main] DEBUG org.hibernate.orm.results.loading - Calling top-level assembler (0 / 1) : org.hibernate.sql.results.graph.entity.internal.EntityAssembler@1790ad94
10:24:18.191 [main] DEBUG org.hibernate.orm.results - Extracted JDBC value [0] - [71]
10:24:18.191 [main] DEBUG org.hibernate.orm.results.loading.entity - (EntityResultInitializer) Hydrated EntityKey (org.frcpm.models.Component(959674473427600)): 71
10:24:18.191 [main] DEBUG org.hibernate.orm.results.loading.org.hibernate.orm.results.loading.collection - (DelayedCollectionInitializer) Current row collection key : org.frcpm.models.Component(959674473427600).requiredForTasks#71
10:24:18.191 [main] DEBUG org.hibernate.orm.results.loading.entity - (EntityResultInitializer) Created new entity instance [org.frcpm.models.Component(959674473427600)#71] : 554270776
10:24:18.191 [main] DEBUG org.hibernate.orm.results - Extracted JDBC value [1] - [null]
10:24:18.191 [main] DEBUG org.hibernate.orm.results - Extracted JDBC value [2] - [false]
10:24:18.191 [main] DEBUG org.hibernate.orm.results - Extracted JDBC value [3] - [First test component description]
10:24:18.191 [main] DEBUG org.hibernate.orm.results - Extracted JDBC value [4] - [2025-04-30]
10:24:18.191 [main] DEBUG org.hibernate.orm.results - Extracted JDBC value [5] - [Test Component 1]
10:24:18.191 [main] DEBUG org.hibernate.orm.results - Extracted JDBC value [6] - [TC-001]
10:24:18.191 [main] DEBUG org.hibernate.orm.results.loading.entity - (EntityResultInitializer) Done materializing entityInstance : org.frcpm.models.Component(959674473427600)#71
10:24:18.191 [main] DEBUG org.hibernate.orm.results.loading - Calling top-level assembler (0 / 1) : org.hibernate.sql.results.graph.entity.internal.EntityAssembler@1790ad94
10:24:18.191 [main] DEBUG org.hibernate.orm.results - Extracted JDBC value [0] - [72]
10:24:18.191 [main] DEBUG org.hibernate.orm.results.loading.entity - (EntityResultInitializer) Hydrated EntityKey (org.frcpm.models.Component(959674473427600)): 72
10:24:18.191 [main] DEBUG org.hibernate.orm.results.loading.org.hibernate.orm.results.loading.collection - (DelayedCollectionInitializer) Current row collection key : org.frcpm.models.Component(959674473427600).requiredForTasks#72
10:24:18.191 [main] DEBUG org.hibernate.orm.results.loading.entity - (EntityResultInitializer) Created new entity instance [org.frcpm.models.Component(959674473427600)#72] : 1216215298
10:24:18.191 [main] DEBUG org.hibernate.orm.results - Extracted JDBC value [1] - [null]
10:24:18.191 [main] DEBUG org.hibernate.orm.results - Extracted JDBC value [2] - [false]
10:24:18.191 [main] DEBUG org.hibernate.orm.results - Extracted JDBC value [3] - [Second test component description]
10:24:18.191 [main] DEBUG org.hibernate.orm.results - Extracted JDBC value [4] - [2025-05-02]
10:24:18.191 [main] DEBUG org.hibernate.orm.results - Extracted JDBC value [5] - [Test Component 2]
10:24:18.191 [main] DEBUG org.hibernate.orm.results - Extracted JDBC value [6] - [TC-002]
10:24:18.191 [main] DEBUG org.hibernate.orm.results.loading.entity - (EntityResultInitializer) Done materializing entityInstance : org.frcpm.models.Component(959674473427600)#72
10:24:18.191 [main] DEBUG org.hibernate.orm.results.loading - Calling top-level assembler (0 / 1) : org.hibernate.sql.results.graph.entity.internal.EntityAssembler@1790ad94
10:24:18.191 [main] DEBUG org.hibernate.orm.results - Extracted JDBC value [0] - [73]
10:24:18.191 [main] DEBUG org.hibernate.orm.results.loading.entity - (EntityResultInitializer) Hydrated EntityKey (org.frcpm.models.Component(959674473427600)): 73
10:24:18.191 [main] DEBUG org.hibernate.orm.results.loading.org.hibernate.orm.results.loading.collection - (DelayedCollectionInitializer) Current row collection key : org.frcpm.models.Component(959674473427600).requiredForTasks#73
10:24:18.191 [main] DEBUG org.hibernate.orm.results.loading.entity - (EntityResultInitializer) Created new entity instance [org.frcpm.models.Component(959674473427600)#73] : 714201881
10:24:18.191 [main] DEBUG org.hibernate.orm.results - Extracted JDBC value [1] - [2025-05-04]
10:24:18.191 [main] DEBUG org.hibernate.orm.results - Extracted JDBC value [2] - [true]
10:24:18.191 [main] DEBUG org.hibernate.orm.results - Extracted JDBC value [3] - [Third test component description]
10:24:18.191 [main] DEBUG org.hibernate.orm.results - Extracted JDBC value [4] - [2025-05-05]
10:24:18.191 [main] DEBUG org.hibernate.orm.results - Extracted JDBC value [5] - [Test Component 3]
10:24:18.191 [main] DEBUG org.hibernate.orm.results - Extracted JDBC value [6] - [TC-003]
10:24:18.191 [main] DEBUG org.hibernate.orm.results.loading.entity - (EntityResultInitializer) Done materializing entityInstance : org.frcpm.models.Component(959674473427600)#73
10:24:18.191 [main] DEBUG org.hibernate.orm.results.loading - Calling top-level assembler (0 / 1) : org.hibernate.sql.results.graph.entity.internal.EntityAssembler@1790ad94
10:24:18.191 [main] DEBUG org.hibernate.orm.results - Extracted JDBC value [0] - [74]
10:24:18.191 [main] DEBUG org.hibernate.orm.results.loading.entity - (EntityResultInitializer) Hydrated EntityKey (org.frcpm.models.Component(959674473427600)): 74
10:24:18.191 [main] DEBUG org.hibernate.orm.results.loading.org.hibernate.orm.results.loading.collection - (DelayedCollectionInitializer) Current row collection key : org.frcpm.models.Component(959674473427600).requiredForTasks#74
10:24:18.191 [main] DEBUG org.hibernate.orm.results.loading.entity - (EntityResultInitializer) Created new entity instance [org.frcpm.models.Component(959674473427600)#74] : 11570407
10:24:18.191 [main] DEBUG org.hibernate.orm.results - Extracted JDBC value [1] - [null]
10:24:18.191 [main] DEBUG org.hibernate.orm.results - Extracted JDBC value [2] - [false]
10:24:18.191 [main] DEBUG org.hibernate.orm.results - Extracted JDBC value [3] - [First test component description]
10:24:18.191 [main] DEBUG org.hibernate.orm.results - Extracted JDBC value [4] - [2025-04-30]
10:24:18.191 [main] DEBUG org.hibernate.orm.results - Extracted JDBC value [5] - [Test Component 1]
10:24:18.191 [main] DEBUG org.hibernate.orm.results - Extracted JDBC value [6] - [TC-001]
10:24:18.191 [main] DEBUG org.hibernate.orm.results.loading.entity - (EntityResultInitializer) Done materializing entityInstance : org.frcpm.models.Component(959674473427600)#74
10:24:18.191 [main] DEBUG org.hibernate.orm.results.loading - Calling top-level assembler (0 / 1) : org.hibernate.sql.results.graph.entity.internal.EntityAssembler@1790ad94
10:24:18.191 [main] DEBUG org.hibernate.orm.results - Extracted JDBC value [0] - [75]
10:24:18.191 [main] DEBUG org.hibernate.orm.results.loading.entity - (EntityResultInitializer) Hydrated EntityKey (org.frcpm.models.Component(959674473427600)): 75
10:24:18.191 [main] DEBUG org.hibernate.orm.results.loading.org.hibernate.orm.results.loading.collection - (DelayedCollectionInitializer) Current row collection key : org.frcpm.models.Component(959674473427600).requiredForTasks#75
10:24:18.191 [main] DEBUG org.hibernate.orm.results.loading.entity - (EntityResultInitializer) Created new entity instance [org.frcpm.models.Component(959674473427600)#75] : 1192624632
10:24:18.191 [main] DEBUG org.hibernate.orm.results - Extracted JDBC value [1] - [null]
10:24:18.191 [main] DEBUG org.hibernate.orm.results - Extracted JDBC value [2] - [false]
10:24:18.191 [main] DEBUG org.hibernate.orm.results - Extracted JDBC value [3] - [Second test component description]
10:24:18.191 [main] DEBUG org.hibernate.orm.results - Extracted JDBC value [4] - [2025-05-02]
10:24:18.191 [main] DEBUG org.hibernate.orm.results - Extracted JDBC value [5] - [Test Component 2]
10:24:18.191 [main] DEBUG org.hibernate.orm.results - Extracted JDBC value [6] - [TC-002]
10:24:18.191 [main] DEBUG org.hibernate.orm.results.loading.entity - (EntityResultInitializer) Done materializing entityInstance : org.frcpm.models.Component(959674473427600)#75
10:24:18.191 [main] DEBUG org.hibernate.orm.results.loading - Calling top-level assembler (0 / 1) : org.hibernate.sql.results.graph.entity.internal.EntityAssembler@1790ad94
10:24:18.191 [main] DEBUG org.hibernate.orm.results - Extracted JDBC value [0] - [76]
10:24:18.191 [main] DEBUG org.hibernate.orm.results.loading.entity - (EntityResultInitializer) Hydrated EntityKey (org.frcpm.models.Component(959674473427600)): 76
10:24:18.191 [main] DEBUG org.hibernate.orm.results.loading.org.hibernate.orm.results.loading.collection - (DelayedCollectionInitializer) Current row collection key : org.frcpm.models.Component(959674473427600).requiredForTasks#76
10:24:18.191 [main] DEBUG org.hibernate.orm.results.loading.entity - (EntityResultInitializer) Created new entity instance [org.frcpm.models.Component(959674473427600)#76] : 1920071153
10:24:18.191 [main] DEBUG org.hibernate.orm.results - Extracted JDBC value [1] - [2025-05-04]
10:24:18.191 [main] DEBUG org.hibernate.orm.results - Extracted JDBC value [2] - [true]
10:24:18.191 [main] DEBUG org.hibernate.orm.results - Extracted JDBC value [3] - [Third test component description]
10:24:18.191 [main] DEBUG org.hibernate.orm.results - Extracted JDBC value [4] - [2025-05-05]
10:24:18.191 [main] DEBUG org.hibernate.orm.results - Extracted JDBC value [5] - [Test Component 3]
10:24:18.191 [main] DEBUG org.hibernate.orm.results - Extracted JDBC value [6] - [TC-003]
10:24:18.191 [main] DEBUG org.hibernate.orm.results.loading.entity - (EntityResultInitializer) Done materializing entityInstance : org.frcpm.models.Component(959674473427600)#76
10:24:18.191 [main] DEBUG org.hibernate.orm.results.loading - Calling top-level assembler (0 / 1) : org.hibernate.sql.results.graph.entity.internal.EntityAssembler@1790ad94
10:24:18.191 [main] DEBUG org.hibernate.orm.results - Extracted JDBC value [0] - [77]
10:24:18.191 [main] DEBUG org.hibernate.orm.results.loading.entity - (EntityResultInitializer) Hydrated EntityKey (org.frcpm.models.Component(959674473427600)): 77
10:24:18.191 [main] DEBUG org.hibernate.orm.results.loading.org.hibernate.orm.results.loading.collection - (DelayedCollectionInitializer) Current row collection key : org.frcpm.models.Component(959674473427600).requiredForTasks#77
10:24:18.191 [main] DEBUG org.hibernate.orm.results.loading.entity - (EntityResultInitializer) Created new entity instance [org.frcpm.models.Component(959674473427600)#77] : 1013039701
10:24:18.191 [main] DEBUG org.hibernate.orm.results - Extracted JDBC value [1] - [null]
10:24:18.191 [main] DEBUG org.hibernate.orm.results - Extracted JDBC value [2] - [false]
10:24:18.191 [main] DEBUG org.hibernate.orm.results - Extracted JDBC value [3] - [First test component description]
10:24:18.191 [main] DEBUG org.hibernate.orm.results - Extracted JDBC value [4] - [2025-04-30]
10:24:18.191 [main] DEBUG org.hibernate.orm.results - Extracted JDBC value [5] - [Test Component 1]
10:24:18.191 [main] DEBUG org.hibernate.orm.results - Extracted JDBC value [6] - [TC-001]
10:24:18.191 [main] DEBUG org.hibernate.orm.results.loading.entity - (EntityResultInitializer) Done materializing entityInstance : org.frcpm.models.Component(959674473427600)#77
10:24:18.191 [main] DEBUG org.hibernate.orm.results.loading - Calling top-level assembler (0 / 1) : org.hibernate.sql.results.graph.entity.internal.EntityAssembler@1790ad94
10:24:18.191 [main] DEBUG org.hibernate.orm.results - Extracted JDBC value [0] - [78]
10:24:18.191 [main] DEBUG org.hibernate.orm.results.loading.entity - (EntityResultInitializer) Hydrated EntityKey (org.frcpm.models.Component(959674473427600)): 78
10:24:18.191 [main] DEBUG org.hibernate.orm.results.loading.org.hibernate.orm.results.loading.collection - (DelayedCollectionInitializer) Current row collection key : org.frcpm.models.Component(959674473427600).requiredForTasks#78
10:24:18.191 [main] DEBUG org.hibernate.orm.results.loading.entity - (EntityResultInitializer) Created new entity instance [org.frcpm.models.Component(959674473427600)#78] : 599893207
10:24:18.191 [main] DEBUG org.hibernate.orm.results - Extracted JDBC value [1] - [null]
10:24:18.191 [main] DEBUG org.hibernate.orm.results - Extracted JDBC value [2] - [false]
10:24:18.191 [main] DEBUG org.hibernate.orm.results - Extracted JDBC value [3] - [Second test component description]
10:24:18.191 [main] DEBUG org.hibernate.orm.results - Extracted JDBC value [4] - [2025-05-02]
10:24:18.191 [main] DEBUG org.hibernate.orm.results - Extracted JDBC value [5] - [Test Component 2]
10:24:18.191 [main] DEBUG org.hibernate.orm.results - Extracted JDBC value [6] - [TC-002]
10:24:18.191 [main] DEBUG org.hibernate.orm.results.loading.entity - (EntityResultInitializer) Done materializing entityInstance : org.frcpm.models.Component(959674473427600)#78
10:24:18.191 [main] DEBUG org.hibernate.orm.results.loading - Calling top-level assembler (0 / 1) : org.hibernate.sql.results.graph.entity.internal.EntityAssembler@1790ad94
10:24:18.191 [main] DEBUG org.hibernate.orm.results - Extracted JDBC value [0] - [79]
10:24:18.191 [main] DEBUG org.hibernate.orm.results.loading.entity - (EntityResultInitializer) Hydrated EntityKey (org.frcpm.models.Component(959674473427600)): 79
10:24:18.191 [main] DEBUG org.hibernate.orm.results.loading.org.hibernate.orm.results.loading.collection - (DelayedCollectionInitializer) Current row collection key : org.frcpm.models.Component(959674473427600).requiredForTasks#79
10:24:18.191 [main] DEBUG org.hibernate.orm.results.loading.entity - (EntityResultInitializer) Created new entity instance [org.frcpm.models.Component(959674473427600)#79] : 581228410
10:24:18.191 [main] DEBUG org.hibernate.orm.results - Extracted JDBC value [1] - [2025-05-04]
10:24:18.191 [main] DEBUG org.hibernate.orm.results - Extracted JDBC value [2] - [true]
10:24:18.191 [main] DEBUG org.hibernate.orm.results - Extracted JDBC value [3] - [Third test component description]
10:24:18.191 [main] DEBUG org.hibernate.orm.results - Extracted JDBC value [4] - [2025-05-05]
10:24:18.191 [main] DEBUG org.hibernate.orm.results - Extracted JDBC value [5] - [Test Component 3]
10:24:18.191 [main] DEBUG org.hibernate.orm.results - Extracted JDBC value [6] - [TC-003]
10:24:18.191 [main] DEBUG org.hibernate.orm.results.loading.entity - (EntityResultInitializer) Done materializing entityInstance : org.frcpm.models.Component(959674473427600)#79
10:24:18.191 [main] DEBUG org.hibernate.orm.results.loading - Calling top-level assembler (0 / 1) : org.hibernate.sql.results.graph.entity.internal.EntityAssembler@1790ad94
10:24:18.192 [main] DEBUG org.hibernate.resource.jdbc.internal.LogicalConnectionManagedImpl - Initiating JDBC connection release from afterTransaction
10:24:18.192 [main] DEBUG org.hibernate.resource.jdbc.internal.LogicalConnectionManagedImpl - Initiating JDBC connection release from afterTransaction
10:24:18.192 [main] DEBUG org.hibernate.engine.transaction.internal.TransactionImpl - On TransactionImpl creation, JpaCompliance#isJpaTransactionComplianceEnabled == false
10:24:18.192 [main] DEBUG org.hibernate.engine.transaction.internal.TransactionImpl - begin
10:24:18.192 [main] DEBUG org.hibernate.orm.sql.exec - Skipping reading Query result cache data: cache-enabled = false, cache-mode = IGNORE
10:24:18.192 [main] DEBUG org.hibernate.orm.results - Initializer list:
	  org.frcpm.models.Component -> EntityResultInitializer(org.frcpm.models.Component)@1118115659 (SingleTableEntityPersister(org.frcpm.models.Component))
	  org.frcpm.models.Component.requiredForTasks -> DelayedCollectionInitializer(org.frcpm.models.Component.requiredForTasks)@2082249794 (PluralAttribute(org.frcpm.models.Component.requiredForTasks))

10:24:18.192 [main] DEBUG org.hibernate.SQL - select c1_0.id,c1_0.actual_delivery,c1_0.is_delivered,c1_0.description,c1_0.expected_delivery,c1_0.name,c1_0.part_number from components c1_0 where c1_0.id=?
10:24:18.193 [main] DEBUG org.hibernate.orm.results.loading.entity - (EntityResultInitializer) Hydrated EntityKey (org.frcpm.models.Component): 55
10:24:18.193 [main] DEBUG org.hibernate.orm.results.loading.org.hibernate.orm.results.loading.collection - (DelayedCollectionInitializer) Current row collection key : org.frcpm.models.Component.requiredForTasks#55
10:24:18.193 [main] DEBUG org.hibernate.orm.results.loading.entity - (EntityResultInitializer) Created new entity instance [org.frcpm.models.Component#55] : 429766593
10:24:18.193 [main] DEBUG org.hibernate.orm.results - Extracted JDBC value [1] - [null]
10:24:18.193 [main] DEBUG org.hibernate.orm.results - Extracted JDBC value [2] - [false]
10:24:18.193 [main] DEBUG org.hibernate.orm.results - Extracted JDBC value [3] - [Component 1 for association test]
10:24:18.193 [main] DEBUG org.hibernate.orm.results - Extracted JDBC value [4] - [2025-04-28]
10:24:18.193 [main] DEBUG org.hibernate.orm.results - Extracted JDBC value [5] - [Test Component Assoc 1]
10:24:18.193 [main] DEBUG org.hibernate.orm.results - Extracted JDBC value [6] - [TC-ASSOC1]
10:24:18.193 [main] DEBUG org.hibernate.orm.results.loading.entity - (EntityResultInitializer) Done materializing entityInstance : org.frcpm.models.Component#55
10:24:18.193 [main] DEBUG org.hibernate.orm.results.loading - Calling top-level assembler (0 / 1) : org.hibernate.sql.results.graph.entity.internal.EntityAssembler@45e5e7d4
10:24:18.193 [main] DEBUG org.hibernate.engine.transaction.internal.TransactionImpl - committing
10:24:18.193 [main] DEBUG org.hibernate.event.internal.AbstractFlushingEventListener - Processing flush-time cascades
10:24:18.193 [main] DEBUG org.hibernate.event.internal.AbstractFlushingEventListener - Dirty checking collections
10:24:18.193 [main] DEBUG org.hibernate.engine.internal.Collections - Collection dereferenced: [org.frcpm.models.Component.requiredForTasks#55]
10:24:18.193 [main] DEBUG org.hibernate.event.internal.AbstractFlushingEventListener - Flushed: 0 insertions, 0 updates, 1 deletions to 1 objects
10:24:18.193 [main] DEBUG org.hibernate.event.internal.AbstractFlushingEventListener - Flushed: 0 (re)creations, 0 updates, 1 removals to 1 collections
10:24:18.193 [main] DEBUG org.hibernate.internal.util.EntityPrinter - Listing entities:
10:24:18.193 [main] DEBUG org.hibernate.internal.util.EntityPrinter - org.frcpm.models.Component{expectedDelivery=2025-04-28, requiredForTasks=<uninitialized>, name=Test Component Assoc 1, actualDelivery=null, description=Component 1 for association test, delivered=false, partNumber=TC-ASSOC1, id=55}
10:24:18.194 [main] DEBUG org.hibernate.SQL - delete from components where id=?
10:24:18.195 [main] INFO org.hibernate.orm.jdbc.batch - HHH100503: On release of batch it still contained JDBC statements
10:24:18.195 [main] ERROR org.hibernate.orm.jdbc.batch - HHH100501: Exception executing batch [org.h2.jdbc.JdbcBatchUpdateException: Referential integrity constraint violation: "FK5IRPAISPCX79XWY6N1QOMAXNV: PUBLIC.TASK_COMPONENTS FOREIGN KEY(COMPONENT_ID) REFERENCES PUBLIC.COMPONENTS(ID) (CAST(55 AS BIGINT))"; SQL statement:
delete from components where id=? [23503-224]], SQL: delete from components where id=?
10:24:18.195 [main] DEBUG org.hibernate.engine.jdbc.spi.SqlExceptionHelper - could not execute batch [delete from components where id=?]
org.h2.jdbc.JdbcBatchUpdateException: Referential integrity constraint violation: "FK5IRPAISPCX79XWY6N1QOMAXNV: PUBLIC.TASK_COMPONENTS FOREIGN KEY(COMPONENT_ID) REFERENCES PUBLIC.COMPONENTS(ID) (CAST(55 AS BIGINT))"; SQL statement:
delete from components where id=? [23503-224]
	at org.h2.jdbc.JdbcPreparedStatement.executeBatch(JdbcPreparedStatement.java:1282)
	at com.zaxxer.hikari.pool.ProxyStatement.executeBatch(ProxyStatement.java:127)
	at com.zaxxer.hikari.pool.HikariProxyPreparedStatement.executeBatch(HikariProxyPreparedStatement.java)
	at org.hibernate.engine.jdbc.batch.internal.BatchImpl.lambda$performExecution$2(BatchImpl.java:279)
	at org.hibernate.engine.jdbc.mutation.internal.PreparedStatementGroupSingleTable.forEachStatement(PreparedStatementGroupSingleTable.java:67)
	at org.hibernate.engine.jdbc.batch.internal.BatchImpl.performExecution(BatchImpl.java:264)
	at org.hibernate.engine.jdbc.batch.internal.BatchImpl.execute(BatchImpl.java:242)
	at org.hibernate.engine.jdbc.internal.JdbcCoordinatorImpl.executeBatch(JdbcCoordinatorImpl.java:188)
	at org.hibernate.engine.spi.ActionQueue.executeActions(ActionQueue.java:662)
	at org.hibernate.engine.spi.ActionQueue.executeActions(ActionQueue.java:499)
	at org.hibernate.event.internal.AbstractFlushingEventListener.performExecutions(AbstractFlushingEventListener.java:371)
	at org.hibernate.event.internal.DefaultFlushEventListener.onFlush(DefaultFlushEventListener.java:41)
	at org.hibernate.event.service.internal.EventListenerGroupImpl.fireEventOnEachListener(EventListenerGroupImpl.java:127)
	at org.hibernate.internal.SessionImpl.doFlush(SessionImpl.java:1425)
	at org.hibernate.internal.SessionImpl.managedFlush(SessionImpl.java:487)
	at org.hibernate.internal.SessionImpl.flushBeforeTransactionCompletion(SessionImpl.java:2324)
	at org.hibernate.internal.SessionImpl.beforeTransactionCompletion(SessionImpl.java:1981)
	at org.hibernate.engine.jdbc.internal.JdbcCoordinatorImpl.beforeTransactionCompletion(JdbcCoordinatorImpl.java:439)
	at org.hibernate.resource.transaction.backend.jdbc.internal.JdbcResourceLocalTransactionCoordinatorImpl.beforeCompletionCallback(JdbcResourceLocalTransactionCoordinatorImpl.java:169)
	at org.hibernate.resource.transaction.backend.jdbc.internal.JdbcResourceLocalTransactionCoordinatorImpl$TransactionDriverControlImpl.commit(JdbcResourceLocalTransactionCoordinatorImpl.java:267)
	at org.hibernate.engine.transaction.internal.TransactionImpl.commit(TransactionImpl.java:101)
	at org.frcpm.repositories.impl.JpaRepositoryImpl.delete(JpaRepositoryImpl.java:165)
	at org.frcpm.repositories.ComponentRepositoryTest.cleanupTestComponents(ComponentRepositoryTest.java:63)
	at org.frcpm.repositories.ComponentRepositoryTest.tearDown(ComponentRepositoryTest.java:35)
	at java.base/jdk.internal.reflect.DirectMethodHandleAccessor.invoke(DirectMethodHandleAccessor.java:103)
	at java.base/java.lang.reflect.Method.invoke(Method.java:580)
	at org.junit.platform.commons.util.ReflectionUtils.invokeMethod(ReflectionUtils.java:728)
	at org.junit.jupiter.engine.execution.MethodInvocation.proceed(MethodInvocation.java:60)
	at org.junit.jupiter.engine.execution.InvocationInterceptorChain$ValidatingInvocation.proceed(InvocationInterceptorChain.java:131)
	at org.junit.jupiter.engine.extension.TimeoutExtension.intercept(TimeoutExtension.java:156)
	at org.junit.jupiter.engine.extension.TimeoutExtension.interceptLifecycleMethod(TimeoutExtension.java:128)
	at org.junit.jupiter.engine.extension.TimeoutExtension.interceptAfterEachMethod(TimeoutExtension.java:110)
	at org.junit.jupiter.engine.execution.InterceptingExecutableInvoker$ReflectiveInterceptorCall.lambda$ofVoidMethod$0(InterceptingExecutableInvoker.java:103)
	at org.junit.jupiter.engine.execution.InterceptingExecutableInvoker.lambda$invoke$0(InterceptingExecutableInvoker.java:93)
	at org.junit.jupiter.engine.execution.InvocationInterceptorChain$InterceptedInvocation.proceed(InvocationInterceptorChain.java:106)
	at org.junit.jupiter.engine.execution.InvocationInterceptorChain.proceed(InvocationInterceptorChain.java:64)
	at org.junit.jupiter.engine.execution.InvocationInterceptorChain.chainAndInvoke(InvocationInterceptorChain.java:45)
	at org.junit.jupiter.engine.execution.InvocationInterceptorChain.invoke(InvocationInterceptorChain.java:37)
	at org.junit.jupiter.engine.execution.InterceptingExecutableInvoker.invoke(InterceptingExecutableInvoker.java:92)
	at org.junit.jupiter.engine.execution.InterceptingExecutableInvoker.invoke(InterceptingExecutableInvoker.java:86)
	at org.junit.jupiter.engine.descriptor.ClassBasedTestDescriptor.invokeMethodInExtensionContext(ClassBasedTestDescriptor.java:521)
	at org.junit.jupiter.engine.descriptor.ClassBasedTestDescriptor.lambda$synthesizeAfterEachMethodAdapter$24(ClassBasedTestDescriptor.java:511)
	at org.junit.jupiter.engine.descriptor.TestMethodTestDescriptor.lambda$invokeAfterEachMethods$10(TestMethodTestDescriptor.java:244)
	at org.junit.jupiter.engine.descriptor.TestMethodTestDescriptor.lambda$invokeAllAfterMethodsOrCallbacks$13(TestMethodTestDescriptor.java:277)
	at org.junit.platform.engine.support.hierarchical.ThrowableCollector.execute(ThrowableCollector.java:73)
	at org.junit.jupiter.engine.descriptor.TestMethodTestDescriptor.lambda$invokeAllAfterMethodsOrCallbacks$14(TestMethodTestDescriptor.java:277)
	at org.junit.platform.commons.util.CollectionUtils.forEachInReverseOrder(CollectionUtils.java:217)
	at org.junit.jupiter.engine.descriptor.TestMethodTestDescriptor.invokeAllAfterMethodsOrCallbacks(TestMethodTestDescriptor.java:276)
	at org.junit.jupiter.engine.descriptor.TestMethodTestDescriptor.invokeAfterEachMethods(TestMethodTestDescriptor.java:242)
	at org.junit.jupiter.engine.descriptor.TestMethodTestDescriptor.execute(TestMethodTestDescriptor.java:143)
	at org.junit.jupiter.engine.descriptor.TestMethodTestDescriptor.execute(TestMethodTestDescriptor.java:69)
	at org.junit.platform.engine.support.hierarchical.NodeTestTask.lambda$executeRecursively$6(NodeTestTask.java:151)
	at org.junit.platform.engine.support.hierarchical.ThrowableCollector.execute(ThrowableCollector.java:73)
	at org.junit.platform.engine.support.hierarchical.NodeTestTask.lambda$executeRecursively$8(NodeTestTask.java:141)
	at org.junit.platform.engine.support.hierarchical.Node.around(Node.java:137)
	at org.junit.platform.engine.support.hierarchical.NodeTestTask.lambda$executeRecursively$9(NodeTestTask.java:139)
	at org.junit.platform.engine.support.hierarchical.ThrowableCollector.execute(ThrowableCollector.java:73)
	at org.junit.platform.engine.support.hierarchical.NodeTestTask.executeRecursively(NodeTestTask.java:138)
	at org.junit.platform.engine.support.hierarchical.NodeTestTask.execute(NodeTestTask.java:95)
	at java.base/java.util.ArrayList.forEach(ArrayList.java:1596)
	at org.junit.platform.engine.support.hierarchical.SameThreadHierarchicalTestExecutorService.invokeAll(SameThreadHierarchicalTestExecutorService.java:41)
	at org.junit.platform.engine.support.hierarchical.NodeTestTask.lambda$executeRecursively$6(NodeTestTask.java:155)
	at org.junit.platform.engine.support.hierarchical.ThrowableCollector.execute(ThrowableCollector.java:73)
	at org.junit.platform.engine.support.hierarchical.NodeTestTask.lambda$executeRecursively$8(NodeTestTask.java:141)
	at org.junit.platform.engine.support.hierarchical.Node.around(Node.java:137)
	at org.junit.platform.engine.support.hierarchical.NodeTestTask.lambda$executeRecursively$9(NodeTestTask.java:139)
	at org.junit.platform.engine.support.hierarchical.ThrowableCollector.execute(ThrowableCollector.java:73)
	at org.junit.platform.engine.support.hierarchical.NodeTestTask.executeRecursively(NodeTestTask.java:138)
	at org.junit.platform.engine.support.hierarchical.NodeTestTask.execute(NodeTestTask.java:95)
	at java.base/java.util.ArrayList.forEach(ArrayList.java:1596)
	at org.junit.platform.engine.support.hierarchical.SameThreadHierarchicalTestExecutorService.invokeAll(SameThreadHierarchicalTestExecutorService.java:41)
	at org.junit.platform.engine.support.hierarchical.NodeTestTask.lambda$executeRecursively$6(NodeTestTask.java:155)
	at org.junit.platform.engine.support.hierarchical.ThrowableCollector.execute(ThrowableCollector.java:73)
	at org.junit.platform.engine.support.hierarchical.NodeTestTask.lambda$executeRecursively$8(NodeTestTask.java:141)
	at org.junit.platform.engine.support.hierarchical.Node.around(Node.java:137)
	at org.junit.platform.engine.support.hierarchical.NodeTestTask.lambda$executeRecursively$9(NodeTestTask.java:139)
	at org.junit.platform.engine.support.hierarchical.ThrowableCollector.execute(ThrowableCollector.java:73)
	at org.junit.platform.engine.support.hierarchical.NodeTestTask.executeRecursively(NodeTestTask.java:138)
	at org.junit.platform.engine.support.hierarchical.NodeTestTask.execute(NodeTestTask.java:95)
	at org.junit.platform.engine.support.hierarchical.SameThreadHierarchicalTestExecutorService.submit(SameThreadHierarchicalTestExecutorService.java:35)
	at org.junit.platform.engine.support.hierarchical.HierarchicalTestExecutor.execute(HierarchicalTestExecutor.java:57)
	at org.junit.platform.engine.support.hierarchical.HierarchicalTestEngine.execute(HierarchicalTestEngine.java:54)
	at org.junit.platform.launcher.core.EngineExecutionOrchestrator.execute(EngineExecutionOrchestrator.java:198)
	at org.junit.platform.launcher.core.EngineExecutionOrchestrator.execute(EngineExecutionOrchestrator.java:169)
	at org.junit.platform.launcher.core.EngineExecutionOrchestrator.execute(EngineExecutionOrchestrator.java:93)
	at org.junit.platform.launcher.core.EngineExecutionOrchestrator.lambda$execute$0(EngineExecutionOrchestrator.java:58)
	at org.junit.platform.launcher.core.EngineExecutionOrchestrator.withInterceptedStreams(EngineExecutionOrchestrator.java:141)
	at org.junit.platform.launcher.core.EngineExecutionOrchestrator.execute(EngineExecutionOrchestrator.java:57)
	at org.junit.platform.launcher.core.DefaultLauncher.execute(DefaultLauncher.java:103)
	at org.junit.platform.launcher.core.DefaultLauncher.execute(DefaultLauncher.java:85)
	at org.junit.platform.launcher.core.DelegatingLauncher.execute(DelegatingLauncher.java:47)
	at org.apache.maven.surefire.junitplatform.LazyLauncher.execute(LazyLauncher.java:56)
	at org.apache.maven.surefire.junitplatform.JUnitPlatformProvider.execute(JUnitPlatformProvider.java:184)
	at org.apache.maven.surefire.junitplatform.JUnitPlatformProvider.invokeAllTests(JUnitPlatformProvider.java:148)
	at org.apache.maven.surefire.junitplatform.JUnitPlatformProvider.invoke(JUnitPlatformProvider.java:122)
	at org.apache.maven.surefire.booter.ForkedBooter.runSuitesInProcess(ForkedBooter.java:385)
	at org.apache.maven.surefire.booter.ForkedBooter.execute(ForkedBooter.java:162)
	at org.apache.maven.surefire.booter.ForkedBooter.run(ForkedBooter.java:507)
	at org.apache.maven.surefire.booter.ForkedBooter.main(ForkedBooter.java:495)
10:24:18.196 [main] WARN org.hibernate.engine.jdbc.spi.SqlExceptionHelper - SQL Error: 23503, SQLState: 23503
10:24:18.196 [main] ERROR org.hibernate.engine.jdbc.spi.SqlExceptionHelper - Referential integrity constraint violation: "FK5IRPAISPCX79XWY6N1QOMAXNV: PUBLIC.TASK_COMPONENTS FOREIGN KEY(COMPONENT_ID) REFERENCES PUBLIC.COMPONENTS(ID) (CAST(55 AS BIGINT))"; SQL statement:
delete from components where id=? [23503-224]
10:24:18.196 [main] DEBUG org.hibernate.orm.jdbc.batch - PreparedStatementDetails did not contain PreparedStatement on #releaseStatements : delete from components where id=?
10:24:18.196 [main] DEBUG org.hibernate.orm.jdbc.batch - PreparedStatementDetails did not contain PreparedStatement on #releaseStatements : delete from components where id=?
10:24:18.197 [main] DEBUG org.hibernate.resource.transaction.backend.jdbc.internal.JdbcResourceLocalTransactionCoordinatorImpl - JDBC transaction marked for rollback-only (exception provided for stack trace)
java.lang.Exception: exception just for purpose of providing stack trace
	at org.hibernate.resource.transaction.backend.jdbc.internal.JdbcResourceLocalTransactionCoordinatorImpl$TransactionDriverControlImpl.markRollbackOnly(JdbcResourceLocalTransactionCoordinatorImpl.java:309)
	at org.hibernate.engine.transaction.internal.TransactionImpl.markRollbackOnly(TransactionImpl.java:203)
	at org.hibernate.internal.AbstractSharedSessionContract.markForRollbackOnly(AbstractSharedSessionContract.java:512)
	at org.hibernate.internal.ExceptionConverterImpl.rollbackIfNecessary(ExceptionConverterImpl.java:264)
	at org.hibernate.internal.ExceptionConverterImpl.convert(ExceptionConverterImpl.java:160)
	at org.hibernate.internal.ExceptionConverterImpl.convert(ExceptionConverterImpl.java:167)
	at org.hibernate.internal.ExceptionConverterImpl.convert(ExceptionConverterImpl.java:173)
	at org.hibernate.internal.SessionImpl.doFlush(SessionImpl.java:1429)
	at org.hibernate.internal.SessionImpl.managedFlush(SessionImpl.java:487)
	at org.hibernate.internal.SessionImpl.flushBeforeTransactionCompletion(SessionImpl.java:2324)
	at org.hibernate.internal.SessionImpl.beforeTransactionCompletion(SessionImpl.java:1981)
	at org.hibernate.engine.jdbc.internal.JdbcCoordinatorImpl.beforeTransactionCompletion(JdbcCoordinatorImpl.java:439)
	at org.hibernate.resource.transaction.backend.jdbc.internal.JdbcResourceLocalTransactionCoordinatorImpl.beforeCompletionCallback(JdbcResourceLocalTransactionCoordinatorImpl.java:169)
	at org.hibernate.resource.transaction.backend.jdbc.internal.JdbcResourceLocalTransactionCoordinatorImpl$TransactionDriverControlImpl.commit(JdbcResourceLocalTransactionCoordinatorImpl.java:267)
	at org.hibernate.engine.transaction.internal.TransactionImpl.commit(TransactionImpl.java:101)
	at org.frcpm.repositories.impl.JpaRepositoryImpl.delete(JpaRepositoryImpl.java:165)
	at org.frcpm.repositories.ComponentRepositoryTest.cleanupTestComponents(ComponentRepositoryTest.java:63)
	at org.frcpm.repositories.ComponentRepositoryTest.tearDown(ComponentRepositoryTest.java:35)
	at java.base/jdk.internal.reflect.DirectMethodHandleAccessor.invoke(DirectMethodHandleAccessor.java:103)
	at java.base/java.lang.reflect.Method.invoke(Method.java:580)
	at org.junit.platform.commons.util.ReflectionUtils.invokeMethod(ReflectionUtils.java:728)
	at org.junit.jupiter.engine.execution.MethodInvocation.proceed(MethodInvocation.java:60)
	at org.junit.jupiter.engine.execution.InvocationInterceptorChain$ValidatingInvocation.proceed(InvocationInterceptorChain.java:131)
	at org.junit.jupiter.engine.extension.TimeoutExtension.intercept(TimeoutExtension.java:156)
	at org.junit.jupiter.engine.extension.TimeoutExtension.interceptLifecycleMethod(TimeoutExtension.java:128)
	at org.junit.jupiter.engine.extension.TimeoutExtension.interceptAfterEachMethod(TimeoutExtension.java:110)
	at org.junit.jupiter.engine.execution.InterceptingExecutableInvoker$ReflectiveInterceptorCall.lambda$ofVoidMethod$0(InterceptingExecutableInvoker.java:103)
	at org.junit.jupiter.engine.execution.InterceptingExecutableInvoker.lambda$invoke$0(InterceptingExecutableInvoker.java:93)
	at org.junit.jupiter.engine.execution.InvocationInterceptorChain$InterceptedInvocation.proceed(InvocationInterceptorChain.java:106)
	at org.junit.jupiter.engine.execution.InvocationInterceptorChain.proceed(InvocationInterceptorChain.java:64)
	at org.junit.jupiter.engine.execution.InvocationInterceptorChain.chainAndInvoke(InvocationInterceptorChain.java:45)
	at org.junit.jupiter.engine.execution.InvocationInterceptorChain.invoke(InvocationInterceptorChain.java:37)
	at org.junit.jupiter.engine.execution.InterceptingExecutableInvoker.invoke(InterceptingExecutableInvoker.java:92)
	at org.junit.jupiter.engine.execution.InterceptingExecutableInvoker.invoke(InterceptingExecutableInvoker.java:86)
	at org.junit.jupiter.engine.descriptor.ClassBasedTestDescriptor.invokeMethodInExtensionContext(ClassBasedTestDescriptor.java:521)
	at org.junit.jupiter.engine.descriptor.ClassBasedTestDescriptor.lambda$synthesizeAfterEachMethodAdapter$24(ClassBasedTestDescriptor.java:511)
	at org.junit.jupiter.engine.descriptor.TestMethodTestDescriptor.lambda$invokeAfterEachMethods$10(TestMethodTestDescriptor.java:244)
	at org.junit.jupiter.engine.descriptor.TestMethodTestDescriptor.lambda$invokeAllAfterMethodsOrCallbacks$13(TestMethodTestDescriptor.java:277)
	at org.junit.platform.engine.support.hierarchical.ThrowableCollector.execute(ThrowableCollector.java:73)
	at org.junit.jupiter.engine.descriptor.TestMethodTestDescriptor.lambda$invokeAllAfterMethodsOrCallbacks$14(TestMethodTestDescriptor.java:277)
	at org.junit.platform.commons.util.CollectionUtils.forEachInReverseOrder(CollectionUtils.java:217)
	at org.junit.jupiter.engine.descriptor.TestMethodTestDescriptor.invokeAllAfterMethodsOrCallbacks(TestMethodTestDescriptor.java:276)
	at org.junit.jupiter.engine.descriptor.TestMethodTestDescriptor.invokeAfterEachMethods(TestMethodTestDescriptor.java:242)
	at org.junit.jupiter.engine.descriptor.TestMethodTestDescriptor.execute(TestMethodTestDescriptor.java:143)
	at org.junit.jupiter.engine.descriptor.TestMethodTestDescriptor.execute(TestMethodTestDescriptor.java:69)
	at org.junit.platform.engine.support.hierarchical.NodeTestTask.lambda$executeRecursively$6(NodeTestTask.java:151)
	at org.junit.platform.engine.support.hierarchical.ThrowableCollector.execute(ThrowableCollector.java:73)
	at org.junit.platform.engine.support.hierarchical.NodeTestTask.lambda$executeRecursively$8(NodeTestTask.java:141)
	at org.junit.platform.engine.support.hierarchical.Node.around(Node.java:137)
	at org.junit.platform.engine.support.hierarchical.NodeTestTask.lambda$executeRecursively$9(NodeTestTask.java:139)
	at org.junit.platform.engine.support.hierarchical.ThrowableCollector.execute(ThrowableCollector.java:73)
	at org.junit.platform.engine.support.hierarchical.NodeTestTask.executeRecursively(NodeTestTask.java:138)
	at org.junit.platform.engine.support.hierarchical.NodeTestTask.execute(NodeTestTask.java:95)
	at java.base/java.util.ArrayList.forEach(ArrayList.java:1596)
	at org.junit.platform.engine.support.hierarchical.SameThreadHierarchicalTestExecutorService.invokeAll(SameThreadHierarchicalTestExecutorService.java:41)
	at org.junit.platform.engine.support.hierarchical.NodeTestTask.lambda$executeRecursively$6(NodeTestTask.java:155)
	at org.junit.platform.engine.support.hierarchical.ThrowableCollector.execute(ThrowableCollector.java:73)
	at org.junit.platform.engine.support.hierarchical.NodeTestTask.lambda$executeRecursively$8(NodeTestTask.java:141)
	at org.junit.platform.engine.support.hierarchical.Node.around(Node.java:137)
	at org.junit.platform.engine.support.hierarchical.NodeTestTask.lambda$executeRecursively$9(NodeTestTask.java:139)
	at org.junit.platform.engine.support.hierarchical.ThrowableCollector.execute(ThrowableCollector.java:73)
	at org.junit.platform.engine.support.hierarchical.NodeTestTask.executeRecursively(NodeTestTask.java:138)
	at org.junit.platform.engine.support.hierarchical.NodeTestTask.execute(NodeTestTask.java:95)
	at java.base/java.util.ArrayList.forEach(ArrayList.java:1596)
	at org.junit.platform.engine.support.hierarchical.SameThreadHierarchicalTestExecutorService.invokeAll(SameThreadHierarchicalTestExecutorService.java:41)
	at org.junit.platform.engine.support.hierarchical.NodeTestTask.lambda$executeRecursively$6(NodeTestTask.java:155)
	at org.junit.platform.engine.support.hierarchical.ThrowableCollector.execute(ThrowableCollector.java:73)
	at org.junit.platform.engine.support.hierarchical.NodeTestTask.lambda$executeRecursively$8(NodeTestTask.java:141)
	at org.junit.platform.engine.support.hierarchical.Node.around(Node.java:137)
	at org.junit.platform.engine.support.hierarchical.NodeTestTask.lambda$executeRecursively$9(NodeTestTask.java:139)
	at org.junit.platform.engine.support.hierarchical.ThrowableCollector.execute(ThrowableCollector.java:73)
	at org.junit.platform.engine.support.hierarchical.NodeTestTask.executeRecursively(NodeTestTask.java:138)
	at org.junit.platform.engine.support.hierarchical.NodeTestTask.execute(NodeTestTask.java:95)
	at org.junit.platform.engine.support.hierarchical.SameThreadHierarchicalTestExecutorService.submit(SameThreadHierarchicalTestExecutorService.java:35)
	at org.junit.platform.engine.support.hierarchical.HierarchicalTestExecutor.execute(HierarchicalTestExecutor.java:57)
	at org.junit.platform.engine.support.hierarchical.HierarchicalTestEngine.execute(HierarchicalTestEngine.java:54)
	at org.junit.platform.launcher.core.EngineExecutionOrchestrator.execute(EngineExecutionOrchestrator.java:198)
	at org.junit.platform.launcher.core.EngineExecutionOrchestrator.execute(EngineExecutionOrchestrator.java:169)
	at org.junit.platform.launcher.core.EngineExecutionOrchestrator.execute(EngineExecutionOrchestrator.java:93)
	at org.junit.platform.launcher.core.EngineExecutionOrchestrator.lambda$execute$0(EngineExecutionOrchestrator.java:58)
	at org.junit.platform.launcher.core.EngineExecutionOrchestrator.withInterceptedStreams(EngineExecutionOrchestrator.java:141)
	at org.junit.platform.launcher.core.EngineExecutionOrchestrator.execute(EngineExecutionOrchestrator.java:57)
	at org.junit.platform.launcher.core.DefaultLauncher.execute(DefaultLauncher.java:103)
	at org.junit.platform.launcher.core.DefaultLauncher.execute(DefaultLauncher.java:85)
	at org.junit.platform.launcher.core.DelegatingLauncher.execute(DelegatingLauncher.java:47)
	at org.apache.maven.surefire.junitplatform.LazyLauncher.execute(LazyLauncher.java:56)
	at org.apache.maven.surefire.junitplatform.JUnitPlatformProvider.execute(JUnitPlatformProvider.java:184)
	at org.apache.maven.surefire.junitplatform.JUnitPlatformProvider.invokeAllTests(JUnitPlatformProvider.java:148)
	at org.apache.maven.surefire.junitplatform.JUnitPlatformProvider.invoke(JUnitPlatformProvider.java:122)
	at org.apache.maven.surefire.booter.ForkedBooter.runSuitesInProcess(ForkedBooter.java:385)
	at org.apache.maven.surefire.booter.ForkedBooter.execute(ForkedBooter.java:162)
	at org.apache.maven.surefire.booter.ForkedBooter.run(ForkedBooter.java:507)
	at org.apache.maven.surefire.booter.ForkedBooter.main(ForkedBooter.java:495)
10:24:18.197 [main] DEBUG org.hibernate.resource.transaction.backend.jdbc.internal.JdbcResourceLocalTransactionCoordinatorImpl - JDBC transaction marked for rollback-only (exception provided for stack trace)
java.lang.Exception: exception just for purpose of providing stack trace
	at org.hibernate.resource.transaction.backend.jdbc.internal.JdbcResourceLocalTransactionCoordinatorImpl$TransactionDriverControlImpl.markRollbackOnly(JdbcResourceLocalTransactionCoordinatorImpl.java:309)
	at org.hibernate.resource.transaction.backend.jdbc.internal.JdbcResourceLocalTransactionCoordinatorImpl.beforeCompletionCallback(JdbcResourceLocalTransactionCoordinatorImpl.java:178)
	at org.hibernate.resource.transaction.backend.jdbc.internal.JdbcResourceLocalTransactionCoordinatorImpl$TransactionDriverControlImpl.commit(JdbcResourceLocalTransactionCoordinatorImpl.java:267)
	at org.hibernate.engine.transaction.internal.TransactionImpl.commit(TransactionImpl.java:101)
	at org.frcpm.repositories.impl.JpaRepositoryImpl.delete(JpaRepositoryImpl.java:165)
	at org.frcpm.repositories.ComponentRepositoryTest.cleanupTestComponents(ComponentRepositoryTest.java:63)
	at org.frcpm.repositories.ComponentRepositoryTest.tearDown(ComponentRepositoryTest.java:35)
	at java.base/jdk.internal.reflect.DirectMethodHandleAccessor.invoke(DirectMethodHandleAccessor.java:103)
	at java.base/java.lang.reflect.Method.invoke(Method.java:580)
	at org.junit.platform.commons.util.ReflectionUtils.invokeMethod(ReflectionUtils.java:728)
	at org.junit.jupiter.engine.execution.MethodInvocation.proceed(MethodInvocation.java:60)
	at org.junit.jupiter.engine.execution.InvocationInterceptorChain$ValidatingInvocation.proceed(InvocationInterceptorChain.java:131)
	at org.junit.jupiter.engine.extension.TimeoutExtension.intercept(TimeoutExtension.java:156)
	at org.junit.jupiter.engine.extension.TimeoutExtension.interceptLifecycleMethod(TimeoutExtension.java:128)
	at org.junit.jupiter.engine.extension.TimeoutExtension.interceptAfterEachMethod(TimeoutExtension.java:110)
	at org.junit.jupiter.engine.execution.InterceptingExecutableInvoker$ReflectiveInterceptorCall.lambda$ofVoidMethod$0(InterceptingExecutableInvoker.java:103)
	at org.junit.jupiter.engine.execution.InterceptingExecutableInvoker.lambda$invoke$0(InterceptingExecutableInvoker.java:93)
	at org.junit.jupiter.engine.execution.InvocationInterceptorChain$InterceptedInvocation.proceed(InvocationInterceptorChain.java:106)
	at org.junit.jupiter.engine.execution.InvocationInterceptorChain.proceed(InvocationInterceptorChain.java:64)
	at org.junit.jupiter.engine.execution.InvocationInterceptorChain.chainAndInvoke(InvocationInterceptorChain.java:45)
	at org.junit.jupiter.engine.execution.InvocationInterceptorChain.invoke(InvocationInterceptorChain.java:37)
	at org.junit.jupiter.engine.execution.InterceptingExecutableInvoker.invoke(InterceptingExecutableInvoker.java:92)
	at org.junit.jupiter.engine.execution.InterceptingExecutableInvoker.invoke(InterceptingExecutableInvoker.java:86)
	at org.junit.jupiter.engine.descriptor.ClassBasedTestDescriptor.invokeMethodInExtensionContext(ClassBasedTestDescriptor.java:521)
	at org.junit.jupiter.engine.descriptor.ClassBasedTestDescriptor.lambda$synthesizeAfterEachMethodAdapter$24(ClassBasedTestDescriptor.java:511)
	at org.junit.jupiter.engine.descriptor.TestMethodTestDescriptor.lambda$invokeAfterEachMethods$10(TestMethodTestDescriptor.java:244)
	at org.junit.jupiter.engine.descriptor.TestMethodTestDescriptor.lambda$invokeAllAfterMethodsOrCallbacks$13(TestMethodTestDescriptor.java:277)
	at org.junit.platform.engine.support.hierarchical.ThrowableCollector.execute(ThrowableCollector.java:73)
	at org.junit.jupiter.engine.descriptor.TestMethodTestDescriptor.lambda$invokeAllAfterMethodsOrCallbacks$14(TestMethodTestDescriptor.java:277)
	at org.junit.platform.commons.util.CollectionUtils.forEachInReverseOrder(CollectionUtils.java:217)
	at org.junit.jupiter.engine.descriptor.TestMethodTestDescriptor.invokeAllAfterMethodsOrCallbacks(TestMethodTestDescriptor.java:276)
	at org.junit.jupiter.engine.descriptor.TestMethodTestDescriptor.invokeAfterEachMethods(TestMethodTestDescriptor.java:242)
	at org.junit.jupiter.engine.descriptor.TestMethodTestDescriptor.execute(TestMethodTestDescriptor.java:143)
	at org.junit.jupiter.engine.descriptor.TestMethodTestDescriptor.execute(TestMethodTestDescriptor.java:69)
	at org.junit.platform.engine.support.hierarchical.NodeTestTask.lambda$executeRecursively$6(NodeTestTask.java:151)
	at org.junit.platform.engine.support.hierarchical.ThrowableCollector.execute(ThrowableCollector.java:73)
	at org.junit.platform.engine.support.hierarchical.NodeTestTask.lambda$executeRecursively$8(NodeTestTask.java:141)
	at org.junit.platform.engine.support.hierarchical.Node.around(Node.java:137)
	at org.junit.platform.engine.support.hierarchical.NodeTestTask.lambda$executeRecursively$9(NodeTestTask.java:139)
	at org.junit.platform.engine.support.hierarchical.ThrowableCollector.execute(ThrowableCollector.java:73)
	at org.junit.platform.engine.support.hierarchical.NodeTestTask.executeRecursively(NodeTestTask.java:138)
	at org.junit.platform.engine.support.hierarchical.NodeTestTask.execute(NodeTestTask.java:95)
	at java.base/java.util.ArrayList.forEach(ArrayList.java:1596)
	at org.junit.platform.engine.support.hierarchical.SameThreadHierarchicalTestExecutorService.invokeAll(SameThreadHierarchicalTestExecutorService.java:41)
	at org.junit.platform.engine.support.hierarchical.NodeTestTask.lambda$executeRecursively$6(NodeTestTask.java:155)
	at org.junit.platform.engine.support.hierarchical.ThrowableCollector.execute(ThrowableCollector.java:73)
	at org.junit.platform.engine.support.hierarchical.NodeTestTask.lambda$executeRecursively$8(NodeTestTask.java:141)
	at org.junit.platform.engine.support.hierarchical.Node.around(Node.java:137)
	at org.junit.platform.engine.support.hierarchical.NodeTestTask.lambda$executeRecursively$9(NodeTestTask.java:139)
	at org.junit.platform.engine.support.hierarchical.ThrowableCollector.execute(ThrowableCollector.java:73)
	at org.junit.platform.engine.support.hierarchical.NodeTestTask.executeRecursively(NodeTestTask.java:138)
	at org.junit.platform.engine.support.hierarchical.NodeTestTask.execute(NodeTestTask.java:95)
	at java.base/java.util.ArrayList.forEach(ArrayList.java:1596)
	at org.junit.platform.engine.support.hierarchical.SameThreadHierarchicalTestExecutorService.invokeAll(SameThreadHierarchicalTestExecutorService.java:41)
	at org.junit.platform.engine.support.hierarchical.NodeTestTask.lambda$executeRecursively$6(NodeTestTask.java:155)
	at org.junit.platform.engine.support.hierarchical.ThrowableCollector.execute(ThrowableCollector.java:73)
	at org.junit.platform.engine.support.hierarchical.NodeTestTask.lambda$executeRecursively$8(NodeTestTask.java:141)
	at org.junit.platform.engine.support.hierarchical.Node.around(Node.java:137)
	at org.junit.platform.engine.support.hierarchical.NodeTestTask.lambda$executeRecursively$9(NodeTestTask.java:139)
	at org.junit.platform.engine.support.hierarchical.ThrowableCollector.execute(ThrowableCollector.java:73)
	at org.junit.platform.engine.support.hierarchical.NodeTestTask.executeRecursively(NodeTestTask.java:138)
	at org.junit.platform.engine.support.hierarchical.NodeTestTask.execute(NodeTestTask.java:95)
	at org.junit.platform.engine.support.hierarchical.SameThreadHierarchicalTestExecutorService.submit(SameThreadHierarchicalTestExecutorService.java:35)
	at org.junit.platform.engine.support.hierarchical.HierarchicalTestExecutor.execute(HierarchicalTestExecutor.java:57)
	at org.junit.platform.engine.support.hierarchical.HierarchicalTestEngine.execute(HierarchicalTestEngine.java:54)
	at org.junit.platform.launcher.core.EngineExecutionOrchestrator.execute(EngineExecutionOrchestrator.java:198)
	at org.junit.platform.launcher.core.EngineExecutionOrchestrator.execute(EngineExecutionOrchestrator.java:169)
	at org.junit.platform.launcher.core.EngineExecutionOrchestrator.execute(EngineExecutionOrchestrator.java:93)
	at org.junit.platform.launcher.core.EngineExecutionOrchestrator.lambda$execute$0(EngineExecutionOrchestrator.java:58)
	at org.junit.platform.launcher.core.EngineExecutionOrchestrator.withInterceptedStreams(EngineExecutionOrchestrator.java:141)
	at org.junit.platform.launcher.core.EngineExecutionOrchestrator.execute(EngineExecutionOrchestrator.java:57)
	at org.junit.platform.launcher.core.DefaultLauncher.execute(DefaultLauncher.java:103)
	at org.junit.platform.launcher.core.DefaultLauncher.execute(DefaultLauncher.java:85)
	at org.junit.platform.launcher.core.DelegatingLauncher.execute(DelegatingLauncher.java:47)
	at org.apache.maven.surefire.junitplatform.LazyLauncher.execute(LazyLauncher.java:56)
	at org.apache.maven.surefire.junitplatform.JUnitPlatformProvider.execute(JUnitPlatformProvider.java:184)
	at org.apache.maven.surefire.junitplatform.JUnitPlatformProvider.invokeAllTests(JUnitPlatformProvider.java:148)
	at org.apache.maven.surefire.junitplatform.JUnitPlatformProvider.invoke(JUnitPlatformProvider.java:122)
	at org.apache.maven.surefire.booter.ForkedBooter.runSuitesInProcess(ForkedBooter.java:385)
	at org.apache.maven.surefire.booter.ForkedBooter.execute(ForkedBooter.java:162)
	at org.apache.maven.surefire.booter.ForkedBooter.run(ForkedBooter.java:507)
	at org.apache.maven.surefire.booter.ForkedBooter.main(ForkedBooter.java:495)
10:24:18.198 [main] DEBUG org.hibernate.orm.jdbc.batch - PreparedStatementDetails did not contain PreparedStatement on #releaseStatements : delete from components where id=?
10:24:18.198 [main] DEBUG org.hibernate.resource.jdbc.internal.LogicalConnectionManagedImpl - Initiating JDBC connection release from afterTransaction
10:24:18.198 [main] DEBUG org.hibernate.orm.jdbc.batch - PreparedStatementDetails did not contain PreparedStatement on #releaseStatements : delete from components where id=?
10:24:18.198 [main] DEBUG org.hibernate.orm.jdbc.batch - PreparedStatementDetails did not contain PreparedStatement on #releaseStatements : delete from components where id=?
10:24:18.198 [main] DEBUG org.hibernate.resource.jdbc.internal.LogicalConnectionManagedImpl - Initiating JDBC connection release from afterTransaction
10:24:18.198 [main] DEBUG org.hibernate.engine.transaction.internal.TransactionImpl - rollback() called on an inactive transaction
10:24:18.199 [main] DEBUG org.hibernate.engine.jdbc.internal.JdbcCoordinatorImpl - HHH000420: Closing un-released batch
10:24:18.199 [main] DEBUG org.hibernate.orm.jdbc.batch - PreparedStatementDetails did not contain PreparedStatement on #releaseStatements : delete from components where id=?
10:24:18.199 [main] DEBUG org.hibernate.orm.jdbc.batch - PreparedStatementDetails did not contain PreparedStatement on #releaseStatements : delete from components where id=?
]]></system-out>
    <system-err><![CDATA[Apr 25, 2025 10:24:18 AM org.frcpm.repositories.impl.JpaRepositoryImpl delete
SEVERE: Error deleting entity
jakarta.persistence.RollbackException: Error while committing the transaction
	at org.hibernate.internal.ExceptionConverterImpl.convertCommitException(ExceptionConverterImpl.java:67)
	at org.hibernate.engine.transaction.internal.TransactionImpl.commit(TransactionImpl.java:104)
	at org.frcpm.repositories.impl.JpaRepositoryImpl.delete(JpaRepositoryImpl.java:165)
	at org.frcpm.repositories.ComponentRepositoryTest.cleanupTestComponents(ComponentRepositoryTest.java:63)
	at org.frcpm.repositories.ComponentRepositoryTest.tearDown(ComponentRepositoryTest.java:35)
	at java.base/jdk.internal.reflect.DirectMethodHandleAccessor.invoke(DirectMethodHandleAccessor.java:103)
	at java.base/java.lang.reflect.Method.invoke(Method.java:580)
	at org.junit.platform.commons.util.ReflectionUtils.invokeMethod(ReflectionUtils.java:728)
	at org.junit.jupiter.engine.execution.MethodInvocation.proceed(MethodInvocation.java:60)
	at org.junit.jupiter.engine.execution.InvocationInterceptorChain$ValidatingInvocation.proceed(InvocationInterceptorChain.java:131)
	at org.junit.jupiter.engine.extension.TimeoutExtension.intercept(TimeoutExtension.java:156)
	at org.junit.jupiter.engine.extension.TimeoutExtension.interceptLifecycleMethod(TimeoutExtension.java:128)
	at org.junit.jupiter.engine.extension.TimeoutExtension.interceptAfterEachMethod(TimeoutExtension.java:110)
	at org.junit.jupiter.engine.execution.InterceptingExecutableInvoker$ReflectiveInterceptorCall.lambda$ofVoidMethod$0(InterceptingExecutableInvoker.java:103)
	at org.junit.jupiter.engine.execution.InterceptingExecutableInvoker.lambda$invoke$0(InterceptingExecutableInvoker.java:93)
	at org.junit.jupiter.engine.execution.InvocationInterceptorChain$InterceptedInvocation.proceed(InvocationInterceptorChain.java:106)
	at org.junit.jupiter.engine.execution.InvocationInterceptorChain.proceed(InvocationInterceptorChain.java:64)
	at org.junit.jupiter.engine.execution.InvocationInterceptorChain.chainAndInvoke(InvocationInterceptorChain.java:45)
	at org.junit.jupiter.engine.execution.InvocationInterceptorChain.invoke(InvocationInterceptorChain.java:37)
	at org.junit.jupiter.engine.execution.InterceptingExecutableInvoker.invoke(InterceptingExecutableInvoker.java:92)
	at org.junit.jupiter.engine.execution.InterceptingExecutableInvoker.invoke(InterceptingExecutableInvoker.java:86)
	at org.junit.jupiter.engine.descriptor.ClassBasedTestDescriptor.invokeMethodInExtensionContext(ClassBasedTestDescriptor.java:521)
	at org.junit.jupiter.engine.descriptor.ClassBasedTestDescriptor.lambda$synthesizeAfterEachMethodAdapter$24(ClassBasedTestDescriptor.java:511)
	at org.junit.jupiter.engine.descriptor.TestMethodTestDescriptor.lambda$invokeAfterEachMethods$10(TestMethodTestDescriptor.java:244)
	at org.junit.jupiter.engine.descriptor.TestMethodTestDescriptor.lambda$invokeAllAfterMethodsOrCallbacks$13(TestMethodTestDescriptor.java:277)
	at org.junit.platform.engine.support.hierarchical.ThrowableCollector.execute(ThrowableCollector.java:73)
	at org.junit.jupiter.engine.descriptor.TestMethodTestDescriptor.lambda$invokeAllAfterMethodsOrCallbacks$14(TestMethodTestDescriptor.java:277)
	at org.junit.platform.commons.util.CollectionUtils.forEachInReverseOrder(CollectionUtils.java:217)
	at org.junit.jupiter.engine.descriptor.TestMethodTestDescriptor.invokeAllAfterMethodsOrCallbacks(TestMethodTestDescriptor.java:276)
	at org.junit.jupiter.engine.descriptor.TestMethodTestDescriptor.invokeAfterEachMethods(TestMethodTestDescriptor.java:242)
	at org.junit.jupiter.engine.descriptor.TestMethodTestDescriptor.execute(TestMethodTestDescriptor.java:143)
	at org.junit.jupiter.engine.descriptor.TestMethodTestDescriptor.execute(TestMethodTestDescriptor.java:69)
	at org.junit.platform.engine.support.hierarchical.NodeTestTask.lambda$executeRecursively$6(NodeTestTask.java:151)
	at org.junit.platform.engine.support.hierarchical.ThrowableCollector.execute(ThrowableCollector.java:73)
	at org.junit.platform.engine.support.hierarchical.NodeTestTask.lambda$executeRecursively$8(NodeTestTask.java:141)
	at org.junit.platform.engine.support.hierarchical.Node.around(Node.java:137)
	at org.junit.platform.engine.support.hierarchical.NodeTestTask.lambda$executeRecursively$9(NodeTestTask.java:139)
	at org.junit.platform.engine.support.hierarchical.ThrowableCollector.execute(ThrowableCollector.java:73)
	at org.junit.platform.engine.support.hierarchical.NodeTestTask.executeRecursively(NodeTestTask.java:138)
	at org.junit.platform.engine.support.hierarchical.NodeTestTask.execute(NodeTestTask.java:95)
	at java.base/java.util.ArrayList.forEach(ArrayList.java:1596)
	at org.junit.platform.engine.support.hierarchical.SameThreadHierarchicalTestExecutorService.invokeAll(SameThreadHierarchicalTestExecutorService.java:41)
	at org.junit.platform.engine.support.hierarchical.NodeTestTask.lambda$executeRecursively$6(NodeTestTask.java:155)
	at org.junit.platform.engine.support.hierarchical.ThrowableCollector.execute(ThrowableCollector.java:73)
	at org.junit.platform.engine.support.hierarchical.NodeTestTask.lambda$executeRecursively$8(NodeTestTask.java:141)
	at org.junit.platform.engine.support.hierarchical.Node.around(Node.java:137)
	at org.junit.platform.engine.support.hierarchical.NodeTestTask.lambda$executeRecursively$9(NodeTestTask.java:139)
	at org.junit.platform.engine.support.hierarchical.ThrowableCollector.execute(ThrowableCollector.java:73)
	at org.junit.platform.engine.support.hierarchical.NodeTestTask.executeRecursively(NodeTestTask.java:138)
	at org.junit.platform.engine.support.hierarchical.NodeTestTask.execute(NodeTestTask.java:95)
	at java.base/java.util.ArrayList.forEach(ArrayList.java:1596)
	at org.junit.platform.engine.support.hierarchical.SameThreadHierarchicalTestExecutorService.invokeAll(SameThreadHierarchicalTestExecutorService.java:41)
	at org.junit.platform.engine.support.hierarchical.NodeTestTask.lambda$executeRecursively$6(NodeTestTask.java:155)
	at org.junit.platform.engine.support.hierarchical.ThrowableCollector.execute(ThrowableCollector.java:73)
	at org.junit.platform.engine.support.hierarchical.NodeTestTask.lambda$executeRecursively$8(NodeTestTask.java:141)
	at org.junit.platform.engine.support.hierarchical.Node.around(Node.java:137)
	at org.junit.platform.engine.support.hierarchical.NodeTestTask.lambda$executeRecursively$9(NodeTestTask.java:139)
	at org.junit.platform.engine.support.hierarchical.ThrowableCollector.execute(ThrowableCollector.java:73)
	at org.junit.platform.engine.support.hierarchical.NodeTestTask.executeRecursively(NodeTestTask.java:138)
	at org.junit.platform.engine.support.hierarchical.NodeTestTask.execute(NodeTestTask.java:95)
	at org.junit.platform.engine.support.hierarchical.SameThreadHierarchicalTestExecutorService.submit(SameThreadHierarchicalTestExecutorService.java:35)
	at org.junit.platform.engine.support.hierarchical.HierarchicalTestExecutor.execute(HierarchicalTestExecutor.java:57)
	at org.junit.platform.engine.support.hierarchical.HierarchicalTestEngine.execute(HierarchicalTestEngine.java:54)
	at org.junit.platform.launcher.core.EngineExecutionOrchestrator.execute(EngineExecutionOrchestrator.java:198)
	at org.junit.platform.launcher.core.EngineExecutionOrchestrator.execute(EngineExecutionOrchestrator.java:169)
	at org.junit.platform.launcher.core.EngineExecutionOrchestrator.execute(EngineExecutionOrchestrator.java:93)
	at org.junit.platform.launcher.core.EngineExecutionOrchestrator.lambda$execute$0(EngineExecutionOrchestrator.java:58)
	at org.junit.platform.launcher.core.EngineExecutionOrchestrator.withInterceptedStreams(EngineExecutionOrchestrator.java:141)
	at org.junit.platform.launcher.core.EngineExecutionOrchestrator.execute(EngineExecutionOrchestrator.java:57)
	at org.junit.platform.launcher.core.DefaultLauncher.execute(DefaultLauncher.java:103)
	at org.junit.platform.launcher.core.DefaultLauncher.execute(DefaultLauncher.java:85)
	at org.junit.platform.launcher.core.DelegatingLauncher.execute(DelegatingLauncher.java:47)
	at org.apache.maven.surefire.junitplatform.LazyLauncher.execute(LazyLauncher.java:56)
	at org.apache.maven.surefire.junitplatform.JUnitPlatformProvider.execute(JUnitPlatformProvider.java:184)
	at org.apache.maven.surefire.junitplatform.JUnitPlatformProvider.invokeAllTests(JUnitPlatformProvider.java:148)
	at org.apache.maven.surefire.junitplatform.JUnitPlatformProvider.invoke(JUnitPlatformProvider.java:122)
	at org.apache.maven.surefire.booter.ForkedBooter.runSuitesInProcess(ForkedBooter.java:385)
	at org.apache.maven.surefire.booter.ForkedBooter.execute(ForkedBooter.java:162)
	at org.apache.maven.surefire.booter.ForkedBooter.run(ForkedBooter.java:507)
	at org.apache.maven.surefire.booter.ForkedBooter.main(ForkedBooter.java:495)
Caused by: org.hibernate.exception.ConstraintViolationException: could not execute batch [Referential integrity constraint violation: "FK5IRPAISPCX79XWY6N1QOMAXNV: PUBLIC.TASK_COMPONENTS FOREIGN KEY(COMPONENT_ID) REFERENCES PUBLIC.COMPONENTS(ID) (CAST(55 AS BIGINT))"; SQL statement:
delete from components where id=? [23503-224]] [delete from components where id=?]
	at org.hibernate.exception.internal.SQLStateConversionDelegate.convert(SQLStateConversionDelegate.java:97)
	at org.hibernate.exception.internal.StandardSQLExceptionConverter.convert(StandardSQLExceptionConverter.java:58)
	at org.hibernate.engine.jdbc.spi.SqlExceptionHelper.convert(SqlExceptionHelper.java:108)
	at org.hibernate.engine.jdbc.batch.internal.BatchImpl.lambda$performExecution$2(BatchImpl.java:294)
	at org.hibernate.engine.jdbc.mutation.internal.PreparedStatementGroupSingleTable.forEachStatement(PreparedStatementGroupSingleTable.java:67)
	at org.hibernate.engine.jdbc.batch.internal.BatchImpl.performExecution(BatchImpl.java:264)
	at org.hibernate.engine.jdbc.batch.internal.BatchImpl.execute(BatchImpl.java:242)
	at org.hibernate.engine.jdbc.internal.JdbcCoordinatorImpl.executeBatch(JdbcCoordinatorImpl.java:188)
	at org.hibernate.engine.spi.ActionQueue.executeActions(ActionQueue.java:662)
	at org.hibernate.engine.spi.ActionQueue.executeActions(ActionQueue.java:499)
	at org.hibernate.event.internal.AbstractFlushingEventListener.performExecutions(AbstractFlushingEventListener.java:371)
	at org.hibernate.event.internal.DefaultFlushEventListener.onFlush(DefaultFlushEventListener.java:41)
	at org.hibernate.event.service.internal.EventListenerGroupImpl.fireEventOnEachListener(EventListenerGroupImpl.java:127)
	at org.hibernate.internal.SessionImpl.doFlush(SessionImpl.java:1425)
	at org.hibernate.internal.SessionImpl.managedFlush(SessionImpl.java:487)
	at org.hibernate.internal.SessionImpl.flushBeforeTransactionCompletion(SessionImpl.java:2324)
	at org.hibernate.internal.SessionImpl.beforeTransactionCompletion(SessionImpl.java:1981)
	at org.hibernate.engine.jdbc.internal.JdbcCoordinatorImpl.beforeTransactionCompletion(JdbcCoordinatorImpl.java:439)
	at org.hibernate.resource.transaction.backend.jdbc.internal.JdbcResourceLocalTransactionCoordinatorImpl.beforeCompletionCallback(JdbcResourceLocalTransactionCoordinatorImpl.java:169)
	at org.hibernate.resource.transaction.backend.jdbc.internal.JdbcResourceLocalTransactionCoordinatorImpl$TransactionDriverControlImpl.commit(JdbcResourceLocalTransactionCoordinatorImpl.java:267)
	at org.hibernate.engine.transaction.internal.TransactionImpl.commit(TransactionImpl.java:101)
	... 78 more
Caused by: org.h2.jdbc.JdbcBatchUpdateException: Referential integrity constraint violation: "FK5IRPAISPCX79XWY6N1QOMAXNV: PUBLIC.TASK_COMPONENTS FOREIGN KEY(COMPONENT_ID) REFERENCES PUBLIC.COMPONENTS(ID) (CAST(55 AS BIGINT))"; SQL statement:
delete from components where id=? [23503-224]
	at org.h2.jdbc.JdbcPreparedStatement.executeBatch(JdbcPreparedStatement.java:1282)
	at com.zaxxer.hikari.pool.ProxyStatement.executeBatch(ProxyStatement.java:127)
	at com.zaxxer.hikari.pool.HikariProxyPreparedStatement.executeBatch(HikariProxyPreparedStatement.java)
	at org.hibernate.engine.jdbc.batch.internal.BatchImpl.lambda$performExecution$2(BatchImpl.java:279)
	... 95 more

]]></system-err>
  </testcase>
  <testcase name="testDelete" classname="org.frcpm.repositories.ComponentRepositoryTest" time="0.024">
    <error message="Failed to delete entity" type="java.lang.RuntimeException"><![CDATA[java.lang.RuntimeException: Failed to delete entity
	at org.frcpm.repositories.impl.JpaRepositoryImpl.delete(JpaRepositoryImpl.java:171)
	at org.frcpm.repositories.ComponentRepositoryTest.cleanupTestComponents(ComponentRepositoryTest.java:63)
	at org.frcpm.repositories.ComponentRepositoryTest.tearDown(ComponentRepositoryTest.java:35)
	at java.base/java.lang.reflect.Method.invoke(Method.java:580)
	at java.base/java.util.ArrayList.forEach(ArrayList.java:1596)
	at java.base/java.util.ArrayList.forEach(ArrayList.java:1596)
Caused by: jakarta.persistence.RollbackException: Error while committing the transaction
	at org.hibernate.internal.ExceptionConverterImpl.convertCommitException(ExceptionConverterImpl.java:67)
	at org.hibernate.engine.transaction.internal.TransactionImpl.commit(TransactionImpl.java:104)
	at org.frcpm.repositories.impl.JpaRepositoryImpl.delete(JpaRepositoryImpl.java:165)
	... 5 more
Caused by: org.hibernate.exception.ConstraintViolationException: could not execute batch [Referential integrity constraint violation: "FK5IRPAISPCX79XWY6N1QOMAXNV: PUBLIC.TASK_COMPONENTS FOREIGN KEY(COMPONENT_ID) REFERENCES PUBLIC.COMPONENTS(ID) (CAST(55 AS BIGINT))"; SQL statement:
delete from components where id=? [23503-224]] [delete from components where id=?]
	at org.hibernate.exception.internal.SQLStateConversionDelegate.convert(SQLStateConversionDelegate.java:97)
	at org.hibernate.exception.internal.StandardSQLExceptionConverter.convert(StandardSQLExceptionConverter.java:58)
	at org.hibernate.engine.jdbc.spi.SqlExceptionHelper.convert(SqlExceptionHelper.java:108)
	at org.hibernate.engine.jdbc.batch.internal.BatchImpl.lambda$performExecution$2(BatchImpl.java:294)
	at org.hibernate.engine.jdbc.mutation.internal.PreparedStatementGroupSingleTable.forEachStatement(PreparedStatementGroupSingleTable.java:67)
	at org.hibernate.engine.jdbc.batch.internal.BatchImpl.performExecution(BatchImpl.java:264)
	at org.hibernate.engine.jdbc.batch.internal.BatchImpl.execute(BatchImpl.java:242)
	at org.hibernate.engine.jdbc.internal.JdbcCoordinatorImpl.executeBatch(JdbcCoordinatorImpl.java:188)
	at org.hibernate.engine.spi.ActionQueue.executeActions(ActionQueue.java:662)
	at org.hibernate.engine.spi.ActionQueue.executeActions(ActionQueue.java:499)
	at org.hibernate.event.internal.AbstractFlushingEventListener.performExecutions(AbstractFlushingEventListener.java:371)
	at org.hibernate.event.internal.DefaultFlushEventListener.onFlush(DefaultFlushEventListener.java:41)
	at org.hibernate.event.service.internal.EventListenerGroupImpl.fireEventOnEachListener(EventListenerGroupImpl.java:127)
	at org.hibernate.internal.SessionImpl.doFlush(SessionImpl.java:1425)
	at org.hibernate.internal.SessionImpl.managedFlush(SessionImpl.java:487)
	at org.hibernate.internal.SessionImpl.flushBeforeTransactionCompletion(SessionImpl.java:2324)
	at org.hibernate.internal.SessionImpl.beforeTransactionCompletion(SessionImpl.java:1981)
	at org.hibernate.engine.jdbc.internal.JdbcCoordinatorImpl.beforeTransactionCompletion(JdbcCoordinatorImpl.java:439)
	at org.hibernate.resource.transaction.backend.jdbc.internal.JdbcResourceLocalTransactionCoordinatorImpl.beforeCompletionCallback(JdbcResourceLocalTransactionCoordinatorImpl.java:169)
	at org.hibernate.resource.transaction.backend.jdbc.internal.JdbcResourceLocalTransactionCoordinatorImpl$TransactionDriverControlImpl.commit(JdbcResourceLocalTransactionCoordinatorImpl.java:267)
	at org.hibernate.engine.transaction.internal.TransactionImpl.commit(TransactionImpl.java:101)
	... 6 more
Caused by: org.h2.jdbc.JdbcBatchUpdateException: Referential integrity constraint violation: "FK5IRPAISPCX79XWY6N1QOMAXNV: PUBLIC.TASK_COMPONENTS FOREIGN KEY(COMPONENT_ID) REFERENCES PUBLIC.COMPONENTS(ID) (CAST(55 AS BIGINT))"; SQL statement:
delete from components where id=? [23503-224]
	at org.h2.jdbc.JdbcPreparedStatement.executeBatch(JdbcPreparedStatement.java:1282)
	at com.zaxxer.hikari.pool.ProxyStatement.executeBatch(ProxyStatement.java:127)
	at com.zaxxer.hikari.pool.HikariProxyPreparedStatement.executeBatch(HikariProxyPreparedStatement.java)
	at org.hibernate.engine.jdbc.batch.internal.BatchImpl.lambda$performExecution$2(BatchImpl.java:279)
	... 23 more
]]></error>
    <system-out><![CDATA[10:24:18.201 [main] DEBUG org.hibernate.engine.transaction.internal.TransactionImpl - On TransactionImpl creation, JpaCompliance#isJpaTransactionComplianceEnabled == false
10:24:18.201 [main] DEBUG org.hibernate.engine.transaction.internal.TransactionImpl - begin
10:24:18.201 [main] DEBUG org.hibernate.engine.spi.ActionQueue - Executing identity-insert immediately
10:24:18.201 [main] DEBUG org.hibernate.SQL - insert into components (actual_delivery,is_delivered,description,expected_delivery,name,part_number,id) values (?,?,?,?,?,?,default)
10:24:18.201 [main] DEBUG org.hibernate.orm.results - Initializer list is empty
10:24:18.201 [main] DEBUG org.hibernate.orm.results.loading - Calling top-level assembler (0 / 1) : org.hibernate.sql.results.graph.basic.BasicResultAssembler@5150389f
10:24:18.201 [main] DEBUG org.hibernate.orm.results - Extracted JDBC value [0] - [81]
10:24:18.201 [main] DEBUG org.hibernate.id.IdentifierGeneratorHelper - Extracted generated values [org.frcpm.models.Component]: [Ljava.lang.Object;@179c85cc
10:24:18.202 [main] DEBUG org.hibernate.event.internal.AbstractFlushingEventListener - Processing flush-time cascades
10:24:18.202 [main] DEBUG org.hibernate.event.internal.AbstractFlushingEventListener - Dirty checking collections
10:24:18.202 [main] DEBUG org.hibernate.engine.internal.Collections - Collection found: [org.frcpm.models.Component.requiredForTasks#81], was: [<unreferenced>] (initialized)
10:24:18.202 [main] DEBUG org.hibernate.event.internal.AbstractFlushingEventListener - Flushed: 0 insertions, 0 updates, 0 deletions to 1 objects
10:24:18.202 [main] DEBUG org.hibernate.event.internal.AbstractFlushingEventListener - Flushed: 1 (re)creations, 0 updates, 0 removals to 1 collections
10:24:18.202 [main] DEBUG org.hibernate.internal.util.EntityPrinter - Listing entities:
10:24:18.202 [main] DEBUG org.hibernate.internal.util.EntityPrinter - org.frcpm.models.Component{expectedDelivery=2025-04-30, requiredForTasks=[], name=Test Component 1, actualDelivery=null, description=First test component description, delivered=false, partNumber=TC-001, id=81}
10:24:18.202 [main] DEBUG org.hibernate.engine.transaction.internal.TransactionImpl - committing
10:24:18.202 [main] DEBUG org.hibernate.event.internal.AbstractFlushingEventListener - Processing flush-time cascades
10:24:18.202 [main] DEBUG org.hibernate.event.internal.AbstractFlushingEventListener - Dirty checking collections
10:24:18.202 [main] DEBUG org.hibernate.engine.internal.Collections - Collection found: [org.frcpm.models.Component.requiredForTasks#81], was: [org.frcpm.models.Component.requiredForTasks#81] (initialized)
10:24:18.202 [main] DEBUG org.hibernate.event.internal.AbstractFlushingEventListener - Flushed: 0 insertions, 0 updates, 0 deletions to 1 objects
10:24:18.202 [main] DEBUG org.hibernate.event.internal.AbstractFlushingEventListener - Flushed: 0 (re)creations, 0 updates, 0 removals to 1 collections
10:24:18.202 [main] DEBUG org.hibernate.internal.util.EntityPrinter - Listing entities:
10:24:18.202 [main] DEBUG org.hibernate.internal.util.EntityPrinter - org.frcpm.models.Component{expectedDelivery=2025-04-30, requiredForTasks=[], name=Test Component 1, actualDelivery=null, description=First test component description, delivered=false, partNumber=TC-001, id=81}
10:24:18.202 [main] DEBUG org.hibernate.resource.jdbc.internal.LogicalConnectionManagedImpl - Initiating JDBC connection release from afterTransaction
10:24:18.202 [main] DEBUG org.hibernate.resource.jdbc.internal.LogicalConnectionManagedImpl - Initiating JDBC connection release from afterTransaction
10:24:18.202 [main] DEBUG org.hibernate.engine.transaction.internal.TransactionImpl - On TransactionImpl creation, JpaCompliance#isJpaTransactionComplianceEnabled == false
10:24:18.202 [main] DEBUG org.hibernate.engine.transaction.internal.TransactionImpl - begin
10:24:18.202 [main] DEBUG org.hibernate.engine.spi.ActionQueue - Executing identity-insert immediately
10:24:18.202 [main] DEBUG org.hibernate.SQL - insert into components (actual_delivery,is_delivered,description,expected_delivery,name,part_number,id) values (?,?,?,?,?,?,default)
10:24:18.202 [main] DEBUG org.hibernate.orm.results - Initializer list is empty
10:24:18.202 [main] DEBUG org.hibernate.orm.results.loading - Calling top-level assembler (0 / 1) : org.hibernate.sql.results.graph.basic.BasicResultAssembler@38e5b924
10:24:18.202 [main] DEBUG org.hibernate.orm.results - Extracted JDBC value [0] - [82]
10:24:18.202 [main] DEBUG org.hibernate.id.IdentifierGeneratorHelper - Extracted generated values [org.frcpm.models.Component]: [Ljava.lang.Object;@1b23214d
10:24:18.202 [main] DEBUG org.hibernate.event.internal.AbstractFlushingEventListener - Processing flush-time cascades
10:24:18.202 [main] DEBUG org.hibernate.event.internal.AbstractFlushingEventListener - Dirty checking collections
10:24:18.202 [main] DEBUG org.hibernate.engine.internal.Collections - Collection found: [org.frcpm.models.Component.requiredForTasks#82], was: [<unreferenced>] (initialized)
10:24:18.202 [main] DEBUG org.hibernate.event.internal.AbstractFlushingEventListener - Flushed: 0 insertions, 0 updates, 0 deletions to 1 objects
10:24:18.202 [main] DEBUG org.hibernate.event.internal.AbstractFlushingEventListener - Flushed: 1 (re)creations, 0 updates, 0 removals to 1 collections
10:24:18.202 [main] DEBUG org.hibernate.internal.util.EntityPrinter - Listing entities:
10:24:18.202 [main] DEBUG org.hibernate.internal.util.EntityPrinter - org.frcpm.models.Component{expectedDelivery=2025-05-02, requiredForTasks=[], name=Test Component 2, actualDelivery=null, description=Second test component description, delivered=false, partNumber=TC-002, id=82}
10:24:18.202 [main] DEBUG org.hibernate.engine.transaction.internal.TransactionImpl - committing
10:24:18.202 [main] DEBUG org.hibernate.event.internal.AbstractFlushingEventListener - Processing flush-time cascades
10:24:18.202 [main] DEBUG org.hibernate.event.internal.AbstractFlushingEventListener - Dirty checking collections
10:24:18.202 [main] DEBUG org.hibernate.engine.internal.Collections - Collection found: [org.frcpm.models.Component.requiredForTasks#82], was: [org.frcpm.models.Component.requiredForTasks#82] (initialized)
10:24:18.202 [main] DEBUG org.hibernate.event.internal.AbstractFlushingEventListener - Flushed: 0 insertions, 0 updates, 0 deletions to 1 objects
10:24:18.202 [main] DEBUG org.hibernate.event.internal.AbstractFlushingEventListener - Flushed: 0 (re)creations, 0 updates, 0 removals to 1 collections
10:24:18.202 [main] DEBUG org.hibernate.internal.util.EntityPrinter - Listing entities:
10:24:18.202 [main] DEBUG org.hibernate.internal.util.EntityPrinter - org.frcpm.models.Component{expectedDelivery=2025-05-02, requiredForTasks=[], name=Test Component 2, actualDelivery=null, description=Second test component description, delivered=false, partNumber=TC-002, id=82}
10:24:18.203 [main] DEBUG org.hibernate.resource.jdbc.internal.LogicalConnectionManagedImpl - Initiating JDBC connection release from afterTransaction
10:24:18.203 [main] DEBUG org.hibernate.resource.jdbc.internal.LogicalConnectionManagedImpl - Initiating JDBC connection release from afterTransaction
10:24:18.203 [main] DEBUG org.hibernate.engine.transaction.internal.TransactionImpl - On TransactionImpl creation, JpaCompliance#isJpaTransactionComplianceEnabled == false
10:24:18.203 [main] DEBUG org.hibernate.engine.transaction.internal.TransactionImpl - begin
10:24:18.203 [main] DEBUG org.hibernate.engine.spi.ActionQueue - Executing identity-insert immediately
10:24:18.203 [main] DEBUG org.hibernate.SQL - insert into components (actual_delivery,is_delivered,description,expected_delivery,name,part_number,id) values (?,?,?,?,?,?,default)
10:24:18.203 [main] DEBUG org.hibernate.orm.results - Initializer list is empty
10:24:18.203 [main] DEBUG org.hibernate.orm.results.loading - Calling top-level assembler (0 / 1) : org.hibernate.sql.results.graph.basic.BasicResultAssembler@7ebec770
10:24:18.203 [main] DEBUG org.hibernate.orm.results - Extracted JDBC value [0] - [83]
10:24:18.203 [main] DEBUG org.hibernate.id.IdentifierGeneratorHelper - Extracted generated values [org.frcpm.models.Component]: [Ljava.lang.Object;@299ab1c
10:24:18.203 [main] DEBUG org.hibernate.event.internal.AbstractFlushingEventListener - Processing flush-time cascades
10:24:18.203 [main] DEBUG org.hibernate.event.internal.AbstractFlushingEventListener - Dirty checking collections
10:24:18.203 [main] DEBUG org.hibernate.engine.internal.Collections - Collection found: [org.frcpm.models.Component.requiredForTasks#83], was: [<unreferenced>] (initialized)
10:24:18.203 [main] DEBUG org.hibernate.event.internal.AbstractFlushingEventListener - Flushed: 0 insertions, 0 updates, 0 deletions to 1 objects
10:24:18.203 [main] DEBUG org.hibernate.event.internal.AbstractFlushingEventListener - Flushed: 1 (re)creations, 0 updates, 0 removals to 1 collections
10:24:18.203 [main] DEBUG org.hibernate.internal.util.EntityPrinter - Listing entities:
10:24:18.203 [main] DEBUG org.hibernate.internal.util.EntityPrinter - org.frcpm.models.Component{expectedDelivery=2025-05-05, requiredForTasks=[], name=Test Component 3, actualDelivery=2025-05-04, description=Third test component description, delivered=true, partNumber=TC-003, id=83}
10:24:18.203 [main] DEBUG org.hibernate.engine.transaction.internal.TransactionImpl - committing
10:24:18.203 [main] DEBUG org.hibernate.event.internal.AbstractFlushingEventListener - Processing flush-time cascades
10:24:18.203 [main] DEBUG org.hibernate.event.internal.AbstractFlushingEventListener - Dirty checking collections
10:24:18.203 [main] DEBUG org.hibernate.engine.internal.Collections - Collection found: [org.frcpm.models.Component.requiredForTasks#83], was: [org.frcpm.models.Component.requiredForTasks#83] (initialized)
10:24:18.203 [main] DEBUG org.hibernate.event.internal.AbstractFlushingEventListener - Flushed: 0 insertions, 0 updates, 0 deletions to 1 objects
10:24:18.203 [main] DEBUG org.hibernate.event.internal.AbstractFlushingEventListener - Flushed: 0 (re)creations, 0 updates, 0 removals to 1 collections
10:24:18.203 [main] DEBUG org.hibernate.internal.util.EntityPrinter - Listing entities:
10:24:18.203 [main] DEBUG org.hibernate.internal.util.EntityPrinter - org.frcpm.models.Component{expectedDelivery=2025-05-05, requiredForTasks=[], name=Test Component 3, actualDelivery=2025-05-04, description=Third test component description, delivered=true, partNumber=TC-003, id=83}
10:24:18.204 [main] DEBUG org.hibernate.resource.jdbc.internal.LogicalConnectionManagedImpl - Initiating JDBC connection release from afterTransaction
10:24:18.204 [main] DEBUG org.hibernate.resource.jdbc.internal.LogicalConnectionManagedImpl - Initiating JDBC connection release from afterTransaction
10:24:18.204 [main] DEBUG org.hibernate.engine.transaction.internal.TransactionImpl - On TransactionImpl creation, JpaCompliance#isJpaTransactionComplianceEnabled == false
10:24:18.204 [main] DEBUG org.hibernate.engine.transaction.internal.TransactionImpl - begin
10:24:18.204 [main] DEBUG org.hibernate.engine.spi.ActionQueue - Executing identity-insert immediately
10:24:18.204 [main] DEBUG org.hibernate.SQL - insert into components (actual_delivery,is_delivered,description,expected_delivery,name,part_number,id) values (?,?,?,?,?,?,default)
10:24:18.205 [main] DEBUG org.hibernate.orm.results - Initializer list is empty
10:24:18.205 [main] DEBUG org.hibernate.orm.results.loading - Calling top-level assembler (0 / 1) : org.hibernate.sql.results.graph.basic.BasicResultAssembler@69d69433
10:24:18.205 [main] DEBUG org.hibernate.orm.results - Extracted JDBC value [0] - [84]
10:24:18.205 [main] DEBUG org.hibernate.id.IdentifierGeneratorHelper - Extracted generated values [org.frcpm.models.Component]: [Ljava.lang.Object;@562fb0ae
10:24:18.205 [main] DEBUG org.hibernate.event.internal.AbstractFlushingEventListener - Processing flush-time cascades
10:24:18.205 [main] DEBUG org.hibernate.event.internal.AbstractFlushingEventListener - Dirty checking collections
10:24:18.205 [main] DEBUG org.hibernate.engine.internal.Collections - Collection found: [org.frcpm.models.Component.requiredForTasks#84], was: [<unreferenced>] (initialized)
10:24:18.205 [main] DEBUG org.hibernate.event.internal.AbstractFlushingEventListener - Flushed: 0 insertions, 0 updates, 0 deletions to 1 objects
10:24:18.205 [main] DEBUG org.hibernate.event.internal.AbstractFlushingEventListener - Flushed: 1 (re)creations, 0 updates, 0 removals to 1 collections
10:24:18.205 [main] DEBUG org.hibernate.internal.util.EntityPrinter - Listing entities:
10:24:18.205 [main] DEBUG org.hibernate.internal.util.EntityPrinter - org.frcpm.models.Component{expectedDelivery=null, requiredForTasks=[], name=Test Delete Component, actualDelivery=null, description=null, delivered=false, partNumber=TDC-001, id=84}
10:24:18.205 [main] DEBUG org.hibernate.engine.transaction.internal.TransactionImpl - committing
10:24:18.205 [main] DEBUG org.hibernate.event.internal.AbstractFlushingEventListener - Processing flush-time cascades
10:24:18.205 [main] DEBUG org.hibernate.event.internal.AbstractFlushingEventListener - Dirty checking collections
10:24:18.205 [main] DEBUG org.hibernate.engine.internal.Collections - Collection found: [org.frcpm.models.Component.requiredForTasks#84], was: [org.frcpm.models.Component.requiredForTasks#84] (initialized)
10:24:18.205 [main] DEBUG org.hibernate.event.internal.AbstractFlushingEventListener - Flushed: 0 insertions, 0 updates, 0 deletions to 1 objects
10:24:18.205 [main] DEBUG org.hibernate.event.internal.AbstractFlushingEventListener - Flushed: 0 (re)creations, 0 updates, 0 removals to 1 collections
10:24:18.205 [main] DEBUG org.hibernate.internal.util.EntityPrinter - Listing entities:
10:24:18.205 [main] DEBUG org.hibernate.internal.util.EntityPrinter - org.frcpm.models.Component{expectedDelivery=null, requiredForTasks=[], name=Test Delete Component, actualDelivery=null, description=null, delivered=false, partNumber=TDC-001, id=84}
10:24:18.206 [main] DEBUG org.hibernate.resource.jdbc.internal.LogicalConnectionManagedImpl - Initiating JDBC connection release from afterTransaction
10:24:18.206 [main] DEBUG org.hibernate.resource.jdbc.internal.LogicalConnectionManagedImpl - Initiating JDBC connection release from afterTransaction
10:24:18.206 [main] DEBUG org.hibernate.engine.transaction.internal.TransactionImpl - On TransactionImpl creation, JpaCompliance#isJpaTransactionComplianceEnabled == false
10:24:18.206 [main] DEBUG org.hibernate.engine.transaction.internal.TransactionImpl - begin
10:24:18.206 [main] DEBUG org.hibernate.orm.sql.exec - Skipping reading Query result cache data: cache-enabled = false, cache-mode = IGNORE
10:24:18.206 [main] DEBUG org.hibernate.orm.results - Initializer list:
	  org.frcpm.models.Component -> EntityResultInitializer(org.frcpm.models.Component)@267816053 (SingleTableEntityPersister(org.frcpm.models.Component))
	  org.frcpm.models.Component.requiredForTasks -> DelayedCollectionInitializer(org.frcpm.models.Component.requiredForTasks)@1838820636 (PluralAttribute(org.frcpm.models.Component.requiredForTasks))

10:24:18.206 [main] DEBUG org.hibernate.SQL - select c1_0.id,c1_0.actual_delivery,c1_0.is_delivered,c1_0.description,c1_0.expected_delivery,c1_0.name,c1_0.part_number from components c1_0 where c1_0.id=?
10:24:18.207 [main] DEBUG org.hibernate.orm.results.loading.entity - (EntityResultInitializer) Hydrated EntityKey (org.frcpm.models.Component): 84
10:24:18.207 [main] DEBUG org.hibernate.orm.results.loading.org.hibernate.orm.results.loading.collection - (DelayedCollectionInitializer) Current row collection key : org.frcpm.models.Component.requiredForTasks#84
10:24:18.207 [main] DEBUG org.hibernate.orm.results.loading.entity - (EntityResultInitializer) Created new entity instance [org.frcpm.models.Component#84] : 538940895
10:24:18.207 [main] DEBUG org.hibernate.orm.results - Extracted JDBC value [1] - [null]
10:24:18.207 [main] DEBUG org.hibernate.orm.results - Extracted JDBC value [2] - [false]
10:24:18.207 [main] DEBUG org.hibernate.orm.results - Extracted JDBC value [3] - [null]
10:24:18.207 [main] DEBUG org.hibernate.orm.results - Extracted JDBC value [4] - [null]
10:24:18.207 [main] DEBUG org.hibernate.orm.results - Extracted JDBC value [5] - [Test Delete Component]
10:24:18.207 [main] DEBUG org.hibernate.orm.results - Extracted JDBC value [6] - [TDC-001]
10:24:18.207 [main] DEBUG org.hibernate.orm.results.loading.entity - (EntityResultInitializer) Done materializing entityInstance : org.frcpm.models.Component#84
10:24:18.207 [main] DEBUG org.hibernate.orm.results.loading - Calling top-level assembler (0 / 1) : org.hibernate.sql.results.graph.entity.internal.EntityAssembler@2e0f0acc
10:24:18.207 [main] DEBUG org.hibernate.engine.spi.CollectionEntry - Reset storedSnapshot to {} for CollectionEntry[org.frcpm.models.Component.requiredForTasks#84]
10:24:18.207 [main] DEBUG org.hibernate.engine.transaction.internal.TransactionImpl - committing
10:24:18.208 [main] DEBUG org.hibernate.event.internal.AbstractFlushingEventListener - Processing flush-time cascades
10:24:18.208 [main] DEBUG org.hibernate.event.internal.AbstractFlushingEventListener - Dirty checking collections
10:24:18.208 [main] DEBUG org.hibernate.engine.internal.Collections - Collection dereferenced: [org.frcpm.models.Component.requiredForTasks#84]
10:24:18.208 [main] DEBUG org.hibernate.event.internal.AbstractFlushingEventListener - Flushed: 0 insertions, 0 updates, 1 deletions to 1 objects
10:24:18.208 [main] DEBUG org.hibernate.event.internal.AbstractFlushingEventListener - Flushed: 0 (re)creations, 0 updates, 1 removals to 1 collections
10:24:18.208 [main] DEBUG org.hibernate.internal.util.EntityPrinter - Listing entities:
10:24:18.208 [main] DEBUG org.hibernate.internal.util.EntityPrinter - org.frcpm.models.Component{expectedDelivery=null, requiredForTasks=<uninitialized>, name=Test Delete Component, actualDelivery=null, description=null, delivered=false, partNumber=TDC-001, id=84}
10:24:18.208 [main] DEBUG org.hibernate.SQL - delete from components where id=?
10:24:18.208 [main] DEBUG org.hibernate.orm.jdbc.batch - PreparedStatementDetails did not contain PreparedStatement on #releaseStatements : delete from components where id=?
10:24:18.209 [main] DEBUG org.hibernate.orm.jdbc.batch - PreparedStatementDetails did not contain PreparedStatement on #releaseStatements : delete from components where id=?
10:24:18.209 [main] DEBUG org.hibernate.resource.jdbc.internal.LogicalConnectionManagedImpl - Initiating JDBC connection release from afterTransaction
10:24:18.209 [main] DEBUG org.hibernate.orm.jdbc.batch - PreparedStatementDetails did not contain PreparedStatement on #releaseStatements : delete from components where id=?
10:24:18.209 [main] DEBUG org.hibernate.orm.jdbc.batch - PreparedStatementDetails did not contain PreparedStatement on #releaseStatements : delete from components where id=?
10:24:18.209 [main] DEBUG org.hibernate.resource.jdbc.internal.LogicalConnectionManagedImpl - Initiating JDBC connection release from afterTransaction
10:24:18.209 [main] DEBUG org.hibernate.engine.jdbc.internal.JdbcCoordinatorImpl - HHH000420: Closing un-released batch
10:24:18.209 [main] DEBUG org.hibernate.orm.jdbc.batch - PreparedStatementDetails did not contain PreparedStatement on #releaseStatements : delete from components where id=?
10:24:18.209 [main] DEBUG org.hibernate.orm.jdbc.batch - PreparedStatementDetails did not contain PreparedStatement on #releaseStatements : delete from components where id=?
10:24:18.209 [main] DEBUG org.hibernate.orm.sql.exec - Skipping reading Query result cache data: cache-enabled = false, cache-mode = IGNORE
10:24:18.209 [main] DEBUG org.hibernate.orm.results - Initializer list:
	  org.frcpm.models.Component -> EntityResultInitializer(org.frcpm.models.Component)@1618914594 (SingleTableEntityPersister(org.frcpm.models.Component))
	  org.frcpm.models.Component.requiredForTasks -> DelayedCollectionInitializer(org.frcpm.models.Component.requiredForTasks)@1900992230 (PluralAttribute(org.frcpm.models.Component.requiredForTasks))

10:24:18.209 [main] DEBUG org.hibernate.SQL - select c1_0.id,c1_0.actual_delivery,c1_0.is_delivered,c1_0.description,c1_0.expected_delivery,c1_0.name,c1_0.part_number from components c1_0 where c1_0.id=?
10:24:18.209 [main] DEBUG org.hibernate.resource.jdbc.internal.LogicalConnectionManagedImpl - Initiating JDBC connection release from afterTransaction
10:24:18.210 [main] DEBUG org.hibernate.orm.sql.ast.create - Created new SQL alias : c1_0
10:24:18.210 [main] DEBUG org.hibernate.orm.sql.ast.create - Registration of TableGroup [StandardTableGroup(org.frcpm.models.Component(959674496776300))] with identifierForTableGroup [org.frcpm.models.Component] for NavigablePath [org.frcpm.models.Component] 
10:24:18.210 [main] DEBUG org.hibernate.orm.results.graph.AST - DomainResult Graph:
 \-EntityResultImpl [org.frcpm.models.Component(959674496776300)]
 |  +-BasicFetch [org.frcpm.models.Component(959674496776300).actualDelivery]
 |  +-BasicFetch [org.frcpm.models.Component(959674496776300).delivered]
 |  +-BasicFetch [org.frcpm.models.Component(959674496776300).description]
 |  +-BasicFetch [org.frcpm.models.Component(959674496776300).expectedDelivery]
 |  +-BasicFetch [org.frcpm.models.Component(959674496776300).name]
 |  +-BasicFetch [org.frcpm.models.Component(959674496776300).partNumber]
 |  \-DelayedCollectionFetch [org.frcpm.models.Component(959674496776300).requiredForTasks]

10:24:18.210 [main] DEBUG org.hibernate.orm.sql.ast.tree - SQL AST Tree:
    SelectStatement {
      FromClause {
        StandardTableGroup (c1 : org.frcpm.models.Component(959674496776300)) {
          primaryTableReference : components as c1_0
        }
      }
    }

10:24:18.211 [main] DEBUG org.hibernate.orm.sql.exec - Skipping reading Query result cache data: cache-enabled = false, cache-mode = NORMAL
10:24:18.211 [main] DEBUG org.hibernate.orm.results - Initializer list:
	  org.frcpm.models.Component(959674496776300) -> EntityResultInitializer(org.frcpm.models.Component(959674496776300))@979236709 (SingleTableEntityPersister(org.frcpm.models.Component))
	  org.frcpm.models.Component(959674496776300).requiredForTasks -> DelayedCollectionInitializer(org.frcpm.models.Component(959674496776300).requiredForTasks)@1624534697 (PluralAttribute(org.frcpm.models.Component.requiredForTasks))

10:24:18.211 [main] DEBUG org.hibernate.SQL - select c1_0.id,c1_0.actual_delivery,c1_0.is_delivered,c1_0.description,c1_0.expected_delivery,c1_0.name,c1_0.part_number from components c1_0
10:24:18.212 [main] DEBUG org.hibernate.orm.results - Extracted JDBC value [0] - [1]
10:24:18.212 [main] DEBUG org.hibernate.orm.results.loading.entity - (EntityResultInitializer) Hydrated EntityKey (org.frcpm.models.Component(959674496776300)): 1
10:24:18.212 [main] DEBUG org.hibernate.orm.results.loading.org.hibernate.orm.results.loading.collection - (DelayedCollectionInitializer) Current row collection key : org.frcpm.models.Component(959674496776300).requiredForTasks#1
10:24:18.212 [main] DEBUG org.hibernate.orm.results.loading.entity - (EntityResultInitializer) Created new entity instance [org.frcpm.models.Component(959674496776300)#1] : 1144052957
10:24:18.212 [main] DEBUG org.hibernate.orm.results - Extracted JDBC value [1] - [null]
10:24:18.212 [main] DEBUG org.hibernate.orm.results - Extracted JDBC value [2] - [false]
10:24:18.212 [main] DEBUG org.hibernate.orm.results - Extracted JDBC value [3] - [Motor controller for NEO brushless motors]
10:24:18.212 [main] DEBUG org.hibernate.orm.results - Extracted JDBC value [4] - [2025-05-04]
10:24:18.212 [main] DEBUG org.hibernate.orm.results - Extracted JDBC value [5] - [SPARK MAX]
10:24:18.212 [main] DEBUG org.hibernate.orm.results - Extracted JDBC value [6] - [REV-11-2158]
10:24:18.212 [main] DEBUG org.hibernate.orm.results.loading.entity - (EntityResultInitializer) Done materializing entityInstance : org.frcpm.models.Component(959674496776300)#1
10:24:18.212 [main] DEBUG org.hibernate.orm.results.loading - Calling top-level assembler (0 / 1) : org.hibernate.sql.results.graph.entity.internal.EntityAssembler@568647d5
10:24:18.212 [main] DEBUG org.hibernate.orm.results - Extracted JDBC value [0] - [2]
10:24:18.212 [main] DEBUG org.hibernate.orm.results.loading.entity - (EntityResultInitializer) Hydrated EntityKey (org.frcpm.models.Component(959674496776300)): 2
10:24:18.212 [main] DEBUG org.hibernate.orm.results.loading.org.hibernate.orm.results.loading.collection - (DelayedCollectionInitializer) Current row collection key : org.frcpm.models.Component(959674496776300).requiredForTasks#2
10:24:18.212 [main] DEBUG org.hibernate.orm.results.loading.entity - (EntityResultInitializer) Created new entity instance [org.frcpm.models.Component(959674496776300)#2] : 1479617309
10:24:18.212 [main] DEBUG org.hibernate.orm.results - Extracted JDBC value [1] - [null]
10:24:18.212 [main] DEBUG org.hibernate.orm.results - Extracted JDBC value [2] - [false]
10:24:18.212 [main] DEBUG org.hibernate.orm.results - Extracted JDBC value [3] - [High performance brushless DC motor]
10:24:18.212 [main] DEBUG org.hibernate.orm.results - Extracted JDBC value [4] - [2025-05-04]
10:24:18.212 [main] DEBUG org.hibernate.orm.results - Extracted JDBC value [5] - [NEO Brushless Motor]
10:24:18.212 [main] DEBUG org.hibernate.orm.results - Extracted JDBC value [6] - [REV-21-1650]
10:24:18.212 [main] DEBUG org.hibernate.orm.results.loading.entity - (EntityResultInitializer) Done materializing entityInstance : org.frcpm.models.Component(959674496776300)#2
10:24:18.212 [main] DEBUG org.hibernate.orm.results.loading - Calling top-level assembler (0 / 1) : org.hibernate.sql.results.graph.entity.internal.EntityAssembler@568647d5
10:24:18.212 [main] DEBUG org.hibernate.orm.results - Extracted JDBC value [0] - [3]
10:24:18.212 [main] DEBUG org.hibernate.orm.results.loading.entity - (EntityResultInitializer) Hydrated EntityKey (org.frcpm.models.Component(959674496776300)): 3
10:24:18.212 [main] DEBUG org.hibernate.orm.results.loading.org.hibernate.orm.results.loading.collection - (DelayedCollectionInitializer) Current row collection key : org.frcpm.models.Component(959674496776300).requiredForTasks#3
10:24:18.212 [main] DEBUG org.hibernate.orm.results.loading.entity - (EntityResultInitializer) Created new entity instance [org.frcpm.models.Component(959674496776300)#3] : 259813009
10:24:18.213 [main] DEBUG org.hibernate.orm.results - Extracted JDBC value [1] - [2025-05-01]
10:24:18.213 [main] DEBUG org.hibernate.orm.results - Extracted JDBC value [2] - [true]
10:24:18.213 [main] DEBUG org.hibernate.orm.results - Extracted JDBC value [3] - [Omni-directional wheels for holonomic drive]
10:24:18.213 [main] DEBUG org.hibernate.orm.results - Extracted JDBC value [4] - [2025-05-02]
10:24:18.213 [main] DEBUG org.hibernate.orm.results - Extracted JDBC value [5] - [4" Omni Wheels]
10:24:18.213 [main] DEBUG org.hibernate.orm.results - Extracted JDBC value [6] - [AM-0016]
10:24:18.213 [main] DEBUG org.hibernate.orm.results.loading.entity - (EntityResultInitializer) Done materializing entityInstance : org.frcpm.models.Component(959674496776300)#3
10:24:18.213 [main] DEBUG org.hibernate.orm.results.loading - Calling top-level assembler (0 / 1) : org.hibernate.sql.results.graph.entity.internal.EntityAssembler@568647d5
10:24:18.213 [main] DEBUG org.hibernate.orm.results - Extracted JDBC value [0] - [4]
10:24:18.213 [main] DEBUG org.hibernate.orm.results.loading.entity - (EntityResultInitializer) Hydrated EntityKey (org.frcpm.models.Component(959674496776300)): 4
10:24:18.213 [main] DEBUG org.hibernate.orm.results.loading.org.hibernate.orm.results.loading.collection - (DelayedCollectionInitializer) Current row collection key : org.frcpm.models.Component(959674496776300).requiredForTasks#4
10:24:18.213 [main] DEBUG org.hibernate.orm.results.loading.entity - (EntityResultInitializer) Created new entity instance [org.frcpm.models.Component(959674496776300)#4] : 983076862
10:24:18.213 [main] DEBUG org.hibernate.orm.results - Extracted JDBC value [1] - [null]
10:24:18.213 [main] DEBUG org.hibernate.orm.results - Extracted JDBC value [2] - [false]
10:24:18.213 [main] DEBUG org.hibernate.orm.results - Extracted JDBC value [3] - [Smart camera for vision tracking]
10:24:18.213 [main] DEBUG org.hibernate.orm.results - Extracted JDBC value [4] - [2025-05-08]
10:24:18.213 [main] DEBUG org.hibernate.orm.results - Extracted JDBC value [5] - [Limelight 3]
10:24:18.213 [main] DEBUG org.hibernate.orm.results - Extracted JDBC value [6] - [LL3-1]
10:24:18.213 [main] DEBUG org.hibernate.orm.results.loading.entity - (EntityResultInitializer) Done materializing entityInstance : org.frcpm.models.Component(959674496776300)#4
10:24:18.213 [main] DEBUG org.hibernate.orm.results.loading - Calling top-level assembler (0 / 1) : org.hibernate.sql.results.graph.entity.internal.EntityAssembler@568647d5
10:24:18.213 [main] DEBUG org.hibernate.orm.results - Extracted JDBC value [0] - [5]
10:24:18.213 [main] DEBUG org.hibernate.orm.results.loading.entity - (EntityResultInitializer) Hydrated EntityKey (org.frcpm.models.Component(959674496776300)): 5
10:24:18.213 [main] DEBUG org.hibernate.orm.results.loading.org.hibernate.orm.results.loading.collection - (DelayedCollectionInitializer) Current row collection key : org.frcpm.models.Component(959674496776300).requiredForTasks#5
10:24:18.213 [main] DEBUG org.hibernate.orm.results.loading.entity - (EntityResultInitializer) Created new entity instance [org.frcpm.models.Component(959674496776300)#5] : 1652197305
10:24:18.213 [main] DEBUG org.hibernate.orm.results - Extracted JDBC value [1] - [null]
10:24:18.213 [main] DEBUG org.hibernate.orm.results - Extracted JDBC value [2] - [false]
10:24:18.213 [main] DEBUG org.hibernate.orm.results - Extracted JDBC value [3] - [Control module for pneumatic systems]
10:24:18.213 [main] DEBUG org.hibernate.orm.results - Extracted JDBC value [4] - [2025-05-06]
10:24:18.213 [main] DEBUG org.hibernate.orm.results - Extracted JDBC value [5] - [Pneumatic Control Module]
10:24:18.213 [main] DEBUG org.hibernate.orm.results - Extracted JDBC value [6] - [CTRE-PCM]
10:24:18.213 [main] DEBUG org.hibernate.orm.results.loading.entity - (EntityResultInitializer) Done materializing entityInstance : org.frcpm.models.Component(959674496776300)#5
10:24:18.213 [main] DEBUG org.hibernate.orm.results.loading - Calling top-level assembler (0 / 1) : org.hibernate.sql.results.graph.entity.internal.EntityAssembler@568647d5
10:24:18.213 [main] DEBUG org.hibernate.orm.results - Extracted JDBC value [0] - [12]
10:24:18.213 [main] DEBUG org.hibernate.orm.results.loading.entity - (EntityResultInitializer) Hydrated EntityKey (org.frcpm.models.Component(959674496776300)): 12
10:24:18.213 [main] DEBUG org.hibernate.orm.results.loading.org.hibernate.orm.results.loading.collection - (DelayedCollectionInitializer) Current row collection key : org.frcpm.models.Component(959674496776300).requiredForTasks#12
10:24:18.213 [main] DEBUG org.hibernate.orm.results.loading.entity - (EntityResultInitializer) Created new entity instance [org.frcpm.models.Component(959674496776300)#12] : 1995143221
10:24:18.213 [main] DEBUG org.hibernate.orm.results - Extracted JDBC value [1] - [null]
10:24:18.213 [main] DEBUG org.hibernate.orm.results - Extracted JDBC value [2] - [false]
10:24:18.213 [main] DEBUG org.hibernate.orm.results - Extracted JDBC value [3] - [null]
10:24:18.213 [main] DEBUG org.hibernate.orm.results - Extracted JDBC value [4] - [null]
10:24:18.213 [main] DEBUG org.hibernate.orm.results - Extracted JDBC value [5] - [Test Count Component]
10:24:18.213 [main] DEBUG org.hibernate.orm.results - Extracted JDBC value [6] - [TCC-001]
10:24:18.213 [main] DEBUG org.hibernate.orm.results.loading.entity - (EntityResultInitializer) Done materializing entityInstance : org.frcpm.models.Component(959674496776300)#12
10:24:18.213 [main] DEBUG org.hibernate.orm.results.loading - Calling top-level assembler (0 / 1) : org.hibernate.sql.results.graph.entity.internal.EntityAssembler@568647d5
10:24:18.213 [main] DEBUG org.hibernate.orm.results - Extracted JDBC value [0] - [16]
10:24:18.213 [main] DEBUG org.hibernate.orm.results.loading.entity - (EntityResultInitializer) Hydrated EntityKey (org.frcpm.models.Component(959674496776300)): 16
10:24:18.213 [main] DEBUG org.hibernate.orm.results.loading.org.hibernate.orm.results.loading.collection - (DelayedCollectionInitializer) Current row collection key : org.frcpm.models.Component(959674496776300).requiredForTasks#16
10:24:18.213 [main] DEBUG org.hibernate.orm.results.loading.entity - (EntityResultInitializer) Created new entity instance [org.frcpm.models.Component(959674496776300)#16] : 1027191146
10:24:18.213 [main] DEBUG org.hibernate.orm.results - Extracted JDBC value [1] - [null]
10:24:18.213 [main] DEBUG org.hibernate.orm.results - Extracted JDBC value [2] - [false]
10:24:18.213 [main] DEBUG org.hibernate.orm.results - Extracted JDBC value [3] - [Save component description]
10:24:18.213 [main] DEBUG org.hibernate.orm.results - Extracted JDBC value [4] - [2025-05-10]
10:24:18.213 [main] DEBUG org.hibernate.orm.results - Extracted JDBC value [5] - [Test Save Component]
10:24:18.213 [main] DEBUG org.hibernate.orm.results - Extracted JDBC value [6] - [TSC-001]
10:24:18.213 [main] DEBUG org.hibernate.orm.results.loading.entity - (EntityResultInitializer) Done materializing entityInstance : org.frcpm.models.Component(959674496776300)#16
10:24:18.213 [main] DEBUG org.hibernate.orm.results.loading - Calling top-level assembler (0 / 1) : org.hibernate.sql.results.graph.entity.internal.EntityAssembler@568647d5
10:24:18.213 [main] DEBUG org.hibernate.orm.results - Extracted JDBC value [0] - [40]
10:24:18.213 [main] DEBUG org.hibernate.orm.results.loading.entity - (EntityResultInitializer) Hydrated EntityKey (org.frcpm.models.Component(959674496776300)): 40
10:24:18.213 [main] DEBUG org.hibernate.orm.results.loading.org.hibernate.orm.results.loading.collection - (DelayedCollectionInitializer) Current row collection key : org.frcpm.models.Component(959674496776300).requiredForTasks#40
10:24:18.213 [main] DEBUG org.hibernate.orm.results.loading.entity - (EntityResultInitializer) Created new entity instance [org.frcpm.models.Component(959674496776300)#40] : 257857256
10:24:18.213 [main] DEBUG org.hibernate.orm.results - Extracted JDBC value [1] - [2025-04-25]
10:24:18.213 [main] DEBUG org.hibernate.orm.results - Extracted JDBC value [2] - [true]
10:24:18.213 [main] DEBUG org.hibernate.orm.results - Extracted JDBC value [3] - [Updated description]
10:24:18.213 [main] DEBUG org.hibernate.orm.results - Extracted JDBC value [4] - [null]
10:24:18.213 [main] DEBUG org.hibernate.orm.results - Extracted JDBC value [5] - [Updated Component Name]
10:24:18.213 [main] DEBUG org.hibernate.orm.results - Extracted JDBC value [6] - [TUC-001]
10:24:18.213 [main] DEBUG org.hibernate.orm.results.loading.entity - (EntityResultInitializer) Done materializing entityInstance : org.frcpm.models.Component(959674496776300)#40
10:24:18.213 [main] DEBUG org.hibernate.orm.results.loading - Calling top-level assembler (0 / 1) : org.hibernate.sql.results.graph.entity.internal.EntityAssembler@568647d5
10:24:18.213 [main] DEBUG org.hibernate.orm.results - Extracted JDBC value [0] - [55]
10:24:18.213 [main] DEBUG org.hibernate.orm.results.loading.entity - (EntityResultInitializer) Hydrated EntityKey (org.frcpm.models.Component(959674496776300)): 55
10:24:18.213 [main] DEBUG org.hibernate.orm.results.loading.org.hibernate.orm.results.loading.collection - (DelayedCollectionInitializer) Current row collection key : org.frcpm.models.Component(959674496776300).requiredForTasks#55
10:24:18.213 [main] DEBUG org.hibernate.orm.results.loading.entity - (EntityResultInitializer) Created new entity instance [org.frcpm.models.Component(959674496776300)#55] : 828232526
10:24:18.213 [main] DEBUG org.hibernate.orm.results - Extracted JDBC value [1] - [null]
10:24:18.213 [main] DEBUG org.hibernate.orm.results - Extracted JDBC value [2] - [false]
10:24:18.213 [main] DEBUG org.hibernate.orm.results - Extracted JDBC value [3] - [Component 1 for association test]
10:24:18.213 [main] DEBUG org.hibernate.orm.results - Extracted JDBC value [4] - [2025-04-28]
10:24:18.213 [main] DEBUG org.hibernate.orm.results - Extracted JDBC value [5] - [Test Component Assoc 1]
10:24:18.213 [main] DEBUG org.hibernate.orm.results - Extracted JDBC value [6] - [TC-ASSOC1]
10:24:18.213 [main] DEBUG org.hibernate.orm.results.loading.entity - (EntityResultInitializer) Done materializing entityInstance : org.frcpm.models.Component(959674496776300)#55
10:24:18.213 [main] DEBUG org.hibernate.orm.results.loading - Calling top-level assembler (0 / 1) : org.hibernate.sql.results.graph.entity.internal.EntityAssembler@568647d5
10:24:18.213 [main] DEBUG org.hibernate.orm.results - Extracted JDBC value [0] - [56]
10:24:18.213 [main] DEBUG org.hibernate.orm.results.loading.entity - (EntityResultInitializer) Hydrated EntityKey (org.frcpm.models.Component(959674496776300)): 56
10:24:18.213 [main] DEBUG org.hibernate.orm.results.loading.org.hibernate.orm.results.loading.collection - (DelayedCollectionInitializer) Current row collection key : org.frcpm.models.Component(959674496776300).requiredForTasks#56
10:24:18.213 [main] DEBUG org.hibernate.orm.results.loading.entity - (EntityResultInitializer) Created new entity instance [org.frcpm.models.Component(959674496776300)#56] : 591213248
10:24:18.213 [main] DEBUG org.hibernate.orm.results - Extracted JDBC value [1] - [null]
10:24:18.213 [main] DEBUG org.hibernate.orm.results - Extracted JDBC value [2] - [false]
10:24:18.213 [main] DEBUG org.hibernate.orm.results - Extracted JDBC value [3] - [Component 2 for association test]
10:24:18.213 [main] DEBUG org.hibernate.orm.results - Extracted JDBC value [4] - [2025-04-30]
10:24:18.213 [main] DEBUG org.hibernate.orm.results - Extracted JDBC value [5] - [Test Component Assoc 2]
10:24:18.213 [main] DEBUG org.hibernate.orm.results - Extracted JDBC value [6] - [TC-ASSOC2]
10:24:18.213 [main] DEBUG org.hibernate.orm.results.loading.entity - (EntityResultInitializer) Done materializing entityInstance : org.frcpm.models.Component(959674496776300)#56
10:24:18.213 [main] DEBUG org.hibernate.orm.results.loading - Calling top-level assembler (0 / 1) : org.hibernate.sql.results.graph.entity.internal.EntityAssembler@568647d5
10:24:18.213 [main] DEBUG org.hibernate.orm.results - Extracted JDBC value [0] - [57]
10:24:18.213 [main] DEBUG org.hibernate.orm.results.loading.entity - (EntityResultInitializer) Hydrated EntityKey (org.frcpm.models.Component(959674496776300)): 57
10:24:18.213 [main] DEBUG org.hibernate.orm.results.loading.org.hibernate.orm.results.loading.collection - (DelayedCollectionInitializer) Current row collection key : org.frcpm.models.Component(959674496776300).requiredForTasks#57
10:24:18.213 [main] DEBUG org.hibernate.orm.results.loading.entity - (EntityResultInitializer) Created new entity instance [org.frcpm.models.Component(959674496776300)#57] : 1103110495
10:24:18.213 [main] DEBUG org.hibernate.orm.results - Extracted JDBC value [1] - [null]
10:24:18.213 [main] DEBUG org.hibernate.orm.results - Extracted JDBC value [2] - [false]
10:24:18.213 [main] DEBUG org.hibernate.orm.results - Extracted JDBC value [3] - [First test component description]
10:24:18.213 [main] DEBUG org.hibernate.orm.results - Extracted JDBC value [4] - [2025-04-30]
10:24:18.213 [main] DEBUG org.hibernate.orm.results - Extracted JDBC value [5] - [Test Component 1]
10:24:18.213 [main] DEBUG org.hibernate.orm.results - Extracted JDBC value [6] - [TC-001]
10:24:18.213 [main] DEBUG org.hibernate.orm.results.loading.entity - (EntityResultInitializer) Done materializing entityInstance : org.frcpm.models.Component(959674496776300)#57
10:24:18.213 [main] DEBUG org.hibernate.orm.results.loading - Calling top-level assembler (0 / 1) : org.hibernate.sql.results.graph.entity.internal.EntityAssembler@568647d5
10:24:18.213 [main] DEBUG org.hibernate.orm.results - Extracted JDBC value [0] - [58]
10:24:18.213 [main] DEBUG org.hibernate.orm.results.loading.entity - (EntityResultInitializer) Hydrated EntityKey (org.frcpm.models.Component(959674496776300)): 58
10:24:18.213 [main] DEBUG org.hibernate.orm.results.loading.org.hibernate.orm.results.loading.collection - (DelayedCollectionInitializer) Current row collection key : org.frcpm.models.Component(959674496776300).requiredForTasks#58
10:24:18.213 [main] DEBUG org.hibernate.orm.results.loading.entity - (EntityResultInitializer) Created new entity instance [org.frcpm.models.Component(959674496776300)#58] : 731511455
10:24:18.213 [main] DEBUG org.hibernate.orm.results - Extracted JDBC value [1] - [null]
10:24:18.214 [main] DEBUG org.hibernate.orm.results - Extracted JDBC value [2] - [false]
10:24:18.214 [main] DEBUG org.hibernate.orm.results - Extracted JDBC value [3] - [Second test component description]
10:24:18.214 [main] DEBUG org.hibernate.orm.results - Extracted JDBC value [4] - [2025-05-02]
10:24:18.214 [main] DEBUG org.hibernate.orm.results - Extracted JDBC value [5] - [Test Component 2]
10:24:18.214 [main] DEBUG org.hibernate.orm.results - Extracted JDBC value [6] - [TC-002]
10:24:18.214 [main] DEBUG org.hibernate.orm.results.loading.entity - (EntityResultInitializer) Done materializing entityInstance : org.frcpm.models.Component(959674496776300)#58
10:24:18.214 [main] DEBUG org.hibernate.orm.results.loading - Calling top-level assembler (0 / 1) : org.hibernate.sql.results.graph.entity.internal.EntityAssembler@568647d5
10:24:18.214 [main] DEBUG org.hibernate.orm.results - Extracted JDBC value [0] - [59]
10:24:18.214 [main] DEBUG org.hibernate.orm.results.loading.entity - (EntityResultInitializer) Hydrated EntityKey (org.frcpm.models.Component(959674496776300)): 59
10:24:18.214 [main] DEBUG org.hibernate.orm.results.loading.org.hibernate.orm.results.loading.collection - (DelayedCollectionInitializer) Current row collection key : org.frcpm.models.Component(959674496776300).requiredForTasks#59
10:24:18.214 [main] DEBUG org.hibernate.orm.results.loading.entity - (EntityResultInitializer) Created new entity instance [org.frcpm.models.Component(959674496776300)#59] : 933500792
10:24:18.214 [main] DEBUG org.hibernate.orm.results - Extracted JDBC value [1] - [2025-05-04]
10:24:18.214 [main] DEBUG org.hibernate.orm.results - Extracted JDBC value [2] - [true]
10:24:18.214 [main] DEBUG org.hibernate.orm.results - Extracted JDBC value [3] - [Third test component description]
10:24:18.214 [main] DEBUG org.hibernate.orm.results - Extracted JDBC value [4] - [2025-05-05]
10:24:18.214 [main] DEBUG org.hibernate.orm.results - Extracted JDBC value [5] - [Test Component 3]
10:24:18.214 [main] DEBUG org.hibernate.orm.results - Extracted JDBC value [6] - [TC-003]
10:24:18.214 [main] DEBUG org.hibernate.orm.results.loading.entity - (EntityResultInitializer) Done materializing entityInstance : org.frcpm.models.Component(959674496776300)#59
10:24:18.214 [main] DEBUG org.hibernate.orm.results.loading - Calling top-level assembler (0 / 1) : org.hibernate.sql.results.graph.entity.internal.EntityAssembler@568647d5
10:24:18.214 [main] DEBUG org.hibernate.orm.results - Extracted JDBC value [0] - [60]
10:24:18.214 [main] DEBUG org.hibernate.orm.results.loading.entity - (EntityResultInitializer) Hydrated EntityKey (org.frcpm.models.Component(959674496776300)): 60
10:24:18.214 [main] DEBUG org.hibernate.orm.results.loading.org.hibernate.orm.results.loading.collection - (DelayedCollectionInitializer) Current row collection key : org.frcpm.models.Component(959674496776300).requiredForTasks#60
10:24:18.214 [main] DEBUG org.hibernate.orm.results.loading.entity - (EntityResultInitializer) Created new entity instance [org.frcpm.models.Component(959674496776300)#60] : 1898819868
10:24:18.214 [main] DEBUG org.hibernate.orm.results - Extracted JDBC value [1] - [null]
10:24:18.214 [main] DEBUG org.hibernate.orm.results - Extracted JDBC value [2] - [false]
10:24:18.214 [main] DEBUG org.hibernate.orm.results - Extracted JDBC value [3] - [First test component description]
10:24:18.214 [main] DEBUG org.hibernate.orm.results - Extracted JDBC value [4] - [2025-04-30]
10:24:18.214 [main] DEBUG org.hibernate.orm.results - Extracted JDBC value [5] - [Test Component 1]
10:24:18.214 [main] DEBUG org.hibernate.orm.results - Extracted JDBC value [6] - [TC-001]
10:24:18.214 [main] DEBUG org.hibernate.orm.results.loading.entity - (EntityResultInitializer) Done materializing entityInstance : org.frcpm.models.Component(959674496776300)#60
10:24:18.214 [main] DEBUG org.hibernate.orm.results.loading - Calling top-level assembler (0 / 1) : org.hibernate.sql.results.graph.entity.internal.EntityAssembler@568647d5
10:24:18.214 [main] DEBUG org.hibernate.orm.results - Extracted JDBC value [0] - [61]
10:24:18.215 [main] DEBUG org.hibernate.orm.results.loading.entity - (EntityResultInitializer) Hydrated EntityKey (org.frcpm.models.Component(959674496776300)): 61
10:24:18.215 [main] DEBUG org.hibernate.orm.results.loading.org.hibernate.orm.results.loading.collection - (DelayedCollectionInitializer) Current row collection key : org.frcpm.models.Component(959674496776300).requiredForTasks#61
10:24:18.215 [main] DEBUG org.hibernate.orm.results.loading.entity - (EntityResultInitializer) Created new entity instance [org.frcpm.models.Component(959674496776300)#61] : 1641829765
10:24:18.215 [main] DEBUG org.hibernate.orm.results - Extracted JDBC value [1] - [null]
10:24:18.215 [main] DEBUG org.hibernate.orm.results - Extracted JDBC value [2] - [false]
10:24:18.215 [main] DEBUG org.hibernate.orm.results - Extracted JDBC value [3] - [Second test component description]
10:24:18.215 [main] DEBUG org.hibernate.orm.results - Extracted JDBC value [4] - [2025-05-02]
10:24:18.215 [main] DEBUG org.hibernate.orm.results - Extracted JDBC value [5] - [Test Component 2]
10:24:18.215 [main] DEBUG org.hibernate.orm.results - Extracted JDBC value [6] - [TC-002]
10:24:18.215 [main] DEBUG org.hibernate.orm.results.loading.entity - (EntityResultInitializer) Done materializing entityInstance : org.frcpm.models.Component(959674496776300)#61
10:24:18.215 [main] DEBUG org.hibernate.orm.results.loading - Calling top-level assembler (0 / 1) : org.hibernate.sql.results.graph.entity.internal.EntityAssembler@568647d5
10:24:18.215 [main] DEBUG org.hibernate.orm.results - Extracted JDBC value [0] - [62]
10:24:18.215 [main] DEBUG org.hibernate.orm.results.loading.entity - (EntityResultInitializer) Hydrated EntityKey (org.frcpm.models.Component(959674496776300)): 62
10:24:18.215 [main] DEBUG org.hibernate.orm.results.loading.org.hibernate.orm.results.loading.collection - (DelayedCollectionInitializer) Current row collection key : org.frcpm.models.Component(959674496776300).requiredForTasks#62
10:24:18.215 [main] DEBUG org.hibernate.orm.results.loading.entity - (EntityResultInitializer) Created new entity instance [org.frcpm.models.Component(959674496776300)#62] : 1328690903
10:24:18.215 [main] DEBUG org.hibernate.orm.results - Extracted JDBC value [1] - [2025-05-04]
10:24:18.215 [main] DEBUG org.hibernate.orm.results - Extracted JDBC value [2] - [true]
10:24:18.215 [main] DEBUG org.hibernate.orm.results - Extracted JDBC value [3] - [Third test component description]
10:24:18.215 [main] DEBUG org.hibernate.orm.results - Extracted JDBC value [4] - [2025-05-05]
10:24:18.215 [main] DEBUG org.hibernate.orm.results - Extracted JDBC value [5] - [Test Component 3]
10:24:18.215 [main] DEBUG org.hibernate.orm.results - Extracted JDBC value [6] - [TC-003]
10:24:18.215 [main] DEBUG org.hibernate.orm.results.loading.entity - (EntityResultInitializer) Done materializing entityInstance : org.frcpm.models.Component(959674496776300)#62
10:24:18.215 [main] DEBUG org.hibernate.orm.results.loading - Calling top-level assembler (0 / 1) : org.hibernate.sql.results.graph.entity.internal.EntityAssembler@568647d5
10:24:18.215 [main] DEBUG org.hibernate.orm.results - Extracted JDBC value [0] - [63]
10:24:18.215 [main] DEBUG org.hibernate.orm.results.loading.entity - (EntityResultInitializer) Hydrated EntityKey (org.frcpm.models.Component(959674496776300)): 63
10:24:18.215 [main] DEBUG org.hibernate.orm.results.loading.org.hibernate.orm.results.loading.collection - (DelayedCollectionInitializer) Current row collection key : org.frcpm.models.Component(959674496776300).requiredForTasks#63
10:24:18.215 [main] DEBUG org.hibernate.orm.results.loading.entity - (EntityResultInitializer) Created new entity instance [org.frcpm.models.Component(959674496776300)#63] : 517536015
10:24:18.215 [main] DEBUG org.hibernate.orm.results - Extracted JDBC value [1] - [null]
10:24:18.215 [main] DEBUG org.hibernate.orm.results - Extracted JDBC value [2] - [false]
10:24:18.215 [main] DEBUG org.hibernate.orm.results - Extracted JDBC value [3] - [null]
10:24:18.215 [main] DEBUG org.hibernate.orm.results - Extracted JDBC value [4] - [null]
10:24:18.215 [main] DEBUG org.hibernate.orm.results - Extracted JDBC value [5] - [Test Count Component]
10:24:18.215 [main] DEBUG org.hibernate.orm.results - Extracted JDBC value [6] - [TCC-001]
10:24:18.215 [main] DEBUG org.hibernate.orm.results.loading.entity - (EntityResultInitializer) Done materializing entityInstance : org.frcpm.models.Component(959674496776300)#63
10:24:18.215 [main] DEBUG org.hibernate.orm.results.loading - Calling top-level assembler (0 / 1) : org.hibernate.sql.results.graph.entity.internal.EntityAssembler@568647d5
10:24:18.215 [main] DEBUG org.hibernate.orm.results - Extracted JDBC value [0] - [64]
10:24:18.215 [main] DEBUG org.hibernate.orm.results.loading.entity - (EntityResultInitializer) Hydrated EntityKey (org.frcpm.models.Component(959674496776300)): 64
10:24:18.215 [main] DEBUG org.hibernate.orm.results.loading.org.hibernate.orm.results.loading.collection - (DelayedCollectionInitializer) Current row collection key : org.frcpm.models.Component(959674496776300).requiredForTasks#64
10:24:18.215 [main] DEBUG org.hibernate.orm.results.loading.entity - (EntityResultInitializer) Created new entity instance [org.frcpm.models.Component(959674496776300)#64] : 1304637061
10:24:18.215 [main] DEBUG org.hibernate.orm.results - Extracted JDBC value [1] - [null]
10:24:18.215 [main] DEBUG org.hibernate.orm.results - Extracted JDBC value [2] - [false]
10:24:18.215 [main] DEBUG org.hibernate.orm.results - Extracted JDBC value [3] - [First test component description]
10:24:18.215 [main] DEBUG org.hibernate.orm.results - Extracted JDBC value [4] - [2025-04-30]
10:24:18.215 [main] DEBUG org.hibernate.orm.results - Extracted JDBC value [5] - [Test Component 1]
10:24:18.215 [main] DEBUG org.hibernate.orm.results - Extracted JDBC value [6] - [TC-001]
10:24:18.215 [main] DEBUG org.hibernate.orm.results.loading.entity - (EntityResultInitializer) Done materializing entityInstance : org.frcpm.models.Component(959674496776300)#64
10:24:18.215 [main] DEBUG org.hibernate.orm.results.loading - Calling top-level assembler (0 / 1) : org.hibernate.sql.results.graph.entity.internal.EntityAssembler@568647d5
10:24:18.215 [main] DEBUG org.hibernate.orm.results - Extracted JDBC value [0] - [65]
10:24:18.215 [main] DEBUG org.hibernate.orm.results.loading.entity - (EntityResultInitializer) Hydrated EntityKey (org.frcpm.models.Component(959674496776300)): 65
10:24:18.215 [main] DEBUG org.hibernate.orm.results.loading.org.hibernate.orm.results.loading.collection - (DelayedCollectionInitializer) Current row collection key : org.frcpm.models.Component(959674496776300).requiredForTasks#65
10:24:18.215 [main] DEBUG org.hibernate.orm.results.loading.entity - (EntityResultInitializer) Created new entity instance [org.frcpm.models.Component(959674496776300)#65] : 1457111412
10:24:18.215 [main] DEBUG org.hibernate.orm.results - Extracted JDBC value [1] - [null]
10:24:18.215 [main] DEBUG org.hibernate.orm.results - Extracted JDBC value [2] - [false]
10:24:18.215 [main] DEBUG org.hibernate.orm.results - Extracted JDBC value [3] - [Second test component description]
10:24:18.216 [main] DEBUG org.hibernate.orm.results - Extracted JDBC value [4] - [2025-05-02]
10:24:18.216 [main] DEBUG org.hibernate.orm.results - Extracted JDBC value [5] - [Test Component 2]
10:24:18.216 [main] DEBUG org.hibernate.orm.results - Extracted JDBC value [6] - [TC-002]
10:24:18.216 [main] DEBUG org.hibernate.orm.results.loading.entity - (EntityResultInitializer) Done materializing entityInstance : org.frcpm.models.Component(959674496776300)#65
10:24:18.216 [main] DEBUG org.hibernate.orm.results.loading - Calling top-level assembler (0 / 1) : org.hibernate.sql.results.graph.entity.internal.EntityAssembler@568647d5
10:24:18.216 [main] DEBUG org.hibernate.orm.results - Extracted JDBC value [0] - [66]
10:24:18.216 [main] DEBUG org.hibernate.orm.results.loading.entity - (EntityResultInitializer) Hydrated EntityKey (org.frcpm.models.Component(959674496776300)): 66
10:24:18.216 [main] DEBUG org.hibernate.orm.results.loading.org.hibernate.orm.results.loading.collection - (DelayedCollectionInitializer) Current row collection key : org.frcpm.models.Component(959674496776300).requiredForTasks#66
10:24:18.216 [main] DEBUG org.hibernate.orm.results.loading.entity - (EntityResultInitializer) Created new entity instance [org.frcpm.models.Component(959674496776300)#66] : 1481382360
10:24:18.216 [main] DEBUG org.hibernate.orm.results - Extracted JDBC value [1] - [2025-05-04]
10:24:18.216 [main] DEBUG org.hibernate.orm.results - Extracted JDBC value [2] - [true]
10:24:18.216 [main] DEBUG org.hibernate.orm.results - Extracted JDBC value [3] - [Third test component description]
10:24:18.216 [main] DEBUG org.hibernate.orm.results - Extracted JDBC value [4] - [2025-05-05]
10:24:18.216 [main] DEBUG org.hibernate.orm.results - Extracted JDBC value [5] - [Test Component 3]
10:24:18.216 [main] DEBUG org.hibernate.orm.results - Extracted JDBC value [6] - [TC-003]
10:24:18.216 [main] DEBUG org.hibernate.orm.results.loading.entity - (EntityResultInitializer) Done materializing entityInstance : org.frcpm.models.Component(959674496776300)#66
10:24:18.216 [main] DEBUG org.hibernate.orm.results.loading - Calling top-level assembler (0 / 1) : org.hibernate.sql.results.graph.entity.internal.EntityAssembler@568647d5
10:24:18.216 [main] DEBUG org.hibernate.orm.results - Extracted JDBC value [0] - [67]
10:24:18.216 [main] DEBUG org.hibernate.orm.results.loading.entity - (EntityResultInitializer) Hydrated EntityKey (org.frcpm.models.Component(959674496776300)): 67
10:24:18.216 [main] DEBUG org.hibernate.orm.results.loading.org.hibernate.orm.results.loading.collection - (DelayedCollectionInitializer) Current row collection key : org.frcpm.models.Component(959674496776300).requiredForTasks#67
10:24:18.216 [main] DEBUG org.hibernate.orm.results.loading.entity - (EntityResultInitializer) Created new entity instance [org.frcpm.models.Component(959674496776300)#67] : 1301525222
10:24:18.216 [main] DEBUG org.hibernate.orm.results - Extracted JDBC value [1] - [null]
10:24:18.216 [main] DEBUG org.hibernate.orm.results - Extracted JDBC value [2] - [false]
10:24:18.216 [main] DEBUG org.hibernate.orm.results - Extracted JDBC value [3] - [Save component description]
10:24:18.216 [main] DEBUG org.hibernate.orm.results - Extracted JDBC value [4] - [2025-05-10]
10:24:18.216 [main] DEBUG org.hibernate.orm.results - Extracted JDBC value [5] - [Test Save Component]
10:24:18.216 [main] DEBUG org.hibernate.orm.results - Extracted JDBC value [6] - [TSC-001]
10:24:18.216 [main] DEBUG org.hibernate.orm.results.loading.entity - (EntityResultInitializer) Done materializing entityInstance : org.frcpm.models.Component(959674496776300)#67
10:24:18.216 [main] DEBUG org.hibernate.orm.results.loading - Calling top-level assembler (0 / 1) : org.hibernate.sql.results.graph.entity.internal.EntityAssembler@568647d5
10:24:18.216 [main] DEBUG org.hibernate.orm.results - Extracted JDBC value [0] - [68]
10:24:18.216 [main] DEBUG org.hibernate.orm.results.loading.entity - (EntityResultInitializer) Hydrated EntityKey (org.frcpm.models.Component(959674496776300)): 68
10:24:18.216 [main] DEBUG org.hibernate.orm.results.loading.org.hibernate.orm.results.loading.collection - (DelayedCollectionInitializer) Current row collection key : org.frcpm.models.Component(959674496776300).requiredForTasks#68
10:24:18.216 [main] DEBUG org.hibernate.orm.results.loading.entity - (EntityResultInitializer) Created new entity instance [org.frcpm.models.Component(959674496776300)#68] : 70868818
10:24:18.216 [main] DEBUG org.hibernate.orm.results - Extracted JDBC value [1] - [null]
10:24:18.216 [main] DEBUG org.hibernate.orm.results - Extracted JDBC value [2] - [false]
10:24:18.216 [main] DEBUG org.hibernate.orm.results - Extracted JDBC value [3] - [First test component description]
10:24:18.216 [main] DEBUG org.hibernate.orm.results - Extracted JDBC value [4] - [2025-04-30]
10:24:18.216 [main] DEBUG org.hibernate.orm.results - Extracted JDBC value [5] - [Test Component 1]
10:24:18.216 [main] DEBUG org.hibernate.orm.results - Extracted JDBC value [6] - [TC-001]
10:24:18.216 [main] DEBUG org.hibernate.orm.results.loading.entity - (EntityResultInitializer) Done materializing entityInstance : org.frcpm.models.Component(959674496776300)#68
10:24:18.216 [main] DEBUG org.hibernate.orm.results.loading - Calling top-level assembler (0 / 1) : org.hibernate.sql.results.graph.entity.internal.EntityAssembler@568647d5
10:24:18.216 [main] DEBUG org.hibernate.orm.results - Extracted JDBC value [0] - [69]
10:24:18.216 [main] DEBUG org.hibernate.orm.results.loading.entity - (EntityResultInitializer) Hydrated EntityKey (org.frcpm.models.Component(959674496776300)): 69
10:24:18.216 [main] DEBUG org.hibernate.orm.results.loading.org.hibernate.orm.results.loading.collection - (DelayedCollectionInitializer) Current row collection key : org.frcpm.models.Component(959674496776300).requiredForTasks#69
10:24:18.216 [main] DEBUG org.hibernate.orm.results.loading.entity - (EntityResultInitializer) Created new entity instance [org.frcpm.models.Component(959674496776300)#69] : 1240695302
10:24:18.216 [main] DEBUG org.hibernate.orm.results - Extracted JDBC value [1] - [null]
10:24:18.216 [main] DEBUG org.hibernate.orm.results - Extracted JDBC value [2] - [false]
10:24:18.216 [main] DEBUG org.hibernate.orm.results - Extracted JDBC value [3] - [Second test component description]
10:24:18.216 [main] DEBUG org.hibernate.orm.results - Extracted JDBC value [4] - [2025-05-02]
10:24:18.216 [main] DEBUG org.hibernate.orm.results - Extracted JDBC value [5] - [Test Component 2]
10:24:18.216 [main] DEBUG org.hibernate.orm.results - Extracted JDBC value [6] - [TC-002]
10:24:18.216 [main] DEBUG org.hibernate.orm.results.loading.entity - (EntityResultInitializer) Done materializing entityInstance : org.frcpm.models.Component(959674496776300)#69
10:24:18.216 [main] DEBUG org.hibernate.orm.results.loading - Calling top-level assembler (0 / 1) : org.hibernate.sql.results.graph.entity.internal.EntityAssembler@568647d5
10:24:18.216 [main] DEBUG org.hibernate.orm.results - Extracted JDBC value [0] - [70]
10:24:18.216 [main] DEBUG org.hibernate.orm.results.loading.entity - (EntityResultInitializer) Hydrated EntityKey (org.frcpm.models.Component(959674496776300)): 70
10:24:18.216 [main] DEBUG org.hibernate.orm.results.loading.org.hibernate.orm.results.loading.collection - (DelayedCollectionInitializer) Current row collection key : org.frcpm.models.Component(959674496776300).requiredForTasks#70
10:24:18.216 [main] DEBUG org.hibernate.orm.results.loading.entity - (EntityResultInitializer) Created new entity instance [org.frcpm.models.Component(959674496776300)#70] : 591858900
10:24:18.216 [main] DEBUG org.hibernate.orm.results - Extracted JDBC value [1] - [2025-05-04]
10:24:18.216 [main] DEBUG org.hibernate.orm.results - Extracted JDBC value [2] - [true]
10:24:18.216 [main] DEBUG org.hibernate.orm.results - Extracted JDBC value [3] - [Third test component description]
10:24:18.216 [main] DEBUG org.hibernate.orm.results - Extracted JDBC value [4] - [2025-05-05]
10:24:18.216 [main] DEBUG org.hibernate.orm.results - Extracted JDBC value [5] - [Test Component 3]
10:24:18.216 [main] DEBUG org.hibernate.orm.results - Extracted JDBC value [6] - [TC-003]
10:24:18.216 [main] DEBUG org.hibernate.orm.results.loading.entity - (EntityResultInitializer) Done materializing entityInstance : org.frcpm.models.Component(959674496776300)#70
10:24:18.216 [main] DEBUG org.hibernate.orm.results.loading - Calling top-level assembler (0 / 1) : org.hibernate.sql.results.graph.entity.internal.EntityAssembler@568647d5
10:24:18.216 [main] DEBUG org.hibernate.orm.results - Extracted JDBC value [0] - [71]
10:24:18.216 [main] DEBUG org.hibernate.orm.results.loading.entity - (EntityResultInitializer) Hydrated EntityKey (org.frcpm.models.Component(959674496776300)): 71
10:24:18.216 [main] DEBUG org.hibernate.orm.results.loading.org.hibernate.orm.results.loading.collection - (DelayedCollectionInitializer) Current row collection key : org.frcpm.models.Component(959674496776300).requiredForTasks#71
10:24:18.216 [main] DEBUG org.hibernate.orm.results.loading.entity - (EntityResultInitializer) Created new entity instance [org.frcpm.models.Component(959674496776300)#71] : 1473082294
10:24:18.216 [main] DEBUG org.hibernate.orm.results - Extracted JDBC value [1] - [null]
10:24:18.216 [main] DEBUG org.hibernate.orm.results - Extracted JDBC value [2] - [false]
10:24:18.216 [main] DEBUG org.hibernate.orm.results - Extracted JDBC value [3] - [First test component description]
10:24:18.216 [main] DEBUG org.hibernate.orm.results - Extracted JDBC value [4] - [2025-04-30]
10:24:18.216 [main] DEBUG org.hibernate.orm.results - Extracted JDBC value [5] - [Test Component 1]
10:24:18.216 [main] DEBUG org.hibernate.orm.results - Extracted JDBC value [6] - [TC-001]
10:24:18.216 [main] DEBUG org.hibernate.orm.results.loading.entity - (EntityResultInitializer) Done materializing entityInstance : org.frcpm.models.Component(959674496776300)#71
10:24:18.216 [main] DEBUG org.hibernate.orm.results.loading - Calling top-level assembler (0 / 1) : org.hibernate.sql.results.graph.entity.internal.EntityAssembler@568647d5
10:24:18.216 [main] DEBUG org.hibernate.orm.results - Extracted JDBC value [0] - [72]
10:24:18.216 [main] DEBUG org.hibernate.orm.results.loading.entity - (EntityResultInitializer) Hydrated EntityKey (org.frcpm.models.Component(959674496776300)): 72
10:24:18.216 [main] DEBUG org.hibernate.orm.results.loading.org.hibernate.orm.results.loading.collection - (DelayedCollectionInitializer) Current row collection key : org.frcpm.models.Component(959674496776300).requiredForTasks#72
10:24:18.216 [main] DEBUG org.hibernate.orm.results.loading.entity - (EntityResultInitializer) Created new entity instance [org.frcpm.models.Component(959674496776300)#72] : 1903153536
10:24:18.216 [main] DEBUG org.hibernate.orm.results - Extracted JDBC value [1] - [null]
10:24:18.216 [main] DEBUG org.hibernate.orm.results - Extracted JDBC value [2] - [false]
10:24:18.216 [main] DEBUG org.hibernate.orm.results - Extracted JDBC value [3] - [Second test component description]
10:24:18.216 [main] DEBUG org.hibernate.orm.results - Extracted JDBC value [4] - [2025-05-02]
10:24:18.216 [main] DEBUG org.hibernate.orm.results - Extracted JDBC value [5] - [Test Component 2]
10:24:18.216 [main] DEBUG org.hibernate.orm.results - Extracted JDBC value [6] - [TC-002]
10:24:18.216 [main] DEBUG org.hibernate.orm.results.loading.entity - (EntityResultInitializer) Done materializing entityInstance : org.frcpm.models.Component(959674496776300)#72
10:24:18.216 [main] DEBUG org.hibernate.orm.results.loading - Calling top-level assembler (0 / 1) : org.hibernate.sql.results.graph.entity.internal.EntityAssembler@568647d5
10:24:18.216 [main] DEBUG org.hibernate.orm.results - Extracted JDBC value [0] - [73]
10:24:18.216 [main] DEBUG org.hibernate.orm.results.loading.entity - (EntityResultInitializer) Hydrated EntityKey (org.frcpm.models.Component(959674496776300)): 73
10:24:18.216 [main] DEBUG org.hibernate.orm.results.loading.org.hibernate.orm.results.loading.collection - (DelayedCollectionInitializer) Current row collection key : org.frcpm.models.Component(959674496776300).requiredForTasks#73
10:24:18.217 [main] DEBUG org.hibernate.orm.results.loading.entity - (EntityResultInitializer) Created new entity instance [org.frcpm.models.Component(959674496776300)#73] : 372374036
10:24:18.217 [main] DEBUG org.hibernate.orm.results - Extracted JDBC value [1] - [2025-05-04]
10:24:18.217 [main] DEBUG org.hibernate.orm.results - Extracted JDBC value [2] - [true]
10:24:18.217 [main] DEBUG org.hibernate.orm.results - Extracted JDBC value [3] - [Third test component description]
10:24:18.217 [main] DEBUG org.hibernate.orm.results - Extracted JDBC value [4] - [2025-05-05]
10:24:18.217 [main] DEBUG org.hibernate.orm.results - Extracted JDBC value [5] - [Test Component 3]
10:24:18.217 [main] DEBUG org.hibernate.orm.results - Extracted JDBC value [6] - [TC-003]
10:24:18.217 [main] DEBUG org.hibernate.orm.results.loading.entity - (EntityResultInitializer) Done materializing entityInstance : org.frcpm.models.Component(959674496776300)#73
10:24:18.217 [main] DEBUG org.hibernate.orm.results.loading - Calling top-level assembler (0 / 1) : org.hibernate.sql.results.graph.entity.internal.EntityAssembler@568647d5
10:24:18.217 [main] DEBUG org.hibernate.orm.results - Extracted JDBC value [0] - [74]
10:24:18.217 [main] DEBUG org.hibernate.orm.results.loading.entity - (EntityResultInitializer) Hydrated EntityKey (org.frcpm.models.Component(959674496776300)): 74
10:24:18.217 [main] DEBUG org.hibernate.orm.results.loading.org.hibernate.orm.results.loading.collection - (DelayedCollectionInitializer) Current row collection key : org.frcpm.models.Component(959674496776300).requiredForTasks#74
10:24:18.217 [main] DEBUG org.hibernate.orm.results.loading.entity - (EntityResultInitializer) Created new entity instance [org.frcpm.models.Component(959674496776300)#74] : 1506134453
10:24:18.217 [main] DEBUG org.hibernate.orm.results - Extracted JDBC value [1] - [null]
10:24:18.217 [main] DEBUG org.hibernate.orm.results - Extracted JDBC value [2] - [false]
10:24:18.217 [main] DEBUG org.hibernate.orm.results - Extracted JDBC value [3] - [First test component description]
10:24:18.217 [main] DEBUG org.hibernate.orm.results - Extracted JDBC value [4] - [2025-04-30]
10:24:18.217 [main] DEBUG org.hibernate.orm.results - Extracted JDBC value [5] - [Test Component 1]
10:24:18.217 [main] DEBUG org.hibernate.orm.results - Extracted JDBC value [6] - [TC-001]
10:24:18.217 [main] DEBUG org.hibernate.orm.results.loading.entity - (EntityResultInitializer) Done materializing entityInstance : org.frcpm.models.Component(959674496776300)#74
10:24:18.217 [main] DEBUG org.hibernate.orm.results.loading - Calling top-level assembler (0 / 1) : org.hibernate.sql.results.graph.entity.internal.EntityAssembler@568647d5
10:24:18.217 [main] DEBUG org.hibernate.orm.results - Extracted JDBC value [0] - [75]
10:24:18.217 [main] DEBUG org.hibernate.orm.results.loading.entity - (EntityResultInitializer) Hydrated EntityKey (org.frcpm.models.Component(959674496776300)): 75
10:24:18.217 [main] DEBUG org.hibernate.orm.results.loading.org.hibernate.orm.results.loading.collection - (DelayedCollectionInitializer) Current row collection key : org.frcpm.models.Component(959674496776300).requiredForTasks#75
10:24:18.217 [main] DEBUG org.hibernate.orm.results.loading.entity - (EntityResultInitializer) Created new entity instance [org.frcpm.models.Component(959674496776300)#75] : 29420226
10:24:18.217 [main] DEBUG org.hibernate.orm.results - Extracted JDBC value [1] - [null]
10:24:18.217 [main] DEBUG org.hibernate.orm.results - Extracted JDBC value [2] - [false]
10:24:18.217 [main] DEBUG org.hibernate.orm.results - Extracted JDBC value [3] - [Second test component description]
10:24:18.217 [main] DEBUG org.hibernate.orm.results - Extracted JDBC value [4] - [2025-05-02]
10:24:18.217 [main] DEBUG org.hibernate.orm.results - Extracted JDBC value [5] - [Test Component 2]
10:24:18.217 [main] DEBUG org.hibernate.orm.results - Extracted JDBC value [6] - [TC-002]
10:24:18.217 [main] DEBUG org.hibernate.orm.results.loading.entity - (EntityResultInitializer) Done materializing entityInstance : org.frcpm.models.Component(959674496776300)#75
10:24:18.217 [main] DEBUG org.hibernate.orm.results.loading - Calling top-level assembler (0 / 1) : org.hibernate.sql.results.graph.entity.internal.EntityAssembler@568647d5
10:24:18.217 [main] DEBUG org.hibernate.orm.results - Extracted JDBC value [0] - [76]
10:24:18.217 [main] DEBUG org.hibernate.orm.results.loading.entity - (EntityResultInitializer) Hydrated EntityKey (org.frcpm.models.Component(959674496776300)): 76
10:24:18.217 [main] DEBUG org.hibernate.orm.results.loading.org.hibernate.orm.results.loading.collection - (DelayedCollectionInitializer) Current row collection key : org.frcpm.models.Component(959674496776300).requiredForTasks#76
10:24:18.217 [main] DEBUG org.hibernate.orm.results.loading.entity - (EntityResultInitializer) Created new entity instance [org.frcpm.models.Component(959674496776300)#76] : 1871075705
10:24:18.217 [main] DEBUG org.hibernate.orm.results - Extracted JDBC value [1] - [2025-05-04]
10:24:18.217 [main] DEBUG org.hibernate.orm.results - Extracted JDBC value [2] - [true]
10:24:18.217 [main] DEBUG org.hibernate.orm.results - Extracted JDBC value [3] - [Third test component description]
10:24:18.217 [main] DEBUG org.hibernate.orm.results - Extracted JDBC value [4] - [2025-05-05]
10:24:18.217 [main] DEBUG org.hibernate.orm.results - Extracted JDBC value [5] - [Test Component 3]
10:24:18.217 [main] DEBUG org.hibernate.orm.results - Extracted JDBC value [6] - [TC-003]
10:24:18.217 [main] DEBUG org.hibernate.orm.results.loading.entity - (EntityResultInitializer) Done materializing entityInstance : org.frcpm.models.Component(959674496776300)#76
10:24:18.217 [main] DEBUG org.hibernate.orm.results.loading - Calling top-level assembler (0 / 1) : org.hibernate.sql.results.graph.entity.internal.EntityAssembler@568647d5
10:24:18.217 [main] DEBUG org.hibernate.orm.results - Extracted JDBC value [0] - [77]
10:24:18.217 [main] DEBUG org.hibernate.orm.results.loading.entity - (EntityResultInitializer) Hydrated EntityKey (org.frcpm.models.Component(959674496776300)): 77
10:24:18.217 [main] DEBUG org.hibernate.orm.results.loading.org.hibernate.orm.results.loading.collection - (DelayedCollectionInitializer) Current row collection key : org.frcpm.models.Component(959674496776300).requiredForTasks#77
10:24:18.217 [main] DEBUG org.hibernate.orm.results.loading.entity - (EntityResultInitializer) Created new entity instance [org.frcpm.models.Component(959674496776300)#77] : 870320286
10:24:18.217 [main] DEBUG org.hibernate.orm.results - Extracted JDBC value [1] - [null]
10:24:18.217 [main] DEBUG org.hibernate.orm.results - Extracted JDBC value [2] - [false]
10:24:18.217 [main] DEBUG org.hibernate.orm.results - Extracted JDBC value [3] - [First test component description]
10:24:18.217 [main] DEBUG org.hibernate.orm.results - Extracted JDBC value [4] - [2025-04-30]
10:24:18.217 [main] DEBUG org.hibernate.orm.results - Extracted JDBC value [5] - [Test Component 1]
10:24:18.217 [main] DEBUG org.hibernate.orm.results - Extracted JDBC value [6] - [TC-001]
10:24:18.217 [main] DEBUG org.hibernate.orm.results.loading.entity - (EntityResultInitializer) Done materializing entityInstance : org.frcpm.models.Component(959674496776300)#77
10:24:18.217 [main] DEBUG org.hibernate.orm.results.loading - Calling top-level assembler (0 / 1) : org.hibernate.sql.results.graph.entity.internal.EntityAssembler@568647d5
10:24:18.217 [main] DEBUG org.hibernate.orm.results - Extracted JDBC value [0] - [78]
10:24:18.217 [main] DEBUG org.hibernate.orm.results.loading.entity - (EntityResultInitializer) Hydrated EntityKey (org.frcpm.models.Component(959674496776300)): 78
10:24:18.217 [main] DEBUG org.hibernate.orm.results.loading.org.hibernate.orm.results.loading.collection - (DelayedCollectionInitializer) Current row collection key : org.frcpm.models.Component(959674496776300).requiredForTasks#78
10:24:18.217 [main] DEBUG org.hibernate.orm.results.loading.entity - (EntityResultInitializer) Created new entity instance [org.frcpm.models.Component(959674496776300)#78] : 994117953
10:24:18.217 [main] DEBUG org.hibernate.orm.results - Extracted JDBC value [1] - [null]
10:24:18.217 [main] DEBUG org.hibernate.orm.results - Extracted JDBC value [2] - [false]
10:24:18.217 [main] DEBUG org.hibernate.orm.results - Extracted JDBC value [3] - [Second test component description]
10:24:18.217 [main] DEBUG org.hibernate.orm.results - Extracted JDBC value [4] - [2025-05-02]
10:24:18.217 [main] DEBUG org.hibernate.orm.results - Extracted JDBC value [5] - [Test Component 2]
10:24:18.217 [main] DEBUG org.hibernate.orm.results - Extracted JDBC value [6] - [TC-002]
10:24:18.217 [main] DEBUG org.hibernate.orm.results.loading.entity - (EntityResultInitializer) Done materializing entityInstance : org.frcpm.models.Component(959674496776300)#78
10:24:18.217 [main] DEBUG org.hibernate.orm.results.loading - Calling top-level assembler (0 / 1) : org.hibernate.sql.results.graph.entity.internal.EntityAssembler@568647d5
10:24:18.217 [main] DEBUG org.hibernate.orm.results - Extracted JDBC value [0] - [79]
10:24:18.217 [main] DEBUG org.hibernate.orm.results.loading.entity - (EntityResultInitializer) Hydrated EntityKey (org.frcpm.models.Component(959674496776300)): 79
10:24:18.217 [main] DEBUG org.hibernate.orm.results.loading.org.hibernate.orm.results.loading.collection - (DelayedCollectionInitializer) Current row collection key : org.frcpm.models.Component(959674496776300).requiredForTasks#79
10:24:18.217 [main] DEBUG org.hibernate.orm.results.loading.entity - (EntityResultInitializer) Created new entity instance [org.frcpm.models.Component(959674496776300)#79] : 1040187735
10:24:18.217 [main] DEBUG org.hibernate.orm.results - Extracted JDBC value [1] - [2025-05-04]
10:24:18.217 [main] DEBUG org.hibernate.orm.results - Extracted JDBC value [2] - [true]
10:24:18.217 [main] DEBUG org.hibernate.orm.results - Extracted JDBC value [3] - [Third test component description]
10:24:18.217 [main] DEBUG org.hibernate.orm.results - Extracted JDBC value [4] - [2025-05-05]
10:24:18.217 [main] DEBUG org.hibernate.orm.results - Extracted JDBC value [5] - [Test Component 3]
10:24:18.217 [main] DEBUG org.hibernate.orm.results - Extracted JDBC value [6] - [TC-003]
10:24:18.217 [main] DEBUG org.hibernate.orm.results.loading.entity - (EntityResultInitializer) Done materializing entityInstance : org.frcpm.models.Component(959674496776300)#79
10:24:18.217 [main] DEBUG org.hibernate.orm.results.loading - Calling top-level assembler (0 / 1) : org.hibernate.sql.results.graph.entity.internal.EntityAssembler@568647d5
10:24:18.217 [main] DEBUG org.hibernate.orm.results - Extracted JDBC value [0] - [81]
10:24:18.217 [main] DEBUG org.hibernate.orm.results.loading.entity - (EntityResultInitializer) Hydrated EntityKey (org.frcpm.models.Component(959674496776300)): 81
10:24:18.217 [main] DEBUG org.hibernate.orm.results.loading.org.hibernate.orm.results.loading.collection - (DelayedCollectionInitializer) Current row collection key : org.frcpm.models.Component(959674496776300).requiredForTasks#81
10:24:18.217 [main] DEBUG org.hibernate.orm.results.loading.entity - (EntityResultInitializer) Created new entity instance [org.frcpm.models.Component(959674496776300)#81] : 1707789739
10:24:18.217 [main] DEBUG org.hibernate.orm.results - Extracted JDBC value [1] - [null]
10:24:18.217 [main] DEBUG org.hibernate.orm.results - Extracted JDBC value [2] - [false]
10:24:18.217 [main] DEBUG org.hibernate.orm.results - Extracted JDBC value [3] - [First test component description]
10:24:18.217 [main] DEBUG org.hibernate.orm.results - Extracted JDBC value [4] - [2025-04-30]
10:24:18.217 [main] DEBUG org.hibernate.orm.results - Extracted JDBC value [5] - [Test Component 1]
10:24:18.217 [main] DEBUG org.hibernate.orm.results - Extracted JDBC value [6] - [TC-001]
10:24:18.217 [main] DEBUG org.hibernate.orm.results.loading.entity - (EntityResultInitializer) Done materializing entityInstance : org.frcpm.models.Component(959674496776300)#81
10:24:18.217 [main] DEBUG org.hibernate.orm.results.loading - Calling top-level assembler (0 / 1) : org.hibernate.sql.results.graph.entity.internal.EntityAssembler@568647d5
10:24:18.217 [main] DEBUG org.hibernate.orm.results - Extracted JDBC value [0] - [82]
10:24:18.217 [main] DEBUG org.hibernate.orm.results.loading.entity - (EntityResultInitializer) Hydrated EntityKey (org.frcpm.models.Component(959674496776300)): 82
10:24:18.217 [main] DEBUG org.hibernate.orm.results.loading.org.hibernate.orm.results.loading.collection - (DelayedCollectionInitializer) Current row collection key : org.frcpm.models.Component(959674496776300).requiredForTasks#82
10:24:18.217 [main] DEBUG org.hibernate.orm.results.loading.entity - (EntityResultInitializer) Created new entity instance [org.frcpm.models.Component(959674496776300)#82] : 1815764986
10:24:18.217 [main] DEBUG org.hibernate.orm.results - Extracted JDBC value [1] - [null]
10:24:18.217 [main] DEBUG org.hibernate.orm.results - Extracted JDBC value [2] - [false]
10:24:18.217 [main] DEBUG org.hibernate.orm.results - Extracted JDBC value [3] - [Second test component description]
10:24:18.217 [main] DEBUG org.hibernate.orm.results - Extracted JDBC value [4] - [2025-05-02]
10:24:18.217 [main] DEBUG org.hibernate.orm.results - Extracted JDBC value [5] - [Test Component 2]
10:24:18.217 [main] DEBUG org.hibernate.orm.results - Extracted JDBC value [6] - [TC-002]
10:24:18.217 [main] DEBUG org.hibernate.orm.results.loading.entity - (EntityResultInitializer) Done materializing entityInstance : org.frcpm.models.Component(959674496776300)#82
10:24:18.217 [main] DEBUG org.hibernate.orm.results.loading - Calling top-level assembler (0 / 1) : org.hibernate.sql.results.graph.entity.internal.EntityAssembler@568647d5
10:24:18.217 [main] DEBUG org.hibernate.orm.results - Extracted JDBC value [0] - [83]
10:24:18.217 [main] DEBUG org.hibernate.orm.results.loading.entity - (EntityResultInitializer) Hydrated EntityKey (org.frcpm.models.Component(959674496776300)): 83
10:24:18.217 [main] DEBUG org.hibernate.orm.results.loading.org.hibernate.orm.results.loading.collection - (DelayedCollectionInitializer) Current row collection key : org.frcpm.models.Component(959674496776300).requiredForTasks#83
10:24:18.217 [main] DEBUG org.hibernate.orm.results.loading.entity - (EntityResultInitializer) Created new entity instance [org.frcpm.models.Component(959674496776300)#83] : 527764239
10:24:18.217 [main] DEBUG org.hibernate.orm.results - Extracted JDBC value [1] - [2025-05-04]
10:24:18.217 [main] DEBUG org.hibernate.orm.results - Extracted JDBC value [2] - [true]
10:24:18.217 [main] DEBUG org.hibernate.orm.results - Extracted JDBC value [3] - [Third test component description]
10:24:18.217 [main] DEBUG org.hibernate.orm.results - Extracted JDBC value [4] - [2025-05-05]
10:24:18.217 [main] DEBUG org.hibernate.orm.results - Extracted JDBC value [5] - [Test Component 3]
10:24:18.217 [main] DEBUG org.hibernate.orm.results - Extracted JDBC value [6] - [TC-003]
10:24:18.217 [main] DEBUG org.hibernate.orm.results.loading.entity - (EntityResultInitializer) Done materializing entityInstance : org.frcpm.models.Component(959674496776300)#83
10:24:18.217 [main] DEBUG org.hibernate.orm.results.loading - Calling top-level assembler (0 / 1) : org.hibernate.sql.results.graph.entity.internal.EntityAssembler@568647d5
10:24:18.217 [main] DEBUG org.hibernate.resource.jdbc.internal.LogicalConnectionManagedImpl - Initiating JDBC connection release from afterTransaction
10:24:18.218 [main] DEBUG org.hibernate.resource.jdbc.internal.LogicalConnectionManagedImpl - Initiating JDBC connection release from afterTransaction
10:24:18.218 [main] DEBUG org.hibernate.engine.transaction.internal.TransactionImpl - On TransactionImpl creation, JpaCompliance#isJpaTransactionComplianceEnabled == false
10:24:18.218 [main] DEBUG org.hibernate.engine.transaction.internal.TransactionImpl - begin
10:24:18.218 [main] DEBUG org.hibernate.orm.sql.exec - Skipping reading Query result cache data: cache-enabled = false, cache-mode = IGNORE
10:24:18.218 [main] DEBUG org.hibernate.orm.results - Initializer list:
	  org.frcpm.models.Component -> EntityResultInitializer(org.frcpm.models.Component)@77051730 (SingleTableEntityPersister(org.frcpm.models.Component))
	  org.frcpm.models.Component.requiredForTasks -> DelayedCollectionInitializer(org.frcpm.models.Component.requiredForTasks)@565634873 (PluralAttribute(org.frcpm.models.Component.requiredForTasks))

10:24:18.219 [main] DEBUG org.hibernate.SQL - select c1_0.id,c1_0.actual_delivery,c1_0.is_delivered,c1_0.description,c1_0.expected_delivery,c1_0.name,c1_0.part_number from components c1_0 where c1_0.id=?
10:24:18.219 [main] DEBUG org.hibernate.orm.results.loading.entity - (EntityResultInitializer) Hydrated EntityKey (org.frcpm.models.Component): 55
10:24:18.219 [main] DEBUG org.hibernate.orm.results.loading.org.hibernate.orm.results.loading.collection - (DelayedCollectionInitializer) Current row collection key : org.frcpm.models.Component.requiredForTasks#55
10:24:18.219 [main] DEBUG org.hibernate.orm.results.loading.entity - (EntityResultInitializer) Created new entity instance [org.frcpm.models.Component#55] : 1926900202
10:24:18.219 [main] DEBUG org.hibernate.orm.results - Extracted JDBC value [1] - [null]
10:24:18.219 [main] DEBUG org.hibernate.orm.results - Extracted JDBC value [2] - [false]
10:24:18.219 [main] DEBUG org.hibernate.orm.results - Extracted JDBC value [3] - [Component 1 for association test]
10:24:18.219 [main] DEBUG org.hibernate.orm.results - Extracted JDBC value [4] - [2025-04-28]
10:24:18.219 [main] DEBUG org.hibernate.orm.results - Extracted JDBC value [5] - [Test Component Assoc 1]
10:24:18.219 [main] DEBUG org.hibernate.orm.results - Extracted JDBC value [6] - [TC-ASSOC1]
10:24:18.219 [main] DEBUG org.hibernate.orm.results.loading.entity - (EntityResultInitializer) Done materializing entityInstance : org.frcpm.models.Component#55
10:24:18.219 [main] DEBUG org.hibernate.orm.results.loading - Calling top-level assembler (0 / 1) : org.hibernate.sql.results.graph.entity.internal.EntityAssembler@17f77969
10:24:18.219 [main] DEBUG org.hibernate.engine.transaction.internal.TransactionImpl - committing
10:24:18.219 [main] DEBUG org.hibernate.event.internal.AbstractFlushingEventListener - Processing flush-time cascades
10:24:18.219 [main] DEBUG org.hibernate.event.internal.AbstractFlushingEventListener - Dirty checking collections
10:24:18.219 [main] DEBUG org.hibernate.engine.internal.Collections - Collection dereferenced: [org.frcpm.models.Component.requiredForTasks#55]
10:24:18.219 [main] DEBUG org.hibernate.event.internal.AbstractFlushingEventListener - Flushed: 0 insertions, 0 updates, 1 deletions to 1 objects
10:24:18.219 [main] DEBUG org.hibernate.event.internal.AbstractFlushingEventListener - Flushed: 0 (re)creations, 0 updates, 1 removals to 1 collections
10:24:18.219 [main] DEBUG org.hibernate.internal.util.EntityPrinter - Listing entities:
10:24:18.219 [main] DEBUG org.hibernate.internal.util.EntityPrinter - org.frcpm.models.Component{expectedDelivery=2025-04-28, requiredForTasks=<uninitialized>, name=Test Component Assoc 1, actualDelivery=null, description=Component 1 for association test, delivered=false, partNumber=TC-ASSOC1, id=55}
10:24:18.220 [main] DEBUG org.hibernate.SQL - delete from components where id=?
10:24:18.220 [main] INFO org.hibernate.orm.jdbc.batch - HHH100503: On release of batch it still contained JDBC statements
10:24:18.221 [main] ERROR org.hibernate.orm.jdbc.batch - HHH100501: Exception executing batch [org.h2.jdbc.JdbcBatchUpdateException: Referential integrity constraint violation: "FK5IRPAISPCX79XWY6N1QOMAXNV: PUBLIC.TASK_COMPONENTS FOREIGN KEY(COMPONENT_ID) REFERENCES PUBLIC.COMPONENTS(ID) (CAST(55 AS BIGINT))"; SQL statement:
delete from components where id=? [23503-224]], SQL: delete from components where id=?
10:24:18.221 [main] DEBUG org.hibernate.engine.jdbc.spi.SqlExceptionHelper - could not execute batch [delete from components where id=?]
org.h2.jdbc.JdbcBatchUpdateException: Referential integrity constraint violation: "FK5IRPAISPCX79XWY6N1QOMAXNV: PUBLIC.TASK_COMPONENTS FOREIGN KEY(COMPONENT_ID) REFERENCES PUBLIC.COMPONENTS(ID) (CAST(55 AS BIGINT))"; SQL statement:
delete from components where id=? [23503-224]
	at org.h2.jdbc.JdbcPreparedStatement.executeBatch(JdbcPreparedStatement.java:1282)
	at com.zaxxer.hikari.pool.ProxyStatement.executeBatch(ProxyStatement.java:127)
	at com.zaxxer.hikari.pool.HikariProxyPreparedStatement.executeBatch(HikariProxyPreparedStatement.java)
	at org.hibernate.engine.jdbc.batch.internal.BatchImpl.lambda$performExecution$2(BatchImpl.java:279)
	at org.hibernate.engine.jdbc.mutation.internal.PreparedStatementGroupSingleTable.forEachStatement(PreparedStatementGroupSingleTable.java:67)
	at org.hibernate.engine.jdbc.batch.internal.BatchImpl.performExecution(BatchImpl.java:264)
	at org.hibernate.engine.jdbc.batch.internal.BatchImpl.execute(BatchImpl.java:242)
	at org.hibernate.engine.jdbc.internal.JdbcCoordinatorImpl.executeBatch(JdbcCoordinatorImpl.java:188)
	at org.hibernate.engine.spi.ActionQueue.executeActions(ActionQueue.java:662)
	at org.hibernate.engine.spi.ActionQueue.executeActions(ActionQueue.java:499)
	at org.hibernate.event.internal.AbstractFlushingEventListener.performExecutions(AbstractFlushingEventListener.java:371)
	at org.hibernate.event.internal.DefaultFlushEventListener.onFlush(DefaultFlushEventListener.java:41)
	at org.hibernate.event.service.internal.EventListenerGroupImpl.fireEventOnEachListener(EventListenerGroupImpl.java:127)
	at org.hibernate.internal.SessionImpl.doFlush(SessionImpl.java:1425)
	at org.hibernate.internal.SessionImpl.managedFlush(SessionImpl.java:487)
	at org.hibernate.internal.SessionImpl.flushBeforeTransactionCompletion(SessionImpl.java:2324)
	at org.hibernate.internal.SessionImpl.beforeTransactionCompletion(SessionImpl.java:1981)
	at org.hibernate.engine.jdbc.internal.JdbcCoordinatorImpl.beforeTransactionCompletion(JdbcCoordinatorImpl.java:439)
	at org.hibernate.resource.transaction.backend.jdbc.internal.JdbcResourceLocalTransactionCoordinatorImpl.beforeCompletionCallback(JdbcResourceLocalTransactionCoordinatorImpl.java:169)
	at org.hibernate.resource.transaction.backend.jdbc.internal.JdbcResourceLocalTransactionCoordinatorImpl$TransactionDriverControlImpl.commit(JdbcResourceLocalTransactionCoordinatorImpl.java:267)
	at org.hibernate.engine.transaction.internal.TransactionImpl.commit(TransactionImpl.java:101)
	at org.frcpm.repositories.impl.JpaRepositoryImpl.delete(JpaRepositoryImpl.java:165)
	at org.frcpm.repositories.ComponentRepositoryTest.cleanupTestComponents(ComponentRepositoryTest.java:63)
	at org.frcpm.repositories.ComponentRepositoryTest.tearDown(ComponentRepositoryTest.java:35)
	at java.base/jdk.internal.reflect.DirectMethodHandleAccessor.invoke(DirectMethodHandleAccessor.java:103)
	at java.base/java.lang.reflect.Method.invoke(Method.java:580)
	at org.junit.platform.commons.util.ReflectionUtils.invokeMethod(ReflectionUtils.java:728)
	at org.junit.jupiter.engine.execution.MethodInvocation.proceed(MethodInvocation.java:60)
	at org.junit.jupiter.engine.execution.InvocationInterceptorChain$ValidatingInvocation.proceed(InvocationInterceptorChain.java:131)
	at org.junit.jupiter.engine.extension.TimeoutExtension.intercept(TimeoutExtension.java:156)
	at org.junit.jupiter.engine.extension.TimeoutExtension.interceptLifecycleMethod(TimeoutExtension.java:128)
	at org.junit.jupiter.engine.extension.TimeoutExtension.interceptAfterEachMethod(TimeoutExtension.java:110)
	at org.junit.jupiter.engine.execution.InterceptingExecutableInvoker$ReflectiveInterceptorCall.lambda$ofVoidMethod$0(InterceptingExecutableInvoker.java:103)
	at org.junit.jupiter.engine.execution.InterceptingExecutableInvoker.lambda$invoke$0(InterceptingExecutableInvoker.java:93)
	at org.junit.jupiter.engine.execution.InvocationInterceptorChain$InterceptedInvocation.proceed(InvocationInterceptorChain.java:106)
	at org.junit.jupiter.engine.execution.InvocationInterceptorChain.proceed(InvocationInterceptorChain.java:64)
	at org.junit.jupiter.engine.execution.InvocationInterceptorChain.chainAndInvoke(InvocationInterceptorChain.java:45)
	at org.junit.jupiter.engine.execution.InvocationInterceptorChain.invoke(InvocationInterceptorChain.java:37)
	at org.junit.jupiter.engine.execution.InterceptingExecutableInvoker.invoke(InterceptingExecutableInvoker.java:92)
	at org.junit.jupiter.engine.execution.InterceptingExecutableInvoker.invoke(InterceptingExecutableInvoker.java:86)
	at org.junit.jupiter.engine.descriptor.ClassBasedTestDescriptor.invokeMethodInExtensionContext(ClassBasedTestDescriptor.java:521)
	at org.junit.jupiter.engine.descriptor.ClassBasedTestDescriptor.lambda$synthesizeAfterEachMethodAdapter$24(ClassBasedTestDescriptor.java:511)
	at org.junit.jupiter.engine.descriptor.TestMethodTestDescriptor.lambda$invokeAfterEachMethods$10(TestMethodTestDescriptor.java:244)
	at org.junit.jupiter.engine.descriptor.TestMethodTestDescriptor.lambda$invokeAllAfterMethodsOrCallbacks$13(TestMethodTestDescriptor.java:277)
	at org.junit.platform.engine.support.hierarchical.ThrowableCollector.execute(ThrowableCollector.java:73)
	at org.junit.jupiter.engine.descriptor.TestMethodTestDescriptor.lambda$invokeAllAfterMethodsOrCallbacks$14(TestMethodTestDescriptor.java:277)
	at org.junit.platform.commons.util.CollectionUtils.forEachInReverseOrder(CollectionUtils.java:217)
	at org.junit.jupiter.engine.descriptor.TestMethodTestDescriptor.invokeAllAfterMethodsOrCallbacks(TestMethodTestDescriptor.java:276)
	at org.junit.jupiter.engine.descriptor.TestMethodTestDescriptor.invokeAfterEachMethods(TestMethodTestDescriptor.java:242)
	at org.junit.jupiter.engine.descriptor.TestMethodTestDescriptor.execute(TestMethodTestDescriptor.java:143)
	at org.junit.jupiter.engine.descriptor.TestMethodTestDescriptor.execute(TestMethodTestDescriptor.java:69)
	at org.junit.platform.engine.support.hierarchical.NodeTestTask.lambda$executeRecursively$6(NodeTestTask.java:151)
	at org.junit.platform.engine.support.hierarchical.ThrowableCollector.execute(ThrowableCollector.java:73)
	at org.junit.platform.engine.support.hierarchical.NodeTestTask.lambda$executeRecursively$8(NodeTestTask.java:141)
	at org.junit.platform.engine.support.hierarchical.Node.around(Node.java:137)
	at org.junit.platform.engine.support.hierarchical.NodeTestTask.lambda$executeRecursively$9(NodeTestTask.java:139)
	at org.junit.platform.engine.support.hierarchical.ThrowableCollector.execute(ThrowableCollector.java:73)
	at org.junit.platform.engine.support.hierarchical.NodeTestTask.executeRecursively(NodeTestTask.java:138)
	at org.junit.platform.engine.support.hierarchical.NodeTestTask.execute(NodeTestTask.java:95)
	at java.base/java.util.ArrayList.forEach(ArrayList.java:1596)
	at org.junit.platform.engine.support.hierarchical.SameThreadHierarchicalTestExecutorService.invokeAll(SameThreadHierarchicalTestExecutorService.java:41)
	at org.junit.platform.engine.support.hierarchical.NodeTestTask.lambda$executeRecursively$6(NodeTestTask.java:155)
	at org.junit.platform.engine.support.hierarchical.ThrowableCollector.execute(ThrowableCollector.java:73)
	at org.junit.platform.engine.support.hierarchical.NodeTestTask.lambda$executeRecursively$8(NodeTestTask.java:141)
	at org.junit.platform.engine.support.hierarchical.Node.around(Node.java:137)
	at org.junit.platform.engine.support.hierarchical.NodeTestTask.lambda$executeRecursively$9(NodeTestTask.java:139)
	at org.junit.platform.engine.support.hierarchical.ThrowableCollector.execute(ThrowableCollector.java:73)
	at org.junit.platform.engine.support.hierarchical.NodeTestTask.executeRecursively(NodeTestTask.java:138)
	at org.junit.platform.engine.support.hierarchical.NodeTestTask.execute(NodeTestTask.java:95)
	at java.base/java.util.ArrayList.forEach(ArrayList.java:1596)
	at org.junit.platform.engine.support.hierarchical.SameThreadHierarchicalTestExecutorService.invokeAll(SameThreadHierarchicalTestExecutorService.java:41)
	at org.junit.platform.engine.support.hierarchical.NodeTestTask.lambda$executeRecursively$6(NodeTestTask.java:155)
	at org.junit.platform.engine.support.hierarchical.ThrowableCollector.execute(ThrowableCollector.java:73)
	at org.junit.platform.engine.support.hierarchical.NodeTestTask.lambda$executeRecursively$8(NodeTestTask.java:141)
	at org.junit.platform.engine.support.hierarchical.Node.around(Node.java:137)
	at org.junit.platform.engine.support.hierarchical.NodeTestTask.lambda$executeRecursively$9(NodeTestTask.java:139)
	at org.junit.platform.engine.support.hierarchical.ThrowableCollector.execute(ThrowableCollector.java:73)
	at org.junit.platform.engine.support.hierarchical.NodeTestTask.executeRecursively(NodeTestTask.java:138)
	at org.junit.platform.engine.support.hierarchical.NodeTestTask.execute(NodeTestTask.java:95)
	at org.junit.platform.engine.support.hierarchical.SameThreadHierarchicalTestExecutorService.submit(SameThreadHierarchicalTestExecutorService.java:35)
	at org.junit.platform.engine.support.hierarchical.HierarchicalTestExecutor.execute(HierarchicalTestExecutor.java:57)
	at org.junit.platform.engine.support.hierarchical.HierarchicalTestEngine.execute(HierarchicalTestEngine.java:54)
	at org.junit.platform.launcher.core.EngineExecutionOrchestrator.execute(EngineExecutionOrchestrator.java:198)
	at org.junit.platform.launcher.core.EngineExecutionOrchestrator.execute(EngineExecutionOrchestrator.java:169)
	at org.junit.platform.launcher.core.EngineExecutionOrchestrator.execute(EngineExecutionOrchestrator.java:93)
	at org.junit.platform.launcher.core.EngineExecutionOrchestrator.lambda$execute$0(EngineExecutionOrchestrator.java:58)
	at org.junit.platform.launcher.core.EngineExecutionOrchestrator.withInterceptedStreams(EngineExecutionOrchestrator.java:141)
	at org.junit.platform.launcher.core.EngineExecutionOrchestrator.execute(EngineExecutionOrchestrator.java:57)
	at org.junit.platform.launcher.core.DefaultLauncher.execute(DefaultLauncher.java:103)
	at org.junit.platform.launcher.core.DefaultLauncher.execute(DefaultLauncher.java:85)
	at org.junit.platform.launcher.core.DelegatingLauncher.execute(DelegatingLauncher.java:47)
	at org.apache.maven.surefire.junitplatform.LazyLauncher.execute(LazyLauncher.java:56)
	at org.apache.maven.surefire.junitplatform.JUnitPlatformProvider.execute(JUnitPlatformProvider.java:184)
	at org.apache.maven.surefire.junitplatform.JUnitPlatformProvider.invokeAllTests(JUnitPlatformProvider.java:148)
	at org.apache.maven.surefire.junitplatform.JUnitPlatformProvider.invoke(JUnitPlatformProvider.java:122)
	at org.apache.maven.surefire.booter.ForkedBooter.runSuitesInProcess(ForkedBooter.java:385)
	at org.apache.maven.surefire.booter.ForkedBooter.execute(ForkedBooter.java:162)
	at org.apache.maven.surefire.booter.ForkedBooter.run(ForkedBooter.java:507)
	at org.apache.maven.surefire.booter.ForkedBooter.main(ForkedBooter.java:495)
10:24:18.221 [main] WARN org.hibernate.engine.jdbc.spi.SqlExceptionHelper - SQL Error: 23503, SQLState: 23503
10:24:18.221 [main] ERROR org.hibernate.engine.jdbc.spi.SqlExceptionHelper - Referential integrity constraint violation: "FK5IRPAISPCX79XWY6N1QOMAXNV: PUBLIC.TASK_COMPONENTS FOREIGN KEY(COMPONENT_ID) REFERENCES PUBLIC.COMPONENTS(ID) (CAST(55 AS BIGINT))"; SQL statement:
delete from components where id=? [23503-224]
10:24:18.221 [main] DEBUG org.hibernate.orm.jdbc.batch - PreparedStatementDetails did not contain PreparedStatement on #releaseStatements : delete from components where id=?
10:24:18.221 [main] DEBUG org.hibernate.orm.jdbc.batch - PreparedStatementDetails did not contain PreparedStatement on #releaseStatements : delete from components where id=?
10:24:18.221 [main] DEBUG org.hibernate.resource.transaction.backend.jdbc.internal.JdbcResourceLocalTransactionCoordinatorImpl - JDBC transaction marked for rollback-only (exception provided for stack trace)
java.lang.Exception: exception just for purpose of providing stack trace
	at org.hibernate.resource.transaction.backend.jdbc.internal.JdbcResourceLocalTransactionCoordinatorImpl$TransactionDriverControlImpl.markRollbackOnly(JdbcResourceLocalTransactionCoordinatorImpl.java:309)
	at org.hibernate.engine.transaction.internal.TransactionImpl.markRollbackOnly(TransactionImpl.java:203)
	at org.hibernate.internal.AbstractSharedSessionContract.markForRollbackOnly(AbstractSharedSessionContract.java:512)
	at org.hibernate.internal.ExceptionConverterImpl.rollbackIfNecessary(ExceptionConverterImpl.java:264)
	at org.hibernate.internal.ExceptionConverterImpl.convert(ExceptionConverterImpl.java:160)
	at org.hibernate.internal.ExceptionConverterImpl.convert(ExceptionConverterImpl.java:167)
	at org.hibernate.internal.ExceptionConverterImpl.convert(ExceptionConverterImpl.java:173)
	at org.hibernate.internal.SessionImpl.doFlush(SessionImpl.java:1429)
	at org.hibernate.internal.SessionImpl.managedFlush(SessionImpl.java:487)
	at org.hibernate.internal.SessionImpl.flushBeforeTransactionCompletion(SessionImpl.java:2324)
	at org.hibernate.internal.SessionImpl.beforeTransactionCompletion(SessionImpl.java:1981)
	at org.hibernate.engine.jdbc.internal.JdbcCoordinatorImpl.beforeTransactionCompletion(JdbcCoordinatorImpl.java:439)
	at org.hibernate.resource.transaction.backend.jdbc.internal.JdbcResourceLocalTransactionCoordinatorImpl.beforeCompletionCallback(JdbcResourceLocalTransactionCoordinatorImpl.java:169)
	at org.hibernate.resource.transaction.backend.jdbc.internal.JdbcResourceLocalTransactionCoordinatorImpl$TransactionDriverControlImpl.commit(JdbcResourceLocalTransactionCoordinatorImpl.java:267)
	at org.hibernate.engine.transaction.internal.TransactionImpl.commit(TransactionImpl.java:101)
	at org.frcpm.repositories.impl.JpaRepositoryImpl.delete(JpaRepositoryImpl.java:165)
	at org.frcpm.repositories.ComponentRepositoryTest.cleanupTestComponents(ComponentRepositoryTest.java:63)
	at org.frcpm.repositories.ComponentRepositoryTest.tearDown(ComponentRepositoryTest.java:35)
	at java.base/jdk.internal.reflect.DirectMethodHandleAccessor.invoke(DirectMethodHandleAccessor.java:103)
	at java.base/java.lang.reflect.Method.invoke(Method.java:580)
	at org.junit.platform.commons.util.ReflectionUtils.invokeMethod(ReflectionUtils.java:728)
	at org.junit.jupiter.engine.execution.MethodInvocation.proceed(MethodInvocation.java:60)
	at org.junit.jupiter.engine.execution.InvocationInterceptorChain$ValidatingInvocation.proceed(InvocationInterceptorChain.java:131)
	at org.junit.jupiter.engine.extension.TimeoutExtension.intercept(TimeoutExtension.java:156)
	at org.junit.jupiter.engine.extension.TimeoutExtension.interceptLifecycleMethod(TimeoutExtension.java:128)
	at org.junit.jupiter.engine.extension.TimeoutExtension.interceptAfterEachMethod(TimeoutExtension.java:110)
	at org.junit.jupiter.engine.execution.InterceptingExecutableInvoker$ReflectiveInterceptorCall.lambda$ofVoidMethod$0(InterceptingExecutableInvoker.java:103)
	at org.junit.jupiter.engine.execution.InterceptingExecutableInvoker.lambda$invoke$0(InterceptingExecutableInvoker.java:93)
	at org.junit.jupiter.engine.execution.InvocationInterceptorChain$InterceptedInvocation.proceed(InvocationInterceptorChain.java:106)
	at org.junit.jupiter.engine.execution.InvocationInterceptorChain.proceed(InvocationInterceptorChain.java:64)
	at org.junit.jupiter.engine.execution.InvocationInterceptorChain.chainAndInvoke(InvocationInterceptorChain.java:45)
	at org.junit.jupiter.engine.execution.InvocationInterceptorChain.invoke(InvocationInterceptorChain.java:37)
	at org.junit.jupiter.engine.execution.InterceptingExecutableInvoker.invoke(InterceptingExecutableInvoker.java:92)
	at org.junit.jupiter.engine.execution.InterceptingExecutableInvoker.invoke(InterceptingExecutableInvoker.java:86)
	at org.junit.jupiter.engine.descriptor.ClassBasedTestDescriptor.invokeMethodInExtensionContext(ClassBasedTestDescriptor.java:521)
	at org.junit.jupiter.engine.descriptor.ClassBasedTestDescriptor.lambda$synthesizeAfterEachMethodAdapter$24(ClassBasedTestDescriptor.java:511)
	at org.junit.jupiter.engine.descriptor.TestMethodTestDescriptor.lambda$invokeAfterEachMethods$10(TestMethodTestDescriptor.java:244)
	at org.junit.jupiter.engine.descriptor.TestMethodTestDescriptor.lambda$invokeAllAfterMethodsOrCallbacks$13(TestMethodTestDescriptor.java:277)
	at org.junit.platform.engine.support.hierarchical.ThrowableCollector.execute(ThrowableCollector.java:73)
	at org.junit.jupiter.engine.descriptor.TestMethodTestDescriptor.lambda$invokeAllAfterMethodsOrCallbacks$14(TestMethodTestDescriptor.java:277)
	at org.junit.platform.commons.util.CollectionUtils.forEachInReverseOrder(CollectionUtils.java:217)
	at org.junit.jupiter.engine.descriptor.TestMethodTestDescriptor.invokeAllAfterMethodsOrCallbacks(TestMethodTestDescriptor.java:276)
	at org.junit.jupiter.engine.descriptor.TestMethodTestDescriptor.invokeAfterEachMethods(TestMethodTestDescriptor.java:242)
	at org.junit.jupiter.engine.descriptor.TestMethodTestDescriptor.execute(TestMethodTestDescriptor.java:143)
	at org.junit.jupiter.engine.descriptor.TestMethodTestDescriptor.execute(TestMethodTestDescriptor.java:69)
	at org.junit.platform.engine.support.hierarchical.NodeTestTask.lambda$executeRecursively$6(NodeTestTask.java:151)
	at org.junit.platform.engine.support.hierarchical.ThrowableCollector.execute(ThrowableCollector.java:73)
	at org.junit.platform.engine.support.hierarchical.NodeTestTask.lambda$executeRecursively$8(NodeTestTask.java:141)
	at org.junit.platform.engine.support.hierarchical.Node.around(Node.java:137)
	at org.junit.platform.engine.support.hierarchical.NodeTestTask.lambda$executeRecursively$9(NodeTestTask.java:139)
	at org.junit.platform.engine.support.hierarchical.ThrowableCollector.execute(ThrowableCollector.java:73)
	at org.junit.platform.engine.support.hierarchical.NodeTestTask.executeRecursively(NodeTestTask.java:138)
	at org.junit.platform.engine.support.hierarchical.NodeTestTask.execute(NodeTestTask.java:95)
	at java.base/java.util.ArrayList.forEach(ArrayList.java:1596)
	at org.junit.platform.engine.support.hierarchical.SameThreadHierarchicalTestExecutorService.invokeAll(SameThreadHierarchicalTestExecutorService.java:41)
	at org.junit.platform.engine.support.hierarchical.NodeTestTask.lambda$executeRecursively$6(NodeTestTask.java:155)
	at org.junit.platform.engine.support.hierarchical.ThrowableCollector.execute(ThrowableCollector.java:73)
	at org.junit.platform.engine.support.hierarchical.NodeTestTask.lambda$executeRecursively$8(NodeTestTask.java:141)
	at org.junit.platform.engine.support.hierarchical.Node.around(Node.java:137)
	at org.junit.platform.engine.support.hierarchical.NodeTestTask.lambda$executeRecursively$9(NodeTestTask.java:139)
	at org.junit.platform.engine.support.hierarchical.ThrowableCollector.execute(ThrowableCollector.java:73)
	at org.junit.platform.engine.support.hierarchical.NodeTestTask.executeRecursively(NodeTestTask.java:138)
	at org.junit.platform.engine.support.hierarchical.NodeTestTask.execute(NodeTestTask.java:95)
	at java.base/java.util.ArrayList.forEach(ArrayList.java:1596)
	at org.junit.platform.engine.support.hierarchical.SameThreadHierarchicalTestExecutorService.invokeAll(SameThreadHierarchicalTestExecutorService.java:41)
	at org.junit.platform.engine.support.hierarchical.NodeTestTask.lambda$executeRecursively$6(NodeTestTask.java:155)
	at org.junit.platform.engine.support.hierarchical.ThrowableCollector.execute(ThrowableCollector.java:73)
	at org.junit.platform.engine.support.hierarchical.NodeTestTask.lambda$executeRecursively$8(NodeTestTask.java:141)
	at org.junit.platform.engine.support.hierarchical.Node.around(Node.java:137)
	at org.junit.platform.engine.support.hierarchical.NodeTestTask.lambda$executeRecursively$9(NodeTestTask.java:139)
	at org.junit.platform.engine.support.hierarchical.ThrowableCollector.execute(ThrowableCollector.java:73)
	at org.junit.platform.engine.support.hierarchical.NodeTestTask.executeRecursively(NodeTestTask.java:138)
	at org.junit.platform.engine.support.hierarchical.NodeTestTask.execute(NodeTestTask.java:95)
	at org.junit.platform.engine.support.hierarchical.SameThreadHierarchicalTestExecutorService.submit(SameThreadHierarchicalTestExecutorService.java:35)
	at org.junit.platform.engine.support.hierarchical.HierarchicalTestExecutor.execute(HierarchicalTestExecutor.java:57)
	at org.junit.platform.engine.support.hierarchical.HierarchicalTestEngine.execute(HierarchicalTestEngine.java:54)
	at org.junit.platform.launcher.core.EngineExecutionOrchestrator.execute(EngineExecutionOrchestrator.java:198)
	at org.junit.platform.launcher.core.EngineExecutionOrchestrator.execute(EngineExecutionOrchestrator.java:169)
	at org.junit.platform.launcher.core.EngineExecutionOrchestrator.execute(EngineExecutionOrchestrator.java:93)
	at org.junit.platform.launcher.core.EngineExecutionOrchestrator.lambda$execute$0(EngineExecutionOrchestrator.java:58)
	at org.junit.platform.launcher.core.EngineExecutionOrchestrator.withInterceptedStreams(EngineExecutionOrchestrator.java:141)
	at org.junit.platform.launcher.core.EngineExecutionOrchestrator.execute(EngineExecutionOrchestrator.java:57)
	at org.junit.platform.launcher.core.DefaultLauncher.execute(DefaultLauncher.java:103)
	at org.junit.platform.launcher.core.DefaultLauncher.execute(DefaultLauncher.java:85)
	at org.junit.platform.launcher.core.DelegatingLauncher.execute(DelegatingLauncher.java:47)
	at org.apache.maven.surefire.junitplatform.LazyLauncher.execute(LazyLauncher.java:56)
	at org.apache.maven.surefire.junitplatform.JUnitPlatformProvider.execute(JUnitPlatformProvider.java:184)
	at org.apache.maven.surefire.junitplatform.JUnitPlatformProvider.invokeAllTests(JUnitPlatformProvider.java:148)
	at org.apache.maven.surefire.junitplatform.JUnitPlatformProvider.invoke(JUnitPlatformProvider.java:122)
	at org.apache.maven.surefire.booter.ForkedBooter.runSuitesInProcess(ForkedBooter.java:385)
	at org.apache.maven.surefire.booter.ForkedBooter.execute(ForkedBooter.java:162)
	at org.apache.maven.surefire.booter.ForkedBooter.run(ForkedBooter.java:507)
	at org.apache.maven.surefire.booter.ForkedBooter.main(ForkedBooter.java:495)
10:24:18.221 [main] DEBUG org.hibernate.resource.transaction.backend.jdbc.internal.JdbcResourceLocalTransactionCoordinatorImpl - JDBC transaction marked for rollback-only (exception provided for stack trace)
java.lang.Exception: exception just for purpose of providing stack trace
	at org.hibernate.resource.transaction.backend.jdbc.internal.JdbcResourceLocalTransactionCoordinatorImpl$TransactionDriverControlImpl.markRollbackOnly(JdbcResourceLocalTransactionCoordinatorImpl.java:309)
	at org.hibernate.resource.transaction.backend.jdbc.internal.JdbcResourceLocalTransactionCoordinatorImpl.beforeCompletionCallback(JdbcResourceLocalTransactionCoordinatorImpl.java:178)
	at org.hibernate.resource.transaction.backend.jdbc.internal.JdbcResourceLocalTransactionCoordinatorImpl$TransactionDriverControlImpl.commit(JdbcResourceLocalTransactionCoordinatorImpl.java:267)
	at org.hibernate.engine.transaction.internal.TransactionImpl.commit(TransactionImpl.java:101)
	at org.frcpm.repositories.impl.JpaRepositoryImpl.delete(JpaRepositoryImpl.java:165)
	at org.frcpm.repositories.ComponentRepositoryTest.cleanupTestComponents(ComponentRepositoryTest.java:63)
	at org.frcpm.repositories.ComponentRepositoryTest.tearDown(ComponentRepositoryTest.java:35)
	at java.base/jdk.internal.reflect.DirectMethodHandleAccessor.invoke(DirectMethodHandleAccessor.java:103)
	at java.base/java.lang.reflect.Method.invoke(Method.java:580)
	at org.junit.platform.commons.util.ReflectionUtils.invokeMethod(ReflectionUtils.java:728)
	at org.junit.jupiter.engine.execution.MethodInvocation.proceed(MethodInvocation.java:60)
	at org.junit.jupiter.engine.execution.InvocationInterceptorChain$ValidatingInvocation.proceed(InvocationInterceptorChain.java:131)
	at org.junit.jupiter.engine.extension.TimeoutExtension.intercept(TimeoutExtension.java:156)
	at org.junit.jupiter.engine.extension.TimeoutExtension.interceptLifecycleMethod(TimeoutExtension.java:128)
	at org.junit.jupiter.engine.extension.TimeoutExtension.interceptAfterEachMethod(TimeoutExtension.java:110)
	at org.junit.jupiter.engine.execution.InterceptingExecutableInvoker$ReflectiveInterceptorCall.lambda$ofVoidMethod$0(InterceptingExecutableInvoker.java:103)
	at org.junit.jupiter.engine.execution.InterceptingExecutableInvoker.lambda$invoke$0(InterceptingExecutableInvoker.java:93)
	at org.junit.jupiter.engine.execution.InvocationInterceptorChain$InterceptedInvocation.proceed(InvocationInterceptorChain.java:106)
	at org.junit.jupiter.engine.execution.InvocationInterceptorChain.proceed(InvocationInterceptorChain.java:64)
	at org.junit.jupiter.engine.execution.InvocationInterceptorChain.chainAndInvoke(InvocationInterceptorChain.java:45)
	at org.junit.jupiter.engine.execution.InvocationInterceptorChain.invoke(InvocationInterceptorChain.java:37)
	at org.junit.jupiter.engine.execution.InterceptingExecutableInvoker.invoke(InterceptingExecutableInvoker.java:92)
	at org.junit.jupiter.engine.execution.InterceptingExecutableInvoker.invoke(InterceptingExecutableInvoker.java:86)
	at org.junit.jupiter.engine.descriptor.ClassBasedTestDescriptor.invokeMethodInExtensionContext(ClassBasedTestDescriptor.java:521)
	at org.junit.jupiter.engine.descriptor.ClassBasedTestDescriptor.lambda$synthesizeAfterEachMethodAdapter$24(ClassBasedTestDescriptor.java:511)
	at org.junit.jupiter.engine.descriptor.TestMethodTestDescriptor.lambda$invokeAfterEachMethods$10(TestMethodTestDescriptor.java:244)
	at org.junit.jupiter.engine.descriptor.TestMethodTestDescriptor.lambda$invokeAllAfterMethodsOrCallbacks$13(TestMethodTestDescriptor.java:277)
	at org.junit.platform.engine.support.hierarchical.ThrowableCollector.execute(ThrowableCollector.java:73)
	at org.junit.jupiter.engine.descriptor.TestMethodTestDescriptor.lambda$invokeAllAfterMethodsOrCallbacks$14(TestMethodTestDescriptor.java:277)
	at org.junit.platform.commons.util.CollectionUtils.forEachInReverseOrder(CollectionUtils.java:217)
	at org.junit.jupiter.engine.descriptor.TestMethodTestDescriptor.invokeAllAfterMethodsOrCallbacks(TestMethodTestDescriptor.java:276)
	at org.junit.jupiter.engine.descriptor.TestMethodTestDescriptor.invokeAfterEachMethods(TestMethodTestDescriptor.java:242)
	at org.junit.jupiter.engine.descriptor.TestMethodTestDescriptor.execute(TestMethodTestDescriptor.java:143)
	at org.junit.jupiter.engine.descriptor.TestMethodTestDescriptor.execute(TestMethodTestDescriptor.java:69)
	at org.junit.platform.engine.support.hierarchical.NodeTestTask.lambda$executeRecursively$6(NodeTestTask.java:151)
	at org.junit.platform.engine.support.hierarchical.ThrowableCollector.execute(ThrowableCollector.java:73)
	at org.junit.platform.engine.support.hierarchical.NodeTestTask.lambda$executeRecursively$8(NodeTestTask.java:141)
	at org.junit.platform.engine.support.hierarchical.Node.around(Node.java:137)
	at org.junit.platform.engine.support.hierarchical.NodeTestTask.lambda$executeRecursively$9(NodeTestTask.java:139)
	at org.junit.platform.engine.support.hierarchical.ThrowableCollector.execute(ThrowableCollector.java:73)
	at org.junit.platform.engine.support.hierarchical.NodeTestTask.executeRecursively(NodeTestTask.java:138)
	at org.junit.platform.engine.support.hierarchical.NodeTestTask.execute(NodeTestTask.java:95)
	at java.base/java.util.ArrayList.forEach(ArrayList.java:1596)
	at org.junit.platform.engine.support.hierarchical.SameThreadHierarchicalTestExecutorService.invokeAll(SameThreadHierarchicalTestExecutorService.java:41)
	at org.junit.platform.engine.support.hierarchical.NodeTestTask.lambda$executeRecursively$6(NodeTestTask.java:155)
	at org.junit.platform.engine.support.hierarchical.ThrowableCollector.execute(ThrowableCollector.java:73)
	at org.junit.platform.engine.support.hierarchical.NodeTestTask.lambda$executeRecursively$8(NodeTestTask.java:141)
	at org.junit.platform.engine.support.hierarchical.Node.around(Node.java:137)
	at org.junit.platform.engine.support.hierarchical.NodeTestTask.lambda$executeRecursively$9(NodeTestTask.java:139)
	at org.junit.platform.engine.support.hierarchical.ThrowableCollector.execute(ThrowableCollector.java:73)
	at org.junit.platform.engine.support.hierarchical.NodeTestTask.executeRecursively(NodeTestTask.java:138)
	at org.junit.platform.engine.support.hierarchical.NodeTestTask.execute(NodeTestTask.java:95)
	at java.base/java.util.ArrayList.forEach(ArrayList.java:1596)
	at org.junit.platform.engine.support.hierarchical.SameThreadHierarchicalTestExecutorService.invokeAll(SameThreadHierarchicalTestExecutorService.java:41)
	at org.junit.platform.engine.support.hierarchical.NodeTestTask.lambda$executeRecursively$6(NodeTestTask.java:155)
	at org.junit.platform.engine.support.hierarchical.ThrowableCollector.execute(ThrowableCollector.java:73)
	at org.junit.platform.engine.support.hierarchical.NodeTestTask.lambda$executeRecursively$8(NodeTestTask.java:141)
	at org.junit.platform.engine.support.hierarchical.Node.around(Node.java:137)
	at org.junit.platform.engine.support.hierarchical.NodeTestTask.lambda$executeRecursively$9(NodeTestTask.java:139)
	at org.junit.platform.engine.support.hierarchical.ThrowableCollector.execute(ThrowableCollector.java:73)
	at org.junit.platform.engine.support.hierarchical.NodeTestTask.executeRecursively(NodeTestTask.java:138)
	at org.junit.platform.engine.support.hierarchical.NodeTestTask.execute(NodeTestTask.java:95)
	at org.junit.platform.engine.support.hierarchical.SameThreadHierarchicalTestExecutorService.submit(SameThreadHierarchicalTestExecutorService.java:35)
	at org.junit.platform.engine.support.hierarchical.HierarchicalTestExecutor.execute(HierarchicalTestExecutor.java:57)
	at org.junit.platform.engine.support.hierarchical.HierarchicalTestEngine.execute(HierarchicalTestEngine.java:54)
	at org.junit.platform.launcher.core.EngineExecutionOrchestrator.execute(EngineExecutionOrchestrator.java:198)
	at org.junit.platform.launcher.core.EngineExecutionOrchestrator.execute(EngineExecutionOrchestrator.java:169)
	at org.junit.platform.launcher.core.EngineExecutionOrchestrator.execute(EngineExecutionOrchestrator.java:93)
	at org.junit.platform.launcher.core.EngineExecutionOrchestrator.lambda$execute$0(EngineExecutionOrchestrator.java:58)
	at org.junit.platform.launcher.core.EngineExecutionOrchestrator.withInterceptedStreams(EngineExecutionOrchestrator.java:141)
	at org.junit.platform.launcher.core.EngineExecutionOrchestrator.execute(EngineExecutionOrchestrator.java:57)
	at org.junit.platform.launcher.core.DefaultLauncher.execute(DefaultLauncher.java:103)
	at org.junit.platform.launcher.core.DefaultLauncher.execute(DefaultLauncher.java:85)
	at org.junit.platform.launcher.core.DelegatingLauncher.execute(DelegatingLauncher.java:47)
	at org.apache.maven.surefire.junitplatform.LazyLauncher.execute(LazyLauncher.java:56)
	at org.apache.maven.surefire.junitplatform.JUnitPlatformProvider.execute(JUnitPlatformProvider.java:184)
	at org.apache.maven.surefire.junitplatform.JUnitPlatformProvider.invokeAllTests(JUnitPlatformProvider.java:148)
	at org.apache.maven.surefire.junitplatform.JUnitPlatformProvider.invoke(JUnitPlatformProvider.java:122)
	at org.apache.maven.surefire.booter.ForkedBooter.runSuitesInProcess(ForkedBooter.java:385)
	at org.apache.maven.surefire.booter.ForkedBooter.execute(ForkedBooter.java:162)
	at org.apache.maven.surefire.booter.ForkedBooter.run(ForkedBooter.java:507)
	at org.apache.maven.surefire.booter.ForkedBooter.main(ForkedBooter.java:495)
10:24:18.222 [main] DEBUG org.hibernate.orm.jdbc.batch - PreparedStatementDetails did not contain PreparedStatement on #releaseStatements : delete from components where id=?
10:24:18.222 [main] DEBUG org.hibernate.resource.jdbc.internal.LogicalConnectionManagedImpl - Initiating JDBC connection release from afterTransaction
10:24:18.222 [main] DEBUG org.hibernate.orm.jdbc.batch - PreparedStatementDetails did not contain PreparedStatement on #releaseStatements : delete from components where id=?
10:24:18.222 [main] DEBUG org.hibernate.orm.jdbc.batch - PreparedStatementDetails did not contain PreparedStatement on #releaseStatements : delete from components where id=?
10:24:18.222 [main] DEBUG org.hibernate.resource.jdbc.internal.LogicalConnectionManagedImpl - Initiating JDBC connection release from afterTransaction
10:24:18.222 [main] DEBUG org.hibernate.engine.transaction.internal.TransactionImpl - rollback() called on an inactive transaction
10:24:18.223 [main] DEBUG org.hibernate.engine.jdbc.internal.JdbcCoordinatorImpl - HHH000420: Closing un-released batch
10:24:18.223 [main] DEBUG org.hibernate.orm.jdbc.batch - PreparedStatementDetails did not contain PreparedStatement on #releaseStatements : delete from components where id=?
10:24:18.223 [main] DEBUG org.hibernate.orm.jdbc.batch - PreparedStatementDetails did not contain PreparedStatement on #releaseStatements : delete from components where id=?
]]></system-out>
    <system-err><![CDATA[Apr 25, 2025 10:24:18 AM org.frcpm.repositories.impl.JpaRepositoryImpl delete
SEVERE: Error deleting entity
jakarta.persistence.RollbackException: Error while committing the transaction
	at org.hibernate.internal.ExceptionConverterImpl.convertCommitException(ExceptionConverterImpl.java:67)
	at org.hibernate.engine.transaction.internal.TransactionImpl.commit(TransactionImpl.java:104)
	at org.frcpm.repositories.impl.JpaRepositoryImpl.delete(JpaRepositoryImpl.java:165)
	at org.frcpm.repositories.ComponentRepositoryTest.cleanupTestComponents(ComponentRepositoryTest.java:63)
	at org.frcpm.repositories.ComponentRepositoryTest.tearDown(ComponentRepositoryTest.java:35)
	at java.base/jdk.internal.reflect.DirectMethodHandleAccessor.invoke(DirectMethodHandleAccessor.java:103)
	at java.base/java.lang.reflect.Method.invoke(Method.java:580)
	at org.junit.platform.commons.util.ReflectionUtils.invokeMethod(ReflectionUtils.java:728)
	at org.junit.jupiter.engine.execution.MethodInvocation.proceed(MethodInvocation.java:60)
	at org.junit.jupiter.engine.execution.InvocationInterceptorChain$ValidatingInvocation.proceed(InvocationInterceptorChain.java:131)
	at org.junit.jupiter.engine.extension.TimeoutExtension.intercept(TimeoutExtension.java:156)
	at org.junit.jupiter.engine.extension.TimeoutExtension.interceptLifecycleMethod(TimeoutExtension.java:128)
	at org.junit.jupiter.engine.extension.TimeoutExtension.interceptAfterEachMethod(TimeoutExtension.java:110)
	at org.junit.jupiter.engine.execution.InterceptingExecutableInvoker$ReflectiveInterceptorCall.lambda$ofVoidMethod$0(InterceptingExecutableInvoker.java:103)
	at org.junit.jupiter.engine.execution.InterceptingExecutableInvoker.lambda$invoke$0(InterceptingExecutableInvoker.java:93)
	at org.junit.jupiter.engine.execution.InvocationInterceptorChain$InterceptedInvocation.proceed(InvocationInterceptorChain.java:106)
	at org.junit.jupiter.engine.execution.InvocationInterceptorChain.proceed(InvocationInterceptorChain.java:64)
	at org.junit.jupiter.engine.execution.InvocationInterceptorChain.chainAndInvoke(InvocationInterceptorChain.java:45)
	at org.junit.jupiter.engine.execution.InvocationInterceptorChain.invoke(InvocationInterceptorChain.java:37)
	at org.junit.jupiter.engine.execution.InterceptingExecutableInvoker.invoke(InterceptingExecutableInvoker.java:92)
	at org.junit.jupiter.engine.execution.InterceptingExecutableInvoker.invoke(InterceptingExecutableInvoker.java:86)
	at org.junit.jupiter.engine.descriptor.ClassBasedTestDescriptor.invokeMethodInExtensionContext(ClassBasedTestDescriptor.java:521)
	at org.junit.jupiter.engine.descriptor.ClassBasedTestDescriptor.lambda$synthesizeAfterEachMethodAdapter$24(ClassBasedTestDescriptor.java:511)
	at org.junit.jupiter.engine.descriptor.TestMethodTestDescriptor.lambda$invokeAfterEachMethods$10(TestMethodTestDescriptor.java:244)
	at org.junit.jupiter.engine.descriptor.TestMethodTestDescriptor.lambda$invokeAllAfterMethodsOrCallbacks$13(TestMethodTestDescriptor.java:277)
	at org.junit.platform.engine.support.hierarchical.ThrowableCollector.execute(ThrowableCollector.java:73)
	at org.junit.jupiter.engine.descriptor.TestMethodTestDescriptor.lambda$invokeAllAfterMethodsOrCallbacks$14(TestMethodTestDescriptor.java:277)
	at org.junit.platform.commons.util.CollectionUtils.forEachInReverseOrder(CollectionUtils.java:217)
	at org.junit.jupiter.engine.descriptor.TestMethodTestDescriptor.invokeAllAfterMethodsOrCallbacks(TestMethodTestDescriptor.java:276)
	at org.junit.jupiter.engine.descriptor.TestMethodTestDescriptor.invokeAfterEachMethods(TestMethodTestDescriptor.java:242)
	at org.junit.jupiter.engine.descriptor.TestMethodTestDescriptor.execute(TestMethodTestDescriptor.java:143)
	at org.junit.jupiter.engine.descriptor.TestMethodTestDescriptor.execute(TestMethodTestDescriptor.java:69)
	at org.junit.platform.engine.support.hierarchical.NodeTestTask.lambda$executeRecursively$6(NodeTestTask.java:151)
	at org.junit.platform.engine.support.hierarchical.ThrowableCollector.execute(ThrowableCollector.java:73)
	at org.junit.platform.engine.support.hierarchical.NodeTestTask.lambda$executeRecursively$8(NodeTestTask.java:141)
	at org.junit.platform.engine.support.hierarchical.Node.around(Node.java:137)
	at org.junit.platform.engine.support.hierarchical.NodeTestTask.lambda$executeRecursively$9(NodeTestTask.java:139)
	at org.junit.platform.engine.support.hierarchical.ThrowableCollector.execute(ThrowableCollector.java:73)
	at org.junit.platform.engine.support.hierarchical.NodeTestTask.executeRecursively(NodeTestTask.java:138)
	at org.junit.platform.engine.support.hierarchical.NodeTestTask.execute(NodeTestTask.java:95)
	at java.base/java.util.ArrayList.forEach(ArrayList.java:1596)
	at org.junit.platform.engine.support.hierarchical.SameThreadHierarchicalTestExecutorService.invokeAll(SameThreadHierarchicalTestExecutorService.java:41)
	at org.junit.platform.engine.support.hierarchical.NodeTestTask.lambda$executeRecursively$6(NodeTestTask.java:155)
	at org.junit.platform.engine.support.hierarchical.ThrowableCollector.execute(ThrowableCollector.java:73)
	at org.junit.platform.engine.support.hierarchical.NodeTestTask.lambda$executeRecursively$8(NodeTestTask.java:141)
	at org.junit.platform.engine.support.hierarchical.Node.around(Node.java:137)
	at org.junit.platform.engine.support.hierarchical.NodeTestTask.lambda$executeRecursively$9(NodeTestTask.java:139)
	at org.junit.platform.engine.support.hierarchical.ThrowableCollector.execute(ThrowableCollector.java:73)
	at org.junit.platform.engine.support.hierarchical.NodeTestTask.executeRecursively(NodeTestTask.java:138)
	at org.junit.platform.engine.support.hierarchical.NodeTestTask.execute(NodeTestTask.java:95)
	at java.base/java.util.ArrayList.forEach(ArrayList.java:1596)
	at org.junit.platform.engine.support.hierarchical.SameThreadHierarchicalTestExecutorService.invokeAll(SameThreadHierarchicalTestExecutorService.java:41)
	at org.junit.platform.engine.support.hierarchical.NodeTestTask.lambda$executeRecursively$6(NodeTestTask.java:155)
	at org.junit.platform.engine.support.hierarchical.ThrowableCollector.execute(ThrowableCollector.java:73)
	at org.junit.platform.engine.support.hierarchical.NodeTestTask.lambda$executeRecursively$8(NodeTestTask.java:141)
	at org.junit.platform.engine.support.hierarchical.Node.around(Node.java:137)
	at org.junit.platform.engine.support.hierarchical.NodeTestTask.lambda$executeRecursively$9(NodeTestTask.java:139)
	at org.junit.platform.engine.support.hierarchical.ThrowableCollector.execute(ThrowableCollector.java:73)
	at org.junit.platform.engine.support.hierarchical.NodeTestTask.executeRecursively(NodeTestTask.java:138)
	at org.junit.platform.engine.support.hierarchical.NodeTestTask.execute(NodeTestTask.java:95)
	at org.junit.platform.engine.support.hierarchical.SameThreadHierarchicalTestExecutorService.submit(SameThreadHierarchicalTestExecutorService.java:35)
	at org.junit.platform.engine.support.hierarchical.HierarchicalTestExecutor.execute(HierarchicalTestExecutor.java:57)
	at org.junit.platform.engine.support.hierarchical.HierarchicalTestEngine.execute(HierarchicalTestEngine.java:54)
	at org.junit.platform.launcher.core.EngineExecutionOrchestrator.execute(EngineExecutionOrchestrator.java:198)
	at org.junit.platform.launcher.core.EngineExecutionOrchestrator.execute(EngineExecutionOrchestrator.java:169)
	at org.junit.platform.launcher.core.EngineExecutionOrchestrator.execute(EngineExecutionOrchestrator.java:93)
	at org.junit.platform.launcher.core.EngineExecutionOrchestrator.lambda$execute$0(EngineExecutionOrchestrator.java:58)
	at org.junit.platform.launcher.core.EngineExecutionOrchestrator.withInterceptedStreams(EngineExecutionOrchestrator.java:141)
	at org.junit.platform.launcher.core.EngineExecutionOrchestrator.execute(EngineExecutionOrchestrator.java:57)
	at org.junit.platform.launcher.core.DefaultLauncher.execute(DefaultLauncher.java:103)
	at org.junit.platform.launcher.core.DefaultLauncher.execute(DefaultLauncher.java:85)
	at org.junit.platform.launcher.core.DelegatingLauncher.execute(DelegatingLauncher.java:47)
	at org.apache.maven.surefire.junitplatform.LazyLauncher.execute(LazyLauncher.java:56)
	at org.apache.maven.surefire.junitplatform.JUnitPlatformProvider.execute(JUnitPlatformProvider.java:184)
	at org.apache.maven.surefire.junitplatform.JUnitPlatformProvider.invokeAllTests(JUnitPlatformProvider.java:148)
	at org.apache.maven.surefire.junitplatform.JUnitPlatformProvider.invoke(JUnitPlatformProvider.java:122)
	at org.apache.maven.surefire.booter.ForkedBooter.runSuitesInProcess(ForkedBooter.java:385)
	at org.apache.maven.surefire.booter.ForkedBooter.execute(ForkedBooter.java:162)
	at org.apache.maven.surefire.booter.ForkedBooter.run(ForkedBooter.java:507)
	at org.apache.maven.surefire.booter.ForkedBooter.main(ForkedBooter.java:495)
Caused by: org.hibernate.exception.ConstraintViolationException: could not execute batch [Referential integrity constraint violation: "FK5IRPAISPCX79XWY6N1QOMAXNV: PUBLIC.TASK_COMPONENTS FOREIGN KEY(COMPONENT_ID) REFERENCES PUBLIC.COMPONENTS(ID) (CAST(55 AS BIGINT))"; SQL statement:
delete from components where id=? [23503-224]] [delete from components where id=?]
	at org.hibernate.exception.internal.SQLStateConversionDelegate.convert(SQLStateConversionDelegate.java:97)
	at org.hibernate.exception.internal.StandardSQLExceptionConverter.convert(StandardSQLExceptionConverter.java:58)
	at org.hibernate.engine.jdbc.spi.SqlExceptionHelper.convert(SqlExceptionHelper.java:108)
	at org.hibernate.engine.jdbc.batch.internal.BatchImpl.lambda$performExecution$2(BatchImpl.java:294)
	at org.hibernate.engine.jdbc.mutation.internal.PreparedStatementGroupSingleTable.forEachStatement(PreparedStatementGroupSingleTable.java:67)
	at org.hibernate.engine.jdbc.batch.internal.BatchImpl.performExecution(BatchImpl.java:264)
	at org.hibernate.engine.jdbc.batch.internal.BatchImpl.execute(BatchImpl.java:242)
	at org.hibernate.engine.jdbc.internal.JdbcCoordinatorImpl.executeBatch(JdbcCoordinatorImpl.java:188)
	at org.hibernate.engine.spi.ActionQueue.executeActions(ActionQueue.java:662)
	at org.hibernate.engine.spi.ActionQueue.executeActions(ActionQueue.java:499)
	at org.hibernate.event.internal.AbstractFlushingEventListener.performExecutions(AbstractFlushingEventListener.java:371)
	at org.hibernate.event.internal.DefaultFlushEventListener.onFlush(DefaultFlushEventListener.java:41)
	at org.hibernate.event.service.internal.EventListenerGroupImpl.fireEventOnEachListener(EventListenerGroupImpl.java:127)
	at org.hibernate.internal.SessionImpl.doFlush(SessionImpl.java:1425)
	at org.hibernate.internal.SessionImpl.managedFlush(SessionImpl.java:487)
	at org.hibernate.internal.SessionImpl.flushBeforeTransactionCompletion(SessionImpl.java:2324)
	at org.hibernate.internal.SessionImpl.beforeTransactionCompletion(SessionImpl.java:1981)
	at org.hibernate.engine.jdbc.internal.JdbcCoordinatorImpl.beforeTransactionCompletion(JdbcCoordinatorImpl.java:439)
	at org.hibernate.resource.transaction.backend.jdbc.internal.JdbcResourceLocalTransactionCoordinatorImpl.beforeCompletionCallback(JdbcResourceLocalTransactionCoordinatorImpl.java:169)
	at org.hibernate.resource.transaction.backend.jdbc.internal.JdbcResourceLocalTransactionCoordinatorImpl$TransactionDriverControlImpl.commit(JdbcResourceLocalTransactionCoordinatorImpl.java:267)
	at org.hibernate.engine.transaction.internal.TransactionImpl.commit(TransactionImpl.java:101)
	... 78 more
Caused by: org.h2.jdbc.JdbcBatchUpdateException: Referential integrity constraint violation: "FK5IRPAISPCX79XWY6N1QOMAXNV: PUBLIC.TASK_COMPONENTS FOREIGN KEY(COMPONENT_ID) REFERENCES PUBLIC.COMPONENTS(ID) (CAST(55 AS BIGINT))"; SQL statement:
delete from components where id=? [23503-224]
	at org.h2.jdbc.JdbcPreparedStatement.executeBatch(JdbcPreparedStatement.java:1282)
	at com.zaxxer.hikari.pool.ProxyStatement.executeBatch(ProxyStatement.java:127)
	at com.zaxxer.hikari.pool.HikariProxyPreparedStatement.executeBatch(HikariProxyPreparedStatement.java)
	at org.hibernate.engine.jdbc.batch.internal.BatchImpl.lambda$performExecution$2(BatchImpl.java:279)
	... 95 more

]]></system-err>
  </testcase>
  <testcase name="testFindByPartNumber" classname="org.frcpm.repositories.ComponentRepositoryTest" time="0.035">
    <error message="Failed to delete entity" type="java.lang.RuntimeException"><![CDATA[java.lang.RuntimeException: Failed to delete entity
	at org.frcpm.repositories.impl.JpaRepositoryImpl.delete(JpaRepositoryImpl.java:171)
	at org.frcpm.repositories.ComponentRepositoryTest.cleanupTestComponents(ComponentRepositoryTest.java:63)
	at org.frcpm.repositories.ComponentRepositoryTest.tearDown(ComponentRepositoryTest.java:35)
	at java.base/java.lang.reflect.Method.invoke(Method.java:580)
	at java.base/java.util.ArrayList.forEach(ArrayList.java:1596)
	at java.base/java.util.ArrayList.forEach(ArrayList.java:1596)
Caused by: jakarta.persistence.RollbackException: Error while committing the transaction
	at org.hibernate.internal.ExceptionConverterImpl.convertCommitException(ExceptionConverterImpl.java:67)
	at org.hibernate.engine.transaction.internal.TransactionImpl.commit(TransactionImpl.java:104)
	at org.frcpm.repositories.impl.JpaRepositoryImpl.delete(JpaRepositoryImpl.java:165)
	... 5 more
Caused by: org.hibernate.exception.ConstraintViolationException: could not execute batch [Referential integrity constraint violation: "FK5IRPAISPCX79XWY6N1QOMAXNV: PUBLIC.TASK_COMPONENTS FOREIGN KEY(COMPONENT_ID) REFERENCES PUBLIC.COMPONENTS(ID) (CAST(55 AS BIGINT))"; SQL statement:
delete from components where id=? [23503-224]] [delete from components where id=?]
	at org.hibernate.exception.internal.SQLStateConversionDelegate.convert(SQLStateConversionDelegate.java:97)
	at org.hibernate.exception.internal.StandardSQLExceptionConverter.convert(StandardSQLExceptionConverter.java:58)
	at org.hibernate.engine.jdbc.spi.SqlExceptionHelper.convert(SqlExceptionHelper.java:108)
	at org.hibernate.engine.jdbc.batch.internal.BatchImpl.lambda$performExecution$2(BatchImpl.java:294)
	at org.hibernate.engine.jdbc.mutation.internal.PreparedStatementGroupSingleTable.forEachStatement(PreparedStatementGroupSingleTable.java:67)
	at org.hibernate.engine.jdbc.batch.internal.BatchImpl.performExecution(BatchImpl.java:264)
	at org.hibernate.engine.jdbc.batch.internal.BatchImpl.execute(BatchImpl.java:242)
	at org.hibernate.engine.jdbc.internal.JdbcCoordinatorImpl.executeBatch(JdbcCoordinatorImpl.java:188)
	at org.hibernate.engine.spi.ActionQueue.executeActions(ActionQueue.java:662)
	at org.hibernate.engine.spi.ActionQueue.executeActions(ActionQueue.java:499)
	at org.hibernate.event.internal.AbstractFlushingEventListener.performExecutions(AbstractFlushingEventListener.java:371)
	at org.hibernate.event.internal.DefaultFlushEventListener.onFlush(DefaultFlushEventListener.java:41)
	at org.hibernate.event.service.internal.EventListenerGroupImpl.fireEventOnEachListener(EventListenerGroupImpl.java:127)
	at org.hibernate.internal.SessionImpl.doFlush(SessionImpl.java:1425)
	at org.hibernate.internal.SessionImpl.managedFlush(SessionImpl.java:487)
	at org.hibernate.internal.SessionImpl.flushBeforeTransactionCompletion(SessionImpl.java:2324)
	at org.hibernate.internal.SessionImpl.beforeTransactionCompletion(SessionImpl.java:1981)
	at org.hibernate.engine.jdbc.internal.JdbcCoordinatorImpl.beforeTransactionCompletion(JdbcCoordinatorImpl.java:439)
	at org.hibernate.resource.transaction.backend.jdbc.internal.JdbcResourceLocalTransactionCoordinatorImpl.beforeCompletionCallback(JdbcResourceLocalTransactionCoordinatorImpl.java:169)
	at org.hibernate.resource.transaction.backend.jdbc.internal.JdbcResourceLocalTransactionCoordinatorImpl$TransactionDriverControlImpl.commit(JdbcResourceLocalTransactionCoordinatorImpl.java:267)
	at org.hibernate.engine.transaction.internal.TransactionImpl.commit(TransactionImpl.java:101)
	... 6 more
Caused by: org.h2.jdbc.JdbcBatchUpdateException: Referential integrity constraint violation: "FK5IRPAISPCX79XWY6N1QOMAXNV: PUBLIC.TASK_COMPONENTS FOREIGN KEY(COMPONENT_ID) REFERENCES PUBLIC.COMPONENTS(ID) (CAST(55 AS BIGINT))"; SQL statement:
delete from components where id=? [23503-224]
	at org.h2.jdbc.JdbcPreparedStatement.executeBatch(JdbcPreparedStatement.java:1282)
	at com.zaxxer.hikari.pool.ProxyStatement.executeBatch(ProxyStatement.java:127)
	at com.zaxxer.hikari.pool.HikariProxyPreparedStatement.executeBatch(HikariProxyPreparedStatement.java)
	at org.hibernate.engine.jdbc.batch.internal.BatchImpl.lambda$performExecution$2(BatchImpl.java:279)
	... 23 more
]]></error>
    <system-out><![CDATA[10:24:18.225 [main] DEBUG org.hibernate.engine.transaction.internal.TransactionImpl - On TransactionImpl creation, JpaCompliance#isJpaTransactionComplianceEnabled == false
10:24:18.225 [main] DEBUG org.hibernate.engine.transaction.internal.TransactionImpl - begin
10:24:18.225 [main] DEBUG org.hibernate.engine.spi.ActionQueue - Executing identity-insert immediately
10:24:18.225 [main] DEBUG org.hibernate.SQL - insert into components (actual_delivery,is_delivered,description,expected_delivery,name,part_number,id) values (?,?,?,?,?,?,default)
10:24:18.226 [main] DEBUG org.hibernate.orm.results - Initializer list is empty
10:24:18.226 [main] DEBUG org.hibernate.orm.results.loading - Calling top-level assembler (0 / 1) : org.hibernate.sql.results.graph.basic.BasicResultAssembler@171968dd
10:24:18.226 [main] DEBUG org.hibernate.orm.results - Extracted JDBC value [0] - [85]
10:24:18.226 [main] DEBUG org.hibernate.id.IdentifierGeneratorHelper - Extracted generated values [org.frcpm.models.Component]: [Ljava.lang.Object;@7a8fa097
10:24:18.227 [main] DEBUG org.hibernate.event.internal.AbstractFlushingEventListener - Processing flush-time cascades
10:24:18.227 [main] DEBUG org.hibernate.event.internal.AbstractFlushingEventListener - Dirty checking collections
10:24:18.227 [main] DEBUG org.hibernate.engine.internal.Collections - Collection found: [org.frcpm.models.Component.requiredForTasks#85], was: [<unreferenced>] (initialized)
10:24:18.227 [main] DEBUG org.hibernate.event.internal.AbstractFlushingEventListener - Flushed: 0 insertions, 0 updates, 0 deletions to 1 objects
10:24:18.227 [main] DEBUG org.hibernate.event.internal.AbstractFlushingEventListener - Flushed: 1 (re)creations, 0 updates, 0 removals to 1 collections
10:24:18.227 [main] DEBUG org.hibernate.internal.util.EntityPrinter - Listing entities:
10:24:18.227 [main] DEBUG org.hibernate.internal.util.EntityPrinter - org.frcpm.models.Component{expectedDelivery=2025-04-30, requiredForTasks=[], name=Test Component 1, actualDelivery=null, description=First test component description, delivered=false, partNumber=TC-001, id=85}
10:24:18.228 [main] DEBUG org.hibernate.engine.transaction.internal.TransactionImpl - committing
10:24:18.228 [main] DEBUG org.hibernate.event.internal.AbstractFlushingEventListener - Processing flush-time cascades
10:24:18.228 [main] DEBUG org.hibernate.event.internal.AbstractFlushingEventListener - Dirty checking collections
10:24:18.228 [main] DEBUG org.hibernate.engine.internal.Collections - Collection found: [org.frcpm.models.Component.requiredForTasks#85], was: [org.frcpm.models.Component.requiredForTasks#85] (initialized)
10:24:18.228 [main] DEBUG org.hibernate.event.internal.AbstractFlushingEventListener - Flushed: 0 insertions, 0 updates, 0 deletions to 1 objects
10:24:18.228 [main] DEBUG org.hibernate.event.internal.AbstractFlushingEventListener - Flushed: 0 (re)creations, 0 updates, 0 removals to 1 collections
10:24:18.228 [main] DEBUG org.hibernate.internal.util.EntityPrinter - Listing entities:
10:24:18.228 [main] DEBUG org.hibernate.internal.util.EntityPrinter - org.frcpm.models.Component{expectedDelivery=2025-04-30, requiredForTasks=[], name=Test Component 1, actualDelivery=null, description=First test component description, delivered=false, partNumber=TC-001, id=85}
10:24:18.228 [main] DEBUG org.hibernate.resource.jdbc.internal.LogicalConnectionManagedImpl - Initiating JDBC connection release from afterTransaction
10:24:18.228 [main] DEBUG org.hibernate.resource.jdbc.internal.LogicalConnectionManagedImpl - Initiating JDBC connection release from afterTransaction
10:24:18.229 [main] DEBUG org.hibernate.engine.transaction.internal.TransactionImpl - On TransactionImpl creation, JpaCompliance#isJpaTransactionComplianceEnabled == false
10:24:18.229 [main] DEBUG org.hibernate.engine.transaction.internal.TransactionImpl - begin
10:24:18.229 [main] DEBUG org.hibernate.engine.spi.ActionQueue - Executing identity-insert immediately
10:24:18.229 [main] DEBUG org.hibernate.SQL - insert into components (actual_delivery,is_delivered,description,expected_delivery,name,part_number,id) values (?,?,?,?,?,?,default)
10:24:18.231 [main] DEBUG org.hibernate.orm.results - Initializer list is empty
10:24:18.232 [main] DEBUG org.hibernate.orm.results.loading - Calling top-level assembler (0 / 1) : org.hibernate.sql.results.graph.basic.BasicResultAssembler@1d5819f1
10:24:18.232 [main] DEBUG org.hibernate.orm.results - Extracted JDBC value [0] - [86]
10:24:18.232 [main] DEBUG org.hibernate.id.IdentifierGeneratorHelper - Extracted generated values [org.frcpm.models.Component]: [Ljava.lang.Object;@7fa715ce
10:24:18.234 [main] DEBUG org.hibernate.event.internal.AbstractFlushingEventListener - Processing flush-time cascades
10:24:18.234 [main] DEBUG org.hibernate.event.internal.AbstractFlushingEventListener - Dirty checking collections
10:24:18.234 [main] DEBUG org.hibernate.engine.internal.Collections - Collection found: [org.frcpm.models.Component.requiredForTasks#86], was: [<unreferenced>] (initialized)
10:24:18.234 [main] DEBUG org.hibernate.event.internal.AbstractFlushingEventListener - Flushed: 0 insertions, 0 updates, 0 deletions to 1 objects
10:24:18.234 [main] DEBUG org.hibernate.event.internal.AbstractFlushingEventListener - Flushed: 1 (re)creations, 0 updates, 0 removals to 1 collections
10:24:18.234 [main] DEBUG org.hibernate.internal.util.EntityPrinter - Listing entities:
10:24:18.234 [main] DEBUG org.hibernate.internal.util.EntityPrinter - org.frcpm.models.Component{expectedDelivery=2025-05-02, requiredForTasks=[], name=Test Component 2, actualDelivery=null, description=Second test component description, delivered=false, partNumber=TC-002, id=86}
10:24:18.234 [main] DEBUG org.hibernate.engine.transaction.internal.TransactionImpl - committing
10:24:18.234 [main] DEBUG org.hibernate.event.internal.AbstractFlushingEventListener - Processing flush-time cascades
10:24:18.234 [main] DEBUG org.hibernate.event.internal.AbstractFlushingEventListener - Dirty checking collections
10:24:18.234 [main] DEBUG org.hibernate.engine.internal.Collections - Collection found: [org.frcpm.models.Component.requiredForTasks#86], was: [org.frcpm.models.Component.requiredForTasks#86] (initialized)
10:24:18.234 [main] DEBUG org.hibernate.event.internal.AbstractFlushingEventListener - Flushed: 0 insertions, 0 updates, 0 deletions to 1 objects
10:24:18.234 [main] DEBUG org.hibernate.event.internal.AbstractFlushingEventListener - Flushed: 0 (re)creations, 0 updates, 0 removals to 1 collections
10:24:18.234 [main] DEBUG org.hibernate.internal.util.EntityPrinter - Listing entities:
10:24:18.234 [main] DEBUG org.hibernate.internal.util.EntityPrinter - org.frcpm.models.Component{expectedDelivery=2025-05-02, requiredForTasks=[], name=Test Component 2, actualDelivery=null, description=Second test component description, delivered=false, partNumber=TC-002, id=86}
10:24:18.234 [main] DEBUG org.hibernate.resource.jdbc.internal.LogicalConnectionManagedImpl - Initiating JDBC connection release from afterTransaction
10:24:18.234 [main] DEBUG org.hibernate.resource.jdbc.internal.LogicalConnectionManagedImpl - Initiating JDBC connection release from afterTransaction
10:24:18.235 [main] DEBUG org.hibernate.engine.transaction.internal.TransactionImpl - On TransactionImpl creation, JpaCompliance#isJpaTransactionComplianceEnabled == false
10:24:18.235 [main] DEBUG org.hibernate.engine.transaction.internal.TransactionImpl - begin
10:24:18.235 [main] DEBUG org.hibernate.engine.spi.ActionQueue - Executing identity-insert immediately
10:24:18.235 [main] DEBUG org.hibernate.SQL - insert into components (actual_delivery,is_delivered,description,expected_delivery,name,part_number,id) values (?,?,?,?,?,?,default)
10:24:18.235 [main] DEBUG org.hibernate.orm.results - Initializer list is empty
10:24:18.236 [main] DEBUG org.hibernate.orm.results.loading - Calling top-level assembler (0 / 1) : org.hibernate.sql.results.graph.basic.BasicResultAssembler@27de3b5f
10:24:18.236 [main] DEBUG org.hibernate.orm.results - Extracted JDBC value [0] - [87]
10:24:18.236 [main] DEBUG org.hibernate.id.IdentifierGeneratorHelper - Extracted generated values [org.frcpm.models.Component]: [Ljava.lang.Object;@6f1d227d
10:24:18.236 [main] DEBUG org.hibernate.event.internal.AbstractFlushingEventListener - Processing flush-time cascades
10:24:18.236 [main] DEBUG org.hibernate.event.internal.AbstractFlushingEventListener - Dirty checking collections
10:24:18.236 [main] DEBUG org.hibernate.engine.internal.Collections - Collection found: [org.frcpm.models.Component.requiredForTasks#87], was: [<unreferenced>] (initialized)
10:24:18.236 [main] DEBUG org.hibernate.event.internal.AbstractFlushingEventListener - Flushed: 0 insertions, 0 updates, 0 deletions to 1 objects
10:24:18.236 [main] DEBUG org.hibernate.event.internal.AbstractFlushingEventListener - Flushed: 1 (re)creations, 0 updates, 0 removals to 1 collections
10:24:18.236 [main] DEBUG org.hibernate.internal.util.EntityPrinter - Listing entities:
10:24:18.236 [main] DEBUG org.hibernate.internal.util.EntityPrinter - org.frcpm.models.Component{expectedDelivery=2025-05-05, requiredForTasks=[], name=Test Component 3, actualDelivery=2025-05-04, description=Third test component description, delivered=true, partNumber=TC-003, id=87}
10:24:18.236 [main] DEBUG org.hibernate.engine.transaction.internal.TransactionImpl - committing
10:24:18.236 [main] DEBUG org.hibernate.event.internal.AbstractFlushingEventListener - Processing flush-time cascades
10:24:18.236 [main] DEBUG org.hibernate.event.internal.AbstractFlushingEventListener - Dirty checking collections
10:24:18.236 [main] DEBUG org.hibernate.engine.internal.Collections - Collection found: [org.frcpm.models.Component.requiredForTasks#87], was: [org.frcpm.models.Component.requiredForTasks#87] (initialized)
10:24:18.236 [main] DEBUG org.hibernate.event.internal.AbstractFlushingEventListener - Flushed: 0 insertions, 0 updates, 0 deletions to 1 objects
10:24:18.236 [main] DEBUG org.hibernate.event.internal.AbstractFlushingEventListener - Flushed: 0 (re)creations, 0 updates, 0 removals to 1 collections
10:24:18.236 [main] DEBUG org.hibernate.internal.util.EntityPrinter - Listing entities:
10:24:18.236 [main] DEBUG org.hibernate.internal.util.EntityPrinter - org.frcpm.models.Component{expectedDelivery=2025-05-05, requiredForTasks=[], name=Test Component 3, actualDelivery=2025-05-04, description=Third test component description, delivered=true, partNumber=TC-003, id=87}
10:24:18.237 [main] DEBUG org.hibernate.resource.jdbc.internal.LogicalConnectionManagedImpl - Initiating JDBC connection release from afterTransaction
10:24:18.237 [main] DEBUG org.hibernate.resource.jdbc.internal.LogicalConnectionManagedImpl - Initiating JDBC connection release from afterTransaction
10:24:18.237 [main] DEBUG org.hibernate.orm.query.hql - HQL : SELECT c FROM Component c WHERE c.partNumber = :partNumber
10:24:18.238 [main] DEBUG org.hibernate.orm.query.sqm.creation - Applying inferable type to SqmExpression [SqmNamedParameter(partNumber)] : null -> SqmBasicValuedSimplePath(org.frcpm.models.Component(c).partNumber)
10:24:18.238 [main] DEBUG org.hibernate.orm.query.sqm.ast - SqmStatement Tree :
    -> [select]
      -> [query-spec]
        -> [select]
          -> [selection]
            -> [root] - `org.frcpm.models.Component(c)`
            <- [root] - `org.frcpm.models.Component(c)`
          <- [selection]
        <- [select]
        -> [from]
          -> [root] - `org.frcpm.models.Component(c)`
          <- [root] - `org.frcpm.models.Component(c)`
        <- [from]
        -> [where]
          -> [EQUAL]
              -> [basic-path] - `org.frcpm.models.Component(c).partNumber`
              :partNumber
          <- [EQUAL]
        <- [where]
      <- [query-spec]
    <- [select]

10:24:18.239 [main] DEBUG org.hibernate.orm.sql.ast.create - Created new SQL alias : c1_0
10:24:18.239 [main] DEBUG org.hibernate.orm.sql.ast.create - Registration of TableGroup [StandardTableGroup(org.frcpm.models.Component(c))] with identifierForTableGroup [org.frcpm.models.Component] for NavigablePath [org.frcpm.models.Component] 
10:24:18.239 [main] DEBUG org.hibernate.query.sqm.sql.BaseSqmToSqlAstConverter - Determining mapping-model type for SqmParameter : SqmNamedParameter(partNumber)
10:24:18.239 [main] DEBUG org.hibernate.query.sqm.sql.BaseSqmToSqlAstConverter - Determining mapping-model type for SqmPath : SqmBasicValuedSimplePath(org.frcpm.models.Component(c).partNumber) 
10:24:18.239 [main] DEBUG org.hibernate.orm.results.graph.AST - DomainResult Graph:
 \-EntityResultImpl [org.frcpm.models.Component(c)]
 |  +-BasicFetch [org.frcpm.models.Component(c).actualDelivery]
 |  +-BasicFetch [org.frcpm.models.Component(c).delivered]
 |  +-BasicFetch [org.frcpm.models.Component(c).description]
 |  +-BasicFetch [org.frcpm.models.Component(c).expectedDelivery]
 |  +-BasicFetch [org.frcpm.models.Component(c).name]
 |  +-BasicFetch [org.frcpm.models.Component(c).partNumber]
 |  \-DelayedCollectionFetch [org.frcpm.models.Component(c).requiredForTasks]

10:24:18.240 [main] DEBUG org.hibernate.orm.sql.ast.tree - SQL AST Tree:
    SelectStatement {
      FromClause {
        StandardTableGroup (c1 : org.frcpm.models.Component(c)) {
          primaryTableReference : components as c1_0
        }
      }
    }

10:24:18.240 [main] DEBUG org.hibernate.orm.sql.exec - Skipping reading Query result cache data: cache-enabled = false, cache-mode = NORMAL
10:24:18.240 [main] DEBUG org.hibernate.orm.results - Initializer list:
	  org.frcpm.models.Component(c) -> EntityResultInitializer(org.frcpm.models.Component(c))@2055995068 (SingleTableEntityPersister(org.frcpm.models.Component))
	  org.frcpm.models.Component(c).requiredForTasks -> DelayedCollectionInitializer(org.frcpm.models.Component(c).requiredForTasks)@956828500 (PluralAttribute(org.frcpm.models.Component.requiredForTasks))

10:24:18.240 [main] DEBUG org.hibernate.SQL - select c1_0.id,c1_0.actual_delivery,c1_0.is_delivered,c1_0.description,c1_0.expected_delivery,c1_0.name,c1_0.part_number from components c1_0 where c1_0.part_number=?
10:24:18.241 [main] DEBUG org.hibernate.orm.results - Extracted JDBC value [0] - [57]
10:24:18.241 [main] DEBUG org.hibernate.orm.results.loading.entity - (EntityResultInitializer) Hydrated EntityKey (org.frcpm.models.Component(c)): 57
10:24:18.241 [main] DEBUG org.hibernate.orm.results.loading.org.hibernate.orm.results.loading.collection - (DelayedCollectionInitializer) Current row collection key : org.frcpm.models.Component(c).requiredForTasks#57
10:24:18.241 [main] DEBUG org.hibernate.orm.results.loading.entity - (EntityResultInitializer) Created new entity instance [org.frcpm.models.Component(c)#57] : 1552549752
10:24:18.241 [main] DEBUG org.hibernate.orm.results - Extracted JDBC value [1] - [null]
10:24:18.241 [main] DEBUG org.hibernate.orm.results - Extracted JDBC value [2] - [false]
10:24:18.241 [main] DEBUG org.hibernate.orm.results - Extracted JDBC value [3] - [First test component description]
10:24:18.241 [main] DEBUG org.hibernate.orm.results - Extracted JDBC value [4] - [2025-04-30]
10:24:18.241 [main] DEBUG org.hibernate.orm.results - Extracted JDBC value [5] - [Test Component 1]
10:24:18.241 [main] DEBUG org.hibernate.orm.results - Extracted JDBC value [6] - [TC-001]
10:24:18.241 [main] DEBUG org.hibernate.orm.results.loading.entity - (EntityResultInitializer) Done materializing entityInstance : org.frcpm.models.Component(c)#57
10:24:18.241 [main] DEBUG org.hibernate.orm.results.loading - Calling top-level assembler (0 / 1) : org.hibernate.sql.results.graph.entity.internal.EntityAssembler@236f20da
10:24:18.242 [main] DEBUG org.hibernate.orm.sql.ast.create - Created new SQL alias : c1_0
10:24:18.242 [main] DEBUG org.hibernate.orm.sql.ast.create - Registration of TableGroup [StandardTableGroup(org.frcpm.models.Component(959674528909700))] with identifierForTableGroup [org.frcpm.models.Component] for NavigablePath [org.frcpm.models.Component] 
10:24:18.242 [main] DEBUG org.hibernate.orm.results.graph.AST - DomainResult Graph:
 \-EntityResultImpl [org.frcpm.models.Component(959674528909700)]
 |  +-BasicFetch [org.frcpm.models.Component(959674528909700).actualDelivery]
 |  +-BasicFetch [org.frcpm.models.Component(959674528909700).delivered]
 |  +-BasicFetch [org.frcpm.models.Component(959674528909700).description]
 |  +-BasicFetch [org.frcpm.models.Component(959674528909700).expectedDelivery]
 |  +-BasicFetch [org.frcpm.models.Component(959674528909700).name]
 |  +-BasicFetch [org.frcpm.models.Component(959674528909700).partNumber]
 |  \-DelayedCollectionFetch [org.frcpm.models.Component(959674528909700).requiredForTasks]

10:24:18.242 [main] DEBUG org.hibernate.orm.sql.ast.tree - SQL AST Tree:
    SelectStatement {
      FromClause {
        StandardTableGroup (c1 : org.frcpm.models.Component(959674528909700)) {
          primaryTableReference : components as c1_0
        }
      }
    }

10:24:18.242 [main] DEBUG org.hibernate.orm.sql.exec - Skipping reading Query result cache data: cache-enabled = false, cache-mode = NORMAL
10:24:18.242 [main] DEBUG org.hibernate.orm.results - Initializer list:
	  org.frcpm.models.Component(959674528909700) -> EntityResultInitializer(org.frcpm.models.Component(959674528909700))@577968949 (SingleTableEntityPersister(org.frcpm.models.Component))
	  org.frcpm.models.Component(959674528909700).requiredForTasks -> DelayedCollectionInitializer(org.frcpm.models.Component(959674528909700).requiredForTasks)@1251521124 (PluralAttribute(org.frcpm.models.Component.requiredForTasks))

10:24:18.242 [main] DEBUG org.hibernate.SQL - select c1_0.id,c1_0.actual_delivery,c1_0.is_delivered,c1_0.description,c1_0.expected_delivery,c1_0.name,c1_0.part_number from components c1_0
10:24:18.243 [main] DEBUG org.hibernate.orm.results - Extracted JDBC value [0] - [1]
10:24:18.243 [main] DEBUG org.hibernate.orm.results.loading.entity - (EntityResultInitializer) Hydrated EntityKey (org.frcpm.models.Component(959674528909700)): 1
10:24:18.243 [main] DEBUG org.hibernate.orm.results.loading.org.hibernate.orm.results.loading.collection - (DelayedCollectionInitializer) Current row collection key : org.frcpm.models.Component(959674528909700).requiredForTasks#1
10:24:18.243 [main] DEBUG org.hibernate.orm.results.loading.entity - (EntityResultInitializer) Created new entity instance [org.frcpm.models.Component(959674528909700)#1] : 910420975
10:24:18.243 [main] DEBUG org.hibernate.orm.results - Extracted JDBC value [1] - [null]
10:24:18.243 [main] DEBUG org.hibernate.orm.results - Extracted JDBC value [2] - [false]
10:24:18.243 [main] DEBUG org.hibernate.orm.results - Extracted JDBC value [3] - [Motor controller for NEO brushless motors]
10:24:18.243 [main] DEBUG org.hibernate.orm.results - Extracted JDBC value [4] - [2025-05-04]
10:24:18.243 [main] DEBUG org.hibernate.orm.results - Extracted JDBC value [5] - [SPARK MAX]
10:24:18.243 [main] DEBUG org.hibernate.orm.results - Extracted JDBC value [6] - [REV-11-2158]
10:24:18.243 [main] DEBUG org.hibernate.orm.results.loading.entity - (EntityResultInitializer) Done materializing entityInstance : org.frcpm.models.Component(959674528909700)#1
10:24:18.243 [main] DEBUG org.hibernate.orm.results.loading - Calling top-level assembler (0 / 1) : org.hibernate.sql.results.graph.entity.internal.EntityAssembler@505cf42e
10:24:18.243 [main] DEBUG org.hibernate.orm.results - Extracted JDBC value [0] - [2]
10:24:18.243 [main] DEBUG org.hibernate.orm.results.loading.entity - (EntityResultInitializer) Hydrated EntityKey (org.frcpm.models.Component(959674528909700)): 2
10:24:18.243 [main] DEBUG org.hibernate.orm.results.loading.org.hibernate.orm.results.loading.collection - (DelayedCollectionInitializer) Current row collection key : org.frcpm.models.Component(959674528909700).requiredForTasks#2
10:24:18.243 [main] DEBUG org.hibernate.orm.results.loading.entity - (EntityResultInitializer) Created new entity instance [org.frcpm.models.Component(959674528909700)#2] : 1132710333
10:24:18.243 [main] DEBUG org.hibernate.orm.results - Extracted JDBC value [1] - [null]
10:24:18.243 [main] DEBUG org.hibernate.orm.results - Extracted JDBC value [2] - [false]
10:24:18.244 [main] DEBUG org.hibernate.orm.results - Extracted JDBC value [3] - [High performance brushless DC motor]
10:24:18.244 [main] DEBUG org.hibernate.orm.results - Extracted JDBC value [4] - [2025-05-04]
10:24:18.244 [main] DEBUG org.hibernate.orm.results - Extracted JDBC value [5] - [NEO Brushless Motor]
10:24:18.244 [main] DEBUG org.hibernate.orm.results - Extracted JDBC value [6] - [REV-21-1650]
10:24:18.244 [main] DEBUG org.hibernate.orm.results.loading.entity - (EntityResultInitializer) Done materializing entityInstance : org.frcpm.models.Component(959674528909700)#2
10:24:18.244 [main] DEBUG org.hibernate.orm.results.loading - Calling top-level assembler (0 / 1) : org.hibernate.sql.results.graph.entity.internal.EntityAssembler@505cf42e
10:24:18.244 [main] DEBUG org.hibernate.orm.results - Extracted JDBC value [0] - [3]
10:24:18.244 [main] DEBUG org.hibernate.orm.results.loading.entity - (EntityResultInitializer) Hydrated EntityKey (org.frcpm.models.Component(959674528909700)): 3
10:24:18.244 [main] DEBUG org.hibernate.orm.results.loading.org.hibernate.orm.results.loading.collection - (DelayedCollectionInitializer) Current row collection key : org.frcpm.models.Component(959674528909700).requiredForTasks#3
10:24:18.244 [main] DEBUG org.hibernate.orm.results.loading.entity - (EntityResultInitializer) Created new entity instance [org.frcpm.models.Component(959674528909700)#3] : 1750458058
10:24:18.244 [main] DEBUG org.hibernate.orm.results - Extracted JDBC value [1] - [2025-05-01]
10:24:18.244 [main] DEBUG org.hibernate.orm.results - Extracted JDBC value [2] - [true]
10:24:18.244 [main] DEBUG org.hibernate.orm.results - Extracted JDBC value [3] - [Omni-directional wheels for holonomic drive]
10:24:18.244 [main] DEBUG org.hibernate.orm.results - Extracted JDBC value [4] - [2025-05-02]
10:24:18.244 [main] DEBUG org.hibernate.orm.results - Extracted JDBC value [5] - [4" Omni Wheels]
10:24:18.244 [main] DEBUG org.hibernate.orm.results - Extracted JDBC value [6] - [AM-0016]
10:24:18.244 [main] DEBUG org.hibernate.orm.results.loading.entity - (EntityResultInitializer) Done materializing entityInstance : org.frcpm.models.Component(959674528909700)#3
10:24:18.244 [main] DEBUG org.hibernate.orm.results.loading - Calling top-level assembler (0 / 1) : org.hibernate.sql.results.graph.entity.internal.EntityAssembler@505cf42e
10:24:18.245 [main] DEBUG org.hibernate.orm.results - Extracted JDBC value [0] - [4]
10:24:18.245 [main] DEBUG org.hibernate.orm.results.loading.entity - (EntityResultInitializer) Hydrated EntityKey (org.frcpm.models.Component(959674528909700)): 4
10:24:18.245 [main] DEBUG org.hibernate.orm.results.loading.org.hibernate.orm.results.loading.collection - (DelayedCollectionInitializer) Current row collection key : org.frcpm.models.Component(959674528909700).requiredForTasks#4
10:24:18.245 [main] DEBUG org.hibernate.orm.results.loading.entity - (EntityResultInitializer) Created new entity instance [org.frcpm.models.Component(959674528909700)#4] : 34360837
10:24:18.245 [main] DEBUG org.hibernate.orm.results - Extracted JDBC value [1] - [null]
10:24:18.245 [main] DEBUG org.hibernate.orm.results - Extracted JDBC value [2] - [false]
10:24:18.245 [main] DEBUG org.hibernate.orm.results - Extracted JDBC value [3] - [Smart camera for vision tracking]
10:24:18.245 [main] DEBUG org.hibernate.orm.results - Extracted JDBC value [4] - [2025-05-08]
10:24:18.245 [main] DEBUG org.hibernate.orm.results - Extracted JDBC value [5] - [Limelight 3]
10:24:18.245 [main] DEBUG org.hibernate.orm.results - Extracted JDBC value [6] - [LL3-1]
10:24:18.245 [main] DEBUG org.hibernate.orm.results.loading.entity - (EntityResultInitializer) Done materializing entityInstance : org.frcpm.models.Component(959674528909700)#4
10:24:18.245 [main] DEBUG org.hibernate.orm.results.loading - Calling top-level assembler (0 / 1) : org.hibernate.sql.results.graph.entity.internal.EntityAssembler@505cf42e
10:24:18.245 [main] DEBUG org.hibernate.orm.results - Extracted JDBC value [0] - [5]
10:24:18.245 [main] DEBUG org.hibernate.orm.results.loading.entity - (EntityResultInitializer) Hydrated EntityKey (org.frcpm.models.Component(959674528909700)): 5
10:24:18.245 [main] DEBUG org.hibernate.orm.results.loading.org.hibernate.orm.results.loading.collection - (DelayedCollectionInitializer) Current row collection key : org.frcpm.models.Component(959674528909700).requiredForTasks#5
10:24:18.245 [main] DEBUG org.hibernate.orm.results.loading.entity - (EntityResultInitializer) Created new entity instance [org.frcpm.models.Component(959674528909700)#5] : 485653813
10:24:18.245 [main] DEBUG org.hibernate.orm.results - Extracted JDBC value [1] - [null]
10:24:18.245 [main] DEBUG org.hibernate.orm.results - Extracted JDBC value [2] - [false]
10:24:18.245 [main] DEBUG org.hibernate.orm.results - Extracted JDBC value [3] - [Control module for pneumatic systems]
10:24:18.245 [main] DEBUG org.hibernate.orm.results - Extracted JDBC value [4] - [2025-05-06]
10:24:18.245 [main] DEBUG org.hibernate.orm.results - Extracted JDBC value [5] - [Pneumatic Control Module]
10:24:18.245 [main] DEBUG org.hibernate.orm.results - Extracted JDBC value [6] - [CTRE-PCM]
10:24:18.245 [main] DEBUG org.hibernate.orm.results.loading.entity - (EntityResultInitializer) Done materializing entityInstance : org.frcpm.models.Component(959674528909700)#5
10:24:18.245 [main] DEBUG org.hibernate.orm.results.loading - Calling top-level assembler (0 / 1) : org.hibernate.sql.results.graph.entity.internal.EntityAssembler@505cf42e
10:24:18.245 [main] DEBUG org.hibernate.orm.results - Extracted JDBC value [0] - [12]
10:24:18.245 [main] DEBUG org.hibernate.orm.results.loading.entity - (EntityResultInitializer) Hydrated EntityKey (org.frcpm.models.Component(959674528909700)): 12
10:24:18.245 [main] DEBUG org.hibernate.orm.results.loading.org.hibernate.orm.results.loading.collection - (DelayedCollectionInitializer) Current row collection key : org.frcpm.models.Component(959674528909700).requiredForTasks#12
10:24:18.245 [main] DEBUG org.hibernate.orm.results.loading.entity - (EntityResultInitializer) Created new entity instance [org.frcpm.models.Component(959674528909700)#12] : 1577108891
10:24:18.245 [main] DEBUG org.hibernate.orm.results - Extracted JDBC value [1] - [null]
10:24:18.245 [main] DEBUG org.hibernate.orm.results - Extracted JDBC value [2] - [false]
10:24:18.245 [main] DEBUG org.hibernate.orm.results - Extracted JDBC value [3] - [null]
10:24:18.245 [main] DEBUG org.hibernate.orm.results - Extracted JDBC value [4] - [null]
10:24:18.245 [main] DEBUG org.hibernate.orm.results - Extracted JDBC value [5] - [Test Count Component]
10:24:18.245 [main] DEBUG org.hibernate.orm.results - Extracted JDBC value [6] - [TCC-001]
10:24:18.245 [main] DEBUG org.hibernate.orm.results.loading.entity - (EntityResultInitializer) Done materializing entityInstance : org.frcpm.models.Component(959674528909700)#12
10:24:18.245 [main] DEBUG org.hibernate.orm.results.loading - Calling top-level assembler (0 / 1) : org.hibernate.sql.results.graph.entity.internal.EntityAssembler@505cf42e
10:24:18.245 [main] DEBUG org.hibernate.orm.results - Extracted JDBC value [0] - [16]
10:24:18.245 [main] DEBUG org.hibernate.orm.results.loading.entity - (EntityResultInitializer) Hydrated EntityKey (org.frcpm.models.Component(959674528909700)): 16
10:24:18.245 [main] DEBUG org.hibernate.orm.results.loading.org.hibernate.orm.results.loading.collection - (DelayedCollectionInitializer) Current row collection key : org.frcpm.models.Component(959674528909700).requiredForTasks#16
10:24:18.246 [main] DEBUG org.hibernate.orm.results.loading.entity - (EntityResultInitializer) Created new entity instance [org.frcpm.models.Component(959674528909700)#16] : 834280078
10:24:18.246 [main] DEBUG org.hibernate.orm.results - Extracted JDBC value [1] - [null]
10:24:18.246 [main] DEBUG org.hibernate.orm.results - Extracted JDBC value [2] - [false]
10:24:18.246 [main] DEBUG org.hibernate.orm.results - Extracted JDBC value [3] - [Save component description]
10:24:18.246 [main] DEBUG org.hibernate.orm.results - Extracted JDBC value [4] - [2025-05-10]
10:24:18.246 [main] DEBUG org.hibernate.orm.results - Extracted JDBC value [5] - [Test Save Component]
10:24:18.246 [main] DEBUG org.hibernate.orm.results - Extracted JDBC value [6] - [TSC-001]
10:24:18.246 [main] DEBUG org.hibernate.orm.results.loading.entity - (EntityResultInitializer) Done materializing entityInstance : org.frcpm.models.Component(959674528909700)#16
10:24:18.246 [main] DEBUG org.hibernate.orm.results.loading - Calling top-level assembler (0 / 1) : org.hibernate.sql.results.graph.entity.internal.EntityAssembler@505cf42e
10:24:18.246 [main] DEBUG org.hibernate.orm.results - Extracted JDBC value [0] - [40]
10:24:18.246 [main] DEBUG org.hibernate.orm.results.loading.entity - (EntityResultInitializer) Hydrated EntityKey (org.frcpm.models.Component(959674528909700)): 40
10:24:18.246 [main] DEBUG org.hibernate.orm.results.loading.org.hibernate.orm.results.loading.collection - (DelayedCollectionInitializer) Current row collection key : org.frcpm.models.Component(959674528909700).requiredForTasks#40
10:24:18.246 [main] DEBUG org.hibernate.orm.results.loading.entity - (EntityResultInitializer) Created new entity instance [org.frcpm.models.Component(959674528909700)#40] : 835448243
10:24:18.246 [main] DEBUG org.hibernate.orm.results - Extracted JDBC value [1] - [2025-04-25]
10:24:18.246 [main] DEBUG org.hibernate.orm.results - Extracted JDBC value [2] - [true]
10:24:18.246 [main] DEBUG org.hibernate.orm.results - Extracted JDBC value [3] - [Updated description]
10:24:18.246 [main] DEBUG org.hibernate.orm.results - Extracted JDBC value [4] - [null]
10:24:18.246 [main] DEBUG org.hibernate.orm.results - Extracted JDBC value [5] - [Updated Component Name]
10:24:18.246 [main] DEBUG org.hibernate.orm.results - Extracted JDBC value [6] - [TUC-001]
10:24:18.246 [main] DEBUG org.hibernate.orm.results.loading.entity - (EntityResultInitializer) Done materializing entityInstance : org.frcpm.models.Component(959674528909700)#40
10:24:18.246 [main] DEBUG org.hibernate.orm.results.loading - Calling top-level assembler (0 / 1) : org.hibernate.sql.results.graph.entity.internal.EntityAssembler@505cf42e
10:24:18.246 [main] DEBUG org.hibernate.orm.results - Extracted JDBC value [0] - [55]
10:24:18.246 [main] DEBUG org.hibernate.orm.results.loading.entity - (EntityResultInitializer) Hydrated EntityKey (org.frcpm.models.Component(959674528909700)): 55
10:24:18.246 [main] DEBUG org.hibernate.orm.results.loading.org.hibernate.orm.results.loading.collection - (DelayedCollectionInitializer) Current row collection key : org.frcpm.models.Component(959674528909700).requiredForTasks#55
10:24:18.246 [main] DEBUG org.hibernate.orm.results.loading.entity - (EntityResultInitializer) Created new entity instance [org.frcpm.models.Component(959674528909700)#55] : 406837352
10:24:18.246 [main] DEBUG org.hibernate.orm.results - Extracted JDBC value [1] - [null]
10:24:18.246 [main] DEBUG org.hibernate.orm.results - Extracted JDBC value [2] - [false]
10:24:18.246 [main] DEBUG org.hibernate.orm.results - Extracted JDBC value [3] - [Component 1 for association test]
10:24:18.246 [main] DEBUG org.hibernate.orm.results - Extracted JDBC value [4] - [2025-04-28]
10:24:18.246 [main] DEBUG org.hibernate.orm.results - Extracted JDBC value [5] - [Test Component Assoc 1]
10:24:18.246 [main] DEBUG org.hibernate.orm.results - Extracted JDBC value [6] - [TC-ASSOC1]
10:24:18.246 [main] DEBUG org.hibernate.orm.results.loading.entity - (EntityResultInitializer) Done materializing entityInstance : org.frcpm.models.Component(959674528909700)#55
10:24:18.246 [main] DEBUG org.hibernate.orm.results.loading - Calling top-level assembler (0 / 1) : org.hibernate.sql.results.graph.entity.internal.EntityAssembler@505cf42e
10:24:18.246 [main] DEBUG org.hibernate.orm.results - Extracted JDBC value [0] - [56]
10:24:18.246 [main] DEBUG org.hibernate.orm.results.loading.entity - (EntityResultInitializer) Hydrated EntityKey (org.frcpm.models.Component(959674528909700)): 56
10:24:18.246 [main] DEBUG org.hibernate.orm.results.loading.org.hibernate.orm.results.loading.collection - (DelayedCollectionInitializer) Current row collection key : org.frcpm.models.Component(959674528909700).requiredForTasks#56
10:24:18.247 [main] DEBUG org.hibernate.orm.results.loading.entity - (EntityResultInitializer) Created new entity instance [org.frcpm.models.Component(959674528909700)#56] : 1633152793
10:24:18.247 [main] DEBUG org.hibernate.orm.results - Extracted JDBC value [1] - [null]
10:24:18.247 [main] DEBUG org.hibernate.orm.results - Extracted JDBC value [2] - [false]
10:24:18.247 [main] DEBUG org.hibernate.orm.results - Extracted JDBC value [3] - [Component 2 for association test]
10:24:18.247 [main] DEBUG org.hibernate.orm.results - Extracted JDBC value [4] - [2025-04-30]
10:24:18.247 [main] DEBUG org.hibernate.orm.results - Extracted JDBC value [5] - [Test Component Assoc 2]
10:24:18.247 [main] DEBUG org.hibernate.orm.results - Extracted JDBC value [6] - [TC-ASSOC2]
10:24:18.247 [main] DEBUG org.hibernate.orm.results.loading.entity - (EntityResultInitializer) Done materializing entityInstance : org.frcpm.models.Component(959674528909700)#56
10:24:18.247 [main] DEBUG org.hibernate.orm.results.loading - Calling top-level assembler (0 / 1) : org.hibernate.sql.results.graph.entity.internal.EntityAssembler@505cf42e
10:24:18.247 [main] DEBUG org.hibernate.orm.results - Extracted JDBC value [0] - [57]
10:24:18.247 [main] DEBUG org.hibernate.orm.results.loading.entity - (EntityResultInitializer) Hydrated EntityKey (org.frcpm.models.Component(959674528909700)): 57
10:24:18.247 [main] DEBUG org.hibernate.orm.results.loading.org.hibernate.orm.results.loading.collection - (DelayedCollectionInitializer) Current row collection key : org.frcpm.models.Component(959674528909700).requiredForTasks#57
10:24:18.247 [main] DEBUG org.hibernate.orm.results.loading.entity - (EntityResultInitializer) Created new entity instance [org.frcpm.models.Component(959674528909700)#57] : 2023701050
10:24:18.247 [main] DEBUG org.hibernate.orm.results - Extracted JDBC value [1] - [null]
10:24:18.247 [main] DEBUG org.hibernate.orm.results - Extracted JDBC value [2] - [false]
10:24:18.247 [main] DEBUG org.hibernate.orm.results - Extracted JDBC value [3] - [First test component description]
10:24:18.247 [main] DEBUG org.hibernate.orm.results - Extracted JDBC value [4] - [2025-04-30]
10:24:18.247 [main] DEBUG org.hibernate.orm.results - Extracted JDBC value [5] - [Test Component 1]
10:24:18.247 [main] DEBUG org.hibernate.orm.results - Extracted JDBC value [6] - [TC-001]
10:24:18.247 [main] DEBUG org.hibernate.orm.results.loading.entity - (EntityResultInitializer) Done materializing entityInstance : org.frcpm.models.Component(959674528909700)#57
10:24:18.247 [main] DEBUG org.hibernate.orm.results.loading - Calling top-level assembler (0 / 1) : org.hibernate.sql.results.graph.entity.internal.EntityAssembler@505cf42e
10:24:18.247 [main] DEBUG org.hibernate.orm.results - Extracted JDBC value [0] - [58]
10:24:18.247 [main] DEBUG org.hibernate.orm.results.loading.entity - (EntityResultInitializer) Hydrated EntityKey (org.frcpm.models.Component(959674528909700)): 58
10:24:18.247 [main] DEBUG org.hibernate.orm.results.loading.org.hibernate.orm.results.loading.collection - (DelayedCollectionInitializer) Current row collection key : org.frcpm.models.Component(959674528909700).requiredForTasks#58
10:24:18.247 [main] DEBUG org.hibernate.orm.results.loading.entity - (EntityResultInitializer) Created new entity instance [org.frcpm.models.Component(959674528909700)#58] : 1357776677
10:24:18.247 [main] DEBUG org.hibernate.orm.results - Extracted JDBC value [1] - [null]
10:24:18.247 [main] DEBUG org.hibernate.orm.results - Extracted JDBC value [2] - [false]
10:24:18.247 [main] DEBUG org.hibernate.orm.results - Extracted JDBC value [3] - [Second test component description]
10:24:18.247 [main] DEBUG org.hibernate.orm.results - Extracted JDBC value [4] - [2025-05-02]
10:24:18.247 [main] DEBUG org.hibernate.orm.results - Extracted JDBC value [5] - [Test Component 2]
10:24:18.247 [main] DEBUG org.hibernate.orm.results - Extracted JDBC value [6] - [TC-002]
10:24:18.247 [main] DEBUG org.hibernate.orm.results.loading.entity - (EntityResultInitializer) Done materializing entityInstance : org.frcpm.models.Component(959674528909700)#58
10:24:18.247 [main] DEBUG org.hibernate.orm.results.loading - Calling top-level assembler (0 / 1) : org.hibernate.sql.results.graph.entity.internal.EntityAssembler@505cf42e
10:24:18.247 [main] DEBUG org.hibernate.orm.results - Extracted JDBC value [0] - [59]
10:24:18.247 [main] DEBUG org.hibernate.orm.results.loading.entity - (EntityResultInitializer) Hydrated EntityKey (org.frcpm.models.Component(959674528909700)): 59
10:24:18.247 [main] DEBUG org.hibernate.orm.results.loading.org.hibernate.orm.results.loading.collection - (DelayedCollectionInitializer) Current row collection key : org.frcpm.models.Component(959674528909700).requiredForTasks#59
10:24:18.247 [main] DEBUG org.hibernate.orm.results.loading.entity - (EntityResultInitializer) Created new entity instance [org.frcpm.models.Component(959674528909700)#59] : 1702413689
10:24:18.247 [main] DEBUG org.hibernate.orm.results - Extracted JDBC value [1] - [2025-05-04]
10:24:18.247 [main] DEBUG org.hibernate.orm.results - Extracted JDBC value [2] - [true]
10:24:18.247 [main] DEBUG org.hibernate.orm.results - Extracted JDBC value [3] - [Third test component description]
10:24:18.247 [main] DEBUG org.hibernate.orm.results - Extracted JDBC value [4] - [2025-05-05]
10:24:18.247 [main] DEBUG org.hibernate.orm.results - Extracted JDBC value [5] - [Test Component 3]
10:24:18.247 [main] DEBUG org.hibernate.orm.results - Extracted JDBC value [6] - [TC-003]
10:24:18.247 [main] DEBUG org.hibernate.orm.results.loading.entity - (EntityResultInitializer) Done materializing entityInstance : org.frcpm.models.Component(959674528909700)#59
10:24:18.247 [main] DEBUG org.hibernate.orm.results.loading - Calling top-level assembler (0 / 1) : org.hibernate.sql.results.graph.entity.internal.EntityAssembler@505cf42e
10:24:18.247 [main] DEBUG org.hibernate.orm.results - Extracted JDBC value [0] - [60]
10:24:18.247 [main] DEBUG org.hibernate.orm.results.loading.entity - (EntityResultInitializer) Hydrated EntityKey (org.frcpm.models.Component(959674528909700)): 60
10:24:18.247 [main] DEBUG org.hibernate.orm.results.loading.org.hibernate.orm.results.loading.collection - (DelayedCollectionInitializer) Current row collection key : org.frcpm.models.Component(959674528909700).requiredForTasks#60
10:24:18.247 [main] DEBUG org.hibernate.orm.results.loading.entity - (EntityResultInitializer) Created new entity instance [org.frcpm.models.Component(959674528909700)#60] : 865109046
10:24:18.247 [main] DEBUG org.hibernate.orm.results - Extracted JDBC value [1] - [null]
10:24:18.247 [main] DEBUG org.hibernate.orm.results - Extracted JDBC value [2] - [false]
10:24:18.247 [main] DEBUG org.hibernate.orm.results - Extracted JDBC value [3] - [First test component description]
10:24:18.247 [main] DEBUG org.hibernate.orm.results - Extracted JDBC value [4] - [2025-04-30]
10:24:18.247 [main] DEBUG org.hibernate.orm.results - Extracted JDBC value [5] - [Test Component 1]
10:24:18.247 [main] DEBUG org.hibernate.orm.results - Extracted JDBC value [6] - [TC-001]
10:24:18.247 [main] DEBUG org.hibernate.orm.results.loading.entity - (EntityResultInitializer) Done materializing entityInstance : org.frcpm.models.Component(959674528909700)#60
10:24:18.247 [main] DEBUG org.hibernate.orm.results.loading - Calling top-level assembler (0 / 1) : org.hibernate.sql.results.graph.entity.internal.EntityAssembler@505cf42e
10:24:18.247 [main] DEBUG org.hibernate.orm.results - Extracted JDBC value [0] - [61]
10:24:18.247 [main] DEBUG org.hibernate.orm.results.loading.entity - (EntityResultInitializer) Hydrated EntityKey (org.frcpm.models.Component(959674528909700)): 61
10:24:18.247 [main] DEBUG org.hibernate.orm.results.loading.org.hibernate.orm.results.loading.collection - (DelayedCollectionInitializer) Current row collection key : org.frcpm.models.Component(959674528909700).requiredForTasks#61
10:24:18.247 [main] DEBUG org.hibernate.orm.results.loading.entity - (EntityResultInitializer) Created new entity instance [org.frcpm.models.Component(959674528909700)#61] : 1331759768
10:24:18.247 [main] DEBUG org.hibernate.orm.results - Extracted JDBC value [1] - [null]
10:24:18.247 [main] DEBUG org.hibernate.orm.results - Extracted JDBC value [2] - [false]
10:24:18.247 [main] DEBUG org.hibernate.orm.results - Extracted JDBC value [3] - [Second test component description]
10:24:18.247 [main] DEBUG org.hibernate.orm.results - Extracted JDBC value [4] - [2025-05-02]
10:24:18.247 [main] DEBUG org.hibernate.orm.results - Extracted JDBC value [5] - [Test Component 2]
10:24:18.247 [main] DEBUG org.hibernate.orm.results - Extracted JDBC value [6] - [TC-002]
10:24:18.247 [main] DEBUG org.hibernate.orm.results.loading.entity - (EntityResultInitializer) Done materializing entityInstance : org.frcpm.models.Component(959674528909700)#61
10:24:18.247 [main] DEBUG org.hibernate.orm.results.loading - Calling top-level assembler (0 / 1) : org.hibernate.sql.results.graph.entity.internal.EntityAssembler@505cf42e
10:24:18.248 [main] DEBUG org.hibernate.orm.results - Extracted JDBC value [0] - [62]
10:24:18.248 [main] DEBUG org.hibernate.orm.results.loading.entity - (EntityResultInitializer) Hydrated EntityKey (org.frcpm.models.Component(959674528909700)): 62
10:24:18.248 [main] DEBUG org.hibernate.orm.results.loading.org.hibernate.orm.results.loading.collection - (DelayedCollectionInitializer) Current row collection key : org.frcpm.models.Component(959674528909700).requiredForTasks#62
10:24:18.248 [main] DEBUG org.hibernate.orm.results.loading.entity - (EntityResultInitializer) Created new entity instance [org.frcpm.models.Component(959674528909700)#62] : 1356521763
10:24:18.248 [main] DEBUG org.hibernate.orm.results - Extracted JDBC value [1] - [2025-05-04]
10:24:18.248 [main] DEBUG org.hibernate.orm.results - Extracted JDBC value [2] - [true]
10:24:18.248 [main] DEBUG org.hibernate.orm.results - Extracted JDBC value [3] - [Third test component description]
10:24:18.248 [main] DEBUG org.hibernate.orm.results - Extracted JDBC value [4] - [2025-05-05]
10:24:18.248 [main] DEBUG org.hibernate.orm.results - Extracted JDBC value [5] - [Test Component 3]
10:24:18.248 [main] DEBUG org.hibernate.orm.results - Extracted JDBC value [6] - [TC-003]
10:24:18.248 [main] DEBUG org.hibernate.orm.results.loading.entity - (EntityResultInitializer) Done materializing entityInstance : org.frcpm.models.Component(959674528909700)#62
10:24:18.248 [main] DEBUG org.hibernate.orm.results.loading - Calling top-level assembler (0 / 1) : org.hibernate.sql.results.graph.entity.internal.EntityAssembler@505cf42e
10:24:18.248 [main] DEBUG org.hibernate.orm.results - Extracted JDBC value [0] - [63]
10:24:18.248 [main] DEBUG org.hibernate.orm.results.loading.entity - (EntityResultInitializer) Hydrated EntityKey (org.frcpm.models.Component(959674528909700)): 63
10:24:18.248 [main] DEBUG org.hibernate.orm.results.loading.org.hibernate.orm.results.loading.collection - (DelayedCollectionInitializer) Current row collection key : org.frcpm.models.Component(959674528909700).requiredForTasks#63
10:24:18.248 [main] DEBUG org.hibernate.orm.results.loading.entity - (EntityResultInitializer) Created new entity instance [org.frcpm.models.Component(959674528909700)#63] : 1905586673
10:24:18.248 [main] DEBUG org.hibernate.orm.results - Extracted JDBC value [1] - [null]
10:24:18.249 [main] DEBUG org.hibernate.orm.results - Extracted JDBC value [2] - [false]
10:24:18.249 [main] DEBUG org.hibernate.orm.results - Extracted JDBC value [3] - [null]
10:24:18.249 [main] DEBUG org.hibernate.orm.results - Extracted JDBC value [4] - [null]
10:24:18.249 [main] DEBUG org.hibernate.orm.results - Extracted JDBC value [5] - [Test Count Component]
10:24:18.249 [main] DEBUG org.hibernate.orm.results - Extracted JDBC value [6] - [TCC-001]
10:24:18.249 [main] DEBUG org.hibernate.orm.results.loading.entity - (EntityResultInitializer) Done materializing entityInstance : org.frcpm.models.Component(959674528909700)#63
10:24:18.249 [main] DEBUG org.hibernate.orm.results.loading - Calling top-level assembler (0 / 1) : org.hibernate.sql.results.graph.entity.internal.EntityAssembler@505cf42e
10:24:18.249 [main] DEBUG org.hibernate.orm.results - Extracted JDBC value [0] - [64]
10:24:18.249 [main] DEBUG org.hibernate.orm.results.loading.entity - (EntityResultInitializer) Hydrated EntityKey (org.frcpm.models.Component(959674528909700)): 64
10:24:18.249 [main] DEBUG org.hibernate.orm.results.loading.org.hibernate.orm.results.loading.collection - (DelayedCollectionInitializer) Current row collection key : org.frcpm.models.Component(959674528909700).requiredForTasks#64
10:24:18.249 [main] DEBUG org.hibernate.orm.results.loading.entity - (EntityResultInitializer) Created new entity instance [org.frcpm.models.Component(959674528909700)#64] : 1918822858
10:24:18.249 [main] DEBUG org.hibernate.orm.results - Extracted JDBC value [1] - [null]
10:24:18.249 [main] DEBUG org.hibernate.orm.results - Extracted JDBC value [2] - [false]
10:24:18.249 [main] DEBUG org.hibernate.orm.results - Extracted JDBC value [3] - [First test component description]
10:24:18.249 [main] DEBUG org.hibernate.orm.results - Extracted JDBC value [4] - [2025-04-30]
10:24:18.249 [main] DEBUG org.hibernate.orm.results - Extracted JDBC value [5] - [Test Component 1]
10:24:18.249 [main] DEBUG org.hibernate.orm.results - Extracted JDBC value [6] - [TC-001]
10:24:18.249 [main] DEBUG org.hibernate.orm.results.loading.entity - (EntityResultInitializer) Done materializing entityInstance : org.frcpm.models.Component(959674528909700)#64
10:24:18.249 [main] DEBUG org.hibernate.orm.results.loading - Calling top-level assembler (0 / 1) : org.hibernate.sql.results.graph.entity.internal.EntityAssembler@505cf42e
10:24:18.249 [main] DEBUG org.hibernate.orm.results - Extracted JDBC value [0] - [65]
10:24:18.249 [main] DEBUG org.hibernate.orm.results.loading.entity - (EntityResultInitializer) Hydrated EntityKey (org.frcpm.models.Component(959674528909700)): 65
10:24:18.249 [main] DEBUG org.hibernate.orm.results.loading.org.hibernate.orm.results.loading.collection - (DelayedCollectionInitializer) Current row collection key : org.frcpm.models.Component(959674528909700).requiredForTasks#65
10:24:18.249 [main] DEBUG org.hibernate.orm.results.loading.entity - (EntityResultInitializer) Created new entity instance [org.frcpm.models.Component(959674528909700)#65] : 573627929
10:24:18.249 [main] DEBUG org.hibernate.orm.results - Extracted JDBC value [1] - [null]
10:24:18.249 [main] DEBUG org.hibernate.orm.results - Extracted JDBC value [2] - [false]
10:24:18.249 [main] DEBUG org.hibernate.orm.results - Extracted JDBC value [3] - [Second test component description]
10:24:18.249 [main] DEBUG org.hibernate.orm.results - Extracted JDBC value [4] - [2025-05-02]
10:24:18.249 [main] DEBUG org.hibernate.orm.results - Extracted JDBC value [5] - [Test Component 2]
10:24:18.249 [main] DEBUG org.hibernate.orm.results - Extracted JDBC value [6] - [TC-002]
10:24:18.249 [main] DEBUG org.hibernate.orm.results.loading.entity - (EntityResultInitializer) Done materializing entityInstance : org.frcpm.models.Component(959674528909700)#65
10:24:18.249 [main] DEBUG org.hibernate.orm.results.loading - Calling top-level assembler (0 / 1) : org.hibernate.sql.results.graph.entity.internal.EntityAssembler@505cf42e
10:24:18.249 [main] DEBUG org.hibernate.orm.results - Extracted JDBC value [0] - [66]
10:24:18.249 [main] DEBUG org.hibernate.orm.results.loading.entity - (EntityResultInitializer) Hydrated EntityKey (org.frcpm.models.Component(959674528909700)): 66
10:24:18.249 [main] DEBUG org.hibernate.orm.results.loading.org.hibernate.orm.results.loading.collection - (DelayedCollectionInitializer) Current row collection key : org.frcpm.models.Component(959674528909700).requiredForTasks#66
10:24:18.249 [main] DEBUG org.hibernate.orm.results.loading.entity - (EntityResultInitializer) Created new entity instance [org.frcpm.models.Component(959674528909700)#66] : 81908070
10:24:18.249 [main] DEBUG org.hibernate.orm.results - Extracted JDBC value [1] - [2025-05-04]
10:24:18.249 [main] DEBUG org.hibernate.orm.results - Extracted JDBC value [2] - [true]
10:24:18.249 [main] DEBUG org.hibernate.orm.results - Extracted JDBC value [3] - [Third test component description]
10:24:18.249 [main] DEBUG org.hibernate.orm.results - Extracted JDBC value [4] - [2025-05-05]
10:24:18.249 [main] DEBUG org.hibernate.orm.results - Extracted JDBC value [5] - [Test Component 3]
10:24:18.249 [main] DEBUG org.hibernate.orm.results - Extracted JDBC value [6] - [TC-003]
10:24:18.249 [main] DEBUG org.hibernate.orm.results.loading.entity - (EntityResultInitializer) Done materializing entityInstance : org.frcpm.models.Component(959674528909700)#66
10:24:18.249 [main] DEBUG org.hibernate.orm.results.loading - Calling top-level assembler (0 / 1) : org.hibernate.sql.results.graph.entity.internal.EntityAssembler@505cf42e
10:24:18.249 [main] DEBUG org.hibernate.orm.results - Extracted JDBC value [0] - [67]
10:24:18.249 [main] DEBUG org.hibernate.orm.results.loading.entity - (EntityResultInitializer) Hydrated EntityKey (org.frcpm.models.Component(959674528909700)): 67
10:24:18.249 [main] DEBUG org.hibernate.orm.results.loading.org.hibernate.orm.results.loading.collection - (DelayedCollectionInitializer) Current row collection key : org.frcpm.models.Component(959674528909700).requiredForTasks#67
10:24:18.249 [main] DEBUG org.hibernate.orm.results.loading.entity - (EntityResultInitializer) Created new entity instance [org.frcpm.models.Component(959674528909700)#67] : 963722123
10:24:18.249 [main] DEBUG org.hibernate.orm.results - Extracted JDBC value [1] - [null]
10:24:18.249 [main] DEBUG org.hibernate.orm.results - Extracted JDBC value [2] - [false]
10:24:18.249 [main] DEBUG org.hibernate.orm.results - Extracted JDBC value [3] - [Save component description]
10:24:18.249 [main] DEBUG org.hibernate.orm.results - Extracted JDBC value [4] - [2025-05-10]
10:24:18.249 [main] DEBUG org.hibernate.orm.results - Extracted JDBC value [5] - [Test Save Component]
10:24:18.249 [main] DEBUG org.hibernate.orm.results - Extracted JDBC value [6] - [TSC-001]
10:24:18.249 [main] DEBUG org.hibernate.orm.results.loading.entity - (EntityResultInitializer) Done materializing entityInstance : org.frcpm.models.Component(959674528909700)#67
10:24:18.249 [main] DEBUG org.hibernate.orm.results.loading - Calling top-level assembler (0 / 1) : org.hibernate.sql.results.graph.entity.internal.EntityAssembler@505cf42e
10:24:18.249 [main] DEBUG org.hibernate.orm.results - Extracted JDBC value [0] - [68]
10:24:18.249 [main] DEBUG org.hibernate.orm.results.loading.entity - (EntityResultInitializer) Hydrated EntityKey (org.frcpm.models.Component(959674528909700)): 68
10:24:18.249 [main] DEBUG org.hibernate.orm.results.loading.org.hibernate.orm.results.loading.collection - (DelayedCollectionInitializer) Current row collection key : org.frcpm.models.Component(959674528909700).requiredForTasks#68
10:24:18.249 [main] DEBUG org.hibernate.orm.results.loading.entity - (EntityResultInitializer) Created new entity instance [org.frcpm.models.Component(959674528909700)#68] : 285618501
10:24:18.250 [main] DEBUG org.hibernate.orm.results - Extracted JDBC value [1] - [null]
10:24:18.250 [main] DEBUG org.hibernate.orm.results - Extracted JDBC value [2] - [false]
10:24:18.250 [main] DEBUG org.hibernate.orm.results - Extracted JDBC value [3] - [First test component description]
10:24:18.250 [main] DEBUG org.hibernate.orm.results - Extracted JDBC value [4] - [2025-04-30]
10:24:18.250 [main] DEBUG org.hibernate.orm.results - Extracted JDBC value [5] - [Test Component 1]
10:24:18.250 [main] DEBUG org.hibernate.orm.results - Extracted JDBC value [6] - [TC-001]
10:24:18.250 [main] DEBUG org.hibernate.orm.results.loading.entity - (EntityResultInitializer) Done materializing entityInstance : org.frcpm.models.Component(959674528909700)#68
10:24:18.250 [main] DEBUG org.hibernate.orm.results.loading - Calling top-level assembler (0 / 1) : org.hibernate.sql.results.graph.entity.internal.EntityAssembler@505cf42e
10:24:18.250 [main] DEBUG org.hibernate.orm.results - Extracted JDBC value [0] - [69]
10:24:18.250 [main] DEBUG org.hibernate.orm.results.loading.entity - (EntityResultInitializer) Hydrated EntityKey (org.frcpm.models.Component(959674528909700)): 69
10:24:18.250 [main] DEBUG org.hibernate.orm.results.loading.org.hibernate.orm.results.loading.collection - (DelayedCollectionInitializer) Current row collection key : org.frcpm.models.Component(959674528909700).requiredForTasks#69
10:24:18.250 [main] DEBUG org.hibernate.orm.results.loading.entity - (EntityResultInitializer) Created new entity instance [org.frcpm.models.Component(959674528909700)#69] : 332256031
10:24:18.250 [main] DEBUG org.hibernate.orm.results - Extracted JDBC value [1] - [null]
10:24:18.250 [main] DEBUG org.hibernate.orm.results - Extracted JDBC value [2] - [false]
10:24:18.250 [main] DEBUG org.hibernate.orm.results - Extracted JDBC value [3] - [Second test component description]
10:24:18.250 [main] DEBUG org.hibernate.orm.results - Extracted JDBC value [4] - [2025-05-02]
10:24:18.250 [main] DEBUG org.hibernate.orm.results - Extracted JDBC value [5] - [Test Component 2]
10:24:18.250 [main] DEBUG org.hibernate.orm.results - Extracted JDBC value [6] - [TC-002]
10:24:18.250 [main] DEBUG org.hibernate.orm.results.loading.entity - (EntityResultInitializer) Done materializing entityInstance : org.frcpm.models.Component(959674528909700)#69
10:24:18.250 [main] DEBUG org.hibernate.orm.results.loading - Calling top-level assembler (0 / 1) : org.hibernate.sql.results.graph.entity.internal.EntityAssembler@505cf42e
10:24:18.250 [main] DEBUG org.hibernate.orm.results - Extracted JDBC value [0] - [70]
10:24:18.250 [main] DEBUG org.hibernate.orm.results.loading.entity - (EntityResultInitializer) Hydrated EntityKey (org.frcpm.models.Component(959674528909700)): 70
10:24:18.250 [main] DEBUG org.hibernate.orm.results.loading.org.hibernate.orm.results.loading.collection - (DelayedCollectionInitializer) Current row collection key : org.frcpm.models.Component(959674528909700).requiredForTasks#70
10:24:18.250 [main] DEBUG org.hibernate.orm.results.loading.entity - (EntityResultInitializer) Created new entity instance [org.frcpm.models.Component(959674528909700)#70] : 501490036
10:24:18.250 [main] DEBUG org.hibernate.orm.results - Extracted JDBC value [1] - [2025-05-04]
10:24:18.250 [main] DEBUG org.hibernate.orm.results - Extracted JDBC value [2] - [true]
10:24:18.250 [main] DEBUG org.hibernate.orm.results - Extracted JDBC value [3] - [Third test component description]
10:24:18.250 [main] DEBUG org.hibernate.orm.results - Extracted JDBC value [4] - [2025-05-05]
10:24:18.250 [main] DEBUG org.hibernate.orm.results - Extracted JDBC value [5] - [Test Component 3]
10:24:18.250 [main] DEBUG org.hibernate.orm.results - Extracted JDBC value [6] - [TC-003]
10:24:18.250 [main] DEBUG org.hibernate.orm.results.loading.entity - (EntityResultInitializer) Done materializing entityInstance : org.frcpm.models.Component(959674528909700)#70
10:24:18.250 [main] DEBUG org.hibernate.orm.results.loading - Calling top-level assembler (0 / 1) : org.hibernate.sql.results.graph.entity.internal.EntityAssembler@505cf42e
10:24:18.250 [main] DEBUG org.hibernate.orm.results - Extracted JDBC value [0] - [71]
10:24:18.250 [main] DEBUG org.hibernate.orm.results.loading.entity - (EntityResultInitializer) Hydrated EntityKey (org.frcpm.models.Component(959674528909700)): 71
10:24:18.250 [main] DEBUG org.hibernate.orm.results.loading.org.hibernate.orm.results.loading.collection - (DelayedCollectionInitializer) Current row collection key : org.frcpm.models.Component(959674528909700).requiredForTasks#71
10:24:18.250 [main] DEBUG org.hibernate.orm.results.loading.entity - (EntityResultInitializer) Created new entity instance [org.frcpm.models.Component(959674528909700)#71] : 1131652827
10:24:18.250 [main] DEBUG org.hibernate.orm.results - Extracted JDBC value [1] - [null]
10:24:18.250 [main] DEBUG org.hibernate.orm.results - Extracted JDBC value [2] - [false]
10:24:18.250 [main] DEBUG org.hibernate.orm.results - Extracted JDBC value [3] - [First test component description]
10:24:18.250 [main] DEBUG org.hibernate.orm.results - Extracted JDBC value [4] - [2025-04-30]
10:24:18.250 [main] DEBUG org.hibernate.orm.results - Extracted JDBC value [5] - [Test Component 1]
10:24:18.250 [main] DEBUG org.hibernate.orm.results - Extracted JDBC value [6] - [TC-001]
10:24:18.250 [main] DEBUG org.hibernate.orm.results.loading.entity - (EntityResultInitializer) Done materializing entityInstance : org.frcpm.models.Component(959674528909700)#71
10:24:18.250 [main] DEBUG org.hibernate.orm.results.loading - Calling top-level assembler (0 / 1) : org.hibernate.sql.results.graph.entity.internal.EntityAssembler@505cf42e
10:24:18.250 [main] DEBUG org.hibernate.orm.results - Extracted JDBC value [0] - [72]
10:24:18.250 [main] DEBUG org.hibernate.orm.results.loading.entity - (EntityResultInitializer) Hydrated EntityKey (org.frcpm.models.Component(959674528909700)): 72
10:24:18.250 [main] DEBUG org.hibernate.orm.results.loading.org.hibernate.orm.results.loading.collection - (DelayedCollectionInitializer) Current row collection key : org.frcpm.models.Component(959674528909700).requiredForTasks#72
10:24:18.250 [main] DEBUG org.hibernate.orm.results.loading.entity - (EntityResultInitializer) Created new entity instance [org.frcpm.models.Component(959674528909700)#72] : 118270081
10:24:18.250 [main] DEBUG org.hibernate.orm.results - Extracted JDBC value [1] - [null]
10:24:18.250 [main] DEBUG org.hibernate.orm.results - Extracted JDBC value [2] - [false]
10:24:18.250 [main] DEBUG org.hibernate.orm.results - Extracted JDBC value [3] - [Second test component description]
10:24:18.250 [main] DEBUG org.hibernate.orm.results - Extracted JDBC value [4] - [2025-05-02]
10:24:18.250 [main] DEBUG org.hibernate.orm.results - Extracted JDBC value [5] - [Test Component 2]
10:24:18.250 [main] DEBUG org.hibernate.orm.results - Extracted JDBC value [6] - [TC-002]
10:24:18.250 [main] DEBUG org.hibernate.orm.results.loading.entity - (EntityResultInitializer) Done materializing entityInstance : org.frcpm.models.Component(959674528909700)#72
10:24:18.250 [main] DEBUG org.hibernate.orm.results.loading - Calling top-level assembler (0 / 1) : org.hibernate.sql.results.graph.entity.internal.EntityAssembler@505cf42e
10:24:18.250 [main] DEBUG org.hibernate.orm.results - Extracted JDBC value [0] - [73]
10:24:18.250 [main] DEBUG org.hibernate.orm.results.loading.entity - (EntityResultInitializer) Hydrated EntityKey (org.frcpm.models.Component(959674528909700)): 73
10:24:18.250 [main] DEBUG org.hibernate.orm.results.loading.org.hibernate.orm.results.loading.collection - (DelayedCollectionInitializer) Current row collection key : org.frcpm.models.Component(959674528909700).requiredForTasks#73
10:24:18.250 [main] DEBUG org.hibernate.orm.results.loading.entity - (EntityResultInitializer) Created new entity instance [org.frcpm.models.Component(959674528909700)#73] : 961893095
10:24:18.250 [main] DEBUG org.hibernate.orm.results - Extracted JDBC value [1] - [2025-05-04]
10:24:18.250 [main] DEBUG org.hibernate.orm.results - Extracted JDBC value [2] - [true]
10:24:18.250 [main] DEBUG org.hibernate.orm.results - Extracted JDBC value [3] - [Third test component description]
10:24:18.250 [main] DEBUG org.hibernate.orm.results - Extracted JDBC value [4] - [2025-05-05]
10:24:18.250 [main] DEBUG org.hibernate.orm.results - Extracted JDBC value [5] - [Test Component 3]
10:24:18.250 [main] DEBUG org.hibernate.orm.results - Extracted JDBC value [6] - [TC-003]
10:24:18.250 [main] DEBUG org.hibernate.orm.results.loading.entity - (EntityResultInitializer) Done materializing entityInstance : org.frcpm.models.Component(959674528909700)#73
10:24:18.250 [main] DEBUG org.hibernate.orm.results.loading - Calling top-level assembler (0 / 1) : org.hibernate.sql.results.graph.entity.internal.EntityAssembler@505cf42e
10:24:18.250 [main] DEBUG org.hibernate.orm.results - Extracted JDBC value [0] - [74]
10:24:18.250 [main] DEBUG org.hibernate.orm.results.loading.entity - (EntityResultInitializer) Hydrated EntityKey (org.frcpm.models.Component(959674528909700)): 74
10:24:18.250 [main] DEBUG org.hibernate.orm.results.loading.org.hibernate.orm.results.loading.collection - (DelayedCollectionInitializer) Current row collection key : org.frcpm.models.Component(959674528909700).requiredForTasks#74
10:24:18.250 [main] DEBUG org.hibernate.orm.results.loading.entity - (EntityResultInitializer) Created new entity instance [org.frcpm.models.Component(959674528909700)#74] : 518868034
10:24:18.250 [main] DEBUG org.hibernate.orm.results - Extracted JDBC value [1] - [null]
10:24:18.250 [main] DEBUG org.hibernate.orm.results - Extracted JDBC value [2] - [false]
10:24:18.250 [main] DEBUG org.hibernate.orm.results - Extracted JDBC value [3] - [First test component description]
10:24:18.250 [main] DEBUG org.hibernate.orm.results - Extracted JDBC value [4] - [2025-04-30]
10:24:18.250 [main] DEBUG org.hibernate.orm.results - Extracted JDBC value [5] - [Test Component 1]
10:24:18.250 [main] DEBUG org.hibernate.orm.results - Extracted JDBC value [6] - [TC-001]
10:24:18.250 [main] DEBUG org.hibernate.orm.results.loading.entity - (EntityResultInitializer) Done materializing entityInstance : org.frcpm.models.Component(959674528909700)#74
10:24:18.250 [main] DEBUG org.hibernate.orm.results.loading - Calling top-level assembler (0 / 1) : org.hibernate.sql.results.graph.entity.internal.EntityAssembler@505cf42e
10:24:18.250 [main] DEBUG org.hibernate.orm.results - Extracted JDBC value [0] - [75]
10:24:18.250 [main] DEBUG org.hibernate.orm.results.loading.entity - (EntityResultInitializer) Hydrated EntityKey (org.frcpm.models.Component(959674528909700)): 75
10:24:18.250 [main] DEBUG org.hibernate.orm.results.loading.org.hibernate.orm.results.loading.collection - (DelayedCollectionInitializer) Current row collection key : org.frcpm.models.Component(959674528909700).requiredForTasks#75
10:24:18.250 [main] DEBUG org.hibernate.orm.results.loading.entity - (EntityResultInitializer) Created new entity instance [org.frcpm.models.Component(959674528909700)#75] : 432781527
10:24:18.250 [main] DEBUG org.hibernate.orm.results - Extracted JDBC value [1] - [null]
10:24:18.250 [main] DEBUG org.hibernate.orm.results - Extracted JDBC value [2] - [false]
10:24:18.250 [main] DEBUG org.hibernate.orm.results - Extracted JDBC value [3] - [Second test component description]
10:24:18.250 [main] DEBUG org.hibernate.orm.results - Extracted JDBC value [4] - [2025-05-02]
10:24:18.250 [main] DEBUG org.hibernate.orm.results - Extracted JDBC value [5] - [Test Component 2]
10:24:18.250 [main] DEBUG org.hibernate.orm.results - Extracted JDBC value [6] - [TC-002]
10:24:18.250 [main] DEBUG org.hibernate.orm.results.loading.entity - (EntityResultInitializer) Done materializing entityInstance : org.frcpm.models.Component(959674528909700)#75
10:24:18.250 [main] DEBUG org.hibernate.orm.results.loading - Calling top-level assembler (0 / 1) : org.hibernate.sql.results.graph.entity.internal.EntityAssembler@505cf42e
10:24:18.250 [main] DEBUG org.hibernate.orm.results - Extracted JDBC value [0] - [76]
10:24:18.250 [main] DEBUG org.hibernate.orm.results.loading.entity - (EntityResultInitializer) Hydrated EntityKey (org.frcpm.models.Component(959674528909700)): 76
10:24:18.250 [main] DEBUG org.hibernate.orm.results.loading.org.hibernate.orm.results.loading.collection - (DelayedCollectionInitializer) Current row collection key : org.frcpm.models.Component(959674528909700).requiredForTasks#76
10:24:18.250 [main] DEBUG org.hibernate.orm.results.loading.entity - (EntityResultInitializer) Created new entity instance [org.frcpm.models.Component(959674528909700)#76] : 753502330
10:24:18.250 [main] DEBUG org.hibernate.orm.results - Extracted JDBC value [1] - [2025-05-04]
10:24:18.250 [main] DEBUG org.hibernate.orm.results - Extracted JDBC value [2] - [true]
10:24:18.250 [main] DEBUG org.hibernate.orm.results - Extracted JDBC value [3] - [Third test component description]
10:24:18.250 [main] DEBUG org.hibernate.orm.results - Extracted JDBC value [4] - [2025-05-05]
10:24:18.250 [main] DEBUG org.hibernate.orm.results - Extracted JDBC value [5] - [Test Component 3]
10:24:18.250 [main] DEBUG org.hibernate.orm.results - Extracted JDBC value [6] - [TC-003]
10:24:18.250 [main] DEBUG org.hibernate.orm.results.loading.entity - (EntityResultInitializer) Done materializing entityInstance : org.frcpm.models.Component(959674528909700)#76
10:24:18.250 [main] DEBUG org.hibernate.orm.results.loading - Calling top-level assembler (0 / 1) : org.hibernate.sql.results.graph.entity.internal.EntityAssembler@505cf42e
10:24:18.250 [main] DEBUG org.hibernate.orm.results - Extracted JDBC value [0] - [77]
10:24:18.250 [main] DEBUG org.hibernate.orm.results.loading.entity - (EntityResultInitializer) Hydrated EntityKey (org.frcpm.models.Component(959674528909700)): 77
10:24:18.250 [main] DEBUG org.hibernate.orm.results.loading.org.hibernate.orm.results.loading.collection - (DelayedCollectionInitializer) Current row collection key : org.frcpm.models.Component(959674528909700).requiredForTasks#77
10:24:18.250 [main] DEBUG org.hibernate.orm.results.loading.entity - (EntityResultInitializer) Created new entity instance [org.frcpm.models.Component(959674528909700)#77] : 854119844
10:24:18.250 [main] DEBUG org.hibernate.orm.results - Extracted JDBC value [1] - [null]
10:24:18.250 [main] DEBUG org.hibernate.orm.results - Extracted JDBC value [2] - [false]
10:24:18.250 [main] DEBUG org.hibernate.orm.results - Extracted JDBC value [3] - [First test component description]
10:24:18.250 [main] DEBUG org.hibernate.orm.results - Extracted JDBC value [4] - [2025-04-30]
10:24:18.250 [main] DEBUG org.hibernate.orm.results - Extracted JDBC value [5] - [Test Component 1]
10:24:18.250 [main] DEBUG org.hibernate.orm.results - Extracted JDBC value [6] - [TC-001]
10:24:18.250 [main] DEBUG org.hibernate.orm.results.loading.entity - (EntityResultInitializer) Done materializing entityInstance : org.frcpm.models.Component(959674528909700)#77
10:24:18.250 [main] DEBUG org.hibernate.orm.results.loading - Calling top-level assembler (0 / 1) : org.hibernate.sql.results.graph.entity.internal.EntityAssembler@505cf42e
10:24:18.250 [main] DEBUG org.hibernate.orm.results - Extracted JDBC value [0] - [78]
10:24:18.251 [main] DEBUG org.hibernate.orm.results.loading.entity - (EntityResultInitializer) Hydrated EntityKey (org.frcpm.models.Component(959674528909700)): 78
10:24:18.251 [main] DEBUG org.hibernate.orm.results.loading.org.hibernate.orm.results.loading.collection - (DelayedCollectionInitializer) Current row collection key : org.frcpm.models.Component(959674528909700).requiredForTasks#78
10:24:18.251 [main] DEBUG org.hibernate.orm.results.loading.entity - (EntityResultInitializer) Created new entity instance [org.frcpm.models.Component(959674528909700)#78] : 418992091
10:24:18.251 [main] DEBUG org.hibernate.orm.results - Extracted JDBC value [1] - [null]
10:24:18.251 [main] DEBUG org.hibernate.orm.results - Extracted JDBC value [2] - [false]
10:24:18.251 [main] DEBUG org.hibernate.orm.results - Extracted JDBC value [3] - [Second test component description]
10:24:18.251 [main] DEBUG org.hibernate.orm.results - Extracted JDBC value [4] - [2025-05-02]
10:24:18.251 [main] DEBUG org.hibernate.orm.results - Extracted JDBC value [5] - [Test Component 2]
10:24:18.251 [main] DEBUG org.hibernate.orm.results - Extracted JDBC value [6] - [TC-002]
10:24:18.251 [main] DEBUG org.hibernate.orm.results.loading.entity - (EntityResultInitializer) Done materializing entityInstance : org.frcpm.models.Component(959674528909700)#78
10:24:18.251 [main] DEBUG org.hibernate.orm.results.loading - Calling top-level assembler (0 / 1) : org.hibernate.sql.results.graph.entity.internal.EntityAssembler@505cf42e
10:24:18.251 [main] DEBUG org.hibernate.orm.results - Extracted JDBC value [0] - [79]
10:24:18.251 [main] DEBUG org.hibernate.orm.results.loading.entity - (EntityResultInitializer) Hydrated EntityKey (org.frcpm.models.Component(959674528909700)): 79
10:24:18.251 [main] DEBUG org.hibernate.orm.results.loading.org.hibernate.orm.results.loading.collection - (DelayedCollectionInitializer) Current row collection key : org.frcpm.models.Component(959674528909700).requiredForTasks#79
10:24:18.251 [main] DEBUG org.hibernate.orm.results.loading.entity - (EntityResultInitializer) Created new entity instance [org.frcpm.models.Component(959674528909700)#79] : 346294862
10:24:18.251 [main] DEBUG org.hibernate.orm.results - Extracted JDBC value [1] - [2025-05-04]
10:24:18.251 [main] DEBUG org.hibernate.orm.results - Extracted JDBC value [2] - [true]
10:24:18.251 [main] DEBUG org.hibernate.orm.results - Extracted JDBC value [3] - [Third test component description]
10:24:18.251 [main] DEBUG org.hibernate.orm.results - Extracted JDBC value [4] - [2025-05-05]
10:24:18.251 [main] DEBUG org.hibernate.orm.results - Extracted JDBC value [5] - [Test Component 3]
10:24:18.251 [main] DEBUG org.hibernate.orm.results - Extracted JDBC value [6] - [TC-003]
10:24:18.251 [main] DEBUG org.hibernate.orm.results.loading.entity - (EntityResultInitializer) Done materializing entityInstance : org.frcpm.models.Component(959674528909700)#79
10:24:18.251 [main] DEBUG org.hibernate.orm.results.loading - Calling top-level assembler (0 / 1) : org.hibernate.sql.results.graph.entity.internal.EntityAssembler@505cf42e
10:24:18.251 [main] DEBUG org.hibernate.orm.results - Extracted JDBC value [0] - [81]
10:24:18.251 [main] DEBUG org.hibernate.orm.results.loading.entity - (EntityResultInitializer) Hydrated EntityKey (org.frcpm.models.Component(959674528909700)): 81
10:24:18.251 [main] DEBUG org.hibernate.orm.results.loading.org.hibernate.orm.results.loading.collection - (DelayedCollectionInitializer) Current row collection key : org.frcpm.models.Component(959674528909700).requiredForTasks#81
10:24:18.251 [main] DEBUG org.hibernate.orm.results.loading.entity - (EntityResultInitializer) Created new entity instance [org.frcpm.models.Component(959674528909700)#81] : 590375055
10:24:18.251 [main] DEBUG org.hibernate.orm.results - Extracted JDBC value [1] - [null]
10:24:18.251 [main] DEBUG org.hibernate.orm.results - Extracted JDBC value [2] - [false]
10:24:18.251 [main] DEBUG org.hibernate.orm.results - Extracted JDBC value [3] - [First test component description]
10:24:18.251 [main] DEBUG org.hibernate.orm.results - Extracted JDBC value [4] - [2025-04-30]
10:24:18.251 [main] DEBUG org.hibernate.orm.results - Extracted JDBC value [5] - [Test Component 1]
10:24:18.251 [main] DEBUG org.hibernate.orm.results - Extracted JDBC value [6] - [TC-001]
10:24:18.251 [main] DEBUG org.hibernate.orm.results.loading.entity - (EntityResultInitializer) Done materializing entityInstance : org.frcpm.models.Component(959674528909700)#81
10:24:18.251 [main] DEBUG org.hibernate.orm.results.loading - Calling top-level assembler (0 / 1) : org.hibernate.sql.results.graph.entity.internal.EntityAssembler@505cf42e
10:24:18.251 [main] DEBUG org.hibernate.orm.results - Extracted JDBC value [0] - [82]
10:24:18.251 [main] DEBUG org.hibernate.orm.results.loading.entity - (EntityResultInitializer) Hydrated EntityKey (org.frcpm.models.Component(959674528909700)): 82
10:24:18.251 [main] DEBUG org.hibernate.orm.results.loading.org.hibernate.orm.results.loading.collection - (DelayedCollectionInitializer) Current row collection key : org.frcpm.models.Component(959674528909700).requiredForTasks#82
10:24:18.251 [main] DEBUG org.hibernate.orm.results.loading.entity - (EntityResultInitializer) Created new entity instance [org.frcpm.models.Component(959674528909700)#82] : 1511654997
10:24:18.251 [main] DEBUG org.hibernate.orm.results - Extracted JDBC value [1] - [null]
10:24:18.251 [main] DEBUG org.hibernate.orm.results - Extracted JDBC value [2] - [false]
10:24:18.251 [main] DEBUG org.hibernate.orm.results - Extracted JDBC value [3] - [Second test component description]
10:24:18.251 [main] DEBUG org.hibernate.orm.results - Extracted JDBC value [4] - [2025-05-02]
10:24:18.251 [main] DEBUG org.hibernate.orm.results - Extracted JDBC value [5] - [Test Component 2]
10:24:18.251 [main] DEBUG org.hibernate.orm.results - Extracted JDBC value [6] - [TC-002]
10:24:18.251 [main] DEBUG org.hibernate.orm.results.loading.entity - (EntityResultInitializer) Done materializing entityInstance : org.frcpm.models.Component(959674528909700)#82
10:24:18.251 [main] DEBUG org.hibernate.orm.results.loading - Calling top-level assembler (0 / 1) : org.hibernate.sql.results.graph.entity.internal.EntityAssembler@505cf42e
10:24:18.251 [main] DEBUG org.hibernate.orm.results - Extracted JDBC value [0] - [83]
10:24:18.251 [main] DEBUG org.hibernate.orm.results.loading.entity - (EntityResultInitializer) Hydrated EntityKey (org.frcpm.models.Component(959674528909700)): 83
10:24:18.251 [main] DEBUG org.hibernate.orm.results.loading.org.hibernate.orm.results.loading.collection - (DelayedCollectionInitializer) Current row collection key : org.frcpm.models.Component(959674528909700).requiredForTasks#83
10:24:18.251 [main] DEBUG org.hibernate.orm.results.loading.entity - (EntityResultInitializer) Created new entity instance [org.frcpm.models.Component(959674528909700)#83] : 541472106
10:24:18.251 [main] DEBUG org.hibernate.orm.results - Extracted JDBC value [1] - [2025-05-04]
10:24:18.251 [main] DEBUG org.hibernate.orm.results - Extracted JDBC value [2] - [true]
10:24:18.251 [main] DEBUG org.hibernate.orm.results - Extracted JDBC value [3] - [Third test component description]
10:24:18.251 [main] DEBUG org.hibernate.orm.results - Extracted JDBC value [4] - [2025-05-05]
10:24:18.251 [main] DEBUG org.hibernate.orm.results - Extracted JDBC value [5] - [Test Component 3]
10:24:18.251 [main] DEBUG org.hibernate.orm.results - Extracted JDBC value [6] - [TC-003]
10:24:18.251 [main] DEBUG org.hibernate.orm.results.loading.entity - (EntityResultInitializer) Done materializing entityInstance : org.frcpm.models.Component(959674528909700)#83
10:24:18.251 [main] DEBUG org.hibernate.orm.results.loading - Calling top-level assembler (0 / 1) : org.hibernate.sql.results.graph.entity.internal.EntityAssembler@505cf42e
10:24:18.251 [main] DEBUG org.hibernate.orm.results - Extracted JDBC value [0] - [85]
10:24:18.251 [main] DEBUG org.hibernate.orm.results.loading.entity - (EntityResultInitializer) Hydrated EntityKey (org.frcpm.models.Component(959674528909700)): 85
10:24:18.251 [main] DEBUG org.hibernate.orm.results.loading.org.hibernate.orm.results.loading.collection - (DelayedCollectionInitializer) Current row collection key : org.frcpm.models.Component(959674528909700).requiredForTasks#85
10:24:18.251 [main] DEBUG org.hibernate.orm.results.loading.entity - (EntityResultInitializer) Created new entity instance [org.frcpm.models.Component(959674528909700)#85] : 2856101
10:24:18.251 [main] DEBUG org.hibernate.orm.results - Extracted JDBC value [1] - [null]
10:24:18.251 [main] DEBUG org.hibernate.orm.results - Extracted JDBC value [2] - [false]
10:24:18.251 [main] DEBUG org.hibernate.orm.results - Extracted JDBC value [3] - [First test component description]
10:24:18.251 [main] DEBUG org.hibernate.orm.results - Extracted JDBC value [4] - [2025-04-30]
10:24:18.251 [main] DEBUG org.hibernate.orm.results - Extracted JDBC value [5] - [Test Component 1]
10:24:18.251 [main] DEBUG org.hibernate.orm.results - Extracted JDBC value [6] - [TC-001]
10:24:18.251 [main] DEBUG org.hibernate.orm.results.loading.entity - (EntityResultInitializer) Done materializing entityInstance : org.frcpm.models.Component(959674528909700)#85
10:24:18.251 [main] DEBUG org.hibernate.orm.results.loading - Calling top-level assembler (0 / 1) : org.hibernate.sql.results.graph.entity.internal.EntityAssembler@505cf42e
10:24:18.251 [main] DEBUG org.hibernate.orm.results - Extracted JDBC value [0] - [86]
10:24:18.251 [main] DEBUG org.hibernate.orm.results.loading.entity - (EntityResultInitializer) Hydrated EntityKey (org.frcpm.models.Component(959674528909700)): 86
10:24:18.251 [main] DEBUG org.hibernate.orm.results.loading.org.hibernate.orm.results.loading.collection - (DelayedCollectionInitializer) Current row collection key : org.frcpm.models.Component(959674528909700).requiredForTasks#86
10:24:18.251 [main] DEBUG org.hibernate.orm.results.loading.entity - (EntityResultInitializer) Created new entity instance [org.frcpm.models.Component(959674528909700)#86] : 56162917
10:24:18.251 [main] DEBUG org.hibernate.orm.results - Extracted JDBC value [1] - [null]
10:24:18.251 [main] DEBUG org.hibernate.orm.results - Extracted JDBC value [2] - [false]
10:24:18.251 [main] DEBUG org.hibernate.orm.results - Extracted JDBC value [3] - [Second test component description]
10:24:18.251 [main] DEBUG org.hibernate.orm.results - Extracted JDBC value [4] - [2025-05-02]
10:24:18.251 [main] DEBUG org.hibernate.orm.results - Extracted JDBC value [5] - [Test Component 2]
10:24:18.251 [main] DEBUG org.hibernate.orm.results - Extracted JDBC value [6] - [TC-002]
10:24:18.251 [main] DEBUG org.hibernate.orm.results.loading.entity - (EntityResultInitializer) Done materializing entityInstance : org.frcpm.models.Component(959674528909700)#86
10:24:18.251 [main] DEBUG org.hibernate.orm.results.loading - Calling top-level assembler (0 / 1) : org.hibernate.sql.results.graph.entity.internal.EntityAssembler@505cf42e
10:24:18.251 [main] DEBUG org.hibernate.orm.results - Extracted JDBC value [0] - [87]
10:24:18.251 [main] DEBUG org.hibernate.orm.results.loading.entity - (EntityResultInitializer) Hydrated EntityKey (org.frcpm.models.Component(959674528909700)): 87
10:24:18.251 [main] DEBUG org.hibernate.orm.results.loading.org.hibernate.orm.results.loading.collection - (DelayedCollectionInitializer) Current row collection key : org.frcpm.models.Component(959674528909700).requiredForTasks#87
10:24:18.251 [main] DEBUG org.hibernate.orm.results.loading.entity - (EntityResultInitializer) Created new entity instance [org.frcpm.models.Component(959674528909700)#87] : 492419666
10:24:18.251 [main] DEBUG org.hibernate.orm.results - Extracted JDBC value [1] - [2025-05-04]
10:24:18.251 [main] DEBUG org.hibernate.orm.results - Extracted JDBC value [2] - [true]
10:24:18.251 [main] DEBUG org.hibernate.orm.results - Extracted JDBC value [3] - [Third test component description]
10:24:18.251 [main] DEBUG org.hibernate.orm.results - Extracted JDBC value [4] - [2025-05-05]
10:24:18.251 [main] DEBUG org.hibernate.orm.results - Extracted JDBC value [5] - [Test Component 3]
10:24:18.251 [main] DEBUG org.hibernate.orm.results - Extracted JDBC value [6] - [TC-003]
10:24:18.251 [main] DEBUG org.hibernate.orm.results.loading.entity - (EntityResultInitializer) Done materializing entityInstance : org.frcpm.models.Component(959674528909700)#87
10:24:18.251 [main] DEBUG org.hibernate.orm.results.loading - Calling top-level assembler (0 / 1) : org.hibernate.sql.results.graph.entity.internal.EntityAssembler@505cf42e
10:24:18.251 [main] DEBUG org.hibernate.resource.jdbc.internal.LogicalConnectionManagedImpl - Initiating JDBC connection release from afterTransaction
10:24:18.251 [main] DEBUG org.hibernate.resource.jdbc.internal.LogicalConnectionManagedImpl - Initiating JDBC connection release from afterTransaction
10:24:18.251 [main] DEBUG org.hibernate.engine.transaction.internal.TransactionImpl - On TransactionImpl creation, JpaCompliance#isJpaTransactionComplianceEnabled == false
10:24:18.251 [main] DEBUG org.hibernate.engine.transaction.internal.TransactionImpl - begin
10:24:18.252 [main] DEBUG org.hibernate.orm.sql.exec - Skipping reading Query result cache data: cache-enabled = false, cache-mode = IGNORE
10:24:18.252 [main] DEBUG org.hibernate.orm.results - Initializer list:
	  org.frcpm.models.Component -> EntityResultInitializer(org.frcpm.models.Component)@1753399401 (SingleTableEntityPersister(org.frcpm.models.Component))
	  org.frcpm.models.Component.requiredForTasks -> DelayedCollectionInitializer(org.frcpm.models.Component.requiredForTasks)@1972868563 (PluralAttribute(org.frcpm.models.Component.requiredForTasks))

10:24:18.252 [main] DEBUG org.hibernate.SQL - select c1_0.id,c1_0.actual_delivery,c1_0.is_delivered,c1_0.description,c1_0.expected_delivery,c1_0.name,c1_0.part_number from components c1_0 where c1_0.id=?
10:24:18.253 [main] DEBUG org.hibernate.orm.results.loading.entity - (EntityResultInitializer) Hydrated EntityKey (org.frcpm.models.Component): 55
10:24:18.253 [main] DEBUG org.hibernate.orm.results.loading.org.hibernate.orm.results.loading.collection - (DelayedCollectionInitializer) Current row collection key : org.frcpm.models.Component.requiredForTasks#55
10:24:18.253 [main] DEBUG org.hibernate.orm.results.loading.entity - (EntityResultInitializer) Created new entity instance [org.frcpm.models.Component#55] : 459026566
10:24:18.253 [main] DEBUG org.hibernate.orm.results - Extracted JDBC value [1] - [null]
10:24:18.253 [main] DEBUG org.hibernate.orm.results - Extracted JDBC value [2] - [false]
10:24:18.253 [main] DEBUG org.hibernate.orm.results - Extracted JDBC value [3] - [Component 1 for association test]
10:24:18.253 [main] DEBUG org.hibernate.orm.results - Extracted JDBC value [4] - [2025-04-28]
10:24:18.253 [main] DEBUG org.hibernate.orm.results - Extracted JDBC value [5] - [Test Component Assoc 1]
10:24:18.253 [main] DEBUG org.hibernate.orm.results - Extracted JDBC value [6] - [TC-ASSOC1]
10:24:18.253 [main] DEBUG org.hibernate.orm.results.loading.entity - (EntityResultInitializer) Done materializing entityInstance : org.frcpm.models.Component#55
10:24:18.253 [main] DEBUG org.hibernate.orm.results.loading - Calling top-level assembler (0 / 1) : org.hibernate.sql.results.graph.entity.internal.EntityAssembler@1674f38d
10:24:18.253 [main] DEBUG org.hibernate.engine.transaction.internal.TransactionImpl - committing
10:24:18.253 [main] DEBUG org.hibernate.event.internal.AbstractFlushingEventListener - Processing flush-time cascades
10:24:18.253 [main] DEBUG org.hibernate.event.internal.AbstractFlushingEventListener - Dirty checking collections
10:24:18.254 [main] DEBUG org.hibernate.engine.internal.Collections - Collection dereferenced: [org.frcpm.models.Component.requiredForTasks#55]
10:24:18.254 [main] DEBUG org.hibernate.event.internal.AbstractFlushingEventListener - Flushed: 0 insertions, 0 updates, 1 deletions to 1 objects
10:24:18.254 [main] DEBUG org.hibernate.event.internal.AbstractFlushingEventListener - Flushed: 0 (re)creations, 0 updates, 1 removals to 1 collections
10:24:18.254 [main] DEBUG org.hibernate.internal.util.EntityPrinter - Listing entities:
10:24:18.254 [main] DEBUG org.hibernate.internal.util.EntityPrinter - org.frcpm.models.Component{expectedDelivery=2025-04-28, requiredForTasks=<uninitialized>, name=Test Component Assoc 1, actualDelivery=null, description=Component 1 for association test, delivered=false, partNumber=TC-ASSOC1, id=55}
10:24:18.254 [main] DEBUG org.hibernate.SQL - delete from components where id=?
10:24:18.255 [main] INFO org.hibernate.orm.jdbc.batch - HHH100503: On release of batch it still contained JDBC statements
10:24:18.255 [main] ERROR org.hibernate.orm.jdbc.batch - HHH100501: Exception executing batch [org.h2.jdbc.JdbcBatchUpdateException: Referential integrity constraint violation: "FK5IRPAISPCX79XWY6N1QOMAXNV: PUBLIC.TASK_COMPONENTS FOREIGN KEY(COMPONENT_ID) REFERENCES PUBLIC.COMPONENTS(ID) (CAST(55 AS BIGINT))"; SQL statement:
delete from components where id=? [23503-224]], SQL: delete from components where id=?
10:24:18.256 [main] DEBUG org.hibernate.engine.jdbc.spi.SqlExceptionHelper - could not execute batch [delete from components where id=?]
org.h2.jdbc.JdbcBatchUpdateException: Referential integrity constraint violation: "FK5IRPAISPCX79XWY6N1QOMAXNV: PUBLIC.TASK_COMPONENTS FOREIGN KEY(COMPONENT_ID) REFERENCES PUBLIC.COMPONENTS(ID) (CAST(55 AS BIGINT))"; SQL statement:
delete from components where id=? [23503-224]
	at org.h2.jdbc.JdbcPreparedStatement.executeBatch(JdbcPreparedStatement.java:1282)
	at com.zaxxer.hikari.pool.ProxyStatement.executeBatch(ProxyStatement.java:127)
	at com.zaxxer.hikari.pool.HikariProxyPreparedStatement.executeBatch(HikariProxyPreparedStatement.java)
	at org.hibernate.engine.jdbc.batch.internal.BatchImpl.lambda$performExecution$2(BatchImpl.java:279)
	at org.hibernate.engine.jdbc.mutation.internal.PreparedStatementGroupSingleTable.forEachStatement(PreparedStatementGroupSingleTable.java:67)
	at org.hibernate.engine.jdbc.batch.internal.BatchImpl.performExecution(BatchImpl.java:264)
	at org.hibernate.engine.jdbc.batch.internal.BatchImpl.execute(BatchImpl.java:242)
	at org.hibernate.engine.jdbc.internal.JdbcCoordinatorImpl.executeBatch(JdbcCoordinatorImpl.java:188)
	at org.hibernate.engine.spi.ActionQueue.executeActions(ActionQueue.java:662)
	at org.hibernate.engine.spi.ActionQueue.executeActions(ActionQueue.java:499)
	at org.hibernate.event.internal.AbstractFlushingEventListener.performExecutions(AbstractFlushingEventListener.java:371)
	at org.hibernate.event.internal.DefaultFlushEventListener.onFlush(DefaultFlushEventListener.java:41)
	at org.hibernate.event.service.internal.EventListenerGroupImpl.fireEventOnEachListener(EventListenerGroupImpl.java:127)
	at org.hibernate.internal.SessionImpl.doFlush(SessionImpl.java:1425)
	at org.hibernate.internal.SessionImpl.managedFlush(SessionImpl.java:487)
	at org.hibernate.internal.SessionImpl.flushBeforeTransactionCompletion(SessionImpl.java:2324)
	at org.hibernate.internal.SessionImpl.beforeTransactionCompletion(SessionImpl.java:1981)
	at org.hibernate.engine.jdbc.internal.JdbcCoordinatorImpl.beforeTransactionCompletion(JdbcCoordinatorImpl.java:439)
	at org.hibernate.resource.transaction.backend.jdbc.internal.JdbcResourceLocalTransactionCoordinatorImpl.beforeCompletionCallback(JdbcResourceLocalTransactionCoordinatorImpl.java:169)
	at org.hibernate.resource.transaction.backend.jdbc.internal.JdbcResourceLocalTransactionCoordinatorImpl$TransactionDriverControlImpl.commit(JdbcResourceLocalTransactionCoordinatorImpl.java:267)
	at org.hibernate.engine.transaction.internal.TransactionImpl.commit(TransactionImpl.java:101)
	at org.frcpm.repositories.impl.JpaRepositoryImpl.delete(JpaRepositoryImpl.java:165)
	at org.frcpm.repositories.ComponentRepositoryTest.cleanupTestComponents(ComponentRepositoryTest.java:63)
	at org.frcpm.repositories.ComponentRepositoryTest.tearDown(ComponentRepositoryTest.java:35)
	at java.base/jdk.internal.reflect.DirectMethodHandleAccessor.invoke(DirectMethodHandleAccessor.java:103)
	at java.base/java.lang.reflect.Method.invoke(Method.java:580)
	at org.junit.platform.commons.util.ReflectionUtils.invokeMethod(ReflectionUtils.java:728)
	at org.junit.jupiter.engine.execution.MethodInvocation.proceed(MethodInvocation.java:60)
	at org.junit.jupiter.engine.execution.InvocationInterceptorChain$ValidatingInvocation.proceed(InvocationInterceptorChain.java:131)
	at org.junit.jupiter.engine.extension.TimeoutExtension.intercept(TimeoutExtension.java:156)
	at org.junit.jupiter.engine.extension.TimeoutExtension.interceptLifecycleMethod(TimeoutExtension.java:128)
	at org.junit.jupiter.engine.extension.TimeoutExtension.interceptAfterEachMethod(TimeoutExtension.java:110)
	at org.junit.jupiter.engine.execution.InterceptingExecutableInvoker$ReflectiveInterceptorCall.lambda$ofVoidMethod$0(InterceptingExecutableInvoker.java:103)
	at org.junit.jupiter.engine.execution.InterceptingExecutableInvoker.lambda$invoke$0(InterceptingExecutableInvoker.java:93)
	at org.junit.jupiter.engine.execution.InvocationInterceptorChain$InterceptedInvocation.proceed(InvocationInterceptorChain.java:106)
	at org.junit.jupiter.engine.execution.InvocationInterceptorChain.proceed(InvocationInterceptorChain.java:64)
	at org.junit.jupiter.engine.execution.InvocationInterceptorChain.chainAndInvoke(InvocationInterceptorChain.java:45)
	at org.junit.jupiter.engine.execution.InvocationInterceptorChain.invoke(InvocationInterceptorChain.java:37)
	at org.junit.jupiter.engine.execution.InterceptingExecutableInvoker.invoke(InterceptingExecutableInvoker.java:92)
	at org.junit.jupiter.engine.execution.InterceptingExecutableInvoker.invoke(InterceptingExecutableInvoker.java:86)
	at org.junit.jupiter.engine.descriptor.ClassBasedTestDescriptor.invokeMethodInExtensionContext(ClassBasedTestDescriptor.java:521)
	at org.junit.jupiter.engine.descriptor.ClassBasedTestDescriptor.lambda$synthesizeAfterEachMethodAdapter$24(ClassBasedTestDescriptor.java:511)
	at org.junit.jupiter.engine.descriptor.TestMethodTestDescriptor.lambda$invokeAfterEachMethods$10(TestMethodTestDescriptor.java:244)
	at org.junit.jupiter.engine.descriptor.TestMethodTestDescriptor.lambda$invokeAllAfterMethodsOrCallbacks$13(TestMethodTestDescriptor.java:277)
	at org.junit.platform.engine.support.hierarchical.ThrowableCollector.execute(ThrowableCollector.java:73)
	at org.junit.jupiter.engine.descriptor.TestMethodTestDescriptor.lambda$invokeAllAfterMethodsOrCallbacks$14(TestMethodTestDescriptor.java:277)
	at org.junit.platform.commons.util.CollectionUtils.forEachInReverseOrder(CollectionUtils.java:217)
	at org.junit.jupiter.engine.descriptor.TestMethodTestDescriptor.invokeAllAfterMethodsOrCallbacks(TestMethodTestDescriptor.java:276)
	at org.junit.jupiter.engine.descriptor.TestMethodTestDescriptor.invokeAfterEachMethods(TestMethodTestDescriptor.java:242)
	at org.junit.jupiter.engine.descriptor.TestMethodTestDescriptor.execute(TestMethodTestDescriptor.java:143)
	at org.junit.jupiter.engine.descriptor.TestMethodTestDescriptor.execute(TestMethodTestDescriptor.java:69)
	at org.junit.platform.engine.support.hierarchical.NodeTestTask.lambda$executeRecursively$6(NodeTestTask.java:151)
	at org.junit.platform.engine.support.hierarchical.ThrowableCollector.execute(ThrowableCollector.java:73)
	at org.junit.platform.engine.support.hierarchical.NodeTestTask.lambda$executeRecursively$8(NodeTestTask.java:141)
	at org.junit.platform.engine.support.hierarchical.Node.around(Node.java:137)
	at org.junit.platform.engine.support.hierarchical.NodeTestTask.lambda$executeRecursively$9(NodeTestTask.java:139)
	at org.junit.platform.engine.support.hierarchical.ThrowableCollector.execute(ThrowableCollector.java:73)
	at org.junit.platform.engine.support.hierarchical.NodeTestTask.executeRecursively(NodeTestTask.java:138)
	at org.junit.platform.engine.support.hierarchical.NodeTestTask.execute(NodeTestTask.java:95)
	at java.base/java.util.ArrayList.forEach(ArrayList.java:1596)
	at org.junit.platform.engine.support.hierarchical.SameThreadHierarchicalTestExecutorService.invokeAll(SameThreadHierarchicalTestExecutorService.java:41)
	at org.junit.platform.engine.support.hierarchical.NodeTestTask.lambda$executeRecursively$6(NodeTestTask.java:155)
	at org.junit.platform.engine.support.hierarchical.ThrowableCollector.execute(ThrowableCollector.java:73)
	at org.junit.platform.engine.support.hierarchical.NodeTestTask.lambda$executeRecursively$8(NodeTestTask.java:141)
	at org.junit.platform.engine.support.hierarchical.Node.around(Node.java:137)
	at org.junit.platform.engine.support.hierarchical.NodeTestTask.lambda$executeRecursively$9(NodeTestTask.java:139)
	at org.junit.platform.engine.support.hierarchical.ThrowableCollector.execute(ThrowableCollector.java:73)
	at org.junit.platform.engine.support.hierarchical.NodeTestTask.executeRecursively(NodeTestTask.java:138)
	at org.junit.platform.engine.support.hierarchical.NodeTestTask.execute(NodeTestTask.java:95)
	at java.base/java.util.ArrayList.forEach(ArrayList.java:1596)
	at org.junit.platform.engine.support.hierarchical.SameThreadHierarchicalTestExecutorService.invokeAll(SameThreadHierarchicalTestExecutorService.java:41)
	at org.junit.platform.engine.support.hierarchical.NodeTestTask.lambda$executeRecursively$6(NodeTestTask.java:155)
	at org.junit.platform.engine.support.hierarchical.ThrowableCollector.execute(ThrowableCollector.java:73)
	at org.junit.platform.engine.support.hierarchical.NodeTestTask.lambda$executeRecursively$8(NodeTestTask.java:141)
	at org.junit.platform.engine.support.hierarchical.Node.around(Node.java:137)
	at org.junit.platform.engine.support.hierarchical.NodeTestTask.lambda$executeRecursively$9(NodeTestTask.java:139)
	at org.junit.platform.engine.support.hierarchical.ThrowableCollector.execute(ThrowableCollector.java:73)
	at org.junit.platform.engine.support.hierarchical.NodeTestTask.executeRecursively(NodeTestTask.java:138)
	at org.junit.platform.engine.support.hierarchical.NodeTestTask.execute(NodeTestTask.java:95)
	at org.junit.platform.engine.support.hierarchical.SameThreadHierarchicalTestExecutorService.submit(SameThreadHierarchicalTestExecutorService.java:35)
	at org.junit.platform.engine.support.hierarchical.HierarchicalTestExecutor.execute(HierarchicalTestExecutor.java:57)
	at org.junit.platform.engine.support.hierarchical.HierarchicalTestEngine.execute(HierarchicalTestEngine.java:54)
	at org.junit.platform.launcher.core.EngineExecutionOrchestrator.execute(EngineExecutionOrchestrator.java:198)
	at org.junit.platform.launcher.core.EngineExecutionOrchestrator.execute(EngineExecutionOrchestrator.java:169)
	at org.junit.platform.launcher.core.EngineExecutionOrchestrator.execute(EngineExecutionOrchestrator.java:93)
	at org.junit.platform.launcher.core.EngineExecutionOrchestrator.lambda$execute$0(EngineExecutionOrchestrator.java:58)
	at org.junit.platform.launcher.core.EngineExecutionOrchestrator.withInterceptedStreams(EngineExecutionOrchestrator.java:141)
	at org.junit.platform.launcher.core.EngineExecutionOrchestrator.execute(EngineExecutionOrchestrator.java:57)
	at org.junit.platform.launcher.core.DefaultLauncher.execute(DefaultLauncher.java:103)
	at org.junit.platform.launcher.core.DefaultLauncher.execute(DefaultLauncher.java:85)
	at org.junit.platform.launcher.core.DelegatingLauncher.execute(DelegatingLauncher.java:47)
	at org.apache.maven.surefire.junitplatform.LazyLauncher.execute(LazyLauncher.java:56)
	at org.apache.maven.surefire.junitplatform.JUnitPlatformProvider.execute(JUnitPlatformProvider.java:184)
	at org.apache.maven.surefire.junitplatform.JUnitPlatformProvider.invokeAllTests(JUnitPlatformProvider.java:148)
	at org.apache.maven.surefire.junitplatform.JUnitPlatformProvider.invoke(JUnitPlatformProvider.java:122)
	at org.apache.maven.surefire.booter.ForkedBooter.runSuitesInProcess(ForkedBooter.java:385)
	at org.apache.maven.surefire.booter.ForkedBooter.execute(ForkedBooter.java:162)
	at org.apache.maven.surefire.booter.ForkedBooter.run(ForkedBooter.java:507)
	at org.apache.maven.surefire.booter.ForkedBooter.main(ForkedBooter.java:495)
10:24:18.256 [main] WARN org.hibernate.engine.jdbc.spi.SqlExceptionHelper - SQL Error: 23503, SQLState: 23503
10:24:18.256 [main] ERROR org.hibernate.engine.jdbc.spi.SqlExceptionHelper - Referential integrity constraint violation: "FK5IRPAISPCX79XWY6N1QOMAXNV: PUBLIC.TASK_COMPONENTS FOREIGN KEY(COMPONENT_ID) REFERENCES PUBLIC.COMPONENTS(ID) (CAST(55 AS BIGINT))"; SQL statement:
delete from components where id=? [23503-224]
10:24:18.256 [main] DEBUG org.hibernate.orm.jdbc.batch - PreparedStatementDetails did not contain PreparedStatement on #releaseStatements : delete from components where id=?
10:24:18.256 [main] DEBUG org.hibernate.orm.jdbc.batch - PreparedStatementDetails did not contain PreparedStatement on #releaseStatements : delete from components where id=?
10:24:18.256 [main] DEBUG org.hibernate.resource.transaction.backend.jdbc.internal.JdbcResourceLocalTransactionCoordinatorImpl - JDBC transaction marked for rollback-only (exception provided for stack trace)
java.lang.Exception: exception just for purpose of providing stack trace
	at org.hibernate.resource.transaction.backend.jdbc.internal.JdbcResourceLocalTransactionCoordinatorImpl$TransactionDriverControlImpl.markRollbackOnly(JdbcResourceLocalTransactionCoordinatorImpl.java:309)
	at org.hibernate.engine.transaction.internal.TransactionImpl.markRollbackOnly(TransactionImpl.java:203)
	at org.hibernate.internal.AbstractSharedSessionContract.markForRollbackOnly(AbstractSharedSessionContract.java:512)
	at org.hibernate.internal.ExceptionConverterImpl.rollbackIfNecessary(ExceptionConverterImpl.java:264)
	at org.hibernate.internal.ExceptionConverterImpl.convert(ExceptionConverterImpl.java:160)
	at org.hibernate.internal.ExceptionConverterImpl.convert(ExceptionConverterImpl.java:167)
	at org.hibernate.internal.ExceptionConverterImpl.convert(ExceptionConverterImpl.java:173)
	at org.hibernate.internal.SessionImpl.doFlush(SessionImpl.java:1429)
	at org.hibernate.internal.SessionImpl.managedFlush(SessionImpl.java:487)
	at org.hibernate.internal.SessionImpl.flushBeforeTransactionCompletion(SessionImpl.java:2324)
	at org.hibernate.internal.SessionImpl.beforeTransactionCompletion(SessionImpl.java:1981)
	at org.hibernate.engine.jdbc.internal.JdbcCoordinatorImpl.beforeTransactionCompletion(JdbcCoordinatorImpl.java:439)
	at org.hibernate.resource.transaction.backend.jdbc.internal.JdbcResourceLocalTransactionCoordinatorImpl.beforeCompletionCallback(JdbcResourceLocalTransactionCoordinatorImpl.java:169)
	at org.hibernate.resource.transaction.backend.jdbc.internal.JdbcResourceLocalTransactionCoordinatorImpl$TransactionDriverControlImpl.commit(JdbcResourceLocalTransactionCoordinatorImpl.java:267)
	at org.hibernate.engine.transaction.internal.TransactionImpl.commit(TransactionImpl.java:101)
	at org.frcpm.repositories.impl.JpaRepositoryImpl.delete(JpaRepositoryImpl.java:165)
	at org.frcpm.repositories.ComponentRepositoryTest.cleanupTestComponents(ComponentRepositoryTest.java:63)
	at org.frcpm.repositories.ComponentRepositoryTest.tearDown(ComponentRepositoryTest.java:35)
	at java.base/jdk.internal.reflect.DirectMethodHandleAccessor.invoke(DirectMethodHandleAccessor.java:103)
	at java.base/java.lang.reflect.Method.invoke(Method.java:580)
	at org.junit.platform.commons.util.ReflectionUtils.invokeMethod(ReflectionUtils.java:728)
	at org.junit.jupiter.engine.execution.MethodInvocation.proceed(MethodInvocation.java:60)
	at org.junit.jupiter.engine.execution.InvocationInterceptorChain$ValidatingInvocation.proceed(InvocationInterceptorChain.java:131)
	at org.junit.jupiter.engine.extension.TimeoutExtension.intercept(TimeoutExtension.java:156)
	at org.junit.jupiter.engine.extension.TimeoutExtension.interceptLifecycleMethod(TimeoutExtension.java:128)
	at org.junit.jupiter.engine.extension.TimeoutExtension.interceptAfterEachMethod(TimeoutExtension.java:110)
	at org.junit.jupiter.engine.execution.InterceptingExecutableInvoker$ReflectiveInterceptorCall.lambda$ofVoidMethod$0(InterceptingExecutableInvoker.java:103)
	at org.junit.jupiter.engine.execution.InterceptingExecutableInvoker.lambda$invoke$0(InterceptingExecutableInvoker.java:93)
	at org.junit.jupiter.engine.execution.InvocationInterceptorChain$InterceptedInvocation.proceed(InvocationInterceptorChain.java:106)
	at org.junit.jupiter.engine.execution.InvocationInterceptorChain.proceed(InvocationInterceptorChain.java:64)
	at org.junit.jupiter.engine.execution.InvocationInterceptorChain.chainAndInvoke(InvocationInterceptorChain.java:45)
	at org.junit.jupiter.engine.execution.InvocationInterceptorChain.invoke(InvocationInterceptorChain.java:37)
	at org.junit.jupiter.engine.execution.InterceptingExecutableInvoker.invoke(InterceptingExecutableInvoker.java:92)
	at org.junit.jupiter.engine.execution.InterceptingExecutableInvoker.invoke(InterceptingExecutableInvoker.java:86)
	at org.junit.jupiter.engine.descriptor.ClassBasedTestDescriptor.invokeMethodInExtensionContext(ClassBasedTestDescriptor.java:521)
	at org.junit.jupiter.engine.descriptor.ClassBasedTestDescriptor.lambda$synthesizeAfterEachMethodAdapter$24(ClassBasedTestDescriptor.java:511)
	at org.junit.jupiter.engine.descriptor.TestMethodTestDescriptor.lambda$invokeAfterEachMethods$10(TestMethodTestDescriptor.java:244)
	at org.junit.jupiter.engine.descriptor.TestMethodTestDescriptor.lambda$invokeAllAfterMethodsOrCallbacks$13(TestMethodTestDescriptor.java:277)
	at org.junit.platform.engine.support.hierarchical.ThrowableCollector.execute(ThrowableCollector.java:73)
	at org.junit.jupiter.engine.descriptor.TestMethodTestDescriptor.lambda$invokeAllAfterMethodsOrCallbacks$14(TestMethodTestDescriptor.java:277)
	at org.junit.platform.commons.util.CollectionUtils.forEachInReverseOrder(CollectionUtils.java:217)
	at org.junit.jupiter.engine.descriptor.TestMethodTestDescriptor.invokeAllAfterMethodsOrCallbacks(TestMethodTestDescriptor.java:276)
	at org.junit.jupiter.engine.descriptor.TestMethodTestDescriptor.invokeAfterEachMethods(TestMethodTestDescriptor.java:242)
	at org.junit.jupiter.engine.descriptor.TestMethodTestDescriptor.execute(TestMethodTestDescriptor.java:143)
	at org.junit.jupiter.engine.descriptor.TestMethodTestDescriptor.execute(TestMethodTestDescriptor.java:69)
	at org.junit.platform.engine.support.hierarchical.NodeTestTask.lambda$executeRecursively$6(NodeTestTask.java:151)
	at org.junit.platform.engine.support.hierarchical.ThrowableCollector.execute(ThrowableCollector.java:73)
	at org.junit.platform.engine.support.hierarchical.NodeTestTask.lambda$executeRecursively$8(NodeTestTask.java:141)
	at org.junit.platform.engine.support.hierarchical.Node.around(Node.java:137)
	at org.junit.platform.engine.support.hierarchical.NodeTestTask.lambda$executeRecursively$9(NodeTestTask.java:139)
	at org.junit.platform.engine.support.hierarchical.ThrowableCollector.execute(ThrowableCollector.java:73)
	at org.junit.platform.engine.support.hierarchical.NodeTestTask.executeRecursively(NodeTestTask.java:138)
	at org.junit.platform.engine.support.hierarchical.NodeTestTask.execute(NodeTestTask.java:95)
	at java.base/java.util.ArrayList.forEach(ArrayList.java:1596)
	at org.junit.platform.engine.support.hierarchical.SameThreadHierarchicalTestExecutorService.invokeAll(SameThreadHierarchicalTestExecutorService.java:41)
	at org.junit.platform.engine.support.hierarchical.NodeTestTask.lambda$executeRecursively$6(NodeTestTask.java:155)
	at org.junit.platform.engine.support.hierarchical.ThrowableCollector.execute(ThrowableCollector.java:73)
	at org.junit.platform.engine.support.hierarchical.NodeTestTask.lambda$executeRecursively$8(NodeTestTask.java:141)
	at org.junit.platform.engine.support.hierarchical.Node.around(Node.java:137)
	at org.junit.platform.engine.support.hierarchical.NodeTestTask.lambda$executeRecursively$9(NodeTestTask.java:139)
	at org.junit.platform.engine.support.hierarchical.ThrowableCollector.execute(ThrowableCollector.java:73)
	at org.junit.platform.engine.support.hierarchical.NodeTestTask.executeRecursively(NodeTestTask.java:138)
	at org.junit.platform.engine.support.hierarchical.NodeTestTask.execute(NodeTestTask.java:95)
	at java.base/java.util.ArrayList.forEach(ArrayList.java:1596)
	at org.junit.platform.engine.support.hierarchical.SameThreadHierarchicalTestExecutorService.invokeAll(SameThreadHierarchicalTestExecutorService.java:41)
	at org.junit.platform.engine.support.hierarchical.NodeTestTask.lambda$executeRecursively$6(NodeTestTask.java:155)
	at org.junit.platform.engine.support.hierarchical.ThrowableCollector.execute(ThrowableCollector.java:73)
	at org.junit.platform.engine.support.hierarchical.NodeTestTask.lambda$executeRecursively$8(NodeTestTask.java:141)
	at org.junit.platform.engine.support.hierarchical.Node.around(Node.java:137)
	at org.junit.platform.engine.support.hierarchical.NodeTestTask.lambda$executeRecursively$9(NodeTestTask.java:139)
	at org.junit.platform.engine.support.hierarchical.ThrowableCollector.execute(ThrowableCollector.java:73)
	at org.junit.platform.engine.support.hierarchical.NodeTestTask.executeRecursively(NodeTestTask.java:138)
	at org.junit.platform.engine.support.hierarchical.NodeTestTask.execute(NodeTestTask.java:95)
	at org.junit.platform.engine.support.hierarchical.SameThreadHierarchicalTestExecutorService.submit(SameThreadHierarchicalTestExecutorService.java:35)
	at org.junit.platform.engine.support.hierarchical.HierarchicalTestExecutor.execute(HierarchicalTestExecutor.java:57)
	at org.junit.platform.engine.support.hierarchical.HierarchicalTestEngine.execute(HierarchicalTestEngine.java:54)
	at org.junit.platform.launcher.core.EngineExecutionOrchestrator.execute(EngineExecutionOrchestrator.java:198)
	at org.junit.platform.launcher.core.EngineExecutionOrchestrator.execute(EngineExecutionOrchestrator.java:169)
	at org.junit.platform.launcher.core.EngineExecutionOrchestrator.execute(EngineExecutionOrchestrator.java:93)
	at org.junit.platform.launcher.core.EngineExecutionOrchestrator.lambda$execute$0(EngineExecutionOrchestrator.java:58)
	at org.junit.platform.launcher.core.EngineExecutionOrchestrator.withInterceptedStreams(EngineExecutionOrchestrator.java:141)
	at org.junit.platform.launcher.core.EngineExecutionOrchestrator.execute(EngineExecutionOrchestrator.java:57)
	at org.junit.platform.launcher.core.DefaultLauncher.execute(DefaultLauncher.java:103)
	at org.junit.platform.launcher.core.DefaultLauncher.execute(DefaultLauncher.java:85)
	at org.junit.platform.launcher.core.DelegatingLauncher.execute(DelegatingLauncher.java:47)
	at org.apache.maven.surefire.junitplatform.LazyLauncher.execute(LazyLauncher.java:56)
	at org.apache.maven.surefire.junitplatform.JUnitPlatformProvider.execute(JUnitPlatformProvider.java:184)
	at org.apache.maven.surefire.junitplatform.JUnitPlatformProvider.invokeAllTests(JUnitPlatformProvider.java:148)
	at org.apache.maven.surefire.junitplatform.JUnitPlatformProvider.invoke(JUnitPlatformProvider.java:122)
	at org.apache.maven.surefire.booter.ForkedBooter.runSuitesInProcess(ForkedBooter.java:385)
	at org.apache.maven.surefire.booter.ForkedBooter.execute(ForkedBooter.java:162)
	at org.apache.maven.surefire.booter.ForkedBooter.run(ForkedBooter.java:507)
	at org.apache.maven.surefire.booter.ForkedBooter.main(ForkedBooter.java:495)
10:24:18.257 [main] DEBUG org.hibernate.resource.transaction.backend.jdbc.internal.JdbcResourceLocalTransactionCoordinatorImpl - JDBC transaction marked for rollback-only (exception provided for stack trace)
java.lang.Exception: exception just for purpose of providing stack trace
	at org.hibernate.resource.transaction.backend.jdbc.internal.JdbcResourceLocalTransactionCoordinatorImpl$TransactionDriverControlImpl.markRollbackOnly(JdbcResourceLocalTransactionCoordinatorImpl.java:309)
	at org.hibernate.resource.transaction.backend.jdbc.internal.JdbcResourceLocalTransactionCoordinatorImpl.beforeCompletionCallback(JdbcResourceLocalTransactionCoordinatorImpl.java:178)
	at org.hibernate.resource.transaction.backend.jdbc.internal.JdbcResourceLocalTransactionCoordinatorImpl$TransactionDriverControlImpl.commit(JdbcResourceLocalTransactionCoordinatorImpl.java:267)
	at org.hibernate.engine.transaction.internal.TransactionImpl.commit(TransactionImpl.java:101)
	at org.frcpm.repositories.impl.JpaRepositoryImpl.delete(JpaRepositoryImpl.java:165)
	at org.frcpm.repositories.ComponentRepositoryTest.cleanupTestComponents(ComponentRepositoryTest.java:63)
	at org.frcpm.repositories.ComponentRepositoryTest.tearDown(ComponentRepositoryTest.java:35)
	at java.base/jdk.internal.reflect.DirectMethodHandleAccessor.invoke(DirectMethodHandleAccessor.java:103)
	at java.base/java.lang.reflect.Method.invoke(Method.java:580)
	at org.junit.platform.commons.util.ReflectionUtils.invokeMethod(ReflectionUtils.java:728)
	at org.junit.jupiter.engine.execution.MethodInvocation.proceed(MethodInvocation.java:60)
	at org.junit.jupiter.engine.execution.InvocationInterceptorChain$ValidatingInvocation.proceed(InvocationInterceptorChain.java:131)
	at org.junit.jupiter.engine.extension.TimeoutExtension.intercept(TimeoutExtension.java:156)
	at org.junit.jupiter.engine.extension.TimeoutExtension.interceptLifecycleMethod(TimeoutExtension.java:128)
	at org.junit.jupiter.engine.extension.TimeoutExtension.interceptAfterEachMethod(TimeoutExtension.java:110)
	at org.junit.jupiter.engine.execution.InterceptingExecutableInvoker$ReflectiveInterceptorCall.lambda$ofVoidMethod$0(InterceptingExecutableInvoker.java:103)
	at org.junit.jupiter.engine.execution.InterceptingExecutableInvoker.lambda$invoke$0(InterceptingExecutableInvoker.java:93)
	at org.junit.jupiter.engine.execution.InvocationInterceptorChain$InterceptedInvocation.proceed(InvocationInterceptorChain.java:106)
	at org.junit.jupiter.engine.execution.InvocationInterceptorChain.proceed(InvocationInterceptorChain.java:64)
	at org.junit.jupiter.engine.execution.InvocationInterceptorChain.chainAndInvoke(InvocationInterceptorChain.java:45)
	at org.junit.jupiter.engine.execution.InvocationInterceptorChain.invoke(InvocationInterceptorChain.java:37)
	at org.junit.jupiter.engine.execution.InterceptingExecutableInvoker.invoke(InterceptingExecutableInvoker.java:92)
	at org.junit.jupiter.engine.execution.InterceptingExecutableInvoker.invoke(InterceptingExecutableInvoker.java:86)
	at org.junit.jupiter.engine.descriptor.ClassBasedTestDescriptor.invokeMethodInExtensionContext(ClassBasedTestDescriptor.java:521)
	at org.junit.jupiter.engine.descriptor.ClassBasedTestDescriptor.lambda$synthesizeAfterEachMethodAdapter$24(ClassBasedTestDescriptor.java:511)
	at org.junit.jupiter.engine.descriptor.TestMethodTestDescriptor.lambda$invokeAfterEachMethods$10(TestMethodTestDescriptor.java:244)
	at org.junit.jupiter.engine.descriptor.TestMethodTestDescriptor.lambda$invokeAllAfterMethodsOrCallbacks$13(TestMethodTestDescriptor.java:277)
	at org.junit.platform.engine.support.hierarchical.ThrowableCollector.execute(ThrowableCollector.java:73)
	at org.junit.jupiter.engine.descriptor.TestMethodTestDescriptor.lambda$invokeAllAfterMethodsOrCallbacks$14(TestMethodTestDescriptor.java:277)
	at org.junit.platform.commons.util.CollectionUtils.forEachInReverseOrder(CollectionUtils.java:217)
	at org.junit.jupiter.engine.descriptor.TestMethodTestDescriptor.invokeAllAfterMethodsOrCallbacks(TestMethodTestDescriptor.java:276)
	at org.junit.jupiter.engine.descriptor.TestMethodTestDescriptor.invokeAfterEachMethods(TestMethodTestDescriptor.java:242)
	at org.junit.jupiter.engine.descriptor.TestMethodTestDescriptor.execute(TestMethodTestDescriptor.java:143)
	at org.junit.jupiter.engine.descriptor.TestMethodTestDescriptor.execute(TestMethodTestDescriptor.java:69)
	at org.junit.platform.engine.support.hierarchical.NodeTestTask.lambda$executeRecursively$6(NodeTestTask.java:151)
	at org.junit.platform.engine.support.hierarchical.ThrowableCollector.execute(ThrowableCollector.java:73)
	at org.junit.platform.engine.support.hierarchical.NodeTestTask.lambda$executeRecursively$8(NodeTestTask.java:141)
	at org.junit.platform.engine.support.hierarchical.Node.around(Node.java:137)
	at org.junit.platform.engine.support.hierarchical.NodeTestTask.lambda$executeRecursively$9(NodeTestTask.java:139)
	at org.junit.platform.engine.support.hierarchical.ThrowableCollector.execute(ThrowableCollector.java:73)
	at org.junit.platform.engine.support.hierarchical.NodeTestTask.executeRecursively(NodeTestTask.java:138)
	at org.junit.platform.engine.support.hierarchical.NodeTestTask.execute(NodeTestTask.java:95)
	at java.base/java.util.ArrayList.forEach(ArrayList.java:1596)
	at org.junit.platform.engine.support.hierarchical.SameThreadHierarchicalTestExecutorService.invokeAll(SameThreadHierarchicalTestExecutorService.java:41)
	at org.junit.platform.engine.support.hierarchical.NodeTestTask.lambda$executeRecursively$6(NodeTestTask.java:155)
	at org.junit.platform.engine.support.hierarchical.ThrowableCollector.execute(ThrowableCollector.java:73)
	at org.junit.platform.engine.support.hierarchical.NodeTestTask.lambda$executeRecursively$8(NodeTestTask.java:141)
	at org.junit.platform.engine.support.hierarchical.Node.around(Node.java:137)
	at org.junit.platform.engine.support.hierarchical.NodeTestTask.lambda$executeRecursively$9(NodeTestTask.java:139)
	at org.junit.platform.engine.support.hierarchical.ThrowableCollector.execute(ThrowableCollector.java:73)
	at org.junit.platform.engine.support.hierarchical.NodeTestTask.executeRecursively(NodeTestTask.java:138)
	at org.junit.platform.engine.support.hierarchical.NodeTestTask.execute(NodeTestTask.java:95)
	at java.base/java.util.ArrayList.forEach(ArrayList.java:1596)
	at org.junit.platform.engine.support.hierarchical.SameThreadHierarchicalTestExecutorService.invokeAll(SameThreadHierarchicalTestExecutorService.java:41)
	at org.junit.platform.engine.support.hierarchical.NodeTestTask.lambda$executeRecursively$6(NodeTestTask.java:155)
	at org.junit.platform.engine.support.hierarchical.ThrowableCollector.execute(ThrowableCollector.java:73)
	at org.junit.platform.engine.support.hierarchical.NodeTestTask.lambda$executeRecursively$8(NodeTestTask.java:141)
	at org.junit.platform.engine.support.hierarchical.Node.around(Node.java:137)
	at org.junit.platform.engine.support.hierarchical.NodeTestTask.lambda$executeRecursively$9(NodeTestTask.java:139)
	at org.junit.platform.engine.support.hierarchical.ThrowableCollector.execute(ThrowableCollector.java:73)
	at org.junit.platform.engine.support.hierarchical.NodeTestTask.executeRecursively(NodeTestTask.java:138)
	at org.junit.platform.engine.support.hierarchical.NodeTestTask.execute(NodeTestTask.java:95)
	at org.junit.platform.engine.support.hierarchical.SameThreadHierarchicalTestExecutorService.submit(SameThreadHierarchicalTestExecutorService.java:35)
	at org.junit.platform.engine.support.hierarchical.HierarchicalTestExecutor.execute(HierarchicalTestExecutor.java:57)
	at org.junit.platform.engine.support.hierarchical.HierarchicalTestEngine.execute(HierarchicalTestEngine.java:54)
	at org.junit.platform.launcher.core.EngineExecutionOrchestrator.execute(EngineExecutionOrchestrator.java:198)
	at org.junit.platform.launcher.core.EngineExecutionOrchestrator.execute(EngineExecutionOrchestrator.java:169)
	at org.junit.platform.launcher.core.EngineExecutionOrchestrator.execute(EngineExecutionOrchestrator.java:93)
	at org.junit.platform.launcher.core.EngineExecutionOrchestrator.lambda$execute$0(EngineExecutionOrchestrator.java:58)
	at org.junit.platform.launcher.core.EngineExecutionOrchestrator.withInterceptedStreams(EngineExecutionOrchestrator.java:141)
	at org.junit.platform.launcher.core.EngineExecutionOrchestrator.execute(EngineExecutionOrchestrator.java:57)
	at org.junit.platform.launcher.core.DefaultLauncher.execute(DefaultLauncher.java:103)
	at org.junit.platform.launcher.core.DefaultLauncher.execute(DefaultLauncher.java:85)
	at org.junit.platform.launcher.core.DelegatingLauncher.execute(DelegatingLauncher.java:47)
	at org.apache.maven.surefire.junitplatform.LazyLauncher.execute(LazyLauncher.java:56)
	at org.apache.maven.surefire.junitplatform.JUnitPlatformProvider.execute(JUnitPlatformProvider.java:184)
	at org.apache.maven.surefire.junitplatform.JUnitPlatformProvider.invokeAllTests(JUnitPlatformProvider.java:148)
	at org.apache.maven.surefire.junitplatform.JUnitPlatformProvider.invoke(JUnitPlatformProvider.java:122)
	at org.apache.maven.surefire.booter.ForkedBooter.runSuitesInProcess(ForkedBooter.java:385)
	at org.apache.maven.surefire.booter.ForkedBooter.execute(ForkedBooter.java:162)
	at org.apache.maven.surefire.booter.ForkedBooter.run(ForkedBooter.java:507)
	at org.apache.maven.surefire.booter.ForkedBooter.main(ForkedBooter.java:495)
10:24:18.257 [main] DEBUG org.hibernate.orm.jdbc.batch - PreparedStatementDetails did not contain PreparedStatement on #releaseStatements : delete from components where id=?
10:24:18.257 [main] DEBUG org.hibernate.resource.jdbc.internal.LogicalConnectionManagedImpl - Initiating JDBC connection release from afterTransaction
10:24:18.257 [main] DEBUG org.hibernate.orm.jdbc.batch - PreparedStatementDetails did not contain PreparedStatement on #releaseStatements : delete from components where id=?
10:24:18.257 [main] DEBUG org.hibernate.orm.jdbc.batch - PreparedStatementDetails did not contain PreparedStatement on #releaseStatements : delete from components where id=?
10:24:18.257 [main] DEBUG org.hibernate.resource.jdbc.internal.LogicalConnectionManagedImpl - Initiating JDBC connection release from afterTransaction
10:24:18.257 [main] DEBUG org.hibernate.engine.transaction.internal.TransactionImpl - rollback() called on an inactive transaction
10:24:18.258 [main] DEBUG org.hibernate.engine.jdbc.internal.JdbcCoordinatorImpl - HHH000420: Closing un-released batch
10:24:18.258 [main] DEBUG org.hibernate.orm.jdbc.batch - PreparedStatementDetails did not contain PreparedStatement on #releaseStatements : delete from components where id=?
10:24:18.258 [main] DEBUG org.hibernate.orm.jdbc.batch - PreparedStatementDetails did not contain PreparedStatement on #releaseStatements : delete from components where id=?
]]></system-out>
    <system-err><![CDATA[Apr 25, 2025 10:24:18 AM org.frcpm.repositories.impl.JpaRepositoryImpl delete
SEVERE: Error deleting entity
jakarta.persistence.RollbackException: Error while committing the transaction
	at org.hibernate.internal.ExceptionConverterImpl.convertCommitException(ExceptionConverterImpl.java:67)
	at org.hibernate.engine.transaction.internal.TransactionImpl.commit(TransactionImpl.java:104)
	at org.frcpm.repositories.impl.JpaRepositoryImpl.delete(JpaRepositoryImpl.java:165)
	at org.frcpm.repositories.ComponentRepositoryTest.cleanupTestComponents(ComponentRepositoryTest.java:63)
	at org.frcpm.repositories.ComponentRepositoryTest.tearDown(ComponentRepositoryTest.java:35)
	at java.base/jdk.internal.reflect.DirectMethodHandleAccessor.invoke(DirectMethodHandleAccessor.java:103)
	at java.base/java.lang.reflect.Method.invoke(Method.java:580)
	at org.junit.platform.commons.util.ReflectionUtils.invokeMethod(ReflectionUtils.java:728)
	at org.junit.jupiter.engine.execution.MethodInvocation.proceed(MethodInvocation.java:60)
	at org.junit.jupiter.engine.execution.InvocationInterceptorChain$ValidatingInvocation.proceed(InvocationInterceptorChain.java:131)
	at org.junit.jupiter.engine.extension.TimeoutExtension.intercept(TimeoutExtension.java:156)
	at org.junit.jupiter.engine.extension.TimeoutExtension.interceptLifecycleMethod(TimeoutExtension.java:128)
	at org.junit.jupiter.engine.extension.TimeoutExtension.interceptAfterEachMethod(TimeoutExtension.java:110)
	at org.junit.jupiter.engine.execution.InterceptingExecutableInvoker$ReflectiveInterceptorCall.lambda$ofVoidMethod$0(InterceptingExecutableInvoker.java:103)
	at org.junit.jupiter.engine.execution.InterceptingExecutableInvoker.lambda$invoke$0(InterceptingExecutableInvoker.java:93)
	at org.junit.jupiter.engine.execution.InvocationInterceptorChain$InterceptedInvocation.proceed(InvocationInterceptorChain.java:106)
	at org.junit.jupiter.engine.execution.InvocationInterceptorChain.proceed(InvocationInterceptorChain.java:64)
	at org.junit.jupiter.engine.execution.InvocationInterceptorChain.chainAndInvoke(InvocationInterceptorChain.java:45)
	at org.junit.jupiter.engine.execution.InvocationInterceptorChain.invoke(InvocationInterceptorChain.java:37)
	at org.junit.jupiter.engine.execution.InterceptingExecutableInvoker.invoke(InterceptingExecutableInvoker.java:92)
	at org.junit.jupiter.engine.execution.InterceptingExecutableInvoker.invoke(InterceptingExecutableInvoker.java:86)
	at org.junit.jupiter.engine.descriptor.ClassBasedTestDescriptor.invokeMethodInExtensionContext(ClassBasedTestDescriptor.java:521)
	at org.junit.jupiter.engine.descriptor.ClassBasedTestDescriptor.lambda$synthesizeAfterEachMethodAdapter$24(ClassBasedTestDescriptor.java:511)
	at org.junit.jupiter.engine.descriptor.TestMethodTestDescriptor.lambda$invokeAfterEachMethods$10(TestMethodTestDescriptor.java:244)
	at org.junit.jupiter.engine.descriptor.TestMethodTestDescriptor.lambda$invokeAllAfterMethodsOrCallbacks$13(TestMethodTestDescriptor.java:277)
	at org.junit.platform.engine.support.hierarchical.ThrowableCollector.execute(ThrowableCollector.java:73)
	at org.junit.jupiter.engine.descriptor.TestMethodTestDescriptor.lambda$invokeAllAfterMethodsOrCallbacks$14(TestMethodTestDescriptor.java:277)
	at org.junit.platform.commons.util.CollectionUtils.forEachInReverseOrder(CollectionUtils.java:217)
	at org.junit.jupiter.engine.descriptor.TestMethodTestDescriptor.invokeAllAfterMethodsOrCallbacks(TestMethodTestDescriptor.java:276)
	at org.junit.jupiter.engine.descriptor.TestMethodTestDescriptor.invokeAfterEachMethods(TestMethodTestDescriptor.java:242)
	at org.junit.jupiter.engine.descriptor.TestMethodTestDescriptor.execute(TestMethodTestDescriptor.java:143)
	at org.junit.jupiter.engine.descriptor.TestMethodTestDescriptor.execute(TestMethodTestDescriptor.java:69)
	at org.junit.platform.engine.support.hierarchical.NodeTestTask.lambda$executeRecursively$6(NodeTestTask.java:151)
	at org.junit.platform.engine.support.hierarchical.ThrowableCollector.execute(ThrowableCollector.java:73)
	at org.junit.platform.engine.support.hierarchical.NodeTestTask.lambda$executeRecursively$8(NodeTestTask.java:141)
	at org.junit.platform.engine.support.hierarchical.Node.around(Node.java:137)
	at org.junit.platform.engine.support.hierarchical.NodeTestTask.lambda$executeRecursively$9(NodeTestTask.java:139)
	at org.junit.platform.engine.support.hierarchical.ThrowableCollector.execute(ThrowableCollector.java:73)
	at org.junit.platform.engine.support.hierarchical.NodeTestTask.executeRecursively(NodeTestTask.java:138)
	at org.junit.platform.engine.support.hierarchical.NodeTestTask.execute(NodeTestTask.java:95)
	at java.base/java.util.ArrayList.forEach(ArrayList.java:1596)
	at org.junit.platform.engine.support.hierarchical.SameThreadHierarchicalTestExecutorService.invokeAll(SameThreadHierarchicalTestExecutorService.java:41)
	at org.junit.platform.engine.support.hierarchical.NodeTestTask.lambda$executeRecursively$6(NodeTestTask.java:155)
	at org.junit.platform.engine.support.hierarchical.ThrowableCollector.execute(ThrowableCollector.java:73)
	at org.junit.platform.engine.support.hierarchical.NodeTestTask.lambda$executeRecursively$8(NodeTestTask.java:141)
	at org.junit.platform.engine.support.hierarchical.Node.around(Node.java:137)
	at org.junit.platform.engine.support.hierarchical.NodeTestTask.lambda$executeRecursively$9(NodeTestTask.java:139)
	at org.junit.platform.engine.support.hierarchical.ThrowableCollector.execute(ThrowableCollector.java:73)
	at org.junit.platform.engine.support.hierarchical.NodeTestTask.executeRecursively(NodeTestTask.java:138)
	at org.junit.platform.engine.support.hierarchical.NodeTestTask.execute(NodeTestTask.java:95)
	at java.base/java.util.ArrayList.forEach(ArrayList.java:1596)
	at org.junit.platform.engine.support.hierarchical.SameThreadHierarchicalTestExecutorService.invokeAll(SameThreadHierarchicalTestExecutorService.java:41)
	at org.junit.platform.engine.support.hierarchical.NodeTestTask.lambda$executeRecursively$6(NodeTestTask.java:155)
	at org.junit.platform.engine.support.hierarchical.ThrowableCollector.execute(ThrowableCollector.java:73)
	at org.junit.platform.engine.support.hierarchical.NodeTestTask.lambda$executeRecursively$8(NodeTestTask.java:141)
	at org.junit.platform.engine.support.hierarchical.Node.around(Node.java:137)
	at org.junit.platform.engine.support.hierarchical.NodeTestTask.lambda$executeRecursively$9(NodeTestTask.java:139)
	at org.junit.platform.engine.support.hierarchical.ThrowableCollector.execute(ThrowableCollector.java:73)
	at org.junit.platform.engine.support.hierarchical.NodeTestTask.executeRecursively(NodeTestTask.java:138)
	at org.junit.platform.engine.support.hierarchical.NodeTestTask.execute(NodeTestTask.java:95)
	at org.junit.platform.engine.support.hierarchical.SameThreadHierarchicalTestExecutorService.submit(SameThreadHierarchicalTestExecutorService.java:35)
	at org.junit.platform.engine.support.hierarchical.HierarchicalTestExecutor.execute(HierarchicalTestExecutor.java:57)
	at org.junit.platform.engine.support.hierarchical.HierarchicalTestEngine.execute(HierarchicalTestEngine.java:54)
	at org.junit.platform.launcher.core.EngineExecutionOrchestrator.execute(EngineExecutionOrchestrator.java:198)
	at org.junit.platform.launcher.core.EngineExecutionOrchestrator.execute(EngineExecutionOrchestrator.java:169)
	at org.junit.platform.launcher.core.EngineExecutionOrchestrator.execute(EngineExecutionOrchestrator.java:93)
	at org.junit.platform.launcher.core.EngineExecutionOrchestrator.lambda$execute$0(EngineExecutionOrchestrator.java:58)
	at org.junit.platform.launcher.core.EngineExecutionOrchestrator.withInterceptedStreams(EngineExecutionOrchestrator.java:141)
	at org.junit.platform.launcher.core.EngineExecutionOrchestrator.execute(EngineExecutionOrchestrator.java:57)
	at org.junit.platform.launcher.core.DefaultLauncher.execute(DefaultLauncher.java:103)
	at org.junit.platform.launcher.core.DefaultLauncher.execute(DefaultLauncher.java:85)
	at org.junit.platform.launcher.core.DelegatingLauncher.execute(DelegatingLauncher.java:47)
	at org.apache.maven.surefire.junitplatform.LazyLauncher.execute(LazyLauncher.java:56)
	at org.apache.maven.surefire.junitplatform.JUnitPlatformProvider.execute(JUnitPlatformProvider.java:184)
	at org.apache.maven.surefire.junitplatform.JUnitPlatformProvider.invokeAllTests(JUnitPlatformProvider.java:148)
	at org.apache.maven.surefire.junitplatform.JUnitPlatformProvider.invoke(JUnitPlatformProvider.java:122)
	at org.apache.maven.surefire.booter.ForkedBooter.runSuitesInProcess(ForkedBooter.java:385)
	at org.apache.maven.surefire.booter.ForkedBooter.execute(ForkedBooter.java:162)
	at org.apache.maven.surefire.booter.ForkedBooter.run(ForkedBooter.java:507)
	at org.apache.maven.surefire.booter.ForkedBooter.main(ForkedBooter.java:495)
Caused by: org.hibernate.exception.ConstraintViolationException: could not execute batch [Referential integrity constraint violation: "FK5IRPAISPCX79XWY6N1QOMAXNV: PUBLIC.TASK_COMPONENTS FOREIGN KEY(COMPONENT_ID) REFERENCES PUBLIC.COMPONENTS(ID) (CAST(55 AS BIGINT))"; SQL statement:
delete from components where id=? [23503-224]] [delete from components where id=?]
	at org.hibernate.exception.internal.SQLStateConversionDelegate.convert(SQLStateConversionDelegate.java:97)
	at org.hibernate.exception.internal.StandardSQLExceptionConverter.convert(StandardSQLExceptionConverter.java:58)
	at org.hibernate.engine.jdbc.spi.SqlExceptionHelper.convert(SqlExceptionHelper.java:108)
	at org.hibernate.engine.jdbc.batch.internal.BatchImpl.lambda$performExecution$2(BatchImpl.java:294)
	at org.hibernate.engine.jdbc.mutation.internal.PreparedStatementGroupSingleTable.forEachStatement(PreparedStatementGroupSingleTable.java:67)
	at org.hibernate.engine.jdbc.batch.internal.BatchImpl.performExecution(BatchImpl.java:264)
	at org.hibernate.engine.jdbc.batch.internal.BatchImpl.execute(BatchImpl.java:242)
	at org.hibernate.engine.jdbc.internal.JdbcCoordinatorImpl.executeBatch(JdbcCoordinatorImpl.java:188)
	at org.hibernate.engine.spi.ActionQueue.executeActions(ActionQueue.java:662)
	at org.hibernate.engine.spi.ActionQueue.executeActions(ActionQueue.java:499)
	at org.hibernate.event.internal.AbstractFlushingEventListener.performExecutions(AbstractFlushingEventListener.java:371)
	at org.hibernate.event.internal.DefaultFlushEventListener.onFlush(DefaultFlushEventListener.java:41)
	at org.hibernate.event.service.internal.EventListenerGroupImpl.fireEventOnEachListener(EventListenerGroupImpl.java:127)
	at org.hibernate.internal.SessionImpl.doFlush(SessionImpl.java:1425)
	at org.hibernate.internal.SessionImpl.managedFlush(SessionImpl.java:487)
	at org.hibernate.internal.SessionImpl.flushBeforeTransactionCompletion(SessionImpl.java:2324)
	at org.hibernate.internal.SessionImpl.beforeTransactionCompletion(SessionImpl.java:1981)
	at org.hibernate.engine.jdbc.internal.JdbcCoordinatorImpl.beforeTransactionCompletion(JdbcCoordinatorImpl.java:439)
	at org.hibernate.resource.transaction.backend.jdbc.internal.JdbcResourceLocalTransactionCoordinatorImpl.beforeCompletionCallback(JdbcResourceLocalTransactionCoordinatorImpl.java:169)
	at org.hibernate.resource.transaction.backend.jdbc.internal.JdbcResourceLocalTransactionCoordinatorImpl$TransactionDriverControlImpl.commit(JdbcResourceLocalTransactionCoordinatorImpl.java:267)
	at org.hibernate.engine.transaction.internal.TransactionImpl.commit(TransactionImpl.java:101)
	... 78 more
Caused by: org.h2.jdbc.JdbcBatchUpdateException: Referential integrity constraint violation: "FK5IRPAISPCX79XWY6N1QOMAXNV: PUBLIC.TASK_COMPONENTS FOREIGN KEY(COMPONENT_ID) REFERENCES PUBLIC.COMPONENTS(ID) (CAST(55 AS BIGINT))"; SQL statement:
delete from components where id=? [23503-224]
	at org.h2.jdbc.JdbcPreparedStatement.executeBatch(JdbcPreparedStatement.java:1282)
	at com.zaxxer.hikari.pool.ProxyStatement.executeBatch(ProxyStatement.java:127)
	at com.zaxxer.hikari.pool.HikariProxyPreparedStatement.executeBatch(HikariProxyPreparedStatement.java)
	at org.hibernate.engine.jdbc.batch.internal.BatchImpl.lambda$performExecution$2(BatchImpl.java:279)
	... 95 more

]]></system-err>
  </testcase>
  <testcase name="testUpdate" classname="org.frcpm.repositories.ComponentRepositoryTest" time="0.045">
    <error message="Failed to delete entity" type="java.lang.RuntimeException"><![CDATA[java.lang.RuntimeException: Failed to delete entity
	at org.frcpm.repositories.impl.JpaRepositoryImpl.delete(JpaRepositoryImpl.java:171)
	at org.frcpm.repositories.ComponentRepositoryTest.cleanupTestComponents(ComponentRepositoryTest.java:63)
	at org.frcpm.repositories.ComponentRepositoryTest.tearDown(ComponentRepositoryTest.java:35)
	at java.base/java.lang.reflect.Method.invoke(Method.java:580)
	at java.base/java.util.ArrayList.forEach(ArrayList.java:1596)
	at java.base/java.util.ArrayList.forEach(ArrayList.java:1596)
Caused by: jakarta.persistence.RollbackException: Error while committing the transaction
	at org.hibernate.internal.ExceptionConverterImpl.convertCommitException(ExceptionConverterImpl.java:67)
	at org.hibernate.engine.transaction.internal.TransactionImpl.commit(TransactionImpl.java:104)
	at org.frcpm.repositories.impl.JpaRepositoryImpl.delete(JpaRepositoryImpl.java:165)
	... 5 more
Caused by: org.hibernate.exception.ConstraintViolationException: could not execute batch [Referential integrity constraint violation: "FK5IRPAISPCX79XWY6N1QOMAXNV: PUBLIC.TASK_COMPONENTS FOREIGN KEY(COMPONENT_ID) REFERENCES PUBLIC.COMPONENTS(ID) (CAST(55 AS BIGINT))"; SQL statement:
delete from components where id=? [23503-224]] [delete from components where id=?]
	at org.hibernate.exception.internal.SQLStateConversionDelegate.convert(SQLStateConversionDelegate.java:97)
	at org.hibernate.exception.internal.StandardSQLExceptionConverter.convert(StandardSQLExceptionConverter.java:58)
	at org.hibernate.engine.jdbc.spi.SqlExceptionHelper.convert(SqlExceptionHelper.java:108)
	at org.hibernate.engine.jdbc.batch.internal.BatchImpl.lambda$performExecution$2(BatchImpl.java:294)
	at org.hibernate.engine.jdbc.mutation.internal.PreparedStatementGroupSingleTable.forEachStatement(PreparedStatementGroupSingleTable.java:67)
	at org.hibernate.engine.jdbc.batch.internal.BatchImpl.performExecution(BatchImpl.java:264)
	at org.hibernate.engine.jdbc.batch.internal.BatchImpl.execute(BatchImpl.java:242)
	at org.hibernate.engine.jdbc.internal.JdbcCoordinatorImpl.executeBatch(JdbcCoordinatorImpl.java:188)
	at org.hibernate.engine.spi.ActionQueue.executeActions(ActionQueue.java:662)
	at org.hibernate.engine.spi.ActionQueue.executeActions(ActionQueue.java:499)
	at org.hibernate.event.internal.AbstractFlushingEventListener.performExecutions(AbstractFlushingEventListener.java:371)
	at org.hibernate.event.internal.DefaultFlushEventListener.onFlush(DefaultFlushEventListener.java:41)
	at org.hibernate.event.service.internal.EventListenerGroupImpl.fireEventOnEachListener(EventListenerGroupImpl.java:127)
	at org.hibernate.internal.SessionImpl.doFlush(SessionImpl.java:1425)
	at org.hibernate.internal.SessionImpl.managedFlush(SessionImpl.java:487)
	at org.hibernate.internal.SessionImpl.flushBeforeTransactionCompletion(SessionImpl.java:2324)
	at org.hibernate.internal.SessionImpl.beforeTransactionCompletion(SessionImpl.java:1981)
	at org.hibernate.engine.jdbc.internal.JdbcCoordinatorImpl.beforeTransactionCompletion(JdbcCoordinatorImpl.java:439)
	at org.hibernate.resource.transaction.backend.jdbc.internal.JdbcResourceLocalTransactionCoordinatorImpl.beforeCompletionCallback(JdbcResourceLocalTransactionCoordinatorImpl.java:169)
	at org.hibernate.resource.transaction.backend.jdbc.internal.JdbcResourceLocalTransactionCoordinatorImpl$TransactionDriverControlImpl.commit(JdbcResourceLocalTransactionCoordinatorImpl.java:267)
	at org.hibernate.engine.transaction.internal.TransactionImpl.commit(TransactionImpl.java:101)
	... 6 more
Caused by: org.h2.jdbc.JdbcBatchUpdateException: Referential integrity constraint violation: "FK5IRPAISPCX79XWY6N1QOMAXNV: PUBLIC.TASK_COMPONENTS FOREIGN KEY(COMPONENT_ID) REFERENCES PUBLIC.COMPONENTS(ID) (CAST(55 AS BIGINT))"; SQL statement:
delete from components where id=? [23503-224]
	at org.h2.jdbc.JdbcPreparedStatement.executeBatch(JdbcPreparedStatement.java:1282)
	at com.zaxxer.hikari.pool.ProxyStatement.executeBatch(ProxyStatement.java:127)
	at com.zaxxer.hikari.pool.HikariProxyPreparedStatement.executeBatch(HikariProxyPreparedStatement.java)
	at org.hibernate.engine.jdbc.batch.internal.BatchImpl.lambda$performExecution$2(BatchImpl.java:279)
	... 23 more
]]></error>
    <system-out><![CDATA[10:24:18.261 [main] DEBUG org.hibernate.engine.transaction.internal.TransactionImpl - On TransactionImpl creation, JpaCompliance#isJpaTransactionComplianceEnabled == false
10:24:18.261 [main] DEBUG org.hibernate.engine.transaction.internal.TransactionImpl - begin
10:24:18.261 [main] DEBUG org.hibernate.engine.spi.ActionQueue - Executing identity-insert immediately
10:24:18.263 [main] DEBUG org.hibernate.SQL - insert into components (actual_delivery,is_delivered,description,expected_delivery,name,part_number,id) values (?,?,?,?,?,?,default)
10:24:18.263 [main] DEBUG org.hibernate.orm.results - Initializer list is empty
10:24:18.263 [main] DEBUG org.hibernate.orm.results.loading - Calling top-level assembler (0 / 1) : org.hibernate.sql.results.graph.basic.BasicResultAssembler@723df76b
10:24:18.263 [main] DEBUG org.hibernate.orm.results - Extracted JDBC value [0] - [88]
10:24:18.264 [main] DEBUG org.hibernate.id.IdentifierGeneratorHelper - Extracted generated values [org.frcpm.models.Component]: [Ljava.lang.Object;@db49f76
10:24:18.264 [main] DEBUG org.hibernate.event.internal.AbstractFlushingEventListener - Processing flush-time cascades
10:24:18.264 [main] DEBUG org.hibernate.event.internal.AbstractFlushingEventListener - Dirty checking collections
10:24:18.264 [main] DEBUG org.hibernate.engine.internal.Collections - Collection found: [org.frcpm.models.Component.requiredForTasks#88], was: [<unreferenced>] (initialized)
10:24:18.264 [main] DEBUG org.hibernate.event.internal.AbstractFlushingEventListener - Flushed: 0 insertions, 0 updates, 0 deletions to 1 objects
10:24:18.264 [main] DEBUG org.hibernate.event.internal.AbstractFlushingEventListener - Flushed: 1 (re)creations, 0 updates, 0 removals to 1 collections
10:24:18.264 [main] DEBUG org.hibernate.internal.util.EntityPrinter - Listing entities:
10:24:18.265 [main] DEBUG org.hibernate.internal.util.EntityPrinter - org.frcpm.models.Component{expectedDelivery=2025-04-30, requiredForTasks=[], name=Test Component 1, actualDelivery=null, description=First test component description, delivered=false, partNumber=TC-001, id=88}
10:24:18.265 [main] DEBUG org.hibernate.engine.transaction.internal.TransactionImpl - committing
10:24:18.265 [main] DEBUG org.hibernate.event.internal.AbstractFlushingEventListener - Processing flush-time cascades
10:24:18.265 [main] DEBUG org.hibernate.event.internal.AbstractFlushingEventListener - Dirty checking collections
10:24:18.265 [main] DEBUG org.hibernate.engine.internal.Collections - Collection found: [org.frcpm.models.Component.requiredForTasks#88], was: [org.frcpm.models.Component.requiredForTasks#88] (initialized)
10:24:18.265 [main] DEBUG org.hibernate.event.internal.AbstractFlushingEventListener - Flushed: 0 insertions, 0 updates, 0 deletions to 1 objects
10:24:18.265 [main] DEBUG org.hibernate.event.internal.AbstractFlushingEventListener - Flushed: 0 (re)creations, 0 updates, 0 removals to 1 collections
10:24:18.265 [main] DEBUG org.hibernate.internal.util.EntityPrinter - Listing entities:
10:24:18.265 [main] DEBUG org.hibernate.internal.util.EntityPrinter - org.frcpm.models.Component{expectedDelivery=2025-04-30, requiredForTasks=[], name=Test Component 1, actualDelivery=null, description=First test component description, delivered=false, partNumber=TC-001, id=88}
10:24:18.266 [main] DEBUG org.hibernate.resource.jdbc.internal.LogicalConnectionManagedImpl - Initiating JDBC connection release from afterTransaction
10:24:18.266 [main] DEBUG org.hibernate.resource.jdbc.internal.LogicalConnectionManagedImpl - Initiating JDBC connection release from afterTransaction
10:24:18.266 [main] DEBUG org.hibernate.engine.transaction.internal.TransactionImpl - On TransactionImpl creation, JpaCompliance#isJpaTransactionComplianceEnabled == false
10:24:18.266 [main] DEBUG org.hibernate.engine.transaction.internal.TransactionImpl - begin
10:24:18.267 [main] DEBUG org.hibernate.engine.spi.ActionQueue - Executing identity-insert immediately
10:24:18.267 [main] DEBUG org.hibernate.SQL - insert into components (actual_delivery,is_delivered,description,expected_delivery,name,part_number,id) values (?,?,?,?,?,?,default)
10:24:18.269 [main] DEBUG org.hibernate.orm.results - Initializer list is empty
10:24:18.269 [main] DEBUG org.hibernate.orm.results.loading - Calling top-level assembler (0 / 1) : org.hibernate.sql.results.graph.basic.BasicResultAssembler@6f84a977
10:24:18.269 [main] DEBUG org.hibernate.orm.results - Extracted JDBC value [0] - [89]
10:24:18.269 [main] DEBUG org.hibernate.id.IdentifierGeneratorHelper - Extracted generated values [org.frcpm.models.Component]: [Ljava.lang.Object;@62a16bb5
10:24:18.269 [main] DEBUG org.hibernate.event.internal.AbstractFlushingEventListener - Processing flush-time cascades
10:24:18.269 [main] DEBUG org.hibernate.event.internal.AbstractFlushingEventListener - Dirty checking collections
10:24:18.269 [main] DEBUG org.hibernate.engine.internal.Collections - Collection found: [org.frcpm.models.Component.requiredForTasks#89], was: [<unreferenced>] (initialized)
10:24:18.269 [main] DEBUG org.hibernate.event.internal.AbstractFlushingEventListener - Flushed: 0 insertions, 0 updates, 0 deletions to 1 objects
10:24:18.269 [main] DEBUG org.hibernate.event.internal.AbstractFlushingEventListener - Flushed: 1 (re)creations, 0 updates, 0 removals to 1 collections
10:24:18.269 [main] DEBUG org.hibernate.internal.util.EntityPrinter - Listing entities:
10:24:18.269 [main] DEBUG org.hibernate.internal.util.EntityPrinter - org.frcpm.models.Component{expectedDelivery=2025-05-02, requiredForTasks=[], name=Test Component 2, actualDelivery=null, description=Second test component description, delivered=false, partNumber=TC-002, id=89}
10:24:18.269 [main] DEBUG org.hibernate.engine.transaction.internal.TransactionImpl - committing
10:24:18.269 [main] DEBUG org.hibernate.event.internal.AbstractFlushingEventListener - Processing flush-time cascades
10:24:18.269 [main] DEBUG org.hibernate.event.internal.AbstractFlushingEventListener - Dirty checking collections
10:24:18.269 [main] DEBUG org.hibernate.engine.internal.Collections - Collection found: [org.frcpm.models.Component.requiredForTasks#89], was: [org.frcpm.models.Component.requiredForTasks#89] (initialized)
10:24:18.269 [main] DEBUG org.hibernate.event.internal.AbstractFlushingEventListener - Flushed: 0 insertions, 0 updates, 0 deletions to 1 objects
10:24:18.269 [main] DEBUG org.hibernate.event.internal.AbstractFlushingEventListener - Flushed: 0 (re)creations, 0 updates, 0 removals to 1 collections
10:24:18.269 [main] DEBUG org.hibernate.internal.util.EntityPrinter - Listing entities:
10:24:18.269 [main] DEBUG org.hibernate.internal.util.EntityPrinter - org.frcpm.models.Component{expectedDelivery=2025-05-02, requiredForTasks=[], name=Test Component 2, actualDelivery=null, description=Second test component description, delivered=false, partNumber=TC-002, id=89}
10:24:18.269 [main] DEBUG org.hibernate.resource.jdbc.internal.LogicalConnectionManagedImpl - Initiating JDBC connection release from afterTransaction
10:24:18.269 [main] DEBUG org.hibernate.resource.jdbc.internal.LogicalConnectionManagedImpl - Initiating JDBC connection release from afterTransaction
10:24:18.270 [main] DEBUG org.hibernate.engine.transaction.internal.TransactionImpl - On TransactionImpl creation, JpaCompliance#isJpaTransactionComplianceEnabled == false
10:24:18.270 [main] DEBUG org.hibernate.engine.transaction.internal.TransactionImpl - begin
10:24:18.270 [main] DEBUG org.hibernate.engine.spi.ActionQueue - Executing identity-insert immediately
10:24:18.270 [main] DEBUG org.hibernate.SQL - insert into components (actual_delivery,is_delivered,description,expected_delivery,name,part_number,id) values (?,?,?,?,?,?,default)
10:24:18.271 [main] DEBUG org.hibernate.orm.results - Initializer list is empty
10:24:18.271 [main] DEBUG org.hibernate.orm.results.loading - Calling top-level assembler (0 / 1) : org.hibernate.sql.results.graph.basic.BasicResultAssembler@5fb653a
10:24:18.271 [main] DEBUG org.hibernate.orm.results - Extracted JDBC value [0] - [90]
10:24:18.271 [main] DEBUG org.hibernate.id.IdentifierGeneratorHelper - Extracted generated values [org.frcpm.models.Component]: [Ljava.lang.Object;@4612f831
10:24:18.271 [main] DEBUG org.hibernate.event.internal.AbstractFlushingEventListener - Processing flush-time cascades
10:24:18.271 [main] DEBUG org.hibernate.event.internal.AbstractFlushingEventListener - Dirty checking collections
10:24:18.271 [main] DEBUG org.hibernate.engine.internal.Collections - Collection found: [org.frcpm.models.Component.requiredForTasks#90], was: [<unreferenced>] (initialized)
10:24:18.271 [main] DEBUG org.hibernate.event.internal.AbstractFlushingEventListener - Flushed: 0 insertions, 0 updates, 0 deletions to 1 objects
10:24:18.271 [main] DEBUG org.hibernate.event.internal.AbstractFlushingEventListener - Flushed: 1 (re)creations, 0 updates, 0 removals to 1 collections
10:24:18.271 [main] DEBUG org.hibernate.internal.util.EntityPrinter - Listing entities:
10:24:18.271 [main] DEBUG org.hibernate.internal.util.EntityPrinter - org.frcpm.models.Component{expectedDelivery=2025-05-05, requiredForTasks=[], name=Test Component 3, actualDelivery=2025-05-04, description=Third test component description, delivered=true, partNumber=TC-003, id=90}
10:24:18.273 [main] DEBUG org.hibernate.engine.transaction.internal.TransactionImpl - committing
10:24:18.273 [main] DEBUG org.hibernate.event.internal.AbstractFlushingEventListener - Processing flush-time cascades
10:24:18.273 [main] DEBUG org.hibernate.event.internal.AbstractFlushingEventListener - Dirty checking collections
10:24:18.273 [main] DEBUG org.hibernate.engine.internal.Collections - Collection found: [org.frcpm.models.Component.requiredForTasks#90], was: [org.frcpm.models.Component.requiredForTasks#90] (initialized)
10:24:18.273 [main] DEBUG org.hibernate.event.internal.AbstractFlushingEventListener - Flushed: 0 insertions, 0 updates, 0 deletions to 1 objects
10:24:18.273 [main] DEBUG org.hibernate.event.internal.AbstractFlushingEventListener - Flushed: 0 (re)creations, 0 updates, 0 removals to 1 collections
10:24:18.273 [main] DEBUG org.hibernate.internal.util.EntityPrinter - Listing entities:
10:24:18.273 [main] DEBUG org.hibernate.internal.util.EntityPrinter - org.frcpm.models.Component{expectedDelivery=2025-05-05, requiredForTasks=[], name=Test Component 3, actualDelivery=2025-05-04, description=Third test component description, delivered=true, partNumber=TC-003, id=90}
10:24:18.273 [main] DEBUG org.hibernate.resource.jdbc.internal.LogicalConnectionManagedImpl - Initiating JDBC connection release from afterTransaction
10:24:18.273 [main] DEBUG org.hibernate.resource.jdbc.internal.LogicalConnectionManagedImpl - Initiating JDBC connection release from afterTransaction
10:24:18.274 [main] DEBUG org.hibernate.engine.transaction.internal.TransactionImpl - On TransactionImpl creation, JpaCompliance#isJpaTransactionComplianceEnabled == false
10:24:18.274 [main] DEBUG org.hibernate.engine.transaction.internal.TransactionImpl - begin
10:24:18.274 [main] DEBUG org.hibernate.engine.spi.ActionQueue - Executing identity-insert immediately
10:24:18.274 [main] DEBUG org.hibernate.SQL - insert into components (actual_delivery,is_delivered,description,expected_delivery,name,part_number,id) values (?,?,?,?,?,?,default)
10:24:18.275 [main] DEBUG org.hibernate.orm.results - Initializer list is empty
10:24:18.275 [main] DEBUG org.hibernate.orm.results.loading - Calling top-level assembler (0 / 1) : org.hibernate.sql.results.graph.basic.BasicResultAssembler@54576424
10:24:18.275 [main] DEBUG org.hibernate.orm.results - Extracted JDBC value [0] - [91]
10:24:18.275 [main] DEBUG org.hibernate.id.IdentifierGeneratorHelper - Extracted generated values [org.frcpm.models.Component]: [Ljava.lang.Object;@47c8ff64
10:24:18.275 [main] DEBUG org.hibernate.event.internal.AbstractFlushingEventListener - Processing flush-time cascades
10:24:18.275 [main] DEBUG org.hibernate.event.internal.AbstractFlushingEventListener - Dirty checking collections
10:24:18.275 [main] DEBUG org.hibernate.engine.internal.Collections - Collection found: [org.frcpm.models.Component.requiredForTasks#91], was: [<unreferenced>] (initialized)
10:24:18.275 [main] DEBUG org.hibernate.event.internal.AbstractFlushingEventListener - Flushed: 0 insertions, 0 updates, 0 deletions to 1 objects
10:24:18.275 [main] DEBUG org.hibernate.event.internal.AbstractFlushingEventListener - Flushed: 1 (re)creations, 0 updates, 0 removals to 1 collections
10:24:18.275 [main] DEBUG org.hibernate.internal.util.EntityPrinter - Listing entities:
10:24:18.275 [main] DEBUG org.hibernate.internal.util.EntityPrinter - org.frcpm.models.Component{expectedDelivery=null, requiredForTasks=[], name=Test Update Component, actualDelivery=null, description=null, delivered=false, partNumber=TUC-001, id=91}
10:24:18.275 [main] DEBUG org.hibernate.engine.transaction.internal.TransactionImpl - committing
10:24:18.275 [main] DEBUG org.hibernate.event.internal.AbstractFlushingEventListener - Processing flush-time cascades
10:24:18.275 [main] DEBUG org.hibernate.event.internal.AbstractFlushingEventListener - Dirty checking collections
10:24:18.275 [main] DEBUG org.hibernate.engine.internal.Collections - Collection found: [org.frcpm.models.Component.requiredForTasks#91], was: [org.frcpm.models.Component.requiredForTasks#91] (initialized)
10:24:18.275 [main] DEBUG org.hibernate.event.internal.AbstractFlushingEventListener - Flushed: 0 insertions, 0 updates, 0 deletions to 1 objects
10:24:18.275 [main] DEBUG org.hibernate.event.internal.AbstractFlushingEventListener - Flushed: 0 (re)creations, 0 updates, 0 removals to 1 collections
10:24:18.275 [main] DEBUG org.hibernate.internal.util.EntityPrinter - Listing entities:
10:24:18.275 [main] DEBUG org.hibernate.internal.util.EntityPrinter - org.frcpm.models.Component{expectedDelivery=null, requiredForTasks=[], name=Test Update Component, actualDelivery=null, description=null, delivered=false, partNumber=TUC-001, id=91}
10:24:18.275 [main] DEBUG org.hibernate.resource.jdbc.internal.LogicalConnectionManagedImpl - Initiating JDBC connection release from afterTransaction
10:24:18.276 [main] DEBUG org.hibernate.resource.jdbc.internal.LogicalConnectionManagedImpl - Initiating JDBC connection release from afterTransaction
10:24:18.276 [main] DEBUG org.hibernate.engine.transaction.internal.TransactionImpl - On TransactionImpl creation, JpaCompliance#isJpaTransactionComplianceEnabled == false
10:24:18.276 [main] DEBUG org.hibernate.engine.transaction.internal.TransactionImpl - begin
10:24:18.276 [main] DEBUG org.hibernate.orm.sql.exec - Skipping reading Query result cache data: cache-enabled = false, cache-mode = IGNORE
10:24:18.276 [main] DEBUG org.hibernate.orm.results - Initializer list:
	  org.frcpm.models.Component -> EntityResultInitializer(org.frcpm.models.Component)@1769492407 (SingleTableEntityPersister(org.frcpm.models.Component))
	  org.frcpm.models.Component.requiredForTasks -> DelayedCollectionInitializer(org.frcpm.models.Component.requiredForTasks)@65573498 (PluralAttribute(org.frcpm.models.Component.requiredForTasks))

10:24:18.277 [main] DEBUG org.hibernate.SQL - select c1_0.id,c1_0.actual_delivery,c1_0.is_delivered,c1_0.description,c1_0.expected_delivery,c1_0.name,c1_0.part_number from components c1_0 where c1_0.id=?
10:24:18.278 [main] DEBUG org.hibernate.orm.results.loading.entity - (EntityResultInitializer) Hydrated EntityKey (org.frcpm.models.Component): 91
10:24:18.278 [main] DEBUG org.hibernate.orm.results.loading.org.hibernate.orm.results.loading.collection - (DelayedCollectionInitializer) Current row collection key : org.frcpm.models.Component.requiredForTasks#91
10:24:18.278 [main] DEBUG org.hibernate.orm.results.loading.entity - (EntityResultInitializer) Created new entity instance [org.frcpm.models.Component#91] : 1198309002
10:24:18.278 [main] DEBUG org.hibernate.orm.results - Extracted JDBC value [1] - [null]
10:24:18.278 [main] DEBUG org.hibernate.orm.results - Extracted JDBC value [2] - [false]
10:24:18.278 [main] DEBUG org.hibernate.orm.results - Extracted JDBC value [3] - [null]
10:24:18.278 [main] DEBUG org.hibernate.orm.results - Extracted JDBC value [4] - [null]
10:24:18.278 [main] DEBUG org.hibernate.orm.results - Extracted JDBC value [5] - [Test Update Component]
10:24:18.278 [main] DEBUG org.hibernate.orm.results - Extracted JDBC value [6] - [TUC-001]
10:24:18.278 [main] DEBUG org.hibernate.orm.results.loading.entity - (EntityResultInitializer) Done materializing entityInstance : org.frcpm.models.Component#91
10:24:18.278 [main] DEBUG org.hibernate.orm.results.loading - Calling top-level assembler (0 / 1) : org.hibernate.sql.results.graph.entity.internal.EntityAssembler@61c3e5aa
10:24:18.279 [main] DEBUG org.hibernate.engine.spi.CollectionEntry - Reset storedSnapshot to {} for CollectionEntry[org.frcpm.models.Component.requiredForTasks#91]
10:24:18.279 [main] DEBUG org.hibernate.event.internal.AbstractFlushingEventListener - Processing flush-time cascades
10:24:18.279 [main] DEBUG org.hibernate.event.internal.AbstractFlushingEventListener - Dirty checking collections
10:24:18.280 [main] DEBUG org.hibernate.engine.internal.Collections - Collection found: [org.frcpm.models.Component.requiredForTasks#91], was: [org.frcpm.models.Component.requiredForTasks#91] (uninitialized)
10:24:18.280 [main] DEBUG org.hibernate.event.internal.AbstractFlushingEventListener - Flushed: 0 insertions, 1 updates, 0 deletions to 1 objects
10:24:18.280 [main] DEBUG org.hibernate.event.internal.AbstractFlushingEventListener - Flushed: 0 (re)creations, 0 updates, 0 removals to 1 collections
10:24:18.280 [main] DEBUG org.hibernate.internal.util.EntityPrinter - Listing entities:
10:24:18.280 [main] DEBUG org.hibernate.internal.util.EntityPrinter - org.frcpm.models.Component{expectedDelivery=null, requiredForTasks=<uninitialized>, name=Updated Component Name, actualDelivery=2025-04-25, description=Updated description, delivered=true, partNumber=TUC-001, id=91}
10:24:18.281 [main] DEBUG org.hibernate.SQL - update components set actual_delivery=?,is_delivered=?,description=?,expected_delivery=?,name=?,part_number=? where id=?
10:24:18.282 [main] DEBUG org.hibernate.orm.jdbc.batch - PreparedStatementDetails did not contain PreparedStatement on #releaseStatements : update components set actual_delivery=?,is_delivered=?,description=?,expected_delivery=?,name=?,part_number=? where id=?
10:24:18.282 [main] DEBUG org.hibernate.orm.jdbc.batch - No batched statements to execute - org.frcpm.models.Component#UPDATE
10:24:18.282 [main] DEBUG org.hibernate.orm.jdbc.batch - PreparedStatementDetails did not contain PreparedStatement on #releaseStatements : update components set actual_delivery=?,is_delivered=?,description=?,expected_delivery=?,name=?,part_number=? where id=?
10:24:18.282 [main] DEBUG org.hibernate.orm.jdbc.batch - PreparedStatementDetails did not contain PreparedStatement on #releaseStatements : update components set actual_delivery=?,is_delivered=?,description=?,expected_delivery=?,name=?,part_number=? where id=?
10:24:18.282 [main] DEBUG org.hibernate.engine.transaction.internal.TransactionImpl - committing
10:24:18.282 [main] DEBUG org.hibernate.event.internal.AbstractFlushingEventListener - Processing flush-time cascades
10:24:18.282 [main] DEBUG org.hibernate.event.internal.AbstractFlushingEventListener - Dirty checking collections
10:24:18.283 [main] DEBUG org.hibernate.engine.internal.Collections - Collection found: [org.frcpm.models.Component.requiredForTasks#91], was: [org.frcpm.models.Component.requiredForTasks#91] (uninitialized)
10:24:18.283 [main] DEBUG org.hibernate.event.internal.AbstractFlushingEventListener - Flushed: 0 insertions, 0 updates, 0 deletions to 1 objects
10:24:18.283 [main] DEBUG org.hibernate.event.internal.AbstractFlushingEventListener - Flushed: 0 (re)creations, 0 updates, 0 removals to 1 collections
10:24:18.283 [main] DEBUG org.hibernate.internal.util.EntityPrinter - Listing entities:
10:24:18.283 [main] DEBUG org.hibernate.internal.util.EntityPrinter - org.frcpm.models.Component{expectedDelivery=null, requiredForTasks=<uninitialized>, name=Updated Component Name, actualDelivery=2025-04-25, description=Updated description, delivered=true, partNumber=TUC-001, id=91}
10:24:18.283 [main] DEBUG org.hibernate.orm.jdbc.batch - PreparedStatementDetails did not contain PreparedStatement on #releaseStatements : update components set actual_delivery=?,is_delivered=?,description=?,expected_delivery=?,name=?,part_number=? where id=?
10:24:18.283 [main] DEBUG org.hibernate.resource.jdbc.internal.LogicalConnectionManagedImpl - Initiating JDBC connection release from afterTransaction
10:24:18.283 [main] DEBUG org.hibernate.orm.jdbc.batch - PreparedStatementDetails did not contain PreparedStatement on #releaseStatements : update components set actual_delivery=?,is_delivered=?,description=?,expected_delivery=?,name=?,part_number=? where id=?
10:24:18.283 [main] DEBUG org.hibernate.orm.jdbc.batch - PreparedStatementDetails did not contain PreparedStatement on #releaseStatements : update components set actual_delivery=?,is_delivered=?,description=?,expected_delivery=?,name=?,part_number=? where id=?
10:24:18.283 [main] DEBUG org.hibernate.resource.jdbc.internal.LogicalConnectionManagedImpl - Initiating JDBC connection release from afterTransaction
10:24:18.283 [main] DEBUG org.hibernate.engine.jdbc.internal.JdbcCoordinatorImpl - HHH000420: Closing un-released batch
10:24:18.283 [main] DEBUG org.hibernate.orm.jdbc.batch - PreparedStatementDetails did not contain PreparedStatement on #releaseStatements : update components set actual_delivery=?,is_delivered=?,description=?,expected_delivery=?,name=?,part_number=? where id=?
10:24:18.283 [main] DEBUG org.hibernate.orm.jdbc.batch - PreparedStatementDetails did not contain PreparedStatement on #releaseStatements : update components set actual_delivery=?,is_delivered=?,description=?,expected_delivery=?,name=?,part_number=? where id=?
10:24:18.283 [main] DEBUG org.hibernate.orm.sql.exec - Skipping reading Query result cache data: cache-enabled = false, cache-mode = IGNORE
10:24:18.283 [main] DEBUG org.hibernate.orm.results - Initializer list:
	  org.frcpm.models.Component -> EntityResultInitializer(org.frcpm.models.Component)@1036977547 (SingleTableEntityPersister(org.frcpm.models.Component))
	  org.frcpm.models.Component.requiredForTasks -> DelayedCollectionInitializer(org.frcpm.models.Component.requiredForTasks)@962711322 (PluralAttribute(org.frcpm.models.Component.requiredForTasks))

10:24:18.283 [main] DEBUG org.hibernate.SQL - select c1_0.id,c1_0.actual_delivery,c1_0.is_delivered,c1_0.description,c1_0.expected_delivery,c1_0.name,c1_0.part_number from components c1_0 where c1_0.id=?
10:24:18.284 [main] DEBUG org.hibernate.orm.results.loading.entity - (EntityResultInitializer) Hydrated EntityKey (org.frcpm.models.Component): 91
10:24:18.284 [main] DEBUG org.hibernate.orm.results.loading.org.hibernate.orm.results.loading.collection - (DelayedCollectionInitializer) Current row collection key : org.frcpm.models.Component.requiredForTasks#91
10:24:18.284 [main] DEBUG org.hibernate.orm.results.loading.entity - (EntityResultInitializer) Created new entity instance [org.frcpm.models.Component#91] : 915809822
10:24:18.284 [main] DEBUG org.hibernate.orm.results - Extracted JDBC value [1] - [2025-04-25]
10:24:18.284 [main] DEBUG org.hibernate.orm.results - Extracted JDBC value [2] - [true]
10:24:18.284 [main] DEBUG org.hibernate.orm.results - Extracted JDBC value [3] - [Updated description]
10:24:18.284 [main] DEBUG org.hibernate.orm.results - Extracted JDBC value [4] - [null]
10:24:18.284 [main] DEBUG org.hibernate.orm.results - Extracted JDBC value [5] - [Updated Component Name]
10:24:18.284 [main] DEBUG org.hibernate.orm.results - Extracted JDBC value [6] - [TUC-001]
10:24:18.284 [main] DEBUG org.hibernate.orm.results.loading.entity - (EntityResultInitializer) Done materializing entityInstance : org.frcpm.models.Component#91
10:24:18.284 [main] DEBUG org.hibernate.orm.results.loading - Calling top-level assembler (0 / 1) : org.hibernate.sql.results.graph.entity.internal.EntityAssembler@4a9b150c
10:24:18.284 [main] DEBUG org.hibernate.resource.jdbc.internal.LogicalConnectionManagedImpl - Initiating JDBC connection release from afterTransaction
10:24:18.285 [main] DEBUG org.hibernate.orm.sql.ast.create - Created new SQL alias : c1_0
10:24:18.285 [main] DEBUG org.hibernate.orm.sql.ast.create - Registration of TableGroup [StandardTableGroup(org.frcpm.models.Component(959674571496400))] with identifierForTableGroup [org.frcpm.models.Component] for NavigablePath [org.frcpm.models.Component] 
10:24:18.285 [main] DEBUG org.hibernate.orm.results.graph.AST - DomainResult Graph:
 \-EntityResultImpl [org.frcpm.models.Component(959674571496400)]
 |  +-BasicFetch [org.frcpm.models.Component(959674571496400).actualDelivery]
 |  +-BasicFetch [org.frcpm.models.Component(959674571496400).delivered]
 |  +-BasicFetch [org.frcpm.models.Component(959674571496400).description]
 |  +-BasicFetch [org.frcpm.models.Component(959674571496400).expectedDelivery]
 |  +-BasicFetch [org.frcpm.models.Component(959674571496400).name]
 |  +-BasicFetch [org.frcpm.models.Component(959674571496400).partNumber]
 |  \-DelayedCollectionFetch [org.frcpm.models.Component(959674571496400).requiredForTasks]

10:24:18.285 [main] DEBUG org.hibernate.orm.sql.ast.tree - SQL AST Tree:
    SelectStatement {
      FromClause {
        StandardTableGroup (c1 : org.frcpm.models.Component(959674571496400)) {
          primaryTableReference : components as c1_0
        }
      }
    }

10:24:18.285 [main] DEBUG org.hibernate.orm.sql.exec - Skipping reading Query result cache data: cache-enabled = false, cache-mode = NORMAL
10:24:18.285 [main] DEBUG org.hibernate.orm.results - Initializer list:
	  org.frcpm.models.Component(959674571496400) -> EntityResultInitializer(org.frcpm.models.Component(959674571496400))@440429041 (SingleTableEntityPersister(org.frcpm.models.Component))
	  org.frcpm.models.Component(959674571496400).requiredForTasks -> DelayedCollectionInitializer(org.frcpm.models.Component(959674571496400).requiredForTasks)@1689386307 (PluralAttribute(org.frcpm.models.Component.requiredForTasks))

10:24:18.285 [main] DEBUG org.hibernate.SQL - select c1_0.id,c1_0.actual_delivery,c1_0.is_delivered,c1_0.description,c1_0.expected_delivery,c1_0.name,c1_0.part_number from components c1_0
10:24:18.286 [main] DEBUG org.hibernate.orm.results - Extracted JDBC value [0] - [1]
10:24:18.286 [main] DEBUG org.hibernate.orm.results.loading.entity - (EntityResultInitializer) Hydrated EntityKey (org.frcpm.models.Component(959674571496400)): 1
10:24:18.286 [main] DEBUG org.hibernate.orm.results.loading.org.hibernate.orm.results.loading.collection - (DelayedCollectionInitializer) Current row collection key : org.frcpm.models.Component(959674571496400).requiredForTasks#1
10:24:18.286 [main] DEBUG org.hibernate.orm.results.loading.entity - (EntityResultInitializer) Created new entity instance [org.frcpm.models.Component(959674571496400)#1] : 1700261061
10:24:18.286 [main] DEBUG org.hibernate.orm.results - Extracted JDBC value [1] - [null]
10:24:18.286 [main] DEBUG org.hibernate.orm.results - Extracted JDBC value [2] - [false]
10:24:18.286 [main] DEBUG org.hibernate.orm.results - Extracted JDBC value [3] - [Motor controller for NEO brushless motors]
10:24:18.286 [main] DEBUG org.hibernate.orm.results - Extracted JDBC value [4] - [2025-05-04]
10:24:18.286 [main] DEBUG org.hibernate.orm.results - Extracted JDBC value [5] - [SPARK MAX]
10:24:18.286 [main] DEBUG org.hibernate.orm.results - Extracted JDBC value [6] - [REV-11-2158]
10:24:18.286 [main] DEBUG org.hibernate.orm.results.loading.entity - (EntityResultInitializer) Done materializing entityInstance : org.frcpm.models.Component(959674571496400)#1
10:24:18.286 [main] DEBUG org.hibernate.orm.results.loading - Calling top-level assembler (0 / 1) : org.hibernate.sql.results.graph.entity.internal.EntityAssembler@37daeb63
10:24:18.286 [main] DEBUG org.hibernate.orm.results - Extracted JDBC value [0] - [2]
10:24:18.286 [main] DEBUG org.hibernate.orm.results.loading.entity - (EntityResultInitializer) Hydrated EntityKey (org.frcpm.models.Component(959674571496400)): 2
10:24:18.286 [main] DEBUG org.hibernate.orm.results.loading.org.hibernate.orm.results.loading.collection - (DelayedCollectionInitializer) Current row collection key : org.frcpm.models.Component(959674571496400).requiredForTasks#2
10:24:18.286 [main] DEBUG org.hibernate.orm.results.loading.entity - (EntityResultInitializer) Created new entity instance [org.frcpm.models.Component(959674571496400)#2] : 1124443040
10:24:18.286 [main] DEBUG org.hibernate.orm.results - Extracted JDBC value [1] - [null]
10:24:18.286 [main] DEBUG org.hibernate.orm.results - Extracted JDBC value [2] - [false]
10:24:18.286 [main] DEBUG org.hibernate.orm.results - Extracted JDBC value [3] - [High performance brushless DC motor]
10:24:18.286 [main] DEBUG org.hibernate.orm.results - Extracted JDBC value [4] - [2025-05-04]
10:24:18.286 [main] DEBUG org.hibernate.orm.results - Extracted JDBC value [5] - [NEO Brushless Motor]
10:24:18.286 [main] DEBUG org.hibernate.orm.results - Extracted JDBC value [6] - [REV-21-1650]
10:24:18.286 [main] DEBUG org.hibernate.orm.results.loading.entity - (EntityResultInitializer) Done materializing entityInstance : org.frcpm.models.Component(959674571496400)#2
10:24:18.286 [main] DEBUG org.hibernate.orm.results.loading - Calling top-level assembler (0 / 1) : org.hibernate.sql.results.graph.entity.internal.EntityAssembler@37daeb63
10:24:18.286 [main] DEBUG org.hibernate.orm.results - Extracted JDBC value [0] - [3]
10:24:18.286 [main] DEBUG org.hibernate.orm.results.loading.entity - (EntityResultInitializer) Hydrated EntityKey (org.frcpm.models.Component(959674571496400)): 3
10:24:18.286 [main] DEBUG org.hibernate.orm.results.loading.org.hibernate.orm.results.loading.collection - (DelayedCollectionInitializer) Current row collection key : org.frcpm.models.Component(959674571496400).requiredForTasks#3
10:24:18.286 [main] DEBUG org.hibernate.orm.results.loading.entity - (EntityResultInitializer) Created new entity instance [org.frcpm.models.Component(959674571496400)#3] : 759941667
10:24:18.286 [main] DEBUG org.hibernate.orm.results - Extracted JDBC value [1] - [2025-05-01]
10:24:18.286 [main] DEBUG org.hibernate.orm.results - Extracted JDBC value [2] - [true]
10:24:18.286 [main] DEBUG org.hibernate.orm.results - Extracted JDBC value [3] - [Omni-directional wheels for holonomic drive]
10:24:18.286 [main] DEBUG org.hibernate.orm.results - Extracted JDBC value [4] - [2025-05-02]
10:24:18.286 [main] DEBUG org.hibernate.orm.results - Extracted JDBC value [5] - [4" Omni Wheels]
10:24:18.286 [main] DEBUG org.hibernate.orm.results - Extracted JDBC value [6] - [AM-0016]
10:24:18.286 [main] DEBUG org.hibernate.orm.results.loading.entity - (EntityResultInitializer) Done materializing entityInstance : org.frcpm.models.Component(959674571496400)#3
10:24:18.286 [main] DEBUG org.hibernate.orm.results.loading - Calling top-level assembler (0 / 1) : org.hibernate.sql.results.graph.entity.internal.EntityAssembler@37daeb63
10:24:18.286 [main] DEBUG org.hibernate.orm.results - Extracted JDBC value [0] - [4]
10:24:18.286 [main] DEBUG org.hibernate.orm.results.loading.entity - (EntityResultInitializer) Hydrated EntityKey (org.frcpm.models.Component(959674571496400)): 4
10:24:18.286 [main] DEBUG org.hibernate.orm.results.loading.org.hibernate.orm.results.loading.collection - (DelayedCollectionInitializer) Current row collection key : org.frcpm.models.Component(959674571496400).requiredForTasks#4
10:24:18.286 [main] DEBUG org.hibernate.orm.results.loading.entity - (EntityResultInitializer) Created new entity instance [org.frcpm.models.Component(959674571496400)#4] : 601624492
10:24:18.286 [main] DEBUG org.hibernate.orm.results - Extracted JDBC value [1] - [null]
10:24:18.286 [main] DEBUG org.hibernate.orm.results - Extracted JDBC value [2] - [false]
10:24:18.286 [main] DEBUG org.hibernate.orm.results - Extracted JDBC value [3] - [Smart camera for vision tracking]
10:24:18.286 [main] DEBUG org.hibernate.orm.results - Extracted JDBC value [4] - [2025-05-08]
10:24:18.286 [main] DEBUG org.hibernate.orm.results - Extracted JDBC value [5] - [Limelight 3]
10:24:18.286 [main] DEBUG org.hibernate.orm.results - Extracted JDBC value [6] - [LL3-1]
10:24:18.286 [main] DEBUG org.hibernate.orm.results.loading.entity - (EntityResultInitializer) Done materializing entityInstance : org.frcpm.models.Component(959674571496400)#4
10:24:18.286 [main] DEBUG org.hibernate.orm.results.loading - Calling top-level assembler (0 / 1) : org.hibernate.sql.results.graph.entity.internal.EntityAssembler@37daeb63
10:24:18.286 [main] DEBUG org.hibernate.orm.results - Extracted JDBC value [0] - [5]
10:24:18.286 [main] DEBUG org.hibernate.orm.results.loading.entity - (EntityResultInitializer) Hydrated EntityKey (org.frcpm.models.Component(959674571496400)): 5
10:24:18.286 [main] DEBUG org.hibernate.orm.results.loading.org.hibernate.orm.results.loading.collection - (DelayedCollectionInitializer) Current row collection key : org.frcpm.models.Component(959674571496400).requiredForTasks#5
10:24:18.286 [main] DEBUG org.hibernate.orm.results.loading.entity - (EntityResultInitializer) Created new entity instance [org.frcpm.models.Component(959674571496400)#5] : 1002869940
10:24:18.286 [main] DEBUG org.hibernate.orm.results - Extracted JDBC value [1] - [null]
10:24:18.286 [main] DEBUG org.hibernate.orm.results - Extracted JDBC value [2] - [false]
10:24:18.286 [main] DEBUG org.hibernate.orm.results - Extracted JDBC value [3] - [Control module for pneumatic systems]
10:24:18.286 [main] DEBUG org.hibernate.orm.results - Extracted JDBC value [4] - [2025-05-06]
10:24:18.286 [main] DEBUG org.hibernate.orm.results - Extracted JDBC value [5] - [Pneumatic Control Module]
10:24:18.286 [main] DEBUG org.hibernate.orm.results - Extracted JDBC value [6] - [CTRE-PCM]
10:24:18.287 [main] DEBUG org.hibernate.orm.results.loading.entity - (EntityResultInitializer) Done materializing entityInstance : org.frcpm.models.Component(959674571496400)#5
10:24:18.287 [main] DEBUG org.hibernate.orm.results.loading - Calling top-level assembler (0 / 1) : org.hibernate.sql.results.graph.entity.internal.EntityAssembler@37daeb63
10:24:18.287 [main] DEBUG org.hibernate.orm.results - Extracted JDBC value [0] - [12]
10:24:18.287 [main] DEBUG org.hibernate.orm.results.loading.entity - (EntityResultInitializer) Hydrated EntityKey (org.frcpm.models.Component(959674571496400)): 12
10:24:18.287 [main] DEBUG org.hibernate.orm.results.loading.org.hibernate.orm.results.loading.collection - (DelayedCollectionInitializer) Current row collection key : org.frcpm.models.Component(959674571496400).requiredForTasks#12
10:24:18.287 [main] DEBUG org.hibernate.orm.results.loading.entity - (EntityResultInitializer) Created new entity instance [org.frcpm.models.Component(959674571496400)#12] : 1618933275
10:24:18.287 [main] DEBUG org.hibernate.orm.results - Extracted JDBC value [1] - [null]
10:24:18.287 [main] DEBUG org.hibernate.orm.results - Extracted JDBC value [2] - [false]
10:24:18.287 [main] DEBUG org.hibernate.orm.results - Extracted JDBC value [3] - [null]
10:24:18.287 [main] DEBUG org.hibernate.orm.results - Extracted JDBC value [4] - [null]
10:24:18.287 [main] DEBUG org.hibernate.orm.results - Extracted JDBC value [5] - [Test Count Component]
10:24:18.287 [main] DEBUG org.hibernate.orm.results - Extracted JDBC value [6] - [TCC-001]
10:24:18.287 [main] DEBUG org.hibernate.orm.results.loading.entity - (EntityResultInitializer) Done materializing entityInstance : org.frcpm.models.Component(959674571496400)#12
10:24:18.287 [main] DEBUG org.hibernate.orm.results.loading - Calling top-level assembler (0 / 1) : org.hibernate.sql.results.graph.entity.internal.EntityAssembler@37daeb63
10:24:18.287 [main] DEBUG org.hibernate.orm.results - Extracted JDBC value [0] - [16]
10:24:18.287 [main] DEBUG org.hibernate.orm.results.loading.entity - (EntityResultInitializer) Hydrated EntityKey (org.frcpm.models.Component(959674571496400)): 16
10:24:18.287 [main] DEBUG org.hibernate.orm.results.loading.org.hibernate.orm.results.loading.collection - (DelayedCollectionInitializer) Current row collection key : org.frcpm.models.Component(959674571496400).requiredForTasks#16
10:24:18.287 [main] DEBUG org.hibernate.orm.results.loading.entity - (EntityResultInitializer) Created new entity instance [org.frcpm.models.Component(959674571496400)#16] : 1562736600
10:24:18.287 [main] DEBUG org.hibernate.orm.results - Extracted JDBC value [1] - [null]
10:24:18.287 [main] DEBUG org.hibernate.orm.results - Extracted JDBC value [2] - [false]
10:24:18.287 [main] DEBUG org.hibernate.orm.results - Extracted JDBC value [3] - [Save component description]
10:24:18.287 [main] DEBUG org.hibernate.orm.results - Extracted JDBC value [4] - [2025-05-10]
10:24:18.287 [main] DEBUG org.hibernate.orm.results - Extracted JDBC value [5] - [Test Save Component]
10:24:18.287 [main] DEBUG org.hibernate.orm.results - Extracted JDBC value [6] - [TSC-001]
10:24:18.287 [main] DEBUG org.hibernate.orm.results.loading.entity - (EntityResultInitializer) Done materializing entityInstance : org.frcpm.models.Component(959674571496400)#16
10:24:18.287 [main] DEBUG org.hibernate.orm.results.loading - Calling top-level assembler (0 / 1) : org.hibernate.sql.results.graph.entity.internal.EntityAssembler@37daeb63
10:24:18.287 [main] DEBUG org.hibernate.orm.results - Extracted JDBC value [0] - [40]
10:24:18.287 [main] DEBUG org.hibernate.orm.results.loading.entity - (EntityResultInitializer) Hydrated EntityKey (org.frcpm.models.Component(959674571496400)): 40
10:24:18.287 [main] DEBUG org.hibernate.orm.results.loading.org.hibernate.orm.results.loading.collection - (DelayedCollectionInitializer) Current row collection key : org.frcpm.models.Component(959674571496400).requiredForTasks#40
10:24:18.287 [main] DEBUG org.hibernate.orm.results.loading.entity - (EntityResultInitializer) Created new entity instance [org.frcpm.models.Component(959674571496400)#40] : 147296885
10:24:18.287 [main] DEBUG org.hibernate.orm.results - Extracted JDBC value [1] - [2025-04-25]
10:24:18.287 [main] DEBUG org.hibernate.orm.results - Extracted JDBC value [2] - [true]
10:24:18.287 [main] DEBUG org.hibernate.orm.results - Extracted JDBC value [3] - [Updated description]
10:24:18.287 [main] DEBUG org.hibernate.orm.results - Extracted JDBC value [4] - [null]
10:24:18.287 [main] DEBUG org.hibernate.orm.results - Extracted JDBC value [5] - [Updated Component Name]
10:24:18.287 [main] DEBUG org.hibernate.orm.results - Extracted JDBC value [6] - [TUC-001]
10:24:18.287 [main] DEBUG org.hibernate.orm.results.loading.entity - (EntityResultInitializer) Done materializing entityInstance : org.frcpm.models.Component(959674571496400)#40
10:24:18.287 [main] DEBUG org.hibernate.orm.results.loading - Calling top-level assembler (0 / 1) : org.hibernate.sql.results.graph.entity.internal.EntityAssembler@37daeb63
10:24:18.287 [main] DEBUG org.hibernate.orm.results - Extracted JDBC value [0] - [55]
10:24:18.287 [main] DEBUG org.hibernate.orm.results.loading.entity - (EntityResultInitializer) Hydrated EntityKey (org.frcpm.models.Component(959674571496400)): 55
10:24:18.287 [main] DEBUG org.hibernate.orm.results.loading.org.hibernate.orm.results.loading.collection - (DelayedCollectionInitializer) Current row collection key : org.frcpm.models.Component(959674571496400).requiredForTasks#55
10:24:18.287 [main] DEBUG org.hibernate.orm.results.loading.entity - (EntityResultInitializer) Created new entity instance [org.frcpm.models.Component(959674571496400)#55] : 1697121865
10:24:18.287 [main] DEBUG org.hibernate.orm.results - Extracted JDBC value [1] - [null]
10:24:18.287 [main] DEBUG org.hibernate.orm.results - Extracted JDBC value [2] - [false]
10:24:18.287 [main] DEBUG org.hibernate.orm.results - Extracted JDBC value [3] - [Component 1 for association test]
10:24:18.287 [main] DEBUG org.hibernate.orm.results - Extracted JDBC value [4] - [2025-04-28]
10:24:18.287 [main] DEBUG org.hibernate.orm.results - Extracted JDBC value [5] - [Test Component Assoc 1]
10:24:18.287 [main] DEBUG org.hibernate.orm.results - Extracted JDBC value [6] - [TC-ASSOC1]
10:24:18.287 [main] DEBUG org.hibernate.orm.results.loading.entity - (EntityResultInitializer) Done materializing entityInstance : org.frcpm.models.Component(959674571496400)#55
10:24:18.287 [main] DEBUG org.hibernate.orm.results.loading - Calling top-level assembler (0 / 1) : org.hibernate.sql.results.graph.entity.internal.EntityAssembler@37daeb63
10:24:18.287 [main] DEBUG org.hibernate.orm.results - Extracted JDBC value [0] - [56]
10:24:18.287 [main] DEBUG org.hibernate.orm.results.loading.entity - (EntityResultInitializer) Hydrated EntityKey (org.frcpm.models.Component(959674571496400)): 56
10:24:18.287 [main] DEBUG org.hibernate.orm.results.loading.org.hibernate.orm.results.loading.collection - (DelayedCollectionInitializer) Current row collection key : org.frcpm.models.Component(959674571496400).requiredForTasks#56
10:24:18.287 [main] DEBUG org.hibernate.orm.results.loading.entity - (EntityResultInitializer) Created new entity instance [org.frcpm.models.Component(959674571496400)#56] : 1027051459
10:24:18.287 [main] DEBUG org.hibernate.orm.results - Extracted JDBC value [1] - [null]
10:24:18.288 [main] DEBUG org.hibernate.orm.results - Extracted JDBC value [2] - [false]
10:24:18.288 [main] DEBUG org.hibernate.orm.results - Extracted JDBC value [3] - [Component 2 for association test]
10:24:18.288 [main] DEBUG org.hibernate.orm.results - Extracted JDBC value [4] - [2025-04-30]
10:24:18.288 [main] DEBUG org.hibernate.orm.results - Extracted JDBC value [5] - [Test Component Assoc 2]
10:24:18.288 [main] DEBUG org.hibernate.orm.results - Extracted JDBC value [6] - [TC-ASSOC2]
10:24:18.288 [main] DEBUG org.hibernate.orm.results.loading.entity - (EntityResultInitializer) Done materializing entityInstance : org.frcpm.models.Component(959674571496400)#56
10:24:18.288 [main] DEBUG org.hibernate.orm.results.loading - Calling top-level assembler (0 / 1) : org.hibernate.sql.results.graph.entity.internal.EntityAssembler@37daeb63
10:24:18.288 [main] DEBUG org.hibernate.orm.results - Extracted JDBC value [0] - [57]
10:24:18.288 [main] DEBUG org.hibernate.orm.results.loading.entity - (EntityResultInitializer) Hydrated EntityKey (org.frcpm.models.Component(959674571496400)): 57
10:24:18.288 [main] DEBUG org.hibernate.orm.results.loading.org.hibernate.orm.results.loading.collection - (DelayedCollectionInitializer) Current row collection key : org.frcpm.models.Component(959674571496400).requiredForTasks#57
10:24:18.288 [main] DEBUG org.hibernate.orm.results.loading.entity - (EntityResultInitializer) Created new entity instance [org.frcpm.models.Component(959674571496400)#57] : 573899653
10:24:18.288 [main] DEBUG org.hibernate.orm.results - Extracted JDBC value [1] - [null]
10:24:18.288 [main] DEBUG org.hibernate.orm.results - Extracted JDBC value [2] - [false]
10:24:18.288 [main] DEBUG org.hibernate.orm.results - Extracted JDBC value [3] - [First test component description]
10:24:18.288 [main] DEBUG org.hibernate.orm.results - Extracted JDBC value [4] - [2025-04-30]
10:24:18.288 [main] DEBUG org.hibernate.orm.results - Extracted JDBC value [5] - [Test Component 1]
10:24:18.288 [main] DEBUG org.hibernate.orm.results - Extracted JDBC value [6] - [TC-001]
10:24:18.288 [main] DEBUG org.hibernate.orm.results.loading.entity - (EntityResultInitializer) Done materializing entityInstance : org.frcpm.models.Component(959674571496400)#57
10:24:18.288 [main] DEBUG org.hibernate.orm.results.loading - Calling top-level assembler (0 / 1) : org.hibernate.sql.results.graph.entity.internal.EntityAssembler@37daeb63
10:24:18.288 [main] DEBUG org.hibernate.orm.results - Extracted JDBC value [0] - [58]
10:24:18.288 [main] DEBUG org.hibernate.orm.results.loading.entity - (EntityResultInitializer) Hydrated EntityKey (org.frcpm.models.Component(959674571496400)): 58
10:24:18.288 [main] DEBUG org.hibernate.orm.results.loading.org.hibernate.orm.results.loading.collection - (DelayedCollectionInitializer) Current row collection key : org.frcpm.models.Component(959674571496400).requiredForTasks#58
10:24:18.288 [main] DEBUG org.hibernate.orm.results.loading.entity - (EntityResultInitializer) Created new entity instance [org.frcpm.models.Component(959674571496400)#58] : 362400235
10:24:18.288 [main] DEBUG org.hibernate.orm.results - Extracted JDBC value [1] - [null]
10:24:18.288 [main] DEBUG org.hibernate.orm.results - Extracted JDBC value [2] - [false]
10:24:18.288 [main] DEBUG org.hibernate.orm.results - Extracted JDBC value [3] - [Second test component description]
10:24:18.288 [main] DEBUG org.hibernate.orm.results - Extracted JDBC value [4] - [2025-05-02]
10:24:18.288 [main] DEBUG org.hibernate.orm.results - Extracted JDBC value [5] - [Test Component 2]
10:24:18.288 [main] DEBUG org.hibernate.orm.results - Extracted JDBC value [6] - [TC-002]
10:24:18.288 [main] DEBUG org.hibernate.orm.results.loading.entity - (EntityResultInitializer) Done materializing entityInstance : org.frcpm.models.Component(959674571496400)#58
10:24:18.288 [main] DEBUG org.hibernate.orm.results.loading - Calling top-level assembler (0 / 1) : org.hibernate.sql.results.graph.entity.internal.EntityAssembler@37daeb63
10:24:18.288 [main] DEBUG org.hibernate.orm.results - Extracted JDBC value [0] - [59]
10:24:18.288 [main] DEBUG org.hibernate.orm.results.loading.entity - (EntityResultInitializer) Hydrated EntityKey (org.frcpm.models.Component(959674571496400)): 59
10:24:18.288 [main] DEBUG org.hibernate.orm.results.loading.org.hibernate.orm.results.loading.collection - (DelayedCollectionInitializer) Current row collection key : org.frcpm.models.Component(959674571496400).requiredForTasks#59
10:24:18.288 [main] DEBUG org.hibernate.orm.results.loading.entity - (EntityResultInitializer) Created new entity instance [org.frcpm.models.Component(959674571496400)#59] : 1247723461
10:24:18.288 [main] DEBUG org.hibernate.orm.results - Extracted JDBC value [1] - [2025-05-04]
10:24:18.289 [main] DEBUG org.hibernate.orm.results - Extracted JDBC value [2] - [true]
10:24:18.289 [main] DEBUG org.hibernate.orm.results - Extracted JDBC value [3] - [Third test component description]
10:24:18.289 [main] DEBUG org.hibernate.orm.results - Extracted JDBC value [4] - [2025-05-05]
10:24:18.289 [main] DEBUG org.hibernate.orm.results - Extracted JDBC value [5] - [Test Component 3]
10:24:18.289 [main] DEBUG org.hibernate.orm.results - Extracted JDBC value [6] - [TC-003]
10:24:18.289 [main] DEBUG org.hibernate.orm.results.loading.entity - (EntityResultInitializer) Done materializing entityInstance : org.frcpm.models.Component(959674571496400)#59
10:24:18.289 [main] DEBUG org.hibernate.orm.results.loading - Calling top-level assembler (0 / 1) : org.hibernate.sql.results.graph.entity.internal.EntityAssembler@37daeb63
10:24:18.289 [main] DEBUG org.hibernate.orm.results - Extracted JDBC value [0] - [60]
10:24:18.289 [main] DEBUG org.hibernate.orm.results.loading.entity - (EntityResultInitializer) Hydrated EntityKey (org.frcpm.models.Component(959674571496400)): 60
10:24:18.289 [main] DEBUG org.hibernate.orm.results.loading.org.hibernate.orm.results.loading.collection - (DelayedCollectionInitializer) Current row collection key : org.frcpm.models.Component(959674571496400).requiredForTasks#60
10:24:18.289 [main] DEBUG org.hibernate.orm.results.loading.entity - (EntityResultInitializer) Created new entity instance [org.frcpm.models.Component(959674571496400)#60] : 221720235
10:24:18.289 [main] DEBUG org.hibernate.orm.results - Extracted JDBC value [1] - [null]
10:24:18.289 [main] DEBUG org.hibernate.orm.results - Extracted JDBC value [2] - [false]
10:24:18.289 [main] DEBUG org.hibernate.orm.results - Extracted JDBC value [3] - [First test component description]
10:24:18.289 [main] DEBUG org.hibernate.orm.results - Extracted JDBC value [4] - [2025-04-30]
10:24:18.289 [main] DEBUG org.hibernate.orm.results - Extracted JDBC value [5] - [Test Component 1]
10:24:18.289 [main] DEBUG org.hibernate.orm.results - Extracted JDBC value [6] - [TC-001]
10:24:18.289 [main] DEBUG org.hibernate.orm.results.loading.entity - (EntityResultInitializer) Done materializing entityInstance : org.frcpm.models.Component(959674571496400)#60
10:24:18.289 [main] DEBUG org.hibernate.orm.results.loading - Calling top-level assembler (0 / 1) : org.hibernate.sql.results.graph.entity.internal.EntityAssembler@37daeb63
10:24:18.289 [main] DEBUG org.hibernate.orm.results - Extracted JDBC value [0] - [61]
10:24:18.289 [main] DEBUG org.hibernate.orm.results.loading.entity - (EntityResultInitializer) Hydrated EntityKey (org.frcpm.models.Component(959674571496400)): 61
10:24:18.289 [main] DEBUG org.hibernate.orm.results.loading.org.hibernate.orm.results.loading.collection - (DelayedCollectionInitializer) Current row collection key : org.frcpm.models.Component(959674571496400).requiredForTasks#61
10:24:18.289 [main] DEBUG org.hibernate.orm.results.loading.entity - (EntityResultInitializer) Created new entity instance [org.frcpm.models.Component(959674571496400)#61] : 533974967
10:24:18.289 [main] DEBUG org.hibernate.orm.results - Extracted JDBC value [1] - [null]
10:24:18.289 [main] DEBUG org.hibernate.orm.results - Extracted JDBC value [2] - [false]
10:24:18.289 [main] DEBUG org.hibernate.orm.results - Extracted JDBC value [3] - [Second test component description]
10:24:18.289 [main] DEBUG org.hibernate.orm.results - Extracted JDBC value [4] - [2025-05-02]
10:24:18.289 [main] DEBUG org.hibernate.orm.results - Extracted JDBC value [5] - [Test Component 2]
10:24:18.289 [main] DEBUG org.hibernate.orm.results - Extracted JDBC value [6] - [TC-002]
10:24:18.289 [main] DEBUG org.hibernate.orm.results.loading.entity - (EntityResultInitializer) Done materializing entityInstance : org.frcpm.models.Component(959674571496400)#61
10:24:18.289 [main] DEBUG org.hibernate.orm.results.loading - Calling top-level assembler (0 / 1) : org.hibernate.sql.results.graph.entity.internal.EntityAssembler@37daeb63
10:24:18.289 [main] DEBUG org.hibernate.orm.results - Extracted JDBC value [0] - [62]
10:24:18.289 [main] DEBUG org.hibernate.orm.results.loading.entity - (EntityResultInitializer) Hydrated EntityKey (org.frcpm.models.Component(959674571496400)): 62
10:24:18.289 [main] DEBUG org.hibernate.orm.results.loading.org.hibernate.orm.results.loading.collection - (DelayedCollectionInitializer) Current row collection key : org.frcpm.models.Component(959674571496400).requiredForTasks#62
10:24:18.289 [main] DEBUG org.hibernate.orm.results.loading.entity - (EntityResultInitializer) Created new entity instance [org.frcpm.models.Component(959674571496400)#62] : 780311051
10:24:18.289 [main] DEBUG org.hibernate.orm.results - Extracted JDBC value [1] - [2025-05-04]
10:24:18.289 [main] DEBUG org.hibernate.orm.results - Extracted JDBC value [2] - [true]
10:24:18.289 [main] DEBUG org.hibernate.orm.results - Extracted JDBC value [3] - [Third test component description]
10:24:18.289 [main] DEBUG org.hibernate.orm.results - Extracted JDBC value [4] - [2025-05-05]
10:24:18.289 [main] DEBUG org.hibernate.orm.results - Extracted JDBC value [5] - [Test Component 3]
10:24:18.289 [main] DEBUG org.hibernate.orm.results - Extracted JDBC value [6] - [TC-003]
10:24:18.289 [main] DEBUG org.hibernate.orm.results.loading.entity - (EntityResultInitializer) Done materializing entityInstance : org.frcpm.models.Component(959674571496400)#62
10:24:18.289 [main] DEBUG org.hibernate.orm.results.loading - Calling top-level assembler (0 / 1) : org.hibernate.sql.results.graph.entity.internal.EntityAssembler@37daeb63
10:24:18.289 [main] DEBUG org.hibernate.orm.results - Extracted JDBC value [0] - [63]
10:24:18.289 [main] DEBUG org.hibernate.orm.results.loading.entity - (EntityResultInitializer) Hydrated EntityKey (org.frcpm.models.Component(959674571496400)): 63
10:24:18.289 [main] DEBUG org.hibernate.orm.results.loading.org.hibernate.orm.results.loading.collection - (DelayedCollectionInitializer) Current row collection key : org.frcpm.models.Component(959674571496400).requiredForTasks#63
10:24:18.289 [main] DEBUG org.hibernate.orm.results.loading.entity - (EntityResultInitializer) Created new entity instance [org.frcpm.models.Component(959674571496400)#63] : 1749122118
10:24:18.289 [main] DEBUG org.hibernate.orm.results - Extracted JDBC value [1] - [null]
10:24:18.290 [main] DEBUG org.hibernate.orm.results - Extracted JDBC value [2] - [false]
10:24:18.290 [main] DEBUG org.hibernate.orm.results - Extracted JDBC value [3] - [null]
10:24:18.290 [main] DEBUG org.hibernate.orm.results - Extracted JDBC value [4] - [null]
10:24:18.290 [main] DEBUG org.hibernate.orm.results - Extracted JDBC value [5] - [Test Count Component]
10:24:18.290 [main] DEBUG org.hibernate.orm.results - Extracted JDBC value [6] - [TCC-001]
10:24:18.290 [main] DEBUG org.hibernate.orm.results.loading.entity - (EntityResultInitializer) Done materializing entityInstance : org.frcpm.models.Component(959674571496400)#63
10:24:18.290 [main] DEBUG org.hibernate.orm.results.loading - Calling top-level assembler (0 / 1) : org.hibernate.sql.results.graph.entity.internal.EntityAssembler@37daeb63
10:24:18.290 [main] DEBUG org.hibernate.orm.results - Extracted JDBC value [0] - [64]
10:24:18.290 [main] DEBUG org.hibernate.orm.results.loading.entity - (EntityResultInitializer) Hydrated EntityKey (org.frcpm.models.Component(959674571496400)): 64
10:24:18.290 [main] DEBUG org.hibernate.orm.results.loading.org.hibernate.orm.results.loading.collection - (DelayedCollectionInitializer) Current row collection key : org.frcpm.models.Component(959674571496400).requiredForTasks#64
10:24:18.290 [main] DEBUG org.hibernate.orm.results.loading.entity - (EntityResultInitializer) Created new entity instance [org.frcpm.models.Component(959674571496400)#64] : 1829670542
10:24:18.290 [main] DEBUG org.hibernate.orm.results - Extracted JDBC value [1] - [null]
10:24:18.290 [main] DEBUG org.hibernate.orm.results - Extracted JDBC value [2] - [false]
10:24:18.290 [main] DEBUG org.hibernate.orm.results - Extracted JDBC value [3] - [First test component description]
10:24:18.290 [main] DEBUG org.hibernate.orm.results - Extracted JDBC value [4] - [2025-04-30]
10:24:18.290 [main] DEBUG org.hibernate.orm.results - Extracted JDBC value [5] - [Test Component 1]
10:24:18.290 [main] DEBUG org.hibernate.orm.results - Extracted JDBC value [6] - [TC-001]
10:24:18.290 [main] DEBUG org.hibernate.orm.results.loading.entity - (EntityResultInitializer) Done materializing entityInstance : org.frcpm.models.Component(959674571496400)#64
10:24:18.290 [main] DEBUG org.hibernate.orm.results.loading - Calling top-level assembler (0 / 1) : org.hibernate.sql.results.graph.entity.internal.EntityAssembler@37daeb63
10:24:18.290 [main] DEBUG org.hibernate.orm.results - Extracted JDBC value [0] - [65]
10:24:18.290 [main] DEBUG org.hibernate.orm.results.loading.entity - (EntityResultInitializer) Hydrated EntityKey (org.frcpm.models.Component(959674571496400)): 65
10:24:18.290 [main] DEBUG org.hibernate.orm.results.loading.org.hibernate.orm.results.loading.collection - (DelayedCollectionInitializer) Current row collection key : org.frcpm.models.Component(959674571496400).requiredForTasks#65
10:24:18.290 [main] DEBUG org.hibernate.orm.results.loading.entity - (EntityResultInitializer) Created new entity instance [org.frcpm.models.Component(959674571496400)#65] : 318323017
10:24:18.290 [main] DEBUG org.hibernate.orm.results - Extracted JDBC value [1] - [null]
10:24:18.290 [main] DEBUG org.hibernate.orm.results - Extracted JDBC value [2] - [false]
10:24:18.290 [main] DEBUG org.hibernate.orm.results - Extracted JDBC value [3] - [Second test component description]
10:24:18.290 [main] DEBUG org.hibernate.orm.results - Extracted JDBC value [4] - [2025-05-02]
10:24:18.290 [main] DEBUG org.hibernate.orm.results - Extracted JDBC value [5] - [Test Component 2]
10:24:18.290 [main] DEBUG org.hibernate.orm.results - Extracted JDBC value [6] - [TC-002]
10:24:18.290 [main] DEBUG org.hibernate.orm.results.loading.entity - (EntityResultInitializer) Done materializing entityInstance : org.frcpm.models.Component(959674571496400)#65
10:24:18.290 [main] DEBUG org.hibernate.orm.results.loading - Calling top-level assembler (0 / 1) : org.hibernate.sql.results.graph.entity.internal.EntityAssembler@37daeb63
10:24:18.290 [main] DEBUG org.hibernate.orm.results - Extracted JDBC value [0] - [66]
10:24:18.290 [main] DEBUG org.hibernate.orm.results.loading.entity - (EntityResultInitializer) Hydrated EntityKey (org.frcpm.models.Component(959674571496400)): 66
10:24:18.290 [main] DEBUG org.hibernate.orm.results.loading.org.hibernate.orm.results.loading.collection - (DelayedCollectionInitializer) Current row collection key : org.frcpm.models.Component(959674571496400).requiredForTasks#66
10:24:18.290 [main] DEBUG org.hibernate.orm.results.loading.entity - (EntityResultInitializer) Created new entity instance [org.frcpm.models.Component(959674571496400)#66] : 1824439994
10:24:18.290 [main] DEBUG org.hibernate.orm.results - Extracted JDBC value [1] - [2025-05-04]
10:24:18.290 [main] DEBUG org.hibernate.orm.results - Extracted JDBC value [2] - [true]
10:24:18.290 [main] DEBUG org.hibernate.orm.results - Extracted JDBC value [3] - [Third test component description]
10:24:18.290 [main] DEBUG org.hibernate.orm.results - Extracted JDBC value [4] - [2025-05-05]
10:24:18.290 [main] DEBUG org.hibernate.orm.results - Extracted JDBC value [5] - [Test Component 3]
10:24:18.290 [main] DEBUG org.hibernate.orm.results - Extracted JDBC value [6] - [TC-003]
10:24:18.290 [main] DEBUG org.hibernate.orm.results.loading.entity - (EntityResultInitializer) Done materializing entityInstance : org.frcpm.models.Component(959674571496400)#66
10:24:18.290 [main] DEBUG org.hibernate.orm.results.loading - Calling top-level assembler (0 / 1) : org.hibernate.sql.results.graph.entity.internal.EntityAssembler@37daeb63
10:24:18.290 [main] DEBUG org.hibernate.orm.results - Extracted JDBC value [0] - [67]
10:24:18.290 [main] DEBUG org.hibernate.orm.results.loading.entity - (EntityResultInitializer) Hydrated EntityKey (org.frcpm.models.Component(959674571496400)): 67
10:24:18.290 [main] DEBUG org.hibernate.orm.results.loading.org.hibernate.orm.results.loading.collection - (DelayedCollectionInitializer) Current row collection key : org.frcpm.models.Component(959674571496400).requiredForTasks#67
10:24:18.290 [main] DEBUG org.hibernate.orm.results.loading.entity - (EntityResultInitializer) Created new entity instance [org.frcpm.models.Component(959674571496400)#67] : 143878630
10:24:18.290 [main] DEBUG org.hibernate.orm.results - Extracted JDBC value [1] - [null]
10:24:18.290 [main] DEBUG org.hibernate.orm.results - Extracted JDBC value [2] - [false]
10:24:18.290 [main] DEBUG org.hibernate.orm.results - Extracted JDBC value [3] - [Save component description]
10:24:18.290 [main] DEBUG org.hibernate.orm.results - Extracted JDBC value [4] - [2025-05-10]
10:24:18.290 [main] DEBUG org.hibernate.orm.results - Extracted JDBC value [5] - [Test Save Component]
10:24:18.290 [main] DEBUG org.hibernate.orm.results - Extracted JDBC value [6] - [TSC-001]
10:24:18.290 [main] DEBUG org.hibernate.orm.results.loading.entity - (EntityResultInitializer) Done materializing entityInstance : org.frcpm.models.Component(959674571496400)#67
10:24:18.290 [main] DEBUG org.hibernate.orm.results.loading - Calling top-level assembler (0 / 1) : org.hibernate.sql.results.graph.entity.internal.EntityAssembler@37daeb63
10:24:18.290 [main] DEBUG org.hibernate.orm.results - Extracted JDBC value [0] - [68]
10:24:18.290 [main] DEBUG org.hibernate.orm.results.loading.entity - (EntityResultInitializer) Hydrated EntityKey (org.frcpm.models.Component(959674571496400)): 68
10:24:18.290 [main] DEBUG org.hibernate.orm.results.loading.org.hibernate.orm.results.loading.collection - (DelayedCollectionInitializer) Current row collection key : org.frcpm.models.Component(959674571496400).requiredForTasks#68
10:24:18.290 [main] DEBUG org.hibernate.orm.results.loading.entity - (EntityResultInitializer) Created new entity instance [org.frcpm.models.Component(959674571496400)#68] : 228826467
10:24:18.290 [main] DEBUG org.hibernate.orm.results - Extracted JDBC value [1] - [null]
10:24:18.290 [main] DEBUG org.hibernate.orm.results - Extracted JDBC value [2] - [false]
10:24:18.290 [main] DEBUG org.hibernate.orm.results - Extracted JDBC value [3] - [First test component description]
10:24:18.290 [main] DEBUG org.hibernate.orm.results - Extracted JDBC value [4] - [2025-04-30]
10:24:18.290 [main] DEBUG org.hibernate.orm.results - Extracted JDBC value [5] - [Test Component 1]
10:24:18.290 [main] DEBUG org.hibernate.orm.results - Extracted JDBC value [6] - [TC-001]
10:24:18.290 [main] DEBUG org.hibernate.orm.results.loading.entity - (EntityResultInitializer) Done materializing entityInstance : org.frcpm.models.Component(959674571496400)#68
10:24:18.290 [main] DEBUG org.hibernate.orm.results.loading - Calling top-level assembler (0 / 1) : org.hibernate.sql.results.graph.entity.internal.EntityAssembler@37daeb63
10:24:18.290 [main] DEBUG org.hibernate.orm.results - Extracted JDBC value [0] - [69]
10:24:18.290 [main] DEBUG org.hibernate.orm.results.loading.entity - (EntityResultInitializer) Hydrated EntityKey (org.frcpm.models.Component(959674571496400)): 69
10:24:18.290 [main] DEBUG org.hibernate.orm.results.loading.org.hibernate.orm.results.loading.collection - (DelayedCollectionInitializer) Current row collection key : org.frcpm.models.Component(959674571496400).requiredForTasks#69
10:24:18.290 [main] DEBUG org.hibernate.orm.results.loading.entity - (EntityResultInitializer) Created new entity instance [org.frcpm.models.Component(959674571496400)#69] : 345036315
10:24:18.290 [main] DEBUG org.hibernate.orm.results - Extracted JDBC value [1] - [null]
10:24:18.290 [main] DEBUG org.hibernate.orm.results - Extracted JDBC value [2] - [false]
10:24:18.290 [main] DEBUG org.hibernate.orm.results - Extracted JDBC value [3] - [Second test component description]
10:24:18.290 [main] DEBUG org.hibernate.orm.results - Extracted JDBC value [4] - [2025-05-02]
10:24:18.290 [main] DEBUG org.hibernate.orm.results - Extracted JDBC value [5] - [Test Component 2]
10:24:18.290 [main] DEBUG org.hibernate.orm.results - Extracted JDBC value [6] - [TC-002]
10:24:18.290 [main] DEBUG org.hibernate.orm.results.loading.entity - (EntityResultInitializer) Done materializing entityInstance : org.frcpm.models.Component(959674571496400)#69
10:24:18.290 [main] DEBUG org.hibernate.orm.results.loading - Calling top-level assembler (0 / 1) : org.hibernate.sql.results.graph.entity.internal.EntityAssembler@37daeb63
10:24:18.290 [main] DEBUG org.hibernate.orm.results - Extracted JDBC value [0] - [70]
10:24:18.290 [main] DEBUG org.hibernate.orm.results.loading.entity - (EntityResultInitializer) Hydrated EntityKey (org.frcpm.models.Component(959674571496400)): 70
10:24:18.290 [main] DEBUG org.hibernate.orm.results.loading.org.hibernate.orm.results.loading.collection - (DelayedCollectionInitializer) Current row collection key : org.frcpm.models.Component(959674571496400).requiredForTasks#70
10:24:18.290 [main] DEBUG org.hibernate.orm.results.loading.entity - (EntityResultInitializer) Created new entity instance [org.frcpm.models.Component(959674571496400)#70] : 485513857
10:24:18.290 [main] DEBUG org.hibernate.orm.results - Extracted JDBC value [1] - [2025-05-04]
10:24:18.290 [main] DEBUG org.hibernate.orm.results - Extracted JDBC value [2] - [true]
10:24:18.290 [main] DEBUG org.hibernate.orm.results - Extracted JDBC value [3] - [Third test component description]
10:24:18.290 [main] DEBUG org.hibernate.orm.results - Extracted JDBC value [4] - [2025-05-05]
10:24:18.290 [main] DEBUG org.hibernate.orm.results - Extracted JDBC value [5] - [Test Component 3]
10:24:18.290 [main] DEBUG org.hibernate.orm.results - Extracted JDBC value [6] - [TC-003]
10:24:18.290 [main] DEBUG org.hibernate.orm.results.loading.entity - (EntityResultInitializer) Done materializing entityInstance : org.frcpm.models.Component(959674571496400)#70
10:24:18.290 [main] DEBUG org.hibernate.orm.results.loading - Calling top-level assembler (0 / 1) : org.hibernate.sql.results.graph.entity.internal.EntityAssembler@37daeb63
10:24:18.290 [main] DEBUG org.hibernate.orm.results - Extracted JDBC value [0] - [71]
10:24:18.290 [main] DEBUG org.hibernate.orm.results.loading.entity - (EntityResultInitializer) Hydrated EntityKey (org.frcpm.models.Component(959674571496400)): 71
10:24:18.290 [main] DEBUG org.hibernate.orm.results.loading.org.hibernate.orm.results.loading.collection - (DelayedCollectionInitializer) Current row collection key : org.frcpm.models.Component(959674571496400).requiredForTasks#71
10:24:18.290 [main] DEBUG org.hibernate.orm.results.loading.entity - (EntityResultInitializer) Created new entity instance [org.frcpm.models.Component(959674571496400)#71] : 1945765319
10:24:18.290 [main] DEBUG org.hibernate.orm.results - Extracted JDBC value [1] - [null]
10:24:18.290 [main] DEBUG org.hibernate.orm.results - Extracted JDBC value [2] - [false]
10:24:18.290 [main] DEBUG org.hibernate.orm.results - Extracted JDBC value [3] - [First test component description]
10:24:18.290 [main] DEBUG org.hibernate.orm.results - Extracted JDBC value [4] - [2025-04-30]
10:24:18.290 [main] DEBUG org.hibernate.orm.results - Extracted JDBC value [5] - [Test Component 1]
10:24:18.290 [main] DEBUG org.hibernate.orm.results - Extracted JDBC value [6] - [TC-001]
10:24:18.290 [main] DEBUG org.hibernate.orm.results.loading.entity - (EntityResultInitializer) Done materializing entityInstance : org.frcpm.models.Component(959674571496400)#71
10:24:18.290 [main] DEBUG org.hibernate.orm.results.loading - Calling top-level assembler (0 / 1) : org.hibernate.sql.results.graph.entity.internal.EntityAssembler@37daeb63
10:24:18.290 [main] DEBUG org.hibernate.orm.results - Extracted JDBC value [0] - [72]
10:24:18.290 [main] DEBUG org.hibernate.orm.results.loading.entity - (EntityResultInitializer) Hydrated EntityKey (org.frcpm.models.Component(959674571496400)): 72
10:24:18.290 [main] DEBUG org.hibernate.orm.results.loading.org.hibernate.orm.results.loading.collection - (DelayedCollectionInitializer) Current row collection key : org.frcpm.models.Component(959674571496400).requiredForTasks#72
10:24:18.290 [main] DEBUG org.hibernate.orm.results.loading.entity - (EntityResultInitializer) Created new entity instance [org.frcpm.models.Component(959674571496400)#72] : 740188907
10:24:18.290 [main] DEBUG org.hibernate.orm.results - Extracted JDBC value [1] - [null]
10:24:18.290 [main] DEBUG org.hibernate.orm.results - Extracted JDBC value [2] - [false]
10:24:18.290 [main] DEBUG org.hibernate.orm.results - Extracted JDBC value [3] - [Second test component description]
10:24:18.290 [main] DEBUG org.hibernate.orm.results - Extracted JDBC value [4] - [2025-05-02]
10:24:18.290 [main] DEBUG org.hibernate.orm.results - Extracted JDBC value [5] - [Test Component 2]
10:24:18.290 [main] DEBUG org.hibernate.orm.results - Extracted JDBC value [6] - [TC-002]
10:24:18.290 [main] DEBUG org.hibernate.orm.results.loading.entity - (EntityResultInitializer) Done materializing entityInstance : org.frcpm.models.Component(959674571496400)#72
10:24:18.290 [main] DEBUG org.hibernate.orm.results.loading - Calling top-level assembler (0 / 1) : org.hibernate.sql.results.graph.entity.internal.EntityAssembler@37daeb63
10:24:18.290 [main] DEBUG org.hibernate.orm.results - Extracted JDBC value [0] - [73]
10:24:18.290 [main] DEBUG org.hibernate.orm.results.loading.entity - (EntityResultInitializer) Hydrated EntityKey (org.frcpm.models.Component(959674571496400)): 73
10:24:18.290 [main] DEBUG org.hibernate.orm.results.loading.org.hibernate.orm.results.loading.collection - (DelayedCollectionInitializer) Current row collection key : org.frcpm.models.Component(959674571496400).requiredForTasks#73
10:24:18.290 [main] DEBUG org.hibernate.orm.results.loading.entity - (EntityResultInitializer) Created new entity instance [org.frcpm.models.Component(959674571496400)#73] : 800982815
10:24:18.291 [main] DEBUG org.hibernate.orm.results - Extracted JDBC value [1] - [2025-05-04]
10:24:18.291 [main] DEBUG org.hibernate.orm.results - Extracted JDBC value [2] - [true]
10:24:18.291 [main] DEBUG org.hibernate.orm.results - Extracted JDBC value [3] - [Third test component description]
10:24:18.291 [main] DEBUG org.hibernate.orm.results - Extracted JDBC value [4] - [2025-05-05]
10:24:18.291 [main] DEBUG org.hibernate.orm.results - Extracted JDBC value [5] - [Test Component 3]
10:24:18.291 [main] DEBUG org.hibernate.orm.results - Extracted JDBC value [6] - [TC-003]
10:24:18.291 [main] DEBUG org.hibernate.orm.results.loading.entity - (EntityResultInitializer) Done materializing entityInstance : org.frcpm.models.Component(959674571496400)#73
10:24:18.291 [main] DEBUG org.hibernate.orm.results.loading - Calling top-level assembler (0 / 1) : org.hibernate.sql.results.graph.entity.internal.EntityAssembler@37daeb63
10:24:18.291 [main] DEBUG org.hibernate.orm.results - Extracted JDBC value [0] - [74]
10:24:18.291 [main] DEBUG org.hibernate.orm.results.loading.entity - (EntityResultInitializer) Hydrated EntityKey (org.frcpm.models.Component(959674571496400)): 74
10:24:18.291 [main] DEBUG org.hibernate.orm.results.loading.org.hibernate.orm.results.loading.collection - (DelayedCollectionInitializer) Current row collection key : org.frcpm.models.Component(959674571496400).requiredForTasks#74
10:24:18.291 [main] DEBUG org.hibernate.orm.results.loading.entity - (EntityResultInitializer) Created new entity instance [org.frcpm.models.Component(959674571496400)#74] : 1649275780
10:24:18.291 [main] DEBUG org.hibernate.orm.results - Extracted JDBC value [1] - [null]
10:24:18.291 [main] DEBUG org.hibernate.orm.results - Extracted JDBC value [2] - [false]
10:24:18.291 [main] DEBUG org.hibernate.orm.results - Extracted JDBC value [3] - [First test component description]
10:24:18.291 [main] DEBUG org.hibernate.orm.results - Extracted JDBC value [4] - [2025-04-30]
10:24:18.291 [main] DEBUG org.hibernate.orm.results - Extracted JDBC value [5] - [Test Component 1]
10:24:18.291 [main] DEBUG org.hibernate.orm.results - Extracted JDBC value [6] - [TC-001]
10:24:18.291 [main] DEBUG org.hibernate.orm.results.loading.entity - (EntityResultInitializer) Done materializing entityInstance : org.frcpm.models.Component(959674571496400)#74
10:24:18.291 [main] DEBUG org.hibernate.orm.results.loading - Calling top-level assembler (0 / 1) : org.hibernate.sql.results.graph.entity.internal.EntityAssembler@37daeb63
10:24:18.291 [main] DEBUG org.hibernate.orm.results - Extracted JDBC value [0] - [75]
10:24:18.291 [main] DEBUG org.hibernate.orm.results.loading.entity - (EntityResultInitializer) Hydrated EntityKey (org.frcpm.models.Component(959674571496400)): 75
10:24:18.291 [main] DEBUG org.hibernate.orm.results.loading.org.hibernate.orm.results.loading.collection - (DelayedCollectionInitializer) Current row collection key : org.frcpm.models.Component(959674571496400).requiredForTasks#75
10:24:18.291 [main] DEBUG org.hibernate.orm.results.loading.entity - (EntityResultInitializer) Created new entity instance [org.frcpm.models.Component(959674571496400)#75] : 2120564713
10:24:18.291 [main] DEBUG org.hibernate.orm.results - Extracted JDBC value [1] - [null]
10:24:18.291 [main] DEBUG org.hibernate.orm.results - Extracted JDBC value [2] - [false]
10:24:18.291 [main] DEBUG org.hibernate.orm.results - Extracted JDBC value [3] - [Second test component description]
10:24:18.291 [main] DEBUG org.hibernate.orm.results - Extracted JDBC value [4] - [2025-05-02]
10:24:18.291 [main] DEBUG org.hibernate.orm.results - Extracted JDBC value [5] - [Test Component 2]
10:24:18.291 [main] DEBUG org.hibernate.orm.results - Extracted JDBC value [6] - [TC-002]
10:24:18.291 [main] DEBUG org.hibernate.orm.results.loading.entity - (EntityResultInitializer) Done materializing entityInstance : org.frcpm.models.Component(959674571496400)#75
10:24:18.291 [main] DEBUG org.hibernate.orm.results.loading - Calling top-level assembler (0 / 1) : org.hibernate.sql.results.graph.entity.internal.EntityAssembler@37daeb63
10:24:18.291 [main] DEBUG org.hibernate.orm.results - Extracted JDBC value [0] - [76]
10:24:18.291 [main] DEBUG org.hibernate.orm.results.loading.entity - (EntityResultInitializer) Hydrated EntityKey (org.frcpm.models.Component(959674571496400)): 76
10:24:18.291 [main] DEBUG org.hibernate.orm.results.loading.org.hibernate.orm.results.loading.collection - (DelayedCollectionInitializer) Current row collection key : org.frcpm.models.Component(959674571496400).requiredForTasks#76
10:24:18.291 [main] DEBUG org.hibernate.orm.results.loading.entity - (EntityResultInitializer) Created new entity instance [org.frcpm.models.Component(959674571496400)#76] : 285143767
10:24:18.291 [main] DEBUG org.hibernate.orm.results - Extracted JDBC value [1] - [2025-05-04]
10:24:18.291 [main] DEBUG org.hibernate.orm.results - Extracted JDBC value [2] - [true]
10:24:18.291 [main] DEBUG org.hibernate.orm.results - Extracted JDBC value [3] - [Third test component description]
10:24:18.291 [main] DEBUG org.hibernate.orm.results - Extracted JDBC value [4] - [2025-05-05]
10:24:18.291 [main] DEBUG org.hibernate.orm.results - Extracted JDBC value [5] - [Test Component 3]
10:24:18.291 [main] DEBUG org.hibernate.orm.results - Extracted JDBC value [6] - [TC-003]
10:24:18.291 [main] DEBUG org.hibernate.orm.results.loading.entity - (EntityResultInitializer) Done materializing entityInstance : org.frcpm.models.Component(959674571496400)#76
10:24:18.291 [main] DEBUG org.hibernate.orm.results.loading - Calling top-level assembler (0 / 1) : org.hibernate.sql.results.graph.entity.internal.EntityAssembler@37daeb63
10:24:18.291 [main] DEBUG org.hibernate.orm.results - Extracted JDBC value [0] - [77]
10:24:18.291 [main] DEBUG org.hibernate.orm.results.loading.entity - (EntityResultInitializer) Hydrated EntityKey (org.frcpm.models.Component(959674571496400)): 77
10:24:18.291 [main] DEBUG org.hibernate.orm.results.loading.org.hibernate.orm.results.loading.collection - (DelayedCollectionInitializer) Current row collection key : org.frcpm.models.Component(959674571496400).requiredForTasks#77
10:24:18.291 [main] DEBUG org.hibernate.orm.results.loading.entity - (EntityResultInitializer) Created new entity instance [org.frcpm.models.Component(959674571496400)#77] : 73209896
10:24:18.291 [main] DEBUG org.hibernate.orm.results - Extracted JDBC value [1] - [null]
10:24:18.291 [main] DEBUG org.hibernate.orm.results - Extracted JDBC value [2] - [false]
10:24:18.291 [main] DEBUG org.hibernate.orm.results - Extracted JDBC value [3] - [First test component description]
10:24:18.291 [main] DEBUG org.hibernate.orm.results - Extracted JDBC value [4] - [2025-04-30]
10:24:18.291 [main] DEBUG org.hibernate.orm.results - Extracted JDBC value [5] - [Test Component 1]
10:24:18.291 [main] DEBUG org.hibernate.orm.results - Extracted JDBC value [6] - [TC-001]
10:24:18.291 [main] DEBUG org.hibernate.orm.results.loading.entity - (EntityResultInitializer) Done materializing entityInstance : org.frcpm.models.Component(959674571496400)#77
10:24:18.291 [main] DEBUG org.hibernate.orm.results.loading - Calling top-level assembler (0 / 1) : org.hibernate.sql.results.graph.entity.internal.EntityAssembler@37daeb63
10:24:18.291 [main] DEBUG org.hibernate.orm.results - Extracted JDBC value [0] - [78]
10:24:18.291 [main] DEBUG org.hibernate.orm.results.loading.entity - (EntityResultInitializer) Hydrated EntityKey (org.frcpm.models.Component(959674571496400)): 78
10:24:18.291 [main] DEBUG org.hibernate.orm.results.loading.org.hibernate.orm.results.loading.collection - (DelayedCollectionInitializer) Current row collection key : org.frcpm.models.Component(959674571496400).requiredForTasks#78
10:24:18.291 [main] DEBUG org.hibernate.orm.results.loading.entity - (EntityResultInitializer) Created new entity instance [org.frcpm.models.Component(959674571496400)#78] : 1776538372
10:24:18.291 [main] DEBUG org.hibernate.orm.results - Extracted JDBC value [1] - [null]
10:24:18.291 [main] DEBUG org.hibernate.orm.results - Extracted JDBC value [2] - [false]
10:24:18.291 [main] DEBUG org.hibernate.orm.results - Extracted JDBC value [3] - [Second test component description]
10:24:18.291 [main] DEBUG org.hibernate.orm.results - Extracted JDBC value [4] - [2025-05-02]
10:24:18.291 [main] DEBUG org.hibernate.orm.results - Extracted JDBC value [5] - [Test Component 2]
10:24:18.291 [main] DEBUG org.hibernate.orm.results - Extracted JDBC value [6] - [TC-002]
10:24:18.291 [main] DEBUG org.hibernate.orm.results.loading.entity - (EntityResultInitializer) Done materializing entityInstance : org.frcpm.models.Component(959674571496400)#78
10:24:18.291 [main] DEBUG org.hibernate.orm.results.loading - Calling top-level assembler (0 / 1) : org.hibernate.sql.results.graph.entity.internal.EntityAssembler@37daeb63
10:24:18.292 [main] DEBUG org.hibernate.orm.results - Extracted JDBC value [0] - [79]
10:24:18.292 [main] DEBUG org.hibernate.orm.results.loading.entity - (EntityResultInitializer) Hydrated EntityKey (org.frcpm.models.Component(959674571496400)): 79
10:24:18.292 [main] DEBUG org.hibernate.orm.results.loading.org.hibernate.orm.results.loading.collection - (DelayedCollectionInitializer) Current row collection key : org.frcpm.models.Component(959674571496400).requiredForTasks#79
10:24:18.292 [main] DEBUG org.hibernate.orm.results.loading.entity - (EntityResultInitializer) Created new entity instance [org.frcpm.models.Component(959674571496400)#79] : 1361689720
10:24:18.292 [main] DEBUG org.hibernate.orm.results - Extracted JDBC value [1] - [2025-05-04]
10:24:18.292 [main] DEBUG org.hibernate.orm.results - Extracted JDBC value [2] - [true]
10:24:18.292 [main] DEBUG org.hibernate.orm.results - Extracted JDBC value [3] - [Third test component description]
10:24:18.292 [main] DEBUG org.hibernate.orm.results - Extracted JDBC value [4] - [2025-05-05]
10:24:18.292 [main] DEBUG org.hibernate.orm.results - Extracted JDBC value [5] - [Test Component 3]
10:24:18.292 [main] DEBUG org.hibernate.orm.results - Extracted JDBC value [6] - [TC-003]
10:24:18.292 [main] DEBUG org.hibernate.orm.results.loading.entity - (EntityResultInitializer) Done materializing entityInstance : org.frcpm.models.Component(959674571496400)#79
10:24:18.292 [main] DEBUG org.hibernate.orm.results.loading - Calling top-level assembler (0 / 1) : org.hibernate.sql.results.graph.entity.internal.EntityAssembler@37daeb63
10:24:18.292 [main] DEBUG org.hibernate.orm.results - Extracted JDBC value [0] - [81]
10:24:18.292 [main] DEBUG org.hibernate.orm.results.loading.entity - (EntityResultInitializer) Hydrated EntityKey (org.frcpm.models.Component(959674571496400)): 81
10:24:18.292 [main] DEBUG org.hibernate.orm.results.loading.org.hibernate.orm.results.loading.collection - (DelayedCollectionInitializer) Current row collection key : org.frcpm.models.Component(959674571496400).requiredForTasks#81
10:24:18.292 [main] DEBUG org.hibernate.orm.results.loading.entity - (EntityResultInitializer) Created new entity instance [org.frcpm.models.Component(959674571496400)#81] : 1327662907
10:24:18.292 [main] DEBUG org.hibernate.orm.results - Extracted JDBC value [1] - [null]
10:24:18.292 [main] DEBUG org.hibernate.orm.results - Extracted JDBC value [2] - [false]
10:24:18.292 [main] DEBUG org.hibernate.orm.results - Extracted JDBC value [3] - [First test component description]
10:24:18.292 [main] DEBUG org.hibernate.orm.results - Extracted JDBC value [4] - [2025-04-30]
10:24:18.292 [main] DEBUG org.hibernate.orm.results - Extracted JDBC value [5] - [Test Component 1]
10:24:18.292 [main] DEBUG org.hibernate.orm.results - Extracted JDBC value [6] - [TC-001]
10:24:18.292 [main] DEBUG org.hibernate.orm.results.loading.entity - (EntityResultInitializer) Done materializing entityInstance : org.frcpm.models.Component(959674571496400)#81
10:24:18.292 [main] DEBUG org.hibernate.orm.results.loading - Calling top-level assembler (0 / 1) : org.hibernate.sql.results.graph.entity.internal.EntityAssembler@37daeb63
10:24:18.292 [main] DEBUG org.hibernate.orm.results - Extracted JDBC value [0] - [82]
10:24:18.292 [main] DEBUG org.hibernate.orm.results.loading.entity - (EntityResultInitializer) Hydrated EntityKey (org.frcpm.models.Component(959674571496400)): 82
10:24:18.292 [main] DEBUG org.hibernate.orm.results.loading.org.hibernate.orm.results.loading.collection - (DelayedCollectionInitializer) Current row collection key : org.frcpm.models.Component(959674571496400).requiredForTasks#82
10:24:18.292 [main] DEBUG org.hibernate.orm.results.loading.entity - (EntityResultInitializer) Created new entity instance [org.frcpm.models.Component(959674571496400)#82] : 631663777
10:24:18.292 [main] DEBUG org.hibernate.orm.results - Extracted JDBC value [1] - [null]
10:24:18.292 [main] DEBUG org.hibernate.orm.results - Extracted JDBC value [2] - [false]
10:24:18.292 [main] DEBUG org.hibernate.orm.results - Extracted JDBC value [3] - [Second test component description]
10:24:18.292 [main] DEBUG org.hibernate.orm.results - Extracted JDBC value [4] - [2025-05-02]
10:24:18.292 [main] DEBUG org.hibernate.orm.results - Extracted JDBC value [5] - [Test Component 2]
10:24:18.292 [main] DEBUG org.hibernate.orm.results - Extracted JDBC value [6] - [TC-002]
10:24:18.292 [main] DEBUG org.hibernate.orm.results.loading.entity - (EntityResultInitializer) Done materializing entityInstance : org.frcpm.models.Component(959674571496400)#82
10:24:18.292 [main] DEBUG org.hibernate.orm.results.loading - Calling top-level assembler (0 / 1) : org.hibernate.sql.results.graph.entity.internal.EntityAssembler@37daeb63
10:24:18.292 [main] DEBUG org.hibernate.orm.results - Extracted JDBC value [0] - [83]
10:24:18.292 [main] DEBUG org.hibernate.orm.results.loading.entity - (EntityResultInitializer) Hydrated EntityKey (org.frcpm.models.Component(959674571496400)): 83
10:24:18.292 [main] DEBUG org.hibernate.orm.results.loading.org.hibernate.orm.results.loading.collection - (DelayedCollectionInitializer) Current row collection key : org.frcpm.models.Component(959674571496400).requiredForTasks#83
10:24:18.292 [main] DEBUG org.hibernate.orm.results.loading.entity - (EntityResultInitializer) Created new entity instance [org.frcpm.models.Component(959674571496400)#83] : 910592344
10:24:18.292 [main] DEBUG org.hibernate.orm.results - Extracted JDBC value [1] - [2025-05-04]
10:24:18.292 [main] DEBUG org.hibernate.orm.results - Extracted JDBC value [2] - [true]
10:24:18.292 [main] DEBUG org.hibernate.orm.results - Extracted JDBC value [3] - [Third test component description]
10:24:18.292 [main] DEBUG org.hibernate.orm.results - Extracted JDBC value [4] - [2025-05-05]
10:24:18.292 [main] DEBUG org.hibernate.orm.results - Extracted JDBC value [5] - [Test Component 3]
10:24:18.292 [main] DEBUG org.hibernate.orm.results - Extracted JDBC value [6] - [TC-003]
10:24:18.292 [main] DEBUG org.hibernate.orm.results.loading.entity - (EntityResultInitializer) Done materializing entityInstance : org.frcpm.models.Component(959674571496400)#83
10:24:18.292 [main] DEBUG org.hibernate.orm.results.loading - Calling top-level assembler (0 / 1) : org.hibernate.sql.results.graph.entity.internal.EntityAssembler@37daeb63
10:24:18.292 [main] DEBUG org.hibernate.orm.results - Extracted JDBC value [0] - [85]
10:24:18.292 [main] DEBUG org.hibernate.orm.results.loading.entity - (EntityResultInitializer) Hydrated EntityKey (org.frcpm.models.Component(959674571496400)): 85
10:24:18.292 [main] DEBUG org.hibernate.orm.results.loading.org.hibernate.orm.results.loading.collection - (DelayedCollectionInitializer) Current row collection key : org.frcpm.models.Component(959674571496400).requiredForTasks#85
10:24:18.292 [main] DEBUG org.hibernate.orm.results.loading.entity - (EntityResultInitializer) Created new entity instance [org.frcpm.models.Component(959674571496400)#85] : 523280615
10:24:18.292 [main] DEBUG org.hibernate.orm.results - Extracted JDBC value [1] - [null]
10:24:18.292 [main] DEBUG org.hibernate.orm.results - Extracted JDBC value [2] - [false]
10:24:18.292 [main] DEBUG org.hibernate.orm.results - Extracted JDBC value [3] - [First test component description]
10:24:18.292 [main] DEBUG org.hibernate.orm.results - Extracted JDBC value [4] - [2025-04-30]
10:24:18.292 [main] DEBUG org.hibernate.orm.results - Extracted JDBC value [5] - [Test Component 1]
10:24:18.292 [main] DEBUG org.hibernate.orm.results - Extracted JDBC value [6] - [TC-001]
10:24:18.292 [main] DEBUG org.hibernate.orm.results.loading.entity - (EntityResultInitializer) Done materializing entityInstance : org.frcpm.models.Component(959674571496400)#85
10:24:18.292 [main] DEBUG org.hibernate.orm.results.loading - Calling top-level assembler (0 / 1) : org.hibernate.sql.results.graph.entity.internal.EntityAssembler@37daeb63
10:24:18.292 [main] DEBUG org.hibernate.orm.results - Extracted JDBC value [0] - [86]
10:24:18.292 [main] DEBUG org.hibernate.orm.results.loading.entity - (EntityResultInitializer) Hydrated EntityKey (org.frcpm.models.Component(959674571496400)): 86
10:24:18.292 [main] DEBUG org.hibernate.orm.results.loading.org.hibernate.orm.results.loading.collection - (DelayedCollectionInitializer) Current row collection key : org.frcpm.models.Component(959674571496400).requiredForTasks#86
10:24:18.292 [main] DEBUG org.hibernate.orm.results.loading.entity - (EntityResultInitializer) Created new entity instance [org.frcpm.models.Component(959674571496400)#86] : 1189563569
10:24:18.292 [main] DEBUG org.hibernate.orm.results - Extracted JDBC value [1] - [null]
10:24:18.292 [main] DEBUG org.hibernate.orm.results - Extracted JDBC value [2] - [false]
10:24:18.292 [main] DEBUG org.hibernate.orm.results - Extracted JDBC value [3] - [Second test component description]
10:24:18.293 [main] DEBUG org.hibernate.orm.results - Extracted JDBC value [4] - [2025-05-02]
10:24:18.293 [main] DEBUG org.hibernate.orm.results - Extracted JDBC value [5] - [Test Component 2]
10:24:18.293 [main] DEBUG org.hibernate.orm.results - Extracted JDBC value [6] - [TC-002]
10:24:18.293 [main] DEBUG org.hibernate.orm.results.loading.entity - (EntityResultInitializer) Done materializing entityInstance : org.frcpm.models.Component(959674571496400)#86
10:24:18.293 [main] DEBUG org.hibernate.orm.results.loading - Calling top-level assembler (0 / 1) : org.hibernate.sql.results.graph.entity.internal.EntityAssembler@37daeb63
10:24:18.293 [main] DEBUG org.hibernate.orm.results - Extracted JDBC value [0] - [87]
10:24:18.293 [main] DEBUG org.hibernate.orm.results.loading.entity - (EntityResultInitializer) Hydrated EntityKey (org.frcpm.models.Component(959674571496400)): 87
10:24:18.293 [main] DEBUG org.hibernate.orm.results.loading.org.hibernate.orm.results.loading.collection - (DelayedCollectionInitializer) Current row collection key : org.frcpm.models.Component(959674571496400).requiredForTasks#87
10:24:18.293 [main] DEBUG org.hibernate.orm.results.loading.entity - (EntityResultInitializer) Created new entity instance [org.frcpm.models.Component(959674571496400)#87] : 2109654040
10:24:18.293 [main] DEBUG org.hibernate.orm.results - Extracted JDBC value [1] - [2025-05-04]
10:24:18.293 [main] DEBUG org.hibernate.orm.results - Extracted JDBC value [2] - [true]
10:24:18.293 [main] DEBUG org.hibernate.orm.results - Extracted JDBC value [3] - [Third test component description]
10:24:18.293 [main] DEBUG org.hibernate.orm.results - Extracted JDBC value [4] - [2025-05-05]
10:24:18.293 [main] DEBUG org.hibernate.orm.results - Extracted JDBC value [5] - [Test Component 3]
10:24:18.293 [main] DEBUG org.hibernate.orm.results - Extracted JDBC value [6] - [TC-003]
10:24:18.293 [main] DEBUG org.hibernate.orm.results.loading.entity - (EntityResultInitializer) Done materializing entityInstance : org.frcpm.models.Component(959674571496400)#87
10:24:18.293 [main] DEBUG org.hibernate.orm.results.loading - Calling top-level assembler (0 / 1) : org.hibernate.sql.results.graph.entity.internal.EntityAssembler@37daeb63
10:24:18.293 [main] DEBUG org.hibernate.orm.results - Extracted JDBC value [0] - [88]
10:24:18.293 [main] DEBUG org.hibernate.orm.results.loading.entity - (EntityResultInitializer) Hydrated EntityKey (org.frcpm.models.Component(959674571496400)): 88
10:24:18.293 [main] DEBUG org.hibernate.orm.results.loading.org.hibernate.orm.results.loading.collection - (DelayedCollectionInitializer) Current row collection key : org.frcpm.models.Component(959674571496400).requiredForTasks#88
10:24:18.293 [main] DEBUG org.hibernate.orm.results.loading.entity - (EntityResultInitializer) Created new entity instance [org.frcpm.models.Component(959674571496400)#88] : 220990004
10:24:18.293 [main] DEBUG org.hibernate.orm.results - Extracted JDBC value [1] - [null]
10:24:18.293 [main] DEBUG org.hibernate.orm.results - Extracted JDBC value [2] - [false]
10:24:18.293 [main] DEBUG org.hibernate.orm.results - Extracted JDBC value [3] - [First test component description]
10:24:18.293 [main] DEBUG org.hibernate.orm.results - Extracted JDBC value [4] - [2025-04-30]
10:24:18.293 [main] DEBUG org.hibernate.orm.results - Extracted JDBC value [5] - [Test Component 1]
10:24:18.293 [main] DEBUG org.hibernate.orm.results - Extracted JDBC value [6] - [TC-001]
10:24:18.293 [main] DEBUG org.hibernate.orm.results.loading.entity - (EntityResultInitializer) Done materializing entityInstance : org.frcpm.models.Component(959674571496400)#88
10:24:18.293 [main] DEBUG org.hibernate.orm.results.loading - Calling top-level assembler (0 / 1) : org.hibernate.sql.results.graph.entity.internal.EntityAssembler@37daeb63
10:24:18.293 [main] DEBUG org.hibernate.orm.results - Extracted JDBC value [0] - [89]
10:24:18.293 [main] DEBUG org.hibernate.orm.results.loading.entity - (EntityResultInitializer) Hydrated EntityKey (org.frcpm.models.Component(959674571496400)): 89
10:24:18.293 [main] DEBUG org.hibernate.orm.results.loading.org.hibernate.orm.results.loading.collection - (DelayedCollectionInitializer) Current row collection key : org.frcpm.models.Component(959674571496400).requiredForTasks#89
10:24:18.293 [main] DEBUG org.hibernate.orm.results.loading.entity - (EntityResultInitializer) Created new entity instance [org.frcpm.models.Component(959674571496400)#89] : 2062184296
10:24:18.293 [main] DEBUG org.hibernate.orm.results - Extracted JDBC value [1] - [null]
10:24:18.293 [main] DEBUG org.hibernate.orm.results - Extracted JDBC value [2] - [false]
10:24:18.293 [main] DEBUG org.hibernate.orm.results - Extracted JDBC value [3] - [Second test component description]
10:24:18.293 [main] DEBUG org.hibernate.orm.results - Extracted JDBC value [4] - [2025-05-02]
10:24:18.293 [main] DEBUG org.hibernate.orm.results - Extracted JDBC value [5] - [Test Component 2]
10:24:18.293 [main] DEBUG org.hibernate.orm.results - Extracted JDBC value [6] - [TC-002]
10:24:18.293 [main] DEBUG org.hibernate.orm.results.loading.entity - (EntityResultInitializer) Done materializing entityInstance : org.frcpm.models.Component(959674571496400)#89
10:24:18.293 [main] DEBUG org.hibernate.orm.results.loading - Calling top-level assembler (0 / 1) : org.hibernate.sql.results.graph.entity.internal.EntityAssembler@37daeb63
10:24:18.293 [main] DEBUG org.hibernate.orm.results - Extracted JDBC value [0] - [90]
10:24:18.293 [main] DEBUG org.hibernate.orm.results.loading.entity - (EntityResultInitializer) Hydrated EntityKey (org.frcpm.models.Component(959674571496400)): 90
10:24:18.293 [main] DEBUG org.hibernate.orm.results.loading.org.hibernate.orm.results.loading.collection - (DelayedCollectionInitializer) Current row collection key : org.frcpm.models.Component(959674571496400).requiredForTasks#90
10:24:18.293 [main] DEBUG org.hibernate.orm.results.loading.entity - (EntityResultInitializer) Created new entity instance [org.frcpm.models.Component(959674571496400)#90] : 1951956963
10:24:18.293 [main] DEBUG org.hibernate.orm.results - Extracted JDBC value [1] - [2025-05-04]
10:24:18.293 [main] DEBUG org.hibernate.orm.results - Extracted JDBC value [2] - [true]
10:24:18.293 [main] DEBUG org.hibernate.orm.results - Extracted JDBC value [3] - [Third test component description]
10:24:18.293 [main] DEBUG org.hibernate.orm.results - Extracted JDBC value [4] - [2025-05-05]
10:24:18.293 [main] DEBUG org.hibernate.orm.results - Extracted JDBC value [5] - [Test Component 3]
10:24:18.293 [main] DEBUG org.hibernate.orm.results - Extracted JDBC value [6] - [TC-003]
10:24:18.293 [main] DEBUG org.hibernate.orm.results.loading.entity - (EntityResultInitializer) Done materializing entityInstance : org.frcpm.models.Component(959674571496400)#90
10:24:18.293 [main] DEBUG org.hibernate.orm.results.loading - Calling top-level assembler (0 / 1) : org.hibernate.sql.results.graph.entity.internal.EntityAssembler@37daeb63
10:24:18.293 [main] DEBUG org.hibernate.orm.results - Extracted JDBC value [0] - [91]
10:24:18.293 [main] DEBUG org.hibernate.orm.results.loading.entity - (EntityResultInitializer) Hydrated EntityKey (org.frcpm.models.Component(959674571496400)): 91
10:24:18.293 [main] DEBUG org.hibernate.orm.results.loading.org.hibernate.orm.results.loading.collection - (DelayedCollectionInitializer) Current row collection key : org.frcpm.models.Component(959674571496400).requiredForTasks#91
10:24:18.293 [main] DEBUG org.hibernate.orm.results.loading.entity - (EntityResultInitializer) Created new entity instance [org.frcpm.models.Component(959674571496400)#91] : 1405834905
10:24:18.293 [main] DEBUG org.hibernate.orm.results - Extracted JDBC value [1] - [2025-04-25]
10:24:18.293 [main] DEBUG org.hibernate.orm.results - Extracted JDBC value [2] - [true]
10:24:18.293 [main] DEBUG org.hibernate.orm.results - Extracted JDBC value [3] - [Updated description]
10:24:18.293 [main] DEBUG org.hibernate.orm.results - Extracted JDBC value [4] - [null]
10:24:18.293 [main] DEBUG org.hibernate.orm.results - Extracted JDBC value [5] - [Updated Component Name]
10:24:18.293 [main] DEBUG org.hibernate.orm.results - Extracted JDBC value [6] - [TUC-001]
10:24:18.293 [main] DEBUG org.hibernate.orm.results.loading.entity - (EntityResultInitializer) Done materializing entityInstance : org.frcpm.models.Component(959674571496400)#91
10:24:18.293 [main] DEBUG org.hibernate.orm.results.loading - Calling top-level assembler (0 / 1) : org.hibernate.sql.results.graph.entity.internal.EntityAssembler@37daeb63
10:24:18.294 [main] DEBUG org.hibernate.resource.jdbc.internal.LogicalConnectionManagedImpl - Initiating JDBC connection release from afterTransaction
10:24:18.294 [main] DEBUG org.hibernate.resource.jdbc.internal.LogicalConnectionManagedImpl - Initiating JDBC connection release from afterTransaction
10:24:18.294 [main] DEBUG org.hibernate.engine.transaction.internal.TransactionImpl - On TransactionImpl creation, JpaCompliance#isJpaTransactionComplianceEnabled == false
10:24:18.294 [main] DEBUG org.hibernate.engine.transaction.internal.TransactionImpl - begin
10:24:18.295 [main] DEBUG org.hibernate.orm.sql.exec - Skipping reading Query result cache data: cache-enabled = false, cache-mode = IGNORE
10:24:18.296 [main] DEBUG org.hibernate.orm.results - Initializer list:
	  org.frcpm.models.Component -> EntityResultInitializer(org.frcpm.models.Component)@940901595 (SingleTableEntityPersister(org.frcpm.models.Component))
	  org.frcpm.models.Component.requiredForTasks -> DelayedCollectionInitializer(org.frcpm.models.Component.requiredForTasks)@1564421054 (PluralAttribute(org.frcpm.models.Component.requiredForTasks))

10:24:18.296 [main] DEBUG org.hibernate.SQL - select c1_0.id,c1_0.actual_delivery,c1_0.is_delivered,c1_0.description,c1_0.expected_delivery,c1_0.name,c1_0.part_number from components c1_0 where c1_0.id=?
10:24:18.296 [main] DEBUG org.hibernate.orm.results.loading.entity - (EntityResultInitializer) Hydrated EntityKey (org.frcpm.models.Component): 55
10:24:18.296 [main] DEBUG org.hibernate.orm.results.loading.org.hibernate.orm.results.loading.collection - (DelayedCollectionInitializer) Current row collection key : org.frcpm.models.Component.requiredForTasks#55
10:24:18.296 [main] DEBUG org.hibernate.orm.results.loading.entity - (EntityResultInitializer) Created new entity instance [org.frcpm.models.Component#55] : 1709387578
10:24:18.296 [main] DEBUG org.hibernate.orm.results - Extracted JDBC value [1] - [null]
10:24:18.296 [main] DEBUG org.hibernate.orm.results - Extracted JDBC value [2] - [false]
10:24:18.297 [main] DEBUG org.hibernate.orm.results - Extracted JDBC value [3] - [Component 1 for association test]
10:24:18.297 [main] DEBUG org.hibernate.orm.results - Extracted JDBC value [4] - [2025-04-28]
10:24:18.297 [main] DEBUG org.hibernate.orm.results - Extracted JDBC value [5] - [Test Component Assoc 1]
10:24:18.297 [main] DEBUG org.hibernate.orm.results - Extracted JDBC value [6] - [TC-ASSOC1]
10:24:18.297 [main] DEBUG org.hibernate.orm.results.loading.entity - (EntityResultInitializer) Done materializing entityInstance : org.frcpm.models.Component#55
10:24:18.297 [main] DEBUG org.hibernate.orm.results.loading - Calling top-level assembler (0 / 1) : org.hibernate.sql.results.graph.entity.internal.EntityAssembler@5bfef2e8
10:24:18.297 [main] DEBUG org.hibernate.engine.transaction.internal.TransactionImpl - committing
10:24:18.297 [main] DEBUG org.hibernate.event.internal.AbstractFlushingEventListener - Processing flush-time cascades
10:24:18.297 [main] DEBUG org.hibernate.event.internal.AbstractFlushingEventListener - Dirty checking collections
10:24:18.297 [main] DEBUG org.hibernate.engine.internal.Collections - Collection dereferenced: [org.frcpm.models.Component.requiredForTasks#55]
10:24:18.298 [main] DEBUG org.hibernate.event.internal.AbstractFlushingEventListener - Flushed: 0 insertions, 0 updates, 1 deletions to 1 objects
10:24:18.298 [main] DEBUG org.hibernate.event.internal.AbstractFlushingEventListener - Flushed: 0 (re)creations, 0 updates, 1 removals to 1 collections
10:24:18.298 [main] DEBUG org.hibernate.internal.util.EntityPrinter - Listing entities:
10:24:18.298 [main] DEBUG org.hibernate.internal.util.EntityPrinter - org.frcpm.models.Component{expectedDelivery=2025-04-28, requiredForTasks=<uninitialized>, name=Test Component Assoc 1, actualDelivery=null, description=Component 1 for association test, delivered=false, partNumber=TC-ASSOC1, id=55}
10:24:18.298 [main] DEBUG org.hibernate.SQL - delete from components where id=?
10:24:18.299 [main] INFO org.hibernate.orm.jdbc.batch - HHH100503: On release of batch it still contained JDBC statements
10:24:18.299 [main] ERROR org.hibernate.orm.jdbc.batch - HHH100501: Exception executing batch [org.h2.jdbc.JdbcBatchUpdateException: Referential integrity constraint violation: "FK5IRPAISPCX79XWY6N1QOMAXNV: PUBLIC.TASK_COMPONENTS FOREIGN KEY(COMPONENT_ID) REFERENCES PUBLIC.COMPONENTS(ID) (CAST(55 AS BIGINT))"; SQL statement:
delete from components where id=? [23503-224]], SQL: delete from components where id=?
10:24:18.299 [main] DEBUG org.hibernate.engine.jdbc.spi.SqlExceptionHelper - could not execute batch [delete from components where id=?]
org.h2.jdbc.JdbcBatchUpdateException: Referential integrity constraint violation: "FK5IRPAISPCX79XWY6N1QOMAXNV: PUBLIC.TASK_COMPONENTS FOREIGN KEY(COMPONENT_ID) REFERENCES PUBLIC.COMPONENTS(ID) (CAST(55 AS BIGINT))"; SQL statement:
delete from components where id=? [23503-224]
	at org.h2.jdbc.JdbcPreparedStatement.executeBatch(JdbcPreparedStatement.java:1282)
	at com.zaxxer.hikari.pool.ProxyStatement.executeBatch(ProxyStatement.java:127)
	at com.zaxxer.hikari.pool.HikariProxyPreparedStatement.executeBatch(HikariProxyPreparedStatement.java)
	at org.hibernate.engine.jdbc.batch.internal.BatchImpl.lambda$performExecution$2(BatchImpl.java:279)
	at org.hibernate.engine.jdbc.mutation.internal.PreparedStatementGroupSingleTable.forEachStatement(PreparedStatementGroupSingleTable.java:67)
	at org.hibernate.engine.jdbc.batch.internal.BatchImpl.performExecution(BatchImpl.java:264)
	at org.hibernate.engine.jdbc.batch.internal.BatchImpl.execute(BatchImpl.java:242)
	at org.hibernate.engine.jdbc.internal.JdbcCoordinatorImpl.executeBatch(JdbcCoordinatorImpl.java:188)
	at org.hibernate.engine.spi.ActionQueue.executeActions(ActionQueue.java:662)
	at org.hibernate.engine.spi.ActionQueue.executeActions(ActionQueue.java:499)
	at org.hibernate.event.internal.AbstractFlushingEventListener.performExecutions(AbstractFlushingEventListener.java:371)
	at org.hibernate.event.internal.DefaultFlushEventListener.onFlush(DefaultFlushEventListener.java:41)
	at org.hibernate.event.service.internal.EventListenerGroupImpl.fireEventOnEachListener(EventListenerGroupImpl.java:127)
	at org.hibernate.internal.SessionImpl.doFlush(SessionImpl.java:1425)
	at org.hibernate.internal.SessionImpl.managedFlush(SessionImpl.java:487)
	at org.hibernate.internal.SessionImpl.flushBeforeTransactionCompletion(SessionImpl.java:2324)
	at org.hibernate.internal.SessionImpl.beforeTransactionCompletion(SessionImpl.java:1981)
	at org.hibernate.engine.jdbc.internal.JdbcCoordinatorImpl.beforeTransactionCompletion(JdbcCoordinatorImpl.java:439)
	at org.hibernate.resource.transaction.backend.jdbc.internal.JdbcResourceLocalTransactionCoordinatorImpl.beforeCompletionCallback(JdbcResourceLocalTransactionCoordinatorImpl.java:169)
	at org.hibernate.resource.transaction.backend.jdbc.internal.JdbcResourceLocalTransactionCoordinatorImpl$TransactionDriverControlImpl.commit(JdbcResourceLocalTransactionCoordinatorImpl.java:267)
	at org.hibernate.engine.transaction.internal.TransactionImpl.commit(TransactionImpl.java:101)
	at org.frcpm.repositories.impl.JpaRepositoryImpl.delete(JpaRepositoryImpl.java:165)
	at org.frcpm.repositories.ComponentRepositoryTest.cleanupTestComponents(ComponentRepositoryTest.java:63)
	at org.frcpm.repositories.ComponentRepositoryTest.tearDown(ComponentRepositoryTest.java:35)
	at java.base/jdk.internal.reflect.DirectMethodHandleAccessor.invoke(DirectMethodHandleAccessor.java:103)
	at java.base/java.lang.reflect.Method.invoke(Method.java:580)
	at org.junit.platform.commons.util.ReflectionUtils.invokeMethod(ReflectionUtils.java:728)
	at org.junit.jupiter.engine.execution.MethodInvocation.proceed(MethodInvocation.java:60)
	at org.junit.jupiter.engine.execution.InvocationInterceptorChain$ValidatingInvocation.proceed(InvocationInterceptorChain.java:131)
	at org.junit.jupiter.engine.extension.TimeoutExtension.intercept(TimeoutExtension.java:156)
	at org.junit.jupiter.engine.extension.TimeoutExtension.interceptLifecycleMethod(TimeoutExtension.java:128)
	at org.junit.jupiter.engine.extension.TimeoutExtension.interceptAfterEachMethod(TimeoutExtension.java:110)
	at org.junit.jupiter.engine.execution.InterceptingExecutableInvoker$ReflectiveInterceptorCall.lambda$ofVoidMethod$0(InterceptingExecutableInvoker.java:103)
	at org.junit.jupiter.engine.execution.InterceptingExecutableInvoker.lambda$invoke$0(InterceptingExecutableInvoker.java:93)
	at org.junit.jupiter.engine.execution.InvocationInterceptorChain$InterceptedInvocation.proceed(InvocationInterceptorChain.java:106)
	at org.junit.jupiter.engine.execution.InvocationInterceptorChain.proceed(InvocationInterceptorChain.java:64)
	at org.junit.jupiter.engine.execution.InvocationInterceptorChain.chainAndInvoke(InvocationInterceptorChain.java:45)
	at org.junit.jupiter.engine.execution.InvocationInterceptorChain.invoke(InvocationInterceptorChain.java:37)
	at org.junit.jupiter.engine.execution.InterceptingExecutableInvoker.invoke(InterceptingExecutableInvoker.java:92)
	at org.junit.jupiter.engine.execution.InterceptingExecutableInvoker.invoke(InterceptingExecutableInvoker.java:86)
	at org.junit.jupiter.engine.descriptor.ClassBasedTestDescriptor.invokeMethodInExtensionContext(ClassBasedTestDescriptor.java:521)
	at org.junit.jupiter.engine.descriptor.ClassBasedTestDescriptor.lambda$synthesizeAfterEachMethodAdapter$24(ClassBasedTestDescriptor.java:511)
	at org.junit.jupiter.engine.descriptor.TestMethodTestDescriptor.lambda$invokeAfterEachMethods$10(TestMethodTestDescriptor.java:244)
	at org.junit.jupiter.engine.descriptor.TestMethodTestDescriptor.lambda$invokeAllAfterMethodsOrCallbacks$13(TestMethodTestDescriptor.java:277)
	at org.junit.platform.engine.support.hierarchical.ThrowableCollector.execute(ThrowableCollector.java:73)
	at org.junit.jupiter.engine.descriptor.TestMethodTestDescriptor.lambda$invokeAllAfterMethodsOrCallbacks$14(TestMethodTestDescriptor.java:277)
	at org.junit.platform.commons.util.CollectionUtils.forEachInReverseOrder(CollectionUtils.java:217)
	at org.junit.jupiter.engine.descriptor.TestMethodTestDescriptor.invokeAllAfterMethodsOrCallbacks(TestMethodTestDescriptor.java:276)
	at org.junit.jupiter.engine.descriptor.TestMethodTestDescriptor.invokeAfterEachMethods(TestMethodTestDescriptor.java:242)
	at org.junit.jupiter.engine.descriptor.TestMethodTestDescriptor.execute(TestMethodTestDescriptor.java:143)
	at org.junit.jupiter.engine.descriptor.TestMethodTestDescriptor.execute(TestMethodTestDescriptor.java:69)
	at org.junit.platform.engine.support.hierarchical.NodeTestTask.lambda$executeRecursively$6(NodeTestTask.java:151)
	at org.junit.platform.engine.support.hierarchical.ThrowableCollector.execute(ThrowableCollector.java:73)
	at org.junit.platform.engine.support.hierarchical.NodeTestTask.lambda$executeRecursively$8(NodeTestTask.java:141)
	at org.junit.platform.engine.support.hierarchical.Node.around(Node.java:137)
	at org.junit.platform.engine.support.hierarchical.NodeTestTask.lambda$executeRecursively$9(NodeTestTask.java:139)
	at org.junit.platform.engine.support.hierarchical.ThrowableCollector.execute(ThrowableCollector.java:73)
	at org.junit.platform.engine.support.hierarchical.NodeTestTask.executeRecursively(NodeTestTask.java:138)
	at org.junit.platform.engine.support.hierarchical.NodeTestTask.execute(NodeTestTask.java:95)
	at java.base/java.util.ArrayList.forEach(ArrayList.java:1596)
	at org.junit.platform.engine.support.hierarchical.SameThreadHierarchicalTestExecutorService.invokeAll(SameThreadHierarchicalTestExecutorService.java:41)
	at org.junit.platform.engine.support.hierarchical.NodeTestTask.lambda$executeRecursively$6(NodeTestTask.java:155)
	at org.junit.platform.engine.support.hierarchical.ThrowableCollector.execute(ThrowableCollector.java:73)
	at org.junit.platform.engine.support.hierarchical.NodeTestTask.lambda$executeRecursively$8(NodeTestTask.java:141)
	at org.junit.platform.engine.support.hierarchical.Node.around(Node.java:137)
	at org.junit.platform.engine.support.hierarchical.NodeTestTask.lambda$executeRecursively$9(NodeTestTask.java:139)
	at org.junit.platform.engine.support.hierarchical.ThrowableCollector.execute(ThrowableCollector.java:73)
	at org.junit.platform.engine.support.hierarchical.NodeTestTask.executeRecursively(NodeTestTask.java:138)
	at org.junit.platform.engine.support.hierarchical.NodeTestTask.execute(NodeTestTask.java:95)
	at java.base/java.util.ArrayList.forEach(ArrayList.java:1596)
	at org.junit.platform.engine.support.hierarchical.SameThreadHierarchicalTestExecutorService.invokeAll(SameThreadHierarchicalTestExecutorService.java:41)
	at org.junit.platform.engine.support.hierarchical.NodeTestTask.lambda$executeRecursively$6(NodeTestTask.java:155)
	at org.junit.platform.engine.support.hierarchical.ThrowableCollector.execute(ThrowableCollector.java:73)
	at org.junit.platform.engine.support.hierarchical.NodeTestTask.lambda$executeRecursively$8(NodeTestTask.java:141)
	at org.junit.platform.engine.support.hierarchical.Node.around(Node.java:137)
	at org.junit.platform.engine.support.hierarchical.NodeTestTask.lambda$executeRecursively$9(NodeTestTask.java:139)
	at org.junit.platform.engine.support.hierarchical.ThrowableCollector.execute(ThrowableCollector.java:73)
	at org.junit.platform.engine.support.hierarchical.NodeTestTask.executeRecursively(NodeTestTask.java:138)
	at org.junit.platform.engine.support.hierarchical.NodeTestTask.execute(NodeTestTask.java:95)
	at org.junit.platform.engine.support.hierarchical.SameThreadHierarchicalTestExecutorService.submit(SameThreadHierarchicalTestExecutorService.java:35)
	at org.junit.platform.engine.support.hierarchical.HierarchicalTestExecutor.execute(HierarchicalTestExecutor.java:57)
	at org.junit.platform.engine.support.hierarchical.HierarchicalTestEngine.execute(HierarchicalTestEngine.java:54)
	at org.junit.platform.launcher.core.EngineExecutionOrchestrator.execute(EngineExecutionOrchestrator.java:198)
	at org.junit.platform.launcher.core.EngineExecutionOrchestrator.execute(EngineExecutionOrchestrator.java:169)
	at org.junit.platform.launcher.core.EngineExecutionOrchestrator.execute(EngineExecutionOrchestrator.java:93)
	at org.junit.platform.launcher.core.EngineExecutionOrchestrator.lambda$execute$0(EngineExecutionOrchestrator.java:58)
	at org.junit.platform.launcher.core.EngineExecutionOrchestrator.withInterceptedStreams(EngineExecutionOrchestrator.java:141)
	at org.junit.platform.launcher.core.EngineExecutionOrchestrator.execute(EngineExecutionOrchestrator.java:57)
	at org.junit.platform.launcher.core.DefaultLauncher.execute(DefaultLauncher.java:103)
	at org.junit.platform.launcher.core.DefaultLauncher.execute(DefaultLauncher.java:85)
	at org.junit.platform.launcher.core.DelegatingLauncher.execute(DelegatingLauncher.java:47)
	at org.apache.maven.surefire.junitplatform.LazyLauncher.execute(LazyLauncher.java:56)
	at org.apache.maven.surefire.junitplatform.JUnitPlatformProvider.execute(JUnitPlatformProvider.java:184)
	at org.apache.maven.surefire.junitplatform.JUnitPlatformProvider.invokeAllTests(JUnitPlatformProvider.java:148)
	at org.apache.maven.surefire.junitplatform.JUnitPlatformProvider.invoke(JUnitPlatformProvider.java:122)
	at org.apache.maven.surefire.booter.ForkedBooter.runSuitesInProcess(ForkedBooter.java:385)
	at org.apache.maven.surefire.booter.ForkedBooter.execute(ForkedBooter.java:162)
	at org.apache.maven.surefire.booter.ForkedBooter.run(ForkedBooter.java:507)
	at org.apache.maven.surefire.booter.ForkedBooter.main(ForkedBooter.java:495)
10:24:18.300 [main] WARN org.hibernate.engine.jdbc.spi.SqlExceptionHelper - SQL Error: 23503, SQLState: 23503
10:24:18.300 [main] ERROR org.hibernate.engine.jdbc.spi.SqlExceptionHelper - Referential integrity constraint violation: "FK5IRPAISPCX79XWY6N1QOMAXNV: PUBLIC.TASK_COMPONENTS FOREIGN KEY(COMPONENT_ID) REFERENCES PUBLIC.COMPONENTS(ID) (CAST(55 AS BIGINT))"; SQL statement:
delete from components where id=? [23503-224]
10:24:18.300 [main] DEBUG org.hibernate.orm.jdbc.batch - PreparedStatementDetails did not contain PreparedStatement on #releaseStatements : delete from components where id=?
10:24:18.300 [main] DEBUG org.hibernate.orm.jdbc.batch - PreparedStatementDetails did not contain PreparedStatement on #releaseStatements : delete from components where id=?
10:24:18.300 [main] DEBUG org.hibernate.resource.transaction.backend.jdbc.internal.JdbcResourceLocalTransactionCoordinatorImpl - JDBC transaction marked for rollback-only (exception provided for stack trace)
java.lang.Exception: exception just for purpose of providing stack trace
	at org.hibernate.resource.transaction.backend.jdbc.internal.JdbcResourceLocalTransactionCoordinatorImpl$TransactionDriverControlImpl.markRollbackOnly(JdbcResourceLocalTransactionCoordinatorImpl.java:309)
	at org.hibernate.engine.transaction.internal.TransactionImpl.markRollbackOnly(TransactionImpl.java:203)
	at org.hibernate.internal.AbstractSharedSessionContract.markForRollbackOnly(AbstractSharedSessionContract.java:512)
	at org.hibernate.internal.ExceptionConverterImpl.rollbackIfNecessary(ExceptionConverterImpl.java:264)
	at org.hibernate.internal.ExceptionConverterImpl.convert(ExceptionConverterImpl.java:160)
	at org.hibernate.internal.ExceptionConverterImpl.convert(ExceptionConverterImpl.java:167)
	at org.hibernate.internal.ExceptionConverterImpl.convert(ExceptionConverterImpl.java:173)
	at org.hibernate.internal.SessionImpl.doFlush(SessionImpl.java:1429)
	at org.hibernate.internal.SessionImpl.managedFlush(SessionImpl.java:487)
	at org.hibernate.internal.SessionImpl.flushBeforeTransactionCompletion(SessionImpl.java:2324)
	at org.hibernate.internal.SessionImpl.beforeTransactionCompletion(SessionImpl.java:1981)
	at org.hibernate.engine.jdbc.internal.JdbcCoordinatorImpl.beforeTransactionCompletion(JdbcCoordinatorImpl.java:439)
	at org.hibernate.resource.transaction.backend.jdbc.internal.JdbcResourceLocalTransactionCoordinatorImpl.beforeCompletionCallback(JdbcResourceLocalTransactionCoordinatorImpl.java:169)
	at org.hibernate.resource.transaction.backend.jdbc.internal.JdbcResourceLocalTransactionCoordinatorImpl$TransactionDriverControlImpl.commit(JdbcResourceLocalTransactionCoordinatorImpl.java:267)
	at org.hibernate.engine.transaction.internal.TransactionImpl.commit(TransactionImpl.java:101)
	at org.frcpm.repositories.impl.JpaRepositoryImpl.delete(JpaRepositoryImpl.java:165)
	at org.frcpm.repositories.ComponentRepositoryTest.cleanupTestComponents(ComponentRepositoryTest.java:63)
	at org.frcpm.repositories.ComponentRepositoryTest.tearDown(ComponentRepositoryTest.java:35)
	at java.base/jdk.internal.reflect.DirectMethodHandleAccessor.invoke(DirectMethodHandleAccessor.java:103)
	at java.base/java.lang.reflect.Method.invoke(Method.java:580)
	at org.junit.platform.commons.util.ReflectionUtils.invokeMethod(ReflectionUtils.java:728)
	at org.junit.jupiter.engine.execution.MethodInvocation.proceed(MethodInvocation.java:60)
	at org.junit.jupiter.engine.execution.InvocationInterceptorChain$ValidatingInvocation.proceed(InvocationInterceptorChain.java:131)
	at org.junit.jupiter.engine.extension.TimeoutExtension.intercept(TimeoutExtension.java:156)
	at org.junit.jupiter.engine.extension.TimeoutExtension.interceptLifecycleMethod(TimeoutExtension.java:128)
	at org.junit.jupiter.engine.extension.TimeoutExtension.interceptAfterEachMethod(TimeoutExtension.java:110)
	at org.junit.jupiter.engine.execution.InterceptingExecutableInvoker$ReflectiveInterceptorCall.lambda$ofVoidMethod$0(InterceptingExecutableInvoker.java:103)
	at org.junit.jupiter.engine.execution.InterceptingExecutableInvoker.lambda$invoke$0(InterceptingExecutableInvoker.java:93)
	at org.junit.jupiter.engine.execution.InvocationInterceptorChain$InterceptedInvocation.proceed(InvocationInterceptorChain.java:106)
	at org.junit.jupiter.engine.execution.InvocationInterceptorChain.proceed(InvocationInterceptorChain.java:64)
	at org.junit.jupiter.engine.execution.InvocationInterceptorChain.chainAndInvoke(InvocationInterceptorChain.java:45)
	at org.junit.jupiter.engine.execution.InvocationInterceptorChain.invoke(InvocationInterceptorChain.java:37)
	at org.junit.jupiter.engine.execution.InterceptingExecutableInvoker.invoke(InterceptingExecutableInvoker.java:92)
	at org.junit.jupiter.engine.execution.InterceptingExecutableInvoker.invoke(InterceptingExecutableInvoker.java:86)
	at org.junit.jupiter.engine.descriptor.ClassBasedTestDescriptor.invokeMethodInExtensionContext(ClassBasedTestDescriptor.java:521)
	at org.junit.jupiter.engine.descriptor.ClassBasedTestDescriptor.lambda$synthesizeAfterEachMethodAdapter$24(ClassBasedTestDescriptor.java:511)
	at org.junit.jupiter.engine.descriptor.TestMethodTestDescriptor.lambda$invokeAfterEachMethods$10(TestMethodTestDescriptor.java:244)
	at org.junit.jupiter.engine.descriptor.TestMethodTestDescriptor.lambda$invokeAllAfterMethodsOrCallbacks$13(TestMethodTestDescriptor.java:277)
	at org.junit.platform.engine.support.hierarchical.ThrowableCollector.execute(ThrowableCollector.java:73)
	at org.junit.jupiter.engine.descriptor.TestMethodTestDescriptor.lambda$invokeAllAfterMethodsOrCallbacks$14(TestMethodTestDescriptor.java:277)
	at org.junit.platform.commons.util.CollectionUtils.forEachInReverseOrder(CollectionUtils.java:217)
	at org.junit.jupiter.engine.descriptor.TestMethodTestDescriptor.invokeAllAfterMethodsOrCallbacks(TestMethodTestDescriptor.java:276)
	at org.junit.jupiter.engine.descriptor.TestMethodTestDescriptor.invokeAfterEachMethods(TestMethodTestDescriptor.java:242)
	at org.junit.jupiter.engine.descriptor.TestMethodTestDescriptor.execute(TestMethodTestDescriptor.java:143)
	at org.junit.jupiter.engine.descriptor.TestMethodTestDescriptor.execute(TestMethodTestDescriptor.java:69)
	at org.junit.platform.engine.support.hierarchical.NodeTestTask.lambda$executeRecursively$6(NodeTestTask.java:151)
	at org.junit.platform.engine.support.hierarchical.ThrowableCollector.execute(ThrowableCollector.java:73)
	at org.junit.platform.engine.support.hierarchical.NodeTestTask.lambda$executeRecursively$8(NodeTestTask.java:141)
	at org.junit.platform.engine.support.hierarchical.Node.around(Node.java:137)
	at org.junit.platform.engine.support.hierarchical.NodeTestTask.lambda$executeRecursively$9(NodeTestTask.java:139)
	at org.junit.platform.engine.support.hierarchical.ThrowableCollector.execute(ThrowableCollector.java:73)
	at org.junit.platform.engine.support.hierarchical.NodeTestTask.executeRecursively(NodeTestTask.java:138)
	at org.junit.platform.engine.support.hierarchical.NodeTestTask.execute(NodeTestTask.java:95)
	at java.base/java.util.ArrayList.forEach(ArrayList.java:1596)
	at org.junit.platform.engine.support.hierarchical.SameThreadHierarchicalTestExecutorService.invokeAll(SameThreadHierarchicalTestExecutorService.java:41)
	at org.junit.platform.engine.support.hierarchical.NodeTestTask.lambda$executeRecursively$6(NodeTestTask.java:155)
	at org.junit.platform.engine.support.hierarchical.ThrowableCollector.execute(ThrowableCollector.java:73)
	at org.junit.platform.engine.support.hierarchical.NodeTestTask.lambda$executeRecursively$8(NodeTestTask.java:141)
	at org.junit.platform.engine.support.hierarchical.Node.around(Node.java:137)
	at org.junit.platform.engine.support.hierarchical.NodeTestTask.lambda$executeRecursively$9(NodeTestTask.java:139)
	at org.junit.platform.engine.support.hierarchical.ThrowableCollector.execute(ThrowableCollector.java:73)
	at org.junit.platform.engine.support.hierarchical.NodeTestTask.executeRecursively(NodeTestTask.java:138)
	at org.junit.platform.engine.support.hierarchical.NodeTestTask.execute(NodeTestTask.java:95)
	at java.base/java.util.ArrayList.forEach(ArrayList.java:1596)
	at org.junit.platform.engine.support.hierarchical.SameThreadHierarchicalTestExecutorService.invokeAll(SameThreadHierarchicalTestExecutorService.java:41)
	at org.junit.platform.engine.support.hierarchical.NodeTestTask.lambda$executeRecursively$6(NodeTestTask.java:155)
	at org.junit.platform.engine.support.hierarchical.ThrowableCollector.execute(ThrowableCollector.java:73)
	at org.junit.platform.engine.support.hierarchical.NodeTestTask.lambda$executeRecursively$8(NodeTestTask.java:141)
	at org.junit.platform.engine.support.hierarchical.Node.around(Node.java:137)
	at org.junit.platform.engine.support.hierarchical.NodeTestTask.lambda$executeRecursively$9(NodeTestTask.java:139)
	at org.junit.platform.engine.support.hierarchical.ThrowableCollector.execute(ThrowableCollector.java:73)
	at org.junit.platform.engine.support.hierarchical.NodeTestTask.executeRecursively(NodeTestTask.java:138)
	at org.junit.platform.engine.support.hierarchical.NodeTestTask.execute(NodeTestTask.java:95)
	at org.junit.platform.engine.support.hierarchical.SameThreadHierarchicalTestExecutorService.submit(SameThreadHierarchicalTestExecutorService.java:35)
	at org.junit.platform.engine.support.hierarchical.HierarchicalTestExecutor.execute(HierarchicalTestExecutor.java:57)
	at org.junit.platform.engine.support.hierarchical.HierarchicalTestEngine.execute(HierarchicalTestEngine.java:54)
	at org.junit.platform.launcher.core.EngineExecutionOrchestrator.execute(EngineExecutionOrchestrator.java:198)
	at org.junit.platform.launcher.core.EngineExecutionOrchestrator.execute(EngineExecutionOrchestrator.java:169)
	at org.junit.platform.launcher.core.EngineExecutionOrchestrator.execute(EngineExecutionOrchestrator.java:93)
	at org.junit.platform.launcher.core.EngineExecutionOrchestrator.lambda$execute$0(EngineExecutionOrchestrator.java:58)
	at org.junit.platform.launcher.core.EngineExecutionOrchestrator.withInterceptedStreams(EngineExecutionOrchestrator.java:141)
	at org.junit.platform.launcher.core.EngineExecutionOrchestrator.execute(EngineExecutionOrchestrator.java:57)
	at org.junit.platform.launcher.core.DefaultLauncher.execute(DefaultLauncher.java:103)
	at org.junit.platform.launcher.core.DefaultLauncher.execute(DefaultLauncher.java:85)
	at org.junit.platform.launcher.core.DelegatingLauncher.execute(DelegatingLauncher.java:47)
	at org.apache.maven.surefire.junitplatform.LazyLauncher.execute(LazyLauncher.java:56)
	at org.apache.maven.surefire.junitplatform.JUnitPlatformProvider.execute(JUnitPlatformProvider.java:184)
	at org.apache.maven.surefire.junitplatform.JUnitPlatformProvider.invokeAllTests(JUnitPlatformProvider.java:148)
	at org.apache.maven.surefire.junitplatform.JUnitPlatformProvider.invoke(JUnitPlatformProvider.java:122)
	at org.apache.maven.surefire.booter.ForkedBooter.runSuitesInProcess(ForkedBooter.java:385)
	at org.apache.maven.surefire.booter.ForkedBooter.execute(ForkedBooter.java:162)
	at org.apache.maven.surefire.booter.ForkedBooter.run(ForkedBooter.java:507)
	at org.apache.maven.surefire.booter.ForkedBooter.main(ForkedBooter.java:495)
10:24:18.301 [main] DEBUG org.hibernate.resource.transaction.backend.jdbc.internal.JdbcResourceLocalTransactionCoordinatorImpl - JDBC transaction marked for rollback-only (exception provided for stack trace)
java.lang.Exception: exception just for purpose of providing stack trace
	at org.hibernate.resource.transaction.backend.jdbc.internal.JdbcResourceLocalTransactionCoordinatorImpl$TransactionDriverControlImpl.markRollbackOnly(JdbcResourceLocalTransactionCoordinatorImpl.java:309)
	at org.hibernate.resource.transaction.backend.jdbc.internal.JdbcResourceLocalTransactionCoordinatorImpl.beforeCompletionCallback(JdbcResourceLocalTransactionCoordinatorImpl.java:178)
	at org.hibernate.resource.transaction.backend.jdbc.internal.JdbcResourceLocalTransactionCoordinatorImpl$TransactionDriverControlImpl.commit(JdbcResourceLocalTransactionCoordinatorImpl.java:267)
	at org.hibernate.engine.transaction.internal.TransactionImpl.commit(TransactionImpl.java:101)
	at org.frcpm.repositories.impl.JpaRepositoryImpl.delete(JpaRepositoryImpl.java:165)
	at org.frcpm.repositories.ComponentRepositoryTest.cleanupTestComponents(ComponentRepositoryTest.java:63)
	at org.frcpm.repositories.ComponentRepositoryTest.tearDown(ComponentRepositoryTest.java:35)
	at java.base/jdk.internal.reflect.DirectMethodHandleAccessor.invoke(DirectMethodHandleAccessor.java:103)
	at java.base/java.lang.reflect.Method.invoke(Method.java:580)
	at org.junit.platform.commons.util.ReflectionUtils.invokeMethod(ReflectionUtils.java:728)
	at org.junit.jupiter.engine.execution.MethodInvocation.proceed(MethodInvocation.java:60)
	at org.junit.jupiter.engine.execution.InvocationInterceptorChain$ValidatingInvocation.proceed(InvocationInterceptorChain.java:131)
	at org.junit.jupiter.engine.extension.TimeoutExtension.intercept(TimeoutExtension.java:156)
	at org.junit.jupiter.engine.extension.TimeoutExtension.interceptLifecycleMethod(TimeoutExtension.java:128)
	at org.junit.jupiter.engine.extension.TimeoutExtension.interceptAfterEachMethod(TimeoutExtension.java:110)
	at org.junit.jupiter.engine.execution.InterceptingExecutableInvoker$ReflectiveInterceptorCall.lambda$ofVoidMethod$0(InterceptingExecutableInvoker.java:103)
	at org.junit.jupiter.engine.execution.InterceptingExecutableInvoker.lambda$invoke$0(InterceptingExecutableInvoker.java:93)
	at org.junit.jupiter.engine.execution.InvocationInterceptorChain$InterceptedInvocation.proceed(InvocationInterceptorChain.java:106)
	at org.junit.jupiter.engine.execution.InvocationInterceptorChain.proceed(InvocationInterceptorChain.java:64)
	at org.junit.jupiter.engine.execution.InvocationInterceptorChain.chainAndInvoke(InvocationInterceptorChain.java:45)
	at org.junit.jupiter.engine.execution.InvocationInterceptorChain.invoke(InvocationInterceptorChain.java:37)
	at org.junit.jupiter.engine.execution.InterceptingExecutableInvoker.invoke(InterceptingExecutableInvoker.java:92)
	at org.junit.jupiter.engine.execution.InterceptingExecutableInvoker.invoke(InterceptingExecutableInvoker.java:86)
	at org.junit.jupiter.engine.descriptor.ClassBasedTestDescriptor.invokeMethodInExtensionContext(ClassBasedTestDescriptor.java:521)
	at org.junit.jupiter.engine.descriptor.ClassBasedTestDescriptor.lambda$synthesizeAfterEachMethodAdapter$24(ClassBasedTestDescriptor.java:511)
	at org.junit.jupiter.engine.descriptor.TestMethodTestDescriptor.lambda$invokeAfterEachMethods$10(TestMethodTestDescriptor.java:244)
	at org.junit.jupiter.engine.descriptor.TestMethodTestDescriptor.lambda$invokeAllAfterMethodsOrCallbacks$13(TestMethodTestDescriptor.java:277)
	at org.junit.platform.engine.support.hierarchical.ThrowableCollector.execute(ThrowableCollector.java:73)
	at org.junit.jupiter.engine.descriptor.TestMethodTestDescriptor.lambda$invokeAllAfterMethodsOrCallbacks$14(TestMethodTestDescriptor.java:277)
	at org.junit.platform.commons.util.CollectionUtils.forEachInReverseOrder(CollectionUtils.java:217)
	at org.junit.jupiter.engine.descriptor.TestMethodTestDescriptor.invokeAllAfterMethodsOrCallbacks(TestMethodTestDescriptor.java:276)
	at org.junit.jupiter.engine.descriptor.TestMethodTestDescriptor.invokeAfterEachMethods(TestMethodTestDescriptor.java:242)
	at org.junit.jupiter.engine.descriptor.TestMethodTestDescriptor.execute(TestMethodTestDescriptor.java:143)
	at org.junit.jupiter.engine.descriptor.TestMethodTestDescriptor.execute(TestMethodTestDescriptor.java:69)
	at org.junit.platform.engine.support.hierarchical.NodeTestTask.lambda$executeRecursively$6(NodeTestTask.java:151)
	at org.junit.platform.engine.support.hierarchical.ThrowableCollector.execute(ThrowableCollector.java:73)
	at org.junit.platform.engine.support.hierarchical.NodeTestTask.lambda$executeRecursively$8(NodeTestTask.java:141)
	at org.junit.platform.engine.support.hierarchical.Node.around(Node.java:137)
	at org.junit.platform.engine.support.hierarchical.NodeTestTask.lambda$executeRecursively$9(NodeTestTask.java:139)
	at org.junit.platform.engine.support.hierarchical.ThrowableCollector.execute(ThrowableCollector.java:73)
	at org.junit.platform.engine.support.hierarchical.NodeTestTask.executeRecursively(NodeTestTask.java:138)
	at org.junit.platform.engine.support.hierarchical.NodeTestTask.execute(NodeTestTask.java:95)
	at java.base/java.util.ArrayList.forEach(ArrayList.java:1596)
	at org.junit.platform.engine.support.hierarchical.SameThreadHierarchicalTestExecutorService.invokeAll(SameThreadHierarchicalTestExecutorService.java:41)
	at org.junit.platform.engine.support.hierarchical.NodeTestTask.lambda$executeRecursively$6(NodeTestTask.java:155)
	at org.junit.platform.engine.support.hierarchical.ThrowableCollector.execute(ThrowableCollector.java:73)
	at org.junit.platform.engine.support.hierarchical.NodeTestTask.lambda$executeRecursively$8(NodeTestTask.java:141)
	at org.junit.platform.engine.support.hierarchical.Node.around(Node.java:137)
	at org.junit.platform.engine.support.hierarchical.NodeTestTask.lambda$executeRecursively$9(NodeTestTask.java:139)
	at org.junit.platform.engine.support.hierarchical.ThrowableCollector.execute(ThrowableCollector.java:73)
	at org.junit.platform.engine.support.hierarchical.NodeTestTask.executeRecursively(NodeTestTask.java:138)
	at org.junit.platform.engine.support.hierarchical.NodeTestTask.execute(NodeTestTask.java:95)
	at java.base/java.util.ArrayList.forEach(ArrayList.java:1596)
	at org.junit.platform.engine.support.hierarchical.SameThreadHierarchicalTestExecutorService.invokeAll(SameThreadHierarchicalTestExecutorService.java:41)
	at org.junit.platform.engine.support.hierarchical.NodeTestTask.lambda$executeRecursively$6(NodeTestTask.java:155)
	at org.junit.platform.engine.support.hierarchical.ThrowableCollector.execute(ThrowableCollector.java:73)
	at org.junit.platform.engine.support.hierarchical.NodeTestTask.lambda$executeRecursively$8(NodeTestTask.java:141)
	at org.junit.platform.engine.support.hierarchical.Node.around(Node.java:137)
	at org.junit.platform.engine.support.hierarchical.NodeTestTask.lambda$executeRecursively$9(NodeTestTask.java:139)
	at org.junit.platform.engine.support.hierarchical.ThrowableCollector.execute(ThrowableCollector.java:73)
	at org.junit.platform.engine.support.hierarchical.NodeTestTask.executeRecursively(NodeTestTask.java:138)
	at org.junit.platform.engine.support.hierarchical.NodeTestTask.execute(NodeTestTask.java:95)
	at org.junit.platform.engine.support.hierarchical.SameThreadHierarchicalTestExecutorService.submit(SameThreadHierarchicalTestExecutorService.java:35)
	at org.junit.platform.engine.support.hierarchical.HierarchicalTestExecutor.execute(HierarchicalTestExecutor.java:57)
	at org.junit.platform.engine.support.hierarchical.HierarchicalTestEngine.execute(HierarchicalTestEngine.java:54)
	at org.junit.platform.launcher.core.EngineExecutionOrchestrator.execute(EngineExecutionOrchestrator.java:198)
	at org.junit.platform.launcher.core.EngineExecutionOrchestrator.execute(EngineExecutionOrchestrator.java:169)
	at org.junit.platform.launcher.core.EngineExecutionOrchestrator.execute(EngineExecutionOrchestrator.java:93)
	at org.junit.platform.launcher.core.EngineExecutionOrchestrator.lambda$execute$0(EngineExecutionOrchestrator.java:58)
	at org.junit.platform.launcher.core.EngineExecutionOrchestrator.withInterceptedStreams(EngineExecutionOrchestrator.java:141)
	at org.junit.platform.launcher.core.EngineExecutionOrchestrator.execute(EngineExecutionOrchestrator.java:57)
	at org.junit.platform.launcher.core.DefaultLauncher.execute(DefaultLauncher.java:103)
	at org.junit.platform.launcher.core.DefaultLauncher.execute(DefaultLauncher.java:85)
	at org.junit.platform.launcher.core.DelegatingLauncher.execute(DelegatingLauncher.java:47)
	at org.apache.maven.surefire.junitplatform.LazyLauncher.execute(LazyLauncher.java:56)
	at org.apache.maven.surefire.junitplatform.JUnitPlatformProvider.execute(JUnitPlatformProvider.java:184)
	at org.apache.maven.surefire.junitplatform.JUnitPlatformProvider.invokeAllTests(JUnitPlatformProvider.java:148)
	at org.apache.maven.surefire.junitplatform.JUnitPlatformProvider.invoke(JUnitPlatformProvider.java:122)
	at org.apache.maven.surefire.booter.ForkedBooter.runSuitesInProcess(ForkedBooter.java:385)
	at org.apache.maven.surefire.booter.ForkedBooter.execute(ForkedBooter.java:162)
	at org.apache.maven.surefire.booter.ForkedBooter.run(ForkedBooter.java:507)
	at org.apache.maven.surefire.booter.ForkedBooter.main(ForkedBooter.java:495)
10:24:18.302 [main] DEBUG org.hibernate.orm.jdbc.batch - PreparedStatementDetails did not contain PreparedStatement on #releaseStatements : delete from components where id=?
10:24:18.302 [main] DEBUG org.hibernate.resource.jdbc.internal.LogicalConnectionManagedImpl - Initiating JDBC connection release from afterTransaction
10:24:18.302 [main] DEBUG org.hibernate.orm.jdbc.batch - PreparedStatementDetails did not contain PreparedStatement on #releaseStatements : delete from components where id=?
10:24:18.302 [main] DEBUG org.hibernate.orm.jdbc.batch - PreparedStatementDetails did not contain PreparedStatement on #releaseStatements : delete from components where id=?
10:24:18.302 [main] DEBUG org.hibernate.resource.jdbc.internal.LogicalConnectionManagedImpl - Initiating JDBC connection release from afterTransaction
10:24:18.302 [main] DEBUG org.hibernate.engine.transaction.internal.TransactionImpl - rollback() called on an inactive transaction
10:24:18.304 [main] DEBUG org.hibernate.engine.jdbc.internal.JdbcCoordinatorImpl - HHH000420: Closing un-released batch
10:24:18.304 [main] DEBUG org.hibernate.orm.jdbc.batch - PreparedStatementDetails did not contain PreparedStatement on #releaseStatements : delete from components where id=?
10:24:18.304 [main] DEBUG org.hibernate.orm.jdbc.batch - PreparedStatementDetails did not contain PreparedStatement on #releaseStatements : delete from components where id=?
]]></system-out>
    <system-err><![CDATA[Apr 25, 2025 10:24:18 AM org.frcpm.repositories.impl.JpaRepositoryImpl delete
SEVERE: Error deleting entity
jakarta.persistence.RollbackException: Error while committing the transaction
	at org.hibernate.internal.ExceptionConverterImpl.convertCommitException(ExceptionConverterImpl.java:67)
	at org.hibernate.engine.transaction.internal.TransactionImpl.commit(TransactionImpl.java:104)
	at org.frcpm.repositories.impl.JpaRepositoryImpl.delete(JpaRepositoryImpl.java:165)
	at org.frcpm.repositories.ComponentRepositoryTest.cleanupTestComponents(ComponentRepositoryTest.java:63)
	at org.frcpm.repositories.ComponentRepositoryTest.tearDown(ComponentRepositoryTest.java:35)
	at java.base/jdk.internal.reflect.DirectMethodHandleAccessor.invoke(DirectMethodHandleAccessor.java:103)
	at java.base/java.lang.reflect.Method.invoke(Method.java:580)
	at org.junit.platform.commons.util.ReflectionUtils.invokeMethod(ReflectionUtils.java:728)
	at org.junit.jupiter.engine.execution.MethodInvocation.proceed(MethodInvocation.java:60)
	at org.junit.jupiter.engine.execution.InvocationInterceptorChain$ValidatingInvocation.proceed(InvocationInterceptorChain.java:131)
	at org.junit.jupiter.engine.extension.TimeoutExtension.intercept(TimeoutExtension.java:156)
	at org.junit.jupiter.engine.extension.TimeoutExtension.interceptLifecycleMethod(TimeoutExtension.java:128)
	at org.junit.jupiter.engine.extension.TimeoutExtension.interceptAfterEachMethod(TimeoutExtension.java:110)
	at org.junit.jupiter.engine.execution.InterceptingExecutableInvoker$ReflectiveInterceptorCall.lambda$ofVoidMethod$0(InterceptingExecutableInvoker.java:103)
	at org.junit.jupiter.engine.execution.InterceptingExecutableInvoker.lambda$invoke$0(InterceptingExecutableInvoker.java:93)
	at org.junit.jupiter.engine.execution.InvocationInterceptorChain$InterceptedInvocation.proceed(InvocationInterceptorChain.java:106)
	at org.junit.jupiter.engine.execution.InvocationInterceptorChain.proceed(InvocationInterceptorChain.java:64)
	at org.junit.jupiter.engine.execution.InvocationInterceptorChain.chainAndInvoke(InvocationInterceptorChain.java:45)
	at org.junit.jupiter.engine.execution.InvocationInterceptorChain.invoke(InvocationInterceptorChain.java:37)
	at org.junit.jupiter.engine.execution.InterceptingExecutableInvoker.invoke(InterceptingExecutableInvoker.java:92)
	at org.junit.jupiter.engine.execution.InterceptingExecutableInvoker.invoke(InterceptingExecutableInvoker.java:86)
	at org.junit.jupiter.engine.descriptor.ClassBasedTestDescriptor.invokeMethodInExtensionContext(ClassBasedTestDescriptor.java:521)
	at org.junit.jupiter.engine.descriptor.ClassBasedTestDescriptor.lambda$synthesizeAfterEachMethodAdapter$24(ClassBasedTestDescriptor.java:511)
	at org.junit.jupiter.engine.descriptor.TestMethodTestDescriptor.lambda$invokeAfterEachMethods$10(TestMethodTestDescriptor.java:244)
	at org.junit.jupiter.engine.descriptor.TestMethodTestDescriptor.lambda$invokeAllAfterMethodsOrCallbacks$13(TestMethodTestDescriptor.java:277)
	at org.junit.platform.engine.support.hierarchical.ThrowableCollector.execute(ThrowableCollector.java:73)
	at org.junit.jupiter.engine.descriptor.TestMethodTestDescriptor.lambda$invokeAllAfterMethodsOrCallbacks$14(TestMethodTestDescriptor.java:277)
	at org.junit.platform.commons.util.CollectionUtils.forEachInReverseOrder(CollectionUtils.java:217)
	at org.junit.jupiter.engine.descriptor.TestMethodTestDescriptor.invokeAllAfterMethodsOrCallbacks(TestMethodTestDescriptor.java:276)
	at org.junit.jupiter.engine.descriptor.TestMethodTestDescriptor.invokeAfterEachMethods(TestMethodTestDescriptor.java:242)
	at org.junit.jupiter.engine.descriptor.TestMethodTestDescriptor.execute(TestMethodTestDescriptor.java:143)
	at org.junit.jupiter.engine.descriptor.TestMethodTestDescriptor.execute(TestMethodTestDescriptor.java:69)
	at org.junit.platform.engine.support.hierarchical.NodeTestTask.lambda$executeRecursively$6(NodeTestTask.java:151)
	at org.junit.platform.engine.support.hierarchical.ThrowableCollector.execute(ThrowableCollector.java:73)
	at org.junit.platform.engine.support.hierarchical.NodeTestTask.lambda$executeRecursively$8(NodeTestTask.java:141)
	at org.junit.platform.engine.support.hierarchical.Node.around(Node.java:137)
	at org.junit.platform.engine.support.hierarchical.NodeTestTask.lambda$executeRecursively$9(NodeTestTask.java:139)
	at org.junit.platform.engine.support.hierarchical.ThrowableCollector.execute(ThrowableCollector.java:73)
	at org.junit.platform.engine.support.hierarchical.NodeTestTask.executeRecursively(NodeTestTask.java:138)
	at org.junit.platform.engine.support.hierarchical.NodeTestTask.execute(NodeTestTask.java:95)
	at java.base/java.util.ArrayList.forEach(ArrayList.java:1596)
	at org.junit.platform.engine.support.hierarchical.SameThreadHierarchicalTestExecutorService.invokeAll(SameThreadHierarchicalTestExecutorService.java:41)
	at org.junit.platform.engine.support.hierarchical.NodeTestTask.lambda$executeRecursively$6(NodeTestTask.java:155)
	at org.junit.platform.engine.support.hierarchical.ThrowableCollector.execute(ThrowableCollector.java:73)
	at org.junit.platform.engine.support.hierarchical.NodeTestTask.lambda$executeRecursively$8(NodeTestTask.java:141)
	at org.junit.platform.engine.support.hierarchical.Node.around(Node.java:137)
	at org.junit.platform.engine.support.hierarchical.NodeTestTask.lambda$executeRecursively$9(NodeTestTask.java:139)
	at org.junit.platform.engine.support.hierarchical.ThrowableCollector.execute(ThrowableCollector.java:73)
	at org.junit.platform.engine.support.hierarchical.NodeTestTask.executeRecursively(NodeTestTask.java:138)
	at org.junit.platform.engine.support.hierarchical.NodeTestTask.execute(NodeTestTask.java:95)
	at java.base/java.util.ArrayList.forEach(ArrayList.java:1596)
	at org.junit.platform.engine.support.hierarchical.SameThreadHierarchicalTestExecutorService.invokeAll(SameThreadHierarchicalTestExecutorService.java:41)
	at org.junit.platform.engine.support.hierarchical.NodeTestTask.lambda$executeRecursively$6(NodeTestTask.java:155)
	at org.junit.platform.engine.support.hierarchical.ThrowableCollector.execute(ThrowableCollector.java:73)
	at org.junit.platform.engine.support.hierarchical.NodeTestTask.lambda$executeRecursively$8(NodeTestTask.java:141)
	at org.junit.platform.engine.support.hierarchical.Node.around(Node.java:137)
	at org.junit.platform.engine.support.hierarchical.NodeTestTask.lambda$executeRecursively$9(NodeTestTask.java:139)
	at org.junit.platform.engine.support.hierarchical.ThrowableCollector.execute(ThrowableCollector.java:73)
	at org.junit.platform.engine.support.hierarchical.NodeTestTask.executeRecursively(NodeTestTask.java:138)
	at org.junit.platform.engine.support.hierarchical.NodeTestTask.execute(NodeTestTask.java:95)
	at org.junit.platform.engine.support.hierarchical.SameThreadHierarchicalTestExecutorService.submit(SameThreadHierarchicalTestExecutorService.java:35)
	at org.junit.platform.engine.support.hierarchical.HierarchicalTestExecutor.execute(HierarchicalTestExecutor.java:57)
	at org.junit.platform.engine.support.hierarchical.HierarchicalTestEngine.execute(HierarchicalTestEngine.java:54)
	at org.junit.platform.launcher.core.EngineExecutionOrchestrator.execute(EngineExecutionOrchestrator.java:198)
	at org.junit.platform.launcher.core.EngineExecutionOrchestrator.execute(EngineExecutionOrchestrator.java:169)
	at org.junit.platform.launcher.core.EngineExecutionOrchestrator.execute(EngineExecutionOrchestrator.java:93)
	at org.junit.platform.launcher.core.EngineExecutionOrchestrator.lambda$execute$0(EngineExecutionOrchestrator.java:58)
	at org.junit.platform.launcher.core.EngineExecutionOrchestrator.withInterceptedStreams(EngineExecutionOrchestrator.java:141)
	at org.junit.platform.launcher.core.EngineExecutionOrchestrator.execute(EngineExecutionOrchestrator.java:57)
	at org.junit.platform.launcher.core.DefaultLauncher.execute(DefaultLauncher.java:103)
	at org.junit.platform.launcher.core.DefaultLauncher.execute(DefaultLauncher.java:85)
	at org.junit.platform.launcher.core.DelegatingLauncher.execute(DelegatingLauncher.java:47)
	at org.apache.maven.surefire.junitplatform.LazyLauncher.execute(LazyLauncher.java:56)
	at org.apache.maven.surefire.junitplatform.JUnitPlatformProvider.execute(JUnitPlatformProvider.java:184)
	at org.apache.maven.surefire.junitplatform.JUnitPlatformProvider.invokeAllTests(JUnitPlatformProvider.java:148)
	at org.apache.maven.surefire.junitplatform.JUnitPlatformProvider.invoke(JUnitPlatformProvider.java:122)
	at org.apache.maven.surefire.booter.ForkedBooter.runSuitesInProcess(ForkedBooter.java:385)
	at org.apache.maven.surefire.booter.ForkedBooter.execute(ForkedBooter.java:162)
	at org.apache.maven.surefire.booter.ForkedBooter.run(ForkedBooter.java:507)
	at org.apache.maven.surefire.booter.ForkedBooter.main(ForkedBooter.java:495)
Caused by: org.hibernate.exception.ConstraintViolationException: could not execute batch [Referential integrity constraint violation: "FK5IRPAISPCX79XWY6N1QOMAXNV: PUBLIC.TASK_COMPONENTS FOREIGN KEY(COMPONENT_ID) REFERENCES PUBLIC.COMPONENTS(ID) (CAST(55 AS BIGINT))"; SQL statement:
delete from components where id=? [23503-224]] [delete from components where id=?]
	at org.hibernate.exception.internal.SQLStateConversionDelegate.convert(SQLStateConversionDelegate.java:97)
	at org.hibernate.exception.internal.StandardSQLExceptionConverter.convert(StandardSQLExceptionConverter.java:58)
	at org.hibernate.engine.jdbc.spi.SqlExceptionHelper.convert(SqlExceptionHelper.java:108)
	at org.hibernate.engine.jdbc.batch.internal.BatchImpl.lambda$performExecution$2(BatchImpl.java:294)
	at org.hibernate.engine.jdbc.mutation.internal.PreparedStatementGroupSingleTable.forEachStatement(PreparedStatementGroupSingleTable.java:67)
	at org.hibernate.engine.jdbc.batch.internal.BatchImpl.performExecution(BatchImpl.java:264)
	at org.hibernate.engine.jdbc.batch.internal.BatchImpl.execute(BatchImpl.java:242)
	at org.hibernate.engine.jdbc.internal.JdbcCoordinatorImpl.executeBatch(JdbcCoordinatorImpl.java:188)
	at org.hibernate.engine.spi.ActionQueue.executeActions(ActionQueue.java:662)
	at org.hibernate.engine.spi.ActionQueue.executeActions(ActionQueue.java:499)
	at org.hibernate.event.internal.AbstractFlushingEventListener.performExecutions(AbstractFlushingEventListener.java:371)
	at org.hibernate.event.internal.DefaultFlushEventListener.onFlush(DefaultFlushEventListener.java:41)
	at org.hibernate.event.service.internal.EventListenerGroupImpl.fireEventOnEachListener(EventListenerGroupImpl.java:127)
	at org.hibernate.internal.SessionImpl.doFlush(SessionImpl.java:1425)
	at org.hibernate.internal.SessionImpl.managedFlush(SessionImpl.java:487)
	at org.hibernate.internal.SessionImpl.flushBeforeTransactionCompletion(SessionImpl.java:2324)
	at org.hibernate.internal.SessionImpl.beforeTransactionCompletion(SessionImpl.java:1981)
	at org.hibernate.engine.jdbc.internal.JdbcCoordinatorImpl.beforeTransactionCompletion(JdbcCoordinatorImpl.java:439)
	at org.hibernate.resource.transaction.backend.jdbc.internal.JdbcResourceLocalTransactionCoordinatorImpl.beforeCompletionCallback(JdbcResourceLocalTransactionCoordinatorImpl.java:169)
	at org.hibernate.resource.transaction.backend.jdbc.internal.JdbcResourceLocalTransactionCoordinatorImpl$TransactionDriverControlImpl.commit(JdbcResourceLocalTransactionCoordinatorImpl.java:267)
	at org.hibernate.engine.transaction.internal.TransactionImpl.commit(TransactionImpl.java:101)
	... 78 more
Caused by: org.h2.jdbc.JdbcBatchUpdateException: Referential integrity constraint violation: "FK5IRPAISPCX79XWY6N1QOMAXNV: PUBLIC.TASK_COMPONENTS FOREIGN KEY(COMPONENT_ID) REFERENCES PUBLIC.COMPONENTS(ID) (CAST(55 AS BIGINT))"; SQL statement:
delete from components where id=? [23503-224]
	at org.h2.jdbc.JdbcPreparedStatement.executeBatch(JdbcPreparedStatement.java:1282)
	at com.zaxxer.hikari.pool.ProxyStatement.executeBatch(ProxyStatement.java:127)
	at com.zaxxer.hikari.pool.HikariProxyPreparedStatement.executeBatch(HikariProxyPreparedStatement.java)
	at org.hibernate.engine.jdbc.batch.internal.BatchImpl.lambda$performExecution$2(BatchImpl.java:279)
	... 95 more

]]></system-err>
  </testcase>
  <testcase name="testFindByExpectedDeliveryAfter" classname="org.frcpm.repositories.ComponentRepositoryTest" time="0.06">
    <error message="Failed to delete entity" type="java.lang.RuntimeException"><![CDATA[java.lang.RuntimeException: Failed to delete entity
	at org.frcpm.repositories.impl.JpaRepositoryImpl.delete(JpaRepositoryImpl.java:171)
	at org.frcpm.repositories.ComponentRepositoryTest.cleanupTestComponents(ComponentRepositoryTest.java:63)
	at org.frcpm.repositories.ComponentRepositoryTest.tearDown(ComponentRepositoryTest.java:35)
	at java.base/java.lang.reflect.Method.invoke(Method.java:580)
	at java.base/java.util.ArrayList.forEach(ArrayList.java:1596)
	at java.base/java.util.ArrayList.forEach(ArrayList.java:1596)
Caused by: jakarta.persistence.RollbackException: Error while committing the transaction
	at org.hibernate.internal.ExceptionConverterImpl.convertCommitException(ExceptionConverterImpl.java:67)
	at org.hibernate.engine.transaction.internal.TransactionImpl.commit(TransactionImpl.java:104)
	at org.frcpm.repositories.impl.JpaRepositoryImpl.delete(JpaRepositoryImpl.java:165)
	... 5 more
Caused by: org.hibernate.exception.ConstraintViolationException: could not execute batch [Referential integrity constraint violation: "FK5IRPAISPCX79XWY6N1QOMAXNV: PUBLIC.TASK_COMPONENTS FOREIGN KEY(COMPONENT_ID) REFERENCES PUBLIC.COMPONENTS(ID) (CAST(55 AS BIGINT))"; SQL statement:
delete from components where id=? [23503-224]] [delete from components where id=?]
	at org.hibernate.exception.internal.SQLStateConversionDelegate.convert(SQLStateConversionDelegate.java:97)
	at org.hibernate.exception.internal.StandardSQLExceptionConverter.convert(StandardSQLExceptionConverter.java:58)
	at org.hibernate.engine.jdbc.spi.SqlExceptionHelper.convert(SqlExceptionHelper.java:108)
	at org.hibernate.engine.jdbc.batch.internal.BatchImpl.lambda$performExecution$2(BatchImpl.java:294)
	at org.hibernate.engine.jdbc.mutation.internal.PreparedStatementGroupSingleTable.forEachStatement(PreparedStatementGroupSingleTable.java:67)
	at org.hibernate.engine.jdbc.batch.internal.BatchImpl.performExecution(BatchImpl.java:264)
	at org.hibernate.engine.jdbc.batch.internal.BatchImpl.execute(BatchImpl.java:242)
	at org.hibernate.engine.jdbc.internal.JdbcCoordinatorImpl.executeBatch(JdbcCoordinatorImpl.java:188)
	at org.hibernate.engine.spi.ActionQueue.executeActions(ActionQueue.java:662)
	at org.hibernate.engine.spi.ActionQueue.executeActions(ActionQueue.java:499)
	at org.hibernate.event.internal.AbstractFlushingEventListener.performExecutions(AbstractFlushingEventListener.java:371)
	at org.hibernate.event.internal.DefaultFlushEventListener.onFlush(DefaultFlushEventListener.java:41)
	at org.hibernate.event.service.internal.EventListenerGroupImpl.fireEventOnEachListener(EventListenerGroupImpl.java:127)
	at org.hibernate.internal.SessionImpl.doFlush(SessionImpl.java:1425)
	at org.hibernate.internal.SessionImpl.managedFlush(SessionImpl.java:487)
	at org.hibernate.internal.SessionImpl.flushBeforeTransactionCompletion(SessionImpl.java:2324)
	at org.hibernate.internal.SessionImpl.beforeTransactionCompletion(SessionImpl.java:1981)
	at org.hibernate.engine.jdbc.internal.JdbcCoordinatorImpl.beforeTransactionCompletion(JdbcCoordinatorImpl.java:439)
	at org.hibernate.resource.transaction.backend.jdbc.internal.JdbcResourceLocalTransactionCoordinatorImpl.beforeCompletionCallback(JdbcResourceLocalTransactionCoordinatorImpl.java:169)
	at org.hibernate.resource.transaction.backend.jdbc.internal.JdbcResourceLocalTransactionCoordinatorImpl$TransactionDriverControlImpl.commit(JdbcResourceLocalTransactionCoordinatorImpl.java:267)
	at org.hibernate.engine.transaction.internal.TransactionImpl.commit(TransactionImpl.java:101)
	... 6 more
Caused by: org.h2.jdbc.JdbcBatchUpdateException: Referential integrity constraint violation: "FK5IRPAISPCX79XWY6N1QOMAXNV: PUBLIC.TASK_COMPONENTS FOREIGN KEY(COMPONENT_ID) REFERENCES PUBLIC.COMPONENTS(ID) (CAST(55 AS BIGINT))"; SQL statement:
delete from components where id=? [23503-224]
	at org.h2.jdbc.JdbcPreparedStatement.executeBatch(JdbcPreparedStatement.java:1282)
	at com.zaxxer.hikari.pool.ProxyStatement.executeBatch(ProxyStatement.java:127)
	at com.zaxxer.hikari.pool.HikariProxyPreparedStatement.executeBatch(HikariProxyPreparedStatement.java)
	at org.hibernate.engine.jdbc.batch.internal.BatchImpl.lambda$performExecution$2(BatchImpl.java:279)
	... 23 more
]]></error>
    <system-out><![CDATA[10:24:18.306 [main] DEBUG org.hibernate.engine.transaction.internal.TransactionImpl - On TransactionImpl creation, JpaCompliance#isJpaTransactionComplianceEnabled == false
10:24:18.306 [main] DEBUG org.hibernate.engine.transaction.internal.TransactionImpl - begin
10:24:18.307 [main] DEBUG org.hibernate.engine.spi.ActionQueue - Executing identity-insert immediately
10:24:18.307 [main] DEBUG org.hibernate.SQL - insert into components (actual_delivery,is_delivered,description,expected_delivery,name,part_number,id) values (?,?,?,?,?,?,default)
10:24:18.308 [main] DEBUG org.hibernate.orm.results - Initializer list is empty
10:24:18.308 [main] DEBUG org.hibernate.orm.results.loading - Calling top-level assembler (0 / 1) : org.hibernate.sql.results.graph.basic.BasicResultAssembler@6c7f138e
10:24:18.308 [main] DEBUG org.hibernate.orm.results - Extracted JDBC value [0] - [92]
10:24:18.308 [main] DEBUG org.hibernate.id.IdentifierGeneratorHelper - Extracted generated values [org.frcpm.models.Component]: [Ljava.lang.Object;@7c67d36f
10:24:18.308 [main] DEBUG org.hibernate.event.internal.AbstractFlushingEventListener - Processing flush-time cascades
10:24:18.308 [main] DEBUG org.hibernate.event.internal.AbstractFlushingEventListener - Dirty checking collections
10:24:18.309 [main] DEBUG org.hibernate.engine.internal.Collections - Collection found: [org.frcpm.models.Component.requiredForTasks#92], was: [<unreferenced>] (initialized)
10:24:18.309 [main] DEBUG org.hibernate.event.internal.AbstractFlushingEventListener - Flushed: 0 insertions, 0 updates, 0 deletions to 1 objects
10:24:18.309 [main] DEBUG org.hibernate.event.internal.AbstractFlushingEventListener - Flushed: 1 (re)creations, 0 updates, 0 removals to 1 collections
10:24:18.309 [main] DEBUG org.hibernate.internal.util.EntityPrinter - Listing entities:
10:24:18.309 [main] DEBUG org.hibernate.internal.util.EntityPrinter - org.frcpm.models.Component{expectedDelivery=2025-04-30, requiredForTasks=[], name=Test Component 1, actualDelivery=null, description=First test component description, delivered=false, partNumber=TC-001, id=92}
10:24:18.309 [main] DEBUG org.hibernate.engine.transaction.internal.TransactionImpl - committing
10:24:18.309 [main] DEBUG org.hibernate.event.internal.AbstractFlushingEventListener - Processing flush-time cascades
10:24:18.309 [main] DEBUG org.hibernate.event.internal.AbstractFlushingEventListener - Dirty checking collections
10:24:18.310 [main] DEBUG org.hibernate.engine.internal.Collections - Collection found: [org.frcpm.models.Component.requiredForTasks#92], was: [org.frcpm.models.Component.requiredForTasks#92] (initialized)
10:24:18.310 [main] DEBUG org.hibernate.event.internal.AbstractFlushingEventListener - Flushed: 0 insertions, 0 updates, 0 deletions to 1 objects
10:24:18.310 [main] DEBUG org.hibernate.event.internal.AbstractFlushingEventListener - Flushed: 0 (re)creations, 0 updates, 0 removals to 1 collections
10:24:18.310 [main] DEBUG org.hibernate.internal.util.EntityPrinter - Listing entities:
10:24:18.310 [main] DEBUG org.hibernate.internal.util.EntityPrinter - org.frcpm.models.Component{expectedDelivery=2025-04-30, requiredForTasks=[], name=Test Component 1, actualDelivery=null, description=First test component description, delivered=false, partNumber=TC-001, id=92}
10:24:18.311 [main] DEBUG org.hibernate.resource.jdbc.internal.LogicalConnectionManagedImpl - Initiating JDBC connection release from afterTransaction
10:24:18.311 [main] DEBUG org.hibernate.resource.jdbc.internal.LogicalConnectionManagedImpl - Initiating JDBC connection release from afterTransaction
10:24:18.311 [main] DEBUG org.hibernate.engine.transaction.internal.TransactionImpl - On TransactionImpl creation, JpaCompliance#isJpaTransactionComplianceEnabled == false
10:24:18.311 [main] DEBUG org.hibernate.engine.transaction.internal.TransactionImpl - begin
10:24:18.312 [main] DEBUG org.hibernate.engine.spi.ActionQueue - Executing identity-insert immediately
10:24:18.312 [main] DEBUG org.hibernate.SQL - insert into components (actual_delivery,is_delivered,description,expected_delivery,name,part_number,id) values (?,?,?,?,?,?,default)
10:24:18.314 [main] DEBUG org.hibernate.orm.results - Initializer list is empty
10:24:18.314 [main] DEBUG org.hibernate.orm.results.loading - Calling top-level assembler (0 / 1) : org.hibernate.sql.results.graph.basic.BasicResultAssembler@276fa0e5
10:24:18.314 [main] DEBUG org.hibernate.orm.results - Extracted JDBC value [0] - [93]
10:24:18.314 [main] DEBUG org.hibernate.id.IdentifierGeneratorHelper - Extracted generated values [org.frcpm.models.Component]: [Ljava.lang.Object;@4133bbf1
10:24:18.314 [main] DEBUG org.hibernate.event.internal.AbstractFlushingEventListener - Processing flush-time cascades
10:24:18.314 [main] DEBUG org.hibernate.event.internal.AbstractFlushingEventListener - Dirty checking collections
10:24:18.314 [main] DEBUG org.hibernate.engine.internal.Collections - Collection found: [org.frcpm.models.Component.requiredForTasks#93], was: [<unreferenced>] (initialized)
10:24:18.314 [main] DEBUG org.hibernate.event.internal.AbstractFlushingEventListener - Flushed: 0 insertions, 0 updates, 0 deletions to 1 objects
10:24:18.314 [main] DEBUG org.hibernate.event.internal.AbstractFlushingEventListener - Flushed: 1 (re)creations, 0 updates, 0 removals to 1 collections
10:24:18.314 [main] DEBUG org.hibernate.internal.util.EntityPrinter - Listing entities:
10:24:18.315 [main] DEBUG org.hibernate.internal.util.EntityPrinter - org.frcpm.models.Component{expectedDelivery=2025-05-02, requiredForTasks=[], name=Test Component 2, actualDelivery=null, description=Second test component description, delivered=false, partNumber=TC-002, id=93}
10:24:18.315 [main] DEBUG org.hibernate.engine.transaction.internal.TransactionImpl - committing
10:24:18.315 [main] DEBUG org.hibernate.event.internal.AbstractFlushingEventListener - Processing flush-time cascades
10:24:18.315 [main] DEBUG org.hibernate.event.internal.AbstractFlushingEventListener - Dirty checking collections
10:24:18.316 [main] DEBUG org.hibernate.engine.internal.Collections - Collection found: [org.frcpm.models.Component.requiredForTasks#93], was: [org.frcpm.models.Component.requiredForTasks#93] (initialized)
10:24:18.316 [main] DEBUG org.hibernate.event.internal.AbstractFlushingEventListener - Flushed: 0 insertions, 0 updates, 0 deletions to 1 objects
10:24:18.316 [main] DEBUG org.hibernate.event.internal.AbstractFlushingEventListener - Flushed: 0 (re)creations, 0 updates, 0 removals to 1 collections
10:24:18.316 [main] DEBUG org.hibernate.internal.util.EntityPrinter - Listing entities:
10:24:18.316 [main] DEBUG org.hibernate.internal.util.EntityPrinter - org.frcpm.models.Component{expectedDelivery=2025-05-02, requiredForTasks=[], name=Test Component 2, actualDelivery=null, description=Second test component description, delivered=false, partNumber=TC-002, id=93}
10:24:18.316 [main] DEBUG org.hibernate.resource.jdbc.internal.LogicalConnectionManagedImpl - Initiating JDBC connection release from afterTransaction
10:24:18.316 [main] DEBUG org.hibernate.resource.jdbc.internal.LogicalConnectionManagedImpl - Initiating JDBC connection release from afterTransaction
10:24:18.316 [main] DEBUG org.hibernate.engine.transaction.internal.TransactionImpl - On TransactionImpl creation, JpaCompliance#isJpaTransactionComplianceEnabled == false
10:24:18.316 [main] DEBUG org.hibernate.engine.transaction.internal.TransactionImpl - begin
10:24:18.317 [main] DEBUG org.hibernate.engine.spi.ActionQueue - Executing identity-insert immediately
10:24:18.317 [main] DEBUG org.hibernate.SQL - insert into components (actual_delivery,is_delivered,description,expected_delivery,name,part_number,id) values (?,?,?,?,?,?,default)
10:24:18.317 [main] DEBUG org.hibernate.orm.results - Initializer list is empty
10:24:18.317 [main] DEBUG org.hibernate.orm.results.loading - Calling top-level assembler (0 / 1) : org.hibernate.sql.results.graph.basic.BasicResultAssembler@6f98d04e
10:24:18.317 [main] DEBUG org.hibernate.orm.results - Extracted JDBC value [0] - [94]
10:24:18.317 [main] DEBUG org.hibernate.id.IdentifierGeneratorHelper - Extracted generated values [org.frcpm.models.Component]: [Ljava.lang.Object;@25f2d87
10:24:18.317 [main] DEBUG org.hibernate.event.internal.AbstractFlushingEventListener - Processing flush-time cascades
10:24:18.318 [main] DEBUG org.hibernate.event.internal.AbstractFlushingEventListener - Dirty checking collections
10:24:18.318 [main] DEBUG org.hibernate.engine.internal.Collections - Collection found: [org.frcpm.models.Component.requiredForTasks#94], was: [<unreferenced>] (initialized)
10:24:18.318 [main] DEBUG org.hibernate.event.internal.AbstractFlushingEventListener - Flushed: 0 insertions, 0 updates, 0 deletions to 1 objects
10:24:18.318 [main] DEBUG org.hibernate.event.internal.AbstractFlushingEventListener - Flushed: 1 (re)creations, 0 updates, 0 removals to 1 collections
10:24:18.318 [main] DEBUG org.hibernate.internal.util.EntityPrinter - Listing entities:
10:24:18.318 [main] DEBUG org.hibernate.internal.util.EntityPrinter - org.frcpm.models.Component{expectedDelivery=2025-05-05, requiredForTasks=[], name=Test Component 3, actualDelivery=2025-05-04, description=Third test component description, delivered=true, partNumber=TC-003, id=94}
10:24:18.318 [main] DEBUG org.hibernate.engine.transaction.internal.TransactionImpl - committing
10:24:18.318 [main] DEBUG org.hibernate.event.internal.AbstractFlushingEventListener - Processing flush-time cascades
10:24:18.318 [main] DEBUG org.hibernate.event.internal.AbstractFlushingEventListener - Dirty checking collections
10:24:18.318 [main] DEBUG org.hibernate.engine.internal.Collections - Collection found: [org.frcpm.models.Component.requiredForTasks#94], was: [org.frcpm.models.Component.requiredForTasks#94] (initialized)
10:24:18.318 [main] DEBUG org.hibernate.event.internal.AbstractFlushingEventListener - Flushed: 0 insertions, 0 updates, 0 deletions to 1 objects
10:24:18.318 [main] DEBUG org.hibernate.event.internal.AbstractFlushingEventListener - Flushed: 0 (re)creations, 0 updates, 0 removals to 1 collections
10:24:18.318 [main] DEBUG org.hibernate.internal.util.EntityPrinter - Listing entities:
10:24:18.318 [main] DEBUG org.hibernate.internal.util.EntityPrinter - org.frcpm.models.Component{expectedDelivery=2025-05-05, requiredForTasks=[], name=Test Component 3, actualDelivery=2025-05-04, description=Third test component description, delivered=true, partNumber=TC-003, id=94}
10:24:18.318 [main] DEBUG org.hibernate.resource.jdbc.internal.LogicalConnectionManagedImpl - Initiating JDBC connection release from afterTransaction
10:24:18.318 [main] DEBUG org.hibernate.resource.jdbc.internal.LogicalConnectionManagedImpl - Initiating JDBC connection release from afterTransaction
10:24:18.319 [main] DEBUG org.hibernate.orm.query.hql - HQL : SELECT c FROM Component c WHERE c.expectedDelivery > :date
10:24:18.321 [main] DEBUG org.hibernate.orm.query.hql.reservedWordAsIdentifier - Encountered use of reserved word as identifier : <EOF>
10:24:18.322 [main] DEBUG org.hibernate.orm.query.sqm.creation - Applying inferable type to SqmExpression [SqmNamedParameter(date)] : null -> SqmBasicValuedSimplePath(org.frcpm.models.Component(c).expectedDelivery)
10:24:18.322 [main] DEBUG org.hibernate.orm.query.sqm.ast - SqmStatement Tree :
    -> [select]
      -> [query-spec]
        -> [select]
          -> [selection]
            -> [root] - `org.frcpm.models.Component(c)`
            <- [root] - `org.frcpm.models.Component(c)`
          <- [selection]
        <- [select]
        -> [from]
          -> [root] - `org.frcpm.models.Component(c)`
          <- [root] - `org.frcpm.models.Component(c)`
        <- [from]
        -> [where]
          -> [GREATER_THAN]
              -> [basic-path] - `org.frcpm.models.Component(c).expectedDelivery`
              :date
          <- [GREATER_THAN]
        <- [where]
      <- [query-spec]
    <- [select]

10:24:18.323 [main] DEBUG org.hibernate.orm.sql.ast.create - Created new SQL alias : c1_0
10:24:18.323 [main] DEBUG org.hibernate.orm.sql.ast.create - Registration of TableGroup [StandardTableGroup(org.frcpm.models.Component(c))] with identifierForTableGroup [org.frcpm.models.Component] for NavigablePath [org.frcpm.models.Component] 
10:24:18.323 [main] DEBUG org.hibernate.query.sqm.sql.BaseSqmToSqlAstConverter - Determining mapping-model type for SqmParameter : SqmNamedParameter(date)
10:24:18.323 [main] DEBUG org.hibernate.query.sqm.sql.BaseSqmToSqlAstConverter - Determining mapping-model type for SqmPath : SqmBasicValuedSimplePath(org.frcpm.models.Component(c).expectedDelivery) 
10:24:18.324 [main] DEBUG org.hibernate.orm.results.graph.AST - DomainResult Graph:
 \-EntityResultImpl [org.frcpm.models.Component(c)]
 |  +-BasicFetch [org.frcpm.models.Component(c).actualDelivery]
 |  +-BasicFetch [org.frcpm.models.Component(c).delivered]
 |  +-BasicFetch [org.frcpm.models.Component(c).description]
 |  +-BasicFetch [org.frcpm.models.Component(c).expectedDelivery]
 |  +-BasicFetch [org.frcpm.models.Component(c).name]
 |  +-BasicFetch [org.frcpm.models.Component(c).partNumber]
 |  \-DelayedCollectionFetch [org.frcpm.models.Component(c).requiredForTasks]

10:24:18.324 [main] DEBUG org.hibernate.orm.sql.ast.tree - SQL AST Tree:
    SelectStatement {
      FromClause {
        StandardTableGroup (c1 : org.frcpm.models.Component(c)) {
          primaryTableReference : components as c1_0
        }
      }
    }

10:24:18.324 [main] DEBUG org.hibernate.orm.sql.exec - Skipping reading Query result cache data: cache-enabled = false, cache-mode = NORMAL
10:24:18.324 [main] DEBUG org.hibernate.orm.results - Initializer list:
	  org.frcpm.models.Component(c) -> EntityResultInitializer(org.frcpm.models.Component(c))@1762412805 (SingleTableEntityPersister(org.frcpm.models.Component))
	  org.frcpm.models.Component(c).requiredForTasks -> DelayedCollectionInitializer(org.frcpm.models.Component(c).requiredForTasks)@1184344871 (PluralAttribute(org.frcpm.models.Component.requiredForTasks))

10:24:18.324 [main] DEBUG org.hibernate.SQL - select c1_0.id,c1_0.actual_delivery,c1_0.is_delivered,c1_0.description,c1_0.expected_delivery,c1_0.name,c1_0.part_number from components c1_0 where c1_0.expected_delivery>?
10:24:18.325 [main] DEBUG org.hibernate.orm.results - Extracted JDBC value [0] - [1]
10:24:18.325 [main] DEBUG org.hibernate.orm.results.loading.entity - (EntityResultInitializer) Hydrated EntityKey (org.frcpm.models.Component(c)): 1
10:24:18.325 [main] DEBUG org.hibernate.orm.results.loading.org.hibernate.orm.results.loading.collection - (DelayedCollectionInitializer) Current row collection key : org.frcpm.models.Component(c).requiredForTasks#1
10:24:18.325 [main] DEBUG org.hibernate.orm.results.loading.entity - (EntityResultInitializer) Created new entity instance [org.frcpm.models.Component(c)#1] : 611354433
10:24:18.325 [main] DEBUG org.hibernate.orm.results - Extracted JDBC value [1] - [null]
10:24:18.325 [main] DEBUG org.hibernate.orm.results - Extracted JDBC value [2] - [false]
10:24:18.325 [main] DEBUG org.hibernate.orm.results - Extracted JDBC value [3] - [Motor controller for NEO brushless motors]
10:24:18.325 [main] DEBUG org.hibernate.orm.results - Extracted JDBC value [4] - [2025-05-04]
10:24:18.325 [main] DEBUG org.hibernate.orm.results - Extracted JDBC value [5] - [SPARK MAX]
10:24:18.325 [main] DEBUG org.hibernate.orm.results - Extracted JDBC value [6] - [REV-11-2158]
10:24:18.325 [main] DEBUG org.hibernate.orm.results.loading.entity - (EntityResultInitializer) Done materializing entityInstance : org.frcpm.models.Component(c)#1
10:24:18.325 [main] DEBUG org.hibernate.orm.results.loading - Calling top-level assembler (0 / 1) : org.hibernate.sql.results.graph.entity.internal.EntityAssembler@51ce6025
10:24:18.325 [main] DEBUG org.hibernate.orm.results - Extracted JDBC value [0] - [2]
10:24:18.325 [main] DEBUG org.hibernate.orm.results.loading.entity - (EntityResultInitializer) Hydrated EntityKey (org.frcpm.models.Component(c)): 2
10:24:18.325 [main] DEBUG org.hibernate.orm.results.loading.org.hibernate.orm.results.loading.collection - (DelayedCollectionInitializer) Current row collection key : org.frcpm.models.Component(c).requiredForTasks#2
10:24:18.325 [main] DEBUG org.hibernate.orm.results.loading.entity - (EntityResultInitializer) Created new entity instance [org.frcpm.models.Component(c)#2] : 60640489
10:24:18.325 [main] DEBUG org.hibernate.orm.results - Extracted JDBC value [1] - [null]
10:24:18.325 [main] DEBUG org.hibernate.orm.results - Extracted JDBC value [2] - [false]
10:24:18.325 [main] DEBUG org.hibernate.orm.results - Extracted JDBC value [3] - [High performance brushless DC motor]
10:24:18.325 [main] DEBUG org.hibernate.orm.results - Extracted JDBC value [4] - [2025-05-04]
10:24:18.325 [main] DEBUG org.hibernate.orm.results - Extracted JDBC value [5] - [NEO Brushless Motor]
10:24:18.325 [main] DEBUG org.hibernate.orm.results - Extracted JDBC value [6] - [REV-21-1650]
10:24:18.325 [main] DEBUG org.hibernate.orm.results.loading.entity - (EntityResultInitializer) Done materializing entityInstance : org.frcpm.models.Component(c)#2
10:24:18.325 [main] DEBUG org.hibernate.orm.results.loading - Calling top-level assembler (0 / 1) : org.hibernate.sql.results.graph.entity.internal.EntityAssembler@51ce6025
10:24:18.325 [main] DEBUG org.hibernate.orm.results - Extracted JDBC value [0] - [3]
10:24:18.325 [main] DEBUG org.hibernate.orm.results.loading.entity - (EntityResultInitializer) Hydrated EntityKey (org.frcpm.models.Component(c)): 3
10:24:18.325 [main] DEBUG org.hibernate.orm.results.loading.org.hibernate.orm.results.loading.collection - (DelayedCollectionInitializer) Current row collection key : org.frcpm.models.Component(c).requiredForTasks#3
10:24:18.325 [main] DEBUG org.hibernate.orm.results.loading.entity - (EntityResultInitializer) Created new entity instance [org.frcpm.models.Component(c)#3] : 1378889031
10:24:18.325 [main] DEBUG org.hibernate.orm.results - Extracted JDBC value [1] - [2025-05-01]
10:24:18.325 [main] DEBUG org.hibernate.orm.results - Extracted JDBC value [2] - [true]
10:24:18.325 [main] DEBUG org.hibernate.orm.results - Extracted JDBC value [3] - [Omni-directional wheels for holonomic drive]
10:24:18.325 [main] DEBUG org.hibernate.orm.results - Extracted JDBC value [4] - [2025-05-02]
10:24:18.325 [main] DEBUG org.hibernate.orm.results - Extracted JDBC value [5] - [4" Omni Wheels]
10:24:18.326 [main] DEBUG org.hibernate.orm.results - Extracted JDBC value [6] - [AM-0016]
10:24:18.326 [main] DEBUG org.hibernate.orm.results.loading.entity - (EntityResultInitializer) Done materializing entityInstance : org.frcpm.models.Component(c)#3
10:24:18.326 [main] DEBUG org.hibernate.orm.results.loading - Calling top-level assembler (0 / 1) : org.hibernate.sql.results.graph.entity.internal.EntityAssembler@51ce6025
10:24:18.326 [main] DEBUG org.hibernate.orm.results - Extracted JDBC value [0] - [4]
10:24:18.326 [main] DEBUG org.hibernate.orm.results.loading.entity - (EntityResultInitializer) Hydrated EntityKey (org.frcpm.models.Component(c)): 4
10:24:18.326 [main] DEBUG org.hibernate.orm.results.loading.org.hibernate.orm.results.loading.collection - (DelayedCollectionInitializer) Current row collection key : org.frcpm.models.Component(c).requiredForTasks#4
10:24:18.326 [main] DEBUG org.hibernate.orm.results.loading.entity - (EntityResultInitializer) Created new entity instance [org.frcpm.models.Component(c)#4] : 432951450
10:24:18.326 [main] DEBUG org.hibernate.orm.results - Extracted JDBC value [1] - [null]
10:24:18.326 [main] DEBUG org.hibernate.orm.results - Extracted JDBC value [2] - [false]
10:24:18.326 [main] DEBUG org.hibernate.orm.results - Extracted JDBC value [3] - [Smart camera for vision tracking]
10:24:18.326 [main] DEBUG org.hibernate.orm.results - Extracted JDBC value [4] - [2025-05-08]
10:24:18.326 [main] DEBUG org.hibernate.orm.results - Extracted JDBC value [5] - [Limelight 3]
10:24:18.326 [main] DEBUG org.hibernate.orm.results - Extracted JDBC value [6] - [LL3-1]
10:24:18.326 [main] DEBUG org.hibernate.orm.results.loading.entity - (EntityResultInitializer) Done materializing entityInstance : org.frcpm.models.Component(c)#4
10:24:18.326 [main] DEBUG org.hibernate.orm.results.loading - Calling top-level assembler (0 / 1) : org.hibernate.sql.results.graph.entity.internal.EntityAssembler@51ce6025
10:24:18.326 [main] DEBUG org.hibernate.orm.results - Extracted JDBC value [0] - [5]
10:24:18.326 [main] DEBUG org.hibernate.orm.results.loading.entity - (EntityResultInitializer) Hydrated EntityKey (org.frcpm.models.Component(c)): 5
10:24:18.326 [main] DEBUG org.hibernate.orm.results.loading.org.hibernate.orm.results.loading.collection - (DelayedCollectionInitializer) Current row collection key : org.frcpm.models.Component(c).requiredForTasks#5
10:24:18.326 [main] DEBUG org.hibernate.orm.results.loading.entity - (EntityResultInitializer) Created new entity instance [org.frcpm.models.Component(c)#5] : 1432684625
10:24:18.326 [main] DEBUG org.hibernate.orm.results - Extracted JDBC value [1] - [null]
10:24:18.326 [main] DEBUG org.hibernate.orm.results - Extracted JDBC value [2] - [false]
10:24:18.326 [main] DEBUG org.hibernate.orm.results - Extracted JDBC value [3] - [Control module for pneumatic systems]
10:24:18.326 [main] DEBUG org.hibernate.orm.results - Extracted JDBC value [4] - [2025-05-06]
10:24:18.326 [main] DEBUG org.hibernate.orm.results - Extracted JDBC value [5] - [Pneumatic Control Module]
10:24:18.326 [main] DEBUG org.hibernate.orm.results - Extracted JDBC value [6] - [CTRE-PCM]
10:24:18.326 [main] DEBUG org.hibernate.orm.results.loading.entity - (EntityResultInitializer) Done materializing entityInstance : org.frcpm.models.Component(c)#5
10:24:18.326 [main] DEBUG org.hibernate.orm.results.loading - Calling top-level assembler (0 / 1) : org.hibernate.sql.results.graph.entity.internal.EntityAssembler@51ce6025
10:24:18.326 [main] DEBUG org.hibernate.orm.results - Extracted JDBC value [0] - [16]
10:24:18.326 [main] DEBUG org.hibernate.orm.results.loading.entity - (EntityResultInitializer) Hydrated EntityKey (org.frcpm.models.Component(c)): 16
10:24:18.326 [main] DEBUG org.hibernate.orm.results.loading.org.hibernate.orm.results.loading.collection - (DelayedCollectionInitializer) Current row collection key : org.frcpm.models.Component(c).requiredForTasks#16
10:24:18.326 [main] DEBUG org.hibernate.orm.results.loading.entity - (EntityResultInitializer) Created new entity instance [org.frcpm.models.Component(c)#16] : 596102991
10:24:18.326 [main] DEBUG org.hibernate.orm.results - Extracted JDBC value [1] - [null]
10:24:18.326 [main] DEBUG org.hibernate.orm.results - Extracted JDBC value [2] - [false]
10:24:18.326 [main] DEBUG org.hibernate.orm.results - Extracted JDBC value [3] - [Save component description]
10:24:18.326 [main] DEBUG org.hibernate.orm.results - Extracted JDBC value [4] - [2025-05-10]
10:24:18.326 [main] DEBUG org.hibernate.orm.results - Extracted JDBC value [5] - [Test Save Component]
10:24:18.326 [main] DEBUG org.hibernate.orm.results - Extracted JDBC value [6] - [TSC-001]
10:24:18.326 [main] DEBUG org.hibernate.orm.results.loading.entity - (EntityResultInitializer) Done materializing entityInstance : org.frcpm.models.Component(c)#16
10:24:18.326 [main] DEBUG org.hibernate.orm.results.loading - Calling top-level assembler (0 / 1) : org.hibernate.sql.results.graph.entity.internal.EntityAssembler@51ce6025
10:24:18.326 [main] DEBUG org.hibernate.orm.results - Extracted JDBC value [0] - [58]
10:24:18.326 [main] DEBUG org.hibernate.orm.results.loading.entity - (EntityResultInitializer) Hydrated EntityKey (org.frcpm.models.Component(c)): 58
10:24:18.326 [main] DEBUG org.hibernate.orm.results.loading.org.hibernate.orm.results.loading.collection - (DelayedCollectionInitializer) Current row collection key : org.frcpm.models.Component(c).requiredForTasks#58
10:24:18.326 [main] DEBUG org.hibernate.orm.results.loading.entity - (EntityResultInitializer) Created new entity instance [org.frcpm.models.Component(c)#58] : 980124017
10:24:18.326 [main] DEBUG org.hibernate.orm.results - Extracted JDBC value [1] - [null]
10:24:18.326 [main] DEBUG org.hibernate.orm.results - Extracted JDBC value [2] - [false]
10:24:18.326 [main] DEBUG org.hibernate.orm.results - Extracted JDBC value [3] - [Second test component description]
10:24:18.326 [main] DEBUG org.hibernate.orm.results - Extracted JDBC value [4] - [2025-05-02]
10:24:18.326 [main] DEBUG org.hibernate.orm.results - Extracted JDBC value [5] - [Test Component 2]
10:24:18.326 [main] DEBUG org.hibernate.orm.results - Extracted JDBC value [6] - [TC-002]
10:24:18.326 [main] DEBUG org.hibernate.orm.results.loading.entity - (EntityResultInitializer) Done materializing entityInstance : org.frcpm.models.Component(c)#58
10:24:18.326 [main] DEBUG org.hibernate.orm.results.loading - Calling top-level assembler (0 / 1) : org.hibernate.sql.results.graph.entity.internal.EntityAssembler@51ce6025
10:24:18.326 [main] DEBUG org.hibernate.orm.results - Extracted JDBC value [0] - [59]
10:24:18.326 [main] DEBUG org.hibernate.orm.results.loading.entity - (EntityResultInitializer) Hydrated EntityKey (org.frcpm.models.Component(c)): 59
10:24:18.326 [main] DEBUG org.hibernate.orm.results.loading.org.hibernate.orm.results.loading.collection - (DelayedCollectionInitializer) Current row collection key : org.frcpm.models.Component(c).requiredForTasks#59
10:24:18.326 [main] DEBUG org.hibernate.orm.results.loading.entity - (EntityResultInitializer) Created new entity instance [org.frcpm.models.Component(c)#59] : 1605862475
10:24:18.326 [main] DEBUG org.hibernate.orm.results - Extracted JDBC value [1] - [2025-05-04]
10:24:18.326 [main] DEBUG org.hibernate.orm.results - Extracted JDBC value [2] - [true]
10:24:18.326 [main] DEBUG org.hibernate.orm.results - Extracted JDBC value [3] - [Third test component description]
10:24:18.326 [main] DEBUG org.hibernate.orm.results - Extracted JDBC value [4] - [2025-05-05]
10:24:18.327 [main] DEBUG org.hibernate.orm.results - Extracted JDBC value [5] - [Test Component 3]
10:24:18.327 [main] DEBUG org.hibernate.orm.results - Extracted JDBC value [6] - [TC-003]
10:24:18.327 [main] DEBUG org.hibernate.orm.results.loading.entity - (EntityResultInitializer) Done materializing entityInstance : org.frcpm.models.Component(c)#59
10:24:18.327 [main] DEBUG org.hibernate.orm.results.loading - Calling top-level assembler (0 / 1) : org.hibernate.sql.results.graph.entity.internal.EntityAssembler@51ce6025
10:24:18.327 [main] DEBUG org.hibernate.orm.results - Extracted JDBC value [0] - [61]
10:24:18.327 [main] DEBUG org.hibernate.orm.results.loading.entity - (EntityResultInitializer) Hydrated EntityKey (org.frcpm.models.Component(c)): 61
10:24:18.327 [main] DEBUG org.hibernate.orm.results.loading.org.hibernate.orm.results.loading.collection - (DelayedCollectionInitializer) Current row collection key : org.frcpm.models.Component(c).requiredForTasks#61
10:24:18.327 [main] DEBUG org.hibernate.orm.results.loading.entity - (EntityResultInitializer) Created new entity instance [org.frcpm.models.Component(c)#61] : 2008820138
10:24:18.327 [main] DEBUG org.hibernate.orm.results - Extracted JDBC value [1] - [null]
10:24:18.327 [main] DEBUG org.hibernate.orm.results - Extracted JDBC value [2] - [false]
10:24:18.327 [main] DEBUG org.hibernate.orm.results - Extracted JDBC value [3] - [Second test component description]
10:24:18.327 [main] DEBUG org.hibernate.orm.results - Extracted JDBC value [4] - [2025-05-02]
10:24:18.327 [main] DEBUG org.hibernate.orm.results - Extracted JDBC value [5] - [Test Component 2]
10:24:18.327 [main] DEBUG org.hibernate.orm.results - Extracted JDBC value [6] - [TC-002]
10:24:18.327 [main] DEBUG org.hibernate.orm.results.loading.entity - (EntityResultInitializer) Done materializing entityInstance : org.frcpm.models.Component(c)#61
10:24:18.327 [main] DEBUG org.hibernate.orm.results.loading - Calling top-level assembler (0 / 1) : org.hibernate.sql.results.graph.entity.internal.EntityAssembler@51ce6025
10:24:18.327 [main] DEBUG org.hibernate.orm.results - Extracted JDBC value [0] - [62]
10:24:18.327 [main] DEBUG org.hibernate.orm.results.loading.entity - (EntityResultInitializer) Hydrated EntityKey (org.frcpm.models.Component(c)): 62
10:24:18.327 [main] DEBUG org.hibernate.orm.results.loading.org.hibernate.orm.results.loading.collection - (DelayedCollectionInitializer) Current row collection key : org.frcpm.models.Component(c).requiredForTasks#62
10:24:18.327 [main] DEBUG org.hibernate.orm.results.loading.entity - (EntityResultInitializer) Created new entity instance [org.frcpm.models.Component(c)#62] : 1750471001
10:24:18.327 [main] DEBUG org.hibernate.orm.results - Extracted JDBC value [1] - [2025-05-04]
10:24:18.327 [main] DEBUG org.hibernate.orm.results - Extracted JDBC value [2] - [true]
10:24:18.327 [main] DEBUG org.hibernate.orm.results - Extracted JDBC value [3] - [Third test component description]
10:24:18.327 [main] DEBUG org.hibernate.orm.results - Extracted JDBC value [4] - [2025-05-05]
10:24:18.327 [main] DEBUG org.hibernate.orm.results - Extracted JDBC value [5] - [Test Component 3]
10:24:18.327 [main] DEBUG org.hibernate.orm.results - Extracted JDBC value [6] - [TC-003]
10:24:18.327 [main] DEBUG org.hibernate.orm.results.loading.entity - (EntityResultInitializer) Done materializing entityInstance : org.frcpm.models.Component(c)#62
10:24:18.327 [main] DEBUG org.hibernate.orm.results.loading - Calling top-level assembler (0 / 1) : org.hibernate.sql.results.graph.entity.internal.EntityAssembler@51ce6025
10:24:18.327 [main] DEBUG org.hibernate.orm.results - Extracted JDBC value [0] - [65]
10:24:18.327 [main] DEBUG org.hibernate.orm.results.loading.entity - (EntityResultInitializer) Hydrated EntityKey (org.frcpm.models.Component(c)): 65
10:24:18.327 [main] DEBUG org.hibernate.orm.results.loading.org.hibernate.orm.results.loading.collection - (DelayedCollectionInitializer) Current row collection key : org.frcpm.models.Component(c).requiredForTasks#65
10:24:18.327 [main] DEBUG org.hibernate.orm.results.loading.entity - (EntityResultInitializer) Created new entity instance [org.frcpm.models.Component(c)#65] : 1029654248
10:24:18.327 [main] DEBUG org.hibernate.orm.results - Extracted JDBC value [1] - [null]
10:24:18.327 [main] DEBUG org.hibernate.orm.results - Extracted JDBC value [2] - [false]
10:24:18.327 [main] DEBUG org.hibernate.orm.results - Extracted JDBC value [3] - [Second test component description]
10:24:18.327 [main] DEBUG org.hibernate.orm.results - Extracted JDBC value [4] - [2025-05-02]
10:24:18.327 [main] DEBUG org.hibernate.orm.results - Extracted JDBC value [5] - [Test Component 2]
10:24:18.327 [main] DEBUG org.hibernate.orm.results - Extracted JDBC value [6] - [TC-002]
10:24:18.327 [main] DEBUG org.hibernate.orm.results.loading.entity - (EntityResultInitializer) Done materializing entityInstance : org.frcpm.models.Component(c)#65
10:24:18.327 [main] DEBUG org.hibernate.orm.results.loading - Calling top-level assembler (0 / 1) : org.hibernate.sql.results.graph.entity.internal.EntityAssembler@51ce6025
10:24:18.327 [main] DEBUG org.hibernate.orm.results - Extracted JDBC value [0] - [66]
10:24:18.327 [main] DEBUG org.hibernate.orm.results.loading.entity - (EntityResultInitializer) Hydrated EntityKey (org.frcpm.models.Component(c)): 66
10:24:18.327 [main] DEBUG org.hibernate.orm.results.loading.org.hibernate.orm.results.loading.collection - (DelayedCollectionInitializer) Current row collection key : org.frcpm.models.Component(c).requiredForTasks#66
10:24:18.327 [main] DEBUG org.hibernate.orm.results.loading.entity - (EntityResultInitializer) Created new entity instance [org.frcpm.models.Component(c)#66] : 1816110839
10:24:18.327 [main] DEBUG org.hibernate.orm.results - Extracted JDBC value [1] - [2025-05-04]
10:24:18.327 [main] DEBUG org.hibernate.orm.results - Extracted JDBC value [2] - [true]
10:24:18.327 [main] DEBUG org.hibernate.orm.results - Extracted JDBC value [3] - [Third test component description]
10:24:18.327 [main] DEBUG org.hibernate.orm.results - Extracted JDBC value [4] - [2025-05-05]
10:24:18.327 [main] DEBUG org.hibernate.orm.results - Extracted JDBC value [5] - [Test Component 3]
10:24:18.327 [main] DEBUG org.hibernate.orm.results - Extracted JDBC value [6] - [TC-003]
10:24:18.327 [main] DEBUG org.hibernate.orm.results.loading.entity - (EntityResultInitializer) Done materializing entityInstance : org.frcpm.models.Component(c)#66
10:24:18.328 [main] DEBUG org.hibernate.orm.results.loading - Calling top-level assembler (0 / 1) : org.hibernate.sql.results.graph.entity.internal.EntityAssembler@51ce6025
10:24:18.328 [main] DEBUG org.hibernate.orm.results - Extracted JDBC value [0] - [67]
10:24:18.328 [main] DEBUG org.hibernate.orm.results.loading.entity - (EntityResultInitializer) Hydrated EntityKey (org.frcpm.models.Component(c)): 67
10:24:18.328 [main] DEBUG org.hibernate.orm.results.loading.org.hibernate.orm.results.loading.collection - (DelayedCollectionInitializer) Current row collection key : org.frcpm.models.Component(c).requiredForTasks#67
10:24:18.328 [main] DEBUG org.hibernate.orm.results.loading.entity - (EntityResultInitializer) Created new entity instance [org.frcpm.models.Component(c)#67] : 1184865375
10:24:18.328 [main] DEBUG org.hibernate.orm.results - Extracted JDBC value [1] - [null]
10:24:18.328 [main] DEBUG org.hibernate.orm.results - Extracted JDBC value [2] - [false]
10:24:18.328 [main] DEBUG org.hibernate.orm.results - Extracted JDBC value [3] - [Save component description]
10:24:18.328 [main] DEBUG org.hibernate.orm.results - Extracted JDBC value [4] - [2025-05-10]
10:24:18.328 [main] DEBUG org.hibernate.orm.results - Extracted JDBC value [5] - [Test Save Component]
10:24:18.328 [main] DEBUG org.hibernate.orm.results - Extracted JDBC value [6] - [TSC-001]
10:24:18.328 [main] DEBUG org.hibernate.orm.results.loading.entity - (EntityResultInitializer) Done materializing entityInstance : org.frcpm.models.Component(c)#67
10:24:18.328 [main] DEBUG org.hibernate.orm.results.loading - Calling top-level assembler (0 / 1) : org.hibernate.sql.results.graph.entity.internal.EntityAssembler@51ce6025
10:24:18.328 [main] DEBUG org.hibernate.orm.results - Extracted JDBC value [0] - [69]
10:24:18.328 [main] DEBUG org.hibernate.orm.results.loading.entity - (EntityResultInitializer) Hydrated EntityKey (org.frcpm.models.Component(c)): 69
10:24:18.328 [main] DEBUG org.hibernate.orm.results.loading.org.hibernate.orm.results.loading.collection - (DelayedCollectionInitializer) Current row collection key : org.frcpm.models.Component(c).requiredForTasks#69
10:24:18.328 [main] DEBUG org.hibernate.orm.results.loading.entity - (EntityResultInitializer) Created new entity instance [org.frcpm.models.Component(c)#69] : 1048291036
10:24:18.328 [main] DEBUG org.hibernate.orm.results - Extracted JDBC value [1] - [null]
10:24:18.328 [main] DEBUG org.hibernate.orm.results - Extracted JDBC value [2] - [false]
10:24:18.328 [main] DEBUG org.hibernate.orm.results - Extracted JDBC value [3] - [Second test component description]
10:24:18.328 [main] DEBUG org.hibernate.orm.results - Extracted JDBC value [4] - [2025-05-02]
10:24:18.328 [main] DEBUG org.hibernate.orm.results - Extracted JDBC value [5] - [Test Component 2]
10:24:18.328 [main] DEBUG org.hibernate.orm.results - Extracted JDBC value [6] - [TC-002]
10:24:18.329 [main] DEBUG org.hibernate.orm.results.loading.entity - (EntityResultInitializer) Done materializing entityInstance : org.frcpm.models.Component(c)#69
10:24:18.329 [main] DEBUG org.hibernate.orm.results.loading - Calling top-level assembler (0 / 1) : org.hibernate.sql.results.graph.entity.internal.EntityAssembler@51ce6025
10:24:18.329 [main] DEBUG org.hibernate.orm.results - Extracted JDBC value [0] - [70]
10:24:18.329 [main] DEBUG org.hibernate.orm.results.loading.entity - (EntityResultInitializer) Hydrated EntityKey (org.frcpm.models.Component(c)): 70
10:24:18.329 [main] DEBUG org.hibernate.orm.results.loading.org.hibernate.orm.results.loading.collection - (DelayedCollectionInitializer) Current row collection key : org.frcpm.models.Component(c).requiredForTasks#70
10:24:18.329 [main] DEBUG org.hibernate.orm.results.loading.entity - (EntityResultInitializer) Created new entity instance [org.frcpm.models.Component(c)#70] : 43958766
10:24:18.329 [main] DEBUG org.hibernate.orm.results - Extracted JDBC value [1] - [2025-05-04]
10:24:18.329 [main] DEBUG org.hibernate.orm.results - Extracted JDBC value [2] - [true]
10:24:18.329 [main] DEBUG org.hibernate.orm.results - Extracted JDBC value [3] - [Third test component description]
10:24:18.329 [main] DEBUG org.hibernate.orm.results - Extracted JDBC value [4] - [2025-05-05]
10:24:18.329 [main] DEBUG org.hibernate.orm.results - Extracted JDBC value [5] - [Test Component 3]
10:24:18.329 [main] DEBUG org.hibernate.orm.results - Extracted JDBC value [6] - [TC-003]
10:24:18.329 [main] DEBUG org.hibernate.orm.results.loading.entity - (EntityResultInitializer) Done materializing entityInstance : org.frcpm.models.Component(c)#70
10:24:18.329 [main] DEBUG org.hibernate.orm.results.loading - Calling top-level assembler (0 / 1) : org.hibernate.sql.results.graph.entity.internal.EntityAssembler@51ce6025
10:24:18.329 [main] DEBUG org.hibernate.orm.results - Extracted JDBC value [0] - [72]
10:24:18.329 [main] DEBUG org.hibernate.orm.results.loading.entity - (EntityResultInitializer) Hydrated EntityKey (org.frcpm.models.Component(c)): 72
10:24:18.329 [main] DEBUG org.hibernate.orm.results.loading.org.hibernate.orm.results.loading.collection - (DelayedCollectionInitializer) Current row collection key : org.frcpm.models.Component(c).requiredForTasks#72
10:24:18.329 [main] DEBUG org.hibernate.orm.results.loading.entity - (EntityResultInitializer) Created new entity instance [org.frcpm.models.Component(c)#72] : 1531378718
10:24:18.329 [main] DEBUG org.hibernate.orm.results - Extracted JDBC value [1] - [null]
10:24:18.329 [main] DEBUG org.hibernate.orm.results - Extracted JDBC value [2] - [false]
10:24:18.329 [main] DEBUG org.hibernate.orm.results - Extracted JDBC value [3] - [Second test component description]
10:24:18.329 [main] DEBUG org.hibernate.orm.results - Extracted JDBC value [4] - [2025-05-02]
10:24:18.329 [main] DEBUG org.hibernate.orm.results - Extracted JDBC value [5] - [Test Component 2]
10:24:18.329 [main] DEBUG org.hibernate.orm.results - Extracted JDBC value [6] - [TC-002]
10:24:18.329 [main] DEBUG org.hibernate.orm.results.loading.entity - (EntityResultInitializer) Done materializing entityInstance : org.frcpm.models.Component(c)#72
10:24:18.329 [main] DEBUG org.hibernate.orm.results.loading - Calling top-level assembler (0 / 1) : org.hibernate.sql.results.graph.entity.internal.EntityAssembler@51ce6025
10:24:18.329 [main] DEBUG org.hibernate.orm.results - Extracted JDBC value [0] - [73]
10:24:18.329 [main] DEBUG org.hibernate.orm.results.loading.entity - (EntityResultInitializer) Hydrated EntityKey (org.frcpm.models.Component(c)): 73
10:24:18.329 [main] DEBUG org.hibernate.orm.results.loading.org.hibernate.orm.results.loading.collection - (DelayedCollectionInitializer) Current row collection key : org.frcpm.models.Component(c).requiredForTasks#73
10:24:18.329 [main] DEBUG org.hibernate.orm.results.loading.entity - (EntityResultInitializer) Created new entity instance [org.frcpm.models.Component(c)#73] : 1509051002
10:24:18.329 [main] DEBUG org.hibernate.orm.results - Extracted JDBC value [1] - [2025-05-04]
10:24:18.329 [main] DEBUG org.hibernate.orm.results - Extracted JDBC value [2] - [true]
10:24:18.329 [main] DEBUG org.hibernate.orm.results - Extracted JDBC value [3] - [Third test component description]
10:24:18.329 [main] DEBUG org.hibernate.orm.results - Extracted JDBC value [4] - [2025-05-05]
10:24:18.329 [main] DEBUG org.hibernate.orm.results - Extracted JDBC value [5] - [Test Component 3]
10:24:18.329 [main] DEBUG org.hibernate.orm.results - Extracted JDBC value [6] - [TC-003]
10:24:18.329 [main] DEBUG org.hibernate.orm.results.loading.entity - (EntityResultInitializer) Done materializing entityInstance : org.frcpm.models.Component(c)#73
10:24:18.329 [main] DEBUG org.hibernate.orm.results.loading - Calling top-level assembler (0 / 1) : org.hibernate.sql.results.graph.entity.internal.EntityAssembler@51ce6025
10:24:18.329 [main] DEBUG org.hibernate.orm.results - Extracted JDBC value [0] - [75]
10:24:18.329 [main] DEBUG org.hibernate.orm.results.loading.entity - (EntityResultInitializer) Hydrated EntityKey (org.frcpm.models.Component(c)): 75
10:24:18.329 [main] DEBUG org.hibernate.orm.results.loading.org.hibernate.orm.results.loading.collection - (DelayedCollectionInitializer) Current row collection key : org.frcpm.models.Component(c).requiredForTasks#75
10:24:18.330 [main] DEBUG org.hibernate.orm.results.loading.entity - (EntityResultInitializer) Created new entity instance [org.frcpm.models.Component(c)#75] : 1252768555
10:24:18.330 [main] DEBUG org.hibernate.orm.results - Extracted JDBC value [1] - [null]
10:24:18.330 [main] DEBUG org.hibernate.orm.results - Extracted JDBC value [2] - [false]
10:24:18.330 [main] DEBUG org.hibernate.orm.results - Extracted JDBC value [3] - [Second test component description]
10:24:18.330 [main] DEBUG org.hibernate.orm.results - Extracted JDBC value [4] - [2025-05-02]
10:24:18.330 [main] DEBUG org.hibernate.orm.results - Extracted JDBC value [5] - [Test Component 2]
10:24:18.330 [main] DEBUG org.hibernate.orm.results - Extracted JDBC value [6] - [TC-002]
10:24:18.330 [main] DEBUG org.hibernate.orm.results.loading.entity - (EntityResultInitializer) Done materializing entityInstance : org.frcpm.models.Component(c)#75
10:24:18.330 [main] DEBUG org.hibernate.orm.results.loading - Calling top-level assembler (0 / 1) : org.hibernate.sql.results.graph.entity.internal.EntityAssembler@51ce6025
10:24:18.330 [main] DEBUG org.hibernate.orm.results - Extracted JDBC value [0] - [76]
10:24:18.330 [main] DEBUG org.hibernate.orm.results.loading.entity - (EntityResultInitializer) Hydrated EntityKey (org.frcpm.models.Component(c)): 76
10:24:18.330 [main] DEBUG org.hibernate.orm.results.loading.org.hibernate.orm.results.loading.collection - (DelayedCollectionInitializer) Current row collection key : org.frcpm.models.Component(c).requiredForTasks#76
10:24:18.330 [main] DEBUG org.hibernate.orm.results.loading.entity - (EntityResultInitializer) Created new entity instance [org.frcpm.models.Component(c)#76] : 389852868
10:24:18.330 [main] DEBUG org.hibernate.orm.results - Extracted JDBC value [1] - [2025-05-04]
10:24:18.330 [main] DEBUG org.hibernate.orm.results - Extracted JDBC value [2] - [true]
10:24:18.330 [main] DEBUG org.hibernate.orm.results - Extracted JDBC value [3] - [Third test component description]
10:24:18.330 [main] DEBUG org.hibernate.orm.results - Extracted JDBC value [4] - [2025-05-05]
10:24:18.331 [main] DEBUG org.hibernate.orm.results - Extracted JDBC value [5] - [Test Component 3]
10:24:18.331 [main] DEBUG org.hibernate.orm.results - Extracted JDBC value [6] - [TC-003]
10:24:18.331 [main] DEBUG org.hibernate.orm.results.loading.entity - (EntityResultInitializer) Done materializing entityInstance : org.frcpm.models.Component(c)#76
10:24:18.331 [main] DEBUG org.hibernate.orm.results.loading - Calling top-level assembler (0 / 1) : org.hibernate.sql.results.graph.entity.internal.EntityAssembler@51ce6025
10:24:18.331 [main] DEBUG org.hibernate.orm.results - Extracted JDBC value [0] - [78]
10:24:18.331 [main] DEBUG org.hibernate.orm.results.loading.entity - (EntityResultInitializer) Hydrated EntityKey (org.frcpm.models.Component(c)): 78
10:24:18.331 [main] DEBUG org.hibernate.orm.results.loading.org.hibernate.orm.results.loading.collection - (DelayedCollectionInitializer) Current row collection key : org.frcpm.models.Component(c).requiredForTasks#78
10:24:18.331 [main] DEBUG org.hibernate.orm.results.loading.entity - (EntityResultInitializer) Created new entity instance [org.frcpm.models.Component(c)#78] : 783894808
10:24:18.331 [main] DEBUG org.hibernate.orm.results - Extracted JDBC value [1] - [null]
10:24:18.331 [main] DEBUG org.hibernate.orm.results - Extracted JDBC value [2] - [false]
10:24:18.331 [main] DEBUG org.hibernate.orm.results - Extracted JDBC value [3] - [Second test component description]
10:24:18.331 [main] DEBUG org.hibernate.orm.results - Extracted JDBC value [4] - [2025-05-02]
10:24:18.331 [main] DEBUG org.hibernate.orm.results - Extracted JDBC value [5] - [Test Component 2]
10:24:18.331 [main] DEBUG org.hibernate.orm.results - Extracted JDBC value [6] - [TC-002]
10:24:18.331 [main] DEBUG org.hibernate.orm.results.loading.entity - (EntityResultInitializer) Done materializing entityInstance : org.frcpm.models.Component(c)#78
10:24:18.332 [main] DEBUG org.hibernate.orm.results.loading - Calling top-level assembler (0 / 1) : org.hibernate.sql.results.graph.entity.internal.EntityAssembler@51ce6025
10:24:18.332 [main] DEBUG org.hibernate.orm.results - Extracted JDBC value [0] - [79]
10:24:18.332 [main] DEBUG org.hibernate.orm.results.loading.entity - (EntityResultInitializer) Hydrated EntityKey (org.frcpm.models.Component(c)): 79
10:24:18.332 [main] DEBUG org.hibernate.orm.results.loading.org.hibernate.orm.results.loading.collection - (DelayedCollectionInitializer) Current row collection key : org.frcpm.models.Component(c).requiredForTasks#79
10:24:18.332 [main] DEBUG org.hibernate.orm.results.loading.entity - (EntityResultInitializer) Created new entity instance [org.frcpm.models.Component(c)#79] : 885710107
10:24:18.332 [main] DEBUG org.hibernate.orm.results - Extracted JDBC value [1] - [2025-05-04]
10:24:18.332 [main] DEBUG org.hibernate.orm.results - Extracted JDBC value [2] - [true]
10:24:18.332 [main] DEBUG org.hibernate.orm.results - Extracted JDBC value [3] - [Third test component description]
10:24:18.332 [main] DEBUG org.hibernate.orm.results - Extracted JDBC value [4] - [2025-05-05]
10:24:18.332 [main] DEBUG org.hibernate.orm.results - Extracted JDBC value [5] - [Test Component 3]
10:24:18.332 [main] DEBUG org.hibernate.orm.results - Extracted JDBC value [6] - [TC-003]
10:24:18.333 [main] DEBUG org.hibernate.orm.results.loading.entity - (EntityResultInitializer) Done materializing entityInstance : org.frcpm.models.Component(c)#79
10:24:18.333 [main] DEBUG org.hibernate.orm.results.loading - Calling top-level assembler (0 / 1) : org.hibernate.sql.results.graph.entity.internal.EntityAssembler@51ce6025
10:24:18.333 [main] DEBUG org.hibernate.orm.results - Extracted JDBC value [0] - [82]
10:24:18.333 [main] DEBUG org.hibernate.orm.results.loading.entity - (EntityResultInitializer) Hydrated EntityKey (org.frcpm.models.Component(c)): 82
10:24:18.333 [main] DEBUG org.hibernate.orm.results.loading.org.hibernate.orm.results.loading.collection - (DelayedCollectionInitializer) Current row collection key : org.frcpm.models.Component(c).requiredForTasks#82
10:24:18.333 [main] DEBUG org.hibernate.orm.results.loading.entity - (EntityResultInitializer) Created new entity instance [org.frcpm.models.Component(c)#82] : 262380169
10:24:18.333 [main] DEBUG org.hibernate.orm.results - Extracted JDBC value [1] - [null]
10:24:18.333 [main] DEBUG org.hibernate.orm.results - Extracted JDBC value [2] - [false]
10:24:18.333 [main] DEBUG org.hibernate.orm.results - Extracted JDBC value [3] - [Second test component description]
10:24:18.333 [main] DEBUG org.hibernate.orm.results - Extracted JDBC value [4] - [2025-05-02]
10:24:18.333 [main] DEBUG org.hibernate.orm.results - Extracted JDBC value [5] - [Test Component 2]
10:24:18.333 [main] DEBUG org.hibernate.orm.results - Extracted JDBC value [6] - [TC-002]
10:24:18.333 [main] DEBUG org.hibernate.orm.results.loading.entity - (EntityResultInitializer) Done materializing entityInstance : org.frcpm.models.Component(c)#82
10:24:18.333 [main] DEBUG org.hibernate.orm.results.loading - Calling top-level assembler (0 / 1) : org.hibernate.sql.results.graph.entity.internal.EntityAssembler@51ce6025
10:24:18.333 [main] DEBUG org.hibernate.orm.results - Extracted JDBC value [0] - [83]
10:24:18.333 [main] DEBUG org.hibernate.orm.results.loading.entity - (EntityResultInitializer) Hydrated EntityKey (org.frcpm.models.Component(c)): 83
10:24:18.333 [main] DEBUG org.hibernate.orm.results.loading.org.hibernate.orm.results.loading.collection - (DelayedCollectionInitializer) Current row collection key : org.frcpm.models.Component(c).requiredForTasks#83
10:24:18.333 [main] DEBUG org.hibernate.orm.results.loading.entity - (EntityResultInitializer) Created new entity instance [org.frcpm.models.Component(c)#83] : 1003172020
10:24:18.333 [main] DEBUG org.hibernate.orm.results - Extracted JDBC value [1] - [2025-05-04]
10:24:18.333 [main] DEBUG org.hibernate.orm.results - Extracted JDBC value [2] - [true]
10:24:18.333 [main] DEBUG org.hibernate.orm.results - Extracted JDBC value [3] - [Third test component description]
10:24:18.333 [main] DEBUG org.hibernate.orm.results - Extracted JDBC value [4] - [2025-05-05]
10:24:18.333 [main] DEBUG org.hibernate.orm.results - Extracted JDBC value [5] - [Test Component 3]
10:24:18.333 [main] DEBUG org.hibernate.orm.results - Extracted JDBC value [6] - [TC-003]
10:24:18.333 [main] DEBUG org.hibernate.orm.results.loading.entity - (EntityResultInitializer) Done materializing entityInstance : org.frcpm.models.Component(c)#83
10:24:18.333 [main] DEBUG org.hibernate.orm.results.loading - Calling top-level assembler (0 / 1) : org.hibernate.sql.results.graph.entity.internal.EntityAssembler@51ce6025
10:24:18.334 [main] DEBUG org.hibernate.orm.results - Extracted JDBC value [0] - [86]
10:24:18.334 [main] DEBUG org.hibernate.orm.results.loading.entity - (EntityResultInitializer) Hydrated EntityKey (org.frcpm.models.Component(c)): 86
10:24:18.334 [main] DEBUG org.hibernate.orm.results.loading.org.hibernate.orm.results.loading.collection - (DelayedCollectionInitializer) Current row collection key : org.frcpm.models.Component(c).requiredForTasks#86
10:24:18.334 [main] DEBUG org.hibernate.orm.results.loading.entity - (EntityResultInitializer) Created new entity instance [org.frcpm.models.Component(c)#86] : 1958632588
10:24:18.334 [main] DEBUG org.hibernate.orm.results - Extracted JDBC value [1] - [null]
10:24:18.334 [main] DEBUG org.hibernate.orm.results - Extracted JDBC value [2] - [false]
10:24:18.334 [main] DEBUG org.hibernate.orm.results - Extracted JDBC value [3] - [Second test component description]
10:24:18.334 [main] DEBUG org.hibernate.orm.results - Extracted JDBC value [4] - [2025-05-02]
10:24:18.334 [main] DEBUG org.hibernate.orm.results - Extracted JDBC value [5] - [Test Component 2]
10:24:18.334 [main] DEBUG org.hibernate.orm.results - Extracted JDBC value [6] - [TC-002]
10:24:18.334 [main] DEBUG org.hibernate.orm.results.loading.entity - (EntityResultInitializer) Done materializing entityInstance : org.frcpm.models.Component(c)#86
10:24:18.334 [main] DEBUG org.hibernate.orm.results.loading - Calling top-level assembler (0 / 1) : org.hibernate.sql.results.graph.entity.internal.EntityAssembler@51ce6025
10:24:18.334 [main] DEBUG org.hibernate.orm.results - Extracted JDBC value [0] - [87]
10:24:18.334 [main] DEBUG org.hibernate.orm.results.loading.entity - (EntityResultInitializer) Hydrated EntityKey (org.frcpm.models.Component(c)): 87
10:24:18.334 [main] DEBUG org.hibernate.orm.results.loading.org.hibernate.orm.results.loading.collection - (DelayedCollectionInitializer) Current row collection key : org.frcpm.models.Component(c).requiredForTasks#87
10:24:18.334 [main] DEBUG org.hibernate.orm.results.loading.entity - (EntityResultInitializer) Created new entity instance [org.frcpm.models.Component(c)#87] : 402401626
10:24:18.334 [main] DEBUG org.hibernate.orm.results - Extracted JDBC value [1] - [2025-05-04]
10:24:18.334 [main] DEBUG org.hibernate.orm.results - Extracted JDBC value [2] - [true]
10:24:18.334 [main] DEBUG org.hibernate.orm.results - Extracted JDBC value [3] - [Third test component description]
10:24:18.334 [main] DEBUG org.hibernate.orm.results - Extracted JDBC value [4] - [2025-05-05]
10:24:18.334 [main] DEBUG org.hibernate.orm.results - Extracted JDBC value [5] - [Test Component 3]
10:24:18.334 [main] DEBUG org.hibernate.orm.results - Extracted JDBC value [6] - [TC-003]
10:24:18.334 [main] DEBUG org.hibernate.orm.results.loading.entity - (EntityResultInitializer) Done materializing entityInstance : org.frcpm.models.Component(c)#87
10:24:18.334 [main] DEBUG org.hibernate.orm.results.loading - Calling top-level assembler (0 / 1) : org.hibernate.sql.results.graph.entity.internal.EntityAssembler@51ce6025
10:24:18.334 [main] DEBUG org.hibernate.orm.results - Extracted JDBC value [0] - [89]
10:24:18.334 [main] DEBUG org.hibernate.orm.results.loading.entity - (EntityResultInitializer) Hydrated EntityKey (org.frcpm.models.Component(c)): 89
10:24:18.334 [main] DEBUG org.hibernate.orm.results.loading.org.hibernate.orm.results.loading.collection - (DelayedCollectionInitializer) Current row collection key : org.frcpm.models.Component(c).requiredForTasks#89
10:24:18.334 [main] DEBUG org.hibernate.orm.results.loading.entity - (EntityResultInitializer) Created new entity instance [org.frcpm.models.Component(c)#89] : 560152411
10:24:18.334 [main] DEBUG org.hibernate.orm.results - Extracted JDBC value [1] - [null]
10:24:18.334 [main] DEBUG org.hibernate.orm.results - Extracted JDBC value [2] - [false]
10:24:18.334 [main] DEBUG org.hibernate.orm.results - Extracted JDBC value [3] - [Second test component description]
10:24:18.334 [main] DEBUG org.hibernate.orm.results - Extracted JDBC value [4] - [2025-05-02]
10:24:18.334 [main] DEBUG org.hibernate.orm.results - Extracted JDBC value [5] - [Test Component 2]
10:24:18.334 [main] DEBUG org.hibernate.orm.results - Extracted JDBC value [6] - [TC-002]
10:24:18.334 [main] DEBUG org.hibernate.orm.results.loading.entity - (EntityResultInitializer) Done materializing entityInstance : org.frcpm.models.Component(c)#89
10:24:18.334 [main] DEBUG org.hibernate.orm.results.loading - Calling top-level assembler (0 / 1) : org.hibernate.sql.results.graph.entity.internal.EntityAssembler@51ce6025
10:24:18.334 [main] DEBUG org.hibernate.orm.results - Extracted JDBC value [0] - [90]
10:24:18.334 [main] DEBUG org.hibernate.orm.results.loading.entity - (EntityResultInitializer) Hydrated EntityKey (org.frcpm.models.Component(c)): 90
10:24:18.334 [main] DEBUG org.hibernate.orm.results.loading.org.hibernate.orm.results.loading.collection - (DelayedCollectionInitializer) Current row collection key : org.frcpm.models.Component(c).requiredForTasks#90
10:24:18.334 [main] DEBUG org.hibernate.orm.results.loading.entity - (EntityResultInitializer) Created new entity instance [org.frcpm.models.Component(c)#90] : 625944872
10:24:18.334 [main] DEBUG org.hibernate.orm.results - Extracted JDBC value [1] - [2025-05-04]
10:24:18.334 [main] DEBUG org.hibernate.orm.results - Extracted JDBC value [2] - [true]
10:24:18.334 [main] DEBUG org.hibernate.orm.results - Extracted JDBC value [3] - [Third test component description]
10:24:18.334 [main] DEBUG org.hibernate.orm.results - Extracted JDBC value [4] - [2025-05-05]
10:24:18.334 [main] DEBUG org.hibernate.orm.results - Extracted JDBC value [5] - [Test Component 3]
10:24:18.334 [main] DEBUG org.hibernate.orm.results - Extracted JDBC value [6] - [TC-003]
10:24:18.334 [main] DEBUG org.hibernate.orm.results.loading.entity - (EntityResultInitializer) Done materializing entityInstance : org.frcpm.models.Component(c)#90
10:24:18.334 [main] DEBUG org.hibernate.orm.results.loading - Calling top-level assembler (0 / 1) : org.hibernate.sql.results.graph.entity.internal.EntityAssembler@51ce6025
10:24:18.334 [main] DEBUG org.hibernate.orm.results - Extracted JDBC value [0] - [93]
10:24:18.334 [main] DEBUG org.hibernate.orm.results.loading.entity - (EntityResultInitializer) Hydrated EntityKey (org.frcpm.models.Component(c)): 93
10:24:18.334 [main] DEBUG org.hibernate.orm.results.loading.org.hibernate.orm.results.loading.collection - (DelayedCollectionInitializer) Current row collection key : org.frcpm.models.Component(c).requiredForTasks#93
10:24:18.334 [main] DEBUG org.hibernate.orm.results.loading.entity - (EntityResultInitializer) Created new entity instance [org.frcpm.models.Component(c)#93] : 1088726532
10:24:18.334 [main] DEBUG org.hibernate.orm.results - Extracted JDBC value [1] - [null]
10:24:18.334 [main] DEBUG org.hibernate.orm.results - Extracted JDBC value [2] - [false]
10:24:18.334 [main] DEBUG org.hibernate.orm.results - Extracted JDBC value [3] - [Second test component description]
10:24:18.335 [main] DEBUG org.hibernate.orm.results - Extracted JDBC value [4] - [2025-05-02]
10:24:18.335 [main] DEBUG org.hibernate.orm.results - Extracted JDBC value [5] - [Test Component 2]
10:24:18.335 [main] DEBUG org.hibernate.orm.results - Extracted JDBC value [6] - [TC-002]
10:24:18.335 [main] DEBUG org.hibernate.orm.results.loading.entity - (EntityResultInitializer) Done materializing entityInstance : org.frcpm.models.Component(c)#93
10:24:18.335 [main] DEBUG org.hibernate.orm.results.loading - Calling top-level assembler (0 / 1) : org.hibernate.sql.results.graph.entity.internal.EntityAssembler@51ce6025
10:24:18.335 [main] DEBUG org.hibernate.orm.results - Extracted JDBC value [0] - [94]
10:24:18.335 [main] DEBUG org.hibernate.orm.results.loading.entity - (EntityResultInitializer) Hydrated EntityKey (org.frcpm.models.Component(c)): 94
10:24:18.335 [main] DEBUG org.hibernate.orm.results.loading.org.hibernate.orm.results.loading.collection - (DelayedCollectionInitializer) Current row collection key : org.frcpm.models.Component(c).requiredForTasks#94
10:24:18.335 [main] DEBUG org.hibernate.orm.results.loading.entity - (EntityResultInitializer) Created new entity instance [org.frcpm.models.Component(c)#94] : 880711835
10:24:18.335 [main] DEBUG org.hibernate.orm.results - Extracted JDBC value [1] - [2025-05-04]
10:24:18.335 [main] DEBUG org.hibernate.orm.results - Extracted JDBC value [2] - [true]
10:24:18.335 [main] DEBUG org.hibernate.orm.results - Extracted JDBC value [3] - [Third test component description]
10:24:18.335 [main] DEBUG org.hibernate.orm.results - Extracted JDBC value [4] - [2025-05-05]
10:24:18.335 [main] DEBUG org.hibernate.orm.results - Extracted JDBC value [5] - [Test Component 3]
10:24:18.335 [main] DEBUG org.hibernate.orm.results - Extracted JDBC value [6] - [TC-003]
10:24:18.335 [main] DEBUG org.hibernate.orm.results.loading.entity - (EntityResultInitializer) Done materializing entityInstance : org.frcpm.models.Component(c)#94
10:24:18.335 [main] DEBUG org.hibernate.orm.results.loading - Calling top-level assembler (0 / 1) : org.hibernate.sql.results.graph.entity.internal.EntityAssembler@51ce6025
10:24:18.335 [main] DEBUG org.hibernate.resource.jdbc.internal.LogicalConnectionManagedImpl - Initiating JDBC connection release from afterTransaction
10:24:18.335 [main] DEBUG org.hibernate.resource.jdbc.internal.LogicalConnectionManagedImpl - Initiating JDBC connection release from afterTransaction
10:24:18.337 [main] DEBUG org.hibernate.orm.sql.ast.create - Created new SQL alias : c1_0
10:24:18.337 [main] DEBUG org.hibernate.orm.sql.ast.create - Registration of TableGroup [StandardTableGroup(org.frcpm.models.Component(959674623403800))] with identifierForTableGroup [org.frcpm.models.Component] for NavigablePath [org.frcpm.models.Component] 
10:24:18.337 [main] DEBUG org.hibernate.orm.results.graph.AST - DomainResult Graph:
 \-EntityResultImpl [org.frcpm.models.Component(959674623403800)]
 |  +-BasicFetch [org.frcpm.models.Component(959674623403800).actualDelivery]
 |  +-BasicFetch [org.frcpm.models.Component(959674623403800).delivered]
 |  +-BasicFetch [org.frcpm.models.Component(959674623403800).description]
 |  +-BasicFetch [org.frcpm.models.Component(959674623403800).expectedDelivery]
 |  +-BasicFetch [org.frcpm.models.Component(959674623403800).name]
 |  +-BasicFetch [org.frcpm.models.Component(959674623403800).partNumber]
 |  \-DelayedCollectionFetch [org.frcpm.models.Component(959674623403800).requiredForTasks]

10:24:18.337 [main] DEBUG org.hibernate.orm.sql.ast.tree - SQL AST Tree:
    SelectStatement {
      FromClause {
        StandardTableGroup (c1 : org.frcpm.models.Component(959674623403800)) {
          primaryTableReference : components as c1_0
        }
      }
    }

10:24:18.338 [main] DEBUG org.hibernate.orm.sql.exec - Skipping reading Query result cache data: cache-enabled = false, cache-mode = NORMAL
10:24:18.338 [main] DEBUG org.hibernate.orm.results - Initializer list:
	  org.frcpm.models.Component(959674623403800) -> EntityResultInitializer(org.frcpm.models.Component(959674623403800))@1895670600 (SingleTableEntityPersister(org.frcpm.models.Component))
	  org.frcpm.models.Component(959674623403800).requiredForTasks -> DelayedCollectionInitializer(org.frcpm.models.Component(959674623403800).requiredForTasks)@1262765089 (PluralAttribute(org.frcpm.models.Component.requiredForTasks))

10:24:18.338 [main] DEBUG org.hibernate.SQL - select c1_0.id,c1_0.actual_delivery,c1_0.is_delivered,c1_0.description,c1_0.expected_delivery,c1_0.name,c1_0.part_number from components c1_0
10:24:18.339 [main] DEBUG org.hibernate.orm.results - Extracted JDBC value [0] - [1]
10:24:18.340 [main] DEBUG org.hibernate.orm.results.loading.entity - (EntityResultInitializer) Hydrated EntityKey (org.frcpm.models.Component(959674623403800)): 1
10:24:18.340 [main] DEBUG org.hibernate.orm.results.loading.org.hibernate.orm.results.loading.collection - (DelayedCollectionInitializer) Current row collection key : org.frcpm.models.Component(959674623403800).requiredForTasks#1
10:24:18.340 [main] DEBUG org.hibernate.orm.results.loading.entity - (EntityResultInitializer) Created new entity instance [org.frcpm.models.Component(959674623403800)#1] : 489036341
10:24:18.340 [main] DEBUG org.hibernate.orm.results - Extracted JDBC value [1] - [null]
10:24:18.340 [main] DEBUG org.hibernate.orm.results - Extracted JDBC value [2] - [false]
10:24:18.340 [main] DEBUG org.hibernate.orm.results - Extracted JDBC value [3] - [Motor controller for NEO brushless motors]
10:24:18.340 [main] DEBUG org.hibernate.orm.results - Extracted JDBC value [4] - [2025-05-04]
10:24:18.340 [main] DEBUG org.hibernate.orm.results - Extracted JDBC value [5] - [SPARK MAX]
10:24:18.340 [main] DEBUG org.hibernate.orm.results - Extracted JDBC value [6] - [REV-11-2158]
10:24:18.340 [main] DEBUG org.hibernate.orm.results.loading.entity - (EntityResultInitializer) Done materializing entityInstance : org.frcpm.models.Component(959674623403800)#1
10:24:18.340 [main] DEBUG org.hibernate.orm.results.loading - Calling top-level assembler (0 / 1) : org.hibernate.sql.results.graph.entity.internal.EntityAssembler@12578cda
10:24:18.340 [main] DEBUG org.hibernate.orm.results - Extracted JDBC value [0] - [2]
10:24:18.340 [main] DEBUG org.hibernate.orm.results.loading.entity - (EntityResultInitializer) Hydrated EntityKey (org.frcpm.models.Component(959674623403800)): 2
10:24:18.340 [main] DEBUG org.hibernate.orm.results.loading.org.hibernate.orm.results.loading.collection - (DelayedCollectionInitializer) Current row collection key : org.frcpm.models.Component(959674623403800).requiredForTasks#2
10:24:18.341 [main] DEBUG org.hibernate.orm.results.loading.entity - (EntityResultInitializer) Created new entity instance [org.frcpm.models.Component(959674623403800)#2] : 1923022899
10:24:18.341 [main] DEBUG org.hibernate.orm.results - Extracted JDBC value [1] - [null]
10:24:18.341 [main] DEBUG org.hibernate.orm.results - Extracted JDBC value [2] - [false]
10:24:18.341 [main] DEBUG org.hibernate.orm.results - Extracted JDBC value [3] - [High performance brushless DC motor]
10:24:18.341 [main] DEBUG org.hibernate.orm.results - Extracted JDBC value [4] - [2025-05-04]
10:24:18.341 [main] DEBUG org.hibernate.orm.results - Extracted JDBC value [5] - [NEO Brushless Motor]
10:24:18.341 [main] DEBUG org.hibernate.orm.results - Extracted JDBC value [6] - [REV-21-1650]
10:24:18.341 [main] DEBUG org.hibernate.orm.results.loading.entity - (EntityResultInitializer) Done materializing entityInstance : org.frcpm.models.Component(959674623403800)#2
10:24:18.341 [main] DEBUG org.hibernate.orm.results.loading - Calling top-level assembler (0 / 1) : org.hibernate.sql.results.graph.entity.internal.EntityAssembler@12578cda
10:24:18.341 [main] DEBUG org.hibernate.orm.results - Extracted JDBC value [0] - [3]
10:24:18.341 [main] DEBUG org.hibernate.orm.results.loading.entity - (EntityResultInitializer) Hydrated EntityKey (org.frcpm.models.Component(959674623403800)): 3
10:24:18.341 [main] DEBUG org.hibernate.orm.results.loading.org.hibernate.orm.results.loading.collection - (DelayedCollectionInitializer) Current row collection key : org.frcpm.models.Component(959674623403800).requiredForTasks#3
10:24:18.341 [main] DEBUG org.hibernate.orm.results.loading.entity - (EntityResultInitializer) Created new entity instance [org.frcpm.models.Component(959674623403800)#3] : 2051882275
10:24:18.341 [main] DEBUG org.hibernate.orm.results - Extracted JDBC value [1] - [2025-05-01]
10:24:18.341 [main] DEBUG org.hibernate.orm.results - Extracted JDBC value [2] - [true]
10:24:18.341 [main] DEBUG org.hibernate.orm.results - Extracted JDBC value [3] - [Omni-directional wheels for holonomic drive]
10:24:18.341 [main] DEBUG org.hibernate.orm.results - Extracted JDBC value [4] - [2025-05-02]
10:24:18.341 [main] DEBUG org.hibernate.orm.results - Extracted JDBC value [5] - [4" Omni Wheels]
10:24:18.341 [main] DEBUG org.hibernate.orm.results - Extracted JDBC value [6] - [AM-0016]
10:24:18.341 [main] DEBUG org.hibernate.orm.results.loading.entity - (EntityResultInitializer) Done materializing entityInstance : org.frcpm.models.Component(959674623403800)#3
10:24:18.341 [main] DEBUG org.hibernate.orm.results.loading - Calling top-level assembler (0 / 1) : org.hibernate.sql.results.graph.entity.internal.EntityAssembler@12578cda
10:24:18.341 [main] DEBUG org.hibernate.orm.results - Extracted JDBC value [0] - [4]
10:24:18.341 [main] DEBUG org.hibernate.orm.results.loading.entity - (EntityResultInitializer) Hydrated EntityKey (org.frcpm.models.Component(959674623403800)): 4
10:24:18.341 [main] DEBUG org.hibernate.orm.results.loading.org.hibernate.orm.results.loading.collection - (DelayedCollectionInitializer) Current row collection key : org.frcpm.models.Component(959674623403800).requiredForTasks#4
10:24:18.341 [main] DEBUG org.hibernate.orm.results.loading.entity - (EntityResultInitializer) Created new entity instance [org.frcpm.models.Component(959674623403800)#4] : 1590051805
10:24:18.341 [main] DEBUG org.hibernate.orm.results - Extracted JDBC value [1] - [null]
10:24:18.341 [main] DEBUG org.hibernate.orm.results - Extracted JDBC value [2] - [false]
10:24:18.341 [main] DEBUG org.hibernate.orm.results - Extracted JDBC value [3] - [Smart camera for vision tracking]
10:24:18.341 [main] DEBUG org.hibernate.orm.results - Extracted JDBC value [4] - [2025-05-08]
10:24:18.341 [main] DEBUG org.hibernate.orm.results - Extracted JDBC value [5] - [Limelight 3]
10:24:18.341 [main] DEBUG org.hibernate.orm.results - Extracted JDBC value [6] - [LL3-1]
10:24:18.341 [main] DEBUG org.hibernate.orm.results.loading.entity - (EntityResultInitializer) Done materializing entityInstance : org.frcpm.models.Component(959674623403800)#4
10:24:18.341 [main] DEBUG org.hibernate.orm.results.loading - Calling top-level assembler (0 / 1) : org.hibernate.sql.results.graph.entity.internal.EntityAssembler@12578cda
10:24:18.341 [main] DEBUG org.hibernate.orm.results - Extracted JDBC value [0] - [5]
10:24:18.341 [main] DEBUG org.hibernate.orm.results.loading.entity - (EntityResultInitializer) Hydrated EntityKey (org.frcpm.models.Component(959674623403800)): 5
10:24:18.341 [main] DEBUG org.hibernate.orm.results.loading.org.hibernate.orm.results.loading.collection - (DelayedCollectionInitializer) Current row collection key : org.frcpm.models.Component(959674623403800).requiredForTasks#5
10:24:18.341 [main] DEBUG org.hibernate.orm.results.loading.entity - (EntityResultInitializer) Created new entity instance [org.frcpm.models.Component(959674623403800)#5] : 949892578
10:24:18.341 [main] DEBUG org.hibernate.orm.results - Extracted JDBC value [1] - [null]
10:24:18.341 [main] DEBUG org.hibernate.orm.results - Extracted JDBC value [2] - [false]
10:24:18.341 [main] DEBUG org.hibernate.orm.results - Extracted JDBC value [3] - [Control module for pneumatic systems]
10:24:18.341 [main] DEBUG org.hibernate.orm.results - Extracted JDBC value [4] - [2025-05-06]
10:24:18.341 [main] DEBUG org.hibernate.orm.results - Extracted JDBC value [5] - [Pneumatic Control Module]
10:24:18.341 [main] DEBUG org.hibernate.orm.results - Extracted JDBC value [6] - [CTRE-PCM]
10:24:18.341 [main] DEBUG org.hibernate.orm.results.loading.entity - (EntityResultInitializer) Done materializing entityInstance : org.frcpm.models.Component(959674623403800)#5
10:24:18.341 [main] DEBUG org.hibernate.orm.results.loading - Calling top-level assembler (0 / 1) : org.hibernate.sql.results.graph.entity.internal.EntityAssembler@12578cda
10:24:18.341 [main] DEBUG org.hibernate.orm.results - Extracted JDBC value [0] - [12]
10:24:18.341 [main] DEBUG org.hibernate.orm.results.loading.entity - (EntityResultInitializer) Hydrated EntityKey (org.frcpm.models.Component(959674623403800)): 12
10:24:18.341 [main] DEBUG org.hibernate.orm.results.loading.org.hibernate.orm.results.loading.collection - (DelayedCollectionInitializer) Current row collection key : org.frcpm.models.Component(959674623403800).requiredForTasks#12
10:24:18.341 [main] DEBUG org.hibernate.orm.results.loading.entity - (EntityResultInitializer) Created new entity instance [org.frcpm.models.Component(959674623403800)#12] : 314694810
10:24:18.341 [main] DEBUG org.hibernate.orm.results - Extracted JDBC value [1] - [null]
10:24:18.341 [main] DEBUG org.hibernate.orm.results - Extracted JDBC value [2] - [false]
10:24:18.341 [main] DEBUG org.hibernate.orm.results - Extracted JDBC value [3] - [null]
10:24:18.341 [main] DEBUG org.hibernate.orm.results - Extracted JDBC value [4] - [null]
10:24:18.341 [main] DEBUG org.hibernate.orm.results - Extracted JDBC value [5] - [Test Count Component]
10:24:18.341 [main] DEBUG org.hibernate.orm.results - Extracted JDBC value [6] - [TCC-001]
10:24:18.341 [main] DEBUG org.hibernate.orm.results.loading.entity - (EntityResultInitializer) Done materializing entityInstance : org.frcpm.models.Component(959674623403800)#12
10:24:18.341 [main] DEBUG org.hibernate.orm.results.loading - Calling top-level assembler (0 / 1) : org.hibernate.sql.results.graph.entity.internal.EntityAssembler@12578cda
10:24:18.341 [main] DEBUG org.hibernate.orm.results - Extracted JDBC value [0] - [16]
10:24:18.341 [main] DEBUG org.hibernate.orm.results.loading.entity - (EntityResultInitializer) Hydrated EntityKey (org.frcpm.models.Component(959674623403800)): 16
10:24:18.342 [main] DEBUG org.hibernate.orm.results.loading.org.hibernate.orm.results.loading.collection - (DelayedCollectionInitializer) Current row collection key : org.frcpm.models.Component(959674623403800).requiredForTasks#16
10:24:18.342 [main] DEBUG org.hibernate.orm.results.loading.entity - (EntityResultInitializer) Created new entity instance [org.frcpm.models.Component(959674623403800)#16] : 1039849533
10:24:18.342 [main] DEBUG org.hibernate.orm.results - Extracted JDBC value [1] - [null]
10:24:18.342 [main] DEBUG org.hibernate.orm.results - Extracted JDBC value [2] - [false]
10:24:18.342 [main] DEBUG org.hibernate.orm.results - Extracted JDBC value [3] - [Save component description]
10:24:18.342 [main] DEBUG org.hibernate.orm.results - Extracted JDBC value [4] - [2025-05-10]
10:24:18.342 [main] DEBUG org.hibernate.orm.results - Extracted JDBC value [5] - [Test Save Component]
10:24:18.342 [main] DEBUG org.hibernate.orm.results - Extracted JDBC value [6] - [TSC-001]
10:24:18.342 [main] DEBUG org.hibernate.orm.results.loading.entity - (EntityResultInitializer) Done materializing entityInstance : org.frcpm.models.Component(959674623403800)#16
10:24:18.342 [main] DEBUG org.hibernate.orm.results.loading - Calling top-level assembler (0 / 1) : org.hibernate.sql.results.graph.entity.internal.EntityAssembler@12578cda
10:24:18.342 [main] DEBUG org.hibernate.orm.results - Extracted JDBC value [0] - [40]
10:24:18.342 [main] DEBUG org.hibernate.orm.results.loading.entity - (EntityResultInitializer) Hydrated EntityKey (org.frcpm.models.Component(959674623403800)): 40
10:24:18.342 [main] DEBUG org.hibernate.orm.results.loading.org.hibernate.orm.results.loading.collection - (DelayedCollectionInitializer) Current row collection key : org.frcpm.models.Component(959674623403800).requiredForTasks#40
10:24:18.342 [main] DEBUG org.hibernate.orm.results.loading.entity - (EntityResultInitializer) Created new entity instance [org.frcpm.models.Component(959674623403800)#40] : 1919168461
10:24:18.342 [main] DEBUG org.hibernate.orm.results - Extracted JDBC value [1] - [2025-04-25]
10:24:18.342 [main] DEBUG org.hibernate.orm.results - Extracted JDBC value [2] - [true]
10:24:18.342 [main] DEBUG org.hibernate.orm.results - Extracted JDBC value [3] - [Updated description]
10:24:18.342 [main] DEBUG org.hibernate.orm.results - Extracted JDBC value [4] - [null]
10:24:18.342 [main] DEBUG org.hibernate.orm.results - Extracted JDBC value [5] - [Updated Component Name]
10:24:18.342 [main] DEBUG org.hibernate.orm.results - Extracted JDBC value [6] - [TUC-001]
10:24:18.342 [main] DEBUG org.hibernate.orm.results.loading.entity - (EntityResultInitializer) Done materializing entityInstance : org.frcpm.models.Component(959674623403800)#40
10:24:18.342 [main] DEBUG org.hibernate.orm.results.loading - Calling top-level assembler (0 / 1) : org.hibernate.sql.results.graph.entity.internal.EntityAssembler@12578cda
10:24:18.342 [main] DEBUG org.hibernate.orm.results - Extracted JDBC value [0] - [55]
10:24:18.342 [main] DEBUG org.hibernate.orm.results.loading.entity - (EntityResultInitializer) Hydrated EntityKey (org.frcpm.models.Component(959674623403800)): 55
10:24:18.342 [main] DEBUG org.hibernate.orm.results.loading.org.hibernate.orm.results.loading.collection - (DelayedCollectionInitializer) Current row collection key : org.frcpm.models.Component(959674623403800).requiredForTasks#55
10:24:18.342 [main] DEBUG org.hibernate.orm.results.loading.entity - (EntityResultInitializer) Created new entity instance [org.frcpm.models.Component(959674623403800)#55] : 2076683126
10:24:18.342 [main] DEBUG org.hibernate.orm.results - Extracted JDBC value [1] - [null]
10:24:18.342 [main] DEBUG org.hibernate.orm.results - Extracted JDBC value [2] - [false]
10:24:18.342 [main] DEBUG org.hibernate.orm.results - Extracted JDBC value [3] - [Component 1 for association test]
10:24:18.342 [main] DEBUG org.hibernate.orm.results - Extracted JDBC value [4] - [2025-04-28]
10:24:18.342 [main] DEBUG org.hibernate.orm.results - Extracted JDBC value [5] - [Test Component Assoc 1]
10:24:18.342 [main] DEBUG org.hibernate.orm.results - Extracted JDBC value [6] - [TC-ASSOC1]
10:24:18.342 [main] DEBUG org.hibernate.orm.results.loading.entity - (EntityResultInitializer) Done materializing entityInstance : org.frcpm.models.Component(959674623403800)#55
10:24:18.342 [main] DEBUG org.hibernate.orm.results.loading - Calling top-level assembler (0 / 1) : org.hibernate.sql.results.graph.entity.internal.EntityAssembler@12578cda
10:24:18.342 [main] DEBUG org.hibernate.orm.results - Extracted JDBC value [0] - [56]
10:24:18.342 [main] DEBUG org.hibernate.orm.results.loading.entity - (EntityResultInitializer) Hydrated EntityKey (org.frcpm.models.Component(959674623403800)): 56
10:24:18.342 [main] DEBUG org.hibernate.orm.results.loading.org.hibernate.orm.results.loading.collection - (DelayedCollectionInitializer) Current row collection key : org.frcpm.models.Component(959674623403800).requiredForTasks#56
10:24:18.342 [main] DEBUG org.hibernate.orm.results.loading.entity - (EntityResultInitializer) Created new entity instance [org.frcpm.models.Component(959674623403800)#56] : 772369591
10:24:18.342 [main] DEBUG org.hibernate.orm.results - Extracted JDBC value [1] - [null]
10:24:18.342 [main] DEBUG org.hibernate.orm.results - Extracted JDBC value [2] - [false]
10:24:18.342 [main] DEBUG org.hibernate.orm.results - Extracted JDBC value [3] - [Component 2 for association test]
10:24:18.342 [main] DEBUG org.hibernate.orm.results - Extracted JDBC value [4] - [2025-04-30]
10:24:18.342 [main] DEBUG org.hibernate.orm.results - Extracted JDBC value [5] - [Test Component Assoc 2]
10:24:18.342 [main] DEBUG org.hibernate.orm.results - Extracted JDBC value [6] - [TC-ASSOC2]
10:24:18.342 [main] DEBUG org.hibernate.orm.results.loading.entity - (EntityResultInitializer) Done materializing entityInstance : org.frcpm.models.Component(959674623403800)#56
10:24:18.342 [main] DEBUG org.hibernate.orm.results.loading - Calling top-level assembler (0 / 1) : org.hibernate.sql.results.graph.entity.internal.EntityAssembler@12578cda
10:24:18.342 [main] DEBUG org.hibernate.orm.results - Extracted JDBC value [0] - [57]
10:24:18.342 [main] DEBUG org.hibernate.orm.results.loading.entity - (EntityResultInitializer) Hydrated EntityKey (org.frcpm.models.Component(959674623403800)): 57
10:24:18.343 [main] DEBUG org.hibernate.orm.results.loading.org.hibernate.orm.results.loading.collection - (DelayedCollectionInitializer) Current row collection key : org.frcpm.models.Component(959674623403800).requiredForTasks#57
10:24:18.343 [main] DEBUG org.hibernate.orm.results.loading.entity - (EntityResultInitializer) Created new entity instance [org.frcpm.models.Component(959674623403800)#57] : 1174049020
10:24:18.343 [main] DEBUG org.hibernate.orm.results - Extracted JDBC value [1] - [null]
10:24:18.343 [main] DEBUG org.hibernate.orm.results - Extracted JDBC value [2] - [false]
10:24:18.343 [main] DEBUG org.hibernate.orm.results - Extracted JDBC value [3] - [First test component description]
10:24:18.343 [main] DEBUG org.hibernate.orm.results - Extracted JDBC value [4] - [2025-04-30]
10:24:18.343 [main] DEBUG org.hibernate.orm.results - Extracted JDBC value [5] - [Test Component 1]
10:24:18.343 [main] DEBUG org.hibernate.orm.results - Extracted JDBC value [6] - [TC-001]
10:24:18.343 [main] DEBUG org.hibernate.orm.results.loading.entity - (EntityResultInitializer) Done materializing entityInstance : org.frcpm.models.Component(959674623403800)#57
10:24:18.343 [main] DEBUG org.hibernate.orm.results.loading - Calling top-level assembler (0 / 1) : org.hibernate.sql.results.graph.entity.internal.EntityAssembler@12578cda
10:24:18.343 [main] DEBUG org.hibernate.orm.results - Extracted JDBC value [0] - [58]
10:24:18.343 [main] DEBUG org.hibernate.orm.results.loading.entity - (EntityResultInitializer) Hydrated EntityKey (org.frcpm.models.Component(959674623403800)): 58
10:24:18.343 [main] DEBUG org.hibernate.orm.results.loading.org.hibernate.orm.results.loading.collection - (DelayedCollectionInitializer) Current row collection key : org.frcpm.models.Component(959674623403800).requiredForTasks#58
10:24:18.343 [main] DEBUG org.hibernate.orm.results.loading.entity - (EntityResultInitializer) Created new entity instance [org.frcpm.models.Component(959674623403800)#58] : 1555793301
10:24:18.343 [main] DEBUG org.hibernate.orm.results - Extracted JDBC value [1] - [null]
10:24:18.343 [main] DEBUG org.hibernate.orm.results - Extracted JDBC value [2] - [false]
10:24:18.343 [main] DEBUG org.hibernate.orm.results - Extracted JDBC value [3] - [Second test component description]
10:24:18.343 [main] DEBUG org.hibernate.orm.results - Extracted JDBC value [4] - [2025-05-02]
10:24:18.343 [main] DEBUG org.hibernate.orm.results - Extracted JDBC value [5] - [Test Component 2]
10:24:18.343 [main] DEBUG org.hibernate.orm.results - Extracted JDBC value [6] - [TC-002]
10:24:18.343 [main] DEBUG org.hibernate.orm.results.loading.entity - (EntityResultInitializer) Done materializing entityInstance : org.frcpm.models.Component(959674623403800)#58
10:24:18.343 [main] DEBUG org.hibernate.orm.results.loading - Calling top-level assembler (0 / 1) : org.hibernate.sql.results.graph.entity.internal.EntityAssembler@12578cda
10:24:18.343 [main] DEBUG org.hibernate.orm.results - Extracted JDBC value [0] - [59]
10:24:18.343 [main] DEBUG org.hibernate.orm.results.loading.entity - (EntityResultInitializer) Hydrated EntityKey (org.frcpm.models.Component(959674623403800)): 59
10:24:18.343 [main] DEBUG org.hibernate.orm.results.loading.org.hibernate.orm.results.loading.collection - (DelayedCollectionInitializer) Current row collection key : org.frcpm.models.Component(959674623403800).requiredForTasks#59
10:24:18.343 [main] DEBUG org.hibernate.orm.results.loading.entity - (EntityResultInitializer) Created new entity instance [org.frcpm.models.Component(959674623403800)#59] : 1313548336
10:24:18.343 [main] DEBUG org.hibernate.orm.results - Extracted JDBC value [1] - [2025-05-04]
10:24:18.343 [main] DEBUG org.hibernate.orm.results - Extracted JDBC value [2] - [true]
10:24:18.343 [main] DEBUG org.hibernate.orm.results - Extracted JDBC value [3] - [Third test component description]
10:24:18.343 [main] DEBUG org.hibernate.orm.results - Extracted JDBC value [4] - [2025-05-05]
10:24:18.343 [main] DEBUG org.hibernate.orm.results - Extracted JDBC value [5] - [Test Component 3]
10:24:18.343 [main] DEBUG org.hibernate.orm.results - Extracted JDBC value [6] - [TC-003]
10:24:18.343 [main] DEBUG org.hibernate.orm.results.loading.entity - (EntityResultInitializer) Done materializing entityInstance : org.frcpm.models.Component(959674623403800)#59
10:24:18.343 [main] DEBUG org.hibernate.orm.results.loading - Calling top-level assembler (0 / 1) : org.hibernate.sql.results.graph.entity.internal.EntityAssembler@12578cda
10:24:18.343 [main] DEBUG org.hibernate.orm.results - Extracted JDBC value [0] - [60]
10:24:18.343 [main] DEBUG org.hibernate.orm.results.loading.entity - (EntityResultInitializer) Hydrated EntityKey (org.frcpm.models.Component(959674623403800)): 60
10:24:18.343 [main] DEBUG org.hibernate.orm.results.loading.org.hibernate.orm.results.loading.collection - (DelayedCollectionInitializer) Current row collection key : org.frcpm.models.Component(959674623403800).requiredForTasks#60
10:24:18.343 [main] DEBUG org.hibernate.orm.results.loading.entity - (EntityResultInitializer) Created new entity instance [org.frcpm.models.Component(959674623403800)#60] : 1720768875
10:24:18.343 [main] DEBUG org.hibernate.orm.results - Extracted JDBC value [1] - [null]
10:24:18.343 [main] DEBUG org.hibernate.orm.results - Extracted JDBC value [2] - [false]
10:24:18.343 [main] DEBUG org.hibernate.orm.results - Extracted JDBC value [3] - [First test component description]
10:24:18.343 [main] DEBUG org.hibernate.orm.results - Extracted JDBC value [4] - [2025-04-30]
10:24:18.343 [main] DEBUG org.hibernate.orm.results - Extracted JDBC value [5] - [Test Component 1]
10:24:18.343 [main] DEBUG org.hibernate.orm.results - Extracted JDBC value [6] - [TC-001]
10:24:18.343 [main] DEBUG org.hibernate.orm.results.loading.entity - (EntityResultInitializer) Done materializing entityInstance : org.frcpm.models.Component(959674623403800)#60
10:24:18.343 [main] DEBUG org.hibernate.orm.results.loading - Calling top-level assembler (0 / 1) : org.hibernate.sql.results.graph.entity.internal.EntityAssembler@12578cda
10:24:18.343 [main] DEBUG org.hibernate.orm.results - Extracted JDBC value [0] - [61]
10:24:18.344 [main] DEBUG org.hibernate.orm.results.loading.entity - (EntityResultInitializer) Hydrated EntityKey (org.frcpm.models.Component(959674623403800)): 61
10:24:18.344 [main] DEBUG org.hibernate.orm.results.loading.org.hibernate.orm.results.loading.collection - (DelayedCollectionInitializer) Current row collection key : org.frcpm.models.Component(959674623403800).requiredForTasks#61
10:24:18.344 [main] DEBUG org.hibernate.orm.results.loading.entity - (EntityResultInitializer) Created new entity instance [org.frcpm.models.Component(959674623403800)#61] : 389958803
10:24:18.344 [main] DEBUG org.hibernate.orm.results - Extracted JDBC value [1] - [null]
10:24:18.344 [main] DEBUG org.hibernate.orm.results - Extracted JDBC value [2] - [false]
10:24:18.344 [main] DEBUG org.hibernate.orm.results - Extracted JDBC value [3] - [Second test component description]
10:24:18.344 [main] DEBUG org.hibernate.orm.results - Extracted JDBC value [4] - [2025-05-02]
10:24:18.344 [main] DEBUG org.hibernate.orm.results - Extracted JDBC value [5] - [Test Component 2]
10:24:18.344 [main] DEBUG org.hibernate.orm.results - Extracted JDBC value [6] - [TC-002]
10:24:18.344 [main] DEBUG org.hibernate.orm.results.loading.entity - (EntityResultInitializer) Done materializing entityInstance : org.frcpm.models.Component(959674623403800)#61
10:24:18.344 [main] DEBUG org.hibernate.orm.results.loading - Calling top-level assembler (0 / 1) : org.hibernate.sql.results.graph.entity.internal.EntityAssembler@12578cda
10:24:18.344 [main] DEBUG org.hibernate.orm.results - Extracted JDBC value [0] - [62]
10:24:18.344 [main] DEBUG org.hibernate.orm.results.loading.entity - (EntityResultInitializer) Hydrated EntityKey (org.frcpm.models.Component(959674623403800)): 62
10:24:18.344 [main] DEBUG org.hibernate.orm.results.loading.org.hibernate.orm.results.loading.collection - (DelayedCollectionInitializer) Current row collection key : org.frcpm.models.Component(959674623403800).requiredForTasks#62
10:24:18.344 [main] DEBUG org.hibernate.orm.results.loading.entity - (EntityResultInitializer) Created new entity instance [org.frcpm.models.Component(959674623403800)#62] : 715593145
10:24:18.344 [main] DEBUG org.hibernate.orm.results - Extracted JDBC value [1] - [2025-05-04]
10:24:18.344 [main] DEBUG org.hibernate.orm.results - Extracted JDBC value [2] - [true]
10:24:18.344 [main] DEBUG org.hibernate.orm.results - Extracted JDBC value [3] - [Third test component description]
10:24:18.344 [main] DEBUG org.hibernate.orm.results - Extracted JDBC value [4] - [2025-05-05]
10:24:18.344 [main] DEBUG org.hibernate.orm.results - Extracted JDBC value [5] - [Test Component 3]
10:24:18.344 [main] DEBUG org.hibernate.orm.results - Extracted JDBC value [6] - [TC-003]
10:24:18.344 [main] DEBUG org.hibernate.orm.results.loading.entity - (EntityResultInitializer) Done materializing entityInstance : org.frcpm.models.Component(959674623403800)#62
10:24:18.345 [main] DEBUG org.hibernate.orm.results.loading - Calling top-level assembler (0 / 1) : org.hibernate.sql.results.graph.entity.internal.EntityAssembler@12578cda
10:24:18.345 [main] DEBUG org.hibernate.orm.results - Extracted JDBC value [0] - [63]
10:24:18.345 [main] DEBUG org.hibernate.orm.results.loading.entity - (EntityResultInitializer) Hydrated EntityKey (org.frcpm.models.Component(959674623403800)): 63
10:24:18.345 [main] DEBUG org.hibernate.orm.results.loading.org.hibernate.orm.results.loading.collection - (DelayedCollectionInitializer) Current row collection key : org.frcpm.models.Component(959674623403800).requiredForTasks#63
10:24:18.345 [main] DEBUG org.hibernate.orm.results.loading.entity - (EntityResultInitializer) Created new entity instance [org.frcpm.models.Component(959674623403800)#63] : 1347706126
10:24:18.345 [main] DEBUG org.hibernate.orm.results - Extracted JDBC value [1] - [null]
10:24:18.345 [main] DEBUG org.hibernate.orm.results - Extracted JDBC value [2] - [false]
10:24:18.345 [main] DEBUG org.hibernate.orm.results - Extracted JDBC value [3] - [null]
10:24:18.345 [main] DEBUG org.hibernate.orm.results - Extracted JDBC value [4] - [null]
10:24:18.345 [main] DEBUG org.hibernate.orm.results - Extracted JDBC value [5] - [Test Count Component]
10:24:18.345 [main] DEBUG org.hibernate.orm.results - Extracted JDBC value [6] - [TCC-001]
10:24:18.345 [main] DEBUG org.hibernate.orm.results.loading.entity - (EntityResultInitializer) Done materializing entityInstance : org.frcpm.models.Component(959674623403800)#63
10:24:18.345 [main] DEBUG org.hibernate.orm.results.loading - Calling top-level assembler (0 / 1) : org.hibernate.sql.results.graph.entity.internal.EntityAssembler@12578cda
10:24:18.345 [main] DEBUG org.hibernate.orm.results - Extracted JDBC value [0] - [64]
10:24:18.345 [main] DEBUG org.hibernate.orm.results.loading.entity - (EntityResultInitializer) Hydrated EntityKey (org.frcpm.models.Component(959674623403800)): 64
10:24:18.345 [main] DEBUG org.hibernate.orm.results.loading.org.hibernate.orm.results.loading.collection - (DelayedCollectionInitializer) Current row collection key : org.frcpm.models.Component(959674623403800).requiredForTasks#64
10:24:18.345 [main] DEBUG org.hibernate.orm.results.loading.entity - (EntityResultInitializer) Created new entity instance [org.frcpm.models.Component(959674623403800)#64] : 1858893116
10:24:18.345 [main] DEBUG org.hibernate.orm.results - Extracted JDBC value [1] - [null]
10:24:18.345 [main] DEBUG org.hibernate.orm.results - Extracted JDBC value [2] - [false]
10:24:18.345 [main] DEBUG org.hibernate.orm.results - Extracted JDBC value [3] - [First test component description]
10:24:18.345 [main] DEBUG org.hibernate.orm.results - Extracted JDBC value [4] - [2025-04-30]
10:24:18.345 [main] DEBUG org.hibernate.orm.results - Extracted JDBC value [5] - [Test Component 1]
10:24:18.345 [main] DEBUG org.hibernate.orm.results - Extracted JDBC value [6] - [TC-001]
10:24:18.345 [main] DEBUG org.hibernate.orm.results.loading.entity - (EntityResultInitializer) Done materializing entityInstance : org.frcpm.models.Component(959674623403800)#64
10:24:18.345 [main] DEBUG org.hibernate.orm.results.loading - Calling top-level assembler (0 / 1) : org.hibernate.sql.results.graph.entity.internal.EntityAssembler@12578cda
10:24:18.345 [main] DEBUG org.hibernate.orm.results - Extracted JDBC value [0] - [65]
10:24:18.345 [main] DEBUG org.hibernate.orm.results.loading.entity - (EntityResultInitializer) Hydrated EntityKey (org.frcpm.models.Component(959674623403800)): 65
10:24:18.345 [main] DEBUG org.hibernate.orm.results.loading.org.hibernate.orm.results.loading.collection - (DelayedCollectionInitializer) Current row collection key : org.frcpm.models.Component(959674623403800).requiredForTasks#65
10:24:18.345 [main] DEBUG org.hibernate.orm.results.loading.entity - (EntityResultInitializer) Created new entity instance [org.frcpm.models.Component(959674623403800)#65] : 2007849067
10:24:18.345 [main] DEBUG org.hibernate.orm.results - Extracted JDBC value [1] - [null]
10:24:18.345 [main] DEBUG org.hibernate.orm.results - Extracted JDBC value [2] - [false]
10:24:18.345 [main] DEBUG org.hibernate.orm.results - Extracted JDBC value [3] - [Second test component description]
10:24:18.346 [main] DEBUG org.hibernate.orm.results - Extracted JDBC value [4] - [2025-05-02]
10:24:18.346 [main] DEBUG org.hibernate.orm.results - Extracted JDBC value [5] - [Test Component 2]
10:24:18.346 [main] DEBUG org.hibernate.orm.results - Extracted JDBC value [6] - [TC-002]
10:24:18.346 [main] DEBUG org.hibernate.orm.results.loading.entity - (EntityResultInitializer) Done materializing entityInstance : org.frcpm.models.Component(959674623403800)#65
10:24:18.346 [main] DEBUG org.hibernate.orm.results.loading - Calling top-level assembler (0 / 1) : org.hibernate.sql.results.graph.entity.internal.EntityAssembler@12578cda
10:24:18.346 [main] DEBUG org.hibernate.orm.results - Extracted JDBC value [0] - [66]
10:24:18.346 [main] DEBUG org.hibernate.orm.results.loading.entity - (EntityResultInitializer) Hydrated EntityKey (org.frcpm.models.Component(959674623403800)): 66
10:24:18.346 [main] DEBUG org.hibernate.orm.results.loading.org.hibernate.orm.results.loading.collection - (DelayedCollectionInitializer) Current row collection key : org.frcpm.models.Component(959674623403800).requiredForTasks#66
10:24:18.346 [main] DEBUG org.hibernate.orm.results.loading.entity - (EntityResultInitializer) Created new entity instance [org.frcpm.models.Component(959674623403800)#66] : 589706241
10:24:18.346 [main] DEBUG org.hibernate.orm.results - Extracted JDBC value [1] - [2025-05-04]
10:24:18.346 [main] DEBUG org.hibernate.orm.results - Extracted JDBC value [2] - [true]
10:24:18.346 [main] DEBUG org.hibernate.orm.results - Extracted JDBC value [3] - [Third test component description]
10:24:18.346 [main] DEBUG org.hibernate.orm.results - Extracted JDBC value [4] - [2025-05-05]
10:24:18.346 [main] DEBUG org.hibernate.orm.results - Extracted JDBC value [5] - [Test Component 3]
10:24:18.346 [main] DEBUG org.hibernate.orm.results - Extracted JDBC value [6] - [TC-003]
10:24:18.346 [main] DEBUG org.hibernate.orm.results.loading.entity - (EntityResultInitializer) Done materializing entityInstance : org.frcpm.models.Component(959674623403800)#66
10:24:18.346 [main] DEBUG org.hibernate.orm.results.loading - Calling top-level assembler (0 / 1) : org.hibernate.sql.results.graph.entity.internal.EntityAssembler@12578cda
10:24:18.346 [main] DEBUG org.hibernate.orm.results - Extracted JDBC value [0] - [67]
10:24:18.346 [main] DEBUG org.hibernate.orm.results.loading.entity - (EntityResultInitializer) Hydrated EntityKey (org.frcpm.models.Component(959674623403800)): 67
10:24:18.346 [main] DEBUG org.hibernate.orm.results.loading.org.hibernate.orm.results.loading.collection - (DelayedCollectionInitializer) Current row collection key : org.frcpm.models.Component(959674623403800).requiredForTasks#67
10:24:18.346 [main] DEBUG org.hibernate.orm.results.loading.entity - (EntityResultInitializer) Created new entity instance [org.frcpm.models.Component(959674623403800)#67] : 635575313
10:24:18.346 [main] DEBUG org.hibernate.orm.results - Extracted JDBC value [1] - [null]
10:24:18.346 [main] DEBUG org.hibernate.orm.results - Extracted JDBC value [2] - [false]
10:24:18.346 [main] DEBUG org.hibernate.orm.results - Extracted JDBC value [3] - [Save component description]
10:24:18.346 [main] DEBUG org.hibernate.orm.results - Extracted JDBC value [4] - [2025-05-10]
10:24:18.346 [main] DEBUG org.hibernate.orm.results - Extracted JDBC value [5] - [Test Save Component]
10:24:18.346 [main] DEBUG org.hibernate.orm.results - Extracted JDBC value [6] - [TSC-001]
10:24:18.347 [main] DEBUG org.hibernate.orm.results.loading.entity - (EntityResultInitializer) Done materializing entityInstance : org.frcpm.models.Component(959674623403800)#67
10:24:18.347 [main] DEBUG org.hibernate.orm.results.loading - Calling top-level assembler (0 / 1) : org.hibernate.sql.results.graph.entity.internal.EntityAssembler@12578cda
10:24:18.347 [main] DEBUG org.hibernate.orm.results - Extracted JDBC value [0] - [68]
10:24:18.347 [main] DEBUG org.hibernate.orm.results.loading.entity - (EntityResultInitializer) Hydrated EntityKey (org.frcpm.models.Component(959674623403800)): 68
10:24:18.347 [main] DEBUG org.hibernate.orm.results.loading.org.hibernate.orm.results.loading.collection - (DelayedCollectionInitializer) Current row collection key : org.frcpm.models.Component(959674623403800).requiredForTasks#68
10:24:18.347 [main] DEBUG org.hibernate.orm.results.loading.entity - (EntityResultInitializer) Created new entity instance [org.frcpm.models.Component(959674623403800)#68] : 1877713303
10:24:18.347 [main] DEBUG org.hibernate.orm.results - Extracted JDBC value [1] - [null]
10:24:18.347 [main] DEBUG org.hibernate.orm.results - Extracted JDBC value [2] - [false]
10:24:18.347 [main] DEBUG org.hibernate.orm.results - Extracted JDBC value [3] - [First test component description]
10:24:18.347 [main] DEBUG org.hibernate.orm.results - Extracted JDBC value [4] - [2025-04-30]
10:24:18.347 [main] DEBUG org.hibernate.orm.results - Extracted JDBC value [5] - [Test Component 1]
10:24:18.347 [main] DEBUG org.hibernate.orm.results - Extracted JDBC value [6] - [TC-001]
10:24:18.347 [main] DEBUG org.hibernate.orm.results.loading.entity - (EntityResultInitializer) Done materializing entityInstance : org.frcpm.models.Component(959674623403800)#68
10:24:18.347 [main] DEBUG org.hibernate.orm.results.loading - Calling top-level assembler (0 / 1) : org.hibernate.sql.results.graph.entity.internal.EntityAssembler@12578cda
10:24:18.347 [main] DEBUG org.hibernate.orm.results - Extracted JDBC value [0] - [69]
10:24:18.347 [main] DEBUG org.hibernate.orm.results.loading.entity - (EntityResultInitializer) Hydrated EntityKey (org.frcpm.models.Component(959674623403800)): 69
10:24:18.347 [main] DEBUG org.hibernate.orm.results.loading.org.hibernate.orm.results.loading.collection - (DelayedCollectionInitializer) Current row collection key : org.frcpm.models.Component(959674623403800).requiredForTasks#69
10:24:18.347 [main] DEBUG org.hibernate.orm.results.loading.entity - (EntityResultInitializer) Created new entity instance [org.frcpm.models.Component(959674623403800)#69] : 1767190206
10:24:18.347 [main] DEBUG org.hibernate.orm.results - Extracted JDBC value [1] - [null]
10:24:18.347 [main] DEBUG org.hibernate.orm.results - Extracted JDBC value [2] - [false]
10:24:18.348 [main] DEBUG org.hibernate.orm.results - Extracted JDBC value [3] - [Second test component description]
10:24:18.348 [main] DEBUG org.hibernate.orm.results - Extracted JDBC value [4] - [2025-05-02]
10:24:18.348 [main] DEBUG org.hibernate.orm.results - Extracted JDBC value [5] - [Test Component 2]
10:24:18.348 [main] DEBUG org.hibernate.orm.results - Extracted JDBC value [6] - [TC-002]
10:24:18.348 [main] DEBUG org.hibernate.orm.results.loading.entity - (EntityResultInitializer) Done materializing entityInstance : org.frcpm.models.Component(959674623403800)#69
10:24:18.348 [main] DEBUG org.hibernate.orm.results.loading - Calling top-level assembler (0 / 1) : org.hibernate.sql.results.graph.entity.internal.EntityAssembler@12578cda
10:24:18.348 [main] DEBUG org.hibernate.orm.results - Extracted JDBC value [0] - [70]
10:24:18.348 [main] DEBUG org.hibernate.orm.results.loading.entity - (EntityResultInitializer) Hydrated EntityKey (org.frcpm.models.Component(959674623403800)): 70
10:24:18.348 [main] DEBUG org.hibernate.orm.results.loading.org.hibernate.orm.results.loading.collection - (DelayedCollectionInitializer) Current row collection key : org.frcpm.models.Component(959674623403800).requiredForTasks#70
10:24:18.348 [main] DEBUG org.hibernate.orm.results.loading.entity - (EntityResultInitializer) Created new entity instance [org.frcpm.models.Component(959674623403800)#70] : 1591354146
10:24:18.348 [main] DEBUG org.hibernate.orm.results - Extracted JDBC value [1] - [2025-05-04]
10:24:18.348 [main] DEBUG org.hibernate.orm.results - Extracted JDBC value [2] - [true]
10:24:18.348 [main] DEBUG org.hibernate.orm.results - Extracted JDBC value [3] - [Third test component description]
10:24:18.348 [main] DEBUG org.hibernate.orm.results - Extracted JDBC value [4] - [2025-05-05]
10:24:18.348 [main] DEBUG org.hibernate.orm.results - Extracted JDBC value [5] - [Test Component 3]
10:24:18.348 [main] DEBUG org.hibernate.orm.results - Extracted JDBC value [6] - [TC-003]
10:24:18.348 [main] DEBUG org.hibernate.orm.results.loading.entity - (EntityResultInitializer) Done materializing entityInstance : org.frcpm.models.Component(959674623403800)#70
10:24:18.348 [main] DEBUG org.hibernate.orm.results.loading - Calling top-level assembler (0 / 1) : org.hibernate.sql.results.graph.entity.internal.EntityAssembler@12578cda
10:24:18.348 [main] DEBUG org.hibernate.orm.results - Extracted JDBC value [0] - [71]
10:24:18.348 [main] DEBUG org.hibernate.orm.results.loading.entity - (EntityResultInitializer) Hydrated EntityKey (org.frcpm.models.Component(959674623403800)): 71
10:24:18.349 [main] DEBUG org.hibernate.orm.results.loading.org.hibernate.orm.results.loading.collection - (DelayedCollectionInitializer) Current row collection key : org.frcpm.models.Component(959674623403800).requiredForTasks#71
10:24:18.349 [main] DEBUG org.hibernate.orm.results.loading.entity - (EntityResultInitializer) Created new entity instance [org.frcpm.models.Component(959674623403800)#71] : 1468801096
10:24:18.349 [main] DEBUG org.hibernate.orm.results - Extracted JDBC value [1] - [null]
10:24:18.349 [main] DEBUG org.hibernate.orm.results - Extracted JDBC value [2] - [false]
10:24:18.349 [main] DEBUG org.hibernate.orm.results - Extracted JDBC value [3] - [First test component description]
10:24:18.349 [main] DEBUG org.hibernate.orm.results - Extracted JDBC value [4] - [2025-04-30]
10:24:18.349 [main] DEBUG org.hibernate.orm.results - Extracted JDBC value [5] - [Test Component 1]
10:24:18.349 [main] DEBUG org.hibernate.orm.results - Extracted JDBC value [6] - [TC-001]
10:24:18.349 [main] DEBUG org.hibernate.orm.results.loading.entity - (EntityResultInitializer) Done materializing entityInstance : org.frcpm.models.Component(959674623403800)#71
10:24:18.349 [main] DEBUG org.hibernate.orm.results.loading - Calling top-level assembler (0 / 1) : org.hibernate.sql.results.graph.entity.internal.EntityAssembler@12578cda
10:24:18.349 [main] DEBUG org.hibernate.orm.results - Extracted JDBC value [0] - [72]
10:24:18.349 [main] DEBUG org.hibernate.orm.results.loading.entity - (EntityResultInitializer) Hydrated EntityKey (org.frcpm.models.Component(959674623403800)): 72
10:24:18.349 [main] DEBUG org.hibernate.orm.results.loading.org.hibernate.orm.results.loading.collection - (DelayedCollectionInitializer) Current row collection key : org.frcpm.models.Component(959674623403800).requiredForTasks#72
10:24:18.349 [main] DEBUG org.hibernate.orm.results.loading.entity - (EntityResultInitializer) Created new entity instance [org.frcpm.models.Component(959674623403800)#72] : 1247601695
10:24:18.349 [main] DEBUG org.hibernate.orm.results - Extracted JDBC value [1] - [null]
10:24:18.349 [main] DEBUG org.hibernate.orm.results - Extracted JDBC value [2] - [false]
10:24:18.349 [main] DEBUG org.hibernate.orm.results - Extracted JDBC value [3] - [Second test component description]
10:24:18.349 [main] DEBUG org.hibernate.orm.results - Extracted JDBC value [4] - [2025-05-02]
10:24:18.349 [main] DEBUG org.hibernate.orm.results - Extracted JDBC value [5] - [Test Component 2]
10:24:18.349 [main] DEBUG org.hibernate.orm.results - Extracted JDBC value [6] - [TC-002]
10:24:18.350 [main] DEBUG org.hibernate.orm.results.loading.entity - (EntityResultInitializer) Done materializing entityInstance : org.frcpm.models.Component(959674623403800)#72
10:24:18.350 [main] DEBUG org.hibernate.orm.results.loading - Calling top-level assembler (0 / 1) : org.hibernate.sql.results.graph.entity.internal.EntityAssembler@12578cda
10:24:18.350 [main] DEBUG org.hibernate.orm.results - Extracted JDBC value [0] - [73]
10:24:18.350 [main] DEBUG org.hibernate.orm.results.loading.entity - (EntityResultInitializer) Hydrated EntityKey (org.frcpm.models.Component(959674623403800)): 73
10:24:18.350 [main] DEBUG org.hibernate.orm.results.loading.org.hibernate.orm.results.loading.collection - (DelayedCollectionInitializer) Current row collection key : org.frcpm.models.Component(959674623403800).requiredForTasks#73
10:24:18.350 [main] DEBUG org.hibernate.orm.results.loading.entity - (EntityResultInitializer) Created new entity instance [org.frcpm.models.Component(959674623403800)#73] : 220199593
10:24:18.350 [main] DEBUG org.hibernate.orm.results - Extracted JDBC value [1] - [2025-05-04]
10:24:18.350 [main] DEBUG org.hibernate.orm.results - Extracted JDBC value [2] - [true]
10:24:18.350 [main] DEBUG org.hibernate.orm.results - Extracted JDBC value [3] - [Third test component description]
10:24:18.350 [main] DEBUG org.hibernate.orm.results - Extracted JDBC value [4] - [2025-05-05]
10:24:18.350 [main] DEBUG org.hibernate.orm.results - Extracted JDBC value [5] - [Test Component 3]
10:24:18.350 [main] DEBUG org.hibernate.orm.results - Extracted JDBC value [6] - [TC-003]
10:24:18.350 [main] DEBUG org.hibernate.orm.results.loading.entity - (EntityResultInitializer) Done materializing entityInstance : org.frcpm.models.Component(959674623403800)#73
10:24:18.350 [main] DEBUG org.hibernate.orm.results.loading - Calling top-level assembler (0 / 1) : org.hibernate.sql.results.graph.entity.internal.EntityAssembler@12578cda
10:24:18.350 [main] DEBUG org.hibernate.orm.results - Extracted JDBC value [0] - [74]
10:24:18.350 [main] DEBUG org.hibernate.orm.results.loading.entity - (EntityResultInitializer) Hydrated EntityKey (org.frcpm.models.Component(959674623403800)): 74
10:24:18.350 [main] DEBUG org.hibernate.orm.results.loading.org.hibernate.orm.results.loading.collection - (DelayedCollectionInitializer) Current row collection key : org.frcpm.models.Component(959674623403800).requiredForTasks#74
10:24:18.350 [main] DEBUG org.hibernate.orm.results.loading.entity - (EntityResultInitializer) Created new entity instance [org.frcpm.models.Component(959674623403800)#74] : 1711180620
10:24:18.350 [main] DEBUG org.hibernate.orm.results - Extracted JDBC value [1] - [null]
10:24:18.350 [main] DEBUG org.hibernate.orm.results - Extracted JDBC value [2] - [false]
10:24:18.350 [main] DEBUG org.hibernate.orm.results - Extracted JDBC value [3] - [First test component description]
10:24:18.350 [main] DEBUG org.hibernate.orm.results - Extracted JDBC value [4] - [2025-04-30]
10:24:18.350 [main] DEBUG org.hibernate.orm.results - Extracted JDBC value [5] - [Test Component 1]
10:24:18.350 [main] DEBUG org.hibernate.orm.results - Extracted JDBC value [6] - [TC-001]
10:24:18.350 [main] DEBUG org.hibernate.orm.results.loading.entity - (EntityResultInitializer) Done materializing entityInstance : org.frcpm.models.Component(959674623403800)#74
10:24:18.350 [main] DEBUG org.hibernate.orm.results.loading - Calling top-level assembler (0 / 1) : org.hibernate.sql.results.graph.entity.internal.EntityAssembler@12578cda
10:24:18.350 [main] DEBUG org.hibernate.orm.results - Extracted JDBC value [0] - [75]
10:24:18.350 [main] DEBUG org.hibernate.orm.results.loading.entity - (EntityResultInitializer) Hydrated EntityKey (org.frcpm.models.Component(959674623403800)): 75
10:24:18.350 [main] DEBUG org.hibernate.orm.results.loading.org.hibernate.orm.results.loading.collection - (DelayedCollectionInitializer) Current row collection key : org.frcpm.models.Component(959674623403800).requiredForTasks#75
10:24:18.350 [main] DEBUG org.hibernate.orm.results.loading.entity - (EntityResultInitializer) Created new entity instance [org.frcpm.models.Component(959674623403800)#75] : 352153854
10:24:18.350 [main] DEBUG org.hibernate.orm.results - Extracted JDBC value [1] - [null]
10:24:18.350 [main] DEBUG org.hibernate.orm.results - Extracted JDBC value [2] - [false]
10:24:18.350 [main] DEBUG org.hibernate.orm.results - Extracted JDBC value [3] - [Second test component description]
10:24:18.350 [main] DEBUG org.hibernate.orm.results - Extracted JDBC value [4] - [2025-05-02]
10:24:18.350 [main] DEBUG org.hibernate.orm.results - Extracted JDBC value [5] - [Test Component 2]
10:24:18.350 [main] DEBUG org.hibernate.orm.results - Extracted JDBC value [6] - [TC-002]
10:24:18.350 [main] DEBUG org.hibernate.orm.results.loading.entity - (EntityResultInitializer) Done materializing entityInstance : org.frcpm.models.Component(959674623403800)#75
10:24:18.350 [main] DEBUG org.hibernate.orm.results.loading - Calling top-level assembler (0 / 1) : org.hibernate.sql.results.graph.entity.internal.EntityAssembler@12578cda
10:24:18.350 [main] DEBUG org.hibernate.orm.results - Extracted JDBC value [0] - [76]
10:24:18.350 [main] DEBUG org.hibernate.orm.results.loading.entity - (EntityResultInitializer) Hydrated EntityKey (org.frcpm.models.Component(959674623403800)): 76
10:24:18.350 [main] DEBUG org.hibernate.orm.results.loading.org.hibernate.orm.results.loading.collection - (DelayedCollectionInitializer) Current row collection key : org.frcpm.models.Component(959674623403800).requiredForTasks#76
10:24:18.350 [main] DEBUG org.hibernate.orm.results.loading.entity - (EntityResultInitializer) Created new entity instance [org.frcpm.models.Component(959674623403800)#76] : 851588816
10:24:18.350 [main] DEBUG org.hibernate.orm.results - Extracted JDBC value [1] - [2025-05-04]
10:24:18.350 [main] DEBUG org.hibernate.orm.results - Extracted JDBC value [2] - [true]
10:24:18.350 [main] DEBUG org.hibernate.orm.results - Extracted JDBC value [3] - [Third test component description]
10:24:18.350 [main] DEBUG org.hibernate.orm.results - Extracted JDBC value [4] - [2025-05-05]
10:24:18.350 [main] DEBUG org.hibernate.orm.results - Extracted JDBC value [5] - [Test Component 3]
10:24:18.350 [main] DEBUG org.hibernate.orm.results - Extracted JDBC value [6] - [TC-003]
10:24:18.350 [main] DEBUG org.hibernate.orm.results.loading.entity - (EntityResultInitializer) Done materializing entityInstance : org.frcpm.models.Component(959674623403800)#76
10:24:18.350 [main] DEBUG org.hibernate.orm.results.loading - Calling top-level assembler (0 / 1) : org.hibernate.sql.results.graph.entity.internal.EntityAssembler@12578cda
10:24:18.350 [main] DEBUG org.hibernate.orm.results - Extracted JDBC value [0] - [77]
10:24:18.350 [main] DEBUG org.hibernate.orm.results.loading.entity - (EntityResultInitializer) Hydrated EntityKey (org.frcpm.models.Component(959674623403800)): 77
10:24:18.350 [main] DEBUG org.hibernate.orm.results.loading.org.hibernate.orm.results.loading.collection - (DelayedCollectionInitializer) Current row collection key : org.frcpm.models.Component(959674623403800).requiredForTasks#77
10:24:18.350 [main] DEBUG org.hibernate.orm.results.loading.entity - (EntityResultInitializer) Created new entity instance [org.frcpm.models.Component(959674623403800)#77] : 65883450
10:24:18.350 [main] DEBUG org.hibernate.orm.results - Extracted JDBC value [1] - [null]
10:24:18.350 [main] DEBUG org.hibernate.orm.results - Extracted JDBC value [2] - [false]
10:24:18.350 [main] DEBUG org.hibernate.orm.results - Extracted JDBC value [3] - [First test component description]
10:24:18.351 [main] DEBUG org.hibernate.orm.results - Extracted JDBC value [4] - [2025-04-30]
10:24:18.351 [main] DEBUG org.hibernate.orm.results - Extracted JDBC value [5] - [Test Component 1]
10:24:18.351 [main] DEBUG org.hibernate.orm.results - Extracted JDBC value [6] - [TC-001]
10:24:18.351 [main] DEBUG org.hibernate.orm.results.loading.entity - (EntityResultInitializer) Done materializing entityInstance : org.frcpm.models.Component(959674623403800)#77
10:24:18.351 [main] DEBUG org.hibernate.orm.results.loading - Calling top-level assembler (0 / 1) : org.hibernate.sql.results.graph.entity.internal.EntityAssembler@12578cda
10:24:18.351 [main] DEBUG org.hibernate.orm.results - Extracted JDBC value [0] - [78]
10:24:18.351 [main] DEBUG org.hibernate.orm.results.loading.entity - (EntityResultInitializer) Hydrated EntityKey (org.frcpm.models.Component(959674623403800)): 78
10:24:18.351 [main] DEBUG org.hibernate.orm.results.loading.org.hibernate.orm.results.loading.collection - (DelayedCollectionInitializer) Current row collection key : org.frcpm.models.Component(959674623403800).requiredForTasks#78
10:24:18.351 [main] DEBUG org.hibernate.orm.results.loading.entity - (EntityResultInitializer) Created new entity instance [org.frcpm.models.Component(959674623403800)#78] : 951957232
10:24:18.351 [main] DEBUG org.hibernate.orm.results - Extracted JDBC value [1] - [null]
10:24:18.351 [main] DEBUG org.hibernate.orm.results - Extracted JDBC value [2] - [false]
10:24:18.351 [main] DEBUG org.hibernate.orm.results - Extracted JDBC value [3] - [Second test component description]
10:24:18.351 [main] DEBUG org.hibernate.orm.results - Extracted JDBC value [4] - [2025-05-02]
10:24:18.351 [main] DEBUG org.hibernate.orm.results - Extracted JDBC value [5] - [Test Component 2]
10:24:18.351 [main] DEBUG org.hibernate.orm.results - Extracted JDBC value [6] - [TC-002]
10:24:18.351 [main] DEBUG org.hibernate.orm.results.loading.entity - (EntityResultInitializer) Done materializing entityInstance : org.frcpm.models.Component(959674623403800)#78
10:24:18.351 [main] DEBUG org.hibernate.orm.results.loading - Calling top-level assembler (0 / 1) : org.hibernate.sql.results.graph.entity.internal.EntityAssembler@12578cda
10:24:18.351 [main] DEBUG org.hibernate.orm.results - Extracted JDBC value [0] - [79]
10:24:18.351 [main] DEBUG org.hibernate.orm.results.loading.entity - (EntityResultInitializer) Hydrated EntityKey (org.frcpm.models.Component(959674623403800)): 79
10:24:18.351 [main] DEBUG org.hibernate.orm.results.loading.org.hibernate.orm.results.loading.collection - (DelayedCollectionInitializer) Current row collection key : org.frcpm.models.Component(959674623403800).requiredForTasks#79
10:24:18.351 [main] DEBUG org.hibernate.orm.results.loading.entity - (EntityResultInitializer) Created new entity instance [org.frcpm.models.Component(959674623403800)#79] : 1757902540
10:24:18.351 [main] DEBUG org.hibernate.orm.results - Extracted JDBC value [1] - [2025-05-04]
10:24:18.351 [main] DEBUG org.hibernate.orm.results - Extracted JDBC value [2] - [true]
10:24:18.351 [main] DEBUG org.hibernate.orm.results - Extracted JDBC value [3] - [Third test component description]
10:24:18.351 [main] DEBUG org.hibernate.orm.results - Extracted JDBC value [4] - [2025-05-05]
10:24:18.351 [main] DEBUG org.hibernate.orm.results - Extracted JDBC value [5] - [Test Component 3]
10:24:18.351 [main] DEBUG org.hibernate.orm.results - Extracted JDBC value [6] - [TC-003]
10:24:18.351 [main] DEBUG org.hibernate.orm.results.loading.entity - (EntityResultInitializer) Done materializing entityInstance : org.frcpm.models.Component(959674623403800)#79
10:24:18.351 [main] DEBUG org.hibernate.orm.results.loading - Calling top-level assembler (0 / 1) : org.hibernate.sql.results.graph.entity.internal.EntityAssembler@12578cda
10:24:18.351 [main] DEBUG org.hibernate.orm.results - Extracted JDBC value [0] - [81]
10:24:18.351 [main] DEBUG org.hibernate.orm.results.loading.entity - (EntityResultInitializer) Hydrated EntityKey (org.frcpm.models.Component(959674623403800)): 81
10:24:18.351 [main] DEBUG org.hibernate.orm.results.loading.org.hibernate.orm.results.loading.collection - (DelayedCollectionInitializer) Current row collection key : org.frcpm.models.Component(959674623403800).requiredForTasks#81
10:24:18.351 [main] DEBUG org.hibernate.orm.results.loading.entity - (EntityResultInitializer) Created new entity instance [org.frcpm.models.Component(959674623403800)#81] : 1963276749
10:24:18.351 [main] DEBUG org.hibernate.orm.results - Extracted JDBC value [1] - [null]
10:24:18.351 [main] DEBUG org.hibernate.orm.results - Extracted JDBC value [2] - [false]
10:24:18.351 [main] DEBUG org.hibernate.orm.results - Extracted JDBC value [3] - [First test component description]
10:24:18.351 [main] DEBUG org.hibernate.orm.results - Extracted JDBC value [4] - [2025-04-30]
10:24:18.351 [main] DEBUG org.hibernate.orm.results - Extracted JDBC value [5] - [Test Component 1]
10:24:18.351 [main] DEBUG org.hibernate.orm.results - Extracted JDBC value [6] - [TC-001]
10:24:18.351 [main] DEBUG org.hibernate.orm.results.loading.entity - (EntityResultInitializer) Done materializing entityInstance : org.frcpm.models.Component(959674623403800)#81
10:24:18.351 [main] DEBUG org.hibernate.orm.results.loading - Calling top-level assembler (0 / 1) : org.hibernate.sql.results.graph.entity.internal.EntityAssembler@12578cda
10:24:18.351 [main] DEBUG org.hibernate.orm.results - Extracted JDBC value [0] - [82]
10:24:18.351 [main] DEBUG org.hibernate.orm.results.loading.entity - (EntityResultInitializer) Hydrated EntityKey (org.frcpm.models.Component(959674623403800)): 82
10:24:18.351 [main] DEBUG org.hibernate.orm.results.loading.org.hibernate.orm.results.loading.collection - (DelayedCollectionInitializer) Current row collection key : org.frcpm.models.Component(959674623403800).requiredForTasks#82
10:24:18.351 [main] DEBUG org.hibernate.orm.results.loading.entity - (EntityResultInitializer) Created new entity instance [org.frcpm.models.Component(959674623403800)#82] : 1957010326
10:24:18.351 [main] DEBUG org.hibernate.orm.results - Extracted JDBC value [1] - [null]
10:24:18.351 [main] DEBUG org.hibernate.orm.results - Extracted JDBC value [2] - [false]
10:24:18.351 [main] DEBUG org.hibernate.orm.results - Extracted JDBC value [3] - [Second test component description]
10:24:18.351 [main] DEBUG org.hibernate.orm.results - Extracted JDBC value [4] - [2025-05-02]
10:24:18.351 [main] DEBUG org.hibernate.orm.results - Extracted JDBC value [5] - [Test Component 2]
10:24:18.351 [main] DEBUG org.hibernate.orm.results - Extracted JDBC value [6] - [TC-002]
10:24:18.351 [main] DEBUG org.hibernate.orm.results.loading.entity - (EntityResultInitializer) Done materializing entityInstance : org.frcpm.models.Component(959674623403800)#82
10:24:18.351 [main] DEBUG org.hibernate.orm.results.loading - Calling top-level assembler (0 / 1) : org.hibernate.sql.results.graph.entity.internal.EntityAssembler@12578cda
10:24:18.351 [main] DEBUG org.hibernate.orm.results - Extracted JDBC value [0] - [83]
10:24:18.351 [main] DEBUG org.hibernate.orm.results.loading.entity - (EntityResultInitializer) Hydrated EntityKey (org.frcpm.models.Component(959674623403800)): 83
10:24:18.351 [main] DEBUG org.hibernate.orm.results.loading.org.hibernate.orm.results.loading.collection - (DelayedCollectionInitializer) Current row collection key : org.frcpm.models.Component(959674623403800).requiredForTasks#83
10:24:18.351 [main] DEBUG org.hibernate.orm.results.loading.entity - (EntityResultInitializer) Created new entity instance [org.frcpm.models.Component(959674623403800)#83] : 1485851807
10:24:18.351 [main] DEBUG org.hibernate.orm.results - Extracted JDBC value [1] - [2025-05-04]
10:24:18.351 [main] DEBUG org.hibernate.orm.results - Extracted JDBC value [2] - [true]
10:24:18.351 [main] DEBUG org.hibernate.orm.results - Extracted JDBC value [3] - [Third test component description]
10:24:18.351 [main] DEBUG org.hibernate.orm.results - Extracted JDBC value [4] - [2025-05-05]
10:24:18.351 [main] DEBUG org.hibernate.orm.results - Extracted JDBC value [5] - [Test Component 3]
10:24:18.351 [main] DEBUG org.hibernate.orm.results - Extracted JDBC value [6] - [TC-003]
10:24:18.351 [main] DEBUG org.hibernate.orm.results.loading.entity - (EntityResultInitializer) Done materializing entityInstance : org.frcpm.models.Component(959674623403800)#83
10:24:18.351 [main] DEBUG org.hibernate.orm.results.loading - Calling top-level assembler (0 / 1) : org.hibernate.sql.results.graph.entity.internal.EntityAssembler@12578cda
10:24:18.351 [main] DEBUG org.hibernate.orm.results - Extracted JDBC value [0] - [85]
10:24:18.351 [main] DEBUG org.hibernate.orm.results.loading.entity - (EntityResultInitializer) Hydrated EntityKey (org.frcpm.models.Component(959674623403800)): 85
10:24:18.351 [main] DEBUG org.hibernate.orm.results.loading.org.hibernate.orm.results.loading.collection - (DelayedCollectionInitializer) Current row collection key : org.frcpm.models.Component(959674623403800).requiredForTasks#85
10:24:18.351 [main] DEBUG org.hibernate.orm.results.loading.entity - (EntityResultInitializer) Created new entity instance [org.frcpm.models.Component(959674623403800)#85] : 418072461
10:24:18.352 [main] DEBUG org.hibernate.orm.results - Extracted JDBC value [1] - [null]
10:24:18.352 [main] DEBUG org.hibernate.orm.results - Extracted JDBC value [2] - [false]
10:24:18.352 [main] DEBUG org.hibernate.orm.results - Extracted JDBC value [3] - [First test component description]
10:24:18.352 [main] DEBUG org.hibernate.orm.results - Extracted JDBC value [4] - [2025-04-30]
10:24:18.352 [main] DEBUG org.hibernate.orm.results - Extracted JDBC value [5] - [Test Component 1]
10:24:18.352 [main] DEBUG org.hibernate.orm.results - Extracted JDBC value [6] - [TC-001]
10:24:18.352 [main] DEBUG org.hibernate.orm.results.loading.entity - (EntityResultInitializer) Done materializing entityInstance : org.frcpm.models.Component(959674623403800)#85
10:24:18.352 [main] DEBUG org.hibernate.orm.results.loading - Calling top-level assembler (0 / 1) : org.hibernate.sql.results.graph.entity.internal.EntityAssembler@12578cda
10:24:18.352 [main] DEBUG org.hibernate.orm.results - Extracted JDBC value [0] - [86]
10:24:18.352 [main] DEBUG org.hibernate.orm.results.loading.entity - (EntityResultInitializer) Hydrated EntityKey (org.frcpm.models.Component(959674623403800)): 86
10:24:18.352 [main] DEBUG org.hibernate.orm.results.loading.org.hibernate.orm.results.loading.collection - (DelayedCollectionInitializer) Current row collection key : org.frcpm.models.Component(959674623403800).requiredForTasks#86
10:24:18.352 [main] DEBUG org.hibernate.orm.results.loading.entity - (EntityResultInitializer) Created new entity instance [org.frcpm.models.Component(959674623403800)#86] : 2026700074
10:24:18.352 [main] DEBUG org.hibernate.orm.results - Extracted JDBC value [1] - [null]
10:24:18.352 [main] DEBUG org.hibernate.orm.results - Extracted JDBC value [2] - [false]
10:24:18.352 [main] DEBUG org.hibernate.orm.results - Extracted JDBC value [3] - [Second test component description]
10:24:18.352 [main] DEBUG org.hibernate.orm.results - Extracted JDBC value [4] - [2025-05-02]
10:24:18.352 [main] DEBUG org.hibernate.orm.results - Extracted JDBC value [5] - [Test Component 2]
10:24:18.352 [main] DEBUG org.hibernate.orm.results - Extracted JDBC value [6] - [TC-002]
10:24:18.352 [main] DEBUG org.hibernate.orm.results.loading.entity - (EntityResultInitializer) Done materializing entityInstance : org.frcpm.models.Component(959674623403800)#86
10:24:18.352 [main] DEBUG org.hibernate.orm.results.loading - Calling top-level assembler (0 / 1) : org.hibernate.sql.results.graph.entity.internal.EntityAssembler@12578cda
10:24:18.352 [main] DEBUG org.hibernate.orm.results - Extracted JDBC value [0] - [87]
10:24:18.352 [main] DEBUG org.hibernate.orm.results.loading.entity - (EntityResultInitializer) Hydrated EntityKey (org.frcpm.models.Component(959674623403800)): 87
10:24:18.352 [main] DEBUG org.hibernate.orm.results.loading.org.hibernate.orm.results.loading.collection - (DelayedCollectionInitializer) Current row collection key : org.frcpm.models.Component(959674623403800).requiredForTasks#87
10:24:18.352 [main] DEBUG org.hibernate.orm.results.loading.entity - (EntityResultInitializer) Created new entity instance [org.frcpm.models.Component(959674623403800)#87] : 711619058
10:24:18.352 [main] DEBUG org.hibernate.orm.results - Extracted JDBC value [1] - [2025-05-04]
10:24:18.352 [main] DEBUG org.hibernate.orm.results - Extracted JDBC value [2] - [true]
10:24:18.352 [main] DEBUG org.hibernate.orm.results - Extracted JDBC value [3] - [Third test component description]
10:24:18.352 [main] DEBUG org.hibernate.orm.results - Extracted JDBC value [4] - [2025-05-05]
10:24:18.352 [main] DEBUG org.hibernate.orm.results - Extracted JDBC value [5] - [Test Component 3]
10:24:18.352 [main] DEBUG org.hibernate.orm.results - Extracted JDBC value [6] - [TC-003]
10:24:18.352 [main] DEBUG org.hibernate.orm.results.loading.entity - (EntityResultInitializer) Done materializing entityInstance : org.frcpm.models.Component(959674623403800)#87
10:24:18.352 [main] DEBUG org.hibernate.orm.results.loading - Calling top-level assembler (0 / 1) : org.hibernate.sql.results.graph.entity.internal.EntityAssembler@12578cda
10:24:18.352 [main] DEBUG org.hibernate.orm.results - Extracted JDBC value [0] - [88]
10:24:18.352 [main] DEBUG org.hibernate.orm.results.loading.entity - (EntityResultInitializer) Hydrated EntityKey (org.frcpm.models.Component(959674623403800)): 88
10:24:18.352 [main] DEBUG org.hibernate.orm.results.loading.org.hibernate.orm.results.loading.collection - (DelayedCollectionInitializer) Current row collection key : org.frcpm.models.Component(959674623403800).requiredForTasks#88
10:24:18.352 [main] DEBUG org.hibernate.orm.results.loading.entity - (EntityResultInitializer) Created new entity instance [org.frcpm.models.Component(959674623403800)#88] : 38733450
10:24:18.352 [main] DEBUG org.hibernate.orm.results - Extracted JDBC value [1] - [null]
10:24:18.352 [main] DEBUG org.hibernate.orm.results - Extracted JDBC value [2] - [false]
10:24:18.352 [main] DEBUG org.hibernate.orm.results - Extracted JDBC value [3] - [First test component description]
10:24:18.352 [main] DEBUG org.hibernate.orm.results - Extracted JDBC value [4] - [2025-04-30]
10:24:18.352 [main] DEBUG org.hibernate.orm.results - Extracted JDBC value [5] - [Test Component 1]
10:24:18.352 [main] DEBUG org.hibernate.orm.results - Extracted JDBC value [6] - [TC-001]
10:24:18.352 [main] DEBUG org.hibernate.orm.results.loading.entity - (EntityResultInitializer) Done materializing entityInstance : org.frcpm.models.Component(959674623403800)#88
10:24:18.352 [main] DEBUG org.hibernate.orm.results.loading - Calling top-level assembler (0 / 1) : org.hibernate.sql.results.graph.entity.internal.EntityAssembler@12578cda
10:24:18.352 [main] DEBUG org.hibernate.orm.results - Extracted JDBC value [0] - [89]
10:24:18.352 [main] DEBUG org.hibernate.orm.results.loading.entity - (EntityResultInitializer) Hydrated EntityKey (org.frcpm.models.Component(959674623403800)): 89
10:24:18.352 [main] DEBUG org.hibernate.orm.results.loading.org.hibernate.orm.results.loading.collection - (DelayedCollectionInitializer) Current row collection key : org.frcpm.models.Component(959674623403800).requiredForTasks#89
10:24:18.353 [main] DEBUG org.hibernate.orm.results.loading.entity - (EntityResultInitializer) Created new entity instance [org.frcpm.models.Component(959674623403800)#89] : 1872376227
10:24:18.353 [main] DEBUG org.hibernate.orm.results - Extracted JDBC value [1] - [null]
10:24:18.353 [main] DEBUG org.hibernate.orm.results - Extracted JDBC value [2] - [false]
10:24:18.353 [main] DEBUG org.hibernate.orm.results - Extracted JDBC value [3] - [Second test component description]
10:24:18.353 [main] DEBUG org.hibernate.orm.results - Extracted JDBC value [4] - [2025-05-02]
10:24:18.353 [main] DEBUG org.hibernate.orm.results - Extracted JDBC value [5] - [Test Component 2]
10:24:18.353 [main] DEBUG org.hibernate.orm.results - Extracted JDBC value [6] - [TC-002]
10:24:18.353 [main] DEBUG org.hibernate.orm.results.loading.entity - (EntityResultInitializer) Done materializing entityInstance : org.frcpm.models.Component(959674623403800)#89
10:24:18.353 [main] DEBUG org.hibernate.orm.results.loading - Calling top-level assembler (0 / 1) : org.hibernate.sql.results.graph.entity.internal.EntityAssembler@12578cda
10:24:18.353 [main] DEBUG org.hibernate.orm.results - Extracted JDBC value [0] - [90]
10:24:18.353 [main] DEBUG org.hibernate.orm.results.loading.entity - (EntityResultInitializer) Hydrated EntityKey (org.frcpm.models.Component(959674623403800)): 90
10:24:18.353 [main] DEBUG org.hibernate.orm.results.loading.org.hibernate.orm.results.loading.collection - (DelayedCollectionInitializer) Current row collection key : org.frcpm.models.Component(959674623403800).requiredForTasks#90
10:24:18.353 [main] DEBUG org.hibernate.orm.results.loading.entity - (EntityResultInitializer) Created new entity instance [org.frcpm.models.Component(959674623403800)#90] : 615647084
10:24:18.353 [main] DEBUG org.hibernate.orm.results - Extracted JDBC value [1] - [2025-05-04]
10:24:18.353 [main] DEBUG org.hibernate.orm.results - Extracted JDBC value [2] - [true]
10:24:18.353 [main] DEBUG org.hibernate.orm.results - Extracted JDBC value [3] - [Third test component description]
10:24:18.353 [main] DEBUG org.hibernate.orm.results - Extracted JDBC value [4] - [2025-05-05]
10:24:18.353 [main] DEBUG org.hibernate.orm.results - Extracted JDBC value [5] - [Test Component 3]
10:24:18.353 [main] DEBUG org.hibernate.orm.results - Extracted JDBC value [6] - [TC-003]
10:24:18.353 [main] DEBUG org.hibernate.orm.results.loading.entity - (EntityResultInitializer) Done materializing entityInstance : org.frcpm.models.Component(959674623403800)#90
10:24:18.353 [main] DEBUG org.hibernate.orm.results.loading - Calling top-level assembler (0 / 1) : org.hibernate.sql.results.graph.entity.internal.EntityAssembler@12578cda
10:24:18.353 [main] DEBUG org.hibernate.orm.results - Extracted JDBC value [0] - [91]
10:24:18.353 [main] DEBUG org.hibernate.orm.results.loading.entity - (EntityResultInitializer) Hydrated EntityKey (org.frcpm.models.Component(959674623403800)): 91
10:24:18.353 [main] DEBUG org.hibernate.orm.results.loading.org.hibernate.orm.results.loading.collection - (DelayedCollectionInitializer) Current row collection key : org.frcpm.models.Component(959674623403800).requiredForTasks#91
10:24:18.353 [main] DEBUG org.hibernate.orm.results.loading.entity - (EntityResultInitializer) Created new entity instance [org.frcpm.models.Component(959674623403800)#91] : 1031878610
10:24:18.353 [main] DEBUG org.hibernate.orm.results - Extracted JDBC value [1] - [2025-04-25]
10:24:18.353 [main] DEBUG org.hibernate.orm.results - Extracted JDBC value [2] - [true]
10:24:18.353 [main] DEBUG org.hibernate.orm.results - Extracted JDBC value [3] - [Updated description]
10:24:18.353 [main] DEBUG org.hibernate.orm.results - Extracted JDBC value [4] - [null]
10:24:18.353 [main] DEBUG org.hibernate.orm.results - Extracted JDBC value [5] - [Updated Component Name]
10:24:18.353 [main] DEBUG org.hibernate.orm.results - Extracted JDBC value [6] - [TUC-001]
10:24:18.353 [main] DEBUG org.hibernate.orm.results.loading.entity - (EntityResultInitializer) Done materializing entityInstance : org.frcpm.models.Component(959674623403800)#91
10:24:18.353 [main] DEBUG org.hibernate.orm.results.loading - Calling top-level assembler (0 / 1) : org.hibernate.sql.results.graph.entity.internal.EntityAssembler@12578cda
10:24:18.353 [main] DEBUG org.hibernate.orm.results - Extracted JDBC value [0] - [92]
10:24:18.353 [main] DEBUG org.hibernate.orm.results.loading.entity - (EntityResultInitializer) Hydrated EntityKey (org.frcpm.models.Component(959674623403800)): 92
10:24:18.353 [main] DEBUG org.hibernate.orm.results.loading.org.hibernate.orm.results.loading.collection - (DelayedCollectionInitializer) Current row collection key : org.frcpm.models.Component(959674623403800).requiredForTasks#92
10:24:18.353 [main] DEBUG org.hibernate.orm.results.loading.entity - (EntityResultInitializer) Created new entity instance [org.frcpm.models.Component(959674623403800)#92] : 1321429185
10:24:18.353 [main] DEBUG org.hibernate.orm.results - Extracted JDBC value [1] - [null]
10:24:18.353 [main] DEBUG org.hibernate.orm.results - Extracted JDBC value [2] - [false]
10:24:18.353 [main] DEBUG org.hibernate.orm.results - Extracted JDBC value [3] - [First test component description]
10:24:18.353 [main] DEBUG org.hibernate.orm.results - Extracted JDBC value [4] - [2025-04-30]
10:24:18.353 [main] DEBUG org.hibernate.orm.results - Extracted JDBC value [5] - [Test Component 1]
10:24:18.353 [main] DEBUG org.hibernate.orm.results - Extracted JDBC value [6] - [TC-001]
10:24:18.353 [main] DEBUG org.hibernate.orm.results.loading.entity - (EntityResultInitializer) Done materializing entityInstance : org.frcpm.models.Component(959674623403800)#92
10:24:18.353 [main] DEBUG org.hibernate.orm.results.loading - Calling top-level assembler (0 / 1) : org.hibernate.sql.results.graph.entity.internal.EntityAssembler@12578cda
10:24:18.353 [main] DEBUG org.hibernate.orm.results - Extracted JDBC value [0] - [93]
10:24:18.353 [main] DEBUG org.hibernate.orm.results.loading.entity - (EntityResultInitializer) Hydrated EntityKey (org.frcpm.models.Component(959674623403800)): 93
10:24:18.353 [main] DEBUG org.hibernate.orm.results.loading.org.hibernate.orm.results.loading.collection - (DelayedCollectionInitializer) Current row collection key : org.frcpm.models.Component(959674623403800).requiredForTasks#93
10:24:18.353 [main] DEBUG org.hibernate.orm.results.loading.entity - (EntityResultInitializer) Created new entity instance [org.frcpm.models.Component(959674623403800)#93] : 971700252
10:24:18.354 [main] DEBUG org.hibernate.orm.results - Extracted JDBC value [1] - [null]
10:24:18.354 [main] DEBUG org.hibernate.orm.results - Extracted JDBC value [2] - [false]
10:24:18.354 [main] DEBUG org.hibernate.orm.results - Extracted JDBC value [3] - [Second test component description]
10:24:18.354 [main] DEBUG org.hibernate.orm.results - Extracted JDBC value [4] - [2025-05-02]
10:24:18.354 [main] DEBUG org.hibernate.orm.results - Extracted JDBC value [5] - [Test Component 2]
10:24:18.354 [main] DEBUG org.hibernate.orm.results - Extracted JDBC value [6] - [TC-002]
10:24:18.354 [main] DEBUG org.hibernate.orm.results.loading.entity - (EntityResultInitializer) Done materializing entityInstance : org.frcpm.models.Component(959674623403800)#93
10:24:18.354 [main] DEBUG org.hibernate.orm.results.loading - Calling top-level assembler (0 / 1) : org.hibernate.sql.results.graph.entity.internal.EntityAssembler@12578cda
10:24:18.354 [main] DEBUG org.hibernate.orm.results - Extracted JDBC value [0] - [94]
10:24:18.354 [main] DEBUG org.hibernate.orm.results.loading.entity - (EntityResultInitializer) Hydrated EntityKey (org.frcpm.models.Component(959674623403800)): 94
10:24:18.354 [main] DEBUG org.hibernate.orm.results.loading.org.hibernate.orm.results.loading.collection - (DelayedCollectionInitializer) Current row collection key : org.frcpm.models.Component(959674623403800).requiredForTasks#94
10:24:18.354 [main] DEBUG org.hibernate.orm.results.loading.entity - (EntityResultInitializer) Created new entity instance [org.frcpm.models.Component(959674623403800)#94] : 1644568414
10:24:18.354 [main] DEBUG org.hibernate.orm.results - Extracted JDBC value [1] - [2025-05-04]
10:24:18.354 [main] DEBUG org.hibernate.orm.results - Extracted JDBC value [2] - [true]
10:24:18.354 [main] DEBUG org.hibernate.orm.results - Extracted JDBC value [3] - [Third test component description]
10:24:18.354 [main] DEBUG org.hibernate.orm.results - Extracted JDBC value [4] - [2025-05-05]
10:24:18.354 [main] DEBUG org.hibernate.orm.results - Extracted JDBC value [5] - [Test Component 3]
10:24:18.354 [main] DEBUG org.hibernate.orm.results - Extracted JDBC value [6] - [TC-003]
10:24:18.354 [main] DEBUG org.hibernate.orm.results.loading.entity - (EntityResultInitializer) Done materializing entityInstance : org.frcpm.models.Component(959674623403800)#94
10:24:18.354 [main] DEBUG org.hibernate.orm.results.loading - Calling top-level assembler (0 / 1) : org.hibernate.sql.results.graph.entity.internal.EntityAssembler@12578cda
10:24:18.354 [main] DEBUG org.hibernate.resource.jdbc.internal.LogicalConnectionManagedImpl - Initiating JDBC connection release from afterTransaction
10:24:18.354 [main] DEBUG org.hibernate.resource.jdbc.internal.LogicalConnectionManagedImpl - Initiating JDBC connection release from afterTransaction
10:24:18.354 [main] DEBUG org.hibernate.engine.transaction.internal.TransactionImpl - On TransactionImpl creation, JpaCompliance#isJpaTransactionComplianceEnabled == false
10:24:18.354 [main] DEBUG org.hibernate.engine.transaction.internal.TransactionImpl - begin
10:24:18.355 [main] DEBUG org.hibernate.orm.sql.exec - Skipping reading Query result cache data: cache-enabled = false, cache-mode = IGNORE
10:24:18.356 [main] DEBUG org.hibernate.orm.results - Initializer list:
	  org.frcpm.models.Component -> EntityResultInitializer(org.frcpm.models.Component)@178981787 (SingleTableEntityPersister(org.frcpm.models.Component))
	  org.frcpm.models.Component.requiredForTasks -> DelayedCollectionInitializer(org.frcpm.models.Component.requiredForTasks)@178124943 (PluralAttribute(org.frcpm.models.Component.requiredForTasks))

10:24:18.356 [main] DEBUG org.hibernate.SQL - select c1_0.id,c1_0.actual_delivery,c1_0.is_delivered,c1_0.description,c1_0.expected_delivery,c1_0.name,c1_0.part_number from components c1_0 where c1_0.id=?
10:24:18.357 [main] DEBUG org.hibernate.orm.results.loading.entity - (EntityResultInitializer) Hydrated EntityKey (org.frcpm.models.Component): 55
10:24:18.357 [main] DEBUG org.hibernate.orm.results.loading.org.hibernate.orm.results.loading.collection - (DelayedCollectionInitializer) Current row collection key : org.frcpm.models.Component.requiredForTasks#55
10:24:18.357 [main] DEBUG org.hibernate.orm.results.loading.entity - (EntityResultInitializer) Created new entity instance [org.frcpm.models.Component#55] : 399257529
10:24:18.357 [main] DEBUG org.hibernate.orm.results - Extracted JDBC value [1] - [null]
10:24:18.357 [main] DEBUG org.hibernate.orm.results - Extracted JDBC value [2] - [false]
10:24:18.357 [main] DEBUG org.hibernate.orm.results - Extracted JDBC value [3] - [Component 1 for association test]
10:24:18.357 [main] DEBUG org.hibernate.orm.results - Extracted JDBC value [4] - [2025-04-28]
10:24:18.357 [main] DEBUG org.hibernate.orm.results - Extracted JDBC value [5] - [Test Component Assoc 1]
10:24:18.357 [main] DEBUG org.hibernate.orm.results - Extracted JDBC value [6] - [TC-ASSOC1]
10:24:18.357 [main] DEBUG org.hibernate.orm.results.loading.entity - (EntityResultInitializer) Done materializing entityInstance : org.frcpm.models.Component#55
10:24:18.357 [main] DEBUG org.hibernate.orm.results.loading - Calling top-level assembler (0 / 1) : org.hibernate.sql.results.graph.entity.internal.EntityAssembler@35d788ee
10:24:18.358 [main] DEBUG org.hibernate.engine.transaction.internal.TransactionImpl - committing
10:24:18.358 [main] DEBUG org.hibernate.event.internal.AbstractFlushingEventListener - Processing flush-time cascades
10:24:18.358 [main] DEBUG org.hibernate.event.internal.AbstractFlushingEventListener - Dirty checking collections
10:24:18.358 [main] DEBUG org.hibernate.engine.internal.Collections - Collection dereferenced: [org.frcpm.models.Component.requiredForTasks#55]
10:24:18.358 [main] DEBUG org.hibernate.event.internal.AbstractFlushingEventListener - Flushed: 0 insertions, 0 updates, 1 deletions to 1 objects
10:24:18.358 [main] DEBUG org.hibernate.event.internal.AbstractFlushingEventListener - Flushed: 0 (re)creations, 0 updates, 1 removals to 1 collections
10:24:18.358 [main] DEBUG org.hibernate.internal.util.EntityPrinter - Listing entities:
10:24:18.358 [main] DEBUG org.hibernate.internal.util.EntityPrinter - org.frcpm.models.Component{expectedDelivery=2025-04-28, requiredForTasks=<uninitialized>, name=Test Component Assoc 1, actualDelivery=null, description=Component 1 for association test, delivered=false, partNumber=TC-ASSOC1, id=55}
10:24:18.358 [main] DEBUG org.hibernate.SQL - delete from components where id=?
10:24:18.361 [main] INFO org.hibernate.orm.jdbc.batch - HHH100503: On release of batch it still contained JDBC statements
10:24:18.361 [main] ERROR org.hibernate.orm.jdbc.batch - HHH100501: Exception executing batch [org.h2.jdbc.JdbcBatchUpdateException: Referential integrity constraint violation: "FK5IRPAISPCX79XWY6N1QOMAXNV: PUBLIC.TASK_COMPONENTS FOREIGN KEY(COMPONENT_ID) REFERENCES PUBLIC.COMPONENTS(ID) (CAST(55 AS BIGINT))"; SQL statement:
delete from components where id=? [23503-224]], SQL: delete from components where id=?
10:24:18.361 [main] DEBUG org.hibernate.engine.jdbc.spi.SqlExceptionHelper - could not execute batch [delete from components where id=?]
org.h2.jdbc.JdbcBatchUpdateException: Referential integrity constraint violation: "FK5IRPAISPCX79XWY6N1QOMAXNV: PUBLIC.TASK_COMPONENTS FOREIGN KEY(COMPONENT_ID) REFERENCES PUBLIC.COMPONENTS(ID) (CAST(55 AS BIGINT))"; SQL statement:
delete from components where id=? [23503-224]
	at org.h2.jdbc.JdbcPreparedStatement.executeBatch(JdbcPreparedStatement.java:1282)
	at com.zaxxer.hikari.pool.ProxyStatement.executeBatch(ProxyStatement.java:127)
	at com.zaxxer.hikari.pool.HikariProxyPreparedStatement.executeBatch(HikariProxyPreparedStatement.java)
	at org.hibernate.engine.jdbc.batch.internal.BatchImpl.lambda$performExecution$2(BatchImpl.java:279)
	at org.hibernate.engine.jdbc.mutation.internal.PreparedStatementGroupSingleTable.forEachStatement(PreparedStatementGroupSingleTable.java:67)
	at org.hibernate.engine.jdbc.batch.internal.BatchImpl.performExecution(BatchImpl.java:264)
	at org.hibernate.engine.jdbc.batch.internal.BatchImpl.execute(BatchImpl.java:242)
	at org.hibernate.engine.jdbc.internal.JdbcCoordinatorImpl.executeBatch(JdbcCoordinatorImpl.java:188)
	at org.hibernate.engine.spi.ActionQueue.executeActions(ActionQueue.java:662)
	at org.hibernate.engine.spi.ActionQueue.executeActions(ActionQueue.java:499)
	at org.hibernate.event.internal.AbstractFlushingEventListener.performExecutions(AbstractFlushingEventListener.java:371)
	at org.hibernate.event.internal.DefaultFlushEventListener.onFlush(DefaultFlushEventListener.java:41)
	at org.hibernate.event.service.internal.EventListenerGroupImpl.fireEventOnEachListener(EventListenerGroupImpl.java:127)
	at org.hibernate.internal.SessionImpl.doFlush(SessionImpl.java:1425)
	at org.hibernate.internal.SessionImpl.managedFlush(SessionImpl.java:487)
	at org.hibernate.internal.SessionImpl.flushBeforeTransactionCompletion(SessionImpl.java:2324)
	at org.hibernate.internal.SessionImpl.beforeTransactionCompletion(SessionImpl.java:1981)
	at org.hibernate.engine.jdbc.internal.JdbcCoordinatorImpl.beforeTransactionCompletion(JdbcCoordinatorImpl.java:439)
	at org.hibernate.resource.transaction.backend.jdbc.internal.JdbcResourceLocalTransactionCoordinatorImpl.beforeCompletionCallback(JdbcResourceLocalTransactionCoordinatorImpl.java:169)
	at org.hibernate.resource.transaction.backend.jdbc.internal.JdbcResourceLocalTransactionCoordinatorImpl$TransactionDriverControlImpl.commit(JdbcResourceLocalTransactionCoordinatorImpl.java:267)
	at org.hibernate.engine.transaction.internal.TransactionImpl.commit(TransactionImpl.java:101)
	at org.frcpm.repositories.impl.JpaRepositoryImpl.delete(JpaRepositoryImpl.java:165)
	at org.frcpm.repositories.ComponentRepositoryTest.cleanupTestComponents(ComponentRepositoryTest.java:63)
	at org.frcpm.repositories.ComponentRepositoryTest.tearDown(ComponentRepositoryTest.java:35)
	at java.base/jdk.internal.reflect.DirectMethodHandleAccessor.invoke(DirectMethodHandleAccessor.java:103)
	at java.base/java.lang.reflect.Method.invoke(Method.java:580)
	at org.junit.platform.commons.util.ReflectionUtils.invokeMethod(ReflectionUtils.java:728)
	at org.junit.jupiter.engine.execution.MethodInvocation.proceed(MethodInvocation.java:60)
	at org.junit.jupiter.engine.execution.InvocationInterceptorChain$ValidatingInvocation.proceed(InvocationInterceptorChain.java:131)
	at org.junit.jupiter.engine.extension.TimeoutExtension.intercept(TimeoutExtension.java:156)
	at org.junit.jupiter.engine.extension.TimeoutExtension.interceptLifecycleMethod(TimeoutExtension.java:128)
	at org.junit.jupiter.engine.extension.TimeoutExtension.interceptAfterEachMethod(TimeoutExtension.java:110)
	at org.junit.jupiter.engine.execution.InterceptingExecutableInvoker$ReflectiveInterceptorCall.lambda$ofVoidMethod$0(InterceptingExecutableInvoker.java:103)
	at org.junit.jupiter.engine.execution.InterceptingExecutableInvoker.lambda$invoke$0(InterceptingExecutableInvoker.java:93)
	at org.junit.jupiter.engine.execution.InvocationInterceptorChain$InterceptedInvocation.proceed(InvocationInterceptorChain.java:106)
	at org.junit.jupiter.engine.execution.InvocationInterceptorChain.proceed(InvocationInterceptorChain.java:64)
	at org.junit.jupiter.engine.execution.InvocationInterceptorChain.chainAndInvoke(InvocationInterceptorChain.java:45)
	at org.junit.jupiter.engine.execution.InvocationInterceptorChain.invoke(InvocationInterceptorChain.java:37)
	at org.junit.jupiter.engine.execution.InterceptingExecutableInvoker.invoke(InterceptingExecutableInvoker.java:92)
	at org.junit.jupiter.engine.execution.InterceptingExecutableInvoker.invoke(InterceptingExecutableInvoker.java:86)
	at org.junit.jupiter.engine.descriptor.ClassBasedTestDescriptor.invokeMethodInExtensionContext(ClassBasedTestDescriptor.java:521)
	at org.junit.jupiter.engine.descriptor.ClassBasedTestDescriptor.lambda$synthesizeAfterEachMethodAdapter$24(ClassBasedTestDescriptor.java:511)
	at org.junit.jupiter.engine.descriptor.TestMethodTestDescriptor.lambda$invokeAfterEachMethods$10(TestMethodTestDescriptor.java:244)
	at org.junit.jupiter.engine.descriptor.TestMethodTestDescriptor.lambda$invokeAllAfterMethodsOrCallbacks$13(TestMethodTestDescriptor.java:277)
	at org.junit.platform.engine.support.hierarchical.ThrowableCollector.execute(ThrowableCollector.java:73)
	at org.junit.jupiter.engine.descriptor.TestMethodTestDescriptor.lambda$invokeAllAfterMethodsOrCallbacks$14(TestMethodTestDescriptor.java:277)
	at org.junit.platform.commons.util.CollectionUtils.forEachInReverseOrder(CollectionUtils.java:217)
	at org.junit.jupiter.engine.descriptor.TestMethodTestDescriptor.invokeAllAfterMethodsOrCallbacks(TestMethodTestDescriptor.java:276)
	at org.junit.jupiter.engine.descriptor.TestMethodTestDescriptor.invokeAfterEachMethods(TestMethodTestDescriptor.java:242)
	at org.junit.jupiter.engine.descriptor.TestMethodTestDescriptor.execute(TestMethodTestDescriptor.java:143)
	at org.junit.jupiter.engine.descriptor.TestMethodTestDescriptor.execute(TestMethodTestDescriptor.java:69)
	at org.junit.platform.engine.support.hierarchical.NodeTestTask.lambda$executeRecursively$6(NodeTestTask.java:151)
	at org.junit.platform.engine.support.hierarchical.ThrowableCollector.execute(ThrowableCollector.java:73)
	at org.junit.platform.engine.support.hierarchical.NodeTestTask.lambda$executeRecursively$8(NodeTestTask.java:141)
	at org.junit.platform.engine.support.hierarchical.Node.around(Node.java:137)
	at org.junit.platform.engine.support.hierarchical.NodeTestTask.lambda$executeRecursively$9(NodeTestTask.java:139)
	at org.junit.platform.engine.support.hierarchical.ThrowableCollector.execute(ThrowableCollector.java:73)
	at org.junit.platform.engine.support.hierarchical.NodeTestTask.executeRecursively(NodeTestTask.java:138)
	at org.junit.platform.engine.support.hierarchical.NodeTestTask.execute(NodeTestTask.java:95)
	at java.base/java.util.ArrayList.forEach(ArrayList.java:1596)
	at org.junit.platform.engine.support.hierarchical.SameThreadHierarchicalTestExecutorService.invokeAll(SameThreadHierarchicalTestExecutorService.java:41)
	at org.junit.platform.engine.support.hierarchical.NodeTestTask.lambda$executeRecursively$6(NodeTestTask.java:155)
	at org.junit.platform.engine.support.hierarchical.ThrowableCollector.execute(ThrowableCollector.java:73)
	at org.junit.platform.engine.support.hierarchical.NodeTestTask.lambda$executeRecursively$8(NodeTestTask.java:141)
	at org.junit.platform.engine.support.hierarchical.Node.around(Node.java:137)
	at org.junit.platform.engine.support.hierarchical.NodeTestTask.lambda$executeRecursively$9(NodeTestTask.java:139)
	at org.junit.platform.engine.support.hierarchical.ThrowableCollector.execute(ThrowableCollector.java:73)
	at org.junit.platform.engine.support.hierarchical.NodeTestTask.executeRecursively(NodeTestTask.java:138)
	at org.junit.platform.engine.support.hierarchical.NodeTestTask.execute(NodeTestTask.java:95)
	at java.base/java.util.ArrayList.forEach(ArrayList.java:1596)
	at org.junit.platform.engine.support.hierarchical.SameThreadHierarchicalTestExecutorService.invokeAll(SameThreadHierarchicalTestExecutorService.java:41)
	at org.junit.platform.engine.support.hierarchical.NodeTestTask.lambda$executeRecursively$6(NodeTestTask.java:155)
	at org.junit.platform.engine.support.hierarchical.ThrowableCollector.execute(ThrowableCollector.java:73)
	at org.junit.platform.engine.support.hierarchical.NodeTestTask.lambda$executeRecursively$8(NodeTestTask.java:141)
	at org.junit.platform.engine.support.hierarchical.Node.around(Node.java:137)
	at org.junit.platform.engine.support.hierarchical.NodeTestTask.lambda$executeRecursively$9(NodeTestTask.java:139)
	at org.junit.platform.engine.support.hierarchical.ThrowableCollector.execute(ThrowableCollector.java:73)
	at org.junit.platform.engine.support.hierarchical.NodeTestTask.executeRecursively(NodeTestTask.java:138)
	at org.junit.platform.engine.support.hierarchical.NodeTestTask.execute(NodeTestTask.java:95)
	at org.junit.platform.engine.support.hierarchical.SameThreadHierarchicalTestExecutorService.submit(SameThreadHierarchicalTestExecutorService.java:35)
	at org.junit.platform.engine.support.hierarchical.HierarchicalTestExecutor.execute(HierarchicalTestExecutor.java:57)
	at org.junit.platform.engine.support.hierarchical.HierarchicalTestEngine.execute(HierarchicalTestEngine.java:54)
	at org.junit.platform.launcher.core.EngineExecutionOrchestrator.execute(EngineExecutionOrchestrator.java:198)
	at org.junit.platform.launcher.core.EngineExecutionOrchestrator.execute(EngineExecutionOrchestrator.java:169)
	at org.junit.platform.launcher.core.EngineExecutionOrchestrator.execute(EngineExecutionOrchestrator.java:93)
	at org.junit.platform.launcher.core.EngineExecutionOrchestrator.lambda$execute$0(EngineExecutionOrchestrator.java:58)
	at org.junit.platform.launcher.core.EngineExecutionOrchestrator.withInterceptedStreams(EngineExecutionOrchestrator.java:141)
	at org.junit.platform.launcher.core.EngineExecutionOrchestrator.execute(EngineExecutionOrchestrator.java:57)
	at org.junit.platform.launcher.core.DefaultLauncher.execute(DefaultLauncher.java:103)
	at org.junit.platform.launcher.core.DefaultLauncher.execute(DefaultLauncher.java:85)
	at org.junit.platform.launcher.core.DelegatingLauncher.execute(DelegatingLauncher.java:47)
	at org.apache.maven.surefire.junitplatform.LazyLauncher.execute(LazyLauncher.java:56)
	at org.apache.maven.surefire.junitplatform.JUnitPlatformProvider.execute(JUnitPlatformProvider.java:184)
	at org.apache.maven.surefire.junitplatform.JUnitPlatformProvider.invokeAllTests(JUnitPlatformProvider.java:148)
	at org.apache.maven.surefire.junitplatform.JUnitPlatformProvider.invoke(JUnitPlatformProvider.java:122)
	at org.apache.maven.surefire.booter.ForkedBooter.runSuitesInProcess(ForkedBooter.java:385)
	at org.apache.maven.surefire.booter.ForkedBooter.execute(ForkedBooter.java:162)
	at org.apache.maven.surefire.booter.ForkedBooter.run(ForkedBooter.java:507)
	at org.apache.maven.surefire.booter.ForkedBooter.main(ForkedBooter.java:495)
10:24:18.362 [main] WARN org.hibernate.engine.jdbc.spi.SqlExceptionHelper - SQL Error: 23503, SQLState: 23503
10:24:18.362 [main] ERROR org.hibernate.engine.jdbc.spi.SqlExceptionHelper - Referential integrity constraint violation: "FK5IRPAISPCX79XWY6N1QOMAXNV: PUBLIC.TASK_COMPONENTS FOREIGN KEY(COMPONENT_ID) REFERENCES PUBLIC.COMPONENTS(ID) (CAST(55 AS BIGINT))"; SQL statement:
delete from components where id=? [23503-224]
10:24:18.362 [main] DEBUG org.hibernate.orm.jdbc.batch - PreparedStatementDetails did not contain PreparedStatement on #releaseStatements : delete from components where id=?
10:24:18.362 [main] DEBUG org.hibernate.orm.jdbc.batch - PreparedStatementDetails did not contain PreparedStatement on #releaseStatements : delete from components where id=?
10:24:18.362 [main] DEBUG org.hibernate.resource.transaction.backend.jdbc.internal.JdbcResourceLocalTransactionCoordinatorImpl - JDBC transaction marked for rollback-only (exception provided for stack trace)
java.lang.Exception: exception just for purpose of providing stack trace
	at org.hibernate.resource.transaction.backend.jdbc.internal.JdbcResourceLocalTransactionCoordinatorImpl$TransactionDriverControlImpl.markRollbackOnly(JdbcResourceLocalTransactionCoordinatorImpl.java:309)
	at org.hibernate.engine.transaction.internal.TransactionImpl.markRollbackOnly(TransactionImpl.java:203)
	at org.hibernate.internal.AbstractSharedSessionContract.markForRollbackOnly(AbstractSharedSessionContract.java:512)
	at org.hibernate.internal.ExceptionConverterImpl.rollbackIfNecessary(ExceptionConverterImpl.java:264)
	at org.hibernate.internal.ExceptionConverterImpl.convert(ExceptionConverterImpl.java:160)
	at org.hibernate.internal.ExceptionConverterImpl.convert(ExceptionConverterImpl.java:167)
	at org.hibernate.internal.ExceptionConverterImpl.convert(ExceptionConverterImpl.java:173)
	at org.hibernate.internal.SessionImpl.doFlush(SessionImpl.java:1429)
	at org.hibernate.internal.SessionImpl.managedFlush(SessionImpl.java:487)
	at org.hibernate.internal.SessionImpl.flushBeforeTransactionCompletion(SessionImpl.java:2324)
	at org.hibernate.internal.SessionImpl.beforeTransactionCompletion(SessionImpl.java:1981)
	at org.hibernate.engine.jdbc.internal.JdbcCoordinatorImpl.beforeTransactionCompletion(JdbcCoordinatorImpl.java:439)
	at org.hibernate.resource.transaction.backend.jdbc.internal.JdbcResourceLocalTransactionCoordinatorImpl.beforeCompletionCallback(JdbcResourceLocalTransactionCoordinatorImpl.java:169)
	at org.hibernate.resource.transaction.backend.jdbc.internal.JdbcResourceLocalTransactionCoordinatorImpl$TransactionDriverControlImpl.commit(JdbcResourceLocalTransactionCoordinatorImpl.java:267)
	at org.hibernate.engine.transaction.internal.TransactionImpl.commit(TransactionImpl.java:101)
	at org.frcpm.repositories.impl.JpaRepositoryImpl.delete(JpaRepositoryImpl.java:165)
	at org.frcpm.repositories.ComponentRepositoryTest.cleanupTestComponents(ComponentRepositoryTest.java:63)
	at org.frcpm.repositories.ComponentRepositoryTest.tearDown(ComponentRepositoryTest.java:35)
	at java.base/jdk.internal.reflect.DirectMethodHandleAccessor.invoke(DirectMethodHandleAccessor.java:103)
	at java.base/java.lang.reflect.Method.invoke(Method.java:580)
	at org.junit.platform.commons.util.ReflectionUtils.invokeMethod(ReflectionUtils.java:728)
	at org.junit.jupiter.engine.execution.MethodInvocation.proceed(MethodInvocation.java:60)
	at org.junit.jupiter.engine.execution.InvocationInterceptorChain$ValidatingInvocation.proceed(InvocationInterceptorChain.java:131)
	at org.junit.jupiter.engine.extension.TimeoutExtension.intercept(TimeoutExtension.java:156)
	at org.junit.jupiter.engine.extension.TimeoutExtension.interceptLifecycleMethod(TimeoutExtension.java:128)
	at org.junit.jupiter.engine.extension.TimeoutExtension.interceptAfterEachMethod(TimeoutExtension.java:110)
	at org.junit.jupiter.engine.execution.InterceptingExecutableInvoker$ReflectiveInterceptorCall.lambda$ofVoidMethod$0(InterceptingExecutableInvoker.java:103)
	at org.junit.jupiter.engine.execution.InterceptingExecutableInvoker.lambda$invoke$0(InterceptingExecutableInvoker.java:93)
	at org.junit.jupiter.engine.execution.InvocationInterceptorChain$InterceptedInvocation.proceed(InvocationInterceptorChain.java:106)
	at org.junit.jupiter.engine.execution.InvocationInterceptorChain.proceed(InvocationInterceptorChain.java:64)
	at org.junit.jupiter.engine.execution.InvocationInterceptorChain.chainAndInvoke(InvocationInterceptorChain.java:45)
	at org.junit.jupiter.engine.execution.InvocationInterceptorChain.invoke(InvocationInterceptorChain.java:37)
	at org.junit.jupiter.engine.execution.InterceptingExecutableInvoker.invoke(InterceptingExecutableInvoker.java:92)
	at org.junit.jupiter.engine.execution.InterceptingExecutableInvoker.invoke(InterceptingExecutableInvoker.java:86)
	at org.junit.jupiter.engine.descriptor.ClassBasedTestDescriptor.invokeMethodInExtensionContext(ClassBasedTestDescriptor.java:521)
	at org.junit.jupiter.engine.descriptor.ClassBasedTestDescriptor.lambda$synthesizeAfterEachMethodAdapter$24(ClassBasedTestDescriptor.java:511)
	at org.junit.jupiter.engine.descriptor.TestMethodTestDescriptor.lambda$invokeAfterEachMethods$10(TestMethodTestDescriptor.java:244)
	at org.junit.jupiter.engine.descriptor.TestMethodTestDescriptor.lambda$invokeAllAfterMethodsOrCallbacks$13(TestMethodTestDescriptor.java:277)
	at org.junit.platform.engine.support.hierarchical.ThrowableCollector.execute(ThrowableCollector.java:73)
	at org.junit.jupiter.engine.descriptor.TestMethodTestDescriptor.lambda$invokeAllAfterMethodsOrCallbacks$14(TestMethodTestDescriptor.java:277)
	at org.junit.platform.commons.util.CollectionUtils.forEachInReverseOrder(CollectionUtils.java:217)
	at org.junit.jupiter.engine.descriptor.TestMethodTestDescriptor.invokeAllAfterMethodsOrCallbacks(TestMethodTestDescriptor.java:276)
	at org.junit.jupiter.engine.descriptor.TestMethodTestDescriptor.invokeAfterEachMethods(TestMethodTestDescriptor.java:242)
	at org.junit.jupiter.engine.descriptor.TestMethodTestDescriptor.execute(TestMethodTestDescriptor.java:143)
	at org.junit.jupiter.engine.descriptor.TestMethodTestDescriptor.execute(TestMethodTestDescriptor.java:69)
	at org.junit.platform.engine.support.hierarchical.NodeTestTask.lambda$executeRecursively$6(NodeTestTask.java:151)
	at org.junit.platform.engine.support.hierarchical.ThrowableCollector.execute(ThrowableCollector.java:73)
	at org.junit.platform.engine.support.hierarchical.NodeTestTask.lambda$executeRecursively$8(NodeTestTask.java:141)
	at org.junit.platform.engine.support.hierarchical.Node.around(Node.java:137)
	at org.junit.platform.engine.support.hierarchical.NodeTestTask.lambda$executeRecursively$9(NodeTestTask.java:139)
	at org.junit.platform.engine.support.hierarchical.ThrowableCollector.execute(ThrowableCollector.java:73)
	at org.junit.platform.engine.support.hierarchical.NodeTestTask.executeRecursively(NodeTestTask.java:138)
	at org.junit.platform.engine.support.hierarchical.NodeTestTask.execute(NodeTestTask.java:95)
	at java.base/java.util.ArrayList.forEach(ArrayList.java:1596)
	at org.junit.platform.engine.support.hierarchical.SameThreadHierarchicalTestExecutorService.invokeAll(SameThreadHierarchicalTestExecutorService.java:41)
	at org.junit.platform.engine.support.hierarchical.NodeTestTask.lambda$executeRecursively$6(NodeTestTask.java:155)
	at org.junit.platform.engine.support.hierarchical.ThrowableCollector.execute(ThrowableCollector.java:73)
	at org.junit.platform.engine.support.hierarchical.NodeTestTask.lambda$executeRecursively$8(NodeTestTask.java:141)
	at org.junit.platform.engine.support.hierarchical.Node.around(Node.java:137)
	at org.junit.platform.engine.support.hierarchical.NodeTestTask.lambda$executeRecursively$9(NodeTestTask.java:139)
	at org.junit.platform.engine.support.hierarchical.ThrowableCollector.execute(ThrowableCollector.java:73)
	at org.junit.platform.engine.support.hierarchical.NodeTestTask.executeRecursively(NodeTestTask.java:138)
	at org.junit.platform.engine.support.hierarchical.NodeTestTask.execute(NodeTestTask.java:95)
	at java.base/java.util.ArrayList.forEach(ArrayList.java:1596)
	at org.junit.platform.engine.support.hierarchical.SameThreadHierarchicalTestExecutorService.invokeAll(SameThreadHierarchicalTestExecutorService.java:41)
	at org.junit.platform.engine.support.hierarchical.NodeTestTask.lambda$executeRecursively$6(NodeTestTask.java:155)
	at org.junit.platform.engine.support.hierarchical.ThrowableCollector.execute(ThrowableCollector.java:73)
	at org.junit.platform.engine.support.hierarchical.NodeTestTask.lambda$executeRecursively$8(NodeTestTask.java:141)
	at org.junit.platform.engine.support.hierarchical.Node.around(Node.java:137)
	at org.junit.platform.engine.support.hierarchical.NodeTestTask.lambda$executeRecursively$9(NodeTestTask.java:139)
	at org.junit.platform.engine.support.hierarchical.ThrowableCollector.execute(ThrowableCollector.java:73)
	at org.junit.platform.engine.support.hierarchical.NodeTestTask.executeRecursively(NodeTestTask.java:138)
	at org.junit.platform.engine.support.hierarchical.NodeTestTask.execute(NodeTestTask.java:95)
	at org.junit.platform.engine.support.hierarchical.SameThreadHierarchicalTestExecutorService.submit(SameThreadHierarchicalTestExecutorService.java:35)
	at org.junit.platform.engine.support.hierarchical.HierarchicalTestExecutor.execute(HierarchicalTestExecutor.java:57)
	at org.junit.platform.engine.support.hierarchical.HierarchicalTestEngine.execute(HierarchicalTestEngine.java:54)
	at org.junit.platform.launcher.core.EngineExecutionOrchestrator.execute(EngineExecutionOrchestrator.java:198)
	at org.junit.platform.launcher.core.EngineExecutionOrchestrator.execute(EngineExecutionOrchestrator.java:169)
	at org.junit.platform.launcher.core.EngineExecutionOrchestrator.execute(EngineExecutionOrchestrator.java:93)
	at org.junit.platform.launcher.core.EngineExecutionOrchestrator.lambda$execute$0(EngineExecutionOrchestrator.java:58)
	at org.junit.platform.launcher.core.EngineExecutionOrchestrator.withInterceptedStreams(EngineExecutionOrchestrator.java:141)
	at org.junit.platform.launcher.core.EngineExecutionOrchestrator.execute(EngineExecutionOrchestrator.java:57)
	at org.junit.platform.launcher.core.DefaultLauncher.execute(DefaultLauncher.java:103)
	at org.junit.platform.launcher.core.DefaultLauncher.execute(DefaultLauncher.java:85)
	at org.junit.platform.launcher.core.DelegatingLauncher.execute(DelegatingLauncher.java:47)
	at org.apache.maven.surefire.junitplatform.LazyLauncher.execute(LazyLauncher.java:56)
	at org.apache.maven.surefire.junitplatform.JUnitPlatformProvider.execute(JUnitPlatformProvider.java:184)
	at org.apache.maven.surefire.junitplatform.JUnitPlatformProvider.invokeAllTests(JUnitPlatformProvider.java:148)
	at org.apache.maven.surefire.junitplatform.JUnitPlatformProvider.invoke(JUnitPlatformProvider.java:122)
	at org.apache.maven.surefire.booter.ForkedBooter.runSuitesInProcess(ForkedBooter.java:385)
	at org.apache.maven.surefire.booter.ForkedBooter.execute(ForkedBooter.java:162)
	at org.apache.maven.surefire.booter.ForkedBooter.run(ForkedBooter.java:507)
	at org.apache.maven.surefire.booter.ForkedBooter.main(ForkedBooter.java:495)
10:24:18.362 [main] DEBUG org.hibernate.resource.transaction.backend.jdbc.internal.JdbcResourceLocalTransactionCoordinatorImpl - JDBC transaction marked for rollback-only (exception provided for stack trace)
java.lang.Exception: exception just for purpose of providing stack trace
	at org.hibernate.resource.transaction.backend.jdbc.internal.JdbcResourceLocalTransactionCoordinatorImpl$TransactionDriverControlImpl.markRollbackOnly(JdbcResourceLocalTransactionCoordinatorImpl.java:309)
	at org.hibernate.resource.transaction.backend.jdbc.internal.JdbcResourceLocalTransactionCoordinatorImpl.beforeCompletionCallback(JdbcResourceLocalTransactionCoordinatorImpl.java:178)
	at org.hibernate.resource.transaction.backend.jdbc.internal.JdbcResourceLocalTransactionCoordinatorImpl$TransactionDriverControlImpl.commit(JdbcResourceLocalTransactionCoordinatorImpl.java:267)
	at org.hibernate.engine.transaction.internal.TransactionImpl.commit(TransactionImpl.java:101)
	at org.frcpm.repositories.impl.JpaRepositoryImpl.delete(JpaRepositoryImpl.java:165)
	at org.frcpm.repositories.ComponentRepositoryTest.cleanupTestComponents(ComponentRepositoryTest.java:63)
	at org.frcpm.repositories.ComponentRepositoryTest.tearDown(ComponentRepositoryTest.java:35)
	at java.base/jdk.internal.reflect.DirectMethodHandleAccessor.invoke(DirectMethodHandleAccessor.java:103)
	at java.base/java.lang.reflect.Method.invoke(Method.java:580)
	at org.junit.platform.commons.util.ReflectionUtils.invokeMethod(ReflectionUtils.java:728)
	at org.junit.jupiter.engine.execution.MethodInvocation.proceed(MethodInvocation.java:60)
	at org.junit.jupiter.engine.execution.InvocationInterceptorChain$ValidatingInvocation.proceed(InvocationInterceptorChain.java:131)
	at org.junit.jupiter.engine.extension.TimeoutExtension.intercept(TimeoutExtension.java:156)
	at org.junit.jupiter.engine.extension.TimeoutExtension.interceptLifecycleMethod(TimeoutExtension.java:128)
	at org.junit.jupiter.engine.extension.TimeoutExtension.interceptAfterEachMethod(TimeoutExtension.java:110)
	at org.junit.jupiter.engine.execution.InterceptingExecutableInvoker$ReflectiveInterceptorCall.lambda$ofVoidMethod$0(InterceptingExecutableInvoker.java:103)
	at org.junit.jupiter.engine.execution.InterceptingExecutableInvoker.lambda$invoke$0(InterceptingExecutableInvoker.java:93)
	at org.junit.jupiter.engine.execution.InvocationInterceptorChain$InterceptedInvocation.proceed(InvocationInterceptorChain.java:106)
	at org.junit.jupiter.engine.execution.InvocationInterceptorChain.proceed(InvocationInterceptorChain.java:64)
	at org.junit.jupiter.engine.execution.InvocationInterceptorChain.chainAndInvoke(InvocationInterceptorChain.java:45)
	at org.junit.jupiter.engine.execution.InvocationInterceptorChain.invoke(InvocationInterceptorChain.java:37)
	at org.junit.jupiter.engine.execution.InterceptingExecutableInvoker.invoke(InterceptingExecutableInvoker.java:92)
	at org.junit.jupiter.engine.execution.InterceptingExecutableInvoker.invoke(InterceptingExecutableInvoker.java:86)
	at org.junit.jupiter.engine.descriptor.ClassBasedTestDescriptor.invokeMethodInExtensionContext(ClassBasedTestDescriptor.java:521)
	at org.junit.jupiter.engine.descriptor.ClassBasedTestDescriptor.lambda$synthesizeAfterEachMethodAdapter$24(ClassBasedTestDescriptor.java:511)
	at org.junit.jupiter.engine.descriptor.TestMethodTestDescriptor.lambda$invokeAfterEachMethods$10(TestMethodTestDescriptor.java:244)
	at org.junit.jupiter.engine.descriptor.TestMethodTestDescriptor.lambda$invokeAllAfterMethodsOrCallbacks$13(TestMethodTestDescriptor.java:277)
	at org.junit.platform.engine.support.hierarchical.ThrowableCollector.execute(ThrowableCollector.java:73)
	at org.junit.jupiter.engine.descriptor.TestMethodTestDescriptor.lambda$invokeAllAfterMethodsOrCallbacks$14(TestMethodTestDescriptor.java:277)
	at org.junit.platform.commons.util.CollectionUtils.forEachInReverseOrder(CollectionUtils.java:217)
	at org.junit.jupiter.engine.descriptor.TestMethodTestDescriptor.invokeAllAfterMethodsOrCallbacks(TestMethodTestDescriptor.java:276)
	at org.junit.jupiter.engine.descriptor.TestMethodTestDescriptor.invokeAfterEachMethods(TestMethodTestDescriptor.java:242)
	at org.junit.jupiter.engine.descriptor.TestMethodTestDescriptor.execute(TestMethodTestDescriptor.java:143)
	at org.junit.jupiter.engine.descriptor.TestMethodTestDescriptor.execute(TestMethodTestDescriptor.java:69)
	at org.junit.platform.engine.support.hierarchical.NodeTestTask.lambda$executeRecursively$6(NodeTestTask.java:151)
	at org.junit.platform.engine.support.hierarchical.ThrowableCollector.execute(ThrowableCollector.java:73)
	at org.junit.platform.engine.support.hierarchical.NodeTestTask.lambda$executeRecursively$8(NodeTestTask.java:141)
	at org.junit.platform.engine.support.hierarchical.Node.around(Node.java:137)
	at org.junit.platform.engine.support.hierarchical.NodeTestTask.lambda$executeRecursively$9(NodeTestTask.java:139)
	at org.junit.platform.engine.support.hierarchical.ThrowableCollector.execute(ThrowableCollector.java:73)
	at org.junit.platform.engine.support.hierarchical.NodeTestTask.executeRecursively(NodeTestTask.java:138)
	at org.junit.platform.engine.support.hierarchical.NodeTestTask.execute(NodeTestTask.java:95)
	at java.base/java.util.ArrayList.forEach(ArrayList.java:1596)
	at org.junit.platform.engine.support.hierarchical.SameThreadHierarchicalTestExecutorService.invokeAll(SameThreadHierarchicalTestExecutorService.java:41)
	at org.junit.platform.engine.support.hierarchical.NodeTestTask.lambda$executeRecursively$6(NodeTestTask.java:155)
	at org.junit.platform.engine.support.hierarchical.ThrowableCollector.execute(ThrowableCollector.java:73)
	at org.junit.platform.engine.support.hierarchical.NodeTestTask.lambda$executeRecursively$8(NodeTestTask.java:141)
	at org.junit.platform.engine.support.hierarchical.Node.around(Node.java:137)
	at org.junit.platform.engine.support.hierarchical.NodeTestTask.lambda$executeRecursively$9(NodeTestTask.java:139)
	at org.junit.platform.engine.support.hierarchical.ThrowableCollector.execute(ThrowableCollector.java:73)
	at org.junit.platform.engine.support.hierarchical.NodeTestTask.executeRecursively(NodeTestTask.java:138)
	at org.junit.platform.engine.support.hierarchical.NodeTestTask.execute(NodeTestTask.java:95)
	at java.base/java.util.ArrayList.forEach(ArrayList.java:1596)
	at org.junit.platform.engine.support.hierarchical.SameThreadHierarchicalTestExecutorService.invokeAll(SameThreadHierarchicalTestExecutorService.java:41)
	at org.junit.platform.engine.support.hierarchical.NodeTestTask.lambda$executeRecursively$6(NodeTestTask.java:155)
	at org.junit.platform.engine.support.hierarchical.ThrowableCollector.execute(ThrowableCollector.java:73)
	at org.junit.platform.engine.support.hierarchical.NodeTestTask.lambda$executeRecursively$8(NodeTestTask.java:141)
	at org.junit.platform.engine.support.hierarchical.Node.around(Node.java:137)
	at org.junit.platform.engine.support.hierarchical.NodeTestTask.lambda$executeRecursively$9(NodeTestTask.java:139)
	at org.junit.platform.engine.support.hierarchical.ThrowableCollector.execute(ThrowableCollector.java:73)
	at org.junit.platform.engine.support.hierarchical.NodeTestTask.executeRecursively(NodeTestTask.java:138)
	at org.junit.platform.engine.support.hierarchical.NodeTestTask.execute(NodeTestTask.java:95)
	at org.junit.platform.engine.support.hierarchical.SameThreadHierarchicalTestExecutorService.submit(SameThreadHierarchicalTestExecutorService.java:35)
	at org.junit.platform.engine.support.hierarchical.HierarchicalTestExecutor.execute(HierarchicalTestExecutor.java:57)
	at org.junit.platform.engine.support.hierarchical.HierarchicalTestEngine.execute(HierarchicalTestEngine.java:54)
	at org.junit.platform.launcher.core.EngineExecutionOrchestrator.execute(EngineExecutionOrchestrator.java:198)
	at org.junit.platform.launcher.core.EngineExecutionOrchestrator.execute(EngineExecutionOrchestrator.java:169)
	at org.junit.platform.launcher.core.EngineExecutionOrchestrator.execute(EngineExecutionOrchestrator.java:93)
	at org.junit.platform.launcher.core.EngineExecutionOrchestrator.lambda$execute$0(EngineExecutionOrchestrator.java:58)
	at org.junit.platform.launcher.core.EngineExecutionOrchestrator.withInterceptedStreams(EngineExecutionOrchestrator.java:141)
	at org.junit.platform.launcher.core.EngineExecutionOrchestrator.execute(EngineExecutionOrchestrator.java:57)
	at org.junit.platform.launcher.core.DefaultLauncher.execute(DefaultLauncher.java:103)
	at org.junit.platform.launcher.core.DefaultLauncher.execute(DefaultLauncher.java:85)
	at org.junit.platform.launcher.core.DelegatingLauncher.execute(DelegatingLauncher.java:47)
	at org.apache.maven.surefire.junitplatform.LazyLauncher.execute(LazyLauncher.java:56)
	at org.apache.maven.surefire.junitplatform.JUnitPlatformProvider.execute(JUnitPlatformProvider.java:184)
	at org.apache.maven.surefire.junitplatform.JUnitPlatformProvider.invokeAllTests(JUnitPlatformProvider.java:148)
	at org.apache.maven.surefire.junitplatform.JUnitPlatformProvider.invoke(JUnitPlatformProvider.java:122)
	at org.apache.maven.surefire.booter.ForkedBooter.runSuitesInProcess(ForkedBooter.java:385)
	at org.apache.maven.surefire.booter.ForkedBooter.execute(ForkedBooter.java:162)
	at org.apache.maven.surefire.booter.ForkedBooter.run(ForkedBooter.java:507)
	at org.apache.maven.surefire.booter.ForkedBooter.main(ForkedBooter.java:495)
10:24:18.363 [main] DEBUG org.hibernate.orm.jdbc.batch - PreparedStatementDetails did not contain PreparedStatement on #releaseStatements : delete from components where id=?
10:24:18.363 [main] DEBUG org.hibernate.resource.jdbc.internal.LogicalConnectionManagedImpl - Initiating JDBC connection release from afterTransaction
10:24:18.363 [main] DEBUG org.hibernate.orm.jdbc.batch - PreparedStatementDetails did not contain PreparedStatement on #releaseStatements : delete from components where id=?
10:24:18.363 [main] DEBUG org.hibernate.orm.jdbc.batch - PreparedStatementDetails did not contain PreparedStatement on #releaseStatements : delete from components where id=?
10:24:18.363 [main] DEBUG org.hibernate.resource.jdbc.internal.LogicalConnectionManagedImpl - Initiating JDBC connection release from afterTransaction
10:24:18.363 [main] DEBUG org.hibernate.engine.transaction.internal.TransactionImpl - rollback() called on an inactive transaction
10:24:18.364 [main] DEBUG org.hibernate.engine.jdbc.internal.JdbcCoordinatorImpl - HHH000420: Closing un-released batch
10:24:18.364 [main] DEBUG org.hibernate.orm.jdbc.batch - PreparedStatementDetails did not contain PreparedStatement on #releaseStatements : delete from components where id=?
10:24:18.364 [main] DEBUG org.hibernate.orm.jdbc.batch - PreparedStatementDetails did not contain PreparedStatement on #releaseStatements : delete from components where id=?
]]></system-out>
    <system-err><![CDATA[Apr 25, 2025 10:24:18 AM org.frcpm.repositories.impl.JpaRepositoryImpl delete
SEVERE: Error deleting entity
jakarta.persistence.RollbackException: Error while committing the transaction
	at org.hibernate.internal.ExceptionConverterImpl.convertCommitException(ExceptionConverterImpl.java:67)
	at org.hibernate.engine.transaction.internal.TransactionImpl.commit(TransactionImpl.java:104)
	at org.frcpm.repositories.impl.JpaRepositoryImpl.delete(JpaRepositoryImpl.java:165)
	at org.frcpm.repositories.ComponentRepositoryTest.cleanupTestComponents(ComponentRepositoryTest.java:63)
	at org.frcpm.repositories.ComponentRepositoryTest.tearDown(ComponentRepositoryTest.java:35)
	at java.base/jdk.internal.reflect.DirectMethodHandleAccessor.invoke(DirectMethodHandleAccessor.java:103)
	at java.base/java.lang.reflect.Method.invoke(Method.java:580)
	at org.junit.platform.commons.util.ReflectionUtils.invokeMethod(ReflectionUtils.java:728)
	at org.junit.jupiter.engine.execution.MethodInvocation.proceed(MethodInvocation.java:60)
	at org.junit.jupiter.engine.execution.InvocationInterceptorChain$ValidatingInvocation.proceed(InvocationInterceptorChain.java:131)
	at org.junit.jupiter.engine.extension.TimeoutExtension.intercept(TimeoutExtension.java:156)
	at org.junit.jupiter.engine.extension.TimeoutExtension.interceptLifecycleMethod(TimeoutExtension.java:128)
	at org.junit.jupiter.engine.extension.TimeoutExtension.interceptAfterEachMethod(TimeoutExtension.java:110)
	at org.junit.jupiter.engine.execution.InterceptingExecutableInvoker$ReflectiveInterceptorCall.lambda$ofVoidMethod$0(InterceptingExecutableInvoker.java:103)
	at org.junit.jupiter.engine.execution.InterceptingExecutableInvoker.lambda$invoke$0(InterceptingExecutableInvoker.java:93)
	at org.junit.jupiter.engine.execution.InvocationInterceptorChain$InterceptedInvocation.proceed(InvocationInterceptorChain.java:106)
	at org.junit.jupiter.engine.execution.InvocationInterceptorChain.proceed(InvocationInterceptorChain.java:64)
	at org.junit.jupiter.engine.execution.InvocationInterceptorChain.chainAndInvoke(InvocationInterceptorChain.java:45)
	at org.junit.jupiter.engine.execution.InvocationInterceptorChain.invoke(InvocationInterceptorChain.java:37)
	at org.junit.jupiter.engine.execution.InterceptingExecutableInvoker.invoke(InterceptingExecutableInvoker.java:92)
	at org.junit.jupiter.engine.execution.InterceptingExecutableInvoker.invoke(InterceptingExecutableInvoker.java:86)
	at org.junit.jupiter.engine.descriptor.ClassBasedTestDescriptor.invokeMethodInExtensionContext(ClassBasedTestDescriptor.java:521)
	at org.junit.jupiter.engine.descriptor.ClassBasedTestDescriptor.lambda$synthesizeAfterEachMethodAdapter$24(ClassBasedTestDescriptor.java:511)
	at org.junit.jupiter.engine.descriptor.TestMethodTestDescriptor.lambda$invokeAfterEachMethods$10(TestMethodTestDescriptor.java:244)
	at org.junit.jupiter.engine.descriptor.TestMethodTestDescriptor.lambda$invokeAllAfterMethodsOrCallbacks$13(TestMethodTestDescriptor.java:277)
	at org.junit.platform.engine.support.hierarchical.ThrowableCollector.execute(ThrowableCollector.java:73)
	at org.junit.jupiter.engine.descriptor.TestMethodTestDescriptor.lambda$invokeAllAfterMethodsOrCallbacks$14(TestMethodTestDescriptor.java:277)
	at org.junit.platform.commons.util.CollectionUtils.forEachInReverseOrder(CollectionUtils.java:217)
	at org.junit.jupiter.engine.descriptor.TestMethodTestDescriptor.invokeAllAfterMethodsOrCallbacks(TestMethodTestDescriptor.java:276)
	at org.junit.jupiter.engine.descriptor.TestMethodTestDescriptor.invokeAfterEachMethods(TestMethodTestDescriptor.java:242)
	at org.junit.jupiter.engine.descriptor.TestMethodTestDescriptor.execute(TestMethodTestDescriptor.java:143)
	at org.junit.jupiter.engine.descriptor.TestMethodTestDescriptor.execute(TestMethodTestDescriptor.java:69)
	at org.junit.platform.engine.support.hierarchical.NodeTestTask.lambda$executeRecursively$6(NodeTestTask.java:151)
	at org.junit.platform.engine.support.hierarchical.ThrowableCollector.execute(ThrowableCollector.java:73)
	at org.junit.platform.engine.support.hierarchical.NodeTestTask.lambda$executeRecursively$8(NodeTestTask.java:141)
	at org.junit.platform.engine.support.hierarchical.Node.around(Node.java:137)
	at org.junit.platform.engine.support.hierarchical.NodeTestTask.lambda$executeRecursively$9(NodeTestTask.java:139)
	at org.junit.platform.engine.support.hierarchical.ThrowableCollector.execute(ThrowableCollector.java:73)
	at org.junit.platform.engine.support.hierarchical.NodeTestTask.executeRecursively(NodeTestTask.java:138)
	at org.junit.platform.engine.support.hierarchical.NodeTestTask.execute(NodeTestTask.java:95)
	at java.base/java.util.ArrayList.forEach(ArrayList.java:1596)
	at org.junit.platform.engine.support.hierarchical.SameThreadHierarchicalTestExecutorService.invokeAll(SameThreadHierarchicalTestExecutorService.java:41)
	at org.junit.platform.engine.support.hierarchical.NodeTestTask.lambda$executeRecursively$6(NodeTestTask.java:155)
	at org.junit.platform.engine.support.hierarchical.ThrowableCollector.execute(ThrowableCollector.java:73)
	at org.junit.platform.engine.support.hierarchical.NodeTestTask.lambda$executeRecursively$8(NodeTestTask.java:141)
	at org.junit.platform.engine.support.hierarchical.Node.around(Node.java:137)
	at org.junit.platform.engine.support.hierarchical.NodeTestTask.lambda$executeRecursively$9(NodeTestTask.java:139)
	at org.junit.platform.engine.support.hierarchical.ThrowableCollector.execute(ThrowableCollector.java:73)
	at org.junit.platform.engine.support.hierarchical.NodeTestTask.executeRecursively(NodeTestTask.java:138)
	at org.junit.platform.engine.support.hierarchical.NodeTestTask.execute(NodeTestTask.java:95)
	at java.base/java.util.ArrayList.forEach(ArrayList.java:1596)
	at org.junit.platform.engine.support.hierarchical.SameThreadHierarchicalTestExecutorService.invokeAll(SameThreadHierarchicalTestExecutorService.java:41)
	at org.junit.platform.engine.support.hierarchical.NodeTestTask.lambda$executeRecursively$6(NodeTestTask.java:155)
	at org.junit.platform.engine.support.hierarchical.ThrowableCollector.execute(ThrowableCollector.java:73)
	at org.junit.platform.engine.support.hierarchical.NodeTestTask.lambda$executeRecursively$8(NodeTestTask.java:141)
	at org.junit.platform.engine.support.hierarchical.Node.around(Node.java:137)
	at org.junit.platform.engine.support.hierarchical.NodeTestTask.lambda$executeRecursively$9(NodeTestTask.java:139)
	at org.junit.platform.engine.support.hierarchical.ThrowableCollector.execute(ThrowableCollector.java:73)
	at org.junit.platform.engine.support.hierarchical.NodeTestTask.executeRecursively(NodeTestTask.java:138)
	at org.junit.platform.engine.support.hierarchical.NodeTestTask.execute(NodeTestTask.java:95)
	at org.junit.platform.engine.support.hierarchical.SameThreadHierarchicalTestExecutorService.submit(SameThreadHierarchicalTestExecutorService.java:35)
	at org.junit.platform.engine.support.hierarchical.HierarchicalTestExecutor.execute(HierarchicalTestExecutor.java:57)
	at org.junit.platform.engine.support.hierarchical.HierarchicalTestEngine.execute(HierarchicalTestEngine.java:54)
	at org.junit.platform.launcher.core.EngineExecutionOrchestrator.execute(EngineExecutionOrchestrator.java:198)
	at org.junit.platform.launcher.core.EngineExecutionOrchestrator.execute(EngineExecutionOrchestrator.java:169)
	at org.junit.platform.launcher.core.EngineExecutionOrchestrator.execute(EngineExecutionOrchestrator.java:93)
	at org.junit.platform.launcher.core.EngineExecutionOrchestrator.lambda$execute$0(EngineExecutionOrchestrator.java:58)
	at org.junit.platform.launcher.core.EngineExecutionOrchestrator.withInterceptedStreams(EngineExecutionOrchestrator.java:141)
	at org.junit.platform.launcher.core.EngineExecutionOrchestrator.execute(EngineExecutionOrchestrator.java:57)
	at org.junit.platform.launcher.core.DefaultLauncher.execute(DefaultLauncher.java:103)
	at org.junit.platform.launcher.core.DefaultLauncher.execute(DefaultLauncher.java:85)
	at org.junit.platform.launcher.core.DelegatingLauncher.execute(DelegatingLauncher.java:47)
	at org.apache.maven.surefire.junitplatform.LazyLauncher.execute(LazyLauncher.java:56)
	at org.apache.maven.surefire.junitplatform.JUnitPlatformProvider.execute(JUnitPlatformProvider.java:184)
	at org.apache.maven.surefire.junitplatform.JUnitPlatformProvider.invokeAllTests(JUnitPlatformProvider.java:148)
	at org.apache.maven.surefire.junitplatform.JUnitPlatformProvider.invoke(JUnitPlatformProvider.java:122)
	at org.apache.maven.surefire.booter.ForkedBooter.runSuitesInProcess(ForkedBooter.java:385)
	at org.apache.maven.surefire.booter.ForkedBooter.execute(ForkedBooter.java:162)
	at org.apache.maven.surefire.booter.ForkedBooter.run(ForkedBooter.java:507)
	at org.apache.maven.surefire.booter.ForkedBooter.main(ForkedBooter.java:495)
Caused by: org.hibernate.exception.ConstraintViolationException: could not execute batch [Referential integrity constraint violation: "FK5IRPAISPCX79XWY6N1QOMAXNV: PUBLIC.TASK_COMPONENTS FOREIGN KEY(COMPONENT_ID) REFERENCES PUBLIC.COMPONENTS(ID) (CAST(55 AS BIGINT))"; SQL statement:
delete from components where id=? [23503-224]] [delete from components where id=?]
	at org.hibernate.exception.internal.SQLStateConversionDelegate.convert(SQLStateConversionDelegate.java:97)
	at org.hibernate.exception.internal.StandardSQLExceptionConverter.convert(StandardSQLExceptionConverter.java:58)
	at org.hibernate.engine.jdbc.spi.SqlExceptionHelper.convert(SqlExceptionHelper.java:108)
	at org.hibernate.engine.jdbc.batch.internal.BatchImpl.lambda$performExecution$2(BatchImpl.java:294)
	at org.hibernate.engine.jdbc.mutation.internal.PreparedStatementGroupSingleTable.forEachStatement(PreparedStatementGroupSingleTable.java:67)
	at org.hibernate.engine.jdbc.batch.internal.BatchImpl.performExecution(BatchImpl.java:264)
	at org.hibernate.engine.jdbc.batch.internal.BatchImpl.execute(BatchImpl.java:242)
	at org.hibernate.engine.jdbc.internal.JdbcCoordinatorImpl.executeBatch(JdbcCoordinatorImpl.java:188)
	at org.hibernate.engine.spi.ActionQueue.executeActions(ActionQueue.java:662)
	at org.hibernate.engine.spi.ActionQueue.executeActions(ActionQueue.java:499)
	at org.hibernate.event.internal.AbstractFlushingEventListener.performExecutions(AbstractFlushingEventListener.java:371)
	at org.hibernate.event.internal.DefaultFlushEventListener.onFlush(DefaultFlushEventListener.java:41)
	at org.hibernate.event.service.internal.EventListenerGroupImpl.fireEventOnEachListener(EventListenerGroupImpl.java:127)
	at org.hibernate.internal.SessionImpl.doFlush(SessionImpl.java:1425)
	at org.hibernate.internal.SessionImpl.managedFlush(SessionImpl.java:487)
	at org.hibernate.internal.SessionImpl.flushBeforeTransactionCompletion(SessionImpl.java:2324)
	at org.hibernate.internal.SessionImpl.beforeTransactionCompletion(SessionImpl.java:1981)
	at org.hibernate.engine.jdbc.internal.JdbcCoordinatorImpl.beforeTransactionCompletion(JdbcCoordinatorImpl.java:439)
	at org.hibernate.resource.transaction.backend.jdbc.internal.JdbcResourceLocalTransactionCoordinatorImpl.beforeCompletionCallback(JdbcResourceLocalTransactionCoordinatorImpl.java:169)
	at org.hibernate.resource.transaction.backend.jdbc.internal.JdbcResourceLocalTransactionCoordinatorImpl$TransactionDriverControlImpl.commit(JdbcResourceLocalTransactionCoordinatorImpl.java:267)
	at org.hibernate.engine.transaction.internal.TransactionImpl.commit(TransactionImpl.java:101)
	... 78 more
Caused by: org.h2.jdbc.JdbcBatchUpdateException: Referential integrity constraint violation: "FK5IRPAISPCX79XWY6N1QOMAXNV: PUBLIC.TASK_COMPONENTS FOREIGN KEY(COMPONENT_ID) REFERENCES PUBLIC.COMPONENTS(ID) (CAST(55 AS BIGINT))"; SQL statement:
delete from components where id=? [23503-224]
	at org.h2.jdbc.JdbcPreparedStatement.executeBatch(JdbcPreparedStatement.java:1282)
	at com.zaxxer.hikari.pool.ProxyStatement.executeBatch(ProxyStatement.java:127)
	at com.zaxxer.hikari.pool.HikariProxyPreparedStatement.executeBatch(HikariProxyPreparedStatement.java)
	at org.hibernate.engine.jdbc.batch.internal.BatchImpl.lambda$performExecution$2(BatchImpl.java:279)
	... 95 more

]]></system-err>
  </testcase>
</testsuite>