<?xml version="1.0" encoding="UTF-8"?>
<testsuite xmlns:xsi="http://www.w3.org/2001/XMLSchema-instance" xsi:noNamespaceSchemaLocation="https://maven.apache.org/surefire/maven-surefire-plugin/xsd/surefire-test-report-3.0.xsd" version="3.0" name="org.frcpm.controllers.ProjectControllerTest" time="1.643" tests="19" errors="0" skipped="0" failures="0">
  <properties>
    <property name="java.specification.version" value="21"/>
    <property name="javafx.runtime.version" value="21.0.2+5"/>
    <property name="sun.cpu.isalist" value="amd64"/>
    <property name="sun.jnu.encoding" value="Cp1252"/>
    <property name="java.class.path" value="C:\Users\dhiebert\Local Repositories\Project Management 2.0\target\test-classes;C:\Users\dhiebert\Local Repositories\Project Management 2.0\target\classes;C:\Users\dhiebert\.m2\repository\org\openjfx\javafx-controls\21.0.2\javafx-controls-21.0.2.jar;C:\Users\dhiebert\.m2\repository\org\openjfx\javafx-controls\21.0.2\javafx-controls-21.0.2-win.jar;C:\Users\dhiebert\.m2\repository\org\openjfx\javafx-fxml\21.0.2\javafx-fxml-21.0.2.jar;C:\Users\dhiebert\.m2\repository\org\openjfx\javafx-fxml\21.0.2\javafx-fxml-21.0.2-win.jar;C:\Users\dhiebert\.m2\repository\org\openjfx\javafx-graphics\21.0.2\javafx-graphics-21.0.2.jar;C:\Users\dhiebert\.m2\repository\org\openjfx\javafx-graphics\21.0.2\javafx-graphics-21.0.2-win.jar;C:\Users\dhiebert\.m2\repository\org\openjfx\javafx-base\21.0.2\javafx-base-21.0.2.jar;C:\Users\dhiebert\.m2\repository\org\openjfx\javafx-base\21.0.2\javafx-base-21.0.2-win.jar;C:\Users\dhiebert\.m2\repository\com\h2database\h2\2.2.224\h2-2.2.224.jar;C:\Users\dhiebert\.m2\repository\com\zaxxer\HikariCP\5.1.0\HikariCP-5.1.0.jar;C:\Users\dhiebert\.m2\repository\org\slf4j\slf4j-api\1.7.36\slf4j-api-1.7.36.jar;C:\Users\dhiebert\.m2\repository\org\hibernate\orm\hibernate-core\6.5.0.Final\hibernate-core-6.5.0.Final.jar;C:\Users\dhiebert\.m2\repository\jakarta\persistence\jakarta.persistence-api\3.1.0\jakarta.persistence-api-3.1.0.jar;C:\Users\dhiebert\.m2\repository\jakarta\transaction\jakarta.transaction-api\2.0.1\jakarta.transaction-api-2.0.1.jar;C:\Users\dhiebert\.m2\repository\org\jboss\logging\jboss-logging\3.5.0.Final\jboss-logging-3.5.0.Final.jar;C:\Users\dhiebert\.m2\repository\org\hibernate\common\hibernate-commons-annotations\6.0.6.Final\hibernate-commons-annotations-6.0.6.Final.jar;C:\Users\dhiebert\.m2\repository\io\smallrye\jandex\3.1.2\jandex-3.1.2.jar;C:\Users\dhiebert\.m2\repository\com\fasterxml\classmate\1.5.1\classmate-1.5.1.jar;C:\Users\dhiebert\.m2\repository\net\bytebuddy\byte-buddy\1.14.12\byte-buddy-1.14.12.jar;C:\Users\dhiebert\.m2\repository\jakarta\xml\bind\jakarta.xml.bind-api\4.0.0\jakarta.xml.bind-api-4.0.0.jar;C:\Users\dhiebert\.m2\repository\jakarta\activation\jakarta.activation-api\2.1.0\jakarta.activation-api-2.1.0.jar;C:\Users\dhiebert\.m2\repository\org\glassfish\jaxb\jaxb-runtime\4.0.2\jaxb-runtime-4.0.2.jar;C:\Users\dhiebert\.m2\repository\org\glassfish\jaxb\jaxb-core\4.0.2\jaxb-core-4.0.2.jar;C:\Users\dhiebert\.m2\repository\org\eclipse\angus\angus-activation\2.0.0\angus-activation-2.0.0.jar;C:\Users\dhiebert\.m2\repository\org\glassfish\jaxb\txw2\4.0.2\txw2-4.0.2.jar;C:\Users\dhiebert\.m2\repository\com\sun\istack\istack-commons-runtime\4.1.1\istack-commons-runtime-4.1.1.jar;C:\Users\dhiebert\.m2\repository\jakarta\inject\jakarta.inject-api\2.0.1\jakarta.inject-api-2.0.1.jar;C:\Users\dhiebert\.m2\repository\org\antlr\antlr4-runtime\4.13.0\antlr4-runtime-4.13.0.jar;C:\Users\dhiebert\.m2\repository\org\hibernate\validator\hibernate-validator\8.0.1.Final\hibernate-validator-8.0.1.Final.jar;C:\Users\dhiebert\.m2\repository\jakarta\validation\jakarta.validation-api\3.0.2\jakarta.validation-api-3.0.2.jar;C:\Users\dhiebert\.m2\repository\org\junit\jupiter\junit-jupiter-api\5.10.2\junit-jupiter-api-5.10.2.jar;C:\Users\dhiebert\.m2\repository\org\opentest4j\opentest4j\1.3.0\opentest4j-1.3.0.jar;C:\Users\dhiebert\.m2\repository\org\junit\platform\junit-platform-commons\1.10.2\junit-platform-commons-1.10.2.jar;C:\Users\dhiebert\.m2\repository\org\apiguardian\apiguardian-api\1.1.2\apiguardian-api-1.1.2.jar;C:\Users\dhiebert\.m2\repository\org\junit\jupiter\junit-jupiter-engine\5.10.2\junit-jupiter-engine-5.10.2.jar;C:\Users\dhiebert\.m2\repository\org\junit\platform\junit-platform-engine\1.10.2\junit-platform-engine-1.10.2.jar;C:\Users\dhiebert\.m2\repository\org\mockito\mockito-junit-jupiter\5.10.0\mockito-junit-jupiter-5.10.0.jar;C:\Users\dhiebert\.m2\repository\org\mockito\mockito-core\5.10.0\mockito-core-5.10.0.jar;C:\Users\dhiebert\.m2\repository\net\bytebuddy\byte-buddy-agent\1.14.11\byte-buddy-agent-1.14.11.jar;C:\Users\dhiebert\.m2\repository\org\objenesis\objenesis\3.3\objenesis-3.3.jar;C:\Users\dhiebert\.m2\repository\org\hibernate\orm\hibernate-hikaricp\6.5.0.Final\hibernate-hikaricp-6.5.0.Final.jar;C:\Users\dhiebert\.m2\repository\ch\qos\logback\logback-classic\1.2.11\logback-classic-1.2.11.jar;C:\Users\dhiebert\.m2\repository\ch\qos\logback\logback-core\1.2.11\logback-core-1.2.11.jar;C:\Users\dhiebert\.m2\repository\org\testfx\testfx-core\4.0.18\testfx-core-4.0.18.jar;C:\Users\dhiebert\.m2\repository\org\hamcrest\hamcrest\2.1\hamcrest-2.1.jar;C:\Users\dhiebert\.m2\repository\org\assertj\assertj-core\3.13.2\assertj-core-3.13.2.jar;C:\Users\dhiebert\.m2\repository\org\osgi\org.osgi.core\6.0.0\org.osgi.core-6.0.0.jar;C:\Users\dhiebert\.m2\repository\org\testfx\testfx-junit5\4.0.18\testfx-junit5-4.0.18.jar;C:\Users\dhiebert\.m2\repository\org\openjfx\javafx-web\17.0.2\javafx-web-17.0.2.jar;C:\Users\dhiebert\.m2\repository\org\openjfx\javafx-web\17.0.2\javafx-web-17.0.2-win.jar;C:\Users\dhiebert\.m2\repository\org\openjfx\javafx-media\17.0.2\javafx-media-17.0.2.jar;C:\Users\dhiebert\.m2\repository\org\openjfx\javafx-media\17.0.2\javafx-media-17.0.2-win.jar;C:\Users\dhiebert\.m2\repository\org\apache\pdfbox\pdfbox\2.0.27\pdfbox-2.0.27.jar;C:\Users\dhiebert\.m2\repository\org\apache\pdfbox\fontbox\2.0.27\fontbox-2.0.27.jar;C:\Users\dhiebert\.m2\repository\commons-logging\commons-logging\1.2\commons-logging-1.2.jar;C:\Users\dhiebert\.m2\repository\com\fasterxml\jackson\core\jackson-databind\2.15.0\jackson-databind-2.15.0.jar;C:\Users\dhiebert\.m2\repository\com\fasterxml\jackson\core\jackson-annotations\2.15.0\jackson-annotations-2.15.0.jar;C:\Users\dhiebert\.m2\repository\com\fasterxml\jackson\core\jackson-core\2.15.0\jackson-core-2.15.0.jar;C:\Users\dhiebert\.m2\repository\org\apache\xmlgraphics\batik-all\1.16\batik-all-1.16.jar;C:\Users\dhiebert\.m2\repository\xml-apis\xml-apis\1.4.01\xml-apis-1.4.01.jar;C:\Users\dhiebert\.m2\repository\xml-apis\xml-apis-ext\1.3.04\xml-apis-ext-1.3.04.jar;C:\Users\dhiebert\.m2\repository\org\apache\xmlgraphics\xmlgraphics-commons\2.7\xmlgraphics-commons-2.7.jar;C:\Users\dhiebert\.m2\repository\commons-io\commons-io\1.3.1\commons-io-1.3.1.jar;C:\Users\dhiebert\.m2\repository\org\jgrapht\jgrapht-core\1.5.2\jgrapht-core-1.5.2.jar;C:\Users\dhiebert\.m2\repository\org\jheaps\jheaps\0.14\jheaps-0.14.jar;C:\Users\dhiebert\.m2\repository\org\apfloat\apfloat\1.10.1\apfloat-1.10.1.jar;"/>
    <property name="java.vm.vendor" value="Eclipse Adoptium"/>
    <property name="sun.arch.data.model" value="64"/>
    <property name="user.variant" value=""/>
    <property name="java.vendor.url" value="https://adoptium.net/"/>
    <property name="user.timezone" value="America/Chicago"/>
    <property name="os.name" value="Windows 11"/>
    <property name="java.vm.specification.version" value="21"/>
    <property name="javafx.version" value="21.0.2"/>
    <property name="sun.java.launcher" value="SUN_STANDARD"/>
    <property name="user.country" value="US"/>
    <property name="sun.boot.library.path" value="C:\Program Files\Eclipse Adoptium\jdk-21.0.6.7-hotspot\bin"/>
    <property name="sun.java.command" value="C:\Users\dhiebert\AppData\Local\Temp\surefire9513985487531586668\surefirebooter-20250425102356946_3.jar C:\Users\dhiebert\AppData\Local\Temp\surefire9513985487531586668 2025-04-25T10-23-56_800-jvmRun1 surefire-20250425102356946_1tmp surefire_0-20250425102356946_2tmp"/>
    <property name="jdk.debug" value="release"/>
    <property name="surefire.test.class.path" value="C:\Users\dhiebert\Local Repositories\Project Management 2.0\target\test-classes;C:\Users\dhiebert\Local Repositories\Project Management 2.0\target\classes;C:\Users\dhiebert\.m2\repository\org\openjfx\javafx-controls\21.0.2\javafx-controls-21.0.2.jar;C:\Users\dhiebert\.m2\repository\org\openjfx\javafx-controls\21.0.2\javafx-controls-21.0.2-win.jar;C:\Users\dhiebert\.m2\repository\org\openjfx\javafx-fxml\21.0.2\javafx-fxml-21.0.2.jar;C:\Users\dhiebert\.m2\repository\org\openjfx\javafx-fxml\21.0.2\javafx-fxml-21.0.2-win.jar;C:\Users\dhiebert\.m2\repository\org\openjfx\javafx-graphics\21.0.2\javafx-graphics-21.0.2.jar;C:\Users\dhiebert\.m2\repository\org\openjfx\javafx-graphics\21.0.2\javafx-graphics-21.0.2-win.jar;C:\Users\dhiebert\.m2\repository\org\openjfx\javafx-base\21.0.2\javafx-base-21.0.2.jar;C:\Users\dhiebert\.m2\repository\org\openjfx\javafx-base\21.0.2\javafx-base-21.0.2-win.jar;C:\Users\dhiebert\.m2\repository\com\h2database\h2\2.2.224\h2-2.2.224.jar;C:\Users\dhiebert\.m2\repository\com\zaxxer\HikariCP\5.1.0\HikariCP-5.1.0.jar;C:\Users\dhiebert\.m2\repository\org\slf4j\slf4j-api\1.7.36\slf4j-api-1.7.36.jar;C:\Users\dhiebert\.m2\repository\org\hibernate\orm\hibernate-core\6.5.0.Final\hibernate-core-6.5.0.Final.jar;C:\Users\dhiebert\.m2\repository\jakarta\persistence\jakarta.persistence-api\3.1.0\jakarta.persistence-api-3.1.0.jar;C:\Users\dhiebert\.m2\repository\jakarta\transaction\jakarta.transaction-api\2.0.1\jakarta.transaction-api-2.0.1.jar;C:\Users\dhiebert\.m2\repository\org\jboss\logging\jboss-logging\3.5.0.Final\jboss-logging-3.5.0.Final.jar;C:\Users\dhiebert\.m2\repository\org\hibernate\common\hibernate-commons-annotations\6.0.6.Final\hibernate-commons-annotations-6.0.6.Final.jar;C:\Users\dhiebert\.m2\repository\io\smallrye\jandex\3.1.2\jandex-3.1.2.jar;C:\Users\dhiebert\.m2\repository\com\fasterxml\classmate\1.5.1\classmate-1.5.1.jar;C:\Users\dhiebert\.m2\repository\net\bytebuddy\byte-buddy\1.14.12\byte-buddy-1.14.12.jar;C:\Users\dhiebert\.m2\repository\jakarta\xml\bind\jakarta.xml.bind-api\4.0.0\jakarta.xml.bind-api-4.0.0.jar;C:\Users\dhiebert\.m2\repository\jakarta\activation\jakarta.activation-api\2.1.0\jakarta.activation-api-2.1.0.jar;C:\Users\dhiebert\.m2\repository\org\glassfish\jaxb\jaxb-runtime\4.0.2\jaxb-runtime-4.0.2.jar;C:\Users\dhiebert\.m2\repository\org\glassfish\jaxb\jaxb-core\4.0.2\jaxb-core-4.0.2.jar;C:\Users\dhiebert\.m2\repository\org\eclipse\angus\angus-activation\2.0.0\angus-activation-2.0.0.jar;C:\Users\dhiebert\.m2\repository\org\glassfish\jaxb\txw2\4.0.2\txw2-4.0.2.jar;C:\Users\dhiebert\.m2\repository\com\sun\istack\istack-commons-runtime\4.1.1\istack-commons-runtime-4.1.1.jar;C:\Users\dhiebert\.m2\repository\jakarta\inject\jakarta.inject-api\2.0.1\jakarta.inject-api-2.0.1.jar;C:\Users\dhiebert\.m2\repository\org\antlr\antlr4-runtime\4.13.0\antlr4-runtime-4.13.0.jar;C:\Users\dhiebert\.m2\repository\org\hibernate\validator\hibernate-validator\8.0.1.Final\hibernate-validator-8.0.1.Final.jar;C:\Users\dhiebert\.m2\repository\jakarta\validation\jakarta.validation-api\3.0.2\jakarta.validation-api-3.0.2.jar;C:\Users\dhiebert\.m2\repository\org\junit\jupiter\junit-jupiter-api\5.10.2\junit-jupiter-api-5.10.2.jar;C:\Users\dhiebert\.m2\repository\org\opentest4j\opentest4j\1.3.0\opentest4j-1.3.0.jar;C:\Users\dhiebert\.m2\repository\org\junit\platform\junit-platform-commons\1.10.2\junit-platform-commons-1.10.2.jar;C:\Users\dhiebert\.m2\repository\org\apiguardian\apiguardian-api\1.1.2\apiguardian-api-1.1.2.jar;C:\Users\dhiebert\.m2\repository\org\junit\jupiter\junit-jupiter-engine\5.10.2\junit-jupiter-engine-5.10.2.jar;C:\Users\dhiebert\.m2\repository\org\junit\platform\junit-platform-engine\1.10.2\junit-platform-engine-1.10.2.jar;C:\Users\dhiebert\.m2\repository\org\mockito\mockito-junit-jupiter\5.10.0\mockito-junit-jupiter-5.10.0.jar;C:\Users\dhiebert\.m2\repository\org\mockito\mockito-core\5.10.0\mockito-core-5.10.0.jar;C:\Users\dhiebert\.m2\repository\net\bytebuddy\byte-buddy-agent\1.14.11\byte-buddy-agent-1.14.11.jar;C:\Users\dhiebert\.m2\repository\org\objenesis\objenesis\3.3\objenesis-3.3.jar;C:\Users\dhiebert\.m2\repository\org\hibernate\orm\hibernate-hikaricp\6.5.0.Final\hibernate-hikaricp-6.5.0.Final.jar;C:\Users\dhiebert\.m2\repository\ch\qos\logback\logback-classic\1.2.11\logback-classic-1.2.11.jar;C:\Users\dhiebert\.m2\repository\ch\qos\logback\logback-core\1.2.11\logback-core-1.2.11.jar;C:\Users\dhiebert\.m2\repository\org\testfx\testfx-core\4.0.18\testfx-core-4.0.18.jar;C:\Users\dhiebert\.m2\repository\org\hamcrest\hamcrest\2.1\hamcrest-2.1.jar;C:\Users\dhiebert\.m2\repository\org\assertj\assertj-core\3.13.2\assertj-core-3.13.2.jar;C:\Users\dhiebert\.m2\repository\org\osgi\org.osgi.core\6.0.0\org.osgi.core-6.0.0.jar;C:\Users\dhiebert\.m2\repository\org\testfx\testfx-junit5\4.0.18\testfx-junit5-4.0.18.jar;C:\Users\dhiebert\.m2\repository\org\openjfx\javafx-web\17.0.2\javafx-web-17.0.2.jar;C:\Users\dhiebert\.m2\repository\org\openjfx\javafx-web\17.0.2\javafx-web-17.0.2-win.jar;C:\Users\dhiebert\.m2\repository\org\openjfx\javafx-media\17.0.2\javafx-media-17.0.2.jar;C:\Users\dhiebert\.m2\repository\org\openjfx\javafx-media\17.0.2\javafx-media-17.0.2-win.jar;C:\Users\dhiebert\.m2\repository\org\apache\pdfbox\pdfbox\2.0.27\pdfbox-2.0.27.jar;C:\Users\dhiebert\.m2\repository\org\apache\pdfbox\fontbox\2.0.27\fontbox-2.0.27.jar;C:\Users\dhiebert\.m2\repository\commons-logging\commons-logging\1.2\commons-logging-1.2.jar;C:\Users\dhiebert\.m2\repository\com\fasterxml\jackson\core\jackson-databind\2.15.0\jackson-databind-2.15.0.jar;C:\Users\dhiebert\.m2\repository\com\fasterxml\jackson\core\jackson-annotations\2.15.0\jackson-annotations-2.15.0.jar;C:\Users\dhiebert\.m2\repository\com\fasterxml\jackson\core\jackson-core\2.15.0\jackson-core-2.15.0.jar;C:\Users\dhiebert\.m2\repository\org\apache\xmlgraphics\batik-all\1.16\batik-all-1.16.jar;C:\Users\dhiebert\.m2\repository\xml-apis\xml-apis\1.4.01\xml-apis-1.4.01.jar;C:\Users\dhiebert\.m2\repository\xml-apis\xml-apis-ext\1.3.04\xml-apis-ext-1.3.04.jar;C:\Users\dhiebert\.m2\repository\org\apache\xmlgraphics\xmlgraphics-commons\2.7\xmlgraphics-commons-2.7.jar;C:\Users\dhiebert\.m2\repository\commons-io\commons-io\1.3.1\commons-io-1.3.1.jar;C:\Users\dhiebert\.m2\repository\org\jgrapht\jgrapht-core\1.5.2\jgrapht-core-1.5.2.jar;C:\Users\dhiebert\.m2\repository\org\jheaps\jheaps\0.14\jheaps-0.14.jar;C:\Users\dhiebert\.m2\repository\org\apfloat\apfloat\1.10.1\apfloat-1.10.1.jar;"/>
    <property name="sun.cpu.endian" value="little"/>
    <property name="user.home" value="C:\Users\dhiebert"/>
    <property name="user.language" value="en"/>
    <property name="java.specification.vendor" value="Oracle Corporation"/>
    <property name="java.version.date" value="2025-01-21"/>
    <property name="java.home" value="C:\Program Files\Eclipse Adoptium\jdk-21.0.6.7-hotspot"/>
    <property name="file.separator" value="\"/>
    <property name="basedir" value="C:\Users\dhiebert\Local Repositories\Project Management 2.0"/>
    <property name="java.vm.compressedOopsMode" value="Zero based"/>
    <property name="line.separator" value="&#10;"/>
    <property name="java.vm.specification.vendor" value="Oracle Corporation"/>
    <property name="java.specification.name" value="Java Platform API Specification"/>
    <property name="surefire.real.class.path" value="C:\Users\dhiebert\AppData\Local\Temp\surefire9513985487531586668\surefirebooter-20250425102356946_3.jar"/>
    <property name="user.script" value=""/>
    <property name="sun.management.compiler" value="HotSpot 64-Bit Tiered Compilers"/>
    <property name="java.runtime.version" value="21.0.6+7-LTS"/>
    <property name="user.name" value="dhiebert"/>
    <property name="stdout.encoding" value="Cp1252"/>
    <property name="path.separator" value=";"/>
    <property name="os.version" value="10.0"/>
    <property name="java.runtime.name" value="OpenJDK Runtime Environment"/>
    <property name="file.encoding" value="UTF-8"/>
    <property name="java.vm.name" value="OpenJDK 64-Bit Server VM"/>
    <property name="java.vendor.version" value="Temurin-21.0.6+7"/>
    <property name="localRepository" value="C:\Users\dhiebert\.m2\repository"/>
    <property name="java.vendor.url.bug" value="https://github.com/adoptium/adoptium-support/issues"/>
    <property name="java.io.tmpdir" value="C:\Users\dhiebert\AppData\Local\Temp\"/>
    <property name="java.version" value="21.0.6"/>
    <property name="user.dir" value="C:\Users\dhiebert\Local Repositories\Project Management 2.0"/>
    <property name="os.arch" value="amd64"/>
    <property name="java.vm.specification.name" value="Java Virtual Machine Specification"/>
    <property name="sun.os.patch.level" value=""/>
    <property name="native.encoding" value="Cp1252"/>
    <property name="java.library.path" value="C:\Program Files\Eclipse Adoptium\jdk-21.0.6.7-hotspot\bin;C:\WINDOWS\Sun\Java\bin;C:\WINDOWS\system32;C:\WINDOWS;C:\Program Files\apache-maven-3.9.9\bin;C:\Program Files\Eclipse Adoptium\jdk-21.0.6.7-hotspot\bin;C:\Program Files\National Instruments\Shared\OpenVINO\;C:\Program Files\Common Files\Oracle\Java\javapath;C:\WINDOWS\system32;C:\WINDOWS;C:\WINDOWS\System32\Wbem;C:\WINDOWS\System32\WindowsPowerShell\v1.0\;C:\WINDOWS\System32\OpenSSH\;C:\Program Files\dotnet\;C:\Program Files (x86)\Windows Live\Shared;C:\Program Files\Git\cmd;C:\Program Files\Common Files\Autodesk Shared\;C:\Program Files\Microsoft SQL Server\150\Tools\Binn\;C:\Program Files\nodejs\;C:\Program Files\Eclipse Adoptium\jdk-21.0.6.7-hotspot\bin;C:\Program Files\apache-maven-3.9.9\bin;%MAVEN_HOME%\bin;C:\Users\dhiebert\AppData\Local\Microsoft\WindowsApps;C:\Users\dhiebert\AppData\Local\GitHubDesktop\bin;C:\Users\dhiebert\AppData\Roaming\npm;C:\Users\dhiebert\AppData\Local\Packages\PythonSoftwareFoundation.Python.3.11_qbz5n2kfra8p0\LocalCache\local-packages\Python311\Scripts;C:\Users\dhiebert\AppData\Local\Packages\PythonSoftwareFoundation.Python.3.11_qbz5n2kfra8p0\LocalCache\local-packages\Python311\site-packages\maven;;c:\Users\Public\wpilib\2025\vscode\data\user-data\User\globalStorage\github.copilot-chat\debugCommand;c:\Users\Public\wpilib\2025\vscode\data\extensions\ms-python.debugpy-2025.4.1-win32-x64\bundled\scripts\noConfigScripts;."/>
    <property name="java.vm.info" value="mixed mode, sharing"/>
    <property name="stderr.encoding" value="Cp1252"/>
    <property name="java.vendor" value="Eclipse Adoptium"/>
    <property name="java.vm.version" value="21.0.6+7-LTS"/>
    <property name="sun.io.unicode.encoding" value="UnicodeLittle"/>
    <property name="java.class.version" value="65.0"/>
  </properties>
  <testcase name="testShowInfoAlert" classname="org.frcpm.controllers.ProjectControllerTest" time="1.269">
    <system-out><![CDATA[10:24:07.179 [main] DEBUG org.hibernate.orm.sql.ast.create - Created new SQL alias : p1_0
10:24:07.179 [main] DEBUG org.hibernate.orm.sql.ast.create - Registration of TableGroup [StandardTableGroup(org.frcpm.models.Project(959663465371700))] with identifierForTableGroup [org.frcpm.models.Project] for NavigablePath [org.frcpm.models.Project] 
10:24:07.179 [main] DEBUG org.hibernate.orm.results.graph.AST - DomainResult Graph:
 \-EntityResultImpl [org.frcpm.models.Project(959663465371700)]
 |  +-BasicFetch [org.frcpm.models.Project(959663465371700).description]
 |  +-BasicFetch [org.frcpm.models.Project(959663465371700).goalEndDate]
 |  +-BasicFetch [org.frcpm.models.Project(959663465371700).hardDeadline]
 |  +-DelayedCollectionFetch [org.frcpm.models.Project(959663465371700).meetings]
 |  +-DelayedCollectionFetch [org.frcpm.models.Project(959663465371700).milestones]
 |  +-BasicFetch [org.frcpm.models.Project(959663465371700).name]
 |  +-BasicFetch [org.frcpm.models.Project(959663465371700).startDate]
 |  \-DelayedCollectionFetch [org.frcpm.models.Project(959663465371700).tasks]

10:24:07.179 [main] DEBUG org.hibernate.orm.sql.ast.tree - SQL AST Tree:
    SelectStatement {
      FromClause {
        StandardTableGroup (p1 : org.frcpm.models.Project(959663465371700)) {
          primaryTableReference : projects as p1_0
        }
      }
    }

10:24:07.179 [main] DEBUG org.hibernate.orm.sql.exec - Skipping reading Query result cache data: cache-enabled = false, cache-mode = NORMAL
10:24:07.179 [main] DEBUG org.hibernate.orm.results - Initializer list:
	  org.frcpm.models.Project(959663465371700).milestones -> DelayedCollectionInitializer(org.frcpm.models.Project(959663465371700).milestones)@726460659 (PluralAttribute(org.frcpm.models.Project.milestones))
	  org.frcpm.models.Project(959663465371700) -> EntityResultInitializer(org.frcpm.models.Project(959663465371700))@2125085331 (SingleTableEntityPersister(org.frcpm.models.Project))
	  org.frcpm.models.Project(959663465371700).tasks -> DelayedCollectionInitializer(org.frcpm.models.Project(959663465371700).tasks)@1785850177 (PluralAttribute(org.frcpm.models.Project.tasks))
	  org.frcpm.models.Project(959663465371700).meetings -> DelayedCollectionInitializer(org.frcpm.models.Project(959663465371700).meetings)@573904188 (PluralAttribute(org.frcpm.models.Project.meetings))

10:24:07.179 [main] DEBUG org.hibernate.SQL - select p1_0.id,p1_0.description,p1_0.goal_end_date,p1_0.hard_deadline,p1_0.name,p1_0.start_date from projects p1_0
10:24:07.181 [main] DEBUG org.hibernate.orm.results - Extracted JDBC value [0] - [1]
10:24:07.181 [main] DEBUG org.hibernate.orm.results.loading.entity - (EntityResultInitializer) Hydrated EntityKey (org.frcpm.models.Project(959663465371700)): 1
10:24:07.181 [main] DEBUG org.hibernate.orm.results.loading.org.hibernate.orm.results.loading.collection - (DelayedCollectionInitializer) Current row collection key : org.frcpm.models.Project(959663465371700).meetings#1
10:24:07.181 [main] DEBUG org.hibernate.orm.results.loading.org.hibernate.orm.results.loading.collection - (DelayedCollectionInitializer) Current row collection key : org.frcpm.models.Project(959663465371700).milestones#1
10:24:07.181 [main] DEBUG org.hibernate.orm.results.loading.org.hibernate.orm.results.loading.collection - (DelayedCollectionInitializer) Current row collection key : org.frcpm.models.Project(959663465371700).tasks#1
10:24:07.181 [main] DEBUG org.hibernate.orm.results.loading.entity - (EntityResultInitializer) Created new entity instance [org.frcpm.models.Project(959663465371700)#1] : 612198802
10:24:07.181 [main] DEBUG org.hibernate.orm.results - Extracted JDBC value [1] - [Competition robot for the 2025 FIRST Robotics Competition]
10:24:07.181 [main] DEBUG org.hibernate.orm.results - Extracted JDBC value [2] - [2025-06-12]
10:24:07.181 [main] DEBUG org.hibernate.orm.results - Extracted JDBC value [3] - [2025-06-26]
10:24:07.181 [main] DEBUG org.hibernate.orm.results - Extracted JDBC value [4] - [FRC 2025 Robot]
10:24:07.181 [main] DEBUG org.hibernate.orm.results - Extracted JDBC value [5] - [2025-05-01]
10:24:07.181 [main] DEBUG org.hibernate.orm.results.loading.entity - (EntityResultInitializer) Done materializing entityInstance : org.frcpm.models.Project(959663465371700)#1
10:24:07.181 [main] DEBUG org.hibernate.orm.results.loading - Calling top-level assembler (0 / 1) : org.hibernate.sql.results.graph.entity.internal.EntityAssembler@40ea25b0
10:24:07.181 [main] DEBUG org.hibernate.orm.results - Extracted JDBC value [0] - [51]
10:24:07.181 [main] DEBUG org.hibernate.orm.results.loading.entity - (EntityResultInitializer) Hydrated EntityKey (org.frcpm.models.Project(959663465371700)): 51
10:24:07.181 [main] DEBUG org.hibernate.orm.results.loading.org.hibernate.orm.results.loading.collection - (DelayedCollectionInitializer) Current row collection key : org.frcpm.models.Project(959663465371700).meetings#51
10:24:07.181 [main] DEBUG org.hibernate.orm.results.loading.org.hibernate.orm.results.loading.collection - (DelayedCollectionInitializer) Current row collection key : org.frcpm.models.Project(959663465371700).milestones#51
10:24:07.181 [main] DEBUG org.hibernate.orm.results.loading.org.hibernate.orm.results.loading.collection - (DelayedCollectionInitializer) Current row collection key : org.frcpm.models.Project(959663465371700).tasks#51
10:24:07.182 [main] DEBUG org.hibernate.orm.results.loading.entity - (EntityResultInitializer) Created new entity instance [org.frcpm.models.Project(959663465371700)#51] : 911328461
10:24:07.182 [main] DEBUG org.hibernate.orm.results - Extracted JDBC value [1] - [null]
10:24:07.182 [main] DEBUG org.hibernate.orm.results - Extracted JDBC value [2] - [2025-05-23]
10:24:07.182 [main] DEBUG org.hibernate.orm.results - Extracted JDBC value [3] - [2025-06-06]
10:24:07.182 [main] DEBUG org.hibernate.orm.results - Extracted JDBC value [4] - [Test Count Project]
10:24:07.182 [main] DEBUG org.hibernate.orm.results - Extracted JDBC value [5] - [2025-04-25]
10:24:07.182 [main] DEBUG org.hibernate.orm.results.loading.entity - (EntityResultInitializer) Done materializing entityInstance : org.frcpm.models.Project(959663465371700)#51
10:24:07.182 [main] DEBUG org.hibernate.orm.results.loading - Calling top-level assembler (0 / 1) : org.hibernate.sql.results.graph.entity.internal.EntityAssembler@40ea25b0
10:24:07.182 [main] DEBUG org.hibernate.orm.results - Extracted JDBC value [0] - [54]
10:24:07.182 [main] DEBUG org.hibernate.orm.results.loading.entity - (EntityResultInitializer) Hydrated EntityKey (org.frcpm.models.Project(959663465371700)): 54
10:24:07.182 [main] DEBUG org.hibernate.orm.results.loading.org.hibernate.orm.results.loading.collection - (DelayedCollectionInitializer) Current row collection key : org.frcpm.models.Project(959663465371700).meetings#54
10:24:07.182 [main] DEBUG org.hibernate.orm.results.loading.org.hibernate.orm.results.loading.collection - (DelayedCollectionInitializer) Current row collection key : org.frcpm.models.Project(959663465371700).milestones#54
10:24:07.182 [main] DEBUG org.hibernate.orm.results.loading.org.hibernate.orm.results.loading.collection - (DelayedCollectionInitializer) Current row collection key : org.frcpm.models.Project(959663465371700).tasks#54
10:24:07.182 [main] DEBUG org.hibernate.orm.results.loading.entity - (EntityResultInitializer) Created new entity instance [org.frcpm.models.Project(959663465371700)#54] : 2027663395
10:24:07.182 [main] DEBUG org.hibernate.orm.results - Extracted JDBC value [1] - [Test save description]
10:24:07.182 [main] DEBUG org.hibernate.orm.results - Extracted JDBC value [2] - [2025-05-23]
10:24:07.182 [main] DEBUG org.hibernate.orm.results - Extracted JDBC value [3] - [2025-06-06]
10:24:07.182 [main] DEBUG org.hibernate.orm.results - Extracted JDBC value [4] - [Test Save Project]
10:24:07.182 [main] DEBUG org.hibernate.orm.results - Extracted JDBC value [5] - [2025-04-25]
10:24:07.182 [main] DEBUG org.hibernate.orm.results.loading.entity - (EntityResultInitializer) Done materializing entityInstance : org.frcpm.models.Project(959663465371700)#54
10:24:07.182 [main] DEBUG org.hibernate.orm.results.loading - Calling top-level assembler (0 / 1) : org.hibernate.sql.results.graph.entity.internal.EntityAssembler@40ea25b0
10:24:07.182 [main] DEBUG org.hibernate.orm.results - Extracted JDBC value [0] - [69]
10:24:07.182 [main] DEBUG org.hibernate.orm.results.loading.entity - (EntityResultInitializer) Hydrated EntityKey (org.frcpm.models.Project(959663465371700)): 69
10:24:07.182 [main] DEBUG org.hibernate.orm.results.loading.org.hibernate.orm.results.loading.collection - (DelayedCollectionInitializer) Current row collection key : org.frcpm.models.Project(959663465371700).meetings#69
10:24:07.182 [main] DEBUG org.hibernate.orm.results.loading.org.hibernate.orm.results.loading.collection - (DelayedCollectionInitializer) Current row collection key : org.frcpm.models.Project(959663465371700).milestones#69
10:24:07.182 [main] DEBUG org.hibernate.orm.results.loading.org.hibernate.orm.results.loading.collection - (DelayedCollectionInitializer) Current row collection key : org.frcpm.models.Project(959663465371700).tasks#69
10:24:07.182 [main] DEBUG org.hibernate.orm.results.loading.entity - (EntityResultInitializer) Created new entity instance [org.frcpm.models.Project(959663465371700)#69] : 2015868288
10:24:07.182 [main] DEBUG org.hibernate.orm.results - Extracted JDBC value [1] - [null]
10:24:07.182 [main] DEBUG org.hibernate.orm.results - Extracted JDBC value [2] - [2025-05-23]
10:24:07.182 [main] DEBUG org.hibernate.orm.results - Extracted JDBC value [3] - [2025-06-06]
10:24:07.182 [main] DEBUG org.hibernate.orm.results - Extracted JDBC value [4] - [Updated Project Name]
10:24:07.182 [main] DEBUG org.hibernate.orm.results - Extracted JDBC value [5] - [2025-04-25]
10:24:07.182 [main] DEBUG org.hibernate.orm.results.loading.entity - (EntityResultInitializer) Done materializing entityInstance : org.frcpm.models.Project(959663465371700)#69
10:24:07.182 [main] DEBUG org.hibernate.orm.results.loading - Calling top-level assembler (0 / 1) : org.hibernate.sql.results.graph.entity.internal.EntityAssembler@40ea25b0
10:24:07.182 [main] DEBUG org.hibernate.orm.results - Extracted JDBC value [0] - [70]
10:24:07.182 [main] DEBUG org.hibernate.orm.results.loading.entity - (EntityResultInitializer) Hydrated EntityKey (org.frcpm.models.Project(959663465371700)): 70
10:24:07.182 [main] DEBUG org.hibernate.orm.results.loading.org.hibernate.orm.results.loading.collection - (DelayedCollectionInitializer) Current row collection key : org.frcpm.models.Project(959663465371700).meetings#70
10:24:07.182 [main] DEBUG org.hibernate.orm.results.loading.org.hibernate.orm.results.loading.collection - (DelayedCollectionInitializer) Current row collection key : org.frcpm.models.Project(959663465371700).milestones#70
10:24:07.182 [main] DEBUG org.hibernate.orm.results.loading.org.hibernate.orm.results.loading.collection - (DelayedCollectionInitializer) Current row collection key : org.frcpm.models.Project(959663465371700).tasks#70
10:24:07.182 [main] DEBUG org.hibernate.orm.results.loading.entity - (EntityResultInitializer) Created new entity instance [org.frcpm.models.Project(959663465371700)#70] : 540697999
10:24:07.182 [main] DEBUG org.hibernate.orm.results - Extracted JDBC value [1] - [null]
10:24:07.182 [main] DEBUG org.hibernate.orm.results - Extracted JDBC value [2] - [2025-06-06]
10:24:07.182 [main] DEBUG org.hibernate.orm.results - Extracted JDBC value [3] - [2025-06-20]
10:24:07.182 [main] DEBUG org.hibernate.orm.results - Extracted JDBC value [4] - [Test Task Project]
10:24:07.182 [main] DEBUG org.hibernate.orm.results - Extracted JDBC value [5] - [2025-04-25]
10:24:07.182 [main] DEBUG org.hibernate.orm.results.loading.entity - (EntityResultInitializer) Done materializing entityInstance : org.frcpm.models.Project(959663465371700)#70
10:24:07.182 [main] DEBUG org.hibernate.orm.results.loading - Calling top-level assembler (0 / 1) : org.hibernate.sql.results.graph.entity.internal.EntityAssembler@40ea25b0
10:24:07.182 [main] DEBUG org.hibernate.orm.results - Extracted JDBC value [0] - [71]
10:24:07.182 [main] DEBUG org.hibernate.orm.results.loading.entity - (EntityResultInitializer) Hydrated EntityKey (org.frcpm.models.Project(959663465371700)): 71
10:24:07.182 [main] DEBUG org.hibernate.orm.results.loading.org.hibernate.orm.results.loading.collection - (DelayedCollectionInitializer) Current row collection key : org.frcpm.models.Project(959663465371700).meetings#71
10:24:07.182 [main] DEBUG org.hibernate.orm.results.loading.org.hibernate.orm.results.loading.collection - (DelayedCollectionInitializer) Current row collection key : org.frcpm.models.Project(959663465371700).milestones#71
10:24:07.182 [main] DEBUG org.hibernate.orm.results.loading.org.hibernate.orm.results.loading.collection - (DelayedCollectionInitializer) Current row collection key : org.frcpm.models.Project(959663465371700).tasks#71
10:24:07.182 [main] DEBUG org.hibernate.orm.results.loading.entity - (EntityResultInitializer) Created new entity instance [org.frcpm.models.Project(959663465371700)#71] : 133462382
10:24:07.182 [main] DEBUG org.hibernate.orm.results - Extracted JDBC value [1] - [null]
10:24:07.182 [main] DEBUG org.hibernate.orm.results - Extracted JDBC value [2] - [2025-06-06]
10:24:07.182 [main] DEBUG org.hibernate.orm.results - Extracted JDBC value [3] - [2025-06-20]
10:24:07.182 [main] DEBUG org.hibernate.orm.results - Extracted JDBC value [4] - [Test Task Project]
10:24:07.182 [main] DEBUG org.hibernate.orm.results - Extracted JDBC value [5] - [2025-04-25]
10:24:07.182 [main] DEBUG org.hibernate.orm.results.loading.entity - (EntityResultInitializer) Done materializing entityInstance : org.frcpm.models.Project(959663465371700)#71
10:24:07.182 [main] DEBUG org.hibernate.orm.results.loading - Calling top-level assembler (0 / 1) : org.hibernate.sql.results.graph.entity.internal.EntityAssembler@40ea25b0
10:24:07.182 [main] DEBUG org.hibernate.orm.results - Extracted JDBC value [0] - [72]
10:24:07.182 [main] DEBUG org.hibernate.orm.results.loading.entity - (EntityResultInitializer) Hydrated EntityKey (org.frcpm.models.Project(959663465371700)): 72
10:24:07.182 [main] DEBUG org.hibernate.orm.results.loading.org.hibernate.orm.results.loading.collection - (DelayedCollectionInitializer) Current row collection key : org.frcpm.models.Project(959663465371700).meetings#72
10:24:07.182 [main] DEBUG org.hibernate.orm.results.loading.org.hibernate.orm.results.loading.collection - (DelayedCollectionInitializer) Current row collection key : org.frcpm.models.Project(959663465371700).milestones#72
10:24:07.182 [main] DEBUG org.hibernate.orm.results.loading.org.hibernate.orm.results.loading.collection - (DelayedCollectionInitializer) Current row collection key : org.frcpm.models.Project(959663465371700).tasks#72
10:24:07.182 [main] DEBUG org.hibernate.orm.results.loading.entity - (EntityResultInitializer) Created new entity instance [org.frcpm.models.Project(959663465371700)#72] : 850411201
10:24:07.183 [main] DEBUG org.hibernate.orm.results - Extracted JDBC value [1] - [null]
10:24:07.183 [main] DEBUG org.hibernate.orm.results - Extracted JDBC value [2] - [2025-06-06]
10:24:07.183 [main] DEBUG org.hibernate.orm.results - Extracted JDBC value [3] - [2025-06-20]
10:24:07.183 [main] DEBUG org.hibernate.orm.results - Extracted JDBC value [4] - [Test Task Project]
10:24:07.183 [main] DEBUG org.hibernate.orm.results - Extracted JDBC value [5] - [2025-04-25]
10:24:07.183 [main] DEBUG org.hibernate.orm.results.loading.entity - (EntityResultInitializer) Done materializing entityInstance : org.frcpm.models.Project(959663465371700)#72
10:24:07.183 [main] DEBUG org.hibernate.orm.results.loading - Calling top-level assembler (0 / 1) : org.hibernate.sql.results.graph.entity.internal.EntityAssembler@40ea25b0
10:24:07.183 [main] DEBUG org.hibernate.orm.results - Extracted JDBC value [0] - [73]
10:24:07.183 [main] DEBUG org.hibernate.orm.results.loading.entity - (EntityResultInitializer) Hydrated EntityKey (org.frcpm.models.Project(959663465371700)): 73
10:24:07.183 [main] DEBUG org.hibernate.orm.results.loading.org.hibernate.orm.results.loading.collection - (DelayedCollectionInitializer) Current row collection key : org.frcpm.models.Project(959663465371700).meetings#73
10:24:07.183 [main] DEBUG org.hibernate.orm.results.loading.org.hibernate.orm.results.loading.collection - (DelayedCollectionInitializer) Current row collection key : org.frcpm.models.Project(959663465371700).milestones#73
10:24:07.183 [main] DEBUG org.hibernate.orm.results.loading.org.hibernate.orm.results.loading.collection - (DelayedCollectionInitializer) Current row collection key : org.frcpm.models.Project(959663465371700).tasks#73
10:24:07.183 [main] DEBUG org.hibernate.orm.results.loading.entity - (EntityResultInitializer) Created new entity instance [org.frcpm.models.Project(959663465371700)#73] : 726235544
10:24:07.183 [main] DEBUG org.hibernate.orm.results - Extracted JDBC value [1] - [null]
10:24:07.183 [main] DEBUG org.hibernate.orm.results - Extracted JDBC value [2] - [2025-06-06]
10:24:07.183 [main] DEBUG org.hibernate.orm.results - Extracted JDBC value [3] - [2025-06-20]
10:24:07.183 [main] DEBUG org.hibernate.orm.results - Extracted JDBC value [4] - [Test Task Project]
10:24:07.183 [main] DEBUG org.hibernate.orm.results - Extracted JDBC value [5] - [2025-04-25]
10:24:07.183 [main] DEBUG org.hibernate.orm.results.loading.entity - (EntityResultInitializer) Done materializing entityInstance : org.frcpm.models.Project(959663465371700)#73
10:24:07.183 [main] DEBUG org.hibernate.orm.results.loading - Calling top-level assembler (0 / 1) : org.hibernate.sql.results.graph.entity.internal.EntityAssembler@40ea25b0
10:24:07.183 [main] DEBUG org.hibernate.orm.results - Extracted JDBC value [0] - [74]
10:24:07.183 [main] DEBUG org.hibernate.orm.results.loading.entity - (EntityResultInitializer) Hydrated EntityKey (org.frcpm.models.Project(959663465371700)): 74
10:24:07.183 [main] DEBUG org.hibernate.orm.results.loading.org.hibernate.orm.results.loading.collection - (DelayedCollectionInitializer) Current row collection key : org.frcpm.models.Project(959663465371700).meetings#74
10:24:07.183 [main] DEBUG org.hibernate.orm.results.loading.org.hibernate.orm.results.loading.collection - (DelayedCollectionInitializer) Current row collection key : org.frcpm.models.Project(959663465371700).milestones#74
10:24:07.183 [main] DEBUG org.hibernate.orm.results.loading.org.hibernate.orm.results.loading.collection - (DelayedCollectionInitializer) Current row collection key : org.frcpm.models.Project(959663465371700).tasks#74
10:24:07.183 [main] DEBUG org.hibernate.orm.results.loading.entity - (EntityResultInitializer) Created new entity instance [org.frcpm.models.Project(959663465371700)#74] : 1619441797
10:24:07.183 [main] DEBUG org.hibernate.orm.results - Extracted JDBC value [1] - [null]
10:24:07.183 [main] DEBUG org.hibernate.orm.results - Extracted JDBC value [2] - [2025-06-06]
10:24:07.183 [main] DEBUG org.hibernate.orm.results - Extracted JDBC value [3] - [2025-06-20]
10:24:07.183 [main] DEBUG org.hibernate.orm.results - Extracted JDBC value [4] - [Test Task Project]
10:24:07.183 [main] DEBUG org.hibernate.orm.results - Extracted JDBC value [5] - [2025-04-25]
10:24:07.183 [main] DEBUG org.hibernate.orm.results.loading.entity - (EntityResultInitializer) Done materializing entityInstance : org.frcpm.models.Project(959663465371700)#74
10:24:07.183 [main] DEBUG org.hibernate.orm.results.loading - Calling top-level assembler (0 / 1) : org.hibernate.sql.results.graph.entity.internal.EntityAssembler@40ea25b0
10:24:07.183 [main] DEBUG org.hibernate.orm.results - Extracted JDBC value [0] - [75]
10:24:07.183 [main] DEBUG org.hibernate.orm.results.loading.entity - (EntityResultInitializer) Hydrated EntityKey (org.frcpm.models.Project(959663465371700)): 75
10:24:07.183 [main] DEBUG org.hibernate.orm.results.loading.org.hibernate.orm.results.loading.collection - (DelayedCollectionInitializer) Current row collection key : org.frcpm.models.Project(959663465371700).meetings#75
10:24:07.183 [main] DEBUG org.hibernate.orm.results.loading.org.hibernate.orm.results.loading.collection - (DelayedCollectionInitializer) Current row collection key : org.frcpm.models.Project(959663465371700).milestones#75
10:24:07.183 [main] DEBUG org.hibernate.orm.results.loading.org.hibernate.orm.results.loading.collection - (DelayedCollectionInitializer) Current row collection key : org.frcpm.models.Project(959663465371700).tasks#75
10:24:07.183 [main] DEBUG org.hibernate.orm.results.loading.entity - (EntityResultInitializer) Created new entity instance [org.frcpm.models.Project(959663465371700)#75] : 1664523153
10:24:07.183 [main] DEBUG org.hibernate.orm.results - Extracted JDBC value [1] - [null]
10:24:07.183 [main] DEBUG org.hibernate.orm.results - Extracted JDBC value [2] - [2025-06-06]
10:24:07.183 [main] DEBUG org.hibernate.orm.results - Extracted JDBC value [3] - [2025-06-20]
10:24:07.183 [main] DEBUG org.hibernate.orm.results - Extracted JDBC value [4] - [Test Task Project]
10:24:07.183 [main] DEBUG org.hibernate.orm.results - Extracted JDBC value [5] - [2025-04-25]
10:24:07.183 [main] DEBUG org.hibernate.orm.results.loading.entity - (EntityResultInitializer) Done materializing entityInstance : org.frcpm.models.Project(959663465371700)#75
10:24:07.183 [main] DEBUG org.hibernate.orm.results.loading - Calling top-level assembler (0 / 1) : org.hibernate.sql.results.graph.entity.internal.EntityAssembler@40ea25b0
10:24:07.183 [main] DEBUG org.hibernate.orm.results - Extracted JDBC value [0] - [76]
10:24:07.183 [main] DEBUG org.hibernate.orm.results.loading.entity - (EntityResultInitializer) Hydrated EntityKey (org.frcpm.models.Project(959663465371700)): 76
10:24:07.183 [main] DEBUG org.hibernate.orm.results.loading.org.hibernate.orm.results.loading.collection - (DelayedCollectionInitializer) Current row collection key : org.frcpm.models.Project(959663465371700).meetings#76
10:24:07.183 [main] DEBUG org.hibernate.orm.results.loading.org.hibernate.orm.results.loading.collection - (DelayedCollectionInitializer) Current row collection key : org.frcpm.models.Project(959663465371700).milestones#76
10:24:07.183 [main] DEBUG org.hibernate.orm.results.loading.org.hibernate.orm.results.loading.collection - (DelayedCollectionInitializer) Current row collection key : org.frcpm.models.Project(959663465371700).tasks#76
10:24:07.183 [main] DEBUG org.hibernate.orm.results.loading.entity - (EntityResultInitializer) Created new entity instance [org.frcpm.models.Project(959663465371700)#76] : 1023920042
10:24:07.183 [main] DEBUG org.hibernate.orm.results - Extracted JDBC value [1] - [null]
10:24:07.183 [main] DEBUG org.hibernate.orm.results - Extracted JDBC value [2] - [2025-06-06]
10:24:07.183 [main] DEBUG org.hibernate.orm.results - Extracted JDBC value [3] - [2025-06-20]
10:24:07.183 [main] DEBUG org.hibernate.orm.results - Extracted JDBC value [4] - [Test Task Project]
10:24:07.183 [main] DEBUG org.hibernate.orm.results - Extracted JDBC value [5] - [2025-04-25]
10:24:07.184 [main] DEBUG org.hibernate.orm.results.loading.entity - (EntityResultInitializer) Done materializing entityInstance : org.frcpm.models.Project(959663465371700)#76
10:24:07.184 [main] DEBUG org.hibernate.orm.results.loading - Calling top-level assembler (0 / 1) : org.hibernate.sql.results.graph.entity.internal.EntityAssembler@40ea25b0
10:24:07.184 [main] DEBUG org.hibernate.orm.results - Extracted JDBC value [0] - [77]
10:24:07.184 [main] DEBUG org.hibernate.orm.results.loading.entity - (EntityResultInitializer) Hydrated EntityKey (org.frcpm.models.Project(959663465371700)): 77
10:24:07.184 [main] DEBUG org.hibernate.orm.results.loading.org.hibernate.orm.results.loading.collection - (DelayedCollectionInitializer) Current row collection key : org.frcpm.models.Project(959663465371700).meetings#77
10:24:07.184 [main] DEBUG org.hibernate.orm.results.loading.org.hibernate.orm.results.loading.collection - (DelayedCollectionInitializer) Current row collection key : org.frcpm.models.Project(959663465371700).milestones#77
10:24:07.184 [main] DEBUG org.hibernate.orm.results.loading.org.hibernate.orm.results.loading.collection - (DelayedCollectionInitializer) Current row collection key : org.frcpm.models.Project(959663465371700).tasks#77
10:24:07.184 [main] DEBUG org.hibernate.orm.results.loading.entity - (EntityResultInitializer) Created new entity instance [org.frcpm.models.Project(959663465371700)#77] : 370953539
10:24:07.184 [main] DEBUG org.hibernate.orm.results - Extracted JDBC value [1] - [null]
10:24:07.184 [main] DEBUG org.hibernate.orm.results - Extracted JDBC value [2] - [2025-06-06]
10:24:07.184 [main] DEBUG org.hibernate.orm.results - Extracted JDBC value [3] - [2025-06-20]
10:24:07.184 [main] DEBUG org.hibernate.orm.results - Extracted JDBC value [4] - [Test Task Project]
10:24:07.184 [main] DEBUG org.hibernate.orm.results - Extracted JDBC value [5] - [2025-04-25]
10:24:07.184 [main] DEBUG org.hibernate.orm.results.loading.entity - (EntityResultInitializer) Done materializing entityInstance : org.frcpm.models.Project(959663465371700)#77
10:24:07.184 [main] DEBUG org.hibernate.orm.results.loading - Calling top-level assembler (0 / 1) : org.hibernate.sql.results.graph.entity.internal.EntityAssembler@40ea25b0
10:24:07.184 [main] DEBUG org.hibernate.orm.results - Extracted JDBC value [0] - [78]
10:24:07.184 [main] DEBUG org.hibernate.orm.results.loading.entity - (EntityResultInitializer) Hydrated EntityKey (org.frcpm.models.Project(959663465371700)): 78
10:24:07.184 [main] DEBUG org.hibernate.orm.results.loading.org.hibernate.orm.results.loading.collection - (DelayedCollectionInitializer) Current row collection key : org.frcpm.models.Project(959663465371700).meetings#78
10:24:07.184 [main] DEBUG org.hibernate.orm.results.loading.org.hibernate.orm.results.loading.collection - (DelayedCollectionInitializer) Current row collection key : org.frcpm.models.Project(959663465371700).milestones#78
10:24:07.184 [main] DEBUG org.hibernate.orm.results.loading.org.hibernate.orm.results.loading.collection - (DelayedCollectionInitializer) Current row collection key : org.frcpm.models.Project(959663465371700).tasks#78
10:24:07.184 [main] DEBUG org.hibernate.orm.results.loading.entity - (EntityResultInitializer) Created new entity instance [org.frcpm.models.Project(959663465371700)#78] : 501402989
10:24:07.184 [main] DEBUG org.hibernate.orm.results - Extracted JDBC value [1] - [null]
10:24:07.184 [main] DEBUG org.hibernate.orm.results - Extracted JDBC value [2] - [2025-06-06]
10:24:07.184 [main] DEBUG org.hibernate.orm.results - Extracted JDBC value [3] - [2025-06-20]
10:24:07.184 [main] DEBUG org.hibernate.orm.results - Extracted JDBC value [4] - [Test Task Project]
10:24:07.184 [main] DEBUG org.hibernate.orm.results - Extracted JDBC value [5] - [2025-04-25]
10:24:07.184 [main] DEBUG org.hibernate.orm.results.loading.entity - (EntityResultInitializer) Done materializing entityInstance : org.frcpm.models.Project(959663465371700)#78
10:24:07.184 [main] DEBUG org.hibernate.orm.results.loading - Calling top-level assembler (0 / 1) : org.hibernate.sql.results.graph.entity.internal.EntityAssembler@40ea25b0
10:24:07.184 [main] DEBUG org.hibernate.orm.results - Extracted JDBC value [0] - [79]
10:24:07.184 [main] DEBUG org.hibernate.orm.results.loading.entity - (EntityResultInitializer) Hydrated EntityKey (org.frcpm.models.Project(959663465371700)): 79
10:24:07.184 [main] DEBUG org.hibernate.orm.results.loading.org.hibernate.orm.results.loading.collection - (DelayedCollectionInitializer) Current row collection key : org.frcpm.models.Project(959663465371700).meetings#79
10:24:07.184 [main] DEBUG org.hibernate.orm.results.loading.org.hibernate.orm.results.loading.collection - (DelayedCollectionInitializer) Current row collection key : org.frcpm.models.Project(959663465371700).milestones#79
10:24:07.184 [main] DEBUG org.hibernate.orm.results.loading.org.hibernate.orm.results.loading.collection - (DelayedCollectionInitializer) Current row collection key : org.frcpm.models.Project(959663465371700).tasks#79
10:24:07.184 [main] DEBUG org.hibernate.orm.results.loading.entity - (EntityResultInitializer) Created new entity instance [org.frcpm.models.Project(959663465371700)#79] : 178016746
10:24:07.184 [main] DEBUG org.hibernate.orm.results - Extracted JDBC value [1] - [null]
10:24:07.184 [main] DEBUG org.hibernate.orm.results - Extracted JDBC value [2] - [2025-06-06]
10:24:07.184 [main] DEBUG org.hibernate.orm.results - Extracted JDBC value [3] - [2025-06-20]
10:24:07.184 [main] DEBUG org.hibernate.orm.results - Extracted JDBC value [4] - [Test Task Project]
10:24:07.184 [main] DEBUG org.hibernate.orm.results - Extracted JDBC value [5] - [2025-04-25]
10:24:07.184 [main] DEBUG org.hibernate.orm.results.loading.entity - (EntityResultInitializer) Done materializing entityInstance : org.frcpm.models.Project(959663465371700)#79
10:24:07.184 [main] DEBUG org.hibernate.orm.results.loading - Calling top-level assembler (0 / 1) : org.hibernate.sql.results.graph.entity.internal.EntityAssembler@40ea25b0
10:24:07.184 [main] DEBUG org.hibernate.orm.results - Extracted JDBC value [0] - [80]
10:24:07.184 [main] DEBUG org.hibernate.orm.results.loading.entity - (EntityResultInitializer) Hydrated EntityKey (org.frcpm.models.Project(959663465371700)): 80
10:24:07.185 [main] DEBUG org.hibernate.orm.results.loading.org.hibernate.orm.results.loading.collection - (DelayedCollectionInitializer) Current row collection key : org.frcpm.models.Project(959663465371700).meetings#80
10:24:07.185 [main] DEBUG org.hibernate.orm.results.loading.org.hibernate.orm.results.loading.collection - (DelayedCollectionInitializer) Current row collection key : org.frcpm.models.Project(959663465371700).milestones#80
10:24:07.185 [main] DEBUG org.hibernate.orm.results.loading.org.hibernate.orm.results.loading.collection - (DelayedCollectionInitializer) Current row collection key : org.frcpm.models.Project(959663465371700).tasks#80
10:24:07.185 [main] DEBUG org.hibernate.orm.results.loading.entity - (EntityResultInitializer) Created new entity instance [org.frcpm.models.Project(959663465371700)#80] : 909640117
10:24:07.185 [main] DEBUG org.hibernate.orm.results - Extracted JDBC value [1] - [null]
10:24:07.185 [main] DEBUG org.hibernate.orm.results - Extracted JDBC value [2] - [2025-06-06]
10:24:07.185 [main] DEBUG org.hibernate.orm.results - Extracted JDBC value [3] - [2025-06-20]
10:24:07.185 [main] DEBUG org.hibernate.orm.results - Extracted JDBC value [4] - [Test Task Project]
10:24:07.185 [main] DEBUG org.hibernate.orm.results - Extracted JDBC value [5] - [2025-04-25]
10:24:07.185 [main] DEBUG org.hibernate.orm.results.loading.entity - (EntityResultInitializer) Done materializing entityInstance : org.frcpm.models.Project(959663465371700)#80
10:24:07.185 [main] DEBUG org.hibernate.orm.results.loading - Calling top-level assembler (0 / 1) : org.hibernate.sql.results.graph.entity.internal.EntityAssembler@40ea25b0
10:24:07.185 [main] DEBUG org.hibernate.orm.results - Extracted JDBC value [0] - [81]
10:24:07.185 [main] DEBUG org.hibernate.orm.results.loading.entity - (EntityResultInitializer) Hydrated EntityKey (org.frcpm.models.Project(959663465371700)): 81
10:24:07.185 [main] DEBUG org.hibernate.orm.results.loading.org.hibernate.orm.results.loading.collection - (DelayedCollectionInitializer) Current row collection key : org.frcpm.models.Project(959663465371700).meetings#81
10:24:07.185 [main] DEBUG org.hibernate.orm.results.loading.org.hibernate.orm.results.loading.collection - (DelayedCollectionInitializer) Current row collection key : org.frcpm.models.Project(959663465371700).milestones#81
10:24:07.185 [main] DEBUG org.hibernate.orm.results.loading.org.hibernate.orm.results.loading.collection - (DelayedCollectionInitializer) Current row collection key : org.frcpm.models.Project(959663465371700).tasks#81
10:24:07.185 [main] DEBUG org.hibernate.orm.results.loading.entity - (EntityResultInitializer) Created new entity instance [org.frcpm.models.Project(959663465371700)#81] : 1523166725
10:24:07.185 [main] DEBUG org.hibernate.orm.results - Extracted JDBC value [1] - [null]
10:24:07.185 [main] DEBUG org.hibernate.orm.results - Extracted JDBC value [2] - [2025-06-06]
10:24:07.185 [main] DEBUG org.hibernate.orm.results - Extracted JDBC value [3] - [2025-06-20]
10:24:07.185 [main] DEBUG org.hibernate.orm.results - Extracted JDBC value [4] - [Test Task Project]
10:24:07.185 [main] DEBUG org.hibernate.orm.results - Extracted JDBC value [5] - [2025-04-25]
10:24:07.185 [main] DEBUG org.hibernate.orm.results.loading.entity - (EntityResultInitializer) Done materializing entityInstance : org.frcpm.models.Project(959663465371700)#81
10:24:07.185 [main] DEBUG org.hibernate.orm.results.loading - Calling top-level assembler (0 / 1) : org.hibernate.sql.results.graph.entity.internal.EntityAssembler@40ea25b0
10:24:07.185 [main] DEBUG org.hibernate.orm.results - Extracted JDBC value [0] - [82]
10:24:07.185 [main] DEBUG org.hibernate.orm.results.loading.entity - (EntityResultInitializer) Hydrated EntityKey (org.frcpm.models.Project(959663465371700)): 82
10:24:07.185 [main] DEBUG org.hibernate.orm.results.loading.org.hibernate.orm.results.loading.collection - (DelayedCollectionInitializer) Current row collection key : org.frcpm.models.Project(959663465371700).meetings#82
10:24:07.185 [main] DEBUG org.hibernate.orm.results.loading.org.hibernate.orm.results.loading.collection - (DelayedCollectionInitializer) Current row collection key : org.frcpm.models.Project(959663465371700).milestones#82
10:24:07.185 [main] DEBUG org.hibernate.orm.results.loading.org.hibernate.orm.results.loading.collection - (DelayedCollectionInitializer) Current row collection key : org.frcpm.models.Project(959663465371700).tasks#82
10:24:07.185 [main] DEBUG org.hibernate.orm.results.loading.entity - (EntityResultInitializer) Created new entity instance [org.frcpm.models.Project(959663465371700)#82] : 51706153
10:24:07.185 [main] DEBUG org.hibernate.orm.results - Extracted JDBC value [1] - [null]
10:24:07.185 [main] DEBUG org.hibernate.orm.results - Extracted JDBC value [2] - [2025-06-06]
10:24:07.185 [main] DEBUG org.hibernate.orm.results - Extracted JDBC value [3] - [2025-06-20]
10:24:07.185 [main] DEBUG org.hibernate.orm.results - Extracted JDBC value [4] - [Test Task Project]
10:24:07.185 [main] DEBUG org.hibernate.orm.results - Extracted JDBC value [5] - [2025-04-25]
10:24:07.185 [main] DEBUG org.hibernate.orm.results.loading.entity - (EntityResultInitializer) Done materializing entityInstance : org.frcpm.models.Project(959663465371700)#82
10:24:07.185 [main] DEBUG org.hibernate.orm.results.loading - Calling top-level assembler (0 / 1) : org.hibernate.sql.results.graph.entity.internal.EntityAssembler@40ea25b0
10:24:07.185 [main] DEBUG org.hibernate.orm.results - Extracted JDBC value [0] - [104]
10:24:07.185 [main] DEBUG org.hibernate.orm.results.loading.entity - (EntityResultInitializer) Hydrated EntityKey (org.frcpm.models.Project(959663465371700)): 104
10:24:07.185 [main] DEBUG org.hibernate.orm.results.loading.org.hibernate.orm.results.loading.collection - (DelayedCollectionInitializer) Current row collection key : org.frcpm.models.Project(959663465371700).meetings#104
10:24:07.185 [main] DEBUG org.hibernate.orm.results.loading.org.hibernate.orm.results.loading.collection - (DelayedCollectionInitializer) Current row collection key : org.frcpm.models.Project(959663465371700).milestones#104
10:24:07.185 [main] DEBUG org.hibernate.orm.results.loading.org.hibernate.orm.results.loading.collection - (DelayedCollectionInitializer) Current row collection key : org.frcpm.models.Project(959663465371700).tasks#104
10:24:07.185 [main] DEBUG org.hibernate.orm.results.loading.entity - (EntityResultInitializer) Created new entity instance [org.frcpm.models.Project(959663465371700)#104] : 1675060685
10:24:07.185 [main] DEBUG org.hibernate.orm.results - Extracted JDBC value [1] - [null]
10:24:07.185 [main] DEBUG org.hibernate.orm.results - Extracted JDBC value [2] - [2025-06-06]
10:24:07.185 [main] DEBUG org.hibernate.orm.results - Extracted JDBC value [3] - [2025-06-20]
10:24:07.185 [main] DEBUG org.hibernate.orm.results - Extracted JDBC value [4] - [Component Test Project]
10:24:07.185 [main] DEBUG org.hibernate.orm.results - Extracted JDBC value [5] - [2025-04-25]
10:24:07.185 [main] DEBUG org.hibernate.orm.results.loading.entity - (EntityResultInitializer) Done materializing entityInstance : org.frcpm.models.Project(959663465371700)#104
10:24:07.185 [main] DEBUG org.hibernate.orm.results.loading - Calling top-level assembler (0 / 1) : org.hibernate.sql.results.graph.entity.internal.EntityAssembler@40ea25b0
10:24:07.185 [main] DEBUG org.hibernate.orm.results - Extracted JDBC value [0] - [135]
10:24:07.185 [main] DEBUG org.hibernate.orm.results.loading.entity - (EntityResultInitializer) Hydrated EntityKey (org.frcpm.models.Project(959663465371700)): 135
10:24:07.185 [main] DEBUG org.hibernate.orm.results.loading.org.hibernate.orm.results.loading.collection - (DelayedCollectionInitializer) Current row collection key : org.frcpm.models.Project(959663465371700).meetings#135
10:24:07.185 [main] DEBUG org.hibernate.orm.results.loading.org.hibernate.orm.results.loading.collection - (DelayedCollectionInitializer) Current row collection key : org.frcpm.models.Project(959663465371700).milestones#135
10:24:07.185 [main] DEBUG org.hibernate.orm.results.loading.org.hibernate.orm.results.loading.collection - (DelayedCollectionInitializer) Current row collection key : org.frcpm.models.Project(959663465371700).tasks#135
10:24:07.185 [main] DEBUG org.hibernate.orm.results.loading.entity - (EntityResultInitializer) Created new entity instance [org.frcpm.models.Project(959663465371700)#135] : 1465813088
10:24:07.186 [main] DEBUG org.hibernate.orm.results - Extracted JDBC value [1] - [null]
10:24:07.186 [main] DEBUG org.hibernate.orm.results - Extracted JDBC value [2] - [2025-05-23]
10:24:07.186 [main] DEBUG org.hibernate.orm.results - Extracted JDBC value [3] - [2025-06-06]
10:24:07.186 [main] DEBUG org.hibernate.orm.results - Extracted JDBC value [4] - [Test Create Service Project]
10:24:07.186 [main] DEBUG org.hibernate.orm.results - Extracted JDBC value [5] - [2025-04-25]
10:24:07.186 [main] DEBUG org.hibernate.orm.results.loading.entity - (EntityResultInitializer) Done materializing entityInstance : org.frcpm.models.Project(959663465371700)#135
10:24:07.186 [main] DEBUG org.hibernate.orm.results.loading - Calling top-level assembler (0 / 1) : org.hibernate.sql.results.graph.entity.internal.EntityAssembler@40ea25b0
10:24:07.186 [main] DEBUG org.hibernate.orm.results - Extracted JDBC value [0] - [142]
10:24:07.186 [main] DEBUG org.hibernate.orm.results.loading.entity - (EntityResultInitializer) Hydrated EntityKey (org.frcpm.models.Project(959663465371700)): 142
10:24:07.186 [main] DEBUG org.hibernate.orm.results.loading.org.hibernate.orm.results.loading.collection - (DelayedCollectionInitializer) Current row collection key : org.frcpm.models.Project(959663465371700).meetings#142
10:24:07.186 [main] DEBUG org.hibernate.orm.results.loading.org.hibernate.orm.results.loading.collection - (DelayedCollectionInitializer) Current row collection key : org.frcpm.models.Project(959663465371700).milestones#142
10:24:07.186 [main] DEBUG org.hibernate.orm.results.loading.org.hibernate.orm.results.loading.collection - (DelayedCollectionInitializer) Current row collection key : org.frcpm.models.Project(959663465371700).tasks#142
10:24:07.186 [main] DEBUG org.hibernate.orm.results.loading.entity - (EntityResultInitializer) Created new entity instance [org.frcpm.models.Project(959663465371700)#142] : 1087378379
10:24:07.186 [main] DEBUG org.hibernate.orm.results - Extracted JDBC value [1] - [Updated description]
10:24:07.186 [main] DEBUG org.hibernate.orm.results - Extracted JDBC value [2] - [2025-05-23]
10:24:07.186 [main] DEBUG org.hibernate.orm.results - Extracted JDBC value [3] - [2025-06-06]
10:24:07.186 [main] DEBUG org.hibernate.orm.results - Extracted JDBC value [4] - [Updated Service Project Name]
10:24:07.186 [main] DEBUG org.hibernate.orm.results - Extracted JDBC value [5] - [2025-04-25]
10:24:07.186 [main] DEBUG org.hibernate.orm.results.loading.entity - (EntityResultInitializer) Done materializing entityInstance : org.frcpm.models.Project(959663465371700)#142
10:24:07.186 [main] DEBUG org.hibernate.orm.results.loading - Calling top-level assembler (0 / 1) : org.hibernate.sql.results.graph.entity.internal.EntityAssembler@40ea25b0
10:24:07.186 [main] DEBUG org.hibernate.orm.results - Extracted JDBC value [0] - [148]
10:24:07.186 [main] DEBUG org.hibernate.orm.results.loading.entity - (EntityResultInitializer) Hydrated EntityKey (org.frcpm.models.Project(959663465371700)): 148
10:24:07.186 [main] DEBUG org.hibernate.orm.results.loading.org.hibernate.orm.results.loading.collection - (DelayedCollectionInitializer) Current row collection key : org.frcpm.models.Project(959663465371700).meetings#148
10:24:07.186 [main] DEBUG org.hibernate.orm.results.loading.org.hibernate.orm.results.loading.collection - (DelayedCollectionInitializer) Current row collection key : org.frcpm.models.Project(959663465371700).milestones#148
10:24:07.186 [main] DEBUG org.hibernate.orm.results.loading.org.hibernate.orm.results.loading.collection - (DelayedCollectionInitializer) Current row collection key : org.frcpm.models.Project(959663465371700).tasks#148
10:24:07.186 [main] DEBUG org.hibernate.orm.results.loading.entity - (EntityResultInitializer) Created new entity instance [org.frcpm.models.Project(959663465371700)#148] : 647675234
10:24:07.186 [main] DEBUG org.hibernate.orm.results - Extracted JDBC value [1] - [null]
10:24:07.186 [main] DEBUG org.hibernate.orm.results - Extracted JDBC value [2] - [2025-05-23]
10:24:07.186 [main] DEBUG org.hibernate.orm.results - Extracted JDBC value [3] - [2025-06-06]
10:24:07.186 [main] DEBUG org.hibernate.orm.results - Extracted JDBC value [4] - [Test Summary Project]
10:24:07.186 [main] DEBUG org.hibernate.orm.results - Extracted JDBC value [5] - [2025-04-25]
10:24:07.186 [main] DEBUG org.hibernate.orm.results.loading.entity - (EntityResultInitializer) Done materializing entityInstance : org.frcpm.models.Project(959663465371700)#148
10:24:07.186 [main] DEBUG org.hibernate.orm.results.loading - Calling top-level assembler (0 / 1) : org.hibernate.sql.results.graph.entity.internal.EntityAssembler@40ea25b0
10:24:07.186 [main] DEBUG org.hibernate.resource.jdbc.internal.LogicalConnectionManagedImpl - Initiating JDBC connection release from afterTransaction
10:24:07.186 [main] DEBUG org.hibernate.resource.jdbc.internal.LogicalConnectionManagedImpl - Initiating JDBC connection release from afterTransaction
]]></system-out>
    <system-err><![CDATA[Apr 25, 2025 10:24:07 AM org.frcpm.controllers.ProjectController setupBindings
WARNING: UI components not initialized - likely in test environment
]]></system-err>
  </testcase>
  <testcase name="testShowAndWaitDialog" classname="org.frcpm.controllers.ProjectControllerTest" time="0.015">
    <system-out><![CDATA[10:24:08.229 [main] DEBUG org.hibernate.orm.sql.ast.create - Created new SQL alias : p1_0
10:24:08.229 [main] DEBUG org.hibernate.orm.sql.ast.create - Registration of TableGroup [StandardTableGroup(org.frcpm.models.Project(959664514551200))] with identifierForTableGroup [org.frcpm.models.Project] for NavigablePath [org.frcpm.models.Project] 
10:24:08.229 [main] DEBUG org.hibernate.orm.results.graph.AST - DomainResult Graph:
 \-EntityResultImpl [org.frcpm.models.Project(959664514551200)]
 |  +-BasicFetch [org.frcpm.models.Project(959664514551200).description]
 |  +-BasicFetch [org.frcpm.models.Project(959664514551200).goalEndDate]
 |  +-BasicFetch [org.frcpm.models.Project(959664514551200).hardDeadline]
 |  +-DelayedCollectionFetch [org.frcpm.models.Project(959664514551200).meetings]
 |  +-DelayedCollectionFetch [org.frcpm.models.Project(959664514551200).milestones]
 |  +-BasicFetch [org.frcpm.models.Project(959664514551200).name]
 |  +-BasicFetch [org.frcpm.models.Project(959664514551200).startDate]
 |  \-DelayedCollectionFetch [org.frcpm.models.Project(959664514551200).tasks]

10:24:08.229 [main] DEBUG org.hibernate.orm.sql.ast.tree - SQL AST Tree:
    SelectStatement {
      FromClause {
        StandardTableGroup (p1 : org.frcpm.models.Project(959664514551200)) {
          primaryTableReference : projects as p1_0
        }
      }
    }

10:24:08.230 [main] DEBUG org.hibernate.orm.sql.exec - Skipping reading Query result cache data: cache-enabled = false, cache-mode = NORMAL
10:24:08.230 [main] DEBUG org.hibernate.orm.results - Initializer list:
	  org.frcpm.models.Project(959664514551200).meetings -> DelayedCollectionInitializer(org.frcpm.models.Project(959664514551200).meetings)@183795483 (PluralAttribute(org.frcpm.models.Project.meetings))
	  org.frcpm.models.Project(959664514551200) -> EntityResultInitializer(org.frcpm.models.Project(959664514551200))@1292851369 (SingleTableEntityPersister(org.frcpm.models.Project))
	  org.frcpm.models.Project(959664514551200).tasks -> DelayedCollectionInitializer(org.frcpm.models.Project(959664514551200).tasks)@1829644818 (PluralAttribute(org.frcpm.models.Project.tasks))
	  org.frcpm.models.Project(959664514551200).milestones -> DelayedCollectionInitializer(org.frcpm.models.Project(959664514551200).milestones)@1781431597 (PluralAttribute(org.frcpm.models.Project.milestones))

10:24:08.230 [main] DEBUG org.hibernate.SQL - select p1_0.id,p1_0.description,p1_0.goal_end_date,p1_0.hard_deadline,p1_0.name,p1_0.start_date from projects p1_0
10:24:08.230 [main] DEBUG org.hibernate.orm.results - Extracted JDBC value [0] - [1]
10:24:08.230 [main] DEBUG org.hibernate.orm.results.loading.entity - (EntityResultInitializer) Hydrated EntityKey (org.frcpm.models.Project(959664514551200)): 1
10:24:08.230 [main] DEBUG org.hibernate.orm.results.loading.org.hibernate.orm.results.loading.collection - (DelayedCollectionInitializer) Current row collection key : org.frcpm.models.Project(959664514551200).meetings#1
10:24:08.230 [main] DEBUG org.hibernate.orm.results.loading.org.hibernate.orm.results.loading.collection - (DelayedCollectionInitializer) Current row collection key : org.frcpm.models.Project(959664514551200).milestones#1
10:24:08.230 [main] DEBUG org.hibernate.orm.results.loading.org.hibernate.orm.results.loading.collection - (DelayedCollectionInitializer) Current row collection key : org.frcpm.models.Project(959664514551200).tasks#1
10:24:08.230 [main] DEBUG org.hibernate.orm.results.loading.entity - (EntityResultInitializer) Created new entity instance [org.frcpm.models.Project(959664514551200)#1] : 1748300602
10:24:08.230 [main] DEBUG org.hibernate.orm.results - Extracted JDBC value [1] - [Competition robot for the 2025 FIRST Robotics Competition]
10:24:08.230 [main] DEBUG org.hibernate.orm.results - Extracted JDBC value [2] - [2025-06-12]
10:24:08.230 [main] DEBUG org.hibernate.orm.results - Extracted JDBC value [3] - [2025-06-26]
10:24:08.230 [main] DEBUG org.hibernate.orm.results - Extracted JDBC value [4] - [FRC 2025 Robot]
10:24:08.230 [main] DEBUG org.hibernate.orm.results - Extracted JDBC value [5] - [2025-05-01]
10:24:08.230 [main] DEBUG org.hibernate.orm.results.loading.entity - (EntityResultInitializer) Done materializing entityInstance : org.frcpm.models.Project(959664514551200)#1
10:24:08.230 [main] DEBUG org.hibernate.orm.results.loading - Calling top-level assembler (0 / 1) : org.hibernate.sql.results.graph.entity.internal.EntityAssembler@673a5d75
10:24:08.230 [main] DEBUG org.hibernate.orm.results - Extracted JDBC value [0] - [51]
10:24:08.230 [main] DEBUG org.hibernate.orm.results.loading.entity - (EntityResultInitializer) Hydrated EntityKey (org.frcpm.models.Project(959664514551200)): 51
10:24:08.230 [main] DEBUG org.hibernate.orm.results.loading.org.hibernate.orm.results.loading.collection - (DelayedCollectionInitializer) Current row collection key : org.frcpm.models.Project(959664514551200).meetings#51
10:24:08.230 [main] DEBUG org.hibernate.orm.results.loading.org.hibernate.orm.results.loading.collection - (DelayedCollectionInitializer) Current row collection key : org.frcpm.models.Project(959664514551200).milestones#51
10:24:08.230 [main] DEBUG org.hibernate.orm.results.loading.org.hibernate.orm.results.loading.collection - (DelayedCollectionInitializer) Current row collection key : org.frcpm.models.Project(959664514551200).tasks#51
10:24:08.230 [main] DEBUG org.hibernate.orm.results.loading.entity - (EntityResultInitializer) Created new entity instance [org.frcpm.models.Project(959664514551200)#51] : 1200637850
10:24:08.230 [main] DEBUG org.hibernate.orm.results - Extracted JDBC value [1] - [null]
10:24:08.230 [main] DEBUG org.hibernate.orm.results - Extracted JDBC value [2] - [2025-05-23]
10:24:08.230 [main] DEBUG org.hibernate.orm.results - Extracted JDBC value [3] - [2025-06-06]
10:24:08.230 [main] DEBUG org.hibernate.orm.results - Extracted JDBC value [4] - [Test Count Project]
10:24:08.230 [main] DEBUG org.hibernate.orm.results - Extracted JDBC value [5] - [2025-04-25]
10:24:08.230 [main] DEBUG org.hibernate.orm.results.loading.entity - (EntityResultInitializer) Done materializing entityInstance : org.frcpm.models.Project(959664514551200)#51
10:24:08.230 [main] DEBUG org.hibernate.orm.results.loading - Calling top-level assembler (0 / 1) : org.hibernate.sql.results.graph.entity.internal.EntityAssembler@673a5d75
10:24:08.230 [main] DEBUG org.hibernate.orm.results - Extracted JDBC value [0] - [54]
10:24:08.230 [main] DEBUG org.hibernate.orm.results.loading.entity - (EntityResultInitializer) Hydrated EntityKey (org.frcpm.models.Project(959664514551200)): 54
10:24:08.230 [main] DEBUG org.hibernate.orm.results.loading.org.hibernate.orm.results.loading.collection - (DelayedCollectionInitializer) Current row collection key : org.frcpm.models.Project(959664514551200).meetings#54
10:24:08.230 [main] DEBUG org.hibernate.orm.results.loading.org.hibernate.orm.results.loading.collection - (DelayedCollectionInitializer) Current row collection key : org.frcpm.models.Project(959664514551200).milestones#54
10:24:08.230 [main] DEBUG org.hibernate.orm.results.loading.org.hibernate.orm.results.loading.collection - (DelayedCollectionInitializer) Current row collection key : org.frcpm.models.Project(959664514551200).tasks#54
10:24:08.230 [main] DEBUG org.hibernate.orm.results.loading.entity - (EntityResultInitializer) Created new entity instance [org.frcpm.models.Project(959664514551200)#54] : 631385759
10:24:08.230 [main] DEBUG org.hibernate.orm.results - Extracted JDBC value [1] - [Test save description]
10:24:08.230 [main] DEBUG org.hibernate.orm.results - Extracted JDBC value [2] - [2025-05-23]
10:24:08.230 [main] DEBUG org.hibernate.orm.results - Extracted JDBC value [3] - [2025-06-06]
10:24:08.230 [main] DEBUG org.hibernate.orm.results - Extracted JDBC value [4] - [Test Save Project]
10:24:08.230 [main] DEBUG org.hibernate.orm.results - Extracted JDBC value [5] - [2025-04-25]
10:24:08.230 [main] DEBUG org.hibernate.orm.results.loading.entity - (EntityResultInitializer) Done materializing entityInstance : org.frcpm.models.Project(959664514551200)#54
10:24:08.230 [main] DEBUG org.hibernate.orm.results.loading - Calling top-level assembler (0 / 1) : org.hibernate.sql.results.graph.entity.internal.EntityAssembler@673a5d75
10:24:08.231 [main] DEBUG org.hibernate.orm.results - Extracted JDBC value [0] - [69]
10:24:08.231 [main] DEBUG org.hibernate.orm.results.loading.entity - (EntityResultInitializer) Hydrated EntityKey (org.frcpm.models.Project(959664514551200)): 69
10:24:08.231 [main] DEBUG org.hibernate.orm.results.loading.org.hibernate.orm.results.loading.collection - (DelayedCollectionInitializer) Current row collection key : org.frcpm.models.Project(959664514551200).meetings#69
10:24:08.231 [main] DEBUG org.hibernate.orm.results.loading.org.hibernate.orm.results.loading.collection - (DelayedCollectionInitializer) Current row collection key : org.frcpm.models.Project(959664514551200).milestones#69
10:24:08.231 [main] DEBUG org.hibernate.orm.results.loading.org.hibernate.orm.results.loading.collection - (DelayedCollectionInitializer) Current row collection key : org.frcpm.models.Project(959664514551200).tasks#69
10:24:08.231 [main] DEBUG org.hibernate.orm.results.loading.entity - (EntityResultInitializer) Created new entity instance [org.frcpm.models.Project(959664514551200)#69] : 1873515224
10:24:08.231 [main] DEBUG org.hibernate.orm.results - Extracted JDBC value [1] - [null]
10:24:08.231 [main] DEBUG org.hibernate.orm.results - Extracted JDBC value [2] - [2025-05-23]
10:24:08.231 [main] DEBUG org.hibernate.orm.results - Extracted JDBC value [3] - [2025-06-06]
10:24:08.231 [main] DEBUG org.hibernate.orm.results - Extracted JDBC value [4] - [Updated Project Name]
10:24:08.231 [main] DEBUG org.hibernate.orm.results - Extracted JDBC value [5] - [2025-04-25]
10:24:08.231 [main] DEBUG org.hibernate.orm.results.loading.entity - (EntityResultInitializer) Done materializing entityInstance : org.frcpm.models.Project(959664514551200)#69
10:24:08.231 [main] DEBUG org.hibernate.orm.results.loading - Calling top-level assembler (0 / 1) : org.hibernate.sql.results.graph.entity.internal.EntityAssembler@673a5d75
10:24:08.231 [main] DEBUG org.hibernate.orm.results - Extracted JDBC value [0] - [70]
10:24:08.231 [main] DEBUG org.hibernate.orm.results.loading.entity - (EntityResultInitializer) Hydrated EntityKey (org.frcpm.models.Project(959664514551200)): 70
10:24:08.231 [main] DEBUG org.hibernate.orm.results.loading.org.hibernate.orm.results.loading.collection - (DelayedCollectionInitializer) Current row collection key : org.frcpm.models.Project(959664514551200).meetings#70
10:24:08.231 [main] DEBUG org.hibernate.orm.results.loading.org.hibernate.orm.results.loading.collection - (DelayedCollectionInitializer) Current row collection key : org.frcpm.models.Project(959664514551200).milestones#70
10:24:08.231 [main] DEBUG org.hibernate.orm.results.loading.org.hibernate.orm.results.loading.collection - (DelayedCollectionInitializer) Current row collection key : org.frcpm.models.Project(959664514551200).tasks#70
10:24:08.231 [main] DEBUG org.hibernate.orm.results.loading.entity - (EntityResultInitializer) Created new entity instance [org.frcpm.models.Project(959664514551200)#70] : 296756154
10:24:08.231 [main] DEBUG org.hibernate.orm.results - Extracted JDBC value [1] - [null]
10:24:08.231 [main] DEBUG org.hibernate.orm.results - Extracted JDBC value [2] - [2025-06-06]
10:24:08.231 [main] DEBUG org.hibernate.orm.results - Extracted JDBC value [3] - [2025-06-20]
10:24:08.231 [main] DEBUG org.hibernate.orm.results - Extracted JDBC value [4] - [Test Task Project]
10:24:08.231 [main] DEBUG org.hibernate.orm.results - Extracted JDBC value [5] - [2025-04-25]
10:24:08.231 [main] DEBUG org.hibernate.orm.results.loading.entity - (EntityResultInitializer) Done materializing entityInstance : org.frcpm.models.Project(959664514551200)#70
10:24:08.231 [main] DEBUG org.hibernate.orm.results.loading - Calling top-level assembler (0 / 1) : org.hibernate.sql.results.graph.entity.internal.EntityAssembler@673a5d75
10:24:08.231 [main] DEBUG org.hibernate.orm.results - Extracted JDBC value [0] - [71]
10:24:08.231 [main] DEBUG org.hibernate.orm.results.loading.entity - (EntityResultInitializer) Hydrated EntityKey (org.frcpm.models.Project(959664514551200)): 71
10:24:08.231 [main] DEBUG org.hibernate.orm.results.loading.org.hibernate.orm.results.loading.collection - (DelayedCollectionInitializer) Current row collection key : org.frcpm.models.Project(959664514551200).meetings#71
10:24:08.231 [main] DEBUG org.hibernate.orm.results.loading.org.hibernate.orm.results.loading.collection - (DelayedCollectionInitializer) Current row collection key : org.frcpm.models.Project(959664514551200).milestones#71
10:24:08.231 [main] DEBUG org.hibernate.orm.results.loading.org.hibernate.orm.results.loading.collection - (DelayedCollectionInitializer) Current row collection key : org.frcpm.models.Project(959664514551200).tasks#71
10:24:08.231 [main] DEBUG org.hibernate.orm.results.loading.entity - (EntityResultInitializer) Created new entity instance [org.frcpm.models.Project(959664514551200)#71] : 1849519481
10:24:08.231 [main] DEBUG org.hibernate.orm.results - Extracted JDBC value [1] - [null]
10:24:08.231 [main] DEBUG org.hibernate.orm.results - Extracted JDBC value [2] - [2025-06-06]
10:24:08.231 [main] DEBUG org.hibernate.orm.results - Extracted JDBC value [3] - [2025-06-20]
10:24:08.231 [main] DEBUG org.hibernate.orm.results - Extracted JDBC value [4] - [Test Task Project]
10:24:08.231 [main] DEBUG org.hibernate.orm.results - Extracted JDBC value [5] - [2025-04-25]
10:24:08.231 [main] DEBUG org.hibernate.orm.results.loading.entity - (EntityResultInitializer) Done materializing entityInstance : org.frcpm.models.Project(959664514551200)#71
10:24:08.231 [main] DEBUG org.hibernate.orm.results.loading - Calling top-level assembler (0 / 1) : org.hibernate.sql.results.graph.entity.internal.EntityAssembler@673a5d75
10:24:08.231 [main] DEBUG org.hibernate.orm.results - Extracted JDBC value [0] - [72]
10:24:08.231 [main] DEBUG org.hibernate.orm.results.loading.entity - (EntityResultInitializer) Hydrated EntityKey (org.frcpm.models.Project(959664514551200)): 72
10:24:08.231 [main] DEBUG org.hibernate.orm.results.loading.org.hibernate.orm.results.loading.collection - (DelayedCollectionInitializer) Current row collection key : org.frcpm.models.Project(959664514551200).meetings#72
10:24:08.231 [main] DEBUG org.hibernate.orm.results.loading.org.hibernate.orm.results.loading.collection - (DelayedCollectionInitializer) Current row collection key : org.frcpm.models.Project(959664514551200).milestones#72
10:24:08.231 [main] DEBUG org.hibernate.orm.results.loading.org.hibernate.orm.results.loading.collection - (DelayedCollectionInitializer) Current row collection key : org.frcpm.models.Project(959664514551200).tasks#72
10:24:08.231 [main] DEBUG org.hibernate.orm.results.loading.entity - (EntityResultInitializer) Created new entity instance [org.frcpm.models.Project(959664514551200)#72] : 884151000
10:24:08.231 [main] DEBUG org.hibernate.orm.results - Extracted JDBC value [1] - [null]
10:24:08.231 [main] DEBUG org.hibernate.orm.results - Extracted JDBC value [2] - [2025-06-06]
10:24:08.231 [main] DEBUG org.hibernate.orm.results - Extracted JDBC value [3] - [2025-06-20]
10:24:08.231 [main] DEBUG org.hibernate.orm.results - Extracted JDBC value [4] - [Test Task Project]
10:24:08.231 [main] DEBUG org.hibernate.orm.results - Extracted JDBC value [5] - [2025-04-25]
10:24:08.231 [main] DEBUG org.hibernate.orm.results.loading.entity - (EntityResultInitializer) Done materializing entityInstance : org.frcpm.models.Project(959664514551200)#72
10:24:08.231 [main] DEBUG org.hibernate.orm.results.loading - Calling top-level assembler (0 / 1) : org.hibernate.sql.results.graph.entity.internal.EntityAssembler@673a5d75
10:24:08.231 [main] DEBUG org.hibernate.orm.results - Extracted JDBC value [0] - [73]
10:24:08.231 [main] DEBUG org.hibernate.orm.results.loading.entity - (EntityResultInitializer) Hydrated EntityKey (org.frcpm.models.Project(959664514551200)): 73
10:24:08.231 [main] DEBUG org.hibernate.orm.results.loading.org.hibernate.orm.results.loading.collection - (DelayedCollectionInitializer) Current row collection key : org.frcpm.models.Project(959664514551200).meetings#73
10:24:08.231 [main] DEBUG org.hibernate.orm.results.loading.org.hibernate.orm.results.loading.collection - (DelayedCollectionInitializer) Current row collection key : org.frcpm.models.Project(959664514551200).milestones#73
10:24:08.231 [main] DEBUG org.hibernate.orm.results.loading.org.hibernate.orm.results.loading.collection - (DelayedCollectionInitializer) Current row collection key : org.frcpm.models.Project(959664514551200).tasks#73
10:24:08.231 [main] DEBUG org.hibernate.orm.results.loading.entity - (EntityResultInitializer) Created new entity instance [org.frcpm.models.Project(959664514551200)#73] : 283980853
10:24:08.231 [main] DEBUG org.hibernate.orm.results - Extracted JDBC value [1] - [null]
10:24:08.231 [main] DEBUG org.hibernate.orm.results - Extracted JDBC value [2] - [2025-06-06]
10:24:08.231 [main] DEBUG org.hibernate.orm.results - Extracted JDBC value [3] - [2025-06-20]
10:24:08.231 [main] DEBUG org.hibernate.orm.results - Extracted JDBC value [4] - [Test Task Project]
10:24:08.231 [main] DEBUG org.hibernate.orm.results - Extracted JDBC value [5] - [2025-04-25]
10:24:08.231 [main] DEBUG org.hibernate.orm.results.loading.entity - (EntityResultInitializer) Done materializing entityInstance : org.frcpm.models.Project(959664514551200)#73
10:24:08.231 [main] DEBUG org.hibernate.orm.results.loading - Calling top-level assembler (0 / 1) : org.hibernate.sql.results.graph.entity.internal.EntityAssembler@673a5d75
10:24:08.231 [main] DEBUG org.hibernate.orm.results - Extracted JDBC value [0] - [74]
10:24:08.231 [main] DEBUG org.hibernate.orm.results.loading.entity - (EntityResultInitializer) Hydrated EntityKey (org.frcpm.models.Project(959664514551200)): 74
10:24:08.231 [main] DEBUG org.hibernate.orm.results.loading.org.hibernate.orm.results.loading.collection - (DelayedCollectionInitializer) Current row collection key : org.frcpm.models.Project(959664514551200).meetings#74
10:24:08.231 [main] DEBUG org.hibernate.orm.results.loading.org.hibernate.orm.results.loading.collection - (DelayedCollectionInitializer) Current row collection key : org.frcpm.models.Project(959664514551200).milestones#74
10:24:08.231 [main] DEBUG org.hibernate.orm.results.loading.org.hibernate.orm.results.loading.collection - (DelayedCollectionInitializer) Current row collection key : org.frcpm.models.Project(959664514551200).tasks#74
10:24:08.231 [main] DEBUG org.hibernate.orm.results.loading.entity - (EntityResultInitializer) Created new entity instance [org.frcpm.models.Project(959664514551200)#74] : 224702128
10:24:08.231 [main] DEBUG org.hibernate.orm.results - Extracted JDBC value [1] - [null]
10:24:08.231 [main] DEBUG org.hibernate.orm.results - Extracted JDBC value [2] - [2025-06-06]
10:24:08.232 [main] DEBUG org.hibernate.orm.results - Extracted JDBC value [3] - [2025-06-20]
10:24:08.232 [main] DEBUG org.hibernate.orm.results - Extracted JDBC value [4] - [Test Task Project]
10:24:08.232 [main] DEBUG org.hibernate.orm.results - Extracted JDBC value [5] - [2025-04-25]
10:24:08.232 [main] DEBUG org.hibernate.orm.results.loading.entity - (EntityResultInitializer) Done materializing entityInstance : org.frcpm.models.Project(959664514551200)#74
10:24:08.232 [main] DEBUG org.hibernate.orm.results.loading - Calling top-level assembler (0 / 1) : org.hibernate.sql.results.graph.entity.internal.EntityAssembler@673a5d75
10:24:08.232 [main] DEBUG org.hibernate.orm.results - Extracted JDBC value [0] - [75]
10:24:08.232 [main] DEBUG org.hibernate.orm.results.loading.entity - (EntityResultInitializer) Hydrated EntityKey (org.frcpm.models.Project(959664514551200)): 75
10:24:08.232 [main] DEBUG org.hibernate.orm.results.loading.org.hibernate.orm.results.loading.collection - (DelayedCollectionInitializer) Current row collection key : org.frcpm.models.Project(959664514551200).meetings#75
10:24:08.232 [main] DEBUG org.hibernate.orm.results.loading.org.hibernate.orm.results.loading.collection - (DelayedCollectionInitializer) Current row collection key : org.frcpm.models.Project(959664514551200).milestones#75
10:24:08.232 [main] DEBUG org.hibernate.orm.results.loading.org.hibernate.orm.results.loading.collection - (DelayedCollectionInitializer) Current row collection key : org.frcpm.models.Project(959664514551200).tasks#75
10:24:08.232 [main] DEBUG org.hibernate.orm.results.loading.entity - (EntityResultInitializer) Created new entity instance [org.frcpm.models.Project(959664514551200)#75] : 356238984
10:24:08.232 [main] DEBUG org.hibernate.orm.results - Extracted JDBC value [1] - [null]
10:24:08.232 [main] DEBUG org.hibernate.orm.results - Extracted JDBC value [2] - [2025-06-06]
10:24:08.232 [main] DEBUG org.hibernate.orm.results - Extracted JDBC value [3] - [2025-06-20]
10:24:08.232 [main] DEBUG org.hibernate.orm.results - Extracted JDBC value [4] - [Test Task Project]
10:24:08.232 [main] DEBUG org.hibernate.orm.results - Extracted JDBC value [5] - [2025-04-25]
10:24:08.232 [main] DEBUG org.hibernate.orm.results.loading.entity - (EntityResultInitializer) Done materializing entityInstance : org.frcpm.models.Project(959664514551200)#75
10:24:08.232 [main] DEBUG org.hibernate.orm.results.loading - Calling top-level assembler (0 / 1) : org.hibernate.sql.results.graph.entity.internal.EntityAssembler@673a5d75
10:24:08.232 [main] DEBUG org.hibernate.orm.results - Extracted JDBC value [0] - [76]
10:24:08.232 [main] DEBUG org.hibernate.orm.results.loading.entity - (EntityResultInitializer) Hydrated EntityKey (org.frcpm.models.Project(959664514551200)): 76
10:24:08.232 [main] DEBUG org.hibernate.orm.results.loading.org.hibernate.orm.results.loading.collection - (DelayedCollectionInitializer) Current row collection key : org.frcpm.models.Project(959664514551200).meetings#76
10:24:08.232 [main] DEBUG org.hibernate.orm.results.loading.org.hibernate.orm.results.loading.collection - (DelayedCollectionInitializer) Current row collection key : org.frcpm.models.Project(959664514551200).milestones#76
10:24:08.232 [main] DEBUG org.hibernate.orm.results.loading.org.hibernate.orm.results.loading.collection - (DelayedCollectionInitializer) Current row collection key : org.frcpm.models.Project(959664514551200).tasks#76
10:24:08.233 [main] DEBUG org.hibernate.orm.results.loading.entity - (EntityResultInitializer) Created new entity instance [org.frcpm.models.Project(959664514551200)#76] : 1507561086
10:24:08.233 [main] DEBUG org.hibernate.orm.results - Extracted JDBC value [1] - [null]
10:24:08.233 [main] DEBUG org.hibernate.orm.results - Extracted JDBC value [2] - [2025-06-06]
10:24:08.233 [main] DEBUG org.hibernate.orm.results - Extracted JDBC value [3] - [2025-06-20]
10:24:08.233 [main] DEBUG org.hibernate.orm.results - Extracted JDBC value [4] - [Test Task Project]
10:24:08.233 [main] DEBUG org.hibernate.orm.results - Extracted JDBC value [5] - [2025-04-25]
10:24:08.233 [main] DEBUG org.hibernate.orm.results.loading.entity - (EntityResultInitializer) Done materializing entityInstance : org.frcpm.models.Project(959664514551200)#76
10:24:08.233 [main] DEBUG org.hibernate.orm.results.loading - Calling top-level assembler (0 / 1) : org.hibernate.sql.results.graph.entity.internal.EntityAssembler@673a5d75
10:24:08.233 [main] DEBUG org.hibernate.orm.results - Extracted JDBC value [0] - [77]
10:24:08.233 [main] DEBUG org.hibernate.orm.results.loading.entity - (EntityResultInitializer) Hydrated EntityKey (org.frcpm.models.Project(959664514551200)): 77
10:24:08.233 [main] DEBUG org.hibernate.orm.results.loading.org.hibernate.orm.results.loading.collection - (DelayedCollectionInitializer) Current row collection key : org.frcpm.models.Project(959664514551200).meetings#77
10:24:08.233 [main] DEBUG org.hibernate.orm.results.loading.org.hibernate.orm.results.loading.collection - (DelayedCollectionInitializer) Current row collection key : org.frcpm.models.Project(959664514551200).milestones#77
10:24:08.233 [main] DEBUG org.hibernate.orm.results.loading.org.hibernate.orm.results.loading.collection - (DelayedCollectionInitializer) Current row collection key : org.frcpm.models.Project(959664514551200).tasks#77
10:24:08.233 [main] DEBUG org.hibernate.orm.results.loading.entity - (EntityResultInitializer) Created new entity instance [org.frcpm.models.Project(959664514551200)#77] : 825862926
10:24:08.233 [main] DEBUG org.hibernate.orm.results - Extracted JDBC value [1] - [null]
10:24:08.233 [main] DEBUG org.hibernate.orm.results - Extracted JDBC value [2] - [2025-06-06]
10:24:08.233 [main] DEBUG org.hibernate.orm.results - Extracted JDBC value [3] - [2025-06-20]
10:24:08.233 [main] DEBUG org.hibernate.orm.results - Extracted JDBC value [4] - [Test Task Project]
10:24:08.233 [main] DEBUG org.hibernate.orm.results - Extracted JDBC value [5] - [2025-04-25]
10:24:08.233 [main] DEBUG org.hibernate.orm.results.loading.entity - (EntityResultInitializer) Done materializing entityInstance : org.frcpm.models.Project(959664514551200)#77
10:24:08.233 [main] DEBUG org.hibernate.orm.results.loading - Calling top-level assembler (0 / 1) : org.hibernate.sql.results.graph.entity.internal.EntityAssembler@673a5d75
10:24:08.233 [main] DEBUG org.hibernate.orm.results - Extracted JDBC value [0] - [78]
10:24:08.233 [main] DEBUG org.hibernate.orm.results.loading.entity - (EntityResultInitializer) Hydrated EntityKey (org.frcpm.models.Project(959664514551200)): 78
10:24:08.233 [main] DEBUG org.hibernate.orm.results.loading.org.hibernate.orm.results.loading.collection - (DelayedCollectionInitializer) Current row collection key : org.frcpm.models.Project(959664514551200).meetings#78
10:24:08.233 [main] DEBUG org.hibernate.orm.results.loading.org.hibernate.orm.results.loading.collection - (DelayedCollectionInitializer) Current row collection key : org.frcpm.models.Project(959664514551200).milestones#78
10:24:08.233 [main] DEBUG org.hibernate.orm.results.loading.org.hibernate.orm.results.loading.collection - (DelayedCollectionInitializer) Current row collection key : org.frcpm.models.Project(959664514551200).tasks#78
10:24:08.233 [main] DEBUG org.hibernate.orm.results.loading.entity - (EntityResultInitializer) Created new entity instance [org.frcpm.models.Project(959664514551200)#78] : 2128786403
10:24:08.233 [main] DEBUG org.hibernate.orm.results - Extracted JDBC value [1] - [null]
10:24:08.233 [main] DEBUG org.hibernate.orm.results - Extracted JDBC value [2] - [2025-06-06]
10:24:08.233 [main] DEBUG org.hibernate.orm.results - Extracted JDBC value [3] - [2025-06-20]
10:24:08.233 [main] DEBUG org.hibernate.orm.results - Extracted JDBC value [4] - [Test Task Project]
10:24:08.233 [main] DEBUG org.hibernate.orm.results - Extracted JDBC value [5] - [2025-04-25]
10:24:08.233 [main] DEBUG org.hibernate.orm.results.loading.entity - (EntityResultInitializer) Done materializing entityInstance : org.frcpm.models.Project(959664514551200)#78
10:24:08.233 [main] DEBUG org.hibernate.orm.results.loading - Calling top-level assembler (0 / 1) : org.hibernate.sql.results.graph.entity.internal.EntityAssembler@673a5d75
10:24:08.233 [main] DEBUG org.hibernate.orm.results - Extracted JDBC value [0] - [79]
10:24:08.233 [main] DEBUG org.hibernate.orm.results.loading.entity - (EntityResultInitializer) Hydrated EntityKey (org.frcpm.models.Project(959664514551200)): 79
10:24:08.233 [main] DEBUG org.hibernate.orm.results.loading.org.hibernate.orm.results.loading.collection - (DelayedCollectionInitializer) Current row collection key : org.frcpm.models.Project(959664514551200).meetings#79
10:24:08.233 [main] DEBUG org.hibernate.orm.results.loading.org.hibernate.orm.results.loading.collection - (DelayedCollectionInitializer) Current row collection key : org.frcpm.models.Project(959664514551200).milestones#79
10:24:08.233 [main] DEBUG org.hibernate.orm.results.loading.org.hibernate.orm.results.loading.collection - (DelayedCollectionInitializer) Current row collection key : org.frcpm.models.Project(959664514551200).tasks#79
10:24:08.233 [main] DEBUG org.hibernate.orm.results.loading.entity - (EntityResultInitializer) Created new entity instance [org.frcpm.models.Project(959664514551200)#79] : 803163400
10:24:08.233 [main] DEBUG org.hibernate.orm.results - Extracted JDBC value [1] - [null]
10:24:08.233 [main] DEBUG org.hibernate.orm.results - Extracted JDBC value [2] - [2025-06-06]
10:24:08.233 [main] DEBUG org.hibernate.orm.results - Extracted JDBC value [3] - [2025-06-20]
10:24:08.233 [main] DEBUG org.hibernate.orm.results - Extracted JDBC value [4] - [Test Task Project]
10:24:08.233 [main] DEBUG org.hibernate.orm.results - Extracted JDBC value [5] - [2025-04-25]
10:24:08.233 [main] DEBUG org.hibernate.orm.results.loading.entity - (EntityResultInitializer) Done materializing entityInstance : org.frcpm.models.Project(959664514551200)#79
10:24:08.233 [main] DEBUG org.hibernate.orm.results.loading - Calling top-level assembler (0 / 1) : org.hibernate.sql.results.graph.entity.internal.EntityAssembler@673a5d75
10:24:08.233 [main] DEBUG org.hibernate.orm.results - Extracted JDBC value [0] - [80]
10:24:08.233 [main] DEBUG org.hibernate.orm.results.loading.entity - (EntityResultInitializer) Hydrated EntityKey (org.frcpm.models.Project(959664514551200)): 80
10:24:08.233 [main] DEBUG org.hibernate.orm.results.loading.org.hibernate.orm.results.loading.collection - (DelayedCollectionInitializer) Current row collection key : org.frcpm.models.Project(959664514551200).meetings#80
10:24:08.233 [main] DEBUG org.hibernate.orm.results.loading.org.hibernate.orm.results.loading.collection - (DelayedCollectionInitializer) Current row collection key : org.frcpm.models.Project(959664514551200).milestones#80
10:24:08.233 [main] DEBUG org.hibernate.orm.results.loading.org.hibernate.orm.results.loading.collection - (DelayedCollectionInitializer) Current row collection key : org.frcpm.models.Project(959664514551200).tasks#80
10:24:08.233 [main] DEBUG org.hibernate.orm.results.loading.entity - (EntityResultInitializer) Created new entity instance [org.frcpm.models.Project(959664514551200)#80] : 1246820432
10:24:08.233 [main] DEBUG org.hibernate.orm.results - Extracted JDBC value [1] - [null]
10:24:08.233 [main] DEBUG org.hibernate.orm.results - Extracted JDBC value [2] - [2025-06-06]
10:24:08.233 [main] DEBUG org.hibernate.orm.results - Extracted JDBC value [3] - [2025-06-20]
10:24:08.233 [main] DEBUG org.hibernate.orm.results - Extracted JDBC value [4] - [Test Task Project]
10:24:08.233 [main] DEBUG org.hibernate.orm.results - Extracted JDBC value [5] - [2025-04-25]
10:24:08.233 [main] DEBUG org.hibernate.orm.results.loading.entity - (EntityResultInitializer) Done materializing entityInstance : org.frcpm.models.Project(959664514551200)#80
10:24:08.233 [main] DEBUG org.hibernate.orm.results.loading - Calling top-level assembler (0 / 1) : org.hibernate.sql.results.graph.entity.internal.EntityAssembler@673a5d75
10:24:08.233 [main] DEBUG org.hibernate.orm.results - Extracted JDBC value [0] - [81]
10:24:08.233 [main] DEBUG org.hibernate.orm.results.loading.entity - (EntityResultInitializer) Hydrated EntityKey (org.frcpm.models.Project(959664514551200)): 81
10:24:08.233 [main] DEBUG org.hibernate.orm.results.loading.org.hibernate.orm.results.loading.collection - (DelayedCollectionInitializer) Current row collection key : org.frcpm.models.Project(959664514551200).meetings#81
10:24:08.233 [main] DEBUG org.hibernate.orm.results.loading.org.hibernate.orm.results.loading.collection - (DelayedCollectionInitializer) Current row collection key : org.frcpm.models.Project(959664514551200).milestones#81
10:24:08.233 [main] DEBUG org.hibernate.orm.results.loading.org.hibernate.orm.results.loading.collection - (DelayedCollectionInitializer) Current row collection key : org.frcpm.models.Project(959664514551200).tasks#81
10:24:08.233 [main] DEBUG org.hibernate.orm.results.loading.entity - (EntityResultInitializer) Created new entity instance [org.frcpm.models.Project(959664514551200)#81] : 1950398339
10:24:08.233 [main] DEBUG org.hibernate.orm.results - Extracted JDBC value [1] - [null]
10:24:08.233 [main] DEBUG org.hibernate.orm.results - Extracted JDBC value [2] - [2025-06-06]
10:24:08.233 [main] DEBUG org.hibernate.orm.results - Extracted JDBC value [3] - [2025-06-20]
10:24:08.233 [main] DEBUG org.hibernate.orm.results - Extracted JDBC value [4] - [Test Task Project]
10:24:08.233 [main] DEBUG org.hibernate.orm.results - Extracted JDBC value [5] - [2025-04-25]
10:24:08.233 [main] DEBUG org.hibernate.orm.results.loading.entity - (EntityResultInitializer) Done materializing entityInstance : org.frcpm.models.Project(959664514551200)#81
10:24:08.233 [main] DEBUG org.hibernate.orm.results.loading - Calling top-level assembler (0 / 1) : org.hibernate.sql.results.graph.entity.internal.EntityAssembler@673a5d75
10:24:08.233 [main] DEBUG org.hibernate.orm.results - Extracted JDBC value [0] - [82]
10:24:08.233 [main] DEBUG org.hibernate.orm.results.loading.entity - (EntityResultInitializer) Hydrated EntityKey (org.frcpm.models.Project(959664514551200)): 82
10:24:08.233 [main] DEBUG org.hibernate.orm.results.loading.org.hibernate.orm.results.loading.collection - (DelayedCollectionInitializer) Current row collection key : org.frcpm.models.Project(959664514551200).meetings#82
10:24:08.233 [main] DEBUG org.hibernate.orm.results.loading.org.hibernate.orm.results.loading.collection - (DelayedCollectionInitializer) Current row collection key : org.frcpm.models.Project(959664514551200).milestones#82
10:24:08.233 [main] DEBUG org.hibernate.orm.results.loading.org.hibernate.orm.results.loading.collection - (DelayedCollectionInitializer) Current row collection key : org.frcpm.models.Project(959664514551200).tasks#82
10:24:08.233 [main] DEBUG org.hibernate.orm.results.loading.entity - (EntityResultInitializer) Created new entity instance [org.frcpm.models.Project(959664514551200)#82] : 1311353543
10:24:08.233 [main] DEBUG org.hibernate.orm.results - Extracted JDBC value [1] - [null]
10:24:08.233 [main] DEBUG org.hibernate.orm.results - Extracted JDBC value [2] - [2025-06-06]
10:24:08.233 [main] DEBUG org.hibernate.orm.results - Extracted JDBC value [3] - [2025-06-20]
10:24:08.233 [main] DEBUG org.hibernate.orm.results - Extracted JDBC value [4] - [Test Task Project]
10:24:08.233 [main] DEBUG org.hibernate.orm.results - Extracted JDBC value [5] - [2025-04-25]
10:24:08.233 [main] DEBUG org.hibernate.orm.results.loading.entity - (EntityResultInitializer) Done materializing entityInstance : org.frcpm.models.Project(959664514551200)#82
10:24:08.233 [main] DEBUG org.hibernate.orm.results.loading - Calling top-level assembler (0 / 1) : org.hibernate.sql.results.graph.entity.internal.EntityAssembler@673a5d75
10:24:08.233 [main] DEBUG org.hibernate.orm.results - Extracted JDBC value [0] - [104]
10:24:08.233 [main] DEBUG org.hibernate.orm.results.loading.entity - (EntityResultInitializer) Hydrated EntityKey (org.frcpm.models.Project(959664514551200)): 104
10:24:08.233 [main] DEBUG org.hibernate.orm.results.loading.org.hibernate.orm.results.loading.collection - (DelayedCollectionInitializer) Current row collection key : org.frcpm.models.Project(959664514551200).meetings#104
10:24:08.233 [main] DEBUG org.hibernate.orm.results.loading.org.hibernate.orm.results.loading.collection - (DelayedCollectionInitializer) Current row collection key : org.frcpm.models.Project(959664514551200).milestones#104
10:24:08.233 [main] DEBUG org.hibernate.orm.results.loading.org.hibernate.orm.results.loading.collection - (DelayedCollectionInitializer) Current row collection key : org.frcpm.models.Project(959664514551200).tasks#104
10:24:08.233 [main] DEBUG org.hibernate.orm.results.loading.entity - (EntityResultInitializer) Created new entity instance [org.frcpm.models.Project(959664514551200)#104] : 924463224
10:24:08.233 [main] DEBUG org.hibernate.orm.results - Extracted JDBC value [1] - [null]
10:24:08.233 [main] DEBUG org.hibernate.orm.results - Extracted JDBC value [2] - [2025-06-06]
10:24:08.233 [main] DEBUG org.hibernate.orm.results - Extracted JDBC value [3] - [2025-06-20]
10:24:08.233 [main] DEBUG org.hibernate.orm.results - Extracted JDBC value [4] - [Component Test Project]
10:24:08.233 [main] DEBUG org.hibernate.orm.results - Extracted JDBC value [5] - [2025-04-25]
10:24:08.233 [main] DEBUG org.hibernate.orm.results.loading.entity - (EntityResultInitializer) Done materializing entityInstance : org.frcpm.models.Project(959664514551200)#104
10:24:08.233 [main] DEBUG org.hibernate.orm.results.loading - Calling top-level assembler (0 / 1) : org.hibernate.sql.results.graph.entity.internal.EntityAssembler@673a5d75
10:24:08.233 [main] DEBUG org.hibernate.orm.results - Extracted JDBC value [0] - [135]
10:24:08.233 [main] DEBUG org.hibernate.orm.results.loading.entity - (EntityResultInitializer) Hydrated EntityKey (org.frcpm.models.Project(959664514551200)): 135
10:24:08.233 [main] DEBUG org.hibernate.orm.results.loading.org.hibernate.orm.results.loading.collection - (DelayedCollectionInitializer) Current row collection key : org.frcpm.models.Project(959664514551200).meetings#135
10:24:08.233 [main] DEBUG org.hibernate.orm.results.loading.org.hibernate.orm.results.loading.collection - (DelayedCollectionInitializer) Current row collection key : org.frcpm.models.Project(959664514551200).milestones#135
10:24:08.233 [main] DEBUG org.hibernate.orm.results.loading.org.hibernate.orm.results.loading.collection - (DelayedCollectionInitializer) Current row collection key : org.frcpm.models.Project(959664514551200).tasks#135
10:24:08.233 [main] DEBUG org.hibernate.orm.results.loading.entity - (EntityResultInitializer) Created new entity instance [org.frcpm.models.Project(959664514551200)#135] : 1689020768
10:24:08.233 [main] DEBUG org.hibernate.orm.results - Extracted JDBC value [1] - [null]
10:24:08.233 [main] DEBUG org.hibernate.orm.results - Extracted JDBC value [2] - [2025-05-23]
10:24:08.234 [main] DEBUG org.hibernate.orm.results - Extracted JDBC value [3] - [2025-06-06]
10:24:08.234 [main] DEBUG org.hibernate.orm.results - Extracted JDBC value [4] - [Test Create Service Project]
10:24:08.234 [main] DEBUG org.hibernate.orm.results - Extracted JDBC value [5] - [2025-04-25]
10:24:08.234 [main] DEBUG org.hibernate.orm.results.loading.entity - (EntityResultInitializer) Done materializing entityInstance : org.frcpm.models.Project(959664514551200)#135
10:24:08.234 [main] DEBUG org.hibernate.orm.results.loading - Calling top-level assembler (0 / 1) : org.hibernate.sql.results.graph.entity.internal.EntityAssembler@673a5d75
10:24:08.234 [main] DEBUG org.hibernate.orm.results - Extracted JDBC value [0] - [142]
10:24:08.234 [main] DEBUG org.hibernate.orm.results.loading.entity - (EntityResultInitializer) Hydrated EntityKey (org.frcpm.models.Project(959664514551200)): 142
10:24:08.234 [main] DEBUG org.hibernate.orm.results.loading.org.hibernate.orm.results.loading.collection - (DelayedCollectionInitializer) Current row collection key : org.frcpm.models.Project(959664514551200).meetings#142
10:24:08.234 [main] DEBUG org.hibernate.orm.results.loading.org.hibernate.orm.results.loading.collection - (DelayedCollectionInitializer) Current row collection key : org.frcpm.models.Project(959664514551200).milestones#142
10:24:08.234 [main] DEBUG org.hibernate.orm.results.loading.org.hibernate.orm.results.loading.collection - (DelayedCollectionInitializer) Current row collection key : org.frcpm.models.Project(959664514551200).tasks#142
10:24:08.234 [main] DEBUG org.hibernate.orm.results.loading.entity - (EntityResultInitializer) Created new entity instance [org.frcpm.models.Project(959664514551200)#142] : 407938485
10:24:08.234 [main] DEBUG org.hibernate.orm.results - Extracted JDBC value [1] - [Updated description]
10:24:08.234 [main] DEBUG org.hibernate.orm.results - Extracted JDBC value [2] - [2025-05-23]
10:24:08.235 [main] DEBUG org.hibernate.orm.results - Extracted JDBC value [3] - [2025-06-06]
10:24:08.235 [main] DEBUG org.hibernate.orm.results - Extracted JDBC value [4] - [Updated Service Project Name]
10:24:08.235 [main] DEBUG org.hibernate.orm.results - Extracted JDBC value [5] - [2025-04-25]
10:24:08.235 [main] DEBUG org.hibernate.orm.results.loading.entity - (EntityResultInitializer) Done materializing entityInstance : org.frcpm.models.Project(959664514551200)#142
10:24:08.235 [main] DEBUG org.hibernate.orm.results.loading - Calling top-level assembler (0 / 1) : org.hibernate.sql.results.graph.entity.internal.EntityAssembler@673a5d75
10:24:08.235 [main] DEBUG org.hibernate.orm.results - Extracted JDBC value [0] - [148]
10:24:08.235 [main] DEBUG org.hibernate.orm.results.loading.entity - (EntityResultInitializer) Hydrated EntityKey (org.frcpm.models.Project(959664514551200)): 148
10:24:08.235 [main] DEBUG org.hibernate.orm.results.loading.org.hibernate.orm.results.loading.collection - (DelayedCollectionInitializer) Current row collection key : org.frcpm.models.Project(959664514551200).meetings#148
10:24:08.235 [main] DEBUG org.hibernate.orm.results.loading.org.hibernate.orm.results.loading.collection - (DelayedCollectionInitializer) Current row collection key : org.frcpm.models.Project(959664514551200).milestones#148
10:24:08.235 [main] DEBUG org.hibernate.orm.results.loading.org.hibernate.orm.results.loading.collection - (DelayedCollectionInitializer) Current row collection key : org.frcpm.models.Project(959664514551200).tasks#148
10:24:08.235 [main] DEBUG org.hibernate.orm.results.loading.entity - (EntityResultInitializer) Created new entity instance [org.frcpm.models.Project(959664514551200)#148] : 295256244
10:24:08.235 [main] DEBUG org.hibernate.orm.results - Extracted JDBC value [1] - [null]
10:24:08.235 [main] DEBUG org.hibernate.orm.results - Extracted JDBC value [2] - [2025-05-23]
10:24:08.235 [main] DEBUG org.hibernate.orm.results - Extracted JDBC value [3] - [2025-06-06]
10:24:08.235 [main] DEBUG org.hibernate.orm.results - Extracted JDBC value [4] - [Test Summary Project]
10:24:08.235 [main] DEBUG org.hibernate.orm.results - Extracted JDBC value [5] - [2025-04-25]
10:24:08.235 [main] DEBUG org.hibernate.orm.results.loading.entity - (EntityResultInitializer) Done materializing entityInstance : org.frcpm.models.Project(959664514551200)#148
10:24:08.235 [main] DEBUG org.hibernate.orm.results.loading - Calling top-level assembler (0 / 1) : org.hibernate.sql.results.graph.entity.internal.EntityAssembler@673a5d75
10:24:08.235 [main] DEBUG org.hibernate.resource.jdbc.internal.LogicalConnectionManagedImpl - Initiating JDBC connection release from afterTransaction
10:24:08.236 [main] DEBUG org.hibernate.resource.jdbc.internal.LogicalConnectionManagedImpl - Initiating JDBC connection release from afterTransaction
]]></system-out>
    <system-err><![CDATA[Apr 25, 2025 10:24:08 AM org.frcpm.controllers.ProjectController setupBindings
WARNING: UI components not initialized - likely in test environment
]]></system-err>
  </testcase>
  <testcase name="testHandleEditTaskWithException" classname="org.frcpm.controllers.ProjectControllerTest" time="0.055">
    <system-out><![CDATA[10:24:08.256 [main] DEBUG org.hibernate.orm.sql.ast.create - Created new SQL alias : p1_0
10:24:08.256 [main] DEBUG org.hibernate.orm.sql.ast.create - Registration of TableGroup [StandardTableGroup(org.frcpm.models.Project(959664541631100))] with identifierForTableGroup [org.frcpm.models.Project] for NavigablePath [org.frcpm.models.Project] 
10:24:08.257 [main] DEBUG org.hibernate.orm.results.graph.AST - DomainResult Graph:
 \-EntityResultImpl [org.frcpm.models.Project(959664541631100)]
 |  +-BasicFetch [org.frcpm.models.Project(959664541631100).description]
 |  +-BasicFetch [org.frcpm.models.Project(959664541631100).goalEndDate]
 |  +-BasicFetch [org.frcpm.models.Project(959664541631100).hardDeadline]
 |  +-DelayedCollectionFetch [org.frcpm.models.Project(959664541631100).meetings]
 |  +-DelayedCollectionFetch [org.frcpm.models.Project(959664541631100).milestones]
 |  +-BasicFetch [org.frcpm.models.Project(959664541631100).name]
 |  +-BasicFetch [org.frcpm.models.Project(959664541631100).startDate]
 |  \-DelayedCollectionFetch [org.frcpm.models.Project(959664541631100).tasks]

10:24:08.257 [main] DEBUG org.hibernate.orm.sql.ast.tree - SQL AST Tree:
    SelectStatement {
      FromClause {
        StandardTableGroup (p1 : org.frcpm.models.Project(959664541631100)) {
          primaryTableReference : projects as p1_0
        }
      }
    }

10:24:08.257 [main] DEBUG org.hibernate.orm.sql.exec - Skipping reading Query result cache data: cache-enabled = false, cache-mode = NORMAL
10:24:08.258 [main] DEBUG org.hibernate.orm.results - Initializer list:
	  org.frcpm.models.Project(959664541631100).tasks -> DelayedCollectionInitializer(org.frcpm.models.Project(959664541631100).tasks)@525321287 (PluralAttribute(org.frcpm.models.Project.tasks))
	  org.frcpm.models.Project(959664541631100).meetings -> DelayedCollectionInitializer(org.frcpm.models.Project(959664541631100).meetings)@2119571045 (PluralAttribute(org.frcpm.models.Project.meetings))
	  org.frcpm.models.Project(959664541631100) -> EntityResultInitializer(org.frcpm.models.Project(959664541631100))@1420214934 (SingleTableEntityPersister(org.frcpm.models.Project))
	  org.frcpm.models.Project(959664541631100).milestones -> DelayedCollectionInitializer(org.frcpm.models.Project(959664541631100).milestones)@551018387 (PluralAttribute(org.frcpm.models.Project.milestones))

10:24:08.258 [main] DEBUG org.hibernate.SQL - select p1_0.id,p1_0.description,p1_0.goal_end_date,p1_0.hard_deadline,p1_0.name,p1_0.start_date from projects p1_0
10:24:08.259 [main] DEBUG org.hibernate.orm.results - Extracted JDBC value [0] - [1]
10:24:08.259 [main] DEBUG org.hibernate.orm.results.loading.entity - (EntityResultInitializer) Hydrated EntityKey (org.frcpm.models.Project(959664541631100)): 1
10:24:08.259 [main] DEBUG org.hibernate.orm.results.loading.org.hibernate.orm.results.loading.collection - (DelayedCollectionInitializer) Current row collection key : org.frcpm.models.Project(959664541631100).meetings#1
10:24:08.259 [main] DEBUG org.hibernate.orm.results.loading.org.hibernate.orm.results.loading.collection - (DelayedCollectionInitializer) Current row collection key : org.frcpm.models.Project(959664541631100).milestones#1
10:24:08.259 [main] DEBUG org.hibernate.orm.results.loading.org.hibernate.orm.results.loading.collection - (DelayedCollectionInitializer) Current row collection key : org.frcpm.models.Project(959664541631100).tasks#1
10:24:08.259 [main] DEBUG org.hibernate.orm.results.loading.entity - (EntityResultInitializer) Created new entity instance [org.frcpm.models.Project(959664541631100)#1] : 1839224920
10:24:08.259 [main] DEBUG org.hibernate.orm.results - Extracted JDBC value [1] - [Competition robot for the 2025 FIRST Robotics Competition]
10:24:08.259 [main] DEBUG org.hibernate.orm.results - Extracted JDBC value [2] - [2025-06-12]
10:24:08.259 [main] DEBUG org.hibernate.orm.results - Extracted JDBC value [3] - [2025-06-26]
10:24:08.259 [main] DEBUG org.hibernate.orm.results - Extracted JDBC value [4] - [FRC 2025 Robot]
10:24:08.259 [main] DEBUG org.hibernate.orm.results - Extracted JDBC value [5] - [2025-05-01]
10:24:08.259 [main] DEBUG org.hibernate.orm.results.loading.entity - (EntityResultInitializer) Done materializing entityInstance : org.frcpm.models.Project(959664541631100)#1
10:24:08.260 [main] DEBUG org.hibernate.orm.results.loading - Calling top-level assembler (0 / 1) : org.hibernate.sql.results.graph.entity.internal.EntityAssembler@c382f4f
10:24:08.260 [main] DEBUG org.hibernate.orm.results - Extracted JDBC value [0] - [51]
10:24:08.260 [main] DEBUG org.hibernate.orm.results.loading.entity - (EntityResultInitializer) Hydrated EntityKey (org.frcpm.models.Project(959664541631100)): 51
10:24:08.260 [main] DEBUG org.hibernate.orm.results.loading.org.hibernate.orm.results.loading.collection - (DelayedCollectionInitializer) Current row collection key : org.frcpm.models.Project(959664541631100).meetings#51
10:24:08.260 [main] DEBUG org.hibernate.orm.results.loading.org.hibernate.orm.results.loading.collection - (DelayedCollectionInitializer) Current row collection key : org.frcpm.models.Project(959664541631100).milestones#51
10:24:08.260 [main] DEBUG org.hibernate.orm.results.loading.org.hibernate.orm.results.loading.collection - (DelayedCollectionInitializer) Current row collection key : org.frcpm.models.Project(959664541631100).tasks#51
10:24:08.260 [main] DEBUG org.hibernate.orm.results.loading.entity - (EntityResultInitializer) Created new entity instance [org.frcpm.models.Project(959664541631100)#51] : 1455299337
10:24:08.261 [main] DEBUG org.hibernate.orm.results - Extracted JDBC value [1] - [null]
10:24:08.261 [main] DEBUG org.hibernate.orm.results - Extracted JDBC value [2] - [2025-05-23]
10:24:08.261 [main] DEBUG org.hibernate.orm.results - Extracted JDBC value [3] - [2025-06-06]
10:24:08.261 [main] DEBUG org.hibernate.orm.results - Extracted JDBC value [4] - [Test Count Project]
10:24:08.261 [main] DEBUG org.hibernate.orm.results - Extracted JDBC value [5] - [2025-04-25]
10:24:08.262 [main] DEBUG org.hibernate.orm.results.loading.entity - (EntityResultInitializer) Done materializing entityInstance : org.frcpm.models.Project(959664541631100)#51
10:24:08.262 [main] DEBUG org.hibernate.orm.results.loading - Calling top-level assembler (0 / 1) : org.hibernate.sql.results.graph.entity.internal.EntityAssembler@c382f4f
10:24:08.262 [main] DEBUG org.hibernate.orm.results - Extracted JDBC value [0] - [54]
10:24:08.262 [main] DEBUG org.hibernate.orm.results.loading.entity - (EntityResultInitializer) Hydrated EntityKey (org.frcpm.models.Project(959664541631100)): 54
10:24:08.262 [main] DEBUG org.hibernate.orm.results.loading.org.hibernate.orm.results.loading.collection - (DelayedCollectionInitializer) Current row collection key : org.frcpm.models.Project(959664541631100).meetings#54
10:24:08.262 [main] DEBUG org.hibernate.orm.results.loading.org.hibernate.orm.results.loading.collection - (DelayedCollectionInitializer) Current row collection key : org.frcpm.models.Project(959664541631100).milestones#54
10:24:08.262 [main] DEBUG org.hibernate.orm.results.loading.org.hibernate.orm.results.loading.collection - (DelayedCollectionInitializer) Current row collection key : org.frcpm.models.Project(959664541631100).tasks#54
10:24:08.262 [main] DEBUG org.hibernate.orm.results.loading.entity - (EntityResultInitializer) Created new entity instance [org.frcpm.models.Project(959664541631100)#54] : 993304233
10:24:08.262 [main] DEBUG org.hibernate.orm.results - Extracted JDBC value [1] - [Test save description]
10:24:08.262 [main] DEBUG org.hibernate.orm.results - Extracted JDBC value [2] - [2025-05-23]
10:24:08.262 [main] DEBUG org.hibernate.orm.results - Extracted JDBC value [3] - [2025-06-06]
10:24:08.262 [main] DEBUG org.hibernate.orm.results - Extracted JDBC value [4] - [Test Save Project]
10:24:08.262 [main] DEBUG org.hibernate.orm.results - Extracted JDBC value [5] - [2025-04-25]
10:24:08.263 [main] DEBUG org.hibernate.orm.results.loading.entity - (EntityResultInitializer) Done materializing entityInstance : org.frcpm.models.Project(959664541631100)#54
10:24:08.263 [main] DEBUG org.hibernate.orm.results.loading - Calling top-level assembler (0 / 1) : org.hibernate.sql.results.graph.entity.internal.EntityAssembler@c382f4f
10:24:08.263 [main] DEBUG org.hibernate.orm.results - Extracted JDBC value [0] - [69]
10:24:08.263 [main] DEBUG org.hibernate.orm.results.loading.entity - (EntityResultInitializer) Hydrated EntityKey (org.frcpm.models.Project(959664541631100)): 69
10:24:08.263 [main] DEBUG org.hibernate.orm.results.loading.org.hibernate.orm.results.loading.collection - (DelayedCollectionInitializer) Current row collection key : org.frcpm.models.Project(959664541631100).meetings#69
10:24:08.263 [main] DEBUG org.hibernate.orm.results.loading.org.hibernate.orm.results.loading.collection - (DelayedCollectionInitializer) Current row collection key : org.frcpm.models.Project(959664541631100).milestones#69
10:24:08.263 [main] DEBUG org.hibernate.orm.results.loading.org.hibernate.orm.results.loading.collection - (DelayedCollectionInitializer) Current row collection key : org.frcpm.models.Project(959664541631100).tasks#69
10:24:08.263 [main] DEBUG org.hibernate.orm.results.loading.entity - (EntityResultInitializer) Created new entity instance [org.frcpm.models.Project(959664541631100)#69] : 1860691458
10:24:08.263 [main] DEBUG org.hibernate.orm.results - Extracted JDBC value [1] - [null]
10:24:08.263 [main] DEBUG org.hibernate.orm.results - Extracted JDBC value [2] - [2025-05-23]
10:24:08.263 [main] DEBUG org.hibernate.orm.results - Extracted JDBC value [3] - [2025-06-06]
10:24:08.263 [main] DEBUG org.hibernate.orm.results - Extracted JDBC value [4] - [Updated Project Name]
10:24:08.263 [main] DEBUG org.hibernate.orm.results - Extracted JDBC value [5] - [2025-04-25]
10:24:08.263 [main] DEBUG org.hibernate.orm.results.loading.entity - (EntityResultInitializer) Done materializing entityInstance : org.frcpm.models.Project(959664541631100)#69
10:24:08.263 [main] DEBUG org.hibernate.orm.results.loading - Calling top-level assembler (0 / 1) : org.hibernate.sql.results.graph.entity.internal.EntityAssembler@c382f4f
10:24:08.263 [main] DEBUG org.hibernate.orm.results - Extracted JDBC value [0] - [70]
10:24:08.263 [main] DEBUG org.hibernate.orm.results.loading.entity - (EntityResultInitializer) Hydrated EntityKey (org.frcpm.models.Project(959664541631100)): 70
10:24:08.263 [main] DEBUG org.hibernate.orm.results.loading.org.hibernate.orm.results.loading.collection - (DelayedCollectionInitializer) Current row collection key : org.frcpm.models.Project(959664541631100).meetings#70
10:24:08.263 [main] DEBUG org.hibernate.orm.results.loading.org.hibernate.orm.results.loading.collection - (DelayedCollectionInitializer) Current row collection key : org.frcpm.models.Project(959664541631100).milestones#70
10:24:08.263 [main] DEBUG org.hibernate.orm.results.loading.org.hibernate.orm.results.loading.collection - (DelayedCollectionInitializer) Current row collection key : org.frcpm.models.Project(959664541631100).tasks#70
10:24:08.263 [main] DEBUG org.hibernate.orm.results.loading.entity - (EntityResultInitializer) Created new entity instance [org.frcpm.models.Project(959664541631100)#70] : 1842195698
10:24:08.264 [main] DEBUG org.hibernate.orm.results - Extracted JDBC value [1] - [null]
10:24:08.264 [main] DEBUG org.hibernate.orm.results - Extracted JDBC value [2] - [2025-06-06]
10:24:08.264 [main] DEBUG org.hibernate.orm.results - Extracted JDBC value [3] - [2025-06-20]
10:24:08.264 [main] DEBUG org.hibernate.orm.results - Extracted JDBC value [4] - [Test Task Project]
10:24:08.264 [main] DEBUG org.hibernate.orm.results - Extracted JDBC value [5] - [2025-04-25]
10:24:08.264 [main] DEBUG org.hibernate.orm.results.loading.entity - (EntityResultInitializer) Done materializing entityInstance : org.frcpm.models.Project(959664541631100)#70
10:24:08.264 [main] DEBUG org.hibernate.orm.results.loading - Calling top-level assembler (0 / 1) : org.hibernate.sql.results.graph.entity.internal.EntityAssembler@c382f4f
10:24:08.265 [main] DEBUG org.hibernate.orm.results - Extracted JDBC value [0] - [71]
10:24:08.266 [main] DEBUG org.hibernate.orm.results.loading.entity - (EntityResultInitializer) Hydrated EntityKey (org.frcpm.models.Project(959664541631100)): 71
10:24:08.266 [main] DEBUG org.hibernate.orm.results.loading.org.hibernate.orm.results.loading.collection - (DelayedCollectionInitializer) Current row collection key : org.frcpm.models.Project(959664541631100).meetings#71
10:24:08.266 [main] DEBUG org.hibernate.orm.results.loading.org.hibernate.orm.results.loading.collection - (DelayedCollectionInitializer) Current row collection key : org.frcpm.models.Project(959664541631100).milestones#71
10:24:08.266 [main] DEBUG org.hibernate.orm.results.loading.org.hibernate.orm.results.loading.collection - (DelayedCollectionInitializer) Current row collection key : org.frcpm.models.Project(959664541631100).tasks#71
10:24:08.266 [main] DEBUG org.hibernate.orm.results.loading.entity - (EntityResultInitializer) Created new entity instance [org.frcpm.models.Project(959664541631100)#71] : 1427442020
10:24:08.267 [main] DEBUG org.hibernate.orm.results - Extracted JDBC value [1] - [null]
10:24:08.268 [main] DEBUG org.hibernate.orm.results - Extracted JDBC value [2] - [2025-06-06]
10:24:08.268 [main] DEBUG org.hibernate.orm.results - Extracted JDBC value [3] - [2025-06-20]
10:24:08.269 [main] DEBUG org.hibernate.orm.results - Extracted JDBC value [4] - [Test Task Project]
10:24:08.269 [main] DEBUG org.hibernate.orm.results - Extracted JDBC value [5] - [2025-04-25]
10:24:08.270 [main] DEBUG org.hibernate.orm.results.loading.entity - (EntityResultInitializer) Done materializing entityInstance : org.frcpm.models.Project(959664541631100)#71
10:24:08.270 [main] DEBUG org.hibernate.orm.results.loading - Calling top-level assembler (0 / 1) : org.hibernate.sql.results.graph.entity.internal.EntityAssembler@c382f4f
10:24:08.270 [main] DEBUG org.hibernate.orm.results - Extracted JDBC value [0] - [72]
10:24:08.270 [main] DEBUG org.hibernate.orm.results.loading.entity - (EntityResultInitializer) Hydrated EntityKey (org.frcpm.models.Project(959664541631100)): 72
10:24:08.270 [main] DEBUG org.hibernate.orm.results.loading.org.hibernate.orm.results.loading.collection - (DelayedCollectionInitializer) Current row collection key : org.frcpm.models.Project(959664541631100).meetings#72
10:24:08.271 [main] DEBUG org.hibernate.orm.results.loading.org.hibernate.orm.results.loading.collection - (DelayedCollectionInitializer) Current row collection key : org.frcpm.models.Project(959664541631100).milestones#72
10:24:08.271 [main] DEBUG org.hibernate.orm.results.loading.org.hibernate.orm.results.loading.collection - (DelayedCollectionInitializer) Current row collection key : org.frcpm.models.Project(959664541631100).tasks#72
10:24:08.271 [main] DEBUG org.hibernate.orm.results.loading.entity - (EntityResultInitializer) Created new entity instance [org.frcpm.models.Project(959664541631100)#72] : 548845848
10:24:08.271 [main] DEBUG org.hibernate.orm.results - Extracted JDBC value [1] - [null]
10:24:08.272 [main] DEBUG org.hibernate.orm.results - Extracted JDBC value [2] - [2025-06-06]
10:24:08.272 [main] DEBUG org.hibernate.orm.results - Extracted JDBC value [3] - [2025-06-20]
10:24:08.272 [main] DEBUG org.hibernate.orm.results - Extracted JDBC value [4] - [Test Task Project]
10:24:08.272 [main] DEBUG org.hibernate.orm.results - Extracted JDBC value [5] - [2025-04-25]
10:24:08.272 [main] DEBUG org.hibernate.orm.results.loading.entity - (EntityResultInitializer) Done materializing entityInstance : org.frcpm.models.Project(959664541631100)#72
10:24:08.272 [main] DEBUG org.hibernate.orm.results.loading - Calling top-level assembler (0 / 1) : org.hibernate.sql.results.graph.entity.internal.EntityAssembler@c382f4f
10:24:08.272 [main] DEBUG org.hibernate.orm.results - Extracted JDBC value [0] - [73]
10:24:08.272 [main] DEBUG org.hibernate.orm.results.loading.entity - (EntityResultInitializer) Hydrated EntityKey (org.frcpm.models.Project(959664541631100)): 73
10:24:08.273 [main] DEBUG org.hibernate.orm.results.loading.org.hibernate.orm.results.loading.collection - (DelayedCollectionInitializer) Current row collection key : org.frcpm.models.Project(959664541631100).meetings#73
10:24:08.273 [main] DEBUG org.hibernate.orm.results.loading.org.hibernate.orm.results.loading.collection - (DelayedCollectionInitializer) Current row collection key : org.frcpm.models.Project(959664541631100).milestones#73
10:24:08.273 [main] DEBUG org.hibernate.orm.results.loading.org.hibernate.orm.results.loading.collection - (DelayedCollectionInitializer) Current row collection key : org.frcpm.models.Project(959664541631100).tasks#73
10:24:08.273 [main] DEBUG org.hibernate.orm.results.loading.entity - (EntityResultInitializer) Created new entity instance [org.frcpm.models.Project(959664541631100)#73] : 1418164690
10:24:08.273 [main] DEBUG org.hibernate.orm.results - Extracted JDBC value [1] - [null]
10:24:08.273 [main] DEBUG org.hibernate.orm.results - Extracted JDBC value [2] - [2025-06-06]
10:24:08.273 [main] DEBUG org.hibernate.orm.results - Extracted JDBC value [3] - [2025-06-20]
10:24:08.273 [main] DEBUG org.hibernate.orm.results - Extracted JDBC value [4] - [Test Task Project]
10:24:08.273 [main] DEBUG org.hibernate.orm.results - Extracted JDBC value [5] - [2025-04-25]
10:24:08.273 [main] DEBUG org.hibernate.orm.results.loading.entity - (EntityResultInitializer) Done materializing entityInstance : org.frcpm.models.Project(959664541631100)#73
10:24:08.273 [main] DEBUG org.hibernate.orm.results.loading - Calling top-level assembler (0 / 1) : org.hibernate.sql.results.graph.entity.internal.EntityAssembler@c382f4f
10:24:08.273 [main] DEBUG org.hibernate.orm.results - Extracted JDBC value [0] - [74]
10:24:08.273 [main] DEBUG org.hibernate.orm.results.loading.entity - (EntityResultInitializer) Hydrated EntityKey (org.frcpm.models.Project(959664541631100)): 74
10:24:08.273 [main] DEBUG org.hibernate.orm.results.loading.org.hibernate.orm.results.loading.collection - (DelayedCollectionInitializer) Current row collection key : org.frcpm.models.Project(959664541631100).meetings#74
10:24:08.273 [main] DEBUG org.hibernate.orm.results.loading.org.hibernate.orm.results.loading.collection - (DelayedCollectionInitializer) Current row collection key : org.frcpm.models.Project(959664541631100).milestones#74
10:24:08.273 [main] DEBUG org.hibernate.orm.results.loading.org.hibernate.orm.results.loading.collection - (DelayedCollectionInitializer) Current row collection key : org.frcpm.models.Project(959664541631100).tasks#74
10:24:08.274 [main] DEBUG org.hibernate.orm.results.loading.entity - (EntityResultInitializer) Created new entity instance [org.frcpm.models.Project(959664541631100)#74] : 1686281750
10:24:08.274 [main] DEBUG org.hibernate.orm.results - Extracted JDBC value [1] - [null]
10:24:08.274 [main] DEBUG org.hibernate.orm.results - Extracted JDBC value [2] - [2025-06-06]
10:24:08.274 [main] DEBUG org.hibernate.orm.results - Extracted JDBC value [3] - [2025-06-20]
10:24:08.274 [main] DEBUG org.hibernate.orm.results - Extracted JDBC value [4] - [Test Task Project]
10:24:08.274 [main] DEBUG org.hibernate.orm.results - Extracted JDBC value [5] - [2025-04-25]
10:24:08.274 [main] DEBUG org.hibernate.orm.results.loading.entity - (EntityResultInitializer) Done materializing entityInstance : org.frcpm.models.Project(959664541631100)#74
10:24:08.274 [main] DEBUG org.hibernate.orm.results.loading - Calling top-level assembler (0 / 1) : org.hibernate.sql.results.graph.entity.internal.EntityAssembler@c382f4f
10:24:08.274 [main] DEBUG org.hibernate.orm.results - Extracted JDBC value [0] - [75]
10:24:08.274 [main] DEBUG org.hibernate.orm.results.loading.entity - (EntityResultInitializer) Hydrated EntityKey (org.frcpm.models.Project(959664541631100)): 75
10:24:08.274 [main] DEBUG org.hibernate.orm.results.loading.org.hibernate.orm.results.loading.collection - (DelayedCollectionInitializer) Current row collection key : org.frcpm.models.Project(959664541631100).meetings#75
10:24:08.274 [main] DEBUG org.hibernate.orm.results.loading.org.hibernate.orm.results.loading.collection - (DelayedCollectionInitializer) Current row collection key : org.frcpm.models.Project(959664541631100).milestones#75
10:24:08.274 [main] DEBUG org.hibernate.orm.results.loading.org.hibernate.orm.results.loading.collection - (DelayedCollectionInitializer) Current row collection key : org.frcpm.models.Project(959664541631100).tasks#75
10:24:08.274 [main] DEBUG org.hibernate.orm.results.loading.entity - (EntityResultInitializer) Created new entity instance [org.frcpm.models.Project(959664541631100)#75] : 79419809
10:24:08.274 [main] DEBUG org.hibernate.orm.results - Extracted JDBC value [1] - [null]
10:24:08.274 [main] DEBUG org.hibernate.orm.results - Extracted JDBC value [2] - [2025-06-06]
10:24:08.275 [main] DEBUG org.hibernate.orm.results - Extracted JDBC value [3] - [2025-06-20]
10:24:08.275 [main] DEBUG org.hibernate.orm.results - Extracted JDBC value [4] - [Test Task Project]
10:24:08.275 [main] DEBUG org.hibernate.orm.results - Extracted JDBC value [5] - [2025-04-25]
10:24:08.275 [main] DEBUG org.hibernate.orm.results.loading.entity - (EntityResultInitializer) Done materializing entityInstance : org.frcpm.models.Project(959664541631100)#75
10:24:08.275 [main] DEBUG org.hibernate.orm.results.loading - Calling top-level assembler (0 / 1) : org.hibernate.sql.results.graph.entity.internal.EntityAssembler@c382f4f
10:24:08.275 [main] DEBUG org.hibernate.orm.results - Extracted JDBC value [0] - [76]
10:24:08.275 [main] DEBUG org.hibernate.orm.results.loading.entity - (EntityResultInitializer) Hydrated EntityKey (org.frcpm.models.Project(959664541631100)): 76
10:24:08.275 [main] DEBUG org.hibernate.orm.results.loading.org.hibernate.orm.results.loading.collection - (DelayedCollectionInitializer) Current row collection key : org.frcpm.models.Project(959664541631100).meetings#76
10:24:08.275 [main] DEBUG org.hibernate.orm.results.loading.org.hibernate.orm.results.loading.collection - (DelayedCollectionInitializer) Current row collection key : org.frcpm.models.Project(959664541631100).milestones#76
10:24:08.275 [main] DEBUG org.hibernate.orm.results.loading.org.hibernate.orm.results.loading.collection - (DelayedCollectionInitializer) Current row collection key : org.frcpm.models.Project(959664541631100).tasks#76
10:24:08.275 [main] DEBUG org.hibernate.orm.results.loading.entity - (EntityResultInitializer) Created new entity instance [org.frcpm.models.Project(959664541631100)#76] : 574841310
10:24:08.275 [main] DEBUG org.hibernate.orm.results - Extracted JDBC value [1] - [null]
10:24:08.275 [main] DEBUG org.hibernate.orm.results - Extracted JDBC value [2] - [2025-06-06]
10:24:08.275 [main] DEBUG org.hibernate.orm.results - Extracted JDBC value [3] - [2025-06-20]
10:24:08.275 [main] DEBUG org.hibernate.orm.results - Extracted JDBC value [4] - [Test Task Project]
10:24:08.275 [main] DEBUG org.hibernate.orm.results - Extracted JDBC value [5] - [2025-04-25]
10:24:08.275 [main] DEBUG org.hibernate.orm.results.loading.entity - (EntityResultInitializer) Done materializing entityInstance : org.frcpm.models.Project(959664541631100)#76
10:24:08.275 [main] DEBUG org.hibernate.orm.results.loading - Calling top-level assembler (0 / 1) : org.hibernate.sql.results.graph.entity.internal.EntityAssembler@c382f4f
10:24:08.276 [main] DEBUG org.hibernate.orm.results - Extracted JDBC value [0] - [77]
10:24:08.276 [main] DEBUG org.hibernate.orm.results.loading.entity - (EntityResultInitializer) Hydrated EntityKey (org.frcpm.models.Project(959664541631100)): 77
10:24:08.276 [main] DEBUG org.hibernate.orm.results.loading.org.hibernate.orm.results.loading.collection - (DelayedCollectionInitializer) Current row collection key : org.frcpm.models.Project(959664541631100).meetings#77
10:24:08.276 [main] DEBUG org.hibernate.orm.results.loading.org.hibernate.orm.results.loading.collection - (DelayedCollectionInitializer) Current row collection key : org.frcpm.models.Project(959664541631100).milestones#77
10:24:08.276 [main] DEBUG org.hibernate.orm.results.loading.org.hibernate.orm.results.loading.collection - (DelayedCollectionInitializer) Current row collection key : org.frcpm.models.Project(959664541631100).tasks#77
10:24:08.276 [main] DEBUG org.hibernate.orm.results.loading.entity - (EntityResultInitializer) Created new entity instance [org.frcpm.models.Project(959664541631100)#77] : 567612461
10:24:08.276 [main] DEBUG org.hibernate.orm.results - Extracted JDBC value [1] - [null]
10:24:08.276 [main] DEBUG org.hibernate.orm.results - Extracted JDBC value [2] - [2025-06-06]
10:24:08.276 [main] DEBUG org.hibernate.orm.results - Extracted JDBC value [3] - [2025-06-20]
10:24:08.276 [main] DEBUG org.hibernate.orm.results - Extracted JDBC value [4] - [Test Task Project]
10:24:08.276 [main] DEBUG org.hibernate.orm.results - Extracted JDBC value [5] - [2025-04-25]
10:24:08.276 [main] DEBUG org.hibernate.orm.results.loading.entity - (EntityResultInitializer) Done materializing entityInstance : org.frcpm.models.Project(959664541631100)#77
10:24:08.276 [main] DEBUG org.hibernate.orm.results.loading - Calling top-level assembler (0 / 1) : org.hibernate.sql.results.graph.entity.internal.EntityAssembler@c382f4f
10:24:08.276 [main] DEBUG org.hibernate.orm.results - Extracted JDBC value [0] - [78]
10:24:08.276 [main] DEBUG org.hibernate.orm.results.loading.entity - (EntityResultInitializer) Hydrated EntityKey (org.frcpm.models.Project(959664541631100)): 78
10:24:08.276 [main] DEBUG org.hibernate.orm.results.loading.org.hibernate.orm.results.loading.collection - (DelayedCollectionInitializer) Current row collection key : org.frcpm.models.Project(959664541631100).meetings#78
10:24:08.276 [main] DEBUG org.hibernate.orm.results.loading.org.hibernate.orm.results.loading.collection - (DelayedCollectionInitializer) Current row collection key : org.frcpm.models.Project(959664541631100).milestones#78
10:24:08.276 [main] DEBUG org.hibernate.orm.results.loading.org.hibernate.orm.results.loading.collection - (DelayedCollectionInitializer) Current row collection key : org.frcpm.models.Project(959664541631100).tasks#78
10:24:08.276 [main] DEBUG org.hibernate.orm.results.loading.entity - (EntityResultInitializer) Created new entity instance [org.frcpm.models.Project(959664541631100)#78] : 1032694234
10:24:08.276 [main] DEBUG org.hibernate.orm.results - Extracted JDBC value [1] - [null]
10:24:08.276 [main] DEBUG org.hibernate.orm.results - Extracted JDBC value [2] - [2025-06-06]
10:24:08.276 [main] DEBUG org.hibernate.orm.results - Extracted JDBC value [3] - [2025-06-20]
10:24:08.276 [main] DEBUG org.hibernate.orm.results - Extracted JDBC value [4] - [Test Task Project]
10:24:08.277 [main] DEBUG org.hibernate.orm.results - Extracted JDBC value [5] - [2025-04-25]
10:24:08.277 [main] DEBUG org.hibernate.orm.results.loading.entity - (EntityResultInitializer) Done materializing entityInstance : org.frcpm.models.Project(959664541631100)#78
10:24:08.277 [main] DEBUG org.hibernate.orm.results.loading - Calling top-level assembler (0 / 1) : org.hibernate.sql.results.graph.entity.internal.EntityAssembler@c382f4f
10:24:08.277 [main] DEBUG org.hibernate.orm.results - Extracted JDBC value [0] - [79]
10:24:08.277 [main] DEBUG org.hibernate.orm.results.loading.entity - (EntityResultInitializer) Hydrated EntityKey (org.frcpm.models.Project(959664541631100)): 79
10:24:08.277 [main] DEBUG org.hibernate.orm.results.loading.org.hibernate.orm.results.loading.collection - (DelayedCollectionInitializer) Current row collection key : org.frcpm.models.Project(959664541631100).meetings#79
10:24:08.277 [main] DEBUG org.hibernate.orm.results.loading.org.hibernate.orm.results.loading.collection - (DelayedCollectionInitializer) Current row collection key : org.frcpm.models.Project(959664541631100).milestones#79
10:24:08.277 [main] DEBUG org.hibernate.orm.results.loading.org.hibernate.orm.results.loading.collection - (DelayedCollectionInitializer) Current row collection key : org.frcpm.models.Project(959664541631100).tasks#79
10:24:08.277 [main] DEBUG org.hibernate.orm.results.loading.entity - (EntityResultInitializer) Created new entity instance [org.frcpm.models.Project(959664541631100)#79] : 223207739
10:24:08.277 [main] DEBUG org.hibernate.orm.results - Extracted JDBC value [1] - [null]
10:24:08.277 [main] DEBUG org.hibernate.orm.results - Extracted JDBC value [2] - [2025-06-06]
10:24:08.277 [main] DEBUG org.hibernate.orm.results - Extracted JDBC value [3] - [2025-06-20]
10:24:08.277 [main] DEBUG org.hibernate.orm.results - Extracted JDBC value [4] - [Test Task Project]
10:24:08.277 [main] DEBUG org.hibernate.orm.results - Extracted JDBC value [5] - [2025-04-25]
10:24:08.277 [main] DEBUG org.hibernate.orm.results.loading.entity - (EntityResultInitializer) Done materializing entityInstance : org.frcpm.models.Project(959664541631100)#79
10:24:08.277 [main] DEBUG org.hibernate.orm.results.loading - Calling top-level assembler (0 / 1) : org.hibernate.sql.results.graph.entity.internal.EntityAssembler@c382f4f
10:24:08.277 [main] DEBUG org.hibernate.orm.results - Extracted JDBC value [0] - [80]
10:24:08.277 [main] DEBUG org.hibernate.orm.results.loading.entity - (EntityResultInitializer) Hydrated EntityKey (org.frcpm.models.Project(959664541631100)): 80
10:24:08.277 [main] DEBUG org.hibernate.orm.results.loading.org.hibernate.orm.results.loading.collection - (DelayedCollectionInitializer) Current row collection key : org.frcpm.models.Project(959664541631100).meetings#80
10:24:08.277 [main] DEBUG org.hibernate.orm.results.loading.org.hibernate.orm.results.loading.collection - (DelayedCollectionInitializer) Current row collection key : org.frcpm.models.Project(959664541631100).milestones#80
10:24:08.277 [main] DEBUG org.hibernate.orm.results.loading.org.hibernate.orm.results.loading.collection - (DelayedCollectionInitializer) Current row collection key : org.frcpm.models.Project(959664541631100).tasks#80
10:24:08.277 [main] DEBUG org.hibernate.orm.results.loading.entity - (EntityResultInitializer) Created new entity instance [org.frcpm.models.Project(959664541631100)#80] : 1760872424
10:24:08.277 [main] DEBUG org.hibernate.orm.results - Extracted JDBC value [1] - [null]
10:24:08.277 [main] DEBUG org.hibernate.orm.results - Extracted JDBC value [2] - [2025-06-06]
10:24:08.277 [main] DEBUG org.hibernate.orm.results - Extracted JDBC value [3] - [2025-06-20]
10:24:08.277 [main] DEBUG org.hibernate.orm.results - Extracted JDBC value [4] - [Test Task Project]
10:24:08.277 [main] DEBUG org.hibernate.orm.results - Extracted JDBC value [5] - [2025-04-25]
10:24:08.277 [main] DEBUG org.hibernate.orm.results.loading.entity - (EntityResultInitializer) Done materializing entityInstance : org.frcpm.models.Project(959664541631100)#80
10:24:08.277 [main] DEBUG org.hibernate.orm.results.loading - Calling top-level assembler (0 / 1) : org.hibernate.sql.results.graph.entity.internal.EntityAssembler@c382f4f
10:24:08.277 [main] DEBUG org.hibernate.orm.results - Extracted JDBC value [0] - [81]
10:24:08.277 [main] DEBUG org.hibernate.orm.results.loading.entity - (EntityResultInitializer) Hydrated EntityKey (org.frcpm.models.Project(959664541631100)): 81
10:24:08.277 [main] DEBUG org.hibernate.orm.results.loading.org.hibernate.orm.results.loading.collection - (DelayedCollectionInitializer) Current row collection key : org.frcpm.models.Project(959664541631100).meetings#81
10:24:08.277 [main] DEBUG org.hibernate.orm.results.loading.org.hibernate.orm.results.loading.collection - (DelayedCollectionInitializer) Current row collection key : org.frcpm.models.Project(959664541631100).milestones#81
10:24:08.277 [main] DEBUG org.hibernate.orm.results.loading.org.hibernate.orm.results.loading.collection - (DelayedCollectionInitializer) Current row collection key : org.frcpm.models.Project(959664541631100).tasks#81
10:24:08.277 [main] DEBUG org.hibernate.orm.results.loading.entity - (EntityResultInitializer) Created new entity instance [org.frcpm.models.Project(959664541631100)#81] : 1500787067
10:24:08.277 [main] DEBUG org.hibernate.orm.results - Extracted JDBC value [1] - [null]
10:24:08.277 [main] DEBUG org.hibernate.orm.results - Extracted JDBC value [2] - [2025-06-06]
10:24:08.277 [main] DEBUG org.hibernate.orm.results - Extracted JDBC value [3] - [2025-06-20]
10:24:08.277 [main] DEBUG org.hibernate.orm.results - Extracted JDBC value [4] - [Test Task Project]
10:24:08.277 [main] DEBUG org.hibernate.orm.results - Extracted JDBC value [5] - [2025-04-25]
10:24:08.278 [main] DEBUG org.hibernate.orm.results.loading.entity - (EntityResultInitializer) Done materializing entityInstance : org.frcpm.models.Project(959664541631100)#81
10:24:08.278 [main] DEBUG org.hibernate.orm.results.loading - Calling top-level assembler (0 / 1) : org.hibernate.sql.results.graph.entity.internal.EntityAssembler@c382f4f
10:24:08.278 [main] DEBUG org.hibernate.orm.results - Extracted JDBC value [0] - [82]
10:24:08.278 [main] DEBUG org.hibernate.orm.results.loading.entity - (EntityResultInitializer) Hydrated EntityKey (org.frcpm.models.Project(959664541631100)): 82
10:24:08.278 [main] DEBUG org.hibernate.orm.results.loading.org.hibernate.orm.results.loading.collection - (DelayedCollectionInitializer) Current row collection key : org.frcpm.models.Project(959664541631100).meetings#82
10:24:08.278 [main] DEBUG org.hibernate.orm.results.loading.org.hibernate.orm.results.loading.collection - (DelayedCollectionInitializer) Current row collection key : org.frcpm.models.Project(959664541631100).milestones#82
10:24:08.278 [main] DEBUG org.hibernate.orm.results.loading.org.hibernate.orm.results.loading.collection - (DelayedCollectionInitializer) Current row collection key : org.frcpm.models.Project(959664541631100).tasks#82
10:24:08.278 [main] DEBUG org.hibernate.orm.results.loading.entity - (EntityResultInitializer) Created new entity instance [org.frcpm.models.Project(959664541631100)#82] : 549202944
10:24:08.278 [main] DEBUG org.hibernate.orm.results - Extracted JDBC value [1] - [null]
10:24:08.278 [main] DEBUG org.hibernate.orm.results - Extracted JDBC value [2] - [2025-06-06]
10:24:08.278 [main] DEBUG org.hibernate.orm.results - Extracted JDBC value [3] - [2025-06-20]
10:24:08.278 [main] DEBUG org.hibernate.orm.results - Extracted JDBC value [4] - [Test Task Project]
10:24:08.278 [main] DEBUG org.hibernate.orm.results - Extracted JDBC value [5] - [2025-04-25]
10:24:08.278 [main] DEBUG org.hibernate.orm.results.loading.entity - (EntityResultInitializer) Done materializing entityInstance : org.frcpm.models.Project(959664541631100)#82
10:24:08.278 [main] DEBUG org.hibernate.orm.results.loading - Calling top-level assembler (0 / 1) : org.hibernate.sql.results.graph.entity.internal.EntityAssembler@c382f4f
10:24:08.278 [main] DEBUG org.hibernate.orm.results - Extracted JDBC value [0] - [104]
10:24:08.278 [main] DEBUG org.hibernate.orm.results.loading.entity - (EntityResultInitializer) Hydrated EntityKey (org.frcpm.models.Project(959664541631100)): 104
10:24:08.278 [main] DEBUG org.hibernate.orm.results.loading.org.hibernate.orm.results.loading.collection - (DelayedCollectionInitializer) Current row collection key : org.frcpm.models.Project(959664541631100).meetings#104
10:24:08.278 [main] DEBUG org.hibernate.orm.results.loading.org.hibernate.orm.results.loading.collection - (DelayedCollectionInitializer) Current row collection key : org.frcpm.models.Project(959664541631100).milestones#104
10:24:08.278 [main] DEBUG org.hibernate.orm.results.loading.org.hibernate.orm.results.loading.collection - (DelayedCollectionInitializer) Current row collection key : org.frcpm.models.Project(959664541631100).tasks#104
10:24:08.278 [main] DEBUG org.hibernate.orm.results.loading.entity - (EntityResultInitializer) Created new entity instance [org.frcpm.models.Project(959664541631100)#104] : 1648446240
10:24:08.278 [main] DEBUG org.hibernate.orm.results - Extracted JDBC value [1] - [null]
10:24:08.278 [main] DEBUG org.hibernate.orm.results - Extracted JDBC value [2] - [2025-06-06]
10:24:08.278 [main] DEBUG org.hibernate.orm.results - Extracted JDBC value [3] - [2025-06-20]
10:24:08.278 [main] DEBUG org.hibernate.orm.results - Extracted JDBC value [4] - [Component Test Project]
10:24:08.278 [main] DEBUG org.hibernate.orm.results - Extracted JDBC value [5] - [2025-04-25]
10:24:08.278 [main] DEBUG org.hibernate.orm.results.loading.entity - (EntityResultInitializer) Done materializing entityInstance : org.frcpm.models.Project(959664541631100)#104
10:24:08.278 [main] DEBUG org.hibernate.orm.results.loading - Calling top-level assembler (0 / 1) : org.hibernate.sql.results.graph.entity.internal.EntityAssembler@c382f4f
10:24:08.278 [main] DEBUG org.hibernate.orm.results - Extracted JDBC value [0] - [135]
10:24:08.278 [main] DEBUG org.hibernate.orm.results.loading.entity - (EntityResultInitializer) Hydrated EntityKey (org.frcpm.models.Project(959664541631100)): 135
10:24:08.278 [main] DEBUG org.hibernate.orm.results.loading.org.hibernate.orm.results.loading.collection - (DelayedCollectionInitializer) Current row collection key : org.frcpm.models.Project(959664541631100).meetings#135
10:24:08.279 [main] DEBUG org.hibernate.orm.results.loading.org.hibernate.orm.results.loading.collection - (DelayedCollectionInitializer) Current row collection key : org.frcpm.models.Project(959664541631100).milestones#135
10:24:08.279 [main] DEBUG org.hibernate.orm.results.loading.org.hibernate.orm.results.loading.collection - (DelayedCollectionInitializer) Current row collection key : org.frcpm.models.Project(959664541631100).tasks#135
10:24:08.279 [main] DEBUG org.hibernate.orm.results.loading.entity - (EntityResultInitializer) Created new entity instance [org.frcpm.models.Project(959664541631100)#135] : 1523863595
10:24:08.279 [main] DEBUG org.hibernate.orm.results - Extracted JDBC value [1] - [null]
10:24:08.279 [main] DEBUG org.hibernate.orm.results - Extracted JDBC value [2] - [2025-05-23]
10:24:08.279 [main] DEBUG org.hibernate.orm.results - Extracted JDBC value [3] - [2025-06-06]
10:24:08.279 [main] DEBUG org.hibernate.orm.results - Extracted JDBC value [4] - [Test Create Service Project]
10:24:08.279 [main] DEBUG org.hibernate.orm.results - Extracted JDBC value [5] - [2025-04-25]
10:24:08.279 [main] DEBUG org.hibernate.orm.results.loading.entity - (EntityResultInitializer) Done materializing entityInstance : org.frcpm.models.Project(959664541631100)#135
10:24:08.279 [main] DEBUG org.hibernate.orm.results.loading - Calling top-level assembler (0 / 1) : org.hibernate.sql.results.graph.entity.internal.EntityAssembler@c382f4f
10:24:08.279 [main] DEBUG org.hibernate.orm.results - Extracted JDBC value [0] - [142]
10:24:08.279 [main] DEBUG org.hibernate.orm.results.loading.entity - (EntityResultInitializer) Hydrated EntityKey (org.frcpm.models.Project(959664541631100)): 142
10:24:08.279 [main] DEBUG org.hibernate.orm.results.loading.org.hibernate.orm.results.loading.collection - (DelayedCollectionInitializer) Current row collection key : org.frcpm.models.Project(959664541631100).meetings#142
10:24:08.279 [main] DEBUG org.hibernate.orm.results.loading.org.hibernate.orm.results.loading.collection - (DelayedCollectionInitializer) Current row collection key : org.frcpm.models.Project(959664541631100).milestones#142
10:24:08.279 [main] DEBUG org.hibernate.orm.results.loading.org.hibernate.orm.results.loading.collection - (DelayedCollectionInitializer) Current row collection key : org.frcpm.models.Project(959664541631100).tasks#142
10:24:08.280 [main] DEBUG org.hibernate.orm.results.loading.entity - (EntityResultInitializer) Created new entity instance [org.frcpm.models.Project(959664541631100)#142] : 1771900858
10:24:08.280 [main] DEBUG org.hibernate.orm.results - Extracted JDBC value [1] - [Updated description]
10:24:08.280 [main] DEBUG org.hibernate.orm.results - Extracted JDBC value [2] - [2025-05-23]
10:24:08.280 [main] DEBUG org.hibernate.orm.results - Extracted JDBC value [3] - [2025-06-06]
10:24:08.280 [main] DEBUG org.hibernate.orm.results - Extracted JDBC value [4] - [Updated Service Project Name]
10:24:08.280 [main] DEBUG org.hibernate.orm.results - Extracted JDBC value [5] - [2025-04-25]
10:24:08.280 [main] DEBUG org.hibernate.orm.results.loading.entity - (EntityResultInitializer) Done materializing entityInstance : org.frcpm.models.Project(959664541631100)#142
10:24:08.280 [main] DEBUG org.hibernate.orm.results.loading - Calling top-level assembler (0 / 1) : org.hibernate.sql.results.graph.entity.internal.EntityAssembler@c382f4f
10:24:08.280 [main] DEBUG org.hibernate.orm.results - Extracted JDBC value [0] - [148]
10:24:08.280 [main] DEBUG org.hibernate.orm.results.loading.entity - (EntityResultInitializer) Hydrated EntityKey (org.frcpm.models.Project(959664541631100)): 148
10:24:08.280 [main] DEBUG org.hibernate.orm.results.loading.org.hibernate.orm.results.loading.collection - (DelayedCollectionInitializer) Current row collection key : org.frcpm.models.Project(959664541631100).meetings#148
10:24:08.280 [main] DEBUG org.hibernate.orm.results.loading.org.hibernate.orm.results.loading.collection - (DelayedCollectionInitializer) Current row collection key : org.frcpm.models.Project(959664541631100).milestones#148
10:24:08.280 [main] DEBUG org.hibernate.orm.results.loading.org.hibernate.orm.results.loading.collection - (DelayedCollectionInitializer) Current row collection key : org.frcpm.models.Project(959664541631100).tasks#148
10:24:08.280 [main] DEBUG org.hibernate.orm.results.loading.entity - (EntityResultInitializer) Created new entity instance [org.frcpm.models.Project(959664541631100)#148] : 942510884
10:24:08.280 [main] DEBUG org.hibernate.orm.results - Extracted JDBC value [1] - [null]
10:24:08.280 [main] DEBUG org.hibernate.orm.results - Extracted JDBC value [2] - [2025-05-23]
10:24:08.280 [main] DEBUG org.hibernate.orm.results - Extracted JDBC value [3] - [2025-06-06]
10:24:08.280 [main] DEBUG org.hibernate.orm.results - Extracted JDBC value [4] - [Test Summary Project]
10:24:08.280 [main] DEBUG org.hibernate.orm.results - Extracted JDBC value [5] - [2025-04-25]
10:24:08.280 [main] DEBUG org.hibernate.orm.results.loading.entity - (EntityResultInitializer) Done materializing entityInstance : org.frcpm.models.Project(959664541631100)#148
10:24:08.280 [main] DEBUG org.hibernate.orm.results.loading - Calling top-level assembler (0 / 1) : org.hibernate.sql.results.graph.entity.internal.EntityAssembler@c382f4f
10:24:08.280 [main] DEBUG org.hibernate.resource.jdbc.internal.LogicalConnectionManagedImpl - Initiating JDBC connection release from afterTransaction
10:24:08.280 [main] DEBUG org.hibernate.resource.jdbc.internal.LogicalConnectionManagedImpl - Initiating JDBC connection release from afterTransaction
]]></system-out>
    <system-err><![CDATA[Apr 25, 2025 10:24:08 AM org.frcpm.controllers.ProjectController setupBindings
WARNING: UI components not initialized - likely in test environment
Apr 25, 2025 10:24:08 AM org.frcpm.controllers.ProjectController handleEditTask
SEVERE: Error loading task dialog
java.io.IOException: Test exception
	at javafx.fxml.FXMLLoader.load(FXMLLoader.java:2531)
	at org.frcpm.controllers.ProjectController.handleEditTask(ProjectController.java:315)
	at org.frcpm.controllers.ProjectController.handleEditTask(ProjectController.java:308)
	at org.frcpm.controllers.ProjectControllerTest.testHandleEditTaskWithException(ProjectControllerTest.java:491)
	at java.base/jdk.internal.reflect.DirectMethodHandleAccessor.invoke(DirectMethodHandleAccessor.java:103)
	at java.base/java.lang.reflect.Method.invoke(Method.java:580)
	at org.junit.platform.commons.util.ReflectionUtils.invokeMethod(ReflectionUtils.java:728)
	at org.junit.jupiter.engine.execution.MethodInvocation.proceed(MethodInvocation.java:60)
	at org.junit.jupiter.engine.execution.InvocationInterceptorChain$ValidatingInvocation.proceed(InvocationInterceptorChain.java:131)
	at org.junit.jupiter.engine.extension.TimeoutExtension.intercept(TimeoutExtension.java:156)
	at org.junit.jupiter.engine.extension.TimeoutExtension.interceptTestableMethod(TimeoutExtension.java:147)
	at org.junit.jupiter.engine.extension.TimeoutExtension.interceptTestMethod(TimeoutExtension.java:86)
	at org.junit.jupiter.engine.execution.InterceptingExecutableInvoker$ReflectiveInterceptorCall.lambda$ofVoidMethod$0(InterceptingExecutableInvoker.java:103)
	at org.junit.jupiter.engine.execution.InterceptingExecutableInvoker.lambda$invoke$0(InterceptingExecutableInvoker.java:93)
	at org.junit.jupiter.engine.execution.InvocationInterceptorChain$InterceptedInvocation.proceed(InvocationInterceptorChain.java:106)
	at org.junit.jupiter.engine.execution.InvocationInterceptorChain.proceed(InvocationInterceptorChain.java:64)
	at org.junit.jupiter.engine.execution.InvocationInterceptorChain.chainAndInvoke(InvocationInterceptorChain.java:45)
	at org.junit.jupiter.engine.execution.InvocationInterceptorChain.invoke(InvocationInterceptorChain.java:37)
	at org.junit.jupiter.engine.execution.InterceptingExecutableInvoker.invoke(InterceptingExecutableInvoker.java:92)
	at org.junit.jupiter.engine.execution.InterceptingExecutableInvoker.invoke(InterceptingExecutableInvoker.java:86)
	at org.junit.jupiter.engine.descriptor.TestMethodTestDescriptor.lambda$invokeTestMethod$7(TestMethodTestDescriptor.java:218)
	at org.junit.platform.engine.support.hierarchical.ThrowableCollector.execute(ThrowableCollector.java:73)
	at org.junit.jupiter.engine.descriptor.TestMethodTestDescriptor.invokeTestMethod(TestMethodTestDescriptor.java:214)
	at org.junit.jupiter.engine.descriptor.TestMethodTestDescriptor.execute(TestMethodTestDescriptor.java:139)
	at org.junit.jupiter.engine.descriptor.TestMethodTestDescriptor.execute(TestMethodTestDescriptor.java:69)
	at org.junit.platform.engine.support.hierarchical.NodeTestTask.lambda$executeRecursively$6(NodeTestTask.java:151)
	at org.junit.platform.engine.support.hierarchical.ThrowableCollector.execute(ThrowableCollector.java:73)
	at org.junit.platform.engine.support.hierarchical.NodeTestTask.lambda$executeRecursively$8(NodeTestTask.java:141)
	at org.junit.platform.engine.support.hierarchical.Node.around(Node.java:137)
	at org.junit.platform.engine.support.hierarchical.NodeTestTask.lambda$executeRecursively$9(NodeTestTask.java:139)
	at org.junit.platform.engine.support.hierarchical.ThrowableCollector.execute(ThrowableCollector.java:73)
	at org.junit.platform.engine.support.hierarchical.NodeTestTask.executeRecursively(NodeTestTask.java:138)
	at org.junit.platform.engine.support.hierarchical.NodeTestTask.execute(NodeTestTask.java:95)
	at java.base/java.util.ArrayList.forEach(ArrayList.java:1596)
	at org.junit.platform.engine.support.hierarchical.SameThreadHierarchicalTestExecutorService.invokeAll(SameThreadHierarchicalTestExecutorService.java:41)
	at org.junit.platform.engine.support.hierarchical.NodeTestTask.lambda$executeRecursively$6(NodeTestTask.java:155)
	at org.junit.platform.engine.support.hierarchical.ThrowableCollector.execute(ThrowableCollector.java:73)
	at org.junit.platform.engine.support.hierarchical.NodeTestTask.lambda$executeRecursively$8(NodeTestTask.java:141)
	at org.junit.platform.engine.support.hierarchical.Node.around(Node.java:137)
	at org.junit.platform.engine.support.hierarchical.NodeTestTask.lambda$executeRecursively$9(NodeTestTask.java:139)
	at org.junit.platform.engine.support.hierarchical.ThrowableCollector.execute(ThrowableCollector.java:73)
	at org.junit.platform.engine.support.hierarchical.NodeTestTask.executeRecursively(NodeTestTask.java:138)
	at org.junit.platform.engine.support.hierarchical.NodeTestTask.execute(NodeTestTask.java:95)
	at java.base/java.util.ArrayList.forEach(ArrayList.java:1596)
	at org.junit.platform.engine.support.hierarchical.SameThreadHierarchicalTestExecutorService.invokeAll(SameThreadHierarchicalTestExecutorService.java:41)
	at org.junit.platform.engine.support.hierarchical.NodeTestTask.lambda$executeRecursively$6(NodeTestTask.java:155)
	at org.junit.platform.engine.support.hierarchical.ThrowableCollector.execute(ThrowableCollector.java:73)
	at org.junit.platform.engine.support.hierarchical.NodeTestTask.lambda$executeRecursively$8(NodeTestTask.java:141)
	at org.junit.platform.engine.support.hierarchical.Node.around(Node.java:137)
	at org.junit.platform.engine.support.hierarchical.NodeTestTask.lambda$executeRecursively$9(NodeTestTask.java:139)
	at org.junit.platform.engine.support.hierarchical.ThrowableCollector.execute(ThrowableCollector.java:73)
	at org.junit.platform.engine.support.hierarchical.NodeTestTask.executeRecursively(NodeTestTask.java:138)
	at org.junit.platform.engine.support.hierarchical.NodeTestTask.execute(NodeTestTask.java:95)
	at org.junit.platform.engine.support.hierarchical.SameThreadHierarchicalTestExecutorService.submit(SameThreadHierarchicalTestExecutorService.java:35)
	at org.junit.platform.engine.support.hierarchical.HierarchicalTestExecutor.execute(HierarchicalTestExecutor.java:57)
	at org.junit.platform.engine.support.hierarchical.HierarchicalTestEngine.execute(HierarchicalTestEngine.java:54)
	at org.junit.platform.launcher.core.EngineExecutionOrchestrator.execute(EngineExecutionOrchestrator.java:198)
	at org.junit.platform.launcher.core.EngineExecutionOrchestrator.execute(EngineExecutionOrchestrator.java:169)
	at org.junit.platform.launcher.core.EngineExecutionOrchestrator.execute(EngineExecutionOrchestrator.java:93)
	at org.junit.platform.launcher.core.EngineExecutionOrchestrator.lambda$execute$0(EngineExecutionOrchestrator.java:58)
	at org.junit.platform.launcher.core.EngineExecutionOrchestrator.withInterceptedStreams(EngineExecutionOrchestrator.java:141)
	at org.junit.platform.launcher.core.EngineExecutionOrchestrator.execute(EngineExecutionOrchestrator.java:57)
	at org.junit.platform.launcher.core.DefaultLauncher.execute(DefaultLauncher.java:103)
	at org.junit.platform.launcher.core.DefaultLauncher.execute(DefaultLauncher.java:85)
	at org.junit.platform.launcher.core.DelegatingLauncher.execute(DelegatingLauncher.java:47)
	at org.apache.maven.surefire.junitplatform.LazyLauncher.execute(LazyLauncher.java:56)
	at org.apache.maven.surefire.junitplatform.JUnitPlatformProvider.execute(JUnitPlatformProvider.java:184)
	at org.apache.maven.surefire.junitplatform.JUnitPlatformProvider.invokeAllTests(JUnitPlatformProvider.java:148)
	at org.apache.maven.surefire.junitplatform.JUnitPlatformProvider.invoke(JUnitPlatformProvider.java:122)
	at org.apache.maven.surefire.booter.ForkedBooter.runSuitesInProcess(ForkedBooter.java:385)
	at org.apache.maven.surefire.booter.ForkedBooter.execute(ForkedBooter.java:162)
	at org.apache.maven.surefire.booter.ForkedBooter.run(ForkedBooter.java:507)
	at org.apache.maven.surefire.booter.ForkedBooter.main(ForkedBooter.java:495)

]]></system-err>
  </testcase>
  <testcase name="testCreateDialogStage" classname="org.frcpm.controllers.ProjectControllerTest" time="0.026">
    <system-out><![CDATA[10:24:08.304 [main] DEBUG org.hibernate.orm.sql.ast.create - Created new SQL alias : p1_0
10:24:08.305 [main] DEBUG org.hibernate.orm.sql.ast.create - Registration of TableGroup [StandardTableGroup(org.frcpm.models.Project(959664590164300))] with identifierForTableGroup [org.frcpm.models.Project] for NavigablePath [org.frcpm.models.Project] 
10:24:08.305 [main] DEBUG org.hibernate.orm.results.graph.AST - DomainResult Graph:
 \-EntityResultImpl [org.frcpm.models.Project(959664590164300)]
 |  +-BasicFetch [org.frcpm.models.Project(959664590164300).description]
 |  +-BasicFetch [org.frcpm.models.Project(959664590164300).goalEndDate]
 |  +-BasicFetch [org.frcpm.models.Project(959664590164300).hardDeadline]
 |  +-DelayedCollectionFetch [org.frcpm.models.Project(959664590164300).meetings]
 |  +-DelayedCollectionFetch [org.frcpm.models.Project(959664590164300).milestones]
 |  +-BasicFetch [org.frcpm.models.Project(959664590164300).name]
 |  +-BasicFetch [org.frcpm.models.Project(959664590164300).startDate]
 |  \-DelayedCollectionFetch [org.frcpm.models.Project(959664590164300).tasks]

10:24:08.306 [main] DEBUG org.hibernate.orm.sql.ast.tree - SQL AST Tree:
    SelectStatement {
      FromClause {
        StandardTableGroup (p1 : org.frcpm.models.Project(959664590164300)) {
          primaryTableReference : projects as p1_0
        }
      }
    }

10:24:08.306 [main] DEBUG org.hibernate.orm.sql.exec - Skipping reading Query result cache data: cache-enabled = false, cache-mode = NORMAL
10:24:08.306 [main] DEBUG org.hibernate.orm.results - Initializer list:
	  org.frcpm.models.Project(959664590164300).milestones -> DelayedCollectionInitializer(org.frcpm.models.Project(959664590164300).milestones)@1082591445 (PluralAttribute(org.frcpm.models.Project.milestones))
	  org.frcpm.models.Project(959664590164300).meetings -> DelayedCollectionInitializer(org.frcpm.models.Project(959664590164300).meetings)@977043067 (PluralAttribute(org.frcpm.models.Project.meetings))
	  org.frcpm.models.Project(959664590164300) -> EntityResultInitializer(org.frcpm.models.Project(959664590164300))@1126066168 (SingleTableEntityPersister(org.frcpm.models.Project))
	  org.frcpm.models.Project(959664590164300).tasks -> DelayedCollectionInitializer(org.frcpm.models.Project(959664590164300).tasks)@929033199 (PluralAttribute(org.frcpm.models.Project.tasks))

10:24:08.306 [main] DEBUG org.hibernate.SQL - select p1_0.id,p1_0.description,p1_0.goal_end_date,p1_0.hard_deadline,p1_0.name,p1_0.start_date from projects p1_0
10:24:08.307 [main] DEBUG org.hibernate.orm.results - Extracted JDBC value [0] - [1]
10:24:08.307 [main] DEBUG org.hibernate.orm.results.loading.entity - (EntityResultInitializer) Hydrated EntityKey (org.frcpm.models.Project(959664590164300)): 1
10:24:08.307 [main] DEBUG org.hibernate.orm.results.loading.org.hibernate.orm.results.loading.collection - (DelayedCollectionInitializer) Current row collection key : org.frcpm.models.Project(959664590164300).meetings#1
10:24:08.307 [main] DEBUG org.hibernate.orm.results.loading.org.hibernate.orm.results.loading.collection - (DelayedCollectionInitializer) Current row collection key : org.frcpm.models.Project(959664590164300).milestones#1
10:24:08.307 [main] DEBUG org.hibernate.orm.results.loading.org.hibernate.orm.results.loading.collection - (DelayedCollectionInitializer) Current row collection key : org.frcpm.models.Project(959664590164300).tasks#1
10:24:08.307 [main] DEBUG org.hibernate.orm.results.loading.entity - (EntityResultInitializer) Created new entity instance [org.frcpm.models.Project(959664590164300)#1] : 652310737
10:24:08.307 [main] DEBUG org.hibernate.orm.results - Extracted JDBC value [1] - [Competition robot for the 2025 FIRST Robotics Competition]
10:24:08.307 [main] DEBUG org.hibernate.orm.results - Extracted JDBC value [2] - [2025-06-12]
10:24:08.307 [main] DEBUG org.hibernate.orm.results - Extracted JDBC value [3] - [2025-06-26]
10:24:08.307 [main] DEBUG org.hibernate.orm.results - Extracted JDBC value [4] - [FRC 2025 Robot]
10:24:08.307 [main] DEBUG org.hibernate.orm.results - Extracted JDBC value [5] - [2025-05-01]
10:24:08.307 [main] DEBUG org.hibernate.orm.results.loading.entity - (EntityResultInitializer) Done materializing entityInstance : org.frcpm.models.Project(959664590164300)#1
10:24:08.307 [main] DEBUG org.hibernate.orm.results.loading - Calling top-level assembler (0 / 1) : org.hibernate.sql.results.graph.entity.internal.EntityAssembler@29de58ec
10:24:08.307 [main] DEBUG org.hibernate.orm.results - Extracted JDBC value [0] - [51]
10:24:08.307 [main] DEBUG org.hibernate.orm.results.loading.entity - (EntityResultInitializer) Hydrated EntityKey (org.frcpm.models.Project(959664590164300)): 51
10:24:08.307 [main] DEBUG org.hibernate.orm.results.loading.org.hibernate.orm.results.loading.collection - (DelayedCollectionInitializer) Current row collection key : org.frcpm.models.Project(959664590164300).meetings#51
10:24:08.307 [main] DEBUG org.hibernate.orm.results.loading.org.hibernate.orm.results.loading.collection - (DelayedCollectionInitializer) Current row collection key : org.frcpm.models.Project(959664590164300).milestones#51
10:24:08.307 [main] DEBUG org.hibernate.orm.results.loading.org.hibernate.orm.results.loading.collection - (DelayedCollectionInitializer) Current row collection key : org.frcpm.models.Project(959664590164300).tasks#51
10:24:08.307 [main] DEBUG org.hibernate.orm.results.loading.entity - (EntityResultInitializer) Created new entity instance [org.frcpm.models.Project(959664590164300)#51] : 137226449
10:24:08.307 [main] DEBUG org.hibernate.orm.results - Extracted JDBC value [1] - [null]
10:24:08.307 [main] DEBUG org.hibernate.orm.results - Extracted JDBC value [2] - [2025-05-23]
10:24:08.307 [main] DEBUG org.hibernate.orm.results - Extracted JDBC value [3] - [2025-06-06]
10:24:08.307 [main] DEBUG org.hibernate.orm.results - Extracted JDBC value [4] - [Test Count Project]
10:24:08.307 [main] DEBUG org.hibernate.orm.results - Extracted JDBC value [5] - [2025-04-25]
10:24:08.307 [main] DEBUG org.hibernate.orm.results.loading.entity - (EntityResultInitializer) Done materializing entityInstance : org.frcpm.models.Project(959664590164300)#51
10:24:08.307 [main] DEBUG org.hibernate.orm.results.loading - Calling top-level assembler (0 / 1) : org.hibernate.sql.results.graph.entity.internal.EntityAssembler@29de58ec
10:24:08.307 [main] DEBUG org.hibernate.orm.results - Extracted JDBC value [0] - [54]
10:24:08.307 [main] DEBUG org.hibernate.orm.results.loading.entity - (EntityResultInitializer) Hydrated EntityKey (org.frcpm.models.Project(959664590164300)): 54
10:24:08.307 [main] DEBUG org.hibernate.orm.results.loading.org.hibernate.orm.results.loading.collection - (DelayedCollectionInitializer) Current row collection key : org.frcpm.models.Project(959664590164300).meetings#54
10:24:08.307 [main] DEBUG org.hibernate.orm.results.loading.org.hibernate.orm.results.loading.collection - (DelayedCollectionInitializer) Current row collection key : org.frcpm.models.Project(959664590164300).milestones#54
10:24:08.307 [main] DEBUG org.hibernate.orm.results.loading.org.hibernate.orm.results.loading.collection - (DelayedCollectionInitializer) Current row collection key : org.frcpm.models.Project(959664590164300).tasks#54
10:24:08.307 [main] DEBUG org.hibernate.orm.results.loading.entity - (EntityResultInitializer) Created new entity instance [org.frcpm.models.Project(959664590164300)#54] : 982153034
10:24:08.307 [main] DEBUG org.hibernate.orm.results - Extracted JDBC value [1] - [Test save description]
10:24:08.307 [main] DEBUG org.hibernate.orm.results - Extracted JDBC value [2] - [2025-05-23]
10:24:08.308 [main] DEBUG org.hibernate.orm.results - Extracted JDBC value [3] - [2025-06-06]
10:24:08.308 [main] DEBUG org.hibernate.orm.results - Extracted JDBC value [4] - [Test Save Project]
10:24:08.308 [main] DEBUG org.hibernate.orm.results - Extracted JDBC value [5] - [2025-04-25]
10:24:08.308 [main] DEBUG org.hibernate.orm.results.loading.entity - (EntityResultInitializer) Done materializing entityInstance : org.frcpm.models.Project(959664590164300)#54
10:24:08.308 [main] DEBUG org.hibernate.orm.results.loading - Calling top-level assembler (0 / 1) : org.hibernate.sql.results.graph.entity.internal.EntityAssembler@29de58ec
10:24:08.308 [main] DEBUG org.hibernate.orm.results - Extracted JDBC value [0] - [69]
10:24:08.308 [main] DEBUG org.hibernate.orm.results.loading.entity - (EntityResultInitializer) Hydrated EntityKey (org.frcpm.models.Project(959664590164300)): 69
10:24:08.308 [main] DEBUG org.hibernate.orm.results.loading.org.hibernate.orm.results.loading.collection - (DelayedCollectionInitializer) Current row collection key : org.frcpm.models.Project(959664590164300).meetings#69
10:24:08.308 [main] DEBUG org.hibernate.orm.results.loading.org.hibernate.orm.results.loading.collection - (DelayedCollectionInitializer) Current row collection key : org.frcpm.models.Project(959664590164300).milestones#69
10:24:08.308 [main] DEBUG org.hibernate.orm.results.loading.org.hibernate.orm.results.loading.collection - (DelayedCollectionInitializer) Current row collection key : org.frcpm.models.Project(959664590164300).tasks#69
10:24:08.308 [main] DEBUG org.hibernate.orm.results.loading.entity - (EntityResultInitializer) Created new entity instance [org.frcpm.models.Project(959664590164300)#69] : 1773290233
10:24:08.308 [main] DEBUG org.hibernate.orm.results - Extracted JDBC value [1] - [null]
10:24:08.308 [main] DEBUG org.hibernate.orm.results - Extracted JDBC value [2] - [2025-05-23]
10:24:08.308 [main] DEBUG org.hibernate.orm.results - Extracted JDBC value [3] - [2025-06-06]
10:24:08.308 [main] DEBUG org.hibernate.orm.results - Extracted JDBC value [4] - [Updated Project Name]
10:24:08.308 [main] DEBUG org.hibernate.orm.results - Extracted JDBC value [5] - [2025-04-25]
10:24:08.308 [main] DEBUG org.hibernate.orm.results.loading.entity - (EntityResultInitializer) Done materializing entityInstance : org.frcpm.models.Project(959664590164300)#69
10:24:08.308 [main] DEBUG org.hibernate.orm.results.loading - Calling top-level assembler (0 / 1) : org.hibernate.sql.results.graph.entity.internal.EntityAssembler@29de58ec
10:24:08.308 [main] DEBUG org.hibernate.orm.results - Extracted JDBC value [0] - [70]
10:24:08.308 [main] DEBUG org.hibernate.orm.results.loading.entity - (EntityResultInitializer) Hydrated EntityKey (org.frcpm.models.Project(959664590164300)): 70
10:24:08.308 [main] DEBUG org.hibernate.orm.results.loading.org.hibernate.orm.results.loading.collection - (DelayedCollectionInitializer) Current row collection key : org.frcpm.models.Project(959664590164300).meetings#70
10:24:08.308 [main] DEBUG org.hibernate.orm.results.loading.org.hibernate.orm.results.loading.collection - (DelayedCollectionInitializer) Current row collection key : org.frcpm.models.Project(959664590164300).milestones#70
10:24:08.308 [main] DEBUG org.hibernate.orm.results.loading.org.hibernate.orm.results.loading.collection - (DelayedCollectionInitializer) Current row collection key : org.frcpm.models.Project(959664590164300).tasks#70
10:24:08.308 [main] DEBUG org.hibernate.orm.results.loading.entity - (EntityResultInitializer) Created new entity instance [org.frcpm.models.Project(959664590164300)#70] : 2014860957
10:24:08.308 [main] DEBUG org.hibernate.orm.results - Extracted JDBC value [1] - [null]
10:24:08.308 [main] DEBUG org.hibernate.orm.results - Extracted JDBC value [2] - [2025-06-06]
10:24:08.308 [main] DEBUG org.hibernate.orm.results - Extracted JDBC value [3] - [2025-06-20]
10:24:08.308 [main] DEBUG org.hibernate.orm.results - Extracted JDBC value [4] - [Test Task Project]
10:24:08.308 [main] DEBUG org.hibernate.orm.results - Extracted JDBC value [5] - [2025-04-25]
10:24:08.308 [main] DEBUG org.hibernate.orm.results.loading.entity - (EntityResultInitializer) Done materializing entityInstance : org.frcpm.models.Project(959664590164300)#70
10:24:08.308 [main] DEBUG org.hibernate.orm.results.loading - Calling top-level assembler (0 / 1) : org.hibernate.sql.results.graph.entity.internal.EntityAssembler@29de58ec
10:24:08.308 [main] DEBUG org.hibernate.orm.results - Extracted JDBC value [0] - [71]
10:24:08.308 [main] DEBUG org.hibernate.orm.results.loading.entity - (EntityResultInitializer) Hydrated EntityKey (org.frcpm.models.Project(959664590164300)): 71
10:24:08.308 [main] DEBUG org.hibernate.orm.results.loading.org.hibernate.orm.results.loading.collection - (DelayedCollectionInitializer) Current row collection key : org.frcpm.models.Project(959664590164300).meetings#71
10:24:08.308 [main] DEBUG org.hibernate.orm.results.loading.org.hibernate.orm.results.loading.collection - (DelayedCollectionInitializer) Current row collection key : org.frcpm.models.Project(959664590164300).milestones#71
10:24:08.308 [main] DEBUG org.hibernate.orm.results.loading.org.hibernate.orm.results.loading.collection - (DelayedCollectionInitializer) Current row collection key : org.frcpm.models.Project(959664590164300).tasks#71
10:24:08.308 [main] DEBUG org.hibernate.orm.results.loading.entity - (EntityResultInitializer) Created new entity instance [org.frcpm.models.Project(959664590164300)#71] : 1979135487
10:24:08.308 [main] DEBUG org.hibernate.orm.results - Extracted JDBC value [1] - [null]
10:24:08.308 [main] DEBUG org.hibernate.orm.results - Extracted JDBC value [2] - [2025-06-06]
10:24:08.308 [main] DEBUG org.hibernate.orm.results - Extracted JDBC value [3] - [2025-06-20]
10:24:08.308 [main] DEBUG org.hibernate.orm.results - Extracted JDBC value [4] - [Test Task Project]
10:24:08.308 [main] DEBUG org.hibernate.orm.results - Extracted JDBC value [5] - [2025-04-25]
10:24:08.308 [main] DEBUG org.hibernate.orm.results.loading.entity - (EntityResultInitializer) Done materializing entityInstance : org.frcpm.models.Project(959664590164300)#71
10:24:08.308 [main] DEBUG org.hibernate.orm.results.loading - Calling top-level assembler (0 / 1) : org.hibernate.sql.results.graph.entity.internal.EntityAssembler@29de58ec
10:24:08.308 [main] DEBUG org.hibernate.orm.results - Extracted JDBC value [0] - [72]
10:24:08.308 [main] DEBUG org.hibernate.orm.results.loading.entity - (EntityResultInitializer) Hydrated EntityKey (org.frcpm.models.Project(959664590164300)): 72
10:24:08.308 [main] DEBUG org.hibernate.orm.results.loading.org.hibernate.orm.results.loading.collection - (DelayedCollectionInitializer) Current row collection key : org.frcpm.models.Project(959664590164300).meetings#72
10:24:08.308 [main] DEBUG org.hibernate.orm.results.loading.org.hibernate.orm.results.loading.collection - (DelayedCollectionInitializer) Current row collection key : org.frcpm.models.Project(959664590164300).milestones#72
10:24:08.308 [main] DEBUG org.hibernate.orm.results.loading.org.hibernate.orm.results.loading.collection - (DelayedCollectionInitializer) Current row collection key : org.frcpm.models.Project(959664590164300).tasks#72
10:24:08.308 [main] DEBUG org.hibernate.orm.results.loading.entity - (EntityResultInitializer) Created new entity instance [org.frcpm.models.Project(959664590164300)#72] : 684840500
10:24:08.308 [main] DEBUG org.hibernate.orm.results - Extracted JDBC value [1] - [null]
10:24:08.308 [main] DEBUG org.hibernate.orm.results - Extracted JDBC value [2] - [2025-06-06]
10:24:08.308 [main] DEBUG org.hibernate.orm.results - Extracted JDBC value [3] - [2025-06-20]
10:24:08.308 [main] DEBUG org.hibernate.orm.results - Extracted JDBC value [4] - [Test Task Project]
10:24:08.308 [main] DEBUG org.hibernate.orm.results - Extracted JDBC value [5] - [2025-04-25]
10:24:08.308 [main] DEBUG org.hibernate.orm.results.loading.entity - (EntityResultInitializer) Done materializing entityInstance : org.frcpm.models.Project(959664590164300)#72
10:24:08.308 [main] DEBUG org.hibernate.orm.results.loading - Calling top-level assembler (0 / 1) : org.hibernate.sql.results.graph.entity.internal.EntityAssembler@29de58ec
10:24:08.308 [main] DEBUG org.hibernate.orm.results - Extracted JDBC value [0] - [73]
10:24:08.308 [main] DEBUG org.hibernate.orm.results.loading.entity - (EntityResultInitializer) Hydrated EntityKey (org.frcpm.models.Project(959664590164300)): 73
10:24:08.308 [main] DEBUG org.hibernate.orm.results.loading.org.hibernate.orm.results.loading.collection - (DelayedCollectionInitializer) Current row collection key : org.frcpm.models.Project(959664590164300).meetings#73
10:24:08.308 [main] DEBUG org.hibernate.orm.results.loading.org.hibernate.orm.results.loading.collection - (DelayedCollectionInitializer) Current row collection key : org.frcpm.models.Project(959664590164300).milestones#73
10:24:08.308 [main] DEBUG org.hibernate.orm.results.loading.org.hibernate.orm.results.loading.collection - (DelayedCollectionInitializer) Current row collection key : org.frcpm.models.Project(959664590164300).tasks#73
10:24:08.308 [main] DEBUG org.hibernate.orm.results.loading.entity - (EntityResultInitializer) Created new entity instance [org.frcpm.models.Project(959664590164300)#73] : 952086906
10:24:08.308 [main] DEBUG org.hibernate.orm.results - Extracted JDBC value [1] - [null]
10:24:08.308 [main] DEBUG org.hibernate.orm.results - Extracted JDBC value [2] - [2025-06-06]
10:24:08.309 [main] DEBUG org.hibernate.orm.results - Extracted JDBC value [3] - [2025-06-20]
10:24:08.309 [main] DEBUG org.hibernate.orm.results - Extracted JDBC value [4] - [Test Task Project]
10:24:08.309 [main] DEBUG org.hibernate.orm.results - Extracted JDBC value [5] - [2025-04-25]
10:24:08.309 [main] DEBUG org.hibernate.orm.results.loading.entity - (EntityResultInitializer) Done materializing entityInstance : org.frcpm.models.Project(959664590164300)#73
10:24:08.309 [main] DEBUG org.hibernate.orm.results.loading - Calling top-level assembler (0 / 1) : org.hibernate.sql.results.graph.entity.internal.EntityAssembler@29de58ec
10:24:08.309 [main] DEBUG org.hibernate.orm.results - Extracted JDBC value [0] - [74]
10:24:08.309 [main] DEBUG org.hibernate.orm.results.loading.entity - (EntityResultInitializer) Hydrated EntityKey (org.frcpm.models.Project(959664590164300)): 74
10:24:08.309 [main] DEBUG org.hibernate.orm.results.loading.org.hibernate.orm.results.loading.collection - (DelayedCollectionInitializer) Current row collection key : org.frcpm.models.Project(959664590164300).meetings#74
10:24:08.309 [main] DEBUG org.hibernate.orm.results.loading.org.hibernate.orm.results.loading.collection - (DelayedCollectionInitializer) Current row collection key : org.frcpm.models.Project(959664590164300).milestones#74
10:24:08.309 [main] DEBUG org.hibernate.orm.results.loading.org.hibernate.orm.results.loading.collection - (DelayedCollectionInitializer) Current row collection key : org.frcpm.models.Project(959664590164300).tasks#74
10:24:08.309 [main] DEBUG org.hibernate.orm.results.loading.entity - (EntityResultInitializer) Created new entity instance [org.frcpm.models.Project(959664590164300)#74] : 368105159
10:24:08.309 [main] DEBUG org.hibernate.orm.results - Extracted JDBC value [1] - [null]
10:24:08.309 [main] DEBUG org.hibernate.orm.results - Extracted JDBC value [2] - [2025-06-06]
10:24:08.309 [main] DEBUG org.hibernate.orm.results - Extracted JDBC value [3] - [2025-06-20]
10:24:08.309 [main] DEBUG org.hibernate.orm.results - Extracted JDBC value [4] - [Test Task Project]
10:24:08.309 [main] DEBUG org.hibernate.orm.results - Extracted JDBC value [5] - [2025-04-25]
10:24:08.309 [main] DEBUG org.hibernate.orm.results.loading.entity - (EntityResultInitializer) Done materializing entityInstance : org.frcpm.models.Project(959664590164300)#74
10:24:08.309 [main] DEBUG org.hibernate.orm.results.loading - Calling top-level assembler (0 / 1) : org.hibernate.sql.results.graph.entity.internal.EntityAssembler@29de58ec
10:24:08.309 [main] DEBUG org.hibernate.orm.results - Extracted JDBC value [0] - [75]
10:24:08.309 [main] DEBUG org.hibernate.orm.results.loading.entity - (EntityResultInitializer) Hydrated EntityKey (org.frcpm.models.Project(959664590164300)): 75
10:24:08.309 [main] DEBUG org.hibernate.orm.results.loading.org.hibernate.orm.results.loading.collection - (DelayedCollectionInitializer) Current row collection key : org.frcpm.models.Project(959664590164300).meetings#75
10:24:08.309 [main] DEBUG org.hibernate.orm.results.loading.org.hibernate.orm.results.loading.collection - (DelayedCollectionInitializer) Current row collection key : org.frcpm.models.Project(959664590164300).milestones#75
10:24:08.309 [main] DEBUG org.hibernate.orm.results.loading.org.hibernate.orm.results.loading.collection - (DelayedCollectionInitializer) Current row collection key : org.frcpm.models.Project(959664590164300).tasks#75
10:24:08.309 [main] DEBUG org.hibernate.orm.results.loading.entity - (EntityResultInitializer) Created new entity instance [org.frcpm.models.Project(959664590164300)#75] : 359717784
10:24:08.309 [main] DEBUG org.hibernate.orm.results - Extracted JDBC value [1] - [null]
10:24:08.309 [main] DEBUG org.hibernate.orm.results - Extracted JDBC value [2] - [2025-06-06]
10:24:08.309 [main] DEBUG org.hibernate.orm.results - Extracted JDBC value [3] - [2025-06-20]
10:24:08.309 [main] DEBUG org.hibernate.orm.results - Extracted JDBC value [4] - [Test Task Project]
10:24:08.309 [main] DEBUG org.hibernate.orm.results - Extracted JDBC value [5] - [2025-04-25]
10:24:08.309 [main] DEBUG org.hibernate.orm.results.loading.entity - (EntityResultInitializer) Done materializing entityInstance : org.frcpm.models.Project(959664590164300)#75
10:24:08.309 [main] DEBUG org.hibernate.orm.results.loading - Calling top-level assembler (0 / 1) : org.hibernate.sql.results.graph.entity.internal.EntityAssembler@29de58ec
10:24:08.309 [main] DEBUG org.hibernate.orm.results - Extracted JDBC value [0] - [76]
10:24:08.309 [main] DEBUG org.hibernate.orm.results.loading.entity - (EntityResultInitializer) Hydrated EntityKey (org.frcpm.models.Project(959664590164300)): 76
10:24:08.309 [main] DEBUG org.hibernate.orm.results.loading.org.hibernate.orm.results.loading.collection - (DelayedCollectionInitializer) Current row collection key : org.frcpm.models.Project(959664590164300).meetings#76
10:24:08.309 [main] DEBUG org.hibernate.orm.results.loading.org.hibernate.orm.results.loading.collection - (DelayedCollectionInitializer) Current row collection key : org.frcpm.models.Project(959664590164300).milestones#76
10:24:08.309 [main] DEBUG org.hibernate.orm.results.loading.org.hibernate.orm.results.loading.collection - (DelayedCollectionInitializer) Current row collection key : org.frcpm.models.Project(959664590164300).tasks#76
10:24:08.309 [main] DEBUG org.hibernate.orm.results.loading.entity - (EntityResultInitializer) Created new entity instance [org.frcpm.models.Project(959664590164300)#76] : 1472281870
10:24:08.309 [main] DEBUG org.hibernate.orm.results - Extracted JDBC value [1] - [null]
10:24:08.309 [main] DEBUG org.hibernate.orm.results - Extracted JDBC value [2] - [2025-06-06]
10:24:08.309 [main] DEBUG org.hibernate.orm.results - Extracted JDBC value [3] - [2025-06-20]
10:24:08.309 [main] DEBUG org.hibernate.orm.results - Extracted JDBC value [4] - [Test Task Project]
10:24:08.309 [main] DEBUG org.hibernate.orm.results - Extracted JDBC value [5] - [2025-04-25]
10:24:08.309 [main] DEBUG org.hibernate.orm.results.loading.entity - (EntityResultInitializer) Done materializing entityInstance : org.frcpm.models.Project(959664590164300)#76
10:24:08.309 [main] DEBUG org.hibernate.orm.results.loading - Calling top-level assembler (0 / 1) : org.hibernate.sql.results.graph.entity.internal.EntityAssembler@29de58ec
10:24:08.309 [main] DEBUG org.hibernate.orm.results - Extracted JDBC value [0] - [77]
10:24:08.309 [main] DEBUG org.hibernate.orm.results.loading.entity - (EntityResultInitializer) Hydrated EntityKey (org.frcpm.models.Project(959664590164300)): 77
10:24:08.309 [main] DEBUG org.hibernate.orm.results.loading.org.hibernate.orm.results.loading.collection - (DelayedCollectionInitializer) Current row collection key : org.frcpm.models.Project(959664590164300).meetings#77
10:24:08.309 [main] DEBUG org.hibernate.orm.results.loading.org.hibernate.orm.results.loading.collection - (DelayedCollectionInitializer) Current row collection key : org.frcpm.models.Project(959664590164300).milestones#77
10:24:08.309 [main] DEBUG org.hibernate.orm.results.loading.org.hibernate.orm.results.loading.collection - (DelayedCollectionInitializer) Current row collection key : org.frcpm.models.Project(959664590164300).tasks#77
10:24:08.309 [main] DEBUG org.hibernate.orm.results.loading.entity - (EntityResultInitializer) Created new entity instance [org.frcpm.models.Project(959664590164300)#77] : 605680727
10:24:08.309 [main] DEBUG org.hibernate.orm.results - Extracted JDBC value [1] - [null]
10:24:08.309 [main] DEBUG org.hibernate.orm.results - Extracted JDBC value [2] - [2025-06-06]
10:24:08.309 [main] DEBUG org.hibernate.orm.results - Extracted JDBC value [3] - [2025-06-20]
10:24:08.309 [main] DEBUG org.hibernate.orm.results - Extracted JDBC value [4] - [Test Task Project]
10:24:08.309 [main] DEBUG org.hibernate.orm.results - Extracted JDBC value [5] - [2025-04-25]
10:24:08.309 [main] DEBUG org.hibernate.orm.results.loading.entity - (EntityResultInitializer) Done materializing entityInstance : org.frcpm.models.Project(959664590164300)#77
10:24:08.309 [main] DEBUG org.hibernate.orm.results.loading - Calling top-level assembler (0 / 1) : org.hibernate.sql.results.graph.entity.internal.EntityAssembler@29de58ec
10:24:08.309 [main] DEBUG org.hibernate.orm.results - Extracted JDBC value [0] - [78]
10:24:08.309 [main] DEBUG org.hibernate.orm.results.loading.entity - (EntityResultInitializer) Hydrated EntityKey (org.frcpm.models.Project(959664590164300)): 78
10:24:08.309 [main] DEBUG org.hibernate.orm.results.loading.org.hibernate.orm.results.loading.collection - (DelayedCollectionInitializer) Current row collection key : org.frcpm.models.Project(959664590164300).meetings#78
10:24:08.310 [main] DEBUG org.hibernate.orm.results.loading.org.hibernate.orm.results.loading.collection - (DelayedCollectionInitializer) Current row collection key : org.frcpm.models.Project(959664590164300).milestones#78
10:24:08.310 [main] DEBUG org.hibernate.orm.results.loading.org.hibernate.orm.results.loading.collection - (DelayedCollectionInitializer) Current row collection key : org.frcpm.models.Project(959664590164300).tasks#78
10:24:08.310 [main] DEBUG org.hibernate.orm.results.loading.entity - (EntityResultInitializer) Created new entity instance [org.frcpm.models.Project(959664590164300)#78] : 486738330
10:24:08.310 [main] DEBUG org.hibernate.orm.results - Extracted JDBC value [1] - [null]
10:24:08.310 [main] DEBUG org.hibernate.orm.results - Extracted JDBC value [2] - [2025-06-06]
10:24:08.310 [main] DEBUG org.hibernate.orm.results - Extracted JDBC value [3] - [2025-06-20]
10:24:08.310 [main] DEBUG org.hibernate.orm.results - Extracted JDBC value [4] - [Test Task Project]
10:24:08.310 [main] DEBUG org.hibernate.orm.results - Extracted JDBC value [5] - [2025-04-25]
10:24:08.310 [main] DEBUG org.hibernate.orm.results.loading.entity - (EntityResultInitializer) Done materializing entityInstance : org.frcpm.models.Project(959664590164300)#78
10:24:08.310 [main] DEBUG org.hibernate.orm.results.loading - Calling top-level assembler (0 / 1) : org.hibernate.sql.results.graph.entity.internal.EntityAssembler@29de58ec
10:24:08.310 [main] DEBUG org.hibernate.orm.results - Extracted JDBC value [0] - [79]
10:24:08.310 [main] DEBUG org.hibernate.orm.results.loading.entity - (EntityResultInitializer) Hydrated EntityKey (org.frcpm.models.Project(959664590164300)): 79
10:24:08.310 [main] DEBUG org.hibernate.orm.results.loading.org.hibernate.orm.results.loading.collection - (DelayedCollectionInitializer) Current row collection key : org.frcpm.models.Project(959664590164300).meetings#79
10:24:08.310 [main] DEBUG org.hibernate.orm.results.loading.org.hibernate.orm.results.loading.collection - (DelayedCollectionInitializer) Current row collection key : org.frcpm.models.Project(959664590164300).milestones#79
10:24:08.310 [main] DEBUG org.hibernate.orm.results.loading.org.hibernate.orm.results.loading.collection - (DelayedCollectionInitializer) Current row collection key : org.frcpm.models.Project(959664590164300).tasks#79
10:24:08.310 [main] DEBUG org.hibernate.orm.results.loading.entity - (EntityResultInitializer) Created new entity instance [org.frcpm.models.Project(959664590164300)#79] : 2010888498
10:24:08.310 [main] DEBUG org.hibernate.orm.results - Extracted JDBC value [1] - [null]
10:24:08.310 [main] DEBUG org.hibernate.orm.results - Extracted JDBC value [2] - [2025-06-06]
10:24:08.310 [main] DEBUG org.hibernate.orm.results - Extracted JDBC value [3] - [2025-06-20]
10:24:08.310 [main] DEBUG org.hibernate.orm.results - Extracted JDBC value [4] - [Test Task Project]
10:24:08.310 [main] DEBUG org.hibernate.orm.results - Extracted JDBC value [5] - [2025-04-25]
10:24:08.310 [main] DEBUG org.hibernate.orm.results.loading.entity - (EntityResultInitializer) Done materializing entityInstance : org.frcpm.models.Project(959664590164300)#79
10:24:08.310 [main] DEBUG org.hibernate.orm.results.loading - Calling top-level assembler (0 / 1) : org.hibernate.sql.results.graph.entity.internal.EntityAssembler@29de58ec
10:24:08.310 [main] DEBUG org.hibernate.orm.results - Extracted JDBC value [0] - [80]
10:24:08.310 [main] DEBUG org.hibernate.orm.results.loading.entity - (EntityResultInitializer) Hydrated EntityKey (org.frcpm.models.Project(959664590164300)): 80
10:24:08.310 [main] DEBUG org.hibernate.orm.results.loading.org.hibernate.orm.results.loading.collection - (DelayedCollectionInitializer) Current row collection key : org.frcpm.models.Project(959664590164300).meetings#80
10:24:08.310 [main] DEBUG org.hibernate.orm.results.loading.org.hibernate.orm.results.loading.collection - (DelayedCollectionInitializer) Current row collection key : org.frcpm.models.Project(959664590164300).milestones#80
10:24:08.310 [main] DEBUG org.hibernate.orm.results.loading.org.hibernate.orm.results.loading.collection - (DelayedCollectionInitializer) Current row collection key : org.frcpm.models.Project(959664590164300).tasks#80
10:24:08.310 [main] DEBUG org.hibernate.orm.results.loading.entity - (EntityResultInitializer) Created new entity instance [org.frcpm.models.Project(959664590164300)#80] : 1625965606
10:24:08.310 [main] DEBUG org.hibernate.orm.results - Extracted JDBC value [1] - [null]
10:24:08.310 [main] DEBUG org.hibernate.orm.results - Extracted JDBC value [2] - [2025-06-06]
10:24:08.310 [main] DEBUG org.hibernate.orm.results - Extracted JDBC value [3] - [2025-06-20]
10:24:08.310 [main] DEBUG org.hibernate.orm.results - Extracted JDBC value [4] - [Test Task Project]
10:24:08.310 [main] DEBUG org.hibernate.orm.results - Extracted JDBC value [5] - [2025-04-25]
10:24:08.310 [main] DEBUG org.hibernate.orm.results.loading.entity - (EntityResultInitializer) Done materializing entityInstance : org.frcpm.models.Project(959664590164300)#80
10:24:08.310 [main] DEBUG org.hibernate.orm.results.loading - Calling top-level assembler (0 / 1) : org.hibernate.sql.results.graph.entity.internal.EntityAssembler@29de58ec
10:24:08.310 [main] DEBUG org.hibernate.orm.results - Extracted JDBC value [0] - [81]
10:24:08.310 [main] DEBUG org.hibernate.orm.results.loading.entity - (EntityResultInitializer) Hydrated EntityKey (org.frcpm.models.Project(959664590164300)): 81
10:24:08.310 [main] DEBUG org.hibernate.orm.results.loading.org.hibernate.orm.results.loading.collection - (DelayedCollectionInitializer) Current row collection key : org.frcpm.models.Project(959664590164300).meetings#81
10:24:08.310 [main] DEBUG org.hibernate.orm.results.loading.org.hibernate.orm.results.loading.collection - (DelayedCollectionInitializer) Current row collection key : org.frcpm.models.Project(959664590164300).milestones#81
10:24:08.310 [main] DEBUG org.hibernate.orm.results.loading.org.hibernate.orm.results.loading.collection - (DelayedCollectionInitializer) Current row collection key : org.frcpm.models.Project(959664590164300).tasks#81
10:24:08.310 [main] DEBUG org.hibernate.orm.results.loading.entity - (EntityResultInitializer) Created new entity instance [org.frcpm.models.Project(959664590164300)#81] : 1980348357
10:24:08.310 [main] DEBUG org.hibernate.orm.results - Extracted JDBC value [1] - [null]
10:24:08.310 [main] DEBUG org.hibernate.orm.results - Extracted JDBC value [2] - [2025-06-06]
10:24:08.310 [main] DEBUG org.hibernate.orm.results - Extracted JDBC value [3] - [2025-06-20]
10:24:08.310 [main] DEBUG org.hibernate.orm.results - Extracted JDBC value [4] - [Test Task Project]
10:24:08.310 [main] DEBUG org.hibernate.orm.results - Extracted JDBC value [5] - [2025-04-25]
10:24:08.310 [main] DEBUG org.hibernate.orm.results.loading.entity - (EntityResultInitializer) Done materializing entityInstance : org.frcpm.models.Project(959664590164300)#81
10:24:08.310 [main] DEBUG org.hibernate.orm.results.loading - Calling top-level assembler (0 / 1) : org.hibernate.sql.results.graph.entity.internal.EntityAssembler@29de58ec
10:24:08.310 [main] DEBUG org.hibernate.orm.results - Extracted JDBC value [0] - [82]
10:24:08.310 [main] DEBUG org.hibernate.orm.results.loading.entity - (EntityResultInitializer) Hydrated EntityKey (org.frcpm.models.Project(959664590164300)): 82
10:24:08.310 [main] DEBUG org.hibernate.orm.results.loading.org.hibernate.orm.results.loading.collection - (DelayedCollectionInitializer) Current row collection key : org.frcpm.models.Project(959664590164300).meetings#82
10:24:08.310 [main] DEBUG org.hibernate.orm.results.loading.org.hibernate.orm.results.loading.collection - (DelayedCollectionInitializer) Current row collection key : org.frcpm.models.Project(959664590164300).milestones#82
10:24:08.310 [main] DEBUG org.hibernate.orm.results.loading.org.hibernate.orm.results.loading.collection - (DelayedCollectionInitializer) Current row collection key : org.frcpm.models.Project(959664590164300).tasks#82
10:24:08.311 [main] DEBUG org.hibernate.orm.results.loading.entity - (EntityResultInitializer) Created new entity instance [org.frcpm.models.Project(959664590164300)#82] : 857463282
10:24:08.311 [main] DEBUG org.hibernate.orm.results - Extracted JDBC value [1] - [null]
10:24:08.311 [main] DEBUG org.hibernate.orm.results - Extracted JDBC value [2] - [2025-06-06]
10:24:08.311 [main] DEBUG org.hibernate.orm.results - Extracted JDBC value [3] - [2025-06-20]
10:24:08.311 [main] DEBUG org.hibernate.orm.results - Extracted JDBC value [4] - [Test Task Project]
10:24:08.311 [main] DEBUG org.hibernate.orm.results - Extracted JDBC value [5] - [2025-04-25]
10:24:08.311 [main] DEBUG org.hibernate.orm.results.loading.entity - (EntityResultInitializer) Done materializing entityInstance : org.frcpm.models.Project(959664590164300)#82
10:24:08.311 [main] DEBUG org.hibernate.orm.results.loading - Calling top-level assembler (0 / 1) : org.hibernate.sql.results.graph.entity.internal.EntityAssembler@29de58ec
10:24:08.311 [main] DEBUG org.hibernate.orm.results - Extracted JDBC value [0] - [104]
10:24:08.311 [main] DEBUG org.hibernate.orm.results.loading.entity - (EntityResultInitializer) Hydrated EntityKey (org.frcpm.models.Project(959664590164300)): 104
10:24:08.311 [main] DEBUG org.hibernate.orm.results.loading.org.hibernate.orm.results.loading.collection - (DelayedCollectionInitializer) Current row collection key : org.frcpm.models.Project(959664590164300).meetings#104
10:24:08.311 [main] DEBUG org.hibernate.orm.results.loading.org.hibernate.orm.results.loading.collection - (DelayedCollectionInitializer) Current row collection key : org.frcpm.models.Project(959664590164300).milestones#104
10:24:08.311 [main] DEBUG org.hibernate.orm.results.loading.org.hibernate.orm.results.loading.collection - (DelayedCollectionInitializer) Current row collection key : org.frcpm.models.Project(959664590164300).tasks#104
10:24:08.311 [main] DEBUG org.hibernate.orm.results.loading.entity - (EntityResultInitializer) Created new entity instance [org.frcpm.models.Project(959664590164300)#104] : 863679650
10:24:08.311 [main] DEBUG org.hibernate.orm.results - Extracted JDBC value [1] - [null]
10:24:08.311 [main] DEBUG org.hibernate.orm.results - Extracted JDBC value [2] - [2025-06-06]
10:24:08.311 [main] DEBUG org.hibernate.orm.results - Extracted JDBC value [3] - [2025-06-20]
10:24:08.311 [main] DEBUG org.hibernate.orm.results - Extracted JDBC value [4] - [Component Test Project]
10:24:08.311 [main] DEBUG org.hibernate.orm.results - Extracted JDBC value [5] - [2025-04-25]
10:24:08.312 [main] DEBUG org.hibernate.orm.results.loading.entity - (EntityResultInitializer) Done materializing entityInstance : org.frcpm.models.Project(959664590164300)#104
10:24:08.312 [main] DEBUG org.hibernate.orm.results.loading - Calling top-level assembler (0 / 1) : org.hibernate.sql.results.graph.entity.internal.EntityAssembler@29de58ec
10:24:08.312 [main] DEBUG org.hibernate.orm.results - Extracted JDBC value [0] - [135]
10:24:08.312 [main] DEBUG org.hibernate.orm.results.loading.entity - (EntityResultInitializer) Hydrated EntityKey (org.frcpm.models.Project(959664590164300)): 135
10:24:08.312 [main] DEBUG org.hibernate.orm.results.loading.org.hibernate.orm.results.loading.collection - (DelayedCollectionInitializer) Current row collection key : org.frcpm.models.Project(959664590164300).meetings#135
10:24:08.312 [main] DEBUG org.hibernate.orm.results.loading.org.hibernate.orm.results.loading.collection - (DelayedCollectionInitializer) Current row collection key : org.frcpm.models.Project(959664590164300).milestones#135
10:24:08.312 [main] DEBUG org.hibernate.orm.results.loading.org.hibernate.orm.results.loading.collection - (DelayedCollectionInitializer) Current row collection key : org.frcpm.models.Project(959664590164300).tasks#135
10:24:08.312 [main] DEBUG org.hibernate.orm.results.loading.entity - (EntityResultInitializer) Created new entity instance [org.frcpm.models.Project(959664590164300)#135] : 337430085
10:24:08.312 [main] DEBUG org.hibernate.orm.results - Extracted JDBC value [1] - [null]
10:24:08.312 [main] DEBUG org.hibernate.orm.results - Extracted JDBC value [2] - [2025-05-23]
10:24:08.312 [main] DEBUG org.hibernate.orm.results - Extracted JDBC value [3] - [2025-06-06]
10:24:08.312 [main] DEBUG org.hibernate.orm.results - Extracted JDBC value [4] - [Test Create Service Project]
10:24:08.312 [main] DEBUG org.hibernate.orm.results - Extracted JDBC value [5] - [2025-04-25]
10:24:08.312 [main] DEBUG org.hibernate.orm.results.loading.entity - (EntityResultInitializer) Done materializing entityInstance : org.frcpm.models.Project(959664590164300)#135
10:24:08.312 [main] DEBUG org.hibernate.orm.results.loading - Calling top-level assembler (0 / 1) : org.hibernate.sql.results.graph.entity.internal.EntityAssembler@29de58ec
10:24:08.313 [main] DEBUG org.hibernate.orm.results - Extracted JDBC value [0] - [142]
10:24:08.313 [main] DEBUG org.hibernate.orm.results.loading.entity - (EntityResultInitializer) Hydrated EntityKey (org.frcpm.models.Project(959664590164300)): 142
10:24:08.313 [main] DEBUG org.hibernate.orm.results.loading.org.hibernate.orm.results.loading.collection - (DelayedCollectionInitializer) Current row collection key : org.frcpm.models.Project(959664590164300).meetings#142
10:24:08.313 [main] DEBUG org.hibernate.orm.results.loading.org.hibernate.orm.results.loading.collection - (DelayedCollectionInitializer) Current row collection key : org.frcpm.models.Project(959664590164300).milestones#142
10:24:08.313 [main] DEBUG org.hibernate.orm.results.loading.org.hibernate.orm.results.loading.collection - (DelayedCollectionInitializer) Current row collection key : org.frcpm.models.Project(959664590164300).tasks#142
10:24:08.313 [main] DEBUG org.hibernate.orm.results.loading.entity - (EntityResultInitializer) Created new entity instance [org.frcpm.models.Project(959664590164300)#142] : 1099213432
10:24:08.313 [main] DEBUG org.hibernate.orm.results - Extracted JDBC value [1] - [Updated description]
10:24:08.313 [main] DEBUG org.hibernate.orm.results - Extracted JDBC value [2] - [2025-05-23]
10:24:08.313 [main] DEBUG org.hibernate.orm.results - Extracted JDBC value [3] - [2025-06-06]
10:24:08.313 [main] DEBUG org.hibernate.orm.results - Extracted JDBC value [4] - [Updated Service Project Name]
10:24:08.313 [main] DEBUG org.hibernate.orm.results - Extracted JDBC value [5] - [2025-04-25]
10:24:08.313 [main] DEBUG org.hibernate.orm.results.loading.entity - (EntityResultInitializer) Done materializing entityInstance : org.frcpm.models.Project(959664590164300)#142
10:24:08.313 [main] DEBUG org.hibernate.orm.results.loading - Calling top-level assembler (0 / 1) : org.hibernate.sql.results.graph.entity.internal.EntityAssembler@29de58ec
10:24:08.313 [main] DEBUG org.hibernate.orm.results - Extracted JDBC value [0] - [148]
10:24:08.313 [main] DEBUG org.hibernate.orm.results.loading.entity - (EntityResultInitializer) Hydrated EntityKey (org.frcpm.models.Project(959664590164300)): 148
10:24:08.313 [main] DEBUG org.hibernate.orm.results.loading.org.hibernate.orm.results.loading.collection - (DelayedCollectionInitializer) Current row collection key : org.frcpm.models.Project(959664590164300).meetings#148
10:24:08.313 [main] DEBUG org.hibernate.orm.results.loading.org.hibernate.orm.results.loading.collection - (DelayedCollectionInitializer) Current row collection key : org.frcpm.models.Project(959664590164300).milestones#148
10:24:08.313 [main] DEBUG org.hibernate.orm.results.loading.org.hibernate.orm.results.loading.collection - (DelayedCollectionInitializer) Current row collection key : org.frcpm.models.Project(959664590164300).tasks#148
10:24:08.313 [main] DEBUG org.hibernate.orm.results.loading.entity - (EntityResultInitializer) Created new entity instance [org.frcpm.models.Project(959664590164300)#148] : 166851628
10:24:08.313 [main] DEBUG org.hibernate.orm.results - Extracted JDBC value [1] - [null]
10:24:08.314 [main] DEBUG org.hibernate.orm.results - Extracted JDBC value [2] - [2025-05-23]
10:24:08.314 [main] DEBUG org.hibernate.orm.results - Extracted JDBC value [3] - [2025-06-06]
10:24:08.314 [main] DEBUG org.hibernate.orm.results - Extracted JDBC value [4] - [Test Summary Project]
10:24:08.314 [main] DEBUG org.hibernate.orm.results - Extracted JDBC value [5] - [2025-04-25]
10:24:08.314 [main] DEBUG org.hibernate.orm.results.loading.entity - (EntityResultInitializer) Done materializing entityInstance : org.frcpm.models.Project(959664590164300)#148
10:24:08.314 [main] DEBUG org.hibernate.orm.results.loading - Calling top-level assembler (0 / 1) : org.hibernate.sql.results.graph.entity.internal.EntityAssembler@29de58ec
10:24:08.315 [main] DEBUG org.hibernate.resource.jdbc.internal.LogicalConnectionManagedImpl - Initiating JDBC connection release from afterTransaction
10:24:08.315 [main] DEBUG org.hibernate.resource.jdbc.internal.LogicalConnectionManagedImpl - Initiating JDBC connection release from afterTransaction
]]></system-out>
    <system-err><![CDATA[Apr 25, 2025 10:24:08 AM org.frcpm.controllers.ProjectController setupBindings
WARNING: UI components not initialized - likely in test environment
]]></system-err>
  </testcase>
  <testcase name="testGetWindowFromComponent" classname="org.frcpm.controllers.ProjectControllerTest" time="0.016">
    <system-out><![CDATA[10:24:08.326 [main] DEBUG org.hibernate.orm.sql.ast.create - Created new SQL alias : p1_0
10:24:08.326 [main] DEBUG org.hibernate.orm.sql.ast.create - Registration of TableGroup [StandardTableGroup(org.frcpm.models.Project(959664611790000))] with identifierForTableGroup [org.frcpm.models.Project] for NavigablePath [org.frcpm.models.Project] 
10:24:08.326 [main] DEBUG org.hibernate.orm.results.graph.AST - DomainResult Graph:
 \-EntityResultImpl [org.frcpm.models.Project(959664611790000)]
 |  +-BasicFetch [org.frcpm.models.Project(959664611790000).description]
 |  +-BasicFetch [org.frcpm.models.Project(959664611790000).goalEndDate]
 |  +-BasicFetch [org.frcpm.models.Project(959664611790000).hardDeadline]
 |  +-DelayedCollectionFetch [org.frcpm.models.Project(959664611790000).meetings]
 |  +-DelayedCollectionFetch [org.frcpm.models.Project(959664611790000).milestones]
 |  +-BasicFetch [org.frcpm.models.Project(959664611790000).name]
 |  +-BasicFetch [org.frcpm.models.Project(959664611790000).startDate]
 |  \-DelayedCollectionFetch [org.frcpm.models.Project(959664611790000).tasks]

10:24:08.327 [main] DEBUG org.hibernate.orm.sql.ast.tree - SQL AST Tree:
    SelectStatement {
      FromClause {
        StandardTableGroup (p1 : org.frcpm.models.Project(959664611790000)) {
          primaryTableReference : projects as p1_0
        }
      }
    }

10:24:08.327 [main] DEBUG org.hibernate.orm.sql.exec - Skipping reading Query result cache data: cache-enabled = false, cache-mode = NORMAL
10:24:08.327 [main] DEBUG org.hibernate.orm.results - Initializer list:
	  org.frcpm.models.Project(959664611790000).meetings -> DelayedCollectionInitializer(org.frcpm.models.Project(959664611790000).meetings)@107666212 (PluralAttribute(org.frcpm.models.Project.meetings))
	  org.frcpm.models.Project(959664611790000).tasks -> DelayedCollectionInitializer(org.frcpm.models.Project(959664611790000).tasks)@720302538 (PluralAttribute(org.frcpm.models.Project.tasks))
	  org.frcpm.models.Project(959664611790000).milestones -> DelayedCollectionInitializer(org.frcpm.models.Project(959664611790000).milestones)@668467338 (PluralAttribute(org.frcpm.models.Project.milestones))
	  org.frcpm.models.Project(959664611790000) -> EntityResultInitializer(org.frcpm.models.Project(959664611790000))@368369662 (SingleTableEntityPersister(org.frcpm.models.Project))

10:24:08.327 [main] DEBUG org.hibernate.SQL - select p1_0.id,p1_0.description,p1_0.goal_end_date,p1_0.hard_deadline,p1_0.name,p1_0.start_date from projects p1_0
10:24:08.327 [main] DEBUG org.hibernate.orm.results - Extracted JDBC value [0] - [1]
10:24:08.327 [main] DEBUG org.hibernate.orm.results.loading.entity - (EntityResultInitializer) Hydrated EntityKey (org.frcpm.models.Project(959664611790000)): 1
10:24:08.327 [main] DEBUG org.hibernate.orm.results.loading.org.hibernate.orm.results.loading.collection - (DelayedCollectionInitializer) Current row collection key : org.frcpm.models.Project(959664611790000).meetings#1
10:24:08.327 [main] DEBUG org.hibernate.orm.results.loading.org.hibernate.orm.results.loading.collection - (DelayedCollectionInitializer) Current row collection key : org.frcpm.models.Project(959664611790000).milestones#1
10:24:08.327 [main] DEBUG org.hibernate.orm.results.loading.org.hibernate.orm.results.loading.collection - (DelayedCollectionInitializer) Current row collection key : org.frcpm.models.Project(959664611790000).tasks#1
10:24:08.327 [main] DEBUG org.hibernate.orm.results.loading.entity - (EntityResultInitializer) Created new entity instance [org.frcpm.models.Project(959664611790000)#1] : 2140263305
10:24:08.328 [main] DEBUG org.hibernate.orm.results - Extracted JDBC value [1] - [Competition robot for the 2025 FIRST Robotics Competition]
10:24:08.328 [main] DEBUG org.hibernate.orm.results - Extracted JDBC value [2] - [2025-06-12]
10:24:08.328 [main] DEBUG org.hibernate.orm.results - Extracted JDBC value [3] - [2025-06-26]
10:24:08.328 [main] DEBUG org.hibernate.orm.results - Extracted JDBC value [4] - [FRC 2025 Robot]
10:24:08.328 [main] DEBUG org.hibernate.orm.results - Extracted JDBC value [5] - [2025-05-01]
10:24:08.328 [main] DEBUG org.hibernate.orm.results.loading.entity - (EntityResultInitializer) Done materializing entityInstance : org.frcpm.models.Project(959664611790000)#1
10:24:08.328 [main] DEBUG org.hibernate.orm.results.loading - Calling top-level assembler (0 / 1) : org.hibernate.sql.results.graph.entity.internal.EntityAssembler@e158c25
10:24:08.328 [main] DEBUG org.hibernate.orm.results - Extracted JDBC value [0] - [51]
10:24:08.328 [main] DEBUG org.hibernate.orm.results.loading.entity - (EntityResultInitializer) Hydrated EntityKey (org.frcpm.models.Project(959664611790000)): 51
10:24:08.328 [main] DEBUG org.hibernate.orm.results.loading.org.hibernate.orm.results.loading.collection - (DelayedCollectionInitializer) Current row collection key : org.frcpm.models.Project(959664611790000).meetings#51
10:24:08.328 [main] DEBUG org.hibernate.orm.results.loading.org.hibernate.orm.results.loading.collection - (DelayedCollectionInitializer) Current row collection key : org.frcpm.models.Project(959664611790000).milestones#51
10:24:08.328 [main] DEBUG org.hibernate.orm.results.loading.org.hibernate.orm.results.loading.collection - (DelayedCollectionInitializer) Current row collection key : org.frcpm.models.Project(959664611790000).tasks#51
10:24:08.328 [main] DEBUG org.hibernate.orm.results.loading.entity - (EntityResultInitializer) Created new entity instance [org.frcpm.models.Project(959664611790000)#51] : 226154981
10:24:08.328 [main] DEBUG org.hibernate.orm.results - Extracted JDBC value [1] - [null]
10:24:08.328 [main] DEBUG org.hibernate.orm.results - Extracted JDBC value [2] - [2025-05-23]
10:24:08.328 [main] DEBUG org.hibernate.orm.results - Extracted JDBC value [3] - [2025-06-06]
10:24:08.328 [main] DEBUG org.hibernate.orm.results - Extracted JDBC value [4] - [Test Count Project]
10:24:08.328 [main] DEBUG org.hibernate.orm.results - Extracted JDBC value [5] - [2025-04-25]
10:24:08.328 [main] DEBUG org.hibernate.orm.results.loading.entity - (EntityResultInitializer) Done materializing entityInstance : org.frcpm.models.Project(959664611790000)#51
10:24:08.328 [main] DEBUG org.hibernate.orm.results.loading - Calling top-level assembler (0 / 1) : org.hibernate.sql.results.graph.entity.internal.EntityAssembler@e158c25
10:24:08.328 [main] DEBUG org.hibernate.orm.results - Extracted JDBC value [0] - [54]
10:24:08.328 [main] DEBUG org.hibernate.orm.results.loading.entity - (EntityResultInitializer) Hydrated EntityKey (org.frcpm.models.Project(959664611790000)): 54
10:24:08.328 [main] DEBUG org.hibernate.orm.results.loading.org.hibernate.orm.results.loading.collection - (DelayedCollectionInitializer) Current row collection key : org.frcpm.models.Project(959664611790000).meetings#54
10:24:08.328 [main] DEBUG org.hibernate.orm.results.loading.org.hibernate.orm.results.loading.collection - (DelayedCollectionInitializer) Current row collection key : org.frcpm.models.Project(959664611790000).milestones#54
10:24:08.328 [main] DEBUG org.hibernate.orm.results.loading.org.hibernate.orm.results.loading.collection - (DelayedCollectionInitializer) Current row collection key : org.frcpm.models.Project(959664611790000).tasks#54
10:24:08.329 [main] DEBUG org.hibernate.orm.results.loading.entity - (EntityResultInitializer) Created new entity instance [org.frcpm.models.Project(959664611790000)#54] : 797658144
10:24:08.329 [main] DEBUG org.hibernate.orm.results - Extracted JDBC value [1] - [Test save description]
10:24:08.329 [main] DEBUG org.hibernate.orm.results - Extracted JDBC value [2] - [2025-05-23]
10:24:08.329 [main] DEBUG org.hibernate.orm.results - Extracted JDBC value [3] - [2025-06-06]
10:24:08.329 [main] DEBUG org.hibernate.orm.results - Extracted JDBC value [4] - [Test Save Project]
10:24:08.329 [main] DEBUG org.hibernate.orm.results - Extracted JDBC value [5] - [2025-04-25]
10:24:08.329 [main] DEBUG org.hibernate.orm.results.loading.entity - (EntityResultInitializer) Done materializing entityInstance : org.frcpm.models.Project(959664611790000)#54
10:24:08.329 [main] DEBUG org.hibernate.orm.results.loading - Calling top-level assembler (0 / 1) : org.hibernate.sql.results.graph.entity.internal.EntityAssembler@e158c25
10:24:08.329 [main] DEBUG org.hibernate.orm.results - Extracted JDBC value [0] - [69]
10:24:08.329 [main] DEBUG org.hibernate.orm.results.loading.entity - (EntityResultInitializer) Hydrated EntityKey (org.frcpm.models.Project(959664611790000)): 69
10:24:08.329 [main] DEBUG org.hibernate.orm.results.loading.org.hibernate.orm.results.loading.collection - (DelayedCollectionInitializer) Current row collection key : org.frcpm.models.Project(959664611790000).meetings#69
10:24:08.329 [main] DEBUG org.hibernate.orm.results.loading.org.hibernate.orm.results.loading.collection - (DelayedCollectionInitializer) Current row collection key : org.frcpm.models.Project(959664611790000).milestones#69
10:24:08.329 [main] DEBUG org.hibernate.orm.results.loading.org.hibernate.orm.results.loading.collection - (DelayedCollectionInitializer) Current row collection key : org.frcpm.models.Project(959664611790000).tasks#69
10:24:08.329 [main] DEBUG org.hibernate.orm.results.loading.entity - (EntityResultInitializer) Created new entity instance [org.frcpm.models.Project(959664611790000)#69] : 833276887
10:24:08.329 [main] DEBUG org.hibernate.orm.results - Extracted JDBC value [1] - [null]
10:24:08.329 [main] DEBUG org.hibernate.orm.results - Extracted JDBC value [2] - [2025-05-23]
10:24:08.329 [main] DEBUG org.hibernate.orm.results - Extracted JDBC value [3] - [2025-06-06]
10:24:08.329 [main] DEBUG org.hibernate.orm.results - Extracted JDBC value [4] - [Updated Project Name]
10:24:08.329 [main] DEBUG org.hibernate.orm.results - Extracted JDBC value [5] - [2025-04-25]
10:24:08.329 [main] DEBUG org.hibernate.orm.results.loading.entity - (EntityResultInitializer) Done materializing entityInstance : org.frcpm.models.Project(959664611790000)#69
10:24:08.329 [main] DEBUG org.hibernate.orm.results.loading - Calling top-level assembler (0 / 1) : org.hibernate.sql.results.graph.entity.internal.EntityAssembler@e158c25
10:24:08.329 [main] DEBUG org.hibernate.orm.results - Extracted JDBC value [0] - [70]
10:24:08.329 [main] DEBUG org.hibernate.orm.results.loading.entity - (EntityResultInitializer) Hydrated EntityKey (org.frcpm.models.Project(959664611790000)): 70
10:24:08.329 [main] DEBUG org.hibernate.orm.results.loading.org.hibernate.orm.results.loading.collection - (DelayedCollectionInitializer) Current row collection key : org.frcpm.models.Project(959664611790000).meetings#70
10:24:08.329 [main] DEBUG org.hibernate.orm.results.loading.org.hibernate.orm.results.loading.collection - (DelayedCollectionInitializer) Current row collection key : org.frcpm.models.Project(959664611790000).milestones#70
10:24:08.329 [main] DEBUG org.hibernate.orm.results.loading.org.hibernate.orm.results.loading.collection - (DelayedCollectionInitializer) Current row collection key : org.frcpm.models.Project(959664611790000).tasks#70
10:24:08.329 [main] DEBUG org.hibernate.orm.results.loading.entity - (EntityResultInitializer) Created new entity instance [org.frcpm.models.Project(959664611790000)#70] : 304809969
10:24:08.329 [main] DEBUG org.hibernate.orm.results - Extracted JDBC value [1] - [null]
10:24:08.329 [main] DEBUG org.hibernate.orm.results - Extracted JDBC value [2] - [2025-06-06]
10:24:08.329 [main] DEBUG org.hibernate.orm.results - Extracted JDBC value [3] - [2025-06-20]
10:24:08.329 [main] DEBUG org.hibernate.orm.results - Extracted JDBC value [4] - [Test Task Project]
10:24:08.329 [main] DEBUG org.hibernate.orm.results - Extracted JDBC value [5] - [2025-04-25]
10:24:08.329 [main] DEBUG org.hibernate.orm.results.loading.entity - (EntityResultInitializer) Done materializing entityInstance : org.frcpm.models.Project(959664611790000)#70
10:24:08.329 [main] DEBUG org.hibernate.orm.results.loading - Calling top-level assembler (0 / 1) : org.hibernate.sql.results.graph.entity.internal.EntityAssembler@e158c25
10:24:08.329 [main] DEBUG org.hibernate.orm.results - Extracted JDBC value [0] - [71]
10:24:08.329 [main] DEBUG org.hibernate.orm.results.loading.entity - (EntityResultInitializer) Hydrated EntityKey (org.frcpm.models.Project(959664611790000)): 71
10:24:08.329 [main] DEBUG org.hibernate.orm.results.loading.org.hibernate.orm.results.loading.collection - (DelayedCollectionInitializer) Current row collection key : org.frcpm.models.Project(959664611790000).meetings#71
10:24:08.329 [main] DEBUG org.hibernate.orm.results.loading.org.hibernate.orm.results.loading.collection - (DelayedCollectionInitializer) Current row collection key : org.frcpm.models.Project(959664611790000).milestones#71
10:24:08.329 [main] DEBUG org.hibernate.orm.results.loading.org.hibernate.orm.results.loading.collection - (DelayedCollectionInitializer) Current row collection key : org.frcpm.models.Project(959664611790000).tasks#71
10:24:08.329 [main] DEBUG org.hibernate.orm.results.loading.entity - (EntityResultInitializer) Created new entity instance [org.frcpm.models.Project(959664611790000)#71] : 2109893326
10:24:08.329 [main] DEBUG org.hibernate.orm.results - Extracted JDBC value [1] - [null]
10:24:08.329 [main] DEBUG org.hibernate.orm.results - Extracted JDBC value [2] - [2025-06-06]
10:24:08.329 [main] DEBUG org.hibernate.orm.results - Extracted JDBC value [3] - [2025-06-20]
10:24:08.329 [main] DEBUG org.hibernate.orm.results - Extracted JDBC value [4] - [Test Task Project]
10:24:08.329 [main] DEBUG org.hibernate.orm.results - Extracted JDBC value [5] - [2025-04-25]
10:24:08.329 [main] DEBUG org.hibernate.orm.results.loading.entity - (EntityResultInitializer) Done materializing entityInstance : org.frcpm.models.Project(959664611790000)#71
10:24:08.329 [main] DEBUG org.hibernate.orm.results.loading - Calling top-level assembler (0 / 1) : org.hibernate.sql.results.graph.entity.internal.EntityAssembler@e158c25
10:24:08.329 [main] DEBUG org.hibernate.orm.results - Extracted JDBC value [0] - [72]
10:24:08.329 [main] DEBUG org.hibernate.orm.results.loading.entity - (EntityResultInitializer) Hydrated EntityKey (org.frcpm.models.Project(959664611790000)): 72
10:24:08.329 [main] DEBUG org.hibernate.orm.results.loading.org.hibernate.orm.results.loading.collection - (DelayedCollectionInitializer) Current row collection key : org.frcpm.models.Project(959664611790000).meetings#72
10:24:08.329 [main] DEBUG org.hibernate.orm.results.loading.org.hibernate.orm.results.loading.collection - (DelayedCollectionInitializer) Current row collection key : org.frcpm.models.Project(959664611790000).milestones#72
10:24:08.329 [main] DEBUG org.hibernate.orm.results.loading.org.hibernate.orm.results.loading.collection - (DelayedCollectionInitializer) Current row collection key : org.frcpm.models.Project(959664611790000).tasks#72
10:24:08.329 [main] DEBUG org.hibernate.orm.results.loading.entity - (EntityResultInitializer) Created new entity instance [org.frcpm.models.Project(959664611790000)#72] : 1846591654
10:24:08.329 [main] DEBUG org.hibernate.orm.results - Extracted JDBC value [1] - [null]
10:24:08.329 [main] DEBUG org.hibernate.orm.results - Extracted JDBC value [2] - [2025-06-06]
10:24:08.329 [main] DEBUG org.hibernate.orm.results - Extracted JDBC value [3] - [2025-06-20]
10:24:08.329 [main] DEBUG org.hibernate.orm.results - Extracted JDBC value [4] - [Test Task Project]
10:24:08.329 [main] DEBUG org.hibernate.orm.results - Extracted JDBC value [5] - [2025-04-25]
10:24:08.329 [main] DEBUG org.hibernate.orm.results.loading.entity - (EntityResultInitializer) Done materializing entityInstance : org.frcpm.models.Project(959664611790000)#72
10:24:08.329 [main] DEBUG org.hibernate.orm.results.loading - Calling top-level assembler (0 / 1) : org.hibernate.sql.results.graph.entity.internal.EntityAssembler@e158c25
10:24:08.329 [main] DEBUG org.hibernate.orm.results - Extracted JDBC value [0] - [73]
10:24:08.329 [main] DEBUG org.hibernate.orm.results.loading.entity - (EntityResultInitializer) Hydrated EntityKey (org.frcpm.models.Project(959664611790000)): 73
10:24:08.329 [main] DEBUG org.hibernate.orm.results.loading.org.hibernate.orm.results.loading.collection - (DelayedCollectionInitializer) Current row collection key : org.frcpm.models.Project(959664611790000).meetings#73
10:24:08.329 [main] DEBUG org.hibernate.orm.results.loading.org.hibernate.orm.results.loading.collection - (DelayedCollectionInitializer) Current row collection key : org.frcpm.models.Project(959664611790000).milestones#73
10:24:08.329 [main] DEBUG org.hibernate.orm.results.loading.org.hibernate.orm.results.loading.collection - (DelayedCollectionInitializer) Current row collection key : org.frcpm.models.Project(959664611790000).tasks#73
10:24:08.329 [main] DEBUG org.hibernate.orm.results.loading.entity - (EntityResultInitializer) Created new entity instance [org.frcpm.models.Project(959664611790000)#73] : 1356672646
10:24:08.329 [main] DEBUG org.hibernate.orm.results - Extracted JDBC value [1] - [null]
10:24:08.329 [main] DEBUG org.hibernate.orm.results - Extracted JDBC value [2] - [2025-06-06]
10:24:08.329 [main] DEBUG org.hibernate.orm.results - Extracted JDBC value [3] - [2025-06-20]
10:24:08.329 [main] DEBUG org.hibernate.orm.results - Extracted JDBC value [4] - [Test Task Project]
10:24:08.329 [main] DEBUG org.hibernate.orm.results - Extracted JDBC value [5] - [2025-04-25]
10:24:08.329 [main] DEBUG org.hibernate.orm.results.loading.entity - (EntityResultInitializer) Done materializing entityInstance : org.frcpm.models.Project(959664611790000)#73
10:24:08.329 [main] DEBUG org.hibernate.orm.results.loading - Calling top-level assembler (0 / 1) : org.hibernate.sql.results.graph.entity.internal.EntityAssembler@e158c25
10:24:08.329 [main] DEBUG org.hibernate.orm.results - Extracted JDBC value [0] - [74]
10:24:08.329 [main] DEBUG org.hibernate.orm.results.loading.entity - (EntityResultInitializer) Hydrated EntityKey (org.frcpm.models.Project(959664611790000)): 74
10:24:08.329 [main] DEBUG org.hibernate.orm.results.loading.org.hibernate.orm.results.loading.collection - (DelayedCollectionInitializer) Current row collection key : org.frcpm.models.Project(959664611790000).meetings#74
10:24:08.329 [main] DEBUG org.hibernate.orm.results.loading.org.hibernate.orm.results.loading.collection - (DelayedCollectionInitializer) Current row collection key : org.frcpm.models.Project(959664611790000).milestones#74
10:24:08.329 [main] DEBUG org.hibernate.orm.results.loading.org.hibernate.orm.results.loading.collection - (DelayedCollectionInitializer) Current row collection key : org.frcpm.models.Project(959664611790000).tasks#74
10:24:08.329 [main] DEBUG org.hibernate.orm.results.loading.entity - (EntityResultInitializer) Created new entity instance [org.frcpm.models.Project(959664611790000)#74] : 1357959324
10:24:08.329 [main] DEBUG org.hibernate.orm.results - Extracted JDBC value [1] - [null]
10:24:08.330 [main] DEBUG org.hibernate.orm.results - Extracted JDBC value [2] - [2025-06-06]
10:24:08.330 [main] DEBUG org.hibernate.orm.results - Extracted JDBC value [3] - [2025-06-20]
10:24:08.330 [main] DEBUG org.hibernate.orm.results - Extracted JDBC value [4] - [Test Task Project]
10:24:08.330 [main] DEBUG org.hibernate.orm.results - Extracted JDBC value [5] - [2025-04-25]
10:24:08.330 [main] DEBUG org.hibernate.orm.results.loading.entity - (EntityResultInitializer) Done materializing entityInstance : org.frcpm.models.Project(959664611790000)#74
10:24:08.330 [main] DEBUG org.hibernate.orm.results.loading - Calling top-level assembler (0 / 1) : org.hibernate.sql.results.graph.entity.internal.EntityAssembler@e158c25
10:24:08.330 [main] DEBUG org.hibernate.orm.results - Extracted JDBC value [0] - [75]
10:24:08.330 [main] DEBUG org.hibernate.orm.results.loading.entity - (EntityResultInitializer) Hydrated EntityKey (org.frcpm.models.Project(959664611790000)): 75
10:24:08.330 [main] DEBUG org.hibernate.orm.results.loading.org.hibernate.orm.results.loading.collection - (DelayedCollectionInitializer) Current row collection key : org.frcpm.models.Project(959664611790000).meetings#75
10:24:08.330 [main] DEBUG org.hibernate.orm.results.loading.org.hibernate.orm.results.loading.collection - (DelayedCollectionInitializer) Current row collection key : org.frcpm.models.Project(959664611790000).milestones#75
10:24:08.330 [main] DEBUG org.hibernate.orm.results.loading.org.hibernate.orm.results.loading.collection - (DelayedCollectionInitializer) Current row collection key : org.frcpm.models.Project(959664611790000).tasks#75
10:24:08.330 [main] DEBUG org.hibernate.orm.results.loading.entity - (EntityResultInitializer) Created new entity instance [org.frcpm.models.Project(959664611790000)#75] : 505967185
10:24:08.330 [main] DEBUG org.hibernate.orm.results - Extracted JDBC value [1] - [null]
10:24:08.330 [main] DEBUG org.hibernate.orm.results - Extracted JDBC value [2] - [2025-06-06]
10:24:08.330 [main] DEBUG org.hibernate.orm.results - Extracted JDBC value [3] - [2025-06-20]
10:24:08.330 [main] DEBUG org.hibernate.orm.results - Extracted JDBC value [4] - [Test Task Project]
10:24:08.330 [main] DEBUG org.hibernate.orm.results - Extracted JDBC value [5] - [2025-04-25]
10:24:08.330 [main] DEBUG org.hibernate.orm.results.loading.entity - (EntityResultInitializer) Done materializing entityInstance : org.frcpm.models.Project(959664611790000)#75
10:24:08.330 [main] DEBUG org.hibernate.orm.results.loading - Calling top-level assembler (0 / 1) : org.hibernate.sql.results.graph.entity.internal.EntityAssembler@e158c25
10:24:08.330 [main] DEBUG org.hibernate.orm.results - Extracted JDBC value [0] - [76]
10:24:08.330 [main] DEBUG org.hibernate.orm.results.loading.entity - (EntityResultInitializer) Hydrated EntityKey (org.frcpm.models.Project(959664611790000)): 76
10:24:08.330 [main] DEBUG org.hibernate.orm.results.loading.org.hibernate.orm.results.loading.collection - (DelayedCollectionInitializer) Current row collection key : org.frcpm.models.Project(959664611790000).meetings#76
10:24:08.330 [main] DEBUG org.hibernate.orm.results.loading.org.hibernate.orm.results.loading.collection - (DelayedCollectionInitializer) Current row collection key : org.frcpm.models.Project(959664611790000).milestones#76
10:24:08.330 [main] DEBUG org.hibernate.orm.results.loading.org.hibernate.orm.results.loading.collection - (DelayedCollectionInitializer) Current row collection key : org.frcpm.models.Project(959664611790000).tasks#76
10:24:08.330 [main] DEBUG org.hibernate.orm.results.loading.entity - (EntityResultInitializer) Created new entity instance [org.frcpm.models.Project(959664611790000)#76] : 468060664
10:24:08.330 [main] DEBUG org.hibernate.orm.results - Extracted JDBC value [1] - [null]
10:24:08.330 [main] DEBUG org.hibernate.orm.results - Extracted JDBC value [2] - [2025-06-06]
10:24:08.330 [main] DEBUG org.hibernate.orm.results - Extracted JDBC value [3] - [2025-06-20]
10:24:08.330 [main] DEBUG org.hibernate.orm.results - Extracted JDBC value [4] - [Test Task Project]
10:24:08.330 [main] DEBUG org.hibernate.orm.results - Extracted JDBC value [5] - [2025-04-25]
10:24:08.330 [main] DEBUG org.hibernate.orm.results.loading.entity - (EntityResultInitializer) Done materializing entityInstance : org.frcpm.models.Project(959664611790000)#76
10:24:08.330 [main] DEBUG org.hibernate.orm.results.loading - Calling top-level assembler (0 / 1) : org.hibernate.sql.results.graph.entity.internal.EntityAssembler@e158c25
10:24:08.330 [main] DEBUG org.hibernate.orm.results - Extracted JDBC value [0] - [77]
10:24:08.330 [main] DEBUG org.hibernate.orm.results.loading.entity - (EntityResultInitializer) Hydrated EntityKey (org.frcpm.models.Project(959664611790000)): 77
10:24:08.330 [main] DEBUG org.hibernate.orm.results.loading.org.hibernate.orm.results.loading.collection - (DelayedCollectionInitializer) Current row collection key : org.frcpm.models.Project(959664611790000).meetings#77
10:24:08.330 [main] DEBUG org.hibernate.orm.results.loading.org.hibernate.orm.results.loading.collection - (DelayedCollectionInitializer) Current row collection key : org.frcpm.models.Project(959664611790000).milestones#77
10:24:08.330 [main] DEBUG org.hibernate.orm.results.loading.org.hibernate.orm.results.loading.collection - (DelayedCollectionInitializer) Current row collection key : org.frcpm.models.Project(959664611790000).tasks#77
10:24:08.330 [main] DEBUG org.hibernate.orm.results.loading.entity - (EntityResultInitializer) Created new entity instance [org.frcpm.models.Project(959664611790000)#77] : 224315623
10:24:08.330 [main] DEBUG org.hibernate.orm.results - Extracted JDBC value [1] - [null]
10:24:08.330 [main] DEBUG org.hibernate.orm.results - Extracted JDBC value [2] - [2025-06-06]
10:24:08.330 [main] DEBUG org.hibernate.orm.results - Extracted JDBC value [3] - [2025-06-20]
10:24:08.330 [main] DEBUG org.hibernate.orm.results - Extracted JDBC value [4] - [Test Task Project]
10:24:08.330 [main] DEBUG org.hibernate.orm.results - Extracted JDBC value [5] - [2025-04-25]
10:24:08.330 [main] DEBUG org.hibernate.orm.results.loading.entity - (EntityResultInitializer) Done materializing entityInstance : org.frcpm.models.Project(959664611790000)#77
10:24:08.330 [main] DEBUG org.hibernate.orm.results.loading - Calling top-level assembler (0 / 1) : org.hibernate.sql.results.graph.entity.internal.EntityAssembler@e158c25
10:24:08.330 [main] DEBUG org.hibernate.orm.results - Extracted JDBC value [0] - [78]
10:24:08.330 [main] DEBUG org.hibernate.orm.results.loading.entity - (EntityResultInitializer) Hydrated EntityKey (org.frcpm.models.Project(959664611790000)): 78
10:24:08.330 [main] DEBUG org.hibernate.orm.results.loading.org.hibernate.orm.results.loading.collection - (DelayedCollectionInitializer) Current row collection key : org.frcpm.models.Project(959664611790000).meetings#78
10:24:08.330 [main] DEBUG org.hibernate.orm.results.loading.org.hibernate.orm.results.loading.collection - (DelayedCollectionInitializer) Current row collection key : org.frcpm.models.Project(959664611790000).milestones#78
10:24:08.330 [main] DEBUG org.hibernate.orm.results.loading.org.hibernate.orm.results.loading.collection - (DelayedCollectionInitializer) Current row collection key : org.frcpm.models.Project(959664611790000).tasks#78
10:24:08.330 [main] DEBUG org.hibernate.orm.results.loading.entity - (EntityResultInitializer) Created new entity instance [org.frcpm.models.Project(959664611790000)#78] : 1586984707
10:24:08.330 [main] DEBUG org.hibernate.orm.results - Extracted JDBC value [1] - [null]
10:24:08.330 [main] DEBUG org.hibernate.orm.results - Extracted JDBC value [2] - [2025-06-06]
10:24:08.330 [main] DEBUG org.hibernate.orm.results - Extracted JDBC value [3] - [2025-06-20]
10:24:08.330 [main] DEBUG org.hibernate.orm.results - Extracted JDBC value [4] - [Test Task Project]
10:24:08.330 [main] DEBUG org.hibernate.orm.results - Extracted JDBC value [5] - [2025-04-25]
10:24:08.330 [main] DEBUG org.hibernate.orm.results.loading.entity - (EntityResultInitializer) Done materializing entityInstance : org.frcpm.models.Project(959664611790000)#78
10:24:08.330 [main] DEBUG org.hibernate.orm.results.loading - Calling top-level assembler (0 / 1) : org.hibernate.sql.results.graph.entity.internal.EntityAssembler@e158c25
10:24:08.330 [main] DEBUG org.hibernate.orm.results - Extracted JDBC value [0] - [79]
10:24:08.330 [main] DEBUG org.hibernate.orm.results.loading.entity - (EntityResultInitializer) Hydrated EntityKey (org.frcpm.models.Project(959664611790000)): 79
10:24:08.330 [main] DEBUG org.hibernate.orm.results.loading.org.hibernate.orm.results.loading.collection - (DelayedCollectionInitializer) Current row collection key : org.frcpm.models.Project(959664611790000).meetings#79
10:24:08.330 [main] DEBUG org.hibernate.orm.results.loading.org.hibernate.orm.results.loading.collection - (DelayedCollectionInitializer) Current row collection key : org.frcpm.models.Project(959664611790000).milestones#79
10:24:08.330 [main] DEBUG org.hibernate.orm.results.loading.org.hibernate.orm.results.loading.collection - (DelayedCollectionInitializer) Current row collection key : org.frcpm.models.Project(959664611790000).tasks#79
10:24:08.330 [main] DEBUG org.hibernate.orm.results.loading.entity - (EntityResultInitializer) Created new entity instance [org.frcpm.models.Project(959664611790000)#79] : 336025383
10:24:08.330 [main] DEBUG org.hibernate.orm.results - Extracted JDBC value [1] - [null]
10:24:08.330 [main] DEBUG org.hibernate.orm.results - Extracted JDBC value [2] - [2025-06-06]
10:24:08.330 [main] DEBUG org.hibernate.orm.results - Extracted JDBC value [3] - [2025-06-20]
10:24:08.330 [main] DEBUG org.hibernate.orm.results - Extracted JDBC value [4] - [Test Task Project]
10:24:08.330 [main] DEBUG org.hibernate.orm.results - Extracted JDBC value [5] - [2025-04-25]
10:24:08.330 [main] DEBUG org.hibernate.orm.results.loading.entity - (EntityResultInitializer) Done materializing entityInstance : org.frcpm.models.Project(959664611790000)#79
10:24:08.330 [main] DEBUG org.hibernate.orm.results.loading - Calling top-level assembler (0 / 1) : org.hibernate.sql.results.graph.entity.internal.EntityAssembler@e158c25
10:24:08.330 [main] DEBUG org.hibernate.orm.results - Extracted JDBC value [0] - [80]
10:24:08.330 [main] DEBUG org.hibernate.orm.results.loading.entity - (EntityResultInitializer) Hydrated EntityKey (org.frcpm.models.Project(959664611790000)): 80
10:24:08.330 [main] DEBUG org.hibernate.orm.results.loading.org.hibernate.orm.results.loading.collection - (DelayedCollectionInitializer) Current row collection key : org.frcpm.models.Project(959664611790000).meetings#80
10:24:08.330 [main] DEBUG org.hibernate.orm.results.loading.org.hibernate.orm.results.loading.collection - (DelayedCollectionInitializer) Current row collection key : org.frcpm.models.Project(959664611790000).milestones#80
10:24:08.330 [main] DEBUG org.hibernate.orm.results.loading.org.hibernate.orm.results.loading.collection - (DelayedCollectionInitializer) Current row collection key : org.frcpm.models.Project(959664611790000).tasks#80
10:24:08.330 [main] DEBUG org.hibernate.orm.results.loading.entity - (EntityResultInitializer) Created new entity instance [org.frcpm.models.Project(959664611790000)#80] : 1715785932
10:24:08.330 [main] DEBUG org.hibernate.orm.results - Extracted JDBC value [1] - [null]
10:24:08.330 [main] DEBUG org.hibernate.orm.results - Extracted JDBC value [2] - [2025-06-06]
10:24:08.330 [main] DEBUG org.hibernate.orm.results - Extracted JDBC value [3] - [2025-06-20]
10:24:08.330 [main] DEBUG org.hibernate.orm.results - Extracted JDBC value [4] - [Test Task Project]
10:24:08.330 [main] DEBUG org.hibernate.orm.results - Extracted JDBC value [5] - [2025-04-25]
10:24:08.330 [main] DEBUG org.hibernate.orm.results.loading.entity - (EntityResultInitializer) Done materializing entityInstance : org.frcpm.models.Project(959664611790000)#80
10:24:08.330 [main] DEBUG org.hibernate.orm.results.loading - Calling top-level assembler (0 / 1) : org.hibernate.sql.results.graph.entity.internal.EntityAssembler@e158c25
10:24:08.330 [main] DEBUG org.hibernate.orm.results - Extracted JDBC value [0] - [81]
10:24:08.330 [main] DEBUG org.hibernate.orm.results.loading.entity - (EntityResultInitializer) Hydrated EntityKey (org.frcpm.models.Project(959664611790000)): 81
10:24:08.330 [main] DEBUG org.hibernate.orm.results.loading.org.hibernate.orm.results.loading.collection - (DelayedCollectionInitializer) Current row collection key : org.frcpm.models.Project(959664611790000).meetings#81
10:24:08.330 [main] DEBUG org.hibernate.orm.results.loading.org.hibernate.orm.results.loading.collection - (DelayedCollectionInitializer) Current row collection key : org.frcpm.models.Project(959664611790000).milestones#81
10:24:08.330 [main] DEBUG org.hibernate.orm.results.loading.org.hibernate.orm.results.loading.collection - (DelayedCollectionInitializer) Current row collection key : org.frcpm.models.Project(959664611790000).tasks#81
10:24:08.330 [main] DEBUG org.hibernate.orm.results.loading.entity - (EntityResultInitializer) Created new entity instance [org.frcpm.models.Project(959664611790000)#81] : 1764551251
10:24:08.330 [main] DEBUG org.hibernate.orm.results - Extracted JDBC value [1] - [null]
10:24:08.330 [main] DEBUG org.hibernate.orm.results - Extracted JDBC value [2] - [2025-06-06]
10:24:08.330 [main] DEBUG org.hibernate.orm.results - Extracted JDBC value [3] - [2025-06-20]
10:24:08.330 [main] DEBUG org.hibernate.orm.results - Extracted JDBC value [4] - [Test Task Project]
10:24:08.330 [main] DEBUG org.hibernate.orm.results - Extracted JDBC value [5] - [2025-04-25]
10:24:08.330 [main] DEBUG org.hibernate.orm.results.loading.entity - (EntityResultInitializer) Done materializing entityInstance : org.frcpm.models.Project(959664611790000)#81
10:24:08.330 [main] DEBUG org.hibernate.orm.results.loading - Calling top-level assembler (0 / 1) : org.hibernate.sql.results.graph.entity.internal.EntityAssembler@e158c25
10:24:08.330 [main] DEBUG org.hibernate.orm.results - Extracted JDBC value [0] - [82]
10:24:08.330 [main] DEBUG org.hibernate.orm.results.loading.entity - (EntityResultInitializer) Hydrated EntityKey (org.frcpm.models.Project(959664611790000)): 82
10:24:08.331 [main] DEBUG org.hibernate.orm.results.loading.org.hibernate.orm.results.loading.collection - (DelayedCollectionInitializer) Current row collection key : org.frcpm.models.Project(959664611790000).meetings#82
10:24:08.331 [main] DEBUG org.hibernate.orm.results.loading.org.hibernate.orm.results.loading.collection - (DelayedCollectionInitializer) Current row collection key : org.frcpm.models.Project(959664611790000).milestones#82
10:24:08.331 [main] DEBUG org.hibernate.orm.results.loading.org.hibernate.orm.results.loading.collection - (DelayedCollectionInitializer) Current row collection key : org.frcpm.models.Project(959664611790000).tasks#82
10:24:08.331 [main] DEBUG org.hibernate.orm.results.loading.entity - (EntityResultInitializer) Created new entity instance [org.frcpm.models.Project(959664611790000)#82] : 1974067629
10:24:08.331 [main] DEBUG org.hibernate.orm.results - Extracted JDBC value [1] - [null]
10:24:08.331 [main] DEBUG org.hibernate.orm.results - Extracted JDBC value [2] - [2025-06-06]
10:24:08.331 [main] DEBUG org.hibernate.orm.results - Extracted JDBC value [3] - [2025-06-20]
10:24:08.331 [main] DEBUG org.hibernate.orm.results - Extracted JDBC value [4] - [Test Task Project]
10:24:08.331 [main] DEBUG org.hibernate.orm.results - Extracted JDBC value [5] - [2025-04-25]
10:24:08.331 [main] DEBUG org.hibernate.orm.results.loading.entity - (EntityResultInitializer) Done materializing entityInstance : org.frcpm.models.Project(959664611790000)#82
10:24:08.331 [main] DEBUG org.hibernate.orm.results.loading - Calling top-level assembler (0 / 1) : org.hibernate.sql.results.graph.entity.internal.EntityAssembler@e158c25
10:24:08.331 [main] DEBUG org.hibernate.orm.results - Extracted JDBC value [0] - [104]
10:24:08.331 [main] DEBUG org.hibernate.orm.results.loading.entity - (EntityResultInitializer) Hydrated EntityKey (org.frcpm.models.Project(959664611790000)): 104
10:24:08.331 [main] DEBUG org.hibernate.orm.results.loading.org.hibernate.orm.results.loading.collection - (DelayedCollectionInitializer) Current row collection key : org.frcpm.models.Project(959664611790000).meetings#104
10:24:08.331 [main] DEBUG org.hibernate.orm.results.loading.org.hibernate.orm.results.loading.collection - (DelayedCollectionInitializer) Current row collection key : org.frcpm.models.Project(959664611790000).milestones#104
10:24:08.331 [main] DEBUG org.hibernate.orm.results.loading.org.hibernate.orm.results.loading.collection - (DelayedCollectionInitializer) Current row collection key : org.frcpm.models.Project(959664611790000).tasks#104
10:24:08.331 [main] DEBUG org.hibernate.orm.results.loading.entity - (EntityResultInitializer) Created new entity instance [org.frcpm.models.Project(959664611790000)#104] : 2128504075
10:24:08.331 [main] DEBUG org.hibernate.orm.results - Extracted JDBC value [1] - [null]
10:24:08.331 [main] DEBUG org.hibernate.orm.results - Extracted JDBC value [2] - [2025-06-06]
10:24:08.331 [main] DEBUG org.hibernate.orm.results - Extracted JDBC value [3] - [2025-06-20]
10:24:08.331 [main] DEBUG org.hibernate.orm.results - Extracted JDBC value [4] - [Component Test Project]
10:24:08.331 [main] DEBUG org.hibernate.orm.results - Extracted JDBC value [5] - [2025-04-25]
10:24:08.331 [main] DEBUG org.hibernate.orm.results.loading.entity - (EntityResultInitializer) Done materializing entityInstance : org.frcpm.models.Project(959664611790000)#104
10:24:08.331 [main] DEBUG org.hibernate.orm.results.loading - Calling top-level assembler (0 / 1) : org.hibernate.sql.results.graph.entity.internal.EntityAssembler@e158c25
10:24:08.331 [main] DEBUG org.hibernate.orm.results - Extracted JDBC value [0] - [135]
10:24:08.331 [main] DEBUG org.hibernate.orm.results.loading.entity - (EntityResultInitializer) Hydrated EntityKey (org.frcpm.models.Project(959664611790000)): 135
10:24:08.331 [main] DEBUG org.hibernate.orm.results.loading.org.hibernate.orm.results.loading.collection - (DelayedCollectionInitializer) Current row collection key : org.frcpm.models.Project(959664611790000).meetings#135
10:24:08.331 [main] DEBUG org.hibernate.orm.results.loading.org.hibernate.orm.results.loading.collection - (DelayedCollectionInitializer) Current row collection key : org.frcpm.models.Project(959664611790000).milestones#135
10:24:08.331 [main] DEBUG org.hibernate.orm.results.loading.org.hibernate.orm.results.loading.collection - (DelayedCollectionInitializer) Current row collection key : org.frcpm.models.Project(959664611790000).tasks#135
10:24:08.331 [main] DEBUG org.hibernate.orm.results.loading.entity - (EntityResultInitializer) Created new entity instance [org.frcpm.models.Project(959664611790000)#135] : 1074317999
10:24:08.331 [main] DEBUG org.hibernate.orm.results - Extracted JDBC value [1] - [null]
10:24:08.331 [main] DEBUG org.hibernate.orm.results - Extracted JDBC value [2] - [2025-05-23]
10:24:08.331 [main] DEBUG org.hibernate.orm.results - Extracted JDBC value [3] - [2025-06-06]
10:24:08.331 [main] DEBUG org.hibernate.orm.results - Extracted JDBC value [4] - [Test Create Service Project]
10:24:08.331 [main] DEBUG org.hibernate.orm.results - Extracted JDBC value [5] - [2025-04-25]
10:24:08.331 [main] DEBUG org.hibernate.orm.results.loading.entity - (EntityResultInitializer) Done materializing entityInstance : org.frcpm.models.Project(959664611790000)#135
10:24:08.331 [main] DEBUG org.hibernate.orm.results.loading - Calling top-level assembler (0 / 1) : org.hibernate.sql.results.graph.entity.internal.EntityAssembler@e158c25
10:24:08.331 [main] DEBUG org.hibernate.orm.results - Extracted JDBC value [0] - [142]
10:24:08.331 [main] DEBUG org.hibernate.orm.results.loading.entity - (EntityResultInitializer) Hydrated EntityKey (org.frcpm.models.Project(959664611790000)): 142
10:24:08.331 [main] DEBUG org.hibernate.orm.results.loading.org.hibernate.orm.results.loading.collection - (DelayedCollectionInitializer) Current row collection key : org.frcpm.models.Project(959664611790000).meetings#142
10:24:08.331 [main] DEBUG org.hibernate.orm.results.loading.org.hibernate.orm.results.loading.collection - (DelayedCollectionInitializer) Current row collection key : org.frcpm.models.Project(959664611790000).milestones#142
10:24:08.331 [main] DEBUG org.hibernate.orm.results.loading.org.hibernate.orm.results.loading.collection - (DelayedCollectionInitializer) Current row collection key : org.frcpm.models.Project(959664611790000).tasks#142
10:24:08.332 [main] DEBUG org.hibernate.orm.results.loading.entity - (EntityResultInitializer) Created new entity instance [org.frcpm.models.Project(959664611790000)#142] : 1397787979
10:24:08.332 [main] DEBUG org.hibernate.orm.results - Extracted JDBC value [1] - [Updated description]
10:24:08.332 [main] DEBUG org.hibernate.orm.results - Extracted JDBC value [2] - [2025-05-23]
10:24:08.332 [main] DEBUG org.hibernate.orm.results - Extracted JDBC value [3] - [2025-06-06]
10:24:08.332 [main] DEBUG org.hibernate.orm.results - Extracted JDBC value [4] - [Updated Service Project Name]
10:24:08.332 [main] DEBUG org.hibernate.orm.results - Extracted JDBC value [5] - [2025-04-25]
10:24:08.332 [main] DEBUG org.hibernate.orm.results.loading.entity - (EntityResultInitializer) Done materializing entityInstance : org.frcpm.models.Project(959664611790000)#142
10:24:08.332 [main] DEBUG org.hibernate.orm.results.loading - Calling top-level assembler (0 / 1) : org.hibernate.sql.results.graph.entity.internal.EntityAssembler@e158c25
10:24:08.332 [main] DEBUG org.hibernate.orm.results - Extracted JDBC value [0] - [148]
10:24:08.332 [main] DEBUG org.hibernate.orm.results.loading.entity - (EntityResultInitializer) Hydrated EntityKey (org.frcpm.models.Project(959664611790000)): 148
10:24:08.332 [main] DEBUG org.hibernate.orm.results.loading.org.hibernate.orm.results.loading.collection - (DelayedCollectionInitializer) Current row collection key : org.frcpm.models.Project(959664611790000).meetings#148
10:24:08.332 [main] DEBUG org.hibernate.orm.results.loading.org.hibernate.orm.results.loading.collection - (DelayedCollectionInitializer) Current row collection key : org.frcpm.models.Project(959664611790000).milestones#148
10:24:08.332 [main] DEBUG org.hibernate.orm.results.loading.org.hibernate.orm.results.loading.collection - (DelayedCollectionInitializer) Current row collection key : org.frcpm.models.Project(959664611790000).tasks#148
10:24:08.332 [main] DEBUG org.hibernate.orm.results.loading.entity - (EntityResultInitializer) Created new entity instance [org.frcpm.models.Project(959664611790000)#148] : 1450396149
10:24:08.332 [main] DEBUG org.hibernate.orm.results - Extracted JDBC value [1] - [null]
10:24:08.333 [main] DEBUG org.hibernate.orm.results - Extracted JDBC value [2] - [2025-05-23]
10:24:08.333 [main] DEBUG org.hibernate.orm.results - Extracted JDBC value [3] - [2025-06-06]
10:24:08.333 [main] DEBUG org.hibernate.orm.results - Extracted JDBC value [4] - [Test Summary Project]
10:24:08.333 [main] DEBUG org.hibernate.orm.results - Extracted JDBC value [5] - [2025-04-25]
10:24:08.333 [main] DEBUG org.hibernate.orm.results.loading.entity - (EntityResultInitializer) Done materializing entityInstance : org.frcpm.models.Project(959664611790000)#148
10:24:08.333 [main] DEBUG org.hibernate.orm.results.loading - Calling top-level assembler (0 / 1) : org.hibernate.sql.results.graph.entity.internal.EntityAssembler@e158c25
10:24:08.333 [main] DEBUG org.hibernate.resource.jdbc.internal.LogicalConnectionManagedImpl - Initiating JDBC connection release from afterTransaction
10:24:08.333 [main] DEBUG org.hibernate.resource.jdbc.internal.LogicalConnectionManagedImpl - Initiating JDBC connection release from afterTransaction
]]></system-out>
    <system-err><![CDATA[Apr 25, 2025 10:24:08 AM org.frcpm.controllers.ProjectController setupBindings
WARNING: UI components not initialized - likely in test environment
]]></system-err>
  </testcase>
  <testcase name="testHandleEditMilestone" classname="org.frcpm.controllers.ProjectControllerTest" time="0.021">
    <system-out><![CDATA[10:24:08.342 [main] DEBUG org.hibernate.orm.sql.ast.create - Created new SQL alias : p1_0
10:24:08.342 [main] DEBUG org.hibernate.orm.sql.ast.create - Registration of TableGroup [StandardTableGroup(org.frcpm.models.Project(959664627826900))] with identifierForTableGroup [org.frcpm.models.Project] for NavigablePath [org.frcpm.models.Project] 
10:24:08.342 [main] DEBUG org.hibernate.orm.results.graph.AST - DomainResult Graph:
 \-EntityResultImpl [org.frcpm.models.Project(959664627826900)]
 |  +-BasicFetch [org.frcpm.models.Project(959664627826900).description]
 |  +-BasicFetch [org.frcpm.models.Project(959664627826900).goalEndDate]
 |  +-BasicFetch [org.frcpm.models.Project(959664627826900).hardDeadline]
 |  +-DelayedCollectionFetch [org.frcpm.models.Project(959664627826900).meetings]
 |  +-DelayedCollectionFetch [org.frcpm.models.Project(959664627826900).milestones]
 |  +-BasicFetch [org.frcpm.models.Project(959664627826900).name]
 |  +-BasicFetch [org.frcpm.models.Project(959664627826900).startDate]
 |  \-DelayedCollectionFetch [org.frcpm.models.Project(959664627826900).tasks]

10:24:08.342 [main] DEBUG org.hibernate.orm.sql.ast.tree - SQL AST Tree:
    SelectStatement {
      FromClause {
        StandardTableGroup (p1 : org.frcpm.models.Project(959664627826900)) {
          primaryTableReference : projects as p1_0
        }
      }
    }

10:24:08.342 [main] DEBUG org.hibernate.orm.sql.exec - Skipping reading Query result cache data: cache-enabled = false, cache-mode = NORMAL
10:24:08.342 [main] DEBUG org.hibernate.orm.results - Initializer list:
	  org.frcpm.models.Project(959664627826900).meetings -> DelayedCollectionInitializer(org.frcpm.models.Project(959664627826900).meetings)@1898791661 (PluralAttribute(org.frcpm.models.Project.meetings))
	  org.frcpm.models.Project(959664627826900).milestones -> DelayedCollectionInitializer(org.frcpm.models.Project(959664627826900).milestones)@821223648 (PluralAttribute(org.frcpm.models.Project.milestones))
	  org.frcpm.models.Project(959664627826900).tasks -> DelayedCollectionInitializer(org.frcpm.models.Project(959664627826900).tasks)@1775841139 (PluralAttribute(org.frcpm.models.Project.tasks))
	  org.frcpm.models.Project(959664627826900) -> EntityResultInitializer(org.frcpm.models.Project(959664627826900))@105354646 (SingleTableEntityPersister(org.frcpm.models.Project))

10:24:08.342 [main] DEBUG org.hibernate.SQL - select p1_0.id,p1_0.description,p1_0.goal_end_date,p1_0.hard_deadline,p1_0.name,p1_0.start_date from projects p1_0
10:24:08.343 [main] DEBUG org.hibernate.orm.results - Extracted JDBC value [0] - [1]
10:24:08.343 [main] DEBUG org.hibernate.orm.results.loading.entity - (EntityResultInitializer) Hydrated EntityKey (org.frcpm.models.Project(959664627826900)): 1
10:24:08.343 [main] DEBUG org.hibernate.orm.results.loading.org.hibernate.orm.results.loading.collection - (DelayedCollectionInitializer) Current row collection key : org.frcpm.models.Project(959664627826900).meetings#1
10:24:08.343 [main] DEBUG org.hibernate.orm.results.loading.org.hibernate.orm.results.loading.collection - (DelayedCollectionInitializer) Current row collection key : org.frcpm.models.Project(959664627826900).milestones#1
10:24:08.343 [main] DEBUG org.hibernate.orm.results.loading.org.hibernate.orm.results.loading.collection - (DelayedCollectionInitializer) Current row collection key : org.frcpm.models.Project(959664627826900).tasks#1
10:24:08.343 [main] DEBUG org.hibernate.orm.results.loading.entity - (EntityResultInitializer) Created new entity instance [org.frcpm.models.Project(959664627826900)#1] : 448172471
10:24:08.343 [main] DEBUG org.hibernate.orm.results - Extracted JDBC value [1] - [Competition robot for the 2025 FIRST Robotics Competition]
10:24:08.343 [main] DEBUG org.hibernate.orm.results - Extracted JDBC value [2] - [2025-06-12]
10:24:08.343 [main] DEBUG org.hibernate.orm.results - Extracted JDBC value [3] - [2025-06-26]
10:24:08.343 [main] DEBUG org.hibernate.orm.results - Extracted JDBC value [4] - [FRC 2025 Robot]
10:24:08.343 [main] DEBUG org.hibernate.orm.results - Extracted JDBC value [5] - [2025-05-01]
10:24:08.343 [main] DEBUG org.hibernate.orm.results.loading.entity - (EntityResultInitializer) Done materializing entityInstance : org.frcpm.models.Project(959664627826900)#1
10:24:08.343 [main] DEBUG org.hibernate.orm.results.loading - Calling top-level assembler (0 / 1) : org.hibernate.sql.results.graph.entity.internal.EntityAssembler@3922d85c
10:24:08.343 [main] DEBUG org.hibernate.orm.results - Extracted JDBC value [0] - [51]
10:24:08.343 [main] DEBUG org.hibernate.orm.results.loading.entity - (EntityResultInitializer) Hydrated EntityKey (org.frcpm.models.Project(959664627826900)): 51
10:24:08.343 [main] DEBUG org.hibernate.orm.results.loading.org.hibernate.orm.results.loading.collection - (DelayedCollectionInitializer) Current row collection key : org.frcpm.models.Project(959664627826900).meetings#51
10:24:08.343 [main] DEBUG org.hibernate.orm.results.loading.org.hibernate.orm.results.loading.collection - (DelayedCollectionInitializer) Current row collection key : org.frcpm.models.Project(959664627826900).milestones#51
10:24:08.343 [main] DEBUG org.hibernate.orm.results.loading.org.hibernate.orm.results.loading.collection - (DelayedCollectionInitializer) Current row collection key : org.frcpm.models.Project(959664627826900).tasks#51
10:24:08.343 [main] DEBUG org.hibernate.orm.results.loading.entity - (EntityResultInitializer) Created new entity instance [org.frcpm.models.Project(959664627826900)#51] : 599594742
10:24:08.343 [main] DEBUG org.hibernate.orm.results - Extracted JDBC value [1] - [null]
10:24:08.343 [main] DEBUG org.hibernate.orm.results - Extracted JDBC value [2] - [2025-05-23]
10:24:08.343 [main] DEBUG org.hibernate.orm.results - Extracted JDBC value [3] - [2025-06-06]
10:24:08.343 [main] DEBUG org.hibernate.orm.results - Extracted JDBC value [4] - [Test Count Project]
10:24:08.343 [main] DEBUG org.hibernate.orm.results - Extracted JDBC value [5] - [2025-04-25]
10:24:08.343 [main] DEBUG org.hibernate.orm.results.loading.entity - (EntityResultInitializer) Done materializing entityInstance : org.frcpm.models.Project(959664627826900)#51
10:24:08.343 [main] DEBUG org.hibernate.orm.results.loading - Calling top-level assembler (0 / 1) : org.hibernate.sql.results.graph.entity.internal.EntityAssembler@3922d85c
10:24:08.343 [main] DEBUG org.hibernate.orm.results - Extracted JDBC value [0] - [54]
10:24:08.343 [main] DEBUG org.hibernate.orm.results.loading.entity - (EntityResultInitializer) Hydrated EntityKey (org.frcpm.models.Project(959664627826900)): 54
10:24:08.343 [main] DEBUG org.hibernate.orm.results.loading.org.hibernate.orm.results.loading.collection - (DelayedCollectionInitializer) Current row collection key : org.frcpm.models.Project(959664627826900).meetings#54
10:24:08.343 [main] DEBUG org.hibernate.orm.results.loading.org.hibernate.orm.results.loading.collection - (DelayedCollectionInitializer) Current row collection key : org.frcpm.models.Project(959664627826900).milestones#54
10:24:08.343 [main] DEBUG org.hibernate.orm.results.loading.org.hibernate.orm.results.loading.collection - (DelayedCollectionInitializer) Current row collection key : org.frcpm.models.Project(959664627826900).tasks#54
10:24:08.343 [main] DEBUG org.hibernate.orm.results.loading.entity - (EntityResultInitializer) Created new entity instance [org.frcpm.models.Project(959664627826900)#54] : 1094388488
10:24:08.343 [main] DEBUG org.hibernate.orm.results - Extracted JDBC value [1] - [Test save description]
10:24:08.343 [main] DEBUG org.hibernate.orm.results - Extracted JDBC value [2] - [2025-05-23]
10:24:08.343 [main] DEBUG org.hibernate.orm.results - Extracted JDBC value [3] - [2025-06-06]
10:24:08.343 [main] DEBUG org.hibernate.orm.results - Extracted JDBC value [4] - [Test Save Project]
10:24:08.343 [main] DEBUG org.hibernate.orm.results - Extracted JDBC value [5] - [2025-04-25]
10:24:08.343 [main] DEBUG org.hibernate.orm.results.loading.entity - (EntityResultInitializer) Done materializing entityInstance : org.frcpm.models.Project(959664627826900)#54
10:24:08.343 [main] DEBUG org.hibernate.orm.results.loading - Calling top-level assembler (0 / 1) : org.hibernate.sql.results.graph.entity.internal.EntityAssembler@3922d85c
10:24:08.343 [main] DEBUG org.hibernate.orm.results - Extracted JDBC value [0] - [69]
10:24:08.343 [main] DEBUG org.hibernate.orm.results.loading.entity - (EntityResultInitializer) Hydrated EntityKey (org.frcpm.models.Project(959664627826900)): 69
10:24:08.343 [main] DEBUG org.hibernate.orm.results.loading.org.hibernate.orm.results.loading.collection - (DelayedCollectionInitializer) Current row collection key : org.frcpm.models.Project(959664627826900).meetings#69
10:24:08.343 [main] DEBUG org.hibernate.orm.results.loading.org.hibernate.orm.results.loading.collection - (DelayedCollectionInitializer) Current row collection key : org.frcpm.models.Project(959664627826900).milestones#69
10:24:08.343 [main] DEBUG org.hibernate.orm.results.loading.org.hibernate.orm.results.loading.collection - (DelayedCollectionInitializer) Current row collection key : org.frcpm.models.Project(959664627826900).tasks#69
10:24:08.343 [main] DEBUG org.hibernate.orm.results.loading.entity - (EntityResultInitializer) Created new entity instance [org.frcpm.models.Project(959664627826900)#69] : 1453376789
10:24:08.343 [main] DEBUG org.hibernate.orm.results - Extracted JDBC value [1] - [null]
10:24:08.343 [main] DEBUG org.hibernate.orm.results - Extracted JDBC value [2] - [2025-05-23]
10:24:08.343 [main] DEBUG org.hibernate.orm.results - Extracted JDBC value [3] - [2025-06-06]
10:24:08.343 [main] DEBUG org.hibernate.orm.results - Extracted JDBC value [4] - [Updated Project Name]
10:24:08.343 [main] DEBUG org.hibernate.orm.results - Extracted JDBC value [5] - [2025-04-25]
10:24:08.343 [main] DEBUG org.hibernate.orm.results.loading.entity - (EntityResultInitializer) Done materializing entityInstance : org.frcpm.models.Project(959664627826900)#69
10:24:08.343 [main] DEBUG org.hibernate.orm.results.loading - Calling top-level assembler (0 / 1) : org.hibernate.sql.results.graph.entity.internal.EntityAssembler@3922d85c
10:24:08.343 [main] DEBUG org.hibernate.orm.results - Extracted JDBC value [0] - [70]
10:24:08.343 [main] DEBUG org.hibernate.orm.results.loading.entity - (EntityResultInitializer) Hydrated EntityKey (org.frcpm.models.Project(959664627826900)): 70
10:24:08.343 [main] DEBUG org.hibernate.orm.results.loading.org.hibernate.orm.results.loading.collection - (DelayedCollectionInitializer) Current row collection key : org.frcpm.models.Project(959664627826900).meetings#70
10:24:08.343 [main] DEBUG org.hibernate.orm.results.loading.org.hibernate.orm.results.loading.collection - (DelayedCollectionInitializer) Current row collection key : org.frcpm.models.Project(959664627826900).milestones#70
10:24:08.343 [main] DEBUG org.hibernate.orm.results.loading.org.hibernate.orm.results.loading.collection - (DelayedCollectionInitializer) Current row collection key : org.frcpm.models.Project(959664627826900).tasks#70
10:24:08.343 [main] DEBUG org.hibernate.orm.results.loading.entity - (EntityResultInitializer) Created new entity instance [org.frcpm.models.Project(959664627826900)#70] : 2030239868
10:24:08.343 [main] DEBUG org.hibernate.orm.results - Extracted JDBC value [1] - [null]
10:24:08.343 [main] DEBUG org.hibernate.orm.results - Extracted JDBC value [2] - [2025-06-06]
10:24:08.343 [main] DEBUG org.hibernate.orm.results - Extracted JDBC value [3] - [2025-06-20]
10:24:08.343 [main] DEBUG org.hibernate.orm.results - Extracted JDBC value [4] - [Test Task Project]
10:24:08.343 [main] DEBUG org.hibernate.orm.results - Extracted JDBC value [5] - [2025-04-25]
10:24:08.343 [main] DEBUG org.hibernate.orm.results.loading.entity - (EntityResultInitializer) Done materializing entityInstance : org.frcpm.models.Project(959664627826900)#70
10:24:08.343 [main] DEBUG org.hibernate.orm.results.loading - Calling top-level assembler (0 / 1) : org.hibernate.sql.results.graph.entity.internal.EntityAssembler@3922d85c
10:24:08.343 [main] DEBUG org.hibernate.orm.results - Extracted JDBC value [0] - [71]
10:24:08.343 [main] DEBUG org.hibernate.orm.results.loading.entity - (EntityResultInitializer) Hydrated EntityKey (org.frcpm.models.Project(959664627826900)): 71
10:24:08.343 [main] DEBUG org.hibernate.orm.results.loading.org.hibernate.orm.results.loading.collection - (DelayedCollectionInitializer) Current row collection key : org.frcpm.models.Project(959664627826900).meetings#71
10:24:08.343 [main] DEBUG org.hibernate.orm.results.loading.org.hibernate.orm.results.loading.collection - (DelayedCollectionInitializer) Current row collection key : org.frcpm.models.Project(959664627826900).milestones#71
10:24:08.343 [main] DEBUG org.hibernate.orm.results.loading.org.hibernate.orm.results.loading.collection - (DelayedCollectionInitializer) Current row collection key : org.frcpm.models.Project(959664627826900).tasks#71
10:24:08.344 [main] DEBUG org.hibernate.orm.results.loading.entity - (EntityResultInitializer) Created new entity instance [org.frcpm.models.Project(959664627826900)#71] : 1003707344
10:24:08.344 [main] DEBUG org.hibernate.orm.results - Extracted JDBC value [1] - [null]
10:24:08.344 [main] DEBUG org.hibernate.orm.results - Extracted JDBC value [2] - [2025-06-06]
10:24:08.344 [main] DEBUG org.hibernate.orm.results - Extracted JDBC value [3] - [2025-06-20]
10:24:08.344 [main] DEBUG org.hibernate.orm.results - Extracted JDBC value [4] - [Test Task Project]
10:24:08.344 [main] DEBUG org.hibernate.orm.results - Extracted JDBC value [5] - [2025-04-25]
10:24:08.344 [main] DEBUG org.hibernate.orm.results.loading.entity - (EntityResultInitializer) Done materializing entityInstance : org.frcpm.models.Project(959664627826900)#71
10:24:08.344 [main] DEBUG org.hibernate.orm.results.loading - Calling top-level assembler (0 / 1) : org.hibernate.sql.results.graph.entity.internal.EntityAssembler@3922d85c
10:24:08.344 [main] DEBUG org.hibernate.orm.results - Extracted JDBC value [0] - [72]
10:24:08.344 [main] DEBUG org.hibernate.orm.results.loading.entity - (EntityResultInitializer) Hydrated EntityKey (org.frcpm.models.Project(959664627826900)): 72
10:24:08.344 [main] DEBUG org.hibernate.orm.results.loading.org.hibernate.orm.results.loading.collection - (DelayedCollectionInitializer) Current row collection key : org.frcpm.models.Project(959664627826900).meetings#72
10:24:08.344 [main] DEBUG org.hibernate.orm.results.loading.org.hibernate.orm.results.loading.collection - (DelayedCollectionInitializer) Current row collection key : org.frcpm.models.Project(959664627826900).milestones#72
10:24:08.344 [main] DEBUG org.hibernate.orm.results.loading.org.hibernate.orm.results.loading.collection - (DelayedCollectionInitializer) Current row collection key : org.frcpm.models.Project(959664627826900).tasks#72
10:24:08.344 [main] DEBUG org.hibernate.orm.results.loading.entity - (EntityResultInitializer) Created new entity instance [org.frcpm.models.Project(959664627826900)#72] : 34284196
10:24:08.344 [main] DEBUG org.hibernate.orm.results - Extracted JDBC value [1] - [null]
10:24:08.344 [main] DEBUG org.hibernate.orm.results - Extracted JDBC value [2] - [2025-06-06]
10:24:08.344 [main] DEBUG org.hibernate.orm.results - Extracted JDBC value [3] - [2025-06-20]
10:24:08.344 [main] DEBUG org.hibernate.orm.results - Extracted JDBC value [4] - [Test Task Project]
10:24:08.344 [main] DEBUG org.hibernate.orm.results - Extracted JDBC value [5] - [2025-04-25]
10:24:08.344 [main] DEBUG org.hibernate.orm.results.loading.entity - (EntityResultInitializer) Done materializing entityInstance : org.frcpm.models.Project(959664627826900)#72
10:24:08.344 [main] DEBUG org.hibernate.orm.results.loading - Calling top-level assembler (0 / 1) : org.hibernate.sql.results.graph.entity.internal.EntityAssembler@3922d85c
10:24:08.344 [main] DEBUG org.hibernate.orm.results - Extracted JDBC value [0] - [73]
10:24:08.344 [main] DEBUG org.hibernate.orm.results.loading.entity - (EntityResultInitializer) Hydrated EntityKey (org.frcpm.models.Project(959664627826900)): 73
10:24:08.344 [main] DEBUG org.hibernate.orm.results.loading.org.hibernate.orm.results.loading.collection - (DelayedCollectionInitializer) Current row collection key : org.frcpm.models.Project(959664627826900).meetings#73
10:24:08.344 [main] DEBUG org.hibernate.orm.results.loading.org.hibernate.orm.results.loading.collection - (DelayedCollectionInitializer) Current row collection key : org.frcpm.models.Project(959664627826900).milestones#73
10:24:08.344 [main] DEBUG org.hibernate.orm.results.loading.org.hibernate.orm.results.loading.collection - (DelayedCollectionInitializer) Current row collection key : org.frcpm.models.Project(959664627826900).tasks#73
10:24:08.344 [main] DEBUG org.hibernate.orm.results.loading.entity - (EntityResultInitializer) Created new entity instance [org.frcpm.models.Project(959664627826900)#73] : 1602420748
10:24:08.344 [main] DEBUG org.hibernate.orm.results - Extracted JDBC value [1] - [null]
10:24:08.344 [main] DEBUG org.hibernate.orm.results - Extracted JDBC value [2] - [2025-06-06]
10:24:08.344 [main] DEBUG org.hibernate.orm.results - Extracted JDBC value [3] - [2025-06-20]
10:24:08.344 [main] DEBUG org.hibernate.orm.results - Extracted JDBC value [4] - [Test Task Project]
10:24:08.344 [main] DEBUG org.hibernate.orm.results - Extracted JDBC value [5] - [2025-04-25]
10:24:08.344 [main] DEBUG org.hibernate.orm.results.loading.entity - (EntityResultInitializer) Done materializing entityInstance : org.frcpm.models.Project(959664627826900)#73
10:24:08.344 [main] DEBUG org.hibernate.orm.results.loading - Calling top-level assembler (0 / 1) : org.hibernate.sql.results.graph.entity.internal.EntityAssembler@3922d85c
10:24:08.344 [main] DEBUG org.hibernate.orm.results - Extracted JDBC value [0] - [74]
10:24:08.344 [main] DEBUG org.hibernate.orm.results.loading.entity - (EntityResultInitializer) Hydrated EntityKey (org.frcpm.models.Project(959664627826900)): 74
10:24:08.344 [main] DEBUG org.hibernate.orm.results.loading.org.hibernate.orm.results.loading.collection - (DelayedCollectionInitializer) Current row collection key : org.frcpm.models.Project(959664627826900).meetings#74
10:24:08.344 [main] DEBUG org.hibernate.orm.results.loading.org.hibernate.orm.results.loading.collection - (DelayedCollectionInitializer) Current row collection key : org.frcpm.models.Project(959664627826900).milestones#74
10:24:08.344 [main] DEBUG org.hibernate.orm.results.loading.org.hibernate.orm.results.loading.collection - (DelayedCollectionInitializer) Current row collection key : org.frcpm.models.Project(959664627826900).tasks#74
10:24:08.344 [main] DEBUG org.hibernate.orm.results.loading.entity - (EntityResultInitializer) Created new entity instance [org.frcpm.models.Project(959664627826900)#74] : 1195553474
10:24:08.344 [main] DEBUG org.hibernate.orm.results - Extracted JDBC value [1] - [null]
10:24:08.344 [main] DEBUG org.hibernate.orm.results - Extracted JDBC value [2] - [2025-06-06]
10:24:08.344 [main] DEBUG org.hibernate.orm.results - Extracted JDBC value [3] - [2025-06-20]
10:24:08.344 [main] DEBUG org.hibernate.orm.results - Extracted JDBC value [4] - [Test Task Project]
10:24:08.344 [main] DEBUG org.hibernate.orm.results - Extracted JDBC value [5] - [2025-04-25]
10:24:08.344 [main] DEBUG org.hibernate.orm.results.loading.entity - (EntityResultInitializer) Done materializing entityInstance : org.frcpm.models.Project(959664627826900)#74
10:24:08.344 [main] DEBUG org.hibernate.orm.results.loading - Calling top-level assembler (0 / 1) : org.hibernate.sql.results.graph.entity.internal.EntityAssembler@3922d85c
10:24:08.344 [main] DEBUG org.hibernate.orm.results - Extracted JDBC value [0] - [75]
10:24:08.344 [main] DEBUG org.hibernate.orm.results.loading.entity - (EntityResultInitializer) Hydrated EntityKey (org.frcpm.models.Project(959664627826900)): 75
10:24:08.344 [main] DEBUG org.hibernate.orm.results.loading.org.hibernate.orm.results.loading.collection - (DelayedCollectionInitializer) Current row collection key : org.frcpm.models.Project(959664627826900).meetings#75
10:24:08.344 [main] DEBUG org.hibernate.orm.results.loading.org.hibernate.orm.results.loading.collection - (DelayedCollectionInitializer) Current row collection key : org.frcpm.models.Project(959664627826900).milestones#75
10:24:08.344 [main] DEBUG org.hibernate.orm.results.loading.org.hibernate.orm.results.loading.collection - (DelayedCollectionInitializer) Current row collection key : org.frcpm.models.Project(959664627826900).tasks#75
10:24:08.344 [main] DEBUG org.hibernate.orm.results.loading.entity - (EntityResultInitializer) Created new entity instance [org.frcpm.models.Project(959664627826900)#75] : 250913760
10:24:08.344 [main] DEBUG org.hibernate.orm.results - Extracted JDBC value [1] - [null]
10:24:08.344 [main] DEBUG org.hibernate.orm.results - Extracted JDBC value [2] - [2025-06-06]
10:24:08.344 [main] DEBUG org.hibernate.orm.results - Extracted JDBC value [3] - [2025-06-20]
10:24:08.344 [main] DEBUG org.hibernate.orm.results - Extracted JDBC value [4] - [Test Task Project]
10:24:08.344 [main] DEBUG org.hibernate.orm.results - Extracted JDBC value [5] - [2025-04-25]
10:24:08.344 [main] DEBUG org.hibernate.orm.results.loading.entity - (EntityResultInitializer) Done materializing entityInstance : org.frcpm.models.Project(959664627826900)#75
10:24:08.344 [main] DEBUG org.hibernate.orm.results.loading - Calling top-level assembler (0 / 1) : org.hibernate.sql.results.graph.entity.internal.EntityAssembler@3922d85c
10:24:08.344 [main] DEBUG org.hibernate.orm.results - Extracted JDBC value [0] - [76]
10:24:08.344 [main] DEBUG org.hibernate.orm.results.loading.entity - (EntityResultInitializer) Hydrated EntityKey (org.frcpm.models.Project(959664627826900)): 76
10:24:08.344 [main] DEBUG org.hibernate.orm.results.loading.org.hibernate.orm.results.loading.collection - (DelayedCollectionInitializer) Current row collection key : org.frcpm.models.Project(959664627826900).meetings#76
10:24:08.344 [main] DEBUG org.hibernate.orm.results.loading.org.hibernate.orm.results.loading.collection - (DelayedCollectionInitializer) Current row collection key : org.frcpm.models.Project(959664627826900).milestones#76
10:24:08.344 [main] DEBUG org.hibernate.orm.results.loading.org.hibernate.orm.results.loading.collection - (DelayedCollectionInitializer) Current row collection key : org.frcpm.models.Project(959664627826900).tasks#76
10:24:08.344 [main] DEBUG org.hibernate.orm.results.loading.entity - (EntityResultInitializer) Created new entity instance [org.frcpm.models.Project(959664627826900)#76] : 80200326
10:24:08.344 [main] DEBUG org.hibernate.orm.results - Extracted JDBC value [1] - [null]
10:24:08.344 [main] DEBUG org.hibernate.orm.results - Extracted JDBC value [2] - [2025-06-06]
10:24:08.344 [main] DEBUG org.hibernate.orm.results - Extracted JDBC value [3] - [2025-06-20]
10:24:08.344 [main] DEBUG org.hibernate.orm.results - Extracted JDBC value [4] - [Test Task Project]
10:24:08.344 [main] DEBUG org.hibernate.orm.results - Extracted JDBC value [5] - [2025-04-25]
10:24:08.344 [main] DEBUG org.hibernate.orm.results.loading.entity - (EntityResultInitializer) Done materializing entityInstance : org.frcpm.models.Project(959664627826900)#76
10:24:08.344 [main] DEBUG org.hibernate.orm.results.loading - Calling top-level assembler (0 / 1) : org.hibernate.sql.results.graph.entity.internal.EntityAssembler@3922d85c
10:24:08.344 [main] DEBUG org.hibernate.orm.results - Extracted JDBC value [0] - [77]
10:24:08.344 [main] DEBUG org.hibernate.orm.results.loading.entity - (EntityResultInitializer) Hydrated EntityKey (org.frcpm.models.Project(959664627826900)): 77
10:24:08.344 [main] DEBUG org.hibernate.orm.results.loading.org.hibernate.orm.results.loading.collection - (DelayedCollectionInitializer) Current row collection key : org.frcpm.models.Project(959664627826900).meetings#77
10:24:08.344 [main] DEBUG org.hibernate.orm.results.loading.org.hibernate.orm.results.loading.collection - (DelayedCollectionInitializer) Current row collection key : org.frcpm.models.Project(959664627826900).milestones#77
10:24:08.344 [main] DEBUG org.hibernate.orm.results.loading.org.hibernate.orm.results.loading.collection - (DelayedCollectionInitializer) Current row collection key : org.frcpm.models.Project(959664627826900).tasks#77
10:24:08.344 [main] DEBUG org.hibernate.orm.results.loading.entity - (EntityResultInitializer) Created new entity instance [org.frcpm.models.Project(959664627826900)#77] : 424954934
10:24:08.345 [main] DEBUG org.hibernate.orm.results - Extracted JDBC value [1] - [null]
10:24:08.345 [main] DEBUG org.hibernate.orm.results - Extracted JDBC value [2] - [2025-06-06]
10:24:08.345 [main] DEBUG org.hibernate.orm.results - Extracted JDBC value [3] - [2025-06-20]
10:24:08.345 [main] DEBUG org.hibernate.orm.results - Extracted JDBC value [4] - [Test Task Project]
10:24:08.345 [main] DEBUG org.hibernate.orm.results - Extracted JDBC value [5] - [2025-04-25]
10:24:08.345 [main] DEBUG org.hibernate.orm.results.loading.entity - (EntityResultInitializer) Done materializing entityInstance : org.frcpm.models.Project(959664627826900)#77
10:24:08.345 [main] DEBUG org.hibernate.orm.results.loading - Calling top-level assembler (0 / 1) : org.hibernate.sql.results.graph.entity.internal.EntityAssembler@3922d85c
10:24:08.345 [main] DEBUG org.hibernate.orm.results - Extracted JDBC value [0] - [78]
10:24:08.345 [main] DEBUG org.hibernate.orm.results.loading.entity - (EntityResultInitializer) Hydrated EntityKey (org.frcpm.models.Project(959664627826900)): 78
10:24:08.345 [main] DEBUG org.hibernate.orm.results.loading.org.hibernate.orm.results.loading.collection - (DelayedCollectionInitializer) Current row collection key : org.frcpm.models.Project(959664627826900).meetings#78
10:24:08.345 [main] DEBUG org.hibernate.orm.results.loading.org.hibernate.orm.results.loading.collection - (DelayedCollectionInitializer) Current row collection key : org.frcpm.models.Project(959664627826900).milestones#78
10:24:08.345 [main] DEBUG org.hibernate.orm.results.loading.org.hibernate.orm.results.loading.collection - (DelayedCollectionInitializer) Current row collection key : org.frcpm.models.Project(959664627826900).tasks#78
10:24:08.345 [main] DEBUG org.hibernate.orm.results.loading.entity - (EntityResultInitializer) Created new entity instance [org.frcpm.models.Project(959664627826900)#78] : 88110881
10:24:08.345 [main] DEBUG org.hibernate.orm.results - Extracted JDBC value [1] - [null]
10:24:08.345 [main] DEBUG org.hibernate.orm.results - Extracted JDBC value [2] - [2025-06-06]
10:24:08.345 [main] DEBUG org.hibernate.orm.results - Extracted JDBC value [3] - [2025-06-20]
10:24:08.345 [main] DEBUG org.hibernate.orm.results - Extracted JDBC value [4] - [Test Task Project]
10:24:08.345 [main] DEBUG org.hibernate.orm.results - Extracted JDBC value [5] - [2025-04-25]
10:24:08.345 [main] DEBUG org.hibernate.orm.results.loading.entity - (EntityResultInitializer) Done materializing entityInstance : org.frcpm.models.Project(959664627826900)#78
10:24:08.345 [main] DEBUG org.hibernate.orm.results.loading - Calling top-level assembler (0 / 1) : org.hibernate.sql.results.graph.entity.internal.EntityAssembler@3922d85c
10:24:08.345 [main] DEBUG org.hibernate.orm.results - Extracted JDBC value [0] - [79]
10:24:08.345 [main] DEBUG org.hibernate.orm.results.loading.entity - (EntityResultInitializer) Hydrated EntityKey (org.frcpm.models.Project(959664627826900)): 79
10:24:08.345 [main] DEBUG org.hibernate.orm.results.loading.org.hibernate.orm.results.loading.collection - (DelayedCollectionInitializer) Current row collection key : org.frcpm.models.Project(959664627826900).meetings#79
10:24:08.345 [main] DEBUG org.hibernate.orm.results.loading.org.hibernate.orm.results.loading.collection - (DelayedCollectionInitializer) Current row collection key : org.frcpm.models.Project(959664627826900).milestones#79
10:24:08.345 [main] DEBUG org.hibernate.orm.results.loading.org.hibernate.orm.results.loading.collection - (DelayedCollectionInitializer) Current row collection key : org.frcpm.models.Project(959664627826900).tasks#79
10:24:08.345 [main] DEBUG org.hibernate.orm.results.loading.entity - (EntityResultInitializer) Created new entity instance [org.frcpm.models.Project(959664627826900)#79] : 2016131934
10:24:08.345 [main] DEBUG org.hibernate.orm.results - Extracted JDBC value [1] - [null]
10:24:08.345 [main] DEBUG org.hibernate.orm.results - Extracted JDBC value [2] - [2025-06-06]
10:24:08.345 [main] DEBUG org.hibernate.orm.results - Extracted JDBC value [3] - [2025-06-20]
10:24:08.345 [main] DEBUG org.hibernate.orm.results - Extracted JDBC value [4] - [Test Task Project]
10:24:08.345 [main] DEBUG org.hibernate.orm.results - Extracted JDBC value [5] - [2025-04-25]
10:24:08.345 [main] DEBUG org.hibernate.orm.results.loading.entity - (EntityResultInitializer) Done materializing entityInstance : org.frcpm.models.Project(959664627826900)#79
10:24:08.345 [main] DEBUG org.hibernate.orm.results.loading - Calling top-level assembler (0 / 1) : org.hibernate.sql.results.graph.entity.internal.EntityAssembler@3922d85c
10:24:08.345 [main] DEBUG org.hibernate.orm.results - Extracted JDBC value [0] - [80]
10:24:08.345 [main] DEBUG org.hibernate.orm.results.loading.entity - (EntityResultInitializer) Hydrated EntityKey (org.frcpm.models.Project(959664627826900)): 80
10:24:08.345 [main] DEBUG org.hibernate.orm.results.loading.org.hibernate.orm.results.loading.collection - (DelayedCollectionInitializer) Current row collection key : org.frcpm.models.Project(959664627826900).meetings#80
10:24:08.345 [main] DEBUG org.hibernate.orm.results.loading.org.hibernate.orm.results.loading.collection - (DelayedCollectionInitializer) Current row collection key : org.frcpm.models.Project(959664627826900).milestones#80
10:24:08.345 [main] DEBUG org.hibernate.orm.results.loading.org.hibernate.orm.results.loading.collection - (DelayedCollectionInitializer) Current row collection key : org.frcpm.models.Project(959664627826900).tasks#80
10:24:08.345 [main] DEBUG org.hibernate.orm.results.loading.entity - (EntityResultInitializer) Created new entity instance [org.frcpm.models.Project(959664627826900)#80] : 1106512654
10:24:08.345 [main] DEBUG org.hibernate.orm.results - Extracted JDBC value [1] - [null]
10:24:08.345 [main] DEBUG org.hibernate.orm.results - Extracted JDBC value [2] - [2025-06-06]
10:24:08.345 [main] DEBUG org.hibernate.orm.results - Extracted JDBC value [3] - [2025-06-20]
10:24:08.345 [main] DEBUG org.hibernate.orm.results - Extracted JDBC value [4] - [Test Task Project]
10:24:08.345 [main] DEBUG org.hibernate.orm.results - Extracted JDBC value [5] - [2025-04-25]
10:24:08.345 [main] DEBUG org.hibernate.orm.results.loading.entity - (EntityResultInitializer) Done materializing entityInstance : org.frcpm.models.Project(959664627826900)#80
10:24:08.345 [main] DEBUG org.hibernate.orm.results.loading - Calling top-level assembler (0 / 1) : org.hibernate.sql.results.graph.entity.internal.EntityAssembler@3922d85c
10:24:08.345 [main] DEBUG org.hibernate.orm.results - Extracted JDBC value [0] - [81]
10:24:08.345 [main] DEBUG org.hibernate.orm.results.loading.entity - (EntityResultInitializer) Hydrated EntityKey (org.frcpm.models.Project(959664627826900)): 81
10:24:08.345 [main] DEBUG org.hibernate.orm.results.loading.org.hibernate.orm.results.loading.collection - (DelayedCollectionInitializer) Current row collection key : org.frcpm.models.Project(959664627826900).meetings#81
10:24:08.345 [main] DEBUG org.hibernate.orm.results.loading.org.hibernate.orm.results.loading.collection - (DelayedCollectionInitializer) Current row collection key : org.frcpm.models.Project(959664627826900).milestones#81
10:24:08.345 [main] DEBUG org.hibernate.orm.results.loading.org.hibernate.orm.results.loading.collection - (DelayedCollectionInitializer) Current row collection key : org.frcpm.models.Project(959664627826900).tasks#81
10:24:08.345 [main] DEBUG org.hibernate.orm.results.loading.entity - (EntityResultInitializer) Created new entity instance [org.frcpm.models.Project(959664627826900)#81] : 1179418796
10:24:08.345 [main] DEBUG org.hibernate.orm.results - Extracted JDBC value [1] - [null]
10:24:08.345 [main] DEBUG org.hibernate.orm.results - Extracted JDBC value [2] - [2025-06-06]
10:24:08.345 [main] DEBUG org.hibernate.orm.results - Extracted JDBC value [3] - [2025-06-20]
10:24:08.345 [main] DEBUG org.hibernate.orm.results - Extracted JDBC value [4] - [Test Task Project]
10:24:08.345 [main] DEBUG org.hibernate.orm.results - Extracted JDBC value [5] - [2025-04-25]
10:24:08.345 [main] DEBUG org.hibernate.orm.results.loading.entity - (EntityResultInitializer) Done materializing entityInstance : org.frcpm.models.Project(959664627826900)#81
10:24:08.345 [main] DEBUG org.hibernate.orm.results.loading - Calling top-level assembler (0 / 1) : org.hibernate.sql.results.graph.entity.internal.EntityAssembler@3922d85c
10:24:08.345 [main] DEBUG org.hibernate.orm.results - Extracted JDBC value [0] - [82]
10:24:08.345 [main] DEBUG org.hibernate.orm.results.loading.entity - (EntityResultInitializer) Hydrated EntityKey (org.frcpm.models.Project(959664627826900)): 82
10:24:08.345 [main] DEBUG org.hibernate.orm.results.loading.org.hibernate.orm.results.loading.collection - (DelayedCollectionInitializer) Current row collection key : org.frcpm.models.Project(959664627826900).meetings#82
10:24:08.345 [main] DEBUG org.hibernate.orm.results.loading.org.hibernate.orm.results.loading.collection - (DelayedCollectionInitializer) Current row collection key : org.frcpm.models.Project(959664627826900).milestones#82
10:24:08.345 [main] DEBUG org.hibernate.orm.results.loading.org.hibernate.orm.results.loading.collection - (DelayedCollectionInitializer) Current row collection key : org.frcpm.models.Project(959664627826900).tasks#82
10:24:08.345 [main] DEBUG org.hibernate.orm.results.loading.entity - (EntityResultInitializer) Created new entity instance [org.frcpm.models.Project(959664627826900)#82] : 2032475566
10:24:08.345 [main] DEBUG org.hibernate.orm.results - Extracted JDBC value [1] - [null]
10:24:08.345 [main] DEBUG org.hibernate.orm.results - Extracted JDBC value [2] - [2025-06-06]
10:24:08.345 [main] DEBUG org.hibernate.orm.results - Extracted JDBC value [3] - [2025-06-20]
10:24:08.345 [main] DEBUG org.hibernate.orm.results - Extracted JDBC value [4] - [Test Task Project]
10:24:08.345 [main] DEBUG org.hibernate.orm.results - Extracted JDBC value [5] - [2025-04-25]
10:24:08.345 [main] DEBUG org.hibernate.orm.results.loading.entity - (EntityResultInitializer) Done materializing entityInstance : org.frcpm.models.Project(959664627826900)#82
10:24:08.345 [main] DEBUG org.hibernate.orm.results.loading - Calling top-level assembler (0 / 1) : org.hibernate.sql.results.graph.entity.internal.EntityAssembler@3922d85c
10:24:08.345 [main] DEBUG org.hibernate.orm.results - Extracted JDBC value [0] - [104]
10:24:08.345 [main] DEBUG org.hibernate.orm.results.loading.entity - (EntityResultInitializer) Hydrated EntityKey (org.frcpm.models.Project(959664627826900)): 104
10:24:08.345 [main] DEBUG org.hibernate.orm.results.loading.org.hibernate.orm.results.loading.collection - (DelayedCollectionInitializer) Current row collection key : org.frcpm.models.Project(959664627826900).meetings#104
10:24:08.345 [main] DEBUG org.hibernate.orm.results.loading.org.hibernate.orm.results.loading.collection - (DelayedCollectionInitializer) Current row collection key : org.frcpm.models.Project(959664627826900).milestones#104
10:24:08.345 [main] DEBUG org.hibernate.orm.results.loading.org.hibernate.orm.results.loading.collection - (DelayedCollectionInitializer) Current row collection key : org.frcpm.models.Project(959664627826900).tasks#104
10:24:08.345 [main] DEBUG org.hibernate.orm.results.loading.entity - (EntityResultInitializer) Created new entity instance [org.frcpm.models.Project(959664627826900)#104] : 1817960572
10:24:08.345 [main] DEBUG org.hibernate.orm.results - Extracted JDBC value [1] - [null]
10:24:08.345 [main] DEBUG org.hibernate.orm.results - Extracted JDBC value [2] - [2025-06-06]
10:24:08.345 [main] DEBUG org.hibernate.orm.results - Extracted JDBC value [3] - [2025-06-20]
10:24:08.345 [main] DEBUG org.hibernate.orm.results - Extracted JDBC value [4] - [Component Test Project]
10:24:08.345 [main] DEBUG org.hibernate.orm.results - Extracted JDBC value [5] - [2025-04-25]
10:24:08.345 [main] DEBUG org.hibernate.orm.results.loading.entity - (EntityResultInitializer) Done materializing entityInstance : org.frcpm.models.Project(959664627826900)#104
10:24:08.345 [main] DEBUG org.hibernate.orm.results.loading - Calling top-level assembler (0 / 1) : org.hibernate.sql.results.graph.entity.internal.EntityAssembler@3922d85c
10:24:08.345 [main] DEBUG org.hibernate.orm.results - Extracted JDBC value [0] - [135]
10:24:08.345 [main] DEBUG org.hibernate.orm.results.loading.entity - (EntityResultInitializer) Hydrated EntityKey (org.frcpm.models.Project(959664627826900)): 135
10:24:08.345 [main] DEBUG org.hibernate.orm.results.loading.org.hibernate.orm.results.loading.collection - (DelayedCollectionInitializer) Current row collection key : org.frcpm.models.Project(959664627826900).meetings#135
10:24:08.345 [main] DEBUG org.hibernate.orm.results.loading.org.hibernate.orm.results.loading.collection - (DelayedCollectionInitializer) Current row collection key : org.frcpm.models.Project(959664627826900).milestones#135
10:24:08.345 [main] DEBUG org.hibernate.orm.results.loading.org.hibernate.orm.results.loading.collection - (DelayedCollectionInitializer) Current row collection key : org.frcpm.models.Project(959664627826900).tasks#135
10:24:08.345 [main] DEBUG org.hibernate.orm.results.loading.entity - (EntityResultInitializer) Created new entity instance [org.frcpm.models.Project(959664627826900)#135] : 1146188369
10:24:08.345 [main] DEBUG org.hibernate.orm.results - Extracted JDBC value [1] - [null]
10:24:08.345 [main] DEBUG org.hibernate.orm.results - Extracted JDBC value [2] - [2025-05-23]
10:24:08.345 [main] DEBUG org.hibernate.orm.results - Extracted JDBC value [3] - [2025-06-06]
10:24:08.345 [main] DEBUG org.hibernate.orm.results - Extracted JDBC value [4] - [Test Create Service Project]
10:24:08.345 [main] DEBUG org.hibernate.orm.results - Extracted JDBC value [5] - [2025-04-25]
10:24:08.346 [main] DEBUG org.hibernate.orm.results.loading.entity - (EntityResultInitializer) Done materializing entityInstance : org.frcpm.models.Project(959664627826900)#135
10:24:08.346 [main] DEBUG org.hibernate.orm.results.loading - Calling top-level assembler (0 / 1) : org.hibernate.sql.results.graph.entity.internal.EntityAssembler@3922d85c
10:24:08.346 [main] DEBUG org.hibernate.orm.results - Extracted JDBC value [0] - [142]
10:24:08.346 [main] DEBUG org.hibernate.orm.results.loading.entity - (EntityResultInitializer) Hydrated EntityKey (org.frcpm.models.Project(959664627826900)): 142
10:24:08.346 [main] DEBUG org.hibernate.orm.results.loading.org.hibernate.orm.results.loading.collection - (DelayedCollectionInitializer) Current row collection key : org.frcpm.models.Project(959664627826900).meetings#142
10:24:08.346 [main] DEBUG org.hibernate.orm.results.loading.org.hibernate.orm.results.loading.collection - (DelayedCollectionInitializer) Current row collection key : org.frcpm.models.Project(959664627826900).milestones#142
10:24:08.346 [main] DEBUG org.hibernate.orm.results.loading.org.hibernate.orm.results.loading.collection - (DelayedCollectionInitializer) Current row collection key : org.frcpm.models.Project(959664627826900).tasks#142
10:24:08.346 [main] DEBUG org.hibernate.orm.results.loading.entity - (EntityResultInitializer) Created new entity instance [org.frcpm.models.Project(959664627826900)#142] : 1094552696
10:24:08.346 [main] DEBUG org.hibernate.orm.results - Extracted JDBC value [1] - [Updated description]
10:24:08.346 [main] DEBUG org.hibernate.orm.results - Extracted JDBC value [2] - [2025-05-23]
10:24:08.346 [main] DEBUG org.hibernate.orm.results - Extracted JDBC value [3] - [2025-06-06]
10:24:08.346 [main] DEBUG org.hibernate.orm.results - Extracted JDBC value [4] - [Updated Service Project Name]
10:24:08.346 [main] DEBUG org.hibernate.orm.results - Extracted JDBC value [5] - [2025-04-25]
10:24:08.346 [main] DEBUG org.hibernate.orm.results.loading.entity - (EntityResultInitializer) Done materializing entityInstance : org.frcpm.models.Project(959664627826900)#142
10:24:08.346 [main] DEBUG org.hibernate.orm.results.loading - Calling top-level assembler (0 / 1) : org.hibernate.sql.results.graph.entity.internal.EntityAssembler@3922d85c
10:24:08.346 [main] DEBUG org.hibernate.orm.results - Extracted JDBC value [0] - [148]
10:24:08.346 [main] DEBUG org.hibernate.orm.results.loading.entity - (EntityResultInitializer) Hydrated EntityKey (org.frcpm.models.Project(959664627826900)): 148
10:24:08.346 [main] DEBUG org.hibernate.orm.results.loading.org.hibernate.orm.results.loading.collection - (DelayedCollectionInitializer) Current row collection key : org.frcpm.models.Project(959664627826900).meetings#148
10:24:08.346 [main] DEBUG org.hibernate.orm.results.loading.org.hibernate.orm.results.loading.collection - (DelayedCollectionInitializer) Current row collection key : org.frcpm.models.Project(959664627826900).milestones#148
10:24:08.346 [main] DEBUG org.hibernate.orm.results.loading.org.hibernate.orm.results.loading.collection - (DelayedCollectionInitializer) Current row collection key : org.frcpm.models.Project(959664627826900).tasks#148
10:24:08.346 [main] DEBUG org.hibernate.orm.results.loading.entity - (EntityResultInitializer) Created new entity instance [org.frcpm.models.Project(959664627826900)#148] : 2132041506
10:24:08.346 [main] DEBUG org.hibernate.orm.results - Extracted JDBC value [1] - [null]
10:24:08.346 [main] DEBUG org.hibernate.orm.results - Extracted JDBC value [2] - [2025-05-23]
10:24:08.346 [main] DEBUG org.hibernate.orm.results - Extracted JDBC value [3] - [2025-06-06]
10:24:08.346 [main] DEBUG org.hibernate.orm.results - Extracted JDBC value [4] - [Test Summary Project]
10:24:08.346 [main] DEBUG org.hibernate.orm.results - Extracted JDBC value [5] - [2025-04-25]
10:24:08.346 [main] DEBUG org.hibernate.orm.results.loading.entity - (EntityResultInitializer) Done materializing entityInstance : org.frcpm.models.Project(959664627826900)#148
10:24:08.346 [main] DEBUG org.hibernate.orm.results.loading - Calling top-level assembler (0 / 1) : org.hibernate.sql.results.graph.entity.internal.EntityAssembler@3922d85c
10:24:08.346 [main] DEBUG org.hibernate.resource.jdbc.internal.LogicalConnectionManagedImpl - Initiating JDBC connection release from afterTransaction
10:24:08.346 [main] DEBUG org.hibernate.resource.jdbc.internal.LogicalConnectionManagedImpl - Initiating JDBC connection release from afterTransaction
]]></system-out>
    <system-err><![CDATA[Apr 25, 2025 10:24:08 AM org.frcpm.controllers.ProjectController setupBindings
WARNING: UI components not initialized - likely in test environment
]]></system-err>
  </testcase>
  <testcase name="testCreateAlert" classname="org.frcpm.controllers.ProjectControllerTest" time="0.013">
    <system-out><![CDATA[10:24:08.363 [main] DEBUG org.hibernate.orm.sql.ast.create - Created new SQL alias : p1_0
10:24:08.363 [main] DEBUG org.hibernate.orm.sql.ast.create - Registration of TableGroup [StandardTableGroup(org.frcpm.models.Project(959664649393700))] with identifierForTableGroup [org.frcpm.models.Project] for NavigablePath [org.frcpm.models.Project] 
10:24:08.364 [main] DEBUG org.hibernate.orm.results.graph.AST - DomainResult Graph:
 \-EntityResultImpl [org.frcpm.models.Project(959664649393700)]
 |  +-BasicFetch [org.frcpm.models.Project(959664649393700).description]
 |  +-BasicFetch [org.frcpm.models.Project(959664649393700).goalEndDate]
 |  +-BasicFetch [org.frcpm.models.Project(959664649393700).hardDeadline]
 |  +-DelayedCollectionFetch [org.frcpm.models.Project(959664649393700).meetings]
 |  +-DelayedCollectionFetch [org.frcpm.models.Project(959664649393700).milestones]
 |  +-BasicFetch [org.frcpm.models.Project(959664649393700).name]
 |  +-BasicFetch [org.frcpm.models.Project(959664649393700).startDate]
 |  \-DelayedCollectionFetch [org.frcpm.models.Project(959664649393700).tasks]

10:24:08.364 [main] DEBUG org.hibernate.orm.sql.ast.tree - SQL AST Tree:
    SelectStatement {
      FromClause {
        StandardTableGroup (p1 : org.frcpm.models.Project(959664649393700)) {
          primaryTableReference : projects as p1_0
        }
      }
    }

10:24:08.364 [main] DEBUG org.hibernate.orm.sql.exec - Skipping reading Query result cache data: cache-enabled = false, cache-mode = NORMAL
10:24:08.364 [main] DEBUG org.hibernate.orm.results - Initializer list:
	  org.frcpm.models.Project(959664649393700).meetings -> DelayedCollectionInitializer(org.frcpm.models.Project(959664649393700).meetings)@935370378 (PluralAttribute(org.frcpm.models.Project.meetings))
	  org.frcpm.models.Project(959664649393700).milestones -> DelayedCollectionInitializer(org.frcpm.models.Project(959664649393700).milestones)@440438142 (PluralAttribute(org.frcpm.models.Project.milestones))
	  org.frcpm.models.Project(959664649393700).tasks -> DelayedCollectionInitializer(org.frcpm.models.Project(959664649393700).tasks)@759313844 (PluralAttribute(org.frcpm.models.Project.tasks))
	  org.frcpm.models.Project(959664649393700) -> EntityResultInitializer(org.frcpm.models.Project(959664649393700))@1146041791 (SingleTableEntityPersister(org.frcpm.models.Project))

10:24:08.364 [main] DEBUG org.hibernate.SQL - select p1_0.id,p1_0.description,p1_0.goal_end_date,p1_0.hard_deadline,p1_0.name,p1_0.start_date from projects p1_0
10:24:08.364 [main] DEBUG org.hibernate.orm.results - Extracted JDBC value [0] - [1]
10:24:08.364 [main] DEBUG org.hibernate.orm.results.loading.entity - (EntityResultInitializer) Hydrated EntityKey (org.frcpm.models.Project(959664649393700)): 1
10:24:08.364 [main] DEBUG org.hibernate.orm.results.loading.org.hibernate.orm.results.loading.collection - (DelayedCollectionInitializer) Current row collection key : org.frcpm.models.Project(959664649393700).meetings#1
10:24:08.364 [main] DEBUG org.hibernate.orm.results.loading.org.hibernate.orm.results.loading.collection - (DelayedCollectionInitializer) Current row collection key : org.frcpm.models.Project(959664649393700).milestones#1
10:24:08.364 [main] DEBUG org.hibernate.orm.results.loading.org.hibernate.orm.results.loading.collection - (DelayedCollectionInitializer) Current row collection key : org.frcpm.models.Project(959664649393700).tasks#1
10:24:08.364 [main] DEBUG org.hibernate.orm.results.loading.entity - (EntityResultInitializer) Created new entity instance [org.frcpm.models.Project(959664649393700)#1] : 1437526166
10:24:08.364 [main] DEBUG org.hibernate.orm.results - Extracted JDBC value [1] - [Competition robot for the 2025 FIRST Robotics Competition]
10:24:08.364 [main] DEBUG org.hibernate.orm.results - Extracted JDBC value [2] - [2025-06-12]
10:24:08.364 [main] DEBUG org.hibernate.orm.results - Extracted JDBC value [3] - [2025-06-26]
10:24:08.364 [main] DEBUG org.hibernate.orm.results - Extracted JDBC value [4] - [FRC 2025 Robot]
10:24:08.365 [main] DEBUG org.hibernate.orm.results - Extracted JDBC value [5] - [2025-05-01]
10:24:08.365 [main] DEBUG org.hibernate.orm.results.loading.entity - (EntityResultInitializer) Done materializing entityInstance : org.frcpm.models.Project(959664649393700)#1
10:24:08.365 [main] DEBUG org.hibernate.orm.results.loading - Calling top-level assembler (0 / 1) : org.hibernate.sql.results.graph.entity.internal.EntityAssembler@7e7f9843
10:24:08.365 [main] DEBUG org.hibernate.orm.results - Extracted JDBC value [0] - [51]
10:24:08.365 [main] DEBUG org.hibernate.orm.results.loading.entity - (EntityResultInitializer) Hydrated EntityKey (org.frcpm.models.Project(959664649393700)): 51
10:24:08.365 [main] DEBUG org.hibernate.orm.results.loading.org.hibernate.orm.results.loading.collection - (DelayedCollectionInitializer) Current row collection key : org.frcpm.models.Project(959664649393700).meetings#51
10:24:08.365 [main] DEBUG org.hibernate.orm.results.loading.org.hibernate.orm.results.loading.collection - (DelayedCollectionInitializer) Current row collection key : org.frcpm.models.Project(959664649393700).milestones#51
10:24:08.365 [main] DEBUG org.hibernate.orm.results.loading.org.hibernate.orm.results.loading.collection - (DelayedCollectionInitializer) Current row collection key : org.frcpm.models.Project(959664649393700).tasks#51
10:24:08.365 [main] DEBUG org.hibernate.orm.results.loading.entity - (EntityResultInitializer) Created new entity instance [org.frcpm.models.Project(959664649393700)#51] : 411228568
10:24:08.365 [main] DEBUG org.hibernate.orm.results - Extracted JDBC value [1] - [null]
10:24:08.365 [main] DEBUG org.hibernate.orm.results - Extracted JDBC value [2] - [2025-05-23]
10:24:08.365 [main] DEBUG org.hibernate.orm.results - Extracted JDBC value [3] - [2025-06-06]
10:24:08.365 [main] DEBUG org.hibernate.orm.results - Extracted JDBC value [4] - [Test Count Project]
10:24:08.365 [main] DEBUG org.hibernate.orm.results - Extracted JDBC value [5] - [2025-04-25]
10:24:08.365 [main] DEBUG org.hibernate.orm.results.loading.entity - (EntityResultInitializer) Done materializing entityInstance : org.frcpm.models.Project(959664649393700)#51
10:24:08.365 [main] DEBUG org.hibernate.orm.results.loading - Calling top-level assembler (0 / 1) : org.hibernate.sql.results.graph.entity.internal.EntityAssembler@7e7f9843
10:24:08.366 [main] DEBUG org.hibernate.orm.results - Extracted JDBC value [0] - [54]
10:24:08.366 [main] DEBUG org.hibernate.orm.results.loading.entity - (EntityResultInitializer) Hydrated EntityKey (org.frcpm.models.Project(959664649393700)): 54
10:24:08.366 [main] DEBUG org.hibernate.orm.results.loading.org.hibernate.orm.results.loading.collection - (DelayedCollectionInitializer) Current row collection key : org.frcpm.models.Project(959664649393700).meetings#54
10:24:08.366 [main] DEBUG org.hibernate.orm.results.loading.org.hibernate.orm.results.loading.collection - (DelayedCollectionInitializer) Current row collection key : org.frcpm.models.Project(959664649393700).milestones#54
10:24:08.366 [main] DEBUG org.hibernate.orm.results.loading.org.hibernate.orm.results.loading.collection - (DelayedCollectionInitializer) Current row collection key : org.frcpm.models.Project(959664649393700).tasks#54
10:24:08.366 [main] DEBUG org.hibernate.orm.results.loading.entity - (EntityResultInitializer) Created new entity instance [org.frcpm.models.Project(959664649393700)#54] : 863357435
10:24:08.366 [main] DEBUG org.hibernate.orm.results - Extracted JDBC value [1] - [Test save description]
10:24:08.366 [main] DEBUG org.hibernate.orm.results - Extracted JDBC value [2] - [2025-05-23]
10:24:08.366 [main] DEBUG org.hibernate.orm.results - Extracted JDBC value [3] - [2025-06-06]
10:24:08.366 [main] DEBUG org.hibernate.orm.results - Extracted JDBC value [4] - [Test Save Project]
10:24:08.366 [main] DEBUG org.hibernate.orm.results - Extracted JDBC value [5] - [2025-04-25]
10:24:08.367 [main] DEBUG org.hibernate.orm.results.loading.entity - (EntityResultInitializer) Done materializing entityInstance : org.frcpm.models.Project(959664649393700)#54
10:24:08.367 [main] DEBUG org.hibernate.orm.results.loading - Calling top-level assembler (0 / 1) : org.hibernate.sql.results.graph.entity.internal.EntityAssembler@7e7f9843
10:24:08.367 [main] DEBUG org.hibernate.orm.results - Extracted JDBC value [0] - [69]
10:24:08.367 [main] DEBUG org.hibernate.orm.results.loading.entity - (EntityResultInitializer) Hydrated EntityKey (org.frcpm.models.Project(959664649393700)): 69
10:24:08.367 [main] DEBUG org.hibernate.orm.results.loading.org.hibernate.orm.results.loading.collection - (DelayedCollectionInitializer) Current row collection key : org.frcpm.models.Project(959664649393700).meetings#69
10:24:08.367 [main] DEBUG org.hibernate.orm.results.loading.org.hibernate.orm.results.loading.collection - (DelayedCollectionInitializer) Current row collection key : org.frcpm.models.Project(959664649393700).milestones#69
10:24:08.367 [main] DEBUG org.hibernate.orm.results.loading.org.hibernate.orm.results.loading.collection - (DelayedCollectionInitializer) Current row collection key : org.frcpm.models.Project(959664649393700).tasks#69
10:24:08.367 [main] DEBUG org.hibernate.orm.results.loading.entity - (EntityResultInitializer) Created new entity instance [org.frcpm.models.Project(959664649393700)#69] : 213664659
10:24:08.367 [main] DEBUG org.hibernate.orm.results - Extracted JDBC value [1] - [null]
10:24:08.367 [main] DEBUG org.hibernate.orm.results - Extracted JDBC value [2] - [2025-05-23]
10:24:08.367 [main] DEBUG org.hibernate.orm.results - Extracted JDBC value [3] - [2025-06-06]
10:24:08.368 [main] DEBUG org.hibernate.orm.results - Extracted JDBC value [4] - [Updated Project Name]
10:24:08.368 [main] DEBUG org.hibernate.orm.results - Extracted JDBC value [5] - [2025-04-25]
10:24:08.368 [main] DEBUG org.hibernate.orm.results.loading.entity - (EntityResultInitializer) Done materializing entityInstance : org.frcpm.models.Project(959664649393700)#69
10:24:08.368 [main] DEBUG org.hibernate.orm.results.loading - Calling top-level assembler (0 / 1) : org.hibernate.sql.results.graph.entity.internal.EntityAssembler@7e7f9843
10:24:08.368 [main] DEBUG org.hibernate.orm.results - Extracted JDBC value [0] - [70]
10:24:08.368 [main] DEBUG org.hibernate.orm.results.loading.entity - (EntityResultInitializer) Hydrated EntityKey (org.frcpm.models.Project(959664649393700)): 70
10:24:08.368 [main] DEBUG org.hibernate.orm.results.loading.org.hibernate.orm.results.loading.collection - (DelayedCollectionInitializer) Current row collection key : org.frcpm.models.Project(959664649393700).meetings#70
10:24:08.368 [main] DEBUG org.hibernate.orm.results.loading.org.hibernate.orm.results.loading.collection - (DelayedCollectionInitializer) Current row collection key : org.frcpm.models.Project(959664649393700).milestones#70
10:24:08.368 [main] DEBUG org.hibernate.orm.results.loading.org.hibernate.orm.results.loading.collection - (DelayedCollectionInitializer) Current row collection key : org.frcpm.models.Project(959664649393700).tasks#70
10:24:08.368 [main] DEBUG org.hibernate.orm.results.loading.entity - (EntityResultInitializer) Created new entity instance [org.frcpm.models.Project(959664649393700)#70] : 944103133
10:24:08.368 [main] DEBUG org.hibernate.orm.results - Extracted JDBC value [1] - [null]
10:24:08.368 [main] DEBUG org.hibernate.orm.results - Extracted JDBC value [2] - [2025-06-06]
10:24:08.368 [main] DEBUG org.hibernate.orm.results - Extracted JDBC value [3] - [2025-06-20]
10:24:08.368 [main] DEBUG org.hibernate.orm.results - Extracted JDBC value [4] - [Test Task Project]
10:24:08.368 [main] DEBUG org.hibernate.orm.results - Extracted JDBC value [5] - [2025-04-25]
10:24:08.368 [main] DEBUG org.hibernate.orm.results.loading.entity - (EntityResultInitializer) Done materializing entityInstance : org.frcpm.models.Project(959664649393700)#70
10:24:08.368 [main] DEBUG org.hibernate.orm.results.loading - Calling top-level assembler (0 / 1) : org.hibernate.sql.results.graph.entity.internal.EntityAssembler@7e7f9843
10:24:08.368 [main] DEBUG org.hibernate.orm.results - Extracted JDBC value [0] - [71]
10:24:08.368 [main] DEBUG org.hibernate.orm.results.loading.entity - (EntityResultInitializer) Hydrated EntityKey (org.frcpm.models.Project(959664649393700)): 71
10:24:08.368 [main] DEBUG org.hibernate.orm.results.loading.org.hibernate.orm.results.loading.collection - (DelayedCollectionInitializer) Current row collection key : org.frcpm.models.Project(959664649393700).meetings#71
10:24:08.369 [main] DEBUG org.hibernate.orm.results.loading.org.hibernate.orm.results.loading.collection - (DelayedCollectionInitializer) Current row collection key : org.frcpm.models.Project(959664649393700).milestones#71
10:24:08.369 [main] DEBUG org.hibernate.orm.results.loading.org.hibernate.orm.results.loading.collection - (DelayedCollectionInitializer) Current row collection key : org.frcpm.models.Project(959664649393700).tasks#71
10:24:08.369 [main] DEBUG org.hibernate.orm.results.loading.entity - (EntityResultInitializer) Created new entity instance [org.frcpm.models.Project(959664649393700)#71] : 1690654199
10:24:08.369 [main] DEBUG org.hibernate.orm.results - Extracted JDBC value [1] - [null]
10:24:08.369 [main] DEBUG org.hibernate.orm.results - Extracted JDBC value [2] - [2025-06-06]
10:24:08.369 [main] DEBUG org.hibernate.orm.results - Extracted JDBC value [3] - [2025-06-20]
10:24:08.369 [main] DEBUG org.hibernate.orm.results - Extracted JDBC value [4] - [Test Task Project]
10:24:08.369 [main] DEBUG org.hibernate.orm.results - Extracted JDBC value [5] - [2025-04-25]
10:24:08.369 [main] DEBUG org.hibernate.orm.results.loading.entity - (EntityResultInitializer) Done materializing entityInstance : org.frcpm.models.Project(959664649393700)#71
10:24:08.369 [main] DEBUG org.hibernate.orm.results.loading - Calling top-level assembler (0 / 1) : org.hibernate.sql.results.graph.entity.internal.EntityAssembler@7e7f9843
10:24:08.369 [main] DEBUG org.hibernate.orm.results - Extracted JDBC value [0] - [72]
10:24:08.369 [main] DEBUG org.hibernate.orm.results.loading.entity - (EntityResultInitializer) Hydrated EntityKey (org.frcpm.models.Project(959664649393700)): 72
10:24:08.369 [main] DEBUG org.hibernate.orm.results.loading.org.hibernate.orm.results.loading.collection - (DelayedCollectionInitializer) Current row collection key : org.frcpm.models.Project(959664649393700).meetings#72
10:24:08.369 [main] DEBUG org.hibernate.orm.results.loading.org.hibernate.orm.results.loading.collection - (DelayedCollectionInitializer) Current row collection key : org.frcpm.models.Project(959664649393700).milestones#72
10:24:08.369 [main] DEBUG org.hibernate.orm.results.loading.org.hibernate.orm.results.loading.collection - (DelayedCollectionInitializer) Current row collection key : org.frcpm.models.Project(959664649393700).tasks#72
10:24:08.369 [main] DEBUG org.hibernate.orm.results.loading.entity - (EntityResultInitializer) Created new entity instance [org.frcpm.models.Project(959664649393700)#72] : 2015037875
10:24:08.369 [main] DEBUG org.hibernate.orm.results - Extracted JDBC value [1] - [null]
10:24:08.369 [main] DEBUG org.hibernate.orm.results - Extracted JDBC value [2] - [2025-06-06]
10:24:08.369 [main] DEBUG org.hibernate.orm.results - Extracted JDBC value [3] - [2025-06-20]
10:24:08.369 [main] DEBUG org.hibernate.orm.results - Extracted JDBC value [4] - [Test Task Project]
10:24:08.369 [main] DEBUG org.hibernate.orm.results - Extracted JDBC value [5] - [2025-04-25]
10:24:08.369 [main] DEBUG org.hibernate.orm.results.loading.entity - (EntityResultInitializer) Done materializing entityInstance : org.frcpm.models.Project(959664649393700)#72
10:24:08.369 [main] DEBUG org.hibernate.orm.results.loading - Calling top-level assembler (0 / 1) : org.hibernate.sql.results.graph.entity.internal.EntityAssembler@7e7f9843
10:24:08.369 [main] DEBUG org.hibernate.orm.results - Extracted JDBC value [0] - [73]
10:24:08.369 [main] DEBUG org.hibernate.orm.results.loading.entity - (EntityResultInitializer) Hydrated EntityKey (org.frcpm.models.Project(959664649393700)): 73
10:24:08.369 [main] DEBUG org.hibernate.orm.results.loading.org.hibernate.orm.results.loading.collection - (DelayedCollectionInitializer) Current row collection key : org.frcpm.models.Project(959664649393700).meetings#73
10:24:08.369 [main] DEBUG org.hibernate.orm.results.loading.org.hibernate.orm.results.loading.collection - (DelayedCollectionInitializer) Current row collection key : org.frcpm.models.Project(959664649393700).milestones#73
10:24:08.369 [main] DEBUG org.hibernate.orm.results.loading.org.hibernate.orm.results.loading.collection - (DelayedCollectionInitializer) Current row collection key : org.frcpm.models.Project(959664649393700).tasks#73
10:24:08.369 [main] DEBUG org.hibernate.orm.results.loading.entity - (EntityResultInitializer) Created new entity instance [org.frcpm.models.Project(959664649393700)#73] : 1181221625
10:24:08.369 [main] DEBUG org.hibernate.orm.results - Extracted JDBC value [1] - [null]
10:24:08.369 [main] DEBUG org.hibernate.orm.results - Extracted JDBC value [2] - [2025-06-06]
10:24:08.369 [main] DEBUG org.hibernate.orm.results - Extracted JDBC value [3] - [2025-06-20]
10:24:08.369 [main] DEBUG org.hibernate.orm.results - Extracted JDBC value [4] - [Test Task Project]
10:24:08.369 [main] DEBUG org.hibernate.orm.results - Extracted JDBC value [5] - [2025-04-25]
10:24:08.369 [main] DEBUG org.hibernate.orm.results.loading.entity - (EntityResultInitializer) Done materializing entityInstance : org.frcpm.models.Project(959664649393700)#73
10:24:08.369 [main] DEBUG org.hibernate.orm.results.loading - Calling top-level assembler (0 / 1) : org.hibernate.sql.results.graph.entity.internal.EntityAssembler@7e7f9843
10:24:08.369 [main] DEBUG org.hibernate.orm.results - Extracted JDBC value [0] - [74]
10:24:08.369 [main] DEBUG org.hibernate.orm.results.loading.entity - (EntityResultInitializer) Hydrated EntityKey (org.frcpm.models.Project(959664649393700)): 74
10:24:08.369 [main] DEBUG org.hibernate.orm.results.loading.org.hibernate.orm.results.loading.collection - (DelayedCollectionInitializer) Current row collection key : org.frcpm.models.Project(959664649393700).meetings#74
10:24:08.369 [main] DEBUG org.hibernate.orm.results.loading.org.hibernate.orm.results.loading.collection - (DelayedCollectionInitializer) Current row collection key : org.frcpm.models.Project(959664649393700).milestones#74
10:24:08.369 [main] DEBUG org.hibernate.orm.results.loading.org.hibernate.orm.results.loading.collection - (DelayedCollectionInitializer) Current row collection key : org.frcpm.models.Project(959664649393700).tasks#74
10:24:08.369 [main] DEBUG org.hibernate.orm.results.loading.entity - (EntityResultInitializer) Created new entity instance [org.frcpm.models.Project(959664649393700)#74] : 1502608328
10:24:08.369 [main] DEBUG org.hibernate.orm.results - Extracted JDBC value [1] - [null]
10:24:08.369 [main] DEBUG org.hibernate.orm.results - Extracted JDBC value [2] - [2025-06-06]
10:24:08.369 [main] DEBUG org.hibernate.orm.results - Extracted JDBC value [3] - [2025-06-20]
10:24:08.369 [main] DEBUG org.hibernate.orm.results - Extracted JDBC value [4] - [Test Task Project]
10:24:08.369 [main] DEBUG org.hibernate.orm.results - Extracted JDBC value [5] - [2025-04-25]
10:24:08.369 [main] DEBUG org.hibernate.orm.results.loading.entity - (EntityResultInitializer) Done materializing entityInstance : org.frcpm.models.Project(959664649393700)#74
10:24:08.369 [main] DEBUG org.hibernate.orm.results.loading - Calling top-level assembler (0 / 1) : org.hibernate.sql.results.graph.entity.internal.EntityAssembler@7e7f9843
10:24:08.369 [main] DEBUG org.hibernate.orm.results - Extracted JDBC value [0] - [75]
10:24:08.369 [main] DEBUG org.hibernate.orm.results.loading.entity - (EntityResultInitializer) Hydrated EntityKey (org.frcpm.models.Project(959664649393700)): 75
10:24:08.369 [main] DEBUG org.hibernate.orm.results.loading.org.hibernate.orm.results.loading.collection - (DelayedCollectionInitializer) Current row collection key : org.frcpm.models.Project(959664649393700).meetings#75
10:24:08.369 [main] DEBUG org.hibernate.orm.results.loading.org.hibernate.orm.results.loading.collection - (DelayedCollectionInitializer) Current row collection key : org.frcpm.models.Project(959664649393700).milestones#75
10:24:08.369 [main] DEBUG org.hibernate.orm.results.loading.org.hibernate.orm.results.loading.collection - (DelayedCollectionInitializer) Current row collection key : org.frcpm.models.Project(959664649393700).tasks#75
10:24:08.369 [main] DEBUG org.hibernate.orm.results.loading.entity - (EntityResultInitializer) Created new entity instance [org.frcpm.models.Project(959664649393700)#75] : 1867894419
10:24:08.369 [main] DEBUG org.hibernate.orm.results - Extracted JDBC value [1] - [null]
10:24:08.369 [main] DEBUG org.hibernate.orm.results - Extracted JDBC value [2] - [2025-06-06]
10:24:08.369 [main] DEBUG org.hibernate.orm.results - Extracted JDBC value [3] - [2025-06-20]
10:24:08.369 [main] DEBUG org.hibernate.orm.results - Extracted JDBC value [4] - [Test Task Project]
10:24:08.369 [main] DEBUG org.hibernate.orm.results - Extracted JDBC value [5] - [2025-04-25]
10:24:08.369 [main] DEBUG org.hibernate.orm.results.loading.entity - (EntityResultInitializer) Done materializing entityInstance : org.frcpm.models.Project(959664649393700)#75
10:24:08.369 [main] DEBUG org.hibernate.orm.results.loading - Calling top-level assembler (0 / 1) : org.hibernate.sql.results.graph.entity.internal.EntityAssembler@7e7f9843
10:24:08.369 [main] DEBUG org.hibernate.orm.results - Extracted JDBC value [0] - [76]
10:24:08.369 [main] DEBUG org.hibernate.orm.results.loading.entity - (EntityResultInitializer) Hydrated EntityKey (org.frcpm.models.Project(959664649393700)): 76
10:24:08.369 [main] DEBUG org.hibernate.orm.results.loading.org.hibernate.orm.results.loading.collection - (DelayedCollectionInitializer) Current row collection key : org.frcpm.models.Project(959664649393700).meetings#76
10:24:08.369 [main] DEBUG org.hibernate.orm.results.loading.org.hibernate.orm.results.loading.collection - (DelayedCollectionInitializer) Current row collection key : org.frcpm.models.Project(959664649393700).milestones#76
10:24:08.369 [main] DEBUG org.hibernate.orm.results.loading.org.hibernate.orm.results.loading.collection - (DelayedCollectionInitializer) Current row collection key : org.frcpm.models.Project(959664649393700).tasks#76
10:24:08.369 [main] DEBUG org.hibernate.orm.results.loading.entity - (EntityResultInitializer) Created new entity instance [org.frcpm.models.Project(959664649393700)#76] : 1015270914
10:24:08.369 [main] DEBUG org.hibernate.orm.results - Extracted JDBC value [1] - [null]
10:24:08.369 [main] DEBUG org.hibernate.orm.results - Extracted JDBC value [2] - [2025-06-06]
10:24:08.369 [main] DEBUG org.hibernate.orm.results - Extracted JDBC value [3] - [2025-06-20]
10:24:08.369 [main] DEBUG org.hibernate.orm.results - Extracted JDBC value [4] - [Test Task Project]
10:24:08.369 [main] DEBUG org.hibernate.orm.results - Extracted JDBC value [5] - [2025-04-25]
10:24:08.369 [main] DEBUG org.hibernate.orm.results.loading.entity - (EntityResultInitializer) Done materializing entityInstance : org.frcpm.models.Project(959664649393700)#76
10:24:08.369 [main] DEBUG org.hibernate.orm.results.loading - Calling top-level assembler (0 / 1) : org.hibernate.sql.results.graph.entity.internal.EntityAssembler@7e7f9843
10:24:08.369 [main] DEBUG org.hibernate.orm.results - Extracted JDBC value [0] - [77]
10:24:08.369 [main] DEBUG org.hibernate.orm.results.loading.entity - (EntityResultInitializer) Hydrated EntityKey (org.frcpm.models.Project(959664649393700)): 77
10:24:08.369 [main] DEBUG org.hibernate.orm.results.loading.org.hibernate.orm.results.loading.collection - (DelayedCollectionInitializer) Current row collection key : org.frcpm.models.Project(959664649393700).meetings#77
10:24:08.369 [main] DEBUG org.hibernate.orm.results.loading.org.hibernate.orm.results.loading.collection - (DelayedCollectionInitializer) Current row collection key : org.frcpm.models.Project(959664649393700).milestones#77
10:24:08.369 [main] DEBUG org.hibernate.orm.results.loading.org.hibernate.orm.results.loading.collection - (DelayedCollectionInitializer) Current row collection key : org.frcpm.models.Project(959664649393700).tasks#77
10:24:08.369 [main] DEBUG org.hibernate.orm.results.loading.entity - (EntityResultInitializer) Created new entity instance [org.frcpm.models.Project(959664649393700)#77] : 865893320
10:24:08.369 [main] DEBUG org.hibernate.orm.results - Extracted JDBC value [1] - [null]
10:24:08.370 [main] DEBUG org.hibernate.orm.results - Extracted JDBC value [2] - [2025-06-06]
10:24:08.370 [main] DEBUG org.hibernate.orm.results - Extracted JDBC value [3] - [2025-06-20]
10:24:08.370 [main] DEBUG org.hibernate.orm.results - Extracted JDBC value [4] - [Test Task Project]
10:24:08.370 [main] DEBUG org.hibernate.orm.results - Extracted JDBC value [5] - [2025-04-25]
10:24:08.370 [main] DEBUG org.hibernate.orm.results.loading.entity - (EntityResultInitializer) Done materializing entityInstance : org.frcpm.models.Project(959664649393700)#77
10:24:08.370 [main] DEBUG org.hibernate.orm.results.loading - Calling top-level assembler (0 / 1) : org.hibernate.sql.results.graph.entity.internal.EntityAssembler@7e7f9843
10:24:08.370 [main] DEBUG org.hibernate.orm.results - Extracted JDBC value [0] - [78]
10:24:08.370 [main] DEBUG org.hibernate.orm.results.loading.entity - (EntityResultInitializer) Hydrated EntityKey (org.frcpm.models.Project(959664649393700)): 78
10:24:08.370 [main] DEBUG org.hibernate.orm.results.loading.org.hibernate.orm.results.loading.collection - (DelayedCollectionInitializer) Current row collection key : org.frcpm.models.Project(959664649393700).meetings#78
10:24:08.370 [main] DEBUG org.hibernate.orm.results.loading.org.hibernate.orm.results.loading.collection - (DelayedCollectionInitializer) Current row collection key : org.frcpm.models.Project(959664649393700).milestones#78
10:24:08.370 [main] DEBUG org.hibernate.orm.results.loading.org.hibernate.orm.results.loading.collection - (DelayedCollectionInitializer) Current row collection key : org.frcpm.models.Project(959664649393700).tasks#78
10:24:08.370 [main] DEBUG org.hibernate.orm.results.loading.entity - (EntityResultInitializer) Created new entity instance [org.frcpm.models.Project(959664649393700)#78] : 703727446
10:24:08.370 [main] DEBUG org.hibernate.orm.results - Extracted JDBC value [1] - [null]
10:24:08.370 [main] DEBUG org.hibernate.orm.results - Extracted JDBC value [2] - [2025-06-06]
10:24:08.370 [main] DEBUG org.hibernate.orm.results - Extracted JDBC value [3] - [2025-06-20]
10:24:08.370 [main] DEBUG org.hibernate.orm.results - Extracted JDBC value [4] - [Test Task Project]
10:24:08.370 [main] DEBUG org.hibernate.orm.results - Extracted JDBC value [5] - [2025-04-25]
10:24:08.370 [main] DEBUG org.hibernate.orm.results.loading.entity - (EntityResultInitializer) Done materializing entityInstance : org.frcpm.models.Project(959664649393700)#78
10:24:08.370 [main] DEBUG org.hibernate.orm.results.loading - Calling top-level assembler (0 / 1) : org.hibernate.sql.results.graph.entity.internal.EntityAssembler@7e7f9843
10:24:08.370 [main] DEBUG org.hibernate.orm.results - Extracted JDBC value [0] - [79]
10:24:08.370 [main] DEBUG org.hibernate.orm.results.loading.entity - (EntityResultInitializer) Hydrated EntityKey (org.frcpm.models.Project(959664649393700)): 79
10:24:08.370 [main] DEBUG org.hibernate.orm.results.loading.org.hibernate.orm.results.loading.collection - (DelayedCollectionInitializer) Current row collection key : org.frcpm.models.Project(959664649393700).meetings#79
10:24:08.370 [main] DEBUG org.hibernate.orm.results.loading.org.hibernate.orm.results.loading.collection - (DelayedCollectionInitializer) Current row collection key : org.frcpm.models.Project(959664649393700).milestones#79
10:24:08.370 [main] DEBUG org.hibernate.orm.results.loading.org.hibernate.orm.results.loading.collection - (DelayedCollectionInitializer) Current row collection key : org.frcpm.models.Project(959664649393700).tasks#79
10:24:08.370 [main] DEBUG org.hibernate.orm.results.loading.entity - (EntityResultInitializer) Created new entity instance [org.frcpm.models.Project(959664649393700)#79] : 1751297728
10:24:08.370 [main] DEBUG org.hibernate.orm.results - Extracted JDBC value [1] - [null]
10:24:08.370 [main] DEBUG org.hibernate.orm.results - Extracted JDBC value [2] - [2025-06-06]
10:24:08.370 [main] DEBUG org.hibernate.orm.results - Extracted JDBC value [3] - [2025-06-20]
10:24:08.370 [main] DEBUG org.hibernate.orm.results - Extracted JDBC value [4] - [Test Task Project]
10:24:08.370 [main] DEBUG org.hibernate.orm.results - Extracted JDBC value [5] - [2025-04-25]
10:24:08.370 [main] DEBUG org.hibernate.orm.results.loading.entity - (EntityResultInitializer) Done materializing entityInstance : org.frcpm.models.Project(959664649393700)#79
10:24:08.370 [main] DEBUG org.hibernate.orm.results.loading - Calling top-level assembler (0 / 1) : org.hibernate.sql.results.graph.entity.internal.EntityAssembler@7e7f9843
10:24:08.370 [main] DEBUG org.hibernate.orm.results - Extracted JDBC value [0] - [80]
10:24:08.370 [main] DEBUG org.hibernate.orm.results.loading.entity - (EntityResultInitializer) Hydrated EntityKey (org.frcpm.models.Project(959664649393700)): 80
10:24:08.370 [main] DEBUG org.hibernate.orm.results.loading.org.hibernate.orm.results.loading.collection - (DelayedCollectionInitializer) Current row collection key : org.frcpm.models.Project(959664649393700).meetings#80
10:24:08.370 [main] DEBUG org.hibernate.orm.results.loading.org.hibernate.orm.results.loading.collection - (DelayedCollectionInitializer) Current row collection key : org.frcpm.models.Project(959664649393700).milestones#80
10:24:08.370 [main] DEBUG org.hibernate.orm.results.loading.org.hibernate.orm.results.loading.collection - (DelayedCollectionInitializer) Current row collection key : org.frcpm.models.Project(959664649393700).tasks#80
10:24:08.370 [main] DEBUG org.hibernate.orm.results.loading.entity - (EntityResultInitializer) Created new entity instance [org.frcpm.models.Project(959664649393700)#80] : 1385629355
10:24:08.370 [main] DEBUG org.hibernate.orm.results - Extracted JDBC value [1] - [null]
10:24:08.370 [main] DEBUG org.hibernate.orm.results - Extracted JDBC value [2] - [2025-06-06]
10:24:08.370 [main] DEBUG org.hibernate.orm.results - Extracted JDBC value [3] - [2025-06-20]
10:24:08.370 [main] DEBUG org.hibernate.orm.results - Extracted JDBC value [4] - [Test Task Project]
10:24:08.370 [main] DEBUG org.hibernate.orm.results - Extracted JDBC value [5] - [2025-04-25]
10:24:08.370 [main] DEBUG org.hibernate.orm.results.loading.entity - (EntityResultInitializer) Done materializing entityInstance : org.frcpm.models.Project(959664649393700)#80
10:24:08.370 [main] DEBUG org.hibernate.orm.results.loading - Calling top-level assembler (0 / 1) : org.hibernate.sql.results.graph.entity.internal.EntityAssembler@7e7f9843
10:24:08.370 [main] DEBUG org.hibernate.orm.results - Extracted JDBC value [0] - [81]
10:24:08.370 [main] DEBUG org.hibernate.orm.results.loading.entity - (EntityResultInitializer) Hydrated EntityKey (org.frcpm.models.Project(959664649393700)): 81
10:24:08.370 [main] DEBUG org.hibernate.orm.results.loading.org.hibernate.orm.results.loading.collection - (DelayedCollectionInitializer) Current row collection key : org.frcpm.models.Project(959664649393700).meetings#81
10:24:08.370 [main] DEBUG org.hibernate.orm.results.loading.org.hibernate.orm.results.loading.collection - (DelayedCollectionInitializer) Current row collection key : org.frcpm.models.Project(959664649393700).milestones#81
10:24:08.370 [main] DEBUG org.hibernate.orm.results.loading.org.hibernate.orm.results.loading.collection - (DelayedCollectionInitializer) Current row collection key : org.frcpm.models.Project(959664649393700).tasks#81
10:24:08.370 [main] DEBUG org.hibernate.orm.results.loading.entity - (EntityResultInitializer) Created new entity instance [org.frcpm.models.Project(959664649393700)#81] : 588130451
10:24:08.370 [main] DEBUG org.hibernate.orm.results - Extracted JDBC value [1] - [null]
10:24:08.370 [main] DEBUG org.hibernate.orm.results - Extracted JDBC value [2] - [2025-06-06]
10:24:08.370 [main] DEBUG org.hibernate.orm.results - Extracted JDBC value [3] - [2025-06-20]
10:24:08.370 [main] DEBUG org.hibernate.orm.results - Extracted JDBC value [4] - [Test Task Project]
10:24:08.370 [main] DEBUG org.hibernate.orm.results - Extracted JDBC value [5] - [2025-04-25]
10:24:08.370 [main] DEBUG org.hibernate.orm.results.loading.entity - (EntityResultInitializer) Done materializing entityInstance : org.frcpm.models.Project(959664649393700)#81
10:24:08.370 [main] DEBUG org.hibernate.orm.results.loading - Calling top-level assembler (0 / 1) : org.hibernate.sql.results.graph.entity.internal.EntityAssembler@7e7f9843
10:24:08.370 [main] DEBUG org.hibernate.orm.results - Extracted JDBC value [0] - [82]
10:24:08.370 [main] DEBUG org.hibernate.orm.results.loading.entity - (EntityResultInitializer) Hydrated EntityKey (org.frcpm.models.Project(959664649393700)): 82
10:24:08.370 [main] DEBUG org.hibernate.orm.results.loading.org.hibernate.orm.results.loading.collection - (DelayedCollectionInitializer) Current row collection key : org.frcpm.models.Project(959664649393700).meetings#82
10:24:08.370 [main] DEBUG org.hibernate.orm.results.loading.org.hibernate.orm.results.loading.collection - (DelayedCollectionInitializer) Current row collection key : org.frcpm.models.Project(959664649393700).milestones#82
10:24:08.370 [main] DEBUG org.hibernate.orm.results.loading.org.hibernate.orm.results.loading.collection - (DelayedCollectionInitializer) Current row collection key : org.frcpm.models.Project(959664649393700).tasks#82
10:24:08.370 [main] DEBUG org.hibernate.orm.results.loading.entity - (EntityResultInitializer) Created new entity instance [org.frcpm.models.Project(959664649393700)#82] : 1062334031
10:24:08.370 [main] DEBUG org.hibernate.orm.results - Extracted JDBC value [1] - [null]
10:24:08.370 [main] DEBUG org.hibernate.orm.results - Extracted JDBC value [2] - [2025-06-06]
10:24:08.370 [main] DEBUG org.hibernate.orm.results - Extracted JDBC value [3] - [2025-06-20]
10:24:08.370 [main] DEBUG org.hibernate.orm.results - Extracted JDBC value [4] - [Test Task Project]
10:24:08.370 [main] DEBUG org.hibernate.orm.results - Extracted JDBC value [5] - [2025-04-25]
10:24:08.370 [main] DEBUG org.hibernate.orm.results.loading.entity - (EntityResultInitializer) Done materializing entityInstance : org.frcpm.models.Project(959664649393700)#82
10:24:08.370 [main] DEBUG org.hibernate.orm.results.loading - Calling top-level assembler (0 / 1) : org.hibernate.sql.results.graph.entity.internal.EntityAssembler@7e7f9843
10:24:08.370 [main] DEBUG org.hibernate.orm.results - Extracted JDBC value [0] - [104]
10:24:08.370 [main] DEBUG org.hibernate.orm.results.loading.entity - (EntityResultInitializer) Hydrated EntityKey (org.frcpm.models.Project(959664649393700)): 104
10:24:08.370 [main] DEBUG org.hibernate.orm.results.loading.org.hibernate.orm.results.loading.collection - (DelayedCollectionInitializer) Current row collection key : org.frcpm.models.Project(959664649393700).meetings#104
10:24:08.370 [main] DEBUG org.hibernate.orm.results.loading.org.hibernate.orm.results.loading.collection - (DelayedCollectionInitializer) Current row collection key : org.frcpm.models.Project(959664649393700).milestones#104
10:24:08.370 [main] DEBUG org.hibernate.orm.results.loading.org.hibernate.orm.results.loading.collection - (DelayedCollectionInitializer) Current row collection key : org.frcpm.models.Project(959664649393700).tasks#104
10:24:08.370 [main] DEBUG org.hibernate.orm.results.loading.entity - (EntityResultInitializer) Created new entity instance [org.frcpm.models.Project(959664649393700)#104] : 441396931
10:24:08.370 [main] DEBUG org.hibernate.orm.results - Extracted JDBC value [1] - [null]
10:24:08.370 [main] DEBUG org.hibernate.orm.results - Extracted JDBC value [2] - [2025-06-06]
10:24:08.370 [main] DEBUG org.hibernate.orm.results - Extracted JDBC value [3] - [2025-06-20]
10:24:08.370 [main] DEBUG org.hibernate.orm.results - Extracted JDBC value [4] - [Component Test Project]
10:24:08.370 [main] DEBUG org.hibernate.orm.results - Extracted JDBC value [5] - [2025-04-25]
10:24:08.370 [main] DEBUG org.hibernate.orm.results.loading.entity - (EntityResultInitializer) Done materializing entityInstance : org.frcpm.models.Project(959664649393700)#104
10:24:08.370 [main] DEBUG org.hibernate.orm.results.loading - Calling top-level assembler (0 / 1) : org.hibernate.sql.results.graph.entity.internal.EntityAssembler@7e7f9843
10:24:08.370 [main] DEBUG org.hibernate.orm.results - Extracted JDBC value [0] - [135]
10:24:08.370 [main] DEBUG org.hibernate.orm.results.loading.entity - (EntityResultInitializer) Hydrated EntityKey (org.frcpm.models.Project(959664649393700)): 135
10:24:08.370 [main] DEBUG org.hibernate.orm.results.loading.org.hibernate.orm.results.loading.collection - (DelayedCollectionInitializer) Current row collection key : org.frcpm.models.Project(959664649393700).meetings#135
10:24:08.370 [main] DEBUG org.hibernate.orm.results.loading.org.hibernate.orm.results.loading.collection - (DelayedCollectionInitializer) Current row collection key : org.frcpm.models.Project(959664649393700).milestones#135
10:24:08.370 [main] DEBUG org.hibernate.orm.results.loading.org.hibernate.orm.results.loading.collection - (DelayedCollectionInitializer) Current row collection key : org.frcpm.models.Project(959664649393700).tasks#135
10:24:08.370 [main] DEBUG org.hibernate.orm.results.loading.entity - (EntityResultInitializer) Created new entity instance [org.frcpm.models.Project(959664649393700)#135] : 787758615
10:24:08.370 [main] DEBUG org.hibernate.orm.results - Extracted JDBC value [1] - [null]
10:24:08.370 [main] DEBUG org.hibernate.orm.results - Extracted JDBC value [2] - [2025-05-23]
10:24:08.370 [main] DEBUG org.hibernate.orm.results - Extracted JDBC value [3] - [2025-06-06]
10:24:08.370 [main] DEBUG org.hibernate.orm.results - Extracted JDBC value [4] - [Test Create Service Project]
10:24:08.370 [main] DEBUG org.hibernate.orm.results - Extracted JDBC value [5] - [2025-04-25]
10:24:08.370 [main] DEBUG org.hibernate.orm.results.loading.entity - (EntityResultInitializer) Done materializing entityInstance : org.frcpm.models.Project(959664649393700)#135
10:24:08.370 [main] DEBUG org.hibernate.orm.results.loading - Calling top-level assembler (0 / 1) : org.hibernate.sql.results.graph.entity.internal.EntityAssembler@7e7f9843
10:24:08.370 [main] DEBUG org.hibernate.orm.results - Extracted JDBC value [0] - [142]
10:24:08.370 [main] DEBUG org.hibernate.orm.results.loading.entity - (EntityResultInitializer) Hydrated EntityKey (org.frcpm.models.Project(959664649393700)): 142
10:24:08.370 [main] DEBUG org.hibernate.orm.results.loading.org.hibernate.orm.results.loading.collection - (DelayedCollectionInitializer) Current row collection key : org.frcpm.models.Project(959664649393700).meetings#142
10:24:08.370 [main] DEBUG org.hibernate.orm.results.loading.org.hibernate.orm.results.loading.collection - (DelayedCollectionInitializer) Current row collection key : org.frcpm.models.Project(959664649393700).milestones#142
10:24:08.370 [main] DEBUG org.hibernate.orm.results.loading.org.hibernate.orm.results.loading.collection - (DelayedCollectionInitializer) Current row collection key : org.frcpm.models.Project(959664649393700).tasks#142
10:24:08.370 [main] DEBUG org.hibernate.orm.results.loading.entity - (EntityResultInitializer) Created new entity instance [org.frcpm.models.Project(959664649393700)#142] : 897415291
10:24:08.370 [main] DEBUG org.hibernate.orm.results - Extracted JDBC value [1] - [Updated description]
10:24:08.370 [main] DEBUG org.hibernate.orm.results - Extracted JDBC value [2] - [2025-05-23]
10:24:08.370 [main] DEBUG org.hibernate.orm.results - Extracted JDBC value [3] - [2025-06-06]
10:24:08.370 [main] DEBUG org.hibernate.orm.results - Extracted JDBC value [4] - [Updated Service Project Name]
10:24:08.370 [main] DEBUG org.hibernate.orm.results - Extracted JDBC value [5] - [2025-04-25]
10:24:08.370 [main] DEBUG org.hibernate.orm.results.loading.entity - (EntityResultInitializer) Done materializing entityInstance : org.frcpm.models.Project(959664649393700)#142
10:24:08.370 [main] DEBUG org.hibernate.orm.results.loading - Calling top-level assembler (0 / 1) : org.hibernate.sql.results.graph.entity.internal.EntityAssembler@7e7f9843
10:24:08.370 [main] DEBUG org.hibernate.orm.results - Extracted JDBC value [0] - [148]
10:24:08.370 [main] DEBUG org.hibernate.orm.results.loading.entity - (EntityResultInitializer) Hydrated EntityKey (org.frcpm.models.Project(959664649393700)): 148
10:24:08.370 [main] DEBUG org.hibernate.orm.results.loading.org.hibernate.orm.results.loading.collection - (DelayedCollectionInitializer) Current row collection key : org.frcpm.models.Project(959664649393700).meetings#148
10:24:08.370 [main] DEBUG org.hibernate.orm.results.loading.org.hibernate.orm.results.loading.collection - (DelayedCollectionInitializer) Current row collection key : org.frcpm.models.Project(959664649393700).milestones#148
10:24:08.370 [main] DEBUG org.hibernate.orm.results.loading.org.hibernate.orm.results.loading.collection - (DelayedCollectionInitializer) Current row collection key : org.frcpm.models.Project(959664649393700).tasks#148
10:24:08.370 [main] DEBUG org.hibernate.orm.results.loading.entity - (EntityResultInitializer) Created new entity instance [org.frcpm.models.Project(959664649393700)#148] : 1173252809
10:24:08.370 [main] DEBUG org.hibernate.orm.results - Extracted JDBC value [1] - [null]
10:24:08.370 [main] DEBUG org.hibernate.orm.results - Extracted JDBC value [2] - [2025-05-23]
10:24:08.370 [main] DEBUG org.hibernate.orm.results - Extracted JDBC value [3] - [2025-06-06]
10:24:08.370 [main] DEBUG org.hibernate.orm.results - Extracted JDBC value [4] - [Test Summary Project]
10:24:08.370 [main] DEBUG org.hibernate.orm.results - Extracted JDBC value [5] - [2025-04-25]
10:24:08.370 [main] DEBUG org.hibernate.orm.results.loading.entity - (EntityResultInitializer) Done materializing entityInstance : org.frcpm.models.Project(959664649393700)#148
10:24:08.370 [main] DEBUG org.hibernate.orm.results.loading - Calling top-level assembler (0 / 1) : org.hibernate.sql.results.graph.entity.internal.EntityAssembler@7e7f9843
10:24:08.370 [main] DEBUG org.hibernate.resource.jdbc.internal.LogicalConnectionManagedImpl - Initiating JDBC connection release from afterTransaction
10:24:08.371 [main] DEBUG org.hibernate.resource.jdbc.internal.LogicalConnectionManagedImpl - Initiating JDBC connection release from afterTransaction
]]></system-out>
    <system-err><![CDATA[Apr 25, 2025 10:24:08 AM org.frcpm.controllers.ProjectController setupBindings
WARNING: UI components not initialized - likely in test environment
]]></system-err>
  </testcase>
  <testcase name="testErrorMessageListener" classname="org.frcpm.controllers.ProjectControllerTest" time="0.014">
    <system-out><![CDATA[10:24:08.376 [main] DEBUG org.hibernate.orm.sql.ast.create - Created new SQL alias : p1_0
10:24:08.377 [main] DEBUG org.hibernate.orm.sql.ast.create - Registration of TableGroup [StandardTableGroup(org.frcpm.models.Project(959664663033400))] with identifierForTableGroup [org.frcpm.models.Project] for NavigablePath [org.frcpm.models.Project] 
10:24:08.377 [main] DEBUG org.hibernate.orm.results.graph.AST - DomainResult Graph:
 \-EntityResultImpl [org.frcpm.models.Project(959664663033400)]
 |  +-BasicFetch [org.frcpm.models.Project(959664663033400).description]
 |  +-BasicFetch [org.frcpm.models.Project(959664663033400).goalEndDate]
 |  +-BasicFetch [org.frcpm.models.Project(959664663033400).hardDeadline]
 |  +-DelayedCollectionFetch [org.frcpm.models.Project(959664663033400).meetings]
 |  +-DelayedCollectionFetch [org.frcpm.models.Project(959664663033400).milestones]
 |  +-BasicFetch [org.frcpm.models.Project(959664663033400).name]
 |  +-BasicFetch [org.frcpm.models.Project(959664663033400).startDate]
 |  \-DelayedCollectionFetch [org.frcpm.models.Project(959664663033400).tasks]

10:24:08.377 [main] DEBUG org.hibernate.orm.sql.ast.tree - SQL AST Tree:
    SelectStatement {
      FromClause {
        StandardTableGroup (p1 : org.frcpm.models.Project(959664663033400)) {
          primaryTableReference : projects as p1_0
        }
      }
    }

10:24:08.377 [main] DEBUG org.hibernate.orm.sql.exec - Skipping reading Query result cache data: cache-enabled = false, cache-mode = NORMAL
10:24:08.378 [main] DEBUG org.hibernate.orm.results - Initializer list:
	  org.frcpm.models.Project(959664663033400).meetings -> DelayedCollectionInitializer(org.frcpm.models.Project(959664663033400).meetings)@1892900980 (PluralAttribute(org.frcpm.models.Project.meetings))
	  org.frcpm.models.Project(959664663033400).tasks -> DelayedCollectionInitializer(org.frcpm.models.Project(959664663033400).tasks)@835510635 (PluralAttribute(org.frcpm.models.Project.tasks))
	  org.frcpm.models.Project(959664663033400) -> EntityResultInitializer(org.frcpm.models.Project(959664663033400))@1793470847 (SingleTableEntityPersister(org.frcpm.models.Project))
	  org.frcpm.models.Project(959664663033400).milestones -> DelayedCollectionInitializer(org.frcpm.models.Project(959664663033400).milestones)@2046579747 (PluralAttribute(org.frcpm.models.Project.milestones))

10:24:08.378 [main] DEBUG org.hibernate.SQL - select p1_0.id,p1_0.description,p1_0.goal_end_date,p1_0.hard_deadline,p1_0.name,p1_0.start_date from projects p1_0
10:24:08.378 [main] DEBUG org.hibernate.orm.results - Extracted JDBC value [0] - [1]
10:24:08.378 [main] DEBUG org.hibernate.orm.results.loading.entity - (EntityResultInitializer) Hydrated EntityKey (org.frcpm.models.Project(959664663033400)): 1
10:24:08.378 [main] DEBUG org.hibernate.orm.results.loading.org.hibernate.orm.results.loading.collection - (DelayedCollectionInitializer) Current row collection key : org.frcpm.models.Project(959664663033400).meetings#1
10:24:08.378 [main] DEBUG org.hibernate.orm.results.loading.org.hibernate.orm.results.loading.collection - (DelayedCollectionInitializer) Current row collection key : org.frcpm.models.Project(959664663033400).milestones#1
10:24:08.378 [main] DEBUG org.hibernate.orm.results.loading.org.hibernate.orm.results.loading.collection - (DelayedCollectionInitializer) Current row collection key : org.frcpm.models.Project(959664663033400).tasks#1
10:24:08.378 [main] DEBUG org.hibernate.orm.results.loading.entity - (EntityResultInitializer) Created new entity instance [org.frcpm.models.Project(959664663033400)#1] : 534809374
10:24:08.378 [main] DEBUG org.hibernate.orm.results - Extracted JDBC value [1] - [Competition robot for the 2025 FIRST Robotics Competition]
10:24:08.378 [main] DEBUG org.hibernate.orm.results - Extracted JDBC value [2] - [2025-06-12]
10:24:08.378 [main] DEBUG org.hibernate.orm.results - Extracted JDBC value [3] - [2025-06-26]
10:24:08.378 [main] DEBUG org.hibernate.orm.results - Extracted JDBC value [4] - [FRC 2025 Robot]
10:24:08.378 [main] DEBUG org.hibernate.orm.results - Extracted JDBC value [5] - [2025-05-01]
10:24:08.378 [main] DEBUG org.hibernate.orm.results.loading.entity - (EntityResultInitializer) Done materializing entityInstance : org.frcpm.models.Project(959664663033400)#1
10:24:08.378 [main] DEBUG org.hibernate.orm.results.loading - Calling top-level assembler (0 / 1) : org.hibernate.sql.results.graph.entity.internal.EntityAssembler@422d1d69
10:24:08.378 [main] DEBUG org.hibernate.orm.results - Extracted JDBC value [0] - [51]
10:24:08.378 [main] DEBUG org.hibernate.orm.results.loading.entity - (EntityResultInitializer) Hydrated EntityKey (org.frcpm.models.Project(959664663033400)): 51
10:24:08.378 [main] DEBUG org.hibernate.orm.results.loading.org.hibernate.orm.results.loading.collection - (DelayedCollectionInitializer) Current row collection key : org.frcpm.models.Project(959664663033400).meetings#51
10:24:08.378 [main] DEBUG org.hibernate.orm.results.loading.org.hibernate.orm.results.loading.collection - (DelayedCollectionInitializer) Current row collection key : org.frcpm.models.Project(959664663033400).milestones#51
10:24:08.378 [main] DEBUG org.hibernate.orm.results.loading.org.hibernate.orm.results.loading.collection - (DelayedCollectionInitializer) Current row collection key : org.frcpm.models.Project(959664663033400).tasks#51
10:24:08.378 [main] DEBUG org.hibernate.orm.results.loading.entity - (EntityResultInitializer) Created new entity instance [org.frcpm.models.Project(959664663033400)#51] : 1920405056
10:24:08.379 [main] DEBUG org.hibernate.orm.results - Extracted JDBC value [1] - [null]
10:24:08.379 [main] DEBUG org.hibernate.orm.results - Extracted JDBC value [2] - [2025-05-23]
10:24:08.379 [main] DEBUG org.hibernate.orm.results - Extracted JDBC value [3] - [2025-06-06]
10:24:08.379 [main] DEBUG org.hibernate.orm.results - Extracted JDBC value [4] - [Test Count Project]
10:24:08.379 [main] DEBUG org.hibernate.orm.results - Extracted JDBC value [5] - [2025-04-25]
10:24:08.379 [main] DEBUG org.hibernate.orm.results.loading.entity - (EntityResultInitializer) Done materializing entityInstance : org.frcpm.models.Project(959664663033400)#51
10:24:08.379 [main] DEBUG org.hibernate.orm.results.loading - Calling top-level assembler (0 / 1) : org.hibernate.sql.results.graph.entity.internal.EntityAssembler@422d1d69
10:24:08.379 [main] DEBUG org.hibernate.orm.results - Extracted JDBC value [0] - [54]
10:24:08.379 [main] DEBUG org.hibernate.orm.results.loading.entity - (EntityResultInitializer) Hydrated EntityKey (org.frcpm.models.Project(959664663033400)): 54
10:24:08.379 [main] DEBUG org.hibernate.orm.results.loading.org.hibernate.orm.results.loading.collection - (DelayedCollectionInitializer) Current row collection key : org.frcpm.models.Project(959664663033400).meetings#54
10:24:08.379 [main] DEBUG org.hibernate.orm.results.loading.org.hibernate.orm.results.loading.collection - (DelayedCollectionInitializer) Current row collection key : org.frcpm.models.Project(959664663033400).milestones#54
10:24:08.379 [main] DEBUG org.hibernate.orm.results.loading.org.hibernate.orm.results.loading.collection - (DelayedCollectionInitializer) Current row collection key : org.frcpm.models.Project(959664663033400).tasks#54
10:24:08.379 [main] DEBUG org.hibernate.orm.results.loading.entity - (EntityResultInitializer) Created new entity instance [org.frcpm.models.Project(959664663033400)#54] : 889520518
10:24:08.379 [main] DEBUG org.hibernate.orm.results - Extracted JDBC value [1] - [Test save description]
10:24:08.379 [main] DEBUG org.hibernate.orm.results - Extracted JDBC value [2] - [2025-05-23]
10:24:08.379 [main] DEBUG org.hibernate.orm.results - Extracted JDBC value [3] - [2025-06-06]
10:24:08.379 [main] DEBUG org.hibernate.orm.results - Extracted JDBC value [4] - [Test Save Project]
10:24:08.379 [main] DEBUG org.hibernate.orm.results - Extracted JDBC value [5] - [2025-04-25]
10:24:08.379 [main] DEBUG org.hibernate.orm.results.loading.entity - (EntityResultInitializer) Done materializing entityInstance : org.frcpm.models.Project(959664663033400)#54
10:24:08.379 [main] DEBUG org.hibernate.orm.results.loading - Calling top-level assembler (0 / 1) : org.hibernate.sql.results.graph.entity.internal.EntityAssembler@422d1d69
10:24:08.379 [main] DEBUG org.hibernate.orm.results - Extracted JDBC value [0] - [69]
10:24:08.379 [main] DEBUG org.hibernate.orm.results.loading.entity - (EntityResultInitializer) Hydrated EntityKey (org.frcpm.models.Project(959664663033400)): 69
10:24:08.379 [main] DEBUG org.hibernate.orm.results.loading.org.hibernate.orm.results.loading.collection - (DelayedCollectionInitializer) Current row collection key : org.frcpm.models.Project(959664663033400).meetings#69
10:24:08.379 [main] DEBUG org.hibernate.orm.results.loading.org.hibernate.orm.results.loading.collection - (DelayedCollectionInitializer) Current row collection key : org.frcpm.models.Project(959664663033400).milestones#69
10:24:08.379 [main] DEBUG org.hibernate.orm.results.loading.org.hibernate.orm.results.loading.collection - (DelayedCollectionInitializer) Current row collection key : org.frcpm.models.Project(959664663033400).tasks#69
10:24:08.379 [main] DEBUG org.hibernate.orm.results.loading.entity - (EntityResultInitializer) Created new entity instance [org.frcpm.models.Project(959664663033400)#69] : 1754548433
10:24:08.379 [main] DEBUG org.hibernate.orm.results - Extracted JDBC value [1] - [null]
10:24:08.379 [main] DEBUG org.hibernate.orm.results - Extracted JDBC value [2] - [2025-05-23]
10:24:08.379 [main] DEBUG org.hibernate.orm.results - Extracted JDBC value [3] - [2025-06-06]
10:24:08.379 [main] DEBUG org.hibernate.orm.results - Extracted JDBC value [4] - [Updated Project Name]
10:24:08.379 [main] DEBUG org.hibernate.orm.results - Extracted JDBC value [5] - [2025-04-25]
10:24:08.379 [main] DEBUG org.hibernate.orm.results.loading.entity - (EntityResultInitializer) Done materializing entityInstance : org.frcpm.models.Project(959664663033400)#69
10:24:08.379 [main] DEBUG org.hibernate.orm.results.loading - Calling top-level assembler (0 / 1) : org.hibernate.sql.results.graph.entity.internal.EntityAssembler@422d1d69
10:24:08.379 [main] DEBUG org.hibernate.orm.results - Extracted JDBC value [0] - [70]
10:24:08.379 [main] DEBUG org.hibernate.orm.results.loading.entity - (EntityResultInitializer) Hydrated EntityKey (org.frcpm.models.Project(959664663033400)): 70
10:24:08.379 [main] DEBUG org.hibernate.orm.results.loading.org.hibernate.orm.results.loading.collection - (DelayedCollectionInitializer) Current row collection key : org.frcpm.models.Project(959664663033400).meetings#70
10:24:08.379 [main] DEBUG org.hibernate.orm.results.loading.org.hibernate.orm.results.loading.collection - (DelayedCollectionInitializer) Current row collection key : org.frcpm.models.Project(959664663033400).milestones#70
10:24:08.379 [main] DEBUG org.hibernate.orm.results.loading.org.hibernate.orm.results.loading.collection - (DelayedCollectionInitializer) Current row collection key : org.frcpm.models.Project(959664663033400).tasks#70
10:24:08.379 [main] DEBUG org.hibernate.orm.results.loading.entity - (EntityResultInitializer) Created new entity instance [org.frcpm.models.Project(959664663033400)#70] : 568279911
10:24:08.379 [main] DEBUG org.hibernate.orm.results - Extracted JDBC value [1] - [null]
10:24:08.379 [main] DEBUG org.hibernate.orm.results - Extracted JDBC value [2] - [2025-06-06]
10:24:08.379 [main] DEBUG org.hibernate.orm.results - Extracted JDBC value [3] - [2025-06-20]
10:24:08.379 [main] DEBUG org.hibernate.orm.results - Extracted JDBC value [4] - [Test Task Project]
10:24:08.379 [main] DEBUG org.hibernate.orm.results - Extracted JDBC value [5] - [2025-04-25]
10:24:08.379 [main] DEBUG org.hibernate.orm.results.loading.entity - (EntityResultInitializer) Done materializing entityInstance : org.frcpm.models.Project(959664663033400)#70
10:24:08.379 [main] DEBUG org.hibernate.orm.results.loading - Calling top-level assembler (0 / 1) : org.hibernate.sql.results.graph.entity.internal.EntityAssembler@422d1d69
10:24:08.379 [main] DEBUG org.hibernate.orm.results - Extracted JDBC value [0] - [71]
10:24:08.379 [main] DEBUG org.hibernate.orm.results.loading.entity - (EntityResultInitializer) Hydrated EntityKey (org.frcpm.models.Project(959664663033400)): 71
10:24:08.379 [main] DEBUG org.hibernate.orm.results.loading.org.hibernate.orm.results.loading.collection - (DelayedCollectionInitializer) Current row collection key : org.frcpm.models.Project(959664663033400).meetings#71
10:24:08.379 [main] DEBUG org.hibernate.orm.results.loading.org.hibernate.orm.results.loading.collection - (DelayedCollectionInitializer) Current row collection key : org.frcpm.models.Project(959664663033400).milestones#71
10:24:08.379 [main] DEBUG org.hibernate.orm.results.loading.org.hibernate.orm.results.loading.collection - (DelayedCollectionInitializer) Current row collection key : org.frcpm.models.Project(959664663033400).tasks#71
10:24:08.379 [main] DEBUG org.hibernate.orm.results.loading.entity - (EntityResultInitializer) Created new entity instance [org.frcpm.models.Project(959664663033400)#71] : 1240315600
10:24:08.379 [main] DEBUG org.hibernate.orm.results - Extracted JDBC value [1] - [null]
10:24:08.379 [main] DEBUG org.hibernate.orm.results - Extracted JDBC value [2] - [2025-06-06]
10:24:08.379 [main] DEBUG org.hibernate.orm.results - Extracted JDBC value [3] - [2025-06-20]
10:24:08.379 [main] DEBUG org.hibernate.orm.results - Extracted JDBC value [4] - [Test Task Project]
10:24:08.379 [main] DEBUG org.hibernate.orm.results - Extracted JDBC value [5] - [2025-04-25]
10:24:08.379 [main] DEBUG org.hibernate.orm.results.loading.entity - (EntityResultInitializer) Done materializing entityInstance : org.frcpm.models.Project(959664663033400)#71
10:24:08.379 [main] DEBUG org.hibernate.orm.results.loading - Calling top-level assembler (0 / 1) : org.hibernate.sql.results.graph.entity.internal.EntityAssembler@422d1d69
10:24:08.379 [main] DEBUG org.hibernate.orm.results - Extracted JDBC value [0] - [72]
10:24:08.379 [main] DEBUG org.hibernate.orm.results.loading.entity - (EntityResultInitializer) Hydrated EntityKey (org.frcpm.models.Project(959664663033400)): 72
10:24:08.379 [main] DEBUG org.hibernate.orm.results.loading.org.hibernate.orm.results.loading.collection - (DelayedCollectionInitializer) Current row collection key : org.frcpm.models.Project(959664663033400).meetings#72
10:24:08.379 [main] DEBUG org.hibernate.orm.results.loading.org.hibernate.orm.results.loading.collection - (DelayedCollectionInitializer) Current row collection key : org.frcpm.models.Project(959664663033400).milestones#72
10:24:08.379 [main] DEBUG org.hibernate.orm.results.loading.org.hibernate.orm.results.loading.collection - (DelayedCollectionInitializer) Current row collection key : org.frcpm.models.Project(959664663033400).tasks#72
10:24:08.379 [main] DEBUG org.hibernate.orm.results.loading.entity - (EntityResultInitializer) Created new entity instance [org.frcpm.models.Project(959664663033400)#72] : 774884303
10:24:08.379 [main] DEBUG org.hibernate.orm.results - Extracted JDBC value [1] - [null]
10:24:08.379 [main] DEBUG org.hibernate.orm.results - Extracted JDBC value [2] - [2025-06-06]
10:24:08.379 [main] DEBUG org.hibernate.orm.results - Extracted JDBC value [3] - [2025-06-20]
10:24:08.379 [main] DEBUG org.hibernate.orm.results - Extracted JDBC value [4] - [Test Task Project]
10:24:08.379 [main] DEBUG org.hibernate.orm.results - Extracted JDBC value [5] - [2025-04-25]
10:24:08.379 [main] DEBUG org.hibernate.orm.results.loading.entity - (EntityResultInitializer) Done materializing entityInstance : org.frcpm.models.Project(959664663033400)#72
10:24:08.379 [main] DEBUG org.hibernate.orm.results.loading - Calling top-level assembler (0 / 1) : org.hibernate.sql.results.graph.entity.internal.EntityAssembler@422d1d69
10:24:08.379 [main] DEBUG org.hibernate.orm.results - Extracted JDBC value [0] - [73]
10:24:08.379 [main] DEBUG org.hibernate.orm.results.loading.entity - (EntityResultInitializer) Hydrated EntityKey (org.frcpm.models.Project(959664663033400)): 73
10:24:08.379 [main] DEBUG org.hibernate.orm.results.loading.org.hibernate.orm.results.loading.collection - (DelayedCollectionInitializer) Current row collection key : org.frcpm.models.Project(959664663033400).meetings#73
10:24:08.379 [main] DEBUG org.hibernate.orm.results.loading.org.hibernate.orm.results.loading.collection - (DelayedCollectionInitializer) Current row collection key : org.frcpm.models.Project(959664663033400).milestones#73
10:24:08.379 [main] DEBUG org.hibernate.orm.results.loading.org.hibernate.orm.results.loading.collection - (DelayedCollectionInitializer) Current row collection key : org.frcpm.models.Project(959664663033400).tasks#73
10:24:08.379 [main] DEBUG org.hibernate.orm.results.loading.entity - (EntityResultInitializer) Created new entity instance [org.frcpm.models.Project(959664663033400)#73] : 941604676
10:24:08.379 [main] DEBUG org.hibernate.orm.results - Extracted JDBC value [1] - [null]
10:24:08.379 [main] DEBUG org.hibernate.orm.results - Extracted JDBC value [2] - [2025-06-06]
10:24:08.379 [main] DEBUG org.hibernate.orm.results - Extracted JDBC value [3] - [2025-06-20]
10:24:08.379 [main] DEBUG org.hibernate.orm.results - Extracted JDBC value [4] - [Test Task Project]
10:24:08.379 [main] DEBUG org.hibernate.orm.results - Extracted JDBC value [5] - [2025-04-25]
10:24:08.379 [main] DEBUG org.hibernate.orm.results.loading.entity - (EntityResultInitializer) Done materializing entityInstance : org.frcpm.models.Project(959664663033400)#73
10:24:08.379 [main] DEBUG org.hibernate.orm.results.loading - Calling top-level assembler (0 / 1) : org.hibernate.sql.results.graph.entity.internal.EntityAssembler@422d1d69
10:24:08.379 [main] DEBUG org.hibernate.orm.results - Extracted JDBC value [0] - [74]
10:24:08.379 [main] DEBUG org.hibernate.orm.results.loading.entity - (EntityResultInitializer) Hydrated EntityKey (org.frcpm.models.Project(959664663033400)): 74
10:24:08.379 [main] DEBUG org.hibernate.orm.results.loading.org.hibernate.orm.results.loading.collection - (DelayedCollectionInitializer) Current row collection key : org.frcpm.models.Project(959664663033400).meetings#74
10:24:08.379 [main] DEBUG org.hibernate.orm.results.loading.org.hibernate.orm.results.loading.collection - (DelayedCollectionInitializer) Current row collection key : org.frcpm.models.Project(959664663033400).milestones#74
10:24:08.379 [main] DEBUG org.hibernate.orm.results.loading.org.hibernate.orm.results.loading.collection - (DelayedCollectionInitializer) Current row collection key : org.frcpm.models.Project(959664663033400).tasks#74
10:24:08.379 [main] DEBUG org.hibernate.orm.results.loading.entity - (EntityResultInitializer) Created new entity instance [org.frcpm.models.Project(959664663033400)#74] : 1347156634
10:24:08.379 [main] DEBUG org.hibernate.orm.results - Extracted JDBC value [1] - [null]
10:24:08.379 [main] DEBUG org.hibernate.orm.results - Extracted JDBC value [2] - [2025-06-06]
10:24:08.379 [main] DEBUG org.hibernate.orm.results - Extracted JDBC value [3] - [2025-06-20]
10:24:08.379 [main] DEBUG org.hibernate.orm.results - Extracted JDBC value [4] - [Test Task Project]
10:24:08.379 [main] DEBUG org.hibernate.orm.results - Extracted JDBC value [5] - [2025-04-25]
10:24:08.379 [main] DEBUG org.hibernate.orm.results.loading.entity - (EntityResultInitializer) Done materializing entityInstance : org.frcpm.models.Project(959664663033400)#74
10:24:08.379 [main] DEBUG org.hibernate.orm.results.loading - Calling top-level assembler (0 / 1) : org.hibernate.sql.results.graph.entity.internal.EntityAssembler@422d1d69
10:24:08.379 [main] DEBUG org.hibernate.orm.results - Extracted JDBC value [0] - [75]
10:24:08.379 [main] DEBUG org.hibernate.orm.results.loading.entity - (EntityResultInitializer) Hydrated EntityKey (org.frcpm.models.Project(959664663033400)): 75
10:24:08.379 [main] DEBUG org.hibernate.orm.results.loading.org.hibernate.orm.results.loading.collection - (DelayedCollectionInitializer) Current row collection key : org.frcpm.models.Project(959664663033400).meetings#75
10:24:08.379 [main] DEBUG org.hibernate.orm.results.loading.org.hibernate.orm.results.loading.collection - (DelayedCollectionInitializer) Current row collection key : org.frcpm.models.Project(959664663033400).milestones#75
10:24:08.379 [main] DEBUG org.hibernate.orm.results.loading.org.hibernate.orm.results.loading.collection - (DelayedCollectionInitializer) Current row collection key : org.frcpm.models.Project(959664663033400).tasks#75
10:24:08.379 [main] DEBUG org.hibernate.orm.results.loading.entity - (EntityResultInitializer) Created new entity instance [org.frcpm.models.Project(959664663033400)#75] : 1201175218
10:24:08.379 [main] DEBUG org.hibernate.orm.results - Extracted JDBC value [1] - [null]
10:24:08.379 [main] DEBUG org.hibernate.orm.results - Extracted JDBC value [2] - [2025-06-06]
10:24:08.379 [main] DEBUG org.hibernate.orm.results - Extracted JDBC value [3] - [2025-06-20]
10:24:08.379 [main] DEBUG org.hibernate.orm.results - Extracted JDBC value [4] - [Test Task Project]
10:24:08.379 [main] DEBUG org.hibernate.orm.results - Extracted JDBC value [5] - [2025-04-25]
10:24:08.379 [main] DEBUG org.hibernate.orm.results.loading.entity - (EntityResultInitializer) Done materializing entityInstance : org.frcpm.models.Project(959664663033400)#75
10:24:08.379 [main] DEBUG org.hibernate.orm.results.loading - Calling top-level assembler (0 / 1) : org.hibernate.sql.results.graph.entity.internal.EntityAssembler@422d1d69
10:24:08.379 [main] DEBUG org.hibernate.orm.results - Extracted JDBC value [0] - [76]
10:24:08.379 [main] DEBUG org.hibernate.orm.results.loading.entity - (EntityResultInitializer) Hydrated EntityKey (org.frcpm.models.Project(959664663033400)): 76
10:24:08.379 [main] DEBUG org.hibernate.orm.results.loading.org.hibernate.orm.results.loading.collection - (DelayedCollectionInitializer) Current row collection key : org.frcpm.models.Project(959664663033400).meetings#76
10:24:08.379 [main] DEBUG org.hibernate.orm.results.loading.org.hibernate.orm.results.loading.collection - (DelayedCollectionInitializer) Current row collection key : org.frcpm.models.Project(959664663033400).milestones#76
10:24:08.379 [main] DEBUG org.hibernate.orm.results.loading.org.hibernate.orm.results.loading.collection - (DelayedCollectionInitializer) Current row collection key : org.frcpm.models.Project(959664663033400).tasks#76
10:24:08.379 [main] DEBUG org.hibernate.orm.results.loading.entity - (EntityResultInitializer) Created new entity instance [org.frcpm.models.Project(959664663033400)#76] : 1556203392
10:24:08.379 [main] DEBUG org.hibernate.orm.results - Extracted JDBC value [1] - [null]
10:24:08.379 [main] DEBUG org.hibernate.orm.results - Extracted JDBC value [2] - [2025-06-06]
10:24:08.379 [main] DEBUG org.hibernate.orm.results - Extracted JDBC value [3] - [2025-06-20]
10:24:08.379 [main] DEBUG org.hibernate.orm.results - Extracted JDBC value [4] - [Test Task Project]
10:24:08.379 [main] DEBUG org.hibernate.orm.results - Extracted JDBC value [5] - [2025-04-25]
10:24:08.379 [main] DEBUG org.hibernate.orm.results.loading.entity - (EntityResultInitializer) Done materializing entityInstance : org.frcpm.models.Project(959664663033400)#76
10:24:08.379 [main] DEBUG org.hibernate.orm.results.loading - Calling top-level assembler (0 / 1) : org.hibernate.sql.results.graph.entity.internal.EntityAssembler@422d1d69
10:24:08.379 [main] DEBUG org.hibernate.orm.results - Extracted JDBC value [0] - [77]
10:24:08.379 [main] DEBUG org.hibernate.orm.results.loading.entity - (EntityResultInitializer) Hydrated EntityKey (org.frcpm.models.Project(959664663033400)): 77
10:24:08.379 [main] DEBUG org.hibernate.orm.results.loading.org.hibernate.orm.results.loading.collection - (DelayedCollectionInitializer) Current row collection key : org.frcpm.models.Project(959664663033400).meetings#77
10:24:08.379 [main] DEBUG org.hibernate.orm.results.loading.org.hibernate.orm.results.loading.collection - (DelayedCollectionInitializer) Current row collection key : org.frcpm.models.Project(959664663033400).milestones#77
10:24:08.379 [main] DEBUG org.hibernate.orm.results.loading.org.hibernate.orm.results.loading.collection - (DelayedCollectionInitializer) Current row collection key : org.frcpm.models.Project(959664663033400).tasks#77
10:24:08.379 [main] DEBUG org.hibernate.orm.results.loading.entity - (EntityResultInitializer) Created new entity instance [org.frcpm.models.Project(959664663033400)#77] : 1702389075
10:24:08.379 [main] DEBUG org.hibernate.orm.results - Extracted JDBC value [1] - [null]
10:24:08.379 [main] DEBUG org.hibernate.orm.results - Extracted JDBC value [2] - [2025-06-06]
10:24:08.379 [main] DEBUG org.hibernate.orm.results - Extracted JDBC value [3] - [2025-06-20]
10:24:08.379 [main] DEBUG org.hibernate.orm.results - Extracted JDBC value [4] - [Test Task Project]
10:24:08.379 [main] DEBUG org.hibernate.orm.results - Extracted JDBC value [5] - [2025-04-25]
10:24:08.380 [main] DEBUG org.hibernate.orm.results.loading.entity - (EntityResultInitializer) Done materializing entityInstance : org.frcpm.models.Project(959664663033400)#77
10:24:08.380 [main] DEBUG org.hibernate.orm.results.loading - Calling top-level assembler (0 / 1) : org.hibernate.sql.results.graph.entity.internal.EntityAssembler@422d1d69
10:24:08.380 [main] DEBUG org.hibernate.orm.results - Extracted JDBC value [0] - [78]
10:24:08.380 [main] DEBUG org.hibernate.orm.results.loading.entity - (EntityResultInitializer) Hydrated EntityKey (org.frcpm.models.Project(959664663033400)): 78
10:24:08.380 [main] DEBUG org.hibernate.orm.results.loading.org.hibernate.orm.results.loading.collection - (DelayedCollectionInitializer) Current row collection key : org.frcpm.models.Project(959664663033400).meetings#78
10:24:08.380 [main] DEBUG org.hibernate.orm.results.loading.org.hibernate.orm.results.loading.collection - (DelayedCollectionInitializer) Current row collection key : org.frcpm.models.Project(959664663033400).milestones#78
10:24:08.380 [main] DEBUG org.hibernate.orm.results.loading.org.hibernate.orm.results.loading.collection - (DelayedCollectionInitializer) Current row collection key : org.frcpm.models.Project(959664663033400).tasks#78
10:24:08.380 [main] DEBUG org.hibernate.orm.results.loading.entity - (EntityResultInitializer) Created new entity instance [org.frcpm.models.Project(959664663033400)#78] : 2021254060
10:24:08.380 [main] DEBUG org.hibernate.orm.results - Extracted JDBC value [1] - [null]
10:24:08.380 [main] DEBUG org.hibernate.orm.results - Extracted JDBC value [2] - [2025-06-06]
10:24:08.380 [main] DEBUG org.hibernate.orm.results - Extracted JDBC value [3] - [2025-06-20]
10:24:08.380 [main] DEBUG org.hibernate.orm.results - Extracted JDBC value [4] - [Test Task Project]
10:24:08.380 [main] DEBUG org.hibernate.orm.results - Extracted JDBC value [5] - [2025-04-25]
10:24:08.380 [main] DEBUG org.hibernate.orm.results.loading.entity - (EntityResultInitializer) Done materializing entityInstance : org.frcpm.models.Project(959664663033400)#78
10:24:08.380 [main] DEBUG org.hibernate.orm.results.loading - Calling top-level assembler (0 / 1) : org.hibernate.sql.results.graph.entity.internal.EntityAssembler@422d1d69
10:24:08.380 [main] DEBUG org.hibernate.orm.results - Extracted JDBC value [0] - [79]
10:24:08.380 [main] DEBUG org.hibernate.orm.results.loading.entity - (EntityResultInitializer) Hydrated EntityKey (org.frcpm.models.Project(959664663033400)): 79
10:24:08.380 [main] DEBUG org.hibernate.orm.results.loading.org.hibernate.orm.results.loading.collection - (DelayedCollectionInitializer) Current row collection key : org.frcpm.models.Project(959664663033400).meetings#79
10:24:08.380 [main] DEBUG org.hibernate.orm.results.loading.org.hibernate.orm.results.loading.collection - (DelayedCollectionInitializer) Current row collection key : org.frcpm.models.Project(959664663033400).milestones#79
10:24:08.380 [main] DEBUG org.hibernate.orm.results.loading.org.hibernate.orm.results.loading.collection - (DelayedCollectionInitializer) Current row collection key : org.frcpm.models.Project(959664663033400).tasks#79
10:24:08.380 [main] DEBUG org.hibernate.orm.results.loading.entity - (EntityResultInitializer) Created new entity instance [org.frcpm.models.Project(959664663033400)#79] : 1553441651
10:24:08.380 [main] DEBUG org.hibernate.orm.results - Extracted JDBC value [1] - [null]
10:24:08.380 [main] DEBUG org.hibernate.orm.results - Extracted JDBC value [2] - [2025-06-06]
10:24:08.380 [main] DEBUG org.hibernate.orm.results - Extracted JDBC value [3] - [2025-06-20]
10:24:08.380 [main] DEBUG org.hibernate.orm.results - Extracted JDBC value [4] - [Test Task Project]
10:24:08.380 [main] DEBUG org.hibernate.orm.results - Extracted JDBC value [5] - [2025-04-25]
10:24:08.380 [main] DEBUG org.hibernate.orm.results.loading.entity - (EntityResultInitializer) Done materializing entityInstance : org.frcpm.models.Project(959664663033400)#79
10:24:08.380 [main] DEBUG org.hibernate.orm.results.loading - Calling top-level assembler (0 / 1) : org.hibernate.sql.results.graph.entity.internal.EntityAssembler@422d1d69
10:24:08.380 [main] DEBUG org.hibernate.orm.results - Extracted JDBC value [0] - [80]
10:24:08.380 [main] DEBUG org.hibernate.orm.results.loading.entity - (EntityResultInitializer) Hydrated EntityKey (org.frcpm.models.Project(959664663033400)): 80
10:24:08.380 [main] DEBUG org.hibernate.orm.results.loading.org.hibernate.orm.results.loading.collection - (DelayedCollectionInitializer) Current row collection key : org.frcpm.models.Project(959664663033400).meetings#80
10:24:08.380 [main] DEBUG org.hibernate.orm.results.loading.org.hibernate.orm.results.loading.collection - (DelayedCollectionInitializer) Current row collection key : org.frcpm.models.Project(959664663033400).milestones#80
10:24:08.380 [main] DEBUG org.hibernate.orm.results.loading.org.hibernate.orm.results.loading.collection - (DelayedCollectionInitializer) Current row collection key : org.frcpm.models.Project(959664663033400).tasks#80
10:24:08.380 [main] DEBUG org.hibernate.orm.results.loading.entity - (EntityResultInitializer) Created new entity instance [org.frcpm.models.Project(959664663033400)#80] : 956961778
10:24:08.380 [main] DEBUG org.hibernate.orm.results - Extracted JDBC value [1] - [null]
10:24:08.380 [main] DEBUG org.hibernate.orm.results - Extracted JDBC value [2] - [2025-06-06]
10:24:08.380 [main] DEBUG org.hibernate.orm.results - Extracted JDBC value [3] - [2025-06-20]
10:24:08.380 [main] DEBUG org.hibernate.orm.results - Extracted JDBC value [4] - [Test Task Project]
10:24:08.380 [main] DEBUG org.hibernate.orm.results - Extracted JDBC value [5] - [2025-04-25]
10:24:08.380 [main] DEBUG org.hibernate.orm.results.loading.entity - (EntityResultInitializer) Done materializing entityInstance : org.frcpm.models.Project(959664663033400)#80
10:24:08.380 [main] DEBUG org.hibernate.orm.results.loading - Calling top-level assembler (0 / 1) : org.hibernate.sql.results.graph.entity.internal.EntityAssembler@422d1d69
10:24:08.380 [main] DEBUG org.hibernate.orm.results - Extracted JDBC value [0] - [81]
10:24:08.380 [main] DEBUG org.hibernate.orm.results.loading.entity - (EntityResultInitializer) Hydrated EntityKey (org.frcpm.models.Project(959664663033400)): 81
10:24:08.380 [main] DEBUG org.hibernate.orm.results.loading.org.hibernate.orm.results.loading.collection - (DelayedCollectionInitializer) Current row collection key : org.frcpm.models.Project(959664663033400).meetings#81
10:24:08.380 [main] DEBUG org.hibernate.orm.results.loading.org.hibernate.orm.results.loading.collection - (DelayedCollectionInitializer) Current row collection key : org.frcpm.models.Project(959664663033400).milestones#81
10:24:08.380 [main] DEBUG org.hibernate.orm.results.loading.org.hibernate.orm.results.loading.collection - (DelayedCollectionInitializer) Current row collection key : org.frcpm.models.Project(959664663033400).tasks#81
10:24:08.380 [main] DEBUG org.hibernate.orm.results.loading.entity - (EntityResultInitializer) Created new entity instance [org.frcpm.models.Project(959664663033400)#81] : 1259100316
10:24:08.380 [main] DEBUG org.hibernate.orm.results - Extracted JDBC value [1] - [null]
10:24:08.380 [main] DEBUG org.hibernate.orm.results - Extracted JDBC value [2] - [2025-06-06]
10:24:08.380 [main] DEBUG org.hibernate.orm.results - Extracted JDBC value [3] - [2025-06-20]
10:24:08.380 [main] DEBUG org.hibernate.orm.results - Extracted JDBC value [4] - [Test Task Project]
10:24:08.380 [main] DEBUG org.hibernate.orm.results - Extracted JDBC value [5] - [2025-04-25]
10:24:08.380 [main] DEBUG org.hibernate.orm.results.loading.entity - (EntityResultInitializer) Done materializing entityInstance : org.frcpm.models.Project(959664663033400)#81
10:24:08.380 [main] DEBUG org.hibernate.orm.results.loading - Calling top-level assembler (0 / 1) : org.hibernate.sql.results.graph.entity.internal.EntityAssembler@422d1d69
10:24:08.380 [main] DEBUG org.hibernate.orm.results - Extracted JDBC value [0] - [82]
10:24:08.380 [main] DEBUG org.hibernate.orm.results.loading.entity - (EntityResultInitializer) Hydrated EntityKey (org.frcpm.models.Project(959664663033400)): 82
10:24:08.380 [main] DEBUG org.hibernate.orm.results.loading.org.hibernate.orm.results.loading.collection - (DelayedCollectionInitializer) Current row collection key : org.frcpm.models.Project(959664663033400).meetings#82
10:24:08.380 [main] DEBUG org.hibernate.orm.results.loading.org.hibernate.orm.results.loading.collection - (DelayedCollectionInitializer) Current row collection key : org.frcpm.models.Project(959664663033400).milestones#82
10:24:08.380 [main] DEBUG org.hibernate.orm.results.loading.org.hibernate.orm.results.loading.collection - (DelayedCollectionInitializer) Current row collection key : org.frcpm.models.Project(959664663033400).tasks#82
10:24:08.380 [main] DEBUG org.hibernate.orm.results.loading.entity - (EntityResultInitializer) Created new entity instance [org.frcpm.models.Project(959664663033400)#82] : 2142826488
10:24:08.380 [main] DEBUG org.hibernate.orm.results - Extracted JDBC value [1] - [null]
10:24:08.380 [main] DEBUG org.hibernate.orm.results - Extracted JDBC value [2] - [2025-06-06]
10:24:08.380 [main] DEBUG org.hibernate.orm.results - Extracted JDBC value [3] - [2025-06-20]
10:24:08.380 [main] DEBUG org.hibernate.orm.results - Extracted JDBC value [4] - [Test Task Project]
10:24:08.380 [main] DEBUG org.hibernate.orm.results - Extracted JDBC value [5] - [2025-04-25]
10:24:08.380 [main] DEBUG org.hibernate.orm.results.loading.entity - (EntityResultInitializer) Done materializing entityInstance : org.frcpm.models.Project(959664663033400)#82
10:24:08.380 [main] DEBUG org.hibernate.orm.results.loading - Calling top-level assembler (0 / 1) : org.hibernate.sql.results.graph.entity.internal.EntityAssembler@422d1d69
10:24:08.380 [main] DEBUG org.hibernate.orm.results - Extracted JDBC value [0] - [104]
10:24:08.380 [main] DEBUG org.hibernate.orm.results.loading.entity - (EntityResultInitializer) Hydrated EntityKey (org.frcpm.models.Project(959664663033400)): 104
10:24:08.380 [main] DEBUG org.hibernate.orm.results.loading.org.hibernate.orm.results.loading.collection - (DelayedCollectionInitializer) Current row collection key : org.frcpm.models.Project(959664663033400).meetings#104
10:24:08.380 [main] DEBUG org.hibernate.orm.results.loading.org.hibernate.orm.results.loading.collection - (DelayedCollectionInitializer) Current row collection key : org.frcpm.models.Project(959664663033400).milestones#104
10:24:08.380 [main] DEBUG org.hibernate.orm.results.loading.org.hibernate.orm.results.loading.collection - (DelayedCollectionInitializer) Current row collection key : org.frcpm.models.Project(959664663033400).tasks#104
10:24:08.380 [main] DEBUG org.hibernate.orm.results.loading.entity - (EntityResultInitializer) Created new entity instance [org.frcpm.models.Project(959664663033400)#104] : 694237996
10:24:08.380 [main] DEBUG org.hibernate.orm.results - Extracted JDBC value [1] - [null]
10:24:08.380 [main] DEBUG org.hibernate.orm.results - Extracted JDBC value [2] - [2025-06-06]
10:24:08.380 [main] DEBUG org.hibernate.orm.results - Extracted JDBC value [3] - [2025-06-20]
10:24:08.380 [main] DEBUG org.hibernate.orm.results - Extracted JDBC value [4] - [Component Test Project]
10:24:08.380 [main] DEBUG org.hibernate.orm.results - Extracted JDBC value [5] - [2025-04-25]
10:24:08.380 [main] DEBUG org.hibernate.orm.results.loading.entity - (EntityResultInitializer) Done materializing entityInstance : org.frcpm.models.Project(959664663033400)#104
10:24:08.380 [main] DEBUG org.hibernate.orm.results.loading - Calling top-level assembler (0 / 1) : org.hibernate.sql.results.graph.entity.internal.EntityAssembler@422d1d69
10:24:08.380 [main] DEBUG org.hibernate.orm.results - Extracted JDBC value [0] - [135]
10:24:08.380 [main] DEBUG org.hibernate.orm.results.loading.entity - (EntityResultInitializer) Hydrated EntityKey (org.frcpm.models.Project(959664663033400)): 135
10:24:08.380 [main] DEBUG org.hibernate.orm.results.loading.org.hibernate.orm.results.loading.collection - (DelayedCollectionInitializer) Current row collection key : org.frcpm.models.Project(959664663033400).meetings#135
10:24:08.380 [main] DEBUG org.hibernate.orm.results.loading.org.hibernate.orm.results.loading.collection - (DelayedCollectionInitializer) Current row collection key : org.frcpm.models.Project(959664663033400).milestones#135
10:24:08.380 [main] DEBUG org.hibernate.orm.results.loading.org.hibernate.orm.results.loading.collection - (DelayedCollectionInitializer) Current row collection key : org.frcpm.models.Project(959664663033400).tasks#135
10:24:08.380 [main] DEBUG org.hibernate.orm.results.loading.entity - (EntityResultInitializer) Created new entity instance [org.frcpm.models.Project(959664663033400)#135] : 973453911
10:24:08.380 [main] DEBUG org.hibernate.orm.results - Extracted JDBC value [1] - [null]
10:24:08.380 [main] DEBUG org.hibernate.orm.results - Extracted JDBC value [2] - [2025-05-23]
10:24:08.380 [main] DEBUG org.hibernate.orm.results - Extracted JDBC value [3] - [2025-06-06]
10:24:08.380 [main] DEBUG org.hibernate.orm.results - Extracted JDBC value [4] - [Test Create Service Project]
10:24:08.380 [main] DEBUG org.hibernate.orm.results - Extracted JDBC value [5] - [2025-04-25]
10:24:08.380 [main] DEBUG org.hibernate.orm.results.loading.entity - (EntityResultInitializer) Done materializing entityInstance : org.frcpm.models.Project(959664663033400)#135
10:24:08.380 [main] DEBUG org.hibernate.orm.results.loading - Calling top-level assembler (0 / 1) : org.hibernate.sql.results.graph.entity.internal.EntityAssembler@422d1d69
10:24:08.380 [main] DEBUG org.hibernate.orm.results - Extracted JDBC value [0] - [142]
10:24:08.380 [main] DEBUG org.hibernate.orm.results.loading.entity - (EntityResultInitializer) Hydrated EntityKey (org.frcpm.models.Project(959664663033400)): 142
10:24:08.380 [main] DEBUG org.hibernate.orm.results.loading.org.hibernate.orm.results.loading.collection - (DelayedCollectionInitializer) Current row collection key : org.frcpm.models.Project(959664663033400).meetings#142
10:24:08.380 [main] DEBUG org.hibernate.orm.results.loading.org.hibernate.orm.results.loading.collection - (DelayedCollectionInitializer) Current row collection key : org.frcpm.models.Project(959664663033400).milestones#142
10:24:08.380 [main] DEBUG org.hibernate.orm.results.loading.org.hibernate.orm.results.loading.collection - (DelayedCollectionInitializer) Current row collection key : org.frcpm.models.Project(959664663033400).tasks#142
10:24:08.380 [main] DEBUG org.hibernate.orm.results.loading.entity - (EntityResultInitializer) Created new entity instance [org.frcpm.models.Project(959664663033400)#142] : 1240258383
10:24:08.380 [main] DEBUG org.hibernate.orm.results - Extracted JDBC value [1] - [Updated description]
10:24:08.380 [main] DEBUG org.hibernate.orm.results - Extracted JDBC value [2] - [2025-05-23]
10:24:08.380 [main] DEBUG org.hibernate.orm.results - Extracted JDBC value [3] - [2025-06-06]
10:24:08.380 [main] DEBUG org.hibernate.orm.results - Extracted JDBC value [4] - [Updated Service Project Name]
10:24:08.380 [main] DEBUG org.hibernate.orm.results - Extracted JDBC value [5] - [2025-04-25]
10:24:08.380 [main] DEBUG org.hibernate.orm.results.loading.entity - (EntityResultInitializer) Done materializing entityInstance : org.frcpm.models.Project(959664663033400)#142
10:24:08.380 [main] DEBUG org.hibernate.orm.results.loading - Calling top-level assembler (0 / 1) : org.hibernate.sql.results.graph.entity.internal.EntityAssembler@422d1d69
10:24:08.380 [main] DEBUG org.hibernate.orm.results - Extracted JDBC value [0] - [148]
10:24:08.380 [main] DEBUG org.hibernate.orm.results.loading.entity - (EntityResultInitializer) Hydrated EntityKey (org.frcpm.models.Project(959664663033400)): 148
10:24:08.380 [main] DEBUG org.hibernate.orm.results.loading.org.hibernate.orm.results.loading.collection - (DelayedCollectionInitializer) Current row collection key : org.frcpm.models.Project(959664663033400).meetings#148
10:24:08.380 [main] DEBUG org.hibernate.orm.results.loading.org.hibernate.orm.results.loading.collection - (DelayedCollectionInitializer) Current row collection key : org.frcpm.models.Project(959664663033400).milestones#148
10:24:08.380 [main] DEBUG org.hibernate.orm.results.loading.org.hibernate.orm.results.loading.collection - (DelayedCollectionInitializer) Current row collection key : org.frcpm.models.Project(959664663033400).tasks#148
10:24:08.380 [main] DEBUG org.hibernate.orm.results.loading.entity - (EntityResultInitializer) Created new entity instance [org.frcpm.models.Project(959664663033400)#148] : 1581040670
10:24:08.380 [main] DEBUG org.hibernate.orm.results - Extracted JDBC value [1] - [null]
10:24:08.380 [main] DEBUG org.hibernate.orm.results - Extracted JDBC value [2] - [2025-05-23]
10:24:08.380 [main] DEBUG org.hibernate.orm.results - Extracted JDBC value [3] - [2025-06-06]
10:24:08.380 [main] DEBUG org.hibernate.orm.results - Extracted JDBC value [4] - [Test Summary Project]
10:24:08.380 [main] DEBUG org.hibernate.orm.results - Extracted JDBC value [5] - [2025-04-25]
10:24:08.380 [main] DEBUG org.hibernate.orm.results.loading.entity - (EntityResultInitializer) Done materializing entityInstance : org.frcpm.models.Project(959664663033400)#148
10:24:08.380 [main] DEBUG org.hibernate.orm.results.loading - Calling top-level assembler (0 / 1) : org.hibernate.sql.results.graph.entity.internal.EntityAssembler@422d1d69
10:24:08.380 [main] DEBUG org.hibernate.resource.jdbc.internal.LogicalConnectionManagedImpl - Initiating JDBC connection release from afterTransaction
10:24:08.380 [main] DEBUG org.hibernate.resource.jdbc.internal.LogicalConnectionManagedImpl - Initiating JDBC connection release from afterTransaction
]]></system-out>
    <system-err><![CDATA[Apr 25, 2025 10:24:08 AM org.frcpm.controllers.ProjectController setupBindings
WARNING: UI components not initialized - likely in test environment
Apr 25, 2025 10:24:08 AM org.frcpm.controllers.ProjectController setupBindings
WARNING: UI components not initialized - likely in test environment
]]></system-err>
  </testcase>
  <testcase name="testGetViewModel" classname="org.frcpm.controllers.ProjectControllerTest" time="0.017">
    <system-out><![CDATA[10:24:08.393 [main] DEBUG org.hibernate.orm.sql.ast.create - Created new SQL alias : p1_0
10:24:08.393 [main] DEBUG org.hibernate.orm.sql.ast.create - Registration of TableGroup [StandardTableGroup(org.frcpm.models.Project(959664679667500))] with identifierForTableGroup [org.frcpm.models.Project] for NavigablePath [org.frcpm.models.Project] 
10:24:08.394 [main] DEBUG org.hibernate.orm.results.graph.AST - DomainResult Graph:
 \-EntityResultImpl [org.frcpm.models.Project(959664679667500)]
 |  +-BasicFetch [org.frcpm.models.Project(959664679667500).description]
 |  +-BasicFetch [org.frcpm.models.Project(959664679667500).goalEndDate]
 |  +-BasicFetch [org.frcpm.models.Project(959664679667500).hardDeadline]
 |  +-DelayedCollectionFetch [org.frcpm.models.Project(959664679667500).meetings]
 |  +-DelayedCollectionFetch [org.frcpm.models.Project(959664679667500).milestones]
 |  +-BasicFetch [org.frcpm.models.Project(959664679667500).name]
 |  +-BasicFetch [org.frcpm.models.Project(959664679667500).startDate]
 |  \-DelayedCollectionFetch [org.frcpm.models.Project(959664679667500).tasks]

10:24:08.394 [main] DEBUG org.hibernate.orm.sql.ast.tree - SQL AST Tree:
    SelectStatement {
      FromClause {
        StandardTableGroup (p1 : org.frcpm.models.Project(959664679667500)) {
          primaryTableReference : projects as p1_0
        }
      }
    }

10:24:08.394 [main] DEBUG org.hibernate.orm.sql.exec - Skipping reading Query result cache data: cache-enabled = false, cache-mode = NORMAL
10:24:08.394 [main] DEBUG org.hibernate.orm.results - Initializer list:
	  org.frcpm.models.Project(959664679667500).meetings -> DelayedCollectionInitializer(org.frcpm.models.Project(959664679667500).meetings)@965800722 (PluralAttribute(org.frcpm.models.Project.meetings))
	  org.frcpm.models.Project(959664679667500).tasks -> DelayedCollectionInitializer(org.frcpm.models.Project(959664679667500).tasks)@1226255875 (PluralAttribute(org.frcpm.models.Project.tasks))
	  org.frcpm.models.Project(959664679667500) -> EntityResultInitializer(org.frcpm.models.Project(959664679667500))@482467245 (SingleTableEntityPersister(org.frcpm.models.Project))
	  org.frcpm.models.Project(959664679667500).milestones -> DelayedCollectionInitializer(org.frcpm.models.Project(959664679667500).milestones)@377918280 (PluralAttribute(org.frcpm.models.Project.milestones))

10:24:08.394 [main] DEBUG org.hibernate.SQL - select p1_0.id,p1_0.description,p1_0.goal_end_date,p1_0.hard_deadline,p1_0.name,p1_0.start_date from projects p1_0
10:24:08.394 [main] DEBUG org.hibernate.orm.results - Extracted JDBC value [0] - [1]
10:24:08.394 [main] DEBUG org.hibernate.orm.results.loading.entity - (EntityResultInitializer) Hydrated EntityKey (org.frcpm.models.Project(959664679667500)): 1
10:24:08.394 [main] DEBUG org.hibernate.orm.results.loading.org.hibernate.orm.results.loading.collection - (DelayedCollectionInitializer) Current row collection key : org.frcpm.models.Project(959664679667500).meetings#1
10:24:08.394 [main] DEBUG org.hibernate.orm.results.loading.org.hibernate.orm.results.loading.collection - (DelayedCollectionInitializer) Current row collection key : org.frcpm.models.Project(959664679667500).milestones#1
10:24:08.394 [main] DEBUG org.hibernate.orm.results.loading.org.hibernate.orm.results.loading.collection - (DelayedCollectionInitializer) Current row collection key : org.frcpm.models.Project(959664679667500).tasks#1
10:24:08.394 [main] DEBUG org.hibernate.orm.results.loading.entity - (EntityResultInitializer) Created new entity instance [org.frcpm.models.Project(959664679667500)#1] : 1243163846
10:24:08.395 [main] DEBUG org.hibernate.orm.results - Extracted JDBC value [1] - [Competition robot for the 2025 FIRST Robotics Competition]
10:24:08.395 [main] DEBUG org.hibernate.orm.results - Extracted JDBC value [2] - [2025-06-12]
10:24:08.395 [main] DEBUG org.hibernate.orm.results - Extracted JDBC value [3] - [2025-06-26]
10:24:08.395 [main] DEBUG org.hibernate.orm.results - Extracted JDBC value [4] - [FRC 2025 Robot]
10:24:08.395 [main] DEBUG org.hibernate.orm.results - Extracted JDBC value [5] - [2025-05-01]
10:24:08.395 [main] DEBUG org.hibernate.orm.results.loading.entity - (EntityResultInitializer) Done materializing entityInstance : org.frcpm.models.Project(959664679667500)#1
10:24:08.395 [main] DEBUG org.hibernate.orm.results.loading - Calling top-level assembler (0 / 1) : org.hibernate.sql.results.graph.entity.internal.EntityAssembler@21a7e209
10:24:08.395 [main] DEBUG org.hibernate.orm.results - Extracted JDBC value [0] - [51]
10:24:08.395 [main] DEBUG org.hibernate.orm.results.loading.entity - (EntityResultInitializer) Hydrated EntityKey (org.frcpm.models.Project(959664679667500)): 51
10:24:08.395 [main] DEBUG org.hibernate.orm.results.loading.org.hibernate.orm.results.loading.collection - (DelayedCollectionInitializer) Current row collection key : org.frcpm.models.Project(959664679667500).meetings#51
10:24:08.395 [main] DEBUG org.hibernate.orm.results.loading.org.hibernate.orm.results.loading.collection - (DelayedCollectionInitializer) Current row collection key : org.frcpm.models.Project(959664679667500).milestones#51
10:24:08.395 [main] DEBUG org.hibernate.orm.results.loading.org.hibernate.orm.results.loading.collection - (DelayedCollectionInitializer) Current row collection key : org.frcpm.models.Project(959664679667500).tasks#51
10:24:08.395 [main] DEBUG org.hibernate.orm.results.loading.entity - (EntityResultInitializer) Created new entity instance [org.frcpm.models.Project(959664679667500)#51] : 1988565817
10:24:08.395 [main] DEBUG org.hibernate.orm.results - Extracted JDBC value [1] - [null]
10:24:08.395 [main] DEBUG org.hibernate.orm.results - Extracted JDBC value [2] - [2025-05-23]
10:24:08.395 [main] DEBUG org.hibernate.orm.results - Extracted JDBC value [3] - [2025-06-06]
10:24:08.395 [main] DEBUG org.hibernate.orm.results - Extracted JDBC value [4] - [Test Count Project]
10:24:08.395 [main] DEBUG org.hibernate.orm.results - Extracted JDBC value [5] - [2025-04-25]
10:24:08.395 [main] DEBUG org.hibernate.orm.results.loading.entity - (EntityResultInitializer) Done materializing entityInstance : org.frcpm.models.Project(959664679667500)#51
10:24:08.395 [main] DEBUG org.hibernate.orm.results.loading - Calling top-level assembler (0 / 1) : org.hibernate.sql.results.graph.entity.internal.EntityAssembler@21a7e209
10:24:08.395 [main] DEBUG org.hibernate.orm.results - Extracted JDBC value [0] - [54]
10:24:08.395 [main] DEBUG org.hibernate.orm.results.loading.entity - (EntityResultInitializer) Hydrated EntityKey (org.frcpm.models.Project(959664679667500)): 54
10:24:08.395 [main] DEBUG org.hibernate.orm.results.loading.org.hibernate.orm.results.loading.collection - (DelayedCollectionInitializer) Current row collection key : org.frcpm.models.Project(959664679667500).meetings#54
10:24:08.395 [main] DEBUG org.hibernate.orm.results.loading.org.hibernate.orm.results.loading.collection - (DelayedCollectionInitializer) Current row collection key : org.frcpm.models.Project(959664679667500).milestones#54
10:24:08.395 [main] DEBUG org.hibernate.orm.results.loading.org.hibernate.orm.results.loading.collection - (DelayedCollectionInitializer) Current row collection key : org.frcpm.models.Project(959664679667500).tasks#54
10:24:08.395 [main] DEBUG org.hibernate.orm.results.loading.entity - (EntityResultInitializer) Created new entity instance [org.frcpm.models.Project(959664679667500)#54] : 1651571419
10:24:08.395 [main] DEBUG org.hibernate.orm.results - Extracted JDBC value [1] - [Test save description]
10:24:08.395 [main] DEBUG org.hibernate.orm.results - Extracted JDBC value [2] - [2025-05-23]
10:24:08.395 [main] DEBUG org.hibernate.orm.results - Extracted JDBC value [3] - [2025-06-06]
10:24:08.395 [main] DEBUG org.hibernate.orm.results - Extracted JDBC value [4] - [Test Save Project]
10:24:08.395 [main] DEBUG org.hibernate.orm.results - Extracted JDBC value [5] - [2025-04-25]
10:24:08.395 [main] DEBUG org.hibernate.orm.results.loading.entity - (EntityResultInitializer) Done materializing entityInstance : org.frcpm.models.Project(959664679667500)#54
10:24:08.395 [main] DEBUG org.hibernate.orm.results.loading - Calling top-level assembler (0 / 1) : org.hibernate.sql.results.graph.entity.internal.EntityAssembler@21a7e209
10:24:08.395 [main] DEBUG org.hibernate.orm.results - Extracted JDBC value [0] - [69]
10:24:08.395 [main] DEBUG org.hibernate.orm.results.loading.entity - (EntityResultInitializer) Hydrated EntityKey (org.frcpm.models.Project(959664679667500)): 69
10:24:08.395 [main] DEBUG org.hibernate.orm.results.loading.org.hibernate.orm.results.loading.collection - (DelayedCollectionInitializer) Current row collection key : org.frcpm.models.Project(959664679667500).meetings#69
10:24:08.395 [main] DEBUG org.hibernate.orm.results.loading.org.hibernate.orm.results.loading.collection - (DelayedCollectionInitializer) Current row collection key : org.frcpm.models.Project(959664679667500).milestones#69
10:24:08.395 [main] DEBUG org.hibernate.orm.results.loading.org.hibernate.orm.results.loading.collection - (DelayedCollectionInitializer) Current row collection key : org.frcpm.models.Project(959664679667500).tasks#69
10:24:08.395 [main] DEBUG org.hibernate.orm.results.loading.entity - (EntityResultInitializer) Created new entity instance [org.frcpm.models.Project(959664679667500)#69] : 520969595
10:24:08.395 [main] DEBUG org.hibernate.orm.results - Extracted JDBC value [1] - [null]
10:24:08.395 [main] DEBUG org.hibernate.orm.results - Extracted JDBC value [2] - [2025-05-23]
10:24:08.395 [main] DEBUG org.hibernate.orm.results - Extracted JDBC value [3] - [2025-06-06]
10:24:08.395 [main] DEBUG org.hibernate.orm.results - Extracted JDBC value [4] - [Updated Project Name]
10:24:08.395 [main] DEBUG org.hibernate.orm.results - Extracted JDBC value [5] - [2025-04-25]
10:24:08.395 [main] DEBUG org.hibernate.orm.results.loading.entity - (EntityResultInitializer) Done materializing entityInstance : org.frcpm.models.Project(959664679667500)#69
10:24:08.395 [main] DEBUG org.hibernate.orm.results.loading - Calling top-level assembler (0 / 1) : org.hibernate.sql.results.graph.entity.internal.EntityAssembler@21a7e209
10:24:08.395 [main] DEBUG org.hibernate.orm.results - Extracted JDBC value [0] - [70]
10:24:08.395 [main] DEBUG org.hibernate.orm.results.loading.entity - (EntityResultInitializer) Hydrated EntityKey (org.frcpm.models.Project(959664679667500)): 70
10:24:08.395 [main] DEBUG org.hibernate.orm.results.loading.org.hibernate.orm.results.loading.collection - (DelayedCollectionInitializer) Current row collection key : org.frcpm.models.Project(959664679667500).meetings#70
10:24:08.395 [main] DEBUG org.hibernate.orm.results.loading.org.hibernate.orm.results.loading.collection - (DelayedCollectionInitializer) Current row collection key : org.frcpm.models.Project(959664679667500).milestones#70
10:24:08.395 [main] DEBUG org.hibernate.orm.results.loading.org.hibernate.orm.results.loading.collection - (DelayedCollectionInitializer) Current row collection key : org.frcpm.models.Project(959664679667500).tasks#70
10:24:08.395 [main] DEBUG org.hibernate.orm.results.loading.entity - (EntityResultInitializer) Created new entity instance [org.frcpm.models.Project(959664679667500)#70] : 1292050232
10:24:08.395 [main] DEBUG org.hibernate.orm.results - Extracted JDBC value [1] - [null]
10:24:08.395 [main] DEBUG org.hibernate.orm.results - Extracted JDBC value [2] - [2025-06-06]
10:24:08.395 [main] DEBUG org.hibernate.orm.results - Extracted JDBC value [3] - [2025-06-20]
10:24:08.395 [main] DEBUG org.hibernate.orm.results - Extracted JDBC value [4] - [Test Task Project]
10:24:08.395 [main] DEBUG org.hibernate.orm.results - Extracted JDBC value [5] - [2025-04-25]
10:24:08.395 [main] DEBUG org.hibernate.orm.results.loading.entity - (EntityResultInitializer) Done materializing entityInstance : org.frcpm.models.Project(959664679667500)#70
10:24:08.395 [main] DEBUG org.hibernate.orm.results.loading - Calling top-level assembler (0 / 1) : org.hibernate.sql.results.graph.entity.internal.EntityAssembler@21a7e209
10:24:08.395 [main] DEBUG org.hibernate.orm.results - Extracted JDBC value [0] - [71]
10:24:08.395 [main] DEBUG org.hibernate.orm.results.loading.entity - (EntityResultInitializer) Hydrated EntityKey (org.frcpm.models.Project(959664679667500)): 71
10:24:08.395 [main] DEBUG org.hibernate.orm.results.loading.org.hibernate.orm.results.loading.collection - (DelayedCollectionInitializer) Current row collection key : org.frcpm.models.Project(959664679667500).meetings#71
10:24:08.395 [main] DEBUG org.hibernate.orm.results.loading.org.hibernate.orm.results.loading.collection - (DelayedCollectionInitializer) Current row collection key : org.frcpm.models.Project(959664679667500).milestones#71
10:24:08.395 [main] DEBUG org.hibernate.orm.results.loading.org.hibernate.orm.results.loading.collection - (DelayedCollectionInitializer) Current row collection key : org.frcpm.models.Project(959664679667500).tasks#71
10:24:08.395 [main] DEBUG org.hibernate.orm.results.loading.entity - (EntityResultInitializer) Created new entity instance [org.frcpm.models.Project(959664679667500)#71] : 19483086
10:24:08.395 [main] DEBUG org.hibernate.orm.results - Extracted JDBC value [1] - [null]
10:24:08.395 [main] DEBUG org.hibernate.orm.results - Extracted JDBC value [2] - [2025-06-06]
10:24:08.395 [main] DEBUG org.hibernate.orm.results - Extracted JDBC value [3] - [2025-06-20]
10:24:08.395 [main] DEBUG org.hibernate.orm.results - Extracted JDBC value [4] - [Test Task Project]
10:24:08.395 [main] DEBUG org.hibernate.orm.results - Extracted JDBC value [5] - [2025-04-25]
10:24:08.395 [main] DEBUG org.hibernate.orm.results.loading.entity - (EntityResultInitializer) Done materializing entityInstance : org.frcpm.models.Project(959664679667500)#71
10:24:08.395 [main] DEBUG org.hibernate.orm.results.loading - Calling top-level assembler (0 / 1) : org.hibernate.sql.results.graph.entity.internal.EntityAssembler@21a7e209
10:24:08.395 [main] DEBUG org.hibernate.orm.results - Extracted JDBC value [0] - [72]
10:24:08.395 [main] DEBUG org.hibernate.orm.results.loading.entity - (EntityResultInitializer) Hydrated EntityKey (org.frcpm.models.Project(959664679667500)): 72
10:24:08.395 [main] DEBUG org.hibernate.orm.results.loading.org.hibernate.orm.results.loading.collection - (DelayedCollectionInitializer) Current row collection key : org.frcpm.models.Project(959664679667500).meetings#72
10:24:08.395 [main] DEBUG org.hibernate.orm.results.loading.org.hibernate.orm.results.loading.collection - (DelayedCollectionInitializer) Current row collection key : org.frcpm.models.Project(959664679667500).milestones#72
10:24:08.395 [main] DEBUG org.hibernate.orm.results.loading.org.hibernate.orm.results.loading.collection - (DelayedCollectionInitializer) Current row collection key : org.frcpm.models.Project(959664679667500).tasks#72
10:24:08.395 [main] DEBUG org.hibernate.orm.results.loading.entity - (EntityResultInitializer) Created new entity instance [org.frcpm.models.Project(959664679667500)#72] : 2064376424
10:24:08.395 [main] DEBUG org.hibernate.orm.results - Extracted JDBC value [1] - [null]
10:24:08.395 [main] DEBUG org.hibernate.orm.results - Extracted JDBC value [2] - [2025-06-06]
10:24:08.395 [main] DEBUG org.hibernate.orm.results - Extracted JDBC value [3] - [2025-06-20]
10:24:08.395 [main] DEBUG org.hibernate.orm.results - Extracted JDBC value [4] - [Test Task Project]
10:24:08.395 [main] DEBUG org.hibernate.orm.results - Extracted JDBC value [5] - [2025-04-25]
10:24:08.395 [main] DEBUG org.hibernate.orm.results.loading.entity - (EntityResultInitializer) Done materializing entityInstance : org.frcpm.models.Project(959664679667500)#72
10:24:08.395 [main] DEBUG org.hibernate.orm.results.loading - Calling top-level assembler (0 / 1) : org.hibernate.sql.results.graph.entity.internal.EntityAssembler@21a7e209
10:24:08.395 [main] DEBUG org.hibernate.orm.results - Extracted JDBC value [0] - [73]
10:24:08.395 [main] DEBUG org.hibernate.orm.results.loading.entity - (EntityResultInitializer) Hydrated EntityKey (org.frcpm.models.Project(959664679667500)): 73
10:24:08.395 [main] DEBUG org.hibernate.orm.results.loading.org.hibernate.orm.results.loading.collection - (DelayedCollectionInitializer) Current row collection key : org.frcpm.models.Project(959664679667500).meetings#73
10:24:08.395 [main] DEBUG org.hibernate.orm.results.loading.org.hibernate.orm.results.loading.collection - (DelayedCollectionInitializer) Current row collection key : org.frcpm.models.Project(959664679667500).milestones#73
10:24:08.395 [main] DEBUG org.hibernate.orm.results.loading.org.hibernate.orm.results.loading.collection - (DelayedCollectionInitializer) Current row collection key : org.frcpm.models.Project(959664679667500).tasks#73
10:24:08.395 [main] DEBUG org.hibernate.orm.results.loading.entity - (EntityResultInitializer) Created new entity instance [org.frcpm.models.Project(959664679667500)#73] : 725441545
10:24:08.395 [main] DEBUG org.hibernate.orm.results - Extracted JDBC value [1] - [null]
10:24:08.395 [main] DEBUG org.hibernate.orm.results - Extracted JDBC value [2] - [2025-06-06]
10:24:08.395 [main] DEBUG org.hibernate.orm.results - Extracted JDBC value [3] - [2025-06-20]
10:24:08.395 [main] DEBUG org.hibernate.orm.results - Extracted JDBC value [4] - [Test Task Project]
10:24:08.395 [main] DEBUG org.hibernate.orm.results - Extracted JDBC value [5] - [2025-04-25]
10:24:08.395 [main] DEBUG org.hibernate.orm.results.loading.entity - (EntityResultInitializer) Done materializing entityInstance : org.frcpm.models.Project(959664679667500)#73
10:24:08.395 [main] DEBUG org.hibernate.orm.results.loading - Calling top-level assembler (0 / 1) : org.hibernate.sql.results.graph.entity.internal.EntityAssembler@21a7e209
10:24:08.395 [main] DEBUG org.hibernate.orm.results - Extracted JDBC value [0] - [74]
10:24:08.395 [main] DEBUG org.hibernate.orm.results.loading.entity - (EntityResultInitializer) Hydrated EntityKey (org.frcpm.models.Project(959664679667500)): 74
10:24:08.395 [main] DEBUG org.hibernate.orm.results.loading.org.hibernate.orm.results.loading.collection - (DelayedCollectionInitializer) Current row collection key : org.frcpm.models.Project(959664679667500).meetings#74
10:24:08.395 [main] DEBUG org.hibernate.orm.results.loading.org.hibernate.orm.results.loading.collection - (DelayedCollectionInitializer) Current row collection key : org.frcpm.models.Project(959664679667500).milestones#74
10:24:08.395 [main] DEBUG org.hibernate.orm.results.loading.org.hibernate.orm.results.loading.collection - (DelayedCollectionInitializer) Current row collection key : org.frcpm.models.Project(959664679667500).tasks#74
10:24:08.395 [main] DEBUG org.hibernate.orm.results.loading.entity - (EntityResultInitializer) Created new entity instance [org.frcpm.models.Project(959664679667500)#74] : 905353778
10:24:08.395 [main] DEBUG org.hibernate.orm.results - Extracted JDBC value [1] - [null]
10:24:08.395 [main] DEBUG org.hibernate.orm.results - Extracted JDBC value [2] - [2025-06-06]
10:24:08.395 [main] DEBUG org.hibernate.orm.results - Extracted JDBC value [3] - [2025-06-20]
10:24:08.395 [main] DEBUG org.hibernate.orm.results - Extracted JDBC value [4] - [Test Task Project]
10:24:08.395 [main] DEBUG org.hibernate.orm.results - Extracted JDBC value [5] - [2025-04-25]
10:24:08.395 [main] DEBUG org.hibernate.orm.results.loading.entity - (EntityResultInitializer) Done materializing entityInstance : org.frcpm.models.Project(959664679667500)#74
10:24:08.395 [main] DEBUG org.hibernate.orm.results.loading - Calling top-level assembler (0 / 1) : org.hibernate.sql.results.graph.entity.internal.EntityAssembler@21a7e209
10:24:08.395 [main] DEBUG org.hibernate.orm.results - Extracted JDBC value [0] - [75]
10:24:08.395 [main] DEBUG org.hibernate.orm.results.loading.entity - (EntityResultInitializer) Hydrated EntityKey (org.frcpm.models.Project(959664679667500)): 75
10:24:08.396 [main] DEBUG org.hibernate.orm.results.loading.org.hibernate.orm.results.loading.collection - (DelayedCollectionInitializer) Current row collection key : org.frcpm.models.Project(959664679667500).meetings#75
10:24:08.396 [main] DEBUG org.hibernate.orm.results.loading.org.hibernate.orm.results.loading.collection - (DelayedCollectionInitializer) Current row collection key : org.frcpm.models.Project(959664679667500).milestones#75
10:24:08.396 [main] DEBUG org.hibernate.orm.results.loading.org.hibernate.orm.results.loading.collection - (DelayedCollectionInitializer) Current row collection key : org.frcpm.models.Project(959664679667500).tasks#75
10:24:08.396 [main] DEBUG org.hibernate.orm.results.loading.entity - (EntityResultInitializer) Created new entity instance [org.frcpm.models.Project(959664679667500)#75] : 2064205143
10:24:08.396 [main] DEBUG org.hibernate.orm.results - Extracted JDBC value [1] - [null]
10:24:08.396 [main] DEBUG org.hibernate.orm.results - Extracted JDBC value [2] - [2025-06-06]
10:24:08.396 [main] DEBUG org.hibernate.orm.results - Extracted JDBC value [3] - [2025-06-20]
10:24:08.396 [main] DEBUG org.hibernate.orm.results - Extracted JDBC value [4] - [Test Task Project]
10:24:08.396 [main] DEBUG org.hibernate.orm.results - Extracted JDBC value [5] - [2025-04-25]
10:24:08.396 [main] DEBUG org.hibernate.orm.results.loading.entity - (EntityResultInitializer) Done materializing entityInstance : org.frcpm.models.Project(959664679667500)#75
10:24:08.396 [main] DEBUG org.hibernate.orm.results.loading - Calling top-level assembler (0 / 1) : org.hibernate.sql.results.graph.entity.internal.EntityAssembler@21a7e209
10:24:08.396 [main] DEBUG org.hibernate.orm.results - Extracted JDBC value [0] - [76]
10:24:08.396 [main] DEBUG org.hibernate.orm.results.loading.entity - (EntityResultInitializer) Hydrated EntityKey (org.frcpm.models.Project(959664679667500)): 76
10:24:08.396 [main] DEBUG org.hibernate.orm.results.loading.org.hibernate.orm.results.loading.collection - (DelayedCollectionInitializer) Current row collection key : org.frcpm.models.Project(959664679667500).meetings#76
10:24:08.396 [main] DEBUG org.hibernate.orm.results.loading.org.hibernate.orm.results.loading.collection - (DelayedCollectionInitializer) Current row collection key : org.frcpm.models.Project(959664679667500).milestones#76
10:24:08.396 [main] DEBUG org.hibernate.orm.results.loading.org.hibernate.orm.results.loading.collection - (DelayedCollectionInitializer) Current row collection key : org.frcpm.models.Project(959664679667500).tasks#76
10:24:08.396 [main] DEBUG org.hibernate.orm.results.loading.entity - (EntityResultInitializer) Created new entity instance [org.frcpm.models.Project(959664679667500)#76] : 23158576
10:24:08.396 [main] DEBUG org.hibernate.orm.results - Extracted JDBC value [1] - [null]
10:24:08.396 [main] DEBUG org.hibernate.orm.results - Extracted JDBC value [2] - [2025-06-06]
10:24:08.396 [main] DEBUG org.hibernate.orm.results - Extracted JDBC value [3] - [2025-06-20]
10:24:08.396 [main] DEBUG org.hibernate.orm.results - Extracted JDBC value [4] - [Test Task Project]
10:24:08.396 [main] DEBUG org.hibernate.orm.results - Extracted JDBC value [5] - [2025-04-25]
10:24:08.396 [main] DEBUG org.hibernate.orm.results.loading.entity - (EntityResultInitializer) Done materializing entityInstance : org.frcpm.models.Project(959664679667500)#76
10:24:08.396 [main] DEBUG org.hibernate.orm.results.loading - Calling top-level assembler (0 / 1) : org.hibernate.sql.results.graph.entity.internal.EntityAssembler@21a7e209
10:24:08.396 [main] DEBUG org.hibernate.orm.results - Extracted JDBC value [0] - [77]
10:24:08.396 [main] DEBUG org.hibernate.orm.results.loading.entity - (EntityResultInitializer) Hydrated EntityKey (org.frcpm.models.Project(959664679667500)): 77
10:24:08.396 [main] DEBUG org.hibernate.orm.results.loading.org.hibernate.orm.results.loading.collection - (DelayedCollectionInitializer) Current row collection key : org.frcpm.models.Project(959664679667500).meetings#77
10:24:08.396 [main] DEBUG org.hibernate.orm.results.loading.org.hibernate.orm.results.loading.collection - (DelayedCollectionInitializer) Current row collection key : org.frcpm.models.Project(959664679667500).milestones#77
10:24:08.396 [main] DEBUG org.hibernate.orm.results.loading.org.hibernate.orm.results.loading.collection - (DelayedCollectionInitializer) Current row collection key : org.frcpm.models.Project(959664679667500).tasks#77
10:24:08.396 [main] DEBUG org.hibernate.orm.results.loading.entity - (EntityResultInitializer) Created new entity instance [org.frcpm.models.Project(959664679667500)#77] : 105828724
10:24:08.396 [main] DEBUG org.hibernate.orm.results - Extracted JDBC value [1] - [null]
10:24:08.396 [main] DEBUG org.hibernate.orm.results - Extracted JDBC value [2] - [2025-06-06]
10:24:08.396 [main] DEBUG org.hibernate.orm.results - Extracted JDBC value [3] - [2025-06-20]
10:24:08.396 [main] DEBUG org.hibernate.orm.results - Extracted JDBC value [4] - [Test Task Project]
10:24:08.396 [main] DEBUG org.hibernate.orm.results - Extracted JDBC value [5] - [2025-04-25]
10:24:08.396 [main] DEBUG org.hibernate.orm.results.loading.entity - (EntityResultInitializer) Done materializing entityInstance : org.frcpm.models.Project(959664679667500)#77
10:24:08.396 [main] DEBUG org.hibernate.orm.results.loading - Calling top-level assembler (0 / 1) : org.hibernate.sql.results.graph.entity.internal.EntityAssembler@21a7e209
10:24:08.396 [main] DEBUG org.hibernate.orm.results - Extracted JDBC value [0] - [78]
10:24:08.396 [main] DEBUG org.hibernate.orm.results.loading.entity - (EntityResultInitializer) Hydrated EntityKey (org.frcpm.models.Project(959664679667500)): 78
10:24:08.396 [main] DEBUG org.hibernate.orm.results.loading.org.hibernate.orm.results.loading.collection - (DelayedCollectionInitializer) Current row collection key : org.frcpm.models.Project(959664679667500).meetings#78
10:24:08.396 [main] DEBUG org.hibernate.orm.results.loading.org.hibernate.orm.results.loading.collection - (DelayedCollectionInitializer) Current row collection key : org.frcpm.models.Project(959664679667500).milestones#78
10:24:08.396 [main] DEBUG org.hibernate.orm.results.loading.org.hibernate.orm.results.loading.collection - (DelayedCollectionInitializer) Current row collection key : org.frcpm.models.Project(959664679667500).tasks#78
10:24:08.396 [main] DEBUG org.hibernate.orm.results.loading.entity - (EntityResultInitializer) Created new entity instance [org.frcpm.models.Project(959664679667500)#78] : 208422153
10:24:08.396 [main] DEBUG org.hibernate.orm.results - Extracted JDBC value [1] - [null]
10:24:08.396 [main] DEBUG org.hibernate.orm.results - Extracted JDBC value [2] - [2025-06-06]
10:24:08.396 [main] DEBUG org.hibernate.orm.results - Extracted JDBC value [3] - [2025-06-20]
10:24:08.396 [main] DEBUG org.hibernate.orm.results - Extracted JDBC value [4] - [Test Task Project]
10:24:08.396 [main] DEBUG org.hibernate.orm.results - Extracted JDBC value [5] - [2025-04-25]
10:24:08.396 [main] DEBUG org.hibernate.orm.results.loading.entity - (EntityResultInitializer) Done materializing entityInstance : org.frcpm.models.Project(959664679667500)#78
10:24:08.396 [main] DEBUG org.hibernate.orm.results.loading - Calling top-level assembler (0 / 1) : org.hibernate.sql.results.graph.entity.internal.EntityAssembler@21a7e209
10:24:08.396 [main] DEBUG org.hibernate.orm.results - Extracted JDBC value [0] - [79]
10:24:08.396 [main] DEBUG org.hibernate.orm.results.loading.entity - (EntityResultInitializer) Hydrated EntityKey (org.frcpm.models.Project(959664679667500)): 79
10:24:08.396 [main] DEBUG org.hibernate.orm.results.loading.org.hibernate.orm.results.loading.collection - (DelayedCollectionInitializer) Current row collection key : org.frcpm.models.Project(959664679667500).meetings#79
10:24:08.396 [main] DEBUG org.hibernate.orm.results.loading.org.hibernate.orm.results.loading.collection - (DelayedCollectionInitializer) Current row collection key : org.frcpm.models.Project(959664679667500).milestones#79
10:24:08.396 [main] DEBUG org.hibernate.orm.results.loading.org.hibernate.orm.results.loading.collection - (DelayedCollectionInitializer) Current row collection key : org.frcpm.models.Project(959664679667500).tasks#79
10:24:08.396 [main] DEBUG org.hibernate.orm.results.loading.entity - (EntityResultInitializer) Created new entity instance [org.frcpm.models.Project(959664679667500)#79] : 245258698
10:24:08.396 [main] DEBUG org.hibernate.orm.results - Extracted JDBC value [1] - [null]
10:24:08.396 [main] DEBUG org.hibernate.orm.results - Extracted JDBC value [2] - [2025-06-06]
10:24:08.396 [main] DEBUG org.hibernate.orm.results - Extracted JDBC value [3] - [2025-06-20]
10:24:08.396 [main] DEBUG org.hibernate.orm.results - Extracted JDBC value [4] - [Test Task Project]
10:24:08.396 [main] DEBUG org.hibernate.orm.results - Extracted JDBC value [5] - [2025-04-25]
10:24:08.396 [main] DEBUG org.hibernate.orm.results.loading.entity - (EntityResultInitializer) Done materializing entityInstance : org.frcpm.models.Project(959664679667500)#79
10:24:08.396 [main] DEBUG org.hibernate.orm.results.loading - Calling top-level assembler (0 / 1) : org.hibernate.sql.results.graph.entity.internal.EntityAssembler@21a7e209
10:24:08.396 [main] DEBUG org.hibernate.orm.results - Extracted JDBC value [0] - [80]
10:24:08.396 [main] DEBUG org.hibernate.orm.results.loading.entity - (EntityResultInitializer) Hydrated EntityKey (org.frcpm.models.Project(959664679667500)): 80
10:24:08.396 [main] DEBUG org.hibernate.orm.results.loading.org.hibernate.orm.results.loading.collection - (DelayedCollectionInitializer) Current row collection key : org.frcpm.models.Project(959664679667500).meetings#80
10:24:08.396 [main] DEBUG org.hibernate.orm.results.loading.org.hibernate.orm.results.loading.collection - (DelayedCollectionInitializer) Current row collection key : org.frcpm.models.Project(959664679667500).milestones#80
10:24:08.396 [main] DEBUG org.hibernate.orm.results.loading.org.hibernate.orm.results.loading.collection - (DelayedCollectionInitializer) Current row collection key : org.frcpm.models.Project(959664679667500).tasks#80
10:24:08.396 [main] DEBUG org.hibernate.orm.results.loading.entity - (EntityResultInitializer) Created new entity instance [org.frcpm.models.Project(959664679667500)#80] : 1082120737
10:24:08.396 [main] DEBUG org.hibernate.orm.results - Extracted JDBC value [1] - [null]
10:24:08.396 [main] DEBUG org.hibernate.orm.results - Extracted JDBC value [2] - [2025-06-06]
10:24:08.396 [main] DEBUG org.hibernate.orm.results - Extracted JDBC value [3] - [2025-06-20]
10:24:08.396 [main] DEBUG org.hibernate.orm.results - Extracted JDBC value [4] - [Test Task Project]
10:24:08.396 [main] DEBUG org.hibernate.orm.results - Extracted JDBC value [5] - [2025-04-25]
10:24:08.396 [main] DEBUG org.hibernate.orm.results.loading.entity - (EntityResultInitializer) Done materializing entityInstance : org.frcpm.models.Project(959664679667500)#80
10:24:08.396 [main] DEBUG org.hibernate.orm.results.loading - Calling top-level assembler (0 / 1) : org.hibernate.sql.results.graph.entity.internal.EntityAssembler@21a7e209
10:24:08.396 [main] DEBUG org.hibernate.orm.results - Extracted JDBC value [0] - [81]
10:24:08.396 [main] DEBUG org.hibernate.orm.results.loading.entity - (EntityResultInitializer) Hydrated EntityKey (org.frcpm.models.Project(959664679667500)): 81
10:24:08.396 [main] DEBUG org.hibernate.orm.results.loading.org.hibernate.orm.results.loading.collection - (DelayedCollectionInitializer) Current row collection key : org.frcpm.models.Project(959664679667500).meetings#81
10:24:08.396 [main] DEBUG org.hibernate.orm.results.loading.org.hibernate.orm.results.loading.collection - (DelayedCollectionInitializer) Current row collection key : org.frcpm.models.Project(959664679667500).milestones#81
10:24:08.396 [main] DEBUG org.hibernate.orm.results.loading.org.hibernate.orm.results.loading.collection - (DelayedCollectionInitializer) Current row collection key : org.frcpm.models.Project(959664679667500).tasks#81
10:24:08.396 [main] DEBUG org.hibernate.orm.results.loading.entity - (EntityResultInitializer) Created new entity instance [org.frcpm.models.Project(959664679667500)#81] : 1961606163
10:24:08.396 [main] DEBUG org.hibernate.orm.results - Extracted JDBC value [1] - [null]
10:24:08.396 [main] DEBUG org.hibernate.orm.results - Extracted JDBC value [2] - [2025-06-06]
10:24:08.396 [main] DEBUG org.hibernate.orm.results - Extracted JDBC value [3] - [2025-06-20]
10:24:08.396 [main] DEBUG org.hibernate.orm.results - Extracted JDBC value [4] - [Test Task Project]
10:24:08.396 [main] DEBUG org.hibernate.orm.results - Extracted JDBC value [5] - [2025-04-25]
10:24:08.396 [main] DEBUG org.hibernate.orm.results.loading.entity - (EntityResultInitializer) Done materializing entityInstance : org.frcpm.models.Project(959664679667500)#81
10:24:08.396 [main] DEBUG org.hibernate.orm.results.loading - Calling top-level assembler (0 / 1) : org.hibernate.sql.results.graph.entity.internal.EntityAssembler@21a7e209
10:24:08.396 [main] DEBUG org.hibernate.orm.results - Extracted JDBC value [0] - [82]
10:24:08.396 [main] DEBUG org.hibernate.orm.results.loading.entity - (EntityResultInitializer) Hydrated EntityKey (org.frcpm.models.Project(959664679667500)): 82
10:24:08.396 [main] DEBUG org.hibernate.orm.results.loading.org.hibernate.orm.results.loading.collection - (DelayedCollectionInitializer) Current row collection key : org.frcpm.models.Project(959664679667500).meetings#82
10:24:08.396 [main] DEBUG org.hibernate.orm.results.loading.org.hibernate.orm.results.loading.collection - (DelayedCollectionInitializer) Current row collection key : org.frcpm.models.Project(959664679667500).milestones#82
10:24:08.396 [main] DEBUG org.hibernate.orm.results.loading.org.hibernate.orm.results.loading.collection - (DelayedCollectionInitializer) Current row collection key : org.frcpm.models.Project(959664679667500).tasks#82
10:24:08.396 [main] DEBUG org.hibernate.orm.results.loading.entity - (EntityResultInitializer) Created new entity instance [org.frcpm.models.Project(959664679667500)#82] : 1874038437
10:24:08.396 [main] DEBUG org.hibernate.orm.results - Extracted JDBC value [1] - [null]
10:24:08.396 [main] DEBUG org.hibernate.orm.results - Extracted JDBC value [2] - [2025-06-06]
10:24:08.396 [main] DEBUG org.hibernate.orm.results - Extracted JDBC value [3] - [2025-06-20]
10:24:08.396 [main] DEBUG org.hibernate.orm.results - Extracted JDBC value [4] - [Test Task Project]
10:24:08.396 [main] DEBUG org.hibernate.orm.results - Extracted JDBC value [5] - [2025-04-25]
10:24:08.396 [main] DEBUG org.hibernate.orm.results.loading.entity - (EntityResultInitializer) Done materializing entityInstance : org.frcpm.models.Project(959664679667500)#82
10:24:08.396 [main] DEBUG org.hibernate.orm.results.loading - Calling top-level assembler (0 / 1) : org.hibernate.sql.results.graph.entity.internal.EntityAssembler@21a7e209
10:24:08.396 [main] DEBUG org.hibernate.orm.results - Extracted JDBC value [0] - [104]
10:24:08.396 [main] DEBUG org.hibernate.orm.results.loading.entity - (EntityResultInitializer) Hydrated EntityKey (org.frcpm.models.Project(959664679667500)): 104
10:24:08.396 [main] DEBUG org.hibernate.orm.results.loading.org.hibernate.orm.results.loading.collection - (DelayedCollectionInitializer) Current row collection key : org.frcpm.models.Project(959664679667500).meetings#104
10:24:08.396 [main] DEBUG org.hibernate.orm.results.loading.org.hibernate.orm.results.loading.collection - (DelayedCollectionInitializer) Current row collection key : org.frcpm.models.Project(959664679667500).milestones#104
10:24:08.396 [main] DEBUG org.hibernate.orm.results.loading.org.hibernate.orm.results.loading.collection - (DelayedCollectionInitializer) Current row collection key : org.frcpm.models.Project(959664679667500).tasks#104
10:24:08.396 [main] DEBUG org.hibernate.orm.results.loading.entity - (EntityResultInitializer) Created new entity instance [org.frcpm.models.Project(959664679667500)#104] : 569867392
10:24:08.396 [main] DEBUG org.hibernate.orm.results - Extracted JDBC value [1] - [null]
10:24:08.396 [main] DEBUG org.hibernate.orm.results - Extracted JDBC value [2] - [2025-06-06]
10:24:08.396 [main] DEBUG org.hibernate.orm.results - Extracted JDBC value [3] - [2025-06-20]
10:24:08.396 [main] DEBUG org.hibernate.orm.results - Extracted JDBC value [4] - [Component Test Project]
10:24:08.396 [main] DEBUG org.hibernate.orm.results - Extracted JDBC value [5] - [2025-04-25]
10:24:08.396 [main] DEBUG org.hibernate.orm.results.loading.entity - (EntityResultInitializer) Done materializing entityInstance : org.frcpm.models.Project(959664679667500)#104
10:24:08.396 [main] DEBUG org.hibernate.orm.results.loading - Calling top-level assembler (0 / 1) : org.hibernate.sql.results.graph.entity.internal.EntityAssembler@21a7e209
10:24:08.396 [main] DEBUG org.hibernate.orm.results - Extracted JDBC value [0] - [135]
10:24:08.396 [main] DEBUG org.hibernate.orm.results.loading.entity - (EntityResultInitializer) Hydrated EntityKey (org.frcpm.models.Project(959664679667500)): 135
10:24:08.396 [main] DEBUG org.hibernate.orm.results.loading.org.hibernate.orm.results.loading.collection - (DelayedCollectionInitializer) Current row collection key : org.frcpm.models.Project(959664679667500).meetings#135
10:24:08.396 [main] DEBUG org.hibernate.orm.results.loading.org.hibernate.orm.results.loading.collection - (DelayedCollectionInitializer) Current row collection key : org.frcpm.models.Project(959664679667500).milestones#135
10:24:08.396 [main] DEBUG org.hibernate.orm.results.loading.org.hibernate.orm.results.loading.collection - (DelayedCollectionInitializer) Current row collection key : org.frcpm.models.Project(959664679667500).tasks#135
10:24:08.396 [main] DEBUG org.hibernate.orm.results.loading.entity - (EntityResultInitializer) Created new entity instance [org.frcpm.models.Project(959664679667500)#135] : 1366667720
10:24:08.396 [main] DEBUG org.hibernate.orm.results - Extracted JDBC value [1] - [null]
10:24:08.396 [main] DEBUG org.hibernate.orm.results - Extracted JDBC value [2] - [2025-05-23]
10:24:08.396 [main] DEBUG org.hibernate.orm.results - Extracted JDBC value [3] - [2025-06-06]
10:24:08.396 [main] DEBUG org.hibernate.orm.results - Extracted JDBC value [4] - [Test Create Service Project]
10:24:08.396 [main] DEBUG org.hibernate.orm.results - Extracted JDBC value [5] - [2025-04-25]
10:24:08.396 [main] DEBUG org.hibernate.orm.results.loading.entity - (EntityResultInitializer) Done materializing entityInstance : org.frcpm.models.Project(959664679667500)#135
10:24:08.396 [main] DEBUG org.hibernate.orm.results.loading - Calling top-level assembler (0 / 1) : org.hibernate.sql.results.graph.entity.internal.EntityAssembler@21a7e209
10:24:08.396 [main] DEBUG org.hibernate.orm.results - Extracted JDBC value [0] - [142]
10:24:08.396 [main] DEBUG org.hibernate.orm.results.loading.entity - (EntityResultInitializer) Hydrated EntityKey (org.frcpm.models.Project(959664679667500)): 142
10:24:08.396 [main] DEBUG org.hibernate.orm.results.loading.org.hibernate.orm.results.loading.collection - (DelayedCollectionInitializer) Current row collection key : org.frcpm.models.Project(959664679667500).meetings#142
10:24:08.396 [main] DEBUG org.hibernate.orm.results.loading.org.hibernate.orm.results.loading.collection - (DelayedCollectionInitializer) Current row collection key : org.frcpm.models.Project(959664679667500).milestones#142
10:24:08.396 [main] DEBUG org.hibernate.orm.results.loading.org.hibernate.orm.results.loading.collection - (DelayedCollectionInitializer) Current row collection key : org.frcpm.models.Project(959664679667500).tasks#142
10:24:08.396 [main] DEBUG org.hibernate.orm.results.loading.entity - (EntityResultInitializer) Created new entity instance [org.frcpm.models.Project(959664679667500)#142] : 681298565
10:24:08.396 [main] DEBUG org.hibernate.orm.results - Extracted JDBC value [1] - [Updated description]
10:24:08.396 [main] DEBUG org.hibernate.orm.results - Extracted JDBC value [2] - [2025-05-23]
10:24:08.396 [main] DEBUG org.hibernate.orm.results - Extracted JDBC value [3] - [2025-06-06]
10:24:08.396 [main] DEBUG org.hibernate.orm.results - Extracted JDBC value [4] - [Updated Service Project Name]
10:24:08.396 [main] DEBUG org.hibernate.orm.results - Extracted JDBC value [5] - [2025-04-25]
10:24:08.396 [main] DEBUG org.hibernate.orm.results.loading.entity - (EntityResultInitializer) Done materializing entityInstance : org.frcpm.models.Project(959664679667500)#142
10:24:08.396 [main] DEBUG org.hibernate.orm.results.loading - Calling top-level assembler (0 / 1) : org.hibernate.sql.results.graph.entity.internal.EntityAssembler@21a7e209
10:24:08.396 [main] DEBUG org.hibernate.orm.results - Extracted JDBC value [0] - [148]
10:24:08.396 [main] DEBUG org.hibernate.orm.results.loading.entity - (EntityResultInitializer) Hydrated EntityKey (org.frcpm.models.Project(959664679667500)): 148
10:24:08.396 [main] DEBUG org.hibernate.orm.results.loading.org.hibernate.orm.results.loading.collection - (DelayedCollectionInitializer) Current row collection key : org.frcpm.models.Project(959664679667500).meetings#148
10:24:08.396 [main] DEBUG org.hibernate.orm.results.loading.org.hibernate.orm.results.loading.collection - (DelayedCollectionInitializer) Current row collection key : org.frcpm.models.Project(959664679667500).milestones#148
10:24:08.396 [main] DEBUG org.hibernate.orm.results.loading.org.hibernate.orm.results.loading.collection - (DelayedCollectionInitializer) Current row collection key : org.frcpm.models.Project(959664679667500).tasks#148
10:24:08.396 [main] DEBUG org.hibernate.orm.results.loading.entity - (EntityResultInitializer) Created new entity instance [org.frcpm.models.Project(959664679667500)#148] : 763752983
10:24:08.396 [main] DEBUG org.hibernate.orm.results - Extracted JDBC value [1] - [null]
10:24:08.396 [main] DEBUG org.hibernate.orm.results - Extracted JDBC value [2] - [2025-05-23]
10:24:08.396 [main] DEBUG org.hibernate.orm.results - Extracted JDBC value [3] - [2025-06-06]
10:24:08.396 [main] DEBUG org.hibernate.orm.results - Extracted JDBC value [4] - [Test Summary Project]
10:24:08.396 [main] DEBUG org.hibernate.orm.results - Extracted JDBC value [5] - [2025-04-25]
10:24:08.396 [main] DEBUG org.hibernate.orm.results.loading.entity - (EntityResultInitializer) Done materializing entityInstance : org.frcpm.models.Project(959664679667500)#148
10:24:08.396 [main] DEBUG org.hibernate.orm.results.loading - Calling top-level assembler (0 / 1) : org.hibernate.sql.results.graph.entity.internal.EntityAssembler@21a7e209
10:24:08.397 [main] DEBUG org.hibernate.resource.jdbc.internal.LogicalConnectionManagedImpl - Initiating JDBC connection release from afterTransaction
10:24:08.397 [main] DEBUG org.hibernate.resource.jdbc.internal.LogicalConnectionManagedImpl - Initiating JDBC connection release from afterTransaction
]]></system-out>
    <system-err><![CDATA[Apr 25, 2025 10:24:08 AM org.frcpm.controllers.ProjectController setupBindings
WARNING: UI components not initialized - likely in test environment
]]></system-err>
  </testcase>
  <testcase name="testCreateFXMLLoader" classname="org.frcpm.controllers.ProjectControllerTest" time="0.015">
    <system-out><![CDATA[10:24:08.410 [main] DEBUG org.hibernate.orm.sql.ast.create - Created new SQL alias : p1_0
10:24:08.410 [main] DEBUG org.hibernate.orm.sql.ast.create - Registration of TableGroup [StandardTableGroup(org.frcpm.models.Project(959664696348900))] with identifierForTableGroup [org.frcpm.models.Project] for NavigablePath [org.frcpm.models.Project] 
10:24:08.410 [main] DEBUG org.hibernate.orm.results.graph.AST - DomainResult Graph:
 \-EntityResultImpl [org.frcpm.models.Project(959664696348900)]
 |  +-BasicFetch [org.frcpm.models.Project(959664696348900).description]
 |  +-BasicFetch [org.frcpm.models.Project(959664696348900).goalEndDate]
 |  +-BasicFetch [org.frcpm.models.Project(959664696348900).hardDeadline]
 |  +-DelayedCollectionFetch [org.frcpm.models.Project(959664696348900).meetings]
 |  +-DelayedCollectionFetch [org.frcpm.models.Project(959664696348900).milestones]
 |  +-BasicFetch [org.frcpm.models.Project(959664696348900).name]
 |  +-BasicFetch [org.frcpm.models.Project(959664696348900).startDate]
 |  \-DelayedCollectionFetch [org.frcpm.models.Project(959664696348900).tasks]

10:24:08.410 [main] DEBUG org.hibernate.orm.sql.ast.tree - SQL AST Tree:
    SelectStatement {
      FromClause {
        StandardTableGroup (p1 : org.frcpm.models.Project(959664696348900)) {
          primaryTableReference : projects as p1_0
        }
      }
    }

10:24:08.410 [main] DEBUG org.hibernate.orm.sql.exec - Skipping reading Query result cache data: cache-enabled = false, cache-mode = NORMAL
10:24:08.410 [main] DEBUG org.hibernate.orm.results - Initializer list:
	  org.frcpm.models.Project(959664696348900) -> EntityResultInitializer(org.frcpm.models.Project(959664696348900))@647831428 (SingleTableEntityPersister(org.frcpm.models.Project))
	  org.frcpm.models.Project(959664696348900).tasks -> DelayedCollectionInitializer(org.frcpm.models.Project(959664696348900).tasks)@349750296 (PluralAttribute(org.frcpm.models.Project.tasks))
	  org.frcpm.models.Project(959664696348900).meetings -> DelayedCollectionInitializer(org.frcpm.models.Project(959664696348900).meetings)@261070048 (PluralAttribute(org.frcpm.models.Project.meetings))
	  org.frcpm.models.Project(959664696348900).milestones -> DelayedCollectionInitializer(org.frcpm.models.Project(959664696348900).milestones)@292902086 (PluralAttribute(org.frcpm.models.Project.milestones))

10:24:08.410 [main] DEBUG org.hibernate.SQL - select p1_0.id,p1_0.description,p1_0.goal_end_date,p1_0.hard_deadline,p1_0.name,p1_0.start_date from projects p1_0
10:24:08.410 [main] DEBUG org.hibernate.orm.results - Extracted JDBC value [0] - [1]
10:24:08.410 [main] DEBUG org.hibernate.orm.results.loading.entity - (EntityResultInitializer) Hydrated EntityKey (org.frcpm.models.Project(959664696348900)): 1
10:24:08.410 [main] DEBUG org.hibernate.orm.results.loading.org.hibernate.orm.results.loading.collection - (DelayedCollectionInitializer) Current row collection key : org.frcpm.models.Project(959664696348900).meetings#1
10:24:08.410 [main] DEBUG org.hibernate.orm.results.loading.org.hibernate.orm.results.loading.collection - (DelayedCollectionInitializer) Current row collection key : org.frcpm.models.Project(959664696348900).milestones#1
10:24:08.410 [main] DEBUG org.hibernate.orm.results.loading.org.hibernate.orm.results.loading.collection - (DelayedCollectionInitializer) Current row collection key : org.frcpm.models.Project(959664696348900).tasks#1
10:24:08.410 [main] DEBUG org.hibernate.orm.results.loading.entity - (EntityResultInitializer) Created new entity instance [org.frcpm.models.Project(959664696348900)#1] : 2120944246
10:24:08.410 [main] DEBUG org.hibernate.orm.results - Extracted JDBC value [1] - [Competition robot for the 2025 FIRST Robotics Competition]
10:24:08.410 [main] DEBUG org.hibernate.orm.results - Extracted JDBC value [2] - [2025-06-12]
10:24:08.410 [main] DEBUG org.hibernate.orm.results - Extracted JDBC value [3] - [2025-06-26]
10:24:08.410 [main] DEBUG org.hibernate.orm.results - Extracted JDBC value [4] - [FRC 2025 Robot]
10:24:08.410 [main] DEBUG org.hibernate.orm.results - Extracted JDBC value [5] - [2025-05-01]
10:24:08.410 [main] DEBUG org.hibernate.orm.results.loading.entity - (EntityResultInitializer) Done materializing entityInstance : org.frcpm.models.Project(959664696348900)#1
10:24:08.412 [main] DEBUG org.hibernate.orm.results.loading - Calling top-level assembler (0 / 1) : org.hibernate.sql.results.graph.entity.internal.EntityAssembler@668d631d
10:24:08.412 [main] DEBUG org.hibernate.orm.results - Extracted JDBC value [0] - [51]
10:24:08.412 [main] DEBUG org.hibernate.orm.results.loading.entity - (EntityResultInitializer) Hydrated EntityKey (org.frcpm.models.Project(959664696348900)): 51
10:24:08.412 [main] DEBUG org.hibernate.orm.results.loading.org.hibernate.orm.results.loading.collection - (DelayedCollectionInitializer) Current row collection key : org.frcpm.models.Project(959664696348900).meetings#51
10:24:08.412 [main] DEBUG org.hibernate.orm.results.loading.org.hibernate.orm.results.loading.collection - (DelayedCollectionInitializer) Current row collection key : org.frcpm.models.Project(959664696348900).milestones#51
10:24:08.412 [main] DEBUG org.hibernate.orm.results.loading.org.hibernate.orm.results.loading.collection - (DelayedCollectionInitializer) Current row collection key : org.frcpm.models.Project(959664696348900).tasks#51
10:24:08.412 [main] DEBUG org.hibernate.orm.results.loading.entity - (EntityResultInitializer) Created new entity instance [org.frcpm.models.Project(959664696348900)#51] : 1053169327
10:24:08.412 [main] DEBUG org.hibernate.orm.results - Extracted JDBC value [1] - [null]
10:24:08.412 [main] DEBUG org.hibernate.orm.results - Extracted JDBC value [2] - [2025-05-23]
10:24:08.412 [main] DEBUG org.hibernate.orm.results - Extracted JDBC value [3] - [2025-06-06]
10:24:08.412 [main] DEBUG org.hibernate.orm.results - Extracted JDBC value [4] - [Test Count Project]
10:24:08.412 [main] DEBUG org.hibernate.orm.results - Extracted JDBC value [5] - [2025-04-25]
10:24:08.412 [main] DEBUG org.hibernate.orm.results.loading.entity - (EntityResultInitializer) Done materializing entityInstance : org.frcpm.models.Project(959664696348900)#51
10:24:08.412 [main] DEBUG org.hibernate.orm.results.loading - Calling top-level assembler (0 / 1) : org.hibernate.sql.results.graph.entity.internal.EntityAssembler@668d631d
10:24:08.412 [main] DEBUG org.hibernate.orm.results - Extracted JDBC value [0] - [54]
10:24:08.412 [main] DEBUG org.hibernate.orm.results.loading.entity - (EntityResultInitializer) Hydrated EntityKey (org.frcpm.models.Project(959664696348900)): 54
10:24:08.412 [main] DEBUG org.hibernate.orm.results.loading.org.hibernate.orm.results.loading.collection - (DelayedCollectionInitializer) Current row collection key : org.frcpm.models.Project(959664696348900).meetings#54
10:24:08.412 [main] DEBUG org.hibernate.orm.results.loading.org.hibernate.orm.results.loading.collection - (DelayedCollectionInitializer) Current row collection key : org.frcpm.models.Project(959664696348900).milestones#54
10:24:08.412 [main] DEBUG org.hibernate.orm.results.loading.org.hibernate.orm.results.loading.collection - (DelayedCollectionInitializer) Current row collection key : org.frcpm.models.Project(959664696348900).tasks#54
10:24:08.412 [main] DEBUG org.hibernate.orm.results.loading.entity - (EntityResultInitializer) Created new entity instance [org.frcpm.models.Project(959664696348900)#54] : 156057756
10:24:08.412 [main] DEBUG org.hibernate.orm.results - Extracted JDBC value [1] - [Test save description]
10:24:08.412 [main] DEBUG org.hibernate.orm.results - Extracted JDBC value [2] - [2025-05-23]
10:24:08.412 [main] DEBUG org.hibernate.orm.results - Extracted JDBC value [3] - [2025-06-06]
10:24:08.412 [main] DEBUG org.hibernate.orm.results - Extracted JDBC value [4] - [Test Save Project]
10:24:08.412 [main] DEBUG org.hibernate.orm.results - Extracted JDBC value [5] - [2025-04-25]
10:24:08.412 [main] DEBUG org.hibernate.orm.results.loading.entity - (EntityResultInitializer) Done materializing entityInstance : org.frcpm.models.Project(959664696348900)#54
10:24:08.412 [main] DEBUG org.hibernate.orm.results.loading - Calling top-level assembler (0 / 1) : org.hibernate.sql.results.graph.entity.internal.EntityAssembler@668d631d
10:24:08.412 [main] DEBUG org.hibernate.orm.results - Extracted JDBC value [0] - [69]
10:24:08.412 [main] DEBUG org.hibernate.orm.results.loading.entity - (EntityResultInitializer) Hydrated EntityKey (org.frcpm.models.Project(959664696348900)): 69
10:24:08.412 [main] DEBUG org.hibernate.orm.results.loading.org.hibernate.orm.results.loading.collection - (DelayedCollectionInitializer) Current row collection key : org.frcpm.models.Project(959664696348900).meetings#69
10:24:08.412 [main] DEBUG org.hibernate.orm.results.loading.org.hibernate.orm.results.loading.collection - (DelayedCollectionInitializer) Current row collection key : org.frcpm.models.Project(959664696348900).milestones#69
10:24:08.412 [main] DEBUG org.hibernate.orm.results.loading.org.hibernate.orm.results.loading.collection - (DelayedCollectionInitializer) Current row collection key : org.frcpm.models.Project(959664696348900).tasks#69
10:24:08.412 [main] DEBUG org.hibernate.orm.results.loading.entity - (EntityResultInitializer) Created new entity instance [org.frcpm.models.Project(959664696348900)#69] : 625203565
10:24:08.412 [main] DEBUG org.hibernate.orm.results - Extracted JDBC value [1] - [null]
10:24:08.412 [main] DEBUG org.hibernate.orm.results - Extracted JDBC value [2] - [2025-05-23]
10:24:08.412 [main] DEBUG org.hibernate.orm.results - Extracted JDBC value [3] - [2025-06-06]
10:24:08.412 [main] DEBUG org.hibernate.orm.results - Extracted JDBC value [4] - [Updated Project Name]
10:24:08.412 [main] DEBUG org.hibernate.orm.results - Extracted JDBC value [5] - [2025-04-25]
10:24:08.412 [main] DEBUG org.hibernate.orm.results.loading.entity - (EntityResultInitializer) Done materializing entityInstance : org.frcpm.models.Project(959664696348900)#69
10:24:08.412 [main] DEBUG org.hibernate.orm.results.loading - Calling top-level assembler (0 / 1) : org.hibernate.sql.results.graph.entity.internal.EntityAssembler@668d631d
10:24:08.412 [main] DEBUG org.hibernate.orm.results - Extracted JDBC value [0] - [70]
10:24:08.412 [main] DEBUG org.hibernate.orm.results.loading.entity - (EntityResultInitializer) Hydrated EntityKey (org.frcpm.models.Project(959664696348900)): 70
10:24:08.412 [main] DEBUG org.hibernate.orm.results.loading.org.hibernate.orm.results.loading.collection - (DelayedCollectionInitializer) Current row collection key : org.frcpm.models.Project(959664696348900).meetings#70
10:24:08.412 [main] DEBUG org.hibernate.orm.results.loading.org.hibernate.orm.results.loading.collection - (DelayedCollectionInitializer) Current row collection key : org.frcpm.models.Project(959664696348900).milestones#70
10:24:08.412 [main] DEBUG org.hibernate.orm.results.loading.org.hibernate.orm.results.loading.collection - (DelayedCollectionInitializer) Current row collection key : org.frcpm.models.Project(959664696348900).tasks#70
10:24:08.412 [main] DEBUG org.hibernate.orm.results.loading.entity - (EntityResultInitializer) Created new entity instance [org.frcpm.models.Project(959664696348900)#70] : 1085283472
10:24:08.412 [main] DEBUG org.hibernate.orm.results - Extracted JDBC value [1] - [null]
10:24:08.412 [main] DEBUG org.hibernate.orm.results - Extracted JDBC value [2] - [2025-06-06]
10:24:08.412 [main] DEBUG org.hibernate.orm.results - Extracted JDBC value [3] - [2025-06-20]
10:24:08.412 [main] DEBUG org.hibernate.orm.results - Extracted JDBC value [4] - [Test Task Project]
10:24:08.412 [main] DEBUG org.hibernate.orm.results - Extracted JDBC value [5] - [2025-04-25]
10:24:08.412 [main] DEBUG org.hibernate.orm.results.loading.entity - (EntityResultInitializer) Done materializing entityInstance : org.frcpm.models.Project(959664696348900)#70
10:24:08.412 [main] DEBUG org.hibernate.orm.results.loading - Calling top-level assembler (0 / 1) : org.hibernate.sql.results.graph.entity.internal.EntityAssembler@668d631d
10:24:08.412 [main] DEBUG org.hibernate.orm.results - Extracted JDBC value [0] - [71]
10:24:08.412 [main] DEBUG org.hibernate.orm.results.loading.entity - (EntityResultInitializer) Hydrated EntityKey (org.frcpm.models.Project(959664696348900)): 71
10:24:08.412 [main] DEBUG org.hibernate.orm.results.loading.org.hibernate.orm.results.loading.collection - (DelayedCollectionInitializer) Current row collection key : org.frcpm.models.Project(959664696348900).meetings#71
10:24:08.412 [main] DEBUG org.hibernate.orm.results.loading.org.hibernate.orm.results.loading.collection - (DelayedCollectionInitializer) Current row collection key : org.frcpm.models.Project(959664696348900).milestones#71
10:24:08.412 [main] DEBUG org.hibernate.orm.results.loading.org.hibernate.orm.results.loading.collection - (DelayedCollectionInitializer) Current row collection key : org.frcpm.models.Project(959664696348900).tasks#71
10:24:08.412 [main] DEBUG org.hibernate.orm.results.loading.entity - (EntityResultInitializer) Created new entity instance [org.frcpm.models.Project(959664696348900)#71] : 2002671252
10:24:08.412 [main] DEBUG org.hibernate.orm.results - Extracted JDBC value [1] - [null]
10:24:08.412 [main] DEBUG org.hibernate.orm.results - Extracted JDBC value [2] - [2025-06-06]
10:24:08.412 [main] DEBUG org.hibernate.orm.results - Extracted JDBC value [3] - [2025-06-20]
10:24:08.412 [main] DEBUG org.hibernate.orm.results - Extracted JDBC value [4] - [Test Task Project]
10:24:08.412 [main] DEBUG org.hibernate.orm.results - Extracted JDBC value [5] - [2025-04-25]
10:24:08.412 [main] DEBUG org.hibernate.orm.results.loading.entity - (EntityResultInitializer) Done materializing entityInstance : org.frcpm.models.Project(959664696348900)#71
10:24:08.412 [main] DEBUG org.hibernate.orm.results.loading - Calling top-level assembler (0 / 1) : org.hibernate.sql.results.graph.entity.internal.EntityAssembler@668d631d
10:24:08.412 [main] DEBUG org.hibernate.orm.results - Extracted JDBC value [0] - [72]
10:24:08.412 [main] DEBUG org.hibernate.orm.results.loading.entity - (EntityResultInitializer) Hydrated EntityKey (org.frcpm.models.Project(959664696348900)): 72
10:24:08.412 [main] DEBUG org.hibernate.orm.results.loading.org.hibernate.orm.results.loading.collection - (DelayedCollectionInitializer) Current row collection key : org.frcpm.models.Project(959664696348900).meetings#72
10:24:08.412 [main] DEBUG org.hibernate.orm.results.loading.org.hibernate.orm.results.loading.collection - (DelayedCollectionInitializer) Current row collection key : org.frcpm.models.Project(959664696348900).milestones#72
10:24:08.412 [main] DEBUG org.hibernate.orm.results.loading.org.hibernate.orm.results.loading.collection - (DelayedCollectionInitializer) Current row collection key : org.frcpm.models.Project(959664696348900).tasks#72
10:24:08.412 [main] DEBUG org.hibernate.orm.results.loading.entity - (EntityResultInitializer) Created new entity instance [org.frcpm.models.Project(959664696348900)#72] : 1268820838
10:24:08.412 [main] DEBUG org.hibernate.orm.results - Extracted JDBC value [1] - [null]
10:24:08.412 [main] DEBUG org.hibernate.orm.results - Extracted JDBC value [2] - [2025-06-06]
10:24:08.412 [main] DEBUG org.hibernate.orm.results - Extracted JDBC value [3] - [2025-06-20]
10:24:08.412 [main] DEBUG org.hibernate.orm.results - Extracted JDBC value [4] - [Test Task Project]
10:24:08.412 [main] DEBUG org.hibernate.orm.results - Extracted JDBC value [5] - [2025-04-25]
10:24:08.412 [main] DEBUG org.hibernate.orm.results.loading.entity - (EntityResultInitializer) Done materializing entityInstance : org.frcpm.models.Project(959664696348900)#72
10:24:08.412 [main] DEBUG org.hibernate.orm.results.loading - Calling top-level assembler (0 / 1) : org.hibernate.sql.results.graph.entity.internal.EntityAssembler@668d631d
10:24:08.412 [main] DEBUG org.hibernate.orm.results - Extracted JDBC value [0] - [73]
10:24:08.412 [main] DEBUG org.hibernate.orm.results.loading.entity - (EntityResultInitializer) Hydrated EntityKey (org.frcpm.models.Project(959664696348900)): 73
10:24:08.412 [main] DEBUG org.hibernate.orm.results.loading.org.hibernate.orm.results.loading.collection - (DelayedCollectionInitializer) Current row collection key : org.frcpm.models.Project(959664696348900).meetings#73
10:24:08.412 [main] DEBUG org.hibernate.orm.results.loading.org.hibernate.orm.results.loading.collection - (DelayedCollectionInitializer) Current row collection key : org.frcpm.models.Project(959664696348900).milestones#73
10:24:08.412 [main] DEBUG org.hibernate.orm.results.loading.org.hibernate.orm.results.loading.collection - (DelayedCollectionInitializer) Current row collection key : org.frcpm.models.Project(959664696348900).tasks#73
10:24:08.412 [main] DEBUG org.hibernate.orm.results.loading.entity - (EntityResultInitializer) Created new entity instance [org.frcpm.models.Project(959664696348900)#73] : 1088740775
10:24:08.412 [main] DEBUG org.hibernate.orm.results - Extracted JDBC value [1] - [null]
10:24:08.412 [main] DEBUG org.hibernate.orm.results - Extracted JDBC value [2] - [2025-06-06]
10:24:08.412 [main] DEBUG org.hibernate.orm.results - Extracted JDBC value [3] - [2025-06-20]
10:24:08.412 [main] DEBUG org.hibernate.orm.results - Extracted JDBC value [4] - [Test Task Project]
10:24:08.412 [main] DEBUG org.hibernate.orm.results - Extracted JDBC value [5] - [2025-04-25]
10:24:08.412 [main] DEBUG org.hibernate.orm.results.loading.entity - (EntityResultInitializer) Done materializing entityInstance : org.frcpm.models.Project(959664696348900)#73
10:24:08.412 [main] DEBUG org.hibernate.orm.results.loading - Calling top-level assembler (0 / 1) : org.hibernate.sql.results.graph.entity.internal.EntityAssembler@668d631d
10:24:08.412 [main] DEBUG org.hibernate.orm.results - Extracted JDBC value [0] - [74]
10:24:08.412 [main] DEBUG org.hibernate.orm.results.loading.entity - (EntityResultInitializer) Hydrated EntityKey (org.frcpm.models.Project(959664696348900)): 74
10:24:08.412 [main] DEBUG org.hibernate.orm.results.loading.org.hibernate.orm.results.loading.collection - (DelayedCollectionInitializer) Current row collection key : org.frcpm.models.Project(959664696348900).meetings#74
10:24:08.412 [main] DEBUG org.hibernate.orm.results.loading.org.hibernate.orm.results.loading.collection - (DelayedCollectionInitializer) Current row collection key : org.frcpm.models.Project(959664696348900).milestones#74
10:24:08.412 [main] DEBUG org.hibernate.orm.results.loading.org.hibernate.orm.results.loading.collection - (DelayedCollectionInitializer) Current row collection key : org.frcpm.models.Project(959664696348900).tasks#74
10:24:08.412 [main] DEBUG org.hibernate.orm.results.loading.entity - (EntityResultInitializer) Created new entity instance [org.frcpm.models.Project(959664696348900)#74] : 260070064
10:24:08.412 [main] DEBUG org.hibernate.orm.results - Extracted JDBC value [1] - [null]
10:24:08.412 [main] DEBUG org.hibernate.orm.results - Extracted JDBC value [2] - [2025-06-06]
10:24:08.412 [main] DEBUG org.hibernate.orm.results - Extracted JDBC value [3] - [2025-06-20]
10:24:08.412 [main] DEBUG org.hibernate.orm.results - Extracted JDBC value [4] - [Test Task Project]
10:24:08.412 [main] DEBUG org.hibernate.orm.results - Extracted JDBC value [5] - [2025-04-25]
10:24:08.412 [main] DEBUG org.hibernate.orm.results.loading.entity - (EntityResultInitializer) Done materializing entityInstance : org.frcpm.models.Project(959664696348900)#74
10:24:08.412 [main] DEBUG org.hibernate.orm.results.loading - Calling top-level assembler (0 / 1) : org.hibernate.sql.results.graph.entity.internal.EntityAssembler@668d631d
10:24:08.412 [main] DEBUG org.hibernate.orm.results - Extracted JDBC value [0] - [75]
10:24:08.412 [main] DEBUG org.hibernate.orm.results.loading.entity - (EntityResultInitializer) Hydrated EntityKey (org.frcpm.models.Project(959664696348900)): 75
10:24:08.412 [main] DEBUG org.hibernate.orm.results.loading.org.hibernate.orm.results.loading.collection - (DelayedCollectionInitializer) Current row collection key : org.frcpm.models.Project(959664696348900).meetings#75
10:24:08.412 [main] DEBUG org.hibernate.orm.results.loading.org.hibernate.orm.results.loading.collection - (DelayedCollectionInitializer) Current row collection key : org.frcpm.models.Project(959664696348900).milestones#75
10:24:08.412 [main] DEBUG org.hibernate.orm.results.loading.org.hibernate.orm.results.loading.collection - (DelayedCollectionInitializer) Current row collection key : org.frcpm.models.Project(959664696348900).tasks#75
10:24:08.412 [main] DEBUG org.hibernate.orm.results.loading.entity - (EntityResultInitializer) Created new entity instance [org.frcpm.models.Project(959664696348900)#75] : 471075964
10:24:08.412 [main] DEBUG org.hibernate.orm.results - Extracted JDBC value [1] - [null]
10:24:08.412 [main] DEBUG org.hibernate.orm.results - Extracted JDBC value [2] - [2025-06-06]
10:24:08.412 [main] DEBUG org.hibernate.orm.results - Extracted JDBC value [3] - [2025-06-20]
10:24:08.412 [main] DEBUG org.hibernate.orm.results - Extracted JDBC value [4] - [Test Task Project]
10:24:08.412 [main] DEBUG org.hibernate.orm.results - Extracted JDBC value [5] - [2025-04-25]
10:24:08.412 [main] DEBUG org.hibernate.orm.results.loading.entity - (EntityResultInitializer) Done materializing entityInstance : org.frcpm.models.Project(959664696348900)#75
10:24:08.412 [main] DEBUG org.hibernate.orm.results.loading - Calling top-level assembler (0 / 1) : org.hibernate.sql.results.graph.entity.internal.EntityAssembler@668d631d
10:24:08.413 [main] DEBUG org.hibernate.orm.results - Extracted JDBC value [0] - [76]
10:24:08.413 [main] DEBUG org.hibernate.orm.results.loading.entity - (EntityResultInitializer) Hydrated EntityKey (org.frcpm.models.Project(959664696348900)): 76
10:24:08.413 [main] DEBUG org.hibernate.orm.results.loading.org.hibernate.orm.results.loading.collection - (DelayedCollectionInitializer) Current row collection key : org.frcpm.models.Project(959664696348900).meetings#76
10:24:08.413 [main] DEBUG org.hibernate.orm.results.loading.org.hibernate.orm.results.loading.collection - (DelayedCollectionInitializer) Current row collection key : org.frcpm.models.Project(959664696348900).milestones#76
10:24:08.413 [main] DEBUG org.hibernate.orm.results.loading.org.hibernate.orm.results.loading.collection - (DelayedCollectionInitializer) Current row collection key : org.frcpm.models.Project(959664696348900).tasks#76
10:24:08.413 [main] DEBUG org.hibernate.orm.results.loading.entity - (EntityResultInitializer) Created new entity instance [org.frcpm.models.Project(959664696348900)#76] : 1275939826
10:24:08.413 [main] DEBUG org.hibernate.orm.results - Extracted JDBC value [1] - [null]
10:24:08.413 [main] DEBUG org.hibernate.orm.results - Extracted JDBC value [2] - [2025-06-06]
10:24:08.413 [main] DEBUG org.hibernate.orm.results - Extracted JDBC value [3] - [2025-06-20]
10:24:08.413 [main] DEBUG org.hibernate.orm.results - Extracted JDBC value [4] - [Test Task Project]
10:24:08.413 [main] DEBUG org.hibernate.orm.results - Extracted JDBC value [5] - [2025-04-25]
10:24:08.413 [main] DEBUG org.hibernate.orm.results.loading.entity - (EntityResultInitializer) Done materializing entityInstance : org.frcpm.models.Project(959664696348900)#76
10:24:08.413 [main] DEBUG org.hibernate.orm.results.loading - Calling top-level assembler (0 / 1) : org.hibernate.sql.results.graph.entity.internal.EntityAssembler@668d631d
10:24:08.413 [main] DEBUG org.hibernate.orm.results - Extracted JDBC value [0] - [77]
10:24:08.413 [main] DEBUG org.hibernate.orm.results.loading.entity - (EntityResultInitializer) Hydrated EntityKey (org.frcpm.models.Project(959664696348900)): 77
10:24:08.413 [main] DEBUG org.hibernate.orm.results.loading.org.hibernate.orm.results.loading.collection - (DelayedCollectionInitializer) Current row collection key : org.frcpm.models.Project(959664696348900).meetings#77
10:24:08.413 [main] DEBUG org.hibernate.orm.results.loading.org.hibernate.orm.results.loading.collection - (DelayedCollectionInitializer) Current row collection key : org.frcpm.models.Project(959664696348900).milestones#77
10:24:08.413 [main] DEBUG org.hibernate.orm.results.loading.org.hibernate.orm.results.loading.collection - (DelayedCollectionInitializer) Current row collection key : org.frcpm.models.Project(959664696348900).tasks#77
10:24:08.413 [main] DEBUG org.hibernate.orm.results.loading.entity - (EntityResultInitializer) Created new entity instance [org.frcpm.models.Project(959664696348900)#77] : 425675326
10:24:08.413 [main] DEBUG org.hibernate.orm.results - Extracted JDBC value [1] - [null]
10:24:08.413 [main] DEBUG org.hibernate.orm.results - Extracted JDBC value [2] - [2025-06-06]
10:24:08.413 [main] DEBUG org.hibernate.orm.results - Extracted JDBC value [3] - [2025-06-20]
10:24:08.413 [main] DEBUG org.hibernate.orm.results - Extracted JDBC value [4] - [Test Task Project]
10:24:08.413 [main] DEBUG org.hibernate.orm.results - Extracted JDBC value [5] - [2025-04-25]
10:24:08.413 [main] DEBUG org.hibernate.orm.results.loading.entity - (EntityResultInitializer) Done materializing entityInstance : org.frcpm.models.Project(959664696348900)#77
10:24:08.413 [main] DEBUG org.hibernate.orm.results.loading - Calling top-level assembler (0 / 1) : org.hibernate.sql.results.graph.entity.internal.EntityAssembler@668d631d
10:24:08.413 [main] DEBUG org.hibernate.orm.results - Extracted JDBC value [0] - [78]
10:24:08.413 [main] DEBUG org.hibernate.orm.results.loading.entity - (EntityResultInitializer) Hydrated EntityKey (org.frcpm.models.Project(959664696348900)): 78
10:24:08.413 [main] DEBUG org.hibernate.orm.results.loading.org.hibernate.orm.results.loading.collection - (DelayedCollectionInitializer) Current row collection key : org.frcpm.models.Project(959664696348900).meetings#78
10:24:08.413 [main] DEBUG org.hibernate.orm.results.loading.org.hibernate.orm.results.loading.collection - (DelayedCollectionInitializer) Current row collection key : org.frcpm.models.Project(959664696348900).milestones#78
10:24:08.413 [main] DEBUG org.hibernate.orm.results.loading.org.hibernate.orm.results.loading.collection - (DelayedCollectionInitializer) Current row collection key : org.frcpm.models.Project(959664696348900).tasks#78
10:24:08.413 [main] DEBUG org.hibernate.orm.results.loading.entity - (EntityResultInitializer) Created new entity instance [org.frcpm.models.Project(959664696348900)#78] : 167051820
10:24:08.413 [main] DEBUG org.hibernate.orm.results - Extracted JDBC value [1] - [null]
10:24:08.413 [main] DEBUG org.hibernate.orm.results - Extracted JDBC value [2] - [2025-06-06]
10:24:08.413 [main] DEBUG org.hibernate.orm.results - Extracted JDBC value [3] - [2025-06-20]
10:24:08.413 [main] DEBUG org.hibernate.orm.results - Extracted JDBC value [4] - [Test Task Project]
10:24:08.413 [main] DEBUG org.hibernate.orm.results - Extracted JDBC value [5] - [2025-04-25]
10:24:08.413 [main] DEBUG org.hibernate.orm.results.loading.entity - (EntityResultInitializer) Done materializing entityInstance : org.frcpm.models.Project(959664696348900)#78
10:24:08.413 [main] DEBUG org.hibernate.orm.results.loading - Calling top-level assembler (0 / 1) : org.hibernate.sql.results.graph.entity.internal.EntityAssembler@668d631d
10:24:08.413 [main] DEBUG org.hibernate.orm.results - Extracted JDBC value [0] - [79]
10:24:08.413 [main] DEBUG org.hibernate.orm.results.loading.entity - (EntityResultInitializer) Hydrated EntityKey (org.frcpm.models.Project(959664696348900)): 79
10:24:08.413 [main] DEBUG org.hibernate.orm.results.loading.org.hibernate.orm.results.loading.collection - (DelayedCollectionInitializer) Current row collection key : org.frcpm.models.Project(959664696348900).meetings#79
10:24:08.413 [main] DEBUG org.hibernate.orm.results.loading.org.hibernate.orm.results.loading.collection - (DelayedCollectionInitializer) Current row collection key : org.frcpm.models.Project(959664696348900).milestones#79
10:24:08.413 [main] DEBUG org.hibernate.orm.results.loading.org.hibernate.orm.results.loading.collection - (DelayedCollectionInitializer) Current row collection key : org.frcpm.models.Project(959664696348900).tasks#79
10:24:08.413 [main] DEBUG org.hibernate.orm.results.loading.entity - (EntityResultInitializer) Created new entity instance [org.frcpm.models.Project(959664696348900)#79] : 665257448
10:24:08.413 [main] DEBUG org.hibernate.orm.results - Extracted JDBC value [1] - [null]
10:24:08.413 [main] DEBUG org.hibernate.orm.results - Extracted JDBC value [2] - [2025-06-06]
10:24:08.413 [main] DEBUG org.hibernate.orm.results - Extracted JDBC value [3] - [2025-06-20]
10:24:08.413 [main] DEBUG org.hibernate.orm.results - Extracted JDBC value [4] - [Test Task Project]
10:24:08.413 [main] DEBUG org.hibernate.orm.results - Extracted JDBC value [5] - [2025-04-25]
10:24:08.413 [main] DEBUG org.hibernate.orm.results.loading.entity - (EntityResultInitializer) Done materializing entityInstance : org.frcpm.models.Project(959664696348900)#79
10:24:08.413 [main] DEBUG org.hibernate.orm.results.loading - Calling top-level assembler (0 / 1) : org.hibernate.sql.results.graph.entity.internal.EntityAssembler@668d631d
10:24:08.413 [main] DEBUG org.hibernate.orm.results - Extracted JDBC value [0] - [80]
10:24:08.413 [main] DEBUG org.hibernate.orm.results.loading.entity - (EntityResultInitializer) Hydrated EntityKey (org.frcpm.models.Project(959664696348900)): 80
10:24:08.413 [main] DEBUG org.hibernate.orm.results.loading.org.hibernate.orm.results.loading.collection - (DelayedCollectionInitializer) Current row collection key : org.frcpm.models.Project(959664696348900).meetings#80
10:24:08.413 [main] DEBUG org.hibernate.orm.results.loading.org.hibernate.orm.results.loading.collection - (DelayedCollectionInitializer) Current row collection key : org.frcpm.models.Project(959664696348900).milestones#80
10:24:08.413 [main] DEBUG org.hibernate.orm.results.loading.org.hibernate.orm.results.loading.collection - (DelayedCollectionInitializer) Current row collection key : org.frcpm.models.Project(959664696348900).tasks#80
10:24:08.413 [main] DEBUG org.hibernate.orm.results.loading.entity - (EntityResultInitializer) Created new entity instance [org.frcpm.models.Project(959664696348900)#80] : 182479825
10:24:08.413 [main] DEBUG org.hibernate.orm.results - Extracted JDBC value [1] - [null]
10:24:08.413 [main] DEBUG org.hibernate.orm.results - Extracted JDBC value [2] - [2025-06-06]
10:24:08.413 [main] DEBUG org.hibernate.orm.results - Extracted JDBC value [3] - [2025-06-20]
10:24:08.413 [main] DEBUG org.hibernate.orm.results - Extracted JDBC value [4] - [Test Task Project]
10:24:08.413 [main] DEBUG org.hibernate.orm.results - Extracted JDBC value [5] - [2025-04-25]
10:24:08.413 [main] DEBUG org.hibernate.orm.results.loading.entity - (EntityResultInitializer) Done materializing entityInstance : org.frcpm.models.Project(959664696348900)#80
10:24:08.413 [main] DEBUG org.hibernate.orm.results.loading - Calling top-level assembler (0 / 1) : org.hibernate.sql.results.graph.entity.internal.EntityAssembler@668d631d
10:24:08.413 [main] DEBUG org.hibernate.orm.results - Extracted JDBC value [0] - [81]
10:24:08.413 [main] DEBUG org.hibernate.orm.results.loading.entity - (EntityResultInitializer) Hydrated EntityKey (org.frcpm.models.Project(959664696348900)): 81
10:24:08.413 [main] DEBUG org.hibernate.orm.results.loading.org.hibernate.orm.results.loading.collection - (DelayedCollectionInitializer) Current row collection key : org.frcpm.models.Project(959664696348900).meetings#81
10:24:08.413 [main] DEBUG org.hibernate.orm.results.loading.org.hibernate.orm.results.loading.collection - (DelayedCollectionInitializer) Current row collection key : org.frcpm.models.Project(959664696348900).milestones#81
10:24:08.413 [main] DEBUG org.hibernate.orm.results.loading.org.hibernate.orm.results.loading.collection - (DelayedCollectionInitializer) Current row collection key : org.frcpm.models.Project(959664696348900).tasks#81
10:24:08.413 [main] DEBUG org.hibernate.orm.results.loading.entity - (EntityResultInitializer) Created new entity instance [org.frcpm.models.Project(959664696348900)#81] : 1987826890
10:24:08.413 [main] DEBUG org.hibernate.orm.results - Extracted JDBC value [1] - [null]
10:24:08.413 [main] DEBUG org.hibernate.orm.results - Extracted JDBC value [2] - [2025-06-06]
10:24:08.413 [main] DEBUG org.hibernate.orm.results - Extracted JDBC value [3] - [2025-06-20]
10:24:08.413 [main] DEBUG org.hibernate.orm.results - Extracted JDBC value [4] - [Test Task Project]
10:24:08.413 [main] DEBUG org.hibernate.orm.results - Extracted JDBC value [5] - [2025-04-25]
10:24:08.413 [main] DEBUG org.hibernate.orm.results.loading.entity - (EntityResultInitializer) Done materializing entityInstance : org.frcpm.models.Project(959664696348900)#81
10:24:08.413 [main] DEBUG org.hibernate.orm.results.loading - Calling top-level assembler (0 / 1) : org.hibernate.sql.results.graph.entity.internal.EntityAssembler@668d631d
10:24:08.413 [main] DEBUG org.hibernate.orm.results - Extracted JDBC value [0] - [82]
10:24:08.413 [main] DEBUG org.hibernate.orm.results.loading.entity - (EntityResultInitializer) Hydrated EntityKey (org.frcpm.models.Project(959664696348900)): 82
10:24:08.413 [main] DEBUG org.hibernate.orm.results.loading.org.hibernate.orm.results.loading.collection - (DelayedCollectionInitializer) Current row collection key : org.frcpm.models.Project(959664696348900).meetings#82
10:24:08.413 [main] DEBUG org.hibernate.orm.results.loading.org.hibernate.orm.results.loading.collection - (DelayedCollectionInitializer) Current row collection key : org.frcpm.models.Project(959664696348900).milestones#82
10:24:08.413 [main] DEBUG org.hibernate.orm.results.loading.org.hibernate.orm.results.loading.collection - (DelayedCollectionInitializer) Current row collection key : org.frcpm.models.Project(959664696348900).tasks#82
10:24:08.413 [main] DEBUG org.hibernate.orm.results.loading.entity - (EntityResultInitializer) Created new entity instance [org.frcpm.models.Project(959664696348900)#82] : 2078164440
10:24:08.413 [main] DEBUG org.hibernate.orm.results - Extracted JDBC value [1] - [null]
10:24:08.413 [main] DEBUG org.hibernate.orm.results - Extracted JDBC value [2] - [2025-06-06]
10:24:08.413 [main] DEBUG org.hibernate.orm.results - Extracted JDBC value [3] - [2025-06-20]
10:24:08.413 [main] DEBUG org.hibernate.orm.results - Extracted JDBC value [4] - [Test Task Project]
10:24:08.413 [main] DEBUG org.hibernate.orm.results - Extracted JDBC value [5] - [2025-04-25]
10:24:08.413 [main] DEBUG org.hibernate.orm.results.loading.entity - (EntityResultInitializer) Done materializing entityInstance : org.frcpm.models.Project(959664696348900)#82
10:24:08.413 [main] DEBUG org.hibernate.orm.results.loading - Calling top-level assembler (0 / 1) : org.hibernate.sql.results.graph.entity.internal.EntityAssembler@668d631d
10:24:08.413 [main] DEBUG org.hibernate.orm.results - Extracted JDBC value [0] - [104]
10:24:08.413 [main] DEBUG org.hibernate.orm.results.loading.entity - (EntityResultInitializer) Hydrated EntityKey (org.frcpm.models.Project(959664696348900)): 104
10:24:08.413 [main] DEBUG org.hibernate.orm.results.loading.org.hibernate.orm.results.loading.collection - (DelayedCollectionInitializer) Current row collection key : org.frcpm.models.Project(959664696348900).meetings#104
10:24:08.413 [main] DEBUG org.hibernate.orm.results.loading.org.hibernate.orm.results.loading.collection - (DelayedCollectionInitializer) Current row collection key : org.frcpm.models.Project(959664696348900).milestones#104
10:24:08.413 [main] DEBUG org.hibernate.orm.results.loading.org.hibernate.orm.results.loading.collection - (DelayedCollectionInitializer) Current row collection key : org.frcpm.models.Project(959664696348900).tasks#104
10:24:08.413 [main] DEBUG org.hibernate.orm.results.loading.entity - (EntityResultInitializer) Created new entity instance [org.frcpm.models.Project(959664696348900)#104] : 162700500
10:24:08.413 [main] DEBUG org.hibernate.orm.results - Extracted JDBC value [1] - [null]
10:24:08.413 [main] DEBUG org.hibernate.orm.results - Extracted JDBC value [2] - [2025-06-06]
10:24:08.413 [main] DEBUG org.hibernate.orm.results - Extracted JDBC value [3] - [2025-06-20]
10:24:08.413 [main] DEBUG org.hibernate.orm.results - Extracted JDBC value [4] - [Component Test Project]
10:24:08.413 [main] DEBUG org.hibernate.orm.results - Extracted JDBC value [5] - [2025-04-25]
10:24:08.413 [main] DEBUG org.hibernate.orm.results.loading.entity - (EntityResultInitializer) Done materializing entityInstance : org.frcpm.models.Project(959664696348900)#104
10:24:08.413 [main] DEBUG org.hibernate.orm.results.loading - Calling top-level assembler (0 / 1) : org.hibernate.sql.results.graph.entity.internal.EntityAssembler@668d631d
10:24:08.413 [main] DEBUG org.hibernate.orm.results - Extracted JDBC value [0] - [135]
10:24:08.413 [main] DEBUG org.hibernate.orm.results.loading.entity - (EntityResultInitializer) Hydrated EntityKey (org.frcpm.models.Project(959664696348900)): 135
10:24:08.413 [main] DEBUG org.hibernate.orm.results.loading.org.hibernate.orm.results.loading.collection - (DelayedCollectionInitializer) Current row collection key : org.frcpm.models.Project(959664696348900).meetings#135
10:24:08.413 [main] DEBUG org.hibernate.orm.results.loading.org.hibernate.orm.results.loading.collection - (DelayedCollectionInitializer) Current row collection key : org.frcpm.models.Project(959664696348900).milestones#135
10:24:08.413 [main] DEBUG org.hibernate.orm.results.loading.org.hibernate.orm.results.loading.collection - (DelayedCollectionInitializer) Current row collection key : org.frcpm.models.Project(959664696348900).tasks#135
10:24:08.413 [main] DEBUG org.hibernate.orm.results.loading.entity - (EntityResultInitializer) Created new entity instance [org.frcpm.models.Project(959664696348900)#135] : 592883236
10:24:08.413 [main] DEBUG org.hibernate.orm.results - Extracted JDBC value [1] - [null]
10:24:08.413 [main] DEBUG org.hibernate.orm.results - Extracted JDBC value [2] - [2025-05-23]
10:24:08.413 [main] DEBUG org.hibernate.orm.results - Extracted JDBC value [3] - [2025-06-06]
10:24:08.413 [main] DEBUG org.hibernate.orm.results - Extracted JDBC value [4] - [Test Create Service Project]
10:24:08.413 [main] DEBUG org.hibernate.orm.results - Extracted JDBC value [5] - [2025-04-25]
10:24:08.413 [main] DEBUG org.hibernate.orm.results.loading.entity - (EntityResultInitializer) Done materializing entityInstance : org.frcpm.models.Project(959664696348900)#135
10:24:08.413 [main] DEBUG org.hibernate.orm.results.loading - Calling top-level assembler (0 / 1) : org.hibernate.sql.results.graph.entity.internal.EntityAssembler@668d631d
10:24:08.413 [main] DEBUG org.hibernate.orm.results - Extracted JDBC value [0] - [142]
10:24:08.413 [main] DEBUG org.hibernate.orm.results.loading.entity - (EntityResultInitializer) Hydrated EntityKey (org.frcpm.models.Project(959664696348900)): 142
10:24:08.413 [main] DEBUG org.hibernate.orm.results.loading.org.hibernate.orm.results.loading.collection - (DelayedCollectionInitializer) Current row collection key : org.frcpm.models.Project(959664696348900).meetings#142
10:24:08.413 [main] DEBUG org.hibernate.orm.results.loading.org.hibernate.orm.results.loading.collection - (DelayedCollectionInitializer) Current row collection key : org.frcpm.models.Project(959664696348900).milestones#142
10:24:08.413 [main] DEBUG org.hibernate.orm.results.loading.org.hibernate.orm.results.loading.collection - (DelayedCollectionInitializer) Current row collection key : org.frcpm.models.Project(959664696348900).tasks#142
10:24:08.413 [main] DEBUG org.hibernate.orm.results.loading.entity - (EntityResultInitializer) Created new entity instance [org.frcpm.models.Project(959664696348900)#142] : 455430043
10:24:08.413 [main] DEBUG org.hibernate.orm.results - Extracted JDBC value [1] - [Updated description]
10:24:08.413 [main] DEBUG org.hibernate.orm.results - Extracted JDBC value [2] - [2025-05-23]
10:24:08.413 [main] DEBUG org.hibernate.orm.results - Extracted JDBC value [3] - [2025-06-06]
10:24:08.413 [main] DEBUG org.hibernate.orm.results - Extracted JDBC value [4] - [Updated Service Project Name]
10:24:08.413 [main] DEBUG org.hibernate.orm.results - Extracted JDBC value [5] - [2025-04-25]
10:24:08.413 [main] DEBUG org.hibernate.orm.results.loading.entity - (EntityResultInitializer) Done materializing entityInstance : org.frcpm.models.Project(959664696348900)#142
10:24:08.413 [main] DEBUG org.hibernate.orm.results.loading - Calling top-level assembler (0 / 1) : org.hibernate.sql.results.graph.entity.internal.EntityAssembler@668d631d
10:24:08.413 [main] DEBUG org.hibernate.orm.results - Extracted JDBC value [0] - [148]
10:24:08.413 [main] DEBUG org.hibernate.orm.results.loading.entity - (EntityResultInitializer) Hydrated EntityKey (org.frcpm.models.Project(959664696348900)): 148
10:24:08.413 [main] DEBUG org.hibernate.orm.results.loading.org.hibernate.orm.results.loading.collection - (DelayedCollectionInitializer) Current row collection key : org.frcpm.models.Project(959664696348900).meetings#148
10:24:08.413 [main] DEBUG org.hibernate.orm.results.loading.org.hibernate.orm.results.loading.collection - (DelayedCollectionInitializer) Current row collection key : org.frcpm.models.Project(959664696348900).milestones#148
10:24:08.413 [main] DEBUG org.hibernate.orm.results.loading.org.hibernate.orm.results.loading.collection - (DelayedCollectionInitializer) Current row collection key : org.frcpm.models.Project(959664696348900).tasks#148
10:24:08.413 [main] DEBUG org.hibernate.orm.results.loading.entity - (EntityResultInitializer) Created new entity instance [org.frcpm.models.Project(959664696348900)#148] : 1960543066
10:24:08.413 [main] DEBUG org.hibernate.orm.results - Extracted JDBC value [1] - [null]
10:24:08.413 [main] DEBUG org.hibernate.orm.results - Extracted JDBC value [2] - [2025-05-23]
10:24:08.413 [main] DEBUG org.hibernate.orm.results - Extracted JDBC value [3] - [2025-06-06]
10:24:08.413 [main] DEBUG org.hibernate.orm.results - Extracted JDBC value [4] - [Test Summary Project]
10:24:08.413 [main] DEBUG org.hibernate.orm.results - Extracted JDBC value [5] - [2025-04-25]
10:24:08.413 [main] DEBUG org.hibernate.orm.results.loading.entity - (EntityResultInitializer) Done materializing entityInstance : org.frcpm.models.Project(959664696348900)#148
10:24:08.413 [main] DEBUG org.hibernate.orm.results.loading - Calling top-level assembler (0 / 1) : org.hibernate.sql.results.graph.entity.internal.EntityAssembler@668d631d
10:24:08.414 [main] DEBUG org.hibernate.resource.jdbc.internal.LogicalConnectionManagedImpl - Initiating JDBC connection release from afterTransaction
10:24:08.414 [main] DEBUG org.hibernate.resource.jdbc.internal.LogicalConnectionManagedImpl - Initiating JDBC connection release from afterTransaction
]]></system-out>
    <system-err><![CDATA[Apr 25, 2025 10:24:08 AM org.frcpm.controllers.ProjectController setupBindings
WARNING: UI components not initialized - likely in test environment
]]></system-err>
  </testcase>
  <testcase name="testGetProject" classname="org.frcpm.controllers.ProjectControllerTest" time="0.024">
    <system-out><![CDATA[10:24:08.424 [main] DEBUG org.hibernate.orm.sql.ast.create - Created new SQL alias : p1_0
10:24:08.424 [main] DEBUG org.hibernate.orm.sql.ast.create - Registration of TableGroup [StandardTableGroup(org.frcpm.models.Project(959664710490900))] with identifierForTableGroup [org.frcpm.models.Project] for NavigablePath [org.frcpm.models.Project] 
10:24:08.424 [main] DEBUG org.hibernate.orm.results.graph.AST - DomainResult Graph:
 \-EntityResultImpl [org.frcpm.models.Project(959664710490900)]
 |  +-BasicFetch [org.frcpm.models.Project(959664710490900).description]
 |  +-BasicFetch [org.frcpm.models.Project(959664710490900).goalEndDate]
 |  +-BasicFetch [org.frcpm.models.Project(959664710490900).hardDeadline]
 |  +-DelayedCollectionFetch [org.frcpm.models.Project(959664710490900).meetings]
 |  +-DelayedCollectionFetch [org.frcpm.models.Project(959664710490900).milestones]
 |  +-BasicFetch [org.frcpm.models.Project(959664710490900).name]
 |  +-BasicFetch [org.frcpm.models.Project(959664710490900).startDate]
 |  \-DelayedCollectionFetch [org.frcpm.models.Project(959664710490900).tasks]

10:24:08.424 [main] DEBUG org.hibernate.orm.sql.ast.tree - SQL AST Tree:
    SelectStatement {
      FromClause {
        StandardTableGroup (p1 : org.frcpm.models.Project(959664710490900)) {
          primaryTableReference : projects as p1_0
        }
      }
    }

10:24:08.425 [main] DEBUG org.hibernate.orm.sql.exec - Skipping reading Query result cache data: cache-enabled = false, cache-mode = NORMAL
10:24:08.425 [main] DEBUG org.hibernate.orm.results - Initializer list:
	  org.frcpm.models.Project(959664710490900).tasks -> DelayedCollectionInitializer(org.frcpm.models.Project(959664710490900).tasks)@1911904857 (PluralAttribute(org.frcpm.models.Project.tasks))
	  org.frcpm.models.Project(959664710490900) -> EntityResultInitializer(org.frcpm.models.Project(959664710490900))@1055384253 (SingleTableEntityPersister(org.frcpm.models.Project))
	  org.frcpm.models.Project(959664710490900).meetings -> DelayedCollectionInitializer(org.frcpm.models.Project(959664710490900).meetings)@2005342245 (PluralAttribute(org.frcpm.models.Project.meetings))
	  org.frcpm.models.Project(959664710490900).milestones -> DelayedCollectionInitializer(org.frcpm.models.Project(959664710490900).milestones)@315269352 (PluralAttribute(org.frcpm.models.Project.milestones))

10:24:08.425 [main] DEBUG org.hibernate.SQL - select p1_0.id,p1_0.description,p1_0.goal_end_date,p1_0.hard_deadline,p1_0.name,p1_0.start_date from projects p1_0
10:24:08.426 [main] DEBUG org.hibernate.orm.results - Extracted JDBC value [0] - [1]
10:24:08.426 [main] DEBUG org.hibernate.orm.results.loading.entity - (EntityResultInitializer) Hydrated EntityKey (org.frcpm.models.Project(959664710490900)): 1
10:24:08.426 [main] DEBUG org.hibernate.orm.results.loading.org.hibernate.orm.results.loading.collection - (DelayedCollectionInitializer) Current row collection key : org.frcpm.models.Project(959664710490900).meetings#1
10:24:08.426 [main] DEBUG org.hibernate.orm.results.loading.org.hibernate.orm.results.loading.collection - (DelayedCollectionInitializer) Current row collection key : org.frcpm.models.Project(959664710490900).milestones#1
10:24:08.426 [main] DEBUG org.hibernate.orm.results.loading.org.hibernate.orm.results.loading.collection - (DelayedCollectionInitializer) Current row collection key : org.frcpm.models.Project(959664710490900).tasks#1
10:24:08.426 [main] DEBUG org.hibernate.orm.results.loading.entity - (EntityResultInitializer) Created new entity instance [org.frcpm.models.Project(959664710490900)#1] : 130845174
10:24:08.426 [main] DEBUG org.hibernate.orm.results - Extracted JDBC value [1] - [Competition robot for the 2025 FIRST Robotics Competition]
10:24:08.426 [main] DEBUG org.hibernate.orm.results - Extracted JDBC value [2] - [2025-06-12]
10:24:08.426 [main] DEBUG org.hibernate.orm.results - Extracted JDBC value [3] - [2025-06-26]
10:24:08.426 [main] DEBUG org.hibernate.orm.results - Extracted JDBC value [4] - [FRC 2025 Robot]
10:24:08.426 [main] DEBUG org.hibernate.orm.results - Extracted JDBC value [5] - [2025-05-01]
10:24:08.426 [main] DEBUG org.hibernate.orm.results.loading.entity - (EntityResultInitializer) Done materializing entityInstance : org.frcpm.models.Project(959664710490900)#1
10:24:08.427 [main] DEBUG org.hibernate.orm.results.loading - Calling top-level assembler (0 / 1) : org.hibernate.sql.results.graph.entity.internal.EntityAssembler@3dc70c5a
10:24:08.427 [main] DEBUG org.hibernate.orm.results - Extracted JDBC value [0] - [51]
10:24:08.427 [main] DEBUG org.hibernate.orm.results.loading.entity - (EntityResultInitializer) Hydrated EntityKey (org.frcpm.models.Project(959664710490900)): 51
10:24:08.427 [main] DEBUG org.hibernate.orm.results.loading.org.hibernate.orm.results.loading.collection - (DelayedCollectionInitializer) Current row collection key : org.frcpm.models.Project(959664710490900).meetings#51
10:24:08.427 [main] DEBUG org.hibernate.orm.results.loading.org.hibernate.orm.results.loading.collection - (DelayedCollectionInitializer) Current row collection key : org.frcpm.models.Project(959664710490900).milestones#51
10:24:08.427 [main] DEBUG org.hibernate.orm.results.loading.org.hibernate.orm.results.loading.collection - (DelayedCollectionInitializer) Current row collection key : org.frcpm.models.Project(959664710490900).tasks#51
10:24:08.427 [main] DEBUG org.hibernate.orm.results.loading.entity - (EntityResultInitializer) Created new entity instance [org.frcpm.models.Project(959664710490900)#51] : 1221878121
10:24:08.427 [main] DEBUG org.hibernate.orm.results - Extracted JDBC value [1] - [null]
10:24:08.427 [main] DEBUG org.hibernate.orm.results - Extracted JDBC value [2] - [2025-05-23]
10:24:08.427 [main] DEBUG org.hibernate.orm.results - Extracted JDBC value [3] - [2025-06-06]
10:24:08.427 [main] DEBUG org.hibernate.orm.results - Extracted JDBC value [4] - [Test Count Project]
10:24:08.427 [main] DEBUG org.hibernate.orm.results - Extracted JDBC value [5] - [2025-04-25]
10:24:08.427 [main] DEBUG org.hibernate.orm.results.loading.entity - (EntityResultInitializer) Done materializing entityInstance : org.frcpm.models.Project(959664710490900)#51
10:24:08.427 [main] DEBUG org.hibernate.orm.results.loading - Calling top-level assembler (0 / 1) : org.hibernate.sql.results.graph.entity.internal.EntityAssembler@3dc70c5a
10:24:08.427 [main] DEBUG org.hibernate.orm.results - Extracted JDBC value [0] - [54]
10:24:08.427 [main] DEBUG org.hibernate.orm.results.loading.entity - (EntityResultInitializer) Hydrated EntityKey (org.frcpm.models.Project(959664710490900)): 54
10:24:08.427 [main] DEBUG org.hibernate.orm.results.loading.org.hibernate.orm.results.loading.collection - (DelayedCollectionInitializer) Current row collection key : org.frcpm.models.Project(959664710490900).meetings#54
10:24:08.427 [main] DEBUG org.hibernate.orm.results.loading.org.hibernate.orm.results.loading.collection - (DelayedCollectionInitializer) Current row collection key : org.frcpm.models.Project(959664710490900).milestones#54
10:24:08.427 [main] DEBUG org.hibernate.orm.results.loading.org.hibernate.orm.results.loading.collection - (DelayedCollectionInitializer) Current row collection key : org.frcpm.models.Project(959664710490900).tasks#54
10:24:08.427 [main] DEBUG org.hibernate.orm.results.loading.entity - (EntityResultInitializer) Created new entity instance [org.frcpm.models.Project(959664710490900)#54] : 1875108606
10:24:08.427 [main] DEBUG org.hibernate.orm.results - Extracted JDBC value [1] - [Test save description]
10:24:08.427 [main] DEBUG org.hibernate.orm.results - Extracted JDBC value [2] - [2025-05-23]
10:24:08.427 [main] DEBUG org.hibernate.orm.results - Extracted JDBC value [3] - [2025-06-06]
10:24:08.427 [main] DEBUG org.hibernate.orm.results - Extracted JDBC value [4] - [Test Save Project]
10:24:08.427 [main] DEBUG org.hibernate.orm.results - Extracted JDBC value [5] - [2025-04-25]
10:24:08.427 [main] DEBUG org.hibernate.orm.results.loading.entity - (EntityResultInitializer) Done materializing entityInstance : org.frcpm.models.Project(959664710490900)#54
10:24:08.427 [main] DEBUG org.hibernate.orm.results.loading - Calling top-level assembler (0 / 1) : org.hibernate.sql.results.graph.entity.internal.EntityAssembler@3dc70c5a
10:24:08.427 [main] DEBUG org.hibernate.orm.results - Extracted JDBC value [0] - [69]
10:24:08.427 [main] DEBUG org.hibernate.orm.results.loading.entity - (EntityResultInitializer) Hydrated EntityKey (org.frcpm.models.Project(959664710490900)): 69
10:24:08.427 [main] DEBUG org.hibernate.orm.results.loading.org.hibernate.orm.results.loading.collection - (DelayedCollectionInitializer) Current row collection key : org.frcpm.models.Project(959664710490900).meetings#69
10:24:08.427 [main] DEBUG org.hibernate.orm.results.loading.org.hibernate.orm.results.loading.collection - (DelayedCollectionInitializer) Current row collection key : org.frcpm.models.Project(959664710490900).milestones#69
10:24:08.427 [main] DEBUG org.hibernate.orm.results.loading.org.hibernate.orm.results.loading.collection - (DelayedCollectionInitializer) Current row collection key : org.frcpm.models.Project(959664710490900).tasks#69
10:24:08.427 [main] DEBUG org.hibernate.orm.results.loading.entity - (EntityResultInitializer) Created new entity instance [org.frcpm.models.Project(959664710490900)#69] : 857101167
10:24:08.427 [main] DEBUG org.hibernate.orm.results - Extracted JDBC value [1] - [null]
10:24:08.428 [main] DEBUG org.hibernate.orm.results - Extracted JDBC value [2] - [2025-05-23]
10:24:08.428 [main] DEBUG org.hibernate.orm.results - Extracted JDBC value [3] - [2025-06-06]
10:24:08.428 [main] DEBUG org.hibernate.orm.results - Extracted JDBC value [4] - [Updated Project Name]
10:24:08.428 [main] DEBUG org.hibernate.orm.results - Extracted JDBC value [5] - [2025-04-25]
10:24:08.428 [main] DEBUG org.hibernate.orm.results.loading.entity - (EntityResultInitializer) Done materializing entityInstance : org.frcpm.models.Project(959664710490900)#69
10:24:08.428 [main] DEBUG org.hibernate.orm.results.loading - Calling top-level assembler (0 / 1) : org.hibernate.sql.results.graph.entity.internal.EntityAssembler@3dc70c5a
10:24:08.428 [main] DEBUG org.hibernate.orm.results - Extracted JDBC value [0] - [70]
10:24:08.428 [main] DEBUG org.hibernate.orm.results.loading.entity - (EntityResultInitializer) Hydrated EntityKey (org.frcpm.models.Project(959664710490900)): 70
10:24:08.428 [main] DEBUG org.hibernate.orm.results.loading.org.hibernate.orm.results.loading.collection - (DelayedCollectionInitializer) Current row collection key : org.frcpm.models.Project(959664710490900).meetings#70
10:24:08.428 [main] DEBUG org.hibernate.orm.results.loading.org.hibernate.orm.results.loading.collection - (DelayedCollectionInitializer) Current row collection key : org.frcpm.models.Project(959664710490900).milestones#70
10:24:08.428 [main] DEBUG org.hibernate.orm.results.loading.org.hibernate.orm.results.loading.collection - (DelayedCollectionInitializer) Current row collection key : org.frcpm.models.Project(959664710490900).tasks#70
10:24:08.428 [main] DEBUG org.hibernate.orm.results.loading.entity - (EntityResultInitializer) Created new entity instance [org.frcpm.models.Project(959664710490900)#70] : 1389856922
10:24:08.428 [main] DEBUG org.hibernate.orm.results - Extracted JDBC value [1] - [null]
10:24:08.428 [main] DEBUG org.hibernate.orm.results - Extracted JDBC value [2] - [2025-06-06]
10:24:08.428 [main] DEBUG org.hibernate.orm.results - Extracted JDBC value [3] - [2025-06-20]
10:24:08.428 [main] DEBUG org.hibernate.orm.results - Extracted JDBC value [4] - [Test Task Project]
10:24:08.428 [main] DEBUG org.hibernate.orm.results - Extracted JDBC value [5] - [2025-04-25]
10:24:08.428 [main] DEBUG org.hibernate.orm.results.loading.entity - (EntityResultInitializer) Done materializing entityInstance : org.frcpm.models.Project(959664710490900)#70
10:24:08.428 [main] DEBUG org.hibernate.orm.results.loading - Calling top-level assembler (0 / 1) : org.hibernate.sql.results.graph.entity.internal.EntityAssembler@3dc70c5a
10:24:08.428 [main] DEBUG org.hibernate.orm.results - Extracted JDBC value [0] - [71]
10:24:08.428 [main] DEBUG org.hibernate.orm.results.loading.entity - (EntityResultInitializer) Hydrated EntityKey (org.frcpm.models.Project(959664710490900)): 71
10:24:08.428 [main] DEBUG org.hibernate.orm.results.loading.org.hibernate.orm.results.loading.collection - (DelayedCollectionInitializer) Current row collection key : org.frcpm.models.Project(959664710490900).meetings#71
10:24:08.428 [main] DEBUG org.hibernate.orm.results.loading.org.hibernate.orm.results.loading.collection - (DelayedCollectionInitializer) Current row collection key : org.frcpm.models.Project(959664710490900).milestones#71
10:24:08.428 [main] DEBUG org.hibernate.orm.results.loading.org.hibernate.orm.results.loading.collection - (DelayedCollectionInitializer) Current row collection key : org.frcpm.models.Project(959664710490900).tasks#71
10:24:08.428 [main] DEBUG org.hibernate.orm.results.loading.entity - (EntityResultInitializer) Created new entity instance [org.frcpm.models.Project(959664710490900)#71] : 223685823
10:24:08.428 [main] DEBUG org.hibernate.orm.results - Extracted JDBC value [1] - [null]
10:24:08.428 [main] DEBUG org.hibernate.orm.results - Extracted JDBC value [2] - [2025-06-06]
10:24:08.428 [main] DEBUG org.hibernate.orm.results - Extracted JDBC value [3] - [2025-06-20]
10:24:08.428 [main] DEBUG org.hibernate.orm.results - Extracted JDBC value [4] - [Test Task Project]
10:24:08.428 [main] DEBUG org.hibernate.orm.results - Extracted JDBC value [5] - [2025-04-25]
10:24:08.428 [main] DEBUG org.hibernate.orm.results.loading.entity - (EntityResultInitializer) Done materializing entityInstance : org.frcpm.models.Project(959664710490900)#71
10:24:08.428 [main] DEBUG org.hibernate.orm.results.loading - Calling top-level assembler (0 / 1) : org.hibernate.sql.results.graph.entity.internal.EntityAssembler@3dc70c5a
10:24:08.428 [main] DEBUG org.hibernate.orm.results - Extracted JDBC value [0] - [72]
10:24:08.428 [main] DEBUG org.hibernate.orm.results.loading.entity - (EntityResultInitializer) Hydrated EntityKey (org.frcpm.models.Project(959664710490900)): 72
10:24:08.428 [main] DEBUG org.hibernate.orm.results.loading.org.hibernate.orm.results.loading.collection - (DelayedCollectionInitializer) Current row collection key : org.frcpm.models.Project(959664710490900).meetings#72
10:24:08.428 [main] DEBUG org.hibernate.orm.results.loading.org.hibernate.orm.results.loading.collection - (DelayedCollectionInitializer) Current row collection key : org.frcpm.models.Project(959664710490900).milestones#72
10:24:08.428 [main] DEBUG org.hibernate.orm.results.loading.org.hibernate.orm.results.loading.collection - (DelayedCollectionInitializer) Current row collection key : org.frcpm.models.Project(959664710490900).tasks#72
10:24:08.428 [main] DEBUG org.hibernate.orm.results.loading.entity - (EntityResultInitializer) Created new entity instance [org.frcpm.models.Project(959664710490900)#72] : 1729548294
10:24:08.428 [main] DEBUG org.hibernate.orm.results - Extracted JDBC value [1] - [null]
10:24:08.428 [main] DEBUG org.hibernate.orm.results - Extracted JDBC value [2] - [2025-06-06]
10:24:08.428 [main] DEBUG org.hibernate.orm.results - Extracted JDBC value [3] - [2025-06-20]
10:24:08.428 [main] DEBUG org.hibernate.orm.results - Extracted JDBC value [4] - [Test Task Project]
10:24:08.428 [main] DEBUG org.hibernate.orm.results - Extracted JDBC value [5] - [2025-04-25]
10:24:08.428 [main] DEBUG org.hibernate.orm.results.loading.entity - (EntityResultInitializer) Done materializing entityInstance : org.frcpm.models.Project(959664710490900)#72
10:24:08.428 [main] DEBUG org.hibernate.orm.results.loading - Calling top-level assembler (0 / 1) : org.hibernate.sql.results.graph.entity.internal.EntityAssembler@3dc70c5a
10:24:08.428 [main] DEBUG org.hibernate.orm.results - Extracted JDBC value [0] - [73]
10:24:08.428 [main] DEBUG org.hibernate.orm.results.loading.entity - (EntityResultInitializer) Hydrated EntityKey (org.frcpm.models.Project(959664710490900)): 73
10:24:08.428 [main] DEBUG org.hibernate.orm.results.loading.org.hibernate.orm.results.loading.collection - (DelayedCollectionInitializer) Current row collection key : org.frcpm.models.Project(959664710490900).meetings#73
10:24:08.429 [main] DEBUG org.hibernate.orm.results.loading.org.hibernate.orm.results.loading.collection - (DelayedCollectionInitializer) Current row collection key : org.frcpm.models.Project(959664710490900).milestones#73
10:24:08.429 [main] DEBUG org.hibernate.orm.results.loading.org.hibernate.orm.results.loading.collection - (DelayedCollectionInitializer) Current row collection key : org.frcpm.models.Project(959664710490900).tasks#73
10:24:08.429 [main] DEBUG org.hibernate.orm.results.loading.entity - (EntityResultInitializer) Created new entity instance [org.frcpm.models.Project(959664710490900)#73] : 1151089812
10:24:08.429 [main] DEBUG org.hibernate.orm.results - Extracted JDBC value [1] - [null]
10:24:08.429 [main] DEBUG org.hibernate.orm.results - Extracted JDBC value [2] - [2025-06-06]
10:24:08.429 [main] DEBUG org.hibernate.orm.results - Extracted JDBC value [3] - [2025-06-20]
10:24:08.429 [main] DEBUG org.hibernate.orm.results - Extracted JDBC value [4] - [Test Task Project]
10:24:08.429 [main] DEBUG org.hibernate.orm.results - Extracted JDBC value [5] - [2025-04-25]
10:24:08.429 [main] DEBUG org.hibernate.orm.results.loading.entity - (EntityResultInitializer) Done materializing entityInstance : org.frcpm.models.Project(959664710490900)#73
10:24:08.429 [main] DEBUG org.hibernate.orm.results.loading - Calling top-level assembler (0 / 1) : org.hibernate.sql.results.graph.entity.internal.EntityAssembler@3dc70c5a
10:24:08.429 [main] DEBUG org.hibernate.orm.results - Extracted JDBC value [0] - [74]
10:24:08.429 [main] DEBUG org.hibernate.orm.results.loading.entity - (EntityResultInitializer) Hydrated EntityKey (org.frcpm.models.Project(959664710490900)): 74
10:24:08.429 [main] DEBUG org.hibernate.orm.results.loading.org.hibernate.orm.results.loading.collection - (DelayedCollectionInitializer) Current row collection key : org.frcpm.models.Project(959664710490900).meetings#74
10:24:08.429 [main] DEBUG org.hibernate.orm.results.loading.org.hibernate.orm.results.loading.collection - (DelayedCollectionInitializer) Current row collection key : org.frcpm.models.Project(959664710490900).milestones#74
10:24:08.429 [main] DEBUG org.hibernate.orm.results.loading.org.hibernate.orm.results.loading.collection - (DelayedCollectionInitializer) Current row collection key : org.frcpm.models.Project(959664710490900).tasks#74
10:24:08.429 [main] DEBUG org.hibernate.orm.results.loading.entity - (EntityResultInitializer) Created new entity instance [org.frcpm.models.Project(959664710490900)#74] : 485922587
10:24:08.429 [main] DEBUG org.hibernate.orm.results - Extracted JDBC value [1] - [null]
10:24:08.429 [main] DEBUG org.hibernate.orm.results - Extracted JDBC value [2] - [2025-06-06]
10:24:08.429 [main] DEBUG org.hibernate.orm.results - Extracted JDBC value [3] - [2025-06-20]
10:24:08.429 [main] DEBUG org.hibernate.orm.results - Extracted JDBC value [4] - [Test Task Project]
10:24:08.429 [main] DEBUG org.hibernate.orm.results - Extracted JDBC value [5] - [2025-04-25]
10:24:08.429 [main] DEBUG org.hibernate.orm.results.loading.entity - (EntityResultInitializer) Done materializing entityInstance : org.frcpm.models.Project(959664710490900)#74
10:24:08.429 [main] DEBUG org.hibernate.orm.results.loading - Calling top-level assembler (0 / 1) : org.hibernate.sql.results.graph.entity.internal.EntityAssembler@3dc70c5a
10:24:08.429 [main] DEBUG org.hibernate.orm.results - Extracted JDBC value [0] - [75]
10:24:08.429 [main] DEBUG org.hibernate.orm.results.loading.entity - (EntityResultInitializer) Hydrated EntityKey (org.frcpm.models.Project(959664710490900)): 75
10:24:08.429 [main] DEBUG org.hibernate.orm.results.loading.org.hibernate.orm.results.loading.collection - (DelayedCollectionInitializer) Current row collection key : org.frcpm.models.Project(959664710490900).meetings#75
10:24:08.429 [main] DEBUG org.hibernate.orm.results.loading.org.hibernate.orm.results.loading.collection - (DelayedCollectionInitializer) Current row collection key : org.frcpm.models.Project(959664710490900).milestones#75
10:24:08.429 [main] DEBUG org.hibernate.orm.results.loading.org.hibernate.orm.results.loading.collection - (DelayedCollectionInitializer) Current row collection key : org.frcpm.models.Project(959664710490900).tasks#75
10:24:08.429 [main] DEBUG org.hibernate.orm.results.loading.entity - (EntityResultInitializer) Created new entity instance [org.frcpm.models.Project(959664710490900)#75] : 1216067280
10:24:08.429 [main] DEBUG org.hibernate.orm.results - Extracted JDBC value [1] - [null]
10:24:08.429 [main] DEBUG org.hibernate.orm.results - Extracted JDBC value [2] - [2025-06-06]
10:24:08.429 [main] DEBUG org.hibernate.orm.results - Extracted JDBC value [3] - [2025-06-20]
10:24:08.429 [main] DEBUG org.hibernate.orm.results - Extracted JDBC value [4] - [Test Task Project]
10:24:08.429 [main] DEBUG org.hibernate.orm.results - Extracted JDBC value [5] - [2025-04-25]
10:24:08.429 [main] DEBUG org.hibernate.orm.results.loading.entity - (EntityResultInitializer) Done materializing entityInstance : org.frcpm.models.Project(959664710490900)#75
10:24:08.429 [main] DEBUG org.hibernate.orm.results.loading - Calling top-level assembler (0 / 1) : org.hibernate.sql.results.graph.entity.internal.EntityAssembler@3dc70c5a
10:24:08.429 [main] DEBUG org.hibernate.orm.results - Extracted JDBC value [0] - [76]
10:24:08.429 [main] DEBUG org.hibernate.orm.results.loading.entity - (EntityResultInitializer) Hydrated EntityKey (org.frcpm.models.Project(959664710490900)): 76
10:24:08.429 [main] DEBUG org.hibernate.orm.results.loading.org.hibernate.orm.results.loading.collection - (DelayedCollectionInitializer) Current row collection key : org.frcpm.models.Project(959664710490900).meetings#76
10:24:08.429 [main] DEBUG org.hibernate.orm.results.loading.org.hibernate.orm.results.loading.collection - (DelayedCollectionInitializer) Current row collection key : org.frcpm.models.Project(959664710490900).milestones#76
10:24:08.429 [main] DEBUG org.hibernate.orm.results.loading.org.hibernate.orm.results.loading.collection - (DelayedCollectionInitializer) Current row collection key : org.frcpm.models.Project(959664710490900).tasks#76
10:24:08.430 [main] DEBUG org.hibernate.orm.results.loading.entity - (EntityResultInitializer) Created new entity instance [org.frcpm.models.Project(959664710490900)#76] : 4712726
10:24:08.430 [main] DEBUG org.hibernate.orm.results - Extracted JDBC value [1] - [null]
10:24:08.430 [main] DEBUG org.hibernate.orm.results - Extracted JDBC value [2] - [2025-06-06]
10:24:08.430 [main] DEBUG org.hibernate.orm.results - Extracted JDBC value [3] - [2025-06-20]
10:24:08.430 [main] DEBUG org.hibernate.orm.results - Extracted JDBC value [4] - [Test Task Project]
10:24:08.430 [main] DEBUG org.hibernate.orm.results - Extracted JDBC value [5] - [2025-04-25]
10:24:08.430 [main] DEBUG org.hibernate.orm.results.loading.entity - (EntityResultInitializer) Done materializing entityInstance : org.frcpm.models.Project(959664710490900)#76
10:24:08.430 [main] DEBUG org.hibernate.orm.results.loading - Calling top-level assembler (0 / 1) : org.hibernate.sql.results.graph.entity.internal.EntityAssembler@3dc70c5a
10:24:08.430 [main] DEBUG org.hibernate.orm.results - Extracted JDBC value [0] - [77]
10:24:08.430 [main] DEBUG org.hibernate.orm.results.loading.entity - (EntityResultInitializer) Hydrated EntityKey (org.frcpm.models.Project(959664710490900)): 77
10:24:08.430 [main] DEBUG org.hibernate.orm.results.loading.org.hibernate.orm.results.loading.collection - (DelayedCollectionInitializer) Current row collection key : org.frcpm.models.Project(959664710490900).meetings#77
10:24:08.430 [main] DEBUG org.hibernate.orm.results.loading.org.hibernate.orm.results.loading.collection - (DelayedCollectionInitializer) Current row collection key : org.frcpm.models.Project(959664710490900).milestones#77
10:24:08.430 [main] DEBUG org.hibernate.orm.results.loading.org.hibernate.orm.results.loading.collection - (DelayedCollectionInitializer) Current row collection key : org.frcpm.models.Project(959664710490900).tasks#77
10:24:08.430 [main] DEBUG org.hibernate.orm.results.loading.entity - (EntityResultInitializer) Created new entity instance [org.frcpm.models.Project(959664710490900)#77] : 1894620287
10:24:08.430 [main] DEBUG org.hibernate.orm.results - Extracted JDBC value [1] - [null]
10:24:08.430 [main] DEBUG org.hibernate.orm.results - Extracted JDBC value [2] - [2025-06-06]
10:24:08.430 [main] DEBUG org.hibernate.orm.results - Extracted JDBC value [3] - [2025-06-20]
10:24:08.430 [main] DEBUG org.hibernate.orm.results - Extracted JDBC value [4] - [Test Task Project]
10:24:08.431 [main] DEBUG org.hibernate.orm.results - Extracted JDBC value [5] - [2025-04-25]
10:24:08.431 [main] DEBUG org.hibernate.orm.results.loading.entity - (EntityResultInitializer) Done materializing entityInstance : org.frcpm.models.Project(959664710490900)#77
10:24:08.432 [main] DEBUG org.hibernate.orm.results.loading - Calling top-level assembler (0 / 1) : org.hibernate.sql.results.graph.entity.internal.EntityAssembler@3dc70c5a
10:24:08.432 [main] DEBUG org.hibernate.orm.results - Extracted JDBC value [0] - [78]
10:24:08.432 [main] DEBUG org.hibernate.orm.results.loading.entity - (EntityResultInitializer) Hydrated EntityKey (org.frcpm.models.Project(959664710490900)): 78
10:24:08.432 [main] DEBUG org.hibernate.orm.results.loading.org.hibernate.orm.results.loading.collection - (DelayedCollectionInitializer) Current row collection key : org.frcpm.models.Project(959664710490900).meetings#78
10:24:08.432 [main] DEBUG org.hibernate.orm.results.loading.org.hibernate.orm.results.loading.collection - (DelayedCollectionInitializer) Current row collection key : org.frcpm.models.Project(959664710490900).milestones#78
10:24:08.432 [main] DEBUG org.hibernate.orm.results.loading.org.hibernate.orm.results.loading.collection - (DelayedCollectionInitializer) Current row collection key : org.frcpm.models.Project(959664710490900).tasks#78
10:24:08.432 [main] DEBUG org.hibernate.orm.results.loading.entity - (EntityResultInitializer) Created new entity instance [org.frcpm.models.Project(959664710490900)#78] : 272396412
10:24:08.433 [main] DEBUG org.hibernate.orm.results - Extracted JDBC value [1] - [null]
10:24:08.434 [main] DEBUG org.hibernate.orm.results - Extracted JDBC value [2] - [2025-06-06]
10:24:08.434 [main] DEBUG org.hibernate.orm.results - Extracted JDBC value [3] - [2025-06-20]
10:24:08.434 [main] DEBUG org.hibernate.orm.results - Extracted JDBC value [4] - [Test Task Project]
10:24:08.434 [main] DEBUG org.hibernate.orm.results - Extracted JDBC value [5] - [2025-04-25]
10:24:08.434 [main] DEBUG org.hibernate.orm.results.loading.entity - (EntityResultInitializer) Done materializing entityInstance : org.frcpm.models.Project(959664710490900)#78
10:24:08.435 [main] DEBUG org.hibernate.orm.results.loading - Calling top-level assembler (0 / 1) : org.hibernate.sql.results.graph.entity.internal.EntityAssembler@3dc70c5a
10:24:08.435 [main] DEBUG org.hibernate.orm.results - Extracted JDBC value [0] - [79]
10:24:08.435 [main] DEBUG org.hibernate.orm.results.loading.entity - (EntityResultInitializer) Hydrated EntityKey (org.frcpm.models.Project(959664710490900)): 79
10:24:08.435 [main] DEBUG org.hibernate.orm.results.loading.org.hibernate.orm.results.loading.collection - (DelayedCollectionInitializer) Current row collection key : org.frcpm.models.Project(959664710490900).meetings#79
10:24:08.435 [main] DEBUG org.hibernate.orm.results.loading.org.hibernate.orm.results.loading.collection - (DelayedCollectionInitializer) Current row collection key : org.frcpm.models.Project(959664710490900).milestones#79
10:24:08.435 [main] DEBUG org.hibernate.orm.results.loading.org.hibernate.orm.results.loading.collection - (DelayedCollectionInitializer) Current row collection key : org.frcpm.models.Project(959664710490900).tasks#79
10:24:08.435 [main] DEBUG org.hibernate.orm.results.loading.entity - (EntityResultInitializer) Created new entity instance [org.frcpm.models.Project(959664710490900)#79] : 1840257862
10:24:08.435 [main] DEBUG org.hibernate.orm.results - Extracted JDBC value [1] - [null]
10:24:08.435 [main] DEBUG org.hibernate.orm.results - Extracted JDBC value [2] - [2025-06-06]
10:24:08.435 [main] DEBUG org.hibernate.orm.results - Extracted JDBC value [3] - [2025-06-20]
10:24:08.435 [main] DEBUG org.hibernate.orm.results - Extracted JDBC value [4] - [Test Task Project]
10:24:08.435 [main] DEBUG org.hibernate.orm.results - Extracted JDBC value [5] - [2025-04-25]
10:24:08.435 [main] DEBUG org.hibernate.orm.results.loading.entity - (EntityResultInitializer) Done materializing entityInstance : org.frcpm.models.Project(959664710490900)#79
10:24:08.435 [main] DEBUG org.hibernate.orm.results.loading - Calling top-level assembler (0 / 1) : org.hibernate.sql.results.graph.entity.internal.EntityAssembler@3dc70c5a
10:24:08.435 [main] DEBUG org.hibernate.orm.results - Extracted JDBC value [0] - [80]
10:24:08.435 [main] DEBUG org.hibernate.orm.results.loading.entity - (EntityResultInitializer) Hydrated EntityKey (org.frcpm.models.Project(959664710490900)): 80
10:24:08.435 [main] DEBUG org.hibernate.orm.results.loading.org.hibernate.orm.results.loading.collection - (DelayedCollectionInitializer) Current row collection key : org.frcpm.models.Project(959664710490900).meetings#80
10:24:08.435 [main] DEBUG org.hibernate.orm.results.loading.org.hibernate.orm.results.loading.collection - (DelayedCollectionInitializer) Current row collection key : org.frcpm.models.Project(959664710490900).milestones#80
10:24:08.435 [main] DEBUG org.hibernate.orm.results.loading.org.hibernate.orm.results.loading.collection - (DelayedCollectionInitializer) Current row collection key : org.frcpm.models.Project(959664710490900).tasks#80
10:24:08.435 [main] DEBUG org.hibernate.orm.results.loading.entity - (EntityResultInitializer) Created new entity instance [org.frcpm.models.Project(959664710490900)#80] : 726765469
10:24:08.436 [main] DEBUG org.hibernate.orm.results - Extracted JDBC value [1] - [null]
10:24:08.436 [main] DEBUG org.hibernate.orm.results - Extracted JDBC value [2] - [2025-06-06]
10:24:08.436 [main] DEBUG org.hibernate.orm.results - Extracted JDBC value [3] - [2025-06-20]
10:24:08.436 [main] DEBUG org.hibernate.orm.results - Extracted JDBC value [4] - [Test Task Project]
10:24:08.436 [main] DEBUG org.hibernate.orm.results - Extracted JDBC value [5] - [2025-04-25]
10:24:08.436 [main] DEBUG org.hibernate.orm.results.loading.entity - (EntityResultInitializer) Done materializing entityInstance : org.frcpm.models.Project(959664710490900)#80
10:24:08.436 [main] DEBUG org.hibernate.orm.results.loading - Calling top-level assembler (0 / 1) : org.hibernate.sql.results.graph.entity.internal.EntityAssembler@3dc70c5a
10:24:08.436 [main] DEBUG org.hibernate.orm.results - Extracted JDBC value [0] - [81]
10:24:08.436 [main] DEBUG org.hibernate.orm.results.loading.entity - (EntityResultInitializer) Hydrated EntityKey (org.frcpm.models.Project(959664710490900)): 81
10:24:08.436 [main] DEBUG org.hibernate.orm.results.loading.org.hibernate.orm.results.loading.collection - (DelayedCollectionInitializer) Current row collection key : org.frcpm.models.Project(959664710490900).meetings#81
10:24:08.436 [main] DEBUG org.hibernate.orm.results.loading.org.hibernate.orm.results.loading.collection - (DelayedCollectionInitializer) Current row collection key : org.frcpm.models.Project(959664710490900).milestones#81
10:24:08.436 [main] DEBUG org.hibernate.orm.results.loading.org.hibernate.orm.results.loading.collection - (DelayedCollectionInitializer) Current row collection key : org.frcpm.models.Project(959664710490900).tasks#81
10:24:08.436 [main] DEBUG org.hibernate.orm.results.loading.entity - (EntityResultInitializer) Created new entity instance [org.frcpm.models.Project(959664710490900)#81] : 699092896
10:24:08.436 [main] DEBUG org.hibernate.orm.results - Extracted JDBC value [1] - [null]
10:24:08.436 [main] DEBUG org.hibernate.orm.results - Extracted JDBC value [2] - [2025-06-06]
10:24:08.436 [main] DEBUG org.hibernate.orm.results - Extracted JDBC value [3] - [2025-06-20]
10:24:08.436 [main] DEBUG org.hibernate.orm.results - Extracted JDBC value [4] - [Test Task Project]
10:24:08.436 [main] DEBUG org.hibernate.orm.results - Extracted JDBC value [5] - [2025-04-25]
10:24:08.436 [main] DEBUG org.hibernate.orm.results.loading.entity - (EntityResultInitializer) Done materializing entityInstance : org.frcpm.models.Project(959664710490900)#81
10:24:08.436 [main] DEBUG org.hibernate.orm.results.loading - Calling top-level assembler (0 / 1) : org.hibernate.sql.results.graph.entity.internal.EntityAssembler@3dc70c5a
10:24:08.437 [main] DEBUG org.hibernate.orm.results - Extracted JDBC value [0] - [82]
10:24:08.437 [main] DEBUG org.hibernate.orm.results.loading.entity - (EntityResultInitializer) Hydrated EntityKey (org.frcpm.models.Project(959664710490900)): 82
10:24:08.437 [main] DEBUG org.hibernate.orm.results.loading.org.hibernate.orm.results.loading.collection - (DelayedCollectionInitializer) Current row collection key : org.frcpm.models.Project(959664710490900).meetings#82
10:24:08.437 [main] DEBUG org.hibernate.orm.results.loading.org.hibernate.orm.results.loading.collection - (DelayedCollectionInitializer) Current row collection key : org.frcpm.models.Project(959664710490900).milestones#82
10:24:08.437 [main] DEBUG org.hibernate.orm.results.loading.org.hibernate.orm.results.loading.collection - (DelayedCollectionInitializer) Current row collection key : org.frcpm.models.Project(959664710490900).tasks#82
10:24:08.437 [main] DEBUG org.hibernate.orm.results.loading.entity - (EntityResultInitializer) Created new entity instance [org.frcpm.models.Project(959664710490900)#82] : 1400487587
10:24:08.437 [main] DEBUG org.hibernate.orm.results - Extracted JDBC value [1] - [null]
10:24:08.437 [main] DEBUG org.hibernate.orm.results - Extracted JDBC value [2] - [2025-06-06]
10:24:08.437 [main] DEBUG org.hibernate.orm.results - Extracted JDBC value [3] - [2025-06-20]
10:24:08.437 [main] DEBUG org.hibernate.orm.results - Extracted JDBC value [4] - [Test Task Project]
10:24:08.437 [main] DEBUG org.hibernate.orm.results - Extracted JDBC value [5] - [2025-04-25]
10:24:08.437 [main] DEBUG org.hibernate.orm.results.loading.entity - (EntityResultInitializer) Done materializing entityInstance : org.frcpm.models.Project(959664710490900)#82
10:24:08.437 [main] DEBUG org.hibernate.orm.results.loading - Calling top-level assembler (0 / 1) : org.hibernate.sql.results.graph.entity.internal.EntityAssembler@3dc70c5a
10:24:08.437 [main] DEBUG org.hibernate.orm.results - Extracted JDBC value [0] - [104]
10:24:08.437 [main] DEBUG org.hibernate.orm.results.loading.entity - (EntityResultInitializer) Hydrated EntityKey (org.frcpm.models.Project(959664710490900)): 104
10:24:08.437 [main] DEBUG org.hibernate.orm.results.loading.org.hibernate.orm.results.loading.collection - (DelayedCollectionInitializer) Current row collection key : org.frcpm.models.Project(959664710490900).meetings#104
10:24:08.437 [main] DEBUG org.hibernate.orm.results.loading.org.hibernate.orm.results.loading.collection - (DelayedCollectionInitializer) Current row collection key : org.frcpm.models.Project(959664710490900).milestones#104
10:24:08.437 [main] DEBUG org.hibernate.orm.results.loading.org.hibernate.orm.results.loading.collection - (DelayedCollectionInitializer) Current row collection key : org.frcpm.models.Project(959664710490900).tasks#104
10:24:08.437 [main] DEBUG org.hibernate.orm.results.loading.entity - (EntityResultInitializer) Created new entity instance [org.frcpm.models.Project(959664710490900)#104] : 81712040
10:24:08.437 [main] DEBUG org.hibernate.orm.results - Extracted JDBC value [1] - [null]
10:24:08.437 [main] DEBUG org.hibernate.orm.results - Extracted JDBC value [2] - [2025-06-06]
10:24:08.437 [main] DEBUG org.hibernate.orm.results - Extracted JDBC value [3] - [2025-06-20]
10:24:08.437 [main] DEBUG org.hibernate.orm.results - Extracted JDBC value [4] - [Component Test Project]
10:24:08.437 [main] DEBUG org.hibernate.orm.results - Extracted JDBC value [5] - [2025-04-25]
10:24:08.437 [main] DEBUG org.hibernate.orm.results.loading.entity - (EntityResultInitializer) Done materializing entityInstance : org.frcpm.models.Project(959664710490900)#104
10:24:08.437 [main] DEBUG org.hibernate.orm.results.loading - Calling top-level assembler (0 / 1) : org.hibernate.sql.results.graph.entity.internal.EntityAssembler@3dc70c5a
10:24:08.437 [main] DEBUG org.hibernate.orm.results - Extracted JDBC value [0] - [135]
10:24:08.437 [main] DEBUG org.hibernate.orm.results.loading.entity - (EntityResultInitializer) Hydrated EntityKey (org.frcpm.models.Project(959664710490900)): 135
10:24:08.437 [main] DEBUG org.hibernate.orm.results.loading.org.hibernate.orm.results.loading.collection - (DelayedCollectionInitializer) Current row collection key : org.frcpm.models.Project(959664710490900).meetings#135
10:24:08.437 [main] DEBUG org.hibernate.orm.results.loading.org.hibernate.orm.results.loading.collection - (DelayedCollectionInitializer) Current row collection key : org.frcpm.models.Project(959664710490900).milestones#135
10:24:08.437 [main] DEBUG org.hibernate.orm.results.loading.org.hibernate.orm.results.loading.collection - (DelayedCollectionInitializer) Current row collection key : org.frcpm.models.Project(959664710490900).tasks#135
10:24:08.437 [main] DEBUG org.hibernate.orm.results.loading.entity - (EntityResultInitializer) Created new entity instance [org.frcpm.models.Project(959664710490900)#135] : 1941104458
10:24:08.437 [main] DEBUG org.hibernate.orm.results - Extracted JDBC value [1] - [null]
10:24:08.437 [main] DEBUG org.hibernate.orm.results - Extracted JDBC value [2] - [2025-05-23]
10:24:08.437 [main] DEBUG org.hibernate.orm.results - Extracted JDBC value [3] - [2025-06-06]
10:24:08.437 [main] DEBUG org.hibernate.orm.results - Extracted JDBC value [4] - [Test Create Service Project]
10:24:08.437 [main] DEBUG org.hibernate.orm.results - Extracted JDBC value [5] - [2025-04-25]
10:24:08.437 [main] DEBUG org.hibernate.orm.results.loading.entity - (EntityResultInitializer) Done materializing entityInstance : org.frcpm.models.Project(959664710490900)#135
10:24:08.437 [main] DEBUG org.hibernate.orm.results.loading - Calling top-level assembler (0 / 1) : org.hibernate.sql.results.graph.entity.internal.EntityAssembler@3dc70c5a
10:24:08.437 [main] DEBUG org.hibernate.orm.results - Extracted JDBC value [0] - [142]
10:24:08.437 [main] DEBUG org.hibernate.orm.results.loading.entity - (EntityResultInitializer) Hydrated EntityKey (org.frcpm.models.Project(959664710490900)): 142
10:24:08.437 [main] DEBUG org.hibernate.orm.results.loading.org.hibernate.orm.results.loading.collection - (DelayedCollectionInitializer) Current row collection key : org.frcpm.models.Project(959664710490900).meetings#142
10:24:08.437 [main] DEBUG org.hibernate.orm.results.loading.org.hibernate.orm.results.loading.collection - (DelayedCollectionInitializer) Current row collection key : org.frcpm.models.Project(959664710490900).milestones#142
10:24:08.437 [main] DEBUG org.hibernate.orm.results.loading.org.hibernate.orm.results.loading.collection - (DelayedCollectionInitializer) Current row collection key : org.frcpm.models.Project(959664710490900).tasks#142
10:24:08.437 [main] DEBUG org.hibernate.orm.results.loading.entity - (EntityResultInitializer) Created new entity instance [org.frcpm.models.Project(959664710490900)#142] : 1436521648
10:24:08.438 [main] DEBUG org.hibernate.orm.results - Extracted JDBC value [1] - [Updated description]
10:24:08.438 [main] DEBUG org.hibernate.orm.results - Extracted JDBC value [2] - [2025-05-23]
10:24:08.438 [main] DEBUG org.hibernate.orm.results - Extracted JDBC value [3] - [2025-06-06]
10:24:08.438 [main] DEBUG org.hibernate.orm.results - Extracted JDBC value [4] - [Updated Service Project Name]
10:24:08.438 [main] DEBUG org.hibernate.orm.results - Extracted JDBC value [5] - [2025-04-25]
10:24:08.438 [main] DEBUG org.hibernate.orm.results.loading.entity - (EntityResultInitializer) Done materializing entityInstance : org.frcpm.models.Project(959664710490900)#142
10:24:08.438 [main] DEBUG org.hibernate.orm.results.loading - Calling top-level assembler (0 / 1) : org.hibernate.sql.results.graph.entity.internal.EntityAssembler@3dc70c5a
10:24:08.438 [main] DEBUG org.hibernate.orm.results - Extracted JDBC value [0] - [148]
10:24:08.438 [main] DEBUG org.hibernate.orm.results.loading.entity - (EntityResultInitializer) Hydrated EntityKey (org.frcpm.models.Project(959664710490900)): 148
10:24:08.438 [main] DEBUG org.hibernate.orm.results.loading.org.hibernate.orm.results.loading.collection - (DelayedCollectionInitializer) Current row collection key : org.frcpm.models.Project(959664710490900).meetings#148
10:24:08.438 [main] DEBUG org.hibernate.orm.results.loading.org.hibernate.orm.results.loading.collection - (DelayedCollectionInitializer) Current row collection key : org.frcpm.models.Project(959664710490900).milestones#148
10:24:08.438 [main] DEBUG org.hibernate.orm.results.loading.org.hibernate.orm.results.loading.collection - (DelayedCollectionInitializer) Current row collection key : org.frcpm.models.Project(959664710490900).tasks#148
10:24:08.438 [main] DEBUG org.hibernate.orm.results.loading.entity - (EntityResultInitializer) Created new entity instance [org.frcpm.models.Project(959664710490900)#148] : 1767548368
10:24:08.438 [main] DEBUG org.hibernate.orm.results - Extracted JDBC value [1] - [null]
10:24:08.439 [main] DEBUG org.hibernate.orm.results - Extracted JDBC value [2] - [2025-05-23]
10:24:08.439 [main] DEBUG org.hibernate.orm.results - Extracted JDBC value [3] - [2025-06-06]
10:24:08.439 [main] DEBUG org.hibernate.orm.results - Extracted JDBC value [4] - [Test Summary Project]
10:24:08.439 [main] DEBUG org.hibernate.orm.results - Extracted JDBC value [5] - [2025-04-25]
10:24:08.439 [main] DEBUG org.hibernate.orm.results.loading.entity - (EntityResultInitializer) Done materializing entityInstance : org.frcpm.models.Project(959664710490900)#148
10:24:08.439 [main] DEBUG org.hibernate.orm.results.loading - Calling top-level assembler (0 / 1) : org.hibernate.sql.results.graph.entity.internal.EntityAssembler@3dc70c5a
10:24:08.439 [main] DEBUG org.hibernate.resource.jdbc.internal.LogicalConnectionManagedImpl - Initiating JDBC connection release from afterTransaction
10:24:08.439 [main] DEBUG org.hibernate.resource.jdbc.internal.LogicalConnectionManagedImpl - Initiating JDBC connection release from afterTransaction
]]></system-out>
    <system-err><![CDATA[Apr 25, 2025 10:24:08 AM org.frcpm.controllers.ProjectController setupBindings
WARNING: UI components not initialized - likely in test environment
]]></system-err>
  </testcase>
  <testcase name="testHandleEditTaskWithNull" classname="org.frcpm.controllers.ProjectControllerTest" time="0.013">
    <system-out><![CDATA[10:24:08.451 [main] DEBUG org.hibernate.orm.sql.ast.create - Created new SQL alias : p1_0
10:24:08.452 [main] DEBUG org.hibernate.orm.sql.ast.create - Registration of TableGroup [StandardTableGroup(org.frcpm.models.Project(959664737857600))] with identifierForTableGroup [org.frcpm.models.Project] for NavigablePath [org.frcpm.models.Project] 
10:24:08.452 [main] DEBUG org.hibernate.orm.results.graph.AST - DomainResult Graph:
 \-EntityResultImpl [org.frcpm.models.Project(959664737857600)]
 |  +-BasicFetch [org.frcpm.models.Project(959664737857600).description]
 |  +-BasicFetch [org.frcpm.models.Project(959664737857600).goalEndDate]
 |  +-BasicFetch [org.frcpm.models.Project(959664737857600).hardDeadline]
 |  +-DelayedCollectionFetch [org.frcpm.models.Project(959664737857600).meetings]
 |  +-DelayedCollectionFetch [org.frcpm.models.Project(959664737857600).milestones]
 |  +-BasicFetch [org.frcpm.models.Project(959664737857600).name]
 |  +-BasicFetch [org.frcpm.models.Project(959664737857600).startDate]
 |  \-DelayedCollectionFetch [org.frcpm.models.Project(959664737857600).tasks]

10:24:08.452 [main] DEBUG org.hibernate.orm.sql.ast.tree - SQL AST Tree:
    SelectStatement {
      FromClause {
        StandardTableGroup (p1 : org.frcpm.models.Project(959664737857600)) {
          primaryTableReference : projects as p1_0
        }
      }
    }

10:24:08.452 [main] DEBUG org.hibernate.orm.sql.exec - Skipping reading Query result cache data: cache-enabled = false, cache-mode = NORMAL
10:24:08.452 [main] DEBUG org.hibernate.orm.results - Initializer list:
	  org.frcpm.models.Project(959664737857600).meetings -> DelayedCollectionInitializer(org.frcpm.models.Project(959664737857600).meetings)@421979182 (PluralAttribute(org.frcpm.models.Project.meetings))
	  org.frcpm.models.Project(959664737857600).milestones -> DelayedCollectionInitializer(org.frcpm.models.Project(959664737857600).milestones)@1872989031 (PluralAttribute(org.frcpm.models.Project.milestones))
	  org.frcpm.models.Project(959664737857600).tasks -> DelayedCollectionInitializer(org.frcpm.models.Project(959664737857600).tasks)@997106491 (PluralAttribute(org.frcpm.models.Project.tasks))
	  org.frcpm.models.Project(959664737857600) -> EntityResultInitializer(org.frcpm.models.Project(959664737857600))@274871180 (SingleTableEntityPersister(org.frcpm.models.Project))

10:24:08.452 [main] DEBUG org.hibernate.SQL - select p1_0.id,p1_0.description,p1_0.goal_end_date,p1_0.hard_deadline,p1_0.name,p1_0.start_date from projects p1_0
10:24:08.453 [main] DEBUG org.hibernate.orm.results - Extracted JDBC value [0] - [1]
10:24:08.453 [main] DEBUG org.hibernate.orm.results.loading.entity - (EntityResultInitializer) Hydrated EntityKey (org.frcpm.models.Project(959664737857600)): 1
10:24:08.453 [main] DEBUG org.hibernate.orm.results.loading.org.hibernate.orm.results.loading.collection - (DelayedCollectionInitializer) Current row collection key : org.frcpm.models.Project(959664737857600).meetings#1
10:24:08.453 [main] DEBUG org.hibernate.orm.results.loading.org.hibernate.orm.results.loading.collection - (DelayedCollectionInitializer) Current row collection key : org.frcpm.models.Project(959664737857600).milestones#1
10:24:08.453 [main] DEBUG org.hibernate.orm.results.loading.org.hibernate.orm.results.loading.collection - (DelayedCollectionInitializer) Current row collection key : org.frcpm.models.Project(959664737857600).tasks#1
10:24:08.453 [main] DEBUG org.hibernate.orm.results.loading.entity - (EntityResultInitializer) Created new entity instance [org.frcpm.models.Project(959664737857600)#1] : 58321887
10:24:08.453 [main] DEBUG org.hibernate.orm.results - Extracted JDBC value [1] - [Competition robot for the 2025 FIRST Robotics Competition]
10:24:08.453 [main] DEBUG org.hibernate.orm.results - Extracted JDBC value [2] - [2025-06-12]
10:24:08.453 [main] DEBUG org.hibernate.orm.results - Extracted JDBC value [3] - [2025-06-26]
10:24:08.453 [main] DEBUG org.hibernate.orm.results - Extracted JDBC value [4] - [FRC 2025 Robot]
10:24:08.453 [main] DEBUG org.hibernate.orm.results - Extracted JDBC value [5] - [2025-05-01]
10:24:08.453 [main] DEBUG org.hibernate.orm.results.loading.entity - (EntityResultInitializer) Done materializing entityInstance : org.frcpm.models.Project(959664737857600)#1
10:24:08.453 [main] DEBUG org.hibernate.orm.results.loading - Calling top-level assembler (0 / 1) : org.hibernate.sql.results.graph.entity.internal.EntityAssembler@67af3485
10:24:08.453 [main] DEBUG org.hibernate.orm.results - Extracted JDBC value [0] - [51]
10:24:08.453 [main] DEBUG org.hibernate.orm.results.loading.entity - (EntityResultInitializer) Hydrated EntityKey (org.frcpm.models.Project(959664737857600)): 51
10:24:08.453 [main] DEBUG org.hibernate.orm.results.loading.org.hibernate.orm.results.loading.collection - (DelayedCollectionInitializer) Current row collection key : org.frcpm.models.Project(959664737857600).meetings#51
10:24:08.453 [main] DEBUG org.hibernate.orm.results.loading.org.hibernate.orm.results.loading.collection - (DelayedCollectionInitializer) Current row collection key : org.frcpm.models.Project(959664737857600).milestones#51
10:24:08.453 [main] DEBUG org.hibernate.orm.results.loading.org.hibernate.orm.results.loading.collection - (DelayedCollectionInitializer) Current row collection key : org.frcpm.models.Project(959664737857600).tasks#51
10:24:08.453 [main] DEBUG org.hibernate.orm.results.loading.entity - (EntityResultInitializer) Created new entity instance [org.frcpm.models.Project(959664737857600)#51] : 1462383409
10:24:08.453 [main] DEBUG org.hibernate.orm.results - Extracted JDBC value [1] - [null]
10:24:08.453 [main] DEBUG org.hibernate.orm.results - Extracted JDBC value [2] - [2025-05-23]
10:24:08.453 [main] DEBUG org.hibernate.orm.results - Extracted JDBC value [3] - [2025-06-06]
10:24:08.453 [main] DEBUG org.hibernate.orm.results - Extracted JDBC value [4] - [Test Count Project]
10:24:08.453 [main] DEBUG org.hibernate.orm.results - Extracted JDBC value [5] - [2025-04-25]
10:24:08.453 [main] DEBUG org.hibernate.orm.results.loading.entity - (EntityResultInitializer) Done materializing entityInstance : org.frcpm.models.Project(959664737857600)#51
10:24:08.453 [main] DEBUG org.hibernate.orm.results.loading - Calling top-level assembler (0 / 1) : org.hibernate.sql.results.graph.entity.internal.EntityAssembler@67af3485
10:24:08.453 [main] DEBUG org.hibernate.orm.results - Extracted JDBC value [0] - [54]
10:24:08.453 [main] DEBUG org.hibernate.orm.results.loading.entity - (EntityResultInitializer) Hydrated EntityKey (org.frcpm.models.Project(959664737857600)): 54
10:24:08.453 [main] DEBUG org.hibernate.orm.results.loading.org.hibernate.orm.results.loading.collection - (DelayedCollectionInitializer) Current row collection key : org.frcpm.models.Project(959664737857600).meetings#54
10:24:08.453 [main] DEBUG org.hibernate.orm.results.loading.org.hibernate.orm.results.loading.collection - (DelayedCollectionInitializer) Current row collection key : org.frcpm.models.Project(959664737857600).milestones#54
10:24:08.453 [main] DEBUG org.hibernate.orm.results.loading.org.hibernate.orm.results.loading.collection - (DelayedCollectionInitializer) Current row collection key : org.frcpm.models.Project(959664737857600).tasks#54
10:24:08.453 [main] DEBUG org.hibernate.orm.results.loading.entity - (EntityResultInitializer) Created new entity instance [org.frcpm.models.Project(959664737857600)#54] : 1522419383
10:24:08.453 [main] DEBUG org.hibernate.orm.results - Extracted JDBC value [1] - [Test save description]
10:24:08.453 [main] DEBUG org.hibernate.orm.results - Extracted JDBC value [2] - [2025-05-23]
10:24:08.453 [main] DEBUG org.hibernate.orm.results - Extracted JDBC value [3] - [2025-06-06]
10:24:08.453 [main] DEBUG org.hibernate.orm.results - Extracted JDBC value [4] - [Test Save Project]
10:24:08.453 [main] DEBUG org.hibernate.orm.results - Extracted JDBC value [5] - [2025-04-25]
10:24:08.453 [main] DEBUG org.hibernate.orm.results.loading.entity - (EntityResultInitializer) Done materializing entityInstance : org.frcpm.models.Project(959664737857600)#54
10:24:08.453 [main] DEBUG org.hibernate.orm.results.loading - Calling top-level assembler (0 / 1) : org.hibernate.sql.results.graph.entity.internal.EntityAssembler@67af3485
10:24:08.453 [main] DEBUG org.hibernate.orm.results - Extracted JDBC value [0] - [69]
10:24:08.453 [main] DEBUG org.hibernate.orm.results.loading.entity - (EntityResultInitializer) Hydrated EntityKey (org.frcpm.models.Project(959664737857600)): 69
10:24:08.453 [main] DEBUG org.hibernate.orm.results.loading.org.hibernate.orm.results.loading.collection - (DelayedCollectionInitializer) Current row collection key : org.frcpm.models.Project(959664737857600).meetings#69
10:24:08.453 [main] DEBUG org.hibernate.orm.results.loading.org.hibernate.orm.results.loading.collection - (DelayedCollectionInitializer) Current row collection key : org.frcpm.models.Project(959664737857600).milestones#69
10:24:08.453 [main] DEBUG org.hibernate.orm.results.loading.org.hibernate.orm.results.loading.collection - (DelayedCollectionInitializer) Current row collection key : org.frcpm.models.Project(959664737857600).tasks#69
10:24:08.453 [main] DEBUG org.hibernate.orm.results.loading.entity - (EntityResultInitializer) Created new entity instance [org.frcpm.models.Project(959664737857600)#69] : 1210804940
10:24:08.453 [main] DEBUG org.hibernate.orm.results - Extracted JDBC value [1] - [null]
10:24:08.453 [main] DEBUG org.hibernate.orm.results - Extracted JDBC value [2] - [2025-05-23]
10:24:08.453 [main] DEBUG org.hibernate.orm.results - Extracted JDBC value [3] - [2025-06-06]
10:24:08.453 [main] DEBUG org.hibernate.orm.results - Extracted JDBC value [4] - [Updated Project Name]
10:24:08.453 [main] DEBUG org.hibernate.orm.results - Extracted JDBC value [5] - [2025-04-25]
10:24:08.453 [main] DEBUG org.hibernate.orm.results.loading.entity - (EntityResultInitializer) Done materializing entityInstance : org.frcpm.models.Project(959664737857600)#69
10:24:08.453 [main] DEBUG org.hibernate.orm.results.loading - Calling top-level assembler (0 / 1) : org.hibernate.sql.results.graph.entity.internal.EntityAssembler@67af3485
10:24:08.453 [main] DEBUG org.hibernate.orm.results - Extracted JDBC value [0] - [70]
10:24:08.453 [main] DEBUG org.hibernate.orm.results.loading.entity - (EntityResultInitializer) Hydrated EntityKey (org.frcpm.models.Project(959664737857600)): 70
10:24:08.453 [main] DEBUG org.hibernate.orm.results.loading.org.hibernate.orm.results.loading.collection - (DelayedCollectionInitializer) Current row collection key : org.frcpm.models.Project(959664737857600).meetings#70
10:24:08.453 [main] DEBUG org.hibernate.orm.results.loading.org.hibernate.orm.results.loading.collection - (DelayedCollectionInitializer) Current row collection key : org.frcpm.models.Project(959664737857600).milestones#70
10:24:08.453 [main] DEBUG org.hibernate.orm.results.loading.org.hibernate.orm.results.loading.collection - (DelayedCollectionInitializer) Current row collection key : org.frcpm.models.Project(959664737857600).tasks#70
10:24:08.453 [main] DEBUG org.hibernate.orm.results.loading.entity - (EntityResultInitializer) Created new entity instance [org.frcpm.models.Project(959664737857600)#70] : 582990612
10:24:08.453 [main] DEBUG org.hibernate.orm.results - Extracted JDBC value [1] - [null]
10:24:08.453 [main] DEBUG org.hibernate.orm.results - Extracted JDBC value [2] - [2025-06-06]
10:24:08.453 [main] DEBUG org.hibernate.orm.results - Extracted JDBC value [3] - [2025-06-20]
10:24:08.453 [main] DEBUG org.hibernate.orm.results - Extracted JDBC value [4] - [Test Task Project]
10:24:08.453 [main] DEBUG org.hibernate.orm.results - Extracted JDBC value [5] - [2025-04-25]
10:24:08.453 [main] DEBUG org.hibernate.orm.results.loading.entity - (EntityResultInitializer) Done materializing entityInstance : org.frcpm.models.Project(959664737857600)#70
10:24:08.453 [main] DEBUG org.hibernate.orm.results.loading - Calling top-level assembler (0 / 1) : org.hibernate.sql.results.graph.entity.internal.EntityAssembler@67af3485
10:24:08.453 [main] DEBUG org.hibernate.orm.results - Extracted JDBC value [0] - [71]
10:24:08.453 [main] DEBUG org.hibernate.orm.results.loading.entity - (EntityResultInitializer) Hydrated EntityKey (org.frcpm.models.Project(959664737857600)): 71
10:24:08.453 [main] DEBUG org.hibernate.orm.results.loading.org.hibernate.orm.results.loading.collection - (DelayedCollectionInitializer) Current row collection key : org.frcpm.models.Project(959664737857600).meetings#71
10:24:08.453 [main] DEBUG org.hibernate.orm.results.loading.org.hibernate.orm.results.loading.collection - (DelayedCollectionInitializer) Current row collection key : org.frcpm.models.Project(959664737857600).milestones#71
10:24:08.453 [main] DEBUG org.hibernate.orm.results.loading.org.hibernate.orm.results.loading.collection - (DelayedCollectionInitializer) Current row collection key : org.frcpm.models.Project(959664737857600).tasks#71
10:24:08.453 [main] DEBUG org.hibernate.orm.results.loading.entity - (EntityResultInitializer) Created new entity instance [org.frcpm.models.Project(959664737857600)#71] : 68354130
10:24:08.453 [main] DEBUG org.hibernate.orm.results - Extracted JDBC value [1] - [null]
10:24:08.453 [main] DEBUG org.hibernate.orm.results - Extracted JDBC value [2] - [2025-06-06]
10:24:08.453 [main] DEBUG org.hibernate.orm.results - Extracted JDBC value [3] - [2025-06-20]
10:24:08.453 [main] DEBUG org.hibernate.orm.results - Extracted JDBC value [4] - [Test Task Project]
10:24:08.453 [main] DEBUG org.hibernate.orm.results - Extracted JDBC value [5] - [2025-04-25]
10:24:08.453 [main] DEBUG org.hibernate.orm.results.loading.entity - (EntityResultInitializer) Done materializing entityInstance : org.frcpm.models.Project(959664737857600)#71
10:24:08.453 [main] DEBUG org.hibernate.orm.results.loading - Calling top-level assembler (0 / 1) : org.hibernate.sql.results.graph.entity.internal.EntityAssembler@67af3485
10:24:08.453 [main] DEBUG org.hibernate.orm.results - Extracted JDBC value [0] - [72]
10:24:08.453 [main] DEBUG org.hibernate.orm.results.loading.entity - (EntityResultInitializer) Hydrated EntityKey (org.frcpm.models.Project(959664737857600)): 72
10:24:08.453 [main] DEBUG org.hibernate.orm.results.loading.org.hibernate.orm.results.loading.collection - (DelayedCollectionInitializer) Current row collection key : org.frcpm.models.Project(959664737857600).meetings#72
10:24:08.453 [main] DEBUG org.hibernate.orm.results.loading.org.hibernate.orm.results.loading.collection - (DelayedCollectionInitializer) Current row collection key : org.frcpm.models.Project(959664737857600).milestones#72
10:24:08.453 [main] DEBUG org.hibernate.orm.results.loading.org.hibernate.orm.results.loading.collection - (DelayedCollectionInitializer) Current row collection key : org.frcpm.models.Project(959664737857600).tasks#72
10:24:08.453 [main] DEBUG org.hibernate.orm.results.loading.entity - (EntityResultInitializer) Created new entity instance [org.frcpm.models.Project(959664737857600)#72] : 16996851
10:24:08.453 [main] DEBUG org.hibernate.orm.results - Extracted JDBC value [1] - [null]
10:24:08.453 [main] DEBUG org.hibernate.orm.results - Extracted JDBC value [2] - [2025-06-06]
10:24:08.453 [main] DEBUG org.hibernate.orm.results - Extracted JDBC value [3] - [2025-06-20]
10:24:08.453 [main] DEBUG org.hibernate.orm.results - Extracted JDBC value [4] - [Test Task Project]
10:24:08.453 [main] DEBUG org.hibernate.orm.results - Extracted JDBC value [5] - [2025-04-25]
10:24:08.453 [main] DEBUG org.hibernate.orm.results.loading.entity - (EntityResultInitializer) Done materializing entityInstance : org.frcpm.models.Project(959664737857600)#72
10:24:08.453 [main] DEBUG org.hibernate.orm.results.loading - Calling top-level assembler (0 / 1) : org.hibernate.sql.results.graph.entity.internal.EntityAssembler@67af3485
10:24:08.453 [main] DEBUG org.hibernate.orm.results - Extracted JDBC value [0] - [73]
10:24:08.453 [main] DEBUG org.hibernate.orm.results.loading.entity - (EntityResultInitializer) Hydrated EntityKey (org.frcpm.models.Project(959664737857600)): 73
10:24:08.453 [main] DEBUG org.hibernate.orm.results.loading.org.hibernate.orm.results.loading.collection - (DelayedCollectionInitializer) Current row collection key : org.frcpm.models.Project(959664737857600).meetings#73
10:24:08.453 [main] DEBUG org.hibernate.orm.results.loading.org.hibernate.orm.results.loading.collection - (DelayedCollectionInitializer) Current row collection key : org.frcpm.models.Project(959664737857600).milestones#73
10:24:08.453 [main] DEBUG org.hibernate.orm.results.loading.org.hibernate.orm.results.loading.collection - (DelayedCollectionInitializer) Current row collection key : org.frcpm.models.Project(959664737857600).tasks#73
10:24:08.453 [main] DEBUG org.hibernate.orm.results.loading.entity - (EntityResultInitializer) Created new entity instance [org.frcpm.models.Project(959664737857600)#73] : 2116562633
10:24:08.453 [main] DEBUG org.hibernate.orm.results - Extracted JDBC value [1] - [null]
10:24:08.453 [main] DEBUG org.hibernate.orm.results - Extracted JDBC value [2] - [2025-06-06]
10:24:08.453 [main] DEBUG org.hibernate.orm.results - Extracted JDBC value [3] - [2025-06-20]
10:24:08.453 [main] DEBUG org.hibernate.orm.results - Extracted JDBC value [4] - [Test Task Project]
10:24:08.453 [main] DEBUG org.hibernate.orm.results - Extracted JDBC value [5] - [2025-04-25]
10:24:08.453 [main] DEBUG org.hibernate.orm.results.loading.entity - (EntityResultInitializer) Done materializing entityInstance : org.frcpm.models.Project(959664737857600)#73
10:24:08.453 [main] DEBUG org.hibernate.orm.results.loading - Calling top-level assembler (0 / 1) : org.hibernate.sql.results.graph.entity.internal.EntityAssembler@67af3485
10:24:08.453 [main] DEBUG org.hibernate.orm.results - Extracted JDBC value [0] - [74]
10:24:08.453 [main] DEBUG org.hibernate.orm.results.loading.entity - (EntityResultInitializer) Hydrated EntityKey (org.frcpm.models.Project(959664737857600)): 74
10:24:08.453 [main] DEBUG org.hibernate.orm.results.loading.org.hibernate.orm.results.loading.collection - (DelayedCollectionInitializer) Current row collection key : org.frcpm.models.Project(959664737857600).meetings#74
10:24:08.453 [main] DEBUG org.hibernate.orm.results.loading.org.hibernate.orm.results.loading.collection - (DelayedCollectionInitializer) Current row collection key : org.frcpm.models.Project(959664737857600).milestones#74
10:24:08.453 [main] DEBUG org.hibernate.orm.results.loading.org.hibernate.orm.results.loading.collection - (DelayedCollectionInitializer) Current row collection key : org.frcpm.models.Project(959664737857600).tasks#74
10:24:08.453 [main] DEBUG org.hibernate.orm.results.loading.entity - (EntityResultInitializer) Created new entity instance [org.frcpm.models.Project(959664737857600)#74] : 2087661675
10:24:08.453 [main] DEBUG org.hibernate.orm.results - Extracted JDBC value [1] - [null]
10:24:08.453 [main] DEBUG org.hibernate.orm.results - Extracted JDBC value [2] - [2025-06-06]
10:24:08.453 [main] DEBUG org.hibernate.orm.results - Extracted JDBC value [3] - [2025-06-20]
10:24:08.453 [main] DEBUG org.hibernate.orm.results - Extracted JDBC value [4] - [Test Task Project]
10:24:08.453 [main] DEBUG org.hibernate.orm.results - Extracted JDBC value [5] - [2025-04-25]
10:24:08.453 [main] DEBUG org.hibernate.orm.results.loading.entity - (EntityResultInitializer) Done materializing entityInstance : org.frcpm.models.Project(959664737857600)#74
10:24:08.453 [main] DEBUG org.hibernate.orm.results.loading - Calling top-level assembler (0 / 1) : org.hibernate.sql.results.graph.entity.internal.EntityAssembler@67af3485
10:24:08.454 [main] DEBUG org.hibernate.orm.results - Extracted JDBC value [0] - [75]
10:24:08.454 [main] DEBUG org.hibernate.orm.results.loading.entity - (EntityResultInitializer) Hydrated EntityKey (org.frcpm.models.Project(959664737857600)): 75
10:24:08.454 [main] DEBUG org.hibernate.orm.results.loading.org.hibernate.orm.results.loading.collection - (DelayedCollectionInitializer) Current row collection key : org.frcpm.models.Project(959664737857600).meetings#75
10:24:08.454 [main] DEBUG org.hibernate.orm.results.loading.org.hibernate.orm.results.loading.collection - (DelayedCollectionInitializer) Current row collection key : org.frcpm.models.Project(959664737857600).milestones#75
10:24:08.454 [main] DEBUG org.hibernate.orm.results.loading.org.hibernate.orm.results.loading.collection - (DelayedCollectionInitializer) Current row collection key : org.frcpm.models.Project(959664737857600).tasks#75
10:24:08.454 [main] DEBUG org.hibernate.orm.results.loading.entity - (EntityResultInitializer) Created new entity instance [org.frcpm.models.Project(959664737857600)#75] : 1311238999
10:24:08.454 [main] DEBUG org.hibernate.orm.results - Extracted JDBC value [1] - [null]
10:24:08.454 [main] DEBUG org.hibernate.orm.results - Extracted JDBC value [2] - [2025-06-06]
10:24:08.454 [main] DEBUG org.hibernate.orm.results - Extracted JDBC value [3] - [2025-06-20]
10:24:08.454 [main] DEBUG org.hibernate.orm.results - Extracted JDBC value [4] - [Test Task Project]
10:24:08.454 [main] DEBUG org.hibernate.orm.results - Extracted JDBC value [5] - [2025-04-25]
10:24:08.454 [main] DEBUG org.hibernate.orm.results.loading.entity - (EntityResultInitializer) Done materializing entityInstance : org.frcpm.models.Project(959664737857600)#75
10:24:08.454 [main] DEBUG org.hibernate.orm.results.loading - Calling top-level assembler (0 / 1) : org.hibernate.sql.results.graph.entity.internal.EntityAssembler@67af3485
10:24:08.454 [main] DEBUG org.hibernate.orm.results - Extracted JDBC value [0] - [76]
10:24:08.454 [main] DEBUG org.hibernate.orm.results.loading.entity - (EntityResultInitializer) Hydrated EntityKey (org.frcpm.models.Project(959664737857600)): 76
10:24:08.454 [main] DEBUG org.hibernate.orm.results.loading.org.hibernate.orm.results.loading.collection - (DelayedCollectionInitializer) Current row collection key : org.frcpm.models.Project(959664737857600).meetings#76
10:24:08.454 [main] DEBUG org.hibernate.orm.results.loading.org.hibernate.orm.results.loading.collection - (DelayedCollectionInitializer) Current row collection key : org.frcpm.models.Project(959664737857600).milestones#76
10:24:08.454 [main] DEBUG org.hibernate.orm.results.loading.org.hibernate.orm.results.loading.collection - (DelayedCollectionInitializer) Current row collection key : org.frcpm.models.Project(959664737857600).tasks#76
10:24:08.454 [main] DEBUG org.hibernate.orm.results.loading.entity - (EntityResultInitializer) Created new entity instance [org.frcpm.models.Project(959664737857600)#76] : 133998390
10:24:08.454 [main] DEBUG org.hibernate.orm.results - Extracted JDBC value [1] - [null]
10:24:08.454 [main] DEBUG org.hibernate.orm.results - Extracted JDBC value [2] - [2025-06-06]
10:24:08.454 [main] DEBUG org.hibernate.orm.results - Extracted JDBC value [3] - [2025-06-20]
10:24:08.454 [main] DEBUG org.hibernate.orm.results - Extracted JDBC value [4] - [Test Task Project]
10:24:08.454 [main] DEBUG org.hibernate.orm.results - Extracted JDBC value [5] - [2025-04-25]
10:24:08.455 [main] DEBUG org.hibernate.orm.results.loading.entity - (EntityResultInitializer) Done materializing entityInstance : org.frcpm.models.Project(959664737857600)#76
10:24:08.455 [main] DEBUG org.hibernate.orm.results.loading - Calling top-level assembler (0 / 1) : org.hibernate.sql.results.graph.entity.internal.EntityAssembler@67af3485
10:24:08.455 [main] DEBUG org.hibernate.orm.results - Extracted JDBC value [0] - [77]
10:24:08.455 [main] DEBUG org.hibernate.orm.results.loading.entity - (EntityResultInitializer) Hydrated EntityKey (org.frcpm.models.Project(959664737857600)): 77
10:24:08.455 [main] DEBUG org.hibernate.orm.results.loading.org.hibernate.orm.results.loading.collection - (DelayedCollectionInitializer) Current row collection key : org.frcpm.models.Project(959664737857600).meetings#77
10:24:08.455 [main] DEBUG org.hibernate.orm.results.loading.org.hibernate.orm.results.loading.collection - (DelayedCollectionInitializer) Current row collection key : org.frcpm.models.Project(959664737857600).milestones#77
10:24:08.455 [main] DEBUG org.hibernate.orm.results.loading.org.hibernate.orm.results.loading.collection - (DelayedCollectionInitializer) Current row collection key : org.frcpm.models.Project(959664737857600).tasks#77
10:24:08.455 [main] DEBUG org.hibernate.orm.results.loading.entity - (EntityResultInitializer) Created new entity instance [org.frcpm.models.Project(959664737857600)#77] : 895556946
10:24:08.455 [main] DEBUG org.hibernate.orm.results - Extracted JDBC value [1] - [null]
10:24:08.455 [main] DEBUG org.hibernate.orm.results - Extracted JDBC value [2] - [2025-06-06]
10:24:08.455 [main] DEBUG org.hibernate.orm.results - Extracted JDBC value [3] - [2025-06-20]
10:24:08.455 [main] DEBUG org.hibernate.orm.results - Extracted JDBC value [4] - [Test Task Project]
10:24:08.455 [main] DEBUG org.hibernate.orm.results - Extracted JDBC value [5] - [2025-04-25]
10:24:08.455 [main] DEBUG org.hibernate.orm.results.loading.entity - (EntityResultInitializer) Done materializing entityInstance : org.frcpm.models.Project(959664737857600)#77
10:24:08.455 [main] DEBUG org.hibernate.orm.results.loading - Calling top-level assembler (0 / 1) : org.hibernate.sql.results.graph.entity.internal.EntityAssembler@67af3485
10:24:08.455 [main] DEBUG org.hibernate.orm.results - Extracted JDBC value [0] - [78]
10:24:08.455 [main] DEBUG org.hibernate.orm.results.loading.entity - (EntityResultInitializer) Hydrated EntityKey (org.frcpm.models.Project(959664737857600)): 78
10:24:08.455 [main] DEBUG org.hibernate.orm.results.loading.org.hibernate.orm.results.loading.collection - (DelayedCollectionInitializer) Current row collection key : org.frcpm.models.Project(959664737857600).meetings#78
10:24:08.455 [main] DEBUG org.hibernate.orm.results.loading.org.hibernate.orm.results.loading.collection - (DelayedCollectionInitializer) Current row collection key : org.frcpm.models.Project(959664737857600).milestones#78
10:24:08.455 [main] DEBUG org.hibernate.orm.results.loading.org.hibernate.orm.results.loading.collection - (DelayedCollectionInitializer) Current row collection key : org.frcpm.models.Project(959664737857600).tasks#78
10:24:08.455 [main] DEBUG org.hibernate.orm.results.loading.entity - (EntityResultInitializer) Created new entity instance [org.frcpm.models.Project(959664737857600)#78] : 1274390102
10:24:08.455 [main] DEBUG org.hibernate.orm.results - Extracted JDBC value [1] - [null]
10:24:08.455 [main] DEBUG org.hibernate.orm.results - Extracted JDBC value [2] - [2025-06-06]
10:24:08.455 [main] DEBUG org.hibernate.orm.results - Extracted JDBC value [3] - [2025-06-20]
10:24:08.455 [main] DEBUG org.hibernate.orm.results - Extracted JDBC value [4] - [Test Task Project]
10:24:08.455 [main] DEBUG org.hibernate.orm.results - Extracted JDBC value [5] - [2025-04-25]
10:24:08.455 [main] DEBUG org.hibernate.orm.results.loading.entity - (EntityResultInitializer) Done materializing entityInstance : org.frcpm.models.Project(959664737857600)#78
10:24:08.455 [main] DEBUG org.hibernate.orm.results.loading - Calling top-level assembler (0 / 1) : org.hibernate.sql.results.graph.entity.internal.EntityAssembler@67af3485
10:24:08.455 [main] DEBUG org.hibernate.orm.results - Extracted JDBC value [0] - [79]
10:24:08.455 [main] DEBUG org.hibernate.orm.results.loading.entity - (EntityResultInitializer) Hydrated EntityKey (org.frcpm.models.Project(959664737857600)): 79
10:24:08.455 [main] DEBUG org.hibernate.orm.results.loading.org.hibernate.orm.results.loading.collection - (DelayedCollectionInitializer) Current row collection key : org.frcpm.models.Project(959664737857600).meetings#79
10:24:08.455 [main] DEBUG org.hibernate.orm.results.loading.org.hibernate.orm.results.loading.collection - (DelayedCollectionInitializer) Current row collection key : org.frcpm.models.Project(959664737857600).milestones#79
10:24:08.455 [main] DEBUG org.hibernate.orm.results.loading.org.hibernate.orm.results.loading.collection - (DelayedCollectionInitializer) Current row collection key : org.frcpm.models.Project(959664737857600).tasks#79
10:24:08.455 [main] DEBUG org.hibernate.orm.results.loading.entity - (EntityResultInitializer) Created new entity instance [org.frcpm.models.Project(959664737857600)#79] : 1504515590
10:24:08.455 [main] DEBUG org.hibernate.orm.results - Extracted JDBC value [1] - [null]
10:24:08.455 [main] DEBUG org.hibernate.orm.results - Extracted JDBC value [2] - [2025-06-06]
10:24:08.455 [main] DEBUG org.hibernate.orm.results - Extracted JDBC value [3] - [2025-06-20]
10:24:08.455 [main] DEBUG org.hibernate.orm.results - Extracted JDBC value [4] - [Test Task Project]
10:24:08.455 [main] DEBUG org.hibernate.orm.results - Extracted JDBC value [5] - [2025-04-25]
10:24:08.455 [main] DEBUG org.hibernate.orm.results.loading.entity - (EntityResultInitializer) Done materializing entityInstance : org.frcpm.models.Project(959664737857600)#79
10:24:08.455 [main] DEBUG org.hibernate.orm.results.loading - Calling top-level assembler (0 / 1) : org.hibernate.sql.results.graph.entity.internal.EntityAssembler@67af3485
10:24:08.455 [main] DEBUG org.hibernate.orm.results - Extracted JDBC value [0] - [80]
10:24:08.455 [main] DEBUG org.hibernate.orm.results.loading.entity - (EntityResultInitializer) Hydrated EntityKey (org.frcpm.models.Project(959664737857600)): 80
10:24:08.455 [main] DEBUG org.hibernate.orm.results.loading.org.hibernate.orm.results.loading.collection - (DelayedCollectionInitializer) Current row collection key : org.frcpm.models.Project(959664737857600).meetings#80
10:24:08.455 [main] DEBUG org.hibernate.orm.results.loading.org.hibernate.orm.results.loading.collection - (DelayedCollectionInitializer) Current row collection key : org.frcpm.models.Project(959664737857600).milestones#80
10:24:08.455 [main] DEBUG org.hibernate.orm.results.loading.org.hibernate.orm.results.loading.collection - (DelayedCollectionInitializer) Current row collection key : org.frcpm.models.Project(959664737857600).tasks#80
10:24:08.455 [main] DEBUG org.hibernate.orm.results.loading.entity - (EntityResultInitializer) Created new entity instance [org.frcpm.models.Project(959664737857600)#80] : 1158967841
10:24:08.455 [main] DEBUG org.hibernate.orm.results - Extracted JDBC value [1] - [null]
10:24:08.455 [main] DEBUG org.hibernate.orm.results - Extracted JDBC value [2] - [2025-06-06]
10:24:08.455 [main] DEBUG org.hibernate.orm.results - Extracted JDBC value [3] - [2025-06-20]
10:24:08.455 [main] DEBUG org.hibernate.orm.results - Extracted JDBC value [4] - [Test Task Project]
10:24:08.455 [main] DEBUG org.hibernate.orm.results - Extracted JDBC value [5] - [2025-04-25]
10:24:08.455 [main] DEBUG org.hibernate.orm.results.loading.entity - (EntityResultInitializer) Done materializing entityInstance : org.frcpm.models.Project(959664737857600)#80
10:24:08.455 [main] DEBUG org.hibernate.orm.results.loading - Calling top-level assembler (0 / 1) : org.hibernate.sql.results.graph.entity.internal.EntityAssembler@67af3485
10:24:08.455 [main] DEBUG org.hibernate.orm.results - Extracted JDBC value [0] - [81]
10:24:08.455 [main] DEBUG org.hibernate.orm.results.loading.entity - (EntityResultInitializer) Hydrated EntityKey (org.frcpm.models.Project(959664737857600)): 81
10:24:08.455 [main] DEBUG org.hibernate.orm.results.loading.org.hibernate.orm.results.loading.collection - (DelayedCollectionInitializer) Current row collection key : org.frcpm.models.Project(959664737857600).meetings#81
10:24:08.455 [main] DEBUG org.hibernate.orm.results.loading.org.hibernate.orm.results.loading.collection - (DelayedCollectionInitializer) Current row collection key : org.frcpm.models.Project(959664737857600).milestones#81
10:24:08.455 [main] DEBUG org.hibernate.orm.results.loading.org.hibernate.orm.results.loading.collection - (DelayedCollectionInitializer) Current row collection key : org.frcpm.models.Project(959664737857600).tasks#81
10:24:08.455 [main] DEBUG org.hibernate.orm.results.loading.entity - (EntityResultInitializer) Created new entity instance [org.frcpm.models.Project(959664737857600)#81] : 40466478
10:24:08.455 [main] DEBUG org.hibernate.orm.results - Extracted JDBC value [1] - [null]
10:24:08.455 [main] DEBUG org.hibernate.orm.results - Extracted JDBC value [2] - [2025-06-06]
10:24:08.455 [main] DEBUG org.hibernate.orm.results - Extracted JDBC value [3] - [2025-06-20]
10:24:08.455 [main] DEBUG org.hibernate.orm.results - Extracted JDBC value [4] - [Test Task Project]
10:24:08.455 [main] DEBUG org.hibernate.orm.results - Extracted JDBC value [5] - [2025-04-25]
10:24:08.455 [main] DEBUG org.hibernate.orm.results.loading.entity - (EntityResultInitializer) Done materializing entityInstance : org.frcpm.models.Project(959664737857600)#81
10:24:08.455 [main] DEBUG org.hibernate.orm.results.loading - Calling top-level assembler (0 / 1) : org.hibernate.sql.results.graph.entity.internal.EntityAssembler@67af3485
10:24:08.455 [main] DEBUG org.hibernate.orm.results - Extracted JDBC value [0] - [82]
10:24:08.455 [main] DEBUG org.hibernate.orm.results.loading.entity - (EntityResultInitializer) Hydrated EntityKey (org.frcpm.models.Project(959664737857600)): 82
10:24:08.455 [main] DEBUG org.hibernate.orm.results.loading.org.hibernate.orm.results.loading.collection - (DelayedCollectionInitializer) Current row collection key : org.frcpm.models.Project(959664737857600).meetings#82
10:24:08.455 [main] DEBUG org.hibernate.orm.results.loading.org.hibernate.orm.results.loading.collection - (DelayedCollectionInitializer) Current row collection key : org.frcpm.models.Project(959664737857600).milestones#82
10:24:08.455 [main] DEBUG org.hibernate.orm.results.loading.org.hibernate.orm.results.loading.collection - (DelayedCollectionInitializer) Current row collection key : org.frcpm.models.Project(959664737857600).tasks#82
10:24:08.455 [main] DEBUG org.hibernate.orm.results.loading.entity - (EntityResultInitializer) Created new entity instance [org.frcpm.models.Project(959664737857600)#82] : 1289248082
10:24:08.455 [main] DEBUG org.hibernate.orm.results - Extracted JDBC value [1] - [null]
10:24:08.455 [main] DEBUG org.hibernate.orm.results - Extracted JDBC value [2] - [2025-06-06]
10:24:08.455 [main] DEBUG org.hibernate.orm.results - Extracted JDBC value [3] - [2025-06-20]
10:24:08.455 [main] DEBUG org.hibernate.orm.results - Extracted JDBC value [4] - [Test Task Project]
10:24:08.455 [main] DEBUG org.hibernate.orm.results - Extracted JDBC value [5] - [2025-04-25]
10:24:08.456 [main] DEBUG org.hibernate.orm.results.loading.entity - (EntityResultInitializer) Done materializing entityInstance : org.frcpm.models.Project(959664737857600)#82
10:24:08.456 [main] DEBUG org.hibernate.orm.results.loading - Calling top-level assembler (0 / 1) : org.hibernate.sql.results.graph.entity.internal.EntityAssembler@67af3485
10:24:08.456 [main] DEBUG org.hibernate.orm.results - Extracted JDBC value [0] - [104]
10:24:08.456 [main] DEBUG org.hibernate.orm.results.loading.entity - (EntityResultInitializer) Hydrated EntityKey (org.frcpm.models.Project(959664737857600)): 104
10:24:08.456 [main] DEBUG org.hibernate.orm.results.loading.org.hibernate.orm.results.loading.collection - (DelayedCollectionInitializer) Current row collection key : org.frcpm.models.Project(959664737857600).meetings#104
10:24:08.456 [main] DEBUG org.hibernate.orm.results.loading.org.hibernate.orm.results.loading.collection - (DelayedCollectionInitializer) Current row collection key : org.frcpm.models.Project(959664737857600).milestones#104
10:24:08.456 [main] DEBUG org.hibernate.orm.results.loading.org.hibernate.orm.results.loading.collection - (DelayedCollectionInitializer) Current row collection key : org.frcpm.models.Project(959664737857600).tasks#104
10:24:08.456 [main] DEBUG org.hibernate.orm.results.loading.entity - (EntityResultInitializer) Created new entity instance [org.frcpm.models.Project(959664737857600)#104] : 1139566718
10:24:08.456 [main] DEBUG org.hibernate.orm.results - Extracted JDBC value [1] - [null]
10:24:08.456 [main] DEBUG org.hibernate.orm.results - Extracted JDBC value [2] - [2025-06-06]
10:24:08.456 [main] DEBUG org.hibernate.orm.results - Extracted JDBC value [3] - [2025-06-20]
10:24:08.456 [main] DEBUG org.hibernate.orm.results - Extracted JDBC value [4] - [Component Test Project]
10:24:08.456 [main] DEBUG org.hibernate.orm.results - Extracted JDBC value [5] - [2025-04-25]
10:24:08.456 [main] DEBUG org.hibernate.orm.results.loading.entity - (EntityResultInitializer) Done materializing entityInstance : org.frcpm.models.Project(959664737857600)#104
10:24:08.456 [main] DEBUG org.hibernate.orm.results.loading - Calling top-level assembler (0 / 1) : org.hibernate.sql.results.graph.entity.internal.EntityAssembler@67af3485
10:24:08.456 [main] DEBUG org.hibernate.orm.results - Extracted JDBC value [0] - [135]
10:24:08.456 [main] DEBUG org.hibernate.orm.results.loading.entity - (EntityResultInitializer) Hydrated EntityKey (org.frcpm.models.Project(959664737857600)): 135
10:24:08.456 [main] DEBUG org.hibernate.orm.results.loading.org.hibernate.orm.results.loading.collection - (DelayedCollectionInitializer) Current row collection key : org.frcpm.models.Project(959664737857600).meetings#135
10:24:08.456 [main] DEBUG org.hibernate.orm.results.loading.org.hibernate.orm.results.loading.collection - (DelayedCollectionInitializer) Current row collection key : org.frcpm.models.Project(959664737857600).milestones#135
10:24:08.456 [main] DEBUG org.hibernate.orm.results.loading.org.hibernate.orm.results.loading.collection - (DelayedCollectionInitializer) Current row collection key : org.frcpm.models.Project(959664737857600).tasks#135
10:24:08.456 [main] DEBUG org.hibernate.orm.results.loading.entity - (EntityResultInitializer) Created new entity instance [org.frcpm.models.Project(959664737857600)#135] : 1498246437
10:24:08.456 [main] DEBUG org.hibernate.orm.results - Extracted JDBC value [1] - [null]
10:24:08.456 [main] DEBUG org.hibernate.orm.results - Extracted JDBC value [2] - [2025-05-23]
10:24:08.456 [main] DEBUG org.hibernate.orm.results - Extracted JDBC value [3] - [2025-06-06]
10:24:08.456 [main] DEBUG org.hibernate.orm.results - Extracted JDBC value [4] - [Test Create Service Project]
10:24:08.456 [main] DEBUG org.hibernate.orm.results - Extracted JDBC value [5] - [2025-04-25]
10:24:08.456 [main] DEBUG org.hibernate.orm.results.loading.entity - (EntityResultInitializer) Done materializing entityInstance : org.frcpm.models.Project(959664737857600)#135
10:24:08.456 [main] DEBUG org.hibernate.orm.results.loading - Calling top-level assembler (0 / 1) : org.hibernate.sql.results.graph.entity.internal.EntityAssembler@67af3485
10:24:08.456 [main] DEBUG org.hibernate.orm.results - Extracted JDBC value [0] - [142]
10:24:08.456 [main] DEBUG org.hibernate.orm.results.loading.entity - (EntityResultInitializer) Hydrated EntityKey (org.frcpm.models.Project(959664737857600)): 142
10:24:08.456 [main] DEBUG org.hibernate.orm.results.loading.org.hibernate.orm.results.loading.collection - (DelayedCollectionInitializer) Current row collection key : org.frcpm.models.Project(959664737857600).meetings#142
10:24:08.456 [main] DEBUG org.hibernate.orm.results.loading.org.hibernate.orm.results.loading.collection - (DelayedCollectionInitializer) Current row collection key : org.frcpm.models.Project(959664737857600).milestones#142
10:24:08.456 [main] DEBUG org.hibernate.orm.results.loading.org.hibernate.orm.results.loading.collection - (DelayedCollectionInitializer) Current row collection key : org.frcpm.models.Project(959664737857600).tasks#142
10:24:08.456 [main] DEBUG org.hibernate.orm.results.loading.entity - (EntityResultInitializer) Created new entity instance [org.frcpm.models.Project(959664737857600)#142] : 1461413713
10:24:08.456 [main] DEBUG org.hibernate.orm.results - Extracted JDBC value [1] - [Updated description]
10:24:08.456 [main] DEBUG org.hibernate.orm.results - Extracted JDBC value [2] - [2025-05-23]
10:24:08.456 [main] DEBUG org.hibernate.orm.results - Extracted JDBC value [3] - [2025-06-06]
10:24:08.456 [main] DEBUG org.hibernate.orm.results - Extracted JDBC value [4] - [Updated Service Project Name]
10:24:08.456 [main] DEBUG org.hibernate.orm.results - Extracted JDBC value [5] - [2025-04-25]
10:24:08.456 [main] DEBUG org.hibernate.orm.results.loading.entity - (EntityResultInitializer) Done materializing entityInstance : org.frcpm.models.Project(959664737857600)#142
10:24:08.456 [main] DEBUG org.hibernate.orm.results.loading - Calling top-level assembler (0 / 1) : org.hibernate.sql.results.graph.entity.internal.EntityAssembler@67af3485
10:24:08.456 [main] DEBUG org.hibernate.orm.results - Extracted JDBC value [0] - [148]
10:24:08.456 [main] DEBUG org.hibernate.orm.results.loading.entity - (EntityResultInitializer) Hydrated EntityKey (org.frcpm.models.Project(959664737857600)): 148
10:24:08.456 [main] DEBUG org.hibernate.orm.results.loading.org.hibernate.orm.results.loading.collection - (DelayedCollectionInitializer) Current row collection key : org.frcpm.models.Project(959664737857600).meetings#148
10:24:08.456 [main] DEBUG org.hibernate.orm.results.loading.org.hibernate.orm.results.loading.collection - (DelayedCollectionInitializer) Current row collection key : org.frcpm.models.Project(959664737857600).milestones#148
10:24:08.456 [main] DEBUG org.hibernate.orm.results.loading.org.hibernate.orm.results.loading.collection - (DelayedCollectionInitializer) Current row collection key : org.frcpm.models.Project(959664737857600).tasks#148
10:24:08.456 [main] DEBUG org.hibernate.orm.results.loading.entity - (EntityResultInitializer) Created new entity instance [org.frcpm.models.Project(959664737857600)#148] : 1981023350
10:24:08.456 [main] DEBUG org.hibernate.orm.results - Extracted JDBC value [1] - [null]
10:24:08.456 [main] DEBUG org.hibernate.orm.results - Extracted JDBC value [2] - [2025-05-23]
10:24:08.456 [main] DEBUG org.hibernate.orm.results - Extracted JDBC value [3] - [2025-06-06]
10:24:08.456 [main] DEBUG org.hibernate.orm.results - Extracted JDBC value [4] - [Test Summary Project]
10:24:08.456 [main] DEBUG org.hibernate.orm.results - Extracted JDBC value [5] - [2025-04-25]
10:24:08.456 [main] DEBUG org.hibernate.orm.results.loading.entity - (EntityResultInitializer) Done materializing entityInstance : org.frcpm.models.Project(959664737857600)#148
10:24:08.456 [main] DEBUG org.hibernate.orm.results.loading - Calling top-level assembler (0 / 1) : org.hibernate.sql.results.graph.entity.internal.EntityAssembler@67af3485
10:24:08.457 [main] DEBUG org.hibernate.resource.jdbc.internal.LogicalConnectionManagedImpl - Initiating JDBC connection release from afterTransaction
10:24:08.457 [main] DEBUG org.hibernate.resource.jdbc.internal.LogicalConnectionManagedImpl - Initiating JDBC connection release from afterTransaction
]]></system-out>
    <system-err><![CDATA[Apr 25, 2025 10:24:08 AM org.frcpm.controllers.ProjectController setupBindings
WARNING: UI components not initialized - likely in test environment
]]></system-err>
  </testcase>
  <testcase name="testShowChoiceDialog" classname="org.frcpm.controllers.ProjectControllerTest" time="0.023">
    <system-out><![CDATA[10:24:08.461 [main] DEBUG org.hibernate.orm.sql.ast.create - Created new SQL alias : p1_0
10:24:08.461 [main] DEBUG org.hibernate.orm.sql.ast.create - Registration of TableGroup [StandardTableGroup(org.frcpm.models.Project(959664748326000))] with identifierForTableGroup [org.frcpm.models.Project] for NavigablePath [org.frcpm.models.Project] 
10:24:08.462 [main] DEBUG org.hibernate.orm.results.graph.AST - DomainResult Graph:
 \-EntityResultImpl [org.frcpm.models.Project(959664748326000)]
 |  +-BasicFetch [org.frcpm.models.Project(959664748326000).description]
 |  +-BasicFetch [org.frcpm.models.Project(959664748326000).goalEndDate]
 |  +-BasicFetch [org.frcpm.models.Project(959664748326000).hardDeadline]
 |  +-DelayedCollectionFetch [org.frcpm.models.Project(959664748326000).meetings]
 |  +-DelayedCollectionFetch [org.frcpm.models.Project(959664748326000).milestones]
 |  +-BasicFetch [org.frcpm.models.Project(959664748326000).name]
 |  +-BasicFetch [org.frcpm.models.Project(959664748326000).startDate]
 |  \-DelayedCollectionFetch [org.frcpm.models.Project(959664748326000).tasks]

10:24:08.462 [main] DEBUG org.hibernate.orm.sql.ast.tree - SQL AST Tree:
    SelectStatement {
      FromClause {
        StandardTableGroup (p1 : org.frcpm.models.Project(959664748326000)) {
          primaryTableReference : projects as p1_0
        }
      }
    }

10:24:08.462 [main] DEBUG org.hibernate.orm.sql.exec - Skipping reading Query result cache data: cache-enabled = false, cache-mode = NORMAL
10:24:08.462 [main] DEBUG org.hibernate.orm.results - Initializer list:
	  org.frcpm.models.Project(959664748326000).tasks -> DelayedCollectionInitializer(org.frcpm.models.Project(959664748326000).tasks)@662149952 (PluralAttribute(org.frcpm.models.Project.tasks))
	  org.frcpm.models.Project(959664748326000) -> EntityResultInitializer(org.frcpm.models.Project(959664748326000))@1445407330 (SingleTableEntityPersister(org.frcpm.models.Project))
	  org.frcpm.models.Project(959664748326000).meetings -> DelayedCollectionInitializer(org.frcpm.models.Project(959664748326000).meetings)@1023153276 (PluralAttribute(org.frcpm.models.Project.meetings))
	  org.frcpm.models.Project(959664748326000).milestones -> DelayedCollectionInitializer(org.frcpm.models.Project(959664748326000).milestones)@520654378 (PluralAttribute(org.frcpm.models.Project.milestones))

10:24:08.462 [main] DEBUG org.hibernate.SQL - select p1_0.id,p1_0.description,p1_0.goal_end_date,p1_0.hard_deadline,p1_0.name,p1_0.start_date from projects p1_0
10:24:08.462 [main] DEBUG org.hibernate.orm.results - Extracted JDBC value [0] - [1]
10:24:08.462 [main] DEBUG org.hibernate.orm.results.loading.entity - (EntityResultInitializer) Hydrated EntityKey (org.frcpm.models.Project(959664748326000)): 1
10:24:08.462 [main] DEBUG org.hibernate.orm.results.loading.org.hibernate.orm.results.loading.collection - (DelayedCollectionInitializer) Current row collection key : org.frcpm.models.Project(959664748326000).meetings#1
10:24:08.462 [main] DEBUG org.hibernate.orm.results.loading.org.hibernate.orm.results.loading.collection - (DelayedCollectionInitializer) Current row collection key : org.frcpm.models.Project(959664748326000).milestones#1
10:24:08.462 [main] DEBUG org.hibernate.orm.results.loading.org.hibernate.orm.results.loading.collection - (DelayedCollectionInitializer) Current row collection key : org.frcpm.models.Project(959664748326000).tasks#1
10:24:08.462 [main] DEBUG org.hibernate.orm.results.loading.entity - (EntityResultInitializer) Created new entity instance [org.frcpm.models.Project(959664748326000)#1] : 925258547
10:24:08.463 [main] DEBUG org.hibernate.orm.results - Extracted JDBC value [1] - [Competition robot for the 2025 FIRST Robotics Competition]
10:24:08.463 [main] DEBUG org.hibernate.orm.results - Extracted JDBC value [2] - [2025-06-12]
10:24:08.463 [main] DEBUG org.hibernate.orm.results - Extracted JDBC value [3] - [2025-06-26]
10:24:08.463 [main] DEBUG org.hibernate.orm.results - Extracted JDBC value [4] - [FRC 2025 Robot]
10:24:08.463 [main] DEBUG org.hibernate.orm.results - Extracted JDBC value [5] - [2025-05-01]
10:24:08.463 [main] DEBUG org.hibernate.orm.results.loading.entity - (EntityResultInitializer) Done materializing entityInstance : org.frcpm.models.Project(959664748326000)#1
10:24:08.463 [main] DEBUG org.hibernate.orm.results.loading - Calling top-level assembler (0 / 1) : org.hibernate.sql.results.graph.entity.internal.EntityAssembler@5c66d83b
10:24:08.463 [main] DEBUG org.hibernate.orm.results - Extracted JDBC value [0] - [51]
10:24:08.463 [main] DEBUG org.hibernate.orm.results.loading.entity - (EntityResultInitializer) Hydrated EntityKey (org.frcpm.models.Project(959664748326000)): 51
10:24:08.463 [main] DEBUG org.hibernate.orm.results.loading.org.hibernate.orm.results.loading.collection - (DelayedCollectionInitializer) Current row collection key : org.frcpm.models.Project(959664748326000).meetings#51
10:24:08.463 [main] DEBUG org.hibernate.orm.results.loading.org.hibernate.orm.results.loading.collection - (DelayedCollectionInitializer) Current row collection key : org.frcpm.models.Project(959664748326000).milestones#51
10:24:08.463 [main] DEBUG org.hibernate.orm.results.loading.org.hibernate.orm.results.loading.collection - (DelayedCollectionInitializer) Current row collection key : org.frcpm.models.Project(959664748326000).tasks#51
10:24:08.463 [main] DEBUG org.hibernate.orm.results.loading.entity - (EntityResultInitializer) Created new entity instance [org.frcpm.models.Project(959664748326000)#51] : 397950078
10:24:08.463 [main] DEBUG org.hibernate.orm.results - Extracted JDBC value [1] - [null]
10:24:08.463 [main] DEBUG org.hibernate.orm.results - Extracted JDBC value [2] - [2025-05-23]
10:24:08.463 [main] DEBUG org.hibernate.orm.results - Extracted JDBC value [3] - [2025-06-06]
10:24:08.463 [main] DEBUG org.hibernate.orm.results - Extracted JDBC value [4] - [Test Count Project]
10:24:08.463 [main] DEBUG org.hibernate.orm.results - Extracted JDBC value [5] - [2025-04-25]
10:24:08.463 [main] DEBUG org.hibernate.orm.results.loading.entity - (EntityResultInitializer) Done materializing entityInstance : org.frcpm.models.Project(959664748326000)#51
10:24:08.463 [main] DEBUG org.hibernate.orm.results.loading - Calling top-level assembler (0 / 1) : org.hibernate.sql.results.graph.entity.internal.EntityAssembler@5c66d83b
10:24:08.463 [main] DEBUG org.hibernate.orm.results - Extracted JDBC value [0] - [54]
10:24:08.463 [main] DEBUG org.hibernate.orm.results.loading.entity - (EntityResultInitializer) Hydrated EntityKey (org.frcpm.models.Project(959664748326000)): 54
10:24:08.463 [main] DEBUG org.hibernate.orm.results.loading.org.hibernate.orm.results.loading.collection - (DelayedCollectionInitializer) Current row collection key : org.frcpm.models.Project(959664748326000).meetings#54
10:24:08.463 [main] DEBUG org.hibernate.orm.results.loading.org.hibernate.orm.results.loading.collection - (DelayedCollectionInitializer) Current row collection key : org.frcpm.models.Project(959664748326000).milestones#54
10:24:08.463 [main] DEBUG org.hibernate.orm.results.loading.org.hibernate.orm.results.loading.collection - (DelayedCollectionInitializer) Current row collection key : org.frcpm.models.Project(959664748326000).tasks#54
10:24:08.463 [main] DEBUG org.hibernate.orm.results.loading.entity - (EntityResultInitializer) Created new entity instance [org.frcpm.models.Project(959664748326000)#54] : 321151067
10:24:08.463 [main] DEBUG org.hibernate.orm.results - Extracted JDBC value [1] - [Test save description]
10:24:08.463 [main] DEBUG org.hibernate.orm.results - Extracted JDBC value [2] - [2025-05-23]
10:24:08.463 [main] DEBUG org.hibernate.orm.results - Extracted JDBC value [3] - [2025-06-06]
10:24:08.463 [main] DEBUG org.hibernate.orm.results - Extracted JDBC value [4] - [Test Save Project]
10:24:08.463 [main] DEBUG org.hibernate.orm.results - Extracted JDBC value [5] - [2025-04-25]
10:24:08.463 [main] DEBUG org.hibernate.orm.results.loading.entity - (EntityResultInitializer) Done materializing entityInstance : org.frcpm.models.Project(959664748326000)#54
10:24:08.463 [main] DEBUG org.hibernate.orm.results.loading - Calling top-level assembler (0 / 1) : org.hibernate.sql.results.graph.entity.internal.EntityAssembler@5c66d83b
10:24:08.463 [main] DEBUG org.hibernate.orm.results - Extracted JDBC value [0] - [69]
10:24:08.463 [main] DEBUG org.hibernate.orm.results.loading.entity - (EntityResultInitializer) Hydrated EntityKey (org.frcpm.models.Project(959664748326000)): 69
10:24:08.463 [main] DEBUG org.hibernate.orm.results.loading.org.hibernate.orm.results.loading.collection - (DelayedCollectionInitializer) Current row collection key : org.frcpm.models.Project(959664748326000).meetings#69
10:24:08.463 [main] DEBUG org.hibernate.orm.results.loading.org.hibernate.orm.results.loading.collection - (DelayedCollectionInitializer) Current row collection key : org.frcpm.models.Project(959664748326000).milestones#69
10:24:08.463 [main] DEBUG org.hibernate.orm.results.loading.org.hibernate.orm.results.loading.collection - (DelayedCollectionInitializer) Current row collection key : org.frcpm.models.Project(959664748326000).tasks#69
10:24:08.463 [main] DEBUG org.hibernate.orm.results.loading.entity - (EntityResultInitializer) Created new entity instance [org.frcpm.models.Project(959664748326000)#69] : 1833374907
10:24:08.463 [main] DEBUG org.hibernate.orm.results - Extracted JDBC value [1] - [null]
10:24:08.463 [main] DEBUG org.hibernate.orm.results - Extracted JDBC value [2] - [2025-05-23]
10:24:08.463 [main] DEBUG org.hibernate.orm.results - Extracted JDBC value [3] - [2025-06-06]
10:24:08.463 [main] DEBUG org.hibernate.orm.results - Extracted JDBC value [4] - [Updated Project Name]
10:24:08.463 [main] DEBUG org.hibernate.orm.results - Extracted JDBC value [5] - [2025-04-25]
10:24:08.463 [main] DEBUG org.hibernate.orm.results.loading.entity - (EntityResultInitializer) Done materializing entityInstance : org.frcpm.models.Project(959664748326000)#69
10:24:08.463 [main] DEBUG org.hibernate.orm.results.loading - Calling top-level assembler (0 / 1) : org.hibernate.sql.results.graph.entity.internal.EntityAssembler@5c66d83b
10:24:08.463 [main] DEBUG org.hibernate.orm.results - Extracted JDBC value [0] - [70]
10:24:08.463 [main] DEBUG org.hibernate.orm.results.loading.entity - (EntityResultInitializer) Hydrated EntityKey (org.frcpm.models.Project(959664748326000)): 70
10:24:08.463 [main] DEBUG org.hibernate.orm.results.loading.org.hibernate.orm.results.loading.collection - (DelayedCollectionInitializer) Current row collection key : org.frcpm.models.Project(959664748326000).meetings#70
10:24:08.463 [main] DEBUG org.hibernate.orm.results.loading.org.hibernate.orm.results.loading.collection - (DelayedCollectionInitializer) Current row collection key : org.frcpm.models.Project(959664748326000).milestones#70
10:24:08.463 [main] DEBUG org.hibernate.orm.results.loading.org.hibernate.orm.results.loading.collection - (DelayedCollectionInitializer) Current row collection key : org.frcpm.models.Project(959664748326000).tasks#70
10:24:08.463 [main] DEBUG org.hibernate.orm.results.loading.entity - (EntityResultInitializer) Created new entity instance [org.frcpm.models.Project(959664748326000)#70] : 1290612921
10:24:08.463 [main] DEBUG org.hibernate.orm.results - Extracted JDBC value [1] - [null]
10:24:08.463 [main] DEBUG org.hibernate.orm.results - Extracted JDBC value [2] - [2025-06-06]
10:24:08.463 [main] DEBUG org.hibernate.orm.results - Extracted JDBC value [3] - [2025-06-20]
10:24:08.463 [main] DEBUG org.hibernate.orm.results - Extracted JDBC value [4] - [Test Task Project]
10:24:08.463 [main] DEBUG org.hibernate.orm.results - Extracted JDBC value [5] - [2025-04-25]
10:24:08.463 [main] DEBUG org.hibernate.orm.results.loading.entity - (EntityResultInitializer) Done materializing entityInstance : org.frcpm.models.Project(959664748326000)#70
10:24:08.463 [main] DEBUG org.hibernate.orm.results.loading - Calling top-level assembler (0 / 1) : org.hibernate.sql.results.graph.entity.internal.EntityAssembler@5c66d83b
10:24:08.463 [main] DEBUG org.hibernate.orm.results - Extracted JDBC value [0] - [71]
10:24:08.463 [main] DEBUG org.hibernate.orm.results.loading.entity - (EntityResultInitializer) Hydrated EntityKey (org.frcpm.models.Project(959664748326000)): 71
10:24:08.463 [main] DEBUG org.hibernate.orm.results.loading.org.hibernate.orm.results.loading.collection - (DelayedCollectionInitializer) Current row collection key : org.frcpm.models.Project(959664748326000).meetings#71
10:24:08.463 [main] DEBUG org.hibernate.orm.results.loading.org.hibernate.orm.results.loading.collection - (DelayedCollectionInitializer) Current row collection key : org.frcpm.models.Project(959664748326000).milestones#71
10:24:08.463 [main] DEBUG org.hibernate.orm.results.loading.org.hibernate.orm.results.loading.collection - (DelayedCollectionInitializer) Current row collection key : org.frcpm.models.Project(959664748326000).tasks#71
10:24:08.465 [main] DEBUG org.hibernate.orm.results.loading.entity - (EntityResultInitializer) Created new entity instance [org.frcpm.models.Project(959664748326000)#71] : 236995610
10:24:08.465 [main] DEBUG org.hibernate.orm.results - Extracted JDBC value [1] - [null]
10:24:08.465 [main] DEBUG org.hibernate.orm.results - Extracted JDBC value [2] - [2025-06-06]
10:24:08.465 [main] DEBUG org.hibernate.orm.results - Extracted JDBC value [3] - [2025-06-20]
10:24:08.465 [main] DEBUG org.hibernate.orm.results - Extracted JDBC value [4] - [Test Task Project]
10:24:08.465 [main] DEBUG org.hibernate.orm.results - Extracted JDBC value [5] - [2025-04-25]
10:24:08.465 [main] DEBUG org.hibernate.orm.results.loading.entity - (EntityResultInitializer) Done materializing entityInstance : org.frcpm.models.Project(959664748326000)#71
10:24:08.465 [main] DEBUG org.hibernate.orm.results.loading - Calling top-level assembler (0 / 1) : org.hibernate.sql.results.graph.entity.internal.EntityAssembler@5c66d83b
10:24:08.466 [main] DEBUG org.hibernate.orm.results - Extracted JDBC value [0] - [72]
10:24:08.466 [main] DEBUG org.hibernate.orm.results.loading.entity - (EntityResultInitializer) Hydrated EntityKey (org.frcpm.models.Project(959664748326000)): 72
10:24:08.466 [main] DEBUG org.hibernate.orm.results.loading.org.hibernate.orm.results.loading.collection - (DelayedCollectionInitializer) Current row collection key : org.frcpm.models.Project(959664748326000).meetings#72
10:24:08.466 [main] DEBUG org.hibernate.orm.results.loading.org.hibernate.orm.results.loading.collection - (DelayedCollectionInitializer) Current row collection key : org.frcpm.models.Project(959664748326000).milestones#72
10:24:08.466 [main] DEBUG org.hibernate.orm.results.loading.org.hibernate.orm.results.loading.collection - (DelayedCollectionInitializer) Current row collection key : org.frcpm.models.Project(959664748326000).tasks#72
10:24:08.466 [main] DEBUG org.hibernate.orm.results.loading.entity - (EntityResultInitializer) Created new entity instance [org.frcpm.models.Project(959664748326000)#72] : 1556938691
10:24:08.466 [main] DEBUG org.hibernate.orm.results - Extracted JDBC value [1] - [null]
10:24:08.466 [main] DEBUG org.hibernate.orm.results - Extracted JDBC value [2] - [2025-06-06]
10:24:08.466 [main] DEBUG org.hibernate.orm.results - Extracted JDBC value [3] - [2025-06-20]
10:24:08.466 [main] DEBUG org.hibernate.orm.results - Extracted JDBC value [4] - [Test Task Project]
10:24:08.466 [main] DEBUG org.hibernate.orm.results - Extracted JDBC value [5] - [2025-04-25]
10:24:08.466 [main] DEBUG org.hibernate.orm.results.loading.entity - (EntityResultInitializer) Done materializing entityInstance : org.frcpm.models.Project(959664748326000)#72
10:24:08.466 [main] DEBUG org.hibernate.orm.results.loading - Calling top-level assembler (0 / 1) : org.hibernate.sql.results.graph.entity.internal.EntityAssembler@5c66d83b
10:24:08.466 [main] DEBUG org.hibernate.orm.results - Extracted JDBC value [0] - [73]
10:24:08.466 [main] DEBUG org.hibernate.orm.results.loading.entity - (EntityResultInitializer) Hydrated EntityKey (org.frcpm.models.Project(959664748326000)): 73
10:24:08.466 [main] DEBUG org.hibernate.orm.results.loading.org.hibernate.orm.results.loading.collection - (DelayedCollectionInitializer) Current row collection key : org.frcpm.models.Project(959664748326000).meetings#73
10:24:08.466 [main] DEBUG org.hibernate.orm.results.loading.org.hibernate.orm.results.loading.collection - (DelayedCollectionInitializer) Current row collection key : org.frcpm.models.Project(959664748326000).milestones#73
10:24:08.466 [main] DEBUG org.hibernate.orm.results.loading.org.hibernate.orm.results.loading.collection - (DelayedCollectionInitializer) Current row collection key : org.frcpm.models.Project(959664748326000).tasks#73
10:24:08.466 [main] DEBUG org.hibernate.orm.results.loading.entity - (EntityResultInitializer) Created new entity instance [org.frcpm.models.Project(959664748326000)#73] : 1548975105
10:24:08.466 [main] DEBUG org.hibernate.orm.results - Extracted JDBC value [1] - [null]
10:24:08.466 [main] DEBUG org.hibernate.orm.results - Extracted JDBC value [2] - [2025-06-06]
10:24:08.466 [main] DEBUG org.hibernate.orm.results - Extracted JDBC value [3] - [2025-06-20]
10:24:08.466 [main] DEBUG org.hibernate.orm.results - Extracted JDBC value [4] - [Test Task Project]
10:24:08.466 [main] DEBUG org.hibernate.orm.results - Extracted JDBC value [5] - [2025-04-25]
10:24:08.466 [main] DEBUG org.hibernate.orm.results.loading.entity - (EntityResultInitializer) Done materializing entityInstance : org.frcpm.models.Project(959664748326000)#73
10:24:08.466 [main] DEBUG org.hibernate.orm.results.loading - Calling top-level assembler (0 / 1) : org.hibernate.sql.results.graph.entity.internal.EntityAssembler@5c66d83b
10:24:08.466 [main] DEBUG org.hibernate.orm.results - Extracted JDBC value [0] - [74]
10:24:08.466 [main] DEBUG org.hibernate.orm.results.loading.entity - (EntityResultInitializer) Hydrated EntityKey (org.frcpm.models.Project(959664748326000)): 74
10:24:08.466 [main] DEBUG org.hibernate.orm.results.loading.org.hibernate.orm.results.loading.collection - (DelayedCollectionInitializer) Current row collection key : org.frcpm.models.Project(959664748326000).meetings#74
10:24:08.466 [main] DEBUG org.hibernate.orm.results.loading.org.hibernate.orm.results.loading.collection - (DelayedCollectionInitializer) Current row collection key : org.frcpm.models.Project(959664748326000).milestones#74
10:24:08.466 [main] DEBUG org.hibernate.orm.results.loading.org.hibernate.orm.results.loading.collection - (DelayedCollectionInitializer) Current row collection key : org.frcpm.models.Project(959664748326000).tasks#74
10:24:08.466 [main] DEBUG org.hibernate.orm.results.loading.entity - (EntityResultInitializer) Created new entity instance [org.frcpm.models.Project(959664748326000)#74] : 1711069931
10:24:08.467 [main] DEBUG org.hibernate.orm.results - Extracted JDBC value [1] - [null]
10:24:08.467 [main] DEBUG org.hibernate.orm.results - Extracted JDBC value [2] - [2025-06-06]
10:24:08.467 [main] DEBUG org.hibernate.orm.results - Extracted JDBC value [3] - [2025-06-20]
10:24:08.467 [main] DEBUG org.hibernate.orm.results - Extracted JDBC value [4] - [Test Task Project]
10:24:08.467 [main] DEBUG org.hibernate.orm.results - Extracted JDBC value [5] - [2025-04-25]
10:24:08.467 [main] DEBUG org.hibernate.orm.results.loading.entity - (EntityResultInitializer) Done materializing entityInstance : org.frcpm.models.Project(959664748326000)#74
10:24:08.467 [main] DEBUG org.hibernate.orm.results.loading - Calling top-level assembler (0 / 1) : org.hibernate.sql.results.graph.entity.internal.EntityAssembler@5c66d83b
10:24:08.467 [main] DEBUG org.hibernate.orm.results - Extracted JDBC value [0] - [75]
10:24:08.467 [main] DEBUG org.hibernate.orm.results.loading.entity - (EntityResultInitializer) Hydrated EntityKey (org.frcpm.models.Project(959664748326000)): 75
10:24:08.467 [main] DEBUG org.hibernate.orm.results.loading.org.hibernate.orm.results.loading.collection - (DelayedCollectionInitializer) Current row collection key : org.frcpm.models.Project(959664748326000).meetings#75
10:24:08.467 [main] DEBUG org.hibernate.orm.results.loading.org.hibernate.orm.results.loading.collection - (DelayedCollectionInitializer) Current row collection key : org.frcpm.models.Project(959664748326000).milestones#75
10:24:08.467 [main] DEBUG org.hibernate.orm.results.loading.org.hibernate.orm.results.loading.collection - (DelayedCollectionInitializer) Current row collection key : org.frcpm.models.Project(959664748326000).tasks#75
10:24:08.467 [main] DEBUG org.hibernate.orm.results.loading.entity - (EntityResultInitializer) Created new entity instance [org.frcpm.models.Project(959664748326000)#75] : 1816413081
10:24:08.467 [main] DEBUG org.hibernate.orm.results - Extracted JDBC value [1] - [null]
10:24:08.468 [main] DEBUG org.hibernate.orm.results - Extracted JDBC value [2] - [2025-06-06]
10:24:08.468 [main] DEBUG org.hibernate.orm.results - Extracted JDBC value [3] - [2025-06-20]
10:24:08.468 [main] DEBUG org.hibernate.orm.results - Extracted JDBC value [4] - [Test Task Project]
10:24:08.468 [main] DEBUG org.hibernate.orm.results - Extracted JDBC value [5] - [2025-04-25]
10:24:08.468 [main] DEBUG org.hibernate.orm.results.loading.entity - (EntityResultInitializer) Done materializing entityInstance : org.frcpm.models.Project(959664748326000)#75
10:24:08.469 [main] DEBUG org.hibernate.orm.results.loading - Calling top-level assembler (0 / 1) : org.hibernate.sql.results.graph.entity.internal.EntityAssembler@5c66d83b
10:24:08.469 [main] DEBUG org.hibernate.orm.results - Extracted JDBC value [0] - [76]
10:24:08.469 [main] DEBUG org.hibernate.orm.results.loading.entity - (EntityResultInitializer) Hydrated EntityKey (org.frcpm.models.Project(959664748326000)): 76
10:24:08.469 [main] DEBUG org.hibernate.orm.results.loading.org.hibernate.orm.results.loading.collection - (DelayedCollectionInitializer) Current row collection key : org.frcpm.models.Project(959664748326000).meetings#76
10:24:08.469 [main] DEBUG org.hibernate.orm.results.loading.org.hibernate.orm.results.loading.collection - (DelayedCollectionInitializer) Current row collection key : org.frcpm.models.Project(959664748326000).milestones#76
10:24:08.469 [main] DEBUG org.hibernate.orm.results.loading.org.hibernate.orm.results.loading.collection - (DelayedCollectionInitializer) Current row collection key : org.frcpm.models.Project(959664748326000).tasks#76
10:24:08.469 [main] DEBUG org.hibernate.orm.results.loading.entity - (EntityResultInitializer) Created new entity instance [org.frcpm.models.Project(959664748326000)#76] : 635480204
10:24:08.469 [main] DEBUG org.hibernate.orm.results - Extracted JDBC value [1] - [null]
10:24:08.469 [main] DEBUG org.hibernate.orm.results - Extracted JDBC value [2] - [2025-06-06]
10:24:08.469 [main] DEBUG org.hibernate.orm.results - Extracted JDBC value [3] - [2025-06-20]
10:24:08.469 [main] DEBUG org.hibernate.orm.results - Extracted JDBC value [4] - [Test Task Project]
10:24:08.469 [main] DEBUG org.hibernate.orm.results - Extracted JDBC value [5] - [2025-04-25]
10:24:08.469 [main] DEBUG org.hibernate.orm.results.loading.entity - (EntityResultInitializer) Done materializing entityInstance : org.frcpm.models.Project(959664748326000)#76
10:24:08.469 [main] DEBUG org.hibernate.orm.results.loading - Calling top-level assembler (0 / 1) : org.hibernate.sql.results.graph.entity.internal.EntityAssembler@5c66d83b
10:24:08.469 [main] DEBUG org.hibernate.orm.results - Extracted JDBC value [0] - [77]
10:24:08.469 [main] DEBUG org.hibernate.orm.results.loading.entity - (EntityResultInitializer) Hydrated EntityKey (org.frcpm.models.Project(959664748326000)): 77
10:24:08.469 [main] DEBUG org.hibernate.orm.results.loading.org.hibernate.orm.results.loading.collection - (DelayedCollectionInitializer) Current row collection key : org.frcpm.models.Project(959664748326000).meetings#77
10:24:08.469 [main] DEBUG org.hibernate.orm.results.loading.org.hibernate.orm.results.loading.collection - (DelayedCollectionInitializer) Current row collection key : org.frcpm.models.Project(959664748326000).milestones#77
10:24:08.469 [main] DEBUG org.hibernate.orm.results.loading.org.hibernate.orm.results.loading.collection - (DelayedCollectionInitializer) Current row collection key : org.frcpm.models.Project(959664748326000).tasks#77
10:24:08.470 [main] DEBUG org.hibernate.orm.results.loading.entity - (EntityResultInitializer) Created new entity instance [org.frcpm.models.Project(959664748326000)#77] : 1279781787
10:24:08.470 [main] DEBUG org.hibernate.orm.results - Extracted JDBC value [1] - [null]
10:24:08.470 [main] DEBUG org.hibernate.orm.results - Extracted JDBC value [2] - [2025-06-06]
10:24:08.470 [main] DEBUG org.hibernate.orm.results - Extracted JDBC value [3] - [2025-06-20]
10:24:08.470 [main] DEBUG org.hibernate.orm.results - Extracted JDBC value [4] - [Test Task Project]
10:24:08.470 [main] DEBUG org.hibernate.orm.results - Extracted JDBC value [5] - [2025-04-25]
10:24:08.470 [main] DEBUG org.hibernate.orm.results.loading.entity - (EntityResultInitializer) Done materializing entityInstance : org.frcpm.models.Project(959664748326000)#77
10:24:08.470 [main] DEBUG org.hibernate.orm.results.loading - Calling top-level assembler (0 / 1) : org.hibernate.sql.results.graph.entity.internal.EntityAssembler@5c66d83b
10:24:08.470 [main] DEBUG org.hibernate.orm.results - Extracted JDBC value [0] - [78]
10:24:08.470 [main] DEBUG org.hibernate.orm.results.loading.entity - (EntityResultInitializer) Hydrated EntityKey (org.frcpm.models.Project(959664748326000)): 78
10:24:08.470 [main] DEBUG org.hibernate.orm.results.loading.org.hibernate.orm.results.loading.collection - (DelayedCollectionInitializer) Current row collection key : org.frcpm.models.Project(959664748326000).meetings#78
10:24:08.470 [main] DEBUG org.hibernate.orm.results.loading.org.hibernate.orm.results.loading.collection - (DelayedCollectionInitializer) Current row collection key : org.frcpm.models.Project(959664748326000).milestones#78
10:24:08.470 [main] DEBUG org.hibernate.orm.results.loading.org.hibernate.orm.results.loading.collection - (DelayedCollectionInitializer) Current row collection key : org.frcpm.models.Project(959664748326000).tasks#78
10:24:08.470 [main] DEBUG org.hibernate.orm.results.loading.entity - (EntityResultInitializer) Created new entity instance [org.frcpm.models.Project(959664748326000)#78] : 1488390601
10:24:08.470 [main] DEBUG org.hibernate.orm.results - Extracted JDBC value [1] - [null]
10:24:08.470 [main] DEBUG org.hibernate.orm.results - Extracted JDBC value [2] - [2025-06-06]
10:24:08.470 [main] DEBUG org.hibernate.orm.results - Extracted JDBC value [3] - [2025-06-20]
10:24:08.470 [main] DEBUG org.hibernate.orm.results - Extracted JDBC value [4] - [Test Task Project]
10:24:08.470 [main] DEBUG org.hibernate.orm.results - Extracted JDBC value [5] - [2025-04-25]
10:24:08.470 [main] DEBUG org.hibernate.orm.results.loading.entity - (EntityResultInitializer) Done materializing entityInstance : org.frcpm.models.Project(959664748326000)#78
10:24:08.471 [main] DEBUG org.hibernate.orm.results.loading - Calling top-level assembler (0 / 1) : org.hibernate.sql.results.graph.entity.internal.EntityAssembler@5c66d83b
10:24:08.471 [main] DEBUG org.hibernate.orm.results - Extracted JDBC value [0] - [79]
10:24:08.471 [main] DEBUG org.hibernate.orm.results.loading.entity - (EntityResultInitializer) Hydrated EntityKey (org.frcpm.models.Project(959664748326000)): 79
10:24:08.471 [main] DEBUG org.hibernate.orm.results.loading.org.hibernate.orm.results.loading.collection - (DelayedCollectionInitializer) Current row collection key : org.frcpm.models.Project(959664748326000).meetings#79
10:24:08.471 [main] DEBUG org.hibernate.orm.results.loading.org.hibernate.orm.results.loading.collection - (DelayedCollectionInitializer) Current row collection key : org.frcpm.models.Project(959664748326000).milestones#79
10:24:08.471 [main] DEBUG org.hibernate.orm.results.loading.org.hibernate.orm.results.loading.collection - (DelayedCollectionInitializer) Current row collection key : org.frcpm.models.Project(959664748326000).tasks#79
10:24:08.471 [main] DEBUG org.hibernate.orm.results.loading.entity - (EntityResultInitializer) Created new entity instance [org.frcpm.models.Project(959664748326000)#79] : 541790859
10:24:08.471 [main] DEBUG org.hibernate.orm.results - Extracted JDBC value [1] - [null]
10:24:08.471 [main] DEBUG org.hibernate.orm.results - Extracted JDBC value [2] - [2025-06-06]
10:24:08.471 [main] DEBUG org.hibernate.orm.results - Extracted JDBC value [3] - [2025-06-20]
10:24:08.471 [main] DEBUG org.hibernate.orm.results - Extracted JDBC value [4] - [Test Task Project]
10:24:08.471 [main] DEBUG org.hibernate.orm.results - Extracted JDBC value [5] - [2025-04-25]
10:24:08.471 [main] DEBUG org.hibernate.orm.results.loading.entity - (EntityResultInitializer) Done materializing entityInstance : org.frcpm.models.Project(959664748326000)#79
10:24:08.471 [main] DEBUG org.hibernate.orm.results.loading - Calling top-level assembler (0 / 1) : org.hibernate.sql.results.graph.entity.internal.EntityAssembler@5c66d83b
10:24:08.471 [main] DEBUG org.hibernate.orm.results - Extracted JDBC value [0] - [80]
10:24:08.471 [main] DEBUG org.hibernate.orm.results.loading.entity - (EntityResultInitializer) Hydrated EntityKey (org.frcpm.models.Project(959664748326000)): 80
10:24:08.471 [main] DEBUG org.hibernate.orm.results.loading.org.hibernate.orm.results.loading.collection - (DelayedCollectionInitializer) Current row collection key : org.frcpm.models.Project(959664748326000).meetings#80
10:24:08.471 [main] DEBUG org.hibernate.orm.results.loading.org.hibernate.orm.results.loading.collection - (DelayedCollectionInitializer) Current row collection key : org.frcpm.models.Project(959664748326000).milestones#80
10:24:08.471 [main] DEBUG org.hibernate.orm.results.loading.org.hibernate.orm.results.loading.collection - (DelayedCollectionInitializer) Current row collection key : org.frcpm.models.Project(959664748326000).tasks#80
10:24:08.471 [main] DEBUG org.hibernate.orm.results.loading.entity - (EntityResultInitializer) Created new entity instance [org.frcpm.models.Project(959664748326000)#80] : 780591045
10:24:08.471 [main] DEBUG org.hibernate.orm.results - Extracted JDBC value [1] - [null]
10:24:08.471 [main] DEBUG org.hibernate.orm.results - Extracted JDBC value [2] - [2025-06-06]
10:24:08.471 [main] DEBUG org.hibernate.orm.results - Extracted JDBC value [3] - [2025-06-20]
10:24:08.471 [main] DEBUG org.hibernate.orm.results - Extracted JDBC value [4] - [Test Task Project]
10:24:08.471 [main] DEBUG org.hibernate.orm.results - Extracted JDBC value [5] - [2025-04-25]
10:24:08.471 [main] DEBUG org.hibernate.orm.results.loading.entity - (EntityResultInitializer) Done materializing entityInstance : org.frcpm.models.Project(959664748326000)#80
10:24:08.471 [main] DEBUG org.hibernate.orm.results.loading - Calling top-level assembler (0 / 1) : org.hibernate.sql.results.graph.entity.internal.EntityAssembler@5c66d83b
10:24:08.471 [main] DEBUG org.hibernate.orm.results - Extracted JDBC value [0] - [81]
10:24:08.471 [main] DEBUG org.hibernate.orm.results.loading.entity - (EntityResultInitializer) Hydrated EntityKey (org.frcpm.models.Project(959664748326000)): 81
10:24:08.471 [main] DEBUG org.hibernate.orm.results.loading.org.hibernate.orm.results.loading.collection - (DelayedCollectionInitializer) Current row collection key : org.frcpm.models.Project(959664748326000).meetings#81
10:24:08.471 [main] DEBUG org.hibernate.orm.results.loading.org.hibernate.orm.results.loading.collection - (DelayedCollectionInitializer) Current row collection key : org.frcpm.models.Project(959664748326000).milestones#81
10:24:08.471 [main] DEBUG org.hibernate.orm.results.loading.org.hibernate.orm.results.loading.collection - (DelayedCollectionInitializer) Current row collection key : org.frcpm.models.Project(959664748326000).tasks#81
10:24:08.471 [main] DEBUG org.hibernate.orm.results.loading.entity - (EntityResultInitializer) Created new entity instance [org.frcpm.models.Project(959664748326000)#81] : 1330901425
10:24:08.471 [main] DEBUG org.hibernate.orm.results - Extracted JDBC value [1] - [null]
10:24:08.471 [main] DEBUG org.hibernate.orm.results - Extracted JDBC value [2] - [2025-06-06]
10:24:08.471 [main] DEBUG org.hibernate.orm.results - Extracted JDBC value [3] - [2025-06-20]
10:24:08.471 [main] DEBUG org.hibernate.orm.results - Extracted JDBC value [4] - [Test Task Project]
10:24:08.471 [main] DEBUG org.hibernate.orm.results - Extracted JDBC value [5] - [2025-04-25]
10:24:08.472 [main] DEBUG org.hibernate.orm.results.loading.entity - (EntityResultInitializer) Done materializing entityInstance : org.frcpm.models.Project(959664748326000)#81
10:24:08.472 [main] DEBUG org.hibernate.orm.results.loading - Calling top-level assembler (0 / 1) : org.hibernate.sql.results.graph.entity.internal.EntityAssembler@5c66d83b
10:24:08.472 [main] DEBUG org.hibernate.orm.results - Extracted JDBC value [0] - [82]
10:24:08.472 [main] DEBUG org.hibernate.orm.results.loading.entity - (EntityResultInitializer) Hydrated EntityKey (org.frcpm.models.Project(959664748326000)): 82
10:24:08.472 [main] DEBUG org.hibernate.orm.results.loading.org.hibernate.orm.results.loading.collection - (DelayedCollectionInitializer) Current row collection key : org.frcpm.models.Project(959664748326000).meetings#82
10:24:08.472 [main] DEBUG org.hibernate.orm.results.loading.org.hibernate.orm.results.loading.collection - (DelayedCollectionInitializer) Current row collection key : org.frcpm.models.Project(959664748326000).milestones#82
10:24:08.472 [main] DEBUG org.hibernate.orm.results.loading.org.hibernate.orm.results.loading.collection - (DelayedCollectionInitializer) Current row collection key : org.frcpm.models.Project(959664748326000).tasks#82
10:24:08.472 [main] DEBUG org.hibernate.orm.results.loading.entity - (EntityResultInitializer) Created new entity instance [org.frcpm.models.Project(959664748326000)#82] : 1657763059
10:24:08.472 [main] DEBUG org.hibernate.orm.results - Extracted JDBC value [1] - [null]
10:24:08.472 [main] DEBUG org.hibernate.orm.results - Extracted JDBC value [2] - [2025-06-06]
10:24:08.472 [main] DEBUG org.hibernate.orm.results - Extracted JDBC value [3] - [2025-06-20]
10:24:08.472 [main] DEBUG org.hibernate.orm.results - Extracted JDBC value [4] - [Test Task Project]
10:24:08.472 [main] DEBUG org.hibernate.orm.results - Extracted JDBC value [5] - [2025-04-25]
10:24:08.472 [main] DEBUG org.hibernate.orm.results.loading.entity - (EntityResultInitializer) Done materializing entityInstance : org.frcpm.models.Project(959664748326000)#82
10:24:08.472 [main] DEBUG org.hibernate.orm.results.loading - Calling top-level assembler (0 / 1) : org.hibernate.sql.results.graph.entity.internal.EntityAssembler@5c66d83b
10:24:08.472 [main] DEBUG org.hibernate.orm.results - Extracted JDBC value [0] - [104]
10:24:08.472 [main] DEBUG org.hibernate.orm.results.loading.entity - (EntityResultInitializer) Hydrated EntityKey (org.frcpm.models.Project(959664748326000)): 104
10:24:08.472 [main] DEBUG org.hibernate.orm.results.loading.org.hibernate.orm.results.loading.collection - (DelayedCollectionInitializer) Current row collection key : org.frcpm.models.Project(959664748326000).meetings#104
10:24:08.472 [main] DEBUG org.hibernate.orm.results.loading.org.hibernate.orm.results.loading.collection - (DelayedCollectionInitializer) Current row collection key : org.frcpm.models.Project(959664748326000).milestones#104
10:24:08.472 [main] DEBUG org.hibernate.orm.results.loading.org.hibernate.orm.results.loading.collection - (DelayedCollectionInitializer) Current row collection key : org.frcpm.models.Project(959664748326000).tasks#104
10:24:08.472 [main] DEBUG org.hibernate.orm.results.loading.entity - (EntityResultInitializer) Created new entity instance [org.frcpm.models.Project(959664748326000)#104] : 837516756
10:24:08.472 [main] DEBUG org.hibernate.orm.results - Extracted JDBC value [1] - [null]
10:24:08.472 [main] DEBUG org.hibernate.orm.results - Extracted JDBC value [2] - [2025-06-06]
10:24:08.472 [main] DEBUG org.hibernate.orm.results - Extracted JDBC value [3] - [2025-06-20]
10:24:08.472 [main] DEBUG org.hibernate.orm.results - Extracted JDBC value [4] - [Component Test Project]
10:24:08.472 [main] DEBUG org.hibernate.orm.results - Extracted JDBC value [5] - [2025-04-25]
10:24:08.472 [main] DEBUG org.hibernate.orm.results.loading.entity - (EntityResultInitializer) Done materializing entityInstance : org.frcpm.models.Project(959664748326000)#104
10:24:08.472 [main] DEBUG org.hibernate.orm.results.loading - Calling top-level assembler (0 / 1) : org.hibernate.sql.results.graph.entity.internal.EntityAssembler@5c66d83b
10:24:08.472 [main] DEBUG org.hibernate.orm.results - Extracted JDBC value [0] - [135]
10:24:08.472 [main] DEBUG org.hibernate.orm.results.loading.entity - (EntityResultInitializer) Hydrated EntityKey (org.frcpm.models.Project(959664748326000)): 135
10:24:08.472 [main] DEBUG org.hibernate.orm.results.loading.org.hibernate.orm.results.loading.collection - (DelayedCollectionInitializer) Current row collection key : org.frcpm.models.Project(959664748326000).meetings#135
10:24:08.472 [main] DEBUG org.hibernate.orm.results.loading.org.hibernate.orm.results.loading.collection - (DelayedCollectionInitializer) Current row collection key : org.frcpm.models.Project(959664748326000).milestones#135
10:24:08.472 [main] DEBUG org.hibernate.orm.results.loading.org.hibernate.orm.results.loading.collection - (DelayedCollectionInitializer) Current row collection key : org.frcpm.models.Project(959664748326000).tasks#135
10:24:08.472 [main] DEBUG org.hibernate.orm.results.loading.entity - (EntityResultInitializer) Created new entity instance [org.frcpm.models.Project(959664748326000)#135] : 1833779464
10:24:08.472 [main] DEBUG org.hibernate.orm.results - Extracted JDBC value [1] - [null]
10:24:08.472 [main] DEBUG org.hibernate.orm.results - Extracted JDBC value [2] - [2025-05-23]
10:24:08.472 [main] DEBUG org.hibernate.orm.results - Extracted JDBC value [3] - [2025-06-06]
10:24:08.472 [main] DEBUG org.hibernate.orm.results - Extracted JDBC value [4] - [Test Create Service Project]
10:24:08.472 [main] DEBUG org.hibernate.orm.results - Extracted JDBC value [5] - [2025-04-25]
10:24:08.472 [main] DEBUG org.hibernate.orm.results.loading.entity - (EntityResultInitializer) Done materializing entityInstance : org.frcpm.models.Project(959664748326000)#135
10:24:08.472 [main] DEBUG org.hibernate.orm.results.loading - Calling top-level assembler (0 / 1) : org.hibernate.sql.results.graph.entity.internal.EntityAssembler@5c66d83b
10:24:08.472 [main] DEBUG org.hibernate.orm.results - Extracted JDBC value [0] - [142]
10:24:08.472 [main] DEBUG org.hibernate.orm.results.loading.entity - (EntityResultInitializer) Hydrated EntityKey (org.frcpm.models.Project(959664748326000)): 142
10:24:08.472 [main] DEBUG org.hibernate.orm.results.loading.org.hibernate.orm.results.loading.collection - (DelayedCollectionInitializer) Current row collection key : org.frcpm.models.Project(959664748326000).meetings#142
10:24:08.472 [main] DEBUG org.hibernate.orm.results.loading.org.hibernate.orm.results.loading.collection - (DelayedCollectionInitializer) Current row collection key : org.frcpm.models.Project(959664748326000).milestones#142
10:24:08.472 [main] DEBUG org.hibernate.orm.results.loading.org.hibernate.orm.results.loading.collection - (DelayedCollectionInitializer) Current row collection key : org.frcpm.models.Project(959664748326000).tasks#142
10:24:08.472 [main] DEBUG org.hibernate.orm.results.loading.entity - (EntityResultInitializer) Created new entity instance [org.frcpm.models.Project(959664748326000)#142] : 577209479
10:24:08.472 [main] DEBUG org.hibernate.orm.results - Extracted JDBC value [1] - [Updated description]
10:24:08.472 [main] DEBUG org.hibernate.orm.results - Extracted JDBC value [2] - [2025-05-23]
10:24:08.472 [main] DEBUG org.hibernate.orm.results - Extracted JDBC value [3] - [2025-06-06]
10:24:08.472 [main] DEBUG org.hibernate.orm.results - Extracted JDBC value [4] - [Updated Service Project Name]
10:24:08.472 [main] DEBUG org.hibernate.orm.results - Extracted JDBC value [5] - [2025-04-25]
10:24:08.472 [main] DEBUG org.hibernate.orm.results.loading.entity - (EntityResultInitializer) Done materializing entityInstance : org.frcpm.models.Project(959664748326000)#142
10:24:08.472 [main] DEBUG org.hibernate.orm.results.loading - Calling top-level assembler (0 / 1) : org.hibernate.sql.results.graph.entity.internal.EntityAssembler@5c66d83b
10:24:08.472 [main] DEBUG org.hibernate.orm.results - Extracted JDBC value [0] - [148]
10:24:08.472 [main] DEBUG org.hibernate.orm.results.loading.entity - (EntityResultInitializer) Hydrated EntityKey (org.frcpm.models.Project(959664748326000)): 148
10:24:08.472 [main] DEBUG org.hibernate.orm.results.loading.org.hibernate.orm.results.loading.collection - (DelayedCollectionInitializer) Current row collection key : org.frcpm.models.Project(959664748326000).meetings#148
10:24:08.472 [main] DEBUG org.hibernate.orm.results.loading.org.hibernate.orm.results.loading.collection - (DelayedCollectionInitializer) Current row collection key : org.frcpm.models.Project(959664748326000).milestones#148
10:24:08.472 [main] DEBUG org.hibernate.orm.results.loading.org.hibernate.orm.results.loading.collection - (DelayedCollectionInitializer) Current row collection key : org.frcpm.models.Project(959664748326000).tasks#148
10:24:08.472 [main] DEBUG org.hibernate.orm.results.loading.entity - (EntityResultInitializer) Created new entity instance [org.frcpm.models.Project(959664748326000)#148] : 2122322402
10:24:08.472 [main] DEBUG org.hibernate.orm.results - Extracted JDBC value [1] - [null]
10:24:08.472 [main] DEBUG org.hibernate.orm.results - Extracted JDBC value [2] - [2025-05-23]
10:24:08.472 [main] DEBUG org.hibernate.orm.results - Extracted JDBC value [3] - [2025-06-06]
10:24:08.472 [main] DEBUG org.hibernate.orm.results - Extracted JDBC value [4] - [Test Summary Project]
10:24:08.472 [main] DEBUG org.hibernate.orm.results - Extracted JDBC value [5] - [2025-04-25]
10:24:08.472 [main] DEBUG org.hibernate.orm.results.loading.entity - (EntityResultInitializer) Done materializing entityInstance : org.frcpm.models.Project(959664748326000)#148
10:24:08.472 [main] DEBUG org.hibernate.orm.results.loading - Calling top-level assembler (0 / 1) : org.hibernate.sql.results.graph.entity.internal.EntityAssembler@5c66d83b
10:24:08.472 [main] DEBUG org.hibernate.resource.jdbc.internal.LogicalConnectionManagedImpl - Initiating JDBC connection release from afterTransaction
10:24:08.472 [main] DEBUG org.hibernate.resource.jdbc.internal.LogicalConnectionManagedImpl - Initiating JDBC connection release from afterTransaction
]]></system-out>
    <system-err><![CDATA[Apr 25, 2025 10:24:08 AM org.frcpm.controllers.ProjectController setupBindings
WARNING: UI components not initialized - likely in test environment
]]></system-err>
  </testcase>
  <testcase name="testSetViewModel" classname="org.frcpm.controllers.ProjectControllerTest" time="0.021">
    <system-out><![CDATA[10:24:08.489 [main] DEBUG org.hibernate.orm.sql.ast.create - Created new SQL alias : p1_0
10:24:08.489 [main] DEBUG org.hibernate.orm.sql.ast.create - Registration of TableGroup [StandardTableGroup(org.frcpm.models.Project(959664774918100))] with identifierForTableGroup [org.frcpm.models.Project] for NavigablePath [org.frcpm.models.Project] 
10:24:08.489 [main] DEBUG org.hibernate.orm.results.graph.AST - DomainResult Graph:
 \-EntityResultImpl [org.frcpm.models.Project(959664774918100)]
 |  +-BasicFetch [org.frcpm.models.Project(959664774918100).description]
 |  +-BasicFetch [org.frcpm.models.Project(959664774918100).goalEndDate]
 |  +-BasicFetch [org.frcpm.models.Project(959664774918100).hardDeadline]
 |  +-DelayedCollectionFetch [org.frcpm.models.Project(959664774918100).meetings]
 |  +-DelayedCollectionFetch [org.frcpm.models.Project(959664774918100).milestones]
 |  +-BasicFetch [org.frcpm.models.Project(959664774918100).name]
 |  +-BasicFetch [org.frcpm.models.Project(959664774918100).startDate]
 |  \-DelayedCollectionFetch [org.frcpm.models.Project(959664774918100).tasks]

10:24:08.489 [main] DEBUG org.hibernate.orm.sql.ast.tree - SQL AST Tree:
    SelectStatement {
      FromClause {
        StandardTableGroup (p1 : org.frcpm.models.Project(959664774918100)) {
          primaryTableReference : projects as p1_0
        }
      }
    }

10:24:08.490 [main] DEBUG org.hibernate.orm.sql.exec - Skipping reading Query result cache data: cache-enabled = false, cache-mode = NORMAL
10:24:08.490 [main] DEBUG org.hibernate.orm.results - Initializer list:
	  org.frcpm.models.Project(959664774918100).milestones -> DelayedCollectionInitializer(org.frcpm.models.Project(959664774918100).milestones)@1260285656 (PluralAttribute(org.frcpm.models.Project.milestones))
	  org.frcpm.models.Project(959664774918100).tasks -> DelayedCollectionInitializer(org.frcpm.models.Project(959664774918100).tasks)@56167629 (PluralAttribute(org.frcpm.models.Project.tasks))
	  org.frcpm.models.Project(959664774918100) -> EntityResultInitializer(org.frcpm.models.Project(959664774918100))@1620964944 (SingleTableEntityPersister(org.frcpm.models.Project))
	  org.frcpm.models.Project(959664774918100).meetings -> DelayedCollectionInitializer(org.frcpm.models.Project(959664774918100).meetings)@2019281264 (PluralAttribute(org.frcpm.models.Project.meetings))

10:24:08.490 [main] DEBUG org.hibernate.SQL - select p1_0.id,p1_0.description,p1_0.goal_end_date,p1_0.hard_deadline,p1_0.name,p1_0.start_date from projects p1_0
10:24:08.490 [main] DEBUG org.hibernate.orm.results - Extracted JDBC value [0] - [1]
10:24:08.490 [main] DEBUG org.hibernate.orm.results.loading.entity - (EntityResultInitializer) Hydrated EntityKey (org.frcpm.models.Project(959664774918100)): 1
10:24:08.490 [main] DEBUG org.hibernate.orm.results.loading.org.hibernate.orm.results.loading.collection - (DelayedCollectionInitializer) Current row collection key : org.frcpm.models.Project(959664774918100).meetings#1
10:24:08.490 [main] DEBUG org.hibernate.orm.results.loading.org.hibernate.orm.results.loading.collection - (DelayedCollectionInitializer) Current row collection key : org.frcpm.models.Project(959664774918100).milestones#1
10:24:08.490 [main] DEBUG org.hibernate.orm.results.loading.org.hibernate.orm.results.loading.collection - (DelayedCollectionInitializer) Current row collection key : org.frcpm.models.Project(959664774918100).tasks#1
10:24:08.490 [main] DEBUG org.hibernate.orm.results.loading.entity - (EntityResultInitializer) Created new entity instance [org.frcpm.models.Project(959664774918100)#1] : 81730540
10:24:08.490 [main] DEBUG org.hibernate.orm.results - Extracted JDBC value [1] - [Competition robot for the 2025 FIRST Robotics Competition]
10:24:08.490 [main] DEBUG org.hibernate.orm.results - Extracted JDBC value [2] - [2025-06-12]
10:24:08.490 [main] DEBUG org.hibernate.orm.results - Extracted JDBC value [3] - [2025-06-26]
10:24:08.490 [main] DEBUG org.hibernate.orm.results - Extracted JDBC value [4] - [FRC 2025 Robot]
10:24:08.490 [main] DEBUG org.hibernate.orm.results - Extracted JDBC value [5] - [2025-05-01]
10:24:08.490 [main] DEBUG org.hibernate.orm.results.loading.entity - (EntityResultInitializer) Done materializing entityInstance : org.frcpm.models.Project(959664774918100)#1
10:24:08.490 [main] DEBUG org.hibernate.orm.results.loading - Calling top-level assembler (0 / 1) : org.hibernate.sql.results.graph.entity.internal.EntityAssembler@3795591d
10:24:08.490 [main] DEBUG org.hibernate.orm.results - Extracted JDBC value [0] - [51]
10:24:08.490 [main] DEBUG org.hibernate.orm.results.loading.entity - (EntityResultInitializer) Hydrated EntityKey (org.frcpm.models.Project(959664774918100)): 51
10:24:08.490 [main] DEBUG org.hibernate.orm.results.loading.org.hibernate.orm.results.loading.collection - (DelayedCollectionInitializer) Current row collection key : org.frcpm.models.Project(959664774918100).meetings#51
10:24:08.490 [main] DEBUG org.hibernate.orm.results.loading.org.hibernate.orm.results.loading.collection - (DelayedCollectionInitializer) Current row collection key : org.frcpm.models.Project(959664774918100).milestones#51
10:24:08.490 [main] DEBUG org.hibernate.orm.results.loading.org.hibernate.orm.results.loading.collection - (DelayedCollectionInitializer) Current row collection key : org.frcpm.models.Project(959664774918100).tasks#51
10:24:08.490 [main] DEBUG org.hibernate.orm.results.loading.entity - (EntityResultInitializer) Created new entity instance [org.frcpm.models.Project(959664774918100)#51] : 1594267283
10:24:08.490 [main] DEBUG org.hibernate.orm.results - Extracted JDBC value [1] - [null]
10:24:08.490 [main] DEBUG org.hibernate.orm.results - Extracted JDBC value [2] - [2025-05-23]
10:24:08.490 [main] DEBUG org.hibernate.orm.results - Extracted JDBC value [3] - [2025-06-06]
10:24:08.490 [main] DEBUG org.hibernate.orm.results - Extracted JDBC value [4] - [Test Count Project]
10:24:08.490 [main] DEBUG org.hibernate.orm.results - Extracted JDBC value [5] - [2025-04-25]
10:24:08.490 [main] DEBUG org.hibernate.orm.results.loading.entity - (EntityResultInitializer) Done materializing entityInstance : org.frcpm.models.Project(959664774918100)#51
10:24:08.490 [main] DEBUG org.hibernate.orm.results.loading - Calling top-level assembler (0 / 1) : org.hibernate.sql.results.graph.entity.internal.EntityAssembler@3795591d
10:24:08.490 [main] DEBUG org.hibernate.orm.results - Extracted JDBC value [0] - [54]
10:24:08.490 [main] DEBUG org.hibernate.orm.results.loading.entity - (EntityResultInitializer) Hydrated EntityKey (org.frcpm.models.Project(959664774918100)): 54
10:24:08.490 [main] DEBUG org.hibernate.orm.results.loading.org.hibernate.orm.results.loading.collection - (DelayedCollectionInitializer) Current row collection key : org.frcpm.models.Project(959664774918100).meetings#54
10:24:08.490 [main] DEBUG org.hibernate.orm.results.loading.org.hibernate.orm.results.loading.collection - (DelayedCollectionInitializer) Current row collection key : org.frcpm.models.Project(959664774918100).milestones#54
10:24:08.490 [main] DEBUG org.hibernate.orm.results.loading.org.hibernate.orm.results.loading.collection - (DelayedCollectionInitializer) Current row collection key : org.frcpm.models.Project(959664774918100).tasks#54
10:24:08.490 [main] DEBUG org.hibernate.orm.results.loading.entity - (EntityResultInitializer) Created new entity instance [org.frcpm.models.Project(959664774918100)#54] : 1142274554
10:24:08.490 [main] DEBUG org.hibernate.orm.results - Extracted JDBC value [1] - [Test save description]
10:24:08.490 [main] DEBUG org.hibernate.orm.results - Extracted JDBC value [2] - [2025-05-23]
10:24:08.490 [main] DEBUG org.hibernate.orm.results - Extracted JDBC value [3] - [2025-06-06]
10:24:08.490 [main] DEBUG org.hibernate.orm.results - Extracted JDBC value [4] - [Test Save Project]
10:24:08.490 [main] DEBUG org.hibernate.orm.results - Extracted JDBC value [5] - [2025-04-25]
10:24:08.490 [main] DEBUG org.hibernate.orm.results.loading.entity - (EntityResultInitializer) Done materializing entityInstance : org.frcpm.models.Project(959664774918100)#54
10:24:08.490 [main] DEBUG org.hibernate.orm.results.loading - Calling top-level assembler (0 / 1) : org.hibernate.sql.results.graph.entity.internal.EntityAssembler@3795591d
10:24:08.490 [main] DEBUG org.hibernate.orm.results - Extracted JDBC value [0] - [69]
10:24:08.490 [main] DEBUG org.hibernate.orm.results.loading.entity - (EntityResultInitializer) Hydrated EntityKey (org.frcpm.models.Project(959664774918100)): 69
10:24:08.490 [main] DEBUG org.hibernate.orm.results.loading.org.hibernate.orm.results.loading.collection - (DelayedCollectionInitializer) Current row collection key : org.frcpm.models.Project(959664774918100).meetings#69
10:24:08.490 [main] DEBUG org.hibernate.orm.results.loading.org.hibernate.orm.results.loading.collection - (DelayedCollectionInitializer) Current row collection key : org.frcpm.models.Project(959664774918100).milestones#69
10:24:08.490 [main] DEBUG org.hibernate.orm.results.loading.org.hibernate.orm.results.loading.collection - (DelayedCollectionInitializer) Current row collection key : org.frcpm.models.Project(959664774918100).tasks#69
10:24:08.490 [main] DEBUG org.hibernate.orm.results.loading.entity - (EntityResultInitializer) Created new entity instance [org.frcpm.models.Project(959664774918100)#69] : 1160586735
10:24:08.490 [main] DEBUG org.hibernate.orm.results - Extracted JDBC value [1] - [null]
10:24:08.490 [main] DEBUG org.hibernate.orm.results - Extracted JDBC value [2] - [2025-05-23]
10:24:08.490 [main] DEBUG org.hibernate.orm.results - Extracted JDBC value [3] - [2025-06-06]
10:24:08.490 [main] DEBUG org.hibernate.orm.results - Extracted JDBC value [4] - [Updated Project Name]
10:24:08.490 [main] DEBUG org.hibernate.orm.results - Extracted JDBC value [5] - [2025-04-25]
10:24:08.490 [main] DEBUG org.hibernate.orm.results.loading.entity - (EntityResultInitializer) Done materializing entityInstance : org.frcpm.models.Project(959664774918100)#69
10:24:08.490 [main] DEBUG org.hibernate.orm.results.loading - Calling top-level assembler (0 / 1) : org.hibernate.sql.results.graph.entity.internal.EntityAssembler@3795591d
10:24:08.490 [main] DEBUG org.hibernate.orm.results - Extracted JDBC value [0] - [70]
10:24:08.490 [main] DEBUG org.hibernate.orm.results.loading.entity - (EntityResultInitializer) Hydrated EntityKey (org.frcpm.models.Project(959664774918100)): 70
10:24:08.490 [main] DEBUG org.hibernate.orm.results.loading.org.hibernate.orm.results.loading.collection - (DelayedCollectionInitializer) Current row collection key : org.frcpm.models.Project(959664774918100).meetings#70
10:24:08.490 [main] DEBUG org.hibernate.orm.results.loading.org.hibernate.orm.results.loading.collection - (DelayedCollectionInitializer) Current row collection key : org.frcpm.models.Project(959664774918100).milestones#70
10:24:08.490 [main] DEBUG org.hibernate.orm.results.loading.org.hibernate.orm.results.loading.collection - (DelayedCollectionInitializer) Current row collection key : org.frcpm.models.Project(959664774918100).tasks#70
10:24:08.490 [main] DEBUG org.hibernate.orm.results.loading.entity - (EntityResultInitializer) Created new entity instance [org.frcpm.models.Project(959664774918100)#70] : 823028073
10:24:08.490 [main] DEBUG org.hibernate.orm.results - Extracted JDBC value [1] - [null]
10:24:08.491 [main] DEBUG org.hibernate.orm.results - Extracted JDBC value [2] - [2025-06-06]
10:24:08.491 [main] DEBUG org.hibernate.orm.results - Extracted JDBC value [3] - [2025-06-20]
10:24:08.491 [main] DEBUG org.hibernate.orm.results - Extracted JDBC value [4] - [Test Task Project]
10:24:08.491 [main] DEBUG org.hibernate.orm.results - Extracted JDBC value [5] - [2025-04-25]
10:24:08.491 [main] DEBUG org.hibernate.orm.results.loading.entity - (EntityResultInitializer) Done materializing entityInstance : org.frcpm.models.Project(959664774918100)#70
10:24:08.491 [main] DEBUG org.hibernate.orm.results.loading - Calling top-level assembler (0 / 1) : org.hibernate.sql.results.graph.entity.internal.EntityAssembler@3795591d
10:24:08.491 [main] DEBUG org.hibernate.orm.results - Extracted JDBC value [0] - [71]
10:24:08.491 [main] DEBUG org.hibernate.orm.results.loading.entity - (EntityResultInitializer) Hydrated EntityKey (org.frcpm.models.Project(959664774918100)): 71
10:24:08.491 [main] DEBUG org.hibernate.orm.results.loading.org.hibernate.orm.results.loading.collection - (DelayedCollectionInitializer) Current row collection key : org.frcpm.models.Project(959664774918100).meetings#71
10:24:08.491 [main] DEBUG org.hibernate.orm.results.loading.org.hibernate.orm.results.loading.collection - (DelayedCollectionInitializer) Current row collection key : org.frcpm.models.Project(959664774918100).milestones#71
10:24:08.491 [main] DEBUG org.hibernate.orm.results.loading.org.hibernate.orm.results.loading.collection - (DelayedCollectionInitializer) Current row collection key : org.frcpm.models.Project(959664774918100).tasks#71
10:24:08.491 [main] DEBUG org.hibernate.orm.results.loading.entity - (EntityResultInitializer) Created new entity instance [org.frcpm.models.Project(959664774918100)#71] : 26868055
10:24:08.491 [main] DEBUG org.hibernate.orm.results - Extracted JDBC value [1] - [null]
10:24:08.491 [main] DEBUG org.hibernate.orm.results - Extracted JDBC value [2] - [2025-06-06]
10:24:08.491 [main] DEBUG org.hibernate.orm.results - Extracted JDBC value [3] - [2025-06-20]
10:24:08.491 [main] DEBUG org.hibernate.orm.results - Extracted JDBC value [4] - [Test Task Project]
10:24:08.491 [main] DEBUG org.hibernate.orm.results - Extracted JDBC value [5] - [2025-04-25]
10:24:08.491 [main] DEBUG org.hibernate.orm.results.loading.entity - (EntityResultInitializer) Done materializing entityInstance : org.frcpm.models.Project(959664774918100)#71
10:24:08.491 [main] DEBUG org.hibernate.orm.results.loading - Calling top-level assembler (0 / 1) : org.hibernate.sql.results.graph.entity.internal.EntityAssembler@3795591d
10:24:08.491 [main] DEBUG org.hibernate.orm.results - Extracted JDBC value [0] - [72]
10:24:08.491 [main] DEBUG org.hibernate.orm.results.loading.entity - (EntityResultInitializer) Hydrated EntityKey (org.frcpm.models.Project(959664774918100)): 72
10:24:08.491 [main] DEBUG org.hibernate.orm.results.loading.org.hibernate.orm.results.loading.collection - (DelayedCollectionInitializer) Current row collection key : org.frcpm.models.Project(959664774918100).meetings#72
10:24:08.491 [main] DEBUG org.hibernate.orm.results.loading.org.hibernate.orm.results.loading.collection - (DelayedCollectionInitializer) Current row collection key : org.frcpm.models.Project(959664774918100).milestones#72
10:24:08.491 [main] DEBUG org.hibernate.orm.results.loading.org.hibernate.orm.results.loading.collection - (DelayedCollectionInitializer) Current row collection key : org.frcpm.models.Project(959664774918100).tasks#72
10:24:08.491 [main] DEBUG org.hibernate.orm.results.loading.entity - (EntityResultInitializer) Created new entity instance [org.frcpm.models.Project(959664774918100)#72] : 846592256
10:24:08.491 [main] DEBUG org.hibernate.orm.results - Extracted JDBC value [1] - [null]
10:24:08.491 [main] DEBUG org.hibernate.orm.results - Extracted JDBC value [2] - [2025-06-06]
10:24:08.491 [main] DEBUG org.hibernate.orm.results - Extracted JDBC value [3] - [2025-06-20]
10:24:08.491 [main] DEBUG org.hibernate.orm.results - Extracted JDBC value [4] - [Test Task Project]
10:24:08.491 [main] DEBUG org.hibernate.orm.results - Extracted JDBC value [5] - [2025-04-25]
10:24:08.491 [main] DEBUG org.hibernate.orm.results.loading.entity - (EntityResultInitializer) Done materializing entityInstance : org.frcpm.models.Project(959664774918100)#72
10:24:08.491 [main] DEBUG org.hibernate.orm.results.loading - Calling top-level assembler (0 / 1) : org.hibernate.sql.results.graph.entity.internal.EntityAssembler@3795591d
10:24:08.491 [main] DEBUG org.hibernate.orm.results - Extracted JDBC value [0] - [73]
10:24:08.491 [main] DEBUG org.hibernate.orm.results.loading.entity - (EntityResultInitializer) Hydrated EntityKey (org.frcpm.models.Project(959664774918100)): 73
10:24:08.491 [main] DEBUG org.hibernate.orm.results.loading.org.hibernate.orm.results.loading.collection - (DelayedCollectionInitializer) Current row collection key : org.frcpm.models.Project(959664774918100).meetings#73
10:24:08.491 [main] DEBUG org.hibernate.orm.results.loading.org.hibernate.orm.results.loading.collection - (DelayedCollectionInitializer) Current row collection key : org.frcpm.models.Project(959664774918100).milestones#73
10:24:08.491 [main] DEBUG org.hibernate.orm.results.loading.org.hibernate.orm.results.loading.collection - (DelayedCollectionInitializer) Current row collection key : org.frcpm.models.Project(959664774918100).tasks#73
10:24:08.491 [main] DEBUG org.hibernate.orm.results.loading.entity - (EntityResultInitializer) Created new entity instance [org.frcpm.models.Project(959664774918100)#73] : 1251974866
10:24:08.491 [main] DEBUG org.hibernate.orm.results - Extracted JDBC value [1] - [null]
10:24:08.491 [main] DEBUG org.hibernate.orm.results - Extracted JDBC value [2] - [2025-06-06]
10:24:08.491 [main] DEBUG org.hibernate.orm.results - Extracted JDBC value [3] - [2025-06-20]
10:24:08.491 [main] DEBUG org.hibernate.orm.results - Extracted JDBC value [4] - [Test Task Project]
10:24:08.491 [main] DEBUG org.hibernate.orm.results - Extracted JDBC value [5] - [2025-04-25]
10:24:08.491 [main] DEBUG org.hibernate.orm.results.loading.entity - (EntityResultInitializer) Done materializing entityInstance : org.frcpm.models.Project(959664774918100)#73
10:24:08.491 [main] DEBUG org.hibernate.orm.results.loading - Calling top-level assembler (0 / 1) : org.hibernate.sql.results.graph.entity.internal.EntityAssembler@3795591d
10:24:08.491 [main] DEBUG org.hibernate.orm.results - Extracted JDBC value [0] - [74]
10:24:08.491 [main] DEBUG org.hibernate.orm.results.loading.entity - (EntityResultInitializer) Hydrated EntityKey (org.frcpm.models.Project(959664774918100)): 74
10:24:08.491 [main] DEBUG org.hibernate.orm.results.loading.org.hibernate.orm.results.loading.collection - (DelayedCollectionInitializer) Current row collection key : org.frcpm.models.Project(959664774918100).meetings#74
10:24:08.491 [main] DEBUG org.hibernate.orm.results.loading.org.hibernate.orm.results.loading.collection - (DelayedCollectionInitializer) Current row collection key : org.frcpm.models.Project(959664774918100).milestones#74
10:24:08.491 [main] DEBUG org.hibernate.orm.results.loading.org.hibernate.orm.results.loading.collection - (DelayedCollectionInitializer) Current row collection key : org.frcpm.models.Project(959664774918100).tasks#74
10:24:08.491 [main] DEBUG org.hibernate.orm.results.loading.entity - (EntityResultInitializer) Created new entity instance [org.frcpm.models.Project(959664774918100)#74] : 366508618
10:24:08.491 [main] DEBUG org.hibernate.orm.results - Extracted JDBC value [1] - [null]
10:24:08.491 [main] DEBUG org.hibernate.orm.results - Extracted JDBC value [2] - [2025-06-06]
10:24:08.491 [main] DEBUG org.hibernate.orm.results - Extracted JDBC value [3] - [2025-06-20]
10:24:08.491 [main] DEBUG org.hibernate.orm.results - Extracted JDBC value [4] - [Test Task Project]
10:24:08.491 [main] DEBUG org.hibernate.orm.results - Extracted JDBC value [5] - [2025-04-25]
10:24:08.491 [main] DEBUG org.hibernate.orm.results.loading.entity - (EntityResultInitializer) Done materializing entityInstance : org.frcpm.models.Project(959664774918100)#74
10:24:08.491 [main] DEBUG org.hibernate.orm.results.loading - Calling top-level assembler (0 / 1) : org.hibernate.sql.results.graph.entity.internal.EntityAssembler@3795591d
10:24:08.491 [main] DEBUG org.hibernate.orm.results - Extracted JDBC value [0] - [75]
10:24:08.491 [main] DEBUG org.hibernate.orm.results.loading.entity - (EntityResultInitializer) Hydrated EntityKey (org.frcpm.models.Project(959664774918100)): 75
10:24:08.491 [main] DEBUG org.hibernate.orm.results.loading.org.hibernate.orm.results.loading.collection - (DelayedCollectionInitializer) Current row collection key : org.frcpm.models.Project(959664774918100).meetings#75
10:24:08.491 [main] DEBUG org.hibernate.orm.results.loading.org.hibernate.orm.results.loading.collection - (DelayedCollectionInitializer) Current row collection key : org.frcpm.models.Project(959664774918100).milestones#75
10:24:08.491 [main] DEBUG org.hibernate.orm.results.loading.org.hibernate.orm.results.loading.collection - (DelayedCollectionInitializer) Current row collection key : org.frcpm.models.Project(959664774918100).tasks#75
10:24:08.491 [main] DEBUG org.hibernate.orm.results.loading.entity - (EntityResultInitializer) Created new entity instance [org.frcpm.models.Project(959664774918100)#75] : 569443512
10:24:08.491 [main] DEBUG org.hibernate.orm.results - Extracted JDBC value [1] - [null]
10:24:08.491 [main] DEBUG org.hibernate.orm.results - Extracted JDBC value [2] - [2025-06-06]
10:24:08.491 [main] DEBUG org.hibernate.orm.results - Extracted JDBC value [3] - [2025-06-20]
10:24:08.491 [main] DEBUG org.hibernate.orm.results - Extracted JDBC value [4] - [Test Task Project]
10:24:08.491 [main] DEBUG org.hibernate.orm.results - Extracted JDBC value [5] - [2025-04-25]
10:24:08.491 [main] DEBUG org.hibernate.orm.results.loading.entity - (EntityResultInitializer) Done materializing entityInstance : org.frcpm.models.Project(959664774918100)#75
10:24:08.491 [main] DEBUG org.hibernate.orm.results.loading - Calling top-level assembler (0 / 1) : org.hibernate.sql.results.graph.entity.internal.EntityAssembler@3795591d
10:24:08.491 [main] DEBUG org.hibernate.orm.results - Extracted JDBC value [0] - [76]
10:24:08.491 [main] DEBUG org.hibernate.orm.results.loading.entity - (EntityResultInitializer) Hydrated EntityKey (org.frcpm.models.Project(959664774918100)): 76
10:24:08.491 [main] DEBUG org.hibernate.orm.results.loading.org.hibernate.orm.results.loading.collection - (DelayedCollectionInitializer) Current row collection key : org.frcpm.models.Project(959664774918100).meetings#76
10:24:08.491 [main] DEBUG org.hibernate.orm.results.loading.org.hibernate.orm.results.loading.collection - (DelayedCollectionInitializer) Current row collection key : org.frcpm.models.Project(959664774918100).milestones#76
10:24:08.491 [main] DEBUG org.hibernate.orm.results.loading.org.hibernate.orm.results.loading.collection - (DelayedCollectionInitializer) Current row collection key : org.frcpm.models.Project(959664774918100).tasks#76
10:24:08.491 [main] DEBUG org.hibernate.orm.results.loading.entity - (EntityResultInitializer) Created new entity instance [org.frcpm.models.Project(959664774918100)#76] : 1586973114
10:24:08.491 [main] DEBUG org.hibernate.orm.results - Extracted JDBC value [1] - [null]
10:24:08.491 [main] DEBUG org.hibernate.orm.results - Extracted JDBC value [2] - [2025-06-06]
10:24:08.492 [main] DEBUG org.hibernate.orm.results - Extracted JDBC value [3] - [2025-06-20]
10:24:08.492 [main] DEBUG org.hibernate.orm.results - Extracted JDBC value [4] - [Test Task Project]
10:24:08.492 [main] DEBUG org.hibernate.orm.results - Extracted JDBC value [5] - [2025-04-25]
10:24:08.492 [main] DEBUG org.hibernate.orm.results.loading.entity - (EntityResultInitializer) Done materializing entityInstance : org.frcpm.models.Project(959664774918100)#76
10:24:08.492 [main] DEBUG org.hibernate.orm.results.loading - Calling top-level assembler (0 / 1) : org.hibernate.sql.results.graph.entity.internal.EntityAssembler@3795591d
10:24:08.492 [main] DEBUG org.hibernate.orm.results - Extracted JDBC value [0] - [77]
10:24:08.492 [main] DEBUG org.hibernate.orm.results.loading.entity - (EntityResultInitializer) Hydrated EntityKey (org.frcpm.models.Project(959664774918100)): 77
10:24:08.492 [main] DEBUG org.hibernate.orm.results.loading.org.hibernate.orm.results.loading.collection - (DelayedCollectionInitializer) Current row collection key : org.frcpm.models.Project(959664774918100).meetings#77
10:24:08.492 [main] DEBUG org.hibernate.orm.results.loading.org.hibernate.orm.results.loading.collection - (DelayedCollectionInitializer) Current row collection key : org.frcpm.models.Project(959664774918100).milestones#77
10:24:08.492 [main] DEBUG org.hibernate.orm.results.loading.org.hibernate.orm.results.loading.collection - (DelayedCollectionInitializer) Current row collection key : org.frcpm.models.Project(959664774918100).tasks#77
10:24:08.492 [main] DEBUG org.hibernate.orm.results.loading.entity - (EntityResultInitializer) Created new entity instance [org.frcpm.models.Project(959664774918100)#77] : 1044665461
10:24:08.492 [main] DEBUG org.hibernate.orm.results - Extracted JDBC value [1] - [null]
10:24:08.492 [main] DEBUG org.hibernate.orm.results - Extracted JDBC value [2] - [2025-06-06]
10:24:08.492 [main] DEBUG org.hibernate.orm.results - Extracted JDBC value [3] - [2025-06-20]
10:24:08.492 [main] DEBUG org.hibernate.orm.results - Extracted JDBC value [4] - [Test Task Project]
10:24:08.492 [main] DEBUG org.hibernate.orm.results - Extracted JDBC value [5] - [2025-04-25]
10:24:08.492 [main] DEBUG org.hibernate.orm.results.loading.entity - (EntityResultInitializer) Done materializing entityInstance : org.frcpm.models.Project(959664774918100)#77
10:24:08.492 [main] DEBUG org.hibernate.orm.results.loading - Calling top-level assembler (0 / 1) : org.hibernate.sql.results.graph.entity.internal.EntityAssembler@3795591d
10:24:08.492 [main] DEBUG org.hibernate.orm.results - Extracted JDBC value [0] - [78]
10:24:08.492 [main] DEBUG org.hibernate.orm.results.loading.entity - (EntityResultInitializer) Hydrated EntityKey (org.frcpm.models.Project(959664774918100)): 78
10:24:08.492 [main] DEBUG org.hibernate.orm.results.loading.org.hibernate.orm.results.loading.collection - (DelayedCollectionInitializer) Current row collection key : org.frcpm.models.Project(959664774918100).meetings#78
10:24:08.492 [main] DEBUG org.hibernate.orm.results.loading.org.hibernate.orm.results.loading.collection - (DelayedCollectionInitializer) Current row collection key : org.frcpm.models.Project(959664774918100).milestones#78
10:24:08.492 [main] DEBUG org.hibernate.orm.results.loading.org.hibernate.orm.results.loading.collection - (DelayedCollectionInitializer) Current row collection key : org.frcpm.models.Project(959664774918100).tasks#78
10:24:08.492 [main] DEBUG org.hibernate.orm.results.loading.entity - (EntityResultInitializer) Created new entity instance [org.frcpm.models.Project(959664774918100)#78] : 224909122
10:24:08.492 [main] DEBUG org.hibernate.orm.results - Extracted JDBC value [1] - [null]
10:24:08.492 [main] DEBUG org.hibernate.orm.results - Extracted JDBC value [2] - [2025-06-06]
10:24:08.492 [main] DEBUG org.hibernate.orm.results - Extracted JDBC value [3] - [2025-06-20]
10:24:08.492 [main] DEBUG org.hibernate.orm.results - Extracted JDBC value [4] - [Test Task Project]
10:24:08.492 [main] DEBUG org.hibernate.orm.results - Extracted JDBC value [5] - [2025-04-25]
10:24:08.492 [main] DEBUG org.hibernate.orm.results.loading.entity - (EntityResultInitializer) Done materializing entityInstance : org.frcpm.models.Project(959664774918100)#78
10:24:08.492 [main] DEBUG org.hibernate.orm.results.loading - Calling top-level assembler (0 / 1) : org.hibernate.sql.results.graph.entity.internal.EntityAssembler@3795591d
10:24:08.492 [main] DEBUG org.hibernate.orm.results - Extracted JDBC value [0] - [79]
10:24:08.492 [main] DEBUG org.hibernate.orm.results.loading.entity - (EntityResultInitializer) Hydrated EntityKey (org.frcpm.models.Project(959664774918100)): 79
10:24:08.492 [main] DEBUG org.hibernate.orm.results.loading.org.hibernate.orm.results.loading.collection - (DelayedCollectionInitializer) Current row collection key : org.frcpm.models.Project(959664774918100).meetings#79
10:24:08.492 [main] DEBUG org.hibernate.orm.results.loading.org.hibernate.orm.results.loading.collection - (DelayedCollectionInitializer) Current row collection key : org.frcpm.models.Project(959664774918100).milestones#79
10:24:08.492 [main] DEBUG org.hibernate.orm.results.loading.org.hibernate.orm.results.loading.collection - (DelayedCollectionInitializer) Current row collection key : org.frcpm.models.Project(959664774918100).tasks#79
10:24:08.492 [main] DEBUG org.hibernate.orm.results.loading.entity - (EntityResultInitializer) Created new entity instance [org.frcpm.models.Project(959664774918100)#79] : 173282893
10:24:08.492 [main] DEBUG org.hibernate.orm.results - Extracted JDBC value [1] - [null]
10:24:08.492 [main] DEBUG org.hibernate.orm.results - Extracted JDBC value [2] - [2025-06-06]
10:24:08.492 [main] DEBUG org.hibernate.orm.results - Extracted JDBC value [3] - [2025-06-20]
10:24:08.492 [main] DEBUG org.hibernate.orm.results - Extracted JDBC value [4] - [Test Task Project]
10:24:08.492 [main] DEBUG org.hibernate.orm.results - Extracted JDBC value [5] - [2025-04-25]
10:24:08.492 [main] DEBUG org.hibernate.orm.results.loading.entity - (EntityResultInitializer) Done materializing entityInstance : org.frcpm.models.Project(959664774918100)#79
10:24:08.492 [main] DEBUG org.hibernate.orm.results.loading - Calling top-level assembler (0 / 1) : org.hibernate.sql.results.graph.entity.internal.EntityAssembler@3795591d
10:24:08.492 [main] DEBUG org.hibernate.orm.results - Extracted JDBC value [0] - [80]
10:24:08.492 [main] DEBUG org.hibernate.orm.results.loading.entity - (EntityResultInitializer) Hydrated EntityKey (org.frcpm.models.Project(959664774918100)): 80
10:24:08.492 [main] DEBUG org.hibernate.orm.results.loading.org.hibernate.orm.results.loading.collection - (DelayedCollectionInitializer) Current row collection key : org.frcpm.models.Project(959664774918100).meetings#80
10:24:08.492 [main] DEBUG org.hibernate.orm.results.loading.org.hibernate.orm.results.loading.collection - (DelayedCollectionInitializer) Current row collection key : org.frcpm.models.Project(959664774918100).milestones#80
10:24:08.492 [main] DEBUG org.hibernate.orm.results.loading.org.hibernate.orm.results.loading.collection - (DelayedCollectionInitializer) Current row collection key : org.frcpm.models.Project(959664774918100).tasks#80
10:24:08.492 [main] DEBUG org.hibernate.orm.results.loading.entity - (EntityResultInitializer) Created new entity instance [org.frcpm.models.Project(959664774918100)#80] : 2144676010
10:24:08.492 [main] DEBUG org.hibernate.orm.results - Extracted JDBC value [1] - [null]
10:24:08.492 [main] DEBUG org.hibernate.orm.results - Extracted JDBC value [2] - [2025-06-06]
10:24:08.492 [main] DEBUG org.hibernate.orm.results - Extracted JDBC value [3] - [2025-06-20]
10:24:08.492 [main] DEBUG org.hibernate.orm.results - Extracted JDBC value [4] - [Test Task Project]
10:24:08.492 [main] DEBUG org.hibernate.orm.results - Extracted JDBC value [5] - [2025-04-25]
10:24:08.492 [main] DEBUG org.hibernate.orm.results.loading.entity - (EntityResultInitializer) Done materializing entityInstance : org.frcpm.models.Project(959664774918100)#80
10:24:08.492 [main] DEBUG org.hibernate.orm.results.loading - Calling top-level assembler (0 / 1) : org.hibernate.sql.results.graph.entity.internal.EntityAssembler@3795591d
10:24:08.492 [main] DEBUG org.hibernate.orm.results - Extracted JDBC value [0] - [81]
10:24:08.492 [main] DEBUG org.hibernate.orm.results.loading.entity - (EntityResultInitializer) Hydrated EntityKey (org.frcpm.models.Project(959664774918100)): 81
10:24:08.492 [main] DEBUG org.hibernate.orm.results.loading.org.hibernate.orm.results.loading.collection - (DelayedCollectionInitializer) Current row collection key : org.frcpm.models.Project(959664774918100).meetings#81
10:24:08.492 [main] DEBUG org.hibernate.orm.results.loading.org.hibernate.orm.results.loading.collection - (DelayedCollectionInitializer) Current row collection key : org.frcpm.models.Project(959664774918100).milestones#81
10:24:08.492 [main] DEBUG org.hibernate.orm.results.loading.org.hibernate.orm.results.loading.collection - (DelayedCollectionInitializer) Current row collection key : org.frcpm.models.Project(959664774918100).tasks#81
10:24:08.492 [main] DEBUG org.hibernate.orm.results.loading.entity - (EntityResultInitializer) Created new entity instance [org.frcpm.models.Project(959664774918100)#81] : 1082670247
10:24:08.492 [main] DEBUG org.hibernate.orm.results - Extracted JDBC value [1] - [null]
10:24:08.492 [main] DEBUG org.hibernate.orm.results - Extracted JDBC value [2] - [2025-06-06]
10:24:08.492 [main] DEBUG org.hibernate.orm.results - Extracted JDBC value [3] - [2025-06-20]
10:24:08.492 [main] DEBUG org.hibernate.orm.results - Extracted JDBC value [4] - [Test Task Project]
10:24:08.492 [main] DEBUG org.hibernate.orm.results - Extracted JDBC value [5] - [2025-04-25]
10:24:08.492 [main] DEBUG org.hibernate.orm.results.loading.entity - (EntityResultInitializer) Done materializing entityInstance : org.frcpm.models.Project(959664774918100)#81
10:24:08.492 [main] DEBUG org.hibernate.orm.results.loading - Calling top-level assembler (0 / 1) : org.hibernate.sql.results.graph.entity.internal.EntityAssembler@3795591d
10:24:08.492 [main] DEBUG org.hibernate.orm.results - Extracted JDBC value [0] - [82]
10:24:08.492 [main] DEBUG org.hibernate.orm.results.loading.entity - (EntityResultInitializer) Hydrated EntityKey (org.frcpm.models.Project(959664774918100)): 82
10:24:08.492 [main] DEBUG org.hibernate.orm.results.loading.org.hibernate.orm.results.loading.collection - (DelayedCollectionInitializer) Current row collection key : org.frcpm.models.Project(959664774918100).meetings#82
10:24:08.492 [main] DEBUG org.hibernate.orm.results.loading.org.hibernate.orm.results.loading.collection - (DelayedCollectionInitializer) Current row collection key : org.frcpm.models.Project(959664774918100).milestones#82
10:24:08.492 [main] DEBUG org.hibernate.orm.results.loading.org.hibernate.orm.results.loading.collection - (DelayedCollectionInitializer) Current row collection key : org.frcpm.models.Project(959664774918100).tasks#82
10:24:08.492 [main] DEBUG org.hibernate.orm.results.loading.entity - (EntityResultInitializer) Created new entity instance [org.frcpm.models.Project(959664774918100)#82] : 2063574011
10:24:08.492 [main] DEBUG org.hibernate.orm.results - Extracted JDBC value [1] - [null]
10:24:08.492 [main] DEBUG org.hibernate.orm.results - Extracted JDBC value [2] - [2025-06-06]
10:24:08.492 [main] DEBUG org.hibernate.orm.results - Extracted JDBC value [3] - [2025-06-20]
10:24:08.492 [main] DEBUG org.hibernate.orm.results - Extracted JDBC value [4] - [Test Task Project]
10:24:08.492 [main] DEBUG org.hibernate.orm.results - Extracted JDBC value [5] - [2025-04-25]
10:24:08.492 [main] DEBUG org.hibernate.orm.results.loading.entity - (EntityResultInitializer) Done materializing entityInstance : org.frcpm.models.Project(959664774918100)#82
10:24:08.492 [main] DEBUG org.hibernate.orm.results.loading - Calling top-level assembler (0 / 1) : org.hibernate.sql.results.graph.entity.internal.EntityAssembler@3795591d
10:24:08.492 [main] DEBUG org.hibernate.orm.results - Extracted JDBC value [0] - [104]
10:24:08.492 [main] DEBUG org.hibernate.orm.results.loading.entity - (EntityResultInitializer) Hydrated EntityKey (org.frcpm.models.Project(959664774918100)): 104
10:24:08.492 [main] DEBUG org.hibernate.orm.results.loading.org.hibernate.orm.results.loading.collection - (DelayedCollectionInitializer) Current row collection key : org.frcpm.models.Project(959664774918100).meetings#104
10:24:08.492 [main] DEBUG org.hibernate.orm.results.loading.org.hibernate.orm.results.loading.collection - (DelayedCollectionInitializer) Current row collection key : org.frcpm.models.Project(959664774918100).milestones#104
10:24:08.492 [main] DEBUG org.hibernate.orm.results.loading.org.hibernate.orm.results.loading.collection - (DelayedCollectionInitializer) Current row collection key : org.frcpm.models.Project(959664774918100).tasks#104
10:24:08.492 [main] DEBUG org.hibernate.orm.results.loading.entity - (EntityResultInitializer) Created new entity instance [org.frcpm.models.Project(959664774918100)#104] : 808626824
10:24:08.492 [main] DEBUG org.hibernate.orm.results - Extracted JDBC value [1] - [null]
10:24:08.492 [main] DEBUG org.hibernate.orm.results - Extracted JDBC value [2] - [2025-06-06]
10:24:08.492 [main] DEBUG org.hibernate.orm.results - Extracted JDBC value [3] - [2025-06-20]
10:24:08.492 [main] DEBUG org.hibernate.orm.results - Extracted JDBC value [4] - [Component Test Project]
10:24:08.492 [main] DEBUG org.hibernate.orm.results - Extracted JDBC value [5] - [2025-04-25]
10:24:08.493 [main] DEBUG org.hibernate.orm.results.loading.entity - (EntityResultInitializer) Done materializing entityInstance : org.frcpm.models.Project(959664774918100)#104
10:24:08.493 [main] DEBUG org.hibernate.orm.results.loading - Calling top-level assembler (0 / 1) : org.hibernate.sql.results.graph.entity.internal.EntityAssembler@3795591d
10:24:08.493 [main] DEBUG org.hibernate.orm.results - Extracted JDBC value [0] - [135]
10:24:08.493 [main] DEBUG org.hibernate.orm.results.loading.entity - (EntityResultInitializer) Hydrated EntityKey (org.frcpm.models.Project(959664774918100)): 135
10:24:08.493 [main] DEBUG org.hibernate.orm.results.loading.org.hibernate.orm.results.loading.collection - (DelayedCollectionInitializer) Current row collection key : org.frcpm.models.Project(959664774918100).meetings#135
10:24:08.493 [main] DEBUG org.hibernate.orm.results.loading.org.hibernate.orm.results.loading.collection - (DelayedCollectionInitializer) Current row collection key : org.frcpm.models.Project(959664774918100).milestones#135
10:24:08.493 [main] DEBUG org.hibernate.orm.results.loading.org.hibernate.orm.results.loading.collection - (DelayedCollectionInitializer) Current row collection key : org.frcpm.models.Project(959664774918100).tasks#135
10:24:08.493 [main] DEBUG org.hibernate.orm.results.loading.entity - (EntityResultInitializer) Created new entity instance [org.frcpm.models.Project(959664774918100)#135] : 438186019
10:24:08.493 [main] DEBUG org.hibernate.orm.results - Extracted JDBC value [1] - [null]
10:24:08.493 [main] DEBUG org.hibernate.orm.results - Extracted JDBC value [2] - [2025-05-23]
10:24:08.493 [main] DEBUG org.hibernate.orm.results - Extracted JDBC value [3] - [2025-06-06]
10:24:08.493 [main] DEBUG org.hibernate.orm.results - Extracted JDBC value [4] - [Test Create Service Project]
10:24:08.493 [main] DEBUG org.hibernate.orm.results - Extracted JDBC value [5] - [2025-04-25]
10:24:08.493 [main] DEBUG org.hibernate.orm.results.loading.entity - (EntityResultInitializer) Done materializing entityInstance : org.frcpm.models.Project(959664774918100)#135
10:24:08.493 [main] DEBUG org.hibernate.orm.results.loading - Calling top-level assembler (0 / 1) : org.hibernate.sql.results.graph.entity.internal.EntityAssembler@3795591d
10:24:08.493 [main] DEBUG org.hibernate.orm.results - Extracted JDBC value [0] - [142]
10:24:08.493 [main] DEBUG org.hibernate.orm.results.loading.entity - (EntityResultInitializer) Hydrated EntityKey (org.frcpm.models.Project(959664774918100)): 142
10:24:08.493 [main] DEBUG org.hibernate.orm.results.loading.org.hibernate.orm.results.loading.collection - (DelayedCollectionInitializer) Current row collection key : org.frcpm.models.Project(959664774918100).meetings#142
10:24:08.493 [main] DEBUG org.hibernate.orm.results.loading.org.hibernate.orm.results.loading.collection - (DelayedCollectionInitializer) Current row collection key : org.frcpm.models.Project(959664774918100).milestones#142
10:24:08.493 [main] DEBUG org.hibernate.orm.results.loading.org.hibernate.orm.results.loading.collection - (DelayedCollectionInitializer) Current row collection key : org.frcpm.models.Project(959664774918100).tasks#142
10:24:08.493 [main] DEBUG org.hibernate.orm.results.loading.entity - (EntityResultInitializer) Created new entity instance [org.frcpm.models.Project(959664774918100)#142] : 1713440746
10:24:08.493 [main] DEBUG org.hibernate.orm.results - Extracted JDBC value [1] - [Updated description]
10:24:08.493 [main] DEBUG org.hibernate.orm.results - Extracted JDBC value [2] - [2025-05-23]
10:24:08.493 [main] DEBUG org.hibernate.orm.results - Extracted JDBC value [3] - [2025-06-06]
10:24:08.493 [main] DEBUG org.hibernate.orm.results - Extracted JDBC value [4] - [Updated Service Project Name]
10:24:08.493 [main] DEBUG org.hibernate.orm.results - Extracted JDBC value [5] - [2025-04-25]
10:24:08.493 [main] DEBUG org.hibernate.orm.results.loading.entity - (EntityResultInitializer) Done materializing entityInstance : org.frcpm.models.Project(959664774918100)#142
10:24:08.493 [main] DEBUG org.hibernate.orm.results.loading - Calling top-level assembler (0 / 1) : org.hibernate.sql.results.graph.entity.internal.EntityAssembler@3795591d
10:24:08.494 [main] DEBUG org.hibernate.orm.results - Extracted JDBC value [0] - [148]
10:24:08.494 [main] DEBUG org.hibernate.orm.results.loading.entity - (EntityResultInitializer) Hydrated EntityKey (org.frcpm.models.Project(959664774918100)): 148
10:24:08.494 [main] DEBUG org.hibernate.orm.results.loading.org.hibernate.orm.results.loading.collection - (DelayedCollectionInitializer) Current row collection key : org.frcpm.models.Project(959664774918100).meetings#148
10:24:08.494 [main] DEBUG org.hibernate.orm.results.loading.org.hibernate.orm.results.loading.collection - (DelayedCollectionInitializer) Current row collection key : org.frcpm.models.Project(959664774918100).milestones#148
10:24:08.494 [main] DEBUG org.hibernate.orm.results.loading.org.hibernate.orm.results.loading.collection - (DelayedCollectionInitializer) Current row collection key : org.frcpm.models.Project(959664774918100).tasks#148
10:24:08.494 [main] DEBUG org.hibernate.orm.results.loading.entity - (EntityResultInitializer) Created new entity instance [org.frcpm.models.Project(959664774918100)#148] : 1782827079
10:24:08.494 [main] DEBUG org.hibernate.orm.results - Extracted JDBC value [1] - [null]
10:24:08.494 [main] DEBUG org.hibernate.orm.results - Extracted JDBC value [2] - [2025-05-23]
10:24:08.494 [main] DEBUG org.hibernate.orm.results - Extracted JDBC value [3] - [2025-06-06]
10:24:08.494 [main] DEBUG org.hibernate.orm.results - Extracted JDBC value [4] - [Test Summary Project]
10:24:08.494 [main] DEBUG org.hibernate.orm.results - Extracted JDBC value [5] - [2025-04-25]
10:24:08.494 [main] DEBUG org.hibernate.orm.results.loading.entity - (EntityResultInitializer) Done materializing entityInstance : org.frcpm.models.Project(959664774918100)#148
10:24:08.494 [main] DEBUG org.hibernate.orm.results.loading - Calling top-level assembler (0 / 1) : org.hibernate.sql.results.graph.entity.internal.EntityAssembler@3795591d
10:24:08.494 [main] DEBUG org.hibernate.resource.jdbc.internal.LogicalConnectionManagedImpl - Initiating JDBC connection release from afterTransaction
10:24:08.495 [main] DEBUG org.hibernate.resource.jdbc.internal.LogicalConnectionManagedImpl - Initiating JDBC connection release from afterTransaction
]]></system-out>
    <system-err><![CDATA[Apr 25, 2025 10:24:08 AM org.frcpm.controllers.ProjectController setupBindings
WARNING: UI components not initialized - likely in test environment
Apr 25, 2025 10:24:08 AM org.frcpm.controllers.ProjectController setupBindings
WARNING: UI components not initialized - likely in test environment
]]></system-err>
  </testcase>
  <testcase name="testHandleEditTask" classname="org.frcpm.controllers.ProjectControllerTest" time="0.016">
    <system-out><![CDATA[10:24:08.508 [main] DEBUG org.hibernate.orm.sql.ast.create - Created new SQL alias : p1_0
10:24:08.508 [main] DEBUG org.hibernate.orm.sql.ast.create - Registration of TableGroup [StandardTableGroup(org.frcpm.models.Project(959664794060700))] with identifierForTableGroup [org.frcpm.models.Project] for NavigablePath [org.frcpm.models.Project] 
10:24:08.508 [main] DEBUG org.hibernate.orm.results.graph.AST - DomainResult Graph:
 \-EntityResultImpl [org.frcpm.models.Project(959664794060700)]
 |  +-BasicFetch [org.frcpm.models.Project(959664794060700).description]
 |  +-BasicFetch [org.frcpm.models.Project(959664794060700).goalEndDate]
 |  +-BasicFetch [org.frcpm.models.Project(959664794060700).hardDeadline]
 |  +-DelayedCollectionFetch [org.frcpm.models.Project(959664794060700).meetings]
 |  +-DelayedCollectionFetch [org.frcpm.models.Project(959664794060700).milestones]
 |  +-BasicFetch [org.frcpm.models.Project(959664794060700).name]
 |  +-BasicFetch [org.frcpm.models.Project(959664794060700).startDate]
 |  \-DelayedCollectionFetch [org.frcpm.models.Project(959664794060700).tasks]

10:24:08.508 [main] DEBUG org.hibernate.orm.sql.ast.tree - SQL AST Tree:
    SelectStatement {
      FromClause {
        StandardTableGroup (p1 : org.frcpm.models.Project(959664794060700)) {
          primaryTableReference : projects as p1_0
        }
      }
    }

10:24:08.508 [main] DEBUG org.hibernate.orm.sql.exec - Skipping reading Query result cache data: cache-enabled = false, cache-mode = NORMAL
10:24:08.508 [main] DEBUG org.hibernate.orm.results - Initializer list:
	  org.frcpm.models.Project(959664794060700).meetings -> DelayedCollectionInitializer(org.frcpm.models.Project(959664794060700).meetings)@19122296 (PluralAttribute(org.frcpm.models.Project.meetings))
	  org.frcpm.models.Project(959664794060700).tasks -> DelayedCollectionInitializer(org.frcpm.models.Project(959664794060700).tasks)@512453522 (PluralAttribute(org.frcpm.models.Project.tasks))
	  org.frcpm.models.Project(959664794060700) -> EntityResultInitializer(org.frcpm.models.Project(959664794060700))@191320122 (SingleTableEntityPersister(org.frcpm.models.Project))
	  org.frcpm.models.Project(959664794060700).milestones -> DelayedCollectionInitializer(org.frcpm.models.Project(959664794060700).milestones)@830811347 (PluralAttribute(org.frcpm.models.Project.milestones))

10:24:08.508 [main] DEBUG org.hibernate.SQL - select p1_0.id,p1_0.description,p1_0.goal_end_date,p1_0.hard_deadline,p1_0.name,p1_0.start_date from projects p1_0
10:24:08.509 [main] DEBUG org.hibernate.orm.results - Extracted JDBC value [0] - [1]
10:24:08.509 [main] DEBUG org.hibernate.orm.results.loading.entity - (EntityResultInitializer) Hydrated EntityKey (org.frcpm.models.Project(959664794060700)): 1
10:24:08.509 [main] DEBUG org.hibernate.orm.results.loading.org.hibernate.orm.results.loading.collection - (DelayedCollectionInitializer) Current row collection key : org.frcpm.models.Project(959664794060700).meetings#1
10:24:08.509 [main] DEBUG org.hibernate.orm.results.loading.org.hibernate.orm.results.loading.collection - (DelayedCollectionInitializer) Current row collection key : org.frcpm.models.Project(959664794060700).milestones#1
10:24:08.509 [main] DEBUG org.hibernate.orm.results.loading.org.hibernate.orm.results.loading.collection - (DelayedCollectionInitializer) Current row collection key : org.frcpm.models.Project(959664794060700).tasks#1
10:24:08.509 [main] DEBUG org.hibernate.orm.results.loading.entity - (EntityResultInitializer) Created new entity instance [org.frcpm.models.Project(959664794060700)#1] : 1522467058
10:24:08.509 [main] DEBUG org.hibernate.orm.results - Extracted JDBC value [1] - [Competition robot for the 2025 FIRST Robotics Competition]
10:24:08.509 [main] DEBUG org.hibernate.orm.results - Extracted JDBC value [2] - [2025-06-12]
10:24:08.509 [main] DEBUG org.hibernate.orm.results - Extracted JDBC value [3] - [2025-06-26]
10:24:08.509 [main] DEBUG org.hibernate.orm.results - Extracted JDBC value [4] - [FRC 2025 Robot]
10:24:08.509 [main] DEBUG org.hibernate.orm.results - Extracted JDBC value [5] - [2025-05-01]
10:24:08.510 [main] DEBUG org.hibernate.orm.results.loading.entity - (EntityResultInitializer) Done materializing entityInstance : org.frcpm.models.Project(959664794060700)#1
10:24:08.510 [main] DEBUG org.hibernate.orm.results.loading - Calling top-level assembler (0 / 1) : org.hibernate.sql.results.graph.entity.internal.EntityAssembler@34d53f54
10:24:08.510 [main] DEBUG org.hibernate.orm.results - Extracted JDBC value [0] - [51]
10:24:08.510 [main] DEBUG org.hibernate.orm.results.loading.entity - (EntityResultInitializer) Hydrated EntityKey (org.frcpm.models.Project(959664794060700)): 51
10:24:08.510 [main] DEBUG org.hibernate.orm.results.loading.org.hibernate.orm.results.loading.collection - (DelayedCollectionInitializer) Current row collection key : org.frcpm.models.Project(959664794060700).meetings#51
10:24:08.510 [main] DEBUG org.hibernate.orm.results.loading.org.hibernate.orm.results.loading.collection - (DelayedCollectionInitializer) Current row collection key : org.frcpm.models.Project(959664794060700).milestones#51
10:24:08.510 [main] DEBUG org.hibernate.orm.results.loading.org.hibernate.orm.results.loading.collection - (DelayedCollectionInitializer) Current row collection key : org.frcpm.models.Project(959664794060700).tasks#51
10:24:08.510 [main] DEBUG org.hibernate.orm.results.loading.entity - (EntityResultInitializer) Created new entity instance [org.frcpm.models.Project(959664794060700)#51] : 1410848576
10:24:08.510 [main] DEBUG org.hibernate.orm.results - Extracted JDBC value [1] - [null]
10:24:08.510 [main] DEBUG org.hibernate.orm.results - Extracted JDBC value [2] - [2025-05-23]
10:24:08.510 [main] DEBUG org.hibernate.orm.results - Extracted JDBC value [3] - [2025-06-06]
10:24:08.510 [main] DEBUG org.hibernate.orm.results - Extracted JDBC value [4] - [Test Count Project]
10:24:08.510 [main] DEBUG org.hibernate.orm.results - Extracted JDBC value [5] - [2025-04-25]
10:24:08.510 [main] DEBUG org.hibernate.orm.results.loading.entity - (EntityResultInitializer) Done materializing entityInstance : org.frcpm.models.Project(959664794060700)#51
10:24:08.510 [main] DEBUG org.hibernate.orm.results.loading - Calling top-level assembler (0 / 1) : org.hibernate.sql.results.graph.entity.internal.EntityAssembler@34d53f54
10:24:08.510 [main] DEBUG org.hibernate.orm.results - Extracted JDBC value [0] - [54]
10:24:08.510 [main] DEBUG org.hibernate.orm.results.loading.entity - (EntityResultInitializer) Hydrated EntityKey (org.frcpm.models.Project(959664794060700)): 54
10:24:08.510 [main] DEBUG org.hibernate.orm.results.loading.org.hibernate.orm.results.loading.collection - (DelayedCollectionInitializer) Current row collection key : org.frcpm.models.Project(959664794060700).meetings#54
10:24:08.510 [main] DEBUG org.hibernate.orm.results.loading.org.hibernate.orm.results.loading.collection - (DelayedCollectionInitializer) Current row collection key : org.frcpm.models.Project(959664794060700).milestones#54
10:24:08.510 [main] DEBUG org.hibernate.orm.results.loading.org.hibernate.orm.results.loading.collection - (DelayedCollectionInitializer) Current row collection key : org.frcpm.models.Project(959664794060700).tasks#54
10:24:08.510 [main] DEBUG org.hibernate.orm.results.loading.entity - (EntityResultInitializer) Created new entity instance [org.frcpm.models.Project(959664794060700)#54] : 1144334904
10:24:08.510 [main] DEBUG org.hibernate.orm.results - Extracted JDBC value [1] - [Test save description]
10:24:08.510 [main] DEBUG org.hibernate.orm.results - Extracted JDBC value [2] - [2025-05-23]
10:24:08.510 [main] DEBUG org.hibernate.orm.results - Extracted JDBC value [3] - [2025-06-06]
10:24:08.510 [main] DEBUG org.hibernate.orm.results - Extracted JDBC value [4] - [Test Save Project]
10:24:08.510 [main] DEBUG org.hibernate.orm.results - Extracted JDBC value [5] - [2025-04-25]
10:24:08.510 [main] DEBUG org.hibernate.orm.results.loading.entity - (EntityResultInitializer) Done materializing entityInstance : org.frcpm.models.Project(959664794060700)#54
10:24:08.510 [main] DEBUG org.hibernate.orm.results.loading - Calling top-level assembler (0 / 1) : org.hibernate.sql.results.graph.entity.internal.EntityAssembler@34d53f54
10:24:08.510 [main] DEBUG org.hibernate.orm.results - Extracted JDBC value [0] - [69]
10:24:08.510 [main] DEBUG org.hibernate.orm.results.loading.entity - (EntityResultInitializer) Hydrated EntityKey (org.frcpm.models.Project(959664794060700)): 69
10:24:08.510 [main] DEBUG org.hibernate.orm.results.loading.org.hibernate.orm.results.loading.collection - (DelayedCollectionInitializer) Current row collection key : org.frcpm.models.Project(959664794060700).meetings#69
10:24:08.510 [main] DEBUG org.hibernate.orm.results.loading.org.hibernate.orm.results.loading.collection - (DelayedCollectionInitializer) Current row collection key : org.frcpm.models.Project(959664794060700).milestones#69
10:24:08.510 [main] DEBUG org.hibernate.orm.results.loading.org.hibernate.orm.results.loading.collection - (DelayedCollectionInitializer) Current row collection key : org.frcpm.models.Project(959664794060700).tasks#69
10:24:08.510 [main] DEBUG org.hibernate.orm.results.loading.entity - (EntityResultInitializer) Created new entity instance [org.frcpm.models.Project(959664794060700)#69] : 259801958
10:24:08.510 [main] DEBUG org.hibernate.orm.results - Extracted JDBC value [1] - [null]
10:24:08.510 [main] DEBUG org.hibernate.orm.results - Extracted JDBC value [2] - [2025-05-23]
10:24:08.510 [main] DEBUG org.hibernate.orm.results - Extracted JDBC value [3] - [2025-06-06]
10:24:08.510 [main] DEBUG org.hibernate.orm.results - Extracted JDBC value [4] - [Updated Project Name]
10:24:08.510 [main] DEBUG org.hibernate.orm.results - Extracted JDBC value [5] - [2025-04-25]
10:24:08.510 [main] DEBUG org.hibernate.orm.results.loading.entity - (EntityResultInitializer) Done materializing entityInstance : org.frcpm.models.Project(959664794060700)#69
10:24:08.510 [main] DEBUG org.hibernate.orm.results.loading - Calling top-level assembler (0 / 1) : org.hibernate.sql.results.graph.entity.internal.EntityAssembler@34d53f54
10:24:08.511 [main] DEBUG org.hibernate.orm.results - Extracted JDBC value [0] - [70]
10:24:08.511 [main] DEBUG org.hibernate.orm.results.loading.entity - (EntityResultInitializer) Hydrated EntityKey (org.frcpm.models.Project(959664794060700)): 70
10:24:08.511 [main] DEBUG org.hibernate.orm.results.loading.org.hibernate.orm.results.loading.collection - (DelayedCollectionInitializer) Current row collection key : org.frcpm.models.Project(959664794060700).meetings#70
10:24:08.511 [main] DEBUG org.hibernate.orm.results.loading.org.hibernate.orm.results.loading.collection - (DelayedCollectionInitializer) Current row collection key : org.frcpm.models.Project(959664794060700).milestones#70
10:24:08.511 [main] DEBUG org.hibernate.orm.results.loading.org.hibernate.orm.results.loading.collection - (DelayedCollectionInitializer) Current row collection key : org.frcpm.models.Project(959664794060700).tasks#70
10:24:08.511 [main] DEBUG org.hibernate.orm.results.loading.entity - (EntityResultInitializer) Created new entity instance [org.frcpm.models.Project(959664794060700)#70] : 1271439238
10:24:08.511 [main] DEBUG org.hibernate.orm.results - Extracted JDBC value [1] - [null]
10:24:08.511 [main] DEBUG org.hibernate.orm.results - Extracted JDBC value [2] - [2025-06-06]
10:24:08.511 [main] DEBUG org.hibernate.orm.results - Extracted JDBC value [3] - [2025-06-20]
10:24:08.511 [main] DEBUG org.hibernate.orm.results - Extracted JDBC value [4] - [Test Task Project]
10:24:08.511 [main] DEBUG org.hibernate.orm.results - Extracted JDBC value [5] - [2025-04-25]
10:24:08.511 [main] DEBUG org.hibernate.orm.results.loading.entity - (EntityResultInitializer) Done materializing entityInstance : org.frcpm.models.Project(959664794060700)#70
10:24:08.511 [main] DEBUG org.hibernate.orm.results.loading - Calling top-level assembler (0 / 1) : org.hibernate.sql.results.graph.entity.internal.EntityAssembler@34d53f54
10:24:08.511 [main] DEBUG org.hibernate.orm.results - Extracted JDBC value [0] - [71]
10:24:08.511 [main] DEBUG org.hibernate.orm.results.loading.entity - (EntityResultInitializer) Hydrated EntityKey (org.frcpm.models.Project(959664794060700)): 71
10:24:08.511 [main] DEBUG org.hibernate.orm.results.loading.org.hibernate.orm.results.loading.collection - (DelayedCollectionInitializer) Current row collection key : org.frcpm.models.Project(959664794060700).meetings#71
10:24:08.511 [main] DEBUG org.hibernate.orm.results.loading.org.hibernate.orm.results.loading.collection - (DelayedCollectionInitializer) Current row collection key : org.frcpm.models.Project(959664794060700).milestones#71
10:24:08.511 [main] DEBUG org.hibernate.orm.results.loading.org.hibernate.orm.results.loading.collection - (DelayedCollectionInitializer) Current row collection key : org.frcpm.models.Project(959664794060700).tasks#71
10:24:08.511 [main] DEBUG org.hibernate.orm.results.loading.entity - (EntityResultInitializer) Created new entity instance [org.frcpm.models.Project(959664794060700)#71] : 1847107299
10:24:08.511 [main] DEBUG org.hibernate.orm.results - Extracted JDBC value [1] - [null]
10:24:08.511 [main] DEBUG org.hibernate.orm.results - Extracted JDBC value [2] - [2025-06-06]
10:24:08.511 [main] DEBUG org.hibernate.orm.results - Extracted JDBC value [3] - [2025-06-20]
10:24:08.511 [main] DEBUG org.hibernate.orm.results - Extracted JDBC value [4] - [Test Task Project]
10:24:08.511 [main] DEBUG org.hibernate.orm.results - Extracted JDBC value [5] - [2025-04-25]
10:24:08.511 [main] DEBUG org.hibernate.orm.results.loading.entity - (EntityResultInitializer) Done materializing entityInstance : org.frcpm.models.Project(959664794060700)#71
10:24:08.511 [main] DEBUG org.hibernate.orm.results.loading - Calling top-level assembler (0 / 1) : org.hibernate.sql.results.graph.entity.internal.EntityAssembler@34d53f54
10:24:08.511 [main] DEBUG org.hibernate.orm.results - Extracted JDBC value [0] - [72]
10:24:08.511 [main] DEBUG org.hibernate.orm.results.loading.entity - (EntityResultInitializer) Hydrated EntityKey (org.frcpm.models.Project(959664794060700)): 72
10:24:08.511 [main] DEBUG org.hibernate.orm.results.loading.org.hibernate.orm.results.loading.collection - (DelayedCollectionInitializer) Current row collection key : org.frcpm.models.Project(959664794060700).meetings#72
10:24:08.511 [main] DEBUG org.hibernate.orm.results.loading.org.hibernate.orm.results.loading.collection - (DelayedCollectionInitializer) Current row collection key : org.frcpm.models.Project(959664794060700).milestones#72
10:24:08.511 [main] DEBUG org.hibernate.orm.results.loading.org.hibernate.orm.results.loading.collection - (DelayedCollectionInitializer) Current row collection key : org.frcpm.models.Project(959664794060700).tasks#72
10:24:08.511 [main] DEBUG org.hibernate.orm.results.loading.entity - (EntityResultInitializer) Created new entity instance [org.frcpm.models.Project(959664794060700)#72] : 1164705604
10:24:08.511 [main] DEBUG org.hibernate.orm.results - Extracted JDBC value [1] - [null]
10:24:08.511 [main] DEBUG org.hibernate.orm.results - Extracted JDBC value [2] - [2025-06-06]
10:24:08.511 [main] DEBUG org.hibernate.orm.results - Extracted JDBC value [3] - [2025-06-20]
10:24:08.511 [main] DEBUG org.hibernate.orm.results - Extracted JDBC value [4] - [Test Task Project]
10:24:08.511 [main] DEBUG org.hibernate.orm.results - Extracted JDBC value [5] - [2025-04-25]
10:24:08.511 [main] DEBUG org.hibernate.orm.results.loading.entity - (EntityResultInitializer) Done materializing entityInstance : org.frcpm.models.Project(959664794060700)#72
10:24:08.511 [main] DEBUG org.hibernate.orm.results.loading - Calling top-level assembler (0 / 1) : org.hibernate.sql.results.graph.entity.internal.EntityAssembler@34d53f54
10:24:08.511 [main] DEBUG org.hibernate.orm.results - Extracted JDBC value [0] - [73]
10:24:08.511 [main] DEBUG org.hibernate.orm.results.loading.entity - (EntityResultInitializer) Hydrated EntityKey (org.frcpm.models.Project(959664794060700)): 73
10:24:08.511 [main] DEBUG org.hibernate.orm.results.loading.org.hibernate.orm.results.loading.collection - (DelayedCollectionInitializer) Current row collection key : org.frcpm.models.Project(959664794060700).meetings#73
10:24:08.511 [main] DEBUG org.hibernate.orm.results.loading.org.hibernate.orm.results.loading.collection - (DelayedCollectionInitializer) Current row collection key : org.frcpm.models.Project(959664794060700).milestones#73
10:24:08.511 [main] DEBUG org.hibernate.orm.results.loading.org.hibernate.orm.results.loading.collection - (DelayedCollectionInitializer) Current row collection key : org.frcpm.models.Project(959664794060700).tasks#73
10:24:08.511 [main] DEBUG org.hibernate.orm.results.loading.entity - (EntityResultInitializer) Created new entity instance [org.frcpm.models.Project(959664794060700)#73] : 1881803645
10:24:08.511 [main] DEBUG org.hibernate.orm.results - Extracted JDBC value [1] - [null]
10:24:08.511 [main] DEBUG org.hibernate.orm.results - Extracted JDBC value [2] - [2025-06-06]
10:24:08.511 [main] DEBUG org.hibernate.orm.results - Extracted JDBC value [3] - [2025-06-20]
10:24:08.511 [main] DEBUG org.hibernate.orm.results - Extracted JDBC value [4] - [Test Task Project]
10:24:08.511 [main] DEBUG org.hibernate.orm.results - Extracted JDBC value [5] - [2025-04-25]
10:24:08.511 [main] DEBUG org.hibernate.orm.results.loading.entity - (EntityResultInitializer) Done materializing entityInstance : org.frcpm.models.Project(959664794060700)#73
10:24:08.511 [main] DEBUG org.hibernate.orm.results.loading - Calling top-level assembler (0 / 1) : org.hibernate.sql.results.graph.entity.internal.EntityAssembler@34d53f54
10:24:08.511 [main] DEBUG org.hibernate.orm.results - Extracted JDBC value [0] - [74]
10:24:08.511 [main] DEBUG org.hibernate.orm.results.loading.entity - (EntityResultInitializer) Hydrated EntityKey (org.frcpm.models.Project(959664794060700)): 74
10:24:08.511 [main] DEBUG org.hibernate.orm.results.loading.org.hibernate.orm.results.loading.collection - (DelayedCollectionInitializer) Current row collection key : org.frcpm.models.Project(959664794060700).meetings#74
10:24:08.511 [main] DEBUG org.hibernate.orm.results.loading.org.hibernate.orm.results.loading.collection - (DelayedCollectionInitializer) Current row collection key : org.frcpm.models.Project(959664794060700).milestones#74
10:24:08.511 [main] DEBUG org.hibernate.orm.results.loading.org.hibernate.orm.results.loading.collection - (DelayedCollectionInitializer) Current row collection key : org.frcpm.models.Project(959664794060700).tasks#74
10:24:08.511 [main] DEBUG org.hibernate.orm.results.loading.entity - (EntityResultInitializer) Created new entity instance [org.frcpm.models.Project(959664794060700)#74] : 1898794552
10:24:08.511 [main] DEBUG org.hibernate.orm.results - Extracted JDBC value [1] - [null]
10:24:08.511 [main] DEBUG org.hibernate.orm.results - Extracted JDBC value [2] - [2025-06-06]
10:24:08.511 [main] DEBUG org.hibernate.orm.results - Extracted JDBC value [3] - [2025-06-20]
10:24:08.511 [main] DEBUG org.hibernate.orm.results - Extracted JDBC value [4] - [Test Task Project]
10:24:08.511 [main] DEBUG org.hibernate.orm.results - Extracted JDBC value [5] - [2025-04-25]
10:24:08.511 [main] DEBUG org.hibernate.orm.results.loading.entity - (EntityResultInitializer) Done materializing entityInstance : org.frcpm.models.Project(959664794060700)#74
10:24:08.511 [main] DEBUG org.hibernate.orm.results.loading - Calling top-level assembler (0 / 1) : org.hibernate.sql.results.graph.entity.internal.EntityAssembler@34d53f54
10:24:08.511 [main] DEBUG org.hibernate.orm.results - Extracted JDBC value [0] - [75]
10:24:08.511 [main] DEBUG org.hibernate.orm.results.loading.entity - (EntityResultInitializer) Hydrated EntityKey (org.frcpm.models.Project(959664794060700)): 75
10:24:08.511 [main] DEBUG org.hibernate.orm.results.loading.org.hibernate.orm.results.loading.collection - (DelayedCollectionInitializer) Current row collection key : org.frcpm.models.Project(959664794060700).meetings#75
10:24:08.511 [main] DEBUG org.hibernate.orm.results.loading.org.hibernate.orm.results.loading.collection - (DelayedCollectionInitializer) Current row collection key : org.frcpm.models.Project(959664794060700).milestones#75
10:24:08.511 [main] DEBUG org.hibernate.orm.results.loading.org.hibernate.orm.results.loading.collection - (DelayedCollectionInitializer) Current row collection key : org.frcpm.models.Project(959664794060700).tasks#75
10:24:08.511 [main] DEBUG org.hibernate.orm.results.loading.entity - (EntityResultInitializer) Created new entity instance [org.frcpm.models.Project(959664794060700)#75] : 1491242749
10:24:08.511 [main] DEBUG org.hibernate.orm.results - Extracted JDBC value [1] - [null]
10:24:08.511 [main] DEBUG org.hibernate.orm.results - Extracted JDBC value [2] - [2025-06-06]
10:24:08.511 [main] DEBUG org.hibernate.orm.results - Extracted JDBC value [3] - [2025-06-20]
10:24:08.511 [main] DEBUG org.hibernate.orm.results - Extracted JDBC value [4] - [Test Task Project]
10:24:08.511 [main] DEBUG org.hibernate.orm.results - Extracted JDBC value [5] - [2025-04-25]
10:24:08.511 [main] DEBUG org.hibernate.orm.results.loading.entity - (EntityResultInitializer) Done materializing entityInstance : org.frcpm.models.Project(959664794060700)#75
10:24:08.511 [main] DEBUG org.hibernate.orm.results.loading - Calling top-level assembler (0 / 1) : org.hibernate.sql.results.graph.entity.internal.EntityAssembler@34d53f54
10:24:08.511 [main] DEBUG org.hibernate.orm.results - Extracted JDBC value [0] - [76]
10:24:08.511 [main] DEBUG org.hibernate.orm.results.loading.entity - (EntityResultInitializer) Hydrated EntityKey (org.frcpm.models.Project(959664794060700)): 76
10:24:08.511 [main] DEBUG org.hibernate.orm.results.loading.org.hibernate.orm.results.loading.collection - (DelayedCollectionInitializer) Current row collection key : org.frcpm.models.Project(959664794060700).meetings#76
10:24:08.512 [main] DEBUG org.hibernate.orm.results.loading.org.hibernate.orm.results.loading.collection - (DelayedCollectionInitializer) Current row collection key : org.frcpm.models.Project(959664794060700).milestones#76
10:24:08.512 [main] DEBUG org.hibernate.orm.results.loading.org.hibernate.orm.results.loading.collection - (DelayedCollectionInitializer) Current row collection key : org.frcpm.models.Project(959664794060700).tasks#76
10:24:08.512 [main] DEBUG org.hibernate.orm.results.loading.entity - (EntityResultInitializer) Created new entity instance [org.frcpm.models.Project(959664794060700)#76] : 1329082422
10:24:08.512 [main] DEBUG org.hibernate.orm.results - Extracted JDBC value [1] - [null]
10:24:08.512 [main] DEBUG org.hibernate.orm.results - Extracted JDBC value [2] - [2025-06-06]
10:24:08.512 [main] DEBUG org.hibernate.orm.results - Extracted JDBC value [3] - [2025-06-20]
10:24:08.512 [main] DEBUG org.hibernate.orm.results - Extracted JDBC value [4] - [Test Task Project]
10:24:08.512 [main] DEBUG org.hibernate.orm.results - Extracted JDBC value [5] - [2025-04-25]
10:24:08.512 [main] DEBUG org.hibernate.orm.results.loading.entity - (EntityResultInitializer) Done materializing entityInstance : org.frcpm.models.Project(959664794060700)#76
10:24:08.512 [main] DEBUG org.hibernate.orm.results.loading - Calling top-level assembler (0 / 1) : org.hibernate.sql.results.graph.entity.internal.EntityAssembler@34d53f54
10:24:08.512 [main] DEBUG org.hibernate.orm.results - Extracted JDBC value [0] - [77]
10:24:08.512 [main] DEBUG org.hibernate.orm.results.loading.entity - (EntityResultInitializer) Hydrated EntityKey (org.frcpm.models.Project(959664794060700)): 77
10:24:08.512 [main] DEBUG org.hibernate.orm.results.loading.org.hibernate.orm.results.loading.collection - (DelayedCollectionInitializer) Current row collection key : org.frcpm.models.Project(959664794060700).meetings#77
10:24:08.512 [main] DEBUG org.hibernate.orm.results.loading.org.hibernate.orm.results.loading.collection - (DelayedCollectionInitializer) Current row collection key : org.frcpm.models.Project(959664794060700).milestones#77
10:24:08.512 [main] DEBUG org.hibernate.orm.results.loading.org.hibernate.orm.results.loading.collection - (DelayedCollectionInitializer) Current row collection key : org.frcpm.models.Project(959664794060700).tasks#77
10:24:08.512 [main] DEBUG org.hibernate.orm.results.loading.entity - (EntityResultInitializer) Created new entity instance [org.frcpm.models.Project(959664794060700)#77] : 898118851
10:24:08.512 [main] DEBUG org.hibernate.orm.results - Extracted JDBC value [1] - [null]
10:24:08.512 [main] DEBUG org.hibernate.orm.results - Extracted JDBC value [2] - [2025-06-06]
10:24:08.512 [main] DEBUG org.hibernate.orm.results - Extracted JDBC value [3] - [2025-06-20]
10:24:08.512 [main] DEBUG org.hibernate.orm.results - Extracted JDBC value [4] - [Test Task Project]
10:24:08.512 [main] DEBUG org.hibernate.orm.results - Extracted JDBC value [5] - [2025-04-25]
10:24:08.512 [main] DEBUG org.hibernate.orm.results.loading.entity - (EntityResultInitializer) Done materializing entityInstance : org.frcpm.models.Project(959664794060700)#77
10:24:08.512 [main] DEBUG org.hibernate.orm.results.loading - Calling top-level assembler (0 / 1) : org.hibernate.sql.results.graph.entity.internal.EntityAssembler@34d53f54
10:24:08.512 [main] DEBUG org.hibernate.orm.results - Extracted JDBC value [0] - [78]
10:24:08.512 [main] DEBUG org.hibernate.orm.results.loading.entity - (EntityResultInitializer) Hydrated EntityKey (org.frcpm.models.Project(959664794060700)): 78
10:24:08.512 [main] DEBUG org.hibernate.orm.results.loading.org.hibernate.orm.results.loading.collection - (DelayedCollectionInitializer) Current row collection key : org.frcpm.models.Project(959664794060700).meetings#78
10:24:08.512 [main] DEBUG org.hibernate.orm.results.loading.org.hibernate.orm.results.loading.collection - (DelayedCollectionInitializer) Current row collection key : org.frcpm.models.Project(959664794060700).milestones#78
10:24:08.512 [main] DEBUG org.hibernate.orm.results.loading.org.hibernate.orm.results.loading.collection - (DelayedCollectionInitializer) Current row collection key : org.frcpm.models.Project(959664794060700).tasks#78
10:24:08.512 [main] DEBUG org.hibernate.orm.results.loading.entity - (EntityResultInitializer) Created new entity instance [org.frcpm.models.Project(959664794060700)#78] : 23070863
10:24:08.512 [main] DEBUG org.hibernate.orm.results - Extracted JDBC value [1] - [null]
10:24:08.512 [main] DEBUG org.hibernate.orm.results - Extracted JDBC value [2] - [2025-06-06]
10:24:08.512 [main] DEBUG org.hibernate.orm.results - Extracted JDBC value [3] - [2025-06-20]
10:24:08.512 [main] DEBUG org.hibernate.orm.results - Extracted JDBC value [4] - [Test Task Project]
10:24:08.512 [main] DEBUG org.hibernate.orm.results - Extracted JDBC value [5] - [2025-04-25]
10:24:08.512 [main] DEBUG org.hibernate.orm.results.loading.entity - (EntityResultInitializer) Done materializing entityInstance : org.frcpm.models.Project(959664794060700)#78
10:24:08.512 [main] DEBUG org.hibernate.orm.results.loading - Calling top-level assembler (0 / 1) : org.hibernate.sql.results.graph.entity.internal.EntityAssembler@34d53f54
10:24:08.512 [main] DEBUG org.hibernate.orm.results - Extracted JDBC value [0] - [79]
10:24:08.512 [main] DEBUG org.hibernate.orm.results.loading.entity - (EntityResultInitializer) Hydrated EntityKey (org.frcpm.models.Project(959664794060700)): 79
10:24:08.512 [main] DEBUG org.hibernate.orm.results.loading.org.hibernate.orm.results.loading.collection - (DelayedCollectionInitializer) Current row collection key : org.frcpm.models.Project(959664794060700).meetings#79
10:24:08.512 [main] DEBUG org.hibernate.orm.results.loading.org.hibernate.orm.results.loading.collection - (DelayedCollectionInitializer) Current row collection key : org.frcpm.models.Project(959664794060700).milestones#79
10:24:08.512 [main] DEBUG org.hibernate.orm.results.loading.org.hibernate.orm.results.loading.collection - (DelayedCollectionInitializer) Current row collection key : org.frcpm.models.Project(959664794060700).tasks#79
10:24:08.512 [main] DEBUG org.hibernate.orm.results.loading.entity - (EntityResultInitializer) Created new entity instance [org.frcpm.models.Project(959664794060700)#79] : 2076245865
10:24:08.512 [main] DEBUG org.hibernate.orm.results - Extracted JDBC value [1] - [null]
10:24:08.512 [main] DEBUG org.hibernate.orm.results - Extracted JDBC value [2] - [2025-06-06]
10:24:08.512 [main] DEBUG org.hibernate.orm.results - Extracted JDBC value [3] - [2025-06-20]
10:24:08.512 [main] DEBUG org.hibernate.orm.results - Extracted JDBC value [4] - [Test Task Project]
10:24:08.512 [main] DEBUG org.hibernate.orm.results - Extracted JDBC value [5] - [2025-04-25]
10:24:08.512 [main] DEBUG org.hibernate.orm.results.loading.entity - (EntityResultInitializer) Done materializing entityInstance : org.frcpm.models.Project(959664794060700)#79
10:24:08.512 [main] DEBUG org.hibernate.orm.results.loading - Calling top-level assembler (0 / 1) : org.hibernate.sql.results.graph.entity.internal.EntityAssembler@34d53f54
10:24:08.512 [main] DEBUG org.hibernate.orm.results - Extracted JDBC value [0] - [80]
10:24:08.512 [main] DEBUG org.hibernate.orm.results.loading.entity - (EntityResultInitializer) Hydrated EntityKey (org.frcpm.models.Project(959664794060700)): 80
10:24:08.512 [main] DEBUG org.hibernate.orm.results.loading.org.hibernate.orm.results.loading.collection - (DelayedCollectionInitializer) Current row collection key : org.frcpm.models.Project(959664794060700).meetings#80
10:24:08.512 [main] DEBUG org.hibernate.orm.results.loading.org.hibernate.orm.results.loading.collection - (DelayedCollectionInitializer) Current row collection key : org.frcpm.models.Project(959664794060700).milestones#80
10:24:08.512 [main] DEBUG org.hibernate.orm.results.loading.org.hibernate.orm.results.loading.collection - (DelayedCollectionInitializer) Current row collection key : org.frcpm.models.Project(959664794060700).tasks#80
10:24:08.512 [main] DEBUG org.hibernate.orm.results.loading.entity - (EntityResultInitializer) Created new entity instance [org.frcpm.models.Project(959664794060700)#80] : 741785886
10:24:08.512 [main] DEBUG org.hibernate.orm.results - Extracted JDBC value [1] - [null]
10:24:08.512 [main] DEBUG org.hibernate.orm.results - Extracted JDBC value [2] - [2025-06-06]
10:24:08.512 [main] DEBUG org.hibernate.orm.results - Extracted JDBC value [3] - [2025-06-20]
10:24:08.512 [main] DEBUG org.hibernate.orm.results - Extracted JDBC value [4] - [Test Task Project]
10:24:08.512 [main] DEBUG org.hibernate.orm.results - Extracted JDBC value [5] - [2025-04-25]
10:24:08.512 [main] DEBUG org.hibernate.orm.results.loading.entity - (EntityResultInitializer) Done materializing entityInstance : org.frcpm.models.Project(959664794060700)#80
10:24:08.512 [main] DEBUG org.hibernate.orm.results.loading - Calling top-level assembler (0 / 1) : org.hibernate.sql.results.graph.entity.internal.EntityAssembler@34d53f54
10:24:08.512 [main] DEBUG org.hibernate.orm.results - Extracted JDBC value [0] - [81]
10:24:08.512 [main] DEBUG org.hibernate.orm.results.loading.entity - (EntityResultInitializer) Hydrated EntityKey (org.frcpm.models.Project(959664794060700)): 81
10:24:08.512 [main] DEBUG org.hibernate.orm.results.loading.org.hibernate.orm.results.loading.collection - (DelayedCollectionInitializer) Current row collection key : org.frcpm.models.Project(959664794060700).meetings#81
10:24:08.512 [main] DEBUG org.hibernate.orm.results.loading.org.hibernate.orm.results.loading.collection - (DelayedCollectionInitializer) Current row collection key : org.frcpm.models.Project(959664794060700).milestones#81
10:24:08.512 [main] DEBUG org.hibernate.orm.results.loading.org.hibernate.orm.results.loading.collection - (DelayedCollectionInitializer) Current row collection key : org.frcpm.models.Project(959664794060700).tasks#81
10:24:08.512 [main] DEBUG org.hibernate.orm.results.loading.entity - (EntityResultInitializer) Created new entity instance [org.frcpm.models.Project(959664794060700)#81] : 404414900
10:24:08.512 [main] DEBUG org.hibernate.orm.results - Extracted JDBC value [1] - [null]
10:24:08.512 [main] DEBUG org.hibernate.orm.results - Extracted JDBC value [2] - [2025-06-06]
10:24:08.512 [main] DEBUG org.hibernate.orm.results - Extracted JDBC value [3] - [2025-06-20]
10:24:08.512 [main] DEBUG org.hibernate.orm.results - Extracted JDBC value [4] - [Test Task Project]
10:24:08.512 [main] DEBUG org.hibernate.orm.results - Extracted JDBC value [5] - [2025-04-25]
10:24:08.512 [main] DEBUG org.hibernate.orm.results.loading.entity - (EntityResultInitializer) Done materializing entityInstance : org.frcpm.models.Project(959664794060700)#81
10:24:08.512 [main] DEBUG org.hibernate.orm.results.loading - Calling top-level assembler (0 / 1) : org.hibernate.sql.results.graph.entity.internal.EntityAssembler@34d53f54
10:24:08.512 [main] DEBUG org.hibernate.orm.results - Extracted JDBC value [0] - [82]
10:24:08.512 [main] DEBUG org.hibernate.orm.results.loading.entity - (EntityResultInitializer) Hydrated EntityKey (org.frcpm.models.Project(959664794060700)): 82
10:24:08.512 [main] DEBUG org.hibernate.orm.results.loading.org.hibernate.orm.results.loading.collection - (DelayedCollectionInitializer) Current row collection key : org.frcpm.models.Project(959664794060700).meetings#82
10:24:08.512 [main] DEBUG org.hibernate.orm.results.loading.org.hibernate.orm.results.loading.collection - (DelayedCollectionInitializer) Current row collection key : org.frcpm.models.Project(959664794060700).milestones#82
10:24:08.512 [main] DEBUG org.hibernate.orm.results.loading.org.hibernate.orm.results.loading.collection - (DelayedCollectionInitializer) Current row collection key : org.frcpm.models.Project(959664794060700).tasks#82
10:24:08.512 [main] DEBUG org.hibernate.orm.results.loading.entity - (EntityResultInitializer) Created new entity instance [org.frcpm.models.Project(959664794060700)#82] : 1158483369
10:24:08.512 [main] DEBUG org.hibernate.orm.results - Extracted JDBC value [1] - [null]
10:24:08.512 [main] DEBUG org.hibernate.orm.results - Extracted JDBC value [2] - [2025-06-06]
10:24:08.512 [main] DEBUG org.hibernate.orm.results - Extracted JDBC value [3] - [2025-06-20]
10:24:08.512 [main] DEBUG org.hibernate.orm.results - Extracted JDBC value [4] - [Test Task Project]
10:24:08.512 [main] DEBUG org.hibernate.orm.results - Extracted JDBC value [5] - [2025-04-25]
10:24:08.512 [main] DEBUG org.hibernate.orm.results.loading.entity - (EntityResultInitializer) Done materializing entityInstance : org.frcpm.models.Project(959664794060700)#82
10:24:08.512 [main] DEBUG org.hibernate.orm.results.loading - Calling top-level assembler (0 / 1) : org.hibernate.sql.results.graph.entity.internal.EntityAssembler@34d53f54
10:24:08.512 [main] DEBUG org.hibernate.orm.results - Extracted JDBC value [0] - [104]
10:24:08.512 [main] DEBUG org.hibernate.orm.results.loading.entity - (EntityResultInitializer) Hydrated EntityKey (org.frcpm.models.Project(959664794060700)): 104
10:24:08.512 [main] DEBUG org.hibernate.orm.results.loading.org.hibernate.orm.results.loading.collection - (DelayedCollectionInitializer) Current row collection key : org.frcpm.models.Project(959664794060700).meetings#104
10:24:08.512 [main] DEBUG org.hibernate.orm.results.loading.org.hibernate.orm.results.loading.collection - (DelayedCollectionInitializer) Current row collection key : org.frcpm.models.Project(959664794060700).milestones#104
10:24:08.512 [main] DEBUG org.hibernate.orm.results.loading.org.hibernate.orm.results.loading.collection - (DelayedCollectionInitializer) Current row collection key : org.frcpm.models.Project(959664794060700).tasks#104
10:24:08.512 [main] DEBUG org.hibernate.orm.results.loading.entity - (EntityResultInitializer) Created new entity instance [org.frcpm.models.Project(959664794060700)#104] : 2115442370
10:24:08.512 [main] DEBUG org.hibernate.orm.results - Extracted JDBC value [1] - [null]
10:24:08.512 [main] DEBUG org.hibernate.orm.results - Extracted JDBC value [2] - [2025-06-06]
10:24:08.512 [main] DEBUG org.hibernate.orm.results - Extracted JDBC value [3] - [2025-06-20]
10:24:08.512 [main] DEBUG org.hibernate.orm.results - Extracted JDBC value [4] - [Component Test Project]
10:24:08.512 [main] DEBUG org.hibernate.orm.results - Extracted JDBC value [5] - [2025-04-25]
10:24:08.512 [main] DEBUG org.hibernate.orm.results.loading.entity - (EntityResultInitializer) Done materializing entityInstance : org.frcpm.models.Project(959664794060700)#104
10:24:08.512 [main] DEBUG org.hibernate.orm.results.loading - Calling top-level assembler (0 / 1) : org.hibernate.sql.results.graph.entity.internal.EntityAssembler@34d53f54
10:24:08.512 [main] DEBUG org.hibernate.orm.results - Extracted JDBC value [0] - [135]
10:24:08.512 [main] DEBUG org.hibernate.orm.results.loading.entity - (EntityResultInitializer) Hydrated EntityKey (org.frcpm.models.Project(959664794060700)): 135
10:24:08.512 [main] DEBUG org.hibernate.orm.results.loading.org.hibernate.orm.results.loading.collection - (DelayedCollectionInitializer) Current row collection key : org.frcpm.models.Project(959664794060700).meetings#135
10:24:08.512 [main] DEBUG org.hibernate.orm.results.loading.org.hibernate.orm.results.loading.collection - (DelayedCollectionInitializer) Current row collection key : org.frcpm.models.Project(959664794060700).milestones#135
10:24:08.512 [main] DEBUG org.hibernate.orm.results.loading.org.hibernate.orm.results.loading.collection - (DelayedCollectionInitializer) Current row collection key : org.frcpm.models.Project(959664794060700).tasks#135
10:24:08.512 [main] DEBUG org.hibernate.orm.results.loading.entity - (EntityResultInitializer) Created new entity instance [org.frcpm.models.Project(959664794060700)#135] : 1893554706
10:24:08.512 [main] DEBUG org.hibernate.orm.results - Extracted JDBC value [1] - [null]
10:24:08.512 [main] DEBUG org.hibernate.orm.results - Extracted JDBC value [2] - [2025-05-23]
10:24:08.512 [main] DEBUG org.hibernate.orm.results - Extracted JDBC value [3] - [2025-06-06]
10:24:08.512 [main] DEBUG org.hibernate.orm.results - Extracted JDBC value [4] - [Test Create Service Project]
10:24:08.512 [main] DEBUG org.hibernate.orm.results - Extracted JDBC value [5] - [2025-04-25]
10:24:08.512 [main] DEBUG org.hibernate.orm.results.loading.entity - (EntityResultInitializer) Done materializing entityInstance : org.frcpm.models.Project(959664794060700)#135
10:24:08.512 [main] DEBUG org.hibernate.orm.results.loading - Calling top-level assembler (0 / 1) : org.hibernate.sql.results.graph.entity.internal.EntityAssembler@34d53f54
10:24:08.512 [main] DEBUG org.hibernate.orm.results - Extracted JDBC value [0] - [142]
10:24:08.512 [main] DEBUG org.hibernate.orm.results.loading.entity - (EntityResultInitializer) Hydrated EntityKey (org.frcpm.models.Project(959664794060700)): 142
10:24:08.512 [main] DEBUG org.hibernate.orm.results.loading.org.hibernate.orm.results.loading.collection - (DelayedCollectionInitializer) Current row collection key : org.frcpm.models.Project(959664794060700).meetings#142
10:24:08.512 [main] DEBUG org.hibernate.orm.results.loading.org.hibernate.orm.results.loading.collection - (DelayedCollectionInitializer) Current row collection key : org.frcpm.models.Project(959664794060700).milestones#142
10:24:08.512 [main] DEBUG org.hibernate.orm.results.loading.org.hibernate.orm.results.loading.collection - (DelayedCollectionInitializer) Current row collection key : org.frcpm.models.Project(959664794060700).tasks#142
10:24:08.512 [main] DEBUG org.hibernate.orm.results.loading.entity - (EntityResultInitializer) Created new entity instance [org.frcpm.models.Project(959664794060700)#142] : 608339369
10:24:08.512 [main] DEBUG org.hibernate.orm.results - Extracted JDBC value [1] - [Updated description]
10:24:08.512 [main] DEBUG org.hibernate.orm.results - Extracted JDBC value [2] - [2025-05-23]
10:24:08.512 [main] DEBUG org.hibernate.orm.results - Extracted JDBC value [3] - [2025-06-06]
10:24:08.512 [main] DEBUG org.hibernate.orm.results - Extracted JDBC value [4] - [Updated Service Project Name]
10:24:08.512 [main] DEBUG org.hibernate.orm.results - Extracted JDBC value [5] - [2025-04-25]
10:24:08.512 [main] DEBUG org.hibernate.orm.results.loading.entity - (EntityResultInitializer) Done materializing entityInstance : org.frcpm.models.Project(959664794060700)#142
10:24:08.512 [main] DEBUG org.hibernate.orm.results.loading - Calling top-level assembler (0 / 1) : org.hibernate.sql.results.graph.entity.internal.EntityAssembler@34d53f54
10:24:08.512 [main] DEBUG org.hibernate.orm.results - Extracted JDBC value [0] - [148]
10:24:08.513 [main] DEBUG org.hibernate.orm.results.loading.entity - (EntityResultInitializer) Hydrated EntityKey (org.frcpm.models.Project(959664794060700)): 148
10:24:08.513 [main] DEBUG org.hibernate.orm.results.loading.org.hibernate.orm.results.loading.collection - (DelayedCollectionInitializer) Current row collection key : org.frcpm.models.Project(959664794060700).meetings#148
10:24:08.513 [main] DEBUG org.hibernate.orm.results.loading.org.hibernate.orm.results.loading.collection - (DelayedCollectionInitializer) Current row collection key : org.frcpm.models.Project(959664794060700).milestones#148
10:24:08.513 [main] DEBUG org.hibernate.orm.results.loading.org.hibernate.orm.results.loading.collection - (DelayedCollectionInitializer) Current row collection key : org.frcpm.models.Project(959664794060700).tasks#148
10:24:08.513 [main] DEBUG org.hibernate.orm.results.loading.entity - (EntityResultInitializer) Created new entity instance [org.frcpm.models.Project(959664794060700)#148] : 449827219
10:24:08.513 [main] DEBUG org.hibernate.orm.results - Extracted JDBC value [1] - [null]
10:24:08.513 [main] DEBUG org.hibernate.orm.results - Extracted JDBC value [2] - [2025-05-23]
10:24:08.513 [main] DEBUG org.hibernate.orm.results - Extracted JDBC value [3] - [2025-06-06]
10:24:08.513 [main] DEBUG org.hibernate.orm.results - Extracted JDBC value [4] - [Test Summary Project]
10:24:08.513 [main] DEBUG org.hibernate.orm.results - Extracted JDBC value [5] - [2025-04-25]
10:24:08.513 [main] DEBUG org.hibernate.orm.results.loading.entity - (EntityResultInitializer) Done materializing entityInstance : org.frcpm.models.Project(959664794060700)#148
10:24:08.513 [main] DEBUG org.hibernate.orm.results.loading - Calling top-level assembler (0 / 1) : org.hibernate.sql.results.graph.entity.internal.EntityAssembler@34d53f54
10:24:08.513 [main] DEBUG org.hibernate.resource.jdbc.internal.LogicalConnectionManagedImpl - Initiating JDBC connection release from afterTransaction
10:24:08.513 [main] DEBUG org.hibernate.resource.jdbc.internal.LogicalConnectionManagedImpl - Initiating JDBC connection release from afterTransaction
]]></system-out>
    <system-err><![CDATA[Apr 25, 2025 10:24:08 AM org.frcpm.controllers.ProjectController setupBindings
WARNING: UI components not initialized - likely in test environment
]]></system-err>
  </testcase>
  <testcase name="testHandleEditMeeting" classname="org.frcpm.controllers.ProjectControllerTest" time="0.012">
    <system-out><![CDATA[10:24:08.525 [main] DEBUG org.hibernate.orm.sql.ast.create - Created new SQL alias : p1_0
10:24:08.525 [main] DEBUG org.hibernate.orm.sql.ast.create - Registration of TableGroup [StandardTableGroup(org.frcpm.models.Project(959664811619800))] with identifierForTableGroup [org.frcpm.models.Project] for NavigablePath [org.frcpm.models.Project] 
10:24:08.525 [main] DEBUG org.hibernate.orm.results.graph.AST - DomainResult Graph:
 \-EntityResultImpl [org.frcpm.models.Project(959664811619800)]
 |  +-BasicFetch [org.frcpm.models.Project(959664811619800).description]
 |  +-BasicFetch [org.frcpm.models.Project(959664811619800).goalEndDate]
 |  +-BasicFetch [org.frcpm.models.Project(959664811619800).hardDeadline]
 |  +-DelayedCollectionFetch [org.frcpm.models.Project(959664811619800).meetings]
 |  +-DelayedCollectionFetch [org.frcpm.models.Project(959664811619800).milestones]
 |  +-BasicFetch [org.frcpm.models.Project(959664811619800).name]
 |  +-BasicFetch [org.frcpm.models.Project(959664811619800).startDate]
 |  \-DelayedCollectionFetch [org.frcpm.models.Project(959664811619800).tasks]

10:24:08.525 [main] DEBUG org.hibernate.orm.sql.ast.tree - SQL AST Tree:
    SelectStatement {
      FromClause {
        StandardTableGroup (p1 : org.frcpm.models.Project(959664811619800)) {
          primaryTableReference : projects as p1_0
        }
      }
    }

10:24:08.525 [main] DEBUG org.hibernate.orm.sql.exec - Skipping reading Query result cache data: cache-enabled = false, cache-mode = NORMAL
10:24:08.525 [main] DEBUG org.hibernate.orm.results - Initializer list:
	  org.frcpm.models.Project(959664811619800).meetings -> DelayedCollectionInitializer(org.frcpm.models.Project(959664811619800).meetings)@1964563714 (PluralAttribute(org.frcpm.models.Project.meetings))
	  org.frcpm.models.Project(959664811619800) -> EntityResultInitializer(org.frcpm.models.Project(959664811619800))@83837918 (SingleTableEntityPersister(org.frcpm.models.Project))
	  org.frcpm.models.Project(959664811619800).milestones -> DelayedCollectionInitializer(org.frcpm.models.Project(959664811619800).milestones)@1969293160 (PluralAttribute(org.frcpm.models.Project.milestones))
	  org.frcpm.models.Project(959664811619800).tasks -> DelayedCollectionInitializer(org.frcpm.models.Project(959664811619800).tasks)@464220661 (PluralAttribute(org.frcpm.models.Project.tasks))

10:24:08.525 [main] DEBUG org.hibernate.SQL - select p1_0.id,p1_0.description,p1_0.goal_end_date,p1_0.hard_deadline,p1_0.name,p1_0.start_date from projects p1_0
10:24:08.526 [main] DEBUG org.hibernate.orm.results - Extracted JDBC value [0] - [1]
10:24:08.526 [main] DEBUG org.hibernate.orm.results.loading.entity - (EntityResultInitializer) Hydrated EntityKey (org.frcpm.models.Project(959664811619800)): 1
10:24:08.526 [main] DEBUG org.hibernate.orm.results.loading.org.hibernate.orm.results.loading.collection - (DelayedCollectionInitializer) Current row collection key : org.frcpm.models.Project(959664811619800).meetings#1
10:24:08.526 [main] DEBUG org.hibernate.orm.results.loading.org.hibernate.orm.results.loading.collection - (DelayedCollectionInitializer) Current row collection key : org.frcpm.models.Project(959664811619800).milestones#1
10:24:08.526 [main] DEBUG org.hibernate.orm.results.loading.org.hibernate.orm.results.loading.collection - (DelayedCollectionInitializer) Current row collection key : org.frcpm.models.Project(959664811619800).tasks#1
10:24:08.526 [main] DEBUG org.hibernate.orm.results.loading.entity - (EntityResultInitializer) Created new entity instance [org.frcpm.models.Project(959664811619800)#1] : 735055822
10:24:08.526 [main] DEBUG org.hibernate.orm.results - Extracted JDBC value [1] - [Competition robot for the 2025 FIRST Robotics Competition]
10:24:08.526 [main] DEBUG org.hibernate.orm.results - Extracted JDBC value [2] - [2025-06-12]
10:24:08.526 [main] DEBUG org.hibernate.orm.results - Extracted JDBC value [3] - [2025-06-26]
10:24:08.526 [main] DEBUG org.hibernate.orm.results - Extracted JDBC value [4] - [FRC 2025 Robot]
10:24:08.526 [main] DEBUG org.hibernate.orm.results - Extracted JDBC value [5] - [2025-05-01]
10:24:08.526 [main] DEBUG org.hibernate.orm.results.loading.entity - (EntityResultInitializer) Done materializing entityInstance : org.frcpm.models.Project(959664811619800)#1
10:24:08.526 [main] DEBUG org.hibernate.orm.results.loading - Calling top-level assembler (0 / 1) : org.hibernate.sql.results.graph.entity.internal.EntityAssembler@449145a3
10:24:08.526 [main] DEBUG org.hibernate.orm.results - Extracted JDBC value [0] - [51]
10:24:08.526 [main] DEBUG org.hibernate.orm.results.loading.entity - (EntityResultInitializer) Hydrated EntityKey (org.frcpm.models.Project(959664811619800)): 51
10:24:08.526 [main] DEBUG org.hibernate.orm.results.loading.org.hibernate.orm.results.loading.collection - (DelayedCollectionInitializer) Current row collection key : org.frcpm.models.Project(959664811619800).meetings#51
10:24:08.526 [main] DEBUG org.hibernate.orm.results.loading.org.hibernate.orm.results.loading.collection - (DelayedCollectionInitializer) Current row collection key : org.frcpm.models.Project(959664811619800).milestones#51
10:24:08.526 [main] DEBUG org.hibernate.orm.results.loading.org.hibernate.orm.results.loading.collection - (DelayedCollectionInitializer) Current row collection key : org.frcpm.models.Project(959664811619800).tasks#51
10:24:08.526 [main] DEBUG org.hibernate.orm.results.loading.entity - (EntityResultInitializer) Created new entity instance [org.frcpm.models.Project(959664811619800)#51] : 139813518
10:24:08.526 [main] DEBUG org.hibernate.orm.results - Extracted JDBC value [1] - [null]
10:24:08.526 [main] DEBUG org.hibernate.orm.results - Extracted JDBC value [2] - [2025-05-23]
10:24:08.526 [main] DEBUG org.hibernate.orm.results - Extracted JDBC value [3] - [2025-06-06]
10:24:08.526 [main] DEBUG org.hibernate.orm.results - Extracted JDBC value [4] - [Test Count Project]
10:24:08.526 [main] DEBUG org.hibernate.orm.results - Extracted JDBC value [5] - [2025-04-25]
10:24:08.526 [main] DEBUG org.hibernate.orm.results.loading.entity - (EntityResultInitializer) Done materializing entityInstance : org.frcpm.models.Project(959664811619800)#51
10:24:08.526 [main] DEBUG org.hibernate.orm.results.loading - Calling top-level assembler (0 / 1) : org.hibernate.sql.results.graph.entity.internal.EntityAssembler@449145a3
10:24:08.526 [main] DEBUG org.hibernate.orm.results - Extracted JDBC value [0] - [54]
10:24:08.526 [main] DEBUG org.hibernate.orm.results.loading.entity - (EntityResultInitializer) Hydrated EntityKey (org.frcpm.models.Project(959664811619800)): 54
10:24:08.526 [main] DEBUG org.hibernate.orm.results.loading.org.hibernate.orm.results.loading.collection - (DelayedCollectionInitializer) Current row collection key : org.frcpm.models.Project(959664811619800).meetings#54
10:24:08.526 [main] DEBUG org.hibernate.orm.results.loading.org.hibernate.orm.results.loading.collection - (DelayedCollectionInitializer) Current row collection key : org.frcpm.models.Project(959664811619800).milestones#54
10:24:08.526 [main] DEBUG org.hibernate.orm.results.loading.org.hibernate.orm.results.loading.collection - (DelayedCollectionInitializer) Current row collection key : org.frcpm.models.Project(959664811619800).tasks#54
10:24:08.526 [main] DEBUG org.hibernate.orm.results.loading.entity - (EntityResultInitializer) Created new entity instance [org.frcpm.models.Project(959664811619800)#54] : 1292257496
10:24:08.526 [main] DEBUG org.hibernate.orm.results - Extracted JDBC value [1] - [Test save description]
10:24:08.526 [main] DEBUG org.hibernate.orm.results - Extracted JDBC value [2] - [2025-05-23]
10:24:08.526 [main] DEBUG org.hibernate.orm.results - Extracted JDBC value [3] - [2025-06-06]
10:24:08.526 [main] DEBUG org.hibernate.orm.results - Extracted JDBC value [4] - [Test Save Project]
10:24:08.526 [main] DEBUG org.hibernate.orm.results - Extracted JDBC value [5] - [2025-04-25]
10:24:08.526 [main] DEBUG org.hibernate.orm.results.loading.entity - (EntityResultInitializer) Done materializing entityInstance : org.frcpm.models.Project(959664811619800)#54
10:24:08.526 [main] DEBUG org.hibernate.orm.results.loading - Calling top-level assembler (0 / 1) : org.hibernate.sql.results.graph.entity.internal.EntityAssembler@449145a3
10:24:08.526 [main] DEBUG org.hibernate.orm.results - Extracted JDBC value [0] - [69]
10:24:08.526 [main] DEBUG org.hibernate.orm.results.loading.entity - (EntityResultInitializer) Hydrated EntityKey (org.frcpm.models.Project(959664811619800)): 69
10:24:08.526 [main] DEBUG org.hibernate.orm.results.loading.org.hibernate.orm.results.loading.collection - (DelayedCollectionInitializer) Current row collection key : org.frcpm.models.Project(959664811619800).meetings#69
10:24:08.526 [main] DEBUG org.hibernate.orm.results.loading.org.hibernate.orm.results.loading.collection - (DelayedCollectionInitializer) Current row collection key : org.frcpm.models.Project(959664811619800).milestones#69
10:24:08.526 [main] DEBUG org.hibernate.orm.results.loading.org.hibernate.orm.results.loading.collection - (DelayedCollectionInitializer) Current row collection key : org.frcpm.models.Project(959664811619800).tasks#69
10:24:08.526 [main] DEBUG org.hibernate.orm.results.loading.entity - (EntityResultInitializer) Created new entity instance [org.frcpm.models.Project(959664811619800)#69] : 830926796
10:24:08.526 [main] DEBUG org.hibernate.orm.results - Extracted JDBC value [1] - [null]
10:24:08.526 [main] DEBUG org.hibernate.orm.results - Extracted JDBC value [2] - [2025-05-23]
10:24:08.526 [main] DEBUG org.hibernate.orm.results - Extracted JDBC value [3] - [2025-06-06]
10:24:08.526 [main] DEBUG org.hibernate.orm.results - Extracted JDBC value [4] - [Updated Project Name]
10:24:08.526 [main] DEBUG org.hibernate.orm.results - Extracted JDBC value [5] - [2025-04-25]
10:24:08.526 [main] DEBUG org.hibernate.orm.results.loading.entity - (EntityResultInitializer) Done materializing entityInstance : org.frcpm.models.Project(959664811619800)#69
10:24:08.526 [main] DEBUG org.hibernate.orm.results.loading - Calling top-level assembler (0 / 1) : org.hibernate.sql.results.graph.entity.internal.EntityAssembler@449145a3
10:24:08.526 [main] DEBUG org.hibernate.orm.results - Extracted JDBC value [0] - [70]
10:24:08.526 [main] DEBUG org.hibernate.orm.results.loading.entity - (EntityResultInitializer) Hydrated EntityKey (org.frcpm.models.Project(959664811619800)): 70
10:24:08.526 [main] DEBUG org.hibernate.orm.results.loading.org.hibernate.orm.results.loading.collection - (DelayedCollectionInitializer) Current row collection key : org.frcpm.models.Project(959664811619800).meetings#70
10:24:08.526 [main] DEBUG org.hibernate.orm.results.loading.org.hibernate.orm.results.loading.collection - (DelayedCollectionInitializer) Current row collection key : org.frcpm.models.Project(959664811619800).milestones#70
10:24:08.526 [main] DEBUG org.hibernate.orm.results.loading.org.hibernate.orm.results.loading.collection - (DelayedCollectionInitializer) Current row collection key : org.frcpm.models.Project(959664811619800).tasks#70
10:24:08.526 [main] DEBUG org.hibernate.orm.results.loading.entity - (EntityResultInitializer) Created new entity instance [org.frcpm.models.Project(959664811619800)#70] : 1972214363
10:24:08.526 [main] DEBUG org.hibernate.orm.results - Extracted JDBC value [1] - [null]
10:24:08.526 [main] DEBUG org.hibernate.orm.results - Extracted JDBC value [2] - [2025-06-06]
10:24:08.526 [main] DEBUG org.hibernate.orm.results - Extracted JDBC value [3] - [2025-06-20]
10:24:08.526 [main] DEBUG org.hibernate.orm.results - Extracted JDBC value [4] - [Test Task Project]
10:24:08.526 [main] DEBUG org.hibernate.orm.results - Extracted JDBC value [5] - [2025-04-25]
10:24:08.526 [main] DEBUG org.hibernate.orm.results.loading.entity - (EntityResultInitializer) Done materializing entityInstance : org.frcpm.models.Project(959664811619800)#70
10:24:08.526 [main] DEBUG org.hibernate.orm.results.loading - Calling top-level assembler (0 / 1) : org.hibernate.sql.results.graph.entity.internal.EntityAssembler@449145a3
10:24:08.526 [main] DEBUG org.hibernate.orm.results - Extracted JDBC value [0] - [71]
10:24:08.526 [main] DEBUG org.hibernate.orm.results.loading.entity - (EntityResultInitializer) Hydrated EntityKey (org.frcpm.models.Project(959664811619800)): 71
10:24:08.526 [main] DEBUG org.hibernate.orm.results.loading.org.hibernate.orm.results.loading.collection - (DelayedCollectionInitializer) Current row collection key : org.frcpm.models.Project(959664811619800).meetings#71
10:24:08.526 [main] DEBUG org.hibernate.orm.results.loading.org.hibernate.orm.results.loading.collection - (DelayedCollectionInitializer) Current row collection key : org.frcpm.models.Project(959664811619800).milestones#71
10:24:08.526 [main] DEBUG org.hibernate.orm.results.loading.org.hibernate.orm.results.loading.collection - (DelayedCollectionInitializer) Current row collection key : org.frcpm.models.Project(959664811619800).tasks#71
10:24:08.526 [main] DEBUG org.hibernate.orm.results.loading.entity - (EntityResultInitializer) Created new entity instance [org.frcpm.models.Project(959664811619800)#71] : 1326088694
10:24:08.526 [main] DEBUG org.hibernate.orm.results - Extracted JDBC value [1] - [null]
10:24:08.526 [main] DEBUG org.hibernate.orm.results - Extracted JDBC value [2] - [2025-06-06]
10:24:08.526 [main] DEBUG org.hibernate.orm.results - Extracted JDBC value [3] - [2025-06-20]
10:24:08.526 [main] DEBUG org.hibernate.orm.results - Extracted JDBC value [4] - [Test Task Project]
10:24:08.526 [main] DEBUG org.hibernate.orm.results - Extracted JDBC value [5] - [2025-04-25]
10:24:08.526 [main] DEBUG org.hibernate.orm.results.loading.entity - (EntityResultInitializer) Done materializing entityInstance : org.frcpm.models.Project(959664811619800)#71
10:24:08.526 [main] DEBUG org.hibernate.orm.results.loading - Calling top-level assembler (0 / 1) : org.hibernate.sql.results.graph.entity.internal.EntityAssembler@449145a3
10:24:08.526 [main] DEBUG org.hibernate.orm.results - Extracted JDBC value [0] - [72]
10:24:08.526 [main] DEBUG org.hibernate.orm.results.loading.entity - (EntityResultInitializer) Hydrated EntityKey (org.frcpm.models.Project(959664811619800)): 72
10:24:08.526 [main] DEBUG org.hibernate.orm.results.loading.org.hibernate.orm.results.loading.collection - (DelayedCollectionInitializer) Current row collection key : org.frcpm.models.Project(959664811619800).meetings#72
10:24:08.526 [main] DEBUG org.hibernate.orm.results.loading.org.hibernate.orm.results.loading.collection - (DelayedCollectionInitializer) Current row collection key : org.frcpm.models.Project(959664811619800).milestones#72
10:24:08.526 [main] DEBUG org.hibernate.orm.results.loading.org.hibernate.orm.results.loading.collection - (DelayedCollectionInitializer) Current row collection key : org.frcpm.models.Project(959664811619800).tasks#72
10:24:08.526 [main] DEBUG org.hibernate.orm.results.loading.entity - (EntityResultInitializer) Created new entity instance [org.frcpm.models.Project(959664811619800)#72] : 1344354863
10:24:08.526 [main] DEBUG org.hibernate.orm.results - Extracted JDBC value [1] - [null]
10:24:08.526 [main] DEBUG org.hibernate.orm.results - Extracted JDBC value [2] - [2025-06-06]
10:24:08.526 [main] DEBUG org.hibernate.orm.results - Extracted JDBC value [3] - [2025-06-20]
10:24:08.526 [main] DEBUG org.hibernate.orm.results - Extracted JDBC value [4] - [Test Task Project]
10:24:08.526 [main] DEBUG org.hibernate.orm.results - Extracted JDBC value [5] - [2025-04-25]
10:24:08.526 [main] DEBUG org.hibernate.orm.results.loading.entity - (EntityResultInitializer) Done materializing entityInstance : org.frcpm.models.Project(959664811619800)#72
10:24:08.526 [main] DEBUG org.hibernate.orm.results.loading - Calling top-level assembler (0 / 1) : org.hibernate.sql.results.graph.entity.internal.EntityAssembler@449145a3
10:24:08.526 [main] DEBUG org.hibernate.orm.results - Extracted JDBC value [0] - [73]
10:24:08.526 [main] DEBUG org.hibernate.orm.results.loading.entity - (EntityResultInitializer) Hydrated EntityKey (org.frcpm.models.Project(959664811619800)): 73
10:24:08.526 [main] DEBUG org.hibernate.orm.results.loading.org.hibernate.orm.results.loading.collection - (DelayedCollectionInitializer) Current row collection key : org.frcpm.models.Project(959664811619800).meetings#73
10:24:08.526 [main] DEBUG org.hibernate.orm.results.loading.org.hibernate.orm.results.loading.collection - (DelayedCollectionInitializer) Current row collection key : org.frcpm.models.Project(959664811619800).milestones#73
10:24:08.526 [main] DEBUG org.hibernate.orm.results.loading.org.hibernate.orm.results.loading.collection - (DelayedCollectionInitializer) Current row collection key : org.frcpm.models.Project(959664811619800).tasks#73
10:24:08.526 [main] DEBUG org.hibernate.orm.results.loading.entity - (EntityResultInitializer) Created new entity instance [org.frcpm.models.Project(959664811619800)#73] : 1846474034
10:24:08.526 [main] DEBUG org.hibernate.orm.results - Extracted JDBC value [1] - [null]
10:24:08.526 [main] DEBUG org.hibernate.orm.results - Extracted JDBC value [2] - [2025-06-06]
10:24:08.526 [main] DEBUG org.hibernate.orm.results - Extracted JDBC value [3] - [2025-06-20]
10:24:08.526 [main] DEBUG org.hibernate.orm.results - Extracted JDBC value [4] - [Test Task Project]
10:24:08.526 [main] DEBUG org.hibernate.orm.results - Extracted JDBC value [5] - [2025-04-25]
10:24:08.526 [main] DEBUG org.hibernate.orm.results.loading.entity - (EntityResultInitializer) Done materializing entityInstance : org.frcpm.models.Project(959664811619800)#73
10:24:08.526 [main] DEBUG org.hibernate.orm.results.loading - Calling top-level assembler (0 / 1) : org.hibernate.sql.results.graph.entity.internal.EntityAssembler@449145a3
10:24:08.526 [main] DEBUG org.hibernate.orm.results - Extracted JDBC value [0] - [74]
10:24:08.526 [main] DEBUG org.hibernate.orm.results.loading.entity - (EntityResultInitializer) Hydrated EntityKey (org.frcpm.models.Project(959664811619800)): 74
10:24:08.526 [main] DEBUG org.hibernate.orm.results.loading.org.hibernate.orm.results.loading.collection - (DelayedCollectionInitializer) Current row collection key : org.frcpm.models.Project(959664811619800).meetings#74
10:24:08.526 [main] DEBUG org.hibernate.orm.results.loading.org.hibernate.orm.results.loading.collection - (DelayedCollectionInitializer) Current row collection key : org.frcpm.models.Project(959664811619800).milestones#74
10:24:08.526 [main] DEBUG org.hibernate.orm.results.loading.org.hibernate.orm.results.loading.collection - (DelayedCollectionInitializer) Current row collection key : org.frcpm.models.Project(959664811619800).tasks#74
10:24:08.526 [main] DEBUG org.hibernate.orm.results.loading.entity - (EntityResultInitializer) Created new entity instance [org.frcpm.models.Project(959664811619800)#74] : 335747198
10:24:08.526 [main] DEBUG org.hibernate.orm.results - Extracted JDBC value [1] - [null]
10:24:08.526 [main] DEBUG org.hibernate.orm.results - Extracted JDBC value [2] - [2025-06-06]
10:24:08.526 [main] DEBUG org.hibernate.orm.results - Extracted JDBC value [3] - [2025-06-20]
10:24:08.526 [main] DEBUG org.hibernate.orm.results - Extracted JDBC value [4] - [Test Task Project]
10:24:08.526 [main] DEBUG org.hibernate.orm.results - Extracted JDBC value [5] - [2025-04-25]
10:24:08.526 [main] DEBUG org.hibernate.orm.results.loading.entity - (EntityResultInitializer) Done materializing entityInstance : org.frcpm.models.Project(959664811619800)#74
10:24:08.526 [main] DEBUG org.hibernate.orm.results.loading - Calling top-level assembler (0 / 1) : org.hibernate.sql.results.graph.entity.internal.EntityAssembler@449145a3
10:24:08.526 [main] DEBUG org.hibernate.orm.results - Extracted JDBC value [0] - [75]
10:24:08.526 [main] DEBUG org.hibernate.orm.results.loading.entity - (EntityResultInitializer) Hydrated EntityKey (org.frcpm.models.Project(959664811619800)): 75
10:24:08.526 [main] DEBUG org.hibernate.orm.results.loading.org.hibernate.orm.results.loading.collection - (DelayedCollectionInitializer) Current row collection key : org.frcpm.models.Project(959664811619800).meetings#75
10:24:08.526 [main] DEBUG org.hibernate.orm.results.loading.org.hibernate.orm.results.loading.collection - (DelayedCollectionInitializer) Current row collection key : org.frcpm.models.Project(959664811619800).milestones#75
10:24:08.526 [main] DEBUG org.hibernate.orm.results.loading.org.hibernate.orm.results.loading.collection - (DelayedCollectionInitializer) Current row collection key : org.frcpm.models.Project(959664811619800).tasks#75
10:24:08.526 [main] DEBUG org.hibernate.orm.results.loading.entity - (EntityResultInitializer) Created new entity instance [org.frcpm.models.Project(959664811619800)#75] : 1122779356
10:24:08.526 [main] DEBUG org.hibernate.orm.results - Extracted JDBC value [1] - [null]
10:24:08.526 [main] DEBUG org.hibernate.orm.results - Extracted JDBC value [2] - [2025-06-06]
10:24:08.526 [main] DEBUG org.hibernate.orm.results - Extracted JDBC value [3] - [2025-06-20]
10:24:08.526 [main] DEBUG org.hibernate.orm.results - Extracted JDBC value [4] - [Test Task Project]
10:24:08.526 [main] DEBUG org.hibernate.orm.results - Extracted JDBC value [5] - [2025-04-25]
10:24:08.526 [main] DEBUG org.hibernate.orm.results.loading.entity - (EntityResultInitializer) Done materializing entityInstance : org.frcpm.models.Project(959664811619800)#75
10:24:08.526 [main] DEBUG org.hibernate.orm.results.loading - Calling top-level assembler (0 / 1) : org.hibernate.sql.results.graph.entity.internal.EntityAssembler@449145a3
10:24:08.526 [main] DEBUG org.hibernate.orm.results - Extracted JDBC value [0] - [76]
10:24:08.527 [main] DEBUG org.hibernate.orm.results.loading.entity - (EntityResultInitializer) Hydrated EntityKey (org.frcpm.models.Project(959664811619800)): 76
10:24:08.527 [main] DEBUG org.hibernate.orm.results.loading.org.hibernate.orm.results.loading.collection - (DelayedCollectionInitializer) Current row collection key : org.frcpm.models.Project(959664811619800).meetings#76
10:24:08.527 [main] DEBUG org.hibernate.orm.results.loading.org.hibernate.orm.results.loading.collection - (DelayedCollectionInitializer) Current row collection key : org.frcpm.models.Project(959664811619800).milestones#76
10:24:08.527 [main] DEBUG org.hibernate.orm.results.loading.org.hibernate.orm.results.loading.collection - (DelayedCollectionInitializer) Current row collection key : org.frcpm.models.Project(959664811619800).tasks#76
10:24:08.527 [main] DEBUG org.hibernate.orm.results.loading.entity - (EntityResultInitializer) Created new entity instance [org.frcpm.models.Project(959664811619800)#76] : 511254595
10:24:08.527 [main] DEBUG org.hibernate.orm.results - Extracted JDBC value [1] - [null]
10:24:08.527 [main] DEBUG org.hibernate.orm.results - Extracted JDBC value [2] - [2025-06-06]
10:24:08.527 [main] DEBUG org.hibernate.orm.results - Extracted JDBC value [3] - [2025-06-20]
10:24:08.527 [main] DEBUG org.hibernate.orm.results - Extracted JDBC value [4] - [Test Task Project]
10:24:08.527 [main] DEBUG org.hibernate.orm.results - Extracted JDBC value [5] - [2025-04-25]
10:24:08.527 [main] DEBUG org.hibernate.orm.results.loading.entity - (EntityResultInitializer) Done materializing entityInstance : org.frcpm.models.Project(959664811619800)#76
10:24:08.527 [main] DEBUG org.hibernate.orm.results.loading - Calling top-level assembler (0 / 1) : org.hibernate.sql.results.graph.entity.internal.EntityAssembler@449145a3
10:24:08.527 [main] DEBUG org.hibernate.orm.results - Extracted JDBC value [0] - [77]
10:24:08.527 [main] DEBUG org.hibernate.orm.results.loading.entity - (EntityResultInitializer) Hydrated EntityKey (org.frcpm.models.Project(959664811619800)): 77
10:24:08.527 [main] DEBUG org.hibernate.orm.results.loading.org.hibernate.orm.results.loading.collection - (DelayedCollectionInitializer) Current row collection key : org.frcpm.models.Project(959664811619800).meetings#77
10:24:08.527 [main] DEBUG org.hibernate.orm.results.loading.org.hibernate.orm.results.loading.collection - (DelayedCollectionInitializer) Current row collection key : org.frcpm.models.Project(959664811619800).milestones#77
10:24:08.527 [main] DEBUG org.hibernate.orm.results.loading.org.hibernate.orm.results.loading.collection - (DelayedCollectionInitializer) Current row collection key : org.frcpm.models.Project(959664811619800).tasks#77
10:24:08.527 [main] DEBUG org.hibernate.orm.results.loading.entity - (EntityResultInitializer) Created new entity instance [org.frcpm.models.Project(959664811619800)#77] : 551810489
10:24:08.527 [main] DEBUG org.hibernate.orm.results - Extracted JDBC value [1] - [null]
10:24:08.527 [main] DEBUG org.hibernate.orm.results - Extracted JDBC value [2] - [2025-06-06]
10:24:08.527 [main] DEBUG org.hibernate.orm.results - Extracted JDBC value [3] - [2025-06-20]
10:24:08.527 [main] DEBUG org.hibernate.orm.results - Extracted JDBC value [4] - [Test Task Project]
10:24:08.527 [main] DEBUG org.hibernate.orm.results - Extracted JDBC value [5] - [2025-04-25]
10:24:08.527 [main] DEBUG org.hibernate.orm.results.loading.entity - (EntityResultInitializer) Done materializing entityInstance : org.frcpm.models.Project(959664811619800)#77
10:24:08.527 [main] DEBUG org.hibernate.orm.results.loading - Calling top-level assembler (0 / 1) : org.hibernate.sql.results.graph.entity.internal.EntityAssembler@449145a3
10:24:08.527 [main] DEBUG org.hibernate.orm.results - Extracted JDBC value [0] - [78]
10:24:08.527 [main] DEBUG org.hibernate.orm.results.loading.entity - (EntityResultInitializer) Hydrated EntityKey (org.frcpm.models.Project(959664811619800)): 78
10:24:08.527 [main] DEBUG org.hibernate.orm.results.loading.org.hibernate.orm.results.loading.collection - (DelayedCollectionInitializer) Current row collection key : org.frcpm.models.Project(959664811619800).meetings#78
10:24:08.527 [main] DEBUG org.hibernate.orm.results.loading.org.hibernate.orm.results.loading.collection - (DelayedCollectionInitializer) Current row collection key : org.frcpm.models.Project(959664811619800).milestones#78
10:24:08.527 [main] DEBUG org.hibernate.orm.results.loading.org.hibernate.orm.results.loading.collection - (DelayedCollectionInitializer) Current row collection key : org.frcpm.models.Project(959664811619800).tasks#78
10:24:08.527 [main] DEBUG org.hibernate.orm.results.loading.entity - (EntityResultInitializer) Created new entity instance [org.frcpm.models.Project(959664811619800)#78] : 1818113468
10:24:08.527 [main] DEBUG org.hibernate.orm.results - Extracted JDBC value [1] - [null]
10:24:08.527 [main] DEBUG org.hibernate.orm.results - Extracted JDBC value [2] - [2025-06-06]
10:24:08.527 [main] DEBUG org.hibernate.orm.results - Extracted JDBC value [3] - [2025-06-20]
10:24:08.527 [main] DEBUG org.hibernate.orm.results - Extracted JDBC value [4] - [Test Task Project]
10:24:08.527 [main] DEBUG org.hibernate.orm.results - Extracted JDBC value [5] - [2025-04-25]
10:24:08.527 [main] DEBUG org.hibernate.orm.results.loading.entity - (EntityResultInitializer) Done materializing entityInstance : org.frcpm.models.Project(959664811619800)#78
10:24:08.527 [main] DEBUG org.hibernate.orm.results.loading - Calling top-level assembler (0 / 1) : org.hibernate.sql.results.graph.entity.internal.EntityAssembler@449145a3
10:24:08.527 [main] DEBUG org.hibernate.orm.results - Extracted JDBC value [0] - [79]
10:24:08.527 [main] DEBUG org.hibernate.orm.results.loading.entity - (EntityResultInitializer) Hydrated EntityKey (org.frcpm.models.Project(959664811619800)): 79
10:24:08.527 [main] DEBUG org.hibernate.orm.results.loading.org.hibernate.orm.results.loading.collection - (DelayedCollectionInitializer) Current row collection key : org.frcpm.models.Project(959664811619800).meetings#79
10:24:08.527 [main] DEBUG org.hibernate.orm.results.loading.org.hibernate.orm.results.loading.collection - (DelayedCollectionInitializer) Current row collection key : org.frcpm.models.Project(959664811619800).milestones#79
10:24:08.527 [main] DEBUG org.hibernate.orm.results.loading.org.hibernate.orm.results.loading.collection - (DelayedCollectionInitializer) Current row collection key : org.frcpm.models.Project(959664811619800).tasks#79
10:24:08.527 [main] DEBUG org.hibernate.orm.results.loading.entity - (EntityResultInitializer) Created new entity instance [org.frcpm.models.Project(959664811619800)#79] : 1696367212
10:24:08.527 [main] DEBUG org.hibernate.orm.results - Extracted JDBC value [1] - [null]
10:24:08.527 [main] DEBUG org.hibernate.orm.results - Extracted JDBC value [2] - [2025-06-06]
10:24:08.527 [main] DEBUG org.hibernate.orm.results - Extracted JDBC value [3] - [2025-06-20]
10:24:08.527 [main] DEBUG org.hibernate.orm.results - Extracted JDBC value [4] - [Test Task Project]
10:24:08.527 [main] DEBUG org.hibernate.orm.results - Extracted JDBC value [5] - [2025-04-25]
10:24:08.527 [main] DEBUG org.hibernate.orm.results.loading.entity - (EntityResultInitializer) Done materializing entityInstance : org.frcpm.models.Project(959664811619800)#79
10:24:08.527 [main] DEBUG org.hibernate.orm.results.loading - Calling top-level assembler (0 / 1) : org.hibernate.sql.results.graph.entity.internal.EntityAssembler@449145a3
10:24:08.527 [main] DEBUG org.hibernate.orm.results - Extracted JDBC value [0] - [80]
10:24:08.527 [main] DEBUG org.hibernate.orm.results.loading.entity - (EntityResultInitializer) Hydrated EntityKey (org.frcpm.models.Project(959664811619800)): 80
10:24:08.527 [main] DEBUG org.hibernate.orm.results.loading.org.hibernate.orm.results.loading.collection - (DelayedCollectionInitializer) Current row collection key : org.frcpm.models.Project(959664811619800).meetings#80
10:24:08.527 [main] DEBUG org.hibernate.orm.results.loading.org.hibernate.orm.results.loading.collection - (DelayedCollectionInitializer) Current row collection key : org.frcpm.models.Project(959664811619800).milestones#80
10:24:08.527 [main] DEBUG org.hibernate.orm.results.loading.org.hibernate.orm.results.loading.collection - (DelayedCollectionInitializer) Current row collection key : org.frcpm.models.Project(959664811619800).tasks#80
10:24:08.527 [main] DEBUG org.hibernate.orm.results.loading.entity - (EntityResultInitializer) Created new entity instance [org.frcpm.models.Project(959664811619800)#80] : 457999110
10:24:08.527 [main] DEBUG org.hibernate.orm.results - Extracted JDBC value [1] - [null]
10:24:08.527 [main] DEBUG org.hibernate.orm.results - Extracted JDBC value [2] - [2025-06-06]
10:24:08.527 [main] DEBUG org.hibernate.orm.results - Extracted JDBC value [3] - [2025-06-20]
10:24:08.527 [main] DEBUG org.hibernate.orm.results - Extracted JDBC value [4] - [Test Task Project]
10:24:08.527 [main] DEBUG org.hibernate.orm.results - Extracted JDBC value [5] - [2025-04-25]
10:24:08.527 [main] DEBUG org.hibernate.orm.results.loading.entity - (EntityResultInitializer) Done materializing entityInstance : org.frcpm.models.Project(959664811619800)#80
10:24:08.527 [main] DEBUG org.hibernate.orm.results.loading - Calling top-level assembler (0 / 1) : org.hibernate.sql.results.graph.entity.internal.EntityAssembler@449145a3
10:24:08.527 [main] DEBUG org.hibernate.orm.results - Extracted JDBC value [0] - [81]
10:24:08.527 [main] DEBUG org.hibernate.orm.results.loading.entity - (EntityResultInitializer) Hydrated EntityKey (org.frcpm.models.Project(959664811619800)): 81
10:24:08.527 [main] DEBUG org.hibernate.orm.results.loading.org.hibernate.orm.results.loading.collection - (DelayedCollectionInitializer) Current row collection key : org.frcpm.models.Project(959664811619800).meetings#81
10:24:08.527 [main] DEBUG org.hibernate.orm.results.loading.org.hibernate.orm.results.loading.collection - (DelayedCollectionInitializer) Current row collection key : org.frcpm.models.Project(959664811619800).milestones#81
10:24:08.527 [main] DEBUG org.hibernate.orm.results.loading.org.hibernate.orm.results.loading.collection - (DelayedCollectionInitializer) Current row collection key : org.frcpm.models.Project(959664811619800).tasks#81
10:24:08.527 [main] DEBUG org.hibernate.orm.results.loading.entity - (EntityResultInitializer) Created new entity instance [org.frcpm.models.Project(959664811619800)#81] : 846870888
10:24:08.527 [main] DEBUG org.hibernate.orm.results - Extracted JDBC value [1] - [null]
10:24:08.527 [main] DEBUG org.hibernate.orm.results - Extracted JDBC value [2] - [2025-06-06]
10:24:08.527 [main] DEBUG org.hibernate.orm.results - Extracted JDBC value [3] - [2025-06-20]
10:24:08.527 [main] DEBUG org.hibernate.orm.results - Extracted JDBC value [4] - [Test Task Project]
10:24:08.527 [main] DEBUG org.hibernate.orm.results - Extracted JDBC value [5] - [2025-04-25]
10:24:08.527 [main] DEBUG org.hibernate.orm.results.loading.entity - (EntityResultInitializer) Done materializing entityInstance : org.frcpm.models.Project(959664811619800)#81
10:24:08.527 [main] DEBUG org.hibernate.orm.results.loading - Calling top-level assembler (0 / 1) : org.hibernate.sql.results.graph.entity.internal.EntityAssembler@449145a3
10:24:08.527 [main] DEBUG org.hibernate.orm.results - Extracted JDBC value [0] - [82]
10:24:08.527 [main] DEBUG org.hibernate.orm.results.loading.entity - (EntityResultInitializer) Hydrated EntityKey (org.frcpm.models.Project(959664811619800)): 82
10:24:08.527 [main] DEBUG org.hibernate.orm.results.loading.org.hibernate.orm.results.loading.collection - (DelayedCollectionInitializer) Current row collection key : org.frcpm.models.Project(959664811619800).meetings#82
10:24:08.527 [main] DEBUG org.hibernate.orm.results.loading.org.hibernate.orm.results.loading.collection - (DelayedCollectionInitializer) Current row collection key : org.frcpm.models.Project(959664811619800).milestones#82
10:24:08.527 [main] DEBUG org.hibernate.orm.results.loading.org.hibernate.orm.results.loading.collection - (DelayedCollectionInitializer) Current row collection key : org.frcpm.models.Project(959664811619800).tasks#82
10:24:08.527 [main] DEBUG org.hibernate.orm.results.loading.entity - (EntityResultInitializer) Created new entity instance [org.frcpm.models.Project(959664811619800)#82] : 32266974
10:24:08.527 [main] DEBUG org.hibernate.orm.results - Extracted JDBC value [1] - [null]
10:24:08.527 [main] DEBUG org.hibernate.orm.results - Extracted JDBC value [2] - [2025-06-06]
10:24:08.527 [main] DEBUG org.hibernate.orm.results - Extracted JDBC value [3] - [2025-06-20]
10:24:08.527 [main] DEBUG org.hibernate.orm.results - Extracted JDBC value [4] - [Test Task Project]
10:24:08.527 [main] DEBUG org.hibernate.orm.results - Extracted JDBC value [5] - [2025-04-25]
10:24:08.527 [main] DEBUG org.hibernate.orm.results.loading.entity - (EntityResultInitializer) Done materializing entityInstance : org.frcpm.models.Project(959664811619800)#82
10:24:08.527 [main] DEBUG org.hibernate.orm.results.loading - Calling top-level assembler (0 / 1) : org.hibernate.sql.results.graph.entity.internal.EntityAssembler@449145a3
10:24:08.527 [main] DEBUG org.hibernate.orm.results - Extracted JDBC value [0] - [104]
10:24:08.527 [main] DEBUG org.hibernate.orm.results.loading.entity - (EntityResultInitializer) Hydrated EntityKey (org.frcpm.models.Project(959664811619800)): 104
10:24:08.527 [main] DEBUG org.hibernate.orm.results.loading.org.hibernate.orm.results.loading.collection - (DelayedCollectionInitializer) Current row collection key : org.frcpm.models.Project(959664811619800).meetings#104
10:24:08.527 [main] DEBUG org.hibernate.orm.results.loading.org.hibernate.orm.results.loading.collection - (DelayedCollectionInitializer) Current row collection key : org.frcpm.models.Project(959664811619800).milestones#104
10:24:08.527 [main] DEBUG org.hibernate.orm.results.loading.org.hibernate.orm.results.loading.collection - (DelayedCollectionInitializer) Current row collection key : org.frcpm.models.Project(959664811619800).tasks#104
10:24:08.527 [main] DEBUG org.hibernate.orm.results.loading.entity - (EntityResultInitializer) Created new entity instance [org.frcpm.models.Project(959664811619800)#104] : 33072495
10:24:08.527 [main] DEBUG org.hibernate.orm.results - Extracted JDBC value [1] - [null]
10:24:08.527 [main] DEBUG org.hibernate.orm.results - Extracted JDBC value [2] - [2025-06-06]
10:24:08.527 [main] DEBUG org.hibernate.orm.results - Extracted JDBC value [3] - [2025-06-20]
10:24:08.527 [main] DEBUG org.hibernate.orm.results - Extracted JDBC value [4] - [Component Test Project]
10:24:08.527 [main] DEBUG org.hibernate.orm.results - Extracted JDBC value [5] - [2025-04-25]
10:24:08.527 [main] DEBUG org.hibernate.orm.results.loading.entity - (EntityResultInitializer) Done materializing entityInstance : org.frcpm.models.Project(959664811619800)#104
10:24:08.527 [main] DEBUG org.hibernate.orm.results.loading - Calling top-level assembler (0 / 1) : org.hibernate.sql.results.graph.entity.internal.EntityAssembler@449145a3
10:24:08.527 [main] DEBUG org.hibernate.orm.results - Extracted JDBC value [0] - [135]
10:24:08.527 [main] DEBUG org.hibernate.orm.results.loading.entity - (EntityResultInitializer) Hydrated EntityKey (org.frcpm.models.Project(959664811619800)): 135
10:24:08.527 [main] DEBUG org.hibernate.orm.results.loading.org.hibernate.orm.results.loading.collection - (DelayedCollectionInitializer) Current row collection key : org.frcpm.models.Project(959664811619800).meetings#135
10:24:08.527 [main] DEBUG org.hibernate.orm.results.loading.org.hibernate.orm.results.loading.collection - (DelayedCollectionInitializer) Current row collection key : org.frcpm.models.Project(959664811619800).milestones#135
10:24:08.527 [main] DEBUG org.hibernate.orm.results.loading.org.hibernate.orm.results.loading.collection - (DelayedCollectionInitializer) Current row collection key : org.frcpm.models.Project(959664811619800).tasks#135
10:24:08.527 [main] DEBUG org.hibernate.orm.results.loading.entity - (EntityResultInitializer) Created new entity instance [org.frcpm.models.Project(959664811619800)#135] : 215646298
10:24:08.527 [main] DEBUG org.hibernate.orm.results - Extracted JDBC value [1] - [null]
10:24:08.527 [main] DEBUG org.hibernate.orm.results - Extracted JDBC value [2] - [2025-05-23]
10:24:08.527 [main] DEBUG org.hibernate.orm.results - Extracted JDBC value [3] - [2025-06-06]
10:24:08.527 [main] DEBUG org.hibernate.orm.results - Extracted JDBC value [4] - [Test Create Service Project]
10:24:08.527 [main] DEBUG org.hibernate.orm.results - Extracted JDBC value [5] - [2025-04-25]
10:24:08.527 [main] DEBUG org.hibernate.orm.results.loading.entity - (EntityResultInitializer) Done materializing entityInstance : org.frcpm.models.Project(959664811619800)#135
10:24:08.527 [main] DEBUG org.hibernate.orm.results.loading - Calling top-level assembler (0 / 1) : org.hibernate.sql.results.graph.entity.internal.EntityAssembler@449145a3
10:24:08.527 [main] DEBUG org.hibernate.orm.results - Extracted JDBC value [0] - [142]
10:24:08.527 [main] DEBUG org.hibernate.orm.results.loading.entity - (EntityResultInitializer) Hydrated EntityKey (org.frcpm.models.Project(959664811619800)): 142
10:24:08.527 [main] DEBUG org.hibernate.orm.results.loading.org.hibernate.orm.results.loading.collection - (DelayedCollectionInitializer) Current row collection key : org.frcpm.models.Project(959664811619800).meetings#142
10:24:08.527 [main] DEBUG org.hibernate.orm.results.loading.org.hibernate.orm.results.loading.collection - (DelayedCollectionInitializer) Current row collection key : org.frcpm.models.Project(959664811619800).milestones#142
10:24:08.527 [main] DEBUG org.hibernate.orm.results.loading.org.hibernate.orm.results.loading.collection - (DelayedCollectionInitializer) Current row collection key : org.frcpm.models.Project(959664811619800).tasks#142
10:24:08.527 [main] DEBUG org.hibernate.orm.results.loading.entity - (EntityResultInitializer) Created new entity instance [org.frcpm.models.Project(959664811619800)#142] : 772032658
10:24:08.527 [main] DEBUG org.hibernate.orm.results - Extracted JDBC value [1] - [Updated description]
10:24:08.527 [main] DEBUG org.hibernate.orm.results - Extracted JDBC value [2] - [2025-05-23]
10:24:08.527 [main] DEBUG org.hibernate.orm.results - Extracted JDBC value [3] - [2025-06-06]
10:24:08.527 [main] DEBUG org.hibernate.orm.results - Extracted JDBC value [4] - [Updated Service Project Name]
10:24:08.527 [main] DEBUG org.hibernate.orm.results - Extracted JDBC value [5] - [2025-04-25]
10:24:08.527 [main] DEBUG org.hibernate.orm.results.loading.entity - (EntityResultInitializer) Done materializing entityInstance : org.frcpm.models.Project(959664811619800)#142
10:24:08.527 [main] DEBUG org.hibernate.orm.results.loading - Calling top-level assembler (0 / 1) : org.hibernate.sql.results.graph.entity.internal.EntityAssembler@449145a3
10:24:08.527 [main] DEBUG org.hibernate.orm.results - Extracted JDBC value [0] - [148]
10:24:08.527 [main] DEBUG org.hibernate.orm.results.loading.entity - (EntityResultInitializer) Hydrated EntityKey (org.frcpm.models.Project(959664811619800)): 148
10:24:08.527 [main] DEBUG org.hibernate.orm.results.loading.org.hibernate.orm.results.loading.collection - (DelayedCollectionInitializer) Current row collection key : org.frcpm.models.Project(959664811619800).meetings#148
10:24:08.527 [main] DEBUG org.hibernate.orm.results.loading.org.hibernate.orm.results.loading.collection - (DelayedCollectionInitializer) Current row collection key : org.frcpm.models.Project(959664811619800).milestones#148
10:24:08.527 [main] DEBUG org.hibernate.orm.results.loading.org.hibernate.orm.results.loading.collection - (DelayedCollectionInitializer) Current row collection key : org.frcpm.models.Project(959664811619800).tasks#148
10:24:08.527 [main] DEBUG org.hibernate.orm.results.loading.entity - (EntityResultInitializer) Created new entity instance [org.frcpm.models.Project(959664811619800)#148] : 1156313170
10:24:08.527 [main] DEBUG org.hibernate.orm.results - Extracted JDBC value [1] - [null]
10:24:08.527 [main] DEBUG org.hibernate.orm.results - Extracted JDBC value [2] - [2025-05-23]
10:24:08.527 [main] DEBUG org.hibernate.orm.results - Extracted JDBC value [3] - [2025-06-06]
10:24:08.527 [main] DEBUG org.hibernate.orm.results - Extracted JDBC value [4] - [Test Summary Project]
10:24:08.527 [main] DEBUG org.hibernate.orm.results - Extracted JDBC value [5] - [2025-04-25]
10:24:08.527 [main] DEBUG org.hibernate.orm.results.loading.entity - (EntityResultInitializer) Done materializing entityInstance : org.frcpm.models.Project(959664811619800)#148
10:24:08.527 [main] DEBUG org.hibernate.orm.results.loading - Calling top-level assembler (0 / 1) : org.hibernate.sql.results.graph.entity.internal.EntityAssembler@449145a3
10:24:08.527 [main] DEBUG org.hibernate.resource.jdbc.internal.LogicalConnectionManagedImpl - Initiating JDBC connection release from afterTransaction
10:24:08.527 [main] DEBUG org.hibernate.resource.jdbc.internal.LogicalConnectionManagedImpl - Initiating JDBC connection release from afterTransaction
]]></system-out>
    <system-err><![CDATA[Apr 25, 2025 10:24:08 AM org.frcpm.controllers.ProjectController setupBindings
WARNING: UI components not initialized - likely in test environment
]]></system-err>
  </testcase>
  <testcase name="testGetWindowFromComponentWithNulls" classname="org.frcpm.controllers.ProjectControllerTest" time="0.02">
    <system-out><![CDATA[10:24:08.539 [main] DEBUG org.hibernate.orm.sql.ast.create - Created new SQL alias : p1_0
10:24:08.539 [main] DEBUG org.hibernate.orm.sql.ast.create - Registration of TableGroup [StandardTableGroup(org.frcpm.models.Project(959664825127000))] with identifierForTableGroup [org.frcpm.models.Project] for NavigablePath [org.frcpm.models.Project] 
10:24:08.540 [main] DEBUG org.hibernate.orm.results.graph.AST - DomainResult Graph:
 \-EntityResultImpl [org.frcpm.models.Project(959664825127000)]
 |  +-BasicFetch [org.frcpm.models.Project(959664825127000).description]
 |  +-BasicFetch [org.frcpm.models.Project(959664825127000).goalEndDate]
 |  +-BasicFetch [org.frcpm.models.Project(959664825127000).hardDeadline]
 |  +-DelayedCollectionFetch [org.frcpm.models.Project(959664825127000).meetings]
 |  +-DelayedCollectionFetch [org.frcpm.models.Project(959664825127000).milestones]
 |  +-BasicFetch [org.frcpm.models.Project(959664825127000).name]
 |  +-BasicFetch [org.frcpm.models.Project(959664825127000).startDate]
 |  \-DelayedCollectionFetch [org.frcpm.models.Project(959664825127000).tasks]

10:24:08.540 [main] DEBUG org.hibernate.orm.sql.ast.tree - SQL AST Tree:
    SelectStatement {
      FromClause {
        StandardTableGroup (p1 : org.frcpm.models.Project(959664825127000)) {
          primaryTableReference : projects as p1_0
        }
      }
    }

10:24:08.540 [main] DEBUG org.hibernate.orm.sql.exec - Skipping reading Query result cache data: cache-enabled = false, cache-mode = NORMAL
10:24:08.540 [main] DEBUG org.hibernate.orm.results - Initializer list:
	  org.frcpm.models.Project(959664825127000).milestones -> DelayedCollectionInitializer(org.frcpm.models.Project(959664825127000).milestones)@924618288 (PluralAttribute(org.frcpm.models.Project.milestones))
	  org.frcpm.models.Project(959664825127000).meetings -> DelayedCollectionInitializer(org.frcpm.models.Project(959664825127000).meetings)@449340631 (PluralAttribute(org.frcpm.models.Project.meetings))
	  org.frcpm.models.Project(959664825127000) -> EntityResultInitializer(org.frcpm.models.Project(959664825127000))@802032064 (SingleTableEntityPersister(org.frcpm.models.Project))
	  org.frcpm.models.Project(959664825127000).tasks -> DelayedCollectionInitializer(org.frcpm.models.Project(959664825127000).tasks)@1367795327 (PluralAttribute(org.frcpm.models.Project.tasks))

10:24:08.540 [main] DEBUG org.hibernate.SQL - select p1_0.id,p1_0.description,p1_0.goal_end_date,p1_0.hard_deadline,p1_0.name,p1_0.start_date from projects p1_0
10:24:08.541 [main] DEBUG org.hibernate.orm.results - Extracted JDBC value [0] - [1]
10:24:08.541 [main] DEBUG org.hibernate.orm.results.loading.entity - (EntityResultInitializer) Hydrated EntityKey (org.frcpm.models.Project(959664825127000)): 1
10:24:08.541 [main] DEBUG org.hibernate.orm.results.loading.org.hibernate.orm.results.loading.collection - (DelayedCollectionInitializer) Current row collection key : org.frcpm.models.Project(959664825127000).meetings#1
10:24:08.541 [main] DEBUG org.hibernate.orm.results.loading.org.hibernate.orm.results.loading.collection - (DelayedCollectionInitializer) Current row collection key : org.frcpm.models.Project(959664825127000).milestones#1
10:24:08.541 [main] DEBUG org.hibernate.orm.results.loading.org.hibernate.orm.results.loading.collection - (DelayedCollectionInitializer) Current row collection key : org.frcpm.models.Project(959664825127000).tasks#1
10:24:08.541 [main] DEBUG org.hibernate.orm.results.loading.entity - (EntityResultInitializer) Created new entity instance [org.frcpm.models.Project(959664825127000)#1] : 80752533
10:24:08.541 [main] DEBUG org.hibernate.orm.results - Extracted JDBC value [1] - [Competition robot for the 2025 FIRST Robotics Competition]
10:24:08.541 [main] DEBUG org.hibernate.orm.results - Extracted JDBC value [2] - [2025-06-12]
10:24:08.541 [main] DEBUG org.hibernate.orm.results - Extracted JDBC value [3] - [2025-06-26]
10:24:08.541 [main] DEBUG org.hibernate.orm.results - Extracted JDBC value [4] - [FRC 2025 Robot]
10:24:08.541 [main] DEBUG org.hibernate.orm.results - Extracted JDBC value [5] - [2025-05-01]
10:24:08.541 [main] DEBUG org.hibernate.orm.results.loading.entity - (EntityResultInitializer) Done materializing entityInstance : org.frcpm.models.Project(959664825127000)#1
10:24:08.541 [main] DEBUG org.hibernate.orm.results.loading - Calling top-level assembler (0 / 1) : org.hibernate.sql.results.graph.entity.internal.EntityAssembler@76fc0fa
10:24:08.541 [main] DEBUG org.hibernate.orm.results - Extracted JDBC value [0] - [51]
10:24:08.541 [main] DEBUG org.hibernate.orm.results.loading.entity - (EntityResultInitializer) Hydrated EntityKey (org.frcpm.models.Project(959664825127000)): 51
10:24:08.541 [main] DEBUG org.hibernate.orm.results.loading.org.hibernate.orm.results.loading.collection - (DelayedCollectionInitializer) Current row collection key : org.frcpm.models.Project(959664825127000).meetings#51
10:24:08.541 [main] DEBUG org.hibernate.orm.results.loading.org.hibernate.orm.results.loading.collection - (DelayedCollectionInitializer) Current row collection key : org.frcpm.models.Project(959664825127000).milestones#51
10:24:08.541 [main] DEBUG org.hibernate.orm.results.loading.org.hibernate.orm.results.loading.collection - (DelayedCollectionInitializer) Current row collection key : org.frcpm.models.Project(959664825127000).tasks#51
10:24:08.542 [main] DEBUG org.hibernate.orm.results.loading.entity - (EntityResultInitializer) Created new entity instance [org.frcpm.models.Project(959664825127000)#51] : 2033255565
10:24:08.542 [main] DEBUG org.hibernate.orm.results - Extracted JDBC value [1] - [null]
10:24:08.542 [main] DEBUG org.hibernate.orm.results - Extracted JDBC value [2] - [2025-05-23]
10:24:08.542 [main] DEBUG org.hibernate.orm.results - Extracted JDBC value [3] - [2025-06-06]
10:24:08.542 [main] DEBUG org.hibernate.orm.results - Extracted JDBC value [4] - [Test Count Project]
10:24:08.542 [main] DEBUG org.hibernate.orm.results - Extracted JDBC value [5] - [2025-04-25]
10:24:08.542 [main] DEBUG org.hibernate.orm.results.loading.entity - (EntityResultInitializer) Done materializing entityInstance : org.frcpm.models.Project(959664825127000)#51
10:24:08.542 [main] DEBUG org.hibernate.orm.results.loading - Calling top-level assembler (0 / 1) : org.hibernate.sql.results.graph.entity.internal.EntityAssembler@76fc0fa
10:24:08.542 [main] DEBUG org.hibernate.orm.results - Extracted JDBC value [0] - [54]
10:24:08.542 [main] DEBUG org.hibernate.orm.results.loading.entity - (EntityResultInitializer) Hydrated EntityKey (org.frcpm.models.Project(959664825127000)): 54
10:24:08.542 [main] DEBUG org.hibernate.orm.results.loading.org.hibernate.orm.results.loading.collection - (DelayedCollectionInitializer) Current row collection key : org.frcpm.models.Project(959664825127000).meetings#54
10:24:08.542 [main] DEBUG org.hibernate.orm.results.loading.org.hibernate.orm.results.loading.collection - (DelayedCollectionInitializer) Current row collection key : org.frcpm.models.Project(959664825127000).milestones#54
10:24:08.542 [main] DEBUG org.hibernate.orm.results.loading.org.hibernate.orm.results.loading.collection - (DelayedCollectionInitializer) Current row collection key : org.frcpm.models.Project(959664825127000).tasks#54
10:24:08.542 [main] DEBUG org.hibernate.orm.results.loading.entity - (EntityResultInitializer) Created new entity instance [org.frcpm.models.Project(959664825127000)#54] : 1453097189
10:24:08.542 [main] DEBUG org.hibernate.orm.results - Extracted JDBC value [1] - [Test save description]
10:24:08.542 [main] DEBUG org.hibernate.orm.results - Extracted JDBC value [2] - [2025-05-23]
10:24:08.542 [main] DEBUG org.hibernate.orm.results - Extracted JDBC value [3] - [2025-06-06]
10:24:08.542 [main] DEBUG org.hibernate.orm.results - Extracted JDBC value [4] - [Test Save Project]
10:24:08.542 [main] DEBUG org.hibernate.orm.results - Extracted JDBC value [5] - [2025-04-25]
10:24:08.542 [main] DEBUG org.hibernate.orm.results.loading.entity - (EntityResultInitializer) Done materializing entityInstance : org.frcpm.models.Project(959664825127000)#54
10:24:08.542 [main] DEBUG org.hibernate.orm.results.loading - Calling top-level assembler (0 / 1) : org.hibernate.sql.results.graph.entity.internal.EntityAssembler@76fc0fa
10:24:08.542 [main] DEBUG org.hibernate.orm.results - Extracted JDBC value [0] - [69]
10:24:08.542 [main] DEBUG org.hibernate.orm.results.loading.entity - (EntityResultInitializer) Hydrated EntityKey (org.frcpm.models.Project(959664825127000)): 69
10:24:08.542 [main] DEBUG org.hibernate.orm.results.loading.org.hibernate.orm.results.loading.collection - (DelayedCollectionInitializer) Current row collection key : org.frcpm.models.Project(959664825127000).meetings#69
10:24:08.542 [main] DEBUG org.hibernate.orm.results.loading.org.hibernate.orm.results.loading.collection - (DelayedCollectionInitializer) Current row collection key : org.frcpm.models.Project(959664825127000).milestones#69
10:24:08.542 [main] DEBUG org.hibernate.orm.results.loading.org.hibernate.orm.results.loading.collection - (DelayedCollectionInitializer) Current row collection key : org.frcpm.models.Project(959664825127000).tasks#69
10:24:08.542 [main] DEBUG org.hibernate.orm.results.loading.entity - (EntityResultInitializer) Created new entity instance [org.frcpm.models.Project(959664825127000)#69] : 1179071935
10:24:08.542 [main] DEBUG org.hibernate.orm.results - Extracted JDBC value [1] - [null]
10:24:08.542 [main] DEBUG org.hibernate.orm.results - Extracted JDBC value [2] - [2025-05-23]
10:24:08.542 [main] DEBUG org.hibernate.orm.results - Extracted JDBC value [3] - [2025-06-06]
10:24:08.542 [main] DEBUG org.hibernate.orm.results - Extracted JDBC value [4] - [Updated Project Name]
10:24:08.542 [main] DEBUG org.hibernate.orm.results - Extracted JDBC value [5] - [2025-04-25]
10:24:08.542 [main] DEBUG org.hibernate.orm.results.loading.entity - (EntityResultInitializer) Done materializing entityInstance : org.frcpm.models.Project(959664825127000)#69
10:24:08.543 [main] DEBUG org.hibernate.orm.results.loading - Calling top-level assembler (0 / 1) : org.hibernate.sql.results.graph.entity.internal.EntityAssembler@76fc0fa
10:24:08.543 [main] DEBUG org.hibernate.orm.results - Extracted JDBC value [0] - [70]
10:24:08.543 [main] DEBUG org.hibernate.orm.results.loading.entity - (EntityResultInitializer) Hydrated EntityKey (org.frcpm.models.Project(959664825127000)): 70
10:24:08.543 [main] DEBUG org.hibernate.orm.results.loading.org.hibernate.orm.results.loading.collection - (DelayedCollectionInitializer) Current row collection key : org.frcpm.models.Project(959664825127000).meetings#70
10:24:08.543 [main] DEBUG org.hibernate.orm.results.loading.org.hibernate.orm.results.loading.collection - (DelayedCollectionInitializer) Current row collection key : org.frcpm.models.Project(959664825127000).milestones#70
10:24:08.543 [main] DEBUG org.hibernate.orm.results.loading.org.hibernate.orm.results.loading.collection - (DelayedCollectionInitializer) Current row collection key : org.frcpm.models.Project(959664825127000).tasks#70
10:24:08.543 [main] DEBUG org.hibernate.orm.results.loading.entity - (EntityResultInitializer) Created new entity instance [org.frcpm.models.Project(959664825127000)#70] : 1082178777
10:24:08.543 [main] DEBUG org.hibernate.orm.results - Extracted JDBC value [1] - [null]
10:24:08.543 [main] DEBUG org.hibernate.orm.results - Extracted JDBC value [2] - [2025-06-06]
10:24:08.543 [main] DEBUG org.hibernate.orm.results - Extracted JDBC value [3] - [2025-06-20]
10:24:08.543 [main] DEBUG org.hibernate.orm.results - Extracted JDBC value [4] - [Test Task Project]
10:24:08.543 [main] DEBUG org.hibernate.orm.results - Extracted JDBC value [5] - [2025-04-25]
10:24:08.543 [main] DEBUG org.hibernate.orm.results.loading.entity - (EntityResultInitializer) Done materializing entityInstance : org.frcpm.models.Project(959664825127000)#70
10:24:08.543 [main] DEBUG org.hibernate.orm.results.loading - Calling top-level assembler (0 / 1) : org.hibernate.sql.results.graph.entity.internal.EntityAssembler@76fc0fa
10:24:08.543 [main] DEBUG org.hibernate.orm.results - Extracted JDBC value [0] - [71]
10:24:08.543 [main] DEBUG org.hibernate.orm.results.loading.entity - (EntityResultInitializer) Hydrated EntityKey (org.frcpm.models.Project(959664825127000)): 71
10:24:08.543 [main] DEBUG org.hibernate.orm.results.loading.org.hibernate.orm.results.loading.collection - (DelayedCollectionInitializer) Current row collection key : org.frcpm.models.Project(959664825127000).meetings#71
10:24:08.543 [main] DEBUG org.hibernate.orm.results.loading.org.hibernate.orm.results.loading.collection - (DelayedCollectionInitializer) Current row collection key : org.frcpm.models.Project(959664825127000).milestones#71
10:24:08.543 [main] DEBUG org.hibernate.orm.results.loading.org.hibernate.orm.results.loading.collection - (DelayedCollectionInitializer) Current row collection key : org.frcpm.models.Project(959664825127000).tasks#71
10:24:08.543 [main] DEBUG org.hibernate.orm.results.loading.entity - (EntityResultInitializer) Created new entity instance [org.frcpm.models.Project(959664825127000)#71] : 1616308660
10:24:08.543 [main] DEBUG org.hibernate.orm.results - Extracted JDBC value [1] - [null]
10:24:08.543 [main] DEBUG org.hibernate.orm.results - Extracted JDBC value [2] - [2025-06-06]
10:24:08.543 [main] DEBUG org.hibernate.orm.results - Extracted JDBC value [3] - [2025-06-20]
10:24:08.543 [main] DEBUG org.hibernate.orm.results - Extracted JDBC value [4] - [Test Task Project]
10:24:08.543 [main] DEBUG org.hibernate.orm.results - Extracted JDBC value [5] - [2025-04-25]
10:24:08.543 [main] DEBUG org.hibernate.orm.results.loading.entity - (EntityResultInitializer) Done materializing entityInstance : org.frcpm.models.Project(959664825127000)#71
10:24:08.543 [main] DEBUG org.hibernate.orm.results.loading - Calling top-level assembler (0 / 1) : org.hibernate.sql.results.graph.entity.internal.EntityAssembler@76fc0fa
10:24:08.543 [main] DEBUG org.hibernate.orm.results - Extracted JDBC value [0] - [72]
10:24:08.543 [main] DEBUG org.hibernate.orm.results.loading.entity - (EntityResultInitializer) Hydrated EntityKey (org.frcpm.models.Project(959664825127000)): 72
10:24:08.543 [main] DEBUG org.hibernate.orm.results.loading.org.hibernate.orm.results.loading.collection - (DelayedCollectionInitializer) Current row collection key : org.frcpm.models.Project(959664825127000).meetings#72
10:24:08.543 [main] DEBUG org.hibernate.orm.results.loading.org.hibernate.orm.results.loading.collection - (DelayedCollectionInitializer) Current row collection key : org.frcpm.models.Project(959664825127000).milestones#72
10:24:08.543 [main] DEBUG org.hibernate.orm.results.loading.org.hibernate.orm.results.loading.collection - (DelayedCollectionInitializer) Current row collection key : org.frcpm.models.Project(959664825127000).tasks#72
10:24:08.543 [main] DEBUG org.hibernate.orm.results.loading.entity - (EntityResultInitializer) Created new entity instance [org.frcpm.models.Project(959664825127000)#72] : 1122443116
10:24:08.543 [main] DEBUG org.hibernate.orm.results - Extracted JDBC value [1] - [null]
10:24:08.543 [main] DEBUG org.hibernate.orm.results - Extracted JDBC value [2] - [2025-06-06]
10:24:08.543 [main] DEBUG org.hibernate.orm.results - Extracted JDBC value [3] - [2025-06-20]
10:24:08.543 [main] DEBUG org.hibernate.orm.results - Extracted JDBC value [4] - [Test Task Project]
10:24:08.543 [main] DEBUG org.hibernate.orm.results - Extracted JDBC value [5] - [2025-04-25]
10:24:08.543 [main] DEBUG org.hibernate.orm.results.loading.entity - (EntityResultInitializer) Done materializing entityInstance : org.frcpm.models.Project(959664825127000)#72
10:24:08.543 [main] DEBUG org.hibernate.orm.results.loading - Calling top-level assembler (0 / 1) : org.hibernate.sql.results.graph.entity.internal.EntityAssembler@76fc0fa
10:24:08.543 [main] DEBUG org.hibernate.orm.results - Extracted JDBC value [0] - [73]
10:24:08.543 [main] DEBUG org.hibernate.orm.results.loading.entity - (EntityResultInitializer) Hydrated EntityKey (org.frcpm.models.Project(959664825127000)): 73
10:24:08.543 [main] DEBUG org.hibernate.orm.results.loading.org.hibernate.orm.results.loading.collection - (DelayedCollectionInitializer) Current row collection key : org.frcpm.models.Project(959664825127000).meetings#73
10:24:08.543 [main] DEBUG org.hibernate.orm.results.loading.org.hibernate.orm.results.loading.collection - (DelayedCollectionInitializer) Current row collection key : org.frcpm.models.Project(959664825127000).milestones#73
10:24:08.543 [main] DEBUG org.hibernate.orm.results.loading.org.hibernate.orm.results.loading.collection - (DelayedCollectionInitializer) Current row collection key : org.frcpm.models.Project(959664825127000).tasks#73
10:24:08.543 [main] DEBUG org.hibernate.orm.results.loading.entity - (EntityResultInitializer) Created new entity instance [org.frcpm.models.Project(959664825127000)#73] : 963176949
10:24:08.543 [main] DEBUG org.hibernate.orm.results - Extracted JDBC value [1] - [null]
10:24:08.543 [main] DEBUG org.hibernate.orm.results - Extracted JDBC value [2] - [2025-06-06]
10:24:08.543 [main] DEBUG org.hibernate.orm.results - Extracted JDBC value [3] - [2025-06-20]
10:24:08.543 [main] DEBUG org.hibernate.orm.results - Extracted JDBC value [4] - [Test Task Project]
10:24:08.543 [main] DEBUG org.hibernate.orm.results - Extracted JDBC value [5] - [2025-04-25]
10:24:08.543 [main] DEBUG org.hibernate.orm.results.loading.entity - (EntityResultInitializer) Done materializing entityInstance : org.frcpm.models.Project(959664825127000)#73
10:24:08.544 [main] DEBUG org.hibernate.orm.results.loading - Calling top-level assembler (0 / 1) : org.hibernate.sql.results.graph.entity.internal.EntityAssembler@76fc0fa
10:24:08.544 [main] DEBUG org.hibernate.orm.results - Extracted JDBC value [0] - [74]
10:24:08.544 [main] DEBUG org.hibernate.orm.results.loading.entity - (EntityResultInitializer) Hydrated EntityKey (org.frcpm.models.Project(959664825127000)): 74
10:24:08.544 [main] DEBUG org.hibernate.orm.results.loading.org.hibernate.orm.results.loading.collection - (DelayedCollectionInitializer) Current row collection key : org.frcpm.models.Project(959664825127000).meetings#74
10:24:08.544 [main] DEBUG org.hibernate.orm.results.loading.org.hibernate.orm.results.loading.collection - (DelayedCollectionInitializer) Current row collection key : org.frcpm.models.Project(959664825127000).milestones#74
10:24:08.544 [main] DEBUG org.hibernate.orm.results.loading.org.hibernate.orm.results.loading.collection - (DelayedCollectionInitializer) Current row collection key : org.frcpm.models.Project(959664825127000).tasks#74
10:24:08.544 [main] DEBUG org.hibernate.orm.results.loading.entity - (EntityResultInitializer) Created new entity instance [org.frcpm.models.Project(959664825127000)#74] : 976737206
10:24:08.544 [main] DEBUG org.hibernate.orm.results - Extracted JDBC value [1] - [null]
10:24:08.544 [main] DEBUG org.hibernate.orm.results - Extracted JDBC value [2] - [2025-06-06]
10:24:08.544 [main] DEBUG org.hibernate.orm.results - Extracted JDBC value [3] - [2025-06-20]
10:24:08.544 [main] DEBUG org.hibernate.orm.results - Extracted JDBC value [4] - [Test Task Project]
10:24:08.544 [main] DEBUG org.hibernate.orm.results - Extracted JDBC value [5] - [2025-04-25]
10:24:08.544 [main] DEBUG org.hibernate.orm.results.loading.entity - (EntityResultInitializer) Done materializing entityInstance : org.frcpm.models.Project(959664825127000)#74
10:24:08.544 [main] DEBUG org.hibernate.orm.results.loading - Calling top-level assembler (0 / 1) : org.hibernate.sql.results.graph.entity.internal.EntityAssembler@76fc0fa
10:24:08.544 [main] DEBUG org.hibernate.orm.results - Extracted JDBC value [0] - [75]
10:24:08.544 [main] DEBUG org.hibernate.orm.results.loading.entity - (EntityResultInitializer) Hydrated EntityKey (org.frcpm.models.Project(959664825127000)): 75
10:24:08.544 [main] DEBUG org.hibernate.orm.results.loading.org.hibernate.orm.results.loading.collection - (DelayedCollectionInitializer) Current row collection key : org.frcpm.models.Project(959664825127000).meetings#75
10:24:08.544 [main] DEBUG org.hibernate.orm.results.loading.org.hibernate.orm.results.loading.collection - (DelayedCollectionInitializer) Current row collection key : org.frcpm.models.Project(959664825127000).milestones#75
10:24:08.544 [main] DEBUG org.hibernate.orm.results.loading.org.hibernate.orm.results.loading.collection - (DelayedCollectionInitializer) Current row collection key : org.frcpm.models.Project(959664825127000).tasks#75
10:24:08.544 [main] DEBUG org.hibernate.orm.results.loading.entity - (EntityResultInitializer) Created new entity instance [org.frcpm.models.Project(959664825127000)#75] : 536124835
10:24:08.544 [main] DEBUG org.hibernate.orm.results - Extracted JDBC value [1] - [null]
10:24:08.544 [main] DEBUG org.hibernate.orm.results - Extracted JDBC value [2] - [2025-06-06]
10:24:08.544 [main] DEBUG org.hibernate.orm.results - Extracted JDBC value [3] - [2025-06-20]
10:24:08.544 [main] DEBUG org.hibernate.orm.results - Extracted JDBC value [4] - [Test Task Project]
10:24:08.544 [main] DEBUG org.hibernate.orm.results - Extracted JDBC value [5] - [2025-04-25]
10:24:08.544 [main] DEBUG org.hibernate.orm.results.loading.entity - (EntityResultInitializer) Done materializing entityInstance : org.frcpm.models.Project(959664825127000)#75
10:24:08.544 [main] DEBUG org.hibernate.orm.results.loading - Calling top-level assembler (0 / 1) : org.hibernate.sql.results.graph.entity.internal.EntityAssembler@76fc0fa
10:24:08.544 [main] DEBUG org.hibernate.orm.results - Extracted JDBC value [0] - [76]
10:24:08.544 [main] DEBUG org.hibernate.orm.results.loading.entity - (EntityResultInitializer) Hydrated EntityKey (org.frcpm.models.Project(959664825127000)): 76
10:24:08.544 [main] DEBUG org.hibernate.orm.results.loading.org.hibernate.orm.results.loading.collection - (DelayedCollectionInitializer) Current row collection key : org.frcpm.models.Project(959664825127000).meetings#76
10:24:08.544 [main] DEBUG org.hibernate.orm.results.loading.org.hibernate.orm.results.loading.collection - (DelayedCollectionInitializer) Current row collection key : org.frcpm.models.Project(959664825127000).milestones#76
10:24:08.544 [main] DEBUG org.hibernate.orm.results.loading.org.hibernate.orm.results.loading.collection - (DelayedCollectionInitializer) Current row collection key : org.frcpm.models.Project(959664825127000).tasks#76
10:24:08.544 [main] DEBUG org.hibernate.orm.results.loading.entity - (EntityResultInitializer) Created new entity instance [org.frcpm.models.Project(959664825127000)#76] : 379679629
10:24:08.544 [main] DEBUG org.hibernate.orm.results - Extracted JDBC value [1] - [null]
10:24:08.544 [main] DEBUG org.hibernate.orm.results - Extracted JDBC value [2] - [2025-06-06]
10:24:08.544 [main] DEBUG org.hibernate.orm.results - Extracted JDBC value [3] - [2025-06-20]
10:24:08.544 [main] DEBUG org.hibernate.orm.results - Extracted JDBC value [4] - [Test Task Project]
10:24:08.544 [main] DEBUG org.hibernate.orm.results - Extracted JDBC value [5] - [2025-04-25]
10:24:08.545 [main] DEBUG org.hibernate.orm.results.loading.entity - (EntityResultInitializer) Done materializing entityInstance : org.frcpm.models.Project(959664825127000)#76
10:24:08.545 [main] DEBUG org.hibernate.orm.results.loading - Calling top-level assembler (0 / 1) : org.hibernate.sql.results.graph.entity.internal.EntityAssembler@76fc0fa
10:24:08.545 [main] DEBUG org.hibernate.orm.results - Extracted JDBC value [0] - [77]
10:24:08.545 [main] DEBUG org.hibernate.orm.results.loading.entity - (EntityResultInitializer) Hydrated EntityKey (org.frcpm.models.Project(959664825127000)): 77
10:24:08.545 [main] DEBUG org.hibernate.orm.results.loading.org.hibernate.orm.results.loading.collection - (DelayedCollectionInitializer) Current row collection key : org.frcpm.models.Project(959664825127000).meetings#77
10:24:08.545 [main] DEBUG org.hibernate.orm.results.loading.org.hibernate.orm.results.loading.collection - (DelayedCollectionInitializer) Current row collection key : org.frcpm.models.Project(959664825127000).milestones#77
10:24:08.545 [main] DEBUG org.hibernate.orm.results.loading.org.hibernate.orm.results.loading.collection - (DelayedCollectionInitializer) Current row collection key : org.frcpm.models.Project(959664825127000).tasks#77
10:24:08.545 [main] DEBUG org.hibernate.orm.results.loading.entity - (EntityResultInitializer) Created new entity instance [org.frcpm.models.Project(959664825127000)#77] : 1729718885
10:24:08.545 [main] DEBUG org.hibernate.orm.results - Extracted JDBC value [1] - [null]
10:24:08.545 [main] DEBUG org.hibernate.orm.results - Extracted JDBC value [2] - [2025-06-06]
10:24:08.545 [main] DEBUG org.hibernate.orm.results - Extracted JDBC value [3] - [2025-06-20]
10:24:08.545 [main] DEBUG org.hibernate.orm.results - Extracted JDBC value [4] - [Test Task Project]
10:24:08.545 [main] DEBUG org.hibernate.orm.results - Extracted JDBC value [5] - [2025-04-25]
10:24:08.545 [main] DEBUG org.hibernate.orm.results.loading.entity - (EntityResultInitializer) Done materializing entityInstance : org.frcpm.models.Project(959664825127000)#77
10:24:08.545 [main] DEBUG org.hibernate.orm.results.loading - Calling top-level assembler (0 / 1) : org.hibernate.sql.results.graph.entity.internal.EntityAssembler@76fc0fa
10:24:08.545 [main] DEBUG org.hibernate.orm.results - Extracted JDBC value [0] - [78]
10:24:08.545 [main] DEBUG org.hibernate.orm.results.loading.entity - (EntityResultInitializer) Hydrated EntityKey (org.frcpm.models.Project(959664825127000)): 78
10:24:08.545 [main] DEBUG org.hibernate.orm.results.loading.org.hibernate.orm.results.loading.collection - (DelayedCollectionInitializer) Current row collection key : org.frcpm.models.Project(959664825127000).meetings#78
10:24:08.545 [main] DEBUG org.hibernate.orm.results.loading.org.hibernate.orm.results.loading.collection - (DelayedCollectionInitializer) Current row collection key : org.frcpm.models.Project(959664825127000).milestones#78
10:24:08.545 [main] DEBUG org.hibernate.orm.results.loading.org.hibernate.orm.results.loading.collection - (DelayedCollectionInitializer) Current row collection key : org.frcpm.models.Project(959664825127000).tasks#78
10:24:08.545 [main] DEBUG org.hibernate.orm.results.loading.entity - (EntityResultInitializer) Created new entity instance [org.frcpm.models.Project(959664825127000)#78] : 2139184106
10:24:08.545 [main] DEBUG org.hibernate.orm.results - Extracted JDBC value [1] - [null]
10:24:08.545 [main] DEBUG org.hibernate.orm.results - Extracted JDBC value [2] - [2025-06-06]
10:24:08.545 [main] DEBUG org.hibernate.orm.results - Extracted JDBC value [3] - [2025-06-20]
10:24:08.545 [main] DEBUG org.hibernate.orm.results - Extracted JDBC value [4] - [Test Task Project]
10:24:08.545 [main] DEBUG org.hibernate.orm.results - Extracted JDBC value [5] - [2025-04-25]
10:24:08.545 [main] DEBUG org.hibernate.orm.results.loading.entity - (EntityResultInitializer) Done materializing entityInstance : org.frcpm.models.Project(959664825127000)#78
10:24:08.545 [main] DEBUG org.hibernate.orm.results.loading - Calling top-level assembler (0 / 1) : org.hibernate.sql.results.graph.entity.internal.EntityAssembler@76fc0fa
10:24:08.545 [main] DEBUG org.hibernate.orm.results - Extracted JDBC value [0] - [79]
10:24:08.545 [main] DEBUG org.hibernate.orm.results.loading.entity - (EntityResultInitializer) Hydrated EntityKey (org.frcpm.models.Project(959664825127000)): 79
10:24:08.546 [main] DEBUG org.hibernate.orm.results.loading.org.hibernate.orm.results.loading.collection - (DelayedCollectionInitializer) Current row collection key : org.frcpm.models.Project(959664825127000).meetings#79
10:24:08.546 [main] DEBUG org.hibernate.orm.results.loading.org.hibernate.orm.results.loading.collection - (DelayedCollectionInitializer) Current row collection key : org.frcpm.models.Project(959664825127000).milestones#79
10:24:08.546 [main] DEBUG org.hibernate.orm.results.loading.org.hibernate.orm.results.loading.collection - (DelayedCollectionInitializer) Current row collection key : org.frcpm.models.Project(959664825127000).tasks#79
10:24:08.546 [main] DEBUG org.hibernate.orm.results.loading.entity - (EntityResultInitializer) Created new entity instance [org.frcpm.models.Project(959664825127000)#79] : 649327195
10:24:08.546 [main] DEBUG org.hibernate.orm.results - Extracted JDBC value [1] - [null]
10:24:08.546 [main] DEBUG org.hibernate.orm.results - Extracted JDBC value [2] - [2025-06-06]
10:24:08.546 [main] DEBUG org.hibernate.orm.results - Extracted JDBC value [3] - [2025-06-20]
10:24:08.546 [main] DEBUG org.hibernate.orm.results - Extracted JDBC value [4] - [Test Task Project]
10:24:08.546 [main] DEBUG org.hibernate.orm.results - Extracted JDBC value [5] - [2025-04-25]
10:24:08.546 [main] DEBUG org.hibernate.orm.results.loading.entity - (EntityResultInitializer) Done materializing entityInstance : org.frcpm.models.Project(959664825127000)#79
10:24:08.546 [main] DEBUG org.hibernate.orm.results.loading - Calling top-level assembler (0 / 1) : org.hibernate.sql.results.graph.entity.internal.EntityAssembler@76fc0fa
10:24:08.546 [main] DEBUG org.hibernate.orm.results - Extracted JDBC value [0] - [80]
10:24:08.546 [main] DEBUG org.hibernate.orm.results.loading.entity - (EntityResultInitializer) Hydrated EntityKey (org.frcpm.models.Project(959664825127000)): 80
10:24:08.546 [main] DEBUG org.hibernate.orm.results.loading.org.hibernate.orm.results.loading.collection - (DelayedCollectionInitializer) Current row collection key : org.frcpm.models.Project(959664825127000).meetings#80
10:24:08.546 [main] DEBUG org.hibernate.orm.results.loading.org.hibernate.orm.results.loading.collection - (DelayedCollectionInitializer) Current row collection key : org.frcpm.models.Project(959664825127000).milestones#80
10:24:08.546 [main] DEBUG org.hibernate.orm.results.loading.org.hibernate.orm.results.loading.collection - (DelayedCollectionInitializer) Current row collection key : org.frcpm.models.Project(959664825127000).tasks#80
10:24:08.546 [main] DEBUG org.hibernate.orm.results.loading.entity - (EntityResultInitializer) Created new entity instance [org.frcpm.models.Project(959664825127000)#80] : 388152654
10:24:08.546 [main] DEBUG org.hibernate.orm.results - Extracted JDBC value [1] - [null]
10:24:08.546 [main] DEBUG org.hibernate.orm.results - Extracted JDBC value [2] - [2025-06-06]
10:24:08.546 [main] DEBUG org.hibernate.orm.results - Extracted JDBC value [3] - [2025-06-20]
10:24:08.546 [main] DEBUG org.hibernate.orm.results - Extracted JDBC value [4] - [Test Task Project]
10:24:08.546 [main] DEBUG org.hibernate.orm.results - Extracted JDBC value [5] - [2025-04-25]
10:24:08.546 [main] DEBUG org.hibernate.orm.results.loading.entity - (EntityResultInitializer) Done materializing entityInstance : org.frcpm.models.Project(959664825127000)#80
10:24:08.546 [main] DEBUG org.hibernate.orm.results.loading - Calling top-level assembler (0 / 1) : org.hibernate.sql.results.graph.entity.internal.EntityAssembler@76fc0fa
10:24:08.546 [main] DEBUG org.hibernate.orm.results - Extracted JDBC value [0] - [81]
10:24:08.546 [main] DEBUG org.hibernate.orm.results.loading.entity - (EntityResultInitializer) Hydrated EntityKey (org.frcpm.models.Project(959664825127000)): 81
10:24:08.546 [main] DEBUG org.hibernate.orm.results.loading.org.hibernate.orm.results.loading.collection - (DelayedCollectionInitializer) Current row collection key : org.frcpm.models.Project(959664825127000).meetings#81
10:24:08.546 [main] DEBUG org.hibernate.orm.results.loading.org.hibernate.orm.results.loading.collection - (DelayedCollectionInitializer) Current row collection key : org.frcpm.models.Project(959664825127000).milestones#81
10:24:08.546 [main] DEBUG org.hibernate.orm.results.loading.org.hibernate.orm.results.loading.collection - (DelayedCollectionInitializer) Current row collection key : org.frcpm.models.Project(959664825127000).tasks#81
10:24:08.546 [main] DEBUG org.hibernate.orm.results.loading.entity - (EntityResultInitializer) Created new entity instance [org.frcpm.models.Project(959664825127000)#81] : 716660700
10:24:08.546 [main] DEBUG org.hibernate.orm.results - Extracted JDBC value [1] - [null]
10:24:08.546 [main] DEBUG org.hibernate.orm.results - Extracted JDBC value [2] - [2025-06-06]
10:24:08.546 [main] DEBUG org.hibernate.orm.results - Extracted JDBC value [3] - [2025-06-20]
10:24:08.546 [main] DEBUG org.hibernate.orm.results - Extracted JDBC value [4] - [Test Task Project]
10:24:08.546 [main] DEBUG org.hibernate.orm.results - Extracted JDBC value [5] - [2025-04-25]
10:24:08.546 [main] DEBUG org.hibernate.orm.results.loading.entity - (EntityResultInitializer) Done materializing entityInstance : org.frcpm.models.Project(959664825127000)#81
10:24:08.546 [main] DEBUG org.hibernate.orm.results.loading - Calling top-level assembler (0 / 1) : org.hibernate.sql.results.graph.entity.internal.EntityAssembler@76fc0fa
10:24:08.546 [main] DEBUG org.hibernate.orm.results - Extracted JDBC value [0] - [82]
10:24:08.546 [main] DEBUG org.hibernate.orm.results.loading.entity - (EntityResultInitializer) Hydrated EntityKey (org.frcpm.models.Project(959664825127000)): 82
10:24:08.546 [main] DEBUG org.hibernate.orm.results.loading.org.hibernate.orm.results.loading.collection - (DelayedCollectionInitializer) Current row collection key : org.frcpm.models.Project(959664825127000).meetings#82
10:24:08.546 [main] DEBUG org.hibernate.orm.results.loading.org.hibernate.orm.results.loading.collection - (DelayedCollectionInitializer) Current row collection key : org.frcpm.models.Project(959664825127000).milestones#82
10:24:08.546 [main] DEBUG org.hibernate.orm.results.loading.org.hibernate.orm.results.loading.collection - (DelayedCollectionInitializer) Current row collection key : org.frcpm.models.Project(959664825127000).tasks#82
10:24:08.546 [main] DEBUG org.hibernate.orm.results.loading.entity - (EntityResultInitializer) Created new entity instance [org.frcpm.models.Project(959664825127000)#82] : 1558448974
10:24:08.546 [main] DEBUG org.hibernate.orm.results - Extracted JDBC value [1] - [null]
10:24:08.546 [main] DEBUG org.hibernate.orm.results - Extracted JDBC value [2] - [2025-06-06]
10:24:08.546 [main] DEBUG org.hibernate.orm.results - Extracted JDBC value [3] - [2025-06-20]
10:24:08.546 [main] DEBUG org.hibernate.orm.results - Extracted JDBC value [4] - [Test Task Project]
10:24:08.546 [main] DEBUG org.hibernate.orm.results - Extracted JDBC value [5] - [2025-04-25]
10:24:08.546 [main] DEBUG org.hibernate.orm.results.loading.entity - (EntityResultInitializer) Done materializing entityInstance : org.frcpm.models.Project(959664825127000)#82
10:24:08.546 [main] DEBUG org.hibernate.orm.results.loading - Calling top-level assembler (0 / 1) : org.hibernate.sql.results.graph.entity.internal.EntityAssembler@76fc0fa
10:24:08.546 [main] DEBUG org.hibernate.orm.results - Extracted JDBC value [0] - [104]
10:24:08.546 [main] DEBUG org.hibernate.orm.results.loading.entity - (EntityResultInitializer) Hydrated EntityKey (org.frcpm.models.Project(959664825127000)): 104
10:24:08.546 [main] DEBUG org.hibernate.orm.results.loading.org.hibernate.orm.results.loading.collection - (DelayedCollectionInitializer) Current row collection key : org.frcpm.models.Project(959664825127000).meetings#104
10:24:08.546 [main] DEBUG org.hibernate.orm.results.loading.org.hibernate.orm.results.loading.collection - (DelayedCollectionInitializer) Current row collection key : org.frcpm.models.Project(959664825127000).milestones#104
10:24:08.546 [main] DEBUG org.hibernate.orm.results.loading.org.hibernate.orm.results.loading.collection - (DelayedCollectionInitializer) Current row collection key : org.frcpm.models.Project(959664825127000).tasks#104
10:24:08.546 [main] DEBUG org.hibernate.orm.results.loading.entity - (EntityResultInitializer) Created new entity instance [org.frcpm.models.Project(959664825127000)#104] : 1113762002
10:24:08.546 [main] DEBUG org.hibernate.orm.results - Extracted JDBC value [1] - [null]
10:24:08.546 [main] DEBUG org.hibernate.orm.results - Extracted JDBC value [2] - [2025-06-06]
10:24:08.546 [main] DEBUG org.hibernate.orm.results - Extracted JDBC value [3] - [2025-06-20]
10:24:08.546 [main] DEBUG org.hibernate.orm.results - Extracted JDBC value [4] - [Component Test Project]
10:24:08.546 [main] DEBUG org.hibernate.orm.results - Extracted JDBC value [5] - [2025-04-25]
10:24:08.546 [main] DEBUG org.hibernate.orm.results.loading.entity - (EntityResultInitializer) Done materializing entityInstance : org.frcpm.models.Project(959664825127000)#104
10:24:08.546 [main] DEBUG org.hibernate.orm.results.loading - Calling top-level assembler (0 / 1) : org.hibernate.sql.results.graph.entity.internal.EntityAssembler@76fc0fa
10:24:08.546 [main] DEBUG org.hibernate.orm.results - Extracted JDBC value [0] - [135]
10:24:08.546 [main] DEBUG org.hibernate.orm.results.loading.entity - (EntityResultInitializer) Hydrated EntityKey (org.frcpm.models.Project(959664825127000)): 135
10:24:08.546 [main] DEBUG org.hibernate.orm.results.loading.org.hibernate.orm.results.loading.collection - (DelayedCollectionInitializer) Current row collection key : org.frcpm.models.Project(959664825127000).meetings#135
10:24:08.546 [main] DEBUG org.hibernate.orm.results.loading.org.hibernate.orm.results.loading.collection - (DelayedCollectionInitializer) Current row collection key : org.frcpm.models.Project(959664825127000).milestones#135
10:24:08.546 [main] DEBUG org.hibernate.orm.results.loading.org.hibernate.orm.results.loading.collection - (DelayedCollectionInitializer) Current row collection key : org.frcpm.models.Project(959664825127000).tasks#135
10:24:08.546 [main] DEBUG org.hibernate.orm.results.loading.entity - (EntityResultInitializer) Created new entity instance [org.frcpm.models.Project(959664825127000)#135] : 11530087
10:24:08.546 [main] DEBUG org.hibernate.orm.results - Extracted JDBC value [1] - [null]
10:24:08.546 [main] DEBUG org.hibernate.orm.results - Extracted JDBC value [2] - [2025-05-23]
10:24:08.546 [main] DEBUG org.hibernate.orm.results - Extracted JDBC value [3] - [2025-06-06]
10:24:08.546 [main] DEBUG org.hibernate.orm.results - Extracted JDBC value [4] - [Test Create Service Project]
10:24:08.546 [main] DEBUG org.hibernate.orm.results - Extracted JDBC value [5] - [2025-04-25]
10:24:08.546 [main] DEBUG org.hibernate.orm.results.loading.entity - (EntityResultInitializer) Done materializing entityInstance : org.frcpm.models.Project(959664825127000)#135
10:24:08.546 [main] DEBUG org.hibernate.orm.results.loading - Calling top-level assembler (0 / 1) : org.hibernate.sql.results.graph.entity.internal.EntityAssembler@76fc0fa
10:24:08.546 [main] DEBUG org.hibernate.orm.results - Extracted JDBC value [0] - [142]
10:24:08.546 [main] DEBUG org.hibernate.orm.results.loading.entity - (EntityResultInitializer) Hydrated EntityKey (org.frcpm.models.Project(959664825127000)): 142
10:24:08.546 [main] DEBUG org.hibernate.orm.results.loading.org.hibernate.orm.results.loading.collection - (DelayedCollectionInitializer) Current row collection key : org.frcpm.models.Project(959664825127000).meetings#142
10:24:08.546 [main] DEBUG org.hibernate.orm.results.loading.org.hibernate.orm.results.loading.collection - (DelayedCollectionInitializer) Current row collection key : org.frcpm.models.Project(959664825127000).milestones#142
10:24:08.546 [main] DEBUG org.hibernate.orm.results.loading.org.hibernate.orm.results.loading.collection - (DelayedCollectionInitializer) Current row collection key : org.frcpm.models.Project(959664825127000).tasks#142
10:24:08.546 [main] DEBUG org.hibernate.orm.results.loading.entity - (EntityResultInitializer) Created new entity instance [org.frcpm.models.Project(959664825127000)#142] : 137156237
10:24:08.546 [main] DEBUG org.hibernate.orm.results - Extracted JDBC value [1] - [Updated description]
10:24:08.546 [main] DEBUG org.hibernate.orm.results - Extracted JDBC value [2] - [2025-05-23]
10:24:08.546 [main] DEBUG org.hibernate.orm.results - Extracted JDBC value [3] - [2025-06-06]
10:24:08.546 [main] DEBUG org.hibernate.orm.results - Extracted JDBC value [4] - [Updated Service Project Name]
10:24:08.546 [main] DEBUG org.hibernate.orm.results - Extracted JDBC value [5] - [2025-04-25]
10:24:08.546 [main] DEBUG org.hibernate.orm.results.loading.entity - (EntityResultInitializer) Done materializing entityInstance : org.frcpm.models.Project(959664825127000)#142
10:24:08.546 [main] DEBUG org.hibernate.orm.results.loading - Calling top-level assembler (0 / 1) : org.hibernate.sql.results.graph.entity.internal.EntityAssembler@76fc0fa
10:24:08.546 [main] DEBUG org.hibernate.orm.results - Extracted JDBC value [0] - [148]
10:24:08.546 [main] DEBUG org.hibernate.orm.results.loading.entity - (EntityResultInitializer) Hydrated EntityKey (org.frcpm.models.Project(959664825127000)): 148
10:24:08.546 [main] DEBUG org.hibernate.orm.results.loading.org.hibernate.orm.results.loading.collection - (DelayedCollectionInitializer) Current row collection key : org.frcpm.models.Project(959664825127000).meetings#148
10:24:08.546 [main] DEBUG org.hibernate.orm.results.loading.org.hibernate.orm.results.loading.collection - (DelayedCollectionInitializer) Current row collection key : org.frcpm.models.Project(959664825127000).milestones#148
10:24:08.546 [main] DEBUG org.hibernate.orm.results.loading.org.hibernate.orm.results.loading.collection - (DelayedCollectionInitializer) Current row collection key : org.frcpm.models.Project(959664825127000).tasks#148
10:24:08.546 [main] DEBUG org.hibernate.orm.results.loading.entity - (EntityResultInitializer) Created new entity instance [org.frcpm.models.Project(959664825127000)#148] : 1442683106
10:24:08.547 [main] DEBUG org.hibernate.orm.results - Extracted JDBC value [1] - [null]
10:24:08.547 [main] DEBUG org.hibernate.orm.results - Extracted JDBC value [2] - [2025-05-23]
10:24:08.547 [main] DEBUG org.hibernate.orm.results - Extracted JDBC value [3] - [2025-06-06]
10:24:08.547 [main] DEBUG org.hibernate.orm.results - Extracted JDBC value [4] - [Test Summary Project]
10:24:08.547 [main] DEBUG org.hibernate.orm.results - Extracted JDBC value [5] - [2025-04-25]
10:24:08.547 [main] DEBUG org.hibernate.orm.results.loading.entity - (EntityResultInitializer) Done materializing entityInstance : org.frcpm.models.Project(959664825127000)#148
10:24:08.547 [main] DEBUG org.hibernate.orm.results.loading - Calling top-level assembler (0 / 1) : org.hibernate.sql.results.graph.entity.internal.EntityAssembler@76fc0fa
10:24:08.547 [main] DEBUG org.hibernate.resource.jdbc.internal.LogicalConnectionManagedImpl - Initiating JDBC connection release from afterTransaction
10:24:08.547 [main] DEBUG org.hibernate.resource.jdbc.internal.LogicalConnectionManagedImpl - Initiating JDBC connection release from afterTransaction
]]></system-out>
    <system-err><![CDATA[Apr 25, 2025 10:24:08 AM org.frcpm.controllers.ProjectController setupBindings
WARNING: UI components not initialized - likely in test environment
]]></system-err>
  </testcase>
  <testcase name="testShowErrorAlert" classname="org.frcpm.controllers.ProjectControllerTest" time="0.022">
    <system-out><![CDATA[10:24:08.558 [main] DEBUG org.hibernate.orm.sql.ast.create - Created new SQL alias : p1_0
10:24:08.558 [main] DEBUG org.hibernate.orm.sql.ast.create - Registration of TableGroup [StandardTableGroup(org.frcpm.models.Project(959664844373800))] with identifierForTableGroup [org.frcpm.models.Project] for NavigablePath [org.frcpm.models.Project] 
10:24:08.558 [main] DEBUG org.hibernate.orm.results.graph.AST - DomainResult Graph:
 \-EntityResultImpl [org.frcpm.models.Project(959664844373800)]
 |  +-BasicFetch [org.frcpm.models.Project(959664844373800).description]
 |  +-BasicFetch [org.frcpm.models.Project(959664844373800).goalEndDate]
 |  +-BasicFetch [org.frcpm.models.Project(959664844373800).hardDeadline]
 |  +-DelayedCollectionFetch [org.frcpm.models.Project(959664844373800).meetings]
 |  +-DelayedCollectionFetch [org.frcpm.models.Project(959664844373800).milestones]
 |  +-BasicFetch [org.frcpm.models.Project(959664844373800).name]
 |  +-BasicFetch [org.frcpm.models.Project(959664844373800).startDate]
 |  \-DelayedCollectionFetch [org.frcpm.models.Project(959664844373800).tasks]

10:24:08.558 [main] DEBUG org.hibernate.orm.sql.ast.tree - SQL AST Tree:
    SelectStatement {
      FromClause {
        StandardTableGroup (p1 : org.frcpm.models.Project(959664844373800)) {
          primaryTableReference : projects as p1_0
        }
      }
    }

10:24:08.558 [main] DEBUG org.hibernate.orm.sql.exec - Skipping reading Query result cache data: cache-enabled = false, cache-mode = NORMAL
10:24:08.558 [main] DEBUG org.hibernate.orm.results - Initializer list:
	  org.frcpm.models.Project(959664844373800).milestones -> DelayedCollectionInitializer(org.frcpm.models.Project(959664844373800).milestones)@1684644030 (PluralAttribute(org.frcpm.models.Project.milestones))
	  org.frcpm.models.Project(959664844373800).meetings -> DelayedCollectionInitializer(org.frcpm.models.Project(959664844373800).meetings)@139658509 (PluralAttribute(org.frcpm.models.Project.meetings))
	  org.frcpm.models.Project(959664844373800) -> EntityResultInitializer(org.frcpm.models.Project(959664844373800))@373130203 (SingleTableEntityPersister(org.frcpm.models.Project))
	  org.frcpm.models.Project(959664844373800).tasks -> DelayedCollectionInitializer(org.frcpm.models.Project(959664844373800).tasks)@746640096 (PluralAttribute(org.frcpm.models.Project.tasks))

10:24:08.558 [main] DEBUG org.hibernate.SQL - select p1_0.id,p1_0.description,p1_0.goal_end_date,p1_0.hard_deadline,p1_0.name,p1_0.start_date from projects p1_0
10:24:08.559 [main] DEBUG org.hibernate.orm.results - Extracted JDBC value [0] - [1]
10:24:08.559 [main] DEBUG org.hibernate.orm.results.loading.entity - (EntityResultInitializer) Hydrated EntityKey (org.frcpm.models.Project(959664844373800)): 1
10:24:08.559 [main] DEBUG org.hibernate.orm.results.loading.org.hibernate.orm.results.loading.collection - (DelayedCollectionInitializer) Current row collection key : org.frcpm.models.Project(959664844373800).meetings#1
10:24:08.559 [main] DEBUG org.hibernate.orm.results.loading.org.hibernate.orm.results.loading.collection - (DelayedCollectionInitializer) Current row collection key : org.frcpm.models.Project(959664844373800).milestones#1
10:24:08.559 [main] DEBUG org.hibernate.orm.results.loading.org.hibernate.orm.results.loading.collection - (DelayedCollectionInitializer) Current row collection key : org.frcpm.models.Project(959664844373800).tasks#1
10:24:08.559 [main] DEBUG org.hibernate.orm.results.loading.entity - (EntityResultInitializer) Created new entity instance [org.frcpm.models.Project(959664844373800)#1] : 1870108531
10:24:08.559 [main] DEBUG org.hibernate.orm.results - Extracted JDBC value [1] - [Competition robot for the 2025 FIRST Robotics Competition]
10:24:08.559 [main] DEBUG org.hibernate.orm.results - Extracted JDBC value [2] - [2025-06-12]
10:24:08.559 [main] DEBUG org.hibernate.orm.results - Extracted JDBC value [3] - [2025-06-26]
10:24:08.559 [main] DEBUG org.hibernate.orm.results - Extracted JDBC value [4] - [FRC 2025 Robot]
10:24:08.559 [main] DEBUG org.hibernate.orm.results - Extracted JDBC value [5] - [2025-05-01]
10:24:08.560 [main] DEBUG org.hibernate.orm.results.loading.entity - (EntityResultInitializer) Done materializing entityInstance : org.frcpm.models.Project(959664844373800)#1
10:24:08.560 [main] DEBUG org.hibernate.orm.results.loading - Calling top-level assembler (0 / 1) : org.hibernate.sql.results.graph.entity.internal.EntityAssembler@5e4003b0
10:24:08.560 [main] DEBUG org.hibernate.orm.results - Extracted JDBC value [0] - [51]
10:24:08.560 [main] DEBUG org.hibernate.orm.results.loading.entity - (EntityResultInitializer) Hydrated EntityKey (org.frcpm.models.Project(959664844373800)): 51
10:24:08.560 [main] DEBUG org.hibernate.orm.results.loading.org.hibernate.orm.results.loading.collection - (DelayedCollectionInitializer) Current row collection key : org.frcpm.models.Project(959664844373800).meetings#51
10:24:08.560 [main] DEBUG org.hibernate.orm.results.loading.org.hibernate.orm.results.loading.collection - (DelayedCollectionInitializer) Current row collection key : org.frcpm.models.Project(959664844373800).milestones#51
10:24:08.560 [main] DEBUG org.hibernate.orm.results.loading.org.hibernate.orm.results.loading.collection - (DelayedCollectionInitializer) Current row collection key : org.frcpm.models.Project(959664844373800).tasks#51
10:24:08.560 [main] DEBUG org.hibernate.orm.results.loading.entity - (EntityResultInitializer) Created new entity instance [org.frcpm.models.Project(959664844373800)#51] : 1239423216
10:24:08.560 [main] DEBUG org.hibernate.orm.results - Extracted JDBC value [1] - [null]
10:24:08.560 [main] DEBUG org.hibernate.orm.results - Extracted JDBC value [2] - [2025-05-23]
10:24:08.560 [main] DEBUG org.hibernate.orm.results - Extracted JDBC value [3] - [2025-06-06]
10:24:08.560 [main] DEBUG org.hibernate.orm.results - Extracted JDBC value [4] - [Test Count Project]
10:24:08.560 [main] DEBUG org.hibernate.orm.results - Extracted JDBC value [5] - [2025-04-25]
10:24:08.560 [main] DEBUG org.hibernate.orm.results.loading.entity - (EntityResultInitializer) Done materializing entityInstance : org.frcpm.models.Project(959664844373800)#51
10:24:08.560 [main] DEBUG org.hibernate.orm.results.loading - Calling top-level assembler (0 / 1) : org.hibernate.sql.results.graph.entity.internal.EntityAssembler@5e4003b0
10:24:08.560 [main] DEBUG org.hibernate.orm.results - Extracted JDBC value [0] - [54]
10:24:08.560 [main] DEBUG org.hibernate.orm.results.loading.entity - (EntityResultInitializer) Hydrated EntityKey (org.frcpm.models.Project(959664844373800)): 54
10:24:08.560 [main] DEBUG org.hibernate.orm.results.loading.org.hibernate.orm.results.loading.collection - (DelayedCollectionInitializer) Current row collection key : org.frcpm.models.Project(959664844373800).meetings#54
10:24:08.560 [main] DEBUG org.hibernate.orm.results.loading.org.hibernate.orm.results.loading.collection - (DelayedCollectionInitializer) Current row collection key : org.frcpm.models.Project(959664844373800).milestones#54
10:24:08.560 [main] DEBUG org.hibernate.orm.results.loading.org.hibernate.orm.results.loading.collection - (DelayedCollectionInitializer) Current row collection key : org.frcpm.models.Project(959664844373800).tasks#54
10:24:08.560 [main] DEBUG org.hibernate.orm.results.loading.entity - (EntityResultInitializer) Created new entity instance [org.frcpm.models.Project(959664844373800)#54] : 207508373
10:24:08.560 [main] DEBUG org.hibernate.orm.results - Extracted JDBC value [1] - [Test save description]
10:24:08.560 [main] DEBUG org.hibernate.orm.results - Extracted JDBC value [2] - [2025-05-23]
10:24:08.560 [main] DEBUG org.hibernate.orm.results - Extracted JDBC value [3] - [2025-06-06]
10:24:08.560 [main] DEBUG org.hibernate.orm.results - Extracted JDBC value [4] - [Test Save Project]
10:24:08.560 [main] DEBUG org.hibernate.orm.results - Extracted JDBC value [5] - [2025-04-25]
10:24:08.561 [main] DEBUG org.hibernate.orm.results.loading.entity - (EntityResultInitializer) Done materializing entityInstance : org.frcpm.models.Project(959664844373800)#54
10:24:08.561 [main] DEBUG org.hibernate.orm.results.loading - Calling top-level assembler (0 / 1) : org.hibernate.sql.results.graph.entity.internal.EntityAssembler@5e4003b0
10:24:08.561 [main] DEBUG org.hibernate.orm.results - Extracted JDBC value [0] - [69]
10:24:08.561 [main] DEBUG org.hibernate.orm.results.loading.entity - (EntityResultInitializer) Hydrated EntityKey (org.frcpm.models.Project(959664844373800)): 69
10:24:08.561 [main] DEBUG org.hibernate.orm.results.loading.org.hibernate.orm.results.loading.collection - (DelayedCollectionInitializer) Current row collection key : org.frcpm.models.Project(959664844373800).meetings#69
10:24:08.561 [main] DEBUG org.hibernate.orm.results.loading.org.hibernate.orm.results.loading.collection - (DelayedCollectionInitializer) Current row collection key : org.frcpm.models.Project(959664844373800).milestones#69
10:24:08.561 [main] DEBUG org.hibernate.orm.results.loading.org.hibernate.orm.results.loading.collection - (DelayedCollectionInitializer) Current row collection key : org.frcpm.models.Project(959664844373800).tasks#69
10:24:08.561 [main] DEBUG org.hibernate.orm.results.loading.entity - (EntityResultInitializer) Created new entity instance [org.frcpm.models.Project(959664844373800)#69] : 2061186696
10:24:08.561 [main] DEBUG org.hibernate.orm.results - Extracted JDBC value [1] - [null]
10:24:08.561 [main] DEBUG org.hibernate.orm.results - Extracted JDBC value [2] - [2025-05-23]
10:24:08.561 [main] DEBUG org.hibernate.orm.results - Extracted JDBC value [3] - [2025-06-06]
10:24:08.561 [main] DEBUG org.hibernate.orm.results - Extracted JDBC value [4] - [Updated Project Name]
10:24:08.561 [main] DEBUG org.hibernate.orm.results - Extracted JDBC value [5] - [2025-04-25]
10:24:08.561 [main] DEBUG org.hibernate.orm.results.loading.entity - (EntityResultInitializer) Done materializing entityInstance : org.frcpm.models.Project(959664844373800)#69
10:24:08.561 [main] DEBUG org.hibernate.orm.results.loading - Calling top-level assembler (0 / 1) : org.hibernate.sql.results.graph.entity.internal.EntityAssembler@5e4003b0
10:24:08.561 [main] DEBUG org.hibernate.orm.results - Extracted JDBC value [0] - [70]
10:24:08.561 [main] DEBUG org.hibernate.orm.results.loading.entity - (EntityResultInitializer) Hydrated EntityKey (org.frcpm.models.Project(959664844373800)): 70
10:24:08.561 [main] DEBUG org.hibernate.orm.results.loading.org.hibernate.orm.results.loading.collection - (DelayedCollectionInitializer) Current row collection key : org.frcpm.models.Project(959664844373800).meetings#70
10:24:08.561 [main] DEBUG org.hibernate.orm.results.loading.org.hibernate.orm.results.loading.collection - (DelayedCollectionInitializer) Current row collection key : org.frcpm.models.Project(959664844373800).milestones#70
10:24:08.561 [main] DEBUG org.hibernate.orm.results.loading.org.hibernate.orm.results.loading.collection - (DelayedCollectionInitializer) Current row collection key : org.frcpm.models.Project(959664844373800).tasks#70
10:24:08.561 [main] DEBUG org.hibernate.orm.results.loading.entity - (EntityResultInitializer) Created new entity instance [org.frcpm.models.Project(959664844373800)#70] : 777193551
10:24:08.561 [main] DEBUG org.hibernate.orm.results - Extracted JDBC value [1] - [null]
10:24:08.561 [main] DEBUG org.hibernate.orm.results - Extracted JDBC value [2] - [2025-06-06]
10:24:08.561 [main] DEBUG org.hibernate.orm.results - Extracted JDBC value [3] - [2025-06-20]
10:24:08.561 [main] DEBUG org.hibernate.orm.results - Extracted JDBC value [4] - [Test Task Project]
10:24:08.561 [main] DEBUG org.hibernate.orm.results - Extracted JDBC value [5] - [2025-04-25]
10:24:08.561 [main] DEBUG org.hibernate.orm.results.loading.entity - (EntityResultInitializer) Done materializing entityInstance : org.frcpm.models.Project(959664844373800)#70
10:24:08.561 [main] DEBUG org.hibernate.orm.results.loading - Calling top-level assembler (0 / 1) : org.hibernate.sql.results.graph.entity.internal.EntityAssembler@5e4003b0
10:24:08.561 [main] DEBUG org.hibernate.orm.results - Extracted JDBC value [0] - [71]
10:24:08.561 [main] DEBUG org.hibernate.orm.results.loading.entity - (EntityResultInitializer) Hydrated EntityKey (org.frcpm.models.Project(959664844373800)): 71
10:24:08.561 [main] DEBUG org.hibernate.orm.results.loading.org.hibernate.orm.results.loading.collection - (DelayedCollectionInitializer) Current row collection key : org.frcpm.models.Project(959664844373800).meetings#71
10:24:08.561 [main] DEBUG org.hibernate.orm.results.loading.org.hibernate.orm.results.loading.collection - (DelayedCollectionInitializer) Current row collection key : org.frcpm.models.Project(959664844373800).milestones#71
10:24:08.561 [main] DEBUG org.hibernate.orm.results.loading.org.hibernate.orm.results.loading.collection - (DelayedCollectionInitializer) Current row collection key : org.frcpm.models.Project(959664844373800).tasks#71
10:24:08.561 [main] DEBUG org.hibernate.orm.results.loading.entity - (EntityResultInitializer) Created new entity instance [org.frcpm.models.Project(959664844373800)#71] : 586689752
10:24:08.561 [main] DEBUG org.hibernate.orm.results - Extracted JDBC value [1] - [null]
10:24:08.561 [main] DEBUG org.hibernate.orm.results - Extracted JDBC value [2] - [2025-06-06]
10:24:08.561 [main] DEBUG org.hibernate.orm.results - Extracted JDBC value [3] - [2025-06-20]
10:24:08.561 [main] DEBUG org.hibernate.orm.results - Extracted JDBC value [4] - [Test Task Project]
10:24:08.561 [main] DEBUG org.hibernate.orm.results - Extracted JDBC value [5] - [2025-04-25]
10:24:08.561 [main] DEBUG org.hibernate.orm.results.loading.entity - (EntityResultInitializer) Done materializing entityInstance : org.frcpm.models.Project(959664844373800)#71
10:24:08.561 [main] DEBUG org.hibernate.orm.results.loading - Calling top-level assembler (0 / 1) : org.hibernate.sql.results.graph.entity.internal.EntityAssembler@5e4003b0
10:24:08.561 [main] DEBUG org.hibernate.orm.results - Extracted JDBC value [0] - [72]
10:24:08.561 [main] DEBUG org.hibernate.orm.results.loading.entity - (EntityResultInitializer) Hydrated EntityKey (org.frcpm.models.Project(959664844373800)): 72
10:24:08.561 [main] DEBUG org.hibernate.orm.results.loading.org.hibernate.orm.results.loading.collection - (DelayedCollectionInitializer) Current row collection key : org.frcpm.models.Project(959664844373800).meetings#72
10:24:08.561 [main] DEBUG org.hibernate.orm.results.loading.org.hibernate.orm.results.loading.collection - (DelayedCollectionInitializer) Current row collection key : org.frcpm.models.Project(959664844373800).milestones#72
10:24:08.561 [main] DEBUG org.hibernate.orm.results.loading.org.hibernate.orm.results.loading.collection - (DelayedCollectionInitializer) Current row collection key : org.frcpm.models.Project(959664844373800).tasks#72
10:24:08.561 [main] DEBUG org.hibernate.orm.results.loading.entity - (EntityResultInitializer) Created new entity instance [org.frcpm.models.Project(959664844373800)#72] : 637700007
10:24:08.562 [main] DEBUG org.hibernate.orm.results - Extracted JDBC value [1] - [null]
10:24:08.562 [main] DEBUG org.hibernate.orm.results - Extracted JDBC value [2] - [2025-06-06]
10:24:08.562 [main] DEBUG org.hibernate.orm.results - Extracted JDBC value [3] - [2025-06-20]
10:24:08.562 [main] DEBUG org.hibernate.orm.results - Extracted JDBC value [4] - [Test Task Project]
10:24:08.562 [main] DEBUG org.hibernate.orm.results - Extracted JDBC value [5] - [2025-04-25]
10:24:08.562 [main] DEBUG org.hibernate.orm.results.loading.entity - (EntityResultInitializer) Done materializing entityInstance : org.frcpm.models.Project(959664844373800)#72
10:24:08.562 [main] DEBUG org.hibernate.orm.results.loading - Calling top-level assembler (0 / 1) : org.hibernate.sql.results.graph.entity.internal.EntityAssembler@5e4003b0
10:24:08.562 [main] DEBUG org.hibernate.orm.results - Extracted JDBC value [0] - [73]
10:24:08.562 [main] DEBUG org.hibernate.orm.results.loading.entity - (EntityResultInitializer) Hydrated EntityKey (org.frcpm.models.Project(959664844373800)): 73
10:24:08.562 [main] DEBUG org.hibernate.orm.results.loading.org.hibernate.orm.results.loading.collection - (DelayedCollectionInitializer) Current row collection key : org.frcpm.models.Project(959664844373800).meetings#73
10:24:08.562 [main] DEBUG org.hibernate.orm.results.loading.org.hibernate.orm.results.loading.collection - (DelayedCollectionInitializer) Current row collection key : org.frcpm.models.Project(959664844373800).milestones#73
10:24:08.562 [main] DEBUG org.hibernate.orm.results.loading.org.hibernate.orm.results.loading.collection - (DelayedCollectionInitializer) Current row collection key : org.frcpm.models.Project(959664844373800).tasks#73
10:24:08.562 [main] DEBUG org.hibernate.orm.results.loading.entity - (EntityResultInitializer) Created new entity instance [org.frcpm.models.Project(959664844373800)#73] : 590136181
10:24:08.562 [main] DEBUG org.hibernate.orm.results - Extracted JDBC value [1] - [null]
10:24:08.562 [main] DEBUG org.hibernate.orm.results - Extracted JDBC value [2] - [2025-06-06]
10:24:08.562 [main] DEBUG org.hibernate.orm.results - Extracted JDBC value [3] - [2025-06-20]
10:24:08.562 [main] DEBUG org.hibernate.orm.results - Extracted JDBC value [4] - [Test Task Project]
10:24:08.562 [main] DEBUG org.hibernate.orm.results - Extracted JDBC value [5] - [2025-04-25]
10:24:08.562 [main] DEBUG org.hibernate.orm.results.loading.entity - (EntityResultInitializer) Done materializing entityInstance : org.frcpm.models.Project(959664844373800)#73
10:24:08.562 [main] DEBUG org.hibernate.orm.results.loading - Calling top-level assembler (0 / 1) : org.hibernate.sql.results.graph.entity.internal.EntityAssembler@5e4003b0
10:24:08.562 [main] DEBUG org.hibernate.orm.results - Extracted JDBC value [0] - [74]
10:24:08.562 [main] DEBUG org.hibernate.orm.results.loading.entity - (EntityResultInitializer) Hydrated EntityKey (org.frcpm.models.Project(959664844373800)): 74
10:24:08.562 [main] DEBUG org.hibernate.orm.results.loading.org.hibernate.orm.results.loading.collection - (DelayedCollectionInitializer) Current row collection key : org.frcpm.models.Project(959664844373800).meetings#74
10:24:08.562 [main] DEBUG org.hibernate.orm.results.loading.org.hibernate.orm.results.loading.collection - (DelayedCollectionInitializer) Current row collection key : org.frcpm.models.Project(959664844373800).milestones#74
10:24:08.562 [main] DEBUG org.hibernate.orm.results.loading.org.hibernate.orm.results.loading.collection - (DelayedCollectionInitializer) Current row collection key : org.frcpm.models.Project(959664844373800).tasks#74
10:24:08.562 [main] DEBUG org.hibernate.orm.results.loading.entity - (EntityResultInitializer) Created new entity instance [org.frcpm.models.Project(959664844373800)#74] : 898973585
10:24:08.562 [main] DEBUG org.hibernate.orm.results - Extracted JDBC value [1] - [null]
10:24:08.562 [main] DEBUG org.hibernate.orm.results - Extracted JDBC value [2] - [2025-06-06]
10:24:08.562 [main] DEBUG org.hibernate.orm.results - Extracted JDBC value [3] - [2025-06-20]
10:24:08.562 [main] DEBUG org.hibernate.orm.results - Extracted JDBC value [4] - [Test Task Project]
10:24:08.562 [main] DEBUG org.hibernate.orm.results - Extracted JDBC value [5] - [2025-04-25]
10:24:08.562 [main] DEBUG org.hibernate.orm.results.loading.entity - (EntityResultInitializer) Done materializing entityInstance : org.frcpm.models.Project(959664844373800)#74
10:24:08.562 [main] DEBUG org.hibernate.orm.results.loading - Calling top-level assembler (0 / 1) : org.hibernate.sql.results.graph.entity.internal.EntityAssembler@5e4003b0
10:24:08.562 [main] DEBUG org.hibernate.orm.results - Extracted JDBC value [0] - [75]
10:24:08.562 [main] DEBUG org.hibernate.orm.results.loading.entity - (EntityResultInitializer) Hydrated EntityKey (org.frcpm.models.Project(959664844373800)): 75
10:24:08.562 [main] DEBUG org.hibernate.orm.results.loading.org.hibernate.orm.results.loading.collection - (DelayedCollectionInitializer) Current row collection key : org.frcpm.models.Project(959664844373800).meetings#75
10:24:08.562 [main] DEBUG org.hibernate.orm.results.loading.org.hibernate.orm.results.loading.collection - (DelayedCollectionInitializer) Current row collection key : org.frcpm.models.Project(959664844373800).milestones#75
10:24:08.562 [main] DEBUG org.hibernate.orm.results.loading.org.hibernate.orm.results.loading.collection - (DelayedCollectionInitializer) Current row collection key : org.frcpm.models.Project(959664844373800).tasks#75
10:24:08.562 [main] DEBUG org.hibernate.orm.results.loading.entity - (EntityResultInitializer) Created new entity instance [org.frcpm.models.Project(959664844373800)#75] : 15255923
10:24:08.562 [main] DEBUG org.hibernate.orm.results - Extracted JDBC value [1] - [null]
10:24:08.562 [main] DEBUG org.hibernate.orm.results - Extracted JDBC value [2] - [2025-06-06]
10:24:08.562 [main] DEBUG org.hibernate.orm.results - Extracted JDBC value [3] - [2025-06-20]
10:24:08.562 [main] DEBUG org.hibernate.orm.results - Extracted JDBC value [4] - [Test Task Project]
10:24:08.562 [main] DEBUG org.hibernate.orm.results - Extracted JDBC value [5] - [2025-04-25]
10:24:08.562 [main] DEBUG org.hibernate.orm.results.loading.entity - (EntityResultInitializer) Done materializing entityInstance : org.frcpm.models.Project(959664844373800)#75
10:24:08.562 [main] DEBUG org.hibernate.orm.results.loading - Calling top-level assembler (0 / 1) : org.hibernate.sql.results.graph.entity.internal.EntityAssembler@5e4003b0
10:24:08.562 [main] DEBUG org.hibernate.orm.results - Extracted JDBC value [0] - [76]
10:24:08.562 [main] DEBUG org.hibernate.orm.results.loading.entity - (EntityResultInitializer) Hydrated EntityKey (org.frcpm.models.Project(959664844373800)): 76
10:24:08.562 [main] DEBUG org.hibernate.orm.results.loading.org.hibernate.orm.results.loading.collection - (DelayedCollectionInitializer) Current row collection key : org.frcpm.models.Project(959664844373800).meetings#76
10:24:08.562 [main] DEBUG org.hibernate.orm.results.loading.org.hibernate.orm.results.loading.collection - (DelayedCollectionInitializer) Current row collection key : org.frcpm.models.Project(959664844373800).milestones#76
10:24:08.562 [main] DEBUG org.hibernate.orm.results.loading.org.hibernate.orm.results.loading.collection - (DelayedCollectionInitializer) Current row collection key : org.frcpm.models.Project(959664844373800).tasks#76
10:24:08.562 [main] DEBUG org.hibernate.orm.results.loading.entity - (EntityResultInitializer) Created new entity instance [org.frcpm.models.Project(959664844373800)#76] : 2103311527
10:24:08.562 [main] DEBUG org.hibernate.orm.results - Extracted JDBC value [1] - [null]
10:24:08.562 [main] DEBUG org.hibernate.orm.results - Extracted JDBC value [2] - [2025-06-06]
10:24:08.562 [main] DEBUG org.hibernate.orm.results - Extracted JDBC value [3] - [2025-06-20]
10:24:08.562 [main] DEBUG org.hibernate.orm.results - Extracted JDBC value [4] - [Test Task Project]
10:24:08.562 [main] DEBUG org.hibernate.orm.results - Extracted JDBC value [5] - [2025-04-25]
10:24:08.562 [main] DEBUG org.hibernate.orm.results.loading.entity - (EntityResultInitializer) Done materializing entityInstance : org.frcpm.models.Project(959664844373800)#76
10:24:08.562 [main] DEBUG org.hibernate.orm.results.loading - Calling top-level assembler (0 / 1) : org.hibernate.sql.results.graph.entity.internal.EntityAssembler@5e4003b0
10:24:08.562 [main] DEBUG org.hibernate.orm.results - Extracted JDBC value [0] - [77]
10:24:08.562 [main] DEBUG org.hibernate.orm.results.loading.entity - (EntityResultInitializer) Hydrated EntityKey (org.frcpm.models.Project(959664844373800)): 77
10:24:08.563 [main] DEBUG org.hibernate.orm.results.loading.org.hibernate.orm.results.loading.collection - (DelayedCollectionInitializer) Current row collection key : org.frcpm.models.Project(959664844373800).meetings#77
10:24:08.563 [main] DEBUG org.hibernate.orm.results.loading.org.hibernate.orm.results.loading.collection - (DelayedCollectionInitializer) Current row collection key : org.frcpm.models.Project(959664844373800).milestones#77
10:24:08.563 [main] DEBUG org.hibernate.orm.results.loading.org.hibernate.orm.results.loading.collection - (DelayedCollectionInitializer) Current row collection key : org.frcpm.models.Project(959664844373800).tasks#77
10:24:08.563 [main] DEBUG org.hibernate.orm.results.loading.entity - (EntityResultInitializer) Created new entity instance [org.frcpm.models.Project(959664844373800)#77] : 938713504
10:24:08.563 [main] DEBUG org.hibernate.orm.results - Extracted JDBC value [1] - [null]
10:24:08.563 [main] DEBUG org.hibernate.orm.results - Extracted JDBC value [2] - [2025-06-06]
10:24:08.563 [main] DEBUG org.hibernate.orm.results - Extracted JDBC value [3] - [2025-06-20]
10:24:08.563 [main] DEBUG org.hibernate.orm.results - Extracted JDBC value [4] - [Test Task Project]
10:24:08.563 [main] DEBUG org.hibernate.orm.results - Extracted JDBC value [5] - [2025-04-25]
10:24:08.563 [main] DEBUG org.hibernate.orm.results.loading.entity - (EntityResultInitializer) Done materializing entityInstance : org.frcpm.models.Project(959664844373800)#77
10:24:08.563 [main] DEBUG org.hibernate.orm.results.loading - Calling top-level assembler (0 / 1) : org.hibernate.sql.results.graph.entity.internal.EntityAssembler@5e4003b0
10:24:08.563 [main] DEBUG org.hibernate.orm.results - Extracted JDBC value [0] - [78]
10:24:08.563 [main] DEBUG org.hibernate.orm.results.loading.entity - (EntityResultInitializer) Hydrated EntityKey (org.frcpm.models.Project(959664844373800)): 78
10:24:08.563 [main] DEBUG org.hibernate.orm.results.loading.org.hibernate.orm.results.loading.collection - (DelayedCollectionInitializer) Current row collection key : org.frcpm.models.Project(959664844373800).meetings#78
10:24:08.563 [main] DEBUG org.hibernate.orm.results.loading.org.hibernate.orm.results.loading.collection - (DelayedCollectionInitializer) Current row collection key : org.frcpm.models.Project(959664844373800).milestones#78
10:24:08.563 [main] DEBUG org.hibernate.orm.results.loading.org.hibernate.orm.results.loading.collection - (DelayedCollectionInitializer) Current row collection key : org.frcpm.models.Project(959664844373800).tasks#78
10:24:08.563 [main] DEBUG org.hibernate.orm.results.loading.entity - (EntityResultInitializer) Created new entity instance [org.frcpm.models.Project(959664844373800)#78] : 1580792745
10:24:08.563 [main] DEBUG org.hibernate.orm.results - Extracted JDBC value [1] - [null]
10:24:08.563 [main] DEBUG org.hibernate.orm.results - Extracted JDBC value [2] - [2025-06-06]
10:24:08.563 [main] DEBUG org.hibernate.orm.results - Extracted JDBC value [3] - [2025-06-20]
10:24:08.563 [main] DEBUG org.hibernate.orm.results - Extracted JDBC value [4] - [Test Task Project]
10:24:08.563 [main] DEBUG org.hibernate.orm.results - Extracted JDBC value [5] - [2025-04-25]
10:24:08.563 [main] DEBUG org.hibernate.orm.results.loading.entity - (EntityResultInitializer) Done materializing entityInstance : org.frcpm.models.Project(959664844373800)#78
10:24:08.563 [main] DEBUG org.hibernate.orm.results.loading - Calling top-level assembler (0 / 1) : org.hibernate.sql.results.graph.entity.internal.EntityAssembler@5e4003b0
10:24:08.563 [main] DEBUG org.hibernate.orm.results - Extracted JDBC value [0] - [79]
10:24:08.563 [main] DEBUG org.hibernate.orm.results.loading.entity - (EntityResultInitializer) Hydrated EntityKey (org.frcpm.models.Project(959664844373800)): 79
10:24:08.563 [main] DEBUG org.hibernate.orm.results.loading.org.hibernate.orm.results.loading.collection - (DelayedCollectionInitializer) Current row collection key : org.frcpm.models.Project(959664844373800).meetings#79
10:24:08.563 [main] DEBUG org.hibernate.orm.results.loading.org.hibernate.orm.results.loading.collection - (DelayedCollectionInitializer) Current row collection key : org.frcpm.models.Project(959664844373800).milestones#79
10:24:08.563 [main] DEBUG org.hibernate.orm.results.loading.org.hibernate.orm.results.loading.collection - (DelayedCollectionInitializer) Current row collection key : org.frcpm.models.Project(959664844373800).tasks#79
10:24:08.563 [main] DEBUG org.hibernate.orm.results.loading.entity - (EntityResultInitializer) Created new entity instance [org.frcpm.models.Project(959664844373800)#79] : 118284186
10:24:08.563 [main] DEBUG org.hibernate.orm.results - Extracted JDBC value [1] - [null]
10:24:08.563 [main] DEBUG org.hibernate.orm.results - Extracted JDBC value [2] - [2025-06-06]
10:24:08.563 [main] DEBUG org.hibernate.orm.results - Extracted JDBC value [3] - [2025-06-20]
10:24:08.563 [main] DEBUG org.hibernate.orm.results - Extracted JDBC value [4] - [Test Task Project]
10:24:08.563 [main] DEBUG org.hibernate.orm.results - Extracted JDBC value [5] - [2025-04-25]
10:24:08.563 [main] DEBUG org.hibernate.orm.results.loading.entity - (EntityResultInitializer) Done materializing entityInstance : org.frcpm.models.Project(959664844373800)#79
10:24:08.563 [main] DEBUG org.hibernate.orm.results.loading - Calling top-level assembler (0 / 1) : org.hibernate.sql.results.graph.entity.internal.EntityAssembler@5e4003b0
10:24:08.563 [main] DEBUG org.hibernate.orm.results - Extracted JDBC value [0] - [80]
10:24:08.563 [main] DEBUG org.hibernate.orm.results.loading.entity - (EntityResultInitializer) Hydrated EntityKey (org.frcpm.models.Project(959664844373800)): 80
10:24:08.563 [main] DEBUG org.hibernate.orm.results.loading.org.hibernate.orm.results.loading.collection - (DelayedCollectionInitializer) Current row collection key : org.frcpm.models.Project(959664844373800).meetings#80
10:24:08.563 [main] DEBUG org.hibernate.orm.results.loading.org.hibernate.orm.results.loading.collection - (DelayedCollectionInitializer) Current row collection key : org.frcpm.models.Project(959664844373800).milestones#80
10:24:08.563 [main] DEBUG org.hibernate.orm.results.loading.org.hibernate.orm.results.loading.collection - (DelayedCollectionInitializer) Current row collection key : org.frcpm.models.Project(959664844373800).tasks#80
10:24:08.563 [main] DEBUG org.hibernate.orm.results.loading.entity - (EntityResultInitializer) Created new entity instance [org.frcpm.models.Project(959664844373800)#80] : 1522110893
10:24:08.563 [main] DEBUG org.hibernate.orm.results - Extracted JDBC value [1] - [null]
10:24:08.563 [main] DEBUG org.hibernate.orm.results - Extracted JDBC value [2] - [2025-06-06]
10:24:08.563 [main] DEBUG org.hibernate.orm.results - Extracted JDBC value [3] - [2025-06-20]
10:24:08.563 [main] DEBUG org.hibernate.orm.results - Extracted JDBC value [4] - [Test Task Project]
10:24:08.563 [main] DEBUG org.hibernate.orm.results - Extracted JDBC value [5] - [2025-04-25]
10:24:08.564 [main] DEBUG org.hibernate.orm.results.loading.entity - (EntityResultInitializer) Done materializing entityInstance : org.frcpm.models.Project(959664844373800)#80
10:24:08.564 [main] DEBUG org.hibernate.orm.results.loading - Calling top-level assembler (0 / 1) : org.hibernate.sql.results.graph.entity.internal.EntityAssembler@5e4003b0
10:24:08.564 [main] DEBUG org.hibernate.orm.results - Extracted JDBC value [0] - [81]
10:24:08.564 [main] DEBUG org.hibernate.orm.results.loading.entity - (EntityResultInitializer) Hydrated EntityKey (org.frcpm.models.Project(959664844373800)): 81
10:24:08.564 [main] DEBUG org.hibernate.orm.results.loading.org.hibernate.orm.results.loading.collection - (DelayedCollectionInitializer) Current row collection key : org.frcpm.models.Project(959664844373800).meetings#81
10:24:08.564 [main] DEBUG org.hibernate.orm.results.loading.org.hibernate.orm.results.loading.collection - (DelayedCollectionInitializer) Current row collection key : org.frcpm.models.Project(959664844373800).milestones#81
10:24:08.564 [main] DEBUG org.hibernate.orm.results.loading.org.hibernate.orm.results.loading.collection - (DelayedCollectionInitializer) Current row collection key : org.frcpm.models.Project(959664844373800).tasks#81
10:24:08.564 [main] DEBUG org.hibernate.orm.results.loading.entity - (EntityResultInitializer) Created new entity instance [org.frcpm.models.Project(959664844373800)#81] : 1751246362
10:24:08.564 [main] DEBUG org.hibernate.orm.results - Extracted JDBC value [1] - [null]
10:24:08.564 [main] DEBUG org.hibernate.orm.results - Extracted JDBC value [2] - [2025-06-06]
10:24:08.564 [main] DEBUG org.hibernate.orm.results - Extracted JDBC value [3] - [2025-06-20]
10:24:08.564 [main] DEBUG org.hibernate.orm.results - Extracted JDBC value [4] - [Test Task Project]
10:24:08.564 [main] DEBUG org.hibernate.orm.results - Extracted JDBC value [5] - [2025-04-25]
10:24:08.564 [main] DEBUG org.hibernate.orm.results.loading.entity - (EntityResultInitializer) Done materializing entityInstance : org.frcpm.models.Project(959664844373800)#81
10:24:08.564 [main] DEBUG org.hibernate.orm.results.loading - Calling top-level assembler (0 / 1) : org.hibernate.sql.results.graph.entity.internal.EntityAssembler@5e4003b0
10:24:08.564 [main] DEBUG org.hibernate.orm.results - Extracted JDBC value [0] - [82]
10:24:08.564 [main] DEBUG org.hibernate.orm.results.loading.entity - (EntityResultInitializer) Hydrated EntityKey (org.frcpm.models.Project(959664844373800)): 82
10:24:08.564 [main] DEBUG org.hibernate.orm.results.loading.org.hibernate.orm.results.loading.collection - (DelayedCollectionInitializer) Current row collection key : org.frcpm.models.Project(959664844373800).meetings#82
10:24:08.564 [main] DEBUG org.hibernate.orm.results.loading.org.hibernate.orm.results.loading.collection - (DelayedCollectionInitializer) Current row collection key : org.frcpm.models.Project(959664844373800).milestones#82
10:24:08.564 [main] DEBUG org.hibernate.orm.results.loading.org.hibernate.orm.results.loading.collection - (DelayedCollectionInitializer) Current row collection key : org.frcpm.models.Project(959664844373800).tasks#82
10:24:08.565 [main] DEBUG org.hibernate.orm.results.loading.entity - (EntityResultInitializer) Created new entity instance [org.frcpm.models.Project(959664844373800)#82] : 1050996694
10:24:08.565 [main] DEBUG org.hibernate.orm.results - Extracted JDBC value [1] - [null]
10:24:08.566 [main] DEBUG org.hibernate.orm.results - Extracted JDBC value [2] - [2025-06-06]
10:24:08.566 [main] DEBUG org.hibernate.orm.results - Extracted JDBC value [3] - [2025-06-20]
10:24:08.566 [main] DEBUG org.hibernate.orm.results - Extracted JDBC value [4] - [Test Task Project]
10:24:08.566 [main] DEBUG org.hibernate.orm.results - Extracted JDBC value [5] - [2025-04-25]
10:24:08.566 [main] DEBUG org.hibernate.orm.results.loading.entity - (EntityResultInitializer) Done materializing entityInstance : org.frcpm.models.Project(959664844373800)#82
10:24:08.566 [main] DEBUG org.hibernate.orm.results.loading - Calling top-level assembler (0 / 1) : org.hibernate.sql.results.graph.entity.internal.EntityAssembler@5e4003b0
10:24:08.566 [main] DEBUG org.hibernate.orm.results - Extracted JDBC value [0] - [104]
10:24:08.566 [main] DEBUG org.hibernate.orm.results.loading.entity - (EntityResultInitializer) Hydrated EntityKey (org.frcpm.models.Project(959664844373800)): 104
10:24:08.566 [main] DEBUG org.hibernate.orm.results.loading.org.hibernate.orm.results.loading.collection - (DelayedCollectionInitializer) Current row collection key : org.frcpm.models.Project(959664844373800).meetings#104
10:24:08.566 [main] DEBUG org.hibernate.orm.results.loading.org.hibernate.orm.results.loading.collection - (DelayedCollectionInitializer) Current row collection key : org.frcpm.models.Project(959664844373800).milestones#104
10:24:08.566 [main] DEBUG org.hibernate.orm.results.loading.org.hibernate.orm.results.loading.collection - (DelayedCollectionInitializer) Current row collection key : org.frcpm.models.Project(959664844373800).tasks#104
10:24:08.566 [main] DEBUG org.hibernate.orm.results.loading.entity - (EntityResultInitializer) Created new entity instance [org.frcpm.models.Project(959664844373800)#104] : 1326369820
10:24:08.566 [main] DEBUG org.hibernate.orm.results - Extracted JDBC value [1] - [null]
10:24:08.566 [main] DEBUG org.hibernate.orm.results - Extracted JDBC value [2] - [2025-06-06]
10:24:08.566 [main] DEBUG org.hibernate.orm.results - Extracted JDBC value [3] - [2025-06-20]
10:24:08.566 [main] DEBUG org.hibernate.orm.results - Extracted JDBC value [4] - [Component Test Project]
10:24:08.566 [main] DEBUG org.hibernate.orm.results - Extracted JDBC value [5] - [2025-04-25]
10:24:08.566 [main] DEBUG org.hibernate.orm.results.loading.entity - (EntityResultInitializer) Done materializing entityInstance : org.frcpm.models.Project(959664844373800)#104
10:24:08.566 [main] DEBUG org.hibernate.orm.results.loading - Calling top-level assembler (0 / 1) : org.hibernate.sql.results.graph.entity.internal.EntityAssembler@5e4003b0
10:24:08.567 [main] DEBUG org.hibernate.orm.results - Extracted JDBC value [0] - [135]
10:24:08.567 [main] DEBUG org.hibernate.orm.results.loading.entity - (EntityResultInitializer) Hydrated EntityKey (org.frcpm.models.Project(959664844373800)): 135
10:24:08.567 [main] DEBUG org.hibernate.orm.results.loading.org.hibernate.orm.results.loading.collection - (DelayedCollectionInitializer) Current row collection key : org.frcpm.models.Project(959664844373800).meetings#135
10:24:08.567 [main] DEBUG org.hibernate.orm.results.loading.org.hibernate.orm.results.loading.collection - (DelayedCollectionInitializer) Current row collection key : org.frcpm.models.Project(959664844373800).milestones#135
10:24:08.567 [main] DEBUG org.hibernate.orm.results.loading.org.hibernate.orm.results.loading.collection - (DelayedCollectionInitializer) Current row collection key : org.frcpm.models.Project(959664844373800).tasks#135
10:24:08.567 [main] DEBUG org.hibernate.orm.results.loading.entity - (EntityResultInitializer) Created new entity instance [org.frcpm.models.Project(959664844373800)#135] : 1601914627
10:24:08.567 [main] DEBUG org.hibernate.orm.results - Extracted JDBC value [1] - [null]
10:24:08.567 [main] DEBUG org.hibernate.orm.results - Extracted JDBC value [2] - [2025-05-23]
10:24:08.567 [main] DEBUG org.hibernate.orm.results - Extracted JDBC value [3] - [2025-06-06]
10:24:08.567 [main] DEBUG org.hibernate.orm.results - Extracted JDBC value [4] - [Test Create Service Project]
10:24:08.567 [main] DEBUG org.hibernate.orm.results - Extracted JDBC value [5] - [2025-04-25]
10:24:08.567 [main] DEBUG org.hibernate.orm.results.loading.entity - (EntityResultInitializer) Done materializing entityInstance : org.frcpm.models.Project(959664844373800)#135
10:24:08.567 [main] DEBUG org.hibernate.orm.results.loading - Calling top-level assembler (0 / 1) : org.hibernate.sql.results.graph.entity.internal.EntityAssembler@5e4003b0
10:24:08.567 [main] DEBUG org.hibernate.orm.results - Extracted JDBC value [0] - [142]
10:24:08.567 [main] DEBUG org.hibernate.orm.results.loading.entity - (EntityResultInitializer) Hydrated EntityKey (org.frcpm.models.Project(959664844373800)): 142
10:24:08.567 [main] DEBUG org.hibernate.orm.results.loading.org.hibernate.orm.results.loading.collection - (DelayedCollectionInitializer) Current row collection key : org.frcpm.models.Project(959664844373800).meetings#142
10:24:08.567 [main] DEBUG org.hibernate.orm.results.loading.org.hibernate.orm.results.loading.collection - (DelayedCollectionInitializer) Current row collection key : org.frcpm.models.Project(959664844373800).milestones#142
10:24:08.567 [main] DEBUG org.hibernate.orm.results.loading.org.hibernate.orm.results.loading.collection - (DelayedCollectionInitializer) Current row collection key : org.frcpm.models.Project(959664844373800).tasks#142
10:24:08.568 [main] DEBUG org.hibernate.orm.results.loading.entity - (EntityResultInitializer) Created new entity instance [org.frcpm.models.Project(959664844373800)#142] : 1905143082
10:24:08.568 [main] DEBUG org.hibernate.orm.results - Extracted JDBC value [1] - [Updated description]
10:24:08.568 [main] DEBUG org.hibernate.orm.results - Extracted JDBC value [2] - [2025-05-23]
10:24:08.568 [main] DEBUG org.hibernate.orm.results - Extracted JDBC value [3] - [2025-06-06]
10:24:08.568 [main] DEBUG org.hibernate.orm.results - Extracted JDBC value [4] - [Updated Service Project Name]
10:24:08.568 [main] DEBUG org.hibernate.orm.results - Extracted JDBC value [5] - [2025-04-25]
10:24:08.569 [main] DEBUG org.hibernate.orm.results.loading.entity - (EntityResultInitializer) Done materializing entityInstance : org.frcpm.models.Project(959664844373800)#142
10:24:08.569 [main] DEBUG org.hibernate.orm.results.loading - Calling top-level assembler (0 / 1) : org.hibernate.sql.results.graph.entity.internal.EntityAssembler@5e4003b0
10:24:08.569 [main] DEBUG org.hibernate.orm.results - Extracted JDBC value [0] - [148]
10:24:08.569 [main] DEBUG org.hibernate.orm.results.loading.entity - (EntityResultInitializer) Hydrated EntityKey (org.frcpm.models.Project(959664844373800)): 148
10:24:08.569 [main] DEBUG org.hibernate.orm.results.loading.org.hibernate.orm.results.loading.collection - (DelayedCollectionInitializer) Current row collection key : org.frcpm.models.Project(959664844373800).meetings#148
10:24:08.569 [main] DEBUG org.hibernate.orm.results.loading.org.hibernate.orm.results.loading.collection - (DelayedCollectionInitializer) Current row collection key : org.frcpm.models.Project(959664844373800).milestones#148
10:24:08.569 [main] DEBUG org.hibernate.orm.results.loading.org.hibernate.orm.results.loading.collection - (DelayedCollectionInitializer) Current row collection key : org.frcpm.models.Project(959664844373800).tasks#148
10:24:08.569 [main] DEBUG org.hibernate.orm.results.loading.entity - (EntityResultInitializer) Created new entity instance [org.frcpm.models.Project(959664844373800)#148] : 99633658
10:24:08.569 [main] DEBUG org.hibernate.orm.results - Extracted JDBC value [1] - [null]
10:24:08.570 [main] DEBUG org.hibernate.orm.results - Extracted JDBC value [2] - [2025-05-23]
10:24:08.570 [main] DEBUG org.hibernate.orm.results - Extracted JDBC value [3] - [2025-06-06]
10:24:08.570 [main] DEBUG org.hibernate.orm.results - Extracted JDBC value [4] - [Test Summary Project]
10:24:08.570 [main] DEBUG org.hibernate.orm.results - Extracted JDBC value [5] - [2025-04-25]
10:24:08.570 [main] DEBUG org.hibernate.orm.results.loading.entity - (EntityResultInitializer) Done materializing entityInstance : org.frcpm.models.Project(959664844373800)#148
10:24:08.570 [main] DEBUG org.hibernate.orm.results.loading - Calling top-level assembler (0 / 1) : org.hibernate.sql.results.graph.entity.internal.EntityAssembler@5e4003b0
10:24:08.571 [main] DEBUG org.hibernate.resource.jdbc.internal.LogicalConnectionManagedImpl - Initiating JDBC connection release from afterTransaction
10:24:08.571 [main] DEBUG org.hibernate.resource.jdbc.internal.LogicalConnectionManagedImpl - Initiating JDBC connection release from afterTransaction
]]></system-out>
    <system-err><![CDATA[Apr 25, 2025 10:24:08 AM org.frcpm.controllers.ProjectController setupBindings
WARNING: UI components not initialized - likely in test environment
]]></system-err>
  </testcase>
  <testcase name="testSetProject" classname="org.frcpm.controllers.ProjectControllerTest" time="0.018">
    <system-out><![CDATA[10:24:08.584 [main] DEBUG org.hibernate.orm.sql.ast.create - Created new SQL alias : p1_0
10:24:08.584 [main] DEBUG org.hibernate.orm.sql.ast.create - Registration of TableGroup [StandardTableGroup(org.frcpm.models.Project(959664869500900))] with identifierForTableGroup [org.frcpm.models.Project] for NavigablePath [org.frcpm.models.Project] 
10:24:08.585 [main] DEBUG org.hibernate.orm.results.graph.AST - DomainResult Graph:
 \-EntityResultImpl [org.frcpm.models.Project(959664869500900)]
 |  +-BasicFetch [org.frcpm.models.Project(959664869500900).description]
 |  +-BasicFetch [org.frcpm.models.Project(959664869500900).goalEndDate]
 |  +-BasicFetch [org.frcpm.models.Project(959664869500900).hardDeadline]
 |  +-DelayedCollectionFetch [org.frcpm.models.Project(959664869500900).meetings]
 |  +-DelayedCollectionFetch [org.frcpm.models.Project(959664869500900).milestones]
 |  +-BasicFetch [org.frcpm.models.Project(959664869500900).name]
 |  +-BasicFetch [org.frcpm.models.Project(959664869500900).startDate]
 |  \-DelayedCollectionFetch [org.frcpm.models.Project(959664869500900).tasks]

10:24:08.585 [main] DEBUG org.hibernate.orm.sql.ast.tree - SQL AST Tree:
    SelectStatement {
      FromClause {
        StandardTableGroup (p1 : org.frcpm.models.Project(959664869500900)) {
          primaryTableReference : projects as p1_0
        }
      }
    }

10:24:08.586 [main] DEBUG org.hibernate.orm.sql.exec - Skipping reading Query result cache data: cache-enabled = false, cache-mode = NORMAL
10:24:08.586 [main] DEBUG org.hibernate.orm.results - Initializer list:
	  org.frcpm.models.Project(959664869500900).tasks -> DelayedCollectionInitializer(org.frcpm.models.Project(959664869500900).tasks)@605159581 (PluralAttribute(org.frcpm.models.Project.tasks))
	  org.frcpm.models.Project(959664869500900).milestones -> DelayedCollectionInitializer(org.frcpm.models.Project(959664869500900).milestones)@316735120 (PluralAttribute(org.frcpm.models.Project.milestones))
	  org.frcpm.models.Project(959664869500900).meetings -> DelayedCollectionInitializer(org.frcpm.models.Project(959664869500900).meetings)@1171127106 (PluralAttribute(org.frcpm.models.Project.meetings))
	  org.frcpm.models.Project(959664869500900) -> EntityResultInitializer(org.frcpm.models.Project(959664869500900))@496182804 (SingleTableEntityPersister(org.frcpm.models.Project))

10:24:08.586 [main] DEBUG org.hibernate.SQL - select p1_0.id,p1_0.description,p1_0.goal_end_date,p1_0.hard_deadline,p1_0.name,p1_0.start_date from projects p1_0
10:24:08.587 [main] DEBUG org.hibernate.orm.results - Extracted JDBC value [0] - [1]
10:24:08.587 [main] DEBUG org.hibernate.orm.results.loading.entity - (EntityResultInitializer) Hydrated EntityKey (org.frcpm.models.Project(959664869500900)): 1
10:24:08.587 [main] DEBUG org.hibernate.orm.results.loading.org.hibernate.orm.results.loading.collection - (DelayedCollectionInitializer) Current row collection key : org.frcpm.models.Project(959664869500900).meetings#1
10:24:08.587 [main] DEBUG org.hibernate.orm.results.loading.org.hibernate.orm.results.loading.collection - (DelayedCollectionInitializer) Current row collection key : org.frcpm.models.Project(959664869500900).milestones#1
10:24:08.587 [main] DEBUG org.hibernate.orm.results.loading.org.hibernate.orm.results.loading.collection - (DelayedCollectionInitializer) Current row collection key : org.frcpm.models.Project(959664869500900).tasks#1
10:24:08.587 [main] DEBUG org.hibernate.orm.results.loading.entity - (EntityResultInitializer) Created new entity instance [org.frcpm.models.Project(959664869500900)#1] : 378363700
10:24:08.587 [main] DEBUG org.hibernate.orm.results - Extracted JDBC value [1] - [Competition robot for the 2025 FIRST Robotics Competition]
10:24:08.587 [main] DEBUG org.hibernate.orm.results - Extracted JDBC value [2] - [2025-06-12]
10:24:08.587 [main] DEBUG org.hibernate.orm.results - Extracted JDBC value [3] - [2025-06-26]
10:24:08.587 [main] DEBUG org.hibernate.orm.results - Extracted JDBC value [4] - [FRC 2025 Robot]
10:24:08.587 [main] DEBUG org.hibernate.orm.results - Extracted JDBC value [5] - [2025-05-01]
10:24:08.587 [main] DEBUG org.hibernate.orm.results.loading.entity - (EntityResultInitializer) Done materializing entityInstance : org.frcpm.models.Project(959664869500900)#1
10:24:08.587 [main] DEBUG org.hibernate.orm.results.loading - Calling top-level assembler (0 / 1) : org.hibernate.sql.results.graph.entity.internal.EntityAssembler@70c3b62b
10:24:08.588 [main] DEBUG org.hibernate.orm.results - Extracted JDBC value [0] - [51]
10:24:08.588 [main] DEBUG org.hibernate.orm.results.loading.entity - (EntityResultInitializer) Hydrated EntityKey (org.frcpm.models.Project(959664869500900)): 51
10:24:08.588 [main] DEBUG org.hibernate.orm.results.loading.org.hibernate.orm.results.loading.collection - (DelayedCollectionInitializer) Current row collection key : org.frcpm.models.Project(959664869500900).meetings#51
10:24:08.588 [main] DEBUG org.hibernate.orm.results.loading.org.hibernate.orm.results.loading.collection - (DelayedCollectionInitializer) Current row collection key : org.frcpm.models.Project(959664869500900).milestones#51
10:24:08.588 [main] DEBUG org.hibernate.orm.results.loading.org.hibernate.orm.results.loading.collection - (DelayedCollectionInitializer) Current row collection key : org.frcpm.models.Project(959664869500900).tasks#51
10:24:08.588 [main] DEBUG org.hibernate.orm.results.loading.entity - (EntityResultInitializer) Created new entity instance [org.frcpm.models.Project(959664869500900)#51] : 829096340
10:24:08.588 [main] DEBUG org.hibernate.orm.results - Extracted JDBC value [1] - [null]
10:24:08.588 [main] DEBUG org.hibernate.orm.results - Extracted JDBC value [2] - [2025-05-23]
10:24:08.588 [main] DEBUG org.hibernate.orm.results - Extracted JDBC value [3] - [2025-06-06]
10:24:08.588 [main] DEBUG org.hibernate.orm.results - Extracted JDBC value [4] - [Test Count Project]
10:24:08.588 [main] DEBUG org.hibernate.orm.results - Extracted JDBC value [5] - [2025-04-25]
10:24:08.588 [main] DEBUG org.hibernate.orm.results.loading.entity - (EntityResultInitializer) Done materializing entityInstance : org.frcpm.models.Project(959664869500900)#51
10:24:08.588 [main] DEBUG org.hibernate.orm.results.loading - Calling top-level assembler (0 / 1) : org.hibernate.sql.results.graph.entity.internal.EntityAssembler@70c3b62b
10:24:08.588 [main] DEBUG org.hibernate.orm.results - Extracted JDBC value [0] - [54]
10:24:08.588 [main] DEBUG org.hibernate.orm.results.loading.entity - (EntityResultInitializer) Hydrated EntityKey (org.frcpm.models.Project(959664869500900)): 54
10:24:08.588 [main] DEBUG org.hibernate.orm.results.loading.org.hibernate.orm.results.loading.collection - (DelayedCollectionInitializer) Current row collection key : org.frcpm.models.Project(959664869500900).meetings#54
10:24:08.588 [main] DEBUG org.hibernate.orm.results.loading.org.hibernate.orm.results.loading.collection - (DelayedCollectionInitializer) Current row collection key : org.frcpm.models.Project(959664869500900).milestones#54
10:24:08.588 [main] DEBUG org.hibernate.orm.results.loading.org.hibernate.orm.results.loading.collection - (DelayedCollectionInitializer) Current row collection key : org.frcpm.models.Project(959664869500900).tasks#54
10:24:08.588 [main] DEBUG org.hibernate.orm.results.loading.entity - (EntityResultInitializer) Created new entity instance [org.frcpm.models.Project(959664869500900)#54] : 1207377744
10:24:08.588 [main] DEBUG org.hibernate.orm.results - Extracted JDBC value [1] - [Test save description]
10:24:08.588 [main] DEBUG org.hibernate.orm.results - Extracted JDBC value [2] - [2025-05-23]
10:24:08.588 [main] DEBUG org.hibernate.orm.results - Extracted JDBC value [3] - [2025-06-06]
10:24:08.588 [main] DEBUG org.hibernate.orm.results - Extracted JDBC value [4] - [Test Save Project]
10:24:08.588 [main] DEBUG org.hibernate.orm.results - Extracted JDBC value [5] - [2025-04-25]
10:24:08.588 [main] DEBUG org.hibernate.orm.results.loading.entity - (EntityResultInitializer) Done materializing entityInstance : org.frcpm.models.Project(959664869500900)#54
10:24:08.588 [main] DEBUG org.hibernate.orm.results.loading - Calling top-level assembler (0 / 1) : org.hibernate.sql.results.graph.entity.internal.EntityAssembler@70c3b62b
10:24:08.588 [main] DEBUG org.hibernate.orm.results - Extracted JDBC value [0] - [69]
10:24:08.588 [main] DEBUG org.hibernate.orm.results.loading.entity - (EntityResultInitializer) Hydrated EntityKey (org.frcpm.models.Project(959664869500900)): 69
10:24:08.588 [main] DEBUG org.hibernate.orm.results.loading.org.hibernate.orm.results.loading.collection - (DelayedCollectionInitializer) Current row collection key : org.frcpm.models.Project(959664869500900).meetings#69
10:24:08.588 [main] DEBUG org.hibernate.orm.results.loading.org.hibernate.orm.results.loading.collection - (DelayedCollectionInitializer) Current row collection key : org.frcpm.models.Project(959664869500900).milestones#69
10:24:08.588 [main] DEBUG org.hibernate.orm.results.loading.org.hibernate.orm.results.loading.collection - (DelayedCollectionInitializer) Current row collection key : org.frcpm.models.Project(959664869500900).tasks#69
10:24:08.588 [main] DEBUG org.hibernate.orm.results.loading.entity - (EntityResultInitializer) Created new entity instance [org.frcpm.models.Project(959664869500900)#69] : 1741499658
10:24:08.588 [main] DEBUG org.hibernate.orm.results - Extracted JDBC value [1] - [null]
10:24:08.588 [main] DEBUG org.hibernate.orm.results - Extracted JDBC value [2] - [2025-05-23]
10:24:08.588 [main] DEBUG org.hibernate.orm.results - Extracted JDBC value [3] - [2025-06-06]
10:24:08.588 [main] DEBUG org.hibernate.orm.results - Extracted JDBC value [4] - [Updated Project Name]
10:24:08.588 [main] DEBUG org.hibernate.orm.results - Extracted JDBC value [5] - [2025-04-25]
10:24:08.588 [main] DEBUG org.hibernate.orm.results.loading.entity - (EntityResultInitializer) Done materializing entityInstance : org.frcpm.models.Project(959664869500900)#69
10:24:08.588 [main] DEBUG org.hibernate.orm.results.loading - Calling top-level assembler (0 / 1) : org.hibernate.sql.results.graph.entity.internal.EntityAssembler@70c3b62b
10:24:08.588 [main] DEBUG org.hibernate.orm.results - Extracted JDBC value [0] - [70]
10:24:08.588 [main] DEBUG org.hibernate.orm.results.loading.entity - (EntityResultInitializer) Hydrated EntityKey (org.frcpm.models.Project(959664869500900)): 70
10:24:08.588 [main] DEBUG org.hibernate.orm.results.loading.org.hibernate.orm.results.loading.collection - (DelayedCollectionInitializer) Current row collection key : org.frcpm.models.Project(959664869500900).meetings#70
10:24:08.588 [main] DEBUG org.hibernate.orm.results.loading.org.hibernate.orm.results.loading.collection - (DelayedCollectionInitializer) Current row collection key : org.frcpm.models.Project(959664869500900).milestones#70
10:24:08.588 [main] DEBUG org.hibernate.orm.results.loading.org.hibernate.orm.results.loading.collection - (DelayedCollectionInitializer) Current row collection key : org.frcpm.models.Project(959664869500900).tasks#70
10:24:08.588 [main] DEBUG org.hibernate.orm.results.loading.entity - (EntityResultInitializer) Created new entity instance [org.frcpm.models.Project(959664869500900)#70] : 1182571225
10:24:08.588 [main] DEBUG org.hibernate.orm.results - Extracted JDBC value [1] - [null]
10:24:08.588 [main] DEBUG org.hibernate.orm.results - Extracted JDBC value [2] - [2025-06-06]
10:24:08.589 [main] DEBUG org.hibernate.orm.results - Extracted JDBC value [3] - [2025-06-20]
10:24:08.589 [main] DEBUG org.hibernate.orm.results - Extracted JDBC value [4] - [Test Task Project]
10:24:08.589 [main] DEBUG org.hibernate.orm.results - Extracted JDBC value [5] - [2025-04-25]
10:24:08.589 [main] DEBUG org.hibernate.orm.results.loading.entity - (EntityResultInitializer) Done materializing entityInstance : org.frcpm.models.Project(959664869500900)#70
10:24:08.589 [main] DEBUG org.hibernate.orm.results.loading - Calling top-level assembler (0 / 1) : org.hibernate.sql.results.graph.entity.internal.EntityAssembler@70c3b62b
10:24:08.589 [main] DEBUG org.hibernate.orm.results - Extracted JDBC value [0] - [71]
10:24:08.589 [main] DEBUG org.hibernate.orm.results.loading.entity - (EntityResultInitializer) Hydrated EntityKey (org.frcpm.models.Project(959664869500900)): 71
10:24:08.589 [main] DEBUG org.hibernate.orm.results.loading.org.hibernate.orm.results.loading.collection - (DelayedCollectionInitializer) Current row collection key : org.frcpm.models.Project(959664869500900).meetings#71
10:24:08.589 [main] DEBUG org.hibernate.orm.results.loading.org.hibernate.orm.results.loading.collection - (DelayedCollectionInitializer) Current row collection key : org.frcpm.models.Project(959664869500900).milestones#71
10:24:08.589 [main] DEBUG org.hibernate.orm.results.loading.org.hibernate.orm.results.loading.collection - (DelayedCollectionInitializer) Current row collection key : org.frcpm.models.Project(959664869500900).tasks#71
10:24:08.589 [main] DEBUG org.hibernate.orm.results.loading.entity - (EntityResultInitializer) Created new entity instance [org.frcpm.models.Project(959664869500900)#71] : 1068310629
10:24:08.589 [main] DEBUG org.hibernate.orm.results - Extracted JDBC value [1] - [null]
10:24:08.589 [main] DEBUG org.hibernate.orm.results - Extracted JDBC value [2] - [2025-06-06]
10:24:08.589 [main] DEBUG org.hibernate.orm.results - Extracted JDBC value [3] - [2025-06-20]
10:24:08.589 [main] DEBUG org.hibernate.orm.results - Extracted JDBC value [4] - [Test Task Project]
10:24:08.589 [main] DEBUG org.hibernate.orm.results - Extracted JDBC value [5] - [2025-04-25]
10:24:08.589 [main] DEBUG org.hibernate.orm.results.loading.entity - (EntityResultInitializer) Done materializing entityInstance : org.frcpm.models.Project(959664869500900)#71
10:24:08.589 [main] DEBUG org.hibernate.orm.results.loading - Calling top-level assembler (0 / 1) : org.hibernate.sql.results.graph.entity.internal.EntityAssembler@70c3b62b
10:24:08.589 [main] DEBUG org.hibernate.orm.results - Extracted JDBC value [0] - [72]
10:24:08.589 [main] DEBUG org.hibernate.orm.results.loading.entity - (EntityResultInitializer) Hydrated EntityKey (org.frcpm.models.Project(959664869500900)): 72
10:24:08.589 [main] DEBUG org.hibernate.orm.results.loading.org.hibernate.orm.results.loading.collection - (DelayedCollectionInitializer) Current row collection key : org.frcpm.models.Project(959664869500900).meetings#72
10:24:08.589 [main] DEBUG org.hibernate.orm.results.loading.org.hibernate.orm.results.loading.collection - (DelayedCollectionInitializer) Current row collection key : org.frcpm.models.Project(959664869500900).milestones#72
10:24:08.589 [main] DEBUG org.hibernate.orm.results.loading.org.hibernate.orm.results.loading.collection - (DelayedCollectionInitializer) Current row collection key : org.frcpm.models.Project(959664869500900).tasks#72
10:24:08.589 [main] DEBUG org.hibernate.orm.results.loading.entity - (EntityResultInitializer) Created new entity instance [org.frcpm.models.Project(959664869500900)#72] : 797479621
10:24:08.589 [main] DEBUG org.hibernate.orm.results - Extracted JDBC value [1] - [null]
10:24:08.589 [main] DEBUG org.hibernate.orm.results - Extracted JDBC value [2] - [2025-06-06]
10:24:08.589 [main] DEBUG org.hibernate.orm.results - Extracted JDBC value [3] - [2025-06-20]
10:24:08.589 [main] DEBUG org.hibernate.orm.results - Extracted JDBC value [4] - [Test Task Project]
10:24:08.589 [main] DEBUG org.hibernate.orm.results - Extracted JDBC value [5] - [2025-04-25]
10:24:08.589 [main] DEBUG org.hibernate.orm.results.loading.entity - (EntityResultInitializer) Done materializing entityInstance : org.frcpm.models.Project(959664869500900)#72
10:24:08.589 [main] DEBUG org.hibernate.orm.results.loading - Calling top-level assembler (0 / 1) : org.hibernate.sql.results.graph.entity.internal.EntityAssembler@70c3b62b
10:24:08.589 [main] DEBUG org.hibernate.orm.results - Extracted JDBC value [0] - [73]
10:24:08.589 [main] DEBUG org.hibernate.orm.results.loading.entity - (EntityResultInitializer) Hydrated EntityKey (org.frcpm.models.Project(959664869500900)): 73
10:24:08.589 [main] DEBUG org.hibernate.orm.results.loading.org.hibernate.orm.results.loading.collection - (DelayedCollectionInitializer) Current row collection key : org.frcpm.models.Project(959664869500900).meetings#73
10:24:08.589 [main] DEBUG org.hibernate.orm.results.loading.org.hibernate.orm.results.loading.collection - (DelayedCollectionInitializer) Current row collection key : org.frcpm.models.Project(959664869500900).milestones#73
10:24:08.589 [main] DEBUG org.hibernate.orm.results.loading.org.hibernate.orm.results.loading.collection - (DelayedCollectionInitializer) Current row collection key : org.frcpm.models.Project(959664869500900).tasks#73
10:24:08.589 [main] DEBUG org.hibernate.orm.results.loading.entity - (EntityResultInitializer) Created new entity instance [org.frcpm.models.Project(959664869500900)#73] : 1001108055
10:24:08.589 [main] DEBUG org.hibernate.orm.results - Extracted JDBC value [1] - [null]
10:24:08.589 [main] DEBUG org.hibernate.orm.results - Extracted JDBC value [2] - [2025-06-06]
10:24:08.589 [main] DEBUG org.hibernate.orm.results - Extracted JDBC value [3] - [2025-06-20]
10:24:08.589 [main] DEBUG org.hibernate.orm.results - Extracted JDBC value [4] - [Test Task Project]
10:24:08.589 [main] DEBUG org.hibernate.orm.results - Extracted JDBC value [5] - [2025-04-25]
10:24:08.589 [main] DEBUG org.hibernate.orm.results.loading.entity - (EntityResultInitializer) Done materializing entityInstance : org.frcpm.models.Project(959664869500900)#73
10:24:08.589 [main] DEBUG org.hibernate.orm.results.loading - Calling top-level assembler (0 / 1) : org.hibernate.sql.results.graph.entity.internal.EntityAssembler@70c3b62b
10:24:08.589 [main] DEBUG org.hibernate.orm.results - Extracted JDBC value [0] - [74]
10:24:08.589 [main] DEBUG org.hibernate.orm.results.loading.entity - (EntityResultInitializer) Hydrated EntityKey (org.frcpm.models.Project(959664869500900)): 74
10:24:08.589 [main] DEBUG org.hibernate.orm.results.loading.org.hibernate.orm.results.loading.collection - (DelayedCollectionInitializer) Current row collection key : org.frcpm.models.Project(959664869500900).meetings#74
10:24:08.589 [main] DEBUG org.hibernate.orm.results.loading.org.hibernate.orm.results.loading.collection - (DelayedCollectionInitializer) Current row collection key : org.frcpm.models.Project(959664869500900).milestones#74
10:24:08.589 [main] DEBUG org.hibernate.orm.results.loading.org.hibernate.orm.results.loading.collection - (DelayedCollectionInitializer) Current row collection key : org.frcpm.models.Project(959664869500900).tasks#74
10:24:08.589 [main] DEBUG org.hibernate.orm.results.loading.entity - (EntityResultInitializer) Created new entity instance [org.frcpm.models.Project(959664869500900)#74] : 2008261824
10:24:08.589 [main] DEBUG org.hibernate.orm.results - Extracted JDBC value [1] - [null]
10:24:08.589 [main] DEBUG org.hibernate.orm.results - Extracted JDBC value [2] - [2025-06-06]
10:24:08.589 [main] DEBUG org.hibernate.orm.results - Extracted JDBC value [3] - [2025-06-20]
10:24:08.589 [main] DEBUG org.hibernate.orm.results - Extracted JDBC value [4] - [Test Task Project]
10:24:08.589 [main] DEBUG org.hibernate.orm.results - Extracted JDBC value [5] - [2025-04-25]
10:24:08.589 [main] DEBUG org.hibernate.orm.results.loading.entity - (EntityResultInitializer) Done materializing entityInstance : org.frcpm.models.Project(959664869500900)#74
10:24:08.589 [main] DEBUG org.hibernate.orm.results.loading - Calling top-level assembler (0 / 1) : org.hibernate.sql.results.graph.entity.internal.EntityAssembler@70c3b62b
10:24:08.589 [main] DEBUG org.hibernate.orm.results - Extracted JDBC value [0] - [75]
10:24:08.589 [main] DEBUG org.hibernate.orm.results.loading.entity - (EntityResultInitializer) Hydrated EntityKey (org.frcpm.models.Project(959664869500900)): 75
10:24:08.589 [main] DEBUG org.hibernate.orm.results.loading.org.hibernate.orm.results.loading.collection - (DelayedCollectionInitializer) Current row collection key : org.frcpm.models.Project(959664869500900).meetings#75
10:24:08.589 [main] DEBUG org.hibernate.orm.results.loading.org.hibernate.orm.results.loading.collection - (DelayedCollectionInitializer) Current row collection key : org.frcpm.models.Project(959664869500900).milestones#75
10:24:08.589 [main] DEBUG org.hibernate.orm.results.loading.org.hibernate.orm.results.loading.collection - (DelayedCollectionInitializer) Current row collection key : org.frcpm.models.Project(959664869500900).tasks#75
10:24:08.589 [main] DEBUG org.hibernate.orm.results.loading.entity - (EntityResultInitializer) Created new entity instance [org.frcpm.models.Project(959664869500900)#75] : 68274902
10:24:08.589 [main] DEBUG org.hibernate.orm.results - Extracted JDBC value [1] - [null]
10:24:08.589 [main] DEBUG org.hibernate.orm.results - Extracted JDBC value [2] - [2025-06-06]
10:24:08.589 [main] DEBUG org.hibernate.orm.results - Extracted JDBC value [3] - [2025-06-20]
10:24:08.589 [main] DEBUG org.hibernate.orm.results - Extracted JDBC value [4] - [Test Task Project]
10:24:08.589 [main] DEBUG org.hibernate.orm.results - Extracted JDBC value [5] - [2025-04-25]
10:24:08.589 [main] DEBUG org.hibernate.orm.results.loading.entity - (EntityResultInitializer) Done materializing entityInstance : org.frcpm.models.Project(959664869500900)#75
10:24:08.589 [main] DEBUG org.hibernate.orm.results.loading - Calling top-level assembler (0 / 1) : org.hibernate.sql.results.graph.entity.internal.EntityAssembler@70c3b62b
10:24:08.589 [main] DEBUG org.hibernate.orm.results - Extracted JDBC value [0] - [76]
10:24:08.589 [main] DEBUG org.hibernate.orm.results.loading.entity - (EntityResultInitializer) Hydrated EntityKey (org.frcpm.models.Project(959664869500900)): 76
10:24:08.589 [main] DEBUG org.hibernate.orm.results.loading.org.hibernate.orm.results.loading.collection - (DelayedCollectionInitializer) Current row collection key : org.frcpm.models.Project(959664869500900).meetings#76
10:24:08.589 [main] DEBUG org.hibernate.orm.results.loading.org.hibernate.orm.results.loading.collection - (DelayedCollectionInitializer) Current row collection key : org.frcpm.models.Project(959664869500900).milestones#76
10:24:08.589 [main] DEBUG org.hibernate.orm.results.loading.org.hibernate.orm.results.loading.collection - (DelayedCollectionInitializer) Current row collection key : org.frcpm.models.Project(959664869500900).tasks#76
10:24:08.589 [main] DEBUG org.hibernate.orm.results.loading.entity - (EntityResultInitializer) Created new entity instance [org.frcpm.models.Project(959664869500900)#76] : 1843253845
10:24:08.589 [main] DEBUG org.hibernate.orm.results - Extracted JDBC value [1] - [null]
10:24:08.589 [main] DEBUG org.hibernate.orm.results - Extracted JDBC value [2] - [2025-06-06]
10:24:08.589 [main] DEBUG org.hibernate.orm.results - Extracted JDBC value [3] - [2025-06-20]
10:24:08.589 [main] DEBUG org.hibernate.orm.results - Extracted JDBC value [4] - [Test Task Project]
10:24:08.589 [main] DEBUG org.hibernate.orm.results - Extracted JDBC value [5] - [2025-04-25]
10:24:08.589 [main] DEBUG org.hibernate.orm.results.loading.entity - (EntityResultInitializer) Done materializing entityInstance : org.frcpm.models.Project(959664869500900)#76
10:24:08.589 [main] DEBUG org.hibernate.orm.results.loading - Calling top-level assembler (0 / 1) : org.hibernate.sql.results.graph.entity.internal.EntityAssembler@70c3b62b
10:24:08.589 [main] DEBUG org.hibernate.orm.results - Extracted JDBC value [0] - [77]
10:24:08.589 [main] DEBUG org.hibernate.orm.results.loading.entity - (EntityResultInitializer) Hydrated EntityKey (org.frcpm.models.Project(959664869500900)): 77
10:24:08.589 [main] DEBUG org.hibernate.orm.results.loading.org.hibernate.orm.results.loading.collection - (DelayedCollectionInitializer) Current row collection key : org.frcpm.models.Project(959664869500900).meetings#77
10:24:08.589 [main] DEBUG org.hibernate.orm.results.loading.org.hibernate.orm.results.loading.collection - (DelayedCollectionInitializer) Current row collection key : org.frcpm.models.Project(959664869500900).milestones#77
10:24:08.589 [main] DEBUG org.hibernate.orm.results.loading.org.hibernate.orm.results.loading.collection - (DelayedCollectionInitializer) Current row collection key : org.frcpm.models.Project(959664869500900).tasks#77
10:24:08.589 [main] DEBUG org.hibernate.orm.results.loading.entity - (EntityResultInitializer) Created new entity instance [org.frcpm.models.Project(959664869500900)#77] : 799395431
10:24:08.589 [main] DEBUG org.hibernate.orm.results - Extracted JDBC value [1] - [null]
10:24:08.589 [main] DEBUG org.hibernate.orm.results - Extracted JDBC value [2] - [2025-06-06]
10:24:08.589 [main] DEBUG org.hibernate.orm.results - Extracted JDBC value [3] - [2025-06-20]
10:24:08.589 [main] DEBUG org.hibernate.orm.results - Extracted JDBC value [4] - [Test Task Project]
10:24:08.589 [main] DEBUG org.hibernate.orm.results - Extracted JDBC value [5] - [2025-04-25]
10:24:08.589 [main] DEBUG org.hibernate.orm.results.loading.entity - (EntityResultInitializer) Done materializing entityInstance : org.frcpm.models.Project(959664869500900)#77
10:24:08.589 [main] DEBUG org.hibernate.orm.results.loading - Calling top-level assembler (0 / 1) : org.hibernate.sql.results.graph.entity.internal.EntityAssembler@70c3b62b
10:24:08.589 [main] DEBUG org.hibernate.orm.results - Extracted JDBC value [0] - [78]
10:24:08.589 [main] DEBUG org.hibernate.orm.results.loading.entity - (EntityResultInitializer) Hydrated EntityKey (org.frcpm.models.Project(959664869500900)): 78
10:24:08.589 [main] DEBUG org.hibernate.orm.results.loading.org.hibernate.orm.results.loading.collection - (DelayedCollectionInitializer) Current row collection key : org.frcpm.models.Project(959664869500900).meetings#78
10:24:08.589 [main] DEBUG org.hibernate.orm.results.loading.org.hibernate.orm.results.loading.collection - (DelayedCollectionInitializer) Current row collection key : org.frcpm.models.Project(959664869500900).milestones#78
10:24:08.589 [main] DEBUG org.hibernate.orm.results.loading.org.hibernate.orm.results.loading.collection - (DelayedCollectionInitializer) Current row collection key : org.frcpm.models.Project(959664869500900).tasks#78
10:24:08.589 [main] DEBUG org.hibernate.orm.results.loading.entity - (EntityResultInitializer) Created new entity instance [org.frcpm.models.Project(959664869500900)#78] : 580178780
10:24:08.589 [main] DEBUG org.hibernate.orm.results - Extracted JDBC value [1] - [null]
10:24:08.589 [main] DEBUG org.hibernate.orm.results - Extracted JDBC value [2] - [2025-06-06]
10:24:08.589 [main] DEBUG org.hibernate.orm.results - Extracted JDBC value [3] - [2025-06-20]
10:24:08.589 [main] DEBUG org.hibernate.orm.results - Extracted JDBC value [4] - [Test Task Project]
10:24:08.589 [main] DEBUG org.hibernate.orm.results - Extracted JDBC value [5] - [2025-04-25]
10:24:08.589 [main] DEBUG org.hibernate.orm.results.loading.entity - (EntityResultInitializer) Done materializing entityInstance : org.frcpm.models.Project(959664869500900)#78
10:24:08.589 [main] DEBUG org.hibernate.orm.results.loading - Calling top-level assembler (0 / 1) : org.hibernate.sql.results.graph.entity.internal.EntityAssembler@70c3b62b
10:24:08.589 [main] DEBUG org.hibernate.orm.results - Extracted JDBC value [0] - [79]
10:24:08.589 [main] DEBUG org.hibernate.orm.results.loading.entity - (EntityResultInitializer) Hydrated EntityKey (org.frcpm.models.Project(959664869500900)): 79
10:24:08.589 [main] DEBUG org.hibernate.orm.results.loading.org.hibernate.orm.results.loading.collection - (DelayedCollectionInitializer) Current row collection key : org.frcpm.models.Project(959664869500900).meetings#79
10:24:08.589 [main] DEBUG org.hibernate.orm.results.loading.org.hibernate.orm.results.loading.collection - (DelayedCollectionInitializer) Current row collection key : org.frcpm.models.Project(959664869500900).milestones#79
10:24:08.589 [main] DEBUG org.hibernate.orm.results.loading.org.hibernate.orm.results.loading.collection - (DelayedCollectionInitializer) Current row collection key : org.frcpm.models.Project(959664869500900).tasks#79
10:24:08.589 [main] DEBUG org.hibernate.orm.results.loading.entity - (EntityResultInitializer) Created new entity instance [org.frcpm.models.Project(959664869500900)#79] : 2114628469
10:24:08.589 [main] DEBUG org.hibernate.orm.results - Extracted JDBC value [1] - [null]
10:24:08.589 [main] DEBUG org.hibernate.orm.results - Extracted JDBC value [2] - [2025-06-06]
10:24:08.589 [main] DEBUG org.hibernate.orm.results - Extracted JDBC value [3] - [2025-06-20]
10:24:08.589 [main] DEBUG org.hibernate.orm.results - Extracted JDBC value [4] - [Test Task Project]
10:24:08.589 [main] DEBUG org.hibernate.orm.results - Extracted JDBC value [5] - [2025-04-25]
10:24:08.589 [main] DEBUG org.hibernate.orm.results.loading.entity - (EntityResultInitializer) Done materializing entityInstance : org.frcpm.models.Project(959664869500900)#79
10:24:08.589 [main] DEBUG org.hibernate.orm.results.loading - Calling top-level assembler (0 / 1) : org.hibernate.sql.results.graph.entity.internal.EntityAssembler@70c3b62b
10:24:08.589 [main] DEBUG org.hibernate.orm.results - Extracted JDBC value [0] - [80]
10:24:08.590 [main] DEBUG org.hibernate.orm.results.loading.entity - (EntityResultInitializer) Hydrated EntityKey (org.frcpm.models.Project(959664869500900)): 80
10:24:08.590 [main] DEBUG org.hibernate.orm.results.loading.org.hibernate.orm.results.loading.collection - (DelayedCollectionInitializer) Current row collection key : org.frcpm.models.Project(959664869500900).meetings#80
10:24:08.590 [main] DEBUG org.hibernate.orm.results.loading.org.hibernate.orm.results.loading.collection - (DelayedCollectionInitializer) Current row collection key : org.frcpm.models.Project(959664869500900).milestones#80
10:24:08.590 [main] DEBUG org.hibernate.orm.results.loading.org.hibernate.orm.results.loading.collection - (DelayedCollectionInitializer) Current row collection key : org.frcpm.models.Project(959664869500900).tasks#80
10:24:08.590 [main] DEBUG org.hibernate.orm.results.loading.entity - (EntityResultInitializer) Created new entity instance [org.frcpm.models.Project(959664869500900)#80] : 260846831
10:24:08.590 [main] DEBUG org.hibernate.orm.results - Extracted JDBC value [1] - [null]
10:24:08.590 [main] DEBUG org.hibernate.orm.results - Extracted JDBC value [2] - [2025-06-06]
10:24:08.590 [main] DEBUG org.hibernate.orm.results - Extracted JDBC value [3] - [2025-06-20]
10:24:08.590 [main] DEBUG org.hibernate.orm.results - Extracted JDBC value [4] - [Test Task Project]
10:24:08.590 [main] DEBUG org.hibernate.orm.results - Extracted JDBC value [5] - [2025-04-25]
10:24:08.590 [main] DEBUG org.hibernate.orm.results.loading.entity - (EntityResultInitializer) Done materializing entityInstance : org.frcpm.models.Project(959664869500900)#80
10:24:08.590 [main] DEBUG org.hibernate.orm.results.loading - Calling top-level assembler (0 / 1) : org.hibernate.sql.results.graph.entity.internal.EntityAssembler@70c3b62b
10:24:08.590 [main] DEBUG org.hibernate.orm.results - Extracted JDBC value [0] - [81]
10:24:08.590 [main] DEBUG org.hibernate.orm.results.loading.entity - (EntityResultInitializer) Hydrated EntityKey (org.frcpm.models.Project(959664869500900)): 81
10:24:08.590 [main] DEBUG org.hibernate.orm.results.loading.org.hibernate.orm.results.loading.collection - (DelayedCollectionInitializer) Current row collection key : org.frcpm.models.Project(959664869500900).meetings#81
10:24:08.590 [main] DEBUG org.hibernate.orm.results.loading.org.hibernate.orm.results.loading.collection - (DelayedCollectionInitializer) Current row collection key : org.frcpm.models.Project(959664869500900).milestones#81
10:24:08.590 [main] DEBUG org.hibernate.orm.results.loading.org.hibernate.orm.results.loading.collection - (DelayedCollectionInitializer) Current row collection key : org.frcpm.models.Project(959664869500900).tasks#81
10:24:08.590 [main] DEBUG org.hibernate.orm.results.loading.entity - (EntityResultInitializer) Created new entity instance [org.frcpm.models.Project(959664869500900)#81] : 275644312
10:24:08.590 [main] DEBUG org.hibernate.orm.results - Extracted JDBC value [1] - [null]
10:24:08.590 [main] DEBUG org.hibernate.orm.results - Extracted JDBC value [2] - [2025-06-06]
10:24:08.590 [main] DEBUG org.hibernate.orm.results - Extracted JDBC value [3] - [2025-06-20]
10:24:08.590 [main] DEBUG org.hibernate.orm.results - Extracted JDBC value [4] - [Test Task Project]
10:24:08.590 [main] DEBUG org.hibernate.orm.results - Extracted JDBC value [5] - [2025-04-25]
10:24:08.590 [main] DEBUG org.hibernate.orm.results.loading.entity - (EntityResultInitializer) Done materializing entityInstance : org.frcpm.models.Project(959664869500900)#81
10:24:08.590 [main] DEBUG org.hibernate.orm.results.loading - Calling top-level assembler (0 / 1) : org.hibernate.sql.results.graph.entity.internal.EntityAssembler@70c3b62b
10:24:08.590 [main] DEBUG org.hibernate.orm.results - Extracted JDBC value [0] - [82]
10:24:08.590 [main] DEBUG org.hibernate.orm.results.loading.entity - (EntityResultInitializer) Hydrated EntityKey (org.frcpm.models.Project(959664869500900)): 82
10:24:08.590 [main] DEBUG org.hibernate.orm.results.loading.org.hibernate.orm.results.loading.collection - (DelayedCollectionInitializer) Current row collection key : org.frcpm.models.Project(959664869500900).meetings#82
10:24:08.590 [main] DEBUG org.hibernate.orm.results.loading.org.hibernate.orm.results.loading.collection - (DelayedCollectionInitializer) Current row collection key : org.frcpm.models.Project(959664869500900).milestones#82
10:24:08.590 [main] DEBUG org.hibernate.orm.results.loading.org.hibernate.orm.results.loading.collection - (DelayedCollectionInitializer) Current row collection key : org.frcpm.models.Project(959664869500900).tasks#82
10:24:08.590 [main] DEBUG org.hibernate.orm.results.loading.entity - (EntityResultInitializer) Created new entity instance [org.frcpm.models.Project(959664869500900)#82] : 1352663863
10:24:08.590 [main] DEBUG org.hibernate.orm.results - Extracted JDBC value [1] - [null]
10:24:08.590 [main] DEBUG org.hibernate.orm.results - Extracted JDBC value [2] - [2025-06-06]
10:24:08.590 [main] DEBUG org.hibernate.orm.results - Extracted JDBC value [3] - [2025-06-20]
10:24:08.590 [main] DEBUG org.hibernate.orm.results - Extracted JDBC value [4] - [Test Task Project]
10:24:08.590 [main] DEBUG org.hibernate.orm.results - Extracted JDBC value [5] - [2025-04-25]
10:24:08.590 [main] DEBUG org.hibernate.orm.results.loading.entity - (EntityResultInitializer) Done materializing entityInstance : org.frcpm.models.Project(959664869500900)#82
10:24:08.590 [main] DEBUG org.hibernate.orm.results.loading - Calling top-level assembler (0 / 1) : org.hibernate.sql.results.graph.entity.internal.EntityAssembler@70c3b62b
10:24:08.590 [main] DEBUG org.hibernate.orm.results - Extracted JDBC value [0] - [104]
10:24:08.590 [main] DEBUG org.hibernate.orm.results.loading.entity - (EntityResultInitializer) Hydrated EntityKey (org.frcpm.models.Project(959664869500900)): 104
10:24:08.590 [main] DEBUG org.hibernate.orm.results.loading.org.hibernate.orm.results.loading.collection - (DelayedCollectionInitializer) Current row collection key : org.frcpm.models.Project(959664869500900).meetings#104
10:24:08.590 [main] DEBUG org.hibernate.orm.results.loading.org.hibernate.orm.results.loading.collection - (DelayedCollectionInitializer) Current row collection key : org.frcpm.models.Project(959664869500900).milestones#104
10:24:08.590 [main] DEBUG org.hibernate.orm.results.loading.org.hibernate.orm.results.loading.collection - (DelayedCollectionInitializer) Current row collection key : org.frcpm.models.Project(959664869500900).tasks#104
10:24:08.590 [main] DEBUG org.hibernate.orm.results.loading.entity - (EntityResultInitializer) Created new entity instance [org.frcpm.models.Project(959664869500900)#104] : 913681816
10:24:08.590 [main] DEBUG org.hibernate.orm.results - Extracted JDBC value [1] - [null]
10:24:08.590 [main] DEBUG org.hibernate.orm.results - Extracted JDBC value [2] - [2025-06-06]
10:24:08.590 [main] DEBUG org.hibernate.orm.results - Extracted JDBC value [3] - [2025-06-20]
10:24:08.590 [main] DEBUG org.hibernate.orm.results - Extracted JDBC value [4] - [Component Test Project]
10:24:08.590 [main] DEBUG org.hibernate.orm.results - Extracted JDBC value [5] - [2025-04-25]
10:24:08.590 [main] DEBUG org.hibernate.orm.results.loading.entity - (EntityResultInitializer) Done materializing entityInstance : org.frcpm.models.Project(959664869500900)#104
10:24:08.590 [main] DEBUG org.hibernate.orm.results.loading - Calling top-level assembler (0 / 1) : org.hibernate.sql.results.graph.entity.internal.EntityAssembler@70c3b62b
10:24:08.590 [main] DEBUG org.hibernate.orm.results - Extracted JDBC value [0] - [135]
10:24:08.590 [main] DEBUG org.hibernate.orm.results.loading.entity - (EntityResultInitializer) Hydrated EntityKey (org.frcpm.models.Project(959664869500900)): 135
10:24:08.590 [main] DEBUG org.hibernate.orm.results.loading.org.hibernate.orm.results.loading.collection - (DelayedCollectionInitializer) Current row collection key : org.frcpm.models.Project(959664869500900).meetings#135
10:24:08.590 [main] DEBUG org.hibernate.orm.results.loading.org.hibernate.orm.results.loading.collection - (DelayedCollectionInitializer) Current row collection key : org.frcpm.models.Project(959664869500900).milestones#135
10:24:08.590 [main] DEBUG org.hibernate.orm.results.loading.org.hibernate.orm.results.loading.collection - (DelayedCollectionInitializer) Current row collection key : org.frcpm.models.Project(959664869500900).tasks#135
10:24:08.590 [main] DEBUG org.hibernate.orm.results.loading.entity - (EntityResultInitializer) Created new entity instance [org.frcpm.models.Project(959664869500900)#135] : 1434417325
10:24:08.591 [main] DEBUG org.hibernate.orm.results - Extracted JDBC value [1] - [null]
10:24:08.591 [main] DEBUG org.hibernate.orm.results - Extracted JDBC value [2] - [2025-05-23]
10:24:08.591 [main] DEBUG org.hibernate.orm.results - Extracted JDBC value [3] - [2025-06-06]
10:24:08.591 [main] DEBUG org.hibernate.orm.results - Extracted JDBC value [4] - [Test Create Service Project]
10:24:08.591 [main] DEBUG org.hibernate.orm.results - Extracted JDBC value [5] - [2025-04-25]
10:24:08.591 [main] DEBUG org.hibernate.orm.results.loading.entity - (EntityResultInitializer) Done materializing entityInstance : org.frcpm.models.Project(959664869500900)#135
10:24:08.591 [main] DEBUG org.hibernate.orm.results.loading - Calling top-level assembler (0 / 1) : org.hibernate.sql.results.graph.entity.internal.EntityAssembler@70c3b62b
10:24:08.591 [main] DEBUG org.hibernate.orm.results - Extracted JDBC value [0] - [142]
10:24:08.591 [main] DEBUG org.hibernate.orm.results.loading.entity - (EntityResultInitializer) Hydrated EntityKey (org.frcpm.models.Project(959664869500900)): 142
10:24:08.591 [main] DEBUG org.hibernate.orm.results.loading.org.hibernate.orm.results.loading.collection - (DelayedCollectionInitializer) Current row collection key : org.frcpm.models.Project(959664869500900).meetings#142
10:24:08.591 [main] DEBUG org.hibernate.orm.results.loading.org.hibernate.orm.results.loading.collection - (DelayedCollectionInitializer) Current row collection key : org.frcpm.models.Project(959664869500900).milestones#142
10:24:08.591 [main] DEBUG org.hibernate.orm.results.loading.org.hibernate.orm.results.loading.collection - (DelayedCollectionInitializer) Current row collection key : org.frcpm.models.Project(959664869500900).tasks#142
10:24:08.591 [main] DEBUG org.hibernate.orm.results.loading.entity - (EntityResultInitializer) Created new entity instance [org.frcpm.models.Project(959664869500900)#142] : 606905461
10:24:08.591 [main] DEBUG org.hibernate.orm.results - Extracted JDBC value [1] - [Updated description]
10:24:08.591 [main] DEBUG org.hibernate.orm.results - Extracted JDBC value [2] - [2025-05-23]
10:24:08.591 [main] DEBUG org.hibernate.orm.results - Extracted JDBC value [3] - [2025-06-06]
10:24:08.591 [main] DEBUG org.hibernate.orm.results - Extracted JDBC value [4] - [Updated Service Project Name]
10:24:08.591 [main] DEBUG org.hibernate.orm.results - Extracted JDBC value [5] - [2025-04-25]
10:24:08.591 [main] DEBUG org.hibernate.orm.results.loading.entity - (EntityResultInitializer) Done materializing entityInstance : org.frcpm.models.Project(959664869500900)#142
10:24:08.591 [main] DEBUG org.hibernate.orm.results.loading - Calling top-level assembler (0 / 1) : org.hibernate.sql.results.graph.entity.internal.EntityAssembler@70c3b62b
10:24:08.591 [main] DEBUG org.hibernate.orm.results - Extracted JDBC value [0] - [148]
10:24:08.591 [main] DEBUG org.hibernate.orm.results.loading.entity - (EntityResultInitializer) Hydrated EntityKey (org.frcpm.models.Project(959664869500900)): 148
10:24:08.591 [main] DEBUG org.hibernate.orm.results.loading.org.hibernate.orm.results.loading.collection - (DelayedCollectionInitializer) Current row collection key : org.frcpm.models.Project(959664869500900).meetings#148
10:24:08.591 [main] DEBUG org.hibernate.orm.results.loading.org.hibernate.orm.results.loading.collection - (DelayedCollectionInitializer) Current row collection key : org.frcpm.models.Project(959664869500900).milestones#148
10:24:08.591 [main] DEBUG org.hibernate.orm.results.loading.org.hibernate.orm.results.loading.collection - (DelayedCollectionInitializer) Current row collection key : org.frcpm.models.Project(959664869500900).tasks#148
10:24:08.591 [main] DEBUG org.hibernate.orm.results.loading.entity - (EntityResultInitializer) Created new entity instance [org.frcpm.models.Project(959664869500900)#148] : 1969209259
10:24:08.591 [main] DEBUG org.hibernate.orm.results - Extracted JDBC value [1] - [null]
10:24:08.591 [main] DEBUG org.hibernate.orm.results - Extracted JDBC value [2] - [2025-05-23]
10:24:08.591 [main] DEBUG org.hibernate.orm.results - Extracted JDBC value [3] - [2025-06-06]
10:24:08.591 [main] DEBUG org.hibernate.orm.results - Extracted JDBC value [4] - [Test Summary Project]
10:24:08.591 [main] DEBUG org.hibernate.orm.results - Extracted JDBC value [5] - [2025-04-25]
10:24:08.592 [main] DEBUG org.hibernate.orm.results.loading.entity - (EntityResultInitializer) Done materializing entityInstance : org.frcpm.models.Project(959664869500900)#148
10:24:08.592 [main] DEBUG org.hibernate.orm.results.loading - Calling top-level assembler (0 / 1) : org.hibernate.sql.results.graph.entity.internal.EntityAssembler@70c3b62b
10:24:08.592 [main] DEBUG org.hibernate.resource.jdbc.internal.LogicalConnectionManagedImpl - Initiating JDBC connection release from afterTransaction
10:24:08.592 [main] DEBUG org.hibernate.resource.jdbc.internal.LogicalConnectionManagedImpl - Initiating JDBC connection release from afterTransaction
]]></system-out>
    <system-err><![CDATA[Apr 25, 2025 10:24:08 AM org.frcpm.controllers.ProjectController setupBindings
WARNING: UI components not initialized - likely in test environment
]]></system-err>
  </testcase>
</testsuite>