<?xml version="1.0" encoding="UTF-8"?>
<testsuite xmlns:xsi="http://www.w3.org/2001/XMLSchema-instance" xsi:noNamespaceSchemaLocation="https://maven.apache.org/surefire/maven-surefire-plugin/xsd/surefire-test-report-3.0.xsd" version="3.0" name="org.frcpm.utils.DatabaseTestUtilTest" time="0.25" tests="14" errors="0" skipped="0" failures="0">
  <properties>
    <property name="java.specification.version" value="21"/>
    <property name="javafx.runtime.version" value="21.0.2+5"/>
    <property name="sun.cpu.isalist" value="amd64"/>
    <property name="sun.jnu.encoding" value="Cp1252"/>
    <property name="java.class.path" value="C:\Users\dhiebert\Local Repositories\Project Management 2.0\target\test-classes;C:\Users\dhiebert\Local Repositories\Project Management 2.0\target\classes;C:\Users\dhiebert\.m2\repository\org\openjfx\javafx-controls\21.0.2\javafx-controls-21.0.2.jar;C:\Users\dhiebert\.m2\repository\org\openjfx\javafx-controls\21.0.2\javafx-controls-21.0.2-win.jar;C:\Users\dhiebert\.m2\repository\org\openjfx\javafx-fxml\21.0.2\javafx-fxml-21.0.2.jar;C:\Users\dhiebert\.m2\repository\org\openjfx\javafx-fxml\21.0.2\javafx-fxml-21.0.2-win.jar;C:\Users\dhiebert\.m2\repository\org\openjfx\javafx-graphics\21.0.2\javafx-graphics-21.0.2.jar;C:\Users\dhiebert\.m2\repository\org\openjfx\javafx-graphics\21.0.2\javafx-graphics-21.0.2-win.jar;C:\Users\dhiebert\.m2\repository\org\openjfx\javafx-base\21.0.2\javafx-base-21.0.2.jar;C:\Users\dhiebert\.m2\repository\org\openjfx\javafx-base\21.0.2\javafx-base-21.0.2-win.jar;C:\Users\dhiebert\.m2\repository\com\h2database\h2\2.2.224\h2-2.2.224.jar;C:\Users\dhiebert\.m2\repository\com\zaxxer\HikariCP\5.1.0\HikariCP-5.1.0.jar;C:\Users\dhiebert\.m2\repository\org\slf4j\slf4j-api\1.7.36\slf4j-api-1.7.36.jar;C:\Users\dhiebert\.m2\repository\org\hibernate\orm\hibernate-core\6.5.0.Final\hibernate-core-6.5.0.Final.jar;C:\Users\dhiebert\.m2\repository\jakarta\persistence\jakarta.persistence-api\3.1.0\jakarta.persistence-api-3.1.0.jar;C:\Users\dhiebert\.m2\repository\jakarta\transaction\jakarta.transaction-api\2.0.1\jakarta.transaction-api-2.0.1.jar;C:\Users\dhiebert\.m2\repository\org\jboss\logging\jboss-logging\3.5.0.Final\jboss-logging-3.5.0.Final.jar;C:\Users\dhiebert\.m2\repository\org\hibernate\common\hibernate-commons-annotations\6.0.6.Final\hibernate-commons-annotations-6.0.6.Final.jar;C:\Users\dhiebert\.m2\repository\io\smallrye\jandex\3.1.2\jandex-3.1.2.jar;C:\Users\dhiebert\.m2\repository\com\fasterxml\classmate\1.5.1\classmate-1.5.1.jar;C:\Users\dhiebert\.m2\repository\net\bytebuddy\byte-buddy\1.14.12\byte-buddy-1.14.12.jar;C:\Users\dhiebert\.m2\repository\jakarta\xml\bind\jakarta.xml.bind-api\4.0.0\jakarta.xml.bind-api-4.0.0.jar;C:\Users\dhiebert\.m2\repository\jakarta\activation\jakarta.activation-api\2.1.0\jakarta.activation-api-2.1.0.jar;C:\Users\dhiebert\.m2\repository\org\glassfish\jaxb\jaxb-runtime\4.0.2\jaxb-runtime-4.0.2.jar;C:\Users\dhiebert\.m2\repository\org\glassfish\jaxb\jaxb-core\4.0.2\jaxb-core-4.0.2.jar;C:\Users\dhiebert\.m2\repository\org\eclipse\angus\angus-activation\2.0.0\angus-activation-2.0.0.jar;C:\Users\dhiebert\.m2\repository\org\glassfish\jaxb\txw2\4.0.2\txw2-4.0.2.jar;C:\Users\dhiebert\.m2\repository\com\sun\istack\istack-commons-runtime\4.1.1\istack-commons-runtime-4.1.1.jar;C:\Users\dhiebert\.m2\repository\jakarta\inject\jakarta.inject-api\2.0.1\jakarta.inject-api-2.0.1.jar;C:\Users\dhiebert\.m2\repository\org\antlr\antlr4-runtime\4.13.0\antlr4-runtime-4.13.0.jar;C:\Users\dhiebert\.m2\repository\org\hibernate\validator\hibernate-validator\8.0.1.Final\hibernate-validator-8.0.1.Final.jar;C:\Users\dhiebert\.m2\repository\jakarta\validation\jakarta.validation-api\3.0.2\jakarta.validation-api-3.0.2.jar;C:\Users\dhiebert\.m2\repository\org\junit\jupiter\junit-jupiter-api\5.10.2\junit-jupiter-api-5.10.2.jar;C:\Users\dhiebert\.m2\repository\org\opentest4j\opentest4j\1.3.0\opentest4j-1.3.0.jar;C:\Users\dhiebert\.m2\repository\org\junit\platform\junit-platform-commons\1.10.2\junit-platform-commons-1.10.2.jar;C:\Users\dhiebert\.m2\repository\org\apiguardian\apiguardian-api\1.1.2\apiguardian-api-1.1.2.jar;C:\Users\dhiebert\.m2\repository\org\junit\jupiter\junit-jupiter-engine\5.10.2\junit-jupiter-engine-5.10.2.jar;C:\Users\dhiebert\.m2\repository\org\junit\platform\junit-platform-engine\1.10.2\junit-platform-engine-1.10.2.jar;C:\Users\dhiebert\.m2\repository\org\mockito\mockito-junit-jupiter\5.10.0\mockito-junit-jupiter-5.10.0.jar;C:\Users\dhiebert\.m2\repository\org\mockito\mockito-core\5.10.0\mockito-core-5.10.0.jar;C:\Users\dhiebert\.m2\repository\net\bytebuddy\byte-buddy-agent\1.14.11\byte-buddy-agent-1.14.11.jar;C:\Users\dhiebert\.m2\repository\org\objenesis\objenesis\3.3\objenesis-3.3.jar;C:\Users\dhiebert\.m2\repository\org\hibernate\orm\hibernate-hikaricp\6.5.0.Final\hibernate-hikaricp-6.5.0.Final.jar;C:\Users\dhiebert\.m2\repository\ch\qos\logback\logback-classic\1.2.11\logback-classic-1.2.11.jar;C:\Users\dhiebert\.m2\repository\ch\qos\logback\logback-core\1.2.11\logback-core-1.2.11.jar;C:\Users\dhiebert\.m2\repository\org\testfx\testfx-core\4.0.18\testfx-core-4.0.18.jar;C:\Users\dhiebert\.m2\repository\org\hamcrest\hamcrest\2.1\hamcrest-2.1.jar;C:\Users\dhiebert\.m2\repository\org\assertj\assertj-core\3.13.2\assertj-core-3.13.2.jar;C:\Users\dhiebert\.m2\repository\org\osgi\org.osgi.core\6.0.0\org.osgi.core-6.0.0.jar;C:\Users\dhiebert\.m2\repository\org\testfx\testfx-junit5\4.0.18\testfx-junit5-4.0.18.jar;C:\Users\dhiebert\.m2\repository\org\openjfx\javafx-web\17.0.2\javafx-web-17.0.2.jar;C:\Users\dhiebert\.m2\repository\org\openjfx\javafx-web\17.0.2\javafx-web-17.0.2-win.jar;C:\Users\dhiebert\.m2\repository\org\openjfx\javafx-media\17.0.2\javafx-media-17.0.2.jar;C:\Users\dhiebert\.m2\repository\org\openjfx\javafx-media\17.0.2\javafx-media-17.0.2-win.jar;C:\Users\dhiebert\.m2\repository\org\apache\pdfbox\pdfbox\2.0.27\pdfbox-2.0.27.jar;C:\Users\dhiebert\.m2\repository\org\apache\pdfbox\fontbox\2.0.27\fontbox-2.0.27.jar;C:\Users\dhiebert\.m2\repository\commons-logging\commons-logging\1.2\commons-logging-1.2.jar;C:\Users\dhiebert\.m2\repository\com\fasterxml\jackson\core\jackson-databind\2.15.0\jackson-databind-2.15.0.jar;C:\Users\dhiebert\.m2\repository\com\fasterxml\jackson\core\jackson-annotations\2.15.0\jackson-annotations-2.15.0.jar;C:\Users\dhiebert\.m2\repository\com\fasterxml\jackson\core\jackson-core\2.15.0\jackson-core-2.15.0.jar;C:\Users\dhiebert\.m2\repository\org\apache\xmlgraphics\batik-all\1.16\batik-all-1.16.jar;C:\Users\dhiebert\.m2\repository\xml-apis\xml-apis\1.4.01\xml-apis-1.4.01.jar;C:\Users\dhiebert\.m2\repository\xml-apis\xml-apis-ext\1.3.04\xml-apis-ext-1.3.04.jar;C:\Users\dhiebert\.m2\repository\org\apache\xmlgraphics\xmlgraphics-commons\2.7\xmlgraphics-commons-2.7.jar;C:\Users\dhiebert\.m2\repository\commons-io\commons-io\1.3.1\commons-io-1.3.1.jar;C:\Users\dhiebert\.m2\repository\org\jgrapht\jgrapht-core\1.5.2\jgrapht-core-1.5.2.jar;C:\Users\dhiebert\.m2\repository\org\jheaps\jheaps\0.14\jheaps-0.14.jar;C:\Users\dhiebert\.m2\repository\org\apfloat\apfloat\1.10.1\apfloat-1.10.1.jar;"/>
    <property name="java.vm.vendor" value="Eclipse Adoptium"/>
    <property name="sun.arch.data.model" value="64"/>
    <property name="user.variant" value=""/>
    <property name="java.vendor.url" value="https://adoptium.net/"/>
    <property name="user.timezone" value="America/Chicago"/>
    <property name="os.name" value="Windows 11"/>
    <property name="java.vm.specification.version" value="21"/>
    <property name="javafx.version" value="21.0.2"/>
    <property name="sun.java.launcher" value="SUN_STANDARD"/>
    <property name="user.country" value="US"/>
    <property name="sun.boot.library.path" value="C:\Program Files\Eclipse Adoptium\jdk-21.0.6.7-hotspot\bin"/>
    <property name="sun.java.command" value="C:\Users\dhiebert\AppData\Local\Temp\surefire9513985487531586668\surefirebooter-20250425102356946_3.jar C:\Users\dhiebert\AppData\Local\Temp\surefire9513985487531586668 2025-04-25T10-23-56_800-jvmRun1 surefire-20250425102356946_1tmp surefire_0-20250425102356946_2tmp"/>
    <property name="jdk.debug" value="release"/>
    <property name="surefire.test.class.path" value="C:\Users\dhiebert\Local Repositories\Project Management 2.0\target\test-classes;C:\Users\dhiebert\Local Repositories\Project Management 2.0\target\classes;C:\Users\dhiebert\.m2\repository\org\openjfx\javafx-controls\21.0.2\javafx-controls-21.0.2.jar;C:\Users\dhiebert\.m2\repository\org\openjfx\javafx-controls\21.0.2\javafx-controls-21.0.2-win.jar;C:\Users\dhiebert\.m2\repository\org\openjfx\javafx-fxml\21.0.2\javafx-fxml-21.0.2.jar;C:\Users\dhiebert\.m2\repository\org\openjfx\javafx-fxml\21.0.2\javafx-fxml-21.0.2-win.jar;C:\Users\dhiebert\.m2\repository\org\openjfx\javafx-graphics\21.0.2\javafx-graphics-21.0.2.jar;C:\Users\dhiebert\.m2\repository\org\openjfx\javafx-graphics\21.0.2\javafx-graphics-21.0.2-win.jar;C:\Users\dhiebert\.m2\repository\org\openjfx\javafx-base\21.0.2\javafx-base-21.0.2.jar;C:\Users\dhiebert\.m2\repository\org\openjfx\javafx-base\21.0.2\javafx-base-21.0.2-win.jar;C:\Users\dhiebert\.m2\repository\com\h2database\h2\2.2.224\h2-2.2.224.jar;C:\Users\dhiebert\.m2\repository\com\zaxxer\HikariCP\5.1.0\HikariCP-5.1.0.jar;C:\Users\dhiebert\.m2\repository\org\slf4j\slf4j-api\1.7.36\slf4j-api-1.7.36.jar;C:\Users\dhiebert\.m2\repository\org\hibernate\orm\hibernate-core\6.5.0.Final\hibernate-core-6.5.0.Final.jar;C:\Users\dhiebert\.m2\repository\jakarta\persistence\jakarta.persistence-api\3.1.0\jakarta.persistence-api-3.1.0.jar;C:\Users\dhiebert\.m2\repository\jakarta\transaction\jakarta.transaction-api\2.0.1\jakarta.transaction-api-2.0.1.jar;C:\Users\dhiebert\.m2\repository\org\jboss\logging\jboss-logging\3.5.0.Final\jboss-logging-3.5.0.Final.jar;C:\Users\dhiebert\.m2\repository\org\hibernate\common\hibernate-commons-annotations\6.0.6.Final\hibernate-commons-annotations-6.0.6.Final.jar;C:\Users\dhiebert\.m2\repository\io\smallrye\jandex\3.1.2\jandex-3.1.2.jar;C:\Users\dhiebert\.m2\repository\com\fasterxml\classmate\1.5.1\classmate-1.5.1.jar;C:\Users\dhiebert\.m2\repository\net\bytebuddy\byte-buddy\1.14.12\byte-buddy-1.14.12.jar;C:\Users\dhiebert\.m2\repository\jakarta\xml\bind\jakarta.xml.bind-api\4.0.0\jakarta.xml.bind-api-4.0.0.jar;C:\Users\dhiebert\.m2\repository\jakarta\activation\jakarta.activation-api\2.1.0\jakarta.activation-api-2.1.0.jar;C:\Users\dhiebert\.m2\repository\org\glassfish\jaxb\jaxb-runtime\4.0.2\jaxb-runtime-4.0.2.jar;C:\Users\dhiebert\.m2\repository\org\glassfish\jaxb\jaxb-core\4.0.2\jaxb-core-4.0.2.jar;C:\Users\dhiebert\.m2\repository\org\eclipse\angus\angus-activation\2.0.0\angus-activation-2.0.0.jar;C:\Users\dhiebert\.m2\repository\org\glassfish\jaxb\txw2\4.0.2\txw2-4.0.2.jar;C:\Users\dhiebert\.m2\repository\com\sun\istack\istack-commons-runtime\4.1.1\istack-commons-runtime-4.1.1.jar;C:\Users\dhiebert\.m2\repository\jakarta\inject\jakarta.inject-api\2.0.1\jakarta.inject-api-2.0.1.jar;C:\Users\dhiebert\.m2\repository\org\antlr\antlr4-runtime\4.13.0\antlr4-runtime-4.13.0.jar;C:\Users\dhiebert\.m2\repository\org\hibernate\validator\hibernate-validator\8.0.1.Final\hibernate-validator-8.0.1.Final.jar;C:\Users\dhiebert\.m2\repository\jakarta\validation\jakarta.validation-api\3.0.2\jakarta.validation-api-3.0.2.jar;C:\Users\dhiebert\.m2\repository\org\junit\jupiter\junit-jupiter-api\5.10.2\junit-jupiter-api-5.10.2.jar;C:\Users\dhiebert\.m2\repository\org\opentest4j\opentest4j\1.3.0\opentest4j-1.3.0.jar;C:\Users\dhiebert\.m2\repository\org\junit\platform\junit-platform-commons\1.10.2\junit-platform-commons-1.10.2.jar;C:\Users\dhiebert\.m2\repository\org\apiguardian\apiguardian-api\1.1.2\apiguardian-api-1.1.2.jar;C:\Users\dhiebert\.m2\repository\org\junit\jupiter\junit-jupiter-engine\5.10.2\junit-jupiter-engine-5.10.2.jar;C:\Users\dhiebert\.m2\repository\org\junit\platform\junit-platform-engine\1.10.2\junit-platform-engine-1.10.2.jar;C:\Users\dhiebert\.m2\repository\org\mockito\mockito-junit-jupiter\5.10.0\mockito-junit-jupiter-5.10.0.jar;C:\Users\dhiebert\.m2\repository\org\mockito\mockito-core\5.10.0\mockito-core-5.10.0.jar;C:\Users\dhiebert\.m2\repository\net\bytebuddy\byte-buddy-agent\1.14.11\byte-buddy-agent-1.14.11.jar;C:\Users\dhiebert\.m2\repository\org\objenesis\objenesis\3.3\objenesis-3.3.jar;C:\Users\dhiebert\.m2\repository\org\hibernate\orm\hibernate-hikaricp\6.5.0.Final\hibernate-hikaricp-6.5.0.Final.jar;C:\Users\dhiebert\.m2\repository\ch\qos\logback\logback-classic\1.2.11\logback-classic-1.2.11.jar;C:\Users\dhiebert\.m2\repository\ch\qos\logback\logback-core\1.2.11\logback-core-1.2.11.jar;C:\Users\dhiebert\.m2\repository\org\testfx\testfx-core\4.0.18\testfx-core-4.0.18.jar;C:\Users\dhiebert\.m2\repository\org\hamcrest\hamcrest\2.1\hamcrest-2.1.jar;C:\Users\dhiebert\.m2\repository\org\assertj\assertj-core\3.13.2\assertj-core-3.13.2.jar;C:\Users\dhiebert\.m2\repository\org\osgi\org.osgi.core\6.0.0\org.osgi.core-6.0.0.jar;C:\Users\dhiebert\.m2\repository\org\testfx\testfx-junit5\4.0.18\testfx-junit5-4.0.18.jar;C:\Users\dhiebert\.m2\repository\org\openjfx\javafx-web\17.0.2\javafx-web-17.0.2.jar;C:\Users\dhiebert\.m2\repository\org\openjfx\javafx-web\17.0.2\javafx-web-17.0.2-win.jar;C:\Users\dhiebert\.m2\repository\org\openjfx\javafx-media\17.0.2\javafx-media-17.0.2.jar;C:\Users\dhiebert\.m2\repository\org\openjfx\javafx-media\17.0.2\javafx-media-17.0.2-win.jar;C:\Users\dhiebert\.m2\repository\org\apache\pdfbox\pdfbox\2.0.27\pdfbox-2.0.27.jar;C:\Users\dhiebert\.m2\repository\org\apache\pdfbox\fontbox\2.0.27\fontbox-2.0.27.jar;C:\Users\dhiebert\.m2\repository\commons-logging\commons-logging\1.2\commons-logging-1.2.jar;C:\Users\dhiebert\.m2\repository\com\fasterxml\jackson\core\jackson-databind\2.15.0\jackson-databind-2.15.0.jar;C:\Users\dhiebert\.m2\repository\com\fasterxml\jackson\core\jackson-annotations\2.15.0\jackson-annotations-2.15.0.jar;C:\Users\dhiebert\.m2\repository\com\fasterxml\jackson\core\jackson-core\2.15.0\jackson-core-2.15.0.jar;C:\Users\dhiebert\.m2\repository\org\apache\xmlgraphics\batik-all\1.16\batik-all-1.16.jar;C:\Users\dhiebert\.m2\repository\xml-apis\xml-apis\1.4.01\xml-apis-1.4.01.jar;C:\Users\dhiebert\.m2\repository\xml-apis\xml-apis-ext\1.3.04\xml-apis-ext-1.3.04.jar;C:\Users\dhiebert\.m2\repository\org\apache\xmlgraphics\xmlgraphics-commons\2.7\xmlgraphics-commons-2.7.jar;C:\Users\dhiebert\.m2\repository\commons-io\commons-io\1.3.1\commons-io-1.3.1.jar;C:\Users\dhiebert\.m2\repository\org\jgrapht\jgrapht-core\1.5.2\jgrapht-core-1.5.2.jar;C:\Users\dhiebert\.m2\repository\org\jheaps\jheaps\0.14\jheaps-0.14.jar;C:\Users\dhiebert\.m2\repository\org\apfloat\apfloat\1.10.1\apfloat-1.10.1.jar;"/>
    <property name="sun.cpu.endian" value="little"/>
    <property name="user.home" value="C:\Users\dhiebert"/>
    <property name="user.language" value="en"/>
    <property name="java.specification.vendor" value="Oracle Corporation"/>
    <property name="java.version.date" value="2025-01-21"/>
    <property name="java.home" value="C:\Program Files\Eclipse Adoptium\jdk-21.0.6.7-hotspot"/>
    <property name="file.separator" value="\"/>
    <property name="basedir" value="C:\Users\dhiebert\Local Repositories\Project Management 2.0"/>
    <property name="java.vm.compressedOopsMode" value="Zero based"/>
    <property name="line.separator" value="&#10;"/>
    <property name="java.vm.specification.vendor" value="Oracle Corporation"/>
    <property name="java.specification.name" value="Java Platform API Specification"/>
    <property name="app.db.name" value="test-prod-1745594736361"/>
    <property name="surefire.real.class.path" value="C:\Users\dhiebert\AppData\Local\Temp\surefire9513985487531586668\surefirebooter-20250425102356946_3.jar"/>
    <property name="user.script" value=""/>
    <property name="sun.management.compiler" value="HotSpot 64-Bit Tiered Compilers"/>
    <property name="java.runtime.version" value="21.0.6+7-LTS"/>
    <property name="user.name" value="dhiebert"/>
    <property name="stdout.encoding" value="Cp1252"/>
    <property name="path.separator" value=";"/>
    <property name="os.version" value="10.0"/>
    <property name="java.runtime.name" value="OpenJDK Runtime Environment"/>
    <property name="file.encoding" value="UTF-8"/>
    <property name="app.db.dev" value="true"/>
    <property name="java.vm.name" value="OpenJDK 64-Bit Server VM"/>
    <property name="java.vendor.version" value="Temurin-21.0.6+7"/>
    <property name="localRepository" value="C:\Users\dhiebert\.m2\repository"/>
    <property name="java.vendor.url.bug" value="https://github.com/adoptium/adoptium-support/issues"/>
    <property name="java.io.tmpdir" value="C:\Users\dhiebert\AppData\Local\Temp\"/>
    <property name="java.version" value="21.0.6"/>
    <property name="user.dir" value="C:\Users\dhiebert\Local Repositories\Project Management 2.0"/>
    <property name="os.arch" value="amd64"/>
    <property name="java.vm.specification.name" value="Java Virtual Machine Specification"/>
    <property name="sun.os.patch.level" value=""/>
    <property name="native.encoding" value="Cp1252"/>
    <property name="java.library.path" value="C:\Program Files\Eclipse Adoptium\jdk-21.0.6.7-hotspot\bin;C:\WINDOWS\Sun\Java\bin;C:\WINDOWS\system32;C:\WINDOWS;C:\Program Files\apache-maven-3.9.9\bin;C:\Program Files\Eclipse Adoptium\jdk-21.0.6.7-hotspot\bin;C:\Program Files\National Instruments\Shared\OpenVINO\;C:\Program Files\Common Files\Oracle\Java\javapath;C:\WINDOWS\system32;C:\WINDOWS;C:\WINDOWS\System32\Wbem;C:\WINDOWS\System32\WindowsPowerShell\v1.0\;C:\WINDOWS\System32\OpenSSH\;C:\Program Files\dotnet\;C:\Program Files (x86)\Windows Live\Shared;C:\Program Files\Git\cmd;C:\Program Files\Common Files\Autodesk Shared\;C:\Program Files\Microsoft SQL Server\150\Tools\Binn\;C:\Program Files\nodejs\;C:\Program Files\Eclipse Adoptium\jdk-21.0.6.7-hotspot\bin;C:\Program Files\apache-maven-3.9.9\bin;%MAVEN_HOME%\bin;C:\Users\dhiebert\AppData\Local\Microsoft\WindowsApps;C:\Users\dhiebert\AppData\Local\GitHubDesktop\bin;C:\Users\dhiebert\AppData\Roaming\npm;C:\Users\dhiebert\AppData\Local\Packages\PythonSoftwareFoundation.Python.3.11_qbz5n2kfra8p0\LocalCache\local-packages\Python311\Scripts;C:\Users\dhiebert\AppData\Local\Packages\PythonSoftwareFoundation.Python.3.11_qbz5n2kfra8p0\LocalCache\local-packages\Python311\site-packages\maven;;c:\Users\Public\wpilib\2025\vscode\data\user-data\User\globalStorage\github.copilot-chat\debugCommand;c:\Users\Public\wpilib\2025\vscode\data\extensions\ms-python.debugpy-2025.4.1-win32-x64\bundled\scripts\noConfigScripts;."/>
    <property name="java.vm.info" value="mixed mode, sharing"/>
    <property name="stderr.encoding" value="Cp1252"/>
    <property name="java.vendor" value="Eclipse Adoptium"/>
    <property name="java.vm.version" value="21.0.6+7-LTS"/>
    <property name="sun.io.unicode.encoding" value="UnicodeLittle"/>
    <property name="java.class.version" value="65.0"/>
  </properties>
  <testcase name="testTestDatabase" classname="org.frcpm.utils.DatabaseTestUtilTest" time="0.052">
    <system-out><![CDATA[10:25:38.208 [main] DEBUG org.hibernate.jpa.HibernatePersistenceProvider - Located and parsed 1 persistence units; checking each
10:25:38.208 [main] DEBUG org.hibernate.jpa.HibernatePersistenceProvider - Checking persistence-unit [name=frcpm, explicit-provider=org.hibernate.jpa.HibernatePersistenceProvider] against incoming persistence unit name [frcpm]
10:25:38.208 [main] DEBUG org.hibernate.jpa.boot.spi.ProviderChecker - Persistence-unit [frcpm] requested PersistenceProvider [org.hibernate.jpa.HibernatePersistenceProvider]
10:25:38.208 [main] DEBUG org.hibernate.jpa.internal.util.LogHelper - PersistenceUnitInfo [
	name: frcpm
	persistence provider classname: org.hibernate.jpa.HibernatePersistenceProvider
	classloader: null
	excludeUnlistedClasses: false
	JTA datasource: null
	Non JTA datasource: null
	Transaction type: RESOURCE_LOCAL
	PU root URL: file:/C:/Users/dhiebert/Local%20Repositories/Project%20Management%202.0/target/classes
	Shared Cache Mode: null
	Validation Mode: null
	Jar files URLs []
	Managed classes names [
		org.frcpm.models.Project
		org.frcpm.models.Subteam
		org.frcpm.models.TeamMember
		org.frcpm.models.Subsystem
		org.frcpm.models.Task
		org.frcpm.models.Component
		org.frcpm.models.Meeting
		org.frcpm.models.Attendance
		org.frcpm.models.Milestone]
	Mapping files names []
	Properties [
		hibernate.connection.handling_mode: DELAYED_ACQUISITION_AND_RELEASE_AFTER_STATEMENT
		jakarta.persistence.jdbc.url: jdbc:h2:mem:testdb;DB_CLOSE_DELAY=-1
		hibernate.jdbc.batch_versioned_data: null
		hibernate.cache.use_second_level_cache: null
		hibernate.show_sql: null
		jakarta.persistence.jdbc.driver: org.h2.Driver
		hibernate.jdbc.batch_size: 30
		jakarta.persistence.jdbc.user: sa
		hibernate.generate_statistics: null
		hibernate.hbm2ddl.auto: create-drop
		hibernate.cache.use_query_cache: null
		hibernate.hikari.maximumPoolSize: 10
		hibernate.hikari.idleTimeout: 30000
		hibernate.format_sql: null
		hibernate.hikari.minimumIdle: 2
		hibernate.use_sql_comments: null
		hibernate.order_inserts: null
		hibernate.current_session_context_class: thread
		hibernate.connection.provider_class: org.hibernate.hikaricp.internal.HikariCPConnectionProvider
		hibernate.hikari.connectionTimeout: 10000
		hibernate.hikari.poolName: FRC-PM-HikariCP
		hibernate.order_updates: null
		hibernate.dialect: org.hibernate.dialect.H2Dialect
		jakarta.persistence.jdbc.password: ]
10:25:38.208 [main] DEBUG org.hibernate.integrator.internal.IntegratorServiceImpl - Adding Integrator [org.hibernate.boot.beanvalidation.BeanValidationIntegrator].
10:25:38.208 [main] DEBUG org.hibernate.integrator.internal.IntegratorServiceImpl - Adding Integrator [org.hibernate.cache.internal.CollectionCacheInvalidator].
10:25:38.210 [main] DEBUG org.hibernate.orm.idgen.factory - Ignoring CDI for resolving IdentifierGenerator instances as extended or delayed CDI support was enabled
10:25:38.210 [main] DEBUG org.hibernate.orm.idgen.factory - Registering IdentifierGenerator strategy [uuid2] -> [org.hibernate.id.UUIDGenerator]
10:25:38.210 [main] DEBUG org.hibernate.orm.idgen.factory - Registering IdentifierGenerator strategy [guid] -> [org.hibernate.id.GUIDGenerator]
10:25:38.210 [main] DEBUG org.hibernate.orm.idgen.factory - Registering IdentifierGenerator strategy [uuid] -> [org.hibernate.id.UUIDHexGenerator]
10:25:38.210 [main] DEBUG org.hibernate.orm.idgen.factory - Registering IdentifierGenerator strategy [uuid.hex] -> [org.hibernate.id.UUIDHexGenerator]
10:25:38.210 [main] DEBUG org.hibernate.orm.idgen.factory - Registering IdentifierGenerator strategy [assigned] -> [org.hibernate.id.Assigned]
10:25:38.210 [main] DEBUG org.hibernate.orm.idgen.factory - Registering IdentifierGenerator strategy [identity] -> [org.hibernate.id.IdentityGenerator]
10:25:38.210 [main] DEBUG org.hibernate.orm.idgen.factory - Registering IdentifierGenerator strategy [select] -> [org.hibernate.id.SelectGenerator]
10:25:38.210 [main] DEBUG org.hibernate.orm.idgen.factory - Registering IdentifierGenerator strategy [sequence] -> [org.hibernate.id.enhanced.SequenceStyleGenerator]
10:25:38.210 [main] DEBUG org.hibernate.orm.idgen.factory - Registering IdentifierGenerator strategy [increment] -> [org.hibernate.id.IncrementGenerator]
10:25:38.210 [main] DEBUG org.hibernate.orm.idgen.factory - Registering IdentifierGenerator strategy [foreign] -> [org.hibernate.id.ForeignGenerator]
10:25:38.210 [main] DEBUG org.hibernate.orm.idgen.factory - Registering IdentifierGenerator strategy [enhanced-sequence] -> [org.hibernate.id.enhanced.SequenceStyleGenerator]
10:25:38.210 [main] DEBUG org.hibernate.orm.idgen.factory - Registering IdentifierGenerator strategy [enhanced-table] -> [org.hibernate.id.enhanced.TableGenerator]
10:25:38.210 [main] INFO org.hibernate.cache.internal.RegionFactoryInitiator - HHH000026: Second-level cache disabled
10:25:38.210 [main] DEBUG org.hibernate.type.BasicTypeRegistry - Adding type registration boolean -> org.hibernate.type.BasicTypeReference@2f4919b0
10:25:38.210 [main] DEBUG org.hibernate.type.BasicTypeRegistry - Adding type registration boolean -> org.hibernate.type.BasicTypeReference@2f4919b0
10:25:38.210 [main] DEBUG org.hibernate.type.BasicTypeRegistry - Adding type registration java.lang.Boolean -> org.hibernate.type.BasicTypeReference@2f4919b0
10:25:38.210 [main] DEBUG org.hibernate.type.BasicTypeRegistry - Adding type registration numeric_boolean -> org.hibernate.type.BasicTypeReference@a8a8b75
10:25:38.210 [main] DEBUG org.hibernate.type.BasicTypeRegistry - Adding type registration org.hibernate.type.NumericBooleanConverter -> org.hibernate.type.BasicTypeReference@a8a8b75
10:25:38.210 [main] DEBUG org.hibernate.type.BasicTypeRegistry - Adding type registration true_false -> org.hibernate.type.BasicTypeReference@75b21c3b
10:25:38.210 [main] DEBUG org.hibernate.type.BasicTypeRegistry - Adding type registration org.hibernate.type.TrueFalseConverter -> org.hibernate.type.BasicTypeReference@75b21c3b
10:25:38.210 [main] DEBUG org.hibernate.type.BasicTypeRegistry - Adding type registration yes_no -> org.hibernate.type.BasicTypeReference@72be135f
10:25:38.210 [main] DEBUG org.hibernate.type.BasicTypeRegistry - Adding type registration org.hibernate.type.YesNoConverter -> org.hibernate.type.BasicTypeReference@72be135f
10:25:38.210 [main] DEBUG org.hibernate.type.BasicTypeRegistry - Adding type registration byte -> org.hibernate.type.BasicTypeReference@155d1021
10:25:38.210 [main] DEBUG org.hibernate.type.BasicTypeRegistry - Adding type registration byte -> org.hibernate.type.BasicTypeReference@155d1021
10:25:38.210 [main] DEBUG org.hibernate.type.BasicTypeRegistry - Adding type registration java.lang.Byte -> org.hibernate.type.BasicTypeReference@155d1021
10:25:38.210 [main] DEBUG org.hibernate.type.BasicTypeRegistry - Adding type registration binary -> org.hibernate.type.BasicTypeReference@4bd2f0dc
10:25:38.210 [main] DEBUG org.hibernate.type.BasicTypeRegistry - Adding type registration byte[] -> org.hibernate.type.BasicTypeReference@4bd2f0dc
10:25:38.210 [main] DEBUG org.hibernate.type.BasicTypeRegistry - Adding type registration [B -> org.hibernate.type.BasicTypeReference@4bd2f0dc
10:25:38.210 [main] DEBUG org.hibernate.type.BasicTypeRegistry - Adding type registration binary_wrapper -> org.hibernate.type.BasicTypeReference@2e647e59
10:25:38.210 [main] DEBUG org.hibernate.type.BasicTypeRegistry - Adding type registration wrapper-binary -> org.hibernate.type.BasicTypeReference@2e647e59
10:25:38.210 [main] DEBUG org.hibernate.type.BasicTypeRegistry - Adding type registration image -> org.hibernate.type.BasicTypeReference@2c42b421
10:25:38.210 [main] DEBUG org.hibernate.type.BasicTypeRegistry - Adding type registration blob -> org.hibernate.type.BasicTypeReference@51e37590
10:25:38.210 [main] DEBUG org.hibernate.type.BasicTypeRegistry - Adding type registration java.sql.Blob -> org.hibernate.type.BasicTypeReference@51e37590
10:25:38.210 [main] DEBUG org.hibernate.type.BasicTypeRegistry - Adding type registration materialized_blob -> org.hibernate.type.BasicTypeReference@deb3b60
10:25:38.210 [main] DEBUG org.hibernate.type.BasicTypeRegistry - Adding type registration materialized_blob_wrapper -> org.hibernate.type.BasicTypeReference@701a32
10:25:38.210 [main] DEBUG org.hibernate.type.BasicTypeRegistry - Adding type registration short -> org.hibernate.type.BasicTypeReference@39aa45a1
10:25:38.210 [main] DEBUG org.hibernate.type.BasicTypeRegistry - Adding type registration short -> org.hibernate.type.BasicTypeReference@39aa45a1
10:25:38.210 [main] DEBUG org.hibernate.type.BasicTypeRegistry - Adding type registration java.lang.Short -> org.hibernate.type.BasicTypeReference@39aa45a1
10:25:38.210 [main] DEBUG org.hibernate.type.BasicTypeRegistry - Adding type registration integer -> org.hibernate.type.BasicTypeReference@73aff8f1
10:25:38.210 [main] DEBUG org.hibernate.type.BasicTypeRegistry - Adding type registration int -> org.hibernate.type.BasicTypeReference@73aff8f1
10:25:38.210 [main] DEBUG org.hibernate.type.BasicTypeRegistry - Adding type registration java.lang.Integer -> org.hibernate.type.BasicTypeReference@73aff8f1
10:25:38.210 [main] DEBUG org.hibernate.type.BasicTypeRegistry - Adding type registration long -> org.hibernate.type.BasicTypeReference@27cbfddf
10:25:38.210 [main] DEBUG org.hibernate.type.BasicTypeRegistry - Adding type registration long -> org.hibernate.type.BasicTypeReference@27cbfddf
10:25:38.210 [main] DEBUG org.hibernate.type.BasicTypeRegistry - Adding type registration java.lang.Long -> org.hibernate.type.BasicTypeReference@27cbfddf
10:25:38.210 [main] DEBUG org.hibernate.type.BasicTypeRegistry - Adding type registration float -> org.hibernate.type.BasicTypeReference@27ead29e
10:25:38.210 [main] DEBUG org.hibernate.type.BasicTypeRegistry - Adding type registration float -> org.hibernate.type.BasicTypeReference@27ead29e
10:25:38.210 [main] DEBUG org.hibernate.type.BasicTypeRegistry - Adding type registration java.lang.Float -> org.hibernate.type.BasicTypeReference@27ead29e
10:25:38.210 [main] DEBUG org.hibernate.type.BasicTypeRegistry - Adding type registration double -> org.hibernate.type.BasicTypeReference@4c060c8f
10:25:38.210 [main] DEBUG org.hibernate.type.BasicTypeRegistry - Adding type registration double -> org.hibernate.type.BasicTypeReference@4c060c8f
10:25:38.210 [main] DEBUG org.hibernate.type.BasicTypeRegistry - Adding type registration java.lang.Double -> org.hibernate.type.BasicTypeReference@4c060c8f
10:25:38.210 [main] DEBUG org.hibernate.type.BasicTypeRegistry - Adding type registration big_integer -> org.hibernate.type.BasicTypeReference@40620d8e
10:25:38.210 [main] DEBUG org.hibernate.type.BasicTypeRegistry - Adding type registration java.math.BigInteger -> org.hibernate.type.BasicTypeReference@40620d8e
10:25:38.210 [main] DEBUG org.hibernate.type.BasicTypeRegistry - Adding type registration big_decimal -> org.hibernate.type.BasicTypeReference@383f3558
10:25:38.210 [main] DEBUG org.hibernate.type.BasicTypeRegistry - Adding type registration java.math.BigDecimal -> org.hibernate.type.BasicTypeReference@383f3558
10:25:38.210 [main] DEBUG org.hibernate.type.BasicTypeRegistry - Adding type registration character -> org.hibernate.type.BasicTypeReference@49b07ee3
10:25:38.210 [main] DEBUG org.hibernate.type.BasicTypeRegistry - Adding type registration char -> org.hibernate.type.BasicTypeReference@49b07ee3
10:25:38.210 [main] DEBUG org.hibernate.type.BasicTypeRegistry - Adding type registration java.lang.Character -> org.hibernate.type.BasicTypeReference@49b07ee3
10:25:38.210 [main] DEBUG org.hibernate.type.BasicTypeRegistry - Adding type registration character_nchar -> org.hibernate.type.BasicTypeReference@352e612e
10:25:38.210 [main] DEBUG org.hibernate.type.BasicTypeRegistry - Adding type registration string -> org.hibernate.type.BasicTypeReference@65f00478
10:25:38.210 [main] DEBUG org.hibernate.type.BasicTypeRegistry - Adding type registration java.lang.String -> org.hibernate.type.BasicTypeReference@65f00478
10:25:38.210 [main] DEBUG org.hibernate.type.BasicTypeRegistry - Adding type registration nstring -> org.hibernate.type.BasicTypeReference@2424686b
10:25:38.210 [main] DEBUG org.hibernate.type.BasicTypeRegistry - Adding type registration characters -> org.hibernate.type.BasicTypeReference@6ea94d6a
10:25:38.210 [main] DEBUG org.hibernate.type.BasicTypeRegistry - Adding type registration char[] -> org.hibernate.type.BasicTypeReference@6ea94d6a
10:25:38.210 [main] DEBUG org.hibernate.type.BasicTypeRegistry - Adding type registration [C -> org.hibernate.type.BasicTypeReference@6ea94d6a
10:25:38.210 [main] DEBUG org.hibernate.type.BasicTypeRegistry - Adding type registration wrapper-characters -> org.hibernate.type.BasicTypeReference@28486680
10:25:38.210 [main] DEBUG org.hibernate.type.BasicTypeRegistry - Adding type registration text -> org.hibernate.type.BasicTypeReference@4d7e7435
10:25:38.210 [main] DEBUG org.hibernate.type.BasicTypeRegistry - Adding type registration ntext -> org.hibernate.type.BasicTypeReference@4a1e3ac1
10:25:38.210 [main] DEBUG org.hibernate.type.BasicTypeRegistry - Adding type registration clob -> org.hibernate.type.BasicTypeReference@6e78fcf5
10:25:38.210 [main] DEBUG org.hibernate.type.BasicTypeRegistry - Adding type registration java.sql.Clob -> org.hibernate.type.BasicTypeReference@6e78fcf5
10:25:38.210 [main] DEBUG org.hibernate.type.BasicTypeRegistry - Adding type registration nclob -> org.hibernate.type.BasicTypeReference@56febdc
10:25:38.210 [main] DEBUG org.hibernate.type.BasicTypeRegistry - Adding type registration java.sql.NClob -> org.hibernate.type.BasicTypeReference@56febdc
10:25:38.210 [main] DEBUG org.hibernate.type.BasicTypeRegistry - Adding type registration materialized_clob -> org.hibernate.type.BasicTypeReference@3b8ee898
10:25:38.210 [main] DEBUG org.hibernate.type.BasicTypeRegistry - Adding type registration materialized_clob_char_array -> org.hibernate.type.BasicTypeReference@7d151a
10:25:38.210 [main] DEBUG org.hibernate.type.BasicTypeRegistry - Adding type registration materialized_clob_character_array -> org.hibernate.type.BasicTypeReference@294bdeb4
10:25:38.210 [main] DEBUG org.hibernate.type.BasicTypeRegistry - Adding type registration materialized_nclob -> org.hibernate.type.BasicTypeReference@5300f14a
10:25:38.210 [main] DEBUG org.hibernate.type.BasicTypeRegistry - Adding type registration materialized_nclob_character_array -> org.hibernate.type.BasicTypeReference@1f86099a
10:25:38.210 [main] DEBUG org.hibernate.type.BasicTypeRegistry - Adding type registration materialized_nclob_char_array -> org.hibernate.type.BasicTypeReference@77bb0ab5
10:25:38.210 [main] DEBUG org.hibernate.type.BasicTypeRegistry - Adding type registration Duration -> org.hibernate.type.BasicTypeReference@f2c488
10:25:38.210 [main] DEBUG org.hibernate.type.BasicTypeRegistry - Adding type registration java.time.Duration -> org.hibernate.type.BasicTypeReference@f2c488
10:25:38.210 [main] DEBUG org.hibernate.type.BasicTypeRegistry - Adding type registration LocalDateTime -> org.hibernate.type.BasicTypeReference@54acff7d
10:25:38.210 [main] DEBUG org.hibernate.type.BasicTypeRegistry - Adding type registration java.time.LocalDateTime -> org.hibernate.type.BasicTypeReference@54acff7d
10:25:38.210 [main] DEBUG org.hibernate.type.BasicTypeRegistry - Adding type registration LocalDate -> org.hibernate.type.BasicTypeReference@7bc9e6ab
10:25:38.210 [main] DEBUG org.hibernate.type.BasicTypeRegistry - Adding type registration java.time.LocalDate -> org.hibernate.type.BasicTypeReference@7bc9e6ab
10:25:38.210 [main] DEBUG org.hibernate.type.BasicTypeRegistry - Adding type registration LocalTime -> org.hibernate.type.BasicTypeReference@5488b5c5
10:25:38.210 [main] DEBUG org.hibernate.type.BasicTypeRegistry - Adding type registration java.time.LocalTime -> org.hibernate.type.BasicTypeReference@5488b5c5
10:25:38.210 [main] DEBUG org.hibernate.type.BasicTypeRegistry - Adding type registration OffsetDateTime -> org.hibernate.type.BasicTypeReference@4248ed58
10:25:38.210 [main] DEBUG org.hibernate.type.BasicTypeRegistry - Adding type registration java.time.OffsetDateTime -> org.hibernate.type.BasicTypeReference@4248ed58
10:25:38.210 [main] DEBUG org.hibernate.type.BasicTypeRegistry - Adding type registration OffsetDateTimeWithTimezone -> org.hibernate.type.BasicTypeReference@712ca57b
10:25:38.210 [main] DEBUG org.hibernate.type.BasicTypeRegistry - Adding type registration OffsetDateTimeWithoutTimezone -> org.hibernate.type.BasicTypeReference@4564e94b
10:25:38.210 [main] DEBUG org.hibernate.type.BasicTypeRegistry - Adding type registration OffsetTime -> org.hibernate.type.BasicTypeReference@54534abf
10:25:38.210 [main] DEBUG org.hibernate.type.BasicTypeRegistry - Adding type registration java.time.OffsetTime -> org.hibernate.type.BasicTypeReference@54534abf
10:25:38.210 [main] DEBUG org.hibernate.type.BasicTypeRegistry - Adding type registration OffsetTimeUtc -> org.hibernate.type.BasicTypeReference@51745f40
10:25:38.210 [main] DEBUG org.hibernate.type.BasicTypeRegistry - Adding type registration OffsetTimeWithTimezone -> org.hibernate.type.BasicTypeReference@45673f68
10:25:38.210 [main] DEBUG org.hibernate.type.BasicTypeRegistry - Adding type registration OffsetTimeWithoutTimezone -> org.hibernate.type.BasicTypeReference@27abb83e
10:25:38.210 [main] DEBUG org.hibernate.type.BasicTypeRegistry - Adding type registration ZonedDateTime -> org.hibernate.type.BasicTypeReference@69e308c6
10:25:38.210 [main] DEBUG org.hibernate.type.BasicTypeRegistry - Adding type registration java.time.ZonedDateTime -> org.hibernate.type.BasicTypeReference@69e308c6
10:25:38.210 [main] DEBUG org.hibernate.type.BasicTypeRegistry - Adding type registration ZonedDateTimeWithTimezone -> org.hibernate.type.BasicTypeReference@1a1ed4e5
10:25:38.210 [main] DEBUG org.hibernate.type.BasicTypeRegistry - Adding type registration ZonedDateTimeWithoutTimezone -> org.hibernate.type.BasicTypeReference@667e34b1
10:25:38.210 [main] DEBUG org.hibernate.type.BasicTypeRegistry - Adding type registration date -> org.hibernate.type.BasicTypeReference@1c6e0a08
10:25:38.210 [main] DEBUG org.hibernate.type.BasicTypeRegistry - Adding type registration java.sql.Date -> org.hibernate.type.BasicTypeReference@1c6e0a08
10:25:38.210 [main] DEBUG org.hibernate.type.BasicTypeRegistry - Adding type registration time -> org.hibernate.type.BasicTypeReference@6dba847b
10:25:38.210 [main] DEBUG org.hibernate.type.BasicTypeRegistry - Adding type registration java.sql.Time -> org.hibernate.type.BasicTypeReference@6dba847b
10:25:38.210 [main] DEBUG org.hibernate.type.BasicTypeRegistry - Adding type registration timestamp -> org.hibernate.type.BasicTypeReference@1efdcd5
10:25:38.210 [main] DEBUG org.hibernate.type.BasicTypeRegistry - Adding type registration java.sql.Timestamp -> org.hibernate.type.BasicTypeReference@1efdcd5
10:25:38.210 [main] DEBUG org.hibernate.type.BasicTypeRegistry - Adding type registration java.util.Date -> org.hibernate.type.BasicTypeReference@1efdcd5
10:25:38.210 [main] DEBUG org.hibernate.type.BasicTypeRegistry - Adding type registration calendar -> org.hibernate.type.BasicTypeReference@1623bbe5
10:25:38.210 [main] DEBUG org.hibernate.type.BasicTypeRegistry - Adding type registration java.util.Calendar -> org.hibernate.type.BasicTypeReference@1623bbe5
10:25:38.210 [main] DEBUG org.hibernate.type.BasicTypeRegistry - Adding type registration java.util.GregorianCalendar -> org.hibernate.type.BasicTypeReference@1623bbe5
10:25:38.210 [main] DEBUG org.hibernate.type.BasicTypeRegistry - Adding type registration calendar_date -> org.hibernate.type.BasicTypeReference@7af1cd63
10:25:38.210 [main] DEBUG org.hibernate.type.BasicTypeRegistry - Adding type registration calendar_time -> org.hibernate.type.BasicTypeReference@4351171a
10:25:38.210 [main] DEBUG org.hibernate.type.BasicTypeRegistry - Adding type registration instant -> org.hibernate.type.BasicTypeReference@3c2772d1
10:25:38.210 [main] DEBUG org.hibernate.type.BasicTypeRegistry - Adding type registration java.time.Instant -> org.hibernate.type.BasicTypeReference@3c2772d1
10:25:38.210 [main] DEBUG org.hibernate.type.BasicTypeRegistry - Adding type registration uuid -> org.hibernate.type.BasicTypeReference@37d00a23
10:25:38.210 [main] DEBUG org.hibernate.type.BasicTypeRegistry - Adding type registration java.util.UUID -> org.hibernate.type.BasicTypeReference@37d00a23
10:25:38.210 [main] DEBUG org.hibernate.type.BasicTypeRegistry - Adding type registration pg-uuid -> org.hibernate.type.BasicTypeReference@37d00a23
10:25:38.210 [main] DEBUG org.hibernate.type.BasicTypeRegistry - Adding type registration uuid-binary -> org.hibernate.type.BasicTypeReference@433e536f
10:25:38.210 [main] DEBUG org.hibernate.type.BasicTypeRegistry - Adding type registration uuid-char -> org.hibernate.type.BasicTypeReference@89c65d5
10:25:38.210 [main] DEBUG org.hibernate.type.BasicTypeRegistry - Adding type registration class -> org.hibernate.type.BasicTypeReference@faa3fed
10:25:38.210 [main] DEBUG org.hibernate.type.BasicTypeRegistry - Adding type registration java.lang.Class -> org.hibernate.type.BasicTypeReference@faa3fed
10:25:38.210 [main] DEBUG org.hibernate.type.BasicTypeRegistry - Adding type registration currency -> org.hibernate.type.BasicTypeReference@988246e
10:25:38.210 [main] DEBUG org.hibernate.type.BasicTypeRegistry - Adding type registration Currency -> org.hibernate.type.BasicTypeReference@988246e
10:25:38.210 [main] DEBUG org.hibernate.type.BasicTypeRegistry - Adding type registration java.util.Currency -> org.hibernate.type.BasicTypeReference@988246e
10:25:38.210 [main] DEBUG org.hibernate.type.BasicTypeRegistry - Adding type registration locale -> org.hibernate.type.BasicTypeReference@62515a47
10:25:38.210 [main] DEBUG org.hibernate.type.BasicTypeRegistry - Adding type registration java.util.Locale -> org.hibernate.type.BasicTypeReference@62515a47
10:25:38.210 [main] DEBUG org.hibernate.type.BasicTypeRegistry - Adding type registration serializable -> org.hibernate.type.BasicTypeReference@3c5a54b7
10:25:38.210 [main] DEBUG org.hibernate.type.BasicTypeRegistry - Adding type registration java.io.Serializable -> org.hibernate.type.BasicTypeReference@3c5a54b7
10:25:38.210 [main] DEBUG org.hibernate.type.BasicTypeRegistry - Adding type registration timezone -> org.hibernate.type.BasicTypeReference@61f2c3f0
10:25:38.210 [main] DEBUG org.hibernate.type.BasicTypeRegistry - Adding type registration java.util.TimeZone -> org.hibernate.type.BasicTypeReference@61f2c3f0
10:25:38.210 [main] DEBUG org.hibernate.type.BasicTypeRegistry - Adding type registration ZoneOffset -> org.hibernate.type.BasicTypeReference@291120f4
10:25:38.210 [main] DEBUG org.hibernate.type.BasicTypeRegistry - Adding type registration java.time.ZoneOffset -> org.hibernate.type.BasicTypeReference@291120f4
10:25:38.210 [main] DEBUG org.hibernate.type.BasicTypeRegistry - Adding type registration url -> org.hibernate.type.BasicTypeReference@417ad4f3
10:25:38.210 [main] DEBUG org.hibernate.type.BasicTypeRegistry - Adding type registration java.net.URL -> org.hibernate.type.BasicTypeReference@417ad4f3
10:25:38.210 [main] DEBUG org.hibernate.type.BasicTypeRegistry - Adding type registration vector -> org.hibernate.type.BasicTypeReference@2f6bcf87
10:25:38.210 [main] DEBUG org.hibernate.type.BasicTypeRegistry - Adding type registration row_version -> org.hibernate.type.BasicTypeReference@58f174d9
10:25:38.210 [main] DEBUG org.hibernate.type.BasicTypeRegistry - Adding type registration object -> org.hibernate.type.JavaObjectType@34237b90
10:25:38.210 [main] DEBUG org.hibernate.type.BasicTypeRegistry - Adding type registration java.lang.Object -> org.hibernate.type.JavaObjectType@34237b90
10:25:38.210 [main] DEBUG org.hibernate.type.BasicTypeRegistry - Adding type registration null -> org.hibernate.type.NullType@267bbe1a
10:25:38.210 [main] DEBUG org.hibernate.type.BasicTypeRegistry - Adding type registration imm_date -> org.hibernate.type.BasicTypeReference@60c9e057
10:25:38.210 [main] DEBUG org.hibernate.type.BasicTypeRegistry - Adding type registration imm_time -> org.hibernate.type.BasicTypeReference@d9760a8
10:25:38.210 [main] DEBUG org.hibernate.type.BasicTypeRegistry - Adding type registration imm_timestamp -> org.hibernate.type.BasicTypeReference@6e301a4e
10:25:38.210 [main] DEBUG org.hibernate.type.BasicTypeRegistry - Adding type registration imm_calendar -> org.hibernate.type.BasicTypeReference@2bff623f
10:25:38.210 [main] DEBUG org.hibernate.type.BasicTypeRegistry - Adding type registration imm_calendar_date -> org.hibernate.type.BasicTypeReference@49be44f
10:25:38.210 [main] DEBUG org.hibernate.type.BasicTypeRegistry - Adding type registration imm_calendar_time -> org.hibernate.type.BasicTypeReference@323f5654
10:25:38.210 [main] DEBUG org.hibernate.type.BasicTypeRegistry - Adding type registration imm_binary -> org.hibernate.type.BasicTypeReference@5c33d837
10:25:38.210 [main] DEBUG org.hibernate.type.BasicTypeRegistry - Adding type registration imm_serializable -> org.hibernate.type.BasicTypeReference@c8db714
10:25:38.211 [main] DEBUG org.hibernate.boot.internal.BootstrapContextImpl - Injecting ScanEnvironment [org.hibernate.jpa.boot.internal.StandardJpaScanEnvironmentImpl@57ef8356] into BootstrapContext; was [null]
10:25:38.211 [main] DEBUG org.hibernate.boot.internal.BootstrapContextImpl - Injecting ScanOptions [org.hibernate.boot.archive.scan.internal.StandardScanOptions@1faaf209] into BootstrapContext; was [org.hibernate.boot.archive.scan.internal.StandardScanOptions@5d1a73ab]
10:25:38.247 [main] DEBUG org.hibernate.boot.internal.BootstrapContextImpl - Injecting JPA temp ClassLoader [null] into BootstrapContext; was [null]
10:25:38.247 [main] DEBUG org.hibernate.boot.internal.ClassLoaderAccessImpl - ClassLoaderAccessImpl#injectTempClassLoader(null) [was null]
10:25:38.247 [main] INFO org.hibernate.engine.jdbc.connections.internal.ConnectionProviderInitiator - HHH000130: Instantiating explicit connection provider: org.hibernate.hikaricp.internal.HikariCPConnectionProvider
10:25:38.247 [main] DEBUG org.hibernate.hikaricp.internal.HikariCPConnectionProvider - Configuring HikariCP
10:25:38.247 [main] DEBUG com.zaxxer.hikari.HikariConfig - Driver class org.h2.Driver found in Thread context class loader jdk.internal.loader.ClassLoaders$AppClassLoader@70dea4e
10:25:38.247 [main] DEBUG com.zaxxer.hikari.HikariConfig - FRC-PM-HikariCP - configuration:
10:25:38.248 [main] DEBUG com.zaxxer.hikari.HikariConfig - allowPoolSuspension.............false
10:25:38.248 [main] DEBUG com.zaxxer.hikari.HikariConfig - autoCommit......................true
10:25:38.248 [main] DEBUG com.zaxxer.hikari.HikariConfig - catalog.........................none
10:25:38.248 [main] DEBUG com.zaxxer.hikari.HikariConfig - connectionInitSql...............none
10:25:38.248 [main] DEBUG com.zaxxer.hikari.HikariConfig - connectionTestQuery.............none
10:25:38.248 [main] DEBUG com.zaxxer.hikari.HikariConfig - connectionTimeout...............10000
10:25:38.248 [main] DEBUG com.zaxxer.hikari.HikariConfig - dataSource......................none
10:25:38.248 [main] DEBUG com.zaxxer.hikari.HikariConfig - dataSourceClassName.............none
10:25:38.248 [main] DEBUG com.zaxxer.hikari.HikariConfig - dataSourceJNDI..................none
10:25:38.248 [main] DEBUG com.zaxxer.hikari.HikariConfig - dataSourceProperties............{password=<masked>}
10:25:38.248 [main] DEBUG com.zaxxer.hikari.HikariConfig - driverClassName................."org.h2.Driver"
10:25:38.248 [main] DEBUG com.zaxxer.hikari.HikariConfig - exceptionOverrideClassName......none
10:25:38.248 [main] DEBUG com.zaxxer.hikari.HikariConfig - healthCheckProperties...........{}
10:25:38.248 [main] DEBUG com.zaxxer.hikari.HikariConfig - healthCheckRegistry.............none
10:25:38.248 [main] DEBUG com.zaxxer.hikari.HikariConfig - idleTimeout.....................30000
10:25:38.248 [main] DEBUG com.zaxxer.hikari.HikariConfig - initializationFailTimeout.......1
10:25:38.248 [main] DEBUG com.zaxxer.hikari.HikariConfig - isolateInternalQueries..........false
10:25:38.248 [main] DEBUG com.zaxxer.hikari.HikariConfig - jdbcUrl.........................jdbc:h2:mem:testdb;DB_CLOSE_DELAY=-1
10:25:38.248 [main] DEBUG com.zaxxer.hikari.HikariConfig - keepaliveTime...................0
10:25:38.248 [main] DEBUG com.zaxxer.hikari.HikariConfig - leakDetectionThreshold..........0
10:25:38.248 [main] DEBUG com.zaxxer.hikari.HikariConfig - maxLifetime.....................1800000
10:25:38.248 [main] DEBUG com.zaxxer.hikari.HikariConfig - maximumPoolSize.................10
10:25:38.248 [main] DEBUG com.zaxxer.hikari.HikariConfig - metricRegistry..................none
10:25:38.248 [main] DEBUG com.zaxxer.hikari.HikariConfig - metricsTrackerFactory...........none
10:25:38.248 [main] DEBUG com.zaxxer.hikari.HikariConfig - minimumIdle.....................2
10:25:38.248 [main] DEBUG com.zaxxer.hikari.HikariConfig - password........................<masked>
10:25:38.248 [main] DEBUG com.zaxxer.hikari.HikariConfig - poolName........................"FRC-PM-HikariCP"
10:25:38.248 [main] DEBUG com.zaxxer.hikari.HikariConfig - readOnly........................false
10:25:38.248 [main] DEBUG com.zaxxer.hikari.HikariConfig - registerMbeans..................false
10:25:38.248 [main] DEBUG com.zaxxer.hikari.HikariConfig - scheduledExecutor...............none
10:25:38.248 [main] DEBUG com.zaxxer.hikari.HikariConfig - schema..........................none
10:25:38.248 [main] DEBUG com.zaxxer.hikari.HikariConfig - threadFactory...................internal
10:25:38.248 [main] DEBUG com.zaxxer.hikari.HikariConfig - transactionIsolation............default
10:25:38.248 [main] DEBUG com.zaxxer.hikari.HikariConfig - username........................"sa"
10:25:38.248 [main] DEBUG com.zaxxer.hikari.HikariConfig - validationTimeout...............5000
10:25:38.248 [main] INFO com.zaxxer.hikari.HikariDataSource - FRC-PM-HikariCP - Starting...
10:25:38.249 [main] INFO com.zaxxer.hikari.pool.HikariPool - FRC-PM-HikariCP - Added connection conn303: url=jdbc:h2:mem:testdb user=SA
10:25:38.249 [main] INFO com.zaxxer.hikari.HikariDataSource - FRC-PM-HikariCP - Start completed.
10:25:38.249 [main] DEBUG org.hibernate.hikaricp.internal.HikariCPConnectionProvider - HikariCP Configured
10:25:38.249 [main] DEBUG org.hibernate.engine.jdbc.env.internal.JdbcEnvironmentInitiator - Database ->
	   name : H2
	version : 2.2.224 (2023-09-17)
	  major : 2
	  minor : 2
10:25:38.249 [main] DEBUG org.hibernate.engine.jdbc.env.internal.JdbcEnvironmentInitiator - Driver ->
	   name : H2 JDBC Driver
	version : 2.2.224 (2023-09-17)
	  major : 2
	  minor : 2
10:25:38.249 [main] DEBUG org.hibernate.engine.jdbc.env.internal.JdbcEnvironmentInitiator - JDBC version : 4.2
10:25:38.250 [main] WARN org.hibernate.orm.deprecation - HHH90000025: H2Dialect does not need to be specified explicitly using 'hibernate.dialect' (remove the property setting and it will be selected by default)
10:25:38.250 [main] DEBUG org.hibernate.orm.dialect - HHH035001: Using dialect: org.hibernate.dialect.H2Dialect, version: 2.2.224
10:25:38.250 [main] DEBUG org.hibernate.engine.jdbc.env.spi.IdentifierHelperBuilder - JDBC driver metadata reported database stores quoted identifiers in neither upper, lower nor mixed case
10:25:38.250 [main] DEBUG org.hibernate.type.descriptor.jdbc.spi.JdbcTypeRegistry - addDescriptor(NCharTypeDescriptor) replaced previous registration(CharTypeDescriptor)
10:25:38.250 [main] DEBUG org.hibernate.type.descriptor.jdbc.spi.JdbcTypeRegistry - addDescriptor(NVarcharTypeDescriptor) replaced previous registration(VarcharTypeDescriptor)
10:25:38.250 [main] DEBUG org.hibernate.type.descriptor.jdbc.spi.JdbcTypeRegistry - addDescriptor(LongNVarcharTypeDescriptor) replaced previous registration(LongVarcharTypeDescriptor)
10:25:38.250 [main] DEBUG org.hibernate.type.descriptor.jdbc.spi.JdbcTypeRegistry - addDescriptor(NClobTypeDescriptor(DEFAULT)) replaced previous registration(ClobTypeDescriptor(DEFAULT))
10:25:38.250 [main] DEBUG org.hibernate.type.descriptor.jdbc.spi.JdbcTypeRegistry - addDescriptor(2005, ClobTypeDescriptor(STREAM_BINDING)) replaced previous registration(ClobTypeDescriptor(DEFAULT))
10:25:38.250 [main] DEBUG org.hibernate.type.descriptor.jdbc.spi.JdbcTypeRegistry - addDescriptor(TimestampUtcDescriptor) replaced previous registration(TimestampUtcDescriptor)
10:25:38.250 [main] DEBUG org.hibernate.type.BasicTypeRegistry - Adding type registration org.hibernate.type.DurationType -> basicType@4717(java.time.Duration,3015)
10:25:38.250 [main] DEBUG org.hibernate.type.BasicTypeRegistry - Adding type registration Duration -> basicType@4717(java.time.Duration,3015)
10:25:38.250 [main] DEBUG org.hibernate.type.BasicTypeRegistry - Adding type registration java.time.Duration -> basicType@4717(java.time.Duration,3015)
10:25:38.250 [main] DEBUG org.hibernate.type.spi.TypeConfiguration$Scope - Scoping TypeConfiguration [org.hibernate.type.spi.TypeConfiguration@2408b618] to MetadataBuildingContext [org.hibernate.boot.internal.MetadataBuildingContextRootImpl@f81bb65]
10:25:38.251 [main] DEBUG org.hibernate.boot.model.relational.Namespace - Created database namespace [logicalName=Name{catalog=null, schema=null}, physicalName=Name{catalog=null, schema=null}]
10:25:38.252 [main] DEBUG org.hibernate.boot.model.internal.EntityBinder - Binding entity from annotated class: org.frcpm.models.Attendance
10:25:38.252 [main] DEBUG org.hibernate.boot.model.internal.EntityBinder - Import with entity name Attendance
10:25:38.253 [main] DEBUG org.hibernate.boot.model.internal.EntityBinder - Bind entity org.frcpm.models.Attendance on table attendances
10:25:38.253 [main] DEBUG org.hibernate.boot.model.internal.AnnotatedColumn - Binding column: AnnotatedDiscriminatorColumn(column='DTYPE')
10:25:38.253 [main] DEBUG org.hibernate.boot.model.internal.AnnotatedColumn - Binding column: AnnotatedColumn()
10:25:38.253 [main] DEBUG org.hibernate.boot.internal.ClassLoaderAccessImpl - Not known whether passed class name [org.frcpm.models.Attendance] is safe
10:25:38.253 [main] DEBUG org.hibernate.boot.internal.ClassLoaderAccessImpl - No temp ClassLoader provided; using live ClassLoader for loading potentially unsafe class : org.frcpm.models.Attendance
10:25:38.253 [main] DEBUG org.hibernate.boot.model.internal.PropertyBinder - MetadataSourceProcessor property id with lazy=false
10:25:38.253 [main] DEBUG org.hibernate.boot.model.internal.AbstractPropertyHolder - Attempting to locate auto-apply AttributeConverter for property [org.frcpm.models.Attendance:id]
10:25:38.253 [main] DEBUG org.hibernate.boot.model.internal.BasicValueBinder - building BasicValue for id
10:25:38.253 [main] DEBUG org.hibernate.mapping.BasicValue - Skipping column re-registration: attendances.id
10:25:38.253 [main] DEBUG org.hibernate.boot.model.internal.PropertyBinder - Building property id
10:25:38.253 [main] DEBUG org.hibernate.boot.model.internal.BinderHelper - #makeIdGenerator(BasicValue([Column(id)]), id, identity, , ...)
10:25:38.253 [main] DEBUG org.hibernate.boot.model.internal.AnnotatedColumn - Binding column: AnnotatedColumn(column='arrival_time')
10:25:38.253 [main] DEBUG org.hibernate.boot.model.internal.PropertyBinder - MetadataSourceProcessor property arrivalTime with lazy=false
10:25:38.253 [main] DEBUG org.hibernate.boot.model.internal.AbstractPropertyHolder - Attempting to locate auto-apply AttributeConverter for property [org.frcpm.models.Attendance:arrivalTime]
10:25:38.253 [main] DEBUG org.hibernate.boot.model.internal.BasicValueBinder - building BasicValue for arrivalTime
10:25:38.253 [main] DEBUG org.hibernate.mapping.BasicValue - Skipping column re-registration: attendances.arrival_time
10:25:38.253 [main] DEBUG org.hibernate.boot.model.internal.PropertyBinder - Building property arrivalTime
10:25:38.253 [main] DEBUG org.hibernate.boot.model.internal.AnnotatedColumn - Binding column: AnnotatedColumn(column='departure_time')
10:25:38.253 [main] DEBUG org.hibernate.boot.model.internal.PropertyBinder - MetadataSourceProcessor property departureTime with lazy=false
10:25:38.253 [main] DEBUG org.hibernate.boot.model.internal.AbstractPropertyHolder - Attempting to locate auto-apply AttributeConverter for property [org.frcpm.models.Attendance:departureTime]
10:25:38.253 [main] DEBUG org.hibernate.boot.model.internal.BasicValueBinder - building BasicValue for departureTime
10:25:38.253 [main] DEBUG org.hibernate.mapping.BasicValue - Skipping column re-registration: attendances.departure_time
10:25:38.253 [main] DEBUG org.hibernate.boot.model.internal.PropertyBinder - Building property departureTime
10:25:38.253 [main] DEBUG org.hibernate.boot.model.internal.AnnotatedColumn - Binding column: AnnotatedJoinColumn(column='meeting_id')
10:25:38.253 [main] DEBUG org.hibernate.boot.model.internal.AnnotatedColumn - Binding column: AnnotatedColumn()
10:25:38.253 [main] DEBUG org.hibernate.boot.model.internal.PropertyBinder - Building property meeting
10:25:38.253 [main] DEBUG org.hibernate.boot.model.internal.AnnotatedColumn - Binding column: AnnotatedJoinColumn(column='member_id')
10:25:38.253 [main] DEBUG org.hibernate.boot.model.internal.AnnotatedColumn - Binding column: AnnotatedColumn()
10:25:38.253 [main] DEBUG org.hibernate.boot.model.internal.PropertyBinder - Building property member
10:25:38.253 [main] DEBUG org.hibernate.boot.model.internal.AnnotatedColumn - Binding column: AnnotatedColumn(column='present')
10:25:38.253 [main] DEBUG org.hibernate.boot.model.internal.PropertyBinder - MetadataSourceProcessor property present with lazy=false
10:25:38.253 [main] DEBUG org.hibernate.boot.model.internal.AbstractPropertyHolder - Attempting to locate auto-apply AttributeConverter for property [org.frcpm.models.Attendance:present]
10:25:38.253 [main] DEBUG org.hibernate.boot.model.internal.BasicValueBinder - building BasicValue for present
10:25:38.253 [main] DEBUG org.hibernate.mapping.BasicValue - Skipping column re-registration: attendances.present
10:25:38.253 [main] DEBUG org.hibernate.boot.model.internal.PropertyBinder - Building property present
10:25:38.254 [main] DEBUG org.hibernate.boot.registry.classloading.internal.ClassLoaderServiceImpl - HHH000194: Package not found or no package-info.java: org.frcpm.models
10:25:38.254 [main] DEBUG org.hibernate.boot.model.internal.EntityBinder - Binding entity from annotated class: org.frcpm.models.Meeting
10:25:38.254 [main] DEBUG org.hibernate.boot.model.internal.EntityBinder - Import with entity name Meeting
10:25:38.254 [main] DEBUG org.hibernate.boot.model.internal.EntityBinder - Bind entity org.frcpm.models.Meeting on table meetings
10:25:38.254 [main] DEBUG org.hibernate.boot.model.internal.AnnotatedColumn - Binding column: AnnotatedDiscriminatorColumn(column='DTYPE')
10:25:38.254 [main] DEBUG org.hibernate.boot.model.internal.AnnotatedColumn - Binding column: AnnotatedColumn()
10:25:38.254 [main] DEBUG org.hibernate.boot.internal.ClassLoaderAccessImpl - Not known whether passed class name [org.frcpm.models.Meeting] is safe
10:25:38.254 [main] DEBUG org.hibernate.boot.internal.ClassLoaderAccessImpl - No temp ClassLoader provided; using live ClassLoader for loading potentially unsafe class : org.frcpm.models.Meeting
10:25:38.254 [main] DEBUG org.hibernate.boot.model.internal.PropertyBinder - MetadataSourceProcessor property id with lazy=false
10:25:38.254 [main] DEBUG org.hibernate.boot.model.internal.AbstractPropertyHolder - Attempting to locate auto-apply AttributeConverter for property [org.frcpm.models.Meeting:id]
10:25:38.254 [main] DEBUG org.hibernate.boot.model.internal.BasicValueBinder - building BasicValue for id
10:25:38.254 [main] DEBUG org.hibernate.mapping.BasicValue - Skipping column re-registration: meetings.id
10:25:38.254 [main] DEBUG org.hibernate.boot.model.internal.PropertyBinder - Building property id
10:25:38.254 [main] DEBUG org.hibernate.boot.model.internal.BinderHelper - #makeIdGenerator(BasicValue([Column(id)]), id, identity, , ...)
10:25:38.254 [main] DEBUG org.hibernate.boot.model.internal.AnnotatedColumn - Binding column: AnnotatedJoinColumn()
10:25:38.254 [main] DEBUG org.hibernate.boot.model.internal.AnnotatedColumn - Binding column: AnnotatedColumn()
10:25:38.254 [main] DEBUG org.hibernate.boot.model.internal.AnnotatedColumn - Binding column: IndexColumn(column='attendances_ORDER')
10:25:38.254 [main] DEBUG org.hibernate.boot.model.internal.AnnotatedColumn - Binding column: AnnotatedColumn()
10:25:38.254 [main] DEBUG org.hibernate.boot.model.internal.AnnotatedColumn - Binding column: AnnotatedColumn(column='attendances_KEY')
10:25:38.254 [main] DEBUG org.hibernate.boot.model.internal.AnnotatedColumn - Binding column: AnnotatedJoinColumn(column='attendances_KEY')
10:25:38.254 [main] DEBUG org.hibernate.boot.model.internal.AnnotatedColumn - Binding column: AnnotatedJoinColumn()
10:25:38.254 [main] DEBUG org.hibernate.boot.model.internal.AnnotatedColumn - Binding column: AnnotatedJoinColumn()
10:25:38.254 [main] DEBUG org.hibernate.boot.model.internal.CollectionBinder - Collection role: org.frcpm.models.Meeting.attendances
10:25:38.254 [main] DEBUG org.hibernate.boot.model.internal.PropertyBinder - Building property attendances
10:25:38.254 [main] DEBUG org.hibernate.boot.model.internal.AnnotatedColumn - Binding column: AnnotatedColumn(column='date')
10:25:38.254 [main] DEBUG org.hibernate.boot.model.internal.PropertyBinder - MetadataSourceProcessor property date with lazy=false
10:25:38.254 [main] DEBUG org.hibernate.boot.model.internal.AbstractPropertyHolder - Attempting to locate auto-apply AttributeConverter for property [org.frcpm.models.Meeting:date]
10:25:38.254 [main] DEBUG org.hibernate.boot.model.internal.BasicValueBinder - building BasicValue for date
10:25:38.254 [main] DEBUG org.hibernate.mapping.BasicValue - Skipping column re-registration: meetings.date
10:25:38.254 [main] DEBUG org.hibernate.boot.model.internal.PropertyBinder - Building property date
10:25:38.254 [main] DEBUG org.hibernate.boot.model.internal.AnnotatedColumn - Binding column: AnnotatedColumn(column='end_time')
10:25:38.254 [main] DEBUG org.hibernate.boot.model.internal.PropertyBinder - MetadataSourceProcessor property endTime with lazy=false
10:25:38.254 [main] DEBUG org.hibernate.boot.model.internal.AbstractPropertyHolder - Attempting to locate auto-apply AttributeConverter for property [org.frcpm.models.Meeting:endTime]
10:25:38.254 [main] DEBUG org.hibernate.boot.model.internal.BasicValueBinder - building BasicValue for endTime
10:25:38.254 [main] DEBUG org.hibernate.mapping.BasicValue - Skipping column re-registration: meetings.end_time
10:25:38.254 [main] DEBUG org.hibernate.boot.model.internal.PropertyBinder - Building property endTime
10:25:38.254 [main] DEBUG org.hibernate.boot.model.internal.AnnotatedColumn - Binding column: AnnotatedColumn(column='notes')
10:25:38.254 [main] DEBUG org.hibernate.boot.model.internal.PropertyBinder - MetadataSourceProcessor property notes with lazy=false
10:25:38.254 [main] DEBUG org.hibernate.boot.model.internal.AbstractPropertyHolder - Attempting to locate auto-apply AttributeConverter for property [org.frcpm.models.Meeting:notes]
10:25:38.254 [main] DEBUG org.hibernate.boot.model.internal.BasicValueBinder - building BasicValue for notes
10:25:38.254 [main] DEBUG org.hibernate.mapping.BasicValue - Skipping column re-registration: meetings.notes
10:25:38.254 [main] DEBUG org.hibernate.boot.model.internal.PropertyBinder - Building property notes
10:25:38.254 [main] DEBUG org.hibernate.boot.model.internal.AnnotatedColumn - Binding column: AnnotatedJoinColumn(column='project_id')
10:25:38.254 [main] DEBUG org.hibernate.boot.model.internal.AnnotatedColumn - Binding column: AnnotatedColumn()
10:25:38.254 [main] DEBUG org.hibernate.boot.model.internal.PropertyBinder - Building property project
10:25:38.254 [main] DEBUG org.hibernate.boot.model.internal.AnnotatedColumn - Binding column: AnnotatedColumn(column='start_time')
10:25:38.254 [main] DEBUG org.hibernate.boot.model.internal.PropertyBinder - MetadataSourceProcessor property startTime with lazy=false
10:25:38.254 [main] DEBUG org.hibernate.boot.model.internal.AbstractPropertyHolder - Attempting to locate auto-apply AttributeConverter for property [org.frcpm.models.Meeting:startTime]
10:25:38.254 [main] DEBUG org.hibernate.boot.model.internal.BasicValueBinder - building BasicValue for startTime
10:25:38.254 [main] DEBUG org.hibernate.mapping.BasicValue - Skipping column re-registration: meetings.start_time
10:25:38.254 [main] DEBUG org.hibernate.boot.model.internal.PropertyBinder - Building property startTime
10:25:38.254 [main] DEBUG org.hibernate.boot.registry.classloading.internal.ClassLoaderServiceImpl - HHH000194: Package not found or no package-info.java: org.frcpm.models
10:25:38.254 [main] DEBUG org.hibernate.boot.model.internal.EntityBinder - Binding entity from annotated class: org.frcpm.models.Subsystem
10:25:38.254 [main] DEBUG org.hibernate.boot.model.internal.EntityBinder - Import with entity name Subsystem
10:25:38.254 [main] DEBUG org.hibernate.boot.model.internal.EntityBinder - Bind entity org.frcpm.models.Subsystem on table subsystems
10:25:38.254 [main] DEBUG org.hibernate.boot.model.internal.AnnotatedColumn - Binding column: AnnotatedDiscriminatorColumn(column='DTYPE')
10:25:38.255 [main] DEBUG org.hibernate.boot.model.internal.AnnotatedColumn - Binding column: AnnotatedColumn()
10:25:38.255 [main] DEBUG org.hibernate.boot.internal.ClassLoaderAccessImpl - Not known whether passed class name [org.frcpm.models.Subsystem] is safe
10:25:38.255 [main] DEBUG org.hibernate.boot.internal.ClassLoaderAccessImpl - No temp ClassLoader provided; using live ClassLoader for loading potentially unsafe class : org.frcpm.models.Subsystem
10:25:38.255 [main] DEBUG org.hibernate.boot.model.internal.PropertyBinder - MetadataSourceProcessor property id with lazy=false
10:25:38.255 [main] DEBUG org.hibernate.boot.model.internal.AbstractPropertyHolder - Attempting to locate auto-apply AttributeConverter for property [org.frcpm.models.Subsystem:id]
10:25:38.255 [main] DEBUG org.hibernate.boot.model.internal.BasicValueBinder - building BasicValue for id
10:25:38.255 [main] DEBUG org.hibernate.mapping.BasicValue - Skipping column re-registration: subsystems.id
10:25:38.255 [main] DEBUG org.hibernate.boot.model.internal.PropertyBinder - Building property id
10:25:38.255 [main] DEBUG org.hibernate.boot.model.internal.BinderHelper - #makeIdGenerator(BasicValue([Column(id)]), id, identity, , ...)
10:25:38.255 [main] DEBUG org.hibernate.boot.model.internal.AnnotatedColumn - Binding column: AnnotatedColumn(column='description')
10:25:38.255 [main] DEBUG org.hibernate.boot.model.internal.PropertyBinder - MetadataSourceProcessor property description with lazy=false
10:25:38.255 [main] DEBUG org.hibernate.boot.model.internal.AbstractPropertyHolder - Attempting to locate auto-apply AttributeConverter for property [org.frcpm.models.Subsystem:description]
10:25:38.255 [main] DEBUG org.hibernate.boot.model.internal.BasicValueBinder - building BasicValue for description
10:25:38.255 [main] DEBUG org.hibernate.mapping.BasicValue - Skipping column re-registration: subsystems.description
10:25:38.255 [main] DEBUG org.hibernate.boot.model.internal.PropertyBinder - Building property description
10:25:38.255 [main] DEBUG org.hibernate.boot.model.internal.AnnotatedColumn - Binding column: AnnotatedColumn(column='name')
10:25:38.255 [main] DEBUG org.hibernate.boot.model.internal.PropertyBinder - MetadataSourceProcessor property name with lazy=false
10:25:38.255 [main] DEBUG org.hibernate.boot.model.internal.AbstractPropertyHolder - Attempting to locate auto-apply AttributeConverter for property [org.frcpm.models.Subsystem:name]
10:25:38.255 [main] DEBUG org.hibernate.boot.model.internal.BasicValueBinder - building BasicValue for name
10:25:38.255 [main] DEBUG org.hibernate.mapping.BasicValue - Skipping column re-registration: subsystems.name
10:25:38.255 [main] DEBUG org.hibernate.boot.model.internal.PropertyBinder - Building property name
10:25:38.255 [main] DEBUG org.hibernate.boot.model.internal.AnnotatedColumn - Binding column: AnnotatedJoinColumn(column='responsible_subteam_id')
10:25:38.255 [main] DEBUG org.hibernate.boot.model.internal.AnnotatedColumn - Binding column: AnnotatedColumn()
10:25:38.255 [main] DEBUG org.hibernate.boot.model.internal.PropertyBinder - Building property responsibleSubteam
10:25:38.255 [main] DEBUG org.hibernate.boot.model.internal.AnnotatedColumn - Binding column: AnnotatedColumn(column='status')
10:25:38.255 [main] DEBUG org.hibernate.boot.model.internal.PropertyBinder - MetadataSourceProcessor property status with lazy=false
10:25:38.255 [main] DEBUG org.hibernate.boot.model.internal.AbstractPropertyHolder - Attempting to locate auto-apply AttributeConverter for property [org.frcpm.models.Subsystem:status]
10:25:38.255 [main] DEBUG org.hibernate.boot.model.internal.BasicValueBinder - building BasicValue for status
10:25:38.255 [main] DEBUG org.hibernate.mapping.BasicValue - Skipping column re-registration: subsystems.status
10:25:38.255 [main] DEBUG org.hibernate.boot.model.internal.PropertyBinder - Building property status
10:25:38.255 [main] DEBUG org.hibernate.boot.model.internal.AnnotatedColumn - Binding column: AnnotatedJoinColumn()
10:25:38.255 [main] DEBUG org.hibernate.boot.model.internal.AnnotatedColumn - Binding column: AnnotatedColumn()
10:25:38.255 [main] DEBUG org.hibernate.boot.model.internal.AnnotatedColumn - Binding column: IndexColumn(column='tasks_ORDER')
10:25:38.255 [main] DEBUG org.hibernate.boot.model.internal.AnnotatedColumn - Binding column: AnnotatedColumn()
10:25:38.255 [main] DEBUG org.hibernate.boot.model.internal.AnnotatedColumn - Binding column: AnnotatedColumn(column='tasks_KEY')
10:25:38.255 [main] DEBUG org.hibernate.boot.model.internal.AnnotatedColumn - Binding column: AnnotatedJoinColumn(column='tasks_KEY')
10:25:38.255 [main] DEBUG org.hibernate.boot.model.internal.AnnotatedColumn - Binding column: AnnotatedJoinColumn()
10:25:38.255 [main] DEBUG org.hibernate.boot.model.internal.AnnotatedColumn - Binding column: AnnotatedJoinColumn()
10:25:38.255 [main] DEBUG org.hibernate.boot.model.internal.CollectionBinder - Collection role: org.frcpm.models.Subsystem.tasks
10:25:38.255 [main] DEBUG org.hibernate.boot.model.internal.PropertyBinder - Building property tasks
10:25:38.255 [main] DEBUG org.hibernate.boot.registry.classloading.internal.ClassLoaderServiceImpl - HHH000194: Package not found or no package-info.java: org.frcpm.models
10:25:38.255 [main] DEBUG org.hibernate.boot.model.internal.EntityBinder - Binding entity from annotated class: org.frcpm.models.Component
10:25:38.255 [main] DEBUG org.hibernate.boot.model.internal.EntityBinder - Import with entity name Component
10:25:38.255 [main] DEBUG org.hibernate.boot.model.internal.EntityBinder - Bind entity org.frcpm.models.Component on table components
10:25:38.255 [main] DEBUG org.hibernate.boot.model.internal.AnnotatedColumn - Binding column: AnnotatedDiscriminatorColumn(column='DTYPE')
10:25:38.255 [main] DEBUG org.hibernate.boot.model.internal.AnnotatedColumn - Binding column: AnnotatedColumn()
10:25:38.255 [main] DEBUG org.hibernate.boot.internal.ClassLoaderAccessImpl - Not known whether passed class name [org.frcpm.models.Component] is safe
10:25:38.255 [main] DEBUG org.hibernate.boot.internal.ClassLoaderAccessImpl - No temp ClassLoader provided; using live ClassLoader for loading potentially unsafe class : org.frcpm.models.Component
10:25:38.255 [main] DEBUG org.hibernate.boot.model.internal.PropertyBinder - MetadataSourceProcessor property id with lazy=false
10:25:38.255 [main] DEBUG org.hibernate.boot.model.internal.AbstractPropertyHolder - Attempting to locate auto-apply AttributeConverter for property [org.frcpm.models.Component:id]
10:25:38.255 [main] DEBUG org.hibernate.boot.model.internal.BasicValueBinder - building BasicValue for id
10:25:38.255 [main] DEBUG org.hibernate.mapping.BasicValue - Skipping column re-registration: components.id
10:25:38.255 [main] DEBUG org.hibernate.boot.model.internal.PropertyBinder - Building property id
10:25:38.255 [main] DEBUG org.hibernate.boot.model.internal.BinderHelper - #makeIdGenerator(BasicValue([Column(id)]), id, identity, , ...)
10:25:38.255 [main] DEBUG org.hibernate.boot.model.internal.AnnotatedColumn - Binding column: AnnotatedColumn(column='actual_delivery')
10:25:38.255 [main] DEBUG org.hibernate.boot.model.internal.PropertyBinder - MetadataSourceProcessor property actualDelivery with lazy=false
10:25:38.255 [main] DEBUG org.hibernate.boot.model.internal.AbstractPropertyHolder - Attempting to locate auto-apply AttributeConverter for property [org.frcpm.models.Component:actualDelivery]
10:25:38.255 [main] DEBUG org.hibernate.boot.model.internal.BasicValueBinder - building BasicValue for actualDelivery
10:25:38.255 [main] DEBUG org.hibernate.mapping.BasicValue - Skipping column re-registration: components.actual_delivery
10:25:38.255 [main] DEBUG org.hibernate.boot.model.internal.PropertyBinder - Building property actualDelivery
10:25:38.255 [main] DEBUG org.hibernate.boot.model.internal.AnnotatedColumn - Binding column: AnnotatedColumn(column='is_delivered')
10:25:38.255 [main] DEBUG org.hibernate.boot.model.internal.PropertyBinder - MetadataSourceProcessor property delivered with lazy=false
10:25:38.255 [main] DEBUG org.hibernate.boot.model.internal.AbstractPropertyHolder - Attempting to locate auto-apply AttributeConverter for property [org.frcpm.models.Component:delivered]
10:25:38.255 [main] DEBUG org.hibernate.boot.model.internal.BasicValueBinder - building BasicValue for delivered
10:25:38.255 [main] DEBUG org.hibernate.mapping.BasicValue - Skipping column re-registration: components.is_delivered
10:25:38.255 [main] DEBUG org.hibernate.boot.model.internal.PropertyBinder - Building property delivered
10:25:38.255 [main] DEBUG org.hibernate.boot.model.internal.AnnotatedColumn - Binding column: AnnotatedColumn(column='description')
10:25:38.255 [main] DEBUG org.hibernate.boot.model.internal.PropertyBinder - MetadataSourceProcessor property description with lazy=false
10:25:38.255 [main] DEBUG org.hibernate.boot.model.internal.AbstractPropertyHolder - Attempting to locate auto-apply AttributeConverter for property [org.frcpm.models.Component:description]
10:25:38.255 [main] DEBUG org.hibernate.boot.model.internal.BasicValueBinder - building BasicValue for description
10:25:38.255 [main] DEBUG org.hibernate.mapping.BasicValue - Skipping column re-registration: components.description
10:25:38.255 [main] DEBUG org.hibernate.boot.model.internal.PropertyBinder - Building property description
10:25:38.255 [main] DEBUG org.hibernate.boot.model.internal.AnnotatedColumn - Binding column: AnnotatedColumn(column='expected_delivery')
10:25:38.255 [main] DEBUG org.hibernate.boot.model.internal.PropertyBinder - MetadataSourceProcessor property expectedDelivery with lazy=false
10:25:38.255 [main] DEBUG org.hibernate.boot.model.internal.AbstractPropertyHolder - Attempting to locate auto-apply AttributeConverter for property [org.frcpm.models.Component:expectedDelivery]
10:25:38.255 [main] DEBUG org.hibernate.boot.model.internal.BasicValueBinder - building BasicValue for expectedDelivery
10:25:38.255 [main] DEBUG org.hibernate.mapping.BasicValue - Skipping column re-registration: components.expected_delivery
10:25:38.255 [main] DEBUG org.hibernate.boot.model.internal.PropertyBinder - Building property expectedDelivery
10:25:38.255 [main] DEBUG org.hibernate.boot.model.internal.AnnotatedColumn - Binding column: AnnotatedColumn(column='name')
10:25:38.255 [main] DEBUG org.hibernate.boot.model.internal.PropertyBinder - MetadataSourceProcessor property name with lazy=false
10:25:38.255 [main] DEBUG org.hibernate.boot.model.internal.AbstractPropertyHolder - Attempting to locate auto-apply AttributeConverter for property [org.frcpm.models.Component:name]
10:25:38.255 [main] DEBUG org.hibernate.boot.model.internal.BasicValueBinder - building BasicValue for name
10:25:38.255 [main] DEBUG org.hibernate.mapping.BasicValue - Skipping column re-registration: components.name
10:25:38.255 [main] DEBUG org.hibernate.boot.model.internal.PropertyBinder - Building property name
10:25:38.255 [main] DEBUG org.hibernate.boot.model.internal.AnnotatedColumn - Binding column: AnnotatedColumn(column='part_number')
10:25:38.255 [main] DEBUG org.hibernate.boot.model.internal.PropertyBinder - MetadataSourceProcessor property partNumber with lazy=false
10:25:38.255 [main] DEBUG org.hibernate.boot.model.internal.AbstractPropertyHolder - Attempting to locate auto-apply AttributeConverter for property [org.frcpm.models.Component:partNumber]
10:25:38.255 [main] DEBUG org.hibernate.boot.model.internal.BasicValueBinder - building BasicValue for partNumber
10:25:38.255 [main] DEBUG org.hibernate.mapping.BasicValue - Skipping column re-registration: components.part_number
10:25:38.255 [main] DEBUG org.hibernate.boot.model.internal.PropertyBinder - Building property partNumber
10:25:38.255 [main] DEBUG org.hibernate.boot.model.internal.AnnotatedColumn - Binding column: IndexColumn(column='requiredForTasks_ORDER')
10:25:38.255 [main] DEBUG org.hibernate.boot.model.internal.AnnotatedColumn - Binding column: AnnotatedColumn()
10:25:38.255 [main] DEBUG org.hibernate.boot.model.internal.AnnotatedColumn - Binding column: AnnotatedColumn(column='requiredForTasks_KEY')
10:25:38.255 [main] DEBUG org.hibernate.boot.model.internal.AnnotatedColumn - Binding column: AnnotatedJoinColumn(column='requiredForTasks_KEY')
10:25:38.255 [main] DEBUG org.hibernate.boot.model.internal.AnnotatedColumn - Binding column: AnnotatedJoinColumn()
10:25:38.255 [main] DEBUG org.hibernate.boot.model.internal.AnnotatedColumn - Binding column: AnnotatedJoinColumn()
10:25:38.255 [main] DEBUG org.hibernate.boot.model.internal.CollectionBinder - Collection role: org.frcpm.models.Component.requiredForTasks
10:25:38.255 [main] DEBUG org.hibernate.boot.model.internal.PropertyBinder - Building property requiredForTasks
10:25:38.256 [main] DEBUG org.hibernate.boot.registry.classloading.internal.ClassLoaderServiceImpl - HHH000194: Package not found or no package-info.java: org.frcpm.models
10:25:38.256 [main] DEBUG org.hibernate.boot.model.internal.EntityBinder - Binding entity from annotated class: org.frcpm.models.Milestone
10:25:38.256 [main] DEBUG org.hibernate.boot.model.internal.EntityBinder - Import with entity name Milestone
10:25:38.256 [main] DEBUG org.hibernate.boot.model.internal.EntityBinder - Bind entity org.frcpm.models.Milestone on table milestones
10:25:38.256 [main] DEBUG org.hibernate.boot.model.internal.AnnotatedColumn - Binding column: AnnotatedDiscriminatorColumn(column='DTYPE')
10:25:38.256 [main] DEBUG org.hibernate.boot.model.internal.AnnotatedColumn - Binding column: AnnotatedColumn()
10:25:38.256 [main] DEBUG org.hibernate.boot.internal.ClassLoaderAccessImpl - Not known whether passed class name [org.frcpm.models.Milestone] is safe
10:25:38.256 [main] DEBUG org.hibernate.boot.internal.ClassLoaderAccessImpl - No temp ClassLoader provided; using live ClassLoader for loading potentially unsafe class : org.frcpm.models.Milestone
10:25:38.256 [main] DEBUG org.hibernate.boot.model.internal.PropertyBinder - MetadataSourceProcessor property id with lazy=false
10:25:38.256 [main] DEBUG org.hibernate.boot.model.internal.AbstractPropertyHolder - Attempting to locate auto-apply AttributeConverter for property [org.frcpm.models.Milestone:id]
10:25:38.256 [main] DEBUG org.hibernate.boot.model.internal.BasicValueBinder - building BasicValue for id
10:25:38.256 [main] DEBUG org.hibernate.mapping.BasicValue - Skipping column re-registration: milestones.id
10:25:38.256 [main] DEBUG org.hibernate.boot.model.internal.PropertyBinder - Building property id
10:25:38.256 [main] DEBUG org.hibernate.boot.model.internal.BinderHelper - #makeIdGenerator(BasicValue([Column(id)]), id, identity, , ...)
10:25:38.256 [main] DEBUG org.hibernate.boot.model.internal.AnnotatedColumn - Binding column: AnnotatedColumn(column='date')
10:25:38.256 [main] DEBUG org.hibernate.boot.model.internal.PropertyBinder - MetadataSourceProcessor property date with lazy=false
10:25:38.256 [main] DEBUG org.hibernate.boot.model.internal.AbstractPropertyHolder - Attempting to locate auto-apply AttributeConverter for property [org.frcpm.models.Milestone:date]
10:25:38.256 [main] DEBUG org.hibernate.boot.model.internal.BasicValueBinder - building BasicValue for date
10:25:38.256 [main] DEBUG org.hibernate.mapping.BasicValue - Skipping column re-registration: milestones.date
10:25:38.256 [main] DEBUG org.hibernate.boot.model.internal.PropertyBinder - Building property date
10:25:38.256 [main] DEBUG org.hibernate.boot.model.internal.AnnotatedColumn - Binding column: AnnotatedColumn(column='description')
10:25:38.256 [main] DEBUG org.hibernate.boot.model.internal.PropertyBinder - MetadataSourceProcessor property description with lazy=false
10:25:38.256 [main] DEBUG org.hibernate.boot.model.internal.AbstractPropertyHolder - Attempting to locate auto-apply AttributeConverter for property [org.frcpm.models.Milestone:description]
10:25:38.256 [main] DEBUG org.hibernate.boot.model.internal.BasicValueBinder - building BasicValue for description
10:25:38.256 [main] DEBUG org.hibernate.mapping.BasicValue - Skipping column re-registration: milestones.description
10:25:38.256 [main] DEBUG org.hibernate.boot.model.internal.PropertyBinder - Building property description
10:25:38.256 [main] DEBUG org.hibernate.boot.model.internal.AnnotatedColumn - Binding column: AnnotatedColumn(column='name')
10:25:38.256 [main] DEBUG org.hibernate.boot.model.internal.PropertyBinder - MetadataSourceProcessor property name with lazy=false
10:25:38.256 [main] DEBUG org.hibernate.boot.model.internal.AbstractPropertyHolder - Attempting to locate auto-apply AttributeConverter for property [org.frcpm.models.Milestone:name]
10:25:38.256 [main] DEBUG org.hibernate.boot.model.internal.BasicValueBinder - building BasicValue for name
10:25:38.256 [main] DEBUG org.hibernate.mapping.BasicValue - Skipping column re-registration: milestones.name
10:25:38.256 [main] DEBUG org.hibernate.boot.model.internal.PropertyBinder - Building property name
10:25:38.256 [main] DEBUG org.hibernate.boot.model.internal.AnnotatedColumn - Binding column: AnnotatedJoinColumn(column='project_id')
10:25:38.256 [main] DEBUG org.hibernate.boot.model.internal.AnnotatedColumn - Binding column: AnnotatedColumn()
10:25:38.256 [main] DEBUG org.hibernate.boot.model.internal.PropertyBinder - Building property project
10:25:38.256 [main] DEBUG org.hibernate.boot.registry.classloading.internal.ClassLoaderServiceImpl - HHH000194: Package not found or no package-info.java: org.frcpm.models
10:25:38.256 [main] DEBUG org.hibernate.boot.model.internal.EntityBinder - Binding entity from annotated class: org.frcpm.models.Project
10:25:38.256 [main] DEBUG org.hibernate.boot.model.internal.EntityBinder - Import with entity name Project
10:25:38.256 [main] DEBUG org.hibernate.boot.model.internal.EntityBinder - Bind entity org.frcpm.models.Project on table projects
10:25:38.256 [main] DEBUG org.hibernate.boot.model.internal.AnnotatedColumn - Binding column: AnnotatedDiscriminatorColumn(column='DTYPE')
10:25:38.257 [main] DEBUG org.hibernate.boot.model.internal.AnnotatedColumn - Binding column: AnnotatedColumn()
10:25:38.257 [main] DEBUG org.hibernate.boot.internal.ClassLoaderAccessImpl - Not known whether passed class name [org.frcpm.models.Project] is safe
10:25:38.257 [main] DEBUG org.hibernate.boot.internal.ClassLoaderAccessImpl - No temp ClassLoader provided; using live ClassLoader for loading potentially unsafe class : org.frcpm.models.Project
10:25:38.257 [main] DEBUG org.hibernate.boot.model.internal.PropertyBinder - MetadataSourceProcessor property id with lazy=false
10:25:38.257 [main] DEBUG org.hibernate.boot.model.internal.AbstractPropertyHolder - Attempting to locate auto-apply AttributeConverter for property [org.frcpm.models.Project:id]
10:25:38.257 [main] DEBUG org.hibernate.boot.model.internal.BasicValueBinder - building BasicValue for id
10:25:38.257 [main] DEBUG org.hibernate.mapping.BasicValue - Skipping column re-registration: projects.id
10:25:38.257 [main] DEBUG org.hibernate.boot.model.internal.PropertyBinder - Building property id
10:25:38.257 [main] DEBUG org.hibernate.boot.model.internal.BinderHelper - #makeIdGenerator(BasicValue([Column(id)]), id, identity, , ...)
10:25:38.257 [main] DEBUG org.hibernate.boot.model.internal.AnnotatedColumn - Binding column: AnnotatedColumn(column='description')
10:25:38.257 [main] DEBUG org.hibernate.boot.model.internal.PropertyBinder - MetadataSourceProcessor property description with lazy=false
10:25:38.257 [main] DEBUG org.hibernate.boot.model.internal.AbstractPropertyHolder - Attempting to locate auto-apply AttributeConverter for property [org.frcpm.models.Project:description]
10:25:38.257 [main] DEBUG org.hibernate.boot.model.internal.BasicValueBinder - building BasicValue for description
10:25:38.257 [main] DEBUG org.hibernate.mapping.BasicValue - Skipping column re-registration: projects.description
10:25:38.257 [main] DEBUG org.hibernate.boot.model.internal.PropertyBinder - Building property description
10:25:38.257 [main] DEBUG org.hibernate.boot.model.internal.AnnotatedColumn - Binding column: AnnotatedColumn(column='goal_end_date')
10:25:38.257 [main] DEBUG org.hibernate.boot.model.internal.PropertyBinder - MetadataSourceProcessor property goalEndDate with lazy=false
10:25:38.257 [main] DEBUG org.hibernate.boot.model.internal.AbstractPropertyHolder - Attempting to locate auto-apply AttributeConverter for property [org.frcpm.models.Project:goalEndDate]
10:25:38.257 [main] DEBUG org.hibernate.boot.model.internal.BasicValueBinder - building BasicValue for goalEndDate
10:25:38.257 [main] DEBUG org.hibernate.mapping.BasicValue - Skipping column re-registration: projects.goal_end_date
10:25:38.257 [main] DEBUG org.hibernate.boot.model.internal.PropertyBinder - Building property goalEndDate
10:25:38.257 [main] DEBUG org.hibernate.boot.model.internal.AnnotatedColumn - Binding column: AnnotatedColumn(column='hard_deadline')
10:25:38.257 [main] DEBUG org.hibernate.boot.model.internal.PropertyBinder - MetadataSourceProcessor property hardDeadline with lazy=false
10:25:38.257 [main] DEBUG org.hibernate.boot.model.internal.AbstractPropertyHolder - Attempting to locate auto-apply AttributeConverter for property [org.frcpm.models.Project:hardDeadline]
10:25:38.257 [main] DEBUG org.hibernate.boot.model.internal.BasicValueBinder - building BasicValue for hardDeadline
10:25:38.257 [main] DEBUG org.hibernate.mapping.BasicValue - Skipping column re-registration: projects.hard_deadline
10:25:38.257 [main] DEBUG org.hibernate.boot.model.internal.PropertyBinder - Building property hardDeadline
10:25:38.257 [main] DEBUG org.hibernate.boot.model.internal.AnnotatedColumn - Binding column: AnnotatedJoinColumn()
10:25:38.257 [main] DEBUG org.hibernate.boot.model.internal.AnnotatedColumn - Binding column: AnnotatedColumn()
10:25:38.257 [main] DEBUG org.hibernate.boot.model.internal.AnnotatedColumn - Binding column: IndexColumn(column='meetings_ORDER')
10:25:38.257 [main] DEBUG org.hibernate.boot.model.internal.AnnotatedColumn - Binding column: AnnotatedColumn()
10:25:38.257 [main] DEBUG org.hibernate.boot.model.internal.AnnotatedColumn - Binding column: AnnotatedColumn(column='meetings_KEY')
10:25:38.257 [main] DEBUG org.hibernate.boot.model.internal.AnnotatedColumn - Binding column: AnnotatedJoinColumn(column='meetings_KEY')
10:25:38.257 [main] DEBUG org.hibernate.boot.model.internal.AnnotatedColumn - Binding column: AnnotatedJoinColumn()
10:25:38.257 [main] DEBUG org.hibernate.boot.model.internal.AnnotatedColumn - Binding column: AnnotatedJoinColumn()
10:25:38.257 [main] DEBUG org.hibernate.boot.model.internal.CollectionBinder - Collection role: org.frcpm.models.Project.meetings
10:25:38.257 [main] DEBUG org.hibernate.boot.model.internal.PropertyBinder - Building property meetings
10:25:38.257 [main] DEBUG org.hibernate.boot.model.internal.AnnotatedColumn - Binding column: AnnotatedJoinColumn()
10:25:38.257 [main] DEBUG org.hibernate.boot.model.internal.AnnotatedColumn - Binding column: AnnotatedColumn()
10:25:38.257 [main] DEBUG org.hibernate.boot.model.internal.AnnotatedColumn - Binding column: IndexColumn(column='milestones_ORDER')
10:25:38.257 [main] DEBUG org.hibernate.boot.model.internal.AnnotatedColumn - Binding column: AnnotatedColumn()
10:25:38.257 [main] DEBUG org.hibernate.boot.model.internal.AnnotatedColumn - Binding column: AnnotatedColumn(column='milestones_KEY')
10:25:38.257 [main] DEBUG org.hibernate.boot.model.internal.AnnotatedColumn - Binding column: AnnotatedJoinColumn(column='milestones_KEY')
10:25:38.257 [main] DEBUG org.hibernate.boot.model.internal.AnnotatedColumn - Binding column: AnnotatedJoinColumn()
10:25:38.257 [main] DEBUG org.hibernate.boot.model.internal.AnnotatedColumn - Binding column: AnnotatedJoinColumn()
10:25:38.257 [main] DEBUG org.hibernate.boot.model.internal.CollectionBinder - Collection role: org.frcpm.models.Project.milestones
10:25:38.257 [main] DEBUG org.hibernate.boot.model.internal.PropertyBinder - Building property milestones
10:25:38.257 [main] DEBUG org.hibernate.boot.model.internal.AnnotatedColumn - Binding column: AnnotatedColumn(column='name')
10:25:38.257 [main] DEBUG org.hibernate.boot.model.internal.PropertyBinder - MetadataSourceProcessor property name with lazy=false
10:25:38.257 [main] DEBUG org.hibernate.boot.model.internal.AbstractPropertyHolder - Attempting to locate auto-apply AttributeConverter for property [org.frcpm.models.Project:name]
10:25:38.257 [main] DEBUG org.hibernate.boot.model.internal.BasicValueBinder - building BasicValue for name
10:25:38.257 [main] DEBUG org.hibernate.mapping.BasicValue - Skipping column re-registration: projects.name
10:25:38.257 [main] DEBUG org.hibernate.boot.model.internal.PropertyBinder - Building property name
10:25:38.257 [main] DEBUG org.hibernate.boot.model.internal.AnnotatedColumn - Binding column: AnnotatedColumn(column='start_date')
10:25:38.257 [main] DEBUG org.hibernate.boot.model.internal.PropertyBinder - MetadataSourceProcessor property startDate with lazy=false
10:25:38.257 [main] DEBUG org.hibernate.boot.model.internal.AbstractPropertyHolder - Attempting to locate auto-apply AttributeConverter for property [org.frcpm.models.Project:startDate]
10:25:38.257 [main] DEBUG org.hibernate.boot.model.internal.BasicValueBinder - building BasicValue for startDate
10:25:38.257 [main] DEBUG org.hibernate.mapping.BasicValue - Skipping column re-registration: projects.start_date
10:25:38.257 [main] DEBUG org.hibernate.boot.model.internal.PropertyBinder - Building property startDate
10:25:38.257 [main] DEBUG org.hibernate.boot.model.internal.AnnotatedColumn - Binding column: AnnotatedJoinColumn()
10:25:38.257 [main] DEBUG org.hibernate.boot.model.internal.AnnotatedColumn - Binding column: AnnotatedColumn()
10:25:38.257 [main] DEBUG org.hibernate.boot.model.internal.AnnotatedColumn - Binding column: IndexColumn(column='tasks_ORDER')
10:25:38.257 [main] DEBUG org.hibernate.boot.model.internal.AnnotatedColumn - Binding column: AnnotatedColumn()
10:25:38.257 [main] DEBUG org.hibernate.boot.model.internal.AnnotatedColumn - Binding column: AnnotatedColumn(column='tasks_KEY')
10:25:38.257 [main] DEBUG org.hibernate.boot.model.internal.AnnotatedColumn - Binding column: AnnotatedJoinColumn(column='tasks_KEY')
10:25:38.257 [main] DEBUG org.hibernate.boot.model.internal.AnnotatedColumn - Binding column: AnnotatedJoinColumn()
10:25:38.257 [main] DEBUG org.hibernate.boot.model.internal.AnnotatedColumn - Binding column: AnnotatedJoinColumn()
10:25:38.257 [main] DEBUG org.hibernate.boot.model.internal.CollectionBinder - Collection role: org.frcpm.models.Project.tasks
10:25:38.257 [main] DEBUG org.hibernate.boot.model.internal.PropertyBinder - Building property tasks
10:25:38.257 [main] DEBUG org.hibernate.boot.registry.classloading.internal.ClassLoaderServiceImpl - HHH000194: Package not found or no package-info.java: org.frcpm.models
10:25:38.257 [main] DEBUG org.hibernate.boot.model.internal.EntityBinder - Binding entity from annotated class: org.frcpm.models.Subteam
10:25:38.257 [main] DEBUG org.hibernate.boot.model.internal.EntityBinder - Import with entity name Subteam
10:25:38.257 [main] DEBUG org.hibernate.boot.model.internal.EntityBinder - Bind entity org.frcpm.models.Subteam on table subteams
10:25:38.257 [main] DEBUG org.hibernate.boot.model.internal.AnnotatedColumn - Binding column: AnnotatedDiscriminatorColumn(column='DTYPE')
10:25:38.257 [main] DEBUG org.hibernate.boot.model.internal.AnnotatedColumn - Binding column: AnnotatedColumn()
10:25:38.257 [main] DEBUG org.hibernate.boot.internal.ClassLoaderAccessImpl - Not known whether passed class name [org.frcpm.models.Subteam] is safe
10:25:38.257 [main] DEBUG org.hibernate.boot.internal.ClassLoaderAccessImpl - No temp ClassLoader provided; using live ClassLoader for loading potentially unsafe class : org.frcpm.models.Subteam
10:25:38.257 [main] DEBUG org.hibernate.boot.model.internal.PropertyBinder - MetadataSourceProcessor property id with lazy=false
10:25:38.257 [main] DEBUG org.hibernate.boot.model.internal.AbstractPropertyHolder - Attempting to locate auto-apply AttributeConverter for property [org.frcpm.models.Subteam:id]
10:25:38.257 [main] DEBUG org.hibernate.boot.model.internal.BasicValueBinder - building BasicValue for id
10:25:38.257 [main] DEBUG org.hibernate.mapping.BasicValue - Skipping column re-registration: subteams.id
10:25:38.257 [main] DEBUG org.hibernate.boot.model.internal.PropertyBinder - Building property id
10:25:38.257 [main] DEBUG org.hibernate.boot.model.internal.BinderHelper - #makeIdGenerator(BasicValue([Column(id)]), id, identity, , ...)
10:25:38.257 [main] DEBUG org.hibernate.boot.model.internal.AnnotatedColumn - Binding column: AnnotatedColumn(column='color_code')
10:25:38.257 [main] DEBUG org.hibernate.boot.model.internal.PropertyBinder - MetadataSourceProcessor property colorCode with lazy=false
10:25:38.257 [main] DEBUG org.hibernate.boot.model.internal.AbstractPropertyHolder - Attempting to locate auto-apply AttributeConverter for property [org.frcpm.models.Subteam:colorCode]
10:25:38.257 [main] DEBUG org.hibernate.boot.model.internal.BasicValueBinder - building BasicValue for colorCode
10:25:38.257 [main] DEBUG org.hibernate.mapping.BasicValue - Skipping column re-registration: subteams.color_code
10:25:38.257 [main] DEBUG org.hibernate.boot.model.internal.PropertyBinder - Building property colorCode
10:25:38.257 [main] DEBUG org.hibernate.boot.model.internal.AnnotatedColumn - Binding column: AnnotatedJoinColumn()
10:25:38.257 [main] DEBUG org.hibernate.boot.model.internal.AnnotatedColumn - Binding column: AnnotatedColumn()
10:25:38.257 [main] DEBUG org.hibernate.boot.model.internal.AnnotatedColumn - Binding column: IndexColumn(column='members_ORDER')
10:25:38.257 [main] DEBUG org.hibernate.boot.model.internal.AnnotatedColumn - Binding column: AnnotatedColumn()
10:25:38.257 [main] DEBUG org.hibernate.boot.model.internal.AnnotatedColumn - Binding column: AnnotatedColumn(column='members_KEY')
10:25:38.257 [main] DEBUG org.hibernate.boot.model.internal.AnnotatedColumn - Binding column: AnnotatedJoinColumn(column='members_KEY')
10:25:38.257 [main] DEBUG org.hibernate.boot.model.internal.AnnotatedColumn - Binding column: AnnotatedJoinColumn()
10:25:38.257 [main] DEBUG org.hibernate.boot.model.internal.AnnotatedColumn - Binding column: AnnotatedJoinColumn()
10:25:38.257 [main] DEBUG org.hibernate.boot.model.internal.CollectionBinder - Collection role: org.frcpm.models.Subteam.members
10:25:38.257 [main] DEBUG org.hibernate.boot.model.internal.PropertyBinder - Building property members
10:25:38.257 [main] DEBUG org.hibernate.boot.model.internal.AnnotatedColumn - Binding column: AnnotatedColumn(column='name')
10:25:38.257 [main] DEBUG org.hibernate.boot.model.internal.PropertyBinder - MetadataSourceProcessor property name with lazy=false
10:25:38.257 [main] DEBUG org.hibernate.boot.model.internal.AbstractPropertyHolder - Attempting to locate auto-apply AttributeConverter for property [org.frcpm.models.Subteam:name]
10:25:38.257 [main] DEBUG org.hibernate.boot.model.internal.BasicValueBinder - building BasicValue for name
10:25:38.257 [main] DEBUG org.hibernate.mapping.BasicValue - Skipping column re-registration: subteams.name
10:25:38.257 [main] DEBUG org.hibernate.boot.model.internal.PropertyBinder - Building property name
10:25:38.257 [main] DEBUG org.hibernate.boot.model.internal.AnnotatedColumn - Binding column: AnnotatedColumn(column='specialties')
10:25:38.257 [main] DEBUG org.hibernate.boot.model.internal.PropertyBinder - MetadataSourceProcessor property specialties with lazy=false
10:25:38.257 [main] DEBUG org.hibernate.boot.model.internal.AbstractPropertyHolder - Attempting to locate auto-apply AttributeConverter for property [org.frcpm.models.Subteam:specialties]
10:25:38.257 [main] DEBUG org.hibernate.boot.model.internal.BasicValueBinder - building BasicValue for specialties
10:25:38.257 [main] DEBUG org.hibernate.mapping.BasicValue - Skipping column re-registration: subteams.specialties
10:25:38.257 [main] DEBUG org.hibernate.boot.model.internal.PropertyBinder - Building property specialties
10:25:38.257 [main] DEBUG org.hibernate.boot.model.internal.AnnotatedColumn - Binding column: AnnotatedJoinColumn()
10:25:38.257 [main] DEBUG org.hibernate.boot.model.internal.AnnotatedColumn - Binding column: AnnotatedColumn()
10:25:38.257 [main] DEBUG org.hibernate.boot.model.internal.AnnotatedColumn - Binding column: IndexColumn(column='subsystems_ORDER')
10:25:38.257 [main] DEBUG org.hibernate.boot.model.internal.AnnotatedColumn - Binding column: AnnotatedColumn()
10:25:38.257 [main] DEBUG org.hibernate.boot.model.internal.AnnotatedColumn - Binding column: AnnotatedColumn(column='subsystems_KEY')
10:25:38.257 [main] DEBUG org.hibernate.boot.model.internal.AnnotatedColumn - Binding column: AnnotatedJoinColumn(column='subsystems_KEY')
10:25:38.257 [main] DEBUG org.hibernate.boot.model.internal.AnnotatedColumn - Binding column: AnnotatedJoinColumn()
10:25:38.257 [main] DEBUG org.hibernate.boot.model.internal.AnnotatedColumn - Binding column: AnnotatedJoinColumn()
10:25:38.257 [main] DEBUG org.hibernate.boot.model.internal.CollectionBinder - Collection role: org.frcpm.models.Subteam.subsystems
10:25:38.258 [main] DEBUG org.hibernate.boot.model.internal.PropertyBinder - Building property subsystems
10:25:38.258 [main] DEBUG org.hibernate.boot.registry.classloading.internal.ClassLoaderServiceImpl - HHH000194: Package not found or no package-info.java: org.frcpm.models
10:25:38.258 [main] DEBUG org.hibernate.boot.model.internal.EntityBinder - Binding entity from annotated class: org.frcpm.models.Task
10:25:38.258 [main] DEBUG org.hibernate.boot.model.internal.EntityBinder - Import with entity name Task
10:25:38.258 [main] DEBUG org.hibernate.boot.model.internal.EntityBinder - Bind entity org.frcpm.models.Task on table tasks
10:25:38.258 [main] DEBUG org.hibernate.boot.model.internal.AnnotatedColumn - Binding column: AnnotatedDiscriminatorColumn(column='DTYPE')
10:25:38.258 [main] DEBUG org.hibernate.boot.model.internal.AnnotatedColumn - Binding column: AnnotatedColumn()
10:25:38.258 [main] DEBUG org.hibernate.boot.internal.ClassLoaderAccessImpl - Not known whether passed class name [org.frcpm.models.Task] is safe
10:25:38.258 [main] DEBUG org.hibernate.boot.internal.ClassLoaderAccessImpl - No temp ClassLoader provided; using live ClassLoader for loading potentially unsafe class : org.frcpm.models.Task
10:25:38.258 [main] DEBUG org.hibernate.boot.model.internal.PropertyBinder - MetadataSourceProcessor property id with lazy=false
10:25:38.258 [main] DEBUG org.hibernate.boot.model.internal.AbstractPropertyHolder - Attempting to locate auto-apply AttributeConverter for property [org.frcpm.models.Task:id]
10:25:38.258 [main] DEBUG org.hibernate.boot.model.internal.BasicValueBinder - building BasicValue for id
10:25:38.258 [main] DEBUG org.hibernate.mapping.BasicValue - Skipping column re-registration: tasks.id
10:25:38.258 [main] DEBUG org.hibernate.boot.model.internal.PropertyBinder - Building property id
10:25:38.258 [main] DEBUG org.hibernate.boot.model.internal.BinderHelper - #makeIdGenerator(BasicValue([Column(id)]), id, identity, , ...)
10:25:38.258 [main] DEBUG org.hibernate.boot.model.internal.AnnotatedColumn - Binding column: AnnotatedColumn(column='actual_duration_seconds')
10:25:38.258 [main] DEBUG org.hibernate.boot.model.internal.PropertyBinder - MetadataSourceProcessor property actualDurationSeconds with lazy=false
10:25:38.258 [main] DEBUG org.hibernate.boot.model.internal.AbstractPropertyHolder - Attempting to locate auto-apply AttributeConverter for property [org.frcpm.models.Task:actualDurationSeconds]
10:25:38.258 [main] DEBUG org.hibernate.boot.model.internal.BasicValueBinder - building BasicValue for actualDurationSeconds
10:25:38.258 [main] DEBUG org.hibernate.mapping.BasicValue - Skipping column re-registration: tasks.actual_duration_seconds
10:25:38.258 [main] DEBUG org.hibernate.boot.model.internal.PropertyBinder - Building property actualDurationSeconds
10:25:38.258 [main] DEBUG org.hibernate.boot.model.internal.AnnotatedColumn - Binding column: IndexColumn(column='assignedTo_ORDER')
10:25:38.258 [main] DEBUG org.hibernate.boot.model.internal.AnnotatedColumn - Binding column: AnnotatedColumn()
10:25:38.258 [main] DEBUG org.hibernate.boot.model.internal.AnnotatedColumn - Binding column: AnnotatedColumn(column='assignedTo_KEY')
10:25:38.258 [main] DEBUG org.hibernate.boot.model.internal.AnnotatedColumn - Binding column: AnnotatedJoinColumn(column='assignedTo_KEY')
10:25:38.258 [main] DEBUG org.hibernate.boot.model.internal.AnnotatedColumn - Binding column: AnnotatedJoinColumn(column='task_id')
10:25:38.258 [main] DEBUG org.hibernate.boot.model.internal.AnnotatedColumn - Binding column: AnnotatedJoinColumn(column='team_member_id')
10:25:38.258 [main] DEBUG org.hibernate.boot.model.internal.CollectionBinder - Collection role: org.frcpm.models.Task.assignedTo
10:25:38.258 [main] DEBUG org.hibernate.boot.model.internal.PropertyBinder - Building property assignedTo
10:25:38.258 [main] DEBUG org.hibernate.boot.model.internal.AnnotatedColumn - Binding column: AnnotatedColumn(column='completed')
10:25:38.258 [main] DEBUG org.hibernate.boot.model.internal.PropertyBinder - MetadataSourceProcessor property completed with lazy=false
10:25:38.258 [main] DEBUG org.hibernate.boot.model.internal.AbstractPropertyHolder - Attempting to locate auto-apply AttributeConverter for property [org.frcpm.models.Task:completed]
10:25:38.258 [main] DEBUG org.hibernate.boot.model.internal.BasicValueBinder - building BasicValue for completed
10:25:38.258 [main] DEBUG org.hibernate.mapping.BasicValue - Skipping column re-registration: tasks.completed
10:25:38.258 [main] DEBUG org.hibernate.boot.model.internal.PropertyBinder - Building property completed
10:25:38.258 [main] DEBUG org.hibernate.boot.model.internal.AnnotatedColumn - Binding column: AnnotatedColumn(column='description')
10:25:38.258 [main] DEBUG org.hibernate.boot.model.internal.PropertyBinder - MetadataSourceProcessor property description with lazy=false
10:25:38.258 [main] DEBUG org.hibernate.boot.model.internal.AbstractPropertyHolder - Attempting to locate auto-apply AttributeConverter for property [org.frcpm.models.Task:description]
10:25:38.258 [main] DEBUG org.hibernate.boot.model.internal.BasicValueBinder - building BasicValue for description
10:25:38.258 [main] DEBUG org.hibernate.mapping.BasicValue - Skipping column re-registration: tasks.description
10:25:38.258 [main] DEBUG org.hibernate.boot.model.internal.PropertyBinder - Building property description
10:25:38.258 [main] DEBUG org.hibernate.boot.model.internal.AnnotatedColumn - Binding column: AnnotatedColumn(column='end_date')
10:25:38.258 [main] DEBUG org.hibernate.boot.model.internal.PropertyBinder - MetadataSourceProcessor property endDate with lazy=false
10:25:38.258 [main] DEBUG org.hibernate.boot.model.internal.AbstractPropertyHolder - Attempting to locate auto-apply AttributeConverter for property [org.frcpm.models.Task:endDate]
10:25:38.258 [main] DEBUG org.hibernate.boot.model.internal.BasicValueBinder - building BasicValue for endDate
10:25:38.258 [main] DEBUG org.hibernate.mapping.BasicValue - Skipping column re-registration: tasks.end_date
10:25:38.258 [main] DEBUG org.hibernate.boot.model.internal.PropertyBinder - Building property endDate
10:25:38.258 [main] DEBUG org.hibernate.boot.model.internal.AnnotatedColumn - Binding column: AnnotatedColumn(column='estimated_duration_seconds')
10:25:38.258 [main] DEBUG org.hibernate.boot.model.internal.PropertyBinder - MetadataSourceProcessor property estimatedDurationSeconds with lazy=false
10:25:38.258 [main] DEBUG org.hibernate.boot.model.internal.AbstractPropertyHolder - Attempting to locate auto-apply AttributeConverter for property [org.frcpm.models.Task:estimatedDurationSeconds]
10:25:38.258 [main] DEBUG org.hibernate.boot.model.internal.BasicValueBinder - building BasicValue for estimatedDurationSeconds
10:25:38.258 [main] DEBUG org.hibernate.mapping.BasicValue - Skipping column re-registration: tasks.estimated_duration_seconds
10:25:38.258 [main] DEBUG org.hibernate.boot.model.internal.PropertyBinder - Building property estimatedDurationSeconds
10:25:38.258 [main] DEBUG org.hibernate.boot.model.internal.AnnotatedColumn - Binding column: IndexColumn(column='postDependencies_ORDER')
10:25:38.258 [main] DEBUG org.hibernate.boot.model.internal.AnnotatedColumn - Binding column: AnnotatedColumn()
10:25:38.258 [main] DEBUG org.hibernate.boot.model.internal.AnnotatedColumn - Binding column: AnnotatedColumn(column='postDependencies_KEY')
10:25:38.258 [main] DEBUG org.hibernate.boot.model.internal.AnnotatedColumn - Binding column: AnnotatedJoinColumn(column='postDependencies_KEY')
10:25:38.258 [main] DEBUG org.hibernate.boot.model.internal.AnnotatedColumn - Binding column: AnnotatedJoinColumn()
10:25:38.258 [main] DEBUG org.hibernate.boot.model.internal.AnnotatedColumn - Binding column: AnnotatedJoinColumn()
10:25:38.258 [main] DEBUG org.hibernate.boot.model.internal.CollectionBinder - Collection role: org.frcpm.models.Task.postDependencies
10:25:38.258 [main] DEBUG org.hibernate.boot.model.internal.PropertyBinder - Building property postDependencies
10:25:38.258 [main] DEBUG org.hibernate.boot.model.internal.AnnotatedColumn - Binding column: IndexColumn(column='preDependencies_ORDER')
10:25:38.258 [main] DEBUG org.hibernate.boot.model.internal.AnnotatedColumn - Binding column: AnnotatedColumn()
10:25:38.258 [main] DEBUG org.hibernate.boot.model.internal.AnnotatedColumn - Binding column: AnnotatedColumn(column='preDependencies_KEY')
10:25:38.258 [main] DEBUG org.hibernate.boot.model.internal.AnnotatedColumn - Binding column: AnnotatedJoinColumn(column='preDependencies_KEY')
10:25:38.258 [main] DEBUG org.hibernate.boot.model.internal.AnnotatedColumn - Binding column: AnnotatedJoinColumn(column='task_id')
10:25:38.258 [main] DEBUG org.hibernate.boot.model.internal.AnnotatedColumn - Binding column: AnnotatedJoinColumn(column='dependency_id')
10:25:38.258 [main] DEBUG org.hibernate.boot.model.internal.CollectionBinder - Collection role: org.frcpm.models.Task.preDependencies
10:25:38.258 [main] DEBUG org.hibernate.boot.model.internal.PropertyBinder - Building property preDependencies
10:25:38.258 [main] DEBUG org.hibernate.boot.model.internal.AnnotatedColumn - Binding column: AnnotatedColumn(column='priority')
10:25:38.258 [main] DEBUG org.hibernate.boot.model.internal.PropertyBinder - MetadataSourceProcessor property priority with lazy=false
10:25:38.258 [main] DEBUG org.hibernate.boot.model.internal.AbstractPropertyHolder - Attempting to locate auto-apply AttributeConverter for property [org.frcpm.models.Task:priority]
10:25:38.258 [main] DEBUG org.hibernate.boot.model.internal.BasicValueBinder - building BasicValue for priority
10:25:38.258 [main] DEBUG org.hibernate.mapping.BasicValue - Skipping column re-registration: tasks.priority
10:25:38.258 [main] DEBUG org.hibernate.boot.model.internal.PropertyBinder - Building property priority
10:25:38.258 [main] DEBUG org.hibernate.boot.model.internal.AnnotatedColumn - Binding column: AnnotatedColumn(column='progress')
10:25:38.258 [main] DEBUG org.hibernate.boot.model.internal.PropertyBinder - MetadataSourceProcessor property progress with lazy=false
10:25:38.258 [main] DEBUG org.hibernate.boot.model.internal.AbstractPropertyHolder - Attempting to locate auto-apply AttributeConverter for property [org.frcpm.models.Task:progress]
10:25:38.258 [main] DEBUG org.hibernate.boot.model.internal.BasicValueBinder - building BasicValue for progress
10:25:38.258 [main] DEBUG org.hibernate.mapping.BasicValue - Skipping column re-registration: tasks.progress
10:25:38.258 [main] DEBUG org.hibernate.boot.model.internal.PropertyBinder - Building property progress
10:25:38.258 [main] DEBUG org.hibernate.boot.model.internal.AnnotatedColumn - Binding column: AnnotatedJoinColumn(column='project_id')
10:25:38.258 [main] DEBUG org.hibernate.boot.model.internal.AnnotatedColumn - Binding column: AnnotatedColumn()
10:25:38.258 [main] DEBUG org.hibernate.boot.model.internal.PropertyBinder - Building property project
10:25:38.258 [main] DEBUG org.hibernate.boot.model.internal.AnnotatedColumn - Binding column: IndexColumn(column='requiredComponents_ORDER')
10:25:38.258 [main] DEBUG org.hibernate.boot.model.internal.AnnotatedColumn - Binding column: AnnotatedColumn()
10:25:38.258 [main] DEBUG org.hibernate.boot.model.internal.AnnotatedColumn - Binding column: AnnotatedColumn(column='requiredComponents_KEY')
10:25:38.258 [main] DEBUG org.hibernate.boot.model.internal.AnnotatedColumn - Binding column: AnnotatedJoinColumn(column='requiredComponents_KEY')
10:25:38.258 [main] DEBUG org.hibernate.boot.model.internal.AnnotatedColumn - Binding column: AnnotatedJoinColumn(column='task_id')
10:25:38.258 [main] DEBUG org.hibernate.boot.model.internal.AnnotatedColumn - Binding column: AnnotatedJoinColumn(column='component_id')
10:25:38.258 [main] DEBUG org.hibernate.boot.model.internal.CollectionBinder - Collection role: org.frcpm.models.Task.requiredComponents
10:25:38.258 [main] DEBUG org.hibernate.boot.model.internal.PropertyBinder - Building property requiredComponents
10:25:38.258 [main] DEBUG org.hibernate.boot.model.internal.AnnotatedColumn - Binding column: AnnotatedColumn(column='start_date')
10:25:38.258 [main] DEBUG org.hibernate.boot.model.internal.PropertyBinder - MetadataSourceProcessor property startDate with lazy=false
10:25:38.258 [main] DEBUG org.hibernate.boot.model.internal.AbstractPropertyHolder - Attempting to locate auto-apply AttributeConverter for property [org.frcpm.models.Task:startDate]
10:25:38.258 [main] DEBUG org.hibernate.boot.model.internal.BasicValueBinder - building BasicValue for startDate
10:25:38.258 [main] DEBUG org.hibernate.mapping.BasicValue - Skipping column re-registration: tasks.start_date
10:25:38.258 [main] DEBUG org.hibernate.boot.model.internal.PropertyBinder - Building property startDate
10:25:38.258 [main] DEBUG org.hibernate.boot.model.internal.AnnotatedColumn - Binding column: AnnotatedJoinColumn(column='subsystem_id')
10:25:38.258 [main] DEBUG org.hibernate.boot.model.internal.AnnotatedColumn - Binding column: AnnotatedColumn()
10:25:38.258 [main] DEBUG org.hibernate.boot.model.internal.PropertyBinder - Building property subsystem
10:25:38.258 [main] DEBUG org.hibernate.boot.model.internal.AnnotatedColumn - Binding column: AnnotatedColumn(column='title')
10:25:38.258 [main] DEBUG org.hibernate.boot.model.internal.PropertyBinder - MetadataSourceProcessor property title with lazy=false
10:25:38.258 [main] DEBUG org.hibernate.boot.model.internal.AbstractPropertyHolder - Attempting to locate auto-apply AttributeConverter for property [org.frcpm.models.Task:title]
10:25:38.258 [main] DEBUG org.hibernate.boot.model.internal.BasicValueBinder - building BasicValue for title
10:25:38.258 [main] DEBUG org.hibernate.mapping.BasicValue - Skipping column re-registration: tasks.title
10:25:38.258 [main] DEBUG org.hibernate.boot.model.internal.PropertyBinder - Building property title
10:25:38.258 [main] DEBUG org.hibernate.boot.registry.classloading.internal.ClassLoaderServiceImpl - HHH000194: Package not found or no package-info.java: org.frcpm.models
10:25:38.259 [main] DEBUG org.hibernate.boot.model.internal.EntityBinder - Binding entity from annotated class: org.frcpm.models.TeamMember
10:25:38.259 [main] DEBUG org.hibernate.boot.model.internal.EntityBinder - Import with entity name TeamMember
10:25:38.259 [main] DEBUG org.hibernate.boot.model.internal.EntityBinder - Bind entity org.frcpm.models.TeamMember on table team_members
10:25:38.259 [main] DEBUG org.hibernate.boot.model.internal.AnnotatedColumn - Binding column: AnnotatedDiscriminatorColumn(column='DTYPE')
10:25:38.259 [main] DEBUG org.hibernate.boot.model.internal.AnnotatedColumn - Binding column: AnnotatedColumn()
10:25:38.259 [main] DEBUG org.hibernate.boot.internal.ClassLoaderAccessImpl - Not known whether passed class name [org.frcpm.models.TeamMember] is safe
10:25:38.259 [main] DEBUG org.hibernate.boot.internal.ClassLoaderAccessImpl - No temp ClassLoader provided; using live ClassLoader for loading potentially unsafe class : org.frcpm.models.TeamMember
10:25:38.259 [main] DEBUG org.hibernate.boot.model.internal.PropertyBinder - MetadataSourceProcessor property id with lazy=false
10:25:38.259 [main] DEBUG org.hibernate.boot.model.internal.AbstractPropertyHolder - Attempting to locate auto-apply AttributeConverter for property [org.frcpm.models.TeamMember:id]
10:25:38.259 [main] DEBUG org.hibernate.boot.model.internal.BasicValueBinder - building BasicValue for id
10:25:38.259 [main] DEBUG org.hibernate.mapping.BasicValue - Skipping column re-registration: team_members.id
10:25:38.259 [main] DEBUG org.hibernate.boot.model.internal.PropertyBinder - Building property id
10:25:38.259 [main] DEBUG org.hibernate.boot.model.internal.BinderHelper - #makeIdGenerator(BasicValue([Column(id)]), id, identity, , ...)
10:25:38.259 [main] DEBUG org.hibernate.boot.model.internal.AnnotatedColumn - Binding column: IndexColumn(column='assignedTasks_ORDER')
10:25:38.259 [main] DEBUG org.hibernate.boot.model.internal.AnnotatedColumn - Binding column: AnnotatedColumn()
10:25:38.259 [main] DEBUG org.hibernate.boot.model.internal.AnnotatedColumn - Binding column: AnnotatedColumn(column='assignedTasks_KEY')
10:25:38.259 [main] DEBUG org.hibernate.boot.model.internal.AnnotatedColumn - Binding column: AnnotatedJoinColumn(column='assignedTasks_KEY')
10:25:38.259 [main] DEBUG org.hibernate.boot.model.internal.AnnotatedColumn - Binding column: AnnotatedJoinColumn()
10:25:38.259 [main] DEBUG org.hibernate.boot.model.internal.AnnotatedColumn - Binding column: AnnotatedJoinColumn()
10:25:38.259 [main] DEBUG org.hibernate.boot.model.internal.CollectionBinder - Collection role: org.frcpm.models.TeamMember.assignedTasks
10:25:38.259 [main] DEBUG org.hibernate.boot.model.internal.PropertyBinder - Building property assignedTasks
10:25:38.259 [main] DEBUG org.hibernate.boot.model.internal.AnnotatedColumn - Binding column: AnnotatedJoinColumn()
10:25:38.259 [main] DEBUG org.hibernate.boot.model.internal.AnnotatedColumn - Binding column: AnnotatedColumn()
10:25:38.259 [main] DEBUG org.hibernate.boot.model.internal.AnnotatedColumn - Binding column: IndexColumn(column='attendances_ORDER')
10:25:38.259 [main] DEBUG org.hibernate.boot.model.internal.AnnotatedColumn - Binding column: AnnotatedColumn()
10:25:38.259 [main] DEBUG org.hibernate.boot.model.internal.AnnotatedColumn - Binding column: AnnotatedColumn(column='attendances_KEY')
10:25:38.259 [main] DEBUG org.hibernate.boot.model.internal.AnnotatedColumn - Binding column: AnnotatedJoinColumn(column='attendances_KEY')
10:25:38.259 [main] DEBUG org.hibernate.boot.model.internal.AnnotatedColumn - Binding column: AnnotatedJoinColumn()
10:25:38.259 [main] DEBUG org.hibernate.boot.model.internal.AnnotatedColumn - Binding column: AnnotatedJoinColumn()
10:25:38.259 [main] DEBUG org.hibernate.boot.model.internal.CollectionBinder - Collection role: org.frcpm.models.TeamMember.attendances
10:25:38.259 [main] DEBUG org.hibernate.boot.model.internal.PropertyBinder - Building property attendances
10:25:38.259 [main] DEBUG org.hibernate.boot.model.internal.AnnotatedColumn - Binding column: AnnotatedColumn(column='email')
10:25:38.259 [main] DEBUG org.hibernate.boot.model.internal.PropertyBinder - MetadataSourceProcessor property email with lazy=false
10:25:38.259 [main] DEBUG org.hibernate.boot.model.internal.AbstractPropertyHolder - Attempting to locate auto-apply AttributeConverter for property [org.frcpm.models.TeamMember:email]
10:25:38.259 [main] DEBUG org.hibernate.boot.model.internal.BasicValueBinder - building BasicValue for email
10:25:38.259 [main] DEBUG org.hibernate.mapping.BasicValue - Skipping column re-registration: team_members.email
10:25:38.259 [main] DEBUG org.hibernate.boot.model.internal.PropertyBinder - Building property email
10:25:38.259 [main] DEBUG org.hibernate.boot.model.internal.AnnotatedColumn - Binding column: AnnotatedColumn(column='first_name')
10:25:38.259 [main] DEBUG org.hibernate.boot.model.internal.PropertyBinder - MetadataSourceProcessor property firstName with lazy=false
10:25:38.259 [main] DEBUG org.hibernate.boot.model.internal.AbstractPropertyHolder - Attempting to locate auto-apply AttributeConverter for property [org.frcpm.models.TeamMember:firstName]
10:25:38.259 [main] DEBUG org.hibernate.boot.model.internal.BasicValueBinder - building BasicValue for firstName
10:25:38.259 [main] DEBUG org.hibernate.mapping.BasicValue - Skipping column re-registration: team_members.first_name
10:25:38.259 [main] DEBUG org.hibernate.boot.model.internal.PropertyBinder - Building property firstName
10:25:38.259 [main] DEBUG org.hibernate.boot.model.internal.AnnotatedColumn - Binding column: AnnotatedColumn(column='last_name')
10:25:38.259 [main] DEBUG org.hibernate.boot.model.internal.PropertyBinder - MetadataSourceProcessor property lastName with lazy=false
10:25:38.259 [main] DEBUG org.hibernate.boot.model.internal.AbstractPropertyHolder - Attempting to locate auto-apply AttributeConverter for property [org.frcpm.models.TeamMember:lastName]
10:25:38.259 [main] DEBUG org.hibernate.boot.model.internal.BasicValueBinder - building BasicValue for lastName
10:25:38.259 [main] DEBUG org.hibernate.mapping.BasicValue - Skipping column re-registration: team_members.last_name
10:25:38.259 [main] DEBUG org.hibernate.boot.model.internal.PropertyBinder - Building property lastName
10:25:38.259 [main] DEBUG org.hibernate.boot.model.internal.AnnotatedColumn - Binding column: AnnotatedColumn(column='is_leader')
10:25:38.259 [main] DEBUG org.hibernate.boot.model.internal.PropertyBinder - MetadataSourceProcessor property leader with lazy=false
10:25:38.259 [main] DEBUG org.hibernate.boot.model.internal.AbstractPropertyHolder - Attempting to locate auto-apply AttributeConverter for property [org.frcpm.models.TeamMember:leader]
10:25:38.259 [main] DEBUG org.hibernate.boot.model.internal.BasicValueBinder - building BasicValue for leader
10:25:38.259 [main] DEBUG org.hibernate.mapping.BasicValue - Skipping column re-registration: team_members.is_leader
10:25:38.259 [main] DEBUG org.hibernate.boot.model.internal.PropertyBinder - Building property leader
10:25:38.259 [main] DEBUG org.hibernate.boot.model.internal.AnnotatedColumn - Binding column: AnnotatedColumn(column='phone')
10:25:38.259 [main] DEBUG org.hibernate.boot.model.internal.PropertyBinder - MetadataSourceProcessor property phone with lazy=false
10:25:38.259 [main] DEBUG org.hibernate.boot.model.internal.AbstractPropertyHolder - Attempting to locate auto-apply AttributeConverter for property [org.frcpm.models.TeamMember:phone]
10:25:38.259 [main] DEBUG org.hibernate.boot.model.internal.BasicValueBinder - building BasicValue for phone
10:25:38.259 [main] DEBUG org.hibernate.mapping.BasicValue - Skipping column re-registration: team_members.phone
10:25:38.259 [main] DEBUG org.hibernate.boot.model.internal.PropertyBinder - Building property phone
10:25:38.259 [main] DEBUG org.hibernate.boot.model.internal.AnnotatedColumn - Binding column: AnnotatedColumn(column='skills')
10:25:38.259 [main] DEBUG org.hibernate.boot.model.internal.PropertyBinder - MetadataSourceProcessor property skills with lazy=false
10:25:38.259 [main] DEBUG org.hibernate.boot.model.internal.AbstractPropertyHolder - Attempting to locate auto-apply AttributeConverter for property [org.frcpm.models.TeamMember:skills]
10:25:38.259 [main] DEBUG org.hibernate.boot.model.internal.BasicValueBinder - building BasicValue for skills
10:25:38.259 [main] DEBUG org.hibernate.mapping.BasicValue - Skipping column re-registration: team_members.skills
10:25:38.259 [main] DEBUG org.hibernate.boot.model.internal.PropertyBinder - Building property skills
10:25:38.259 [main] DEBUG org.hibernate.boot.model.internal.AnnotatedColumn - Binding column: AnnotatedJoinColumn(column='subteam_id')
10:25:38.259 [main] DEBUG org.hibernate.boot.model.internal.AnnotatedColumn - Binding column: AnnotatedColumn()
10:25:38.259 [main] DEBUG org.hibernate.boot.model.internal.PropertyBinder - Building property subteam
10:25:38.259 [main] DEBUG org.hibernate.boot.model.internal.AnnotatedColumn - Binding column: AnnotatedColumn(column='username')
10:25:38.259 [main] DEBUG org.hibernate.boot.model.internal.PropertyBinder - MetadataSourceProcessor property username with lazy=false
10:25:38.259 [main] DEBUG org.hibernate.boot.model.internal.AbstractPropertyHolder - Attempting to locate auto-apply AttributeConverter for property [org.frcpm.models.TeamMember:username]
10:25:38.259 [main] DEBUG org.hibernate.boot.model.internal.BasicValueBinder - building BasicValue for username
10:25:38.259 [main] DEBUG org.hibernate.mapping.BasicValue - Skipping column re-registration: team_members.username
10:25:38.259 [main] DEBUG org.hibernate.boot.model.internal.PropertyBinder - Building property username
10:25:38.259 [main] DEBUG org.hibernate.boot.registry.classloading.internal.ClassLoaderServiceImpl - HHH000194: Package not found or no package-info.java: org.frcpm.models
10:25:38.259 [main] DEBUG org.hibernate.boot.model.internal.BasicValueBinder - Starting `BasicValueBinder#fillSimpleValue` for id
10:25:38.259 [main] DEBUG org.hibernate.boot.model.internal.BasicValueBinder - Starting `BasicValueBinder#fillSimpleValue` for arrivalTime
10:25:38.259 [main] DEBUG org.hibernate.boot.model.internal.BasicValueBinder - Starting `BasicValueBinder#fillSimpleValue` for departureTime
10:25:38.259 [main] DEBUG org.hibernate.boot.model.internal.BasicValueBinder - Starting `BasicValueBinder#fillSimpleValue` for present
10:25:38.259 [main] DEBUG org.hibernate.boot.model.internal.BasicValueBinder - Starting `BasicValueBinder#fillSimpleValue` for id
10:25:38.259 [main] DEBUG org.hibernate.boot.model.internal.BasicValueBinder - Starting `BasicValueBinder#fillSimpleValue` for date
10:25:38.259 [main] DEBUG org.hibernate.boot.model.internal.BasicValueBinder - Starting `BasicValueBinder#fillSimpleValue` for endTime
10:25:38.259 [main] DEBUG org.hibernate.boot.model.internal.BasicValueBinder - Starting `BasicValueBinder#fillSimpleValue` for notes
10:25:38.260 [main] DEBUG org.hibernate.boot.model.internal.BasicValueBinder - Starting `BasicValueBinder#fillSimpleValue` for startTime
10:25:38.260 [main] DEBUG org.hibernate.boot.model.internal.BasicValueBinder - Starting `BasicValueBinder#fillSimpleValue` for id
10:25:38.260 [main] DEBUG org.hibernate.boot.model.internal.BasicValueBinder - Starting `BasicValueBinder#fillSimpleValue` for description
10:25:38.260 [main] DEBUG org.hibernate.boot.model.internal.BasicValueBinder - Starting `BasicValueBinder#fillSimpleValue` for name
10:25:38.260 [main] DEBUG org.hibernate.boot.model.internal.BasicValueBinder - Starting `BasicValueBinder#fillSimpleValue` for status
10:25:38.260 [main] DEBUG org.hibernate.boot.model.internal.BasicValueBinder - Starting `BasicValueBinder#fillSimpleValue` for id
10:25:38.260 [main] DEBUG org.hibernate.boot.model.internal.BasicValueBinder - Starting `BasicValueBinder#fillSimpleValue` for actualDelivery
10:25:38.260 [main] DEBUG org.hibernate.boot.model.internal.BasicValueBinder - Starting `BasicValueBinder#fillSimpleValue` for delivered
10:25:38.260 [main] DEBUG org.hibernate.boot.model.internal.BasicValueBinder - Starting `BasicValueBinder#fillSimpleValue` for description
10:25:38.260 [main] DEBUG org.hibernate.boot.model.internal.BasicValueBinder - Starting `BasicValueBinder#fillSimpleValue` for expectedDelivery
10:25:38.260 [main] DEBUG org.hibernate.boot.model.internal.BasicValueBinder - Starting `BasicValueBinder#fillSimpleValue` for name
10:25:38.260 [main] DEBUG org.hibernate.boot.model.internal.BasicValueBinder - Starting `BasicValueBinder#fillSimpleValue` for partNumber
10:25:38.260 [main] DEBUG org.hibernate.boot.model.internal.BasicValueBinder - Starting `BasicValueBinder#fillSimpleValue` for id
10:25:38.260 [main] DEBUG org.hibernate.boot.model.internal.BasicValueBinder - Starting `BasicValueBinder#fillSimpleValue` for date
10:25:38.260 [main] DEBUG org.hibernate.boot.model.internal.BasicValueBinder - Starting `BasicValueBinder#fillSimpleValue` for description
10:25:38.260 [main] DEBUG org.hibernate.boot.model.internal.BasicValueBinder - Starting `BasicValueBinder#fillSimpleValue` for name
10:25:38.260 [main] DEBUG org.hibernate.boot.model.internal.BasicValueBinder - Starting `BasicValueBinder#fillSimpleValue` for id
10:25:38.260 [main] DEBUG org.hibernate.boot.model.internal.BasicValueBinder - Starting `BasicValueBinder#fillSimpleValue` for description
10:25:38.260 [main] DEBUG org.hibernate.boot.model.internal.BasicValueBinder - Starting `BasicValueBinder#fillSimpleValue` for goalEndDate
10:25:38.260 [main] DEBUG org.hibernate.boot.model.internal.BasicValueBinder - Starting `BasicValueBinder#fillSimpleValue` for hardDeadline
10:25:38.260 [main] DEBUG org.hibernate.boot.model.internal.BasicValueBinder - Starting `BasicValueBinder#fillSimpleValue` for name
10:25:38.260 [main] DEBUG org.hibernate.boot.model.internal.BasicValueBinder - Starting `BasicValueBinder#fillSimpleValue` for startDate
10:25:38.260 [main] DEBUG org.hibernate.boot.model.internal.BasicValueBinder - Starting `BasicValueBinder#fillSimpleValue` for id
10:25:38.260 [main] DEBUG org.hibernate.boot.model.internal.BasicValueBinder - Starting `BasicValueBinder#fillSimpleValue` for colorCode
10:25:38.260 [main] DEBUG org.hibernate.boot.model.internal.BasicValueBinder - Starting `BasicValueBinder#fillSimpleValue` for name
10:25:38.260 [main] DEBUG org.hibernate.boot.model.internal.BasicValueBinder - Starting `BasicValueBinder#fillSimpleValue` for specialties
10:25:38.260 [main] DEBUG org.hibernate.boot.model.internal.BasicValueBinder - Starting `BasicValueBinder#fillSimpleValue` for id
10:25:38.260 [main] DEBUG org.hibernate.boot.model.internal.BasicValueBinder - Starting `BasicValueBinder#fillSimpleValue` for actualDurationSeconds
10:25:38.260 [main] DEBUG org.hibernate.boot.model.internal.BasicValueBinder - Starting `BasicValueBinder#fillSimpleValue` for completed
10:25:38.260 [main] DEBUG org.hibernate.boot.model.internal.BasicValueBinder - Starting `BasicValueBinder#fillSimpleValue` for description
10:25:38.260 [main] DEBUG org.hibernate.boot.model.internal.BasicValueBinder - Starting `BasicValueBinder#fillSimpleValue` for endDate
10:25:38.260 [main] DEBUG org.hibernate.boot.model.internal.BasicValueBinder - Starting `BasicValueBinder#fillSimpleValue` for estimatedDurationSeconds
10:25:38.260 [main] DEBUG org.hibernate.boot.model.internal.BasicValueBinder - Starting `BasicValueBinder#fillSimpleValue` for priority
10:25:38.260 [main] DEBUG org.hibernate.boot.model.internal.BasicValueBinder - Starting `BasicValueBinder#fillSimpleValue` for progress
10:25:38.260 [main] DEBUG org.hibernate.boot.model.internal.BasicValueBinder - Starting `BasicValueBinder#fillSimpleValue` for startDate
10:25:38.260 [main] DEBUG org.hibernate.boot.model.internal.BasicValueBinder - Starting `BasicValueBinder#fillSimpleValue` for title
10:25:38.260 [main] DEBUG org.hibernate.boot.model.internal.BasicValueBinder - Starting `BasicValueBinder#fillSimpleValue` for id
10:25:38.260 [main] DEBUG org.hibernate.boot.model.internal.BasicValueBinder - Starting `BasicValueBinder#fillSimpleValue` for email
10:25:38.260 [main] DEBUG org.hibernate.boot.model.internal.BasicValueBinder - Starting `BasicValueBinder#fillSimpleValue` for firstName
10:25:38.260 [main] DEBUG org.hibernate.boot.model.internal.BasicValueBinder - Starting `BasicValueBinder#fillSimpleValue` for lastName
10:25:38.260 [main] DEBUG org.hibernate.boot.model.internal.BasicValueBinder - Starting `BasicValueBinder#fillSimpleValue` for leader
10:25:38.260 [main] DEBUG org.hibernate.boot.model.internal.BasicValueBinder - Starting `BasicValueBinder#fillSimpleValue` for phone
10:25:38.260 [main] DEBUG org.hibernate.boot.model.internal.BasicValueBinder - Starting `BasicValueBinder#fillSimpleValue` for skills
10:25:38.260 [main] DEBUG org.hibernate.boot.model.internal.BasicValueBinder - Starting `BasicValueBinder#fillSimpleValue` for username
10:25:38.260 [main] DEBUG org.hibernate.mapping.PrimaryKey - Forcing column [id] to be non-null as it is part of the primary key for table [attendances]
10:25:38.260 [main] DEBUG org.hibernate.mapping.PrimaryKey - Forcing column [id] to be non-null as it is part of the primary key for table [meetings]
10:25:38.260 [main] DEBUG org.hibernate.mapping.PrimaryKey - Forcing column [id] to be non-null as it is part of the primary key for table [subsystems]
10:25:38.260 [main] DEBUG org.hibernate.mapping.PrimaryKey - Forcing column [id] to be non-null as it is part of the primary key for table [components]
10:25:38.260 [main] DEBUG org.hibernate.mapping.PrimaryKey - Forcing column [id] to be non-null as it is part of the primary key for table [milestones]
10:25:38.260 [main] DEBUG org.hibernate.mapping.PrimaryKey - Forcing column [id] to be non-null as it is part of the primary key for table [projects]
10:25:38.260 [main] DEBUG org.hibernate.mapping.PrimaryKey - Forcing column [id] to be non-null as it is part of the primary key for table [subteams]
10:25:38.260 [main] DEBUG org.hibernate.mapping.PrimaryKey - Forcing column [id] to be non-null as it is part of the primary key for table [tasks]
10:25:38.260 [main] DEBUG org.hibernate.mapping.PrimaryKey - Forcing column [id] to be non-null as it is part of the primary key for table [team_members]
10:25:38.260 [main] DEBUG org.hibernate.boot.model.internal.CollectionSecondPass - Second pass for collection: org.frcpm.models.Task.requiredComponents
10:25:38.260 [main] DEBUG org.hibernate.boot.model.internal.CollectionBinder - Binding a ManyToMany: org.frcpm.models.Task.requiredComponents
10:25:38.261 [main] DEBUG org.hibernate.boot.registry.classloading.internal.ClassLoaderServiceImpl - HHH000194: Package not found or no package-info.java: org.frcpm.models
10:25:38.261 [main] DEBUG org.hibernate.mapping.PrimaryKey - Forcing column [task_id] to be non-null as it is part of the primary key for table [task_components]
10:25:38.261 [main] DEBUG org.hibernate.mapping.PrimaryKey - Forcing column [component_id] to be non-null as it is part of the primary key for table [task_components]
10:25:38.261 [main] DEBUG org.hibernate.boot.model.internal.CollectionSecondPass - Mapped collection key: task_id, element: component_id
10:25:38.261 [main] DEBUG org.hibernate.boot.model.internal.CollectionSecondPass - Second pass for collection: org.frcpm.models.Task.preDependencies
10:25:38.261 [main] DEBUG org.hibernate.boot.model.internal.CollectionBinder - Binding a ManyToMany: org.frcpm.models.Task.preDependencies
10:25:38.262 [main] DEBUG org.hibernate.boot.registry.classloading.internal.ClassLoaderServiceImpl - HHH000194: Package not found or no package-info.java: org.frcpm.models
10:25:38.262 [main] DEBUG org.hibernate.mapping.PrimaryKey - Forcing column [task_id] to be non-null as it is part of the primary key for table [task_dependencies]
10:25:38.262 [main] DEBUG org.hibernate.mapping.PrimaryKey - Forcing column [dependency_id] to be non-null as it is part of the primary key for table [task_dependencies]
10:25:38.262 [main] DEBUG org.hibernate.boot.model.internal.CollectionSecondPass - Mapped collection key: task_id, element: dependency_id
10:25:38.262 [main] DEBUG org.hibernate.boot.model.internal.CollectionSecondPass - Second pass for collection: org.frcpm.models.Task.assignedTo
10:25:38.262 [main] DEBUG org.hibernate.boot.model.internal.CollectionBinder - Binding a ManyToMany: org.frcpm.models.Task.assignedTo
10:25:38.262 [main] DEBUG org.hibernate.boot.registry.classloading.internal.ClassLoaderServiceImpl - HHH000194: Package not found or no package-info.java: org.frcpm.models
10:25:38.262 [main] DEBUG org.hibernate.mapping.PrimaryKey - Forcing column [task_id] to be non-null as it is part of the primary key for table [task_assignments]
10:25:38.262 [main] DEBUG org.hibernate.mapping.PrimaryKey - Forcing column [team_member_id] to be non-null as it is part of the primary key for table [task_assignments]
10:25:38.262 [main] DEBUG org.hibernate.boot.model.internal.CollectionSecondPass - Mapped collection key: task_id, element: team_member_id
10:25:38.262 [main] DEBUG org.hibernate.boot.model.internal.CollectionSecondPass - Second pass for collection: org.frcpm.models.Meeting.attendances
10:25:38.262 [main] DEBUG org.hibernate.boot.model.internal.CollectionBinder - Binding a OneToMany: org.frcpm.models.Meeting.attendances through a foreign key
10:25:38.262 [main] DEBUG org.hibernate.boot.model.internal.CollectionBinder - Mapping collection: org.frcpm.models.Meeting.attendances -> attendances
10:25:38.262 [main] DEBUG org.hibernate.boot.model.internal.TableBinder - Retrieving property org.frcpm.models.Attendance.meeting
10:25:38.262 [main] DEBUG org.hibernate.boot.model.internal.CollectionSecondPass - Mapped collection key: meeting_id, one-to-many: org.frcpm.models.Attendance
10:25:38.262 [main] DEBUG org.hibernate.boot.model.internal.CollectionSecondPass - Second pass for collection: org.frcpm.models.Subsystem.tasks
10:25:38.262 [main] DEBUG org.hibernate.boot.model.internal.CollectionBinder - Binding a OneToMany: org.frcpm.models.Subsystem.tasks through a foreign key
10:25:38.262 [main] DEBUG org.hibernate.boot.model.internal.CollectionBinder - Mapping collection: org.frcpm.models.Subsystem.tasks -> tasks
10:25:38.262 [main] DEBUG org.hibernate.boot.model.internal.TableBinder - Retrieving property org.frcpm.models.Task.subsystem
10:25:38.262 [main] DEBUG org.hibernate.boot.model.internal.CollectionSecondPass - Mapped collection key: subsystem_id, one-to-many: org.frcpm.models.Task
10:25:38.262 [main] DEBUG org.hibernate.boot.model.internal.CollectionSecondPass - Second pass for collection: org.frcpm.models.Component.requiredForTasks
10:25:38.262 [main] DEBUG org.hibernate.boot.model.internal.CollectionBinder - Binding a ManyToMany: org.frcpm.models.Component.requiredForTasks
10:25:38.263 [main] DEBUG org.hibernate.boot.registry.classloading.internal.ClassLoaderServiceImpl - HHH000194: Package not found or no package-info.java: org.frcpm.models
10:25:38.263 [main] DEBUG org.hibernate.boot.model.internal.TableBinder - Retrieving property org.frcpm.models.Task.requiredComponents
10:25:38.263 [main] DEBUG org.hibernate.boot.model.internal.CollectionSecondPass - Mapped collection key: component_id, element: task_id
10:25:38.263 [main] DEBUG org.hibernate.boot.model.internal.CollectionSecondPass - Second pass for collection: org.frcpm.models.Project.meetings
10:25:38.263 [main] DEBUG org.hibernate.boot.model.internal.CollectionBinder - Binding a OneToMany: org.frcpm.models.Project.meetings through a foreign key
10:25:38.263 [main] DEBUG org.hibernate.boot.model.internal.CollectionBinder - Mapping collection: org.frcpm.models.Project.meetings -> meetings
10:25:38.263 [main] DEBUG org.hibernate.boot.model.internal.TableBinder - Retrieving property org.frcpm.models.Meeting.project
10:25:38.263 [main] DEBUG org.hibernate.boot.model.internal.CollectionSecondPass - Mapped collection key: project_id, one-to-many: org.frcpm.models.Meeting
10:25:38.263 [main] DEBUG org.hibernate.boot.model.internal.CollectionSecondPass - Second pass for collection: org.frcpm.models.Project.milestones
10:25:38.263 [main] DEBUG org.hibernate.boot.model.internal.CollectionBinder - Binding a OneToMany: org.frcpm.models.Project.milestones through a foreign key
10:25:38.263 [main] DEBUG org.hibernate.boot.model.internal.CollectionBinder - Mapping collection: org.frcpm.models.Project.milestones -> milestones
10:25:38.263 [main] DEBUG org.hibernate.boot.model.internal.TableBinder - Retrieving property org.frcpm.models.Milestone.project
10:25:38.263 [main] DEBUG org.hibernate.boot.model.internal.CollectionSecondPass - Mapped collection key: project_id, one-to-many: org.frcpm.models.Milestone
10:25:38.263 [main] DEBUG org.hibernate.boot.model.internal.CollectionSecondPass - Second pass for collection: org.frcpm.models.Project.tasks
10:25:38.263 [main] DEBUG org.hibernate.boot.model.internal.CollectionBinder - Binding a OneToMany: org.frcpm.models.Project.tasks through a foreign key
10:25:38.263 [main] DEBUG org.hibernate.boot.model.internal.CollectionBinder - Mapping collection: org.frcpm.models.Project.tasks -> tasks
10:25:38.263 [main] DEBUG org.hibernate.boot.model.internal.TableBinder - Retrieving property org.frcpm.models.Task.project
10:25:38.263 [main] DEBUG org.hibernate.boot.model.internal.CollectionSecondPass - Mapped collection key: project_id, one-to-many: org.frcpm.models.Task
10:25:38.263 [main] DEBUG org.hibernate.boot.model.internal.CollectionSecondPass - Second pass for collection: org.frcpm.models.Subteam.members
10:25:38.263 [main] DEBUG org.hibernate.boot.model.internal.CollectionBinder - Binding a OneToMany: org.frcpm.models.Subteam.members through a foreign key
10:25:38.263 [main] DEBUG org.hibernate.boot.model.internal.CollectionBinder - Mapping collection: org.frcpm.models.Subteam.members -> team_members
10:25:38.263 [main] DEBUG org.hibernate.boot.model.internal.TableBinder - Retrieving property org.frcpm.models.TeamMember.subteam
10:25:38.263 [main] DEBUG org.hibernate.boot.model.internal.CollectionSecondPass - Mapped collection key: subteam_id, one-to-many: org.frcpm.models.TeamMember
10:25:38.263 [main] DEBUG org.hibernate.boot.model.internal.CollectionSecondPass - Second pass for collection: org.frcpm.models.Subteam.subsystems
10:25:38.263 [main] DEBUG org.hibernate.boot.model.internal.CollectionBinder - Binding a OneToMany: org.frcpm.models.Subteam.subsystems through a foreign key
10:25:38.263 [main] DEBUG org.hibernate.boot.model.internal.CollectionBinder - Mapping collection: org.frcpm.models.Subteam.subsystems -> subsystems
10:25:38.263 [main] DEBUG org.hibernate.boot.model.internal.TableBinder - Retrieving property org.frcpm.models.Subsystem.responsibleSubteam
10:25:38.263 [main] DEBUG org.hibernate.boot.model.internal.CollectionSecondPass - Mapped collection key: responsible_subteam_id, one-to-many: org.frcpm.models.Subsystem
10:25:38.263 [main] DEBUG org.hibernate.boot.model.internal.CollectionSecondPass - Second pass for collection: org.frcpm.models.Task.postDependencies
10:25:38.263 [main] DEBUG org.hibernate.boot.model.internal.CollectionBinder - Binding a ManyToMany: org.frcpm.models.Task.postDependencies
10:25:38.264 [main] DEBUG org.hibernate.boot.registry.classloading.internal.ClassLoaderServiceImpl - HHH000194: Package not found or no package-info.java: org.frcpm.models
10:25:38.264 [main] DEBUG org.hibernate.boot.model.internal.TableBinder - Retrieving property org.frcpm.models.Task.preDependencies
10:25:38.264 [main] DEBUG org.hibernate.boot.model.internal.CollectionSecondPass - Mapped collection key: dependency_id, element: task_id
10:25:38.264 [main] DEBUG org.hibernate.boot.model.internal.CollectionSecondPass - Second pass for collection: org.frcpm.models.TeamMember.assignedTasks
10:25:38.264 [main] DEBUG org.hibernate.boot.model.internal.CollectionBinder - Binding a ManyToMany: org.frcpm.models.TeamMember.assignedTasks
10:25:38.265 [main] DEBUG org.hibernate.boot.registry.classloading.internal.ClassLoaderServiceImpl - HHH000194: Package not found or no package-info.java: org.frcpm.models
10:25:38.265 [main] DEBUG org.hibernate.boot.model.internal.TableBinder - Retrieving property org.frcpm.models.Task.assignedTo
10:25:38.265 [main] DEBUG org.hibernate.boot.model.internal.CollectionSecondPass - Mapped collection key: team_member_id, element: task_id
10:25:38.265 [main] DEBUG org.hibernate.boot.model.internal.CollectionSecondPass - Second pass for collection: org.frcpm.models.TeamMember.attendances
10:25:38.265 [main] DEBUG org.hibernate.boot.model.internal.CollectionBinder - Binding a OneToMany: org.frcpm.models.TeamMember.attendances through a foreign key
10:25:38.265 [main] DEBUG org.hibernate.boot.model.internal.CollectionBinder - Mapping collection: org.frcpm.models.TeamMember.attendances -> attendances
10:25:38.265 [main] DEBUG org.hibernate.boot.model.internal.TableBinder - Retrieving property org.frcpm.models.Attendance.member
10:25:38.265 [main] DEBUG org.hibernate.boot.model.internal.CollectionSecondPass - Mapped collection key: member_id, one-to-many: org.frcpm.models.Attendance
10:25:38.271 [main] DEBUG org.hibernate.internal.SessionFactoryImpl - Building session factory
10:25:38.272 [main] DEBUG org.hibernate.service.internal.SessionFactoryServiceRegistryImpl - EventListenerRegistry access via ServiceRegistry is deprecated.  Use `sessionFactory.getEventEngine().getListenerRegistry()` instead
10:25:38.272 [main] DEBUG org.hibernate.internal.SessionFactoryImpl - Instantiating SessionFactory with settings: {hibernate.format_sql=true, java.specification.version=21, sun.cpu.isalist=amd64, hibernate.connection.handling_mode=DELAYED_ACQUISITION_AND_RELEASE_AFTER_STATEMENT, sun.jnu.encoding=Cp1252, hibernate.dialect=org.hibernate.dialect.H2Dialect, java.class.path=C:\Users\dhiebert\Local Repositories\Project Management 2.0\target\test-classes;C:\Users\dhiebert\Local Repositories\Project Management 2.0\target\classes;C:\Users\dhiebert\.m2\repository\org\openjfx\javafx-controls\21.0.2\javafx-controls-21.0.2.jar;C:\Users\dhiebert\.m2\repository\org\openjfx\javafx-controls\21.0.2\javafx-controls-21.0.2-win.jar;C:\Users\dhiebert\.m2\repository\org\openjfx\javafx-fxml\21.0.2\javafx-fxml-21.0.2.jar;C:\Users\dhiebert\.m2\repository\org\openjfx\javafx-fxml\21.0.2\javafx-fxml-21.0.2-win.jar;C:\Users\dhiebert\.m2\repository\org\openjfx\javafx-graphics\21.0.2\javafx-graphics-21.0.2.jar;C:\Users\dhiebert\.m2\repository\org\openjfx\javafx-graphics\21.0.2\javafx-graphics-21.0.2-win.jar;C:\Users\dhiebert\.m2\repository\org\openjfx\javafx-base\21.0.2\javafx-base-21.0.2.jar;C:\Users\dhiebert\.m2\repository\org\openjfx\javafx-base\21.0.2\javafx-base-21.0.2-win.jar;C:\Users\dhiebert\.m2\repository\com\h2database\h2\2.2.224\h2-2.2.224.jar;C:\Users\dhiebert\.m2\repository\com\zaxxer\HikariCP\5.1.0\HikariCP-5.1.0.jar;C:\Users\dhiebert\.m2\repository\org\slf4j\slf4j-api\1.7.36\slf4j-api-1.7.36.jar;C:\Users\dhiebert\.m2\repository\org\hibernate\orm\hibernate-core\6.5.0.Final\hibernate-core-6.5.0.Final.jar;C:\Users\dhiebert\.m2\repository\jakarta\persistence\jakarta.persistence-api\3.1.0\jakarta.persistence-api-3.1.0.jar;C:\Users\dhiebert\.m2\repository\jakarta\transaction\jakarta.transaction-api\2.0.1\jakarta.transaction-api-2.0.1.jar;C:\Users\dhiebert\.m2\repository\org\jboss\logging\jboss-logging\3.5.0.Final\jboss-logging-3.5.0.Final.jar;C:\Users\dhiebert\.m2\repository\org\hibernate\common\hibernate-commons-annotations\6.0.6.Final\hibernate-commons-annotations-6.0.6.Final.jar;C:\Users\dhiebert\.m2\repository\io\smallrye\jandex\3.1.2\jandex-3.1.2.jar;C:\Users\dhiebert\.m2\repository\com\fasterxml\classmate\1.5.1\classmate-1.5.1.jar;C:\Users\dhiebert\.m2\repository\net\bytebuddy\byte-buddy\1.14.12\byte-buddy-1.14.12.jar;C:\Users\dhiebert\.m2\repository\jakarta\xml\bind\jakarta.xml.bind-api\4.0.0\jakarta.xml.bind-api-4.0.0.jar;C:\Users\dhiebert\.m2\repository\jakarta\activation\jakarta.activation-api\2.1.0\jakarta.activation-api-2.1.0.jar;C:\Users\dhiebert\.m2\repository\org\glassfish\jaxb\jaxb-runtime\4.0.2\jaxb-runtime-4.0.2.jar;C:\Users\dhiebert\.m2\repository\org\glassfish\jaxb\jaxb-core\4.0.2\jaxb-core-4.0.2.jar;C:\Users\dhiebert\.m2\repository\org\eclipse\angus\angus-activation\2.0.0\angus-activation-2.0.0.jar;C:\Users\dhiebert\.m2\repository\org\glassfish\jaxb\txw2\4.0.2\txw2-4.0.2.jar;C:\Users\dhiebert\.m2\repository\com\sun\istack\istack-commons-runtime\4.1.1\istack-commons-runtime-4.1.1.jar;C:\Users\dhiebert\.m2\repository\jakarta\inject\jakarta.inject-api\2.0.1\jakarta.inject-api-2.0.1.jar;C:\Users\dhiebert\.m2\repository\org\antlr\antlr4-runtime\4.13.0\antlr4-runtime-4.13.0.jar;C:\Users\dhiebert\.m2\repository\org\hibernate\validator\hibernate-validator\8.0.1.Final\hibernate-validator-8.0.1.Final.jar;C:\Users\dhiebert\.m2\repository\jakarta\validation\jakarta.validation-api\3.0.2\jakarta.validation-api-3.0.2.jar;C:\Users\dhiebert\.m2\repository\org\junit\jupiter\junit-jupiter-api\5.10.2\junit-jupiter-api-5.10.2.jar;C:\Users\dhiebert\.m2\repository\org\opentest4j\opentest4j\1.3.0\opentest4j-1.3.0.jar;C:\Users\dhiebert\.m2\repository\org\junit\platform\junit-platform-commons\1.10.2\junit-platform-commons-1.10.2.jar;C:\Users\dhiebert\.m2\repository\org\apiguardian\apiguardian-api\1.1.2\apiguardian-api-1.1.2.jar;C:\Users\dhiebert\.m2\repository\org\junit\jupiter\junit-jupiter-engine\5.10.2\junit-jupiter-engine-5.10.2.jar;C:\Users\dhiebert\.m2\repository\org\junit\platform\junit-platform-engine\1.10.2\junit-platform-engine-1.10.2.jar;C:\Users\dhiebert\.m2\repository\org\mockito\mockito-junit-jupiter\5.10.0\mockito-junit-jupiter-5.10.0.jar;C:\Users\dhiebert\.m2\repository\org\mockito\mockito-core\5.10.0\mockito-core-5.10.0.jar;C:\Users\dhiebert\.m2\repository\net\bytebuddy\byte-buddy-agent\1.14.11\byte-buddy-agent-1.14.11.jar;C:\Users\dhiebert\.m2\repository\org\objenesis\objenesis\3.3\objenesis-3.3.jar;C:\Users\dhiebert\.m2\repository\org\hibernate\orm\hibernate-hikaricp\6.5.0.Final\hibernate-hikaricp-6.5.0.Final.jar;C:\Users\dhiebert\.m2\repository\ch\qos\logback\logback-classic\1.2.11\logback-classic-1.2.11.jar;C:\Users\dhiebert\.m2\repository\ch\qos\logback\logback-core\1.2.11\logback-core-1.2.11.jar;C:\Users\dhiebert\.m2\repository\org\testfx\testfx-core\4.0.18\testfx-core-4.0.18.jar;C:\Users\dhiebert\.m2\repository\org\hamcrest\hamcrest\2.1\hamcrest-2.1.jar;C:\Users\dhiebert\.m2\repository\org\assertj\assertj-core\3.13.2\assertj-core-3.13.2.jar;C:\Users\dhiebert\.m2\repository\org\osgi\org.osgi.core\6.0.0\org.osgi.core-6.0.0.jar;C:\Users\dhiebert\.m2\repository\org\testfx\testfx-junit5\4.0.18\testfx-junit5-4.0.18.jar;C:\Users\dhiebert\.m2\repository\org\openjfx\javafx-web\17.0.2\javafx-web-17.0.2.jar;C:\Users\dhiebert\.m2\repository\org\openjfx\javafx-web\17.0.2\javafx-web-17.0.2-win.jar;C:\Users\dhiebert\.m2\repository\org\openjfx\javafx-media\17.0.2\javafx-media-17.0.2.jar;C:\Users\dhiebert\.m2\repository\org\openjfx\javafx-media\17.0.2\javafx-media-17.0.2-win.jar;C:\Users\dhiebert\.m2\repository\org\apache\pdfbox\pdfbox\2.0.27\pdfbox-2.0.27.jar;C:\Users\dhiebert\.m2\repository\org\apache\pdfbox\fontbox\2.0.27\fontbox-2.0.27.jar;C:\Users\dhiebert\.m2\repository\commons-logging\commons-logging\1.2\commons-logging-1.2.jar;C:\Users\dhiebert\.m2\repository\com\fasterxml\jackson\core\jackson-databind\2.15.0\jackson-databind-2.15.0.jar;C:\Users\dhiebert\.m2\repository\com\fasterxml\jackson\core\jackson-annotations\2.15.0\jackson-annotations-2.15.0.jar;C:\Users\dhiebert\.m2\repository\com\fasterxml\jackson\core\jackson-core\2.15.0\jackson-core-2.15.0.jar;C:\Users\dhiebert\.m2\repository\org\apache\xmlgraphics\batik-all\1.16\batik-all-1.16.jar;C:\Users\dhiebert\.m2\repository\xml-apis\xml-apis\1.4.01\xml-apis-1.4.01.jar;C:\Users\dhiebert\.m2\repository\xml-apis\xml-apis-ext\1.3.04\xml-apis-ext-1.3.04.jar;C:\Users\dhiebert\.m2\repository\org\apache\xmlgraphics\xmlgraphics-commons\2.7\xmlgraphics-commons-2.7.jar;C:\Users\dhiebert\.m2\repository\commons-io\commons-io\1.3.1\commons-io-1.3.1.jar;C:\Users\dhiebert\.m2\repository\org\jgrapht\jgrapht-core\1.5.2\jgrapht-core-1.5.2.jar;C:\Users\dhiebert\.m2\repository\org\jheaps\jheaps\0.14\jheaps-0.14.jar;C:\Users\dhiebert\.m2\repository\org\apfloat\apfloat\1.10.1\apfloat-1.10.1.jar;, java.vm.vendor=Eclipse Adoptium, sun.arch.data.model=64, hibernate.order_inserts=true, user.variant=, java.vendor.url=https://adoptium.net/, user.timezone=America/Chicago, javax.persistence.jdbc.user=****, javax.persistence.jdbc.url=jdbc:h2:mem:testdb;DB_CLOSE_DELAY=-1, java.vm.specification.version=21, os.name=Windows 11, hibernate.generate_statistics=true, hibernate.hikari.connectionTimeout=10000, hibernate.order_updates=true, hibernate.jdbc.batch_versioned_data=true, jakarta.persistence.jdbc.password=****, hibernate.jdbc.batch_size=30, sun.java.launcher=SUN_STANDARD, user.country=US, local.setting.IS_JTA_TXN_COORD=false, sun.boot.library.path=C:\Program Files\Eclipse Adoptium\jdk-21.0.6.7-hotspot\bin, sun.java.command=C:\Users\dhiebert\AppData\Local\Temp\surefire9513985487531586668\surefirebooter-20250425102356946_3.jar C:\Users\dhiebert\AppData\Local\Temp\surefire9513985487531586668 2025-04-25T10-23-56_800-jvmRun1 surefire-20250425102356946_1tmp surefire_0-20250425102356946_2tmp, hibernate.use_sql_comments=true, hibernate.connection.provider_class=org.hibernate.hikaricp.internal.HikariCPConnectionProvider, jdk.debug=release, surefire.test.class.path=C:\Users\dhiebert\Local Repositories\Project Management 2.0\target\test-classes;C:\Users\dhiebert\Local Repositories\Project Management 2.0\target\classes;C:\Users\dhiebert\.m2\repository\org\openjfx\javafx-controls\21.0.2\javafx-controls-21.0.2.jar;C:\Users\dhiebert\.m2\repository\org\openjfx\javafx-controls\21.0.2\javafx-controls-21.0.2-win.jar;C:\Users\dhiebert\.m2\repository\org\openjfx\javafx-fxml\21.0.2\javafx-fxml-21.0.2.jar;C:\Users\dhiebert\.m2\repository\org\openjfx\javafx-fxml\21.0.2\javafx-fxml-21.0.2-win.jar;C:\Users\dhiebert\.m2\repository\org\openjfx\javafx-graphics\21.0.2\javafx-graphics-21.0.2.jar;C:\Users\dhiebert\.m2\repository\org\openjfx\javafx-graphics\21.0.2\javafx-graphics-21.0.2-win.jar;C:\Users\dhiebert\.m2\repository\org\openjfx\javafx-base\21.0.2\javafx-base-21.0.2.jar;C:\Users\dhiebert\.m2\repository\org\openjfx\javafx-base\21.0.2\javafx-base-21.0.2-win.jar;C:\Users\dhiebert\.m2\repository\com\h2database\h2\2.2.224\h2-2.2.224.jar;C:\Users\dhiebert\.m2\repository\com\zaxxer\HikariCP\5.1.0\HikariCP-5.1.0.jar;C:\Users\dhiebert\.m2\repository\org\slf4j\slf4j-api\1.7.36\slf4j-api-1.7.36.jar;C:\Users\dhiebert\.m2\repository\org\hibernate\orm\hibernate-core\6.5.0.Final\hibernate-core-6.5.0.Final.jar;C:\Users\dhiebert\.m2\repository\jakarta\persistence\jakarta.persistence-api\3.1.0\jakarta.persistence-api-3.1.0.jar;C:\Users\dhiebert\.m2\repository\jakarta\transaction\jakarta.transaction-api\2.0.1\jakarta.transaction-api-2.0.1.jar;C:\Users\dhiebert\.m2\repository\org\jboss\logging\jboss-logging\3.5.0.Final\jboss-logging-3.5.0.Final.jar;C:\Users\dhiebert\.m2\repository\org\hibernate\common\hibernate-commons-annotations\6.0.6.Final\hibernate-commons-annotations-6.0.6.Final.jar;C:\Users\dhiebert\.m2\repository\io\smallrye\jandex\3.1.2\jandex-3.1.2.jar;C:\Users\dhiebert\.m2\repository\com\fasterxml\classmate\1.5.1\classmate-1.5.1.jar;C:\Users\dhiebert\.m2\repository\net\bytebuddy\byte-buddy\1.14.12\byte-buddy-1.14.12.jar;C:\Users\dhiebert\.m2\repository\jakarta\xml\bind\jakarta.xml.bind-api\4.0.0\jakarta.xml.bind-api-4.0.0.jar;C:\Users\dhiebert\.m2\repository\jakarta\activation\jakarta.activation-api\2.1.0\jakarta.activation-api-2.1.0.jar;C:\Users\dhiebert\.m2\repository\org\glassfish\jaxb\jaxb-runtime\4.0.2\jaxb-runtime-4.0.2.jar;C:\Users\dhiebert\.m2\repository\org\glassfish\jaxb\jaxb-core\4.0.2\jaxb-core-4.0.2.jar;C:\Users\dhiebert\.m2\repository\org\eclipse\angus\angus-activation\2.0.0\angus-activation-2.0.0.jar;C:\Users\dhiebert\.m2\repository\org\glassfish\jaxb\txw2\4.0.2\txw2-4.0.2.jar;C:\Users\dhiebert\.m2\repository\com\sun\istack\istack-commons-runtime\4.1.1\istack-commons-runtime-4.1.1.jar;C:\Users\dhiebert\.m2\repository\jakarta\inject\jakarta.inject-api\2.0.1\jakarta.inject-api-2.0.1.jar;C:\Users\dhiebert\.m2\repository\org\antlr\antlr4-runtime\4.13.0\antlr4-runtime-4.13.0.jar;C:\Users\dhiebert\.m2\repository\org\hibernate\validator\hibernate-validator\8.0.1.Final\hibernate-validator-8.0.1.Final.jar;C:\Users\dhiebert\.m2\repository\jakarta\validation\jakarta.validation-api\3.0.2\jakarta.validation-api-3.0.2.jar;C:\Users\dhiebert\.m2\repository\org\junit\jupiter\junit-jupiter-api\5.10.2\junit-jupiter-api-5.10.2.jar;C:\Users\dhiebert\.m2\repository\org\opentest4j\opentest4j\1.3.0\opentest4j-1.3.0.jar;C:\Users\dhiebert\.m2\repository\org\junit\platform\junit-platform-commons\1.10.2\junit-platform-commons-1.10.2.jar;C:\Users\dhiebert\.m2\repository\org\apiguardian\apiguardian-api\1.1.2\apiguardian-api-1.1.2.jar;C:\Users\dhiebert\.m2\repository\org\junit\jupiter\junit-jupiter-engine\5.10.2\junit-jupiter-engine-5.10.2.jar;C:\Users\dhiebert\.m2\repository\org\junit\platform\junit-platform-engine\1.10.2\junit-platform-engine-1.10.2.jar;C:\Users\dhiebert\.m2\repository\org\mockito\mockito-junit-jupiter\5.10.0\mockito-junit-jupiter-5.10.0.jar;C:\Users\dhiebert\.m2\repository\org\mockito\mockito-core\5.10.0\mockito-core-5.10.0.jar;C:\Users\dhiebert\.m2\repository\net\bytebuddy\byte-buddy-agent\1.14.11\byte-buddy-agent-1.14.11.jar;C:\Users\dhiebert\.m2\repository\org\objenesis\objenesis\3.3\objenesis-3.3.jar;C:\Users\dhiebert\.m2\repository\org\hibernate\orm\hibernate-hikaricp\6.5.0.Final\hibernate-hikaricp-6.5.0.Final.jar;C:\Users\dhiebert\.m2\repository\ch\qos\logback\logback-classic\1.2.11\logback-classic-1.2.11.jar;C:\Users\dhiebert\.m2\repository\ch\qos\logback\logback-core\1.2.11\logback-core-1.2.11.jar;C:\Users\dhiebert\.m2\repository\org\testfx\testfx-core\4.0.18\testfx-core-4.0.18.jar;C:\Users\dhiebert\.m2\repository\org\hamcrest\hamcrest\2.1\hamcrest-2.1.jar;C:\Users\dhiebert\.m2\repository\org\assertj\assertj-core\3.13.2\assertj-core-3.13.2.jar;C:\Users\dhiebert\.m2\repository\org\osgi\org.osgi.core\6.0.0\org.osgi.core-6.0.0.jar;C:\Users\dhiebert\.m2\repository\org\testfx\testfx-junit5\4.0.18\testfx-junit5-4.0.18.jar;C:\Users\dhiebert\.m2\repository\org\openjfx\javafx-web\17.0.2\javafx-web-17.0.2.jar;C:\Users\dhiebert\.m2\repository\org\openjfx\javafx-web\17.0.2\javafx-web-17.0.2-win.jar;C:\Users\dhiebert\.m2\repository\org\openjfx\javafx-media\17.0.2\javafx-media-17.0.2.jar;C:\Users\dhiebert\.m2\repository\org\openjfx\javafx-media\17.0.2\javafx-media-17.0.2-win.jar;C:\Users\dhiebert\.m2\repository\org\apache\pdfbox\pdfbox\2.0.27\pdfbox-2.0.27.jar;C:\Users\dhiebert\.m2\repository\org\apache\pdfbox\fontbox\2.0.27\fontbox-2.0.27.jar;C:\Users\dhiebert\.m2\repository\commons-logging\commons-logging\1.2\commons-logging-1.2.jar;C:\Users\dhiebert\.m2\repository\com\fasterxml\jackson\core\jackson-databind\2.15.0\jackson-databind-2.15.0.jar;C:\Users\dhiebert\.m2\repository\com\fasterxml\jackson\core\jackson-annotations\2.15.0\jackson-annotations-2.15.0.jar;C:\Users\dhiebert\.m2\repository\com\fasterxml\jackson\core\jackson-core\2.15.0\jackson-core-2.15.0.jar;C:\Users\dhiebert\.m2\repository\org\apache\xmlgraphics\batik-all\1.16\batik-all-1.16.jar;C:\Users\dhiebert\.m2\repository\xml-apis\xml-apis\1.4.01\xml-apis-1.4.01.jar;C:\Users\dhiebert\.m2\repository\xml-apis\xml-apis-ext\1.3.04\xml-apis-ext-1.3.04.jar;C:\Users\dhiebert\.m2\repository\org\apache\xmlgraphics\xmlgraphics-commons\2.7\xmlgraphics-commons-2.7.jar;C:\Users\dhiebert\.m2\repository\commons-io\commons-io\1.3.1\commons-io-1.3.1.jar;C:\Users\dhiebert\.m2\repository\org\jgrapht\jgrapht-core\1.5.2\jgrapht-core-1.5.2.jar;C:\Users\dhiebert\.m2\repository\org\jheaps\jheaps\0.14\jheaps-0.14.jar;C:\Users\dhiebert\.m2\repository\org\apfloat\apfloat\1.10.1\apfloat-1.10.1.jar;, jakarta.persistence.jdbc.driver=org.h2.Driver, sun.cpu.endian=little, user.home=C:\Users\dhiebert, user.language=en, java.specification.vendor=Oracle Corporation, java.version.date=2025-01-21, java.home=C:\Program Files\Eclipse Adoptium\jdk-21.0.6.7-hotspot, file.separator=\, basedir=C:\Users\dhiebert\Local Repositories\Project Management 2.0, java.vm.compressedOopsMode=Zero based, jakarta.persistence.jdbc.user=****, line.separator=
, hibernate.persistenceUnitName=frcpm, java.vm.specification.vendor=Oracle Corporation, java.specification.name=Java Platform API Specification, hibernate.transaction.coordinator_class=class org.hibernate.resource.transaction.backend.jdbc.internal.JdbcResourceLocalTransactionCoordinatorBuilderImpl, javax.persistence.jdbc.driver=org.h2.Driver, hibernate.hikari.maximumPoolSize=10, surefire.real.class.path=C:\Users\dhiebert\AppData\Local\Temp\surefire9513985487531586668\surefirebooter-20250425102356946_3.jar, hibernate.hbm2ddl.auto=create-drop, user.script=, sun.management.compiler=HotSpot 64-Bit Tiered Compilers, java.runtime.version=21.0.6+7-LTS, user.name=dhiebert, hibernate.cache.use_query_cache=false, stdout.encoding=Cp1252, path.separator=;, hibernate.connection.username=****, os.version=10.0, java.runtime.name=OpenJDK Runtime Environment, hibernate.connection.url=jdbc:h2:mem:testdb;DB_CLOSE_DELAY=-1, file.encoding=UTF-8, hibernate.hikari.minimumIdle=2, hibernate.hikari.idleTimeout=30000, java.vm.name=OpenJDK 64-Bit Server VM, hibernate.show_sql=true, java.vendor.version=Temurin-21.0.6+7, hibernate.hikari.poolName=FRC-PM-HikariCP, hibernate.current_session_context_class=thread, localRepository=C:\Users\dhiebert\.m2\repository, hibernate.connection.driver_class=org.h2.Driver, java.vendor.url.bug=https://github.com/adoptium/adoptium-support/issues, java.io.tmpdir=C:\Users\dhiebert\AppData\Local\Temp\, java.version=21.0.6, user.dir=C:\Users\dhiebert\Local Repositories\Project Management 2.0, os.arch=amd64, java.vm.specification.name=Java Virtual Machine Specification, hibernate.connection.password=****, sun.os.patch.level=, jakarta.persistence.jdbc.url=jdbc:h2:mem:testdb;DB_CLOSE_DELAY=-1, hibernate.boot.CfgXmlAccessService.key=org.hibernate.boot.registry.StandardServiceRegistryBuilder$1@26cccd21, native.encoding=Cp1252, hibernate.cache.use_second_level_cache=false, java.library.path=C:\Program Files\Eclipse Adoptium\jdk-21.0.6.7-hotspot\bin;C:\WINDOWS\Sun\Java\bin;C:\WINDOWS\system32;C:\WINDOWS;C:\Program Files\apache-maven-3.9.9\bin;C:\Program Files\Eclipse Adoptium\jdk-21.0.6.7-hotspot\bin;C:\Program Files\National Instruments\Shared\OpenVINO\;C:\Program Files\Common Files\Oracle\Java\javapath;C:\WINDOWS\system32;C:\WINDOWS;C:\WINDOWS\System32\Wbem;C:\WINDOWS\System32\WindowsPowerShell\v1.0\;C:\WINDOWS\System32\OpenSSH\;C:\Program Files\dotnet\;C:\Program Files (x86)\Windows Live\Shared;C:\Program Files\Git\cmd;C:\Program Files\Common Files\Autodesk Shared\;C:\Program Files\Microsoft SQL Server\150\Tools\Binn\;C:\Program Files\nodejs\;C:\Program Files\Eclipse Adoptium\jdk-21.0.6.7-hotspot\bin;C:\Program Files\apache-maven-3.9.9\bin;%MAVEN_HOME%\bin;C:\Users\dhiebert\AppData\Local\Microsoft\WindowsApps;C:\Users\dhiebert\AppData\Local\GitHubDesktop\bin;C:\Users\dhiebert\AppData\Roaming\npm;C:\Users\dhiebert\AppData\Local\Packages\PythonSoftwareFoundation.Python.3.11_qbz5n2kfra8p0\LocalCache\local-packages\Python311\Scripts;C:\Users\dhiebert\AppData\Local\Packages\PythonSoftwareFoundation.Python.3.11_qbz5n2kfra8p0\LocalCache\local-packages\Python311\site-packages\maven;;c:\Users\Public\wpilib\2025\vscode\data\user-data\User\globalStorage\github.copilot-chat\debugCommand;c:\Users\Public\wpilib\2025\vscode\data\extensions\ms-python.debugpy-2025.4.1-win32-x64\bundled\scripts\noConfigScripts;., stderr.encoding=Cp1252, java.vendor=Eclipse Adoptium, java.vm.info=mixed mode, sharing, java.vm.version=21.0.6+7-LTS, sun.io.unicode.encoding=UnicodeLittle, javax.persistence.jdbc.password=****, java.class.version=65.0}
10:25:38.272 [main] DEBUG org.hibernate.internal.SessionFactoryImpl - Session factory constructed with filter configurations : {}
10:25:38.272 [main] DEBUG org.hibernate.validator.internal.xml.config.ValidationXmlParser - Trying to load META-INF/validation.xml for XML based Validator configuration.
10:25:38.272 [main] DEBUG org.hibernate.validator.internal.xml.config.ResourceLoaderHelper - Trying to load META-INF/validation.xml via TCCL
10:25:38.273 [main] DEBUG org.hibernate.validator.internal.xml.config.ResourceLoaderHelper - Trying to load META-INF/validation.xml via Hibernate Validator's class loader
10:25:38.273 [main] DEBUG org.hibernate.validator.internal.xml.config.ValidationXmlParser - No META-INF/validation.xml found. Using annotation based configuration only.
10:25:38.273 [main] DEBUG org.hibernate.validator.internal.engine.resolver.TraversableResolvers - Found jakarta.persistence.Persistence on classpath containing 'getPersistenceUtil'. Assuming JPA 2 environment. Trying to instantiate JPA aware TraversableResolver
10:25:38.273 [main] DEBUG org.hibernate.validator.internal.engine.resolver.TraversableResolvers - Instantiated JPA aware TraversableResolver of type org.hibernate.validator.internal.engine.resolver.JPATraversableResolver.
10:25:38.273 [main] DEBUG org.hibernate.validator.messageinterpolation.ResourceBundleMessageInterpolator - Failed to load expression factory via classloader jdk.internal.loader.ClassLoaders$AppClassLoader@70dea4e
java.lang.NoClassDefFoundError: jakarta/el/ExpressionFactory
	at org.hibernate.validator.messageinterpolation.ResourceBundleMessageInterpolator.canLoadExpressionFactory(ResourceBundleMessageInterpolator.java:228)
	at org.hibernate.validator.messageinterpolation.ResourceBundleMessageInterpolator.buildExpressionFactory(ResourceBundleMessageInterpolator.java:173)
	at org.hibernate.validator.messageinterpolation.ResourceBundleMessageInterpolator.<init>(ResourceBundleMessageInterpolator.java:97)
	at org.hibernate.validator.internal.engine.AbstractConfigurationImpl.getDefaultMessageInterpolator(AbstractConfigurationImpl.java:575)
	at org.hibernate.validator.internal.engine.AbstractConfigurationImpl.getDefaultMessageInterpolatorConfiguredWithClassLoader(AbstractConfigurationImpl.java:834)
	at org.hibernate.validator.internal.engine.AbstractConfigurationImpl.getMessageInterpolator(AbstractConfigurationImpl.java:485)
	at org.hibernate.validator.internal.engine.ValidatorFactoryImpl.<init>(ValidatorFactoryImpl.java:157)
	at org.hibernate.validator.HibernateValidator.buildValidatorFactory(HibernateValidator.java:38)
	at org.hibernate.validator.internal.engine.AbstractConfigurationImpl.buildValidatorFactory(AbstractConfigurationImpl.java:453)
	at jakarta.validation.Validation.buildDefaultValidatorFactory(Validation.java:103)
	at org.hibernate.boot.beanvalidation.TypeSafeActivator.getValidatorFactory(TypeSafeActivator.java:482)
	at org.hibernate.boot.beanvalidation.TypeSafeActivator.activate(TypeSafeActivator.java:79)
	at java.base/jdk.internal.reflect.DirectMethodHandleAccessor.invoke(DirectMethodHandleAccessor.java:103)
	at java.base/java.lang.reflect.Method.invoke(Method.java:580)
	at org.hibernate.boot.beanvalidation.BeanValidationIntegrator.integrate(BeanValidationIntegrator.java:139)
	at org.hibernate.internal.SessionFactoryImpl.integrate(SessionFactoryImpl.java:517)
	at org.hibernate.internal.SessionFactoryImpl.<init>(SessionFactoryImpl.java:276)
	at org.hibernate.boot.internal.SessionFactoryBuilderImpl.build(SessionFactoryBuilderImpl.java:457)
	at org.hibernate.jpa.boot.internal.EntityManagerFactoryBuilderImpl.build(EntityManagerFactoryBuilderImpl.java:1506)
	at org.hibernate.jpa.HibernatePersistenceProvider.createEntityManagerFactory(HibernatePersistenceProvider.java:55)
	at jakarta.persistence.Persistence.createEntityManagerFactory(Persistence.java:80)
	at org.frcpm.config.DatabaseConfig.initialize(DatabaseConfig.java:114)
	at org.frcpm.utils.DatabaseTestUtilTest.setup(DatabaseTestUtilTest.java:22)
	at java.base/jdk.internal.reflect.DirectMethodHandleAccessor.invoke(DirectMethodHandleAccessor.java:103)
	at java.base/java.lang.reflect.Method.invoke(Method.java:580)
	at org.junit.platform.commons.util.ReflectionUtils.invokeMethod(ReflectionUtils.java:728)
	at org.junit.jupiter.engine.execution.MethodInvocation.proceed(MethodInvocation.java:60)
	at org.junit.jupiter.engine.execution.InvocationInterceptorChain$ValidatingInvocation.proceed(InvocationInterceptorChain.java:131)
	at org.junit.jupiter.engine.extension.TimeoutExtension.intercept(TimeoutExtension.java:156)
	at org.junit.jupiter.engine.extension.TimeoutExtension.interceptLifecycleMethod(TimeoutExtension.java:128)
	at org.junit.jupiter.engine.extension.TimeoutExtension.interceptBeforeAllMethod(TimeoutExtension.java:70)
	at org.junit.jupiter.engine.execution.InterceptingExecutableInvoker$ReflectiveInterceptorCall.lambda$ofVoidMethod$0(InterceptingExecutableInvoker.java:103)
	at org.junit.jupiter.engine.execution.InterceptingExecutableInvoker.lambda$invoke$0(InterceptingExecutableInvoker.java:93)
	at org.junit.jupiter.engine.execution.InvocationInterceptorChain$InterceptedInvocation.proceed(InvocationInterceptorChain.java:106)
	at org.junit.jupiter.engine.execution.InvocationInterceptorChain.proceed(InvocationInterceptorChain.java:64)
	at org.junit.jupiter.engine.execution.InvocationInterceptorChain.chainAndInvoke(InvocationInterceptorChain.java:45)
	at org.junit.jupiter.engine.execution.InvocationInterceptorChain.invoke(InvocationInterceptorChain.java:37)
	at org.junit.jupiter.engine.execution.InterceptingExecutableInvoker.invoke(InterceptingExecutableInvoker.java:92)
	at org.junit.jupiter.engine.execution.InterceptingExecutableInvoker.invoke(InterceptingExecutableInvoker.java:86)
	at org.junit.jupiter.engine.descriptor.ClassBasedTestDescriptor.lambda$invokeBeforeAllMethods$13(ClassBasedTestDescriptor.java:412)
	at org.junit.platform.engine.support.hierarchical.ThrowableCollector.execute(ThrowableCollector.java:73)
	at org.junit.jupiter.engine.descriptor.ClassBasedTestDescriptor.invokeBeforeAllMethods(ClassBasedTestDescriptor.java:410)
	at org.junit.jupiter.engine.descriptor.ClassBasedTestDescriptor.before(ClassBasedTestDescriptor.java:216)
	at org.junit.jupiter.engine.descriptor.ClassBasedTestDescriptor.before(ClassBasedTestDescriptor.java:85)
	at org.junit.platform.engine.support.hierarchical.NodeTestTask.lambda$executeRecursively$6(NodeTestTask.java:148)
	at org.junit.platform.engine.support.hierarchical.ThrowableCollector.execute(ThrowableCollector.java:73)
	at org.junit.platform.engine.support.hierarchical.NodeTestTask.lambda$executeRecursively$8(NodeTestTask.java:141)
	at org.junit.platform.engine.support.hierarchical.Node.around(Node.java:137)
	at org.junit.platform.engine.support.hierarchical.NodeTestTask.lambda$executeRecursively$9(NodeTestTask.java:139)
	at org.junit.platform.engine.support.hierarchical.ThrowableCollector.execute(ThrowableCollector.java:73)
	at org.junit.platform.engine.support.hierarchical.NodeTestTask.executeRecursively(NodeTestTask.java:138)
	at org.junit.platform.engine.support.hierarchical.NodeTestTask.execute(NodeTestTask.java:95)
	at java.base/java.util.ArrayList.forEach(ArrayList.java:1596)
	at org.junit.platform.engine.support.hierarchical.SameThreadHierarchicalTestExecutorService.invokeAll(SameThreadHierarchicalTestExecutorService.java:41)
	at org.junit.platform.engine.support.hierarchical.NodeTestTask.lambda$executeRecursively$6(NodeTestTask.java:155)
	at org.junit.platform.engine.support.hierarchical.ThrowableCollector.execute(ThrowableCollector.java:73)
	at org.junit.platform.engine.support.hierarchical.NodeTestTask.lambda$executeRecursively$8(NodeTestTask.java:141)
	at org.junit.platform.engine.support.hierarchical.Node.around(Node.java:137)
	at org.junit.platform.engine.support.hierarchical.NodeTestTask.lambda$executeRecursively$9(NodeTestTask.java:139)
	at org.junit.platform.engine.support.hierarchical.ThrowableCollector.execute(ThrowableCollector.java:73)
	at org.junit.platform.engine.support.hierarchical.NodeTestTask.executeRecursively(NodeTestTask.java:138)
	at org.junit.platform.engine.support.hierarchical.NodeTestTask.execute(NodeTestTask.java:95)
	at org.junit.platform.engine.support.hierarchical.SameThreadHierarchicalTestExecutorService.submit(SameThreadHierarchicalTestExecutorService.java:35)
	at org.junit.platform.engine.support.hierarchical.HierarchicalTestExecutor.execute(HierarchicalTestExecutor.java:57)
	at org.junit.platform.engine.support.hierarchical.HierarchicalTestEngine.execute(HierarchicalTestEngine.java:54)
	at org.junit.platform.launcher.core.EngineExecutionOrchestrator.execute(EngineExecutionOrchestrator.java:198)
	at org.junit.platform.launcher.core.EngineExecutionOrchestrator.execute(EngineExecutionOrchestrator.java:169)
	at org.junit.platform.launcher.core.EngineExecutionOrchestrator.execute(EngineExecutionOrchestrator.java:93)
	at org.junit.platform.launcher.core.EngineExecutionOrchestrator.lambda$execute$0(EngineExecutionOrchestrator.java:58)
	at org.junit.platform.launcher.core.EngineExecutionOrchestrator.withInterceptedStreams(EngineExecutionOrchestrator.java:141)
	at org.junit.platform.launcher.core.EngineExecutionOrchestrator.execute(EngineExecutionOrchestrator.java:57)
	at org.junit.platform.launcher.core.DefaultLauncher.execute(DefaultLauncher.java:103)
	at org.junit.platform.launcher.core.DefaultLauncher.execute(DefaultLauncher.java:85)
	at org.junit.platform.launcher.core.DelegatingLauncher.execute(DelegatingLauncher.java:47)
	at org.apache.maven.surefire.junitplatform.LazyLauncher.execute(LazyLauncher.java:56)
	at org.apache.maven.surefire.junitplatform.JUnitPlatformProvider.execute(JUnitPlatformProvider.java:184)
	at org.apache.maven.surefire.junitplatform.JUnitPlatformProvider.invokeAllTests(JUnitPlatformProvider.java:148)
	at org.apache.maven.surefire.junitplatform.JUnitPlatformProvider.invoke(JUnitPlatformProvider.java:122)
	at org.apache.maven.surefire.booter.ForkedBooter.runSuitesInProcess(ForkedBooter.java:385)
	at org.apache.maven.surefire.booter.ForkedBooter.execute(ForkedBooter.java:162)
	at org.apache.maven.surefire.booter.ForkedBooter.run(ForkedBooter.java:507)
	at org.apache.maven.surefire.booter.ForkedBooter.main(ForkedBooter.java:495)
Caused by: java.lang.ClassNotFoundException: jakarta.el.ExpressionFactory
	... 82 common frames omitted
10:25:38.273 [main] DEBUG org.hibernate.validator.messageinterpolation.ResourceBundleMessageInterpolator - Failed to load expression factory via classloader jdk.internal.loader.ClassLoaders$AppClassLoader@70dea4e
java.lang.NoClassDefFoundError: jakarta/el/ExpressionFactory
	at org.hibernate.validator.messageinterpolation.ResourceBundleMessageInterpolator.canLoadExpressionFactory(ResourceBundleMessageInterpolator.java:228)
	at org.hibernate.validator.messageinterpolation.ResourceBundleMessageInterpolator.buildExpressionFactory(ResourceBundleMessageInterpolator.java:186)
	at org.hibernate.validator.messageinterpolation.ResourceBundleMessageInterpolator.<init>(ResourceBundleMessageInterpolator.java:97)
	at org.hibernate.validator.internal.engine.AbstractConfigurationImpl.getDefaultMessageInterpolator(AbstractConfigurationImpl.java:575)
	at org.hibernate.validator.internal.engine.AbstractConfigurationImpl.getDefaultMessageInterpolatorConfiguredWithClassLoader(AbstractConfigurationImpl.java:834)
	at org.hibernate.validator.internal.engine.AbstractConfigurationImpl.getMessageInterpolator(AbstractConfigurationImpl.java:485)
	at org.hibernate.validator.internal.engine.ValidatorFactoryImpl.<init>(ValidatorFactoryImpl.java:157)
	at org.hibernate.validator.HibernateValidator.buildValidatorFactory(HibernateValidator.java:38)
	at org.hibernate.validator.internal.engine.AbstractConfigurationImpl.buildValidatorFactory(AbstractConfigurationImpl.java:453)
	at jakarta.validation.Validation.buildDefaultValidatorFactory(Validation.java:103)
	at org.hibernate.boot.beanvalidation.TypeSafeActivator.getValidatorFactory(TypeSafeActivator.java:482)
	at org.hibernate.boot.beanvalidation.TypeSafeActivator.activate(TypeSafeActivator.java:79)
	at java.base/jdk.internal.reflect.DirectMethodHandleAccessor.invoke(DirectMethodHandleAccessor.java:103)
	at java.base/java.lang.reflect.Method.invoke(Method.java:580)
	at org.hibernate.boot.beanvalidation.BeanValidationIntegrator.integrate(BeanValidationIntegrator.java:139)
	at org.hibernate.internal.SessionFactoryImpl.integrate(SessionFactoryImpl.java:517)
	at org.hibernate.internal.SessionFactoryImpl.<init>(SessionFactoryImpl.java:276)
	at org.hibernate.boot.internal.SessionFactoryBuilderImpl.build(SessionFactoryBuilderImpl.java:457)
	at org.hibernate.jpa.boot.internal.EntityManagerFactoryBuilderImpl.build(EntityManagerFactoryBuilderImpl.java:1506)
	at org.hibernate.jpa.HibernatePersistenceProvider.createEntityManagerFactory(HibernatePersistenceProvider.java:55)
	at jakarta.persistence.Persistence.createEntityManagerFactory(Persistence.java:80)
	at org.frcpm.config.DatabaseConfig.initialize(DatabaseConfig.java:114)
	at org.frcpm.utils.DatabaseTestUtilTest.setup(DatabaseTestUtilTest.java:22)
	at java.base/jdk.internal.reflect.DirectMethodHandleAccessor.invoke(DirectMethodHandleAccessor.java:103)
	at java.base/java.lang.reflect.Method.invoke(Method.java:580)
	at org.junit.platform.commons.util.ReflectionUtils.invokeMethod(ReflectionUtils.java:728)
	at org.junit.jupiter.engine.execution.MethodInvocation.proceed(MethodInvocation.java:60)
	at org.junit.jupiter.engine.execution.InvocationInterceptorChain$ValidatingInvocation.proceed(InvocationInterceptorChain.java:131)
	at org.junit.jupiter.engine.extension.TimeoutExtension.intercept(TimeoutExtension.java:156)
	at org.junit.jupiter.engine.extension.TimeoutExtension.interceptLifecycleMethod(TimeoutExtension.java:128)
	at org.junit.jupiter.engine.extension.TimeoutExtension.interceptBeforeAllMethod(TimeoutExtension.java:70)
	at org.junit.jupiter.engine.execution.InterceptingExecutableInvoker$ReflectiveInterceptorCall.lambda$ofVoidMethod$0(InterceptingExecutableInvoker.java:103)
	at org.junit.jupiter.engine.execution.InterceptingExecutableInvoker.lambda$invoke$0(InterceptingExecutableInvoker.java:93)
	at org.junit.jupiter.engine.execution.InvocationInterceptorChain$InterceptedInvocation.proceed(InvocationInterceptorChain.java:106)
	at org.junit.jupiter.engine.execution.InvocationInterceptorChain.proceed(InvocationInterceptorChain.java:64)
	at org.junit.jupiter.engine.execution.InvocationInterceptorChain.chainAndInvoke(InvocationInterceptorChain.java:45)
	at org.junit.jupiter.engine.execution.InvocationInterceptorChain.invoke(InvocationInterceptorChain.java:37)
	at org.junit.jupiter.engine.execution.InterceptingExecutableInvoker.invoke(InterceptingExecutableInvoker.java:92)
	at org.junit.jupiter.engine.execution.InterceptingExecutableInvoker.invoke(InterceptingExecutableInvoker.java:86)
	at org.junit.jupiter.engine.descriptor.ClassBasedTestDescriptor.lambda$invokeBeforeAllMethods$13(ClassBasedTestDescriptor.java:412)
	at org.junit.platform.engine.support.hierarchical.ThrowableCollector.execute(ThrowableCollector.java:73)
	at org.junit.jupiter.engine.descriptor.ClassBasedTestDescriptor.invokeBeforeAllMethods(ClassBasedTestDescriptor.java:410)
	at org.junit.jupiter.engine.descriptor.ClassBasedTestDescriptor.before(ClassBasedTestDescriptor.java:216)
	at org.junit.jupiter.engine.descriptor.ClassBasedTestDescriptor.before(ClassBasedTestDescriptor.java:85)
	at org.junit.platform.engine.support.hierarchical.NodeTestTask.lambda$executeRecursively$6(NodeTestTask.java:148)
	at org.junit.platform.engine.support.hierarchical.ThrowableCollector.execute(ThrowableCollector.java:73)
	at org.junit.platform.engine.support.hierarchical.NodeTestTask.lambda$executeRecursively$8(NodeTestTask.java:141)
	at org.junit.platform.engine.support.hierarchical.Node.around(Node.java:137)
	at org.junit.platform.engine.support.hierarchical.NodeTestTask.lambda$executeRecursively$9(NodeTestTask.java:139)
	at org.junit.platform.engine.support.hierarchical.ThrowableCollector.execute(ThrowableCollector.java:73)
	at org.junit.platform.engine.support.hierarchical.NodeTestTask.executeRecursively(NodeTestTask.java:138)
	at org.junit.platform.engine.support.hierarchical.NodeTestTask.execute(NodeTestTask.java:95)
	at java.base/java.util.ArrayList.forEach(ArrayList.java:1596)
	at org.junit.platform.engine.support.hierarchical.SameThreadHierarchicalTestExecutorService.invokeAll(SameThreadHierarchicalTestExecutorService.java:41)
	at org.junit.platform.engine.support.hierarchical.NodeTestTask.lambda$executeRecursively$6(NodeTestTask.java:155)
	at org.junit.platform.engine.support.hierarchical.ThrowableCollector.execute(ThrowableCollector.java:73)
	at org.junit.platform.engine.support.hierarchical.NodeTestTask.lambda$executeRecursively$8(NodeTestTask.java:141)
	at org.junit.platform.engine.support.hierarchical.Node.around(Node.java:137)
	at org.junit.platform.engine.support.hierarchical.NodeTestTask.lambda$executeRecursively$9(NodeTestTask.java:139)
	at org.junit.platform.engine.support.hierarchical.ThrowableCollector.execute(ThrowableCollector.java:73)
	at org.junit.platform.engine.support.hierarchical.NodeTestTask.executeRecursively(NodeTestTask.java:138)
	at org.junit.platform.engine.support.hierarchical.NodeTestTask.execute(NodeTestTask.java:95)
	at org.junit.platform.engine.support.hierarchical.SameThreadHierarchicalTestExecutorService.submit(SameThreadHierarchicalTestExecutorService.java:35)
	at org.junit.platform.engine.support.hierarchical.HierarchicalTestExecutor.execute(HierarchicalTestExecutor.java:57)
	at org.junit.platform.engine.support.hierarchical.HierarchicalTestEngine.execute(HierarchicalTestEngine.java:54)
	at org.junit.platform.launcher.core.EngineExecutionOrchestrator.execute(EngineExecutionOrchestrator.java:198)
	at org.junit.platform.launcher.core.EngineExecutionOrchestrator.execute(EngineExecutionOrchestrator.java:169)
	at org.junit.platform.launcher.core.EngineExecutionOrchestrator.execute(EngineExecutionOrchestrator.java:93)
	at org.junit.platform.launcher.core.EngineExecutionOrchestrator.lambda$execute$0(EngineExecutionOrchestrator.java:58)
	at org.junit.platform.launcher.core.EngineExecutionOrchestrator.withInterceptedStreams(EngineExecutionOrchestrator.java:141)
	at org.junit.platform.launcher.core.EngineExecutionOrchestrator.execute(EngineExecutionOrchestrator.java:57)
	at org.junit.platform.launcher.core.DefaultLauncher.execute(DefaultLauncher.java:103)
	at org.junit.platform.launcher.core.DefaultLauncher.execute(DefaultLauncher.java:85)
	at org.junit.platform.launcher.core.DelegatingLauncher.execute(DelegatingLauncher.java:47)
	at org.apache.maven.surefire.junitplatform.LazyLauncher.execute(LazyLauncher.java:56)
	at org.apache.maven.surefire.junitplatform.JUnitPlatformProvider.execute(JUnitPlatformProvider.java:184)
	at org.apache.maven.surefire.junitplatform.JUnitPlatformProvider.invokeAllTests(JUnitPlatformProvider.java:148)
	at org.apache.maven.surefire.junitplatform.JUnitPlatformProvider.invoke(JUnitPlatformProvider.java:122)
	at org.apache.maven.surefire.booter.ForkedBooter.runSuitesInProcess(ForkedBooter.java:385)
	at org.apache.maven.surefire.booter.ForkedBooter.execute(ForkedBooter.java:162)
	at org.apache.maven.surefire.booter.ForkedBooter.run(ForkedBooter.java:507)
	at org.apache.maven.surefire.booter.ForkedBooter.main(ForkedBooter.java:495)
Caused by: java.lang.ClassNotFoundException: jakarta.el.ExpressionFactory
	... 82 common frames omitted
10:25:38.273 [main] DEBUG org.hibernate.boot.beanvalidation.TypeSafeActivator - Unable to acquire Bean Validation ValidatorFactory, skipping activation
10:25:38.274 [main] DEBUG org.hibernate.query.sqm.function.SqmFunctionRegistry - Registered SqmFunctionTemplate [NamedSqmFunctionTemplate(max)] under max; prior registration was null
10:25:38.274 [main] DEBUG org.hibernate.query.sqm.function.SqmFunctionRegistry - Registered SqmFunctionTemplate [NamedSqmFunctionTemplate(min)] under min; prior registration was null
10:25:38.274 [main] DEBUG org.hibernate.query.sqm.function.SqmFunctionRegistry - Registered SqmFunctionTemplate [NamedSqmFunctionTemplate(sum)] under sum; prior registration was null
10:25:38.274 [main] DEBUG org.hibernate.query.sqm.function.SqmFunctionRegistry - Registered SqmFunctionTemplate [NamedSqmFunctionTemplate(avg)] under avg; prior registration was null
10:25:38.274 [main] DEBUG org.hibernate.query.sqm.function.SqmFunctionRegistry - Registered SqmFunctionTemplate [org.hibernate.dialect.function.CountFunction@4163dca0] under count; prior registration was null
10:25:38.274 [main] DEBUG org.hibernate.query.sqm.function.SqmFunctionRegistry - Registered SqmFunctionTemplate [org.hibernate.dialect.function.EveryAnyEmulation@306d2d6e] under every; prior registration was null
10:25:38.274 [main] DEBUG org.hibernate.query.sqm.function.SqmFunctionRegistry - Registered SqmFunctionTemplate [org.hibernate.dialect.function.EveryAnyEmulation@65f7f38f] under any; prior registration was null
10:25:38.274 [main] DEBUG org.hibernate.query.sqm.function.SqmFunctionRegistry - Registered SqmFunctionTemplate [NamedSqmFunctionTemplate(floor)] under floor; prior registration was null
10:25:38.274 [main] DEBUG org.hibernate.query.sqm.function.SqmFunctionRegistry - Registered SqmFunctionTemplate [NamedSqmFunctionTemplate(ceiling)] under ceiling; prior registration was null
10:25:38.274 [main] DEBUG org.hibernate.query.sqm.function.SqmFunctionRegistry - Registered SqmFunctionTemplate [NamedSqmFunctionTemplate(mod)] under mod; prior registration was null
10:25:38.274 [main] DEBUG org.hibernate.query.sqm.function.SqmFunctionRegistry - Registered SqmFunctionTemplate [NamedSqmFunctionTemplate(abs)] under abs; prior registration was null
10:25:38.274 [main] DEBUG org.hibernate.query.sqm.function.SqmFunctionRegistry - Registered SqmFunctionTemplate [NamedSqmFunctionTemplate(sign)] under sign; prior registration was null
10:25:38.274 [main] DEBUG org.hibernate.query.sqm.function.SqmFunctionRegistry - Registered SqmFunctionTemplate [NamedSqmFunctionTemplate(sqrt)] under sqrt; prior registration was null
10:25:38.274 [main] DEBUG org.hibernate.query.sqm.function.SqmFunctionRegistry - Registered SqmFunctionTemplate [NamedSqmFunctionTemplate(ln)] under ln; prior registration was null
10:25:38.274 [main] DEBUG org.hibernate.query.sqm.function.SqmFunctionRegistry - Registered SqmFunctionTemplate [NamedSqmFunctionTemplate(exp)] under exp; prior registration was null
10:25:38.274 [main] DEBUG org.hibernate.query.sqm.function.SqmFunctionRegistry - Registered SqmFunctionTemplate [NamedSqmFunctionTemplate(power)] under power; prior registration was null
10:25:38.274 [main] DEBUG org.hibernate.query.sqm.function.SqmFunctionRegistry - Registered SqmFunctionTemplate [NamedSqmFunctionTemplate(round)] under round; prior registration was null
10:25:38.274 [main] DEBUG org.hibernate.query.sqm.function.SqmFunctionRegistry - Registered SqmFunctionTemplate [NamedSqmFunctionTemplate(sin)] under sin; prior registration was null
10:25:38.274 [main] DEBUG org.hibernate.query.sqm.function.SqmFunctionRegistry - Registered SqmFunctionTemplate [NamedSqmFunctionTemplate(cos)] under cos; prior registration was null
10:25:38.274 [main] DEBUG org.hibernate.query.sqm.function.SqmFunctionRegistry - Registered SqmFunctionTemplate [NamedSqmFunctionTemplate(tan)] under tan; prior registration was null
10:25:38.274 [main] DEBUG org.hibernate.query.sqm.function.SqmFunctionRegistry - Registered SqmFunctionTemplate [NamedSqmFunctionTemplate(asin)] under asin; prior registration was null
10:25:38.274 [main] DEBUG org.hibernate.query.sqm.function.SqmFunctionRegistry - Registered SqmFunctionTemplate [NamedSqmFunctionTemplate(acos)] under acos; prior registration was null
10:25:38.274 [main] DEBUG org.hibernate.query.sqm.function.SqmFunctionRegistry - Registered SqmFunctionTemplate [NamedSqmFunctionTemplate(atan)] under atan; prior registration was null
10:25:38.274 [main] DEBUG org.hibernate.query.sqm.function.SqmFunctionRegistry - Registered SqmFunctionTemplate [NamedSqmFunctionTemplate(atan2)] under atan2; prior registration was null
10:25:38.274 [main] DEBUG org.hibernate.query.sqm.function.SqmFunctionRegistry - Registered SqmFunctionTemplate [org.hibernate.query.sqm.function.PatternBasedSqmFunctionDescriptor@6f9622b1] under sinh; prior registration was null
10:25:38.274 [main] DEBUG org.hibernate.query.sqm.function.SqmFunctionRegistry - Registered SqmFunctionTemplate [org.hibernate.query.sqm.function.PatternBasedSqmFunctionDescriptor@30cf753f] under cosh; prior registration was null
10:25:38.274 [main] DEBUG org.hibernate.query.sqm.function.SqmFunctionRegistry - Registered SqmFunctionTemplate [org.hibernate.query.sqm.function.PatternBasedSqmFunctionDescriptor@69903815] under tanh; prior registration was null
10:25:38.274 [main] DEBUG org.hibernate.query.sqm.function.SqmFunctionRegistry - Registered SqmFunctionTemplate [org.hibernate.query.sqm.function.PatternBasedSqmFunctionDescriptor@33a1c523] under pi; prior registration was null
10:25:38.274 [main] DEBUG org.hibernate.query.sqm.function.SqmFunctionRegistry - Registered SqmFunctionTemplate [org.hibernate.query.sqm.function.PatternBasedSqmFunctionDescriptor@6dfcfa4c] under log; prior registration was null
10:25:38.274 [main] DEBUG org.hibernate.query.sqm.function.SqmFunctionRegistry - Registered SqmFunctionTemplate [NamedSqmFunctionTemplate(coalesce)] under coalesce; prior registration was null
10:25:38.274 [main] DEBUG org.hibernate.query.sqm.function.SqmFunctionRegistry - Registered SqmFunctionTemplate [NamedSqmFunctionTemplate(nullif)] under nullif; prior registration was null
10:25:38.274 [main] DEBUG org.hibernate.query.sqm.function.SqmFunctionRegistry - Registered SqmFunctionTemplate [NamedSqmFunctionTemplate(left)] under left; prior registration was null
10:25:38.274 [main] DEBUG org.hibernate.query.sqm.function.SqmFunctionRegistry - Registered SqmFunctionTemplate [NamedSqmFunctionTemplate(right)] under right; prior registration was null
10:25:38.274 [main] DEBUG org.hibernate.query.sqm.function.SqmFunctionRegistry - Registered SqmFunctionTemplate [NamedSqmFunctionTemplate(replace)] under replace; prior registration was null
10:25:38.274 [main] DEBUG org.hibernate.query.sqm.function.SqmFunctionRegistry - Registered SqmFunctionTemplate [NamedSqmFunctionTemplate(concat)] under concat; prior registration was null
10:25:38.274 [main] DEBUG org.hibernate.query.sqm.function.SqmFunctionRegistry - Registered SqmFunctionTemplate [NamedSqmFunctionTemplate(lower)] under lower; prior registration was null
10:25:38.274 [main] DEBUG org.hibernate.query.sqm.function.SqmFunctionRegistry - Registered SqmFunctionTemplate [NamedSqmFunctionTemplate(upper)] under upper; prior registration was null
10:25:38.274 [main] DEBUG org.hibernate.query.sqm.function.SqmFunctionRegistry - Registered SqmFunctionTemplate [NamedSqmFunctionTemplate(substring)] under substring; prior registration was null
10:25:38.274 [main] DEBUG org.hibernate.query.sqm.function.SqmFunctionRegistry - Registered SqmFunctionTemplate [NamedSqmFunctionTemplate(locate)] under locate; prior registration was null
10:25:38.274 [main] DEBUG org.hibernate.query.sqm.function.SqmFunctionRegistry - Registered SqmFunctionTemplate [NamedSqmFunctionTemplate(character_length)] under character_length; prior registration was null
10:25:38.274 [main] DEBUG org.hibernate.query.sqm.function.SqmFunctionRegistry - Registering alternate key : length -> character_length
10:25:38.274 [main] DEBUG org.hibernate.query.sqm.function.SqmFunctionRegistry - Registered SqmFunctionTemplate [org.hibernate.dialect.function.LocatePositionEmulation@26511c41] under position; prior registration was null
10:25:38.274 [main] DEBUG org.hibernate.query.sqm.function.SqmFunctionRegistry - Registered SqmFunctionTemplate [org.hibernate.dialect.function.InsertSubstringOverlayEmulation@4e69c80e] under overlay; prior registration was null
10:25:38.274 [main] DEBUG org.hibernate.query.sqm.function.SqmFunctionRegistry - Registered SqmFunctionTemplate [org.hibernate.dialect.function.TrimFunction@735c843d] under trim; prior registration was null
10:25:38.274 [main] DEBUG org.hibernate.query.sqm.function.SqmFunctionRegistry - Registered SqmFunctionTemplate [org.hibernate.dialect.function.CastFunction@79f83e80] under cast; prior registration was null
10:25:38.274 [main] DEBUG org.hibernate.query.sqm.function.SqmFunctionRegistry - Registered SqmFunctionTemplate [org.hibernate.query.sqm.function.PatternBasedSqmFunctionDescriptor@576586ea] under collate; prior registration was null
10:25:38.274 [main] DEBUG org.hibernate.query.sqm.function.SqmFunctionRegistry - Registered SqmFunctionTemplate [org.hibernate.dialect.function.ExtractFunction@57cc0db0] under extract; prior registration was null
10:25:38.274 [main] DEBUG org.hibernate.query.sqm.function.SqmFunctionRegistry - Registered SqmFunctionTemplate [NamedSqmFunctionTemplate(least)] under least; prior registration was null
10:25:38.274 [main] DEBUG org.hibernate.query.sqm.function.SqmFunctionRegistry - Registered SqmFunctionTemplate [NamedSqmFunctionTemplate(greatest)] under greatest; prior registration was null
10:25:38.274 [main] DEBUG org.hibernate.query.sqm.function.SqmFunctionRegistry - Registered SqmFunctionTemplate [org.hibernate.dialect.function.CoalesceIfnullEmulation@40261618] under ifnull; prior registration was null
10:25:38.274 [main] DEBUG org.hibernate.query.sqm.function.SqmFunctionRegistry - Registered SqmFunctionTemplate [NamedSqmFunctionTemplate(lpad)] under lpad; prior registration was null
10:25:38.274 [main] DEBUG org.hibernate.query.sqm.function.SqmFunctionRegistry - Registered SqmFunctionTemplate [NamedSqmFunctionTemplate(rpad)] under rpad; prior registration was null
10:25:38.274 [main] DEBUG org.hibernate.query.sqm.function.SqmFunctionRegistry - Registered SqmFunctionTemplate [org.hibernate.dialect.function.LpadRpadPadEmulation@78123ca2] under pad; prior registration was null
10:25:38.274 [main] DEBUG org.hibernate.query.sqm.function.SqmFunctionRegistry - Registered SqmFunctionTemplate [org.hibernate.dialect.function.CastStrEmulation@3bba79c] under str; prior registration was null
10:25:38.274 [main] DEBUG org.hibernate.query.sqm.function.SqmFunctionRegistry - Registered SqmFunctionTemplate [org.hibernate.dialect.function.FormatFunction@342d8bd6] under format; prior registration was null
10:25:38.274 [main] DEBUG org.hibernate.query.sqm.function.SqmFunctionRegistry - Registered SqmFunctionTemplate [org.hibernate.dialect.function.TimestampaddFunction@444bcd9d] under timestampadd; prior registration was null
10:25:38.274 [main] DEBUG org.hibernate.query.sqm.function.SqmFunctionRegistry - Registered SqmFunctionTemplate [org.hibernate.dialect.function.TimestampdiffFunction@2dd50e9a] under timestampdiff; prior registration was null
10:25:38.274 [main] DEBUG org.hibernate.query.sqm.function.SqmFunctionRegistry - Registering alternate key : dateadd -> timestampadd
10:25:38.274 [main] DEBUG org.hibernate.query.sqm.function.SqmFunctionRegistry - Registering alternate key : datediff -> timestampdiff
10:25:38.274 [main] DEBUG org.hibernate.query.sqm.function.SqmFunctionRegistry - Registered SqmFunctionTemplate [org.hibernate.dialect.function.CurrentFunction@738cdbfb] under current_date; prior registration was null
10:25:38.274 [main] DEBUG org.hibernate.query.sqm.function.SqmFunctionRegistry - Registered SqmFunctionTemplate [org.hibernate.dialect.function.CurrentFunction@2ba79d67] under current_time; prior registration was null
10:25:38.274 [main] DEBUG org.hibernate.query.sqm.function.SqmFunctionRegistry - Registered SqmFunctionTemplate [org.hibernate.dialect.function.CurrentFunction@311a9aab] under current_timestamp; prior registration was null
10:25:38.274 [main] DEBUG org.hibernate.query.sqm.function.SqmFunctionRegistry - Registering alternate key : current date -> current_date
10:25:38.274 [main] DEBUG org.hibernate.query.sqm.function.SqmFunctionRegistry - Registering alternate key : current time -> current_time
10:25:38.274 [main] DEBUG org.hibernate.query.sqm.function.SqmFunctionRegistry - Registering alternate key : current timestamp -> current_timestamp
10:25:38.274 [main] DEBUG org.hibernate.query.sqm.function.SqmFunctionRegistry - Registered SqmFunctionTemplate [org.hibernate.dialect.function.CurrentFunction@34bef3cc] under local_date; prior registration was null
10:25:38.274 [main] DEBUG org.hibernate.query.sqm.function.SqmFunctionRegistry - Registered SqmFunctionTemplate [org.hibernate.dialect.function.CurrentFunction@21f8b5a3] under local_time; prior registration was null
10:25:38.274 [main] DEBUG org.hibernate.query.sqm.function.SqmFunctionRegistry - Registered SqmFunctionTemplate [org.hibernate.dialect.function.CurrentFunction@36a3485e] under local_datetime; prior registration was null
10:25:38.274 [main] DEBUG org.hibernate.query.sqm.function.SqmFunctionRegistry - Registered SqmFunctionTemplate [org.hibernate.dialect.function.CurrentFunction@530953e3] under offset_datetime; prior registration was null
10:25:38.274 [main] DEBUG org.hibernate.query.sqm.function.SqmFunctionRegistry - Registering alternate key : local date -> local_date
10:25:38.274 [main] DEBUG org.hibernate.query.sqm.function.SqmFunctionRegistry - Registering alternate key : local time -> local_time
10:25:38.274 [main] DEBUG org.hibernate.query.sqm.function.SqmFunctionRegistry - Registering alternate key : local datetime -> local_datetime
10:25:38.274 [main] DEBUG org.hibernate.query.sqm.function.SqmFunctionRegistry - Registering alternate key : offset datetime -> offset_datetime
10:25:38.274 [main] DEBUG org.hibernate.query.sqm.function.SqmFunctionRegistry - Registered SqmFunctionTemplate [org.hibernate.dialect.function.CurrentFunction@106afadd] under instant; prior registration was null
10:25:38.274 [main] DEBUG org.hibernate.query.sqm.function.SqmFunctionRegistry - Registering alternate key : current_instant -> instant
10:25:38.274 [main] DEBUG org.hibernate.query.sqm.function.SqmFunctionRegistry - Registered SqmFunctionTemplate [org.hibernate.dialect.function.SqlFunction@745b10de] under sql; prior registration was null
10:25:38.274 [main] DEBUG org.hibernate.query.sqm.function.SqmFunctionRegistry - Registered SqmFunctionTemplate [NamedSqmFunctionTemplate(max)] under max; prior registration was NamedSqmFunctionTemplate(max)
10:25:38.274 [main] DEBUG org.hibernate.query.sqm.function.SqmFunctionRegistry - Registered SqmFunctionTemplate [NamedSqmFunctionTemplate(min)] under min; prior registration was NamedSqmFunctionTemplate(min)
10:25:38.274 [main] DEBUG org.hibernate.query.sqm.function.SqmFunctionRegistry - Registered SqmFunctionTemplate [NamedSqmFunctionTemplate(sum)] under sum; prior registration was NamedSqmFunctionTemplate(sum)
10:25:38.274 [main] DEBUG org.hibernate.query.sqm.function.SqmFunctionRegistry - Registered SqmFunctionTemplate [NamedSqmFunctionTemplate(avg)] under avg; prior registration was NamedSqmFunctionTemplate(avg)
10:25:38.274 [main] DEBUG org.hibernate.query.sqm.function.SqmFunctionRegistry - Registered SqmFunctionTemplate [org.hibernate.dialect.function.CountFunction@581657b3] under count; prior registration was org.hibernate.dialect.function.CountFunction@4163dca0
10:25:38.274 [main] DEBUG org.hibernate.query.sqm.function.SqmFunctionRegistry - Registered SqmFunctionTemplate [org.hibernate.dialect.function.AvgFunction@41198119] under avg; prior registration was NamedSqmFunctionTemplate(avg)
10:25:38.274 [main] DEBUG org.hibernate.query.sqm.function.SqmFunctionRegistry - Registered SqmFunctionTemplate [NamedSqmFunctionTemplate(pi)] under pi; prior registration was org.hibernate.query.sqm.function.PatternBasedSqmFunctionDescriptor@33a1c523
10:25:38.274 [main] DEBUG org.hibernate.query.sqm.function.SqmFunctionRegistry - Registered SqmFunctionTemplate [NamedSqmFunctionTemplate(cot)] under cot; prior registration was null
10:25:38.274 [main] DEBUG org.hibernate.query.sqm.function.SqmFunctionRegistry - Registered SqmFunctionTemplate [NamedSqmFunctionTemplate(radians)] under radians; prior registration was null
10:25:38.274 [main] DEBUG org.hibernate.query.sqm.function.SqmFunctionRegistry - Registered SqmFunctionTemplate [NamedSqmFunctionTemplate(degrees)] under degrees; prior registration was null
10:25:38.274 [main] DEBUG org.hibernate.query.sqm.function.SqmFunctionRegistry - Registered SqmFunctionTemplate [NamedSqmFunctionTemplate(log10)] under log10; prior registration was null
10:25:38.274 [main] DEBUG org.hibernate.query.sqm.function.SqmFunctionRegistry - Registered SqmFunctionTemplate [org.hibernate.query.sqm.function.PatternBasedSqmFunctionDescriptor@66237f5] under mod; prior registration was NamedSqmFunctionTemplate(mod)
10:25:38.274 [main] DEBUG org.hibernate.query.sqm.function.SqmFunctionRegistry - Registered SqmFunctionTemplate [NamedSqmFunctionTemplate(rand)] under rand; prior registration was null
10:25:38.274 [main] DEBUG org.hibernate.query.sqm.function.SqmFunctionRegistry - Registered SqmFunctionTemplate [NamedSqmFunctionTemplate(soundex)] under soundex; prior registration was null
10:25:38.274 [main] DEBUG org.hibernate.query.sqm.function.SqmFunctionRegistry - Registered SqmFunctionTemplate [NamedSqmFunctionTemplate(translate)] under translate; prior registration was null
10:25:38.274 [main] DEBUG org.hibernate.query.sqm.function.SqmFunctionRegistry - Registered SqmFunctionTemplate [NamedSqmFunctionTemplate(bitand)] under bitand; prior registration was null
10:25:38.274 [main] DEBUG org.hibernate.query.sqm.function.SqmFunctionRegistry - Registered SqmFunctionTemplate [NamedSqmFunctionTemplate(bitor)] under bitor; prior registration was null
10:25:38.274 [main] DEBUG org.hibernate.query.sqm.function.SqmFunctionRegistry - Registered SqmFunctionTemplate [NamedSqmFunctionTemplate(bitxor)] under bitxor; prior registration was null
10:25:38.274 [main] DEBUG org.hibernate.query.sqm.function.SqmFunctionRegistry - Registered SqmFunctionTemplate [NamedSqmFunctionTemplate(bitnot)] under bitnot; prior registration was null
10:25:38.274 [main] DEBUG org.hibernate.query.sqm.function.SqmFunctionRegistry - Registered SqmFunctionTemplate [NamedSqmFunctionTemplate(bit_and)] under bit_and; prior registration was null
10:25:38.274 [main] DEBUG org.hibernate.query.sqm.function.SqmFunctionRegistry - Registered SqmFunctionTemplate [NamedSqmFunctionTemplate(bit_or)] under bit_or; prior registration was null
10:25:38.274 [main] DEBUG org.hibernate.query.sqm.function.SqmFunctionRegistry - Registered SqmFunctionTemplate [NamedSqmFunctionTemplate(day)] under day; prior registration was null
10:25:38.274 [main] DEBUG org.hibernate.query.sqm.function.SqmFunctionRegistry - Registered SqmFunctionTemplate [NamedSqmFunctionTemplate(month)] under month; prior registration was null
10:25:38.274 [main] DEBUG org.hibernate.query.sqm.function.SqmFunctionRegistry - Registered SqmFunctionTemplate [NamedSqmFunctionTemplate(year)] under year; prior registration was null
10:25:38.274 [main] DEBUG org.hibernate.query.sqm.function.SqmFunctionRegistry - Registered SqmFunctionTemplate [NamedSqmFunctionTemplate(hour)] under hour; prior registration was null
10:25:38.274 [main] DEBUG org.hibernate.query.sqm.function.SqmFunctionRegistry - Registered SqmFunctionTemplate [NamedSqmFunctionTemplate(minute)] under minute; prior registration was null
10:25:38.274 [main] DEBUG org.hibernate.query.sqm.function.SqmFunctionRegistry - Registered SqmFunctionTemplate [NamedSqmFunctionTemplate(second)] under second; prior registration was null
10:25:38.274 [main] DEBUG org.hibernate.query.sqm.function.SqmFunctionRegistry - Registered SqmFunctionTemplate [NamedSqmFunctionTemplate(microsecond)] under microsecond; prior registration was null
10:25:38.274 [main] DEBUG org.hibernate.query.sqm.function.SqmFunctionRegistry - Registered SqmFunctionTemplate [NamedSqmFunctionTemplate(day_of_week)] under day_of_week; prior registration was null
10:25:38.274 [main] DEBUG org.hibernate.query.sqm.function.SqmFunctionRegistry - Registered SqmFunctionTemplate [NamedSqmFunctionTemplate(day_of_month)] under day_of_month; prior registration was null
10:25:38.274 [main] DEBUG org.hibernate.query.sqm.function.SqmFunctionRegistry - Registering alternate key : day -> day_of_month
10:25:38.274 [main] DEBUG org.hibernate.query.sqm.function.SqmFunctionRegistry - Registered SqmFunctionTemplate [NamedSqmFunctionTemplate(day_of_year)] under day_of_year; prior registration was null
10:25:38.274 [main] DEBUG org.hibernate.query.sqm.function.SqmFunctionRegistry - Registered SqmFunctionTemplate [NamedSqmFunctionTemplate(week)] under week; prior registration was null
10:25:38.274 [main] DEBUG org.hibernate.query.sqm.function.SqmFunctionRegistry - Registered SqmFunctionTemplate [NamedSqmFunctionTemplate(quarter)] under quarter; prior registration was null
10:25:38.274 [main] DEBUG org.hibernate.query.sqm.function.SqmFunctionRegistry - Registered SqmFunctionTemplate [NamedSqmFunctionTemplate(monthname)] under monthname; prior registration was null
10:25:38.274 [main] DEBUG org.hibernate.query.sqm.function.SqmFunctionRegistry - Registered SqmFunctionTemplate [NamedSqmFunctionTemplate(dayname)] under dayname; prior registration was null
10:25:38.274 [main] DEBUG org.hibernate.query.sqm.function.SqmFunctionRegistry - Registered SqmFunctionTemplate [NamedSqmFunctionTemplate(localtime)] under localtime; prior registration was null
10:25:38.274 [main] DEBUG org.hibernate.query.sqm.function.SqmFunctionRegistry - Registered SqmFunctionTemplate [NamedSqmFunctionTemplate(localtimestamp)] under localtimestamp; prior registration was null
10:25:38.274 [main] DEBUG org.hibernate.query.sqm.function.SqmFunctionRegistry - Registered SqmFunctionTemplate [NamedSqmFunctionTemplate(localtime)] under local_time; prior registration was org.hibernate.dialect.function.CurrentFunction@21f8b5a3
10:25:38.274 [main] DEBUG org.hibernate.query.sqm.function.SqmFunctionRegistry - Registered SqmFunctionTemplate [NamedSqmFunctionTemplate(localtimestamp)] under local_datetime; prior registration was org.hibernate.dialect.function.CurrentFunction@36a3485e
10:25:38.274 [main] DEBUG org.hibernate.query.sqm.function.SqmFunctionRegistry - Registered SqmFunctionTemplate [org.hibernate.dialect.function.TruncFunction@2a930a07] under trunc; prior registration was null
10:25:38.274 [main] DEBUG org.hibernate.query.sqm.function.SqmFunctionRegistry - Registering alternate key : truncate -> trunc
10:25:38.274 [main] DEBUG org.hibernate.query.sqm.function.SqmFunctionRegistry - Registered SqmFunctionTemplate [org.hibernate.query.sqm.function.PatternBasedSqmFunctionDescriptor@40d26b29] under date_trunc; prior registration was null
10:25:38.274 [main] DEBUG org.hibernate.query.sqm.function.SqmFunctionRegistry - Registered SqmFunctionTemplate [NamedSqmFunctionTemplate(bit_length)] under bit_length; prior registration was null
10:25:38.274 [main] DEBUG org.hibernate.query.sqm.function.SqmFunctionRegistry - Registered SqmFunctionTemplate [NamedSqmFunctionTemplate(octet_length)] under octet_length; prior registration was null
10:25:38.274 [main] DEBUG org.hibernate.query.sqm.function.SqmFunctionRegistry - Registered SqmFunctionTemplate [NamedSqmFunctionTemplate(ascii)] under ascii; prior registration was null
10:25:38.274 [main] DEBUG org.hibernate.query.sqm.function.SqmFunctionRegistry - Registered SqmFunctionTemplate [NamedSqmFunctionTemplate(octet_length)] under octet_length; prior registration was NamedSqmFunctionTemplate(octet_length)
10:25:38.274 [main] DEBUG org.hibernate.query.sqm.function.SqmFunctionRegistry - Registered SqmFunctionTemplate [NamedSqmFunctionTemplate(space)] under space; prior registration was null
10:25:38.274 [main] DEBUG org.hibernate.query.sqm.function.SqmFunctionRegistry - Registered SqmFunctionTemplate [NamedSqmFunctionTemplate(repeat)] under repeat; prior registration was null
10:25:38.274 [main] DEBUG org.hibernate.query.sqm.function.SqmFunctionRegistry - Registered SqmFunctionTemplate [NamedSqmFunctionTemplate(char)] under char; prior registration was null
10:25:38.274 [main] DEBUG org.hibernate.query.sqm.function.SqmFunctionRegistry - Registering alternate key : chr -> char
10:25:38.274 [main] DEBUG org.hibernate.query.sqm.function.SqmFunctionRegistry - Registered SqmFunctionTemplate [NamedSqmFunctionTemplate(instr)] under instr; prior registration was null
10:25:38.274 [main] DEBUG org.hibernate.query.sqm.function.SqmFunctionRegistry - Registered SqmFunctionTemplate [NamedSqmFunctionTemplate(substr)] under substr; prior registration was null
10:25:38.274 [main] DEBUG org.hibernate.query.sqm.function.SqmFunctionRegistry - Registered SqmFunctionTemplate [org.hibernate.query.sqm.function.PatternBasedSqmFunctionDescriptor@4dce2b63] under position; prior registration was org.hibernate.dialect.function.LocatePositionEmulation@26511c41
10:25:38.274 [main] DEBUG org.hibernate.query.sqm.function.SqmFunctionRegistry - Registered SqmFunctionTemplate [NamedSqmFunctionTemplate(ltrim)] under ltrim; prior registration was null
10:25:38.274 [main] DEBUG org.hibernate.query.sqm.function.SqmFunctionRegistry - Registered SqmFunctionTemplate [NamedSqmFunctionTemplate(rtrim)] under rtrim; prior registration was null
10:25:38.274 [main] DEBUG org.hibernate.query.sqm.function.SqmFunctionRegistry - Registered SqmFunctionTemplate [org.hibernate.query.sqm.function.PatternBasedSqmFunctionDescriptor@5a0470b0] under concat; prior registration was NamedSqmFunctionTemplate(concat)
10:25:38.274 [main] DEBUG org.hibernate.query.sqm.function.SqmFunctionRegistry - Registered SqmFunctionTemplate [NamedSqmFunctionTemplate(curtime)] under curtime; prior registration was null
10:25:38.274 [main] DEBUG org.hibernate.query.sqm.function.SqmFunctionRegistry - Registered SqmFunctionTemplate [NamedSqmFunctionTemplate(curdate)] under curdate; prior registration was null
10:25:38.274 [main] DEBUG org.hibernate.query.sqm.function.SqmFunctionRegistry - Registered SqmFunctionTemplate [NamedSqmFunctionTemplate(now)] under now; prior registration was null
10:25:38.274 [main] DEBUG org.hibernate.query.sqm.function.SqmFunctionRegistry - Registered SqmFunctionTemplate [NamedSqmFunctionTemplate(sysdate)] under sysdate; prior registration was null
10:25:38.274 [main] DEBUG org.hibernate.query.sqm.function.SqmFunctionRegistry - Registered SqmFunctionTemplate [NamedSqmFunctionTemplate(insert)] under insert; prior registration was null
10:25:38.274 [main] DEBUG org.hibernate.query.sqm.function.SqmFunctionRegistry - Registered SqmFunctionTemplate [NamedSqmFunctionTemplate(bool_and)] under bool_and; prior registration was null
10:25:38.274 [main] DEBUG org.hibernate.query.sqm.function.SqmFunctionRegistry - Registering alternate key : every -> bool_and
10:25:38.274 [main] DEBUG org.hibernate.query.sqm.function.SqmFunctionRegistry - Registered SqmFunctionTemplate [NamedSqmFunctionTemplate(bool_or)] under bool_or; prior registration was null
10:25:38.274 [main] DEBUG org.hibernate.query.sqm.function.SqmFunctionRegistry - Registering alternate key : any -> bool_or
10:25:38.274 [main] DEBUG org.hibernate.query.sqm.function.SqmFunctionRegistry - Registered SqmFunctionTemplate [NamedSqmFunctionTemplate(median)] under median; prior registration was null
10:25:38.274 [main] DEBUG org.hibernate.query.sqm.function.SqmFunctionRegistry - Registered SqmFunctionTemplate [NamedSqmFunctionTemplate(stddev_pop)] under stddev_pop; prior registration was null
10:25:38.274 [main] DEBUG org.hibernate.query.sqm.function.SqmFunctionRegistry - Registered SqmFunctionTemplate [NamedSqmFunctionTemplate(stddev_samp)] under stddev_samp; prior registration was null
10:25:38.274 [main] DEBUG org.hibernate.query.sqm.function.SqmFunctionRegistry - Registered SqmFunctionTemplate [NamedSqmFunctionTemplate(var_pop)] under var_pop; prior registration was null
10:25:38.274 [main] DEBUG org.hibernate.query.sqm.function.SqmFunctionRegistry - Registered SqmFunctionTemplate [NamedSqmFunctionTemplate(var_samp)] under var_samp; prior registration was null
10:25:38.274 [main] DEBUG org.hibernate.query.sqm.function.SqmFunctionRegistry - Registered SqmFunctionTemplate [org.hibernate.dialect.function.FormatFunction@68759ac5] under format; prior registration was org.hibernate.dialect.function.FormatFunction@342d8bd6
10:25:38.274 [main] DEBUG org.hibernate.query.sqm.function.SqmFunctionRegistry - Registered SqmFunctionTemplate [NamedSqmFunctionTemplate(rownum)] under rownum; prior registration was null
10:25:38.274 [main] DEBUG org.hibernate.query.sqm.function.SqmFunctionRegistry - Registered SqmFunctionTemplate [NamedSqmFunctionTemplate(row_number)] under row_number; prior registration was null
10:25:38.274 [main] DEBUG org.hibernate.query.sqm.function.SqmFunctionRegistry - Registered SqmFunctionTemplate [NamedSqmFunctionTemplate(lag)] under lag; prior registration was null
10:25:38.274 [main] DEBUG org.hibernate.query.sqm.function.SqmFunctionRegistry - Registered SqmFunctionTemplate [NamedSqmFunctionTemplate(lead)] under lead; prior registration was null
10:25:38.274 [main] DEBUG org.hibernate.query.sqm.function.SqmFunctionRegistry - Registered SqmFunctionTemplate [NamedSqmFunctionTemplate(first_value)] under first_value; prior registration was null
10:25:38.274 [main] DEBUG org.hibernate.query.sqm.function.SqmFunctionRegistry - Registered SqmFunctionTemplate [NamedSqmFunctionTemplate(last_value)] under last_value; prior registration was null
10:25:38.274 [main] DEBUG org.hibernate.query.sqm.function.SqmFunctionRegistry - Registered SqmFunctionTemplate [NamedSqmFunctionTemplate(nth_value)] under nth_value; prior registration was null
10:25:38.274 [main] DEBUG org.hibernate.query.sqm.function.SqmFunctionRegistry - Registered SqmFunctionTemplate [org.hibernate.dialect.function.ListaggFunction@3bad3fc1] under listagg; prior registration was null
10:25:38.274 [main] DEBUG org.hibernate.query.sqm.function.SqmFunctionRegistry - Registered SqmFunctionTemplate [org.hibernate.dialect.function.InverseDistributionFunction@7849ee4] under mode; prior registration was null
10:25:38.274 [main] DEBUG org.hibernate.query.sqm.function.SqmFunctionRegistry - Registered SqmFunctionTemplate [org.hibernate.dialect.function.InverseDistributionFunction@7efcff54] under percentile_cont; prior registration was null
10:25:38.274 [main] DEBUG org.hibernate.query.sqm.function.SqmFunctionRegistry - Registered SqmFunctionTemplate [org.hibernate.dialect.function.InverseDistributionFunction@3a9be1fc] under percentile_disc; prior registration was null
10:25:38.274 [main] DEBUG org.hibernate.query.sqm.function.SqmFunctionRegistry - Registered SqmFunctionTemplate [org.hibernate.dialect.function.HypotheticalSetFunction@689a9259] under rank; prior registration was null
10:25:38.274 [main] DEBUG org.hibernate.query.sqm.function.SqmFunctionRegistry - Registered SqmFunctionTemplate [org.hibernate.dialect.function.HypotheticalSetFunction@4b4a4210] under dense_rank; prior registration was null
10:25:38.274 [main] DEBUG org.hibernate.query.sqm.function.SqmFunctionRegistry - Registered SqmFunctionTemplate [org.hibernate.dialect.function.HypotheticalSetFunction@52d51272] under percent_rank; prior registration was null
10:25:38.274 [main] DEBUG org.hibernate.query.sqm.function.SqmFunctionRegistry - Registered SqmFunctionTemplate [org.hibernate.dialect.function.HypotheticalSetFunction@37249dd5] under cume_dist; prior registration was null
10:25:38.274 [main] DEBUG org.hibernate.query.sqm.function.SqmFunctionRegistry - Registered SqmFunctionTemplate [org.hibernate.dialect.function.array.ArrayConstructorFunction@b10d932] under array; prior registration was null
10:25:38.274 [main] DEBUG org.hibernate.query.sqm.function.SqmFunctionRegistry - Registered SqmFunctionTemplate [org.hibernate.dialect.function.array.ArrayConstructorFunction@12535082] under array_list; prior registration was null
10:25:38.274 [main] DEBUG org.hibernate.query.sqm.function.SqmFunctionRegistry - Registered SqmFunctionTemplate [org.hibernate.dialect.function.array.ArrayAggFunction@686f8638] under array_agg; prior registration was null
10:25:38.274 [main] DEBUG org.hibernate.query.sqm.function.SqmFunctionRegistry - Registered SqmFunctionTemplate [org.hibernate.dialect.function.array.H2ArrayPositionFunction@7b3664d5] under array_position; prior registration was null
10:25:38.274 [main] DEBUG org.hibernate.query.sqm.function.SqmFunctionRegistry - Registered SqmFunctionTemplate [org.hibernate.dialect.function.array.H2ArrayPositionsFunction@7e3d62d6] under array_positions; prior registration was null
10:25:38.275 [main] DEBUG org.hibernate.query.sqm.function.SqmFunctionRegistry - Registered SqmFunctionTemplate [org.hibernate.dialect.function.array.H2ArrayPositionsFunction@222fb428] under array_positions_list; prior registration was null
10:25:38.275 [main] DEBUG org.hibernate.query.sqm.function.SqmFunctionRegistry - Registered SqmFunctionTemplate [org.hibernate.query.sqm.function.PatternBasedSqmFunctionDescriptor@4372371e] under array_length; prior registration was null
10:25:38.275 [main] DEBUG org.hibernate.query.sqm.function.SqmFunctionRegistry - Registered SqmFunctionTemplate [org.hibernate.dialect.function.array.ArrayConcatFunction@56ccc674] under array_concat; prior registration was null
10:25:38.275 [main] DEBUG org.hibernate.query.sqm.function.SqmFunctionRegistry - Registered SqmFunctionTemplate [org.hibernate.dialect.function.array.ArrayConcatElementFunction@7c18dcf] under array_prepend; prior registration was null
10:25:38.275 [main] DEBUG org.hibernate.query.sqm.function.SqmFunctionRegistry - Registered SqmFunctionTemplate [org.hibernate.dialect.function.array.ArrayConcatElementFunction@5810e7eb] under array_append; prior registration was null
10:25:38.275 [main] DEBUG org.hibernate.query.sqm.function.SqmFunctionRegistry - Registered SqmFunctionTemplate [org.hibernate.dialect.function.array.H2ArrayContainsFunction@a08f130] under array_contains; prior registration was null
10:25:38.275 [main] DEBUG org.hibernate.query.sqm.function.SqmFunctionRegistry - Registered SqmFunctionTemplate [org.hibernate.dialect.function.array.H2ArrayContainsFunction@3a476963] under array_contains_nullable; prior registration was null
10:25:38.275 [main] DEBUG org.hibernate.query.sqm.function.SqmFunctionRegistry - Registered SqmFunctionTemplate [org.hibernate.dialect.function.array.H2ArrayOverlapsFunction@31632411] under array_overlaps; prior registration was null
10:25:38.275 [main] DEBUG org.hibernate.query.sqm.function.SqmFunctionRegistry - Registered SqmFunctionTemplate [org.hibernate.dialect.function.array.H2ArrayOverlapsFunction@6e13b269] under array_overlaps_nullable; prior registration was null
10:25:38.275 [main] DEBUG org.hibernate.query.sqm.function.SqmFunctionRegistry - Registered SqmFunctionTemplate [org.hibernate.query.sqm.function.PatternBasedSqmFunctionDescriptor@23df4fea] under array_get; prior registration was null
10:25:38.275 [main] DEBUG org.hibernate.query.sqm.function.SqmFunctionRegistry - Registered SqmFunctionTemplate [org.hibernate.dialect.function.array.H2ArraySetFunction@22523683] under array_set; prior registration was null
10:25:38.275 [main] DEBUG org.hibernate.query.sqm.function.SqmFunctionRegistry - Registered SqmFunctionTemplate [org.hibernate.dialect.function.array.H2ArrayRemoveFunction@a39cd74] under array_remove; prior registration was null
10:25:38.275 [main] DEBUG org.hibernate.query.sqm.function.SqmFunctionRegistry - Registered SqmFunctionTemplate [org.hibernate.dialect.function.array.H2ArrayRemoveIndexFunction@794aa6a0] under array_remove_index; prior registration was null
10:25:38.275 [main] DEBUG org.hibernate.query.sqm.function.SqmFunctionRegistry - Registered SqmFunctionTemplate [org.hibernate.query.sqm.function.PatternBasedSqmFunctionDescriptor@2033167c] under array_slice; prior registration was null
10:25:38.275 [main] DEBUG org.hibernate.query.sqm.function.SqmFunctionRegistry - Registered SqmFunctionTemplate [org.hibernate.dialect.function.array.H2ArrayReplaceFunction@13e6cad7] under array_replace; prior registration was null
10:25:38.275 [main] DEBUG org.hibernate.query.sqm.function.SqmFunctionRegistry - Registered SqmFunctionTemplate [org.hibernate.query.sqm.function.PatternBasedSqmFunctionDescriptor@57f0e7b2] under array_trim; prior registration was null
10:25:38.275 [main] DEBUG org.hibernate.query.sqm.function.SqmFunctionRegistry - Registered SqmFunctionTemplate [org.hibernate.dialect.function.array.H2ArrayFillFunction@7ba3244a] under array_fill; prior registration was null
10:25:38.275 [main] DEBUG org.hibernate.query.sqm.function.SqmFunctionRegistry - Registered SqmFunctionTemplate [org.hibernate.dialect.function.array.H2ArrayFillFunction@431b4db4] under array_fill_list; prior registration was null
10:25:38.275 [main] DEBUG org.hibernate.query.sqm.function.SqmFunctionRegistry - Registered SqmFunctionTemplate [org.hibernate.dialect.function.array.H2ArrayToStringFunction@660e9772] under array_to_string; prior registration was null
10:25:38.275 [main] DEBUG org.hibernate.HQL_FUNCTIONS - abs(NUMERIC arg)
10:25:38.275 [main] DEBUG org.hibernate.HQL_FUNCTIONS - Double acos(NUMERIC arg)
10:25:38.275 [main] DEBUG org.hibernate.HQL_FUNCTIONS - Boolean any(BOOLEAN predicate)
10:25:38.275 [main] DEBUG org.hibernate.HQL_FUNCTIONS - array( ... )
10:25:38.275 [main] DEBUG org.hibernate.HQL_FUNCTIONS - array_agg(arg)
10:25:38.275 [main] DEBUG org.hibernate.HQL_FUNCTIONS - array_append( ... )
10:25:38.275 [main] DEBUG org.hibernate.HQL_FUNCTIONS - array_concat( ... )
10:25:38.275 [main] DEBUG org.hibernate.HQL_FUNCTIONS - Boolean array_contains(ARRAY haystackArray, OBJECT needleElementOrArray)
10:25:38.275 [main] DEBUG org.hibernate.HQL_FUNCTIONS - Boolean array_contains_nullable(ARRAY haystackArray, OBJECT needleElementOrArray)
10:25:38.275 [main] DEBUG org.hibernate.HQL_FUNCTIONS - array_fill(OBJECT element, INTEGER elementCount)
10:25:38.275 [main] DEBUG org.hibernate.HQL_FUNCTIONS - array_fill_list(OBJECT element, INTEGER elementCount)
10:25:38.275 [main] DEBUG org.hibernate.HQL_FUNCTIONS - array_get(ARRAY array, INTEGER index)
10:25:38.275 [main] DEBUG org.hibernate.HQL_FUNCTIONS - Integer array_length(ARRAY array)
10:25:38.275 [main] DEBUG org.hibernate.HQL_FUNCTIONS - array_list( ... )
10:25:38.275 [main] DEBUG org.hibernate.HQL_FUNCTIONS - Boolean array_overlaps(ARRAY array0, OBJECT array1)
10:25:38.275 [main] DEBUG org.hibernate.HQL_FUNCTIONS - Boolean array_overlaps_nullable(ARRAY array0, OBJECT array1)
10:25:38.275 [main] DEBUG org.hibernate.HQL_FUNCTIONS - Integer array_position(ARRAY array, OBJECT element[, INTEGER startPosition])
10:25:38.275 [main] DEBUG org.hibernate.HQL_FUNCTIONS - int[] array_positions(ARRAY array, OBJECT element)
10:25:38.275 [main] DEBUG org.hibernate.HQL_FUNCTIONS - List array_positions_list(ARRAY array, OBJECT element)
10:25:38.275 [main] DEBUG org.hibernate.HQL_FUNCTIONS - array_prepend( ... )
10:25:38.275 [main] DEBUG org.hibernate.HQL_FUNCTIONS - array_remove( ... )
10:25:38.275 [main] DEBUG org.hibernate.HQL_FUNCTIONS - array_remove_index( ... )
10:25:38.275 [main] DEBUG org.hibernate.HQL_FUNCTIONS - array_replace( ... )
10:25:38.275 [main] DEBUG org.hibernate.HQL_FUNCTIONS - array_set( ... )
10:25:38.275 [main] DEBUG org.hibernate.HQL_FUNCTIONS - array_slice(ARRAY array, INTEGER start, INTEGER end)
10:25:38.275 [main] DEBUG org.hibernate.HQL_FUNCTIONS - String array_to_string( ... )
10:25:38.275 [main] DEBUG org.hibernate.HQL_FUNCTIONS - array_trim(ARRAY array, INTEGER elementsToRemove)
10:25:38.275 [main] DEBUG org.hibernate.HQL_FUNCTIONS - Integer ascii(STRING arg)
10:25:38.275 [main] DEBUG org.hibernate.HQL_FUNCTIONS - Double asin(NUMERIC arg)
10:25:38.275 [main] DEBUG org.hibernate.HQL_FUNCTIONS - Double atan(NUMERIC arg)
10:25:38.275 [main] DEBUG org.hibernate.HQL_FUNCTIONS - Double atan2(NUMERIC arg0, NUMERIC arg1)
10:25:38.275 [main] DEBUG org.hibernate.HQL_FUNCTIONS - avg(NUMERIC arg)
10:25:38.275 [main] DEBUG org.hibernate.HQL_FUNCTIONS - bit_and(arg)
10:25:38.275 [main] DEBUG org.hibernate.HQL_FUNCTIONS - Integer bit_length(STRING_OR_CLOB arg)
10:25:38.275 [main] DEBUG org.hibernate.HQL_FUNCTIONS - bit_or(arg)
10:25:38.275 [main] DEBUG org.hibernate.HQL_FUNCTIONS - bitand(arg0, arg1)
10:25:38.275 [main] DEBUG org.hibernate.HQL_FUNCTIONS - bitnot(arg)
10:25:38.275 [main] DEBUG org.hibernate.HQL_FUNCTIONS - bitor(arg0, arg1)
10:25:38.275 [main] DEBUG org.hibernate.HQL_FUNCTIONS - bitxor(arg0, arg1)
10:25:38.275 [main] DEBUG org.hibernate.HQL_FUNCTIONS - Boolean bool_and(BOOLEAN predicate)
10:25:38.275 [main] DEBUG org.hibernate.HQL_FUNCTIONS - Boolean bool_or(BOOLEAN predicate)
10:25:38.275 [main] DEBUG org.hibernate.HQL_FUNCTIONS - cast(arg as Type)
10:25:38.275 [main] DEBUG org.hibernate.HQL_FUNCTIONS - ceiling(NUMERIC arg)
10:25:38.275 [main] DEBUG org.hibernate.HQL_FUNCTIONS - Character char(INTEGER arg)
10:25:38.275 [main] DEBUG org.hibernate.HQL_FUNCTIONS - Integer character_length(STRING_OR_CLOB arg)
10:25:38.275 [main] DEBUG org.hibernate.HQL_FUNCTIONS - Character chr(INTEGER arg)
10:25:38.275 [main] DEBUG org.hibernate.HQL_FUNCTIONS - coalesce(arg0[, arg1[, ...]])
10:25:38.275 [main] DEBUG org.hibernate.HQL_FUNCTIONS - String collate(STRING string as COLLATION collation)
10:25:38.275 [main] DEBUG org.hibernate.HQL_FUNCTIONS - String concat(STRING string0[, STRING string1[, ...]])
10:25:38.275 [main] DEBUG org.hibernate.HQL_FUNCTIONS - Double cos(NUMERIC arg)
10:25:38.275 [main] DEBUG org.hibernate.HQL_FUNCTIONS - Double cosh(NUMERIC arg)
10:25:38.275 [main] DEBUG org.hibernate.HQL_FUNCTIONS - Double cot(NUMERIC arg)
10:25:38.275 [main] DEBUG org.hibernate.HQL_FUNCTIONS - Long count([distinct ]{arg|*})
10:25:38.275 [main] DEBUG org.hibernate.HQL_FUNCTIONS - Double cume_dist([arg0[, ...]])
10:25:38.275 [main] DEBUG org.hibernate.HQL_FUNCTIONS - Date curdate()
10:25:38.275 [main] DEBUG org.hibernate.HQL_FUNCTIONS - Date current date
10:25:38.275 [main] DEBUG org.hibernate.HQL_FUNCTIONS - Time current time
10:25:38.275 [main] DEBUG org.hibernate.HQL_FUNCTIONS - Timestamp current timestamp
10:25:38.275 [main] DEBUG org.hibernate.HQL_FUNCTIONS - Date current_date
10:25:38.275 [main] DEBUG org.hibernate.HQL_FUNCTIONS - Instant current_instant
10:25:38.275 [main] DEBUG org.hibernate.HQL_FUNCTIONS - Time current_time
10:25:38.275 [main] DEBUG org.hibernate.HQL_FUNCTIONS - Timestamp current_timestamp
10:25:38.275 [main] DEBUG org.hibernate.HQL_FUNCTIONS - Time curtime()
10:25:38.275 [main] DEBUG org.hibernate.HQL_FUNCTIONS - date_trunc(STRING field, TEMPORAL datetime)
10:25:38.275 [main] DEBUG org.hibernate.HQL_FUNCTIONS - dateadd(TEMPORAL_UNIT field, INTEGER magnitude, TEMPORAL datetime)
10:25:38.275 [main] DEBUG org.hibernate.HQL_FUNCTIONS - Long|Double datediff(TEMPORAL_UNIT field, TEMPORAL start, TEMPORAL end)
10:25:38.275 [main] DEBUG org.hibernate.HQL_FUNCTIONS - Integer day(DATE arg)
10:25:38.275 [main] DEBUG org.hibernate.HQL_FUNCTIONS - Integer day_of_month(DATE arg)
10:25:38.275 [main] DEBUG org.hibernate.HQL_FUNCTIONS - Integer day_of_week(DATE arg)
10:25:38.275 [main] DEBUG org.hibernate.HQL_FUNCTIONS - Integer day_of_year(DATE arg)
10:25:38.275 [main] DEBUG org.hibernate.HQL_FUNCTIONS - String dayname(DATE arg)
10:25:38.275 [main] DEBUG org.hibernate.HQL_FUNCTIONS - Double degrees(NUMERIC arg)
10:25:38.275 [main] DEBUG org.hibernate.HQL_FUNCTIONS - Long dense_rank([arg0[, ...]])
10:25:38.275 [main] DEBUG org.hibernate.HQL_FUNCTIONS - Boolean every(BOOLEAN predicate)
10:25:38.275 [main] DEBUG org.hibernate.HQL_FUNCTIONS - Double exp(NUMERIC arg)
10:25:38.275 [main] DEBUG org.hibernate.HQL_FUNCTIONS - extract(TEMPORAL_UNIT field from TEMPORAL arg)
10:25:38.275 [main] DEBUG org.hibernate.HQL_FUNCTIONS - first_valueANY value
10:25:38.275 [main] DEBUG org.hibernate.HQL_FUNCTIONS - floor(NUMERIC arg)
10:25:38.275 [main] DEBUG org.hibernate.HQL_FUNCTIONS - String format(TEMPORAL datetime as STRING pattern)
10:25:38.275 [main] DEBUG org.hibernate.HQL_FUNCTIONS - greatest(COMPARABLE arg0, COMPARABLE arg1[, arg2[, ...]])
10:25:38.275 [main] DEBUG org.hibernate.HQL_FUNCTIONS - Integer hour(TIME arg)
10:25:38.275 [main] DEBUG org.hibernate.HQL_FUNCTIONS - ifnull(arg0, arg1)
10:25:38.275 [main] DEBUG org.hibernate.HQL_FUNCTIONS - String insert(STRING string, INTEGER start, INTEGER length, STRING replacement)
10:25:38.275 [main] DEBUG org.hibernate.HQL_FUNCTIONS - Instant instant
10:25:38.275 [main] DEBUG org.hibernate.HQL_FUNCTIONS - Integer instr(STRING string, STRING pattern[, INTEGER start[, INTEGER occurrence]])
10:25:38.275 [main] DEBUG org.hibernate.HQL_FUNCTIONS - lagANY value[, INTEGER offset[, ANY default]]
10:25:38.275 [main] DEBUG org.hibernate.HQL_FUNCTIONS - last_valueANY value
10:25:38.275 [main] DEBUG org.hibernate.HQL_FUNCTIONS - leadANY value[, INTEGER offset[, ANY default]]
10:25:38.275 [main] DEBUG org.hibernate.HQL_FUNCTIONS - least(COMPARABLE arg0, COMPARABLE arg1[, arg2[, ...]])
10:25:38.275 [main] DEBUG org.hibernate.HQL_FUNCTIONS - String left(STRING string, INTEGER length)
10:25:38.275 [main] DEBUG org.hibernate.HQL_FUNCTIONS - Integer length(STRING_OR_CLOB arg)
10:25:38.275 [main] DEBUG org.hibernate.HQL_FUNCTIONS - String listagg(STRING arg0, STRING arg1)
10:25:38.275 [main] DEBUG org.hibernate.HQL_FUNCTIONS - Double ln(NUMERIC arg)
10:25:38.275 [main] DEBUG org.hibernate.HQL_FUNCTIONS - LocalDate local date
10:25:38.275 [main] DEBUG org.hibernate.HQL_FUNCTIONS - LocalDateTime local datetime
10:25:38.275 [main] DEBUG org.hibernate.HQL_FUNCTIONS - LocalTime local time
10:25:38.275 [main] DEBUG org.hibernate.HQL_FUNCTIONS - LocalDate local_date
10:25:38.275 [main] DEBUG org.hibernate.HQL_FUNCTIONS - LocalDateTime local_datetime
10:25:38.275 [main] DEBUG org.hibernate.HQL_FUNCTIONS - LocalTime local_time
10:25:38.275 [main] DEBUG org.hibernate.HQL_FUNCTIONS - Time localtime
10:25:38.275 [main] DEBUG org.hibernate.HQL_FUNCTIONS - Timestamp localtimestamp
10:25:38.275 [main] DEBUG org.hibernate.HQL_FUNCTIONS - Integer locate(STRING pattern, STRING string[, INTEGER start])
10:25:38.275 [main] DEBUG org.hibernate.HQL_FUNCTIONS - Double log(NUMERIC base, NUMERIC arg)
10:25:38.275 [main] DEBUG org.hibernate.HQL_FUNCTIONS - Double log10(NUMERIC arg)
10:25:38.275 [main] DEBUG org.hibernate.HQL_FUNCTIONS - String lower(STRING string)
10:25:38.275 [main] DEBUG org.hibernate.HQL_FUNCTIONS - String lpad(STRING string, INTEGER length[, STRING padding])
10:25:38.275 [main] DEBUG org.hibernate.HQL_FUNCTIONS - String ltrim(STRING string)
10:25:38.275 [main] DEBUG org.hibernate.HQL_FUNCTIONS - max(COMPARABLE arg)
10:25:38.275 [main] DEBUG org.hibernate.HQL_FUNCTIONS - Double median(NUMERIC arg)
10:25:38.275 [main] DEBUG org.hibernate.HQL_FUNCTIONS - Integer microsecond(TIME arg)
10:25:38.275 [main] DEBUG org.hibernate.HQL_FUNCTIONS - min(COMPARABLE arg)
10:25:38.275 [main] DEBUG org.hibernate.HQL_FUNCTIONS - Integer minute(TIME arg)
10:25:38.275 [main] DEBUG org.hibernate.HQL_FUNCTIONS - Integer mod(INTEGER arg0, INTEGER arg1)
10:25:38.275 [main] DEBUG org.hibernate.HQL_FUNCTIONS - mode()
10:25:38.275 [main] DEBUG org.hibernate.HQL_FUNCTIONS - Integer month(DATE arg)
10:25:38.275 [main] DEBUG org.hibernate.HQL_FUNCTIONS - String monthname(DATE arg)
10:25:38.275 [main] DEBUG org.hibernate.HQL_FUNCTIONS - Timestamp now()
10:25:38.275 [main] DEBUG org.hibernate.HQL_FUNCTIONS - nth_valueANY value, INTEGER nth
10:25:38.275 [main] DEBUG org.hibernate.HQL_FUNCTIONS - nullif(arg0, arg1)
10:25:38.275 [main] DEBUG org.hibernate.HQL_FUNCTIONS - Integer octet_length(STRING_OR_CLOB arg)
10:25:38.275 [main] DEBUG org.hibernate.HQL_FUNCTIONS - OffsetDateTime offset datetime
10:25:38.275 [main] DEBUG org.hibernate.HQL_FUNCTIONS - OffsetDateTime offset_datetime
10:25:38.275 [main] DEBUG org.hibernate.HQL_FUNCTIONS - String overlay(STRING string placing STRING replacement from INTEGER start[ for INTEGER length])
10:25:38.275 [main] DEBUG org.hibernate.HQL_FUNCTIONS - String pad(STRING string with INTEGER length {leading|trailing}[ STRING character])
10:25:38.275 [main] DEBUG org.hibernate.HQL_FUNCTIONS - Double percent_rank([arg0[, ...]])
10:25:38.275 [main] DEBUG org.hibernate.HQL_FUNCTIONS - percentile_cont(NUMERIC arg)
10:25:38.275 [main] DEBUG org.hibernate.HQL_FUNCTIONS - percentile_disc(NUMERIC arg)
10:25:38.275 [main] DEBUG org.hibernate.HQL_FUNCTIONS - Double pi
10:25:38.275 [main] DEBUG org.hibernate.HQL_FUNCTIONS - Integer position(STRING pattern in STRING string)
10:25:38.275 [main] DEBUG org.hibernate.HQL_FUNCTIONS - Double power(NUMERIC arg0, NUMERIC arg1)
10:25:38.275 [main] DEBUG org.hibernate.HQL_FUNCTIONS - Integer quarter(DATE arg)
10:25:38.275 [main] DEBUG org.hibernate.HQL_FUNCTIONS - Double radians(NUMERIC arg)
10:25:38.275 [main] DEBUG org.hibernate.HQL_FUNCTIONS - Double rand([INTEGER seed])
10:25:38.275 [main] DEBUG org.hibernate.HQL_FUNCTIONS - Long rank([arg0[, ...]])
10:25:38.275 [main] DEBUG org.hibernate.HQL_FUNCTIONS - String repeat(STRING string, INTEGER times)
10:25:38.275 [main] DEBUG org.hibernate.HQL_FUNCTIONS - String replace(STRING string, STRING pattern, STRING replacement)
10:25:38.275 [main] DEBUG org.hibernate.HQL_FUNCTIONS - String right(STRING string, INTEGER length)
10:25:38.275 [main] DEBUG org.hibernate.HQL_FUNCTIONS - round(NUMERIC number[, INTEGER places])
10:25:38.275 [main] DEBUG org.hibernate.HQL_FUNCTIONS - Long row_number()
10:25:38.275 [main] DEBUG org.hibernate.HQL_FUNCTIONS - Long rownum()
10:25:38.275 [main] DEBUG org.hibernate.HQL_FUNCTIONS - String rpad(STRING string, INTEGER length[, STRING padding])
10:25:38.275 [main] DEBUG org.hibernate.HQL_FUNCTIONS - String rtrim(STRING string)
10:25:38.275 [main] DEBUG org.hibernate.HQL_FUNCTIONS - Integer second(TIME arg)
10:25:38.275 [main] DEBUG org.hibernate.HQL_FUNCTIONS - Integer sign(NUMERIC arg)
10:25:38.275 [main] DEBUG org.hibernate.HQL_FUNCTIONS - Double sin(NUMERIC arg)
10:25:38.275 [main] DEBUG org.hibernate.HQL_FUNCTIONS - Double sinh(NUMERIC arg)
10:25:38.275 [main] DEBUG org.hibernate.HQL_FUNCTIONS - String soundex(arg)
10:25:38.275 [main] DEBUG org.hibernate.HQL_FUNCTIONS - String space(INTEGER arg)
10:25:38.275 [main] DEBUG org.hibernate.HQL_FUNCTIONS - Object sql
10:25:38.275 [main] DEBUG org.hibernate.HQL_FUNCTIONS - Double sqrt(NUMERIC arg)
10:25:38.275 [main] DEBUG org.hibernate.HQL_FUNCTIONS - Double stddev_pop(NUMERIC arg)
10:25:38.275 [main] DEBUG org.hibernate.HQL_FUNCTIONS - Double stddev_samp(NUMERIC arg)
10:25:38.275 [main] DEBUG org.hibernate.HQL_FUNCTIONS - String str(arg)
10:25:38.275 [main] DEBUG org.hibernate.HQL_FUNCTIONS - String substr(STRING string, INTEGER start[, INTEGER length])
10:25:38.275 [main] DEBUG org.hibernate.HQL_FUNCTIONS - String substring(STRING string{ from|,} INTEGER start[{ for|,} INTEGER length])
10:25:38.275 [main] DEBUG org.hibernate.HQL_FUNCTIONS - sum(arg)
10:25:38.275 [main] DEBUG org.hibernate.HQL_FUNCTIONS - Timestamp sysdate
10:25:38.275 [main] DEBUG org.hibernate.HQL_FUNCTIONS - Double tan(NUMERIC arg)
10:25:38.275 [main] DEBUG org.hibernate.HQL_FUNCTIONS - Double tanh(NUMERIC arg)
10:25:38.275 [main] DEBUG org.hibernate.HQL_FUNCTIONS - timestampadd(TEMPORAL_UNIT field, INTEGER magnitude, TEMPORAL datetime)
10:25:38.275 [main] DEBUG org.hibernate.HQL_FUNCTIONS - Long|Double timestampdiff(TEMPORAL_UNIT field, TEMPORAL start, TEMPORAL end)
10:25:38.275 [main] DEBUG org.hibernate.HQL_FUNCTIONS - String translate(STRING arg0, STRING arg1, STRING arg2)
10:25:38.275 [main] DEBUG org.hibernate.HQL_FUNCTIONS - String trim([[{leading|trailing|both} ][STRING arg0 ]from] STRING arg1)
10:25:38.275 [main] DEBUG org.hibernate.HQL_FUNCTIONS - trunc( ... )
10:25:38.275 [main] DEBUG org.hibernate.HQL_FUNCTIONS - truncate( ... )
10:25:38.275 [main] DEBUG org.hibernate.HQL_FUNCTIONS - String upper(STRING string)
10:25:38.275 [main] DEBUG org.hibernate.HQL_FUNCTIONS - Double var_pop(NUMERIC arg)
10:25:38.275 [main] DEBUG org.hibernate.HQL_FUNCTIONS - Double var_samp(NUMERIC arg)
10:25:38.275 [main] DEBUG org.hibernate.HQL_FUNCTIONS - Integer week(DATE arg)
10:25:38.275 [main] DEBUG org.hibernate.HQL_FUNCTIONS - Integer year(DATE arg)
10:25:38.275 [main] DEBUG org.hibernate.orm.query.plan.cache - Starting QueryInterpretationCache(2048)
10:25:38.275 [main] DEBUG org.hibernate.service.internal.SessionFactoryServiceRegistryImpl - EventListenerRegistry access via ServiceRegistry is deprecated.  Use `sessionFactory.getEventEngine().getListenerRegistry()` instead
10:25:38.275 [main] DEBUG org.hibernate.event.internal.EntityCopyObserverFactoryInitiator - Configured EntityCopyObserver strategy: disallow
10:25:38.275 [main] DEBUG org.hibernate.boot.internal.ClassLoaderAccessImpl - Not known whether passed class name [org.frcpm.models.Attendance] is safe
10:25:38.275 [main] DEBUG org.hibernate.boot.internal.ClassLoaderAccessImpl - No temp ClassLoader provided; using live ClassLoader for loading potentially unsafe class : org.frcpm.models.Attendance
10:25:38.278 [main] DEBUG org.hibernate.bytecode.internal.bytebuddy.BytecodeProviderImpl - HHH000513: Unable to create the ReflectionOptimizer for [org.frcpm.models.Attendance]: private accessor [arrivalTime]
10:25:38.278 [main] DEBUG org.hibernate.boot.internal.ClassLoaderAccessImpl - Not known whether passed class name [org.frcpm.models.Meeting] is safe
10:25:38.278 [main] DEBUG org.hibernate.boot.internal.ClassLoaderAccessImpl - No temp ClassLoader provided; using live ClassLoader for loading potentially unsafe class : org.frcpm.models.Meeting
10:25:38.279 [main] DEBUG org.hibernate.bytecode.internal.bytebuddy.BytecodeProviderImpl - HHH000513: Unable to create the ReflectionOptimizer for [org.frcpm.models.Meeting]: private accessor [attendances]
10:25:38.280 [main] DEBUG org.hibernate.boot.internal.ClassLoaderAccessImpl - Not known whether passed class name [org.frcpm.models.Subsystem] is safe
10:25:38.280 [main] DEBUG org.hibernate.boot.internal.ClassLoaderAccessImpl - No temp ClassLoader provided; using live ClassLoader for loading potentially unsafe class : org.frcpm.models.Subsystem
10:25:38.284 [main] DEBUG org.hibernate.bytecode.internal.bytebuddy.BytecodeProviderImpl - HHH000513: Unable to create the ReflectionOptimizer for [org.frcpm.models.Subsystem]: private accessor [description]
10:25:38.284 [main] DEBUG org.hibernate.boot.internal.ClassLoaderAccessImpl - Not known whether passed class name [org.frcpm.models.Component] is safe
10:25:38.284 [main] DEBUG org.hibernate.boot.internal.ClassLoaderAccessImpl - No temp ClassLoader provided; using live ClassLoader for loading potentially unsafe class : org.frcpm.models.Component
10:25:38.288 [main] DEBUG org.hibernate.bytecode.internal.bytebuddy.BytecodeProviderImpl - HHH000513: Unable to create the ReflectionOptimizer for [org.frcpm.models.Component]: private accessor [actualDelivery]
10:25:38.288 [main] DEBUG org.hibernate.boot.internal.ClassLoaderAccessImpl - Not known whether passed class name [org.frcpm.models.Milestone] is safe
10:25:38.288 [main] DEBUG org.hibernate.boot.internal.ClassLoaderAccessImpl - No temp ClassLoader provided; using live ClassLoader for loading potentially unsafe class : org.frcpm.models.Milestone
10:25:38.290 [main] DEBUG org.hibernate.bytecode.internal.bytebuddy.BytecodeProviderImpl - HHH000513: Unable to create the ReflectionOptimizer for [org.frcpm.models.Milestone]: private accessor [date]
10:25:38.290 [main] DEBUG org.hibernate.boot.internal.ClassLoaderAccessImpl - Not known whether passed class name [org.frcpm.models.Project] is safe
10:25:38.290 [main] DEBUG org.hibernate.boot.internal.ClassLoaderAccessImpl - No temp ClassLoader provided; using live ClassLoader for loading potentially unsafe class : org.frcpm.models.Project
10:25:38.293 [main] DEBUG org.hibernate.bytecode.internal.bytebuddy.BytecodeProviderImpl - HHH000513: Unable to create the ReflectionOptimizer for [org.frcpm.models.Project]: private accessor [description]
10:25:38.293 [main] DEBUG org.hibernate.boot.internal.ClassLoaderAccessImpl - Not known whether passed class name [org.frcpm.models.Subteam] is safe
10:25:38.293 [main] DEBUG org.hibernate.boot.internal.ClassLoaderAccessImpl - No temp ClassLoader provided; using live ClassLoader for loading potentially unsafe class : org.frcpm.models.Subteam
10:25:38.295 [main] DEBUG org.hibernate.bytecode.internal.bytebuddy.BytecodeProviderImpl - HHH000513: Unable to create the ReflectionOptimizer for [org.frcpm.models.Subteam]: private accessor [colorCode]
10:25:38.295 [main] DEBUG org.hibernate.boot.internal.ClassLoaderAccessImpl - Not known whether passed class name [org.frcpm.models.Task] is safe
10:25:38.295 [main] DEBUG org.hibernate.boot.internal.ClassLoaderAccessImpl - No temp ClassLoader provided; using live ClassLoader for loading potentially unsafe class : org.frcpm.models.Task
10:25:38.302 [main] DEBUG org.hibernate.bytecode.internal.bytebuddy.BytecodeProviderImpl - HHH000513: Unable to create the ReflectionOptimizer for [org.frcpm.models.Task]: private accessor [actualDurationSeconds]
10:25:38.302 [main] DEBUG org.hibernate.boot.internal.ClassLoaderAccessImpl - Not known whether passed class name [org.frcpm.models.TeamMember] is safe
10:25:38.302 [main] DEBUG org.hibernate.boot.internal.ClassLoaderAccessImpl - No temp ClassLoader provided; using live ClassLoader for loading potentially unsafe class : org.frcpm.models.TeamMember
10:25:38.305 [main] DEBUG org.hibernate.bytecode.internal.bytebuddy.BytecodeProviderImpl - HHH000513: Unable to create the ReflectionOptimizer for [org.frcpm.models.TeamMember]: private accessor [assignedTasks]
10:25:38.305 [main] DEBUG org.hibernate.orm.jdbc.mutation - Skipping collection row updates - org.frcpm.models.Task.assignedTo
10:25:38.305 [main] DEBUG org.hibernate.orm.jdbc.mutation - Skipping collection (re)creation - org.frcpm.models.Subsystem.tasks
10:25:38.305 [main] DEBUG org.hibernate.orm.jdbc.mutation - Skipping collection row deletions - org.frcpm.models.Subsystem.tasks
10:25:38.305 [main] DEBUG org.hibernate.orm.jdbc.mutation - Skipping collection removals - org.frcpm.models.Subsystem.tasks
10:25:38.305 [main] DEBUG org.hibernate.orm.jdbc.mutation - Skipping collection (re)creation - org.frcpm.models.Subteam.members
10:25:38.305 [main] DEBUG org.hibernate.orm.jdbc.mutation - Skipping collection row deletions - org.frcpm.models.Subteam.members
10:25:38.305 [main] DEBUG org.hibernate.orm.jdbc.mutation - Skipping collection removals - org.frcpm.models.Subteam.members
10:25:38.305 [main] DEBUG org.hibernate.orm.jdbc.mutation - Skipping collection (re)creation - org.frcpm.models.TeamMember.attendances
10:25:38.305 [main] DEBUG org.hibernate.orm.jdbc.mutation - Skipping collection row deletions - org.frcpm.models.TeamMember.attendances
10:25:38.305 [main] DEBUG org.hibernate.orm.jdbc.mutation - Skipping collection removals - org.frcpm.models.TeamMember.attendances
10:25:38.305 [main] DEBUG org.hibernate.orm.jdbc.mutation - Skipping collection row updates - org.frcpm.models.Task.requiredComponents
10:25:38.305 [main] DEBUG org.hibernate.orm.jdbc.mutation - Skipping collection (re)creation - org.frcpm.models.Subteam.subsystems
10:25:38.305 [main] DEBUG org.hibernate.orm.jdbc.mutation - Skipping collection row deletions - org.frcpm.models.Subteam.subsystems
10:25:38.305 [main] DEBUG org.hibernate.orm.jdbc.mutation - Skipping collection removals - org.frcpm.models.Subteam.subsystems
10:25:38.305 [main] DEBUG org.hibernate.orm.jdbc.mutation - Skipping collection row updates - org.frcpm.models.Task.preDependencies
10:25:38.305 [main] DEBUG org.hibernate.orm.jdbc.mutation - Skipping collection (re)creation - org.frcpm.models.Project.milestones
10:25:38.305 [main] DEBUG org.hibernate.orm.jdbc.mutation - Skipping collection row deletions - org.frcpm.models.Project.milestones
10:25:38.305 [main] DEBUG org.hibernate.orm.jdbc.mutation - Skipping collection removals - org.frcpm.models.Project.milestones
10:25:38.305 [main] DEBUG org.hibernate.orm.jdbc.mutation - Skipping collection inserts - org.frcpm.models.Component.requiredForTasks
10:25:38.305 [main] DEBUG org.hibernate.orm.jdbc.mutation - Skipping collection row updates - org.frcpm.models.Component.requiredForTasks
10:25:38.305 [main] DEBUG org.hibernate.orm.jdbc.mutation - Skipping collection row deletions - org.frcpm.models.Component.requiredForTasks
10:25:38.305 [main] DEBUG org.hibernate.orm.jdbc.mutation - Skipping collection removals - org.frcpm.models.Component.requiredForTasks
10:25:38.305 [main] DEBUG org.hibernate.orm.jdbc.mutation - Skipping collection (re)creation - org.frcpm.models.Project.meetings
10:25:38.305 [main] DEBUG org.hibernate.orm.jdbc.mutation - Skipping collection row deletions - org.frcpm.models.Project.meetings
10:25:38.305 [main] DEBUG org.hibernate.orm.jdbc.mutation - Skipping collection removals - org.frcpm.models.Project.meetings
10:25:38.305 [main] DEBUG org.hibernate.orm.jdbc.mutation - Skipping collection inserts - org.frcpm.models.TeamMember.assignedTasks
10:25:38.305 [main] DEBUG org.hibernate.orm.jdbc.mutation - Skipping collection row updates - org.frcpm.models.TeamMember.assignedTasks
10:25:38.305 [main] DEBUG org.hibernate.orm.jdbc.mutation - Skipping collection row deletions - org.frcpm.models.TeamMember.assignedTasks
10:25:38.305 [main] DEBUG org.hibernate.orm.jdbc.mutation - Skipping collection removals - org.frcpm.models.TeamMember.assignedTasks
10:25:38.305 [main] DEBUG org.hibernate.orm.jdbc.mutation - Skipping collection (re)creation - org.frcpm.models.Meeting.attendances
10:25:38.305 [main] DEBUG org.hibernate.orm.jdbc.mutation - Skipping collection row deletions - org.frcpm.models.Meeting.attendances
10:25:38.305 [main] DEBUG org.hibernate.orm.jdbc.mutation - Skipping collection removals - org.frcpm.models.Meeting.attendances
10:25:38.305 [main] DEBUG org.hibernate.orm.jdbc.mutation - Skipping collection inserts - org.frcpm.models.Task.postDependencies
10:25:38.305 [main] DEBUG org.hibernate.orm.jdbc.mutation - Skipping collection row updates - org.frcpm.models.Task.postDependencies
10:25:38.305 [main] DEBUG org.hibernate.orm.jdbc.mutation - Skipping collection row deletions - org.frcpm.models.Task.postDependencies
10:25:38.305 [main] DEBUG org.hibernate.orm.jdbc.mutation - Skipping collection removals - org.frcpm.models.Task.postDependencies
10:25:38.305 [main] DEBUG org.hibernate.orm.jdbc.mutation - Skipping collection (re)creation - org.frcpm.models.Project.tasks
10:25:38.305 [main] DEBUG org.hibernate.orm.jdbc.mutation - Skipping collection row deletions - org.frcpm.models.Project.tasks
10:25:38.305 [main] DEBUG org.hibernate.orm.jdbc.mutation - Skipping collection removals - org.frcpm.models.Project.tasks
10:25:38.306 [main] DEBUG org.hibernate.orm.model.mapping.creation - Starting post-init callbacks
10:25:38.306 [main] DEBUG org.hibernate.orm.model.mapping.creation - Starting PostInitCallbackEntry : To-one key - NavigableRole[org.frcpm.models.Attendance.meeting]
10:25:38.306 [main] DEBUG org.hibernate.orm.model.mapping.creation - Starting PostInitCallbackEntry : To-one key - NavigableRole[org.frcpm.models.Attendance.member]
10:25:38.306 [main] DEBUG org.hibernate.orm.model.mapping.creation - Starting PostInitCallbackEntry : Entity(org.frcpm.models.Attendance) `staticFetchableList` generator
10:25:38.306 [main] DEBUG org.hibernate.orm.model.mapping.creation - Starting PostInitCallbackEntry : PluralAttributeMapping( NavigableRole[org.frcpm.models.Meeting.attendances#{element}]) - element descriptor
10:25:38.306 [main] DEBUG org.hibernate.orm.model.mapping.creation - Starting PostInitCallbackEntry : PluralAttributeMapping(org.frcpm.models.Meeting.attendances)#finishInitialization
10:25:38.306 [main] DEBUG org.hibernate.orm.model.mapping.creation - Starting PostInitCallbackEntry : PluralAttributeMapping(org.frcpm.models.Meeting.attendances) - key descriptor
10:25:38.306 [main] DEBUG org.hibernate.orm.model.mapping.creation - Starting PostInitCallbackEntry : To-one key - NavigableRole[org.frcpm.models.Meeting.project]
10:25:38.306 [main] DEBUG org.hibernate.orm.model.mapping.creation - Starting PostInitCallbackEntry : Entity(org.frcpm.models.Meeting) `staticFetchableList` generator
10:25:38.306 [main] DEBUG org.hibernate.orm.model.mapping.creation - Starting PostInitCallbackEntry : To-one key - NavigableRole[org.frcpm.models.Subsystem.responsibleSubteam]
10:25:38.306 [main] DEBUG org.hibernate.orm.model.mapping.creation - Starting PostInitCallbackEntry : PluralAttributeMapping( NavigableRole[org.frcpm.models.Subsystem.tasks#{element}]) - element descriptor
10:25:38.306 [main] DEBUG org.hibernate.orm.model.mapping.creation - Starting PostInitCallbackEntry : PluralAttributeMapping(org.frcpm.models.Subsystem.tasks)#finishInitialization
10:25:38.306 [main] DEBUG org.hibernate.orm.model.mapping.creation - Starting PostInitCallbackEntry : PluralAttributeMapping(org.frcpm.models.Subsystem.tasks) - key descriptor
10:25:38.306 [main] DEBUG org.hibernate.orm.model.mapping.creation - Starting PostInitCallbackEntry : Entity(org.frcpm.models.Subsystem) `staticFetchableList` generator
10:25:38.306 [main] DEBUG org.hibernate.orm.model.mapping.creation - Starting PostInitCallbackEntry : PluralAttributeMapping( NavigableRole[org.frcpm.models.Component.requiredForTasks#{element}]) - element descriptor
10:25:38.306 [main] DEBUG org.hibernate.orm.model.mapping.creation - Starting PostInitCallbackEntry : PluralAttributeMapping(org.frcpm.models.Component.requiredForTasks)#finishInitialization
10:25:38.306 [main] DEBUG org.hibernate.orm.model.mapping.creation - Starting PostInitCallbackEntry : PluralAttributeMapping(org.frcpm.models.Component.requiredForTasks) - key descriptor
10:25:38.307 [main] DEBUG org.hibernate.orm.model.mapping.creation - Starting PostInitCallbackEntry : Entity(org.frcpm.models.Component) `staticFetchableList` generator
10:25:38.307 [main] DEBUG org.hibernate.orm.model.mapping.creation - Starting PostInitCallbackEntry : To-one key - NavigableRole[org.frcpm.models.Milestone.project]
10:25:38.307 [main] DEBUG org.hibernate.orm.model.mapping.creation - Starting PostInitCallbackEntry : Entity(org.frcpm.models.Milestone) `staticFetchableList` generator
10:25:38.307 [main] DEBUG org.hibernate.orm.model.mapping.creation - Starting PostInitCallbackEntry : PluralAttributeMapping( NavigableRole[org.frcpm.models.Project.meetings#{element}]) - element descriptor
10:25:38.307 [main] DEBUG org.hibernate.orm.model.mapping.creation - Starting PostInitCallbackEntry : PluralAttributeMapping(org.frcpm.models.Project.meetings)#finishInitialization
10:25:38.307 [main] DEBUG org.hibernate.orm.model.mapping.creation - Starting PostInitCallbackEntry : PluralAttributeMapping(org.frcpm.models.Project.meetings) - key descriptor
10:25:38.307 [main] DEBUG org.hibernate.orm.model.mapping.creation - Starting PostInitCallbackEntry : PluralAttributeMapping( NavigableRole[org.frcpm.models.Project.milestones#{element}]) - element descriptor
10:25:38.307 [main] DEBUG org.hibernate.orm.model.mapping.creation - Starting PostInitCallbackEntry : PluralAttributeMapping(org.frcpm.models.Project.milestones)#finishInitialization
10:25:38.307 [main] DEBUG org.hibernate.orm.model.mapping.creation - Starting PostInitCallbackEntry : PluralAttributeMapping(org.frcpm.models.Project.milestones) - key descriptor
10:25:38.307 [main] DEBUG org.hibernate.orm.model.mapping.creation - Starting PostInitCallbackEntry : PluralAttributeMapping( NavigableRole[org.frcpm.models.Project.tasks#{element}]) - element descriptor
10:25:38.307 [main] DEBUG org.hibernate.orm.model.mapping.creation - Starting PostInitCallbackEntry : PluralAttributeMapping(org.frcpm.models.Project.tasks)#finishInitialization
10:25:38.307 [main] DEBUG org.hibernate.orm.model.mapping.creation - Starting PostInitCallbackEntry : PluralAttributeMapping(org.frcpm.models.Project.tasks) - key descriptor
10:25:38.307 [main] DEBUG org.hibernate.orm.model.mapping.creation - Starting PostInitCallbackEntry : Entity(org.frcpm.models.Project) `staticFetchableList` generator
10:25:38.307 [main] DEBUG org.hibernate.orm.model.mapping.creation - Starting PostInitCallbackEntry : PluralAttributeMapping( NavigableRole[org.frcpm.models.Subteam.members#{element}]) - element descriptor
10:25:38.307 [main] DEBUG org.hibernate.orm.model.mapping.creation - Starting PostInitCallbackEntry : PluralAttributeMapping(org.frcpm.models.Subteam.members)#finishInitialization
10:25:38.307 [main] DEBUG org.hibernate.orm.model.mapping.creation - Starting PostInitCallbackEntry : PluralAttributeMapping(org.frcpm.models.Subteam.members) - key descriptor
10:25:38.307 [main] DEBUG org.hibernate.orm.model.mapping.creation - Starting PostInitCallbackEntry : PluralAttributeMapping( NavigableRole[org.frcpm.models.Subteam.subsystems#{element}]) - element descriptor
10:25:38.307 [main] DEBUG org.hibernate.orm.model.mapping.creation - Starting PostInitCallbackEntry : PluralAttributeMapping(org.frcpm.models.Subteam.subsystems)#finishInitialization
10:25:38.307 [main] DEBUG org.hibernate.orm.model.mapping.creation - Starting PostInitCallbackEntry : PluralAttributeMapping(org.frcpm.models.Subteam.subsystems) - key descriptor
10:25:38.307 [main] DEBUG org.hibernate.orm.model.mapping.creation - Starting PostInitCallbackEntry : Entity(org.frcpm.models.Subteam) `staticFetchableList` generator
10:25:38.307 [main] DEBUG org.hibernate.orm.model.mapping.creation - Starting PostInitCallbackEntry : PluralAttributeMapping( NavigableRole[org.frcpm.models.Task.assignedTo#{element}]) - element descriptor
10:25:38.307 [main] DEBUG org.hibernate.orm.model.mapping.creation - Starting PostInitCallbackEntry : PluralAttributeMapping(org.frcpm.models.Task.assignedTo)#finishInitialization
10:25:38.307 [main] DEBUG org.hibernate.orm.model.mapping.creation - Starting PostInitCallbackEntry : PluralAttributeMapping(org.frcpm.models.Task.assignedTo) - key descriptor
10:25:38.307 [main] DEBUG org.hibernate.orm.model.mapping.creation - Starting PostInitCallbackEntry : PluralAttributeMapping( NavigableRole[org.frcpm.models.Task.postDependencies#{element}]) - element descriptor
10:25:38.307 [main] DEBUG org.hibernate.orm.model.mapping.creation - Starting PostInitCallbackEntry : PluralAttributeMapping(org.frcpm.models.Task.postDependencies)#finishInitialization
10:25:38.307 [main] DEBUG org.hibernate.orm.model.mapping.creation - Starting PostInitCallbackEntry : PluralAttributeMapping(org.frcpm.models.Task.postDependencies) - key descriptor
10:25:38.307 [main] DEBUG org.hibernate.orm.model.mapping.creation - Starting PostInitCallbackEntry : PluralAttributeMapping( NavigableRole[org.frcpm.models.Task.preDependencies#{element}]) - element descriptor
10:25:38.307 [main] DEBUG org.hibernate.orm.model.mapping.creation - Starting PostInitCallbackEntry : PluralAttributeMapping(org.frcpm.models.Task.preDependencies)#finishInitialization
10:25:38.307 [main] DEBUG org.hibernate.orm.model.mapping.creation - Starting PostInitCallbackEntry : PluralAttributeMapping(org.frcpm.models.Task.preDependencies) - key descriptor
10:25:38.307 [main] DEBUG org.hibernate.orm.model.mapping.creation - Starting PostInitCallbackEntry : To-one key - NavigableRole[org.frcpm.models.Task.project]
10:25:38.307 [main] DEBUG org.hibernate.orm.model.mapping.creation - Starting PostInitCallbackEntry : PluralAttributeMapping( NavigableRole[org.frcpm.models.Task.requiredComponents#{element}]) - element descriptor
10:25:38.307 [main] DEBUG org.hibernate.orm.model.mapping.creation - Starting PostInitCallbackEntry : PluralAttributeMapping(org.frcpm.models.Task.requiredComponents)#finishInitialization
10:25:38.307 [main] DEBUG org.hibernate.orm.model.mapping.creation - Starting PostInitCallbackEntry : PluralAttributeMapping(org.frcpm.models.Task.requiredComponents) - key descriptor
10:25:38.307 [main] DEBUG org.hibernate.orm.model.mapping.creation - Starting PostInitCallbackEntry : To-one key - NavigableRole[org.frcpm.models.Task.subsystem]
10:25:38.307 [main] DEBUG org.hibernate.orm.model.mapping.creation - Starting PostInitCallbackEntry : Entity(org.frcpm.models.Task) `staticFetchableList` generator
10:25:38.307 [main] DEBUG org.hibernate.orm.model.mapping.creation - Starting PostInitCallbackEntry : PluralAttributeMapping( NavigableRole[org.frcpm.models.TeamMember.assignedTasks#{element}]) - element descriptor
10:25:38.307 [main] DEBUG org.hibernate.orm.model.mapping.creation - Starting PostInitCallbackEntry : PluralAttributeMapping(org.frcpm.models.TeamMember.assignedTasks)#finishInitialization
10:25:38.307 [main] DEBUG org.hibernate.orm.model.mapping.creation - Starting PostInitCallbackEntry : PluralAttributeMapping(org.frcpm.models.TeamMember.assignedTasks) - key descriptor
10:25:38.307 [main] DEBUG org.hibernate.orm.model.mapping.creation - Starting PostInitCallbackEntry : PluralAttributeMapping( NavigableRole[org.frcpm.models.TeamMember.attendances#{element}]) - element descriptor
10:25:38.307 [main] DEBUG org.hibernate.orm.model.mapping.creation - Starting PostInitCallbackEntry : PluralAttributeMapping(org.frcpm.models.TeamMember.attendances)#finishInitialization
10:25:38.307 [main] DEBUG org.hibernate.orm.model.mapping.creation - Starting PostInitCallbackEntry : PluralAttributeMapping(org.frcpm.models.TeamMember.attendances) - key descriptor
10:25:38.307 [main] DEBUG org.hibernate.orm.model.mapping.creation - Starting PostInitCallbackEntry : To-one key - NavigableRole[org.frcpm.models.TeamMember.subteam]
10:25:38.307 [main] DEBUG org.hibernate.orm.model.mapping.creation - Starting PostInitCallbackEntry : Entity(org.frcpm.models.TeamMember) `staticFetchableList` generator
10:25:38.307 [main] DEBUG org.hibernate.orm.model.mapping.creation - Starting PostInitCallbackEntry : PluralAttributeMapping( NavigableRole[org.frcpm.models.Meeting.attendances#{element}]) - element descriptor
10:25:38.307 [main] DEBUG org.hibernate.orm.model.mapping.creation - Starting PostInitCallbackEntry : PluralAttributeMapping( NavigableRole[org.frcpm.models.Subsystem.tasks#{element}]) - element descriptor
10:25:38.307 [main] DEBUG org.hibernate.orm.model.mapping.creation - Starting PostInitCallbackEntry : PluralAttributeMapping( NavigableRole[org.frcpm.models.Component.requiredForTasks#{element}]) - element descriptor
10:25:38.307 [main] DEBUG org.hibernate.orm.model.mapping.creation - Starting PostInitCallbackEntry : PluralAttributeMapping( NavigableRole[org.frcpm.models.Project.meetings#{element}]) - element descriptor
10:25:38.307 [main] DEBUG org.hibernate.orm.model.mapping.creation - Starting PostInitCallbackEntry : PluralAttributeMapping( NavigableRole[org.frcpm.models.Project.milestones#{element}]) - element descriptor
10:25:38.307 [main] DEBUG org.hibernate.orm.model.mapping.creation - Starting PostInitCallbackEntry : PluralAttributeMapping( NavigableRole[org.frcpm.models.Project.tasks#{element}]) - element descriptor
10:25:38.307 [main] DEBUG org.hibernate.orm.model.mapping.creation - Starting PostInitCallbackEntry : PluralAttributeMapping( NavigableRole[org.frcpm.models.Subteam.members#{element}]) - element descriptor
10:25:38.307 [main] DEBUG org.hibernate.orm.model.mapping.creation - Starting PostInitCallbackEntry : PluralAttributeMapping( NavigableRole[org.frcpm.models.Subteam.subsystems#{element}]) - element descriptor
10:25:38.307 [main] DEBUG org.hibernate.orm.model.mapping.creation - Starting PostInitCallbackEntry : PluralAttributeMapping( NavigableRole[org.frcpm.models.Task.postDependencies#{element}]) - element descriptor
10:25:38.307 [main] DEBUG org.hibernate.orm.model.mapping.creation - Starting PostInitCallbackEntry : PluralAttributeMapping( NavigableRole[org.frcpm.models.TeamMember.attendances#{element}]) - element descriptor
10:25:38.308 [main] DEBUG org.hibernate.orm.sql.ast.create - Created new SQL alias : a1_0
10:25:38.308 [main] DEBUG org.hibernate.orm.sql.ast.create - Registration of TableGroup [StandardTableGroup(org.frcpm.models.Attendance)] with identifierForTableGroup [org.frcpm.models.Attendance] for NavigablePath [org.frcpm.models.Attendance] 
10:25:38.308 [main] DEBUG org.hibernate.orm.sql.ast.create - Registration of TableGroup [org.hibernate.sql.ast.tree.from.LazyTableGroup@3eb2ca48] with identifierForTableGroup [org.frcpm.models.Attendance.meeting] for NavigablePath [org.frcpm.models.Attendance.meeting] 
10:25:38.308 [main] DEBUG org.hibernate.orm.sql.ast.create - Registration of TableGroup [org.hibernate.sql.ast.tree.from.LazyTableGroup@115bc72] with identifierForTableGroup [org.frcpm.models.Attendance.member] for NavigablePath [org.frcpm.models.Attendance.member] 
10:25:38.308 [main] DEBUG org.hibernate.orm.results.graph.AST - DomainResult Graph:
 \-EntityResultImpl [org.frcpm.models.Attendance]
 |  +-BasicFetch [org.frcpm.models.Attendance.arrivalTime]
 |  +-BasicFetch [org.frcpm.models.Attendance.departureTime]
 |  +-EntityDelayedFetchImpl [org.frcpm.models.Attendance.meeting]
 |  +-EntityDelayedFetchImpl [org.frcpm.models.Attendance.member]
 |  \-BasicFetch [org.frcpm.models.Attendance.present]

10:25:38.308 [main] DEBUG org.hibernate.orm.sql.ast.tree - SQL AST Tree:
    SelectStatement {
      FromClause {
        StandardTableGroup (a1 : org.frcpm.models.Attendance) {
          primaryTableReference : attendances as a1_0
          TableGroupJoins {
            left  join LazyTableGroup (m1 : org.frcpm.models.Attendance.meeting) {
            }
            left  join LazyTableGroup (m2 : org.frcpm.models.Attendance.member) {
            }
          }
        }
      }
    }

10:25:38.308 [main] DEBUG org.hibernate.persister.entity.AbstractEntityPersister - Static SQL for entity: org.frcpm.models.Attendance
10:25:38.308 [main] DEBUG org.hibernate.persister.entity.AbstractEntityPersister -  Version select: /* get version org.frcpm.models.Attendance */ select id from attendances where id=?
10:25:38.308 [main] DEBUG org.hibernate.persister.entity.AbstractEntityPersister -  Insert (0): /* insert for org.frcpm.models.Attendance */insert into attendances (arrival_time,departure_time,meeting_id,member_id,present,id) values (?,?,?,?,?,default)
10:25:38.308 [main] DEBUG org.hibernate.persister.entity.AbstractEntityPersister -  Update (0): /* update for org.frcpm.models.Attendance */update attendances set arrival_time=?,departure_time=?,meeting_id=?,member_id=?,present=? where id=?
10:25:38.308 [main] DEBUG org.hibernate.persister.entity.AbstractEntityPersister -  Delete (0): /* delete for org.frcpm.models.Attendance */delete from attendances where id=?
10:25:38.308 [main] DEBUG org.hibernate.orm.sql.ast.create - Created new SQL alias : m1_0
10:25:38.308 [main] DEBUG org.hibernate.orm.sql.ast.create - Registration of TableGroup [StandardTableGroup(org.frcpm.models.Meeting)] with identifierForTableGroup [org.frcpm.models.Meeting] for NavigablePath [org.frcpm.models.Meeting] 
10:25:38.308 [main] DEBUG org.hibernate.orm.sql.ast.create - Registration of TableGroup [org.hibernate.sql.ast.tree.from.LazyTableGroup@31ef1a47] with identifierForTableGroup [org.frcpm.models.Meeting.project] for NavigablePath [org.frcpm.models.Meeting.project] 
10:25:38.308 [main] DEBUG org.hibernate.orm.results.graph.AST - DomainResult Graph:
 \-EntityResultImpl [org.frcpm.models.Meeting]
 |  +-DelayedCollectionFetch [org.frcpm.models.Meeting.attendances]
 |  +-BasicFetch [org.frcpm.models.Meeting.date]
 |  +-BasicFetch [org.frcpm.models.Meeting.endTime]
 |  +-BasicFetch [org.frcpm.models.Meeting.notes]
 |  +-EntityDelayedFetchImpl [org.frcpm.models.Meeting.project]
 |  \-BasicFetch [org.frcpm.models.Meeting.startTime]

10:25:38.308 [main] DEBUG org.hibernate.orm.sql.ast.tree - SQL AST Tree:
    SelectStatement {
      FromClause {
        StandardTableGroup (m1 : org.frcpm.models.Meeting) {
          primaryTableReference : meetings as m1_0
          TableGroupJoins {
            left  join LazyTableGroup (p1 : org.frcpm.models.Meeting.project) {
            }
          }
        }
      }
    }

10:25:38.308 [main] DEBUG org.hibernate.persister.entity.AbstractEntityPersister - Static SQL for entity: org.frcpm.models.Meeting
10:25:38.308 [main] DEBUG org.hibernate.persister.entity.AbstractEntityPersister -  Version select: /* get version org.frcpm.models.Meeting */ select id from meetings where id=?
10:25:38.308 [main] DEBUG org.hibernate.persister.entity.AbstractEntityPersister -  Insert (0): /* insert for org.frcpm.models.Meeting */insert into meetings (date,end_time,notes,project_id,start_time,id) values (?,?,?,?,?,default)
10:25:38.308 [main] DEBUG org.hibernate.persister.entity.AbstractEntityPersister -  Update (0): /* update for org.frcpm.models.Meeting */update meetings set date=?,end_time=?,notes=?,project_id=?,start_time=? where id=?
10:25:38.308 [main] DEBUG org.hibernate.persister.entity.AbstractEntityPersister -  Delete (0): /* delete for org.frcpm.models.Meeting */delete from meetings where id=?
10:25:38.308 [main] DEBUG org.hibernate.orm.sql.ast.create - Created new SQL alias : s1_0
10:25:38.308 [main] DEBUG org.hibernate.orm.sql.ast.create - Registration of TableGroup [StandardTableGroup(org.frcpm.models.Subsystem)] with identifierForTableGroup [org.frcpm.models.Subsystem] for NavigablePath [org.frcpm.models.Subsystem] 
10:25:38.308 [main] DEBUG org.hibernate.orm.sql.ast.create - Registration of TableGroup [org.hibernate.sql.ast.tree.from.LazyTableGroup@660adb96] with identifierForTableGroup [org.frcpm.models.Subsystem.responsibleSubteam] for NavigablePath [org.frcpm.models.Subsystem.responsibleSubteam] 
10:25:38.308 [main] DEBUG org.hibernate.orm.results.graph.AST - DomainResult Graph:
 \-EntityResultImpl [org.frcpm.models.Subsystem]
 |  +-BasicFetch [org.frcpm.models.Subsystem.description]
 |  +-BasicFetch [org.frcpm.models.Subsystem.name]
 |  +-EntityDelayedFetchImpl [org.frcpm.models.Subsystem.responsibleSubteam]
 |  +-BasicFetch [org.frcpm.models.Subsystem.status]
 |  \-DelayedCollectionFetch [org.frcpm.models.Subsystem.tasks]

10:25:38.308 [main] DEBUG org.hibernate.orm.sql.ast.tree - SQL AST Tree:
    SelectStatement {
      FromClause {
        StandardTableGroup (s1 : org.frcpm.models.Subsystem) {
          primaryTableReference : subsystems as s1_0
          TableGroupJoins {
            left  join LazyTableGroup (rs1 : org.frcpm.models.Subsystem.responsibleSubteam) {
            }
          }
        }
      }
    }

10:25:38.308 [main] DEBUG org.hibernate.persister.entity.AbstractEntityPersister - Static SQL for entity: org.frcpm.models.Subsystem
10:25:38.308 [main] DEBUG org.hibernate.persister.entity.AbstractEntityPersister -  Version select: /* get version org.frcpm.models.Subsystem */ select id from subsystems where id=?
10:25:38.308 [main] DEBUG org.hibernate.persister.entity.AbstractEntityPersister -  Insert (0): /* insert for org.frcpm.models.Subsystem */insert into subsystems (description,name,responsible_subteam_id,status,id) values (?,?,?,?,default)
10:25:38.308 [main] DEBUG org.hibernate.persister.entity.AbstractEntityPersister -  Update (0): /* update for org.frcpm.models.Subsystem */update subsystems set description=?,name=?,responsible_subteam_id=?,status=? where id=?
10:25:38.308 [main] DEBUG org.hibernate.persister.entity.AbstractEntityPersister -  Delete (0): /* delete for org.frcpm.models.Subsystem */delete from subsystems where id=?
10:25:38.308 [main] DEBUG org.hibernate.orm.sql.ast.create - Created new SQL alias : c1_0
10:25:38.308 [main] DEBUG org.hibernate.orm.sql.ast.create - Registration of TableGroup [StandardTableGroup(org.frcpm.models.Component)] with identifierForTableGroup [org.frcpm.models.Component] for NavigablePath [org.frcpm.models.Component] 
10:25:38.308 [main] DEBUG org.hibernate.orm.results.graph.AST - DomainResult Graph:
 \-EntityResultImpl [org.frcpm.models.Component]
 |  +-BasicFetch [org.frcpm.models.Component.actualDelivery]
 |  +-BasicFetch [org.frcpm.models.Component.delivered]
 |  +-BasicFetch [org.frcpm.models.Component.description]
 |  +-BasicFetch [org.frcpm.models.Component.expectedDelivery]
 |  +-BasicFetch [org.frcpm.models.Component.name]
 |  +-BasicFetch [org.frcpm.models.Component.partNumber]
 |  \-DelayedCollectionFetch [org.frcpm.models.Component.requiredForTasks]

10:25:38.308 [main] DEBUG org.hibernate.orm.sql.ast.tree - SQL AST Tree:
    SelectStatement {
      FromClause {
        StandardTableGroup (c1 : org.frcpm.models.Component) {
          primaryTableReference : components as c1_0
        }
      }
    }

10:25:38.308 [main] DEBUG org.hibernate.persister.entity.AbstractEntityPersister - Static SQL for entity: org.frcpm.models.Component
10:25:38.308 [main] DEBUG org.hibernate.persister.entity.AbstractEntityPersister -  Version select: /* get version org.frcpm.models.Component */ select id from components where id=?
10:25:38.308 [main] DEBUG org.hibernate.persister.entity.AbstractEntityPersister -  Insert (0): /* insert for org.frcpm.models.Component */insert into components (actual_delivery,is_delivered,description,expected_delivery,name,part_number,id) values (?,?,?,?,?,?,default)
10:25:38.308 [main] DEBUG org.hibernate.persister.entity.AbstractEntityPersister -  Update (0): /* update for org.frcpm.models.Component */update components set actual_delivery=?,is_delivered=?,description=?,expected_delivery=?,name=?,part_number=? where id=?
10:25:38.308 [main] DEBUG org.hibernate.persister.entity.AbstractEntityPersister -  Delete (0): /* delete for org.frcpm.models.Component */delete from components where id=?
10:25:38.308 [main] DEBUG org.hibernate.orm.sql.ast.create - Created new SQL alias : m1_0
10:25:38.308 [main] DEBUG org.hibernate.orm.sql.ast.create - Registration of TableGroup [StandardTableGroup(org.frcpm.models.Milestone)] with identifierForTableGroup [org.frcpm.models.Milestone] for NavigablePath [org.frcpm.models.Milestone] 
10:25:38.308 [main] DEBUG org.hibernate.orm.sql.ast.create - Registration of TableGroup [org.hibernate.sql.ast.tree.from.LazyTableGroup@334b0b72] with identifierForTableGroup [org.frcpm.models.Milestone.project] for NavigablePath [org.frcpm.models.Milestone.project] 
10:25:38.308 [main] DEBUG org.hibernate.orm.results.graph.AST - DomainResult Graph:
 \-EntityResultImpl [org.frcpm.models.Milestone]
 |  +-BasicFetch [org.frcpm.models.Milestone.date]
 |  +-BasicFetch [org.frcpm.models.Milestone.description]
 |  +-BasicFetch [org.frcpm.models.Milestone.name]
 |  \-EntityDelayedFetchImpl [org.frcpm.models.Milestone.project]

10:25:38.308 [main] DEBUG org.hibernate.orm.sql.ast.tree - SQL AST Tree:
    SelectStatement {
      FromClause {
        StandardTableGroup (m1 : org.frcpm.models.Milestone) {
          primaryTableReference : milestones as m1_0
          TableGroupJoins {
            left  join LazyTableGroup (p1 : org.frcpm.models.Milestone.project) {
            }
          }
        }
      }
    }

10:25:38.308 [main] DEBUG org.hibernate.persister.entity.AbstractEntityPersister - Static SQL for entity: org.frcpm.models.Milestone
10:25:38.308 [main] DEBUG org.hibernate.persister.entity.AbstractEntityPersister -  Version select: /* get version org.frcpm.models.Milestone */ select id from milestones where id=?
10:25:38.308 [main] DEBUG org.hibernate.persister.entity.AbstractEntityPersister -  Insert (0): /* insert for org.frcpm.models.Milestone */insert into milestones (date,description,name,project_id,id) values (?,?,?,?,default)
10:25:38.308 [main] DEBUG org.hibernate.persister.entity.AbstractEntityPersister -  Update (0): /* update for org.frcpm.models.Milestone */update milestones set date=?,description=?,name=?,project_id=? where id=?
10:25:38.308 [main] DEBUG org.hibernate.persister.entity.AbstractEntityPersister -  Delete (0): /* delete for org.frcpm.models.Milestone */delete from milestones where id=?
10:25:38.308 [main] DEBUG org.hibernate.orm.sql.ast.create - Created new SQL alias : p1_0
10:25:38.308 [main] DEBUG org.hibernate.orm.sql.ast.create - Registration of TableGroup [StandardTableGroup(org.frcpm.models.Project)] with identifierForTableGroup [org.frcpm.models.Project] for NavigablePath [org.frcpm.models.Project] 
10:25:38.308 [main] DEBUG org.hibernate.orm.results.graph.AST - DomainResult Graph:
 \-EntityResultImpl [org.frcpm.models.Project]
 |  +-BasicFetch [org.frcpm.models.Project.description]
 |  +-BasicFetch [org.frcpm.models.Project.goalEndDate]
 |  +-BasicFetch [org.frcpm.models.Project.hardDeadline]
 |  +-DelayedCollectionFetch [org.frcpm.models.Project.meetings]
 |  +-DelayedCollectionFetch [org.frcpm.models.Project.milestones]
 |  +-BasicFetch [org.frcpm.models.Project.name]
 |  +-BasicFetch [org.frcpm.models.Project.startDate]
 |  \-DelayedCollectionFetch [org.frcpm.models.Project.tasks]

10:25:38.308 [main] DEBUG org.hibernate.orm.sql.ast.tree - SQL AST Tree:
    SelectStatement {
      FromClause {
        StandardTableGroup (p1 : org.frcpm.models.Project) {
          primaryTableReference : projects as p1_0
        }
      }
    }

10:25:38.308 [main] DEBUG org.hibernate.persister.entity.AbstractEntityPersister - Static SQL for entity: org.frcpm.models.Project
10:25:38.308 [main] DEBUG org.hibernate.persister.entity.AbstractEntityPersister -  Version select: /* get version org.frcpm.models.Project */ select id from projects where id=?
10:25:38.308 [main] DEBUG org.hibernate.persister.entity.AbstractEntityPersister -  Insert (0): /* insert for org.frcpm.models.Project */insert into projects (description,goal_end_date,hard_deadline,name,start_date,id) values (?,?,?,?,?,default)
10:25:38.308 [main] DEBUG org.hibernate.persister.entity.AbstractEntityPersister -  Update (0): /* update for org.frcpm.models.Project */update projects set description=?,goal_end_date=?,hard_deadline=?,name=?,start_date=? where id=?
10:25:38.308 [main] DEBUG org.hibernate.persister.entity.AbstractEntityPersister -  Delete (0): /* delete for org.frcpm.models.Project */delete from projects where id=?
10:25:38.308 [main] DEBUG org.hibernate.orm.sql.ast.create - Created new SQL alias : s1_0
10:25:38.308 [main] DEBUG org.hibernate.orm.sql.ast.create - Registration of TableGroup [StandardTableGroup(org.frcpm.models.Subteam)] with identifierForTableGroup [org.frcpm.models.Subteam] for NavigablePath [org.frcpm.models.Subteam] 
10:25:38.308 [main] DEBUG org.hibernate.orm.results.graph.AST - DomainResult Graph:
 \-EntityResultImpl [org.frcpm.models.Subteam]
 |  +-BasicFetch [org.frcpm.models.Subteam.colorCode]
 |  +-DelayedCollectionFetch [org.frcpm.models.Subteam.members]
 |  +-BasicFetch [org.frcpm.models.Subteam.name]
 |  +-BasicFetch [org.frcpm.models.Subteam.specialties]
 |  \-DelayedCollectionFetch [org.frcpm.models.Subteam.subsystems]

10:25:38.308 [main] DEBUG org.hibernate.orm.sql.ast.tree - SQL AST Tree:
    SelectStatement {
      FromClause {
        StandardTableGroup (s1 : org.frcpm.models.Subteam) {
          primaryTableReference : subteams as s1_0
        }
      }
    }

10:25:38.308 [main] DEBUG org.hibernate.persister.entity.AbstractEntityPersister - Static SQL for entity: org.frcpm.models.Subteam
10:25:38.308 [main] DEBUG org.hibernate.persister.entity.AbstractEntityPersister -  Version select: /* get version org.frcpm.models.Subteam */ select id from subteams where id=?
10:25:38.308 [main] DEBUG org.hibernate.persister.entity.AbstractEntityPersister -  Insert (0): /* insert for org.frcpm.models.Subteam */insert into subteams (color_code,name,specialties,id) values (?,?,?,default)
10:25:38.308 [main] DEBUG org.hibernate.persister.entity.AbstractEntityPersister -  Update (0): /* update for org.frcpm.models.Subteam */update subteams set color_code=?,name=?,specialties=? where id=?
10:25:38.308 [main] DEBUG org.hibernate.persister.entity.AbstractEntityPersister -  Delete (0): /* delete for org.frcpm.models.Subteam */delete from subteams where id=?
10:25:38.308 [main] DEBUG org.hibernate.orm.sql.ast.create - Created new SQL alias : t1_0
10:25:38.308 [main] DEBUG org.hibernate.orm.sql.ast.create - Registration of TableGroup [StandardTableGroup(org.frcpm.models.Task)] with identifierForTableGroup [org.frcpm.models.Task] for NavigablePath [org.frcpm.models.Task] 
10:25:38.308 [main] DEBUG org.hibernate.orm.sql.ast.create - Registration of TableGroup [org.hibernate.sql.ast.tree.from.LazyTableGroup@5ca528fd] with identifierForTableGroup [org.frcpm.models.Task.project] for NavigablePath [org.frcpm.models.Task.project] 
10:25:38.308 [main] DEBUG org.hibernate.orm.sql.ast.create - Registration of TableGroup [org.hibernate.sql.ast.tree.from.LazyTableGroup@6b829b82] with identifierForTableGroup [org.frcpm.models.Task.subsystem] for NavigablePath [org.frcpm.models.Task.subsystem] 
10:25:38.308 [main] DEBUG org.hibernate.orm.results.graph.AST - DomainResult Graph:
 \-EntityResultImpl [org.frcpm.models.Task]
 |  +-BasicFetch [org.frcpm.models.Task.actualDurationSeconds]
 |  +-DelayedCollectionFetch [org.frcpm.models.Task.assignedTo]
 |  +-BasicFetch [org.frcpm.models.Task.completed]
 |  +-BasicFetch [org.frcpm.models.Task.description]
 |  +-BasicFetch [org.frcpm.models.Task.endDate]
 |  +-BasicFetch [org.frcpm.models.Task.estimatedDurationSeconds]
 |  +-DelayedCollectionFetch [org.frcpm.models.Task.postDependencies]
 |  +-DelayedCollectionFetch [org.frcpm.models.Task.preDependencies]
 |  +-BasicFetch [org.frcpm.models.Task.priority]
 |  +-BasicFetch [org.frcpm.models.Task.progress]
 |  +-EntityDelayedFetchImpl [org.frcpm.models.Task.project]
 |  +-DelayedCollectionFetch [org.frcpm.models.Task.requiredComponents]
 |  +-BasicFetch [org.frcpm.models.Task.startDate]
 |  +-EntityDelayedFetchImpl [org.frcpm.models.Task.subsystem]
 |  \-BasicFetch [org.frcpm.models.Task.title]

10:25:38.308 [main] DEBUG org.hibernate.orm.sql.ast.tree - SQL AST Tree:
    SelectStatement {
      FromClause {
        StandardTableGroup (t1 : org.frcpm.models.Task) {
          primaryTableReference : tasks as t1_0
          TableGroupJoins {
            left  join LazyTableGroup (p1 : org.frcpm.models.Task.project) {
            }
            left  join LazyTableGroup (s1 : org.frcpm.models.Task.subsystem) {
            }
          }
        }
      }
    }

10:25:38.308 [main] DEBUG org.hibernate.persister.entity.AbstractEntityPersister - Static SQL for entity: org.frcpm.models.Task
10:25:38.308 [main] DEBUG org.hibernate.persister.entity.AbstractEntityPersister -  Version select: /* get version org.frcpm.models.Task */ select id from tasks where id=?
10:25:38.308 [main] DEBUG org.hibernate.persister.entity.AbstractEntityPersister -  Insert (0): /* insert for org.frcpm.models.Task */insert into tasks (actual_duration_seconds,completed,description,end_date,estimated_duration_seconds,priority,progress,project_id,start_date,subsystem_id,title,id) values (?,?,?,?,?,?,?,?,?,?,?,default)
10:25:38.308 [main] DEBUG org.hibernate.persister.entity.AbstractEntityPersister -  Update (0): /* update for org.frcpm.models.Task */update tasks set actual_duration_seconds=?,completed=?,description=?,end_date=?,estimated_duration_seconds=?,priority=?,progress=?,project_id=?,start_date=?,subsystem_id=?,title=? where id=?
10:25:38.308 [main] DEBUG org.hibernate.persister.entity.AbstractEntityPersister -  Delete (0): /* delete for org.frcpm.models.Task */delete from tasks where id=?
10:25:38.308 [main] DEBUG org.hibernate.orm.sql.ast.create - Created new SQL alias : tm1_0
10:25:38.308 [main] DEBUG org.hibernate.orm.sql.ast.create - Registration of TableGroup [StandardTableGroup(org.frcpm.models.TeamMember)] with identifierForTableGroup [org.frcpm.models.TeamMember] for NavigablePath [org.frcpm.models.TeamMember] 
10:25:38.308 [main] DEBUG org.hibernate.orm.sql.ast.create - Registration of TableGroup [org.hibernate.sql.ast.tree.from.LazyTableGroup@51ca72a0] with identifierForTableGroup [org.frcpm.models.TeamMember.subteam] for NavigablePath [org.frcpm.models.TeamMember.subteam] 
10:25:38.308 [main] DEBUG org.hibernate.orm.results.graph.AST - DomainResult Graph:
 \-EntityResultImpl [org.frcpm.models.TeamMember]
 |  +-DelayedCollectionFetch [org.frcpm.models.TeamMember.assignedTasks]
 |  +-DelayedCollectionFetch [org.frcpm.models.TeamMember.attendances]
 |  +-BasicFetch [org.frcpm.models.TeamMember.email]
 |  +-BasicFetch [org.frcpm.models.TeamMember.firstName]
 |  +-BasicFetch [org.frcpm.models.TeamMember.lastName]
 |  +-BasicFetch [org.frcpm.models.TeamMember.leader]
 |  +-BasicFetch [org.frcpm.models.TeamMember.phone]
 |  +-BasicFetch [org.frcpm.models.TeamMember.skills]
 |  +-EntityDelayedFetchImpl [org.frcpm.models.TeamMember.subteam]
 |  \-BasicFetch [org.frcpm.models.TeamMember.username]

10:25:38.308 [main] DEBUG org.hibernate.orm.sql.ast.tree - SQL AST Tree:
    SelectStatement {
      FromClause {
        StandardTableGroup (tm1 : org.frcpm.models.TeamMember) {
          primaryTableReference : team_members as tm1_0
          TableGroupJoins {
            left  join LazyTableGroup (s1 : org.frcpm.models.TeamMember.subteam) {
            }
          }
        }
      }
    }

10:25:38.308 [main] DEBUG org.hibernate.persister.entity.AbstractEntityPersister - Static SQL for entity: org.frcpm.models.TeamMember
10:25:38.308 [main] DEBUG org.hibernate.persister.entity.AbstractEntityPersister -  Version select: /* get version org.frcpm.models.TeamMember */ select id from team_members where id=?
10:25:38.308 [main] DEBUG org.hibernate.persister.entity.AbstractEntityPersister -  Insert (0): /* insert for org.frcpm.models.TeamMember */insert into team_members (email,first_name,last_name,is_leader,phone,skills,subteam_id,username,id) values (?,?,?,?,?,?,?,?,default)
10:25:38.308 [main] DEBUG org.hibernate.persister.entity.AbstractEntityPersister -  Update (0): /* update for org.frcpm.models.TeamMember */update team_members set email=?,first_name=?,last_name=?,is_leader=?,phone=?,skills=?,subteam_id=?,username=? where id=?
10:25:38.308 [main] DEBUG org.hibernate.persister.entity.AbstractEntityPersister -  Delete (0): /* delete for org.frcpm.models.TeamMember */delete from team_members where id=?
10:25:38.308 [main] DEBUG org.hibernate.orm.sql.ast.create - Created new SQL alias : at1_0
10:25:38.308 [main] DEBUG org.hibernate.orm.sql.ast.create - Registration of TableGroup [CollectionTableGroup(org.frcpm.models.Task.assignedTo)] with identifierForTableGroup [org.frcpm.models.Task.assignedTo] for NavigablePath [org.frcpm.models.Task.assignedTo] 
10:25:38.308 [main] DEBUG org.hibernate.orm.sql.ast.create - Registration of TableGroup [org.hibernate.sql.ast.tree.from.LazyTableGroup@367601fa] with identifierForTableGroup [org.frcpm.models.Task.assignedTo.{element}] for NavigablePath [org.frcpm.models.Task.assignedTo.{element}] 
10:25:38.308 [main] DEBUG org.hibernate.orm.sql.ast.create - Created new SQL alias : at1_1
10:25:38.308 [main] DEBUG org.hibernate.orm.sql.ast.create - Registration of TableGroup [org.hibernate.sql.ast.tree.from.LazyTableGroup@78c50e56] with identifierForTableGroup [org.frcpm.models.Task.assignedTo.{element}.subteam] for NavigablePath [org.frcpm.models.Task.assignedTo.{element}.subteam] 
10:25:38.308 [main] DEBUG org.hibernate.orm.results.graph.AST - DomainResult Graph:
 \-CollectionDomainResult [org.frcpm.models.Task.assignedTo]

10:25:38.308 [main] DEBUG org.hibernate.orm.sql.ast.tree - SQL AST Tree:
    SelectStatement {
      FromClause {
        CollectionTableGroup (at1 : org.frcpm.models.Task.assignedTo) {
          primaryTableReference : task_assignments as at1_0
          TableGroupJoins {
             join LazyTableGroup (at1 : org.frcpm.models.Task.assignedTo.{element}) {
              primaryTableReference : team_members as at1_1
              TableGroupJoins {
                left  join LazyTableGroup (s1 : org.frcpm.models.Task.assignedTo.{element}.subteam) {
                }
              }
            }
          }
        }
      }
    }

10:25:38.308 [main] DEBUG org.hibernate.orm.jdbc.mutation - Static SQL for collection: org.frcpm.models.Task.assignedTo
10:25:38.308 [main] DEBUG org.hibernate.orm.jdbc.mutation -  Row insert: /* insert for org.frcpm.models.Task.assignedTo */insert into task_assignments (task_id,team_member_id) values (?,?)
10:25:38.308 [main] DEBUG org.hibernate.orm.jdbc.mutation -  Row delete: /* delete for org.frcpm.models.Task.assignedTo */delete from task_assignments where task_id=? and team_member_id=?
10:25:38.308 [main] DEBUG org.hibernate.orm.jdbc.mutation -  One-shot delete: /* one-shot delete for org.frcpm.models.Task.assignedTo */delete from task_assignments where task_id=?
10:25:38.309 [main] DEBUG org.hibernate.orm.sql.ast.create - Created new SQL alias : t1_0
10:25:38.309 [main] DEBUG org.hibernate.orm.sql.ast.create - Registration of TableGroup [org.hibernate.sql.ast.tree.from.OneToManyTableGroup@1bc18034] with identifierForTableGroup [org.frcpm.models.Subsystem.tasks] for NavigablePath [org.frcpm.models.Subsystem.tasks] 
10:25:38.309 [main] DEBUG org.hibernate.orm.sql.ast.create - Registration of TableGroup [StandardTableGroup(org.frcpm.models.Subsystem.tasks.{element})] with identifierForTableGroup [org.frcpm.models.Subsystem.tasks.{element}] for NavigablePath [org.frcpm.models.Subsystem.tasks.{element}] 
10:25:38.309 [main] DEBUG org.hibernate.orm.sql.ast.create - Registration of TableGroup [org.hibernate.sql.ast.tree.from.LazyTableGroup@31516f85] with identifierForTableGroup [org.frcpm.models.Subsystem.tasks.{element}.project] for NavigablePath [org.frcpm.models.Subsystem.tasks.{element}.project] 
10:25:38.309 [main] DEBUG org.hibernate.orm.sql.ast.create - Registration of TableGroup [org.hibernate.sql.ast.tree.from.LazyTableGroup@15ee7888] with identifierForTableGroup [org.frcpm.models.Subsystem.tasks.{element}.subsystem] for NavigablePath [org.frcpm.models.Subsystem.tasks.{element}.subsystem] 
10:25:38.309 [main] DEBUG org.hibernate.orm.results.graph.AST - DomainResult Graph:
 \-CollectionDomainResult [org.frcpm.models.Subsystem.tasks]

10:25:38.309 [main] DEBUG org.hibernate.orm.sql.ast.tree - SQL AST Tree:
    SelectStatement {
      FromClause {
        OneToManyTableGroup (t1 : org.frcpm.models.Subsystem.tasks) {
          primaryTableReference : tasks as t1_0
          TableGroupJoins {
            left  join LazyTableGroup (p1 : org.frcpm.models.Subsystem.tasks.{element}.project) {
            }
            left  join LazyTableGroup (s1 : org.frcpm.models.Subsystem.tasks.{element}.subsystem) {
            }
          }
        }
      }
    }

10:25:38.309 [main] DEBUG org.hibernate.orm.jdbc.mutation - Static SQL for collection: org.frcpm.models.Subsystem.tasks
10:25:38.309 [main] DEBUG org.hibernate.orm.sql.ast.create - Created new SQL alias : m1_0
10:25:38.309 [main] DEBUG org.hibernate.orm.sql.ast.create - Registration of TableGroup [org.hibernate.sql.ast.tree.from.OneToManyTableGroup@38aee0b4] with identifierForTableGroup [org.frcpm.models.Subteam.members] for NavigablePath [org.frcpm.models.Subteam.members] 
10:25:38.309 [main] DEBUG org.hibernate.orm.sql.ast.create - Registration of TableGroup [StandardTableGroup(org.frcpm.models.Subteam.members.{element})] with identifierForTableGroup [org.frcpm.models.Subteam.members.{element}] for NavigablePath [org.frcpm.models.Subteam.members.{element}] 
10:25:38.309 [main] DEBUG org.hibernate.orm.sql.ast.create - Registration of TableGroup [org.hibernate.sql.ast.tree.from.LazyTableGroup@6ee0f785] with identifierForTableGroup [org.frcpm.models.Subteam.members.{element}.subteam] for NavigablePath [org.frcpm.models.Subteam.members.{element}.subteam] 
10:25:38.309 [main] DEBUG org.hibernate.orm.results.graph.AST - DomainResult Graph:
 \-CollectionDomainResult [org.frcpm.models.Subteam.members]

10:25:38.309 [main] DEBUG org.hibernate.orm.sql.ast.tree - SQL AST Tree:
    SelectStatement {
      FromClause {
        OneToManyTableGroup (m1 : org.frcpm.models.Subteam.members) {
          primaryTableReference : team_members as m1_0
          TableGroupJoins {
            left  join LazyTableGroup (s1 : org.frcpm.models.Subteam.members.{element}.subteam) {
            }
          }
        }
      }
    }

10:25:38.309 [main] DEBUG org.hibernate.orm.jdbc.mutation - Static SQL for collection: org.frcpm.models.Subteam.members
10:25:38.309 [main] DEBUG org.hibernate.orm.sql.ast.create - Created new SQL alias : a1_0
10:25:38.309 [main] DEBUG org.hibernate.orm.sql.ast.create - Registration of TableGroup [org.hibernate.sql.ast.tree.from.OneToManyTableGroup@460a934f] with identifierForTableGroup [org.frcpm.models.TeamMember.attendances] for NavigablePath [org.frcpm.models.TeamMember.attendances] 
10:25:38.309 [main] DEBUG org.hibernate.orm.sql.ast.create - Registration of TableGroup [StandardTableGroup(org.frcpm.models.TeamMember.attendances.{element})] with identifierForTableGroup [org.frcpm.models.TeamMember.attendances.{element}] for NavigablePath [org.frcpm.models.TeamMember.attendances.{element}] 
10:25:38.309 [main] DEBUG org.hibernate.orm.sql.ast.create - Registration of TableGroup [org.hibernate.sql.ast.tree.from.LazyTableGroup@9ee707a] with identifierForTableGroup [org.frcpm.models.TeamMember.attendances.{element}.meeting] for NavigablePath [org.frcpm.models.TeamMember.attendances.{element}.meeting] 
10:25:38.309 [main] DEBUG org.hibernate.orm.sql.ast.create - Registration of TableGroup [org.hibernate.sql.ast.tree.from.LazyTableGroup@f5f354f] with identifierForTableGroup [org.frcpm.models.TeamMember.attendances.{element}.member] for NavigablePath [org.frcpm.models.TeamMember.attendances.{element}.member] 
10:25:38.309 [main] DEBUG org.hibernate.orm.results.graph.AST - DomainResult Graph:
 \-CollectionDomainResult [org.frcpm.models.TeamMember.attendances]

10:25:38.309 [main] DEBUG org.hibernate.orm.sql.ast.tree - SQL AST Tree:
    SelectStatement {
      FromClause {
        OneToManyTableGroup (a1 : org.frcpm.models.TeamMember.attendances) {
          primaryTableReference : attendances as a1_0
          TableGroupJoins {
            left  join LazyTableGroup (m1 : org.frcpm.models.TeamMember.attendances.{element}.meeting) {
            }
            left  join LazyTableGroup (m2 : org.frcpm.models.TeamMember.attendances.{element}.member) {
            }
          }
        }
      }
    }

10:25:38.309 [main] DEBUG org.hibernate.orm.jdbc.mutation - Static SQL for collection: org.frcpm.models.TeamMember.attendances
10:25:38.309 [main] DEBUG org.hibernate.orm.sql.ast.create - Created new SQL alias : rc1_0
10:25:38.309 [main] DEBUG org.hibernate.orm.sql.ast.create - Registration of TableGroup [CollectionTableGroup(org.frcpm.models.Task.requiredComponents)] with identifierForTableGroup [org.frcpm.models.Task.requiredComponents] for NavigablePath [org.frcpm.models.Task.requiredComponents] 
10:25:38.309 [main] DEBUG org.hibernate.orm.sql.ast.create - Registration of TableGroup [org.hibernate.sql.ast.tree.from.LazyTableGroup@67ca8161] with identifierForTableGroup [org.frcpm.models.Task.requiredComponents.{element}] for NavigablePath [org.frcpm.models.Task.requiredComponents.{element}] 
10:25:38.309 [main] DEBUG org.hibernate.orm.sql.ast.create - Created new SQL alias : rc1_1
10:25:38.309 [main] DEBUG org.hibernate.orm.results.graph.AST - DomainResult Graph:
 \-CollectionDomainResult [org.frcpm.models.Task.requiredComponents]

10:25:38.309 [main] DEBUG org.hibernate.orm.sql.ast.tree - SQL AST Tree:
    SelectStatement {
      FromClause {
        CollectionTableGroup (rc1 : org.frcpm.models.Task.requiredComponents) {
          primaryTableReference : task_components as rc1_0
          TableGroupJoins {
             join LazyTableGroup (rc1 : org.frcpm.models.Task.requiredComponents.{element}) {
              primaryTableReference : components as rc1_1
            }
          }
        }
      }
    }

10:25:38.309 [main] DEBUG org.hibernate.orm.jdbc.mutation - Static SQL for collection: org.frcpm.models.Task.requiredComponents
10:25:38.309 [main] DEBUG org.hibernate.orm.jdbc.mutation -  Row insert: /* insert for org.frcpm.models.Task.requiredComponents */insert into task_components (task_id,component_id) values (?,?)
10:25:38.309 [main] DEBUG org.hibernate.orm.jdbc.mutation -  Row delete: /* delete for org.frcpm.models.Task.requiredComponents */delete from task_components where task_id=? and component_id=?
10:25:38.309 [main] DEBUG org.hibernate.orm.jdbc.mutation -  One-shot delete: /* one-shot delete for org.frcpm.models.Task.requiredComponents */delete from task_components where task_id=?
10:25:38.309 [main] DEBUG org.hibernate.orm.sql.ast.create - Created new SQL alias : s1_0
10:25:38.309 [main] DEBUG org.hibernate.orm.sql.ast.create - Registration of TableGroup [org.hibernate.sql.ast.tree.from.OneToManyTableGroup@2023b938] with identifierForTableGroup [org.frcpm.models.Subteam.subsystems] for NavigablePath [org.frcpm.models.Subteam.subsystems] 
10:25:38.309 [main] DEBUG org.hibernate.orm.sql.ast.create - Registration of TableGroup [StandardTableGroup(org.frcpm.models.Subteam.subsystems.{element})] with identifierForTableGroup [org.frcpm.models.Subteam.subsystems.{element}] for NavigablePath [org.frcpm.models.Subteam.subsystems.{element}] 
10:25:38.309 [main] DEBUG org.hibernate.orm.sql.ast.create - Registration of TableGroup [org.hibernate.sql.ast.tree.from.LazyTableGroup@20a05580] with identifierForTableGroup [org.frcpm.models.Subteam.subsystems.{element}.responsibleSubteam] for NavigablePath [org.frcpm.models.Subteam.subsystems.{element}.responsibleSubteam] 
10:25:38.309 [main] DEBUG org.hibernate.orm.results.graph.AST - DomainResult Graph:
 \-CollectionDomainResult [org.frcpm.models.Subteam.subsystems]

10:25:38.309 [main] DEBUG org.hibernate.orm.sql.ast.tree - SQL AST Tree:
    SelectStatement {
      FromClause {
        OneToManyTableGroup (s1 : org.frcpm.models.Subteam.subsystems) {
          primaryTableReference : subsystems as s1_0
          TableGroupJoins {
            left  join LazyTableGroup (rs1 : org.frcpm.models.Subteam.subsystems.{element}.responsibleSubteam) {
            }
          }
        }
      }
    }

10:25:38.309 [main] DEBUG org.hibernate.orm.jdbc.mutation - Static SQL for collection: org.frcpm.models.Subteam.subsystems
10:25:38.309 [main] DEBUG org.hibernate.orm.sql.ast.create - Created new SQL alias : pd1_0
10:25:38.309 [main] DEBUG org.hibernate.orm.sql.ast.create - Registration of TableGroup [CollectionTableGroup(org.frcpm.models.Task.preDependencies)] with identifierForTableGroup [org.frcpm.models.Task.preDependencies] for NavigablePath [org.frcpm.models.Task.preDependencies] 
10:25:38.309 [main] DEBUG org.hibernate.orm.sql.ast.create - Registration of TableGroup [org.hibernate.sql.ast.tree.from.LazyTableGroup@42f3c3a2] with identifierForTableGroup [org.frcpm.models.Task.preDependencies.{element}] for NavigablePath [org.frcpm.models.Task.preDependencies.{element}] 
10:25:38.309 [main] DEBUG org.hibernate.orm.sql.ast.create - Created new SQL alias : pd1_1
10:25:38.309 [main] DEBUG org.hibernate.orm.sql.ast.create - Registration of TableGroup [org.hibernate.sql.ast.tree.from.LazyTableGroup@7fa458bd] with identifierForTableGroup [org.frcpm.models.Task.preDependencies.{element}.project] for NavigablePath [org.frcpm.models.Task.preDependencies.{element}.project] 
10:25:38.309 [main] DEBUG org.hibernate.orm.sql.ast.create - Registration of TableGroup [org.hibernate.sql.ast.tree.from.LazyTableGroup@5bc22227] with identifierForTableGroup [org.frcpm.models.Task.preDependencies.{element}.subsystem] for NavigablePath [org.frcpm.models.Task.preDependencies.{element}.subsystem] 
10:25:38.309 [main] DEBUG org.hibernate.orm.results.graph.AST - DomainResult Graph:
 \-CollectionDomainResult [org.frcpm.models.Task.preDependencies]

10:25:38.309 [main] DEBUG org.hibernate.orm.sql.ast.tree - SQL AST Tree:
    SelectStatement {
      FromClause {
        CollectionTableGroup (pd1 : org.frcpm.models.Task.preDependencies) {
          primaryTableReference : task_dependencies as pd1_0
          TableGroupJoins {
             join LazyTableGroup (pd1 : org.frcpm.models.Task.preDependencies.{element}) {
              primaryTableReference : tasks as pd1_1
              TableGroupJoins {
                left  join LazyTableGroup (p1 : org.frcpm.models.Task.preDependencies.{element}.project) {
                }
                left  join LazyTableGroup (s1 : org.frcpm.models.Task.preDependencies.{element}.subsystem) {
                }
              }
            }
          }
        }
      }
    }

10:25:38.309 [main] DEBUG org.hibernate.orm.jdbc.mutation - Static SQL for collection: org.frcpm.models.Task.preDependencies
10:25:38.309 [main] DEBUG org.hibernate.orm.jdbc.mutation -  Row insert: /* insert for org.frcpm.models.Task.preDependencies */insert into task_dependencies (task_id,dependency_id) values (?,?)
10:25:38.309 [main] DEBUG org.hibernate.orm.jdbc.mutation -  Row delete: /* delete for org.frcpm.models.Task.preDependencies */delete from task_dependencies where task_id=? and dependency_id=?
10:25:38.309 [main] DEBUG org.hibernate.orm.jdbc.mutation -  One-shot delete: /* one-shot delete for org.frcpm.models.Task.preDependencies */delete from task_dependencies where task_id=?
10:25:38.309 [main] DEBUG org.hibernate.orm.sql.ast.create - Created new SQL alias : m1_0
10:25:38.309 [main] DEBUG org.hibernate.orm.sql.ast.create - Registration of TableGroup [org.hibernate.sql.ast.tree.from.OneToManyTableGroup@f4fc531] with identifierForTableGroup [org.frcpm.models.Project.milestones] for NavigablePath [org.frcpm.models.Project.milestones] 
10:25:38.309 [main] DEBUG org.hibernate.orm.sql.ast.create - Registration of TableGroup [StandardTableGroup(org.frcpm.models.Project.milestones.{element})] with identifierForTableGroup [org.frcpm.models.Project.milestones.{element}] for NavigablePath [org.frcpm.models.Project.milestones.{element}] 
10:25:38.309 [main] DEBUG org.hibernate.orm.sql.ast.create - Registration of TableGroup [org.hibernate.sql.ast.tree.from.LazyTableGroup@222d7619] with identifierForTableGroup [org.frcpm.models.Project.milestones.{element}.project] for NavigablePath [org.frcpm.models.Project.milestones.{element}.project] 
10:25:38.309 [main] DEBUG org.hibernate.orm.results.graph.AST - DomainResult Graph:
 \-CollectionDomainResult [org.frcpm.models.Project.milestones]

10:25:38.309 [main] DEBUG org.hibernate.orm.sql.ast.tree - SQL AST Tree:
    SelectStatement {
      FromClause {
        OneToManyTableGroup (m1 : org.frcpm.models.Project.milestones) {
          primaryTableReference : milestones as m1_0
          TableGroupJoins {
            left  join LazyTableGroup (p1 : org.frcpm.models.Project.milestones.{element}.project) {
            }
          }
        }
      }
    }

10:25:38.309 [main] DEBUG org.hibernate.orm.jdbc.mutation - Static SQL for collection: org.frcpm.models.Project.milestones
10:25:38.309 [main] DEBUG org.hibernate.orm.sql.ast.create - Created new SQL alias : rft1_0
10:25:38.309 [main] DEBUG org.hibernate.orm.sql.ast.create - Registration of TableGroup [CollectionTableGroup(org.frcpm.models.Component.requiredForTasks)] with identifierForTableGroup [org.frcpm.models.Component.requiredForTasks] for NavigablePath [org.frcpm.models.Component.requiredForTasks] 
10:25:38.309 [main] DEBUG org.hibernate.orm.sql.ast.create - Registration of TableGroup [org.hibernate.sql.ast.tree.from.LazyTableGroup@685c727d] with identifierForTableGroup [org.frcpm.models.Component.requiredForTasks.{element}] for NavigablePath [org.frcpm.models.Component.requiredForTasks.{element}] 
10:25:38.309 [main] DEBUG org.hibernate.orm.sql.ast.create - Created new SQL alias : rft1_1
10:25:38.309 [main] DEBUG org.hibernate.orm.sql.ast.create - Registration of TableGroup [org.hibernate.sql.ast.tree.from.LazyTableGroup@194b540a] with identifierForTableGroup [org.frcpm.models.Component.requiredForTasks.{element}.project] for NavigablePath [org.frcpm.models.Component.requiredForTasks.{element}.project] 
10:25:38.309 [main] DEBUG org.hibernate.orm.sql.ast.create - Registration of TableGroup [org.hibernate.sql.ast.tree.from.LazyTableGroup@ee0806d] with identifierForTableGroup [org.frcpm.models.Component.requiredForTasks.{element}.subsystem] for NavigablePath [org.frcpm.models.Component.requiredForTasks.{element}.subsystem] 
10:25:38.309 [main] DEBUG org.hibernate.orm.results.graph.AST - DomainResult Graph:
 \-CollectionDomainResult [org.frcpm.models.Component.requiredForTasks]

10:25:38.309 [main] DEBUG org.hibernate.orm.sql.ast.tree - SQL AST Tree:
    SelectStatement {
      FromClause {
        CollectionTableGroup (rft1 : org.frcpm.models.Component.requiredForTasks) {
          primaryTableReference : task_components as rft1_0
          TableGroupJoins {
             join LazyTableGroup (rft1 : org.frcpm.models.Component.requiredForTasks.{element}) {
              primaryTableReference : tasks as rft1_1
              TableGroupJoins {
                left  join LazyTableGroup (p1 : org.frcpm.models.Component.requiredForTasks.{element}.project) {
                }
                left  join LazyTableGroup (s1 : org.frcpm.models.Component.requiredForTasks.{element}.subsystem) {
                }
              }
            }
          }
        }
      }
    }

10:25:38.309 [main] DEBUG org.hibernate.orm.jdbc.mutation - Static SQL for collection: org.frcpm.models.Component.requiredForTasks
10:25:38.309 [main] DEBUG org.hibernate.orm.sql.ast.create - Created new SQL alias : m1_0
10:25:38.309 [main] DEBUG org.hibernate.orm.sql.ast.create - Registration of TableGroup [org.hibernate.sql.ast.tree.from.OneToManyTableGroup@460c2bec] with identifierForTableGroup [org.frcpm.models.Project.meetings] for NavigablePath [org.frcpm.models.Project.meetings] 
10:25:38.309 [main] DEBUG org.hibernate.orm.sql.ast.create - Registration of TableGroup [StandardTableGroup(org.frcpm.models.Project.meetings.{element})] with identifierForTableGroup [org.frcpm.models.Project.meetings.{element}] for NavigablePath [org.frcpm.models.Project.meetings.{element}] 
10:25:38.309 [main] DEBUG org.hibernate.orm.sql.ast.create - Registration of TableGroup [org.hibernate.sql.ast.tree.from.LazyTableGroup@6d9c4cfd] with identifierForTableGroup [org.frcpm.models.Project.meetings.{element}.project] for NavigablePath [org.frcpm.models.Project.meetings.{element}.project] 
10:25:38.309 [main] DEBUG org.hibernate.orm.results.graph.AST - DomainResult Graph:
 \-CollectionDomainResult [org.frcpm.models.Project.meetings]

10:25:38.309 [main] DEBUG org.hibernate.orm.sql.ast.tree - SQL AST Tree:
    SelectStatement {
      FromClause {
        OneToManyTableGroup (m1 : org.frcpm.models.Project.meetings) {
          primaryTableReference : meetings as m1_0
          TableGroupJoins {
            left  join LazyTableGroup (p1 : org.frcpm.models.Project.meetings.{element}.project) {
            }
          }
        }
      }
    }

10:25:38.309 [main] DEBUG org.hibernate.orm.jdbc.mutation - Static SQL for collection: org.frcpm.models.Project.meetings
10:25:38.309 [main] DEBUG org.hibernate.orm.sql.ast.create - Created new SQL alias : at1_0
10:25:38.309 [main] DEBUG org.hibernate.orm.sql.ast.create - Registration of TableGroup [CollectionTableGroup(org.frcpm.models.TeamMember.assignedTasks)] with identifierForTableGroup [org.frcpm.models.TeamMember.assignedTasks] for NavigablePath [org.frcpm.models.TeamMember.assignedTasks] 
10:25:38.309 [main] DEBUG org.hibernate.orm.sql.ast.create - Registration of TableGroup [org.hibernate.sql.ast.tree.from.LazyTableGroup@4450a417] with identifierForTableGroup [org.frcpm.models.TeamMember.assignedTasks.{element}] for NavigablePath [org.frcpm.models.TeamMember.assignedTasks.{element}] 
10:25:38.309 [main] DEBUG org.hibernate.orm.sql.ast.create - Created new SQL alias : at1_1
10:25:38.309 [main] DEBUG org.hibernate.orm.sql.ast.create - Registration of TableGroup [org.hibernate.sql.ast.tree.from.LazyTableGroup@6324b43a] with identifierForTableGroup [org.frcpm.models.TeamMember.assignedTasks.{element}.project] for NavigablePath [org.frcpm.models.TeamMember.assignedTasks.{element}.project] 
10:25:38.309 [main] DEBUG org.hibernate.orm.sql.ast.create - Registration of TableGroup [org.hibernate.sql.ast.tree.from.LazyTableGroup@213ecb54] with identifierForTableGroup [org.frcpm.models.TeamMember.assignedTasks.{element}.subsystem] for NavigablePath [org.frcpm.models.TeamMember.assignedTasks.{element}.subsystem] 
10:25:38.309 [main] DEBUG org.hibernate.orm.results.graph.AST - DomainResult Graph:
 \-CollectionDomainResult [org.frcpm.models.TeamMember.assignedTasks]

10:25:38.309 [main] DEBUG org.hibernate.orm.sql.ast.tree - SQL AST Tree:
    SelectStatement {
      FromClause {
        CollectionTableGroup (at1 : org.frcpm.models.TeamMember.assignedTasks) {
          primaryTableReference : task_assignments as at1_0
          TableGroupJoins {
             join LazyTableGroup (at1 : org.frcpm.models.TeamMember.assignedTasks.{element}) {
              primaryTableReference : tasks as at1_1
              TableGroupJoins {
                left  join LazyTableGroup (p1 : org.frcpm.models.TeamMember.assignedTasks.{element}.project) {
                }
                left  join LazyTableGroup (s1 : org.frcpm.models.TeamMember.assignedTasks.{element}.subsystem) {
                }
              }
            }
          }
        }
      }
    }

10:25:38.309 [main] DEBUG org.hibernate.orm.jdbc.mutation - Static SQL for collection: org.frcpm.models.TeamMember.assignedTasks
10:25:38.309 [main] DEBUG org.hibernate.orm.sql.ast.create - Created new SQL alias : a1_0
10:25:38.309 [main] DEBUG org.hibernate.orm.sql.ast.create - Registration of TableGroup [org.hibernate.sql.ast.tree.from.OneToManyTableGroup@264c5e37] with identifierForTableGroup [org.frcpm.models.Meeting.attendances] for NavigablePath [org.frcpm.models.Meeting.attendances] 
10:25:38.309 [main] DEBUG org.hibernate.orm.sql.ast.create - Registration of TableGroup [StandardTableGroup(org.frcpm.models.Meeting.attendances.{element})] with identifierForTableGroup [org.frcpm.models.Meeting.attendances.{element}] for NavigablePath [org.frcpm.models.Meeting.attendances.{element}] 
10:25:38.309 [main] DEBUG org.hibernate.orm.sql.ast.create - Registration of TableGroup [org.hibernate.sql.ast.tree.from.LazyTableGroup@4d4f6d26] with identifierForTableGroup [org.frcpm.models.Meeting.attendances.{element}.meeting] for NavigablePath [org.frcpm.models.Meeting.attendances.{element}.meeting] 
10:25:38.309 [main] DEBUG org.hibernate.orm.sql.ast.create - Registration of TableGroup [org.hibernate.sql.ast.tree.from.LazyTableGroup@7750ff4] with identifierForTableGroup [org.frcpm.models.Meeting.attendances.{element}.member] for NavigablePath [org.frcpm.models.Meeting.attendances.{element}.member] 
10:25:38.309 [main] DEBUG org.hibernate.orm.results.graph.AST - DomainResult Graph:
 \-CollectionDomainResult [org.frcpm.models.Meeting.attendances]

10:25:38.309 [main] DEBUG org.hibernate.orm.sql.ast.tree - SQL AST Tree:
    SelectStatement {
      FromClause {
        OneToManyTableGroup (a1 : org.frcpm.models.Meeting.attendances) {
          primaryTableReference : attendances as a1_0
          TableGroupJoins {
            left  join LazyTableGroup (m1 : org.frcpm.models.Meeting.attendances.{element}.meeting) {
            }
            left  join LazyTableGroup (m2 : org.frcpm.models.Meeting.attendances.{element}.member) {
            }
          }
        }
      }
    }

10:25:38.309 [main] DEBUG org.hibernate.orm.jdbc.mutation - Static SQL for collection: org.frcpm.models.Meeting.attendances
10:25:38.309 [main] DEBUG org.hibernate.orm.sql.ast.create - Created new SQL alias : pd1_0
10:25:38.309 [main] DEBUG org.hibernate.orm.sql.ast.create - Registration of TableGroup [CollectionTableGroup(org.frcpm.models.Task.postDependencies)] with identifierForTableGroup [org.frcpm.models.Task.postDependencies] for NavigablePath [org.frcpm.models.Task.postDependencies] 
10:25:38.309 [main] DEBUG org.hibernate.orm.sql.ast.create - Registration of TableGroup [org.hibernate.sql.ast.tree.from.LazyTableGroup@751c27c1] with identifierForTableGroup [org.frcpm.models.Task.postDependencies.{element}] for NavigablePath [org.frcpm.models.Task.postDependencies.{element}] 
10:25:38.309 [main] DEBUG org.hibernate.orm.sql.ast.create - Created new SQL alias : pd1_1
10:25:38.309 [main] DEBUG org.hibernate.orm.sql.ast.create - Registration of TableGroup [org.hibernate.sql.ast.tree.from.LazyTableGroup@cc47329] with identifierForTableGroup [org.frcpm.models.Task.postDependencies.{element}.project] for NavigablePath [org.frcpm.models.Task.postDependencies.{element}.project] 
10:25:38.309 [main] DEBUG org.hibernate.orm.sql.ast.create - Registration of TableGroup [org.hibernate.sql.ast.tree.from.LazyTableGroup@2ea6541] with identifierForTableGroup [org.frcpm.models.Task.postDependencies.{element}.subsystem] for NavigablePath [org.frcpm.models.Task.postDependencies.{element}.subsystem] 
10:25:38.309 [main] DEBUG org.hibernate.orm.results.graph.AST - DomainResult Graph:
 \-CollectionDomainResult [org.frcpm.models.Task.postDependencies]

10:25:38.309 [main] DEBUG org.hibernate.orm.sql.ast.tree - SQL AST Tree:
    SelectStatement {
      FromClause {
        CollectionTableGroup (pd1 : org.frcpm.models.Task.postDependencies) {
          primaryTableReference : task_dependencies as pd1_0
          TableGroupJoins {
             join LazyTableGroup (pd1 : org.frcpm.models.Task.postDependencies.{element}) {
              primaryTableReference : tasks as pd1_1
              TableGroupJoins {
                left  join LazyTableGroup (p1 : org.frcpm.models.Task.postDependencies.{element}.project) {
                }
                left  join LazyTableGroup (s1 : org.frcpm.models.Task.postDependencies.{element}.subsystem) {
                }
              }
            }
          }
        }
      }
    }

10:25:38.309 [main] DEBUG org.hibernate.orm.jdbc.mutation - Static SQL for collection: org.frcpm.models.Task.postDependencies
10:25:38.309 [main] DEBUG org.hibernate.orm.sql.ast.create - Created new SQL alias : t1_0
10:25:38.309 [main] DEBUG org.hibernate.orm.sql.ast.create - Registration of TableGroup [org.hibernate.sql.ast.tree.from.OneToManyTableGroup@392e1c2b] with identifierForTableGroup [org.frcpm.models.Project.tasks] for NavigablePath [org.frcpm.models.Project.tasks] 
10:25:38.309 [main] DEBUG org.hibernate.orm.sql.ast.create - Registration of TableGroup [StandardTableGroup(org.frcpm.models.Project.tasks.{element})] with identifierForTableGroup [org.frcpm.models.Project.tasks.{element}] for NavigablePath [org.frcpm.models.Project.tasks.{element}] 
10:25:38.309 [main] DEBUG org.hibernate.orm.sql.ast.create - Registration of TableGroup [org.hibernate.sql.ast.tree.from.LazyTableGroup@145dc263] with identifierForTableGroup [org.frcpm.models.Project.tasks.{element}.project] for NavigablePath [org.frcpm.models.Project.tasks.{element}.project] 
10:25:38.309 [main] DEBUG org.hibernate.orm.sql.ast.create - Registration of TableGroup [org.hibernate.sql.ast.tree.from.LazyTableGroup@30220677] with identifierForTableGroup [org.frcpm.models.Project.tasks.{element}.subsystem] for NavigablePath [org.frcpm.models.Project.tasks.{element}.subsystem] 
10:25:38.309 [main] DEBUG org.hibernate.orm.results.graph.AST - DomainResult Graph:
 \-CollectionDomainResult [org.frcpm.models.Project.tasks]

10:25:38.309 [main] DEBUG org.hibernate.orm.sql.ast.tree - SQL AST Tree:
    SelectStatement {
      FromClause {
        OneToManyTableGroup (t1 : org.frcpm.models.Project.tasks) {
          primaryTableReference : tasks as t1_0
          TableGroupJoins {
            left  join LazyTableGroup (p1 : org.frcpm.models.Project.tasks.{element}.project) {
            }
            left  join LazyTableGroup (s1 : org.frcpm.models.Project.tasks.{element}.subsystem) {
            }
          }
        }
      }
    }

10:25:38.309 [main] DEBUG org.hibernate.orm.jdbc.mutation - Static SQL for collection: org.frcpm.models.Project.tasks
10:25:38.312 [main] DEBUG org.hibernate.type.spi.TypeConfiguration$Scope - Scoping TypeConfiguration [org.hibernate.type.spi.TypeConfiguration@2408b618] to SessionFactoryImplementor [org.hibernate.internal.SessionFactoryImpl@497db9bb]
10:25:38.312 [main] DEBUG org.hibernate.query.named.NamedObjectRepository - Checking 0 named HQL queries
10:25:38.312 [main] DEBUG org.hibernate.query.named.NamedObjectRepository - Checking 0 named SQL queries
10:25:38.312 [main] DEBUG org.hibernate.SQL - 
    drop table if exists attendances cascade 
Hibernate: 
    drop table if exists attendances cascade 
10:25:38.312 [main] DEBUG org.hibernate.SQL - 
    drop table if exists components cascade 
Hibernate: 
    drop table if exists components cascade 
10:25:38.312 [main] DEBUG org.hibernate.SQL - 
    drop table if exists meetings cascade 
Hibernate: 
    drop table if exists meetings cascade 
10:25:38.312 [main] DEBUG org.hibernate.SQL - 
    drop table if exists milestones cascade 
Hibernate: 
    drop table if exists milestones cascade 
10:25:38.312 [main] DEBUG org.hibernate.SQL - 
    drop table if exists projects cascade 
Hibernate: 
    drop table if exists projects cascade 
10:25:38.312 [main] DEBUG org.hibernate.SQL - 
    drop table if exists subsystems cascade 
Hibernate: 
    drop table if exists subsystems cascade 
10:25:38.312 [main] DEBUG org.hibernate.SQL - 
    drop table if exists subteams cascade 
Hibernate: 
    drop table if exists subteams cascade 
10:25:38.312 [main] DEBUG org.hibernate.SQL - 
    drop table if exists task_assignments cascade 
Hibernate: 
    drop table if exists task_assignments cascade 
10:25:38.312 [main] DEBUG org.hibernate.SQL - 
    drop table if exists task_components cascade 
Hibernate: 
    drop table if exists task_components cascade 
10:25:38.312 [main] DEBUG org.hibernate.SQL - 
    drop table if exists task_dependencies cascade 
Hibernate: 
    drop table if exists task_dependencies cascade 
10:25:38.312 [main] DEBUG org.hibernate.SQL - 
    drop table if exists tasks cascade 
Hibernate: 
    drop table if exists tasks cascade 
10:25:38.312 [main] DEBUG org.hibernate.SQL - 
    drop table if exists team_members cascade 
Hibernate: 
    drop table if exists team_members cascade 
10:25:38.312 [main] DEBUG org.hibernate.SQL - 
    create table attendances (
        arrival_time time(6),
        departure_time time(6),
        present boolean not null,
        id bigint generated by default as identity,
        meeting_id bigint not null,
        member_id bigint not null,
        primary key (id),
        unique (meeting_id, member_id)
    )
Hibernate: 
    create table attendances (
        arrival_time time(6),
        departure_time time(6),
        present boolean not null,
        id bigint generated by default as identity,
        meeting_id bigint not null,
        member_id bigint not null,
        primary key (id),
        unique (meeting_id, member_id)
    )
10:25:38.312 [main] DEBUG org.hibernate.SQL - 
    create table components (
        actual_delivery date,
        expected_delivery date,
        is_delivered boolean,
        id bigint generated by default as identity,
        part_number varchar(100),
        description TEXT,
        name varchar(255) not null,
        primary key (id)
    )
Hibernate: 
    create table components (
        actual_delivery date,
        expected_delivery date,
        is_delivered boolean,
        id bigint generated by default as identity,
        part_number varchar(100),
        description TEXT,
        name varchar(255) not null,
        primary key (id)
    )
10:25:38.312 [main] DEBUG org.hibernate.SQL - 
    create table meetings (
        date date not null,
        end_time time(6) not null,
        start_time time(6) not null,
        id bigint generated by default as identity,
        project_id bigint not null,
        notes TEXT,
        primary key (id)
    )
Hibernate: 
    create table meetings (
        date date not null,
        end_time time(6) not null,
        start_time time(6) not null,
        id bigint generated by default as identity,
        project_id bigint not null,
        notes TEXT,
        primary key (id)
    )
10:25:38.312 [main] DEBUG org.hibernate.SQL - 
    create table milestones (
        date date not null,
        id bigint generated by default as identity,
        project_id bigint not null,
        description TEXT,
        name varchar(255) not null,
        primary key (id)
    )
Hibernate: 
    create table milestones (
        date date not null,
        id bigint generated by default as identity,
        project_id bigint not null,
        description TEXT,
        name varchar(255) not null,
        primary key (id)
    )
10:25:38.312 [main] DEBUG org.hibernate.SQL - 
    create table projects (
        goal_end_date date not null,
        hard_deadline date not null,
        start_date date not null,
        id bigint generated by default as identity,
        name varchar(100) not null,
        description TEXT,
        primary key (id)
    )
Hibernate: 
    create table projects (
        goal_end_date date not null,
        hard_deadline date not null,
        start_date date not null,
        id bigint generated by default as identity,
        name varchar(100) not null,
        description TEXT,
        primary key (id)
    )
10:25:38.312 [main] DEBUG org.hibernate.SQL - 
    create table subsystems (
        id bigint generated by default as identity,
        responsible_subteam_id bigint,
        name varchar(100) not null,
        description TEXT,
        status enum ('COMPLETED','IN_PROGRESS','ISSUES','NOT_STARTED','TESTING') not null,
        primary key (id)
    )
Hibernate: 
    create table subsystems (
        id bigint generated by default as identity,
        responsible_subteam_id bigint,
        name varchar(100) not null,
        description TEXT,
        status enum ('COMPLETED','IN_PROGRESS','ISSUES','NOT_STARTED','TESTING') not null,
        primary key (id)
    )
10:25:38.313 [main] DEBUG org.hibernate.SQL - 
    create table subteams (
        color_code varchar(7) not null,
        id bigint generated by default as identity,
        name varchar(100) not null,
        specialties TEXT,
        primary key (id)
    )
Hibernate: 
    create table subteams (
        color_code varchar(7) not null,
        id bigint generated by default as identity,
        name varchar(100) not null,
        specialties TEXT,
        primary key (id)
    )
10:25:38.313 [main] DEBUG org.hibernate.SQL - 
    create table task_assignments (
        task_id bigint not null,
        team_member_id bigint not null,
        primary key (task_id, team_member_id)
    )
Hibernate: 
    create table task_assignments (
        task_id bigint not null,
        team_member_id bigint not null,
        primary key (task_id, team_member_id)
    )
10:25:38.313 [main] DEBUG org.hibernate.SQL - 
    create table task_components (
        component_id bigint not null,
        task_id bigint not null,
        primary key (component_id, task_id)
    )
Hibernate: 
    create table task_components (
        component_id bigint not null,
        task_id bigint not null,
        primary key (component_id, task_id)
    )
10:25:38.313 [main] DEBUG org.hibernate.SQL - 
    create table task_dependencies (
        dependency_id bigint not null,
        task_id bigint not null,
        primary key (dependency_id, task_id)
    )
Hibernate: 
    create table task_dependencies (
        dependency_id bigint not null,
        task_id bigint not null,
        primary key (dependency_id, task_id)
    )
10:25:38.313 [main] DEBUG org.hibernate.SQL - 
    create table tasks (
        completed boolean not null,
        end_date date,
        progress integer not null,
        start_date date,
        actual_duration_seconds bigint,
        estimated_duration_seconds bigint not null,
        id bigint generated by default as identity,
        project_id bigint not null,
        subsystem_id bigint not null,
        description TEXT,
        title varchar(255) not null,
        priority enum ('CRITICAL','HIGH','LOW','MEDIUM') not null,
        primary key (id)
    )
Hibernate: 
    create table tasks (
        completed boolean not null,
        end_date date,
        progress integer not null,
        start_date date,
        actual_duration_seconds bigint,
        estimated_duration_seconds bigint not null,
        id bigint generated by default as identity,
        project_id bigint not null,
        subsystem_id bigint not null,
        description TEXT,
        title varchar(255) not null,
        priority enum ('CRITICAL','HIGH','LOW','MEDIUM') not null,
        primary key (id)
    )
10:25:38.313 [main] DEBUG org.hibernate.SQL - 
    create table team_members (
        is_leader boolean,
        id bigint generated by default as identity,
        subteam_id bigint,
        phone varchar(15),
        first_name varchar(150),
        last_name varchar(150),
        username varchar(150) not null unique,
        email varchar(254),
        skills TEXT,
        primary key (id)
    )
Hibernate: 
    create table team_members (
        is_leader boolean,
        id bigint generated by default as identity,
        subteam_id bigint,
        phone varchar(15),
        first_name varchar(150),
        last_name varchar(150),
        username varchar(150) not null unique,
        email varchar(254),
        skills TEXT,
        primary key (id)
    )
10:25:38.313 [main] DEBUG org.hibernate.SQL - 
    alter table if exists attendances 
       add constraint FK3i5ab1v2ad6wbm2rwhxbtm55u 
       foreign key (meeting_id) 
       references meetings
Hibernate: 
    alter table if exists attendances 
       add constraint FK3i5ab1v2ad6wbm2rwhxbtm55u 
       foreign key (meeting_id) 
       references meetings
10:25:38.313 [main] DEBUG org.hibernate.SQL - 
    alter table if exists attendances 
       add constraint FKb3g1rvha5qvyh1xik0bo6fghp 
       foreign key (member_id) 
       references team_members
Hibernate: 
    alter table if exists attendances 
       add constraint FKb3g1rvha5qvyh1xik0bo6fghp 
       foreign key (member_id) 
       references team_members
10:25:38.313 [main] DEBUG org.hibernate.SQL - 
    alter table if exists meetings 
       add constraint FKbt3vmcde0efob60esnfkyaeg0 
       foreign key (project_id) 
       references projects
Hibernate: 
    alter table if exists meetings 
       add constraint FKbt3vmcde0efob60esnfkyaeg0 
       foreign key (project_id) 
       references projects
10:25:38.313 [main] DEBUG org.hibernate.SQL - 
    alter table if exists milestones 
       add constraint FK2a7fp7wfu0qc1pq3wiifbksge 
       foreign key (project_id) 
       references projects
Hibernate: 
    alter table if exists milestones 
       add constraint FK2a7fp7wfu0qc1pq3wiifbksge 
       foreign key (project_id) 
       references projects
10:25:38.313 [main] DEBUG org.hibernate.SQL - 
    alter table if exists subsystems 
       add constraint FK6w4rk9yygp8j1dhs91d0qt8vp 
       foreign key (responsible_subteam_id) 
       references subteams
Hibernate: 
    alter table if exists subsystems 
       add constraint FK6w4rk9yygp8j1dhs91d0qt8vp 
       foreign key (responsible_subteam_id) 
       references subteams
10:25:38.314 [main] DEBUG org.hibernate.SQL - 
    alter table if exists task_assignments 
       add constraint FKqyivind1lu4axk93y5m7vcx7i 
       foreign key (team_member_id) 
       references team_members
Hibernate: 
    alter table if exists task_assignments 
       add constraint FKqyivind1lu4axk93y5m7vcx7i 
       foreign key (team_member_id) 
       references team_members
10:25:38.314 [main] DEBUG org.hibernate.SQL - 
    alter table if exists task_assignments 
       add constraint FKk36vhf9tt6t3woselwnkis6v6 
       foreign key (task_id) 
       references tasks
Hibernate: 
    alter table if exists task_assignments 
       add constraint FKk36vhf9tt6t3woselwnkis6v6 
       foreign key (task_id) 
       references tasks
10:25:38.315 [main] DEBUG org.hibernate.SQL - 
    alter table if exists task_components 
       add constraint FK5irpaispcx79xwy6n1qomaxnv 
       foreign key (component_id) 
       references components
Hibernate: 
    alter table if exists task_components 
       add constraint FK5irpaispcx79xwy6n1qomaxnv 
       foreign key (component_id) 
       references components
10:25:38.315 [main] DEBUG org.hibernate.SQL - 
    alter table if exists task_components 
       add constraint FKjvcgnyl1ttc41nv55hjvnnft1 
       foreign key (task_id) 
       references tasks
Hibernate: 
    alter table if exists task_components 
       add constraint FKjvcgnyl1ttc41nv55hjvnnft1 
       foreign key (task_id) 
       references tasks
10:25:38.315 [main] DEBUG org.hibernate.SQL - 
    alter table if exists task_dependencies 
       add constraint FKnwfxktx9emcwsylqofad5cxbx 
       foreign key (dependency_id) 
       references tasks
Hibernate: 
    alter table if exists task_dependencies 
       add constraint FKnwfxktx9emcwsylqofad5cxbx 
       foreign key (dependency_id) 
       references tasks
10:25:38.316 [main] DEBUG org.hibernate.SQL - 
    alter table if exists task_dependencies 
       add constraint FKerlktvi2bud6uauih348u0loj 
       foreign key (task_id) 
       references tasks
Hibernate: 
    alter table if exists task_dependencies 
       add constraint FKerlktvi2bud6uauih348u0loj 
       foreign key (task_id) 
       references tasks
10:25:38.316 [main] DEBUG org.hibernate.SQL - 
    alter table if exists tasks 
       add constraint FKsfhn82y57i3k9uxww1s007acc 
       foreign key (project_id) 
       references projects
Hibernate: 
    alter table if exists tasks 
       add constraint FKsfhn82y57i3k9uxww1s007acc 
       foreign key (project_id) 
       references projects
10:25:38.316 [main] DEBUG org.hibernate.SQL - 
    alter table if exists tasks 
       add constraint FK3tj2dchxxvxu2te3uwgjakx76 
       foreign key (subsystem_id) 
       references subsystems
Hibernate: 
    alter table if exists tasks 
       add constraint FK3tj2dchxxvxu2te3uwgjakx76 
       foreign key (subsystem_id) 
       references subsystems
10:25:38.318 [main] DEBUG org.hibernate.SQL - 
    alter table if exists team_members 
       add constraint FKnjkvjfudwwytv2aiuha5wyvqx 
       foreign key (subteam_id) 
       references subteams
Hibernate: 
    alter table if exists team_members 
       add constraint FKnjkvjfudwwytv2aiuha5wyvqx 
       foreign key (subteam_id) 
       references subteams
10:25:38.319 [main] DEBUG org.hibernate.internal.SessionFactoryRegistry - Registering SessionFactory: 8a868242-44c2-43ea-8a16-ee491f438ec8 (<unnamed>)
10:25:38.319 [main] DEBUG org.hibernate.internal.SessionFactoryRegistry - Not binding SessionFactory to JNDI, no JNDI name configured
10:25:38.319 [main] DEBUG org.hibernate.internal.SessionFactoryImpl - Instantiated SessionFactory
10:25:38.320 [main] DEBUG org.hibernate.stat.internal.StatisticsInitiator - Statistics initialized [enabled=true]
10:25:38.320 [main] DEBUG org.hibernate.orm.query.hql - HQL : SELECT COUNT(e) FROM Project e
10:25:38.320 [main] DEBUG org.hibernate.orm.query.hql.reservedWordAsIdentifier - Encountered use of reserved word as identifier : (
10:25:38.320 [main] DEBUG org.hibernate.orm.query.sqm.ast - SqmStatement Tree :
    -> [select]
      -> [query-spec]
        -> [select]
          -> [selection]
          <- [selection]
        <- [select]
        -> [from]
          -> [root] - `org.frcpm.models.Project(e)`
          <- [root] - `org.frcpm.models.Project(e)`
        <- [from]
      <- [query-spec]
    <- [select]

10:25:38.320 [main] DEBUG org.hibernate.orm.sql.ast.create - Created new SQL alias : p1_0
10:25:38.320 [main] DEBUG org.hibernate.orm.sql.ast.create - Registration of TableGroup [StandardTableGroup(org.frcpm.models.Project(e))] with identifierForTableGroup [org.frcpm.models.Project] for NavigablePath [org.frcpm.models.Project] 
10:25:38.320 [main] DEBUG org.hibernate.orm.results.graph.AST - DomainResult Graph:
 \-BasicResult

10:25:38.320 [main] DEBUG org.hibernate.orm.sql.ast.tree - SQL AST Tree:
    SelectStatement {
      FromClause {
        StandardTableGroup (p1 : org.frcpm.models.Project(e)) {
          primaryTableReference : projects as p1_0
        }
      }
    }

10:25:38.320 [main] DEBUG org.hibernate.orm.sql.exec - Skipping reading Query result cache data: cache-enabled = false, cache-mode = NORMAL
10:25:38.321 [main] DEBUG org.hibernate.orm.results - Initializer list is empty
10:25:38.321 [main] DEBUG org.hibernate.SQL - 
    /* SELECT
        COUNT(e) 
    FROM
        Project e */ select
            count(p1_0.id) 
        from
            projects p1_0
Hibernate: 
    /* SELECT
        COUNT(e) 
    FROM
        Project e */ select
            count(p1_0.id) 
        from
            projects p1_0
10:25:38.321 [main] DEBUG org.hibernate.orm.results.loading - Calling top-level assembler (0 / 1) : org.hibernate.sql.results.graph.basic.BasicResultAssembler@6fa272be
10:25:38.321 [main] DEBUG org.hibernate.orm.results - Extracted JDBC value [0] - [0]
10:25:38.321 [main] DEBUG org.hibernate.stat.internal.StatisticsImpl - HHH000117: HQL: SELECT COUNT(e) FROM Project e, time: 0ms, rows: 1
10:25:38.321 [main] DEBUG org.hibernate.resource.jdbc.internal.LogicalConnectionManagedImpl - Initiating JDBC connection release from afterTransaction
10:25:38.321 [main] DEBUG org.hibernate.resource.jdbc.internal.LogicalConnectionManagedImpl - Initiating JDBC connection release from afterTransaction
10:25:38.321 [main] DEBUG org.hibernate.orm.query.hql - HQL : SELECT COUNT(e) FROM Task e
10:25:38.321 [main] DEBUG org.hibernate.orm.query.hql.reservedWordAsIdentifier - Encountered use of reserved word as identifier : (
10:25:38.322 [main] DEBUG org.hibernate.orm.query.sqm.ast - SqmStatement Tree :
    -> [select]
      -> [query-spec]
        -> [select]
          -> [selection]
          <- [selection]
        <- [select]
        -> [from]
          -> [root] - `org.frcpm.models.Task(e)`
          <- [root] - `org.frcpm.models.Task(e)`
        <- [from]
      <- [query-spec]
    <- [select]

10:25:38.322 [main] DEBUG org.hibernate.orm.sql.ast.create - Created new SQL alias : t1_0
10:25:38.322 [main] DEBUG org.hibernate.orm.sql.ast.create - Registration of TableGroup [StandardTableGroup(org.frcpm.models.Task(e))] with identifierForTableGroup [org.frcpm.models.Task] for NavigablePath [org.frcpm.models.Task] 
10:25:38.322 [main] DEBUG org.hibernate.orm.results.graph.AST - DomainResult Graph:
 \-BasicResult

10:25:38.322 [main] DEBUG org.hibernate.orm.sql.ast.tree - SQL AST Tree:
    SelectStatement {
      FromClause {
        StandardTableGroup (t1 : org.frcpm.models.Task(e)) {
          primaryTableReference : tasks as t1_0
        }
      }
    }

10:25:38.322 [main] DEBUG org.hibernate.orm.sql.exec - Skipping reading Query result cache data: cache-enabled = false, cache-mode = NORMAL
10:25:38.322 [main] DEBUG org.hibernate.orm.results - Initializer list is empty
10:25:38.322 [main] DEBUG org.hibernate.SQL - 
    /* SELECT
        COUNT(e) 
    FROM
        Task e */ select
            count(t1_0.id) 
        from
            tasks t1_0
Hibernate: 
    /* SELECT
        COUNT(e) 
    FROM
        Task e */ select
            count(t1_0.id) 
        from
            tasks t1_0
10:25:38.322 [main] DEBUG org.hibernate.orm.results.loading - Calling top-level assembler (0 / 1) : org.hibernate.sql.results.graph.basic.BasicResultAssembler@4a2cd0dc
10:25:38.322 [main] DEBUG org.hibernate.orm.results - Extracted JDBC value [0] - [0]
10:25:38.322 [main] DEBUG org.hibernate.stat.internal.StatisticsImpl - HHH000117: HQL: SELECT COUNT(e) FROM Task e, time: 0ms, rows: 1
10:25:38.322 [main] DEBUG org.hibernate.resource.jdbc.internal.LogicalConnectionManagedImpl - Initiating JDBC connection release from afterTransaction
10:25:38.322 [main] DEBUG org.hibernate.resource.jdbc.internal.LogicalConnectionManagedImpl - Initiating JDBC connection release from afterTransaction
10:25:38.322 [main] DEBUG org.hibernate.orm.query.hql - HQL : SELECT COUNT(e) FROM TeamMember e
10:25:38.322 [main] DEBUG org.hibernate.orm.query.hql.reservedWordAsIdentifier - Encountered use of reserved word as identifier : (
10:25:38.323 [main] DEBUG org.hibernate.orm.query.sqm.ast - SqmStatement Tree :
    -> [select]
      -> [query-spec]
        -> [select]
          -> [selection]
          <- [selection]
        <- [select]
        -> [from]
          -> [root] - `org.frcpm.models.TeamMember(e)`
          <- [root] - `org.frcpm.models.TeamMember(e)`
        <- [from]
      <- [query-spec]
    <- [select]

10:25:38.323 [main] DEBUG org.hibernate.orm.sql.ast.create - Created new SQL alias : tm1_0
10:25:38.323 [main] DEBUG org.hibernate.orm.sql.ast.create - Registration of TableGroup [StandardTableGroup(org.frcpm.models.TeamMember(e))] with identifierForTableGroup [org.frcpm.models.TeamMember] for NavigablePath [org.frcpm.models.TeamMember] 
10:25:38.323 [main] DEBUG org.hibernate.orm.results.graph.AST - DomainResult Graph:
 \-BasicResult

10:25:38.323 [main] DEBUG org.hibernate.orm.sql.ast.tree - SQL AST Tree:
    SelectStatement {
      FromClause {
        StandardTableGroup (tm1 : org.frcpm.models.TeamMember(e)) {
          primaryTableReference : team_members as tm1_0
        }
      }
    }

10:25:38.323 [main] DEBUG org.hibernate.orm.sql.exec - Skipping reading Query result cache data: cache-enabled = false, cache-mode = NORMAL
10:25:38.323 [main] DEBUG org.hibernate.orm.results - Initializer list is empty
10:25:38.323 [main] DEBUG org.hibernate.SQL - 
    /* SELECT
        COUNT(e) 
    FROM
        TeamMember e */ select
            count(tm1_0.id) 
        from
            team_members tm1_0
Hibernate: 
    /* SELECT
        COUNT(e) 
    FROM
        TeamMember e */ select
            count(tm1_0.id) 
        from
            team_members tm1_0
10:25:38.323 [main] DEBUG org.hibernate.orm.results.loading - Calling top-level assembler (0 / 1) : org.hibernate.sql.results.graph.basic.BasicResultAssembler@7bc6a8a0
10:25:38.323 [main] DEBUG org.hibernate.orm.results - Extracted JDBC value [0] - [0]
10:25:38.323 [main] DEBUG org.hibernate.stat.internal.StatisticsImpl - HHH000117: HQL: SELECT COUNT(e) FROM TeamMember e, time: 0ms, rows: 1
10:25:38.323 [main] DEBUG org.hibernate.resource.jdbc.internal.LogicalConnectionManagedImpl - Initiating JDBC connection release from afterTransaction
10:25:38.323 [main] DEBUG org.hibernate.resource.jdbc.internal.LogicalConnectionManagedImpl - Initiating JDBC connection release from afterTransaction
10:25:38.323 [main] DEBUG org.hibernate.orm.query.hql - HQL : SELECT COUNT(e) FROM Subteam e
10:25:38.324 [main] DEBUG org.hibernate.orm.query.hql.reservedWordAsIdentifier - Encountered use of reserved word as identifier : (
10:25:38.324 [main] DEBUG org.hibernate.orm.query.sqm.ast - SqmStatement Tree :
    -> [select]
      -> [query-spec]
        -> [select]
          -> [selection]
          <- [selection]
        <- [select]
        -> [from]
          -> [root] - `org.frcpm.models.Subteam(e)`
          <- [root] - `org.frcpm.models.Subteam(e)`
        <- [from]
      <- [query-spec]
    <- [select]

10:25:38.324 [main] DEBUG org.hibernate.orm.sql.ast.create - Created new SQL alias : s1_0
10:25:38.324 [main] DEBUG org.hibernate.orm.sql.ast.create - Registration of TableGroup [StandardTableGroup(org.frcpm.models.Subteam(e))] with identifierForTableGroup [org.frcpm.models.Subteam] for NavigablePath [org.frcpm.models.Subteam] 
10:25:38.324 [main] DEBUG org.hibernate.orm.results.graph.AST - DomainResult Graph:
 \-BasicResult

10:25:38.324 [main] DEBUG org.hibernate.orm.sql.ast.tree - SQL AST Tree:
    SelectStatement {
      FromClause {
        StandardTableGroup (s1 : org.frcpm.models.Subteam(e)) {
          primaryTableReference : subteams as s1_0
        }
      }
    }

10:25:38.324 [main] DEBUG org.hibernate.orm.sql.exec - Skipping reading Query result cache data: cache-enabled = false, cache-mode = NORMAL
10:25:38.324 [main] DEBUG org.hibernate.orm.results - Initializer list is empty
10:25:38.324 [main] DEBUG org.hibernate.SQL - 
    /* SELECT
        COUNT(e) 
    FROM
        Subteam e */ select
            count(s1_0.id) 
        from
            subteams s1_0
Hibernate: 
    /* SELECT
        COUNT(e) 
    FROM
        Subteam e */ select
            count(s1_0.id) 
        from
            subteams s1_0
10:25:38.324 [main] DEBUG org.hibernate.orm.results.loading - Calling top-level assembler (0 / 1) : org.hibernate.sql.results.graph.basic.BasicResultAssembler@1f683704
10:25:38.324 [main] DEBUG org.hibernate.orm.results - Extracted JDBC value [0] - [0]
10:25:38.324 [main] DEBUG org.hibernate.stat.internal.StatisticsImpl - HHH000117: HQL: SELECT COUNT(e) FROM Subteam e, time: 0ms, rows: 1
10:25:38.324 [main] DEBUG org.hibernate.resource.jdbc.internal.LogicalConnectionManagedImpl - Initiating JDBC connection release from afterTransaction
10:25:38.324 [main] DEBUG org.hibernate.resource.jdbc.internal.LogicalConnectionManagedImpl - Initiating JDBC connection release from afterTransaction
10:25:38.324 [main] DEBUG org.hibernate.orm.query.hql - HQL : SELECT COUNT(e) FROM Subsystem e
10:25:38.324 [main] DEBUG org.hibernate.orm.query.hql.reservedWordAsIdentifier - Encountered use of reserved word as identifier : (
10:25:38.324 [main] DEBUG org.hibernate.orm.query.sqm.ast - SqmStatement Tree :
    -> [select]
      -> [query-spec]
        -> [select]
          -> [selection]
          <- [selection]
        <- [select]
        -> [from]
          -> [root] - `org.frcpm.models.Subsystem(e)`
          <- [root] - `org.frcpm.models.Subsystem(e)`
        <- [from]
      <- [query-spec]
    <- [select]

10:25:38.324 [main] DEBUG org.hibernate.orm.sql.ast.create - Created new SQL alias : s1_0
10:25:38.324 [main] DEBUG org.hibernate.orm.sql.ast.create - Registration of TableGroup [StandardTableGroup(org.frcpm.models.Subsystem(e))] with identifierForTableGroup [org.frcpm.models.Subsystem] for NavigablePath [org.frcpm.models.Subsystem] 
10:25:38.324 [main] DEBUG org.hibernate.orm.results.graph.AST - DomainResult Graph:
 \-BasicResult

10:25:38.324 [main] DEBUG org.hibernate.orm.sql.ast.tree - SQL AST Tree:
    SelectStatement {
      FromClause {
        StandardTableGroup (s1 : org.frcpm.models.Subsystem(e)) {
          primaryTableReference : subsystems as s1_0
        }
      }
    }

10:25:38.324 [main] DEBUG org.hibernate.orm.sql.exec - Skipping reading Query result cache data: cache-enabled = false, cache-mode = NORMAL
10:25:38.324 [main] DEBUG org.hibernate.orm.results - Initializer list is empty
10:25:38.324 [main] DEBUG org.hibernate.SQL - 
    /* SELECT
        COUNT(e) 
    FROM
        Subsystem e */ select
            count(s1_0.id) 
        from
            subsystems s1_0
Hibernate: 
    /* SELECT
        COUNT(e) 
    FROM
        Subsystem e */ select
            count(s1_0.id) 
        from
            subsystems s1_0
10:25:38.324 [main] DEBUG org.hibernate.orm.results.loading - Calling top-level assembler (0 / 1) : org.hibernate.sql.results.graph.basic.BasicResultAssembler@38d4c711
10:25:38.324 [main] DEBUG org.hibernate.orm.results - Extracted JDBC value [0] - [0]
10:25:38.324 [main] DEBUG org.hibernate.stat.internal.StatisticsImpl - HHH000117: HQL: SELECT COUNT(e) FROM Subsystem e, time: 0ms, rows: 1
10:25:38.324 [main] DEBUG org.hibernate.resource.jdbc.internal.LogicalConnectionManagedImpl - Initiating JDBC connection release from afterTransaction
10:25:38.324 [main] DEBUG org.hibernate.resource.jdbc.internal.LogicalConnectionManagedImpl - Initiating JDBC connection release from afterTransaction
10:25:38.324 [main] DEBUG org.hibernate.orm.query.hql - HQL : SELECT COUNT(e) FROM Component e
10:25:38.324 [main] DEBUG org.hibernate.orm.query.hql.reservedWordAsIdentifier - Encountered use of reserved word as identifier : (
10:25:38.325 [main] DEBUG org.hibernate.orm.query.sqm.ast - SqmStatement Tree :
    -> [select]
      -> [query-spec]
        -> [select]
          -> [selection]
          <- [selection]
        <- [select]
        -> [from]
          -> [root] - `org.frcpm.models.Component(e)`
          <- [root] - `org.frcpm.models.Component(e)`
        <- [from]
      <- [query-spec]
    <- [select]

10:25:38.325 [main] DEBUG org.hibernate.orm.sql.ast.create - Created new SQL alias : c1_0
10:25:38.325 [main] DEBUG org.hibernate.orm.sql.ast.create - Registration of TableGroup [StandardTableGroup(org.frcpm.models.Component(e))] with identifierForTableGroup [org.frcpm.models.Component] for NavigablePath [org.frcpm.models.Component] 
10:25:38.325 [main] DEBUG org.hibernate.orm.results.graph.AST - DomainResult Graph:
 \-BasicResult

10:25:38.325 [main] DEBUG org.hibernate.orm.sql.ast.tree - SQL AST Tree:
    SelectStatement {
      FromClause {
        StandardTableGroup (c1 : org.frcpm.models.Component(e)) {
          primaryTableReference : components as c1_0
        }
      }
    }

10:25:38.325 [main] DEBUG org.hibernate.orm.sql.exec - Skipping reading Query result cache data: cache-enabled = false, cache-mode = NORMAL
10:25:38.325 [main] DEBUG org.hibernate.orm.results - Initializer list is empty
10:25:38.325 [main] DEBUG org.hibernate.SQL - 
    /* SELECT
        COUNT(e) 
    FROM
        Component e */ select
            count(c1_0.id) 
        from
            components c1_0
Hibernate: 
    /* SELECT
        COUNT(e) 
    FROM
        Component e */ select
            count(c1_0.id) 
        from
            components c1_0
10:25:38.325 [main] DEBUG org.hibernate.orm.results.loading - Calling top-level assembler (0 / 1) : org.hibernate.sql.results.graph.basic.BasicResultAssembler@53897b1f
10:25:38.325 [main] DEBUG org.hibernate.orm.results - Extracted JDBC value [0] - [0]
10:25:38.325 [main] DEBUG org.hibernate.stat.internal.StatisticsImpl - HHH000117: HQL: SELECT COUNT(e) FROM Component e, time: 0ms, rows: 1
10:25:38.325 [main] DEBUG org.hibernate.resource.jdbc.internal.LogicalConnectionManagedImpl - Initiating JDBC connection release from afterTransaction
10:25:38.325 [main] DEBUG org.hibernate.resource.jdbc.internal.LogicalConnectionManagedImpl - Initiating JDBC connection release from afterTransaction
10:25:38.325 [main] DEBUG org.hibernate.orm.query.hql - HQL : SELECT COUNT(e) FROM Meeting e
10:25:38.325 [main] DEBUG org.hibernate.orm.query.hql.reservedWordAsIdentifier - Encountered use of reserved word as identifier : (
10:25:38.325 [main] DEBUG org.hibernate.orm.query.sqm.ast - SqmStatement Tree :
    -> [select]
      -> [query-spec]
        -> [select]
          -> [selection]
          <- [selection]
        <- [select]
        -> [from]
          -> [root] - `org.frcpm.models.Meeting(e)`
          <- [root] - `org.frcpm.models.Meeting(e)`
        <- [from]
      <- [query-spec]
    <- [select]

10:25:38.325 [main] DEBUG org.hibernate.orm.sql.ast.create - Created new SQL alias : m1_0
10:25:38.325 [main] DEBUG org.hibernate.orm.sql.ast.create - Registration of TableGroup [StandardTableGroup(org.frcpm.models.Meeting(e))] with identifierForTableGroup [org.frcpm.models.Meeting] for NavigablePath [org.frcpm.models.Meeting] 
10:25:38.325 [main] DEBUG org.hibernate.orm.results.graph.AST - DomainResult Graph:
 \-BasicResult

10:25:38.325 [main] DEBUG org.hibernate.orm.sql.ast.tree - SQL AST Tree:
    SelectStatement {
      FromClause {
        StandardTableGroup (m1 : org.frcpm.models.Meeting(e)) {
          primaryTableReference : meetings as m1_0
        }
      }
    }

10:25:38.325 [main] DEBUG org.hibernate.orm.sql.exec - Skipping reading Query result cache data: cache-enabled = false, cache-mode = NORMAL
10:25:38.325 [main] DEBUG org.hibernate.orm.results - Initializer list is empty
10:25:38.325 [main] DEBUG org.hibernate.SQL - 
    /* SELECT
        COUNT(e) 
    FROM
        Meeting e */ select
            count(m1_0.id) 
        from
            meetings m1_0
Hibernate: 
    /* SELECT
        COUNT(e) 
    FROM
        Meeting e */ select
            count(m1_0.id) 
        from
            meetings m1_0
10:25:38.325 [main] DEBUG org.hibernate.orm.results.loading - Calling top-level assembler (0 / 1) : org.hibernate.sql.results.graph.basic.BasicResultAssembler@46423e57
10:25:38.325 [main] DEBUG org.hibernate.orm.results - Extracted JDBC value [0] - [0]
10:25:38.325 [main] DEBUG org.hibernate.stat.internal.StatisticsImpl - HHH000117: HQL: SELECT COUNT(e) FROM Meeting e, time: 0ms, rows: 1
10:25:38.325 [main] DEBUG org.hibernate.resource.jdbc.internal.LogicalConnectionManagedImpl - Initiating JDBC connection release from afterTransaction
10:25:38.325 [main] DEBUG org.hibernate.resource.jdbc.internal.LogicalConnectionManagedImpl - Initiating JDBC connection release from afterTransaction
10:25:38.325 [main] DEBUG org.hibernate.orm.query.hql - HQL : SELECT COUNT(e) FROM Attendance e
10:25:38.325 [main] DEBUG org.hibernate.orm.query.hql.reservedWordAsIdentifier - Encountered use of reserved word as identifier : (
10:25:38.325 [main] DEBUG org.hibernate.orm.query.sqm.ast - SqmStatement Tree :
    -> [select]
      -> [query-spec]
        -> [select]
          -> [selection]
          <- [selection]
        <- [select]
        -> [from]
          -> [root] - `org.frcpm.models.Attendance(e)`
          <- [root] - `org.frcpm.models.Attendance(e)`
        <- [from]
      <- [query-spec]
    <- [select]

10:25:38.325 [main] DEBUG org.hibernate.orm.sql.ast.create - Created new SQL alias : a1_0
10:25:38.325 [main] DEBUG org.hibernate.orm.sql.ast.create - Registration of TableGroup [StandardTableGroup(org.frcpm.models.Attendance(e))] with identifierForTableGroup [org.frcpm.models.Attendance] for NavigablePath [org.frcpm.models.Attendance] 
10:25:38.325 [main] DEBUG org.hibernate.orm.results.graph.AST - DomainResult Graph:
 \-BasicResult

10:25:38.325 [main] DEBUG org.hibernate.orm.sql.ast.tree - SQL AST Tree:
    SelectStatement {
      FromClause {
        StandardTableGroup (a1 : org.frcpm.models.Attendance(e)) {
          primaryTableReference : attendances as a1_0
        }
      }
    }

10:25:38.325 [main] DEBUG org.hibernate.orm.sql.exec - Skipping reading Query result cache data: cache-enabled = false, cache-mode = NORMAL
10:25:38.325 [main] DEBUG org.hibernate.orm.results - Initializer list is empty
10:25:38.325 [main] DEBUG org.hibernate.SQL - 
    /* SELECT
        COUNT(e) 
    FROM
        Attendance e */ select
            count(a1_0.id) 
        from
            attendances a1_0
Hibernate: 
    /* SELECT
        COUNT(e) 
    FROM
        Attendance e */ select
            count(a1_0.id) 
        from
            attendances a1_0
10:25:38.325 [main] DEBUG org.hibernate.orm.results.loading - Calling top-level assembler (0 / 1) : org.hibernate.sql.results.graph.basic.BasicResultAssembler@4f44ee
10:25:38.325 [main] DEBUG org.hibernate.orm.results - Extracted JDBC value [0] - [0]
10:25:38.325 [main] DEBUG org.hibernate.stat.internal.StatisticsImpl - HHH000117: HQL: SELECT COUNT(e) FROM Attendance e, time: 0ms, rows: 1
10:25:38.325 [main] DEBUG org.hibernate.resource.jdbc.internal.LogicalConnectionManagedImpl - Initiating JDBC connection release from afterTransaction
10:25:38.325 [main] DEBUG org.hibernate.resource.jdbc.internal.LogicalConnectionManagedImpl - Initiating JDBC connection release from afterTransaction
10:25:38.326 [main] DEBUG org.hibernate.orm.query.hql - HQL : SELECT COUNT(e) FROM Milestone e
10:25:38.326 [main] DEBUG org.hibernate.orm.query.hql.reservedWordAsIdentifier - Encountered use of reserved word as identifier : (
10:25:38.326 [main] DEBUG org.hibernate.orm.query.sqm.ast - SqmStatement Tree :
    -> [select]
      -> [query-spec]
        -> [select]
          -> [selection]
          <- [selection]
        <- [select]
        -> [from]
          -> [root] - `org.frcpm.models.Milestone(e)`
          <- [root] - `org.frcpm.models.Milestone(e)`
        <- [from]
      <- [query-spec]
    <- [select]

10:25:38.326 [main] DEBUG org.hibernate.orm.sql.ast.create - Created new SQL alias : m1_0
10:25:38.326 [main] DEBUG org.hibernate.orm.sql.ast.create - Registration of TableGroup [StandardTableGroup(org.frcpm.models.Milestone(e))] with identifierForTableGroup [org.frcpm.models.Milestone] for NavigablePath [org.frcpm.models.Milestone] 
10:25:38.326 [main] DEBUG org.hibernate.orm.results.graph.AST - DomainResult Graph:
 \-BasicResult

10:25:38.326 [main] DEBUG org.hibernate.orm.sql.ast.tree - SQL AST Tree:
    SelectStatement {
      FromClause {
        StandardTableGroup (m1 : org.frcpm.models.Milestone(e)) {
          primaryTableReference : milestones as m1_0
        }
      }
    }

10:25:38.326 [main] DEBUG org.hibernate.orm.sql.exec - Skipping reading Query result cache data: cache-enabled = false, cache-mode = NORMAL
10:25:38.326 [main] DEBUG org.hibernate.orm.results - Initializer list is empty
10:25:38.326 [main] DEBUG org.hibernate.SQL - 
    /* SELECT
        COUNT(e) 
    FROM
        Milestone e */ select
            count(m1_0.id) 
        from
            milestones m1_0
Hibernate: 
    /* SELECT
        COUNT(e) 
    FROM
        Milestone e */ select
            count(m1_0.id) 
        from
            milestones m1_0
10:25:38.326 [main] DEBUG org.hibernate.orm.results.loading - Calling top-level assembler (0 / 1) : org.hibernate.sql.results.graph.basic.BasicResultAssembler@1dcd6eb0
10:25:38.326 [main] DEBUG org.hibernate.orm.results - Extracted JDBC value [0] - [0]
10:25:38.326 [main] DEBUG org.hibernate.stat.internal.StatisticsImpl - HHH000117: HQL: SELECT COUNT(e) FROM Milestone e, time: 0ms, rows: 1
10:25:38.326 [main] DEBUG org.hibernate.resource.jdbc.internal.LogicalConnectionManagedImpl - Initiating JDBC connection release from afterTransaction
10:25:38.326 [main] DEBUG org.hibernate.resource.jdbc.internal.LogicalConnectionManagedImpl - Initiating JDBC connection release from afterTransaction
10:25:38.326 [main] DEBUG org.hibernate.orm.query.hql - HQL : SELECT t.title, s.name FROM Task t JOIN t.subsystem s
10:25:38.327 [main] DEBUG org.hibernate.orm.query.sqm.ast - SqmStatement Tree :
    -> [select]
      -> [query-spec]
        -> [select]
          -> [selection]
            -> [basic-path] - `org.frcpm.models.Task(t).title`
          <- [selection]
          -> [selection]
            -> [basic-path] - `org.frcpm.models.Task(t).subsystem(s).name`
          <- [selection]
        <- [select]
        -> [from]
          -> [root] - `org.frcpm.models.Task(t)`
            -> [joins]
              -> [attribute] - `org.frcpm.models.Task(t).subsystem(s)`
                  [fetched = false]
              <- [attribute] - `org.frcpm.models.Task(t).subsystem(s)`
            <- [joins]
          <- [root] - `org.frcpm.models.Task(t)`
        <- [from]
      <- [query-spec]
    <- [select]

10:25:38.327 [main] DEBUG org.hibernate.orm.sql.ast.create - Created new SQL alias : t1_0
10:25:38.327 [main] DEBUG org.hibernate.orm.sql.ast.create - Registration of TableGroup [StandardTableGroup(org.frcpm.models.Task(t))] with identifierForTableGroup [org.frcpm.models.Task] for NavigablePath [org.frcpm.models.Task] 
10:25:38.327 [main] DEBUG org.hibernate.orm.sql.ast.create - Registration of TableGroup [org.hibernate.sql.ast.tree.from.LazyTableGroup@5ed02415] with identifierForTableGroup [org.frcpm.models.Task.subsystem] for NavigablePath [org.frcpm.models.Task.subsystem] 
10:25:38.327 [main] DEBUG org.hibernate.orm.sql.ast.create - Created new SQL alias : s1_0
10:25:38.327 [main] DEBUG org.hibernate.orm.results.graph.AST - DomainResult Graph:
 +-BasicResult [org.frcpm.models.Task(t).title]
 \-BasicResult [org.frcpm.models.Task(t).subsystem(s).name]

10:25:38.327 [main] DEBUG org.hibernate.orm.sql.ast.tree - SQL AST Tree:
    SelectStatement {
      FromClause {
        StandardTableGroup (t1 : org.frcpm.models.Task(t)) {
          primaryTableReference : tasks as t1_0
          TableGroupJoins {
             join LazyTableGroup (s1 : org.frcpm.models.Task(t).subsystem(s)) {
              primaryTableReference : subsystems as s1_0
            }
          }
        }
      }
    }

10:25:38.327 [main] DEBUG org.hibernate.orm.sql.exec - Skipping reading Query result cache data: cache-enabled = false, cache-mode = NORMAL
10:25:38.327 [main] DEBUG org.hibernate.orm.results - Initializer list is empty
10:25:38.327 [main] DEBUG org.hibernate.SQL - 
    /* SELECT
        t.title,
        s.name 
    FROM
        Task t 
    JOIN
        t.subsystem s */ select
            t1_0.title,
            s1_0.name 
        from
            tasks t1_0 
        join
            subsystems s1_0 
                on s1_0.id=t1_0.subsystem_id
Hibernate: 
    /* SELECT
        t.title,
        s.name 
    FROM
        Task t 
    JOIN
        t.subsystem s */ select
            t1_0.title,
            s1_0.name 
        from
            tasks t1_0 
        join
            subsystems s1_0 
                on s1_0.id=t1_0.subsystem_id
10:25:38.327 [main] DEBUG org.hibernate.stat.internal.StatisticsImpl - HHH000117: HQL: SELECT t.title, s.name FROM Task t JOIN t.subsystem s, time: 0ms, rows: 0
10:25:38.327 [main] DEBUG org.hibernate.resource.jdbc.internal.LogicalConnectionManagedImpl - Initiating JDBC connection release from afterTransaction
10:25:38.327 [main] DEBUG org.hibernate.resource.jdbc.internal.LogicalConnectionManagedImpl - Initiating JDBC connection release from afterTransaction
10:25:38.327 [main] DEBUG org.hibernate.orm.query.hql - HQL : SELECT t.title, s.name, p.name FROM Task t JOIN t.subsystem s JOIN t.project p WHERE t.progress > 0 AND t.completed = false
10:25:38.328 [main] DEBUG org.hibernate.orm.query.sqm.ast - SqmStatement Tree :
    -> [select]
      -> [query-spec]
        -> [select]
          -> [selection]
            -> [basic-path] - `org.frcpm.models.Task(t).title`
          <- [selection]
          -> [selection]
            -> [basic-path] - `org.frcpm.models.Task(t).subsystem(s).name`
          <- [selection]
          -> [selection]
            -> [basic-path] - `org.frcpm.models.Task(t).project(p).name`
          <- [selection]
        <- [select]
        -> [from]
          -> [root] - `org.frcpm.models.Task(t)`
            -> [joins]
              -> [attribute] - `org.frcpm.models.Task(t).subsystem(s)`
                  [fetched = false]
              <- [attribute] - `org.frcpm.models.Task(t).subsystem(s)`
              -> [attribute] - `org.frcpm.models.Task(t).project(p)`
                  [fetched = false]
              <- [attribute] - `org.frcpm.models.Task(t).project(p)`
            <- [joins]
          <- [root] - `org.frcpm.models.Task(t)`
        <- [from]
        -> [where]
          -> [and]
            -> [GREATER_THAN]
                -> [basic-path] - `org.frcpm.models.Task(t).progress`
            <- [GREATER_THAN]
            -> [EQUAL]
                -> [basic-path] - `org.frcpm.models.Task(t).completed`
            <- [EQUAL]
          <- [and]
        <- [where]
      <- [query-spec]
    <- [select]

10:25:38.328 [main] DEBUG org.hibernate.orm.sql.ast.create - Created new SQL alias : t1_0
10:25:38.328 [main] DEBUG org.hibernate.orm.sql.ast.create - Registration of TableGroup [StandardTableGroup(org.frcpm.models.Task(t))] with identifierForTableGroup [org.frcpm.models.Task] for NavigablePath [org.frcpm.models.Task] 
10:25:38.328 [main] DEBUG org.hibernate.orm.sql.ast.create - Registration of TableGroup [org.hibernate.sql.ast.tree.from.LazyTableGroup@9e136df] with identifierForTableGroup [org.frcpm.models.Task.subsystem] for NavigablePath [org.frcpm.models.Task.subsystem] 
10:25:38.328 [main] DEBUG org.hibernate.orm.sql.ast.create - Registration of TableGroup [org.hibernate.sql.ast.tree.from.LazyTableGroup@d77c2a3] with identifierForTableGroup [org.frcpm.models.Task.project] for NavigablePath [org.frcpm.models.Task.project] 
10:25:38.328 [main] DEBUG org.hibernate.orm.sql.ast.create - Created new SQL alias : s1_0
10:25:38.328 [main] DEBUG org.hibernate.orm.sql.ast.create - Created new SQL alias : p1_0
10:25:38.328 [main] DEBUG org.hibernate.query.sqm.sql.BaseSqmToSqlAstConverter - Determining mapping-model type for SqmPath : SqmBasicValuedSimplePath(org.frcpm.models.Task(t).progress) 
10:25:38.328 [main] DEBUG org.hibernate.query.sqm.sql.BaseSqmToSqlAstConverter - Determining mapping-model type for SqmPath : SqmBasicValuedSimplePath(org.frcpm.models.Task(t).completed) 
10:25:38.328 [main] DEBUG org.hibernate.orm.results.graph.AST - DomainResult Graph:
 +-BasicResult [org.frcpm.models.Task(t).title]
 +-BasicResult [org.frcpm.models.Task(t).subsystem(s).name]
 \-BasicResult [org.frcpm.models.Task(t).project(p).name]

10:25:38.328 [main] DEBUG org.hibernate.orm.sql.ast.tree - SQL AST Tree:
    SelectStatement {
      FromClause {
        StandardTableGroup (t1 : org.frcpm.models.Task(t)) {
          primaryTableReference : tasks as t1_0
          TableGroupJoins {
             join LazyTableGroup (s1 : org.frcpm.models.Task(t).subsystem(s)) {
              primaryTableReference : subsystems as s1_0
            }
             join LazyTableGroup (p1 : org.frcpm.models.Task(t).project(p)) {
              primaryTableReference : projects as p1_0
            }
          }
        }
      }
    }

10:25:38.328 [main] DEBUG org.hibernate.orm.sql.exec - Skipping reading Query result cache data: cache-enabled = false, cache-mode = NORMAL
10:25:38.328 [main] DEBUG org.hibernate.orm.results - Initializer list is empty
10:25:38.328 [main] DEBUG org.hibernate.SQL - 
    /* SELECT
        t.title,
        s.name,
        p.name 
    FROM
        Task t 
    JOIN
        t.subsystem s 
    JOIN
        t.project p 
    WHERE
        t.progress > 0 
        AND t.completed = false */ select
            t1_0.title,
            s1_0.name,
            p1_0.name 
        from
            tasks t1_0 
        join
            subsystems s1_0 
                on s1_0.id=t1_0.subsystem_id 
        join
            projects p1_0 
                on p1_0.id=t1_0.project_id 
        where
            t1_0.progress>0 
            and t1_0.completed=false
Hibernate: 
    /* SELECT
        t.title,
        s.name,
        p.name 
    FROM
        Task t 
    JOIN
        t.subsystem s 
    JOIN
        t.project p 
    WHERE
        t.progress > 0 
        AND t.completed = false */ select
            t1_0.title,
            s1_0.name,
            p1_0.name 
        from
            tasks t1_0 
        join
            subsystems s1_0 
                on s1_0.id=t1_0.subsystem_id 
        join
            projects p1_0 
                on p1_0.id=t1_0.project_id 
        where
            t1_0.progress>0 
            and t1_0.completed=false
10:25:38.329 [main] DEBUG org.hibernate.stat.internal.StatisticsImpl - HHH000117: HQL: SELECT t.title, s.name, p.name FROM Task t JOIN t.subsystem s JOIN t.project p WHERE t.progress > 0 AND t.completed = false, time: 0ms, rows: 0
10:25:38.329 [main] DEBUG org.hibernate.resource.jdbc.internal.LogicalConnectionManagedImpl - Initiating JDBC connection release from afterTransaction
10:25:38.329 [main] DEBUG org.hibernate.resource.jdbc.internal.LogicalConnectionManagedImpl - Initiating JDBC connection release from afterTransaction
10:25:38.329 [main] DEBUG org.hibernate.orm.query.hql - HQL : SELECT s.name, COUNT(t) FROM Task t JOIN t.subsystem s GROUP BY s.name
10:25:38.329 [main] DEBUG org.hibernate.orm.query.hql.reservedWordAsIdentifier - Encountered use of reserved word as identifier : (
10:25:38.329 [main] DEBUG org.hibernate.orm.query.sqm.ast - SqmStatement Tree :
    -> [select]
      -> [query-spec]
        -> [select]
          -> [selection]
            -> [basic-path] - `org.frcpm.models.Task(t).subsystem(s).name`
          <- [selection]
          -> [selection]
          <- [selection]
        <- [select]
        -> [from]
          -> [root] - `org.frcpm.models.Task(t)`
            -> [joins]
              -> [attribute] - `org.frcpm.models.Task(t).subsystem(s)`
                  [fetched = false]
              <- [attribute] - `org.frcpm.models.Task(t).subsystem(s)`
            <- [joins]
          <- [root] - `org.frcpm.models.Task(t)`
        <- [from]
        -> [group-by]
          -> [basic-path] - `org.frcpm.models.Task(t).subsystem(s).name`
        <- [group-by]
      <- [query-spec]
    <- [select]

10:25:38.329 [main] DEBUG org.hibernate.orm.sql.ast.create - Created new SQL alias : t1_0
10:25:38.329 [main] DEBUG org.hibernate.orm.sql.ast.create - Registration of TableGroup [StandardTableGroup(org.frcpm.models.Task(t))] with identifierForTableGroup [org.frcpm.models.Task] for NavigablePath [org.frcpm.models.Task] 
10:25:38.329 [main] DEBUG org.hibernate.orm.sql.ast.create - Registration of TableGroup [org.hibernate.sql.ast.tree.from.LazyTableGroup@1ba6d732] with identifierForTableGroup [org.frcpm.models.Task.subsystem] for NavigablePath [org.frcpm.models.Task.subsystem] 
10:25:38.329 [main] DEBUG org.hibernate.orm.sql.ast.create - Created new SQL alias : s1_0
10:25:38.329 [main] DEBUG org.hibernate.orm.results.graph.AST - DomainResult Graph:
 +-BasicResult [org.frcpm.models.Task(t).subsystem(s).name]
 \-BasicResult

10:25:38.329 [main] DEBUG org.hibernate.orm.sql.ast.tree - SQL AST Tree:
    SelectStatement {
      FromClause {
        StandardTableGroup (t1 : org.frcpm.models.Task(t)) {
          primaryTableReference : tasks as t1_0
          TableGroupJoins {
             join LazyTableGroup (s1 : org.frcpm.models.Task(t).subsystem(s)) {
              primaryTableReference : subsystems as s1_0
            }
          }
        }
      }
    }

10:25:38.329 [main] DEBUG org.hibernate.orm.sql.exec - Skipping reading Query result cache data: cache-enabled = false, cache-mode = NORMAL
10:25:38.330 [main] DEBUG org.hibernate.orm.results - Initializer list is empty
10:25:38.330 [main] DEBUG org.hibernate.SQL - 
    /* SELECT
        s.name,
        COUNT(t) 
    FROM
        Task t 
    JOIN
        t.subsystem s 
    GROUP BY
        s.name */ select
            s1_0.name,
            count(t1_0.id) 
        from
            tasks t1_0 
        join
            subsystems s1_0 
                on s1_0.id=t1_0.subsystem_id 
        group by
            s1_0.name
Hibernate: 
    /* SELECT
        s.name,
        COUNT(t) 
    FROM
        Task t 
    JOIN
        t.subsystem s 
    GROUP BY
        s.name */ select
            s1_0.name,
            count(t1_0.id) 
        from
            tasks t1_0 
        join
            subsystems s1_0 
                on s1_0.id=t1_0.subsystem_id 
        group by
            s1_0.name
10:25:38.330 [main] DEBUG org.hibernate.stat.internal.StatisticsImpl - HHH000117: HQL: SELECT s.name, COUNT(t) FROM Task t JOIN t.subsystem s GROUP BY s.name, time: 0ms, rows: 0
10:25:38.330 [main] DEBUG org.hibernate.resource.jdbc.internal.LogicalConnectionManagedImpl - Initiating JDBC connection release from afterTransaction
10:25:38.330 [main] DEBUG org.hibernate.resource.jdbc.internal.LogicalConnectionManagedImpl - Initiating JDBC connection release from afterTransaction
10:25:38.330 [main] DEBUG org.hibernate.orm.query.hql - HQL : SELECT m.name FROM Milestone m WHERE m.project IN (SELECT p FROM Project p WHERE p.name LIKE '%FRC%')
10:25:38.352 [main] DEBUG org.hibernate.orm.query.sqm.ast - SqmStatement Tree :
    -> [select]
      -> [query-spec]
        -> [select]
          -> [selection]
            -> [basic-path] - `org.frcpm.models.Milestone(m).name`
          <- [selection]
        <- [select]
        -> [from]
          -> [root] - `org.frcpm.models.Milestone(m)`
          <- [root] - `org.frcpm.models.Milestone(m)`
        <- [from]
        -> [where]
        <- [where]
      <- [query-spec]
    <- [select]

10:25:38.352 [main] DEBUG org.hibernate.orm.sql.ast.create - Created new SQL alias : m1_0
10:25:38.352 [main] DEBUG org.hibernate.orm.sql.ast.create - Registration of TableGroup [StandardTableGroup(org.frcpm.models.Milestone(m))] with identifierForTableGroup [org.frcpm.models.Milestone] for NavigablePath [org.frcpm.models.Milestone] 
10:25:38.352 [main] DEBUG org.hibernate.orm.sql.ast.create - Registration of TableGroup [org.hibernate.sql.ast.tree.from.LazyTableGroup@7d5f3d8f] with identifierForTableGroup [org.frcpm.models.Milestone.project] for NavigablePath [org.frcpm.models.Milestone.project] 
10:25:38.354 [FRC-PM-HikariCP housekeeper] DEBUG com.zaxxer.hikari.pool.HikariPool - FRC-PM-HikariCP - Before cleanup stats (total=1, active=0, idle=1, waiting=0)
10:25:38.354 [FRC-PM-HikariCP housekeeper] DEBUG com.zaxxer.hikari.pool.HikariPool - FRC-PM-HikariCP - After cleanup  stats (total=1, active=0, idle=1, waiting=0)
10:25:38.355 [main] DEBUG org.hibernate.query.sqm.sql.BaseSqmToSqlAstConverter - Determining mapping-model type for SqmPath : org.frcpm.models.Project as p 
10:25:38.355 [main] DEBUG org.hibernate.orm.sql.ast.create - Created new SQL alias : p2_0
10:25:38.355 [FRC-PM-HikariCP connection adder] DEBUG com.zaxxer.hikari.pool.HikariPool - FRC-PM-HikariCP - Added connection conn304: url=jdbc:h2:mem:testdb user=SA
10:25:38.355 [main] DEBUG org.hibernate.orm.sql.ast.create - Registration of TableGroup [StandardTableGroup(org.frcpm.models.Project(p))] with identifierForTableGroup [org.frcpm.models.Project] for NavigablePath [org.frcpm.models.Project] 
10:25:38.355 [main] DEBUG org.hibernate.query.sqm.sql.BaseSqmToSqlAstConverter - Determining mapping-model type for SqmPath : SqmEntityValuedSimplePath(org.frcpm.models.Milestone(m).project) 
10:25:38.356 [main] DEBUG org.hibernate.query.sqm.sql.BaseSqmToSqlAstConverter - Determining mapping-model type for SqmPath : SqmBasicValuedSimplePath(org.frcpm.models.Project(p).name) 
10:25:38.356 [main] DEBUG org.hibernate.orm.results.graph.AST - DomainResult Graph:
 \-BasicResult [org.frcpm.models.Milestone(m).name]

10:25:38.356 [main] DEBUG org.hibernate.orm.sql.ast.tree - SQL AST Tree:
    SelectStatement {
      FromClause {
        StandardTableGroup (m1 : org.frcpm.models.Milestone(m)) {
          primaryTableReference : milestones as m1_0
          TableGroupJoins {
             join LazyTableGroup (p1 : org.frcpm.models.Milestone(m).project) {
            }
          }
        }
      }
    }

10:25:38.356 [main] DEBUG org.hibernate.orm.sql.exec - Skipping reading Query result cache data: cache-enabled = false, cache-mode = NORMAL
10:25:38.356 [main] DEBUG org.hibernate.orm.results - Initializer list is empty
10:25:38.356 [main] DEBUG org.hibernate.SQL - 
    /* SELECT
        m.name 
    FROM
        Milestone m 
    WHERE
        m.project IN (SELECT
            p 
        FROM
            Project p 
        WHERE
            p.name LIKE '%FRC%') */ select
            m1_0.name 
        from
            milestones m1_0 
        where
            m1_0.project_id in (select
                p2_0.id 
            from
                projects p2_0 
            where
                p2_0.name like '%FRC%' escape '')
Hibernate: 
    /* SELECT
        m.name 
    FROM
        Milestone m 
    WHERE
        m.project IN (SELECT
            p 
        FROM
            Project p 
        WHERE
            p.name LIKE '%FRC%') */ select
            m1_0.name 
        from
            milestones m1_0 
        where
            m1_0.project_id in (select
                p2_0.id 
            from
                projects p2_0 
            where
                p2_0.name like '%FRC%' escape '')
10:25:38.357 [main] DEBUG org.hibernate.stat.internal.StatisticsImpl - HHH000117: HQL: SELECT m.name FROM Milestone m WHERE m.project IN (SELECT p FROM Project p WHERE p.name LIKE '%FRC%'), time: 0ms, rows: 0
10:25:38.357 [main] DEBUG org.hibernate.resource.jdbc.internal.LogicalConnectionManagedImpl - Initiating JDBC connection release from afterTransaction
10:25:38.357 [main] DEBUG org.hibernate.resource.jdbc.internal.LogicalConnectionManagedImpl - Initiating JDBC connection release from afterTransaction
10:25:38.357 [main] DEBUG org.hibernate.orm.query.hql - HQL : SELECT p FROM Project p WHERE SIZE(p.tasks) > 0
10:25:38.365 [main] DEBUG org.hibernate.orm.query.sqm.ast - SqmStatement Tree :
    -> [select]
      -> [query-spec]
        -> [select]
          -> [selection]
            -> [root] - `org.frcpm.models.Project(p)`
            <- [root] - `org.frcpm.models.Project(p)`
          <- [selection]
        <- [select]
        -> [from]
          -> [root] - `org.frcpm.models.Project(p)`
          <- [root] - `org.frcpm.models.Project(p)`
        <- [from]
        -> [where]
          -> [GREATER_THAN]
          <- [GREATER_THAN]
        <- [where]
      <- [query-spec]
    <- [select]

10:25:38.365 [main] DEBUG org.hibernate.orm.sql.ast.create - Created new SQL alias : p1_0
10:25:38.365 [main] DEBUG org.hibernate.orm.sql.ast.create - Registration of TableGroup [StandardTableGroup(org.frcpm.models.Project(p))] with identifierForTableGroup [org.frcpm.models.Project] for NavigablePath [org.frcpm.models.Project] 
10:25:38.367 [main] DEBUG org.hibernate.orm.sql.ast.create - Created new SQL alias : t1_0
10:25:38.367 [main] DEBUG org.hibernate.orm.sql.ast.create - Registration of TableGroup [org.hibernate.sql.ast.tree.from.OneToManyTableGroup@232a83ea] with identifierForTableGroup [org.frcpm.models.Project.tasks] for NavigablePath [org.frcpm.models.Project.tasks] 
10:25:38.367 [main] DEBUG org.hibernate.orm.sql.ast.create - Registration of TableGroup [StandardTableGroup(org.frcpm.models.Project(p).tasks.{element})] with identifierForTableGroup [org.frcpm.models.Project.tasks.{element}] for NavigablePath [org.frcpm.models.Project.tasks.{element}] 
10:25:38.368 [main] DEBUG org.hibernate.query.sqm.sql.BaseSqmToSqlAstConverter - Determining mapping-model type for generalized SqmExpression : org.hibernate.query.sqm.tree.expression.SqmCollectionSize@6d45a93c
10:25:38.369 [main] DEBUG org.hibernate.orm.results.graph.AST - DomainResult Graph:
 \-EntityResultImpl [org.frcpm.models.Project(p)]
 |  +-BasicFetch [org.frcpm.models.Project(p).description]
 |  +-BasicFetch [org.frcpm.models.Project(p).goalEndDate]
 |  +-BasicFetch [org.frcpm.models.Project(p).hardDeadline]
 |  +-DelayedCollectionFetch [org.frcpm.models.Project(p).meetings]
 |  +-DelayedCollectionFetch [org.frcpm.models.Project(p).milestones]
 |  +-BasicFetch [org.frcpm.models.Project(p).name]
 |  +-BasicFetch [org.frcpm.models.Project(p).startDate]
 |  \-DelayedCollectionFetch [org.frcpm.models.Project(p).tasks]

10:25:38.369 [main] DEBUG org.hibernate.orm.sql.ast.tree - SQL AST Tree:
    SelectStatement {
      FromClause {
        StandardTableGroup (p1 : org.frcpm.models.Project(p)) {
          primaryTableReference : projects as p1_0
        }
      }
    }

10:25:38.369 [main] DEBUG org.hibernate.orm.sql.exec - Skipping reading Query result cache data: cache-enabled = false, cache-mode = NORMAL
10:25:38.369 [main] DEBUG org.hibernate.orm.results - Initializer list:
	  org.frcpm.models.Project(p).meetings -> DelayedCollectionInitializer(org.frcpm.models.Project(p).meetings)@854039205 (PluralAttribute(org.frcpm.models.Project.meetings))
	  org.frcpm.models.Project(p).tasks -> DelayedCollectionInitializer(org.frcpm.models.Project(p).tasks)@991577222 (PluralAttribute(org.frcpm.models.Project.tasks))
	  org.frcpm.models.Project(p) -> EntityResultInitializer(org.frcpm.models.Project(p))@2005380571 (SingleTableEntityPersister(org.frcpm.models.Project))
	  org.frcpm.models.Project(p).milestones -> DelayedCollectionInitializer(org.frcpm.models.Project(p).milestones)@1527545287 (PluralAttribute(org.frcpm.models.Project.milestones))

10:25:38.369 [main] DEBUG org.hibernate.SQL - 
    /* SELECT
        p 
    FROM
        Project p 
    WHERE
        SIZE(p.tasks) > 0 */ select
            p1_0.id,
            p1_0.description,
            p1_0.goal_end_date,
            p1_0.hard_deadline,
            p1_0.name,
            p1_0.start_date 
        from
            projects p1_0 
        where
            (
                select
                    count(1) 
                from
                    tasks t1_0 
                where
                    p1_0.id=t1_0.project_id
            )>0
Hibernate: 
    /* SELECT
        p 
    FROM
        Project p 
    WHERE
        SIZE(p.tasks) > 0 */ select
            p1_0.id,
            p1_0.description,
            p1_0.goal_end_date,
            p1_0.hard_deadline,
            p1_0.name,
            p1_0.start_date 
        from
            projects p1_0 
        where
            (
                select
                    count(1) 
                from
                    tasks t1_0 
                where
                    p1_0.id=t1_0.project_id
            )>0
10:25:38.371 [main] DEBUG org.hibernate.stat.internal.StatisticsImpl - HHH000117: HQL: SELECT p FROM Project p WHERE SIZE(p.tasks) > 0, time: 1ms, rows: 0
10:25:38.371 [main] DEBUG org.hibernate.resource.jdbc.internal.LogicalConnectionManagedImpl - Initiating JDBC connection release from afterTransaction
10:25:38.371 [main] DEBUG org.hibernate.resource.jdbc.internal.LogicalConnectionManagedImpl - Initiating JDBC connection release from afterTransaction
10:25:38.371 [main] INFO org.hibernate.engine.internal.StatisticalLoggingSessionEventListener - Session Metrics {
    65800 nanoseconds spent acquiring 14 JDBC connections;
    37200 nanoseconds spent releasing 14 JDBC connections;
    2779500 nanoseconds spent preparing 14 JDBC statements;
    778100 nanoseconds spent executing 14 JDBC statements;
    0 nanoseconds spent executing 0 JDBC batches;
    0 nanoseconds spent performing 0 L2C puts;
    0 nanoseconds spent performing 0 L2C hits;
    0 nanoseconds spent performing 0 L2C misses;
    0 nanoseconds spent executing 0 flushes (flushing a total of 0 entities and 0 collections);
    0 nanoseconds spent executing 0 pre-partial-flushes;
    0 nanoseconds spent executing 0 partial-flushes (flushing a total of 0 entities and 0 collections)
}
]]></system-out>
    <system-err><![CDATA[Apr 25, 2025 10:25:38 AM org.frcpm.config.DatabaseConfig initialize
INFO: Initializing database configuration...
Apr 25, 2025 10:25:38 AM org.frcpm.config.DatabaseConfig initialize
INFO: Using IN-MEMORY database (development mode)
Apr 25, 2025 10:25:38 AM org.frcpm.config.DatabaseConfig initialize
INFO: Using JDBC URL: jdbc:h2:mem:testdb;DB_CLOSE_DELAY=-1
Apr 25, 2025 10:25:38 AM org.frcpm.config.DatabaseConfig initialize
INFO: Using schema mode: create-drop
Apr 25, 2025 10:25:38 AM org.frcpm.config.DatabaseConfig initialize
INFO: Database configuration initialized successfully in DEVELOPMENT mode
Apr 25, 2025 10:25:38 AM org.frcpm.utils.DatabaseTestUtil testDatabase
INFO: Testing database connection and schema...
Apr 25, 2025 10:25:38 AM org.frcpm.utils.DatabaseTestUtil testDatabase
INFO: Project table exists with 0 records
Apr 25, 2025 10:25:38 AM org.frcpm.utils.DatabaseTestUtil testDatabase
INFO: Task table exists with 0 records
Apr 25, 2025 10:25:38 AM org.frcpm.utils.DatabaseTestUtil testDatabase
INFO: TeamMember table exists with 0 records
Apr 25, 2025 10:25:38 AM org.frcpm.utils.DatabaseTestUtil testDatabase
INFO: Subteam table exists with 0 records
Apr 25, 2025 10:25:38 AM org.frcpm.utils.DatabaseTestUtil testDatabase
INFO: Subsystem table exists with 0 records
Apr 25, 2025 10:25:38 AM org.frcpm.utils.DatabaseTestUtil testDatabase
INFO: Component table exists with 0 records
Apr 25, 2025 10:25:38 AM org.frcpm.utils.DatabaseTestUtil testDatabase
INFO: Meeting table exists with 0 records
Apr 25, 2025 10:25:38 AM org.frcpm.utils.DatabaseTestUtil testDatabase
INFO: Attendance table exists with 0 records
Apr 25, 2025 10:25:38 AM org.frcpm.utils.DatabaseTestUtil testDatabase
INFO: Milestone table exists with 0 records
Apr 25, 2025 10:25:38 AM org.frcpm.utils.DatabaseTestUtil testDatabase
INFO: Simple join query returned 0 results
Apr 25, 2025 10:25:38 AM org.frcpm.utils.DatabaseTestUtil testDatabase
INFO: Complex join query returned 0 results
Apr 25, 2025 10:25:38 AM org.frcpm.utils.DatabaseTestUtil testDatabase
INFO: Group by query returned 0 results
Apr 25, 2025 10:25:38 AM org.frcpm.utils.DatabaseTestUtil testDatabase
INFO: Subquery returned 0 results
Apr 25, 2025 10:25:38 AM org.frcpm.utils.DatabaseTestUtil testRelationships
INFO: No projects with tasks found for relationship testing (not an error for empty database)
Apr 25, 2025 10:25:38 AM org.frcpm.utils.DatabaseTestUtil testDatabase
INFO: Database test completed successfully!
]]></system-err>
  </testcase>
  <testcase name="testCreateTestProject" classname="org.frcpm.utils.DatabaseTestUtilTest" time="0.002">
    <system-out><![CDATA[10:25:38.372 [main] DEBUG org.hibernate.engine.transaction.internal.TransactionImpl - On TransactionImpl creation, JpaCompliance#isJpaTransactionComplianceEnabled == false
10:25:38.372 [main] DEBUG org.hibernate.engine.transaction.internal.TransactionImpl - begin
10:25:38.372 [main] DEBUG org.hibernate.engine.transaction.internal.TransactionImpl - On TransactionImpl creation, JpaCompliance#isJpaTransactionComplianceEnabled == false
10:25:38.372 [main] DEBUG org.hibernate.engine.transaction.internal.TransactionImpl - begin
10:25:38.372 [main] DEBUG org.hibernate.engine.spi.ActionQueue - Executing identity-insert immediately
10:25:38.372 [main] DEBUG org.hibernate.SQL - 
    /* insert for
        org.frcpm.models.Project */insert 
    into
        projects (description, goal_end_date, hard_deadline, name, start_date, id) 
    values
        (?, ?, ?, ?, ?, default)
Hibernate: 
    /* insert for
        org.frcpm.models.Project */insert 
    into
        projects (description, goal_end_date, hard_deadline, name, start_date, id) 
    values
        (?, ?, ?, ?, ?, default)
10:25:38.373 [main] DEBUG org.hibernate.orm.results - Initializer list is empty
10:25:38.373 [main] DEBUG org.hibernate.orm.results.loading - Calling top-level assembler (0 / 1) : org.hibernate.sql.results.graph.basic.BasicResultAssembler@19ebf08a
10:25:38.373 [main] DEBUG org.hibernate.orm.results - Extracted JDBC value [0] - [1]
10:25:38.373 [main] DEBUG org.hibernate.id.IdentifierGeneratorHelper - Extracted generated values [org.frcpm.models.Project]: [Ljava.lang.Object;@4395f728
10:25:38.373 [main] DEBUG org.hibernate.event.internal.AbstractFlushingEventListener - Processing flush-time cascades
10:25:38.373 [main] DEBUG org.hibernate.event.internal.AbstractFlushingEventListener - Dirty checking collections
10:25:38.373 [main] DEBUG org.hibernate.engine.internal.Collections - Collection found: [org.frcpm.models.Project.meetings#1], was: [<unreferenced>] (initialized)
10:25:38.373 [main] DEBUG org.hibernate.engine.internal.Collections - Collection found: [org.frcpm.models.Project.milestones#1], was: [<unreferenced>] (initialized)
10:25:38.373 [main] DEBUG org.hibernate.engine.internal.Collections - Collection found: [org.frcpm.models.Project.tasks#1], was: [<unreferenced>] (initialized)
10:25:38.373 [main] DEBUG org.hibernate.event.internal.AbstractFlushingEventListener - Flushed: 0 insertions, 0 updates, 0 deletions to 1 objects
10:25:38.373 [main] DEBUG org.hibernate.event.internal.AbstractFlushingEventListener - Flushed: 3 (re)creations, 0 updates, 0 removals to 3 collections
10:25:38.373 [main] DEBUG org.hibernate.internal.util.EntityPrinter - Listing entities:
10:25:38.373 [main] DEBUG org.hibernate.internal.util.EntityPrinter - org.frcpm.models.Project{hardDeadline=2025-06-06, name=Test Project 1745594738372, description=Test project for unit tests, meetings=[], id=1, goalEndDate=2025-05-23, milestones=[], startDate=2025-04-25, tasks=[]}
10:25:38.373 [main] DEBUG org.hibernate.engine.transaction.internal.TransactionImpl - committing
10:25:38.373 [main] DEBUG org.hibernate.event.internal.AbstractFlushingEventListener - Processing flush-time cascades
10:25:38.373 [main] DEBUG org.hibernate.event.internal.AbstractFlushingEventListener - Dirty checking collections
10:25:38.373 [main] DEBUG org.hibernate.engine.internal.Collections - Collection found: [org.frcpm.models.Project.meetings#1], was: [org.frcpm.models.Project.meetings#1] (initialized)
10:25:38.373 [main] DEBUG org.hibernate.engine.internal.Collections - Collection found: [org.frcpm.models.Project.milestones#1], was: [org.frcpm.models.Project.milestones#1] (initialized)
10:25:38.373 [main] DEBUG org.hibernate.engine.internal.Collections - Collection found: [org.frcpm.models.Project.tasks#1], was: [org.frcpm.models.Project.tasks#1] (initialized)
10:25:38.373 [main] DEBUG org.hibernate.event.internal.AbstractFlushingEventListener - Flushed: 0 insertions, 0 updates, 0 deletions to 1 objects
10:25:38.373 [main] DEBUG org.hibernate.event.internal.AbstractFlushingEventListener - Flushed: 0 (re)creations, 0 updates, 0 removals to 3 collections
10:25:38.373 [main] DEBUG org.hibernate.internal.util.EntityPrinter - Listing entities:
10:25:38.373 [main] DEBUG org.hibernate.internal.util.EntityPrinter - org.frcpm.models.Project{hardDeadline=2025-06-06, name=Test Project 1745594738372, description=Test project for unit tests, meetings=[], id=1, goalEndDate=2025-05-23, milestones=[], startDate=2025-04-25, tasks=[]}
10:25:38.373 [main] DEBUG org.hibernate.resource.jdbc.internal.LogicalConnectionManagedImpl - Initiating JDBC connection release from afterTransaction
10:25:38.373 [main] DEBUG org.hibernate.resource.jdbc.internal.LogicalConnectionManagedImpl - Initiating JDBC connection release from afterTransaction
10:25:38.373 [main] INFO org.hibernate.engine.internal.StatisticalLoggingSessionEventListener - Session Metrics {
    1700 nanoseconds spent acquiring 1 JDBC connections;
    5700 nanoseconds spent releasing 1 JDBC connections;
    61300 nanoseconds spent preparing 1 JDBC statements;
    67800 nanoseconds spent executing 1 JDBC statements;
    0 nanoseconds spent executing 0 JDBC batches;
    0 nanoseconds spent performing 0 L2C puts;
    0 nanoseconds spent performing 0 L2C hits;
    0 nanoseconds spent performing 0 L2C misses;
    140600 nanoseconds spent executing 2 flushes (flushing a total of 2 entities and 6 collections);
    0 nanoseconds spent executing 0 pre-partial-flushes;
    0 nanoseconds spent executing 0 partial-flushes (flushing a total of 0 entities and 0 collections)
}
10:25:38.373 [main] DEBUG org.hibernate.engine.transaction.internal.TransactionImpl - On TransactionImpl creation, JpaCompliance#isJpaTransactionComplianceEnabled == false
10:25:38.373 [main] DEBUG org.hibernate.engine.transaction.internal.TransactionImpl - begin
10:25:38.373 [main] DEBUG org.hibernate.engine.spi.ActionQueue - Executing identity-insert immediately
10:25:38.373 [main] DEBUG org.hibernate.SQL - 
    /* insert for
        org.frcpm.models.Subteam */insert 
    into
        subteams (color_code, name, specialties, id) 
    values
        (?, ?, ?, default)
Hibernate: 
    /* insert for
        org.frcpm.models.Subteam */insert 
    into
        subteams (color_code, name, specialties, id) 
    values
        (?, ?, ?, default)
10:25:38.373 [main] DEBUG org.hibernate.orm.results - Initializer list is empty
10:25:38.373 [main] DEBUG org.hibernate.orm.results.loading - Calling top-level assembler (0 / 1) : org.hibernate.sql.results.graph.basic.BasicResultAssembler@31daf7fd
10:25:38.373 [main] DEBUG org.hibernate.orm.results - Extracted JDBC value [0] - [1]
10:25:38.373 [main] DEBUG org.hibernate.id.IdentifierGeneratorHelper - Extracted generated values [org.frcpm.models.Subteam]: [Ljava.lang.Object;@77eed57a
10:25:38.373 [main] DEBUG org.hibernate.event.internal.AbstractFlushingEventListener - Processing flush-time cascades
10:25:38.373 [main] DEBUG org.hibernate.event.internal.AbstractFlushingEventListener - Dirty checking collections
10:25:38.373 [main] DEBUG org.hibernate.engine.internal.Collections - Collection found: [org.frcpm.models.Subteam.members#1], was: [<unreferenced>] (initialized)
10:25:38.373 [main] DEBUG org.hibernate.engine.internal.Collections - Collection found: [org.frcpm.models.Subteam.subsystems#1], was: [<unreferenced>] (initialized)
10:25:38.373 [main] DEBUG org.hibernate.event.internal.AbstractFlushingEventListener - Flushed: 0 insertions, 0 updates, 0 deletions to 1 objects
10:25:38.373 [main] DEBUG org.hibernate.event.internal.AbstractFlushingEventListener - Flushed: 2 (re)creations, 0 updates, 0 removals to 2 collections
10:25:38.373 [main] DEBUG org.hibernate.internal.util.EntityPrinter - Listing entities:
10:25:38.373 [main] DEBUG org.hibernate.internal.util.EntityPrinter - org.frcpm.models.Subteam{specialties=Testing, Automation, members=[], name=Test Subteam 1745594738373, colorCode=#FF0000, id=1, subsystems=[]}
10:25:38.373 [main] DEBUG org.hibernate.engine.transaction.internal.TransactionImpl - committing
10:25:38.373 [main] DEBUG org.hibernate.event.internal.AbstractFlushingEventListener - Processing flush-time cascades
10:25:38.373 [main] DEBUG org.hibernate.event.internal.AbstractFlushingEventListener - Dirty checking collections
10:25:38.373 [main] DEBUG org.hibernate.engine.internal.Collections - Collection found: [org.frcpm.models.Subteam.members#1], was: [org.frcpm.models.Subteam.members#1] (initialized)
10:25:38.373 [main] DEBUG org.hibernate.engine.internal.Collections - Collection found: [org.frcpm.models.Subteam.subsystems#1], was: [org.frcpm.models.Subteam.subsystems#1] (initialized)
10:25:38.373 [main] DEBUG org.hibernate.event.internal.AbstractFlushingEventListener - Flushed: 0 insertions, 0 updates, 0 deletions to 1 objects
10:25:38.373 [main] DEBUG org.hibernate.event.internal.AbstractFlushingEventListener - Flushed: 0 (re)creations, 0 updates, 0 removals to 2 collections
10:25:38.373 [main] DEBUG org.hibernate.internal.util.EntityPrinter - Listing entities:
10:25:38.373 [main] DEBUG org.hibernate.internal.util.EntityPrinter - org.frcpm.models.Subteam{specialties=Testing, Automation, members=[], name=Test Subteam 1745594738373, colorCode=#FF0000, id=1, subsystems=[]}
10:25:38.373 [main] DEBUG org.hibernate.resource.jdbc.internal.LogicalConnectionManagedImpl - Initiating JDBC connection release from afterTransaction
10:25:38.373 [main] DEBUG org.hibernate.resource.jdbc.internal.LogicalConnectionManagedImpl - Initiating JDBC connection release from afterTransaction
10:25:38.373 [main] INFO org.hibernate.engine.internal.StatisticalLoggingSessionEventListener - Session Metrics {
    3100 nanoseconds spent acquiring 1 JDBC connections;
    2200 nanoseconds spent releasing 1 JDBC connections;
    32700 nanoseconds spent preparing 1 JDBC statements;
    30900 nanoseconds spent executing 1 JDBC statements;
    0 nanoseconds spent executing 0 JDBC batches;
    0 nanoseconds spent performing 0 L2C puts;
    0 nanoseconds spent performing 0 L2C hits;
    0 nanoseconds spent performing 0 L2C misses;
    62400 nanoseconds spent executing 2 flushes (flushing a total of 2 entities and 4 collections);
    0 nanoseconds spent executing 0 pre-partial-flushes;
    0 nanoseconds spent executing 0 partial-flushes (flushing a total of 0 entities and 0 collections)
}
10:25:38.373 [main] DEBUG org.hibernate.engine.transaction.internal.TransactionImpl - On TransactionImpl creation, JpaCompliance#isJpaTransactionComplianceEnabled == false
10:25:38.373 [main] DEBUG org.hibernate.engine.transaction.internal.TransactionImpl - begin
10:25:38.373 [main] DEBUG org.hibernate.engine.spi.ActionQueue - Executing identity-insert immediately
10:25:38.373 [main] DEBUG org.hibernate.SQL - 
    /* insert for
        org.frcpm.models.TeamMember */insert 
    into
        team_members (email, first_name, last_name, is_leader, phone, skills, subteam_id, username, id) 
    values
        (?, ?, ?, ?, ?, ?, ?, ?, default)
Hibernate: 
    /* insert for
        org.frcpm.models.TeamMember */insert 
    into
        team_members (email, first_name, last_name, is_leader, phone, skills, subteam_id, username, id) 
    values
        (?, ?, ?, ?, ?, ?, ?, ?, default)
10:25:38.374 [main] DEBUG org.hibernate.orm.results - Initializer list is empty
10:25:38.374 [main] DEBUG org.hibernate.orm.results.loading - Calling top-level assembler (0 / 1) : org.hibernate.sql.results.graph.basic.BasicResultAssembler@7ca1dd25
10:25:38.374 [main] DEBUG org.hibernate.orm.results - Extracted JDBC value [0] - [1]
10:25:38.374 [main] DEBUG org.hibernate.id.IdentifierGeneratorHelper - Extracted generated values [org.frcpm.models.TeamMember]: [Ljava.lang.Object;@61b5a396
10:25:38.374 [main] DEBUG org.hibernate.event.internal.AbstractFlushingEventListener - Processing flush-time cascades
10:25:38.374 [main] DEBUG org.hibernate.event.internal.AbstractFlushingEventListener - Dirty checking collections
10:25:38.374 [main] DEBUG org.hibernate.engine.internal.Collections - Collection found: [org.frcpm.models.TeamMember.assignedTasks#1], was: [<unreferenced>] (initialized)
10:25:38.374 [main] DEBUG org.hibernate.engine.internal.Collections - Collection found: [org.frcpm.models.TeamMember.attendances#1], was: [<unreferenced>] (initialized)
10:25:38.374 [main] DEBUG org.hibernate.event.internal.AbstractFlushingEventListener - Flushed: 0 insertions, 0 updates, 0 deletions to 1 objects
10:25:38.374 [main] DEBUG org.hibernate.event.internal.AbstractFlushingEventListener - Flushed: 2 (re)creations, 0 updates, 0 removals to 2 collections
10:25:38.374 [main] DEBUG org.hibernate.internal.util.EntityPrinter - Listing entities:
10:25:38.374 [main] DEBUG org.hibernate.internal.util.EntityPrinter - org.frcpm.models.TeamMember{skills=Testing, firstName=Test, lastName=User, leader=false, subteam=org.frcpm.models.Subteam#1, phone=null, id=1, attendances=[], email=test@example.com, assignedTasks=[], username=testuser_1745594738373}
10:25:38.374 [main] DEBUG org.hibernate.engine.transaction.internal.TransactionImpl - committing
10:25:38.374 [main] DEBUG org.hibernate.event.internal.AbstractFlushingEventListener - Processing flush-time cascades
10:25:38.374 [main] DEBUG org.hibernate.event.internal.AbstractFlushingEventListener - Dirty checking collections
10:25:38.374 [main] DEBUG org.hibernate.engine.internal.Collections - Collection found: [org.frcpm.models.TeamMember.assignedTasks#1], was: [org.frcpm.models.TeamMember.assignedTasks#1] (initialized)
10:25:38.374 [main] DEBUG org.hibernate.engine.internal.Collections - Collection found: [org.frcpm.models.TeamMember.attendances#1], was: [org.frcpm.models.TeamMember.attendances#1] (initialized)
10:25:38.374 [main] DEBUG org.hibernate.event.internal.AbstractFlushingEventListener - Flushed: 0 insertions, 0 updates, 0 deletions to 1 objects
10:25:38.374 [main] DEBUG org.hibernate.event.internal.AbstractFlushingEventListener - Flushed: 0 (re)creations, 0 updates, 0 removals to 2 collections
10:25:38.374 [main] DEBUG org.hibernate.internal.util.EntityPrinter - Listing entities:
10:25:38.374 [main] DEBUG org.hibernate.internal.util.EntityPrinter - org.frcpm.models.TeamMember{skills=Testing, firstName=Test, lastName=User, leader=false, subteam=org.frcpm.models.Subteam#1, phone=null, id=1, attendances=[], email=test@example.com, assignedTasks=[], username=testuser_1745594738373}
10:25:38.374 [main] DEBUG org.hibernate.resource.jdbc.internal.LogicalConnectionManagedImpl - Initiating JDBC connection release from afterTransaction
10:25:38.374 [main] DEBUG org.hibernate.resource.jdbc.internal.LogicalConnectionManagedImpl - Initiating JDBC connection release from afterTransaction
10:25:38.374 [main] INFO org.hibernate.engine.internal.StatisticalLoggingSessionEventListener - Session Metrics {
    2200 nanoseconds spent acquiring 1 JDBC connections;
    1700 nanoseconds spent releasing 1 JDBC connections;
    27200 nanoseconds spent preparing 1 JDBC statements;
    38600 nanoseconds spent executing 1 JDBC statements;
    0 nanoseconds spent executing 0 JDBC batches;
    0 nanoseconds spent performing 0 L2C puts;
    0 nanoseconds spent performing 0 L2C hits;
    0 nanoseconds spent performing 0 L2C misses;
    107700 nanoseconds spent executing 2 flushes (flushing a total of 2 entities and 4 collections);
    0 nanoseconds spent executing 0 pre-partial-flushes;
    0 nanoseconds spent executing 0 partial-flushes (flushing a total of 0 entities and 0 collections)
}
10:25:38.374 [main] DEBUG org.hibernate.engine.transaction.internal.TransactionImpl - On TransactionImpl creation, JpaCompliance#isJpaTransactionComplianceEnabled == false
10:25:38.374 [main] DEBUG org.hibernate.engine.transaction.internal.TransactionImpl - begin
10:25:38.374 [main] DEBUG org.hibernate.engine.spi.ActionQueue - Executing identity-insert immediately
10:25:38.374 [main] DEBUG org.hibernate.SQL - 
    /* insert for
        org.frcpm.models.Subsystem */insert 
    into
        subsystems (description, name, responsible_subteam_id, status, id) 
    values
        (?, ?, ?, ?, default)
Hibernate: 
    /* insert for
        org.frcpm.models.Subsystem */insert 
    into
        subsystems (description, name, responsible_subteam_id, status, id) 
    values
        (?, ?, ?, ?, default)
10:25:38.374 [main] DEBUG org.hibernate.orm.results - Initializer list is empty
10:25:38.374 [main] DEBUG org.hibernate.orm.results.loading - Calling top-level assembler (0 / 1) : org.hibernate.sql.results.graph.basic.BasicResultAssembler@347a2572
10:25:38.374 [main] DEBUG org.hibernate.orm.results - Extracted JDBC value [0] - [1]
10:25:38.374 [main] DEBUG org.hibernate.id.IdentifierGeneratorHelper - Extracted generated values [org.frcpm.models.Subsystem]: [Ljava.lang.Object;@775571f0
10:25:38.374 [main] DEBUG org.hibernate.event.internal.AbstractFlushingEventListener - Processing flush-time cascades
10:25:38.374 [main] DEBUG org.hibernate.event.internal.AbstractFlushingEventListener - Dirty checking collections
10:25:38.374 [main] DEBUG org.hibernate.engine.internal.Collections - Collection found: [org.frcpm.models.Subsystem.tasks#1], was: [<unreferenced>] (initialized)
10:25:38.374 [main] DEBUG org.hibernate.event.internal.AbstractFlushingEventListener - Flushed: 0 insertions, 0 updates, 0 deletions to 1 objects
10:25:38.374 [main] DEBUG org.hibernate.event.internal.AbstractFlushingEventListener - Flushed: 1 (re)creations, 0 updates, 0 removals to 1 collections
10:25:38.374 [main] DEBUG org.hibernate.internal.util.EntityPrinter - Listing entities:
10:25:38.374 [main] DEBUG org.hibernate.internal.util.EntityPrinter - org.frcpm.models.Subsystem{name=Test Subsystem 1745594738374, description=Test subsystem for unit tests, id=1, responsibleSubteam=org.frcpm.models.Subteam#1, tasks=[], status=IN_PROGRESS}
10:25:38.374 [main] DEBUG org.hibernate.engine.transaction.internal.TransactionImpl - committing
10:25:38.374 [main] DEBUG org.hibernate.event.internal.AbstractFlushingEventListener - Processing flush-time cascades
10:25:38.374 [main] DEBUG org.hibernate.event.internal.AbstractFlushingEventListener - Dirty checking collections
10:25:38.374 [main] DEBUG org.hibernate.engine.internal.Collections - Collection found: [org.frcpm.models.Subsystem.tasks#1], was: [org.frcpm.models.Subsystem.tasks#1] (initialized)
10:25:38.374 [main] DEBUG org.hibernate.event.internal.AbstractFlushingEventListener - Flushed: 0 insertions, 0 updates, 0 deletions to 1 objects
10:25:38.374 [main] DEBUG org.hibernate.event.internal.AbstractFlushingEventListener - Flushed: 0 (re)creations, 0 updates, 0 removals to 1 collections
10:25:38.374 [main] DEBUG org.hibernate.internal.util.EntityPrinter - Listing entities:
10:25:38.374 [main] DEBUG org.hibernate.internal.util.EntityPrinter - org.frcpm.models.Subsystem{name=Test Subsystem 1745594738374, description=Test subsystem for unit tests, id=1, responsibleSubteam=org.frcpm.models.Subteam#1, tasks=[], status=IN_PROGRESS}
10:25:38.374 [main] DEBUG org.hibernate.resource.jdbc.internal.LogicalConnectionManagedImpl - Initiating JDBC connection release from afterTransaction
10:25:38.374 [main] DEBUG org.hibernate.resource.jdbc.internal.LogicalConnectionManagedImpl - Initiating JDBC connection release from afterTransaction
10:25:38.374 [main] INFO org.hibernate.engine.internal.StatisticalLoggingSessionEventListener - Session Metrics {
    1400 nanoseconds spent acquiring 1 JDBC connections;
    1500 nanoseconds spent releasing 1 JDBC connections;
    18400 nanoseconds spent preparing 1 JDBC statements;
    23400 nanoseconds spent executing 1 JDBC statements;
    0 nanoseconds spent executing 0 JDBC batches;
    0 nanoseconds spent performing 0 L2C puts;
    0 nanoseconds spent performing 0 L2C hits;
    0 nanoseconds spent performing 0 L2C misses;
    53600 nanoseconds spent executing 2 flushes (flushing a total of 2 entities and 2 collections);
    0 nanoseconds spent executing 0 pre-partial-flushes;
    0 nanoseconds spent executing 0 partial-flushes (flushing a total of 0 entities and 0 collections)
}
10:25:38.374 [main] DEBUG org.hibernate.engine.transaction.internal.TransactionImpl - committing
10:25:38.374 [main] DEBUG org.hibernate.resource.jdbc.internal.LogicalConnectionManagedImpl - Initiating JDBC connection release from afterTransaction
10:25:38.374 [main] DEBUG org.hibernate.resource.jdbc.internal.LogicalConnectionManagedImpl - Initiating JDBC connection release from afterTransaction
10:25:38.374 [main] INFO org.hibernate.engine.internal.StatisticalLoggingSessionEventListener - Session Metrics {
    5700 nanoseconds spent acquiring 1 JDBC connections;
    400 nanoseconds spent releasing 1 JDBC connections;
    0 nanoseconds spent preparing 0 JDBC statements;
    0 nanoseconds spent executing 0 JDBC statements;
    0 nanoseconds spent executing 0 JDBC batches;
    0 nanoseconds spent performing 0 L2C puts;
    0 nanoseconds spent performing 0 L2C hits;
    0 nanoseconds spent performing 0 L2C misses;
    0 nanoseconds spent executing 0 flushes (flushing a total of 0 entities and 0 collections);
    0 nanoseconds spent executing 0 pre-partial-flushes;
    0 nanoseconds spent executing 0 partial-flushes (flushing a total of 0 entities and 0 collections)
}
]]></system-out>
    <system-err><![CDATA[Apr 25, 2025 10:25:38 AM org.frcpm.utils.DatabaseTestUtil createTestProject
INFO: Creating standard test project...
Apr 25, 2025 10:25:38 AM org.frcpm.utils.DatabaseTestUtil createTestProject
INFO: Test project and related entities created successfully
]]></system-err>
  </testcase>
  <testcase name="testGetTestSubteam" classname="org.frcpm.utils.DatabaseTestUtilTest" time="0.001"/>
  <testcase name="testGetTestMember" classname="org.frcpm.utils.DatabaseTestUtilTest" time="0.0"/>
  <testcase name="testGetTestSubsystem" classname="org.frcpm.utils.DatabaseTestUtilTest" time="0.0"/>
  <testcase name="testCreateTestTask" classname="org.frcpm.utils.DatabaseTestUtilTest" time="0.002">
    <system-out><![CDATA[10:25:38.376 [main] DEBUG org.hibernate.engine.transaction.internal.TransactionImpl - On TransactionImpl creation, JpaCompliance#isJpaTransactionComplianceEnabled == false
10:25:38.376 [main] DEBUG org.hibernate.engine.transaction.internal.TransactionImpl - begin
10:25:38.376 [main] DEBUG org.hibernate.engine.spi.ActionQueue - Executing identity-insert immediately
10:25:38.376 [main] DEBUG org.hibernate.SQL - 
    /* insert for
        org.frcpm.models.Task */insert 
    into
        tasks (actual_duration_seconds, completed, description, end_date, estimated_duration_seconds, priority, progress, project_id, start_date, subsystem_id, title, id) 
    values
        (?, ?, ?, ?, ?, ?, ?, ?, ?, ?, ?, default)
Hibernate: 
    /* insert for
        org.frcpm.models.Task */insert 
    into
        tasks (actual_duration_seconds, completed, description, end_date, estimated_duration_seconds, priority, progress, project_id, start_date, subsystem_id, title, id) 
    values
        (?, ?, ?, ?, ?, ?, ?, ?, ?, ?, ?, default)
10:25:38.376 [main] DEBUG org.hibernate.orm.results - Initializer list is empty
10:25:38.376 [main] DEBUG org.hibernate.orm.results.loading - Calling top-level assembler (0 / 1) : org.hibernate.sql.results.graph.basic.BasicResultAssembler@7b330276
10:25:38.376 [main] DEBUG org.hibernate.orm.results - Extracted JDBC value [0] - [1]
10:25:38.376 [main] DEBUG org.hibernate.id.IdentifierGeneratorHelper - Extracted generated values [org.frcpm.models.Task]: [Ljava.lang.Object;@cd8d4b4
10:25:38.376 [main] DEBUG org.hibernate.event.internal.AbstractFlushingEventListener - Processing flush-time cascades
10:25:38.376 [main] DEBUG org.hibernate.event.internal.AbstractFlushingEventListener - Dirty checking collections
10:25:38.376 [main] DEBUG org.hibernate.engine.internal.Collections - Collection found: [org.frcpm.models.Task.assignedTo#1], was: [<unreferenced>] (initialized)
10:25:38.376 [main] DEBUG org.hibernate.engine.internal.Collections - Collection found: [org.frcpm.models.Task.postDependencies#1], was: [<unreferenced>] (initialized)
10:25:38.376 [main] DEBUG org.hibernate.engine.internal.Collections - Collection found: [org.frcpm.models.Task.preDependencies#1], was: [<unreferenced>] (initialized)
10:25:38.376 [main] DEBUG org.hibernate.engine.internal.Collections - Collection found: [org.frcpm.models.Task.requiredComponents#1], was: [<unreferenced>] (initialized)
10:25:38.376 [main] DEBUG org.hibernate.event.internal.AbstractFlushingEventListener - Flushed: 0 insertions, 0 updates, 0 deletions to 1 objects
10:25:38.376 [main] DEBUG org.hibernate.event.internal.AbstractFlushingEventListener - Flushed: 4 (re)creations, 0 updates, 0 removals to 4 collections
10:25:38.376 [main] DEBUG org.hibernate.internal.util.EntityPrinter - Listing entities:
10:25:38.376 [main] DEBUG org.hibernate.internal.util.EntityPrinter - org.frcpm.models.Task{estimatedDurationSeconds=7200, endDate=2025-05-02, description=Test task created by DatabaseTestUtil, project=org.frcpm.models.Project#1, subsystem=org.frcpm.models.Subsystem#1, preDependencies=[], completed=false, priority=MEDIUM, title=Test Task 1745594738375, actualDurationSeconds=null, assignedTo=[org.frcpm.models.TeamMember#1], postDependencies=[], progress=0, id=1, requiredComponents=[], startDate=2025-04-25}
10:25:38.376 [main] DEBUG org.hibernate.orm.jdbc.mutation - Inserting collection rows - org.frcpm.models.Task.assignedTo : 1
10:25:38.376 [main] DEBUG org.hibernate.SQL - 
    /* insert for
        org.frcpm.models.Task.assignedTo */insert 
    into
        task_assignments (task_id, team_member_id) 
    values
        (?, ?)
Hibernate: 
    /* insert for
        org.frcpm.models.Task.assignedTo */insert 
    into
        task_assignments (task_id, team_member_id) 
    values
        (?, ?)
10:25:38.376 [main] DEBUG org.hibernate.orm.jdbc.mutation - Done inserting `1` collection rows : org.frcpm.models.Task.assignedTo
10:25:38.376 [main] DEBUG org.hibernate.orm.jdbc.mutation - Inserting collection rows - org.frcpm.models.Task.preDependencies : 1
10:25:38.376 [main] DEBUG org.hibernate.orm.jdbc.mutation - No collection rows to insert - org.frcpm.models.Task.preDependencies : 1
10:25:38.376 [main] DEBUG org.hibernate.orm.jdbc.mutation - Inserting collection rows - org.frcpm.models.Task.requiredComponents : 1
10:25:38.376 [main] DEBUG org.hibernate.orm.jdbc.mutation - No collection rows to insert - org.frcpm.models.Task.requiredComponents : 1
10:25:38.377 [main] DEBUG org.hibernate.orm.jdbc.batch - PreparedStatementDetails did not contain PreparedStatement on #releaseStatements : /* insert for org.frcpm.models.Task.assignedTo */insert into task_assignments (task_id,team_member_id) values (?,?)
10:25:38.377 [main] DEBUG org.hibernate.engine.transaction.internal.TransactionImpl - committing
10:25:38.377 [main] DEBUG org.hibernate.event.internal.AbstractFlushingEventListener - Processing flush-time cascades
10:25:38.377 [main] DEBUG org.hibernate.event.internal.AbstractFlushingEventListener - Dirty checking collections
10:25:38.377 [main] DEBUG org.hibernate.engine.internal.Collections - Collection found: [org.frcpm.models.Task.assignedTo#1], was: [org.frcpm.models.Task.assignedTo#1] (initialized)
10:25:38.377 [main] DEBUG org.hibernate.engine.internal.Collections - Collection found: [org.frcpm.models.Task.postDependencies#1], was: [org.frcpm.models.Task.postDependencies#1] (initialized)
10:25:38.377 [main] DEBUG org.hibernate.engine.internal.Collections - Collection found: [org.frcpm.models.Task.preDependencies#1], was: [org.frcpm.models.Task.preDependencies#1] (initialized)
10:25:38.377 [main] DEBUG org.hibernate.engine.internal.Collections - Collection found: [org.frcpm.models.Task.requiredComponents#1], was: [org.frcpm.models.Task.requiredComponents#1] (initialized)
10:25:38.377 [main] DEBUG org.hibernate.event.internal.AbstractFlushingEventListener - Flushed: 0 insertions, 0 updates, 0 deletions to 1 objects
10:25:38.377 [main] DEBUG org.hibernate.event.internal.AbstractFlushingEventListener - Flushed: 0 (re)creations, 0 updates, 0 removals to 4 collections
10:25:38.377 [main] DEBUG org.hibernate.internal.util.EntityPrinter - Listing entities:
10:25:38.377 [main] DEBUG org.hibernate.internal.util.EntityPrinter - org.frcpm.models.Task{estimatedDurationSeconds=7200, endDate=2025-05-02, description=Test task created by DatabaseTestUtil, project=org.frcpm.models.Project#1, subsystem=org.frcpm.models.Subsystem#1, preDependencies=[], completed=false, priority=MEDIUM, title=Test Task 1745594738375, actualDurationSeconds=null, assignedTo=[org.frcpm.models.TeamMember#1], postDependencies=[], progress=0, id=1, requiredComponents=[], startDate=2025-04-25}
10:25:38.377 [main] DEBUG org.hibernate.orm.jdbc.batch - PreparedStatementDetails did not contain PreparedStatement on #releaseStatements : /* insert for org.frcpm.models.Task.assignedTo */insert into task_assignments (task_id,team_member_id) values (?,?)
10:25:38.377 [main] DEBUG org.hibernate.resource.jdbc.internal.LogicalConnectionManagedImpl - Initiating JDBC connection release from afterTransaction
10:25:38.377 [main] DEBUG org.hibernate.orm.jdbc.batch - PreparedStatementDetails did not contain PreparedStatement on #releaseStatements : /* insert for org.frcpm.models.Task.assignedTo */insert into task_assignments (task_id,team_member_id) values (?,?)
10:25:38.377 [main] DEBUG org.hibernate.orm.jdbc.batch - PreparedStatementDetails did not contain PreparedStatement on #releaseStatements : /* insert for org.frcpm.models.Task.assignedTo */insert into task_assignments (task_id,team_member_id) values (?,?)
10:25:38.377 [main] DEBUG org.hibernate.resource.jdbc.internal.LogicalConnectionManagedImpl - Initiating JDBC connection release from afterTransaction
10:25:38.377 [main] INFO org.hibernate.engine.internal.StatisticalLoggingSessionEventListener - Session Metrics {
    4900 nanoseconds spent acquiring 1 JDBC connections;
    3900 nanoseconds spent releasing 1 JDBC connections;
    69500 nanoseconds spent preparing 2 JDBC statements;
    72500 nanoseconds spent executing 1 JDBC statements;
    54300 nanoseconds spent executing 1 JDBC batches;
    0 nanoseconds spent performing 0 L2C puts;
    0 nanoseconds spent performing 0 L2C hits;
    0 nanoseconds spent performing 0 L2C misses;
    449900 nanoseconds spent executing 2 flushes (flushing a total of 2 entities and 8 collections);
    0 nanoseconds spent executing 0 pre-partial-flushes;
    0 nanoseconds spent executing 0 partial-flushes (flushing a total of 0 entities and 0 collections)
}
10:25:38.377 [main] DEBUG org.hibernate.engine.jdbc.internal.JdbcCoordinatorImpl - HHH000420: Closing un-released batch
10:25:38.377 [main] DEBUG org.hibernate.orm.jdbc.batch - PreparedStatementDetails did not contain PreparedStatement on #releaseStatements : /* insert for org.frcpm.models.Task.assignedTo */insert into task_assignments (task_id,team_member_id) values (?,?)
10:25:38.377 [main] DEBUG org.hibernate.orm.jdbc.batch - PreparedStatementDetails did not contain PreparedStatement on #releaseStatements : /* insert for org.frcpm.models.Task.assignedTo */insert into task_assignments (task_id,team_member_id) values (?,?)
]]></system-out>
    <system-err><![CDATA[Apr 25, 2025 10:25:38 AM org.frcpm.utils.DatabaseTestUtil createTestTask
INFO: Creating test task: Test Task 1745594738375
]]></system-err>
  </testcase>
  <testcase name="testEntityRelationships" classname="org.frcpm.utils.DatabaseTestUtilTest" time="0.01">
    <system-out><![CDATA[10:25:38.377 [main] DEBUG org.hibernate.engine.transaction.internal.TransactionImpl - On TransactionImpl creation, JpaCompliance#isJpaTransactionComplianceEnabled == false
10:25:38.377 [main] DEBUG org.hibernate.engine.transaction.internal.TransactionImpl - begin
10:25:38.377 [main] DEBUG org.hibernate.engine.spi.ActionQueue - Executing identity-insert immediately
10:25:38.377 [main] DEBUG org.hibernate.SQL - 
    /* insert for
        org.frcpm.models.Task */insert 
    into
        tasks (actual_duration_seconds, completed, description, end_date, estimated_duration_seconds, priority, progress, project_id, start_date, subsystem_id, title, id) 
    values
        (?, ?, ?, ?, ?, ?, ?, ?, ?, ?, ?, default)
Hibernate: 
    /* insert for
        org.frcpm.models.Task */insert 
    into
        tasks (actual_duration_seconds, completed, description, end_date, estimated_duration_seconds, priority, progress, project_id, start_date, subsystem_id, title, id) 
    values
        (?, ?, ?, ?, ?, ?, ?, ?, ?, ?, ?, default)
10:25:38.377 [main] DEBUG org.hibernate.orm.results - Initializer list is empty
10:25:38.377 [main] DEBUG org.hibernate.orm.results.loading - Calling top-level assembler (0 / 1) : org.hibernate.sql.results.graph.basic.BasicResultAssembler@5ce7125
10:25:38.377 [main] DEBUG org.hibernate.orm.results - Extracted JDBC value [0] - [2]
10:25:38.377 [main] DEBUG org.hibernate.id.IdentifierGeneratorHelper - Extracted generated values [org.frcpm.models.Task]: [Ljava.lang.Object;@14045345
10:25:38.377 [main] DEBUG org.hibernate.event.internal.AbstractFlushingEventListener - Processing flush-time cascades
10:25:38.377 [main] DEBUG org.hibernate.event.internal.AbstractFlushingEventListener - Dirty checking collections
10:25:38.378 [main] DEBUG org.hibernate.engine.internal.Collections - Collection found: [org.frcpm.models.Task.assignedTo#2], was: [<unreferenced>] (initialized)
10:25:38.378 [main] DEBUG org.hibernate.engine.internal.Collections - Collection found: [org.frcpm.models.Task.postDependencies#2], was: [<unreferenced>] (initialized)
10:25:38.378 [main] DEBUG org.hibernate.engine.internal.Collections - Collection found: [org.frcpm.models.Task.preDependencies#2], was: [<unreferenced>] (initialized)
10:25:38.378 [main] DEBUG org.hibernate.engine.internal.Collections - Collection found: [org.frcpm.models.Task.requiredComponents#2], was: [<unreferenced>] (initialized)
10:25:38.378 [main] DEBUG org.hibernate.event.internal.AbstractFlushingEventListener - Flushed: 0 insertions, 0 updates, 0 deletions to 1 objects
10:25:38.378 [main] DEBUG org.hibernate.event.internal.AbstractFlushingEventListener - Flushed: 4 (re)creations, 0 updates, 0 removals to 4 collections
10:25:38.378 [main] DEBUG org.hibernate.internal.util.EntityPrinter - Listing entities:
10:25:38.378 [main] DEBUG org.hibernate.internal.util.EntityPrinter - org.frcpm.models.Task{estimatedDurationSeconds=7200, endDate=2025-05-02, description=Test task created by DatabaseTestUtil, project=org.frcpm.models.Project#1, subsystem=org.frcpm.models.Subsystem#1, preDependencies=[], completed=false, priority=MEDIUM, title=Relationship Test Task, actualDurationSeconds=null, assignedTo=[org.frcpm.models.TeamMember#1], postDependencies=[], progress=0, id=2, requiredComponents=[], startDate=2025-04-25}
10:25:38.378 [main] DEBUG org.hibernate.orm.jdbc.mutation - Inserting collection rows - org.frcpm.models.Task.assignedTo : 2
10:25:38.378 [main] DEBUG org.hibernate.SQL - 
    /* insert for
        org.frcpm.models.Task.assignedTo */insert 
    into
        task_assignments (task_id, team_member_id) 
    values
        (?, ?)
Hibernate: 
    /* insert for
        org.frcpm.models.Task.assignedTo */insert 
    into
        task_assignments (task_id, team_member_id) 
    values
        (?, ?)
10:25:38.378 [main] DEBUG org.hibernate.orm.jdbc.mutation - Done inserting `1` collection rows : org.frcpm.models.Task.assignedTo
10:25:38.378 [main] DEBUG org.hibernate.orm.jdbc.mutation - Inserting collection rows - org.frcpm.models.Task.preDependencies : 2
10:25:38.378 [main] DEBUG org.hibernate.orm.jdbc.mutation - No collection rows to insert - org.frcpm.models.Task.preDependencies : 2
10:25:38.378 [main] DEBUG org.hibernate.orm.jdbc.mutation - Inserting collection rows - org.frcpm.models.Task.requiredComponents : 2
10:25:38.378 [main] DEBUG org.hibernate.orm.jdbc.mutation - No collection rows to insert - org.frcpm.models.Task.requiredComponents : 2
10:25:38.378 [main] DEBUG org.hibernate.orm.jdbc.batch - PreparedStatementDetails did not contain PreparedStatement on #releaseStatements : /* insert for org.frcpm.models.Task.assignedTo */insert into task_assignments (task_id,team_member_id) values (?,?)
10:25:38.378 [main] DEBUG org.hibernate.engine.transaction.internal.TransactionImpl - committing
10:25:38.378 [main] DEBUG org.hibernate.event.internal.AbstractFlushingEventListener - Processing flush-time cascades
10:25:38.378 [main] DEBUG org.hibernate.event.internal.AbstractFlushingEventListener - Dirty checking collections
10:25:38.378 [main] DEBUG org.hibernate.engine.internal.Collections - Collection found: [org.frcpm.models.Task.assignedTo#2], was: [org.frcpm.models.Task.assignedTo#2] (initialized)
10:25:38.378 [main] DEBUG org.hibernate.engine.internal.Collections - Collection found: [org.frcpm.models.Task.postDependencies#2], was: [org.frcpm.models.Task.postDependencies#2] (initialized)
10:25:38.378 [main] DEBUG org.hibernate.engine.internal.Collections - Collection found: [org.frcpm.models.Task.preDependencies#2], was: [org.frcpm.models.Task.preDependencies#2] (initialized)
10:25:38.378 [main] DEBUG org.hibernate.engine.internal.Collections - Collection found: [org.frcpm.models.Task.requiredComponents#2], was: [org.frcpm.models.Task.requiredComponents#2] (initialized)
10:25:38.378 [main] DEBUG org.hibernate.event.internal.AbstractFlushingEventListener - Flushed: 0 insertions, 0 updates, 0 deletions to 1 objects
10:25:38.378 [main] DEBUG org.hibernate.event.internal.AbstractFlushingEventListener - Flushed: 0 (re)creations, 0 updates, 0 removals to 4 collections
10:25:38.378 [main] DEBUG org.hibernate.internal.util.EntityPrinter - Listing entities:
10:25:38.378 [main] DEBUG org.hibernate.internal.util.EntityPrinter - org.frcpm.models.Task{estimatedDurationSeconds=7200, endDate=2025-05-02, description=Test task created by DatabaseTestUtil, project=org.frcpm.models.Project#1, subsystem=org.frcpm.models.Subsystem#1, preDependencies=[], completed=false, priority=MEDIUM, title=Relationship Test Task, actualDurationSeconds=null, assignedTo=[org.frcpm.models.TeamMember#1], postDependencies=[], progress=0, id=2, requiredComponents=[], startDate=2025-04-25}
10:25:38.378 [main] DEBUG org.hibernate.orm.jdbc.batch - PreparedStatementDetails did not contain PreparedStatement on #releaseStatements : /* insert for org.frcpm.models.Task.assignedTo */insert into task_assignments (task_id,team_member_id) values (?,?)
10:25:38.378 [main] DEBUG org.hibernate.resource.jdbc.internal.LogicalConnectionManagedImpl - Initiating JDBC connection release from afterTransaction
10:25:38.378 [main] DEBUG org.hibernate.orm.jdbc.batch - PreparedStatementDetails did not contain PreparedStatement on #releaseStatements : /* insert for org.frcpm.models.Task.assignedTo */insert into task_assignments (task_id,team_member_id) values (?,?)
10:25:38.378 [main] DEBUG org.hibernate.orm.jdbc.batch - PreparedStatementDetails did not contain PreparedStatement on #releaseStatements : /* insert for org.frcpm.models.Task.assignedTo */insert into task_assignments (task_id,team_member_id) values (?,?)
10:25:38.378 [main] DEBUG org.hibernate.resource.jdbc.internal.LogicalConnectionManagedImpl - Initiating JDBC connection release from afterTransaction
10:25:38.378 [main] INFO org.hibernate.engine.internal.StatisticalLoggingSessionEventListener - Session Metrics {
    4800 nanoseconds spent acquiring 1 JDBC connections;
    3300 nanoseconds spent releasing 1 JDBC connections;
    6200 nanoseconds spent preparing 2 JDBC statements;
    38200 nanoseconds spent executing 1 JDBC statements;
    43100 nanoseconds spent executing 1 JDBC batches;
    0 nanoseconds spent performing 0 L2C puts;
    0 nanoseconds spent performing 0 L2C hits;
    0 nanoseconds spent performing 0 L2C misses;
    244100 nanoseconds spent executing 2 flushes (flushing a total of 2 entities and 8 collections);
    0 nanoseconds spent executing 0 pre-partial-flushes;
    0 nanoseconds spent executing 0 partial-flushes (flushing a total of 0 entities and 0 collections)
}
10:25:38.378 [main] DEBUG org.hibernate.engine.jdbc.internal.JdbcCoordinatorImpl - HHH000420: Closing un-released batch
10:25:38.378 [main] DEBUG org.hibernate.orm.jdbc.batch - PreparedStatementDetails did not contain PreparedStatement on #releaseStatements : /* insert for org.frcpm.models.Task.assignedTo */insert into task_assignments (task_id,team_member_id) values (?,?)
10:25:38.378 [main] DEBUG org.hibernate.orm.jdbc.batch - PreparedStatementDetails did not contain PreparedStatement on #releaseStatements : /* insert for org.frcpm.models.Task.assignedTo */insert into task_assignments (task_id,team_member_id) values (?,?)
10:25:38.378 [main] DEBUG org.hibernate.engine.transaction.internal.TransactionImpl - On TransactionImpl creation, JpaCompliance#isJpaTransactionComplianceEnabled == false
10:25:38.378 [main] DEBUG org.hibernate.engine.transaction.internal.TransactionImpl - begin
10:25:38.378 [main] DEBUG org.hibernate.orm.sql.exec - Skipping reading Query result cache data: cache-enabled = false, cache-mode = IGNORE
10:25:38.378 [main] DEBUG org.hibernate.orm.results - Initializer list:
	  org.frcpm.models.Project.meetings -> DelayedCollectionInitializer(org.frcpm.models.Project.meetings)@948663974 (PluralAttribute(org.frcpm.models.Project.meetings))
	  org.frcpm.models.Project.tasks -> DelayedCollectionInitializer(org.frcpm.models.Project.tasks)@1320845259 (PluralAttribute(org.frcpm.models.Project.tasks))
	  org.frcpm.models.Project -> EntityResultInitializer(org.frcpm.models.Project)@2022867746 (SingleTableEntityPersister(org.frcpm.models.Project))
	  org.frcpm.models.Project.milestones -> DelayedCollectionInitializer(org.frcpm.models.Project.milestones)@320430138 (PluralAttribute(org.frcpm.models.Project.milestones))

10:25:38.378 [main] DEBUG org.hibernate.SQL - 
    select
        p1_0.id,
        p1_0.description,
        p1_0.goal_end_date,
        p1_0.hard_deadline,
        p1_0.name,
        p1_0.start_date 
    from
        projects p1_0 
    where
        p1_0.id=?
Hibernate: 
    select
        p1_0.id,
        p1_0.description,
        p1_0.goal_end_date,
        p1_0.hard_deadline,
        p1_0.name,
        p1_0.start_date 
    from
        projects p1_0 
    where
        p1_0.id=?
10:25:38.378 [main] DEBUG org.hibernate.orm.results.loading.entity - (EntityResultInitializer) Hydrated EntityKey (org.frcpm.models.Project): 1
10:25:38.378 [main] DEBUG org.hibernate.orm.results.loading.org.hibernate.orm.results.loading.collection - (DelayedCollectionInitializer) Current row collection key : org.frcpm.models.Project.meetings#1
10:25:38.378 [main] DEBUG org.hibernate.orm.results.loading.org.hibernate.orm.results.loading.collection - (DelayedCollectionInitializer) Current row collection key : org.frcpm.models.Project.milestones#1
10:25:38.378 [main] DEBUG org.hibernate.orm.results.loading.org.hibernate.orm.results.loading.collection - (DelayedCollectionInitializer) Current row collection key : org.frcpm.models.Project.tasks#1
10:25:38.378 [main] DEBUG org.hibernate.orm.results.loading.entity - (EntityResultInitializer) Created new entity instance [org.frcpm.models.Project#1] : 33190479
10:25:38.378 [main] DEBUG org.hibernate.orm.results - Extracted JDBC value [1] - [Test project for unit tests]
10:25:38.378 [main] DEBUG org.hibernate.orm.results - Extracted JDBC value [2] - [2025-05-23]
10:25:38.378 [main] DEBUG org.hibernate.orm.results - Extracted JDBC value [3] - [2025-06-06]
10:25:38.378 [main] DEBUG org.hibernate.orm.results - Extracted JDBC value [4] - [Test Project 1745594738372]
10:25:38.378 [main] DEBUG org.hibernate.orm.results - Extracted JDBC value [5] - [2025-04-25]
10:25:38.378 [main] DEBUG org.hibernate.orm.results.loading.entity - (EntityResultInitializer) Done materializing entityInstance : org.frcpm.models.Project#1
10:25:38.378 [main] DEBUG org.hibernate.orm.results.loading - Calling top-level assembler (0 / 1) : org.hibernate.sql.results.graph.entity.internal.EntityAssembler@5d605875
10:25:38.379 [main] DEBUG org.hibernate.orm.sql.exec - Skipping reading Query result cache data: cache-enabled = false, cache-mode = IGNORE
10:25:38.379 [main] DEBUG org.hibernate.orm.results - Initializer list:
	  org.frcpm.models.Project.tasks.{element}.assignedTo -> DelayedCollectionInitializer(org.frcpm.models.Project.tasks.{element}.assignedTo)@129626861 (PluralAttribute(org.frcpm.models.Task.assignedTo))
	  org.frcpm.models.Project.tasks.{element}.postDependencies -> DelayedCollectionInitializer(org.frcpm.models.Project.tasks.{element}.postDependencies)@1508087074 (PluralAttribute(org.frcpm.models.Task.postDependencies))
	  org.frcpm.models.Project.tasks.{element} -> EntityJoinedFetchInitializer(org.frcpm.models.Project.tasks.{element})@102751643 (EntityCollectionPart(org.frcpm.models.Project.tasks#{element})@1106969101)
	  org.frcpm.models.Project.tasks.{element}.requiredComponents -> DelayedCollectionInitializer(org.frcpm.models.Project.tasks.{element}.requiredComponents)@152940101 (PluralAttribute(org.frcpm.models.Task.requiredComponents))
	  org.frcpm.models.Project.tasks.{element}.project -> EntityDelayedFetchInitializer(org.frcpm.models.Project.tasks.{element}.project)@1284661441 (ToOneAttributeMapping(NavigableRole[org.frcpm.models.Task.project])@874090445)
	  org.frcpm.models.Project.tasks.{element}.subsystem -> EntityDelayedFetchInitializer(org.frcpm.models.Project.tasks.{element}.subsystem)@770381865 (ToOneAttributeMapping(NavigableRole[org.frcpm.models.Task.subsystem])@1231086679)
	  org.frcpm.models.Project.tasks.{element}.preDependencies -> DelayedCollectionInitializer(org.frcpm.models.Project.tasks.{element}.preDependencies)@380309970 (PluralAttribute(org.frcpm.models.Task.preDependencies))
	  org.frcpm.models.Project.tasks -> BagInitializer(org.frcpm.models.Project.tasks)@1857327917 (PluralAttribute(org.frcpm.models.Project.tasks))

10:25:38.379 [main] DEBUG org.hibernate.SQL - 
    select
        t1_0.project_id,
        t1_0.id,
        t1_0.actual_duration_seconds,
        t1_0.completed,
        t1_0.description,
        t1_0.end_date,
        t1_0.estimated_duration_seconds,
        t1_0.priority,
        t1_0.progress,
        t1_0.start_date,
        t1_0.subsystem_id,
        t1_0.title 
    from
        tasks t1_0 
    where
        t1_0.project_id=?
Hibernate: 
    select
        t1_0.project_id,
        t1_0.id,
        t1_0.actual_duration_seconds,
        t1_0.completed,
        t1_0.description,
        t1_0.end_date,
        t1_0.estimated_duration_seconds,
        t1_0.priority,
        t1_0.progress,
        t1_0.start_date,
        t1_0.subsystem_id,
        t1_0.title 
    from
        tasks t1_0 
    where
        t1_0.project_id=?
10:25:38.379 [main] DEBUG org.hibernate.orm.results - Extracted JDBC value [0] - [1]
10:25:38.379 [main] DEBUG org.hibernate.orm.results.loading.org.hibernate.orm.results.loading.collection - (BagInitializer) Current row collection key : org.frcpm.models.Project.tasks#1
10:25:38.379 [main] DEBUG org.hibernate.orm.results - Extracted JDBC value [1] - [1]
10:25:38.379 [main] DEBUG org.hibernate.orm.results.loading.entity - (EntityJoinedFetchInitializer) Hydrated EntityKey (org.frcpm.models.Project.tasks.{element}): 1
10:25:38.379 [main] DEBUG org.hibernate.orm.results.loading.org.hibernate.orm.results.loading.collection - (DelayedCollectionInitializer) Current row collection key : org.frcpm.models.Project.tasks.{element}.assignedTo#1
10:25:38.379 [main] DEBUG org.hibernate.orm.results.loading.org.hibernate.orm.results.loading.collection - (DelayedCollectionInitializer) Current row collection key : org.frcpm.models.Project.tasks.{element}.postDependencies#1
10:25:38.379 [main] DEBUG org.hibernate.orm.results.loading.org.hibernate.orm.results.loading.collection - (DelayedCollectionInitializer) Current row collection key : org.frcpm.models.Project.tasks.{element}.preDependencies#1
10:25:38.379 [main] DEBUG org.hibernate.orm.results.loading.org.hibernate.orm.results.loading.collection - (DelayedCollectionInitializer) Current row collection key : org.frcpm.models.Project.tasks.{element}.requiredComponents#1
10:25:38.379 [main] DEBUG org.hibernate.orm.results.loading.entity - (EntityJoinedFetchInitializer) Created new entity instance [org.frcpm.models.Project.tasks.{element}#1] : 453793563
10:25:38.379 [main] DEBUG org.hibernate.orm.results - Extracted JDBC value [0] - [1]
10:25:38.379 [main] DEBUG org.hibernate.orm.results - Extracted JDBC value [10] - [1]
10:25:38.379 [main] DEBUG org.hibernate.orm.results.loading.org.hibernate.orm.results.loading.collection - (BagInitializer) Responsible for loading collection [org.frcpm.models.Project.tasks#1] : org.hibernate.collection.spi.PersistentBag@257571803
10:25:38.379 [main] DEBUG org.hibernate.orm.results - Extracted JDBC value [2] - [null]
10:25:38.379 [main] DEBUG org.hibernate.orm.results - Extracted JDBC value [3] - [false]
10:25:38.379 [main] DEBUG org.hibernate.orm.results - Extracted JDBC value [4] - [Test task created by DatabaseTestUtil]
10:25:38.379 [main] DEBUG org.hibernate.orm.results - Extracted JDBC value [5] - [2025-05-02]
10:25:38.379 [main] DEBUG org.hibernate.orm.results - Extracted JDBC value [6] - [7200]
10:25:38.379 [main] DEBUG org.hibernate.orm.results - Extracted JDBC value [7] - [MEDIUM]
10:25:38.379 [main] DEBUG org.hibernate.orm.results - Extracted JDBC value [8] - [0]
10:25:38.379 [main] DEBUG org.hibernate.orm.results - Extracted JDBC value [9] - [2025-04-25]
10:25:38.379 [main] DEBUG org.hibernate.orm.results - Extracted JDBC value [11] - [Test Task 1745594738375]
10:25:38.379 [main] DEBUG org.hibernate.orm.results.loading.entity - (EntityJoinedFetchInitializer) Done materializing entityInstance : org.frcpm.models.Project.tasks.{element}#1
10:25:38.379 [main] DEBUG org.hibernate.orm.results.loading.org.hibernate.orm.results.loading.collection - (BagInitializer) Reading element from row for collection [org.frcpm.models.Project.tasks#1] -> org.hibernate.collection.spi.PersistentBag@257571803
10:25:38.379 [main] DEBUG org.hibernate.orm.results.loading - Calling top-level assembler (0 / 1) : org.hibernate.sql.results.graph.collection.internal.CollectionAssembler@b9c7885
10:25:38.379 [main] DEBUG org.hibernate.orm.results - Extracted JDBC value [0] - [1]
10:25:38.379 [main] DEBUG org.hibernate.orm.results.loading.org.hibernate.orm.results.loading.collection - (BagInitializer) Current row collection key : org.frcpm.models.Project.tasks#1
10:25:38.379 [main] DEBUG org.hibernate.orm.results - Extracted JDBC value [1] - [2]
10:25:38.379 [main] DEBUG org.hibernate.orm.results.loading.entity - (EntityJoinedFetchInitializer) Hydrated EntityKey (org.frcpm.models.Project.tasks.{element}): 2
10:25:38.379 [main] DEBUG org.hibernate.orm.results.loading.org.hibernate.orm.results.loading.collection - (DelayedCollectionInitializer) Current row collection key : org.frcpm.models.Project.tasks.{element}.assignedTo#2
10:25:38.379 [main] DEBUG org.hibernate.orm.results.loading.org.hibernate.orm.results.loading.collection - (DelayedCollectionInitializer) Current row collection key : org.frcpm.models.Project.tasks.{element}.postDependencies#2
10:25:38.379 [main] DEBUG org.hibernate.orm.results.loading.org.hibernate.orm.results.loading.collection - (DelayedCollectionInitializer) Current row collection key : org.frcpm.models.Project.tasks.{element}.preDependencies#2
10:25:38.379 [main] DEBUG org.hibernate.orm.results.loading.org.hibernate.orm.results.loading.collection - (DelayedCollectionInitializer) Current row collection key : org.frcpm.models.Project.tasks.{element}.requiredComponents#2
10:25:38.379 [main] DEBUG org.hibernate.orm.results.loading.entity - (EntityJoinedFetchInitializer) Created new entity instance [org.frcpm.models.Project.tasks.{element}#2] : 527895818
10:25:38.379 [main] DEBUG org.hibernate.orm.results - Extracted JDBC value [0] - [1]
10:25:38.379 [main] DEBUG org.hibernate.orm.results - Extracted JDBC value [10] - [1]
10:25:38.379 [main] DEBUG org.hibernate.orm.results - Extracted JDBC value [2] - [null]
10:25:38.379 [main] DEBUG org.hibernate.orm.results - Extracted JDBC value [3] - [false]
10:25:38.379 [main] DEBUG org.hibernate.orm.results - Extracted JDBC value [4] - [Test task created by DatabaseTestUtil]
10:25:38.379 [main] DEBUG org.hibernate.orm.results - Extracted JDBC value [5] - [2025-05-02]
10:25:38.379 [main] DEBUG org.hibernate.orm.results - Extracted JDBC value [6] - [7200]
10:25:38.379 [main] DEBUG org.hibernate.orm.results - Extracted JDBC value [7] - [MEDIUM]
10:25:38.379 [main] DEBUG org.hibernate.orm.results - Extracted JDBC value [8] - [0]
10:25:38.379 [main] DEBUG org.hibernate.orm.results - Extracted JDBC value [9] - [2025-04-25]
10:25:38.379 [main] DEBUG org.hibernate.orm.results - Extracted JDBC value [11] - [Relationship Test Task]
10:25:38.379 [main] DEBUG org.hibernate.orm.results.loading.entity - (EntityJoinedFetchInitializer) Done materializing entityInstance : org.frcpm.models.Project.tasks.{element}#2
10:25:38.379 [main] DEBUG org.hibernate.orm.results.loading.org.hibernate.orm.results.loading.collection - (BagInitializer) Reading element from row for collection [org.frcpm.models.Project.tasks#1] -> org.hibernate.collection.spi.PersistentBag@257571803
10:25:38.379 [main] DEBUG org.hibernate.orm.results.loading - Calling top-level assembler (0 / 1) : org.hibernate.sql.results.graph.collection.internal.CollectionAssembler@b9c7885
10:25:38.379 [main] DEBUG org.hibernate.sql.results.internal.ResultsHelper - Collection fully initialized: [org.frcpm.models.Project.tasks#1]
10:25:38.379 [main] DEBUG org.hibernate.engine.transaction.internal.TransactionImpl - committing
10:25:38.379 [main] DEBUG org.hibernate.event.internal.AbstractFlushingEventListener - Processing flush-time cascades
10:25:38.382 [main] DEBUG org.hibernate.event.internal.AbstractFlushingEventListener - Dirty checking collections
10:25:38.382 [main] DEBUG org.hibernate.engine.internal.Collections - Collection found: [org.frcpm.models.Project.meetings#1], was: [org.frcpm.models.Project.meetings#1] (uninitialized)
10:25:38.382 [main] DEBUG org.hibernate.engine.internal.Collections - Collection found: [org.frcpm.models.Project.milestones#1], was: [org.frcpm.models.Project.milestones#1] (uninitialized)
10:25:38.382 [main] DEBUG org.hibernate.engine.internal.Collections - Collection found: [org.frcpm.models.Project.tasks#1], was: [org.frcpm.models.Project.tasks#1] (initialized)
10:25:38.382 [main] DEBUG org.hibernate.engine.internal.Collections - Collection found: [org.frcpm.models.Task.assignedTo#1], was: [org.frcpm.models.Task.assignedTo#1] (uninitialized)
10:25:38.382 [main] DEBUG org.hibernate.engine.internal.Collections - Collection found: [org.frcpm.models.Task.postDependencies#1], was: [org.frcpm.models.Task.postDependencies#1] (uninitialized)
10:25:38.382 [main] DEBUG org.hibernate.engine.internal.Collections - Collection found: [org.frcpm.models.Task.preDependencies#1], was: [org.frcpm.models.Task.preDependencies#1] (uninitialized)
10:25:38.382 [main] DEBUG org.hibernate.engine.internal.Collections - Collection found: [org.frcpm.models.Task.requiredComponents#1], was: [org.frcpm.models.Task.requiredComponents#1] (uninitialized)
10:25:38.382 [main] DEBUG org.hibernate.engine.internal.Collections - Collection found: [org.frcpm.models.Task.assignedTo#2], was: [org.frcpm.models.Task.assignedTo#2] (uninitialized)
10:25:38.382 [main] DEBUG org.hibernate.engine.internal.Collections - Collection found: [org.frcpm.models.Task.postDependencies#2], was: [org.frcpm.models.Task.postDependencies#2] (uninitialized)
10:25:38.382 [main] DEBUG org.hibernate.engine.internal.Collections - Collection found: [org.frcpm.models.Task.preDependencies#2], was: [org.frcpm.models.Task.preDependencies#2] (uninitialized)
10:25:38.382 [main] DEBUG org.hibernate.engine.internal.Collections - Collection found: [org.frcpm.models.Task.requiredComponents#2], was: [org.frcpm.models.Task.requiredComponents#2] (uninitialized)
10:25:38.382 [main] DEBUG org.hibernate.event.internal.AbstractFlushingEventListener - Flushed: 0 insertions, 0 updates, 0 deletions to 3 objects
10:25:38.382 [main] DEBUG org.hibernate.event.internal.AbstractFlushingEventListener - Flushed: 0 (re)creations, 0 updates, 0 removals to 11 collections
10:25:38.382 [main] DEBUG org.hibernate.internal.util.EntityPrinter - Listing entities:
10:25:38.383 [main] DEBUG org.hibernate.internal.util.EntityPrinter - org.frcpm.models.Project{hardDeadline=2025-06-06, name=Test Project 1745594738372, description=Test project for unit tests, meetings=<uninitialized>, id=1, goalEndDate=2025-05-23, milestones=<uninitialized>, startDate=2025-04-25, tasks=[org.frcpm.models.Task#1, org.frcpm.models.Task#2]}
10:25:38.383 [main] DEBUG org.hibernate.internal.util.EntityPrinter - org.frcpm.models.Task{estimatedDurationSeconds=7200, endDate=2025-05-02, description=Test task created by DatabaseTestUtil, project=org.frcpm.models.Project#1, subsystem=<uninitialized>, preDependencies=<uninitialized>, completed=false, priority=MEDIUM, title=Test Task 1745594738375, actualDurationSeconds=null, assignedTo=<uninitialized>, postDependencies=<uninitialized>, progress=0, id=1, requiredComponents=<uninitialized>, startDate=2025-04-25}
10:25:38.383 [main] DEBUG org.hibernate.internal.util.EntityPrinter - org.frcpm.models.Task{estimatedDurationSeconds=7200, endDate=2025-05-02, description=Test task created by DatabaseTestUtil, project=org.frcpm.models.Project#1, subsystem=<uninitialized>, preDependencies=<uninitialized>, completed=false, priority=MEDIUM, title=Relationship Test Task, actualDurationSeconds=null, assignedTo=<uninitialized>, postDependencies=<uninitialized>, progress=0, id=2, requiredComponents=<uninitialized>, startDate=2025-04-25}
10:25:38.383 [main] DEBUG org.hibernate.resource.jdbc.internal.LogicalConnectionManagedImpl - Initiating JDBC connection release from afterTransaction
10:25:38.383 [main] DEBUG org.hibernate.resource.jdbc.internal.LogicalConnectionManagedImpl - Initiating JDBC connection release from afterTransaction
10:25:38.383 [main] INFO org.hibernate.engine.internal.StatisticalLoggingSessionEventListener - Session Metrics {
    2600 nanoseconds spent acquiring 1 JDBC connections;
    13000 nanoseconds spent releasing 1 JDBC connections;
    124800 nanoseconds spent preparing 2 JDBC statements;
    42800 nanoseconds spent executing 2 JDBC statements;
    0 nanoseconds spent executing 0 JDBC batches;
    0 nanoseconds spent performing 0 L2C puts;
    0 nanoseconds spent performing 0 L2C hits;
    0 nanoseconds spent performing 0 L2C misses;
    3280300 nanoseconds spent executing 1 flushes (flushing a total of 3 entities and 11 collections);
    0 nanoseconds spent executing 0 pre-partial-flushes;
    0 nanoseconds spent executing 0 partial-flushes (flushing a total of 0 entities and 0 collections)
}
10:25:38.387 [FRC-PM-HikariCP connection adder] DEBUG com.zaxxer.hikari.pool.HikariPool - FRC-PM-HikariCP - After adding stats (total=2, active=0, idle=2, waiting=0)
]]></system-out>
    <system-err><![CDATA[Apr 25, 2025 10:25:38 AM org.frcpm.utils.DatabaseTestUtil createTestTask
INFO: Creating test task: Relationship Test Task
]]></system-err>
  </testcase>
  <testcase name="testDoInTransaction" classname="org.frcpm.utils.DatabaseTestUtilTest" time="0.002">
    <system-out><![CDATA[10:25:38.388 [main] DEBUG org.hibernate.engine.transaction.internal.TransactionImpl - On TransactionImpl creation, JpaCompliance#isJpaTransactionComplianceEnabled == false
10:25:38.388 [main] DEBUG org.hibernate.engine.transaction.internal.TransactionImpl - begin
10:25:38.388 [main] DEBUG org.hibernate.engine.transaction.internal.TransactionImpl - On TransactionImpl creation, JpaCompliance#isJpaTransactionComplianceEnabled == false
10:25:38.388 [main] DEBUG org.hibernate.engine.transaction.internal.TransactionImpl - begin
10:25:38.388 [main] DEBUG org.hibernate.engine.spi.ActionQueue - Executing identity-insert immediately
10:25:38.388 [main] DEBUG org.hibernate.SQL - 
    /* insert for
        org.frcpm.models.Project */insert 
    into
        projects (description, goal_end_date, hard_deadline, name, start_date, id) 
    values
        (?, ?, ?, ?, ?, default)
Hibernate: 
    /* insert for
        org.frcpm.models.Project */insert 
    into
        projects (description, goal_end_date, hard_deadline, name, start_date, id) 
    values
        (?, ?, ?, ?, ?, default)
10:25:38.388 [main] DEBUG org.hibernate.orm.results - Initializer list is empty
10:25:38.388 [main] DEBUG org.hibernate.orm.results.loading - Calling top-level assembler (0 / 1) : org.hibernate.sql.results.graph.basic.BasicResultAssembler@7997f5ec
10:25:38.388 [main] DEBUG org.hibernate.orm.results - Extracted JDBC value [0] - [2]
10:25:38.388 [main] DEBUG org.hibernate.id.IdentifierGeneratorHelper - Extracted generated values [org.frcpm.models.Project]: [Ljava.lang.Object;@2968d1a4
10:25:38.389 [main] DEBUG org.hibernate.event.internal.AbstractFlushingEventListener - Processing flush-time cascades
10:25:38.389 [main] DEBUG org.hibernate.event.internal.AbstractFlushingEventListener - Dirty checking collections
10:25:38.389 [main] DEBUG org.hibernate.engine.internal.Collections - Collection found: [org.frcpm.models.Project.meetings#2], was: [<unreferenced>] (initialized)
10:25:38.389 [main] DEBUG org.hibernate.engine.internal.Collections - Collection found: [org.frcpm.models.Project.milestones#2], was: [<unreferenced>] (initialized)
10:25:38.389 [main] DEBUG org.hibernate.engine.internal.Collections - Collection found: [org.frcpm.models.Project.tasks#2], was: [<unreferenced>] (initialized)
10:25:38.389 [main] DEBUG org.hibernate.event.internal.AbstractFlushingEventListener - Flushed: 0 insertions, 0 updates, 0 deletions to 1 objects
10:25:38.389 [main] DEBUG org.hibernate.event.internal.AbstractFlushingEventListener - Flushed: 3 (re)creations, 0 updates, 0 removals to 3 collections
10:25:38.389 [main] DEBUG org.hibernate.internal.util.EntityPrinter - Listing entities:
10:25:38.389 [main] DEBUG org.hibernate.internal.util.EntityPrinter - org.frcpm.models.Project{hardDeadline=2025-06-06, name=Transaction Test Project, description=null, meetings=[], id=2, goalEndDate=2025-05-23, milestones=[], startDate=2025-04-25, tasks=[]}
10:25:38.389 [main] DEBUG org.hibernate.engine.transaction.internal.TransactionImpl - committing
10:25:38.389 [main] DEBUG org.hibernate.event.internal.AbstractFlushingEventListener - Processing flush-time cascades
10:25:38.389 [main] DEBUG org.hibernate.event.internal.AbstractFlushingEventListener - Dirty checking collections
10:25:38.389 [main] DEBUG org.hibernate.engine.internal.Collections - Collection found: [org.frcpm.models.Project.meetings#2], was: [org.frcpm.models.Project.meetings#2] (initialized)
10:25:38.389 [main] DEBUG org.hibernate.engine.internal.Collections - Collection found: [org.frcpm.models.Project.milestones#2], was: [org.frcpm.models.Project.milestones#2] (initialized)
10:25:38.389 [main] DEBUG org.hibernate.engine.internal.Collections - Collection found: [org.frcpm.models.Project.tasks#2], was: [org.frcpm.models.Project.tasks#2] (initialized)
10:25:38.389 [main] DEBUG org.hibernate.event.internal.AbstractFlushingEventListener - Flushed: 0 insertions, 0 updates, 0 deletions to 1 objects
10:25:38.389 [main] DEBUG org.hibernate.event.internal.AbstractFlushingEventListener - Flushed: 0 (re)creations, 0 updates, 0 removals to 3 collections
10:25:38.389 [main] DEBUG org.hibernate.internal.util.EntityPrinter - Listing entities:
10:25:38.389 [main] DEBUG org.hibernate.internal.util.EntityPrinter - org.frcpm.models.Project{hardDeadline=2025-06-06, name=Transaction Test Project, description=null, meetings=[], id=2, goalEndDate=2025-05-23, milestones=[], startDate=2025-04-25, tasks=[]}
10:25:38.389 [main] DEBUG org.hibernate.resource.jdbc.internal.LogicalConnectionManagedImpl - Initiating JDBC connection release from afterTransaction
10:25:38.389 [main] DEBUG org.hibernate.resource.jdbc.internal.LogicalConnectionManagedImpl - Initiating JDBC connection release from afterTransaction
10:25:38.389 [main] INFO org.hibernate.engine.internal.StatisticalLoggingSessionEventListener - Session Metrics {
    1200 nanoseconds spent acquiring 1 JDBC connections;
    8100 nanoseconds spent releasing 1 JDBC connections;
    7400 nanoseconds spent preparing 1 JDBC statements;
    59800 nanoseconds spent executing 1 JDBC statements;
    0 nanoseconds spent executing 0 JDBC batches;
    0 nanoseconds spent performing 0 L2C puts;
    0 nanoseconds spent performing 0 L2C hits;
    0 nanoseconds spent performing 0 L2C misses;
    168500 nanoseconds spent executing 2 flushes (flushing a total of 2 entities and 6 collections);
    0 nanoseconds spent executing 0 pre-partial-flushes;
    0 nanoseconds spent executing 0 partial-flushes (flushing a total of 0 entities and 0 collections)
}
10:25:38.389 [main] DEBUG org.hibernate.engine.transaction.internal.TransactionImpl - committing
10:25:38.389 [main] DEBUG org.hibernate.resource.jdbc.internal.LogicalConnectionManagedImpl - Initiating JDBC connection release from afterTransaction
10:25:38.389 [main] DEBUG org.hibernate.resource.jdbc.internal.LogicalConnectionManagedImpl - Initiating JDBC connection release from afterTransaction
10:25:38.389 [main] INFO org.hibernate.engine.internal.StatisticalLoggingSessionEventListener - Session Metrics {
    35000 nanoseconds spent acquiring 1 JDBC connections;
    300 nanoseconds spent releasing 1 JDBC connections;
    0 nanoseconds spent preparing 0 JDBC statements;
    0 nanoseconds spent executing 0 JDBC statements;
    0 nanoseconds spent executing 0 JDBC batches;
    0 nanoseconds spent performing 0 L2C puts;
    0 nanoseconds spent performing 0 L2C hits;
    0 nanoseconds spent performing 0 L2C misses;
    0 nanoseconds spent executing 0 flushes (flushing a total of 0 entities and 0 collections);
    0 nanoseconds spent executing 0 pre-partial-flushes;
    0 nanoseconds spent executing 0 partial-flushes (flushing a total of 0 entities and 0 collections)
}
10:25:38.389 [main] DEBUG org.hibernate.orm.sql.exec - Skipping reading Query result cache data: cache-enabled = false, cache-mode = IGNORE
10:25:38.389 [main] DEBUG org.hibernate.orm.results - Initializer list:
	  org.frcpm.models.Project.meetings -> DelayedCollectionInitializer(org.frcpm.models.Project.meetings)@1352238368 (PluralAttribute(org.frcpm.models.Project.meetings))
	  org.frcpm.models.Project.tasks -> DelayedCollectionInitializer(org.frcpm.models.Project.tasks)@1307097922 (PluralAttribute(org.frcpm.models.Project.tasks))
	  org.frcpm.models.Project -> EntityResultInitializer(org.frcpm.models.Project)@194387846 (SingleTableEntityPersister(org.frcpm.models.Project))
	  org.frcpm.models.Project.milestones -> DelayedCollectionInitializer(org.frcpm.models.Project.milestones)@1687947937 (PluralAttribute(org.frcpm.models.Project.milestones))

10:25:38.389 [main] DEBUG org.hibernate.SQL - 
    select
        p1_0.id,
        p1_0.description,
        p1_0.goal_end_date,
        p1_0.hard_deadline,
        p1_0.name,
        p1_0.start_date 
    from
        projects p1_0 
    where
        p1_0.id=?
Hibernate: 
    select
        p1_0.id,
        p1_0.description,
        p1_0.goal_end_date,
        p1_0.hard_deadline,
        p1_0.name,
        p1_0.start_date 
    from
        projects p1_0 
    where
        p1_0.id=?
10:25:38.389 [main] DEBUG org.hibernate.orm.results.loading.entity - (EntityResultInitializer) Hydrated EntityKey (org.frcpm.models.Project): 2
10:25:38.389 [main] DEBUG org.hibernate.orm.results.loading.org.hibernate.orm.results.loading.collection - (DelayedCollectionInitializer) Current row collection key : org.frcpm.models.Project.meetings#2
10:25:38.389 [main] DEBUG org.hibernate.orm.results.loading.org.hibernate.orm.results.loading.collection - (DelayedCollectionInitializer) Current row collection key : org.frcpm.models.Project.milestones#2
10:25:38.389 [main] DEBUG org.hibernate.orm.results.loading.org.hibernate.orm.results.loading.collection - (DelayedCollectionInitializer) Current row collection key : org.frcpm.models.Project.tasks#2
10:25:38.389 [main] DEBUG org.hibernate.orm.results.loading.entity - (EntityResultInitializer) Created new entity instance [org.frcpm.models.Project#2] : 1272708816
10:25:38.389 [main] DEBUG org.hibernate.orm.results - Extracted JDBC value [1] - [null]
10:25:38.389 [main] DEBUG org.hibernate.orm.results - Extracted JDBC value [2] - [2025-05-23]
10:25:38.389 [main] DEBUG org.hibernate.orm.results - Extracted JDBC value [3] - [2025-06-06]
10:25:38.389 [main] DEBUG org.hibernate.orm.results - Extracted JDBC value [4] - [Transaction Test Project]
10:25:38.389 [main] DEBUG org.hibernate.orm.results - Extracted JDBC value [5] - [2025-04-25]
10:25:38.389 [main] DEBUG org.hibernate.orm.results.loading.entity - (EntityResultInitializer) Done materializing entityInstance : org.frcpm.models.Project#2
10:25:38.389 [main] DEBUG org.hibernate.orm.results.loading - Calling top-level assembler (0 / 1) : org.hibernate.sql.results.graph.entity.internal.EntityAssembler@77e81e5
10:25:38.389 [main] DEBUG org.hibernate.resource.jdbc.internal.LogicalConnectionManagedImpl - Initiating JDBC connection release from afterTransaction
10:25:38.389 [main] INFO org.hibernate.engine.internal.StatisticalLoggingSessionEventListener - Session Metrics {
    3200 nanoseconds spent acquiring 1 JDBC connections;
    2300 nanoseconds spent releasing 1 JDBC connections;
    9400 nanoseconds spent preparing 1 JDBC statements;
    31600 nanoseconds spent executing 1 JDBC statements;
    0 nanoseconds spent executing 0 JDBC batches;
    0 nanoseconds spent performing 0 L2C puts;
    0 nanoseconds spent performing 0 L2C hits;
    0 nanoseconds spent performing 0 L2C misses;
    0 nanoseconds spent executing 0 flushes (flushing a total of 0 entities and 0 collections);
    0 nanoseconds spent executing 0 pre-partial-flushes;
    0 nanoseconds spent executing 0 partial-flushes (flushing a total of 0 entities and 0 collections)
}
]]></system-out>
  </testcase>
  <testcase name="testNestedTransactions" classname="org.frcpm.utils.DatabaseTestUtilTest" time="0.006">
    <system-out><![CDATA[10:25:38.390 [main] DEBUG org.hibernate.engine.transaction.internal.TransactionImpl - On TransactionImpl creation, JpaCompliance#isJpaTransactionComplianceEnabled == false
10:25:38.390 [main] DEBUG org.hibernate.engine.transaction.internal.TransactionImpl - begin
10:25:38.390 [main] DEBUG org.hibernate.engine.transaction.internal.TransactionImpl - On TransactionImpl creation, JpaCompliance#isJpaTransactionComplianceEnabled == false
10:25:38.390 [main] DEBUG org.hibernate.engine.transaction.internal.TransactionImpl - begin
10:25:38.391 [main] DEBUG org.hibernate.engine.spi.ActionQueue - Executing identity-insert immediately
10:25:38.391 [main] DEBUG org.hibernate.SQL - 
    /* insert for
        org.frcpm.models.Project */insert 
    into
        projects (description, goal_end_date, hard_deadline, name, start_date, id) 
    values
        (?, ?, ?, ?, ?, default)
Hibernate: 
    /* insert for
        org.frcpm.models.Project */insert 
    into
        projects (description, goal_end_date, hard_deadline, name, start_date, id) 
    values
        (?, ?, ?, ?, ?, default)
10:25:38.391 [main] DEBUG org.hibernate.orm.results - Initializer list is empty
10:25:38.391 [main] DEBUG org.hibernate.orm.results.loading - Calling top-level assembler (0 / 1) : org.hibernate.sql.results.graph.basic.BasicResultAssembler@3552d110
10:25:38.391 [main] DEBUG org.hibernate.orm.results - Extracted JDBC value [0] - [3]
10:25:38.391 [main] DEBUG org.hibernate.id.IdentifierGeneratorHelper - Extracted generated values [org.frcpm.models.Project]: [Ljava.lang.Object;@5a0da9d3
10:25:38.391 [main] DEBUG org.hibernate.event.internal.AbstractFlushingEventListener - Processing flush-time cascades
10:25:38.391 [main] DEBUG org.hibernate.event.internal.AbstractFlushingEventListener - Dirty checking collections
10:25:38.391 [main] DEBUG org.hibernate.engine.internal.Collections - Collection found: [org.frcpm.models.Project.meetings#3], was: [<unreferenced>] (initialized)
10:25:38.391 [main] DEBUG org.hibernate.engine.internal.Collections - Collection found: [org.frcpm.models.Project.milestones#3], was: [<unreferenced>] (initialized)
10:25:38.391 [main] DEBUG org.hibernate.engine.internal.Collections - Collection found: [org.frcpm.models.Project.tasks#3], was: [<unreferenced>] (initialized)
10:25:38.391 [main] DEBUG org.hibernate.event.internal.AbstractFlushingEventListener - Flushed: 0 insertions, 0 updates, 0 deletions to 1 objects
10:25:38.391 [main] DEBUG org.hibernate.event.internal.AbstractFlushingEventListener - Flushed: 3 (re)creations, 0 updates, 0 removals to 3 collections
10:25:38.391 [main] DEBUG org.hibernate.internal.util.EntityPrinter - Listing entities:
10:25:38.391 [main] DEBUG org.hibernate.internal.util.EntityPrinter - org.frcpm.models.Project{hardDeadline=2025-06-06, name=Nested Transaction Project, description=null, meetings=[], id=3, goalEndDate=2025-05-23, milestones=[], startDate=2025-04-25, tasks=[]}
10:25:38.391 [main] DEBUG org.hibernate.engine.transaction.internal.TransactionImpl - committing
10:25:38.391 [main] DEBUG org.hibernate.event.internal.AbstractFlushingEventListener - Processing flush-time cascades
10:25:38.391 [main] DEBUG org.hibernate.event.internal.AbstractFlushingEventListener - Dirty checking collections
10:25:38.391 [main] DEBUG org.hibernate.engine.internal.Collections - Collection found: [org.frcpm.models.Project.meetings#3], was: [org.frcpm.models.Project.meetings#3] (initialized)
10:25:38.391 [main] DEBUG org.hibernate.engine.internal.Collections - Collection found: [org.frcpm.models.Project.milestones#3], was: [org.frcpm.models.Project.milestones#3] (initialized)
10:25:38.391 [main] DEBUG org.hibernate.engine.internal.Collections - Collection found: [org.frcpm.models.Project.tasks#3], was: [org.frcpm.models.Project.tasks#3] (initialized)
10:25:38.391 [main] DEBUG org.hibernate.event.internal.AbstractFlushingEventListener - Flushed: 0 insertions, 0 updates, 0 deletions to 1 objects
10:25:38.391 [main] DEBUG org.hibernate.event.internal.AbstractFlushingEventListener - Flushed: 0 (re)creations, 0 updates, 0 removals to 3 collections
10:25:38.391 [main] DEBUG org.hibernate.internal.util.EntityPrinter - Listing entities:
10:25:38.392 [main] DEBUG org.hibernate.internal.util.EntityPrinter - org.frcpm.models.Project{hardDeadline=2025-06-06, name=Nested Transaction Project, description=null, meetings=[], id=3, goalEndDate=2025-05-23, milestones=[], startDate=2025-04-25, tasks=[]}
10:25:38.392 [main] DEBUG org.hibernate.resource.jdbc.internal.LogicalConnectionManagedImpl - Initiating JDBC connection release from afterTransaction
10:25:38.392 [main] DEBUG org.hibernate.resource.jdbc.internal.LogicalConnectionManagedImpl - Initiating JDBC connection release from afterTransaction
10:25:38.392 [main] INFO org.hibernate.engine.internal.StatisticalLoggingSessionEventListener - Session Metrics {
    2500 nanoseconds spent acquiring 1 JDBC connections;
    10500 nanoseconds spent releasing 1 JDBC connections;
    13500 nanoseconds spent preparing 1 JDBC statements;
    113900 nanoseconds spent executing 1 JDBC statements;
    0 nanoseconds spent executing 0 JDBC batches;
    0 nanoseconds spent performing 0 L2C puts;
    0 nanoseconds spent performing 0 L2C hits;
    0 nanoseconds spent performing 0 L2C misses;
    309400 nanoseconds spent executing 2 flushes (flushing a total of 2 entities and 6 collections);
    0 nanoseconds spent executing 0 pre-partial-flushes;
    0 nanoseconds spent executing 0 partial-flushes (flushing a total of 0 entities and 0 collections)
}
10:25:38.392 [main] DEBUG org.hibernate.engine.transaction.internal.TransactionImpl - committing
10:25:38.392 [main] DEBUG org.hibernate.resource.jdbc.internal.LogicalConnectionManagedImpl - Initiating JDBC connection release from afterTransaction
10:25:38.392 [main] DEBUG org.hibernate.resource.jdbc.internal.LogicalConnectionManagedImpl - Initiating JDBC connection release from afterTransaction
10:25:38.392 [main] INFO org.hibernate.engine.internal.StatisticalLoggingSessionEventListener - Session Metrics {
    13800 nanoseconds spent acquiring 1 JDBC connections;
    500 nanoseconds spent releasing 1 JDBC connections;
    0 nanoseconds spent preparing 0 JDBC statements;
    0 nanoseconds spent executing 0 JDBC statements;
    0 nanoseconds spent executing 0 JDBC batches;
    0 nanoseconds spent performing 0 L2C puts;
    0 nanoseconds spent performing 0 L2C hits;
    0 nanoseconds spent performing 0 L2C misses;
    0 nanoseconds spent executing 0 flushes (flushing a total of 0 entities and 0 collections);
    0 nanoseconds spent executing 0 pre-partial-flushes;
    0 nanoseconds spent executing 0 partial-flushes (flushing a total of 0 entities and 0 collections)
}
10:25:38.392 [main] DEBUG org.hibernate.engine.transaction.internal.TransactionImpl - On TransactionImpl creation, JpaCompliance#isJpaTransactionComplianceEnabled == false
10:25:38.392 [main] DEBUG org.hibernate.engine.transaction.internal.TransactionImpl - begin
10:25:38.392 [main] DEBUG org.hibernate.engine.transaction.internal.TransactionImpl - On TransactionImpl creation, JpaCompliance#isJpaTransactionComplianceEnabled == false
10:25:38.392 [main] DEBUG org.hibernate.engine.transaction.internal.TransactionImpl - begin
10:25:38.392 [main] DEBUG org.hibernate.orm.sql.exec - Skipping reading Query result cache data: cache-enabled = false, cache-mode = IGNORE
10:25:38.392 [main] DEBUG org.hibernate.orm.results - Initializer list:
	  org.frcpm.models.Project.meetings -> DelayedCollectionInitializer(org.frcpm.models.Project.meetings)@160494587 (PluralAttribute(org.frcpm.models.Project.meetings))
	  org.frcpm.models.Project.tasks -> DelayedCollectionInitializer(org.frcpm.models.Project.tasks)@711551368 (PluralAttribute(org.frcpm.models.Project.tasks))
	  org.frcpm.models.Project -> EntityResultInitializer(org.frcpm.models.Project)@488443431 (SingleTableEntityPersister(org.frcpm.models.Project))
	  org.frcpm.models.Project.milestones -> DelayedCollectionInitializer(org.frcpm.models.Project.milestones)@255027603 (PluralAttribute(org.frcpm.models.Project.milestones))

10:25:38.392 [main] DEBUG org.hibernate.SQL - 
    select
        p1_0.id,
        p1_0.description,
        p1_0.goal_end_date,
        p1_0.hard_deadline,
        p1_0.name,
        p1_0.start_date 
    from
        projects p1_0 
    where
        p1_0.id=?
Hibernate: 
    select
        p1_0.id,
        p1_0.description,
        p1_0.goal_end_date,
        p1_0.hard_deadline,
        p1_0.name,
        p1_0.start_date 
    from
        projects p1_0 
    where
        p1_0.id=?
10:25:38.392 [main] DEBUG org.hibernate.orm.results.loading.entity - (EntityResultInitializer) Hydrated EntityKey (org.frcpm.models.Project): 3
10:25:38.392 [main] DEBUG org.hibernate.orm.results.loading.org.hibernate.orm.results.loading.collection - (DelayedCollectionInitializer) Current row collection key : org.frcpm.models.Project.meetings#3
10:25:38.392 [main] DEBUG org.hibernate.orm.results.loading.org.hibernate.orm.results.loading.collection - (DelayedCollectionInitializer) Current row collection key : org.frcpm.models.Project.milestones#3
10:25:38.392 [main] DEBUG org.hibernate.orm.results.loading.org.hibernate.orm.results.loading.collection - (DelayedCollectionInitializer) Current row collection key : org.frcpm.models.Project.tasks#3
10:25:38.392 [main] DEBUG org.hibernate.orm.results.loading.entity - (EntityResultInitializer) Created new entity instance [org.frcpm.models.Project#3] : 367986221
10:25:38.392 [main] DEBUG org.hibernate.orm.results - Extracted JDBC value [1] - [null]
10:25:38.392 [main] DEBUG org.hibernate.orm.results - Extracted JDBC value [2] - [2025-05-23]
10:25:38.392 [main] DEBUG org.hibernate.orm.results - Extracted JDBC value [3] - [2025-06-06]
10:25:38.392 [main] DEBUG org.hibernate.orm.results - Extracted JDBC value [4] - [Nested Transaction Project]
10:25:38.392 [main] DEBUG org.hibernate.orm.results - Extracted JDBC value [5] - [2025-04-25]
10:25:38.392 [main] DEBUG org.hibernate.orm.results.loading.entity - (EntityResultInitializer) Done materializing entityInstance : org.frcpm.models.Project#3
10:25:38.392 [main] DEBUG org.hibernate.orm.results.loading - Calling top-level assembler (0 / 1) : org.hibernate.sql.results.graph.entity.internal.EntityAssembler@2d56b476
10:25:38.393 [main] DEBUG org.hibernate.engine.spi.ActionQueue - Executing identity-insert immediately
10:25:38.393 [main] DEBUG org.hibernate.SQL - 
    /* insert for
        org.frcpm.models.Task */insert 
    into
        tasks (actual_duration_seconds, completed, description, end_date, estimated_duration_seconds, priority, progress, project_id, start_date, subsystem_id, title, id) 
    values
        (?, ?, ?, ?, ?, ?, ?, ?, ?, ?, ?, default)
Hibernate: 
    /* insert for
        org.frcpm.models.Task */insert 
    into
        tasks (actual_duration_seconds, completed, description, end_date, estimated_duration_seconds, priority, progress, project_id, start_date, subsystem_id, title, id) 
    values
        (?, ?, ?, ?, ?, ?, ?, ?, ?, ?, ?, default)
10:25:38.393 [main] DEBUG org.hibernate.orm.results - Initializer list is empty
10:25:38.393 [main] DEBUG org.hibernate.orm.results.loading - Calling top-level assembler (0 / 1) : org.hibernate.sql.results.graph.basic.BasicResultAssembler@726c8880
10:25:38.393 [main] DEBUG org.hibernate.orm.results - Extracted JDBC value [0] - [3]
10:25:38.393 [main] DEBUG org.hibernate.id.IdentifierGeneratorHelper - Extracted generated values [org.frcpm.models.Task]: [Ljava.lang.Object;@30ba12d6
10:25:38.393 [main] DEBUG org.hibernate.event.internal.AbstractFlushingEventListener - Processing flush-time cascades
10:25:38.393 [main] DEBUG org.hibernate.event.internal.AbstractFlushingEventListener - Dirty checking collections
10:25:38.393 [main] DEBUG org.hibernate.engine.internal.Collections - Collection found: [org.frcpm.models.Project.meetings#3], was: [org.frcpm.models.Project.meetings#3] (uninitialized)
10:25:38.393 [main] DEBUG org.hibernate.engine.internal.Collections - Collection found: [org.frcpm.models.Project.milestones#3], was: [org.frcpm.models.Project.milestones#3] (uninitialized)
10:25:38.393 [main] DEBUG org.hibernate.engine.internal.Collections - Collection found: [org.frcpm.models.Project.tasks#3], was: [org.frcpm.models.Project.tasks#3] (uninitialized)
10:25:38.393 [main] DEBUG org.hibernate.engine.internal.Collections - Collection found: [org.frcpm.models.Task.assignedTo#3], was: [<unreferenced>] (initialized)
10:25:38.393 [main] DEBUG org.hibernate.engine.internal.Collections - Collection found: [org.frcpm.models.Task.postDependencies#3], was: [<unreferenced>] (initialized)
10:25:38.393 [main] DEBUG org.hibernate.engine.internal.Collections - Collection found: [org.frcpm.models.Task.preDependencies#3], was: [<unreferenced>] (initialized)
10:25:38.393 [main] DEBUG org.hibernate.engine.internal.Collections - Collection found: [org.frcpm.models.Task.requiredComponents#3], was: [<unreferenced>] (initialized)
10:25:38.393 [main] DEBUG org.hibernate.event.internal.AbstractFlushingEventListener - Flushed: 0 insertions, 0 updates, 0 deletions to 2 objects
10:25:38.393 [main] DEBUG org.hibernate.event.internal.AbstractFlushingEventListener - Flushed: 4 (re)creations, 0 updates, 0 removals to 7 collections
10:25:38.393 [main] DEBUG org.hibernate.internal.util.EntityPrinter - Listing entities:
10:25:38.393 [main] DEBUG org.hibernate.internal.util.EntityPrinter - org.frcpm.models.Task{estimatedDurationSeconds=3600, endDate=null, description=null, project=org.frcpm.models.Project#3, subsystem=org.frcpm.models.Subsystem#1, preDependencies=[], completed=false, priority=MEDIUM, title=Nested Transaction Task, actualDurationSeconds=null, assignedTo=[], postDependencies=[], progress=0, id=3, requiredComponents=[], startDate=null}
10:25:38.393 [main] DEBUG org.hibernate.internal.util.EntityPrinter - org.frcpm.models.Project{hardDeadline=2025-06-06, name=Nested Transaction Project, description=null, meetings=<uninitialized>, id=3, goalEndDate=2025-05-23, milestones=<uninitialized>, startDate=2025-04-25, tasks=<uninitialized>}
10:25:38.393 [main] DEBUG org.hibernate.orm.jdbc.mutation - Inserting collection rows - org.frcpm.models.Task.assignedTo : 3
10:25:38.393 [main] DEBUG org.hibernate.orm.jdbc.mutation - No collection rows to insert - org.frcpm.models.Task.assignedTo : 3
10:25:38.393 [main] DEBUG org.hibernate.orm.jdbc.mutation - Inserting collection rows - org.frcpm.models.Task.preDependencies : 3
10:25:38.393 [main] DEBUG org.hibernate.orm.jdbc.mutation - No collection rows to insert - org.frcpm.models.Task.preDependencies : 3
10:25:38.393 [main] DEBUG org.hibernate.orm.jdbc.mutation - Inserting collection rows - org.frcpm.models.Task.requiredComponents : 3
10:25:38.393 [main] DEBUG org.hibernate.orm.jdbc.mutation - No collection rows to insert - org.frcpm.models.Task.requiredComponents : 3
10:25:38.393 [main] DEBUG org.hibernate.engine.transaction.internal.TransactionImpl - committing
10:25:38.393 [main] DEBUG org.hibernate.event.internal.AbstractFlushingEventListener - Processing flush-time cascades
10:25:38.393 [main] DEBUG org.hibernate.event.internal.AbstractFlushingEventListener - Dirty checking collections
10:25:38.393 [main] DEBUG org.hibernate.engine.internal.Collections - Collection found: [org.frcpm.models.Project.meetings#3], was: [org.frcpm.models.Project.meetings#3] (uninitialized)
10:25:38.393 [main] DEBUG org.hibernate.engine.internal.Collections - Collection found: [org.frcpm.models.Project.milestones#3], was: [org.frcpm.models.Project.milestones#3] (uninitialized)
10:25:38.393 [main] DEBUG org.hibernate.engine.internal.Collections - Collection found: [org.frcpm.models.Project.tasks#3], was: [org.frcpm.models.Project.tasks#3] (uninitialized)
10:25:38.393 [main] DEBUG org.hibernate.engine.internal.Collections - Collection found: [org.frcpm.models.Task.assignedTo#3], was: [org.frcpm.models.Task.assignedTo#3] (initialized)
10:25:38.393 [main] DEBUG org.hibernate.engine.internal.Collections - Collection found: [org.frcpm.models.Task.postDependencies#3], was: [org.frcpm.models.Task.postDependencies#3] (initialized)
10:25:38.393 [main] DEBUG org.hibernate.engine.internal.Collections - Collection found: [org.frcpm.models.Task.preDependencies#3], was: [org.frcpm.models.Task.preDependencies#3] (initialized)
10:25:38.393 [main] DEBUG org.hibernate.engine.internal.Collections - Collection found: [org.frcpm.models.Task.requiredComponents#3], was: [org.frcpm.models.Task.requiredComponents#3] (initialized)
10:25:38.393 [main] DEBUG org.hibernate.event.internal.AbstractFlushingEventListener - Flushed: 0 insertions, 0 updates, 0 deletions to 2 objects
10:25:38.393 [main] DEBUG org.hibernate.event.internal.AbstractFlushingEventListener - Flushed: 0 (re)creations, 0 updates, 0 removals to 7 collections
10:25:38.393 [main] DEBUG org.hibernate.internal.util.EntityPrinter - Listing entities:
10:25:38.393 [main] DEBUG org.hibernate.internal.util.EntityPrinter - org.frcpm.models.Task{estimatedDurationSeconds=3600, endDate=null, description=null, project=org.frcpm.models.Project#3, subsystem=org.frcpm.models.Subsystem#1, preDependencies=[], completed=false, priority=MEDIUM, title=Nested Transaction Task, actualDurationSeconds=null, assignedTo=[], postDependencies=[], progress=0, id=3, requiredComponents=[], startDate=null}
10:25:38.393 [main] DEBUG org.hibernate.internal.util.EntityPrinter - org.frcpm.models.Project{hardDeadline=2025-06-06, name=Nested Transaction Project, description=null, meetings=<uninitialized>, id=3, goalEndDate=2025-05-23, milestones=<uninitialized>, startDate=2025-04-25, tasks=<uninitialized>}
10:25:38.394 [main] DEBUG org.hibernate.resource.jdbc.internal.LogicalConnectionManagedImpl - Initiating JDBC connection release from afterTransaction
10:25:38.394 [main] DEBUG org.hibernate.resource.jdbc.internal.LogicalConnectionManagedImpl - Initiating JDBC connection release from afterTransaction
10:25:38.394 [main] INFO org.hibernate.engine.internal.StatisticalLoggingSessionEventListener - Session Metrics {
    400 nanoseconds spent acquiring 1 JDBC connections;
    11500 nanoseconds spent releasing 1 JDBC connections;
    176500 nanoseconds spent preparing 2 JDBC statements;
    130000 nanoseconds spent executing 2 JDBC statements;
    0 nanoseconds spent executing 0 JDBC batches;
    0 nanoseconds spent performing 0 L2C puts;
    0 nanoseconds spent performing 0 L2C hits;
    0 nanoseconds spent performing 0 L2C misses;
    388800 nanoseconds spent executing 2 flushes (flushing a total of 4 entities and 14 collections);
    0 nanoseconds spent executing 0 pre-partial-flushes;
    0 nanoseconds spent executing 0 partial-flushes (flushing a total of 0 entities and 0 collections)
}
10:25:38.394 [main] DEBUG org.hibernate.engine.transaction.internal.TransactionImpl - committing
10:25:38.394 [main] DEBUG org.hibernate.resource.jdbc.internal.LogicalConnectionManagedImpl - Initiating JDBC connection release from afterTransaction
10:25:38.394 [main] DEBUG org.hibernate.resource.jdbc.internal.LogicalConnectionManagedImpl - Initiating JDBC connection release from afterTransaction
10:25:38.394 [main] INFO org.hibernate.engine.internal.StatisticalLoggingSessionEventListener - Session Metrics {
    6800 nanoseconds spent acquiring 1 JDBC connections;
    600 nanoseconds spent releasing 1 JDBC connections;
    0 nanoseconds spent preparing 0 JDBC statements;
    0 nanoseconds spent executing 0 JDBC statements;
    0 nanoseconds spent executing 0 JDBC batches;
    0 nanoseconds spent performing 0 L2C puts;
    0 nanoseconds spent performing 0 L2C hits;
    0 nanoseconds spent performing 0 L2C misses;
    0 nanoseconds spent executing 0 flushes (flushing a total of 0 entities and 0 collections);
    0 nanoseconds spent executing 0 pre-partial-flushes;
    0 nanoseconds spent executing 0 partial-flushes (flushing a total of 0 entities and 0 collections)
}
10:25:38.394 [main] DEBUG org.hibernate.orm.sql.exec - Skipping reading Query result cache data: cache-enabled = false, cache-mode = IGNORE
10:25:38.394 [main] DEBUG org.hibernate.orm.results - Initializer list:
	  org.frcpm.models.Project.meetings -> DelayedCollectionInitializer(org.frcpm.models.Project.meetings)@1623090081 (PluralAttribute(org.frcpm.models.Project.meetings))
	  org.frcpm.models.Project.tasks -> DelayedCollectionInitializer(org.frcpm.models.Project.tasks)@1605809140 (PluralAttribute(org.frcpm.models.Project.tasks))
	  org.frcpm.models.Project -> EntityResultInitializer(org.frcpm.models.Project)@1233651722 (SingleTableEntityPersister(org.frcpm.models.Project))
	  org.frcpm.models.Project.milestones -> DelayedCollectionInitializer(org.frcpm.models.Project.milestones)@692363087 (PluralAttribute(org.frcpm.models.Project.milestones))

10:25:38.394 [main] DEBUG org.hibernate.SQL - 
    select
        p1_0.id,
        p1_0.description,
        p1_0.goal_end_date,
        p1_0.hard_deadline,
        p1_0.name,
        p1_0.start_date 
    from
        projects p1_0 
    where
        p1_0.id=?
Hibernate: 
    select
        p1_0.id,
        p1_0.description,
        p1_0.goal_end_date,
        p1_0.hard_deadline,
        p1_0.name,
        p1_0.start_date 
    from
        projects p1_0 
    where
        p1_0.id=?
10:25:38.394 [main] DEBUG org.hibernate.orm.results.loading.entity - (EntityResultInitializer) Hydrated EntityKey (org.frcpm.models.Project): 3
10:25:38.394 [main] DEBUG org.hibernate.orm.results.loading.org.hibernate.orm.results.loading.collection - (DelayedCollectionInitializer) Current row collection key : org.frcpm.models.Project.meetings#3
10:25:38.394 [main] DEBUG org.hibernate.orm.results.loading.org.hibernate.orm.results.loading.collection - (DelayedCollectionInitializer) Current row collection key : org.frcpm.models.Project.milestones#3
10:25:38.394 [main] DEBUG org.hibernate.orm.results.loading.org.hibernate.orm.results.loading.collection - (DelayedCollectionInitializer) Current row collection key : org.frcpm.models.Project.tasks#3
10:25:38.394 [main] DEBUG org.hibernate.orm.results.loading.entity - (EntityResultInitializer) Created new entity instance [org.frcpm.models.Project#3] : 1509356880
10:25:38.394 [main] DEBUG org.hibernate.orm.results - Extracted JDBC value [1] - [null]
10:25:38.394 [main] DEBUG org.hibernate.orm.results - Extracted JDBC value [2] - [2025-05-23]
10:25:38.394 [main] DEBUG org.hibernate.orm.results - Extracted JDBC value [3] - [2025-06-06]
10:25:38.394 [main] DEBUG org.hibernate.orm.results - Extracted JDBC value [4] - [Nested Transaction Project]
10:25:38.394 [main] DEBUG org.hibernate.orm.results - Extracted JDBC value [5] - [2025-04-25]
10:25:38.394 [main] DEBUG org.hibernate.orm.results.loading.entity - (EntityResultInitializer) Done materializing entityInstance : org.frcpm.models.Project#3
10:25:38.394 [main] DEBUG org.hibernate.orm.results.loading - Calling top-level assembler (0 / 1) : org.hibernate.sql.results.graph.entity.internal.EntityAssembler@49aac243
10:25:38.394 [main] DEBUG org.hibernate.resource.jdbc.internal.LogicalConnectionManagedImpl - Initiating JDBC connection release from afterTransaction
10:25:38.395 [main] DEBUG org.hibernate.orm.sql.exec - Skipping reading Query result cache data: cache-enabled = false, cache-mode = IGNORE
10:25:38.395 [main] DEBUG org.hibernate.orm.results - Initializer list:
	  org.frcpm.models.Task.preDependencies -> DelayedCollectionInitializer(org.frcpm.models.Task.preDependencies)@816359223 (PluralAttribute(org.frcpm.models.Task.preDependencies))
	  org.frcpm.models.Task.project -> EntityDelayedFetchInitializer(org.frcpm.models.Task.project)@453612997 (ToOneAttributeMapping(NavigableRole[org.frcpm.models.Task.project])@874090445)
	  org.frcpm.models.Task.subsystem -> EntityDelayedFetchInitializer(org.frcpm.models.Task.subsystem)@2064495974 (ToOneAttributeMapping(NavigableRole[org.frcpm.models.Task.subsystem])@1231086679)
	  org.frcpm.models.Task.postDependencies -> DelayedCollectionInitializer(org.frcpm.models.Task.postDependencies)@1680525470 (PluralAttribute(org.frcpm.models.Task.postDependencies))
	  org.frcpm.models.Task.assignedTo -> DelayedCollectionInitializer(org.frcpm.models.Task.assignedTo)@298732083 (PluralAttribute(org.frcpm.models.Task.assignedTo))
	  org.frcpm.models.Task.requiredComponents -> DelayedCollectionInitializer(org.frcpm.models.Task.requiredComponents)@1186878066 (PluralAttribute(org.frcpm.models.Task.requiredComponents))
	  org.frcpm.models.Task -> EntityResultInitializer(org.frcpm.models.Task)@1351510342 (SingleTableEntityPersister(org.frcpm.models.Task))

10:25:38.395 [main] DEBUG org.hibernate.SQL - 
    select
        t1_0.id,
        t1_0.actual_duration_seconds,
        t1_0.completed,
        t1_0.description,
        t1_0.end_date,
        t1_0.estimated_duration_seconds,
        t1_0.priority,
        t1_0.progress,
        t1_0.project_id,
        t1_0.start_date,
        t1_0.subsystem_id,
        t1_0.title 
    from
        tasks t1_0 
    where
        t1_0.id=?
Hibernate: 
    select
        t1_0.id,
        t1_0.actual_duration_seconds,
        t1_0.completed,
        t1_0.description,
        t1_0.end_date,
        t1_0.estimated_duration_seconds,
        t1_0.priority,
        t1_0.progress,
        t1_0.project_id,
        t1_0.start_date,
        t1_0.subsystem_id,
        t1_0.title 
    from
        tasks t1_0 
    where
        t1_0.id=?
10:25:38.395 [main] DEBUG org.hibernate.orm.results.loading.entity - (EntityResultInitializer) Hydrated EntityKey (org.frcpm.models.Task): 3
10:25:38.395 [main] DEBUG org.hibernate.orm.results.loading.org.hibernate.orm.results.loading.collection - (DelayedCollectionInitializer) Current row collection key : org.frcpm.models.Task.assignedTo#3
10:25:38.395 [main] DEBUG org.hibernate.orm.results.loading.org.hibernate.orm.results.loading.collection - (DelayedCollectionInitializer) Current row collection key : org.frcpm.models.Task.postDependencies#3
10:25:38.395 [main] DEBUG org.hibernate.orm.results.loading.org.hibernate.orm.results.loading.collection - (DelayedCollectionInitializer) Current row collection key : org.frcpm.models.Task.preDependencies#3
10:25:38.395 [main] DEBUG org.hibernate.orm.results.loading.org.hibernate.orm.results.loading.collection - (DelayedCollectionInitializer) Current row collection key : org.frcpm.models.Task.requiredComponents#3
10:25:38.395 [main] DEBUG org.hibernate.orm.results.loading.entity - (EntityResultInitializer) Created new entity instance [org.frcpm.models.Task#3] : 892836831
10:25:38.395 [main] DEBUG org.hibernate.orm.results - Extracted JDBC value [8] - [3]
10:25:38.395 [main] DEBUG org.hibernate.orm.results - Extracted JDBC value [10] - [1]
10:25:38.395 [main] DEBUG org.hibernate.orm.results - Extracted JDBC value [1] - [null]
10:25:38.395 [main] DEBUG org.hibernate.orm.results - Extracted JDBC value [2] - [false]
10:25:38.395 [main] DEBUG org.hibernate.orm.results - Extracted JDBC value [3] - [null]
10:25:38.395 [main] DEBUG org.hibernate.orm.results - Extracted JDBC value [4] - [null]
10:25:38.395 [main] DEBUG org.hibernate.orm.results - Extracted JDBC value [5] - [3600]
10:25:38.395 [main] DEBUG org.hibernate.orm.results - Extracted JDBC value [6] - [MEDIUM]
10:25:38.395 [main] DEBUG org.hibernate.orm.results - Extracted JDBC value [7] - [0]
10:25:38.395 [main] DEBUG org.hibernate.orm.results - Extracted JDBC value [9] - [null]
10:25:38.395 [main] DEBUG org.hibernate.orm.results - Extracted JDBC value [11] - [Nested Transaction Task]
10:25:38.395 [main] DEBUG org.hibernate.orm.results.loading.entity - (EntityResultInitializer) Done materializing entityInstance : org.frcpm.models.Task#3
10:25:38.395 [main] DEBUG org.hibernate.orm.results.loading - Calling top-level assembler (0 / 1) : org.hibernate.sql.results.graph.entity.internal.EntityAssembler@8850ef3
10:25:38.395 [main] DEBUG org.hibernate.resource.jdbc.internal.LogicalConnectionManagedImpl - Initiating JDBC connection release from afterTransaction
10:25:38.395 [main] INFO org.hibernate.engine.internal.StatisticalLoggingSessionEventListener - Session Metrics {
    22100 nanoseconds spent acquiring 2 JDBC connections;
    17100 nanoseconds spent releasing 2 JDBC connections;
    203700 nanoseconds spent preparing 2 JDBC statements;
    149600 nanoseconds spent executing 2 JDBC statements;
    0 nanoseconds spent executing 0 JDBC batches;
    0 nanoseconds spent performing 0 L2C puts;
    0 nanoseconds spent performing 0 L2C hits;
    0 nanoseconds spent performing 0 L2C misses;
    0 nanoseconds spent executing 0 flushes (flushing a total of 0 entities and 0 collections);
    0 nanoseconds spent executing 0 pre-partial-flushes;
    0 nanoseconds spent executing 0 partial-flushes (flushing a total of 0 entities and 0 collections)
}
]]></system-out>
  </testcase>
  <testcase name="testTransactionRollback" classname="org.frcpm.utils.DatabaseTestUtilTest" time="0.009">
    <system-out><![CDATA[10:25:38.398 [main] DEBUG org.hibernate.orm.sql.ast.create - Created new SQL alias : p1_0
10:25:38.399 [main] DEBUG org.hibernate.orm.sql.ast.create - Registration of TableGroup [StandardTableGroup(org.frcpm.models.Project(959754687961000))] with identifierForTableGroup [org.frcpm.models.Project] for NavigablePath [org.frcpm.models.Project] 
10:25:38.399 [main] DEBUG org.hibernate.orm.results.graph.AST - DomainResult Graph:
 \-BasicResult

10:25:38.399 [main] DEBUG org.hibernate.orm.sql.ast.tree - SQL AST Tree:
    SelectStatement {
      FromClause {
        StandardTableGroup (p1 : org.frcpm.models.Project(959754687961000)) {
          primaryTableReference : projects as p1_0
        }
      }
    }

10:25:38.399 [main] DEBUG org.hibernate.orm.sql.exec - Skipping reading Query result cache data: cache-enabled = false, cache-mode = NORMAL
10:25:38.399 [main] DEBUG org.hibernate.orm.results - Initializer list is empty
10:25:38.399 [main] DEBUG org.hibernate.SQL - 
    /* <criteria> */ select
        count(p1_0.id) 
    from
        projects p1_0
Hibernate: 
    /* <criteria> */ select
        count(p1_0.id) 
    from
        projects p1_0
10:25:38.399 [main] DEBUG org.hibernate.orm.results.loading - Calling top-level assembler (0 / 1) : org.hibernate.sql.results.graph.basic.BasicResultAssembler@dcc4193
10:25:38.399 [main] DEBUG org.hibernate.orm.results - Extracted JDBC value [0] - [3]
10:25:38.399 [main] DEBUG org.hibernate.stat.internal.StatisticsImpl - HHH000117: HQL: [CRITERIA] select count(p1_0.id) from projects p1_0, time: 0ms, rows: 1
10:25:38.399 [main] DEBUG org.hibernate.resource.jdbc.internal.LogicalConnectionManagedImpl - Initiating JDBC connection release from afterTransaction
10:25:38.399 [main] DEBUG org.hibernate.resource.jdbc.internal.LogicalConnectionManagedImpl - Initiating JDBC connection release from afterTransaction
10:25:38.399 [main] INFO org.hibernate.engine.internal.StatisticalLoggingSessionEventListener - Session Metrics {
    12000 nanoseconds spent acquiring 1 JDBC connections;
    12700 nanoseconds spent releasing 1 JDBC connections;
    165300 nanoseconds spent preparing 1 JDBC statements;
    69300 nanoseconds spent executing 1 JDBC statements;
    0 nanoseconds spent executing 0 JDBC batches;
    0 nanoseconds spent performing 0 L2C puts;
    0 nanoseconds spent performing 0 L2C hits;
    0 nanoseconds spent performing 0 L2C misses;
    0 nanoseconds spent executing 0 flushes (flushing a total of 0 entities and 0 collections);
    0 nanoseconds spent executing 0 pre-partial-flushes;
    0 nanoseconds spent executing 0 partial-flushes (flushing a total of 0 entities and 0 collections)
}
10:25:38.399 [main] DEBUG org.hibernate.engine.transaction.internal.TransactionImpl - On TransactionImpl creation, JpaCompliance#isJpaTransactionComplianceEnabled == false
10:25:38.399 [main] DEBUG org.hibernate.engine.transaction.internal.TransactionImpl - begin
10:25:38.399 [main] DEBUG org.hibernate.engine.spi.ActionQueue - Executing identity-insert immediately
10:25:38.399 [main] DEBUG org.hibernate.SQL - 
    /* insert for
        org.frcpm.models.Project */insert 
    into
        projects (description, goal_end_date, hard_deadline, name, start_date, id) 
    values
        (?, ?, ?, ?, ?, default)
Hibernate: 
    /* insert for
        org.frcpm.models.Project */insert 
    into
        projects (description, goal_end_date, hard_deadline, name, start_date, id) 
    values
        (?, ?, ?, ?, ?, default)
10:25:38.400 [main] DEBUG org.hibernate.orm.results - Initializer list is empty
10:25:38.400 [main] DEBUG org.hibernate.orm.results.loading - Calling top-level assembler (0 / 1) : org.hibernate.sql.results.graph.basic.BasicResultAssembler@1b4b0c0
10:25:38.400 [main] DEBUG org.hibernate.orm.results - Extracted JDBC value [0] - [4]
10:25:38.400 [main] DEBUG org.hibernate.id.IdentifierGeneratorHelper - Extracted generated values [org.frcpm.models.Project]: [Ljava.lang.Object;@7102d7a0
10:25:38.400 [main] DEBUG org.hibernate.engine.transaction.internal.TransactionImpl - rolling back
10:25:38.400 [main] DEBUG org.hibernate.resource.jdbc.internal.LogicalConnectionManagedImpl - Initiating JDBC connection release from afterTransaction
10:25:38.400 [main] DEBUG org.hibernate.resource.jdbc.internal.LogicalConnectionManagedImpl - Initiating JDBC connection release from afterTransaction
10:25:38.401 [main] INFO org.hibernate.engine.internal.StatisticalLoggingSessionEventListener - Session Metrics {
    6000 nanoseconds spent acquiring 1 JDBC connections;
    12800 nanoseconds spent releasing 1 JDBC connections;
    159300 nanoseconds spent preparing 1 JDBC statements;
    91600 nanoseconds spent executing 1 JDBC statements;
    0 nanoseconds spent executing 0 JDBC batches;
    0 nanoseconds spent performing 0 L2C puts;
    0 nanoseconds spent performing 0 L2C hits;
    0 nanoseconds spent performing 0 L2C misses;
    0 nanoseconds spent executing 0 flushes (flushing a total of 0 entities and 0 collections);
    0 nanoseconds spent executing 0 pre-partial-flushes;
    0 nanoseconds spent executing 0 partial-flushes (flushing a total of 0 entities and 0 collections)
}
10:25:38.402 [main] DEBUG org.hibernate.orm.sql.ast.create - Created new SQL alias : p1_0
10:25:38.402 [main] DEBUG org.hibernate.orm.sql.ast.create - Registration of TableGroup [StandardTableGroup(org.frcpm.models.Project(959754691179400))] with identifierForTableGroup [org.frcpm.models.Project] for NavigablePath [org.frcpm.models.Project] 
10:25:38.403 [main] DEBUG org.hibernate.orm.results.graph.AST - DomainResult Graph:
 \-EntityResultImpl [org.frcpm.models.Project(959754691179400)]
 |  +-BasicFetch [org.frcpm.models.Project(959754691179400).description]
 |  +-BasicFetch [org.frcpm.models.Project(959754691179400).goalEndDate]
 |  +-BasicFetch [org.frcpm.models.Project(959754691179400).hardDeadline]
 |  +-DelayedCollectionFetch [org.frcpm.models.Project(959754691179400).meetings]
 |  +-DelayedCollectionFetch [org.frcpm.models.Project(959754691179400).milestones]
 |  +-BasicFetch [org.frcpm.models.Project(959754691179400).name]
 |  +-BasicFetch [org.frcpm.models.Project(959754691179400).startDate]
 |  \-DelayedCollectionFetch [org.frcpm.models.Project(959754691179400).tasks]

10:25:38.403 [main] DEBUG org.hibernate.orm.sql.ast.tree - SQL AST Tree:
    SelectStatement {
      FromClause {
        StandardTableGroup (p1 : org.frcpm.models.Project(959754691179400)) {
          primaryTableReference : projects as p1_0
        }
      }
    }

10:25:38.403 [main] DEBUG org.hibernate.orm.sql.exec - Skipping reading Query result cache data: cache-enabled = false, cache-mode = NORMAL
10:25:38.403 [main] DEBUG org.hibernate.orm.results - Initializer list:
	  org.frcpm.models.Project(959754691179400).milestones -> DelayedCollectionInitializer(org.frcpm.models.Project(959754691179400).milestones)@1694151813 (PluralAttribute(org.frcpm.models.Project.milestones))
	  org.frcpm.models.Project(959754691179400) -> EntityResultInitializer(org.frcpm.models.Project(959754691179400))@699286692 (SingleTableEntityPersister(org.frcpm.models.Project))
	  org.frcpm.models.Project(959754691179400).tasks -> DelayedCollectionInitializer(org.frcpm.models.Project(959754691179400).tasks)@1958674489 (PluralAttribute(org.frcpm.models.Project.tasks))
	  org.frcpm.models.Project(959754691179400).meetings -> DelayedCollectionInitializer(org.frcpm.models.Project(959754691179400).meetings)@224763475 (PluralAttribute(org.frcpm.models.Project.meetings))

10:25:38.403 [main] DEBUG org.hibernate.SQL - 
    /* <criteria> */ select
        p1_0.id,
        p1_0.description,
        p1_0.goal_end_date,
        p1_0.hard_deadline,
        p1_0.name,
        p1_0.start_date 
    from
        projects p1_0
Hibernate: 
    /* <criteria> */ select
        p1_0.id,
        p1_0.description,
        p1_0.goal_end_date,
        p1_0.hard_deadline,
        p1_0.name,
        p1_0.start_date 
    from
        projects p1_0
10:25:38.403 [main] DEBUG org.hibernate.orm.results - Extracted JDBC value [0] - [1]
10:25:38.403 [main] DEBUG org.hibernate.orm.results.loading.entity - (EntityResultInitializer) Hydrated EntityKey (org.frcpm.models.Project(959754691179400)): 1
10:25:38.403 [main] DEBUG org.hibernate.orm.results.loading.org.hibernate.orm.results.loading.collection - (DelayedCollectionInitializer) Current row collection key : org.frcpm.models.Project(959754691179400).meetings#1
10:25:38.403 [main] DEBUG org.hibernate.orm.results.loading.org.hibernate.orm.results.loading.collection - (DelayedCollectionInitializer) Current row collection key : org.frcpm.models.Project(959754691179400).milestones#1
10:25:38.403 [main] DEBUG org.hibernate.orm.results.loading.org.hibernate.orm.results.loading.collection - (DelayedCollectionInitializer) Current row collection key : org.frcpm.models.Project(959754691179400).tasks#1
10:25:38.403 [main] DEBUG org.hibernate.orm.results.loading.entity - (EntityResultInitializer) Created new entity instance [org.frcpm.models.Project(959754691179400)#1] : 1802035133
10:25:38.403 [main] DEBUG org.hibernate.orm.results - Extracted JDBC value [1] - [Test project for unit tests]
10:25:38.403 [main] DEBUG org.hibernate.orm.results - Extracted JDBC value [2] - [2025-05-23]
10:25:38.403 [main] DEBUG org.hibernate.orm.results - Extracted JDBC value [3] - [2025-06-06]
10:25:38.403 [main] DEBUG org.hibernate.orm.results - Extracted JDBC value [4] - [Test Project 1745594738372]
10:25:38.403 [main] DEBUG org.hibernate.orm.results - Extracted JDBC value [5] - [2025-04-25]
10:25:38.403 [main] DEBUG org.hibernate.orm.results.loading.entity - (EntityResultInitializer) Done materializing entityInstance : org.frcpm.models.Project(959754691179400)#1
10:25:38.403 [main] DEBUG org.hibernate.orm.results.loading - Calling top-level assembler (0 / 1) : org.hibernate.sql.results.graph.entity.internal.EntityAssembler@3b281cad
10:25:38.403 [main] DEBUG org.hibernate.orm.results - Extracted JDBC value [0] - [2]
10:25:38.403 [main] DEBUG org.hibernate.orm.results.loading.entity - (EntityResultInitializer) Hydrated EntityKey (org.frcpm.models.Project(959754691179400)): 2
10:25:38.403 [main] DEBUG org.hibernate.orm.results.loading.org.hibernate.orm.results.loading.collection - (DelayedCollectionInitializer) Current row collection key : org.frcpm.models.Project(959754691179400).meetings#2
10:25:38.403 [main] DEBUG org.hibernate.orm.results.loading.org.hibernate.orm.results.loading.collection - (DelayedCollectionInitializer) Current row collection key : org.frcpm.models.Project(959754691179400).milestones#2
10:25:38.403 [main] DEBUG org.hibernate.orm.results.loading.org.hibernate.orm.results.loading.collection - (DelayedCollectionInitializer) Current row collection key : org.frcpm.models.Project(959754691179400).tasks#2
10:25:38.403 [main] DEBUG org.hibernate.orm.results.loading.entity - (EntityResultInitializer) Created new entity instance [org.frcpm.models.Project(959754691179400)#2] : 55751206
10:25:38.403 [main] DEBUG org.hibernate.orm.results - Extracted JDBC value [1] - [null]
10:25:38.403 [main] DEBUG org.hibernate.orm.results - Extracted JDBC value [2] - [2025-05-23]
10:25:38.403 [main] DEBUG org.hibernate.orm.results - Extracted JDBC value [3] - [2025-06-06]
10:25:38.403 [main] DEBUG org.hibernate.orm.results - Extracted JDBC value [4] - [Transaction Test Project]
10:25:38.403 [main] DEBUG org.hibernate.orm.results - Extracted JDBC value [5] - [2025-04-25]
10:25:38.403 [main] DEBUG org.hibernate.orm.results.loading.entity - (EntityResultInitializer) Done materializing entityInstance : org.frcpm.models.Project(959754691179400)#2
10:25:38.403 [main] DEBUG org.hibernate.orm.results.loading - Calling top-level assembler (0 / 1) : org.hibernate.sql.results.graph.entity.internal.EntityAssembler@3b281cad
10:25:38.403 [main] DEBUG org.hibernate.orm.results - Extracted JDBC value [0] - [3]
10:25:38.403 [main] DEBUG org.hibernate.orm.results.loading.entity - (EntityResultInitializer) Hydrated EntityKey (org.frcpm.models.Project(959754691179400)): 3
10:25:38.403 [main] DEBUG org.hibernate.orm.results.loading.org.hibernate.orm.results.loading.collection - (DelayedCollectionInitializer) Current row collection key : org.frcpm.models.Project(959754691179400).meetings#3
10:25:38.403 [main] DEBUG org.hibernate.orm.results.loading.org.hibernate.orm.results.loading.collection - (DelayedCollectionInitializer) Current row collection key : org.frcpm.models.Project(959754691179400).milestones#3
10:25:38.403 [main] DEBUG org.hibernate.orm.results.loading.org.hibernate.orm.results.loading.collection - (DelayedCollectionInitializer) Current row collection key : org.frcpm.models.Project(959754691179400).tasks#3
10:25:38.403 [main] DEBUG org.hibernate.orm.results.loading.entity - (EntityResultInitializer) Created new entity instance [org.frcpm.models.Project(959754691179400)#3] : 1998068394
10:25:38.403 [main] DEBUG org.hibernate.orm.results - Extracted JDBC value [1] - [null]
10:25:38.403 [main] DEBUG org.hibernate.orm.results - Extracted JDBC value [2] - [2025-05-23]
10:25:38.403 [main] DEBUG org.hibernate.orm.results - Extracted JDBC value [3] - [2025-06-06]
10:25:38.403 [main] DEBUG org.hibernate.orm.results - Extracted JDBC value [4] - [Nested Transaction Project]
10:25:38.403 [main] DEBUG org.hibernate.orm.results - Extracted JDBC value [5] - [2025-04-25]
10:25:38.403 [main] DEBUG org.hibernate.orm.results.loading.entity - (EntityResultInitializer) Done materializing entityInstance : org.frcpm.models.Project(959754691179400)#3
10:25:38.403 [main] DEBUG org.hibernate.orm.results.loading - Calling top-level assembler (0 / 1) : org.hibernate.sql.results.graph.entity.internal.EntityAssembler@3b281cad
10:25:38.403 [main] DEBUG org.hibernate.stat.internal.StatisticsImpl - HHH000117: HQL: [CRITERIA] select p1_0.id,p1_0.description,p1_0.goal_end_date,p1_0.hard_deadline,p1_0.name,p1_0.start_date from projects p1_0, time: 0ms, rows: 3
10:25:38.404 [main] DEBUG org.hibernate.resource.jdbc.internal.LogicalConnectionManagedImpl - Initiating JDBC connection release from afterTransaction
10:25:38.404 [main] DEBUG org.hibernate.resource.jdbc.internal.LogicalConnectionManagedImpl - Initiating JDBC connection release from afterTransaction
10:25:38.404 [main] INFO org.hibernate.engine.internal.StatisticalLoggingSessionEventListener - Session Metrics {
    12900 nanoseconds spent acquiring 1 JDBC connections;
    7800 nanoseconds spent releasing 1 JDBC connections;
    141900 nanoseconds spent preparing 1 JDBC statements;
    63300 nanoseconds spent executing 1 JDBC statements;
    0 nanoseconds spent executing 0 JDBC batches;
    0 nanoseconds spent performing 0 L2C puts;
    0 nanoseconds spent performing 0 L2C hits;
    0 nanoseconds spent performing 0 L2C misses;
    0 nanoseconds spent executing 0 flushes (flushing a total of 0 entities and 0 collections);
    0 nanoseconds spent executing 0 pre-partial-flushes;
    0 nanoseconds spent executing 0 partial-flushes (flushing a total of 0 entities and 0 collections)
}
10:25:38.404 [main] DEBUG org.hibernate.orm.sql.ast.create - Created new SQL alias : p1_0
10:25:38.404 [main] DEBUG org.hibernate.orm.sql.ast.create - Registration of TableGroup [StandardTableGroup(org.frcpm.models.Project(959754693922500))] with identifierForTableGroup [org.frcpm.models.Project] for NavigablePath [org.frcpm.models.Project] 
10:25:38.404 [main] DEBUG org.hibernate.orm.results.graph.AST - DomainResult Graph:
 \-BasicResult

10:25:38.404 [main] DEBUG org.hibernate.orm.sql.ast.tree - SQL AST Tree:
    SelectStatement {
      FromClause {
        StandardTableGroup (p1 : org.frcpm.models.Project(959754693922500)) {
          primaryTableReference : projects as p1_0
        }
      }
    }

10:25:38.404 [main] DEBUG org.hibernate.orm.sql.exec - Skipping reading Query result cache data: cache-enabled = false, cache-mode = NORMAL
10:25:38.404 [main] DEBUG org.hibernate.orm.results - Initializer list is empty
10:25:38.405 [main] DEBUG org.hibernate.SQL - 
    /* <criteria> */ select
        count(p1_0.id) 
    from
        projects p1_0
Hibernate: 
    /* <criteria> */ select
        count(p1_0.id) 
    from
        projects p1_0
10:25:38.405 [main] DEBUG org.hibernate.orm.results.loading - Calling top-level assembler (0 / 1) : org.hibernate.sql.results.graph.basic.BasicResultAssembler@b77befe
10:25:38.405 [main] DEBUG org.hibernate.orm.results - Extracted JDBC value [0] - [3]
10:25:38.405 [main] DEBUG org.hibernate.stat.internal.StatisticsImpl - HHH000117: HQL: [CRITERIA] select count(p1_0.id) from projects p1_0, time: 0ms, rows: 1
10:25:38.405 [main] DEBUG org.hibernate.resource.jdbc.internal.LogicalConnectionManagedImpl - Initiating JDBC connection release from afterTransaction
10:25:38.405 [main] DEBUG org.hibernate.resource.jdbc.internal.LogicalConnectionManagedImpl - Initiating JDBC connection release from afterTransaction
10:25:38.405 [main] INFO org.hibernate.engine.internal.StatisticalLoggingSessionEventListener - Session Metrics {
    7100 nanoseconds spent acquiring 1 JDBC connections;
    5400 nanoseconds spent releasing 1 JDBC connections;
    134500 nanoseconds spent preparing 1 JDBC statements;
    49600 nanoseconds spent executing 1 JDBC statements;
    0 nanoseconds spent executing 0 JDBC batches;
    0 nanoseconds spent performing 0 L2C puts;
    0 nanoseconds spent performing 0 L2C hits;
    0 nanoseconds spent performing 0 L2C misses;
    0 nanoseconds spent executing 0 flushes (flushing a total of 0 entities and 0 collections);
    0 nanoseconds spent executing 0 pre-partial-flushes;
    0 nanoseconds spent executing 0 partial-flushes (flushing a total of 0 entities and 0 collections)
}
]]></system-out>
    <system-err><![CDATA[Apr 25, 2025 10:25:38 AM org.frcpm.utils.DatabaseTestUtil testTransactionRollback
INFO: Testing transaction rollback...
Apr 25, 2025 10:25:38 AM org.frcpm.utils.DatabaseTestUtil testTransactionRollback
INFO: Transaction rollback test successful
]]></system-err>
  </testcase>
  <testcase name="testTransactionRollbackWithException" classname="org.frcpm.utils.DatabaseTestUtilTest" time="0.004">
    <system-out><![CDATA[10:25:38.406 [main] DEBUG org.hibernate.orm.sql.ast.create - Created new SQL alias : p1_0
10:25:38.406 [main] DEBUG org.hibernate.orm.sql.ast.create - Registration of TableGroup [StandardTableGroup(org.frcpm.models.Project(959754695796000))] with identifierForTableGroup [org.frcpm.models.Project] for NavigablePath [org.frcpm.models.Project] 
10:25:38.406 [main] DEBUG org.hibernate.orm.results.graph.AST - DomainResult Graph:
 \-BasicResult

10:25:38.406 [main] DEBUG org.hibernate.orm.sql.ast.tree - SQL AST Tree:
    SelectStatement {
      FromClause {
        StandardTableGroup (p1 : org.frcpm.models.Project(959754695796000)) {
          primaryTableReference : projects as p1_0
        }
      }
    }

10:25:38.406 [main] DEBUG org.hibernate.orm.sql.exec - Skipping reading Query result cache data: cache-enabled = false, cache-mode = NORMAL
10:25:38.406 [main] DEBUG org.hibernate.orm.results - Initializer list is empty
10:25:38.407 [main] DEBUG org.hibernate.SQL - 
    /* <criteria> */ select
        count(p1_0.id) 
    from
        projects p1_0
Hibernate: 
    /* <criteria> */ select
        count(p1_0.id) 
    from
        projects p1_0
10:25:38.407 [main] DEBUG org.hibernate.orm.results.loading - Calling top-level assembler (0 / 1) : org.hibernate.sql.results.graph.basic.BasicResultAssembler@5838b10a
10:25:38.407 [main] DEBUG org.hibernate.orm.results - Extracted JDBC value [0] - [3]
10:25:38.407 [main] DEBUG org.hibernate.stat.internal.StatisticsImpl - HHH000117: HQL: [CRITERIA] select count(p1_0.id) from projects p1_0, time: 0ms, rows: 1
10:25:38.407 [main] DEBUG org.hibernate.resource.jdbc.internal.LogicalConnectionManagedImpl - Initiating JDBC connection release from afterTransaction
10:25:38.407 [main] DEBUG org.hibernate.resource.jdbc.internal.LogicalConnectionManagedImpl - Initiating JDBC connection release from afterTransaction
10:25:38.407 [main] INFO org.hibernate.engine.internal.StatisticalLoggingSessionEventListener - Session Metrics {
    10300 nanoseconds spent acquiring 1 JDBC connections;
    8400 nanoseconds spent releasing 1 JDBC connections;
    23500 nanoseconds spent preparing 1 JDBC statements;
    49400 nanoseconds spent executing 1 JDBC statements;
    0 nanoseconds spent executing 0 JDBC batches;
    0 nanoseconds spent performing 0 L2C puts;
    0 nanoseconds spent performing 0 L2C hits;
    0 nanoseconds spent performing 0 L2C misses;
    0 nanoseconds spent executing 0 flushes (flushing a total of 0 entities and 0 collections);
    0 nanoseconds spent executing 0 pre-partial-flushes;
    0 nanoseconds spent executing 0 partial-flushes (flushing a total of 0 entities and 0 collections)
}
10:25:38.407 [main] DEBUG org.hibernate.engine.transaction.internal.TransactionImpl - On TransactionImpl creation, JpaCompliance#isJpaTransactionComplianceEnabled == false
10:25:38.407 [main] DEBUG org.hibernate.engine.transaction.internal.TransactionImpl - begin
10:25:38.409 [main] INFO org.hibernate.engine.internal.StatisticalLoggingSessionEventListener - Session Metrics {
    0 nanoseconds spent acquiring 0 JDBC connections;
    0 nanoseconds spent releasing 0 JDBC connections;
    0 nanoseconds spent preparing 0 JDBC statements;
    0 nanoseconds spent executing 0 JDBC statements;
    0 nanoseconds spent executing 0 JDBC batches;
    0 nanoseconds spent performing 0 L2C puts;
    0 nanoseconds spent performing 0 L2C hits;
    0 nanoseconds spent performing 0 L2C misses;
    0 nanoseconds spent executing 0 flushes (flushing a total of 0 entities and 0 collections);
    0 nanoseconds spent executing 0 pre-partial-flushes;
    0 nanoseconds spent executing 0 partial-flushes (flushing a total of 0 entities and 0 collections)
}
10:25:38.409 [main] DEBUG org.hibernate.engine.transaction.internal.TransactionImpl - rolling back
10:25:38.409 [main] DEBUG org.hibernate.resource.jdbc.internal.LogicalConnectionManagedImpl - Initiating JDBC connection release from afterTransaction
10:25:38.409 [main] DEBUG org.hibernate.resource.jdbc.internal.LogicalConnectionManagedImpl - Initiating JDBC connection release from afterTransaction
10:25:38.409 [main] INFO org.hibernate.engine.internal.StatisticalLoggingSessionEventListener - Session Metrics {
    7000 nanoseconds spent acquiring 1 JDBC connections;
    6600 nanoseconds spent releasing 1 JDBC connections;
    0 nanoseconds spent preparing 0 JDBC statements;
    0 nanoseconds spent executing 0 JDBC statements;
    0 nanoseconds spent executing 0 JDBC batches;
    0 nanoseconds spent performing 0 L2C puts;
    0 nanoseconds spent performing 0 L2C hits;
    0 nanoseconds spent performing 0 L2C misses;
    0 nanoseconds spent executing 0 flushes (flushing a total of 0 entities and 0 collections);
    0 nanoseconds spent executing 0 pre-partial-flushes;
    0 nanoseconds spent executing 0 partial-flushes (flushing a total of 0 entities and 0 collections)
}
10:25:38.409 [main] DEBUG org.hibernate.orm.sql.ast.create - Created new SQL alias : p1_0
10:25:38.409 [main] DEBUG org.hibernate.orm.sql.ast.create - Registration of TableGroup [StandardTableGroup(org.frcpm.models.Project(959754698754000))] with identifierForTableGroup [org.frcpm.models.Project] for NavigablePath [org.frcpm.models.Project] 
10:25:38.409 [main] DEBUG org.hibernate.orm.results.graph.AST - DomainResult Graph:
 \-BasicResult

10:25:38.409 [main] DEBUG org.hibernate.orm.sql.ast.tree - SQL AST Tree:
    SelectStatement {
      FromClause {
        StandardTableGroup (p1 : org.frcpm.models.Project(959754698754000)) {
          primaryTableReference : projects as p1_0
        }
      }
    }

10:25:38.409 [main] DEBUG org.hibernate.orm.sql.exec - Skipping reading Query result cache data: cache-enabled = false, cache-mode = NORMAL
10:25:38.409 [main] DEBUG org.hibernate.orm.results - Initializer list is empty
10:25:38.409 [main] DEBUG org.hibernate.SQL - 
    /* <criteria> */ select
        count(p1_0.id) 
    from
        projects p1_0
Hibernate: 
    /* <criteria> */ select
        count(p1_0.id) 
    from
        projects p1_0
10:25:38.410 [main] DEBUG org.hibernate.orm.results.loading - Calling top-level assembler (0 / 1) : org.hibernate.sql.results.graph.basic.BasicResultAssembler@3a7b5a11
10:25:38.410 [main] DEBUG org.hibernate.orm.results - Extracted JDBC value [0] - [3]
10:25:38.410 [main] DEBUG org.hibernate.stat.internal.StatisticsImpl - HHH000117: HQL: [CRITERIA] select count(p1_0.id) from projects p1_0, time: 0ms, rows: 1
10:25:38.410 [main] DEBUG org.hibernate.resource.jdbc.internal.LogicalConnectionManagedImpl - Initiating JDBC connection release from afterTransaction
10:25:38.410 [main] DEBUG org.hibernate.resource.jdbc.internal.LogicalConnectionManagedImpl - Initiating JDBC connection release from afterTransaction
10:25:38.410 [main] INFO org.hibernate.engine.internal.StatisticalLoggingSessionEventListener - Session Metrics {
    6300 nanoseconds spent acquiring 1 JDBC connections;
    4200 nanoseconds spent releasing 1 JDBC connections;
    129100 nanoseconds spent preparing 1 JDBC statements;
    56500 nanoseconds spent executing 1 JDBC statements;
    0 nanoseconds spent executing 0 JDBC batches;
    0 nanoseconds spent performing 0 L2C puts;
    0 nanoseconds spent performing 0 L2C hits;
    0 nanoseconds spent performing 0 L2C misses;
    0 nanoseconds spent executing 0 flushes (flushing a total of 0 entities and 0 collections);
    0 nanoseconds spent executing 0 pre-partial-flushes;
    0 nanoseconds spent executing 0 partial-flushes (flushing a total of 0 entities and 0 collections)
}
]]></system-out>
  </testcase>
  <testcase name="testCascadingCleanup" classname="org.frcpm.utils.DatabaseTestUtilTest" time="0.013">
    <system-out><![CDATA[10:25:38.411 [main] DEBUG org.hibernate.engine.transaction.internal.TransactionImpl - On TransactionImpl creation, JpaCompliance#isJpaTransactionComplianceEnabled == false
10:25:38.412 [main] DEBUG org.hibernate.engine.transaction.internal.TransactionImpl - begin
10:25:38.412 [main] DEBUG org.hibernate.engine.transaction.internal.TransactionImpl - On TransactionImpl creation, JpaCompliance#isJpaTransactionComplianceEnabled == false
10:25:38.412 [main] DEBUG org.hibernate.engine.transaction.internal.TransactionImpl - begin
10:25:38.412 [main] DEBUG org.hibernate.engine.spi.ActionQueue - Executing identity-insert immediately
10:25:38.412 [main] DEBUG org.hibernate.SQL - 
    /* insert for
        org.frcpm.models.Project */insert 
    into
        projects (description, goal_end_date, hard_deadline, name, start_date, id) 
    values
        (?, ?, ?, ?, ?, default)
Hibernate: 
    /* insert for
        org.frcpm.models.Project */insert 
    into
        projects (description, goal_end_date, hard_deadline, name, start_date, id) 
    values
        (?, ?, ?, ?, ?, default)
10:25:38.412 [main] DEBUG org.hibernate.orm.results - Initializer list is empty
10:25:38.412 [main] DEBUG org.hibernate.orm.results.loading - Calling top-level assembler (0 / 1) : org.hibernate.sql.results.graph.basic.BasicResultAssembler@8ff96c7
10:25:38.412 [main] DEBUG org.hibernate.orm.results - Extracted JDBC value [0] - [5]
10:25:38.412 [main] DEBUG org.hibernate.id.IdentifierGeneratorHelper - Extracted generated values [org.frcpm.models.Project]: [Ljava.lang.Object;@108cd894
10:25:38.412 [main] DEBUG org.hibernate.engine.spi.ActionQueue - Executing identity-insert immediately
10:25:38.412 [main] DEBUG org.hibernate.SQL - 
    /* insert for
        org.frcpm.models.Subsystem */insert 
    into
        subsystems (description, name, responsible_subteam_id, status, id) 
    values
        (?, ?, ?, ?, default)
Hibernate: 
    /* insert for
        org.frcpm.models.Subsystem */insert 
    into
        subsystems (description, name, responsible_subteam_id, status, id) 
    values
        (?, ?, ?, ?, default)
10:25:38.412 [main] DEBUG org.hibernate.orm.results - Initializer list is empty
10:25:38.412 [main] DEBUG org.hibernate.orm.results.loading - Calling top-level assembler (0 / 1) : org.hibernate.sql.results.graph.basic.BasicResultAssembler@7627ef6c
10:25:38.412 [main] DEBUG org.hibernate.orm.results - Extracted JDBC value [0] - [2]
10:25:38.412 [main] DEBUG org.hibernate.id.IdentifierGeneratorHelper - Extracted generated values [org.frcpm.models.Subsystem]: [Ljava.lang.Object;@b5af817
10:25:38.412 [main] DEBUG org.hibernate.engine.spi.ActionQueue - Executing identity-insert immediately
10:25:38.412 [main] DEBUG org.hibernate.SQL - 
    /* insert for
        org.frcpm.models.Task */insert 
    into
        tasks (actual_duration_seconds, completed, description, end_date, estimated_duration_seconds, priority, progress, project_id, start_date, subsystem_id, title, id) 
    values
        (?, ?, ?, ?, ?, ?, ?, ?, ?, ?, ?, default)
Hibernate: 
    /* insert for
        org.frcpm.models.Task */insert 
    into
        tasks (actual_duration_seconds, completed, description, end_date, estimated_duration_seconds, priority, progress, project_id, start_date, subsystem_id, title, id) 
    values
        (?, ?, ?, ?, ?, ?, ?, ?, ?, ?, ?, default)
10:25:38.412 [main] DEBUG org.hibernate.orm.results - Initializer list is empty
10:25:38.412 [main] DEBUG org.hibernate.orm.results.loading - Calling top-level assembler (0 / 1) : org.hibernate.sql.results.graph.basic.BasicResultAssembler@42c13208
10:25:38.412 [main] DEBUG org.hibernate.orm.results - Extracted JDBC value [0] - [4]
10:25:38.412 [main] DEBUG org.hibernate.id.IdentifierGeneratorHelper - Extracted generated values [org.frcpm.models.Task]: [Ljava.lang.Object;@32618b6f
10:25:38.412 [main] DEBUG org.hibernate.event.internal.AbstractFlushingEventListener - Processing flush-time cascades
10:25:38.414 [main] DEBUG org.hibernate.event.internal.AbstractFlushingEventListener - Dirty checking collections
10:25:38.414 [main] DEBUG org.hibernate.engine.internal.Collections - Collection found: [org.frcpm.models.Project.meetings#5], was: [<unreferenced>] (initialized)
10:25:38.414 [main] DEBUG org.hibernate.engine.internal.Collections - Collection found: [org.frcpm.models.Project.milestones#5], was: [<unreferenced>] (initialized)
10:25:38.414 [main] DEBUG org.hibernate.engine.internal.Collections - Collection found: [org.frcpm.models.Project.tasks#5], was: [<unreferenced>] (initialized)
10:25:38.414 [main] DEBUG org.hibernate.engine.internal.Collections - Collection found: [org.frcpm.models.Subsystem.tasks#2], was: [<unreferenced>] (initialized)
10:25:38.414 [main] DEBUG org.hibernate.engine.internal.Collections - Collection found: [org.frcpm.models.Task.assignedTo#4], was: [<unreferenced>] (initialized)
10:25:38.414 [main] DEBUG org.hibernate.engine.internal.Collections - Collection found: [org.frcpm.models.Task.postDependencies#4], was: [<unreferenced>] (initialized)
10:25:38.414 [main] DEBUG org.hibernate.engine.internal.Collections - Collection found: [org.frcpm.models.Task.preDependencies#4], was: [<unreferenced>] (initialized)
10:25:38.414 [main] DEBUG org.hibernate.engine.internal.Collections - Collection found: [org.frcpm.models.Task.requiredComponents#4], was: [<unreferenced>] (initialized)
10:25:38.414 [main] DEBUG org.hibernate.event.internal.AbstractFlushingEventListener - Flushed: 0 insertions, 0 updates, 0 deletions to 3 objects
10:25:38.414 [main] DEBUG org.hibernate.event.internal.AbstractFlushingEventListener - Flushed: 8 (re)creations, 0 updates, 0 removals to 8 collections
10:25:38.414 [main] DEBUG org.hibernate.internal.util.EntityPrinter - Listing entities:
10:25:38.414 [main] DEBUG org.hibernate.internal.util.EntityPrinter - org.frcpm.models.Task{estimatedDurationSeconds=7200, endDate=null, description=Test cascading deletion, project=org.frcpm.models.Project#5, subsystem=org.frcpm.models.Subsystem#2, preDependencies=[], completed=false, priority=MEDIUM, title=Cascade_1745594738411_Task1, actualDurationSeconds=null, assignedTo=[], postDependencies=[], progress=0, id=4, requiredComponents=[], startDate=null}
10:25:38.414 [main] DEBUG org.hibernate.internal.util.EntityPrinter - org.frcpm.models.Project{hardDeadline=2025-06-06, name=Cascade_1745594738411, description=null, meetings=[], id=5, goalEndDate=2025-05-23, milestones=[], startDate=2025-04-25, tasks=[org.frcpm.models.Task#4]}
10:25:38.414 [main] DEBUG org.hibernate.internal.util.EntityPrinter - org.frcpm.models.Subsystem{name=Cascade_1745594738411_Subsystem, description=null, id=2, responsibleSubteam=null, tasks=[], status=IN_PROGRESS}
10:25:38.414 [main] DEBUG org.hibernate.orm.jdbc.mutation - Inserting collection rows - org.frcpm.models.Task.assignedTo : 4
10:25:38.414 [main] DEBUG org.hibernate.orm.jdbc.mutation - No collection rows to insert - org.frcpm.models.Task.assignedTo : 4
10:25:38.414 [main] DEBUG org.hibernate.orm.jdbc.mutation - Inserting collection rows - org.frcpm.models.Task.preDependencies : 4
10:25:38.414 [main] DEBUG org.hibernate.orm.jdbc.mutation - No collection rows to insert - org.frcpm.models.Task.preDependencies : 4
10:25:38.414 [main] DEBUG org.hibernate.orm.jdbc.mutation - Inserting collection rows - org.frcpm.models.Task.requiredComponents : 4
10:25:38.414 [main] DEBUG org.hibernate.orm.jdbc.mutation - No collection rows to insert - org.frcpm.models.Task.requiredComponents : 4
10:25:38.414 [main] DEBUG org.hibernate.engine.transaction.internal.TransactionImpl - committing
10:25:38.414 [main] DEBUG org.hibernate.event.internal.AbstractFlushingEventListener - Processing flush-time cascades
10:25:38.414 [main] DEBUG org.hibernate.event.internal.AbstractFlushingEventListener - Dirty checking collections
10:25:38.415 [main] DEBUG org.hibernate.engine.internal.Collections - Collection found: [org.frcpm.models.Project.meetings#5], was: [org.frcpm.models.Project.meetings#5] (initialized)
10:25:38.415 [main] DEBUG org.hibernate.engine.internal.Collections - Collection found: [org.frcpm.models.Project.milestones#5], was: [org.frcpm.models.Project.milestones#5] (initialized)
10:25:38.415 [main] DEBUG org.hibernate.engine.internal.Collections - Collection found: [org.frcpm.models.Project.tasks#5], was: [org.frcpm.models.Project.tasks#5] (initialized)
10:25:38.415 [main] DEBUG org.hibernate.engine.internal.Collections - Collection found: [org.frcpm.models.Subsystem.tasks#2], was: [org.frcpm.models.Subsystem.tasks#2] (initialized)
10:25:38.415 [main] DEBUG org.hibernate.engine.internal.Collections - Collection found: [org.frcpm.models.Task.assignedTo#4], was: [org.frcpm.models.Task.assignedTo#4] (initialized)
10:25:38.415 [main] DEBUG org.hibernate.engine.internal.Collections - Collection found: [org.frcpm.models.Task.postDependencies#4], was: [org.frcpm.models.Task.postDependencies#4] (initialized)
10:25:38.415 [main] DEBUG org.hibernate.engine.internal.Collections - Collection found: [org.frcpm.models.Task.preDependencies#4], was: [org.frcpm.models.Task.preDependencies#4] (initialized)
10:25:38.415 [main] DEBUG org.hibernate.engine.internal.Collections - Collection found: [org.frcpm.models.Task.requiredComponents#4], was: [org.frcpm.models.Task.requiredComponents#4] (initialized)
10:25:38.415 [main] DEBUG org.hibernate.event.internal.AbstractFlushingEventListener - Flushed: 0 insertions, 0 updates, 0 deletions to 3 objects
10:25:38.415 [main] DEBUG org.hibernate.event.internal.AbstractFlushingEventListener - Flushed: 0 (re)creations, 0 updates, 0 removals to 8 collections
10:25:38.415 [main] DEBUG org.hibernate.internal.util.EntityPrinter - Listing entities:
10:25:38.415 [main] DEBUG org.hibernate.internal.util.EntityPrinter - org.frcpm.models.Task{estimatedDurationSeconds=7200, endDate=null, description=Test cascading deletion, project=org.frcpm.models.Project#5, subsystem=org.frcpm.models.Subsystem#2, preDependencies=[], completed=false, priority=MEDIUM, title=Cascade_1745594738411_Task1, actualDurationSeconds=null, assignedTo=[], postDependencies=[], progress=0, id=4, requiredComponents=[], startDate=null}
10:25:38.415 [main] DEBUG org.hibernate.internal.util.EntityPrinter - org.frcpm.models.Project{hardDeadline=2025-06-06, name=Cascade_1745594738411, description=null, meetings=[], id=5, goalEndDate=2025-05-23, milestones=[], startDate=2025-04-25, tasks=[org.frcpm.models.Task#4]}
10:25:38.415 [main] DEBUG org.hibernate.internal.util.EntityPrinter - org.frcpm.models.Subsystem{name=Cascade_1745594738411_Subsystem, description=null, id=2, responsibleSubteam=null, tasks=[], status=IN_PROGRESS}
10:25:38.416 [main] DEBUG org.hibernate.resource.jdbc.internal.LogicalConnectionManagedImpl - Initiating JDBC connection release from afterTransaction
10:25:38.416 [main] DEBUG org.hibernate.resource.jdbc.internal.LogicalConnectionManagedImpl - Initiating JDBC connection release from afterTransaction
10:25:38.416 [main] INFO org.hibernate.engine.internal.StatisticalLoggingSessionEventListener - Session Metrics {
    2300 nanoseconds spent acquiring 1 JDBC connections;
    17000 nanoseconds spent releasing 1 JDBC connections;
    26400 nanoseconds spent preparing 3 JDBC statements;
    215200 nanoseconds spent executing 3 JDBC statements;
    0 nanoseconds spent executing 0 JDBC batches;
    0 nanoseconds spent performing 0 L2C puts;
    0 nanoseconds spent performing 0 L2C hits;
    0 nanoseconds spent performing 0 L2C misses;
    2024800 nanoseconds spent executing 2 flushes (flushing a total of 6 entities and 16 collections);
    0 nanoseconds spent executing 0 pre-partial-flushes;
    0 nanoseconds spent executing 0 partial-flushes (flushing a total of 0 entities and 0 collections)
}
10:25:38.416 [main] DEBUG org.hibernate.engine.transaction.internal.TransactionImpl - committing
10:25:38.416 [main] DEBUG org.hibernate.resource.jdbc.internal.LogicalConnectionManagedImpl - Initiating JDBC connection release from afterTransaction
10:25:38.416 [main] DEBUG org.hibernate.resource.jdbc.internal.LogicalConnectionManagedImpl - Initiating JDBC connection release from afterTransaction
10:25:38.416 [main] INFO org.hibernate.engine.internal.StatisticalLoggingSessionEventListener - Session Metrics {
    10900 nanoseconds spent acquiring 1 JDBC connections;
    5400 nanoseconds spent releasing 1 JDBC connections;
    0 nanoseconds spent preparing 0 JDBC statements;
    0 nanoseconds spent executing 0 JDBC statements;
    0 nanoseconds spent executing 0 JDBC batches;
    0 nanoseconds spent performing 0 L2C puts;
    0 nanoseconds spent performing 0 L2C hits;
    0 nanoseconds spent performing 0 L2C misses;
    0 nanoseconds spent executing 0 flushes (flushing a total of 0 entities and 0 collections);
    0 nanoseconds spent executing 0 pre-partial-flushes;
    0 nanoseconds spent executing 0 partial-flushes (flushing a total of 0 entities and 0 collections)
}
10:25:38.416 [main] DEBUG org.hibernate.orm.sql.exec - Skipping reading Query result cache data: cache-enabled = false, cache-mode = IGNORE
10:25:38.416 [main] DEBUG org.hibernate.orm.results - Initializer list:
	  org.frcpm.models.Project.meetings -> DelayedCollectionInitializer(org.frcpm.models.Project.meetings)@1392586079 (PluralAttribute(org.frcpm.models.Project.meetings))
	  org.frcpm.models.Project.tasks -> DelayedCollectionInitializer(org.frcpm.models.Project.tasks)@404427845 (PluralAttribute(org.frcpm.models.Project.tasks))
	  org.frcpm.models.Project -> EntityResultInitializer(org.frcpm.models.Project)@639618778 (SingleTableEntityPersister(org.frcpm.models.Project))
	  org.frcpm.models.Project.milestones -> DelayedCollectionInitializer(org.frcpm.models.Project.milestones)@1305827077 (PluralAttribute(org.frcpm.models.Project.milestones))

10:25:38.416 [main] DEBUG org.hibernate.SQL - 
    select
        p1_0.id,
        p1_0.description,
        p1_0.goal_end_date,
        p1_0.hard_deadline,
        p1_0.name,
        p1_0.start_date 
    from
        projects p1_0 
    where
        p1_0.id=?
Hibernate: 
    select
        p1_0.id,
        p1_0.description,
        p1_0.goal_end_date,
        p1_0.hard_deadline,
        p1_0.name,
        p1_0.start_date 
    from
        projects p1_0 
    where
        p1_0.id=?
10:25:38.417 [main] DEBUG org.hibernate.orm.results.loading.entity - (EntityResultInitializer) Hydrated EntityKey (org.frcpm.models.Project): 5
10:25:38.417 [main] DEBUG org.hibernate.orm.results.loading.org.hibernate.orm.results.loading.collection - (DelayedCollectionInitializer) Current row collection key : org.frcpm.models.Project.meetings#5
10:25:38.417 [main] DEBUG org.hibernate.orm.results.loading.org.hibernate.orm.results.loading.collection - (DelayedCollectionInitializer) Current row collection key : org.frcpm.models.Project.milestones#5
10:25:38.417 [main] DEBUG org.hibernate.orm.results.loading.org.hibernate.orm.results.loading.collection - (DelayedCollectionInitializer) Current row collection key : org.frcpm.models.Project.tasks#5
10:25:38.417 [main] DEBUG org.hibernate.orm.results.loading.entity - (EntityResultInitializer) Created new entity instance [org.frcpm.models.Project#5] : 262937239
10:25:38.417 [main] DEBUG org.hibernate.orm.results - Extracted JDBC value [1] - [null]
10:25:38.417 [main] DEBUG org.hibernate.orm.results - Extracted JDBC value [2] - [2025-05-23]
10:25:38.417 [main] DEBUG org.hibernate.orm.results - Extracted JDBC value [3] - [2025-06-06]
10:25:38.417 [main] DEBUG org.hibernate.orm.results - Extracted JDBC value [4] - [Cascade_1745594738411]
10:25:38.417 [main] DEBUG org.hibernate.orm.results - Extracted JDBC value [5] - [2025-04-25]
10:25:38.417 [main] DEBUG org.hibernate.orm.results.loading.entity - (EntityResultInitializer) Done materializing entityInstance : org.frcpm.models.Project#5
10:25:38.417 [main] DEBUG org.hibernate.orm.results.loading - Calling top-level assembler (0 / 1) : org.hibernate.sql.results.graph.entity.internal.EntityAssembler@b78b300
10:25:38.417 [main] DEBUG org.hibernate.resource.jdbc.internal.LogicalConnectionManagedImpl - Initiating JDBC connection release from afterTransaction
10:25:38.417 [main] DEBUG org.hibernate.orm.sql.exec - Skipping reading Query result cache data: cache-enabled = false, cache-mode = IGNORE
10:25:38.417 [main] DEBUG org.hibernate.orm.results - Initializer list:
	  org.frcpm.models.Task.preDependencies -> DelayedCollectionInitializer(org.frcpm.models.Task.preDependencies)@1406043566 (PluralAttribute(org.frcpm.models.Task.preDependencies))
	  org.frcpm.models.Task.project -> EntityDelayedFetchInitializer(org.frcpm.models.Task.project)@314017415 (ToOneAttributeMapping(NavigableRole[org.frcpm.models.Task.project])@874090445)
	  org.frcpm.models.Task.subsystem -> EntityDelayedFetchInitializer(org.frcpm.models.Task.subsystem)@225112908 (ToOneAttributeMapping(NavigableRole[org.frcpm.models.Task.subsystem])@1231086679)
	  org.frcpm.models.Task.postDependencies -> DelayedCollectionInitializer(org.frcpm.models.Task.postDependencies)@1128575314 (PluralAttribute(org.frcpm.models.Task.postDependencies))
	  org.frcpm.models.Task.assignedTo -> DelayedCollectionInitializer(org.frcpm.models.Task.assignedTo)@1686155105 (PluralAttribute(org.frcpm.models.Task.assignedTo))
	  org.frcpm.models.Task.requiredComponents -> DelayedCollectionInitializer(org.frcpm.models.Task.requiredComponents)@1252892360 (PluralAttribute(org.frcpm.models.Task.requiredComponents))
	  org.frcpm.models.Task -> EntityResultInitializer(org.frcpm.models.Task)@277341250 (SingleTableEntityPersister(org.frcpm.models.Task))

10:25:38.417 [main] DEBUG org.hibernate.SQL - 
    select
        t1_0.id,
        t1_0.actual_duration_seconds,
        t1_0.completed,
        t1_0.description,
        t1_0.end_date,
        t1_0.estimated_duration_seconds,
        t1_0.priority,
        t1_0.progress,
        t1_0.project_id,
        t1_0.start_date,
        t1_0.subsystem_id,
        t1_0.title 
    from
        tasks t1_0 
    where
        t1_0.id=?
Hibernate: 
    select
        t1_0.id,
        t1_0.actual_duration_seconds,
        t1_0.completed,
        t1_0.description,
        t1_0.end_date,
        t1_0.estimated_duration_seconds,
        t1_0.priority,
        t1_0.progress,
        t1_0.project_id,
        t1_0.start_date,
        t1_0.subsystem_id,
        t1_0.title 
    from
        tasks t1_0 
    where
        t1_0.id=?
10:25:38.418 [main] DEBUG org.hibernate.orm.results.loading.entity - (EntityResultInitializer) Hydrated EntityKey (org.frcpm.models.Task): 4
10:25:38.418 [main] DEBUG org.hibernate.orm.results.loading.org.hibernate.orm.results.loading.collection - (DelayedCollectionInitializer) Current row collection key : org.frcpm.models.Task.assignedTo#4
10:25:38.418 [main] DEBUG org.hibernate.orm.results.loading.org.hibernate.orm.results.loading.collection - (DelayedCollectionInitializer) Current row collection key : org.frcpm.models.Task.postDependencies#4
10:25:38.418 [main] DEBUG org.hibernate.orm.results.loading.org.hibernate.orm.results.loading.collection - (DelayedCollectionInitializer) Current row collection key : org.frcpm.models.Task.preDependencies#4
10:25:38.418 [main] DEBUG org.hibernate.orm.results.loading.org.hibernate.orm.results.loading.collection - (DelayedCollectionInitializer) Current row collection key : org.frcpm.models.Task.requiredComponents#4
10:25:38.418 [main] DEBUG org.hibernate.orm.results.loading.entity - (EntityResultInitializer) Created new entity instance [org.frcpm.models.Task#4] : 826858690
10:25:38.418 [main] DEBUG org.hibernate.orm.results - Extracted JDBC value [8] - [5]
10:25:38.418 [main] DEBUG org.hibernate.orm.results - Extracted JDBC value [10] - [2]
10:25:38.418 [main] DEBUG org.hibernate.orm.results - Extracted JDBC value [1] - [null]
10:25:38.418 [main] DEBUG org.hibernate.orm.results - Extracted JDBC value [2] - [false]
10:25:38.418 [main] DEBUG org.hibernate.orm.results - Extracted JDBC value [3] - [Test cascading deletion]
10:25:38.418 [main] DEBUG org.hibernate.orm.results - Extracted JDBC value [4] - [null]
10:25:38.418 [main] DEBUG org.hibernate.orm.results - Extracted JDBC value [5] - [7200]
10:25:38.418 [main] DEBUG org.hibernate.orm.results - Extracted JDBC value [6] - [MEDIUM]
10:25:38.418 [main] DEBUG org.hibernate.orm.results - Extracted JDBC value [7] - [0]
10:25:38.418 [main] DEBUG org.hibernate.orm.results - Extracted JDBC value [9] - [null]
10:25:38.418 [main] DEBUG org.hibernate.orm.results - Extracted JDBC value [11] - [Cascade_1745594738411_Task1]
10:25:38.418 [main] DEBUG org.hibernate.orm.results.loading.entity - (EntityResultInitializer) Done materializing entityInstance : org.frcpm.models.Task#4
10:25:38.418 [main] DEBUG org.hibernate.orm.results.loading - Calling top-level assembler (0 / 1) : org.hibernate.sql.results.graph.entity.internal.EntityAssembler@50b0cd12
10:25:38.418 [main] DEBUG org.hibernate.resource.jdbc.internal.LogicalConnectionManagedImpl - Initiating JDBC connection release from afterTransaction
10:25:38.418 [main] INFO org.hibernate.engine.internal.StatisticalLoggingSessionEventListener - Session Metrics {
    22200 nanoseconds spent acquiring 2 JDBC connections;
    26100 nanoseconds spent releasing 2 JDBC connections;
    481900 nanoseconds spent preparing 2 JDBC statements;
    159600 nanoseconds spent executing 2 JDBC statements;
    0 nanoseconds spent executing 0 JDBC batches;
    0 nanoseconds spent performing 0 L2C puts;
    0 nanoseconds spent performing 0 L2C hits;
    0 nanoseconds spent performing 0 L2C misses;
    0 nanoseconds spent executing 0 flushes (flushing a total of 0 entities and 0 collections);
    0 nanoseconds spent executing 0 pre-partial-flushes;
    0 nanoseconds spent executing 0 partial-flushes (flushing a total of 0 entities and 0 collections)
}
10:25:38.419 [main] DEBUG org.hibernate.engine.transaction.internal.TransactionImpl - On TransactionImpl creation, JpaCompliance#isJpaTransactionComplianceEnabled == false
10:25:38.419 [main] DEBUG org.hibernate.engine.transaction.internal.TransactionImpl - begin
10:25:38.419 [main] DEBUG org.hibernate.engine.transaction.internal.TransactionImpl - On TransactionImpl creation, JpaCompliance#isJpaTransactionComplianceEnabled == false
10:25:38.419 [main] DEBUG org.hibernate.engine.transaction.internal.TransactionImpl - begin
10:25:38.419 [main] DEBUG org.hibernate.orm.sql.exec - Skipping reading Query result cache data: cache-enabled = false, cache-mode = IGNORE
10:25:38.419 [main] DEBUG org.hibernate.orm.results - Initializer list:
	  org.frcpm.models.Project.meetings -> DelayedCollectionInitializer(org.frcpm.models.Project.meetings)@1694399065 (PluralAttribute(org.frcpm.models.Project.meetings))
	  org.frcpm.models.Project.tasks -> DelayedCollectionInitializer(org.frcpm.models.Project.tasks)@737723075 (PluralAttribute(org.frcpm.models.Project.tasks))
	  org.frcpm.models.Project -> EntityResultInitializer(org.frcpm.models.Project)@2113295091 (SingleTableEntityPersister(org.frcpm.models.Project))
	  org.frcpm.models.Project.milestones -> DelayedCollectionInitializer(org.frcpm.models.Project.milestones)@1820107212 (PluralAttribute(org.frcpm.models.Project.milestones))

10:25:38.419 [main] DEBUG org.hibernate.SQL - 
    select
        p1_0.id,
        p1_0.description,
        p1_0.goal_end_date,
        p1_0.hard_deadline,
        p1_0.name,
        p1_0.start_date 
    from
        projects p1_0 
    where
        p1_0.id=?
Hibernate: 
    select
        p1_0.id,
        p1_0.description,
        p1_0.goal_end_date,
        p1_0.hard_deadline,
        p1_0.name,
        p1_0.start_date 
    from
        projects p1_0 
    where
        p1_0.id=?
10:25:38.419 [main] DEBUG org.hibernate.orm.results.loading.entity - (EntityResultInitializer) Hydrated EntityKey (org.frcpm.models.Project): 5
10:25:38.419 [main] DEBUG org.hibernate.orm.results.loading.org.hibernate.orm.results.loading.collection - (DelayedCollectionInitializer) Current row collection key : org.frcpm.models.Project.meetings#5
10:25:38.419 [main] DEBUG org.hibernate.orm.results.loading.org.hibernate.orm.results.loading.collection - (DelayedCollectionInitializer) Current row collection key : org.frcpm.models.Project.milestones#5
10:25:38.419 [main] DEBUG org.hibernate.orm.results.loading.org.hibernate.orm.results.loading.collection - (DelayedCollectionInitializer) Current row collection key : org.frcpm.models.Project.tasks#5
10:25:38.419 [main] DEBUG org.hibernate.orm.results.loading.entity - (EntityResultInitializer) Created new entity instance [org.frcpm.models.Project#5] : 1508552760
10:25:38.419 [main] DEBUG org.hibernate.orm.results - Extracted JDBC value [1] - [null]
10:25:38.419 [main] DEBUG org.hibernate.orm.results - Extracted JDBC value [2] - [2025-05-23]
10:25:38.419 [main] DEBUG org.hibernate.orm.results - Extracted JDBC value [3] - [2025-06-06]
10:25:38.419 [main] DEBUG org.hibernate.orm.results - Extracted JDBC value [4] - [Cascade_1745594738411]
10:25:38.419 [main] DEBUG org.hibernate.orm.results - Extracted JDBC value [5] - [2025-04-25]
10:25:38.419 [main] DEBUG org.hibernate.orm.results.loading.entity - (EntityResultInitializer) Done materializing entityInstance : org.frcpm.models.Project#5
10:25:38.419 [main] DEBUG org.hibernate.orm.results.loading - Calling top-level assembler (0 / 1) : org.hibernate.sql.results.graph.entity.internal.EntityAssembler@285a74d7
10:25:38.419 [main] DEBUG org.hibernate.orm.sql.exec - Skipping reading Query result cache data: cache-enabled = false, cache-mode = IGNORE
10:25:38.419 [main] DEBUG org.hibernate.orm.results - Initializer list:
	  org.frcpm.models.Project.meetings -> BagInitializer(org.frcpm.models.Project.meetings)@1884518540 (PluralAttribute(org.frcpm.models.Project.meetings))
	  org.frcpm.models.Project.meetings.{element}.project -> EntityDelayedFetchInitializer(org.frcpm.models.Project.meetings.{element}.project)@1868288868 (ToOneAttributeMapping(NavigableRole[org.frcpm.models.Meeting.project])@544313532)
	  org.frcpm.models.Project.meetings.{element} -> EntityJoinedFetchInitializer(org.frcpm.models.Project.meetings.{element})@1534506153 (EntityCollectionPart(org.frcpm.models.Project.meetings#{element})@805974099)
	  org.frcpm.models.Project.meetings.{element}.attendances -> DelayedCollectionInitializer(org.frcpm.models.Project.meetings.{element}.attendances)@33232325 (PluralAttribute(org.frcpm.models.Meeting.attendances))

10:25:38.419 [main] DEBUG org.hibernate.SQL - 
    select
        m1_0.project_id,
        m1_0.id,
        m1_0.date,
        m1_0.end_time,
        m1_0.notes,
        m1_0.start_time 
    from
        meetings m1_0 
    where
        m1_0.project_id=?
Hibernate: 
    select
        m1_0.project_id,
        m1_0.id,
        m1_0.date,
        m1_0.end_time,
        m1_0.notes,
        m1_0.start_time 
    from
        meetings m1_0 
    where
        m1_0.project_id=?
10:25:38.420 [main] DEBUG org.hibernate.sql.results.internal.ResultsHelper - Collection fully initialized: [org.frcpm.models.Project.meetings#5]
10:25:38.420 [main] DEBUG org.hibernate.orm.sql.exec - Skipping reading Query result cache data: cache-enabled = false, cache-mode = IGNORE
10:25:38.420 [main] DEBUG org.hibernate.orm.results - Initializer list:
	  org.frcpm.models.Project.milestones.{element}.project -> EntityDelayedFetchInitializer(org.frcpm.models.Project.milestones.{element}.project)@578261855 (ToOneAttributeMapping(NavigableRole[org.frcpm.models.Milestone.project])@2071719913)
	  org.frcpm.models.Project.milestones.{element} -> EntityJoinedFetchInitializer(org.frcpm.models.Project.milestones.{element})@1256254337 (EntityCollectionPart(org.frcpm.models.Project.milestones#{element})@2090246553)
	  org.frcpm.models.Project.milestones -> BagInitializer(org.frcpm.models.Project.milestones)@1650800703 (PluralAttribute(org.frcpm.models.Project.milestones))

10:25:38.420 [main] DEBUG org.hibernate.SQL - 
    select
        m1_0.project_id,
        m1_0.id,
        m1_0.date,
        m1_0.description,
        m1_0.name 
    from
        milestones m1_0 
    where
        m1_0.project_id=?
Hibernate: 
    select
        m1_0.project_id,
        m1_0.id,
        m1_0.date,
        m1_0.description,
        m1_0.name 
    from
        milestones m1_0 
    where
        m1_0.project_id=?
10:25:38.420 [main] DEBUG org.hibernate.sql.results.internal.ResultsHelper - Collection fully initialized: [org.frcpm.models.Project.milestones#5]
10:25:38.420 [main] DEBUG org.hibernate.orm.sql.exec - Skipping reading Query result cache data: cache-enabled = false, cache-mode = IGNORE
10:25:38.420 [main] DEBUG org.hibernate.orm.results - Initializer list:
	  org.frcpm.models.Project.tasks.{element}.assignedTo -> DelayedCollectionInitializer(org.frcpm.models.Project.tasks.{element}.assignedTo)@1114055185 (PluralAttribute(org.frcpm.models.Task.assignedTo))
	  org.frcpm.models.Project.tasks.{element}.postDependencies -> DelayedCollectionInitializer(org.frcpm.models.Project.tasks.{element}.postDependencies)@151543458 (PluralAttribute(org.frcpm.models.Task.postDependencies))
	  org.frcpm.models.Project.tasks.{element} -> EntityJoinedFetchInitializer(org.frcpm.models.Project.tasks.{element})@1671318737 (EntityCollectionPart(org.frcpm.models.Project.tasks#{element})@1106969101)
	  org.frcpm.models.Project.tasks.{element}.requiredComponents -> DelayedCollectionInitializer(org.frcpm.models.Project.tasks.{element}.requiredComponents)@1308858445 (PluralAttribute(org.frcpm.models.Task.requiredComponents))
	  org.frcpm.models.Project.tasks.{element}.project -> EntityDelayedFetchInitializer(org.frcpm.models.Project.tasks.{element}.project)@898587702 (ToOneAttributeMapping(NavigableRole[org.frcpm.models.Task.project])@874090445)
	  org.frcpm.models.Project.tasks.{element}.subsystem -> EntityDelayedFetchInitializer(org.frcpm.models.Project.tasks.{element}.subsystem)@2117724523 (ToOneAttributeMapping(NavigableRole[org.frcpm.models.Task.subsystem])@1231086679)
	  org.frcpm.models.Project.tasks.{element}.preDependencies -> DelayedCollectionInitializer(org.frcpm.models.Project.tasks.{element}.preDependencies)@1875958457 (PluralAttribute(org.frcpm.models.Task.preDependencies))
	  org.frcpm.models.Project.tasks -> BagInitializer(org.frcpm.models.Project.tasks)@1036248830 (PluralAttribute(org.frcpm.models.Project.tasks))

10:25:38.420 [main] DEBUG org.hibernate.SQL - 
    select
        t1_0.project_id,
        t1_0.id,
        t1_0.actual_duration_seconds,
        t1_0.completed,
        t1_0.description,
        t1_0.end_date,
        t1_0.estimated_duration_seconds,
        t1_0.priority,
        t1_0.progress,
        t1_0.start_date,
        t1_0.subsystem_id,
        t1_0.title 
    from
        tasks t1_0 
    where
        t1_0.project_id=?
Hibernate: 
    select
        t1_0.project_id,
        t1_0.id,
        t1_0.actual_duration_seconds,
        t1_0.completed,
        t1_0.description,
        t1_0.end_date,
        t1_0.estimated_duration_seconds,
        t1_0.priority,
        t1_0.progress,
        t1_0.start_date,
        t1_0.subsystem_id,
        t1_0.title 
    from
        tasks t1_0 
    where
        t1_0.project_id=?
10:25:38.420 [main] DEBUG org.hibernate.orm.results - Extracted JDBC value [0] - [5]
10:25:38.420 [main] DEBUG org.hibernate.orm.results.loading.org.hibernate.orm.results.loading.collection - (BagInitializer) Current row collection key : org.frcpm.models.Project.tasks#5
10:25:38.420 [main] DEBUG org.hibernate.orm.results - Extracted JDBC value [1] - [4]
10:25:38.420 [main] DEBUG org.hibernate.orm.results.loading.entity - (EntityJoinedFetchInitializer) Hydrated EntityKey (org.frcpm.models.Project.tasks.{element}): 4
10:25:38.420 [main] DEBUG org.hibernate.orm.results.loading.org.hibernate.orm.results.loading.collection - (DelayedCollectionInitializer) Current row collection key : org.frcpm.models.Project.tasks.{element}.assignedTo#4
10:25:38.420 [main] DEBUG org.hibernate.orm.results.loading.org.hibernate.orm.results.loading.collection - (DelayedCollectionInitializer) Current row collection key : org.frcpm.models.Project.tasks.{element}.postDependencies#4
10:25:38.420 [main] DEBUG org.hibernate.orm.results.loading.org.hibernate.orm.results.loading.collection - (DelayedCollectionInitializer) Current row collection key : org.frcpm.models.Project.tasks.{element}.preDependencies#4
10:25:38.420 [main] DEBUG org.hibernate.orm.results.loading.org.hibernate.orm.results.loading.collection - (DelayedCollectionInitializer) Current row collection key : org.frcpm.models.Project.tasks.{element}.requiredComponents#4
10:25:38.420 [main] DEBUG org.hibernate.orm.results.loading.entity - (EntityJoinedFetchInitializer) Created new entity instance [org.frcpm.models.Project.tasks.{element}#4] : 718123477
10:25:38.420 [main] DEBUG org.hibernate.orm.results - Extracted JDBC value [0] - [5]
10:25:38.420 [main] DEBUG org.hibernate.orm.results - Extracted JDBC value [10] - [2]
10:25:38.420 [main] DEBUG org.hibernate.orm.results.loading.org.hibernate.orm.results.loading.collection - (BagInitializer) Responsible for loading collection [org.frcpm.models.Project.tasks#5] : org.hibernate.collection.spi.PersistentBag@616397576
10:25:38.420 [main] DEBUG org.hibernate.orm.results - Extracted JDBC value [2] - [null]
10:25:38.420 [main] DEBUG org.hibernate.orm.results - Extracted JDBC value [3] - [false]
10:25:38.420 [main] DEBUG org.hibernate.orm.results - Extracted JDBC value [4] - [Test cascading deletion]
10:25:38.420 [main] DEBUG org.hibernate.orm.results - Extracted JDBC value [5] - [null]
10:25:38.420 [main] DEBUG org.hibernate.orm.results - Extracted JDBC value [6] - [7200]
10:25:38.420 [main] DEBUG org.hibernate.orm.results - Extracted JDBC value [7] - [MEDIUM]
10:25:38.420 [main] DEBUG org.hibernate.orm.results - Extracted JDBC value [8] - [0]
10:25:38.420 [main] DEBUG org.hibernate.orm.results - Extracted JDBC value [9] - [null]
10:25:38.420 [main] DEBUG org.hibernate.orm.results - Extracted JDBC value [11] - [Cascade_1745594738411_Task1]
10:25:38.420 [main] DEBUG org.hibernate.orm.results.loading.entity - (EntityJoinedFetchInitializer) Done materializing entityInstance : org.frcpm.models.Project.tasks.{element}#4
10:25:38.420 [main] DEBUG org.hibernate.orm.results.loading.org.hibernate.orm.results.loading.collection - (BagInitializer) Reading element from row for collection [org.frcpm.models.Project.tasks#5] -> org.hibernate.collection.spi.PersistentBag@616397576
10:25:38.420 [main] DEBUG org.hibernate.orm.results.loading - Calling top-level assembler (0 / 1) : org.hibernate.sql.results.graph.collection.internal.CollectionAssembler@32e51402
10:25:38.420 [main] DEBUG org.hibernate.sql.results.internal.ResultsHelper - Collection fully initialized: [org.frcpm.models.Project.tasks#5]
10:25:38.421 [main] DEBUG org.hibernate.engine.transaction.internal.TransactionImpl - committing
10:25:38.421 [main] DEBUG org.hibernate.event.internal.AbstractFlushingEventListener - Processing flush-time cascades
10:25:38.421 [main] DEBUG org.hibernate.event.internal.AbstractFlushingEventListener - Dirty checking collections
10:25:38.421 [main] DEBUG org.hibernate.engine.internal.Collections - Collection dereferenced: [org.frcpm.models.Project.meetings#5]
10:25:38.421 [main] DEBUG org.hibernate.engine.internal.Collections - Collection dereferenced: [org.frcpm.models.Project.milestones#5]
10:25:38.421 [main] DEBUG org.hibernate.engine.internal.Collections - Collection dereferenced: [org.frcpm.models.Project.tasks#5]
10:25:38.421 [main] DEBUG org.hibernate.engine.internal.Collections - Collection dereferenced: [org.frcpm.models.Task.assignedTo#4]
10:25:38.421 [main] DEBUG org.hibernate.engine.internal.Collections - Collection dereferenced: [org.frcpm.models.Task.postDependencies#4]
10:25:38.421 [main] DEBUG org.hibernate.engine.internal.Collections - Collection dereferenced: [org.frcpm.models.Task.preDependencies#4]
10:25:38.421 [main] DEBUG org.hibernate.engine.internal.Collections - Collection dereferenced: [org.frcpm.models.Task.requiredComponents#4]
10:25:38.421 [main] DEBUG org.hibernate.event.internal.AbstractFlushingEventListener - Flushed: 0 insertions, 0 updates, 2 deletions to 2 objects
10:25:38.421 [main] DEBUG org.hibernate.event.internal.AbstractFlushingEventListener - Flushed: 0 (re)creations, 0 updates, 7 removals to 7 collections
10:25:38.421 [main] DEBUG org.hibernate.internal.util.EntityPrinter - Listing entities:
10:25:38.421 [main] DEBUG org.hibernate.internal.util.EntityPrinter - org.frcpm.models.Task{estimatedDurationSeconds=7200, endDate=null, description=Test cascading deletion, project=org.frcpm.models.Project#5, subsystem=<uninitialized>, preDependencies=<uninitialized>, completed=false, priority=MEDIUM, title=Cascade_1745594738411_Task1, actualDurationSeconds=null, assignedTo=<uninitialized>, postDependencies=<uninitialized>, progress=0, id=4, requiredComponents=<uninitialized>, startDate=null}
10:25:38.421 [main] DEBUG org.hibernate.internal.util.EntityPrinter - org.frcpm.models.Project{hardDeadline=2025-06-06, name=Cascade_1745594738411, description=null, meetings=[], id=5, goalEndDate=2025-05-23, milestones=[], startDate=2025-04-25, tasks=[org.frcpm.models.Task#4]}
10:25:38.421 [main] DEBUG org.hibernate.orm.jdbc.mutation - Deleting collection - org.frcpm.models.Task.assignedTo : 4
10:25:38.421 [main] DEBUG org.hibernate.SQL - 
    /* one-shot delete for org.frcpm.models.Task.assignedTo */delete 
    from
        task_assignments 
    where
        task_id=?
Hibernate: 
    /* one-shot delete for org.frcpm.models.Task.assignedTo */delete 
    from
        task_assignments 
    where
        task_id=?
10:25:38.421 [main] DEBUG org.hibernate.orm.jdbc.mutation - Deleting collection - org.frcpm.models.Task.preDependencies : 4
10:25:38.422 [main] DEBUG org.hibernate.orm.jdbc.batch - PreparedStatementDetails did not contain PreparedStatement on #releaseStatements : /* one-shot delete for org.frcpm.models.Task.assignedTo */delete from task_assignments where task_id=?
10:25:38.422 [main] DEBUG org.hibernate.SQL - 
    /* one-shot delete for org.frcpm.models.Task.preDependencies */delete 
    from
        task_dependencies 
    where
        task_id=?
Hibernate: 
    /* one-shot delete for org.frcpm.models.Task.preDependencies */delete 
    from
        task_dependencies 
    where
        task_id=?
10:25:38.422 [main] DEBUG org.hibernate.orm.jdbc.mutation - Deleting collection - org.frcpm.models.Task.requiredComponents : 4
10:25:38.422 [main] DEBUG org.hibernate.orm.jdbc.batch - PreparedStatementDetails did not contain PreparedStatement on #releaseStatements : /* one-shot delete for org.frcpm.models.Task.preDependencies */delete from task_dependencies where task_id=?
10:25:38.422 [main] DEBUG org.hibernate.SQL - 
    /* one-shot delete for org.frcpm.models.Task.requiredComponents */delete 
    from
        task_components 
    where
        task_id=?
Hibernate: 
    /* one-shot delete for org.frcpm.models.Task.requiredComponents */delete 
    from
        task_components 
    where
        task_id=?
10:25:38.422 [main] DEBUG org.hibernate.orm.jdbc.batch - PreparedStatementDetails did not contain PreparedStatement on #releaseStatements : /* one-shot delete for org.frcpm.models.Task.requiredComponents */delete from task_components where task_id=?
10:25:38.422 [main] DEBUG org.hibernate.orm.jdbc.batch - No batched statements to execute - org.frcpm.models.Task.requiredComponents#REMOVE
10:25:38.422 [main] DEBUG org.hibernate.orm.jdbc.batch - PreparedStatementDetails did not contain PreparedStatement on #releaseStatements : /* one-shot delete for org.frcpm.models.Task.requiredComponents */delete from task_components where task_id=?
10:25:38.422 [main] DEBUG org.hibernate.orm.jdbc.batch - PreparedStatementDetails did not contain PreparedStatement on #releaseStatements : /* one-shot delete for org.frcpm.models.Task.requiredComponents */delete from task_components where task_id=?
10:25:38.422 [main] DEBUG org.hibernate.SQL - 
    /* delete for org.frcpm.models.Task */delete 
    from
        tasks 
    where
        id=?
Hibernate: 
    /* delete for org.frcpm.models.Task */delete 
    from
        tasks 
    where
        id=?
10:25:38.422 [main] DEBUG org.hibernate.orm.jdbc.batch - PreparedStatementDetails did not contain PreparedStatement on #releaseStatements : /* delete for org.frcpm.models.Task */delete from tasks where id=?
10:25:38.422 [main] DEBUG org.hibernate.SQL - 
    /* delete for org.frcpm.models.Project */delete 
    from
        projects 
    where
        id=?
Hibernate: 
    /* delete for org.frcpm.models.Project */delete 
    from
        projects 
    where
        id=?
10:25:38.423 [main] DEBUG org.hibernate.orm.jdbc.batch - PreparedStatementDetails did not contain PreparedStatement on #releaseStatements : /* delete for org.frcpm.models.Project */delete from projects where id=?
10:25:38.423 [main] DEBUG org.hibernate.orm.jdbc.batch - PreparedStatementDetails did not contain PreparedStatement on #releaseStatements : /* delete for org.frcpm.models.Project */delete from projects where id=?
10:25:38.423 [main] DEBUG org.hibernate.resource.jdbc.internal.LogicalConnectionManagedImpl - Initiating JDBC connection release from afterTransaction
10:25:38.423 [main] DEBUG org.hibernate.orm.jdbc.batch - PreparedStatementDetails did not contain PreparedStatement on #releaseStatements : /* delete for org.frcpm.models.Project */delete from projects where id=?
10:25:38.423 [main] DEBUG org.hibernate.orm.jdbc.batch - PreparedStatementDetails did not contain PreparedStatement on #releaseStatements : /* delete for org.frcpm.models.Project */delete from projects where id=?
10:25:38.423 [main] DEBUG org.hibernate.resource.jdbc.internal.LogicalConnectionManagedImpl - Initiating JDBC connection release from afterTransaction
10:25:38.423 [main] INFO org.hibernate.engine.internal.StatisticalLoggingSessionEventListener - Session Metrics {
    1300 nanoseconds spent acquiring 1 JDBC connections;
    6400 nanoseconds spent releasing 1 JDBC connections;
    727700 nanoseconds spent preparing 9 JDBC statements;
    122900 nanoseconds spent executing 4 JDBC statements;
    467400 nanoseconds spent executing 5 JDBC batches;
    0 nanoseconds spent performing 0 L2C puts;
    0 nanoseconds spent performing 0 L2C hits;
    0 nanoseconds spent performing 0 L2C misses;
    1790100 nanoseconds spent executing 1 flushes (flushing a total of 2 entities and 7 collections);
    0 nanoseconds spent executing 0 pre-partial-flushes;
    0 nanoseconds spent executing 0 partial-flushes (flushing a total of 0 entities and 0 collections)
}
10:25:38.423 [main] DEBUG org.hibernate.engine.jdbc.internal.JdbcCoordinatorImpl - HHH000420: Closing un-released batch
10:25:38.423 [main] DEBUG org.hibernate.orm.jdbc.batch - PreparedStatementDetails did not contain PreparedStatement on #releaseStatements : /* delete for org.frcpm.models.Project */delete from projects where id=?
10:25:38.423 [main] DEBUG org.hibernate.orm.jdbc.batch - PreparedStatementDetails did not contain PreparedStatement on #releaseStatements : /* delete for org.frcpm.models.Project */delete from projects where id=?
10:25:38.423 [main] DEBUG org.hibernate.engine.transaction.internal.TransactionImpl - committing
10:25:38.423 [main] DEBUG org.hibernate.resource.jdbc.internal.LogicalConnectionManagedImpl - Initiating JDBC connection release from afterTransaction
10:25:38.423 [main] DEBUG org.hibernate.resource.jdbc.internal.LogicalConnectionManagedImpl - Initiating JDBC connection release from afterTransaction
10:25:38.423 [main] INFO org.hibernate.engine.internal.StatisticalLoggingSessionEventListener - Session Metrics {
    6700 nanoseconds spent acquiring 1 JDBC connections;
    500 nanoseconds spent releasing 1 JDBC connections;
    0 nanoseconds spent preparing 0 JDBC statements;
    0 nanoseconds spent executing 0 JDBC statements;
    0 nanoseconds spent executing 0 JDBC batches;
    0 nanoseconds spent performing 0 L2C puts;
    0 nanoseconds spent performing 0 L2C hits;
    0 nanoseconds spent performing 0 L2C misses;
    0 nanoseconds spent executing 0 flushes (flushing a total of 0 entities and 0 collections);
    0 nanoseconds spent executing 0 pre-partial-flushes;
    0 nanoseconds spent executing 0 partial-flushes (flushing a total of 0 entities and 0 collections)
}
10:25:38.423 [main] DEBUG org.hibernate.orm.sql.exec - Skipping reading Query result cache data: cache-enabled = false, cache-mode = IGNORE
10:25:38.423 [main] DEBUG org.hibernate.orm.results - Initializer list:
	  org.frcpm.models.Project.meetings -> DelayedCollectionInitializer(org.frcpm.models.Project.meetings)@1997179093 (PluralAttribute(org.frcpm.models.Project.meetings))
	  org.frcpm.models.Project.tasks -> DelayedCollectionInitializer(org.frcpm.models.Project.tasks)@454134510 (PluralAttribute(org.frcpm.models.Project.tasks))
	  org.frcpm.models.Project -> EntityResultInitializer(org.frcpm.models.Project)@388420407 (SingleTableEntityPersister(org.frcpm.models.Project))
	  org.frcpm.models.Project.milestones -> DelayedCollectionInitializer(org.frcpm.models.Project.milestones)@1242741438 (PluralAttribute(org.frcpm.models.Project.milestones))

10:25:38.423 [main] DEBUG org.hibernate.SQL - 
    select
        p1_0.id,
        p1_0.description,
        p1_0.goal_end_date,
        p1_0.hard_deadline,
        p1_0.name,
        p1_0.start_date 
    from
        projects p1_0 
    where
        p1_0.id=?
Hibernate: 
    select
        p1_0.id,
        p1_0.description,
        p1_0.goal_end_date,
        p1_0.hard_deadline,
        p1_0.name,
        p1_0.start_date 
    from
        projects p1_0 
    where
        p1_0.id=?
10:25:38.423 [main] DEBUG org.hibernate.resource.jdbc.internal.LogicalConnectionManagedImpl - Initiating JDBC connection release from afterTransaction
10:25:38.423 [main] DEBUG org.hibernate.orm.sql.exec - Skipping reading Query result cache data: cache-enabled = false, cache-mode = IGNORE
10:25:38.423 [main] DEBUG org.hibernate.orm.results - Initializer list:
	  org.frcpm.models.Task.preDependencies -> DelayedCollectionInitializer(org.frcpm.models.Task.preDependencies)@1605547435 (PluralAttribute(org.frcpm.models.Task.preDependencies))
	  org.frcpm.models.Task.project -> EntityDelayedFetchInitializer(org.frcpm.models.Task.project)@11154345 (ToOneAttributeMapping(NavigableRole[org.frcpm.models.Task.project])@874090445)
	  org.frcpm.models.Task.subsystem -> EntityDelayedFetchInitializer(org.frcpm.models.Task.subsystem)@128463138 (ToOneAttributeMapping(NavigableRole[org.frcpm.models.Task.subsystem])@1231086679)
	  org.frcpm.models.Task.postDependencies -> DelayedCollectionInitializer(org.frcpm.models.Task.postDependencies)@451449371 (PluralAttribute(org.frcpm.models.Task.postDependencies))
	  org.frcpm.models.Task.assignedTo -> DelayedCollectionInitializer(org.frcpm.models.Task.assignedTo)@1346200320 (PluralAttribute(org.frcpm.models.Task.assignedTo))
	  org.frcpm.models.Task.requiredComponents -> DelayedCollectionInitializer(org.frcpm.models.Task.requiredComponents)@31143381 (PluralAttribute(org.frcpm.models.Task.requiredComponents))
	  org.frcpm.models.Task -> EntityResultInitializer(org.frcpm.models.Task)@1203516909 (SingleTableEntityPersister(org.frcpm.models.Task))

10:25:38.423 [main] DEBUG org.hibernate.SQL - 
    select
        t1_0.id,
        t1_0.actual_duration_seconds,
        t1_0.completed,
        t1_0.description,
        t1_0.end_date,
        t1_0.estimated_duration_seconds,
        t1_0.priority,
        t1_0.progress,
        t1_0.project_id,
        t1_0.start_date,
        t1_0.subsystem_id,
        t1_0.title 
    from
        tasks t1_0 
    where
        t1_0.id=?
Hibernate: 
    select
        t1_0.id,
        t1_0.actual_duration_seconds,
        t1_0.completed,
        t1_0.description,
        t1_0.end_date,
        t1_0.estimated_duration_seconds,
        t1_0.priority,
        t1_0.progress,
        t1_0.project_id,
        t1_0.start_date,
        t1_0.subsystem_id,
        t1_0.title 
    from
        tasks t1_0 
    where
        t1_0.id=?
10:25:38.423 [main] DEBUG org.hibernate.resource.jdbc.internal.LogicalConnectionManagedImpl - Initiating JDBC connection release from afterTransaction
10:25:38.423 [main] INFO org.hibernate.engine.internal.StatisticalLoggingSessionEventListener - Session Metrics {
    8900 nanoseconds spent acquiring 2 JDBC connections;
    2400 nanoseconds spent releasing 2 JDBC connections;
    18900 nanoseconds spent preparing 2 JDBC statements;
    39100 nanoseconds spent executing 2 JDBC statements;
    0 nanoseconds spent executing 0 JDBC batches;
    0 nanoseconds spent performing 0 L2C puts;
    0 nanoseconds spent performing 0 L2C hits;
    0 nanoseconds spent performing 0 L2C misses;
    0 nanoseconds spent executing 0 flushes (flushing a total of 0 entities and 0 collections);
    0 nanoseconds spent executing 0 pre-partial-flushes;
    0 nanoseconds spent executing 0 partial-flushes (flushing a total of 0 entities and 0 collections)
}
]]></system-out>
  </testcase>
  <testcase name="testCleanupTestData" classname="org.frcpm.utils.DatabaseTestUtilTest" time="0.026">
    <system-out><![CDATA[10:25:38.424 [main] DEBUG org.hibernate.engine.transaction.internal.TransactionImpl - On TransactionImpl creation, JpaCompliance#isJpaTransactionComplianceEnabled == false
10:25:38.424 [main] DEBUG org.hibernate.engine.transaction.internal.TransactionImpl - begin
10:25:38.424 [main] DEBUG org.hibernate.engine.transaction.internal.TransactionImpl - On TransactionImpl creation, JpaCompliance#isJpaTransactionComplianceEnabled == false
10:25:38.424 [main] DEBUG org.hibernate.engine.transaction.internal.TransactionImpl - begin
10:25:38.424 [main] DEBUG org.hibernate.engine.spi.ActionQueue - Executing identity-insert immediately
10:25:38.424 [main] DEBUG org.hibernate.SQL - 
    /* insert for
        org.frcpm.models.Project */insert 
    into
        projects (description, goal_end_date, hard_deadline, name, start_date, id) 
    values
        (?, ?, ?, ?, ?, default)
Hibernate: 
    /* insert for
        org.frcpm.models.Project */insert 
    into
        projects (description, goal_end_date, hard_deadline, name, start_date, id) 
    values
        (?, ?, ?, ?, ?, default)
10:25:38.425 [main] DEBUG org.hibernate.orm.results - Initializer list is empty
10:25:38.425 [main] DEBUG org.hibernate.orm.results.loading - Calling top-level assembler (0 / 1) : org.hibernate.sql.results.graph.basic.BasicResultAssembler@3b8014d6
10:25:38.425 [main] DEBUG org.hibernate.orm.results - Extracted JDBC value [0] - [6]
10:25:38.425 [main] DEBUG org.hibernate.id.IdentifierGeneratorHelper - Extracted generated values [org.frcpm.models.Project]: [Ljava.lang.Object;@64429ce3
10:25:38.425 [main] DEBUG org.hibernate.event.internal.AbstractFlushingEventListener - Processing flush-time cascades
10:25:38.425 [main] DEBUG org.hibernate.event.internal.AbstractFlushingEventListener - Dirty checking collections
10:25:38.425 [main] DEBUG org.hibernate.engine.internal.Collections - Collection found: [org.frcpm.models.Project.meetings#6], was: [<unreferenced>] (initialized)
10:25:38.425 [main] DEBUG org.hibernate.engine.internal.Collections - Collection found: [org.frcpm.models.Project.milestones#6], was: [<unreferenced>] (initialized)
10:25:38.425 [main] DEBUG org.hibernate.engine.internal.Collections - Collection found: [org.frcpm.models.Project.tasks#6], was: [<unreferenced>] (initialized)
10:25:38.425 [main] DEBUG org.hibernate.event.internal.AbstractFlushingEventListener - Flushed: 0 insertions, 0 updates, 0 deletions to 1 objects
10:25:38.425 [main] DEBUG org.hibernate.event.internal.AbstractFlushingEventListener - Flushed: 3 (re)creations, 0 updates, 0 removals to 3 collections
10:25:38.425 [main] DEBUG org.hibernate.internal.util.EntityPrinter - Listing entities:
10:25:38.425 [main] DEBUG org.hibernate.internal.util.EntityPrinter - org.frcpm.models.Project{hardDeadline=2025-06-06, name=Cleanup_Test_1745594738424, description=null, meetings=[], id=6, goalEndDate=2025-05-23, milestones=[], startDate=2025-04-25, tasks=[]}
10:25:38.425 [main] DEBUG org.hibernate.engine.transaction.internal.TransactionImpl - committing
10:25:38.425 [main] DEBUG org.hibernate.event.internal.AbstractFlushingEventListener - Processing flush-time cascades
10:25:38.425 [main] DEBUG org.hibernate.event.internal.AbstractFlushingEventListener - Dirty checking collections
10:25:38.425 [main] DEBUG org.hibernate.engine.internal.Collections - Collection found: [org.frcpm.models.Project.meetings#6], was: [org.frcpm.models.Project.meetings#6] (initialized)
10:25:38.425 [main] DEBUG org.hibernate.engine.internal.Collections - Collection found: [org.frcpm.models.Project.milestones#6], was: [org.frcpm.models.Project.milestones#6] (initialized)
10:25:38.425 [main] DEBUG org.hibernate.engine.internal.Collections - Collection found: [org.frcpm.models.Project.tasks#6], was: [org.frcpm.models.Project.tasks#6] (initialized)
10:25:38.425 [main] DEBUG org.hibernate.event.internal.AbstractFlushingEventListener - Flushed: 0 insertions, 0 updates, 0 deletions to 1 objects
10:25:38.425 [main] DEBUG org.hibernate.event.internal.AbstractFlushingEventListener - Flushed: 0 (re)creations, 0 updates, 0 removals to 3 collections
10:25:38.425 [main] DEBUG org.hibernate.internal.util.EntityPrinter - Listing entities:
10:25:38.425 [main] DEBUG org.hibernate.internal.util.EntityPrinter - org.frcpm.models.Project{hardDeadline=2025-06-06, name=Cleanup_Test_1745594738424, description=null, meetings=[], id=6, goalEndDate=2025-05-23, milestones=[], startDate=2025-04-25, tasks=[]}
10:25:38.425 [main] DEBUG org.hibernate.resource.jdbc.internal.LogicalConnectionManagedImpl - Initiating JDBC connection release from afterTransaction
10:25:38.425 [main] DEBUG org.hibernate.resource.jdbc.internal.LogicalConnectionManagedImpl - Initiating JDBC connection release from afterTransaction
10:25:38.425 [main] INFO org.hibernate.engine.internal.StatisticalLoggingSessionEventListener - Session Metrics {
    300 nanoseconds spent acquiring 1 JDBC connections;
    7200 nanoseconds spent releasing 1 JDBC connections;
    61200 nanoseconds spent preparing 1 JDBC statements;
    52800 nanoseconds spent executing 1 JDBC statements;
    0 nanoseconds spent executing 0 JDBC batches;
    0 nanoseconds spent performing 0 L2C puts;
    0 nanoseconds spent performing 0 L2C hits;
    0 nanoseconds spent performing 0 L2C misses;
    163900 nanoseconds spent executing 2 flushes (flushing a total of 2 entities and 6 collections);
    0 nanoseconds spent executing 0 pre-partial-flushes;
    0 nanoseconds spent executing 0 partial-flushes (flushing a total of 0 entities and 0 collections)
}
10:25:38.425 [main] DEBUG org.hibernate.engine.transaction.internal.TransactionImpl - committing
10:25:38.425 [main] DEBUG org.hibernate.resource.jdbc.internal.LogicalConnectionManagedImpl - Initiating JDBC connection release from afterTransaction
10:25:38.425 [main] DEBUG org.hibernate.resource.jdbc.internal.LogicalConnectionManagedImpl - Initiating JDBC connection release from afterTransaction
10:25:38.425 [main] INFO org.hibernate.engine.internal.StatisticalLoggingSessionEventListener - Session Metrics {
    4800 nanoseconds spent acquiring 1 JDBC connections;
    500 nanoseconds spent releasing 1 JDBC connections;
    0 nanoseconds spent preparing 0 JDBC statements;
    0 nanoseconds spent executing 0 JDBC statements;
    0 nanoseconds spent executing 0 JDBC batches;
    0 nanoseconds spent performing 0 L2C puts;
    0 nanoseconds spent performing 0 L2C hits;
    0 nanoseconds spent performing 0 L2C misses;
    0 nanoseconds spent executing 0 flushes (flushing a total of 0 entities and 0 collections);
    0 nanoseconds spent executing 0 pre-partial-flushes;
    0 nanoseconds spent executing 0 partial-flushes (flushing a total of 0 entities and 0 collections)
}
10:25:38.425 [main] DEBUG org.hibernate.orm.sql.exec - Skipping reading Query result cache data: cache-enabled = false, cache-mode = IGNORE
10:25:38.425 [main] DEBUG org.hibernate.orm.results - Initializer list:
	  org.frcpm.models.Project.meetings -> DelayedCollectionInitializer(org.frcpm.models.Project.meetings)@1130864870 (PluralAttribute(org.frcpm.models.Project.meetings))
	  org.frcpm.models.Project.tasks -> DelayedCollectionInitializer(org.frcpm.models.Project.tasks)@1355890985 (PluralAttribute(org.frcpm.models.Project.tasks))
	  org.frcpm.models.Project -> EntityResultInitializer(org.frcpm.models.Project)@1808587073 (SingleTableEntityPersister(org.frcpm.models.Project))
	  org.frcpm.models.Project.milestones -> DelayedCollectionInitializer(org.frcpm.models.Project.milestones)@454681951 (PluralAttribute(org.frcpm.models.Project.milestones))

10:25:38.425 [main] DEBUG org.hibernate.SQL - 
    select
        p1_0.id,
        p1_0.description,
        p1_0.goal_end_date,
        p1_0.hard_deadline,
        p1_0.name,
        p1_0.start_date 
    from
        projects p1_0 
    where
        p1_0.id=?
Hibernate: 
    select
        p1_0.id,
        p1_0.description,
        p1_0.goal_end_date,
        p1_0.hard_deadline,
        p1_0.name,
        p1_0.start_date 
    from
        projects p1_0 
    where
        p1_0.id=?
10:25:38.425 [main] DEBUG org.hibernate.orm.results.loading.entity - (EntityResultInitializer) Hydrated EntityKey (org.frcpm.models.Project): 6
10:25:38.425 [main] DEBUG org.hibernate.orm.results.loading.org.hibernate.orm.results.loading.collection - (DelayedCollectionInitializer) Current row collection key : org.frcpm.models.Project.meetings#6
10:25:38.425 [main] DEBUG org.hibernate.orm.results.loading.org.hibernate.orm.results.loading.collection - (DelayedCollectionInitializer) Current row collection key : org.frcpm.models.Project.milestones#6
10:25:38.425 [main] DEBUG org.hibernate.orm.results.loading.org.hibernate.orm.results.loading.collection - (DelayedCollectionInitializer) Current row collection key : org.frcpm.models.Project.tasks#6
10:25:38.425 [main] DEBUG org.hibernate.orm.results.loading.entity - (EntityResultInitializer) Created new entity instance [org.frcpm.models.Project#6] : 839781290
10:25:38.425 [main] DEBUG org.hibernate.orm.results - Extracted JDBC value [1] - [null]
10:25:38.425 [main] DEBUG org.hibernate.orm.results - Extracted JDBC value [2] - [2025-05-23]
10:25:38.425 [main] DEBUG org.hibernate.orm.results - Extracted JDBC value [3] - [2025-06-06]
10:25:38.425 [main] DEBUG org.hibernate.orm.results - Extracted JDBC value [4] - [Cleanup_Test_1745594738424]
10:25:38.425 [main] DEBUG org.hibernate.orm.results - Extracted JDBC value [5] - [2025-04-25]
10:25:38.425 [main] DEBUG org.hibernate.orm.results.loading.entity - (EntityResultInitializer) Done materializing entityInstance : org.frcpm.models.Project#6
10:25:38.425 [main] DEBUG org.hibernate.orm.results.loading - Calling top-level assembler (0 / 1) : org.hibernate.sql.results.graph.entity.internal.EntityAssembler@68da16f1
10:25:38.425 [main] DEBUG org.hibernate.resource.jdbc.internal.LogicalConnectionManagedImpl - Initiating JDBC connection release from afterTransaction
10:25:38.425 [main] INFO org.hibernate.engine.internal.StatisticalLoggingSessionEventListener - Session Metrics {
    3500 nanoseconds spent acquiring 1 JDBC connections;
    1400 nanoseconds spent releasing 1 JDBC connections;
    10100 nanoseconds spent preparing 1 JDBC statements;
    38100 nanoseconds spent executing 1 JDBC statements;
    0 nanoseconds spent executing 0 JDBC batches;
    0 nanoseconds spent performing 0 L2C puts;
    0 nanoseconds spent performing 0 L2C hits;
    0 nanoseconds spent performing 0 L2C misses;
    0 nanoseconds spent executing 0 flushes (flushing a total of 0 entities and 0 collections);
    0 nanoseconds spent executing 0 pre-partial-flushes;
    0 nanoseconds spent executing 0 partial-flushes (flushing a total of 0 entities and 0 collections)
}
10:25:38.425 [main] DEBUG org.hibernate.engine.transaction.internal.TransactionImpl - On TransactionImpl creation, JpaCompliance#isJpaTransactionComplianceEnabled == false
10:25:38.425 [main] DEBUG org.hibernate.engine.transaction.internal.TransactionImpl - begin
10:25:38.425 [main] DEBUG org.hibernate.orm.query.hql - HQL : SELECT t FROM Task t WHERE t.title LIKE 'Test%' OR t.title LIKE 'Cascade_%' OR t.title LIKE 'Transaction%' OR t.title LIKE 'Nested%' OR t.title LIKE 'Rollback_%' OR t.title LIKE 'Cleanup_%' OR t.title LIKE 'Exception_%'
10:25:38.426 [main] DEBUG org.hibernate.orm.query.sqm.ast - SqmStatement Tree :
    -> [select]
      -> [query-spec]
        -> [select]
          -> [selection]
            -> [root] - `org.frcpm.models.Task(t)`
            <- [root] - `org.frcpm.models.Task(t)`
          <- [selection]
        <- [select]
        -> [from]
          -> [root] - `org.frcpm.models.Task(t)`
          <- [root] - `org.frcpm.models.Task(t)`
        <- [from]
        -> [where]
          -> [or]
            -> [is-like]
              -> [basic-path] - `org.frcpm.models.Task(t).title`
            <- [is-like]
            -> [is-like]
              -> [basic-path] - `org.frcpm.models.Task(t).title`
            <- [is-like]
            -> [is-like]
              -> [basic-path] - `org.frcpm.models.Task(t).title`
            <- [is-like]
            -> [is-like]
              -> [basic-path] - `org.frcpm.models.Task(t).title`
            <- [is-like]
            -> [is-like]
              -> [basic-path] - `org.frcpm.models.Task(t).title`
            <- [is-like]
            -> [is-like]
              -> [basic-path] - `org.frcpm.models.Task(t).title`
            <- [is-like]
            -> [is-like]
              -> [basic-path] - `org.frcpm.models.Task(t).title`
            <- [is-like]
          <- [or]
        <- [where]
      <- [query-spec]
    <- [select]

10:25:38.427 [main] DEBUG org.hibernate.orm.sql.ast.create - Created new SQL alias : t1_0
10:25:38.427 [main] DEBUG org.hibernate.orm.sql.ast.create - Registration of TableGroup [StandardTableGroup(org.frcpm.models.Task(t))] with identifierForTableGroup [org.frcpm.models.Task] for NavigablePath [org.frcpm.models.Task] 
10:25:38.427 [main] DEBUG org.hibernate.orm.sql.ast.create - Registration of TableGroup [org.hibernate.sql.ast.tree.from.LazyTableGroup@76d2622c] with identifierForTableGroup [org.frcpm.models.Task.project] for NavigablePath [org.frcpm.models.Task.project] 
10:25:38.427 [main] DEBUG org.hibernate.orm.sql.ast.create - Registration of TableGroup [org.hibernate.sql.ast.tree.from.LazyTableGroup@3c645d85] with identifierForTableGroup [org.frcpm.models.Task.subsystem] for NavigablePath [org.frcpm.models.Task.subsystem] 
10:25:38.427 [main] DEBUG org.hibernate.query.sqm.sql.BaseSqmToSqlAstConverter - Determining mapping-model type for SqmPath : SqmBasicValuedSimplePath(org.frcpm.models.Task(t).title) 
10:25:38.427 [main] DEBUG org.hibernate.query.sqm.sql.BaseSqmToSqlAstConverter - Determining mapping-model type for SqmPath : SqmBasicValuedSimplePath(org.frcpm.models.Task(t).title) 
10:25:38.427 [main] DEBUG org.hibernate.query.sqm.sql.BaseSqmToSqlAstConverter - Determining mapping-model type for SqmPath : SqmBasicValuedSimplePath(org.frcpm.models.Task(t).title) 
10:25:38.427 [main] DEBUG org.hibernate.query.sqm.sql.BaseSqmToSqlAstConverter - Determining mapping-model type for SqmPath : SqmBasicValuedSimplePath(org.frcpm.models.Task(t).title) 
10:25:38.427 [main] DEBUG org.hibernate.query.sqm.sql.BaseSqmToSqlAstConverter - Determining mapping-model type for SqmPath : SqmBasicValuedSimplePath(org.frcpm.models.Task(t).title) 
10:25:38.427 [main] DEBUG org.hibernate.query.sqm.sql.BaseSqmToSqlAstConverter - Determining mapping-model type for SqmPath : SqmBasicValuedSimplePath(org.frcpm.models.Task(t).title) 
10:25:38.427 [main] DEBUG org.hibernate.query.sqm.sql.BaseSqmToSqlAstConverter - Determining mapping-model type for SqmPath : SqmBasicValuedSimplePath(org.frcpm.models.Task(t).title) 
10:25:38.427 [main] DEBUG org.hibernate.orm.results.graph.AST - DomainResult Graph:
 \-EntityResultImpl [org.frcpm.models.Task(t)]
 |  +-BasicFetch [org.frcpm.models.Task(t).actualDurationSeconds]
 |  +-DelayedCollectionFetch [org.frcpm.models.Task(t).assignedTo]
 |  +-BasicFetch [org.frcpm.models.Task(t).completed]
 |  +-BasicFetch [org.frcpm.models.Task(t).description]
 |  +-BasicFetch [org.frcpm.models.Task(t).endDate]
 |  +-BasicFetch [org.frcpm.models.Task(t).estimatedDurationSeconds]
 |  +-DelayedCollectionFetch [org.frcpm.models.Task(t).postDependencies]
 |  +-DelayedCollectionFetch [org.frcpm.models.Task(t).preDependencies]
 |  +-BasicFetch [org.frcpm.models.Task(t).priority]
 |  +-BasicFetch [org.frcpm.models.Task(t).progress]
 |  +-CircularFetchImpl [org.frcpm.models.Task(t).project]
 |  +-DelayedCollectionFetch [org.frcpm.models.Task(t).requiredComponents]
 |  +-BasicFetch [org.frcpm.models.Task(t).startDate]
 |  +-CircularFetchImpl [org.frcpm.models.Task(t).subsystem]
 |  \-BasicFetch [org.frcpm.models.Task(t).title]

10:25:38.427 [main] DEBUG org.hibernate.orm.sql.ast.tree - SQL AST Tree:
    SelectStatement {
      FromClause {
        StandardTableGroup (t1 : org.frcpm.models.Task(t)) {
          primaryTableReference : tasks as t1_0
          TableGroupJoins {
            left  join LazyTableGroup (p1 : org.frcpm.models.Task(t).project) {
            }
            left  join LazyTableGroup (s1 : org.frcpm.models.Task(t).subsystem) {
            }
          }
        }
      }
    }

10:25:38.428 [main] DEBUG org.hibernate.orm.sql.exec - Skipping reading Query result cache data: cache-enabled = false, cache-mode = NORMAL
10:25:38.428 [main] DEBUG org.hibernate.orm.results - Initializer list:
	  org.frcpm.models.Task(t).postDependencies -> DelayedCollectionInitializer(org.frcpm.models.Task(t).postDependencies)@1938538085 (PluralAttribute(org.frcpm.models.Task.postDependencies))
	  org.frcpm.models.Task(t).assignedTo -> DelayedCollectionInitializer(org.frcpm.models.Task(t).assignedTo)@372076858 (PluralAttribute(org.frcpm.models.Task.assignedTo))
	  org.frcpm.models.Task(t) -> EntityResultInitializer(org.frcpm.models.Task(t))@526807005 (SingleTableEntityPersister(org.frcpm.models.Task))
	  org.frcpm.models.Task(t).preDependencies -> DelayedCollectionInitializer(org.frcpm.models.Task(t).preDependencies)@32543169 (PluralAttribute(org.frcpm.models.Task.preDependencies))
	  org.frcpm.models.Task(t).project -> EntityDelayedFetchInitializer(org.frcpm.models.Task(t).project)@799440652 (ToOneAttributeMapping(NavigableRole[org.frcpm.models.Task.project])@874090445)
	  org.frcpm.models.Task(t).subsystem -> EntityDelayedFetchInitializer(org.frcpm.models.Task(t).subsystem)@1384087395 (ToOneAttributeMapping(NavigableRole[org.frcpm.models.Task.subsystem])@1231086679)
	  org.frcpm.models.Task(t).requiredComponents -> DelayedCollectionInitializer(org.frcpm.models.Task(t).requiredComponents)@2118904438 (PluralAttribute(org.frcpm.models.Task.requiredComponents))

10:25:38.428 [main] DEBUG org.hibernate.SQL - 
    /* SELECT
        t 
    FROM
        Task t 
    WHERE
        t.title LIKE 'Test%' 
        OR t.title LIKE 'Cascade_%' 
        OR t.title LIKE 'Transaction%' 
        OR t.title LIKE 'Nested%' 
        OR t.title LIKE 'Rollback_%' 
        OR t.title LIKE 'Cleanup_%' 
        OR t.title LIKE 'Exception_%' */ select
            t1_0.id,
            t1_0.actual_duration_seconds,
            t1_0.completed,
            t1_0.description,
            t1_0.end_date,
            t1_0.estimated_duration_seconds,
            t1_0.priority,
            t1_0.progress,
            t1_0.project_id,
            t1_0.start_date,
            t1_0.subsystem_id,
            t1_0.title 
        from
            tasks t1_0 
        where
            t1_0.title like 'Test%' escape '' 
            or t1_0.title like 'Cascade_%' escape '' 
            or t1_0.title like 'Transaction%' escape '' 
            or t1_0.title like 'Nested%' escape '' 
            or t1_0.title like 'Rollback_%' escape '' 
            or t1_0.title like 'Cleanup_%' escape '' 
            or t1_0.title like 'Exception_%' escape ''
Hibernate: 
    /* SELECT
        t 
    FROM
        Task t 
    WHERE
        t.title LIKE 'Test%' 
        OR t.title LIKE 'Cascade_%' 
        OR t.title LIKE 'Transaction%' 
        OR t.title LIKE 'Nested%' 
        OR t.title LIKE 'Rollback_%' 
        OR t.title LIKE 'Cleanup_%' 
        OR t.title LIKE 'Exception_%' */ select
            t1_0.id,
            t1_0.actual_duration_seconds,
            t1_0.completed,
            t1_0.description,
            t1_0.end_date,
            t1_0.estimated_duration_seconds,
            t1_0.priority,
            t1_0.progress,
            t1_0.project_id,
            t1_0.start_date,
            t1_0.subsystem_id,
            t1_0.title 
        from
            tasks t1_0 
        where
            t1_0.title like 'Test%' escape '' 
            or t1_0.title like 'Cascade_%' escape '' 
            or t1_0.title like 'Transaction%' escape '' 
            or t1_0.title like 'Nested%' escape '' 
            or t1_0.title like 'Rollback_%' escape '' 
            or t1_0.title like 'Cleanup_%' escape '' 
            or t1_0.title like 'Exception_%' escape ''
10:25:38.428 [main] DEBUG org.hibernate.orm.results - Extracted JDBC value [0] - [1]
10:25:38.428 [main] DEBUG org.hibernate.orm.results.loading.entity - (EntityResultInitializer) Hydrated EntityKey (org.frcpm.models.Task(t)): 1
10:25:38.428 [main] DEBUG org.hibernate.orm.results.loading.org.hibernate.orm.results.loading.collection - (DelayedCollectionInitializer) Current row collection key : org.frcpm.models.Task(t).assignedTo#1
10:25:38.428 [main] DEBUG org.hibernate.orm.results.loading.org.hibernate.orm.results.loading.collection - (DelayedCollectionInitializer) Current row collection key : org.frcpm.models.Task(t).postDependencies#1
10:25:38.428 [main] DEBUG org.hibernate.orm.results.loading.org.hibernate.orm.results.loading.collection - (DelayedCollectionInitializer) Current row collection key : org.frcpm.models.Task(t).preDependencies#1
10:25:38.428 [main] DEBUG org.hibernate.orm.results.loading.org.hibernate.orm.results.loading.collection - (DelayedCollectionInitializer) Current row collection key : org.frcpm.models.Task(t).requiredComponents#1
10:25:38.428 [main] DEBUG org.hibernate.orm.results.loading.entity - (EntityResultInitializer) Created new entity instance [org.frcpm.models.Task(t)#1] : 1323279224
10:25:38.428 [main] DEBUG org.hibernate.orm.results - Extracted JDBC value [8] - [1]
10:25:38.429 [main] DEBUG org.hibernate.orm.results - Extracted JDBC value [10] - [1]
10:25:38.429 [main] DEBUG org.hibernate.orm.results - Extracted JDBC value [1] - [null]
10:25:38.429 [main] DEBUG org.hibernate.orm.results - Extracted JDBC value [2] - [false]
10:25:38.429 [main] DEBUG org.hibernate.orm.results - Extracted JDBC value [3] - [Test task created by DatabaseTestUtil]
10:25:38.429 [main] DEBUG org.hibernate.orm.results - Extracted JDBC value [4] - [2025-05-02]
10:25:38.429 [main] DEBUG org.hibernate.orm.results - Extracted JDBC value [5] - [7200]
10:25:38.429 [main] DEBUG org.hibernate.orm.results - Extracted JDBC value [6] - [MEDIUM]
10:25:38.429 [main] DEBUG org.hibernate.orm.results - Extracted JDBC value [7] - [0]
10:25:38.429 [main] DEBUG org.hibernate.orm.results - Extracted JDBC value [9] - [2025-04-25]
10:25:38.429 [main] DEBUG org.hibernate.orm.results - Extracted JDBC value [11] - [Test Task 1745594738375]
10:25:38.429 [main] DEBUG org.hibernate.orm.results.loading.entity - (EntityResultInitializer) Done materializing entityInstance : org.frcpm.models.Task(t)#1
10:25:38.429 [main] DEBUG org.hibernate.orm.results.loading - Calling top-level assembler (0 / 1) : org.hibernate.sql.results.graph.entity.internal.EntityAssembler@ad4a38d
10:25:38.429 [main] DEBUG org.hibernate.orm.results - Extracted JDBC value [0] - [3]
10:25:38.429 [main] DEBUG org.hibernate.orm.results.loading.entity - (EntityResultInitializer) Hydrated EntityKey (org.frcpm.models.Task(t)): 3
10:25:38.429 [main] DEBUG org.hibernate.orm.results.loading.org.hibernate.orm.results.loading.collection - (DelayedCollectionInitializer) Current row collection key : org.frcpm.models.Task(t).assignedTo#3
10:25:38.429 [main] DEBUG org.hibernate.orm.results.loading.org.hibernate.orm.results.loading.collection - (DelayedCollectionInitializer) Current row collection key : org.frcpm.models.Task(t).postDependencies#3
10:25:38.429 [main] DEBUG org.hibernate.orm.results.loading.org.hibernate.orm.results.loading.collection - (DelayedCollectionInitializer) Current row collection key : org.frcpm.models.Task(t).preDependencies#3
10:25:38.429 [main] DEBUG org.hibernate.orm.results.loading.org.hibernate.orm.results.loading.collection - (DelayedCollectionInitializer) Current row collection key : org.frcpm.models.Task(t).requiredComponents#3
10:25:38.429 [main] DEBUG org.hibernate.orm.results.loading.entity - (EntityResultInitializer) Created new entity instance [org.frcpm.models.Task(t)#3] : 1307329905
10:25:38.429 [main] DEBUG org.hibernate.orm.results - Extracted JDBC value [8] - [3]
10:25:38.429 [main] DEBUG org.hibernate.orm.results - Extracted JDBC value [10] - [1]
10:25:38.429 [main] DEBUG org.hibernate.orm.results - Extracted JDBC value [1] - [null]
10:25:38.429 [main] DEBUG org.hibernate.orm.results - Extracted JDBC value [2] - [false]
10:25:38.429 [main] DEBUG org.hibernate.orm.results - Extracted JDBC value [3] - [null]
10:25:38.429 [main] DEBUG org.hibernate.orm.results - Extracted JDBC value [4] - [null]
10:25:38.429 [main] DEBUG org.hibernate.orm.results - Extracted JDBC value [5] - [3600]
10:25:38.429 [main] DEBUG org.hibernate.orm.results - Extracted JDBC value [6] - [MEDIUM]
10:25:38.429 [main] DEBUG org.hibernate.orm.results - Extracted JDBC value [7] - [0]
10:25:38.429 [main] DEBUG org.hibernate.orm.results - Extracted JDBC value [9] - [null]
10:25:38.429 [main] DEBUG org.hibernate.orm.results - Extracted JDBC value [11] - [Nested Transaction Task]
10:25:38.429 [main] DEBUG org.hibernate.orm.results.loading.entity - (EntityResultInitializer) Done materializing entityInstance : org.frcpm.models.Task(t)#3
10:25:38.429 [main] DEBUG org.hibernate.orm.results.loading - Calling top-level assembler (0 / 1) : org.hibernate.sql.results.graph.entity.internal.EntityAssembler@ad4a38d
10:25:38.429 [main] DEBUG org.hibernate.stat.internal.StatisticsImpl - HHH000117: HQL: SELECT t FROM Task t WHERE t.title LIKE 'Test%' OR t.title LIKE 'Cascade_%' OR t.title LIKE 'Transaction%' OR t.title LIKE 'Nested%' OR t.title LIKE 'Rollback_%' OR t.title LIKE 'Cleanup_%' OR t.title LIKE 'Exception_%', time: 1ms, rows: 2
10:25:38.429 [main] DEBUG org.hibernate.orm.sql.exec - Skipping reading Query result cache data: cache-enabled = false, cache-mode = IGNORE
10:25:38.429 [main] DEBUG org.hibernate.orm.results - Initializer list:
	  org.frcpm.models.Task.assignedTo.{element}.attendances -> DelayedCollectionInitializer(org.frcpm.models.Task.assignedTo.{element}.attendances)@1992132779 (PluralAttribute(org.frcpm.models.TeamMember.attendances))
	  org.frcpm.models.Task.assignedTo -> SetInitializer(org.frcpm.models.Task.assignedTo)@1476072701 (PluralAttribute(org.frcpm.models.Task.assignedTo))
	  org.frcpm.models.Task.assignedTo.{element}.assignedTasks -> DelayedCollectionInitializer(org.frcpm.models.Task.assignedTo.{element}.assignedTasks)@1628750159 (PluralAttribute(org.frcpm.models.TeamMember.assignedTasks))
	  org.frcpm.models.Task.assignedTo.{element} -> EntityJoinedFetchInitializer(org.frcpm.models.Task.assignedTo.{element})@944049366 (EntityCollectionPart(org.frcpm.models.Task.assignedTo#{element})@572990373)
	  org.frcpm.models.Task.assignedTo.{element}.subteam -> EntityDelayedFetchInitializer(org.frcpm.models.Task.assignedTo.{element}.subteam)@771004384 (ToOneAttributeMapping(NavigableRole[org.frcpm.models.TeamMember.subteam])@1781347752)

10:25:38.429 [main] DEBUG org.hibernate.SQL - 
    select
        at1_0.task_id,
        at1_1.id,
        at1_1.email,
        at1_1.first_name,
        at1_1.last_name,
        at1_1.is_leader,
        at1_1.phone,
        at1_1.skills,
        at1_1.subteam_id,
        at1_1.username 
    from
        task_assignments at1_0 
    join
        team_members at1_1 
            on at1_1.id=at1_0.team_member_id 
    where
        at1_0.task_id=?
Hibernate: 
    select
        at1_0.task_id,
        at1_1.id,
        at1_1.email,
        at1_1.first_name,
        at1_1.last_name,
        at1_1.is_leader,
        at1_1.phone,
        at1_1.skills,
        at1_1.subteam_id,
        at1_1.username 
    from
        task_assignments at1_0 
    join
        team_members at1_1 
            on at1_1.id=at1_0.team_member_id 
    where
        at1_0.task_id=?
10:25:38.430 [main] DEBUG org.hibernate.orm.results - Extracted JDBC value [0] - [1]
10:25:38.430 [main] DEBUG org.hibernate.orm.results.loading.org.hibernate.orm.results.loading.collection - (SetInitializer) Current row collection key : org.frcpm.models.Task.assignedTo#1
10:25:38.430 [main] DEBUG org.hibernate.orm.results - Extracted JDBC value [1] - [1]
10:25:38.430 [main] DEBUG org.hibernate.orm.results.loading.entity - (EntityJoinedFetchInitializer) Hydrated EntityKey (org.frcpm.models.Task.assignedTo.{element}): 1
10:25:38.430 [main] DEBUG org.hibernate.orm.results.loading.org.hibernate.orm.results.loading.collection - (DelayedCollectionInitializer) Current row collection key : org.frcpm.models.Task.assignedTo.{element}.assignedTasks#1
10:25:38.430 [main] DEBUG org.hibernate.orm.results.loading.org.hibernate.orm.results.loading.collection - (DelayedCollectionInitializer) Current row collection key : org.frcpm.models.Task.assignedTo.{element}.attendances#1
10:25:38.430 [main] DEBUG org.hibernate.orm.results.loading.entity - (EntityJoinedFetchInitializer) Created new entity instance [org.frcpm.models.Task.assignedTo.{element}#1] : 1753041194
10:25:38.430 [main] DEBUG org.hibernate.orm.results - Extracted JDBC value [8] - [1]
10:25:38.430 [main] DEBUG org.hibernate.orm.results.loading.org.hibernate.orm.results.loading.collection - (SetInitializer) Responsible for loading collection [org.frcpm.models.Task.assignedTo#1] : org.hibernate.collection.spi.PersistentSet@1877403791
10:25:38.430 [main] DEBUG org.hibernate.orm.results - Extracted JDBC value [2] - [test@example.com]
10:25:38.430 [main] DEBUG org.hibernate.orm.results - Extracted JDBC value [3] - [Test]
10:25:38.430 [main] DEBUG org.hibernate.orm.results - Extracted JDBC value [4] - [User]
10:25:38.430 [main] DEBUG org.hibernate.orm.results - Extracted JDBC value [5] - [false]
10:25:38.430 [main] DEBUG org.hibernate.orm.results - Extracted JDBC value [6] - [null]
10:25:38.430 [main] DEBUG org.hibernate.orm.results - Extracted JDBC value [7] - [Testing]
10:25:38.430 [main] DEBUG org.hibernate.orm.results - Extracted JDBC value [9] - [testuser_1745594738373]
10:25:38.430 [main] DEBUG org.hibernate.orm.results.loading.entity - (EntityJoinedFetchInitializer) Done materializing entityInstance : org.frcpm.models.Task.assignedTo.{element}#1
10:25:38.430 [main] DEBUG org.hibernate.orm.results.loading.org.hibernate.orm.results.loading.collection - (SetInitializer) Reading element from row for collection [org.frcpm.models.Task.assignedTo#1] -> org.hibernate.collection.spi.PersistentSet@1877403791
10:25:38.430 [main] DEBUG org.hibernate.orm.results.loading - Calling top-level assembler (0 / 1) : org.hibernate.sql.results.graph.collection.internal.CollectionAssembler@793a30a6
10:25:38.430 [main] DEBUG org.hibernate.sql.results.internal.ResultsHelper - Collection fully initialized: [org.frcpm.models.Task.assignedTo#1]
10:25:38.430 [main] DEBUG org.hibernate.orm.sql.exec - Skipping reading Query result cache data: cache-enabled = false, cache-mode = IGNORE
10:25:38.430 [main] DEBUG org.hibernate.orm.results - Initializer list:
	  org.frcpm.models.Task.preDependencies.{element}.postDependencies -> DelayedCollectionInitializer(org.frcpm.models.Task.preDependencies.{element}.postDependencies)@2064384690 (PluralAttribute(org.frcpm.models.Task.postDependencies))
	  org.frcpm.models.Task.preDependencies.{element}.assignedTo -> DelayedCollectionInitializer(org.frcpm.models.Task.preDependencies.{element}.assignedTo)@1709378890 (PluralAttribute(org.frcpm.models.Task.assignedTo))
	  org.frcpm.models.Task.preDependencies.{element}.subsystem -> EntityDelayedFetchInitializer(org.frcpm.models.Task.preDependencies.{element}.subsystem)@499427088 (ToOneAttributeMapping(NavigableRole[org.frcpm.models.Task.subsystem])@1231086679)
	  org.frcpm.models.Task.preDependencies.{element}.project -> EntityDelayedFetchInitializer(org.frcpm.models.Task.preDependencies.{element}.project)@894634766 (ToOneAttributeMapping(NavigableRole[org.frcpm.models.Task.project])@874090445)
	  org.frcpm.models.Task.preDependencies.{element}.preDependencies -> DelayedCollectionInitializer(org.frcpm.models.Task.preDependencies.{element}.preDependencies)@785487492 (PluralAttribute(org.frcpm.models.Task.preDependencies))
	  org.frcpm.models.Task.preDependencies -> SetInitializer(org.frcpm.models.Task.preDependencies)@1394952009 (PluralAttribute(org.frcpm.models.Task.preDependencies))
	  org.frcpm.models.Task.preDependencies.{element}.requiredComponents -> DelayedCollectionInitializer(org.frcpm.models.Task.preDependencies.{element}.requiredComponents)@1801557530 (PluralAttribute(org.frcpm.models.Task.requiredComponents))
	  org.frcpm.models.Task.preDependencies.{element} -> EntityJoinedFetchInitializer(org.frcpm.models.Task.preDependencies.{element})@1179122435 (EntityCollectionPart(org.frcpm.models.Task.preDependencies#{element})@1686122745)

10:25:38.430 [main] DEBUG org.hibernate.SQL - 
    select
        pd1_0.task_id,
        pd1_1.id,
        pd1_1.actual_duration_seconds,
        pd1_1.completed,
        pd1_1.description,
        pd1_1.end_date,
        pd1_1.estimated_duration_seconds,
        pd1_1.priority,
        pd1_1.progress,
        pd1_1.project_id,
        pd1_1.start_date,
        pd1_1.subsystem_id,
        pd1_1.title 
    from
        task_dependencies pd1_0 
    join
        tasks pd1_1 
            on pd1_1.id=pd1_0.dependency_id 
    where
        pd1_0.task_id=?
Hibernate: 
    select
        pd1_0.task_id,
        pd1_1.id,
        pd1_1.actual_duration_seconds,
        pd1_1.completed,
        pd1_1.description,
        pd1_1.end_date,
        pd1_1.estimated_duration_seconds,
        pd1_1.priority,
        pd1_1.progress,
        pd1_1.project_id,
        pd1_1.start_date,
        pd1_1.subsystem_id,
        pd1_1.title 
    from
        task_dependencies pd1_0 
    join
        tasks pd1_1 
            on pd1_1.id=pd1_0.dependency_id 
    where
        pd1_0.task_id=?
10:25:38.430 [main] DEBUG org.hibernate.sql.results.internal.ResultsHelper - Collection fully initialized: [org.frcpm.models.Task.preDependencies#1]
10:25:38.430 [main] DEBUG org.hibernate.orm.sql.exec - Skipping reading Query result cache data: cache-enabled = false, cache-mode = IGNORE
10:25:38.430 [main] DEBUG org.hibernate.orm.results - Initializer list:
	  org.frcpm.models.Task.requiredComponents.{element}.requiredForTasks -> DelayedCollectionInitializer(org.frcpm.models.Task.requiredComponents.{element}.requiredForTasks)@62315381 (PluralAttribute(org.frcpm.models.Component.requiredForTasks))
	  org.frcpm.models.Task.requiredComponents.{element} -> EntityJoinedFetchInitializer(org.frcpm.models.Task.requiredComponents.{element})@1725178882 (EntityCollectionPart(org.frcpm.models.Task.requiredComponents#{element})@1249901475)
	  org.frcpm.models.Task.requiredComponents -> SetInitializer(org.frcpm.models.Task.requiredComponents)@890643683 (PluralAttribute(org.frcpm.models.Task.requiredComponents))

10:25:38.430 [main] DEBUG org.hibernate.SQL - 
    select
        rc1_0.task_id,
        rc1_1.id,
        rc1_1.actual_delivery,
        rc1_1.is_delivered,
        rc1_1.description,
        rc1_1.expected_delivery,
        rc1_1.name,
        rc1_1.part_number 
    from
        task_components rc1_0 
    join
        components rc1_1 
            on rc1_1.id=rc1_0.component_id 
    where
        rc1_0.task_id=?
Hibernate: 
    select
        rc1_0.task_id,
        rc1_1.id,
        rc1_1.actual_delivery,
        rc1_1.is_delivered,
        rc1_1.description,
        rc1_1.expected_delivery,
        rc1_1.name,
        rc1_1.part_number 
    from
        task_components rc1_0 
    join
        components rc1_1 
            on rc1_1.id=rc1_0.component_id 
    where
        rc1_0.task_id=?
10:25:38.430 [main] DEBUG org.hibernate.sql.results.internal.ResultsHelper - Collection fully initialized: [org.frcpm.models.Task.requiredComponents#1]
10:25:38.430 [main] DEBUG org.hibernate.orm.sql.exec - Skipping reading Query result cache data: cache-enabled = false, cache-mode = IGNORE
10:25:38.430 [main] DEBUG org.hibernate.orm.results - Initializer list:
	  org.frcpm.models.Task.assignedTo.{element}.attendances -> DelayedCollectionInitializer(org.frcpm.models.Task.assignedTo.{element}.attendances)@1927980503 (PluralAttribute(org.frcpm.models.TeamMember.attendances))
	  org.frcpm.models.Task.assignedTo -> SetInitializer(org.frcpm.models.Task.assignedTo)@1985984085 (PluralAttribute(org.frcpm.models.Task.assignedTo))
	  org.frcpm.models.Task.assignedTo.{element}.assignedTasks -> DelayedCollectionInitializer(org.frcpm.models.Task.assignedTo.{element}.assignedTasks)@125997277 (PluralAttribute(org.frcpm.models.TeamMember.assignedTasks))
	  org.frcpm.models.Task.assignedTo.{element} -> EntityJoinedFetchInitializer(org.frcpm.models.Task.assignedTo.{element})@800371433 (EntityCollectionPart(org.frcpm.models.Task.assignedTo#{element})@572990373)
	  org.frcpm.models.Task.assignedTo.{element}.subteam -> EntityDelayedFetchInitializer(org.frcpm.models.Task.assignedTo.{element}.subteam)@148336341 (ToOneAttributeMapping(NavigableRole[org.frcpm.models.TeamMember.subteam])@1781347752)

10:25:38.430 [main] DEBUG org.hibernate.SQL - 
    select
        at1_0.task_id,
        at1_1.id,
        at1_1.email,
        at1_1.first_name,
        at1_1.last_name,
        at1_1.is_leader,
        at1_1.phone,
        at1_1.skills,
        at1_1.subteam_id,
        at1_1.username 
    from
        task_assignments at1_0 
    join
        team_members at1_1 
            on at1_1.id=at1_0.team_member_id 
    where
        at1_0.task_id=?
Hibernate: 
    select
        at1_0.task_id,
        at1_1.id,
        at1_1.email,
        at1_1.first_name,
        at1_1.last_name,
        at1_1.is_leader,
        at1_1.phone,
        at1_1.skills,
        at1_1.subteam_id,
        at1_1.username 
    from
        task_assignments at1_0 
    join
        team_members at1_1 
            on at1_1.id=at1_0.team_member_id 
    where
        at1_0.task_id=?
10:25:38.430 [main] DEBUG org.hibernate.sql.results.internal.ResultsHelper - Collection fully initialized: [org.frcpm.models.Task.assignedTo#3]
10:25:38.430 [main] DEBUG org.hibernate.orm.sql.exec - Skipping reading Query result cache data: cache-enabled = false, cache-mode = IGNORE
10:25:38.430 [main] DEBUG org.hibernate.orm.results - Initializer list:
	  org.frcpm.models.Task.preDependencies.{element}.postDependencies -> DelayedCollectionInitializer(org.frcpm.models.Task.preDependencies.{element}.postDependencies)@445594432 (PluralAttribute(org.frcpm.models.Task.postDependencies))
	  org.frcpm.models.Task.preDependencies.{element}.assignedTo -> DelayedCollectionInitializer(org.frcpm.models.Task.preDependencies.{element}.assignedTo)@689790722 (PluralAttribute(org.frcpm.models.Task.assignedTo))
	  org.frcpm.models.Task.preDependencies.{element}.subsystem -> EntityDelayedFetchInitializer(org.frcpm.models.Task.preDependencies.{element}.subsystem)@642196233 (ToOneAttributeMapping(NavigableRole[org.frcpm.models.Task.subsystem])@1231086679)
	  org.frcpm.models.Task.preDependencies.{element}.project -> EntityDelayedFetchInitializer(org.frcpm.models.Task.preDependencies.{element}.project)@21289950 (ToOneAttributeMapping(NavigableRole[org.frcpm.models.Task.project])@874090445)
	  org.frcpm.models.Task.preDependencies.{element}.preDependencies -> DelayedCollectionInitializer(org.frcpm.models.Task.preDependencies.{element}.preDependencies)@1651684749 (PluralAttribute(org.frcpm.models.Task.preDependencies))
	  org.frcpm.models.Task.preDependencies -> SetInitializer(org.frcpm.models.Task.preDependencies)@559158158 (PluralAttribute(org.frcpm.models.Task.preDependencies))
	  org.frcpm.models.Task.preDependencies.{element}.requiredComponents -> DelayedCollectionInitializer(org.frcpm.models.Task.preDependencies.{element}.requiredComponents)@1049899974 (PluralAttribute(org.frcpm.models.Task.requiredComponents))
	  org.frcpm.models.Task.preDependencies.{element} -> EntityJoinedFetchInitializer(org.frcpm.models.Task.preDependencies.{element})@422151649 (EntityCollectionPart(org.frcpm.models.Task.preDependencies#{element})@1686122745)

10:25:38.430 [main] DEBUG org.hibernate.SQL - 
    select
        pd1_0.task_id,
        pd1_1.id,
        pd1_1.actual_duration_seconds,
        pd1_1.completed,
        pd1_1.description,
        pd1_1.end_date,
        pd1_1.estimated_duration_seconds,
        pd1_1.priority,
        pd1_1.progress,
        pd1_1.project_id,
        pd1_1.start_date,
        pd1_1.subsystem_id,
        pd1_1.title 
    from
        task_dependencies pd1_0 
    join
        tasks pd1_1 
            on pd1_1.id=pd1_0.dependency_id 
    where
        pd1_0.task_id=?
Hibernate: 
    select
        pd1_0.task_id,
        pd1_1.id,
        pd1_1.actual_duration_seconds,
        pd1_1.completed,
        pd1_1.description,
        pd1_1.end_date,
        pd1_1.estimated_duration_seconds,
        pd1_1.priority,
        pd1_1.progress,
        pd1_1.project_id,
        pd1_1.start_date,
        pd1_1.subsystem_id,
        pd1_1.title 
    from
        task_dependencies pd1_0 
    join
        tasks pd1_1 
            on pd1_1.id=pd1_0.dependency_id 
    where
        pd1_0.task_id=?
10:25:38.431 [main] DEBUG org.hibernate.sql.results.internal.ResultsHelper - Collection fully initialized: [org.frcpm.models.Task.preDependencies#3]
10:25:38.431 [main] DEBUG org.hibernate.orm.sql.exec - Skipping reading Query result cache data: cache-enabled = false, cache-mode = IGNORE
10:25:38.431 [main] DEBUG org.hibernate.orm.results - Initializer list:
	  org.frcpm.models.Task.requiredComponents.{element}.requiredForTasks -> DelayedCollectionInitializer(org.frcpm.models.Task.requiredComponents.{element}.requiredForTasks)@1885087621 (PluralAttribute(org.frcpm.models.Component.requiredForTasks))
	  org.frcpm.models.Task.requiredComponents.{element} -> EntityJoinedFetchInitializer(org.frcpm.models.Task.requiredComponents.{element})@621781730 (EntityCollectionPart(org.frcpm.models.Task.requiredComponents#{element})@1249901475)
	  org.frcpm.models.Task.requiredComponents -> SetInitializer(org.frcpm.models.Task.requiredComponents)@1338617842 (PluralAttribute(org.frcpm.models.Task.requiredComponents))

10:25:38.431 [main] DEBUG org.hibernate.SQL - 
    select
        rc1_0.task_id,
        rc1_1.id,
        rc1_1.actual_delivery,
        rc1_1.is_delivered,
        rc1_1.description,
        rc1_1.expected_delivery,
        rc1_1.name,
        rc1_1.part_number 
    from
        task_components rc1_0 
    join
        components rc1_1 
            on rc1_1.id=rc1_0.component_id 
    where
        rc1_0.task_id=?
Hibernate: 
    select
        rc1_0.task_id,
        rc1_1.id,
        rc1_1.actual_delivery,
        rc1_1.is_delivered,
        rc1_1.description,
        rc1_1.expected_delivery,
        rc1_1.name,
        rc1_1.part_number 
    from
        task_components rc1_0 
    join
        components rc1_1 
            on rc1_1.id=rc1_0.component_id 
    where
        rc1_0.task_id=?
10:25:38.431 [main] DEBUG org.hibernate.sql.results.internal.ResultsHelper - Collection fully initialized: [org.frcpm.models.Task.requiredComponents#3]
10:25:38.431 [main] DEBUG org.hibernate.orm.query.hql - HQL : SELECT p FROM Project p WHERE p.name LIKE 'Test%' OR p.name LIKE 'Cascade_%' OR p.name LIKE 'Transaction%' OR p.name LIKE 'Nested%' OR p.name LIKE 'Rollback_%' OR p.name LIKE 'Cleanup_%' OR p.name LIKE 'Exception_%'
10:25:38.432 [main] DEBUG org.hibernate.orm.query.sqm.ast - SqmStatement Tree :
    -> [select]
      -> [query-spec]
        -> [select]
          -> [selection]
            -> [root] - `org.frcpm.models.Project(p)`
            <- [root] - `org.frcpm.models.Project(p)`
          <- [selection]
        <- [select]
        -> [from]
          -> [root] - `org.frcpm.models.Project(p)`
          <- [root] - `org.frcpm.models.Project(p)`
        <- [from]
        -> [where]
          -> [or]
            -> [is-like]
              -> [basic-path] - `org.frcpm.models.Project(p).name`
            <- [is-like]
            -> [is-like]
              -> [basic-path] - `org.frcpm.models.Project(p).name`
            <- [is-like]
            -> [is-like]
              -> [basic-path] - `org.frcpm.models.Project(p).name`
            <- [is-like]
            -> [is-like]
              -> [basic-path] - `org.frcpm.models.Project(p).name`
            <- [is-like]
            -> [is-like]
              -> [basic-path] - `org.frcpm.models.Project(p).name`
            <- [is-like]
            -> [is-like]
              -> [basic-path] - `org.frcpm.models.Project(p).name`
            <- [is-like]
            -> [is-like]
              -> [basic-path] - `org.frcpm.models.Project(p).name`
            <- [is-like]
          <- [or]
        <- [where]
      <- [query-spec]
    <- [select]

10:25:38.432 [main] DEBUG org.hibernate.event.internal.AbstractFlushingEventListener - Processing flush-time cascades
10:25:38.432 [main] DEBUG org.hibernate.event.internal.AbstractFlushingEventListener - Dirty checking collections
10:25:38.432 [main] DEBUG org.hibernate.engine.spi.CollectionEntry - Collection dirty: [org.frcpm.models.Task.assignedTo#1]
10:25:38.432 [main] DEBUG org.hibernate.orm.sql.ast.create - Created new SQL alias : p1_0
10:25:38.432 [main] DEBUG org.hibernate.orm.sql.ast.create - Registration of TableGroup [StandardTableGroup(org.frcpm.models.Project(p))] with identifierForTableGroup [org.frcpm.models.Project] for NavigablePath [org.frcpm.models.Project] 
10:25:38.433 [main] DEBUG org.hibernate.query.sqm.sql.BaseSqmToSqlAstConverter - Determining mapping-model type for SqmPath : SqmBasicValuedSimplePath(org.frcpm.models.Project(p).name) 
10:25:38.433 [main] DEBUG org.hibernate.query.sqm.sql.BaseSqmToSqlAstConverter - Determining mapping-model type for SqmPath : SqmBasicValuedSimplePath(org.frcpm.models.Project(p).name) 
10:25:38.433 [main] DEBUG org.hibernate.query.sqm.sql.BaseSqmToSqlAstConverter - Determining mapping-model type for SqmPath : SqmBasicValuedSimplePath(org.frcpm.models.Project(p).name) 
10:25:38.433 [main] DEBUG org.hibernate.query.sqm.sql.BaseSqmToSqlAstConverter - Determining mapping-model type for SqmPath : SqmBasicValuedSimplePath(org.frcpm.models.Project(p).name) 
10:25:38.433 [main] DEBUG org.hibernate.query.sqm.sql.BaseSqmToSqlAstConverter - Determining mapping-model type for SqmPath : SqmBasicValuedSimplePath(org.frcpm.models.Project(p).name) 
10:25:38.433 [main] DEBUG org.hibernate.query.sqm.sql.BaseSqmToSqlAstConverter - Determining mapping-model type for SqmPath : SqmBasicValuedSimplePath(org.frcpm.models.Project(p).name) 
10:25:38.433 [main] DEBUG org.hibernate.query.sqm.sql.BaseSqmToSqlAstConverter - Determining mapping-model type for SqmPath : SqmBasicValuedSimplePath(org.frcpm.models.Project(p).name) 
10:25:38.433 [main] DEBUG org.hibernate.orm.results.graph.AST - DomainResult Graph:
 \-EntityResultImpl [org.frcpm.models.Project(p)]
 |  +-BasicFetch [org.frcpm.models.Project(p).description]
 |  +-BasicFetch [org.frcpm.models.Project(p).goalEndDate]
 |  +-BasicFetch [org.frcpm.models.Project(p).hardDeadline]
 |  +-DelayedCollectionFetch [org.frcpm.models.Project(p).meetings]
 |  +-DelayedCollectionFetch [org.frcpm.models.Project(p).milestones]
 |  +-BasicFetch [org.frcpm.models.Project(p).name]
 |  +-BasicFetch [org.frcpm.models.Project(p).startDate]
 |  \-DelayedCollectionFetch [org.frcpm.models.Project(p).tasks]

10:25:38.433 [main] DEBUG org.hibernate.orm.sql.ast.tree - SQL AST Tree:
    SelectStatement {
      FromClause {
        StandardTableGroup (p1 : org.frcpm.models.Project(p)) {
          primaryTableReference : projects as p1_0
        }
      }
    }

10:25:38.433 [main] DEBUG org.hibernate.engine.internal.Collections - Collection found: [org.frcpm.models.TeamMember.assignedTasks#1], was: [org.frcpm.models.TeamMember.assignedTasks#1] (uninitialized)
10:25:38.433 [main] DEBUG org.hibernate.engine.internal.Collections - Collection found: [org.frcpm.models.TeamMember.attendances#1], was: [org.frcpm.models.TeamMember.attendances#1] (uninitialized)
10:25:38.433 [main] DEBUG org.hibernate.engine.internal.Collections - Collection dereferenced: [org.frcpm.models.Task.assignedTo#1]
10:25:38.433 [main] DEBUG org.hibernate.engine.internal.Collections - Collection dereferenced: [org.frcpm.models.Task.postDependencies#1]
10:25:38.433 [main] DEBUG org.hibernate.engine.internal.Collections - Collection dereferenced: [org.frcpm.models.Task.preDependencies#1]
10:25:38.433 [main] DEBUG org.hibernate.engine.internal.Collections - Collection dereferenced: [org.frcpm.models.Task.requiredComponents#1]
10:25:38.433 [main] DEBUG org.hibernate.engine.internal.Collections - Collection dereferenced: [org.frcpm.models.Task.assignedTo#3]
10:25:38.433 [main] DEBUG org.hibernate.engine.internal.Collections - Collection dereferenced: [org.frcpm.models.Task.postDependencies#3]
10:25:38.433 [main] DEBUG org.hibernate.engine.internal.Collections - Collection dereferenced: [org.frcpm.models.Task.preDependencies#3]
10:25:38.433 [main] DEBUG org.hibernate.engine.internal.Collections - Collection dereferenced: [org.frcpm.models.Task.requiredComponents#3]
10:25:38.433 [main] DEBUG org.hibernate.event.internal.AbstractFlushingEventListener - Flushed: 0 insertions, 0 updates, 2 deletions to 3 objects
10:25:38.433 [main] DEBUG org.hibernate.event.internal.AbstractFlushingEventListener - Flushed: 0 (re)creations, 0 updates, 8 removals to 10 collections
10:25:38.433 [main] DEBUG org.hibernate.internal.util.EntityPrinter - Listing entities:
10:25:38.433 [main] DEBUG org.hibernate.internal.util.EntityPrinter - org.frcpm.models.Task{estimatedDurationSeconds=7200, endDate=2025-05-02, description=Test task created by DatabaseTestUtil, project=<uninitialized>, subsystem=<uninitialized>, preDependencies=[], completed=false, priority=MEDIUM, title=Test Task 1745594738375, actualDurationSeconds=null, assignedTo=[], postDependencies=<uninitialized>, progress=0, id=1, requiredComponents=[], startDate=2025-04-25}
10:25:38.433 [main] DEBUG org.hibernate.internal.util.EntityPrinter - org.frcpm.models.Task{estimatedDurationSeconds=3600, endDate=null, description=null, project=<uninitialized>, subsystem=<uninitialized>, preDependencies=[], completed=false, priority=MEDIUM, title=Nested Transaction Task, actualDurationSeconds=null, assignedTo=[], postDependencies=<uninitialized>, progress=0, id=3, requiredComponents=[], startDate=null}
10:25:38.433 [main] DEBUG org.hibernate.internal.util.EntityPrinter - org.frcpm.models.TeamMember{skills=Testing, firstName=Test, lastName=User, leader=false, subteam=<uninitialized>, phone=null, id=1, attendances=<uninitialized>, email=test@example.com, assignedTasks=<uninitialized>, username=testuser_1745594738373}
10:25:38.434 [main] DEBUG org.hibernate.orm.sql.exec - Skipping reading Query result cache data: cache-enabled = false, cache-mode = NORMAL
10:25:38.434 [main] DEBUG org.hibernate.orm.results - Initializer list:
	  org.frcpm.models.Project(p).meetings -> DelayedCollectionInitializer(org.frcpm.models.Project(p).meetings)@335476542 (PluralAttribute(org.frcpm.models.Project.meetings))
	  org.frcpm.models.Project(p).tasks -> DelayedCollectionInitializer(org.frcpm.models.Project(p).tasks)@943762430 (PluralAttribute(org.frcpm.models.Project.tasks))
	  org.frcpm.models.Project(p) -> EntityResultInitializer(org.frcpm.models.Project(p))@1313469949 (SingleTableEntityPersister(org.frcpm.models.Project))
	  org.frcpm.models.Project(p).milestones -> DelayedCollectionInitializer(org.frcpm.models.Project(p).milestones)@515642014 (PluralAttribute(org.frcpm.models.Project.milestones))

10:25:38.434 [main] DEBUG org.hibernate.SQL - 
    /* SELECT
        p 
    FROM
        Project p 
    WHERE
        p.name LIKE 'Test%' 
        OR p.name LIKE 'Cascade_%' 
        OR p.name LIKE 'Transaction%' 
        OR p.name LIKE 'Nested%' 
        OR p.name LIKE 'Rollback_%' 
        OR p.name LIKE 'Cleanup_%' 
        OR p.name LIKE 'Exception_%' */ select
            p1_0.id,
            p1_0.description,
            p1_0.goal_end_date,
            p1_0.hard_deadline,
            p1_0.name,
            p1_0.start_date 
        from
            projects p1_0 
        where
            p1_0.name like 'Test%' escape '' 
            or p1_0.name like 'Cascade_%' escape '' 
            or p1_0.name like 'Transaction%' escape '' 
            or p1_0.name like 'Nested%' escape '' 
            or p1_0.name like 'Rollback_%' escape '' 
            or p1_0.name like 'Cleanup_%' escape '' 
            or p1_0.name like 'Exception_%' escape ''
Hibernate: 
    /* SELECT
        p 
    FROM
        Project p 
    WHERE
        p.name LIKE 'Test%' 
        OR p.name LIKE 'Cascade_%' 
        OR p.name LIKE 'Transaction%' 
        OR p.name LIKE 'Nested%' 
        OR p.name LIKE 'Rollback_%' 
        OR p.name LIKE 'Cleanup_%' 
        OR p.name LIKE 'Exception_%' */ select
            p1_0.id,
            p1_0.description,
            p1_0.goal_end_date,
            p1_0.hard_deadline,
            p1_0.name,
            p1_0.start_date 
        from
            projects p1_0 
        where
            p1_0.name like 'Test%' escape '' 
            or p1_0.name like 'Cascade_%' escape '' 
            or p1_0.name like 'Transaction%' escape '' 
            or p1_0.name like 'Nested%' escape '' 
            or p1_0.name like 'Rollback_%' escape '' 
            or p1_0.name like 'Cleanup_%' escape '' 
            or p1_0.name like 'Exception_%' escape ''
10:25:38.435 [main] DEBUG org.hibernate.orm.results - Extracted JDBC value [0] - [1]
10:25:38.435 [main] DEBUG org.hibernate.orm.results.loading.entity - (EntityResultInitializer) Hydrated EntityKey (org.frcpm.models.Project(p)): 1
10:25:38.436 [main] DEBUG org.hibernate.orm.results.loading.org.hibernate.orm.results.loading.collection - (DelayedCollectionInitializer) Current row collection key : org.frcpm.models.Project(p).meetings#1
10:25:38.436 [main] DEBUG org.hibernate.orm.results.loading.org.hibernate.orm.results.loading.collection - (DelayedCollectionInitializer) Current row collection key : org.frcpm.models.Project(p).milestones#1
10:25:38.436 [main] DEBUG org.hibernate.orm.results.loading.org.hibernate.orm.results.loading.collection - (DelayedCollectionInitializer) Current row collection key : org.frcpm.models.Project(p).tasks#1
10:25:38.436 [main] DEBUG org.hibernate.orm.results.loading.entity - (EntityResultInitializer) Created new entity instance [org.frcpm.models.Project(p)#1] : 1188751761
10:25:38.436 [main] DEBUG org.hibernate.orm.results - Extracted JDBC value [1] - [Test project for unit tests]
10:25:38.436 [main] DEBUG org.hibernate.orm.results - Extracted JDBC value [2] - [2025-05-23]
10:25:38.436 [main] DEBUG org.hibernate.orm.results - Extracted JDBC value [3] - [2025-06-06]
10:25:38.436 [main] DEBUG org.hibernate.orm.results - Extracted JDBC value [4] - [Test Project 1745594738372]
10:25:38.436 [main] DEBUG org.hibernate.orm.results - Extracted JDBC value [5] - [2025-04-25]
10:25:38.437 [main] DEBUG org.hibernate.orm.results.loading.entity - (EntityResultInitializer) Done materializing entityInstance : org.frcpm.models.Project(p)#1
10:25:38.437 [main] DEBUG org.hibernate.orm.results.loading - Calling top-level assembler (0 / 1) : org.hibernate.sql.results.graph.entity.internal.EntityAssembler@6d95832
10:25:38.437 [main] DEBUG org.hibernate.orm.results - Extracted JDBC value [0] - [2]
10:25:38.437 [main] DEBUG org.hibernate.orm.results.loading.entity - (EntityResultInitializer) Hydrated EntityKey (org.frcpm.models.Project(p)): 2
10:25:38.437 [main] DEBUG org.hibernate.orm.results.loading.org.hibernate.orm.results.loading.collection - (DelayedCollectionInitializer) Current row collection key : org.frcpm.models.Project(p).meetings#2
10:25:38.437 [main] DEBUG org.hibernate.orm.results.loading.org.hibernate.orm.results.loading.collection - (DelayedCollectionInitializer) Current row collection key : org.frcpm.models.Project(p).milestones#2
10:25:38.437 [main] DEBUG org.hibernate.orm.results.loading.org.hibernate.orm.results.loading.collection - (DelayedCollectionInitializer) Current row collection key : org.frcpm.models.Project(p).tasks#2
10:25:38.437 [main] DEBUG org.hibernate.orm.results.loading.entity - (EntityResultInitializer) Created new entity instance [org.frcpm.models.Project(p)#2] : 1599407700
10:25:38.437 [main] DEBUG org.hibernate.orm.results - Extracted JDBC value [1] - [null]
10:25:38.437 [main] DEBUG org.hibernate.orm.results - Extracted JDBC value [2] - [2025-05-23]
10:25:38.437 [main] DEBUG org.hibernate.orm.results - Extracted JDBC value [3] - [2025-06-06]
10:25:38.437 [main] DEBUG org.hibernate.orm.results - Extracted JDBC value [4] - [Transaction Test Project]
10:25:38.437 [main] DEBUG org.hibernate.orm.results - Extracted JDBC value [5] - [2025-04-25]
10:25:38.437 [main] DEBUG org.hibernate.orm.results.loading.entity - (EntityResultInitializer) Done materializing entityInstance : org.frcpm.models.Project(p)#2
10:25:38.437 [main] DEBUG org.hibernate.orm.results.loading - Calling top-level assembler (0 / 1) : org.hibernate.sql.results.graph.entity.internal.EntityAssembler@6d95832
10:25:38.437 [main] DEBUG org.hibernate.orm.results - Extracted JDBC value [0] - [3]
10:25:38.437 [main] DEBUG org.hibernate.orm.results.loading.entity - (EntityResultInitializer) Hydrated EntityKey (org.frcpm.models.Project(p)): 3
10:25:38.437 [main] DEBUG org.hibernate.orm.results.loading.org.hibernate.orm.results.loading.collection - (DelayedCollectionInitializer) Current row collection key : org.frcpm.models.Project(p).meetings#3
10:25:38.437 [main] DEBUG org.hibernate.orm.results.loading.org.hibernate.orm.results.loading.collection - (DelayedCollectionInitializer) Current row collection key : org.frcpm.models.Project(p).milestones#3
10:25:38.437 [main] DEBUG org.hibernate.orm.results.loading.org.hibernate.orm.results.loading.collection - (DelayedCollectionInitializer) Current row collection key : org.frcpm.models.Project(p).tasks#3
10:25:38.437 [main] DEBUG org.hibernate.orm.results.loading.entity - (EntityResultInitializer) Created new entity instance [org.frcpm.models.Project(p)#3] : 2045759024
10:25:38.437 [main] DEBUG org.hibernate.orm.results - Extracted JDBC value [1] - [null]
10:25:38.437 [main] DEBUG org.hibernate.orm.results - Extracted JDBC value [2] - [2025-05-23]
10:25:38.437 [main] DEBUG org.hibernate.orm.results - Extracted JDBC value [3] - [2025-06-06]
10:25:38.437 [main] DEBUG org.hibernate.orm.results - Extracted JDBC value [4] - [Nested Transaction Project]
10:25:38.437 [main] DEBUG org.hibernate.orm.results - Extracted JDBC value [5] - [2025-04-25]
10:25:38.437 [main] DEBUG org.hibernate.orm.results.loading.entity - (EntityResultInitializer) Done materializing entityInstance : org.frcpm.models.Project(p)#3
10:25:38.437 [main] DEBUG org.hibernate.orm.results.loading - Calling top-level assembler (0 / 1) : org.hibernate.sql.results.graph.entity.internal.EntityAssembler@6d95832
10:25:38.437 [main] DEBUG org.hibernate.orm.results - Extracted JDBC value [0] - [6]
10:25:38.437 [main] DEBUG org.hibernate.orm.results.loading.entity - (EntityResultInitializer) Hydrated EntityKey (org.frcpm.models.Project(p)): 6
10:25:38.437 [main] DEBUG org.hibernate.orm.results.loading.org.hibernate.orm.results.loading.collection - (DelayedCollectionInitializer) Current row collection key : org.frcpm.models.Project(p).meetings#6
10:25:38.437 [main] DEBUG org.hibernate.orm.results.loading.org.hibernate.orm.results.loading.collection - (DelayedCollectionInitializer) Current row collection key : org.frcpm.models.Project(p).milestones#6
10:25:38.437 [main] DEBUG org.hibernate.orm.results.loading.org.hibernate.orm.results.loading.collection - (DelayedCollectionInitializer) Current row collection key : org.frcpm.models.Project(p).tasks#6
10:25:38.437 [main] DEBUG org.hibernate.orm.results.loading.entity - (EntityResultInitializer) Created new entity instance [org.frcpm.models.Project(p)#6] : 1143004914
10:25:38.438 [main] DEBUG org.hibernate.orm.results - Extracted JDBC value [1] - [null]
10:25:38.438 [main] DEBUG org.hibernate.orm.results - Extracted JDBC value [2] - [2025-05-23]
10:25:38.438 [main] DEBUG org.hibernate.orm.results - Extracted JDBC value [3] - [2025-06-06]
10:25:38.438 [main] DEBUG org.hibernate.orm.results - Extracted JDBC value [4] - [Cleanup_Test_1745594738424]
10:25:38.438 [main] DEBUG org.hibernate.orm.results - Extracted JDBC value [5] - [2025-04-25]
10:25:38.438 [main] DEBUG org.hibernate.orm.results.loading.entity - (EntityResultInitializer) Done materializing entityInstance : org.frcpm.models.Project(p)#6
10:25:38.438 [main] DEBUG org.hibernate.orm.results.loading - Calling top-level assembler (0 / 1) : org.hibernate.sql.results.graph.entity.internal.EntityAssembler@6d95832
10:25:38.438 [main] DEBUG org.hibernate.stat.internal.StatisticsImpl - HHH000117: HQL: SELECT p FROM Project p WHERE p.name LIKE 'Test%' OR p.name LIKE 'Cascade_%' OR p.name LIKE 'Transaction%' OR p.name LIKE 'Nested%' OR p.name LIKE 'Rollback_%' OR p.name LIKE 'Cleanup_%' OR p.name LIKE 'Exception_%', time: 3ms, rows: 4
10:25:38.438 [main] DEBUG org.hibernate.orm.sql.exec - Skipping reading Query result cache data: cache-enabled = false, cache-mode = IGNORE
10:25:38.438 [main] DEBUG org.hibernate.orm.results - Initializer list:
	  org.frcpm.models.Project.tasks.{element}.assignedTo -> DelayedCollectionInitializer(org.frcpm.models.Project.tasks.{element}.assignedTo)@55985377 (PluralAttribute(org.frcpm.models.Task.assignedTo))
	  org.frcpm.models.Project.tasks.{element}.postDependencies -> DelayedCollectionInitializer(org.frcpm.models.Project.tasks.{element}.postDependencies)@914760350 (PluralAttribute(org.frcpm.models.Task.postDependencies))
	  org.frcpm.models.Project.tasks.{element} -> EntityJoinedFetchInitializer(org.frcpm.models.Project.tasks.{element})@1222269578 (EntityCollectionPart(org.frcpm.models.Project.tasks#{element})@1106969101)
	  org.frcpm.models.Project.tasks.{element}.requiredComponents -> DelayedCollectionInitializer(org.frcpm.models.Project.tasks.{element}.requiredComponents)@393041545 (PluralAttribute(org.frcpm.models.Task.requiredComponents))
	  org.frcpm.models.Project.tasks.{element}.project -> EntityDelayedFetchInitializer(org.frcpm.models.Project.tasks.{element}.project)@648903113 (ToOneAttributeMapping(NavigableRole[org.frcpm.models.Task.project])@874090445)
	  org.frcpm.models.Project.tasks.{element}.subsystem -> EntityDelayedFetchInitializer(org.frcpm.models.Project.tasks.{element}.subsystem)@557333840 (ToOneAttributeMapping(NavigableRole[org.frcpm.models.Task.subsystem])@1231086679)
	  org.frcpm.models.Project.tasks.{element}.preDependencies -> DelayedCollectionInitializer(org.frcpm.models.Project.tasks.{element}.preDependencies)@1001143799 (PluralAttribute(org.frcpm.models.Task.preDependencies))
	  org.frcpm.models.Project.tasks -> BagInitializer(org.frcpm.models.Project.tasks)@1183378709 (PluralAttribute(org.frcpm.models.Project.tasks))

10:25:38.438 [main] DEBUG org.hibernate.SQL - 
    select
        t1_0.project_id,
        t1_0.id,
        t1_0.actual_duration_seconds,
        t1_0.completed,
        t1_0.description,
        t1_0.end_date,
        t1_0.estimated_duration_seconds,
        t1_0.priority,
        t1_0.progress,
        t1_0.start_date,
        t1_0.subsystem_id,
        t1_0.title 
    from
        tasks t1_0 
    where
        t1_0.project_id=?
Hibernate: 
    select
        t1_0.project_id,
        t1_0.id,
        t1_0.actual_duration_seconds,
        t1_0.completed,
        t1_0.description,
        t1_0.end_date,
        t1_0.estimated_duration_seconds,
        t1_0.priority,
        t1_0.progress,
        t1_0.start_date,
        t1_0.subsystem_id,
        t1_0.title 
    from
        tasks t1_0 
    where
        t1_0.project_id=?
10:25:38.439 [main] DEBUG org.hibernate.orm.results - Extracted JDBC value [0] - [1]
10:25:38.439 [main] DEBUG org.hibernate.orm.results.loading.org.hibernate.orm.results.loading.collection - (BagInitializer) Current row collection key : org.frcpm.models.Project.tasks#1
10:25:38.439 [main] DEBUG org.hibernate.orm.results - Extracted JDBC value [1] - [1]
10:25:38.439 [main] DEBUG org.hibernate.orm.results.loading.entity - (EntityJoinedFetchInitializer) Hydrated EntityKey (org.frcpm.models.Project.tasks.{element}): 1
10:25:38.439 [main] DEBUG org.hibernate.orm.results.loading.org.hibernate.orm.results.loading.collection - (DelayedCollectionInitializer) Current row collection key : org.frcpm.models.Project.tasks.{element}.assignedTo#1
10:25:38.439 [main] DEBUG org.hibernate.orm.results.loading.org.hibernate.orm.results.loading.collection - (DelayedCollectionInitializer) Current row collection key : org.frcpm.models.Project.tasks.{element}.postDependencies#1
10:25:38.439 [main] DEBUG org.hibernate.orm.results.loading.org.hibernate.orm.results.loading.collection - (DelayedCollectionInitializer) Current row collection key : org.frcpm.models.Project.tasks.{element}.preDependencies#1
10:25:38.439 [main] DEBUG org.hibernate.orm.results.loading.org.hibernate.orm.results.loading.collection - (DelayedCollectionInitializer) Current row collection key : org.frcpm.models.Project.tasks.{element}.requiredComponents#1
10:25:38.439 [main] DEBUG org.hibernate.orm.results.loading.org.hibernate.orm.results.loading.collection - (BagInitializer) Responsible for loading collection [org.frcpm.models.Project.tasks#1] : org.hibernate.collection.spi.PersistentBag@392080681
10:25:38.439 [main] DEBUG org.hibernate.orm.results.loading.org.hibernate.orm.results.loading.collection - (BagInitializer) Reading element from row for collection [org.frcpm.models.Project.tasks#1] -> org.hibernate.collection.spi.PersistentBag@392080681
10:25:38.439 [main] DEBUG org.hibernate.orm.results.loading - Calling top-level assembler (0 / 1) : org.hibernate.sql.results.graph.collection.internal.CollectionAssembler@310d02a5
10:25:38.439 [main] DEBUG org.hibernate.orm.results - Extracted JDBC value [0] - [1]
10:25:38.439 [main] DEBUG org.hibernate.orm.results.loading.org.hibernate.orm.results.loading.collection - (BagInitializer) Current row collection key : org.frcpm.models.Project.tasks#1
10:25:38.439 [main] DEBUG org.hibernate.orm.results - Extracted JDBC value [1] - [2]
10:25:38.439 [main] DEBUG org.hibernate.orm.results.loading.entity - (EntityJoinedFetchInitializer) Hydrated EntityKey (org.frcpm.models.Project.tasks.{element}): 2
10:25:38.439 [main] DEBUG org.hibernate.orm.results.loading.org.hibernate.orm.results.loading.collection - (DelayedCollectionInitializer) Current row collection key : org.frcpm.models.Project.tasks.{element}.assignedTo#2
10:25:38.439 [main] DEBUG org.hibernate.orm.results.loading.org.hibernate.orm.results.loading.collection - (DelayedCollectionInitializer) Current row collection key : org.frcpm.models.Project.tasks.{element}.postDependencies#2
10:25:38.439 [main] DEBUG org.hibernate.orm.results.loading.org.hibernate.orm.results.loading.collection - (DelayedCollectionInitializer) Current row collection key : org.frcpm.models.Project.tasks.{element}.preDependencies#2
10:25:38.439 [main] DEBUG org.hibernate.orm.results.loading.org.hibernate.orm.results.loading.collection - (DelayedCollectionInitializer) Current row collection key : org.frcpm.models.Project.tasks.{element}.requiredComponents#2
10:25:38.439 [main] DEBUG org.hibernate.orm.results.loading.entity - (EntityJoinedFetchInitializer) Created new entity instance [org.frcpm.models.Project.tasks.{element}#2] : 820814292
10:25:38.439 [main] DEBUG org.hibernate.orm.results - Extracted JDBC value [0] - [1]
10:25:38.439 [main] DEBUG org.hibernate.orm.results - Extracted JDBC value [10] - [1]
10:25:38.439 [main] DEBUG org.hibernate.orm.results - Extracted JDBC value [2] - [null]
10:25:38.439 [main] DEBUG org.hibernate.orm.results - Extracted JDBC value [3] - [false]
10:25:38.439 [main] DEBUG org.hibernate.orm.results - Extracted JDBC value [4] - [Test task created by DatabaseTestUtil]
10:25:38.439 [main] DEBUG org.hibernate.orm.results - Extracted JDBC value [5] - [2025-05-02]
10:25:38.439 [main] DEBUG org.hibernate.orm.results - Extracted JDBC value [6] - [7200]
10:25:38.439 [main] DEBUG org.hibernate.orm.results - Extracted JDBC value [7] - [MEDIUM]
10:25:38.439 [main] DEBUG org.hibernate.orm.results - Extracted JDBC value [8] - [0]
10:25:38.439 [main] DEBUG org.hibernate.orm.results - Extracted JDBC value [9] - [2025-04-25]
10:25:38.439 [main] DEBUG org.hibernate.orm.results - Extracted JDBC value [11] - [Relationship Test Task]
10:25:38.439 [main] DEBUG org.hibernate.orm.results.loading.entity - (EntityJoinedFetchInitializer) Done materializing entityInstance : org.frcpm.models.Project.tasks.{element}#2
10:25:38.439 [main] DEBUG org.hibernate.orm.results.loading.org.hibernate.orm.results.loading.collection - (BagInitializer) Reading element from row for collection [org.frcpm.models.Project.tasks#1] -> org.hibernate.collection.spi.PersistentBag@392080681
10:25:38.439 [main] DEBUG org.hibernate.orm.results.loading - Calling top-level assembler (0 / 1) : org.hibernate.sql.results.graph.collection.internal.CollectionAssembler@310d02a5
10:25:38.439 [main] DEBUG org.hibernate.sql.results.internal.ResultsHelper - Collection fully initialized: [org.frcpm.models.Project.tasks#1]
10:25:38.439 [main] DEBUG org.hibernate.orm.sql.exec - Skipping reading Query result cache data: cache-enabled = false, cache-mode = IGNORE
10:25:38.439 [main] DEBUG org.hibernate.orm.results - Initializer list:
	  org.frcpm.models.Task.assignedTo.{element}.attendances -> DelayedCollectionInitializer(org.frcpm.models.Task.assignedTo.{element}.attendances)@788454117 (PluralAttribute(org.frcpm.models.TeamMember.attendances))
	  org.frcpm.models.Task.assignedTo -> SetInitializer(org.frcpm.models.Task.assignedTo)@664733995 (PluralAttribute(org.frcpm.models.Task.assignedTo))
	  org.frcpm.models.Task.assignedTo.{element}.assignedTasks -> DelayedCollectionInitializer(org.frcpm.models.Task.assignedTo.{element}.assignedTasks)@2117650343 (PluralAttribute(org.frcpm.models.TeamMember.assignedTasks))
	  org.frcpm.models.Task.assignedTo.{element} -> EntityJoinedFetchInitializer(org.frcpm.models.Task.assignedTo.{element})@1304850761 (EntityCollectionPart(org.frcpm.models.Task.assignedTo#{element})@572990373)
	  org.frcpm.models.Task.assignedTo.{element}.subteam -> EntityDelayedFetchInitializer(org.frcpm.models.Task.assignedTo.{element}.subteam)@355967974 (ToOneAttributeMapping(NavigableRole[org.frcpm.models.TeamMember.subteam])@1781347752)

10:25:38.439 [main] DEBUG org.hibernate.SQL - 
    select
        at1_0.task_id,
        at1_1.id,
        at1_1.email,
        at1_1.first_name,
        at1_1.last_name,
        at1_1.is_leader,
        at1_1.phone,
        at1_1.skills,
        at1_1.subteam_id,
        at1_1.username 
    from
        task_assignments at1_0 
    join
        team_members at1_1 
            on at1_1.id=at1_0.team_member_id 
    where
        at1_0.task_id=?
Hibernate: 
    select
        at1_0.task_id,
        at1_1.id,
        at1_1.email,
        at1_1.first_name,
        at1_1.last_name,
        at1_1.is_leader,
        at1_1.phone,
        at1_1.skills,
        at1_1.subteam_id,
        at1_1.username 
    from
        task_assignments at1_0 
    join
        team_members at1_1 
            on at1_1.id=at1_0.team_member_id 
    where
        at1_0.task_id=?
10:25:38.440 [main] DEBUG org.hibernate.orm.results - Extracted JDBC value [0] - [2]
10:25:38.440 [main] DEBUG org.hibernate.orm.results.loading.org.hibernate.orm.results.loading.collection - (SetInitializer) Current row collection key : org.frcpm.models.Task.assignedTo#2
10:25:38.440 [main] DEBUG org.hibernate.orm.results - Extracted JDBC value [1] - [1]
10:25:38.440 [main] DEBUG org.hibernate.orm.results.loading.entity - (EntityJoinedFetchInitializer) Hydrated EntityKey (org.frcpm.models.Task.assignedTo.{element}): 1
10:25:38.440 [main] DEBUG org.hibernate.orm.results.loading.org.hibernate.orm.results.loading.collection - (DelayedCollectionInitializer) Current row collection key : org.frcpm.models.Task.assignedTo.{element}.assignedTasks#1
10:25:38.440 [main] DEBUG org.hibernate.orm.results.loading.org.hibernate.orm.results.loading.collection - (DelayedCollectionInitializer) Current row collection key : org.frcpm.models.Task.assignedTo.{element}.attendances#1
10:25:38.440 [main] DEBUG org.hibernate.orm.results.loading.org.hibernate.orm.results.loading.collection - (SetInitializer) Responsible for loading collection [org.frcpm.models.Task.assignedTo#2] : org.hibernate.collection.spi.PersistentSet@248377250
10:25:38.440 [main] DEBUG org.hibernate.orm.results.loading.org.hibernate.orm.results.loading.collection - (SetInitializer) Reading element from row for collection [org.frcpm.models.Task.assignedTo#2] -> org.hibernate.collection.spi.PersistentSet@248377250
10:25:38.440 [main] DEBUG org.hibernate.orm.results.loading - Calling top-level assembler (0 / 1) : org.hibernate.sql.results.graph.collection.internal.CollectionAssembler@c31ae05
10:25:38.440 [main] DEBUG org.hibernate.sql.results.internal.ResultsHelper - Collection fully initialized: [org.frcpm.models.Task.assignedTo#2]
10:25:38.440 [main] DEBUG org.hibernate.orm.sql.exec - Skipping reading Query result cache data: cache-enabled = false, cache-mode = IGNORE
10:25:38.440 [main] DEBUG org.hibernate.orm.results - Initializer list:
	  org.frcpm.models.Task.preDependencies.{element}.postDependencies -> DelayedCollectionInitializer(org.frcpm.models.Task.preDependencies.{element}.postDependencies)@607196406 (PluralAttribute(org.frcpm.models.Task.postDependencies))
	  org.frcpm.models.Task.preDependencies.{element}.assignedTo -> DelayedCollectionInitializer(org.frcpm.models.Task.preDependencies.{element}.assignedTo)@520485292 (PluralAttribute(org.frcpm.models.Task.assignedTo))
	  org.frcpm.models.Task.preDependencies.{element}.subsystem -> EntityDelayedFetchInitializer(org.frcpm.models.Task.preDependencies.{element}.subsystem)@1942170884 (ToOneAttributeMapping(NavigableRole[org.frcpm.models.Task.subsystem])@1231086679)
	  org.frcpm.models.Task.preDependencies.{element}.project -> EntityDelayedFetchInitializer(org.frcpm.models.Task.preDependencies.{element}.project)@1912857855 (ToOneAttributeMapping(NavigableRole[org.frcpm.models.Task.project])@874090445)
	  org.frcpm.models.Task.preDependencies.{element}.preDependencies -> DelayedCollectionInitializer(org.frcpm.models.Task.preDependencies.{element}.preDependencies)@1580845293 (PluralAttribute(org.frcpm.models.Task.preDependencies))
	  org.frcpm.models.Task.preDependencies -> SetInitializer(org.frcpm.models.Task.preDependencies)@1858179615 (PluralAttribute(org.frcpm.models.Task.preDependencies))
	  org.frcpm.models.Task.preDependencies.{element}.requiredComponents -> DelayedCollectionInitializer(org.frcpm.models.Task.preDependencies.{element}.requiredComponents)@67123662 (PluralAttribute(org.frcpm.models.Task.requiredComponents))
	  org.frcpm.models.Task.preDependencies.{element} -> EntityJoinedFetchInitializer(org.frcpm.models.Task.preDependencies.{element})@1774780845 (EntityCollectionPart(org.frcpm.models.Task.preDependencies#{element})@1686122745)

10:25:38.440 [main] DEBUG org.hibernate.SQL - 
    select
        pd1_0.task_id,
        pd1_1.id,
        pd1_1.actual_duration_seconds,
        pd1_1.completed,
        pd1_1.description,
        pd1_1.end_date,
        pd1_1.estimated_duration_seconds,
        pd1_1.priority,
        pd1_1.progress,
        pd1_1.project_id,
        pd1_1.start_date,
        pd1_1.subsystem_id,
        pd1_1.title 
    from
        task_dependencies pd1_0 
    join
        tasks pd1_1 
            on pd1_1.id=pd1_0.dependency_id 
    where
        pd1_0.task_id=?
Hibernate: 
    select
        pd1_0.task_id,
        pd1_1.id,
        pd1_1.actual_duration_seconds,
        pd1_1.completed,
        pd1_1.description,
        pd1_1.end_date,
        pd1_1.estimated_duration_seconds,
        pd1_1.priority,
        pd1_1.progress,
        pd1_1.project_id,
        pd1_1.start_date,
        pd1_1.subsystem_id,
        pd1_1.title 
    from
        task_dependencies pd1_0 
    join
        tasks pd1_1 
            on pd1_1.id=pd1_0.dependency_id 
    where
        pd1_0.task_id=?
10:25:38.440 [main] DEBUG org.hibernate.sql.results.internal.ResultsHelper - Collection fully initialized: [org.frcpm.models.Task.preDependencies#2]
10:25:38.440 [main] DEBUG org.hibernate.orm.sql.exec - Skipping reading Query result cache data: cache-enabled = false, cache-mode = IGNORE
10:25:38.440 [main] DEBUG org.hibernate.orm.results - Initializer list:
	  org.frcpm.models.Task.requiredComponents.{element}.requiredForTasks -> DelayedCollectionInitializer(org.frcpm.models.Task.requiredComponents.{element}.requiredForTasks)@517960301 (PluralAttribute(org.frcpm.models.Component.requiredForTasks))
	  org.frcpm.models.Task.requiredComponents.{element} -> EntityJoinedFetchInitializer(org.frcpm.models.Task.requiredComponents.{element})@1069210738 (EntityCollectionPart(org.frcpm.models.Task.requiredComponents#{element})@1249901475)
	  org.frcpm.models.Task.requiredComponents -> SetInitializer(org.frcpm.models.Task.requiredComponents)@2026696790 (PluralAttribute(org.frcpm.models.Task.requiredComponents))

10:25:38.440 [main] DEBUG org.hibernate.SQL - 
    select
        rc1_0.task_id,
        rc1_1.id,
        rc1_1.actual_delivery,
        rc1_1.is_delivered,
        rc1_1.description,
        rc1_1.expected_delivery,
        rc1_1.name,
        rc1_1.part_number 
    from
        task_components rc1_0 
    join
        components rc1_1 
            on rc1_1.id=rc1_0.component_id 
    where
        rc1_0.task_id=?
Hibernate: 
    select
        rc1_0.task_id,
        rc1_1.id,
        rc1_1.actual_delivery,
        rc1_1.is_delivered,
        rc1_1.description,
        rc1_1.expected_delivery,
        rc1_1.name,
        rc1_1.part_number 
    from
        task_components rc1_0 
    join
        components rc1_1 
            on rc1_1.id=rc1_0.component_id 
    where
        rc1_0.task_id=?
10:25:38.440 [main] DEBUG org.hibernate.sql.results.internal.ResultsHelper - Collection fully initialized: [org.frcpm.models.Task.requiredComponents#2]
10:25:38.440 [main] DEBUG org.hibernate.orm.sql.exec - Skipping reading Query result cache data: cache-enabled = false, cache-mode = IGNORE
10:25:38.441 [main] DEBUG org.hibernate.orm.results - Initializer list:
	  org.frcpm.models.Project.meetings -> BagInitializer(org.frcpm.models.Project.meetings)@1212786317 (PluralAttribute(org.frcpm.models.Project.meetings))
	  org.frcpm.models.Project.meetings.{element}.project -> EntityDelayedFetchInitializer(org.frcpm.models.Project.meetings.{element}.project)@1469624722 (ToOneAttributeMapping(NavigableRole[org.frcpm.models.Meeting.project])@544313532)
	  org.frcpm.models.Project.meetings.{element} -> EntityJoinedFetchInitializer(org.frcpm.models.Project.meetings.{element})@339792225 (EntityCollectionPart(org.frcpm.models.Project.meetings#{element})@805974099)
	  org.frcpm.models.Project.meetings.{element}.attendances -> DelayedCollectionInitializer(org.frcpm.models.Project.meetings.{element}.attendances)@2020196658 (PluralAttribute(org.frcpm.models.Meeting.attendances))

10:25:38.441 [main] DEBUG org.hibernate.SQL - 
    select
        m1_0.project_id,
        m1_0.id,
        m1_0.date,
        m1_0.end_time,
        m1_0.notes,
        m1_0.start_time 
    from
        meetings m1_0 
    where
        m1_0.project_id=?
Hibernate: 
    select
        m1_0.project_id,
        m1_0.id,
        m1_0.date,
        m1_0.end_time,
        m1_0.notes,
        m1_0.start_time 
    from
        meetings m1_0 
    where
        m1_0.project_id=?
10:25:38.441 [main] DEBUG org.hibernate.sql.results.internal.ResultsHelper - Collection fully initialized: [org.frcpm.models.Project.meetings#1]
10:25:38.441 [main] DEBUG org.hibernate.orm.sql.exec - Skipping reading Query result cache data: cache-enabled = false, cache-mode = IGNORE
10:25:38.441 [main] DEBUG org.hibernate.orm.results - Initializer list:
	  org.frcpm.models.Project.milestones.{element}.project -> EntityDelayedFetchInitializer(org.frcpm.models.Project.milestones.{element}.project)@2102286375 (ToOneAttributeMapping(NavigableRole[org.frcpm.models.Milestone.project])@2071719913)
	  org.frcpm.models.Project.milestones.{element} -> EntityJoinedFetchInitializer(org.frcpm.models.Project.milestones.{element})@1268279021 (EntityCollectionPart(org.frcpm.models.Project.milestones#{element})@2090246553)
	  org.frcpm.models.Project.milestones -> BagInitializer(org.frcpm.models.Project.milestones)@1033111663 (PluralAttribute(org.frcpm.models.Project.milestones))

10:25:38.441 [main] DEBUG org.hibernate.SQL - 
    select
        m1_0.project_id,
        m1_0.id,
        m1_0.date,
        m1_0.description,
        m1_0.name 
    from
        milestones m1_0 
    where
        m1_0.project_id=?
Hibernate: 
    select
        m1_0.project_id,
        m1_0.id,
        m1_0.date,
        m1_0.description,
        m1_0.name 
    from
        milestones m1_0 
    where
        m1_0.project_id=?
10:25:38.441 [main] DEBUG org.hibernate.sql.results.internal.ResultsHelper - Collection fully initialized: [org.frcpm.models.Project.milestones#1]
10:25:38.441 [main] DEBUG org.hibernate.orm.sql.exec - Skipping reading Query result cache data: cache-enabled = false, cache-mode = IGNORE
10:25:38.441 [main] DEBUG org.hibernate.orm.results - Initializer list:
	  org.frcpm.models.Project.tasks.{element}.assignedTo -> DelayedCollectionInitializer(org.frcpm.models.Project.tasks.{element}.assignedTo)@1867141963 (PluralAttribute(org.frcpm.models.Task.assignedTo))
	  org.frcpm.models.Project.tasks.{element}.postDependencies -> DelayedCollectionInitializer(org.frcpm.models.Project.tasks.{element}.postDependencies)@1912666557 (PluralAttribute(org.frcpm.models.Task.postDependencies))
	  org.frcpm.models.Project.tasks.{element} -> EntityJoinedFetchInitializer(org.frcpm.models.Project.tasks.{element})@1921879558 (EntityCollectionPart(org.frcpm.models.Project.tasks#{element})@1106969101)
	  org.frcpm.models.Project.tasks.{element}.requiredComponents -> DelayedCollectionInitializer(org.frcpm.models.Project.tasks.{element}.requiredComponents)@2056968532 (PluralAttribute(org.frcpm.models.Task.requiredComponents))
	  org.frcpm.models.Project.tasks.{element}.project -> EntityDelayedFetchInitializer(org.frcpm.models.Project.tasks.{element}.project)@1198988615 (ToOneAttributeMapping(NavigableRole[org.frcpm.models.Task.project])@874090445)
	  org.frcpm.models.Project.tasks.{element}.subsystem -> EntityDelayedFetchInitializer(org.frcpm.models.Project.tasks.{element}.subsystem)@844093701 (ToOneAttributeMapping(NavigableRole[org.frcpm.models.Task.subsystem])@1231086679)
	  org.frcpm.models.Project.tasks.{element}.preDependencies -> DelayedCollectionInitializer(org.frcpm.models.Project.tasks.{element}.preDependencies)@741121268 (PluralAttribute(org.frcpm.models.Task.preDependencies))
	  org.frcpm.models.Project.tasks -> BagInitializer(org.frcpm.models.Project.tasks)@5283932 (PluralAttribute(org.frcpm.models.Project.tasks))

10:25:38.442 [main] DEBUG org.hibernate.SQL - 
    select
        t1_0.project_id,
        t1_0.id,
        t1_0.actual_duration_seconds,
        t1_0.completed,
        t1_0.description,
        t1_0.end_date,
        t1_0.estimated_duration_seconds,
        t1_0.priority,
        t1_0.progress,
        t1_0.start_date,
        t1_0.subsystem_id,
        t1_0.title 
    from
        tasks t1_0 
    where
        t1_0.project_id=?
Hibernate: 
    select
        t1_0.project_id,
        t1_0.id,
        t1_0.actual_duration_seconds,
        t1_0.completed,
        t1_0.description,
        t1_0.end_date,
        t1_0.estimated_duration_seconds,
        t1_0.priority,
        t1_0.progress,
        t1_0.start_date,
        t1_0.subsystem_id,
        t1_0.title 
    from
        tasks t1_0 
    where
        t1_0.project_id=?
10:25:38.442 [main] DEBUG org.hibernate.sql.results.internal.ResultsHelper - Collection fully initialized: [org.frcpm.models.Project.tasks#2]
10:25:38.442 [main] DEBUG org.hibernate.orm.sql.exec - Skipping reading Query result cache data: cache-enabled = false, cache-mode = IGNORE
10:25:38.442 [main] DEBUG org.hibernate.orm.results - Initializer list:
	  org.frcpm.models.Project.meetings -> BagInitializer(org.frcpm.models.Project.meetings)@2071625873 (PluralAttribute(org.frcpm.models.Project.meetings))
	  org.frcpm.models.Project.meetings.{element}.project -> EntityDelayedFetchInitializer(org.frcpm.models.Project.meetings.{element}.project)@2116918754 (ToOneAttributeMapping(NavigableRole[org.frcpm.models.Meeting.project])@544313532)
	  org.frcpm.models.Project.meetings.{element} -> EntityJoinedFetchInitializer(org.frcpm.models.Project.meetings.{element})@296864187 (EntityCollectionPart(org.frcpm.models.Project.meetings#{element})@805974099)
	  org.frcpm.models.Project.meetings.{element}.attendances -> DelayedCollectionInitializer(org.frcpm.models.Project.meetings.{element}.attendances)@1773759082 (PluralAttribute(org.frcpm.models.Meeting.attendances))

10:25:38.442 [main] DEBUG org.hibernate.SQL - 
    select
        m1_0.project_id,
        m1_0.id,
        m1_0.date,
        m1_0.end_time,
        m1_0.notes,
        m1_0.start_time 
    from
        meetings m1_0 
    where
        m1_0.project_id=?
Hibernate: 
    select
        m1_0.project_id,
        m1_0.id,
        m1_0.date,
        m1_0.end_time,
        m1_0.notes,
        m1_0.start_time 
    from
        meetings m1_0 
    where
        m1_0.project_id=?
10:25:38.442 [main] DEBUG org.hibernate.sql.results.internal.ResultsHelper - Collection fully initialized: [org.frcpm.models.Project.meetings#2]
10:25:38.442 [main] DEBUG org.hibernate.orm.sql.exec - Skipping reading Query result cache data: cache-enabled = false, cache-mode = IGNORE
10:25:38.442 [main] DEBUG org.hibernate.orm.results - Initializer list:
	  org.frcpm.models.Project.milestones.{element}.project -> EntityDelayedFetchInitializer(org.frcpm.models.Project.milestones.{element}.project)@1272688987 (ToOneAttributeMapping(NavigableRole[org.frcpm.models.Milestone.project])@2071719913)
	  org.frcpm.models.Project.milestones.{element} -> EntityJoinedFetchInitializer(org.frcpm.models.Project.milestones.{element})@1771268208 (EntityCollectionPart(org.frcpm.models.Project.milestones#{element})@2090246553)
	  org.frcpm.models.Project.milestones -> BagInitializer(org.frcpm.models.Project.milestones)@1878237879 (PluralAttribute(org.frcpm.models.Project.milestones))

10:25:38.442 [main] DEBUG org.hibernate.SQL - 
    select
        m1_0.project_id,
        m1_0.id,
        m1_0.date,
        m1_0.description,
        m1_0.name 
    from
        milestones m1_0 
    where
        m1_0.project_id=?
Hibernate: 
    select
        m1_0.project_id,
        m1_0.id,
        m1_0.date,
        m1_0.description,
        m1_0.name 
    from
        milestones m1_0 
    where
        m1_0.project_id=?
10:25:38.442 [main] DEBUG org.hibernate.sql.results.internal.ResultsHelper - Collection fully initialized: [org.frcpm.models.Project.milestones#2]
10:25:38.442 [main] DEBUG org.hibernate.orm.sql.exec - Skipping reading Query result cache data: cache-enabled = false, cache-mode = IGNORE
10:25:38.442 [main] DEBUG org.hibernate.orm.results - Initializer list:
	  org.frcpm.models.Project.tasks.{element}.assignedTo -> DelayedCollectionInitializer(org.frcpm.models.Project.tasks.{element}.assignedTo)@487276587 (PluralAttribute(org.frcpm.models.Task.assignedTo))
	  org.frcpm.models.Project.tasks.{element}.postDependencies -> DelayedCollectionInitializer(org.frcpm.models.Project.tasks.{element}.postDependencies)@1864347431 (PluralAttribute(org.frcpm.models.Task.postDependencies))
	  org.frcpm.models.Project.tasks.{element} -> EntityJoinedFetchInitializer(org.frcpm.models.Project.tasks.{element})@1692976135 (EntityCollectionPart(org.frcpm.models.Project.tasks#{element})@1106969101)
	  org.frcpm.models.Project.tasks.{element}.requiredComponents -> DelayedCollectionInitializer(org.frcpm.models.Project.tasks.{element}.requiredComponents)@1087315593 (PluralAttribute(org.frcpm.models.Task.requiredComponents))
	  org.frcpm.models.Project.tasks.{element}.project -> EntityDelayedFetchInitializer(org.frcpm.models.Project.tasks.{element}.project)@117576867 (ToOneAttributeMapping(NavigableRole[org.frcpm.models.Task.project])@874090445)
	  org.frcpm.models.Project.tasks.{element}.subsystem -> EntityDelayedFetchInitializer(org.frcpm.models.Project.tasks.{element}.subsystem)@368502259 (ToOneAttributeMapping(NavigableRole[org.frcpm.models.Task.subsystem])@1231086679)
	  org.frcpm.models.Project.tasks.{element}.preDependencies -> DelayedCollectionInitializer(org.frcpm.models.Project.tasks.{element}.preDependencies)@924631990 (PluralAttribute(org.frcpm.models.Task.preDependencies))
	  org.frcpm.models.Project.tasks -> BagInitializer(org.frcpm.models.Project.tasks)@262125706 (PluralAttribute(org.frcpm.models.Project.tasks))

10:25:38.442 [main] DEBUG org.hibernate.SQL - 
    select
        t1_0.project_id,
        t1_0.id,
        t1_0.actual_duration_seconds,
        t1_0.completed,
        t1_0.description,
        t1_0.end_date,
        t1_0.estimated_duration_seconds,
        t1_0.priority,
        t1_0.progress,
        t1_0.start_date,
        t1_0.subsystem_id,
        t1_0.title 
    from
        tasks t1_0 
    where
        t1_0.project_id=?
Hibernate: 
    select
        t1_0.project_id,
        t1_0.id,
        t1_0.actual_duration_seconds,
        t1_0.completed,
        t1_0.description,
        t1_0.end_date,
        t1_0.estimated_duration_seconds,
        t1_0.priority,
        t1_0.progress,
        t1_0.start_date,
        t1_0.subsystem_id,
        t1_0.title 
    from
        tasks t1_0 
    where
        t1_0.project_id=?
10:25:38.442 [main] DEBUG org.hibernate.orm.results - Extracted JDBC value [0] - [3]
10:25:38.442 [main] DEBUG org.hibernate.orm.results.loading.org.hibernate.orm.results.loading.collection - (BagInitializer) Current row collection key : org.frcpm.models.Project.tasks#3
10:25:38.442 [main] DEBUG org.hibernate.orm.results - Extracted JDBC value [1] - [3]
10:25:38.442 [main] DEBUG org.hibernate.orm.results.loading.entity - (EntityJoinedFetchInitializer) Hydrated EntityKey (org.frcpm.models.Project.tasks.{element}): 3
10:25:38.442 [main] DEBUG org.hibernate.orm.results.loading.org.hibernate.orm.results.loading.collection - (DelayedCollectionInitializer) Current row collection key : org.frcpm.models.Project.tasks.{element}.assignedTo#3
10:25:38.442 [main] DEBUG org.hibernate.orm.results.loading.org.hibernate.orm.results.loading.collection - (DelayedCollectionInitializer) Current row collection key : org.frcpm.models.Project.tasks.{element}.postDependencies#3
10:25:38.442 [main] DEBUG org.hibernate.orm.results.loading.org.hibernate.orm.results.loading.collection - (DelayedCollectionInitializer) Current row collection key : org.frcpm.models.Project.tasks.{element}.preDependencies#3
10:25:38.442 [main] DEBUG org.hibernate.orm.results.loading.org.hibernate.orm.results.loading.collection - (DelayedCollectionInitializer) Current row collection key : org.frcpm.models.Project.tasks.{element}.requiredComponents#3
10:25:38.442 [main] DEBUG org.hibernate.orm.results.loading.org.hibernate.orm.results.loading.collection - (BagInitializer) Responsible for loading collection [org.frcpm.models.Project.tasks#3] : org.hibernate.collection.spi.PersistentBag@1127810795
10:25:38.442 [main] DEBUG org.hibernate.orm.results.loading.org.hibernate.orm.results.loading.collection - (BagInitializer) Reading element from row for collection [org.frcpm.models.Project.tasks#3] -> org.hibernate.collection.spi.PersistentBag@1127810795
10:25:38.442 [main] DEBUG org.hibernate.orm.results.loading - Calling top-level assembler (0 / 1) : org.hibernate.sql.results.graph.collection.internal.CollectionAssembler@6b84c0c2
10:25:38.442 [main] DEBUG org.hibernate.sql.results.internal.ResultsHelper - Collection fully initialized: [org.frcpm.models.Project.tasks#3]
10:25:38.443 [main] DEBUG org.hibernate.orm.sql.exec - Skipping reading Query result cache data: cache-enabled = false, cache-mode = IGNORE
10:25:38.443 [main] DEBUG org.hibernate.orm.results - Initializer list:
	  org.frcpm.models.Project.meetings -> BagInitializer(org.frcpm.models.Project.meetings)@422411984 (PluralAttribute(org.frcpm.models.Project.meetings))
	  org.frcpm.models.Project.meetings.{element}.project -> EntityDelayedFetchInitializer(org.frcpm.models.Project.meetings.{element}.project)@2046064257 (ToOneAttributeMapping(NavigableRole[org.frcpm.models.Meeting.project])@544313532)
	  org.frcpm.models.Project.meetings.{element} -> EntityJoinedFetchInitializer(org.frcpm.models.Project.meetings.{element})@1712671423 (EntityCollectionPart(org.frcpm.models.Project.meetings#{element})@805974099)
	  org.frcpm.models.Project.meetings.{element}.attendances -> DelayedCollectionInitializer(org.frcpm.models.Project.meetings.{element}.attendances)@735712367 (PluralAttribute(org.frcpm.models.Meeting.attendances))

10:25:38.443 [main] DEBUG org.hibernate.SQL - 
    select
        m1_0.project_id,
        m1_0.id,
        m1_0.date,
        m1_0.end_time,
        m1_0.notes,
        m1_0.start_time 
    from
        meetings m1_0 
    where
        m1_0.project_id=?
Hibernate: 
    select
        m1_0.project_id,
        m1_0.id,
        m1_0.date,
        m1_0.end_time,
        m1_0.notes,
        m1_0.start_time 
    from
        meetings m1_0 
    where
        m1_0.project_id=?
10:25:38.443 [main] DEBUG org.hibernate.sql.results.internal.ResultsHelper - Collection fully initialized: [org.frcpm.models.Project.meetings#3]
10:25:38.443 [main] DEBUG org.hibernate.orm.sql.exec - Skipping reading Query result cache data: cache-enabled = false, cache-mode = IGNORE
10:25:38.443 [main] DEBUG org.hibernate.orm.results - Initializer list:
	  org.frcpm.models.Project.milestones.{element}.project -> EntityDelayedFetchInitializer(org.frcpm.models.Project.milestones.{element}.project)@1332081547 (ToOneAttributeMapping(NavigableRole[org.frcpm.models.Milestone.project])@2071719913)
	  org.frcpm.models.Project.milestones.{element} -> EntityJoinedFetchInitializer(org.frcpm.models.Project.milestones.{element})@887615332 (EntityCollectionPart(org.frcpm.models.Project.milestones#{element})@2090246553)
	  org.frcpm.models.Project.milestones -> BagInitializer(org.frcpm.models.Project.milestones)@1962233638 (PluralAttribute(org.frcpm.models.Project.milestones))

10:25:38.443 [main] DEBUG org.hibernate.SQL - 
    select
        m1_0.project_id,
        m1_0.id,
        m1_0.date,
        m1_0.description,
        m1_0.name 
    from
        milestones m1_0 
    where
        m1_0.project_id=?
Hibernate: 
    select
        m1_0.project_id,
        m1_0.id,
        m1_0.date,
        m1_0.description,
        m1_0.name 
    from
        milestones m1_0 
    where
        m1_0.project_id=?
10:25:38.443 [main] DEBUG org.hibernate.sql.results.internal.ResultsHelper - Collection fully initialized: [org.frcpm.models.Project.milestones#3]
10:25:38.443 [main] DEBUG org.hibernate.orm.sql.exec - Skipping reading Query result cache data: cache-enabled = false, cache-mode = IGNORE
10:25:38.443 [main] DEBUG org.hibernate.orm.results - Initializer list:
	  org.frcpm.models.Project.tasks.{element}.assignedTo -> DelayedCollectionInitializer(org.frcpm.models.Project.tasks.{element}.assignedTo)@1423373074 (PluralAttribute(org.frcpm.models.Task.assignedTo))
	  org.frcpm.models.Project.tasks.{element}.postDependencies -> DelayedCollectionInitializer(org.frcpm.models.Project.tasks.{element}.postDependencies)@168041169 (PluralAttribute(org.frcpm.models.Task.postDependencies))
	  org.frcpm.models.Project.tasks.{element} -> EntityJoinedFetchInitializer(org.frcpm.models.Project.tasks.{element})@1917847989 (EntityCollectionPart(org.frcpm.models.Project.tasks#{element})@1106969101)
	  org.frcpm.models.Project.tasks.{element}.requiredComponents -> DelayedCollectionInitializer(org.frcpm.models.Project.tasks.{element}.requiredComponents)@546914077 (PluralAttribute(org.frcpm.models.Task.requiredComponents))
	  org.frcpm.models.Project.tasks.{element}.project -> EntityDelayedFetchInitializer(org.frcpm.models.Project.tasks.{element}.project)@1135875711 (ToOneAttributeMapping(NavigableRole[org.frcpm.models.Task.project])@874090445)
	  org.frcpm.models.Project.tasks.{element}.subsystem -> EntityDelayedFetchInitializer(org.frcpm.models.Project.tasks.{element}.subsystem)@1775001162 (ToOneAttributeMapping(NavigableRole[org.frcpm.models.Task.subsystem])@1231086679)
	  org.frcpm.models.Project.tasks.{element}.preDependencies -> DelayedCollectionInitializer(org.frcpm.models.Project.tasks.{element}.preDependencies)@455343975 (PluralAttribute(org.frcpm.models.Task.preDependencies))
	  org.frcpm.models.Project.tasks -> BagInitializer(org.frcpm.models.Project.tasks)@1923828425 (PluralAttribute(org.frcpm.models.Project.tasks))

10:25:38.443 [main] DEBUG org.hibernate.SQL - 
    select
        t1_0.project_id,
        t1_0.id,
        t1_0.actual_duration_seconds,
        t1_0.completed,
        t1_0.description,
        t1_0.end_date,
        t1_0.estimated_duration_seconds,
        t1_0.priority,
        t1_0.progress,
        t1_0.start_date,
        t1_0.subsystem_id,
        t1_0.title 
    from
        tasks t1_0 
    where
        t1_0.project_id=?
Hibernate: 
    select
        t1_0.project_id,
        t1_0.id,
        t1_0.actual_duration_seconds,
        t1_0.completed,
        t1_0.description,
        t1_0.end_date,
        t1_0.estimated_duration_seconds,
        t1_0.priority,
        t1_0.progress,
        t1_0.start_date,
        t1_0.subsystem_id,
        t1_0.title 
    from
        tasks t1_0 
    where
        t1_0.project_id=?
10:25:38.443 [main] DEBUG org.hibernate.sql.results.internal.ResultsHelper - Collection fully initialized: [org.frcpm.models.Project.tasks#6]
10:25:38.443 [main] DEBUG org.hibernate.orm.sql.exec - Skipping reading Query result cache data: cache-enabled = false, cache-mode = IGNORE
10:25:38.443 [main] DEBUG org.hibernate.orm.results - Initializer list:
	  org.frcpm.models.Project.meetings -> BagInitializer(org.frcpm.models.Project.meetings)@505840543 (PluralAttribute(org.frcpm.models.Project.meetings))
	  org.frcpm.models.Project.meetings.{element}.project -> EntityDelayedFetchInitializer(org.frcpm.models.Project.meetings.{element}.project)@913534864 (ToOneAttributeMapping(NavigableRole[org.frcpm.models.Meeting.project])@544313532)
	  org.frcpm.models.Project.meetings.{element} -> EntityJoinedFetchInitializer(org.frcpm.models.Project.meetings.{element})@1522015110 (EntityCollectionPart(org.frcpm.models.Project.meetings#{element})@805974099)
	  org.frcpm.models.Project.meetings.{element}.attendances -> DelayedCollectionInitializer(org.frcpm.models.Project.meetings.{element}.attendances)@343350846 (PluralAttribute(org.frcpm.models.Meeting.attendances))

10:25:38.443 [main] DEBUG org.hibernate.SQL - 
    select
        m1_0.project_id,
        m1_0.id,
        m1_0.date,
        m1_0.end_time,
        m1_0.notes,
        m1_0.start_time 
    from
        meetings m1_0 
    where
        m1_0.project_id=?
Hibernate: 
    select
        m1_0.project_id,
        m1_0.id,
        m1_0.date,
        m1_0.end_time,
        m1_0.notes,
        m1_0.start_time 
    from
        meetings m1_0 
    where
        m1_0.project_id=?
10:25:38.443 [main] DEBUG org.hibernate.sql.results.internal.ResultsHelper - Collection fully initialized: [org.frcpm.models.Project.meetings#6]
10:25:38.443 [main] DEBUG org.hibernate.orm.sql.exec - Skipping reading Query result cache data: cache-enabled = false, cache-mode = IGNORE
10:25:38.443 [main] DEBUG org.hibernate.orm.results - Initializer list:
	  org.frcpm.models.Project.milestones.{element}.project -> EntityDelayedFetchInitializer(org.frcpm.models.Project.milestones.{element}.project)@163309362 (ToOneAttributeMapping(NavigableRole[org.frcpm.models.Milestone.project])@2071719913)
	  org.frcpm.models.Project.milestones.{element} -> EntityJoinedFetchInitializer(org.frcpm.models.Project.milestones.{element})@630300373 (EntityCollectionPart(org.frcpm.models.Project.milestones#{element})@2090246553)
	  org.frcpm.models.Project.milestones -> BagInitializer(org.frcpm.models.Project.milestones)@555248334 (PluralAttribute(org.frcpm.models.Project.milestones))

10:25:38.444 [main] DEBUG org.hibernate.SQL - 
    select
        m1_0.project_id,
        m1_0.id,
        m1_0.date,
        m1_0.description,
        m1_0.name 
    from
        milestones m1_0 
    where
        m1_0.project_id=?
Hibernate: 
    select
        m1_0.project_id,
        m1_0.id,
        m1_0.date,
        m1_0.description,
        m1_0.name 
    from
        milestones m1_0 
    where
        m1_0.project_id=?
10:25:38.444 [main] DEBUG org.hibernate.sql.results.internal.ResultsHelper - Collection fully initialized: [org.frcpm.models.Project.milestones#6]
10:25:38.444 [main] DEBUG org.hibernate.event.internal.AbstractFlushingEventListener - Processing flush-time cascades
10:25:38.444 [main] DEBUG org.hibernate.event.internal.AbstractFlushingEventListener - Dirty checking collections
10:25:38.444 [main] DEBUG org.hibernate.engine.spi.CollectionEntry - Collection dirty: [org.frcpm.models.Task.assignedTo#1]
10:25:38.444 [main] DEBUG org.hibernate.engine.spi.CollectionEntry - Collection dirty: [org.frcpm.models.Project.tasks#1]
10:25:38.444 [main] DEBUG org.hibernate.engine.spi.CollectionEntry - Collection dirty: [org.frcpm.models.Project.tasks#3]
10:25:38.444 [main] DEBUG org.hibernate.engine.spi.CollectionEntry - Collection dirty: [org.frcpm.models.Task.assignedTo#2]
10:25:38.444 [main] DEBUG org.hibernate.engine.internal.Collections - Collection found: [org.frcpm.models.TeamMember.assignedTasks#1], was: [org.frcpm.models.TeamMember.assignedTasks#1] (uninitialized)
10:25:38.444 [main] DEBUG org.hibernate.engine.internal.Collections - Collection found: [org.frcpm.models.TeamMember.attendances#1], was: [org.frcpm.models.TeamMember.attendances#1] (uninitialized)
10:25:38.444 [main] DEBUG org.hibernate.engine.internal.Collections - Collection dereferenced: [org.frcpm.models.Task.assignedTo#1]
10:25:38.444 [main] DEBUG org.hibernate.engine.internal.Collections - Collection dereferenced: [org.frcpm.models.Task.postDependencies#1]
10:25:38.444 [main] DEBUG org.hibernate.engine.internal.Collections - Collection dereferenced: [org.frcpm.models.Task.preDependencies#1]
10:25:38.444 [main] DEBUG org.hibernate.engine.internal.Collections - Collection dereferenced: [org.frcpm.models.Task.requiredComponents#1]
10:25:38.444 [main] DEBUG org.hibernate.engine.internal.Collections - Collection dereferenced: [org.frcpm.models.Task.assignedTo#3]
10:25:38.444 [main] DEBUG org.hibernate.engine.internal.Collections - Collection dereferenced: [org.frcpm.models.Task.postDependencies#3]
10:25:38.444 [main] DEBUG org.hibernate.engine.internal.Collections - Collection dereferenced: [org.frcpm.models.Task.preDependencies#3]
10:25:38.444 [main] DEBUG org.hibernate.engine.internal.Collections - Collection dereferenced: [org.frcpm.models.Task.requiredComponents#3]
10:25:38.444 [main] DEBUG org.hibernate.engine.internal.Collections - Collection dereferenced: [org.frcpm.models.Project.meetings#1]
10:25:38.444 [main] DEBUG org.hibernate.engine.internal.Collections - Collection dereferenced: [org.frcpm.models.Project.milestones#1]
10:25:38.444 [main] DEBUG org.hibernate.engine.internal.Collections - Collection dereferenced: [org.frcpm.models.Project.tasks#1]
10:25:38.444 [main] DEBUG org.hibernate.engine.internal.Collections - Collection dereferenced: [org.frcpm.models.Project.meetings#2]
10:25:38.444 [main] DEBUG org.hibernate.engine.internal.Collections - Collection dereferenced: [org.frcpm.models.Project.milestones#2]
10:25:38.444 [main] DEBUG org.hibernate.engine.internal.Collections - Collection dereferenced: [org.frcpm.models.Project.tasks#2]
10:25:38.444 [main] DEBUG org.hibernate.engine.internal.Collections - Collection dereferenced: [org.frcpm.models.Project.meetings#3]
10:25:38.444 [main] DEBUG org.hibernate.engine.internal.Collections - Collection dereferenced: [org.frcpm.models.Project.milestones#3]
10:25:38.444 [main] DEBUG org.hibernate.engine.internal.Collections - Collection dereferenced: [org.frcpm.models.Project.tasks#3]
10:25:38.444 [main] DEBUG org.hibernate.engine.internal.Collections - Collection dereferenced: [org.frcpm.models.Project.meetings#6]
10:25:38.444 [main] DEBUG org.hibernate.engine.internal.Collections - Collection dereferenced: [org.frcpm.models.Project.milestones#6]
10:25:38.444 [main] DEBUG org.hibernate.engine.internal.Collections - Collection dereferenced: [org.frcpm.models.Project.tasks#6]
10:25:38.444 [main] DEBUG org.hibernate.engine.internal.Collections - Collection dereferenced: [org.frcpm.models.Task.assignedTo#2]
10:25:38.444 [main] DEBUG org.hibernate.engine.internal.Collections - Collection dereferenced: [org.frcpm.models.Task.postDependencies#2]
10:25:38.444 [main] DEBUG org.hibernate.engine.internal.Collections - Collection dereferenced: [org.frcpm.models.Task.preDependencies#2]
10:25:38.444 [main] DEBUG org.hibernate.engine.internal.Collections - Collection dereferenced: [org.frcpm.models.Task.requiredComponents#2]
10:25:38.444 [main] DEBUG org.hibernate.event.internal.AbstractFlushingEventListener - Flushed: 0 insertions, 0 updates, 7 deletions to 8 objects
10:25:38.444 [main] DEBUG org.hibernate.event.internal.AbstractFlushingEventListener - Flushed: 0 (re)creations, 0 updates, 24 removals to 26 collections
10:25:38.444 [main] DEBUG org.hibernate.internal.util.EntityPrinter - Listing entities:
10:25:38.444 [main] DEBUG org.hibernate.internal.util.EntityPrinter - org.frcpm.models.Task{estimatedDurationSeconds=7200, endDate=2025-05-02, description=Test task created by DatabaseTestUtil, project=null, subsystem=<uninitialized>, preDependencies=[], completed=false, priority=MEDIUM, title=Test Task 1745594738375, actualDurationSeconds=null, assignedTo=[], postDependencies=<uninitialized>, progress=0, id=1, requiredComponents=[], startDate=2025-04-25}
10:25:38.444 [main] DEBUG org.hibernate.internal.util.EntityPrinter - org.frcpm.models.Project{hardDeadline=2025-06-06, name=Test Project 1745594738372, description=Test project for unit tests, meetings=[], id=1, goalEndDate=2025-05-23, milestones=[], startDate=2025-04-25, tasks=[]}
10:25:38.444 [main] DEBUG org.hibernate.internal.util.EntityPrinter - org.frcpm.models.Task{estimatedDurationSeconds=3600, endDate=null, description=null, project=null, subsystem=<uninitialized>, preDependencies=[], completed=false, priority=MEDIUM, title=Nested Transaction Task, actualDurationSeconds=null, assignedTo=[], postDependencies=<uninitialized>, progress=0, id=3, requiredComponents=[], startDate=null}
10:25:38.444 [main] DEBUG org.hibernate.internal.util.EntityPrinter - org.frcpm.models.Task{estimatedDurationSeconds=7200, endDate=2025-05-02, description=Test task created by DatabaseTestUtil, project=null, subsystem=<uninitialized>, preDependencies=[], completed=false, priority=MEDIUM, title=Relationship Test Task, actualDurationSeconds=null, assignedTo=[], postDependencies=<uninitialized>, progress=0, id=2, requiredComponents=[], startDate=2025-04-25}
10:25:38.444 [main] DEBUG org.hibernate.internal.util.EntityPrinter - org.frcpm.models.TeamMember{skills=Testing, firstName=Test, lastName=User, leader=false, subteam=<uninitialized>, phone=null, id=1, attendances=<uninitialized>, email=test@example.com, assignedTasks=<uninitialized>, username=testuser_1745594738373}
10:25:38.444 [main] DEBUG org.hibernate.internal.util.EntityPrinter - org.frcpm.models.Project{hardDeadline=2025-06-06, name=Cleanup_Test_1745594738424, description=null, meetings=[], id=6, goalEndDate=2025-05-23, milestones=[], startDate=2025-04-25, tasks=[]}
10:25:38.444 [main] DEBUG org.hibernate.internal.util.EntityPrinter - org.frcpm.models.Project{hardDeadline=2025-06-06, name=Nested Transaction Project, description=null, meetings=[], id=3, goalEndDate=2025-05-23, milestones=[], startDate=2025-04-25, tasks=[]}
10:25:38.444 [main] DEBUG org.hibernate.internal.util.EntityPrinter - org.frcpm.models.Project{hardDeadline=2025-06-06, name=Transaction Test Project, description=null, meetings=[], id=2, goalEndDate=2025-05-23, milestones=[], startDate=2025-04-25, tasks=[]}
10:25:38.444 [main] DEBUG org.hibernate.orm.jdbc.mutation - Deleting collection - org.frcpm.models.Task.assignedTo : 1
10:25:38.444 [main] DEBUG org.hibernate.SQL - 
    /* one-shot delete for org.frcpm.models.Task.assignedTo */delete 
    from
        task_assignments 
    where
        task_id=?
Hibernate: 
    /* one-shot delete for org.frcpm.models.Task.assignedTo */delete 
    from
        task_assignments 
    where
        task_id=?
10:25:38.444 [main] DEBUG org.hibernate.orm.jdbc.mutation - Deleting collection - org.frcpm.models.Task.assignedTo : 2
10:25:38.444 [main] DEBUG org.hibernate.SQL - 
    /* one-shot delete for org.frcpm.models.Task.assignedTo */delete 
    from
        task_assignments 
    where
        task_id=?
Hibernate: 
    /* one-shot delete for org.frcpm.models.Task.assignedTo */delete 
    from
        task_assignments 
    where
        task_id=?
10:25:38.445 [main] DEBUG org.hibernate.orm.jdbc.batch - PreparedStatementDetails did not contain PreparedStatement on #releaseStatements : /* one-shot delete for org.frcpm.models.Task.assignedTo */delete from task_assignments where task_id=?
10:25:38.445 [main] DEBUG org.hibernate.orm.jdbc.batch - No batched statements to execute - org.frcpm.models.Task.assignedTo#REMOVE
10:25:38.445 [main] DEBUG org.hibernate.orm.jdbc.batch - PreparedStatementDetails did not contain PreparedStatement on #releaseStatements : /* one-shot delete for org.frcpm.models.Task.assignedTo */delete from task_assignments where task_id=?
10:25:38.445 [main] DEBUG org.hibernate.orm.jdbc.batch - PreparedStatementDetails did not contain PreparedStatement on #releaseStatements : /* one-shot delete for org.frcpm.models.Task.assignedTo */delete from task_assignments where task_id=?
10:25:38.445 [main] DEBUG org.hibernate.SQL - 
    /* delete for org.frcpm.models.Task */delete 
    from
        tasks 
    where
        id=?
Hibernate: 
    /* delete for org.frcpm.models.Task */delete 
    from
        tasks 
    where
        id=?
10:25:38.445 [main] DEBUG org.hibernate.SQL - 
    /* delete for org.frcpm.models.Task */delete 
    from
        tasks 
    where
        id=?
Hibernate: 
    /* delete for org.frcpm.models.Task */delete 
    from
        tasks 
    where
        id=?
10:25:38.445 [main] DEBUG org.hibernate.SQL - 
    /* delete for org.frcpm.models.Task */delete 
    from
        tasks 
    where
        id=?
Hibernate: 
    /* delete for org.frcpm.models.Task */delete 
    from
        tasks 
    where
        id=?
10:25:38.445 [main] DEBUG org.hibernate.orm.jdbc.batch - PreparedStatementDetails did not contain PreparedStatement on #releaseStatements : /* delete for org.frcpm.models.Task */delete from tasks where id=?
10:25:38.445 [main] DEBUG org.hibernate.SQL - 
    /* delete for org.frcpm.models.Project */delete 
    from
        projects 
    where
        id=?
Hibernate: 
    /* delete for org.frcpm.models.Project */delete 
    from
        projects 
    where
        id=?
10:25:38.445 [main] DEBUG org.hibernate.SQL - 
    /* delete for org.frcpm.models.Project */delete 
    from
        projects 
    where
        id=?
Hibernate: 
    /* delete for org.frcpm.models.Project */delete 
    from
        projects 
    where
        id=?
10:25:38.445 [main] DEBUG org.hibernate.SQL - 
    /* delete for org.frcpm.models.Project */delete 
    from
        projects 
    where
        id=?
Hibernate: 
    /* delete for org.frcpm.models.Project */delete 
    from
        projects 
    where
        id=?
10:25:38.445 [main] DEBUG org.hibernate.SQL - 
    /* delete for org.frcpm.models.Project */delete 
    from
        projects 
    where
        id=?
Hibernate: 
    /* delete for org.frcpm.models.Project */delete 
    from
        projects 
    where
        id=?
10:25:38.445 [main] DEBUG org.hibernate.orm.jdbc.batch - PreparedStatementDetails did not contain PreparedStatement on #releaseStatements : /* delete for org.frcpm.models.Project */delete from projects where id=?
10:25:38.445 [main] DEBUG org.hibernate.engine.transaction.internal.TransactionImpl - committing
10:25:38.445 [main] DEBUG org.hibernate.event.internal.AbstractFlushingEventListener - Processing flush-time cascades
10:25:38.445 [main] DEBUG org.hibernate.event.internal.AbstractFlushingEventListener - Dirty checking collections
10:25:38.445 [main] DEBUG org.hibernate.engine.internal.Collections - Collection found: [org.frcpm.models.TeamMember.assignedTasks#1], was: [org.frcpm.models.TeamMember.assignedTasks#1] (uninitialized)
10:25:38.445 [main] DEBUG org.hibernate.engine.internal.Collections - Collection found: [org.frcpm.models.TeamMember.attendances#1], was: [org.frcpm.models.TeamMember.attendances#1] (uninitialized)
10:25:38.445 [main] DEBUG org.hibernate.event.internal.AbstractFlushingEventListener - Flushed: 0 insertions, 0 updates, 0 deletions to 1 objects
10:25:38.445 [main] DEBUG org.hibernate.event.internal.AbstractFlushingEventListener - Flushed: 0 (re)creations, 0 updates, 0 removals to 2 collections
10:25:38.445 [main] DEBUG org.hibernate.internal.util.EntityPrinter - Listing entities:
10:25:38.446 [main] DEBUG org.hibernate.internal.util.EntityPrinter - org.frcpm.models.TeamMember{skills=Testing, firstName=Test, lastName=User, leader=false, subteam=<uninitialized>, phone=null, id=1, attendances=<uninitialized>, email=test@example.com, assignedTasks=<uninitialized>, username=testuser_1745594738373}
10:25:38.446 [main] DEBUG org.hibernate.orm.jdbc.batch - PreparedStatementDetails did not contain PreparedStatement on #releaseStatements : /* delete for org.frcpm.models.Project */delete from projects where id=?
10:25:38.446 [main] DEBUG org.hibernate.resource.jdbc.internal.LogicalConnectionManagedImpl - Initiating JDBC connection release from afterTransaction
10:25:38.446 [main] DEBUG org.hibernate.orm.jdbc.batch - PreparedStatementDetails did not contain PreparedStatement on #releaseStatements : /* delete for org.frcpm.models.Project */delete from projects where id=?
10:25:38.446 [main] DEBUG org.hibernate.orm.jdbc.batch - PreparedStatementDetails did not contain PreparedStatement on #releaseStatements : /* delete for org.frcpm.models.Project */delete from projects where id=?
10:25:38.446 [main] DEBUG org.hibernate.resource.jdbc.internal.LogicalConnectionManagedImpl - Initiating JDBC connection release from afterTransaction
10:25:38.446 [main] INFO org.hibernate.engine.internal.StatisticalLoggingSessionEventListener - Session Metrics {
    2900 nanoseconds spent acquiring 1 JDBC connections;
    8800 nanoseconds spent releasing 1 JDBC connections;
    2185600 nanoseconds spent preparing 26 JDBC statements;
    1248300 nanoseconds spent executing 23 JDBC statements;
    321900 nanoseconds spent executing 3 JDBC batches;
    0 nanoseconds spent performing 0 L2C puts;
    0 nanoseconds spent performing 0 L2C hits;
    0 nanoseconds spent performing 0 L2C misses;
    1855000 nanoseconds spent executing 2 flushes (flushing a total of 9 entities and 28 collections);
    1919509438193302 nanoseconds spent executing 2 pre-partial-flushes;
    1005500 nanoseconds spent executing 2 partial-flushes (flushing a total of 3 entities and 3 collections)
}
10:25:38.446 [main] DEBUG org.hibernate.engine.jdbc.internal.JdbcCoordinatorImpl - HHH000420: Closing un-released batch
10:25:38.446 [main] DEBUG org.hibernate.orm.jdbc.batch - PreparedStatementDetails did not contain PreparedStatement on #releaseStatements : /* delete for org.frcpm.models.Project */delete from projects where id=?
10:25:38.446 [main] DEBUG org.hibernate.orm.jdbc.batch - PreparedStatementDetails did not contain PreparedStatement on #releaseStatements : /* delete for org.frcpm.models.Project */delete from projects where id=?
10:25:38.446 [main] DEBUG org.hibernate.orm.sql.exec - Skipping reading Query result cache data: cache-enabled = false, cache-mode = IGNORE
10:25:38.446 [main] DEBUG org.hibernate.orm.results - Initializer list:
	  org.frcpm.models.Project.meetings -> DelayedCollectionInitializer(org.frcpm.models.Project.meetings)@1930596455 (PluralAttribute(org.frcpm.models.Project.meetings))
	  org.frcpm.models.Project.tasks -> DelayedCollectionInitializer(org.frcpm.models.Project.tasks)@1705595649 (PluralAttribute(org.frcpm.models.Project.tasks))
	  org.frcpm.models.Project -> EntityResultInitializer(org.frcpm.models.Project)@1945675953 (SingleTableEntityPersister(org.frcpm.models.Project))
	  org.frcpm.models.Project.milestones -> DelayedCollectionInitializer(org.frcpm.models.Project.milestones)@511258871 (PluralAttribute(org.frcpm.models.Project.milestones))

10:25:38.446 [main] DEBUG org.hibernate.SQL - 
    select
        p1_0.id,
        p1_0.description,
        p1_0.goal_end_date,
        p1_0.hard_deadline,
        p1_0.name,
        p1_0.start_date 
    from
        projects p1_0 
    where
        p1_0.id=?
Hibernate: 
    select
        p1_0.id,
        p1_0.description,
        p1_0.goal_end_date,
        p1_0.hard_deadline,
        p1_0.name,
        p1_0.start_date 
    from
        projects p1_0 
    where
        p1_0.id=?
10:25:38.446 [main] DEBUG org.hibernate.resource.jdbc.internal.LogicalConnectionManagedImpl - Initiating JDBC connection release from afterTransaction
10:25:38.447 [main] DEBUG org.hibernate.orm.sql.ast.create - Created new SQL alias : p1_0
10:25:38.447 [main] DEBUG org.hibernate.orm.sql.ast.create - Registration of TableGroup [StandardTableGroup(org.frcpm.models.Project(959754736647300))] with identifierForTableGroup [org.frcpm.models.Project] for NavigablePath [org.frcpm.models.Project] 
10:25:38.448 [main] DEBUG org.hibernate.orm.results.graph.AST - DomainResult Graph:
 \-EntityResultImpl [org.frcpm.models.Project(959754736647300)]
 |  +-BasicFetch [org.frcpm.models.Project(959754736647300).description]
 |  +-BasicFetch [org.frcpm.models.Project(959754736647300).goalEndDate]
 |  +-BasicFetch [org.frcpm.models.Project(959754736647300).hardDeadline]
 |  +-DelayedCollectionFetch [org.frcpm.models.Project(959754736647300).meetings]
 |  +-DelayedCollectionFetch [org.frcpm.models.Project(959754736647300).milestones]
 |  +-BasicFetch [org.frcpm.models.Project(959754736647300).name]
 |  +-BasicFetch [org.frcpm.models.Project(959754736647300).startDate]
 |  \-DelayedCollectionFetch [org.frcpm.models.Project(959754736647300).tasks]

10:25:38.448 [main] DEBUG org.hibernate.orm.sql.ast.tree - SQL AST Tree:
    SelectStatement {
      FromClause {
        StandardTableGroup (p1 : org.frcpm.models.Project(959754736647300)) {
          primaryTableReference : projects as p1_0
        }
      }
    }

10:25:38.448 [main] DEBUG org.hibernate.orm.sql.exec - Skipping reading Query result cache data: cache-enabled = false, cache-mode = NORMAL
10:25:38.448 [main] DEBUG org.hibernate.orm.results - Initializer list:
	  org.frcpm.models.Project(959754736647300).tasks -> DelayedCollectionInitializer(org.frcpm.models.Project(959754736647300).tasks)@1555123194 (PluralAttribute(org.frcpm.models.Project.tasks))
	  org.frcpm.models.Project(959754736647300).milestones -> DelayedCollectionInitializer(org.frcpm.models.Project(959754736647300).milestones)@2008841301 (PluralAttribute(org.frcpm.models.Project.milestones))
	  org.frcpm.models.Project(959754736647300) -> EntityResultInitializer(org.frcpm.models.Project(959754736647300))@382146268 (SingleTableEntityPersister(org.frcpm.models.Project))
	  org.frcpm.models.Project(959754736647300).meetings -> DelayedCollectionInitializer(org.frcpm.models.Project(959754736647300).meetings)@762344112 (PluralAttribute(org.frcpm.models.Project.meetings))

10:25:38.448 [main] DEBUG org.hibernate.SQL - 
    /* <criteria> */ select
        p1_0.id,
        p1_0.description,
        p1_0.goal_end_date,
        p1_0.hard_deadline,
        p1_0.name,
        p1_0.start_date 
    from
        projects p1_0
Hibernate: 
    /* <criteria> */ select
        p1_0.id,
        p1_0.description,
        p1_0.goal_end_date,
        p1_0.hard_deadline,
        p1_0.name,
        p1_0.start_date 
    from
        projects p1_0
10:25:38.448 [main] DEBUG org.hibernate.stat.internal.StatisticsImpl - HHH000117: HQL: [CRITERIA] select p1_0.id,p1_0.description,p1_0.goal_end_date,p1_0.hard_deadline,p1_0.name,p1_0.start_date from projects p1_0, time: 0ms, rows: 0
10:25:38.449 [main] DEBUG org.hibernate.resource.jdbc.internal.LogicalConnectionManagedImpl - Initiating JDBC connection release from afterTransaction
10:25:38.449 [main] DEBUG org.hibernate.resource.jdbc.internal.LogicalConnectionManagedImpl - Initiating JDBC connection release from afterTransaction
10:25:38.449 [main] INFO org.hibernate.engine.internal.StatisticalLoggingSessionEventListener - Session Metrics {
    13600 nanoseconds spent acquiring 1 JDBC connections;
    12900 nanoseconds spent releasing 1 JDBC connections;
    199700 nanoseconds spent preparing 1 JDBC statements;
    70900 nanoseconds spent executing 1 JDBC statements;
    0 nanoseconds spent executing 0 JDBC batches;
    0 nanoseconds spent performing 0 L2C puts;
    0 nanoseconds spent performing 0 L2C hits;
    0 nanoseconds spent performing 0 L2C misses;
    0 nanoseconds spent executing 0 flushes (flushing a total of 0 entities and 0 collections);
    0 nanoseconds spent executing 0 pre-partial-flushes;
    0 nanoseconds spent executing 0 partial-flushes (flushing a total of 0 entities and 0 collections)
}
10:25:38.450 [main] INFO org.hibernate.engine.internal.StatisticalLoggingSessionEventListener - Session Metrics {
    6300 nanoseconds spent acquiring 1 JDBC connections;
    11500 nanoseconds spent releasing 1 JDBC connections;
    174800 nanoseconds spent preparing 1 JDBC statements;
    71300 nanoseconds spent executing 1 JDBC statements;
    0 nanoseconds spent executing 0 JDBC batches;
    0 nanoseconds spent performing 0 L2C puts;
    0 nanoseconds spent performing 0 L2C hits;
    0 nanoseconds spent performing 0 L2C misses;
    0 nanoseconds spent executing 0 flushes (flushing a total of 0 entities and 0 collections);
    0 nanoseconds spent executing 0 pre-partial-flushes;
    0 nanoseconds spent executing 0 partial-flushes (flushing a total of 0 entities and 0 collections)
}
]]></system-out>
    <system-err><![CDATA[Apr 25, 2025 10:25:38 AM org.frcpm.utils.DatabaseTestUtil cleanupTestData
INFO: Cleaning up test data...
Apr 25, 2025 10:25:38 AM org.frcpm.utils.DatabaseTestUtil cleanupTestData
INFO: Test data cleanup completed successfully
]]></system-err>
  </testcase>
  <testcase name="testIsDatabaseInUpdateMode" classname="org.frcpm.utils.DatabaseTestUtilTest" time="0.001">
    <system-err><![CDATA[Apr 25, 2025 10:25:38 AM org.frcpm.utils.DatabaseTestUtil isDatabaseInUpdateMode
INFO: Checking database schema mode...
Apr 25, 2025 10:25:38 AM org.frcpm.utils.DatabaseTestUtil isDatabaseInUpdateMode
INFO: Database is in CREATE-DROP mode (development mode)
]]></system-err>
  </testcase>
</testsuite>