<?xml version="1.0" encoding="UTF-8"?>
<testsuite xmlns:xsi="http://www.w3.org/2001/XMLSchema-instance" xsi:noNamespaceSchemaLocation="https://maven.apache.org/surefire/maven-surefire-plugin/xsd/surefire-test-report-3.0.xsd" version="3.0" name="org.frcpm.mvvm.views.MvvmfxViewLoadingTest" time="3.016" tests="1" errors="0" skipped="0" failures="1">
  <properties>
    <property name="java.specification.version" value="21"/>
    <property name="javafx.runtime.version" value="21.0.2+5"/>
    <property name="sun.cpu.isalist" value="amd64"/>
    <property name="sun.jnu.encoding" value="Cp1252"/>
    <property name="testfx.implicitExit" value="false"/>
    <property name="java.class.path" value="C:\Users\dhiebert\Local Repositories\Project Management 2.0\target\test-classes;C:\Users\dhiebert\Local Repositories\Project Management 2.0\target\classes;C:\Users\dhiebert\.m2\repository\org\openjfx\javafx-controls\21.0.2\javafx-controls-21.0.2.jar;C:\Users\dhiebert\.m2\repository\org\openjfx\javafx-controls\21.0.2\javafx-controls-21.0.2-win.jar;C:\Users\dhiebert\.m2\repository\org\openjfx\javafx-fxml\21.0.2\javafx-fxml-21.0.2.jar;C:\Users\dhiebert\.m2\repository\org\openjfx\javafx-fxml\21.0.2\javafx-fxml-21.0.2-win.jar;C:\Users\dhiebert\.m2\repository\org\openjfx\javafx-graphics\21.0.2\javafx-graphics-21.0.2.jar;C:\Users\dhiebert\.m2\repository\org\openjfx\javafx-graphics\21.0.2\javafx-graphics-21.0.2-win.jar;C:\Users\dhiebert\.m2\repository\org\openjfx\javafx-base\21.0.2\javafx-base-21.0.2.jar;C:\Users\dhiebert\.m2\repository\org\openjfx\javafx-base\21.0.2\javafx-base-21.0.2-win.jar;C:\Users\dhiebert\.m2\repository\org\openjfx\javafx-web\21.0.2\javafx-web-21.0.2.jar;C:\Users\dhiebert\.m2\repository\org\openjfx\javafx-web\21.0.2\javafx-web-21.0.2-win.jar;C:\Users\dhiebert\.m2\repository\org\openjfx\javafx-media\21.0.2\javafx-media-21.0.2.jar;C:\Users\dhiebert\.m2\repository\org\openjfx\javafx-media\21.0.2\javafx-media-21.0.2-win.jar;C:\Users\dhiebert\.m2\repository\com\h2database\h2\2.2.224\h2-2.2.224.jar;C:\Users\dhiebert\.m2\repository\com\zaxxer\HikariCP\5.1.0\HikariCP-5.1.0.jar;C:\Users\dhiebert\.m2\repository\org\slf4j\slf4j-api\1.7.36\slf4j-api-1.7.36.jar;C:\Users\dhiebert\.m2\repository\org\hibernate\orm\hibernate-core\6.5.0.Final\hibernate-core-6.5.0.Final.jar;C:\Users\dhiebert\.m2\repository\jakarta\persistence\jakarta.persistence-api\3.1.0\jakarta.persistence-api-3.1.0.jar;C:\Users\dhiebert\.m2\repository\jakarta\transaction\jakarta.transaction-api\2.0.1\jakarta.transaction-api-2.0.1.jar;C:\Users\dhiebert\.m2\repository\org\jboss\logging\jboss-logging\3.5.0.Final\jboss-logging-3.5.0.Final.jar;C:\Users\dhiebert\.m2\repository\org\hibernate\common\hibernate-commons-annotations\6.0.6.Final\hibernate-commons-annotations-6.0.6.Final.jar;C:\Users\dhiebert\.m2\repository\io\smallrye\jandex\3.1.2\jandex-3.1.2.jar;C:\Users\dhiebert\.m2\repository\com\fasterxml\classmate\1.5.1\classmate-1.5.1.jar;C:\Users\dhiebert\.m2\repository\net\bytebuddy\byte-buddy\1.14.12\byte-buddy-1.14.12.jar;C:\Users\dhiebert\.m2\repository\jakarta\xml\bind\jakarta.xml.bind-api\4.0.0\jakarta.xml.bind-api-4.0.0.jar;C:\Users\dhiebert\.m2\repository\jakarta\activation\jakarta.activation-api\2.1.0\jakarta.activation-api-2.1.0.jar;C:\Users\dhiebert\.m2\repository\org\glassfish\jaxb\jaxb-runtime\4.0.2\jaxb-runtime-4.0.2.jar;C:\Users\dhiebert\.m2\repository\org\glassfish\jaxb\jaxb-core\4.0.2\jaxb-core-4.0.2.jar;C:\Users\dhiebert\.m2\repository\org\eclipse\angus\angus-activation\2.0.0\angus-activation-2.0.0.jar;C:\Users\dhiebert\.m2\repository\org\glassfish\jaxb\txw2\4.0.2\txw2-4.0.2.jar;C:\Users\dhiebert\.m2\repository\com\sun\istack\istack-commons-runtime\4.1.1\istack-commons-runtime-4.1.1.jar;C:\Users\dhiebert\.m2\repository\jakarta\inject\jakarta.inject-api\2.0.1\jakarta.inject-api-2.0.1.jar;C:\Users\dhiebert\.m2\repository\org\antlr\antlr4-runtime\4.13.0\antlr4-runtime-4.13.0.jar;C:\Users\dhiebert\.m2\repository\org\hibernate\validator\hibernate-validator\8.0.1.Final\hibernate-validator-8.0.1.Final.jar;C:\Users\dhiebert\.m2\repository\jakarta\validation\jakarta.validation-api\3.0.2\jakarta.validation-api-3.0.2.jar;C:\Users\dhiebert\.m2\repository\org\hibernate\orm\hibernate-hikaricp\6.5.0.Final\hibernate-hikaricp-6.5.0.Final.jar;C:\Users\dhiebert\.m2\repository\ch\qos\logback\logback-classic\1.2.11\logback-classic-1.2.11.jar;C:\Users\dhiebert\.m2\repository\ch\qos\logback\logback-core\1.2.11\logback-core-1.2.11.jar;C:\Users\dhiebert\.m2\repository\org\junit\jupiter\junit-jupiter-api\5.10.2\junit-jupiter-api-5.10.2.jar;C:\Users\dhiebert\.m2\repository\org\opentest4j\opentest4j\1.3.0\opentest4j-1.3.0.jar;C:\Users\dhiebert\.m2\repository\org\junit\platform\junit-platform-commons\1.10.2\junit-platform-commons-1.10.2.jar;C:\Users\dhiebert\.m2\repository\org\apiguardian\apiguardian-api\1.1.2\apiguardian-api-1.1.2.jar;C:\Users\dhiebert\.m2\repository\org\junit\jupiter\junit-jupiter-engine\5.10.2\junit-jupiter-engine-5.10.2.jar;C:\Users\dhiebert\.m2\repository\org\junit\platform\junit-platform-engine\1.10.2\junit-platform-engine-1.10.2.jar;C:\Users\dhiebert\.m2\repository\org\mockito\mockito-junit-jupiter\5.10.0\mockito-junit-jupiter-5.10.0.jar;C:\Users\dhiebert\.m2\repository\org\mockito\mockito-core\5.10.0\mockito-core-5.10.0.jar;C:\Users\dhiebert\.m2\repository\net\bytebuddy\byte-buddy-agent\1.14.11\byte-buddy-agent-1.14.11.jar;C:\Users\dhiebert\.m2\repository\org\objenesis\objenesis\3.3\objenesis-3.3.jar;C:\Users\dhiebert\.m2\repository\org\testfx\testfx-core\4.0.18\testfx-core-4.0.18.jar;C:\Users\dhiebert\.m2\repository\org\hamcrest\hamcrest\2.1\hamcrest-2.1.jar;C:\Users\dhiebert\.m2\repository\org\assertj\assertj-core\3.13.2\assertj-core-3.13.2.jar;C:\Users\dhiebert\.m2\repository\org\osgi\org.osgi.core\6.0.0\org.osgi.core-6.0.0.jar;C:\Users\dhiebert\.m2\repository\org\testfx\testfx-junit5\4.0.18\testfx-junit5-4.0.18.jar;C:\Users\dhiebert\.m2\repository\org\testfx\openjfx-monocle\jdk-12.0.1+2\openjfx-monocle-jdk-12.0.1+2.jar;C:\Users\dhiebert\.m2\repository\org\apache\pdfbox\pdfbox\2.0.27\pdfbox-2.0.27.jar;C:\Users\dhiebert\.m2\repository\org\apache\pdfbox\fontbox\2.0.27\fontbox-2.0.27.jar;C:\Users\dhiebert\.m2\repository\commons-logging\commons-logging\1.2\commons-logging-1.2.jar;C:\Users\dhiebert\.m2\repository\com\fasterxml\jackson\core\jackson-databind\2.15.0\jackson-databind-2.15.0.jar;C:\Users\dhiebert\.m2\repository\com\fasterxml\jackson\core\jackson-annotations\2.15.0\jackson-annotations-2.15.0.jar;C:\Users\dhiebert\.m2\repository\com\fasterxml\jackson\core\jackson-core\2.15.0\jackson-core-2.15.0.jar;C:\Users\dhiebert\.m2\repository\org\apache\xmlgraphics\batik-all\1.16\batik-all-1.16.jar;C:\Users\dhiebert\.m2\repository\xml-apis\xml-apis\1.4.01\xml-apis-1.4.01.jar;C:\Users\dhiebert\.m2\repository\xml-apis\xml-apis-ext\1.3.04\xml-apis-ext-1.3.04.jar;C:\Users\dhiebert\.m2\repository\org\apache\xmlgraphics\xmlgraphics-commons\2.7\xmlgraphics-commons-2.7.jar;C:\Users\dhiebert\.m2\repository\commons-io\commons-io\1.3.1\commons-io-1.3.1.jar;C:\Users\dhiebert\.m2\repository\org\jgrapht\jgrapht-core\1.5.2\jgrapht-core-1.5.2.jar;C:\Users\dhiebert\.m2\repository\org\jheaps\jheaps\0.14\jheaps-0.14.jar;C:\Users\dhiebert\.m2\repository\org\apfloat\apfloat\1.10.1\apfloat-1.10.1.jar;C:\Users\dhiebert\.m2\repository\javax\annotation\javax.annotation-api\1.3.2\javax.annotation-api-1.3.2.jar;C:\Users\dhiebert\.m2\repository\de\gsi\chart\chartfx-chart\11.2.7\chartfx-chart-11.2.7.jar;C:\Users\dhiebert\.m2\repository\org\kordamp\ikonli\ikonli-javafx\11.5.0\ikonli-javafx-11.5.0.jar;C:\Users\dhiebert\.m2\repository\org\kordamp\ikonli\ikonli-core\11.5.0\ikonli-core-11.5.0.jar;C:\Users\dhiebert\.m2\repository\org\kordamp\ikonli\ikonli-fontawesome-pack\11.5.0\ikonli-fontawesome-pack-11.5.0.jar;C:\Users\dhiebert\.m2\repository\org\kordamp\ikonli\ikonli-fontawesome5-pack\11.5.0\ikonli-fontawesome5-pack-11.5.0.jar;C:\Users\dhiebert\.m2\repository\de\gsi\dataset\chartfx-dataset\11.2.7\chartfx-dataset-11.2.7.jar;C:\Users\dhiebert\.m2\repository\it\unimi\dsi\fastutil\8.3.1\fastutil-8.3.1.jar;C:\Users\dhiebert\.m2\repository\de\gsi\math\chartfx-math\11.2.7\chartfx-math-11.2.7.jar;C:\Users\dhiebert\.m2\repository\com\github\wendykierp\JTransforms\3.1\JTransforms-3.1.jar;C:\Users\dhiebert\.m2\repository\pl\edu\icm\JLargeArrays\1.5\JLargeArrays-1.5.jar;C:\Users\dhiebert\.m2\repository\org\apache\commons\commons-math3\3.6.1\commons-math3-3.6.1.jar;C:\Users\dhiebert\.m2\repository\org\controlsfx\controlsfx\11.0.0\controlsfx-11.0.0.jar;C:\Users\dhiebert\.m2\repository\com\ibm\icu\icu4j\65.1\icu4j-65.1.jar;C:\Users\dhiebert\.m2\repository\ar\com\hjg\pngj\2.1.0\pngj-2.1.0.jar;C:\Users\dhiebert\.m2\repository\org\apache\commons\commons-lang3\3.12.0\commons-lang3-3.12.0.jar;C:\Users\dhiebert\.m2\repository\org\jetbrains\annotations\21.0.1\annotations-21.0.1.jar;C:\Users\dhiebert\.m2\repository\de\saxsys\mvvmfx\1.8.0\mvvmfx-1.8.0.jar;C:\Users\dhiebert\.m2\repository\net\jodah\typetools\0.6.1\typetools-0.6.1.jar;C:\Users\dhiebert\.m2\repository\eu\lestard\doc-annotations\0.2\doc-annotations-0.2.jar;C:\Users\dhiebert\.m2\repository\de\saxsys\mvvmfx-testing-utils\1.8.0\mvvmfx-testing-utils-1.8.0.jar;C:\Users\dhiebert\.m2\repository\junit\junit\4.12\junit-4.12.jar;C:\Users\dhiebert\.m2\repository\org\hamcrest\hamcrest-core\1.3\hamcrest-core-1.3.jar;"/>
    <property name="java.vm.vendor" value="Eclipse Adoptium"/>
    <property name="sun.arch.data.model" value="64"/>
    <property name="user.variant" value=""/>
    <property name="java.vendor.url" value="https://adoptium.net/"/>
    <property name="user.timezone" value="America/Chicago"/>
    <property name="java.vm.specification.version" value="21"/>
    <property name="os.name" value="Windows 11"/>
    <property name="javafx.version" value="21.0.2"/>
    <property name="prism.text" value="t2k"/>
    <property name="sun.java.launcher" value="SUN_STANDARD"/>
    <property name="user.country" value="US"/>
    <property name="sun.boot.library.path" value="C:\Program Files\Eclipse Adoptium\jdk-21.0.7.6-hotspot\bin"/>
    <property name="sun.java.command" value="C:\Users\dhiebert\AppData\Local\Temp\surefire16989141922371589899\surefirebooter-20250603145719683_3.jar C:\Users\dhiebert\AppData\Local\Temp\surefire16989141922371589899 2025-06-03T14-57-19_448-jvmRun1 surefire-20250603145719683_1tmp surefire_0-20250603145719683_2tmp"/>
    <property name="testfx.verbose" value="true"/>
    <property name="jdk.debug" value="release"/>
    <property name="test" value="MvvmfxViewLoadingTest#testMvvmfxViewLoading"/>
    <property name="surefire.test.class.path" value="C:\Users\dhiebert\Local Repositories\Project Management 2.0\target\test-classes;C:\Users\dhiebert\Local Repositories\Project Management 2.0\target\classes;C:\Users\dhiebert\.m2\repository\org\openjfx\javafx-controls\21.0.2\javafx-controls-21.0.2.jar;C:\Users\dhiebert\.m2\repository\org\openjfx\javafx-controls\21.0.2\javafx-controls-21.0.2-win.jar;C:\Users\dhiebert\.m2\repository\org\openjfx\javafx-fxml\21.0.2\javafx-fxml-21.0.2.jar;C:\Users\dhiebert\.m2\repository\org\openjfx\javafx-fxml\21.0.2\javafx-fxml-21.0.2-win.jar;C:\Users\dhiebert\.m2\repository\org\openjfx\javafx-graphics\21.0.2\javafx-graphics-21.0.2.jar;C:\Users\dhiebert\.m2\repository\org\openjfx\javafx-graphics\21.0.2\javafx-graphics-21.0.2-win.jar;C:\Users\dhiebert\.m2\repository\org\openjfx\javafx-base\21.0.2\javafx-base-21.0.2.jar;C:\Users\dhiebert\.m2\repository\org\openjfx\javafx-base\21.0.2\javafx-base-21.0.2-win.jar;C:\Users\dhiebert\.m2\repository\org\openjfx\javafx-web\21.0.2\javafx-web-21.0.2.jar;C:\Users\dhiebert\.m2\repository\org\openjfx\javafx-web\21.0.2\javafx-web-21.0.2-win.jar;C:\Users\dhiebert\.m2\repository\org\openjfx\javafx-media\21.0.2\javafx-media-21.0.2.jar;C:\Users\dhiebert\.m2\repository\org\openjfx\javafx-media\21.0.2\javafx-media-21.0.2-win.jar;C:\Users\dhiebert\.m2\repository\com\h2database\h2\2.2.224\h2-2.2.224.jar;C:\Users\dhiebert\.m2\repository\com\zaxxer\HikariCP\5.1.0\HikariCP-5.1.0.jar;C:\Users\dhiebert\.m2\repository\org\slf4j\slf4j-api\1.7.36\slf4j-api-1.7.36.jar;C:\Users\dhiebert\.m2\repository\org\hibernate\orm\hibernate-core\6.5.0.Final\hibernate-core-6.5.0.Final.jar;C:\Users\dhiebert\.m2\repository\jakarta\persistence\jakarta.persistence-api\3.1.0\jakarta.persistence-api-3.1.0.jar;C:\Users\dhiebert\.m2\repository\jakarta\transaction\jakarta.transaction-api\2.0.1\jakarta.transaction-api-2.0.1.jar;C:\Users\dhiebert\.m2\repository\org\jboss\logging\jboss-logging\3.5.0.Final\jboss-logging-3.5.0.Final.jar;C:\Users\dhiebert\.m2\repository\org\hibernate\common\hibernate-commons-annotations\6.0.6.Final\hibernate-commons-annotations-6.0.6.Final.jar;C:\Users\dhiebert\.m2\repository\io\smallrye\jandex\3.1.2\jandex-3.1.2.jar;C:\Users\dhiebert\.m2\repository\com\fasterxml\classmate\1.5.1\classmate-1.5.1.jar;C:\Users\dhiebert\.m2\repository\net\bytebuddy\byte-buddy\1.14.12\byte-buddy-1.14.12.jar;C:\Users\dhiebert\.m2\repository\jakarta\xml\bind\jakarta.xml.bind-api\4.0.0\jakarta.xml.bind-api-4.0.0.jar;C:\Users\dhiebert\.m2\repository\jakarta\activation\jakarta.activation-api\2.1.0\jakarta.activation-api-2.1.0.jar;C:\Users\dhiebert\.m2\repository\org\glassfish\jaxb\jaxb-runtime\4.0.2\jaxb-runtime-4.0.2.jar;C:\Users\dhiebert\.m2\repository\org\glassfish\jaxb\jaxb-core\4.0.2\jaxb-core-4.0.2.jar;C:\Users\dhiebert\.m2\repository\org\eclipse\angus\angus-activation\2.0.0\angus-activation-2.0.0.jar;C:\Users\dhiebert\.m2\repository\org\glassfish\jaxb\txw2\4.0.2\txw2-4.0.2.jar;C:\Users\dhiebert\.m2\repository\com\sun\istack\istack-commons-runtime\4.1.1\istack-commons-runtime-4.1.1.jar;C:\Users\dhiebert\.m2\repository\jakarta\inject\jakarta.inject-api\2.0.1\jakarta.inject-api-2.0.1.jar;C:\Users\dhiebert\.m2\repository\org\antlr\antlr4-runtime\4.13.0\antlr4-runtime-4.13.0.jar;C:\Users\dhiebert\.m2\repository\org\hibernate\validator\hibernate-validator\8.0.1.Final\hibernate-validator-8.0.1.Final.jar;C:\Users\dhiebert\.m2\repository\jakarta\validation\jakarta.validation-api\3.0.2\jakarta.validation-api-3.0.2.jar;C:\Users\dhiebert\.m2\repository\org\hibernate\orm\hibernate-hikaricp\6.5.0.Final\hibernate-hikaricp-6.5.0.Final.jar;C:\Users\dhiebert\.m2\repository\ch\qos\logback\logback-classic\1.2.11\logback-classic-1.2.11.jar;C:\Users\dhiebert\.m2\repository\ch\qos\logback\logback-core\1.2.11\logback-core-1.2.11.jar;C:\Users\dhiebert\.m2\repository\org\junit\jupiter\junit-jupiter-api\5.10.2\junit-jupiter-api-5.10.2.jar;C:\Users\dhiebert\.m2\repository\org\opentest4j\opentest4j\1.3.0\opentest4j-1.3.0.jar;C:\Users\dhiebert\.m2\repository\org\junit\platform\junit-platform-commons\1.10.2\junit-platform-commons-1.10.2.jar;C:\Users\dhiebert\.m2\repository\org\apiguardian\apiguardian-api\1.1.2\apiguardian-api-1.1.2.jar;C:\Users\dhiebert\.m2\repository\org\junit\jupiter\junit-jupiter-engine\5.10.2\junit-jupiter-engine-5.10.2.jar;C:\Users\dhiebert\.m2\repository\org\junit\platform\junit-platform-engine\1.10.2\junit-platform-engine-1.10.2.jar;C:\Users\dhiebert\.m2\repository\org\mockito\mockito-junit-jupiter\5.10.0\mockito-junit-jupiter-5.10.0.jar;C:\Users\dhiebert\.m2\repository\org\mockito\mockito-core\5.10.0\mockito-core-5.10.0.jar;C:\Users\dhiebert\.m2\repository\net\bytebuddy\byte-buddy-agent\1.14.11\byte-buddy-agent-1.14.11.jar;C:\Users\dhiebert\.m2\repository\org\objenesis\objenesis\3.3\objenesis-3.3.jar;C:\Users\dhiebert\.m2\repository\org\testfx\testfx-core\4.0.18\testfx-core-4.0.18.jar;C:\Users\dhiebert\.m2\repository\org\hamcrest\hamcrest\2.1\hamcrest-2.1.jar;C:\Users\dhiebert\.m2\repository\org\assertj\assertj-core\3.13.2\assertj-core-3.13.2.jar;C:\Users\dhiebert\.m2\repository\org\osgi\org.osgi.core\6.0.0\org.osgi.core-6.0.0.jar;C:\Users\dhiebert\.m2\repository\org\testfx\testfx-junit5\4.0.18\testfx-junit5-4.0.18.jar;C:\Users\dhiebert\.m2\repository\org\testfx\openjfx-monocle\jdk-12.0.1+2\openjfx-monocle-jdk-12.0.1+2.jar;C:\Users\dhiebert\.m2\repository\org\apache\pdfbox\pdfbox\2.0.27\pdfbox-2.0.27.jar;C:\Users\dhiebert\.m2\repository\org\apache\pdfbox\fontbox\2.0.27\fontbox-2.0.27.jar;C:\Users\dhiebert\.m2\repository\commons-logging\commons-logging\1.2\commons-logging-1.2.jar;C:\Users\dhiebert\.m2\repository\com\fasterxml\jackson\core\jackson-databind\2.15.0\jackson-databind-2.15.0.jar;C:\Users\dhiebert\.m2\repository\com\fasterxml\jackson\core\jackson-annotations\2.15.0\jackson-annotations-2.15.0.jar;C:\Users\dhiebert\.m2\repository\com\fasterxml\jackson\core\jackson-core\2.15.0\jackson-core-2.15.0.jar;C:\Users\dhiebert\.m2\repository\org\apache\xmlgraphics\batik-all\1.16\batik-all-1.16.jar;C:\Users\dhiebert\.m2\repository\xml-apis\xml-apis\1.4.01\xml-apis-1.4.01.jar;C:\Users\dhiebert\.m2\repository\xml-apis\xml-apis-ext\1.3.04\xml-apis-ext-1.3.04.jar;C:\Users\dhiebert\.m2\repository\org\apache\xmlgraphics\xmlgraphics-commons\2.7\xmlgraphics-commons-2.7.jar;C:\Users\dhiebert\.m2\repository\commons-io\commons-io\1.3.1\commons-io-1.3.1.jar;C:\Users\dhiebert\.m2\repository\org\jgrapht\jgrapht-core\1.5.2\jgrapht-core-1.5.2.jar;C:\Users\dhiebert\.m2\repository\org\jheaps\jheaps\0.14\jheaps-0.14.jar;C:\Users\dhiebert\.m2\repository\org\apfloat\apfloat\1.10.1\apfloat-1.10.1.jar;C:\Users\dhiebert\.m2\repository\javax\annotation\javax.annotation-api\1.3.2\javax.annotation-api-1.3.2.jar;C:\Users\dhiebert\.m2\repository\de\gsi\chart\chartfx-chart\11.2.7\chartfx-chart-11.2.7.jar;C:\Users\dhiebert\.m2\repository\org\kordamp\ikonli\ikonli-javafx\11.5.0\ikonli-javafx-11.5.0.jar;C:\Users\dhiebert\.m2\repository\org\kordamp\ikonli\ikonli-core\11.5.0\ikonli-core-11.5.0.jar;C:\Users\dhiebert\.m2\repository\org\kordamp\ikonli\ikonli-fontawesome-pack\11.5.0\ikonli-fontawesome-pack-11.5.0.jar;C:\Users\dhiebert\.m2\repository\org\kordamp\ikonli\ikonli-fontawesome5-pack\11.5.0\ikonli-fontawesome5-pack-11.5.0.jar;C:\Users\dhiebert\.m2\repository\de\gsi\dataset\chartfx-dataset\11.2.7\chartfx-dataset-11.2.7.jar;C:\Users\dhiebert\.m2\repository\it\unimi\dsi\fastutil\8.3.1\fastutil-8.3.1.jar;C:\Users\dhiebert\.m2\repository\de\gsi\math\chartfx-math\11.2.7\chartfx-math-11.2.7.jar;C:\Users\dhiebert\.m2\repository\com\github\wendykierp\JTransforms\3.1\JTransforms-3.1.jar;C:\Users\dhiebert\.m2\repository\pl\edu\icm\JLargeArrays\1.5\JLargeArrays-1.5.jar;C:\Users\dhiebert\.m2\repository\org\apache\commons\commons-math3\3.6.1\commons-math3-3.6.1.jar;C:\Users\dhiebert\.m2\repository\org\controlsfx\controlsfx\11.0.0\controlsfx-11.0.0.jar;C:\Users\dhiebert\.m2\repository\com\ibm\icu\icu4j\65.1\icu4j-65.1.jar;C:\Users\dhiebert\.m2\repository\ar\com\hjg\pngj\2.1.0\pngj-2.1.0.jar;C:\Users\dhiebert\.m2\repository\org\apache\commons\commons-lang3\3.12.0\commons-lang3-3.12.0.jar;C:\Users\dhiebert\.m2\repository\org\jetbrains\annotations\21.0.1\annotations-21.0.1.jar;C:\Users\dhiebert\.m2\repository\de\saxsys\mvvmfx\1.8.0\mvvmfx-1.8.0.jar;C:\Users\dhiebert\.m2\repository\net\jodah\typetools\0.6.1\typetools-0.6.1.jar;C:\Users\dhiebert\.m2\repository\eu\lestard\doc-annotations\0.2\doc-annotations-0.2.jar;C:\Users\dhiebert\.m2\repository\de\saxsys\mvvmfx-testing-utils\1.8.0\mvvmfx-testing-utils-1.8.0.jar;C:\Users\dhiebert\.m2\repository\junit\junit\4.12\junit-4.12.jar;C:\Users\dhiebert\.m2\repository\org\hamcrest\hamcrest-core\1.3\hamcrest-core-1.3.jar;"/>
    <property name="sun.cpu.endian" value="little"/>
    <property name="user.home" value="C:\Users\dhiebert"/>
    <property name="user.language" value="en"/>
    <property name="testfx.screenshots.dir" value="target/screenshots"/>
    <property name="java.specification.vendor" value="Oracle Corporation"/>
    <property name="java.version.date" value="2025-04-15"/>
    <property name="java.home" value="C:\Program Files\Eclipse Adoptium\jdk-21.0.7.6-hotspot"/>
    <property name="file.separator" value="\"/>
    <property name="basedir" value="C:\Users\dhiebert\Local Repositories\Project Management 2.0"/>
    <property name="glass.platform" value="Monocle"/>
    <property name="java.vm.compressedOopsMode" value="Zero based"/>
    <property name="line.separator" value="&#10;"/>
    <property name="prism.order" value="sw"/>
    <property name="java.vm.specification.vendor" value="Oracle Corporation"/>
    <property name="java.specification.name" value="Java Platform API Specification"/>
    <property name="testfx.robot" value="glass"/>
    <property name="java.awt.headless" value="false"/>
    <property name="surefire.real.class.path" value="C:\Users\dhiebert\AppData\Local\Temp\surefire16989141922371589899\surefirebooter-20250603145719683_3.jar"/>
    <property name="user.script" value=""/>
    <property name="sun.management.compiler" value="HotSpot 64-Bit Tiered Compilers"/>
    <property name="testfx.debug" value="true"/>
    <property name="java.runtime.version" value="21.0.7+6-LTS"/>
    <property name="user.name" value="dhiebert"/>
    <property name="stdout.encoding" value="Cp1252"/>
    <property name="path.separator" value=";"/>
    <property name="os.version" value="10.0"/>
    <property name="java.runtime.name" value="OpenJDK Runtime Environment"/>
    <property name="file.encoding" value="UTF-8"/>
    <property name="mvvmfx.resource.bundle.path" value="org.frcpm.mvvm.views"/>
    <property name="javafx.animation.fullspeed" value="true"/>
    <property name="java.vm.name" value="OpenJDK 64-Bit Server VM"/>
    <property name="java.vendor.version" value="Temurin-21.0.7+6"/>
    <property name="localRepository" value="C:\Users\dhiebert\.m2\repository"/>
    <property name="java.vendor.url.bug" value="https://github.com/adoptium/adoptium-support/issues"/>
    <property name="java.io.tmpdir" value="C:\Users\dhiebert\AppData\Local\Temp\"/>
    <property name="monocle.platform" value="Headless"/>
    <property name="java.version" value="21.0.7"/>
    <property name="user.dir" value="C:\Users\dhiebert\Local Repositories\Project Management 2.0"/>
    <property name="os.arch" value="amd64"/>
    <property name="java.vm.specification.name" value="Java Virtual Machine Specification"/>
    <property name="testfx.headless" value="false"/>
    <property name="sun.os.patch.level" value=""/>
    <property name="native.encoding" value="Cp1252"/>
    <property name="java.library.path" value="C:\Program Files\Eclipse Adoptium\jdk-21.0.7.6-hotspot\bin;C:\WINDOWS\Sun\Java\bin;C:\WINDOWS\system32;C:\WINDOWS;C:\Program Files\Eclipse Adoptium\jdk-21.0.7.6-hotspot\bin;C:\Program Files\apache-maven-3.9.9\bin;C:\Program Files\Eclipse Adoptium\jdk-21.0.7.6-hotspot\bin;C:\Program Files\Eclipse Adoptium\jdk-21.0.7.6-hotspot\bin;C:\Program Files\National Instruments\Shared\OpenVINO\;C:\WINDOWS\system32;C:\WINDOWS;C:\WINDOWS\System32\Wbem;C:\WINDOWS\System32\WindowsPowerShell\v1.0\;C:\WINDOWS\System32\OpenSSH\;C:\Program Files\dotnet\;C:\Program Files (x86)\Windows Live\Shared;C:\Program Files\Git\cmd;C:\Program Files\Common Files\Autodesk Shared\;C:\Program Files\Microsoft SQL Server\150\Tools\Binn\;C:\Program Files\nodejs\;C:\Program Files\apache-maven-3.9.9\bin;%MAVEN_HOME%\bin;C:\Program Files\Eclipse Adoptium\jdk-21.0.7.6-hotspot\bin;C:\Users\dhiebert\AppData\Local\Microsoft\WindowsApps;C:\Users\dhiebert\AppData\Local\GitHubDesktop\bin;C:\Users\dhiebert\AppData\Roaming\npm;C:\Users\dhiebert\AppData\Local\Packages\PythonSoftwareFoundation.Python.3.11_qbz5n2kfra8p0\LocalCache\local-packages\Python311\Scripts;C:\Users\dhiebert\AppData\Local\Packages\PythonSoftwareFoundation.Python.3.11_qbz5n2kfra8p0\LocalCache\local-packages\Python311\site-packages\maven;;c:\Users\Public\wpilib\2025\vscode\data\user-data\User\globalStorage\github.copilot-chat\debugCommand;c:\Users\Public\wpilib\2025\vscode\data\extensions\ms-python.debugpy-2025.4.1-win32-x64\bundled\scripts\noConfigScripts;."/>
    <property name="java.vm.info" value="mixed mode, sharing"/>
    <property name="stderr.encoding" value="Cp1252"/>
    <property name="java.vendor" value="Eclipse Adoptium"/>
    <property name="java.vm.version" value="21.0.7+6-LTS"/>
    <property name="sun.io.unicode.encoding" value="UnicodeLittle"/>
    <property name="java.class.version" value="65.0"/>
    <property name="testfx.setup.timeout" value="5000"/>
  </properties>
  <testcase name="testMvvmfxViewLoading" classname="org.frcpm.mvvm.views.MvvmfxViewLoadingTest" time="2.858">
    <failure message="FX Thread exception: java.io.IOException: Could not load the controller for the View /org/frcpm/mvvm/views/ProjectListMvvmView.fxml maybe your missed the fx:controller in your fxml?" type="org.opentest4j.AssertionFailedError"><![CDATA[org.opentest4j.AssertionFailedError: FX Thread exception: java.io.IOException: Could not load the controller for the View /org/frcpm/mvvm/views/ProjectListMvvmView.fxml maybe your missed the fx:controller in your fxml?
	at org.junit.jupiter.api.AssertionUtils.fail(AssertionUtils.java:38)
	at org.junit.jupiter.api.Assertions.fail(Assertions.java:138)
	at org.frcpm.mvvm.views.MvvmfxViewLoadingTest.testMvvmfxViewLoading(MvvmfxViewLoadingTest.java:99)
	at java.base/java.lang.reflect.Method.invoke(Method.java:580)
	at java.base/java.util.ArrayList.forEach(ArrayList.java:1596)
	at java.base/java.util.ArrayList.forEach(ArrayList.java:1596)
]]></failure>
    <system-out><![CDATA[Setup complete - TestModule: true, MvvmConfig: true
=== MVVMFX VIEW LOADING TEST START ===
Running on FX Thread - attempting FluentViewLoader...
]]></system-out>
    <system-err><![CDATA[Jun 03, 2025 2:57:20 PM org.frcpm.testfx.BaseFxTest loadTestProperties
INFO: TestFX properties loaded, headless mode: false
Jun 03, 2025 2:57:20 PM com.sun.javafx.application.PlatformImpl startup
WARNING: Unsupported JavaFX configuration: classes were loaded from 'unnamed module @372f7a8d'
Jun 03, 2025 2:57:21 PM org.frcpm.di.TestModule initialize
INFO: Initializing TestModule
Jun 03, 2025 2:57:21 PM org.frcpm.di.ServiceLocator clear
INFO: ServiceLocator cleared
Jun 03, 2025 2:57:21 PM org.frcpm.di.TestModule createMockRepositories
INFO: Creating mock repositories
WARNING: A Java agent has been loaded dynamically (C:\Users\dhiebert\.m2\repository\net\bytebuddy\byte-buddy-agent\1.14.11\byte-buddy-agent-1.14.11.jar)
WARNING: If a serviceability tool is in use, please run with -XX:+EnableDynamicAgentLoading to hide this warning
WARNING: If a serviceability tool is not in use, please run with -Djdk.instrument.traceUsage for more information
WARNING: Dynamic loading of agents will be disallowed by default in a future release
Jun 03, 2025 2:57:22 PM org.frcpm.di.TestModule createMockServices
INFO: Creating mock services with async support
Jun 03, 2025 2:57:22 PM org.frcpm.di.TestModule createMockServices
INFO: Creating TestableTaskServiceAsyncImpl...
Jun 03, 2025 2:57:22 PM org.frcpm.di.TestModule createMockServices
INFO: Successfully created TaskService
Jun 03, 2025 2:57:22 PM org.frcpm.di.TestModule createMockServices
INFO: Creating TestableTeamMemberServiceAsyncImpl...
Jun 03, 2025 2:57:22 PM org.frcpm.di.TestModule createMockServices
INFO: Successfully created TeamMemberService
Jun 03, 2025 2:57:22 PM org.frcpm.di.TestModule createMockServices
INFO: Creating TestableComponentServiceAsyncImpl...
Jun 03, 2025 2:57:22 PM org.frcpm.di.TestModule createMockServices
INFO: Successfully created ComponentService
Jun 03, 2025 2:57:22 PM org.frcpm.di.TestModule createMockServices
INFO: Creating TestableMeetingServiceAsyncImpl...
Jun 03, 2025 2:57:22 PM org.frcpm.di.TestModule createMockServices
INFO: Successfully created MeetingService
Jun 03, 2025 2:57:22 PM org.frcpm.di.TestModule createMockServices
INFO: Creating TestableMilestoneServiceAsyncImpl...
Jun 03, 2025 2:57:22 PM org.frcpm.di.TestModule createMockServices
INFO: Successfully created MilestoneService
Jun 03, 2025 2:57:22 PM org.frcpm.di.TestModule createMockServices
INFO: Creating TestableSubsystemServiceAsyncImpl...
Jun 03, 2025 2:57:22 PM org.frcpm.di.TestModule createMockServices
INFO: Successfully created SubsystemService
Jun 03, 2025 2:57:22 PM org.frcpm.di.TestModule createMockServices
INFO: Creating TestableSubteamServiceAsyncImpl...
Jun 03, 2025 2:57:22 PM org.frcpm.di.TestModule createMockServices
INFO: Successfully created SubteamService
Jun 03, 2025 2:57:22 PM org.frcpm.di.TestModule createMockServices
INFO: Creating TestableAttendanceServiceAsyncImpl...
Jun 03, 2025 2:57:22 PM org.frcpm.di.TestModule createMockServices
INFO: Successfully created AttendanceService
Jun 03, 2025 2:57:22 PM org.frcpm.di.TestModule createMockServices
INFO: Creating TestableGanttDataServiceAsyncImpl...
Jun 03, 2025 2:57:22 PM org.frcpm.di.TestModule createMockServices
INFO: Successfully created GanttDataService
Jun 03, 2025 2:57:22 PM org.frcpm.di.TestModule createMockServices
INFO: Creating TestableVisualizationServiceAsyncImpl...
Jun 03, 2025 2:57:22 PM org.frcpm.di.TestModule createMockServices
INFO: Successfully created VisualizationService
Jun 03, 2025 2:57:22 PM org.frcpm.di.TestModule createMockServices
INFO: Creating TestableMetricsCalculationServiceAsyncImpl...
Jun 03, 2025 2:57:22 PM org.frcpm.di.TestModule createMockServices
INFO: Successfully created MetricsCalculationService
Jun 03, 2025 2:57:22 PM org.frcpm.di.TestModule createMockServices
INFO: Creating TestableReportGenerationServiceAsyncImpl...
Jun 03, 2025 2:57:22 PM org.frcpm.di.TestModule createMockServices
INFO: Successfully created ReportGenerationService
Jun 03, 2025 2:57:22 PM org.frcpm.di.TestModule createMockServices
INFO: Creating pure mock services...
Jun 03, 2025 2:57:22 PM org.frcpm.di.TestModule createMockServices
INFO: Successfully created pure mock services
Jun 03, 2025 2:57:22 PM org.frcpm.di.TestModule createMockServices
INFO: Successfully created all mock services
Jun 03, 2025 2:57:22 PM org.frcpm.di.TestModule registerWithServiceLocator
INFO: Registering mocks with ServiceLocator
Jun 03, 2025 2:57:22 PM org.frcpm.di.TestModule configureMvvmFxDependencyInjection
INFO: Configuring MVVMFx dependency injection
Jun 03, 2025 2:57:22 PM org.frcpm.di.TestModule initialize
INFO: TestModule initialization complete
Jun 03, 2025 2:57:22 PM org.frcpm.mvvm.MvvmConfig initialize
INFO: Initializing MVVMFx framework
Jun 03, 2025 2:57:22 PM org.frcpm.di.ServiceLocator initialize
INFO: Initializing ServiceLocator
Jun 03, 2025 2:57:22 PM org.frcpm.di.ServiceLocator registerRepositories
INFO: Registering repositories...
Jun 03, 2025 2:57:22 PM org.frcpm.di.ServiceLocator registerServices
INFO: Registering services...
Jun 03, 2025 2:57:22 PM org.frcpm.di.ServiceLocator injectRepositories
INFO: Injecting repositories into services...
Jun 03, 2025 2:57:22 PM org.frcpm.di.ServiceLocator injectRepository
WARNING: Field not found: projectRepository in ProjectServiceImpl
Jun 03, 2025 2:57:22 PM org.frcpm.di.ServiceLocator injectRepository
WARNING: Field not found: taskRepository in TaskServiceImpl
Jun 03, 2025 2:57:22 PM org.frcpm.di.ServiceLocator injectRepository
WARNING: Field not found: projectRepository in TaskServiceImpl
Jun 03, 2025 2:57:22 PM org.frcpm.di.ServiceLocator injectRepository
WARNING: Field not found: teamMemberRepository in TeamMemberServiceImpl
Jun 03, 2025 2:57:22 PM org.frcpm.di.ServiceLocator injectRepository
WARNING: Field not found: subteamRepository in SubteamServiceImpl
Jun 03, 2025 2:57:22 PM org.frcpm.di.ServiceLocator injectRepository
WARNING: Field not found: subsystemRepository in SubsystemServiceImpl
Jun 03, 2025 2:57:22 PM org.frcpm.di.ServiceLocator injectRepository
WARNING: Field not found: componentRepository in ComponentServiceImpl
Jun 03, 2025 2:57:22 PM org.frcpm.di.ServiceLocator injectRepository
WARNING: Field not found: meetingRepository in MeetingServiceImpl
Jun 03, 2025 2:57:22 PM org.frcpm.di.ServiceLocator injectRepository
WARNING: Field not found: attendanceRepository in AttendanceServiceImpl
Jun 03, 2025 2:57:22 PM org.frcpm.di.ServiceLocator injectRepository
WARNING: Field not found: milestoneRepository in MilestoneServiceImpl
Jun 03, 2025 2:57:22 PM org.frcpm.di.ServiceLocator initialize
INFO: ServiceLocator initialization complete
Jun 03, 2025 2:57:22 PM org.frcpm.mvvm.MvvmConfig initialize
INFO: Set global resource bundle: java.util.PropertyResourceBundle@3b95d13c
Jun 03, 2025 2:57:22 PM org.frcpm.mvvm.MvvmConfig initialize
INFO: Set mvvmfx.resource.bundle.path to: org.frcpm.mvvm.views
Jun 03, 2025 2:57:22 PM org.frcpm.mvvm.MvvmConfig setupNotifications
INFO: Setting up global notification system
Jun 03, 2025 2:57:22 PM org.frcpm.mvvm.MvvmConfig initialize
INFO: MVVMFx framework initialized successfully
Exception in FX Thread: java.io.IOException: Could not load the controller for the View /org/frcpm/mvvm/views/ProjectListMvvmView.fxml maybe your missed the fx:controller in your fxml?
java.lang.RuntimeException: java.io.IOException: Could not load the controller for the View /org/frcpm/mvvm/views/ProjectListMvvmView.fxml maybe your missed the fx:controller in your fxml?
	at de.saxsys.mvvmfx.internal.viewloader.FxmlViewLoader.loadFxmlViewTuple(FxmlViewLoader.java:273)
	at de.saxsys.mvvmfx.internal.viewloader.FxmlViewLoader.loadFxmlViewTuple(FxmlViewLoader.java:82)
	at de.saxsys.mvvmfx.FluentViewLoader$FxmlViewStep.load(FluentViewLoader.java:333)
	at org.frcpm.mvvm.views.MvvmfxViewLoadingTest.lambda$testMvvmfxViewLoading$0(MvvmfxViewLoadingTest.java:54)
	at com.sun.javafx.application.PlatformImpl.lambda$runLater$10(PlatformImpl.java:456)
	at java.base/java.security.AccessController.doPrivileged(AccessController.java:400)
	at com.sun.javafx.application.PlatformImpl.lambda$runLater$11(PlatformImpl.java:455)
	at com.sun.glass.ui.monocle.RunnableProcessor.runLoop(RunnableProcessor.java:92)
	at com.sun.glass.ui.monocle.RunnableProcessor.run(RunnableProcessor.java:51)
	at java.base/java.lang.Thread.run(Thread.java:1583)
Caused by: java.io.IOException: Could not load the controller for the View /org/frcpm/mvvm/views/ProjectListMvvmView.fxml maybe your missed the fx:controller in your fxml?
	at de.saxsys.mvvmfx.internal.viewloader.FxmlViewLoader.loadFxmlViewTuple(FxmlViewLoader.java:224)
	... 9 more
FX Thread threw exception: java.io.IOException: Could not load the controller for the View /org/frcpm/mvvm/views/ProjectListMvvmView.fxml maybe your missed the fx:controller in your fxml?
Jun 03, 2025 2:57:23 PM org.frcpm.mvvm.MvvmConfig shutdown
INFO: Shutting down MVVMFx framework
Jun 03, 2025 2:57:23 PM org.frcpm.di.ServiceLocator shutdown
INFO: Shutting down ServiceLocator
Jun 03, 2025 2:57:23 PM org.frcpm.di.ServiceLocator clear
INFO: ServiceLocator cleared
Jun 03, 2025 2:57:23 PM org.frcpm.mvvm.MvvmConfig shutdown
INFO: MVVMFx framework shut down successfully
Jun 03, 2025 2:57:23 PM org.frcpm.di.ServiceLocator clear
INFO: ServiceLocator cleared
Jun 03, 2025 2:57:23 PM org.frcpm.testfx.BaseFxTest cleanUp
INFO: TestFX cleanup completed
]]></system-err>
  </testcase>
</testsuite>