<?xml version="1.0" encoding="UTF-8"?>
<testsuite xmlns:xsi="http://www.w3.org/2001/XMLSchema-instance" xsi:noNamespaceSchemaLocation="https://maven.apache.org/surefire/maven-surefire-plugin/xsd/surefire-test-report-3.0.xsd" version="3.0" name="org.frcpm.controllers.TeamControllerTest" time="2.096" tests="19" errors="0" skipped="0" failures="0">
  <properties>
    <property name="java.specification.version" value="21"/>
    <property name="javafx.runtime.version" value="21.0.2+5"/>
    <property name="sun.cpu.isalist" value="amd64"/>
    <property name="sun.jnu.encoding" value="Cp1252"/>
    <property name="java.class.path" value="C:\Users\dhiebert\Local Repositories\Project Management 2.0\target\test-classes;C:\Users\dhiebert\Local Repositories\Project Management 2.0\target\classes;C:\Users\dhiebert\.m2\repository\org\openjfx\javafx-controls\21.0.2\javafx-controls-21.0.2.jar;C:\Users\dhiebert\.m2\repository\org\openjfx\javafx-controls\21.0.2\javafx-controls-21.0.2-win.jar;C:\Users\dhiebert\.m2\repository\org\openjfx\javafx-fxml\21.0.2\javafx-fxml-21.0.2.jar;C:\Users\dhiebert\.m2\repository\org\openjfx\javafx-fxml\21.0.2\javafx-fxml-21.0.2-win.jar;C:\Users\dhiebert\.m2\repository\org\openjfx\javafx-graphics\21.0.2\javafx-graphics-21.0.2.jar;C:\Users\dhiebert\.m2\repository\org\openjfx\javafx-graphics\21.0.2\javafx-graphics-21.0.2-win.jar;C:\Users\dhiebert\.m2\repository\org\openjfx\javafx-base\21.0.2\javafx-base-21.0.2.jar;C:\Users\dhiebert\.m2\repository\org\openjfx\javafx-base\21.0.2\javafx-base-21.0.2-win.jar;C:\Users\dhiebert\.m2\repository\com\h2database\h2\2.2.224\h2-2.2.224.jar;C:\Users\dhiebert\.m2\repository\com\zaxxer\HikariCP\5.1.0\HikariCP-5.1.0.jar;C:\Users\dhiebert\.m2\repository\org\slf4j\slf4j-api\1.7.36\slf4j-api-1.7.36.jar;C:\Users\dhiebert\.m2\repository\org\hibernate\orm\hibernate-core\6.5.0.Final\hibernate-core-6.5.0.Final.jar;C:\Users\dhiebert\.m2\repository\jakarta\persistence\jakarta.persistence-api\3.1.0\jakarta.persistence-api-3.1.0.jar;C:\Users\dhiebert\.m2\repository\jakarta\transaction\jakarta.transaction-api\2.0.1\jakarta.transaction-api-2.0.1.jar;C:\Users\dhiebert\.m2\repository\org\jboss\logging\jboss-logging\3.5.0.Final\jboss-logging-3.5.0.Final.jar;C:\Users\dhiebert\.m2\repository\org\hibernate\common\hibernate-commons-annotations\6.0.6.Final\hibernate-commons-annotations-6.0.6.Final.jar;C:\Users\dhiebert\.m2\repository\io\smallrye\jandex\3.1.2\jandex-3.1.2.jar;C:\Users\dhiebert\.m2\repository\com\fasterxml\classmate\1.5.1\classmate-1.5.1.jar;C:\Users\dhiebert\.m2\repository\net\bytebuddy\byte-buddy\1.14.12\byte-buddy-1.14.12.jar;C:\Users\dhiebert\.m2\repository\jakarta\xml\bind\jakarta.xml.bind-api\4.0.0\jakarta.xml.bind-api-4.0.0.jar;C:\Users\dhiebert\.m2\repository\jakarta\activation\jakarta.activation-api\2.1.0\jakarta.activation-api-2.1.0.jar;C:\Users\dhiebert\.m2\repository\org\glassfish\jaxb\jaxb-runtime\4.0.2\jaxb-runtime-4.0.2.jar;C:\Users\dhiebert\.m2\repository\org\glassfish\jaxb\jaxb-core\4.0.2\jaxb-core-4.0.2.jar;C:\Users\dhiebert\.m2\repository\org\eclipse\angus\angus-activation\2.0.0\angus-activation-2.0.0.jar;C:\Users\dhiebert\.m2\repository\org\glassfish\jaxb\txw2\4.0.2\txw2-4.0.2.jar;C:\Users\dhiebert\.m2\repository\com\sun\istack\istack-commons-runtime\4.1.1\istack-commons-runtime-4.1.1.jar;C:\Users\dhiebert\.m2\repository\jakarta\inject\jakarta.inject-api\2.0.1\jakarta.inject-api-2.0.1.jar;C:\Users\dhiebert\.m2\repository\org\antlr\antlr4-runtime\4.13.0\antlr4-runtime-4.13.0.jar;C:\Users\dhiebert\.m2\repository\org\hibernate\validator\hibernate-validator\8.0.1.Final\hibernate-validator-8.0.1.Final.jar;C:\Users\dhiebert\.m2\repository\jakarta\validation\jakarta.validation-api\3.0.2\jakarta.validation-api-3.0.2.jar;C:\Users\dhiebert\.m2\repository\org\junit\jupiter\junit-jupiter-api\5.10.2\junit-jupiter-api-5.10.2.jar;C:\Users\dhiebert\.m2\repository\org\opentest4j\opentest4j\1.3.0\opentest4j-1.3.0.jar;C:\Users\dhiebert\.m2\repository\org\junit\platform\junit-platform-commons\1.10.2\junit-platform-commons-1.10.2.jar;C:\Users\dhiebert\.m2\repository\org\apiguardian\apiguardian-api\1.1.2\apiguardian-api-1.1.2.jar;C:\Users\dhiebert\.m2\repository\org\junit\jupiter\junit-jupiter-engine\5.10.2\junit-jupiter-engine-5.10.2.jar;C:\Users\dhiebert\.m2\repository\org\junit\platform\junit-platform-engine\1.10.2\junit-platform-engine-1.10.2.jar;C:\Users\dhiebert\.m2\repository\org\mockito\mockito-junit-jupiter\5.10.0\mockito-junit-jupiter-5.10.0.jar;C:\Users\dhiebert\.m2\repository\org\mockito\mockito-core\5.10.0\mockito-core-5.10.0.jar;C:\Users\dhiebert\.m2\repository\net\bytebuddy\byte-buddy-agent\1.14.11\byte-buddy-agent-1.14.11.jar;C:\Users\dhiebert\.m2\repository\org\objenesis\objenesis\3.3\objenesis-3.3.jar;C:\Users\dhiebert\.m2\repository\org\hibernate\orm\hibernate-hikaricp\6.5.0.Final\hibernate-hikaricp-6.5.0.Final.jar;C:\Users\dhiebert\.m2\repository\ch\qos\logback\logback-classic\1.2.11\logback-classic-1.2.11.jar;C:\Users\dhiebert\.m2\repository\ch\qos\logback\logback-core\1.2.11\logback-core-1.2.11.jar;C:\Users\dhiebert\.m2\repository\org\testfx\testfx-core\4.0.18\testfx-core-4.0.18.jar;C:\Users\dhiebert\.m2\repository\org\hamcrest\hamcrest\2.1\hamcrest-2.1.jar;C:\Users\dhiebert\.m2\repository\org\assertj\assertj-core\3.13.2\assertj-core-3.13.2.jar;C:\Users\dhiebert\.m2\repository\org\osgi\org.osgi.core\6.0.0\org.osgi.core-6.0.0.jar;C:\Users\dhiebert\.m2\repository\org\testfx\testfx-junit5\4.0.18\testfx-junit5-4.0.18.jar;C:\Users\dhiebert\.m2\repository\org\openjfx\javafx-web\17.0.2\javafx-web-17.0.2.jar;C:\Users\dhiebert\.m2\repository\org\openjfx\javafx-web\17.0.2\javafx-web-17.0.2-win.jar;C:\Users\dhiebert\.m2\repository\org\openjfx\javafx-media\17.0.2\javafx-media-17.0.2.jar;C:\Users\dhiebert\.m2\repository\org\openjfx\javafx-media\17.0.2\javafx-media-17.0.2-win.jar;C:\Users\dhiebert\.m2\repository\org\apache\pdfbox\pdfbox\2.0.27\pdfbox-2.0.27.jar;C:\Users\dhiebert\.m2\repository\org\apache\pdfbox\fontbox\2.0.27\fontbox-2.0.27.jar;C:\Users\dhiebert\.m2\repository\commons-logging\commons-logging\1.2\commons-logging-1.2.jar;C:\Users\dhiebert\.m2\repository\com\fasterxml\jackson\core\jackson-databind\2.15.0\jackson-databind-2.15.0.jar;C:\Users\dhiebert\.m2\repository\com\fasterxml\jackson\core\jackson-annotations\2.15.0\jackson-annotations-2.15.0.jar;C:\Users\dhiebert\.m2\repository\com\fasterxml\jackson\core\jackson-core\2.15.0\jackson-core-2.15.0.jar;C:\Users\dhiebert\.m2\repository\org\apache\xmlgraphics\batik-all\1.16\batik-all-1.16.jar;C:\Users\dhiebert\.m2\repository\xml-apis\xml-apis\1.4.01\xml-apis-1.4.01.jar;C:\Users\dhiebert\.m2\repository\xml-apis\xml-apis-ext\1.3.04\xml-apis-ext-1.3.04.jar;C:\Users\dhiebert\.m2\repository\org\apache\xmlgraphics\xmlgraphics-commons\2.7\xmlgraphics-commons-2.7.jar;C:\Users\dhiebert\.m2\repository\commons-io\commons-io\1.3.1\commons-io-1.3.1.jar;C:\Users\dhiebert\.m2\repository\org\jgrapht\jgrapht-core\1.5.2\jgrapht-core-1.5.2.jar;C:\Users\dhiebert\.m2\repository\org\jheaps\jheaps\0.14\jheaps-0.14.jar;C:\Users\dhiebert\.m2\repository\org\apfloat\apfloat\1.10.1\apfloat-1.10.1.jar;"/>
    <property name="java.vm.vendor" value="Eclipse Adoptium"/>
    <property name="sun.arch.data.model" value="64"/>
    <property name="user.variant" value=""/>
    <property name="java.vendor.url" value="https://adoptium.net/"/>
    <property name="user.timezone" value="America/Chicago"/>
    <property name="os.name" value="Windows 11"/>
    <property name="java.vm.specification.version" value="21"/>
    <property name="javafx.version" value="21.0.2"/>
    <property name="sun.java.launcher" value="SUN_STANDARD"/>
    <property name="user.country" value="US"/>
    <property name="sun.boot.library.path" value="C:\Program Files\Eclipse Adoptium\jdk-21.0.6.7-hotspot\bin"/>
    <property name="sun.java.command" value="C:\Users\dhiebert\AppData\Local\Temp\surefire9513985487531586668\surefirebooter-20250425102356946_3.jar C:\Users\dhiebert\AppData\Local\Temp\surefire9513985487531586668 2025-04-25T10-23-56_800-jvmRun1 surefire-20250425102356946_1tmp surefire_0-20250425102356946_2tmp"/>
    <property name="jdk.debug" value="release"/>
    <property name="surefire.test.class.path" value="C:\Users\dhiebert\Local Repositories\Project Management 2.0\target\test-classes;C:\Users\dhiebert\Local Repositories\Project Management 2.0\target\classes;C:\Users\dhiebert\.m2\repository\org\openjfx\javafx-controls\21.0.2\javafx-controls-21.0.2.jar;C:\Users\dhiebert\.m2\repository\org\openjfx\javafx-controls\21.0.2\javafx-controls-21.0.2-win.jar;C:\Users\dhiebert\.m2\repository\org\openjfx\javafx-fxml\21.0.2\javafx-fxml-21.0.2.jar;C:\Users\dhiebert\.m2\repository\org\openjfx\javafx-fxml\21.0.2\javafx-fxml-21.0.2-win.jar;C:\Users\dhiebert\.m2\repository\org\openjfx\javafx-graphics\21.0.2\javafx-graphics-21.0.2.jar;C:\Users\dhiebert\.m2\repository\org\openjfx\javafx-graphics\21.0.2\javafx-graphics-21.0.2-win.jar;C:\Users\dhiebert\.m2\repository\org\openjfx\javafx-base\21.0.2\javafx-base-21.0.2.jar;C:\Users\dhiebert\.m2\repository\org\openjfx\javafx-base\21.0.2\javafx-base-21.0.2-win.jar;C:\Users\dhiebert\.m2\repository\com\h2database\h2\2.2.224\h2-2.2.224.jar;C:\Users\dhiebert\.m2\repository\com\zaxxer\HikariCP\5.1.0\HikariCP-5.1.0.jar;C:\Users\dhiebert\.m2\repository\org\slf4j\slf4j-api\1.7.36\slf4j-api-1.7.36.jar;C:\Users\dhiebert\.m2\repository\org\hibernate\orm\hibernate-core\6.5.0.Final\hibernate-core-6.5.0.Final.jar;C:\Users\dhiebert\.m2\repository\jakarta\persistence\jakarta.persistence-api\3.1.0\jakarta.persistence-api-3.1.0.jar;C:\Users\dhiebert\.m2\repository\jakarta\transaction\jakarta.transaction-api\2.0.1\jakarta.transaction-api-2.0.1.jar;C:\Users\dhiebert\.m2\repository\org\jboss\logging\jboss-logging\3.5.0.Final\jboss-logging-3.5.0.Final.jar;C:\Users\dhiebert\.m2\repository\org\hibernate\common\hibernate-commons-annotations\6.0.6.Final\hibernate-commons-annotations-6.0.6.Final.jar;C:\Users\dhiebert\.m2\repository\io\smallrye\jandex\3.1.2\jandex-3.1.2.jar;C:\Users\dhiebert\.m2\repository\com\fasterxml\classmate\1.5.1\classmate-1.5.1.jar;C:\Users\dhiebert\.m2\repository\net\bytebuddy\byte-buddy\1.14.12\byte-buddy-1.14.12.jar;C:\Users\dhiebert\.m2\repository\jakarta\xml\bind\jakarta.xml.bind-api\4.0.0\jakarta.xml.bind-api-4.0.0.jar;C:\Users\dhiebert\.m2\repository\jakarta\activation\jakarta.activation-api\2.1.0\jakarta.activation-api-2.1.0.jar;C:\Users\dhiebert\.m2\repository\org\glassfish\jaxb\jaxb-runtime\4.0.2\jaxb-runtime-4.0.2.jar;C:\Users\dhiebert\.m2\repository\org\glassfish\jaxb\jaxb-core\4.0.2\jaxb-core-4.0.2.jar;C:\Users\dhiebert\.m2\repository\org\eclipse\angus\angus-activation\2.0.0\angus-activation-2.0.0.jar;C:\Users\dhiebert\.m2\repository\org\glassfish\jaxb\txw2\4.0.2\txw2-4.0.2.jar;C:\Users\dhiebert\.m2\repository\com\sun\istack\istack-commons-runtime\4.1.1\istack-commons-runtime-4.1.1.jar;C:\Users\dhiebert\.m2\repository\jakarta\inject\jakarta.inject-api\2.0.1\jakarta.inject-api-2.0.1.jar;C:\Users\dhiebert\.m2\repository\org\antlr\antlr4-runtime\4.13.0\antlr4-runtime-4.13.0.jar;C:\Users\dhiebert\.m2\repository\org\hibernate\validator\hibernate-validator\8.0.1.Final\hibernate-validator-8.0.1.Final.jar;C:\Users\dhiebert\.m2\repository\jakarta\validation\jakarta.validation-api\3.0.2\jakarta.validation-api-3.0.2.jar;C:\Users\dhiebert\.m2\repository\org\junit\jupiter\junit-jupiter-api\5.10.2\junit-jupiter-api-5.10.2.jar;C:\Users\dhiebert\.m2\repository\org\opentest4j\opentest4j\1.3.0\opentest4j-1.3.0.jar;C:\Users\dhiebert\.m2\repository\org\junit\platform\junit-platform-commons\1.10.2\junit-platform-commons-1.10.2.jar;C:\Users\dhiebert\.m2\repository\org\apiguardian\apiguardian-api\1.1.2\apiguardian-api-1.1.2.jar;C:\Users\dhiebert\.m2\repository\org\junit\jupiter\junit-jupiter-engine\5.10.2\junit-jupiter-engine-5.10.2.jar;C:\Users\dhiebert\.m2\repository\org\junit\platform\junit-platform-engine\1.10.2\junit-platform-engine-1.10.2.jar;C:\Users\dhiebert\.m2\repository\org\mockito\mockito-junit-jupiter\5.10.0\mockito-junit-jupiter-5.10.0.jar;C:\Users\dhiebert\.m2\repository\org\mockito\mockito-core\5.10.0\mockito-core-5.10.0.jar;C:\Users\dhiebert\.m2\repository\net\bytebuddy\byte-buddy-agent\1.14.11\byte-buddy-agent-1.14.11.jar;C:\Users\dhiebert\.m2\repository\org\objenesis\objenesis\3.3\objenesis-3.3.jar;C:\Users\dhiebert\.m2\repository\org\hibernate\orm\hibernate-hikaricp\6.5.0.Final\hibernate-hikaricp-6.5.0.Final.jar;C:\Users\dhiebert\.m2\repository\ch\qos\logback\logback-classic\1.2.11\logback-classic-1.2.11.jar;C:\Users\dhiebert\.m2\repository\ch\qos\logback\logback-core\1.2.11\logback-core-1.2.11.jar;C:\Users\dhiebert\.m2\repository\org\testfx\testfx-core\4.0.18\testfx-core-4.0.18.jar;C:\Users\dhiebert\.m2\repository\org\hamcrest\hamcrest\2.1\hamcrest-2.1.jar;C:\Users\dhiebert\.m2\repository\org\assertj\assertj-core\3.13.2\assertj-core-3.13.2.jar;C:\Users\dhiebert\.m2\repository\org\osgi\org.osgi.core\6.0.0\org.osgi.core-6.0.0.jar;C:\Users\dhiebert\.m2\repository\org\testfx\testfx-junit5\4.0.18\testfx-junit5-4.0.18.jar;C:\Users\dhiebert\.m2\repository\org\openjfx\javafx-web\17.0.2\javafx-web-17.0.2.jar;C:\Users\dhiebert\.m2\repository\org\openjfx\javafx-web\17.0.2\javafx-web-17.0.2-win.jar;C:\Users\dhiebert\.m2\repository\org\openjfx\javafx-media\17.0.2\javafx-media-17.0.2.jar;C:\Users\dhiebert\.m2\repository\org\openjfx\javafx-media\17.0.2\javafx-media-17.0.2-win.jar;C:\Users\dhiebert\.m2\repository\org\apache\pdfbox\pdfbox\2.0.27\pdfbox-2.0.27.jar;C:\Users\dhiebert\.m2\repository\org\apache\pdfbox\fontbox\2.0.27\fontbox-2.0.27.jar;C:\Users\dhiebert\.m2\repository\commons-logging\commons-logging\1.2\commons-logging-1.2.jar;C:\Users\dhiebert\.m2\repository\com\fasterxml\jackson\core\jackson-databind\2.15.0\jackson-databind-2.15.0.jar;C:\Users\dhiebert\.m2\repository\com\fasterxml\jackson\core\jackson-annotations\2.15.0\jackson-annotations-2.15.0.jar;C:\Users\dhiebert\.m2\repository\com\fasterxml\jackson\core\jackson-core\2.15.0\jackson-core-2.15.0.jar;C:\Users\dhiebert\.m2\repository\org\apache\xmlgraphics\batik-all\1.16\batik-all-1.16.jar;C:\Users\dhiebert\.m2\repository\xml-apis\xml-apis\1.4.01\xml-apis-1.4.01.jar;C:\Users\dhiebert\.m2\repository\xml-apis\xml-apis-ext\1.3.04\xml-apis-ext-1.3.04.jar;C:\Users\dhiebert\.m2\repository\org\apache\xmlgraphics\xmlgraphics-commons\2.7\xmlgraphics-commons-2.7.jar;C:\Users\dhiebert\.m2\repository\commons-io\commons-io\1.3.1\commons-io-1.3.1.jar;C:\Users\dhiebert\.m2\repository\org\jgrapht\jgrapht-core\1.5.2\jgrapht-core-1.5.2.jar;C:\Users\dhiebert\.m2\repository\org\jheaps\jheaps\0.14\jheaps-0.14.jar;C:\Users\dhiebert\.m2\repository\org\apfloat\apfloat\1.10.1\apfloat-1.10.1.jar;"/>
    <property name="sun.cpu.endian" value="little"/>
    <property name="user.home" value="C:\Users\dhiebert"/>
    <property name="user.language" value="en"/>
    <property name="java.specification.vendor" value="Oracle Corporation"/>
    <property name="java.version.date" value="2025-01-21"/>
    <property name="java.home" value="C:\Program Files\Eclipse Adoptium\jdk-21.0.6.7-hotspot"/>
    <property name="file.separator" value="\"/>
    <property name="basedir" value="C:\Users\dhiebert\Local Repositories\Project Management 2.0"/>
    <property name="java.vm.compressedOopsMode" value="Zero based"/>
    <property name="line.separator" value="&#10;"/>
    <property name="java.vm.specification.vendor" value="Oracle Corporation"/>
    <property name="java.specification.name" value="Java Platform API Specification"/>
    <property name="surefire.real.class.path" value="C:\Users\dhiebert\AppData\Local\Temp\surefire9513985487531586668\surefirebooter-20250425102356946_3.jar"/>
    <property name="user.script" value=""/>
    <property name="sun.management.compiler" value="HotSpot 64-Bit Tiered Compilers"/>
    <property name="java.runtime.version" value="21.0.6+7-LTS"/>
    <property name="user.name" value="dhiebert"/>
    <property name="stdout.encoding" value="Cp1252"/>
    <property name="path.separator" value=";"/>
    <property name="os.version" value="10.0"/>
    <property name="java.runtime.name" value="OpenJDK Runtime Environment"/>
    <property name="file.encoding" value="UTF-8"/>
    <property name="java.vm.name" value="OpenJDK 64-Bit Server VM"/>
    <property name="java.vendor.version" value="Temurin-21.0.6+7"/>
    <property name="localRepository" value="C:\Users\dhiebert\.m2\repository"/>
    <property name="java.vendor.url.bug" value="https://github.com/adoptium/adoptium-support/issues"/>
    <property name="java.io.tmpdir" value="C:\Users\dhiebert\AppData\Local\Temp\"/>
    <property name="java.version" value="21.0.6"/>
    <property name="user.dir" value="C:\Users\dhiebert\Local Repositories\Project Management 2.0"/>
    <property name="os.arch" value="amd64"/>
    <property name="java.vm.specification.name" value="Java Virtual Machine Specification"/>
    <property name="sun.os.patch.level" value=""/>
    <property name="native.encoding" value="Cp1252"/>
    <property name="java.library.path" value="C:\Program Files\Eclipse Adoptium\jdk-21.0.6.7-hotspot\bin;C:\WINDOWS\Sun\Java\bin;C:\WINDOWS\system32;C:\WINDOWS;C:\Program Files\apache-maven-3.9.9\bin;C:\Program Files\Eclipse Adoptium\jdk-21.0.6.7-hotspot\bin;C:\Program Files\National Instruments\Shared\OpenVINO\;C:\Program Files\Common Files\Oracle\Java\javapath;C:\WINDOWS\system32;C:\WINDOWS;C:\WINDOWS\System32\Wbem;C:\WINDOWS\System32\WindowsPowerShell\v1.0\;C:\WINDOWS\System32\OpenSSH\;C:\Program Files\dotnet\;C:\Program Files (x86)\Windows Live\Shared;C:\Program Files\Git\cmd;C:\Program Files\Common Files\Autodesk Shared\;C:\Program Files\Microsoft SQL Server\150\Tools\Binn\;C:\Program Files\nodejs\;C:\Program Files\Eclipse Adoptium\jdk-21.0.6.7-hotspot\bin;C:\Program Files\apache-maven-3.9.9\bin;%MAVEN_HOME%\bin;C:\Users\dhiebert\AppData\Local\Microsoft\WindowsApps;C:\Users\dhiebert\AppData\Local\GitHubDesktop\bin;C:\Users\dhiebert\AppData\Roaming\npm;C:\Users\dhiebert\AppData\Local\Packages\PythonSoftwareFoundation.Python.3.11_qbz5n2kfra8p0\LocalCache\local-packages\Python311\Scripts;C:\Users\dhiebert\AppData\Local\Packages\PythonSoftwareFoundation.Python.3.11_qbz5n2kfra8p0\LocalCache\local-packages\Python311\site-packages\maven;;c:\Users\Public\wpilib\2025\vscode\data\user-data\User\globalStorage\github.copilot-chat\debugCommand;c:\Users\Public\wpilib\2025\vscode\data\extensions\ms-python.debugpy-2025.4.1-win32-x64\bundled\scripts\noConfigScripts;."/>
    <property name="java.vm.info" value="mixed mode, sharing"/>
    <property name="stderr.encoding" value="Cp1252"/>
    <property name="java.vendor" value="Eclipse Adoptium"/>
    <property name="java.vm.version" value="21.0.6+7-LTS"/>
    <property name="sun.io.unicode.encoding" value="UnicodeLittle"/>
    <property name="java.class.version" value="65.0"/>
  </properties>
  <testcase name="testHandleEditMember" classname="org.frcpm.controllers.TeamControllerTest" time="0.333">
    <system-out><![CDATA[10:24:09.893 [main] DEBUG org.hibernate.orm.sql.ast.create - Created new SQL alias : tm1_0
10:24:09.894 [main] DEBUG org.hibernate.orm.sql.ast.create - Registration of TableGroup [StandardTableGroup(org.frcpm.models.TeamMember(959666179587400))] with identifierForTableGroup [org.frcpm.models.TeamMember] for NavigablePath [org.frcpm.models.TeamMember] 
10:24:09.894 [main] DEBUG org.hibernate.orm.sql.ast.create - Registration of TableGroup [org.hibernate.sql.ast.tree.from.LazyTableGroup@e006447] with identifierForTableGroup [org.frcpm.models.TeamMember.subteam] for NavigablePath [org.frcpm.models.TeamMember.subteam] 
10:24:09.894 [main] DEBUG org.hibernate.orm.results.graph.AST - DomainResult Graph:
 \-EntityResultImpl [org.frcpm.models.TeamMember(959666179587400)]
 |  +-DelayedCollectionFetch [org.frcpm.models.TeamMember(959666179587400).assignedTasks]
 |  +-DelayedCollectionFetch [org.frcpm.models.TeamMember(959666179587400).attendances]
 |  +-BasicFetch [org.frcpm.models.TeamMember(959666179587400).email]
 |  +-BasicFetch [org.frcpm.models.TeamMember(959666179587400).firstName]
 |  +-BasicFetch [org.frcpm.models.TeamMember(959666179587400).lastName]
 |  +-BasicFetch [org.frcpm.models.TeamMember(959666179587400).leader]
 |  +-BasicFetch [org.frcpm.models.TeamMember(959666179587400).phone]
 |  +-BasicFetch [org.frcpm.models.TeamMember(959666179587400).skills]
 |  +-CircularFetchImpl [org.frcpm.models.TeamMember(959666179587400).subteam]
 |  \-BasicFetch [org.frcpm.models.TeamMember(959666179587400).username]

10:24:09.895 [main] DEBUG org.hibernate.orm.sql.ast.tree - SQL AST Tree:
    SelectStatement {
      FromClause {
        StandardTableGroup (tm1 : org.frcpm.models.TeamMember(959666179587400)) {
          primaryTableReference : team_members as tm1_0
          TableGroupJoins {
            left  join LazyTableGroup (s1 : org.frcpm.models.TeamMember(959666179587400).subteam) {
            }
          }
        }
      }
    }

10:24:09.895 [main] DEBUG org.hibernate.orm.sql.exec - Skipping reading Query result cache data: cache-enabled = false, cache-mode = NORMAL
10:24:09.895 [main] DEBUG org.hibernate.orm.results - Initializer list:
	  org.frcpm.models.TeamMember(959666179587400).subteam -> EntityDelayedFetchInitializer(org.frcpm.models.TeamMember(959666179587400).subteam)@1502013531 (ToOneAttributeMapping(NavigableRole[org.frcpm.models.TeamMember.subteam])@1143917207)
	  org.frcpm.models.TeamMember(959666179587400).attendances -> DelayedCollectionInitializer(org.frcpm.models.TeamMember(959666179587400).attendances)@652574670 (PluralAttribute(org.frcpm.models.TeamMember.attendances))
	  org.frcpm.models.TeamMember(959666179587400).assignedTasks -> DelayedCollectionInitializer(org.frcpm.models.TeamMember(959666179587400).assignedTasks)@726275337 (PluralAttribute(org.frcpm.models.TeamMember.assignedTasks))
	  org.frcpm.models.TeamMember(959666179587400) -> EntityResultInitializer(org.frcpm.models.TeamMember(959666179587400))@1163977739 (SingleTableEntityPersister(org.frcpm.models.TeamMember))

10:24:09.895 [main] DEBUG org.hibernate.SQL - select tm1_0.id,tm1_0.email,tm1_0.first_name,tm1_0.last_name,tm1_0.is_leader,tm1_0.phone,tm1_0.skills,tm1_0.subteam_id,tm1_0.username from team_members tm1_0
10:24:09.896 [main] DEBUG org.hibernate.orm.results - Extracted JDBC value [0] - [1]
10:24:09.896 [main] DEBUG org.hibernate.orm.results.loading.entity - (EntityResultInitializer) Hydrated EntityKey (org.frcpm.models.TeamMember(959666179587400)): 1
10:24:09.896 [main] DEBUG org.hibernate.orm.results.loading.org.hibernate.orm.results.loading.collection - (DelayedCollectionInitializer) Current row collection key : org.frcpm.models.TeamMember(959666179587400).assignedTasks#1
10:24:09.896 [main] DEBUG org.hibernate.orm.results.loading.org.hibernate.orm.results.loading.collection - (DelayedCollectionInitializer) Current row collection key : org.frcpm.models.TeamMember(959666179587400).attendances#1
10:24:09.896 [main] DEBUG org.hibernate.orm.results.loading.entity - (EntityResultInitializer) Created new entity instance [org.frcpm.models.TeamMember(959666179587400)#1] : 27741797
10:24:09.901 [main] DEBUG org.hibernate.orm.results - Extracted JDBC value [7] - [3]
10:24:09.902 [main] DEBUG org.hibernate.orm.results - Extracted JDBC value [1] - [jsmith@example.com]
10:24:09.902 [main] DEBUG org.hibernate.orm.results - Extracted JDBC value [2] - [John]
10:24:09.902 [main] DEBUG org.hibernate.orm.results - Extracted JDBC value [3] - [Smith]
10:24:09.902 [main] DEBUG org.hibernate.orm.results - Extracted JDBC value [4] - [true]
10:24:09.902 [main] DEBUG org.hibernate.orm.results - Extracted JDBC value [5] - [555-1234]
10:24:09.902 [main] DEBUG org.hibernate.orm.results - Extracted JDBC value [6] - [Java, Python, Control Systems]
10:24:09.902 [main] DEBUG org.hibernate.orm.results - Extracted JDBC value [8] - [jsmith]
10:24:09.903 [main] DEBUG org.hibernate.orm.results.loading.entity - (EntityResultInitializer) Done materializing entityInstance : org.frcpm.models.TeamMember(959666179587400)#1
10:24:09.903 [main] DEBUG org.hibernate.orm.results.loading - Calling top-level assembler (0 / 1) : org.hibernate.sql.results.graph.entity.internal.EntityAssembler@22db1358
10:24:09.903 [main] DEBUG org.hibernate.orm.results - Extracted JDBC value [0] - [2]
10:24:09.903 [main] DEBUG org.hibernate.orm.results.loading.entity - (EntityResultInitializer) Hydrated EntityKey (org.frcpm.models.TeamMember(959666179587400)): 2
10:24:09.903 [main] DEBUG org.hibernate.orm.results.loading.org.hibernate.orm.results.loading.collection - (DelayedCollectionInitializer) Current row collection key : org.frcpm.models.TeamMember(959666179587400).assignedTasks#2
10:24:09.903 [main] DEBUG org.hibernate.orm.results.loading.org.hibernate.orm.results.loading.collection - (DelayedCollectionInitializer) Current row collection key : org.frcpm.models.TeamMember(959666179587400).attendances#2
10:24:09.903 [main] DEBUG org.hibernate.orm.results.loading.entity - (EntityResultInitializer) Created new entity instance [org.frcpm.models.TeamMember(959666179587400)#2] : 650879565
10:24:09.903 [main] DEBUG org.hibernate.orm.results - Extracted JDBC value [7] - [1]
10:24:09.903 [main] DEBUG org.hibernate.orm.results - Extracted JDBC value [1] - [agarcia@example.com]
10:24:09.903 [main] DEBUG org.hibernate.orm.results - Extracted JDBC value [2] - [Ana]
10:24:09.903 [main] DEBUG org.hibernate.orm.results - Extracted JDBC value [3] - [Garcia]
10:24:09.903 [main] DEBUG org.hibernate.orm.results - Extracted JDBC value [4] - [true]
10:24:09.903 [main] DEBUG org.hibernate.orm.results - Extracted JDBC value [5] - [555-5678]
10:24:09.903 [main] DEBUG org.hibernate.orm.results - Extracted JDBC value [6] - [CAD, Design, Machining]
10:24:09.903 [main] DEBUG org.hibernate.orm.results - Extracted JDBC value [8] - [agarcia]
10:24:09.903 [main] DEBUG org.hibernate.orm.results.loading.entity - (EntityResultInitializer) Done materializing entityInstance : org.frcpm.models.TeamMember(959666179587400)#2
10:24:09.903 [main] DEBUG org.hibernate.orm.results.loading - Calling top-level assembler (0 / 1) : org.hibernate.sql.results.graph.entity.internal.EntityAssembler@22db1358
10:24:09.903 [main] DEBUG org.hibernate.orm.results - Extracted JDBC value [0] - [3]
10:24:09.903 [main] DEBUG org.hibernate.orm.results.loading.entity - (EntityResultInitializer) Hydrated EntityKey (org.frcpm.models.TeamMember(959666179587400)): 3
10:24:09.903 [main] DEBUG org.hibernate.orm.results.loading.org.hibernate.orm.results.loading.collection - (DelayedCollectionInitializer) Current row collection key : org.frcpm.models.TeamMember(959666179587400).assignedTasks#3
10:24:09.903 [main] DEBUG org.hibernate.orm.results.loading.org.hibernate.orm.results.loading.collection - (DelayedCollectionInitializer) Current row collection key : org.frcpm.models.TeamMember(959666179587400).attendances#3
10:24:09.903 [main] DEBUG org.hibernate.orm.results.loading.entity - (EntityResultInitializer) Created new entity instance [org.frcpm.models.TeamMember(959666179587400)#3] : 1466011597
10:24:09.903 [main] DEBUG org.hibernate.orm.results - Extracted JDBC value [7] - [2]
10:24:09.903 [main] DEBUG org.hibernate.orm.results - Extracted JDBC value [1] - [twong@example.com]
10:24:09.903 [main] DEBUG org.hibernate.orm.results - Extracted JDBC value [2] - [Tyler]
10:24:09.903 [main] DEBUG org.hibernate.orm.results - Extracted JDBC value [3] - [Wong]
10:24:09.903 [main] DEBUG org.hibernate.orm.results - Extracted JDBC value [4] - [true]
10:24:09.903 [main] DEBUG org.hibernate.orm.results - Extracted JDBC value [5] - [555-9012]
10:24:09.903 [main] DEBUG org.hibernate.orm.results - Extracted JDBC value [6] - [Electronics, Wiring, Soldering]
10:24:09.903 [main] DEBUG org.hibernate.orm.results - Extracted JDBC value [8] - [twong]
10:24:09.903 [main] DEBUG org.hibernate.orm.results.loading.entity - (EntityResultInitializer) Done materializing entityInstance : org.frcpm.models.TeamMember(959666179587400)#3
10:24:09.903 [main] DEBUG org.hibernate.orm.results.loading - Calling top-level assembler (0 / 1) : org.hibernate.sql.results.graph.entity.internal.EntityAssembler@22db1358
10:24:09.903 [main] DEBUG org.hibernate.orm.results - Extracted JDBC value [0] - [4]
10:24:09.903 [main] DEBUG org.hibernate.orm.results.loading.entity - (EntityResultInitializer) Hydrated EntityKey (org.frcpm.models.TeamMember(959666179587400)): 4
10:24:09.903 [main] DEBUG org.hibernate.orm.results.loading.org.hibernate.orm.results.loading.collection - (DelayedCollectionInitializer) Current row collection key : org.frcpm.models.TeamMember(959666179587400).assignedTasks#4
10:24:09.903 [main] DEBUG org.hibernate.orm.results.loading.org.hibernate.orm.results.loading.collection - (DelayedCollectionInitializer) Current row collection key : org.frcpm.models.TeamMember(959666179587400).attendances#4
10:24:09.903 [main] DEBUG org.hibernate.orm.results.loading.entity - (EntityResultInitializer) Created new entity instance [org.frcpm.models.TeamMember(959666179587400)#4] : 1455886255
10:24:09.903 [main] DEBUG org.hibernate.orm.results - Extracted JDBC value [7] - [4]
10:24:09.904 [main] DEBUG org.hibernate.orm.results - Extracted JDBC value [1] - [lchen@example.com]
10:24:09.904 [main] DEBUG org.hibernate.orm.results - Extracted JDBC value [2] - [Lisa]
10:24:09.904 [main] DEBUG org.hibernate.orm.results - Extracted JDBC value [3] - [Chen]
10:24:09.904 [main] DEBUG org.hibernate.orm.results - Extracted JDBC value [4] - [true]
10:24:09.904 [main] DEBUG org.hibernate.orm.results - Extracted JDBC value [5] - [555-3456]
10:24:09.904 [main] DEBUG org.hibernate.orm.results - Extracted JDBC value [6] - [Marketing, Social Media, Presentations]
10:24:09.904 [main] DEBUG org.hibernate.orm.results - Extracted JDBC value [8] - [lchen]
10:24:09.904 [main] DEBUG org.hibernate.orm.results.loading.entity - (EntityResultInitializer) Done materializing entityInstance : org.frcpm.models.TeamMember(959666179587400)#4
10:24:09.904 [main] DEBUG org.hibernate.orm.results.loading - Calling top-level assembler (0 / 1) : org.hibernate.sql.results.graph.entity.internal.EntityAssembler@22db1358
10:24:09.904 [main] DEBUG org.hibernate.orm.results - Extracted JDBC value [0] - [5]
10:24:09.904 [main] DEBUG org.hibernate.orm.results.loading.entity - (EntityResultInitializer) Hydrated EntityKey (org.frcpm.models.TeamMember(959666179587400)): 5
10:24:09.904 [main] DEBUG org.hibernate.orm.results.loading.org.hibernate.orm.results.loading.collection - (DelayedCollectionInitializer) Current row collection key : org.frcpm.models.TeamMember(959666179587400).assignedTasks#5
10:24:09.904 [main] DEBUG org.hibernate.orm.results.loading.org.hibernate.orm.results.loading.collection - (DelayedCollectionInitializer) Current row collection key : org.frcpm.models.TeamMember(959666179587400).attendances#5
10:24:09.904 [main] DEBUG org.hibernate.orm.results.loading.entity - (EntityResultInitializer) Created new entity instance [org.frcpm.models.TeamMember(959666179587400)#5] : 692643156
10:24:09.904 [main] DEBUG org.hibernate.orm.results - Extracted JDBC value [7] - [1]
10:24:09.904 [main] DEBUG org.hibernate.orm.results - Extracted JDBC value [1] - [mjohnson@example.com]
10:24:09.904 [main] DEBUG org.hibernate.orm.results - Extracted JDBC value [2] - [Mike]
10:24:09.904 [main] DEBUG org.hibernate.orm.results - Extracted JDBC value [3] - [Johnson]
10:24:09.904 [main] DEBUG org.hibernate.orm.results - Extracted JDBC value [4] - [false]
10:24:09.904 [main] DEBUG org.hibernate.orm.results - Extracted JDBC value [5] - [555-7890]
10:24:09.904 [main] DEBUG org.hibernate.orm.results - Extracted JDBC value [6] - [CAD, 3D Printing, Prototyping]
10:24:09.904 [main] DEBUG org.hibernate.orm.results - Extracted JDBC value [8] - [mjohnson]
10:24:09.904 [main] DEBUG org.hibernate.orm.results.loading.entity - (EntityResultInitializer) Done materializing entityInstance : org.frcpm.models.TeamMember(959666179587400)#5
10:24:09.904 [main] DEBUG org.hibernate.orm.results.loading - Calling top-level assembler (0 / 1) : org.hibernate.sql.results.graph.entity.internal.EntityAssembler@22db1358
10:24:09.904 [main] DEBUG org.hibernate.orm.results - Extracted JDBC value [0] - [6]
10:24:09.904 [main] DEBUG org.hibernate.orm.results.loading.entity - (EntityResultInitializer) Hydrated EntityKey (org.frcpm.models.TeamMember(959666179587400)): 6
10:24:09.904 [main] DEBUG org.hibernate.orm.results.loading.org.hibernate.orm.results.loading.collection - (DelayedCollectionInitializer) Current row collection key : org.frcpm.models.TeamMember(959666179587400).assignedTasks#6
10:24:09.904 [main] DEBUG org.hibernate.orm.results.loading.org.hibernate.orm.results.loading.collection - (DelayedCollectionInitializer) Current row collection key : org.frcpm.models.TeamMember(959666179587400).attendances#6
10:24:09.904 [main] DEBUG org.hibernate.orm.results.loading.entity - (EntityResultInitializer) Created new entity instance [org.frcpm.models.TeamMember(959666179587400)#6] : 1095836955
10:24:09.904 [main] DEBUG org.hibernate.orm.results - Extracted JDBC value [7] - [3]
10:24:09.904 [main] DEBUG org.hibernate.orm.results - Extracted JDBC value [1] - [sdavis@example.com]
10:24:09.904 [main] DEBUG org.hibernate.orm.results - Extracted JDBC value [2] - [Sarah]
10:24:09.904 [main] DEBUG org.hibernate.orm.results - Extracted JDBC value [3] - [Davis]
10:24:09.904 [main] DEBUG org.hibernate.orm.results - Extracted JDBC value [4] - [false]
10:24:09.904 [main] DEBUG org.hibernate.orm.results - Extracted JDBC value [5] - [555-2345]
10:24:09.904 [main] DEBUG org.hibernate.orm.results - Extracted JDBC value [6] - [Computer Vision, Machine Learning]
10:24:09.904 [main] DEBUG org.hibernate.orm.results - Extracted JDBC value [8] - [sdavis]
10:24:09.904 [main] DEBUG org.hibernate.orm.results.loading.entity - (EntityResultInitializer) Done materializing entityInstance : org.frcpm.models.TeamMember(959666179587400)#6
10:24:09.904 [main] DEBUG org.hibernate.orm.results.loading - Calling top-level assembler (0 / 1) : org.hibernate.sql.results.graph.entity.internal.EntityAssembler@22db1358
10:24:09.904 [main] DEBUG org.hibernate.orm.results - Extracted JDBC value [0] - [36]
10:24:09.904 [main] DEBUG org.hibernate.orm.results.loading.entity - (EntityResultInitializer) Hydrated EntityKey (org.frcpm.models.TeamMember(959666179587400)): 36
10:24:09.904 [main] DEBUG org.hibernate.orm.results.loading.org.hibernate.orm.results.loading.collection - (DelayedCollectionInitializer) Current row collection key : org.frcpm.models.TeamMember(959666179587400).assignedTasks#36
10:24:09.904 [main] DEBUG org.hibernate.orm.results.loading.org.hibernate.orm.results.loading.collection - (DelayedCollectionInitializer) Current row collection key : org.frcpm.models.TeamMember(959666179587400).attendances#36
10:24:09.904 [main] DEBUG org.hibernate.orm.results.loading.entity - (EntityResultInitializer) Created new entity instance [org.frcpm.models.TeamMember(959666179587400)#36] : 1716153597
10:24:09.904 [main] DEBUG org.hibernate.orm.results - Extracted JDBC value [7] - [null]
10:24:09.904 [main] DEBUG org.hibernate.orm.results - Extracted JDBC value [1] - [tasktest@example.com]
10:24:09.904 [main] DEBUG org.hibernate.orm.results - Extracted JDBC value [2] - [Task]
10:24:09.904 [main] DEBUG org.hibernate.orm.results - Extracted JDBC value [3] - [Test]
10:24:09.904 [main] DEBUG org.hibernate.orm.results - Extracted JDBC value [4] - [false]
10:24:09.904 [main] DEBUG org.hibernate.orm.results - Extracted JDBC value [5] - [null]
10:24:09.904 [main] DEBUG org.hibernate.orm.results - Extracted JDBC value [6] - [null]
10:24:09.904 [main] DEBUG org.hibernate.orm.results - Extracted JDBC value [8] - [tasktestuser_1745594395337]
10:24:09.904 [main] DEBUG org.hibernate.orm.results.loading.entity - (EntityResultInitializer) Done materializing entityInstance : org.frcpm.models.TeamMember(959666179587400)#36
10:24:09.904 [main] DEBUG org.hibernate.orm.results.loading - Calling top-level assembler (0 / 1) : org.hibernate.sql.results.graph.entity.internal.EntityAssembler@22db1358
10:24:09.904 [main] DEBUG org.hibernate.orm.results - Extracted JDBC value [0] - [37]
10:24:09.904 [main] DEBUG org.hibernate.orm.results.loading.entity - (EntityResultInitializer) Hydrated EntityKey (org.frcpm.models.TeamMember(959666179587400)): 37
10:24:09.904 [main] DEBUG org.hibernate.orm.results.loading.org.hibernate.orm.results.loading.collection - (DelayedCollectionInitializer) Current row collection key : org.frcpm.models.TeamMember(959666179587400).assignedTasks#37
10:24:09.904 [main] DEBUG org.hibernate.orm.results.loading.org.hibernate.orm.results.loading.collection - (DelayedCollectionInitializer) Current row collection key : org.frcpm.models.TeamMember(959666179587400).attendances#37
10:24:09.904 [main] DEBUG org.hibernate.orm.results.loading.entity - (EntityResultInitializer) Created new entity instance [org.frcpm.models.TeamMember(959666179587400)#37] : 867928153
10:24:09.904 [main] DEBUG org.hibernate.orm.results - Extracted JDBC value [7] - [null]
10:24:09.905 [main] DEBUG org.hibernate.orm.results - Extracted JDBC value [1] - [tasktest@example.com]
10:24:09.905 [main] DEBUG org.hibernate.orm.results - Extracted JDBC value [2] - [Task]
10:24:09.905 [main] DEBUG org.hibernate.orm.results - Extracted JDBC value [3] - [Test]
10:24:09.905 [main] DEBUG org.hibernate.orm.results - Extracted JDBC value [4] - [false]
10:24:09.905 [main] DEBUG org.hibernate.orm.results - Extracted JDBC value [5] - [null]
10:24:09.905 [main] DEBUG org.hibernate.orm.results - Extracted JDBC value [6] - [null]
10:24:09.905 [main] DEBUG org.hibernate.orm.results - Extracted JDBC value [8] - [tasktestuser_1745594395698]
10:24:09.905 [main] DEBUG org.hibernate.orm.results.loading.entity - (EntityResultInitializer) Done materializing entityInstance : org.frcpm.models.TeamMember(959666179587400)#37
10:24:09.905 [main] DEBUG org.hibernate.orm.results.loading - Calling top-level assembler (0 / 1) : org.hibernate.sql.results.graph.entity.internal.EntityAssembler@22db1358
10:24:09.905 [main] DEBUG org.hibernate.orm.results - Extracted JDBC value [0] - [38]
10:24:09.905 [main] DEBUG org.hibernate.orm.results.loading.entity - (EntityResultInitializer) Hydrated EntityKey (org.frcpm.models.TeamMember(959666179587400)): 38
10:24:09.905 [main] DEBUG org.hibernate.orm.results.loading.org.hibernate.orm.results.loading.collection - (DelayedCollectionInitializer) Current row collection key : org.frcpm.models.TeamMember(959666179587400).assignedTasks#38
10:24:09.905 [main] DEBUG org.hibernate.orm.results.loading.org.hibernate.orm.results.loading.collection - (DelayedCollectionInitializer) Current row collection key : org.frcpm.models.TeamMember(959666179587400).attendances#38
10:24:09.905 [main] DEBUG org.hibernate.orm.results.loading.entity - (EntityResultInitializer) Created new entity instance [org.frcpm.models.TeamMember(959666179587400)#38] : 502023852
10:24:09.905 [main] DEBUG org.hibernate.orm.results - Extracted JDBC value [7] - [null]
10:24:09.905 [main] DEBUG org.hibernate.orm.results - Extracted JDBC value [1] - [tasktest@example.com]
10:24:09.905 [main] DEBUG org.hibernate.orm.results - Extracted JDBC value [2] - [Task]
10:24:09.905 [main] DEBUG org.hibernate.orm.results - Extracted JDBC value [3] - [Test]
10:24:09.905 [main] DEBUG org.hibernate.orm.results - Extracted JDBC value [4] - [false]
10:24:09.905 [main] DEBUG org.hibernate.orm.results - Extracted JDBC value [5] - [null]
10:24:09.905 [main] DEBUG org.hibernate.orm.results - Extracted JDBC value [6] - [null]
10:24:09.905 [main] DEBUG org.hibernate.orm.results - Extracted JDBC value [8] - [tasktestuser_1745594396071]
10:24:09.905 [main] DEBUG org.hibernate.orm.results.loading.entity - (EntityResultInitializer) Done materializing entityInstance : org.frcpm.models.TeamMember(959666179587400)#38
10:24:09.905 [main] DEBUG org.hibernate.orm.results.loading - Calling top-level assembler (0 / 1) : org.hibernate.sql.results.graph.entity.internal.EntityAssembler@22db1358
10:24:09.905 [main] DEBUG org.hibernate.orm.results - Extracted JDBC value [0] - [39]
10:24:09.905 [main] DEBUG org.hibernate.orm.results.loading.entity - (EntityResultInitializer) Hydrated EntityKey (org.frcpm.models.TeamMember(959666179587400)): 39
10:24:09.905 [main] DEBUG org.hibernate.orm.results.loading.org.hibernate.orm.results.loading.collection - (DelayedCollectionInitializer) Current row collection key : org.frcpm.models.TeamMember(959666179587400).assignedTasks#39
10:24:09.905 [main] DEBUG org.hibernate.orm.results.loading.org.hibernate.orm.results.loading.collection - (DelayedCollectionInitializer) Current row collection key : org.frcpm.models.TeamMember(959666179587400).attendances#39
10:24:09.905 [main] DEBUG org.hibernate.orm.results.loading.entity - (EntityResultInitializer) Created new entity instance [org.frcpm.models.TeamMember(959666179587400)#39] : 1653420323
10:24:09.905 [main] DEBUG org.hibernate.orm.results - Extracted JDBC value [7] - [null]
10:24:09.905 [main] DEBUG org.hibernate.orm.results - Extracted JDBC value [1] - [tasktest@example.com]
10:24:09.905 [main] DEBUG org.hibernate.orm.results - Extracted JDBC value [2] - [Task]
10:24:09.905 [main] DEBUG org.hibernate.orm.results - Extracted JDBC value [3] - [Test]
10:24:09.905 [main] DEBUG org.hibernate.orm.results - Extracted JDBC value [4] - [false]
10:24:09.905 [main] DEBUG org.hibernate.orm.results - Extracted JDBC value [5] - [null]
10:24:09.905 [main] DEBUG org.hibernate.orm.results - Extracted JDBC value [6] - [null]
10:24:09.905 [main] DEBUG org.hibernate.orm.results - Extracted JDBC value [8] - [tasktestuser_1745594396416]
10:24:09.905 [main] DEBUG org.hibernate.orm.results.loading.entity - (EntityResultInitializer) Done materializing entityInstance : org.frcpm.models.TeamMember(959666179587400)#39
10:24:09.905 [main] DEBUG org.hibernate.orm.results.loading - Calling top-level assembler (0 / 1) : org.hibernate.sql.results.graph.entity.internal.EntityAssembler@22db1358
10:24:09.905 [main] DEBUG org.hibernate.orm.results - Extracted JDBC value [0] - [40]
10:24:09.905 [main] DEBUG org.hibernate.orm.results.loading.entity - (EntityResultInitializer) Hydrated EntityKey (org.frcpm.models.TeamMember(959666179587400)): 40
10:24:09.905 [main] DEBUG org.hibernate.orm.results.loading.org.hibernate.orm.results.loading.collection - (DelayedCollectionInitializer) Current row collection key : org.frcpm.models.TeamMember(959666179587400).assignedTasks#40
10:24:09.905 [main] DEBUG org.hibernate.orm.results.loading.org.hibernate.orm.results.loading.collection - (DelayedCollectionInitializer) Current row collection key : org.frcpm.models.TeamMember(959666179587400).attendances#40
10:24:09.905 [main] DEBUG org.hibernate.orm.results.loading.entity - (EntityResultInitializer) Created new entity instance [org.frcpm.models.TeamMember(959666179587400)#40] : 918697208
10:24:09.905 [main] DEBUG org.hibernate.orm.results - Extracted JDBC value [7] - [null]
10:24:09.905 [main] DEBUG org.hibernate.orm.results - Extracted JDBC value [1] - [tasktest@example.com]
10:24:09.905 [main] DEBUG org.hibernate.orm.results - Extracted JDBC value [2] - [Task]
10:24:09.905 [main] DEBUG org.hibernate.orm.results - Extracted JDBC value [3] - [Test]
10:24:09.905 [main] DEBUG org.hibernate.orm.results - Extracted JDBC value [4] - [false]
10:24:09.905 [main] DEBUG org.hibernate.orm.results - Extracted JDBC value [5] - [null]
10:24:09.905 [main] DEBUG org.hibernate.orm.results - Extracted JDBC value [6] - [null]
10:24:09.905 [main] DEBUG org.hibernate.orm.results - Extracted JDBC value [8] - [tasktestuser_1745594396762]
10:24:09.905 [main] DEBUG org.hibernate.orm.results.loading.entity - (EntityResultInitializer) Done materializing entityInstance : org.frcpm.models.TeamMember(959666179587400)#40
10:24:09.905 [main] DEBUG org.hibernate.orm.results.loading - Calling top-level assembler (0 / 1) : org.hibernate.sql.results.graph.entity.internal.EntityAssembler@22db1358
10:24:09.905 [main] DEBUG org.hibernate.orm.results - Extracted JDBC value [0] - [41]
10:24:09.905 [main] DEBUG org.hibernate.orm.results.loading.entity - (EntityResultInitializer) Hydrated EntityKey (org.frcpm.models.TeamMember(959666179587400)): 41
10:24:09.905 [main] DEBUG org.hibernate.orm.results.loading.org.hibernate.orm.results.loading.collection - (DelayedCollectionInitializer) Current row collection key : org.frcpm.models.TeamMember(959666179587400).assignedTasks#41
10:24:09.905 [main] DEBUG org.hibernate.orm.results.loading.org.hibernate.orm.results.loading.collection - (DelayedCollectionInitializer) Current row collection key : org.frcpm.models.TeamMember(959666179587400).attendances#41
10:24:09.905 [main] DEBUG org.hibernate.orm.results.loading.entity - (EntityResultInitializer) Created new entity instance [org.frcpm.models.TeamMember(959666179587400)#41] : 1694645625
10:24:09.905 [main] DEBUG org.hibernate.orm.results - Extracted JDBC value [7] - [null]
10:24:09.905 [main] DEBUG org.hibernate.orm.results - Extracted JDBC value [1] - [tasktest@example.com]
10:24:09.905 [main] DEBUG org.hibernate.orm.results - Extracted JDBC value [2] - [Task]
10:24:09.905 [main] DEBUG org.hibernate.orm.results - Extracted JDBC value [3] - [Test]
10:24:09.905 [main] DEBUG org.hibernate.orm.results - Extracted JDBC value [4] - [false]
10:24:09.905 [main] DEBUG org.hibernate.orm.results - Extracted JDBC value [5] - [null]
10:24:09.905 [main] DEBUG org.hibernate.orm.results - Extracted JDBC value [6] - [null]
10:24:09.905 [main] DEBUG org.hibernate.orm.results - Extracted JDBC value [8] - [tasktestuser_1745594397140]
10:24:09.905 [main] DEBUG org.hibernate.orm.results.loading.entity - (EntityResultInitializer) Done materializing entityInstance : org.frcpm.models.TeamMember(959666179587400)#41
10:24:09.905 [main] DEBUG org.hibernate.orm.results.loading - Calling top-level assembler (0 / 1) : org.hibernate.sql.results.graph.entity.internal.EntityAssembler@22db1358
10:24:09.905 [main] DEBUG org.hibernate.orm.results - Extracted JDBC value [0] - [42]
10:24:09.905 [main] DEBUG org.hibernate.orm.results.loading.entity - (EntityResultInitializer) Hydrated EntityKey (org.frcpm.models.TeamMember(959666179587400)): 42
10:24:09.905 [main] DEBUG org.hibernate.orm.results.loading.org.hibernate.orm.results.loading.collection - (DelayedCollectionInitializer) Current row collection key : org.frcpm.models.TeamMember(959666179587400).assignedTasks#42
10:24:09.905 [main] DEBUG org.hibernate.orm.results.loading.org.hibernate.orm.results.loading.collection - (DelayedCollectionInitializer) Current row collection key : org.frcpm.models.TeamMember(959666179587400).attendances#42
10:24:09.905 [main] DEBUG org.hibernate.orm.results.loading.entity - (EntityResultInitializer) Created new entity instance [org.frcpm.models.TeamMember(959666179587400)#42] : 2093723291
10:24:09.905 [main] DEBUG org.hibernate.orm.results - Extracted JDBC value [7] - [null]
10:24:09.905 [main] DEBUG org.hibernate.orm.results - Extracted JDBC value [1] - [tasktest@example.com]
10:24:09.905 [main] DEBUG org.hibernate.orm.results - Extracted JDBC value [2] - [Task]
10:24:09.905 [main] DEBUG org.hibernate.orm.results - Extracted JDBC value [3] - [Test]
10:24:09.905 [main] DEBUG org.hibernate.orm.results - Extracted JDBC value [4] - [false]
10:24:09.905 [main] DEBUG org.hibernate.orm.results - Extracted JDBC value [5] - [null]
10:24:09.905 [main] DEBUG org.hibernate.orm.results - Extracted JDBC value [6] - [null]
10:24:09.905 [main] DEBUG org.hibernate.orm.results - Extracted JDBC value [8] - [tasktestuser_1745594397563]
10:24:09.905 [main] DEBUG org.hibernate.orm.results.loading.entity - (EntityResultInitializer) Done materializing entityInstance : org.frcpm.models.TeamMember(959666179587400)#42
10:24:09.905 [main] DEBUG org.hibernate.orm.results.loading - Calling top-level assembler (0 / 1) : org.hibernate.sql.results.graph.entity.internal.EntityAssembler@22db1358
10:24:09.905 [main] DEBUG org.hibernate.orm.results - Extracted JDBC value [0] - [43]
10:24:09.905 [main] DEBUG org.hibernate.orm.results.loading.entity - (EntityResultInitializer) Hydrated EntityKey (org.frcpm.models.TeamMember(959666179587400)): 43
10:24:09.906 [main] DEBUG org.hibernate.orm.results.loading.org.hibernate.orm.results.loading.collection - (DelayedCollectionInitializer) Current row collection key : org.frcpm.models.TeamMember(959666179587400).assignedTasks#43
10:24:09.906 [main] DEBUG org.hibernate.orm.results.loading.org.hibernate.orm.results.loading.collection - (DelayedCollectionInitializer) Current row collection key : org.frcpm.models.TeamMember(959666179587400).attendances#43
10:24:09.906 [main] DEBUG org.hibernate.orm.results.loading.entity - (EntityResultInitializer) Created new entity instance [org.frcpm.models.TeamMember(959666179587400)#43] : 1458619976
10:24:09.906 [main] DEBUG org.hibernate.orm.results - Extracted JDBC value [7] - [null]
10:24:09.906 [main] DEBUG org.hibernate.orm.results - Extracted JDBC value [1] - [tasktest@example.com]
10:24:09.906 [main] DEBUG org.hibernate.orm.results - Extracted JDBC value [2] - [Task]
10:24:09.906 [main] DEBUG org.hibernate.orm.results - Extracted JDBC value [3] - [Test]
10:24:09.906 [main] DEBUG org.hibernate.orm.results - Extracted JDBC value [4] - [false]
10:24:09.906 [main] DEBUG org.hibernate.orm.results - Extracted JDBC value [5] - [null]
10:24:09.906 [main] DEBUG org.hibernate.orm.results - Extracted JDBC value [6] - [null]
10:24:09.906 [main] DEBUG org.hibernate.orm.results - Extracted JDBC value [8] - [tasktestuser_1745594397906]
10:24:09.906 [main] DEBUG org.hibernate.orm.results.loading.entity - (EntityResultInitializer) Done materializing entityInstance : org.frcpm.models.TeamMember(959666179587400)#43
10:24:09.906 [main] DEBUG org.hibernate.orm.results.loading - Calling top-level assembler (0 / 1) : org.hibernate.sql.results.graph.entity.internal.EntityAssembler@22db1358
10:24:09.906 [main] DEBUG org.hibernate.orm.results - Extracted JDBC value [0] - [44]
10:24:09.906 [main] DEBUG org.hibernate.orm.results.loading.entity - (EntityResultInitializer) Hydrated EntityKey (org.frcpm.models.TeamMember(959666179587400)): 44
10:24:09.906 [main] DEBUG org.hibernate.orm.results.loading.org.hibernate.orm.results.loading.collection - (DelayedCollectionInitializer) Current row collection key : org.frcpm.models.TeamMember(959666179587400).assignedTasks#44
10:24:09.906 [main] DEBUG org.hibernate.orm.results.loading.org.hibernate.orm.results.loading.collection - (DelayedCollectionInitializer) Current row collection key : org.frcpm.models.TeamMember(959666179587400).attendances#44
10:24:09.906 [main] DEBUG org.hibernate.orm.results.loading.entity - (EntityResultInitializer) Created new entity instance [org.frcpm.models.TeamMember(959666179587400)#44] : 1054378603
10:24:09.906 [main] DEBUG org.hibernate.orm.results - Extracted JDBC value [7] - [null]
10:24:09.906 [main] DEBUG org.hibernate.orm.results - Extracted JDBC value [1] - [tasktest@example.com]
10:24:09.906 [main] DEBUG org.hibernate.orm.results - Extracted JDBC value [2] - [Task]
10:24:09.906 [main] DEBUG org.hibernate.orm.results - Extracted JDBC value [3] - [Test]
10:24:09.906 [main] DEBUG org.hibernate.orm.results - Extracted JDBC value [4] - [false]
10:24:09.906 [main] DEBUG org.hibernate.orm.results - Extracted JDBC value [5] - [null]
10:24:09.906 [main] DEBUG org.hibernate.orm.results - Extracted JDBC value [6] - [null]
10:24:09.906 [main] DEBUG org.hibernate.orm.results - Extracted JDBC value [8] - [tasktestuser_1745594398275]
10:24:09.906 [main] DEBUG org.hibernate.orm.results.loading.entity - (EntityResultInitializer) Done materializing entityInstance : org.frcpm.models.TeamMember(959666179587400)#44
10:24:09.906 [main] DEBUG org.hibernate.orm.results.loading - Calling top-level assembler (0 / 1) : org.hibernate.sql.results.graph.entity.internal.EntityAssembler@22db1358
10:24:09.906 [main] DEBUG org.hibernate.orm.results - Extracted JDBC value [0] - [45]
10:24:09.906 [main] DEBUG org.hibernate.orm.results.loading.entity - (EntityResultInitializer) Hydrated EntityKey (org.frcpm.models.TeamMember(959666179587400)): 45
10:24:09.906 [main] DEBUG org.hibernate.orm.results.loading.org.hibernate.orm.results.loading.collection - (DelayedCollectionInitializer) Current row collection key : org.frcpm.models.TeamMember(959666179587400).assignedTasks#45
10:24:09.906 [main] DEBUG org.hibernate.orm.results.loading.org.hibernate.orm.results.loading.collection - (DelayedCollectionInitializer) Current row collection key : org.frcpm.models.TeamMember(959666179587400).attendances#45
10:24:09.906 [main] DEBUG org.hibernate.orm.results.loading.entity - (EntityResultInitializer) Created new entity instance [org.frcpm.models.TeamMember(959666179587400)#45] : 1753618993
10:24:09.906 [main] DEBUG org.hibernate.orm.results - Extracted JDBC value [7] - [null]
10:24:09.906 [main] DEBUG org.hibernate.orm.results - Extracted JDBC value [1] - [tasktest@example.com]
10:24:09.906 [main] DEBUG org.hibernate.orm.results - Extracted JDBC value [2] - [Task]
10:24:09.906 [main] DEBUG org.hibernate.orm.results - Extracted JDBC value [3] - [Test]
10:24:09.906 [main] DEBUG org.hibernate.orm.results - Extracted JDBC value [4] - [false]
10:24:09.906 [main] DEBUG org.hibernate.orm.results - Extracted JDBC value [5] - [null]
10:24:09.906 [main] DEBUG org.hibernate.orm.results - Extracted JDBC value [6] - [null]
10:24:09.906 [main] DEBUG org.hibernate.orm.results - Extracted JDBC value [8] - [tasktestuser_1745594398667]
10:24:09.906 [main] DEBUG org.hibernate.orm.results.loading.entity - (EntityResultInitializer) Done materializing entityInstance : org.frcpm.models.TeamMember(959666179587400)#45
10:24:09.906 [main] DEBUG org.hibernate.orm.results.loading - Calling top-level assembler (0 / 1) : org.hibernate.sql.results.graph.entity.internal.EntityAssembler@22db1358
10:24:09.906 [main] DEBUG org.hibernate.orm.results - Extracted JDBC value [0] - [46]
10:24:09.906 [main] DEBUG org.hibernate.orm.results.loading.entity - (EntityResultInitializer) Hydrated EntityKey (org.frcpm.models.TeamMember(959666179587400)): 46
10:24:09.906 [main] DEBUG org.hibernate.orm.results.loading.org.hibernate.orm.results.loading.collection - (DelayedCollectionInitializer) Current row collection key : org.frcpm.models.TeamMember(959666179587400).assignedTasks#46
10:24:09.906 [main] DEBUG org.hibernate.orm.results.loading.org.hibernate.orm.results.loading.collection - (DelayedCollectionInitializer) Current row collection key : org.frcpm.models.TeamMember(959666179587400).attendances#46
10:24:09.906 [main] DEBUG org.hibernate.orm.results.loading.entity - (EntityResultInitializer) Created new entity instance [org.frcpm.models.TeamMember(959666179587400)#46] : 84528413
10:24:09.906 [main] DEBUG org.hibernate.orm.results - Extracted JDBC value [7] - [null]
10:24:09.906 [main] DEBUG org.hibernate.orm.results - Extracted JDBC value [1] - [tasktest@example.com]
10:24:09.906 [main] DEBUG org.hibernate.orm.results - Extracted JDBC value [2] - [Task]
10:24:09.906 [main] DEBUG org.hibernate.orm.results - Extracted JDBC value [3] - [Test]
10:24:09.906 [main] DEBUG org.hibernate.orm.results - Extracted JDBC value [4] - [false]
10:24:09.906 [main] DEBUG org.hibernate.orm.results - Extracted JDBC value [5] - [null]
10:24:09.906 [main] DEBUG org.hibernate.orm.results - Extracted JDBC value [6] - [null]
10:24:09.906 [main] DEBUG org.hibernate.orm.results - Extracted JDBC value [8] - [tasktestuser_1745594399126]
10:24:09.906 [main] DEBUG org.hibernate.orm.results.loading.entity - (EntityResultInitializer) Done materializing entityInstance : org.frcpm.models.TeamMember(959666179587400)#46
10:24:09.906 [main] DEBUG org.hibernate.orm.results.loading - Calling top-level assembler (0 / 1) : org.hibernate.sql.results.graph.entity.internal.EntityAssembler@22db1358
10:24:09.906 [main] DEBUG org.hibernate.orm.results - Extracted JDBC value [0] - [47]
10:24:09.906 [main] DEBUG org.hibernate.orm.results.loading.entity - (EntityResultInitializer) Hydrated EntityKey (org.frcpm.models.TeamMember(959666179587400)): 47
10:24:09.906 [main] DEBUG org.hibernate.orm.results.loading.org.hibernate.orm.results.loading.collection - (DelayedCollectionInitializer) Current row collection key : org.frcpm.models.TeamMember(959666179587400).assignedTasks#47
10:24:09.906 [main] DEBUG org.hibernate.orm.results.loading.org.hibernate.orm.results.loading.collection - (DelayedCollectionInitializer) Current row collection key : org.frcpm.models.TeamMember(959666179587400).attendances#47
10:24:09.906 [main] DEBUG org.hibernate.orm.results.loading.entity - (EntityResultInitializer) Created new entity instance [org.frcpm.models.TeamMember(959666179587400)#47] : 672794225
10:24:09.906 [main] DEBUG org.hibernate.orm.results - Extracted JDBC value [7] - [null]
10:24:09.906 [main] DEBUG org.hibernate.orm.results - Extracted JDBC value [1] - [tasktest@example.com]
10:24:09.906 [main] DEBUG org.hibernate.orm.results - Extracted JDBC value [2] - [Task]
10:24:09.906 [main] DEBUG org.hibernate.orm.results - Extracted JDBC value [3] - [Test]
10:24:09.906 [main] DEBUG org.hibernate.orm.results - Extracted JDBC value [4] - [false]
10:24:09.906 [main] DEBUG org.hibernate.orm.results - Extracted JDBC value [5] - [null]
10:24:09.906 [main] DEBUG org.hibernate.orm.results - Extracted JDBC value [6] - [null]
10:24:09.906 [main] DEBUG org.hibernate.orm.results - Extracted JDBC value [8] - [tasktestuser_1745594399532]
10:24:09.906 [main] DEBUG org.hibernate.orm.results.loading.entity - (EntityResultInitializer) Done materializing entityInstance : org.frcpm.models.TeamMember(959666179587400)#47
10:24:09.906 [main] DEBUG org.hibernate.orm.results.loading - Calling top-level assembler (0 / 1) : org.hibernate.sql.results.graph.entity.internal.EntityAssembler@22db1358
10:24:09.906 [main] DEBUG org.hibernate.orm.results - Extracted JDBC value [0] - [48]
10:24:09.906 [main] DEBUG org.hibernate.orm.results.loading.entity - (EntityResultInitializer) Hydrated EntityKey (org.frcpm.models.TeamMember(959666179587400)): 48
10:24:09.906 [main] DEBUG org.hibernate.orm.results.loading.org.hibernate.orm.results.loading.collection - (DelayedCollectionInitializer) Current row collection key : org.frcpm.models.TeamMember(959666179587400).assignedTasks#48
10:24:09.906 [main] DEBUG org.hibernate.orm.results.loading.org.hibernate.orm.results.loading.collection - (DelayedCollectionInitializer) Current row collection key : org.frcpm.models.TeamMember(959666179587400).attendances#48
10:24:09.906 [main] DEBUG org.hibernate.orm.results.loading.entity - (EntityResultInitializer) Created new entity instance [org.frcpm.models.TeamMember(959666179587400)#48] : 333341423
10:24:09.906 [main] DEBUG org.hibernate.orm.results - Extracted JDBC value [7] - [null]
10:24:09.906 [main] DEBUG org.hibernate.orm.results - Extracted JDBC value [1] - [tasktest@example.com]
10:24:09.906 [main] DEBUG org.hibernate.orm.results - Extracted JDBC value [2] - [Task]
10:24:09.906 [main] DEBUG org.hibernate.orm.results - Extracted JDBC value [3] - [Test]
10:24:09.906 [main] DEBUG org.hibernate.orm.results - Extracted JDBC value [4] - [false]
10:24:09.906 [main] DEBUG org.hibernate.orm.results - Extracted JDBC value [5] - [null]
10:24:09.906 [main] DEBUG org.hibernate.orm.results - Extracted JDBC value [6] - [null]
10:24:09.906 [main] DEBUG org.hibernate.orm.results - Extracted JDBC value [8] - [tasktestuser_1745594400014]
10:24:09.906 [main] DEBUG org.hibernate.orm.results.loading.entity - (EntityResultInitializer) Done materializing entityInstance : org.frcpm.models.TeamMember(959666179587400)#48
10:24:09.906 [main] DEBUG org.hibernate.orm.results.loading - Calling top-level assembler (0 / 1) : org.hibernate.sql.results.graph.entity.internal.EntityAssembler@22db1358
10:24:09.906 [main] DEBUG org.hibernate.orm.results - Extracted JDBC value [0] - [53]
10:24:09.906 [main] DEBUG org.hibernate.orm.results.loading.entity - (EntityResultInitializer) Hydrated EntityKey (org.frcpm.models.TeamMember(959666179587400)): 53
10:24:09.907 [main] DEBUG org.hibernate.orm.results.loading.org.hibernate.orm.results.loading.collection - (DelayedCollectionInitializer) Current row collection key : org.frcpm.models.TeamMember(959666179587400).assignedTasks#53
10:24:09.907 [main] DEBUG org.hibernate.orm.results.loading.org.hibernate.orm.results.loading.collection - (DelayedCollectionInitializer) Current row collection key : org.frcpm.models.TeamMember(959666179587400).attendances#53
10:24:09.907 [main] DEBUG org.hibernate.orm.results.loading.entity - (EntityResultInitializer) Created new entity instance [org.frcpm.models.TeamMember(959666179587400)#53] : 1539364397
10:24:09.907 [main] DEBUG org.hibernate.orm.results - Extracted JDBC value [7] - [null]
10:24:09.907 [main] DEBUG org.hibernate.orm.results - Extracted JDBC value [1] - [testcount@example.com]
10:24:09.907 [main] DEBUG org.hibernate.orm.results - Extracted JDBC value [2] - [Test]
10:24:09.907 [main] DEBUG org.hibernate.orm.results - Extracted JDBC value [3] - [Count]
10:24:09.907 [main] DEBUG org.hibernate.orm.results - Extracted JDBC value [4] - [false]
10:24:09.907 [main] DEBUG org.hibernate.orm.results - Extracted JDBC value [5] - [null]
10:24:09.907 [main] DEBUG org.hibernate.orm.results - Extracted JDBC value [6] - [null]
10:24:09.907 [main] DEBUG org.hibernate.orm.results - Extracted JDBC value [8] - [testcount]
10:24:09.907 [main] DEBUG org.hibernate.orm.results.loading.entity - (EntityResultInitializer) Done materializing entityInstance : org.frcpm.models.TeamMember(959666179587400)#53
10:24:09.907 [main] DEBUG org.hibernate.orm.results.loading - Calling top-level assembler (0 / 1) : org.hibernate.sql.results.graph.entity.internal.EntityAssembler@22db1358
10:24:09.907 [main] DEBUG org.hibernate.orm.results - Extracted JDBC value [0] - [56]
10:24:09.907 [main] DEBUG org.hibernate.orm.results.loading.entity - (EntityResultInitializer) Hydrated EntityKey (org.frcpm.models.TeamMember(959666179587400)): 56
10:24:09.907 [main] DEBUG org.hibernate.orm.results.loading.org.hibernate.orm.results.loading.collection - (DelayedCollectionInitializer) Current row collection key : org.frcpm.models.TeamMember(959666179587400).assignedTasks#56
10:24:09.907 [main] DEBUG org.hibernate.orm.results.loading.org.hibernate.orm.results.loading.collection - (DelayedCollectionInitializer) Current row collection key : org.frcpm.models.TeamMember(959666179587400).attendances#56
10:24:09.907 [main] DEBUG org.hibernate.orm.results.loading.entity - (EntityResultInitializer) Created new entity instance [org.frcpm.models.TeamMember(959666179587400)#56] : 45745864
10:24:09.907 [main] DEBUG org.hibernate.orm.results - Extracted JDBC value [7] - [null]
10:24:09.907 [main] DEBUG org.hibernate.orm.results - Extracted JDBC value [1] - [testsave@example.com]
10:24:09.907 [main] DEBUG org.hibernate.orm.results - Extracted JDBC value [2] - [Test]
10:24:09.907 [main] DEBUG org.hibernate.orm.results - Extracted JDBC value [3] - [Save]
10:24:09.907 [main] DEBUG org.hibernate.orm.results - Extracted JDBC value [4] - [false]
10:24:09.907 [main] DEBUG org.hibernate.orm.results - Extracted JDBC value [5] - [555-SAVE]
10:24:09.907 [main] DEBUG org.hibernate.orm.results - Extracted JDBC value [6] - [Testing]
10:24:09.907 [main] DEBUG org.hibernate.orm.results - Extracted JDBC value [8] - [testsave]
10:24:09.907 [main] DEBUG org.hibernate.orm.results.loading.entity - (EntityResultInitializer) Done materializing entityInstance : org.frcpm.models.TeamMember(959666179587400)#56
10:24:09.907 [main] DEBUG org.hibernate.orm.results.loading - Calling top-level assembler (0 / 1) : org.hibernate.sql.results.graph.entity.internal.EntityAssembler@22db1358
10:24:09.907 [main] DEBUG org.hibernate.orm.results - Extracted JDBC value [0] - [77]
10:24:09.907 [main] DEBUG org.hibernate.orm.results.loading.entity - (EntityResultInitializer) Hydrated EntityKey (org.frcpm.models.TeamMember(959666179587400)): 77
10:24:09.907 [main] DEBUG org.hibernate.orm.results.loading.org.hibernate.orm.results.loading.collection - (DelayedCollectionInitializer) Current row collection key : org.frcpm.models.TeamMember(959666179587400).assignedTasks#77
10:24:09.907 [main] DEBUG org.hibernate.orm.results.loading.org.hibernate.orm.results.loading.collection - (DelayedCollectionInitializer) Current row collection key : org.frcpm.models.TeamMember(959666179587400).attendances#77
10:24:09.907 [main] DEBUG org.hibernate.orm.results.loading.entity - (EntityResultInitializer) Created new entity instance [org.frcpm.models.TeamMember(959666179587400)#77] : 1196160524
10:24:09.907 [main] DEBUG org.hibernate.orm.results - Extracted JDBC value [7] - [null]
10:24:09.907 [main] DEBUG org.hibernate.orm.results - Extracted JDBC value [1] - [testupdate@example.com]
10:24:09.907 [main] DEBUG org.hibernate.orm.results - Extracted JDBC value [2] - [Updated]
10:24:09.907 [main] DEBUG org.hibernate.orm.results - Extracted JDBC value [3] - [Update]
10:24:09.907 [main] DEBUG org.hibernate.orm.results - Extracted JDBC value [4] - [false]
10:24:09.907 [main] DEBUG org.hibernate.orm.results - Extracted JDBC value [5] - [null]
10:24:09.907 [main] DEBUG org.hibernate.orm.results - Extracted JDBC value [6] - [Updated Skills]
10:24:09.907 [main] DEBUG org.hibernate.orm.results - Extracted JDBC value [8] - [testupdate]
10:24:09.907 [main] DEBUG org.hibernate.orm.results.loading.entity - (EntityResultInitializer) Done materializing entityInstance : org.frcpm.models.TeamMember(959666179587400)#77
10:24:09.907 [main] DEBUG org.hibernate.orm.results.loading - Calling top-level assembler (0 / 1) : org.hibernate.sql.results.graph.entity.internal.EntityAssembler@22db1358
10:24:09.907 [main] DEBUG org.hibernate.orm.results - Extracted JDBC value [0] - [84]
10:24:09.907 [main] DEBUG org.hibernate.orm.results.loading.entity - (EntityResultInitializer) Hydrated EntityKey (org.frcpm.models.TeamMember(959666179587400)): 84
10:24:09.907 [main] DEBUG org.hibernate.orm.results.loading.org.hibernate.orm.results.loading.collection - (DelayedCollectionInitializer) Current row collection key : org.frcpm.models.TeamMember(959666179587400).assignedTasks#84
10:24:09.907 [main] DEBUG org.hibernate.orm.results.loading.org.hibernate.orm.results.loading.collection - (DelayedCollectionInitializer) Current row collection key : org.frcpm.models.TeamMember(959666179587400).attendances#84
10:24:09.907 [main] DEBUG org.hibernate.orm.results.loading.entity - (EntityResultInitializer) Created new entity instance [org.frcpm.models.TeamMember(959666179587400)#84] : 515634680
10:24:09.907 [main] DEBUG org.hibernate.orm.results - Extracted JDBC value [7] - [null]
10:24:09.907 [main] DEBUG org.hibernate.orm.results - Extracted JDBC value [1] - [attendance3@example.com]
10:24:09.907 [main] DEBUG org.hibernate.orm.results - Extracted JDBC value [2] - [Attendance]
10:24:09.907 [main] DEBUG org.hibernate.orm.results - Extracted JDBC value [3] - [Test3]
10:24:09.907 [main] DEBUG org.hibernate.orm.results - Extracted JDBC value [4] - [false]
10:24:09.907 [main] DEBUG org.hibernate.orm.results - Extracted JDBC value [5] - [555-9012]
10:24:09.907 [main] DEBUG org.hibernate.orm.results - Extracted JDBC value [6] - [null]
10:24:09.907 [main] DEBUG org.hibernate.orm.results - Extracted JDBC value [8] - [attendancetest3]
10:24:09.908 [main] DEBUG org.hibernate.orm.results.loading.entity - (EntityResultInitializer) Done materializing entityInstance : org.frcpm.models.TeamMember(959666179587400)#84
10:24:09.908 [main] DEBUG org.hibernate.orm.results.loading - Calling top-level assembler (0 / 1) : org.hibernate.sql.results.graph.entity.internal.EntityAssembler@22db1358
10:24:09.908 [main] DEBUG org.hibernate.resource.jdbc.internal.LogicalConnectionManagedImpl - Initiating JDBC connection release from afterTransaction
10:24:09.908 [main] DEBUG org.hibernate.resource.jdbc.internal.LogicalConnectionManagedImpl - Initiating JDBC connection release from afterTransaction
10:24:09.909 [main] DEBUG org.hibernate.orm.sql.ast.create - Created new SQL alias : s1_0
10:24:09.909 [main] DEBUG org.hibernate.orm.sql.ast.create - Registration of TableGroup [StandardTableGroup(org.frcpm.models.Subteam(959666194871100))] with identifierForTableGroup [org.frcpm.models.Subteam] for NavigablePath [org.frcpm.models.Subteam] 
10:24:09.910 [main] DEBUG org.hibernate.orm.results.graph.AST - DomainResult Graph:
 \-EntityResultImpl [org.frcpm.models.Subteam(959666194871100)]
 |  +-BasicFetch [org.frcpm.models.Subteam(959666194871100).colorCode]
 |  +-DelayedCollectionFetch [org.frcpm.models.Subteam(959666194871100).members]
 |  +-BasicFetch [org.frcpm.models.Subteam(959666194871100).name]
 |  +-BasicFetch [org.frcpm.models.Subteam(959666194871100).specialties]
 |  \-DelayedCollectionFetch [org.frcpm.models.Subteam(959666194871100).subsystems]

10:24:09.910 [main] DEBUG org.hibernate.orm.sql.ast.tree - SQL AST Tree:
    SelectStatement {
      FromClause {
        StandardTableGroup (s1 : org.frcpm.models.Subteam(959666194871100)) {
          primaryTableReference : subteams as s1_0
        }
      }
    }

10:24:09.910 [main] DEBUG org.hibernate.orm.sql.exec - Skipping reading Query result cache data: cache-enabled = false, cache-mode = NORMAL
10:24:09.910 [main] DEBUG org.hibernate.orm.results - Initializer list:
	  org.frcpm.models.Subteam(959666194871100) -> EntityResultInitializer(org.frcpm.models.Subteam(959666194871100))@32431281 (SingleTableEntityPersister(org.frcpm.models.Subteam))
	  org.frcpm.models.Subteam(959666194871100).members -> DelayedCollectionInitializer(org.frcpm.models.Subteam(959666194871100).members)@387012816 (PluralAttribute(org.frcpm.models.Subteam.members))
	  org.frcpm.models.Subteam(959666194871100).subsystems -> DelayedCollectionInitializer(org.frcpm.models.Subteam(959666194871100).subsystems)@2121788420 (PluralAttribute(org.frcpm.models.Subteam.subsystems))

10:24:09.910 [main] DEBUG org.hibernate.SQL - select s1_0.id,s1_0.color_code,s1_0.name,s1_0.specialties from subteams s1_0
10:24:09.911 [main] DEBUG org.hibernate.orm.results - Extracted JDBC value [0] - [1]
10:24:09.911 [main] DEBUG org.hibernate.orm.results.loading.entity - (EntityResultInitializer) Hydrated EntityKey (org.frcpm.models.Subteam(959666194871100)): 1
10:24:09.911 [main] DEBUG org.hibernate.orm.results.loading.org.hibernate.orm.results.loading.collection - (DelayedCollectionInitializer) Current row collection key : org.frcpm.models.Subteam(959666194871100).members#1
10:24:09.911 [main] DEBUG org.hibernate.orm.results.loading.org.hibernate.orm.results.loading.collection - (DelayedCollectionInitializer) Current row collection key : org.frcpm.models.Subteam(959666194871100).subsystems#1
10:24:09.911 [main] DEBUG org.hibernate.orm.results.loading.entity - (EntityResultInitializer) Created new entity instance [org.frcpm.models.Subteam(959666194871100)#1] : 1537269940
10:24:09.911 [main] DEBUG org.hibernate.orm.results - Extracted JDBC value [1] - [#FF5733]
10:24:09.911 [main] DEBUG org.hibernate.orm.results - Extracted JDBC value [2] - [Mechanical]
10:24:09.911 [main] DEBUG org.hibernate.orm.results - Extracted JDBC value [3] - [Design, CAD, Fabrication, Assembly]
10:24:09.911 [main] DEBUG org.hibernate.orm.results.loading.entity - (EntityResultInitializer) Done materializing entityInstance : org.frcpm.models.Subteam(959666194871100)#1
10:24:09.911 [main] DEBUG org.hibernate.orm.results.loading - Calling top-level assembler (0 / 1) : org.hibernate.sql.results.graph.entity.internal.EntityAssembler@fd173b2
10:24:09.911 [main] DEBUG org.hibernate.orm.results - Extracted JDBC value [0] - [2]
10:24:09.911 [main] DEBUG org.hibernate.orm.results.loading.entity - (EntityResultInitializer) Hydrated EntityKey (org.frcpm.models.Subteam(959666194871100)): 2
10:24:09.911 [main] DEBUG org.hibernate.orm.results.loading.org.hibernate.orm.results.loading.collection - (DelayedCollectionInitializer) Current row collection key : org.frcpm.models.Subteam(959666194871100).members#2
10:24:09.911 [main] DEBUG org.hibernate.orm.results.loading.org.hibernate.orm.results.loading.collection - (DelayedCollectionInitializer) Current row collection key : org.frcpm.models.Subteam(959666194871100).subsystems#2
10:24:09.911 [main] DEBUG org.hibernate.orm.results.loading.entity - (EntityResultInitializer) Created new entity instance [org.frcpm.models.Subteam(959666194871100)#2] : 1395165116
10:24:09.911 [main] DEBUG org.hibernate.orm.results - Extracted JDBC value [1] - [#33A8FF]
10:24:09.911 [main] DEBUG org.hibernate.orm.results - Extracted JDBC value [2] - [Electrical]
10:24:09.911 [main] DEBUG org.hibernate.orm.results - Extracted JDBC value [3] - [Wiring, Electronics, Sensors, Power Systems]
10:24:09.911 [main] DEBUG org.hibernate.orm.results.loading.entity - (EntityResultInitializer) Done materializing entityInstance : org.frcpm.models.Subteam(959666194871100)#2
10:24:09.911 [main] DEBUG org.hibernate.orm.results.loading - Calling top-level assembler (0 / 1) : org.hibernate.sql.results.graph.entity.internal.EntityAssembler@fd173b2
10:24:09.911 [main] DEBUG org.hibernate.orm.results - Extracted JDBC value [0] - [3]
10:24:09.911 [main] DEBUG org.hibernate.orm.results.loading.entity - (EntityResultInitializer) Hydrated EntityKey (org.frcpm.models.Subteam(959666194871100)): 3
10:24:09.911 [main] DEBUG org.hibernate.orm.results.loading.org.hibernate.orm.results.loading.collection - (DelayedCollectionInitializer) Current row collection key : org.frcpm.models.Subteam(959666194871100).members#3
10:24:09.911 [main] DEBUG org.hibernate.orm.results.loading.org.hibernate.orm.results.loading.collection - (DelayedCollectionInitializer) Current row collection key : org.frcpm.models.Subteam(959666194871100).subsystems#3
10:24:09.911 [main] DEBUG org.hibernate.orm.results.loading.entity - (EntityResultInitializer) Created new entity instance [org.frcpm.models.Subteam(959666194871100)#3] : 1758165678
10:24:09.911 [main] DEBUG org.hibernate.orm.results - Extracted JDBC value [1] - [#33FF57]
10:24:09.911 [main] DEBUG org.hibernate.orm.results - Extracted JDBC value [2] - [Programming]
10:24:09.911 [main] DEBUG org.hibernate.orm.results - Extracted JDBC value [3] - [Java, Vision, Control Systems, Autonomous]
10:24:09.912 [main] DEBUG org.hibernate.orm.results.loading.entity - (EntityResultInitializer) Done materializing entityInstance : org.frcpm.models.Subteam(959666194871100)#3
10:24:09.912 [main] DEBUG org.hibernate.orm.results.loading - Calling top-level assembler (0 / 1) : org.hibernate.sql.results.graph.entity.internal.EntityAssembler@fd173b2
10:24:09.912 [main] DEBUG org.hibernate.orm.results - Extracted JDBC value [0] - [4]
10:24:09.912 [main] DEBUG org.hibernate.orm.results.loading.entity - (EntityResultInitializer) Hydrated EntityKey (org.frcpm.models.Subteam(959666194871100)): 4
10:24:09.912 [main] DEBUG org.hibernate.orm.results.loading.org.hibernate.orm.results.loading.collection - (DelayedCollectionInitializer) Current row collection key : org.frcpm.models.Subteam(959666194871100).members#4
10:24:09.912 [main] DEBUG org.hibernate.orm.results.loading.org.hibernate.orm.results.loading.collection - (DelayedCollectionInitializer) Current row collection key : org.frcpm.models.Subteam(959666194871100).subsystems#4
10:24:09.912 [main] DEBUG org.hibernate.orm.results.loading.entity - (EntityResultInitializer) Created new entity instance [org.frcpm.models.Subteam(959666194871100)#4] : 1560499214
10:24:09.912 [main] DEBUG org.hibernate.orm.results - Extracted JDBC value [1] - [#FF33A8]
10:24:09.912 [main] DEBUG org.hibernate.orm.results - Extracted JDBC value [2] - [Business]
10:24:09.912 [main] DEBUG org.hibernate.orm.results - Extracted JDBC value [3] - [Fundraising, Marketing, Outreach, Awards]
10:24:09.912 [main] DEBUG org.hibernate.orm.results.loading.entity - (EntityResultInitializer) Done materializing entityInstance : org.frcpm.models.Subteam(959666194871100)#4
10:24:09.912 [main] DEBUG org.hibernate.orm.results.loading - Calling top-level assembler (0 / 1) : org.hibernate.sql.results.graph.entity.internal.EntityAssembler@fd173b2
10:24:09.912 [main] DEBUG org.hibernate.orm.results - Extracted JDBC value [0] - [24]
10:24:09.912 [main] DEBUG org.hibernate.orm.results.loading.entity - (EntityResultInitializer) Hydrated EntityKey (org.frcpm.models.Subteam(959666194871100)): 24
10:24:09.912 [main] DEBUG org.hibernate.orm.results.loading.org.hibernate.orm.results.loading.collection - (DelayedCollectionInitializer) Current row collection key : org.frcpm.models.Subteam(959666194871100).members#24
10:24:09.912 [main] DEBUG org.hibernate.orm.results.loading.org.hibernate.orm.results.loading.collection - (DelayedCollectionInitializer) Current row collection key : org.frcpm.models.Subteam(959666194871100).subsystems#24
10:24:09.912 [main] DEBUG org.hibernate.orm.results.loading.entity - (EntityResultInitializer) Created new entity instance [org.frcpm.models.Subteam(959666194871100)#24] : 2145741639
10:24:09.912 [main] DEBUG org.hibernate.orm.results - Extracted JDBC value [1] - [#0000FF]
10:24:09.912 [main] DEBUG org.hibernate.orm.results - Extracted JDBC value [2] - [Test Count Subteam]
10:24:09.912 [main] DEBUG org.hibernate.orm.results - Extracted JDBC value [3] - [null]
10:24:09.912 [main] DEBUG org.hibernate.orm.results.loading.entity - (EntityResultInitializer) Done materializing entityInstance : org.frcpm.models.Subteam(959666194871100)#24
10:24:09.912 [main] DEBUG org.hibernate.orm.results.loading - Calling top-level assembler (0 / 1) : org.hibernate.sql.results.graph.entity.internal.EntityAssembler@fd173b2
10:24:09.912 [main] DEBUG org.hibernate.orm.results - Extracted JDBC value [0] - [27]
10:24:09.912 [main] DEBUG org.hibernate.orm.results.loading.entity - (EntityResultInitializer) Hydrated EntityKey (org.frcpm.models.Subteam(959666194871100)): 27
10:24:09.912 [main] DEBUG org.hibernate.orm.results.loading.org.hibernate.orm.results.loading.collection - (DelayedCollectionInitializer) Current row collection key : org.frcpm.models.Subteam(959666194871100).members#27
10:24:09.912 [main] DEBUG org.hibernate.orm.results.loading.org.hibernate.orm.results.loading.collection - (DelayedCollectionInitializer) Current row collection key : org.frcpm.models.Subteam(959666194871100).subsystems#27
10:24:09.912 [main] DEBUG org.hibernate.orm.results.loading.entity - (EntityResultInitializer) Created new entity instance [org.frcpm.models.Subteam(959666194871100)#27] : 588843306
10:24:09.912 [main] DEBUG org.hibernate.orm.results - Extracted JDBC value [1] - [#0000FF]
10:24:09.912 [main] DEBUG org.hibernate.orm.results - Extracted JDBC value [2] - [Test Save Subteam]
10:24:09.912 [main] DEBUG org.hibernate.orm.results - Extracted JDBC value [3] - [Testing]
10:24:09.912 [main] DEBUG org.hibernate.orm.results.loading.entity - (EntityResultInitializer) Done materializing entityInstance : org.frcpm.models.Subteam(959666194871100)#27
10:24:09.912 [main] DEBUG org.hibernate.orm.results.loading - Calling top-level assembler (0 / 1) : org.hibernate.sql.results.graph.entity.internal.EntityAssembler@fd173b2
10:24:09.912 [main] DEBUG org.hibernate.orm.results - Extracted JDBC value [0] - [42]
10:24:09.912 [main] DEBUG org.hibernate.orm.results.loading.entity - (EntityResultInitializer) Hydrated EntityKey (org.frcpm.models.Subteam(959666194871100)): 42
10:24:09.912 [main] DEBUG org.hibernate.orm.results.loading.org.hibernate.orm.results.loading.collection - (DelayedCollectionInitializer) Current row collection key : org.frcpm.models.Subteam(959666194871100).members#42
10:24:09.912 [main] DEBUG org.hibernate.orm.results.loading.org.hibernate.orm.results.loading.collection - (DelayedCollectionInitializer) Current row collection key : org.frcpm.models.Subteam(959666194871100).subsystems#42
10:24:09.912 [main] DEBUG org.hibernate.orm.results.loading.entity - (EntityResultInitializer) Created new entity instance [org.frcpm.models.Subteam(959666194871100)#42] : 948420443
10:24:09.912 [main] DEBUG org.hibernate.orm.results - Extracted JDBC value [1] - [#00FFFF]
10:24:09.912 [main] DEBUG org.hibernate.orm.results - Extracted JDBC value [2] - [Updated Subteam Name]
10:24:09.912 [main] DEBUG org.hibernate.orm.results - Extracted JDBC value [3] - [null]
10:24:09.912 [main] DEBUG org.hibernate.orm.results.loading.entity - (EntityResultInitializer) Done materializing entityInstance : org.frcpm.models.Subteam(959666194871100)#42
10:24:09.912 [main] DEBUG org.hibernate.orm.results.loading - Calling top-level assembler (0 / 1) : org.hibernate.sql.results.graph.entity.internal.EntityAssembler@fd173b2
10:24:09.912 [main] DEBUG org.hibernate.orm.results - Extracted JDBC value [0] - [67]
10:24:09.912 [main] DEBUG org.hibernate.orm.results.loading.entity - (EntityResultInitializer) Hydrated EntityKey (org.frcpm.models.Subteam(959666194871100)): 67
10:24:09.912 [main] DEBUG org.hibernate.orm.results.loading.org.hibernate.orm.results.loading.collection - (DelayedCollectionInitializer) Current row collection key : org.frcpm.models.Subteam(959666194871100).members#67
10:24:09.912 [main] DEBUG org.hibernate.orm.results.loading.org.hibernate.orm.results.loading.collection - (DelayedCollectionInitializer) Current row collection key : org.frcpm.models.Subteam(959666194871100).subsystems#67
10:24:09.912 [main] DEBUG org.hibernate.orm.results.loading.entity - (EntityResultInitializer) Created new entity instance [org.frcpm.models.Subteam(959666194871100)#67] : 934449015
10:24:09.912 [main] DEBUG org.hibernate.orm.results - Extracted JDBC value [1] - [#0000FF]
10:24:09.912 [main] DEBUG org.hibernate.orm.results - Extracted JDBC value [2] - [Test Create Service Subteam]
10:24:09.912 [main] DEBUG org.hibernate.orm.results - Extracted JDBC value [3] - [Testing, Quality Assurance]
10:24:09.912 [main] DEBUG org.hibernate.orm.results.loading.entity - (EntityResultInitializer) Done materializing entityInstance : org.frcpm.models.Subteam(959666194871100)#67
10:24:09.912 [main] DEBUG org.hibernate.orm.results.loading - Calling top-level assembler (0 / 1) : org.hibernate.sql.results.graph.entity.internal.EntityAssembler@fd173b2
10:24:09.912 [main] DEBUG org.hibernate.orm.results - Extracted JDBC value [0] - [70]
10:24:09.912 [main] DEBUG org.hibernate.orm.results.loading.entity - (EntityResultInitializer) Hydrated EntityKey (org.frcpm.models.Subteam(959666194871100)): 70
10:24:09.912 [main] DEBUG org.hibernate.orm.results.loading.org.hibernate.orm.results.loading.collection - (DelayedCollectionInitializer) Current row collection key : org.frcpm.models.Subteam(959666194871100).members#70
10:24:09.912 [main] DEBUG org.hibernate.orm.results.loading.org.hibernate.orm.results.loading.collection - (DelayedCollectionInitializer) Current row collection key : org.frcpm.models.Subteam(959666194871100).subsystems#70
10:24:09.912 [main] DEBUG org.hibernate.orm.results.loading.entity - (EntityResultInitializer) Created new entity instance [org.frcpm.models.Subteam(959666194871100)#70] : 363640621
10:24:09.912 [main] DEBUG org.hibernate.orm.results - Extracted JDBC value [1] - [#00FFFF]
10:24:09.912 [main] DEBUG org.hibernate.orm.results - Extracted JDBC value [2] - [Test Color Update Subteam]
10:24:09.912 [main] DEBUG org.hibernate.orm.results - Extracted JDBC value [3] - [Specialties]
10:24:09.912 [main] DEBUG org.hibernate.orm.results.loading.entity - (EntityResultInitializer) Done materializing entityInstance : org.frcpm.models.Subteam(959666194871100)#70
10:24:09.912 [main] DEBUG org.hibernate.orm.results.loading - Calling top-level assembler (0 / 1) : org.hibernate.sql.results.graph.entity.internal.EntityAssembler@fd173b2
10:24:09.912 [main] DEBUG org.hibernate.orm.results - Extracted JDBC value [0] - [79]
10:24:09.912 [main] DEBUG org.hibernate.orm.results.loading.entity - (EntityResultInitializer) Hydrated EntityKey (org.frcpm.models.Subteam(959666194871100)): 79
10:24:09.912 [main] DEBUG org.hibernate.orm.results.loading.org.hibernate.orm.results.loading.collection - (DelayedCollectionInitializer) Current row collection key : org.frcpm.models.Subteam(959666194871100).members#79
10:24:09.912 [main] DEBUG org.hibernate.orm.results.loading.org.hibernate.orm.results.loading.collection - (DelayedCollectionInitializer) Current row collection key : org.frcpm.models.Subteam(959666194871100).subsystems#79
10:24:09.912 [main] DEBUG org.hibernate.orm.results.loading.entity - (EntityResultInitializer) Created new entity instance [org.frcpm.models.Subteam(959666194871100)#79] : 452531916
10:24:09.912 [main] DEBUG org.hibernate.orm.results - Extracted JDBC value [1] - [#0000FF]
10:24:09.912 [main] DEBUG org.hibernate.orm.results - Extracted JDBC value [2] - [Test Update Subteam]
10:24:09.912 [main] DEBUG org.hibernate.orm.results - Extracted JDBC value [3] - [Updated Specialties]
10:24:09.913 [main] DEBUG org.hibernate.orm.results.loading.entity - (EntityResultInitializer) Done materializing entityInstance : org.frcpm.models.Subteam(959666194871100)#79
10:24:09.913 [main] DEBUG org.hibernate.orm.results.loading - Calling top-level assembler (0 / 1) : org.hibernate.sql.results.graph.entity.internal.EntityAssembler@fd173b2
10:24:09.913 [main] DEBUG org.hibernate.orm.results - Extracted JDBC value [0] - [87]
10:24:09.913 [main] DEBUG org.hibernate.orm.results.loading.entity - (EntityResultInitializer) Hydrated EntityKey (org.frcpm.models.Subteam(959666194871100)): 87
10:24:09.913 [main] DEBUG org.hibernate.orm.results.loading.org.hibernate.orm.results.loading.collection - (DelayedCollectionInitializer) Current row collection key : org.frcpm.models.Subteam(959666194871100).members#87
10:24:09.913 [main] DEBUG org.hibernate.orm.results.loading.org.hibernate.orm.results.loading.collection - (DelayedCollectionInitializer) Current row collection key : org.frcpm.models.Subteam(959666194871100).subsystems#87
10:24:09.913 [main] DEBUG org.hibernate.orm.results.loading.entity - (EntityResultInitializer) Created new entity instance [org.frcpm.models.Subteam(959666194871100)#87] : 93512758
10:24:09.913 [main] DEBUG org.hibernate.orm.results - Extracted JDBC value [1] - [#0000FF]
10:24:09.913 [main] DEBUG org.hibernate.orm.results - Extracted JDBC value [2] - [Duplicate Name Subteam]
10:24:09.913 [main] DEBUG org.hibernate.orm.results - Extracted JDBC value [3] - [Specialties]
10:24:09.913 [main] DEBUG org.hibernate.orm.results.loading.entity - (EntityResultInitializer) Done materializing entityInstance : org.frcpm.models.Subteam(959666194871100)#87
10:24:09.913 [main] DEBUG org.hibernate.orm.results.loading - Calling top-level assembler (0 / 1) : org.hibernate.sql.results.graph.entity.internal.EntityAssembler@fd173b2
10:24:09.913 [main] DEBUG org.hibernate.resource.jdbc.internal.LogicalConnectionManagedImpl - Initiating JDBC connection release from afterTransaction
10:24:09.913 [main] DEBUG org.hibernate.resource.jdbc.internal.LogicalConnectionManagedImpl - Initiating JDBC connection release from afterTransaction
]]></system-out>
  </testcase>
  <testcase name="testShowConfirmationAlert" classname="org.frcpm.controllers.TeamControllerTest" time="0.025">
    <system-out><![CDATA[10:24:09.931 [main] DEBUG org.hibernate.orm.sql.ast.create - Created new SQL alias : tm1_0
10:24:09.931 [main] DEBUG org.hibernate.orm.sql.ast.create - Registration of TableGroup [StandardTableGroup(org.frcpm.models.TeamMember(959666217874900))] with identifierForTableGroup [org.frcpm.models.TeamMember] for NavigablePath [org.frcpm.models.TeamMember] 
10:24:09.932 [main] DEBUG org.hibernate.orm.sql.ast.create - Registration of TableGroup [org.hibernate.sql.ast.tree.from.LazyTableGroup@20aef53a] with identifierForTableGroup [org.frcpm.models.TeamMember.subteam] for NavigablePath [org.frcpm.models.TeamMember.subteam] 
10:24:09.932 [main] DEBUG org.hibernate.orm.results.graph.AST - DomainResult Graph:
 \-EntityResultImpl [org.frcpm.models.TeamMember(959666217874900)]
 |  +-DelayedCollectionFetch [org.frcpm.models.TeamMember(959666217874900).assignedTasks]
 |  +-DelayedCollectionFetch [org.frcpm.models.TeamMember(959666217874900).attendances]
 |  +-BasicFetch [org.frcpm.models.TeamMember(959666217874900).email]
 |  +-BasicFetch [org.frcpm.models.TeamMember(959666217874900).firstName]
 |  +-BasicFetch [org.frcpm.models.TeamMember(959666217874900).lastName]
 |  +-BasicFetch [org.frcpm.models.TeamMember(959666217874900).leader]
 |  +-BasicFetch [org.frcpm.models.TeamMember(959666217874900).phone]
 |  +-BasicFetch [org.frcpm.models.TeamMember(959666217874900).skills]
 |  +-CircularFetchImpl [org.frcpm.models.TeamMember(959666217874900).subteam]
 |  \-BasicFetch [org.frcpm.models.TeamMember(959666217874900).username]

10:24:09.933 [main] DEBUG org.hibernate.orm.sql.ast.tree - SQL AST Tree:
    SelectStatement {
      FromClause {
        StandardTableGroup (tm1 : org.frcpm.models.TeamMember(959666217874900)) {
          primaryTableReference : team_members as tm1_0
          TableGroupJoins {
            left  join LazyTableGroup (s1 : org.frcpm.models.TeamMember(959666217874900).subteam) {
            }
          }
        }
      }
    }

10:24:09.933 [main] DEBUG org.hibernate.orm.sql.exec - Skipping reading Query result cache data: cache-enabled = false, cache-mode = NORMAL
10:24:09.933 [main] DEBUG org.hibernate.orm.results - Initializer list:
	  org.frcpm.models.TeamMember(959666217874900).attendances -> DelayedCollectionInitializer(org.frcpm.models.TeamMember(959666217874900).attendances)@1758379489 (PluralAttribute(org.frcpm.models.TeamMember.attendances))
	  org.frcpm.models.TeamMember(959666217874900).assignedTasks -> DelayedCollectionInitializer(org.frcpm.models.TeamMember(959666217874900).assignedTasks)@712417371 (PluralAttribute(org.frcpm.models.TeamMember.assignedTasks))
	  org.frcpm.models.TeamMember(959666217874900) -> EntityResultInitializer(org.frcpm.models.TeamMember(959666217874900))@1334910487 (SingleTableEntityPersister(org.frcpm.models.TeamMember))
	  org.frcpm.models.TeamMember(959666217874900).subteam -> EntityDelayedFetchInitializer(org.frcpm.models.TeamMember(959666217874900).subteam)@415315450 (ToOneAttributeMapping(NavigableRole[org.frcpm.models.TeamMember.subteam])@1143917207)

10:24:09.934 [main] DEBUG org.hibernate.SQL - select tm1_0.id,tm1_0.email,tm1_0.first_name,tm1_0.last_name,tm1_0.is_leader,tm1_0.phone,tm1_0.skills,tm1_0.subteam_id,tm1_0.username from team_members tm1_0
10:24:09.935 [main] DEBUG org.hibernate.orm.results - Extracted JDBC value [0] - [1]
10:24:09.935 [main] DEBUG org.hibernate.orm.results.loading.entity - (EntityResultInitializer) Hydrated EntityKey (org.frcpm.models.TeamMember(959666217874900)): 1
10:24:09.935 [main] DEBUG org.hibernate.orm.results.loading.org.hibernate.orm.results.loading.collection - (DelayedCollectionInitializer) Current row collection key : org.frcpm.models.TeamMember(959666217874900).assignedTasks#1
10:24:09.935 [main] DEBUG org.hibernate.orm.results.loading.org.hibernate.orm.results.loading.collection - (DelayedCollectionInitializer) Current row collection key : org.frcpm.models.TeamMember(959666217874900).attendances#1
10:24:09.935 [main] DEBUG org.hibernate.orm.results.loading.entity - (EntityResultInitializer) Created new entity instance [org.frcpm.models.TeamMember(959666217874900)#1] : 1571846873
10:24:09.935 [main] DEBUG org.hibernate.orm.results - Extracted JDBC value [7] - [3]
10:24:09.935 [main] DEBUG org.hibernate.orm.results - Extracted JDBC value [1] - [jsmith@example.com]
10:24:09.935 [main] DEBUG org.hibernate.orm.results - Extracted JDBC value [2] - [John]
10:24:09.935 [main] DEBUG org.hibernate.orm.results - Extracted JDBC value [3] - [Smith]
10:24:09.935 [main] DEBUG org.hibernate.orm.results - Extracted JDBC value [4] - [true]
10:24:09.935 [main] DEBUG org.hibernate.orm.results - Extracted JDBC value [5] - [555-1234]
10:24:09.935 [main] DEBUG org.hibernate.orm.results - Extracted JDBC value [6] - [Java, Python, Control Systems]
10:24:09.935 [main] DEBUG org.hibernate.orm.results - Extracted JDBC value [8] - [jsmith]
10:24:09.936 [main] DEBUG org.hibernate.orm.results.loading.entity - (EntityResultInitializer) Done materializing entityInstance : org.frcpm.models.TeamMember(959666217874900)#1
10:24:09.936 [main] DEBUG org.hibernate.orm.results.loading - Calling top-level assembler (0 / 1) : org.hibernate.sql.results.graph.entity.internal.EntityAssembler@b878400
10:24:09.936 [main] DEBUG org.hibernate.orm.results - Extracted JDBC value [0] - [2]
10:24:09.936 [main] DEBUG org.hibernate.orm.results.loading.entity - (EntityResultInitializer) Hydrated EntityKey (org.frcpm.models.TeamMember(959666217874900)): 2
10:24:09.936 [main] DEBUG org.hibernate.orm.results.loading.org.hibernate.orm.results.loading.collection - (DelayedCollectionInitializer) Current row collection key : org.frcpm.models.TeamMember(959666217874900).assignedTasks#2
10:24:09.936 [main] DEBUG org.hibernate.orm.results.loading.org.hibernate.orm.results.loading.collection - (DelayedCollectionInitializer) Current row collection key : org.frcpm.models.TeamMember(959666217874900).attendances#2
10:24:09.936 [main] DEBUG org.hibernate.orm.results.loading.entity - (EntityResultInitializer) Created new entity instance [org.frcpm.models.TeamMember(959666217874900)#2] : 1430208795
10:24:09.936 [main] DEBUG org.hibernate.orm.results - Extracted JDBC value [7] - [1]
10:24:09.936 [main] DEBUG org.hibernate.orm.results - Extracted JDBC value [1] - [agarcia@example.com]
10:24:09.936 [main] DEBUG org.hibernate.orm.results - Extracted JDBC value [2] - [Ana]
10:24:09.936 [main] DEBUG org.hibernate.orm.results - Extracted JDBC value [3] - [Garcia]
10:24:09.936 [main] DEBUG org.hibernate.orm.results - Extracted JDBC value [4] - [true]
10:24:09.936 [main] DEBUG org.hibernate.orm.results - Extracted JDBC value [5] - [555-5678]
10:24:09.936 [main] DEBUG org.hibernate.orm.results - Extracted JDBC value [6] - [CAD, Design, Machining]
10:24:09.936 [main] DEBUG org.hibernate.orm.results - Extracted JDBC value [8] - [agarcia]
10:24:09.936 [main] DEBUG org.hibernate.orm.results.loading.entity - (EntityResultInitializer) Done materializing entityInstance : org.frcpm.models.TeamMember(959666217874900)#2
10:24:09.936 [main] DEBUG org.hibernate.orm.results.loading - Calling top-level assembler (0 / 1) : org.hibernate.sql.results.graph.entity.internal.EntityAssembler@b878400
10:24:09.936 [main] DEBUG org.hibernate.orm.results - Extracted JDBC value [0] - [3]
10:24:09.936 [main] DEBUG org.hibernate.orm.results.loading.entity - (EntityResultInitializer) Hydrated EntityKey (org.frcpm.models.TeamMember(959666217874900)): 3
10:24:09.936 [main] DEBUG org.hibernate.orm.results.loading.org.hibernate.orm.results.loading.collection - (DelayedCollectionInitializer) Current row collection key : org.frcpm.models.TeamMember(959666217874900).assignedTasks#3
10:24:09.936 [main] DEBUG org.hibernate.orm.results.loading.org.hibernate.orm.results.loading.collection - (DelayedCollectionInitializer) Current row collection key : org.frcpm.models.TeamMember(959666217874900).attendances#3
10:24:09.936 [main] DEBUG org.hibernate.orm.results.loading.entity - (EntityResultInitializer) Created new entity instance [org.frcpm.models.TeamMember(959666217874900)#3] : 223998357
10:24:09.936 [main] DEBUG org.hibernate.orm.results - Extracted JDBC value [7] - [2]
10:24:09.936 [main] DEBUG org.hibernate.orm.results - Extracted JDBC value [1] - [twong@example.com]
10:24:09.936 [main] DEBUG org.hibernate.orm.results - Extracted JDBC value [2] - [Tyler]
10:24:09.936 [main] DEBUG org.hibernate.orm.results - Extracted JDBC value [3] - [Wong]
10:24:09.936 [main] DEBUG org.hibernate.orm.results - Extracted JDBC value [4] - [true]
10:24:09.936 [main] DEBUG org.hibernate.orm.results - Extracted JDBC value [5] - [555-9012]
10:24:09.936 [main] DEBUG org.hibernate.orm.results - Extracted JDBC value [6] - [Electronics, Wiring, Soldering]
10:24:09.936 [main] DEBUG org.hibernate.orm.results - Extracted JDBC value [8] - [twong]
10:24:09.937 [main] DEBUG org.hibernate.orm.results.loading.entity - (EntityResultInitializer) Done materializing entityInstance : org.frcpm.models.TeamMember(959666217874900)#3
10:24:09.937 [main] DEBUG org.hibernate.orm.results.loading - Calling top-level assembler (0 / 1) : org.hibernate.sql.results.graph.entity.internal.EntityAssembler@b878400
10:24:09.937 [main] DEBUG org.hibernate.orm.results - Extracted JDBC value [0] - [4]
10:24:09.937 [main] DEBUG org.hibernate.orm.results.loading.entity - (EntityResultInitializer) Hydrated EntityKey (org.frcpm.models.TeamMember(959666217874900)): 4
10:24:09.937 [main] DEBUG org.hibernate.orm.results.loading.org.hibernate.orm.results.loading.collection - (DelayedCollectionInitializer) Current row collection key : org.frcpm.models.TeamMember(959666217874900).assignedTasks#4
10:24:09.937 [main] DEBUG org.hibernate.orm.results.loading.org.hibernate.orm.results.loading.collection - (DelayedCollectionInitializer) Current row collection key : org.frcpm.models.TeamMember(959666217874900).attendances#4
10:24:09.937 [main] DEBUG org.hibernate.orm.results.loading.entity - (EntityResultInitializer) Created new entity instance [org.frcpm.models.TeamMember(959666217874900)#4] : 835503161
10:24:09.937 [main] DEBUG org.hibernate.orm.results - Extracted JDBC value [7] - [4]
10:24:09.937 [main] DEBUG org.hibernate.orm.results - Extracted JDBC value [1] - [lchen@example.com]
10:24:09.937 [main] DEBUG org.hibernate.orm.results - Extracted JDBC value [2] - [Lisa]
10:24:09.937 [main] DEBUG org.hibernate.orm.results - Extracted JDBC value [3] - [Chen]
10:24:09.937 [main] DEBUG org.hibernate.orm.results - Extracted JDBC value [4] - [true]
10:24:09.937 [main] DEBUG org.hibernate.orm.results - Extracted JDBC value [5] - [555-3456]
10:24:09.937 [main] DEBUG org.hibernate.orm.results - Extracted JDBC value [6] - [Marketing, Social Media, Presentations]
10:24:09.937 [main] DEBUG org.hibernate.orm.results - Extracted JDBC value [8] - [lchen]
10:24:09.937 [main] DEBUG org.hibernate.orm.results.loading.entity - (EntityResultInitializer) Done materializing entityInstance : org.frcpm.models.TeamMember(959666217874900)#4
10:24:09.937 [main] DEBUG org.hibernate.orm.results.loading - Calling top-level assembler (0 / 1) : org.hibernate.sql.results.graph.entity.internal.EntityAssembler@b878400
10:24:09.937 [main] DEBUG org.hibernate.orm.results - Extracted JDBC value [0] - [5]
10:24:09.937 [main] DEBUG org.hibernate.orm.results.loading.entity - (EntityResultInitializer) Hydrated EntityKey (org.frcpm.models.TeamMember(959666217874900)): 5
10:24:09.937 [main] DEBUG org.hibernate.orm.results.loading.org.hibernate.orm.results.loading.collection - (DelayedCollectionInitializer) Current row collection key : org.frcpm.models.TeamMember(959666217874900).assignedTasks#5
10:24:09.937 [main] DEBUG org.hibernate.orm.results.loading.org.hibernate.orm.results.loading.collection - (DelayedCollectionInitializer) Current row collection key : org.frcpm.models.TeamMember(959666217874900).attendances#5
10:24:09.937 [main] DEBUG org.hibernate.orm.results.loading.entity - (EntityResultInitializer) Created new entity instance [org.frcpm.models.TeamMember(959666217874900)#5] : 1137843904
10:24:09.937 [main] DEBUG org.hibernate.orm.results - Extracted JDBC value [7] - [1]
10:24:09.937 [main] DEBUG org.hibernate.orm.results - Extracted JDBC value [1] - [mjohnson@example.com]
10:24:09.937 [main] DEBUG org.hibernate.orm.results - Extracted JDBC value [2] - [Mike]
10:24:09.937 [main] DEBUG org.hibernate.orm.results - Extracted JDBC value [3] - [Johnson]
10:24:09.937 [main] DEBUG org.hibernate.orm.results - Extracted JDBC value [4] - [false]
10:24:09.937 [main] DEBUG org.hibernate.orm.results - Extracted JDBC value [5] - [555-7890]
10:24:09.937 [main] DEBUG org.hibernate.orm.results - Extracted JDBC value [6] - [CAD, 3D Printing, Prototyping]
10:24:09.937 [main] DEBUG org.hibernate.orm.results - Extracted JDBC value [8] - [mjohnson]
10:24:09.937 [main] DEBUG org.hibernate.orm.results.loading.entity - (EntityResultInitializer) Done materializing entityInstance : org.frcpm.models.TeamMember(959666217874900)#5
10:24:09.937 [main] DEBUG org.hibernate.orm.results.loading - Calling top-level assembler (0 / 1) : org.hibernate.sql.results.graph.entity.internal.EntityAssembler@b878400
10:24:09.937 [main] DEBUG org.hibernate.orm.results - Extracted JDBC value [0] - [6]
10:24:09.937 [main] DEBUG org.hibernate.orm.results.loading.entity - (EntityResultInitializer) Hydrated EntityKey (org.frcpm.models.TeamMember(959666217874900)): 6
10:24:09.937 [main] DEBUG org.hibernate.orm.results.loading.org.hibernate.orm.results.loading.collection - (DelayedCollectionInitializer) Current row collection key : org.frcpm.models.TeamMember(959666217874900).assignedTasks#6
10:24:09.937 [main] DEBUG org.hibernate.orm.results.loading.org.hibernate.orm.results.loading.collection - (DelayedCollectionInitializer) Current row collection key : org.frcpm.models.TeamMember(959666217874900).attendances#6
10:24:09.938 [main] DEBUG org.hibernate.orm.results.loading.entity - (EntityResultInitializer) Created new entity instance [org.frcpm.models.TeamMember(959666217874900)#6] : 1478168970
10:24:09.938 [main] DEBUG org.hibernate.orm.results - Extracted JDBC value [7] - [3]
10:24:09.938 [main] DEBUG org.hibernate.orm.results - Extracted JDBC value [1] - [sdavis@example.com]
10:24:09.938 [main] DEBUG org.hibernate.orm.results - Extracted JDBC value [2] - [Sarah]
10:24:09.938 [main] DEBUG org.hibernate.orm.results - Extracted JDBC value [3] - [Davis]
10:24:09.938 [main] DEBUG org.hibernate.orm.results - Extracted JDBC value [4] - [false]
10:24:09.938 [main] DEBUG org.hibernate.orm.results - Extracted JDBC value [5] - [555-2345]
10:24:09.938 [main] DEBUG org.hibernate.orm.results - Extracted JDBC value [6] - [Computer Vision, Machine Learning]
10:24:09.938 [main] DEBUG org.hibernate.orm.results - Extracted JDBC value [8] - [sdavis]
10:24:09.938 [main] DEBUG org.hibernate.orm.results.loading.entity - (EntityResultInitializer) Done materializing entityInstance : org.frcpm.models.TeamMember(959666217874900)#6
10:24:09.938 [main] DEBUG org.hibernate.orm.results.loading - Calling top-level assembler (0 / 1) : org.hibernate.sql.results.graph.entity.internal.EntityAssembler@b878400
10:24:09.938 [main] DEBUG org.hibernate.orm.results - Extracted JDBC value [0] - [36]
10:24:09.938 [main] DEBUG org.hibernate.orm.results.loading.entity - (EntityResultInitializer) Hydrated EntityKey (org.frcpm.models.TeamMember(959666217874900)): 36
10:24:09.938 [main] DEBUG org.hibernate.orm.results.loading.org.hibernate.orm.results.loading.collection - (DelayedCollectionInitializer) Current row collection key : org.frcpm.models.TeamMember(959666217874900).assignedTasks#36
10:24:09.938 [main] DEBUG org.hibernate.orm.results.loading.org.hibernate.orm.results.loading.collection - (DelayedCollectionInitializer) Current row collection key : org.frcpm.models.TeamMember(959666217874900).attendances#36
10:24:09.938 [main] DEBUG org.hibernate.orm.results.loading.entity - (EntityResultInitializer) Created new entity instance [org.frcpm.models.TeamMember(959666217874900)#36] : 48946225
10:24:09.938 [main] DEBUG org.hibernate.orm.results - Extracted JDBC value [7] - [null]
10:24:09.938 [main] DEBUG org.hibernate.orm.results - Extracted JDBC value [1] - [tasktest@example.com]
10:24:09.938 [main] DEBUG org.hibernate.orm.results - Extracted JDBC value [2] - [Task]
10:24:09.938 [main] DEBUG org.hibernate.orm.results - Extracted JDBC value [3] - [Test]
10:24:09.938 [main] DEBUG org.hibernate.orm.results - Extracted JDBC value [4] - [false]
10:24:09.938 [main] DEBUG org.hibernate.orm.results - Extracted JDBC value [5] - [null]
10:24:09.938 [main] DEBUG org.hibernate.orm.results - Extracted JDBC value [6] - [null]
10:24:09.939 [main] DEBUG org.hibernate.orm.results - Extracted JDBC value [8] - [tasktestuser_1745594395337]
10:24:09.939 [main] DEBUG org.hibernate.orm.results.loading.entity - (EntityResultInitializer) Done materializing entityInstance : org.frcpm.models.TeamMember(959666217874900)#36
10:24:09.939 [main] DEBUG org.hibernate.orm.results.loading - Calling top-level assembler (0 / 1) : org.hibernate.sql.results.graph.entity.internal.EntityAssembler@b878400
10:24:09.939 [main] DEBUG org.hibernate.orm.results - Extracted JDBC value [0] - [37]
10:24:09.939 [main] DEBUG org.hibernate.orm.results.loading.entity - (EntityResultInitializer) Hydrated EntityKey (org.frcpm.models.TeamMember(959666217874900)): 37
10:24:09.939 [main] DEBUG org.hibernate.orm.results.loading.org.hibernate.orm.results.loading.collection - (DelayedCollectionInitializer) Current row collection key : org.frcpm.models.TeamMember(959666217874900).assignedTasks#37
10:24:09.939 [main] DEBUG org.hibernate.orm.results.loading.org.hibernate.orm.results.loading.collection - (DelayedCollectionInitializer) Current row collection key : org.frcpm.models.TeamMember(959666217874900).attendances#37
10:24:09.939 [main] DEBUG org.hibernate.orm.results.loading.entity - (EntityResultInitializer) Created new entity instance [org.frcpm.models.TeamMember(959666217874900)#37] : 1875145128
10:24:09.939 [main] DEBUG org.hibernate.orm.results - Extracted JDBC value [7] - [null]
10:24:09.939 [main] DEBUG org.hibernate.orm.results - Extracted JDBC value [1] - [tasktest@example.com]
10:24:09.939 [main] DEBUG org.hibernate.orm.results - Extracted JDBC value [2] - [Task]
10:24:09.939 [main] DEBUG org.hibernate.orm.results - Extracted JDBC value [3] - [Test]
10:24:09.939 [main] DEBUG org.hibernate.orm.results - Extracted JDBC value [4] - [false]
10:24:09.939 [main] DEBUG org.hibernate.orm.results - Extracted JDBC value [5] - [null]
10:24:09.939 [main] DEBUG org.hibernate.orm.results - Extracted JDBC value [6] - [null]
10:24:09.939 [main] DEBUG org.hibernate.orm.results - Extracted JDBC value [8] - [tasktestuser_1745594395698]
10:24:09.939 [main] DEBUG org.hibernate.orm.results.loading.entity - (EntityResultInitializer) Done materializing entityInstance : org.frcpm.models.TeamMember(959666217874900)#37
10:24:09.939 [main] DEBUG org.hibernate.orm.results.loading - Calling top-level assembler (0 / 1) : org.hibernate.sql.results.graph.entity.internal.EntityAssembler@b878400
10:24:09.939 [main] DEBUG org.hibernate.orm.results - Extracted JDBC value [0] - [38]
10:24:09.939 [main] DEBUG org.hibernate.orm.results.loading.entity - (EntityResultInitializer) Hydrated EntityKey (org.frcpm.models.TeamMember(959666217874900)): 38
10:24:09.939 [main] DEBUG org.hibernate.orm.results.loading.org.hibernate.orm.results.loading.collection - (DelayedCollectionInitializer) Current row collection key : org.frcpm.models.TeamMember(959666217874900).assignedTasks#38
10:24:09.939 [main] DEBUG org.hibernate.orm.results.loading.org.hibernate.orm.results.loading.collection - (DelayedCollectionInitializer) Current row collection key : org.frcpm.models.TeamMember(959666217874900).attendances#38
10:24:09.939 [main] DEBUG org.hibernate.orm.results.loading.entity - (EntityResultInitializer) Created new entity instance [org.frcpm.models.TeamMember(959666217874900)#38] : 1994844299
10:24:09.939 [main] DEBUG org.hibernate.orm.results - Extracted JDBC value [7] - [null]
10:24:09.939 [main] DEBUG org.hibernate.orm.results - Extracted JDBC value [1] - [tasktest@example.com]
10:24:09.939 [main] DEBUG org.hibernate.orm.results - Extracted JDBC value [2] - [Task]
10:24:09.939 [main] DEBUG org.hibernate.orm.results - Extracted JDBC value [3] - [Test]
10:24:09.939 [main] DEBUG org.hibernate.orm.results - Extracted JDBC value [4] - [false]
10:24:09.939 [main] DEBUG org.hibernate.orm.results - Extracted JDBC value [5] - [null]
10:24:09.939 [main] DEBUG org.hibernate.orm.results - Extracted JDBC value [6] - [null]
10:24:09.939 [main] DEBUG org.hibernate.orm.results - Extracted JDBC value [8] - [tasktestuser_1745594396071]
10:24:09.939 [main] DEBUG org.hibernate.orm.results.loading.entity - (EntityResultInitializer) Done materializing entityInstance : org.frcpm.models.TeamMember(959666217874900)#38
10:24:09.939 [main] DEBUG org.hibernate.orm.results.loading - Calling top-level assembler (0 / 1) : org.hibernate.sql.results.graph.entity.internal.EntityAssembler@b878400
10:24:09.939 [main] DEBUG org.hibernate.orm.results - Extracted JDBC value [0] - [39]
10:24:09.939 [main] DEBUG org.hibernate.orm.results.loading.entity - (EntityResultInitializer) Hydrated EntityKey (org.frcpm.models.TeamMember(959666217874900)): 39
10:24:09.939 [main] DEBUG org.hibernate.orm.results.loading.org.hibernate.orm.results.loading.collection - (DelayedCollectionInitializer) Current row collection key : org.frcpm.models.TeamMember(959666217874900).assignedTasks#39
10:24:09.939 [main] DEBUG org.hibernate.orm.results.loading.org.hibernate.orm.results.loading.collection - (DelayedCollectionInitializer) Current row collection key : org.frcpm.models.TeamMember(959666217874900).attendances#39
10:24:09.939 [main] DEBUG org.hibernate.orm.results.loading.entity - (EntityResultInitializer) Created new entity instance [org.frcpm.models.TeamMember(959666217874900)#39] : 1152385737
10:24:09.939 [main] DEBUG org.hibernate.orm.results - Extracted JDBC value [7] - [null]
10:24:09.939 [main] DEBUG org.hibernate.orm.results - Extracted JDBC value [1] - [tasktest@example.com]
10:24:09.939 [main] DEBUG org.hibernate.orm.results - Extracted JDBC value [2] - [Task]
10:24:09.939 [main] DEBUG org.hibernate.orm.results - Extracted JDBC value [3] - [Test]
10:24:09.939 [main] DEBUG org.hibernate.orm.results - Extracted JDBC value [4] - [false]
10:24:09.939 [main] DEBUG org.hibernate.orm.results - Extracted JDBC value [5] - [null]
10:24:09.939 [main] DEBUG org.hibernate.orm.results - Extracted JDBC value [6] - [null]
10:24:09.939 [main] DEBUG org.hibernate.orm.results - Extracted JDBC value [8] - [tasktestuser_1745594396416]
10:24:09.939 [main] DEBUG org.hibernate.orm.results.loading.entity - (EntityResultInitializer) Done materializing entityInstance : org.frcpm.models.TeamMember(959666217874900)#39
10:24:09.939 [main] DEBUG org.hibernate.orm.results.loading - Calling top-level assembler (0 / 1) : org.hibernate.sql.results.graph.entity.internal.EntityAssembler@b878400
10:24:09.939 [main] DEBUG org.hibernate.orm.results - Extracted JDBC value [0] - [40]
10:24:09.939 [main] DEBUG org.hibernate.orm.results.loading.entity - (EntityResultInitializer) Hydrated EntityKey (org.frcpm.models.TeamMember(959666217874900)): 40
10:24:09.939 [main] DEBUG org.hibernate.orm.results.loading.org.hibernate.orm.results.loading.collection - (DelayedCollectionInitializer) Current row collection key : org.frcpm.models.TeamMember(959666217874900).assignedTasks#40
10:24:09.940 [main] DEBUG org.hibernate.orm.results.loading.org.hibernate.orm.results.loading.collection - (DelayedCollectionInitializer) Current row collection key : org.frcpm.models.TeamMember(959666217874900).attendances#40
10:24:09.940 [main] DEBUG org.hibernate.orm.results.loading.entity - (EntityResultInitializer) Created new entity instance [org.frcpm.models.TeamMember(959666217874900)#40] : 1663174094
10:24:09.940 [main] DEBUG org.hibernate.orm.results - Extracted JDBC value [7] - [null]
10:24:09.940 [main] DEBUG org.hibernate.orm.results - Extracted JDBC value [1] - [tasktest@example.com]
10:24:09.940 [main] DEBUG org.hibernate.orm.results - Extracted JDBC value [2] - [Task]
10:24:09.940 [main] DEBUG org.hibernate.orm.results - Extracted JDBC value [3] - [Test]
10:24:09.940 [main] DEBUG org.hibernate.orm.results - Extracted JDBC value [4] - [false]
10:24:09.940 [main] DEBUG org.hibernate.orm.results - Extracted JDBC value [5] - [null]
10:24:09.940 [main] DEBUG org.hibernate.orm.results - Extracted JDBC value [6] - [null]
10:24:09.940 [main] DEBUG org.hibernate.orm.results - Extracted JDBC value [8] - [tasktestuser_1745594396762]
10:24:09.940 [main] DEBUG org.hibernate.orm.results.loading.entity - (EntityResultInitializer) Done materializing entityInstance : org.frcpm.models.TeamMember(959666217874900)#40
10:24:09.940 [main] DEBUG org.hibernate.orm.results.loading - Calling top-level assembler (0 / 1) : org.hibernate.sql.results.graph.entity.internal.EntityAssembler@b878400
10:24:09.940 [main] DEBUG org.hibernate.orm.results - Extracted JDBC value [0] - [41]
10:24:09.940 [main] DEBUG org.hibernate.orm.results.loading.entity - (EntityResultInitializer) Hydrated EntityKey (org.frcpm.models.TeamMember(959666217874900)): 41
10:24:09.940 [main] DEBUG org.hibernate.orm.results.loading.org.hibernate.orm.results.loading.collection - (DelayedCollectionInitializer) Current row collection key : org.frcpm.models.TeamMember(959666217874900).assignedTasks#41
10:24:09.940 [main] DEBUG org.hibernate.orm.results.loading.org.hibernate.orm.results.loading.collection - (DelayedCollectionInitializer) Current row collection key : org.frcpm.models.TeamMember(959666217874900).attendances#41
10:24:09.940 [main] DEBUG org.hibernate.orm.results.loading.entity - (EntityResultInitializer) Created new entity instance [org.frcpm.models.TeamMember(959666217874900)#41] : 445817401
10:24:09.940 [main] DEBUG org.hibernate.orm.results - Extracted JDBC value [7] - [null]
10:24:09.940 [main] DEBUG org.hibernate.orm.results - Extracted JDBC value [1] - [tasktest@example.com]
10:24:09.940 [main] DEBUG org.hibernate.orm.results - Extracted JDBC value [2] - [Task]
10:24:09.940 [main] DEBUG org.hibernate.orm.results - Extracted JDBC value [3] - [Test]
10:24:09.940 [main] DEBUG org.hibernate.orm.results - Extracted JDBC value [4] - [false]
10:24:09.940 [main] DEBUG org.hibernate.orm.results - Extracted JDBC value [5] - [null]
10:24:09.940 [main] DEBUG org.hibernate.orm.results - Extracted JDBC value [6] - [null]
10:24:09.940 [main] DEBUG org.hibernate.orm.results - Extracted JDBC value [8] - [tasktestuser_1745594397140]
10:24:09.940 [main] DEBUG org.hibernate.orm.results.loading.entity - (EntityResultInitializer) Done materializing entityInstance : org.frcpm.models.TeamMember(959666217874900)#41
10:24:09.940 [main] DEBUG org.hibernate.orm.results.loading - Calling top-level assembler (0 / 1) : org.hibernate.sql.results.graph.entity.internal.EntityAssembler@b878400
10:24:09.940 [main] DEBUG org.hibernate.orm.results - Extracted JDBC value [0] - [42]
10:24:09.940 [main] DEBUG org.hibernate.orm.results.loading.entity - (EntityResultInitializer) Hydrated EntityKey (org.frcpm.models.TeamMember(959666217874900)): 42
10:24:09.940 [main] DEBUG org.hibernate.orm.results.loading.org.hibernate.orm.results.loading.collection - (DelayedCollectionInitializer) Current row collection key : org.frcpm.models.TeamMember(959666217874900).assignedTasks#42
10:24:09.940 [main] DEBUG org.hibernate.orm.results.loading.org.hibernate.orm.results.loading.collection - (DelayedCollectionInitializer) Current row collection key : org.frcpm.models.TeamMember(959666217874900).attendances#42
10:24:09.940 [main] DEBUG org.hibernate.orm.results.loading.entity - (EntityResultInitializer) Created new entity instance [org.frcpm.models.TeamMember(959666217874900)#42] : 435497057
10:24:09.940 [main] DEBUG org.hibernate.orm.results - Extracted JDBC value [7] - [null]
10:24:09.940 [main] DEBUG org.hibernate.orm.results - Extracted JDBC value [1] - [tasktest@example.com]
10:24:09.941 [main] DEBUG org.hibernate.orm.results - Extracted JDBC value [2] - [Task]
10:24:09.941 [main] DEBUG org.hibernate.orm.results - Extracted JDBC value [3] - [Test]
10:24:09.941 [main] DEBUG org.hibernate.orm.results - Extracted JDBC value [4] - [false]
10:24:09.941 [main] DEBUG org.hibernate.orm.results - Extracted JDBC value [5] - [null]
10:24:09.941 [main] DEBUG org.hibernate.orm.results - Extracted JDBC value [6] - [null]
10:24:09.941 [main] DEBUG org.hibernate.orm.results - Extracted JDBC value [8] - [tasktestuser_1745594397563]
10:24:09.941 [main] DEBUG org.hibernate.orm.results.loading.entity - (EntityResultInitializer) Done materializing entityInstance : org.frcpm.models.TeamMember(959666217874900)#42
10:24:09.941 [main] DEBUG org.hibernate.orm.results.loading - Calling top-level assembler (0 / 1) : org.hibernate.sql.results.graph.entity.internal.EntityAssembler@b878400
10:24:09.941 [main] DEBUG org.hibernate.orm.results - Extracted JDBC value [0] - [43]
10:24:09.941 [main] DEBUG org.hibernate.orm.results.loading.entity - (EntityResultInitializer) Hydrated EntityKey (org.frcpm.models.TeamMember(959666217874900)): 43
10:24:09.941 [main] DEBUG org.hibernate.orm.results.loading.org.hibernate.orm.results.loading.collection - (DelayedCollectionInitializer) Current row collection key : org.frcpm.models.TeamMember(959666217874900).assignedTasks#43
10:24:09.941 [main] DEBUG org.hibernate.orm.results.loading.org.hibernate.orm.results.loading.collection - (DelayedCollectionInitializer) Current row collection key : org.frcpm.models.TeamMember(959666217874900).attendances#43
10:24:09.941 [main] DEBUG org.hibernate.orm.results.loading.entity - (EntityResultInitializer) Created new entity instance [org.frcpm.models.TeamMember(959666217874900)#43] : 2081937361
10:24:09.941 [main] DEBUG org.hibernate.orm.results - Extracted JDBC value [7] - [null]
10:24:09.941 [main] DEBUG org.hibernate.orm.results - Extracted JDBC value [1] - [tasktest@example.com]
10:24:09.941 [main] DEBUG org.hibernate.orm.results - Extracted JDBC value [2] - [Task]
10:24:09.941 [main] DEBUG org.hibernate.orm.results - Extracted JDBC value [3] - [Test]
10:24:09.941 [main] DEBUG org.hibernate.orm.results - Extracted JDBC value [4] - [false]
10:24:09.941 [main] DEBUG org.hibernate.orm.results - Extracted JDBC value [5] - [null]
10:24:09.941 [main] DEBUG org.hibernate.orm.results - Extracted JDBC value [6] - [null]
10:24:09.941 [main] DEBUG org.hibernate.orm.results - Extracted JDBC value [8] - [tasktestuser_1745594397906]
10:24:09.941 [main] DEBUG org.hibernate.orm.results.loading.entity - (EntityResultInitializer) Done materializing entityInstance : org.frcpm.models.TeamMember(959666217874900)#43
10:24:09.941 [main] DEBUG org.hibernate.orm.results.loading - Calling top-level assembler (0 / 1) : org.hibernate.sql.results.graph.entity.internal.EntityAssembler@b878400
10:24:09.941 [main] DEBUG org.hibernate.orm.results - Extracted JDBC value [0] - [44]
10:24:09.941 [main] DEBUG org.hibernate.orm.results.loading.entity - (EntityResultInitializer) Hydrated EntityKey (org.frcpm.models.TeamMember(959666217874900)): 44
10:24:09.941 [main] DEBUG org.hibernate.orm.results.loading.org.hibernate.orm.results.loading.collection - (DelayedCollectionInitializer) Current row collection key : org.frcpm.models.TeamMember(959666217874900).assignedTasks#44
10:24:09.941 [main] DEBUG org.hibernate.orm.results.loading.org.hibernate.orm.results.loading.collection - (DelayedCollectionInitializer) Current row collection key : org.frcpm.models.TeamMember(959666217874900).attendances#44
10:24:09.941 [main] DEBUG org.hibernate.orm.results.loading.entity - (EntityResultInitializer) Created new entity instance [org.frcpm.models.TeamMember(959666217874900)#44] : 676543130
10:24:09.941 [main] DEBUG org.hibernate.orm.results - Extracted JDBC value [7] - [null]
10:24:09.941 [main] DEBUG org.hibernate.orm.results - Extracted JDBC value [1] - [tasktest@example.com]
10:24:09.941 [main] DEBUG org.hibernate.orm.results - Extracted JDBC value [2] - [Task]
10:24:09.941 [main] DEBUG org.hibernate.orm.results - Extracted JDBC value [3] - [Test]
10:24:09.941 [main] DEBUG org.hibernate.orm.results - Extracted JDBC value [4] - [false]
10:24:09.941 [main] DEBUG org.hibernate.orm.results - Extracted JDBC value [5] - [null]
10:24:09.941 [main] DEBUG org.hibernate.orm.results - Extracted JDBC value [6] - [null]
10:24:09.941 [main] DEBUG org.hibernate.orm.results - Extracted JDBC value [8] - [tasktestuser_1745594398275]
10:24:09.941 [main] DEBUG org.hibernate.orm.results.loading.entity - (EntityResultInitializer) Done materializing entityInstance : org.frcpm.models.TeamMember(959666217874900)#44
10:24:09.941 [main] DEBUG org.hibernate.orm.results.loading - Calling top-level assembler (0 / 1) : org.hibernate.sql.results.graph.entity.internal.EntityAssembler@b878400
10:24:09.941 [main] DEBUG org.hibernate.orm.results - Extracted JDBC value [0] - [45]
10:24:09.941 [main] DEBUG org.hibernate.orm.results.loading.entity - (EntityResultInitializer) Hydrated EntityKey (org.frcpm.models.TeamMember(959666217874900)): 45
10:24:09.941 [main] DEBUG org.hibernate.orm.results.loading.org.hibernate.orm.results.loading.collection - (DelayedCollectionInitializer) Current row collection key : org.frcpm.models.TeamMember(959666217874900).assignedTasks#45
10:24:09.941 [main] DEBUG org.hibernate.orm.results.loading.org.hibernate.orm.results.loading.collection - (DelayedCollectionInitializer) Current row collection key : org.frcpm.models.TeamMember(959666217874900).attendances#45
10:24:09.941 [main] DEBUG org.hibernate.orm.results.loading.entity - (EntityResultInitializer) Created new entity instance [org.frcpm.models.TeamMember(959666217874900)#45] : 1011761988
10:24:09.941 [main] DEBUG org.hibernate.orm.results - Extracted JDBC value [7] - [null]
10:24:09.941 [main] DEBUG org.hibernate.orm.results - Extracted JDBC value [1] - [tasktest@example.com]
10:24:09.941 [main] DEBUG org.hibernate.orm.results - Extracted JDBC value [2] - [Task]
10:24:09.941 [main] DEBUG org.hibernate.orm.results - Extracted JDBC value [3] - [Test]
10:24:09.941 [main] DEBUG org.hibernate.orm.results - Extracted JDBC value [4] - [false]
10:24:09.941 [main] DEBUG org.hibernate.orm.results - Extracted JDBC value [5] - [null]
10:24:09.941 [main] DEBUG org.hibernate.orm.results - Extracted JDBC value [6] - [null]
10:24:09.941 [main] DEBUG org.hibernate.orm.results - Extracted JDBC value [8] - [tasktestuser_1745594398667]
10:24:09.941 [main] DEBUG org.hibernate.orm.results.loading.entity - (EntityResultInitializer) Done materializing entityInstance : org.frcpm.models.TeamMember(959666217874900)#45
10:24:09.941 [main] DEBUG org.hibernate.orm.results.loading - Calling top-level assembler (0 / 1) : org.hibernate.sql.results.graph.entity.internal.EntityAssembler@b878400
10:24:09.941 [main] DEBUG org.hibernate.orm.results - Extracted JDBC value [0] - [46]
10:24:09.941 [main] DEBUG org.hibernate.orm.results.loading.entity - (EntityResultInitializer) Hydrated EntityKey (org.frcpm.models.TeamMember(959666217874900)): 46
10:24:09.941 [main] DEBUG org.hibernate.orm.results.loading.org.hibernate.orm.results.loading.collection - (DelayedCollectionInitializer) Current row collection key : org.frcpm.models.TeamMember(959666217874900).assignedTasks#46
10:24:09.941 [main] DEBUG org.hibernate.orm.results.loading.org.hibernate.orm.results.loading.collection - (DelayedCollectionInitializer) Current row collection key : org.frcpm.models.TeamMember(959666217874900).attendances#46
10:24:09.941 [main] DEBUG org.hibernate.orm.results.loading.entity - (EntityResultInitializer) Created new entity instance [org.frcpm.models.TeamMember(959666217874900)#46] : 1924429255
10:24:09.941 [main] DEBUG org.hibernate.orm.results - Extracted JDBC value [7] - [null]
10:24:09.941 [main] DEBUG org.hibernate.orm.results - Extracted JDBC value [1] - [tasktest@example.com]
10:24:09.941 [main] DEBUG org.hibernate.orm.results - Extracted JDBC value [2] - [Task]
10:24:09.941 [main] DEBUG org.hibernate.orm.results - Extracted JDBC value [3] - [Test]
10:24:09.941 [main] DEBUG org.hibernate.orm.results - Extracted JDBC value [4] - [false]
10:24:09.941 [main] DEBUG org.hibernate.orm.results - Extracted JDBC value [5] - [null]
10:24:09.941 [main] DEBUG org.hibernate.orm.results - Extracted JDBC value [6] - [null]
10:24:09.941 [main] DEBUG org.hibernate.orm.results - Extracted JDBC value [8] - [tasktestuser_1745594399126]
10:24:09.942 [main] DEBUG org.hibernate.orm.results.loading.entity - (EntityResultInitializer) Done materializing entityInstance : org.frcpm.models.TeamMember(959666217874900)#46
10:24:09.942 [main] DEBUG org.hibernate.orm.results.loading - Calling top-level assembler (0 / 1) : org.hibernate.sql.results.graph.entity.internal.EntityAssembler@b878400
10:24:09.942 [main] DEBUG org.hibernate.orm.results - Extracted JDBC value [0] - [47]
10:24:09.942 [main] DEBUG org.hibernate.orm.results.loading.entity - (EntityResultInitializer) Hydrated EntityKey (org.frcpm.models.TeamMember(959666217874900)): 47
10:24:09.942 [main] DEBUG org.hibernate.orm.results.loading.org.hibernate.orm.results.loading.collection - (DelayedCollectionInitializer) Current row collection key : org.frcpm.models.TeamMember(959666217874900).assignedTasks#47
10:24:09.942 [main] DEBUG org.hibernate.orm.results.loading.org.hibernate.orm.results.loading.collection - (DelayedCollectionInitializer) Current row collection key : org.frcpm.models.TeamMember(959666217874900).attendances#47
10:24:09.942 [main] DEBUG org.hibernate.orm.results.loading.entity - (EntityResultInitializer) Created new entity instance [org.frcpm.models.TeamMember(959666217874900)#47] : 1928877497
10:24:09.942 [main] DEBUG org.hibernate.orm.results - Extracted JDBC value [7] - [null]
10:24:09.942 [main] DEBUG org.hibernate.orm.results - Extracted JDBC value [1] - [tasktest@example.com]
10:24:09.942 [main] DEBUG org.hibernate.orm.results - Extracted JDBC value [2] - [Task]
10:24:09.942 [main] DEBUG org.hibernate.orm.results - Extracted JDBC value [3] - [Test]
10:24:09.942 [main] DEBUG org.hibernate.orm.results - Extracted JDBC value [4] - [false]
10:24:09.942 [main] DEBUG org.hibernate.orm.results - Extracted JDBC value [5] - [null]
10:24:09.942 [main] DEBUG org.hibernate.orm.results - Extracted JDBC value [6] - [null]
10:24:09.942 [main] DEBUG org.hibernate.orm.results - Extracted JDBC value [8] - [tasktestuser_1745594399532]
10:24:09.942 [main] DEBUG org.hibernate.orm.results.loading.entity - (EntityResultInitializer) Done materializing entityInstance : org.frcpm.models.TeamMember(959666217874900)#47
10:24:09.942 [main] DEBUG org.hibernate.orm.results.loading - Calling top-level assembler (0 / 1) : org.hibernate.sql.results.graph.entity.internal.EntityAssembler@b878400
10:24:09.942 [main] DEBUG org.hibernate.orm.results - Extracted JDBC value [0] - [48]
10:24:09.942 [main] DEBUG org.hibernate.orm.results.loading.entity - (EntityResultInitializer) Hydrated EntityKey (org.frcpm.models.TeamMember(959666217874900)): 48
10:24:09.942 [main] DEBUG org.hibernate.orm.results.loading.org.hibernate.orm.results.loading.collection - (DelayedCollectionInitializer) Current row collection key : org.frcpm.models.TeamMember(959666217874900).assignedTasks#48
10:24:09.942 [main] DEBUG org.hibernate.orm.results.loading.org.hibernate.orm.results.loading.collection - (DelayedCollectionInitializer) Current row collection key : org.frcpm.models.TeamMember(959666217874900).attendances#48
10:24:09.942 [main] DEBUG org.hibernate.orm.results.loading.entity - (EntityResultInitializer) Created new entity instance [org.frcpm.models.TeamMember(959666217874900)#48] : 617764990
10:24:09.942 [main] DEBUG org.hibernate.orm.results - Extracted JDBC value [7] - [null]
10:24:09.942 [main] DEBUG org.hibernate.orm.results - Extracted JDBC value [1] - [tasktest@example.com]
10:24:09.942 [main] DEBUG org.hibernate.orm.results - Extracted JDBC value [2] - [Task]
10:24:09.942 [main] DEBUG org.hibernate.orm.results - Extracted JDBC value [3] - [Test]
10:24:09.942 [main] DEBUG org.hibernate.orm.results - Extracted JDBC value [4] - [false]
10:24:09.942 [main] DEBUG org.hibernate.orm.results - Extracted JDBC value [5] - [null]
10:24:09.942 [main] DEBUG org.hibernate.orm.results - Extracted JDBC value [6] - [null]
10:24:09.942 [main] DEBUG org.hibernate.orm.results - Extracted JDBC value [8] - [tasktestuser_1745594400014]
10:24:09.942 [main] DEBUG org.hibernate.orm.results.loading.entity - (EntityResultInitializer) Done materializing entityInstance : org.frcpm.models.TeamMember(959666217874900)#48
10:24:09.942 [main] DEBUG org.hibernate.orm.results.loading - Calling top-level assembler (0 / 1) : org.hibernate.sql.results.graph.entity.internal.EntityAssembler@b878400
10:24:09.942 [main] DEBUG org.hibernate.orm.results - Extracted JDBC value [0] - [53]
10:24:09.942 [main] DEBUG org.hibernate.orm.results.loading.entity - (EntityResultInitializer) Hydrated EntityKey (org.frcpm.models.TeamMember(959666217874900)): 53
10:24:09.942 [main] DEBUG org.hibernate.orm.results.loading.org.hibernate.orm.results.loading.collection - (DelayedCollectionInitializer) Current row collection key : org.frcpm.models.TeamMember(959666217874900).assignedTasks#53
10:24:09.942 [main] DEBUG org.hibernate.orm.results.loading.org.hibernate.orm.results.loading.collection - (DelayedCollectionInitializer) Current row collection key : org.frcpm.models.TeamMember(959666217874900).attendances#53
10:24:09.942 [main] DEBUG org.hibernate.orm.results.loading.entity - (EntityResultInitializer) Created new entity instance [org.frcpm.models.TeamMember(959666217874900)#53] : 1942801618
10:24:09.942 [main] DEBUG org.hibernate.orm.results - Extracted JDBC value [7] - [null]
10:24:09.942 [main] DEBUG org.hibernate.orm.results - Extracted JDBC value [1] - [testcount@example.com]
10:24:09.942 [main] DEBUG org.hibernate.orm.results - Extracted JDBC value [2] - [Test]
10:24:09.942 [main] DEBUG org.hibernate.orm.results - Extracted JDBC value [3] - [Count]
10:24:09.942 [main] DEBUG org.hibernate.orm.results - Extracted JDBC value [4] - [false]
10:24:09.942 [main] DEBUG org.hibernate.orm.results - Extracted JDBC value [5] - [null]
10:24:09.942 [main] DEBUG org.hibernate.orm.results - Extracted JDBC value [6] - [null]
10:24:09.942 [main] DEBUG org.hibernate.orm.results - Extracted JDBC value [8] - [testcount]
10:24:09.942 [main] DEBUG org.hibernate.orm.results.loading.entity - (EntityResultInitializer) Done materializing entityInstance : org.frcpm.models.TeamMember(959666217874900)#53
10:24:09.942 [main] DEBUG org.hibernate.orm.results.loading - Calling top-level assembler (0 / 1) : org.hibernate.sql.results.graph.entity.internal.EntityAssembler@b878400
10:24:09.942 [main] DEBUG org.hibernate.orm.results - Extracted JDBC value [0] - [56]
10:24:09.942 [main] DEBUG org.hibernate.orm.results.loading.entity - (EntityResultInitializer) Hydrated EntityKey (org.frcpm.models.TeamMember(959666217874900)): 56
10:24:09.942 [main] DEBUG org.hibernate.orm.results.loading.org.hibernate.orm.results.loading.collection - (DelayedCollectionInitializer) Current row collection key : org.frcpm.models.TeamMember(959666217874900).assignedTasks#56
10:24:09.942 [main] DEBUG org.hibernate.orm.results.loading.org.hibernate.orm.results.loading.collection - (DelayedCollectionInitializer) Current row collection key : org.frcpm.models.TeamMember(959666217874900).attendances#56
10:24:09.942 [main] DEBUG org.hibernate.orm.results.loading.entity - (EntityResultInitializer) Created new entity instance [org.frcpm.models.TeamMember(959666217874900)#56] : 655818722
10:24:09.942 [main] DEBUG org.hibernate.orm.results - Extracted JDBC value [7] - [null]
10:24:09.942 [main] DEBUG org.hibernate.orm.results - Extracted JDBC value [1] - [testsave@example.com]
10:24:09.942 [main] DEBUG org.hibernate.orm.results - Extracted JDBC value [2] - [Test]
10:24:09.942 [main] DEBUG org.hibernate.orm.results - Extracted JDBC value [3] - [Save]
10:24:09.942 [main] DEBUG org.hibernate.orm.results - Extracted JDBC value [4] - [false]
10:24:09.942 [main] DEBUG org.hibernate.orm.results - Extracted JDBC value [5] - [555-SAVE]
10:24:09.942 [main] DEBUG org.hibernate.orm.results - Extracted JDBC value [6] - [Testing]
10:24:09.943 [main] DEBUG org.hibernate.orm.results - Extracted JDBC value [8] - [testsave]
10:24:09.943 [main] DEBUG org.hibernate.orm.results.loading.entity - (EntityResultInitializer) Done materializing entityInstance : org.frcpm.models.TeamMember(959666217874900)#56
10:24:09.943 [main] DEBUG org.hibernate.orm.results.loading - Calling top-level assembler (0 / 1) : org.hibernate.sql.results.graph.entity.internal.EntityAssembler@b878400
10:24:09.943 [main] DEBUG org.hibernate.orm.results - Extracted JDBC value [0] - [77]
10:24:09.943 [main] DEBUG org.hibernate.orm.results.loading.entity - (EntityResultInitializer) Hydrated EntityKey (org.frcpm.models.TeamMember(959666217874900)): 77
10:24:09.943 [main] DEBUG org.hibernate.orm.results.loading.org.hibernate.orm.results.loading.collection - (DelayedCollectionInitializer) Current row collection key : org.frcpm.models.TeamMember(959666217874900).assignedTasks#77
10:24:09.943 [main] DEBUG org.hibernate.orm.results.loading.org.hibernate.orm.results.loading.collection - (DelayedCollectionInitializer) Current row collection key : org.frcpm.models.TeamMember(959666217874900).attendances#77
10:24:09.943 [main] DEBUG org.hibernate.orm.results.loading.entity - (EntityResultInitializer) Created new entity instance [org.frcpm.models.TeamMember(959666217874900)#77] : 1377770871
10:24:09.943 [main] DEBUG org.hibernate.orm.results - Extracted JDBC value [7] - [null]
10:24:09.943 [main] DEBUG org.hibernate.orm.results - Extracted JDBC value [1] - [testupdate@example.com]
10:24:09.943 [main] DEBUG org.hibernate.orm.results - Extracted JDBC value [2] - [Updated]
10:24:09.943 [main] DEBUG org.hibernate.orm.results - Extracted JDBC value [3] - [Update]
10:24:09.943 [main] DEBUG org.hibernate.orm.results - Extracted JDBC value [4] - [false]
10:24:09.943 [main] DEBUG org.hibernate.orm.results - Extracted JDBC value [5] - [null]
10:24:09.943 [main] DEBUG org.hibernate.orm.results - Extracted JDBC value [6] - [Updated Skills]
10:24:09.943 [main] DEBUG org.hibernate.orm.results - Extracted JDBC value [8] - [testupdate]
10:24:09.943 [main] DEBUG org.hibernate.orm.results.loading.entity - (EntityResultInitializer) Done materializing entityInstance : org.frcpm.models.TeamMember(959666217874900)#77
10:24:09.943 [main] DEBUG org.hibernate.orm.results.loading - Calling top-level assembler (0 / 1) : org.hibernate.sql.results.graph.entity.internal.EntityAssembler@b878400
10:24:09.943 [main] DEBUG org.hibernate.orm.results - Extracted JDBC value [0] - [84]
10:24:09.943 [main] DEBUG org.hibernate.orm.results.loading.entity - (EntityResultInitializer) Hydrated EntityKey (org.frcpm.models.TeamMember(959666217874900)): 84
10:24:09.943 [main] DEBUG org.hibernate.orm.results.loading.org.hibernate.orm.results.loading.collection - (DelayedCollectionInitializer) Current row collection key : org.frcpm.models.TeamMember(959666217874900).assignedTasks#84
10:24:09.943 [main] DEBUG org.hibernate.orm.results.loading.org.hibernate.orm.results.loading.collection - (DelayedCollectionInitializer) Current row collection key : org.frcpm.models.TeamMember(959666217874900).attendances#84
10:24:09.943 [main] DEBUG org.hibernate.orm.results.loading.entity - (EntityResultInitializer) Created new entity instance [org.frcpm.models.TeamMember(959666217874900)#84] : 764043320
10:24:09.943 [main] DEBUG org.hibernate.orm.results - Extracted JDBC value [7] - [null]
10:24:09.943 [main] DEBUG org.hibernate.orm.results - Extracted JDBC value [1] - [attendance3@example.com]
10:24:09.943 [main] DEBUG org.hibernate.orm.results - Extracted JDBC value [2] - [Attendance]
10:24:09.943 [main] DEBUG org.hibernate.orm.results - Extracted JDBC value [3] - [Test3]
10:24:09.943 [main] DEBUG org.hibernate.orm.results - Extracted JDBC value [4] - [false]
10:24:09.943 [main] DEBUG org.hibernate.orm.results - Extracted JDBC value [5] - [555-9012]
10:24:09.943 [main] DEBUG org.hibernate.orm.results - Extracted JDBC value [6] - [null]
10:24:09.943 [main] DEBUG org.hibernate.orm.results - Extracted JDBC value [8] - [attendancetest3]
10:24:09.943 [main] DEBUG org.hibernate.orm.results.loading.entity - (EntityResultInitializer) Done materializing entityInstance : org.frcpm.models.TeamMember(959666217874900)#84
10:24:09.943 [main] DEBUG org.hibernate.orm.results.loading - Calling top-level assembler (0 / 1) : org.hibernate.sql.results.graph.entity.internal.EntityAssembler@b878400
10:24:09.943 [main] DEBUG org.hibernate.resource.jdbc.internal.LogicalConnectionManagedImpl - Initiating JDBC connection release from afterTransaction
10:24:09.943 [main] DEBUG org.hibernate.resource.jdbc.internal.LogicalConnectionManagedImpl - Initiating JDBC connection release from afterTransaction
10:24:09.944 [main] DEBUG org.hibernate.orm.sql.ast.create - Created new SQL alias : s1_0
10:24:09.944 [main] DEBUG org.hibernate.orm.sql.ast.create - Registration of TableGroup [StandardTableGroup(org.frcpm.models.Subteam(959666230648800))] with identifierForTableGroup [org.frcpm.models.Subteam] for NavigablePath [org.frcpm.models.Subteam] 
10:24:09.944 [main] DEBUG org.hibernate.orm.results.graph.AST - DomainResult Graph:
 \-EntityResultImpl [org.frcpm.models.Subteam(959666230648800)]
 |  +-BasicFetch [org.frcpm.models.Subteam(959666230648800).colorCode]
 |  +-DelayedCollectionFetch [org.frcpm.models.Subteam(959666230648800).members]
 |  +-BasicFetch [org.frcpm.models.Subteam(959666230648800).name]
 |  +-BasicFetch [org.frcpm.models.Subteam(959666230648800).specialties]
 |  \-DelayedCollectionFetch [org.frcpm.models.Subteam(959666230648800).subsystems]

10:24:09.944 [main] DEBUG org.hibernate.orm.sql.ast.tree - SQL AST Tree:
    SelectStatement {
      FromClause {
        StandardTableGroup (s1 : org.frcpm.models.Subteam(959666230648800)) {
          primaryTableReference : subteams as s1_0
        }
      }
    }

10:24:09.944 [main] DEBUG org.hibernate.orm.sql.exec - Skipping reading Query result cache data: cache-enabled = false, cache-mode = NORMAL
10:24:09.944 [main] DEBUG org.hibernate.orm.results - Initializer list:
	  org.frcpm.models.Subteam(959666230648800).subsystems -> DelayedCollectionInitializer(org.frcpm.models.Subteam(959666230648800).subsystems)@802078246 (PluralAttribute(org.frcpm.models.Subteam.subsystems))
	  org.frcpm.models.Subteam(959666230648800) -> EntityResultInitializer(org.frcpm.models.Subteam(959666230648800))@852791174 (SingleTableEntityPersister(org.frcpm.models.Subteam))
	  org.frcpm.models.Subteam(959666230648800).members -> DelayedCollectionInitializer(org.frcpm.models.Subteam(959666230648800).members)@160654164 (PluralAttribute(org.frcpm.models.Subteam.members))

10:24:09.944 [main] DEBUG org.hibernate.SQL - select s1_0.id,s1_0.color_code,s1_0.name,s1_0.specialties from subteams s1_0
10:24:09.945 [main] DEBUG org.hibernate.orm.results - Extracted JDBC value [0] - [1]
10:24:09.945 [main] DEBUG org.hibernate.orm.results.loading.entity - (EntityResultInitializer) Hydrated EntityKey (org.frcpm.models.Subteam(959666230648800)): 1
10:24:09.945 [main] DEBUG org.hibernate.orm.results.loading.org.hibernate.orm.results.loading.collection - (DelayedCollectionInitializer) Current row collection key : org.frcpm.models.Subteam(959666230648800).members#1
10:24:09.945 [main] DEBUG org.hibernate.orm.results.loading.org.hibernate.orm.results.loading.collection - (DelayedCollectionInitializer) Current row collection key : org.frcpm.models.Subteam(959666230648800).subsystems#1
10:24:09.945 [main] DEBUG org.hibernate.orm.results.loading.entity - (EntityResultInitializer) Created new entity instance [org.frcpm.models.Subteam(959666230648800)#1] : 1966099259
10:24:09.945 [main] DEBUG org.hibernate.orm.results - Extracted JDBC value [1] - [#FF5733]
10:24:09.945 [main] DEBUG org.hibernate.orm.results - Extracted JDBC value [2] - [Mechanical]
10:24:09.945 [main] DEBUG org.hibernate.orm.results - Extracted JDBC value [3] - [Design, CAD, Fabrication, Assembly]
10:24:09.945 [main] DEBUG org.hibernate.orm.results.loading.entity - (EntityResultInitializer) Done materializing entityInstance : org.frcpm.models.Subteam(959666230648800)#1
10:24:09.945 [main] DEBUG org.hibernate.orm.results.loading - Calling top-level assembler (0 / 1) : org.hibernate.sql.results.graph.entity.internal.EntityAssembler@100dccd6
10:24:09.945 [main] DEBUG org.hibernate.orm.results - Extracted JDBC value [0] - [2]
10:24:09.945 [main] DEBUG org.hibernate.orm.results.loading.entity - (EntityResultInitializer) Hydrated EntityKey (org.frcpm.models.Subteam(959666230648800)): 2
10:24:09.945 [main] DEBUG org.hibernate.orm.results.loading.org.hibernate.orm.results.loading.collection - (DelayedCollectionInitializer) Current row collection key : org.frcpm.models.Subteam(959666230648800).members#2
10:24:09.945 [main] DEBUG org.hibernate.orm.results.loading.org.hibernate.orm.results.loading.collection - (DelayedCollectionInitializer) Current row collection key : org.frcpm.models.Subteam(959666230648800).subsystems#2
10:24:09.945 [main] DEBUG org.hibernate.orm.results.loading.entity - (EntityResultInitializer) Created new entity instance [org.frcpm.models.Subteam(959666230648800)#2] : 1737696383
10:24:09.945 [main] DEBUG org.hibernate.orm.results - Extracted JDBC value [1] - [#33A8FF]
10:24:09.945 [main] DEBUG org.hibernate.orm.results - Extracted JDBC value [2] - [Electrical]
10:24:09.945 [main] DEBUG org.hibernate.orm.results - Extracted JDBC value [3] - [Wiring, Electronics, Sensors, Power Systems]
10:24:09.945 [main] DEBUG org.hibernate.orm.results.loading.entity - (EntityResultInitializer) Done materializing entityInstance : org.frcpm.models.Subteam(959666230648800)#2
10:24:09.945 [main] DEBUG org.hibernate.orm.results.loading - Calling top-level assembler (0 / 1) : org.hibernate.sql.results.graph.entity.internal.EntityAssembler@100dccd6
10:24:09.945 [main] DEBUG org.hibernate.orm.results - Extracted JDBC value [0] - [3]
10:24:09.945 [main] DEBUG org.hibernate.orm.results.loading.entity - (EntityResultInitializer) Hydrated EntityKey (org.frcpm.models.Subteam(959666230648800)): 3
10:24:09.945 [main] DEBUG org.hibernate.orm.results.loading.org.hibernate.orm.results.loading.collection - (DelayedCollectionInitializer) Current row collection key : org.frcpm.models.Subteam(959666230648800).members#3
10:24:09.945 [main] DEBUG org.hibernate.orm.results.loading.org.hibernate.orm.results.loading.collection - (DelayedCollectionInitializer) Current row collection key : org.frcpm.models.Subteam(959666230648800).subsystems#3
10:24:09.945 [main] DEBUG org.hibernate.orm.results.loading.entity - (EntityResultInitializer) Created new entity instance [org.frcpm.models.Subteam(959666230648800)#3] : 725097590
10:24:09.945 [main] DEBUG org.hibernate.orm.results - Extracted JDBC value [1] - [#33FF57]
10:24:09.945 [main] DEBUG org.hibernate.orm.results - Extracted JDBC value [2] - [Programming]
10:24:09.945 [main] DEBUG org.hibernate.orm.results - Extracted JDBC value [3] - [Java, Vision, Control Systems, Autonomous]
10:24:09.945 [main] DEBUG org.hibernate.orm.results.loading.entity - (EntityResultInitializer) Done materializing entityInstance : org.frcpm.models.Subteam(959666230648800)#3
10:24:09.946 [main] DEBUG org.hibernate.orm.results.loading - Calling top-level assembler (0 / 1) : org.hibernate.sql.results.graph.entity.internal.EntityAssembler@100dccd6
10:24:09.946 [main] DEBUG org.hibernate.orm.results - Extracted JDBC value [0] - [4]
10:24:09.946 [main] DEBUG org.hibernate.orm.results.loading.entity - (EntityResultInitializer) Hydrated EntityKey (org.frcpm.models.Subteam(959666230648800)): 4
10:24:09.946 [main] DEBUG org.hibernate.orm.results.loading.org.hibernate.orm.results.loading.collection - (DelayedCollectionInitializer) Current row collection key : org.frcpm.models.Subteam(959666230648800).members#4
10:24:09.946 [main] DEBUG org.hibernate.orm.results.loading.org.hibernate.orm.results.loading.collection - (DelayedCollectionInitializer) Current row collection key : org.frcpm.models.Subteam(959666230648800).subsystems#4
10:24:09.946 [main] DEBUG org.hibernate.orm.results.loading.entity - (EntityResultInitializer) Created new entity instance [org.frcpm.models.Subteam(959666230648800)#4] : 1234514817
10:24:09.946 [main] DEBUG org.hibernate.orm.results - Extracted JDBC value [1] - [#FF33A8]
10:24:09.946 [main] DEBUG org.hibernate.orm.results - Extracted JDBC value [2] - [Business]
10:24:09.946 [main] DEBUG org.hibernate.orm.results - Extracted JDBC value [3] - [Fundraising, Marketing, Outreach, Awards]
10:24:09.946 [main] DEBUG org.hibernate.orm.results.loading.entity - (EntityResultInitializer) Done materializing entityInstance : org.frcpm.models.Subteam(959666230648800)#4
10:24:09.946 [main] DEBUG org.hibernate.orm.results.loading - Calling top-level assembler (0 / 1) : org.hibernate.sql.results.graph.entity.internal.EntityAssembler@100dccd6
10:24:09.946 [main] DEBUG org.hibernate.orm.results - Extracted JDBC value [0] - [24]
10:24:09.946 [main] DEBUG org.hibernate.orm.results.loading.entity - (EntityResultInitializer) Hydrated EntityKey (org.frcpm.models.Subteam(959666230648800)): 24
10:24:09.946 [main] DEBUG org.hibernate.orm.results.loading.org.hibernate.orm.results.loading.collection - (DelayedCollectionInitializer) Current row collection key : org.frcpm.models.Subteam(959666230648800).members#24
10:24:09.946 [main] DEBUG org.hibernate.orm.results.loading.org.hibernate.orm.results.loading.collection - (DelayedCollectionInitializer) Current row collection key : org.frcpm.models.Subteam(959666230648800).subsystems#24
10:24:09.946 [main] DEBUG org.hibernate.orm.results.loading.entity - (EntityResultInitializer) Created new entity instance [org.frcpm.models.Subteam(959666230648800)#24] : 1174778379
10:24:09.946 [main] DEBUG org.hibernate.orm.results - Extracted JDBC value [1] - [#0000FF]
10:24:09.946 [main] DEBUG org.hibernate.orm.results - Extracted JDBC value [2] - [Test Count Subteam]
10:24:09.946 [main] DEBUG org.hibernate.orm.results - Extracted JDBC value [3] - [null]
10:24:09.946 [main] DEBUG org.hibernate.orm.results.loading.entity - (EntityResultInitializer) Done materializing entityInstance : org.frcpm.models.Subteam(959666230648800)#24
10:24:09.946 [main] DEBUG org.hibernate.orm.results.loading - Calling top-level assembler (0 / 1) : org.hibernate.sql.results.graph.entity.internal.EntityAssembler@100dccd6
10:24:09.946 [main] DEBUG org.hibernate.orm.results - Extracted JDBC value [0] - [27]
10:24:09.946 [main] DEBUG org.hibernate.orm.results.loading.entity - (EntityResultInitializer) Hydrated EntityKey (org.frcpm.models.Subteam(959666230648800)): 27
10:24:09.946 [main] DEBUG org.hibernate.orm.results.loading.org.hibernate.orm.results.loading.collection - (DelayedCollectionInitializer) Current row collection key : org.frcpm.models.Subteam(959666230648800).members#27
10:24:09.946 [main] DEBUG org.hibernate.orm.results.loading.org.hibernate.orm.results.loading.collection - (DelayedCollectionInitializer) Current row collection key : org.frcpm.models.Subteam(959666230648800).subsystems#27
10:24:09.946 [main] DEBUG org.hibernate.orm.results.loading.entity - (EntityResultInitializer) Created new entity instance [org.frcpm.models.Subteam(959666230648800)#27] : 755680968
10:24:09.946 [main] DEBUG org.hibernate.orm.results - Extracted JDBC value [1] - [#0000FF]
10:24:09.946 [main] DEBUG org.hibernate.orm.results - Extracted JDBC value [2] - [Test Save Subteam]
10:24:09.946 [main] DEBUG org.hibernate.orm.results - Extracted JDBC value [3] - [Testing]
10:24:09.946 [main] DEBUG org.hibernate.orm.results.loading.entity - (EntityResultInitializer) Done materializing entityInstance : org.frcpm.models.Subteam(959666230648800)#27
10:24:09.946 [main] DEBUG org.hibernate.orm.results.loading - Calling top-level assembler (0 / 1) : org.hibernate.sql.results.graph.entity.internal.EntityAssembler@100dccd6
10:24:09.946 [main] DEBUG org.hibernate.orm.results - Extracted JDBC value [0] - [42]
10:24:09.946 [main] DEBUG org.hibernate.orm.results.loading.entity - (EntityResultInitializer) Hydrated EntityKey (org.frcpm.models.Subteam(959666230648800)): 42
10:24:09.946 [main] DEBUG org.hibernate.orm.results.loading.org.hibernate.orm.results.loading.collection - (DelayedCollectionInitializer) Current row collection key : org.frcpm.models.Subteam(959666230648800).members#42
10:24:09.946 [main] DEBUG org.hibernate.orm.results.loading.org.hibernate.orm.results.loading.collection - (DelayedCollectionInitializer) Current row collection key : org.frcpm.models.Subteam(959666230648800).subsystems#42
10:24:09.946 [main] DEBUG org.hibernate.orm.results.loading.entity - (EntityResultInitializer) Created new entity instance [org.frcpm.models.Subteam(959666230648800)#42] : 2088061107
10:24:09.946 [main] DEBUG org.hibernate.orm.results - Extracted JDBC value [1] - [#00FFFF]
10:24:09.946 [main] DEBUG org.hibernate.orm.results - Extracted JDBC value [2] - [Updated Subteam Name]
10:24:09.946 [main] DEBUG org.hibernate.orm.results - Extracted JDBC value [3] - [null]
10:24:09.946 [main] DEBUG org.hibernate.orm.results.loading.entity - (EntityResultInitializer) Done materializing entityInstance : org.frcpm.models.Subteam(959666230648800)#42
10:24:09.946 [main] DEBUG org.hibernate.orm.results.loading - Calling top-level assembler (0 / 1) : org.hibernate.sql.results.graph.entity.internal.EntityAssembler@100dccd6
10:24:09.946 [main] DEBUG org.hibernate.orm.results - Extracted JDBC value [0] - [67]
10:24:09.946 [main] DEBUG org.hibernate.orm.results.loading.entity - (EntityResultInitializer) Hydrated EntityKey (org.frcpm.models.Subteam(959666230648800)): 67
10:24:09.946 [main] DEBUG org.hibernate.orm.results.loading.org.hibernate.orm.results.loading.collection - (DelayedCollectionInitializer) Current row collection key : org.frcpm.models.Subteam(959666230648800).members#67
10:24:09.946 [main] DEBUG org.hibernate.orm.results.loading.org.hibernate.orm.results.loading.collection - (DelayedCollectionInitializer) Current row collection key : org.frcpm.models.Subteam(959666230648800).subsystems#67
10:24:09.946 [main] DEBUG org.hibernate.orm.results.loading.entity - (EntityResultInitializer) Created new entity instance [org.frcpm.models.Subteam(959666230648800)#67] : 743042813
10:24:09.946 [main] DEBUG org.hibernate.orm.results - Extracted JDBC value [1] - [#0000FF]
10:24:09.946 [main] DEBUG org.hibernate.orm.results - Extracted JDBC value [2] - [Test Create Service Subteam]
10:24:09.946 [main] DEBUG org.hibernate.orm.results - Extracted JDBC value [3] - [Testing, Quality Assurance]
10:24:09.946 [main] DEBUG org.hibernate.orm.results.loading.entity - (EntityResultInitializer) Done materializing entityInstance : org.frcpm.models.Subteam(959666230648800)#67
10:24:09.946 [main] DEBUG org.hibernate.orm.results.loading - Calling top-level assembler (0 / 1) : org.hibernate.sql.results.graph.entity.internal.EntityAssembler@100dccd6
10:24:09.946 [main] DEBUG org.hibernate.orm.results - Extracted JDBC value [0] - [70]
10:24:09.946 [main] DEBUG org.hibernate.orm.results.loading.entity - (EntityResultInitializer) Hydrated EntityKey (org.frcpm.models.Subteam(959666230648800)): 70
10:24:09.946 [main] DEBUG org.hibernate.orm.results.loading.org.hibernate.orm.results.loading.collection - (DelayedCollectionInitializer) Current row collection key : org.frcpm.models.Subteam(959666230648800).members#70
10:24:09.946 [main] DEBUG org.hibernate.orm.results.loading.org.hibernate.orm.results.loading.collection - (DelayedCollectionInitializer) Current row collection key : org.frcpm.models.Subteam(959666230648800).subsystems#70
10:24:09.946 [main] DEBUG org.hibernate.orm.results.loading.entity - (EntityResultInitializer) Created new entity instance [org.frcpm.models.Subteam(959666230648800)#70] : 46195296
10:24:09.946 [main] DEBUG org.hibernate.orm.results - Extracted JDBC value [1] - [#00FFFF]
10:24:09.946 [main] DEBUG org.hibernate.orm.results - Extracted JDBC value [2] - [Test Color Update Subteam]
10:24:09.946 [main] DEBUG org.hibernate.orm.results - Extracted JDBC value [3] - [Specialties]
10:24:09.946 [main] DEBUG org.hibernate.orm.results.loading.entity - (EntityResultInitializer) Done materializing entityInstance : org.frcpm.models.Subteam(959666230648800)#70
10:24:09.946 [main] DEBUG org.hibernate.orm.results.loading - Calling top-level assembler (0 / 1) : org.hibernate.sql.results.graph.entity.internal.EntityAssembler@100dccd6
10:24:09.946 [main] DEBUG org.hibernate.orm.results - Extracted JDBC value [0] - [79]
10:24:09.946 [main] DEBUG org.hibernate.orm.results.loading.entity - (EntityResultInitializer) Hydrated EntityKey (org.frcpm.models.Subteam(959666230648800)): 79
10:24:09.946 [main] DEBUG org.hibernate.orm.results.loading.org.hibernate.orm.results.loading.collection - (DelayedCollectionInitializer) Current row collection key : org.frcpm.models.Subteam(959666230648800).members#79
10:24:09.946 [main] DEBUG org.hibernate.orm.results.loading.org.hibernate.orm.results.loading.collection - (DelayedCollectionInitializer) Current row collection key : org.frcpm.models.Subteam(959666230648800).subsystems#79
10:24:09.946 [main] DEBUG org.hibernate.orm.results.loading.entity - (EntityResultInitializer) Created new entity instance [org.frcpm.models.Subteam(959666230648800)#79] : 949433061
10:24:09.946 [main] DEBUG org.hibernate.orm.results - Extracted JDBC value [1] - [#0000FF]
10:24:09.946 [main] DEBUG org.hibernate.orm.results - Extracted JDBC value [2] - [Test Update Subteam]
10:24:09.946 [main] DEBUG org.hibernate.orm.results - Extracted JDBC value [3] - [Updated Specialties]
10:24:09.946 [main] DEBUG org.hibernate.orm.results.loading.entity - (EntityResultInitializer) Done materializing entityInstance : org.frcpm.models.Subteam(959666230648800)#79
10:24:09.946 [main] DEBUG org.hibernate.orm.results.loading - Calling top-level assembler (0 / 1) : org.hibernate.sql.results.graph.entity.internal.EntityAssembler@100dccd6
10:24:09.946 [main] DEBUG org.hibernate.orm.results - Extracted JDBC value [0] - [87]
10:24:09.946 [main] DEBUG org.hibernate.orm.results.loading.entity - (EntityResultInitializer) Hydrated EntityKey (org.frcpm.models.Subteam(959666230648800)): 87
10:24:09.946 [main] DEBUG org.hibernate.orm.results.loading.org.hibernate.orm.results.loading.collection - (DelayedCollectionInitializer) Current row collection key : org.frcpm.models.Subteam(959666230648800).members#87
10:24:09.946 [main] DEBUG org.hibernate.orm.results.loading.org.hibernate.orm.results.loading.collection - (DelayedCollectionInitializer) Current row collection key : org.frcpm.models.Subteam(959666230648800).subsystems#87
10:24:09.946 [main] DEBUG org.hibernate.orm.results.loading.entity - (EntityResultInitializer) Created new entity instance [org.frcpm.models.Subteam(959666230648800)#87] : 358143210
10:24:09.946 [main] DEBUG org.hibernate.orm.results - Extracted JDBC value [1] - [#0000FF]
10:24:09.946 [main] DEBUG org.hibernate.orm.results - Extracted JDBC value [2] - [Duplicate Name Subteam]
10:24:09.946 [main] DEBUG org.hibernate.orm.results - Extracted JDBC value [3] - [Specialties]
10:24:09.947 [main] DEBUG org.hibernate.orm.results.loading.entity - (EntityResultInitializer) Done materializing entityInstance : org.frcpm.models.Subteam(959666230648800)#87
10:24:09.947 [main] DEBUG org.hibernate.orm.results.loading - Calling top-level assembler (0 / 1) : org.hibernate.sql.results.graph.entity.internal.EntityAssembler@100dccd6
10:24:09.947 [main] DEBUG org.hibernate.resource.jdbc.internal.LogicalConnectionManagedImpl - Initiating JDBC connection release from afterTransaction
10:24:09.947 [main] DEBUG org.hibernate.resource.jdbc.internal.LogicalConnectionManagedImpl - Initiating JDBC connection release from afterTransaction
]]></system-out>
  </testcase>
  <testcase name="testShowInfoAlert" classname="org.frcpm.controllers.TeamControllerTest" time="0.028">
    <system-out><![CDATA[10:24:09.957 [main] DEBUG org.hibernate.orm.sql.ast.create - Created new SQL alias : tm1_0
10:24:09.957 [main] DEBUG org.hibernate.orm.sql.ast.create - Registration of TableGroup [StandardTableGroup(org.frcpm.models.TeamMember(959666244206200))] with identifierForTableGroup [org.frcpm.models.TeamMember] for NavigablePath [org.frcpm.models.TeamMember] 
10:24:09.958 [main] DEBUG org.hibernate.orm.sql.ast.create - Registration of TableGroup [org.hibernate.sql.ast.tree.from.LazyTableGroup@7e12d310] with identifierForTableGroup [org.frcpm.models.TeamMember.subteam] for NavigablePath [org.frcpm.models.TeamMember.subteam] 
10:24:09.958 [main] DEBUG org.hibernate.orm.results.graph.AST - DomainResult Graph:
 \-EntityResultImpl [org.frcpm.models.TeamMember(959666244206200)]
 |  +-DelayedCollectionFetch [org.frcpm.models.TeamMember(959666244206200).assignedTasks]
 |  +-DelayedCollectionFetch [org.frcpm.models.TeamMember(959666244206200).attendances]
 |  +-BasicFetch [org.frcpm.models.TeamMember(959666244206200).email]
 |  +-BasicFetch [org.frcpm.models.TeamMember(959666244206200).firstName]
 |  +-BasicFetch [org.frcpm.models.TeamMember(959666244206200).lastName]
 |  +-BasicFetch [org.frcpm.models.TeamMember(959666244206200).leader]
 |  +-BasicFetch [org.frcpm.models.TeamMember(959666244206200).phone]
 |  +-BasicFetch [org.frcpm.models.TeamMember(959666244206200).skills]
 |  +-CircularFetchImpl [org.frcpm.models.TeamMember(959666244206200).subteam]
 |  \-BasicFetch [org.frcpm.models.TeamMember(959666244206200).username]

10:24:09.958 [main] DEBUG org.hibernate.orm.sql.ast.tree - SQL AST Tree:
    SelectStatement {
      FromClause {
        StandardTableGroup (tm1 : org.frcpm.models.TeamMember(959666244206200)) {
          primaryTableReference : team_members as tm1_0
          TableGroupJoins {
            left  join LazyTableGroup (s1 : org.frcpm.models.TeamMember(959666244206200).subteam) {
            }
          }
        }
      }
    }

10:24:09.959 [main] DEBUG org.hibernate.orm.sql.exec - Skipping reading Query result cache data: cache-enabled = false, cache-mode = NORMAL
10:24:09.959 [main] DEBUG org.hibernate.orm.results - Initializer list:
	  org.frcpm.models.TeamMember(959666244206200).assignedTasks -> DelayedCollectionInitializer(org.frcpm.models.TeamMember(959666244206200).assignedTasks)@325629482 (PluralAttribute(org.frcpm.models.TeamMember.assignedTasks))
	  org.frcpm.models.TeamMember(959666244206200) -> EntityResultInitializer(org.frcpm.models.TeamMember(959666244206200))@1153672386 (SingleTableEntityPersister(org.frcpm.models.TeamMember))
	  org.frcpm.models.TeamMember(959666244206200).attendances -> DelayedCollectionInitializer(org.frcpm.models.TeamMember(959666244206200).attendances)@1014141231 (PluralAttribute(org.frcpm.models.TeamMember.attendances))
	  org.frcpm.models.TeamMember(959666244206200).subteam -> EntityDelayedFetchInitializer(org.frcpm.models.TeamMember(959666244206200).subteam)@1418743778 (ToOneAttributeMapping(NavigableRole[org.frcpm.models.TeamMember.subteam])@1143917207)

10:24:09.959 [main] DEBUG org.hibernate.SQL - select tm1_0.id,tm1_0.email,tm1_0.first_name,tm1_0.last_name,tm1_0.is_leader,tm1_0.phone,tm1_0.skills,tm1_0.subteam_id,tm1_0.username from team_members tm1_0
10:24:09.959 [main] DEBUG org.hibernate.orm.results - Extracted JDBC value [0] - [1]
10:24:09.959 [main] DEBUG org.hibernate.orm.results.loading.entity - (EntityResultInitializer) Hydrated EntityKey (org.frcpm.models.TeamMember(959666244206200)): 1
10:24:09.959 [main] DEBUG org.hibernate.orm.results.loading.org.hibernate.orm.results.loading.collection - (DelayedCollectionInitializer) Current row collection key : org.frcpm.models.TeamMember(959666244206200).assignedTasks#1
10:24:09.960 [main] DEBUG org.hibernate.orm.results.loading.org.hibernate.orm.results.loading.collection - (DelayedCollectionInitializer) Current row collection key : org.frcpm.models.TeamMember(959666244206200).attendances#1
10:24:09.960 [main] DEBUG org.hibernate.orm.results.loading.entity - (EntityResultInitializer) Created new entity instance [org.frcpm.models.TeamMember(959666244206200)#1] : 1936728619
10:24:09.960 [main] DEBUG org.hibernate.orm.results - Extracted JDBC value [7] - [3]
10:24:09.960 [main] DEBUG org.hibernate.orm.results - Extracted JDBC value [1] - [jsmith@example.com]
10:24:09.960 [main] DEBUG org.hibernate.orm.results - Extracted JDBC value [2] - [John]
10:24:09.960 [main] DEBUG org.hibernate.orm.results - Extracted JDBC value [3] - [Smith]
10:24:09.960 [main] DEBUG org.hibernate.orm.results - Extracted JDBC value [4] - [true]
10:24:09.960 [main] DEBUG org.hibernate.orm.results - Extracted JDBC value [5] - [555-1234]
10:24:09.960 [main] DEBUG org.hibernate.orm.results - Extracted JDBC value [6] - [Java, Python, Control Systems]
10:24:09.960 [main] DEBUG org.hibernate.orm.results - Extracted JDBC value [8] - [jsmith]
10:24:09.960 [main] DEBUG org.hibernate.orm.results.loading.entity - (EntityResultInitializer) Done materializing entityInstance : org.frcpm.models.TeamMember(959666244206200)#1
10:24:09.960 [main] DEBUG org.hibernate.orm.results.loading - Calling top-level assembler (0 / 1) : org.hibernate.sql.results.graph.entity.internal.EntityAssembler@1ec7cf12
10:24:09.960 [main] DEBUG org.hibernate.orm.results - Extracted JDBC value [0] - [2]
10:24:09.960 [main] DEBUG org.hibernate.orm.results.loading.entity - (EntityResultInitializer) Hydrated EntityKey (org.frcpm.models.TeamMember(959666244206200)): 2
10:24:09.960 [main] DEBUG org.hibernate.orm.results.loading.org.hibernate.orm.results.loading.collection - (DelayedCollectionInitializer) Current row collection key : org.frcpm.models.TeamMember(959666244206200).assignedTasks#2
10:24:09.960 [main] DEBUG org.hibernate.orm.results.loading.org.hibernate.orm.results.loading.collection - (DelayedCollectionInitializer) Current row collection key : org.frcpm.models.TeamMember(959666244206200).attendances#2
10:24:09.960 [main] DEBUG org.hibernate.orm.results.loading.entity - (EntityResultInitializer) Created new entity instance [org.frcpm.models.TeamMember(959666244206200)#2] : 1817495451
10:24:09.960 [main] DEBUG org.hibernate.orm.results - Extracted JDBC value [7] - [1]
10:24:09.960 [main] DEBUG org.hibernate.orm.results - Extracted JDBC value [1] - [agarcia@example.com]
10:24:09.960 [main] DEBUG org.hibernate.orm.results - Extracted JDBC value [2] - [Ana]
10:24:09.960 [main] DEBUG org.hibernate.orm.results - Extracted JDBC value [3] - [Garcia]
10:24:09.960 [main] DEBUG org.hibernate.orm.results - Extracted JDBC value [4] - [true]
10:24:09.960 [main] DEBUG org.hibernate.orm.results - Extracted JDBC value [5] - [555-5678]
10:24:09.960 [main] DEBUG org.hibernate.orm.results - Extracted JDBC value [6] - [CAD, Design, Machining]
10:24:09.960 [main] DEBUG org.hibernate.orm.results - Extracted JDBC value [8] - [agarcia]
10:24:09.960 [main] DEBUG org.hibernate.orm.results.loading.entity - (EntityResultInitializer) Done materializing entityInstance : org.frcpm.models.TeamMember(959666244206200)#2
10:24:09.960 [main] DEBUG org.hibernate.orm.results.loading - Calling top-level assembler (0 / 1) : org.hibernate.sql.results.graph.entity.internal.EntityAssembler@1ec7cf12
10:24:09.960 [main] DEBUG org.hibernate.orm.results - Extracted JDBC value [0] - [3]
10:24:09.961 [main] DEBUG org.hibernate.orm.results.loading.entity - (EntityResultInitializer) Hydrated EntityKey (org.frcpm.models.TeamMember(959666244206200)): 3
10:24:09.961 [main] DEBUG org.hibernate.orm.results.loading.org.hibernate.orm.results.loading.collection - (DelayedCollectionInitializer) Current row collection key : org.frcpm.models.TeamMember(959666244206200).assignedTasks#3
10:24:09.961 [main] DEBUG org.hibernate.orm.results.loading.org.hibernate.orm.results.loading.collection - (DelayedCollectionInitializer) Current row collection key : org.frcpm.models.TeamMember(959666244206200).attendances#3
10:24:09.961 [main] DEBUG org.hibernate.orm.results.loading.entity - (EntityResultInitializer) Created new entity instance [org.frcpm.models.TeamMember(959666244206200)#3] : 792662185
10:24:09.961 [main] DEBUG org.hibernate.orm.results - Extracted JDBC value [7] - [2]
10:24:09.961 [main] DEBUG org.hibernate.orm.results - Extracted JDBC value [1] - [twong@example.com]
10:24:09.961 [main] DEBUG org.hibernate.orm.results - Extracted JDBC value [2] - [Tyler]
10:24:09.961 [main] DEBUG org.hibernate.orm.results - Extracted JDBC value [3] - [Wong]
10:24:09.961 [main] DEBUG org.hibernate.orm.results - Extracted JDBC value [4] - [true]
10:24:09.961 [main] DEBUG org.hibernate.orm.results - Extracted JDBC value [5] - [555-9012]
10:24:09.961 [main] DEBUG org.hibernate.orm.results - Extracted JDBC value [6] - [Electronics, Wiring, Soldering]
10:24:09.961 [main] DEBUG org.hibernate.orm.results - Extracted JDBC value [8] - [twong]
10:24:09.961 [main] DEBUG org.hibernate.orm.results.loading.entity - (EntityResultInitializer) Done materializing entityInstance : org.frcpm.models.TeamMember(959666244206200)#3
10:24:09.961 [main] DEBUG org.hibernate.orm.results.loading - Calling top-level assembler (0 / 1) : org.hibernate.sql.results.graph.entity.internal.EntityAssembler@1ec7cf12
10:24:09.961 [main] DEBUG org.hibernate.orm.results - Extracted JDBC value [0] - [4]
10:24:09.961 [main] DEBUG org.hibernate.orm.results.loading.entity - (EntityResultInitializer) Hydrated EntityKey (org.frcpm.models.TeamMember(959666244206200)): 4
10:24:09.961 [main] DEBUG org.hibernate.orm.results.loading.org.hibernate.orm.results.loading.collection - (DelayedCollectionInitializer) Current row collection key : org.frcpm.models.TeamMember(959666244206200).assignedTasks#4
10:24:09.961 [main] DEBUG org.hibernate.orm.results.loading.org.hibernate.orm.results.loading.collection - (DelayedCollectionInitializer) Current row collection key : org.frcpm.models.TeamMember(959666244206200).attendances#4
10:24:09.961 [main] DEBUG org.hibernate.orm.results.loading.entity - (EntityResultInitializer) Created new entity instance [org.frcpm.models.TeamMember(959666244206200)#4] : 1912041095
10:24:09.961 [main] DEBUG org.hibernate.orm.results - Extracted JDBC value [7] - [4]
10:24:09.961 [main] DEBUG org.hibernate.orm.results - Extracted JDBC value [1] - [lchen@example.com]
10:24:09.961 [main] DEBUG org.hibernate.orm.results - Extracted JDBC value [2] - [Lisa]
10:24:09.961 [main] DEBUG org.hibernate.orm.results - Extracted JDBC value [3] - [Chen]
10:24:09.961 [main] DEBUG org.hibernate.orm.results - Extracted JDBC value [4] - [true]
10:24:09.961 [main] DEBUG org.hibernate.orm.results - Extracted JDBC value [5] - [555-3456]
10:24:09.961 [main] DEBUG org.hibernate.orm.results - Extracted JDBC value [6] - [Marketing, Social Media, Presentations]
10:24:09.961 [main] DEBUG org.hibernate.orm.results - Extracted JDBC value [8] - [lchen]
10:24:09.961 [main] DEBUG org.hibernate.orm.results.loading.entity - (EntityResultInitializer) Done materializing entityInstance : org.frcpm.models.TeamMember(959666244206200)#4
10:24:09.961 [main] DEBUG org.hibernate.orm.results.loading - Calling top-level assembler (0 / 1) : org.hibernate.sql.results.graph.entity.internal.EntityAssembler@1ec7cf12
10:24:09.961 [main] DEBUG org.hibernate.orm.results - Extracted JDBC value [0] - [5]
10:24:09.961 [main] DEBUG org.hibernate.orm.results.loading.entity - (EntityResultInitializer) Hydrated EntityKey (org.frcpm.models.TeamMember(959666244206200)): 5
10:24:09.961 [main] DEBUG org.hibernate.orm.results.loading.org.hibernate.orm.results.loading.collection - (DelayedCollectionInitializer) Current row collection key : org.frcpm.models.TeamMember(959666244206200).assignedTasks#5
10:24:09.961 [main] DEBUG org.hibernate.orm.results.loading.org.hibernate.orm.results.loading.collection - (DelayedCollectionInitializer) Current row collection key : org.frcpm.models.TeamMember(959666244206200).attendances#5
10:24:09.961 [main] DEBUG org.hibernate.orm.results.loading.entity - (EntityResultInitializer) Created new entity instance [org.frcpm.models.TeamMember(959666244206200)#5] : 1758132212
10:24:09.961 [main] DEBUG org.hibernate.orm.results - Extracted JDBC value [7] - [1]
10:24:09.961 [main] DEBUG org.hibernate.orm.results - Extracted JDBC value [1] - [mjohnson@example.com]
10:24:09.961 [main] DEBUG org.hibernate.orm.results - Extracted JDBC value [2] - [Mike]
10:24:09.961 [main] DEBUG org.hibernate.orm.results - Extracted JDBC value [3] - [Johnson]
10:24:09.961 [main] DEBUG org.hibernate.orm.results - Extracted JDBC value [4] - [false]
10:24:09.961 [main] DEBUG org.hibernate.orm.results - Extracted JDBC value [5] - [555-7890]
10:24:09.961 [main] DEBUG org.hibernate.orm.results - Extracted JDBC value [6] - [CAD, 3D Printing, Prototyping]
10:24:09.961 [main] DEBUG org.hibernate.orm.results - Extracted JDBC value [8] - [mjohnson]
10:24:09.961 [main] DEBUG org.hibernate.orm.results.loading.entity - (EntityResultInitializer) Done materializing entityInstance : org.frcpm.models.TeamMember(959666244206200)#5
10:24:09.961 [main] DEBUG org.hibernate.orm.results.loading - Calling top-level assembler (0 / 1) : org.hibernate.sql.results.graph.entity.internal.EntityAssembler@1ec7cf12
10:24:09.961 [main] DEBUG org.hibernate.orm.results - Extracted JDBC value [0] - [6]
10:24:09.962 [main] DEBUG org.hibernate.orm.results.loading.entity - (EntityResultInitializer) Hydrated EntityKey (org.frcpm.models.TeamMember(959666244206200)): 6
10:24:09.962 [main] DEBUG org.hibernate.orm.results.loading.org.hibernate.orm.results.loading.collection - (DelayedCollectionInitializer) Current row collection key : org.frcpm.models.TeamMember(959666244206200).assignedTasks#6
10:24:09.962 [main] DEBUG org.hibernate.orm.results.loading.org.hibernate.orm.results.loading.collection - (DelayedCollectionInitializer) Current row collection key : org.frcpm.models.TeamMember(959666244206200).attendances#6
10:24:09.962 [main] DEBUG org.hibernate.orm.results.loading.entity - (EntityResultInitializer) Created new entity instance [org.frcpm.models.TeamMember(959666244206200)#6] : 97036349
10:24:09.962 [main] DEBUG org.hibernate.orm.results - Extracted JDBC value [7] - [3]
10:24:09.962 [main] DEBUG org.hibernate.orm.results - Extracted JDBC value [1] - [sdavis@example.com]
10:24:09.962 [main] DEBUG org.hibernate.orm.results - Extracted JDBC value [2] - [Sarah]
10:24:09.962 [main] DEBUG org.hibernate.orm.results - Extracted JDBC value [3] - [Davis]
10:24:09.962 [main] DEBUG org.hibernate.orm.results - Extracted JDBC value [4] - [false]
10:24:09.962 [main] DEBUG org.hibernate.orm.results - Extracted JDBC value [5] - [555-2345]
10:24:09.962 [main] DEBUG org.hibernate.orm.results - Extracted JDBC value [6] - [Computer Vision, Machine Learning]
10:24:09.962 [main] DEBUG org.hibernate.orm.results - Extracted JDBC value [8] - [sdavis]
10:24:09.962 [main] DEBUG org.hibernate.orm.results.loading.entity - (EntityResultInitializer) Done materializing entityInstance : org.frcpm.models.TeamMember(959666244206200)#6
10:24:09.962 [main] DEBUG org.hibernate.orm.results.loading - Calling top-level assembler (0 / 1) : org.hibernate.sql.results.graph.entity.internal.EntityAssembler@1ec7cf12
10:24:09.962 [main] DEBUG org.hibernate.orm.results - Extracted JDBC value [0] - [36]
10:24:09.962 [main] DEBUG org.hibernate.orm.results.loading.entity - (EntityResultInitializer) Hydrated EntityKey (org.frcpm.models.TeamMember(959666244206200)): 36
10:24:09.962 [main] DEBUG org.hibernate.orm.results.loading.org.hibernate.orm.results.loading.collection - (DelayedCollectionInitializer) Current row collection key : org.frcpm.models.TeamMember(959666244206200).assignedTasks#36
10:24:09.962 [main] DEBUG org.hibernate.orm.results.loading.org.hibernate.orm.results.loading.collection - (DelayedCollectionInitializer) Current row collection key : org.frcpm.models.TeamMember(959666244206200).attendances#36
10:24:09.962 [main] DEBUG org.hibernate.orm.results.loading.entity - (EntityResultInitializer) Created new entity instance [org.frcpm.models.TeamMember(959666244206200)#36] : 514498459
10:24:09.962 [main] DEBUG org.hibernate.orm.results - Extracted JDBC value [7] - [null]
10:24:09.962 [main] DEBUG org.hibernate.orm.results - Extracted JDBC value [1] - [tasktest@example.com]
10:24:09.962 [main] DEBUG org.hibernate.orm.results - Extracted JDBC value [2] - [Task]
10:24:09.962 [main] DEBUG org.hibernate.orm.results - Extracted JDBC value [3] - [Test]
10:24:09.962 [main] DEBUG org.hibernate.orm.results - Extracted JDBC value [4] - [false]
10:24:09.962 [main] DEBUG org.hibernate.orm.results - Extracted JDBC value [5] - [null]
10:24:09.962 [main] DEBUG org.hibernate.orm.results - Extracted JDBC value [6] - [null]
10:24:09.962 [main] DEBUG org.hibernate.orm.results - Extracted JDBC value [8] - [tasktestuser_1745594395337]
10:24:09.962 [main] DEBUG org.hibernate.orm.results.loading.entity - (EntityResultInitializer) Done materializing entityInstance : org.frcpm.models.TeamMember(959666244206200)#36
10:24:09.962 [main] DEBUG org.hibernate.orm.results.loading - Calling top-level assembler (0 / 1) : org.hibernate.sql.results.graph.entity.internal.EntityAssembler@1ec7cf12
10:24:09.962 [main] DEBUG org.hibernate.orm.results - Extracted JDBC value [0] - [37]
10:24:09.962 [main] DEBUG org.hibernate.orm.results.loading.entity - (EntityResultInitializer) Hydrated EntityKey (org.frcpm.models.TeamMember(959666244206200)): 37
10:24:09.962 [main] DEBUG org.hibernate.orm.results.loading.org.hibernate.orm.results.loading.collection - (DelayedCollectionInitializer) Current row collection key : org.frcpm.models.TeamMember(959666244206200).assignedTasks#37
10:24:09.962 [main] DEBUG org.hibernate.orm.results.loading.org.hibernate.orm.results.loading.collection - (DelayedCollectionInitializer) Current row collection key : org.frcpm.models.TeamMember(959666244206200).attendances#37
10:24:09.962 [main] DEBUG org.hibernate.orm.results.loading.entity - (EntityResultInitializer) Created new entity instance [org.frcpm.models.TeamMember(959666244206200)#37] : 1812311653
10:24:09.962 [main] DEBUG org.hibernate.orm.results - Extracted JDBC value [7] - [null]
10:24:09.962 [main] DEBUG org.hibernate.orm.results - Extracted JDBC value [1] - [tasktest@example.com]
10:24:09.962 [main] DEBUG org.hibernate.orm.results - Extracted JDBC value [2] - [Task]
10:24:09.962 [main] DEBUG org.hibernate.orm.results - Extracted JDBC value [3] - [Test]
10:24:09.962 [main] DEBUG org.hibernate.orm.results - Extracted JDBC value [4] - [false]
10:24:09.962 [main] DEBUG org.hibernate.orm.results - Extracted JDBC value [5] - [null]
10:24:09.962 [main] DEBUG org.hibernate.orm.results - Extracted JDBC value [6] - [null]
10:24:09.962 [main] DEBUG org.hibernate.orm.results - Extracted JDBC value [8] - [tasktestuser_1745594395698]
10:24:09.962 [main] DEBUG org.hibernate.orm.results.loading.entity - (EntityResultInitializer) Done materializing entityInstance : org.frcpm.models.TeamMember(959666244206200)#37
10:24:09.962 [main] DEBUG org.hibernate.orm.results.loading - Calling top-level assembler (0 / 1) : org.hibernate.sql.results.graph.entity.internal.EntityAssembler@1ec7cf12
10:24:09.962 [main] DEBUG org.hibernate.orm.results - Extracted JDBC value [0] - [38]
10:24:09.962 [main] DEBUG org.hibernate.orm.results.loading.entity - (EntityResultInitializer) Hydrated EntityKey (org.frcpm.models.TeamMember(959666244206200)): 38
10:24:09.962 [main] DEBUG org.hibernate.orm.results.loading.org.hibernate.orm.results.loading.collection - (DelayedCollectionInitializer) Current row collection key : org.frcpm.models.TeamMember(959666244206200).assignedTasks#38
10:24:09.962 [main] DEBUG org.hibernate.orm.results.loading.org.hibernate.orm.results.loading.collection - (DelayedCollectionInitializer) Current row collection key : org.frcpm.models.TeamMember(959666244206200).attendances#38
10:24:09.962 [main] DEBUG org.hibernate.orm.results.loading.entity - (EntityResultInitializer) Created new entity instance [org.frcpm.models.TeamMember(959666244206200)#38] : 1668523859
10:24:09.962 [main] DEBUG org.hibernate.orm.results - Extracted JDBC value [7] - [null]
10:24:09.962 [main] DEBUG org.hibernate.orm.results - Extracted JDBC value [1] - [tasktest@example.com]
10:24:09.962 [main] DEBUG org.hibernate.orm.results - Extracted JDBC value [2] - [Task]
10:24:09.962 [main] DEBUG org.hibernate.orm.results - Extracted JDBC value [3] - [Test]
10:24:09.962 [main] DEBUG org.hibernate.orm.results - Extracted JDBC value [4] - [false]
10:24:09.962 [main] DEBUG org.hibernate.orm.results - Extracted JDBC value [5] - [null]
10:24:09.962 [main] DEBUG org.hibernate.orm.results - Extracted JDBC value [6] - [null]
10:24:09.962 [main] DEBUG org.hibernate.orm.results - Extracted JDBC value [8] - [tasktestuser_1745594396071]
10:24:09.962 [main] DEBUG org.hibernate.orm.results.loading.entity - (EntityResultInitializer) Done materializing entityInstance : org.frcpm.models.TeamMember(959666244206200)#38
10:24:09.962 [main] DEBUG org.hibernate.orm.results.loading - Calling top-level assembler (0 / 1) : org.hibernate.sql.results.graph.entity.internal.EntityAssembler@1ec7cf12
10:24:09.962 [main] DEBUG org.hibernate.orm.results - Extracted JDBC value [0] - [39]
10:24:09.962 [main] DEBUG org.hibernate.orm.results.loading.entity - (EntityResultInitializer) Hydrated EntityKey (org.frcpm.models.TeamMember(959666244206200)): 39
10:24:09.962 [main] DEBUG org.hibernate.orm.results.loading.org.hibernate.orm.results.loading.collection - (DelayedCollectionInitializer) Current row collection key : org.frcpm.models.TeamMember(959666244206200).assignedTasks#39
10:24:09.962 [main] DEBUG org.hibernate.orm.results.loading.org.hibernate.orm.results.loading.collection - (DelayedCollectionInitializer) Current row collection key : org.frcpm.models.TeamMember(959666244206200).attendances#39
10:24:09.962 [main] DEBUG org.hibernate.orm.results.loading.entity - (EntityResultInitializer) Created new entity instance [org.frcpm.models.TeamMember(959666244206200)#39] : 384285300
10:24:09.962 [main] DEBUG org.hibernate.orm.results - Extracted JDBC value [7] - [null]
10:24:09.962 [main] DEBUG org.hibernate.orm.results - Extracted JDBC value [1] - [tasktest@example.com]
10:24:09.962 [main] DEBUG org.hibernate.orm.results - Extracted JDBC value [2] - [Task]
10:24:09.962 [main] DEBUG org.hibernate.orm.results - Extracted JDBC value [3] - [Test]
10:24:09.962 [main] DEBUG org.hibernate.orm.results - Extracted JDBC value [4] - [false]
10:24:09.962 [main] DEBUG org.hibernate.orm.results - Extracted JDBC value [5] - [null]
10:24:09.962 [main] DEBUG org.hibernate.orm.results - Extracted JDBC value [6] - [null]
10:24:09.962 [main] DEBUG org.hibernate.orm.results - Extracted JDBC value [8] - [tasktestuser_1745594396416]
10:24:09.962 [main] DEBUG org.hibernate.orm.results.loading.entity - (EntityResultInitializer) Done materializing entityInstance : org.frcpm.models.TeamMember(959666244206200)#39
10:24:09.962 [main] DEBUG org.hibernate.orm.results.loading - Calling top-level assembler (0 / 1) : org.hibernate.sql.results.graph.entity.internal.EntityAssembler@1ec7cf12
10:24:09.962 [main] DEBUG org.hibernate.orm.results - Extracted JDBC value [0] - [40]
10:24:09.962 [main] DEBUG org.hibernate.orm.results.loading.entity - (EntityResultInitializer) Hydrated EntityKey (org.frcpm.models.TeamMember(959666244206200)): 40
10:24:09.962 [main] DEBUG org.hibernate.orm.results.loading.org.hibernate.orm.results.loading.collection - (DelayedCollectionInitializer) Current row collection key : org.frcpm.models.TeamMember(959666244206200).assignedTasks#40
10:24:09.962 [main] DEBUG org.hibernate.orm.results.loading.org.hibernate.orm.results.loading.collection - (DelayedCollectionInitializer) Current row collection key : org.frcpm.models.TeamMember(959666244206200).attendances#40
10:24:09.962 [main] DEBUG org.hibernate.orm.results.loading.entity - (EntityResultInitializer) Created new entity instance [org.frcpm.models.TeamMember(959666244206200)#40] : 418591730
10:24:09.962 [main] DEBUG org.hibernate.orm.results - Extracted JDBC value [7] - [null]
10:24:09.962 [main] DEBUG org.hibernate.orm.results - Extracted JDBC value [1] - [tasktest@example.com]
10:24:09.962 [main] DEBUG org.hibernate.orm.results - Extracted JDBC value [2] - [Task]
10:24:09.962 [main] DEBUG org.hibernate.orm.results - Extracted JDBC value [3] - [Test]
10:24:09.962 [main] DEBUG org.hibernate.orm.results - Extracted JDBC value [4] - [false]
10:24:09.962 [main] DEBUG org.hibernate.orm.results - Extracted JDBC value [5] - [null]
10:24:09.962 [main] DEBUG org.hibernate.orm.results - Extracted JDBC value [6] - [null]
10:24:09.962 [main] DEBUG org.hibernate.orm.results - Extracted JDBC value [8] - [tasktestuser_1745594396762]
10:24:09.962 [main] DEBUG org.hibernate.orm.results.loading.entity - (EntityResultInitializer) Done materializing entityInstance : org.frcpm.models.TeamMember(959666244206200)#40
10:24:09.962 [main] DEBUG org.hibernate.orm.results.loading - Calling top-level assembler (0 / 1) : org.hibernate.sql.results.graph.entity.internal.EntityAssembler@1ec7cf12
10:24:09.962 [main] DEBUG org.hibernate.orm.results - Extracted JDBC value [0] - [41]
10:24:09.962 [main] DEBUG org.hibernate.orm.results.loading.entity - (EntityResultInitializer) Hydrated EntityKey (org.frcpm.models.TeamMember(959666244206200)): 41
10:24:09.962 [main] DEBUG org.hibernate.orm.results.loading.org.hibernate.orm.results.loading.collection - (DelayedCollectionInitializer) Current row collection key : org.frcpm.models.TeamMember(959666244206200).assignedTasks#41
10:24:09.962 [main] DEBUG org.hibernate.orm.results.loading.org.hibernate.orm.results.loading.collection - (DelayedCollectionInitializer) Current row collection key : org.frcpm.models.TeamMember(959666244206200).attendances#41
10:24:09.962 [main] DEBUG org.hibernate.orm.results.loading.entity - (EntityResultInitializer) Created new entity instance [org.frcpm.models.TeamMember(959666244206200)#41] : 1715486320
10:24:09.962 [main] DEBUG org.hibernate.orm.results - Extracted JDBC value [7] - [null]
10:24:09.962 [main] DEBUG org.hibernate.orm.results - Extracted JDBC value [1] - [tasktest@example.com]
10:24:09.962 [main] DEBUG org.hibernate.orm.results - Extracted JDBC value [2] - [Task]
10:24:09.962 [main] DEBUG org.hibernate.orm.results - Extracted JDBC value [3] - [Test]
10:24:09.962 [main] DEBUG org.hibernate.orm.results - Extracted JDBC value [4] - [false]
10:24:09.962 [main] DEBUG org.hibernate.orm.results - Extracted JDBC value [5] - [null]
10:24:09.962 [main] DEBUG org.hibernate.orm.results - Extracted JDBC value [6] - [null]
10:24:09.962 [main] DEBUG org.hibernate.orm.results - Extracted JDBC value [8] - [tasktestuser_1745594397140]
10:24:09.962 [main] DEBUG org.hibernate.orm.results.loading.entity - (EntityResultInitializer) Done materializing entityInstance : org.frcpm.models.TeamMember(959666244206200)#41
10:24:09.962 [main] DEBUG org.hibernate.orm.results.loading - Calling top-level assembler (0 / 1) : org.hibernate.sql.results.graph.entity.internal.EntityAssembler@1ec7cf12
10:24:09.962 [main] DEBUG org.hibernate.orm.results - Extracted JDBC value [0] - [42]
10:24:09.962 [main] DEBUG org.hibernate.orm.results.loading.entity - (EntityResultInitializer) Hydrated EntityKey (org.frcpm.models.TeamMember(959666244206200)): 42
10:24:09.962 [main] DEBUG org.hibernate.orm.results.loading.org.hibernate.orm.results.loading.collection - (DelayedCollectionInitializer) Current row collection key : org.frcpm.models.TeamMember(959666244206200).assignedTasks#42
10:24:09.962 [main] DEBUG org.hibernate.orm.results.loading.org.hibernate.orm.results.loading.collection - (DelayedCollectionInitializer) Current row collection key : org.frcpm.models.TeamMember(959666244206200).attendances#42
10:24:09.962 [main] DEBUG org.hibernate.orm.results.loading.entity - (EntityResultInitializer) Created new entity instance [org.frcpm.models.TeamMember(959666244206200)#42] : 1262172961
10:24:09.962 [main] DEBUG org.hibernate.orm.results - Extracted JDBC value [7] - [null]
10:24:09.962 [main] DEBUG org.hibernate.orm.results - Extracted JDBC value [1] - [tasktest@example.com]
10:24:09.962 [main] DEBUG org.hibernate.orm.results - Extracted JDBC value [2] - [Task]
10:24:09.962 [main] DEBUG org.hibernate.orm.results - Extracted JDBC value [3] - [Test]
10:24:09.962 [main] DEBUG org.hibernate.orm.results - Extracted JDBC value [4] - [false]
10:24:09.962 [main] DEBUG org.hibernate.orm.results - Extracted JDBC value [5] - [null]
10:24:09.962 [main] DEBUG org.hibernate.orm.results - Extracted JDBC value [6] - [null]
10:24:09.962 [main] DEBUG org.hibernate.orm.results - Extracted JDBC value [8] - [tasktestuser_1745594397563]
10:24:09.962 [main] DEBUG org.hibernate.orm.results.loading.entity - (EntityResultInitializer) Done materializing entityInstance : org.frcpm.models.TeamMember(959666244206200)#42
10:24:09.962 [main] DEBUG org.hibernate.orm.results.loading - Calling top-level assembler (0 / 1) : org.hibernate.sql.results.graph.entity.internal.EntityAssembler@1ec7cf12
10:24:09.962 [main] DEBUG org.hibernate.orm.results - Extracted JDBC value [0] - [43]
10:24:09.962 [main] DEBUG org.hibernate.orm.results.loading.entity - (EntityResultInitializer) Hydrated EntityKey (org.frcpm.models.TeamMember(959666244206200)): 43
10:24:09.962 [main] DEBUG org.hibernate.orm.results.loading.org.hibernate.orm.results.loading.collection - (DelayedCollectionInitializer) Current row collection key : org.frcpm.models.TeamMember(959666244206200).assignedTasks#43
10:24:09.962 [main] DEBUG org.hibernate.orm.results.loading.org.hibernate.orm.results.loading.collection - (DelayedCollectionInitializer) Current row collection key : org.frcpm.models.TeamMember(959666244206200).attendances#43
10:24:09.962 [main] DEBUG org.hibernate.orm.results.loading.entity - (EntityResultInitializer) Created new entity instance [org.frcpm.models.TeamMember(959666244206200)#43] : 595125434
10:24:09.962 [main] DEBUG org.hibernate.orm.results - Extracted JDBC value [7] - [null]
10:24:09.962 [main] DEBUG org.hibernate.orm.results - Extracted JDBC value [1] - [tasktest@example.com]
10:24:09.962 [main] DEBUG org.hibernate.orm.results - Extracted JDBC value [2] - [Task]
10:24:09.962 [main] DEBUG org.hibernate.orm.results - Extracted JDBC value [3] - [Test]
10:24:09.962 [main] DEBUG org.hibernate.orm.results - Extracted JDBC value [4] - [false]
10:24:09.962 [main] DEBUG org.hibernate.orm.results - Extracted JDBC value [5] - [null]
10:24:09.962 [main] DEBUG org.hibernate.orm.results - Extracted JDBC value [6] - [null]
10:24:09.962 [main] DEBUG org.hibernate.orm.results - Extracted JDBC value [8] - [tasktestuser_1745594397906]
10:24:09.962 [main] DEBUG org.hibernate.orm.results.loading.entity - (EntityResultInitializer) Done materializing entityInstance : org.frcpm.models.TeamMember(959666244206200)#43
10:24:09.962 [main] DEBUG org.hibernate.orm.results.loading - Calling top-level assembler (0 / 1) : org.hibernate.sql.results.graph.entity.internal.EntityAssembler@1ec7cf12
10:24:09.962 [main] DEBUG org.hibernate.orm.results - Extracted JDBC value [0] - [44]
10:24:09.962 [main] DEBUG org.hibernate.orm.results.loading.entity - (EntityResultInitializer) Hydrated EntityKey (org.frcpm.models.TeamMember(959666244206200)): 44
10:24:09.962 [main] DEBUG org.hibernate.orm.results.loading.org.hibernate.orm.results.loading.collection - (DelayedCollectionInitializer) Current row collection key : org.frcpm.models.TeamMember(959666244206200).assignedTasks#44
10:24:09.962 [main] DEBUG org.hibernate.orm.results.loading.org.hibernate.orm.results.loading.collection - (DelayedCollectionInitializer) Current row collection key : org.frcpm.models.TeamMember(959666244206200).attendances#44
10:24:09.962 [main] DEBUG org.hibernate.orm.results.loading.entity - (EntityResultInitializer) Created new entity instance [org.frcpm.models.TeamMember(959666244206200)#44] : 1779408324
10:24:09.962 [main] DEBUG org.hibernate.orm.results - Extracted JDBC value [7] - [null]
10:24:09.962 [main] DEBUG org.hibernate.orm.results - Extracted JDBC value [1] - [tasktest@example.com]
10:24:09.962 [main] DEBUG org.hibernate.orm.results - Extracted JDBC value [2] - [Task]
10:24:09.962 [main] DEBUG org.hibernate.orm.results - Extracted JDBC value [3] - [Test]
10:24:09.962 [main] DEBUG org.hibernate.orm.results - Extracted JDBC value [4] - [false]
10:24:09.962 [main] DEBUG org.hibernate.orm.results - Extracted JDBC value [5] - [null]
10:24:09.962 [main] DEBUG org.hibernate.orm.results - Extracted JDBC value [6] - [null]
10:24:09.962 [main] DEBUG org.hibernate.orm.results - Extracted JDBC value [8] - [tasktestuser_1745594398275]
10:24:09.962 [main] DEBUG org.hibernate.orm.results.loading.entity - (EntityResultInitializer) Done materializing entityInstance : org.frcpm.models.TeamMember(959666244206200)#44
10:24:09.962 [main] DEBUG org.hibernate.orm.results.loading - Calling top-level assembler (0 / 1) : org.hibernate.sql.results.graph.entity.internal.EntityAssembler@1ec7cf12
10:24:09.962 [main] DEBUG org.hibernate.orm.results - Extracted JDBC value [0] - [45]
10:24:09.962 [main] DEBUG org.hibernate.orm.results.loading.entity - (EntityResultInitializer) Hydrated EntityKey (org.frcpm.models.TeamMember(959666244206200)): 45
10:24:09.962 [main] DEBUG org.hibernate.orm.results.loading.org.hibernate.orm.results.loading.collection - (DelayedCollectionInitializer) Current row collection key : org.frcpm.models.TeamMember(959666244206200).assignedTasks#45
10:24:09.962 [main] DEBUG org.hibernate.orm.results.loading.org.hibernate.orm.results.loading.collection - (DelayedCollectionInitializer) Current row collection key : org.frcpm.models.TeamMember(959666244206200).attendances#45
10:24:09.962 [main] DEBUG org.hibernate.orm.results.loading.entity - (EntityResultInitializer) Created new entity instance [org.frcpm.models.TeamMember(959666244206200)#45] : 1749040393
10:24:09.962 [main] DEBUG org.hibernate.orm.results - Extracted JDBC value [7] - [null]
10:24:09.962 [main] DEBUG org.hibernate.orm.results - Extracted JDBC value [1] - [tasktest@example.com]
10:24:09.962 [main] DEBUG org.hibernate.orm.results - Extracted JDBC value [2] - [Task]
10:24:09.962 [main] DEBUG org.hibernate.orm.results - Extracted JDBC value [3] - [Test]
10:24:09.962 [main] DEBUG org.hibernate.orm.results - Extracted JDBC value [4] - [false]
10:24:09.962 [main] DEBUG org.hibernate.orm.results - Extracted JDBC value [5] - [null]
10:24:09.962 [main] DEBUG org.hibernate.orm.results - Extracted JDBC value [6] - [null]
10:24:09.962 [main] DEBUG org.hibernate.orm.results - Extracted JDBC value [8] - [tasktestuser_1745594398667]
10:24:09.962 [main] DEBUG org.hibernate.orm.results.loading.entity - (EntityResultInitializer) Done materializing entityInstance : org.frcpm.models.TeamMember(959666244206200)#45
10:24:09.962 [main] DEBUG org.hibernate.orm.results.loading - Calling top-level assembler (0 / 1) : org.hibernate.sql.results.graph.entity.internal.EntityAssembler@1ec7cf12
10:24:09.962 [main] DEBUG org.hibernate.orm.results - Extracted JDBC value [0] - [46]
10:24:09.962 [main] DEBUG org.hibernate.orm.results.loading.entity - (EntityResultInitializer) Hydrated EntityKey (org.frcpm.models.TeamMember(959666244206200)): 46
10:24:09.962 [main] DEBUG org.hibernate.orm.results.loading.org.hibernate.orm.results.loading.collection - (DelayedCollectionInitializer) Current row collection key : org.frcpm.models.TeamMember(959666244206200).assignedTasks#46
10:24:09.962 [main] DEBUG org.hibernate.orm.results.loading.org.hibernate.orm.results.loading.collection - (DelayedCollectionInitializer) Current row collection key : org.frcpm.models.TeamMember(959666244206200).attendances#46
10:24:09.962 [main] DEBUG org.hibernate.orm.results.loading.entity - (EntityResultInitializer) Created new entity instance [org.frcpm.models.TeamMember(959666244206200)#46] : 980759302
10:24:09.962 [main] DEBUG org.hibernate.orm.results - Extracted JDBC value [7] - [null]
10:24:09.962 [main] DEBUG org.hibernate.orm.results - Extracted JDBC value [1] - [tasktest@example.com]
10:24:09.962 [main] DEBUG org.hibernate.orm.results - Extracted JDBC value [2] - [Task]
10:24:09.962 [main] DEBUG org.hibernate.orm.results - Extracted JDBC value [3] - [Test]
10:24:09.962 [main] DEBUG org.hibernate.orm.results - Extracted JDBC value [4] - [false]
10:24:09.962 [main] DEBUG org.hibernate.orm.results - Extracted JDBC value [5] - [null]
10:24:09.964 [main] DEBUG org.hibernate.orm.results - Extracted JDBC value [6] - [null]
10:24:09.964 [main] DEBUG org.hibernate.orm.results - Extracted JDBC value [8] - [tasktestuser_1745594399126]
10:24:09.964 [main] DEBUG org.hibernate.orm.results.loading.entity - (EntityResultInitializer) Done materializing entityInstance : org.frcpm.models.TeamMember(959666244206200)#46
10:24:09.964 [main] DEBUG org.hibernate.orm.results.loading - Calling top-level assembler (0 / 1) : org.hibernate.sql.results.graph.entity.internal.EntityAssembler@1ec7cf12
10:24:09.964 [main] DEBUG org.hibernate.orm.results - Extracted JDBC value [0] - [47]
10:24:09.964 [main] DEBUG org.hibernate.orm.results.loading.entity - (EntityResultInitializer) Hydrated EntityKey (org.frcpm.models.TeamMember(959666244206200)): 47
10:24:09.964 [main] DEBUG org.hibernate.orm.results.loading.org.hibernate.orm.results.loading.collection - (DelayedCollectionInitializer) Current row collection key : org.frcpm.models.TeamMember(959666244206200).assignedTasks#47
10:24:09.964 [main] DEBUG org.hibernate.orm.results.loading.org.hibernate.orm.results.loading.collection - (DelayedCollectionInitializer) Current row collection key : org.frcpm.models.TeamMember(959666244206200).attendances#47
10:24:09.964 [main] DEBUG org.hibernate.orm.results.loading.entity - (EntityResultInitializer) Created new entity instance [org.frcpm.models.TeamMember(959666244206200)#47] : 1417123274
10:24:09.964 [main] DEBUG org.hibernate.orm.results - Extracted JDBC value [7] - [null]
10:24:09.964 [main] DEBUG org.hibernate.orm.results - Extracted JDBC value [1] - [tasktest@example.com]
10:24:09.964 [main] DEBUG org.hibernate.orm.results - Extracted JDBC value [2] - [Task]
10:24:09.964 [main] DEBUG org.hibernate.orm.results - Extracted JDBC value [3] - [Test]
10:24:09.964 [main] DEBUG org.hibernate.orm.results - Extracted JDBC value [4] - [false]
10:24:09.964 [main] DEBUG org.hibernate.orm.results - Extracted JDBC value [5] - [null]
10:24:09.964 [main] DEBUG org.hibernate.orm.results - Extracted JDBC value [6] - [null]
10:24:09.964 [main] DEBUG org.hibernate.orm.results - Extracted JDBC value [8] - [tasktestuser_1745594399532]
10:24:09.964 [main] DEBUG org.hibernate.orm.results.loading.entity - (EntityResultInitializer) Done materializing entityInstance : org.frcpm.models.TeamMember(959666244206200)#47
10:24:09.964 [main] DEBUG org.hibernate.orm.results.loading - Calling top-level assembler (0 / 1) : org.hibernate.sql.results.graph.entity.internal.EntityAssembler@1ec7cf12
10:24:09.964 [main] DEBUG org.hibernate.orm.results - Extracted JDBC value [0] - [48]
10:24:09.965 [main] DEBUG org.hibernate.orm.results.loading.entity - (EntityResultInitializer) Hydrated EntityKey (org.frcpm.models.TeamMember(959666244206200)): 48
10:24:09.965 [main] DEBUG org.hibernate.orm.results.loading.org.hibernate.orm.results.loading.collection - (DelayedCollectionInitializer) Current row collection key : org.frcpm.models.TeamMember(959666244206200).assignedTasks#48
10:24:09.965 [main] DEBUG org.hibernate.orm.results.loading.org.hibernate.orm.results.loading.collection - (DelayedCollectionInitializer) Current row collection key : org.frcpm.models.TeamMember(959666244206200).attendances#48
10:24:09.965 [main] DEBUG org.hibernate.orm.results.loading.entity - (EntityResultInitializer) Created new entity instance [org.frcpm.models.TeamMember(959666244206200)#48] : 163809536
10:24:09.965 [main] DEBUG org.hibernate.orm.results - Extracted JDBC value [7] - [null]
10:24:09.965 [main] DEBUG org.hibernate.orm.results - Extracted JDBC value [1] - [tasktest@example.com]
10:24:09.965 [main] DEBUG org.hibernate.orm.results - Extracted JDBC value [2] - [Task]
10:24:09.965 [main] DEBUG org.hibernate.orm.results - Extracted JDBC value [3] - [Test]
10:24:09.965 [main] DEBUG org.hibernate.orm.results - Extracted JDBC value [4] - [false]
10:24:09.965 [main] DEBUG org.hibernate.orm.results - Extracted JDBC value [5] - [null]
10:24:09.965 [main] DEBUG org.hibernate.orm.results - Extracted JDBC value [6] - [null]
10:24:09.965 [main] DEBUG org.hibernate.orm.results - Extracted JDBC value [8] - [tasktestuser_1745594400014]
10:24:09.965 [main] DEBUG org.hibernate.orm.results.loading.entity - (EntityResultInitializer) Done materializing entityInstance : org.frcpm.models.TeamMember(959666244206200)#48
10:24:09.965 [main] DEBUG org.hibernate.orm.results.loading - Calling top-level assembler (0 / 1) : org.hibernate.sql.results.graph.entity.internal.EntityAssembler@1ec7cf12
10:24:09.965 [main] DEBUG org.hibernate.orm.results - Extracted JDBC value [0] - [53]
10:24:09.965 [main] DEBUG org.hibernate.orm.results.loading.entity - (EntityResultInitializer) Hydrated EntityKey (org.frcpm.models.TeamMember(959666244206200)): 53
10:24:09.965 [main] DEBUG org.hibernate.orm.results.loading.org.hibernate.orm.results.loading.collection - (DelayedCollectionInitializer) Current row collection key : org.frcpm.models.TeamMember(959666244206200).assignedTasks#53
10:24:09.965 [main] DEBUG org.hibernate.orm.results.loading.org.hibernate.orm.results.loading.collection - (DelayedCollectionInitializer) Current row collection key : org.frcpm.models.TeamMember(959666244206200).attendances#53
10:24:09.965 [main] DEBUG org.hibernate.orm.results.loading.entity - (EntityResultInitializer) Created new entity instance [org.frcpm.models.TeamMember(959666244206200)#53] : 1554162934
10:24:09.965 [main] DEBUG org.hibernate.orm.results - Extracted JDBC value [7] - [null]
10:24:09.965 [main] DEBUG org.hibernate.orm.results - Extracted JDBC value [1] - [testcount@example.com]
10:24:09.965 [main] DEBUG org.hibernate.orm.results - Extracted JDBC value [2] - [Test]
10:24:09.965 [main] DEBUG org.hibernate.orm.results - Extracted JDBC value [3] - [Count]
10:24:09.966 [main] DEBUG org.hibernate.orm.results - Extracted JDBC value [4] - [false]
10:24:09.966 [main] DEBUG org.hibernate.orm.results - Extracted JDBC value [5] - [null]
10:24:09.966 [main] DEBUG org.hibernate.orm.results - Extracted JDBC value [6] - [null]
10:24:09.966 [main] DEBUG org.hibernate.orm.results - Extracted JDBC value [8] - [testcount]
10:24:09.966 [main] DEBUG org.hibernate.orm.results.loading.entity - (EntityResultInitializer) Done materializing entityInstance : org.frcpm.models.TeamMember(959666244206200)#53
10:24:09.966 [main] DEBUG org.hibernate.orm.results.loading - Calling top-level assembler (0 / 1) : org.hibernate.sql.results.graph.entity.internal.EntityAssembler@1ec7cf12
10:24:09.966 [main] DEBUG org.hibernate.orm.results - Extracted JDBC value [0] - [56]
10:24:09.966 [main] DEBUG org.hibernate.orm.results.loading.entity - (EntityResultInitializer) Hydrated EntityKey (org.frcpm.models.TeamMember(959666244206200)): 56
10:24:09.966 [main] DEBUG org.hibernate.orm.results.loading.org.hibernate.orm.results.loading.collection - (DelayedCollectionInitializer) Current row collection key : org.frcpm.models.TeamMember(959666244206200).assignedTasks#56
10:24:09.966 [main] DEBUG org.hibernate.orm.results.loading.org.hibernate.orm.results.loading.collection - (DelayedCollectionInitializer) Current row collection key : org.frcpm.models.TeamMember(959666244206200).attendances#56
10:24:09.966 [main] DEBUG org.hibernate.orm.results.loading.entity - (EntityResultInitializer) Created new entity instance [org.frcpm.models.TeamMember(959666244206200)#56] : 1047845407
10:24:09.966 [main] DEBUG org.hibernate.orm.results - Extracted JDBC value [7] - [null]
10:24:09.967 [main] DEBUG org.hibernate.orm.results - Extracted JDBC value [1] - [testsave@example.com]
10:24:09.967 [main] DEBUG org.hibernate.orm.results - Extracted JDBC value [2] - [Test]
10:24:09.967 [main] DEBUG org.hibernate.orm.results - Extracted JDBC value [3] - [Save]
10:24:09.967 [main] DEBUG org.hibernate.orm.results - Extracted JDBC value [4] - [false]
10:24:09.967 [main] DEBUG org.hibernate.orm.results - Extracted JDBC value [5] - [555-SAVE]
10:24:09.967 [main] DEBUG org.hibernate.orm.results - Extracted JDBC value [6] - [Testing]
10:24:09.967 [main] DEBUG org.hibernate.orm.results - Extracted JDBC value [8] - [testsave]
10:24:09.967 [main] DEBUG org.hibernate.orm.results.loading.entity - (EntityResultInitializer) Done materializing entityInstance : org.frcpm.models.TeamMember(959666244206200)#56
10:24:09.967 [main] DEBUG org.hibernate.orm.results.loading - Calling top-level assembler (0 / 1) : org.hibernate.sql.results.graph.entity.internal.EntityAssembler@1ec7cf12
10:24:09.967 [main] DEBUG org.hibernate.orm.results - Extracted JDBC value [0] - [77]
10:24:09.967 [main] DEBUG org.hibernate.orm.results.loading.entity - (EntityResultInitializer) Hydrated EntityKey (org.frcpm.models.TeamMember(959666244206200)): 77
10:24:09.968 [main] DEBUG org.hibernate.orm.results.loading.org.hibernate.orm.results.loading.collection - (DelayedCollectionInitializer) Current row collection key : org.frcpm.models.TeamMember(959666244206200).assignedTasks#77
10:24:09.968 [main] DEBUG org.hibernate.orm.results.loading.org.hibernate.orm.results.loading.collection - (DelayedCollectionInitializer) Current row collection key : org.frcpm.models.TeamMember(959666244206200).attendances#77
10:24:09.968 [main] DEBUG org.hibernate.orm.results.loading.entity - (EntityResultInitializer) Created new entity instance [org.frcpm.models.TeamMember(959666244206200)#77] : 904779910
10:24:09.968 [main] DEBUG org.hibernate.orm.results - Extracted JDBC value [7] - [null]
10:24:09.968 [main] DEBUG org.hibernate.orm.results - Extracted JDBC value [1] - [testupdate@example.com]
10:24:09.968 [main] DEBUG org.hibernate.orm.results - Extracted JDBC value [2] - [Updated]
10:24:09.968 [main] DEBUG org.hibernate.orm.results - Extracted JDBC value [3] - [Update]
10:24:09.968 [main] DEBUG org.hibernate.orm.results - Extracted JDBC value [4] - [false]
10:24:09.968 [main] DEBUG org.hibernate.orm.results - Extracted JDBC value [5] - [null]
10:24:09.968 [main] DEBUG org.hibernate.orm.results - Extracted JDBC value [6] - [Updated Skills]
10:24:09.968 [main] DEBUG org.hibernate.orm.results - Extracted JDBC value [8] - [testupdate]
10:24:09.968 [main] DEBUG org.hibernate.orm.results.loading.entity - (EntityResultInitializer) Done materializing entityInstance : org.frcpm.models.TeamMember(959666244206200)#77
10:24:09.968 [main] DEBUG org.hibernate.orm.results.loading - Calling top-level assembler (0 / 1) : org.hibernate.sql.results.graph.entity.internal.EntityAssembler@1ec7cf12
10:24:09.968 [main] DEBUG org.hibernate.orm.results - Extracted JDBC value [0] - [84]
10:24:09.968 [main] DEBUG org.hibernate.orm.results.loading.entity - (EntityResultInitializer) Hydrated EntityKey (org.frcpm.models.TeamMember(959666244206200)): 84
10:24:09.968 [main] DEBUG org.hibernate.orm.results.loading.org.hibernate.orm.results.loading.collection - (DelayedCollectionInitializer) Current row collection key : org.frcpm.models.TeamMember(959666244206200).assignedTasks#84
10:24:09.968 [main] DEBUG org.hibernate.orm.results.loading.org.hibernate.orm.results.loading.collection - (DelayedCollectionInitializer) Current row collection key : org.frcpm.models.TeamMember(959666244206200).attendances#84
10:24:09.968 [main] DEBUG org.hibernate.orm.results.loading.entity - (EntityResultInitializer) Created new entity instance [org.frcpm.models.TeamMember(959666244206200)#84] : 2084046498
10:24:09.968 [main] DEBUG org.hibernate.orm.results - Extracted JDBC value [7] - [null]
10:24:09.968 [main] DEBUG org.hibernate.orm.results - Extracted JDBC value [1] - [attendance3@example.com]
10:24:09.968 [main] DEBUG org.hibernate.orm.results - Extracted JDBC value [2] - [Attendance]
10:24:09.968 [main] DEBUG org.hibernate.orm.results - Extracted JDBC value [3] - [Test3]
10:24:09.968 [main] DEBUG org.hibernate.orm.results - Extracted JDBC value [4] - [false]
10:24:09.968 [main] DEBUG org.hibernate.orm.results - Extracted JDBC value [5] - [555-9012]
10:24:09.968 [main] DEBUG org.hibernate.orm.results - Extracted JDBC value [6] - [null]
10:24:09.968 [main] DEBUG org.hibernate.orm.results - Extracted JDBC value [8] - [attendancetest3]
10:24:09.968 [main] DEBUG org.hibernate.orm.results.loading.entity - (EntityResultInitializer) Done materializing entityInstance : org.frcpm.models.TeamMember(959666244206200)#84
10:24:09.969 [main] DEBUG org.hibernate.orm.results.loading - Calling top-level assembler (0 / 1) : org.hibernate.sql.results.graph.entity.internal.EntityAssembler@1ec7cf12
10:24:09.969 [main] DEBUG org.hibernate.resource.jdbc.internal.LogicalConnectionManagedImpl - Initiating JDBC connection release from afterTransaction
10:24:09.969 [main] DEBUG org.hibernate.resource.jdbc.internal.LogicalConnectionManagedImpl - Initiating JDBC connection release from afterTransaction
10:24:09.970 [main] DEBUG org.hibernate.orm.sql.ast.create - Created new SQL alias : s1_0
10:24:09.970 [main] DEBUG org.hibernate.orm.sql.ast.create - Registration of TableGroup [StandardTableGroup(org.frcpm.models.Subteam(959666256126500))] with identifierForTableGroup [org.frcpm.models.Subteam] for NavigablePath [org.frcpm.models.Subteam] 
10:24:09.971 [main] DEBUG org.hibernate.orm.results.graph.AST - DomainResult Graph:
 \-EntityResultImpl [org.frcpm.models.Subteam(959666256126500)]
 |  +-BasicFetch [org.frcpm.models.Subteam(959666256126500).colorCode]
 |  +-DelayedCollectionFetch [org.frcpm.models.Subteam(959666256126500).members]
 |  +-BasicFetch [org.frcpm.models.Subteam(959666256126500).name]
 |  +-BasicFetch [org.frcpm.models.Subteam(959666256126500).specialties]
 |  \-DelayedCollectionFetch [org.frcpm.models.Subteam(959666256126500).subsystems]

10:24:09.971 [main] DEBUG org.hibernate.orm.sql.ast.tree - SQL AST Tree:
    SelectStatement {
      FromClause {
        StandardTableGroup (s1 : org.frcpm.models.Subteam(959666256126500)) {
          primaryTableReference : subteams as s1_0
        }
      }
    }

10:24:09.971 [main] DEBUG org.hibernate.orm.sql.exec - Skipping reading Query result cache data: cache-enabled = false, cache-mode = NORMAL
10:24:09.972 [main] DEBUG org.hibernate.orm.results - Initializer list:
	  org.frcpm.models.Subteam(959666256126500).members -> DelayedCollectionInitializer(org.frcpm.models.Subteam(959666256126500).members)@605105860 (PluralAttribute(org.frcpm.models.Subteam.members))
	  org.frcpm.models.Subteam(959666256126500) -> EntityResultInitializer(org.frcpm.models.Subteam(959666256126500))@1784709811 (SingleTableEntityPersister(org.frcpm.models.Subteam))
	  org.frcpm.models.Subteam(959666256126500).subsystems -> DelayedCollectionInitializer(org.frcpm.models.Subteam(959666256126500).subsystems)@492379992 (PluralAttribute(org.frcpm.models.Subteam.subsystems))

10:24:09.972 [main] DEBUG org.hibernate.SQL - select s1_0.id,s1_0.color_code,s1_0.name,s1_0.specialties from subteams s1_0
10:24:09.972 [main] DEBUG org.hibernate.orm.results - Extracted JDBC value [0] - [1]
10:24:09.972 [main] DEBUG org.hibernate.orm.results.loading.entity - (EntityResultInitializer) Hydrated EntityKey (org.frcpm.models.Subteam(959666256126500)): 1
10:24:09.972 [main] DEBUG org.hibernate.orm.results.loading.org.hibernate.orm.results.loading.collection - (DelayedCollectionInitializer) Current row collection key : org.frcpm.models.Subteam(959666256126500).members#1
10:24:09.972 [main] DEBUG org.hibernate.orm.results.loading.org.hibernate.orm.results.loading.collection - (DelayedCollectionInitializer) Current row collection key : org.frcpm.models.Subteam(959666256126500).subsystems#1
10:24:09.973 [main] DEBUG org.hibernate.orm.results.loading.entity - (EntityResultInitializer) Created new entity instance [org.frcpm.models.Subteam(959666256126500)#1] : 1358434264
10:24:09.973 [main] DEBUG org.hibernate.orm.results - Extracted JDBC value [1] - [#FF5733]
10:24:09.973 [main] DEBUG org.hibernate.orm.results - Extracted JDBC value [2] - [Mechanical]
10:24:09.973 [main] DEBUG org.hibernate.orm.results - Extracted JDBC value [3] - [Design, CAD, Fabrication, Assembly]
10:24:09.973 [main] DEBUG org.hibernate.orm.results.loading.entity - (EntityResultInitializer) Done materializing entityInstance : org.frcpm.models.Subteam(959666256126500)#1
10:24:09.973 [main] DEBUG org.hibernate.orm.results.loading - Calling top-level assembler (0 / 1) : org.hibernate.sql.results.graph.entity.internal.EntityAssembler@7b67e60e
10:24:09.973 [main] DEBUG org.hibernate.orm.results - Extracted JDBC value [0] - [2]
10:24:09.973 [main] DEBUG org.hibernate.orm.results.loading.entity - (EntityResultInitializer) Hydrated EntityKey (org.frcpm.models.Subteam(959666256126500)): 2
10:24:09.973 [main] DEBUG org.hibernate.orm.results.loading.org.hibernate.orm.results.loading.collection - (DelayedCollectionInitializer) Current row collection key : org.frcpm.models.Subteam(959666256126500).members#2
10:24:09.973 [main] DEBUG org.hibernate.orm.results.loading.org.hibernate.orm.results.loading.collection - (DelayedCollectionInitializer) Current row collection key : org.frcpm.models.Subteam(959666256126500).subsystems#2
10:24:09.973 [main] DEBUG org.hibernate.orm.results.loading.entity - (EntityResultInitializer) Created new entity instance [org.frcpm.models.Subteam(959666256126500)#2] : 1811001461
10:24:09.973 [main] DEBUG org.hibernate.orm.results - Extracted JDBC value [1] - [#33A8FF]
10:24:09.973 [main] DEBUG org.hibernate.orm.results - Extracted JDBC value [2] - [Electrical]
10:24:09.973 [main] DEBUG org.hibernate.orm.results - Extracted JDBC value [3] - [Wiring, Electronics, Sensors, Power Systems]
10:24:09.973 [main] DEBUG org.hibernate.orm.results.loading.entity - (EntityResultInitializer) Done materializing entityInstance : org.frcpm.models.Subteam(959666256126500)#2
10:24:09.973 [main] DEBUG org.hibernate.orm.results.loading - Calling top-level assembler (0 / 1) : org.hibernate.sql.results.graph.entity.internal.EntityAssembler@7b67e60e
10:24:09.973 [main] DEBUG org.hibernate.orm.results - Extracted JDBC value [0] - [3]
10:24:09.973 [main] DEBUG org.hibernate.orm.results.loading.entity - (EntityResultInitializer) Hydrated EntityKey (org.frcpm.models.Subteam(959666256126500)): 3
10:24:09.973 [main] DEBUG org.hibernate.orm.results.loading.org.hibernate.orm.results.loading.collection - (DelayedCollectionInitializer) Current row collection key : org.frcpm.models.Subteam(959666256126500).members#3
10:24:09.973 [main] DEBUG org.hibernate.orm.results.loading.org.hibernate.orm.results.loading.collection - (DelayedCollectionInitializer) Current row collection key : org.frcpm.models.Subteam(959666256126500).subsystems#3
10:24:09.973 [main] DEBUG org.hibernate.orm.results.loading.entity - (EntityResultInitializer) Created new entity instance [org.frcpm.models.Subteam(959666256126500)#3] : 1721002361
10:24:09.973 [main] DEBUG org.hibernate.orm.results - Extracted JDBC value [1] - [#33FF57]
10:24:09.973 [main] DEBUG org.hibernate.orm.results - Extracted JDBC value [2] - [Programming]
10:24:09.973 [main] DEBUG org.hibernate.orm.results - Extracted JDBC value [3] - [Java, Vision, Control Systems, Autonomous]
10:24:09.973 [main] DEBUG org.hibernate.orm.results.loading.entity - (EntityResultInitializer) Done materializing entityInstance : org.frcpm.models.Subteam(959666256126500)#3
10:24:09.973 [main] DEBUG org.hibernate.orm.results.loading - Calling top-level assembler (0 / 1) : org.hibernate.sql.results.graph.entity.internal.EntityAssembler@7b67e60e
10:24:09.973 [main] DEBUG org.hibernate.orm.results - Extracted JDBC value [0] - [4]
10:24:09.973 [main] DEBUG org.hibernate.orm.results.loading.entity - (EntityResultInitializer) Hydrated EntityKey (org.frcpm.models.Subteam(959666256126500)): 4
10:24:09.973 [main] DEBUG org.hibernate.orm.results.loading.org.hibernate.orm.results.loading.collection - (DelayedCollectionInitializer) Current row collection key : org.frcpm.models.Subteam(959666256126500).members#4
10:24:09.973 [main] DEBUG org.hibernate.orm.results.loading.org.hibernate.orm.results.loading.collection - (DelayedCollectionInitializer) Current row collection key : org.frcpm.models.Subteam(959666256126500).subsystems#4
10:24:09.973 [main] DEBUG org.hibernate.orm.results.loading.entity - (EntityResultInitializer) Created new entity instance [org.frcpm.models.Subteam(959666256126500)#4] : 440015705
10:24:09.973 [main] DEBUG org.hibernate.orm.results - Extracted JDBC value [1] - [#FF33A8]
10:24:09.973 [main] DEBUG org.hibernate.orm.results - Extracted JDBC value [2] - [Business]
10:24:09.973 [main] DEBUG org.hibernate.orm.results - Extracted JDBC value [3] - [Fundraising, Marketing, Outreach, Awards]
10:24:09.973 [main] DEBUG org.hibernate.orm.results.loading.entity - (EntityResultInitializer) Done materializing entityInstance : org.frcpm.models.Subteam(959666256126500)#4
10:24:09.973 [main] DEBUG org.hibernate.orm.results.loading - Calling top-level assembler (0 / 1) : org.hibernate.sql.results.graph.entity.internal.EntityAssembler@7b67e60e
10:24:09.973 [main] DEBUG org.hibernate.orm.results - Extracted JDBC value [0] - [24]
10:24:09.973 [main] DEBUG org.hibernate.orm.results.loading.entity - (EntityResultInitializer) Hydrated EntityKey (org.frcpm.models.Subteam(959666256126500)): 24
10:24:09.973 [main] DEBUG org.hibernate.orm.results.loading.org.hibernate.orm.results.loading.collection - (DelayedCollectionInitializer) Current row collection key : org.frcpm.models.Subteam(959666256126500).members#24
10:24:09.973 [main] DEBUG org.hibernate.orm.results.loading.org.hibernate.orm.results.loading.collection - (DelayedCollectionInitializer) Current row collection key : org.frcpm.models.Subteam(959666256126500).subsystems#24
10:24:09.973 [main] DEBUG org.hibernate.orm.results.loading.entity - (EntityResultInitializer) Created new entity instance [org.frcpm.models.Subteam(959666256126500)#24] : 1623814841
10:24:09.973 [main] DEBUG org.hibernate.orm.results - Extracted JDBC value [1] - [#0000FF]
10:24:09.974 [main] DEBUG org.hibernate.orm.results - Extracted JDBC value [2] - [Test Count Subteam]
10:24:09.974 [main] DEBUG org.hibernate.orm.results - Extracted JDBC value [3] - [null]
10:24:09.974 [main] DEBUG org.hibernate.orm.results.loading.entity - (EntityResultInitializer) Done materializing entityInstance : org.frcpm.models.Subteam(959666256126500)#24
10:24:09.974 [main] DEBUG org.hibernate.orm.results.loading - Calling top-level assembler (0 / 1) : org.hibernate.sql.results.graph.entity.internal.EntityAssembler@7b67e60e
10:24:09.974 [main] DEBUG org.hibernate.orm.results - Extracted JDBC value [0] - [27]
10:24:09.974 [main] DEBUG org.hibernate.orm.results.loading.entity - (EntityResultInitializer) Hydrated EntityKey (org.frcpm.models.Subteam(959666256126500)): 27
10:24:09.974 [main] DEBUG org.hibernate.orm.results.loading.org.hibernate.orm.results.loading.collection - (DelayedCollectionInitializer) Current row collection key : org.frcpm.models.Subteam(959666256126500).members#27
10:24:09.974 [main] DEBUG org.hibernate.orm.results.loading.org.hibernate.orm.results.loading.collection - (DelayedCollectionInitializer) Current row collection key : org.frcpm.models.Subteam(959666256126500).subsystems#27
10:24:09.974 [main] DEBUG org.hibernate.orm.results.loading.entity - (EntityResultInitializer) Created new entity instance [org.frcpm.models.Subteam(959666256126500)#27] : 1547389596
10:24:09.974 [main] DEBUG org.hibernate.orm.results - Extracted JDBC value [1] - [#0000FF]
10:24:09.974 [main] DEBUG org.hibernate.orm.results - Extracted JDBC value [2] - [Test Save Subteam]
10:24:09.974 [main] DEBUG org.hibernate.orm.results - Extracted JDBC value [3] - [Testing]
10:24:09.974 [main] DEBUG org.hibernate.orm.results.loading.entity - (EntityResultInitializer) Done materializing entityInstance : org.frcpm.models.Subteam(959666256126500)#27
10:24:09.974 [main] DEBUG org.hibernate.orm.results.loading - Calling top-level assembler (0 / 1) : org.hibernate.sql.results.graph.entity.internal.EntityAssembler@7b67e60e
10:24:09.974 [main] DEBUG org.hibernate.orm.results - Extracted JDBC value [0] - [42]
10:24:09.974 [main] DEBUG org.hibernate.orm.results.loading.entity - (EntityResultInitializer) Hydrated EntityKey (org.frcpm.models.Subteam(959666256126500)): 42
10:24:09.974 [main] DEBUG org.hibernate.orm.results.loading.org.hibernate.orm.results.loading.collection - (DelayedCollectionInitializer) Current row collection key : org.frcpm.models.Subteam(959666256126500).members#42
10:24:09.974 [main] DEBUG org.hibernate.orm.results.loading.org.hibernate.orm.results.loading.collection - (DelayedCollectionInitializer) Current row collection key : org.frcpm.models.Subteam(959666256126500).subsystems#42
10:24:09.974 [main] DEBUG org.hibernate.orm.results.loading.entity - (EntityResultInitializer) Created new entity instance [org.frcpm.models.Subteam(959666256126500)#42] : 2040979686
10:24:09.974 [main] DEBUG org.hibernate.orm.results - Extracted JDBC value [1] - [#00FFFF]
10:24:09.974 [main] DEBUG org.hibernate.orm.results - Extracted JDBC value [2] - [Updated Subteam Name]
10:24:09.974 [main] DEBUG org.hibernate.orm.results - Extracted JDBC value [3] - [null]
10:24:09.974 [main] DEBUG org.hibernate.orm.results.loading.entity - (EntityResultInitializer) Done materializing entityInstance : org.frcpm.models.Subteam(959666256126500)#42
10:24:09.974 [main] DEBUG org.hibernate.orm.results.loading - Calling top-level assembler (0 / 1) : org.hibernate.sql.results.graph.entity.internal.EntityAssembler@7b67e60e
10:24:09.974 [main] DEBUG org.hibernate.orm.results - Extracted JDBC value [0] - [67]
10:24:09.974 [main] DEBUG org.hibernate.orm.results.loading.entity - (EntityResultInitializer) Hydrated EntityKey (org.frcpm.models.Subteam(959666256126500)): 67
10:24:09.974 [main] DEBUG org.hibernate.orm.results.loading.org.hibernate.orm.results.loading.collection - (DelayedCollectionInitializer) Current row collection key : org.frcpm.models.Subteam(959666256126500).members#67
10:24:09.974 [main] DEBUG org.hibernate.orm.results.loading.org.hibernate.orm.results.loading.collection - (DelayedCollectionInitializer) Current row collection key : org.frcpm.models.Subteam(959666256126500).subsystems#67
10:24:09.974 [main] DEBUG org.hibernate.orm.results.loading.entity - (EntityResultInitializer) Created new entity instance [org.frcpm.models.Subteam(959666256126500)#67] : 467641631
10:24:09.974 [main] DEBUG org.hibernate.orm.results - Extracted JDBC value [1] - [#0000FF]
10:24:09.974 [main] DEBUG org.hibernate.orm.results - Extracted JDBC value [2] - [Test Create Service Subteam]
10:24:09.974 [main] DEBUG org.hibernate.orm.results - Extracted JDBC value [3] - [Testing, Quality Assurance]
10:24:09.974 [main] DEBUG org.hibernate.orm.results.loading.entity - (EntityResultInitializer) Done materializing entityInstance : org.frcpm.models.Subteam(959666256126500)#67
10:24:09.974 [main] DEBUG org.hibernate.orm.results.loading - Calling top-level assembler (0 / 1) : org.hibernate.sql.results.graph.entity.internal.EntityAssembler@7b67e60e
10:24:09.974 [main] DEBUG org.hibernate.orm.results - Extracted JDBC value [0] - [70]
10:24:09.974 [main] DEBUG org.hibernate.orm.results.loading.entity - (EntityResultInitializer) Hydrated EntityKey (org.frcpm.models.Subteam(959666256126500)): 70
10:24:09.974 [main] DEBUG org.hibernate.orm.results.loading.org.hibernate.orm.results.loading.collection - (DelayedCollectionInitializer) Current row collection key : org.frcpm.models.Subteam(959666256126500).members#70
10:24:09.974 [main] DEBUG org.hibernate.orm.results.loading.org.hibernate.orm.results.loading.collection - (DelayedCollectionInitializer) Current row collection key : org.frcpm.models.Subteam(959666256126500).subsystems#70
10:24:09.974 [main] DEBUG org.hibernate.orm.results.loading.entity - (EntityResultInitializer) Created new entity instance [org.frcpm.models.Subteam(959666256126500)#70] : 1997601211
10:24:09.974 [main] DEBUG org.hibernate.orm.results - Extracted JDBC value [1] - [#00FFFF]
10:24:09.974 [main] DEBUG org.hibernate.orm.results - Extracted JDBC value [2] - [Test Color Update Subteam]
10:24:09.975 [main] DEBUG org.hibernate.orm.results - Extracted JDBC value [3] - [Specialties]
10:24:09.975 [main] DEBUG org.hibernate.orm.results.loading.entity - (EntityResultInitializer) Done materializing entityInstance : org.frcpm.models.Subteam(959666256126500)#70
10:24:09.975 [main] DEBUG org.hibernate.orm.results.loading - Calling top-level assembler (0 / 1) : org.hibernate.sql.results.graph.entity.internal.EntityAssembler@7b67e60e
10:24:09.975 [main] DEBUG org.hibernate.orm.results - Extracted JDBC value [0] - [79]
10:24:09.975 [main] DEBUG org.hibernate.orm.results.loading.entity - (EntityResultInitializer) Hydrated EntityKey (org.frcpm.models.Subteam(959666256126500)): 79
10:24:09.975 [main] DEBUG org.hibernate.orm.results.loading.org.hibernate.orm.results.loading.collection - (DelayedCollectionInitializer) Current row collection key : org.frcpm.models.Subteam(959666256126500).members#79
10:24:09.975 [main] DEBUG org.hibernate.orm.results.loading.org.hibernate.orm.results.loading.collection - (DelayedCollectionInitializer) Current row collection key : org.frcpm.models.Subteam(959666256126500).subsystems#79
10:24:09.975 [main] DEBUG org.hibernate.orm.results.loading.entity - (EntityResultInitializer) Created new entity instance [org.frcpm.models.Subteam(959666256126500)#79] : 1672463328
10:24:09.975 [main] DEBUG org.hibernate.orm.results - Extracted JDBC value [1] - [#0000FF]
10:24:09.975 [main] DEBUG org.hibernate.orm.results - Extracted JDBC value [2] - [Test Update Subteam]
10:24:09.975 [main] DEBUG org.hibernate.orm.results - Extracted JDBC value [3] - [Updated Specialties]
10:24:09.975 [main] DEBUG org.hibernate.orm.results.loading.entity - (EntityResultInitializer) Done materializing entityInstance : org.frcpm.models.Subteam(959666256126500)#79
10:24:09.975 [main] DEBUG org.hibernate.orm.results.loading - Calling top-level assembler (0 / 1) : org.hibernate.sql.results.graph.entity.internal.EntityAssembler@7b67e60e
10:24:09.975 [main] DEBUG org.hibernate.orm.results - Extracted JDBC value [0] - [87]
10:24:09.975 [main] DEBUG org.hibernate.orm.results.loading.entity - (EntityResultInitializer) Hydrated EntityKey (org.frcpm.models.Subteam(959666256126500)): 87
10:24:09.975 [main] DEBUG org.hibernate.orm.results.loading.org.hibernate.orm.results.loading.collection - (DelayedCollectionInitializer) Current row collection key : org.frcpm.models.Subteam(959666256126500).members#87
10:24:09.975 [main] DEBUG org.hibernate.orm.results.loading.org.hibernate.orm.results.loading.collection - (DelayedCollectionInitializer) Current row collection key : org.frcpm.models.Subteam(959666256126500).subsystems#87
10:24:09.975 [main] DEBUG org.hibernate.orm.results.loading.entity - (EntityResultInitializer) Created new entity instance [org.frcpm.models.Subteam(959666256126500)#87] : 180086707
10:24:09.975 [main] DEBUG org.hibernate.orm.results - Extracted JDBC value [1] - [#0000FF]
10:24:09.975 [main] DEBUG org.hibernate.orm.results - Extracted JDBC value [2] - [Duplicate Name Subteam]
10:24:09.975 [main] DEBUG org.hibernate.orm.results - Extracted JDBC value [3] - [Specialties]
10:24:09.975 [main] DEBUG org.hibernate.orm.results.loading.entity - (EntityResultInitializer) Done materializing entityInstance : org.frcpm.models.Subteam(959666256126500)#87
10:24:09.975 [main] DEBUG org.hibernate.orm.results.loading - Calling top-level assembler (0 / 1) : org.hibernate.sql.results.graph.entity.internal.EntityAssembler@7b67e60e
10:24:09.976 [main] DEBUG org.hibernate.resource.jdbc.internal.LogicalConnectionManagedImpl - Initiating JDBC connection release from afterTransaction
10:24:09.976 [main] DEBUG org.hibernate.resource.jdbc.internal.LogicalConnectionManagedImpl - Initiating JDBC connection release from afterTransaction
]]></system-out>
  </testcase>
  <testcase name="testHandleDeleteMember_NoSelection" classname="org.frcpm.controllers.TeamControllerTest" time="0.024">
    <system-out><![CDATA[10:24:09.988 [main] DEBUG org.hibernate.orm.sql.ast.create - Created new SQL alias : tm1_0
10:24:09.988 [main] DEBUG org.hibernate.orm.sql.ast.create - Registration of TableGroup [StandardTableGroup(org.frcpm.models.TeamMember(959666274724100))] with identifierForTableGroup [org.frcpm.models.TeamMember] for NavigablePath [org.frcpm.models.TeamMember] 
10:24:09.989 [main] DEBUG org.hibernate.orm.sql.ast.create - Registration of TableGroup [org.hibernate.sql.ast.tree.from.LazyTableGroup@e9ea2b7] with identifierForTableGroup [org.frcpm.models.TeamMember.subteam] for NavigablePath [org.frcpm.models.TeamMember.subteam] 
10:24:09.989 [main] DEBUG org.hibernate.orm.results.graph.AST - DomainResult Graph:
 \-EntityResultImpl [org.frcpm.models.TeamMember(959666274724100)]
 |  +-DelayedCollectionFetch [org.frcpm.models.TeamMember(959666274724100).assignedTasks]
 |  +-DelayedCollectionFetch [org.frcpm.models.TeamMember(959666274724100).attendances]
 |  +-BasicFetch [org.frcpm.models.TeamMember(959666274724100).email]
 |  +-BasicFetch [org.frcpm.models.TeamMember(959666274724100).firstName]
 |  +-BasicFetch [org.frcpm.models.TeamMember(959666274724100).lastName]
 |  +-BasicFetch [org.frcpm.models.TeamMember(959666274724100).leader]
 |  +-BasicFetch [org.frcpm.models.TeamMember(959666274724100).phone]
 |  +-BasicFetch [org.frcpm.models.TeamMember(959666274724100).skills]
 |  +-CircularFetchImpl [org.frcpm.models.TeamMember(959666274724100).subteam]
 |  \-BasicFetch [org.frcpm.models.TeamMember(959666274724100).username]

10:24:09.989 [main] DEBUG org.hibernate.orm.sql.ast.tree - SQL AST Tree:
    SelectStatement {
      FromClause {
        StandardTableGroup (tm1 : org.frcpm.models.TeamMember(959666274724100)) {
          primaryTableReference : team_members as tm1_0
          TableGroupJoins {
            left  join LazyTableGroup (s1 : org.frcpm.models.TeamMember(959666274724100).subteam) {
            }
          }
        }
      }
    }

10:24:09.989 [main] DEBUG org.hibernate.orm.sql.exec - Skipping reading Query result cache data: cache-enabled = false, cache-mode = NORMAL
10:24:09.990 [main] DEBUG org.hibernate.orm.results - Initializer list:
	  org.frcpm.models.TeamMember(959666274724100).assignedTasks -> DelayedCollectionInitializer(org.frcpm.models.TeamMember(959666274724100).assignedTasks)@1329675084 (PluralAttribute(org.frcpm.models.TeamMember.assignedTasks))
	  org.frcpm.models.TeamMember(959666274724100) -> EntityResultInitializer(org.frcpm.models.TeamMember(959666274724100))@267762692 (SingleTableEntityPersister(org.frcpm.models.TeamMember))
	  org.frcpm.models.TeamMember(959666274724100).attendances -> DelayedCollectionInitializer(org.frcpm.models.TeamMember(959666274724100).attendances)@2030785009 (PluralAttribute(org.frcpm.models.TeamMember.attendances))
	  org.frcpm.models.TeamMember(959666274724100).subteam -> EntityDelayedFetchInitializer(org.frcpm.models.TeamMember(959666274724100).subteam)@41672573 (ToOneAttributeMapping(NavigableRole[org.frcpm.models.TeamMember.subteam])@1143917207)

10:24:09.990 [main] DEBUG org.hibernate.SQL - select tm1_0.id,tm1_0.email,tm1_0.first_name,tm1_0.last_name,tm1_0.is_leader,tm1_0.phone,tm1_0.skills,tm1_0.subteam_id,tm1_0.username from team_members tm1_0
10:24:09.990 [main] DEBUG org.hibernate.orm.results - Extracted JDBC value [0] - [1]
10:24:09.990 [main] DEBUG org.hibernate.orm.results.loading.entity - (EntityResultInitializer) Hydrated EntityKey (org.frcpm.models.TeamMember(959666274724100)): 1
10:24:09.990 [main] DEBUG org.hibernate.orm.results.loading.org.hibernate.orm.results.loading.collection - (DelayedCollectionInitializer) Current row collection key : org.frcpm.models.TeamMember(959666274724100).assignedTasks#1
10:24:09.990 [main] DEBUG org.hibernate.orm.results.loading.org.hibernate.orm.results.loading.collection - (DelayedCollectionInitializer) Current row collection key : org.frcpm.models.TeamMember(959666274724100).attendances#1
10:24:09.990 [main] DEBUG org.hibernate.orm.results.loading.entity - (EntityResultInitializer) Created new entity instance [org.frcpm.models.TeamMember(959666274724100)#1] : 1161220051
10:24:09.990 [main] DEBUG org.hibernate.orm.results - Extracted JDBC value [7] - [3]
10:24:09.991 [main] DEBUG org.hibernate.orm.results - Extracted JDBC value [1] - [jsmith@example.com]
10:24:09.991 [main] DEBUG org.hibernate.orm.results - Extracted JDBC value [2] - [John]
10:24:09.991 [main] DEBUG org.hibernate.orm.results - Extracted JDBC value [3] - [Smith]
10:24:09.991 [main] DEBUG org.hibernate.orm.results - Extracted JDBC value [4] - [true]
10:24:09.991 [main] DEBUG org.hibernate.orm.results - Extracted JDBC value [5] - [555-1234]
10:24:09.991 [main] DEBUG org.hibernate.orm.results - Extracted JDBC value [6] - [Java, Python, Control Systems]
10:24:09.991 [main] DEBUG org.hibernate.orm.results - Extracted JDBC value [8] - [jsmith]
10:24:09.991 [main] DEBUG org.hibernate.orm.results.loading.entity - (EntityResultInitializer) Done materializing entityInstance : org.frcpm.models.TeamMember(959666274724100)#1
10:24:09.991 [main] DEBUG org.hibernate.orm.results.loading - Calling top-level assembler (0 / 1) : org.hibernate.sql.results.graph.entity.internal.EntityAssembler@74ba0d7
10:24:09.991 [main] DEBUG org.hibernate.orm.results - Extracted JDBC value [0] - [2]
10:24:09.991 [main] DEBUG org.hibernate.orm.results.loading.entity - (EntityResultInitializer) Hydrated EntityKey (org.frcpm.models.TeamMember(959666274724100)): 2
10:24:09.991 [main] DEBUG org.hibernate.orm.results.loading.org.hibernate.orm.results.loading.collection - (DelayedCollectionInitializer) Current row collection key : org.frcpm.models.TeamMember(959666274724100).assignedTasks#2
10:24:09.991 [main] DEBUG org.hibernate.orm.results.loading.org.hibernate.orm.results.loading.collection - (DelayedCollectionInitializer) Current row collection key : org.frcpm.models.TeamMember(959666274724100).attendances#2
10:24:09.991 [main] DEBUG org.hibernate.orm.results.loading.entity - (EntityResultInitializer) Created new entity instance [org.frcpm.models.TeamMember(959666274724100)#2] : 1961934778
10:24:09.991 [main] DEBUG org.hibernate.orm.results - Extracted JDBC value [7] - [1]
10:24:09.991 [main] DEBUG org.hibernate.orm.results - Extracted JDBC value [1] - [agarcia@example.com]
10:24:09.991 [main] DEBUG org.hibernate.orm.results - Extracted JDBC value [2] - [Ana]
10:24:09.991 [main] DEBUG org.hibernate.orm.results - Extracted JDBC value [3] - [Garcia]
10:24:09.991 [main] DEBUG org.hibernate.orm.results - Extracted JDBC value [4] - [true]
10:24:09.991 [main] DEBUG org.hibernate.orm.results - Extracted JDBC value [5] - [555-5678]
10:24:09.991 [main] DEBUG org.hibernate.orm.results - Extracted JDBC value [6] - [CAD, Design, Machining]
10:24:09.991 [main] DEBUG org.hibernate.orm.results - Extracted JDBC value [8] - [agarcia]
10:24:09.991 [main] DEBUG org.hibernate.orm.results.loading.entity - (EntityResultInitializer) Done materializing entityInstance : org.frcpm.models.TeamMember(959666274724100)#2
10:24:09.991 [main] DEBUG org.hibernate.orm.results.loading - Calling top-level assembler (0 / 1) : org.hibernate.sql.results.graph.entity.internal.EntityAssembler@74ba0d7
10:24:09.991 [main] DEBUG org.hibernate.orm.results - Extracted JDBC value [0] - [3]
10:24:09.991 [main] DEBUG org.hibernate.orm.results.loading.entity - (EntityResultInitializer) Hydrated EntityKey (org.frcpm.models.TeamMember(959666274724100)): 3
10:24:09.991 [main] DEBUG org.hibernate.orm.results.loading.org.hibernate.orm.results.loading.collection - (DelayedCollectionInitializer) Current row collection key : org.frcpm.models.TeamMember(959666274724100).assignedTasks#3
10:24:09.991 [main] DEBUG org.hibernate.orm.results.loading.org.hibernate.orm.results.loading.collection - (DelayedCollectionInitializer) Current row collection key : org.frcpm.models.TeamMember(959666274724100).attendances#3
10:24:09.991 [main] DEBUG org.hibernate.orm.results.loading.entity - (EntityResultInitializer) Created new entity instance [org.frcpm.models.TeamMember(959666274724100)#3] : 96340472
10:24:09.991 [main] DEBUG org.hibernate.orm.results - Extracted JDBC value [7] - [2]
10:24:09.991 [main] DEBUG org.hibernate.orm.results - Extracted JDBC value [1] - [twong@example.com]
10:24:09.991 [main] DEBUG org.hibernate.orm.results - Extracted JDBC value [2] - [Tyler]
10:24:09.991 [main] DEBUG org.hibernate.orm.results - Extracted JDBC value [3] - [Wong]
10:24:09.991 [main] DEBUG org.hibernate.orm.results - Extracted JDBC value [4] - [true]
10:24:09.991 [main] DEBUG org.hibernate.orm.results - Extracted JDBC value [5] - [555-9012]
10:24:09.991 [main] DEBUG org.hibernate.orm.results - Extracted JDBC value [6] - [Electronics, Wiring, Soldering]
10:24:09.991 [main] DEBUG org.hibernate.orm.results - Extracted JDBC value [8] - [twong]
10:24:09.991 [main] DEBUG org.hibernate.orm.results.loading.entity - (EntityResultInitializer) Done materializing entityInstance : org.frcpm.models.TeamMember(959666274724100)#3
10:24:09.991 [main] DEBUG org.hibernate.orm.results.loading - Calling top-level assembler (0 / 1) : org.hibernate.sql.results.graph.entity.internal.EntityAssembler@74ba0d7
10:24:09.991 [main] DEBUG org.hibernate.orm.results - Extracted JDBC value [0] - [4]
10:24:09.991 [main] DEBUG org.hibernate.orm.results.loading.entity - (EntityResultInitializer) Hydrated EntityKey (org.frcpm.models.TeamMember(959666274724100)): 4
10:24:09.991 [main] DEBUG org.hibernate.orm.results.loading.org.hibernate.orm.results.loading.collection - (DelayedCollectionInitializer) Current row collection key : org.frcpm.models.TeamMember(959666274724100).assignedTasks#4
10:24:09.991 [main] DEBUG org.hibernate.orm.results.loading.org.hibernate.orm.results.loading.collection - (DelayedCollectionInitializer) Current row collection key : org.frcpm.models.TeamMember(959666274724100).attendances#4
10:24:09.991 [main] DEBUG org.hibernate.orm.results.loading.entity - (EntityResultInitializer) Created new entity instance [org.frcpm.models.TeamMember(959666274724100)#4] : 1370862296
10:24:09.992 [main] DEBUG org.hibernate.orm.results - Extracted JDBC value [7] - [4]
10:24:09.992 [main] DEBUG org.hibernate.orm.results - Extracted JDBC value [1] - [lchen@example.com]
10:24:09.992 [main] DEBUG org.hibernate.orm.results - Extracted JDBC value [2] - [Lisa]
10:24:09.992 [main] DEBUG org.hibernate.orm.results - Extracted JDBC value [3] - [Chen]
10:24:09.992 [main] DEBUG org.hibernate.orm.results - Extracted JDBC value [4] - [true]
10:24:09.992 [main] DEBUG org.hibernate.orm.results - Extracted JDBC value [5] - [555-3456]
10:24:09.992 [main] DEBUG org.hibernate.orm.results - Extracted JDBC value [6] - [Marketing, Social Media, Presentations]
10:24:09.992 [main] DEBUG org.hibernate.orm.results - Extracted JDBC value [8] - [lchen]
10:24:09.992 [main] DEBUG org.hibernate.orm.results.loading.entity - (EntityResultInitializer) Done materializing entityInstance : org.frcpm.models.TeamMember(959666274724100)#4
10:24:09.992 [main] DEBUG org.hibernate.orm.results.loading - Calling top-level assembler (0 / 1) : org.hibernate.sql.results.graph.entity.internal.EntityAssembler@74ba0d7
10:24:09.992 [main] DEBUG org.hibernate.orm.results - Extracted JDBC value [0] - [5]
10:24:09.992 [main] DEBUG org.hibernate.orm.results.loading.entity - (EntityResultInitializer) Hydrated EntityKey (org.frcpm.models.TeamMember(959666274724100)): 5
10:24:09.992 [main] DEBUG org.hibernate.orm.results.loading.org.hibernate.orm.results.loading.collection - (DelayedCollectionInitializer) Current row collection key : org.frcpm.models.TeamMember(959666274724100).assignedTasks#5
10:24:09.992 [main] DEBUG org.hibernate.orm.results.loading.org.hibernate.orm.results.loading.collection - (DelayedCollectionInitializer) Current row collection key : org.frcpm.models.TeamMember(959666274724100).attendances#5
10:24:09.992 [main] DEBUG org.hibernate.orm.results.loading.entity - (EntityResultInitializer) Created new entity instance [org.frcpm.models.TeamMember(959666274724100)#5] : 944929384
10:24:09.992 [main] DEBUG org.hibernate.orm.results - Extracted JDBC value [7] - [1]
10:24:09.992 [main] DEBUG org.hibernate.orm.results - Extracted JDBC value [1] - [mjohnson@example.com]
10:24:09.992 [main] DEBUG org.hibernate.orm.results - Extracted JDBC value [2] - [Mike]
10:24:09.992 [main] DEBUG org.hibernate.orm.results - Extracted JDBC value [3] - [Johnson]
10:24:09.992 [main] DEBUG org.hibernate.orm.results - Extracted JDBC value [4] - [false]
10:24:09.992 [main] DEBUG org.hibernate.orm.results - Extracted JDBC value [5] - [555-7890]
10:24:09.992 [main] DEBUG org.hibernate.orm.results - Extracted JDBC value [6] - [CAD, 3D Printing, Prototyping]
10:24:09.992 [main] DEBUG org.hibernate.orm.results - Extracted JDBC value [8] - [mjohnson]
10:24:09.992 [main] DEBUG org.hibernate.orm.results.loading.entity - (EntityResultInitializer) Done materializing entityInstance : org.frcpm.models.TeamMember(959666274724100)#5
10:24:09.992 [main] DEBUG org.hibernate.orm.results.loading - Calling top-level assembler (0 / 1) : org.hibernate.sql.results.graph.entity.internal.EntityAssembler@74ba0d7
10:24:09.992 [main] DEBUG org.hibernate.orm.results - Extracted JDBC value [0] - [6]
10:24:09.992 [main] DEBUG org.hibernate.orm.results.loading.entity - (EntityResultInitializer) Hydrated EntityKey (org.frcpm.models.TeamMember(959666274724100)): 6
10:24:09.993 [main] DEBUG org.hibernate.orm.results.loading.org.hibernate.orm.results.loading.collection - (DelayedCollectionInitializer) Current row collection key : org.frcpm.models.TeamMember(959666274724100).assignedTasks#6
10:24:09.993 [main] DEBUG org.hibernate.orm.results.loading.org.hibernate.orm.results.loading.collection - (DelayedCollectionInitializer) Current row collection key : org.frcpm.models.TeamMember(959666274724100).attendances#6
10:24:09.993 [main] DEBUG org.hibernate.orm.results.loading.entity - (EntityResultInitializer) Created new entity instance [org.frcpm.models.TeamMember(959666274724100)#6] : 1784108277
10:24:09.993 [main] DEBUG org.hibernate.orm.results - Extracted JDBC value [7] - [3]
10:24:09.993 [main] DEBUG org.hibernate.orm.results - Extracted JDBC value [1] - [sdavis@example.com]
10:24:09.993 [main] DEBUG org.hibernate.orm.results - Extracted JDBC value [2] - [Sarah]
10:24:09.993 [main] DEBUG org.hibernate.orm.results - Extracted JDBC value [3] - [Davis]
10:24:09.993 [main] DEBUG org.hibernate.orm.results - Extracted JDBC value [4] - [false]
10:24:09.993 [main] DEBUG org.hibernate.orm.results - Extracted JDBC value [5] - [555-2345]
10:24:09.993 [main] DEBUG org.hibernate.orm.results - Extracted JDBC value [6] - [Computer Vision, Machine Learning]
10:24:09.993 [main] DEBUG org.hibernate.orm.results - Extracted JDBC value [8] - [sdavis]
10:24:09.993 [main] DEBUG org.hibernate.orm.results.loading.entity - (EntityResultInitializer) Done materializing entityInstance : org.frcpm.models.TeamMember(959666274724100)#6
10:24:09.993 [main] DEBUG org.hibernate.orm.results.loading - Calling top-level assembler (0 / 1) : org.hibernate.sql.results.graph.entity.internal.EntityAssembler@74ba0d7
10:24:09.993 [main] DEBUG org.hibernate.orm.results - Extracted JDBC value [0] - [36]
10:24:09.993 [main] DEBUG org.hibernate.orm.results.loading.entity - (EntityResultInitializer) Hydrated EntityKey (org.frcpm.models.TeamMember(959666274724100)): 36
10:24:09.993 [main] DEBUG org.hibernate.orm.results.loading.org.hibernate.orm.results.loading.collection - (DelayedCollectionInitializer) Current row collection key : org.frcpm.models.TeamMember(959666274724100).assignedTasks#36
10:24:09.993 [main] DEBUG org.hibernate.orm.results.loading.org.hibernate.orm.results.loading.collection - (DelayedCollectionInitializer) Current row collection key : org.frcpm.models.TeamMember(959666274724100).attendances#36
10:24:09.993 [main] DEBUG org.hibernate.orm.results.loading.entity - (EntityResultInitializer) Created new entity instance [org.frcpm.models.TeamMember(959666274724100)#36] : 319370900
10:24:09.993 [main] DEBUG org.hibernate.orm.results - Extracted JDBC value [7] - [null]
10:24:09.993 [main] DEBUG org.hibernate.orm.results - Extracted JDBC value [1] - [tasktest@example.com]
10:24:09.993 [main] DEBUG org.hibernate.orm.results - Extracted JDBC value [2] - [Task]
10:24:09.993 [main] DEBUG org.hibernate.orm.results - Extracted JDBC value [3] - [Test]
10:24:09.993 [main] DEBUG org.hibernate.orm.results - Extracted JDBC value [4] - [false]
10:24:09.993 [main] DEBUG org.hibernate.orm.results - Extracted JDBC value [5] - [null]
10:24:09.993 [main] DEBUG org.hibernate.orm.results - Extracted JDBC value [6] - [null]
10:24:09.993 [main] DEBUG org.hibernate.orm.results - Extracted JDBC value [8] - [tasktestuser_1745594395337]
10:24:09.993 [main] DEBUG org.hibernate.orm.results.loading.entity - (EntityResultInitializer) Done materializing entityInstance : org.frcpm.models.TeamMember(959666274724100)#36
10:24:09.993 [main] DEBUG org.hibernate.orm.results.loading - Calling top-level assembler (0 / 1) : org.hibernate.sql.results.graph.entity.internal.EntityAssembler@74ba0d7
10:24:09.993 [main] DEBUG org.hibernate.orm.results - Extracted JDBC value [0] - [37]
10:24:09.993 [main] DEBUG org.hibernate.orm.results.loading.entity - (EntityResultInitializer) Hydrated EntityKey (org.frcpm.models.TeamMember(959666274724100)): 37
10:24:09.993 [main] DEBUG org.hibernate.orm.results.loading.org.hibernate.orm.results.loading.collection - (DelayedCollectionInitializer) Current row collection key : org.frcpm.models.TeamMember(959666274724100).assignedTasks#37
10:24:09.993 [main] DEBUG org.hibernate.orm.results.loading.org.hibernate.orm.results.loading.collection - (DelayedCollectionInitializer) Current row collection key : org.frcpm.models.TeamMember(959666274724100).attendances#37
10:24:09.993 [main] DEBUG org.hibernate.orm.results.loading.entity - (EntityResultInitializer) Created new entity instance [org.frcpm.models.TeamMember(959666274724100)#37] : 1586381032
10:24:09.994 [main] DEBUG org.hibernate.orm.results - Extracted JDBC value [7] - [null]
10:24:09.994 [main] DEBUG org.hibernate.orm.results - Extracted JDBC value [1] - [tasktest@example.com]
10:24:09.994 [main] DEBUG org.hibernate.orm.results - Extracted JDBC value [2] - [Task]
10:24:09.994 [main] DEBUG org.hibernate.orm.results - Extracted JDBC value [3] - [Test]
10:24:09.994 [main] DEBUG org.hibernate.orm.results - Extracted JDBC value [4] - [false]
10:24:09.994 [main] DEBUG org.hibernate.orm.results - Extracted JDBC value [5] - [null]
10:24:09.994 [main] DEBUG org.hibernate.orm.results - Extracted JDBC value [6] - [null]
10:24:09.994 [main] DEBUG org.hibernate.orm.results - Extracted JDBC value [8] - [tasktestuser_1745594395698]
10:24:09.994 [main] DEBUG org.hibernate.orm.results.loading.entity - (EntityResultInitializer) Done materializing entityInstance : org.frcpm.models.TeamMember(959666274724100)#37
10:24:09.994 [main] DEBUG org.hibernate.orm.results.loading - Calling top-level assembler (0 / 1) : org.hibernate.sql.results.graph.entity.internal.EntityAssembler@74ba0d7
10:24:09.994 [main] DEBUG org.hibernate.orm.results - Extracted JDBC value [0] - [38]
10:24:09.994 [main] DEBUG org.hibernate.orm.results.loading.entity - (EntityResultInitializer) Hydrated EntityKey (org.frcpm.models.TeamMember(959666274724100)): 38
10:24:09.994 [main] DEBUG org.hibernate.orm.results.loading.org.hibernate.orm.results.loading.collection - (DelayedCollectionInitializer) Current row collection key : org.frcpm.models.TeamMember(959666274724100).assignedTasks#38
10:24:09.994 [main] DEBUG org.hibernate.orm.results.loading.org.hibernate.orm.results.loading.collection - (DelayedCollectionInitializer) Current row collection key : org.frcpm.models.TeamMember(959666274724100).attendances#38
10:24:09.994 [main] DEBUG org.hibernate.orm.results.loading.entity - (EntityResultInitializer) Created new entity instance [org.frcpm.models.TeamMember(959666274724100)#38] : 157322525
10:24:09.994 [main] DEBUG org.hibernate.orm.results - Extracted JDBC value [7] - [null]
10:24:09.994 [main] DEBUG org.hibernate.orm.results - Extracted JDBC value [1] - [tasktest@example.com]
10:24:09.994 [main] DEBUG org.hibernate.orm.results - Extracted JDBC value [2] - [Task]
10:24:09.994 [main] DEBUG org.hibernate.orm.results - Extracted JDBC value [3] - [Test]
10:24:09.994 [main] DEBUG org.hibernate.orm.results - Extracted JDBC value [4] - [false]
10:24:09.994 [main] DEBUG org.hibernate.orm.results - Extracted JDBC value [5] - [null]
10:24:09.994 [main] DEBUG org.hibernate.orm.results - Extracted JDBC value [6] - [null]
10:24:09.994 [main] DEBUG org.hibernate.orm.results - Extracted JDBC value [8] - [tasktestuser_1745594396071]
10:24:09.994 [main] DEBUG org.hibernate.orm.results.loading.entity - (EntityResultInitializer) Done materializing entityInstance : org.frcpm.models.TeamMember(959666274724100)#38
10:24:09.994 [main] DEBUG org.hibernate.orm.results.loading - Calling top-level assembler (0 / 1) : org.hibernate.sql.results.graph.entity.internal.EntityAssembler@74ba0d7
10:24:09.994 [main] DEBUG org.hibernate.orm.results - Extracted JDBC value [0] - [39]
10:24:09.994 [main] DEBUG org.hibernate.orm.results.loading.entity - (EntityResultInitializer) Hydrated EntityKey (org.frcpm.models.TeamMember(959666274724100)): 39
10:24:09.994 [main] DEBUG org.hibernate.orm.results.loading.org.hibernate.orm.results.loading.collection - (DelayedCollectionInitializer) Current row collection key : org.frcpm.models.TeamMember(959666274724100).assignedTasks#39
10:24:09.994 [main] DEBUG org.hibernate.orm.results.loading.org.hibernate.orm.results.loading.collection - (DelayedCollectionInitializer) Current row collection key : org.frcpm.models.TeamMember(959666274724100).attendances#39
10:24:09.994 [main] DEBUG org.hibernate.orm.results.loading.entity - (EntityResultInitializer) Created new entity instance [org.frcpm.models.TeamMember(959666274724100)#39] : 171651946
10:24:09.994 [main] DEBUG org.hibernate.orm.results - Extracted JDBC value [7] - [null]
10:24:09.994 [main] DEBUG org.hibernate.orm.results - Extracted JDBC value [1] - [tasktest@example.com]
10:24:09.994 [main] DEBUG org.hibernate.orm.results - Extracted JDBC value [2] - [Task]
10:24:09.994 [main] DEBUG org.hibernate.orm.results - Extracted JDBC value [3] - [Test]
10:24:09.994 [main] DEBUG org.hibernate.orm.results - Extracted JDBC value [4] - [false]
10:24:09.994 [main] DEBUG org.hibernate.orm.results - Extracted JDBC value [5] - [null]
10:24:09.994 [main] DEBUG org.hibernate.orm.results - Extracted JDBC value [6] - [null]
10:24:09.994 [main] DEBUG org.hibernate.orm.results - Extracted JDBC value [8] - [tasktestuser_1745594396416]
10:24:09.994 [main] DEBUG org.hibernate.orm.results.loading.entity - (EntityResultInitializer) Done materializing entityInstance : org.frcpm.models.TeamMember(959666274724100)#39
10:24:09.994 [main] DEBUG org.hibernate.orm.results.loading - Calling top-level assembler (0 / 1) : org.hibernate.sql.results.graph.entity.internal.EntityAssembler@74ba0d7
10:24:09.994 [main] DEBUG org.hibernate.orm.results - Extracted JDBC value [0] - [40]
10:24:09.994 [main] DEBUG org.hibernate.orm.results.loading.entity - (EntityResultInitializer) Hydrated EntityKey (org.frcpm.models.TeamMember(959666274724100)): 40
10:24:09.994 [main] DEBUG org.hibernate.orm.results.loading.org.hibernate.orm.results.loading.collection - (DelayedCollectionInitializer) Current row collection key : org.frcpm.models.TeamMember(959666274724100).assignedTasks#40
10:24:09.994 [main] DEBUG org.hibernate.orm.results.loading.org.hibernate.orm.results.loading.collection - (DelayedCollectionInitializer) Current row collection key : org.frcpm.models.TeamMember(959666274724100).attendances#40
10:24:09.994 [main] DEBUG org.hibernate.orm.results.loading.entity - (EntityResultInitializer) Created new entity instance [org.frcpm.models.TeamMember(959666274724100)#40] : 1992901838
10:24:09.994 [main] DEBUG org.hibernate.orm.results - Extracted JDBC value [7] - [null]
10:24:09.994 [main] DEBUG org.hibernate.orm.results - Extracted JDBC value [1] - [tasktest@example.com]
10:24:09.994 [main] DEBUG org.hibernate.orm.results - Extracted JDBC value [2] - [Task]
10:24:09.994 [main] DEBUG org.hibernate.orm.results - Extracted JDBC value [3] - [Test]
10:24:09.994 [main] DEBUG org.hibernate.orm.results - Extracted JDBC value [4] - [false]
10:24:09.994 [main] DEBUG org.hibernate.orm.results - Extracted JDBC value [5] - [null]
10:24:09.994 [main] DEBUG org.hibernate.orm.results - Extracted JDBC value [6] - [null]
10:24:09.994 [main] DEBUG org.hibernate.orm.results - Extracted JDBC value [8] - [tasktestuser_1745594396762]
10:24:09.994 [main] DEBUG org.hibernate.orm.results.loading.entity - (EntityResultInitializer) Done materializing entityInstance : org.frcpm.models.TeamMember(959666274724100)#40
10:24:09.994 [main] DEBUG org.hibernate.orm.results.loading - Calling top-level assembler (0 / 1) : org.hibernate.sql.results.graph.entity.internal.EntityAssembler@74ba0d7
10:24:09.994 [main] DEBUG org.hibernate.orm.results - Extracted JDBC value [0] - [41]
10:24:09.994 [main] DEBUG org.hibernate.orm.results.loading.entity - (EntityResultInitializer) Hydrated EntityKey (org.frcpm.models.TeamMember(959666274724100)): 41
10:24:09.994 [main] DEBUG org.hibernate.orm.results.loading.org.hibernate.orm.results.loading.collection - (DelayedCollectionInitializer) Current row collection key : org.frcpm.models.TeamMember(959666274724100).assignedTasks#41
10:24:09.995 [main] DEBUG org.hibernate.orm.results.loading.org.hibernate.orm.results.loading.collection - (DelayedCollectionInitializer) Current row collection key : org.frcpm.models.TeamMember(959666274724100).attendances#41
10:24:09.995 [main] DEBUG org.hibernate.orm.results.loading.entity - (EntityResultInitializer) Created new entity instance [org.frcpm.models.TeamMember(959666274724100)#41] : 500426853
10:24:09.995 [main] DEBUG org.hibernate.orm.results - Extracted JDBC value [7] - [null]
10:24:09.995 [main] DEBUG org.hibernate.orm.results - Extracted JDBC value [1] - [tasktest@example.com]
10:24:09.995 [main] DEBUG org.hibernate.orm.results - Extracted JDBC value [2] - [Task]
10:24:09.995 [main] DEBUG org.hibernate.orm.results - Extracted JDBC value [3] - [Test]
10:24:09.995 [main] DEBUG org.hibernate.orm.results - Extracted JDBC value [4] - [false]
10:24:09.995 [main] DEBUG org.hibernate.orm.results - Extracted JDBC value [5] - [null]
10:24:09.995 [main] DEBUG org.hibernate.orm.results - Extracted JDBC value [6] - [null]
10:24:09.995 [main] DEBUG org.hibernate.orm.results - Extracted JDBC value [8] - [tasktestuser_1745594397140]
10:24:09.995 [main] DEBUG org.hibernate.orm.results.loading.entity - (EntityResultInitializer) Done materializing entityInstance : org.frcpm.models.TeamMember(959666274724100)#41
10:24:09.995 [main] DEBUG org.hibernate.orm.results.loading - Calling top-level assembler (0 / 1) : org.hibernate.sql.results.graph.entity.internal.EntityAssembler@74ba0d7
10:24:09.995 [main] DEBUG org.hibernate.orm.results - Extracted JDBC value [0] - [42]
10:24:09.995 [main] DEBUG org.hibernate.orm.results.loading.entity - (EntityResultInitializer) Hydrated EntityKey (org.frcpm.models.TeamMember(959666274724100)): 42
10:24:09.995 [main] DEBUG org.hibernate.orm.results.loading.org.hibernate.orm.results.loading.collection - (DelayedCollectionInitializer) Current row collection key : org.frcpm.models.TeamMember(959666274724100).assignedTasks#42
10:24:09.995 [main] DEBUG org.hibernate.orm.results.loading.org.hibernate.orm.results.loading.collection - (DelayedCollectionInitializer) Current row collection key : org.frcpm.models.TeamMember(959666274724100).attendances#42
10:24:09.995 [main] DEBUG org.hibernate.orm.results.loading.entity - (EntityResultInitializer) Created new entity instance [org.frcpm.models.TeamMember(959666274724100)#42] : 1567996047
10:24:09.995 [main] DEBUG org.hibernate.orm.results - Extracted JDBC value [7] - [null]
10:24:09.995 [main] DEBUG org.hibernate.orm.results - Extracted JDBC value [1] - [tasktest@example.com]
10:24:09.995 [main] DEBUG org.hibernate.orm.results - Extracted JDBC value [2] - [Task]
10:24:09.995 [main] DEBUG org.hibernate.orm.results - Extracted JDBC value [3] - [Test]
10:24:09.995 [main] DEBUG org.hibernate.orm.results - Extracted JDBC value [4] - [false]
10:24:09.995 [main] DEBUG org.hibernate.orm.results - Extracted JDBC value [5] - [null]
10:24:09.995 [main] DEBUG org.hibernate.orm.results - Extracted JDBC value [6] - [null]
10:24:09.995 [main] DEBUG org.hibernate.orm.results - Extracted JDBC value [8] - [tasktestuser_1745594397563]
10:24:09.995 [main] DEBUG org.hibernate.orm.results.loading.entity - (EntityResultInitializer) Done materializing entityInstance : org.frcpm.models.TeamMember(959666274724100)#42
10:24:09.995 [main] DEBUG org.hibernate.orm.results.loading - Calling top-level assembler (0 / 1) : org.hibernate.sql.results.graph.entity.internal.EntityAssembler@74ba0d7
10:24:09.995 [main] DEBUG org.hibernate.orm.results - Extracted JDBC value [0] - [43]
10:24:09.995 [main] DEBUG org.hibernate.orm.results.loading.entity - (EntityResultInitializer) Hydrated EntityKey (org.frcpm.models.TeamMember(959666274724100)): 43
10:24:09.995 [main] DEBUG org.hibernate.orm.results.loading.org.hibernate.orm.results.loading.collection - (DelayedCollectionInitializer) Current row collection key : org.frcpm.models.TeamMember(959666274724100).assignedTasks#43
10:24:09.995 [main] DEBUG org.hibernate.orm.results.loading.org.hibernate.orm.results.loading.collection - (DelayedCollectionInitializer) Current row collection key : org.frcpm.models.TeamMember(959666274724100).attendances#43
10:24:09.995 [main] DEBUG org.hibernate.orm.results.loading.entity - (EntityResultInitializer) Created new entity instance [org.frcpm.models.TeamMember(959666274724100)#43] : 913816048
10:24:09.995 [main] DEBUG org.hibernate.orm.results - Extracted JDBC value [7] - [null]
10:24:09.995 [main] DEBUG org.hibernate.orm.results - Extracted JDBC value [1] - [tasktest@example.com]
10:24:09.995 [main] DEBUG org.hibernate.orm.results - Extracted JDBC value [2] - [Task]
10:24:09.995 [main] DEBUG org.hibernate.orm.results - Extracted JDBC value [3] - [Test]
10:24:09.995 [main] DEBUG org.hibernate.orm.results - Extracted JDBC value [4] - [false]
10:24:09.995 [main] DEBUG org.hibernate.orm.results - Extracted JDBC value [5] - [null]
10:24:09.995 [main] DEBUG org.hibernate.orm.results - Extracted JDBC value [6] - [null]
10:24:09.995 [main] DEBUG org.hibernate.orm.results - Extracted JDBC value [8] - [tasktestuser_1745594397906]
10:24:09.995 [main] DEBUG org.hibernate.orm.results.loading.entity - (EntityResultInitializer) Done materializing entityInstance : org.frcpm.models.TeamMember(959666274724100)#43
10:24:09.995 [main] DEBUG org.hibernate.orm.results.loading - Calling top-level assembler (0 / 1) : org.hibernate.sql.results.graph.entity.internal.EntityAssembler@74ba0d7
10:24:09.995 [main] DEBUG org.hibernate.orm.results - Extracted JDBC value [0] - [44]
10:24:09.995 [main] DEBUG org.hibernate.orm.results.loading.entity - (EntityResultInitializer) Hydrated EntityKey (org.frcpm.models.TeamMember(959666274724100)): 44
10:24:09.995 [main] DEBUG org.hibernate.orm.results.loading.org.hibernate.orm.results.loading.collection - (DelayedCollectionInitializer) Current row collection key : org.frcpm.models.TeamMember(959666274724100).assignedTasks#44
10:24:09.995 [main] DEBUG org.hibernate.orm.results.loading.org.hibernate.orm.results.loading.collection - (DelayedCollectionInitializer) Current row collection key : org.frcpm.models.TeamMember(959666274724100).attendances#44
10:24:09.995 [main] DEBUG org.hibernate.orm.results.loading.entity - (EntityResultInitializer) Created new entity instance [org.frcpm.models.TeamMember(959666274724100)#44] : 1848213289
10:24:09.995 [main] DEBUG org.hibernate.orm.results - Extracted JDBC value [7] - [null]
10:24:09.995 [main] DEBUG org.hibernate.orm.results - Extracted JDBC value [1] - [tasktest@example.com]
10:24:09.995 [main] DEBUG org.hibernate.orm.results - Extracted JDBC value [2] - [Task]
10:24:09.995 [main] DEBUG org.hibernate.orm.results - Extracted JDBC value [3] - [Test]
10:24:09.995 [main] DEBUG org.hibernate.orm.results - Extracted JDBC value [4] - [false]
10:24:09.995 [main] DEBUG org.hibernate.orm.results - Extracted JDBC value [5] - [null]
10:24:09.995 [main] DEBUG org.hibernate.orm.results - Extracted JDBC value [6] - [null]
10:24:09.995 [main] DEBUG org.hibernate.orm.results - Extracted JDBC value [8] - [tasktestuser_1745594398275]
10:24:09.995 [main] DEBUG org.hibernate.orm.results.loading.entity - (EntityResultInitializer) Done materializing entityInstance : org.frcpm.models.TeamMember(959666274724100)#44
10:24:09.995 [main] DEBUG org.hibernate.orm.results.loading - Calling top-level assembler (0 / 1) : org.hibernate.sql.results.graph.entity.internal.EntityAssembler@74ba0d7
10:24:09.995 [main] DEBUG org.hibernate.orm.results - Extracted JDBC value [0] - [45]
10:24:09.995 [main] DEBUG org.hibernate.orm.results.loading.entity - (EntityResultInitializer) Hydrated EntityKey (org.frcpm.models.TeamMember(959666274724100)): 45
10:24:09.995 [main] DEBUG org.hibernate.orm.results.loading.org.hibernate.orm.results.loading.collection - (DelayedCollectionInitializer) Current row collection key : org.frcpm.models.TeamMember(959666274724100).assignedTasks#45
10:24:09.995 [main] DEBUG org.hibernate.orm.results.loading.org.hibernate.orm.results.loading.collection - (DelayedCollectionInitializer) Current row collection key : org.frcpm.models.TeamMember(959666274724100).attendances#45
10:24:09.995 [main] DEBUG org.hibernate.orm.results.loading.entity - (EntityResultInitializer) Created new entity instance [org.frcpm.models.TeamMember(959666274724100)#45] : 1488505354
10:24:09.995 [main] DEBUG org.hibernate.orm.results - Extracted JDBC value [7] - [null]
10:24:09.995 [main] DEBUG org.hibernate.orm.results - Extracted JDBC value [1] - [tasktest@example.com]
10:24:09.995 [main] DEBUG org.hibernate.orm.results - Extracted JDBC value [2] - [Task]
10:24:09.995 [main] DEBUG org.hibernate.orm.results - Extracted JDBC value [3] - [Test]
10:24:09.995 [main] DEBUG org.hibernate.orm.results - Extracted JDBC value [4] - [false]
10:24:09.995 [main] DEBUG org.hibernate.orm.results - Extracted JDBC value [5] - [null]
10:24:09.995 [main] DEBUG org.hibernate.orm.results - Extracted JDBC value [6] - [null]
10:24:09.995 [main] DEBUG org.hibernate.orm.results - Extracted JDBC value [8] - [tasktestuser_1745594398667]
10:24:09.995 [main] DEBUG org.hibernate.orm.results.loading.entity - (EntityResultInitializer) Done materializing entityInstance : org.frcpm.models.TeamMember(959666274724100)#45
10:24:09.995 [main] DEBUG org.hibernate.orm.results.loading - Calling top-level assembler (0 / 1) : org.hibernate.sql.results.graph.entity.internal.EntityAssembler@74ba0d7
10:24:09.995 [main] DEBUG org.hibernate.orm.results - Extracted JDBC value [0] - [46]
10:24:09.995 [main] DEBUG org.hibernate.orm.results.loading.entity - (EntityResultInitializer) Hydrated EntityKey (org.frcpm.models.TeamMember(959666274724100)): 46
10:24:09.995 [main] DEBUG org.hibernate.orm.results.loading.org.hibernate.orm.results.loading.collection - (DelayedCollectionInitializer) Current row collection key : org.frcpm.models.TeamMember(959666274724100).assignedTasks#46
10:24:09.995 [main] DEBUG org.hibernate.orm.results.loading.org.hibernate.orm.results.loading.collection - (DelayedCollectionInitializer) Current row collection key : org.frcpm.models.TeamMember(959666274724100).attendances#46
10:24:09.995 [main] DEBUG org.hibernate.orm.results.loading.entity - (EntityResultInitializer) Created new entity instance [org.frcpm.models.TeamMember(959666274724100)#46] : 567826158
10:24:09.995 [main] DEBUG org.hibernate.orm.results - Extracted JDBC value [7] - [null]
10:24:09.995 [main] DEBUG org.hibernate.orm.results - Extracted JDBC value [1] - [tasktest@example.com]
10:24:09.995 [main] DEBUG org.hibernate.orm.results - Extracted JDBC value [2] - [Task]
10:24:09.996 [main] DEBUG org.hibernate.orm.results - Extracted JDBC value [3] - [Test]
10:24:09.996 [main] DEBUG org.hibernate.orm.results - Extracted JDBC value [4] - [false]
10:24:09.996 [main] DEBUG org.hibernate.orm.results - Extracted JDBC value [5] - [null]
10:24:09.996 [main] DEBUG org.hibernate.orm.results - Extracted JDBC value [6] - [null]
10:24:09.996 [main] DEBUG org.hibernate.orm.results - Extracted JDBC value [8] - [tasktestuser_1745594399126]
10:24:09.996 [main] DEBUG org.hibernate.orm.results.loading.entity - (EntityResultInitializer) Done materializing entityInstance : org.frcpm.models.TeamMember(959666274724100)#46
10:24:09.996 [main] DEBUG org.hibernate.orm.results.loading - Calling top-level assembler (0 / 1) : org.hibernate.sql.results.graph.entity.internal.EntityAssembler@74ba0d7
10:24:09.996 [main] DEBUG org.hibernate.orm.results - Extracted JDBC value [0] - [47]
10:24:09.996 [main] DEBUG org.hibernate.orm.results.loading.entity - (EntityResultInitializer) Hydrated EntityKey (org.frcpm.models.TeamMember(959666274724100)): 47
10:24:09.996 [main] DEBUG org.hibernate.orm.results.loading.org.hibernate.orm.results.loading.collection - (DelayedCollectionInitializer) Current row collection key : org.frcpm.models.TeamMember(959666274724100).assignedTasks#47
10:24:09.996 [main] DEBUG org.hibernate.orm.results.loading.org.hibernate.orm.results.loading.collection - (DelayedCollectionInitializer) Current row collection key : org.frcpm.models.TeamMember(959666274724100).attendances#47
10:24:09.996 [main] DEBUG org.hibernate.orm.results.loading.entity - (EntityResultInitializer) Created new entity instance [org.frcpm.models.TeamMember(959666274724100)#47] : 60376816
10:24:09.996 [main] DEBUG org.hibernate.orm.results - Extracted JDBC value [7] - [null]
10:24:09.996 [main] DEBUG org.hibernate.orm.results - Extracted JDBC value [1] - [tasktest@example.com]
10:24:09.996 [main] DEBUG org.hibernate.orm.results - Extracted JDBC value [2] - [Task]
10:24:09.996 [main] DEBUG org.hibernate.orm.results - Extracted JDBC value [3] - [Test]
10:24:09.996 [main] DEBUG org.hibernate.orm.results - Extracted JDBC value [4] - [false]
10:24:09.996 [main] DEBUG org.hibernate.orm.results - Extracted JDBC value [5] - [null]
10:24:09.996 [main] DEBUG org.hibernate.orm.results - Extracted JDBC value [6] - [null]
10:24:09.996 [main] DEBUG org.hibernate.orm.results - Extracted JDBC value [8] - [tasktestuser_1745594399532]
10:24:09.996 [main] DEBUG org.hibernate.orm.results.loading.entity - (EntityResultInitializer) Done materializing entityInstance : org.frcpm.models.TeamMember(959666274724100)#47
10:24:09.996 [main] DEBUG org.hibernate.orm.results.loading - Calling top-level assembler (0 / 1) : org.hibernate.sql.results.graph.entity.internal.EntityAssembler@74ba0d7
10:24:09.996 [main] DEBUG org.hibernate.orm.results - Extracted JDBC value [0] - [48]
10:24:09.996 [main] DEBUG org.hibernate.orm.results.loading.entity - (EntityResultInitializer) Hydrated EntityKey (org.frcpm.models.TeamMember(959666274724100)): 48
10:24:09.996 [main] DEBUG org.hibernate.orm.results.loading.org.hibernate.orm.results.loading.collection - (DelayedCollectionInitializer) Current row collection key : org.frcpm.models.TeamMember(959666274724100).assignedTasks#48
10:24:09.996 [main] DEBUG org.hibernate.orm.results.loading.org.hibernate.orm.results.loading.collection - (DelayedCollectionInitializer) Current row collection key : org.frcpm.models.TeamMember(959666274724100).attendances#48
10:24:09.996 [main] DEBUG org.hibernate.orm.results.loading.entity - (EntityResultInitializer) Created new entity instance [org.frcpm.models.TeamMember(959666274724100)#48] : 973131211
10:24:09.996 [main] DEBUG org.hibernate.orm.results - Extracted JDBC value [7] - [null]
10:24:09.996 [main] DEBUG org.hibernate.orm.results - Extracted JDBC value [1] - [tasktest@example.com]
10:24:09.996 [main] DEBUG org.hibernate.orm.results - Extracted JDBC value [2] - [Task]
10:24:09.996 [main] DEBUG org.hibernate.orm.results - Extracted JDBC value [3] - [Test]
10:24:09.996 [main] DEBUG org.hibernate.orm.results - Extracted JDBC value [4] - [false]
10:24:09.996 [main] DEBUG org.hibernate.orm.results - Extracted JDBC value [5] - [null]
10:24:09.996 [main] DEBUG org.hibernate.orm.results - Extracted JDBC value [6] - [null]
10:24:09.996 [main] DEBUG org.hibernate.orm.results - Extracted JDBC value [8] - [tasktestuser_1745594400014]
10:24:09.996 [main] DEBUG org.hibernate.orm.results.loading.entity - (EntityResultInitializer) Done materializing entityInstance : org.frcpm.models.TeamMember(959666274724100)#48
10:24:09.996 [main] DEBUG org.hibernate.orm.results.loading - Calling top-level assembler (0 / 1) : org.hibernate.sql.results.graph.entity.internal.EntityAssembler@74ba0d7
10:24:09.996 [main] DEBUG org.hibernate.orm.results - Extracted JDBC value [0] - [53]
10:24:09.996 [main] DEBUG org.hibernate.orm.results.loading.entity - (EntityResultInitializer) Hydrated EntityKey (org.frcpm.models.TeamMember(959666274724100)): 53
10:24:09.996 [main] DEBUG org.hibernate.orm.results.loading.org.hibernate.orm.results.loading.collection - (DelayedCollectionInitializer) Current row collection key : org.frcpm.models.TeamMember(959666274724100).assignedTasks#53
10:24:09.996 [main] DEBUG org.hibernate.orm.results.loading.org.hibernate.orm.results.loading.collection - (DelayedCollectionInitializer) Current row collection key : org.frcpm.models.TeamMember(959666274724100).attendances#53
10:24:09.996 [main] DEBUG org.hibernate.orm.results.loading.entity - (EntityResultInitializer) Created new entity instance [org.frcpm.models.TeamMember(959666274724100)#53] : 748178358
10:24:09.996 [main] DEBUG org.hibernate.orm.results - Extracted JDBC value [7] - [null]
10:24:09.996 [main] DEBUG org.hibernate.orm.results - Extracted JDBC value [1] - [testcount@example.com]
10:24:09.996 [main] DEBUG org.hibernate.orm.results - Extracted JDBC value [2] - [Test]
10:24:09.996 [main] DEBUG org.hibernate.orm.results - Extracted JDBC value [3] - [Count]
10:24:09.996 [main] DEBUG org.hibernate.orm.results - Extracted JDBC value [4] - [false]
10:24:09.996 [main] DEBUG org.hibernate.orm.results - Extracted JDBC value [5] - [null]
10:24:09.996 [main] DEBUG org.hibernate.orm.results - Extracted JDBC value [6] - [null]
10:24:09.996 [main] DEBUG org.hibernate.orm.results - Extracted JDBC value [8] - [testcount]
10:24:09.996 [main] DEBUG org.hibernate.orm.results.loading.entity - (EntityResultInitializer) Done materializing entityInstance : org.frcpm.models.TeamMember(959666274724100)#53
10:24:09.996 [main] DEBUG org.hibernate.orm.results.loading - Calling top-level assembler (0 / 1) : org.hibernate.sql.results.graph.entity.internal.EntityAssembler@74ba0d7
10:24:09.996 [main] DEBUG org.hibernate.orm.results - Extracted JDBC value [0] - [56]
10:24:09.996 [main] DEBUG org.hibernate.orm.results.loading.entity - (EntityResultInitializer) Hydrated EntityKey (org.frcpm.models.TeamMember(959666274724100)): 56
10:24:09.996 [main] DEBUG org.hibernate.orm.results.loading.org.hibernate.orm.results.loading.collection - (DelayedCollectionInitializer) Current row collection key : org.frcpm.models.TeamMember(959666274724100).assignedTasks#56
10:24:09.996 [main] DEBUG org.hibernate.orm.results.loading.org.hibernate.orm.results.loading.collection - (DelayedCollectionInitializer) Current row collection key : org.frcpm.models.TeamMember(959666274724100).attendances#56
10:24:09.996 [main] DEBUG org.hibernate.orm.results.loading.entity - (EntityResultInitializer) Created new entity instance [org.frcpm.models.TeamMember(959666274724100)#56] : 1697324778
10:24:09.996 [main] DEBUG org.hibernate.orm.results - Extracted JDBC value [7] - [null]
10:24:09.996 [main] DEBUG org.hibernate.orm.results - Extracted JDBC value [1] - [testsave@example.com]
10:24:09.996 [main] DEBUG org.hibernate.orm.results - Extracted JDBC value [2] - [Test]
10:24:09.996 [main] DEBUG org.hibernate.orm.results - Extracted JDBC value [3] - [Save]
10:24:09.996 [main] DEBUG org.hibernate.orm.results - Extracted JDBC value [4] - [false]
10:24:09.996 [main] DEBUG org.hibernate.orm.results - Extracted JDBC value [5] - [555-SAVE]
10:24:09.996 [main] DEBUG org.hibernate.orm.results - Extracted JDBC value [6] - [Testing]
10:24:09.996 [main] DEBUG org.hibernate.orm.results - Extracted JDBC value [8] - [testsave]
10:24:09.996 [main] DEBUG org.hibernate.orm.results.loading.entity - (EntityResultInitializer) Done materializing entityInstance : org.frcpm.models.TeamMember(959666274724100)#56
10:24:09.996 [main] DEBUG org.hibernate.orm.results.loading - Calling top-level assembler (0 / 1) : org.hibernate.sql.results.graph.entity.internal.EntityAssembler@74ba0d7
10:24:09.996 [main] DEBUG org.hibernate.orm.results - Extracted JDBC value [0] - [77]
10:24:09.996 [main] DEBUG org.hibernate.orm.results.loading.entity - (EntityResultInitializer) Hydrated EntityKey (org.frcpm.models.TeamMember(959666274724100)): 77
10:24:09.996 [main] DEBUG org.hibernate.orm.results.loading.org.hibernate.orm.results.loading.collection - (DelayedCollectionInitializer) Current row collection key : org.frcpm.models.TeamMember(959666274724100).assignedTasks#77
10:24:09.996 [main] DEBUG org.hibernate.orm.results.loading.org.hibernate.orm.results.loading.collection - (DelayedCollectionInitializer) Current row collection key : org.frcpm.models.TeamMember(959666274724100).attendances#77
10:24:09.996 [main] DEBUG org.hibernate.orm.results.loading.entity - (EntityResultInitializer) Created new entity instance [org.frcpm.models.TeamMember(959666274724100)#77] : 549492098
10:24:09.997 [main] DEBUG org.hibernate.orm.results - Extracted JDBC value [7] - [null]
10:24:09.997 [main] DEBUG org.hibernate.orm.results - Extracted JDBC value [1] - [testupdate@example.com]
10:24:09.997 [main] DEBUG org.hibernate.orm.results - Extracted JDBC value [2] - [Updated]
10:24:09.997 [main] DEBUG org.hibernate.orm.results - Extracted JDBC value [3] - [Update]
10:24:09.997 [main] DEBUG org.hibernate.orm.results - Extracted JDBC value [4] - [false]
10:24:09.997 [main] DEBUG org.hibernate.orm.results - Extracted JDBC value [5] - [null]
10:24:09.997 [main] DEBUG org.hibernate.orm.results - Extracted JDBC value [6] - [Updated Skills]
10:24:09.997 [main] DEBUG org.hibernate.orm.results - Extracted JDBC value [8] - [testupdate]
10:24:09.997 [main] DEBUG org.hibernate.orm.results.loading.entity - (EntityResultInitializer) Done materializing entityInstance : org.frcpm.models.TeamMember(959666274724100)#77
10:24:09.997 [main] DEBUG org.hibernate.orm.results.loading - Calling top-level assembler (0 / 1) : org.hibernate.sql.results.graph.entity.internal.EntityAssembler@74ba0d7
10:24:09.997 [main] DEBUG org.hibernate.orm.results - Extracted JDBC value [0] - [84]
10:24:09.997 [main] DEBUG org.hibernate.orm.results.loading.entity - (EntityResultInitializer) Hydrated EntityKey (org.frcpm.models.TeamMember(959666274724100)): 84
10:24:09.997 [main] DEBUG org.hibernate.orm.results.loading.org.hibernate.orm.results.loading.collection - (DelayedCollectionInitializer) Current row collection key : org.frcpm.models.TeamMember(959666274724100).assignedTasks#84
10:24:09.997 [main] DEBUG org.hibernate.orm.results.loading.org.hibernate.orm.results.loading.collection - (DelayedCollectionInitializer) Current row collection key : org.frcpm.models.TeamMember(959666274724100).attendances#84
10:24:09.997 [main] DEBUG org.hibernate.orm.results.loading.entity - (EntityResultInitializer) Created new entity instance [org.frcpm.models.TeamMember(959666274724100)#84] : 2081419320
10:24:09.997 [main] DEBUG org.hibernate.orm.results - Extracted JDBC value [7] - [null]
10:24:09.997 [main] DEBUG org.hibernate.orm.results - Extracted JDBC value [1] - [attendance3@example.com]
10:24:09.997 [main] DEBUG org.hibernate.orm.results - Extracted JDBC value [2] - [Attendance]
10:24:09.997 [main] DEBUG org.hibernate.orm.results - Extracted JDBC value [3] - [Test3]
10:24:09.997 [main] DEBUG org.hibernate.orm.results - Extracted JDBC value [4] - [false]
10:24:09.997 [main] DEBUG org.hibernate.orm.results - Extracted JDBC value [5] - [555-9012]
10:24:09.997 [main] DEBUG org.hibernate.orm.results - Extracted JDBC value [6] - [null]
10:24:09.997 [main] DEBUG org.hibernate.orm.results - Extracted JDBC value [8] - [attendancetest3]
10:24:09.997 [main] DEBUG org.hibernate.orm.results.loading.entity - (EntityResultInitializer) Done materializing entityInstance : org.frcpm.models.TeamMember(959666274724100)#84
10:24:09.997 [main] DEBUG org.hibernate.orm.results.loading - Calling top-level assembler (0 / 1) : org.hibernate.sql.results.graph.entity.internal.EntityAssembler@74ba0d7
10:24:09.997 [main] DEBUG org.hibernate.resource.jdbc.internal.LogicalConnectionManagedImpl - Initiating JDBC connection release from afterTransaction
10:24:09.997 [main] DEBUG org.hibernate.resource.jdbc.internal.LogicalConnectionManagedImpl - Initiating JDBC connection release from afterTransaction
10:24:09.998 [main] DEBUG org.hibernate.orm.sql.ast.create - Created new SQL alias : s1_0
10:24:09.998 [main] DEBUG org.hibernate.orm.sql.ast.create - Registration of TableGroup [StandardTableGroup(org.frcpm.models.Subteam(959666284359300))] with identifierForTableGroup [org.frcpm.models.Subteam] for NavigablePath [org.frcpm.models.Subteam] 
10:24:09.999 [main] DEBUG org.hibernate.orm.results.graph.AST - DomainResult Graph:
 \-EntityResultImpl [org.frcpm.models.Subteam(959666284359300)]
 |  +-BasicFetch [org.frcpm.models.Subteam(959666284359300).colorCode]
 |  +-DelayedCollectionFetch [org.frcpm.models.Subteam(959666284359300).members]
 |  +-BasicFetch [org.frcpm.models.Subteam(959666284359300).name]
 |  +-BasicFetch [org.frcpm.models.Subteam(959666284359300).specialties]
 |  \-DelayedCollectionFetch [org.frcpm.models.Subteam(959666284359300).subsystems]

10:24:10.000 [main] DEBUG org.hibernate.orm.sql.ast.tree - SQL AST Tree:
    SelectStatement {
      FromClause {
        StandardTableGroup (s1 : org.frcpm.models.Subteam(959666284359300)) {
          primaryTableReference : subteams as s1_0
        }
      }
    }

10:24:10.000 [main] DEBUG org.hibernate.orm.sql.exec - Skipping reading Query result cache data: cache-enabled = false, cache-mode = NORMAL
10:24:10.001 [main] DEBUG org.hibernate.orm.results - Initializer list:
	  org.frcpm.models.Subteam(959666284359300).members -> DelayedCollectionInitializer(org.frcpm.models.Subteam(959666284359300).members)@880410577 (PluralAttribute(org.frcpm.models.Subteam.members))
	  org.frcpm.models.Subteam(959666284359300).subsystems -> DelayedCollectionInitializer(org.frcpm.models.Subteam(959666284359300).subsystems)@373812946 (PluralAttribute(org.frcpm.models.Subteam.subsystems))
	  org.frcpm.models.Subteam(959666284359300) -> EntityResultInitializer(org.frcpm.models.Subteam(959666284359300))@1077841146 (SingleTableEntityPersister(org.frcpm.models.Subteam))

10:24:10.001 [main] DEBUG org.hibernate.SQL - select s1_0.id,s1_0.color_code,s1_0.name,s1_0.specialties from subteams s1_0
10:24:10.002 [main] DEBUG org.hibernate.orm.results - Extracted JDBC value [0] - [1]
10:24:10.002 [main] DEBUG org.hibernate.orm.results.loading.entity - (EntityResultInitializer) Hydrated EntityKey (org.frcpm.models.Subteam(959666284359300)): 1
10:24:10.002 [main] DEBUG org.hibernate.orm.results.loading.org.hibernate.orm.results.loading.collection - (DelayedCollectionInitializer) Current row collection key : org.frcpm.models.Subteam(959666284359300).members#1
10:24:10.002 [main] DEBUG org.hibernate.orm.results.loading.org.hibernate.orm.results.loading.collection - (DelayedCollectionInitializer) Current row collection key : org.frcpm.models.Subteam(959666284359300).subsystems#1
10:24:10.002 [main] DEBUG org.hibernate.orm.results.loading.entity - (EntityResultInitializer) Created new entity instance [org.frcpm.models.Subteam(959666284359300)#1] : 1236581660
10:24:10.002 [main] DEBUG org.hibernate.orm.results - Extracted JDBC value [1] - [#FF5733]
10:24:10.002 [main] DEBUG org.hibernate.orm.results - Extracted JDBC value [2] - [Mechanical]
10:24:10.002 [main] DEBUG org.hibernate.orm.results - Extracted JDBC value [3] - [Design, CAD, Fabrication, Assembly]
10:24:10.002 [main] DEBUG org.hibernate.orm.results.loading.entity - (EntityResultInitializer) Done materializing entityInstance : org.frcpm.models.Subteam(959666284359300)#1
10:24:10.002 [main] DEBUG org.hibernate.orm.results.loading - Calling top-level assembler (0 / 1) : org.hibernate.sql.results.graph.entity.internal.EntityAssembler@61a7c3a7
10:24:10.003 [main] DEBUG org.hibernate.orm.results - Extracted JDBC value [0] - [2]
10:24:10.003 [main] DEBUG org.hibernate.orm.results.loading.entity - (EntityResultInitializer) Hydrated EntityKey (org.frcpm.models.Subteam(959666284359300)): 2
10:24:10.003 [main] DEBUG org.hibernate.orm.results.loading.org.hibernate.orm.results.loading.collection - (DelayedCollectionInitializer) Current row collection key : org.frcpm.models.Subteam(959666284359300).members#2
10:24:10.003 [main] DEBUG org.hibernate.orm.results.loading.org.hibernate.orm.results.loading.collection - (DelayedCollectionInitializer) Current row collection key : org.frcpm.models.Subteam(959666284359300).subsystems#2
10:24:10.003 [main] DEBUG org.hibernate.orm.results.loading.entity - (EntityResultInitializer) Created new entity instance [org.frcpm.models.Subteam(959666284359300)#2] : 228052690
10:24:10.003 [main] DEBUG org.hibernate.orm.results - Extracted JDBC value [1] - [#33A8FF]
10:24:10.003 [main] DEBUG org.hibernate.orm.results - Extracted JDBC value [2] - [Electrical]
10:24:10.003 [main] DEBUG org.hibernate.orm.results - Extracted JDBC value [3] - [Wiring, Electronics, Sensors, Power Systems]
10:24:10.003 [main] DEBUG org.hibernate.orm.results.loading.entity - (EntityResultInitializer) Done materializing entityInstance : org.frcpm.models.Subteam(959666284359300)#2
10:24:10.003 [main] DEBUG org.hibernate.orm.results.loading - Calling top-level assembler (0 / 1) : org.hibernate.sql.results.graph.entity.internal.EntityAssembler@61a7c3a7
10:24:10.003 [main] DEBUG org.hibernate.orm.results - Extracted JDBC value [0] - [3]
10:24:10.003 [main] DEBUG org.hibernate.orm.results.loading.entity - (EntityResultInitializer) Hydrated EntityKey (org.frcpm.models.Subteam(959666284359300)): 3
10:24:10.003 [main] DEBUG org.hibernate.orm.results.loading.org.hibernate.orm.results.loading.collection - (DelayedCollectionInitializer) Current row collection key : org.frcpm.models.Subteam(959666284359300).members#3
10:24:10.003 [main] DEBUG org.hibernate.orm.results.loading.org.hibernate.orm.results.loading.collection - (DelayedCollectionInitializer) Current row collection key : org.frcpm.models.Subteam(959666284359300).subsystems#3
10:24:10.003 [main] DEBUG org.hibernate.orm.results.loading.entity - (EntityResultInitializer) Created new entity instance [org.frcpm.models.Subteam(959666284359300)#3] : 1246133864
10:24:10.003 [main] DEBUG org.hibernate.orm.results - Extracted JDBC value [1] - [#33FF57]
10:24:10.003 [main] DEBUG org.hibernate.orm.results - Extracted JDBC value [2] - [Programming]
10:24:10.003 [main] DEBUG org.hibernate.orm.results - Extracted JDBC value [3] - [Java, Vision, Control Systems, Autonomous]
10:24:10.003 [main] DEBUG org.hibernate.orm.results.loading.entity - (EntityResultInitializer) Done materializing entityInstance : org.frcpm.models.Subteam(959666284359300)#3
10:24:10.003 [main] DEBUG org.hibernate.orm.results.loading - Calling top-level assembler (0 / 1) : org.hibernate.sql.results.graph.entity.internal.EntityAssembler@61a7c3a7
10:24:10.003 [main] DEBUG org.hibernate.orm.results - Extracted JDBC value [0] - [4]
10:24:10.003 [main] DEBUG org.hibernate.orm.results.loading.entity - (EntityResultInitializer) Hydrated EntityKey (org.frcpm.models.Subteam(959666284359300)): 4
10:24:10.003 [main] DEBUG org.hibernate.orm.results.loading.org.hibernate.orm.results.loading.collection - (DelayedCollectionInitializer) Current row collection key : org.frcpm.models.Subteam(959666284359300).members#4
10:24:10.003 [main] DEBUG org.hibernate.orm.results.loading.org.hibernate.orm.results.loading.collection - (DelayedCollectionInitializer) Current row collection key : org.frcpm.models.Subteam(959666284359300).subsystems#4
10:24:10.003 [main] DEBUG org.hibernate.orm.results.loading.entity - (EntityResultInitializer) Created new entity instance [org.frcpm.models.Subteam(959666284359300)#4] : 1582807023
10:24:10.003 [main] DEBUG org.hibernate.orm.results - Extracted JDBC value [1] - [#FF33A8]
10:24:10.003 [main] DEBUG org.hibernate.orm.results - Extracted JDBC value [2] - [Business]
10:24:10.003 [main] DEBUG org.hibernate.orm.results - Extracted JDBC value [3] - [Fundraising, Marketing, Outreach, Awards]
10:24:10.003 [main] DEBUG org.hibernate.orm.results.loading.entity - (EntityResultInitializer) Done materializing entityInstance : org.frcpm.models.Subteam(959666284359300)#4
10:24:10.003 [main] DEBUG org.hibernate.orm.results.loading - Calling top-level assembler (0 / 1) : org.hibernate.sql.results.graph.entity.internal.EntityAssembler@61a7c3a7
10:24:10.003 [main] DEBUG org.hibernate.orm.results - Extracted JDBC value [0] - [24]
10:24:10.003 [main] DEBUG org.hibernate.orm.results.loading.entity - (EntityResultInitializer) Hydrated EntityKey (org.frcpm.models.Subteam(959666284359300)): 24
10:24:10.003 [main] DEBUG org.hibernate.orm.results.loading.org.hibernate.orm.results.loading.collection - (DelayedCollectionInitializer) Current row collection key : org.frcpm.models.Subteam(959666284359300).members#24
10:24:10.003 [main] DEBUG org.hibernate.orm.results.loading.org.hibernate.orm.results.loading.collection - (DelayedCollectionInitializer) Current row collection key : org.frcpm.models.Subteam(959666284359300).subsystems#24
10:24:10.003 [main] DEBUG org.hibernate.orm.results.loading.entity - (EntityResultInitializer) Created new entity instance [org.frcpm.models.Subteam(959666284359300)#24] : 202237641
10:24:10.003 [main] DEBUG org.hibernate.orm.results - Extracted JDBC value [1] - [#0000FF]
10:24:10.003 [main] DEBUG org.hibernate.orm.results - Extracted JDBC value [2] - [Test Count Subteam]
10:24:10.003 [main] DEBUG org.hibernate.orm.results - Extracted JDBC value [3] - [null]
10:24:10.003 [main] DEBUG org.hibernate.orm.results.loading.entity - (EntityResultInitializer) Done materializing entityInstance : org.frcpm.models.Subteam(959666284359300)#24
10:24:10.003 [main] DEBUG org.hibernate.orm.results.loading - Calling top-level assembler (0 / 1) : org.hibernate.sql.results.graph.entity.internal.EntityAssembler@61a7c3a7
10:24:10.003 [main] DEBUG org.hibernate.orm.results - Extracted JDBC value [0] - [27]
10:24:10.003 [main] DEBUG org.hibernate.orm.results.loading.entity - (EntityResultInitializer) Hydrated EntityKey (org.frcpm.models.Subteam(959666284359300)): 27
10:24:10.003 [main] DEBUG org.hibernate.orm.results.loading.org.hibernate.orm.results.loading.collection - (DelayedCollectionInitializer) Current row collection key : org.frcpm.models.Subteam(959666284359300).members#27
10:24:10.003 [main] DEBUG org.hibernate.orm.results.loading.org.hibernate.orm.results.loading.collection - (DelayedCollectionInitializer) Current row collection key : org.frcpm.models.Subteam(959666284359300).subsystems#27
10:24:10.003 [main] DEBUG org.hibernate.orm.results.loading.entity - (EntityResultInitializer) Created new entity instance [org.frcpm.models.Subteam(959666284359300)#27] : 1204775681
10:24:10.004 [main] DEBUG org.hibernate.orm.results - Extracted JDBC value [1] - [#0000FF]
10:24:10.004 [main] DEBUG org.hibernate.orm.results - Extracted JDBC value [2] - [Test Save Subteam]
10:24:10.004 [main] DEBUG org.hibernate.orm.results - Extracted JDBC value [3] - [Testing]
10:24:10.004 [main] DEBUG org.hibernate.orm.results.loading.entity - (EntityResultInitializer) Done materializing entityInstance : org.frcpm.models.Subteam(959666284359300)#27
10:24:10.004 [main] DEBUG org.hibernate.orm.results.loading - Calling top-level assembler (0 / 1) : org.hibernate.sql.results.graph.entity.internal.EntityAssembler@61a7c3a7
10:24:10.004 [main] DEBUG org.hibernate.orm.results - Extracted JDBC value [0] - [42]
10:24:10.004 [main] DEBUG org.hibernate.orm.results.loading.entity - (EntityResultInitializer) Hydrated EntityKey (org.frcpm.models.Subteam(959666284359300)): 42
10:24:10.004 [main] DEBUG org.hibernate.orm.results.loading.org.hibernate.orm.results.loading.collection - (DelayedCollectionInitializer) Current row collection key : org.frcpm.models.Subteam(959666284359300).members#42
10:24:10.004 [main] DEBUG org.hibernate.orm.results.loading.org.hibernate.orm.results.loading.collection - (DelayedCollectionInitializer) Current row collection key : org.frcpm.models.Subteam(959666284359300).subsystems#42
10:24:10.004 [main] DEBUG org.hibernate.orm.results.loading.entity - (EntityResultInitializer) Created new entity instance [org.frcpm.models.Subteam(959666284359300)#42] : 785535226
10:24:10.004 [main] DEBUG org.hibernate.orm.results - Extracted JDBC value [1] - [#00FFFF]
10:24:10.004 [main] DEBUG org.hibernate.orm.results - Extracted JDBC value [2] - [Updated Subteam Name]
10:24:10.004 [main] DEBUG org.hibernate.orm.results - Extracted JDBC value [3] - [null]
10:24:10.004 [main] DEBUG org.hibernate.orm.results.loading.entity - (EntityResultInitializer) Done materializing entityInstance : org.frcpm.models.Subteam(959666284359300)#42
10:24:10.004 [main] DEBUG org.hibernate.orm.results.loading - Calling top-level assembler (0 / 1) : org.hibernate.sql.results.graph.entity.internal.EntityAssembler@61a7c3a7
10:24:10.004 [main] DEBUG org.hibernate.orm.results - Extracted JDBC value [0] - [67]
10:24:10.004 [main] DEBUG org.hibernate.orm.results.loading.entity - (EntityResultInitializer) Hydrated EntityKey (org.frcpm.models.Subteam(959666284359300)): 67
10:24:10.004 [main] DEBUG org.hibernate.orm.results.loading.org.hibernate.orm.results.loading.collection - (DelayedCollectionInitializer) Current row collection key : org.frcpm.models.Subteam(959666284359300).members#67
10:24:10.004 [main] DEBUG org.hibernate.orm.results.loading.org.hibernate.orm.results.loading.collection - (DelayedCollectionInitializer) Current row collection key : org.frcpm.models.Subteam(959666284359300).subsystems#67
10:24:10.004 [main] DEBUG org.hibernate.orm.results.loading.entity - (EntityResultInitializer) Created new entity instance [org.frcpm.models.Subteam(959666284359300)#67] : 722973854
10:24:10.004 [main] DEBUG org.hibernate.orm.results - Extracted JDBC value [1] - [#0000FF]
10:24:10.004 [main] DEBUG org.hibernate.orm.results - Extracted JDBC value [2] - [Test Create Service Subteam]
10:24:10.004 [main] DEBUG org.hibernate.orm.results - Extracted JDBC value [3] - [Testing, Quality Assurance]
10:24:10.004 [main] DEBUG org.hibernate.orm.results.loading.entity - (EntityResultInitializer) Done materializing entityInstance : org.frcpm.models.Subteam(959666284359300)#67
10:24:10.004 [main] DEBUG org.hibernate.orm.results.loading - Calling top-level assembler (0 / 1) : org.hibernate.sql.results.graph.entity.internal.EntityAssembler@61a7c3a7
10:24:10.004 [main] DEBUG org.hibernate.orm.results - Extracted JDBC value [0] - [70]
10:24:10.004 [main] DEBUG org.hibernate.orm.results.loading.entity - (EntityResultInitializer) Hydrated EntityKey (org.frcpm.models.Subteam(959666284359300)): 70
10:24:10.004 [main] DEBUG org.hibernate.orm.results.loading.org.hibernate.orm.results.loading.collection - (DelayedCollectionInitializer) Current row collection key : org.frcpm.models.Subteam(959666284359300).members#70
10:24:10.004 [main] DEBUG org.hibernate.orm.results.loading.org.hibernate.orm.results.loading.collection - (DelayedCollectionInitializer) Current row collection key : org.frcpm.models.Subteam(959666284359300).subsystems#70
10:24:10.004 [main] DEBUG org.hibernate.orm.results.loading.entity - (EntityResultInitializer) Created new entity instance [org.frcpm.models.Subteam(959666284359300)#70] : 1239836386
10:24:10.004 [main] DEBUG org.hibernate.orm.results - Extracted JDBC value [1] - [#00FFFF]
10:24:10.004 [main] DEBUG org.hibernate.orm.results - Extracted JDBC value [2] - [Test Color Update Subteam]
10:24:10.004 [main] DEBUG org.hibernate.orm.results - Extracted JDBC value [3] - [Specialties]
10:24:10.004 [main] DEBUG org.hibernate.orm.results.loading.entity - (EntityResultInitializer) Done materializing entityInstance : org.frcpm.models.Subteam(959666284359300)#70
10:24:10.004 [main] DEBUG org.hibernate.orm.results.loading - Calling top-level assembler (0 / 1) : org.hibernate.sql.results.graph.entity.internal.EntityAssembler@61a7c3a7
10:24:10.004 [main] DEBUG org.hibernate.orm.results - Extracted JDBC value [0] - [79]
10:24:10.004 [main] DEBUG org.hibernate.orm.results.loading.entity - (EntityResultInitializer) Hydrated EntityKey (org.frcpm.models.Subteam(959666284359300)): 79
10:24:10.004 [main] DEBUG org.hibernate.orm.results.loading.org.hibernate.orm.results.loading.collection - (DelayedCollectionInitializer) Current row collection key : org.frcpm.models.Subteam(959666284359300).members#79
10:24:10.004 [main] DEBUG org.hibernate.orm.results.loading.org.hibernate.orm.results.loading.collection - (DelayedCollectionInitializer) Current row collection key : org.frcpm.models.Subteam(959666284359300).subsystems#79
10:24:10.004 [main] DEBUG org.hibernate.orm.results.loading.entity - (EntityResultInitializer) Created new entity instance [org.frcpm.models.Subteam(959666284359300)#79] : 1657964719
10:24:10.004 [main] DEBUG org.hibernate.orm.results - Extracted JDBC value [1] - [#0000FF]
10:24:10.004 [main] DEBUG org.hibernate.orm.results - Extracted JDBC value [2] - [Test Update Subteam]
10:24:10.004 [main] DEBUG org.hibernate.orm.results - Extracted JDBC value [3] - [Updated Specialties]
10:24:10.004 [main] DEBUG org.hibernate.orm.results.loading.entity - (EntityResultInitializer) Done materializing entityInstance : org.frcpm.models.Subteam(959666284359300)#79
10:24:10.004 [main] DEBUG org.hibernate.orm.results.loading - Calling top-level assembler (0 / 1) : org.hibernate.sql.results.graph.entity.internal.EntityAssembler@61a7c3a7
10:24:10.004 [main] DEBUG org.hibernate.orm.results - Extracted JDBC value [0] - [87]
10:24:10.004 [main] DEBUG org.hibernate.orm.results.loading.entity - (EntityResultInitializer) Hydrated EntityKey (org.frcpm.models.Subteam(959666284359300)): 87
10:24:10.004 [main] DEBUG org.hibernate.orm.results.loading.org.hibernate.orm.results.loading.collection - (DelayedCollectionInitializer) Current row collection key : org.frcpm.models.Subteam(959666284359300).members#87
10:24:10.004 [main] DEBUG org.hibernate.orm.results.loading.org.hibernate.orm.results.loading.collection - (DelayedCollectionInitializer) Current row collection key : org.frcpm.models.Subteam(959666284359300).subsystems#87
10:24:10.004 [main] DEBUG org.hibernate.orm.results.loading.entity - (EntityResultInitializer) Created new entity instance [org.frcpm.models.Subteam(959666284359300)#87] : 209381734
10:24:10.004 [main] DEBUG org.hibernate.orm.results - Extracted JDBC value [1] - [#0000FF]
10:24:10.004 [main] DEBUG org.hibernate.orm.results - Extracted JDBC value [2] - [Duplicate Name Subteam]
10:24:10.004 [main] DEBUG org.hibernate.orm.results - Extracted JDBC value [3] - [Specialties]
10:24:10.004 [main] DEBUG org.hibernate.orm.results.loading.entity - (EntityResultInitializer) Done materializing entityInstance : org.frcpm.models.Subteam(959666284359300)#87
10:24:10.004 [main] DEBUG org.hibernate.orm.results.loading - Calling top-level assembler (0 / 1) : org.hibernate.sql.results.graph.entity.internal.EntityAssembler@61a7c3a7
10:24:10.004 [main] DEBUG org.hibernate.resource.jdbc.internal.LogicalConnectionManagedImpl - Initiating JDBC connection release from afterTransaction
10:24:10.004 [main] DEBUG org.hibernate.resource.jdbc.internal.LogicalConnectionManagedImpl - Initiating JDBC connection release from afterTransaction
]]></system-out>
  </testcase>
  <testcase name="testHandleEditSubteam" classname="org.frcpm.controllers.TeamControllerTest" time="0.028">
    <system-out><![CDATA[10:24:10.012 [main] DEBUG org.hibernate.orm.sql.ast.create - Created new SQL alias : tm1_0
10:24:10.012 [main] DEBUG org.hibernate.orm.sql.ast.create - Registration of TableGroup [StandardTableGroup(org.frcpm.models.TeamMember(959666298601100))] with identifierForTableGroup [org.frcpm.models.TeamMember] for NavigablePath [org.frcpm.models.TeamMember] 
10:24:10.012 [main] DEBUG org.hibernate.orm.sql.ast.create - Registration of TableGroup [org.hibernate.sql.ast.tree.from.LazyTableGroup@7f8a2f71] with identifierForTableGroup [org.frcpm.models.TeamMember.subteam] for NavigablePath [org.frcpm.models.TeamMember.subteam] 
10:24:10.013 [main] DEBUG org.hibernate.orm.results.graph.AST - DomainResult Graph:
 \-EntityResultImpl [org.frcpm.models.TeamMember(959666298601100)]
 |  +-DelayedCollectionFetch [org.frcpm.models.TeamMember(959666298601100).assignedTasks]
 |  +-DelayedCollectionFetch [org.frcpm.models.TeamMember(959666298601100).attendances]
 |  +-BasicFetch [org.frcpm.models.TeamMember(959666298601100).email]
 |  +-BasicFetch [org.frcpm.models.TeamMember(959666298601100).firstName]
 |  +-BasicFetch [org.frcpm.models.TeamMember(959666298601100).lastName]
 |  +-BasicFetch [org.frcpm.models.TeamMember(959666298601100).leader]
 |  +-BasicFetch [org.frcpm.models.TeamMember(959666298601100).phone]
 |  +-BasicFetch [org.frcpm.models.TeamMember(959666298601100).skills]
 |  +-CircularFetchImpl [org.frcpm.models.TeamMember(959666298601100).subteam]
 |  \-BasicFetch [org.frcpm.models.TeamMember(959666298601100).username]

10:24:10.013 [main] DEBUG org.hibernate.orm.sql.ast.tree - SQL AST Tree:
    SelectStatement {
      FromClause {
        StandardTableGroup (tm1 : org.frcpm.models.TeamMember(959666298601100)) {
          primaryTableReference : team_members as tm1_0
          TableGroupJoins {
            left  join LazyTableGroup (s1 : org.frcpm.models.TeamMember(959666298601100).subteam) {
            }
          }
        }
      }
    }

10:24:10.014 [main] DEBUG org.hibernate.orm.sql.exec - Skipping reading Query result cache data: cache-enabled = false, cache-mode = NORMAL
10:24:10.014 [main] DEBUG org.hibernate.orm.results - Initializer list:
	  org.frcpm.models.TeamMember(959666298601100).attendances -> DelayedCollectionInitializer(org.frcpm.models.TeamMember(959666298601100).attendances)@2080475955 (PluralAttribute(org.frcpm.models.TeamMember.attendances))
	  org.frcpm.models.TeamMember(959666298601100).assignedTasks -> DelayedCollectionInitializer(org.frcpm.models.TeamMember(959666298601100).assignedTasks)@1764555378 (PluralAttribute(org.frcpm.models.TeamMember.assignedTasks))
	  org.frcpm.models.TeamMember(959666298601100) -> EntityResultInitializer(org.frcpm.models.TeamMember(959666298601100))@1305429188 (SingleTableEntityPersister(org.frcpm.models.TeamMember))
	  org.frcpm.models.TeamMember(959666298601100).subteam -> EntityDelayedFetchInitializer(org.frcpm.models.TeamMember(959666298601100).subteam)@1670388651 (ToOneAttributeMapping(NavigableRole[org.frcpm.models.TeamMember.subteam])@1143917207)

10:24:10.014 [main] DEBUG org.hibernate.SQL - select tm1_0.id,tm1_0.email,tm1_0.first_name,tm1_0.last_name,tm1_0.is_leader,tm1_0.phone,tm1_0.skills,tm1_0.subteam_id,tm1_0.username from team_members tm1_0
10:24:10.015 [main] DEBUG org.hibernate.orm.results - Extracted JDBC value [0] - [1]
10:24:10.015 [main] DEBUG org.hibernate.orm.results.loading.entity - (EntityResultInitializer) Hydrated EntityKey (org.frcpm.models.TeamMember(959666298601100)): 1
10:24:10.015 [main] DEBUG org.hibernate.orm.results.loading.org.hibernate.orm.results.loading.collection - (DelayedCollectionInitializer) Current row collection key : org.frcpm.models.TeamMember(959666298601100).assignedTasks#1
10:24:10.016 [main] DEBUG org.hibernate.orm.results.loading.org.hibernate.orm.results.loading.collection - (DelayedCollectionInitializer) Current row collection key : org.frcpm.models.TeamMember(959666298601100).attendances#1
10:24:10.016 [main] DEBUG org.hibernate.orm.results.loading.entity - (EntityResultInitializer) Created new entity instance [org.frcpm.models.TeamMember(959666298601100)#1] : 714560927
10:24:10.016 [main] DEBUG org.hibernate.orm.results - Extracted JDBC value [7] - [3]
10:24:10.016 [main] DEBUG org.hibernate.orm.results - Extracted JDBC value [1] - [jsmith@example.com]
10:24:10.016 [main] DEBUG org.hibernate.orm.results - Extracted JDBC value [2] - [John]
10:24:10.016 [main] DEBUG org.hibernate.orm.results - Extracted JDBC value [3] - [Smith]
10:24:10.016 [main] DEBUG org.hibernate.orm.results - Extracted JDBC value [4] - [true]
10:24:10.016 [main] DEBUG org.hibernate.orm.results - Extracted JDBC value [5] - [555-1234]
10:24:10.016 [main] DEBUG org.hibernate.orm.results - Extracted JDBC value [6] - [Java, Python, Control Systems]
10:24:10.016 [main] DEBUG org.hibernate.orm.results - Extracted JDBC value [8] - [jsmith]
10:24:10.016 [main] DEBUG org.hibernate.orm.results.loading.entity - (EntityResultInitializer) Done materializing entityInstance : org.frcpm.models.TeamMember(959666298601100)#1
10:24:10.017 [main] DEBUG org.hibernate.orm.results.loading - Calling top-level assembler (0 / 1) : org.hibernate.sql.results.graph.entity.internal.EntityAssembler@4bf17184
10:24:10.017 [main] DEBUG org.hibernate.orm.results - Extracted JDBC value [0] - [2]
10:24:10.017 [main] DEBUG org.hibernate.orm.results.loading.entity - (EntityResultInitializer) Hydrated EntityKey (org.frcpm.models.TeamMember(959666298601100)): 2
10:24:10.017 [main] DEBUG org.hibernate.orm.results.loading.org.hibernate.orm.results.loading.collection - (DelayedCollectionInitializer) Current row collection key : org.frcpm.models.TeamMember(959666298601100).assignedTasks#2
10:24:10.017 [main] DEBUG org.hibernate.orm.results.loading.org.hibernate.orm.results.loading.collection - (DelayedCollectionInitializer) Current row collection key : org.frcpm.models.TeamMember(959666298601100).attendances#2
10:24:10.017 [main] DEBUG org.hibernate.orm.results.loading.entity - (EntityResultInitializer) Created new entity instance [org.frcpm.models.TeamMember(959666298601100)#2] : 1541074632
10:24:10.017 [main] DEBUG org.hibernate.orm.results - Extracted JDBC value [7] - [1]
10:24:10.017 [main] DEBUG org.hibernate.orm.results - Extracted JDBC value [1] - [agarcia@example.com]
10:24:10.017 [main] DEBUG org.hibernate.orm.results - Extracted JDBC value [2] - [Ana]
10:24:10.017 [main] DEBUG org.hibernate.orm.results - Extracted JDBC value [3] - [Garcia]
10:24:10.017 [main] DEBUG org.hibernate.orm.results - Extracted JDBC value [4] - [true]
10:24:10.017 [main] DEBUG org.hibernate.orm.results - Extracted JDBC value [5] - [555-5678]
10:24:10.017 [main] DEBUG org.hibernate.orm.results - Extracted JDBC value [6] - [CAD, Design, Machining]
10:24:10.018 [main] DEBUG org.hibernate.orm.results - Extracted JDBC value [8] - [agarcia]
10:24:10.018 [main] DEBUG org.hibernate.orm.results.loading.entity - (EntityResultInitializer) Done materializing entityInstance : org.frcpm.models.TeamMember(959666298601100)#2
10:24:10.018 [main] DEBUG org.hibernate.orm.results.loading - Calling top-level assembler (0 / 1) : org.hibernate.sql.results.graph.entity.internal.EntityAssembler@4bf17184
10:24:10.018 [main] DEBUG org.hibernate.orm.results - Extracted JDBC value [0] - [3]
10:24:10.018 [main] DEBUG org.hibernate.orm.results.loading.entity - (EntityResultInitializer) Hydrated EntityKey (org.frcpm.models.TeamMember(959666298601100)): 3
10:24:10.018 [main] DEBUG org.hibernate.orm.results.loading.org.hibernate.orm.results.loading.collection - (DelayedCollectionInitializer) Current row collection key : org.frcpm.models.TeamMember(959666298601100).assignedTasks#3
10:24:10.018 [main] DEBUG org.hibernate.orm.results.loading.org.hibernate.orm.results.loading.collection - (DelayedCollectionInitializer) Current row collection key : org.frcpm.models.TeamMember(959666298601100).attendances#3
10:24:10.018 [main] DEBUG org.hibernate.orm.results.loading.entity - (EntityResultInitializer) Created new entity instance [org.frcpm.models.TeamMember(959666298601100)#3] : 953697072
10:24:10.018 [main] DEBUG org.hibernate.orm.results - Extracted JDBC value [7] - [2]
10:24:10.018 [main] DEBUG org.hibernate.orm.results - Extracted JDBC value [1] - [twong@example.com]
10:24:10.018 [main] DEBUG org.hibernate.orm.results - Extracted JDBC value [2] - [Tyler]
10:24:10.018 [main] DEBUG org.hibernate.orm.results - Extracted JDBC value [3] - [Wong]
10:24:10.018 [main] DEBUG org.hibernate.orm.results - Extracted JDBC value [4] - [true]
10:24:10.018 [main] DEBUG org.hibernate.orm.results - Extracted JDBC value [5] - [555-9012]
10:24:10.018 [main] DEBUG org.hibernate.orm.results - Extracted JDBC value [6] - [Electronics, Wiring, Soldering]
10:24:10.018 [main] DEBUG org.hibernate.orm.results - Extracted JDBC value [8] - [twong]
10:24:10.019 [main] DEBUG org.hibernate.orm.results.loading.entity - (EntityResultInitializer) Done materializing entityInstance : org.frcpm.models.TeamMember(959666298601100)#3
10:24:10.019 [main] DEBUG org.hibernate.orm.results.loading - Calling top-level assembler (0 / 1) : org.hibernate.sql.results.graph.entity.internal.EntityAssembler@4bf17184
10:24:10.019 [main] DEBUG org.hibernate.orm.results - Extracted JDBC value [0] - [4]
10:24:10.019 [main] DEBUG org.hibernate.orm.results.loading.entity - (EntityResultInitializer) Hydrated EntityKey (org.frcpm.models.TeamMember(959666298601100)): 4
10:24:10.019 [main] DEBUG org.hibernate.orm.results.loading.org.hibernate.orm.results.loading.collection - (DelayedCollectionInitializer) Current row collection key : org.frcpm.models.TeamMember(959666298601100).assignedTasks#4
10:24:10.019 [main] DEBUG org.hibernate.orm.results.loading.org.hibernate.orm.results.loading.collection - (DelayedCollectionInitializer) Current row collection key : org.frcpm.models.TeamMember(959666298601100).attendances#4
10:24:10.019 [main] DEBUG org.hibernate.orm.results.loading.entity - (EntityResultInitializer) Created new entity instance [org.frcpm.models.TeamMember(959666298601100)#4] : 894796772
10:24:10.019 [main] DEBUG org.hibernate.orm.results - Extracted JDBC value [7] - [4]
10:24:10.019 [main] DEBUG org.hibernate.orm.results - Extracted JDBC value [1] - [lchen@example.com]
10:24:10.019 [main] DEBUG org.hibernate.orm.results - Extracted JDBC value [2] - [Lisa]
10:24:10.019 [main] DEBUG org.hibernate.orm.results - Extracted JDBC value [3] - [Chen]
10:24:10.019 [main] DEBUG org.hibernate.orm.results - Extracted JDBC value [4] - [true]
10:24:10.019 [main] DEBUG org.hibernate.orm.results - Extracted JDBC value [5] - [555-3456]
10:24:10.019 [main] DEBUG org.hibernate.orm.results - Extracted JDBC value [6] - [Marketing, Social Media, Presentations]
10:24:10.019 [main] DEBUG org.hibernate.orm.results - Extracted JDBC value [8] - [lchen]
10:24:10.019 [main] DEBUG org.hibernate.orm.results.loading.entity - (EntityResultInitializer) Done materializing entityInstance : org.frcpm.models.TeamMember(959666298601100)#4
10:24:10.019 [main] DEBUG org.hibernate.orm.results.loading - Calling top-level assembler (0 / 1) : org.hibernate.sql.results.graph.entity.internal.EntityAssembler@4bf17184
10:24:10.019 [main] DEBUG org.hibernate.orm.results - Extracted JDBC value [0] - [5]
10:24:10.019 [main] DEBUG org.hibernate.orm.results.loading.entity - (EntityResultInitializer) Hydrated EntityKey (org.frcpm.models.TeamMember(959666298601100)): 5
10:24:10.019 [main] DEBUG org.hibernate.orm.results.loading.org.hibernate.orm.results.loading.collection - (DelayedCollectionInitializer) Current row collection key : org.frcpm.models.TeamMember(959666298601100).assignedTasks#5
10:24:10.019 [main] DEBUG org.hibernate.orm.results.loading.org.hibernate.orm.results.loading.collection - (DelayedCollectionInitializer) Current row collection key : org.frcpm.models.TeamMember(959666298601100).attendances#5
10:24:10.020 [main] DEBUG org.hibernate.orm.results.loading.entity - (EntityResultInitializer) Created new entity instance [org.frcpm.models.TeamMember(959666298601100)#5] : 2035919725
10:24:10.020 [main] DEBUG org.hibernate.orm.results - Extracted JDBC value [7] - [1]
10:24:10.020 [main] DEBUG org.hibernate.orm.results - Extracted JDBC value [1] - [mjohnson@example.com]
10:24:10.020 [main] DEBUG org.hibernate.orm.results - Extracted JDBC value [2] - [Mike]
10:24:10.020 [main] DEBUG org.hibernate.orm.results - Extracted JDBC value [3] - [Johnson]
10:24:10.020 [main] DEBUG org.hibernate.orm.results - Extracted JDBC value [4] - [false]
10:24:10.020 [main] DEBUG org.hibernate.orm.results - Extracted JDBC value [5] - [555-7890]
10:24:10.020 [main] DEBUG org.hibernate.orm.results - Extracted JDBC value [6] - [CAD, 3D Printing, Prototyping]
10:24:10.020 [main] DEBUG org.hibernate.orm.results - Extracted JDBC value [8] - [mjohnson]
10:24:10.020 [main] DEBUG org.hibernate.orm.results.loading.entity - (EntityResultInitializer) Done materializing entityInstance : org.frcpm.models.TeamMember(959666298601100)#5
10:24:10.020 [main] DEBUG org.hibernate.orm.results.loading - Calling top-level assembler (0 / 1) : org.hibernate.sql.results.graph.entity.internal.EntityAssembler@4bf17184
10:24:10.020 [main] DEBUG org.hibernate.orm.results - Extracted JDBC value [0] - [6]
10:24:10.020 [main] DEBUG org.hibernate.orm.results.loading.entity - (EntityResultInitializer) Hydrated EntityKey (org.frcpm.models.TeamMember(959666298601100)): 6
10:24:10.020 [main] DEBUG org.hibernate.orm.results.loading.org.hibernate.orm.results.loading.collection - (DelayedCollectionInitializer) Current row collection key : org.frcpm.models.TeamMember(959666298601100).assignedTasks#6
10:24:10.020 [main] DEBUG org.hibernate.orm.results.loading.org.hibernate.orm.results.loading.collection - (DelayedCollectionInitializer) Current row collection key : org.frcpm.models.TeamMember(959666298601100).attendances#6
10:24:10.020 [main] DEBUG org.hibernate.orm.results.loading.entity - (EntityResultInitializer) Created new entity instance [org.frcpm.models.TeamMember(959666298601100)#6] : 1976535023
10:24:10.020 [main] DEBUG org.hibernate.orm.results - Extracted JDBC value [7] - [3]
10:24:10.020 [main] DEBUG org.hibernate.orm.results - Extracted JDBC value [1] - [sdavis@example.com]
10:24:10.020 [main] DEBUG org.hibernate.orm.results - Extracted JDBC value [2] - [Sarah]
10:24:10.020 [main] DEBUG org.hibernate.orm.results - Extracted JDBC value [3] - [Davis]
10:24:10.020 [main] DEBUG org.hibernate.orm.results - Extracted JDBC value [4] - [false]
10:24:10.020 [main] DEBUG org.hibernate.orm.results - Extracted JDBC value [5] - [555-2345]
10:24:10.020 [main] DEBUG org.hibernate.orm.results - Extracted JDBC value [6] - [Computer Vision, Machine Learning]
10:24:10.020 [main] DEBUG org.hibernate.orm.results - Extracted JDBC value [8] - [sdavis]
10:24:10.020 [main] DEBUG org.hibernate.orm.results.loading.entity - (EntityResultInitializer) Done materializing entityInstance : org.frcpm.models.TeamMember(959666298601100)#6
10:24:10.020 [main] DEBUG org.hibernate.orm.results.loading - Calling top-level assembler (0 / 1) : org.hibernate.sql.results.graph.entity.internal.EntityAssembler@4bf17184
10:24:10.020 [main] DEBUG org.hibernate.orm.results - Extracted JDBC value [0] - [36]
10:24:10.020 [main] DEBUG org.hibernate.orm.results.loading.entity - (EntityResultInitializer) Hydrated EntityKey (org.frcpm.models.TeamMember(959666298601100)): 36
10:24:10.020 [main] DEBUG org.hibernate.orm.results.loading.org.hibernate.orm.results.loading.collection - (DelayedCollectionInitializer) Current row collection key : org.frcpm.models.TeamMember(959666298601100).assignedTasks#36
10:24:10.020 [main] DEBUG org.hibernate.orm.results.loading.org.hibernate.orm.results.loading.collection - (DelayedCollectionInitializer) Current row collection key : org.frcpm.models.TeamMember(959666298601100).attendances#36
10:24:10.020 [main] DEBUG org.hibernate.orm.results.loading.entity - (EntityResultInitializer) Created new entity instance [org.frcpm.models.TeamMember(959666298601100)#36] : 997001305
10:24:10.020 [main] DEBUG org.hibernate.orm.results - Extracted JDBC value [7] - [null]
10:24:10.020 [main] DEBUG org.hibernate.orm.results - Extracted JDBC value [1] - [tasktest@example.com]
10:24:10.020 [main] DEBUG org.hibernate.orm.results - Extracted JDBC value [2] - [Task]
10:24:10.020 [main] DEBUG org.hibernate.orm.results - Extracted JDBC value [3] - [Test]
10:24:10.020 [main] DEBUG org.hibernate.orm.results - Extracted JDBC value [4] - [false]
10:24:10.020 [main] DEBUG org.hibernate.orm.results - Extracted JDBC value [5] - [null]
10:24:10.020 [main] DEBUG org.hibernate.orm.results - Extracted JDBC value [6] - [null]
10:24:10.020 [main] DEBUG org.hibernate.orm.results - Extracted JDBC value [8] - [tasktestuser_1745594395337]
10:24:10.020 [main] DEBUG org.hibernate.orm.results.loading.entity - (EntityResultInitializer) Done materializing entityInstance : org.frcpm.models.TeamMember(959666298601100)#36
10:24:10.020 [main] DEBUG org.hibernate.orm.results.loading - Calling top-level assembler (0 / 1) : org.hibernate.sql.results.graph.entity.internal.EntityAssembler@4bf17184
10:24:10.020 [main] DEBUG org.hibernate.orm.results - Extracted JDBC value [0] - [37]
10:24:10.020 [main] DEBUG org.hibernate.orm.results.loading.entity - (EntityResultInitializer) Hydrated EntityKey (org.frcpm.models.TeamMember(959666298601100)): 37
10:24:10.020 [main] DEBUG org.hibernate.orm.results.loading.org.hibernate.orm.results.loading.collection - (DelayedCollectionInitializer) Current row collection key : org.frcpm.models.TeamMember(959666298601100).assignedTasks#37
10:24:10.020 [main] DEBUG org.hibernate.orm.results.loading.org.hibernate.orm.results.loading.collection - (DelayedCollectionInitializer) Current row collection key : org.frcpm.models.TeamMember(959666298601100).attendances#37
10:24:10.020 [main] DEBUG org.hibernate.orm.results.loading.entity - (EntityResultInitializer) Created new entity instance [org.frcpm.models.TeamMember(959666298601100)#37] : 84467166
10:24:10.020 [main] DEBUG org.hibernate.orm.results - Extracted JDBC value [7] - [null]
10:24:10.020 [main] DEBUG org.hibernate.orm.results - Extracted JDBC value [1] - [tasktest@example.com]
10:24:10.020 [main] DEBUG org.hibernate.orm.results - Extracted JDBC value [2] - [Task]
10:24:10.020 [main] DEBUG org.hibernate.orm.results - Extracted JDBC value [3] - [Test]
10:24:10.020 [main] DEBUG org.hibernate.orm.results - Extracted JDBC value [4] - [false]
10:24:10.020 [main] DEBUG org.hibernate.orm.results - Extracted JDBC value [5] - [null]
10:24:10.020 [main] DEBUG org.hibernate.orm.results - Extracted JDBC value [6] - [null]
10:24:10.020 [main] DEBUG org.hibernate.orm.results - Extracted JDBC value [8] - [tasktestuser_1745594395698]
10:24:10.020 [main] DEBUG org.hibernate.orm.results.loading.entity - (EntityResultInitializer) Done materializing entityInstance : org.frcpm.models.TeamMember(959666298601100)#37
10:24:10.020 [main] DEBUG org.hibernate.orm.results.loading - Calling top-level assembler (0 / 1) : org.hibernate.sql.results.graph.entity.internal.EntityAssembler@4bf17184
10:24:10.020 [main] DEBUG org.hibernate.orm.results - Extracted JDBC value [0] - [38]
10:24:10.020 [main] DEBUG org.hibernate.orm.results.loading.entity - (EntityResultInitializer) Hydrated EntityKey (org.frcpm.models.TeamMember(959666298601100)): 38
10:24:10.020 [main] DEBUG org.hibernate.orm.results.loading.org.hibernate.orm.results.loading.collection - (DelayedCollectionInitializer) Current row collection key : org.frcpm.models.TeamMember(959666298601100).assignedTasks#38
10:24:10.020 [main] DEBUG org.hibernate.orm.results.loading.org.hibernate.orm.results.loading.collection - (DelayedCollectionInitializer) Current row collection key : org.frcpm.models.TeamMember(959666298601100).attendances#38
10:24:10.020 [main] DEBUG org.hibernate.orm.results.loading.entity - (EntityResultInitializer) Created new entity instance [org.frcpm.models.TeamMember(959666298601100)#38] : 1885746212
10:24:10.020 [main] DEBUG org.hibernate.orm.results - Extracted JDBC value [7] - [null]
10:24:10.020 [main] DEBUG org.hibernate.orm.results - Extracted JDBC value [1] - [tasktest@example.com]
10:24:10.020 [main] DEBUG org.hibernate.orm.results - Extracted JDBC value [2] - [Task]
10:24:10.020 [main] DEBUG org.hibernate.orm.results - Extracted JDBC value [3] - [Test]
10:24:10.020 [main] DEBUG org.hibernate.orm.results - Extracted JDBC value [4] - [false]
10:24:10.020 [main] DEBUG org.hibernate.orm.results - Extracted JDBC value [5] - [null]
10:24:10.020 [main] DEBUG org.hibernate.orm.results - Extracted JDBC value [6] - [null]
10:24:10.020 [main] DEBUG org.hibernate.orm.results - Extracted JDBC value [8] - [tasktestuser_1745594396071]
10:24:10.020 [main] DEBUG org.hibernate.orm.results.loading.entity - (EntityResultInitializer) Done materializing entityInstance : org.frcpm.models.TeamMember(959666298601100)#38
10:24:10.020 [main] DEBUG org.hibernate.orm.results.loading - Calling top-level assembler (0 / 1) : org.hibernate.sql.results.graph.entity.internal.EntityAssembler@4bf17184
10:24:10.020 [main] DEBUG org.hibernate.orm.results - Extracted JDBC value [0] - [39]
10:24:10.020 [main] DEBUG org.hibernate.orm.results.loading.entity - (EntityResultInitializer) Hydrated EntityKey (org.frcpm.models.TeamMember(959666298601100)): 39
10:24:10.020 [main] DEBUG org.hibernate.orm.results.loading.org.hibernate.orm.results.loading.collection - (DelayedCollectionInitializer) Current row collection key : org.frcpm.models.TeamMember(959666298601100).assignedTasks#39
10:24:10.021 [main] DEBUG org.hibernate.orm.results.loading.org.hibernate.orm.results.loading.collection - (DelayedCollectionInitializer) Current row collection key : org.frcpm.models.TeamMember(959666298601100).attendances#39
10:24:10.021 [main] DEBUG org.hibernate.orm.results.loading.entity - (EntityResultInitializer) Created new entity instance [org.frcpm.models.TeamMember(959666298601100)#39] : 403831180
10:24:10.021 [main] DEBUG org.hibernate.orm.results - Extracted JDBC value [7] - [null]
10:24:10.021 [main] DEBUG org.hibernate.orm.results - Extracted JDBC value [1] - [tasktest@example.com]
10:24:10.021 [main] DEBUG org.hibernate.orm.results - Extracted JDBC value [2] - [Task]
10:24:10.021 [main] DEBUG org.hibernate.orm.results - Extracted JDBC value [3] - [Test]
10:24:10.021 [main] DEBUG org.hibernate.orm.results - Extracted JDBC value [4] - [false]
10:24:10.021 [main] DEBUG org.hibernate.orm.results - Extracted JDBC value [5] - [null]
10:24:10.021 [main] DEBUG org.hibernate.orm.results - Extracted JDBC value [6] - [null]
10:24:10.021 [main] DEBUG org.hibernate.orm.results - Extracted JDBC value [8] - [tasktestuser_1745594396416]
10:24:10.021 [main] DEBUG org.hibernate.orm.results.loading.entity - (EntityResultInitializer) Done materializing entityInstance : org.frcpm.models.TeamMember(959666298601100)#39
10:24:10.021 [main] DEBUG org.hibernate.orm.results.loading - Calling top-level assembler (0 / 1) : org.hibernate.sql.results.graph.entity.internal.EntityAssembler@4bf17184
10:24:10.021 [main] DEBUG org.hibernate.orm.results - Extracted JDBC value [0] - [40]
10:24:10.021 [main] DEBUG org.hibernate.orm.results.loading.entity - (EntityResultInitializer) Hydrated EntityKey (org.frcpm.models.TeamMember(959666298601100)): 40
10:24:10.021 [main] DEBUG org.hibernate.orm.results.loading.org.hibernate.orm.results.loading.collection - (DelayedCollectionInitializer) Current row collection key : org.frcpm.models.TeamMember(959666298601100).assignedTasks#40
10:24:10.021 [main] DEBUG org.hibernate.orm.results.loading.org.hibernate.orm.results.loading.collection - (DelayedCollectionInitializer) Current row collection key : org.frcpm.models.TeamMember(959666298601100).attendances#40
10:24:10.021 [main] DEBUG org.hibernate.orm.results.loading.entity - (EntityResultInitializer) Created new entity instance [org.frcpm.models.TeamMember(959666298601100)#40] : 225149737
10:24:10.021 [main] DEBUG org.hibernate.orm.results - Extracted JDBC value [7] - [null]
10:24:10.021 [main] DEBUG org.hibernate.orm.results - Extracted JDBC value [1] - [tasktest@example.com]
10:24:10.021 [main] DEBUG org.hibernate.orm.results - Extracted JDBC value [2] - [Task]
10:24:10.021 [main] DEBUG org.hibernate.orm.results - Extracted JDBC value [3] - [Test]
10:24:10.021 [main] DEBUG org.hibernate.orm.results - Extracted JDBC value [4] - [false]
10:24:10.021 [main] DEBUG org.hibernate.orm.results - Extracted JDBC value [5] - [null]
10:24:10.021 [main] DEBUG org.hibernate.orm.results - Extracted JDBC value [6] - [null]
10:24:10.021 [main] DEBUG org.hibernate.orm.results - Extracted JDBC value [8] - [tasktestuser_1745594396762]
10:24:10.021 [main] DEBUG org.hibernate.orm.results.loading.entity - (EntityResultInitializer) Done materializing entityInstance : org.frcpm.models.TeamMember(959666298601100)#40
10:24:10.021 [main] DEBUG org.hibernate.orm.results.loading - Calling top-level assembler (0 / 1) : org.hibernate.sql.results.graph.entity.internal.EntityAssembler@4bf17184
10:24:10.021 [main] DEBUG org.hibernate.orm.results - Extracted JDBC value [0] - [41]
10:24:10.021 [main] DEBUG org.hibernate.orm.results.loading.entity - (EntityResultInitializer) Hydrated EntityKey (org.frcpm.models.TeamMember(959666298601100)): 41
10:24:10.021 [main] DEBUG org.hibernate.orm.results.loading.org.hibernate.orm.results.loading.collection - (DelayedCollectionInitializer) Current row collection key : org.frcpm.models.TeamMember(959666298601100).assignedTasks#41
10:24:10.021 [main] DEBUG org.hibernate.orm.results.loading.org.hibernate.orm.results.loading.collection - (DelayedCollectionInitializer) Current row collection key : org.frcpm.models.TeamMember(959666298601100).attendances#41
10:24:10.021 [main] DEBUG org.hibernate.orm.results.loading.entity - (EntityResultInitializer) Created new entity instance [org.frcpm.models.TeamMember(959666298601100)#41] : 966634153
10:24:10.021 [main] DEBUG org.hibernate.orm.results - Extracted JDBC value [7] - [null]
10:24:10.021 [main] DEBUG org.hibernate.orm.results - Extracted JDBC value [1] - [tasktest@example.com]
10:24:10.021 [main] DEBUG org.hibernate.orm.results - Extracted JDBC value [2] - [Task]
10:24:10.021 [main] DEBUG org.hibernate.orm.results - Extracted JDBC value [3] - [Test]
10:24:10.021 [main] DEBUG org.hibernate.orm.results - Extracted JDBC value [4] - [false]
10:24:10.021 [main] DEBUG org.hibernate.orm.results - Extracted JDBC value [5] - [null]
10:24:10.021 [main] DEBUG org.hibernate.orm.results - Extracted JDBC value [6] - [null]
10:24:10.021 [main] DEBUG org.hibernate.orm.results - Extracted JDBC value [8] - [tasktestuser_1745594397140]
10:24:10.021 [main] DEBUG org.hibernate.orm.results.loading.entity - (EntityResultInitializer) Done materializing entityInstance : org.frcpm.models.TeamMember(959666298601100)#41
10:24:10.021 [main] DEBUG org.hibernate.orm.results.loading - Calling top-level assembler (0 / 1) : org.hibernate.sql.results.graph.entity.internal.EntityAssembler@4bf17184
10:24:10.021 [main] DEBUG org.hibernate.orm.results - Extracted JDBC value [0] - [42]
10:24:10.021 [main] DEBUG org.hibernate.orm.results.loading.entity - (EntityResultInitializer) Hydrated EntityKey (org.frcpm.models.TeamMember(959666298601100)): 42
10:24:10.021 [main] DEBUG org.hibernate.orm.results.loading.org.hibernate.orm.results.loading.collection - (DelayedCollectionInitializer) Current row collection key : org.frcpm.models.TeamMember(959666298601100).assignedTasks#42
10:24:10.021 [main] DEBUG org.hibernate.orm.results.loading.org.hibernate.orm.results.loading.collection - (DelayedCollectionInitializer) Current row collection key : org.frcpm.models.TeamMember(959666298601100).attendances#42
10:24:10.021 [main] DEBUG org.hibernate.orm.results.loading.entity - (EntityResultInitializer) Created new entity instance [org.frcpm.models.TeamMember(959666298601100)#42] : 1555117379
10:24:10.021 [main] DEBUG org.hibernate.orm.results - Extracted JDBC value [7] - [null]
10:24:10.021 [main] DEBUG org.hibernate.orm.results - Extracted JDBC value [1] - [tasktest@example.com]
10:24:10.021 [main] DEBUG org.hibernate.orm.results - Extracted JDBC value [2] - [Task]
10:24:10.021 [main] DEBUG org.hibernate.orm.results - Extracted JDBC value [3] - [Test]
10:24:10.021 [main] DEBUG org.hibernate.orm.results - Extracted JDBC value [4] - [false]
10:24:10.021 [main] DEBUG org.hibernate.orm.results - Extracted JDBC value [5] - [null]
10:24:10.021 [main] DEBUG org.hibernate.orm.results - Extracted JDBC value [6] - [null]
10:24:10.021 [main] DEBUG org.hibernate.orm.results - Extracted JDBC value [8] - [tasktestuser_1745594397563]
10:24:10.021 [main] DEBUG org.hibernate.orm.results.loading.entity - (EntityResultInitializer) Done materializing entityInstance : org.frcpm.models.TeamMember(959666298601100)#42
10:24:10.021 [main] DEBUG org.hibernate.orm.results.loading - Calling top-level assembler (0 / 1) : org.hibernate.sql.results.graph.entity.internal.EntityAssembler@4bf17184
10:24:10.021 [main] DEBUG org.hibernate.orm.results - Extracted JDBC value [0] - [43]
10:24:10.021 [main] DEBUG org.hibernate.orm.results.loading.entity - (EntityResultInitializer) Hydrated EntityKey (org.frcpm.models.TeamMember(959666298601100)): 43
10:24:10.021 [main] DEBUG org.hibernate.orm.results.loading.org.hibernate.orm.results.loading.collection - (DelayedCollectionInitializer) Current row collection key : org.frcpm.models.TeamMember(959666298601100).assignedTasks#43
10:24:10.021 [main] DEBUG org.hibernate.orm.results.loading.org.hibernate.orm.results.loading.collection - (DelayedCollectionInitializer) Current row collection key : org.frcpm.models.TeamMember(959666298601100).attendances#43
10:24:10.021 [main] DEBUG org.hibernate.orm.results.loading.entity - (EntityResultInitializer) Created new entity instance [org.frcpm.models.TeamMember(959666298601100)#43] : 310388416
10:24:10.021 [main] DEBUG org.hibernate.orm.results - Extracted JDBC value [7] - [null]
10:24:10.021 [main] DEBUG org.hibernate.orm.results - Extracted JDBC value [1] - [tasktest@example.com]
10:24:10.021 [main] DEBUG org.hibernate.orm.results - Extracted JDBC value [2] - [Task]
10:24:10.021 [main] DEBUG org.hibernate.orm.results - Extracted JDBC value [3] - [Test]
10:24:10.021 [main] DEBUG org.hibernate.orm.results - Extracted JDBC value [4] - [false]
10:24:10.021 [main] DEBUG org.hibernate.orm.results - Extracted JDBC value [5] - [null]
10:24:10.021 [main] DEBUG org.hibernate.orm.results - Extracted JDBC value [6] - [null]
10:24:10.021 [main] DEBUG org.hibernate.orm.results - Extracted JDBC value [8] - [tasktestuser_1745594397906]
10:24:10.021 [main] DEBUG org.hibernate.orm.results.loading.entity - (EntityResultInitializer) Done materializing entityInstance : org.frcpm.models.TeamMember(959666298601100)#43
10:24:10.021 [main] DEBUG org.hibernate.orm.results.loading - Calling top-level assembler (0 / 1) : org.hibernate.sql.results.graph.entity.internal.EntityAssembler@4bf17184
10:24:10.021 [main] DEBUG org.hibernate.orm.results - Extracted JDBC value [0] - [44]
10:24:10.021 [main] DEBUG org.hibernate.orm.results.loading.entity - (EntityResultInitializer) Hydrated EntityKey (org.frcpm.models.TeamMember(959666298601100)): 44
10:24:10.021 [main] DEBUG org.hibernate.orm.results.loading.org.hibernate.orm.results.loading.collection - (DelayedCollectionInitializer) Current row collection key : org.frcpm.models.TeamMember(959666298601100).assignedTasks#44
10:24:10.021 [main] DEBUG org.hibernate.orm.results.loading.org.hibernate.orm.results.loading.collection - (DelayedCollectionInitializer) Current row collection key : org.frcpm.models.TeamMember(959666298601100).attendances#44
10:24:10.021 [main] DEBUG org.hibernate.orm.results.loading.entity - (EntityResultInitializer) Created new entity instance [org.frcpm.models.TeamMember(959666298601100)#44] : 1966919370
10:24:10.021 [main] DEBUG org.hibernate.orm.results - Extracted JDBC value [7] - [null]
10:24:10.021 [main] DEBUG org.hibernate.orm.results - Extracted JDBC value [1] - [tasktest@example.com]
10:24:10.021 [main] DEBUG org.hibernate.orm.results - Extracted JDBC value [2] - [Task]
10:24:10.021 [main] DEBUG org.hibernate.orm.results - Extracted JDBC value [3] - [Test]
10:24:10.021 [main] DEBUG org.hibernate.orm.results - Extracted JDBC value [4] - [false]
10:24:10.021 [main] DEBUG org.hibernate.orm.results - Extracted JDBC value [5] - [null]
10:24:10.021 [main] DEBUG org.hibernate.orm.results - Extracted JDBC value [6] - [null]
10:24:10.021 [main] DEBUG org.hibernate.orm.results - Extracted JDBC value [8] - [tasktestuser_1745594398275]
10:24:10.021 [main] DEBUG org.hibernate.orm.results.loading.entity - (EntityResultInitializer) Done materializing entityInstance : org.frcpm.models.TeamMember(959666298601100)#44
10:24:10.021 [main] DEBUG org.hibernate.orm.results.loading - Calling top-level assembler (0 / 1) : org.hibernate.sql.results.graph.entity.internal.EntityAssembler@4bf17184
10:24:10.021 [main] DEBUG org.hibernate.orm.results - Extracted JDBC value [0] - [45]
10:24:10.021 [main] DEBUG org.hibernate.orm.results.loading.entity - (EntityResultInitializer) Hydrated EntityKey (org.frcpm.models.TeamMember(959666298601100)): 45
10:24:10.021 [main] DEBUG org.hibernate.orm.results.loading.org.hibernate.orm.results.loading.collection - (DelayedCollectionInitializer) Current row collection key : org.frcpm.models.TeamMember(959666298601100).assignedTasks#45
10:24:10.021 [main] DEBUG org.hibernate.orm.results.loading.org.hibernate.orm.results.loading.collection - (DelayedCollectionInitializer) Current row collection key : org.frcpm.models.TeamMember(959666298601100).attendances#45
10:24:10.021 [main] DEBUG org.hibernate.orm.results.loading.entity - (EntityResultInitializer) Created new entity instance [org.frcpm.models.TeamMember(959666298601100)#45] : 1308098072
10:24:10.022 [main] DEBUG org.hibernate.orm.results - Extracted JDBC value [7] - [null]
10:24:10.022 [main] DEBUG org.hibernate.orm.results - Extracted JDBC value [1] - [tasktest@example.com]
10:24:10.022 [main] DEBUG org.hibernate.orm.results - Extracted JDBC value [2] - [Task]
10:24:10.022 [main] DEBUG org.hibernate.orm.results - Extracted JDBC value [3] - [Test]
10:24:10.022 [main] DEBUG org.hibernate.orm.results - Extracted JDBC value [4] - [false]
10:24:10.022 [main] DEBUG org.hibernate.orm.results - Extracted JDBC value [5] - [null]
10:24:10.022 [main] DEBUG org.hibernate.orm.results - Extracted JDBC value [6] - [null]
10:24:10.022 [main] DEBUG org.hibernate.orm.results - Extracted JDBC value [8] - [tasktestuser_1745594398667]
10:24:10.022 [main] DEBUG org.hibernate.orm.results.loading.entity - (EntityResultInitializer) Done materializing entityInstance : org.frcpm.models.TeamMember(959666298601100)#45
10:24:10.022 [main] DEBUG org.hibernate.orm.results.loading - Calling top-level assembler (0 / 1) : org.hibernate.sql.results.graph.entity.internal.EntityAssembler@4bf17184
10:24:10.022 [main] DEBUG org.hibernate.orm.results - Extracted JDBC value [0] - [46]
10:24:10.022 [main] DEBUG org.hibernate.orm.results.loading.entity - (EntityResultInitializer) Hydrated EntityKey (org.frcpm.models.TeamMember(959666298601100)): 46
10:24:10.022 [main] DEBUG org.hibernate.orm.results.loading.org.hibernate.orm.results.loading.collection - (DelayedCollectionInitializer) Current row collection key : org.frcpm.models.TeamMember(959666298601100).assignedTasks#46
10:24:10.022 [main] DEBUG org.hibernate.orm.results.loading.org.hibernate.orm.results.loading.collection - (DelayedCollectionInitializer) Current row collection key : org.frcpm.models.TeamMember(959666298601100).attendances#46
10:24:10.022 [main] DEBUG org.hibernate.orm.results.loading.entity - (EntityResultInitializer) Created new entity instance [org.frcpm.models.TeamMember(959666298601100)#46] : 406338036
10:24:10.022 [main] DEBUG org.hibernate.orm.results - Extracted JDBC value [7] - [null]
10:24:10.022 [main] DEBUG org.hibernate.orm.results - Extracted JDBC value [1] - [tasktest@example.com]
10:24:10.022 [main] DEBUG org.hibernate.orm.results - Extracted JDBC value [2] - [Task]
10:24:10.022 [main] DEBUG org.hibernate.orm.results - Extracted JDBC value [3] - [Test]
10:24:10.022 [main] DEBUG org.hibernate.orm.results - Extracted JDBC value [4] - [false]
10:24:10.022 [main] DEBUG org.hibernate.orm.results - Extracted JDBC value [5] - [null]
10:24:10.022 [main] DEBUG org.hibernate.orm.results - Extracted JDBC value [6] - [null]
10:24:10.022 [main] DEBUG org.hibernate.orm.results - Extracted JDBC value [8] - [tasktestuser_1745594399126]
10:24:10.022 [main] DEBUG org.hibernate.orm.results.loading.entity - (EntityResultInitializer) Done materializing entityInstance : org.frcpm.models.TeamMember(959666298601100)#46
10:24:10.022 [main] DEBUG org.hibernate.orm.results.loading - Calling top-level assembler (0 / 1) : org.hibernate.sql.results.graph.entity.internal.EntityAssembler@4bf17184
10:24:10.022 [main] DEBUG org.hibernate.orm.results - Extracted JDBC value [0] - [47]
10:24:10.022 [main] DEBUG org.hibernate.orm.results.loading.entity - (EntityResultInitializer) Hydrated EntityKey (org.frcpm.models.TeamMember(959666298601100)): 47
10:24:10.022 [main] DEBUG org.hibernate.orm.results.loading.org.hibernate.orm.results.loading.collection - (DelayedCollectionInitializer) Current row collection key : org.frcpm.models.TeamMember(959666298601100).assignedTasks#47
10:24:10.022 [main] DEBUG org.hibernate.orm.results.loading.org.hibernate.orm.results.loading.collection - (DelayedCollectionInitializer) Current row collection key : org.frcpm.models.TeamMember(959666298601100).attendances#47
10:24:10.022 [main] DEBUG org.hibernate.orm.results.loading.entity - (EntityResultInitializer) Created new entity instance [org.frcpm.models.TeamMember(959666298601100)#47] : 1252981710
10:24:10.022 [main] DEBUG org.hibernate.orm.results - Extracted JDBC value [7] - [null]
10:24:10.022 [main] DEBUG org.hibernate.orm.results - Extracted JDBC value [1] - [tasktest@example.com]
10:24:10.022 [main] DEBUG org.hibernate.orm.results - Extracted JDBC value [2] - [Task]
10:24:10.022 [main] DEBUG org.hibernate.orm.results - Extracted JDBC value [3] - [Test]
10:24:10.022 [main] DEBUG org.hibernate.orm.results - Extracted JDBC value [4] - [false]
10:24:10.022 [main] DEBUG org.hibernate.orm.results - Extracted JDBC value [5] - [null]
10:24:10.022 [main] DEBUG org.hibernate.orm.results - Extracted JDBC value [6] - [null]
10:24:10.022 [main] DEBUG org.hibernate.orm.results - Extracted JDBC value [8] - [tasktestuser_1745594399532]
10:24:10.022 [main] DEBUG org.hibernate.orm.results.loading.entity - (EntityResultInitializer) Done materializing entityInstance : org.frcpm.models.TeamMember(959666298601100)#47
10:24:10.022 [main] DEBUG org.hibernate.orm.results.loading - Calling top-level assembler (0 / 1) : org.hibernate.sql.results.graph.entity.internal.EntityAssembler@4bf17184
10:24:10.022 [main] DEBUG org.hibernate.orm.results - Extracted JDBC value [0] - [48]
10:24:10.022 [main] DEBUG org.hibernate.orm.results.loading.entity - (EntityResultInitializer) Hydrated EntityKey (org.frcpm.models.TeamMember(959666298601100)): 48
10:24:10.022 [main] DEBUG org.hibernate.orm.results.loading.org.hibernate.orm.results.loading.collection - (DelayedCollectionInitializer) Current row collection key : org.frcpm.models.TeamMember(959666298601100).assignedTasks#48
10:24:10.022 [main] DEBUG org.hibernate.orm.results.loading.org.hibernate.orm.results.loading.collection - (DelayedCollectionInitializer) Current row collection key : org.frcpm.models.TeamMember(959666298601100).attendances#48
10:24:10.022 [main] DEBUG org.hibernate.orm.results.loading.entity - (EntityResultInitializer) Created new entity instance [org.frcpm.models.TeamMember(959666298601100)#48] : 1220392443
10:24:10.022 [main] DEBUG org.hibernate.orm.results - Extracted JDBC value [7] - [null]
10:24:10.022 [main] DEBUG org.hibernate.orm.results - Extracted JDBC value [1] - [tasktest@example.com]
10:24:10.022 [main] DEBUG org.hibernate.orm.results - Extracted JDBC value [2] - [Task]
10:24:10.022 [main] DEBUG org.hibernate.orm.results - Extracted JDBC value [3] - [Test]
10:24:10.022 [main] DEBUG org.hibernate.orm.results - Extracted JDBC value [4] - [false]
10:24:10.022 [main] DEBUG org.hibernate.orm.results - Extracted JDBC value [5] - [null]
10:24:10.022 [main] DEBUG org.hibernate.orm.results - Extracted JDBC value [6] - [null]
10:24:10.022 [main] DEBUG org.hibernate.orm.results - Extracted JDBC value [8] - [tasktestuser_1745594400014]
10:24:10.022 [main] DEBUG org.hibernate.orm.results.loading.entity - (EntityResultInitializer) Done materializing entityInstance : org.frcpm.models.TeamMember(959666298601100)#48
10:24:10.022 [main] DEBUG org.hibernate.orm.results.loading - Calling top-level assembler (0 / 1) : org.hibernate.sql.results.graph.entity.internal.EntityAssembler@4bf17184
10:24:10.022 [main] DEBUG org.hibernate.orm.results - Extracted JDBC value [0] - [53]
10:24:10.022 [main] DEBUG org.hibernate.orm.results.loading.entity - (EntityResultInitializer) Hydrated EntityKey (org.frcpm.models.TeamMember(959666298601100)): 53
10:24:10.023 [main] DEBUG org.hibernate.orm.results.loading.org.hibernate.orm.results.loading.collection - (DelayedCollectionInitializer) Current row collection key : org.frcpm.models.TeamMember(959666298601100).assignedTasks#53
10:24:10.023 [main] DEBUG org.hibernate.orm.results.loading.org.hibernate.orm.results.loading.collection - (DelayedCollectionInitializer) Current row collection key : org.frcpm.models.TeamMember(959666298601100).attendances#53
10:24:10.023 [main] DEBUG org.hibernate.orm.results.loading.entity - (EntityResultInitializer) Created new entity instance [org.frcpm.models.TeamMember(959666298601100)#53] : 2021412563
10:24:10.023 [main] DEBUG org.hibernate.orm.results - Extracted JDBC value [7] - [null]
10:24:10.023 [main] DEBUG org.hibernate.orm.results - Extracted JDBC value [1] - [testcount@example.com]
10:24:10.023 [main] DEBUG org.hibernate.orm.results - Extracted JDBC value [2] - [Test]
10:24:10.023 [main] DEBUG org.hibernate.orm.results - Extracted JDBC value [3] - [Count]
10:24:10.023 [main] DEBUG org.hibernate.orm.results - Extracted JDBC value [4] - [false]
10:24:10.023 [main] DEBUG org.hibernate.orm.results - Extracted JDBC value [5] - [null]
10:24:10.023 [main] DEBUG org.hibernate.orm.results - Extracted JDBC value [6] - [null]
10:24:10.023 [main] DEBUG org.hibernate.orm.results - Extracted JDBC value [8] - [testcount]
10:24:10.023 [main] DEBUG org.hibernate.orm.results.loading.entity - (EntityResultInitializer) Done materializing entityInstance : org.frcpm.models.TeamMember(959666298601100)#53
10:24:10.023 [main] DEBUG org.hibernate.orm.results.loading - Calling top-level assembler (0 / 1) : org.hibernate.sql.results.graph.entity.internal.EntityAssembler@4bf17184
10:24:10.023 [main] DEBUG org.hibernate.orm.results - Extracted JDBC value [0] - [56]
10:24:10.023 [main] DEBUG org.hibernate.orm.results.loading.entity - (EntityResultInitializer) Hydrated EntityKey (org.frcpm.models.TeamMember(959666298601100)): 56
10:24:10.023 [main] DEBUG org.hibernate.orm.results.loading.org.hibernate.orm.results.loading.collection - (DelayedCollectionInitializer) Current row collection key : org.frcpm.models.TeamMember(959666298601100).assignedTasks#56
10:24:10.023 [main] DEBUG org.hibernate.orm.results.loading.org.hibernate.orm.results.loading.collection - (DelayedCollectionInitializer) Current row collection key : org.frcpm.models.TeamMember(959666298601100).attendances#56
10:24:10.023 [main] DEBUG org.hibernate.orm.results.loading.entity - (EntityResultInitializer) Created new entity instance [org.frcpm.models.TeamMember(959666298601100)#56] : 1283526188
10:24:10.023 [main] DEBUG org.hibernate.orm.results - Extracted JDBC value [7] - [null]
10:24:10.023 [main] DEBUG org.hibernate.orm.results - Extracted JDBC value [1] - [testsave@example.com]
10:24:10.023 [main] DEBUG org.hibernate.orm.results - Extracted JDBC value [2] - [Test]
10:24:10.023 [main] DEBUG org.hibernate.orm.results - Extracted JDBC value [3] - [Save]
10:24:10.023 [main] DEBUG org.hibernate.orm.results - Extracted JDBC value [4] - [false]
10:24:10.023 [main] DEBUG org.hibernate.orm.results - Extracted JDBC value [5] - [555-SAVE]
10:24:10.023 [main] DEBUG org.hibernate.orm.results - Extracted JDBC value [6] - [Testing]
10:24:10.023 [main] DEBUG org.hibernate.orm.results - Extracted JDBC value [8] - [testsave]
10:24:10.023 [main] DEBUG org.hibernate.orm.results.loading.entity - (EntityResultInitializer) Done materializing entityInstance : org.frcpm.models.TeamMember(959666298601100)#56
10:24:10.023 [main] DEBUG org.hibernate.orm.results.loading - Calling top-level assembler (0 / 1) : org.hibernate.sql.results.graph.entity.internal.EntityAssembler@4bf17184
10:24:10.023 [main] DEBUG org.hibernate.orm.results - Extracted JDBC value [0] - [77]
10:24:10.023 [main] DEBUG org.hibernate.orm.results.loading.entity - (EntityResultInitializer) Hydrated EntityKey (org.frcpm.models.TeamMember(959666298601100)): 77
10:24:10.023 [main] DEBUG org.hibernate.orm.results.loading.org.hibernate.orm.results.loading.collection - (DelayedCollectionInitializer) Current row collection key : org.frcpm.models.TeamMember(959666298601100).assignedTasks#77
10:24:10.023 [main] DEBUG org.hibernate.orm.results.loading.org.hibernate.orm.results.loading.collection - (DelayedCollectionInitializer) Current row collection key : org.frcpm.models.TeamMember(959666298601100).attendances#77
10:24:10.023 [main] DEBUG org.hibernate.orm.results.loading.entity - (EntityResultInitializer) Created new entity instance [org.frcpm.models.TeamMember(959666298601100)#77] : 1934006416
10:24:10.023 [main] DEBUG org.hibernate.orm.results - Extracted JDBC value [7] - [null]
10:24:10.023 [main] DEBUG org.hibernate.orm.results - Extracted JDBC value [1] - [testupdate@example.com]
10:24:10.023 [main] DEBUG org.hibernate.orm.results - Extracted JDBC value [2] - [Updated]
10:24:10.023 [main] DEBUG org.hibernate.orm.results - Extracted JDBC value [3] - [Update]
10:24:10.023 [main] DEBUG org.hibernate.orm.results - Extracted JDBC value [4] - [false]
10:24:10.023 [main] DEBUG org.hibernate.orm.results - Extracted JDBC value [5] - [null]
10:24:10.023 [main] DEBUG org.hibernate.orm.results - Extracted JDBC value [6] - [Updated Skills]
10:24:10.023 [main] DEBUG org.hibernate.orm.results - Extracted JDBC value [8] - [testupdate]
10:24:10.023 [main] DEBUG org.hibernate.orm.results.loading.entity - (EntityResultInitializer) Done materializing entityInstance : org.frcpm.models.TeamMember(959666298601100)#77
10:24:10.023 [main] DEBUG org.hibernate.orm.results.loading - Calling top-level assembler (0 / 1) : org.hibernate.sql.results.graph.entity.internal.EntityAssembler@4bf17184
10:24:10.023 [main] DEBUG org.hibernate.orm.results - Extracted JDBC value [0] - [84]
10:24:10.023 [main] DEBUG org.hibernate.orm.results.loading.entity - (EntityResultInitializer) Hydrated EntityKey (org.frcpm.models.TeamMember(959666298601100)): 84
10:24:10.023 [main] DEBUG org.hibernate.orm.results.loading.org.hibernate.orm.results.loading.collection - (DelayedCollectionInitializer) Current row collection key : org.frcpm.models.TeamMember(959666298601100).assignedTasks#84
10:24:10.023 [main] DEBUG org.hibernate.orm.results.loading.org.hibernate.orm.results.loading.collection - (DelayedCollectionInitializer) Current row collection key : org.frcpm.models.TeamMember(959666298601100).attendances#84
10:24:10.023 [main] DEBUG org.hibernate.orm.results.loading.entity - (EntityResultInitializer) Created new entity instance [org.frcpm.models.TeamMember(959666298601100)#84] : 1498328115
10:24:10.023 [main] DEBUG org.hibernate.orm.results - Extracted JDBC value [7] - [null]
10:24:10.023 [main] DEBUG org.hibernate.orm.results - Extracted JDBC value [1] - [attendance3@example.com]
10:24:10.023 [main] DEBUG org.hibernate.orm.results - Extracted JDBC value [2] - [Attendance]
10:24:10.023 [main] DEBUG org.hibernate.orm.results - Extracted JDBC value [3] - [Test3]
10:24:10.024 [main] DEBUG org.hibernate.orm.results - Extracted JDBC value [4] - [false]
10:24:10.024 [main] DEBUG org.hibernate.orm.results - Extracted JDBC value [5] - [555-9012]
10:24:10.024 [main] DEBUG org.hibernate.orm.results - Extracted JDBC value [6] - [null]
10:24:10.024 [main] DEBUG org.hibernate.orm.results - Extracted JDBC value [8] - [attendancetest3]
10:24:10.024 [main] DEBUG org.hibernate.orm.results.loading.entity - (EntityResultInitializer) Done materializing entityInstance : org.frcpm.models.TeamMember(959666298601100)#84
10:24:10.024 [main] DEBUG org.hibernate.orm.results.loading - Calling top-level assembler (0 / 1) : org.hibernate.sql.results.graph.entity.internal.EntityAssembler@4bf17184
10:24:10.024 [main] DEBUG org.hibernate.resource.jdbc.internal.LogicalConnectionManagedImpl - Initiating JDBC connection release from afterTransaction
10:24:10.024 [main] DEBUG org.hibernate.resource.jdbc.internal.LogicalConnectionManagedImpl - Initiating JDBC connection release from afterTransaction
10:24:10.025 [main] DEBUG org.hibernate.orm.sql.ast.create - Created new SQL alias : s1_0
10:24:10.025 [main] DEBUG org.hibernate.orm.sql.ast.create - Registration of TableGroup [StandardTableGroup(org.frcpm.models.Subteam(959666311639000))] with identifierForTableGroup [org.frcpm.models.Subteam] for NavigablePath [org.frcpm.models.Subteam] 
10:24:10.025 [main] DEBUG org.hibernate.orm.results.graph.AST - DomainResult Graph:
 \-EntityResultImpl [org.frcpm.models.Subteam(959666311639000)]
 |  +-BasicFetch [org.frcpm.models.Subteam(959666311639000).colorCode]
 |  +-DelayedCollectionFetch [org.frcpm.models.Subteam(959666311639000).members]
 |  +-BasicFetch [org.frcpm.models.Subteam(959666311639000).name]
 |  +-BasicFetch [org.frcpm.models.Subteam(959666311639000).specialties]
 |  \-DelayedCollectionFetch [org.frcpm.models.Subteam(959666311639000).subsystems]

10:24:10.025 [main] DEBUG org.hibernate.orm.sql.ast.tree - SQL AST Tree:
    SelectStatement {
      FromClause {
        StandardTableGroup (s1 : org.frcpm.models.Subteam(959666311639000)) {
          primaryTableReference : subteams as s1_0
        }
      }
    }

10:24:10.026 [main] DEBUG org.hibernate.orm.sql.exec - Skipping reading Query result cache data: cache-enabled = false, cache-mode = NORMAL
10:24:10.026 [main] DEBUG org.hibernate.orm.results - Initializer list:
	  org.frcpm.models.Subteam(959666311639000).subsystems -> DelayedCollectionInitializer(org.frcpm.models.Subteam(959666311639000).subsystems)@1352147528 (PluralAttribute(org.frcpm.models.Subteam.subsystems))
	  org.frcpm.models.Subteam(959666311639000).members -> DelayedCollectionInitializer(org.frcpm.models.Subteam(959666311639000).members)@1551285237 (PluralAttribute(org.frcpm.models.Subteam.members))
	  org.frcpm.models.Subteam(959666311639000) -> EntityResultInitializer(org.frcpm.models.Subteam(959666311639000))@291802476 (SingleTableEntityPersister(org.frcpm.models.Subteam))

10:24:10.026 [main] DEBUG org.hibernate.SQL - select s1_0.id,s1_0.color_code,s1_0.name,s1_0.specialties from subteams s1_0
10:24:10.027 [main] DEBUG org.hibernate.orm.results - Extracted JDBC value [0] - [1]
10:24:10.027 [main] DEBUG org.hibernate.orm.results.loading.entity - (EntityResultInitializer) Hydrated EntityKey (org.frcpm.models.Subteam(959666311639000)): 1
10:24:10.027 [main] DEBUG org.hibernate.orm.results.loading.org.hibernate.orm.results.loading.collection - (DelayedCollectionInitializer) Current row collection key : org.frcpm.models.Subteam(959666311639000).members#1
10:24:10.027 [main] DEBUG org.hibernate.orm.results.loading.org.hibernate.orm.results.loading.collection - (DelayedCollectionInitializer) Current row collection key : org.frcpm.models.Subteam(959666311639000).subsystems#1
10:24:10.027 [main] DEBUG org.hibernate.orm.results.loading.entity - (EntityResultInitializer) Created new entity instance [org.frcpm.models.Subteam(959666311639000)#1] : 1306906931
10:24:10.027 [main] DEBUG org.hibernate.orm.results - Extracted JDBC value [1] - [#FF5733]
10:24:10.027 [main] DEBUG org.hibernate.orm.results - Extracted JDBC value [2] - [Mechanical]
10:24:10.027 [main] DEBUG org.hibernate.orm.results - Extracted JDBC value [3] - [Design, CAD, Fabrication, Assembly]
10:24:10.027 [main] DEBUG org.hibernate.orm.results.loading.entity - (EntityResultInitializer) Done materializing entityInstance : org.frcpm.models.Subteam(959666311639000)#1
10:24:10.027 [main] DEBUG org.hibernate.orm.results.loading - Calling top-level assembler (0 / 1) : org.hibernate.sql.results.graph.entity.internal.EntityAssembler@36fedb2b
10:24:10.027 [main] DEBUG org.hibernate.orm.results - Extracted JDBC value [0] - [2]
10:24:10.027 [main] DEBUG org.hibernate.orm.results.loading.entity - (EntityResultInitializer) Hydrated EntityKey (org.frcpm.models.Subteam(959666311639000)): 2
10:24:10.027 [main] DEBUG org.hibernate.orm.results.loading.org.hibernate.orm.results.loading.collection - (DelayedCollectionInitializer) Current row collection key : org.frcpm.models.Subteam(959666311639000).members#2
10:24:10.027 [main] DEBUG org.hibernate.orm.results.loading.org.hibernate.orm.results.loading.collection - (DelayedCollectionInitializer) Current row collection key : org.frcpm.models.Subteam(959666311639000).subsystems#2
10:24:10.027 [main] DEBUG org.hibernate.orm.results.loading.entity - (EntityResultInitializer) Created new entity instance [org.frcpm.models.Subteam(959666311639000)#2] : 1433528462
10:24:10.027 [main] DEBUG org.hibernate.orm.results - Extracted JDBC value [1] - [#33A8FF]
10:24:10.027 [main] DEBUG org.hibernate.orm.results - Extracted JDBC value [2] - [Electrical]
10:24:10.027 [main] DEBUG org.hibernate.orm.results - Extracted JDBC value [3] - [Wiring, Electronics, Sensors, Power Systems]
10:24:10.027 [main] DEBUG org.hibernate.orm.results.loading.entity - (EntityResultInitializer) Done materializing entityInstance : org.frcpm.models.Subteam(959666311639000)#2
10:24:10.027 [main] DEBUG org.hibernate.orm.results.loading - Calling top-level assembler (0 / 1) : org.hibernate.sql.results.graph.entity.internal.EntityAssembler@36fedb2b
10:24:10.027 [main] DEBUG org.hibernate.orm.results - Extracted JDBC value [0] - [3]
10:24:10.027 [main] DEBUG org.hibernate.orm.results.loading.entity - (EntityResultInitializer) Hydrated EntityKey (org.frcpm.models.Subteam(959666311639000)): 3
10:24:10.027 [main] DEBUG org.hibernate.orm.results.loading.org.hibernate.orm.results.loading.collection - (DelayedCollectionInitializer) Current row collection key : org.frcpm.models.Subteam(959666311639000).members#3
10:24:10.027 [main] DEBUG org.hibernate.orm.results.loading.org.hibernate.orm.results.loading.collection - (DelayedCollectionInitializer) Current row collection key : org.frcpm.models.Subteam(959666311639000).subsystems#3
10:24:10.027 [main] DEBUG org.hibernate.orm.results.loading.entity - (EntityResultInitializer) Created new entity instance [org.frcpm.models.Subteam(959666311639000)#3] : 1524475288
10:24:10.027 [main] DEBUG org.hibernate.orm.results - Extracted JDBC value [1] - [#33FF57]
10:24:10.027 [main] DEBUG org.hibernate.orm.results - Extracted JDBC value [2] - [Programming]
10:24:10.028 [main] DEBUG org.hibernate.orm.results - Extracted JDBC value [3] - [Java, Vision, Control Systems, Autonomous]
10:24:10.028 [main] DEBUG org.hibernate.orm.results.loading.entity - (EntityResultInitializer) Done materializing entityInstance : org.frcpm.models.Subteam(959666311639000)#3
10:24:10.028 [main] DEBUG org.hibernate.orm.results.loading - Calling top-level assembler (0 / 1) : org.hibernate.sql.results.graph.entity.internal.EntityAssembler@36fedb2b
10:24:10.028 [main] DEBUG org.hibernate.orm.results - Extracted JDBC value [0] - [4]
10:24:10.028 [main] DEBUG org.hibernate.orm.results.loading.entity - (EntityResultInitializer) Hydrated EntityKey (org.frcpm.models.Subteam(959666311639000)): 4
10:24:10.028 [main] DEBUG org.hibernate.orm.results.loading.org.hibernate.orm.results.loading.collection - (DelayedCollectionInitializer) Current row collection key : org.frcpm.models.Subteam(959666311639000).members#4
10:24:10.028 [main] DEBUG org.hibernate.orm.results.loading.org.hibernate.orm.results.loading.collection - (DelayedCollectionInitializer) Current row collection key : org.frcpm.models.Subteam(959666311639000).subsystems#4
10:24:10.028 [main] DEBUG org.hibernate.orm.results.loading.entity - (EntityResultInitializer) Created new entity instance [org.frcpm.models.Subteam(959666311639000)#4] : 1740134102
10:24:10.028 [main] DEBUG org.hibernate.orm.results - Extracted JDBC value [1] - [#FF33A8]
10:24:10.028 [main] DEBUG org.hibernate.orm.results - Extracted JDBC value [2] - [Business]
10:24:10.028 [main] DEBUG org.hibernate.orm.results - Extracted JDBC value [3] - [Fundraising, Marketing, Outreach, Awards]
10:24:10.028 [main] DEBUG org.hibernate.orm.results.loading.entity - (EntityResultInitializer) Done materializing entityInstance : org.frcpm.models.Subteam(959666311639000)#4
10:24:10.028 [main] DEBUG org.hibernate.orm.results.loading - Calling top-level assembler (0 / 1) : org.hibernate.sql.results.graph.entity.internal.EntityAssembler@36fedb2b
10:24:10.028 [main] DEBUG org.hibernate.orm.results - Extracted JDBC value [0] - [24]
10:24:10.028 [main] DEBUG org.hibernate.orm.results.loading.entity - (EntityResultInitializer) Hydrated EntityKey (org.frcpm.models.Subteam(959666311639000)): 24
10:24:10.028 [main] DEBUG org.hibernate.orm.results.loading.org.hibernate.orm.results.loading.collection - (DelayedCollectionInitializer) Current row collection key : org.frcpm.models.Subteam(959666311639000).members#24
10:24:10.028 [main] DEBUG org.hibernate.orm.results.loading.org.hibernate.orm.results.loading.collection - (DelayedCollectionInitializer) Current row collection key : org.frcpm.models.Subteam(959666311639000).subsystems#24
10:24:10.028 [main] DEBUG org.hibernate.orm.results.loading.entity - (EntityResultInitializer) Created new entity instance [org.frcpm.models.Subteam(959666311639000)#24] : 871088597
10:24:10.028 [main] DEBUG org.hibernate.orm.results - Extracted JDBC value [1] - [#0000FF]
10:24:10.028 [main] DEBUG org.hibernate.orm.results - Extracted JDBC value [2] - [Test Count Subteam]
10:24:10.028 [main] DEBUG org.hibernate.orm.results - Extracted JDBC value [3] - [null]
10:24:10.028 [main] DEBUG org.hibernate.orm.results.loading.entity - (EntityResultInitializer) Done materializing entityInstance : org.frcpm.models.Subteam(959666311639000)#24
10:24:10.028 [main] DEBUG org.hibernate.orm.results.loading - Calling top-level assembler (0 / 1) : org.hibernate.sql.results.graph.entity.internal.EntityAssembler@36fedb2b
10:24:10.028 [main] DEBUG org.hibernate.orm.results - Extracted JDBC value [0] - [27]
10:24:10.028 [main] DEBUG org.hibernate.orm.results.loading.entity - (EntityResultInitializer) Hydrated EntityKey (org.frcpm.models.Subteam(959666311639000)): 27
10:24:10.028 [main] DEBUG org.hibernate.orm.results.loading.org.hibernate.orm.results.loading.collection - (DelayedCollectionInitializer) Current row collection key : org.frcpm.models.Subteam(959666311639000).members#27
10:24:10.028 [main] DEBUG org.hibernate.orm.results.loading.org.hibernate.orm.results.loading.collection - (DelayedCollectionInitializer) Current row collection key : org.frcpm.models.Subteam(959666311639000).subsystems#27
10:24:10.028 [main] DEBUG org.hibernate.orm.results.loading.entity - (EntityResultInitializer) Created new entity instance [org.frcpm.models.Subteam(959666311639000)#27] : 1650719145
10:24:10.028 [main] DEBUG org.hibernate.orm.results - Extracted JDBC value [1] - [#0000FF]
10:24:10.028 [main] DEBUG org.hibernate.orm.results - Extracted JDBC value [2] - [Test Save Subteam]
10:24:10.028 [main] DEBUG org.hibernate.orm.results - Extracted JDBC value [3] - [Testing]
10:24:10.028 [main] DEBUG org.hibernate.orm.results.loading.entity - (EntityResultInitializer) Done materializing entityInstance : org.frcpm.models.Subteam(959666311639000)#27
10:24:10.028 [main] DEBUG org.hibernate.orm.results.loading - Calling top-level assembler (0 / 1) : org.hibernate.sql.results.graph.entity.internal.EntityAssembler@36fedb2b
10:24:10.028 [main] DEBUG org.hibernate.orm.results - Extracted JDBC value [0] - [42]
10:24:10.028 [main] DEBUG org.hibernate.orm.results.loading.entity - (EntityResultInitializer) Hydrated EntityKey (org.frcpm.models.Subteam(959666311639000)): 42
10:24:10.028 [main] DEBUG org.hibernate.orm.results.loading.org.hibernate.orm.results.loading.collection - (DelayedCollectionInitializer) Current row collection key : org.frcpm.models.Subteam(959666311639000).members#42
10:24:10.028 [main] DEBUG org.hibernate.orm.results.loading.org.hibernate.orm.results.loading.collection - (DelayedCollectionInitializer) Current row collection key : org.frcpm.models.Subteam(959666311639000).subsystems#42
10:24:10.028 [main] DEBUG org.hibernate.orm.results.loading.entity - (EntityResultInitializer) Created new entity instance [org.frcpm.models.Subteam(959666311639000)#42] : 1479741538
10:24:10.028 [main] DEBUG org.hibernate.orm.results - Extracted JDBC value [1] - [#00FFFF]
10:24:10.028 [main] DEBUG org.hibernate.orm.results - Extracted JDBC value [2] - [Updated Subteam Name]
10:24:10.028 [main] DEBUG org.hibernate.orm.results - Extracted JDBC value [3] - [null]
10:24:10.028 [main] DEBUG org.hibernate.orm.results.loading.entity - (EntityResultInitializer) Done materializing entityInstance : org.frcpm.models.Subteam(959666311639000)#42
10:24:10.028 [main] DEBUG org.hibernate.orm.results.loading - Calling top-level assembler (0 / 1) : org.hibernate.sql.results.graph.entity.internal.EntityAssembler@36fedb2b
10:24:10.028 [main] DEBUG org.hibernate.orm.results - Extracted JDBC value [0] - [67]
10:24:10.028 [main] DEBUG org.hibernate.orm.results.loading.entity - (EntityResultInitializer) Hydrated EntityKey (org.frcpm.models.Subteam(959666311639000)): 67
10:24:10.028 [main] DEBUG org.hibernate.orm.results.loading.org.hibernate.orm.results.loading.collection - (DelayedCollectionInitializer) Current row collection key : org.frcpm.models.Subteam(959666311639000).members#67
10:24:10.028 [main] DEBUG org.hibernate.orm.results.loading.org.hibernate.orm.results.loading.collection - (DelayedCollectionInitializer) Current row collection key : org.frcpm.models.Subteam(959666311639000).subsystems#67
10:24:10.028 [main] DEBUG org.hibernate.orm.results.loading.entity - (EntityResultInitializer) Created new entity instance [org.frcpm.models.Subteam(959666311639000)#67] : 1813423098
10:24:10.029 [main] DEBUG org.hibernate.orm.results - Extracted JDBC value [1] - [#0000FF]
10:24:10.029 [main] DEBUG org.hibernate.orm.results - Extracted JDBC value [2] - [Test Create Service Subteam]
10:24:10.029 [main] DEBUG org.hibernate.orm.results - Extracted JDBC value [3] - [Testing, Quality Assurance]
10:24:10.029 [main] DEBUG org.hibernate.orm.results.loading.entity - (EntityResultInitializer) Done materializing entityInstance : org.frcpm.models.Subteam(959666311639000)#67
10:24:10.029 [main] DEBUG org.hibernate.orm.results.loading - Calling top-level assembler (0 / 1) : org.hibernate.sql.results.graph.entity.internal.EntityAssembler@36fedb2b
10:24:10.029 [main] DEBUG org.hibernate.orm.results - Extracted JDBC value [0] - [70]
10:24:10.029 [main] DEBUG org.hibernate.orm.results.loading.entity - (EntityResultInitializer) Hydrated EntityKey (org.frcpm.models.Subteam(959666311639000)): 70
10:24:10.029 [main] DEBUG org.hibernate.orm.results.loading.org.hibernate.orm.results.loading.collection - (DelayedCollectionInitializer) Current row collection key : org.frcpm.models.Subteam(959666311639000).members#70
10:24:10.029 [main] DEBUG org.hibernate.orm.results.loading.org.hibernate.orm.results.loading.collection - (DelayedCollectionInitializer) Current row collection key : org.frcpm.models.Subteam(959666311639000).subsystems#70
10:24:10.029 [main] DEBUG org.hibernate.orm.results.loading.entity - (EntityResultInitializer) Created new entity instance [org.frcpm.models.Subteam(959666311639000)#70] : 1355639110
10:24:10.029 [main] DEBUG org.hibernate.orm.results - Extracted JDBC value [1] - [#00FFFF]
10:24:10.029 [main] DEBUG org.hibernate.orm.results - Extracted JDBC value [2] - [Test Color Update Subteam]
10:24:10.029 [main] DEBUG org.hibernate.orm.results - Extracted JDBC value [3] - [Specialties]
10:24:10.029 [main] DEBUG org.hibernate.orm.results.loading.entity - (EntityResultInitializer) Done materializing entityInstance : org.frcpm.models.Subteam(959666311639000)#70
10:24:10.029 [main] DEBUG org.hibernate.orm.results.loading - Calling top-level assembler (0 / 1) : org.hibernate.sql.results.graph.entity.internal.EntityAssembler@36fedb2b
10:24:10.029 [main] DEBUG org.hibernate.orm.results - Extracted JDBC value [0] - [79]
10:24:10.029 [main] DEBUG org.hibernate.orm.results.loading.entity - (EntityResultInitializer) Hydrated EntityKey (org.frcpm.models.Subteam(959666311639000)): 79
10:24:10.029 [main] DEBUG org.hibernate.orm.results.loading.org.hibernate.orm.results.loading.collection - (DelayedCollectionInitializer) Current row collection key : org.frcpm.models.Subteam(959666311639000).members#79
10:24:10.029 [main] DEBUG org.hibernate.orm.results.loading.org.hibernate.orm.results.loading.collection - (DelayedCollectionInitializer) Current row collection key : org.frcpm.models.Subteam(959666311639000).subsystems#79
10:24:10.029 [main] DEBUG org.hibernate.orm.results.loading.entity - (EntityResultInitializer) Created new entity instance [org.frcpm.models.Subteam(959666311639000)#79] : 494890689
10:24:10.029 [main] DEBUG org.hibernate.orm.results - Extracted JDBC value [1] - [#0000FF]
10:24:10.029 [main] DEBUG org.hibernate.orm.results - Extracted JDBC value [2] - [Test Update Subteam]
10:24:10.029 [main] DEBUG org.hibernate.orm.results - Extracted JDBC value [3] - [Updated Specialties]
10:24:10.029 [main] DEBUG org.hibernate.orm.results.loading.entity - (EntityResultInitializer) Done materializing entityInstance : org.frcpm.models.Subteam(959666311639000)#79
10:24:10.029 [main] DEBUG org.hibernate.orm.results.loading - Calling top-level assembler (0 / 1) : org.hibernate.sql.results.graph.entity.internal.EntityAssembler@36fedb2b
10:24:10.029 [main] DEBUG org.hibernate.orm.results - Extracted JDBC value [0] - [87]
10:24:10.029 [main] DEBUG org.hibernate.orm.results.loading.entity - (EntityResultInitializer) Hydrated EntityKey (org.frcpm.models.Subteam(959666311639000)): 87
10:24:10.029 [main] DEBUG org.hibernate.orm.results.loading.org.hibernate.orm.results.loading.collection - (DelayedCollectionInitializer) Current row collection key : org.frcpm.models.Subteam(959666311639000).members#87
10:24:10.029 [main] DEBUG org.hibernate.orm.results.loading.org.hibernate.orm.results.loading.collection - (DelayedCollectionInitializer) Current row collection key : org.frcpm.models.Subteam(959666311639000).subsystems#87
10:24:10.029 [main] DEBUG org.hibernate.orm.results.loading.entity - (EntityResultInitializer) Created new entity instance [org.frcpm.models.Subteam(959666311639000)#87] : 1825348545
10:24:10.029 [main] DEBUG org.hibernate.orm.results - Extracted JDBC value [1] - [#0000FF]
10:24:10.029 [main] DEBUG org.hibernate.orm.results - Extracted JDBC value [2] - [Duplicate Name Subteam]
10:24:10.029 [main] DEBUG org.hibernate.orm.results - Extracted JDBC value [3] - [Specialties]
10:24:10.029 [main] DEBUG org.hibernate.orm.results.loading.entity - (EntityResultInitializer) Done materializing entityInstance : org.frcpm.models.Subteam(959666311639000)#87
10:24:10.030 [main] DEBUG org.hibernate.orm.results.loading - Calling top-level assembler (0 / 1) : org.hibernate.sql.results.graph.entity.internal.EntityAssembler@36fedb2b
10:24:10.030 [main] DEBUG org.hibernate.resource.jdbc.internal.LogicalConnectionManagedImpl - Initiating JDBC connection release from afterTransaction
10:24:10.030 [main] DEBUG org.hibernate.resource.jdbc.internal.LogicalConnectionManagedImpl - Initiating JDBC connection release from afterTransaction
]]></system-out>
  </testcase>
  <testcase name="testHandleDeleteSubteam_Cancelled" classname="org.frcpm.controllers.TeamControllerTest" time="0.023">
    <system-out><![CDATA[10:24:10.041 [main] DEBUG org.hibernate.orm.sql.ast.create - Created new SQL alias : tm1_0
10:24:10.041 [main] DEBUG org.hibernate.orm.sql.ast.create - Registration of TableGroup [StandardTableGroup(org.frcpm.models.TeamMember(959666327752400))] with identifierForTableGroup [org.frcpm.models.TeamMember] for NavigablePath [org.frcpm.models.TeamMember] 
10:24:10.041 [main] DEBUG org.hibernate.orm.sql.ast.create - Registration of TableGroup [org.hibernate.sql.ast.tree.from.LazyTableGroup@42d7b96] with identifierForTableGroup [org.frcpm.models.TeamMember.subteam] for NavigablePath [org.frcpm.models.TeamMember.subteam] 
10:24:10.041 [main] DEBUG org.hibernate.orm.results.graph.AST - DomainResult Graph:
 \-EntityResultImpl [org.frcpm.models.TeamMember(959666327752400)]
 |  +-DelayedCollectionFetch [org.frcpm.models.TeamMember(959666327752400).assignedTasks]
 |  +-DelayedCollectionFetch [org.frcpm.models.TeamMember(959666327752400).attendances]
 |  +-BasicFetch [org.frcpm.models.TeamMember(959666327752400).email]
 |  +-BasicFetch [org.frcpm.models.TeamMember(959666327752400).firstName]
 |  +-BasicFetch [org.frcpm.models.TeamMember(959666327752400).lastName]
 |  +-BasicFetch [org.frcpm.models.TeamMember(959666327752400).leader]
 |  +-BasicFetch [org.frcpm.models.TeamMember(959666327752400).phone]
 |  +-BasicFetch [org.frcpm.models.TeamMember(959666327752400).skills]
 |  +-CircularFetchImpl [org.frcpm.models.TeamMember(959666327752400).subteam]
 |  \-BasicFetch [org.frcpm.models.TeamMember(959666327752400).username]

10:24:10.041 [main] DEBUG org.hibernate.orm.sql.ast.tree - SQL AST Tree:
    SelectStatement {
      FromClause {
        StandardTableGroup (tm1 : org.frcpm.models.TeamMember(959666327752400)) {
          primaryTableReference : team_members as tm1_0
          TableGroupJoins {
            left  join LazyTableGroup (s1 : org.frcpm.models.TeamMember(959666327752400).subteam) {
            }
          }
        }
      }
    }

10:24:10.042 [main] DEBUG org.hibernate.orm.sql.exec - Skipping reading Query result cache data: cache-enabled = false, cache-mode = NORMAL
10:24:10.042 [main] DEBUG org.hibernate.orm.results - Initializer list:
	  org.frcpm.models.TeamMember(959666327752400).attendances -> DelayedCollectionInitializer(org.frcpm.models.TeamMember(959666327752400).attendances)@853730833 (PluralAttribute(org.frcpm.models.TeamMember.attendances))
	  org.frcpm.models.TeamMember(959666327752400).assignedTasks -> DelayedCollectionInitializer(org.frcpm.models.TeamMember(959666327752400).assignedTasks)@2118675919 (PluralAttribute(org.frcpm.models.TeamMember.assignedTasks))
	  org.frcpm.models.TeamMember(959666327752400) -> EntityResultInitializer(org.frcpm.models.TeamMember(959666327752400))@200335811 (SingleTableEntityPersister(org.frcpm.models.TeamMember))
	  org.frcpm.models.TeamMember(959666327752400).subteam -> EntityDelayedFetchInitializer(org.frcpm.models.TeamMember(959666327752400).subteam)@1693375200 (ToOneAttributeMapping(NavigableRole[org.frcpm.models.TeamMember.subteam])@1143917207)

10:24:10.042 [main] DEBUG org.hibernate.SQL - select tm1_0.id,tm1_0.email,tm1_0.first_name,tm1_0.last_name,tm1_0.is_leader,tm1_0.phone,tm1_0.skills,tm1_0.subteam_id,tm1_0.username from team_members tm1_0
10:24:10.042 [main] DEBUG org.hibernate.orm.results - Extracted JDBC value [0] - [1]
10:24:10.043 [main] DEBUG org.hibernate.orm.results.loading.entity - (EntityResultInitializer) Hydrated EntityKey (org.frcpm.models.TeamMember(959666327752400)): 1
10:24:10.043 [main] DEBUG org.hibernate.orm.results.loading.org.hibernate.orm.results.loading.collection - (DelayedCollectionInitializer) Current row collection key : org.frcpm.models.TeamMember(959666327752400).assignedTasks#1
10:24:10.043 [main] DEBUG org.hibernate.orm.results.loading.org.hibernate.orm.results.loading.collection - (DelayedCollectionInitializer) Current row collection key : org.frcpm.models.TeamMember(959666327752400).attendances#1
10:24:10.043 [main] DEBUG org.hibernate.orm.results.loading.entity - (EntityResultInitializer) Created new entity instance [org.frcpm.models.TeamMember(959666327752400)#1] : 1894795585
10:24:10.043 [main] DEBUG org.hibernate.orm.results - Extracted JDBC value [7] - [3]
10:24:10.043 [main] DEBUG org.hibernate.orm.results - Extracted JDBC value [1] - [jsmith@example.com]
10:24:10.043 [main] DEBUG org.hibernate.orm.results - Extracted JDBC value [2] - [John]
10:24:10.043 [main] DEBUG org.hibernate.orm.results - Extracted JDBC value [3] - [Smith]
10:24:10.043 [main] DEBUG org.hibernate.orm.results - Extracted JDBC value [4] - [true]
10:24:10.043 [main] DEBUG org.hibernate.orm.results - Extracted JDBC value [5] - [555-1234]
10:24:10.043 [main] DEBUG org.hibernate.orm.results - Extracted JDBC value [6] - [Java, Python, Control Systems]
10:24:10.043 [main] DEBUG org.hibernate.orm.results - Extracted JDBC value [8] - [jsmith]
10:24:10.043 [main] DEBUG org.hibernate.orm.results.loading.entity - (EntityResultInitializer) Done materializing entityInstance : org.frcpm.models.TeamMember(959666327752400)#1
10:24:10.043 [main] DEBUG org.hibernate.orm.results.loading - Calling top-level assembler (0 / 1) : org.hibernate.sql.results.graph.entity.internal.EntityAssembler@67b12a7
10:24:10.043 [main] DEBUG org.hibernate.orm.results - Extracted JDBC value [0] - [2]
10:24:10.043 [main] DEBUG org.hibernate.orm.results.loading.entity - (EntityResultInitializer) Hydrated EntityKey (org.frcpm.models.TeamMember(959666327752400)): 2
10:24:10.043 [main] DEBUG org.hibernate.orm.results.loading.org.hibernate.orm.results.loading.collection - (DelayedCollectionInitializer) Current row collection key : org.frcpm.models.TeamMember(959666327752400).assignedTasks#2
10:24:10.043 [main] DEBUG org.hibernate.orm.results.loading.org.hibernate.orm.results.loading.collection - (DelayedCollectionInitializer) Current row collection key : org.frcpm.models.TeamMember(959666327752400).attendances#2
10:24:10.043 [main] DEBUG org.hibernate.orm.results.loading.entity - (EntityResultInitializer) Created new entity instance [org.frcpm.models.TeamMember(959666327752400)#2] : 1957951848
10:24:10.043 [main] DEBUG org.hibernate.orm.results - Extracted JDBC value [7] - [1]
10:24:10.043 [main] DEBUG org.hibernate.orm.results - Extracted JDBC value [1] - [agarcia@example.com]
10:24:10.043 [main] DEBUG org.hibernate.orm.results - Extracted JDBC value [2] - [Ana]
10:24:10.043 [main] DEBUG org.hibernate.orm.results - Extracted JDBC value [3] - [Garcia]
10:24:10.043 [main] DEBUG org.hibernate.orm.results - Extracted JDBC value [4] - [true]
10:24:10.043 [main] DEBUG org.hibernate.orm.results - Extracted JDBC value [5] - [555-5678]
10:24:10.043 [main] DEBUG org.hibernate.orm.results - Extracted JDBC value [6] - [CAD, Design, Machining]
10:24:10.043 [main] DEBUG org.hibernate.orm.results - Extracted JDBC value [8] - [agarcia]
10:24:10.043 [main] DEBUG org.hibernate.orm.results.loading.entity - (EntityResultInitializer) Done materializing entityInstance : org.frcpm.models.TeamMember(959666327752400)#2
10:24:10.043 [main] DEBUG org.hibernate.orm.results.loading - Calling top-level assembler (0 / 1) : org.hibernate.sql.results.graph.entity.internal.EntityAssembler@67b12a7
10:24:10.043 [main] DEBUG org.hibernate.orm.results - Extracted JDBC value [0] - [3]
10:24:10.043 [main] DEBUG org.hibernate.orm.results.loading.entity - (EntityResultInitializer) Hydrated EntityKey (org.frcpm.models.TeamMember(959666327752400)): 3
10:24:10.043 [main] DEBUG org.hibernate.orm.results.loading.org.hibernate.orm.results.loading.collection - (DelayedCollectionInitializer) Current row collection key : org.frcpm.models.TeamMember(959666327752400).assignedTasks#3
10:24:10.043 [main] DEBUG org.hibernate.orm.results.loading.org.hibernate.orm.results.loading.collection - (DelayedCollectionInitializer) Current row collection key : org.frcpm.models.TeamMember(959666327752400).attendances#3
10:24:10.043 [main] DEBUG org.hibernate.orm.results.loading.entity - (EntityResultInitializer) Created new entity instance [org.frcpm.models.TeamMember(959666327752400)#3] : 959097834
10:24:10.043 [main] DEBUG org.hibernate.orm.results - Extracted JDBC value [7] - [2]
10:24:10.044 [main] DEBUG org.hibernate.orm.results - Extracted JDBC value [1] - [twong@example.com]
10:24:10.044 [main] DEBUG org.hibernate.orm.results - Extracted JDBC value [2] - [Tyler]
10:24:10.044 [main] DEBUG org.hibernate.orm.results - Extracted JDBC value [3] - [Wong]
10:24:10.044 [main] DEBUG org.hibernate.orm.results - Extracted JDBC value [4] - [true]
10:24:10.044 [main] DEBUG org.hibernate.orm.results - Extracted JDBC value [5] - [555-9012]
10:24:10.044 [main] DEBUG org.hibernate.orm.results - Extracted JDBC value [6] - [Electronics, Wiring, Soldering]
10:24:10.044 [main] DEBUG org.hibernate.orm.results - Extracted JDBC value [8] - [twong]
10:24:10.044 [main] DEBUG org.hibernate.orm.results.loading.entity - (EntityResultInitializer) Done materializing entityInstance : org.frcpm.models.TeamMember(959666327752400)#3
10:24:10.044 [main] DEBUG org.hibernate.orm.results.loading - Calling top-level assembler (0 / 1) : org.hibernate.sql.results.graph.entity.internal.EntityAssembler@67b12a7
10:24:10.044 [main] DEBUG org.hibernate.orm.results - Extracted JDBC value [0] - [4]
10:24:10.044 [main] DEBUG org.hibernate.orm.results.loading.entity - (EntityResultInitializer) Hydrated EntityKey (org.frcpm.models.TeamMember(959666327752400)): 4
10:24:10.044 [main] DEBUG org.hibernate.orm.results.loading.org.hibernate.orm.results.loading.collection - (DelayedCollectionInitializer) Current row collection key : org.frcpm.models.TeamMember(959666327752400).assignedTasks#4
10:24:10.044 [main] DEBUG org.hibernate.orm.results.loading.org.hibernate.orm.results.loading.collection - (DelayedCollectionInitializer) Current row collection key : org.frcpm.models.TeamMember(959666327752400).attendances#4
10:24:10.044 [main] DEBUG org.hibernate.orm.results.loading.entity - (EntityResultInitializer) Created new entity instance [org.frcpm.models.TeamMember(959666327752400)#4] : 151544341
10:24:10.044 [main] DEBUG org.hibernate.orm.results - Extracted JDBC value [7] - [4]
10:24:10.044 [main] DEBUG org.hibernate.orm.results - Extracted JDBC value [1] - [lchen@example.com]
10:24:10.044 [main] DEBUG org.hibernate.orm.results - Extracted JDBC value [2] - [Lisa]
10:24:10.044 [main] DEBUG org.hibernate.orm.results - Extracted JDBC value [3] - [Chen]
10:24:10.044 [main] DEBUG org.hibernate.orm.results - Extracted JDBC value [4] - [true]
10:24:10.044 [main] DEBUG org.hibernate.orm.results - Extracted JDBC value [5] - [555-3456]
10:24:10.044 [main] DEBUG org.hibernate.orm.results - Extracted JDBC value [6] - [Marketing, Social Media, Presentations]
10:24:10.044 [main] DEBUG org.hibernate.orm.results - Extracted JDBC value [8] - [lchen]
10:24:10.044 [main] DEBUG org.hibernate.orm.results.loading.entity - (EntityResultInitializer) Done materializing entityInstance : org.frcpm.models.TeamMember(959666327752400)#4
10:24:10.044 [main] DEBUG org.hibernate.orm.results.loading - Calling top-level assembler (0 / 1) : org.hibernate.sql.results.graph.entity.internal.EntityAssembler@67b12a7
10:24:10.044 [main] DEBUG org.hibernate.orm.results - Extracted JDBC value [0] - [5]
10:24:10.044 [main] DEBUG org.hibernate.orm.results.loading.entity - (EntityResultInitializer) Hydrated EntityKey (org.frcpm.models.TeamMember(959666327752400)): 5
10:24:10.044 [main] DEBUG org.hibernate.orm.results.loading.org.hibernate.orm.results.loading.collection - (DelayedCollectionInitializer) Current row collection key : org.frcpm.models.TeamMember(959666327752400).assignedTasks#5
10:24:10.044 [main] DEBUG org.hibernate.orm.results.loading.org.hibernate.orm.results.loading.collection - (DelayedCollectionInitializer) Current row collection key : org.frcpm.models.TeamMember(959666327752400).attendances#5
10:24:10.044 [main] DEBUG org.hibernate.orm.results.loading.entity - (EntityResultInitializer) Created new entity instance [org.frcpm.models.TeamMember(959666327752400)#5] : 268998498
10:24:10.044 [main] DEBUG org.hibernate.orm.results - Extracted JDBC value [7] - [1]
10:24:10.044 [main] DEBUG org.hibernate.orm.results - Extracted JDBC value [1] - [mjohnson@example.com]
10:24:10.044 [main] DEBUG org.hibernate.orm.results - Extracted JDBC value [2] - [Mike]
10:24:10.044 [main] DEBUG org.hibernate.orm.results - Extracted JDBC value [3] - [Johnson]
10:24:10.044 [main] DEBUG org.hibernate.orm.results - Extracted JDBC value [4] - [false]
10:24:10.044 [main] DEBUG org.hibernate.orm.results - Extracted JDBC value [5] - [555-7890]
10:24:10.044 [main] DEBUG org.hibernate.orm.results - Extracted JDBC value [6] - [CAD, 3D Printing, Prototyping]
10:24:10.044 [main] DEBUG org.hibernate.orm.results - Extracted JDBC value [8] - [mjohnson]
10:24:10.044 [main] DEBUG org.hibernate.orm.results.loading.entity - (EntityResultInitializer) Done materializing entityInstance : org.frcpm.models.TeamMember(959666327752400)#5
10:24:10.044 [main] DEBUG org.hibernate.orm.results.loading - Calling top-level assembler (0 / 1) : org.hibernate.sql.results.graph.entity.internal.EntityAssembler@67b12a7
10:24:10.044 [main] DEBUG org.hibernate.orm.results - Extracted JDBC value [0] - [6]
10:24:10.044 [main] DEBUG org.hibernate.orm.results.loading.entity - (EntityResultInitializer) Hydrated EntityKey (org.frcpm.models.TeamMember(959666327752400)): 6
10:24:10.044 [main] DEBUG org.hibernate.orm.results.loading.org.hibernate.orm.results.loading.collection - (DelayedCollectionInitializer) Current row collection key : org.frcpm.models.TeamMember(959666327752400).assignedTasks#6
10:24:10.044 [main] DEBUG org.hibernate.orm.results.loading.org.hibernate.orm.results.loading.collection - (DelayedCollectionInitializer) Current row collection key : org.frcpm.models.TeamMember(959666327752400).attendances#6
10:24:10.044 [main] DEBUG org.hibernate.orm.results.loading.entity - (EntityResultInitializer) Created new entity instance [org.frcpm.models.TeamMember(959666327752400)#6] : 88886023
10:24:10.044 [main] DEBUG org.hibernate.orm.results - Extracted JDBC value [7] - [3]
10:24:10.044 [main] DEBUG org.hibernate.orm.results - Extracted JDBC value [1] - [sdavis@example.com]
10:24:10.044 [main] DEBUG org.hibernate.orm.results - Extracted JDBC value [2] - [Sarah]
10:24:10.044 [main] DEBUG org.hibernate.orm.results - Extracted JDBC value [3] - [Davis]
10:24:10.044 [main] DEBUG org.hibernate.orm.results - Extracted JDBC value [4] - [false]
10:24:10.044 [main] DEBUG org.hibernate.orm.results - Extracted JDBC value [5] - [555-2345]
10:24:10.044 [main] DEBUG org.hibernate.orm.results - Extracted JDBC value [6] - [Computer Vision, Machine Learning]
10:24:10.044 [main] DEBUG org.hibernate.orm.results - Extracted JDBC value [8] - [sdavis]
10:24:10.044 [main] DEBUG org.hibernate.orm.results.loading.entity - (EntityResultInitializer) Done materializing entityInstance : org.frcpm.models.TeamMember(959666327752400)#6
10:24:10.044 [main] DEBUG org.hibernate.orm.results.loading - Calling top-level assembler (0 / 1) : org.hibernate.sql.results.graph.entity.internal.EntityAssembler@67b12a7
10:24:10.044 [main] DEBUG org.hibernate.orm.results - Extracted JDBC value [0] - [36]
10:24:10.044 [main] DEBUG org.hibernate.orm.results.loading.entity - (EntityResultInitializer) Hydrated EntityKey (org.frcpm.models.TeamMember(959666327752400)): 36
10:24:10.044 [main] DEBUG org.hibernate.orm.results.loading.org.hibernate.orm.results.loading.collection - (DelayedCollectionInitializer) Current row collection key : org.frcpm.models.TeamMember(959666327752400).assignedTasks#36
10:24:10.044 [main] DEBUG org.hibernate.orm.results.loading.org.hibernate.orm.results.loading.collection - (DelayedCollectionInitializer) Current row collection key : org.frcpm.models.TeamMember(959666327752400).attendances#36
10:24:10.044 [main] DEBUG org.hibernate.orm.results.loading.entity - (EntityResultInitializer) Created new entity instance [org.frcpm.models.TeamMember(959666327752400)#36] : 787687171
10:24:10.044 [main] DEBUG org.hibernate.orm.results - Extracted JDBC value [7] - [null]
10:24:10.044 [main] DEBUG org.hibernate.orm.results - Extracted JDBC value [1] - [tasktest@example.com]
10:24:10.045 [main] DEBUG org.hibernate.orm.results - Extracted JDBC value [2] - [Task]
10:24:10.045 [main] DEBUG org.hibernate.orm.results - Extracted JDBC value [3] - [Test]
10:24:10.045 [main] DEBUG org.hibernate.orm.results - Extracted JDBC value [4] - [false]
10:24:10.045 [main] DEBUG org.hibernate.orm.results - Extracted JDBC value [5] - [null]
10:24:10.045 [main] DEBUG org.hibernate.orm.results - Extracted JDBC value [6] - [null]
10:24:10.045 [main] DEBUG org.hibernate.orm.results - Extracted JDBC value [8] - [tasktestuser_1745594395337]
10:24:10.045 [main] DEBUG org.hibernate.orm.results.loading.entity - (EntityResultInitializer) Done materializing entityInstance : org.frcpm.models.TeamMember(959666327752400)#36
10:24:10.045 [main] DEBUG org.hibernate.orm.results.loading - Calling top-level assembler (0 / 1) : org.hibernate.sql.results.graph.entity.internal.EntityAssembler@67b12a7
10:24:10.045 [main] DEBUG org.hibernate.orm.results - Extracted JDBC value [0] - [37]
10:24:10.045 [main] DEBUG org.hibernate.orm.results.loading.entity - (EntityResultInitializer) Hydrated EntityKey (org.frcpm.models.TeamMember(959666327752400)): 37
10:24:10.045 [main] DEBUG org.hibernate.orm.results.loading.org.hibernate.orm.results.loading.collection - (DelayedCollectionInitializer) Current row collection key : org.frcpm.models.TeamMember(959666327752400).assignedTasks#37
10:24:10.045 [main] DEBUG org.hibernate.orm.results.loading.org.hibernate.orm.results.loading.collection - (DelayedCollectionInitializer) Current row collection key : org.frcpm.models.TeamMember(959666327752400).attendances#37
10:24:10.045 [main] DEBUG org.hibernate.orm.results.loading.entity - (EntityResultInitializer) Created new entity instance [org.frcpm.models.TeamMember(959666327752400)#37] : 994885878
10:24:10.045 [main] DEBUG org.hibernate.orm.results - Extracted JDBC value [7] - [null]
10:24:10.045 [main] DEBUG org.hibernate.orm.results - Extracted JDBC value [1] - [tasktest@example.com]
10:24:10.045 [main] DEBUG org.hibernate.orm.results - Extracted JDBC value [2] - [Task]
10:24:10.045 [main] DEBUG org.hibernate.orm.results - Extracted JDBC value [3] - [Test]
10:24:10.045 [main] DEBUG org.hibernate.orm.results - Extracted JDBC value [4] - [false]
10:24:10.045 [main] DEBUG org.hibernate.orm.results - Extracted JDBC value [5] - [null]
10:24:10.045 [main] DEBUG org.hibernate.orm.results - Extracted JDBC value [6] - [null]
10:24:10.045 [main] DEBUG org.hibernate.orm.results - Extracted JDBC value [8] - [tasktestuser_1745594395698]
10:24:10.045 [main] DEBUG org.hibernate.orm.results.loading.entity - (EntityResultInitializer) Done materializing entityInstance : org.frcpm.models.TeamMember(959666327752400)#37
10:24:10.045 [main] DEBUG org.hibernate.orm.results.loading - Calling top-level assembler (0 / 1) : org.hibernate.sql.results.graph.entity.internal.EntityAssembler@67b12a7
10:24:10.045 [main] DEBUG org.hibernate.orm.results - Extracted JDBC value [0] - [38]
10:24:10.045 [main] DEBUG org.hibernate.orm.results.loading.entity - (EntityResultInitializer) Hydrated EntityKey (org.frcpm.models.TeamMember(959666327752400)): 38
10:24:10.045 [main] DEBUG org.hibernate.orm.results.loading.org.hibernate.orm.results.loading.collection - (DelayedCollectionInitializer) Current row collection key : org.frcpm.models.TeamMember(959666327752400).assignedTasks#38
10:24:10.045 [main] DEBUG org.hibernate.orm.results.loading.org.hibernate.orm.results.loading.collection - (DelayedCollectionInitializer) Current row collection key : org.frcpm.models.TeamMember(959666327752400).attendances#38
10:24:10.045 [main] DEBUG org.hibernate.orm.results.loading.entity - (EntityResultInitializer) Created new entity instance [org.frcpm.models.TeamMember(959666327752400)#38] : 1506022540
10:24:10.045 [main] DEBUG org.hibernate.orm.results - Extracted JDBC value [7] - [null]
10:24:10.045 [main] DEBUG org.hibernate.orm.results - Extracted JDBC value [1] - [tasktest@example.com]
10:24:10.045 [main] DEBUG org.hibernate.orm.results - Extracted JDBC value [2] - [Task]
10:24:10.045 [main] DEBUG org.hibernate.orm.results - Extracted JDBC value [3] - [Test]
10:24:10.045 [main] DEBUG org.hibernate.orm.results - Extracted JDBC value [4] - [false]
10:24:10.045 [main] DEBUG org.hibernate.orm.results - Extracted JDBC value [5] - [null]
10:24:10.045 [main] DEBUG org.hibernate.orm.results - Extracted JDBC value [6] - [null]
10:24:10.045 [main] DEBUG org.hibernate.orm.results - Extracted JDBC value [8] - [tasktestuser_1745594396071]
10:24:10.045 [main] DEBUG org.hibernate.orm.results.loading.entity - (EntityResultInitializer) Done materializing entityInstance : org.frcpm.models.TeamMember(959666327752400)#38
10:24:10.045 [main] DEBUG org.hibernate.orm.results.loading - Calling top-level assembler (0 / 1) : org.hibernate.sql.results.graph.entity.internal.EntityAssembler@67b12a7
10:24:10.045 [main] DEBUG org.hibernate.orm.results - Extracted JDBC value [0] - [39]
10:24:10.045 [main] DEBUG org.hibernate.orm.results.loading.entity - (EntityResultInitializer) Hydrated EntityKey (org.frcpm.models.TeamMember(959666327752400)): 39
10:24:10.045 [main] DEBUG org.hibernate.orm.results.loading.org.hibernate.orm.results.loading.collection - (DelayedCollectionInitializer) Current row collection key : org.frcpm.models.TeamMember(959666327752400).assignedTasks#39
10:24:10.045 [main] DEBUG org.hibernate.orm.results.loading.org.hibernate.orm.results.loading.collection - (DelayedCollectionInitializer) Current row collection key : org.frcpm.models.TeamMember(959666327752400).attendances#39
10:24:10.045 [main] DEBUG org.hibernate.orm.results.loading.entity - (EntityResultInitializer) Created new entity instance [org.frcpm.models.TeamMember(959666327752400)#39] : 2118642581
10:24:10.045 [main] DEBUG org.hibernate.orm.results - Extracted JDBC value [7] - [null]
10:24:10.045 [main] DEBUG org.hibernate.orm.results - Extracted JDBC value [1] - [tasktest@example.com]
10:24:10.045 [main] DEBUG org.hibernate.orm.results - Extracted JDBC value [2] - [Task]
10:24:10.045 [main] DEBUG org.hibernate.orm.results - Extracted JDBC value [3] - [Test]
10:24:10.045 [main] DEBUG org.hibernate.orm.results - Extracted JDBC value [4] - [false]
10:24:10.045 [main] DEBUG org.hibernate.orm.results - Extracted JDBC value [5] - [null]
10:24:10.045 [main] DEBUG org.hibernate.orm.results - Extracted JDBC value [6] - [null]
10:24:10.045 [main] DEBUG org.hibernate.orm.results - Extracted JDBC value [8] - [tasktestuser_1745594396416]
10:24:10.045 [main] DEBUG org.hibernate.orm.results.loading.entity - (EntityResultInitializer) Done materializing entityInstance : org.frcpm.models.TeamMember(959666327752400)#39
10:24:10.045 [main] DEBUG org.hibernate.orm.results.loading - Calling top-level assembler (0 / 1) : org.hibernate.sql.results.graph.entity.internal.EntityAssembler@67b12a7
10:24:10.045 [main] DEBUG org.hibernate.orm.results - Extracted JDBC value [0] - [40]
10:24:10.045 [main] DEBUG org.hibernate.orm.results.loading.entity - (EntityResultInitializer) Hydrated EntityKey (org.frcpm.models.TeamMember(959666327752400)): 40
10:24:10.045 [main] DEBUG org.hibernate.orm.results.loading.org.hibernate.orm.results.loading.collection - (DelayedCollectionInitializer) Current row collection key : org.frcpm.models.TeamMember(959666327752400).assignedTasks#40
10:24:10.045 [main] DEBUG org.hibernate.orm.results.loading.org.hibernate.orm.results.loading.collection - (DelayedCollectionInitializer) Current row collection key : org.frcpm.models.TeamMember(959666327752400).attendances#40
10:24:10.045 [main] DEBUG org.hibernate.orm.results.loading.entity - (EntityResultInitializer) Created new entity instance [org.frcpm.models.TeamMember(959666327752400)#40] : 247981085
10:24:10.045 [main] DEBUG org.hibernate.orm.results - Extracted JDBC value [7] - [null]
10:24:10.045 [main] DEBUG org.hibernate.orm.results - Extracted JDBC value [1] - [tasktest@example.com]
10:24:10.045 [main] DEBUG org.hibernate.orm.results - Extracted JDBC value [2] - [Task]
10:24:10.045 [main] DEBUG org.hibernate.orm.results - Extracted JDBC value [3] - [Test]
10:24:10.045 [main] DEBUG org.hibernate.orm.results - Extracted JDBC value [4] - [false]
10:24:10.045 [main] DEBUG org.hibernate.orm.results - Extracted JDBC value [5] - [null]
10:24:10.045 [main] DEBUG org.hibernate.orm.results - Extracted JDBC value [6] - [null]
10:24:10.045 [main] DEBUG org.hibernate.orm.results - Extracted JDBC value [8] - [tasktestuser_1745594396762]
10:24:10.045 [main] DEBUG org.hibernate.orm.results.loading.entity - (EntityResultInitializer) Done materializing entityInstance : org.frcpm.models.TeamMember(959666327752400)#40
10:24:10.045 [main] DEBUG org.hibernate.orm.results.loading - Calling top-level assembler (0 / 1) : org.hibernate.sql.results.graph.entity.internal.EntityAssembler@67b12a7
10:24:10.045 [main] DEBUG org.hibernate.orm.results - Extracted JDBC value [0] - [41]
10:24:10.045 [main] DEBUG org.hibernate.orm.results.loading.entity - (EntityResultInitializer) Hydrated EntityKey (org.frcpm.models.TeamMember(959666327752400)): 41
10:24:10.045 [main] DEBUG org.hibernate.orm.results.loading.org.hibernate.orm.results.loading.collection - (DelayedCollectionInitializer) Current row collection key : org.frcpm.models.TeamMember(959666327752400).assignedTasks#41
10:24:10.045 [main] DEBUG org.hibernate.orm.results.loading.org.hibernate.orm.results.loading.collection - (DelayedCollectionInitializer) Current row collection key : org.frcpm.models.TeamMember(959666327752400).attendances#41
10:24:10.046 [main] DEBUG org.hibernate.orm.results.loading.entity - (EntityResultInitializer) Created new entity instance [org.frcpm.models.TeamMember(959666327752400)#41] : 1504814937
10:24:10.046 [main] DEBUG org.hibernate.orm.results - Extracted JDBC value [7] - [null]
10:24:10.046 [main] DEBUG org.hibernate.orm.results - Extracted JDBC value [1] - [tasktest@example.com]
10:24:10.046 [main] DEBUG org.hibernate.orm.results - Extracted JDBC value [2] - [Task]
10:24:10.046 [main] DEBUG org.hibernate.orm.results - Extracted JDBC value [3] - [Test]
10:24:10.046 [main] DEBUG org.hibernate.orm.results - Extracted JDBC value [4] - [false]
10:24:10.046 [main] DEBUG org.hibernate.orm.results - Extracted JDBC value [5] - [null]
10:24:10.046 [main] DEBUG org.hibernate.orm.results - Extracted JDBC value [6] - [null]
10:24:10.046 [main] DEBUG org.hibernate.orm.results - Extracted JDBC value [8] - [tasktestuser_1745594397140]
10:24:10.046 [main] DEBUG org.hibernate.orm.results.loading.entity - (EntityResultInitializer) Done materializing entityInstance : org.frcpm.models.TeamMember(959666327752400)#41
10:24:10.046 [main] DEBUG org.hibernate.orm.results.loading - Calling top-level assembler (0 / 1) : org.hibernate.sql.results.graph.entity.internal.EntityAssembler@67b12a7
10:24:10.046 [main] DEBUG org.hibernate.orm.results - Extracted JDBC value [0] - [42]
10:24:10.046 [main] DEBUG org.hibernate.orm.results.loading.entity - (EntityResultInitializer) Hydrated EntityKey (org.frcpm.models.TeamMember(959666327752400)): 42
10:24:10.046 [main] DEBUG org.hibernate.orm.results.loading.org.hibernate.orm.results.loading.collection - (DelayedCollectionInitializer) Current row collection key : org.frcpm.models.TeamMember(959666327752400).assignedTasks#42
10:24:10.046 [main] DEBUG org.hibernate.orm.results.loading.org.hibernate.orm.results.loading.collection - (DelayedCollectionInitializer) Current row collection key : org.frcpm.models.TeamMember(959666327752400).attendances#42
10:24:10.047 [main] DEBUG org.hibernate.orm.results.loading.entity - (EntityResultInitializer) Created new entity instance [org.frcpm.models.TeamMember(959666327752400)#42] : 1070234286
10:24:10.047 [main] DEBUG org.hibernate.orm.results - Extracted JDBC value [7] - [null]
10:24:10.047 [main] DEBUG org.hibernate.orm.results - Extracted JDBC value [1] - [tasktest@example.com]
10:24:10.047 [main] DEBUG org.hibernate.orm.results - Extracted JDBC value [2] - [Task]
10:24:10.047 [main] DEBUG org.hibernate.orm.results - Extracted JDBC value [3] - [Test]
10:24:10.047 [main] DEBUG org.hibernate.orm.results - Extracted JDBC value [4] - [false]
10:24:10.047 [main] DEBUG org.hibernate.orm.results - Extracted JDBC value [5] - [null]
10:24:10.047 [main] DEBUG org.hibernate.orm.results - Extracted JDBC value [6] - [null]
10:24:10.047 [main] DEBUG org.hibernate.orm.results - Extracted JDBC value [8] - [tasktestuser_1745594397563]
10:24:10.050 [main] DEBUG org.hibernate.orm.results.loading.entity - (EntityResultInitializer) Done materializing entityInstance : org.frcpm.models.TeamMember(959666327752400)#42
10:24:10.050 [main] DEBUG org.hibernate.orm.results.loading - Calling top-level assembler (0 / 1) : org.hibernate.sql.results.graph.entity.internal.EntityAssembler@67b12a7
10:24:10.050 [main] DEBUG org.hibernate.orm.results - Extracted JDBC value [0] - [43]
10:24:10.050 [main] DEBUG org.hibernate.orm.results.loading.entity - (EntityResultInitializer) Hydrated EntityKey (org.frcpm.models.TeamMember(959666327752400)): 43
10:24:10.050 [main] DEBUG org.hibernate.orm.results.loading.org.hibernate.orm.results.loading.collection - (DelayedCollectionInitializer) Current row collection key : org.frcpm.models.TeamMember(959666327752400).assignedTasks#43
10:24:10.050 [main] DEBUG org.hibernate.orm.results.loading.org.hibernate.orm.results.loading.collection - (DelayedCollectionInitializer) Current row collection key : org.frcpm.models.TeamMember(959666327752400).attendances#43
10:24:10.050 [main] DEBUG org.hibernate.orm.results.loading.entity - (EntityResultInitializer) Created new entity instance [org.frcpm.models.TeamMember(959666327752400)#43] : 1080280147
10:24:10.050 [main] DEBUG org.hibernate.orm.results - Extracted JDBC value [7] - [null]
10:24:10.050 [main] DEBUG org.hibernate.orm.results - Extracted JDBC value [1] - [tasktest@example.com]
10:24:10.050 [main] DEBUG org.hibernate.orm.results - Extracted JDBC value [2] - [Task]
10:24:10.051 [main] DEBUG org.hibernate.orm.results - Extracted JDBC value [3] - [Test]
10:24:10.051 [main] DEBUG org.hibernate.orm.results - Extracted JDBC value [4] - [false]
10:24:10.051 [main] DEBUG org.hibernate.orm.results - Extracted JDBC value [5] - [null]
10:24:10.051 [main] DEBUG org.hibernate.orm.results - Extracted JDBC value [6] - [null]
10:24:10.051 [main] DEBUG org.hibernate.orm.results - Extracted JDBC value [8] - [tasktestuser_1745594397906]
10:24:10.051 [main] DEBUG org.hibernate.orm.results.loading.entity - (EntityResultInitializer) Done materializing entityInstance : org.frcpm.models.TeamMember(959666327752400)#43
10:24:10.051 [main] DEBUG org.hibernate.orm.results.loading - Calling top-level assembler (0 / 1) : org.hibernate.sql.results.graph.entity.internal.EntityAssembler@67b12a7
10:24:10.051 [main] DEBUG org.hibernate.orm.results - Extracted JDBC value [0] - [44]
10:24:10.051 [main] DEBUG org.hibernate.orm.results.loading.entity - (EntityResultInitializer) Hydrated EntityKey (org.frcpm.models.TeamMember(959666327752400)): 44
10:24:10.051 [main] DEBUG org.hibernate.orm.results.loading.org.hibernate.orm.results.loading.collection - (DelayedCollectionInitializer) Current row collection key : org.frcpm.models.TeamMember(959666327752400).assignedTasks#44
10:24:10.051 [main] DEBUG org.hibernate.orm.results.loading.org.hibernate.orm.results.loading.collection - (DelayedCollectionInitializer) Current row collection key : org.frcpm.models.TeamMember(959666327752400).attendances#44
10:24:10.051 [main] DEBUG org.hibernate.orm.results.loading.entity - (EntityResultInitializer) Created new entity instance [org.frcpm.models.TeamMember(959666327752400)#44] : 1612457878
10:24:10.051 [main] DEBUG org.hibernate.orm.results - Extracted JDBC value [7] - [null]
10:24:10.051 [main] DEBUG org.hibernate.orm.results - Extracted JDBC value [1] - [tasktest@example.com]
10:24:10.051 [main] DEBUG org.hibernate.orm.results - Extracted JDBC value [2] - [Task]
10:24:10.051 [main] DEBUG org.hibernate.orm.results - Extracted JDBC value [3] - [Test]
10:24:10.051 [main] DEBUG org.hibernate.orm.results - Extracted JDBC value [4] - [false]
10:24:10.051 [main] DEBUG org.hibernate.orm.results - Extracted JDBC value [5] - [null]
10:24:10.051 [main] DEBUG org.hibernate.orm.results - Extracted JDBC value [6] - [null]
10:24:10.051 [main] DEBUG org.hibernate.orm.results - Extracted JDBC value [8] - [tasktestuser_1745594398275]
10:24:10.051 [main] DEBUG org.hibernate.orm.results.loading.entity - (EntityResultInitializer) Done materializing entityInstance : org.frcpm.models.TeamMember(959666327752400)#44
10:24:10.051 [main] DEBUG org.hibernate.orm.results.loading - Calling top-level assembler (0 / 1) : org.hibernate.sql.results.graph.entity.internal.EntityAssembler@67b12a7
10:24:10.051 [main] DEBUG org.hibernate.orm.results - Extracted JDBC value [0] - [45]
10:24:10.051 [main] DEBUG org.hibernate.orm.results.loading.entity - (EntityResultInitializer) Hydrated EntityKey (org.frcpm.models.TeamMember(959666327752400)): 45
10:24:10.051 [main] DEBUG org.hibernate.orm.results.loading.org.hibernate.orm.results.loading.collection - (DelayedCollectionInitializer) Current row collection key : org.frcpm.models.TeamMember(959666327752400).assignedTasks#45
10:24:10.051 [main] DEBUG org.hibernate.orm.results.loading.org.hibernate.orm.results.loading.collection - (DelayedCollectionInitializer) Current row collection key : org.frcpm.models.TeamMember(959666327752400).attendances#45
10:24:10.051 [main] DEBUG org.hibernate.orm.results.loading.entity - (EntityResultInitializer) Created new entity instance [org.frcpm.models.TeamMember(959666327752400)#45] : 1521027189
10:24:10.051 [main] DEBUG org.hibernate.orm.results - Extracted JDBC value [7] - [null]
10:24:10.051 [main] DEBUG org.hibernate.orm.results - Extracted JDBC value [1] - [tasktest@example.com]
10:24:10.052 [main] DEBUG org.hibernate.orm.results - Extracted JDBC value [2] - [Task]
10:24:10.052 [main] DEBUG org.hibernate.orm.results - Extracted JDBC value [3] - [Test]
10:24:10.052 [main] DEBUG org.hibernate.orm.results - Extracted JDBC value [4] - [false]
10:24:10.052 [main] DEBUG org.hibernate.orm.results - Extracted JDBC value [5] - [null]
10:24:10.052 [main] DEBUG org.hibernate.orm.results - Extracted JDBC value [6] - [null]
10:24:10.052 [main] DEBUG org.hibernate.orm.results - Extracted JDBC value [8] - [tasktestuser_1745594398667]
10:24:10.052 [main] DEBUG org.hibernate.orm.results.loading.entity - (EntityResultInitializer) Done materializing entityInstance : org.frcpm.models.TeamMember(959666327752400)#45
10:24:10.052 [main] DEBUG org.hibernate.orm.results.loading - Calling top-level assembler (0 / 1) : org.hibernate.sql.results.graph.entity.internal.EntityAssembler@67b12a7
10:24:10.052 [main] DEBUG org.hibernate.orm.results - Extracted JDBC value [0] - [46]
10:24:10.052 [main] DEBUG org.hibernate.orm.results.loading.entity - (EntityResultInitializer) Hydrated EntityKey (org.frcpm.models.TeamMember(959666327752400)): 46
10:24:10.052 [main] DEBUG org.hibernate.orm.results.loading.org.hibernate.orm.results.loading.collection - (DelayedCollectionInitializer) Current row collection key : org.frcpm.models.TeamMember(959666327752400).assignedTasks#46
10:24:10.052 [main] DEBUG org.hibernate.orm.results.loading.org.hibernate.orm.results.loading.collection - (DelayedCollectionInitializer) Current row collection key : org.frcpm.models.TeamMember(959666327752400).attendances#46
10:24:10.052 [main] DEBUG org.hibernate.orm.results.loading.entity - (EntityResultInitializer) Created new entity instance [org.frcpm.models.TeamMember(959666327752400)#46] : 1691178332
10:24:10.052 [main] DEBUG org.hibernate.orm.results - Extracted JDBC value [7] - [null]
10:24:10.052 [main] DEBUG org.hibernate.orm.results - Extracted JDBC value [1] - [tasktest@example.com]
10:24:10.052 [main] DEBUG org.hibernate.orm.results - Extracted JDBC value [2] - [Task]
10:24:10.052 [main] DEBUG org.hibernate.orm.results - Extracted JDBC value [3] - [Test]
10:24:10.052 [main] DEBUG org.hibernate.orm.results - Extracted JDBC value [4] - [false]
10:24:10.052 [main] DEBUG org.hibernate.orm.results - Extracted JDBC value [5] - [null]
10:24:10.052 [main] DEBUG org.hibernate.orm.results - Extracted JDBC value [6] - [null]
10:24:10.052 [main] DEBUG org.hibernate.orm.results - Extracted JDBC value [8] - [tasktestuser_1745594399126]
10:24:10.052 [main] DEBUG org.hibernate.orm.results.loading.entity - (EntityResultInitializer) Done materializing entityInstance : org.frcpm.models.TeamMember(959666327752400)#46
10:24:10.052 [main] DEBUG org.hibernate.orm.results.loading - Calling top-level assembler (0 / 1) : org.hibernate.sql.results.graph.entity.internal.EntityAssembler@67b12a7
10:24:10.052 [main] DEBUG org.hibernate.orm.results - Extracted JDBC value [0] - [47]
10:24:10.052 [main] DEBUG org.hibernate.orm.results.loading.entity - (EntityResultInitializer) Hydrated EntityKey (org.frcpm.models.TeamMember(959666327752400)): 47
10:24:10.052 [main] DEBUG org.hibernate.orm.results.loading.org.hibernate.orm.results.loading.collection - (DelayedCollectionInitializer) Current row collection key : org.frcpm.models.TeamMember(959666327752400).assignedTasks#47
10:24:10.052 [main] DEBUG org.hibernate.orm.results.loading.org.hibernate.orm.results.loading.collection - (DelayedCollectionInitializer) Current row collection key : org.frcpm.models.TeamMember(959666327752400).attendances#47
10:24:10.052 [main] DEBUG org.hibernate.orm.results.loading.entity - (EntityResultInitializer) Created new entity instance [org.frcpm.models.TeamMember(959666327752400)#47] : 1397813881
10:24:10.052 [main] DEBUG org.hibernate.orm.results - Extracted JDBC value [7] - [null]
10:24:10.052 [main] DEBUG org.hibernate.orm.results - Extracted JDBC value [1] - [tasktest@example.com]
10:24:10.052 [main] DEBUG org.hibernate.orm.results - Extracted JDBC value [2] - [Task]
10:24:10.052 [main] DEBUG org.hibernate.orm.results - Extracted JDBC value [3] - [Test]
10:24:10.052 [main] DEBUG org.hibernate.orm.results - Extracted JDBC value [4] - [false]
10:24:10.052 [main] DEBUG org.hibernate.orm.results - Extracted JDBC value [5] - [null]
10:24:10.052 [main] DEBUG org.hibernate.orm.results - Extracted JDBC value [6] - [null]
10:24:10.052 [main] DEBUG org.hibernate.orm.results - Extracted JDBC value [8] - [tasktestuser_1745594399532]
10:24:10.052 [main] DEBUG org.hibernate.orm.results.loading.entity - (EntityResultInitializer) Done materializing entityInstance : org.frcpm.models.TeamMember(959666327752400)#47
10:24:10.052 [main] DEBUG org.hibernate.orm.results.loading - Calling top-level assembler (0 / 1) : org.hibernate.sql.results.graph.entity.internal.EntityAssembler@67b12a7
10:24:10.052 [main] DEBUG org.hibernate.orm.results - Extracted JDBC value [0] - [48]
10:24:10.052 [main] DEBUG org.hibernate.orm.results.loading.entity - (EntityResultInitializer) Hydrated EntityKey (org.frcpm.models.TeamMember(959666327752400)): 48
10:24:10.052 [main] DEBUG org.hibernate.orm.results.loading.org.hibernate.orm.results.loading.collection - (DelayedCollectionInitializer) Current row collection key : org.frcpm.models.TeamMember(959666327752400).assignedTasks#48
10:24:10.052 [main] DEBUG org.hibernate.orm.results.loading.org.hibernate.orm.results.loading.collection - (DelayedCollectionInitializer) Current row collection key : org.frcpm.models.TeamMember(959666327752400).attendances#48
10:24:10.052 [main] DEBUG org.hibernate.orm.results.loading.entity - (EntityResultInitializer) Created new entity instance [org.frcpm.models.TeamMember(959666327752400)#48] : 2138447676
10:24:10.052 [main] DEBUG org.hibernate.orm.results - Extracted JDBC value [7] - [null]
10:24:10.052 [main] DEBUG org.hibernate.orm.results - Extracted JDBC value [1] - [tasktest@example.com]
10:24:10.052 [main] DEBUG org.hibernate.orm.results - Extracted JDBC value [2] - [Task]
10:24:10.052 [main] DEBUG org.hibernate.orm.results - Extracted JDBC value [3] - [Test]
10:24:10.052 [main] DEBUG org.hibernate.orm.results - Extracted JDBC value [4] - [false]
10:24:10.052 [main] DEBUG org.hibernate.orm.results - Extracted JDBC value [5] - [null]
10:24:10.052 [main] DEBUG org.hibernate.orm.results - Extracted JDBC value [6] - [null]
10:24:10.052 [main] DEBUG org.hibernate.orm.results - Extracted JDBC value [8] - [tasktestuser_1745594400014]
10:24:10.052 [main] DEBUG org.hibernate.orm.results.loading.entity - (EntityResultInitializer) Done materializing entityInstance : org.frcpm.models.TeamMember(959666327752400)#48
10:24:10.052 [main] DEBUG org.hibernate.orm.results.loading - Calling top-level assembler (0 / 1) : org.hibernate.sql.results.graph.entity.internal.EntityAssembler@67b12a7
10:24:10.052 [main] DEBUG org.hibernate.orm.results - Extracted JDBC value [0] - [53]
10:24:10.052 [main] DEBUG org.hibernate.orm.results.loading.entity - (EntityResultInitializer) Hydrated EntityKey (org.frcpm.models.TeamMember(959666327752400)): 53
10:24:10.052 [main] DEBUG org.hibernate.orm.results.loading.org.hibernate.orm.results.loading.collection - (DelayedCollectionInitializer) Current row collection key : org.frcpm.models.TeamMember(959666327752400).assignedTasks#53
10:24:10.052 [main] DEBUG org.hibernate.orm.results.loading.org.hibernate.orm.results.loading.collection - (DelayedCollectionInitializer) Current row collection key : org.frcpm.models.TeamMember(959666327752400).attendances#53
10:24:10.052 [main] DEBUG org.hibernate.orm.results.loading.entity - (EntityResultInitializer) Created new entity instance [org.frcpm.models.TeamMember(959666327752400)#53] : 1828500527
10:24:10.052 [main] DEBUG org.hibernate.orm.results - Extracted JDBC value [7] - [null]
10:24:10.052 [main] DEBUG org.hibernate.orm.results - Extracted JDBC value [1] - [testcount@example.com]
10:24:10.052 [main] DEBUG org.hibernate.orm.results - Extracted JDBC value [2] - [Test]
10:24:10.052 [main] DEBUG org.hibernate.orm.results - Extracted JDBC value [3] - [Count]
10:24:10.052 [main] DEBUG org.hibernate.orm.results - Extracted JDBC value [4] - [false]
10:24:10.053 [main] DEBUG org.hibernate.orm.results - Extracted JDBC value [5] - [null]
10:24:10.053 [main] DEBUG org.hibernate.orm.results - Extracted JDBC value [6] - [null]
10:24:10.053 [main] DEBUG org.hibernate.orm.results - Extracted JDBC value [8] - [testcount]
10:24:10.053 [main] DEBUG org.hibernate.orm.results.loading.entity - (EntityResultInitializer) Done materializing entityInstance : org.frcpm.models.TeamMember(959666327752400)#53
10:24:10.053 [main] DEBUG org.hibernate.orm.results.loading - Calling top-level assembler (0 / 1) : org.hibernate.sql.results.graph.entity.internal.EntityAssembler@67b12a7
10:24:10.053 [main] DEBUG org.hibernate.orm.results - Extracted JDBC value [0] - [56]
10:24:10.053 [main] DEBUG org.hibernate.orm.results.loading.entity - (EntityResultInitializer) Hydrated EntityKey (org.frcpm.models.TeamMember(959666327752400)): 56
10:24:10.053 [main] DEBUG org.hibernate.orm.results.loading.org.hibernate.orm.results.loading.collection - (DelayedCollectionInitializer) Current row collection key : org.frcpm.models.TeamMember(959666327752400).assignedTasks#56
10:24:10.053 [main] DEBUG org.hibernate.orm.results.loading.org.hibernate.orm.results.loading.collection - (DelayedCollectionInitializer) Current row collection key : org.frcpm.models.TeamMember(959666327752400).attendances#56
10:24:10.053 [main] DEBUG org.hibernate.orm.results.loading.entity - (EntityResultInitializer) Created new entity instance [org.frcpm.models.TeamMember(959666327752400)#56] : 1661816191
10:24:10.053 [main] DEBUG org.hibernate.orm.results - Extracted JDBC value [7] - [null]
10:24:10.053 [main] DEBUG org.hibernate.orm.results - Extracted JDBC value [1] - [testsave@example.com]
10:24:10.053 [main] DEBUG org.hibernate.orm.results - Extracted JDBC value [2] - [Test]
10:24:10.053 [main] DEBUG org.hibernate.orm.results - Extracted JDBC value [3] - [Save]
10:24:10.053 [main] DEBUG org.hibernate.orm.results - Extracted JDBC value [4] - [false]
10:24:10.053 [main] DEBUG org.hibernate.orm.results - Extracted JDBC value [5] - [555-SAVE]
10:24:10.053 [main] DEBUG org.hibernate.orm.results - Extracted JDBC value [6] - [Testing]
10:24:10.053 [main] DEBUG org.hibernate.orm.results - Extracted JDBC value [8] - [testsave]
10:24:10.053 [main] DEBUG org.hibernate.orm.results.loading.entity - (EntityResultInitializer) Done materializing entityInstance : org.frcpm.models.TeamMember(959666327752400)#56
10:24:10.053 [main] DEBUG org.hibernate.orm.results.loading - Calling top-level assembler (0 / 1) : org.hibernate.sql.results.graph.entity.internal.EntityAssembler@67b12a7
10:24:10.053 [main] DEBUG org.hibernate.orm.results - Extracted JDBC value [0] - [77]
10:24:10.053 [main] DEBUG org.hibernate.orm.results.loading.entity - (EntityResultInitializer) Hydrated EntityKey (org.frcpm.models.TeamMember(959666327752400)): 77
10:24:10.053 [main] DEBUG org.hibernate.orm.results.loading.org.hibernate.orm.results.loading.collection - (DelayedCollectionInitializer) Current row collection key : org.frcpm.models.TeamMember(959666327752400).assignedTasks#77
10:24:10.053 [main] DEBUG org.hibernate.orm.results.loading.org.hibernate.orm.results.loading.collection - (DelayedCollectionInitializer) Current row collection key : org.frcpm.models.TeamMember(959666327752400).attendances#77
10:24:10.053 [main] DEBUG org.hibernate.orm.results.loading.entity - (EntityResultInitializer) Created new entity instance [org.frcpm.models.TeamMember(959666327752400)#77] : 75134396
10:24:10.053 [main] DEBUG org.hibernate.orm.results - Extracted JDBC value [7] - [null]
10:24:10.053 [main] DEBUG org.hibernate.orm.results - Extracted JDBC value [1] - [testupdate@example.com]
10:24:10.053 [main] DEBUG org.hibernate.orm.results - Extracted JDBC value [2] - [Updated]
10:24:10.053 [main] DEBUG org.hibernate.orm.results - Extracted JDBC value [3] - [Update]
10:24:10.053 [main] DEBUG org.hibernate.orm.results - Extracted JDBC value [4] - [false]
10:24:10.053 [main] DEBUG org.hibernate.orm.results - Extracted JDBC value [5] - [null]
10:24:10.053 [main] DEBUG org.hibernate.orm.results - Extracted JDBC value [6] - [Updated Skills]
10:24:10.053 [main] DEBUG org.hibernate.orm.results - Extracted JDBC value [8] - [testupdate]
10:24:10.053 [main] DEBUG org.hibernate.orm.results.loading.entity - (EntityResultInitializer) Done materializing entityInstance : org.frcpm.models.TeamMember(959666327752400)#77
10:24:10.053 [main] DEBUG org.hibernate.orm.results.loading - Calling top-level assembler (0 / 1) : org.hibernate.sql.results.graph.entity.internal.EntityAssembler@67b12a7
10:24:10.053 [main] DEBUG org.hibernate.orm.results - Extracted JDBC value [0] - [84]
10:24:10.053 [main] DEBUG org.hibernate.orm.results.loading.entity - (EntityResultInitializer) Hydrated EntityKey (org.frcpm.models.TeamMember(959666327752400)): 84
10:24:10.053 [main] DEBUG org.hibernate.orm.results.loading.org.hibernate.orm.results.loading.collection - (DelayedCollectionInitializer) Current row collection key : org.frcpm.models.TeamMember(959666327752400).assignedTasks#84
10:24:10.053 [main] DEBUG org.hibernate.orm.results.loading.org.hibernate.orm.results.loading.collection - (DelayedCollectionInitializer) Current row collection key : org.frcpm.models.TeamMember(959666327752400).attendances#84
10:24:10.053 [main] DEBUG org.hibernate.orm.results.loading.entity - (EntityResultInitializer) Created new entity instance [org.frcpm.models.TeamMember(959666327752400)#84] : 1571563628
10:24:10.053 [main] DEBUG org.hibernate.orm.results - Extracted JDBC value [7] - [null]
10:24:10.053 [main] DEBUG org.hibernate.orm.results - Extracted JDBC value [1] - [attendance3@example.com]
10:24:10.053 [main] DEBUG org.hibernate.orm.results - Extracted JDBC value [2] - [Attendance]
10:24:10.053 [main] DEBUG org.hibernate.orm.results - Extracted JDBC value [3] - [Test3]
10:24:10.053 [main] DEBUG org.hibernate.orm.results - Extracted JDBC value [4] - [false]
10:24:10.053 [main] DEBUG org.hibernate.orm.results - Extracted JDBC value [5] - [555-9012]
10:24:10.053 [main] DEBUG org.hibernate.orm.results - Extracted JDBC value [6] - [null]
10:24:10.053 [main] DEBUG org.hibernate.orm.results - Extracted JDBC value [8] - [attendancetest3]
10:24:10.053 [main] DEBUG org.hibernate.orm.results.loading.entity - (EntityResultInitializer) Done materializing entityInstance : org.frcpm.models.TeamMember(959666327752400)#84
10:24:10.053 [main] DEBUG org.hibernate.orm.results.loading - Calling top-level assembler (0 / 1) : org.hibernate.sql.results.graph.entity.internal.EntityAssembler@67b12a7
10:24:10.053 [main] DEBUG org.hibernate.resource.jdbc.internal.LogicalConnectionManagedImpl - Initiating JDBC connection release from afterTransaction
10:24:10.053 [main] DEBUG org.hibernate.resource.jdbc.internal.LogicalConnectionManagedImpl - Initiating JDBC connection release from afterTransaction
10:24:10.054 [main] DEBUG org.hibernate.orm.sql.ast.create - Created new SQL alias : s1_0
10:24:10.054 [main] DEBUG org.hibernate.orm.sql.ast.create - Registration of TableGroup [StandardTableGroup(org.frcpm.models.Subteam(959666340954100))] with identifierForTableGroup [org.frcpm.models.Subteam] for NavigablePath [org.frcpm.models.Subteam] 
10:24:10.055 [main] DEBUG org.hibernate.orm.results.graph.AST - DomainResult Graph:
 \-EntityResultImpl [org.frcpm.models.Subteam(959666340954100)]
 |  +-BasicFetch [org.frcpm.models.Subteam(959666340954100).colorCode]
 |  +-DelayedCollectionFetch [org.frcpm.models.Subteam(959666340954100).members]
 |  +-BasicFetch [org.frcpm.models.Subteam(959666340954100).name]
 |  +-BasicFetch [org.frcpm.models.Subteam(959666340954100).specialties]
 |  \-DelayedCollectionFetch [org.frcpm.models.Subteam(959666340954100).subsystems]

10:24:10.055 [main] DEBUG org.hibernate.orm.sql.ast.tree - SQL AST Tree:
    SelectStatement {
      FromClause {
        StandardTableGroup (s1 : org.frcpm.models.Subteam(959666340954100)) {
          primaryTableReference : subteams as s1_0
        }
      }
    }

10:24:10.055 [main] DEBUG org.hibernate.orm.sql.exec - Skipping reading Query result cache data: cache-enabled = false, cache-mode = NORMAL
10:24:10.055 [main] DEBUG org.hibernate.orm.results - Initializer list:
	  org.frcpm.models.Subteam(959666340954100).subsystems -> DelayedCollectionInitializer(org.frcpm.models.Subteam(959666340954100).subsystems)@1509498600 (PluralAttribute(org.frcpm.models.Subteam.subsystems))
	  org.frcpm.models.Subteam(959666340954100) -> EntityResultInitializer(org.frcpm.models.Subteam(959666340954100))@1453686179 (SingleTableEntityPersister(org.frcpm.models.Subteam))
	  org.frcpm.models.Subteam(959666340954100).members -> DelayedCollectionInitializer(org.frcpm.models.Subteam(959666340954100).members)@1650003489 (PluralAttribute(org.frcpm.models.Subteam.members))

10:24:10.055 [main] DEBUG org.hibernate.SQL - select s1_0.id,s1_0.color_code,s1_0.name,s1_0.specialties from subteams s1_0
10:24:10.055 [main] DEBUG org.hibernate.orm.results - Extracted JDBC value [0] - [1]
10:24:10.055 [main] DEBUG org.hibernate.orm.results.loading.entity - (EntityResultInitializer) Hydrated EntityKey (org.frcpm.models.Subteam(959666340954100)): 1
10:24:10.055 [main] DEBUG org.hibernate.orm.results.loading.org.hibernate.orm.results.loading.collection - (DelayedCollectionInitializer) Current row collection key : org.frcpm.models.Subteam(959666340954100).members#1
10:24:10.055 [main] DEBUG org.hibernate.orm.results.loading.org.hibernate.orm.results.loading.collection - (DelayedCollectionInitializer) Current row collection key : org.frcpm.models.Subteam(959666340954100).subsystems#1
10:24:10.056 [main] DEBUG org.hibernate.orm.results.loading.entity - (EntityResultInitializer) Created new entity instance [org.frcpm.models.Subteam(959666340954100)#1] : 1660367591
10:24:10.056 [main] DEBUG org.hibernate.orm.results - Extracted JDBC value [1] - [#FF5733]
10:24:10.056 [main] DEBUG org.hibernate.orm.results - Extracted JDBC value [2] - [Mechanical]
10:24:10.056 [main] DEBUG org.hibernate.orm.results - Extracted JDBC value [3] - [Design, CAD, Fabrication, Assembly]
10:24:10.056 [main] DEBUG org.hibernate.orm.results.loading.entity - (EntityResultInitializer) Done materializing entityInstance : org.frcpm.models.Subteam(959666340954100)#1
10:24:10.056 [main] DEBUG org.hibernate.orm.results.loading - Calling top-level assembler (0 / 1) : org.hibernate.sql.results.graph.entity.internal.EntityAssembler@238aa1c0
10:24:10.056 [main] DEBUG org.hibernate.orm.results - Extracted JDBC value [0] - [2]
10:24:10.056 [main] DEBUG org.hibernate.orm.results.loading.entity - (EntityResultInitializer) Hydrated EntityKey (org.frcpm.models.Subteam(959666340954100)): 2
10:24:10.056 [main] DEBUG org.hibernate.orm.results.loading.org.hibernate.orm.results.loading.collection - (DelayedCollectionInitializer) Current row collection key : org.frcpm.models.Subteam(959666340954100).members#2
10:24:10.056 [main] DEBUG org.hibernate.orm.results.loading.org.hibernate.orm.results.loading.collection - (DelayedCollectionInitializer) Current row collection key : org.frcpm.models.Subteam(959666340954100).subsystems#2
10:24:10.056 [main] DEBUG org.hibernate.orm.results.loading.entity - (EntityResultInitializer) Created new entity instance [org.frcpm.models.Subteam(959666340954100)#2] : 2016530268
10:24:10.056 [main] DEBUG org.hibernate.orm.results - Extracted JDBC value [1] - [#33A8FF]
10:24:10.056 [main] DEBUG org.hibernate.orm.results - Extracted JDBC value [2] - [Electrical]
10:24:10.056 [main] DEBUG org.hibernate.orm.results - Extracted JDBC value [3] - [Wiring, Electronics, Sensors, Power Systems]
10:24:10.056 [main] DEBUG org.hibernate.orm.results.loading.entity - (EntityResultInitializer) Done materializing entityInstance : org.frcpm.models.Subteam(959666340954100)#2
10:24:10.056 [main] DEBUG org.hibernate.orm.results.loading - Calling top-level assembler (0 / 1) : org.hibernate.sql.results.graph.entity.internal.EntityAssembler@238aa1c0
10:24:10.056 [main] DEBUG org.hibernate.orm.results - Extracted JDBC value [0] - [3]
10:24:10.056 [main] DEBUG org.hibernate.orm.results.loading.entity - (EntityResultInitializer) Hydrated EntityKey (org.frcpm.models.Subteam(959666340954100)): 3
10:24:10.056 [main] DEBUG org.hibernate.orm.results.loading.org.hibernate.orm.results.loading.collection - (DelayedCollectionInitializer) Current row collection key : org.frcpm.models.Subteam(959666340954100).members#3
10:24:10.056 [main] DEBUG org.hibernate.orm.results.loading.org.hibernate.orm.results.loading.collection - (DelayedCollectionInitializer) Current row collection key : org.frcpm.models.Subteam(959666340954100).subsystems#3
10:24:10.056 [main] DEBUG org.hibernate.orm.results.loading.entity - (EntityResultInitializer) Created new entity instance [org.frcpm.models.Subteam(959666340954100)#3] : 1282927444
10:24:10.056 [main] DEBUG org.hibernate.orm.results - Extracted JDBC value [1] - [#33FF57]
10:24:10.056 [main] DEBUG org.hibernate.orm.results - Extracted JDBC value [2] - [Programming]
10:24:10.056 [main] DEBUG org.hibernate.orm.results - Extracted JDBC value [3] - [Java, Vision, Control Systems, Autonomous]
10:24:10.056 [main] DEBUG org.hibernate.orm.results.loading.entity - (EntityResultInitializer) Done materializing entityInstance : org.frcpm.models.Subteam(959666340954100)#3
10:24:10.056 [main] DEBUG org.hibernate.orm.results.loading - Calling top-level assembler (0 / 1) : org.hibernate.sql.results.graph.entity.internal.EntityAssembler@238aa1c0
10:24:10.056 [main] DEBUG org.hibernate.orm.results - Extracted JDBC value [0] - [4]
10:24:10.056 [main] DEBUG org.hibernate.orm.results.loading.entity - (EntityResultInitializer) Hydrated EntityKey (org.frcpm.models.Subteam(959666340954100)): 4
10:24:10.056 [main] DEBUG org.hibernate.orm.results.loading.org.hibernate.orm.results.loading.collection - (DelayedCollectionInitializer) Current row collection key : org.frcpm.models.Subteam(959666340954100).members#4
10:24:10.056 [main] DEBUG org.hibernate.orm.results.loading.org.hibernate.orm.results.loading.collection - (DelayedCollectionInitializer) Current row collection key : org.frcpm.models.Subteam(959666340954100).subsystems#4
10:24:10.056 [main] DEBUG org.hibernate.orm.results.loading.entity - (EntityResultInitializer) Created new entity instance [org.frcpm.models.Subteam(959666340954100)#4] : 816312878
10:24:10.056 [main] DEBUG org.hibernate.orm.results - Extracted JDBC value [1] - [#FF33A8]
10:24:10.056 [main] DEBUG org.hibernate.orm.results - Extracted JDBC value [2] - [Business]
10:24:10.056 [main] DEBUG org.hibernate.orm.results - Extracted JDBC value [3] - [Fundraising, Marketing, Outreach, Awards]
10:24:10.056 [main] DEBUG org.hibernate.orm.results.loading.entity - (EntityResultInitializer) Done materializing entityInstance : org.frcpm.models.Subteam(959666340954100)#4
10:24:10.056 [main] DEBUG org.hibernate.orm.results.loading - Calling top-level assembler (0 / 1) : org.hibernate.sql.results.graph.entity.internal.EntityAssembler@238aa1c0
10:24:10.056 [main] DEBUG org.hibernate.orm.results - Extracted JDBC value [0] - [24]
10:24:10.056 [main] DEBUG org.hibernate.orm.results.loading.entity - (EntityResultInitializer) Hydrated EntityKey (org.frcpm.models.Subteam(959666340954100)): 24
10:24:10.056 [main] DEBUG org.hibernate.orm.results.loading.org.hibernate.orm.results.loading.collection - (DelayedCollectionInitializer) Current row collection key : org.frcpm.models.Subteam(959666340954100).members#24
10:24:10.056 [main] DEBUG org.hibernate.orm.results.loading.org.hibernate.orm.results.loading.collection - (DelayedCollectionInitializer) Current row collection key : org.frcpm.models.Subteam(959666340954100).subsystems#24
10:24:10.056 [main] DEBUG org.hibernate.orm.results.loading.entity - (EntityResultInitializer) Created new entity instance [org.frcpm.models.Subteam(959666340954100)#24] : 1729555268
10:24:10.056 [main] DEBUG org.hibernate.orm.results - Extracted JDBC value [1] - [#0000FF]
10:24:10.056 [main] DEBUG org.hibernate.orm.results - Extracted JDBC value [2] - [Test Count Subteam]
10:24:10.056 [main] DEBUG org.hibernate.orm.results - Extracted JDBC value [3] - [null]
10:24:10.056 [main] DEBUG org.hibernate.orm.results.loading.entity - (EntityResultInitializer) Done materializing entityInstance : org.frcpm.models.Subteam(959666340954100)#24
10:24:10.056 [main] DEBUG org.hibernate.orm.results.loading - Calling top-level assembler (0 / 1) : org.hibernate.sql.results.graph.entity.internal.EntityAssembler@238aa1c0
10:24:10.056 [main] DEBUG org.hibernate.orm.results - Extracted JDBC value [0] - [27]
10:24:10.056 [main] DEBUG org.hibernate.orm.results.loading.entity - (EntityResultInitializer) Hydrated EntityKey (org.frcpm.models.Subteam(959666340954100)): 27
10:24:10.056 [main] DEBUG org.hibernate.orm.results.loading.org.hibernate.orm.results.loading.collection - (DelayedCollectionInitializer) Current row collection key : org.frcpm.models.Subteam(959666340954100).members#27
10:24:10.056 [main] DEBUG org.hibernate.orm.results.loading.org.hibernate.orm.results.loading.collection - (DelayedCollectionInitializer) Current row collection key : org.frcpm.models.Subteam(959666340954100).subsystems#27
10:24:10.056 [main] DEBUG org.hibernate.orm.results.loading.entity - (EntityResultInitializer) Created new entity instance [org.frcpm.models.Subteam(959666340954100)#27] : 194339335
10:24:10.056 [main] DEBUG org.hibernate.orm.results - Extracted JDBC value [1] - [#0000FF]
10:24:10.056 [main] DEBUG org.hibernate.orm.results - Extracted JDBC value [2] - [Test Save Subteam]
10:24:10.056 [main] DEBUG org.hibernate.orm.results - Extracted JDBC value [3] - [Testing]
10:24:10.056 [main] DEBUG org.hibernate.orm.results.loading.entity - (EntityResultInitializer) Done materializing entityInstance : org.frcpm.models.Subteam(959666340954100)#27
10:24:10.056 [main] DEBUG org.hibernate.orm.results.loading - Calling top-level assembler (0 / 1) : org.hibernate.sql.results.graph.entity.internal.EntityAssembler@238aa1c0
10:24:10.056 [main] DEBUG org.hibernate.orm.results - Extracted JDBC value [0] - [42]
10:24:10.056 [main] DEBUG org.hibernate.orm.results.loading.entity - (EntityResultInitializer) Hydrated EntityKey (org.frcpm.models.Subteam(959666340954100)): 42
10:24:10.056 [main] DEBUG org.hibernate.orm.results.loading.org.hibernate.orm.results.loading.collection - (DelayedCollectionInitializer) Current row collection key : org.frcpm.models.Subteam(959666340954100).members#42
10:24:10.056 [main] DEBUG org.hibernate.orm.results.loading.org.hibernate.orm.results.loading.collection - (DelayedCollectionInitializer) Current row collection key : org.frcpm.models.Subteam(959666340954100).subsystems#42
10:24:10.056 [main] DEBUG org.hibernate.orm.results.loading.entity - (EntityResultInitializer) Created new entity instance [org.frcpm.models.Subteam(959666340954100)#42] : 1789125179
10:24:10.056 [main] DEBUG org.hibernate.orm.results - Extracted JDBC value [1] - [#00FFFF]
10:24:10.056 [main] DEBUG org.hibernate.orm.results - Extracted JDBC value [2] - [Updated Subteam Name]
10:24:10.056 [main] DEBUG org.hibernate.orm.results - Extracted JDBC value [3] - [null]
10:24:10.056 [main] DEBUG org.hibernate.orm.results.loading.entity - (EntityResultInitializer) Done materializing entityInstance : org.frcpm.models.Subteam(959666340954100)#42
10:24:10.056 [main] DEBUG org.hibernate.orm.results.loading - Calling top-level assembler (0 / 1) : org.hibernate.sql.results.graph.entity.internal.EntityAssembler@238aa1c0
10:24:10.056 [main] DEBUG org.hibernate.orm.results - Extracted JDBC value [0] - [67]
10:24:10.056 [main] DEBUG org.hibernate.orm.results.loading.entity - (EntityResultInitializer) Hydrated EntityKey (org.frcpm.models.Subteam(959666340954100)): 67
10:24:10.056 [main] DEBUG org.hibernate.orm.results.loading.org.hibernate.orm.results.loading.collection - (DelayedCollectionInitializer) Current row collection key : org.frcpm.models.Subteam(959666340954100).members#67
10:24:10.056 [main] DEBUG org.hibernate.orm.results.loading.org.hibernate.orm.results.loading.collection - (DelayedCollectionInitializer) Current row collection key : org.frcpm.models.Subteam(959666340954100).subsystems#67
10:24:10.056 [main] DEBUG org.hibernate.orm.results.loading.entity - (EntityResultInitializer) Created new entity instance [org.frcpm.models.Subteam(959666340954100)#67] : 1910739874
10:24:10.057 [main] DEBUG org.hibernate.orm.results - Extracted JDBC value [1] - [#0000FF]
10:24:10.057 [main] DEBUG org.hibernate.orm.results - Extracted JDBC value [2] - [Test Create Service Subteam]
10:24:10.057 [main] DEBUG org.hibernate.orm.results - Extracted JDBC value [3] - [Testing, Quality Assurance]
10:24:10.057 [main] DEBUG org.hibernate.orm.results.loading.entity - (EntityResultInitializer) Done materializing entityInstance : org.frcpm.models.Subteam(959666340954100)#67
10:24:10.057 [main] DEBUG org.hibernate.orm.results.loading - Calling top-level assembler (0 / 1) : org.hibernate.sql.results.graph.entity.internal.EntityAssembler@238aa1c0
10:24:10.057 [main] DEBUG org.hibernate.orm.results - Extracted JDBC value [0] - [70]
10:24:10.057 [main] DEBUG org.hibernate.orm.results.loading.entity - (EntityResultInitializer) Hydrated EntityKey (org.frcpm.models.Subteam(959666340954100)): 70
10:24:10.057 [main] DEBUG org.hibernate.orm.results.loading.org.hibernate.orm.results.loading.collection - (DelayedCollectionInitializer) Current row collection key : org.frcpm.models.Subteam(959666340954100).members#70
10:24:10.057 [main] DEBUG org.hibernate.orm.results.loading.org.hibernate.orm.results.loading.collection - (DelayedCollectionInitializer) Current row collection key : org.frcpm.models.Subteam(959666340954100).subsystems#70
10:24:10.057 [main] DEBUG org.hibernate.orm.results.loading.entity - (EntityResultInitializer) Created new entity instance [org.frcpm.models.Subteam(959666340954100)#70] : 1086742413
10:24:10.057 [main] DEBUG org.hibernate.orm.results - Extracted JDBC value [1] - [#00FFFF]
10:24:10.057 [main] DEBUG org.hibernate.orm.results - Extracted JDBC value [2] - [Test Color Update Subteam]
10:24:10.057 [main] DEBUG org.hibernate.orm.results - Extracted JDBC value [3] - [Specialties]
10:24:10.057 [main] DEBUG org.hibernate.orm.results.loading.entity - (EntityResultInitializer) Done materializing entityInstance : org.frcpm.models.Subteam(959666340954100)#70
10:24:10.057 [main] DEBUG org.hibernate.orm.results.loading - Calling top-level assembler (0 / 1) : org.hibernate.sql.results.graph.entity.internal.EntityAssembler@238aa1c0
10:24:10.057 [main] DEBUG org.hibernate.orm.results - Extracted JDBC value [0] - [79]
10:24:10.057 [main] DEBUG org.hibernate.orm.results.loading.entity - (EntityResultInitializer) Hydrated EntityKey (org.frcpm.models.Subteam(959666340954100)): 79
10:24:10.057 [main] DEBUG org.hibernate.orm.results.loading.org.hibernate.orm.results.loading.collection - (DelayedCollectionInitializer) Current row collection key : org.frcpm.models.Subteam(959666340954100).members#79
10:24:10.057 [main] DEBUG org.hibernate.orm.results.loading.org.hibernate.orm.results.loading.collection - (DelayedCollectionInitializer) Current row collection key : org.frcpm.models.Subteam(959666340954100).subsystems#79
10:24:10.057 [main] DEBUG org.hibernate.orm.results.loading.entity - (EntityResultInitializer) Created new entity instance [org.frcpm.models.Subteam(959666340954100)#79] : 856653088
10:24:10.057 [main] DEBUG org.hibernate.orm.results - Extracted JDBC value [1] - [#0000FF]
10:24:10.057 [main] DEBUG org.hibernate.orm.results - Extracted JDBC value [2] - [Test Update Subteam]
10:24:10.057 [main] DEBUG org.hibernate.orm.results - Extracted JDBC value [3] - [Updated Specialties]
10:24:10.057 [main] DEBUG org.hibernate.orm.results.loading.entity - (EntityResultInitializer) Done materializing entityInstance : org.frcpm.models.Subteam(959666340954100)#79
10:24:10.057 [main] DEBUG org.hibernate.orm.results.loading - Calling top-level assembler (0 / 1) : org.hibernate.sql.results.graph.entity.internal.EntityAssembler@238aa1c0
10:24:10.057 [main] DEBUG org.hibernate.orm.results - Extracted JDBC value [0] - [87]
10:24:10.057 [main] DEBUG org.hibernate.orm.results.loading.entity - (EntityResultInitializer) Hydrated EntityKey (org.frcpm.models.Subteam(959666340954100)): 87
10:24:10.057 [main] DEBUG org.hibernate.orm.results.loading.org.hibernate.orm.results.loading.collection - (DelayedCollectionInitializer) Current row collection key : org.frcpm.models.Subteam(959666340954100).members#87
10:24:10.057 [main] DEBUG org.hibernate.orm.results.loading.org.hibernate.orm.results.loading.collection - (DelayedCollectionInitializer) Current row collection key : org.frcpm.models.Subteam(959666340954100).subsystems#87
10:24:10.057 [main] DEBUG org.hibernate.orm.results.loading.entity - (EntityResultInitializer) Created new entity instance [org.frcpm.models.Subteam(959666340954100)#87] : 111864851
10:24:10.057 [main] DEBUG org.hibernate.orm.results - Extracted JDBC value [1] - [#0000FF]
10:24:10.057 [main] DEBUG org.hibernate.orm.results - Extracted JDBC value [2] - [Duplicate Name Subteam]
10:24:10.057 [main] DEBUG org.hibernate.orm.results - Extracted JDBC value [3] - [Specialties]
10:24:10.057 [main] DEBUG org.hibernate.orm.results.loading.entity - (EntityResultInitializer) Done materializing entityInstance : org.frcpm.models.Subteam(959666340954100)#87
10:24:10.057 [main] DEBUG org.hibernate.orm.results.loading - Calling top-level assembler (0 / 1) : org.hibernate.sql.results.graph.entity.internal.EntityAssembler@238aa1c0
10:24:10.057 [main] DEBUG org.hibernate.resource.jdbc.internal.LogicalConnectionManagedImpl - Initiating JDBC connection release from afterTransaction
10:24:10.057 [main] DEBUG org.hibernate.resource.jdbc.internal.LogicalConnectionManagedImpl - Initiating JDBC connection release from afterTransaction
]]></system-out>
  </testcase>
  <testcase name="testTestInitialize" classname="org.frcpm.controllers.TeamControllerTest" time="0.021">
    <system-out><![CDATA[10:24:10.066 [main] DEBUG org.hibernate.orm.sql.ast.create - Created new SQL alias : tm1_0
10:24:10.066 [main] DEBUG org.hibernate.orm.sql.ast.create - Registration of TableGroup [StandardTableGroup(org.frcpm.models.TeamMember(959666352643000))] with identifierForTableGroup [org.frcpm.models.TeamMember] for NavigablePath [org.frcpm.models.TeamMember] 
10:24:10.067 [main] DEBUG org.hibernate.orm.sql.ast.create - Registration of TableGroup [org.hibernate.sql.ast.tree.from.LazyTableGroup@76813d96] with identifierForTableGroup [org.frcpm.models.TeamMember.subteam] for NavigablePath [org.frcpm.models.TeamMember.subteam] 
10:24:10.067 [main] DEBUG org.hibernate.orm.results.graph.AST - DomainResult Graph:
 \-EntityResultImpl [org.frcpm.models.TeamMember(959666352643000)]
 |  +-DelayedCollectionFetch [org.frcpm.models.TeamMember(959666352643000).assignedTasks]
 |  +-DelayedCollectionFetch [org.frcpm.models.TeamMember(959666352643000).attendances]
 |  +-BasicFetch [org.frcpm.models.TeamMember(959666352643000).email]
 |  +-BasicFetch [org.frcpm.models.TeamMember(959666352643000).firstName]
 |  +-BasicFetch [org.frcpm.models.TeamMember(959666352643000).lastName]
 |  +-BasicFetch [org.frcpm.models.TeamMember(959666352643000).leader]
 |  +-BasicFetch [org.frcpm.models.TeamMember(959666352643000).phone]
 |  +-BasicFetch [org.frcpm.models.TeamMember(959666352643000).skills]
 |  +-CircularFetchImpl [org.frcpm.models.TeamMember(959666352643000).subteam]
 |  \-BasicFetch [org.frcpm.models.TeamMember(959666352643000).username]

10:24:10.067 [main] DEBUG org.hibernate.orm.sql.ast.tree - SQL AST Tree:
    SelectStatement {
      FromClause {
        StandardTableGroup (tm1 : org.frcpm.models.TeamMember(959666352643000)) {
          primaryTableReference : team_members as tm1_0
          TableGroupJoins {
            left  join LazyTableGroup (s1 : org.frcpm.models.TeamMember(959666352643000).subteam) {
            }
          }
        }
      }
    }

10:24:10.067 [main] DEBUG org.hibernate.orm.sql.exec - Skipping reading Query result cache data: cache-enabled = false, cache-mode = NORMAL
10:24:10.068 [main] DEBUG org.hibernate.orm.results - Initializer list:
	  org.frcpm.models.TeamMember(959666352643000).attendances -> DelayedCollectionInitializer(org.frcpm.models.TeamMember(959666352643000).attendances)@1440170654 (PluralAttribute(org.frcpm.models.TeamMember.attendances))
	  org.frcpm.models.TeamMember(959666352643000).subteam -> EntityDelayedFetchInitializer(org.frcpm.models.TeamMember(959666352643000).subteam)@213782367 (ToOneAttributeMapping(NavigableRole[org.frcpm.models.TeamMember.subteam])@1143917207)
	  org.frcpm.models.TeamMember(959666352643000).assignedTasks -> DelayedCollectionInitializer(org.frcpm.models.TeamMember(959666352643000).assignedTasks)@1768433006 (PluralAttribute(org.frcpm.models.TeamMember.assignedTasks))
	  org.frcpm.models.TeamMember(959666352643000) -> EntityResultInitializer(org.frcpm.models.TeamMember(959666352643000))@385538136 (SingleTableEntityPersister(org.frcpm.models.TeamMember))

10:24:10.068 [main] DEBUG org.hibernate.SQL - select tm1_0.id,tm1_0.email,tm1_0.first_name,tm1_0.last_name,tm1_0.is_leader,tm1_0.phone,tm1_0.skills,tm1_0.subteam_id,tm1_0.username from team_members tm1_0
10:24:10.069 [main] DEBUG org.hibernate.orm.results - Extracted JDBC value [0] - [1]
10:24:10.069 [main] DEBUG org.hibernate.orm.results.loading.entity - (EntityResultInitializer) Hydrated EntityKey (org.frcpm.models.TeamMember(959666352643000)): 1
10:24:10.069 [main] DEBUG org.hibernate.orm.results.loading.org.hibernate.orm.results.loading.collection - (DelayedCollectionInitializer) Current row collection key : org.frcpm.models.TeamMember(959666352643000).assignedTasks#1
10:24:10.069 [main] DEBUG org.hibernate.orm.results.loading.org.hibernate.orm.results.loading.collection - (DelayedCollectionInitializer) Current row collection key : org.frcpm.models.TeamMember(959666352643000).attendances#1
10:24:10.069 [main] DEBUG org.hibernate.orm.results.loading.entity - (EntityResultInitializer) Created new entity instance [org.frcpm.models.TeamMember(959666352643000)#1] : 763724207
10:24:10.069 [main] DEBUG org.hibernate.orm.results - Extracted JDBC value [7] - [3]
10:24:10.070 [main] DEBUG org.hibernate.orm.results - Extracted JDBC value [1] - [jsmith@example.com]
10:24:10.070 [main] DEBUG org.hibernate.orm.results - Extracted JDBC value [2] - [John]
10:24:10.070 [main] DEBUG org.hibernate.orm.results - Extracted JDBC value [3] - [Smith]
10:24:10.070 [main] DEBUG org.hibernate.orm.results - Extracted JDBC value [4] - [true]
10:24:10.070 [main] DEBUG org.hibernate.orm.results - Extracted JDBC value [5] - [555-1234]
10:24:10.070 [main] DEBUG org.hibernate.orm.results - Extracted JDBC value [6] - [Java, Python, Control Systems]
10:24:10.070 [main] DEBUG org.hibernate.orm.results - Extracted JDBC value [8] - [jsmith]
10:24:10.070 [main] DEBUG org.hibernate.orm.results.loading.entity - (EntityResultInitializer) Done materializing entityInstance : org.frcpm.models.TeamMember(959666352643000)#1
10:24:10.070 [main] DEBUG org.hibernate.orm.results.loading - Calling top-level assembler (0 / 1) : org.hibernate.sql.results.graph.entity.internal.EntityAssembler@501ccde9
10:24:10.070 [main] DEBUG org.hibernate.orm.results - Extracted JDBC value [0] - [2]
10:24:10.070 [main] DEBUG org.hibernate.orm.results.loading.entity - (EntityResultInitializer) Hydrated EntityKey (org.frcpm.models.TeamMember(959666352643000)): 2
10:24:10.070 [main] DEBUG org.hibernate.orm.results.loading.org.hibernate.orm.results.loading.collection - (DelayedCollectionInitializer) Current row collection key : org.frcpm.models.TeamMember(959666352643000).assignedTasks#2
10:24:10.070 [main] DEBUG org.hibernate.orm.results.loading.org.hibernate.orm.results.loading.collection - (DelayedCollectionInitializer) Current row collection key : org.frcpm.models.TeamMember(959666352643000).attendances#2
10:24:10.070 [main] DEBUG org.hibernate.orm.results.loading.entity - (EntityResultInitializer) Created new entity instance [org.frcpm.models.TeamMember(959666352643000)#2] : 1368766140
10:24:10.070 [main] DEBUG org.hibernate.orm.results - Extracted JDBC value [7] - [1]
10:24:10.071 [main] DEBUG org.hibernate.orm.results - Extracted JDBC value [1] - [agarcia@example.com]
10:24:10.071 [main] DEBUG org.hibernate.orm.results - Extracted JDBC value [2] - [Ana]
10:24:10.071 [main] DEBUG org.hibernate.orm.results - Extracted JDBC value [3] - [Garcia]
10:24:10.071 [main] DEBUG org.hibernate.orm.results - Extracted JDBC value [4] - [true]
10:24:10.071 [main] DEBUG org.hibernate.orm.results - Extracted JDBC value [5] - [555-5678]
10:24:10.071 [main] DEBUG org.hibernate.orm.results - Extracted JDBC value [6] - [CAD, Design, Machining]
10:24:10.071 [main] DEBUG org.hibernate.orm.results - Extracted JDBC value [8] - [agarcia]
10:24:10.071 [main] DEBUG org.hibernate.orm.results.loading.entity - (EntityResultInitializer) Done materializing entityInstance : org.frcpm.models.TeamMember(959666352643000)#2
10:24:10.071 [main] DEBUG org.hibernate.orm.results.loading - Calling top-level assembler (0 / 1) : org.hibernate.sql.results.graph.entity.internal.EntityAssembler@501ccde9
10:24:10.071 [main] DEBUG org.hibernate.orm.results - Extracted JDBC value [0] - [3]
10:24:10.071 [main] DEBUG org.hibernate.orm.results.loading.entity - (EntityResultInitializer) Hydrated EntityKey (org.frcpm.models.TeamMember(959666352643000)): 3
10:24:10.071 [main] DEBUG org.hibernate.orm.results.loading.org.hibernate.orm.results.loading.collection - (DelayedCollectionInitializer) Current row collection key : org.frcpm.models.TeamMember(959666352643000).assignedTasks#3
10:24:10.071 [main] DEBUG org.hibernate.orm.results.loading.org.hibernate.orm.results.loading.collection - (DelayedCollectionInitializer) Current row collection key : org.frcpm.models.TeamMember(959666352643000).attendances#3
10:24:10.071 [main] DEBUG org.hibernate.orm.results.loading.entity - (EntityResultInitializer) Created new entity instance [org.frcpm.models.TeamMember(959666352643000)#3] : 282030384
10:24:10.071 [main] DEBUG org.hibernate.orm.results - Extracted JDBC value [7] - [2]
10:24:10.071 [main] DEBUG org.hibernate.orm.results - Extracted JDBC value [1] - [twong@example.com]
10:24:10.071 [main] DEBUG org.hibernate.orm.results - Extracted JDBC value [2] - [Tyler]
10:24:10.071 [main] DEBUG org.hibernate.orm.results - Extracted JDBC value [3] - [Wong]
10:24:10.071 [main] DEBUG org.hibernate.orm.results - Extracted JDBC value [4] - [true]
10:24:10.071 [main] DEBUG org.hibernate.orm.results - Extracted JDBC value [5] - [555-9012]
10:24:10.071 [main] DEBUG org.hibernate.orm.results - Extracted JDBC value [6] - [Electronics, Wiring, Soldering]
10:24:10.071 [main] DEBUG org.hibernate.orm.results - Extracted JDBC value [8] - [twong]
10:24:10.071 [main] DEBUG org.hibernate.orm.results.loading.entity - (EntityResultInitializer) Done materializing entityInstance : org.frcpm.models.TeamMember(959666352643000)#3
10:24:10.071 [main] DEBUG org.hibernate.orm.results.loading - Calling top-level assembler (0 / 1) : org.hibernate.sql.results.graph.entity.internal.EntityAssembler@501ccde9
10:24:10.071 [main] DEBUG org.hibernate.orm.results - Extracted JDBC value [0] - [4]
10:24:10.071 [main] DEBUG org.hibernate.orm.results.loading.entity - (EntityResultInitializer) Hydrated EntityKey (org.frcpm.models.TeamMember(959666352643000)): 4
10:24:10.071 [main] DEBUG org.hibernate.orm.results.loading.org.hibernate.orm.results.loading.collection - (DelayedCollectionInitializer) Current row collection key : org.frcpm.models.TeamMember(959666352643000).assignedTasks#4
10:24:10.071 [main] DEBUG org.hibernate.orm.results.loading.org.hibernate.orm.results.loading.collection - (DelayedCollectionInitializer) Current row collection key : org.frcpm.models.TeamMember(959666352643000).attendances#4
10:24:10.071 [main] DEBUG org.hibernate.orm.results.loading.entity - (EntityResultInitializer) Created new entity instance [org.frcpm.models.TeamMember(959666352643000)#4] : 440764905
10:24:10.071 [main] DEBUG org.hibernate.orm.results - Extracted JDBC value [7] - [4]
10:24:10.071 [main] DEBUG org.hibernate.orm.results - Extracted JDBC value [1] - [lchen@example.com]
10:24:10.071 [main] DEBUG org.hibernate.orm.results - Extracted JDBC value [2] - [Lisa]
10:24:10.071 [main] DEBUG org.hibernate.orm.results - Extracted JDBC value [3] - [Chen]
10:24:10.071 [main] DEBUG org.hibernate.orm.results - Extracted JDBC value [4] - [true]
10:24:10.071 [main] DEBUG org.hibernate.orm.results - Extracted JDBC value [5] - [555-3456]
10:24:10.071 [main] DEBUG org.hibernate.orm.results - Extracted JDBC value [6] - [Marketing, Social Media, Presentations]
10:24:10.072 [main] DEBUG org.hibernate.orm.results - Extracted JDBC value [8] - [lchen]
10:24:10.072 [main] DEBUG org.hibernate.orm.results.loading.entity - (EntityResultInitializer) Done materializing entityInstance : org.frcpm.models.TeamMember(959666352643000)#4
10:24:10.072 [main] DEBUG org.hibernate.orm.results.loading - Calling top-level assembler (0 / 1) : org.hibernate.sql.results.graph.entity.internal.EntityAssembler@501ccde9
10:24:10.072 [main] DEBUG org.hibernate.orm.results - Extracted JDBC value [0] - [5]
10:24:10.072 [main] DEBUG org.hibernate.orm.results.loading.entity - (EntityResultInitializer) Hydrated EntityKey (org.frcpm.models.TeamMember(959666352643000)): 5
10:24:10.072 [main] DEBUG org.hibernate.orm.results.loading.org.hibernate.orm.results.loading.collection - (DelayedCollectionInitializer) Current row collection key : org.frcpm.models.TeamMember(959666352643000).assignedTasks#5
10:24:10.072 [main] DEBUG org.hibernate.orm.results.loading.org.hibernate.orm.results.loading.collection - (DelayedCollectionInitializer) Current row collection key : org.frcpm.models.TeamMember(959666352643000).attendances#5
10:24:10.072 [main] DEBUG org.hibernate.orm.results.loading.entity - (EntityResultInitializer) Created new entity instance [org.frcpm.models.TeamMember(959666352643000)#5] : 1647270685
10:24:10.072 [main] DEBUG org.hibernate.orm.results - Extracted JDBC value [7] - [1]
10:24:10.072 [main] DEBUG org.hibernate.orm.results - Extracted JDBC value [1] - [mjohnson@example.com]
10:24:10.072 [main] DEBUG org.hibernate.orm.results - Extracted JDBC value [2] - [Mike]
10:24:10.072 [main] DEBUG org.hibernate.orm.results - Extracted JDBC value [3] - [Johnson]
10:24:10.072 [main] DEBUG org.hibernate.orm.results - Extracted JDBC value [4] - [false]
10:24:10.072 [main] DEBUG org.hibernate.orm.results - Extracted JDBC value [5] - [555-7890]
10:24:10.072 [main] DEBUG org.hibernate.orm.results - Extracted JDBC value [6] - [CAD, 3D Printing, Prototyping]
10:24:10.072 [main] DEBUG org.hibernate.orm.results - Extracted JDBC value [8] - [mjohnson]
10:24:10.072 [main] DEBUG org.hibernate.orm.results.loading.entity - (EntityResultInitializer) Done materializing entityInstance : org.frcpm.models.TeamMember(959666352643000)#5
10:24:10.072 [main] DEBUG org.hibernate.orm.results.loading - Calling top-level assembler (0 / 1) : org.hibernate.sql.results.graph.entity.internal.EntityAssembler@501ccde9
10:24:10.072 [main] DEBUG org.hibernate.orm.results - Extracted JDBC value [0] - [6]
10:24:10.072 [main] DEBUG org.hibernate.orm.results.loading.entity - (EntityResultInitializer) Hydrated EntityKey (org.frcpm.models.TeamMember(959666352643000)): 6
10:24:10.072 [main] DEBUG org.hibernate.orm.results.loading.org.hibernate.orm.results.loading.collection - (DelayedCollectionInitializer) Current row collection key : org.frcpm.models.TeamMember(959666352643000).assignedTasks#6
10:24:10.072 [main] DEBUG org.hibernate.orm.results.loading.org.hibernate.orm.results.loading.collection - (DelayedCollectionInitializer) Current row collection key : org.frcpm.models.TeamMember(959666352643000).attendances#6
10:24:10.072 [main] DEBUG org.hibernate.orm.results.loading.entity - (EntityResultInitializer) Created new entity instance [org.frcpm.models.TeamMember(959666352643000)#6] : 1838449315
10:24:10.072 [main] DEBUG org.hibernate.orm.results - Extracted JDBC value [7] - [3]
10:24:10.072 [main] DEBUG org.hibernate.orm.results - Extracted JDBC value [1] - [sdavis@example.com]
10:24:10.072 [main] DEBUG org.hibernate.orm.results - Extracted JDBC value [2] - [Sarah]
10:24:10.072 [main] DEBUG org.hibernate.orm.results - Extracted JDBC value [3] - [Davis]
10:24:10.072 [main] DEBUG org.hibernate.orm.results - Extracted JDBC value [4] - [false]
10:24:10.072 [main] DEBUG org.hibernate.orm.results - Extracted JDBC value [5] - [555-2345]
10:24:10.072 [main] DEBUG org.hibernate.orm.results - Extracted JDBC value [6] - [Computer Vision, Machine Learning]
10:24:10.072 [main] DEBUG org.hibernate.orm.results - Extracted JDBC value [8] - [sdavis]
10:24:10.072 [main] DEBUG org.hibernate.orm.results.loading.entity - (EntityResultInitializer) Done materializing entityInstance : org.frcpm.models.TeamMember(959666352643000)#6
10:24:10.072 [main] DEBUG org.hibernate.orm.results.loading - Calling top-level assembler (0 / 1) : org.hibernate.sql.results.graph.entity.internal.EntityAssembler@501ccde9
10:24:10.072 [main] DEBUG org.hibernate.orm.results - Extracted JDBC value [0] - [36]
10:24:10.072 [main] DEBUG org.hibernate.orm.results.loading.entity - (EntityResultInitializer) Hydrated EntityKey (org.frcpm.models.TeamMember(959666352643000)): 36
10:24:10.072 [main] DEBUG org.hibernate.orm.results.loading.org.hibernate.orm.results.loading.collection - (DelayedCollectionInitializer) Current row collection key : org.frcpm.models.TeamMember(959666352643000).assignedTasks#36
10:24:10.072 [main] DEBUG org.hibernate.orm.results.loading.org.hibernate.orm.results.loading.collection - (DelayedCollectionInitializer) Current row collection key : org.frcpm.models.TeamMember(959666352643000).attendances#36
10:24:10.072 [main] DEBUG org.hibernate.orm.results.loading.entity - (EntityResultInitializer) Created new entity instance [org.frcpm.models.TeamMember(959666352643000)#36] : 1548164011
10:24:10.072 [main] DEBUG org.hibernate.orm.results - Extracted JDBC value [7] - [null]
10:24:10.072 [main] DEBUG org.hibernate.orm.results - Extracted JDBC value [1] - [tasktest@example.com]
10:24:10.072 [main] DEBUG org.hibernate.orm.results - Extracted JDBC value [2] - [Task]
10:24:10.072 [main] DEBUG org.hibernate.orm.results - Extracted JDBC value [3] - [Test]
10:24:10.072 [main] DEBUG org.hibernate.orm.results - Extracted JDBC value [4] - [false]
10:24:10.072 [main] DEBUG org.hibernate.orm.results - Extracted JDBC value [5] - [null]
10:24:10.072 [main] DEBUG org.hibernate.orm.results - Extracted JDBC value [6] - [null]
10:24:10.072 [main] DEBUG org.hibernate.orm.results - Extracted JDBC value [8] - [tasktestuser_1745594395337]
10:24:10.072 [main] DEBUG org.hibernate.orm.results.loading.entity - (EntityResultInitializer) Done materializing entityInstance : org.frcpm.models.TeamMember(959666352643000)#36
10:24:10.072 [main] DEBUG org.hibernate.orm.results.loading - Calling top-level assembler (0 / 1) : org.hibernate.sql.results.graph.entity.internal.EntityAssembler@501ccde9
10:24:10.072 [main] DEBUG org.hibernate.orm.results - Extracted JDBC value [0] - [37]
10:24:10.072 [main] DEBUG org.hibernate.orm.results.loading.entity - (EntityResultInitializer) Hydrated EntityKey (org.frcpm.models.TeamMember(959666352643000)): 37
10:24:10.072 [main] DEBUG org.hibernate.orm.results.loading.org.hibernate.orm.results.loading.collection - (DelayedCollectionInitializer) Current row collection key : org.frcpm.models.TeamMember(959666352643000).assignedTasks#37
10:24:10.072 [main] DEBUG org.hibernate.orm.results.loading.org.hibernate.orm.results.loading.collection - (DelayedCollectionInitializer) Current row collection key : org.frcpm.models.TeamMember(959666352643000).attendances#37
10:24:10.072 [main] DEBUG org.hibernate.orm.results.loading.entity - (EntityResultInitializer) Created new entity instance [org.frcpm.models.TeamMember(959666352643000)#37] : 439245378
10:24:10.072 [main] DEBUG org.hibernate.orm.results - Extracted JDBC value [7] - [null]
10:24:10.072 [main] DEBUG org.hibernate.orm.results - Extracted JDBC value [1] - [tasktest@example.com]
10:24:10.072 [main] DEBUG org.hibernate.orm.results - Extracted JDBC value [2] - [Task]
10:24:10.072 [main] DEBUG org.hibernate.orm.results - Extracted JDBC value [3] - [Test]
10:24:10.072 [main] DEBUG org.hibernate.orm.results - Extracted JDBC value [4] - [false]
10:24:10.072 [main] DEBUG org.hibernate.orm.results - Extracted JDBC value [5] - [null]
10:24:10.072 [main] DEBUG org.hibernate.orm.results - Extracted JDBC value [6] - [null]
10:24:10.072 [main] DEBUG org.hibernate.orm.results - Extracted JDBC value [8] - [tasktestuser_1745594395698]
10:24:10.072 [main] DEBUG org.hibernate.orm.results.loading.entity - (EntityResultInitializer) Done materializing entityInstance : org.frcpm.models.TeamMember(959666352643000)#37
10:24:10.072 [main] DEBUG org.hibernate.orm.results.loading - Calling top-level assembler (0 / 1) : org.hibernate.sql.results.graph.entity.internal.EntityAssembler@501ccde9
10:24:10.072 [main] DEBUG org.hibernate.orm.results - Extracted JDBC value [0] - [38]
10:24:10.072 [main] DEBUG org.hibernate.orm.results.loading.entity - (EntityResultInitializer) Hydrated EntityKey (org.frcpm.models.TeamMember(959666352643000)): 38
10:24:10.072 [main] DEBUG org.hibernate.orm.results.loading.org.hibernate.orm.results.loading.collection - (DelayedCollectionInitializer) Current row collection key : org.frcpm.models.TeamMember(959666352643000).assignedTasks#38
10:24:10.072 [main] DEBUG org.hibernate.orm.results.loading.org.hibernate.orm.results.loading.collection - (DelayedCollectionInitializer) Current row collection key : org.frcpm.models.TeamMember(959666352643000).attendances#38
10:24:10.072 [main] DEBUG org.hibernate.orm.results.loading.entity - (EntityResultInitializer) Created new entity instance [org.frcpm.models.TeamMember(959666352643000)#38] : 958613130
10:24:10.072 [main] DEBUG org.hibernate.orm.results - Extracted JDBC value [7] - [null]
10:24:10.072 [main] DEBUG org.hibernate.orm.results - Extracted JDBC value [1] - [tasktest@example.com]
10:24:10.072 [main] DEBUG org.hibernate.orm.results - Extracted JDBC value [2] - [Task]
10:24:10.072 [main] DEBUG org.hibernate.orm.results - Extracted JDBC value [3] - [Test]
10:24:10.072 [main] DEBUG org.hibernate.orm.results - Extracted JDBC value [4] - [false]
10:24:10.072 [main] DEBUG org.hibernate.orm.results - Extracted JDBC value [5] - [null]
10:24:10.072 [main] DEBUG org.hibernate.orm.results - Extracted JDBC value [6] - [null]
10:24:10.072 [main] DEBUG org.hibernate.orm.results - Extracted JDBC value [8] - [tasktestuser_1745594396071]
10:24:10.072 [main] DEBUG org.hibernate.orm.results.loading.entity - (EntityResultInitializer) Done materializing entityInstance : org.frcpm.models.TeamMember(959666352643000)#38
10:24:10.072 [main] DEBUG org.hibernate.orm.results.loading - Calling top-level assembler (0 / 1) : org.hibernate.sql.results.graph.entity.internal.EntityAssembler@501ccde9
10:24:10.072 [main] DEBUG org.hibernate.orm.results - Extracted JDBC value [0] - [39]
10:24:10.072 [main] DEBUG org.hibernate.orm.results.loading.entity - (EntityResultInitializer) Hydrated EntityKey (org.frcpm.models.TeamMember(959666352643000)): 39
10:24:10.072 [main] DEBUG org.hibernate.orm.results.loading.org.hibernate.orm.results.loading.collection - (DelayedCollectionInitializer) Current row collection key : org.frcpm.models.TeamMember(959666352643000).assignedTasks#39
10:24:10.072 [main] DEBUG org.hibernate.orm.results.loading.org.hibernate.orm.results.loading.collection - (DelayedCollectionInitializer) Current row collection key : org.frcpm.models.TeamMember(959666352643000).attendances#39
10:24:10.072 [main] DEBUG org.hibernate.orm.results.loading.entity - (EntityResultInitializer) Created new entity instance [org.frcpm.models.TeamMember(959666352643000)#39] : 1747747251
10:24:10.072 [main] DEBUG org.hibernate.orm.results - Extracted JDBC value [7] - [null]
10:24:10.072 [main] DEBUG org.hibernate.orm.results - Extracted JDBC value [1] - [tasktest@example.com]
10:24:10.072 [main] DEBUG org.hibernate.orm.results - Extracted JDBC value [2] - [Task]
10:24:10.072 [main] DEBUG org.hibernate.orm.results - Extracted JDBC value [3] - [Test]
10:24:10.072 [main] DEBUG org.hibernate.orm.results - Extracted JDBC value [4] - [false]
10:24:10.072 [main] DEBUG org.hibernate.orm.results - Extracted JDBC value [5] - [null]
10:24:10.072 [main] DEBUG org.hibernate.orm.results - Extracted JDBC value [6] - [null]
10:24:10.072 [main] DEBUG org.hibernate.orm.results - Extracted JDBC value [8] - [tasktestuser_1745594396416]
10:24:10.072 [main] DEBUG org.hibernate.orm.results.loading.entity - (EntityResultInitializer) Done materializing entityInstance : org.frcpm.models.TeamMember(959666352643000)#39
10:24:10.072 [main] DEBUG org.hibernate.orm.results.loading - Calling top-level assembler (0 / 1) : org.hibernate.sql.results.graph.entity.internal.EntityAssembler@501ccde9
10:24:10.072 [main] DEBUG org.hibernate.orm.results - Extracted JDBC value [0] - [40]
10:24:10.072 [main] DEBUG org.hibernate.orm.results.loading.entity - (EntityResultInitializer) Hydrated EntityKey (org.frcpm.models.TeamMember(959666352643000)): 40
10:24:10.072 [main] DEBUG org.hibernate.orm.results.loading.org.hibernate.orm.results.loading.collection - (DelayedCollectionInitializer) Current row collection key : org.frcpm.models.TeamMember(959666352643000).assignedTasks#40
10:24:10.072 [main] DEBUG org.hibernate.orm.results.loading.org.hibernate.orm.results.loading.collection - (DelayedCollectionInitializer) Current row collection key : org.frcpm.models.TeamMember(959666352643000).attendances#40
10:24:10.072 [main] DEBUG org.hibernate.orm.results.loading.entity - (EntityResultInitializer) Created new entity instance [org.frcpm.models.TeamMember(959666352643000)#40] : 1485814266
10:24:10.072 [main] DEBUG org.hibernate.orm.results - Extracted JDBC value [7] - [null]
10:24:10.072 [main] DEBUG org.hibernate.orm.results - Extracted JDBC value [1] - [tasktest@example.com]
10:24:10.072 [main] DEBUG org.hibernate.orm.results - Extracted JDBC value [2] - [Task]
10:24:10.072 [main] DEBUG org.hibernate.orm.results - Extracted JDBC value [3] - [Test]
10:24:10.072 [main] DEBUG org.hibernate.orm.results - Extracted JDBC value [4] - [false]
10:24:10.072 [main] DEBUG org.hibernate.orm.results - Extracted JDBC value [5] - [null]
10:24:10.072 [main] DEBUG org.hibernate.orm.results - Extracted JDBC value [6] - [null]
10:24:10.072 [main] DEBUG org.hibernate.orm.results - Extracted JDBC value [8] - [tasktestuser_1745594396762]
10:24:10.072 [main] DEBUG org.hibernate.orm.results.loading.entity - (EntityResultInitializer) Done materializing entityInstance : org.frcpm.models.TeamMember(959666352643000)#40
10:24:10.072 [main] DEBUG org.hibernate.orm.results.loading - Calling top-level assembler (0 / 1) : org.hibernate.sql.results.graph.entity.internal.EntityAssembler@501ccde9
10:24:10.072 [main] DEBUG org.hibernate.orm.results - Extracted JDBC value [0] - [41]
10:24:10.072 [main] DEBUG org.hibernate.orm.results.loading.entity - (EntityResultInitializer) Hydrated EntityKey (org.frcpm.models.TeamMember(959666352643000)): 41
10:24:10.072 [main] DEBUG org.hibernate.orm.results.loading.org.hibernate.orm.results.loading.collection - (DelayedCollectionInitializer) Current row collection key : org.frcpm.models.TeamMember(959666352643000).assignedTasks#41
10:24:10.072 [main] DEBUG org.hibernate.orm.results.loading.org.hibernate.orm.results.loading.collection - (DelayedCollectionInitializer) Current row collection key : org.frcpm.models.TeamMember(959666352643000).attendances#41
10:24:10.072 [main] DEBUG org.hibernate.orm.results.loading.entity - (EntityResultInitializer) Created new entity instance [org.frcpm.models.TeamMember(959666352643000)#41] : 405441528
10:24:10.072 [main] DEBUG org.hibernate.orm.results - Extracted JDBC value [7] - [null]
10:24:10.072 [main] DEBUG org.hibernate.orm.results - Extracted JDBC value [1] - [tasktest@example.com]
10:24:10.072 [main] DEBUG org.hibernate.orm.results - Extracted JDBC value [2] - [Task]
10:24:10.072 [main] DEBUG org.hibernate.orm.results - Extracted JDBC value [3] - [Test]
10:24:10.072 [main] DEBUG org.hibernate.orm.results - Extracted JDBC value [4] - [false]
10:24:10.072 [main] DEBUG org.hibernate.orm.results - Extracted JDBC value [5] - [null]
10:24:10.072 [main] DEBUG org.hibernate.orm.results - Extracted JDBC value [6] - [null]
10:24:10.072 [main] DEBUG org.hibernate.orm.results - Extracted JDBC value [8] - [tasktestuser_1745594397140]
10:24:10.072 [main] DEBUG org.hibernate.orm.results.loading.entity - (EntityResultInitializer) Done materializing entityInstance : org.frcpm.models.TeamMember(959666352643000)#41
10:24:10.072 [main] DEBUG org.hibernate.orm.results.loading - Calling top-level assembler (0 / 1) : org.hibernate.sql.results.graph.entity.internal.EntityAssembler@501ccde9
10:24:10.072 [main] DEBUG org.hibernate.orm.results - Extracted JDBC value [0] - [42]
10:24:10.072 [main] DEBUG org.hibernate.orm.results.loading.entity - (EntityResultInitializer) Hydrated EntityKey (org.frcpm.models.TeamMember(959666352643000)): 42
10:24:10.072 [main] DEBUG org.hibernate.orm.results.loading.org.hibernate.orm.results.loading.collection - (DelayedCollectionInitializer) Current row collection key : org.frcpm.models.TeamMember(959666352643000).assignedTasks#42
10:24:10.072 [main] DEBUG org.hibernate.orm.results.loading.org.hibernate.orm.results.loading.collection - (DelayedCollectionInitializer) Current row collection key : org.frcpm.models.TeamMember(959666352643000).attendances#42
10:24:10.072 [main] DEBUG org.hibernate.orm.results.loading.entity - (EntityResultInitializer) Created new entity instance [org.frcpm.models.TeamMember(959666352643000)#42] : 1132223013
10:24:10.072 [main] DEBUG org.hibernate.orm.results - Extracted JDBC value [7] - [null]
10:24:10.072 [main] DEBUG org.hibernate.orm.results - Extracted JDBC value [1] - [tasktest@example.com]
10:24:10.072 [main] DEBUG org.hibernate.orm.results - Extracted JDBC value [2] - [Task]
10:24:10.072 [main] DEBUG org.hibernate.orm.results - Extracted JDBC value [3] - [Test]
10:24:10.072 [main] DEBUG org.hibernate.orm.results - Extracted JDBC value [4] - [false]
10:24:10.072 [main] DEBUG org.hibernate.orm.results - Extracted JDBC value [5] - [null]
10:24:10.072 [main] DEBUG org.hibernate.orm.results - Extracted JDBC value [6] - [null]
10:24:10.072 [main] DEBUG org.hibernate.orm.results - Extracted JDBC value [8] - [tasktestuser_1745594397563]
10:24:10.072 [main] DEBUG org.hibernate.orm.results.loading.entity - (EntityResultInitializer) Done materializing entityInstance : org.frcpm.models.TeamMember(959666352643000)#42
10:24:10.072 [main] DEBUG org.hibernate.orm.results.loading - Calling top-level assembler (0 / 1) : org.hibernate.sql.results.graph.entity.internal.EntityAssembler@501ccde9
10:24:10.072 [main] DEBUG org.hibernate.orm.results - Extracted JDBC value [0] - [43]
10:24:10.072 [main] DEBUG org.hibernate.orm.results.loading.entity - (EntityResultInitializer) Hydrated EntityKey (org.frcpm.models.TeamMember(959666352643000)): 43
10:24:10.072 [main] DEBUG org.hibernate.orm.results.loading.org.hibernate.orm.results.loading.collection - (DelayedCollectionInitializer) Current row collection key : org.frcpm.models.TeamMember(959666352643000).assignedTasks#43
10:24:10.072 [main] DEBUG org.hibernate.orm.results.loading.org.hibernate.orm.results.loading.collection - (DelayedCollectionInitializer) Current row collection key : org.frcpm.models.TeamMember(959666352643000).attendances#43
10:24:10.072 [main] DEBUG org.hibernate.orm.results.loading.entity - (EntityResultInitializer) Created new entity instance [org.frcpm.models.TeamMember(959666352643000)#43] : 1209621030
10:24:10.072 [main] DEBUG org.hibernate.orm.results - Extracted JDBC value [7] - [null]
10:24:10.072 [main] DEBUG org.hibernate.orm.results - Extracted JDBC value [1] - [tasktest@example.com]
10:24:10.072 [main] DEBUG org.hibernate.orm.results - Extracted JDBC value [2] - [Task]
10:24:10.072 [main] DEBUG org.hibernate.orm.results - Extracted JDBC value [3] - [Test]
10:24:10.072 [main] DEBUG org.hibernate.orm.results - Extracted JDBC value [4] - [false]
10:24:10.072 [main] DEBUG org.hibernate.orm.results - Extracted JDBC value [5] - [null]
10:24:10.072 [main] DEBUG org.hibernate.orm.results - Extracted JDBC value [6] - [null]
10:24:10.072 [main] DEBUG org.hibernate.orm.results - Extracted JDBC value [8] - [tasktestuser_1745594397906]
10:24:10.072 [main] DEBUG org.hibernate.orm.results.loading.entity - (EntityResultInitializer) Done materializing entityInstance : org.frcpm.models.TeamMember(959666352643000)#43
10:24:10.072 [main] DEBUG org.hibernate.orm.results.loading - Calling top-level assembler (0 / 1) : org.hibernate.sql.results.graph.entity.internal.EntityAssembler@501ccde9
10:24:10.072 [main] DEBUG org.hibernate.orm.results - Extracted JDBC value [0] - [44]
10:24:10.072 [main] DEBUG org.hibernate.orm.results.loading.entity - (EntityResultInitializer) Hydrated EntityKey (org.frcpm.models.TeamMember(959666352643000)): 44
10:24:10.072 [main] DEBUG org.hibernate.orm.results.loading.org.hibernate.orm.results.loading.collection - (DelayedCollectionInitializer) Current row collection key : org.frcpm.models.TeamMember(959666352643000).assignedTasks#44
10:24:10.072 [main] DEBUG org.hibernate.orm.results.loading.org.hibernate.orm.results.loading.collection - (DelayedCollectionInitializer) Current row collection key : org.frcpm.models.TeamMember(959666352643000).attendances#44
10:24:10.072 [main] DEBUG org.hibernate.orm.results.loading.entity - (EntityResultInitializer) Created new entity instance [org.frcpm.models.TeamMember(959666352643000)#44] : 156467721
10:24:10.072 [main] DEBUG org.hibernate.orm.results - Extracted JDBC value [7] - [null]
10:24:10.072 [main] DEBUG org.hibernate.orm.results - Extracted JDBC value [1] - [tasktest@example.com]
10:24:10.072 [main] DEBUG org.hibernate.orm.results - Extracted JDBC value [2] - [Task]
10:24:10.072 [main] DEBUG org.hibernate.orm.results - Extracted JDBC value [3] - [Test]
10:24:10.072 [main] DEBUG org.hibernate.orm.results - Extracted JDBC value [4] - [false]
10:24:10.072 [main] DEBUG org.hibernate.orm.results - Extracted JDBC value [5] - [null]
10:24:10.072 [main] DEBUG org.hibernate.orm.results - Extracted JDBC value [6] - [null]
10:24:10.072 [main] DEBUG org.hibernate.orm.results - Extracted JDBC value [8] - [tasktestuser_1745594398275]
10:24:10.072 [main] DEBUG org.hibernate.orm.results.loading.entity - (EntityResultInitializer) Done materializing entityInstance : org.frcpm.models.TeamMember(959666352643000)#44
10:24:10.072 [main] DEBUG org.hibernate.orm.results.loading - Calling top-level assembler (0 / 1) : org.hibernate.sql.results.graph.entity.internal.EntityAssembler@501ccde9
10:24:10.072 [main] DEBUG org.hibernate.orm.results - Extracted JDBC value [0] - [45]
10:24:10.072 [main] DEBUG org.hibernate.orm.results.loading.entity - (EntityResultInitializer) Hydrated EntityKey (org.frcpm.models.TeamMember(959666352643000)): 45
10:24:10.072 [main] DEBUG org.hibernate.orm.results.loading.org.hibernate.orm.results.loading.collection - (DelayedCollectionInitializer) Current row collection key : org.frcpm.models.TeamMember(959666352643000).assignedTasks#45
10:24:10.072 [main] DEBUG org.hibernate.orm.results.loading.org.hibernate.orm.results.loading.collection - (DelayedCollectionInitializer) Current row collection key : org.frcpm.models.TeamMember(959666352643000).attendances#45
10:24:10.072 [main] DEBUG org.hibernate.orm.results.loading.entity - (EntityResultInitializer) Created new entity instance [org.frcpm.models.TeamMember(959666352643000)#45] : 525371205
10:24:10.072 [main] DEBUG org.hibernate.orm.results - Extracted JDBC value [7] - [null]
10:24:10.072 [main] DEBUG org.hibernate.orm.results - Extracted JDBC value [1] - [tasktest@example.com]
10:24:10.072 [main] DEBUG org.hibernate.orm.results - Extracted JDBC value [2] - [Task]
10:24:10.072 [main] DEBUG org.hibernate.orm.results - Extracted JDBC value [3] - [Test]
10:24:10.072 [main] DEBUG org.hibernate.orm.results - Extracted JDBC value [4] - [false]
10:24:10.072 [main] DEBUG org.hibernate.orm.results - Extracted JDBC value [5] - [null]
10:24:10.073 [main] DEBUG org.hibernate.orm.results - Extracted JDBC value [6] - [null]
10:24:10.073 [main] DEBUG org.hibernate.orm.results - Extracted JDBC value [8] - [tasktestuser_1745594398667]
10:24:10.073 [main] DEBUG org.hibernate.orm.results.loading.entity - (EntityResultInitializer) Done materializing entityInstance : org.frcpm.models.TeamMember(959666352643000)#45
10:24:10.073 [main] DEBUG org.hibernate.orm.results.loading - Calling top-level assembler (0 / 1) : org.hibernate.sql.results.graph.entity.internal.EntityAssembler@501ccde9
10:24:10.073 [main] DEBUG org.hibernate.orm.results - Extracted JDBC value [0] - [46]
10:24:10.073 [main] DEBUG org.hibernate.orm.results.loading.entity - (EntityResultInitializer) Hydrated EntityKey (org.frcpm.models.TeamMember(959666352643000)): 46
10:24:10.073 [main] DEBUG org.hibernate.orm.results.loading.org.hibernate.orm.results.loading.collection - (DelayedCollectionInitializer) Current row collection key : org.frcpm.models.TeamMember(959666352643000).assignedTasks#46
10:24:10.073 [main] DEBUG org.hibernate.orm.results.loading.org.hibernate.orm.results.loading.collection - (DelayedCollectionInitializer) Current row collection key : org.frcpm.models.TeamMember(959666352643000).attendances#46
10:24:10.073 [main] DEBUG org.hibernate.orm.results.loading.entity - (EntityResultInitializer) Created new entity instance [org.frcpm.models.TeamMember(959666352643000)#46] : 1345842600
10:24:10.073 [main] DEBUG org.hibernate.orm.results - Extracted JDBC value [7] - [null]
10:24:10.073 [main] DEBUG org.hibernate.orm.results - Extracted JDBC value [1] - [tasktest@example.com]
10:24:10.073 [main] DEBUG org.hibernate.orm.results - Extracted JDBC value [2] - [Task]
10:24:10.073 [main] DEBUG org.hibernate.orm.results - Extracted JDBC value [3] - [Test]
10:24:10.073 [main] DEBUG org.hibernate.orm.results - Extracted JDBC value [4] - [false]
10:24:10.073 [main] DEBUG org.hibernate.orm.results - Extracted JDBC value [5] - [null]
10:24:10.073 [main] DEBUG org.hibernate.orm.results - Extracted JDBC value [6] - [null]
10:24:10.073 [main] DEBUG org.hibernate.orm.results - Extracted JDBC value [8] - [tasktestuser_1745594399126]
10:24:10.073 [main] DEBUG org.hibernate.orm.results.loading.entity - (EntityResultInitializer) Done materializing entityInstance : org.frcpm.models.TeamMember(959666352643000)#46
10:24:10.073 [main] DEBUG org.hibernate.orm.results.loading - Calling top-level assembler (0 / 1) : org.hibernate.sql.results.graph.entity.internal.EntityAssembler@501ccde9
10:24:10.073 [main] DEBUG org.hibernate.orm.results - Extracted JDBC value [0] - [47]
10:24:10.073 [main] DEBUG org.hibernate.orm.results.loading.entity - (EntityResultInitializer) Hydrated EntityKey (org.frcpm.models.TeamMember(959666352643000)): 47
10:24:10.073 [main] DEBUG org.hibernate.orm.results.loading.org.hibernate.orm.results.loading.collection - (DelayedCollectionInitializer) Current row collection key : org.frcpm.models.TeamMember(959666352643000).assignedTasks#47
10:24:10.073 [main] DEBUG org.hibernate.orm.results.loading.org.hibernate.orm.results.loading.collection - (DelayedCollectionInitializer) Current row collection key : org.frcpm.models.TeamMember(959666352643000).attendances#47
10:24:10.073 [main] DEBUG org.hibernate.orm.results.loading.entity - (EntityResultInitializer) Created new entity instance [org.frcpm.models.TeamMember(959666352643000)#47] : 193317890
10:24:10.073 [main] DEBUG org.hibernate.orm.results - Extracted JDBC value [7] - [null]
10:24:10.073 [main] DEBUG org.hibernate.orm.results - Extracted JDBC value [1] - [tasktest@example.com]
10:24:10.073 [main] DEBUG org.hibernate.orm.results - Extracted JDBC value [2] - [Task]
10:24:10.073 [main] DEBUG org.hibernate.orm.results - Extracted JDBC value [3] - [Test]
10:24:10.073 [main] DEBUG org.hibernate.orm.results - Extracted JDBC value [4] - [false]
10:24:10.073 [main] DEBUG org.hibernate.orm.results - Extracted JDBC value [5] - [null]
10:24:10.073 [main] DEBUG org.hibernate.orm.results - Extracted JDBC value [6] - [null]
10:24:10.073 [main] DEBUG org.hibernate.orm.results - Extracted JDBC value [8] - [tasktestuser_1745594399532]
10:24:10.073 [main] DEBUG org.hibernate.orm.results.loading.entity - (EntityResultInitializer) Done materializing entityInstance : org.frcpm.models.TeamMember(959666352643000)#47
10:24:10.073 [main] DEBUG org.hibernate.orm.results.loading - Calling top-level assembler (0 / 1) : org.hibernate.sql.results.graph.entity.internal.EntityAssembler@501ccde9
10:24:10.073 [main] DEBUG org.hibernate.orm.results - Extracted JDBC value [0] - [48]
10:24:10.073 [main] DEBUG org.hibernate.orm.results.loading.entity - (EntityResultInitializer) Hydrated EntityKey (org.frcpm.models.TeamMember(959666352643000)): 48
10:24:10.073 [main] DEBUG org.hibernate.orm.results.loading.org.hibernate.orm.results.loading.collection - (DelayedCollectionInitializer) Current row collection key : org.frcpm.models.TeamMember(959666352643000).assignedTasks#48
10:24:10.073 [main] DEBUG org.hibernate.orm.results.loading.org.hibernate.orm.results.loading.collection - (DelayedCollectionInitializer) Current row collection key : org.frcpm.models.TeamMember(959666352643000).attendances#48
10:24:10.073 [main] DEBUG org.hibernate.orm.results.loading.entity - (EntityResultInitializer) Created new entity instance [org.frcpm.models.TeamMember(959666352643000)#48] : 1714317466
10:24:10.073 [main] DEBUG org.hibernate.orm.results - Extracted JDBC value [7] - [null]
10:24:10.073 [main] DEBUG org.hibernate.orm.results - Extracted JDBC value [1] - [tasktest@example.com]
10:24:10.073 [main] DEBUG org.hibernate.orm.results - Extracted JDBC value [2] - [Task]
10:24:10.073 [main] DEBUG org.hibernate.orm.results - Extracted JDBC value [3] - [Test]
10:24:10.073 [main] DEBUG org.hibernate.orm.results - Extracted JDBC value [4] - [false]
10:24:10.073 [main] DEBUG org.hibernate.orm.results - Extracted JDBC value [5] - [null]
10:24:10.073 [main] DEBUG org.hibernate.orm.results - Extracted JDBC value [6] - [null]
10:24:10.073 [main] DEBUG org.hibernate.orm.results - Extracted JDBC value [8] - [tasktestuser_1745594400014]
10:24:10.073 [main] DEBUG org.hibernate.orm.results.loading.entity - (EntityResultInitializer) Done materializing entityInstance : org.frcpm.models.TeamMember(959666352643000)#48
10:24:10.073 [main] DEBUG org.hibernate.orm.results.loading - Calling top-level assembler (0 / 1) : org.hibernate.sql.results.graph.entity.internal.EntityAssembler@501ccde9
10:24:10.073 [main] DEBUG org.hibernate.orm.results - Extracted JDBC value [0] - [53]
10:24:10.073 [main] DEBUG org.hibernate.orm.results.loading.entity - (EntityResultInitializer) Hydrated EntityKey (org.frcpm.models.TeamMember(959666352643000)): 53
10:24:10.073 [main] DEBUG org.hibernate.orm.results.loading.org.hibernate.orm.results.loading.collection - (DelayedCollectionInitializer) Current row collection key : org.frcpm.models.TeamMember(959666352643000).assignedTasks#53
10:24:10.073 [main] DEBUG org.hibernate.orm.results.loading.org.hibernate.orm.results.loading.collection - (DelayedCollectionInitializer) Current row collection key : org.frcpm.models.TeamMember(959666352643000).attendances#53
10:24:10.073 [main] DEBUG org.hibernate.orm.results.loading.entity - (EntityResultInitializer) Created new entity instance [org.frcpm.models.TeamMember(959666352643000)#53] : 1327162171
10:24:10.073 [main] DEBUG org.hibernate.orm.results - Extracted JDBC value [7] - [null]
10:24:10.073 [main] DEBUG org.hibernate.orm.results - Extracted JDBC value [1] - [testcount@example.com]
10:24:10.073 [main] DEBUG org.hibernate.orm.results - Extracted JDBC value [2] - [Test]
10:24:10.073 [main] DEBUG org.hibernate.orm.results - Extracted JDBC value [3] - [Count]
10:24:10.073 [main] DEBUG org.hibernate.orm.results - Extracted JDBC value [4] - [false]
10:24:10.073 [main] DEBUG org.hibernate.orm.results - Extracted JDBC value [5] - [null]
10:24:10.073 [main] DEBUG org.hibernate.orm.results - Extracted JDBC value [6] - [null]
10:24:10.073 [main] DEBUG org.hibernate.orm.results - Extracted JDBC value [8] - [testcount]
10:24:10.073 [main] DEBUG org.hibernate.orm.results.loading.entity - (EntityResultInitializer) Done materializing entityInstance : org.frcpm.models.TeamMember(959666352643000)#53
10:24:10.073 [main] DEBUG org.hibernate.orm.results.loading - Calling top-level assembler (0 / 1) : org.hibernate.sql.results.graph.entity.internal.EntityAssembler@501ccde9
10:24:10.073 [main] DEBUG org.hibernate.orm.results - Extracted JDBC value [0] - [56]
10:24:10.073 [main] DEBUG org.hibernate.orm.results.loading.entity - (EntityResultInitializer) Hydrated EntityKey (org.frcpm.models.TeamMember(959666352643000)): 56
10:24:10.073 [main] DEBUG org.hibernate.orm.results.loading.org.hibernate.orm.results.loading.collection - (DelayedCollectionInitializer) Current row collection key : org.frcpm.models.TeamMember(959666352643000).assignedTasks#56
10:24:10.073 [main] DEBUG org.hibernate.orm.results.loading.org.hibernate.orm.results.loading.collection - (DelayedCollectionInitializer) Current row collection key : org.frcpm.models.TeamMember(959666352643000).attendances#56
10:24:10.073 [main] DEBUG org.hibernate.orm.results.loading.entity - (EntityResultInitializer) Created new entity instance [org.frcpm.models.TeamMember(959666352643000)#56] : 217697661
10:24:10.073 [main] DEBUG org.hibernate.orm.results - Extracted JDBC value [7] - [null]
10:24:10.073 [main] DEBUG org.hibernate.orm.results - Extracted JDBC value [1] - [testsave@example.com]
10:24:10.073 [main] DEBUG org.hibernate.orm.results - Extracted JDBC value [2] - [Test]
10:24:10.073 [main] DEBUG org.hibernate.orm.results - Extracted JDBC value [3] - [Save]
10:24:10.073 [main] DEBUG org.hibernate.orm.results - Extracted JDBC value [4] - [false]
10:24:10.073 [main] DEBUG org.hibernate.orm.results - Extracted JDBC value [5] - [555-SAVE]
10:24:10.073 [main] DEBUG org.hibernate.orm.results - Extracted JDBC value [6] - [Testing]
10:24:10.073 [main] DEBUG org.hibernate.orm.results - Extracted JDBC value [8] - [testsave]
10:24:10.073 [main] DEBUG org.hibernate.orm.results.loading.entity - (EntityResultInitializer) Done materializing entityInstance : org.frcpm.models.TeamMember(959666352643000)#56
10:24:10.073 [main] DEBUG org.hibernate.orm.results.loading - Calling top-level assembler (0 / 1) : org.hibernate.sql.results.graph.entity.internal.EntityAssembler@501ccde9
10:24:10.073 [main] DEBUG org.hibernate.orm.results - Extracted JDBC value [0] - [77]
10:24:10.073 [main] DEBUG org.hibernate.orm.results.loading.entity - (EntityResultInitializer) Hydrated EntityKey (org.frcpm.models.TeamMember(959666352643000)): 77
10:24:10.073 [main] DEBUG org.hibernate.orm.results.loading.org.hibernate.orm.results.loading.collection - (DelayedCollectionInitializer) Current row collection key : org.frcpm.models.TeamMember(959666352643000).assignedTasks#77
10:24:10.073 [main] DEBUG org.hibernate.orm.results.loading.org.hibernate.orm.results.loading.collection - (DelayedCollectionInitializer) Current row collection key : org.frcpm.models.TeamMember(959666352643000).attendances#77
10:24:10.073 [main] DEBUG org.hibernate.orm.results.loading.entity - (EntityResultInitializer) Created new entity instance [org.frcpm.models.TeamMember(959666352643000)#77] : 1058939276
10:24:10.073 [main] DEBUG org.hibernate.orm.results - Extracted JDBC value [7] - [null]
10:24:10.073 [main] DEBUG org.hibernate.orm.results - Extracted JDBC value [1] - [testupdate@example.com]
10:24:10.073 [main] DEBUG org.hibernate.orm.results - Extracted JDBC value [2] - [Updated]
10:24:10.073 [main] DEBUG org.hibernate.orm.results - Extracted JDBC value [3] - [Update]
10:24:10.073 [main] DEBUG org.hibernate.orm.results - Extracted JDBC value [4] - [false]
10:24:10.073 [main] DEBUG org.hibernate.orm.results - Extracted JDBC value [5] - [null]
10:24:10.073 [main] DEBUG org.hibernate.orm.results - Extracted JDBC value [6] - [Updated Skills]
10:24:10.073 [main] DEBUG org.hibernate.orm.results - Extracted JDBC value [8] - [testupdate]
10:24:10.073 [main] DEBUG org.hibernate.orm.results.loading.entity - (EntityResultInitializer) Done materializing entityInstance : org.frcpm.models.TeamMember(959666352643000)#77
10:24:10.073 [main] DEBUG org.hibernate.orm.results.loading - Calling top-level assembler (0 / 1) : org.hibernate.sql.results.graph.entity.internal.EntityAssembler@501ccde9
10:24:10.073 [main] DEBUG org.hibernate.orm.results - Extracted JDBC value [0] - [84]
10:24:10.073 [main] DEBUG org.hibernate.orm.results.loading.entity - (EntityResultInitializer) Hydrated EntityKey (org.frcpm.models.TeamMember(959666352643000)): 84
10:24:10.073 [main] DEBUG org.hibernate.orm.results.loading.org.hibernate.orm.results.loading.collection - (DelayedCollectionInitializer) Current row collection key : org.frcpm.models.TeamMember(959666352643000).assignedTasks#84
10:24:10.073 [main] DEBUG org.hibernate.orm.results.loading.org.hibernate.orm.results.loading.collection - (DelayedCollectionInitializer) Current row collection key : org.frcpm.models.TeamMember(959666352643000).attendances#84
10:24:10.073 [main] DEBUG org.hibernate.orm.results.loading.entity - (EntityResultInitializer) Created new entity instance [org.frcpm.models.TeamMember(959666352643000)#84] : 2501881
10:24:10.073 [main] DEBUG org.hibernate.orm.results - Extracted JDBC value [7] - [null]
10:24:10.073 [main] DEBUG org.hibernate.orm.results - Extracted JDBC value [1] - [attendance3@example.com]
10:24:10.073 [main] DEBUG org.hibernate.orm.results - Extracted JDBC value [2] - [Attendance]
10:24:10.073 [main] DEBUG org.hibernate.orm.results - Extracted JDBC value [3] - [Test3]
10:24:10.073 [main] DEBUG org.hibernate.orm.results - Extracted JDBC value [4] - [false]
10:24:10.073 [main] DEBUG org.hibernate.orm.results - Extracted JDBC value [5] - [555-9012]
10:24:10.073 [main] DEBUG org.hibernate.orm.results - Extracted JDBC value [6] - [null]
10:24:10.073 [main] DEBUG org.hibernate.orm.results - Extracted JDBC value [8] - [attendancetest3]
10:24:10.073 [main] DEBUG org.hibernate.orm.results.loading.entity - (EntityResultInitializer) Done materializing entityInstance : org.frcpm.models.TeamMember(959666352643000)#84
10:24:10.073 [main] DEBUG org.hibernate.orm.results.loading - Calling top-level assembler (0 / 1) : org.hibernate.sql.results.graph.entity.internal.EntityAssembler@501ccde9
10:24:10.073 [main] DEBUG org.hibernate.resource.jdbc.internal.LogicalConnectionManagedImpl - Initiating JDBC connection release from afterTransaction
10:24:10.073 [main] DEBUG org.hibernate.resource.jdbc.internal.LogicalConnectionManagedImpl - Initiating JDBC connection release from afterTransaction
10:24:10.073 [main] DEBUG org.hibernate.orm.sql.ast.create - Created new SQL alias : s1_0
10:24:10.073 [main] DEBUG org.hibernate.orm.sql.ast.create - Registration of TableGroup [StandardTableGroup(org.frcpm.models.Subteam(959666360999100))] with identifierForTableGroup [org.frcpm.models.Subteam] for NavigablePath [org.frcpm.models.Subteam] 
10:24:10.075 [main] DEBUG org.hibernate.orm.results.graph.AST - DomainResult Graph:
 \-EntityResultImpl [org.frcpm.models.Subteam(959666360999100)]
 |  +-BasicFetch [org.frcpm.models.Subteam(959666360999100).colorCode]
 |  +-DelayedCollectionFetch [org.frcpm.models.Subteam(959666360999100).members]
 |  +-BasicFetch [org.frcpm.models.Subteam(959666360999100).name]
 |  +-BasicFetch [org.frcpm.models.Subteam(959666360999100).specialties]
 |  \-DelayedCollectionFetch [org.frcpm.models.Subteam(959666360999100).subsystems]

10:24:10.075 [main] DEBUG org.hibernate.orm.sql.ast.tree - SQL AST Tree:
    SelectStatement {
      FromClause {
        StandardTableGroup (s1 : org.frcpm.models.Subteam(959666360999100)) {
          primaryTableReference : subteams as s1_0
        }
      }
    }

10:24:10.075 [main] DEBUG org.hibernate.orm.sql.exec - Skipping reading Query result cache data: cache-enabled = false, cache-mode = NORMAL
10:24:10.075 [main] DEBUG org.hibernate.orm.results - Initializer list:
	  org.frcpm.models.Subteam(959666360999100).members -> DelayedCollectionInitializer(org.frcpm.models.Subteam(959666360999100).members)@386204788 (PluralAttribute(org.frcpm.models.Subteam.members))
	  org.frcpm.models.Subteam(959666360999100).subsystems -> DelayedCollectionInitializer(org.frcpm.models.Subteam(959666360999100).subsystems)@59844439 (PluralAttribute(org.frcpm.models.Subteam.subsystems))
	  org.frcpm.models.Subteam(959666360999100) -> EntityResultInitializer(org.frcpm.models.Subteam(959666360999100))@2103096989 (SingleTableEntityPersister(org.frcpm.models.Subteam))

10:24:10.075 [main] DEBUG org.hibernate.SQL - select s1_0.id,s1_0.color_code,s1_0.name,s1_0.specialties from subteams s1_0
10:24:10.075 [main] DEBUG org.hibernate.orm.results - Extracted JDBC value [0] - [1]
10:24:10.075 [main] DEBUG org.hibernate.orm.results.loading.entity - (EntityResultInitializer) Hydrated EntityKey (org.frcpm.models.Subteam(959666360999100)): 1
10:24:10.075 [main] DEBUG org.hibernate.orm.results.loading.org.hibernate.orm.results.loading.collection - (DelayedCollectionInitializer) Current row collection key : org.frcpm.models.Subteam(959666360999100).members#1
10:24:10.075 [main] DEBUG org.hibernate.orm.results.loading.org.hibernate.orm.results.loading.collection - (DelayedCollectionInitializer) Current row collection key : org.frcpm.models.Subteam(959666360999100).subsystems#1
10:24:10.075 [main] DEBUG org.hibernate.orm.results.loading.entity - (EntityResultInitializer) Created new entity instance [org.frcpm.models.Subteam(959666360999100)#1] : 1915922279
10:24:10.075 [main] DEBUG org.hibernate.orm.results - Extracted JDBC value [1] - [#FF5733]
10:24:10.075 [main] DEBUG org.hibernate.orm.results - Extracted JDBC value [2] - [Mechanical]
10:24:10.075 [main] DEBUG org.hibernate.orm.results - Extracted JDBC value [3] - [Design, CAD, Fabrication, Assembly]
10:24:10.075 [main] DEBUG org.hibernate.orm.results.loading.entity - (EntityResultInitializer) Done materializing entityInstance : org.frcpm.models.Subteam(959666360999100)#1
10:24:10.075 [main] DEBUG org.hibernate.orm.results.loading - Calling top-level assembler (0 / 1) : org.hibernate.sql.results.graph.entity.internal.EntityAssembler@29cfc134
10:24:10.075 [main] DEBUG org.hibernate.orm.results - Extracted JDBC value [0] - [2]
10:24:10.075 [main] DEBUG org.hibernate.orm.results.loading.entity - (EntityResultInitializer) Hydrated EntityKey (org.frcpm.models.Subteam(959666360999100)): 2
10:24:10.075 [main] DEBUG org.hibernate.orm.results.loading.org.hibernate.orm.results.loading.collection - (DelayedCollectionInitializer) Current row collection key : org.frcpm.models.Subteam(959666360999100).members#2
10:24:10.075 [main] DEBUG org.hibernate.orm.results.loading.org.hibernate.orm.results.loading.collection - (DelayedCollectionInitializer) Current row collection key : org.frcpm.models.Subteam(959666360999100).subsystems#2
10:24:10.075 [main] DEBUG org.hibernate.orm.results.loading.entity - (EntityResultInitializer) Created new entity instance [org.frcpm.models.Subteam(959666360999100)#2] : 1319195381
10:24:10.075 [main] DEBUG org.hibernate.orm.results - Extracted JDBC value [1] - [#33A8FF]
10:24:10.075 [main] DEBUG org.hibernate.orm.results - Extracted JDBC value [2] - [Electrical]
10:24:10.075 [main] DEBUG org.hibernate.orm.results - Extracted JDBC value [3] - [Wiring, Electronics, Sensors, Power Systems]
10:24:10.075 [main] DEBUG org.hibernate.orm.results.loading.entity - (EntityResultInitializer) Done materializing entityInstance : org.frcpm.models.Subteam(959666360999100)#2
10:24:10.075 [main] DEBUG org.hibernate.orm.results.loading - Calling top-level assembler (0 / 1) : org.hibernate.sql.results.graph.entity.internal.EntityAssembler@29cfc134
10:24:10.075 [main] DEBUG org.hibernate.orm.results - Extracted JDBC value [0] - [3]
10:24:10.075 [main] DEBUG org.hibernate.orm.results.loading.entity - (EntityResultInitializer) Hydrated EntityKey (org.frcpm.models.Subteam(959666360999100)): 3
10:24:10.075 [main] DEBUG org.hibernate.orm.results.loading.org.hibernate.orm.results.loading.collection - (DelayedCollectionInitializer) Current row collection key : org.frcpm.models.Subteam(959666360999100).members#3
10:24:10.075 [main] DEBUG org.hibernate.orm.results.loading.org.hibernate.orm.results.loading.collection - (DelayedCollectionInitializer) Current row collection key : org.frcpm.models.Subteam(959666360999100).subsystems#3
10:24:10.075 [main] DEBUG org.hibernate.orm.results.loading.entity - (EntityResultInitializer) Created new entity instance [org.frcpm.models.Subteam(959666360999100)#3] : 1155084102
10:24:10.075 [main] DEBUG org.hibernate.orm.results - Extracted JDBC value [1] - [#33FF57]
10:24:10.075 [main] DEBUG org.hibernate.orm.results - Extracted JDBC value [2] - [Programming]
10:24:10.075 [main] DEBUG org.hibernate.orm.results - Extracted JDBC value [3] - [Java, Vision, Control Systems, Autonomous]
10:24:10.075 [main] DEBUG org.hibernate.orm.results.loading.entity - (EntityResultInitializer) Done materializing entityInstance : org.frcpm.models.Subteam(959666360999100)#3
10:24:10.075 [main] DEBUG org.hibernate.orm.results.loading - Calling top-level assembler (0 / 1) : org.hibernate.sql.results.graph.entity.internal.EntityAssembler@29cfc134
10:24:10.075 [main] DEBUG org.hibernate.orm.results - Extracted JDBC value [0] - [4]
10:24:10.075 [main] DEBUG org.hibernate.orm.results.loading.entity - (EntityResultInitializer) Hydrated EntityKey (org.frcpm.models.Subteam(959666360999100)): 4
10:24:10.075 [main] DEBUG org.hibernate.orm.results.loading.org.hibernate.orm.results.loading.collection - (DelayedCollectionInitializer) Current row collection key : org.frcpm.models.Subteam(959666360999100).members#4
10:24:10.075 [main] DEBUG org.hibernate.orm.results.loading.org.hibernate.orm.results.loading.collection - (DelayedCollectionInitializer) Current row collection key : org.frcpm.models.Subteam(959666360999100).subsystems#4
10:24:10.075 [main] DEBUG org.hibernate.orm.results.loading.entity - (EntityResultInitializer) Created new entity instance [org.frcpm.models.Subteam(959666360999100)#4] : 1627306850
10:24:10.075 [main] DEBUG org.hibernate.orm.results - Extracted JDBC value [1] - [#FF33A8]
10:24:10.075 [main] DEBUG org.hibernate.orm.results - Extracted JDBC value [2] - [Business]
10:24:10.075 [main] DEBUG org.hibernate.orm.results - Extracted JDBC value [3] - [Fundraising, Marketing, Outreach, Awards]
10:24:10.075 [main] DEBUG org.hibernate.orm.results.loading.entity - (EntityResultInitializer) Done materializing entityInstance : org.frcpm.models.Subteam(959666360999100)#4
10:24:10.075 [main] DEBUG org.hibernate.orm.results.loading - Calling top-level assembler (0 / 1) : org.hibernate.sql.results.graph.entity.internal.EntityAssembler@29cfc134
10:24:10.075 [main] DEBUG org.hibernate.orm.results - Extracted JDBC value [0] - [24]
10:24:10.075 [main] DEBUG org.hibernate.orm.results.loading.entity - (EntityResultInitializer) Hydrated EntityKey (org.frcpm.models.Subteam(959666360999100)): 24
10:24:10.075 [main] DEBUG org.hibernate.orm.results.loading.org.hibernate.orm.results.loading.collection - (DelayedCollectionInitializer) Current row collection key : org.frcpm.models.Subteam(959666360999100).members#24
10:24:10.075 [main] DEBUG org.hibernate.orm.results.loading.org.hibernate.orm.results.loading.collection - (DelayedCollectionInitializer) Current row collection key : org.frcpm.models.Subteam(959666360999100).subsystems#24
10:24:10.075 [main] DEBUG org.hibernate.orm.results.loading.entity - (EntityResultInitializer) Created new entity instance [org.frcpm.models.Subteam(959666360999100)#24] : 311231872
10:24:10.075 [main] DEBUG org.hibernate.orm.results - Extracted JDBC value [1] - [#0000FF]
10:24:10.075 [main] DEBUG org.hibernate.orm.results - Extracted JDBC value [2] - [Test Count Subteam]
10:24:10.075 [main] DEBUG org.hibernate.orm.results - Extracted JDBC value [3] - [null]
10:24:10.075 [main] DEBUG org.hibernate.orm.results.loading.entity - (EntityResultInitializer) Done materializing entityInstance : org.frcpm.models.Subteam(959666360999100)#24
10:24:10.075 [main] DEBUG org.hibernate.orm.results.loading - Calling top-level assembler (0 / 1) : org.hibernate.sql.results.graph.entity.internal.EntityAssembler@29cfc134
10:24:10.075 [main] DEBUG org.hibernate.orm.results - Extracted JDBC value [0] - [27]
10:24:10.075 [main] DEBUG org.hibernate.orm.results.loading.entity - (EntityResultInitializer) Hydrated EntityKey (org.frcpm.models.Subteam(959666360999100)): 27
10:24:10.075 [main] DEBUG org.hibernate.orm.results.loading.org.hibernate.orm.results.loading.collection - (DelayedCollectionInitializer) Current row collection key : org.frcpm.models.Subteam(959666360999100).members#27
10:24:10.075 [main] DEBUG org.hibernate.orm.results.loading.org.hibernate.orm.results.loading.collection - (DelayedCollectionInitializer) Current row collection key : org.frcpm.models.Subteam(959666360999100).subsystems#27
10:24:10.075 [main] DEBUG org.hibernate.orm.results.loading.entity - (EntityResultInitializer) Created new entity instance [org.frcpm.models.Subteam(959666360999100)#27] : 201604524
10:24:10.076 [main] DEBUG org.hibernate.orm.results - Extracted JDBC value [1] - [#0000FF]
10:24:10.076 [main] DEBUG org.hibernate.orm.results - Extracted JDBC value [2] - [Test Save Subteam]
10:24:10.076 [main] DEBUG org.hibernate.orm.results - Extracted JDBC value [3] - [Testing]
10:24:10.076 [main] DEBUG org.hibernate.orm.results.loading.entity - (EntityResultInitializer) Done materializing entityInstance : org.frcpm.models.Subteam(959666360999100)#27
10:24:10.076 [main] DEBUG org.hibernate.orm.results.loading - Calling top-level assembler (0 / 1) : org.hibernate.sql.results.graph.entity.internal.EntityAssembler@29cfc134
10:24:10.076 [main] DEBUG org.hibernate.orm.results - Extracted JDBC value [0] - [42]
10:24:10.076 [main] DEBUG org.hibernate.orm.results.loading.entity - (EntityResultInitializer) Hydrated EntityKey (org.frcpm.models.Subteam(959666360999100)): 42
10:24:10.076 [main] DEBUG org.hibernate.orm.results.loading.org.hibernate.orm.results.loading.collection - (DelayedCollectionInitializer) Current row collection key : org.frcpm.models.Subteam(959666360999100).members#42
10:24:10.076 [main] DEBUG org.hibernate.orm.results.loading.org.hibernate.orm.results.loading.collection - (DelayedCollectionInitializer) Current row collection key : org.frcpm.models.Subteam(959666360999100).subsystems#42
10:24:10.076 [main] DEBUG org.hibernate.orm.results.loading.entity - (EntityResultInitializer) Created new entity instance [org.frcpm.models.Subteam(959666360999100)#42] : 979403856
10:24:10.076 [main] DEBUG org.hibernate.orm.results - Extracted JDBC value [1] - [#00FFFF]
10:24:10.076 [main] DEBUG org.hibernate.orm.results - Extracted JDBC value [2] - [Updated Subteam Name]
10:24:10.076 [main] DEBUG org.hibernate.orm.results - Extracted JDBC value [3] - [null]
10:24:10.076 [main] DEBUG org.hibernate.orm.results.loading.entity - (EntityResultInitializer) Done materializing entityInstance : org.frcpm.models.Subteam(959666360999100)#42
10:24:10.076 [main] DEBUG org.hibernate.orm.results.loading - Calling top-level assembler (0 / 1) : org.hibernate.sql.results.graph.entity.internal.EntityAssembler@29cfc134
10:24:10.076 [main] DEBUG org.hibernate.orm.results - Extracted JDBC value [0] - [67]
10:24:10.076 [main] DEBUG org.hibernate.orm.results.loading.entity - (EntityResultInitializer) Hydrated EntityKey (org.frcpm.models.Subteam(959666360999100)): 67
10:24:10.076 [main] DEBUG org.hibernate.orm.results.loading.org.hibernate.orm.results.loading.collection - (DelayedCollectionInitializer) Current row collection key : org.frcpm.models.Subteam(959666360999100).members#67
10:24:10.076 [main] DEBUG org.hibernate.orm.results.loading.org.hibernate.orm.results.loading.collection - (DelayedCollectionInitializer) Current row collection key : org.frcpm.models.Subteam(959666360999100).subsystems#67
10:24:10.076 [main] DEBUG org.hibernate.orm.results.loading.entity - (EntityResultInitializer) Created new entity instance [org.frcpm.models.Subteam(959666360999100)#67] : 154164951
10:24:10.076 [main] DEBUG org.hibernate.orm.results - Extracted JDBC value [1] - [#0000FF]
10:24:10.076 [main] DEBUG org.hibernate.orm.results - Extracted JDBC value [2] - [Test Create Service Subteam]
10:24:10.076 [main] DEBUG org.hibernate.orm.results - Extracted JDBC value [3] - [Testing, Quality Assurance]
10:24:10.076 [main] DEBUG org.hibernate.orm.results.loading.entity - (EntityResultInitializer) Done materializing entityInstance : org.frcpm.models.Subteam(959666360999100)#67
10:24:10.076 [main] DEBUG org.hibernate.orm.results.loading - Calling top-level assembler (0 / 1) : org.hibernate.sql.results.graph.entity.internal.EntityAssembler@29cfc134
10:24:10.076 [main] DEBUG org.hibernate.orm.results - Extracted JDBC value [0] - [70]
10:24:10.076 [main] DEBUG org.hibernate.orm.results.loading.entity - (EntityResultInitializer) Hydrated EntityKey (org.frcpm.models.Subteam(959666360999100)): 70
10:24:10.076 [main] DEBUG org.hibernate.orm.results.loading.org.hibernate.orm.results.loading.collection - (DelayedCollectionInitializer) Current row collection key : org.frcpm.models.Subteam(959666360999100).members#70
10:24:10.076 [main] DEBUG org.hibernate.orm.results.loading.org.hibernate.orm.results.loading.collection - (DelayedCollectionInitializer) Current row collection key : org.frcpm.models.Subteam(959666360999100).subsystems#70
10:24:10.076 [main] DEBUG org.hibernate.orm.results.loading.entity - (EntityResultInitializer) Created new entity instance [org.frcpm.models.Subteam(959666360999100)#70] : 999619421
10:24:10.076 [main] DEBUG org.hibernate.orm.results - Extracted JDBC value [1] - [#00FFFF]
10:24:10.076 [main] DEBUG org.hibernate.orm.results - Extracted JDBC value [2] - [Test Color Update Subteam]
10:24:10.076 [main] DEBUG org.hibernate.orm.results - Extracted JDBC value [3] - [Specialties]
10:24:10.076 [main] DEBUG org.hibernate.orm.results.loading.entity - (EntityResultInitializer) Done materializing entityInstance : org.frcpm.models.Subteam(959666360999100)#70
10:24:10.076 [main] DEBUG org.hibernate.orm.results.loading - Calling top-level assembler (0 / 1) : org.hibernate.sql.results.graph.entity.internal.EntityAssembler@29cfc134
10:24:10.076 [main] DEBUG org.hibernate.orm.results - Extracted JDBC value [0] - [79]
10:24:10.076 [main] DEBUG org.hibernate.orm.results.loading.entity - (EntityResultInitializer) Hydrated EntityKey (org.frcpm.models.Subteam(959666360999100)): 79
10:24:10.076 [main] DEBUG org.hibernate.orm.results.loading.org.hibernate.orm.results.loading.collection - (DelayedCollectionInitializer) Current row collection key : org.frcpm.models.Subteam(959666360999100).members#79
10:24:10.076 [main] DEBUG org.hibernate.orm.results.loading.org.hibernate.orm.results.loading.collection - (DelayedCollectionInitializer) Current row collection key : org.frcpm.models.Subteam(959666360999100).subsystems#79
10:24:10.077 [main] DEBUG org.hibernate.orm.results.loading.entity - (EntityResultInitializer) Created new entity instance [org.frcpm.models.Subteam(959666360999100)#79] : 1748919221
10:24:10.077 [main] DEBUG org.hibernate.orm.results - Extracted JDBC value [1] - [#0000FF]
10:24:10.077 [main] DEBUG org.hibernate.orm.results - Extracted JDBC value [2] - [Test Update Subteam]
10:24:10.077 [main] DEBUG org.hibernate.orm.results - Extracted JDBC value [3] - [Updated Specialties]
10:24:10.077 [main] DEBUG org.hibernate.orm.results.loading.entity - (EntityResultInitializer) Done materializing entityInstance : org.frcpm.models.Subteam(959666360999100)#79
10:24:10.077 [main] DEBUG org.hibernate.orm.results.loading - Calling top-level assembler (0 / 1) : org.hibernate.sql.results.graph.entity.internal.EntityAssembler@29cfc134
10:24:10.077 [main] DEBUG org.hibernate.orm.results - Extracted JDBC value [0] - [87]
10:24:10.077 [main] DEBUG org.hibernate.orm.results.loading.entity - (EntityResultInitializer) Hydrated EntityKey (org.frcpm.models.Subteam(959666360999100)): 87
10:24:10.077 [main] DEBUG org.hibernate.orm.results.loading.org.hibernate.orm.results.loading.collection - (DelayedCollectionInitializer) Current row collection key : org.frcpm.models.Subteam(959666360999100).members#87
10:24:10.077 [main] DEBUG org.hibernate.orm.results.loading.org.hibernate.orm.results.loading.collection - (DelayedCollectionInitializer) Current row collection key : org.frcpm.models.Subteam(959666360999100).subsystems#87
10:24:10.077 [main] DEBUG org.hibernate.orm.results.loading.entity - (EntityResultInitializer) Created new entity instance [org.frcpm.models.Subteam(959666360999100)#87] : 384565349
10:24:10.077 [main] DEBUG org.hibernate.orm.results - Extracted JDBC value [1] - [#0000FF]
10:24:10.077 [main] DEBUG org.hibernate.orm.results - Extracted JDBC value [2] - [Duplicate Name Subteam]
10:24:10.077 [main] DEBUG org.hibernate.orm.results - Extracted JDBC value [3] - [Specialties]
10:24:10.077 [main] DEBUG org.hibernate.orm.results.loading.entity - (EntityResultInitializer) Done materializing entityInstance : org.frcpm.models.Subteam(959666360999100)#87
10:24:10.077 [main] DEBUG org.hibernate.orm.results.loading - Calling top-level assembler (0 / 1) : org.hibernate.sql.results.graph.entity.internal.EntityAssembler@29cfc134
10:24:10.077 [main] DEBUG org.hibernate.resource.jdbc.internal.LogicalConnectionManagedImpl - Initiating JDBC connection release from afterTransaction
10:24:10.077 [main] DEBUG org.hibernate.resource.jdbc.internal.LogicalConnectionManagedImpl - Initiating JDBC connection release from afterTransaction
]]></system-out>
  </testcase>
  <testcase name="testHandleEditMember_NoSelection" classname="org.frcpm.controllers.TeamControllerTest" time="0.038">
    <system-out><![CDATA[10:24:10.092 [main] DEBUG org.hibernate.orm.sql.ast.create - Created new SQL alias : tm1_0
10:24:10.092 [main] DEBUG org.hibernate.orm.sql.ast.create - Registration of TableGroup [StandardTableGroup(org.frcpm.models.TeamMember(959666378236600))] with identifierForTableGroup [org.frcpm.models.TeamMember] for NavigablePath [org.frcpm.models.TeamMember] 
10:24:10.094 [main] DEBUG org.hibernate.orm.sql.ast.create - Registration of TableGroup [org.hibernate.sql.ast.tree.from.LazyTableGroup@2725c740] with identifierForTableGroup [org.frcpm.models.TeamMember.subteam] for NavigablePath [org.frcpm.models.TeamMember.subteam] 
10:24:10.094 [main] DEBUG org.hibernate.orm.results.graph.AST - DomainResult Graph:
 \-EntityResultImpl [org.frcpm.models.TeamMember(959666378236600)]
 |  +-DelayedCollectionFetch [org.frcpm.models.TeamMember(959666378236600).assignedTasks]
 |  +-DelayedCollectionFetch [org.frcpm.models.TeamMember(959666378236600).attendances]
 |  +-BasicFetch [org.frcpm.models.TeamMember(959666378236600).email]
 |  +-BasicFetch [org.frcpm.models.TeamMember(959666378236600).firstName]
 |  +-BasicFetch [org.frcpm.models.TeamMember(959666378236600).lastName]
 |  +-BasicFetch [org.frcpm.models.TeamMember(959666378236600).leader]
 |  +-BasicFetch [org.frcpm.models.TeamMember(959666378236600).phone]
 |  +-BasicFetch [org.frcpm.models.TeamMember(959666378236600).skills]
 |  +-CircularFetchImpl [org.frcpm.models.TeamMember(959666378236600).subteam]
 |  \-BasicFetch [org.frcpm.models.TeamMember(959666378236600).username]

10:24:10.094 [main] DEBUG org.hibernate.orm.sql.ast.tree - SQL AST Tree:
    SelectStatement {
      FromClause {
        StandardTableGroup (tm1 : org.frcpm.models.TeamMember(959666378236600)) {
          primaryTableReference : team_members as tm1_0
          TableGroupJoins {
            left  join LazyTableGroup (s1 : org.frcpm.models.TeamMember(959666378236600).subteam) {
            }
          }
        }
      }
    }

10:24:10.095 [main] DEBUG org.hibernate.orm.sql.exec - Skipping reading Query result cache data: cache-enabled = false, cache-mode = NORMAL
10:24:10.095 [main] DEBUG org.hibernate.orm.results - Initializer list:
	  org.frcpm.models.TeamMember(959666378236600).attendances -> DelayedCollectionInitializer(org.frcpm.models.TeamMember(959666378236600).attendances)@623783446 (PluralAttribute(org.frcpm.models.TeamMember.attendances))
	  org.frcpm.models.TeamMember(959666378236600).subteam -> EntityDelayedFetchInitializer(org.frcpm.models.TeamMember(959666378236600).subteam)@260022265 (ToOneAttributeMapping(NavigableRole[org.frcpm.models.TeamMember.subteam])@1143917207)
	  org.frcpm.models.TeamMember(959666378236600).assignedTasks -> DelayedCollectionInitializer(org.frcpm.models.TeamMember(959666378236600).assignedTasks)@1969327638 (PluralAttribute(org.frcpm.models.TeamMember.assignedTasks))
	  org.frcpm.models.TeamMember(959666378236600) -> EntityResultInitializer(org.frcpm.models.TeamMember(959666378236600))@2096584765 (SingleTableEntityPersister(org.frcpm.models.TeamMember))

10:24:10.096 [main] DEBUG org.hibernate.SQL - select tm1_0.id,tm1_0.email,tm1_0.first_name,tm1_0.last_name,tm1_0.is_leader,tm1_0.phone,tm1_0.skills,tm1_0.subteam_id,tm1_0.username from team_members tm1_0
10:24:10.096 [main] DEBUG org.hibernate.orm.results - Extracted JDBC value [0] - [1]
10:24:10.096 [main] DEBUG org.hibernate.orm.results.loading.entity - (EntityResultInitializer) Hydrated EntityKey (org.frcpm.models.TeamMember(959666378236600)): 1
10:24:10.096 [main] DEBUG org.hibernate.orm.results.loading.org.hibernate.orm.results.loading.collection - (DelayedCollectionInitializer) Current row collection key : org.frcpm.models.TeamMember(959666378236600).assignedTasks#1
10:24:10.096 [main] DEBUG org.hibernate.orm.results.loading.org.hibernate.orm.results.loading.collection - (DelayedCollectionInitializer) Current row collection key : org.frcpm.models.TeamMember(959666378236600).attendances#1
10:24:10.096 [main] DEBUG org.hibernate.orm.results.loading.entity - (EntityResultInitializer) Created new entity instance [org.frcpm.models.TeamMember(959666378236600)#1] : 577135043
10:24:10.097 [main] DEBUG org.hibernate.orm.results - Extracted JDBC value [7] - [3]
10:24:10.097 [main] DEBUG org.hibernate.orm.results - Extracted JDBC value [1] - [jsmith@example.com]
10:24:10.097 [main] DEBUG org.hibernate.orm.results - Extracted JDBC value [2] - [John]
10:24:10.097 [main] DEBUG org.hibernate.orm.results - Extracted JDBC value [3] - [Smith]
10:24:10.097 [main] DEBUG org.hibernate.orm.results - Extracted JDBC value [4] - [true]
10:24:10.097 [main] DEBUG org.hibernate.orm.results - Extracted JDBC value [5] - [555-1234]
10:24:10.097 [main] DEBUG org.hibernate.orm.results - Extracted JDBC value [6] - [Java, Python, Control Systems]
10:24:10.097 [main] DEBUG org.hibernate.orm.results - Extracted JDBC value [8] - [jsmith]
10:24:10.097 [main] DEBUG org.hibernate.orm.results.loading.entity - (EntityResultInitializer) Done materializing entityInstance : org.frcpm.models.TeamMember(959666378236600)#1
10:24:10.097 [main] DEBUG org.hibernate.orm.results.loading - Calling top-level assembler (0 / 1) : org.hibernate.sql.results.graph.entity.internal.EntityAssembler@99dd7e9
10:24:10.097 [main] DEBUG org.hibernate.orm.results - Extracted JDBC value [0] - [2]
10:24:10.097 [main] DEBUG org.hibernate.orm.results.loading.entity - (EntityResultInitializer) Hydrated EntityKey (org.frcpm.models.TeamMember(959666378236600)): 2
10:24:10.097 [main] DEBUG org.hibernate.orm.results.loading.org.hibernate.orm.results.loading.collection - (DelayedCollectionInitializer) Current row collection key : org.frcpm.models.TeamMember(959666378236600).assignedTasks#2
10:24:10.097 [main] DEBUG org.hibernate.orm.results.loading.org.hibernate.orm.results.loading.collection - (DelayedCollectionInitializer) Current row collection key : org.frcpm.models.TeamMember(959666378236600).attendances#2
10:24:10.097 [main] DEBUG org.hibernate.orm.results.loading.entity - (EntityResultInitializer) Created new entity instance [org.frcpm.models.TeamMember(959666378236600)#2] : 409261920
10:24:10.097 [main] DEBUG org.hibernate.orm.results - Extracted JDBC value [7] - [1]
10:24:10.097 [main] DEBUG org.hibernate.orm.results - Extracted JDBC value [1] - [agarcia@example.com]
10:24:10.097 [main] DEBUG org.hibernate.orm.results - Extracted JDBC value [2] - [Ana]
10:24:10.097 [main] DEBUG org.hibernate.orm.results - Extracted JDBC value [3] - [Garcia]
10:24:10.097 [main] DEBUG org.hibernate.orm.results - Extracted JDBC value [4] - [true]
10:24:10.097 [main] DEBUG org.hibernate.orm.results - Extracted JDBC value [5] - [555-5678]
10:24:10.097 [main] DEBUG org.hibernate.orm.results - Extracted JDBC value [6] - [CAD, Design, Machining]
10:24:10.097 [main] DEBUG org.hibernate.orm.results - Extracted JDBC value [8] - [agarcia]
10:24:10.097 [main] DEBUG org.hibernate.orm.results.loading.entity - (EntityResultInitializer) Done materializing entityInstance : org.frcpm.models.TeamMember(959666378236600)#2
10:24:10.097 [main] DEBUG org.hibernate.orm.results.loading - Calling top-level assembler (0 / 1) : org.hibernate.sql.results.graph.entity.internal.EntityAssembler@99dd7e9
10:24:10.097 [main] DEBUG org.hibernate.orm.results - Extracted JDBC value [0] - [3]
10:24:10.097 [main] DEBUG org.hibernate.orm.results.loading.entity - (EntityResultInitializer) Hydrated EntityKey (org.frcpm.models.TeamMember(959666378236600)): 3
10:24:10.097 [main] DEBUG org.hibernate.orm.results.loading.org.hibernate.orm.results.loading.collection - (DelayedCollectionInitializer) Current row collection key : org.frcpm.models.TeamMember(959666378236600).assignedTasks#3
10:24:10.097 [main] DEBUG org.hibernate.orm.results.loading.org.hibernate.orm.results.loading.collection - (DelayedCollectionInitializer) Current row collection key : org.frcpm.models.TeamMember(959666378236600).attendances#3
10:24:10.097 [main] DEBUG org.hibernate.orm.results.loading.entity - (EntityResultInitializer) Created new entity instance [org.frcpm.models.TeamMember(959666378236600)#3] : 1062926127
10:24:10.097 [main] DEBUG org.hibernate.orm.results - Extracted JDBC value [7] - [2]
10:24:10.098 [main] DEBUG org.hibernate.orm.results - Extracted JDBC value [1] - [twong@example.com]
10:24:10.098 [main] DEBUG org.hibernate.orm.results - Extracted JDBC value [2] - [Tyler]
10:24:10.098 [main] DEBUG org.hibernate.orm.results - Extracted JDBC value [3] - [Wong]
10:24:10.098 [main] DEBUG org.hibernate.orm.results - Extracted JDBC value [4] - [true]
10:24:10.098 [main] DEBUG org.hibernate.orm.results - Extracted JDBC value [5] - [555-9012]
10:24:10.098 [main] DEBUG org.hibernate.orm.results - Extracted JDBC value [6] - [Electronics, Wiring, Soldering]
10:24:10.098 [main] DEBUG org.hibernate.orm.results - Extracted JDBC value [8] - [twong]
10:24:10.098 [main] DEBUG org.hibernate.orm.results.loading.entity - (EntityResultInitializer) Done materializing entityInstance : org.frcpm.models.TeamMember(959666378236600)#3
10:24:10.098 [main] DEBUG org.hibernate.orm.results.loading - Calling top-level assembler (0 / 1) : org.hibernate.sql.results.graph.entity.internal.EntityAssembler@99dd7e9
10:24:10.098 [main] DEBUG org.hibernate.orm.results - Extracted JDBC value [0] - [4]
10:24:10.098 [main] DEBUG org.hibernate.orm.results.loading.entity - (EntityResultInitializer) Hydrated EntityKey (org.frcpm.models.TeamMember(959666378236600)): 4
10:24:10.098 [main] DEBUG org.hibernate.orm.results.loading.org.hibernate.orm.results.loading.collection - (DelayedCollectionInitializer) Current row collection key : org.frcpm.models.TeamMember(959666378236600).assignedTasks#4
10:24:10.098 [main] DEBUG org.hibernate.orm.results.loading.org.hibernate.orm.results.loading.collection - (DelayedCollectionInitializer) Current row collection key : org.frcpm.models.TeamMember(959666378236600).attendances#4
10:24:10.098 [main] DEBUG org.hibernate.orm.results.loading.entity - (EntityResultInitializer) Created new entity instance [org.frcpm.models.TeamMember(959666378236600)#4] : 637487146
10:24:10.098 [main] DEBUG org.hibernate.orm.results - Extracted JDBC value [7] - [4]
10:24:10.098 [main] DEBUG org.hibernate.orm.results - Extracted JDBC value [1] - [lchen@example.com]
10:24:10.098 [main] DEBUG org.hibernate.orm.results - Extracted JDBC value [2] - [Lisa]
10:24:10.098 [main] DEBUG org.hibernate.orm.results - Extracted JDBC value [3] - [Chen]
10:24:10.098 [main] DEBUG org.hibernate.orm.results - Extracted JDBC value [4] - [true]
10:24:10.098 [main] DEBUG org.hibernate.orm.results - Extracted JDBC value [5] - [555-3456]
10:24:10.098 [main] DEBUG org.hibernate.orm.results - Extracted JDBC value [6] - [Marketing, Social Media, Presentations]
10:24:10.098 [main] DEBUG org.hibernate.orm.results - Extracted JDBC value [8] - [lchen]
10:24:10.098 [main] DEBUG org.hibernate.orm.results.loading.entity - (EntityResultInitializer) Done materializing entityInstance : org.frcpm.models.TeamMember(959666378236600)#4
10:24:10.098 [main] DEBUG org.hibernate.orm.results.loading - Calling top-level assembler (0 / 1) : org.hibernate.sql.results.graph.entity.internal.EntityAssembler@99dd7e9
10:24:10.098 [main] DEBUG org.hibernate.orm.results - Extracted JDBC value [0] - [5]
10:24:10.098 [main] DEBUG org.hibernate.orm.results.loading.entity - (EntityResultInitializer) Hydrated EntityKey (org.frcpm.models.TeamMember(959666378236600)): 5
10:24:10.098 [main] DEBUG org.hibernate.orm.results.loading.org.hibernate.orm.results.loading.collection - (DelayedCollectionInitializer) Current row collection key : org.frcpm.models.TeamMember(959666378236600).assignedTasks#5
10:24:10.098 [main] DEBUG org.hibernate.orm.results.loading.org.hibernate.orm.results.loading.collection - (DelayedCollectionInitializer) Current row collection key : org.frcpm.models.TeamMember(959666378236600).attendances#5
10:24:10.098 [main] DEBUG org.hibernate.orm.results.loading.entity - (EntityResultInitializer) Created new entity instance [org.frcpm.models.TeamMember(959666378236600)#5] : 1447008102
10:24:10.098 [main] DEBUG org.hibernate.orm.results - Extracted JDBC value [7] - [1]
10:24:10.098 [main] DEBUG org.hibernate.orm.results - Extracted JDBC value [1] - [mjohnson@example.com]
10:24:10.098 [main] DEBUG org.hibernate.orm.results - Extracted JDBC value [2] - [Mike]
10:24:10.098 [main] DEBUG org.hibernate.orm.results - Extracted JDBC value [3] - [Johnson]
10:24:10.098 [main] DEBUG org.hibernate.orm.results - Extracted JDBC value [4] - [false]
10:24:10.098 [main] DEBUG org.hibernate.orm.results - Extracted JDBC value [5] - [555-7890]
10:24:10.098 [main] DEBUG org.hibernate.orm.results - Extracted JDBC value [6] - [CAD, 3D Printing, Prototyping]
10:24:10.098 [main] DEBUG org.hibernate.orm.results - Extracted JDBC value [8] - [mjohnson]
10:24:10.098 [main] DEBUG org.hibernate.orm.results.loading.entity - (EntityResultInitializer) Done materializing entityInstance : org.frcpm.models.TeamMember(959666378236600)#5
10:24:10.098 [main] DEBUG org.hibernate.orm.results.loading - Calling top-level assembler (0 / 1) : org.hibernate.sql.results.graph.entity.internal.EntityAssembler@99dd7e9
10:24:10.098 [main] DEBUG org.hibernate.orm.results - Extracted JDBC value [0] - [6]
10:24:10.098 [main] DEBUG org.hibernate.orm.results.loading.entity - (EntityResultInitializer) Hydrated EntityKey (org.frcpm.models.TeamMember(959666378236600)): 6
10:24:10.098 [main] DEBUG org.hibernate.orm.results.loading.org.hibernate.orm.results.loading.collection - (DelayedCollectionInitializer) Current row collection key : org.frcpm.models.TeamMember(959666378236600).assignedTasks#6
10:24:10.098 [main] DEBUG org.hibernate.orm.results.loading.org.hibernate.orm.results.loading.collection - (DelayedCollectionInitializer) Current row collection key : org.frcpm.models.TeamMember(959666378236600).attendances#6
10:24:10.098 [main] DEBUG org.hibernate.orm.results.loading.entity - (EntityResultInitializer) Created new entity instance [org.frcpm.models.TeamMember(959666378236600)#6] : 1671390276
10:24:10.098 [main] DEBUG org.hibernate.orm.results - Extracted JDBC value [7] - [3]
10:24:10.098 [main] DEBUG org.hibernate.orm.results - Extracted JDBC value [1] - [sdavis@example.com]
10:24:10.098 [main] DEBUG org.hibernate.orm.results - Extracted JDBC value [2] - [Sarah]
10:24:10.098 [main] DEBUG org.hibernate.orm.results - Extracted JDBC value [3] - [Davis]
10:24:10.098 [main] DEBUG org.hibernate.orm.results - Extracted JDBC value [4] - [false]
10:24:10.098 [main] DEBUG org.hibernate.orm.results - Extracted JDBC value [5] - [555-2345]
10:24:10.098 [main] DEBUG org.hibernate.orm.results - Extracted JDBC value [6] - [Computer Vision, Machine Learning]
10:24:10.098 [main] DEBUG org.hibernate.orm.results - Extracted JDBC value [8] - [sdavis]
10:24:10.098 [main] DEBUG org.hibernate.orm.results.loading.entity - (EntityResultInitializer) Done materializing entityInstance : org.frcpm.models.TeamMember(959666378236600)#6
10:24:10.098 [main] DEBUG org.hibernate.orm.results.loading - Calling top-level assembler (0 / 1) : org.hibernate.sql.results.graph.entity.internal.EntityAssembler@99dd7e9
10:24:10.098 [main] DEBUG org.hibernate.orm.results - Extracted JDBC value [0] - [36]
10:24:10.098 [main] DEBUG org.hibernate.orm.results.loading.entity - (EntityResultInitializer) Hydrated EntityKey (org.frcpm.models.TeamMember(959666378236600)): 36
10:24:10.098 [main] DEBUG org.hibernate.orm.results.loading.org.hibernate.orm.results.loading.collection - (DelayedCollectionInitializer) Current row collection key : org.frcpm.models.TeamMember(959666378236600).assignedTasks#36
10:24:10.098 [main] DEBUG org.hibernate.orm.results.loading.org.hibernate.orm.results.loading.collection - (DelayedCollectionInitializer) Current row collection key : org.frcpm.models.TeamMember(959666378236600).attendances#36
10:24:10.098 [main] DEBUG org.hibernate.orm.results.loading.entity - (EntityResultInitializer) Created new entity instance [org.frcpm.models.TeamMember(959666378236600)#36] : 1785722147
10:24:10.098 [main] DEBUG org.hibernate.orm.results - Extracted JDBC value [7] - [null]
10:24:10.098 [main] DEBUG org.hibernate.orm.results - Extracted JDBC value [1] - [tasktest@example.com]
10:24:10.098 [main] DEBUG org.hibernate.orm.results - Extracted JDBC value [2] - [Task]
10:24:10.098 [main] DEBUG org.hibernate.orm.results - Extracted JDBC value [3] - [Test]
10:24:10.098 [main] DEBUG org.hibernate.orm.results - Extracted JDBC value [4] - [false]
10:24:10.098 [main] DEBUG org.hibernate.orm.results - Extracted JDBC value [5] - [null]
10:24:10.098 [main] DEBUG org.hibernate.orm.results - Extracted JDBC value [6] - [null]
10:24:10.098 [main] DEBUG org.hibernate.orm.results - Extracted JDBC value [8] - [tasktestuser_1745594395337]
10:24:10.098 [main] DEBUG org.hibernate.orm.results.loading.entity - (EntityResultInitializer) Done materializing entityInstance : org.frcpm.models.TeamMember(959666378236600)#36
10:24:10.099 [main] DEBUG org.hibernate.orm.results.loading - Calling top-level assembler (0 / 1) : org.hibernate.sql.results.graph.entity.internal.EntityAssembler@99dd7e9
10:24:10.099 [main] DEBUG org.hibernate.orm.results - Extracted JDBC value [0] - [37]
10:24:10.099 [main] DEBUG org.hibernate.orm.results.loading.entity - (EntityResultInitializer) Hydrated EntityKey (org.frcpm.models.TeamMember(959666378236600)): 37
10:24:10.099 [main] DEBUG org.hibernate.orm.results.loading.org.hibernate.orm.results.loading.collection - (DelayedCollectionInitializer) Current row collection key : org.frcpm.models.TeamMember(959666378236600).assignedTasks#37
10:24:10.099 [main] DEBUG org.hibernate.orm.results.loading.org.hibernate.orm.results.loading.collection - (DelayedCollectionInitializer) Current row collection key : org.frcpm.models.TeamMember(959666378236600).attendances#37
10:24:10.099 [main] DEBUG org.hibernate.orm.results.loading.entity - (EntityResultInitializer) Created new entity instance [org.frcpm.models.TeamMember(959666378236600)#37] : 1540995845
10:24:10.099 [main] DEBUG org.hibernate.orm.results - Extracted JDBC value [7] - [null]
10:24:10.099 [main] DEBUG org.hibernate.orm.results - Extracted JDBC value [1] - [tasktest@example.com]
10:24:10.099 [main] DEBUG org.hibernate.orm.results - Extracted JDBC value [2] - [Task]
10:24:10.099 [main] DEBUG org.hibernate.orm.results - Extracted JDBC value [3] - [Test]
10:24:10.099 [main] DEBUG org.hibernate.orm.results - Extracted JDBC value [4] - [false]
10:24:10.099 [main] DEBUG org.hibernate.orm.results - Extracted JDBC value [5] - [null]
10:24:10.099 [main] DEBUG org.hibernate.orm.results - Extracted JDBC value [6] - [null]
10:24:10.099 [main] DEBUG org.hibernate.orm.results - Extracted JDBC value [8] - [tasktestuser_1745594395698]
10:24:10.099 [main] DEBUG org.hibernate.orm.results.loading.entity - (EntityResultInitializer) Done materializing entityInstance : org.frcpm.models.TeamMember(959666378236600)#37
10:24:10.099 [main] DEBUG org.hibernate.orm.results.loading - Calling top-level assembler (0 / 1) : org.hibernate.sql.results.graph.entity.internal.EntityAssembler@99dd7e9
10:24:10.099 [main] DEBUG org.hibernate.orm.results - Extracted JDBC value [0] - [38]
10:24:10.099 [main] DEBUG org.hibernate.orm.results.loading.entity - (EntityResultInitializer) Hydrated EntityKey (org.frcpm.models.TeamMember(959666378236600)): 38
10:24:10.099 [main] DEBUG org.hibernate.orm.results.loading.org.hibernate.orm.results.loading.collection - (DelayedCollectionInitializer) Current row collection key : org.frcpm.models.TeamMember(959666378236600).assignedTasks#38
10:24:10.099 [main] DEBUG org.hibernate.orm.results.loading.org.hibernate.orm.results.loading.collection - (DelayedCollectionInitializer) Current row collection key : org.frcpm.models.TeamMember(959666378236600).attendances#38
10:24:10.099 [main] DEBUG org.hibernate.orm.results.loading.entity - (EntityResultInitializer) Created new entity instance [org.frcpm.models.TeamMember(959666378236600)#38] : 1632817923
10:24:10.099 [main] DEBUG org.hibernate.orm.results - Extracted JDBC value [7] - [null]
10:24:10.099 [main] DEBUG org.hibernate.orm.results - Extracted JDBC value [1] - [tasktest@example.com]
10:24:10.099 [main] DEBUG org.hibernate.orm.results - Extracted JDBC value [2] - [Task]
10:24:10.099 [main] DEBUG org.hibernate.orm.results - Extracted JDBC value [3] - [Test]
10:24:10.099 [main] DEBUG org.hibernate.orm.results - Extracted JDBC value [4] - [false]
10:24:10.099 [main] DEBUG org.hibernate.orm.results - Extracted JDBC value [5] - [null]
10:24:10.099 [main] DEBUG org.hibernate.orm.results - Extracted JDBC value [6] - [null]
10:24:10.099 [main] DEBUG org.hibernate.orm.results - Extracted JDBC value [8] - [tasktestuser_1745594396071]
10:24:10.099 [main] DEBUG org.hibernate.orm.results.loading.entity - (EntityResultInitializer) Done materializing entityInstance : org.frcpm.models.TeamMember(959666378236600)#38
10:24:10.099 [main] DEBUG org.hibernate.orm.results.loading - Calling top-level assembler (0 / 1) : org.hibernate.sql.results.graph.entity.internal.EntityAssembler@99dd7e9
10:24:10.099 [main] DEBUG org.hibernate.orm.results - Extracted JDBC value [0] - [39]
10:24:10.099 [main] DEBUG org.hibernate.orm.results.loading.entity - (EntityResultInitializer) Hydrated EntityKey (org.frcpm.models.TeamMember(959666378236600)): 39
10:24:10.099 [main] DEBUG org.hibernate.orm.results.loading.org.hibernate.orm.results.loading.collection - (DelayedCollectionInitializer) Current row collection key : org.frcpm.models.TeamMember(959666378236600).assignedTasks#39
10:24:10.099 [main] DEBUG org.hibernate.orm.results.loading.org.hibernate.orm.results.loading.collection - (DelayedCollectionInitializer) Current row collection key : org.frcpm.models.TeamMember(959666378236600).attendances#39
10:24:10.099 [main] DEBUG org.hibernate.orm.results.loading.entity - (EntityResultInitializer) Created new entity instance [org.frcpm.models.TeamMember(959666378236600)#39] : 1222093409
10:24:10.099 [main] DEBUG org.hibernate.orm.results - Extracted JDBC value [7] - [null]
10:24:10.099 [main] DEBUG org.hibernate.orm.results - Extracted JDBC value [1] - [tasktest@example.com]
10:24:10.099 [main] DEBUG org.hibernate.orm.results - Extracted JDBC value [2] - [Task]
10:24:10.099 [main] DEBUG org.hibernate.orm.results - Extracted JDBC value [3] - [Test]
10:24:10.099 [main] DEBUG org.hibernate.orm.results - Extracted JDBC value [4] - [false]
10:24:10.099 [main] DEBUG org.hibernate.orm.results - Extracted JDBC value [5] - [null]
10:24:10.099 [main] DEBUG org.hibernate.orm.results - Extracted JDBC value [6] - [null]
10:24:10.099 [main] DEBUG org.hibernate.orm.results - Extracted JDBC value [8] - [tasktestuser_1745594396416]
10:24:10.099 [main] DEBUG org.hibernate.orm.results.loading.entity - (EntityResultInitializer) Done materializing entityInstance : org.frcpm.models.TeamMember(959666378236600)#39
10:24:10.099 [main] DEBUG org.hibernate.orm.results.loading - Calling top-level assembler (0 / 1) : org.hibernate.sql.results.graph.entity.internal.EntityAssembler@99dd7e9
10:24:10.099 [main] DEBUG org.hibernate.orm.results - Extracted JDBC value [0] - [40]
10:24:10.099 [main] DEBUG org.hibernate.orm.results.loading.entity - (EntityResultInitializer) Hydrated EntityKey (org.frcpm.models.TeamMember(959666378236600)): 40
10:24:10.099 [main] DEBUG org.hibernate.orm.results.loading.org.hibernate.orm.results.loading.collection - (DelayedCollectionInitializer) Current row collection key : org.frcpm.models.TeamMember(959666378236600).assignedTasks#40
10:24:10.099 [main] DEBUG org.hibernate.orm.results.loading.org.hibernate.orm.results.loading.collection - (DelayedCollectionInitializer) Current row collection key : org.frcpm.models.TeamMember(959666378236600).attendances#40
10:24:10.099 [main] DEBUG org.hibernate.orm.results.loading.entity - (EntityResultInitializer) Created new entity instance [org.frcpm.models.TeamMember(959666378236600)#40] : 1329937540
10:24:10.099 [main] DEBUG org.hibernate.orm.results - Extracted JDBC value [7] - [null]
10:24:10.099 [main] DEBUG org.hibernate.orm.results - Extracted JDBC value [1] - [tasktest@example.com]
10:24:10.099 [main] DEBUG org.hibernate.orm.results - Extracted JDBC value [2] - [Task]
10:24:10.099 [main] DEBUG org.hibernate.orm.results - Extracted JDBC value [3] - [Test]
10:24:10.099 [main] DEBUG org.hibernate.orm.results - Extracted JDBC value [4] - [false]
10:24:10.099 [main] DEBUG org.hibernate.orm.results - Extracted JDBC value [5] - [null]
10:24:10.099 [main] DEBUG org.hibernate.orm.results - Extracted JDBC value [6] - [null]
10:24:10.099 [main] DEBUG org.hibernate.orm.results - Extracted JDBC value [8] - [tasktestuser_1745594396762]
10:24:10.099 [main] DEBUG org.hibernate.orm.results.loading.entity - (EntityResultInitializer) Done materializing entityInstance : org.frcpm.models.TeamMember(959666378236600)#40
10:24:10.099 [main] DEBUG org.hibernate.orm.results.loading - Calling top-level assembler (0 / 1) : org.hibernate.sql.results.graph.entity.internal.EntityAssembler@99dd7e9
10:24:10.099 [main] DEBUG org.hibernate.orm.results - Extracted JDBC value [0] - [41]
10:24:10.099 [main] DEBUG org.hibernate.orm.results.loading.entity - (EntityResultInitializer) Hydrated EntityKey (org.frcpm.models.TeamMember(959666378236600)): 41
10:24:10.099 [main] DEBUG org.hibernate.orm.results.loading.org.hibernate.orm.results.loading.collection - (DelayedCollectionInitializer) Current row collection key : org.frcpm.models.TeamMember(959666378236600).assignedTasks#41
10:24:10.099 [main] DEBUG org.hibernate.orm.results.loading.org.hibernate.orm.results.loading.collection - (DelayedCollectionInitializer) Current row collection key : org.frcpm.models.TeamMember(959666378236600).attendances#41
10:24:10.099 [main] DEBUG org.hibernate.orm.results.loading.entity - (EntityResultInitializer) Created new entity instance [org.frcpm.models.TeamMember(959666378236600)#41] : 1273437736
10:24:10.099 [main] DEBUG org.hibernate.orm.results - Extracted JDBC value [7] - [null]
10:24:10.100 [main] DEBUG org.hibernate.orm.results - Extracted JDBC value [1] - [tasktest@example.com]
10:24:10.100 [main] DEBUG org.hibernate.orm.results - Extracted JDBC value [2] - [Task]
10:24:10.100 [main] DEBUG org.hibernate.orm.results - Extracted JDBC value [3] - [Test]
10:24:10.100 [main] DEBUG org.hibernate.orm.results - Extracted JDBC value [4] - [false]
10:24:10.100 [main] DEBUG org.hibernate.orm.results - Extracted JDBC value [5] - [null]
10:24:10.100 [main] DEBUG org.hibernate.orm.results - Extracted JDBC value [6] - [null]
10:24:10.100 [main] DEBUG org.hibernate.orm.results - Extracted JDBC value [8] - [tasktestuser_1745594397140]
10:24:10.100 [main] DEBUG org.hibernate.orm.results.loading.entity - (EntityResultInitializer) Done materializing entityInstance : org.frcpm.models.TeamMember(959666378236600)#41
10:24:10.100 [main] DEBUG org.hibernate.orm.results.loading - Calling top-level assembler (0 / 1) : org.hibernate.sql.results.graph.entity.internal.EntityAssembler@99dd7e9
10:24:10.100 [main] DEBUG org.hibernate.orm.results - Extracted JDBC value [0] - [42]
10:24:10.100 [main] DEBUG org.hibernate.orm.results.loading.entity - (EntityResultInitializer) Hydrated EntityKey (org.frcpm.models.TeamMember(959666378236600)): 42
10:24:10.100 [main] DEBUG org.hibernate.orm.results.loading.org.hibernate.orm.results.loading.collection - (DelayedCollectionInitializer) Current row collection key : org.frcpm.models.TeamMember(959666378236600).assignedTasks#42
10:24:10.100 [main] DEBUG org.hibernate.orm.results.loading.org.hibernate.orm.results.loading.collection - (DelayedCollectionInitializer) Current row collection key : org.frcpm.models.TeamMember(959666378236600).attendances#42
10:24:10.100 [main] DEBUG org.hibernate.orm.results.loading.entity - (EntityResultInitializer) Created new entity instance [org.frcpm.models.TeamMember(959666378236600)#42] : 1776779519
10:24:10.100 [main] DEBUG org.hibernate.orm.results - Extracted JDBC value [7] - [null]
10:24:10.100 [main] DEBUG org.hibernate.orm.results - Extracted JDBC value [1] - [tasktest@example.com]
10:24:10.100 [main] DEBUG org.hibernate.orm.results - Extracted JDBC value [2] - [Task]
10:24:10.100 [main] DEBUG org.hibernate.orm.results - Extracted JDBC value [3] - [Test]
10:24:10.100 [main] DEBUG org.hibernate.orm.results - Extracted JDBC value [4] - [false]
10:24:10.100 [main] DEBUG org.hibernate.orm.results - Extracted JDBC value [5] - [null]
10:24:10.100 [main] DEBUG org.hibernate.orm.results - Extracted JDBC value [6] - [null]
10:24:10.100 [main] DEBUG org.hibernate.orm.results - Extracted JDBC value [8] - [tasktestuser_1745594397563]
10:24:10.100 [main] DEBUG org.hibernate.orm.results.loading.entity - (EntityResultInitializer) Done materializing entityInstance : org.frcpm.models.TeamMember(959666378236600)#42
10:24:10.100 [main] DEBUG org.hibernate.orm.results.loading - Calling top-level assembler (0 / 1) : org.hibernate.sql.results.graph.entity.internal.EntityAssembler@99dd7e9
10:24:10.100 [main] DEBUG org.hibernate.orm.results - Extracted JDBC value [0] - [43]
10:24:10.100 [main] DEBUG org.hibernate.orm.results.loading.entity - (EntityResultInitializer) Hydrated EntityKey (org.frcpm.models.TeamMember(959666378236600)): 43
10:24:10.100 [main] DEBUG org.hibernate.orm.results.loading.org.hibernate.orm.results.loading.collection - (DelayedCollectionInitializer) Current row collection key : org.frcpm.models.TeamMember(959666378236600).assignedTasks#43
10:24:10.100 [main] DEBUG org.hibernate.orm.results.loading.org.hibernate.orm.results.loading.collection - (DelayedCollectionInitializer) Current row collection key : org.frcpm.models.TeamMember(959666378236600).attendances#43
10:24:10.100 [main] DEBUG org.hibernate.orm.results.loading.entity - (EntityResultInitializer) Created new entity instance [org.frcpm.models.TeamMember(959666378236600)#43] : 512659225
10:24:10.100 [main] DEBUG org.hibernate.orm.results - Extracted JDBC value [7] - [null]
10:24:10.100 [main] DEBUG org.hibernate.orm.results - Extracted JDBC value [1] - [tasktest@example.com]
10:24:10.100 [main] DEBUG org.hibernate.orm.results - Extracted JDBC value [2] - [Task]
10:24:10.100 [main] DEBUG org.hibernate.orm.results - Extracted JDBC value [3] - [Test]
10:24:10.100 [main] DEBUG org.hibernate.orm.results - Extracted JDBC value [4] - [false]
10:24:10.100 [main] DEBUG org.hibernate.orm.results - Extracted JDBC value [5] - [null]
10:24:10.100 [main] DEBUG org.hibernate.orm.results - Extracted JDBC value [6] - [null]
10:24:10.100 [main] DEBUG org.hibernate.orm.results - Extracted JDBC value [8] - [tasktestuser_1745594397906]
10:24:10.100 [main] DEBUG org.hibernate.orm.results.loading.entity - (EntityResultInitializer) Done materializing entityInstance : org.frcpm.models.TeamMember(959666378236600)#43
10:24:10.100 [main] DEBUG org.hibernate.orm.results.loading - Calling top-level assembler (0 / 1) : org.hibernate.sql.results.graph.entity.internal.EntityAssembler@99dd7e9
10:24:10.100 [main] DEBUG org.hibernate.orm.results - Extracted JDBC value [0] - [44]
10:24:10.100 [main] DEBUG org.hibernate.orm.results.loading.entity - (EntityResultInitializer) Hydrated EntityKey (org.frcpm.models.TeamMember(959666378236600)): 44
10:24:10.100 [main] DEBUG org.hibernate.orm.results.loading.org.hibernate.orm.results.loading.collection - (DelayedCollectionInitializer) Current row collection key : org.frcpm.models.TeamMember(959666378236600).assignedTasks#44
10:24:10.100 [main] DEBUG org.hibernate.orm.results.loading.org.hibernate.orm.results.loading.collection - (DelayedCollectionInitializer) Current row collection key : org.frcpm.models.TeamMember(959666378236600).attendances#44
10:24:10.100 [main] DEBUG org.hibernate.orm.results.loading.entity - (EntityResultInitializer) Created new entity instance [org.frcpm.models.TeamMember(959666378236600)#44] : 373468802
10:24:10.100 [main] DEBUG org.hibernate.orm.results - Extracted JDBC value [7] - [null]
10:24:10.100 [main] DEBUG org.hibernate.orm.results - Extracted JDBC value [1] - [tasktest@example.com]
10:24:10.100 [main] DEBUG org.hibernate.orm.results - Extracted JDBC value [2] - [Task]
10:24:10.100 [main] DEBUG org.hibernate.orm.results - Extracted JDBC value [3] - [Test]
10:24:10.100 [main] DEBUG org.hibernate.orm.results - Extracted JDBC value [4] - [false]
10:24:10.100 [main] DEBUG org.hibernate.orm.results - Extracted JDBC value [5] - [null]
10:24:10.100 [main] DEBUG org.hibernate.orm.results - Extracted JDBC value [6] - [null]
10:24:10.100 [main] DEBUG org.hibernate.orm.results - Extracted JDBC value [8] - [tasktestuser_1745594398275]
10:24:10.100 [main] DEBUG org.hibernate.orm.results.loading.entity - (EntityResultInitializer) Done materializing entityInstance : org.frcpm.models.TeamMember(959666378236600)#44
10:24:10.100 [main] DEBUG org.hibernate.orm.results.loading - Calling top-level assembler (0 / 1) : org.hibernate.sql.results.graph.entity.internal.EntityAssembler@99dd7e9
10:24:10.100 [main] DEBUG org.hibernate.orm.results - Extracted JDBC value [0] - [45]
10:24:10.100 [main] DEBUG org.hibernate.orm.results.loading.entity - (EntityResultInitializer) Hydrated EntityKey (org.frcpm.models.TeamMember(959666378236600)): 45
10:24:10.100 [main] DEBUG org.hibernate.orm.results.loading.org.hibernate.orm.results.loading.collection - (DelayedCollectionInitializer) Current row collection key : org.frcpm.models.TeamMember(959666378236600).assignedTasks#45
10:24:10.100 [main] DEBUG org.hibernate.orm.results.loading.org.hibernate.orm.results.loading.collection - (DelayedCollectionInitializer) Current row collection key : org.frcpm.models.TeamMember(959666378236600).attendances#45
10:24:10.100 [main] DEBUG org.hibernate.orm.results.loading.entity - (EntityResultInitializer) Created new entity instance [org.frcpm.models.TeamMember(959666378236600)#45] : 1848787689
10:24:10.100 [main] DEBUG org.hibernate.orm.results - Extracted JDBC value [7] - [null]
10:24:10.100 [main] DEBUG org.hibernate.orm.results - Extracted JDBC value [1] - [tasktest@example.com]
10:24:10.100 [main] DEBUG org.hibernate.orm.results - Extracted JDBC value [2] - [Task]
10:24:10.100 [main] DEBUG org.hibernate.orm.results - Extracted JDBC value [3] - [Test]
10:24:10.100 [main] DEBUG org.hibernate.orm.results - Extracted JDBC value [4] - [false]
10:24:10.100 [main] DEBUG org.hibernate.orm.results - Extracted JDBC value [5] - [null]
10:24:10.100 [main] DEBUG org.hibernate.orm.results - Extracted JDBC value [6] - [null]
10:24:10.100 [main] DEBUG org.hibernate.orm.results - Extracted JDBC value [8] - [tasktestuser_1745594398667]
10:24:10.100 [main] DEBUG org.hibernate.orm.results.loading.entity - (EntityResultInitializer) Done materializing entityInstance : org.frcpm.models.TeamMember(959666378236600)#45
10:24:10.100 [main] DEBUG org.hibernate.orm.results.loading - Calling top-level assembler (0 / 1) : org.hibernate.sql.results.graph.entity.internal.EntityAssembler@99dd7e9
10:24:10.100 [main] DEBUG org.hibernate.orm.results - Extracted JDBC value [0] - [46]
10:24:10.100 [main] DEBUG org.hibernate.orm.results.loading.entity - (EntityResultInitializer) Hydrated EntityKey (org.frcpm.models.TeamMember(959666378236600)): 46
10:24:10.100 [main] DEBUG org.hibernate.orm.results.loading.org.hibernate.orm.results.loading.collection - (DelayedCollectionInitializer) Current row collection key : org.frcpm.models.TeamMember(959666378236600).assignedTasks#46
10:24:10.100 [main] DEBUG org.hibernate.orm.results.loading.org.hibernate.orm.results.loading.collection - (DelayedCollectionInitializer) Current row collection key : org.frcpm.models.TeamMember(959666378236600).attendances#46
10:24:10.110 [main] DEBUG org.hibernate.orm.results.loading.entity - (EntityResultInitializer) Created new entity instance [org.frcpm.models.TeamMember(959666378236600)#46] : 764982150
10:24:10.110 [main] DEBUG org.hibernate.orm.results - Extracted JDBC value [7] - [null]
10:24:10.110 [main] DEBUG org.hibernate.orm.results - Extracted JDBC value [1] - [tasktest@example.com]
10:24:10.110 [main] DEBUG org.hibernate.orm.results - Extracted JDBC value [2] - [Task]
10:24:10.110 [main] DEBUG org.hibernate.orm.results - Extracted JDBC value [3] - [Test]
10:24:10.111 [main] DEBUG org.hibernate.orm.results - Extracted JDBC value [4] - [false]
10:24:10.111 [main] DEBUG org.hibernate.orm.results - Extracted JDBC value [5] - [null]
10:24:10.111 [main] DEBUG org.hibernate.orm.results - Extracted JDBC value [6] - [null]
10:24:10.111 [main] DEBUG org.hibernate.orm.results - Extracted JDBC value [8] - [tasktestuser_1745594399126]
10:24:10.111 [main] DEBUG org.hibernate.orm.results.loading.entity - (EntityResultInitializer) Done materializing entityInstance : org.frcpm.models.TeamMember(959666378236600)#46
10:24:10.111 [main] DEBUG org.hibernate.orm.results.loading - Calling top-level assembler (0 / 1) : org.hibernate.sql.results.graph.entity.internal.EntityAssembler@99dd7e9
10:24:10.111 [main] DEBUG org.hibernate.orm.results - Extracted JDBC value [0] - [47]
10:24:10.111 [main] DEBUG org.hibernate.orm.results.loading.entity - (EntityResultInitializer) Hydrated EntityKey (org.frcpm.models.TeamMember(959666378236600)): 47
10:24:10.111 [main] DEBUG org.hibernate.orm.results.loading.org.hibernate.orm.results.loading.collection - (DelayedCollectionInitializer) Current row collection key : org.frcpm.models.TeamMember(959666378236600).assignedTasks#47
10:24:10.111 [main] DEBUG org.hibernate.orm.results.loading.org.hibernate.orm.results.loading.collection - (DelayedCollectionInitializer) Current row collection key : org.frcpm.models.TeamMember(959666378236600).attendances#47
10:24:10.111 [main] DEBUG org.hibernate.orm.results.loading.entity - (EntityResultInitializer) Created new entity instance [org.frcpm.models.TeamMember(959666378236600)#47] : 219662316
10:24:10.111 [main] DEBUG org.hibernate.orm.results - Extracted JDBC value [7] - [null]
10:24:10.111 [main] DEBUG org.hibernate.orm.results - Extracted JDBC value [1] - [tasktest@example.com]
10:24:10.111 [main] DEBUG org.hibernate.orm.results - Extracted JDBC value [2] - [Task]
10:24:10.111 [main] DEBUG org.hibernate.orm.results - Extracted JDBC value [3] - [Test]
10:24:10.111 [main] DEBUG org.hibernate.orm.results - Extracted JDBC value [4] - [false]
10:24:10.111 [main] DEBUG org.hibernate.orm.results - Extracted JDBC value [5] - [null]
10:24:10.111 [main] DEBUG org.hibernate.orm.results - Extracted JDBC value [6] - [null]
10:24:10.111 [main] DEBUG org.hibernate.orm.results - Extracted JDBC value [8] - [tasktestuser_1745594399532]
10:24:10.111 [main] DEBUG org.hibernate.orm.results.loading.entity - (EntityResultInitializer) Done materializing entityInstance : org.frcpm.models.TeamMember(959666378236600)#47
10:24:10.111 [main] DEBUG org.hibernate.orm.results.loading - Calling top-level assembler (0 / 1) : org.hibernate.sql.results.graph.entity.internal.EntityAssembler@99dd7e9
10:24:10.111 [main] DEBUG org.hibernate.orm.results - Extracted JDBC value [0] - [48]
10:24:10.111 [main] DEBUG org.hibernate.orm.results.loading.entity - (EntityResultInitializer) Hydrated EntityKey (org.frcpm.models.TeamMember(959666378236600)): 48
10:24:10.111 [main] DEBUG org.hibernate.orm.results.loading.org.hibernate.orm.results.loading.collection - (DelayedCollectionInitializer) Current row collection key : org.frcpm.models.TeamMember(959666378236600).assignedTasks#48
10:24:10.111 [main] DEBUG org.hibernate.orm.results.loading.org.hibernate.orm.results.loading.collection - (DelayedCollectionInitializer) Current row collection key : org.frcpm.models.TeamMember(959666378236600).attendances#48
10:24:10.111 [main] DEBUG org.hibernate.orm.results.loading.entity - (EntityResultInitializer) Created new entity instance [org.frcpm.models.TeamMember(959666378236600)#48] : 1374728015
10:24:10.111 [main] DEBUG org.hibernate.orm.results - Extracted JDBC value [7] - [null]
10:24:10.111 [main] DEBUG org.hibernate.orm.results - Extracted JDBC value [1] - [tasktest@example.com]
10:24:10.111 [main] DEBUG org.hibernate.orm.results - Extracted JDBC value [2] - [Task]
10:24:10.111 [main] DEBUG org.hibernate.orm.results - Extracted JDBC value [3] - [Test]
10:24:10.111 [main] DEBUG org.hibernate.orm.results - Extracted JDBC value [4] - [false]
10:24:10.111 [main] DEBUG org.hibernate.orm.results - Extracted JDBC value [5] - [null]
10:24:10.111 [main] DEBUG org.hibernate.orm.results - Extracted JDBC value [6] - [null]
10:24:10.111 [main] DEBUG org.hibernate.orm.results - Extracted JDBC value [8] - [tasktestuser_1745594400014]
10:24:10.111 [main] DEBUG org.hibernate.orm.results.loading.entity - (EntityResultInitializer) Done materializing entityInstance : org.frcpm.models.TeamMember(959666378236600)#48
10:24:10.111 [main] DEBUG org.hibernate.orm.results.loading - Calling top-level assembler (0 / 1) : org.hibernate.sql.results.graph.entity.internal.EntityAssembler@99dd7e9
10:24:10.111 [main] DEBUG org.hibernate.orm.results - Extracted JDBC value [0] - [53]
10:24:10.111 [main] DEBUG org.hibernate.orm.results.loading.entity - (EntityResultInitializer) Hydrated EntityKey (org.frcpm.models.TeamMember(959666378236600)): 53
10:24:10.111 [main] DEBUG org.hibernate.orm.results.loading.org.hibernate.orm.results.loading.collection - (DelayedCollectionInitializer) Current row collection key : org.frcpm.models.TeamMember(959666378236600).assignedTasks#53
10:24:10.111 [main] DEBUG org.hibernate.orm.results.loading.org.hibernate.orm.results.loading.collection - (DelayedCollectionInitializer) Current row collection key : org.frcpm.models.TeamMember(959666378236600).attendances#53
10:24:10.111 [main] DEBUG org.hibernate.orm.results.loading.entity - (EntityResultInitializer) Created new entity instance [org.frcpm.models.TeamMember(959666378236600)#53] : 715331385
10:24:10.111 [main] DEBUG org.hibernate.orm.results - Extracted JDBC value [7] - [null]
10:24:10.111 [main] DEBUG org.hibernate.orm.results - Extracted JDBC value [1] - [testcount@example.com]
10:24:10.111 [main] DEBUG org.hibernate.orm.results - Extracted JDBC value [2] - [Test]
10:24:10.111 [main] DEBUG org.hibernate.orm.results - Extracted JDBC value [3] - [Count]
10:24:10.111 [main] DEBUG org.hibernate.orm.results - Extracted JDBC value [4] - [false]
10:24:10.111 [main] DEBUG org.hibernate.orm.results - Extracted JDBC value [5] - [null]
10:24:10.112 [main] DEBUG org.hibernate.orm.results - Extracted JDBC value [6] - [null]
10:24:10.112 [main] DEBUG org.hibernate.orm.results - Extracted JDBC value [8] - [testcount]
10:24:10.112 [main] DEBUG org.hibernate.orm.results.loading.entity - (EntityResultInitializer) Done materializing entityInstance : org.frcpm.models.TeamMember(959666378236600)#53
10:24:10.112 [main] DEBUG org.hibernate.orm.results.loading - Calling top-level assembler (0 / 1) : org.hibernate.sql.results.graph.entity.internal.EntityAssembler@99dd7e9
10:24:10.112 [main] DEBUG org.hibernate.orm.results - Extracted JDBC value [0] - [56]
10:24:10.112 [main] DEBUG org.hibernate.orm.results.loading.entity - (EntityResultInitializer) Hydrated EntityKey (org.frcpm.models.TeamMember(959666378236600)): 56
10:24:10.112 [main] DEBUG org.hibernate.orm.results.loading.org.hibernate.orm.results.loading.collection - (DelayedCollectionInitializer) Current row collection key : org.frcpm.models.TeamMember(959666378236600).assignedTasks#56
10:24:10.112 [main] DEBUG org.hibernate.orm.results.loading.org.hibernate.orm.results.loading.collection - (DelayedCollectionInitializer) Current row collection key : org.frcpm.models.TeamMember(959666378236600).attendances#56
10:24:10.112 [main] DEBUG org.hibernate.orm.results.loading.entity - (EntityResultInitializer) Created new entity instance [org.frcpm.models.TeamMember(959666378236600)#56] : 845101574
10:24:10.112 [main] DEBUG org.hibernate.orm.results - Extracted JDBC value [7] - [null]
10:24:10.112 [main] DEBUG org.hibernate.orm.results - Extracted JDBC value [1] - [testsave@example.com]
10:24:10.112 [main] DEBUG org.hibernate.orm.results - Extracted JDBC value [2] - [Test]
10:24:10.112 [main] DEBUG org.hibernate.orm.results - Extracted JDBC value [3] - [Save]
10:24:10.112 [main] DEBUG org.hibernate.orm.results - Extracted JDBC value [4] - [false]
10:24:10.112 [main] DEBUG org.hibernate.orm.results - Extracted JDBC value [5] - [555-SAVE]
10:24:10.112 [main] DEBUG org.hibernate.orm.results - Extracted JDBC value [6] - [Testing]
10:24:10.112 [main] DEBUG org.hibernate.orm.results - Extracted JDBC value [8] - [testsave]
10:24:10.112 [main] DEBUG org.hibernate.orm.results.loading.entity - (EntityResultInitializer) Done materializing entityInstance : org.frcpm.models.TeamMember(959666378236600)#56
10:24:10.112 [main] DEBUG org.hibernate.orm.results.loading - Calling top-level assembler (0 / 1) : org.hibernate.sql.results.graph.entity.internal.EntityAssembler@99dd7e9
10:24:10.112 [main] DEBUG org.hibernate.orm.results - Extracted JDBC value [0] - [77]
10:24:10.112 [main] DEBUG org.hibernate.orm.results.loading.entity - (EntityResultInitializer) Hydrated EntityKey (org.frcpm.models.TeamMember(959666378236600)): 77
10:24:10.112 [main] DEBUG org.hibernate.orm.results.loading.org.hibernate.orm.results.loading.collection - (DelayedCollectionInitializer) Current row collection key : org.frcpm.models.TeamMember(959666378236600).assignedTasks#77
10:24:10.112 [main] DEBUG org.hibernate.orm.results.loading.org.hibernate.orm.results.loading.collection - (DelayedCollectionInitializer) Current row collection key : org.frcpm.models.TeamMember(959666378236600).attendances#77
10:24:10.112 [main] DEBUG org.hibernate.orm.results.loading.entity - (EntityResultInitializer) Created new entity instance [org.frcpm.models.TeamMember(959666378236600)#77] : 826221953
10:24:10.112 [main] DEBUG org.hibernate.orm.results - Extracted JDBC value [7] - [null]
10:24:10.112 [main] DEBUG org.hibernate.orm.results - Extracted JDBC value [1] - [testupdate@example.com]
10:24:10.112 [main] DEBUG org.hibernate.orm.results - Extracted JDBC value [2] - [Updated]
10:24:10.112 [main] DEBUG org.hibernate.orm.results - Extracted JDBC value [3] - [Update]
10:24:10.112 [main] DEBUG org.hibernate.orm.results - Extracted JDBC value [4] - [false]
10:24:10.112 [main] DEBUG org.hibernate.orm.results - Extracted JDBC value [5] - [null]
10:24:10.112 [main] DEBUG org.hibernate.orm.results - Extracted JDBC value [6] - [Updated Skills]
10:24:10.112 [main] DEBUG org.hibernate.orm.results - Extracted JDBC value [8] - [testupdate]
10:24:10.112 [main] DEBUG org.hibernate.orm.results.loading.entity - (EntityResultInitializer) Done materializing entityInstance : org.frcpm.models.TeamMember(959666378236600)#77
10:24:10.112 [main] DEBUG org.hibernate.orm.results.loading - Calling top-level assembler (0 / 1) : org.hibernate.sql.results.graph.entity.internal.EntityAssembler@99dd7e9
10:24:10.112 [main] DEBUG org.hibernate.orm.results - Extracted JDBC value [0] - [84]
10:24:10.112 [main] DEBUG org.hibernate.orm.results.loading.entity - (EntityResultInitializer) Hydrated EntityKey (org.frcpm.models.TeamMember(959666378236600)): 84
10:24:10.112 [main] DEBUG org.hibernate.orm.results.loading.org.hibernate.orm.results.loading.collection - (DelayedCollectionInitializer) Current row collection key : org.frcpm.models.TeamMember(959666378236600).assignedTasks#84
10:24:10.112 [main] DEBUG org.hibernate.orm.results.loading.org.hibernate.orm.results.loading.collection - (DelayedCollectionInitializer) Current row collection key : org.frcpm.models.TeamMember(959666378236600).attendances#84
10:24:10.112 [main] DEBUG org.hibernate.orm.results.loading.entity - (EntityResultInitializer) Created new entity instance [org.frcpm.models.TeamMember(959666378236600)#84] : 1508284995
10:24:10.112 [main] DEBUG org.hibernate.orm.results - Extracted JDBC value [7] - [null]
10:24:10.112 [main] DEBUG org.hibernate.orm.results - Extracted JDBC value [1] - [attendance3@example.com]
10:24:10.112 [main] DEBUG org.hibernate.orm.results - Extracted JDBC value [2] - [Attendance]
10:24:10.112 [main] DEBUG org.hibernate.orm.results - Extracted JDBC value [3] - [Test3]
10:24:10.112 [main] DEBUG org.hibernate.orm.results - Extracted JDBC value [4] - [false]
10:24:10.112 [main] DEBUG org.hibernate.orm.results - Extracted JDBC value [5] - [555-9012]
10:24:10.112 [main] DEBUG org.hibernate.orm.results - Extracted JDBC value [6] - [null]
10:24:10.112 [main] DEBUG org.hibernate.orm.results - Extracted JDBC value [8] - [attendancetest3]
10:24:10.113 [main] DEBUG org.hibernate.orm.results.loading.entity - (EntityResultInitializer) Done materializing entityInstance : org.frcpm.models.TeamMember(959666378236600)#84
10:24:10.113 [main] DEBUG org.hibernate.orm.results.loading - Calling top-level assembler (0 / 1) : org.hibernate.sql.results.graph.entity.internal.EntityAssembler@99dd7e9
10:24:10.113 [main] DEBUG org.hibernate.resource.jdbc.internal.LogicalConnectionManagedImpl - Initiating JDBC connection release from afterTransaction
10:24:10.113 [main] DEBUG org.hibernate.resource.jdbc.internal.LogicalConnectionManagedImpl - Initiating JDBC connection release from afterTransaction
10:24:10.113 [main] DEBUG org.hibernate.orm.sql.ast.create - Created new SQL alias : s1_0
10:24:10.114 [main] DEBUG org.hibernate.orm.sql.ast.create - Registration of TableGroup [StandardTableGroup(org.frcpm.models.Subteam(959666399912200))] with identifierForTableGroup [org.frcpm.models.Subteam] for NavigablePath [org.frcpm.models.Subteam] 
10:24:10.114 [main] DEBUG org.hibernate.orm.results.graph.AST - DomainResult Graph:
 \-EntityResultImpl [org.frcpm.models.Subteam(959666399912200)]
 |  +-BasicFetch [org.frcpm.models.Subteam(959666399912200).colorCode]
 |  +-DelayedCollectionFetch [org.frcpm.models.Subteam(959666399912200).members]
 |  +-BasicFetch [org.frcpm.models.Subteam(959666399912200).name]
 |  +-BasicFetch [org.frcpm.models.Subteam(959666399912200).specialties]
 |  \-DelayedCollectionFetch [org.frcpm.models.Subteam(959666399912200).subsystems]

10:24:10.114 [main] DEBUG org.hibernate.orm.sql.ast.tree - SQL AST Tree:
    SelectStatement {
      FromClause {
        StandardTableGroup (s1 : org.frcpm.models.Subteam(959666399912200)) {
          primaryTableReference : subteams as s1_0
        }
      }
    }

10:24:10.114 [main] DEBUG org.hibernate.orm.sql.exec - Skipping reading Query result cache data: cache-enabled = false, cache-mode = NORMAL
10:24:10.115 [main] DEBUG org.hibernate.orm.results - Initializer list:
	  org.frcpm.models.Subteam(959666399912200) -> EntityResultInitializer(org.frcpm.models.Subteam(959666399912200))@1254114854 (SingleTableEntityPersister(org.frcpm.models.Subteam))
	  org.frcpm.models.Subteam(959666399912200).members -> DelayedCollectionInitializer(org.frcpm.models.Subteam(959666399912200).members)@634225415 (PluralAttribute(org.frcpm.models.Subteam.members))
	  org.frcpm.models.Subteam(959666399912200).subsystems -> DelayedCollectionInitializer(org.frcpm.models.Subteam(959666399912200).subsystems)@1295005136 (PluralAttribute(org.frcpm.models.Subteam.subsystems))

10:24:10.115 [main] DEBUG org.hibernate.SQL - select s1_0.id,s1_0.color_code,s1_0.name,s1_0.specialties from subteams s1_0
10:24:10.115 [main] DEBUG org.hibernate.orm.results - Extracted JDBC value [0] - [1]
10:24:10.115 [main] DEBUG org.hibernate.orm.results.loading.entity - (EntityResultInitializer) Hydrated EntityKey (org.frcpm.models.Subteam(959666399912200)): 1
10:24:10.115 [main] DEBUG org.hibernate.orm.results.loading.org.hibernate.orm.results.loading.collection - (DelayedCollectionInitializer) Current row collection key : org.frcpm.models.Subteam(959666399912200).members#1
10:24:10.115 [main] DEBUG org.hibernate.orm.results.loading.org.hibernate.orm.results.loading.collection - (DelayedCollectionInitializer) Current row collection key : org.frcpm.models.Subteam(959666399912200).subsystems#1
10:24:10.116 [main] DEBUG org.hibernate.orm.results.loading.entity - (EntityResultInitializer) Created new entity instance [org.frcpm.models.Subteam(959666399912200)#1] : 1326996317
10:24:10.116 [main] DEBUG org.hibernate.orm.results - Extracted JDBC value [1] - [#FF5733]
10:24:10.116 [main] DEBUG org.hibernate.orm.results - Extracted JDBC value [2] - [Mechanical]
10:24:10.116 [main] DEBUG org.hibernate.orm.results - Extracted JDBC value [3] - [Design, CAD, Fabrication, Assembly]
10:24:10.116 [main] DEBUG org.hibernate.orm.results.loading.entity - (EntityResultInitializer) Done materializing entityInstance : org.frcpm.models.Subteam(959666399912200)#1
10:24:10.116 [main] DEBUG org.hibernate.orm.results.loading - Calling top-level assembler (0 / 1) : org.hibernate.sql.results.graph.entity.internal.EntityAssembler@7038682
10:24:10.116 [main] DEBUG org.hibernate.orm.results - Extracted JDBC value [0] - [2]
10:24:10.116 [main] DEBUG org.hibernate.orm.results.loading.entity - (EntityResultInitializer) Hydrated EntityKey (org.frcpm.models.Subteam(959666399912200)): 2
10:24:10.116 [main] DEBUG org.hibernate.orm.results.loading.org.hibernate.orm.results.loading.collection - (DelayedCollectionInitializer) Current row collection key : org.frcpm.models.Subteam(959666399912200).members#2
10:24:10.116 [main] DEBUG org.hibernate.orm.results.loading.org.hibernate.orm.results.loading.collection - (DelayedCollectionInitializer) Current row collection key : org.frcpm.models.Subteam(959666399912200).subsystems#2
10:24:10.116 [main] DEBUG org.hibernate.orm.results.loading.entity - (EntityResultInitializer) Created new entity instance [org.frcpm.models.Subteam(959666399912200)#2] : 181204876
10:24:10.116 [main] DEBUG org.hibernate.orm.results - Extracted JDBC value [1] - [#33A8FF]
10:24:10.116 [main] DEBUG org.hibernate.orm.results - Extracted JDBC value [2] - [Electrical]
10:24:10.116 [main] DEBUG org.hibernate.orm.results - Extracted JDBC value [3] - [Wiring, Electronics, Sensors, Power Systems]
10:24:10.116 [main] DEBUG org.hibernate.orm.results.loading.entity - (EntityResultInitializer) Done materializing entityInstance : org.frcpm.models.Subteam(959666399912200)#2
10:24:10.116 [main] DEBUG org.hibernate.orm.results.loading - Calling top-level assembler (0 / 1) : org.hibernate.sql.results.graph.entity.internal.EntityAssembler@7038682
10:24:10.116 [main] DEBUG org.hibernate.orm.results - Extracted JDBC value [0] - [3]
10:24:10.116 [main] DEBUG org.hibernate.orm.results.loading.entity - (EntityResultInitializer) Hydrated EntityKey (org.frcpm.models.Subteam(959666399912200)): 3
10:24:10.116 [main] DEBUG org.hibernate.orm.results.loading.org.hibernate.orm.results.loading.collection - (DelayedCollectionInitializer) Current row collection key : org.frcpm.models.Subteam(959666399912200).members#3
10:24:10.116 [main] DEBUG org.hibernate.orm.results.loading.org.hibernate.orm.results.loading.collection - (DelayedCollectionInitializer) Current row collection key : org.frcpm.models.Subteam(959666399912200).subsystems#3
10:24:10.116 [main] DEBUG org.hibernate.orm.results.loading.entity - (EntityResultInitializer) Created new entity instance [org.frcpm.models.Subteam(959666399912200)#3] : 767626320
10:24:10.116 [main] DEBUG org.hibernate.orm.results - Extracted JDBC value [1] - [#33FF57]
10:24:10.116 [main] DEBUG org.hibernate.orm.results - Extracted JDBC value [2] - [Programming]
10:24:10.116 [main] DEBUG org.hibernate.orm.results - Extracted JDBC value [3] - [Java, Vision, Control Systems, Autonomous]
10:24:10.116 [main] DEBUG org.hibernate.orm.results.loading.entity - (EntityResultInitializer) Done materializing entityInstance : org.frcpm.models.Subteam(959666399912200)#3
10:24:10.116 [main] DEBUG org.hibernate.orm.results.loading - Calling top-level assembler (0 / 1) : org.hibernate.sql.results.graph.entity.internal.EntityAssembler@7038682
10:24:10.116 [main] DEBUG org.hibernate.orm.results - Extracted JDBC value [0] - [4]
10:24:10.116 [main] DEBUG org.hibernate.orm.results.loading.entity - (EntityResultInitializer) Hydrated EntityKey (org.frcpm.models.Subteam(959666399912200)): 4
10:24:10.116 [main] DEBUG org.hibernate.orm.results.loading.org.hibernate.orm.results.loading.collection - (DelayedCollectionInitializer) Current row collection key : org.frcpm.models.Subteam(959666399912200).members#4
10:24:10.116 [main] DEBUG org.hibernate.orm.results.loading.org.hibernate.orm.results.loading.collection - (DelayedCollectionInitializer) Current row collection key : org.frcpm.models.Subteam(959666399912200).subsystems#4
10:24:10.116 [main] DEBUG org.hibernate.orm.results.loading.entity - (EntityResultInitializer) Created new entity instance [org.frcpm.models.Subteam(959666399912200)#4] : 53186846
10:24:10.116 [main] DEBUG org.hibernate.orm.results - Extracted JDBC value [1] - [#FF33A8]
10:24:10.116 [main] DEBUG org.hibernate.orm.results - Extracted JDBC value [2] - [Business]
10:24:10.116 [main] DEBUG org.hibernate.orm.results - Extracted JDBC value [3] - [Fundraising, Marketing, Outreach, Awards]
10:24:10.116 [main] DEBUG org.hibernate.orm.results.loading.entity - (EntityResultInitializer) Done materializing entityInstance : org.frcpm.models.Subteam(959666399912200)#4
10:24:10.116 [main] DEBUG org.hibernate.orm.results.loading - Calling top-level assembler (0 / 1) : org.hibernate.sql.results.graph.entity.internal.EntityAssembler@7038682
10:24:10.116 [main] DEBUG org.hibernate.orm.results - Extracted JDBC value [0] - [24]
10:24:10.116 [main] DEBUG org.hibernate.orm.results.loading.entity - (EntityResultInitializer) Hydrated EntityKey (org.frcpm.models.Subteam(959666399912200)): 24
10:24:10.116 [main] DEBUG org.hibernate.orm.results.loading.org.hibernate.orm.results.loading.collection - (DelayedCollectionInitializer) Current row collection key : org.frcpm.models.Subteam(959666399912200).members#24
10:24:10.116 [main] DEBUG org.hibernate.orm.results.loading.org.hibernate.orm.results.loading.collection - (DelayedCollectionInitializer) Current row collection key : org.frcpm.models.Subteam(959666399912200).subsystems#24
10:24:10.116 [main] DEBUG org.hibernate.orm.results.loading.entity - (EntityResultInitializer) Created new entity instance [org.frcpm.models.Subteam(959666399912200)#24] : 1467046279
10:24:10.116 [main] DEBUG org.hibernate.orm.results - Extracted JDBC value [1] - [#0000FF]
10:24:10.116 [main] DEBUG org.hibernate.orm.results - Extracted JDBC value [2] - [Test Count Subteam]
10:24:10.116 [main] DEBUG org.hibernate.orm.results - Extracted JDBC value [3] - [null]
10:24:10.117 [main] DEBUG org.hibernate.orm.results.loading.entity - (EntityResultInitializer) Done materializing entityInstance : org.frcpm.models.Subteam(959666399912200)#24
10:24:10.117 [main] DEBUG org.hibernate.orm.results.loading - Calling top-level assembler (0 / 1) : org.hibernate.sql.results.graph.entity.internal.EntityAssembler@7038682
10:24:10.117 [main] DEBUG org.hibernate.orm.results - Extracted JDBC value [0] - [27]
10:24:10.117 [main] DEBUG org.hibernate.orm.results.loading.entity - (EntityResultInitializer) Hydrated EntityKey (org.frcpm.models.Subteam(959666399912200)): 27
10:24:10.117 [main] DEBUG org.hibernate.orm.results.loading.org.hibernate.orm.results.loading.collection - (DelayedCollectionInitializer) Current row collection key : org.frcpm.models.Subteam(959666399912200).members#27
10:24:10.117 [main] DEBUG org.hibernate.orm.results.loading.org.hibernate.orm.results.loading.collection - (DelayedCollectionInitializer) Current row collection key : org.frcpm.models.Subteam(959666399912200).subsystems#27
10:24:10.117 [main] DEBUG org.hibernate.orm.results.loading.entity - (EntityResultInitializer) Created new entity instance [org.frcpm.models.Subteam(959666399912200)#27] : 1292769261
10:24:10.117 [main] DEBUG org.hibernate.orm.results - Extracted JDBC value [1] - [#0000FF]
10:24:10.117 [main] DEBUG org.hibernate.orm.results - Extracted JDBC value [2] - [Test Save Subteam]
10:24:10.117 [main] DEBUG org.hibernate.orm.results - Extracted JDBC value [3] - [Testing]
10:24:10.117 [main] DEBUG org.hibernate.orm.results.loading.entity - (EntityResultInitializer) Done materializing entityInstance : org.frcpm.models.Subteam(959666399912200)#27
10:24:10.117 [main] DEBUG org.hibernate.orm.results.loading - Calling top-level assembler (0 / 1) : org.hibernate.sql.results.graph.entity.internal.EntityAssembler@7038682
10:24:10.117 [main] DEBUG org.hibernate.orm.results - Extracted JDBC value [0] - [42]
10:24:10.117 [main] DEBUG org.hibernate.orm.results.loading.entity - (EntityResultInitializer) Hydrated EntityKey (org.frcpm.models.Subteam(959666399912200)): 42
10:24:10.117 [main] DEBUG org.hibernate.orm.results.loading.org.hibernate.orm.results.loading.collection - (DelayedCollectionInitializer) Current row collection key : org.frcpm.models.Subteam(959666399912200).members#42
10:24:10.117 [main] DEBUG org.hibernate.orm.results.loading.org.hibernate.orm.results.loading.collection - (DelayedCollectionInitializer) Current row collection key : org.frcpm.models.Subteam(959666399912200).subsystems#42
10:24:10.117 [main] DEBUG org.hibernate.orm.results.loading.entity - (EntityResultInitializer) Created new entity instance [org.frcpm.models.Subteam(959666399912200)#42] : 1162967881
10:24:10.117 [main] DEBUG org.hibernate.orm.results - Extracted JDBC value [1] - [#00FFFF]
10:24:10.117 [main] DEBUG org.hibernate.orm.results - Extracted JDBC value [2] - [Updated Subteam Name]
10:24:10.117 [main] DEBUG org.hibernate.orm.results - Extracted JDBC value [3] - [null]
10:24:10.117 [main] DEBUG org.hibernate.orm.results.loading.entity - (EntityResultInitializer) Done materializing entityInstance : org.frcpm.models.Subteam(959666399912200)#42
10:24:10.117 [main] DEBUG org.hibernate.orm.results.loading - Calling top-level assembler (0 / 1) : org.hibernate.sql.results.graph.entity.internal.EntityAssembler@7038682
10:24:10.117 [main] DEBUG org.hibernate.orm.results - Extracted JDBC value [0] - [67]
10:24:10.117 [main] DEBUG org.hibernate.orm.results.loading.entity - (EntityResultInitializer) Hydrated EntityKey (org.frcpm.models.Subteam(959666399912200)): 67
10:24:10.117 [main] DEBUG org.hibernate.orm.results.loading.org.hibernate.orm.results.loading.collection - (DelayedCollectionInitializer) Current row collection key : org.frcpm.models.Subteam(959666399912200).members#67
10:24:10.117 [main] DEBUG org.hibernate.orm.results.loading.org.hibernate.orm.results.loading.collection - (DelayedCollectionInitializer) Current row collection key : org.frcpm.models.Subteam(959666399912200).subsystems#67
10:24:10.117 [main] DEBUG org.hibernate.orm.results.loading.entity - (EntityResultInitializer) Created new entity instance [org.frcpm.models.Subteam(959666399912200)#67] : 300189678
10:24:10.117 [main] DEBUG org.hibernate.orm.results - Extracted JDBC value [1] - [#0000FF]
10:24:10.117 [main] DEBUG org.hibernate.orm.results - Extracted JDBC value [2] - [Test Create Service Subteam]
10:24:10.117 [main] DEBUG org.hibernate.orm.results - Extracted JDBC value [3] - [Testing, Quality Assurance]
10:24:10.117 [main] DEBUG org.hibernate.orm.results.loading.entity - (EntityResultInitializer) Done materializing entityInstance : org.frcpm.models.Subteam(959666399912200)#67
10:24:10.117 [main] DEBUG org.hibernate.orm.results.loading - Calling top-level assembler (0 / 1) : org.hibernate.sql.results.graph.entity.internal.EntityAssembler@7038682
10:24:10.117 [main] DEBUG org.hibernate.orm.results - Extracted JDBC value [0] - [70]
10:24:10.117 [main] DEBUG org.hibernate.orm.results.loading.entity - (EntityResultInitializer) Hydrated EntityKey (org.frcpm.models.Subteam(959666399912200)): 70
10:24:10.117 [main] DEBUG org.hibernate.orm.results.loading.org.hibernate.orm.results.loading.collection - (DelayedCollectionInitializer) Current row collection key : org.frcpm.models.Subteam(959666399912200).members#70
10:24:10.117 [main] DEBUG org.hibernate.orm.results.loading.org.hibernate.orm.results.loading.collection - (DelayedCollectionInitializer) Current row collection key : org.frcpm.models.Subteam(959666399912200).subsystems#70
10:24:10.117 [main] DEBUG org.hibernate.orm.results.loading.entity - (EntityResultInitializer) Created new entity instance [org.frcpm.models.Subteam(959666399912200)#70] : 1384152401
10:24:10.117 [main] DEBUG org.hibernate.orm.results - Extracted JDBC value [1] - [#00FFFF]
10:24:10.117 [main] DEBUG org.hibernate.orm.results - Extracted JDBC value [2] - [Test Color Update Subteam]
10:24:10.117 [main] DEBUG org.hibernate.orm.results - Extracted JDBC value [3] - [Specialties]
10:24:10.117 [main] DEBUG org.hibernate.orm.results.loading.entity - (EntityResultInitializer) Done materializing entityInstance : org.frcpm.models.Subteam(959666399912200)#70
10:24:10.118 [main] DEBUG org.hibernate.orm.results.loading - Calling top-level assembler (0 / 1) : org.hibernate.sql.results.graph.entity.internal.EntityAssembler@7038682
10:24:10.118 [main] DEBUG org.hibernate.orm.results - Extracted JDBC value [0] - [79]
10:24:10.118 [main] DEBUG org.hibernate.orm.results.loading.entity - (EntityResultInitializer) Hydrated EntityKey (org.frcpm.models.Subteam(959666399912200)): 79
10:24:10.118 [main] DEBUG org.hibernate.orm.results.loading.org.hibernate.orm.results.loading.collection - (DelayedCollectionInitializer) Current row collection key : org.frcpm.models.Subteam(959666399912200).members#79
10:24:10.118 [main] DEBUG org.hibernate.orm.results.loading.org.hibernate.orm.results.loading.collection - (DelayedCollectionInitializer) Current row collection key : org.frcpm.models.Subteam(959666399912200).subsystems#79
10:24:10.118 [main] DEBUG org.hibernate.orm.results.loading.entity - (EntityResultInitializer) Created new entity instance [org.frcpm.models.Subteam(959666399912200)#79] : 1787113459
10:24:10.118 [main] DEBUG org.hibernate.orm.results - Extracted JDBC value [1] - [#0000FF]
10:24:10.118 [main] DEBUG org.hibernate.orm.results - Extracted JDBC value [2] - [Test Update Subteam]
10:24:10.118 [main] DEBUG org.hibernate.orm.results - Extracted JDBC value [3] - [Updated Specialties]
10:24:10.118 [main] DEBUG org.hibernate.orm.results.loading.entity - (EntityResultInitializer) Done materializing entityInstance : org.frcpm.models.Subteam(959666399912200)#79
10:24:10.118 [main] DEBUG org.hibernate.orm.results.loading - Calling top-level assembler (0 / 1) : org.hibernate.sql.results.graph.entity.internal.EntityAssembler@7038682
10:24:10.118 [main] DEBUG org.hibernate.orm.results - Extracted JDBC value [0] - [87]
10:24:10.118 [main] DEBUG org.hibernate.orm.results.loading.entity - (EntityResultInitializer) Hydrated EntityKey (org.frcpm.models.Subteam(959666399912200)): 87
10:24:10.118 [main] DEBUG org.hibernate.orm.results.loading.org.hibernate.orm.results.loading.collection - (DelayedCollectionInitializer) Current row collection key : org.frcpm.models.Subteam(959666399912200).members#87
10:24:10.118 [main] DEBUG org.hibernate.orm.results.loading.org.hibernate.orm.results.loading.collection - (DelayedCollectionInitializer) Current row collection key : org.frcpm.models.Subteam(959666399912200).subsystems#87
10:24:10.118 [main] DEBUG org.hibernate.orm.results.loading.entity - (EntityResultInitializer) Created new entity instance [org.frcpm.models.Subteam(959666399912200)#87] : 1019879798
10:24:10.118 [main] DEBUG org.hibernate.orm.results - Extracted JDBC value [1] - [#0000FF]
10:24:10.118 [main] DEBUG org.hibernate.orm.results - Extracted JDBC value [2] - [Duplicate Name Subteam]
10:24:10.118 [main] DEBUG org.hibernate.orm.results - Extracted JDBC value [3] - [Specialties]
10:24:10.118 [main] DEBUG org.hibernate.orm.results.loading.entity - (EntityResultInitializer) Done materializing entityInstance : org.frcpm.models.Subteam(959666399912200)#87
10:24:10.118 [main] DEBUG org.hibernate.orm.results.loading - Calling top-level assembler (0 / 1) : org.hibernate.sql.results.graph.entity.internal.EntityAssembler@7038682
10:24:10.118 [main] DEBUG org.hibernate.resource.jdbc.internal.LogicalConnectionManagedImpl - Initiating JDBC connection release from afterTransaction
10:24:10.119 [main] DEBUG org.hibernate.resource.jdbc.internal.LogicalConnectionManagedImpl - Initiating JDBC connection release from afterTransaction
]]></system-out>
  </testcase>
  <testcase name="testGetViewModel" classname="org.frcpm.controllers.TeamControllerTest" time="0.016">
    <system-out><![CDATA[10:24:10.127 [main] DEBUG org.hibernate.orm.sql.ast.create - Created new SQL alias : tm1_0
10:24:10.127 [main] DEBUG org.hibernate.orm.sql.ast.create - Registration of TableGroup [StandardTableGroup(org.frcpm.models.TeamMember(959666412745700))] with identifierForTableGroup [org.frcpm.models.TeamMember] for NavigablePath [org.frcpm.models.TeamMember] 
10:24:10.127 [main] DEBUG org.hibernate.orm.sql.ast.create - Registration of TableGroup [org.hibernate.sql.ast.tree.from.LazyTableGroup@516724b5] with identifierForTableGroup [org.frcpm.models.TeamMember.subteam] for NavigablePath [org.frcpm.models.TeamMember.subteam] 
10:24:10.127 [main] DEBUG org.hibernate.orm.results.graph.AST - DomainResult Graph:
 \-EntityResultImpl [org.frcpm.models.TeamMember(959666412745700)]
 |  +-DelayedCollectionFetch [org.frcpm.models.TeamMember(959666412745700).assignedTasks]
 |  +-DelayedCollectionFetch [org.frcpm.models.TeamMember(959666412745700).attendances]
 |  +-BasicFetch [org.frcpm.models.TeamMember(959666412745700).email]
 |  +-BasicFetch [org.frcpm.models.TeamMember(959666412745700).firstName]
 |  +-BasicFetch [org.frcpm.models.TeamMember(959666412745700).lastName]
 |  +-BasicFetch [org.frcpm.models.TeamMember(959666412745700).leader]
 |  +-BasicFetch [org.frcpm.models.TeamMember(959666412745700).phone]
 |  +-BasicFetch [org.frcpm.models.TeamMember(959666412745700).skills]
 |  +-CircularFetchImpl [org.frcpm.models.TeamMember(959666412745700).subteam]
 |  \-BasicFetch [org.frcpm.models.TeamMember(959666412745700).username]

10:24:10.128 [main] DEBUG org.hibernate.orm.sql.ast.tree - SQL AST Tree:
    SelectStatement {
      FromClause {
        StandardTableGroup (tm1 : org.frcpm.models.TeamMember(959666412745700)) {
          primaryTableReference : team_members as tm1_0
          TableGroupJoins {
            left  join LazyTableGroup (s1 : org.frcpm.models.TeamMember(959666412745700).subteam) {
            }
          }
        }
      }
    }

10:24:10.128 [main] DEBUG org.hibernate.orm.sql.exec - Skipping reading Query result cache data: cache-enabled = false, cache-mode = NORMAL
10:24:10.128 [main] DEBUG org.hibernate.orm.results - Initializer list:
	  org.frcpm.models.TeamMember(959666412745700).attendances -> DelayedCollectionInitializer(org.frcpm.models.TeamMember(959666412745700).attendances)@158269968 (PluralAttribute(org.frcpm.models.TeamMember.attendances))
	  org.frcpm.models.TeamMember(959666412745700).assignedTasks -> DelayedCollectionInitializer(org.frcpm.models.TeamMember(959666412745700).assignedTasks)@671455962 (PluralAttribute(org.frcpm.models.TeamMember.assignedTasks))
	  org.frcpm.models.TeamMember(959666412745700) -> EntityResultInitializer(org.frcpm.models.TeamMember(959666412745700))@676099952 (SingleTableEntityPersister(org.frcpm.models.TeamMember))
	  org.frcpm.models.TeamMember(959666412745700).subteam -> EntityDelayedFetchInitializer(org.frcpm.models.TeamMember(959666412745700).subteam)@1080470592 (ToOneAttributeMapping(NavigableRole[org.frcpm.models.TeamMember.subteam])@1143917207)

10:24:10.128 [main] DEBUG org.hibernate.SQL - select tm1_0.id,tm1_0.email,tm1_0.first_name,tm1_0.last_name,tm1_0.is_leader,tm1_0.phone,tm1_0.skills,tm1_0.subteam_id,tm1_0.username from team_members tm1_0
10:24:10.129 [main] DEBUG org.hibernate.orm.results - Extracted JDBC value [0] - [1]
10:24:10.129 [main] DEBUG org.hibernate.orm.results.loading.entity - (EntityResultInitializer) Hydrated EntityKey (org.frcpm.models.TeamMember(959666412745700)): 1
10:24:10.129 [main] DEBUG org.hibernate.orm.results.loading.org.hibernate.orm.results.loading.collection - (DelayedCollectionInitializer) Current row collection key : org.frcpm.models.TeamMember(959666412745700).assignedTasks#1
10:24:10.129 [main] DEBUG org.hibernate.orm.results.loading.org.hibernate.orm.results.loading.collection - (DelayedCollectionInitializer) Current row collection key : org.frcpm.models.TeamMember(959666412745700).attendances#1
10:24:10.129 [main] DEBUG org.hibernate.orm.results.loading.entity - (EntityResultInitializer) Created new entity instance [org.frcpm.models.TeamMember(959666412745700)#1] : 2114179155
10:24:10.129 [main] DEBUG org.hibernate.orm.results - Extracted JDBC value [7] - [3]
10:24:10.129 [main] DEBUG org.hibernate.orm.results - Extracted JDBC value [1] - [jsmith@example.com]
10:24:10.129 [main] DEBUG org.hibernate.orm.results - Extracted JDBC value [2] - [John]
10:24:10.129 [main] DEBUG org.hibernate.orm.results - Extracted JDBC value [3] - [Smith]
10:24:10.129 [main] DEBUG org.hibernate.orm.results - Extracted JDBC value [4] - [true]
10:24:10.129 [main] DEBUG org.hibernate.orm.results - Extracted JDBC value [5] - [555-1234]
10:24:10.129 [main] DEBUG org.hibernate.orm.results - Extracted JDBC value [6] - [Java, Python, Control Systems]
10:24:10.129 [main] DEBUG org.hibernate.orm.results - Extracted JDBC value [8] - [jsmith]
10:24:10.129 [main] DEBUG org.hibernate.orm.results.loading.entity - (EntityResultInitializer) Done materializing entityInstance : org.frcpm.models.TeamMember(959666412745700)#1
10:24:10.129 [main] DEBUG org.hibernate.orm.results.loading - Calling top-level assembler (0 / 1) : org.hibernate.sql.results.graph.entity.internal.EntityAssembler@3360b45f
10:24:10.129 [main] DEBUG org.hibernate.orm.results - Extracted JDBC value [0] - [2]
10:24:10.129 [main] DEBUG org.hibernate.orm.results.loading.entity - (EntityResultInitializer) Hydrated EntityKey (org.frcpm.models.TeamMember(959666412745700)): 2
10:24:10.129 [main] DEBUG org.hibernate.orm.results.loading.org.hibernate.orm.results.loading.collection - (DelayedCollectionInitializer) Current row collection key : org.frcpm.models.TeamMember(959666412745700).assignedTasks#2
10:24:10.129 [main] DEBUG org.hibernate.orm.results.loading.org.hibernate.orm.results.loading.collection - (DelayedCollectionInitializer) Current row collection key : org.frcpm.models.TeamMember(959666412745700).attendances#2
10:24:10.129 [main] DEBUG org.hibernate.orm.results.loading.entity - (EntityResultInitializer) Created new entity instance [org.frcpm.models.TeamMember(959666412745700)#2] : 1392601896
10:24:10.129 [main] DEBUG org.hibernate.orm.results - Extracted JDBC value [7] - [1]
10:24:10.129 [main] DEBUG org.hibernate.orm.results - Extracted JDBC value [1] - [agarcia@example.com]
10:24:10.129 [main] DEBUG org.hibernate.orm.results - Extracted JDBC value [2] - [Ana]
10:24:10.129 [main] DEBUG org.hibernate.orm.results - Extracted JDBC value [3] - [Garcia]
10:24:10.129 [main] DEBUG org.hibernate.orm.results - Extracted JDBC value [4] - [true]
10:24:10.129 [main] DEBUG org.hibernate.orm.results - Extracted JDBC value [5] - [555-5678]
10:24:10.129 [main] DEBUG org.hibernate.orm.results - Extracted JDBC value [6] - [CAD, Design, Machining]
10:24:10.129 [main] DEBUG org.hibernate.orm.results - Extracted JDBC value [8] - [agarcia]
10:24:10.129 [main] DEBUG org.hibernate.orm.results.loading.entity - (EntityResultInitializer) Done materializing entityInstance : org.frcpm.models.TeamMember(959666412745700)#2
10:24:10.129 [main] DEBUG org.hibernate.orm.results.loading - Calling top-level assembler (0 / 1) : org.hibernate.sql.results.graph.entity.internal.EntityAssembler@3360b45f
10:24:10.129 [main] DEBUG org.hibernate.orm.results - Extracted JDBC value [0] - [3]
10:24:10.129 [main] DEBUG org.hibernate.orm.results.loading.entity - (EntityResultInitializer) Hydrated EntityKey (org.frcpm.models.TeamMember(959666412745700)): 3
10:24:10.129 [main] DEBUG org.hibernate.orm.results.loading.org.hibernate.orm.results.loading.collection - (DelayedCollectionInitializer) Current row collection key : org.frcpm.models.TeamMember(959666412745700).assignedTasks#3
10:24:10.129 [main] DEBUG org.hibernate.orm.results.loading.org.hibernate.orm.results.loading.collection - (DelayedCollectionInitializer) Current row collection key : org.frcpm.models.TeamMember(959666412745700).attendances#3
10:24:10.129 [main] DEBUG org.hibernate.orm.results.loading.entity - (EntityResultInitializer) Created new entity instance [org.frcpm.models.TeamMember(959666412745700)#3] : 1049302241
10:24:10.129 [main] DEBUG org.hibernate.orm.results - Extracted JDBC value [7] - [2]
10:24:10.129 [main] DEBUG org.hibernate.orm.results - Extracted JDBC value [1] - [twong@example.com]
10:24:10.129 [main] DEBUG org.hibernate.orm.results - Extracted JDBC value [2] - [Tyler]
10:24:10.129 [main] DEBUG org.hibernate.orm.results - Extracted JDBC value [3] - [Wong]
10:24:10.129 [main] DEBUG org.hibernate.orm.results - Extracted JDBC value [4] - [true]
10:24:10.129 [main] DEBUG org.hibernate.orm.results - Extracted JDBC value [5] - [555-9012]
10:24:10.129 [main] DEBUG org.hibernate.orm.results - Extracted JDBC value [6] - [Electronics, Wiring, Soldering]
10:24:10.130 [main] DEBUG org.hibernate.orm.results - Extracted JDBC value [8] - [twong]
10:24:10.130 [main] DEBUG org.hibernate.orm.results.loading.entity - (EntityResultInitializer) Done materializing entityInstance : org.frcpm.models.TeamMember(959666412745700)#3
10:24:10.130 [main] DEBUG org.hibernate.orm.results.loading - Calling top-level assembler (0 / 1) : org.hibernate.sql.results.graph.entity.internal.EntityAssembler@3360b45f
10:24:10.130 [main] DEBUG org.hibernate.orm.results - Extracted JDBC value [0] - [4]
10:24:10.130 [main] DEBUG org.hibernate.orm.results.loading.entity - (EntityResultInitializer) Hydrated EntityKey (org.frcpm.models.TeamMember(959666412745700)): 4
10:24:10.130 [main] DEBUG org.hibernate.orm.results.loading.org.hibernate.orm.results.loading.collection - (DelayedCollectionInitializer) Current row collection key : org.frcpm.models.TeamMember(959666412745700).assignedTasks#4
10:24:10.130 [main] DEBUG org.hibernate.orm.results.loading.org.hibernate.orm.results.loading.collection - (DelayedCollectionInitializer) Current row collection key : org.frcpm.models.TeamMember(959666412745700).attendances#4
10:24:10.130 [main] DEBUG org.hibernate.orm.results.loading.entity - (EntityResultInitializer) Created new entity instance [org.frcpm.models.TeamMember(959666412745700)#4] : 1492693174
10:24:10.130 [main] DEBUG org.hibernate.orm.results - Extracted JDBC value [7] - [4]
10:24:10.130 [main] DEBUG org.hibernate.orm.results - Extracted JDBC value [1] - [lchen@example.com]
10:24:10.130 [main] DEBUG org.hibernate.orm.results - Extracted JDBC value [2] - [Lisa]
10:24:10.130 [main] DEBUG org.hibernate.orm.results - Extracted JDBC value [3] - [Chen]
10:24:10.130 [main] DEBUG org.hibernate.orm.results - Extracted JDBC value [4] - [true]
10:24:10.130 [main] DEBUG org.hibernate.orm.results - Extracted JDBC value [5] - [555-3456]
10:24:10.130 [main] DEBUG org.hibernate.orm.results - Extracted JDBC value [6] - [Marketing, Social Media, Presentations]
10:24:10.130 [main] DEBUG org.hibernate.orm.results - Extracted JDBC value [8] - [lchen]
10:24:10.130 [main] DEBUG org.hibernate.orm.results.loading.entity - (EntityResultInitializer) Done materializing entityInstance : org.frcpm.models.TeamMember(959666412745700)#4
10:24:10.130 [main] DEBUG org.hibernate.orm.results.loading - Calling top-level assembler (0 / 1) : org.hibernate.sql.results.graph.entity.internal.EntityAssembler@3360b45f
10:24:10.130 [main] DEBUG org.hibernate.orm.results - Extracted JDBC value [0] - [5]
10:24:10.130 [main] DEBUG org.hibernate.orm.results.loading.entity - (EntityResultInitializer) Hydrated EntityKey (org.frcpm.models.TeamMember(959666412745700)): 5
10:24:10.130 [main] DEBUG org.hibernate.orm.results.loading.org.hibernate.orm.results.loading.collection - (DelayedCollectionInitializer) Current row collection key : org.frcpm.models.TeamMember(959666412745700).assignedTasks#5
10:24:10.130 [main] DEBUG org.hibernate.orm.results.loading.org.hibernate.orm.results.loading.collection - (DelayedCollectionInitializer) Current row collection key : org.frcpm.models.TeamMember(959666412745700).attendances#5
10:24:10.130 [main] DEBUG org.hibernate.orm.results.loading.entity - (EntityResultInitializer) Created new entity instance [org.frcpm.models.TeamMember(959666412745700)#5] : 1221819658
10:24:10.130 [main] DEBUG org.hibernate.orm.results - Extracted JDBC value [7] - [1]
10:24:10.130 [main] DEBUG org.hibernate.orm.results - Extracted JDBC value [1] - [mjohnson@example.com]
10:24:10.130 [main] DEBUG org.hibernate.orm.results - Extracted JDBC value [2] - [Mike]
10:24:10.130 [main] DEBUG org.hibernate.orm.results - Extracted JDBC value [3] - [Johnson]
10:24:10.130 [main] DEBUG org.hibernate.orm.results - Extracted JDBC value [4] - [false]
10:24:10.130 [main] DEBUG org.hibernate.orm.results - Extracted JDBC value [5] - [555-7890]
10:24:10.130 [main] DEBUG org.hibernate.orm.results - Extracted JDBC value [6] - [CAD, 3D Printing, Prototyping]
10:24:10.130 [main] DEBUG org.hibernate.orm.results - Extracted JDBC value [8] - [mjohnson]
10:24:10.130 [main] DEBUG org.hibernate.orm.results.loading.entity - (EntityResultInitializer) Done materializing entityInstance : org.frcpm.models.TeamMember(959666412745700)#5
10:24:10.130 [main] DEBUG org.hibernate.orm.results.loading - Calling top-level assembler (0 / 1) : org.hibernate.sql.results.graph.entity.internal.EntityAssembler@3360b45f
10:24:10.130 [main] DEBUG org.hibernate.orm.results - Extracted JDBC value [0] - [6]
10:24:10.130 [main] DEBUG org.hibernate.orm.results.loading.entity - (EntityResultInitializer) Hydrated EntityKey (org.frcpm.models.TeamMember(959666412745700)): 6
10:24:10.130 [main] DEBUG org.hibernate.orm.results.loading.org.hibernate.orm.results.loading.collection - (DelayedCollectionInitializer) Current row collection key : org.frcpm.models.TeamMember(959666412745700).assignedTasks#6
10:24:10.130 [main] DEBUG org.hibernate.orm.results.loading.org.hibernate.orm.results.loading.collection - (DelayedCollectionInitializer) Current row collection key : org.frcpm.models.TeamMember(959666412745700).attendances#6
10:24:10.130 [main] DEBUG org.hibernate.orm.results.loading.entity - (EntityResultInitializer) Created new entity instance [org.frcpm.models.TeamMember(959666412745700)#6] : 1403690606
10:24:10.130 [main] DEBUG org.hibernate.orm.results - Extracted JDBC value [7] - [3]
10:24:10.130 [main] DEBUG org.hibernate.orm.results - Extracted JDBC value [1] - [sdavis@example.com]
10:24:10.130 [main] DEBUG org.hibernate.orm.results - Extracted JDBC value [2] - [Sarah]
10:24:10.130 [main] DEBUG org.hibernate.orm.results - Extracted JDBC value [3] - [Davis]
10:24:10.130 [main] DEBUG org.hibernate.orm.results - Extracted JDBC value [4] - [false]
10:24:10.130 [main] DEBUG org.hibernate.orm.results - Extracted JDBC value [5] - [555-2345]
10:24:10.130 [main] DEBUG org.hibernate.orm.results - Extracted JDBC value [6] - [Computer Vision, Machine Learning]
10:24:10.130 [main] DEBUG org.hibernate.orm.results - Extracted JDBC value [8] - [sdavis]
10:24:10.130 [main] DEBUG org.hibernate.orm.results.loading.entity - (EntityResultInitializer) Done materializing entityInstance : org.frcpm.models.TeamMember(959666412745700)#6
10:24:10.130 [main] DEBUG org.hibernate.orm.results.loading - Calling top-level assembler (0 / 1) : org.hibernate.sql.results.graph.entity.internal.EntityAssembler@3360b45f
10:24:10.130 [main] DEBUG org.hibernate.orm.results - Extracted JDBC value [0] - [36]
10:24:10.130 [main] DEBUG org.hibernate.orm.results.loading.entity - (EntityResultInitializer) Hydrated EntityKey (org.frcpm.models.TeamMember(959666412745700)): 36
10:24:10.130 [main] DEBUG org.hibernate.orm.results.loading.org.hibernate.orm.results.loading.collection - (DelayedCollectionInitializer) Current row collection key : org.frcpm.models.TeamMember(959666412745700).assignedTasks#36
10:24:10.130 [main] DEBUG org.hibernate.orm.results.loading.org.hibernate.orm.results.loading.collection - (DelayedCollectionInitializer) Current row collection key : org.frcpm.models.TeamMember(959666412745700).attendances#36
10:24:10.130 [main] DEBUG org.hibernate.orm.results.loading.entity - (EntityResultInitializer) Created new entity instance [org.frcpm.models.TeamMember(959666412745700)#36] : 1014109778
10:24:10.130 [main] DEBUG org.hibernate.orm.results - Extracted JDBC value [7] - [null]
10:24:10.130 [main] DEBUG org.hibernate.orm.results - Extracted JDBC value [1] - [tasktest@example.com]
10:24:10.130 [main] DEBUG org.hibernate.orm.results - Extracted JDBC value [2] - [Task]
10:24:10.130 [main] DEBUG org.hibernate.orm.results - Extracted JDBC value [3] - [Test]
10:24:10.130 [main] DEBUG org.hibernate.orm.results - Extracted JDBC value [4] - [false]
10:24:10.130 [main] DEBUG org.hibernate.orm.results - Extracted JDBC value [5] - [null]
10:24:10.130 [main] DEBUG org.hibernate.orm.results - Extracted JDBC value [6] - [null]
10:24:10.130 [main] DEBUG org.hibernate.orm.results - Extracted JDBC value [8] - [tasktestuser_1745594395337]
10:24:10.130 [main] DEBUG org.hibernate.orm.results.loading.entity - (EntityResultInitializer) Done materializing entityInstance : org.frcpm.models.TeamMember(959666412745700)#36
10:24:10.130 [main] DEBUG org.hibernate.orm.results.loading - Calling top-level assembler (0 / 1) : org.hibernate.sql.results.graph.entity.internal.EntityAssembler@3360b45f
10:24:10.130 [main] DEBUG org.hibernate.orm.results - Extracted JDBC value [0] - [37]
10:24:10.130 [main] DEBUG org.hibernate.orm.results.loading.entity - (EntityResultInitializer) Hydrated EntityKey (org.frcpm.models.TeamMember(959666412745700)): 37
10:24:10.130 [main] DEBUG org.hibernate.orm.results.loading.org.hibernate.orm.results.loading.collection - (DelayedCollectionInitializer) Current row collection key : org.frcpm.models.TeamMember(959666412745700).assignedTasks#37
10:24:10.130 [main] DEBUG org.hibernate.orm.results.loading.org.hibernate.orm.results.loading.collection - (DelayedCollectionInitializer) Current row collection key : org.frcpm.models.TeamMember(959666412745700).attendances#37
10:24:10.130 [main] DEBUG org.hibernate.orm.results.loading.entity - (EntityResultInitializer) Created new entity instance [org.frcpm.models.TeamMember(959666412745700)#37] : 1819595964
10:24:10.130 [main] DEBUG org.hibernate.orm.results - Extracted JDBC value [7] - [null]
10:24:10.130 [main] DEBUG org.hibernate.orm.results - Extracted JDBC value [1] - [tasktest@example.com]
10:24:10.130 [main] DEBUG org.hibernate.orm.results - Extracted JDBC value [2] - [Task]
10:24:10.130 [main] DEBUG org.hibernate.orm.results - Extracted JDBC value [3] - [Test]
10:24:10.130 [main] DEBUG org.hibernate.orm.results - Extracted JDBC value [4] - [false]
10:24:10.130 [main] DEBUG org.hibernate.orm.results - Extracted JDBC value [5] - [null]
10:24:10.130 [main] DEBUG org.hibernate.orm.results - Extracted JDBC value [6] - [null]
10:24:10.130 [main] DEBUG org.hibernate.orm.results - Extracted JDBC value [8] - [tasktestuser_1745594395698]
10:24:10.130 [main] DEBUG org.hibernate.orm.results.loading.entity - (EntityResultInitializer) Done materializing entityInstance : org.frcpm.models.TeamMember(959666412745700)#37
10:24:10.130 [main] DEBUG org.hibernate.orm.results.loading - Calling top-level assembler (0 / 1) : org.hibernate.sql.results.graph.entity.internal.EntityAssembler@3360b45f
10:24:10.131 [main] DEBUG org.hibernate.orm.results - Extracted JDBC value [0] - [38]
10:24:10.131 [main] DEBUG org.hibernate.orm.results.loading.entity - (EntityResultInitializer) Hydrated EntityKey (org.frcpm.models.TeamMember(959666412745700)): 38
10:24:10.131 [main] DEBUG org.hibernate.orm.results.loading.org.hibernate.orm.results.loading.collection - (DelayedCollectionInitializer) Current row collection key : org.frcpm.models.TeamMember(959666412745700).assignedTasks#38
10:24:10.131 [main] DEBUG org.hibernate.orm.results.loading.org.hibernate.orm.results.loading.collection - (DelayedCollectionInitializer) Current row collection key : org.frcpm.models.TeamMember(959666412745700).attendances#38
10:24:10.131 [main] DEBUG org.hibernate.orm.results.loading.entity - (EntityResultInitializer) Created new entity instance [org.frcpm.models.TeamMember(959666412745700)#38] : 1841503483
10:24:10.131 [main] DEBUG org.hibernate.orm.results - Extracted JDBC value [7] - [null]
10:24:10.131 [main] DEBUG org.hibernate.orm.results - Extracted JDBC value [1] - [tasktest@example.com]
10:24:10.131 [main] DEBUG org.hibernate.orm.results - Extracted JDBC value [2] - [Task]
10:24:10.131 [main] DEBUG org.hibernate.orm.results - Extracted JDBC value [3] - [Test]
10:24:10.131 [main] DEBUG org.hibernate.orm.results - Extracted JDBC value [4] - [false]
10:24:10.131 [main] DEBUG org.hibernate.orm.results - Extracted JDBC value [5] - [null]
10:24:10.131 [main] DEBUG org.hibernate.orm.results - Extracted JDBC value [6] - [null]
10:24:10.131 [main] DEBUG org.hibernate.orm.results - Extracted JDBC value [8] - [tasktestuser_1745594396071]
10:24:10.131 [main] DEBUG org.hibernate.orm.results.loading.entity - (EntityResultInitializer) Done materializing entityInstance : org.frcpm.models.TeamMember(959666412745700)#38
10:24:10.131 [main] DEBUG org.hibernate.orm.results.loading - Calling top-level assembler (0 / 1) : org.hibernate.sql.results.graph.entity.internal.EntityAssembler@3360b45f
10:24:10.131 [main] DEBUG org.hibernate.orm.results - Extracted JDBC value [0] - [39]
10:24:10.131 [main] DEBUG org.hibernate.orm.results.loading.entity - (EntityResultInitializer) Hydrated EntityKey (org.frcpm.models.TeamMember(959666412745700)): 39
10:24:10.131 [main] DEBUG org.hibernate.orm.results.loading.org.hibernate.orm.results.loading.collection - (DelayedCollectionInitializer) Current row collection key : org.frcpm.models.TeamMember(959666412745700).assignedTasks#39
10:24:10.131 [main] DEBUG org.hibernate.orm.results.loading.org.hibernate.orm.results.loading.collection - (DelayedCollectionInitializer) Current row collection key : org.frcpm.models.TeamMember(959666412745700).attendances#39
10:24:10.131 [main] DEBUG org.hibernate.orm.results.loading.entity - (EntityResultInitializer) Created new entity instance [org.frcpm.models.TeamMember(959666412745700)#39] : 2076486870
10:24:10.131 [main] DEBUG org.hibernate.orm.results - Extracted JDBC value [7] - [null]
10:24:10.131 [main] DEBUG org.hibernate.orm.results - Extracted JDBC value [1] - [tasktest@example.com]
10:24:10.131 [main] DEBUG org.hibernate.orm.results - Extracted JDBC value [2] - [Task]
10:24:10.131 [main] DEBUG org.hibernate.orm.results - Extracted JDBC value [3] - [Test]
10:24:10.131 [main] DEBUG org.hibernate.orm.results - Extracted JDBC value [4] - [false]
10:24:10.131 [main] DEBUG org.hibernate.orm.results - Extracted JDBC value [5] - [null]
10:24:10.131 [main] DEBUG org.hibernate.orm.results - Extracted JDBC value [6] - [null]
10:24:10.131 [main] DEBUG org.hibernate.orm.results - Extracted JDBC value [8] - [tasktestuser_1745594396416]
10:24:10.131 [main] DEBUG org.hibernate.orm.results.loading.entity - (EntityResultInitializer) Done materializing entityInstance : org.frcpm.models.TeamMember(959666412745700)#39
10:24:10.131 [main] DEBUG org.hibernate.orm.results.loading - Calling top-level assembler (0 / 1) : org.hibernate.sql.results.graph.entity.internal.EntityAssembler@3360b45f
10:24:10.131 [main] DEBUG org.hibernate.orm.results - Extracted JDBC value [0] - [40]
10:24:10.131 [main] DEBUG org.hibernate.orm.results.loading.entity - (EntityResultInitializer) Hydrated EntityKey (org.frcpm.models.TeamMember(959666412745700)): 40
10:24:10.131 [main] DEBUG org.hibernate.orm.results.loading.org.hibernate.orm.results.loading.collection - (DelayedCollectionInitializer) Current row collection key : org.frcpm.models.TeamMember(959666412745700).assignedTasks#40
10:24:10.131 [main] DEBUG org.hibernate.orm.results.loading.org.hibernate.orm.results.loading.collection - (DelayedCollectionInitializer) Current row collection key : org.frcpm.models.TeamMember(959666412745700).attendances#40
10:24:10.131 [main] DEBUG org.hibernate.orm.results.loading.entity - (EntityResultInitializer) Created new entity instance [org.frcpm.models.TeamMember(959666412745700)#40] : 336168316
10:24:10.131 [main] DEBUG org.hibernate.orm.results - Extracted JDBC value [7] - [null]
10:24:10.131 [main] DEBUG org.hibernate.orm.results - Extracted JDBC value [1] - [tasktest@example.com]
10:24:10.131 [main] DEBUG org.hibernate.orm.results - Extracted JDBC value [2] - [Task]
10:24:10.131 [main] DEBUG org.hibernate.orm.results - Extracted JDBC value [3] - [Test]
10:24:10.131 [main] DEBUG org.hibernate.orm.results - Extracted JDBC value [4] - [false]
10:24:10.131 [main] DEBUG org.hibernate.orm.results - Extracted JDBC value [5] - [null]
10:24:10.131 [main] DEBUG org.hibernate.orm.results - Extracted JDBC value [6] - [null]
10:24:10.131 [main] DEBUG org.hibernate.orm.results - Extracted JDBC value [8] - [tasktestuser_1745594396762]
10:24:10.131 [main] DEBUG org.hibernate.orm.results.loading.entity - (EntityResultInitializer) Done materializing entityInstance : org.frcpm.models.TeamMember(959666412745700)#40
10:24:10.132 [main] DEBUG org.hibernate.orm.results.loading - Calling top-level assembler (0 / 1) : org.hibernate.sql.results.graph.entity.internal.EntityAssembler@3360b45f
10:24:10.132 [main] DEBUG org.hibernate.orm.results - Extracted JDBC value [0] - [41]
10:24:10.132 [main] DEBUG org.hibernate.orm.results.loading.entity - (EntityResultInitializer) Hydrated EntityKey (org.frcpm.models.TeamMember(959666412745700)): 41
10:24:10.132 [main] DEBUG org.hibernate.orm.results.loading.org.hibernate.orm.results.loading.collection - (DelayedCollectionInitializer) Current row collection key : org.frcpm.models.TeamMember(959666412745700).assignedTasks#41
10:24:10.132 [main] DEBUG org.hibernate.orm.results.loading.org.hibernate.orm.results.loading.collection - (DelayedCollectionInitializer) Current row collection key : org.frcpm.models.TeamMember(959666412745700).attendances#41
10:24:10.132 [main] DEBUG org.hibernate.orm.results.loading.entity - (EntityResultInitializer) Created new entity instance [org.frcpm.models.TeamMember(959666412745700)#41] : 1558205804
10:24:10.132 [main] DEBUG org.hibernate.orm.results - Extracted JDBC value [7] - [null]
10:24:10.132 [main] DEBUG org.hibernate.orm.results - Extracted JDBC value [1] - [tasktest@example.com]
10:24:10.132 [main] DEBUG org.hibernate.orm.results - Extracted JDBC value [2] - [Task]
10:24:10.132 [main] DEBUG org.hibernate.orm.results - Extracted JDBC value [3] - [Test]
10:24:10.132 [main] DEBUG org.hibernate.orm.results - Extracted JDBC value [4] - [false]
10:24:10.132 [main] DEBUG org.hibernate.orm.results - Extracted JDBC value [5] - [null]
10:24:10.132 [main] DEBUG org.hibernate.orm.results - Extracted JDBC value [6] - [null]
10:24:10.132 [main] DEBUG org.hibernate.orm.results - Extracted JDBC value [8] - [tasktestuser_1745594397140]
10:24:10.132 [main] DEBUG org.hibernate.orm.results.loading.entity - (EntityResultInitializer) Done materializing entityInstance : org.frcpm.models.TeamMember(959666412745700)#41
10:24:10.132 [main] DEBUG org.hibernate.orm.results.loading - Calling top-level assembler (0 / 1) : org.hibernate.sql.results.graph.entity.internal.EntityAssembler@3360b45f
10:24:10.132 [main] DEBUG org.hibernate.orm.results - Extracted JDBC value [0] - [42]
10:24:10.132 [main] DEBUG org.hibernate.orm.results.loading.entity - (EntityResultInitializer) Hydrated EntityKey (org.frcpm.models.TeamMember(959666412745700)): 42
10:24:10.132 [main] DEBUG org.hibernate.orm.results.loading.org.hibernate.orm.results.loading.collection - (DelayedCollectionInitializer) Current row collection key : org.frcpm.models.TeamMember(959666412745700).assignedTasks#42
10:24:10.132 [main] DEBUG org.hibernate.orm.results.loading.org.hibernate.orm.results.loading.collection - (DelayedCollectionInitializer) Current row collection key : org.frcpm.models.TeamMember(959666412745700).attendances#42
10:24:10.132 [main] DEBUG org.hibernate.orm.results.loading.entity - (EntityResultInitializer) Created new entity instance [org.frcpm.models.TeamMember(959666412745700)#42] : 1243716589
10:24:10.132 [main] DEBUG org.hibernate.orm.results - Extracted JDBC value [7] - [null]
10:24:10.132 [main] DEBUG org.hibernate.orm.results - Extracted JDBC value [1] - [tasktest@example.com]
10:24:10.132 [main] DEBUG org.hibernate.orm.results - Extracted JDBC value [2] - [Task]
10:24:10.132 [main] DEBUG org.hibernate.orm.results - Extracted JDBC value [3] - [Test]
10:24:10.132 [main] DEBUG org.hibernate.orm.results - Extracted JDBC value [4] - [false]
10:24:10.132 [main] DEBUG org.hibernate.orm.results - Extracted JDBC value [5] - [null]
10:24:10.132 [main] DEBUG org.hibernate.orm.results - Extracted JDBC value [6] - [null]
10:24:10.132 [main] DEBUG org.hibernate.orm.results - Extracted JDBC value [8] - [tasktestuser_1745594397563]
10:24:10.132 [main] DEBUG org.hibernate.orm.results.loading.entity - (EntityResultInitializer) Done materializing entityInstance : org.frcpm.models.TeamMember(959666412745700)#42
10:24:10.132 [main] DEBUG org.hibernate.orm.results.loading - Calling top-level assembler (0 / 1) : org.hibernate.sql.results.graph.entity.internal.EntityAssembler@3360b45f
10:24:10.132 [main] DEBUG org.hibernate.orm.results - Extracted JDBC value [0] - [43]
10:24:10.132 [main] DEBUG org.hibernate.orm.results.loading.entity - (EntityResultInitializer) Hydrated EntityKey (org.frcpm.models.TeamMember(959666412745700)): 43
10:24:10.132 [main] DEBUG org.hibernate.orm.results.loading.org.hibernate.orm.results.loading.collection - (DelayedCollectionInitializer) Current row collection key : org.frcpm.models.TeamMember(959666412745700).assignedTasks#43
10:24:10.132 [main] DEBUG org.hibernate.orm.results.loading.org.hibernate.orm.results.loading.collection - (DelayedCollectionInitializer) Current row collection key : org.frcpm.models.TeamMember(959666412745700).attendances#43
10:24:10.132 [main] DEBUG org.hibernate.orm.results.loading.entity - (EntityResultInitializer) Created new entity instance [org.frcpm.models.TeamMember(959666412745700)#43] : 169661888
10:24:10.132 [main] DEBUG org.hibernate.orm.results - Extracted JDBC value [7] - [null]
10:24:10.132 [main] DEBUG org.hibernate.orm.results - Extracted JDBC value [1] - [tasktest@example.com]
10:24:10.132 [main] DEBUG org.hibernate.orm.results - Extracted JDBC value [2] - [Task]
10:24:10.132 [main] DEBUG org.hibernate.orm.results - Extracted JDBC value [3] - [Test]
10:24:10.132 [main] DEBUG org.hibernate.orm.results - Extracted JDBC value [4] - [false]
10:24:10.132 [main] DEBUG org.hibernate.orm.results - Extracted JDBC value [5] - [null]
10:24:10.132 [main] DEBUG org.hibernate.orm.results - Extracted JDBC value [6] - [null]
10:24:10.132 [main] DEBUG org.hibernate.orm.results - Extracted JDBC value [8] - [tasktestuser_1745594397906]
10:24:10.132 [main] DEBUG org.hibernate.orm.results.loading.entity - (EntityResultInitializer) Done materializing entityInstance : org.frcpm.models.TeamMember(959666412745700)#43
10:24:10.132 [main] DEBUG org.hibernate.orm.results.loading - Calling top-level assembler (0 / 1) : org.hibernate.sql.results.graph.entity.internal.EntityAssembler@3360b45f
10:24:10.132 [main] DEBUG org.hibernate.orm.results - Extracted JDBC value [0] - [44]
10:24:10.132 [main] DEBUG org.hibernate.orm.results.loading.entity - (EntityResultInitializer) Hydrated EntityKey (org.frcpm.models.TeamMember(959666412745700)): 44
10:24:10.132 [main] DEBUG org.hibernate.orm.results.loading.org.hibernate.orm.results.loading.collection - (DelayedCollectionInitializer) Current row collection key : org.frcpm.models.TeamMember(959666412745700).assignedTasks#44
10:24:10.132 [main] DEBUG org.hibernate.orm.results.loading.org.hibernate.orm.results.loading.collection - (DelayedCollectionInitializer) Current row collection key : org.frcpm.models.TeamMember(959666412745700).attendances#44
10:24:10.132 [main] DEBUG org.hibernate.orm.results.loading.entity - (EntityResultInitializer) Created new entity instance [org.frcpm.models.TeamMember(959666412745700)#44] : 281549113
10:24:10.132 [main] DEBUG org.hibernate.orm.results - Extracted JDBC value [7] - [null]
10:24:10.132 [main] DEBUG org.hibernate.orm.results - Extracted JDBC value [1] - [tasktest@example.com]
10:24:10.132 [main] DEBUG org.hibernate.orm.results - Extracted JDBC value [2] - [Task]
10:24:10.132 [main] DEBUG org.hibernate.orm.results - Extracted JDBC value [3] - [Test]
10:24:10.132 [main] DEBUG org.hibernate.orm.results - Extracted JDBC value [4] - [false]
10:24:10.132 [main] DEBUG org.hibernate.orm.results - Extracted JDBC value [5] - [null]
10:24:10.132 [main] DEBUG org.hibernate.orm.results - Extracted JDBC value [6] - [null]
10:24:10.132 [main] DEBUG org.hibernate.orm.results - Extracted JDBC value [8] - [tasktestuser_1745594398275]
10:24:10.132 [main] DEBUG org.hibernate.orm.results.loading.entity - (EntityResultInitializer) Done materializing entityInstance : org.frcpm.models.TeamMember(959666412745700)#44
10:24:10.132 [main] DEBUG org.hibernate.orm.results.loading - Calling top-level assembler (0 / 1) : org.hibernate.sql.results.graph.entity.internal.EntityAssembler@3360b45f
10:24:10.132 [main] DEBUG org.hibernate.orm.results - Extracted JDBC value [0] - [45]
10:24:10.132 [main] DEBUG org.hibernate.orm.results.loading.entity - (EntityResultInitializer) Hydrated EntityKey (org.frcpm.models.TeamMember(959666412745700)): 45
10:24:10.132 [main] DEBUG org.hibernate.orm.results.loading.org.hibernate.orm.results.loading.collection - (DelayedCollectionInitializer) Current row collection key : org.frcpm.models.TeamMember(959666412745700).assignedTasks#45
10:24:10.132 [main] DEBUG org.hibernate.orm.results.loading.org.hibernate.orm.results.loading.collection - (DelayedCollectionInitializer) Current row collection key : org.frcpm.models.TeamMember(959666412745700).attendances#45
10:24:10.132 [main] DEBUG org.hibernate.orm.results.loading.entity - (EntityResultInitializer) Created new entity instance [org.frcpm.models.TeamMember(959666412745700)#45] : 1316243211
10:24:10.132 [main] DEBUG org.hibernate.orm.results - Extracted JDBC value [7] - [null]
10:24:10.132 [main] DEBUG org.hibernate.orm.results - Extracted JDBC value [1] - [tasktest@example.com]
10:24:10.132 [main] DEBUG org.hibernate.orm.results - Extracted JDBC value [2] - [Task]
10:24:10.132 [main] DEBUG org.hibernate.orm.results - Extracted JDBC value [3] - [Test]
10:24:10.132 [main] DEBUG org.hibernate.orm.results - Extracted JDBC value [4] - [false]
10:24:10.132 [main] DEBUG org.hibernate.orm.results - Extracted JDBC value [5] - [null]
10:24:10.132 [main] DEBUG org.hibernate.orm.results - Extracted JDBC value [6] - [null]
10:24:10.132 [main] DEBUG org.hibernate.orm.results - Extracted JDBC value [8] - [tasktestuser_1745594398667]
10:24:10.132 [main] DEBUG org.hibernate.orm.results.loading.entity - (EntityResultInitializer) Done materializing entityInstance : org.frcpm.models.TeamMember(959666412745700)#45
10:24:10.132 [main] DEBUG org.hibernate.orm.results.loading - Calling top-level assembler (0 / 1) : org.hibernate.sql.results.graph.entity.internal.EntityAssembler@3360b45f
10:24:10.132 [main] DEBUG org.hibernate.orm.results - Extracted JDBC value [0] - [46]
10:24:10.132 [main] DEBUG org.hibernate.orm.results.loading.entity - (EntityResultInitializer) Hydrated EntityKey (org.frcpm.models.TeamMember(959666412745700)): 46
10:24:10.132 [main] DEBUG org.hibernate.orm.results.loading.org.hibernate.orm.results.loading.collection - (DelayedCollectionInitializer) Current row collection key : org.frcpm.models.TeamMember(959666412745700).assignedTasks#46
10:24:10.132 [main] DEBUG org.hibernate.orm.results.loading.org.hibernate.orm.results.loading.collection - (DelayedCollectionInitializer) Current row collection key : org.frcpm.models.TeamMember(959666412745700).attendances#46
10:24:10.132 [main] DEBUG org.hibernate.orm.results.loading.entity - (EntityResultInitializer) Created new entity instance [org.frcpm.models.TeamMember(959666412745700)#46] : 1659540162
10:24:10.132 [main] DEBUG org.hibernate.orm.results - Extracted JDBC value [7] - [null]
10:24:10.132 [main] DEBUG org.hibernate.orm.results - Extracted JDBC value [1] - [tasktest@example.com]
10:24:10.132 [main] DEBUG org.hibernate.orm.results - Extracted JDBC value [2] - [Task]
10:24:10.132 [main] DEBUG org.hibernate.orm.results - Extracted JDBC value [3] - [Test]
10:24:10.132 [main] DEBUG org.hibernate.orm.results - Extracted JDBC value [4] - [false]
10:24:10.132 [main] DEBUG org.hibernate.orm.results - Extracted JDBC value [5] - [null]
10:24:10.132 [main] DEBUG org.hibernate.orm.results - Extracted JDBC value [6] - [null]
10:24:10.132 [main] DEBUG org.hibernate.orm.results - Extracted JDBC value [8] - [tasktestuser_1745594399126]
10:24:10.132 [main] DEBUG org.hibernate.orm.results.loading.entity - (EntityResultInitializer) Done materializing entityInstance : org.frcpm.models.TeamMember(959666412745700)#46
10:24:10.132 [main] DEBUG org.hibernate.orm.results.loading - Calling top-level assembler (0 / 1) : org.hibernate.sql.results.graph.entity.internal.EntityAssembler@3360b45f
10:24:10.132 [main] DEBUG org.hibernate.orm.results - Extracted JDBC value [0] - [47]
10:24:10.132 [main] DEBUG org.hibernate.orm.results.loading.entity - (EntityResultInitializer) Hydrated EntityKey (org.frcpm.models.TeamMember(959666412745700)): 47
10:24:10.132 [main] DEBUG org.hibernate.orm.results.loading.org.hibernate.orm.results.loading.collection - (DelayedCollectionInitializer) Current row collection key : org.frcpm.models.TeamMember(959666412745700).assignedTasks#47
10:24:10.132 [main] DEBUG org.hibernate.orm.results.loading.org.hibernate.orm.results.loading.collection - (DelayedCollectionInitializer) Current row collection key : org.frcpm.models.TeamMember(959666412745700).attendances#47
10:24:10.132 [main] DEBUG org.hibernate.orm.results.loading.entity - (EntityResultInitializer) Created new entity instance [org.frcpm.models.TeamMember(959666412745700)#47] : 83454586
10:24:10.132 [main] DEBUG org.hibernate.orm.results - Extracted JDBC value [7] - [null]
10:24:10.132 [main] DEBUG org.hibernate.orm.results - Extracted JDBC value [1] - [tasktest@example.com]
10:24:10.132 [main] DEBUG org.hibernate.orm.results - Extracted JDBC value [2] - [Task]
10:24:10.132 [main] DEBUG org.hibernate.orm.results - Extracted JDBC value [3] - [Test]
10:24:10.132 [main] DEBUG org.hibernate.orm.results - Extracted JDBC value [4] - [false]
10:24:10.132 [main] DEBUG org.hibernate.orm.results - Extracted JDBC value [5] - [null]
10:24:10.132 [main] DEBUG org.hibernate.orm.results - Extracted JDBC value [6] - [null]
10:24:10.132 [main] DEBUG org.hibernate.orm.results - Extracted JDBC value [8] - [tasktestuser_1745594399532]
10:24:10.133 [main] DEBUG org.hibernate.orm.results.loading.entity - (EntityResultInitializer) Done materializing entityInstance : org.frcpm.models.TeamMember(959666412745700)#47
10:24:10.133 [main] DEBUG org.hibernate.orm.results.loading - Calling top-level assembler (0 / 1) : org.hibernate.sql.results.graph.entity.internal.EntityAssembler@3360b45f
10:24:10.133 [main] DEBUG org.hibernate.orm.results - Extracted JDBC value [0] - [48]
10:24:10.133 [main] DEBUG org.hibernate.orm.results.loading.entity - (EntityResultInitializer) Hydrated EntityKey (org.frcpm.models.TeamMember(959666412745700)): 48
10:24:10.133 [main] DEBUG org.hibernate.orm.results.loading.org.hibernate.orm.results.loading.collection - (DelayedCollectionInitializer) Current row collection key : org.frcpm.models.TeamMember(959666412745700).assignedTasks#48
10:24:10.133 [main] DEBUG org.hibernate.orm.results.loading.org.hibernate.orm.results.loading.collection - (DelayedCollectionInitializer) Current row collection key : org.frcpm.models.TeamMember(959666412745700).attendances#48
10:24:10.133 [main] DEBUG org.hibernate.orm.results.loading.entity - (EntityResultInitializer) Created new entity instance [org.frcpm.models.TeamMember(959666412745700)#48] : 835633691
10:24:10.133 [main] DEBUG org.hibernate.orm.results - Extracted JDBC value [7] - [null]
10:24:10.133 [main] DEBUG org.hibernate.orm.results - Extracted JDBC value [1] - [tasktest@example.com]
10:24:10.133 [main] DEBUG org.hibernate.orm.results - Extracted JDBC value [2] - [Task]
10:24:10.133 [main] DEBUG org.hibernate.orm.results - Extracted JDBC value [3] - [Test]
10:24:10.133 [main] DEBUG org.hibernate.orm.results - Extracted JDBC value [4] - [false]
10:24:10.133 [main] DEBUG org.hibernate.orm.results - Extracted JDBC value [5] - [null]
10:24:10.133 [main] DEBUG org.hibernate.orm.results - Extracted JDBC value [6] - [null]
10:24:10.133 [main] DEBUG org.hibernate.orm.results - Extracted JDBC value [8] - [tasktestuser_1745594400014]
10:24:10.133 [main] DEBUG org.hibernate.orm.results.loading.entity - (EntityResultInitializer) Done materializing entityInstance : org.frcpm.models.TeamMember(959666412745700)#48
10:24:10.133 [main] DEBUG org.hibernate.orm.results.loading - Calling top-level assembler (0 / 1) : org.hibernate.sql.results.graph.entity.internal.EntityAssembler@3360b45f
10:24:10.133 [main] DEBUG org.hibernate.orm.results - Extracted JDBC value [0] - [53]
10:24:10.133 [main] DEBUG org.hibernate.orm.results.loading.entity - (EntityResultInitializer) Hydrated EntityKey (org.frcpm.models.TeamMember(959666412745700)): 53
10:24:10.133 [main] DEBUG org.hibernate.orm.results.loading.org.hibernate.orm.results.loading.collection - (DelayedCollectionInitializer) Current row collection key : org.frcpm.models.TeamMember(959666412745700).assignedTasks#53
10:24:10.133 [main] DEBUG org.hibernate.orm.results.loading.org.hibernate.orm.results.loading.collection - (DelayedCollectionInitializer) Current row collection key : org.frcpm.models.TeamMember(959666412745700).attendances#53
10:24:10.133 [main] DEBUG org.hibernate.orm.results.loading.entity - (EntityResultInitializer) Created new entity instance [org.frcpm.models.TeamMember(959666412745700)#53] : 1465282584
10:24:10.133 [main] DEBUG org.hibernate.orm.results - Extracted JDBC value [7] - [null]
10:24:10.133 [main] DEBUG org.hibernate.orm.results - Extracted JDBC value [1] - [testcount@example.com]
10:24:10.133 [main] DEBUG org.hibernate.orm.results - Extracted JDBC value [2] - [Test]
10:24:10.133 [main] DEBUG org.hibernate.orm.results - Extracted JDBC value [3] - [Count]
10:24:10.133 [main] DEBUG org.hibernate.orm.results - Extracted JDBC value [4] - [false]
10:24:10.133 [main] DEBUG org.hibernate.orm.results - Extracted JDBC value [5] - [null]
10:24:10.133 [main] DEBUG org.hibernate.orm.results - Extracted JDBC value [6] - [null]
10:24:10.133 [main] DEBUG org.hibernate.orm.results - Extracted JDBC value [8] - [testcount]
10:24:10.134 [main] DEBUG org.hibernate.orm.results.loading.entity - (EntityResultInitializer) Done materializing entityInstance : org.frcpm.models.TeamMember(959666412745700)#53
10:24:10.134 [main] DEBUG org.hibernate.orm.results.loading - Calling top-level assembler (0 / 1) : org.hibernate.sql.results.graph.entity.internal.EntityAssembler@3360b45f
10:24:10.134 [main] DEBUG org.hibernate.orm.results - Extracted JDBC value [0] - [56]
10:24:10.134 [main] DEBUG org.hibernate.orm.results.loading.entity - (EntityResultInitializer) Hydrated EntityKey (org.frcpm.models.TeamMember(959666412745700)): 56
10:24:10.134 [main] DEBUG org.hibernate.orm.results.loading.org.hibernate.orm.results.loading.collection - (DelayedCollectionInitializer) Current row collection key : org.frcpm.models.TeamMember(959666412745700).assignedTasks#56
10:24:10.134 [main] DEBUG org.hibernate.orm.results.loading.org.hibernate.orm.results.loading.collection - (DelayedCollectionInitializer) Current row collection key : org.frcpm.models.TeamMember(959666412745700).attendances#56
10:24:10.134 [main] DEBUG org.hibernate.orm.results.loading.entity - (EntityResultInitializer) Created new entity instance [org.frcpm.models.TeamMember(959666412745700)#56] : 2075290111
10:24:10.134 [main] DEBUG org.hibernate.orm.results - Extracted JDBC value [7] - [null]
10:24:10.134 [main] DEBUG org.hibernate.orm.results - Extracted JDBC value [1] - [testsave@example.com]
10:24:10.134 [main] DEBUG org.hibernate.orm.results - Extracted JDBC value [2] - [Test]
10:24:10.134 [main] DEBUG org.hibernate.orm.results - Extracted JDBC value [3] - [Save]
10:24:10.134 [main] DEBUG org.hibernate.orm.results - Extracted JDBC value [4] - [false]
10:24:10.134 [main] DEBUG org.hibernate.orm.results - Extracted JDBC value [5] - [555-SAVE]
10:24:10.134 [main] DEBUG org.hibernate.orm.results - Extracted JDBC value [6] - [Testing]
10:24:10.134 [main] DEBUG org.hibernate.orm.results - Extracted JDBC value [8] - [testsave]
10:24:10.134 [main] DEBUG org.hibernate.orm.results.loading.entity - (EntityResultInitializer) Done materializing entityInstance : org.frcpm.models.TeamMember(959666412745700)#56
10:24:10.134 [main] DEBUG org.hibernate.orm.results.loading - Calling top-level assembler (0 / 1) : org.hibernate.sql.results.graph.entity.internal.EntityAssembler@3360b45f
10:24:10.134 [main] DEBUG org.hibernate.orm.results - Extracted JDBC value [0] - [77]
10:24:10.134 [main] DEBUG org.hibernate.orm.results.loading.entity - (EntityResultInitializer) Hydrated EntityKey (org.frcpm.models.TeamMember(959666412745700)): 77
10:24:10.134 [main] DEBUG org.hibernate.orm.results.loading.org.hibernate.orm.results.loading.collection - (DelayedCollectionInitializer) Current row collection key : org.frcpm.models.TeamMember(959666412745700).assignedTasks#77
10:24:10.134 [main] DEBUG org.hibernate.orm.results.loading.org.hibernate.orm.results.loading.collection - (DelayedCollectionInitializer) Current row collection key : org.frcpm.models.TeamMember(959666412745700).attendances#77
10:24:10.134 [main] DEBUG org.hibernate.orm.results.loading.entity - (EntityResultInitializer) Created new entity instance [org.frcpm.models.TeamMember(959666412745700)#77] : 1564463638
10:24:10.134 [main] DEBUG org.hibernate.orm.results - Extracted JDBC value [7] - [null]
10:24:10.134 [main] DEBUG org.hibernate.orm.results - Extracted JDBC value [1] - [testupdate@example.com]
10:24:10.134 [main] DEBUG org.hibernate.orm.results - Extracted JDBC value [2] - [Updated]
10:24:10.134 [main] DEBUG org.hibernate.orm.results - Extracted JDBC value [3] - [Update]
10:24:10.134 [main] DEBUG org.hibernate.orm.results - Extracted JDBC value [4] - [false]
10:24:10.134 [main] DEBUG org.hibernate.orm.results - Extracted JDBC value [5] - [null]
10:24:10.134 [main] DEBUG org.hibernate.orm.results - Extracted JDBC value [6] - [Updated Skills]
10:24:10.134 [main] DEBUG org.hibernate.orm.results - Extracted JDBC value [8] - [testupdate]
10:24:10.134 [main] DEBUG org.hibernate.orm.results.loading.entity - (EntityResultInitializer) Done materializing entityInstance : org.frcpm.models.TeamMember(959666412745700)#77
10:24:10.134 [main] DEBUG org.hibernate.orm.results.loading - Calling top-level assembler (0 / 1) : org.hibernate.sql.results.graph.entity.internal.EntityAssembler@3360b45f
10:24:10.134 [main] DEBUG org.hibernate.orm.results - Extracted JDBC value [0] - [84]
10:24:10.134 [main] DEBUG org.hibernate.orm.results.loading.entity - (EntityResultInitializer) Hydrated EntityKey (org.frcpm.models.TeamMember(959666412745700)): 84
10:24:10.134 [main] DEBUG org.hibernate.orm.results.loading.org.hibernate.orm.results.loading.collection - (DelayedCollectionInitializer) Current row collection key : org.frcpm.models.TeamMember(959666412745700).assignedTasks#84
10:24:10.134 [main] DEBUG org.hibernate.orm.results.loading.org.hibernate.orm.results.loading.collection - (DelayedCollectionInitializer) Current row collection key : org.frcpm.models.TeamMember(959666412745700).attendances#84
10:24:10.134 [main] DEBUG org.hibernate.orm.results.loading.entity - (EntityResultInitializer) Created new entity instance [org.frcpm.models.TeamMember(959666412745700)#84] : 1951907756
10:24:10.134 [main] DEBUG org.hibernate.orm.results - Extracted JDBC value [7] - [null]
10:24:10.134 [main] DEBUG org.hibernate.orm.results - Extracted JDBC value [1] - [attendance3@example.com]
10:24:10.134 [main] DEBUG org.hibernate.orm.results - Extracted JDBC value [2] - [Attendance]
10:24:10.134 [main] DEBUG org.hibernate.orm.results - Extracted JDBC value [3] - [Test3]
10:24:10.134 [main] DEBUG org.hibernate.orm.results - Extracted JDBC value [4] - [false]
10:24:10.134 [main] DEBUG org.hibernate.orm.results - Extracted JDBC value [5] - [555-9012]
10:24:10.134 [main] DEBUG org.hibernate.orm.results - Extracted JDBC value [6] - [null]
10:24:10.134 [main] DEBUG org.hibernate.orm.results - Extracted JDBC value [8] - [attendancetest3]
10:24:10.134 [main] DEBUG org.hibernate.orm.results.loading.entity - (EntityResultInitializer) Done materializing entityInstance : org.frcpm.models.TeamMember(959666412745700)#84
10:24:10.135 [main] DEBUG org.hibernate.orm.results.loading - Calling top-level assembler (0 / 1) : org.hibernate.sql.results.graph.entity.internal.EntityAssembler@3360b45f
10:24:10.135 [main] DEBUG org.hibernate.resource.jdbc.internal.LogicalConnectionManagedImpl - Initiating JDBC connection release from afterTransaction
10:24:10.135 [main] DEBUG org.hibernate.resource.jdbc.internal.LogicalConnectionManagedImpl - Initiating JDBC connection release from afterTransaction
10:24:10.136 [main] DEBUG org.hibernate.orm.sql.ast.create - Created new SQL alias : s1_0
10:24:10.136 [main] DEBUG org.hibernate.orm.sql.ast.create - Registration of TableGroup [StandardTableGroup(org.frcpm.models.Subteam(959666421486300))] with identifierForTableGroup [org.frcpm.models.Subteam] for NavigablePath [org.frcpm.models.Subteam] 
10:24:10.136 [main] DEBUG org.hibernate.orm.results.graph.AST - DomainResult Graph:
 \-EntityResultImpl [org.frcpm.models.Subteam(959666421486300)]
 |  +-BasicFetch [org.frcpm.models.Subteam(959666421486300).colorCode]
 |  +-DelayedCollectionFetch [org.frcpm.models.Subteam(959666421486300).members]
 |  +-BasicFetch [org.frcpm.models.Subteam(959666421486300).name]
 |  +-BasicFetch [org.frcpm.models.Subteam(959666421486300).specialties]
 |  \-DelayedCollectionFetch [org.frcpm.models.Subteam(959666421486300).subsystems]

10:24:10.136 [main] DEBUG org.hibernate.orm.sql.ast.tree - SQL AST Tree:
    SelectStatement {
      FromClause {
        StandardTableGroup (s1 : org.frcpm.models.Subteam(959666421486300)) {
          primaryTableReference : subteams as s1_0
        }
      }
    }

10:24:10.137 [main] DEBUG org.hibernate.orm.sql.exec - Skipping reading Query result cache data: cache-enabled = false, cache-mode = NORMAL
10:24:10.137 [main] DEBUG org.hibernate.orm.results - Initializer list:
	  org.frcpm.models.Subteam(959666421486300).members -> DelayedCollectionInitializer(org.frcpm.models.Subteam(959666421486300).members)@412664425 (PluralAttribute(org.frcpm.models.Subteam.members))
	  org.frcpm.models.Subteam(959666421486300).subsystems -> DelayedCollectionInitializer(org.frcpm.models.Subteam(959666421486300).subsystems)@1630417297 (PluralAttribute(org.frcpm.models.Subteam.subsystems))
	  org.frcpm.models.Subteam(959666421486300) -> EntityResultInitializer(org.frcpm.models.Subteam(959666421486300))@1045674828 (SingleTableEntityPersister(org.frcpm.models.Subteam))

10:24:10.137 [main] DEBUG org.hibernate.SQL - select s1_0.id,s1_0.color_code,s1_0.name,s1_0.specialties from subteams s1_0
10:24:10.137 [main] DEBUG org.hibernate.orm.results - Extracted JDBC value [0] - [1]
10:24:10.137 [main] DEBUG org.hibernate.orm.results.loading.entity - (EntityResultInitializer) Hydrated EntityKey (org.frcpm.models.Subteam(959666421486300)): 1
10:24:10.137 [main] DEBUG org.hibernate.orm.results.loading.org.hibernate.orm.results.loading.collection - (DelayedCollectionInitializer) Current row collection key : org.frcpm.models.Subteam(959666421486300).members#1
10:24:10.137 [main] DEBUG org.hibernate.orm.results.loading.org.hibernate.orm.results.loading.collection - (DelayedCollectionInitializer) Current row collection key : org.frcpm.models.Subteam(959666421486300).subsystems#1
10:24:10.137 [main] DEBUG org.hibernate.orm.results.loading.entity - (EntityResultInitializer) Created new entity instance [org.frcpm.models.Subteam(959666421486300)#1] : 68755165
10:24:10.137 [main] DEBUG org.hibernate.orm.results - Extracted JDBC value [1] - [#FF5733]
10:24:10.137 [main] DEBUG org.hibernate.orm.results - Extracted JDBC value [2] - [Mechanical]
10:24:10.137 [main] DEBUG org.hibernate.orm.results - Extracted JDBC value [3] - [Design, CAD, Fabrication, Assembly]
10:24:10.137 [main] DEBUG org.hibernate.orm.results.loading.entity - (EntityResultInitializer) Done materializing entityInstance : org.frcpm.models.Subteam(959666421486300)#1
10:24:10.137 [main] DEBUG org.hibernate.orm.results.loading - Calling top-level assembler (0 / 1) : org.hibernate.sql.results.graph.entity.internal.EntityAssembler@515523ca
10:24:10.137 [main] DEBUG org.hibernate.orm.results - Extracted JDBC value [0] - [2]
10:24:10.137 [main] DEBUG org.hibernate.orm.results.loading.entity - (EntityResultInitializer) Hydrated EntityKey (org.frcpm.models.Subteam(959666421486300)): 2
10:24:10.137 [main] DEBUG org.hibernate.orm.results.loading.org.hibernate.orm.results.loading.collection - (DelayedCollectionInitializer) Current row collection key : org.frcpm.models.Subteam(959666421486300).members#2
10:24:10.137 [main] DEBUG org.hibernate.orm.results.loading.org.hibernate.orm.results.loading.collection - (DelayedCollectionInitializer) Current row collection key : org.frcpm.models.Subteam(959666421486300).subsystems#2
10:24:10.137 [main] DEBUG org.hibernate.orm.results.loading.entity - (EntityResultInitializer) Created new entity instance [org.frcpm.models.Subteam(959666421486300)#2] : 494285003
10:24:10.137 [main] DEBUG org.hibernate.orm.results - Extracted JDBC value [1] - [#33A8FF]
10:24:10.137 [main] DEBUG org.hibernate.orm.results - Extracted JDBC value [2] - [Electrical]
10:24:10.137 [main] DEBUG org.hibernate.orm.results - Extracted JDBC value [3] - [Wiring, Electronics, Sensors, Power Systems]
10:24:10.137 [main] DEBUG org.hibernate.orm.results.loading.entity - (EntityResultInitializer) Done materializing entityInstance : org.frcpm.models.Subteam(959666421486300)#2
10:24:10.137 [main] DEBUG org.hibernate.orm.results.loading - Calling top-level assembler (0 / 1) : org.hibernate.sql.results.graph.entity.internal.EntityAssembler@515523ca
10:24:10.137 [main] DEBUG org.hibernate.orm.results - Extracted JDBC value [0] - [3]
10:24:10.137 [main] DEBUG org.hibernate.orm.results.loading.entity - (EntityResultInitializer) Hydrated EntityKey (org.frcpm.models.Subteam(959666421486300)): 3
10:24:10.138 [main] DEBUG org.hibernate.orm.results.loading.org.hibernate.orm.results.loading.collection - (DelayedCollectionInitializer) Current row collection key : org.frcpm.models.Subteam(959666421486300).members#3
10:24:10.138 [main] DEBUG org.hibernate.orm.results.loading.org.hibernate.orm.results.loading.collection - (DelayedCollectionInitializer) Current row collection key : org.frcpm.models.Subteam(959666421486300).subsystems#3
10:24:10.138 [main] DEBUG org.hibernate.orm.results.loading.entity - (EntityResultInitializer) Created new entity instance [org.frcpm.models.Subteam(959666421486300)#3] : 147629654
10:24:10.138 [main] DEBUG org.hibernate.orm.results - Extracted JDBC value [1] - [#33FF57]
10:24:10.138 [main] DEBUG org.hibernate.orm.results - Extracted JDBC value [2] - [Programming]
10:24:10.138 [main] DEBUG org.hibernate.orm.results - Extracted JDBC value [3] - [Java, Vision, Control Systems, Autonomous]
10:24:10.138 [main] DEBUG org.hibernate.orm.results.loading.entity - (EntityResultInitializer) Done materializing entityInstance : org.frcpm.models.Subteam(959666421486300)#3
10:24:10.138 [main] DEBUG org.hibernate.orm.results.loading - Calling top-level assembler (0 / 1) : org.hibernate.sql.results.graph.entity.internal.EntityAssembler@515523ca
10:24:10.138 [main] DEBUG org.hibernate.orm.results - Extracted JDBC value [0] - [4]
10:24:10.138 [main] DEBUG org.hibernate.orm.results.loading.entity - (EntityResultInitializer) Hydrated EntityKey (org.frcpm.models.Subteam(959666421486300)): 4
10:24:10.138 [main] DEBUG org.hibernate.orm.results.loading.org.hibernate.orm.results.loading.collection - (DelayedCollectionInitializer) Current row collection key : org.frcpm.models.Subteam(959666421486300).members#4
10:24:10.138 [main] DEBUG org.hibernate.orm.results.loading.org.hibernate.orm.results.loading.collection - (DelayedCollectionInitializer) Current row collection key : org.frcpm.models.Subteam(959666421486300).subsystems#4
10:24:10.138 [main] DEBUG org.hibernate.orm.results.loading.entity - (EntityResultInitializer) Created new entity instance [org.frcpm.models.Subteam(959666421486300)#4] : 2134402157
10:24:10.138 [main] DEBUG org.hibernate.orm.results - Extracted JDBC value [1] - [#FF33A8]
10:24:10.138 [main] DEBUG org.hibernate.orm.results - Extracted JDBC value [2] - [Business]
10:24:10.138 [main] DEBUG org.hibernate.orm.results - Extracted JDBC value [3] - [Fundraising, Marketing, Outreach, Awards]
10:24:10.138 [main] DEBUG org.hibernate.orm.results.loading.entity - (EntityResultInitializer) Done materializing entityInstance : org.frcpm.models.Subteam(959666421486300)#4
10:24:10.138 [main] DEBUG org.hibernate.orm.results.loading - Calling top-level assembler (0 / 1) : org.hibernate.sql.results.graph.entity.internal.EntityAssembler@515523ca
10:24:10.138 [main] DEBUG org.hibernate.orm.results - Extracted JDBC value [0] - [24]
10:24:10.138 [main] DEBUG org.hibernate.orm.results.loading.entity - (EntityResultInitializer) Hydrated EntityKey (org.frcpm.models.Subteam(959666421486300)): 24
10:24:10.138 [main] DEBUG org.hibernate.orm.results.loading.org.hibernate.orm.results.loading.collection - (DelayedCollectionInitializer) Current row collection key : org.frcpm.models.Subteam(959666421486300).members#24
10:24:10.138 [main] DEBUG org.hibernate.orm.results.loading.org.hibernate.orm.results.loading.collection - (DelayedCollectionInitializer) Current row collection key : org.frcpm.models.Subteam(959666421486300).subsystems#24
10:24:10.138 [main] DEBUG org.hibernate.orm.results.loading.entity - (EntityResultInitializer) Created new entity instance [org.frcpm.models.Subteam(959666421486300)#24] : 606947862
10:24:10.138 [main] DEBUG org.hibernate.orm.results - Extracted JDBC value [1] - [#0000FF]
10:24:10.138 [main] DEBUG org.hibernate.orm.results - Extracted JDBC value [2] - [Test Count Subteam]
10:24:10.138 [main] DEBUG org.hibernate.orm.results - Extracted JDBC value [3] - [null]
10:24:10.138 [main] DEBUG org.hibernate.orm.results.loading.entity - (EntityResultInitializer) Done materializing entityInstance : org.frcpm.models.Subteam(959666421486300)#24
10:24:10.138 [main] DEBUG org.hibernate.orm.results.loading - Calling top-level assembler (0 / 1) : org.hibernate.sql.results.graph.entity.internal.EntityAssembler@515523ca
10:24:10.138 [main] DEBUG org.hibernate.orm.results - Extracted JDBC value [0] - [27]
10:24:10.138 [main] DEBUG org.hibernate.orm.results.loading.entity - (EntityResultInitializer) Hydrated EntityKey (org.frcpm.models.Subteam(959666421486300)): 27
10:24:10.138 [main] DEBUG org.hibernate.orm.results.loading.org.hibernate.orm.results.loading.collection - (DelayedCollectionInitializer) Current row collection key : org.frcpm.models.Subteam(959666421486300).members#27
10:24:10.138 [main] DEBUG org.hibernate.orm.results.loading.org.hibernate.orm.results.loading.collection - (DelayedCollectionInitializer) Current row collection key : org.frcpm.models.Subteam(959666421486300).subsystems#27
10:24:10.138 [main] DEBUG org.hibernate.orm.results.loading.entity - (EntityResultInitializer) Created new entity instance [org.frcpm.models.Subteam(959666421486300)#27] : 1814241241
10:24:10.138 [main] DEBUG org.hibernate.orm.results - Extracted JDBC value [1] - [#0000FF]
10:24:10.138 [main] DEBUG org.hibernate.orm.results - Extracted JDBC value [2] - [Test Save Subteam]
10:24:10.138 [main] DEBUG org.hibernate.orm.results - Extracted JDBC value [3] - [Testing]
10:24:10.138 [main] DEBUG org.hibernate.orm.results.loading.entity - (EntityResultInitializer) Done materializing entityInstance : org.frcpm.models.Subteam(959666421486300)#27
10:24:10.138 [main] DEBUG org.hibernate.orm.results.loading - Calling top-level assembler (0 / 1) : org.hibernate.sql.results.graph.entity.internal.EntityAssembler@515523ca
10:24:10.138 [main] DEBUG org.hibernate.orm.results - Extracted JDBC value [0] - [42]
10:24:10.138 [main] DEBUG org.hibernate.orm.results.loading.entity - (EntityResultInitializer) Hydrated EntityKey (org.frcpm.models.Subteam(959666421486300)): 42
10:24:10.138 [main] DEBUG org.hibernate.orm.results.loading.org.hibernate.orm.results.loading.collection - (DelayedCollectionInitializer) Current row collection key : org.frcpm.models.Subteam(959666421486300).members#42
10:24:10.138 [main] DEBUG org.hibernate.orm.results.loading.org.hibernate.orm.results.loading.collection - (DelayedCollectionInitializer) Current row collection key : org.frcpm.models.Subteam(959666421486300).subsystems#42
10:24:10.138 [main] DEBUG org.hibernate.orm.results.loading.entity - (EntityResultInitializer) Created new entity instance [org.frcpm.models.Subteam(959666421486300)#42] : 936835805
10:24:10.138 [main] DEBUG org.hibernate.orm.results - Extracted JDBC value [1] - [#00FFFF]
10:24:10.138 [main] DEBUG org.hibernate.orm.results - Extracted JDBC value [2] - [Updated Subteam Name]
10:24:10.138 [main] DEBUG org.hibernate.orm.results - Extracted JDBC value [3] - [null]
10:24:10.138 [main] DEBUG org.hibernate.orm.results.loading.entity - (EntityResultInitializer) Done materializing entityInstance : org.frcpm.models.Subteam(959666421486300)#42
10:24:10.138 [main] DEBUG org.hibernate.orm.results.loading - Calling top-level assembler (0 / 1) : org.hibernate.sql.results.graph.entity.internal.EntityAssembler@515523ca
10:24:10.138 [main] DEBUG org.hibernate.orm.results - Extracted JDBC value [0] - [67]
10:24:10.138 [main] DEBUG org.hibernate.orm.results.loading.entity - (EntityResultInitializer) Hydrated EntityKey (org.frcpm.models.Subteam(959666421486300)): 67
10:24:10.138 [main] DEBUG org.hibernate.orm.results.loading.org.hibernate.orm.results.loading.collection - (DelayedCollectionInitializer) Current row collection key : org.frcpm.models.Subteam(959666421486300).members#67
10:24:10.138 [main] DEBUG org.hibernate.orm.results.loading.org.hibernate.orm.results.loading.collection - (DelayedCollectionInitializer) Current row collection key : org.frcpm.models.Subteam(959666421486300).subsystems#67
10:24:10.138 [main] DEBUG org.hibernate.orm.results.loading.entity - (EntityResultInitializer) Created new entity instance [org.frcpm.models.Subteam(959666421486300)#67] : 1904344659
10:24:10.138 [main] DEBUG org.hibernate.orm.results - Extracted JDBC value [1] - [#0000FF]
10:24:10.138 [main] DEBUG org.hibernate.orm.results - Extracted JDBC value [2] - [Test Create Service Subteam]
10:24:10.138 [main] DEBUG org.hibernate.orm.results - Extracted JDBC value [3] - [Testing, Quality Assurance]
10:24:10.138 [main] DEBUG org.hibernate.orm.results.loading.entity - (EntityResultInitializer) Done materializing entityInstance : org.frcpm.models.Subteam(959666421486300)#67
10:24:10.138 [main] DEBUG org.hibernate.orm.results.loading - Calling top-level assembler (0 / 1) : org.hibernate.sql.results.graph.entity.internal.EntityAssembler@515523ca
10:24:10.138 [main] DEBUG org.hibernate.orm.results - Extracted JDBC value [0] - [70]
10:24:10.138 [main] DEBUG org.hibernate.orm.results.loading.entity - (EntityResultInitializer) Hydrated EntityKey (org.frcpm.models.Subteam(959666421486300)): 70
10:24:10.138 [main] DEBUG org.hibernate.orm.results.loading.org.hibernate.orm.results.loading.collection - (DelayedCollectionInitializer) Current row collection key : org.frcpm.models.Subteam(959666421486300).members#70
10:24:10.138 [main] DEBUG org.hibernate.orm.results.loading.org.hibernate.orm.results.loading.collection - (DelayedCollectionInitializer) Current row collection key : org.frcpm.models.Subteam(959666421486300).subsystems#70
10:24:10.138 [main] DEBUG org.hibernate.orm.results.loading.entity - (EntityResultInitializer) Created new entity instance [org.frcpm.models.Subteam(959666421486300)#70] : 170362945
10:24:10.138 [main] DEBUG org.hibernate.orm.results - Extracted JDBC value [1] - [#00FFFF]
10:24:10.138 [main] DEBUG org.hibernate.orm.results - Extracted JDBC value [2] - [Test Color Update Subteam]
10:24:10.138 [main] DEBUG org.hibernate.orm.results - Extracted JDBC value [3] - [Specialties]
10:24:10.138 [main] DEBUG org.hibernate.orm.results.loading.entity - (EntityResultInitializer) Done materializing entityInstance : org.frcpm.models.Subteam(959666421486300)#70
10:24:10.138 [main] DEBUG org.hibernate.orm.results.loading - Calling top-level assembler (0 / 1) : org.hibernate.sql.results.graph.entity.internal.EntityAssembler@515523ca
10:24:10.138 [main] DEBUG org.hibernate.orm.results - Extracted JDBC value [0] - [79]
10:24:10.138 [main] DEBUG org.hibernate.orm.results.loading.entity - (EntityResultInitializer) Hydrated EntityKey (org.frcpm.models.Subteam(959666421486300)): 79
10:24:10.138 [main] DEBUG org.hibernate.orm.results.loading.org.hibernate.orm.results.loading.collection - (DelayedCollectionInitializer) Current row collection key : org.frcpm.models.Subteam(959666421486300).members#79
10:24:10.138 [main] DEBUG org.hibernate.orm.results.loading.org.hibernate.orm.results.loading.collection - (DelayedCollectionInitializer) Current row collection key : org.frcpm.models.Subteam(959666421486300).subsystems#79
10:24:10.138 [main] DEBUG org.hibernate.orm.results.loading.entity - (EntityResultInitializer) Created new entity instance [org.frcpm.models.Subteam(959666421486300)#79] : 1602638364
10:24:10.138 [main] DEBUG org.hibernate.orm.results - Extracted JDBC value [1] - [#0000FF]
10:24:10.138 [main] DEBUG org.hibernate.orm.results - Extracted JDBC value [2] - [Test Update Subteam]
10:24:10.138 [main] DEBUG org.hibernate.orm.results - Extracted JDBC value [3] - [Updated Specialties]
10:24:10.138 [main] DEBUG org.hibernate.orm.results.loading.entity - (EntityResultInitializer) Done materializing entityInstance : org.frcpm.models.Subteam(959666421486300)#79
10:24:10.138 [main] DEBUG org.hibernate.orm.results.loading - Calling top-level assembler (0 / 1) : org.hibernate.sql.results.graph.entity.internal.EntityAssembler@515523ca
10:24:10.138 [main] DEBUG org.hibernate.orm.results - Extracted JDBC value [0] - [87]
10:24:10.138 [main] DEBUG org.hibernate.orm.results.loading.entity - (EntityResultInitializer) Hydrated EntityKey (org.frcpm.models.Subteam(959666421486300)): 87
10:24:10.138 [main] DEBUG org.hibernate.orm.results.loading.org.hibernate.orm.results.loading.collection - (DelayedCollectionInitializer) Current row collection key : org.frcpm.models.Subteam(959666421486300).members#87
10:24:10.138 [main] DEBUG org.hibernate.orm.results.loading.org.hibernate.orm.results.loading.collection - (DelayedCollectionInitializer) Current row collection key : org.frcpm.models.Subteam(959666421486300).subsystems#87
10:24:10.138 [main] DEBUG org.hibernate.orm.results.loading.entity - (EntityResultInitializer) Created new entity instance [org.frcpm.models.Subteam(959666421486300)#87] : 1129371467
10:24:10.138 [main] DEBUG org.hibernate.orm.results - Extracted JDBC value [1] - [#0000FF]
10:24:10.138 [main] DEBUG org.hibernate.orm.results - Extracted JDBC value [2] - [Duplicate Name Subteam]
10:24:10.138 [main] DEBUG org.hibernate.orm.results - Extracted JDBC value [3] - [Specialties]
10:24:10.138 [main] DEBUG org.hibernate.orm.results.loading.entity - (EntityResultInitializer) Done materializing entityInstance : org.frcpm.models.Subteam(959666421486300)#87
10:24:10.138 [main] DEBUG org.hibernate.orm.results.loading - Calling top-level assembler (0 / 1) : org.hibernate.sql.results.graph.entity.internal.EntityAssembler@515523ca
10:24:10.138 [main] DEBUG org.hibernate.resource.jdbc.internal.LogicalConnectionManagedImpl - Initiating JDBC connection release from afterTransaction
10:24:10.138 [main] DEBUG org.hibernate.resource.jdbc.internal.LogicalConnectionManagedImpl - Initiating JDBC connection release from afterTransaction
]]></system-out>
  </testcase>
  <testcase name="testHandleEditSubteam_NoSelection" classname="org.frcpm.controllers.TeamControllerTest" time="0.018">
    <system-out><![CDATA[10:24:10.143 [main] DEBUG org.hibernate.orm.sql.ast.create - Created new SQL alias : tm1_0
10:24:10.143 [main] DEBUG org.hibernate.orm.sql.ast.create - Registration of TableGroup [StandardTableGroup(org.frcpm.models.TeamMember(959666428953200))] with identifierForTableGroup [org.frcpm.models.TeamMember] for NavigablePath [org.frcpm.models.TeamMember] 
10:24:10.143 [main] DEBUG org.hibernate.orm.sql.ast.create - Registration of TableGroup [org.hibernate.sql.ast.tree.from.LazyTableGroup@2818f4e9] with identifierForTableGroup [org.frcpm.models.TeamMember.subteam] for NavigablePath [org.frcpm.models.TeamMember.subteam] 
10:24:10.143 [main] DEBUG org.hibernate.orm.results.graph.AST - DomainResult Graph:
 \-EntityResultImpl [org.frcpm.models.TeamMember(959666428953200)]
 |  +-DelayedCollectionFetch [org.frcpm.models.TeamMember(959666428953200).assignedTasks]
 |  +-DelayedCollectionFetch [org.frcpm.models.TeamMember(959666428953200).attendances]
 |  +-BasicFetch [org.frcpm.models.TeamMember(959666428953200).email]
 |  +-BasicFetch [org.frcpm.models.TeamMember(959666428953200).firstName]
 |  +-BasicFetch [org.frcpm.models.TeamMember(959666428953200).lastName]
 |  +-BasicFetch [org.frcpm.models.TeamMember(959666428953200).leader]
 |  +-BasicFetch [org.frcpm.models.TeamMember(959666428953200).phone]
 |  +-BasicFetch [org.frcpm.models.TeamMember(959666428953200).skills]
 |  +-CircularFetchImpl [org.frcpm.models.TeamMember(959666428953200).subteam]
 |  \-BasicFetch [org.frcpm.models.TeamMember(959666428953200).username]

10:24:10.143 [main] DEBUG org.hibernate.orm.sql.ast.tree - SQL AST Tree:
    SelectStatement {
      FromClause {
        StandardTableGroup (tm1 : org.frcpm.models.TeamMember(959666428953200)) {
          primaryTableReference : team_members as tm1_0
          TableGroupJoins {
            left  join LazyTableGroup (s1 : org.frcpm.models.TeamMember(959666428953200).subteam) {
            }
          }
        }
      }
    }

10:24:10.144 [main] DEBUG org.hibernate.orm.sql.exec - Skipping reading Query result cache data: cache-enabled = false, cache-mode = NORMAL
10:24:10.144 [main] DEBUG org.hibernate.orm.results - Initializer list:
	  org.frcpm.models.TeamMember(959666428953200).attendances -> DelayedCollectionInitializer(org.frcpm.models.TeamMember(959666428953200).attendances)@251830026 (PluralAttribute(org.frcpm.models.TeamMember.attendances))
	  org.frcpm.models.TeamMember(959666428953200).subteam -> EntityDelayedFetchInitializer(org.frcpm.models.TeamMember(959666428953200).subteam)@90251969 (ToOneAttributeMapping(NavigableRole[org.frcpm.models.TeamMember.subteam])@1143917207)
	  org.frcpm.models.TeamMember(959666428953200).assignedTasks -> DelayedCollectionInitializer(org.frcpm.models.TeamMember(959666428953200).assignedTasks)@281586660 (PluralAttribute(org.frcpm.models.TeamMember.assignedTasks))
	  org.frcpm.models.TeamMember(959666428953200) -> EntityResultInitializer(org.frcpm.models.TeamMember(959666428953200))@2140711592 (SingleTableEntityPersister(org.frcpm.models.TeamMember))

10:24:10.144 [main] DEBUG org.hibernate.SQL - select tm1_0.id,tm1_0.email,tm1_0.first_name,tm1_0.last_name,tm1_0.is_leader,tm1_0.phone,tm1_0.skills,tm1_0.subteam_id,tm1_0.username from team_members tm1_0
10:24:10.144 [main] DEBUG org.hibernate.orm.results - Extracted JDBC value [0] - [1]
10:24:10.144 [main] DEBUG org.hibernate.orm.results.loading.entity - (EntityResultInitializer) Hydrated EntityKey (org.frcpm.models.TeamMember(959666428953200)): 1
10:24:10.144 [main] DEBUG org.hibernate.orm.results.loading.org.hibernate.orm.results.loading.collection - (DelayedCollectionInitializer) Current row collection key : org.frcpm.models.TeamMember(959666428953200).assignedTasks#1
10:24:10.144 [main] DEBUG org.hibernate.orm.results.loading.org.hibernate.orm.results.loading.collection - (DelayedCollectionInitializer) Current row collection key : org.frcpm.models.TeamMember(959666428953200).attendances#1
10:24:10.144 [main] DEBUG org.hibernate.orm.results.loading.entity - (EntityResultInitializer) Created new entity instance [org.frcpm.models.TeamMember(959666428953200)#1] : 1027653781
10:24:10.144 [main] DEBUG org.hibernate.orm.results - Extracted JDBC value [7] - [3]
10:24:10.144 [main] DEBUG org.hibernate.orm.results - Extracted JDBC value [1] - [jsmith@example.com]
10:24:10.144 [main] DEBUG org.hibernate.orm.results - Extracted JDBC value [2] - [John]
10:24:10.144 [main] DEBUG org.hibernate.orm.results - Extracted JDBC value [3] - [Smith]
10:24:10.145 [main] DEBUG org.hibernate.orm.results - Extracted JDBC value [4] - [true]
10:24:10.145 [main] DEBUG org.hibernate.orm.results - Extracted JDBC value [5] - [555-1234]
10:24:10.145 [main] DEBUG org.hibernate.orm.results - Extracted JDBC value [6] - [Java, Python, Control Systems]
10:24:10.145 [main] DEBUG org.hibernate.orm.results - Extracted JDBC value [8] - [jsmith]
10:24:10.145 [main] DEBUG org.hibernate.orm.results.loading.entity - (EntityResultInitializer) Done materializing entityInstance : org.frcpm.models.TeamMember(959666428953200)#1
10:24:10.145 [main] DEBUG org.hibernate.orm.results.loading - Calling top-level assembler (0 / 1) : org.hibernate.sql.results.graph.entity.internal.EntityAssembler@5191f4f0
10:24:10.145 [main] DEBUG org.hibernate.orm.results - Extracted JDBC value [0] - [2]
10:24:10.145 [main] DEBUG org.hibernate.orm.results.loading.entity - (EntityResultInitializer) Hydrated EntityKey (org.frcpm.models.TeamMember(959666428953200)): 2
10:24:10.145 [main] DEBUG org.hibernate.orm.results.loading.org.hibernate.orm.results.loading.collection - (DelayedCollectionInitializer) Current row collection key : org.frcpm.models.TeamMember(959666428953200).assignedTasks#2
10:24:10.145 [main] DEBUG org.hibernate.orm.results.loading.org.hibernate.orm.results.loading.collection - (DelayedCollectionInitializer) Current row collection key : org.frcpm.models.TeamMember(959666428953200).attendances#2
10:24:10.145 [main] DEBUG org.hibernate.orm.results.loading.entity - (EntityResultInitializer) Created new entity instance [org.frcpm.models.TeamMember(959666428953200)#2] : 1794032191
10:24:10.145 [main] DEBUG org.hibernate.orm.results - Extracted JDBC value [7] - [1]
10:24:10.145 [main] DEBUG org.hibernate.orm.results - Extracted JDBC value [1] - [agarcia@example.com]
10:24:10.145 [main] DEBUG org.hibernate.orm.results - Extracted JDBC value [2] - [Ana]
10:24:10.145 [main] DEBUG org.hibernate.orm.results - Extracted JDBC value [3] - [Garcia]
10:24:10.145 [main] DEBUG org.hibernate.orm.results - Extracted JDBC value [4] - [true]
10:24:10.145 [main] DEBUG org.hibernate.orm.results - Extracted JDBC value [5] - [555-5678]
10:24:10.145 [main] DEBUG org.hibernate.orm.results - Extracted JDBC value [6] - [CAD, Design, Machining]
10:24:10.145 [main] DEBUG org.hibernate.orm.results - Extracted JDBC value [8] - [agarcia]
10:24:10.145 [main] DEBUG org.hibernate.orm.results.loading.entity - (EntityResultInitializer) Done materializing entityInstance : org.frcpm.models.TeamMember(959666428953200)#2
10:24:10.145 [main] DEBUG org.hibernate.orm.results.loading - Calling top-level assembler (0 / 1) : org.hibernate.sql.results.graph.entity.internal.EntityAssembler@5191f4f0
10:24:10.145 [main] DEBUG org.hibernate.orm.results - Extracted JDBC value [0] - [3]
10:24:10.145 [main] DEBUG org.hibernate.orm.results.loading.entity - (EntityResultInitializer) Hydrated EntityKey (org.frcpm.models.TeamMember(959666428953200)): 3
10:24:10.145 [main] DEBUG org.hibernate.orm.results.loading.org.hibernate.orm.results.loading.collection - (DelayedCollectionInitializer) Current row collection key : org.frcpm.models.TeamMember(959666428953200).assignedTasks#3
10:24:10.145 [main] DEBUG org.hibernate.orm.results.loading.org.hibernate.orm.results.loading.collection - (DelayedCollectionInitializer) Current row collection key : org.frcpm.models.TeamMember(959666428953200).attendances#3
10:24:10.145 [main] DEBUG org.hibernate.orm.results.loading.entity - (EntityResultInitializer) Created new entity instance [org.frcpm.models.TeamMember(959666428953200)#3] : 817887797
10:24:10.145 [main] DEBUG org.hibernate.orm.results - Extracted JDBC value [7] - [2]
10:24:10.145 [main] DEBUG org.hibernate.orm.results - Extracted JDBC value [1] - [twong@example.com]
10:24:10.145 [main] DEBUG org.hibernate.orm.results - Extracted JDBC value [2] - [Tyler]
10:24:10.145 [main] DEBUG org.hibernate.orm.results - Extracted JDBC value [3] - [Wong]
10:24:10.145 [main] DEBUG org.hibernate.orm.results - Extracted JDBC value [4] - [true]
10:24:10.145 [main] DEBUG org.hibernate.orm.results - Extracted JDBC value [5] - [555-9012]
10:24:10.145 [main] DEBUG org.hibernate.orm.results - Extracted JDBC value [6] - [Electronics, Wiring, Soldering]
10:24:10.145 [main] DEBUG org.hibernate.orm.results - Extracted JDBC value [8] - [twong]
10:24:10.145 [main] DEBUG org.hibernate.orm.results.loading.entity - (EntityResultInitializer) Done materializing entityInstance : org.frcpm.models.TeamMember(959666428953200)#3
10:24:10.145 [main] DEBUG org.hibernate.orm.results.loading - Calling top-level assembler (0 / 1) : org.hibernate.sql.results.graph.entity.internal.EntityAssembler@5191f4f0
10:24:10.145 [main] DEBUG org.hibernate.orm.results - Extracted JDBC value [0] - [4]
10:24:10.145 [main] DEBUG org.hibernate.orm.results.loading.entity - (EntityResultInitializer) Hydrated EntityKey (org.frcpm.models.TeamMember(959666428953200)): 4
10:24:10.145 [main] DEBUG org.hibernate.orm.results.loading.org.hibernate.orm.results.loading.collection - (DelayedCollectionInitializer) Current row collection key : org.frcpm.models.TeamMember(959666428953200).assignedTasks#4
10:24:10.145 [main] DEBUG org.hibernate.orm.results.loading.org.hibernate.orm.results.loading.collection - (DelayedCollectionInitializer) Current row collection key : org.frcpm.models.TeamMember(959666428953200).attendances#4
10:24:10.146 [main] DEBUG org.hibernate.orm.results.loading.entity - (EntityResultInitializer) Created new entity instance [org.frcpm.models.TeamMember(959666428953200)#4] : 1044906440
10:24:10.146 [main] DEBUG org.hibernate.orm.results - Extracted JDBC value [7] - [4]
10:24:10.146 [main] DEBUG org.hibernate.orm.results - Extracted JDBC value [1] - [lchen@example.com]
10:24:10.146 [main] DEBUG org.hibernate.orm.results - Extracted JDBC value [2] - [Lisa]
10:24:10.146 [main] DEBUG org.hibernate.orm.results - Extracted JDBC value [3] - [Chen]
10:24:10.146 [main] DEBUG org.hibernate.orm.results - Extracted JDBC value [4] - [true]
10:24:10.146 [main] DEBUG org.hibernate.orm.results - Extracted JDBC value [5] - [555-3456]
10:24:10.146 [main] DEBUG org.hibernate.orm.results - Extracted JDBC value [6] - [Marketing, Social Media, Presentations]
10:24:10.146 [main] DEBUG org.hibernate.orm.results - Extracted JDBC value [8] - [lchen]
10:24:10.146 [main] DEBUG org.hibernate.orm.results.loading.entity - (EntityResultInitializer) Done materializing entityInstance : org.frcpm.models.TeamMember(959666428953200)#4
10:24:10.146 [main] DEBUG org.hibernate.orm.results.loading - Calling top-level assembler (0 / 1) : org.hibernate.sql.results.graph.entity.internal.EntityAssembler@5191f4f0
10:24:10.146 [main] DEBUG org.hibernate.orm.results - Extracted JDBC value [0] - [5]
10:24:10.146 [main] DEBUG org.hibernate.orm.results.loading.entity - (EntityResultInitializer) Hydrated EntityKey (org.frcpm.models.TeamMember(959666428953200)): 5
10:24:10.146 [main] DEBUG org.hibernate.orm.results.loading.org.hibernate.orm.results.loading.collection - (DelayedCollectionInitializer) Current row collection key : org.frcpm.models.TeamMember(959666428953200).assignedTasks#5
10:24:10.146 [main] DEBUG org.hibernate.orm.results.loading.org.hibernate.orm.results.loading.collection - (DelayedCollectionInitializer) Current row collection key : org.frcpm.models.TeamMember(959666428953200).attendances#5
10:24:10.146 [main] DEBUG org.hibernate.orm.results.loading.entity - (EntityResultInitializer) Created new entity instance [org.frcpm.models.TeamMember(959666428953200)#5] : 1777086980
10:24:10.146 [main] DEBUG org.hibernate.orm.results - Extracted JDBC value [7] - [1]
10:24:10.146 [main] DEBUG org.hibernate.orm.results - Extracted JDBC value [1] - [mjohnson@example.com]
10:24:10.146 [main] DEBUG org.hibernate.orm.results - Extracted JDBC value [2] - [Mike]
10:24:10.146 [main] DEBUG org.hibernate.orm.results - Extracted JDBC value [3] - [Johnson]
10:24:10.146 [main] DEBUG org.hibernate.orm.results - Extracted JDBC value [4] - [false]
10:24:10.146 [main] DEBUG org.hibernate.orm.results - Extracted JDBC value [5] - [555-7890]
10:24:10.146 [main] DEBUG org.hibernate.orm.results - Extracted JDBC value [6] - [CAD, 3D Printing, Prototyping]
10:24:10.146 [main] DEBUG org.hibernate.orm.results - Extracted JDBC value [8] - [mjohnson]
10:24:10.146 [main] DEBUG org.hibernate.orm.results.loading.entity - (EntityResultInitializer) Done materializing entityInstance : org.frcpm.models.TeamMember(959666428953200)#5
10:24:10.146 [main] DEBUG org.hibernate.orm.results.loading - Calling top-level assembler (0 / 1) : org.hibernate.sql.results.graph.entity.internal.EntityAssembler@5191f4f0
10:24:10.146 [main] DEBUG org.hibernate.orm.results - Extracted JDBC value [0] - [6]
10:24:10.146 [main] DEBUG org.hibernate.orm.results.loading.entity - (EntityResultInitializer) Hydrated EntityKey (org.frcpm.models.TeamMember(959666428953200)): 6
10:24:10.146 [main] DEBUG org.hibernate.orm.results.loading.org.hibernate.orm.results.loading.collection - (DelayedCollectionInitializer) Current row collection key : org.frcpm.models.TeamMember(959666428953200).assignedTasks#6
10:24:10.146 [main] DEBUG org.hibernate.orm.results.loading.org.hibernate.orm.results.loading.collection - (DelayedCollectionInitializer) Current row collection key : org.frcpm.models.TeamMember(959666428953200).attendances#6
10:24:10.146 [main] DEBUG org.hibernate.orm.results.loading.entity - (EntityResultInitializer) Created new entity instance [org.frcpm.models.TeamMember(959666428953200)#6] : 517305833
10:24:10.146 [main] DEBUG org.hibernate.orm.results - Extracted JDBC value [7] - [3]
10:24:10.146 [main] DEBUG org.hibernate.orm.results - Extracted JDBC value [1] - [sdavis@example.com]
10:24:10.146 [main] DEBUG org.hibernate.orm.results - Extracted JDBC value [2] - [Sarah]
10:24:10.146 [main] DEBUG org.hibernate.orm.results - Extracted JDBC value [3] - [Davis]
10:24:10.146 [main] DEBUG org.hibernate.orm.results - Extracted JDBC value [4] - [false]
10:24:10.146 [main] DEBUG org.hibernate.orm.results - Extracted JDBC value [5] - [555-2345]
10:24:10.146 [main] DEBUG org.hibernate.orm.results - Extracted JDBC value [6] - [Computer Vision, Machine Learning]
10:24:10.146 [main] DEBUG org.hibernate.orm.results - Extracted JDBC value [8] - [sdavis]
10:24:10.146 [main] DEBUG org.hibernate.orm.results.loading.entity - (EntityResultInitializer) Done materializing entityInstance : org.frcpm.models.TeamMember(959666428953200)#6
10:24:10.146 [main] DEBUG org.hibernate.orm.results.loading - Calling top-level assembler (0 / 1) : org.hibernate.sql.results.graph.entity.internal.EntityAssembler@5191f4f0
10:24:10.146 [main] DEBUG org.hibernate.orm.results - Extracted JDBC value [0] - [36]
10:24:10.146 [main] DEBUG org.hibernate.orm.results.loading.entity - (EntityResultInitializer) Hydrated EntityKey (org.frcpm.models.TeamMember(959666428953200)): 36
10:24:10.146 [main] DEBUG org.hibernate.orm.results.loading.org.hibernate.orm.results.loading.collection - (DelayedCollectionInitializer) Current row collection key : org.frcpm.models.TeamMember(959666428953200).assignedTasks#36
10:24:10.146 [main] DEBUG org.hibernate.orm.results.loading.org.hibernate.orm.results.loading.collection - (DelayedCollectionInitializer) Current row collection key : org.frcpm.models.TeamMember(959666428953200).attendances#36
10:24:10.146 [main] DEBUG org.hibernate.orm.results.loading.entity - (EntityResultInitializer) Created new entity instance [org.frcpm.models.TeamMember(959666428953200)#36] : 999983733
10:24:10.146 [main] DEBUG org.hibernate.orm.results - Extracted JDBC value [7] - [null]
10:24:10.146 [main] DEBUG org.hibernate.orm.results - Extracted JDBC value [1] - [tasktest@example.com]
10:24:10.146 [main] DEBUG org.hibernate.orm.results - Extracted JDBC value [2] - [Task]
10:24:10.146 [main] DEBUG org.hibernate.orm.results - Extracted JDBC value [3] - [Test]
10:24:10.146 [main] DEBUG org.hibernate.orm.results - Extracted JDBC value [4] - [false]
10:24:10.146 [main] DEBUG org.hibernate.orm.results - Extracted JDBC value [5] - [null]
10:24:10.146 [main] DEBUG org.hibernate.orm.results - Extracted JDBC value [6] - [null]
10:24:10.146 [main] DEBUG org.hibernate.orm.results - Extracted JDBC value [8] - [tasktestuser_1745594395337]
10:24:10.146 [main] DEBUG org.hibernate.orm.results.loading.entity - (EntityResultInitializer) Done materializing entityInstance : org.frcpm.models.TeamMember(959666428953200)#36
10:24:10.146 [main] DEBUG org.hibernate.orm.results.loading - Calling top-level assembler (0 / 1) : org.hibernate.sql.results.graph.entity.internal.EntityAssembler@5191f4f0
10:24:10.146 [main] DEBUG org.hibernate.orm.results - Extracted JDBC value [0] - [37]
10:24:10.146 [main] DEBUG org.hibernate.orm.results.loading.entity - (EntityResultInitializer) Hydrated EntityKey (org.frcpm.models.TeamMember(959666428953200)): 37
10:24:10.146 [main] DEBUG org.hibernate.orm.results.loading.org.hibernate.orm.results.loading.collection - (DelayedCollectionInitializer) Current row collection key : org.frcpm.models.TeamMember(959666428953200).assignedTasks#37
10:24:10.146 [main] DEBUG org.hibernate.orm.results.loading.org.hibernate.orm.results.loading.collection - (DelayedCollectionInitializer) Current row collection key : org.frcpm.models.TeamMember(959666428953200).attendances#37
10:24:10.146 [main] DEBUG org.hibernate.orm.results.loading.entity - (EntityResultInitializer) Created new entity instance [org.frcpm.models.TeamMember(959666428953200)#37] : 27487002
10:24:10.146 [main] DEBUG org.hibernate.orm.results - Extracted JDBC value [7] - [null]
10:24:10.146 [main] DEBUG org.hibernate.orm.results - Extracted JDBC value [1] - [tasktest@example.com]
10:24:10.147 [main] DEBUG org.hibernate.orm.results - Extracted JDBC value [2] - [Task]
10:24:10.147 [main] DEBUG org.hibernate.orm.results - Extracted JDBC value [3] - [Test]
10:24:10.147 [main] DEBUG org.hibernate.orm.results - Extracted JDBC value [4] - [false]
10:24:10.147 [main] DEBUG org.hibernate.orm.results - Extracted JDBC value [5] - [null]
10:24:10.147 [main] DEBUG org.hibernate.orm.results - Extracted JDBC value [6] - [null]
10:24:10.147 [main] DEBUG org.hibernate.orm.results - Extracted JDBC value [8] - [tasktestuser_1745594395698]
10:24:10.147 [main] DEBUG org.hibernate.orm.results.loading.entity - (EntityResultInitializer) Done materializing entityInstance : org.frcpm.models.TeamMember(959666428953200)#37
10:24:10.147 [main] DEBUG org.hibernate.orm.results.loading - Calling top-level assembler (0 / 1) : org.hibernate.sql.results.graph.entity.internal.EntityAssembler@5191f4f0
10:24:10.147 [main] DEBUG org.hibernate.orm.results - Extracted JDBC value [0] - [38]
10:24:10.147 [main] DEBUG org.hibernate.orm.results.loading.entity - (EntityResultInitializer) Hydrated EntityKey (org.frcpm.models.TeamMember(959666428953200)): 38
10:24:10.147 [main] DEBUG org.hibernate.orm.results.loading.org.hibernate.orm.results.loading.collection - (DelayedCollectionInitializer) Current row collection key : org.frcpm.models.TeamMember(959666428953200).assignedTasks#38
10:24:10.147 [main] DEBUG org.hibernate.orm.results.loading.org.hibernate.orm.results.loading.collection - (DelayedCollectionInitializer) Current row collection key : org.frcpm.models.TeamMember(959666428953200).attendances#38
10:24:10.147 [main] DEBUG org.hibernate.orm.results.loading.entity - (EntityResultInitializer) Created new entity instance [org.frcpm.models.TeamMember(959666428953200)#38] : 35216667
10:24:10.147 [main] DEBUG org.hibernate.orm.results - Extracted JDBC value [7] - [null]
10:24:10.147 [main] DEBUG org.hibernate.orm.results - Extracted JDBC value [1] - [tasktest@example.com]
10:24:10.147 [main] DEBUG org.hibernate.orm.results - Extracted JDBC value [2] - [Task]
10:24:10.147 [main] DEBUG org.hibernate.orm.results - Extracted JDBC value [3] - [Test]
10:24:10.147 [main] DEBUG org.hibernate.orm.results - Extracted JDBC value [4] - [false]
10:24:10.147 [main] DEBUG org.hibernate.orm.results - Extracted JDBC value [5] - [null]
10:24:10.147 [main] DEBUG org.hibernate.orm.results - Extracted JDBC value [6] - [null]
10:24:10.147 [main] DEBUG org.hibernate.orm.results - Extracted JDBC value [8] - [tasktestuser_1745594396071]
10:24:10.147 [main] DEBUG org.hibernate.orm.results.loading.entity - (EntityResultInitializer) Done materializing entityInstance : org.frcpm.models.TeamMember(959666428953200)#38
10:24:10.147 [main] DEBUG org.hibernate.orm.results.loading - Calling top-level assembler (0 / 1) : org.hibernate.sql.results.graph.entity.internal.EntityAssembler@5191f4f0
10:24:10.147 [main] DEBUG org.hibernate.orm.results - Extracted JDBC value [0] - [39]
10:24:10.147 [main] DEBUG org.hibernate.orm.results.loading.entity - (EntityResultInitializer) Hydrated EntityKey (org.frcpm.models.TeamMember(959666428953200)): 39
10:24:10.147 [main] DEBUG org.hibernate.orm.results.loading.org.hibernate.orm.results.loading.collection - (DelayedCollectionInitializer) Current row collection key : org.frcpm.models.TeamMember(959666428953200).assignedTasks#39
10:24:10.147 [main] DEBUG org.hibernate.orm.results.loading.org.hibernate.orm.results.loading.collection - (DelayedCollectionInitializer) Current row collection key : org.frcpm.models.TeamMember(959666428953200).attendances#39
10:24:10.147 [main] DEBUG org.hibernate.orm.results.loading.entity - (EntityResultInitializer) Created new entity instance [org.frcpm.models.TeamMember(959666428953200)#39] : 642187501
10:24:10.147 [main] DEBUG org.hibernate.orm.results - Extracted JDBC value [7] - [null]
10:24:10.147 [main] DEBUG org.hibernate.orm.results - Extracted JDBC value [1] - [tasktest@example.com]
10:24:10.147 [main] DEBUG org.hibernate.orm.results - Extracted JDBC value [2] - [Task]
10:24:10.147 [main] DEBUG org.hibernate.orm.results - Extracted JDBC value [3] - [Test]
10:24:10.147 [main] DEBUG org.hibernate.orm.results - Extracted JDBC value [4] - [false]
10:24:10.147 [main] DEBUG org.hibernate.orm.results - Extracted JDBC value [5] - [null]
10:24:10.147 [main] DEBUG org.hibernate.orm.results - Extracted JDBC value [6] - [null]
10:24:10.147 [main] DEBUG org.hibernate.orm.results - Extracted JDBC value [8] - [tasktestuser_1745594396416]
10:24:10.147 [main] DEBUG org.hibernate.orm.results.loading.entity - (EntityResultInitializer) Done materializing entityInstance : org.frcpm.models.TeamMember(959666428953200)#39
10:24:10.147 [main] DEBUG org.hibernate.orm.results.loading - Calling top-level assembler (0 / 1) : org.hibernate.sql.results.graph.entity.internal.EntityAssembler@5191f4f0
10:24:10.147 [main] DEBUG org.hibernate.orm.results - Extracted JDBC value [0] - [40]
10:24:10.147 [main] DEBUG org.hibernate.orm.results.loading.entity - (EntityResultInitializer) Hydrated EntityKey (org.frcpm.models.TeamMember(959666428953200)): 40
10:24:10.147 [main] DEBUG org.hibernate.orm.results.loading.org.hibernate.orm.results.loading.collection - (DelayedCollectionInitializer) Current row collection key : org.frcpm.models.TeamMember(959666428953200).assignedTasks#40
10:24:10.147 [main] DEBUG org.hibernate.orm.results.loading.org.hibernate.orm.results.loading.collection - (DelayedCollectionInitializer) Current row collection key : org.frcpm.models.TeamMember(959666428953200).attendances#40
10:24:10.147 [main] DEBUG org.hibernate.orm.results.loading.entity - (EntityResultInitializer) Created new entity instance [org.frcpm.models.TeamMember(959666428953200)#40] : 179825457
10:24:10.147 [main] DEBUG org.hibernate.orm.results - Extracted JDBC value [7] - [null]
10:24:10.147 [main] DEBUG org.hibernate.orm.results - Extracted JDBC value [1] - [tasktest@example.com]
10:24:10.147 [main] DEBUG org.hibernate.orm.results - Extracted JDBC value [2] - [Task]
10:24:10.147 [main] DEBUG org.hibernate.orm.results - Extracted JDBC value [3] - [Test]
10:24:10.147 [main] DEBUG org.hibernate.orm.results - Extracted JDBC value [4] - [false]
10:24:10.147 [main] DEBUG org.hibernate.orm.results - Extracted JDBC value [5] - [null]
10:24:10.147 [main] DEBUG org.hibernate.orm.results - Extracted JDBC value [6] - [null]
10:24:10.147 [main] DEBUG org.hibernate.orm.results - Extracted JDBC value [8] - [tasktestuser_1745594396762]
10:24:10.147 [main] DEBUG org.hibernate.orm.results.loading.entity - (EntityResultInitializer) Done materializing entityInstance : org.frcpm.models.TeamMember(959666428953200)#40
10:24:10.147 [main] DEBUG org.hibernate.orm.results.loading - Calling top-level assembler (0 / 1) : org.hibernate.sql.results.graph.entity.internal.EntityAssembler@5191f4f0
10:24:10.147 [main] DEBUG org.hibernate.orm.results - Extracted JDBC value [0] - [41]
10:24:10.147 [main] DEBUG org.hibernate.orm.results.loading.entity - (EntityResultInitializer) Hydrated EntityKey (org.frcpm.models.TeamMember(959666428953200)): 41
10:24:10.147 [main] DEBUG org.hibernate.orm.results.loading.org.hibernate.orm.results.loading.collection - (DelayedCollectionInitializer) Current row collection key : org.frcpm.models.TeamMember(959666428953200).assignedTasks#41
10:24:10.147 [main] DEBUG org.hibernate.orm.results.loading.org.hibernate.orm.results.loading.collection - (DelayedCollectionInitializer) Current row collection key : org.frcpm.models.TeamMember(959666428953200).attendances#41
10:24:10.147 [main] DEBUG org.hibernate.orm.results.loading.entity - (EntityResultInitializer) Created new entity instance [org.frcpm.models.TeamMember(959666428953200)#41] : 847226474
10:24:10.147 [main] DEBUG org.hibernate.orm.results - Extracted JDBC value [7] - [null]
10:24:10.147 [main] DEBUG org.hibernate.orm.results - Extracted JDBC value [1] - [tasktest@example.com]
10:24:10.147 [main] DEBUG org.hibernate.orm.results - Extracted JDBC value [2] - [Task]
10:24:10.147 [main] DEBUG org.hibernate.orm.results - Extracted JDBC value [3] - [Test]
10:24:10.147 [main] DEBUG org.hibernate.orm.results - Extracted JDBC value [4] - [false]
10:24:10.147 [main] DEBUG org.hibernate.orm.results - Extracted JDBC value [5] - [null]
10:24:10.147 [main] DEBUG org.hibernate.orm.results - Extracted JDBC value [6] - [null]
10:24:10.147 [main] DEBUG org.hibernate.orm.results - Extracted JDBC value [8] - [tasktestuser_1745594397140]
10:24:10.147 [main] DEBUG org.hibernate.orm.results.loading.entity - (EntityResultInitializer) Done materializing entityInstance : org.frcpm.models.TeamMember(959666428953200)#41
10:24:10.147 [main] DEBUG org.hibernate.orm.results.loading - Calling top-level assembler (0 / 1) : org.hibernate.sql.results.graph.entity.internal.EntityAssembler@5191f4f0
10:24:10.147 [main] DEBUG org.hibernate.orm.results - Extracted JDBC value [0] - [42]
10:24:10.147 [main] DEBUG org.hibernate.orm.results.loading.entity - (EntityResultInitializer) Hydrated EntityKey (org.frcpm.models.TeamMember(959666428953200)): 42
10:24:10.147 [main] DEBUG org.hibernate.orm.results.loading.org.hibernate.orm.results.loading.collection - (DelayedCollectionInitializer) Current row collection key : org.frcpm.models.TeamMember(959666428953200).assignedTasks#42
10:24:10.147 [main] DEBUG org.hibernate.orm.results.loading.org.hibernate.orm.results.loading.collection - (DelayedCollectionInitializer) Current row collection key : org.frcpm.models.TeamMember(959666428953200).attendances#42
10:24:10.147 [main] DEBUG org.hibernate.orm.results.loading.entity - (EntityResultInitializer) Created new entity instance [org.frcpm.models.TeamMember(959666428953200)#42] : 753233180
10:24:10.147 [main] DEBUG org.hibernate.orm.results - Extracted JDBC value [7] - [null]
10:24:10.147 [main] DEBUG org.hibernate.orm.results - Extracted JDBC value [1] - [tasktest@example.com]
10:24:10.147 [main] DEBUG org.hibernate.orm.results - Extracted JDBC value [2] - [Task]
10:24:10.147 [main] DEBUG org.hibernate.orm.results - Extracted JDBC value [3] - [Test]
10:24:10.147 [main] DEBUG org.hibernate.orm.results - Extracted JDBC value [4] - [false]
10:24:10.147 [main] DEBUG org.hibernate.orm.results - Extracted JDBC value [5] - [null]
10:24:10.147 [main] DEBUG org.hibernate.orm.results - Extracted JDBC value [6] - [null]
10:24:10.147 [main] DEBUG org.hibernate.orm.results - Extracted JDBC value [8] - [tasktestuser_1745594397563]
10:24:10.147 [main] DEBUG org.hibernate.orm.results.loading.entity - (EntityResultInitializer) Done materializing entityInstance : org.frcpm.models.TeamMember(959666428953200)#42
10:24:10.147 [main] DEBUG org.hibernate.orm.results.loading - Calling top-level assembler (0 / 1) : org.hibernate.sql.results.graph.entity.internal.EntityAssembler@5191f4f0
10:24:10.147 [main] DEBUG org.hibernate.orm.results - Extracted JDBC value [0] - [43]
10:24:10.148 [main] DEBUG org.hibernate.orm.results.loading.entity - (EntityResultInitializer) Hydrated EntityKey (org.frcpm.models.TeamMember(959666428953200)): 43
10:24:10.148 [main] DEBUG org.hibernate.orm.results.loading.org.hibernate.orm.results.loading.collection - (DelayedCollectionInitializer) Current row collection key : org.frcpm.models.TeamMember(959666428953200).assignedTasks#43
10:24:10.148 [main] DEBUG org.hibernate.orm.results.loading.org.hibernate.orm.results.loading.collection - (DelayedCollectionInitializer) Current row collection key : org.frcpm.models.TeamMember(959666428953200).attendances#43
10:24:10.148 [main] DEBUG org.hibernate.orm.results.loading.entity - (EntityResultInitializer) Created new entity instance [org.frcpm.models.TeamMember(959666428953200)#43] : 408914073
10:24:10.148 [main] DEBUG org.hibernate.orm.results - Extracted JDBC value [7] - [null]
10:24:10.148 [main] DEBUG org.hibernate.orm.results - Extracted JDBC value [1] - [tasktest@example.com]
10:24:10.148 [main] DEBUG org.hibernate.orm.results - Extracted JDBC value [2] - [Task]
10:24:10.148 [main] DEBUG org.hibernate.orm.results - Extracted JDBC value [3] - [Test]
10:24:10.148 [main] DEBUG org.hibernate.orm.results - Extracted JDBC value [4] - [false]
10:24:10.148 [main] DEBUG org.hibernate.orm.results - Extracted JDBC value [5] - [null]
10:24:10.148 [main] DEBUG org.hibernate.orm.results - Extracted JDBC value [6] - [null]
10:24:10.148 [main] DEBUG org.hibernate.orm.results - Extracted JDBC value [8] - [tasktestuser_1745594397906]
10:24:10.148 [main] DEBUG org.hibernate.orm.results.loading.entity - (EntityResultInitializer) Done materializing entityInstance : org.frcpm.models.TeamMember(959666428953200)#43
10:24:10.148 [main] DEBUG org.hibernate.orm.results.loading - Calling top-level assembler (0 / 1) : org.hibernate.sql.results.graph.entity.internal.EntityAssembler@5191f4f0
10:24:10.148 [main] DEBUG org.hibernate.orm.results - Extracted JDBC value [0] - [44]
10:24:10.148 [main] DEBUG org.hibernate.orm.results.loading.entity - (EntityResultInitializer) Hydrated EntityKey (org.frcpm.models.TeamMember(959666428953200)): 44
10:24:10.148 [main] DEBUG org.hibernate.orm.results.loading.org.hibernate.orm.results.loading.collection - (DelayedCollectionInitializer) Current row collection key : org.frcpm.models.TeamMember(959666428953200).assignedTasks#44
10:24:10.148 [main] DEBUG org.hibernate.orm.results.loading.org.hibernate.orm.results.loading.collection - (DelayedCollectionInitializer) Current row collection key : org.frcpm.models.TeamMember(959666428953200).attendances#44
10:24:10.148 [main] DEBUG org.hibernate.orm.results.loading.entity - (EntityResultInitializer) Created new entity instance [org.frcpm.models.TeamMember(959666428953200)#44] : 2011228831
10:24:10.148 [main] DEBUG org.hibernate.orm.results - Extracted JDBC value [7] - [null]
10:24:10.148 [main] DEBUG org.hibernate.orm.results - Extracted JDBC value [1] - [tasktest@example.com]
10:24:10.148 [main] DEBUG org.hibernate.orm.results - Extracted JDBC value [2] - [Task]
10:24:10.148 [main] DEBUG org.hibernate.orm.results - Extracted JDBC value [3] - [Test]
10:24:10.148 [main] DEBUG org.hibernate.orm.results - Extracted JDBC value [4] - [false]
10:24:10.148 [main] DEBUG org.hibernate.orm.results - Extracted JDBC value [5] - [null]
10:24:10.148 [main] DEBUG org.hibernate.orm.results - Extracted JDBC value [6] - [null]
10:24:10.148 [main] DEBUG org.hibernate.orm.results - Extracted JDBC value [8] - [tasktestuser_1745594398275]
10:24:10.148 [main] DEBUG org.hibernate.orm.results.loading.entity - (EntityResultInitializer) Done materializing entityInstance : org.frcpm.models.TeamMember(959666428953200)#44
10:24:10.148 [main] DEBUG org.hibernate.orm.results.loading - Calling top-level assembler (0 / 1) : org.hibernate.sql.results.graph.entity.internal.EntityAssembler@5191f4f0
10:24:10.148 [main] DEBUG org.hibernate.orm.results - Extracted JDBC value [0] - [45]
10:24:10.148 [main] DEBUG org.hibernate.orm.results.loading.entity - (EntityResultInitializer) Hydrated EntityKey (org.frcpm.models.TeamMember(959666428953200)): 45
10:24:10.148 [main] DEBUG org.hibernate.orm.results.loading.org.hibernate.orm.results.loading.collection - (DelayedCollectionInitializer) Current row collection key : org.frcpm.models.TeamMember(959666428953200).assignedTasks#45
10:24:10.148 [main] DEBUG org.hibernate.orm.results.loading.org.hibernate.orm.results.loading.collection - (DelayedCollectionInitializer) Current row collection key : org.frcpm.models.TeamMember(959666428953200).attendances#45
10:24:10.148 [main] DEBUG org.hibernate.orm.results.loading.entity - (EntityResultInitializer) Created new entity instance [org.frcpm.models.TeamMember(959666428953200)#45] : 1548567534
10:24:10.149 [main] DEBUG org.hibernate.orm.results - Extracted JDBC value [7] - [null]
10:24:10.149 [main] DEBUG org.hibernate.orm.results - Extracted JDBC value [1] - [tasktest@example.com]
10:24:10.149 [main] DEBUG org.hibernate.orm.results - Extracted JDBC value [2] - [Task]
10:24:10.149 [main] DEBUG org.hibernate.orm.results - Extracted JDBC value [3] - [Test]
10:24:10.149 [main] DEBUG org.hibernate.orm.results - Extracted JDBC value [4] - [false]
10:24:10.149 [main] DEBUG org.hibernate.orm.results - Extracted JDBC value [5] - [null]
10:24:10.149 [main] DEBUG org.hibernate.orm.results - Extracted JDBC value [6] - [null]
10:24:10.149 [main] DEBUG org.hibernate.orm.results - Extracted JDBC value [8] - [tasktestuser_1745594398667]
10:24:10.149 [main] DEBUG org.hibernate.orm.results.loading.entity - (EntityResultInitializer) Done materializing entityInstance : org.frcpm.models.TeamMember(959666428953200)#45
10:24:10.149 [main] DEBUG org.hibernate.orm.results.loading - Calling top-level assembler (0 / 1) : org.hibernate.sql.results.graph.entity.internal.EntityAssembler@5191f4f0
10:24:10.149 [main] DEBUG org.hibernate.orm.results - Extracted JDBC value [0] - [46]
10:24:10.149 [main] DEBUG org.hibernate.orm.results.loading.entity - (EntityResultInitializer) Hydrated EntityKey (org.frcpm.models.TeamMember(959666428953200)): 46
10:24:10.149 [main] DEBUG org.hibernate.orm.results.loading.org.hibernate.orm.results.loading.collection - (DelayedCollectionInitializer) Current row collection key : org.frcpm.models.TeamMember(959666428953200).assignedTasks#46
10:24:10.149 [main] DEBUG org.hibernate.orm.results.loading.org.hibernate.orm.results.loading.collection - (DelayedCollectionInitializer) Current row collection key : org.frcpm.models.TeamMember(959666428953200).attendances#46
10:24:10.149 [main] DEBUG org.hibernate.orm.results.loading.entity - (EntityResultInitializer) Created new entity instance [org.frcpm.models.TeamMember(959666428953200)#46] : 1871949388
10:24:10.149 [main] DEBUG org.hibernate.orm.results - Extracted JDBC value [7] - [null]
10:24:10.149 [main] DEBUG org.hibernate.orm.results - Extracted JDBC value [1] - [tasktest@example.com]
10:24:10.149 [main] DEBUG org.hibernate.orm.results - Extracted JDBC value [2] - [Task]
10:24:10.149 [main] DEBUG org.hibernate.orm.results - Extracted JDBC value [3] - [Test]
10:24:10.149 [main] DEBUG org.hibernate.orm.results - Extracted JDBC value [4] - [false]
10:24:10.149 [main] DEBUG org.hibernate.orm.results - Extracted JDBC value [5] - [null]
10:24:10.149 [main] DEBUG org.hibernate.orm.results - Extracted JDBC value [6] - [null]
10:24:10.149 [main] DEBUG org.hibernate.orm.results - Extracted JDBC value [8] - [tasktestuser_1745594399126]
10:24:10.149 [main] DEBUG org.hibernate.orm.results.loading.entity - (EntityResultInitializer) Done materializing entityInstance : org.frcpm.models.TeamMember(959666428953200)#46
10:24:10.149 [main] DEBUG org.hibernate.orm.results.loading - Calling top-level assembler (0 / 1) : org.hibernate.sql.results.graph.entity.internal.EntityAssembler@5191f4f0
10:24:10.149 [main] DEBUG org.hibernate.orm.results - Extracted JDBC value [0] - [47]
10:24:10.149 [main] DEBUG org.hibernate.orm.results.loading.entity - (EntityResultInitializer) Hydrated EntityKey (org.frcpm.models.TeamMember(959666428953200)): 47
10:24:10.149 [main] DEBUG org.hibernate.orm.results.loading.org.hibernate.orm.results.loading.collection - (DelayedCollectionInitializer) Current row collection key : org.frcpm.models.TeamMember(959666428953200).assignedTasks#47
10:24:10.149 [main] DEBUG org.hibernate.orm.results.loading.org.hibernate.orm.results.loading.collection - (DelayedCollectionInitializer) Current row collection key : org.frcpm.models.TeamMember(959666428953200).attendances#47
10:24:10.149 [main] DEBUG org.hibernate.orm.results.loading.entity - (EntityResultInitializer) Created new entity instance [org.frcpm.models.TeamMember(959666428953200)#47] : 1471621244
10:24:10.149 [main] DEBUG org.hibernate.orm.results - Extracted JDBC value [7] - [null]
10:24:10.149 [main] DEBUG org.hibernate.orm.results - Extracted JDBC value [1] - [tasktest@example.com]
10:24:10.149 [main] DEBUG org.hibernate.orm.results - Extracted JDBC value [2] - [Task]
10:24:10.149 [main] DEBUG org.hibernate.orm.results - Extracted JDBC value [3] - [Test]
10:24:10.149 [main] DEBUG org.hibernate.orm.results - Extracted JDBC value [4] - [false]
10:24:10.149 [main] DEBUG org.hibernate.orm.results - Extracted JDBC value [5] - [null]
10:24:10.149 [main] DEBUG org.hibernate.orm.results - Extracted JDBC value [6] - [null]
10:24:10.149 [main] DEBUG org.hibernate.orm.results - Extracted JDBC value [8] - [tasktestuser_1745594399532]
10:24:10.149 [main] DEBUG org.hibernate.orm.results.loading.entity - (EntityResultInitializer) Done materializing entityInstance : org.frcpm.models.TeamMember(959666428953200)#47
10:24:10.149 [main] DEBUG org.hibernate.orm.results.loading - Calling top-level assembler (0 / 1) : org.hibernate.sql.results.graph.entity.internal.EntityAssembler@5191f4f0
10:24:10.149 [main] DEBUG org.hibernate.orm.results - Extracted JDBC value [0] - [48]
10:24:10.149 [main] DEBUG org.hibernate.orm.results.loading.entity - (EntityResultInitializer) Hydrated EntityKey (org.frcpm.models.TeamMember(959666428953200)): 48
10:24:10.149 [main] DEBUG org.hibernate.orm.results.loading.org.hibernate.orm.results.loading.collection - (DelayedCollectionInitializer) Current row collection key : org.frcpm.models.TeamMember(959666428953200).assignedTasks#48
10:24:10.149 [main] DEBUG org.hibernate.orm.results.loading.org.hibernate.orm.results.loading.collection - (DelayedCollectionInitializer) Current row collection key : org.frcpm.models.TeamMember(959666428953200).attendances#48
10:24:10.149 [main] DEBUG org.hibernate.orm.results.loading.entity - (EntityResultInitializer) Created new entity instance [org.frcpm.models.TeamMember(959666428953200)#48] : 678415369
10:24:10.149 [main] DEBUG org.hibernate.orm.results - Extracted JDBC value [7] - [null]
10:24:10.149 [main] DEBUG org.hibernate.orm.results - Extracted JDBC value [1] - [tasktest@example.com]
10:24:10.149 [main] DEBUG org.hibernate.orm.results - Extracted JDBC value [2] - [Task]
10:24:10.149 [main] DEBUG org.hibernate.orm.results - Extracted JDBC value [3] - [Test]
10:24:10.149 [main] DEBUG org.hibernate.orm.results - Extracted JDBC value [4] - [false]
10:24:10.149 [main] DEBUG org.hibernate.orm.results - Extracted JDBC value [5] - [null]
10:24:10.149 [main] DEBUG org.hibernate.orm.results - Extracted JDBC value [6] - [null]
10:24:10.149 [main] DEBUG org.hibernate.orm.results - Extracted JDBC value [8] - [tasktestuser_1745594400014]
10:24:10.149 [main] DEBUG org.hibernate.orm.results.loading.entity - (EntityResultInitializer) Done materializing entityInstance : org.frcpm.models.TeamMember(959666428953200)#48
10:24:10.149 [main] DEBUG org.hibernate.orm.results.loading - Calling top-level assembler (0 / 1) : org.hibernate.sql.results.graph.entity.internal.EntityAssembler@5191f4f0
10:24:10.149 [main] DEBUG org.hibernate.orm.results - Extracted JDBC value [0] - [53]
10:24:10.149 [main] DEBUG org.hibernate.orm.results.loading.entity - (EntityResultInitializer) Hydrated EntityKey (org.frcpm.models.TeamMember(959666428953200)): 53
10:24:10.149 [main] DEBUG org.hibernate.orm.results.loading.org.hibernate.orm.results.loading.collection - (DelayedCollectionInitializer) Current row collection key : org.frcpm.models.TeamMember(959666428953200).assignedTasks#53
10:24:10.149 [main] DEBUG org.hibernate.orm.results.loading.org.hibernate.orm.results.loading.collection - (DelayedCollectionInitializer) Current row collection key : org.frcpm.models.TeamMember(959666428953200).attendances#53
10:24:10.149 [main] DEBUG org.hibernate.orm.results.loading.entity - (EntityResultInitializer) Created new entity instance [org.frcpm.models.TeamMember(959666428953200)#53] : 1012688086
10:24:10.149 [main] DEBUG org.hibernate.orm.results - Extracted JDBC value [7] - [null]
10:24:10.149 [main] DEBUG org.hibernate.orm.results - Extracted JDBC value [1] - [testcount@example.com]
10:24:10.149 [main] DEBUG org.hibernate.orm.results - Extracted JDBC value [2] - [Test]
10:24:10.149 [main] DEBUG org.hibernate.orm.results - Extracted JDBC value [3] - [Count]
10:24:10.150 [main] DEBUG org.hibernate.orm.results - Extracted JDBC value [4] - [false]
10:24:10.150 [main] DEBUG org.hibernate.orm.results - Extracted JDBC value [5] - [null]
10:24:10.150 [main] DEBUG org.hibernate.orm.results - Extracted JDBC value [6] - [null]
10:24:10.150 [main] DEBUG org.hibernate.orm.results - Extracted JDBC value [8] - [testcount]
10:24:10.150 [main] DEBUG org.hibernate.orm.results.loading.entity - (EntityResultInitializer) Done materializing entityInstance : org.frcpm.models.TeamMember(959666428953200)#53
10:24:10.150 [main] DEBUG org.hibernate.orm.results.loading - Calling top-level assembler (0 / 1) : org.hibernate.sql.results.graph.entity.internal.EntityAssembler@5191f4f0
10:24:10.150 [main] DEBUG org.hibernate.orm.results - Extracted JDBC value [0] - [56]
10:24:10.150 [main] DEBUG org.hibernate.orm.results.loading.entity - (EntityResultInitializer) Hydrated EntityKey (org.frcpm.models.TeamMember(959666428953200)): 56
10:24:10.150 [main] DEBUG org.hibernate.orm.results.loading.org.hibernate.orm.results.loading.collection - (DelayedCollectionInitializer) Current row collection key : org.frcpm.models.TeamMember(959666428953200).assignedTasks#56
10:24:10.150 [main] DEBUG org.hibernate.orm.results.loading.org.hibernate.orm.results.loading.collection - (DelayedCollectionInitializer) Current row collection key : org.frcpm.models.TeamMember(959666428953200).attendances#56
10:24:10.150 [main] DEBUG org.hibernate.orm.results.loading.entity - (EntityResultInitializer) Created new entity instance [org.frcpm.models.TeamMember(959666428953200)#56] : 667758892
10:24:10.150 [main] DEBUG org.hibernate.orm.results - Extracted JDBC value [7] - [null]
10:24:10.150 [main] DEBUG org.hibernate.orm.results - Extracted JDBC value [1] - [testsave@example.com]
10:24:10.150 [main] DEBUG org.hibernate.orm.results - Extracted JDBC value [2] - [Test]
10:24:10.150 [main] DEBUG org.hibernate.orm.results - Extracted JDBC value [3] - [Save]
10:24:10.150 [main] DEBUG org.hibernate.orm.results - Extracted JDBC value [4] - [false]
10:24:10.150 [main] DEBUG org.hibernate.orm.results - Extracted JDBC value [5] - [555-SAVE]
10:24:10.151 [main] DEBUG org.hibernate.orm.results - Extracted JDBC value [6] - [Testing]
10:24:10.151 [main] DEBUG org.hibernate.orm.results - Extracted JDBC value [8] - [testsave]
10:24:10.151 [main] DEBUG org.hibernate.orm.results.loading.entity - (EntityResultInitializer) Done materializing entityInstance : org.frcpm.models.TeamMember(959666428953200)#56
10:24:10.151 [main] DEBUG org.hibernate.orm.results.loading - Calling top-level assembler (0 / 1) : org.hibernate.sql.results.graph.entity.internal.EntityAssembler@5191f4f0
10:24:10.151 [main] DEBUG org.hibernate.orm.results - Extracted JDBC value [0] - [77]
10:24:10.151 [main] DEBUG org.hibernate.orm.results.loading.entity - (EntityResultInitializer) Hydrated EntityKey (org.frcpm.models.TeamMember(959666428953200)): 77
10:24:10.151 [main] DEBUG org.hibernate.orm.results.loading.org.hibernate.orm.results.loading.collection - (DelayedCollectionInitializer) Current row collection key : org.frcpm.models.TeamMember(959666428953200).assignedTasks#77
10:24:10.151 [main] DEBUG org.hibernate.orm.results.loading.org.hibernate.orm.results.loading.collection - (DelayedCollectionInitializer) Current row collection key : org.frcpm.models.TeamMember(959666428953200).attendances#77
10:24:10.151 [main] DEBUG org.hibernate.orm.results.loading.entity - (EntityResultInitializer) Created new entity instance [org.frcpm.models.TeamMember(959666428953200)#77] : 473513578
10:24:10.151 [main] DEBUG org.hibernate.orm.results - Extracted JDBC value [7] - [null]
10:24:10.151 [main] DEBUG org.hibernate.orm.results - Extracted JDBC value [1] - [testupdate@example.com]
10:24:10.151 [main] DEBUG org.hibernate.orm.results - Extracted JDBC value [2] - [Updated]
10:24:10.151 [main] DEBUG org.hibernate.orm.results - Extracted JDBC value [3] - [Update]
10:24:10.151 [main] DEBUG org.hibernate.orm.results - Extracted JDBC value [4] - [false]
10:24:10.151 [main] DEBUG org.hibernate.orm.results - Extracted JDBC value [5] - [null]
10:24:10.151 [main] DEBUG org.hibernate.orm.results - Extracted JDBC value [6] - [Updated Skills]
10:24:10.151 [main] DEBUG org.hibernate.orm.results - Extracted JDBC value [8] - [testupdate]
10:24:10.151 [main] DEBUG org.hibernate.orm.results.loading.entity - (EntityResultInitializer) Done materializing entityInstance : org.frcpm.models.TeamMember(959666428953200)#77
10:24:10.151 [main] DEBUG org.hibernate.orm.results.loading - Calling top-level assembler (0 / 1) : org.hibernate.sql.results.graph.entity.internal.EntityAssembler@5191f4f0
10:24:10.151 [main] DEBUG org.hibernate.orm.results - Extracted JDBC value [0] - [84]
10:24:10.151 [main] DEBUG org.hibernate.orm.results.loading.entity - (EntityResultInitializer) Hydrated EntityKey (org.frcpm.models.TeamMember(959666428953200)): 84
10:24:10.151 [main] DEBUG org.hibernate.orm.results.loading.org.hibernate.orm.results.loading.collection - (DelayedCollectionInitializer) Current row collection key : org.frcpm.models.TeamMember(959666428953200).assignedTasks#84
10:24:10.151 [main] DEBUG org.hibernate.orm.results.loading.org.hibernate.orm.results.loading.collection - (DelayedCollectionInitializer) Current row collection key : org.frcpm.models.TeamMember(959666428953200).attendances#84
10:24:10.151 [main] DEBUG org.hibernate.orm.results.loading.entity - (EntityResultInitializer) Created new entity instance [org.frcpm.models.TeamMember(959666428953200)#84] : 576721064
10:24:10.151 [main] DEBUG org.hibernate.orm.results - Extracted JDBC value [7] - [null]
10:24:10.151 [main] DEBUG org.hibernate.orm.results - Extracted JDBC value [1] - [attendance3@example.com]
10:24:10.151 [main] DEBUG org.hibernate.orm.results - Extracted JDBC value [2] - [Attendance]
10:24:10.151 [main] DEBUG org.hibernate.orm.results - Extracted JDBC value [3] - [Test3]
10:24:10.151 [main] DEBUG org.hibernate.orm.results - Extracted JDBC value [4] - [false]
10:24:10.151 [main] DEBUG org.hibernate.orm.results - Extracted JDBC value [5] - [555-9012]
10:24:10.151 [main] DEBUG org.hibernate.orm.results - Extracted JDBC value [6] - [null]
10:24:10.152 [main] DEBUG org.hibernate.orm.results - Extracted JDBC value [8] - [attendancetest3]
10:24:10.152 [main] DEBUG org.hibernate.orm.results.loading.entity - (EntityResultInitializer) Done materializing entityInstance : org.frcpm.models.TeamMember(959666428953200)#84
10:24:10.152 [main] DEBUG org.hibernate.orm.results.loading - Calling top-level assembler (0 / 1) : org.hibernate.sql.results.graph.entity.internal.EntityAssembler@5191f4f0
10:24:10.152 [main] DEBUG org.hibernate.resource.jdbc.internal.LogicalConnectionManagedImpl - Initiating JDBC connection release from afterTransaction
10:24:10.152 [main] DEBUG org.hibernate.resource.jdbc.internal.LogicalConnectionManagedImpl - Initiating JDBC connection release from afterTransaction
10:24:10.153 [main] DEBUG org.hibernate.orm.sql.ast.create - Created new SQL alias : s1_0
10:24:10.153 [main] DEBUG org.hibernate.orm.sql.ast.create - Registration of TableGroup [StandardTableGroup(org.frcpm.models.Subteam(959666438813600))] with identifierForTableGroup [org.frcpm.models.Subteam] for NavigablePath [org.frcpm.models.Subteam] 
10:24:10.153 [main] DEBUG org.hibernate.orm.results.graph.AST - DomainResult Graph:
 \-EntityResultImpl [org.frcpm.models.Subteam(959666438813600)]
 |  +-BasicFetch [org.frcpm.models.Subteam(959666438813600).colorCode]
 |  +-DelayedCollectionFetch [org.frcpm.models.Subteam(959666438813600).members]
 |  +-BasicFetch [org.frcpm.models.Subteam(959666438813600).name]
 |  +-BasicFetch [org.frcpm.models.Subteam(959666438813600).specialties]
 |  \-DelayedCollectionFetch [org.frcpm.models.Subteam(959666438813600).subsystems]

10:24:10.153 [main] DEBUG org.hibernate.orm.sql.ast.tree - SQL AST Tree:
    SelectStatement {
      FromClause {
        StandardTableGroup (s1 : org.frcpm.models.Subteam(959666438813600)) {
          primaryTableReference : subteams as s1_0
        }
      }
    }

10:24:10.153 [main] DEBUG org.hibernate.orm.sql.exec - Skipping reading Query result cache data: cache-enabled = false, cache-mode = NORMAL
10:24:10.154 [main] DEBUG org.hibernate.orm.results - Initializer list:
	  org.frcpm.models.Subteam(959666438813600).subsystems -> DelayedCollectionInitializer(org.frcpm.models.Subteam(959666438813600).subsystems)@164157410 (PluralAttribute(org.frcpm.models.Subteam.subsystems))
	  org.frcpm.models.Subteam(959666438813600) -> EntityResultInitializer(org.frcpm.models.Subteam(959666438813600))@198500322 (SingleTableEntityPersister(org.frcpm.models.Subteam))
	  org.frcpm.models.Subteam(959666438813600).members -> DelayedCollectionInitializer(org.frcpm.models.Subteam(959666438813600).members)@299709738 (PluralAttribute(org.frcpm.models.Subteam.members))

10:24:10.154 [main] DEBUG org.hibernate.SQL - select s1_0.id,s1_0.color_code,s1_0.name,s1_0.specialties from subteams s1_0
10:24:10.154 [main] DEBUG org.hibernate.orm.results - Extracted JDBC value [0] - [1]
10:24:10.154 [main] DEBUG org.hibernate.orm.results.loading.entity - (EntityResultInitializer) Hydrated EntityKey (org.frcpm.models.Subteam(959666438813600)): 1
10:24:10.154 [main] DEBUG org.hibernate.orm.results.loading.org.hibernate.orm.results.loading.collection - (DelayedCollectionInitializer) Current row collection key : org.frcpm.models.Subteam(959666438813600).members#1
10:24:10.154 [main] DEBUG org.hibernate.orm.results.loading.org.hibernate.orm.results.loading.collection - (DelayedCollectionInitializer) Current row collection key : org.frcpm.models.Subteam(959666438813600).subsystems#1
10:24:10.154 [main] DEBUG org.hibernate.orm.results.loading.entity - (EntityResultInitializer) Created new entity instance [org.frcpm.models.Subteam(959666438813600)#1] : 38068589
10:24:10.154 [main] DEBUG org.hibernate.orm.results - Extracted JDBC value [1] - [#FF5733]
10:24:10.154 [main] DEBUG org.hibernate.orm.results - Extracted JDBC value [2] - [Mechanical]
10:24:10.154 [main] DEBUG org.hibernate.orm.results - Extracted JDBC value [3] - [Design, CAD, Fabrication, Assembly]
10:24:10.154 [main] DEBUG org.hibernate.orm.results.loading.entity - (EntityResultInitializer) Done materializing entityInstance : org.frcpm.models.Subteam(959666438813600)#1
10:24:10.154 [main] DEBUG org.hibernate.orm.results.loading - Calling top-level assembler (0 / 1) : org.hibernate.sql.results.graph.entity.internal.EntityAssembler@709bc399
10:24:10.154 [main] DEBUG org.hibernate.orm.results - Extracted JDBC value [0] - [2]
10:24:10.154 [main] DEBUG org.hibernate.orm.results.loading.entity - (EntityResultInitializer) Hydrated EntityKey (org.frcpm.models.Subteam(959666438813600)): 2
10:24:10.154 [main] DEBUG org.hibernate.orm.results.loading.org.hibernate.orm.results.loading.collection - (DelayedCollectionInitializer) Current row collection key : org.frcpm.models.Subteam(959666438813600).members#2
10:24:10.154 [main] DEBUG org.hibernate.orm.results.loading.org.hibernate.orm.results.loading.collection - (DelayedCollectionInitializer) Current row collection key : org.frcpm.models.Subteam(959666438813600).subsystems#2
10:24:10.154 [main] DEBUG org.hibernate.orm.results.loading.entity - (EntityResultInitializer) Created new entity instance [org.frcpm.models.Subteam(959666438813600)#2] : 1433471854
10:24:10.154 [main] DEBUG org.hibernate.orm.results - Extracted JDBC value [1] - [#33A8FF]
10:24:10.154 [main] DEBUG org.hibernate.orm.results - Extracted JDBC value [2] - [Electrical]
10:24:10.154 [main] DEBUG org.hibernate.orm.results - Extracted JDBC value [3] - [Wiring, Electronics, Sensors, Power Systems]
10:24:10.154 [main] DEBUG org.hibernate.orm.results.loading.entity - (EntityResultInitializer) Done materializing entityInstance : org.frcpm.models.Subteam(959666438813600)#2
10:24:10.154 [main] DEBUG org.hibernate.orm.results.loading - Calling top-level assembler (0 / 1) : org.hibernate.sql.results.graph.entity.internal.EntityAssembler@709bc399
10:24:10.154 [main] DEBUG org.hibernate.orm.results - Extracted JDBC value [0] - [3]
10:24:10.154 [main] DEBUG org.hibernate.orm.results.loading.entity - (EntityResultInitializer) Hydrated EntityKey (org.frcpm.models.Subteam(959666438813600)): 3
10:24:10.154 [main] DEBUG org.hibernate.orm.results.loading.org.hibernate.orm.results.loading.collection - (DelayedCollectionInitializer) Current row collection key : org.frcpm.models.Subteam(959666438813600).members#3
10:24:10.154 [main] DEBUG org.hibernate.orm.results.loading.org.hibernate.orm.results.loading.collection - (DelayedCollectionInitializer) Current row collection key : org.frcpm.models.Subteam(959666438813600).subsystems#3
10:24:10.154 [main] DEBUG org.hibernate.orm.results.loading.entity - (EntityResultInitializer) Created new entity instance [org.frcpm.models.Subteam(959666438813600)#3] : 334812699
10:24:10.154 [main] DEBUG org.hibernate.orm.results - Extracted JDBC value [1] - [#33FF57]
10:24:10.154 [main] DEBUG org.hibernate.orm.results - Extracted JDBC value [2] - [Programming]
10:24:10.154 [main] DEBUG org.hibernate.orm.results - Extracted JDBC value [3] - [Java, Vision, Control Systems, Autonomous]
10:24:10.154 [main] DEBUG org.hibernate.orm.results.loading.entity - (EntityResultInitializer) Done materializing entityInstance : org.frcpm.models.Subteam(959666438813600)#3
10:24:10.154 [main] DEBUG org.hibernate.orm.results.loading - Calling top-level assembler (0 / 1) : org.hibernate.sql.results.graph.entity.internal.EntityAssembler@709bc399
10:24:10.154 [main] DEBUG org.hibernate.orm.results - Extracted JDBC value [0] - [4]
10:24:10.154 [main] DEBUG org.hibernate.orm.results.loading.entity - (EntityResultInitializer) Hydrated EntityKey (org.frcpm.models.Subteam(959666438813600)): 4
10:24:10.154 [main] DEBUG org.hibernate.orm.results.loading.org.hibernate.orm.results.loading.collection - (DelayedCollectionInitializer) Current row collection key : org.frcpm.models.Subteam(959666438813600).members#4
10:24:10.154 [main] DEBUG org.hibernate.orm.results.loading.org.hibernate.orm.results.loading.collection - (DelayedCollectionInitializer) Current row collection key : org.frcpm.models.Subteam(959666438813600).subsystems#4
10:24:10.154 [main] DEBUG org.hibernate.orm.results.loading.entity - (EntityResultInitializer) Created new entity instance [org.frcpm.models.Subteam(959666438813600)#4] : 1248074575
10:24:10.154 [main] DEBUG org.hibernate.orm.results - Extracted JDBC value [1] - [#FF33A8]
10:24:10.154 [main] DEBUG org.hibernate.orm.results - Extracted JDBC value [2] - [Business]
10:24:10.154 [main] DEBUG org.hibernate.orm.results - Extracted JDBC value [3] - [Fundraising, Marketing, Outreach, Awards]
10:24:10.154 [main] DEBUG org.hibernate.orm.results.loading.entity - (EntityResultInitializer) Done materializing entityInstance : org.frcpm.models.Subteam(959666438813600)#4
10:24:10.154 [main] DEBUG org.hibernate.orm.results.loading - Calling top-level assembler (0 / 1) : org.hibernate.sql.results.graph.entity.internal.EntityAssembler@709bc399
10:24:10.154 [main] DEBUG org.hibernate.orm.results - Extracted JDBC value [0] - [24]
10:24:10.154 [main] DEBUG org.hibernate.orm.results.loading.entity - (EntityResultInitializer) Hydrated EntityKey (org.frcpm.models.Subteam(959666438813600)): 24
10:24:10.154 [main] DEBUG org.hibernate.orm.results.loading.org.hibernate.orm.results.loading.collection - (DelayedCollectionInitializer) Current row collection key : org.frcpm.models.Subteam(959666438813600).members#24
10:24:10.155 [main] DEBUG org.hibernate.orm.results.loading.org.hibernate.orm.results.loading.collection - (DelayedCollectionInitializer) Current row collection key : org.frcpm.models.Subteam(959666438813600).subsystems#24
10:24:10.155 [main] DEBUG org.hibernate.orm.results.loading.entity - (EntityResultInitializer) Created new entity instance [org.frcpm.models.Subteam(959666438813600)#24] : 255984077
10:24:10.155 [main] DEBUG org.hibernate.orm.results - Extracted JDBC value [1] - [#0000FF]
10:24:10.155 [main] DEBUG org.hibernate.orm.results - Extracted JDBC value [2] - [Test Count Subteam]
10:24:10.155 [main] DEBUG org.hibernate.orm.results - Extracted JDBC value [3] - [null]
10:24:10.155 [main] DEBUG org.hibernate.orm.results.loading.entity - (EntityResultInitializer) Done materializing entityInstance : org.frcpm.models.Subteam(959666438813600)#24
10:24:10.155 [main] DEBUG org.hibernate.orm.results.loading - Calling top-level assembler (0 / 1) : org.hibernate.sql.results.graph.entity.internal.EntityAssembler@709bc399
10:24:10.155 [main] DEBUG org.hibernate.orm.results - Extracted JDBC value [0] - [27]
10:24:10.155 [main] DEBUG org.hibernate.orm.results.loading.entity - (EntityResultInitializer) Hydrated EntityKey (org.frcpm.models.Subteam(959666438813600)): 27
10:24:10.155 [main] DEBUG org.hibernate.orm.results.loading.org.hibernate.orm.results.loading.collection - (DelayedCollectionInitializer) Current row collection key : org.frcpm.models.Subteam(959666438813600).members#27
10:24:10.155 [main] DEBUG org.hibernate.orm.results.loading.org.hibernate.orm.results.loading.collection - (DelayedCollectionInitializer) Current row collection key : org.frcpm.models.Subteam(959666438813600).subsystems#27
10:24:10.155 [main] DEBUG org.hibernate.orm.results.loading.entity - (EntityResultInitializer) Created new entity instance [org.frcpm.models.Subteam(959666438813600)#27] : 1727734580
10:24:10.155 [main] DEBUG org.hibernate.orm.results - Extracted JDBC value [1] - [#0000FF]
10:24:10.155 [main] DEBUG org.hibernate.orm.results - Extracted JDBC value [2] - [Test Save Subteam]
10:24:10.155 [main] DEBUG org.hibernate.orm.results - Extracted JDBC value [3] - [Testing]
10:24:10.155 [main] DEBUG org.hibernate.orm.results.loading.entity - (EntityResultInitializer) Done materializing entityInstance : org.frcpm.models.Subteam(959666438813600)#27
10:24:10.155 [main] DEBUG org.hibernate.orm.results.loading - Calling top-level assembler (0 / 1) : org.hibernate.sql.results.graph.entity.internal.EntityAssembler@709bc399
10:24:10.155 [main] DEBUG org.hibernate.orm.results - Extracted JDBC value [0] - [42]
10:24:10.155 [main] DEBUG org.hibernate.orm.results.loading.entity - (EntityResultInitializer) Hydrated EntityKey (org.frcpm.models.Subteam(959666438813600)): 42
10:24:10.155 [main] DEBUG org.hibernate.orm.results.loading.org.hibernate.orm.results.loading.collection - (DelayedCollectionInitializer) Current row collection key : org.frcpm.models.Subteam(959666438813600).members#42
10:24:10.155 [main] DEBUG org.hibernate.orm.results.loading.org.hibernate.orm.results.loading.collection - (DelayedCollectionInitializer) Current row collection key : org.frcpm.models.Subteam(959666438813600).subsystems#42
10:24:10.155 [main] DEBUG org.hibernate.orm.results.loading.entity - (EntityResultInitializer) Created new entity instance [org.frcpm.models.Subteam(959666438813600)#42] : 695356327
10:24:10.155 [main] DEBUG org.hibernate.orm.results - Extracted JDBC value [1] - [#00FFFF]
10:24:10.155 [main] DEBUG org.hibernate.orm.results - Extracted JDBC value [2] - [Updated Subteam Name]
10:24:10.155 [main] DEBUG org.hibernate.orm.results - Extracted JDBC value [3] - [null]
10:24:10.155 [main] DEBUG org.hibernate.orm.results.loading.entity - (EntityResultInitializer) Done materializing entityInstance : org.frcpm.models.Subteam(959666438813600)#42
10:24:10.155 [main] DEBUG org.hibernate.orm.results.loading - Calling top-level assembler (0 / 1) : org.hibernate.sql.results.graph.entity.internal.EntityAssembler@709bc399
10:24:10.155 [main] DEBUG org.hibernate.orm.results - Extracted JDBC value [0] - [67]
10:24:10.155 [main] DEBUG org.hibernate.orm.results.loading.entity - (EntityResultInitializer) Hydrated EntityKey (org.frcpm.models.Subteam(959666438813600)): 67
10:24:10.155 [main] DEBUG org.hibernate.orm.results.loading.org.hibernate.orm.results.loading.collection - (DelayedCollectionInitializer) Current row collection key : org.frcpm.models.Subteam(959666438813600).members#67
10:24:10.155 [main] DEBUG org.hibernate.orm.results.loading.org.hibernate.orm.results.loading.collection - (DelayedCollectionInitializer) Current row collection key : org.frcpm.models.Subteam(959666438813600).subsystems#67
10:24:10.155 [main] DEBUG org.hibernate.orm.results.loading.entity - (EntityResultInitializer) Created new entity instance [org.frcpm.models.Subteam(959666438813600)#67] : 782179475
10:24:10.155 [main] DEBUG org.hibernate.orm.results - Extracted JDBC value [1] - [#0000FF]
10:24:10.155 [main] DEBUG org.hibernate.orm.results - Extracted JDBC value [2] - [Test Create Service Subteam]
10:24:10.155 [main] DEBUG org.hibernate.orm.results - Extracted JDBC value [3] - [Testing, Quality Assurance]
10:24:10.155 [main] DEBUG org.hibernate.orm.results.loading.entity - (EntityResultInitializer) Done materializing entityInstance : org.frcpm.models.Subteam(959666438813600)#67
10:24:10.155 [main] DEBUG org.hibernate.orm.results.loading - Calling top-level assembler (0 / 1) : org.hibernate.sql.results.graph.entity.internal.EntityAssembler@709bc399
10:24:10.155 [main] DEBUG org.hibernate.orm.results - Extracted JDBC value [0] - [70]
10:24:10.155 [main] DEBUG org.hibernate.orm.results.loading.entity - (EntityResultInitializer) Hydrated EntityKey (org.frcpm.models.Subteam(959666438813600)): 70
10:24:10.155 [main] DEBUG org.hibernate.orm.results.loading.org.hibernate.orm.results.loading.collection - (DelayedCollectionInitializer) Current row collection key : org.frcpm.models.Subteam(959666438813600).members#70
10:24:10.155 [main] DEBUG org.hibernate.orm.results.loading.org.hibernate.orm.results.loading.collection - (DelayedCollectionInitializer) Current row collection key : org.frcpm.models.Subteam(959666438813600).subsystems#70
10:24:10.155 [main] DEBUG org.hibernate.orm.results.loading.entity - (EntityResultInitializer) Created new entity instance [org.frcpm.models.Subteam(959666438813600)#70] : 884872785
10:24:10.155 [main] DEBUG org.hibernate.orm.results - Extracted JDBC value [1] - [#00FFFF]
10:24:10.155 [main] DEBUG org.hibernate.orm.results - Extracted JDBC value [2] - [Test Color Update Subteam]
10:24:10.155 [main] DEBUG org.hibernate.orm.results - Extracted JDBC value [3] - [Specialties]
10:24:10.155 [main] DEBUG org.hibernate.orm.results.loading.entity - (EntityResultInitializer) Done materializing entityInstance : org.frcpm.models.Subteam(959666438813600)#70
10:24:10.155 [main] DEBUG org.hibernate.orm.results.loading - Calling top-level assembler (0 / 1) : org.hibernate.sql.results.graph.entity.internal.EntityAssembler@709bc399
10:24:10.155 [main] DEBUG org.hibernate.orm.results - Extracted JDBC value [0] - [79]
10:24:10.155 [main] DEBUG org.hibernate.orm.results.loading.entity - (EntityResultInitializer) Hydrated EntityKey (org.frcpm.models.Subteam(959666438813600)): 79
10:24:10.155 [main] DEBUG org.hibernate.orm.results.loading.org.hibernate.orm.results.loading.collection - (DelayedCollectionInitializer) Current row collection key : org.frcpm.models.Subteam(959666438813600).members#79
10:24:10.155 [main] DEBUG org.hibernate.orm.results.loading.org.hibernate.orm.results.loading.collection - (DelayedCollectionInitializer) Current row collection key : org.frcpm.models.Subteam(959666438813600).subsystems#79
10:24:10.156 [main] DEBUG org.hibernate.orm.results.loading.entity - (EntityResultInitializer) Created new entity instance [org.frcpm.models.Subteam(959666438813600)#79] : 1095999207
10:24:10.156 [main] DEBUG org.hibernate.orm.results - Extracted JDBC value [1] - [#0000FF]
10:24:10.156 [main] DEBUG org.hibernate.orm.results - Extracted JDBC value [2] - [Test Update Subteam]
10:24:10.156 [main] DEBUG org.hibernate.orm.results - Extracted JDBC value [3] - [Updated Specialties]
10:24:10.156 [main] DEBUG org.hibernate.orm.results.loading.entity - (EntityResultInitializer) Done materializing entityInstance : org.frcpm.models.Subteam(959666438813600)#79
10:24:10.156 [main] DEBUG org.hibernate.orm.results.loading - Calling top-level assembler (0 / 1) : org.hibernate.sql.results.graph.entity.internal.EntityAssembler@709bc399
10:24:10.156 [main] DEBUG org.hibernate.orm.results - Extracted JDBC value [0] - [87]
10:24:10.156 [main] DEBUG org.hibernate.orm.results.loading.entity - (EntityResultInitializer) Hydrated EntityKey (org.frcpm.models.Subteam(959666438813600)): 87
10:24:10.156 [main] DEBUG org.hibernate.orm.results.loading.org.hibernate.orm.results.loading.collection - (DelayedCollectionInitializer) Current row collection key : org.frcpm.models.Subteam(959666438813600).members#87
10:24:10.156 [main] DEBUG org.hibernate.orm.results.loading.org.hibernate.orm.results.loading.collection - (DelayedCollectionInitializer) Current row collection key : org.frcpm.models.Subteam(959666438813600).subsystems#87
10:24:10.156 [main] DEBUG org.hibernate.orm.results.loading.entity - (EntityResultInitializer) Created new entity instance [org.frcpm.models.Subteam(959666438813600)#87] : 202065109
10:24:10.156 [main] DEBUG org.hibernate.orm.results - Extracted JDBC value [1] - [#0000FF]
10:24:10.156 [main] DEBUG org.hibernate.orm.results - Extracted JDBC value [2] - [Duplicate Name Subteam]
10:24:10.156 [main] DEBUG org.hibernate.orm.results - Extracted JDBC value [3] - [Specialties]
10:24:10.156 [main] DEBUG org.hibernate.orm.results.loading.entity - (EntityResultInitializer) Done materializing entityInstance : org.frcpm.models.Subteam(959666438813600)#87
10:24:10.156 [main] DEBUG org.hibernate.orm.results.loading - Calling top-level assembler (0 / 1) : org.hibernate.sql.results.graph.entity.internal.EntityAssembler@709bc399
10:24:10.156 [main] DEBUG org.hibernate.resource.jdbc.internal.LogicalConnectionManagedImpl - Initiating JDBC connection release from afterTransaction
10:24:10.156 [main] DEBUG org.hibernate.resource.jdbc.internal.LogicalConnectionManagedImpl - Initiating JDBC connection release from afterTransaction
]]></system-out>
  </testcase>
  <testcase name="testHandleDeleteMember_Confirmed" classname="org.frcpm.controllers.TeamControllerTest" time="0.022">
    <system-out><![CDATA[10:24:10.164 [main] DEBUG org.hibernate.orm.sql.ast.create - Created new SQL alias : tm1_0
10:24:10.164 [main] DEBUG org.hibernate.orm.sql.ast.create - Registration of TableGroup [StandardTableGroup(org.frcpm.models.TeamMember(959666449460000))] with identifierForTableGroup [org.frcpm.models.TeamMember] for NavigablePath [org.frcpm.models.TeamMember] 
10:24:10.165 [main] DEBUG org.hibernate.orm.sql.ast.create - Registration of TableGroup [org.hibernate.sql.ast.tree.from.LazyTableGroup@682b48e9] with identifierForTableGroup [org.frcpm.models.TeamMember.subteam] for NavigablePath [org.frcpm.models.TeamMember.subteam] 
10:24:10.165 [main] DEBUG org.hibernate.orm.results.graph.AST - DomainResult Graph:
 \-EntityResultImpl [org.frcpm.models.TeamMember(959666449460000)]
 |  +-DelayedCollectionFetch [org.frcpm.models.TeamMember(959666449460000).assignedTasks]
 |  +-DelayedCollectionFetch [org.frcpm.models.TeamMember(959666449460000).attendances]
 |  +-BasicFetch [org.frcpm.models.TeamMember(959666449460000).email]
 |  +-BasicFetch [org.frcpm.models.TeamMember(959666449460000).firstName]
 |  +-BasicFetch [org.frcpm.models.TeamMember(959666449460000).lastName]
 |  +-BasicFetch [org.frcpm.models.TeamMember(959666449460000).leader]
 |  +-BasicFetch [org.frcpm.models.TeamMember(959666449460000).phone]
 |  +-BasicFetch [org.frcpm.models.TeamMember(959666449460000).skills]
 |  +-CircularFetchImpl [org.frcpm.models.TeamMember(959666449460000).subteam]
 |  \-BasicFetch [org.frcpm.models.TeamMember(959666449460000).username]

10:24:10.165 [main] DEBUG org.hibernate.orm.sql.ast.tree - SQL AST Tree:
    SelectStatement {
      FromClause {
        StandardTableGroup (tm1 : org.frcpm.models.TeamMember(959666449460000)) {
          primaryTableReference : team_members as tm1_0
          TableGroupJoins {
            left  join LazyTableGroup (s1 : org.frcpm.models.TeamMember(959666449460000).subteam) {
            }
          }
        }
      }
    }

10:24:10.166 [main] DEBUG org.hibernate.orm.sql.exec - Skipping reading Query result cache data: cache-enabled = false, cache-mode = NORMAL
10:24:10.166 [main] DEBUG org.hibernate.orm.results - Initializer list:
	  org.frcpm.models.TeamMember(959666449460000).attendances -> DelayedCollectionInitializer(org.frcpm.models.TeamMember(959666449460000).attendances)@1796492248 (PluralAttribute(org.frcpm.models.TeamMember.attendances))
	  org.frcpm.models.TeamMember(959666449460000).subteam -> EntityDelayedFetchInitializer(org.frcpm.models.TeamMember(959666449460000).subteam)@1006356201 (ToOneAttributeMapping(NavigableRole[org.frcpm.models.TeamMember.subteam])@1143917207)
	  org.frcpm.models.TeamMember(959666449460000).assignedTasks -> DelayedCollectionInitializer(org.frcpm.models.TeamMember(959666449460000).assignedTasks)@431128533 (PluralAttribute(org.frcpm.models.TeamMember.assignedTasks))
	  org.frcpm.models.TeamMember(959666449460000) -> EntityResultInitializer(org.frcpm.models.TeamMember(959666449460000))@736890890 (SingleTableEntityPersister(org.frcpm.models.TeamMember))

10:24:10.166 [main] DEBUG org.hibernate.SQL - select tm1_0.id,tm1_0.email,tm1_0.first_name,tm1_0.last_name,tm1_0.is_leader,tm1_0.phone,tm1_0.skills,tm1_0.subteam_id,tm1_0.username from team_members tm1_0
10:24:10.166 [main] DEBUG org.hibernate.orm.results - Extracted JDBC value [0] - [1]
10:24:10.166 [main] DEBUG org.hibernate.orm.results.loading.entity - (EntityResultInitializer) Hydrated EntityKey (org.frcpm.models.TeamMember(959666449460000)): 1
10:24:10.166 [main] DEBUG org.hibernate.orm.results.loading.org.hibernate.orm.results.loading.collection - (DelayedCollectionInitializer) Current row collection key : org.frcpm.models.TeamMember(959666449460000).assignedTasks#1
10:24:10.166 [main] DEBUG org.hibernate.orm.results.loading.org.hibernate.orm.results.loading.collection - (DelayedCollectionInitializer) Current row collection key : org.frcpm.models.TeamMember(959666449460000).attendances#1
10:24:10.166 [main] DEBUG org.hibernate.orm.results.loading.entity - (EntityResultInitializer) Created new entity instance [org.frcpm.models.TeamMember(959666449460000)#1] : 226496996
10:24:10.167 [main] DEBUG org.hibernate.orm.results - Extracted JDBC value [7] - [3]
10:24:10.167 [main] DEBUG org.hibernate.orm.results - Extracted JDBC value [1] - [jsmith@example.com]
10:24:10.167 [main] DEBUG org.hibernate.orm.results - Extracted JDBC value [2] - [John]
10:24:10.167 [main] DEBUG org.hibernate.orm.results - Extracted JDBC value [3] - [Smith]
10:24:10.167 [main] DEBUG org.hibernate.orm.results - Extracted JDBC value [4] - [true]
10:24:10.167 [main] DEBUG org.hibernate.orm.results - Extracted JDBC value [5] - [555-1234]
10:24:10.167 [main] DEBUG org.hibernate.orm.results - Extracted JDBC value [6] - [Java, Python, Control Systems]
10:24:10.167 [main] DEBUG org.hibernate.orm.results - Extracted JDBC value [8] - [jsmith]
10:24:10.168 [main] DEBUG org.hibernate.orm.results.loading.entity - (EntityResultInitializer) Done materializing entityInstance : org.frcpm.models.TeamMember(959666449460000)#1
10:24:10.168 [main] DEBUG org.hibernate.orm.results.loading - Calling top-level assembler (0 / 1) : org.hibernate.sql.results.graph.entity.internal.EntityAssembler@69d0e9b0
10:24:10.168 [main] DEBUG org.hibernate.orm.results - Extracted JDBC value [0] - [2]
10:24:10.168 [main] DEBUG org.hibernate.orm.results.loading.entity - (EntityResultInitializer) Hydrated EntityKey (org.frcpm.models.TeamMember(959666449460000)): 2
10:24:10.168 [main] DEBUG org.hibernate.orm.results.loading.org.hibernate.orm.results.loading.collection - (DelayedCollectionInitializer) Current row collection key : org.frcpm.models.TeamMember(959666449460000).assignedTasks#2
10:24:10.168 [main] DEBUG org.hibernate.orm.results.loading.org.hibernate.orm.results.loading.collection - (DelayedCollectionInitializer) Current row collection key : org.frcpm.models.TeamMember(959666449460000).attendances#2
10:24:10.168 [main] DEBUG org.hibernate.orm.results.loading.entity - (EntityResultInitializer) Created new entity instance [org.frcpm.models.TeamMember(959666449460000)#2] : 1683151455
10:24:10.169 [main] DEBUG org.hibernate.orm.results - Extracted JDBC value [7] - [1]
10:24:10.169 [main] DEBUG org.hibernate.orm.results - Extracted JDBC value [1] - [agarcia@example.com]
10:24:10.169 [main] DEBUG org.hibernate.orm.results - Extracted JDBC value [2] - [Ana]
10:24:10.169 [main] DEBUG org.hibernate.orm.results - Extracted JDBC value [3] - [Garcia]
10:24:10.169 [main] DEBUG org.hibernate.orm.results - Extracted JDBC value [4] - [true]
10:24:10.169 [main] DEBUG org.hibernate.orm.results - Extracted JDBC value [5] - [555-5678]
10:24:10.169 [main] DEBUG org.hibernate.orm.results - Extracted JDBC value [6] - [CAD, Design, Machining]
10:24:10.169 [main] DEBUG org.hibernate.orm.results - Extracted JDBC value [8] - [agarcia]
10:24:10.169 [main] DEBUG org.hibernate.orm.results.loading.entity - (EntityResultInitializer) Done materializing entityInstance : org.frcpm.models.TeamMember(959666449460000)#2
10:24:10.169 [main] DEBUG org.hibernate.orm.results.loading - Calling top-level assembler (0 / 1) : org.hibernate.sql.results.graph.entity.internal.EntityAssembler@69d0e9b0
10:24:10.169 [main] DEBUG org.hibernate.orm.results - Extracted JDBC value [0] - [3]
10:24:10.169 [main] DEBUG org.hibernate.orm.results.loading.entity - (EntityResultInitializer) Hydrated EntityKey (org.frcpm.models.TeamMember(959666449460000)): 3
10:24:10.169 [main] DEBUG org.hibernate.orm.results.loading.org.hibernate.orm.results.loading.collection - (DelayedCollectionInitializer) Current row collection key : org.frcpm.models.TeamMember(959666449460000).assignedTasks#3
10:24:10.169 [main] DEBUG org.hibernate.orm.results.loading.org.hibernate.orm.results.loading.collection - (DelayedCollectionInitializer) Current row collection key : org.frcpm.models.TeamMember(959666449460000).attendances#3
10:24:10.169 [main] DEBUG org.hibernate.orm.results.loading.entity - (EntityResultInitializer) Created new entity instance [org.frcpm.models.TeamMember(959666449460000)#3] : 124677188
10:24:10.169 [main] DEBUG org.hibernate.orm.results - Extracted JDBC value [7] - [2]
10:24:10.169 [main] DEBUG org.hibernate.orm.results - Extracted JDBC value [1] - [twong@example.com]
10:24:10.169 [main] DEBUG org.hibernate.orm.results - Extracted JDBC value [2] - [Tyler]
10:24:10.169 [main] DEBUG org.hibernate.orm.results - Extracted JDBC value [3] - [Wong]
10:24:10.169 [main] DEBUG org.hibernate.orm.results - Extracted JDBC value [4] - [true]
10:24:10.169 [main] DEBUG org.hibernate.orm.results - Extracted JDBC value [5] - [555-9012]
10:24:10.169 [main] DEBUG org.hibernate.orm.results - Extracted JDBC value [6] - [Electronics, Wiring, Soldering]
10:24:10.169 [main] DEBUG org.hibernate.orm.results - Extracted JDBC value [8] - [twong]
10:24:10.169 [main] DEBUG org.hibernate.orm.results.loading.entity - (EntityResultInitializer) Done materializing entityInstance : org.frcpm.models.TeamMember(959666449460000)#3
10:24:10.169 [main] DEBUG org.hibernate.orm.results.loading - Calling top-level assembler (0 / 1) : org.hibernate.sql.results.graph.entity.internal.EntityAssembler@69d0e9b0
10:24:10.169 [main] DEBUG org.hibernate.orm.results - Extracted JDBC value [0] - [4]
10:24:10.169 [main] DEBUG org.hibernate.orm.results.loading.entity - (EntityResultInitializer) Hydrated EntityKey (org.frcpm.models.TeamMember(959666449460000)): 4
10:24:10.169 [main] DEBUG org.hibernate.orm.results.loading.org.hibernate.orm.results.loading.collection - (DelayedCollectionInitializer) Current row collection key : org.frcpm.models.TeamMember(959666449460000).assignedTasks#4
10:24:10.169 [main] DEBUG org.hibernate.orm.results.loading.org.hibernate.orm.results.loading.collection - (DelayedCollectionInitializer) Current row collection key : org.frcpm.models.TeamMember(959666449460000).attendances#4
10:24:10.169 [main] DEBUG org.hibernate.orm.results.loading.entity - (EntityResultInitializer) Created new entity instance [org.frcpm.models.TeamMember(959666449460000)#4] : 1030120916
10:24:10.169 [main] DEBUG org.hibernate.orm.results - Extracted JDBC value [7] - [4]
10:24:10.169 [main] DEBUG org.hibernate.orm.results - Extracted JDBC value [1] - [lchen@example.com]
10:24:10.169 [main] DEBUG org.hibernate.orm.results - Extracted JDBC value [2] - [Lisa]
10:24:10.169 [main] DEBUG org.hibernate.orm.results - Extracted JDBC value [3] - [Chen]
10:24:10.169 [main] DEBUG org.hibernate.orm.results - Extracted JDBC value [4] - [true]
10:24:10.169 [main] DEBUG org.hibernate.orm.results - Extracted JDBC value [5] - [555-3456]
10:24:10.169 [main] DEBUG org.hibernate.orm.results - Extracted JDBC value [6] - [Marketing, Social Media, Presentations]
10:24:10.169 [main] DEBUG org.hibernate.orm.results - Extracted JDBC value [8] - [lchen]
10:24:10.169 [main] DEBUG org.hibernate.orm.results.loading.entity - (EntityResultInitializer) Done materializing entityInstance : org.frcpm.models.TeamMember(959666449460000)#4
10:24:10.169 [main] DEBUG org.hibernate.orm.results.loading - Calling top-level assembler (0 / 1) : org.hibernate.sql.results.graph.entity.internal.EntityAssembler@69d0e9b0
10:24:10.169 [main] DEBUG org.hibernate.orm.results - Extracted JDBC value [0] - [5]
10:24:10.169 [main] DEBUG org.hibernate.orm.results.loading.entity - (EntityResultInitializer) Hydrated EntityKey (org.frcpm.models.TeamMember(959666449460000)): 5
10:24:10.169 [main] DEBUG org.hibernate.orm.results.loading.org.hibernate.orm.results.loading.collection - (DelayedCollectionInitializer) Current row collection key : org.frcpm.models.TeamMember(959666449460000).assignedTasks#5
10:24:10.169 [main] DEBUG org.hibernate.orm.results.loading.org.hibernate.orm.results.loading.collection - (DelayedCollectionInitializer) Current row collection key : org.frcpm.models.TeamMember(959666449460000).attendances#5
10:24:10.169 [main] DEBUG org.hibernate.orm.results.loading.entity - (EntityResultInitializer) Created new entity instance [org.frcpm.models.TeamMember(959666449460000)#5] : 2074955839
10:24:10.169 [main] DEBUG org.hibernate.orm.results - Extracted JDBC value [7] - [1]
10:24:10.169 [main] DEBUG org.hibernate.orm.results - Extracted JDBC value [1] - [mjohnson@example.com]
10:24:10.169 [main] DEBUG org.hibernate.orm.results - Extracted JDBC value [2] - [Mike]
10:24:10.169 [main] DEBUG org.hibernate.orm.results - Extracted JDBC value [3] - [Johnson]
10:24:10.169 [main] DEBUG org.hibernate.orm.results - Extracted JDBC value [4] - [false]
10:24:10.169 [main] DEBUG org.hibernate.orm.results - Extracted JDBC value [5] - [555-7890]
10:24:10.169 [main] DEBUG org.hibernate.orm.results - Extracted JDBC value [6] - [CAD, 3D Printing, Prototyping]
10:24:10.169 [main] DEBUG org.hibernate.orm.results - Extracted JDBC value [8] - [mjohnson]
10:24:10.169 [main] DEBUG org.hibernate.orm.results.loading.entity - (EntityResultInitializer) Done materializing entityInstance : org.frcpm.models.TeamMember(959666449460000)#5
10:24:10.169 [main] DEBUG org.hibernate.orm.results.loading - Calling top-level assembler (0 / 1) : org.hibernate.sql.results.graph.entity.internal.EntityAssembler@69d0e9b0
10:24:10.169 [main] DEBUG org.hibernate.orm.results - Extracted JDBC value [0] - [6]
10:24:10.169 [main] DEBUG org.hibernate.orm.results.loading.entity - (EntityResultInitializer) Hydrated EntityKey (org.frcpm.models.TeamMember(959666449460000)): 6
10:24:10.169 [main] DEBUG org.hibernate.orm.results.loading.org.hibernate.orm.results.loading.collection - (DelayedCollectionInitializer) Current row collection key : org.frcpm.models.TeamMember(959666449460000).assignedTasks#6
10:24:10.169 [main] DEBUG org.hibernate.orm.results.loading.org.hibernate.orm.results.loading.collection - (DelayedCollectionInitializer) Current row collection key : org.frcpm.models.TeamMember(959666449460000).attendances#6
10:24:10.169 [main] DEBUG org.hibernate.orm.results.loading.entity - (EntityResultInitializer) Created new entity instance [org.frcpm.models.TeamMember(959666449460000)#6] : 715232657
10:24:10.169 [main] DEBUG org.hibernate.orm.results - Extracted JDBC value [7] - [3]
10:24:10.169 [main] DEBUG org.hibernate.orm.results - Extracted JDBC value [1] - [sdavis@example.com]
10:24:10.169 [main] DEBUG org.hibernate.orm.results - Extracted JDBC value [2] - [Sarah]
10:24:10.169 [main] DEBUG org.hibernate.orm.results - Extracted JDBC value [3] - [Davis]
10:24:10.169 [main] DEBUG org.hibernate.orm.results - Extracted JDBC value [4] - [false]
10:24:10.169 [main] DEBUG org.hibernate.orm.results - Extracted JDBC value [5] - [555-2345]
10:24:10.169 [main] DEBUG org.hibernate.orm.results - Extracted JDBC value [6] - [Computer Vision, Machine Learning]
10:24:10.169 [main] DEBUG org.hibernate.orm.results - Extracted JDBC value [8] - [sdavis]
10:24:10.170 [main] DEBUG org.hibernate.orm.results.loading.entity - (EntityResultInitializer) Done materializing entityInstance : org.frcpm.models.TeamMember(959666449460000)#6
10:24:10.170 [main] DEBUG org.hibernate.orm.results.loading - Calling top-level assembler (0 / 1) : org.hibernate.sql.results.graph.entity.internal.EntityAssembler@69d0e9b0
10:24:10.170 [main] DEBUG org.hibernate.orm.results - Extracted JDBC value [0] - [36]
10:24:10.170 [main] DEBUG org.hibernate.orm.results.loading.entity - (EntityResultInitializer) Hydrated EntityKey (org.frcpm.models.TeamMember(959666449460000)): 36
10:24:10.170 [main] DEBUG org.hibernate.orm.results.loading.org.hibernate.orm.results.loading.collection - (DelayedCollectionInitializer) Current row collection key : org.frcpm.models.TeamMember(959666449460000).assignedTasks#36
10:24:10.170 [main] DEBUG org.hibernate.orm.results.loading.org.hibernate.orm.results.loading.collection - (DelayedCollectionInitializer) Current row collection key : org.frcpm.models.TeamMember(959666449460000).attendances#36
10:24:10.170 [main] DEBUG org.hibernate.orm.results.loading.entity - (EntityResultInitializer) Created new entity instance [org.frcpm.models.TeamMember(959666449460000)#36] : 775386766
10:24:10.170 [main] DEBUG org.hibernate.orm.results - Extracted JDBC value [7] - [null]
10:24:10.170 [main] DEBUG org.hibernate.orm.results - Extracted JDBC value [1] - [tasktest@example.com]
10:24:10.170 [main] DEBUG org.hibernate.orm.results - Extracted JDBC value [2] - [Task]
10:24:10.170 [main] DEBUG org.hibernate.orm.results - Extracted JDBC value [3] - [Test]
10:24:10.170 [main] DEBUG org.hibernate.orm.results - Extracted JDBC value [4] - [false]
10:24:10.170 [main] DEBUG org.hibernate.orm.results - Extracted JDBC value [5] - [null]
10:24:10.170 [main] DEBUG org.hibernate.orm.results - Extracted JDBC value [6] - [null]
10:24:10.170 [main] DEBUG org.hibernate.orm.results - Extracted JDBC value [8] - [tasktestuser_1745594395337]
10:24:10.170 [main] DEBUG org.hibernate.orm.results.loading.entity - (EntityResultInitializer) Done materializing entityInstance : org.frcpm.models.TeamMember(959666449460000)#36
10:24:10.170 [main] DEBUG org.hibernate.orm.results.loading - Calling top-level assembler (0 / 1) : org.hibernate.sql.results.graph.entity.internal.EntityAssembler@69d0e9b0
10:24:10.170 [main] DEBUG org.hibernate.orm.results - Extracted JDBC value [0] - [37]
10:24:10.170 [main] DEBUG org.hibernate.orm.results.loading.entity - (EntityResultInitializer) Hydrated EntityKey (org.frcpm.models.TeamMember(959666449460000)): 37
10:24:10.170 [main] DEBUG org.hibernate.orm.results.loading.org.hibernate.orm.results.loading.collection - (DelayedCollectionInitializer) Current row collection key : org.frcpm.models.TeamMember(959666449460000).assignedTasks#37
10:24:10.170 [main] DEBUG org.hibernate.orm.results.loading.org.hibernate.orm.results.loading.collection - (DelayedCollectionInitializer) Current row collection key : org.frcpm.models.TeamMember(959666449460000).attendances#37
10:24:10.170 [main] DEBUG org.hibernate.orm.results.loading.entity - (EntityResultInitializer) Created new entity instance [org.frcpm.models.TeamMember(959666449460000)#37] : 811069438
10:24:10.170 [main] DEBUG org.hibernate.orm.results - Extracted JDBC value [7] - [null]
10:24:10.170 [main] DEBUG org.hibernate.orm.results - Extracted JDBC value [1] - [tasktest@example.com]
10:24:10.170 [main] DEBUG org.hibernate.orm.results - Extracted JDBC value [2] - [Task]
10:24:10.170 [main] DEBUG org.hibernate.orm.results - Extracted JDBC value [3] - [Test]
10:24:10.170 [main] DEBUG org.hibernate.orm.results - Extracted JDBC value [4] - [false]
10:24:10.170 [main] DEBUG org.hibernate.orm.results - Extracted JDBC value [5] - [null]
10:24:10.170 [main] DEBUG org.hibernate.orm.results - Extracted JDBC value [6] - [null]
10:24:10.170 [main] DEBUG org.hibernate.orm.results - Extracted JDBC value [8] - [tasktestuser_1745594395698]
10:24:10.170 [main] DEBUG org.hibernate.orm.results.loading.entity - (EntityResultInitializer) Done materializing entityInstance : org.frcpm.models.TeamMember(959666449460000)#37
10:24:10.170 [main] DEBUG org.hibernate.orm.results.loading - Calling top-level assembler (0 / 1) : org.hibernate.sql.results.graph.entity.internal.EntityAssembler@69d0e9b0
10:24:10.170 [main] DEBUG org.hibernate.orm.results - Extracted JDBC value [0] - [38]
10:24:10.170 [main] DEBUG org.hibernate.orm.results.loading.entity - (EntityResultInitializer) Hydrated EntityKey (org.frcpm.models.TeamMember(959666449460000)): 38
10:24:10.170 [main] DEBUG org.hibernate.orm.results.loading.org.hibernate.orm.results.loading.collection - (DelayedCollectionInitializer) Current row collection key : org.frcpm.models.TeamMember(959666449460000).assignedTasks#38
10:24:10.170 [main] DEBUG org.hibernate.orm.results.loading.org.hibernate.orm.results.loading.collection - (DelayedCollectionInitializer) Current row collection key : org.frcpm.models.TeamMember(959666449460000).attendances#38
10:24:10.170 [main] DEBUG org.hibernate.orm.results.loading.entity - (EntityResultInitializer) Created new entity instance [org.frcpm.models.TeamMember(959666449460000)#38] : 1401702855
10:24:10.170 [main] DEBUG org.hibernate.orm.results - Extracted JDBC value [7] - [null]
10:24:10.170 [main] DEBUG org.hibernate.orm.results - Extracted JDBC value [1] - [tasktest@example.com]
10:24:10.170 [main] DEBUG org.hibernate.orm.results - Extracted JDBC value [2] - [Task]
10:24:10.170 [main] DEBUG org.hibernate.orm.results - Extracted JDBC value [3] - [Test]
10:24:10.170 [main] DEBUG org.hibernate.orm.results - Extracted JDBC value [4] - [false]
10:24:10.170 [main] DEBUG org.hibernate.orm.results - Extracted JDBC value [5] - [null]
10:24:10.170 [main] DEBUG org.hibernate.orm.results - Extracted JDBC value [6] - [null]
10:24:10.170 [main] DEBUG org.hibernate.orm.results - Extracted JDBC value [8] - [tasktestuser_1745594396071]
10:24:10.170 [main] DEBUG org.hibernate.orm.results.loading.entity - (EntityResultInitializer) Done materializing entityInstance : org.frcpm.models.TeamMember(959666449460000)#38
10:24:10.170 [main] DEBUG org.hibernate.orm.results.loading - Calling top-level assembler (0 / 1) : org.hibernate.sql.results.graph.entity.internal.EntityAssembler@69d0e9b0
10:24:10.170 [main] DEBUG org.hibernate.orm.results - Extracted JDBC value [0] - [39]
10:24:10.170 [main] DEBUG org.hibernate.orm.results.loading.entity - (EntityResultInitializer) Hydrated EntityKey (org.frcpm.models.TeamMember(959666449460000)): 39
10:24:10.170 [main] DEBUG org.hibernate.orm.results.loading.org.hibernate.orm.results.loading.collection - (DelayedCollectionInitializer) Current row collection key : org.frcpm.models.TeamMember(959666449460000).assignedTasks#39
10:24:10.170 [main] DEBUG org.hibernate.orm.results.loading.org.hibernate.orm.results.loading.collection - (DelayedCollectionInitializer) Current row collection key : org.frcpm.models.TeamMember(959666449460000).attendances#39
10:24:10.170 [main] DEBUG org.hibernate.orm.results.loading.entity - (EntityResultInitializer) Created new entity instance [org.frcpm.models.TeamMember(959666449460000)#39] : 2110430356
10:24:10.170 [main] DEBUG org.hibernate.orm.results - Extracted JDBC value [7] - [null]
10:24:10.170 [main] DEBUG org.hibernate.orm.results - Extracted JDBC value [1] - [tasktest@example.com]
10:24:10.170 [main] DEBUG org.hibernate.orm.results - Extracted JDBC value [2] - [Task]
10:24:10.170 [main] DEBUG org.hibernate.orm.results - Extracted JDBC value [3] - [Test]
10:24:10.170 [main] DEBUG org.hibernate.orm.results - Extracted JDBC value [4] - [false]
10:24:10.170 [main] DEBUG org.hibernate.orm.results - Extracted JDBC value [5] - [null]
10:24:10.170 [main] DEBUG org.hibernate.orm.results - Extracted JDBC value [6] - [null]
10:24:10.170 [main] DEBUG org.hibernate.orm.results - Extracted JDBC value [8] - [tasktestuser_1745594396416]
10:24:10.170 [main] DEBUG org.hibernate.orm.results.loading.entity - (EntityResultInitializer) Done materializing entityInstance : org.frcpm.models.TeamMember(959666449460000)#39
10:24:10.170 [main] DEBUG org.hibernate.orm.results.loading - Calling top-level assembler (0 / 1) : org.hibernate.sql.results.graph.entity.internal.EntityAssembler@69d0e9b0
10:24:10.170 [main] DEBUG org.hibernate.orm.results - Extracted JDBC value [0] - [40]
10:24:10.170 [main] DEBUG org.hibernate.orm.results.loading.entity - (EntityResultInitializer) Hydrated EntityKey (org.frcpm.models.TeamMember(959666449460000)): 40
10:24:10.170 [main] DEBUG org.hibernate.orm.results.loading.org.hibernate.orm.results.loading.collection - (DelayedCollectionInitializer) Current row collection key : org.frcpm.models.TeamMember(959666449460000).assignedTasks#40
10:24:10.170 [main] DEBUG org.hibernate.orm.results.loading.org.hibernate.orm.results.loading.collection - (DelayedCollectionInitializer) Current row collection key : org.frcpm.models.TeamMember(959666449460000).attendances#40
10:24:10.170 [main] DEBUG org.hibernate.orm.results.loading.entity - (EntityResultInitializer) Created new entity instance [org.frcpm.models.TeamMember(959666449460000)#40] : 55646850
10:24:10.170 [main] DEBUG org.hibernate.orm.results - Extracted JDBC value [7] - [null]
10:24:10.170 [main] DEBUG org.hibernate.orm.results - Extracted JDBC value [1] - [tasktest@example.com]
10:24:10.170 [main] DEBUG org.hibernate.orm.results - Extracted JDBC value [2] - [Task]
10:24:10.170 [main] DEBUG org.hibernate.orm.results - Extracted JDBC value [3] - [Test]
10:24:10.170 [main] DEBUG org.hibernate.orm.results - Extracted JDBC value [4] - [false]
10:24:10.170 [main] DEBUG org.hibernate.orm.results - Extracted JDBC value [5] - [null]
10:24:10.170 [main] DEBUG org.hibernate.orm.results - Extracted JDBC value [6] - [null]
10:24:10.170 [main] DEBUG org.hibernate.orm.results - Extracted JDBC value [8] - [tasktestuser_1745594396762]
10:24:10.170 [main] DEBUG org.hibernate.orm.results.loading.entity - (EntityResultInitializer) Done materializing entityInstance : org.frcpm.models.TeamMember(959666449460000)#40
10:24:10.170 [main] DEBUG org.hibernate.orm.results.loading - Calling top-level assembler (0 / 1) : org.hibernate.sql.results.graph.entity.internal.EntityAssembler@69d0e9b0
10:24:10.170 [main] DEBUG org.hibernate.orm.results - Extracted JDBC value [0] - [41]
10:24:10.170 [main] DEBUG org.hibernate.orm.results.loading.entity - (EntityResultInitializer) Hydrated EntityKey (org.frcpm.models.TeamMember(959666449460000)): 41
10:24:10.170 [main] DEBUG org.hibernate.orm.results.loading.org.hibernate.orm.results.loading.collection - (DelayedCollectionInitializer) Current row collection key : org.frcpm.models.TeamMember(959666449460000).assignedTasks#41
10:24:10.170 [main] DEBUG org.hibernate.orm.results.loading.org.hibernate.orm.results.loading.collection - (DelayedCollectionInitializer) Current row collection key : org.frcpm.models.TeamMember(959666449460000).attendances#41
10:24:10.170 [main] DEBUG org.hibernate.orm.results.loading.entity - (EntityResultInitializer) Created new entity instance [org.frcpm.models.TeamMember(959666449460000)#41] : 1607326279
10:24:10.170 [main] DEBUG org.hibernate.orm.results - Extracted JDBC value [7] - [null]
10:24:10.170 [main] DEBUG org.hibernate.orm.results - Extracted JDBC value [1] - [tasktest@example.com]
10:24:10.170 [main] DEBUG org.hibernate.orm.results - Extracted JDBC value [2] - [Task]
10:24:10.170 [main] DEBUG org.hibernate.orm.results - Extracted JDBC value [3] - [Test]
10:24:10.170 [main] DEBUG org.hibernate.orm.results - Extracted JDBC value [4] - [false]
10:24:10.170 [main] DEBUG org.hibernate.orm.results - Extracted JDBC value [5] - [null]
10:24:10.170 [main] DEBUG org.hibernate.orm.results - Extracted JDBC value [6] - [null]
10:24:10.170 [main] DEBUG org.hibernate.orm.results - Extracted JDBC value [8] - [tasktestuser_1745594397140]
10:24:10.170 [main] DEBUG org.hibernate.orm.results.loading.entity - (EntityResultInitializer) Done materializing entityInstance : org.frcpm.models.TeamMember(959666449460000)#41
10:24:10.170 [main] DEBUG org.hibernate.orm.results.loading - Calling top-level assembler (0 / 1) : org.hibernate.sql.results.graph.entity.internal.EntityAssembler@69d0e9b0
10:24:10.170 [main] DEBUG org.hibernate.orm.results - Extracted JDBC value [0] - [42]
10:24:10.170 [main] DEBUG org.hibernate.orm.results.loading.entity - (EntityResultInitializer) Hydrated EntityKey (org.frcpm.models.TeamMember(959666449460000)): 42
10:24:10.170 [main] DEBUG org.hibernate.orm.results.loading.org.hibernate.orm.results.loading.collection - (DelayedCollectionInitializer) Current row collection key : org.frcpm.models.TeamMember(959666449460000).assignedTasks#42
10:24:10.170 [main] DEBUG org.hibernate.orm.results.loading.org.hibernate.orm.results.loading.collection - (DelayedCollectionInitializer) Current row collection key : org.frcpm.models.TeamMember(959666449460000).attendances#42
10:24:10.170 [main] DEBUG org.hibernate.orm.results.loading.entity - (EntityResultInitializer) Created new entity instance [org.frcpm.models.TeamMember(959666449460000)#42] : 331185238
10:24:10.170 [main] DEBUG org.hibernate.orm.results - Extracted JDBC value [7] - [null]
10:24:10.170 [main] DEBUG org.hibernate.orm.results - Extracted JDBC value [1] - [tasktest@example.com]
10:24:10.170 [main] DEBUG org.hibernate.orm.results - Extracted JDBC value [2] - [Task]
10:24:10.170 [main] DEBUG org.hibernate.orm.results - Extracted JDBC value [3] - [Test]
10:24:10.170 [main] DEBUG org.hibernate.orm.results - Extracted JDBC value [4] - [false]
10:24:10.170 [main] DEBUG org.hibernate.orm.results - Extracted JDBC value [5] - [null]
10:24:10.170 [main] DEBUG org.hibernate.orm.results - Extracted JDBC value [6] - [null]
10:24:10.170 [main] DEBUG org.hibernate.orm.results - Extracted JDBC value [8] - [tasktestuser_1745594397563]
10:24:10.170 [main] DEBUG org.hibernate.orm.results.loading.entity - (EntityResultInitializer) Done materializing entityInstance : org.frcpm.models.TeamMember(959666449460000)#42
10:24:10.170 [main] DEBUG org.hibernate.orm.results.loading - Calling top-level assembler (0 / 1) : org.hibernate.sql.results.graph.entity.internal.EntityAssembler@69d0e9b0
10:24:10.170 [main] DEBUG org.hibernate.orm.results - Extracted JDBC value [0] - [43]
10:24:10.170 [main] DEBUG org.hibernate.orm.results.loading.entity - (EntityResultInitializer) Hydrated EntityKey (org.frcpm.models.TeamMember(959666449460000)): 43
10:24:10.170 [main] DEBUG org.hibernate.orm.results.loading.org.hibernate.orm.results.loading.collection - (DelayedCollectionInitializer) Current row collection key : org.frcpm.models.TeamMember(959666449460000).assignedTasks#43
10:24:10.170 [main] DEBUG org.hibernate.orm.results.loading.org.hibernate.orm.results.loading.collection - (DelayedCollectionInitializer) Current row collection key : org.frcpm.models.TeamMember(959666449460000).attendances#43
10:24:10.170 [main] DEBUG org.hibernate.orm.results.loading.entity - (EntityResultInitializer) Created new entity instance [org.frcpm.models.TeamMember(959666449460000)#43] : 1279599757
10:24:10.170 [main] DEBUG org.hibernate.orm.results - Extracted JDBC value [7] - [null]
10:24:10.170 [main] DEBUG org.hibernate.orm.results - Extracted JDBC value [1] - [tasktest@example.com]
10:24:10.170 [main] DEBUG org.hibernate.orm.results - Extracted JDBC value [2] - [Task]
10:24:10.170 [main] DEBUG org.hibernate.orm.results - Extracted JDBC value [3] - [Test]
10:24:10.170 [main] DEBUG org.hibernate.orm.results - Extracted JDBC value [4] - [false]
10:24:10.170 [main] DEBUG org.hibernate.orm.results - Extracted JDBC value [5] - [null]
10:24:10.170 [main] DEBUG org.hibernate.orm.results - Extracted JDBC value [6] - [null]
10:24:10.170 [main] DEBUG org.hibernate.orm.results - Extracted JDBC value [8] - [tasktestuser_1745594397906]
10:24:10.170 [main] DEBUG org.hibernate.orm.results.loading.entity - (EntityResultInitializer) Done materializing entityInstance : org.frcpm.models.TeamMember(959666449460000)#43
10:24:10.170 [main] DEBUG org.hibernate.orm.results.loading - Calling top-level assembler (0 / 1) : org.hibernate.sql.results.graph.entity.internal.EntityAssembler@69d0e9b0
10:24:10.170 [main] DEBUG org.hibernate.orm.results - Extracted JDBC value [0] - [44]
10:24:10.170 [main] DEBUG org.hibernate.orm.results.loading.entity - (EntityResultInitializer) Hydrated EntityKey (org.frcpm.models.TeamMember(959666449460000)): 44
10:24:10.170 [main] DEBUG org.hibernate.orm.results.loading.org.hibernate.orm.results.loading.collection - (DelayedCollectionInitializer) Current row collection key : org.frcpm.models.TeamMember(959666449460000).assignedTasks#44
10:24:10.170 [main] DEBUG org.hibernate.orm.results.loading.org.hibernate.orm.results.loading.collection - (DelayedCollectionInitializer) Current row collection key : org.frcpm.models.TeamMember(959666449460000).attendances#44
10:24:10.170 [main] DEBUG org.hibernate.orm.results.loading.entity - (EntityResultInitializer) Created new entity instance [org.frcpm.models.TeamMember(959666449460000)#44] : 410388939
10:24:10.170 [main] DEBUG org.hibernate.orm.results - Extracted JDBC value [7] - [null]
10:24:10.170 [main] DEBUG org.hibernate.orm.results - Extracted JDBC value [1] - [tasktest@example.com]
10:24:10.170 [main] DEBUG org.hibernate.orm.results - Extracted JDBC value [2] - [Task]
10:24:10.170 [main] DEBUG org.hibernate.orm.results - Extracted JDBC value [3] - [Test]
10:24:10.170 [main] DEBUG org.hibernate.orm.results - Extracted JDBC value [4] - [false]
10:24:10.170 [main] DEBUG org.hibernate.orm.results - Extracted JDBC value [5] - [null]
10:24:10.170 [main] DEBUG org.hibernate.orm.results - Extracted JDBC value [6] - [null]
10:24:10.170 [main] DEBUG org.hibernate.orm.results - Extracted JDBC value [8] - [tasktestuser_1745594398275]
10:24:10.170 [main] DEBUG org.hibernate.orm.results.loading.entity - (EntityResultInitializer) Done materializing entityInstance : org.frcpm.models.TeamMember(959666449460000)#44
10:24:10.170 [main] DEBUG org.hibernate.orm.results.loading - Calling top-level assembler (0 / 1) : org.hibernate.sql.results.graph.entity.internal.EntityAssembler@69d0e9b0
10:24:10.170 [main] DEBUG org.hibernate.orm.results - Extracted JDBC value [0] - [45]
10:24:10.170 [main] DEBUG org.hibernate.orm.results.loading.entity - (EntityResultInitializer) Hydrated EntityKey (org.frcpm.models.TeamMember(959666449460000)): 45
10:24:10.170 [main] DEBUG org.hibernate.orm.results.loading.org.hibernate.orm.results.loading.collection - (DelayedCollectionInitializer) Current row collection key : org.frcpm.models.TeamMember(959666449460000).assignedTasks#45
10:24:10.170 [main] DEBUG org.hibernate.orm.results.loading.org.hibernate.orm.results.loading.collection - (DelayedCollectionInitializer) Current row collection key : org.frcpm.models.TeamMember(959666449460000).attendances#45
10:24:10.170 [main] DEBUG org.hibernate.orm.results.loading.entity - (EntityResultInitializer) Created new entity instance [org.frcpm.models.TeamMember(959666449460000)#45] : 1311057403
10:24:10.170 [main] DEBUG org.hibernate.orm.results - Extracted JDBC value [7] - [null]
10:24:10.170 [main] DEBUG org.hibernate.orm.results - Extracted JDBC value [1] - [tasktest@example.com]
10:24:10.170 [main] DEBUG org.hibernate.orm.results - Extracted JDBC value [2] - [Task]
10:24:10.170 [main] DEBUG org.hibernate.orm.results - Extracted JDBC value [3] - [Test]
10:24:10.170 [main] DEBUG org.hibernate.orm.results - Extracted JDBC value [4] - [false]
10:24:10.170 [main] DEBUG org.hibernate.orm.results - Extracted JDBC value [5] - [null]
10:24:10.170 [main] DEBUG org.hibernate.orm.results - Extracted JDBC value [6] - [null]
10:24:10.170 [main] DEBUG org.hibernate.orm.results - Extracted JDBC value [8] - [tasktestuser_1745594398667]
10:24:10.170 [main] DEBUG org.hibernate.orm.results.loading.entity - (EntityResultInitializer) Done materializing entityInstance : org.frcpm.models.TeamMember(959666449460000)#45
10:24:10.170 [main] DEBUG org.hibernate.orm.results.loading - Calling top-level assembler (0 / 1) : org.hibernate.sql.results.graph.entity.internal.EntityAssembler@69d0e9b0
10:24:10.170 [main] DEBUG org.hibernate.orm.results - Extracted JDBC value [0] - [46]
10:24:10.170 [main] DEBUG org.hibernate.orm.results.loading.entity - (EntityResultInitializer) Hydrated EntityKey (org.frcpm.models.TeamMember(959666449460000)): 46
10:24:10.170 [main] DEBUG org.hibernate.orm.results.loading.org.hibernate.orm.results.loading.collection - (DelayedCollectionInitializer) Current row collection key : org.frcpm.models.TeamMember(959666449460000).assignedTasks#46
10:24:10.170 [main] DEBUG org.hibernate.orm.results.loading.org.hibernate.orm.results.loading.collection - (DelayedCollectionInitializer) Current row collection key : org.frcpm.models.TeamMember(959666449460000).attendances#46
10:24:10.170 [main] DEBUG org.hibernate.orm.results.loading.entity - (EntityResultInitializer) Created new entity instance [org.frcpm.models.TeamMember(959666449460000)#46] : 2112021409
10:24:10.170 [main] DEBUG org.hibernate.orm.results - Extracted JDBC value [7] - [null]
10:24:10.170 [main] DEBUG org.hibernate.orm.results - Extracted JDBC value [1] - [tasktest@example.com]
10:24:10.170 [main] DEBUG org.hibernate.orm.results - Extracted JDBC value [2] - [Task]
10:24:10.170 [main] DEBUG org.hibernate.orm.results - Extracted JDBC value [3] - [Test]
10:24:10.170 [main] DEBUG org.hibernate.orm.results - Extracted JDBC value [4] - [false]
10:24:10.170 [main] DEBUG org.hibernate.orm.results - Extracted JDBC value [5] - [null]
10:24:10.170 [main] DEBUG org.hibernate.orm.results - Extracted JDBC value [6] - [null]
10:24:10.170 [main] DEBUG org.hibernate.orm.results - Extracted JDBC value [8] - [tasktestuser_1745594399126]
10:24:10.170 [main] DEBUG org.hibernate.orm.results.loading.entity - (EntityResultInitializer) Done materializing entityInstance : org.frcpm.models.TeamMember(959666449460000)#46
10:24:10.170 [main] DEBUG org.hibernate.orm.results.loading - Calling top-level assembler (0 / 1) : org.hibernate.sql.results.graph.entity.internal.EntityAssembler@69d0e9b0
10:24:10.170 [main] DEBUG org.hibernate.orm.results - Extracted JDBC value [0] - [47]
10:24:10.170 [main] DEBUG org.hibernate.orm.results.loading.entity - (EntityResultInitializer) Hydrated EntityKey (org.frcpm.models.TeamMember(959666449460000)): 47
10:24:10.170 [main] DEBUG org.hibernate.orm.results.loading.org.hibernate.orm.results.loading.collection - (DelayedCollectionInitializer) Current row collection key : org.frcpm.models.TeamMember(959666449460000).assignedTasks#47
10:24:10.170 [main] DEBUG org.hibernate.orm.results.loading.org.hibernate.orm.results.loading.collection - (DelayedCollectionInitializer) Current row collection key : org.frcpm.models.TeamMember(959666449460000).attendances#47
10:24:10.170 [main] DEBUG org.hibernate.orm.results.loading.entity - (EntityResultInitializer) Created new entity instance [org.frcpm.models.TeamMember(959666449460000)#47] : 1090343725
10:24:10.170 [main] DEBUG org.hibernate.orm.results - Extracted JDBC value [7] - [null]
10:24:10.170 [main] DEBUG org.hibernate.orm.results - Extracted JDBC value [1] - [tasktest@example.com]
10:24:10.170 [main] DEBUG org.hibernate.orm.results - Extracted JDBC value [2] - [Task]
10:24:10.170 [main] DEBUG org.hibernate.orm.results - Extracted JDBC value [3] - [Test]
10:24:10.170 [main] DEBUG org.hibernate.orm.results - Extracted JDBC value [4] - [false]
10:24:10.170 [main] DEBUG org.hibernate.orm.results - Extracted JDBC value [5] - [null]
10:24:10.170 [main] DEBUG org.hibernate.orm.results - Extracted JDBC value [6] - [null]
10:24:10.170 [main] DEBUG org.hibernate.orm.results - Extracted JDBC value [8] - [tasktestuser_1745594399532]
10:24:10.170 [main] DEBUG org.hibernate.orm.results.loading.entity - (EntityResultInitializer) Done materializing entityInstance : org.frcpm.models.TeamMember(959666449460000)#47
10:24:10.170 [main] DEBUG org.hibernate.orm.results.loading - Calling top-level assembler (0 / 1) : org.hibernate.sql.results.graph.entity.internal.EntityAssembler@69d0e9b0
10:24:10.170 [main] DEBUG org.hibernate.orm.results - Extracted JDBC value [0] - [48]
10:24:10.170 [main] DEBUG org.hibernate.orm.results.loading.entity - (EntityResultInitializer) Hydrated EntityKey (org.frcpm.models.TeamMember(959666449460000)): 48
10:24:10.170 [main] DEBUG org.hibernate.orm.results.loading.org.hibernate.orm.results.loading.collection - (DelayedCollectionInitializer) Current row collection key : org.frcpm.models.TeamMember(959666449460000).assignedTasks#48
10:24:10.170 [main] DEBUG org.hibernate.orm.results.loading.org.hibernate.orm.results.loading.collection - (DelayedCollectionInitializer) Current row collection key : org.frcpm.models.TeamMember(959666449460000).attendances#48
10:24:10.170 [main] DEBUG org.hibernate.orm.results.loading.entity - (EntityResultInitializer) Created new entity instance [org.frcpm.models.TeamMember(959666449460000)#48] : 1105431945
10:24:10.170 [main] DEBUG org.hibernate.orm.results - Extracted JDBC value [7] - [null]
10:24:10.170 [main] DEBUG org.hibernate.orm.results - Extracted JDBC value [1] - [tasktest@example.com]
10:24:10.170 [main] DEBUG org.hibernate.orm.results - Extracted JDBC value [2] - [Task]
10:24:10.170 [main] DEBUG org.hibernate.orm.results - Extracted JDBC value [3] - [Test]
10:24:10.170 [main] DEBUG org.hibernate.orm.results - Extracted JDBC value [4] - [false]
10:24:10.170 [main] DEBUG org.hibernate.orm.results - Extracted JDBC value [5] - [null]
10:24:10.170 [main] DEBUG org.hibernate.orm.results - Extracted JDBC value [6] - [null]
10:24:10.170 [main] DEBUG org.hibernate.orm.results - Extracted JDBC value [8] - [tasktestuser_1745594400014]
10:24:10.170 [main] DEBUG org.hibernate.orm.results.loading.entity - (EntityResultInitializer) Done materializing entityInstance : org.frcpm.models.TeamMember(959666449460000)#48
10:24:10.170 [main] DEBUG org.hibernate.orm.results.loading - Calling top-level assembler (0 / 1) : org.hibernate.sql.results.graph.entity.internal.EntityAssembler@69d0e9b0
10:24:10.170 [main] DEBUG org.hibernate.orm.results - Extracted JDBC value [0] - [53]
10:24:10.170 [main] DEBUG org.hibernate.orm.results.loading.entity - (EntityResultInitializer) Hydrated EntityKey (org.frcpm.models.TeamMember(959666449460000)): 53
10:24:10.170 [main] DEBUG org.hibernate.orm.results.loading.org.hibernate.orm.results.loading.collection - (DelayedCollectionInitializer) Current row collection key : org.frcpm.models.TeamMember(959666449460000).assignedTasks#53
10:24:10.170 [main] DEBUG org.hibernate.orm.results.loading.org.hibernate.orm.results.loading.collection - (DelayedCollectionInitializer) Current row collection key : org.frcpm.models.TeamMember(959666449460000).attendances#53
10:24:10.170 [main] DEBUG org.hibernate.orm.results.loading.entity - (EntityResultInitializer) Created new entity instance [org.frcpm.models.TeamMember(959666449460000)#53] : 568219536
10:24:10.170 [main] DEBUG org.hibernate.orm.results - Extracted JDBC value [7] - [null]
10:24:10.170 [main] DEBUG org.hibernate.orm.results - Extracted JDBC value [1] - [testcount@example.com]
10:24:10.170 [main] DEBUG org.hibernate.orm.results - Extracted JDBC value [2] - [Test]
10:24:10.170 [main] DEBUG org.hibernate.orm.results - Extracted JDBC value [3] - [Count]
10:24:10.171 [main] DEBUG org.hibernate.orm.results - Extracted JDBC value [4] - [false]
10:24:10.171 [main] DEBUG org.hibernate.orm.results - Extracted JDBC value [5] - [null]
10:24:10.171 [main] DEBUG org.hibernate.orm.results - Extracted JDBC value [6] - [null]
10:24:10.171 [main] DEBUG org.hibernate.orm.results - Extracted JDBC value [8] - [testcount]
10:24:10.171 [main] DEBUG org.hibernate.orm.results.loading.entity - (EntityResultInitializer) Done materializing entityInstance : org.frcpm.models.TeamMember(959666449460000)#53
10:24:10.171 [main] DEBUG org.hibernate.orm.results.loading - Calling top-level assembler (0 / 1) : org.hibernate.sql.results.graph.entity.internal.EntityAssembler@69d0e9b0
10:24:10.171 [main] DEBUG org.hibernate.orm.results - Extracted JDBC value [0] - [56]
10:24:10.171 [main] DEBUG org.hibernate.orm.results.loading.entity - (EntityResultInitializer) Hydrated EntityKey (org.frcpm.models.TeamMember(959666449460000)): 56
10:24:10.171 [main] DEBUG org.hibernate.orm.results.loading.org.hibernate.orm.results.loading.collection - (DelayedCollectionInitializer) Current row collection key : org.frcpm.models.TeamMember(959666449460000).assignedTasks#56
10:24:10.171 [main] DEBUG org.hibernate.orm.results.loading.org.hibernate.orm.results.loading.collection - (DelayedCollectionInitializer) Current row collection key : org.frcpm.models.TeamMember(959666449460000).attendances#56
10:24:10.171 [main] DEBUG org.hibernate.orm.results.loading.entity - (EntityResultInitializer) Created new entity instance [org.frcpm.models.TeamMember(959666449460000)#56] : 1221586907
10:24:10.171 [main] DEBUG org.hibernate.orm.results - Extracted JDBC value [7] - [null]
10:24:10.171 [main] DEBUG org.hibernate.orm.results - Extracted JDBC value [1] - [testsave@example.com]
10:24:10.171 [main] DEBUG org.hibernate.orm.results - Extracted JDBC value [2] - [Test]
10:24:10.171 [main] DEBUG org.hibernate.orm.results - Extracted JDBC value [3] - [Save]
10:24:10.171 [main] DEBUG org.hibernate.orm.results - Extracted JDBC value [4] - [false]
10:24:10.171 [main] DEBUG org.hibernate.orm.results - Extracted JDBC value [5] - [555-SAVE]
10:24:10.171 [main] DEBUG org.hibernate.orm.results - Extracted JDBC value [6] - [Testing]
10:24:10.171 [main] DEBUG org.hibernate.orm.results - Extracted JDBC value [8] - [testsave]
10:24:10.171 [main] DEBUG org.hibernate.orm.results.loading.entity - (EntityResultInitializer) Done materializing entityInstance : org.frcpm.models.TeamMember(959666449460000)#56
10:24:10.171 [main] DEBUG org.hibernate.orm.results.loading - Calling top-level assembler (0 / 1) : org.hibernate.sql.results.graph.entity.internal.EntityAssembler@69d0e9b0
10:24:10.171 [main] DEBUG org.hibernate.orm.results - Extracted JDBC value [0] - [77]
10:24:10.171 [main] DEBUG org.hibernate.orm.results.loading.entity - (EntityResultInitializer) Hydrated EntityKey (org.frcpm.models.TeamMember(959666449460000)): 77
10:24:10.171 [main] DEBUG org.hibernate.orm.results.loading.org.hibernate.orm.results.loading.collection - (DelayedCollectionInitializer) Current row collection key : org.frcpm.models.TeamMember(959666449460000).assignedTasks#77
10:24:10.171 [main] DEBUG org.hibernate.orm.results.loading.org.hibernate.orm.results.loading.collection - (DelayedCollectionInitializer) Current row collection key : org.frcpm.models.TeamMember(959666449460000).attendances#77
10:24:10.171 [main] DEBUG org.hibernate.orm.results.loading.entity - (EntityResultInitializer) Created new entity instance [org.frcpm.models.TeamMember(959666449460000)#77] : 2009085915
10:24:10.171 [main] DEBUG org.hibernate.orm.results - Extracted JDBC value [7] - [null]
10:24:10.171 [main] DEBUG org.hibernate.orm.results - Extracted JDBC value [1] - [testupdate@example.com]
10:24:10.171 [main] DEBUG org.hibernate.orm.results - Extracted JDBC value [2] - [Updated]
10:24:10.171 [main] DEBUG org.hibernate.orm.results - Extracted JDBC value [3] - [Update]
10:24:10.171 [main] DEBUG org.hibernate.orm.results - Extracted JDBC value [4] - [false]
10:24:10.171 [main] DEBUG org.hibernate.orm.results - Extracted JDBC value [5] - [null]
10:24:10.171 [main] DEBUG org.hibernate.orm.results - Extracted JDBC value [6] - [Updated Skills]
10:24:10.171 [main] DEBUG org.hibernate.orm.results - Extracted JDBC value [8] - [testupdate]
10:24:10.171 [main] DEBUG org.hibernate.orm.results.loading.entity - (EntityResultInitializer) Done materializing entityInstance : org.frcpm.models.TeamMember(959666449460000)#77
10:24:10.171 [main] DEBUG org.hibernate.orm.results.loading - Calling top-level assembler (0 / 1) : org.hibernate.sql.results.graph.entity.internal.EntityAssembler@69d0e9b0
10:24:10.171 [main] DEBUG org.hibernate.orm.results - Extracted JDBC value [0] - [84]
10:24:10.171 [main] DEBUG org.hibernate.orm.results.loading.entity - (EntityResultInitializer) Hydrated EntityKey (org.frcpm.models.TeamMember(959666449460000)): 84
10:24:10.171 [main] DEBUG org.hibernate.orm.results.loading.org.hibernate.orm.results.loading.collection - (DelayedCollectionInitializer) Current row collection key : org.frcpm.models.TeamMember(959666449460000).assignedTasks#84
10:24:10.171 [main] DEBUG org.hibernate.orm.results.loading.org.hibernate.orm.results.loading.collection - (DelayedCollectionInitializer) Current row collection key : org.frcpm.models.TeamMember(959666449460000).attendances#84
10:24:10.171 [main] DEBUG org.hibernate.orm.results.loading.entity - (EntityResultInitializer) Created new entity instance [org.frcpm.models.TeamMember(959666449460000)#84] : 603445758
10:24:10.171 [main] DEBUG org.hibernate.orm.results - Extracted JDBC value [7] - [null]
10:24:10.171 [main] DEBUG org.hibernate.orm.results - Extracted JDBC value [1] - [attendance3@example.com]
10:24:10.171 [main] DEBUG org.hibernate.orm.results - Extracted JDBC value [2] - [Attendance]
10:24:10.171 [main] DEBUG org.hibernate.orm.results - Extracted JDBC value [3] - [Test3]
10:24:10.172 [main] DEBUG org.hibernate.orm.results - Extracted JDBC value [4] - [false]
10:24:10.172 [main] DEBUG org.hibernate.orm.results - Extracted JDBC value [5] - [555-9012]
10:24:10.172 [main] DEBUG org.hibernate.orm.results - Extracted JDBC value [6] - [null]
10:24:10.172 [main] DEBUG org.hibernate.orm.results - Extracted JDBC value [8] - [attendancetest3]
10:24:10.172 [main] DEBUG org.hibernate.orm.results.loading.entity - (EntityResultInitializer) Done materializing entityInstance : org.frcpm.models.TeamMember(959666449460000)#84
10:24:10.172 [main] DEBUG org.hibernate.orm.results.loading - Calling top-level assembler (0 / 1) : org.hibernate.sql.results.graph.entity.internal.EntityAssembler@69d0e9b0
10:24:10.172 [main] DEBUG org.hibernate.resource.jdbc.internal.LogicalConnectionManagedImpl - Initiating JDBC connection release from afterTransaction
10:24:10.172 [main] DEBUG org.hibernate.resource.jdbc.internal.LogicalConnectionManagedImpl - Initiating JDBC connection release from afterTransaction
10:24:10.173 [main] DEBUG org.hibernate.orm.sql.ast.create - Created new SQL alias : s1_0
10:24:10.173 [main] DEBUG org.hibernate.orm.sql.ast.create - Registration of TableGroup [StandardTableGroup(org.frcpm.models.Subteam(959666459134300))] with identifierForTableGroup [org.frcpm.models.Subteam] for NavigablePath [org.frcpm.models.Subteam] 
10:24:10.173 [main] DEBUG org.hibernate.orm.results.graph.AST - DomainResult Graph:
 \-EntityResultImpl [org.frcpm.models.Subteam(959666459134300)]
 |  +-BasicFetch [org.frcpm.models.Subteam(959666459134300).colorCode]
 |  +-DelayedCollectionFetch [org.frcpm.models.Subteam(959666459134300).members]
 |  +-BasicFetch [org.frcpm.models.Subteam(959666459134300).name]
 |  +-BasicFetch [org.frcpm.models.Subteam(959666459134300).specialties]
 |  \-DelayedCollectionFetch [org.frcpm.models.Subteam(959666459134300).subsystems]

10:24:10.173 [main] DEBUG org.hibernate.orm.sql.ast.tree - SQL AST Tree:
    SelectStatement {
      FromClause {
        StandardTableGroup (s1 : org.frcpm.models.Subteam(959666459134300)) {
          primaryTableReference : subteams as s1_0
        }
      }
    }

10:24:10.173 [main] DEBUG org.hibernate.orm.sql.exec - Skipping reading Query result cache data: cache-enabled = false, cache-mode = NORMAL
10:24:10.174 [main] DEBUG org.hibernate.orm.results - Initializer list:
	  org.frcpm.models.Subteam(959666459134300).members -> DelayedCollectionInitializer(org.frcpm.models.Subteam(959666459134300).members)@1962056087 (PluralAttribute(org.frcpm.models.Subteam.members))
	  org.frcpm.models.Subteam(959666459134300) -> EntityResultInitializer(org.frcpm.models.Subteam(959666459134300))@1458271959 (SingleTableEntityPersister(org.frcpm.models.Subteam))
	  org.frcpm.models.Subteam(959666459134300).subsystems -> DelayedCollectionInitializer(org.frcpm.models.Subteam(959666459134300).subsystems)@1888233184 (PluralAttribute(org.frcpm.models.Subteam.subsystems))

10:24:10.174 [main] DEBUG org.hibernate.SQL - select s1_0.id,s1_0.color_code,s1_0.name,s1_0.specialties from subteams s1_0
10:24:10.174 [main] DEBUG org.hibernate.orm.results - Extracted JDBC value [0] - [1]
10:24:10.174 [main] DEBUG org.hibernate.orm.results.loading.entity - (EntityResultInitializer) Hydrated EntityKey (org.frcpm.models.Subteam(959666459134300)): 1
10:24:10.174 [main] DEBUG org.hibernate.orm.results.loading.org.hibernate.orm.results.loading.collection - (DelayedCollectionInitializer) Current row collection key : org.frcpm.models.Subteam(959666459134300).members#1
10:24:10.174 [main] DEBUG org.hibernate.orm.results.loading.org.hibernate.orm.results.loading.collection - (DelayedCollectionInitializer) Current row collection key : org.frcpm.models.Subteam(959666459134300).subsystems#1
10:24:10.174 [main] DEBUG org.hibernate.orm.results.loading.entity - (EntityResultInitializer) Created new entity instance [org.frcpm.models.Subteam(959666459134300)#1] : 1347332959
10:24:10.174 [main] DEBUG org.hibernate.orm.results - Extracted JDBC value [1] - [#FF5733]
10:24:10.174 [main] DEBUG org.hibernate.orm.results - Extracted JDBC value [2] - [Mechanical]
10:24:10.174 [main] DEBUG org.hibernate.orm.results - Extracted JDBC value [3] - [Design, CAD, Fabrication, Assembly]
10:24:10.174 [main] DEBUG org.hibernate.orm.results.loading.entity - (EntityResultInitializer) Done materializing entityInstance : org.frcpm.models.Subteam(959666459134300)#1
10:24:10.174 [main] DEBUG org.hibernate.orm.results.loading - Calling top-level assembler (0 / 1) : org.hibernate.sql.results.graph.entity.internal.EntityAssembler@516acd72
10:24:10.174 [main] DEBUG org.hibernate.orm.results - Extracted JDBC value [0] - [2]
10:24:10.174 [main] DEBUG org.hibernate.orm.results.loading.entity - (EntityResultInitializer) Hydrated EntityKey (org.frcpm.models.Subteam(959666459134300)): 2
10:24:10.174 [main] DEBUG org.hibernate.orm.results.loading.org.hibernate.orm.results.loading.collection - (DelayedCollectionInitializer) Current row collection key : org.frcpm.models.Subteam(959666459134300).members#2
10:24:10.174 [main] DEBUG org.hibernate.orm.results.loading.org.hibernate.orm.results.loading.collection - (DelayedCollectionInitializer) Current row collection key : org.frcpm.models.Subteam(959666459134300).subsystems#2
10:24:10.174 [main] DEBUG org.hibernate.orm.results.loading.entity - (EntityResultInitializer) Created new entity instance [org.frcpm.models.Subteam(959666459134300)#2] : 1952153683
10:24:10.175 [main] DEBUG org.hibernate.orm.results - Extracted JDBC value [1] - [#33A8FF]
10:24:10.175 [main] DEBUG org.hibernate.orm.results - Extracted JDBC value [2] - [Electrical]
10:24:10.175 [main] DEBUG org.hibernate.orm.results - Extracted JDBC value [3] - [Wiring, Electronics, Sensors, Power Systems]
10:24:10.175 [main] DEBUG org.hibernate.orm.results.loading.entity - (EntityResultInitializer) Done materializing entityInstance : org.frcpm.models.Subteam(959666459134300)#2
10:24:10.175 [main] DEBUG org.hibernate.orm.results.loading - Calling top-level assembler (0 / 1) : org.hibernate.sql.results.graph.entity.internal.EntityAssembler@516acd72
10:24:10.175 [main] DEBUG org.hibernate.orm.results - Extracted JDBC value [0] - [3]
10:24:10.175 [main] DEBUG org.hibernate.orm.results.loading.entity - (EntityResultInitializer) Hydrated EntityKey (org.frcpm.models.Subteam(959666459134300)): 3
10:24:10.175 [main] DEBUG org.hibernate.orm.results.loading.org.hibernate.orm.results.loading.collection - (DelayedCollectionInitializer) Current row collection key : org.frcpm.models.Subteam(959666459134300).members#3
10:24:10.175 [main] DEBUG org.hibernate.orm.results.loading.org.hibernate.orm.results.loading.collection - (DelayedCollectionInitializer) Current row collection key : org.frcpm.models.Subteam(959666459134300).subsystems#3
10:24:10.175 [main] DEBUG org.hibernate.orm.results.loading.entity - (EntityResultInitializer) Created new entity instance [org.frcpm.models.Subteam(959666459134300)#3] : 1425807471
10:24:10.175 [main] DEBUG org.hibernate.orm.results - Extracted JDBC value [1] - [#33FF57]
10:24:10.175 [main] DEBUG org.hibernate.orm.results - Extracted JDBC value [2] - [Programming]
10:24:10.175 [main] DEBUG org.hibernate.orm.results - Extracted JDBC value [3] - [Java, Vision, Control Systems, Autonomous]
10:24:10.175 [main] DEBUG org.hibernate.orm.results.loading.entity - (EntityResultInitializer) Done materializing entityInstance : org.frcpm.models.Subteam(959666459134300)#3
10:24:10.175 [main] DEBUG org.hibernate.orm.results.loading - Calling top-level assembler (0 / 1) : org.hibernate.sql.results.graph.entity.internal.EntityAssembler@516acd72
10:24:10.175 [main] DEBUG org.hibernate.orm.results - Extracted JDBC value [0] - [4]
10:24:10.175 [main] DEBUG org.hibernate.orm.results.loading.entity - (EntityResultInitializer) Hydrated EntityKey (org.frcpm.models.Subteam(959666459134300)): 4
10:24:10.175 [main] DEBUG org.hibernate.orm.results.loading.org.hibernate.orm.results.loading.collection - (DelayedCollectionInitializer) Current row collection key : org.frcpm.models.Subteam(959666459134300).members#4
10:24:10.175 [main] DEBUG org.hibernate.orm.results.loading.org.hibernate.orm.results.loading.collection - (DelayedCollectionInitializer) Current row collection key : org.frcpm.models.Subteam(959666459134300).subsystems#4
10:24:10.175 [main] DEBUG org.hibernate.orm.results.loading.entity - (EntityResultInitializer) Created new entity instance [org.frcpm.models.Subteam(959666459134300)#4] : 812042728
10:24:10.175 [main] DEBUG org.hibernate.orm.results - Extracted JDBC value [1] - [#FF33A8]
10:24:10.175 [main] DEBUG org.hibernate.orm.results - Extracted JDBC value [2] - [Business]
10:24:10.175 [main] DEBUG org.hibernate.orm.results - Extracted JDBC value [3] - [Fundraising, Marketing, Outreach, Awards]
10:24:10.175 [main] DEBUG org.hibernate.orm.results.loading.entity - (EntityResultInitializer) Done materializing entityInstance : org.frcpm.models.Subteam(959666459134300)#4
10:24:10.175 [main] DEBUG org.hibernate.orm.results.loading - Calling top-level assembler (0 / 1) : org.hibernate.sql.results.graph.entity.internal.EntityAssembler@516acd72
10:24:10.175 [main] DEBUG org.hibernate.orm.results - Extracted JDBC value [0] - [24]
10:24:10.175 [main] DEBUG org.hibernate.orm.results.loading.entity - (EntityResultInitializer) Hydrated EntityKey (org.frcpm.models.Subteam(959666459134300)): 24
10:24:10.175 [main] DEBUG org.hibernate.orm.results.loading.org.hibernate.orm.results.loading.collection - (DelayedCollectionInitializer) Current row collection key : org.frcpm.models.Subteam(959666459134300).members#24
10:24:10.175 [main] DEBUG org.hibernate.orm.results.loading.org.hibernate.orm.results.loading.collection - (DelayedCollectionInitializer) Current row collection key : org.frcpm.models.Subteam(959666459134300).subsystems#24
10:24:10.175 [main] DEBUG org.hibernate.orm.results.loading.entity - (EntityResultInitializer) Created new entity instance [org.frcpm.models.Subteam(959666459134300)#24] : 1078420933
10:24:10.175 [main] DEBUG org.hibernate.orm.results - Extracted JDBC value [1] - [#0000FF]
10:24:10.175 [main] DEBUG org.hibernate.orm.results - Extracted JDBC value [2] - [Test Count Subteam]
10:24:10.175 [main] DEBUG org.hibernate.orm.results - Extracted JDBC value [3] - [null]
10:24:10.175 [main] DEBUG org.hibernate.orm.results.loading.entity - (EntityResultInitializer) Done materializing entityInstance : org.frcpm.models.Subteam(959666459134300)#24
10:24:10.175 [main] DEBUG org.hibernate.orm.results.loading - Calling top-level assembler (0 / 1) : org.hibernate.sql.results.graph.entity.internal.EntityAssembler@516acd72
10:24:10.175 [main] DEBUG org.hibernate.orm.results - Extracted JDBC value [0] - [27]
10:24:10.175 [main] DEBUG org.hibernate.orm.results.loading.entity - (EntityResultInitializer) Hydrated EntityKey (org.frcpm.models.Subteam(959666459134300)): 27
10:24:10.175 [main] DEBUG org.hibernate.orm.results.loading.org.hibernate.orm.results.loading.collection - (DelayedCollectionInitializer) Current row collection key : org.frcpm.models.Subteam(959666459134300).members#27
10:24:10.175 [main] DEBUG org.hibernate.orm.results.loading.org.hibernate.orm.results.loading.collection - (DelayedCollectionInitializer) Current row collection key : org.frcpm.models.Subteam(959666459134300).subsystems#27
10:24:10.175 [main] DEBUG org.hibernate.orm.results.loading.entity - (EntityResultInitializer) Created new entity instance [org.frcpm.models.Subteam(959666459134300)#27] : 1678899426
10:24:10.175 [main] DEBUG org.hibernate.orm.results - Extracted JDBC value [1] - [#0000FF]
10:24:10.175 [main] DEBUG org.hibernate.orm.results - Extracted JDBC value [2] - [Test Save Subteam]
10:24:10.175 [main] DEBUG org.hibernate.orm.results - Extracted JDBC value [3] - [Testing]
10:24:10.175 [main] DEBUG org.hibernate.orm.results.loading.entity - (EntityResultInitializer) Done materializing entityInstance : org.frcpm.models.Subteam(959666459134300)#27
10:24:10.175 [main] DEBUG org.hibernate.orm.results.loading - Calling top-level assembler (0 / 1) : org.hibernate.sql.results.graph.entity.internal.EntityAssembler@516acd72
10:24:10.175 [main] DEBUG org.hibernate.orm.results - Extracted JDBC value [0] - [42]
10:24:10.175 [main] DEBUG org.hibernate.orm.results.loading.entity - (EntityResultInitializer) Hydrated EntityKey (org.frcpm.models.Subteam(959666459134300)): 42
10:24:10.175 [main] DEBUG org.hibernate.orm.results.loading.org.hibernate.orm.results.loading.collection - (DelayedCollectionInitializer) Current row collection key : org.frcpm.models.Subteam(959666459134300).members#42
10:24:10.175 [main] DEBUG org.hibernate.orm.results.loading.org.hibernate.orm.results.loading.collection - (DelayedCollectionInitializer) Current row collection key : org.frcpm.models.Subteam(959666459134300).subsystems#42
10:24:10.175 [main] DEBUG org.hibernate.orm.results.loading.entity - (EntityResultInitializer) Created new entity instance [org.frcpm.models.Subteam(959666459134300)#42] : 1647042524
10:24:10.175 [main] DEBUG org.hibernate.orm.results - Extracted JDBC value [1] - [#00FFFF]
10:24:10.175 [main] DEBUG org.hibernate.orm.results - Extracted JDBC value [2] - [Updated Subteam Name]
10:24:10.175 [main] DEBUG org.hibernate.orm.results - Extracted JDBC value [3] - [null]
10:24:10.175 [main] DEBUG org.hibernate.orm.results.loading.entity - (EntityResultInitializer) Done materializing entityInstance : org.frcpm.models.Subteam(959666459134300)#42
10:24:10.175 [main] DEBUG org.hibernate.orm.results.loading - Calling top-level assembler (0 / 1) : org.hibernate.sql.results.graph.entity.internal.EntityAssembler@516acd72
10:24:10.175 [main] DEBUG org.hibernate.orm.results - Extracted JDBC value [0] - [67]
10:24:10.175 [main] DEBUG org.hibernate.orm.results.loading.entity - (EntityResultInitializer) Hydrated EntityKey (org.frcpm.models.Subteam(959666459134300)): 67
10:24:10.175 [main] DEBUG org.hibernate.orm.results.loading.org.hibernate.orm.results.loading.collection - (DelayedCollectionInitializer) Current row collection key : org.frcpm.models.Subteam(959666459134300).members#67
10:24:10.175 [main] DEBUG org.hibernate.orm.results.loading.org.hibernate.orm.results.loading.collection - (DelayedCollectionInitializer) Current row collection key : org.frcpm.models.Subteam(959666459134300).subsystems#67
10:24:10.175 [main] DEBUG org.hibernate.orm.results.loading.entity - (EntityResultInitializer) Created new entity instance [org.frcpm.models.Subteam(959666459134300)#67] : 551883889
10:24:10.175 [main] DEBUG org.hibernate.orm.results - Extracted JDBC value [1] - [#0000FF]
10:24:10.175 [main] DEBUG org.hibernate.orm.results - Extracted JDBC value [2] - [Test Create Service Subteam]
10:24:10.175 [main] DEBUG org.hibernate.orm.results - Extracted JDBC value [3] - [Testing, Quality Assurance]
10:24:10.175 [main] DEBUG org.hibernate.orm.results.loading.entity - (EntityResultInitializer) Done materializing entityInstance : org.frcpm.models.Subteam(959666459134300)#67
10:24:10.175 [main] DEBUG org.hibernate.orm.results.loading - Calling top-level assembler (0 / 1) : org.hibernate.sql.results.graph.entity.internal.EntityAssembler@516acd72
10:24:10.175 [main] DEBUG org.hibernate.orm.results - Extracted JDBC value [0] - [70]
10:24:10.175 [main] DEBUG org.hibernate.orm.results.loading.entity - (EntityResultInitializer) Hydrated EntityKey (org.frcpm.models.Subteam(959666459134300)): 70
10:24:10.175 [main] DEBUG org.hibernate.orm.results.loading.org.hibernate.orm.results.loading.collection - (DelayedCollectionInitializer) Current row collection key : org.frcpm.models.Subteam(959666459134300).members#70
10:24:10.175 [main] DEBUG org.hibernate.orm.results.loading.org.hibernate.orm.results.loading.collection - (DelayedCollectionInitializer) Current row collection key : org.frcpm.models.Subteam(959666459134300).subsystems#70
10:24:10.175 [main] DEBUG org.hibernate.orm.results.loading.entity - (EntityResultInitializer) Created new entity instance [org.frcpm.models.Subteam(959666459134300)#70] : 823002953
10:24:10.175 [main] DEBUG org.hibernate.orm.results - Extracted JDBC value [1] - [#00FFFF]
10:24:10.175 [main] DEBUG org.hibernate.orm.results - Extracted JDBC value [2] - [Test Color Update Subteam]
10:24:10.175 [main] DEBUG org.hibernate.orm.results - Extracted JDBC value [3] - [Specialties]
10:24:10.176 [main] DEBUG org.hibernate.orm.results.loading.entity - (EntityResultInitializer) Done materializing entityInstance : org.frcpm.models.Subteam(959666459134300)#70
10:24:10.176 [main] DEBUG org.hibernate.orm.results.loading - Calling top-level assembler (0 / 1) : org.hibernate.sql.results.graph.entity.internal.EntityAssembler@516acd72
10:24:10.176 [main] DEBUG org.hibernate.orm.results - Extracted JDBC value [0] - [79]
10:24:10.176 [main] DEBUG org.hibernate.orm.results.loading.entity - (EntityResultInitializer) Hydrated EntityKey (org.frcpm.models.Subteam(959666459134300)): 79
10:24:10.176 [main] DEBUG org.hibernate.orm.results.loading.org.hibernate.orm.results.loading.collection - (DelayedCollectionInitializer) Current row collection key : org.frcpm.models.Subteam(959666459134300).members#79
10:24:10.176 [main] DEBUG org.hibernate.orm.results.loading.org.hibernate.orm.results.loading.collection - (DelayedCollectionInitializer) Current row collection key : org.frcpm.models.Subteam(959666459134300).subsystems#79
10:24:10.176 [main] DEBUG org.hibernate.orm.results.loading.entity - (EntityResultInitializer) Created new entity instance [org.frcpm.models.Subteam(959666459134300)#79] : 603834162
10:24:10.176 [main] DEBUG org.hibernate.orm.results - Extracted JDBC value [1] - [#0000FF]
10:24:10.176 [main] DEBUG org.hibernate.orm.results - Extracted JDBC value [2] - [Test Update Subteam]
10:24:10.176 [main] DEBUG org.hibernate.orm.results - Extracted JDBC value [3] - [Updated Specialties]
10:24:10.176 [main] DEBUG org.hibernate.orm.results.loading.entity - (EntityResultInitializer) Done materializing entityInstance : org.frcpm.models.Subteam(959666459134300)#79
10:24:10.176 [main] DEBUG org.hibernate.orm.results.loading - Calling top-level assembler (0 / 1) : org.hibernate.sql.results.graph.entity.internal.EntityAssembler@516acd72
10:24:10.176 [main] DEBUG org.hibernate.orm.results - Extracted JDBC value [0] - [87]
10:24:10.176 [main] DEBUG org.hibernate.orm.results.loading.entity - (EntityResultInitializer) Hydrated EntityKey (org.frcpm.models.Subteam(959666459134300)): 87
10:24:10.176 [main] DEBUG org.hibernate.orm.results.loading.org.hibernate.orm.results.loading.collection - (DelayedCollectionInitializer) Current row collection key : org.frcpm.models.Subteam(959666459134300).members#87
10:24:10.176 [main] DEBUG org.hibernate.orm.results.loading.org.hibernate.orm.results.loading.collection - (DelayedCollectionInitializer) Current row collection key : org.frcpm.models.Subteam(959666459134300).subsystems#87
10:24:10.176 [main] DEBUG org.hibernate.orm.results.loading.entity - (EntityResultInitializer) Created new entity instance [org.frcpm.models.Subteam(959666459134300)#87] : 124194854
10:24:10.176 [main] DEBUG org.hibernate.orm.results - Extracted JDBC value [1] - [#0000FF]
10:24:10.176 [main] DEBUG org.hibernate.orm.results - Extracted JDBC value [2] - [Duplicate Name Subteam]
10:24:10.176 [main] DEBUG org.hibernate.orm.results - Extracted JDBC value [3] - [Specialties]
10:24:10.176 [main] DEBUG org.hibernate.orm.results.loading.entity - (EntityResultInitializer) Done materializing entityInstance : org.frcpm.models.Subteam(959666459134300)#87
10:24:10.176 [main] DEBUG org.hibernate.orm.results.loading - Calling top-level assembler (0 / 1) : org.hibernate.sql.results.graph.entity.internal.EntityAssembler@516acd72
10:24:10.176 [main] DEBUG org.hibernate.resource.jdbc.internal.LogicalConnectionManagedImpl - Initiating JDBC connection release from afterTransaction
10:24:10.176 [main] DEBUG org.hibernate.resource.jdbc.internal.LogicalConnectionManagedImpl - Initiating JDBC connection release from afterTransaction
]]></system-out>
  </testcase>
  <testcase name="testHandleAddSubteam" classname="org.frcpm.controllers.TeamControllerTest" time="0.028">
    <system-out><![CDATA[10:24:10.187 [main] DEBUG org.hibernate.orm.sql.ast.create - Created new SQL alias : tm1_0
10:24:10.187 [main] DEBUG org.hibernate.orm.sql.ast.create - Registration of TableGroup [StandardTableGroup(org.frcpm.models.TeamMember(959666473475200))] with identifierForTableGroup [org.frcpm.models.TeamMember] for NavigablePath [org.frcpm.models.TeamMember] 
10:24:10.188 [main] DEBUG org.hibernate.orm.sql.ast.create - Registration of TableGroup [org.hibernate.sql.ast.tree.from.LazyTableGroup@7ca45136] with identifierForTableGroup [org.frcpm.models.TeamMember.subteam] for NavigablePath [org.frcpm.models.TeamMember.subteam] 
10:24:10.188 [main] DEBUG org.hibernate.orm.results.graph.AST - DomainResult Graph:
 \-EntityResultImpl [org.frcpm.models.TeamMember(959666473475200)]
 |  +-DelayedCollectionFetch [org.frcpm.models.TeamMember(959666473475200).assignedTasks]
 |  +-DelayedCollectionFetch [org.frcpm.models.TeamMember(959666473475200).attendances]
 |  +-BasicFetch [org.frcpm.models.TeamMember(959666473475200).email]
 |  +-BasicFetch [org.frcpm.models.TeamMember(959666473475200).firstName]
 |  +-BasicFetch [org.frcpm.models.TeamMember(959666473475200).lastName]
 |  +-BasicFetch [org.frcpm.models.TeamMember(959666473475200).leader]
 |  +-BasicFetch [org.frcpm.models.TeamMember(959666473475200).phone]
 |  +-BasicFetch [org.frcpm.models.TeamMember(959666473475200).skills]
 |  +-CircularFetchImpl [org.frcpm.models.TeamMember(959666473475200).subteam]
 |  \-BasicFetch [org.frcpm.models.TeamMember(959666473475200).username]

10:24:10.188 [main] DEBUG org.hibernate.orm.sql.ast.tree - SQL AST Tree:
    SelectStatement {
      FromClause {
        StandardTableGroup (tm1 : org.frcpm.models.TeamMember(959666473475200)) {
          primaryTableReference : team_members as tm1_0
          TableGroupJoins {
            left  join LazyTableGroup (s1 : org.frcpm.models.TeamMember(959666473475200).subteam) {
            }
          }
        }
      }
    }

10:24:10.188 [main] DEBUG org.hibernate.orm.sql.exec - Skipping reading Query result cache data: cache-enabled = false, cache-mode = NORMAL
10:24:10.188 [main] DEBUG org.hibernate.orm.results - Initializer list:
	  org.frcpm.models.TeamMember(959666473475200).subteam -> EntityDelayedFetchInitializer(org.frcpm.models.TeamMember(959666473475200).subteam)@552982521 (ToOneAttributeMapping(NavigableRole[org.frcpm.models.TeamMember.subteam])@1143917207)
	  org.frcpm.models.TeamMember(959666473475200).attendances -> DelayedCollectionInitializer(org.frcpm.models.TeamMember(959666473475200).attendances)@675226522 (PluralAttribute(org.frcpm.models.TeamMember.attendances))
	  org.frcpm.models.TeamMember(959666473475200).assignedTasks -> DelayedCollectionInitializer(org.frcpm.models.TeamMember(959666473475200).assignedTasks)@2106578154 (PluralAttribute(org.frcpm.models.TeamMember.assignedTasks))
	  org.frcpm.models.TeamMember(959666473475200) -> EntityResultInitializer(org.frcpm.models.TeamMember(959666473475200))@595330956 (SingleTableEntityPersister(org.frcpm.models.TeamMember))

10:24:10.188 [main] DEBUG org.hibernate.SQL - select tm1_0.id,tm1_0.email,tm1_0.first_name,tm1_0.last_name,tm1_0.is_leader,tm1_0.phone,tm1_0.skills,tm1_0.subteam_id,tm1_0.username from team_members tm1_0
10:24:10.189 [main] DEBUG org.hibernate.orm.results - Extracted JDBC value [0] - [1]
10:24:10.189 [main] DEBUG org.hibernate.orm.results.loading.entity - (EntityResultInitializer) Hydrated EntityKey (org.frcpm.models.TeamMember(959666473475200)): 1
10:24:10.189 [main] DEBUG org.hibernate.orm.results.loading.org.hibernate.orm.results.loading.collection - (DelayedCollectionInitializer) Current row collection key : org.frcpm.models.TeamMember(959666473475200).assignedTasks#1
10:24:10.189 [main] DEBUG org.hibernate.orm.results.loading.org.hibernate.orm.results.loading.collection - (DelayedCollectionInitializer) Current row collection key : org.frcpm.models.TeamMember(959666473475200).attendances#1
10:24:10.189 [main] DEBUG org.hibernate.orm.results.loading.entity - (EntityResultInitializer) Created new entity instance [org.frcpm.models.TeamMember(959666473475200)#1] : 2145460268
10:24:10.189 [main] DEBUG org.hibernate.orm.results - Extracted JDBC value [7] - [3]
10:24:10.189 [main] DEBUG org.hibernate.orm.results - Extracted JDBC value [1] - [jsmith@example.com]
10:24:10.189 [main] DEBUG org.hibernate.orm.results - Extracted JDBC value [2] - [John]
10:24:10.189 [main] DEBUG org.hibernate.orm.results - Extracted JDBC value [3] - [Smith]
10:24:10.189 [main] DEBUG org.hibernate.orm.results - Extracted JDBC value [4] - [true]
10:24:10.189 [main] DEBUG org.hibernate.orm.results - Extracted JDBC value [5] - [555-1234]
10:24:10.189 [main] DEBUG org.hibernate.orm.results - Extracted JDBC value [6] - [Java, Python, Control Systems]
10:24:10.189 [main] DEBUG org.hibernate.orm.results - Extracted JDBC value [8] - [jsmith]
10:24:10.189 [main] DEBUG org.hibernate.orm.results.loading.entity - (EntityResultInitializer) Done materializing entityInstance : org.frcpm.models.TeamMember(959666473475200)#1
10:24:10.189 [main] DEBUG org.hibernate.orm.results.loading - Calling top-level assembler (0 / 1) : org.hibernate.sql.results.graph.entity.internal.EntityAssembler@7b797cbc
10:24:10.189 [main] DEBUG org.hibernate.orm.results - Extracted JDBC value [0] - [2]
10:24:10.189 [main] DEBUG org.hibernate.orm.results.loading.entity - (EntityResultInitializer) Hydrated EntityKey (org.frcpm.models.TeamMember(959666473475200)): 2
10:24:10.189 [main] DEBUG org.hibernate.orm.results.loading.org.hibernate.orm.results.loading.collection - (DelayedCollectionInitializer) Current row collection key : org.frcpm.models.TeamMember(959666473475200).assignedTasks#2
10:24:10.189 [main] DEBUG org.hibernate.orm.results.loading.org.hibernate.orm.results.loading.collection - (DelayedCollectionInitializer) Current row collection key : org.frcpm.models.TeamMember(959666473475200).attendances#2
10:24:10.189 [main] DEBUG org.hibernate.orm.results.loading.entity - (EntityResultInitializer) Created new entity instance [org.frcpm.models.TeamMember(959666473475200)#2] : 225428415
10:24:10.189 [main] DEBUG org.hibernate.orm.results - Extracted JDBC value [7] - [1]
10:24:10.189 [main] DEBUG org.hibernate.orm.results - Extracted JDBC value [1] - [agarcia@example.com]
10:24:10.189 [main] DEBUG org.hibernate.orm.results - Extracted JDBC value [2] - [Ana]
10:24:10.189 [main] DEBUG org.hibernate.orm.results - Extracted JDBC value [3] - [Garcia]
10:24:10.189 [main] DEBUG org.hibernate.orm.results - Extracted JDBC value [4] - [true]
10:24:10.189 [main] DEBUG org.hibernate.orm.results - Extracted JDBC value [5] - [555-5678]
10:24:10.189 [main] DEBUG org.hibernate.orm.results - Extracted JDBC value [6] - [CAD, Design, Machining]
10:24:10.189 [main] DEBUG org.hibernate.orm.results - Extracted JDBC value [8] - [agarcia]
10:24:10.189 [main] DEBUG org.hibernate.orm.results.loading.entity - (EntityResultInitializer) Done materializing entityInstance : org.frcpm.models.TeamMember(959666473475200)#2
10:24:10.189 [main] DEBUG org.hibernate.orm.results.loading - Calling top-level assembler (0 / 1) : org.hibernate.sql.results.graph.entity.internal.EntityAssembler@7b797cbc
10:24:10.189 [main] DEBUG org.hibernate.orm.results - Extracted JDBC value [0] - [3]
10:24:10.189 [main] DEBUG org.hibernate.orm.results.loading.entity - (EntityResultInitializer) Hydrated EntityKey (org.frcpm.models.TeamMember(959666473475200)): 3
10:24:10.189 [main] DEBUG org.hibernate.orm.results.loading.org.hibernate.orm.results.loading.collection - (DelayedCollectionInitializer) Current row collection key : org.frcpm.models.TeamMember(959666473475200).assignedTasks#3
10:24:10.189 [main] DEBUG org.hibernate.orm.results.loading.org.hibernate.orm.results.loading.collection - (DelayedCollectionInitializer) Current row collection key : org.frcpm.models.TeamMember(959666473475200).attendances#3
10:24:10.189 [main] DEBUG org.hibernate.orm.results.loading.entity - (EntityResultInitializer) Created new entity instance [org.frcpm.models.TeamMember(959666473475200)#3] : 1845197850
10:24:10.190 [main] DEBUG org.hibernate.orm.results - Extracted JDBC value [7] - [2]
10:24:10.190 [main] DEBUG org.hibernate.orm.results - Extracted JDBC value [1] - [twong@example.com]
10:24:10.190 [main] DEBUG org.hibernate.orm.results - Extracted JDBC value [2] - [Tyler]
10:24:10.190 [main] DEBUG org.hibernate.orm.results - Extracted JDBC value [3] - [Wong]
10:24:10.190 [main] DEBUG org.hibernate.orm.results - Extracted JDBC value [4] - [true]
10:24:10.190 [main] DEBUG org.hibernate.orm.results - Extracted JDBC value [5] - [555-9012]
10:24:10.190 [main] DEBUG org.hibernate.orm.results - Extracted JDBC value [6] - [Electronics, Wiring, Soldering]
10:24:10.190 [main] DEBUG org.hibernate.orm.results - Extracted JDBC value [8] - [twong]
10:24:10.190 [main] DEBUG org.hibernate.orm.results.loading.entity - (EntityResultInitializer) Done materializing entityInstance : org.frcpm.models.TeamMember(959666473475200)#3
10:24:10.190 [main] DEBUG org.hibernate.orm.results.loading - Calling top-level assembler (0 / 1) : org.hibernate.sql.results.graph.entity.internal.EntityAssembler@7b797cbc
10:24:10.190 [main] DEBUG org.hibernate.orm.results - Extracted JDBC value [0] - [4]
10:24:10.190 [main] DEBUG org.hibernate.orm.results.loading.entity - (EntityResultInitializer) Hydrated EntityKey (org.frcpm.models.TeamMember(959666473475200)): 4
10:24:10.190 [main] DEBUG org.hibernate.orm.results.loading.org.hibernate.orm.results.loading.collection - (DelayedCollectionInitializer) Current row collection key : org.frcpm.models.TeamMember(959666473475200).assignedTasks#4
10:24:10.190 [main] DEBUG org.hibernate.orm.results.loading.org.hibernate.orm.results.loading.collection - (DelayedCollectionInitializer) Current row collection key : org.frcpm.models.TeamMember(959666473475200).attendances#4
10:24:10.190 [main] DEBUG org.hibernate.orm.results.loading.entity - (EntityResultInitializer) Created new entity instance [org.frcpm.models.TeamMember(959666473475200)#4] : 1547478735
10:24:10.190 [main] DEBUG org.hibernate.orm.results - Extracted JDBC value [7] - [4]
10:24:10.190 [main] DEBUG org.hibernate.orm.results - Extracted JDBC value [1] - [lchen@example.com]
10:24:10.190 [main] DEBUG org.hibernate.orm.results - Extracted JDBC value [2] - [Lisa]
10:24:10.190 [main] DEBUG org.hibernate.orm.results - Extracted JDBC value [3] - [Chen]
10:24:10.190 [main] DEBUG org.hibernate.orm.results - Extracted JDBC value [4] - [true]
10:24:10.190 [main] DEBUG org.hibernate.orm.results - Extracted JDBC value [5] - [555-3456]
10:24:10.190 [main] DEBUG org.hibernate.orm.results - Extracted JDBC value [6] - [Marketing, Social Media, Presentations]
10:24:10.190 [main] DEBUG org.hibernate.orm.results - Extracted JDBC value [8] - [lchen]
10:24:10.190 [main] DEBUG org.hibernate.orm.results.loading.entity - (EntityResultInitializer) Done materializing entityInstance : org.frcpm.models.TeamMember(959666473475200)#4
10:24:10.190 [main] DEBUG org.hibernate.orm.results.loading - Calling top-level assembler (0 / 1) : org.hibernate.sql.results.graph.entity.internal.EntityAssembler@7b797cbc
10:24:10.190 [main] DEBUG org.hibernate.orm.results - Extracted JDBC value [0] - [5]
10:24:10.190 [main] DEBUG org.hibernate.orm.results.loading.entity - (EntityResultInitializer) Hydrated EntityKey (org.frcpm.models.TeamMember(959666473475200)): 5
10:24:10.190 [main] DEBUG org.hibernate.orm.results.loading.org.hibernate.orm.results.loading.collection - (DelayedCollectionInitializer) Current row collection key : org.frcpm.models.TeamMember(959666473475200).assignedTasks#5
10:24:10.190 [main] DEBUG org.hibernate.orm.results.loading.org.hibernate.orm.results.loading.collection - (DelayedCollectionInitializer) Current row collection key : org.frcpm.models.TeamMember(959666473475200).attendances#5
10:24:10.190 [main] DEBUG org.hibernate.orm.results.loading.entity - (EntityResultInitializer) Created new entity instance [org.frcpm.models.TeamMember(959666473475200)#5] : 369658674
10:24:10.190 [main] DEBUG org.hibernate.orm.results - Extracted JDBC value [7] - [1]
10:24:10.190 [main] DEBUG org.hibernate.orm.results - Extracted JDBC value [1] - [mjohnson@example.com]
10:24:10.190 [main] DEBUG org.hibernate.orm.results - Extracted JDBC value [2] - [Mike]
10:24:10.190 [main] DEBUG org.hibernate.orm.results - Extracted JDBC value [3] - [Johnson]
10:24:10.190 [main] DEBUG org.hibernate.orm.results - Extracted JDBC value [4] - [false]
10:24:10.190 [main] DEBUG org.hibernate.orm.results - Extracted JDBC value [5] - [555-7890]
10:24:10.190 [main] DEBUG org.hibernate.orm.results - Extracted JDBC value [6] - [CAD, 3D Printing, Prototyping]
10:24:10.190 [main] DEBUG org.hibernate.orm.results - Extracted JDBC value [8] - [mjohnson]
10:24:10.190 [main] DEBUG org.hibernate.orm.results.loading.entity - (EntityResultInitializer) Done materializing entityInstance : org.frcpm.models.TeamMember(959666473475200)#5
10:24:10.190 [main] DEBUG org.hibernate.orm.results.loading - Calling top-level assembler (0 / 1) : org.hibernate.sql.results.graph.entity.internal.EntityAssembler@7b797cbc
10:24:10.190 [main] DEBUG org.hibernate.orm.results - Extracted JDBC value [0] - [6]
10:24:10.190 [main] DEBUG org.hibernate.orm.results.loading.entity - (EntityResultInitializer) Hydrated EntityKey (org.frcpm.models.TeamMember(959666473475200)): 6
10:24:10.190 [main] DEBUG org.hibernate.orm.results.loading.org.hibernate.orm.results.loading.collection - (DelayedCollectionInitializer) Current row collection key : org.frcpm.models.TeamMember(959666473475200).assignedTasks#6
10:24:10.190 [main] DEBUG org.hibernate.orm.results.loading.org.hibernate.orm.results.loading.collection - (DelayedCollectionInitializer) Current row collection key : org.frcpm.models.TeamMember(959666473475200).attendances#6
10:24:10.191 [main] DEBUG org.hibernate.orm.results.loading.entity - (EntityResultInitializer) Created new entity instance [org.frcpm.models.TeamMember(959666473475200)#6] : 1142299003
10:24:10.191 [main] DEBUG org.hibernate.orm.results - Extracted JDBC value [7] - [3]
10:24:10.191 [main] DEBUG org.hibernate.orm.results - Extracted JDBC value [1] - [sdavis@example.com]
10:24:10.191 [main] DEBUG org.hibernate.orm.results - Extracted JDBC value [2] - [Sarah]
10:24:10.191 [main] DEBUG org.hibernate.orm.results - Extracted JDBC value [3] - [Davis]
10:24:10.191 [main] DEBUG org.hibernate.orm.results - Extracted JDBC value [4] - [false]
10:24:10.191 [main] DEBUG org.hibernate.orm.results - Extracted JDBC value [5] - [555-2345]
10:24:10.191 [main] DEBUG org.hibernate.orm.results - Extracted JDBC value [6] - [Computer Vision, Machine Learning]
10:24:10.191 [main] DEBUG org.hibernate.orm.results - Extracted JDBC value [8] - [sdavis]
10:24:10.191 [main] DEBUG org.hibernate.orm.results.loading.entity - (EntityResultInitializer) Done materializing entityInstance : org.frcpm.models.TeamMember(959666473475200)#6
10:24:10.191 [main] DEBUG org.hibernate.orm.results.loading - Calling top-level assembler (0 / 1) : org.hibernate.sql.results.graph.entity.internal.EntityAssembler@7b797cbc
10:24:10.191 [main] DEBUG org.hibernate.orm.results - Extracted JDBC value [0] - [36]
10:24:10.191 [main] DEBUG org.hibernate.orm.results.loading.entity - (EntityResultInitializer) Hydrated EntityKey (org.frcpm.models.TeamMember(959666473475200)): 36
10:24:10.191 [main] DEBUG org.hibernate.orm.results.loading.org.hibernate.orm.results.loading.collection - (DelayedCollectionInitializer) Current row collection key : org.frcpm.models.TeamMember(959666473475200).assignedTasks#36
10:24:10.191 [main] DEBUG org.hibernate.orm.results.loading.org.hibernate.orm.results.loading.collection - (DelayedCollectionInitializer) Current row collection key : org.frcpm.models.TeamMember(959666473475200).attendances#36
10:24:10.191 [main] DEBUG org.hibernate.orm.results.loading.entity - (EntityResultInitializer) Created new entity instance [org.frcpm.models.TeamMember(959666473475200)#36] : 1371115302
10:24:10.191 [main] DEBUG org.hibernate.orm.results - Extracted JDBC value [7] - [null]
10:24:10.191 [main] DEBUG org.hibernate.orm.results - Extracted JDBC value [1] - [tasktest@example.com]
10:24:10.191 [main] DEBUG org.hibernate.orm.results - Extracted JDBC value [2] - [Task]
10:24:10.191 [main] DEBUG org.hibernate.orm.results - Extracted JDBC value [3] - [Test]
10:24:10.191 [main] DEBUG org.hibernate.orm.results - Extracted JDBC value [4] - [false]
10:24:10.191 [main] DEBUG org.hibernate.orm.results - Extracted JDBC value [5] - [null]
10:24:10.191 [main] DEBUG org.hibernate.orm.results - Extracted JDBC value [6] - [null]
10:24:10.191 [main] DEBUG org.hibernate.orm.results - Extracted JDBC value [8] - [tasktestuser_1745594395337]
10:24:10.191 [main] DEBUG org.hibernate.orm.results.loading.entity - (EntityResultInitializer) Done materializing entityInstance : org.frcpm.models.TeamMember(959666473475200)#36
10:24:10.191 [main] DEBUG org.hibernate.orm.results.loading - Calling top-level assembler (0 / 1) : org.hibernate.sql.results.graph.entity.internal.EntityAssembler@7b797cbc
10:24:10.191 [main] DEBUG org.hibernate.orm.results - Extracted JDBC value [0] - [37]
10:24:10.191 [main] DEBUG org.hibernate.orm.results.loading.entity - (EntityResultInitializer) Hydrated EntityKey (org.frcpm.models.TeamMember(959666473475200)): 37
10:24:10.191 [main] DEBUG org.hibernate.orm.results.loading.org.hibernate.orm.results.loading.collection - (DelayedCollectionInitializer) Current row collection key : org.frcpm.models.TeamMember(959666473475200).assignedTasks#37
10:24:10.192 [main] DEBUG org.hibernate.orm.results.loading.org.hibernate.orm.results.loading.collection - (DelayedCollectionInitializer) Current row collection key : org.frcpm.models.TeamMember(959666473475200).attendances#37
10:24:10.192 [main] DEBUG org.hibernate.orm.results.loading.entity - (EntityResultInitializer) Created new entity instance [org.frcpm.models.TeamMember(959666473475200)#37] : 1477904187
10:24:10.192 [main] DEBUG org.hibernate.orm.results - Extracted JDBC value [7] - [null]
10:24:10.192 [main] DEBUG org.hibernate.orm.results - Extracted JDBC value [1] - [tasktest@example.com]
10:24:10.192 [main] DEBUG org.hibernate.orm.results - Extracted JDBC value [2] - [Task]
10:24:10.192 [main] DEBUG org.hibernate.orm.results - Extracted JDBC value [3] - [Test]
10:24:10.192 [main] DEBUG org.hibernate.orm.results - Extracted JDBC value [4] - [false]
10:24:10.192 [main] DEBUG org.hibernate.orm.results - Extracted JDBC value [5] - [null]
10:24:10.192 [main] DEBUG org.hibernate.orm.results - Extracted JDBC value [6] - [null]
10:24:10.192 [main] DEBUG org.hibernate.orm.results - Extracted JDBC value [8] - [tasktestuser_1745594395698]
10:24:10.192 [main] DEBUG org.hibernate.orm.results.loading.entity - (EntityResultInitializer) Done materializing entityInstance : org.frcpm.models.TeamMember(959666473475200)#37
10:24:10.192 [main] DEBUG org.hibernate.orm.results.loading - Calling top-level assembler (0 / 1) : org.hibernate.sql.results.graph.entity.internal.EntityAssembler@7b797cbc
10:24:10.192 [main] DEBUG org.hibernate.orm.results - Extracted JDBC value [0] - [38]
10:24:10.192 [main] DEBUG org.hibernate.orm.results.loading.entity - (EntityResultInitializer) Hydrated EntityKey (org.frcpm.models.TeamMember(959666473475200)): 38
10:24:10.192 [main] DEBUG org.hibernate.orm.results.loading.org.hibernate.orm.results.loading.collection - (DelayedCollectionInitializer) Current row collection key : org.frcpm.models.TeamMember(959666473475200).assignedTasks#38
10:24:10.192 [main] DEBUG org.hibernate.orm.results.loading.org.hibernate.orm.results.loading.collection - (DelayedCollectionInitializer) Current row collection key : org.frcpm.models.TeamMember(959666473475200).attendances#38
10:24:10.192 [main] DEBUG org.hibernate.orm.results.loading.entity - (EntityResultInitializer) Created new entity instance [org.frcpm.models.TeamMember(959666473475200)#38] : 1167649130
10:24:10.192 [main] DEBUG org.hibernate.orm.results - Extracted JDBC value [7] - [null]
10:24:10.192 [main] DEBUG org.hibernate.orm.results - Extracted JDBC value [1] - [tasktest@example.com]
10:24:10.192 [main] DEBUG org.hibernate.orm.results - Extracted JDBC value [2] - [Task]
10:24:10.192 [main] DEBUG org.hibernate.orm.results - Extracted JDBC value [3] - [Test]
10:24:10.192 [main] DEBUG org.hibernate.orm.results - Extracted JDBC value [4] - [false]
10:24:10.192 [main] DEBUG org.hibernate.orm.results - Extracted JDBC value [5] - [null]
10:24:10.192 [main] DEBUG org.hibernate.orm.results - Extracted JDBC value [6] - [null]
10:24:10.192 [main] DEBUG org.hibernate.orm.results - Extracted JDBC value [8] - [tasktestuser_1745594396071]
10:24:10.192 [main] DEBUG org.hibernate.orm.results.loading.entity - (EntityResultInitializer) Done materializing entityInstance : org.frcpm.models.TeamMember(959666473475200)#38
10:24:10.192 [main] DEBUG org.hibernate.orm.results.loading - Calling top-level assembler (0 / 1) : org.hibernate.sql.results.graph.entity.internal.EntityAssembler@7b797cbc
10:24:10.193 [main] DEBUG org.hibernate.orm.results - Extracted JDBC value [0] - [39]
10:24:10.193 [main] DEBUG org.hibernate.orm.results.loading.entity - (EntityResultInitializer) Hydrated EntityKey (org.frcpm.models.TeamMember(959666473475200)): 39
10:24:10.193 [main] DEBUG org.hibernate.orm.results.loading.org.hibernate.orm.results.loading.collection - (DelayedCollectionInitializer) Current row collection key : org.frcpm.models.TeamMember(959666473475200).assignedTasks#39
10:24:10.193 [main] DEBUG org.hibernate.orm.results.loading.org.hibernate.orm.results.loading.collection - (DelayedCollectionInitializer) Current row collection key : org.frcpm.models.TeamMember(959666473475200).attendances#39
10:24:10.193 [main] DEBUG org.hibernate.orm.results.loading.entity - (EntityResultInitializer) Created new entity instance [org.frcpm.models.TeamMember(959666473475200)#39] : 1682785322
10:24:10.193 [main] DEBUG org.hibernate.orm.results - Extracted JDBC value [7] - [null]
10:24:10.193 [main] DEBUG org.hibernate.orm.results - Extracted JDBC value [1] - [tasktest@example.com]
10:24:10.193 [main] DEBUG org.hibernate.orm.results - Extracted JDBC value [2] - [Task]
10:24:10.193 [main] DEBUG org.hibernate.orm.results - Extracted JDBC value [3] - [Test]
10:24:10.193 [main] DEBUG org.hibernate.orm.results - Extracted JDBC value [4] - [false]
10:24:10.193 [main] DEBUG org.hibernate.orm.results - Extracted JDBC value [5] - [null]
10:24:10.193 [main] DEBUG org.hibernate.orm.results - Extracted JDBC value [6] - [null]
10:24:10.193 [main] DEBUG org.hibernate.orm.results - Extracted JDBC value [8] - [tasktestuser_1745594396416]
10:24:10.193 [main] DEBUG org.hibernate.orm.results.loading.entity - (EntityResultInitializer) Done materializing entityInstance : org.frcpm.models.TeamMember(959666473475200)#39
10:24:10.193 [main] DEBUG org.hibernate.orm.results.loading - Calling top-level assembler (0 / 1) : org.hibernate.sql.results.graph.entity.internal.EntityAssembler@7b797cbc
10:24:10.193 [main] DEBUG org.hibernate.orm.results - Extracted JDBC value [0] - [40]
10:24:10.193 [main] DEBUG org.hibernate.orm.results.loading.entity - (EntityResultInitializer) Hydrated EntityKey (org.frcpm.models.TeamMember(959666473475200)): 40
10:24:10.193 [main] DEBUG org.hibernate.orm.results.loading.org.hibernate.orm.results.loading.collection - (DelayedCollectionInitializer) Current row collection key : org.frcpm.models.TeamMember(959666473475200).assignedTasks#40
10:24:10.193 [main] DEBUG org.hibernate.orm.results.loading.org.hibernate.orm.results.loading.collection - (DelayedCollectionInitializer) Current row collection key : org.frcpm.models.TeamMember(959666473475200).attendances#40
10:24:10.193 [main] DEBUG org.hibernate.orm.results.loading.entity - (EntityResultInitializer) Created new entity instance [org.frcpm.models.TeamMember(959666473475200)#40] : 2042731097
10:24:10.193 [main] DEBUG org.hibernate.orm.results - Extracted JDBC value [7] - [null]
10:24:10.193 [main] DEBUG org.hibernate.orm.results - Extracted JDBC value [1] - [tasktest@example.com]
10:24:10.193 [main] DEBUG org.hibernate.orm.results - Extracted JDBC value [2] - [Task]
10:24:10.193 [main] DEBUG org.hibernate.orm.results - Extracted JDBC value [3] - [Test]
10:24:10.193 [main] DEBUG org.hibernate.orm.results - Extracted JDBC value [4] - [false]
10:24:10.193 [main] DEBUG org.hibernate.orm.results - Extracted JDBC value [5] - [null]
10:24:10.193 [main] DEBUG org.hibernate.orm.results - Extracted JDBC value [6] - [null]
10:24:10.193 [main] DEBUG org.hibernate.orm.results - Extracted JDBC value [8] - [tasktestuser_1745594396762]
10:24:10.193 [main] DEBUG org.hibernate.orm.results.loading.entity - (EntityResultInitializer) Done materializing entityInstance : org.frcpm.models.TeamMember(959666473475200)#40
10:24:10.193 [main] DEBUG org.hibernate.orm.results.loading - Calling top-level assembler (0 / 1) : org.hibernate.sql.results.graph.entity.internal.EntityAssembler@7b797cbc
10:24:10.193 [main] DEBUG org.hibernate.orm.results - Extracted JDBC value [0] - [41]
10:24:10.193 [main] DEBUG org.hibernate.orm.results.loading.entity - (EntityResultInitializer) Hydrated EntityKey (org.frcpm.models.TeamMember(959666473475200)): 41
10:24:10.193 [main] DEBUG org.hibernate.orm.results.loading.org.hibernate.orm.results.loading.collection - (DelayedCollectionInitializer) Current row collection key : org.frcpm.models.TeamMember(959666473475200).assignedTasks#41
10:24:10.193 [main] DEBUG org.hibernate.orm.results.loading.org.hibernate.orm.results.loading.collection - (DelayedCollectionInitializer) Current row collection key : org.frcpm.models.TeamMember(959666473475200).attendances#41
10:24:10.193 [main] DEBUG org.hibernate.orm.results.loading.entity - (EntityResultInitializer) Created new entity instance [org.frcpm.models.TeamMember(959666473475200)#41] : 2004427835
10:24:10.193 [main] DEBUG org.hibernate.orm.results - Extracted JDBC value [7] - [null]
10:24:10.193 [main] DEBUG org.hibernate.orm.results - Extracted JDBC value [1] - [tasktest@example.com]
10:24:10.193 [main] DEBUG org.hibernate.orm.results - Extracted JDBC value [2] - [Task]
10:24:10.193 [main] DEBUG org.hibernate.orm.results - Extracted JDBC value [3] - [Test]
10:24:10.193 [main] DEBUG org.hibernate.orm.results - Extracted JDBC value [4] - [false]
10:24:10.193 [main] DEBUG org.hibernate.orm.results - Extracted JDBC value [5] - [null]
10:24:10.193 [main] DEBUG org.hibernate.orm.results - Extracted JDBC value [6] - [null]
10:24:10.193 [main] DEBUG org.hibernate.orm.results - Extracted JDBC value [8] - [tasktestuser_1745594397140]
10:24:10.193 [main] DEBUG org.hibernate.orm.results.loading.entity - (EntityResultInitializer) Done materializing entityInstance : org.frcpm.models.TeamMember(959666473475200)#41
10:24:10.193 [main] DEBUG org.hibernate.orm.results.loading - Calling top-level assembler (0 / 1) : org.hibernate.sql.results.graph.entity.internal.EntityAssembler@7b797cbc
10:24:10.193 [main] DEBUG org.hibernate.orm.results - Extracted JDBC value [0] - [42]
10:24:10.193 [main] DEBUG org.hibernate.orm.results.loading.entity - (EntityResultInitializer) Hydrated EntityKey (org.frcpm.models.TeamMember(959666473475200)): 42
10:24:10.193 [main] DEBUG org.hibernate.orm.results.loading.org.hibernate.orm.results.loading.collection - (DelayedCollectionInitializer) Current row collection key : org.frcpm.models.TeamMember(959666473475200).assignedTasks#42
10:24:10.193 [main] DEBUG org.hibernate.orm.results.loading.org.hibernate.orm.results.loading.collection - (DelayedCollectionInitializer) Current row collection key : org.frcpm.models.TeamMember(959666473475200).attendances#42
10:24:10.194 [main] DEBUG org.hibernate.orm.results.loading.entity - (EntityResultInitializer) Created new entity instance [org.frcpm.models.TeamMember(959666473475200)#42] : 1153987838
10:24:10.194 [main] DEBUG org.hibernate.orm.results - Extracted JDBC value [7] - [null]
10:24:10.194 [main] DEBUG org.hibernate.orm.results - Extracted JDBC value [1] - [tasktest@example.com]
10:24:10.194 [main] DEBUG org.hibernate.orm.results - Extracted JDBC value [2] - [Task]
10:24:10.194 [main] DEBUG org.hibernate.orm.results - Extracted JDBC value [3] - [Test]
10:24:10.194 [main] DEBUG org.hibernate.orm.results - Extracted JDBC value [4] - [false]
10:24:10.194 [main] DEBUG org.hibernate.orm.results - Extracted JDBC value [5] - [null]
10:24:10.194 [main] DEBUG org.hibernate.orm.results - Extracted JDBC value [6] - [null]
10:24:10.194 [main] DEBUG org.hibernate.orm.results - Extracted JDBC value [8] - [tasktestuser_1745594397563]
10:24:10.194 [main] DEBUG org.hibernate.orm.results.loading.entity - (EntityResultInitializer) Done materializing entityInstance : org.frcpm.models.TeamMember(959666473475200)#42
10:24:10.194 [main] DEBUG org.hibernate.orm.results.loading - Calling top-level assembler (0 / 1) : org.hibernate.sql.results.graph.entity.internal.EntityAssembler@7b797cbc
10:24:10.194 [main] DEBUG org.hibernate.orm.results - Extracted JDBC value [0] - [43]
10:24:10.194 [main] DEBUG org.hibernate.orm.results.loading.entity - (EntityResultInitializer) Hydrated EntityKey (org.frcpm.models.TeamMember(959666473475200)): 43
10:24:10.194 [main] DEBUG org.hibernate.orm.results.loading.org.hibernate.orm.results.loading.collection - (DelayedCollectionInitializer) Current row collection key : org.frcpm.models.TeamMember(959666473475200).assignedTasks#43
10:24:10.194 [main] DEBUG org.hibernate.orm.results.loading.org.hibernate.orm.results.loading.collection - (DelayedCollectionInitializer) Current row collection key : org.frcpm.models.TeamMember(959666473475200).attendances#43
10:24:10.194 [main] DEBUG org.hibernate.orm.results.loading.entity - (EntityResultInitializer) Created new entity instance [org.frcpm.models.TeamMember(959666473475200)#43] : 470389274
10:24:10.194 [main] DEBUG org.hibernate.orm.results - Extracted JDBC value [7] - [null]
10:24:10.194 [main] DEBUG org.hibernate.orm.results - Extracted JDBC value [1] - [tasktest@example.com]
10:24:10.194 [main] DEBUG org.hibernate.orm.results - Extracted JDBC value [2] - [Task]
10:24:10.194 [main] DEBUG org.hibernate.orm.results - Extracted JDBC value [3] - [Test]
10:24:10.194 [main] DEBUG org.hibernate.orm.results - Extracted JDBC value [4] - [false]
10:24:10.194 [main] DEBUG org.hibernate.orm.results - Extracted JDBC value [5] - [null]
10:24:10.194 [main] DEBUG org.hibernate.orm.results - Extracted JDBC value [6] - [null]
10:24:10.194 [main] DEBUG org.hibernate.orm.results - Extracted JDBC value [8] - [tasktestuser_1745594397906]
10:24:10.194 [main] DEBUG org.hibernate.orm.results.loading.entity - (EntityResultInitializer) Done materializing entityInstance : org.frcpm.models.TeamMember(959666473475200)#43
10:24:10.194 [main] DEBUG org.hibernate.orm.results.loading - Calling top-level assembler (0 / 1) : org.hibernate.sql.results.graph.entity.internal.EntityAssembler@7b797cbc
10:24:10.194 [main] DEBUG org.hibernate.orm.results - Extracted JDBC value [0] - [44]
10:24:10.194 [main] DEBUG org.hibernate.orm.results.loading.entity - (EntityResultInitializer) Hydrated EntityKey (org.frcpm.models.TeamMember(959666473475200)): 44
10:24:10.194 [main] DEBUG org.hibernate.orm.results.loading.org.hibernate.orm.results.loading.collection - (DelayedCollectionInitializer) Current row collection key : org.frcpm.models.TeamMember(959666473475200).assignedTasks#44
10:24:10.194 [main] DEBUG org.hibernate.orm.results.loading.org.hibernate.orm.results.loading.collection - (DelayedCollectionInitializer) Current row collection key : org.frcpm.models.TeamMember(959666473475200).attendances#44
10:24:10.194 [main] DEBUG org.hibernate.orm.results.loading.entity - (EntityResultInitializer) Created new entity instance [org.frcpm.models.TeamMember(959666473475200)#44] : 537570913
10:24:10.194 [main] DEBUG org.hibernate.orm.results - Extracted JDBC value [7] - [null]
10:24:10.194 [main] DEBUG org.hibernate.orm.results - Extracted JDBC value [1] - [tasktest@example.com]
10:24:10.194 [main] DEBUG org.hibernate.orm.results - Extracted JDBC value [2] - [Task]
10:24:10.194 [main] DEBUG org.hibernate.orm.results - Extracted JDBC value [3] - [Test]
10:24:10.194 [main] DEBUG org.hibernate.orm.results - Extracted JDBC value [4] - [false]
10:24:10.194 [main] DEBUG org.hibernate.orm.results - Extracted JDBC value [5] - [null]
10:24:10.194 [main] DEBUG org.hibernate.orm.results - Extracted JDBC value [6] - [null]
10:24:10.194 [main] DEBUG org.hibernate.orm.results - Extracted JDBC value [8] - [tasktestuser_1745594398275]
10:24:10.194 [main] DEBUG org.hibernate.orm.results.loading.entity - (EntityResultInitializer) Done materializing entityInstance : org.frcpm.models.TeamMember(959666473475200)#44
10:24:10.194 [main] DEBUG org.hibernate.orm.results.loading - Calling top-level assembler (0 / 1) : org.hibernate.sql.results.graph.entity.internal.EntityAssembler@7b797cbc
10:24:10.194 [main] DEBUG org.hibernate.orm.results - Extracted JDBC value [0] - [45]
10:24:10.194 [main] DEBUG org.hibernate.orm.results.loading.entity - (EntityResultInitializer) Hydrated EntityKey (org.frcpm.models.TeamMember(959666473475200)): 45
10:24:10.194 [main] DEBUG org.hibernate.orm.results.loading.org.hibernate.orm.results.loading.collection - (DelayedCollectionInitializer) Current row collection key : org.frcpm.models.TeamMember(959666473475200).assignedTasks#45
10:24:10.194 [main] DEBUG org.hibernate.orm.results.loading.org.hibernate.orm.results.loading.collection - (DelayedCollectionInitializer) Current row collection key : org.frcpm.models.TeamMember(959666473475200).attendances#45
10:24:10.194 [main] DEBUG org.hibernate.orm.results.loading.entity - (EntityResultInitializer) Created new entity instance [org.frcpm.models.TeamMember(959666473475200)#45] : 1091933224
10:24:10.194 [main] DEBUG org.hibernate.orm.results - Extracted JDBC value [7] - [null]
10:24:10.194 [main] DEBUG org.hibernate.orm.results - Extracted JDBC value [1] - [tasktest@example.com]
10:24:10.194 [main] DEBUG org.hibernate.orm.results - Extracted JDBC value [2] - [Task]
10:24:10.194 [main] DEBUG org.hibernate.orm.results - Extracted JDBC value [3] - [Test]
10:24:10.194 [main] DEBUG org.hibernate.orm.results - Extracted JDBC value [4] - [false]
10:24:10.194 [main] DEBUG org.hibernate.orm.results - Extracted JDBC value [5] - [null]
10:24:10.194 [main] DEBUG org.hibernate.orm.results - Extracted JDBC value [6] - [null]
10:24:10.194 [main] DEBUG org.hibernate.orm.results - Extracted JDBC value [8] - [tasktestuser_1745594398667]
10:24:10.194 [main] DEBUG org.hibernate.orm.results.loading.entity - (EntityResultInitializer) Done materializing entityInstance : org.frcpm.models.TeamMember(959666473475200)#45
10:24:10.194 [main] DEBUG org.hibernate.orm.results.loading - Calling top-level assembler (0 / 1) : org.hibernate.sql.results.graph.entity.internal.EntityAssembler@7b797cbc
10:24:10.194 [main] DEBUG org.hibernate.orm.results - Extracted JDBC value [0] - [46]
10:24:10.194 [main] DEBUG org.hibernate.orm.results.loading.entity - (EntityResultInitializer) Hydrated EntityKey (org.frcpm.models.TeamMember(959666473475200)): 46
10:24:10.194 [main] DEBUG org.hibernate.orm.results.loading.org.hibernate.orm.results.loading.collection - (DelayedCollectionInitializer) Current row collection key : org.frcpm.models.TeamMember(959666473475200).assignedTasks#46
10:24:10.194 [main] DEBUG org.hibernate.orm.results.loading.org.hibernate.orm.results.loading.collection - (DelayedCollectionInitializer) Current row collection key : org.frcpm.models.TeamMember(959666473475200).attendances#46
10:24:10.194 [main] DEBUG org.hibernate.orm.results.loading.entity - (EntityResultInitializer) Created new entity instance [org.frcpm.models.TeamMember(959666473475200)#46] : 315473568
10:24:10.194 [main] DEBUG org.hibernate.orm.results - Extracted JDBC value [7] - [null]
10:24:10.194 [main] DEBUG org.hibernate.orm.results - Extracted JDBC value [1] - [tasktest@example.com]
10:24:10.194 [main] DEBUG org.hibernate.orm.results - Extracted JDBC value [2] - [Task]
10:24:10.194 [main] DEBUG org.hibernate.orm.results - Extracted JDBC value [3] - [Test]
10:24:10.194 [main] DEBUG org.hibernate.orm.results - Extracted JDBC value [4] - [false]
10:24:10.194 [main] DEBUG org.hibernate.orm.results - Extracted JDBC value [5] - [null]
10:24:10.194 [main] DEBUG org.hibernate.orm.results - Extracted JDBC value [6] - [null]
10:24:10.194 [main] DEBUG org.hibernate.orm.results - Extracted JDBC value [8] - [tasktestuser_1745594399126]
10:24:10.194 [main] DEBUG org.hibernate.orm.results.loading.entity - (EntityResultInitializer) Done materializing entityInstance : org.frcpm.models.TeamMember(959666473475200)#46
10:24:10.194 [main] DEBUG org.hibernate.orm.results.loading - Calling top-level assembler (0 / 1) : org.hibernate.sql.results.graph.entity.internal.EntityAssembler@7b797cbc
10:24:10.194 [main] DEBUG org.hibernate.orm.results - Extracted JDBC value [0] - [47]
10:24:10.194 [main] DEBUG org.hibernate.orm.results.loading.entity - (EntityResultInitializer) Hydrated EntityKey (org.frcpm.models.TeamMember(959666473475200)): 47
10:24:10.194 [main] DEBUG org.hibernate.orm.results.loading.org.hibernate.orm.results.loading.collection - (DelayedCollectionInitializer) Current row collection key : org.frcpm.models.TeamMember(959666473475200).assignedTasks#47
10:24:10.194 [main] DEBUG org.hibernate.orm.results.loading.org.hibernate.orm.results.loading.collection - (DelayedCollectionInitializer) Current row collection key : org.frcpm.models.TeamMember(959666473475200).attendances#47
10:24:10.195 [main] DEBUG org.hibernate.orm.results.loading.entity - (EntityResultInitializer) Created new entity instance [org.frcpm.models.TeamMember(959666473475200)#47] : 532527085
10:24:10.195 [main] DEBUG org.hibernate.orm.results - Extracted JDBC value [7] - [null]
10:24:10.195 [main] DEBUG org.hibernate.orm.results - Extracted JDBC value [1] - [tasktest@example.com]
10:24:10.195 [main] DEBUG org.hibernate.orm.results - Extracted JDBC value [2] - [Task]
10:24:10.195 [main] DEBUG org.hibernate.orm.results - Extracted JDBC value [3] - [Test]
10:24:10.195 [main] DEBUG org.hibernate.orm.results - Extracted JDBC value [4] - [false]
10:24:10.195 [main] DEBUG org.hibernate.orm.results - Extracted JDBC value [5] - [null]
10:24:10.195 [main] DEBUG org.hibernate.orm.results - Extracted JDBC value [6] - [null]
10:24:10.195 [main] DEBUG org.hibernate.orm.results - Extracted JDBC value [8] - [tasktestuser_1745594399532]
10:24:10.195 [main] DEBUG org.hibernate.orm.results.loading.entity - (EntityResultInitializer) Done materializing entityInstance : org.frcpm.models.TeamMember(959666473475200)#47
10:24:10.195 [main] DEBUG org.hibernate.orm.results.loading - Calling top-level assembler (0 / 1) : org.hibernate.sql.results.graph.entity.internal.EntityAssembler@7b797cbc
10:24:10.195 [main] DEBUG org.hibernate.orm.results - Extracted JDBC value [0] - [48]
10:24:10.195 [main] DEBUG org.hibernate.orm.results.loading.entity - (EntityResultInitializer) Hydrated EntityKey (org.frcpm.models.TeamMember(959666473475200)): 48
10:24:10.195 [main] DEBUG org.hibernate.orm.results.loading.org.hibernate.orm.results.loading.collection - (DelayedCollectionInitializer) Current row collection key : org.frcpm.models.TeamMember(959666473475200).assignedTasks#48
10:24:10.195 [main] DEBUG org.hibernate.orm.results.loading.org.hibernate.orm.results.loading.collection - (DelayedCollectionInitializer) Current row collection key : org.frcpm.models.TeamMember(959666473475200).attendances#48
10:24:10.195 [main] DEBUG org.hibernate.orm.results.loading.entity - (EntityResultInitializer) Created new entity instance [org.frcpm.models.TeamMember(959666473475200)#48] : 1470942118
10:24:10.195 [main] DEBUG org.hibernate.orm.results - Extracted JDBC value [7] - [null]
10:24:10.195 [main] DEBUG org.hibernate.orm.results - Extracted JDBC value [1] - [tasktest@example.com]
10:24:10.195 [main] DEBUG org.hibernate.orm.results - Extracted JDBC value [2] - [Task]
10:24:10.195 [main] DEBUG org.hibernate.orm.results - Extracted JDBC value [3] - [Test]
10:24:10.195 [main] DEBUG org.hibernate.orm.results - Extracted JDBC value [4] - [false]
10:24:10.195 [main] DEBUG org.hibernate.orm.results - Extracted JDBC value [5] - [null]
10:24:10.195 [main] DEBUG org.hibernate.orm.results - Extracted JDBC value [6] - [null]
10:24:10.195 [main] DEBUG org.hibernate.orm.results - Extracted JDBC value [8] - [tasktestuser_1745594400014]
10:24:10.195 [main] DEBUG org.hibernate.orm.results.loading.entity - (EntityResultInitializer) Done materializing entityInstance : org.frcpm.models.TeamMember(959666473475200)#48
10:24:10.195 [main] DEBUG org.hibernate.orm.results.loading - Calling top-level assembler (0 / 1) : org.hibernate.sql.results.graph.entity.internal.EntityAssembler@7b797cbc
10:24:10.195 [main] DEBUG org.hibernate.orm.results - Extracted JDBC value [0] - [53]
10:24:10.195 [main] DEBUG org.hibernate.orm.results.loading.entity - (EntityResultInitializer) Hydrated EntityKey (org.frcpm.models.TeamMember(959666473475200)): 53
10:24:10.195 [main] DEBUG org.hibernate.orm.results.loading.org.hibernate.orm.results.loading.collection - (DelayedCollectionInitializer) Current row collection key : org.frcpm.models.TeamMember(959666473475200).assignedTasks#53
10:24:10.195 [main] DEBUG org.hibernate.orm.results.loading.org.hibernate.orm.results.loading.collection - (DelayedCollectionInitializer) Current row collection key : org.frcpm.models.TeamMember(959666473475200).attendances#53
10:24:10.195 [main] DEBUG org.hibernate.orm.results.loading.entity - (EntityResultInitializer) Created new entity instance [org.frcpm.models.TeamMember(959666473475200)#53] : 346533080
10:24:10.195 [main] DEBUG org.hibernate.orm.results - Extracted JDBC value [7] - [null]
10:24:10.195 [main] DEBUG org.hibernate.orm.results - Extracted JDBC value [1] - [testcount@example.com]
10:24:10.195 [main] DEBUG org.hibernate.orm.results - Extracted JDBC value [2] - [Test]
10:24:10.195 [main] DEBUG org.hibernate.orm.results - Extracted JDBC value [3] - [Count]
10:24:10.195 [main] DEBUG org.hibernate.orm.results - Extracted JDBC value [4] - [false]
10:24:10.195 [main] DEBUG org.hibernate.orm.results - Extracted JDBC value [5] - [null]
10:24:10.195 [main] DEBUG org.hibernate.orm.results - Extracted JDBC value [6] - [null]
10:24:10.195 [main] DEBUG org.hibernate.orm.results - Extracted JDBC value [8] - [testcount]
10:24:10.195 [main] DEBUG org.hibernate.orm.results.loading.entity - (EntityResultInitializer) Done materializing entityInstance : org.frcpm.models.TeamMember(959666473475200)#53
10:24:10.195 [main] DEBUG org.hibernate.orm.results.loading - Calling top-level assembler (0 / 1) : org.hibernate.sql.results.graph.entity.internal.EntityAssembler@7b797cbc
10:24:10.195 [main] DEBUG org.hibernate.orm.results - Extracted JDBC value [0] - [56]
10:24:10.195 [main] DEBUG org.hibernate.orm.results.loading.entity - (EntityResultInitializer) Hydrated EntityKey (org.frcpm.models.TeamMember(959666473475200)): 56
10:24:10.195 [main] DEBUG org.hibernate.orm.results.loading.org.hibernate.orm.results.loading.collection - (DelayedCollectionInitializer) Current row collection key : org.frcpm.models.TeamMember(959666473475200).assignedTasks#56
10:24:10.195 [main] DEBUG org.hibernate.orm.results.loading.org.hibernate.orm.results.loading.collection - (DelayedCollectionInitializer) Current row collection key : org.frcpm.models.TeamMember(959666473475200).attendances#56
10:24:10.195 [main] DEBUG org.hibernate.orm.results.loading.entity - (EntityResultInitializer) Created new entity instance [org.frcpm.models.TeamMember(959666473475200)#56] : 1261929991
10:24:10.195 [main] DEBUG org.hibernate.orm.results - Extracted JDBC value [7] - [null]
10:24:10.195 [main] DEBUG org.hibernate.orm.results - Extracted JDBC value [1] - [testsave@example.com]
10:24:10.195 [main] DEBUG org.hibernate.orm.results - Extracted JDBC value [2] - [Test]
10:24:10.195 [main] DEBUG org.hibernate.orm.results - Extracted JDBC value [3] - [Save]
10:24:10.195 [main] DEBUG org.hibernate.orm.results - Extracted JDBC value [4] - [false]
10:24:10.195 [main] DEBUG org.hibernate.orm.results - Extracted JDBC value [5] - [555-SAVE]
10:24:10.195 [main] DEBUG org.hibernate.orm.results - Extracted JDBC value [6] - [Testing]
10:24:10.195 [main] DEBUG org.hibernate.orm.results - Extracted JDBC value [8] - [testsave]
10:24:10.196 [main] DEBUG org.hibernate.orm.results.loading.entity - (EntityResultInitializer) Done materializing entityInstance : org.frcpm.models.TeamMember(959666473475200)#56
10:24:10.196 [main] DEBUG org.hibernate.orm.results.loading - Calling top-level assembler (0 / 1) : org.hibernate.sql.results.graph.entity.internal.EntityAssembler@7b797cbc
10:24:10.196 [main] DEBUG org.hibernate.orm.results - Extracted JDBC value [0] - [77]
10:24:10.196 [main] DEBUG org.hibernate.orm.results.loading.entity - (EntityResultInitializer) Hydrated EntityKey (org.frcpm.models.TeamMember(959666473475200)): 77
10:24:10.196 [main] DEBUG org.hibernate.orm.results.loading.org.hibernate.orm.results.loading.collection - (DelayedCollectionInitializer) Current row collection key : org.frcpm.models.TeamMember(959666473475200).assignedTasks#77
10:24:10.196 [main] DEBUG org.hibernate.orm.results.loading.org.hibernate.orm.results.loading.collection - (DelayedCollectionInitializer) Current row collection key : org.frcpm.models.TeamMember(959666473475200).attendances#77
10:24:10.196 [main] DEBUG org.hibernate.orm.results.loading.entity - (EntityResultInitializer) Created new entity instance [org.frcpm.models.TeamMember(959666473475200)#77] : 1925960288
10:24:10.196 [main] DEBUG org.hibernate.orm.results - Extracted JDBC value [7] - [null]
10:24:10.196 [main] DEBUG org.hibernate.orm.results - Extracted JDBC value [1] - [testupdate@example.com]
10:24:10.196 [main] DEBUG org.hibernate.orm.results - Extracted JDBC value [2] - [Updated]
10:24:10.196 [main] DEBUG org.hibernate.orm.results - Extracted JDBC value [3] - [Update]
10:24:10.196 [main] DEBUG org.hibernate.orm.results - Extracted JDBC value [4] - [false]
10:24:10.196 [main] DEBUG org.hibernate.orm.results - Extracted JDBC value [5] - [null]
10:24:10.196 [main] DEBUG org.hibernate.orm.results - Extracted JDBC value [6] - [Updated Skills]
10:24:10.196 [main] DEBUG org.hibernate.orm.results - Extracted JDBC value [8] - [testupdate]
10:24:10.196 [main] DEBUG org.hibernate.orm.results.loading.entity - (EntityResultInitializer) Done materializing entityInstance : org.frcpm.models.TeamMember(959666473475200)#77
10:24:10.196 [main] DEBUG org.hibernate.orm.results.loading - Calling top-level assembler (0 / 1) : org.hibernate.sql.results.graph.entity.internal.EntityAssembler@7b797cbc
10:24:10.196 [main] DEBUG org.hibernate.orm.results - Extracted JDBC value [0] - [84]
10:24:10.196 [main] DEBUG org.hibernate.orm.results.loading.entity - (EntityResultInitializer) Hydrated EntityKey (org.frcpm.models.TeamMember(959666473475200)): 84
10:24:10.196 [main] DEBUG org.hibernate.orm.results.loading.org.hibernate.orm.results.loading.collection - (DelayedCollectionInitializer) Current row collection key : org.frcpm.models.TeamMember(959666473475200).assignedTasks#84
10:24:10.196 [main] DEBUG org.hibernate.orm.results.loading.org.hibernate.orm.results.loading.collection - (DelayedCollectionInitializer) Current row collection key : org.frcpm.models.TeamMember(959666473475200).attendances#84
10:24:10.196 [main] DEBUG org.hibernate.orm.results.loading.entity - (EntityResultInitializer) Created new entity instance [org.frcpm.models.TeamMember(959666473475200)#84] : 1647891803
10:24:10.196 [main] DEBUG org.hibernate.orm.results - Extracted JDBC value [7] - [null]
10:24:10.196 [main] DEBUG org.hibernate.orm.results - Extracted JDBC value [1] - [attendance3@example.com]
10:24:10.196 [main] DEBUG org.hibernate.orm.results - Extracted JDBC value [2] - [Attendance]
10:24:10.196 [main] DEBUG org.hibernate.orm.results - Extracted JDBC value [3] - [Test3]
10:24:10.196 [main] DEBUG org.hibernate.orm.results - Extracted JDBC value [4] - [false]
10:24:10.196 [main] DEBUG org.hibernate.orm.results - Extracted JDBC value [5] - [555-9012]
10:24:10.196 [main] DEBUG org.hibernate.orm.results - Extracted JDBC value [6] - [null]
10:24:10.196 [main] DEBUG org.hibernate.orm.results - Extracted JDBC value [8] - [attendancetest3]
10:24:10.196 [main] DEBUG org.hibernate.orm.results.loading.entity - (EntityResultInitializer) Done materializing entityInstance : org.frcpm.models.TeamMember(959666473475200)#84
10:24:10.196 [main] DEBUG org.hibernate.orm.results.loading - Calling top-level assembler (0 / 1) : org.hibernate.sql.results.graph.entity.internal.EntityAssembler@7b797cbc
10:24:10.196 [main] DEBUG org.hibernate.resource.jdbc.internal.LogicalConnectionManagedImpl - Initiating JDBC connection release from afterTransaction
10:24:10.196 [main] DEBUG org.hibernate.resource.jdbc.internal.LogicalConnectionManagedImpl - Initiating JDBC connection release from afterTransaction
10:24:10.198 [main] DEBUG org.hibernate.orm.sql.ast.create - Created new SQL alias : s1_0
10:24:10.198 [main] DEBUG org.hibernate.orm.sql.ast.create - Registration of TableGroup [StandardTableGroup(org.frcpm.models.Subteam(959666483586800))] with identifierForTableGroup [org.frcpm.models.Subteam] for NavigablePath [org.frcpm.models.Subteam] 
10:24:10.199 [main] DEBUG org.hibernate.orm.results.graph.AST - DomainResult Graph:
 \-EntityResultImpl [org.frcpm.models.Subteam(959666483586800)]
 |  +-BasicFetch [org.frcpm.models.Subteam(959666483586800).colorCode]
 |  +-DelayedCollectionFetch [org.frcpm.models.Subteam(959666483586800).members]
 |  +-BasicFetch [org.frcpm.models.Subteam(959666483586800).name]
 |  +-BasicFetch [org.frcpm.models.Subteam(959666483586800).specialties]
 |  \-DelayedCollectionFetch [org.frcpm.models.Subteam(959666483586800).subsystems]

10:24:10.199 [main] DEBUG org.hibernate.orm.sql.ast.tree - SQL AST Tree:
    SelectStatement {
      FromClause {
        StandardTableGroup (s1 : org.frcpm.models.Subteam(959666483586800)) {
          primaryTableReference : subteams as s1_0
        }
      }
    }

10:24:10.199 [main] DEBUG org.hibernate.orm.sql.exec - Skipping reading Query result cache data: cache-enabled = false, cache-mode = NORMAL
10:24:10.200 [main] DEBUG org.hibernate.orm.results - Initializer list:
	  org.frcpm.models.Subteam(959666483586800) -> EntityResultInitializer(org.frcpm.models.Subteam(959666483586800))@1904533438 (SingleTableEntityPersister(org.frcpm.models.Subteam))
	  org.frcpm.models.Subteam(959666483586800).subsystems -> DelayedCollectionInitializer(org.frcpm.models.Subteam(959666483586800).subsystems)@1654963180 (PluralAttribute(org.frcpm.models.Subteam.subsystems))
	  org.frcpm.models.Subteam(959666483586800).members -> DelayedCollectionInitializer(org.frcpm.models.Subteam(959666483586800).members)@919169422 (PluralAttribute(org.frcpm.models.Subteam.members))

10:24:10.200 [main] DEBUG org.hibernate.SQL - select s1_0.id,s1_0.color_code,s1_0.name,s1_0.specialties from subteams s1_0
10:24:10.201 [main] DEBUG org.hibernate.orm.results - Extracted JDBC value [0] - [1]
10:24:10.201 [main] DEBUG org.hibernate.orm.results.loading.entity - (EntityResultInitializer) Hydrated EntityKey (org.frcpm.models.Subteam(959666483586800)): 1
10:24:10.201 [main] DEBUG org.hibernate.orm.results.loading.org.hibernate.orm.results.loading.collection - (DelayedCollectionInitializer) Current row collection key : org.frcpm.models.Subteam(959666483586800).members#1
10:24:10.201 [main] DEBUG org.hibernate.orm.results.loading.org.hibernate.orm.results.loading.collection - (DelayedCollectionInitializer) Current row collection key : org.frcpm.models.Subteam(959666483586800).subsystems#1
10:24:10.201 [main] DEBUG org.hibernate.orm.results.loading.entity - (EntityResultInitializer) Created new entity instance [org.frcpm.models.Subteam(959666483586800)#1] : 739399424
10:24:10.201 [main] DEBUG org.hibernate.orm.results - Extracted JDBC value [1] - [#FF5733]
10:24:10.201 [main] DEBUG org.hibernate.orm.results - Extracted JDBC value [2] - [Mechanical]
10:24:10.201 [main] DEBUG org.hibernate.orm.results - Extracted JDBC value [3] - [Design, CAD, Fabrication, Assembly]
10:24:10.202 [main] DEBUG org.hibernate.orm.results.loading.entity - (EntityResultInitializer) Done materializing entityInstance : org.frcpm.models.Subteam(959666483586800)#1
10:24:10.202 [main] DEBUG org.hibernate.orm.results.loading - Calling top-level assembler (0 / 1) : org.hibernate.sql.results.graph.entity.internal.EntityAssembler@74692671
10:24:10.202 [main] DEBUG org.hibernate.orm.results - Extracted JDBC value [0] - [2]
10:24:10.202 [main] DEBUG org.hibernate.orm.results.loading.entity - (EntityResultInitializer) Hydrated EntityKey (org.frcpm.models.Subteam(959666483586800)): 2
10:24:10.202 [main] DEBUG org.hibernate.orm.results.loading.org.hibernate.orm.results.loading.collection - (DelayedCollectionInitializer) Current row collection key : org.frcpm.models.Subteam(959666483586800).members#2
10:24:10.202 [main] DEBUG org.hibernate.orm.results.loading.org.hibernate.orm.results.loading.collection - (DelayedCollectionInitializer) Current row collection key : org.frcpm.models.Subteam(959666483586800).subsystems#2
10:24:10.202 [main] DEBUG org.hibernate.orm.results.loading.entity - (EntityResultInitializer) Created new entity instance [org.frcpm.models.Subteam(959666483586800)#2] : 1258145195
10:24:10.202 [main] DEBUG org.hibernate.orm.results - Extracted JDBC value [1] - [#33A8FF]
10:24:10.202 [main] DEBUG org.hibernate.orm.results - Extracted JDBC value [2] - [Electrical]
10:24:10.202 [main] DEBUG org.hibernate.orm.results - Extracted JDBC value [3] - [Wiring, Electronics, Sensors, Power Systems]
10:24:10.202 [main] DEBUG org.hibernate.orm.results.loading.entity - (EntityResultInitializer) Done materializing entityInstance : org.frcpm.models.Subteam(959666483586800)#2
10:24:10.202 [main] DEBUG org.hibernate.orm.results.loading - Calling top-level assembler (0 / 1) : org.hibernate.sql.results.graph.entity.internal.EntityAssembler@74692671
10:24:10.202 [main] DEBUG org.hibernate.orm.results - Extracted JDBC value [0] - [3]
10:24:10.202 [main] DEBUG org.hibernate.orm.results.loading.entity - (EntityResultInitializer) Hydrated EntityKey (org.frcpm.models.Subteam(959666483586800)): 3
10:24:10.202 [main] DEBUG org.hibernate.orm.results.loading.org.hibernate.orm.results.loading.collection - (DelayedCollectionInitializer) Current row collection key : org.frcpm.models.Subteam(959666483586800).members#3
10:24:10.202 [main] DEBUG org.hibernate.orm.results.loading.org.hibernate.orm.results.loading.collection - (DelayedCollectionInitializer) Current row collection key : org.frcpm.models.Subteam(959666483586800).subsystems#3
10:24:10.203 [main] DEBUG org.hibernate.orm.results.loading.entity - (EntityResultInitializer) Created new entity instance [org.frcpm.models.Subteam(959666483586800)#3] : 1430608453
10:24:10.203 [main] DEBUG org.hibernate.orm.results - Extracted JDBC value [1] - [#33FF57]
10:24:10.203 [main] DEBUG org.hibernate.orm.results - Extracted JDBC value [2] - [Programming]
10:24:10.203 [main] DEBUG org.hibernate.orm.results - Extracted JDBC value [3] - [Java, Vision, Control Systems, Autonomous]
10:24:10.203 [main] DEBUG org.hibernate.orm.results.loading.entity - (EntityResultInitializer) Done materializing entityInstance : org.frcpm.models.Subteam(959666483586800)#3
10:24:10.203 [main] DEBUG org.hibernate.orm.results.loading - Calling top-level assembler (0 / 1) : org.hibernate.sql.results.graph.entity.internal.EntityAssembler@74692671
10:24:10.203 [main] DEBUG org.hibernate.orm.results - Extracted JDBC value [0] - [4]
10:24:10.203 [main] DEBUG org.hibernate.orm.results.loading.entity - (EntityResultInitializer) Hydrated EntityKey (org.frcpm.models.Subteam(959666483586800)): 4
10:24:10.203 [main] DEBUG org.hibernate.orm.results.loading.org.hibernate.orm.results.loading.collection - (DelayedCollectionInitializer) Current row collection key : org.frcpm.models.Subteam(959666483586800).members#4
10:24:10.203 [main] DEBUG org.hibernate.orm.results.loading.org.hibernate.orm.results.loading.collection - (DelayedCollectionInitializer) Current row collection key : org.frcpm.models.Subteam(959666483586800).subsystems#4
10:24:10.203 [main] DEBUG org.hibernate.orm.results.loading.entity - (EntityResultInitializer) Created new entity instance [org.frcpm.models.Subteam(959666483586800)#4] : 1155400988
10:24:10.203 [main] DEBUG org.hibernate.orm.results - Extracted JDBC value [1] - [#FF33A8]
10:24:10.203 [main] DEBUG org.hibernate.orm.results - Extracted JDBC value [2] - [Business]
10:24:10.203 [main] DEBUG org.hibernate.orm.results - Extracted JDBC value [3] - [Fundraising, Marketing, Outreach, Awards]
10:24:10.203 [main] DEBUG org.hibernate.orm.results.loading.entity - (EntityResultInitializer) Done materializing entityInstance : org.frcpm.models.Subteam(959666483586800)#4
10:24:10.203 [main] DEBUG org.hibernate.orm.results.loading - Calling top-level assembler (0 / 1) : org.hibernate.sql.results.graph.entity.internal.EntityAssembler@74692671
10:24:10.203 [main] DEBUG org.hibernate.orm.results - Extracted JDBC value [0] - [24]
10:24:10.203 [main] DEBUG org.hibernate.orm.results.loading.entity - (EntityResultInitializer) Hydrated EntityKey (org.frcpm.models.Subteam(959666483586800)): 24
10:24:10.203 [main] DEBUG org.hibernate.orm.results.loading.org.hibernate.orm.results.loading.collection - (DelayedCollectionInitializer) Current row collection key : org.frcpm.models.Subteam(959666483586800).members#24
10:24:10.203 [main] DEBUG org.hibernate.orm.results.loading.org.hibernate.orm.results.loading.collection - (DelayedCollectionInitializer) Current row collection key : org.frcpm.models.Subteam(959666483586800).subsystems#24
10:24:10.203 [main] DEBUG org.hibernate.orm.results.loading.entity - (EntityResultInitializer) Created new entity instance [org.frcpm.models.Subteam(959666483586800)#24] : 346092679
10:24:10.203 [main] DEBUG org.hibernate.orm.results - Extracted JDBC value [1] - [#0000FF]
10:24:10.203 [main] DEBUG org.hibernate.orm.results - Extracted JDBC value [2] - [Test Count Subteam]
10:24:10.203 [main] DEBUG org.hibernate.orm.results - Extracted JDBC value [3] - [null]
10:24:10.203 [main] DEBUG org.hibernate.orm.results.loading.entity - (EntityResultInitializer) Done materializing entityInstance : org.frcpm.models.Subteam(959666483586800)#24
10:24:10.203 [main] DEBUG org.hibernate.orm.results.loading - Calling top-level assembler (0 / 1) : org.hibernate.sql.results.graph.entity.internal.EntityAssembler@74692671
10:24:10.203 [main] DEBUG org.hibernate.orm.results - Extracted JDBC value [0] - [27]
10:24:10.203 [main] DEBUG org.hibernate.orm.results.loading.entity - (EntityResultInitializer) Hydrated EntityKey (org.frcpm.models.Subteam(959666483586800)): 27
10:24:10.203 [main] DEBUG org.hibernate.orm.results.loading.org.hibernate.orm.results.loading.collection - (DelayedCollectionInitializer) Current row collection key : org.frcpm.models.Subteam(959666483586800).members#27
10:24:10.203 [main] DEBUG org.hibernate.orm.results.loading.org.hibernate.orm.results.loading.collection - (DelayedCollectionInitializer) Current row collection key : org.frcpm.models.Subteam(959666483586800).subsystems#27
10:24:10.203 [main] DEBUG org.hibernate.orm.results.loading.entity - (EntityResultInitializer) Created new entity instance [org.frcpm.models.Subteam(959666483586800)#27] : 1835168832
10:24:10.203 [main] DEBUG org.hibernate.orm.results - Extracted JDBC value [1] - [#0000FF]
10:24:10.203 [main] DEBUG org.hibernate.orm.results - Extracted JDBC value [2] - [Test Save Subteam]
10:24:10.203 [main] DEBUG org.hibernate.orm.results - Extracted JDBC value [3] - [Testing]
10:24:10.203 [main] DEBUG org.hibernate.orm.results.loading.entity - (EntityResultInitializer) Done materializing entityInstance : org.frcpm.models.Subteam(959666483586800)#27
10:24:10.203 [main] DEBUG org.hibernate.orm.results.loading - Calling top-level assembler (0 / 1) : org.hibernate.sql.results.graph.entity.internal.EntityAssembler@74692671
10:24:10.203 [main] DEBUG org.hibernate.orm.results - Extracted JDBC value [0] - [42]
10:24:10.203 [main] DEBUG org.hibernate.orm.results.loading.entity - (EntityResultInitializer) Hydrated EntityKey (org.frcpm.models.Subteam(959666483586800)): 42
10:24:10.203 [main] DEBUG org.hibernate.orm.results.loading.org.hibernate.orm.results.loading.collection - (DelayedCollectionInitializer) Current row collection key : org.frcpm.models.Subteam(959666483586800).members#42
10:24:10.203 [main] DEBUG org.hibernate.orm.results.loading.org.hibernate.orm.results.loading.collection - (DelayedCollectionInitializer) Current row collection key : org.frcpm.models.Subteam(959666483586800).subsystems#42
10:24:10.203 [main] DEBUG org.hibernate.orm.results.loading.entity - (EntityResultInitializer) Created new entity instance [org.frcpm.models.Subteam(959666483586800)#42] : 235149619
10:24:10.203 [main] DEBUG org.hibernate.orm.results - Extracted JDBC value [1] - [#00FFFF]
10:24:10.203 [main] DEBUG org.hibernate.orm.results - Extracted JDBC value [2] - [Updated Subteam Name]
10:24:10.203 [main] DEBUG org.hibernate.orm.results - Extracted JDBC value [3] - [null]
10:24:10.203 [main] DEBUG org.hibernate.orm.results.loading.entity - (EntityResultInitializer) Done materializing entityInstance : org.frcpm.models.Subteam(959666483586800)#42
10:24:10.203 [main] DEBUG org.hibernate.orm.results.loading - Calling top-level assembler (0 / 1) : org.hibernate.sql.results.graph.entity.internal.EntityAssembler@74692671
10:24:10.203 [main] DEBUG org.hibernate.orm.results - Extracted JDBC value [0] - [67]
10:24:10.203 [main] DEBUG org.hibernate.orm.results.loading.entity - (EntityResultInitializer) Hydrated EntityKey (org.frcpm.models.Subteam(959666483586800)): 67
10:24:10.203 [main] DEBUG org.hibernate.orm.results.loading.org.hibernate.orm.results.loading.collection - (DelayedCollectionInitializer) Current row collection key : org.frcpm.models.Subteam(959666483586800).members#67
10:24:10.203 [main] DEBUG org.hibernate.orm.results.loading.org.hibernate.orm.results.loading.collection - (DelayedCollectionInitializer) Current row collection key : org.frcpm.models.Subteam(959666483586800).subsystems#67
10:24:10.204 [main] DEBUG org.hibernate.orm.results.loading.entity - (EntityResultInitializer) Created new entity instance [org.frcpm.models.Subteam(959666483586800)#67] : 337158092
10:24:10.204 [main] DEBUG org.hibernate.orm.results - Extracted JDBC value [1] - [#0000FF]
10:24:10.204 [main] DEBUG org.hibernate.orm.results - Extracted JDBC value [2] - [Test Create Service Subteam]
10:24:10.204 [main] DEBUG org.hibernate.orm.results - Extracted JDBC value [3] - [Testing, Quality Assurance]
10:24:10.204 [main] DEBUG org.hibernate.orm.results.loading.entity - (EntityResultInitializer) Done materializing entityInstance : org.frcpm.models.Subteam(959666483586800)#67
10:24:10.204 [main] DEBUG org.hibernate.orm.results.loading - Calling top-level assembler (0 / 1) : org.hibernate.sql.results.graph.entity.internal.EntityAssembler@74692671
10:24:10.204 [main] DEBUG org.hibernate.orm.results - Extracted JDBC value [0] - [70]
10:24:10.204 [main] DEBUG org.hibernate.orm.results.loading.entity - (EntityResultInitializer) Hydrated EntityKey (org.frcpm.models.Subteam(959666483586800)): 70
10:24:10.204 [main] DEBUG org.hibernate.orm.results.loading.org.hibernate.orm.results.loading.collection - (DelayedCollectionInitializer) Current row collection key : org.frcpm.models.Subteam(959666483586800).members#70
10:24:10.204 [main] DEBUG org.hibernate.orm.results.loading.org.hibernate.orm.results.loading.collection - (DelayedCollectionInitializer) Current row collection key : org.frcpm.models.Subteam(959666483586800).subsystems#70
10:24:10.204 [main] DEBUG org.hibernate.orm.results.loading.entity - (EntityResultInitializer) Created new entity instance [org.frcpm.models.Subteam(959666483586800)#70] : 908402780
10:24:10.204 [main] DEBUG org.hibernate.orm.results - Extracted JDBC value [1] - [#00FFFF]
10:24:10.204 [main] DEBUG org.hibernate.orm.results - Extracted JDBC value [2] - [Test Color Update Subteam]
10:24:10.204 [main] DEBUG org.hibernate.orm.results - Extracted JDBC value [3] - [Specialties]
10:24:10.204 [main] DEBUG org.hibernate.orm.results.loading.entity - (EntityResultInitializer) Done materializing entityInstance : org.frcpm.models.Subteam(959666483586800)#70
10:24:10.204 [main] DEBUG org.hibernate.orm.results.loading - Calling top-level assembler (0 / 1) : org.hibernate.sql.results.graph.entity.internal.EntityAssembler@74692671
10:24:10.204 [main] DEBUG org.hibernate.orm.results - Extracted JDBC value [0] - [79]
10:24:10.204 [main] DEBUG org.hibernate.orm.results.loading.entity - (EntityResultInitializer) Hydrated EntityKey (org.frcpm.models.Subteam(959666483586800)): 79
10:24:10.204 [main] DEBUG org.hibernate.orm.results.loading.org.hibernate.orm.results.loading.collection - (DelayedCollectionInitializer) Current row collection key : org.frcpm.models.Subteam(959666483586800).members#79
10:24:10.204 [main] DEBUG org.hibernate.orm.results.loading.org.hibernate.orm.results.loading.collection - (DelayedCollectionInitializer) Current row collection key : org.frcpm.models.Subteam(959666483586800).subsystems#79
10:24:10.204 [main] DEBUG org.hibernate.orm.results.loading.entity - (EntityResultInitializer) Created new entity instance [org.frcpm.models.Subteam(959666483586800)#79] : 159190298
10:24:10.204 [main] DEBUG org.hibernate.orm.results - Extracted JDBC value [1] - [#0000FF]
10:24:10.204 [main] DEBUG org.hibernate.orm.results - Extracted JDBC value [2] - [Test Update Subteam]
10:24:10.204 [main] DEBUG org.hibernate.orm.results - Extracted JDBC value [3] - [Updated Specialties]
10:24:10.204 [main] DEBUG org.hibernate.orm.results.loading.entity - (EntityResultInitializer) Done materializing entityInstance : org.frcpm.models.Subteam(959666483586800)#79
10:24:10.204 [main] DEBUG org.hibernate.orm.results.loading - Calling top-level assembler (0 / 1) : org.hibernate.sql.results.graph.entity.internal.EntityAssembler@74692671
10:24:10.204 [main] DEBUG org.hibernate.orm.results - Extracted JDBC value [0] - [87]
10:24:10.204 [main] DEBUG org.hibernate.orm.results.loading.entity - (EntityResultInitializer) Hydrated EntityKey (org.frcpm.models.Subteam(959666483586800)): 87
10:24:10.204 [main] DEBUG org.hibernate.orm.results.loading.org.hibernate.orm.results.loading.collection - (DelayedCollectionInitializer) Current row collection key : org.frcpm.models.Subteam(959666483586800).members#87
10:24:10.204 [main] DEBUG org.hibernate.orm.results.loading.org.hibernate.orm.results.loading.collection - (DelayedCollectionInitializer) Current row collection key : org.frcpm.models.Subteam(959666483586800).subsystems#87
10:24:10.204 [main] DEBUG org.hibernate.orm.results.loading.entity - (EntityResultInitializer) Created new entity instance [org.frcpm.models.Subteam(959666483586800)#87] : 1882950972
10:24:10.204 [main] DEBUG org.hibernate.orm.results - Extracted JDBC value [1] - [#0000FF]
10:24:10.204 [main] DEBUG org.hibernate.orm.results - Extracted JDBC value [2] - [Duplicate Name Subteam]
10:24:10.204 [main] DEBUG org.hibernate.orm.results - Extracted JDBC value [3] - [Specialties]
10:24:10.204 [main] DEBUG org.hibernate.orm.results.loading.entity - (EntityResultInitializer) Done materializing entityInstance : org.frcpm.models.Subteam(959666483586800)#87
10:24:10.204 [main] DEBUG org.hibernate.orm.results.loading - Calling top-level assembler (0 / 1) : org.hibernate.sql.results.graph.entity.internal.EntityAssembler@74692671
10:24:10.204 [main] DEBUG org.hibernate.resource.jdbc.internal.LogicalConnectionManagedImpl - Initiating JDBC connection release from afterTransaction
10:24:10.204 [main] DEBUG org.hibernate.resource.jdbc.internal.LogicalConnectionManagedImpl - Initiating JDBC connection release from afterTransaction
]]></system-out>
  </testcase>
  <testcase name="testHandleAddMember" classname="org.frcpm.controllers.TeamControllerTest" time="0.025">
    <system-out><![CDATA[10:24:10.215 [main] DEBUG org.hibernate.orm.sql.ast.create - Created new SQL alias : tm1_0
10:24:10.216 [main] DEBUG org.hibernate.orm.sql.ast.create - Registration of TableGroup [StandardTableGroup(org.frcpm.models.TeamMember(959666501724200))] with identifierForTableGroup [org.frcpm.models.TeamMember] for NavigablePath [org.frcpm.models.TeamMember] 
10:24:10.216 [main] DEBUG org.hibernate.orm.sql.ast.create - Registration of TableGroup [org.hibernate.sql.ast.tree.from.LazyTableGroup@425a2a7b] with identifierForTableGroup [org.frcpm.models.TeamMember.subteam] for NavigablePath [org.frcpm.models.TeamMember.subteam] 
10:24:10.216 [main] DEBUG org.hibernate.orm.results.graph.AST - DomainResult Graph:
 \-EntityResultImpl [org.frcpm.models.TeamMember(959666501724200)]
 |  +-DelayedCollectionFetch [org.frcpm.models.TeamMember(959666501724200).assignedTasks]
 |  +-DelayedCollectionFetch [org.frcpm.models.TeamMember(959666501724200).attendances]
 |  +-BasicFetch [org.frcpm.models.TeamMember(959666501724200).email]
 |  +-BasicFetch [org.frcpm.models.TeamMember(959666501724200).firstName]
 |  +-BasicFetch [org.frcpm.models.TeamMember(959666501724200).lastName]
 |  +-BasicFetch [org.frcpm.models.TeamMember(959666501724200).leader]
 |  +-BasicFetch [org.frcpm.models.TeamMember(959666501724200).phone]
 |  +-BasicFetch [org.frcpm.models.TeamMember(959666501724200).skills]
 |  +-CircularFetchImpl [org.frcpm.models.TeamMember(959666501724200).subteam]
 |  \-BasicFetch [org.frcpm.models.TeamMember(959666501724200).username]

10:24:10.216 [main] DEBUG org.hibernate.orm.sql.ast.tree - SQL AST Tree:
    SelectStatement {
      FromClause {
        StandardTableGroup (tm1 : org.frcpm.models.TeamMember(959666501724200)) {
          primaryTableReference : team_members as tm1_0
          TableGroupJoins {
            left  join LazyTableGroup (s1 : org.frcpm.models.TeamMember(959666501724200).subteam) {
            }
          }
        }
      }
    }

10:24:10.216 [main] DEBUG org.hibernate.orm.sql.exec - Skipping reading Query result cache data: cache-enabled = false, cache-mode = NORMAL
10:24:10.216 [main] DEBUG org.hibernate.orm.results - Initializer list:
	  org.frcpm.models.TeamMember(959666501724200).assignedTasks -> DelayedCollectionInitializer(org.frcpm.models.TeamMember(959666501724200).assignedTasks)@887080127 (PluralAttribute(org.frcpm.models.TeamMember.assignedTasks))
	  org.frcpm.models.TeamMember(959666501724200) -> EntityResultInitializer(org.frcpm.models.TeamMember(959666501724200))@94613064 (SingleTableEntityPersister(org.frcpm.models.TeamMember))
	  org.frcpm.models.TeamMember(959666501724200).attendances -> DelayedCollectionInitializer(org.frcpm.models.TeamMember(959666501724200).attendances)@2047727228 (PluralAttribute(org.frcpm.models.TeamMember.attendances))
	  org.frcpm.models.TeamMember(959666501724200).subteam -> EntityDelayedFetchInitializer(org.frcpm.models.TeamMember(959666501724200).subteam)@1763123892 (ToOneAttributeMapping(NavigableRole[org.frcpm.models.TeamMember.subteam])@1143917207)

10:24:10.216 [main] DEBUG org.hibernate.SQL - select tm1_0.id,tm1_0.email,tm1_0.first_name,tm1_0.last_name,tm1_0.is_leader,tm1_0.phone,tm1_0.skills,tm1_0.subteam_id,tm1_0.username from team_members tm1_0
10:24:10.217 [main] DEBUG org.hibernate.orm.results - Extracted JDBC value [0] - [1]
10:24:10.217 [main] DEBUG org.hibernate.orm.results.loading.entity - (EntityResultInitializer) Hydrated EntityKey (org.frcpm.models.TeamMember(959666501724200)): 1
10:24:10.217 [main] DEBUG org.hibernate.orm.results.loading.org.hibernate.orm.results.loading.collection - (DelayedCollectionInitializer) Current row collection key : org.frcpm.models.TeamMember(959666501724200).assignedTasks#1
10:24:10.217 [main] DEBUG org.hibernate.orm.results.loading.org.hibernate.orm.results.loading.collection - (DelayedCollectionInitializer) Current row collection key : org.frcpm.models.TeamMember(959666501724200).attendances#1
10:24:10.218 [main] DEBUG org.hibernate.orm.results.loading.entity - (EntityResultInitializer) Created new entity instance [org.frcpm.models.TeamMember(959666501724200)#1] : 793005552
10:24:10.218 [main] DEBUG org.hibernate.orm.results - Extracted JDBC value [7] - [3]
10:24:10.218 [main] DEBUG org.hibernate.orm.results - Extracted JDBC value [1] - [jsmith@example.com]
10:24:10.218 [main] DEBUG org.hibernate.orm.results - Extracted JDBC value [2] - [John]
10:24:10.218 [main] DEBUG org.hibernate.orm.results - Extracted JDBC value [3] - [Smith]
10:24:10.218 [main] DEBUG org.hibernate.orm.results - Extracted JDBC value [4] - [true]
10:24:10.218 [main] DEBUG org.hibernate.orm.results - Extracted JDBC value [5] - [555-1234]
10:24:10.218 [main] DEBUG org.hibernate.orm.results - Extracted JDBC value [6] - [Java, Python, Control Systems]
10:24:10.218 [main] DEBUG org.hibernate.orm.results - Extracted JDBC value [8] - [jsmith]
10:24:10.218 [main] DEBUG org.hibernate.orm.results.loading.entity - (EntityResultInitializer) Done materializing entityInstance : org.frcpm.models.TeamMember(959666501724200)#1
10:24:10.218 [main] DEBUG org.hibernate.orm.results.loading - Calling top-level assembler (0 / 1) : org.hibernate.sql.results.graph.entity.internal.EntityAssembler@2ed0e7c9
10:24:10.218 [main] DEBUG org.hibernate.orm.results - Extracted JDBC value [0] - [2]
10:24:10.218 [main] DEBUG org.hibernate.orm.results.loading.entity - (EntityResultInitializer) Hydrated EntityKey (org.frcpm.models.TeamMember(959666501724200)): 2
10:24:10.218 [main] DEBUG org.hibernate.orm.results.loading.org.hibernate.orm.results.loading.collection - (DelayedCollectionInitializer) Current row collection key : org.frcpm.models.TeamMember(959666501724200).assignedTasks#2
10:24:10.218 [main] DEBUG org.hibernate.orm.results.loading.org.hibernate.orm.results.loading.collection - (DelayedCollectionInitializer) Current row collection key : org.frcpm.models.TeamMember(959666501724200).attendances#2
10:24:10.218 [main] DEBUG org.hibernate.orm.results.loading.entity - (EntityResultInitializer) Created new entity instance [org.frcpm.models.TeamMember(959666501724200)#2] : 594940974
10:24:10.218 [main] DEBUG org.hibernate.orm.results - Extracted JDBC value [7] - [1]
10:24:10.218 [main] DEBUG org.hibernate.orm.results - Extracted JDBC value [1] - [agarcia@example.com]
10:24:10.218 [main] DEBUG org.hibernate.orm.results - Extracted JDBC value [2] - [Ana]
10:24:10.218 [main] DEBUG org.hibernate.orm.results - Extracted JDBC value [3] - [Garcia]
10:24:10.218 [main] DEBUG org.hibernate.orm.results - Extracted JDBC value [4] - [true]
10:24:10.218 [main] DEBUG org.hibernate.orm.results - Extracted JDBC value [5] - [555-5678]
10:24:10.218 [main] DEBUG org.hibernate.orm.results - Extracted JDBC value [6] - [CAD, Design, Machining]
10:24:10.219 [main] DEBUG org.hibernate.orm.results - Extracted JDBC value [8] - [agarcia]
10:24:10.219 [main] DEBUG org.hibernate.orm.results.loading.entity - (EntityResultInitializer) Done materializing entityInstance : org.frcpm.models.TeamMember(959666501724200)#2
10:24:10.219 [main] DEBUG org.hibernate.orm.results.loading - Calling top-level assembler (0 / 1) : org.hibernate.sql.results.graph.entity.internal.EntityAssembler@2ed0e7c9
10:24:10.219 [main] DEBUG org.hibernate.orm.results - Extracted JDBC value [0] - [3]
10:24:10.219 [main] DEBUG org.hibernate.orm.results.loading.entity - (EntityResultInitializer) Hydrated EntityKey (org.frcpm.models.TeamMember(959666501724200)): 3
10:24:10.219 [main] DEBUG org.hibernate.orm.results.loading.org.hibernate.orm.results.loading.collection - (DelayedCollectionInitializer) Current row collection key : org.frcpm.models.TeamMember(959666501724200).assignedTasks#3
10:24:10.219 [main] DEBUG org.hibernate.orm.results.loading.org.hibernate.orm.results.loading.collection - (DelayedCollectionInitializer) Current row collection key : org.frcpm.models.TeamMember(959666501724200).attendances#3
10:24:10.219 [main] DEBUG org.hibernate.orm.results.loading.entity - (EntityResultInitializer) Created new entity instance [org.frcpm.models.TeamMember(959666501724200)#3] : 198063885
10:24:10.219 [main] DEBUG org.hibernate.orm.results - Extracted JDBC value [7] - [2]
10:24:10.219 [main] DEBUG org.hibernate.orm.results - Extracted JDBC value [1] - [twong@example.com]
10:24:10.219 [main] DEBUG org.hibernate.orm.results - Extracted JDBC value [2] - [Tyler]
10:24:10.219 [main] DEBUG org.hibernate.orm.results - Extracted JDBC value [3] - [Wong]
10:24:10.219 [main] DEBUG org.hibernate.orm.results - Extracted JDBC value [4] - [true]
10:24:10.219 [main] DEBUG org.hibernate.orm.results - Extracted JDBC value [5] - [555-9012]
10:24:10.219 [main] DEBUG org.hibernate.orm.results - Extracted JDBC value [6] - [Electronics, Wiring, Soldering]
10:24:10.219 [main] DEBUG org.hibernate.orm.results - Extracted JDBC value [8] - [twong]
10:24:10.219 [main] DEBUG org.hibernate.orm.results.loading.entity - (EntityResultInitializer) Done materializing entityInstance : org.frcpm.models.TeamMember(959666501724200)#3
10:24:10.219 [main] DEBUG org.hibernate.orm.results.loading - Calling top-level assembler (0 / 1) : org.hibernate.sql.results.graph.entity.internal.EntityAssembler@2ed0e7c9
10:24:10.219 [main] DEBUG org.hibernate.orm.results - Extracted JDBC value [0] - [4]
10:24:10.219 [main] DEBUG org.hibernate.orm.results.loading.entity - (EntityResultInitializer) Hydrated EntityKey (org.frcpm.models.TeamMember(959666501724200)): 4
10:24:10.219 [main] DEBUG org.hibernate.orm.results.loading.org.hibernate.orm.results.loading.collection - (DelayedCollectionInitializer) Current row collection key : org.frcpm.models.TeamMember(959666501724200).assignedTasks#4
10:24:10.219 [main] DEBUG org.hibernate.orm.results.loading.org.hibernate.orm.results.loading.collection - (DelayedCollectionInitializer) Current row collection key : org.frcpm.models.TeamMember(959666501724200).attendances#4
10:24:10.219 [main] DEBUG org.hibernate.orm.results.loading.entity - (EntityResultInitializer) Created new entity instance [org.frcpm.models.TeamMember(959666501724200)#4] : 1547756440
10:24:10.219 [main] DEBUG org.hibernate.orm.results - Extracted JDBC value [7] - [4]
10:24:10.219 [main] DEBUG org.hibernate.orm.results - Extracted JDBC value [1] - [lchen@example.com]
10:24:10.219 [main] DEBUG org.hibernate.orm.results - Extracted JDBC value [2] - [Lisa]
10:24:10.219 [main] DEBUG org.hibernate.orm.results - Extracted JDBC value [3] - [Chen]
10:24:10.219 [main] DEBUG org.hibernate.orm.results - Extracted JDBC value [4] - [true]
10:24:10.219 [main] DEBUG org.hibernate.orm.results - Extracted JDBC value [5] - [555-3456]
10:24:10.219 [main] DEBUG org.hibernate.orm.results - Extracted JDBC value [6] - [Marketing, Social Media, Presentations]
10:24:10.219 [main] DEBUG org.hibernate.orm.results - Extracted JDBC value [8] - [lchen]
10:24:10.219 [main] DEBUG org.hibernate.orm.results.loading.entity - (EntityResultInitializer) Done materializing entityInstance : org.frcpm.models.TeamMember(959666501724200)#4
10:24:10.220 [main] DEBUG org.hibernate.orm.results.loading - Calling top-level assembler (0 / 1) : org.hibernate.sql.results.graph.entity.internal.EntityAssembler@2ed0e7c9
10:24:10.220 [main] DEBUG org.hibernate.orm.results - Extracted JDBC value [0] - [5]
10:24:10.220 [main] DEBUG org.hibernate.orm.results.loading.entity - (EntityResultInitializer) Hydrated EntityKey (org.frcpm.models.TeamMember(959666501724200)): 5
10:24:10.220 [main] DEBUG org.hibernate.orm.results.loading.org.hibernate.orm.results.loading.collection - (DelayedCollectionInitializer) Current row collection key : org.frcpm.models.TeamMember(959666501724200).assignedTasks#5
10:24:10.220 [main] DEBUG org.hibernate.orm.results.loading.org.hibernate.orm.results.loading.collection - (DelayedCollectionInitializer) Current row collection key : org.frcpm.models.TeamMember(959666501724200).attendances#5
10:24:10.220 [main] DEBUG org.hibernate.orm.results.loading.entity - (EntityResultInitializer) Created new entity instance [org.frcpm.models.TeamMember(959666501724200)#5] : 1372629453
10:24:10.220 [main] DEBUG org.hibernate.orm.results - Extracted JDBC value [7] - [1]
10:24:10.220 [main] DEBUG org.hibernate.orm.results - Extracted JDBC value [1] - [mjohnson@example.com]
10:24:10.220 [main] DEBUG org.hibernate.orm.results - Extracted JDBC value [2] - [Mike]
10:24:10.220 [main] DEBUG org.hibernate.orm.results - Extracted JDBC value [3] - [Johnson]
10:24:10.220 [main] DEBUG org.hibernate.orm.results - Extracted JDBC value [4] - [false]
10:24:10.220 [main] DEBUG org.hibernate.orm.results - Extracted JDBC value [5] - [555-7890]
10:24:10.220 [main] DEBUG org.hibernate.orm.results - Extracted JDBC value [6] - [CAD, 3D Printing, Prototyping]
10:24:10.220 [main] DEBUG org.hibernate.orm.results - Extracted JDBC value [8] - [mjohnson]
10:24:10.220 [main] DEBUG org.hibernate.orm.results.loading.entity - (EntityResultInitializer) Done materializing entityInstance : org.frcpm.models.TeamMember(959666501724200)#5
10:24:10.220 [main] DEBUG org.hibernate.orm.results.loading - Calling top-level assembler (0 / 1) : org.hibernate.sql.results.graph.entity.internal.EntityAssembler@2ed0e7c9
10:24:10.220 [main] DEBUG org.hibernate.orm.results - Extracted JDBC value [0] - [6]
10:24:10.220 [main] DEBUG org.hibernate.orm.results.loading.entity - (EntityResultInitializer) Hydrated EntityKey (org.frcpm.models.TeamMember(959666501724200)): 6
10:24:10.220 [main] DEBUG org.hibernate.orm.results.loading.org.hibernate.orm.results.loading.collection - (DelayedCollectionInitializer) Current row collection key : org.frcpm.models.TeamMember(959666501724200).assignedTasks#6
10:24:10.220 [main] DEBUG org.hibernate.orm.results.loading.org.hibernate.orm.results.loading.collection - (DelayedCollectionInitializer) Current row collection key : org.frcpm.models.TeamMember(959666501724200).attendances#6
10:24:10.220 [main] DEBUG org.hibernate.orm.results.loading.entity - (EntityResultInitializer) Created new entity instance [org.frcpm.models.TeamMember(959666501724200)#6] : 1008364940
10:24:10.220 [main] DEBUG org.hibernate.orm.results - Extracted JDBC value [7] - [3]
10:24:10.220 [main] DEBUG org.hibernate.orm.results - Extracted JDBC value [1] - [sdavis@example.com]
10:24:10.220 [main] DEBUG org.hibernate.orm.results - Extracted JDBC value [2] - [Sarah]
10:24:10.220 [main] DEBUG org.hibernate.orm.results - Extracted JDBC value [3] - [Davis]
10:24:10.220 [main] DEBUG org.hibernate.orm.results - Extracted JDBC value [4] - [false]
10:24:10.220 [main] DEBUG org.hibernate.orm.results - Extracted JDBC value [5] - [555-2345]
10:24:10.220 [main] DEBUG org.hibernate.orm.results - Extracted JDBC value [6] - [Computer Vision, Machine Learning]
10:24:10.220 [main] DEBUG org.hibernate.orm.results - Extracted JDBC value [8] - [sdavis]
10:24:10.220 [main] DEBUG org.hibernate.orm.results.loading.entity - (EntityResultInitializer) Done materializing entityInstance : org.frcpm.models.TeamMember(959666501724200)#6
10:24:10.220 [main] DEBUG org.hibernate.orm.results.loading - Calling top-level assembler (0 / 1) : org.hibernate.sql.results.graph.entity.internal.EntityAssembler@2ed0e7c9
10:24:10.220 [main] DEBUG org.hibernate.orm.results - Extracted JDBC value [0] - [36]
10:24:10.220 [main] DEBUG org.hibernate.orm.results.loading.entity - (EntityResultInitializer) Hydrated EntityKey (org.frcpm.models.TeamMember(959666501724200)): 36
10:24:10.220 [main] DEBUG org.hibernate.orm.results.loading.org.hibernate.orm.results.loading.collection - (DelayedCollectionInitializer) Current row collection key : org.frcpm.models.TeamMember(959666501724200).assignedTasks#36
10:24:10.220 [main] DEBUG org.hibernate.orm.results.loading.org.hibernate.orm.results.loading.collection - (DelayedCollectionInitializer) Current row collection key : org.frcpm.models.TeamMember(959666501724200).attendances#36
10:24:10.220 [main] DEBUG org.hibernate.orm.results.loading.entity - (EntityResultInitializer) Created new entity instance [org.frcpm.models.TeamMember(959666501724200)#36] : 403725588
10:24:10.220 [main] DEBUG org.hibernate.orm.results - Extracted JDBC value [7] - [null]
10:24:10.220 [main] DEBUG org.hibernate.orm.results - Extracted JDBC value [1] - [tasktest@example.com]
10:24:10.220 [main] DEBUG org.hibernate.orm.results - Extracted JDBC value [2] - [Task]
10:24:10.220 [main] DEBUG org.hibernate.orm.results - Extracted JDBC value [3] - [Test]
10:24:10.220 [main] DEBUG org.hibernate.orm.results - Extracted JDBC value [4] - [false]
10:24:10.220 [main] DEBUG org.hibernate.orm.results - Extracted JDBC value [5] - [null]
10:24:10.220 [main] DEBUG org.hibernate.orm.results - Extracted JDBC value [6] - [null]
10:24:10.220 [main] DEBUG org.hibernate.orm.results - Extracted JDBC value [8] - [tasktestuser_1745594395337]
10:24:10.220 [main] DEBUG org.hibernate.orm.results.loading.entity - (EntityResultInitializer) Done materializing entityInstance : org.frcpm.models.TeamMember(959666501724200)#36
10:24:10.220 [main] DEBUG org.hibernate.orm.results.loading - Calling top-level assembler (0 / 1) : org.hibernate.sql.results.graph.entity.internal.EntityAssembler@2ed0e7c9
10:24:10.220 [main] DEBUG org.hibernate.orm.results - Extracted JDBC value [0] - [37]
10:24:10.220 [main] DEBUG org.hibernate.orm.results.loading.entity - (EntityResultInitializer) Hydrated EntityKey (org.frcpm.models.TeamMember(959666501724200)): 37
10:24:10.220 [main] DEBUG org.hibernate.orm.results.loading.org.hibernate.orm.results.loading.collection - (DelayedCollectionInitializer) Current row collection key : org.frcpm.models.TeamMember(959666501724200).assignedTasks#37
10:24:10.220 [main] DEBUG org.hibernate.orm.results.loading.org.hibernate.orm.results.loading.collection - (DelayedCollectionInitializer) Current row collection key : org.frcpm.models.TeamMember(959666501724200).attendances#37
10:24:10.220 [main] DEBUG org.hibernate.orm.results.loading.entity - (EntityResultInitializer) Created new entity instance [org.frcpm.models.TeamMember(959666501724200)#37] : 1267948171
10:24:10.220 [main] DEBUG org.hibernate.orm.results - Extracted JDBC value [7] - [null]
10:24:10.220 [main] DEBUG org.hibernate.orm.results - Extracted JDBC value [1] - [tasktest@example.com]
10:24:10.220 [main] DEBUG org.hibernate.orm.results - Extracted JDBC value [2] - [Task]
10:24:10.220 [main] DEBUG org.hibernate.orm.results - Extracted JDBC value [3] - [Test]
10:24:10.220 [main] DEBUG org.hibernate.orm.results - Extracted JDBC value [4] - [false]
10:24:10.220 [main] DEBUG org.hibernate.orm.results - Extracted JDBC value [5] - [null]
10:24:10.220 [main] DEBUG org.hibernate.orm.results - Extracted JDBC value [6] - [null]
10:24:10.220 [main] DEBUG org.hibernate.orm.results - Extracted JDBC value [8] - [tasktestuser_1745594395698]
10:24:10.220 [main] DEBUG org.hibernate.orm.results.loading.entity - (EntityResultInitializer) Done materializing entityInstance : org.frcpm.models.TeamMember(959666501724200)#37
10:24:10.220 [main] DEBUG org.hibernate.orm.results.loading - Calling top-level assembler (0 / 1) : org.hibernate.sql.results.graph.entity.internal.EntityAssembler@2ed0e7c9
10:24:10.220 [main] DEBUG org.hibernate.orm.results - Extracted JDBC value [0] - [38]
10:24:10.220 [main] DEBUG org.hibernate.orm.results.loading.entity - (EntityResultInitializer) Hydrated EntityKey (org.frcpm.models.TeamMember(959666501724200)): 38
10:24:10.220 [main] DEBUG org.hibernate.orm.results.loading.org.hibernate.orm.results.loading.collection - (DelayedCollectionInitializer) Current row collection key : org.frcpm.models.TeamMember(959666501724200).assignedTasks#38
10:24:10.220 [main] DEBUG org.hibernate.orm.results.loading.org.hibernate.orm.results.loading.collection - (DelayedCollectionInitializer) Current row collection key : org.frcpm.models.TeamMember(959666501724200).attendances#38
10:24:10.220 [main] DEBUG org.hibernate.orm.results.loading.entity - (EntityResultInitializer) Created new entity instance [org.frcpm.models.TeamMember(959666501724200)#38] : 920235327
10:24:10.220 [main] DEBUG org.hibernate.orm.results - Extracted JDBC value [7] - [null]
10:24:10.220 [main] DEBUG org.hibernate.orm.results - Extracted JDBC value [1] - [tasktest@example.com]
10:24:10.220 [main] DEBUG org.hibernate.orm.results - Extracted JDBC value [2] - [Task]
10:24:10.220 [main] DEBUG org.hibernate.orm.results - Extracted JDBC value [3] - [Test]
10:24:10.220 [main] DEBUG org.hibernate.orm.results - Extracted JDBC value [4] - [false]
10:24:10.220 [main] DEBUG org.hibernate.orm.results - Extracted JDBC value [5] - [null]
10:24:10.220 [main] DEBUG org.hibernate.orm.results - Extracted JDBC value [6] - [null]
10:24:10.220 [main] DEBUG org.hibernate.orm.results - Extracted JDBC value [8] - [tasktestuser_1745594396071]
10:24:10.221 [main] DEBUG org.hibernate.orm.results.loading.entity - (EntityResultInitializer) Done materializing entityInstance : org.frcpm.models.TeamMember(959666501724200)#38
10:24:10.221 [main] DEBUG org.hibernate.orm.results.loading - Calling top-level assembler (0 / 1) : org.hibernate.sql.results.graph.entity.internal.EntityAssembler@2ed0e7c9
10:24:10.221 [main] DEBUG org.hibernate.orm.results - Extracted JDBC value [0] - [39]
10:24:10.221 [main] DEBUG org.hibernate.orm.results.loading.entity - (EntityResultInitializer) Hydrated EntityKey (org.frcpm.models.TeamMember(959666501724200)): 39
10:24:10.221 [main] DEBUG org.hibernate.orm.results.loading.org.hibernate.orm.results.loading.collection - (DelayedCollectionInitializer) Current row collection key : org.frcpm.models.TeamMember(959666501724200).assignedTasks#39
10:24:10.221 [main] DEBUG org.hibernate.orm.results.loading.org.hibernate.orm.results.loading.collection - (DelayedCollectionInitializer) Current row collection key : org.frcpm.models.TeamMember(959666501724200).attendances#39
10:24:10.221 [main] DEBUG org.hibernate.orm.results.loading.entity - (EntityResultInitializer) Created new entity instance [org.frcpm.models.TeamMember(959666501724200)#39] : 78048568
10:24:10.221 [main] DEBUG org.hibernate.orm.results - Extracted JDBC value [7] - [null]
10:24:10.221 [main] DEBUG org.hibernate.orm.results - Extracted JDBC value [1] - [tasktest@example.com]
10:24:10.221 [main] DEBUG org.hibernate.orm.results - Extracted JDBC value [2] - [Task]
10:24:10.221 [main] DEBUG org.hibernate.orm.results - Extracted JDBC value [3] - [Test]
10:24:10.221 [main] DEBUG org.hibernate.orm.results - Extracted JDBC value [4] - [false]
10:24:10.221 [main] DEBUG org.hibernate.orm.results - Extracted JDBC value [5] - [null]
10:24:10.221 [main] DEBUG org.hibernate.orm.results - Extracted JDBC value [6] - [null]
10:24:10.221 [main] DEBUG org.hibernate.orm.results - Extracted JDBC value [8] - [tasktestuser_1745594396416]
10:24:10.221 [main] DEBUG org.hibernate.orm.results.loading.entity - (EntityResultInitializer) Done materializing entityInstance : org.frcpm.models.TeamMember(959666501724200)#39
10:24:10.221 [main] DEBUG org.hibernate.orm.results.loading - Calling top-level assembler (0 / 1) : org.hibernate.sql.results.graph.entity.internal.EntityAssembler@2ed0e7c9
10:24:10.221 [main] DEBUG org.hibernate.orm.results - Extracted JDBC value [0] - [40]
10:24:10.221 [main] DEBUG org.hibernate.orm.results.loading.entity - (EntityResultInitializer) Hydrated EntityKey (org.frcpm.models.TeamMember(959666501724200)): 40
10:24:10.221 [main] DEBUG org.hibernate.orm.results.loading.org.hibernate.orm.results.loading.collection - (DelayedCollectionInitializer) Current row collection key : org.frcpm.models.TeamMember(959666501724200).assignedTasks#40
10:24:10.221 [main] DEBUG org.hibernate.orm.results.loading.org.hibernate.orm.results.loading.collection - (DelayedCollectionInitializer) Current row collection key : org.frcpm.models.TeamMember(959666501724200).attendances#40
10:24:10.221 [main] DEBUG org.hibernate.orm.results.loading.entity - (EntityResultInitializer) Created new entity instance [org.frcpm.models.TeamMember(959666501724200)#40] : 1881254670
10:24:10.221 [main] DEBUG org.hibernate.orm.results - Extracted JDBC value [7] - [null]
10:24:10.221 [main] DEBUG org.hibernate.orm.results - Extracted JDBC value [1] - [tasktest@example.com]
10:24:10.221 [main] DEBUG org.hibernate.orm.results - Extracted JDBC value [2] - [Task]
10:24:10.221 [main] DEBUG org.hibernate.orm.results - Extracted JDBC value [3] - [Test]
10:24:10.221 [main] DEBUG org.hibernate.orm.results - Extracted JDBC value [4] - [false]
10:24:10.221 [main] DEBUG org.hibernate.orm.results - Extracted JDBC value [5] - [null]
10:24:10.221 [main] DEBUG org.hibernate.orm.results - Extracted JDBC value [6] - [null]
10:24:10.221 [main] DEBUG org.hibernate.orm.results - Extracted JDBC value [8] - [tasktestuser_1745594396762]
10:24:10.221 [main] DEBUG org.hibernate.orm.results.loading.entity - (EntityResultInitializer) Done materializing entityInstance : org.frcpm.models.TeamMember(959666501724200)#40
10:24:10.221 [main] DEBUG org.hibernate.orm.results.loading - Calling top-level assembler (0 / 1) : org.hibernate.sql.results.graph.entity.internal.EntityAssembler@2ed0e7c9
10:24:10.221 [main] DEBUG org.hibernate.orm.results - Extracted JDBC value [0] - [41]
10:24:10.221 [main] DEBUG org.hibernate.orm.results.loading.entity - (EntityResultInitializer) Hydrated EntityKey (org.frcpm.models.TeamMember(959666501724200)): 41
10:24:10.221 [main] DEBUG org.hibernate.orm.results.loading.org.hibernate.orm.results.loading.collection - (DelayedCollectionInitializer) Current row collection key : org.frcpm.models.TeamMember(959666501724200).assignedTasks#41
10:24:10.221 [main] DEBUG org.hibernate.orm.results.loading.org.hibernate.orm.results.loading.collection - (DelayedCollectionInitializer) Current row collection key : org.frcpm.models.TeamMember(959666501724200).attendances#41
10:24:10.221 [main] DEBUG org.hibernate.orm.results.loading.entity - (EntityResultInitializer) Created new entity instance [org.frcpm.models.TeamMember(959666501724200)#41] : 2129448187
10:24:10.221 [main] DEBUG org.hibernate.orm.results - Extracted JDBC value [7] - [null]
10:24:10.221 [main] DEBUG org.hibernate.orm.results - Extracted JDBC value [1] - [tasktest@example.com]
10:24:10.221 [main] DEBUG org.hibernate.orm.results - Extracted JDBC value [2] - [Task]
10:24:10.221 [main] DEBUG org.hibernate.orm.results - Extracted JDBC value [3] - [Test]
10:24:10.221 [main] DEBUG org.hibernate.orm.results - Extracted JDBC value [4] - [false]
10:24:10.221 [main] DEBUG org.hibernate.orm.results - Extracted JDBC value [5] - [null]
10:24:10.221 [main] DEBUG org.hibernate.orm.results - Extracted JDBC value [6] - [null]
10:24:10.221 [main] DEBUG org.hibernate.orm.results - Extracted JDBC value [8] - [tasktestuser_1745594397140]
10:24:10.221 [main] DEBUG org.hibernate.orm.results.loading.entity - (EntityResultInitializer) Done materializing entityInstance : org.frcpm.models.TeamMember(959666501724200)#41
10:24:10.221 [main] DEBUG org.hibernate.orm.results.loading - Calling top-level assembler (0 / 1) : org.hibernate.sql.results.graph.entity.internal.EntityAssembler@2ed0e7c9
10:24:10.221 [main] DEBUG org.hibernate.orm.results - Extracted JDBC value [0] - [42]
10:24:10.221 [main] DEBUG org.hibernate.orm.results.loading.entity - (EntityResultInitializer) Hydrated EntityKey (org.frcpm.models.TeamMember(959666501724200)): 42
10:24:10.221 [main] DEBUG org.hibernate.orm.results.loading.org.hibernate.orm.results.loading.collection - (DelayedCollectionInitializer) Current row collection key : org.frcpm.models.TeamMember(959666501724200).assignedTasks#42
10:24:10.221 [main] DEBUG org.hibernate.orm.results.loading.org.hibernate.orm.results.loading.collection - (DelayedCollectionInitializer) Current row collection key : org.frcpm.models.TeamMember(959666501724200).attendances#42
10:24:10.221 [main] DEBUG org.hibernate.orm.results.loading.entity - (EntityResultInitializer) Created new entity instance [org.frcpm.models.TeamMember(959666501724200)#42] : 1887123436
10:24:10.221 [main] DEBUG org.hibernate.orm.results - Extracted JDBC value [7] - [null]
10:24:10.221 [main] DEBUG org.hibernate.orm.results - Extracted JDBC value [1] - [tasktest@example.com]
10:24:10.221 [main] DEBUG org.hibernate.orm.results - Extracted JDBC value [2] - [Task]
10:24:10.221 [main] DEBUG org.hibernate.orm.results - Extracted JDBC value [3] - [Test]
10:24:10.221 [main] DEBUG org.hibernate.orm.results - Extracted JDBC value [4] - [false]
10:24:10.221 [main] DEBUG org.hibernate.orm.results - Extracted JDBC value [5] - [null]
10:24:10.221 [main] DEBUG org.hibernate.orm.results - Extracted JDBC value [6] - [null]
10:24:10.221 [main] DEBUG org.hibernate.orm.results - Extracted JDBC value [8] - [tasktestuser_1745594397563]
10:24:10.221 [main] DEBUG org.hibernate.orm.results.loading.entity - (EntityResultInitializer) Done materializing entityInstance : org.frcpm.models.TeamMember(959666501724200)#42
10:24:10.221 [main] DEBUG org.hibernate.orm.results.loading - Calling top-level assembler (0 / 1) : org.hibernate.sql.results.graph.entity.internal.EntityAssembler@2ed0e7c9
10:24:10.221 [main] DEBUG org.hibernate.orm.results - Extracted JDBC value [0] - [43]
10:24:10.221 [main] DEBUG org.hibernate.orm.results.loading.entity - (EntityResultInitializer) Hydrated EntityKey (org.frcpm.models.TeamMember(959666501724200)): 43
10:24:10.221 [main] DEBUG org.hibernate.orm.results.loading.org.hibernate.orm.results.loading.collection - (DelayedCollectionInitializer) Current row collection key : org.frcpm.models.TeamMember(959666501724200).assignedTasks#43
10:24:10.221 [main] DEBUG org.hibernate.orm.results.loading.org.hibernate.orm.results.loading.collection - (DelayedCollectionInitializer) Current row collection key : org.frcpm.models.TeamMember(959666501724200).attendances#43
10:24:10.221 [main] DEBUG org.hibernate.orm.results.loading.entity - (EntityResultInitializer) Created new entity instance [org.frcpm.models.TeamMember(959666501724200)#43] : 599332455
10:24:10.221 [main] DEBUG org.hibernate.orm.results - Extracted JDBC value [7] - [null]
10:24:10.221 [main] DEBUG org.hibernate.orm.results - Extracted JDBC value [1] - [tasktest@example.com]
10:24:10.221 [main] DEBUG org.hibernate.orm.results - Extracted JDBC value [2] - [Task]
10:24:10.221 [main] DEBUG org.hibernate.orm.results - Extracted JDBC value [3] - [Test]
10:24:10.221 [main] DEBUG org.hibernate.orm.results - Extracted JDBC value [4] - [false]
10:24:10.221 [main] DEBUG org.hibernate.orm.results - Extracted JDBC value [5] - [null]
10:24:10.221 [main] DEBUG org.hibernate.orm.results - Extracted JDBC value [6] - [null]
10:24:10.221 [main] DEBUG org.hibernate.orm.results - Extracted JDBC value [8] - [tasktestuser_1745594397906]
10:24:10.221 [main] DEBUG org.hibernate.orm.results.loading.entity - (EntityResultInitializer) Done materializing entityInstance : org.frcpm.models.TeamMember(959666501724200)#43
10:24:10.221 [main] DEBUG org.hibernate.orm.results.loading - Calling top-level assembler (0 / 1) : org.hibernate.sql.results.graph.entity.internal.EntityAssembler@2ed0e7c9
10:24:10.221 [main] DEBUG org.hibernate.orm.results - Extracted JDBC value [0] - [44]
10:24:10.221 [main] DEBUG org.hibernate.orm.results.loading.entity - (EntityResultInitializer) Hydrated EntityKey (org.frcpm.models.TeamMember(959666501724200)): 44
10:24:10.221 [main] DEBUG org.hibernate.orm.results.loading.org.hibernate.orm.results.loading.collection - (DelayedCollectionInitializer) Current row collection key : org.frcpm.models.TeamMember(959666501724200).assignedTasks#44
10:24:10.221 [main] DEBUG org.hibernate.orm.results.loading.org.hibernate.orm.results.loading.collection - (DelayedCollectionInitializer) Current row collection key : org.frcpm.models.TeamMember(959666501724200).attendances#44
10:24:10.221 [main] DEBUG org.hibernate.orm.results.loading.entity - (EntityResultInitializer) Created new entity instance [org.frcpm.models.TeamMember(959666501724200)#44] : 1981222969
10:24:10.221 [main] DEBUG org.hibernate.orm.results - Extracted JDBC value [7] - [null]
10:24:10.221 [main] DEBUG org.hibernate.orm.results - Extracted JDBC value [1] - [tasktest@example.com]
10:24:10.221 [main] DEBUG org.hibernate.orm.results - Extracted JDBC value [2] - [Task]
10:24:10.221 [main] DEBUG org.hibernate.orm.results - Extracted JDBC value [3] - [Test]
10:24:10.221 [main] DEBUG org.hibernate.orm.results - Extracted JDBC value [4] - [false]
10:24:10.221 [main] DEBUG org.hibernate.orm.results - Extracted JDBC value [5] - [null]
10:24:10.221 [main] DEBUG org.hibernate.orm.results - Extracted JDBC value [6] - [null]
10:24:10.221 [main] DEBUG org.hibernate.orm.results - Extracted JDBC value [8] - [tasktestuser_1745594398275]
10:24:10.221 [main] DEBUG org.hibernate.orm.results.loading.entity - (EntityResultInitializer) Done materializing entityInstance : org.frcpm.models.TeamMember(959666501724200)#44
10:24:10.221 [main] DEBUG org.hibernate.orm.results.loading - Calling top-level assembler (0 / 1) : org.hibernate.sql.results.graph.entity.internal.EntityAssembler@2ed0e7c9
10:24:10.221 [main] DEBUG org.hibernate.orm.results - Extracted JDBC value [0] - [45]
10:24:10.221 [main] DEBUG org.hibernate.orm.results.loading.entity - (EntityResultInitializer) Hydrated EntityKey (org.frcpm.models.TeamMember(959666501724200)): 45
10:24:10.221 [main] DEBUG org.hibernate.orm.results.loading.org.hibernate.orm.results.loading.collection - (DelayedCollectionInitializer) Current row collection key : org.frcpm.models.TeamMember(959666501724200).assignedTasks#45
10:24:10.221 [main] DEBUG org.hibernate.orm.results.loading.org.hibernate.orm.results.loading.collection - (DelayedCollectionInitializer) Current row collection key : org.frcpm.models.TeamMember(959666501724200).attendances#45
10:24:10.221 [main] DEBUG org.hibernate.orm.results.loading.entity - (EntityResultInitializer) Created new entity instance [org.frcpm.models.TeamMember(959666501724200)#45] : 419080547
10:24:10.221 [main] DEBUG org.hibernate.orm.results - Extracted JDBC value [7] - [null]
10:24:10.221 [main] DEBUG org.hibernate.orm.results - Extracted JDBC value [1] - [tasktest@example.com]
10:24:10.221 [main] DEBUG org.hibernate.orm.results - Extracted JDBC value [2] - [Task]
10:24:10.221 [main] DEBUG org.hibernate.orm.results - Extracted JDBC value [3] - [Test]
10:24:10.221 [main] DEBUG org.hibernate.orm.results - Extracted JDBC value [4] - [false]
10:24:10.221 [main] DEBUG org.hibernate.orm.results - Extracted JDBC value [5] - [null]
10:24:10.221 [main] DEBUG org.hibernate.orm.results - Extracted JDBC value [6] - [null]
10:24:10.221 [main] DEBUG org.hibernate.orm.results - Extracted JDBC value [8] - [tasktestuser_1745594398667]
10:24:10.222 [main] DEBUG org.hibernate.orm.results.loading.entity - (EntityResultInitializer) Done materializing entityInstance : org.frcpm.models.TeamMember(959666501724200)#45
10:24:10.222 [main] DEBUG org.hibernate.orm.results.loading - Calling top-level assembler (0 / 1) : org.hibernate.sql.results.graph.entity.internal.EntityAssembler@2ed0e7c9
10:24:10.222 [main] DEBUG org.hibernate.orm.results - Extracted JDBC value [0] - [46]
10:24:10.222 [main] DEBUG org.hibernate.orm.results.loading.entity - (EntityResultInitializer) Hydrated EntityKey (org.frcpm.models.TeamMember(959666501724200)): 46
10:24:10.222 [main] DEBUG org.hibernate.orm.results.loading.org.hibernate.orm.results.loading.collection - (DelayedCollectionInitializer) Current row collection key : org.frcpm.models.TeamMember(959666501724200).assignedTasks#46
10:24:10.222 [main] DEBUG org.hibernate.orm.results.loading.org.hibernate.orm.results.loading.collection - (DelayedCollectionInitializer) Current row collection key : org.frcpm.models.TeamMember(959666501724200).attendances#46
10:24:10.222 [main] DEBUG org.hibernate.orm.results.loading.entity - (EntityResultInitializer) Created new entity instance [org.frcpm.models.TeamMember(959666501724200)#46] : 1079901091
10:24:10.222 [main] DEBUG org.hibernate.orm.results - Extracted JDBC value [7] - [null]
10:24:10.222 [main] DEBUG org.hibernate.orm.results - Extracted JDBC value [1] - [tasktest@example.com]
10:24:10.222 [main] DEBUG org.hibernate.orm.results - Extracted JDBC value [2] - [Task]
10:24:10.222 [main] DEBUG org.hibernate.orm.results - Extracted JDBC value [3] - [Test]
10:24:10.222 [main] DEBUG org.hibernate.orm.results - Extracted JDBC value [4] - [false]
10:24:10.222 [main] DEBUG org.hibernate.orm.results - Extracted JDBC value [5] - [null]
10:24:10.222 [main] DEBUG org.hibernate.orm.results - Extracted JDBC value [6] - [null]
10:24:10.222 [main] DEBUG org.hibernate.orm.results - Extracted JDBC value [8] - [tasktestuser_1745594399126]
10:24:10.222 [main] DEBUG org.hibernate.orm.results.loading.entity - (EntityResultInitializer) Done materializing entityInstance : org.frcpm.models.TeamMember(959666501724200)#46
10:24:10.222 [main] DEBUG org.hibernate.orm.results.loading - Calling top-level assembler (0 / 1) : org.hibernate.sql.results.graph.entity.internal.EntityAssembler@2ed0e7c9
10:24:10.222 [main] DEBUG org.hibernate.orm.results - Extracted JDBC value [0] - [47]
10:24:10.222 [main] DEBUG org.hibernate.orm.results.loading.entity - (EntityResultInitializer) Hydrated EntityKey (org.frcpm.models.TeamMember(959666501724200)): 47
10:24:10.222 [main] DEBUG org.hibernate.orm.results.loading.org.hibernate.orm.results.loading.collection - (DelayedCollectionInitializer) Current row collection key : org.frcpm.models.TeamMember(959666501724200).assignedTasks#47
10:24:10.222 [main] DEBUG org.hibernate.orm.results.loading.org.hibernate.orm.results.loading.collection - (DelayedCollectionInitializer) Current row collection key : org.frcpm.models.TeamMember(959666501724200).attendances#47
10:24:10.222 [main] DEBUG org.hibernate.orm.results.loading.entity - (EntityResultInitializer) Created new entity instance [org.frcpm.models.TeamMember(959666501724200)#47] : 1499765245
10:24:10.222 [main] DEBUG org.hibernate.orm.results - Extracted JDBC value [7] - [null]
10:24:10.222 [main] DEBUG org.hibernate.orm.results - Extracted JDBC value [1] - [tasktest@example.com]
10:24:10.222 [main] DEBUG org.hibernate.orm.results - Extracted JDBC value [2] - [Task]
10:24:10.222 [main] DEBUG org.hibernate.orm.results - Extracted JDBC value [3] - [Test]
10:24:10.222 [main] DEBUG org.hibernate.orm.results - Extracted JDBC value [4] - [false]
10:24:10.222 [main] DEBUG org.hibernate.orm.results - Extracted JDBC value [5] - [null]
10:24:10.222 [main] DEBUG org.hibernate.orm.results - Extracted JDBC value [6] - [null]
10:24:10.222 [main] DEBUG org.hibernate.orm.results - Extracted JDBC value [8] - [tasktestuser_1745594399532]
10:24:10.222 [main] DEBUG org.hibernate.orm.results.loading.entity - (EntityResultInitializer) Done materializing entityInstance : org.frcpm.models.TeamMember(959666501724200)#47
10:24:10.222 [main] DEBUG org.hibernate.orm.results.loading - Calling top-level assembler (0 / 1) : org.hibernate.sql.results.graph.entity.internal.EntityAssembler@2ed0e7c9
10:24:10.222 [main] DEBUG org.hibernate.orm.results - Extracted JDBC value [0] - [48]
10:24:10.222 [main] DEBUG org.hibernate.orm.results.loading.entity - (EntityResultInitializer) Hydrated EntityKey (org.frcpm.models.TeamMember(959666501724200)): 48
10:24:10.222 [main] DEBUG org.hibernate.orm.results.loading.org.hibernate.orm.results.loading.collection - (DelayedCollectionInitializer) Current row collection key : org.frcpm.models.TeamMember(959666501724200).assignedTasks#48
10:24:10.222 [main] DEBUG org.hibernate.orm.results.loading.org.hibernate.orm.results.loading.collection - (DelayedCollectionInitializer) Current row collection key : org.frcpm.models.TeamMember(959666501724200).attendances#48
10:24:10.222 [main] DEBUG org.hibernate.orm.results.loading.entity - (EntityResultInitializer) Created new entity instance [org.frcpm.models.TeamMember(959666501724200)#48] : 262954048
10:24:10.222 [main] DEBUG org.hibernate.orm.results - Extracted JDBC value [7] - [null]
10:24:10.222 [main] DEBUG org.hibernate.orm.results - Extracted JDBC value [1] - [tasktest@example.com]
10:24:10.222 [main] DEBUG org.hibernate.orm.results - Extracted JDBC value [2] - [Task]
10:24:10.222 [main] DEBUG org.hibernate.orm.results - Extracted JDBC value [3] - [Test]
10:24:10.222 [main] DEBUG org.hibernate.orm.results - Extracted JDBC value [4] - [false]
10:24:10.222 [main] DEBUG org.hibernate.orm.results - Extracted JDBC value [5] - [null]
10:24:10.222 [main] DEBUG org.hibernate.orm.results - Extracted JDBC value [6] - [null]
10:24:10.222 [main] DEBUG org.hibernate.orm.results - Extracted JDBC value [8] - [tasktestuser_1745594400014]
10:24:10.222 [main] DEBUG org.hibernate.orm.results.loading.entity - (EntityResultInitializer) Done materializing entityInstance : org.frcpm.models.TeamMember(959666501724200)#48
10:24:10.222 [main] DEBUG org.hibernate.orm.results.loading - Calling top-level assembler (0 / 1) : org.hibernate.sql.results.graph.entity.internal.EntityAssembler@2ed0e7c9
10:24:10.222 [main] DEBUG org.hibernate.orm.results - Extracted JDBC value [0] - [53]
10:24:10.222 [main] DEBUG org.hibernate.orm.results.loading.entity - (EntityResultInitializer) Hydrated EntityKey (org.frcpm.models.TeamMember(959666501724200)): 53
10:24:10.222 [main] DEBUG org.hibernate.orm.results.loading.org.hibernate.orm.results.loading.collection - (DelayedCollectionInitializer) Current row collection key : org.frcpm.models.TeamMember(959666501724200).assignedTasks#53
10:24:10.223 [main] DEBUG org.hibernate.orm.results.loading.org.hibernate.orm.results.loading.collection - (DelayedCollectionInitializer) Current row collection key : org.frcpm.models.TeamMember(959666501724200).attendances#53
10:24:10.223 [main] DEBUG org.hibernate.orm.results.loading.entity - (EntityResultInitializer) Created new entity instance [org.frcpm.models.TeamMember(959666501724200)#53] : 876118403
10:24:10.223 [main] DEBUG org.hibernate.orm.results - Extracted JDBC value [7] - [null]
10:24:10.223 [main] DEBUG org.hibernate.orm.results - Extracted JDBC value [1] - [testcount@example.com]
10:24:10.223 [main] DEBUG org.hibernate.orm.results - Extracted JDBC value [2] - [Test]
10:24:10.223 [main] DEBUG org.hibernate.orm.results - Extracted JDBC value [3] - [Count]
10:24:10.223 [main] DEBUG org.hibernate.orm.results - Extracted JDBC value [4] - [false]
10:24:10.223 [main] DEBUG org.hibernate.orm.results - Extracted JDBC value [5] - [null]
10:24:10.223 [main] DEBUG org.hibernate.orm.results - Extracted JDBC value [6] - [null]
10:24:10.223 [main] DEBUG org.hibernate.orm.results - Extracted JDBC value [8] - [testcount]
10:24:10.223 [main] DEBUG org.hibernate.orm.results.loading.entity - (EntityResultInitializer) Done materializing entityInstance : org.frcpm.models.TeamMember(959666501724200)#53
10:24:10.223 [main] DEBUG org.hibernate.orm.results.loading - Calling top-level assembler (0 / 1) : org.hibernate.sql.results.graph.entity.internal.EntityAssembler@2ed0e7c9
10:24:10.223 [main] DEBUG org.hibernate.orm.results - Extracted JDBC value [0] - [56]
10:24:10.223 [main] DEBUG org.hibernate.orm.results.loading.entity - (EntityResultInitializer) Hydrated EntityKey (org.frcpm.models.TeamMember(959666501724200)): 56
10:24:10.223 [main] DEBUG org.hibernate.orm.results.loading.org.hibernate.orm.results.loading.collection - (DelayedCollectionInitializer) Current row collection key : org.frcpm.models.TeamMember(959666501724200).assignedTasks#56
10:24:10.223 [main] DEBUG org.hibernate.orm.results.loading.org.hibernate.orm.results.loading.collection - (DelayedCollectionInitializer) Current row collection key : org.frcpm.models.TeamMember(959666501724200).attendances#56
10:24:10.223 [main] DEBUG org.hibernate.orm.results.loading.entity - (EntityResultInitializer) Created new entity instance [org.frcpm.models.TeamMember(959666501724200)#56] : 27812459
10:24:10.223 [main] DEBUG org.hibernate.orm.results - Extracted JDBC value [7] - [null]
10:24:10.223 [main] DEBUG org.hibernate.orm.results - Extracted JDBC value [1] - [testsave@example.com]
10:24:10.223 [main] DEBUG org.hibernate.orm.results - Extracted JDBC value [2] - [Test]
10:24:10.223 [main] DEBUG org.hibernate.orm.results - Extracted JDBC value [3] - [Save]
10:24:10.223 [main] DEBUG org.hibernate.orm.results - Extracted JDBC value [4] - [false]
10:24:10.223 [main] DEBUG org.hibernate.orm.results - Extracted JDBC value [5] - [555-SAVE]
10:24:10.223 [main] DEBUG org.hibernate.orm.results - Extracted JDBC value [6] - [Testing]
10:24:10.223 [main] DEBUG org.hibernate.orm.results - Extracted JDBC value [8] - [testsave]
10:24:10.223 [main] DEBUG org.hibernate.orm.results.loading.entity - (EntityResultInitializer) Done materializing entityInstance : org.frcpm.models.TeamMember(959666501724200)#56
10:24:10.223 [main] DEBUG org.hibernate.orm.results.loading - Calling top-level assembler (0 / 1) : org.hibernate.sql.results.graph.entity.internal.EntityAssembler@2ed0e7c9
10:24:10.223 [main] DEBUG org.hibernate.orm.results - Extracted JDBC value [0] - [77]
10:24:10.223 [main] DEBUG org.hibernate.orm.results.loading.entity - (EntityResultInitializer) Hydrated EntityKey (org.frcpm.models.TeamMember(959666501724200)): 77
10:24:10.223 [main] DEBUG org.hibernate.orm.results.loading.org.hibernate.orm.results.loading.collection - (DelayedCollectionInitializer) Current row collection key : org.frcpm.models.TeamMember(959666501724200).assignedTasks#77
10:24:10.223 [main] DEBUG org.hibernate.orm.results.loading.org.hibernate.orm.results.loading.collection - (DelayedCollectionInitializer) Current row collection key : org.frcpm.models.TeamMember(959666501724200).attendances#77
10:24:10.223 [main] DEBUG org.hibernate.orm.results.loading.entity - (EntityResultInitializer) Created new entity instance [org.frcpm.models.TeamMember(959666501724200)#77] : 2134748952
10:24:10.223 [main] DEBUG org.hibernate.orm.results - Extracted JDBC value [7] - [null]
10:24:10.223 [main] DEBUG org.hibernate.orm.results - Extracted JDBC value [1] - [testupdate@example.com]
10:24:10.223 [main] DEBUG org.hibernate.orm.results - Extracted JDBC value [2] - [Updated]
10:24:10.223 [main] DEBUG org.hibernate.orm.results - Extracted JDBC value [3] - [Update]
10:24:10.223 [main] DEBUG org.hibernate.orm.results - Extracted JDBC value [4] - [false]
10:24:10.223 [main] DEBUG org.hibernate.orm.results - Extracted JDBC value [5] - [null]
10:24:10.223 [main] DEBUG org.hibernate.orm.results - Extracted JDBC value [6] - [Updated Skills]
10:24:10.223 [main] DEBUG org.hibernate.orm.results - Extracted JDBC value [8] - [testupdate]
10:24:10.223 [main] DEBUG org.hibernate.orm.results.loading.entity - (EntityResultInitializer) Done materializing entityInstance : org.frcpm.models.TeamMember(959666501724200)#77
10:24:10.223 [main] DEBUG org.hibernate.orm.results.loading - Calling top-level assembler (0 / 1) : org.hibernate.sql.results.graph.entity.internal.EntityAssembler@2ed0e7c9
10:24:10.223 [main] DEBUG org.hibernate.orm.results - Extracted JDBC value [0] - [84]
10:24:10.223 [main] DEBUG org.hibernate.orm.results.loading.entity - (EntityResultInitializer) Hydrated EntityKey (org.frcpm.models.TeamMember(959666501724200)): 84
10:24:10.223 [main] DEBUG org.hibernate.orm.results.loading.org.hibernate.orm.results.loading.collection - (DelayedCollectionInitializer) Current row collection key : org.frcpm.models.TeamMember(959666501724200).assignedTasks#84
10:24:10.223 [main] DEBUG org.hibernate.orm.results.loading.org.hibernate.orm.results.loading.collection - (DelayedCollectionInitializer) Current row collection key : org.frcpm.models.TeamMember(959666501724200).attendances#84
10:24:10.223 [main] DEBUG org.hibernate.orm.results.loading.entity - (EntityResultInitializer) Created new entity instance [org.frcpm.models.TeamMember(959666501724200)#84] : 251870918
10:24:10.223 [main] DEBUG org.hibernate.orm.results - Extracted JDBC value [7] - [null]
10:24:10.223 [main] DEBUG org.hibernate.orm.results - Extracted JDBC value [1] - [attendance3@example.com]
10:24:10.223 [main] DEBUG org.hibernate.orm.results - Extracted JDBC value [2] - [Attendance]
10:24:10.223 [main] DEBUG org.hibernate.orm.results - Extracted JDBC value [3] - [Test3]
10:24:10.223 [main] DEBUG org.hibernate.orm.results - Extracted JDBC value [4] - [false]
10:24:10.223 [main] DEBUG org.hibernate.orm.results - Extracted JDBC value [5] - [555-9012]
10:24:10.223 [main] DEBUG org.hibernate.orm.results - Extracted JDBC value [6] - [null]
10:24:10.223 [main] DEBUG org.hibernate.orm.results - Extracted JDBC value [8] - [attendancetest3]
10:24:10.223 [main] DEBUG org.hibernate.orm.results.loading.entity - (EntityResultInitializer) Done materializing entityInstance : org.frcpm.models.TeamMember(959666501724200)#84
10:24:10.223 [main] DEBUG org.hibernate.orm.results.loading - Calling top-level assembler (0 / 1) : org.hibernate.sql.results.graph.entity.internal.EntityAssembler@2ed0e7c9
10:24:10.224 [main] DEBUG org.hibernate.resource.jdbc.internal.LogicalConnectionManagedImpl - Initiating JDBC connection release from afterTransaction
10:24:10.224 [main] DEBUG org.hibernate.resource.jdbc.internal.LogicalConnectionManagedImpl - Initiating JDBC connection release from afterTransaction
10:24:10.225 [main] DEBUG org.hibernate.orm.sql.ast.create - Created new SQL alias : s1_0
10:24:10.225 [main] DEBUG org.hibernate.orm.sql.ast.create - Registration of TableGroup [StandardTableGroup(org.frcpm.models.Subteam(959666511377500))] with identifierForTableGroup [org.frcpm.models.Subteam] for NavigablePath [org.frcpm.models.Subteam] 
10:24:10.225 [main] DEBUG org.hibernate.orm.results.graph.AST - DomainResult Graph:
 \-EntityResultImpl [org.frcpm.models.Subteam(959666511377500)]
 |  +-BasicFetch [org.frcpm.models.Subteam(959666511377500).colorCode]
 |  +-DelayedCollectionFetch [org.frcpm.models.Subteam(959666511377500).members]
 |  +-BasicFetch [org.frcpm.models.Subteam(959666511377500).name]
 |  +-BasicFetch [org.frcpm.models.Subteam(959666511377500).specialties]
 |  \-DelayedCollectionFetch [org.frcpm.models.Subteam(959666511377500).subsystems]

10:24:10.225 [main] DEBUG org.hibernate.orm.sql.ast.tree - SQL AST Tree:
    SelectStatement {
      FromClause {
        StandardTableGroup (s1 : org.frcpm.models.Subteam(959666511377500)) {
          primaryTableReference : subteams as s1_0
        }
      }
    }

10:24:10.225 [main] DEBUG org.hibernate.orm.sql.exec - Skipping reading Query result cache data: cache-enabled = false, cache-mode = NORMAL
10:24:10.225 [main] DEBUG org.hibernate.orm.results - Initializer list:
	  org.frcpm.models.Subteam(959666511377500).members -> DelayedCollectionInitializer(org.frcpm.models.Subteam(959666511377500).members)@1312556204 (PluralAttribute(org.frcpm.models.Subteam.members))
	  org.frcpm.models.Subteam(959666511377500).subsystems -> DelayedCollectionInitializer(org.frcpm.models.Subteam(959666511377500).subsystems)@718305224 (PluralAttribute(org.frcpm.models.Subteam.subsystems))
	  org.frcpm.models.Subteam(959666511377500) -> EntityResultInitializer(org.frcpm.models.Subteam(959666511377500))@1817186271 (SingleTableEntityPersister(org.frcpm.models.Subteam))

10:24:10.225 [main] DEBUG org.hibernate.SQL - select s1_0.id,s1_0.color_code,s1_0.name,s1_0.specialties from subteams s1_0
10:24:10.226 [main] DEBUG org.hibernate.orm.results - Extracted JDBC value [0] - [1]
10:24:10.226 [main] DEBUG org.hibernate.orm.results.loading.entity - (EntityResultInitializer) Hydrated EntityKey (org.frcpm.models.Subteam(959666511377500)): 1
10:24:10.226 [main] DEBUG org.hibernate.orm.results.loading.org.hibernate.orm.results.loading.collection - (DelayedCollectionInitializer) Current row collection key : org.frcpm.models.Subteam(959666511377500).members#1
10:24:10.226 [main] DEBUG org.hibernate.orm.results.loading.org.hibernate.orm.results.loading.collection - (DelayedCollectionInitializer) Current row collection key : org.frcpm.models.Subteam(959666511377500).subsystems#1
10:24:10.226 [main] DEBUG org.hibernate.orm.results.loading.entity - (EntityResultInitializer) Created new entity instance [org.frcpm.models.Subteam(959666511377500)#1] : 1180727042
10:24:10.226 [main] DEBUG org.hibernate.orm.results - Extracted JDBC value [1] - [#FF5733]
10:24:10.226 [main] DEBUG org.hibernate.orm.results - Extracted JDBC value [2] - [Mechanical]
10:24:10.226 [main] DEBUG org.hibernate.orm.results - Extracted JDBC value [3] - [Design, CAD, Fabrication, Assembly]
10:24:10.226 [main] DEBUG org.hibernate.orm.results.loading.entity - (EntityResultInitializer) Done materializing entityInstance : org.frcpm.models.Subteam(959666511377500)#1
10:24:10.226 [main] DEBUG org.hibernate.orm.results.loading - Calling top-level assembler (0 / 1) : org.hibernate.sql.results.graph.entity.internal.EntityAssembler@3f2f83d5
10:24:10.226 [main] DEBUG org.hibernate.orm.results - Extracted JDBC value [0] - [2]
10:24:10.226 [main] DEBUG org.hibernate.orm.results.loading.entity - (EntityResultInitializer) Hydrated EntityKey (org.frcpm.models.Subteam(959666511377500)): 2
10:24:10.226 [main] DEBUG org.hibernate.orm.results.loading.org.hibernate.orm.results.loading.collection - (DelayedCollectionInitializer) Current row collection key : org.frcpm.models.Subteam(959666511377500).members#2
10:24:10.226 [main] DEBUG org.hibernate.orm.results.loading.org.hibernate.orm.results.loading.collection - (DelayedCollectionInitializer) Current row collection key : org.frcpm.models.Subteam(959666511377500).subsystems#2
10:24:10.226 [main] DEBUG org.hibernate.orm.results.loading.entity - (EntityResultInitializer) Created new entity instance [org.frcpm.models.Subteam(959666511377500)#2] : 2058496853
10:24:10.226 [main] DEBUG org.hibernate.orm.results - Extracted JDBC value [1] - [#33A8FF]
10:24:10.226 [main] DEBUG org.hibernate.orm.results - Extracted JDBC value [2] - [Electrical]
10:24:10.226 [main] DEBUG org.hibernate.orm.results - Extracted JDBC value [3] - [Wiring, Electronics, Sensors, Power Systems]
10:24:10.226 [main] DEBUG org.hibernate.orm.results.loading.entity - (EntityResultInitializer) Done materializing entityInstance : org.frcpm.models.Subteam(959666511377500)#2
10:24:10.226 [main] DEBUG org.hibernate.orm.results.loading - Calling top-level assembler (0 / 1) : org.hibernate.sql.results.graph.entity.internal.EntityAssembler@3f2f83d5
10:24:10.226 [main] DEBUG org.hibernate.orm.results - Extracted JDBC value [0] - [3]
10:24:10.226 [main] DEBUG org.hibernate.orm.results.loading.entity - (EntityResultInitializer) Hydrated EntityKey (org.frcpm.models.Subteam(959666511377500)): 3
10:24:10.226 [main] DEBUG org.hibernate.orm.results.loading.org.hibernate.orm.results.loading.collection - (DelayedCollectionInitializer) Current row collection key : org.frcpm.models.Subteam(959666511377500).members#3
10:24:10.226 [main] DEBUG org.hibernate.orm.results.loading.org.hibernate.orm.results.loading.collection - (DelayedCollectionInitializer) Current row collection key : org.frcpm.models.Subteam(959666511377500).subsystems#3
10:24:10.226 [main] DEBUG org.hibernate.orm.results.loading.entity - (EntityResultInitializer) Created new entity instance [org.frcpm.models.Subteam(959666511377500)#3] : 1571230409
10:24:10.226 [main] DEBUG org.hibernate.orm.results - Extracted JDBC value [1] - [#33FF57]
10:24:10.226 [main] DEBUG org.hibernate.orm.results - Extracted JDBC value [2] - [Programming]
10:24:10.226 [main] DEBUG org.hibernate.orm.results - Extracted JDBC value [3] - [Java, Vision, Control Systems, Autonomous]
10:24:10.226 [main] DEBUG org.hibernate.orm.results.loading.entity - (EntityResultInitializer) Done materializing entityInstance : org.frcpm.models.Subteam(959666511377500)#3
10:24:10.226 [main] DEBUG org.hibernate.orm.results.loading - Calling top-level assembler (0 / 1) : org.hibernate.sql.results.graph.entity.internal.EntityAssembler@3f2f83d5
10:24:10.226 [main] DEBUG org.hibernate.orm.results - Extracted JDBC value [0] - [4]
10:24:10.227 [main] DEBUG org.hibernate.orm.results.loading.entity - (EntityResultInitializer) Hydrated EntityKey (org.frcpm.models.Subteam(959666511377500)): 4
10:24:10.227 [main] DEBUG org.hibernate.orm.results.loading.org.hibernate.orm.results.loading.collection - (DelayedCollectionInitializer) Current row collection key : org.frcpm.models.Subteam(959666511377500).members#4
10:24:10.227 [main] DEBUG org.hibernate.orm.results.loading.org.hibernate.orm.results.loading.collection - (DelayedCollectionInitializer) Current row collection key : org.frcpm.models.Subteam(959666511377500).subsystems#4
10:24:10.227 [main] DEBUG org.hibernate.orm.results.loading.entity - (EntityResultInitializer) Created new entity instance [org.frcpm.models.Subteam(959666511377500)#4] : 71276525
10:24:10.227 [main] DEBUG org.hibernate.orm.results - Extracted JDBC value [1] - [#FF33A8]
10:24:10.227 [main] DEBUG org.hibernate.orm.results - Extracted JDBC value [2] - [Business]
10:24:10.227 [main] DEBUG org.hibernate.orm.results - Extracted JDBC value [3] - [Fundraising, Marketing, Outreach, Awards]
10:24:10.227 [main] DEBUG org.hibernate.orm.results.loading.entity - (EntityResultInitializer) Done materializing entityInstance : org.frcpm.models.Subteam(959666511377500)#4
10:24:10.227 [main] DEBUG org.hibernate.orm.results.loading - Calling top-level assembler (0 / 1) : org.hibernate.sql.results.graph.entity.internal.EntityAssembler@3f2f83d5
10:24:10.227 [main] DEBUG org.hibernate.orm.results - Extracted JDBC value [0] - [24]
10:24:10.227 [main] DEBUG org.hibernate.orm.results.loading.entity - (EntityResultInitializer) Hydrated EntityKey (org.frcpm.models.Subteam(959666511377500)): 24
10:24:10.227 [main] DEBUG org.hibernate.orm.results.loading.org.hibernate.orm.results.loading.collection - (DelayedCollectionInitializer) Current row collection key : org.frcpm.models.Subteam(959666511377500).members#24
10:24:10.227 [main] DEBUG org.hibernate.orm.results.loading.org.hibernate.orm.results.loading.collection - (DelayedCollectionInitializer) Current row collection key : org.frcpm.models.Subteam(959666511377500).subsystems#24
10:24:10.227 [main] DEBUG org.hibernate.orm.results.loading.entity - (EntityResultInitializer) Created new entity instance [org.frcpm.models.Subteam(959666511377500)#24] : 1495552799
10:24:10.227 [main] DEBUG org.hibernate.orm.results - Extracted JDBC value [1] - [#0000FF]
10:24:10.227 [main] DEBUG org.hibernate.orm.results - Extracted JDBC value [2] - [Test Count Subteam]
10:24:10.227 [main] DEBUG org.hibernate.orm.results - Extracted JDBC value [3] - [null]
10:24:10.227 [main] DEBUG org.hibernate.orm.results.loading.entity - (EntityResultInitializer) Done materializing entityInstance : org.frcpm.models.Subteam(959666511377500)#24
10:24:10.227 [main] DEBUG org.hibernate.orm.results.loading - Calling top-level assembler (0 / 1) : org.hibernate.sql.results.graph.entity.internal.EntityAssembler@3f2f83d5
10:24:10.227 [main] DEBUG org.hibernate.orm.results - Extracted JDBC value [0] - [27]
10:24:10.227 [main] DEBUG org.hibernate.orm.results.loading.entity - (EntityResultInitializer) Hydrated EntityKey (org.frcpm.models.Subteam(959666511377500)): 27
10:24:10.227 [main] DEBUG org.hibernate.orm.results.loading.org.hibernate.orm.results.loading.collection - (DelayedCollectionInitializer) Current row collection key : org.frcpm.models.Subteam(959666511377500).members#27
10:24:10.227 [main] DEBUG org.hibernate.orm.results.loading.org.hibernate.orm.results.loading.collection - (DelayedCollectionInitializer) Current row collection key : org.frcpm.models.Subteam(959666511377500).subsystems#27
10:24:10.227 [main] DEBUG org.hibernate.orm.results.loading.entity - (EntityResultInitializer) Created new entity instance [org.frcpm.models.Subteam(959666511377500)#27] : 276057780
10:24:10.227 [main] DEBUG org.hibernate.orm.results - Extracted JDBC value [1] - [#0000FF]
10:24:10.227 [main] DEBUG org.hibernate.orm.results - Extracted JDBC value [2] - [Test Save Subteam]
10:24:10.227 [main] DEBUG org.hibernate.orm.results - Extracted JDBC value [3] - [Testing]
10:24:10.227 [main] DEBUG org.hibernate.orm.results.loading.entity - (EntityResultInitializer) Done materializing entityInstance : org.frcpm.models.Subteam(959666511377500)#27
10:24:10.227 [main] DEBUG org.hibernate.orm.results.loading - Calling top-level assembler (0 / 1) : org.hibernate.sql.results.graph.entity.internal.EntityAssembler@3f2f83d5
10:24:10.227 [main] DEBUG org.hibernate.orm.results - Extracted JDBC value [0] - [42]
10:24:10.227 [main] DEBUG org.hibernate.orm.results.loading.entity - (EntityResultInitializer) Hydrated EntityKey (org.frcpm.models.Subteam(959666511377500)): 42
10:24:10.227 [main] DEBUG org.hibernate.orm.results.loading.org.hibernate.orm.results.loading.collection - (DelayedCollectionInitializer) Current row collection key : org.frcpm.models.Subteam(959666511377500).members#42
10:24:10.227 [main] DEBUG org.hibernate.orm.results.loading.org.hibernate.orm.results.loading.collection - (DelayedCollectionInitializer) Current row collection key : org.frcpm.models.Subteam(959666511377500).subsystems#42
10:24:10.227 [main] DEBUG org.hibernate.orm.results.loading.entity - (EntityResultInitializer) Created new entity instance [org.frcpm.models.Subteam(959666511377500)#42] : 1145670384
10:24:10.227 [main] DEBUG org.hibernate.orm.results - Extracted JDBC value [1] - [#00FFFF]
10:24:10.227 [main] DEBUG org.hibernate.orm.results - Extracted JDBC value [2] - [Updated Subteam Name]
10:24:10.227 [main] DEBUG org.hibernate.orm.results - Extracted JDBC value [3] - [null]
10:24:10.227 [main] DEBUG org.hibernate.orm.results.loading.entity - (EntityResultInitializer) Done materializing entityInstance : org.frcpm.models.Subteam(959666511377500)#42
10:24:10.227 [main] DEBUG org.hibernate.orm.results.loading - Calling top-level assembler (0 / 1) : org.hibernate.sql.results.graph.entity.internal.EntityAssembler@3f2f83d5
10:24:10.227 [main] DEBUG org.hibernate.orm.results - Extracted JDBC value [0] - [67]
10:24:10.227 [main] DEBUG org.hibernate.orm.results.loading.entity - (EntityResultInitializer) Hydrated EntityKey (org.frcpm.models.Subteam(959666511377500)): 67
10:24:10.227 [main] DEBUG org.hibernate.orm.results.loading.org.hibernate.orm.results.loading.collection - (DelayedCollectionInitializer) Current row collection key : org.frcpm.models.Subteam(959666511377500).members#67
10:24:10.227 [main] DEBUG org.hibernate.orm.results.loading.org.hibernate.orm.results.loading.collection - (DelayedCollectionInitializer) Current row collection key : org.frcpm.models.Subteam(959666511377500).subsystems#67
10:24:10.227 [main] DEBUG org.hibernate.orm.results.loading.entity - (EntityResultInitializer) Created new entity instance [org.frcpm.models.Subteam(959666511377500)#67] : 436889639
10:24:10.227 [main] DEBUG org.hibernate.orm.results - Extracted JDBC value [1] - [#0000FF]
10:24:10.227 [main] DEBUG org.hibernate.orm.results - Extracted JDBC value [2] - [Test Create Service Subteam]
10:24:10.227 [main] DEBUG org.hibernate.orm.results - Extracted JDBC value [3] - [Testing, Quality Assurance]
10:24:10.227 [main] DEBUG org.hibernate.orm.results.loading.entity - (EntityResultInitializer) Done materializing entityInstance : org.frcpm.models.Subteam(959666511377500)#67
10:24:10.227 [main] DEBUG org.hibernate.orm.results.loading - Calling top-level assembler (0 / 1) : org.hibernate.sql.results.graph.entity.internal.EntityAssembler@3f2f83d5
10:24:10.227 [main] DEBUG org.hibernate.orm.results - Extracted JDBC value [0] - [70]
10:24:10.227 [main] DEBUG org.hibernate.orm.results.loading.entity - (EntityResultInitializer) Hydrated EntityKey (org.frcpm.models.Subteam(959666511377500)): 70
10:24:10.227 [main] DEBUG org.hibernate.orm.results.loading.org.hibernate.orm.results.loading.collection - (DelayedCollectionInitializer) Current row collection key : org.frcpm.models.Subteam(959666511377500).members#70
10:24:10.227 [main] DEBUG org.hibernate.orm.results.loading.org.hibernate.orm.results.loading.collection - (DelayedCollectionInitializer) Current row collection key : org.frcpm.models.Subteam(959666511377500).subsystems#70
10:24:10.227 [main] DEBUG org.hibernate.orm.results.loading.entity - (EntityResultInitializer) Created new entity instance [org.frcpm.models.Subteam(959666511377500)#70] : 827496542
10:24:10.227 [main] DEBUG org.hibernate.orm.results - Extracted JDBC value [1] - [#00FFFF]
10:24:10.227 [main] DEBUG org.hibernate.orm.results - Extracted JDBC value [2] - [Test Color Update Subteam]
10:24:10.227 [main] DEBUG org.hibernate.orm.results - Extracted JDBC value [3] - [Specialties]
10:24:10.227 [main] DEBUG org.hibernate.orm.results.loading.entity - (EntityResultInitializer) Done materializing entityInstance : org.frcpm.models.Subteam(959666511377500)#70
10:24:10.227 [main] DEBUG org.hibernate.orm.results.loading - Calling top-level assembler (0 / 1) : org.hibernate.sql.results.graph.entity.internal.EntityAssembler@3f2f83d5
10:24:10.227 [main] DEBUG org.hibernate.orm.results - Extracted JDBC value [0] - [79]
10:24:10.227 [main] DEBUG org.hibernate.orm.results.loading.entity - (EntityResultInitializer) Hydrated EntityKey (org.frcpm.models.Subteam(959666511377500)): 79
10:24:10.227 [main] DEBUG org.hibernate.orm.results.loading.org.hibernate.orm.results.loading.collection - (DelayedCollectionInitializer) Current row collection key : org.frcpm.models.Subteam(959666511377500).members#79
10:24:10.227 [main] DEBUG org.hibernate.orm.results.loading.org.hibernate.orm.results.loading.collection - (DelayedCollectionInitializer) Current row collection key : org.frcpm.models.Subteam(959666511377500).subsystems#79
10:24:10.228 [main] DEBUG org.hibernate.orm.results.loading.entity - (EntityResultInitializer) Created new entity instance [org.frcpm.models.Subteam(959666511377500)#79] : 1783906680
10:24:10.228 [main] DEBUG org.hibernate.orm.results - Extracted JDBC value [1] - [#0000FF]
10:24:10.228 [main] DEBUG org.hibernate.orm.results - Extracted JDBC value [2] - [Test Update Subteam]
10:24:10.228 [main] DEBUG org.hibernate.orm.results - Extracted JDBC value [3] - [Updated Specialties]
10:24:10.228 [main] DEBUG org.hibernate.orm.results.loading.entity - (EntityResultInitializer) Done materializing entityInstance : org.frcpm.models.Subteam(959666511377500)#79
10:24:10.228 [main] DEBUG org.hibernate.orm.results.loading - Calling top-level assembler (0 / 1) : org.hibernate.sql.results.graph.entity.internal.EntityAssembler@3f2f83d5
10:24:10.228 [main] DEBUG org.hibernate.orm.results - Extracted JDBC value [0] - [87]
10:24:10.228 [main] DEBUG org.hibernate.orm.results.loading.entity - (EntityResultInitializer) Hydrated EntityKey (org.frcpm.models.Subteam(959666511377500)): 87
10:24:10.228 [main] DEBUG org.hibernate.orm.results.loading.org.hibernate.orm.results.loading.collection - (DelayedCollectionInitializer) Current row collection key : org.frcpm.models.Subteam(959666511377500).members#87
10:24:10.228 [main] DEBUG org.hibernate.orm.results.loading.org.hibernate.orm.results.loading.collection - (DelayedCollectionInitializer) Current row collection key : org.frcpm.models.Subteam(959666511377500).subsystems#87
10:24:10.228 [main] DEBUG org.hibernate.orm.results.loading.entity - (EntityResultInitializer) Created new entity instance [org.frcpm.models.Subteam(959666511377500)#87] : 898241189
10:24:10.228 [main] DEBUG org.hibernate.orm.results - Extracted JDBC value [1] - [#0000FF]
10:24:10.228 [main] DEBUG org.hibernate.orm.results - Extracted JDBC value [2] - [Duplicate Name Subteam]
10:24:10.228 [main] DEBUG org.hibernate.orm.results - Extracted JDBC value [3] - [Specialties]
10:24:10.228 [main] DEBUG org.hibernate.orm.results.loading.entity - (EntityResultInitializer) Done materializing entityInstance : org.frcpm.models.Subteam(959666511377500)#87
10:24:10.228 [main] DEBUG org.hibernate.orm.results.loading - Calling top-level assembler (0 / 1) : org.hibernate.sql.results.graph.entity.internal.EntityAssembler@3f2f83d5
10:24:10.228 [main] DEBUG org.hibernate.resource.jdbc.internal.LogicalConnectionManagedImpl - Initiating JDBC connection release from afterTransaction
10:24:10.228 [main] DEBUG org.hibernate.resource.jdbc.internal.LogicalConnectionManagedImpl - Initiating JDBC connection release from afterTransaction
]]></system-out>
  </testcase>
  <testcase name="testHandleClose" classname="org.frcpm.controllers.TeamControllerTest" time="0.022">
    <system-out><![CDATA[10:24:10.242 [main] DEBUG org.hibernate.orm.sql.ast.create - Created new SQL alias : tm1_0
10:24:10.242 [main] DEBUG org.hibernate.orm.sql.ast.create - Registration of TableGroup [StandardTableGroup(org.frcpm.models.TeamMember(959666528573700))] with identifierForTableGroup [org.frcpm.models.TeamMember] for NavigablePath [org.frcpm.models.TeamMember] 
10:24:10.242 [main] DEBUG org.hibernate.orm.sql.ast.create - Registration of TableGroup [org.hibernate.sql.ast.tree.from.LazyTableGroup@70bd17ed] with identifierForTableGroup [org.frcpm.models.TeamMember.subteam] for NavigablePath [org.frcpm.models.TeamMember.subteam] 
10:24:10.242 [main] DEBUG org.hibernate.orm.results.graph.AST - DomainResult Graph:
 \-EntityResultImpl [org.frcpm.models.TeamMember(959666528573700)]
 |  +-DelayedCollectionFetch [org.frcpm.models.TeamMember(959666528573700).assignedTasks]
 |  +-DelayedCollectionFetch [org.frcpm.models.TeamMember(959666528573700).attendances]
 |  +-BasicFetch [org.frcpm.models.TeamMember(959666528573700).email]
 |  +-BasicFetch [org.frcpm.models.TeamMember(959666528573700).firstName]
 |  +-BasicFetch [org.frcpm.models.TeamMember(959666528573700).lastName]
 |  +-BasicFetch [org.frcpm.models.TeamMember(959666528573700).leader]
 |  +-BasicFetch [org.frcpm.models.TeamMember(959666528573700).phone]
 |  +-BasicFetch [org.frcpm.models.TeamMember(959666528573700).skills]
 |  +-CircularFetchImpl [org.frcpm.models.TeamMember(959666528573700).subteam]
 |  \-BasicFetch [org.frcpm.models.TeamMember(959666528573700).username]

10:24:10.242 [main] DEBUG org.hibernate.orm.sql.ast.tree - SQL AST Tree:
    SelectStatement {
      FromClause {
        StandardTableGroup (tm1 : org.frcpm.models.TeamMember(959666528573700)) {
          primaryTableReference : team_members as tm1_0
          TableGroupJoins {
            left  join LazyTableGroup (s1 : org.frcpm.models.TeamMember(959666528573700).subteam) {
            }
          }
        }
      }
    }

10:24:10.242 [main] DEBUG org.hibernate.orm.sql.exec - Skipping reading Query result cache data: cache-enabled = false, cache-mode = NORMAL
10:24:10.243 [main] DEBUG org.hibernate.orm.results - Initializer list:
	  org.frcpm.models.TeamMember(959666528573700).assignedTasks -> DelayedCollectionInitializer(org.frcpm.models.TeamMember(959666528573700).assignedTasks)@1259016880 (PluralAttribute(org.frcpm.models.TeamMember.assignedTasks))
	  org.frcpm.models.TeamMember(959666528573700).subteam -> EntityDelayedFetchInitializer(org.frcpm.models.TeamMember(959666528573700).subteam)@843651224 (ToOneAttributeMapping(NavigableRole[org.frcpm.models.TeamMember.subteam])@1143917207)
	  org.frcpm.models.TeamMember(959666528573700) -> EntityResultInitializer(org.frcpm.models.TeamMember(959666528573700))@753379806 (SingleTableEntityPersister(org.frcpm.models.TeamMember))
	  org.frcpm.models.TeamMember(959666528573700).attendances -> DelayedCollectionInitializer(org.frcpm.models.TeamMember(959666528573700).attendances)@889049552 (PluralAttribute(org.frcpm.models.TeamMember.attendances))

10:24:10.243 [main] DEBUG org.hibernate.SQL - select tm1_0.id,tm1_0.email,tm1_0.first_name,tm1_0.last_name,tm1_0.is_leader,tm1_0.phone,tm1_0.skills,tm1_0.subteam_id,tm1_0.username from team_members tm1_0
10:24:10.243 [main] DEBUG org.hibernate.orm.results - Extracted JDBC value [0] - [1]
10:24:10.243 [main] DEBUG org.hibernate.orm.results.loading.entity - (EntityResultInitializer) Hydrated EntityKey (org.frcpm.models.TeamMember(959666528573700)): 1
10:24:10.243 [main] DEBUG org.hibernate.orm.results.loading.org.hibernate.orm.results.loading.collection - (DelayedCollectionInitializer) Current row collection key : org.frcpm.models.TeamMember(959666528573700).assignedTasks#1
10:24:10.243 [main] DEBUG org.hibernate.orm.results.loading.org.hibernate.orm.results.loading.collection - (DelayedCollectionInitializer) Current row collection key : org.frcpm.models.TeamMember(959666528573700).attendances#1
10:24:10.243 [main] DEBUG org.hibernate.orm.results.loading.entity - (EntityResultInitializer) Created new entity instance [org.frcpm.models.TeamMember(959666528573700)#1] : 1287610852
10:24:10.243 [main] DEBUG org.hibernate.orm.results - Extracted JDBC value [7] - [3]
10:24:10.243 [main] DEBUG org.hibernate.orm.results - Extracted JDBC value [1] - [jsmith@example.com]
10:24:10.243 [main] DEBUG org.hibernate.orm.results - Extracted JDBC value [2] - [John]
10:24:10.243 [main] DEBUG org.hibernate.orm.results - Extracted JDBC value [3] - [Smith]
10:24:10.244 [main] DEBUG org.hibernate.orm.results - Extracted JDBC value [4] - [true]
10:24:10.244 [main] DEBUG org.hibernate.orm.results - Extracted JDBC value [5] - [555-1234]
10:24:10.244 [main] DEBUG org.hibernate.orm.results - Extracted JDBC value [6] - [Java, Python, Control Systems]
10:24:10.244 [main] DEBUG org.hibernate.orm.results - Extracted JDBC value [8] - [jsmith]
10:24:10.244 [main] DEBUG org.hibernate.orm.results.loading.entity - (EntityResultInitializer) Done materializing entityInstance : org.frcpm.models.TeamMember(959666528573700)#1
10:24:10.244 [main] DEBUG org.hibernate.orm.results.loading - Calling top-level assembler (0 / 1) : org.hibernate.sql.results.graph.entity.internal.EntityAssembler@56ac955c
10:24:10.244 [main] DEBUG org.hibernate.orm.results - Extracted JDBC value [0] - [2]
10:24:10.244 [main] DEBUG org.hibernate.orm.results.loading.entity - (EntityResultInitializer) Hydrated EntityKey (org.frcpm.models.TeamMember(959666528573700)): 2
10:24:10.244 [main] DEBUG org.hibernate.orm.results.loading.org.hibernate.orm.results.loading.collection - (DelayedCollectionInitializer) Current row collection key : org.frcpm.models.TeamMember(959666528573700).assignedTasks#2
10:24:10.244 [main] DEBUG org.hibernate.orm.results.loading.org.hibernate.orm.results.loading.collection - (DelayedCollectionInitializer) Current row collection key : org.frcpm.models.TeamMember(959666528573700).attendances#2
10:24:10.244 [main] DEBUG org.hibernate.orm.results.loading.entity - (EntityResultInitializer) Created new entity instance [org.frcpm.models.TeamMember(959666528573700)#2] : 1630236204
10:24:10.244 [main] DEBUG org.hibernate.orm.results - Extracted JDBC value [7] - [1]
10:24:10.244 [main] DEBUG org.hibernate.orm.results - Extracted JDBC value [1] - [agarcia@example.com]
10:24:10.244 [main] DEBUG org.hibernate.orm.results - Extracted JDBC value [2] - [Ana]
10:24:10.244 [main] DEBUG org.hibernate.orm.results - Extracted JDBC value [3] - [Garcia]
10:24:10.244 [main] DEBUG org.hibernate.orm.results - Extracted JDBC value [4] - [true]
10:24:10.244 [main] DEBUG org.hibernate.orm.results - Extracted JDBC value [5] - [555-5678]
10:24:10.244 [main] DEBUG org.hibernate.orm.results - Extracted JDBC value [6] - [CAD, Design, Machining]
10:24:10.244 [main] DEBUG org.hibernate.orm.results - Extracted JDBC value [8] - [agarcia]
10:24:10.244 [main] DEBUG org.hibernate.orm.results.loading.entity - (EntityResultInitializer) Done materializing entityInstance : org.frcpm.models.TeamMember(959666528573700)#2
10:24:10.244 [main] DEBUG org.hibernate.orm.results.loading - Calling top-level assembler (0 / 1) : org.hibernate.sql.results.graph.entity.internal.EntityAssembler@56ac955c
10:24:10.244 [main] DEBUG org.hibernate.orm.results - Extracted JDBC value [0] - [3]
10:24:10.244 [main] DEBUG org.hibernate.orm.results.loading.entity - (EntityResultInitializer) Hydrated EntityKey (org.frcpm.models.TeamMember(959666528573700)): 3
10:24:10.244 [main] DEBUG org.hibernate.orm.results.loading.org.hibernate.orm.results.loading.collection - (DelayedCollectionInitializer) Current row collection key : org.frcpm.models.TeamMember(959666528573700).assignedTasks#3
10:24:10.244 [main] DEBUG org.hibernate.orm.results.loading.org.hibernate.orm.results.loading.collection - (DelayedCollectionInitializer) Current row collection key : org.frcpm.models.TeamMember(959666528573700).attendances#3
10:24:10.244 [main] DEBUG org.hibernate.orm.results.loading.entity - (EntityResultInitializer) Created new entity instance [org.frcpm.models.TeamMember(959666528573700)#3] : 573848431
10:24:10.244 [main] DEBUG org.hibernate.orm.results - Extracted JDBC value [7] - [2]
10:24:10.244 [main] DEBUG org.hibernate.orm.results - Extracted JDBC value [1] - [twong@example.com]
10:24:10.244 [main] DEBUG org.hibernate.orm.results - Extracted JDBC value [2] - [Tyler]
10:24:10.244 [main] DEBUG org.hibernate.orm.results - Extracted JDBC value [3] - [Wong]
10:24:10.244 [main] DEBUG org.hibernate.orm.results - Extracted JDBC value [4] - [true]
10:24:10.244 [main] DEBUG org.hibernate.orm.results - Extracted JDBC value [5] - [555-9012]
10:24:10.244 [main] DEBUG org.hibernate.orm.results - Extracted JDBC value [6] - [Electronics, Wiring, Soldering]
10:24:10.244 [main] DEBUG org.hibernate.orm.results - Extracted JDBC value [8] - [twong]
10:24:10.244 [main] DEBUG org.hibernate.orm.results.loading.entity - (EntityResultInitializer) Done materializing entityInstance : org.frcpm.models.TeamMember(959666528573700)#3
10:24:10.244 [main] DEBUG org.hibernate.orm.results.loading - Calling top-level assembler (0 / 1) : org.hibernate.sql.results.graph.entity.internal.EntityAssembler@56ac955c
10:24:10.244 [main] DEBUG org.hibernate.orm.results - Extracted JDBC value [0] - [4]
10:24:10.244 [main] DEBUG org.hibernate.orm.results.loading.entity - (EntityResultInitializer) Hydrated EntityKey (org.frcpm.models.TeamMember(959666528573700)): 4
10:24:10.244 [main] DEBUG org.hibernate.orm.results.loading.org.hibernate.orm.results.loading.collection - (DelayedCollectionInitializer) Current row collection key : org.frcpm.models.TeamMember(959666528573700).assignedTasks#4
10:24:10.244 [main] DEBUG org.hibernate.orm.results.loading.org.hibernate.orm.results.loading.collection - (DelayedCollectionInitializer) Current row collection key : org.frcpm.models.TeamMember(959666528573700).attendances#4
10:24:10.244 [main] DEBUG org.hibernate.orm.results.loading.entity - (EntityResultInitializer) Created new entity instance [org.frcpm.models.TeamMember(959666528573700)#4] : 1017459489
10:24:10.244 [main] DEBUG org.hibernate.orm.results - Extracted JDBC value [7] - [4]
10:24:10.244 [main] DEBUG org.hibernate.orm.results - Extracted JDBC value [1] - [lchen@example.com]
10:24:10.244 [main] DEBUG org.hibernate.orm.results - Extracted JDBC value [2] - [Lisa]
10:24:10.244 [main] DEBUG org.hibernate.orm.results - Extracted JDBC value [3] - [Chen]
10:24:10.244 [main] DEBUG org.hibernate.orm.results - Extracted JDBC value [4] - [true]
10:24:10.244 [main] DEBUG org.hibernate.orm.results - Extracted JDBC value [5] - [555-3456]
10:24:10.244 [main] DEBUG org.hibernate.orm.results - Extracted JDBC value [6] - [Marketing, Social Media, Presentations]
10:24:10.244 [main] DEBUG org.hibernate.orm.results - Extracted JDBC value [8] - [lchen]
10:24:10.244 [main] DEBUG org.hibernate.orm.results.loading.entity - (EntityResultInitializer) Done materializing entityInstance : org.frcpm.models.TeamMember(959666528573700)#4
10:24:10.244 [main] DEBUG org.hibernate.orm.results.loading - Calling top-level assembler (0 / 1) : org.hibernate.sql.results.graph.entity.internal.EntityAssembler@56ac955c
10:24:10.244 [main] DEBUG org.hibernate.orm.results - Extracted JDBC value [0] - [5]
10:24:10.244 [main] DEBUG org.hibernate.orm.results.loading.entity - (EntityResultInitializer) Hydrated EntityKey (org.frcpm.models.TeamMember(959666528573700)): 5
10:24:10.244 [main] DEBUG org.hibernate.orm.results.loading.org.hibernate.orm.results.loading.collection - (DelayedCollectionInitializer) Current row collection key : org.frcpm.models.TeamMember(959666528573700).assignedTasks#5
10:24:10.244 [main] DEBUG org.hibernate.orm.results.loading.org.hibernate.orm.results.loading.collection - (DelayedCollectionInitializer) Current row collection key : org.frcpm.models.TeamMember(959666528573700).attendances#5
10:24:10.244 [main] DEBUG org.hibernate.orm.results.loading.entity - (EntityResultInitializer) Created new entity instance [org.frcpm.models.TeamMember(959666528573700)#5] : 107984144
10:24:10.245 [main] DEBUG org.hibernate.orm.results - Extracted JDBC value [7] - [1]
10:24:10.245 [main] DEBUG org.hibernate.orm.results - Extracted JDBC value [1] - [mjohnson@example.com]
10:24:10.245 [main] DEBUG org.hibernate.orm.results - Extracted JDBC value [2] - [Mike]
10:24:10.245 [main] DEBUG org.hibernate.orm.results - Extracted JDBC value [3] - [Johnson]
10:24:10.245 [main] DEBUG org.hibernate.orm.results - Extracted JDBC value [4] - [false]
10:24:10.245 [main] DEBUG org.hibernate.orm.results - Extracted JDBC value [5] - [555-7890]
10:24:10.245 [main] DEBUG org.hibernate.orm.results - Extracted JDBC value [6] - [CAD, 3D Printing, Prototyping]
10:24:10.245 [main] DEBUG org.hibernate.orm.results - Extracted JDBC value [8] - [mjohnson]
10:24:10.245 [main] DEBUG org.hibernate.orm.results.loading.entity - (EntityResultInitializer) Done materializing entityInstance : org.frcpm.models.TeamMember(959666528573700)#5
10:24:10.245 [main] DEBUG org.hibernate.orm.results.loading - Calling top-level assembler (0 / 1) : org.hibernate.sql.results.graph.entity.internal.EntityAssembler@56ac955c
10:24:10.245 [main] DEBUG org.hibernate.orm.results - Extracted JDBC value [0] - [6]
10:24:10.245 [main] DEBUG org.hibernate.orm.results.loading.entity - (EntityResultInitializer) Hydrated EntityKey (org.frcpm.models.TeamMember(959666528573700)): 6
10:24:10.245 [main] DEBUG org.hibernate.orm.results.loading.org.hibernate.orm.results.loading.collection - (DelayedCollectionInitializer) Current row collection key : org.frcpm.models.TeamMember(959666528573700).assignedTasks#6
10:24:10.245 [main] DEBUG org.hibernate.orm.results.loading.org.hibernate.orm.results.loading.collection - (DelayedCollectionInitializer) Current row collection key : org.frcpm.models.TeamMember(959666528573700).attendances#6
10:24:10.245 [main] DEBUG org.hibernate.orm.results.loading.entity - (EntityResultInitializer) Created new entity instance [org.frcpm.models.TeamMember(959666528573700)#6] : 355565001
10:24:10.245 [main] DEBUG org.hibernate.orm.results - Extracted JDBC value [7] - [3]
10:24:10.245 [main] DEBUG org.hibernate.orm.results - Extracted JDBC value [1] - [sdavis@example.com]
10:24:10.245 [main] DEBUG org.hibernate.orm.results - Extracted JDBC value [2] - [Sarah]
10:24:10.245 [main] DEBUG org.hibernate.orm.results - Extracted JDBC value [3] - [Davis]
10:24:10.245 [main] DEBUG org.hibernate.orm.results - Extracted JDBC value [4] - [false]
10:24:10.245 [main] DEBUG org.hibernate.orm.results - Extracted JDBC value [5] - [555-2345]
10:24:10.245 [main] DEBUG org.hibernate.orm.results - Extracted JDBC value [6] - [Computer Vision, Machine Learning]
10:24:10.245 [main] DEBUG org.hibernate.orm.results - Extracted JDBC value [8] - [sdavis]
10:24:10.245 [main] DEBUG org.hibernate.orm.results.loading.entity - (EntityResultInitializer) Done materializing entityInstance : org.frcpm.models.TeamMember(959666528573700)#6
10:24:10.245 [main] DEBUG org.hibernate.orm.results.loading - Calling top-level assembler (0 / 1) : org.hibernate.sql.results.graph.entity.internal.EntityAssembler@56ac955c
10:24:10.245 [main] DEBUG org.hibernate.orm.results - Extracted JDBC value [0] - [36]
10:24:10.245 [main] DEBUG org.hibernate.orm.results.loading.entity - (EntityResultInitializer) Hydrated EntityKey (org.frcpm.models.TeamMember(959666528573700)): 36
10:24:10.245 [main] DEBUG org.hibernate.orm.results.loading.org.hibernate.orm.results.loading.collection - (DelayedCollectionInitializer) Current row collection key : org.frcpm.models.TeamMember(959666528573700).assignedTasks#36
10:24:10.245 [main] DEBUG org.hibernate.orm.results.loading.org.hibernate.orm.results.loading.collection - (DelayedCollectionInitializer) Current row collection key : org.frcpm.models.TeamMember(959666528573700).attendances#36
10:24:10.245 [main] DEBUG org.hibernate.orm.results.loading.entity - (EntityResultInitializer) Created new entity instance [org.frcpm.models.TeamMember(959666528573700)#36] : 1871666546
10:24:10.245 [main] DEBUG org.hibernate.orm.results - Extracted JDBC value [7] - [null]
10:24:10.245 [main] DEBUG org.hibernate.orm.results - Extracted JDBC value [1] - [tasktest@example.com]
10:24:10.245 [main] DEBUG org.hibernate.orm.results - Extracted JDBC value [2] - [Task]
10:24:10.245 [main] DEBUG org.hibernate.orm.results - Extracted JDBC value [3] - [Test]
10:24:10.245 [main] DEBUG org.hibernate.orm.results - Extracted JDBC value [4] - [false]
10:24:10.245 [main] DEBUG org.hibernate.orm.results - Extracted JDBC value [5] - [null]
10:24:10.245 [main] DEBUG org.hibernate.orm.results - Extracted JDBC value [6] - [null]
10:24:10.245 [main] DEBUG org.hibernate.orm.results - Extracted JDBC value [8] - [tasktestuser_1745594395337]
10:24:10.245 [main] DEBUG org.hibernate.orm.results.loading.entity - (EntityResultInitializer) Done materializing entityInstance : org.frcpm.models.TeamMember(959666528573700)#36
10:24:10.245 [main] DEBUG org.hibernate.orm.results.loading - Calling top-level assembler (0 / 1) : org.hibernate.sql.results.graph.entity.internal.EntityAssembler@56ac955c
10:24:10.245 [main] DEBUG org.hibernate.orm.results - Extracted JDBC value [0] - [37]
10:24:10.245 [main] DEBUG org.hibernate.orm.results.loading.entity - (EntityResultInitializer) Hydrated EntityKey (org.frcpm.models.TeamMember(959666528573700)): 37
10:24:10.245 [main] DEBUG org.hibernate.orm.results.loading.org.hibernate.orm.results.loading.collection - (DelayedCollectionInitializer) Current row collection key : org.frcpm.models.TeamMember(959666528573700).assignedTasks#37
10:24:10.245 [main] DEBUG org.hibernate.orm.results.loading.org.hibernate.orm.results.loading.collection - (DelayedCollectionInitializer) Current row collection key : org.frcpm.models.TeamMember(959666528573700).attendances#37
10:24:10.245 [main] DEBUG org.hibernate.orm.results.loading.entity - (EntityResultInitializer) Created new entity instance [org.frcpm.models.TeamMember(959666528573700)#37] : 1695602456
10:24:10.245 [main] DEBUG org.hibernate.orm.results - Extracted JDBC value [7] - [null]
10:24:10.245 [main] DEBUG org.hibernate.orm.results - Extracted JDBC value [1] - [tasktest@example.com]
10:24:10.245 [main] DEBUG org.hibernate.orm.results - Extracted JDBC value [2] - [Task]
10:24:10.245 [main] DEBUG org.hibernate.orm.results - Extracted JDBC value [3] - [Test]
10:24:10.245 [main] DEBUG org.hibernate.orm.results - Extracted JDBC value [4] - [false]
10:24:10.245 [main] DEBUG org.hibernate.orm.results - Extracted JDBC value [5] - [null]
10:24:10.245 [main] DEBUG org.hibernate.orm.results - Extracted JDBC value [6] - [null]
10:24:10.245 [main] DEBUG org.hibernate.orm.results - Extracted JDBC value [8] - [tasktestuser_1745594395698]
10:24:10.245 [main] DEBUG org.hibernate.orm.results.loading.entity - (EntityResultInitializer) Done materializing entityInstance : org.frcpm.models.TeamMember(959666528573700)#37
10:24:10.245 [main] DEBUG org.hibernate.orm.results.loading - Calling top-level assembler (0 / 1) : org.hibernate.sql.results.graph.entity.internal.EntityAssembler@56ac955c
10:24:10.245 [main] DEBUG org.hibernate.orm.results - Extracted JDBC value [0] - [38]
10:24:10.245 [main] DEBUG org.hibernate.orm.results.loading.entity - (EntityResultInitializer) Hydrated EntityKey (org.frcpm.models.TeamMember(959666528573700)): 38
10:24:10.245 [main] DEBUG org.hibernate.orm.results.loading.org.hibernate.orm.results.loading.collection - (DelayedCollectionInitializer) Current row collection key : org.frcpm.models.TeamMember(959666528573700).assignedTasks#38
10:24:10.245 [main] DEBUG org.hibernate.orm.results.loading.org.hibernate.orm.results.loading.collection - (DelayedCollectionInitializer) Current row collection key : org.frcpm.models.TeamMember(959666528573700).attendances#38
10:24:10.245 [main] DEBUG org.hibernate.orm.results.loading.entity - (EntityResultInitializer) Created new entity instance [org.frcpm.models.TeamMember(959666528573700)#38] : 1535833708
10:24:10.245 [main] DEBUG org.hibernate.orm.results - Extracted JDBC value [7] - [null]
10:24:10.245 [main] DEBUG org.hibernate.orm.results - Extracted JDBC value [1] - [tasktest@example.com]
10:24:10.245 [main] DEBUG org.hibernate.orm.results - Extracted JDBC value [2] - [Task]
10:24:10.245 [main] DEBUG org.hibernate.orm.results - Extracted JDBC value [3] - [Test]
10:24:10.245 [main] DEBUG org.hibernate.orm.results - Extracted JDBC value [4] - [false]
10:24:10.245 [main] DEBUG org.hibernate.orm.results - Extracted JDBC value [5] - [null]
10:24:10.245 [main] DEBUG org.hibernate.orm.results - Extracted JDBC value [6] - [null]
10:24:10.245 [main] DEBUG org.hibernate.orm.results - Extracted JDBC value [8] - [tasktestuser_1745594396071]
10:24:10.245 [main] DEBUG org.hibernate.orm.results.loading.entity - (EntityResultInitializer) Done materializing entityInstance : org.frcpm.models.TeamMember(959666528573700)#38
10:24:10.245 [main] DEBUG org.hibernate.orm.results.loading - Calling top-level assembler (0 / 1) : org.hibernate.sql.results.graph.entity.internal.EntityAssembler@56ac955c
10:24:10.245 [main] DEBUG org.hibernate.orm.results - Extracted JDBC value [0] - [39]
10:24:10.245 [main] DEBUG org.hibernate.orm.results.loading.entity - (EntityResultInitializer) Hydrated EntityKey (org.frcpm.models.TeamMember(959666528573700)): 39
10:24:10.245 [main] DEBUG org.hibernate.orm.results.loading.org.hibernate.orm.results.loading.collection - (DelayedCollectionInitializer) Current row collection key : org.frcpm.models.TeamMember(959666528573700).assignedTasks#39
10:24:10.245 [main] DEBUG org.hibernate.orm.results.loading.org.hibernate.orm.results.loading.collection - (DelayedCollectionInitializer) Current row collection key : org.frcpm.models.TeamMember(959666528573700).attendances#39
10:24:10.245 [main] DEBUG org.hibernate.orm.results.loading.entity - (EntityResultInitializer) Created new entity instance [org.frcpm.models.TeamMember(959666528573700)#39] : 1914410011
10:24:10.245 [main] DEBUG org.hibernate.orm.results - Extracted JDBC value [7] - [null]
10:24:10.245 [main] DEBUG org.hibernate.orm.results - Extracted JDBC value [1] - [tasktest@example.com]
10:24:10.246 [main] DEBUG org.hibernate.orm.results - Extracted JDBC value [2] - [Task]
10:24:10.246 [main] DEBUG org.hibernate.orm.results - Extracted JDBC value [3] - [Test]
10:24:10.246 [main] DEBUG org.hibernate.orm.results - Extracted JDBC value [4] - [false]
10:24:10.246 [main] DEBUG org.hibernate.orm.results - Extracted JDBC value [5] - [null]
10:24:10.246 [main] DEBUG org.hibernate.orm.results - Extracted JDBC value [6] - [null]
10:24:10.246 [main] DEBUG org.hibernate.orm.results - Extracted JDBC value [8] - [tasktestuser_1745594396416]
10:24:10.246 [main] DEBUG org.hibernate.orm.results.loading.entity - (EntityResultInitializer) Done materializing entityInstance : org.frcpm.models.TeamMember(959666528573700)#39
10:24:10.246 [main] DEBUG org.hibernate.orm.results.loading - Calling top-level assembler (0 / 1) : org.hibernate.sql.results.graph.entity.internal.EntityAssembler@56ac955c
10:24:10.246 [main] DEBUG org.hibernate.orm.results - Extracted JDBC value [0] - [40]
10:24:10.246 [main] DEBUG org.hibernate.orm.results.loading.entity - (EntityResultInitializer) Hydrated EntityKey (org.frcpm.models.TeamMember(959666528573700)): 40
10:24:10.246 [main] DEBUG org.hibernate.orm.results.loading.org.hibernate.orm.results.loading.collection - (DelayedCollectionInitializer) Current row collection key : org.frcpm.models.TeamMember(959666528573700).assignedTasks#40
10:24:10.246 [main] DEBUG org.hibernate.orm.results.loading.org.hibernate.orm.results.loading.collection - (DelayedCollectionInitializer) Current row collection key : org.frcpm.models.TeamMember(959666528573700).attendances#40
10:24:10.246 [main] DEBUG org.hibernate.orm.results.loading.entity - (EntityResultInitializer) Created new entity instance [org.frcpm.models.TeamMember(959666528573700)#40] : 1424809917
10:24:10.246 [main] DEBUG org.hibernate.orm.results - Extracted JDBC value [7] - [null]
10:24:10.246 [main] DEBUG org.hibernate.orm.results - Extracted JDBC value [1] - [tasktest@example.com]
10:24:10.246 [main] DEBUG org.hibernate.orm.results - Extracted JDBC value [2] - [Task]
10:24:10.246 [main] DEBUG org.hibernate.orm.results - Extracted JDBC value [3] - [Test]
10:24:10.246 [main] DEBUG org.hibernate.orm.results - Extracted JDBC value [4] - [false]
10:24:10.246 [main] DEBUG org.hibernate.orm.results - Extracted JDBC value [5] - [null]
10:24:10.246 [main] DEBUG org.hibernate.orm.results - Extracted JDBC value [6] - [null]
10:24:10.246 [main] DEBUG org.hibernate.orm.results - Extracted JDBC value [8] - [tasktestuser_1745594396762]
10:24:10.246 [main] DEBUG org.hibernate.orm.results.loading.entity - (EntityResultInitializer) Done materializing entityInstance : org.frcpm.models.TeamMember(959666528573700)#40
10:24:10.246 [main] DEBUG org.hibernate.orm.results.loading - Calling top-level assembler (0 / 1) : org.hibernate.sql.results.graph.entity.internal.EntityAssembler@56ac955c
10:24:10.246 [main] DEBUG org.hibernate.orm.results - Extracted JDBC value [0] - [41]
10:24:10.246 [main] DEBUG org.hibernate.orm.results.loading.entity - (EntityResultInitializer) Hydrated EntityKey (org.frcpm.models.TeamMember(959666528573700)): 41
10:24:10.246 [main] DEBUG org.hibernate.orm.results.loading.org.hibernate.orm.results.loading.collection - (DelayedCollectionInitializer) Current row collection key : org.frcpm.models.TeamMember(959666528573700).assignedTasks#41
10:24:10.246 [main] DEBUG org.hibernate.orm.results.loading.org.hibernate.orm.results.loading.collection - (DelayedCollectionInitializer) Current row collection key : org.frcpm.models.TeamMember(959666528573700).attendances#41
10:24:10.246 [main] DEBUG org.hibernate.orm.results.loading.entity - (EntityResultInitializer) Created new entity instance [org.frcpm.models.TeamMember(959666528573700)#41] : 1347425447
10:24:10.246 [main] DEBUG org.hibernate.orm.results - Extracted JDBC value [7] - [null]
10:24:10.246 [main] DEBUG org.hibernate.orm.results - Extracted JDBC value [1] - [tasktest@example.com]
10:24:10.246 [main] DEBUG org.hibernate.orm.results - Extracted JDBC value [2] - [Task]
10:24:10.246 [main] DEBUG org.hibernate.orm.results - Extracted JDBC value [3] - [Test]
10:24:10.246 [main] DEBUG org.hibernate.orm.results - Extracted JDBC value [4] - [false]
10:24:10.246 [main] DEBUG org.hibernate.orm.results - Extracted JDBC value [5] - [null]
10:24:10.246 [main] DEBUG org.hibernate.orm.results - Extracted JDBC value [6] - [null]
10:24:10.246 [main] DEBUG org.hibernate.orm.results - Extracted JDBC value [8] - [tasktestuser_1745594397140]
10:24:10.246 [main] DEBUG org.hibernate.orm.results.loading.entity - (EntityResultInitializer) Done materializing entityInstance : org.frcpm.models.TeamMember(959666528573700)#41
10:24:10.246 [main] DEBUG org.hibernate.orm.results.loading - Calling top-level assembler (0 / 1) : org.hibernate.sql.results.graph.entity.internal.EntityAssembler@56ac955c
10:24:10.246 [main] DEBUG org.hibernate.orm.results - Extracted JDBC value [0] - [42]
10:24:10.246 [main] DEBUG org.hibernate.orm.results.loading.entity - (EntityResultInitializer) Hydrated EntityKey (org.frcpm.models.TeamMember(959666528573700)): 42
10:24:10.246 [main] DEBUG org.hibernate.orm.results.loading.org.hibernate.orm.results.loading.collection - (DelayedCollectionInitializer) Current row collection key : org.frcpm.models.TeamMember(959666528573700).assignedTasks#42
10:24:10.246 [main] DEBUG org.hibernate.orm.results.loading.org.hibernate.orm.results.loading.collection - (DelayedCollectionInitializer) Current row collection key : org.frcpm.models.TeamMember(959666528573700).attendances#42
10:24:10.246 [main] DEBUG org.hibernate.orm.results.loading.entity - (EntityResultInitializer) Created new entity instance [org.frcpm.models.TeamMember(959666528573700)#42] : 215975293
10:24:10.246 [main] DEBUG org.hibernate.orm.results - Extracted JDBC value [7] - [null]
10:24:10.246 [main] DEBUG org.hibernate.orm.results - Extracted JDBC value [1] - [tasktest@example.com]
10:24:10.246 [main] DEBUG org.hibernate.orm.results - Extracted JDBC value [2] - [Task]
10:24:10.246 [main] DEBUG org.hibernate.orm.results - Extracted JDBC value [3] - [Test]
10:24:10.246 [main] DEBUG org.hibernate.orm.results - Extracted JDBC value [4] - [false]
10:24:10.246 [main] DEBUG org.hibernate.orm.results - Extracted JDBC value [5] - [null]
10:24:10.246 [main] DEBUG org.hibernate.orm.results - Extracted JDBC value [6] - [null]
10:24:10.246 [main] DEBUG org.hibernate.orm.results - Extracted JDBC value [8] - [tasktestuser_1745594397563]
10:24:10.246 [main] DEBUG org.hibernate.orm.results.loading.entity - (EntityResultInitializer) Done materializing entityInstance : org.frcpm.models.TeamMember(959666528573700)#42
10:24:10.246 [main] DEBUG org.hibernate.orm.results.loading - Calling top-level assembler (0 / 1) : org.hibernate.sql.results.graph.entity.internal.EntityAssembler@56ac955c
10:24:10.246 [main] DEBUG org.hibernate.orm.results - Extracted JDBC value [0] - [43]
10:24:10.246 [main] DEBUG org.hibernate.orm.results.loading.entity - (EntityResultInitializer) Hydrated EntityKey (org.frcpm.models.TeamMember(959666528573700)): 43
10:24:10.246 [main] DEBUG org.hibernate.orm.results.loading.org.hibernate.orm.results.loading.collection - (DelayedCollectionInitializer) Current row collection key : org.frcpm.models.TeamMember(959666528573700).assignedTasks#43
10:24:10.246 [main] DEBUG org.hibernate.orm.results.loading.org.hibernate.orm.results.loading.collection - (DelayedCollectionInitializer) Current row collection key : org.frcpm.models.TeamMember(959666528573700).attendances#43
10:24:10.246 [main] DEBUG org.hibernate.orm.results.loading.entity - (EntityResultInitializer) Created new entity instance [org.frcpm.models.TeamMember(959666528573700)#43] : 608045763
10:24:10.246 [main] DEBUG org.hibernate.orm.results - Extracted JDBC value [7] - [null]
10:24:10.246 [main] DEBUG org.hibernate.orm.results - Extracted JDBC value [1] - [tasktest@example.com]
10:24:10.246 [main] DEBUG org.hibernate.orm.results - Extracted JDBC value [2] - [Task]
10:24:10.246 [main] DEBUG org.hibernate.orm.results - Extracted JDBC value [3] - [Test]
10:24:10.246 [main] DEBUG org.hibernate.orm.results - Extracted JDBC value [4] - [false]
10:24:10.246 [main] DEBUG org.hibernate.orm.results - Extracted JDBC value [5] - [null]
10:24:10.246 [main] DEBUG org.hibernate.orm.results - Extracted JDBC value [6] - [null]
10:24:10.246 [main] DEBUG org.hibernate.orm.results - Extracted JDBC value [8] - [tasktestuser_1745594397906]
10:24:10.246 [main] DEBUG org.hibernate.orm.results.loading.entity - (EntityResultInitializer) Done materializing entityInstance : org.frcpm.models.TeamMember(959666528573700)#43
10:24:10.247 [main] DEBUG org.hibernate.orm.results.loading - Calling top-level assembler (0 / 1) : org.hibernate.sql.results.graph.entity.internal.EntityAssembler@56ac955c
10:24:10.247 [main] DEBUG org.hibernate.orm.results - Extracted JDBC value [0] - [44]
10:24:10.247 [main] DEBUG org.hibernate.orm.results.loading.entity - (EntityResultInitializer) Hydrated EntityKey (org.frcpm.models.TeamMember(959666528573700)): 44
10:24:10.247 [main] DEBUG org.hibernate.orm.results.loading.org.hibernate.orm.results.loading.collection - (DelayedCollectionInitializer) Current row collection key : org.frcpm.models.TeamMember(959666528573700).assignedTasks#44
10:24:10.247 [main] DEBUG org.hibernate.orm.results.loading.org.hibernate.orm.results.loading.collection - (DelayedCollectionInitializer) Current row collection key : org.frcpm.models.TeamMember(959666528573700).attendances#44
10:24:10.247 [main] DEBUG org.hibernate.orm.results.loading.entity - (EntityResultInitializer) Created new entity instance [org.frcpm.models.TeamMember(959666528573700)#44] : 1653107542
10:24:10.247 [main] DEBUG org.hibernate.orm.results - Extracted JDBC value [7] - [null]
10:24:10.247 [main] DEBUG org.hibernate.orm.results - Extracted JDBC value [1] - [tasktest@example.com]
10:24:10.247 [main] DEBUG org.hibernate.orm.results - Extracted JDBC value [2] - [Task]
10:24:10.247 [main] DEBUG org.hibernate.orm.results - Extracted JDBC value [3] - [Test]
10:24:10.247 [main] DEBUG org.hibernate.orm.results - Extracted JDBC value [4] - [false]
10:24:10.247 [main] DEBUG org.hibernate.orm.results - Extracted JDBC value [5] - [null]
10:24:10.247 [main] DEBUG org.hibernate.orm.results - Extracted JDBC value [6] - [null]
10:24:10.247 [main] DEBUG org.hibernate.orm.results - Extracted JDBC value [8] - [tasktestuser_1745594398275]
10:24:10.247 [main] DEBUG org.hibernate.orm.results.loading.entity - (EntityResultInitializer) Done materializing entityInstance : org.frcpm.models.TeamMember(959666528573700)#44
10:24:10.247 [main] DEBUG org.hibernate.orm.results.loading - Calling top-level assembler (0 / 1) : org.hibernate.sql.results.graph.entity.internal.EntityAssembler@56ac955c
10:24:10.247 [main] DEBUG org.hibernate.orm.results - Extracted JDBC value [0] - [45]
10:24:10.247 [main] DEBUG org.hibernate.orm.results.loading.entity - (EntityResultInitializer) Hydrated EntityKey (org.frcpm.models.TeamMember(959666528573700)): 45
10:24:10.247 [main] DEBUG org.hibernate.orm.results.loading.org.hibernate.orm.results.loading.collection - (DelayedCollectionInitializer) Current row collection key : org.frcpm.models.TeamMember(959666528573700).assignedTasks#45
10:24:10.247 [main] DEBUG org.hibernate.orm.results.loading.org.hibernate.orm.results.loading.collection - (DelayedCollectionInitializer) Current row collection key : org.frcpm.models.TeamMember(959666528573700).attendances#45
10:24:10.247 [main] DEBUG org.hibernate.orm.results.loading.entity - (EntityResultInitializer) Created new entity instance [org.frcpm.models.TeamMember(959666528573700)#45] : 1169039951
10:24:10.247 [main] DEBUG org.hibernate.orm.results - Extracted JDBC value [7] - [null]
10:24:10.247 [main] DEBUG org.hibernate.orm.results - Extracted JDBC value [1] - [tasktest@example.com]
10:24:10.247 [main] DEBUG org.hibernate.orm.results - Extracted JDBC value [2] - [Task]
10:24:10.247 [main] DEBUG org.hibernate.orm.results - Extracted JDBC value [3] - [Test]
10:24:10.247 [main] DEBUG org.hibernate.orm.results - Extracted JDBC value [4] - [false]
10:24:10.247 [main] DEBUG org.hibernate.orm.results - Extracted JDBC value [5] - [null]
10:24:10.247 [main] DEBUG org.hibernate.orm.results - Extracted JDBC value [6] - [null]
10:24:10.247 [main] DEBUG org.hibernate.orm.results - Extracted JDBC value [8] - [tasktestuser_1745594398667]
10:24:10.247 [main] DEBUG org.hibernate.orm.results.loading.entity - (EntityResultInitializer) Done materializing entityInstance : org.frcpm.models.TeamMember(959666528573700)#45
10:24:10.247 [main] DEBUG org.hibernate.orm.results.loading - Calling top-level assembler (0 / 1) : org.hibernate.sql.results.graph.entity.internal.EntityAssembler@56ac955c
10:24:10.247 [main] DEBUG org.hibernate.orm.results - Extracted JDBC value [0] - [46]
10:24:10.247 [main] DEBUG org.hibernate.orm.results.loading.entity - (EntityResultInitializer) Hydrated EntityKey (org.frcpm.models.TeamMember(959666528573700)): 46
10:24:10.247 [main] DEBUG org.hibernate.orm.results.loading.org.hibernate.orm.results.loading.collection - (DelayedCollectionInitializer) Current row collection key : org.frcpm.models.TeamMember(959666528573700).assignedTasks#46
10:24:10.247 [main] DEBUG org.hibernate.orm.results.loading.org.hibernate.orm.results.loading.collection - (DelayedCollectionInitializer) Current row collection key : org.frcpm.models.TeamMember(959666528573700).attendances#46
10:24:10.248 [main] DEBUG org.hibernate.orm.results.loading.entity - (EntityResultInitializer) Created new entity instance [org.frcpm.models.TeamMember(959666528573700)#46] : 1641362818
10:24:10.248 [main] DEBUG org.hibernate.orm.results - Extracted JDBC value [7] - [null]
10:24:10.248 [main] DEBUG org.hibernate.orm.results - Extracted JDBC value [1] - [tasktest@example.com]
10:24:10.248 [main] DEBUG org.hibernate.orm.results - Extracted JDBC value [2] - [Task]
10:24:10.248 [main] DEBUG org.hibernate.orm.results - Extracted JDBC value [3] - [Test]
10:24:10.248 [main] DEBUG org.hibernate.orm.results - Extracted JDBC value [4] - [false]
10:24:10.248 [main] DEBUG org.hibernate.orm.results - Extracted JDBC value [5] - [null]
10:24:10.248 [main] DEBUG org.hibernate.orm.results - Extracted JDBC value [6] - [null]
10:24:10.248 [main] DEBUG org.hibernate.orm.results - Extracted JDBC value [8] - [tasktestuser_1745594399126]
10:24:10.248 [main] DEBUG org.hibernate.orm.results.loading.entity - (EntityResultInitializer) Done materializing entityInstance : org.frcpm.models.TeamMember(959666528573700)#46
10:24:10.248 [main] DEBUG org.hibernate.orm.results.loading - Calling top-level assembler (0 / 1) : org.hibernate.sql.results.graph.entity.internal.EntityAssembler@56ac955c
10:24:10.248 [main] DEBUG org.hibernate.orm.results - Extracted JDBC value [0] - [47]
10:24:10.248 [main] DEBUG org.hibernate.orm.results.loading.entity - (EntityResultInitializer) Hydrated EntityKey (org.frcpm.models.TeamMember(959666528573700)): 47
10:24:10.248 [main] DEBUG org.hibernate.orm.results.loading.org.hibernate.orm.results.loading.collection - (DelayedCollectionInitializer) Current row collection key : org.frcpm.models.TeamMember(959666528573700).assignedTasks#47
10:24:10.248 [main] DEBUG org.hibernate.orm.results.loading.org.hibernate.orm.results.loading.collection - (DelayedCollectionInitializer) Current row collection key : org.frcpm.models.TeamMember(959666528573700).attendances#47
10:24:10.248 [main] DEBUG org.hibernate.orm.results.loading.entity - (EntityResultInitializer) Created new entity instance [org.frcpm.models.TeamMember(959666528573700)#47] : 616539807
10:24:10.248 [main] DEBUG org.hibernate.orm.results - Extracted JDBC value [7] - [null]
10:24:10.248 [main] DEBUG org.hibernate.orm.results - Extracted JDBC value [1] - [tasktest@example.com]
10:24:10.248 [main] DEBUG org.hibernate.orm.results - Extracted JDBC value [2] - [Task]
10:24:10.248 [main] DEBUG org.hibernate.orm.results - Extracted JDBC value [3] - [Test]
10:24:10.248 [main] DEBUG org.hibernate.orm.results - Extracted JDBC value [4] - [false]
10:24:10.248 [main] DEBUG org.hibernate.orm.results - Extracted JDBC value [5] - [null]
10:24:10.248 [main] DEBUG org.hibernate.orm.results - Extracted JDBC value [6] - [null]
10:24:10.248 [main] DEBUG org.hibernate.orm.results - Extracted JDBC value [8] - [tasktestuser_1745594399532]
10:24:10.248 [main] DEBUG org.hibernate.orm.results.loading.entity - (EntityResultInitializer) Done materializing entityInstance : org.frcpm.models.TeamMember(959666528573700)#47
10:24:10.248 [main] DEBUG org.hibernate.orm.results.loading - Calling top-level assembler (0 / 1) : org.hibernate.sql.results.graph.entity.internal.EntityAssembler@56ac955c
10:24:10.248 [main] DEBUG org.hibernate.orm.results - Extracted JDBC value [0] - [48]
10:24:10.248 [main] DEBUG org.hibernate.orm.results.loading.entity - (EntityResultInitializer) Hydrated EntityKey (org.frcpm.models.TeamMember(959666528573700)): 48
10:24:10.248 [main] DEBUG org.hibernate.orm.results.loading.org.hibernate.orm.results.loading.collection - (DelayedCollectionInitializer) Current row collection key : org.frcpm.models.TeamMember(959666528573700).assignedTasks#48
10:24:10.248 [main] DEBUG org.hibernate.orm.results.loading.org.hibernate.orm.results.loading.collection - (DelayedCollectionInitializer) Current row collection key : org.frcpm.models.TeamMember(959666528573700).attendances#48
10:24:10.248 [main] DEBUG org.hibernate.orm.results.loading.entity - (EntityResultInitializer) Created new entity instance [org.frcpm.models.TeamMember(959666528573700)#48] : 1068263268
10:24:10.248 [main] DEBUG org.hibernate.orm.results - Extracted JDBC value [7] - [null]
10:24:10.248 [main] DEBUG org.hibernate.orm.results - Extracted JDBC value [1] - [tasktest@example.com]
10:24:10.248 [main] DEBUG org.hibernate.orm.results - Extracted JDBC value [2] - [Task]
10:24:10.248 [main] DEBUG org.hibernate.orm.results - Extracted JDBC value [3] - [Test]
10:24:10.248 [main] DEBUG org.hibernate.orm.results - Extracted JDBC value [4] - [false]
10:24:10.248 [main] DEBUG org.hibernate.orm.results - Extracted JDBC value [5] - [null]
10:24:10.248 [main] DEBUG org.hibernate.orm.results - Extracted JDBC value [6] - [null]
10:24:10.248 [main] DEBUG org.hibernate.orm.results - Extracted JDBC value [8] - [tasktestuser_1745594400014]
10:24:10.248 [main] DEBUG org.hibernate.orm.results.loading.entity - (EntityResultInitializer) Done materializing entityInstance : org.frcpm.models.TeamMember(959666528573700)#48
10:24:10.248 [main] DEBUG org.hibernate.orm.results.loading - Calling top-level assembler (0 / 1) : org.hibernate.sql.results.graph.entity.internal.EntityAssembler@56ac955c
10:24:10.248 [main] DEBUG org.hibernate.orm.results - Extracted JDBC value [0] - [53]
10:24:10.248 [main] DEBUG org.hibernate.orm.results.loading.entity - (EntityResultInitializer) Hydrated EntityKey (org.frcpm.models.TeamMember(959666528573700)): 53
10:24:10.248 [main] DEBUG org.hibernate.orm.results.loading.org.hibernate.orm.results.loading.collection - (DelayedCollectionInitializer) Current row collection key : org.frcpm.models.TeamMember(959666528573700).assignedTasks#53
10:24:10.248 [main] DEBUG org.hibernate.orm.results.loading.org.hibernate.orm.results.loading.collection - (DelayedCollectionInitializer) Current row collection key : org.frcpm.models.TeamMember(959666528573700).attendances#53
10:24:10.248 [main] DEBUG org.hibernate.orm.results.loading.entity - (EntityResultInitializer) Created new entity instance [org.frcpm.models.TeamMember(959666528573700)#53] : 97692517
10:24:10.248 [main] DEBUG org.hibernate.orm.results - Extracted JDBC value [7] - [null]
10:24:10.248 [main] DEBUG org.hibernate.orm.results - Extracted JDBC value [1] - [testcount@example.com]
10:24:10.248 [main] DEBUG org.hibernate.orm.results - Extracted JDBC value [2] - [Test]
10:24:10.248 [main] DEBUG org.hibernate.orm.results - Extracted JDBC value [3] - [Count]
10:24:10.248 [main] DEBUG org.hibernate.orm.results - Extracted JDBC value [4] - [false]
10:24:10.248 [main] DEBUG org.hibernate.orm.results - Extracted JDBC value [5] - [null]
10:24:10.248 [main] DEBUG org.hibernate.orm.results - Extracted JDBC value [6] - [null]
10:24:10.248 [main] DEBUG org.hibernate.orm.results - Extracted JDBC value [8] - [testcount]
10:24:10.249 [main] DEBUG org.hibernate.orm.results.loading.entity - (EntityResultInitializer) Done materializing entityInstance : org.frcpm.models.TeamMember(959666528573700)#53
10:24:10.249 [main] DEBUG org.hibernate.orm.results.loading - Calling top-level assembler (0 / 1) : org.hibernate.sql.results.graph.entity.internal.EntityAssembler@56ac955c
10:24:10.249 [main] DEBUG org.hibernate.orm.results - Extracted JDBC value [0] - [56]
10:24:10.249 [main] DEBUG org.hibernate.orm.results.loading.entity - (EntityResultInitializer) Hydrated EntityKey (org.frcpm.models.TeamMember(959666528573700)): 56
10:24:10.249 [main] DEBUG org.hibernate.orm.results.loading.org.hibernate.orm.results.loading.collection - (DelayedCollectionInitializer) Current row collection key : org.frcpm.models.TeamMember(959666528573700).assignedTasks#56
10:24:10.249 [main] DEBUG org.hibernate.orm.results.loading.org.hibernate.orm.results.loading.collection - (DelayedCollectionInitializer) Current row collection key : org.frcpm.models.TeamMember(959666528573700).attendances#56
10:24:10.249 [main] DEBUG org.hibernate.orm.results.loading.entity - (EntityResultInitializer) Created new entity instance [org.frcpm.models.TeamMember(959666528573700)#56] : 1164625699
10:24:10.249 [main] DEBUG org.hibernate.orm.results - Extracted JDBC value [7] - [null]
10:24:10.249 [main] DEBUG org.hibernate.orm.results - Extracted JDBC value [1] - [testsave@example.com]
10:24:10.249 [main] DEBUG org.hibernate.orm.results - Extracted JDBC value [2] - [Test]
10:24:10.249 [main] DEBUG org.hibernate.orm.results - Extracted JDBC value [3] - [Save]
10:24:10.249 [main] DEBUG org.hibernate.orm.results - Extracted JDBC value [4] - [false]
10:24:10.249 [main] DEBUG org.hibernate.orm.results - Extracted JDBC value [5] - [555-SAVE]
10:24:10.249 [main] DEBUG org.hibernate.orm.results - Extracted JDBC value [6] - [Testing]
10:24:10.249 [main] DEBUG org.hibernate.orm.results - Extracted JDBC value [8] - [testsave]
10:24:10.249 [main] DEBUG org.hibernate.orm.results.loading.entity - (EntityResultInitializer) Done materializing entityInstance : org.frcpm.models.TeamMember(959666528573700)#56
10:24:10.249 [main] DEBUG org.hibernate.orm.results.loading - Calling top-level assembler (0 / 1) : org.hibernate.sql.results.graph.entity.internal.EntityAssembler@56ac955c
10:24:10.249 [main] DEBUG org.hibernate.orm.results - Extracted JDBC value [0] - [77]
10:24:10.249 [main] DEBUG org.hibernate.orm.results.loading.entity - (EntityResultInitializer) Hydrated EntityKey (org.frcpm.models.TeamMember(959666528573700)): 77
10:24:10.249 [main] DEBUG org.hibernate.orm.results.loading.org.hibernate.orm.results.loading.collection - (DelayedCollectionInitializer) Current row collection key : org.frcpm.models.TeamMember(959666528573700).assignedTasks#77
10:24:10.249 [main] DEBUG org.hibernate.orm.results.loading.org.hibernate.orm.results.loading.collection - (DelayedCollectionInitializer) Current row collection key : org.frcpm.models.TeamMember(959666528573700).attendances#77
10:24:10.250 [main] DEBUG org.hibernate.orm.results.loading.entity - (EntityResultInitializer) Created new entity instance [org.frcpm.models.TeamMember(959666528573700)#77] : 2102265902
10:24:10.250 [main] DEBUG org.hibernate.orm.results - Extracted JDBC value [7] - [null]
10:24:10.250 [main] DEBUG org.hibernate.orm.results - Extracted JDBC value [1] - [testupdate@example.com]
10:24:10.250 [main] DEBUG org.hibernate.orm.results - Extracted JDBC value [2] - [Updated]
10:24:10.250 [main] DEBUG org.hibernate.orm.results - Extracted JDBC value [3] - [Update]
10:24:10.250 [main] DEBUG org.hibernate.orm.results - Extracted JDBC value [4] - [false]
10:24:10.251 [main] DEBUG org.hibernate.orm.results - Extracted JDBC value [5] - [null]
10:24:10.251 [main] DEBUG org.hibernate.orm.results - Extracted JDBC value [6] - [Updated Skills]
10:24:10.251 [main] DEBUG org.hibernate.orm.results - Extracted JDBC value [8] - [testupdate]
10:24:10.251 [main] DEBUG org.hibernate.orm.results.loading.entity - (EntityResultInitializer) Done materializing entityInstance : org.frcpm.models.TeamMember(959666528573700)#77
10:24:10.251 [main] DEBUG org.hibernate.orm.results.loading - Calling top-level assembler (0 / 1) : org.hibernate.sql.results.graph.entity.internal.EntityAssembler@56ac955c
10:24:10.251 [main] DEBUG org.hibernate.orm.results - Extracted JDBC value [0] - [84]
10:24:10.251 [main] DEBUG org.hibernate.orm.results.loading.entity - (EntityResultInitializer) Hydrated EntityKey (org.frcpm.models.TeamMember(959666528573700)): 84
10:24:10.251 [main] DEBUG org.hibernate.orm.results.loading.org.hibernate.orm.results.loading.collection - (DelayedCollectionInitializer) Current row collection key : org.frcpm.models.TeamMember(959666528573700).assignedTasks#84
10:24:10.251 [main] DEBUG org.hibernate.orm.results.loading.org.hibernate.orm.results.loading.collection - (DelayedCollectionInitializer) Current row collection key : org.frcpm.models.TeamMember(959666528573700).attendances#84
10:24:10.251 [main] DEBUG org.hibernate.orm.results.loading.entity - (EntityResultInitializer) Created new entity instance [org.frcpm.models.TeamMember(959666528573700)#84] : 1582626783
10:24:10.251 [main] DEBUG org.hibernate.orm.results - Extracted JDBC value [7] - [null]
10:24:10.251 [main] DEBUG org.hibernate.orm.results - Extracted JDBC value [1] - [attendance3@example.com]
10:24:10.251 [main] DEBUG org.hibernate.orm.results - Extracted JDBC value [2] - [Attendance]
10:24:10.251 [main] DEBUG org.hibernate.orm.results - Extracted JDBC value [3] - [Test3]
10:24:10.251 [main] DEBUG org.hibernate.orm.results - Extracted JDBC value [4] - [false]
10:24:10.251 [main] DEBUG org.hibernate.orm.results - Extracted JDBC value [5] - [555-9012]
10:24:10.252 [main] DEBUG org.hibernate.orm.results - Extracted JDBC value [6] - [null]
10:24:10.252 [main] DEBUG org.hibernate.orm.results - Extracted JDBC value [8] - [attendancetest3]
10:24:10.252 [main] DEBUG org.hibernate.orm.results.loading.entity - (EntityResultInitializer) Done materializing entityInstance : org.frcpm.models.TeamMember(959666528573700)#84
10:24:10.252 [main] DEBUG org.hibernate.orm.results.loading - Calling top-level assembler (0 / 1) : org.hibernate.sql.results.graph.entity.internal.EntityAssembler@56ac955c
10:24:10.252 [main] DEBUG org.hibernate.resource.jdbc.internal.LogicalConnectionManagedImpl - Initiating JDBC connection release from afterTransaction
10:24:10.252 [main] DEBUG org.hibernate.resource.jdbc.internal.LogicalConnectionManagedImpl - Initiating JDBC connection release from afterTransaction
10:24:10.253 [main] DEBUG org.hibernate.orm.sql.ast.create - Created new SQL alias : s1_0
10:24:10.253 [main] DEBUG org.hibernate.orm.sql.ast.create - Registration of TableGroup [StandardTableGroup(org.frcpm.models.Subteam(959666539721500))] with identifierForTableGroup [org.frcpm.models.Subteam] for NavigablePath [org.frcpm.models.Subteam] 
10:24:10.254 [main] DEBUG org.hibernate.orm.results.graph.AST - DomainResult Graph:
 \-EntityResultImpl [org.frcpm.models.Subteam(959666539721500)]
 |  +-BasicFetch [org.frcpm.models.Subteam(959666539721500).colorCode]
 |  +-DelayedCollectionFetch [org.frcpm.models.Subteam(959666539721500).members]
 |  +-BasicFetch [org.frcpm.models.Subteam(959666539721500).name]
 |  +-BasicFetch [org.frcpm.models.Subteam(959666539721500).specialties]
 |  \-DelayedCollectionFetch [org.frcpm.models.Subteam(959666539721500).subsystems]

10:24:10.254 [main] DEBUG org.hibernate.orm.sql.ast.tree - SQL AST Tree:
    SelectStatement {
      FromClause {
        StandardTableGroup (s1 : org.frcpm.models.Subteam(959666539721500)) {
          primaryTableReference : subteams as s1_0
        }
      }
    }

10:24:10.254 [main] DEBUG org.hibernate.orm.sql.exec - Skipping reading Query result cache data: cache-enabled = false, cache-mode = NORMAL
10:24:10.254 [main] DEBUG org.hibernate.orm.results - Initializer list:
	  org.frcpm.models.Subteam(959666539721500).members -> DelayedCollectionInitializer(org.frcpm.models.Subteam(959666539721500).members)@849849986 (PluralAttribute(org.frcpm.models.Subteam.members))
	  org.frcpm.models.Subteam(959666539721500) -> EntityResultInitializer(org.frcpm.models.Subteam(959666539721500))@2140159277 (SingleTableEntityPersister(org.frcpm.models.Subteam))
	  org.frcpm.models.Subteam(959666539721500).subsystems -> DelayedCollectionInitializer(org.frcpm.models.Subteam(959666539721500).subsystems)@166910212 (PluralAttribute(org.frcpm.models.Subteam.subsystems))

10:24:10.254 [main] DEBUG org.hibernate.SQL - select s1_0.id,s1_0.color_code,s1_0.name,s1_0.specialties from subteams s1_0
10:24:10.255 [main] DEBUG org.hibernate.orm.results - Extracted JDBC value [0] - [1]
10:24:10.255 [main] DEBUG org.hibernate.orm.results.loading.entity - (EntityResultInitializer) Hydrated EntityKey (org.frcpm.models.Subteam(959666539721500)): 1
10:24:10.255 [main] DEBUG org.hibernate.orm.results.loading.org.hibernate.orm.results.loading.collection - (DelayedCollectionInitializer) Current row collection key : org.frcpm.models.Subteam(959666539721500).members#1
10:24:10.255 [main] DEBUG org.hibernate.orm.results.loading.org.hibernate.orm.results.loading.collection - (DelayedCollectionInitializer) Current row collection key : org.frcpm.models.Subteam(959666539721500).subsystems#1
10:24:10.255 [main] DEBUG org.hibernate.orm.results.loading.entity - (EntityResultInitializer) Created new entity instance [org.frcpm.models.Subteam(959666539721500)#1] : 774310632
10:24:10.255 [main] DEBUG org.hibernate.orm.results - Extracted JDBC value [1] - [#FF5733]
10:24:10.255 [main] DEBUG org.hibernate.orm.results - Extracted JDBC value [2] - [Mechanical]
10:24:10.255 [main] DEBUG org.hibernate.orm.results - Extracted JDBC value [3] - [Design, CAD, Fabrication, Assembly]
10:24:10.255 [main] DEBUG org.hibernate.orm.results.loading.entity - (EntityResultInitializer) Done materializing entityInstance : org.frcpm.models.Subteam(959666539721500)#1
10:24:10.255 [main] DEBUG org.hibernate.orm.results.loading - Calling top-level assembler (0 / 1) : org.hibernate.sql.results.graph.entity.internal.EntityAssembler@5d044fce
10:24:10.255 [main] DEBUG org.hibernate.orm.results - Extracted JDBC value [0] - [2]
10:24:10.255 [main] DEBUG org.hibernate.orm.results.loading.entity - (EntityResultInitializer) Hydrated EntityKey (org.frcpm.models.Subteam(959666539721500)): 2
10:24:10.255 [main] DEBUG org.hibernate.orm.results.loading.org.hibernate.orm.results.loading.collection - (DelayedCollectionInitializer) Current row collection key : org.frcpm.models.Subteam(959666539721500).members#2
10:24:10.255 [main] DEBUG org.hibernate.orm.results.loading.org.hibernate.orm.results.loading.collection - (DelayedCollectionInitializer) Current row collection key : org.frcpm.models.Subteam(959666539721500).subsystems#2
10:24:10.255 [main] DEBUG org.hibernate.orm.results.loading.entity - (EntityResultInitializer) Created new entity instance [org.frcpm.models.Subteam(959666539721500)#2] : 1264742092
10:24:10.255 [main] DEBUG org.hibernate.orm.results - Extracted JDBC value [1] - [#33A8FF]
10:24:10.255 [main] DEBUG org.hibernate.orm.results - Extracted JDBC value [2] - [Electrical]
10:24:10.255 [main] DEBUG org.hibernate.orm.results - Extracted JDBC value [3] - [Wiring, Electronics, Sensors, Power Systems]
10:24:10.255 [main] DEBUG org.hibernate.orm.results.loading.entity - (EntityResultInitializer) Done materializing entityInstance : org.frcpm.models.Subteam(959666539721500)#2
10:24:10.255 [main] DEBUG org.hibernate.orm.results.loading - Calling top-level assembler (0 / 1) : org.hibernate.sql.results.graph.entity.internal.EntityAssembler@5d044fce
10:24:10.255 [main] DEBUG org.hibernate.orm.results - Extracted JDBC value [0] - [3]
10:24:10.255 [main] DEBUG org.hibernate.orm.results.loading.entity - (EntityResultInitializer) Hydrated EntityKey (org.frcpm.models.Subteam(959666539721500)): 3
10:24:10.255 [main] DEBUG org.hibernate.orm.results.loading.org.hibernate.orm.results.loading.collection - (DelayedCollectionInitializer) Current row collection key : org.frcpm.models.Subteam(959666539721500).members#3
10:24:10.255 [main] DEBUG org.hibernate.orm.results.loading.org.hibernate.orm.results.loading.collection - (DelayedCollectionInitializer) Current row collection key : org.frcpm.models.Subteam(959666539721500).subsystems#3
10:24:10.255 [main] DEBUG org.hibernate.orm.results.loading.entity - (EntityResultInitializer) Created new entity instance [org.frcpm.models.Subteam(959666539721500)#3] : 319260594
10:24:10.255 [main] DEBUG org.hibernate.orm.results - Extracted JDBC value [1] - [#33FF57]
10:24:10.255 [main] DEBUG org.hibernate.orm.results - Extracted JDBC value [2] - [Programming]
10:24:10.255 [main] DEBUG org.hibernate.orm.results - Extracted JDBC value [3] - [Java, Vision, Control Systems, Autonomous]
10:24:10.255 [main] DEBUG org.hibernate.orm.results.loading.entity - (EntityResultInitializer) Done materializing entityInstance : org.frcpm.models.Subteam(959666539721500)#3
10:24:10.255 [main] DEBUG org.hibernate.orm.results.loading - Calling top-level assembler (0 / 1) : org.hibernate.sql.results.graph.entity.internal.EntityAssembler@5d044fce
10:24:10.255 [main] DEBUG org.hibernate.orm.results - Extracted JDBC value [0] - [4]
10:24:10.255 [main] DEBUG org.hibernate.orm.results.loading.entity - (EntityResultInitializer) Hydrated EntityKey (org.frcpm.models.Subteam(959666539721500)): 4
10:24:10.255 [main] DEBUG org.hibernate.orm.results.loading.org.hibernate.orm.results.loading.collection - (DelayedCollectionInitializer) Current row collection key : org.frcpm.models.Subteam(959666539721500).members#4
10:24:10.255 [main] DEBUG org.hibernate.orm.results.loading.org.hibernate.orm.results.loading.collection - (DelayedCollectionInitializer) Current row collection key : org.frcpm.models.Subteam(959666539721500).subsystems#4
10:24:10.255 [main] DEBUG org.hibernate.orm.results.loading.entity - (EntityResultInitializer) Created new entity instance [org.frcpm.models.Subteam(959666539721500)#4] : 1463017345
10:24:10.255 [main] DEBUG org.hibernate.orm.results - Extracted JDBC value [1] - [#FF33A8]
10:24:10.255 [main] DEBUG org.hibernate.orm.results - Extracted JDBC value [2] - [Business]
10:24:10.255 [main] DEBUG org.hibernate.orm.results - Extracted JDBC value [3] - [Fundraising, Marketing, Outreach, Awards]
10:24:10.255 [main] DEBUG org.hibernate.orm.results.loading.entity - (EntityResultInitializer) Done materializing entityInstance : org.frcpm.models.Subteam(959666539721500)#4
10:24:10.255 [main] DEBUG org.hibernate.orm.results.loading - Calling top-level assembler (0 / 1) : org.hibernate.sql.results.graph.entity.internal.EntityAssembler@5d044fce
10:24:10.255 [main] DEBUG org.hibernate.orm.results - Extracted JDBC value [0] - [24]
10:24:10.255 [main] DEBUG org.hibernate.orm.results.loading.entity - (EntityResultInitializer) Hydrated EntityKey (org.frcpm.models.Subteam(959666539721500)): 24
10:24:10.256 [main] DEBUG org.hibernate.orm.results.loading.org.hibernate.orm.results.loading.collection - (DelayedCollectionInitializer) Current row collection key : org.frcpm.models.Subteam(959666539721500).members#24
10:24:10.256 [main] DEBUG org.hibernate.orm.results.loading.org.hibernate.orm.results.loading.collection - (DelayedCollectionInitializer) Current row collection key : org.frcpm.models.Subteam(959666539721500).subsystems#24
10:24:10.256 [main] DEBUG org.hibernate.orm.results.loading.entity - (EntityResultInitializer) Created new entity instance [org.frcpm.models.Subteam(959666539721500)#24] : 1840813923
10:24:10.256 [main] DEBUG org.hibernate.orm.results - Extracted JDBC value [1] - [#0000FF]
10:24:10.256 [main] DEBUG org.hibernate.orm.results - Extracted JDBC value [2] - [Test Count Subteam]
10:24:10.256 [main] DEBUG org.hibernate.orm.results - Extracted JDBC value [3] - [null]
10:24:10.256 [main] DEBUG org.hibernate.orm.results.loading.entity - (EntityResultInitializer) Done materializing entityInstance : org.frcpm.models.Subteam(959666539721500)#24
10:24:10.256 [main] DEBUG org.hibernate.orm.results.loading - Calling top-level assembler (0 / 1) : org.hibernate.sql.results.graph.entity.internal.EntityAssembler@5d044fce
10:24:10.256 [main] DEBUG org.hibernate.orm.results - Extracted JDBC value [0] - [27]
10:24:10.256 [main] DEBUG org.hibernate.orm.results.loading.entity - (EntityResultInitializer) Hydrated EntityKey (org.frcpm.models.Subteam(959666539721500)): 27
10:24:10.256 [main] DEBUG org.hibernate.orm.results.loading.org.hibernate.orm.results.loading.collection - (DelayedCollectionInitializer) Current row collection key : org.frcpm.models.Subteam(959666539721500).members#27
10:24:10.256 [main] DEBUG org.hibernate.orm.results.loading.org.hibernate.orm.results.loading.collection - (DelayedCollectionInitializer) Current row collection key : org.frcpm.models.Subteam(959666539721500).subsystems#27
10:24:10.256 [main] DEBUG org.hibernate.orm.results.loading.entity - (EntityResultInitializer) Created new entity instance [org.frcpm.models.Subteam(959666539721500)#27] : 313842711
10:24:10.256 [main] DEBUG org.hibernate.orm.results - Extracted JDBC value [1] - [#0000FF]
10:24:10.256 [main] DEBUG org.hibernate.orm.results - Extracted JDBC value [2] - [Test Save Subteam]
10:24:10.256 [main] DEBUG org.hibernate.orm.results - Extracted JDBC value [3] - [Testing]
10:24:10.256 [main] DEBUG org.hibernate.orm.results.loading.entity - (EntityResultInitializer) Done materializing entityInstance : org.frcpm.models.Subteam(959666539721500)#27
10:24:10.256 [main] DEBUG org.hibernate.orm.results.loading - Calling top-level assembler (0 / 1) : org.hibernate.sql.results.graph.entity.internal.EntityAssembler@5d044fce
10:24:10.256 [main] DEBUG org.hibernate.orm.results - Extracted JDBC value [0] - [42]
10:24:10.256 [main] DEBUG org.hibernate.orm.results.loading.entity - (EntityResultInitializer) Hydrated EntityKey (org.frcpm.models.Subteam(959666539721500)): 42
10:24:10.256 [main] DEBUG org.hibernate.orm.results.loading.org.hibernate.orm.results.loading.collection - (DelayedCollectionInitializer) Current row collection key : org.frcpm.models.Subteam(959666539721500).members#42
10:24:10.256 [main] DEBUG org.hibernate.orm.results.loading.org.hibernate.orm.results.loading.collection - (DelayedCollectionInitializer) Current row collection key : org.frcpm.models.Subteam(959666539721500).subsystems#42
10:24:10.256 [main] DEBUG org.hibernate.orm.results.loading.entity - (EntityResultInitializer) Created new entity instance [org.frcpm.models.Subteam(959666539721500)#42] : 149419627
10:24:10.256 [main] DEBUG org.hibernate.orm.results - Extracted JDBC value [1] - [#00FFFF]
10:24:10.256 [main] DEBUG org.hibernate.orm.results - Extracted JDBC value [2] - [Updated Subteam Name]
10:24:10.256 [main] DEBUG org.hibernate.orm.results - Extracted JDBC value [3] - [null]
10:24:10.256 [main] DEBUG org.hibernate.orm.results.loading.entity - (EntityResultInitializer) Done materializing entityInstance : org.frcpm.models.Subteam(959666539721500)#42
10:24:10.256 [main] DEBUG org.hibernate.orm.results.loading - Calling top-level assembler (0 / 1) : org.hibernate.sql.results.graph.entity.internal.EntityAssembler@5d044fce
10:24:10.256 [main] DEBUG org.hibernate.orm.results - Extracted JDBC value [0] - [67]
10:24:10.256 [main] DEBUG org.hibernate.orm.results.loading.entity - (EntityResultInitializer) Hydrated EntityKey (org.frcpm.models.Subteam(959666539721500)): 67
10:24:10.256 [main] DEBUG org.hibernate.orm.results.loading.org.hibernate.orm.results.loading.collection - (DelayedCollectionInitializer) Current row collection key : org.frcpm.models.Subteam(959666539721500).members#67
10:24:10.256 [main] DEBUG org.hibernate.orm.results.loading.org.hibernate.orm.results.loading.collection - (DelayedCollectionInitializer) Current row collection key : org.frcpm.models.Subteam(959666539721500).subsystems#67
10:24:10.256 [main] DEBUG org.hibernate.orm.results.loading.entity - (EntityResultInitializer) Created new entity instance [org.frcpm.models.Subteam(959666539721500)#67] : 1023932664
10:24:10.256 [main] DEBUG org.hibernate.orm.results - Extracted JDBC value [1] - [#0000FF]
10:24:10.256 [main] DEBUG org.hibernate.orm.results - Extracted JDBC value [2] - [Test Create Service Subteam]
10:24:10.256 [main] DEBUG org.hibernate.orm.results - Extracted JDBC value [3] - [Testing, Quality Assurance]
10:24:10.256 [main] DEBUG org.hibernate.orm.results.loading.entity - (EntityResultInitializer) Done materializing entityInstance : org.frcpm.models.Subteam(959666539721500)#67
10:24:10.256 [main] DEBUG org.hibernate.orm.results.loading - Calling top-level assembler (0 / 1) : org.hibernate.sql.results.graph.entity.internal.EntityAssembler@5d044fce
10:24:10.256 [main] DEBUG org.hibernate.orm.results - Extracted JDBC value [0] - [70]
10:24:10.256 [main] DEBUG org.hibernate.orm.results.loading.entity - (EntityResultInitializer) Hydrated EntityKey (org.frcpm.models.Subteam(959666539721500)): 70
10:24:10.256 [main] DEBUG org.hibernate.orm.results.loading.org.hibernate.orm.results.loading.collection - (DelayedCollectionInitializer) Current row collection key : org.frcpm.models.Subteam(959666539721500).members#70
10:24:10.256 [main] DEBUG org.hibernate.orm.results.loading.org.hibernate.orm.results.loading.collection - (DelayedCollectionInitializer) Current row collection key : org.frcpm.models.Subteam(959666539721500).subsystems#70
10:24:10.256 [main] DEBUG org.hibernate.orm.results.loading.entity - (EntityResultInitializer) Created new entity instance [org.frcpm.models.Subteam(959666539721500)#70] : 1380903251
10:24:10.256 [main] DEBUG org.hibernate.orm.results - Extracted JDBC value [1] - [#00FFFF]
10:24:10.256 [main] DEBUG org.hibernate.orm.results - Extracted JDBC value [2] - [Test Color Update Subteam]
10:24:10.256 [main] DEBUG org.hibernate.orm.results - Extracted JDBC value [3] - [Specialties]
10:24:10.256 [main] DEBUG org.hibernate.orm.results.loading.entity - (EntityResultInitializer) Done materializing entityInstance : org.frcpm.models.Subteam(959666539721500)#70
10:24:10.256 [main] DEBUG org.hibernate.orm.results.loading - Calling top-level assembler (0 / 1) : org.hibernate.sql.results.graph.entity.internal.EntityAssembler@5d044fce
10:24:10.256 [main] DEBUG org.hibernate.orm.results - Extracted JDBC value [0] - [79]
10:24:10.256 [main] DEBUG org.hibernate.orm.results.loading.entity - (EntityResultInitializer) Hydrated EntityKey (org.frcpm.models.Subteam(959666539721500)): 79
10:24:10.256 [main] DEBUG org.hibernate.orm.results.loading.org.hibernate.orm.results.loading.collection - (DelayedCollectionInitializer) Current row collection key : org.frcpm.models.Subteam(959666539721500).members#79
10:24:10.256 [main] DEBUG org.hibernate.orm.results.loading.org.hibernate.orm.results.loading.collection - (DelayedCollectionInitializer) Current row collection key : org.frcpm.models.Subteam(959666539721500).subsystems#79
10:24:10.256 [main] DEBUG org.hibernate.orm.results.loading.entity - (EntityResultInitializer) Created new entity instance [org.frcpm.models.Subteam(959666539721500)#79] : 940887816
10:24:10.256 [main] DEBUG org.hibernate.orm.results - Extracted JDBC value [1] - [#0000FF]
10:24:10.256 [main] DEBUG org.hibernate.orm.results - Extracted JDBC value [2] - [Test Update Subteam]
10:24:10.256 [main] DEBUG org.hibernate.orm.results - Extracted JDBC value [3] - [Updated Specialties]
10:24:10.256 [main] DEBUG org.hibernate.orm.results.loading.entity - (EntityResultInitializer) Done materializing entityInstance : org.frcpm.models.Subteam(959666539721500)#79
10:24:10.256 [main] DEBUG org.hibernate.orm.results.loading - Calling top-level assembler (0 / 1) : org.hibernate.sql.results.graph.entity.internal.EntityAssembler@5d044fce
10:24:10.256 [main] DEBUG org.hibernate.orm.results - Extracted JDBC value [0] - [87]
10:24:10.256 [main] DEBUG org.hibernate.orm.results.loading.entity - (EntityResultInitializer) Hydrated EntityKey (org.frcpm.models.Subteam(959666539721500)): 87
10:24:10.256 [main] DEBUG org.hibernate.orm.results.loading.org.hibernate.orm.results.loading.collection - (DelayedCollectionInitializer) Current row collection key : org.frcpm.models.Subteam(959666539721500).members#87
10:24:10.256 [main] DEBUG org.hibernate.orm.results.loading.org.hibernate.orm.results.loading.collection - (DelayedCollectionInitializer) Current row collection key : org.frcpm.models.Subteam(959666539721500).subsystems#87
10:24:10.256 [main] DEBUG org.hibernate.orm.results.loading.entity - (EntityResultInitializer) Created new entity instance [org.frcpm.models.Subteam(959666539721500)#87] : 571704818
10:24:10.256 [main] DEBUG org.hibernate.orm.results - Extracted JDBC value [1] - [#0000FF]
10:24:10.256 [main] DEBUG org.hibernate.orm.results - Extracted JDBC value [2] - [Duplicate Name Subteam]
10:24:10.256 [main] DEBUG org.hibernate.orm.results - Extracted JDBC value [3] - [Specialties]
10:24:10.256 [main] DEBUG org.hibernate.orm.results.loading.entity - (EntityResultInitializer) Done materializing entityInstance : org.frcpm.models.Subteam(959666539721500)#87
10:24:10.256 [main] DEBUG org.hibernate.orm.results.loading - Calling top-level assembler (0 / 1) : org.hibernate.sql.results.graph.entity.internal.EntityAssembler@5d044fce
10:24:10.256 [main] DEBUG org.hibernate.resource.jdbc.internal.LogicalConnectionManagedImpl - Initiating JDBC connection release from afterTransaction
10:24:10.256 [main] DEBUG org.hibernate.resource.jdbc.internal.LogicalConnectionManagedImpl - Initiating JDBC connection release from afterTransaction
]]></system-out>
  </testcase>
  <testcase name="testSetViewModel" classname="org.frcpm.controllers.TeamControllerTest" time="0.02">
    <system-out><![CDATA[10:24:10.266 [main] DEBUG org.hibernate.orm.sql.ast.create - Created new SQL alias : tm1_0
10:24:10.266 [main] DEBUG org.hibernate.orm.sql.ast.create - Registration of TableGroup [StandardTableGroup(org.frcpm.models.TeamMember(959666552161300))] with identifierForTableGroup [org.frcpm.models.TeamMember] for NavigablePath [org.frcpm.models.TeamMember] 
10:24:10.267 [main] DEBUG org.hibernate.orm.sql.ast.create - Registration of TableGroup [org.hibernate.sql.ast.tree.from.LazyTableGroup@49eac84f] with identifierForTableGroup [org.frcpm.models.TeamMember.subteam] for NavigablePath [org.frcpm.models.TeamMember.subteam] 
10:24:10.267 [main] DEBUG org.hibernate.orm.results.graph.AST - DomainResult Graph:
 \-EntityResultImpl [org.frcpm.models.TeamMember(959666552161300)]
 |  +-DelayedCollectionFetch [org.frcpm.models.TeamMember(959666552161300).assignedTasks]
 |  +-DelayedCollectionFetch [org.frcpm.models.TeamMember(959666552161300).attendances]
 |  +-BasicFetch [org.frcpm.models.TeamMember(959666552161300).email]
 |  +-BasicFetch [org.frcpm.models.TeamMember(959666552161300).firstName]
 |  +-BasicFetch [org.frcpm.models.TeamMember(959666552161300).lastName]
 |  +-BasicFetch [org.frcpm.models.TeamMember(959666552161300).leader]
 |  +-BasicFetch [org.frcpm.models.TeamMember(959666552161300).phone]
 |  +-BasicFetch [org.frcpm.models.TeamMember(959666552161300).skills]
 |  +-CircularFetchImpl [org.frcpm.models.TeamMember(959666552161300).subteam]
 |  \-BasicFetch [org.frcpm.models.TeamMember(959666552161300).username]

10:24:10.267 [main] DEBUG org.hibernate.orm.sql.ast.tree - SQL AST Tree:
    SelectStatement {
      FromClause {
        StandardTableGroup (tm1 : org.frcpm.models.TeamMember(959666552161300)) {
          primaryTableReference : team_members as tm1_0
          TableGroupJoins {
            left  join LazyTableGroup (s1 : org.frcpm.models.TeamMember(959666552161300).subteam) {
            }
          }
        }
      }
    }

10:24:10.268 [main] DEBUG org.hibernate.orm.sql.exec - Skipping reading Query result cache data: cache-enabled = false, cache-mode = NORMAL
10:24:10.269 [main] DEBUG org.hibernate.orm.results - Initializer list:
	  org.frcpm.models.TeamMember(959666552161300).attendances -> DelayedCollectionInitializer(org.frcpm.models.TeamMember(959666552161300).attendances)@1588049067 (PluralAttribute(org.frcpm.models.TeamMember.attendances))
	  org.frcpm.models.TeamMember(959666552161300).assignedTasks -> DelayedCollectionInitializer(org.frcpm.models.TeamMember(959666552161300).assignedTasks)@1101303946 (PluralAttribute(org.frcpm.models.TeamMember.assignedTasks))
	  org.frcpm.models.TeamMember(959666552161300).subteam -> EntityDelayedFetchInitializer(org.frcpm.models.TeamMember(959666552161300).subteam)@683197617 (ToOneAttributeMapping(NavigableRole[org.frcpm.models.TeamMember.subteam])@1143917207)
	  org.frcpm.models.TeamMember(959666552161300) -> EntityResultInitializer(org.frcpm.models.TeamMember(959666552161300))@923785561 (SingleTableEntityPersister(org.frcpm.models.TeamMember))

10:24:10.269 [main] DEBUG org.hibernate.SQL - select tm1_0.id,tm1_0.email,tm1_0.first_name,tm1_0.last_name,tm1_0.is_leader,tm1_0.phone,tm1_0.skills,tm1_0.subteam_id,tm1_0.username from team_members tm1_0
10:24:10.270 [main] DEBUG org.hibernate.orm.results - Extracted JDBC value [0] - [1]
10:24:10.270 [main] DEBUG org.hibernate.orm.results.loading.entity - (EntityResultInitializer) Hydrated EntityKey (org.frcpm.models.TeamMember(959666552161300)): 1
10:24:10.270 [main] DEBUG org.hibernate.orm.results.loading.org.hibernate.orm.results.loading.collection - (DelayedCollectionInitializer) Current row collection key : org.frcpm.models.TeamMember(959666552161300).assignedTasks#1
10:24:10.270 [main] DEBUG org.hibernate.orm.results.loading.org.hibernate.orm.results.loading.collection - (DelayedCollectionInitializer) Current row collection key : org.frcpm.models.TeamMember(959666552161300).attendances#1
10:24:10.270 [main] DEBUG org.hibernate.orm.results.loading.entity - (EntityResultInitializer) Created new entity instance [org.frcpm.models.TeamMember(959666552161300)#1] : 1599610096
10:24:10.270 [main] DEBUG org.hibernate.orm.results - Extracted JDBC value [7] - [3]
10:24:10.271 [main] DEBUG org.hibernate.orm.results - Extracted JDBC value [1] - [jsmith@example.com]
10:24:10.271 [main] DEBUG org.hibernate.orm.results - Extracted JDBC value [2] - [John]
10:24:10.271 [main] DEBUG org.hibernate.orm.results - Extracted JDBC value [3] - [Smith]
10:24:10.271 [main] DEBUG org.hibernate.orm.results - Extracted JDBC value [4] - [true]
10:24:10.271 [main] DEBUG org.hibernate.orm.results - Extracted JDBC value [5] - [555-1234]
10:24:10.271 [main] DEBUG org.hibernate.orm.results - Extracted JDBC value [6] - [Java, Python, Control Systems]
10:24:10.271 [main] DEBUG org.hibernate.orm.results - Extracted JDBC value [8] - [jsmith]
10:24:10.271 [main] DEBUG org.hibernate.orm.results.loading.entity - (EntityResultInitializer) Done materializing entityInstance : org.frcpm.models.TeamMember(959666552161300)#1
10:24:10.271 [main] DEBUG org.hibernate.orm.results.loading - Calling top-level assembler (0 / 1) : org.hibernate.sql.results.graph.entity.internal.EntityAssembler@5c0d967e
10:24:10.271 [main] DEBUG org.hibernate.orm.results - Extracted JDBC value [0] - [2]
10:24:10.271 [main] DEBUG org.hibernate.orm.results.loading.entity - (EntityResultInitializer) Hydrated EntityKey (org.frcpm.models.TeamMember(959666552161300)): 2
10:24:10.271 [main] DEBUG org.hibernate.orm.results.loading.org.hibernate.orm.results.loading.collection - (DelayedCollectionInitializer) Current row collection key : org.frcpm.models.TeamMember(959666552161300).assignedTasks#2
10:24:10.271 [main] DEBUG org.hibernate.orm.results.loading.org.hibernate.orm.results.loading.collection - (DelayedCollectionInitializer) Current row collection key : org.frcpm.models.TeamMember(959666552161300).attendances#2
10:24:10.271 [main] DEBUG org.hibernate.orm.results.loading.entity - (EntityResultInitializer) Created new entity instance [org.frcpm.models.TeamMember(959666552161300)#2] : 1135459987
10:24:10.271 [main] DEBUG org.hibernate.orm.results - Extracted JDBC value [7] - [1]
10:24:10.271 [main] DEBUG org.hibernate.orm.results - Extracted JDBC value [1] - [agarcia@example.com]
10:24:10.271 [main] DEBUG org.hibernate.orm.results - Extracted JDBC value [2] - [Ana]
10:24:10.271 [main] DEBUG org.hibernate.orm.results - Extracted JDBC value [3] - [Garcia]
10:24:10.271 [main] DEBUG org.hibernate.orm.results - Extracted JDBC value [4] - [true]
10:24:10.271 [main] DEBUG org.hibernate.orm.results - Extracted JDBC value [5] - [555-5678]
10:24:10.271 [main] DEBUG org.hibernate.orm.results - Extracted JDBC value [6] - [CAD, Design, Machining]
10:24:10.271 [main] DEBUG org.hibernate.orm.results - Extracted JDBC value [8] - [agarcia]
10:24:10.271 [main] DEBUG org.hibernate.orm.results.loading.entity - (EntityResultInitializer) Done materializing entityInstance : org.frcpm.models.TeamMember(959666552161300)#2
10:24:10.271 [main] DEBUG org.hibernate.orm.results.loading - Calling top-level assembler (0 / 1) : org.hibernate.sql.results.graph.entity.internal.EntityAssembler@5c0d967e
10:24:10.271 [main] DEBUG org.hibernate.orm.results - Extracted JDBC value [0] - [3]
10:24:10.271 [main] DEBUG org.hibernate.orm.results.loading.entity - (EntityResultInitializer) Hydrated EntityKey (org.frcpm.models.TeamMember(959666552161300)): 3
10:24:10.271 [main] DEBUG org.hibernate.orm.results.loading.org.hibernate.orm.results.loading.collection - (DelayedCollectionInitializer) Current row collection key : org.frcpm.models.TeamMember(959666552161300).assignedTasks#3
10:24:10.271 [main] DEBUG org.hibernate.orm.results.loading.org.hibernate.orm.results.loading.collection - (DelayedCollectionInitializer) Current row collection key : org.frcpm.models.TeamMember(959666552161300).attendances#3
10:24:10.271 [main] DEBUG org.hibernate.orm.results.loading.entity - (EntityResultInitializer) Created new entity instance [org.frcpm.models.TeamMember(959666552161300)#3] : 1940959701
10:24:10.271 [main] DEBUG org.hibernate.orm.results - Extracted JDBC value [7] - [2]
10:24:10.271 [main] DEBUG org.hibernate.orm.results - Extracted JDBC value [1] - [twong@example.com]
10:24:10.271 [main] DEBUG org.hibernate.orm.results - Extracted JDBC value [2] - [Tyler]
10:24:10.271 [main] DEBUG org.hibernate.orm.results - Extracted JDBC value [3] - [Wong]
10:24:10.271 [main] DEBUG org.hibernate.orm.results - Extracted JDBC value [4] - [true]
10:24:10.271 [main] DEBUG org.hibernate.orm.results - Extracted JDBC value [5] - [555-9012]
10:24:10.271 [main] DEBUG org.hibernate.orm.results - Extracted JDBC value [6] - [Electronics, Wiring, Soldering]
10:24:10.271 [main] DEBUG org.hibernate.orm.results - Extracted JDBC value [8] - [twong]
10:24:10.271 [main] DEBUG org.hibernate.orm.results.loading.entity - (EntityResultInitializer) Done materializing entityInstance : org.frcpm.models.TeamMember(959666552161300)#3
10:24:10.271 [main] DEBUG org.hibernate.orm.results.loading - Calling top-level assembler (0 / 1) : org.hibernate.sql.results.graph.entity.internal.EntityAssembler@5c0d967e
10:24:10.271 [main] DEBUG org.hibernate.orm.results - Extracted JDBC value [0] - [4]
10:24:10.271 [main] DEBUG org.hibernate.orm.results.loading.entity - (EntityResultInitializer) Hydrated EntityKey (org.frcpm.models.TeamMember(959666552161300)): 4
10:24:10.271 [main] DEBUG org.hibernate.orm.results.loading.org.hibernate.orm.results.loading.collection - (DelayedCollectionInitializer) Current row collection key : org.frcpm.models.TeamMember(959666552161300).assignedTasks#4
10:24:10.271 [main] DEBUG org.hibernate.orm.results.loading.org.hibernate.orm.results.loading.collection - (DelayedCollectionInitializer) Current row collection key : org.frcpm.models.TeamMember(959666552161300).attendances#4
10:24:10.271 [main] DEBUG org.hibernate.orm.results.loading.entity - (EntityResultInitializer) Created new entity instance [org.frcpm.models.TeamMember(959666552161300)#4] : 65425652
10:24:10.271 [main] DEBUG org.hibernate.orm.results - Extracted JDBC value [7] - [4]
10:24:10.271 [main] DEBUG org.hibernate.orm.results - Extracted JDBC value [1] - [lchen@example.com]
10:24:10.271 [main] DEBUG org.hibernate.orm.results - Extracted JDBC value [2] - [Lisa]
10:24:10.271 [main] DEBUG org.hibernate.orm.results - Extracted JDBC value [3] - [Chen]
10:24:10.271 [main] DEBUG org.hibernate.orm.results - Extracted JDBC value [4] - [true]
10:24:10.271 [main] DEBUG org.hibernate.orm.results - Extracted JDBC value [5] - [555-3456]
10:24:10.271 [main] DEBUG org.hibernate.orm.results - Extracted JDBC value [6] - [Marketing, Social Media, Presentations]
10:24:10.271 [main] DEBUG org.hibernate.orm.results - Extracted JDBC value [8] - [lchen]
10:24:10.271 [main] DEBUG org.hibernate.orm.results.loading.entity - (EntityResultInitializer) Done materializing entityInstance : org.frcpm.models.TeamMember(959666552161300)#4
10:24:10.271 [main] DEBUG org.hibernate.orm.results.loading - Calling top-level assembler (0 / 1) : org.hibernate.sql.results.graph.entity.internal.EntityAssembler@5c0d967e
10:24:10.271 [main] DEBUG org.hibernate.orm.results - Extracted JDBC value [0] - [5]
10:24:10.271 [main] DEBUG org.hibernate.orm.results.loading.entity - (EntityResultInitializer) Hydrated EntityKey (org.frcpm.models.TeamMember(959666552161300)): 5
10:24:10.271 [main] DEBUG org.hibernate.orm.results.loading.org.hibernate.orm.results.loading.collection - (DelayedCollectionInitializer) Current row collection key : org.frcpm.models.TeamMember(959666552161300).assignedTasks#5
10:24:10.271 [main] DEBUG org.hibernate.orm.results.loading.org.hibernate.orm.results.loading.collection - (DelayedCollectionInitializer) Current row collection key : org.frcpm.models.TeamMember(959666552161300).attendances#5
10:24:10.271 [main] DEBUG org.hibernate.orm.results.loading.entity - (EntityResultInitializer) Created new entity instance [org.frcpm.models.TeamMember(959666552161300)#5] : 189945097
10:24:10.271 [main] DEBUG org.hibernate.orm.results - Extracted JDBC value [7] - [1]
10:24:10.272 [main] DEBUG org.hibernate.orm.results - Extracted JDBC value [1] - [mjohnson@example.com]
10:24:10.272 [main] DEBUG org.hibernate.orm.results - Extracted JDBC value [2] - [Mike]
10:24:10.272 [main] DEBUG org.hibernate.orm.results - Extracted JDBC value [3] - [Johnson]
10:24:10.272 [main] DEBUG org.hibernate.orm.results - Extracted JDBC value [4] - [false]
10:24:10.272 [main] DEBUG org.hibernate.orm.results - Extracted JDBC value [5] - [555-7890]
10:24:10.272 [main] DEBUG org.hibernate.orm.results - Extracted JDBC value [6] - [CAD, 3D Printing, Prototyping]
10:24:10.272 [main] DEBUG org.hibernate.orm.results - Extracted JDBC value [8] - [mjohnson]
10:24:10.272 [main] DEBUG org.hibernate.orm.results.loading.entity - (EntityResultInitializer) Done materializing entityInstance : org.frcpm.models.TeamMember(959666552161300)#5
10:24:10.272 [main] DEBUG org.hibernate.orm.results.loading - Calling top-level assembler (0 / 1) : org.hibernate.sql.results.graph.entity.internal.EntityAssembler@5c0d967e
10:24:10.272 [main] DEBUG org.hibernate.orm.results - Extracted JDBC value [0] - [6]
10:24:10.272 [main] DEBUG org.hibernate.orm.results.loading.entity - (EntityResultInitializer) Hydrated EntityKey (org.frcpm.models.TeamMember(959666552161300)): 6
10:24:10.272 [main] DEBUG org.hibernate.orm.results.loading.org.hibernate.orm.results.loading.collection - (DelayedCollectionInitializer) Current row collection key : org.frcpm.models.TeamMember(959666552161300).assignedTasks#6
10:24:10.272 [main] DEBUG org.hibernate.orm.results.loading.org.hibernate.orm.results.loading.collection - (DelayedCollectionInitializer) Current row collection key : org.frcpm.models.TeamMember(959666552161300).attendances#6
10:24:10.272 [main] DEBUG org.hibernate.orm.results.loading.entity - (EntityResultInitializer) Created new entity instance [org.frcpm.models.TeamMember(959666552161300)#6] : 2016022103
10:24:10.272 [main] DEBUG org.hibernate.orm.results - Extracted JDBC value [7] - [3]
10:24:10.272 [main] DEBUG org.hibernate.orm.results - Extracted JDBC value [1] - [sdavis@example.com]
10:24:10.272 [main] DEBUG org.hibernate.orm.results - Extracted JDBC value [2] - [Sarah]
10:24:10.272 [main] DEBUG org.hibernate.orm.results - Extracted JDBC value [3] - [Davis]
10:24:10.272 [main] DEBUG org.hibernate.orm.results - Extracted JDBC value [4] - [false]
10:24:10.272 [main] DEBUG org.hibernate.orm.results - Extracted JDBC value [5] - [555-2345]
10:24:10.272 [main] DEBUG org.hibernate.orm.results - Extracted JDBC value [6] - [Computer Vision, Machine Learning]
10:24:10.272 [main] DEBUG org.hibernate.orm.results - Extracted JDBC value [8] - [sdavis]
10:24:10.272 [main] DEBUG org.hibernate.orm.results.loading.entity - (EntityResultInitializer) Done materializing entityInstance : org.frcpm.models.TeamMember(959666552161300)#6
10:24:10.272 [main] DEBUG org.hibernate.orm.results.loading - Calling top-level assembler (0 / 1) : org.hibernate.sql.results.graph.entity.internal.EntityAssembler@5c0d967e
10:24:10.272 [main] DEBUG org.hibernate.orm.results - Extracted JDBC value [0] - [36]
10:24:10.272 [main] DEBUG org.hibernate.orm.results.loading.entity - (EntityResultInitializer) Hydrated EntityKey (org.frcpm.models.TeamMember(959666552161300)): 36
10:24:10.272 [main] DEBUG org.hibernate.orm.results.loading.org.hibernate.orm.results.loading.collection - (DelayedCollectionInitializer) Current row collection key : org.frcpm.models.TeamMember(959666552161300).assignedTasks#36
10:24:10.272 [main] DEBUG org.hibernate.orm.results.loading.org.hibernate.orm.results.loading.collection - (DelayedCollectionInitializer) Current row collection key : org.frcpm.models.TeamMember(959666552161300).attendances#36
10:24:10.272 [main] DEBUG org.hibernate.orm.results.loading.entity - (EntityResultInitializer) Created new entity instance [org.frcpm.models.TeamMember(959666552161300)#36] : 1978503001
10:24:10.272 [main] DEBUG org.hibernate.orm.results - Extracted JDBC value [7] - [null]
10:24:10.272 [main] DEBUG org.hibernate.orm.results - Extracted JDBC value [1] - [tasktest@example.com]
10:24:10.272 [main] DEBUG org.hibernate.orm.results - Extracted JDBC value [2] - [Task]
10:24:10.272 [main] DEBUG org.hibernate.orm.results - Extracted JDBC value [3] - [Test]
10:24:10.272 [main] DEBUG org.hibernate.orm.results - Extracted JDBC value [4] - [false]
10:24:10.272 [main] DEBUG org.hibernate.orm.results - Extracted JDBC value [5] - [null]
10:24:10.272 [main] DEBUG org.hibernate.orm.results - Extracted JDBC value [6] - [null]
10:24:10.272 [main] DEBUG org.hibernate.orm.results - Extracted JDBC value [8] - [tasktestuser_1745594395337]
10:24:10.272 [main] DEBUG org.hibernate.orm.results.loading.entity - (EntityResultInitializer) Done materializing entityInstance : org.frcpm.models.TeamMember(959666552161300)#36
10:24:10.272 [main] DEBUG org.hibernate.orm.results.loading - Calling top-level assembler (0 / 1) : org.hibernate.sql.results.graph.entity.internal.EntityAssembler@5c0d967e
10:24:10.272 [main] DEBUG org.hibernate.orm.results - Extracted JDBC value [0] - [37]
10:24:10.272 [main] DEBUG org.hibernate.orm.results.loading.entity - (EntityResultInitializer) Hydrated EntityKey (org.frcpm.models.TeamMember(959666552161300)): 37
10:24:10.272 [main] DEBUG org.hibernate.orm.results.loading.org.hibernate.orm.results.loading.collection - (DelayedCollectionInitializer) Current row collection key : org.frcpm.models.TeamMember(959666552161300).assignedTasks#37
10:24:10.272 [main] DEBUG org.hibernate.orm.results.loading.org.hibernate.orm.results.loading.collection - (DelayedCollectionInitializer) Current row collection key : org.frcpm.models.TeamMember(959666552161300).attendances#37
10:24:10.272 [main] DEBUG org.hibernate.orm.results.loading.entity - (EntityResultInitializer) Created new entity instance [org.frcpm.models.TeamMember(959666552161300)#37] : 1532750524
10:24:10.272 [main] DEBUG org.hibernate.orm.results - Extracted JDBC value [7] - [null]
10:24:10.272 [main] DEBUG org.hibernate.orm.results - Extracted JDBC value [1] - [tasktest@example.com]
10:24:10.272 [main] DEBUG org.hibernate.orm.results - Extracted JDBC value [2] - [Task]
10:24:10.272 [main] DEBUG org.hibernate.orm.results - Extracted JDBC value [3] - [Test]
10:24:10.272 [main] DEBUG org.hibernate.orm.results - Extracted JDBC value [4] - [false]
10:24:10.272 [main] DEBUG org.hibernate.orm.results - Extracted JDBC value [5] - [null]
10:24:10.272 [main] DEBUG org.hibernate.orm.results - Extracted JDBC value [6] - [null]
10:24:10.272 [main] DEBUG org.hibernate.orm.results - Extracted JDBC value [8] - [tasktestuser_1745594395698]
10:24:10.272 [main] DEBUG org.hibernate.orm.results.loading.entity - (EntityResultInitializer) Done materializing entityInstance : org.frcpm.models.TeamMember(959666552161300)#37
10:24:10.272 [main] DEBUG org.hibernate.orm.results.loading - Calling top-level assembler (0 / 1) : org.hibernate.sql.results.graph.entity.internal.EntityAssembler@5c0d967e
10:24:10.272 [main] DEBUG org.hibernate.orm.results - Extracted JDBC value [0] - [38]
10:24:10.272 [main] DEBUG org.hibernate.orm.results.loading.entity - (EntityResultInitializer) Hydrated EntityKey (org.frcpm.models.TeamMember(959666552161300)): 38
10:24:10.272 [main] DEBUG org.hibernate.orm.results.loading.org.hibernate.orm.results.loading.collection - (DelayedCollectionInitializer) Current row collection key : org.frcpm.models.TeamMember(959666552161300).assignedTasks#38
10:24:10.272 [main] DEBUG org.hibernate.orm.results.loading.org.hibernate.orm.results.loading.collection - (DelayedCollectionInitializer) Current row collection key : org.frcpm.models.TeamMember(959666552161300).attendances#38
10:24:10.272 [main] DEBUG org.hibernate.orm.results.loading.entity - (EntityResultInitializer) Created new entity instance [org.frcpm.models.TeamMember(959666552161300)#38] : 1169587470
10:24:10.272 [main] DEBUG org.hibernate.orm.results - Extracted JDBC value [7] - [null]
10:24:10.272 [main] DEBUG org.hibernate.orm.results - Extracted JDBC value [1] - [tasktest@example.com]
10:24:10.272 [main] DEBUG org.hibernate.orm.results - Extracted JDBC value [2] - [Task]
10:24:10.272 [main] DEBUG org.hibernate.orm.results - Extracted JDBC value [3] - [Test]
10:24:10.272 [main] DEBUG org.hibernate.orm.results - Extracted JDBC value [4] - [false]
10:24:10.272 [main] DEBUG org.hibernate.orm.results - Extracted JDBC value [5] - [null]
10:24:10.272 [main] DEBUG org.hibernate.orm.results - Extracted JDBC value [6] - [null]
10:24:10.272 [main] DEBUG org.hibernate.orm.results - Extracted JDBC value [8] - [tasktestuser_1745594396071]
10:24:10.272 [main] DEBUG org.hibernate.orm.results.loading.entity - (EntityResultInitializer) Done materializing entityInstance : org.frcpm.models.TeamMember(959666552161300)#38
10:24:10.272 [main] DEBUG org.hibernate.orm.results.loading - Calling top-level assembler (0 / 1) : org.hibernate.sql.results.graph.entity.internal.EntityAssembler@5c0d967e
10:24:10.272 [main] DEBUG org.hibernate.orm.results - Extracted JDBC value [0] - [39]
10:24:10.272 [main] DEBUG org.hibernate.orm.results.loading.entity - (EntityResultInitializer) Hydrated EntityKey (org.frcpm.models.TeamMember(959666552161300)): 39
10:24:10.272 [main] DEBUG org.hibernate.orm.results.loading.org.hibernate.orm.results.loading.collection - (DelayedCollectionInitializer) Current row collection key : org.frcpm.models.TeamMember(959666552161300).assignedTasks#39
10:24:10.272 [main] DEBUG org.hibernate.orm.results.loading.org.hibernate.orm.results.loading.collection - (DelayedCollectionInitializer) Current row collection key : org.frcpm.models.TeamMember(959666552161300).attendances#39
10:24:10.272 [main] DEBUG org.hibernate.orm.results.loading.entity - (EntityResultInitializer) Created new entity instance [org.frcpm.models.TeamMember(959666552161300)#39] : 1854969226
10:24:10.272 [main] DEBUG org.hibernate.orm.results - Extracted JDBC value [7] - [null]
10:24:10.272 [main] DEBUG org.hibernate.orm.results - Extracted JDBC value [1] - [tasktest@example.com]
10:24:10.272 [main] DEBUG org.hibernate.orm.results - Extracted JDBC value [2] - [Task]
10:24:10.272 [main] DEBUG org.hibernate.orm.results - Extracted JDBC value [3] - [Test]
10:24:10.272 [main] DEBUG org.hibernate.orm.results - Extracted JDBC value [4] - [false]
10:24:10.272 [main] DEBUG org.hibernate.orm.results - Extracted JDBC value [5] - [null]
10:24:10.272 [main] DEBUG org.hibernate.orm.results - Extracted JDBC value [6] - [null]
10:24:10.272 [main] DEBUG org.hibernate.orm.results - Extracted JDBC value [8] - [tasktestuser_1745594396416]
10:24:10.272 [main] DEBUG org.hibernate.orm.results.loading.entity - (EntityResultInitializer) Done materializing entityInstance : org.frcpm.models.TeamMember(959666552161300)#39
10:24:10.272 [main] DEBUG org.hibernate.orm.results.loading - Calling top-level assembler (0 / 1) : org.hibernate.sql.results.graph.entity.internal.EntityAssembler@5c0d967e
10:24:10.272 [main] DEBUG org.hibernate.orm.results - Extracted JDBC value [0] - [40]
10:24:10.272 [main] DEBUG org.hibernate.orm.results.loading.entity - (EntityResultInitializer) Hydrated EntityKey (org.frcpm.models.TeamMember(959666552161300)): 40
10:24:10.272 [main] DEBUG org.hibernate.orm.results.loading.org.hibernate.orm.results.loading.collection - (DelayedCollectionInitializer) Current row collection key : org.frcpm.models.TeamMember(959666552161300).assignedTasks#40
10:24:10.272 [main] DEBUG org.hibernate.orm.results.loading.org.hibernate.orm.results.loading.collection - (DelayedCollectionInitializer) Current row collection key : org.frcpm.models.TeamMember(959666552161300).attendances#40
10:24:10.272 [main] DEBUG org.hibernate.orm.results.loading.entity - (EntityResultInitializer) Created new entity instance [org.frcpm.models.TeamMember(959666552161300)#40] : 1991420316
10:24:10.273 [main] DEBUG org.hibernate.orm.results - Extracted JDBC value [7] - [null]
10:24:10.273 [main] DEBUG org.hibernate.orm.results - Extracted JDBC value [1] - [tasktest@example.com]
10:24:10.273 [main] DEBUG org.hibernate.orm.results - Extracted JDBC value [2] - [Task]
10:24:10.273 [main] DEBUG org.hibernate.orm.results - Extracted JDBC value [3] - [Test]
10:24:10.273 [main] DEBUG org.hibernate.orm.results - Extracted JDBC value [4] - [false]
10:24:10.273 [main] DEBUG org.hibernate.orm.results - Extracted JDBC value [5] - [null]
10:24:10.273 [main] DEBUG org.hibernate.orm.results - Extracted JDBC value [6] - [null]
10:24:10.273 [main] DEBUG org.hibernate.orm.results - Extracted JDBC value [8] - [tasktestuser_1745594396762]
10:24:10.273 [main] DEBUG org.hibernate.orm.results.loading.entity - (EntityResultInitializer) Done materializing entityInstance : org.frcpm.models.TeamMember(959666552161300)#40
10:24:10.273 [main] DEBUG org.hibernate.orm.results.loading - Calling top-level assembler (0 / 1) : org.hibernate.sql.results.graph.entity.internal.EntityAssembler@5c0d967e
10:24:10.273 [main] DEBUG org.hibernate.orm.results - Extracted JDBC value [0] - [41]
10:24:10.273 [main] DEBUG org.hibernate.orm.results.loading.entity - (EntityResultInitializer) Hydrated EntityKey (org.frcpm.models.TeamMember(959666552161300)): 41
10:24:10.273 [main] DEBUG org.hibernate.orm.results.loading.org.hibernate.orm.results.loading.collection - (DelayedCollectionInitializer) Current row collection key : org.frcpm.models.TeamMember(959666552161300).assignedTasks#41
10:24:10.273 [main] DEBUG org.hibernate.orm.results.loading.org.hibernate.orm.results.loading.collection - (DelayedCollectionInitializer) Current row collection key : org.frcpm.models.TeamMember(959666552161300).attendances#41
10:24:10.273 [main] DEBUG org.hibernate.orm.results.loading.entity - (EntityResultInitializer) Created new entity instance [org.frcpm.models.TeamMember(959666552161300)#41] : 190125356
10:24:10.273 [main] DEBUG org.hibernate.orm.results - Extracted JDBC value [7] - [null]
10:24:10.273 [main] DEBUG org.hibernate.orm.results - Extracted JDBC value [1] - [tasktest@example.com]
10:24:10.273 [main] DEBUG org.hibernate.orm.results - Extracted JDBC value [2] - [Task]
10:24:10.273 [main] DEBUG org.hibernate.orm.results - Extracted JDBC value [3] - [Test]
10:24:10.273 [main] DEBUG org.hibernate.orm.results - Extracted JDBC value [4] - [false]
10:24:10.273 [main] DEBUG org.hibernate.orm.results - Extracted JDBC value [5] - [null]
10:24:10.273 [main] DEBUG org.hibernate.orm.results - Extracted JDBC value [6] - [null]
10:24:10.273 [main] DEBUG org.hibernate.orm.results - Extracted JDBC value [8] - [tasktestuser_1745594397140]
10:24:10.273 [main] DEBUG org.hibernate.orm.results.loading.entity - (EntityResultInitializer) Done materializing entityInstance : org.frcpm.models.TeamMember(959666552161300)#41
10:24:10.273 [main] DEBUG org.hibernate.orm.results.loading - Calling top-level assembler (0 / 1) : org.hibernate.sql.results.graph.entity.internal.EntityAssembler@5c0d967e
10:24:10.273 [main] DEBUG org.hibernate.orm.results - Extracted JDBC value [0] - [42]
10:24:10.273 [main] DEBUG org.hibernate.orm.results.loading.entity - (EntityResultInitializer) Hydrated EntityKey (org.frcpm.models.TeamMember(959666552161300)): 42
10:24:10.273 [main] DEBUG org.hibernate.orm.results.loading.org.hibernate.orm.results.loading.collection - (DelayedCollectionInitializer) Current row collection key : org.frcpm.models.TeamMember(959666552161300).assignedTasks#42
10:24:10.273 [main] DEBUG org.hibernate.orm.results.loading.org.hibernate.orm.results.loading.collection - (DelayedCollectionInitializer) Current row collection key : org.frcpm.models.TeamMember(959666552161300).attendances#42
10:24:10.273 [main] DEBUG org.hibernate.orm.results.loading.entity - (EntityResultInitializer) Created new entity instance [org.frcpm.models.TeamMember(959666552161300)#42] : 1440734416
10:24:10.273 [main] DEBUG org.hibernate.orm.results - Extracted JDBC value [7] - [null]
10:24:10.273 [main] DEBUG org.hibernate.orm.results - Extracted JDBC value [1] - [tasktest@example.com]
10:24:10.273 [main] DEBUG org.hibernate.orm.results - Extracted JDBC value [2] - [Task]
10:24:10.273 [main] DEBUG org.hibernate.orm.results - Extracted JDBC value [3] - [Test]
10:24:10.273 [main] DEBUG org.hibernate.orm.results - Extracted JDBC value [4] - [false]
10:24:10.273 [main] DEBUG org.hibernate.orm.results - Extracted JDBC value [5] - [null]
10:24:10.273 [main] DEBUG org.hibernate.orm.results - Extracted JDBC value [6] - [null]
10:24:10.273 [main] DEBUG org.hibernate.orm.results - Extracted JDBC value [8] - [tasktestuser_1745594397563]
10:24:10.273 [main] DEBUG org.hibernate.orm.results.loading.entity - (EntityResultInitializer) Done materializing entityInstance : org.frcpm.models.TeamMember(959666552161300)#42
10:24:10.273 [main] DEBUG org.hibernate.orm.results.loading - Calling top-level assembler (0 / 1) : org.hibernate.sql.results.graph.entity.internal.EntityAssembler@5c0d967e
10:24:10.273 [main] DEBUG org.hibernate.orm.results - Extracted JDBC value [0] - [43]
10:24:10.273 [main] DEBUG org.hibernate.orm.results.loading.entity - (EntityResultInitializer) Hydrated EntityKey (org.frcpm.models.TeamMember(959666552161300)): 43
10:24:10.273 [main] DEBUG org.hibernate.orm.results.loading.org.hibernate.orm.results.loading.collection - (DelayedCollectionInitializer) Current row collection key : org.frcpm.models.TeamMember(959666552161300).assignedTasks#43
10:24:10.273 [main] DEBUG org.hibernate.orm.results.loading.org.hibernate.orm.results.loading.collection - (DelayedCollectionInitializer) Current row collection key : org.frcpm.models.TeamMember(959666552161300).attendances#43
10:24:10.273 [main] DEBUG org.hibernate.orm.results.loading.entity - (EntityResultInitializer) Created new entity instance [org.frcpm.models.TeamMember(959666552161300)#43] : 532198616
10:24:10.273 [main] DEBUG org.hibernate.orm.results - Extracted JDBC value [7] - [null]
10:24:10.273 [main] DEBUG org.hibernate.orm.results - Extracted JDBC value [1] - [tasktest@example.com]
10:24:10.273 [main] DEBUG org.hibernate.orm.results - Extracted JDBC value [2] - [Task]
10:24:10.273 [main] DEBUG org.hibernate.orm.results - Extracted JDBC value [3] - [Test]
10:24:10.273 [main] DEBUG org.hibernate.orm.results - Extracted JDBC value [4] - [false]
10:24:10.273 [main] DEBUG org.hibernate.orm.results - Extracted JDBC value [5] - [null]
10:24:10.273 [main] DEBUG org.hibernate.orm.results - Extracted JDBC value [6] - [null]
10:24:10.273 [main] DEBUG org.hibernate.orm.results - Extracted JDBC value [8] - [tasktestuser_1745594397906]
10:24:10.273 [main] DEBUG org.hibernate.orm.results.loading.entity - (EntityResultInitializer) Done materializing entityInstance : org.frcpm.models.TeamMember(959666552161300)#43
10:24:10.273 [main] DEBUG org.hibernate.orm.results.loading - Calling top-level assembler (0 / 1) : org.hibernate.sql.results.graph.entity.internal.EntityAssembler@5c0d967e
10:24:10.273 [main] DEBUG org.hibernate.orm.results - Extracted JDBC value [0] - [44]
10:24:10.273 [main] DEBUG org.hibernate.orm.results.loading.entity - (EntityResultInitializer) Hydrated EntityKey (org.frcpm.models.TeamMember(959666552161300)): 44
10:24:10.273 [main] DEBUG org.hibernate.orm.results.loading.org.hibernate.orm.results.loading.collection - (DelayedCollectionInitializer) Current row collection key : org.frcpm.models.TeamMember(959666552161300).assignedTasks#44
10:24:10.273 [main] DEBUG org.hibernate.orm.results.loading.org.hibernate.orm.results.loading.collection - (DelayedCollectionInitializer) Current row collection key : org.frcpm.models.TeamMember(959666552161300).attendances#44
10:24:10.273 [main] DEBUG org.hibernate.orm.results.loading.entity - (EntityResultInitializer) Created new entity instance [org.frcpm.models.TeamMember(959666552161300)#44] : 1379799035
10:24:10.273 [main] DEBUG org.hibernate.orm.results - Extracted JDBC value [7] - [null]
10:24:10.273 [main] DEBUG org.hibernate.orm.results - Extracted JDBC value [1] - [tasktest@example.com]
10:24:10.273 [main] DEBUG org.hibernate.orm.results - Extracted JDBC value [2] - [Task]
10:24:10.273 [main] DEBUG org.hibernate.orm.results - Extracted JDBC value [3] - [Test]
10:24:10.273 [main] DEBUG org.hibernate.orm.results - Extracted JDBC value [4] - [false]
10:24:10.273 [main] DEBUG org.hibernate.orm.results - Extracted JDBC value [5] - [null]
10:24:10.273 [main] DEBUG org.hibernate.orm.results - Extracted JDBC value [6] - [null]
10:24:10.273 [main] DEBUG org.hibernate.orm.results - Extracted JDBC value [8] - [tasktestuser_1745594398275]
10:24:10.273 [main] DEBUG org.hibernate.orm.results.loading.entity - (EntityResultInitializer) Done materializing entityInstance : org.frcpm.models.TeamMember(959666552161300)#44
10:24:10.273 [main] DEBUG org.hibernate.orm.results.loading - Calling top-level assembler (0 / 1) : org.hibernate.sql.results.graph.entity.internal.EntityAssembler@5c0d967e
10:24:10.273 [main] DEBUG org.hibernate.orm.results - Extracted JDBC value [0] - [45]
10:24:10.273 [main] DEBUG org.hibernate.orm.results.loading.entity - (EntityResultInitializer) Hydrated EntityKey (org.frcpm.models.TeamMember(959666552161300)): 45
10:24:10.273 [main] DEBUG org.hibernate.orm.results.loading.org.hibernate.orm.results.loading.collection - (DelayedCollectionInitializer) Current row collection key : org.frcpm.models.TeamMember(959666552161300).assignedTasks#45
10:24:10.273 [main] DEBUG org.hibernate.orm.results.loading.org.hibernate.orm.results.loading.collection - (DelayedCollectionInitializer) Current row collection key : org.frcpm.models.TeamMember(959666552161300).attendances#45
10:24:10.273 [main] DEBUG org.hibernate.orm.results.loading.entity - (EntityResultInitializer) Created new entity instance [org.frcpm.models.TeamMember(959666552161300)#45] : 300780867
10:24:10.273 [main] DEBUG org.hibernate.orm.results - Extracted JDBC value [7] - [null]
10:24:10.273 [main] DEBUG org.hibernate.orm.results - Extracted JDBC value [1] - [tasktest@example.com]
10:24:10.273 [main] DEBUG org.hibernate.orm.results - Extracted JDBC value [2] - [Task]
10:24:10.273 [main] DEBUG org.hibernate.orm.results - Extracted JDBC value [3] - [Test]
10:24:10.273 [main] DEBUG org.hibernate.orm.results - Extracted JDBC value [4] - [false]
10:24:10.273 [main] DEBUG org.hibernate.orm.results - Extracted JDBC value [5] - [null]
10:24:10.273 [main] DEBUG org.hibernate.orm.results - Extracted JDBC value [6] - [null]
10:24:10.273 [main] DEBUG org.hibernate.orm.results - Extracted JDBC value [8] - [tasktestuser_1745594398667]
10:24:10.273 [main] DEBUG org.hibernate.orm.results.loading.entity - (EntityResultInitializer) Done materializing entityInstance : org.frcpm.models.TeamMember(959666552161300)#45
10:24:10.273 [main] DEBUG org.hibernate.orm.results.loading - Calling top-level assembler (0 / 1) : org.hibernate.sql.results.graph.entity.internal.EntityAssembler@5c0d967e
10:24:10.273 [main] DEBUG org.hibernate.orm.results - Extracted JDBC value [0] - [46]
10:24:10.273 [main] DEBUG org.hibernate.orm.results.loading.entity - (EntityResultInitializer) Hydrated EntityKey (org.frcpm.models.TeamMember(959666552161300)): 46
10:24:10.273 [main] DEBUG org.hibernate.orm.results.loading.org.hibernate.orm.results.loading.collection - (DelayedCollectionInitializer) Current row collection key : org.frcpm.models.TeamMember(959666552161300).assignedTasks#46
10:24:10.273 [main] DEBUG org.hibernate.orm.results.loading.org.hibernate.orm.results.loading.collection - (DelayedCollectionInitializer) Current row collection key : org.frcpm.models.TeamMember(959666552161300).attendances#46
10:24:10.273 [main] DEBUG org.hibernate.orm.results.loading.entity - (EntityResultInitializer) Created new entity instance [org.frcpm.models.TeamMember(959666552161300)#46] : 981018779
10:24:10.273 [main] DEBUG org.hibernate.orm.results - Extracted JDBC value [7] - [null]
10:24:10.273 [main] DEBUG org.hibernate.orm.results - Extracted JDBC value [1] - [tasktest@example.com]
10:24:10.273 [main] DEBUG org.hibernate.orm.results - Extracted JDBC value [2] - [Task]
10:24:10.273 [main] DEBUG org.hibernate.orm.results - Extracted JDBC value [3] - [Test]
10:24:10.273 [main] DEBUG org.hibernate.orm.results - Extracted JDBC value [4] - [false]
10:24:10.274 [main] DEBUG org.hibernate.orm.results - Extracted JDBC value [5] - [null]
10:24:10.274 [main] DEBUG org.hibernate.orm.results - Extracted JDBC value [6] - [null]
10:24:10.274 [main] DEBUG org.hibernate.orm.results - Extracted JDBC value [8] - [tasktestuser_1745594399126]
10:24:10.274 [main] DEBUG org.hibernate.orm.results.loading.entity - (EntityResultInitializer) Done materializing entityInstance : org.frcpm.models.TeamMember(959666552161300)#46
10:24:10.274 [main] DEBUG org.hibernate.orm.results.loading - Calling top-level assembler (0 / 1) : org.hibernate.sql.results.graph.entity.internal.EntityAssembler@5c0d967e
10:24:10.274 [main] DEBUG org.hibernate.orm.results - Extracted JDBC value [0] - [47]
10:24:10.274 [main] DEBUG org.hibernate.orm.results.loading.entity - (EntityResultInitializer) Hydrated EntityKey (org.frcpm.models.TeamMember(959666552161300)): 47
10:24:10.274 [main] DEBUG org.hibernate.orm.results.loading.org.hibernate.orm.results.loading.collection - (DelayedCollectionInitializer) Current row collection key : org.frcpm.models.TeamMember(959666552161300).assignedTasks#47
10:24:10.274 [main] DEBUG org.hibernate.orm.results.loading.org.hibernate.orm.results.loading.collection - (DelayedCollectionInitializer) Current row collection key : org.frcpm.models.TeamMember(959666552161300).attendances#47
10:24:10.274 [main] DEBUG org.hibernate.orm.results.loading.entity - (EntityResultInitializer) Created new entity instance [org.frcpm.models.TeamMember(959666552161300)#47] : 1402121191
10:24:10.274 [main] DEBUG org.hibernate.orm.results - Extracted JDBC value [7] - [null]
10:24:10.274 [main] DEBUG org.hibernate.orm.results - Extracted JDBC value [1] - [tasktest@example.com]
10:24:10.274 [main] DEBUG org.hibernate.orm.results - Extracted JDBC value [2] - [Task]
10:24:10.274 [main] DEBUG org.hibernate.orm.results - Extracted JDBC value [3] - [Test]
10:24:10.274 [main] DEBUG org.hibernate.orm.results - Extracted JDBC value [4] - [false]
10:24:10.274 [main] DEBUG org.hibernate.orm.results - Extracted JDBC value [5] - [null]
10:24:10.274 [main] DEBUG org.hibernate.orm.results - Extracted JDBC value [6] - [null]
10:24:10.274 [main] DEBUG org.hibernate.orm.results - Extracted JDBC value [8] - [tasktestuser_1745594399532]
10:24:10.274 [main] DEBUG org.hibernate.orm.results.loading.entity - (EntityResultInitializer) Done materializing entityInstance : org.frcpm.models.TeamMember(959666552161300)#47
10:24:10.274 [main] DEBUG org.hibernate.orm.results.loading - Calling top-level assembler (0 / 1) : org.hibernate.sql.results.graph.entity.internal.EntityAssembler@5c0d967e
10:24:10.274 [main] DEBUG org.hibernate.orm.results - Extracted JDBC value [0] - [48]
10:24:10.274 [main] DEBUG org.hibernate.orm.results.loading.entity - (EntityResultInitializer) Hydrated EntityKey (org.frcpm.models.TeamMember(959666552161300)): 48
10:24:10.274 [main] DEBUG org.hibernate.orm.results.loading.org.hibernate.orm.results.loading.collection - (DelayedCollectionInitializer) Current row collection key : org.frcpm.models.TeamMember(959666552161300).assignedTasks#48
10:24:10.274 [main] DEBUG org.hibernate.orm.results.loading.org.hibernate.orm.results.loading.collection - (DelayedCollectionInitializer) Current row collection key : org.frcpm.models.TeamMember(959666552161300).attendances#48
10:24:10.274 [main] DEBUG org.hibernate.orm.results.loading.entity - (EntityResultInitializer) Created new entity instance [org.frcpm.models.TeamMember(959666552161300)#48] : 1502331934
10:24:10.274 [main] DEBUG org.hibernate.orm.results - Extracted JDBC value [7] - [null]
10:24:10.274 [main] DEBUG org.hibernate.orm.results - Extracted JDBC value [1] - [tasktest@example.com]
10:24:10.274 [main] DEBUG org.hibernate.orm.results - Extracted JDBC value [2] - [Task]
10:24:10.274 [main] DEBUG org.hibernate.orm.results - Extracted JDBC value [3] - [Test]
10:24:10.274 [main] DEBUG org.hibernate.orm.results - Extracted JDBC value [4] - [false]
10:24:10.274 [main] DEBUG org.hibernate.orm.results - Extracted JDBC value [5] - [null]
10:24:10.274 [main] DEBUG org.hibernate.orm.results - Extracted JDBC value [6] - [null]
10:24:10.274 [main] DEBUG org.hibernate.orm.results - Extracted JDBC value [8] - [tasktestuser_1745594400014]
10:24:10.274 [main] DEBUG org.hibernate.orm.results.loading.entity - (EntityResultInitializer) Done materializing entityInstance : org.frcpm.models.TeamMember(959666552161300)#48
10:24:10.274 [main] DEBUG org.hibernate.orm.results.loading - Calling top-level assembler (0 / 1) : org.hibernate.sql.results.graph.entity.internal.EntityAssembler@5c0d967e
10:24:10.274 [main] DEBUG org.hibernate.orm.results - Extracted JDBC value [0] - [53]
10:24:10.274 [main] DEBUG org.hibernate.orm.results.loading.entity - (EntityResultInitializer) Hydrated EntityKey (org.frcpm.models.TeamMember(959666552161300)): 53
10:24:10.274 [main] DEBUG org.hibernate.orm.results.loading.org.hibernate.orm.results.loading.collection - (DelayedCollectionInitializer) Current row collection key : org.frcpm.models.TeamMember(959666552161300).assignedTasks#53
10:24:10.274 [main] DEBUG org.hibernate.orm.results.loading.org.hibernate.orm.results.loading.collection - (DelayedCollectionInitializer) Current row collection key : org.frcpm.models.TeamMember(959666552161300).attendances#53
10:24:10.274 [main] DEBUG org.hibernate.orm.results.loading.entity - (EntityResultInitializer) Created new entity instance [org.frcpm.models.TeamMember(959666552161300)#53] : 1808813922
10:24:10.274 [main] DEBUG org.hibernate.orm.results - Extracted JDBC value [7] - [null]
10:24:10.274 [main] DEBUG org.hibernate.orm.results - Extracted JDBC value [1] - [testcount@example.com]
10:24:10.274 [main] DEBUG org.hibernate.orm.results - Extracted JDBC value [2] - [Test]
10:24:10.274 [main] DEBUG org.hibernate.orm.results - Extracted JDBC value [3] - [Count]
10:24:10.274 [main] DEBUG org.hibernate.orm.results - Extracted JDBC value [4] - [false]
10:24:10.274 [main] DEBUG org.hibernate.orm.results - Extracted JDBC value [5] - [null]
10:24:10.274 [main] DEBUG org.hibernate.orm.results - Extracted JDBC value [6] - [null]
10:24:10.274 [main] DEBUG org.hibernate.orm.results - Extracted JDBC value [8] - [testcount]
10:24:10.274 [main] DEBUG org.hibernate.orm.results.loading.entity - (EntityResultInitializer) Done materializing entityInstance : org.frcpm.models.TeamMember(959666552161300)#53
10:24:10.274 [main] DEBUG org.hibernate.orm.results.loading - Calling top-level assembler (0 / 1) : org.hibernate.sql.results.graph.entity.internal.EntityAssembler@5c0d967e
10:24:10.274 [main] DEBUG org.hibernate.orm.results - Extracted JDBC value [0] - [56]
10:24:10.274 [main] DEBUG org.hibernate.orm.results.loading.entity - (EntityResultInitializer) Hydrated EntityKey (org.frcpm.models.TeamMember(959666552161300)): 56
10:24:10.274 [main] DEBUG org.hibernate.orm.results.loading.org.hibernate.orm.results.loading.collection - (DelayedCollectionInitializer) Current row collection key : org.frcpm.models.TeamMember(959666552161300).assignedTasks#56
10:24:10.274 [main] DEBUG org.hibernate.orm.results.loading.org.hibernate.orm.results.loading.collection - (DelayedCollectionInitializer) Current row collection key : org.frcpm.models.TeamMember(959666552161300).attendances#56
10:24:10.275 [main] DEBUG org.hibernate.orm.results.loading.entity - (EntityResultInitializer) Created new entity instance [org.frcpm.models.TeamMember(959666552161300)#56] : 1856120422
10:24:10.275 [main] DEBUG org.hibernate.orm.results - Extracted JDBC value [7] - [null]
10:24:10.275 [main] DEBUG org.hibernate.orm.results - Extracted JDBC value [1] - [testsave@example.com]
10:24:10.275 [main] DEBUG org.hibernate.orm.results - Extracted JDBC value [2] - [Test]
10:24:10.275 [main] DEBUG org.hibernate.orm.results - Extracted JDBC value [3] - [Save]
10:24:10.275 [main] DEBUG org.hibernate.orm.results - Extracted JDBC value [4] - [false]
10:24:10.275 [main] DEBUG org.hibernate.orm.results - Extracted JDBC value [5] - [555-SAVE]
10:24:10.275 [main] DEBUG org.hibernate.orm.results - Extracted JDBC value [6] - [Testing]
10:24:10.275 [main] DEBUG org.hibernate.orm.results - Extracted JDBC value [8] - [testsave]
10:24:10.275 [main] DEBUG org.hibernate.orm.results.loading.entity - (EntityResultInitializer) Done materializing entityInstance : org.frcpm.models.TeamMember(959666552161300)#56
10:24:10.275 [main] DEBUG org.hibernate.orm.results.loading - Calling top-level assembler (0 / 1) : org.hibernate.sql.results.graph.entity.internal.EntityAssembler@5c0d967e
10:24:10.275 [main] DEBUG org.hibernate.orm.results - Extracted JDBC value [0] - [77]
10:24:10.275 [main] DEBUG org.hibernate.orm.results.loading.entity - (EntityResultInitializer) Hydrated EntityKey (org.frcpm.models.TeamMember(959666552161300)): 77
10:24:10.275 [main] DEBUG org.hibernate.orm.results.loading.org.hibernate.orm.results.loading.collection - (DelayedCollectionInitializer) Current row collection key : org.frcpm.models.TeamMember(959666552161300).assignedTasks#77
10:24:10.275 [main] DEBUG org.hibernate.orm.results.loading.org.hibernate.orm.results.loading.collection - (DelayedCollectionInitializer) Current row collection key : org.frcpm.models.TeamMember(959666552161300).attendances#77
10:24:10.275 [main] DEBUG org.hibernate.orm.results.loading.entity - (EntityResultInitializer) Created new entity instance [org.frcpm.models.TeamMember(959666552161300)#77] : 311467367
10:24:10.275 [main] DEBUG org.hibernate.orm.results - Extracted JDBC value [7] - [null]
10:24:10.275 [main] DEBUG org.hibernate.orm.results - Extracted JDBC value [1] - [testupdate@example.com]
10:24:10.275 [main] DEBUG org.hibernate.orm.results - Extracted JDBC value [2] - [Updated]
10:24:10.275 [main] DEBUG org.hibernate.orm.results - Extracted JDBC value [3] - [Update]
10:24:10.275 [main] DEBUG org.hibernate.orm.results - Extracted JDBC value [4] - [false]
10:24:10.275 [main] DEBUG org.hibernate.orm.results - Extracted JDBC value [5] - [null]
10:24:10.275 [main] DEBUG org.hibernate.orm.results - Extracted JDBC value [6] - [Updated Skills]
10:24:10.275 [main] DEBUG org.hibernate.orm.results - Extracted JDBC value [8] - [testupdate]
10:24:10.275 [main] DEBUG org.hibernate.orm.results.loading.entity - (EntityResultInitializer) Done materializing entityInstance : org.frcpm.models.TeamMember(959666552161300)#77
10:24:10.275 [main] DEBUG org.hibernate.orm.results.loading - Calling top-level assembler (0 / 1) : org.hibernate.sql.results.graph.entity.internal.EntityAssembler@5c0d967e
10:24:10.275 [main] DEBUG org.hibernate.orm.results - Extracted JDBC value [0] - [84]
10:24:10.275 [main] DEBUG org.hibernate.orm.results.loading.entity - (EntityResultInitializer) Hydrated EntityKey (org.frcpm.models.TeamMember(959666552161300)): 84
10:24:10.275 [main] DEBUG org.hibernate.orm.results.loading.org.hibernate.orm.results.loading.collection - (DelayedCollectionInitializer) Current row collection key : org.frcpm.models.TeamMember(959666552161300).assignedTasks#84
10:24:10.275 [main] DEBUG org.hibernate.orm.results.loading.org.hibernate.orm.results.loading.collection - (DelayedCollectionInitializer) Current row collection key : org.frcpm.models.TeamMember(959666552161300).attendances#84
10:24:10.275 [main] DEBUG org.hibernate.orm.results.loading.entity - (EntityResultInitializer) Created new entity instance [org.frcpm.models.TeamMember(959666552161300)#84] : 424772389
10:24:10.275 [main] DEBUG org.hibernate.orm.results - Extracted JDBC value [7] - [null]
10:24:10.275 [main] DEBUG org.hibernate.orm.results - Extracted JDBC value [1] - [attendance3@example.com]
10:24:10.275 [main] DEBUG org.hibernate.orm.results - Extracted JDBC value [2] - [Attendance]
10:24:10.275 [main] DEBUG org.hibernate.orm.results - Extracted JDBC value [3] - [Test3]
10:24:10.275 [main] DEBUG org.hibernate.orm.results - Extracted JDBC value [4] - [false]
10:24:10.275 [main] DEBUG org.hibernate.orm.results - Extracted JDBC value [5] - [555-9012]
10:24:10.275 [main] DEBUG org.hibernate.orm.results - Extracted JDBC value [6] - [null]
10:24:10.275 [main] DEBUG org.hibernate.orm.results - Extracted JDBC value [8] - [attendancetest3]
10:24:10.275 [main] DEBUG org.hibernate.orm.results.loading.entity - (EntityResultInitializer) Done materializing entityInstance : org.frcpm.models.TeamMember(959666552161300)#84
10:24:10.275 [main] DEBUG org.hibernate.orm.results.loading - Calling top-level assembler (0 / 1) : org.hibernate.sql.results.graph.entity.internal.EntityAssembler@5c0d967e
10:24:10.276 [main] DEBUG org.hibernate.resource.jdbc.internal.LogicalConnectionManagedImpl - Initiating JDBC connection release from afterTransaction
10:24:10.276 [main] DEBUG org.hibernate.resource.jdbc.internal.LogicalConnectionManagedImpl - Initiating JDBC connection release from afterTransaction
10:24:10.276 [main] DEBUG org.hibernate.orm.sql.ast.create - Created new SQL alias : s1_0
10:24:10.276 [main] DEBUG org.hibernate.orm.sql.ast.create - Registration of TableGroup [StandardTableGroup(org.frcpm.models.Subteam(959666562828700))] with identifierForTableGroup [org.frcpm.models.Subteam] for NavigablePath [org.frcpm.models.Subteam] 
10:24:10.277 [main] DEBUG org.hibernate.orm.results.graph.AST - DomainResult Graph:
 \-EntityResultImpl [org.frcpm.models.Subteam(959666562828700)]
 |  +-BasicFetch [org.frcpm.models.Subteam(959666562828700).colorCode]
 |  +-DelayedCollectionFetch [org.frcpm.models.Subteam(959666562828700).members]
 |  +-BasicFetch [org.frcpm.models.Subteam(959666562828700).name]
 |  +-BasicFetch [org.frcpm.models.Subteam(959666562828700).specialties]
 |  \-DelayedCollectionFetch [org.frcpm.models.Subteam(959666562828700).subsystems]

10:24:10.277 [main] DEBUG org.hibernate.orm.sql.ast.tree - SQL AST Tree:
    SelectStatement {
      FromClause {
        StandardTableGroup (s1 : org.frcpm.models.Subteam(959666562828700)) {
          primaryTableReference : subteams as s1_0
        }
      }
    }

10:24:10.277 [main] DEBUG org.hibernate.orm.sql.exec - Skipping reading Query result cache data: cache-enabled = false, cache-mode = NORMAL
10:24:10.277 [main] DEBUG org.hibernate.orm.results - Initializer list:
	  org.frcpm.models.Subteam(959666562828700).members -> DelayedCollectionInitializer(org.frcpm.models.Subteam(959666562828700).members)@1868207311 (PluralAttribute(org.frcpm.models.Subteam.members))
	  org.frcpm.models.Subteam(959666562828700) -> EntityResultInitializer(org.frcpm.models.Subteam(959666562828700))@497326120 (SingleTableEntityPersister(org.frcpm.models.Subteam))
	  org.frcpm.models.Subteam(959666562828700).subsystems -> DelayedCollectionInitializer(org.frcpm.models.Subteam(959666562828700).subsystems)@960410149 (PluralAttribute(org.frcpm.models.Subteam.subsystems))

10:24:10.277 [main] DEBUG org.hibernate.SQL - select s1_0.id,s1_0.color_code,s1_0.name,s1_0.specialties from subteams s1_0
10:24:10.277 [main] DEBUG org.hibernate.orm.results - Extracted JDBC value [0] - [1]
10:24:10.277 [main] DEBUG org.hibernate.orm.results.loading.entity - (EntityResultInitializer) Hydrated EntityKey (org.frcpm.models.Subteam(959666562828700)): 1
10:24:10.277 [main] DEBUG org.hibernate.orm.results.loading.org.hibernate.orm.results.loading.collection - (DelayedCollectionInitializer) Current row collection key : org.frcpm.models.Subteam(959666562828700).members#1
10:24:10.277 [main] DEBUG org.hibernate.orm.results.loading.org.hibernate.orm.results.loading.collection - (DelayedCollectionInitializer) Current row collection key : org.frcpm.models.Subteam(959666562828700).subsystems#1
10:24:10.277 [main] DEBUG org.hibernate.orm.results.loading.entity - (EntityResultInitializer) Created new entity instance [org.frcpm.models.Subteam(959666562828700)#1] : 515713563
10:24:10.277 [main] DEBUG org.hibernate.orm.results - Extracted JDBC value [1] - [#FF5733]
10:24:10.277 [main] DEBUG org.hibernate.orm.results - Extracted JDBC value [2] - [Mechanical]
10:24:10.277 [main] DEBUG org.hibernate.orm.results - Extracted JDBC value [3] - [Design, CAD, Fabrication, Assembly]
10:24:10.277 [main] DEBUG org.hibernate.orm.results.loading.entity - (EntityResultInitializer) Done materializing entityInstance : org.frcpm.models.Subteam(959666562828700)#1
10:24:10.277 [main] DEBUG org.hibernate.orm.results.loading - Calling top-level assembler (0 / 1) : org.hibernate.sql.results.graph.entity.internal.EntityAssembler@5107f87e
10:24:10.277 [main] DEBUG org.hibernate.orm.results - Extracted JDBC value [0] - [2]
10:24:10.277 [main] DEBUG org.hibernate.orm.results.loading.entity - (EntityResultInitializer) Hydrated EntityKey (org.frcpm.models.Subteam(959666562828700)): 2
10:24:10.277 [main] DEBUG org.hibernate.orm.results.loading.org.hibernate.orm.results.loading.collection - (DelayedCollectionInitializer) Current row collection key : org.frcpm.models.Subteam(959666562828700).members#2
10:24:10.277 [main] DEBUG org.hibernate.orm.results.loading.org.hibernate.orm.results.loading.collection - (DelayedCollectionInitializer) Current row collection key : org.frcpm.models.Subteam(959666562828700).subsystems#2
10:24:10.277 [main] DEBUG org.hibernate.orm.results.loading.entity - (EntityResultInitializer) Created new entity instance [org.frcpm.models.Subteam(959666562828700)#2] : 647888311
10:24:10.277 [main] DEBUG org.hibernate.orm.results - Extracted JDBC value [1] - [#33A8FF]
10:24:10.277 [main] DEBUG org.hibernate.orm.results - Extracted JDBC value [2] - [Electrical]
10:24:10.277 [main] DEBUG org.hibernate.orm.results - Extracted JDBC value [3] - [Wiring, Electronics, Sensors, Power Systems]
10:24:10.277 [main] DEBUG org.hibernate.orm.results.loading.entity - (EntityResultInitializer) Done materializing entityInstance : org.frcpm.models.Subteam(959666562828700)#2
10:24:10.277 [main] DEBUG org.hibernate.orm.results.loading - Calling top-level assembler (0 / 1) : org.hibernate.sql.results.graph.entity.internal.EntityAssembler@5107f87e
10:24:10.277 [main] DEBUG org.hibernate.orm.results - Extracted JDBC value [0] - [3]
10:24:10.277 [main] DEBUG org.hibernate.orm.results.loading.entity - (EntityResultInitializer) Hydrated EntityKey (org.frcpm.models.Subteam(959666562828700)): 3
10:24:10.277 [main] DEBUG org.hibernate.orm.results.loading.org.hibernate.orm.results.loading.collection - (DelayedCollectionInitializer) Current row collection key : org.frcpm.models.Subteam(959666562828700).members#3
10:24:10.277 [main] DEBUG org.hibernate.orm.results.loading.org.hibernate.orm.results.loading.collection - (DelayedCollectionInitializer) Current row collection key : org.frcpm.models.Subteam(959666562828700).subsystems#3
10:24:10.277 [main] DEBUG org.hibernate.orm.results.loading.entity - (EntityResultInitializer) Created new entity instance [org.frcpm.models.Subteam(959666562828700)#3] : 1032194669
10:24:10.277 [main] DEBUG org.hibernate.orm.results - Extracted JDBC value [1] - [#33FF57]
10:24:10.277 [main] DEBUG org.hibernate.orm.results - Extracted JDBC value [2] - [Programming]
10:24:10.277 [main] DEBUG org.hibernate.orm.results - Extracted JDBC value [3] - [Java, Vision, Control Systems, Autonomous]
10:24:10.277 [main] DEBUG org.hibernate.orm.results.loading.entity - (EntityResultInitializer) Done materializing entityInstance : org.frcpm.models.Subteam(959666562828700)#3
10:24:10.277 [main] DEBUG org.hibernate.orm.results.loading - Calling top-level assembler (0 / 1) : org.hibernate.sql.results.graph.entity.internal.EntityAssembler@5107f87e
10:24:10.277 [main] DEBUG org.hibernate.orm.results - Extracted JDBC value [0] - [4]
10:24:10.277 [main] DEBUG org.hibernate.orm.results.loading.entity - (EntityResultInitializer) Hydrated EntityKey (org.frcpm.models.Subteam(959666562828700)): 4
10:24:10.277 [main] DEBUG org.hibernate.orm.results.loading.org.hibernate.orm.results.loading.collection - (DelayedCollectionInitializer) Current row collection key : org.frcpm.models.Subteam(959666562828700).members#4
10:24:10.277 [main] DEBUG org.hibernate.orm.results.loading.org.hibernate.orm.results.loading.collection - (DelayedCollectionInitializer) Current row collection key : org.frcpm.models.Subteam(959666562828700).subsystems#4
10:24:10.278 [main] DEBUG org.hibernate.orm.results.loading.entity - (EntityResultInitializer) Created new entity instance [org.frcpm.models.Subteam(959666562828700)#4] : 1465194484
10:24:10.278 [main] DEBUG org.hibernate.orm.results - Extracted JDBC value [1] - [#FF33A8]
10:24:10.278 [main] DEBUG org.hibernate.orm.results - Extracted JDBC value [2] - [Business]
10:24:10.278 [main] DEBUG org.hibernate.orm.results - Extracted JDBC value [3] - [Fundraising, Marketing, Outreach, Awards]
10:24:10.278 [main] DEBUG org.hibernate.orm.results.loading.entity - (EntityResultInitializer) Done materializing entityInstance : org.frcpm.models.Subteam(959666562828700)#4
10:24:10.278 [main] DEBUG org.hibernate.orm.results.loading - Calling top-level assembler (0 / 1) : org.hibernate.sql.results.graph.entity.internal.EntityAssembler@5107f87e
10:24:10.278 [main] DEBUG org.hibernate.orm.results - Extracted JDBC value [0] - [24]
10:24:10.278 [main] DEBUG org.hibernate.orm.results.loading.entity - (EntityResultInitializer) Hydrated EntityKey (org.frcpm.models.Subteam(959666562828700)): 24
10:24:10.278 [main] DEBUG org.hibernate.orm.results.loading.org.hibernate.orm.results.loading.collection - (DelayedCollectionInitializer) Current row collection key : org.frcpm.models.Subteam(959666562828700).members#24
10:24:10.278 [main] DEBUG org.hibernate.orm.results.loading.org.hibernate.orm.results.loading.collection - (DelayedCollectionInitializer) Current row collection key : org.frcpm.models.Subteam(959666562828700).subsystems#24
10:24:10.278 [main] DEBUG org.hibernate.orm.results.loading.entity - (EntityResultInitializer) Created new entity instance [org.frcpm.models.Subteam(959666562828700)#24] : 1242536275
10:24:10.278 [main] DEBUG org.hibernate.orm.results - Extracted JDBC value [1] - [#0000FF]
10:24:10.278 [main] DEBUG org.hibernate.orm.results - Extracted JDBC value [2] - [Test Count Subteam]
10:24:10.278 [main] DEBUG org.hibernate.orm.results - Extracted JDBC value [3] - [null]
10:24:10.278 [main] DEBUG org.hibernate.orm.results.loading.entity - (EntityResultInitializer) Done materializing entityInstance : org.frcpm.models.Subteam(959666562828700)#24
10:24:10.278 [main] DEBUG org.hibernate.orm.results.loading - Calling top-level assembler (0 / 1) : org.hibernate.sql.results.graph.entity.internal.EntityAssembler@5107f87e
10:24:10.278 [main] DEBUG org.hibernate.orm.results - Extracted JDBC value [0] - [27]
10:24:10.278 [main] DEBUG org.hibernate.orm.results.loading.entity - (EntityResultInitializer) Hydrated EntityKey (org.frcpm.models.Subteam(959666562828700)): 27
10:24:10.278 [main] DEBUG org.hibernate.orm.results.loading.org.hibernate.orm.results.loading.collection - (DelayedCollectionInitializer) Current row collection key : org.frcpm.models.Subteam(959666562828700).members#27
10:24:10.278 [main] DEBUG org.hibernate.orm.results.loading.org.hibernate.orm.results.loading.collection - (DelayedCollectionInitializer) Current row collection key : org.frcpm.models.Subteam(959666562828700).subsystems#27
10:24:10.278 [main] DEBUG org.hibernate.orm.results.loading.entity - (EntityResultInitializer) Created new entity instance [org.frcpm.models.Subteam(959666562828700)#27] : 559174743
10:24:10.278 [main] DEBUG org.hibernate.orm.results - Extracted JDBC value [1] - [#0000FF]
10:24:10.278 [main] DEBUG org.hibernate.orm.results - Extracted JDBC value [2] - [Test Save Subteam]
10:24:10.278 [main] DEBUG org.hibernate.orm.results - Extracted JDBC value [3] - [Testing]
10:24:10.278 [main] DEBUG org.hibernate.orm.results.loading.entity - (EntityResultInitializer) Done materializing entityInstance : org.frcpm.models.Subteam(959666562828700)#27
10:24:10.278 [main] DEBUG org.hibernate.orm.results.loading - Calling top-level assembler (0 / 1) : org.hibernate.sql.results.graph.entity.internal.EntityAssembler@5107f87e
10:24:10.278 [main] DEBUG org.hibernate.orm.results - Extracted JDBC value [0] - [42]
10:24:10.278 [main] DEBUG org.hibernate.orm.results.loading.entity - (EntityResultInitializer) Hydrated EntityKey (org.frcpm.models.Subteam(959666562828700)): 42
10:24:10.278 [main] DEBUG org.hibernate.orm.results.loading.org.hibernate.orm.results.loading.collection - (DelayedCollectionInitializer) Current row collection key : org.frcpm.models.Subteam(959666562828700).members#42
10:24:10.278 [main] DEBUG org.hibernate.orm.results.loading.org.hibernate.orm.results.loading.collection - (DelayedCollectionInitializer) Current row collection key : org.frcpm.models.Subteam(959666562828700).subsystems#42
10:24:10.278 [main] DEBUG org.hibernate.orm.results.loading.entity - (EntityResultInitializer) Created new entity instance [org.frcpm.models.Subteam(959666562828700)#42] : 2002864052
10:24:10.278 [main] DEBUG org.hibernate.orm.results - Extracted JDBC value [1] - [#00FFFF]
10:24:10.278 [main] DEBUG org.hibernate.orm.results - Extracted JDBC value [2] - [Updated Subteam Name]
10:24:10.278 [main] DEBUG org.hibernate.orm.results - Extracted JDBC value [3] - [null]
10:24:10.278 [main] DEBUG org.hibernate.orm.results.loading.entity - (EntityResultInitializer) Done materializing entityInstance : org.frcpm.models.Subteam(959666562828700)#42
10:24:10.278 [main] DEBUG org.hibernate.orm.results.loading - Calling top-level assembler (0 / 1) : org.hibernate.sql.results.graph.entity.internal.EntityAssembler@5107f87e
10:24:10.278 [main] DEBUG org.hibernate.orm.results - Extracted JDBC value [0] - [67]
10:24:10.278 [main] DEBUG org.hibernate.orm.results.loading.entity - (EntityResultInitializer) Hydrated EntityKey (org.frcpm.models.Subteam(959666562828700)): 67
10:24:10.278 [main] DEBUG org.hibernate.orm.results.loading.org.hibernate.orm.results.loading.collection - (DelayedCollectionInitializer) Current row collection key : org.frcpm.models.Subteam(959666562828700).members#67
10:24:10.278 [main] DEBUG org.hibernate.orm.results.loading.org.hibernate.orm.results.loading.collection - (DelayedCollectionInitializer) Current row collection key : org.frcpm.models.Subteam(959666562828700).subsystems#67
10:24:10.278 [main] DEBUG org.hibernate.orm.results.loading.entity - (EntityResultInitializer) Created new entity instance [org.frcpm.models.Subteam(959666562828700)#67] : 239230273
10:24:10.278 [main] DEBUG org.hibernate.orm.results - Extracted JDBC value [1] - [#0000FF]
10:24:10.278 [main] DEBUG org.hibernate.orm.results - Extracted JDBC value [2] - [Test Create Service Subteam]
10:24:10.278 [main] DEBUG org.hibernate.orm.results - Extracted JDBC value [3] - [Testing, Quality Assurance]
10:24:10.278 [main] DEBUG org.hibernate.orm.results.loading.entity - (EntityResultInitializer) Done materializing entityInstance : org.frcpm.models.Subteam(959666562828700)#67
10:24:10.278 [main] DEBUG org.hibernate.orm.results.loading - Calling top-level assembler (0 / 1) : org.hibernate.sql.results.graph.entity.internal.EntityAssembler@5107f87e
10:24:10.278 [main] DEBUG org.hibernate.orm.results - Extracted JDBC value [0] - [70]
10:24:10.278 [main] DEBUG org.hibernate.orm.results.loading.entity - (EntityResultInitializer) Hydrated EntityKey (org.frcpm.models.Subteam(959666562828700)): 70
10:24:10.278 [main] DEBUG org.hibernate.orm.results.loading.org.hibernate.orm.results.loading.collection - (DelayedCollectionInitializer) Current row collection key : org.frcpm.models.Subteam(959666562828700).members#70
10:24:10.278 [main] DEBUG org.hibernate.orm.results.loading.org.hibernate.orm.results.loading.collection - (DelayedCollectionInitializer) Current row collection key : org.frcpm.models.Subteam(959666562828700).subsystems#70
10:24:10.278 [main] DEBUG org.hibernate.orm.results.loading.entity - (EntityResultInitializer) Created new entity instance [org.frcpm.models.Subteam(959666562828700)#70] : 858557996
10:24:10.278 [main] DEBUG org.hibernate.orm.results - Extracted JDBC value [1] - [#00FFFF]
10:24:10.278 [main] DEBUG org.hibernate.orm.results - Extracted JDBC value [2] - [Test Color Update Subteam]
10:24:10.278 [main] DEBUG org.hibernate.orm.results - Extracted JDBC value [3] - [Specialties]
10:24:10.278 [main] DEBUG org.hibernate.orm.results.loading.entity - (EntityResultInitializer) Done materializing entityInstance : org.frcpm.models.Subteam(959666562828700)#70
10:24:10.279 [main] DEBUG org.hibernate.orm.results.loading - Calling top-level assembler (0 / 1) : org.hibernate.sql.results.graph.entity.internal.EntityAssembler@5107f87e
10:24:10.279 [main] DEBUG org.hibernate.orm.results - Extracted JDBC value [0] - [79]
10:24:10.279 [main] DEBUG org.hibernate.orm.results.loading.entity - (EntityResultInitializer) Hydrated EntityKey (org.frcpm.models.Subteam(959666562828700)): 79
10:24:10.279 [main] DEBUG org.hibernate.orm.results.loading.org.hibernate.orm.results.loading.collection - (DelayedCollectionInitializer) Current row collection key : org.frcpm.models.Subteam(959666562828700).members#79
10:24:10.279 [main] DEBUG org.hibernate.orm.results.loading.org.hibernate.orm.results.loading.collection - (DelayedCollectionInitializer) Current row collection key : org.frcpm.models.Subteam(959666562828700).subsystems#79
10:24:10.279 [main] DEBUG org.hibernate.orm.results.loading.entity - (EntityResultInitializer) Created new entity instance [org.frcpm.models.Subteam(959666562828700)#79] : 394997233
10:24:10.279 [main] DEBUG org.hibernate.orm.results - Extracted JDBC value [1] - [#0000FF]
10:24:10.279 [main] DEBUG org.hibernate.orm.results - Extracted JDBC value [2] - [Test Update Subteam]
10:24:10.279 [main] DEBUG org.hibernate.orm.results - Extracted JDBC value [3] - [Updated Specialties]
10:24:10.279 [main] DEBUG org.hibernate.orm.results.loading.entity - (EntityResultInitializer) Done materializing entityInstance : org.frcpm.models.Subteam(959666562828700)#79
10:24:10.279 [main] DEBUG org.hibernate.orm.results.loading - Calling top-level assembler (0 / 1) : org.hibernate.sql.results.graph.entity.internal.EntityAssembler@5107f87e
10:24:10.279 [main] DEBUG org.hibernate.orm.results - Extracted JDBC value [0] - [87]
10:24:10.279 [main] DEBUG org.hibernate.orm.results.loading.entity - (EntityResultInitializer) Hydrated EntityKey (org.frcpm.models.Subteam(959666562828700)): 87
10:24:10.279 [main] DEBUG org.hibernate.orm.results.loading.org.hibernate.orm.results.loading.collection - (DelayedCollectionInitializer) Current row collection key : org.frcpm.models.Subteam(959666562828700).members#87
10:24:10.279 [main] DEBUG org.hibernate.orm.results.loading.org.hibernate.orm.results.loading.collection - (DelayedCollectionInitializer) Current row collection key : org.frcpm.models.Subteam(959666562828700).subsystems#87
10:24:10.279 [main] DEBUG org.hibernate.orm.results.loading.entity - (EntityResultInitializer) Created new entity instance [org.frcpm.models.Subteam(959666562828700)#87] : 598460248
10:24:10.279 [main] DEBUG org.hibernate.orm.results - Extracted JDBC value [1] - [#0000FF]
10:24:10.279 [main] DEBUG org.hibernate.orm.results - Extracted JDBC value [2] - [Duplicate Name Subteam]
10:24:10.279 [main] DEBUG org.hibernate.orm.results - Extracted JDBC value [3] - [Specialties]
10:24:10.279 [main] DEBUG org.hibernate.orm.results.loading.entity - (EntityResultInitializer) Done materializing entityInstance : org.frcpm.models.Subteam(959666562828700)#87
10:24:10.279 [main] DEBUG org.hibernate.orm.results.loading - Calling top-level assembler (0 / 1) : org.hibernate.sql.results.graph.entity.internal.EntityAssembler@5107f87e
10:24:10.279 [main] DEBUG org.hibernate.resource.jdbc.internal.LogicalConnectionManagedImpl - Initiating JDBC connection release from afterTransaction
10:24:10.279 [main] DEBUG org.hibernate.resource.jdbc.internal.LogicalConnectionManagedImpl - Initiating JDBC connection release from afterTransaction
]]></system-out>
  </testcase>
  <testcase name="testHandleDeleteSubteam_NoSelection" classname="org.frcpm.controllers.TeamControllerTest" time="0.021">
    <system-out><![CDATA[10:24:10.287 [main] DEBUG org.hibernate.orm.sql.ast.create - Created new SQL alias : tm1_0
10:24:10.287 [main] DEBUG org.hibernate.orm.sql.ast.create - Registration of TableGroup [StandardTableGroup(org.frcpm.models.TeamMember(959666574336800))] with identifierForTableGroup [org.frcpm.models.TeamMember] for NavigablePath [org.frcpm.models.TeamMember] 
10:24:10.288 [main] DEBUG org.hibernate.orm.sql.ast.create - Registration of TableGroup [org.hibernate.sql.ast.tree.from.LazyTableGroup@5736508f] with identifierForTableGroup [org.frcpm.models.TeamMember.subteam] for NavigablePath [org.frcpm.models.TeamMember.subteam] 
10:24:10.288 [main] DEBUG org.hibernate.orm.results.graph.AST - DomainResult Graph:
 \-EntityResultImpl [org.frcpm.models.TeamMember(959666574336800)]
 |  +-DelayedCollectionFetch [org.frcpm.models.TeamMember(959666574336800).assignedTasks]
 |  +-DelayedCollectionFetch [org.frcpm.models.TeamMember(959666574336800).attendances]
 |  +-BasicFetch [org.frcpm.models.TeamMember(959666574336800).email]
 |  +-BasicFetch [org.frcpm.models.TeamMember(959666574336800).firstName]
 |  +-BasicFetch [org.frcpm.models.TeamMember(959666574336800).lastName]
 |  +-BasicFetch [org.frcpm.models.TeamMember(959666574336800).leader]
 |  +-BasicFetch [org.frcpm.models.TeamMember(959666574336800).phone]
 |  +-BasicFetch [org.frcpm.models.TeamMember(959666574336800).skills]
 |  +-CircularFetchImpl [org.frcpm.models.TeamMember(959666574336800).subteam]
 |  \-BasicFetch [org.frcpm.models.TeamMember(959666574336800).username]

10:24:10.288 [main] DEBUG org.hibernate.orm.sql.ast.tree - SQL AST Tree:
    SelectStatement {
      FromClause {
        StandardTableGroup (tm1 : org.frcpm.models.TeamMember(959666574336800)) {
          primaryTableReference : team_members as tm1_0
          TableGroupJoins {
            left  join LazyTableGroup (s1 : org.frcpm.models.TeamMember(959666574336800).subteam) {
            }
          }
        }
      }
    }

10:24:10.288 [main] DEBUG org.hibernate.orm.sql.exec - Skipping reading Query result cache data: cache-enabled = false, cache-mode = NORMAL
10:24:10.288 [main] DEBUG org.hibernate.orm.results - Initializer list:
	  org.frcpm.models.TeamMember(959666574336800).subteam -> EntityDelayedFetchInitializer(org.frcpm.models.TeamMember(959666574336800).subteam)@600366426 (ToOneAttributeMapping(NavigableRole[org.frcpm.models.TeamMember.subteam])@1143917207)
	  org.frcpm.models.TeamMember(959666574336800).assignedTasks -> DelayedCollectionInitializer(org.frcpm.models.TeamMember(959666574336800).assignedTasks)@1974955634 (PluralAttribute(org.frcpm.models.TeamMember.assignedTasks))
	  org.frcpm.models.TeamMember(959666574336800) -> EntityResultInitializer(org.frcpm.models.TeamMember(959666574336800))@198110873 (SingleTableEntityPersister(org.frcpm.models.TeamMember))
	  org.frcpm.models.TeamMember(959666574336800).attendances -> DelayedCollectionInitializer(org.frcpm.models.TeamMember(959666574336800).attendances)@1855550791 (PluralAttribute(org.frcpm.models.TeamMember.attendances))

10:24:10.289 [main] DEBUG org.hibernate.SQL - select tm1_0.id,tm1_0.email,tm1_0.first_name,tm1_0.last_name,tm1_0.is_leader,tm1_0.phone,tm1_0.skills,tm1_0.subteam_id,tm1_0.username from team_members tm1_0
10:24:10.289 [main] DEBUG org.hibernate.orm.results - Extracted JDBC value [0] - [1]
10:24:10.289 [main] DEBUG org.hibernate.orm.results.loading.entity - (EntityResultInitializer) Hydrated EntityKey (org.frcpm.models.TeamMember(959666574336800)): 1
10:24:10.289 [main] DEBUG org.hibernate.orm.results.loading.org.hibernate.orm.results.loading.collection - (DelayedCollectionInitializer) Current row collection key : org.frcpm.models.TeamMember(959666574336800).assignedTasks#1
10:24:10.289 [main] DEBUG org.hibernate.orm.results.loading.org.hibernate.orm.results.loading.collection - (DelayedCollectionInitializer) Current row collection key : org.frcpm.models.TeamMember(959666574336800).attendances#1
10:24:10.289 [main] DEBUG org.hibernate.orm.results.loading.entity - (EntityResultInitializer) Created new entity instance [org.frcpm.models.TeamMember(959666574336800)#1] : 965928993
10:24:10.289 [main] DEBUG org.hibernate.orm.results - Extracted JDBC value [7] - [3]
10:24:10.289 [main] DEBUG org.hibernate.orm.results - Extracted JDBC value [1] - [jsmith@example.com]
10:24:10.289 [main] DEBUG org.hibernate.orm.results - Extracted JDBC value [2] - [John]
10:24:10.289 [main] DEBUG org.hibernate.orm.results - Extracted JDBC value [3] - [Smith]
10:24:10.289 [main] DEBUG org.hibernate.orm.results - Extracted JDBC value [4] - [true]
10:24:10.289 [main] DEBUG org.hibernate.orm.results - Extracted JDBC value [5] - [555-1234]
10:24:10.289 [main] DEBUG org.hibernate.orm.results - Extracted JDBC value [6] - [Java, Python, Control Systems]
10:24:10.289 [main] DEBUG org.hibernate.orm.results - Extracted JDBC value [8] - [jsmith]
10:24:10.290 [main] DEBUG org.hibernate.orm.results.loading.entity - (EntityResultInitializer) Done materializing entityInstance : org.frcpm.models.TeamMember(959666574336800)#1
10:24:10.290 [main] DEBUG org.hibernate.orm.results.loading - Calling top-level assembler (0 / 1) : org.hibernate.sql.results.graph.entity.internal.EntityAssembler@34ec84e
10:24:10.290 [main] DEBUG org.hibernate.orm.results - Extracted JDBC value [0] - [2]
10:24:10.290 [main] DEBUG org.hibernate.orm.results.loading.entity - (EntityResultInitializer) Hydrated EntityKey (org.frcpm.models.TeamMember(959666574336800)): 2
10:24:10.290 [main] DEBUG org.hibernate.orm.results.loading.org.hibernate.orm.results.loading.collection - (DelayedCollectionInitializer) Current row collection key : org.frcpm.models.TeamMember(959666574336800).assignedTasks#2
10:24:10.290 [main] DEBUG org.hibernate.orm.results.loading.org.hibernate.orm.results.loading.collection - (DelayedCollectionInitializer) Current row collection key : org.frcpm.models.TeamMember(959666574336800).attendances#2
10:24:10.290 [main] DEBUG org.hibernate.orm.results.loading.entity - (EntityResultInitializer) Created new entity instance [org.frcpm.models.TeamMember(959666574336800)#2] : 766766054
10:24:10.290 [main] DEBUG org.hibernate.orm.results - Extracted JDBC value [7] - [1]
10:24:10.290 [main] DEBUG org.hibernate.orm.results - Extracted JDBC value [1] - [agarcia@example.com]
10:24:10.290 [main] DEBUG org.hibernate.orm.results - Extracted JDBC value [2] - [Ana]
10:24:10.290 [main] DEBUG org.hibernate.orm.results - Extracted JDBC value [3] - [Garcia]
10:24:10.290 [main] DEBUG org.hibernate.orm.results - Extracted JDBC value [4] - [true]
10:24:10.290 [main] DEBUG org.hibernate.orm.results - Extracted JDBC value [5] - [555-5678]
10:24:10.290 [main] DEBUG org.hibernate.orm.results - Extracted JDBC value [6] - [CAD, Design, Machining]
10:24:10.290 [main] DEBUG org.hibernate.orm.results - Extracted JDBC value [8] - [agarcia]
10:24:10.290 [main] DEBUG org.hibernate.orm.results.loading.entity - (EntityResultInitializer) Done materializing entityInstance : org.frcpm.models.TeamMember(959666574336800)#2
10:24:10.290 [main] DEBUG org.hibernate.orm.results.loading - Calling top-level assembler (0 / 1) : org.hibernate.sql.results.graph.entity.internal.EntityAssembler@34ec84e
10:24:10.290 [main] DEBUG org.hibernate.orm.results - Extracted JDBC value [0] - [3]
10:24:10.290 [main] DEBUG org.hibernate.orm.results.loading.entity - (EntityResultInitializer) Hydrated EntityKey (org.frcpm.models.TeamMember(959666574336800)): 3
10:24:10.290 [main] DEBUG org.hibernate.orm.results.loading.org.hibernate.orm.results.loading.collection - (DelayedCollectionInitializer) Current row collection key : org.frcpm.models.TeamMember(959666574336800).assignedTasks#3
10:24:10.290 [main] DEBUG org.hibernate.orm.results.loading.org.hibernate.orm.results.loading.collection - (DelayedCollectionInitializer) Current row collection key : org.frcpm.models.TeamMember(959666574336800).attendances#3
10:24:10.290 [main] DEBUG org.hibernate.orm.results.loading.entity - (EntityResultInitializer) Created new entity instance [org.frcpm.models.TeamMember(959666574336800)#3] : 1812430569
10:24:10.290 [main] DEBUG org.hibernate.orm.results - Extracted JDBC value [7] - [2]
10:24:10.290 [main] DEBUG org.hibernate.orm.results - Extracted JDBC value [1] - [twong@example.com]
10:24:10.290 [main] DEBUG org.hibernate.orm.results - Extracted JDBC value [2] - [Tyler]
10:24:10.290 [main] DEBUG org.hibernate.orm.results - Extracted JDBC value [3] - [Wong]
10:24:10.290 [main] DEBUG org.hibernate.orm.results - Extracted JDBC value [4] - [true]
10:24:10.290 [main] DEBUG org.hibernate.orm.results - Extracted JDBC value [5] - [555-9012]
10:24:10.290 [main] DEBUG org.hibernate.orm.results - Extracted JDBC value [6] - [Electronics, Wiring, Soldering]
10:24:10.290 [main] DEBUG org.hibernate.orm.results - Extracted JDBC value [8] - [twong]
10:24:10.290 [main] DEBUG org.hibernate.orm.results.loading.entity - (EntityResultInitializer) Done materializing entityInstance : org.frcpm.models.TeamMember(959666574336800)#3
10:24:10.290 [main] DEBUG org.hibernate.orm.results.loading - Calling top-level assembler (0 / 1) : org.hibernate.sql.results.graph.entity.internal.EntityAssembler@34ec84e
10:24:10.290 [main] DEBUG org.hibernate.orm.results - Extracted JDBC value [0] - [4]
10:24:10.290 [main] DEBUG org.hibernate.orm.results.loading.entity - (EntityResultInitializer) Hydrated EntityKey (org.frcpm.models.TeamMember(959666574336800)): 4
10:24:10.290 [main] DEBUG org.hibernate.orm.results.loading.org.hibernate.orm.results.loading.collection - (DelayedCollectionInitializer) Current row collection key : org.frcpm.models.TeamMember(959666574336800).assignedTasks#4
10:24:10.290 [main] DEBUG org.hibernate.orm.results.loading.org.hibernate.orm.results.loading.collection - (DelayedCollectionInitializer) Current row collection key : org.frcpm.models.TeamMember(959666574336800).attendances#4
10:24:10.291 [main] DEBUG org.hibernate.orm.results.loading.entity - (EntityResultInitializer) Created new entity instance [org.frcpm.models.TeamMember(959666574336800)#4] : 502418184
10:24:10.291 [main] DEBUG org.hibernate.orm.results - Extracted JDBC value [7] - [4]
10:24:10.291 [main] DEBUG org.hibernate.orm.results - Extracted JDBC value [1] - [lchen@example.com]
10:24:10.291 [main] DEBUG org.hibernate.orm.results - Extracted JDBC value [2] - [Lisa]
10:24:10.291 [main] DEBUG org.hibernate.orm.results - Extracted JDBC value [3] - [Chen]
10:24:10.291 [main] DEBUG org.hibernate.orm.results - Extracted JDBC value [4] - [true]
10:24:10.291 [main] DEBUG org.hibernate.orm.results - Extracted JDBC value [5] - [555-3456]
10:24:10.291 [main] DEBUG org.hibernate.orm.results - Extracted JDBC value [6] - [Marketing, Social Media, Presentations]
10:24:10.291 [main] DEBUG org.hibernate.orm.results - Extracted JDBC value [8] - [lchen]
10:24:10.291 [main] DEBUG org.hibernate.orm.results.loading.entity - (EntityResultInitializer) Done materializing entityInstance : org.frcpm.models.TeamMember(959666574336800)#4
10:24:10.291 [main] DEBUG org.hibernate.orm.results.loading - Calling top-level assembler (0 / 1) : org.hibernate.sql.results.graph.entity.internal.EntityAssembler@34ec84e
10:24:10.291 [main] DEBUG org.hibernate.orm.results - Extracted JDBC value [0] - [5]
10:24:10.291 [main] DEBUG org.hibernate.orm.results.loading.entity - (EntityResultInitializer) Hydrated EntityKey (org.frcpm.models.TeamMember(959666574336800)): 5
10:24:10.291 [main] DEBUG org.hibernate.orm.results.loading.org.hibernate.orm.results.loading.collection - (DelayedCollectionInitializer) Current row collection key : org.frcpm.models.TeamMember(959666574336800).assignedTasks#5
10:24:10.291 [main] DEBUG org.hibernate.orm.results.loading.org.hibernate.orm.results.loading.collection - (DelayedCollectionInitializer) Current row collection key : org.frcpm.models.TeamMember(959666574336800).attendances#5
10:24:10.291 [main] DEBUG org.hibernate.orm.results.loading.entity - (EntityResultInitializer) Created new entity instance [org.frcpm.models.TeamMember(959666574336800)#5] : 2112782203
10:24:10.291 [main] DEBUG org.hibernate.orm.results - Extracted JDBC value [7] - [1]
10:24:10.291 [main] DEBUG org.hibernate.orm.results - Extracted JDBC value [1] - [mjohnson@example.com]
10:24:10.291 [main] DEBUG org.hibernate.orm.results - Extracted JDBC value [2] - [Mike]
10:24:10.291 [main] DEBUG org.hibernate.orm.results - Extracted JDBC value [3] - [Johnson]
10:24:10.291 [main] DEBUG org.hibernate.orm.results - Extracted JDBC value [4] - [false]
10:24:10.291 [main] DEBUG org.hibernate.orm.results - Extracted JDBC value [5] - [555-7890]
10:24:10.291 [main] DEBUG org.hibernate.orm.results - Extracted JDBC value [6] - [CAD, 3D Printing, Prototyping]
10:24:10.291 [main] DEBUG org.hibernate.orm.results - Extracted JDBC value [8] - [mjohnson]
10:24:10.291 [main] DEBUG org.hibernate.orm.results.loading.entity - (EntityResultInitializer) Done materializing entityInstance : org.frcpm.models.TeamMember(959666574336800)#5
10:24:10.291 [main] DEBUG org.hibernate.orm.results.loading - Calling top-level assembler (0 / 1) : org.hibernate.sql.results.graph.entity.internal.EntityAssembler@34ec84e
10:24:10.291 [main] DEBUG org.hibernate.orm.results - Extracted JDBC value [0] - [6]
10:24:10.291 [main] DEBUG org.hibernate.orm.results.loading.entity - (EntityResultInitializer) Hydrated EntityKey (org.frcpm.models.TeamMember(959666574336800)): 6
10:24:10.291 [main] DEBUG org.hibernate.orm.results.loading.org.hibernate.orm.results.loading.collection - (DelayedCollectionInitializer) Current row collection key : org.frcpm.models.TeamMember(959666574336800).assignedTasks#6
10:24:10.291 [main] DEBUG org.hibernate.orm.results.loading.org.hibernate.orm.results.loading.collection - (DelayedCollectionInitializer) Current row collection key : org.frcpm.models.TeamMember(959666574336800).attendances#6
10:24:10.291 [main] DEBUG org.hibernate.orm.results.loading.entity - (EntityResultInitializer) Created new entity instance [org.frcpm.models.TeamMember(959666574336800)#6] : 444285857
10:24:10.291 [main] DEBUG org.hibernate.orm.results - Extracted JDBC value [7] - [3]
10:24:10.291 [main] DEBUG org.hibernate.orm.results - Extracted JDBC value [1] - [sdavis@example.com]
10:24:10.291 [main] DEBUG org.hibernate.orm.results - Extracted JDBC value [2] - [Sarah]
10:24:10.291 [main] DEBUG org.hibernate.orm.results - Extracted JDBC value [3] - [Davis]
10:24:10.291 [main] DEBUG org.hibernate.orm.results - Extracted JDBC value [4] - [false]
10:24:10.291 [main] DEBUG org.hibernate.orm.results - Extracted JDBC value [5] - [555-2345]
10:24:10.291 [main] DEBUG org.hibernate.orm.results - Extracted JDBC value [6] - [Computer Vision, Machine Learning]
10:24:10.291 [main] DEBUG org.hibernate.orm.results - Extracted JDBC value [8] - [sdavis]
10:24:10.291 [main] DEBUG org.hibernate.orm.results.loading.entity - (EntityResultInitializer) Done materializing entityInstance : org.frcpm.models.TeamMember(959666574336800)#6
10:24:10.291 [main] DEBUG org.hibernate.orm.results.loading - Calling top-level assembler (0 / 1) : org.hibernate.sql.results.graph.entity.internal.EntityAssembler@34ec84e
10:24:10.291 [main] DEBUG org.hibernate.orm.results - Extracted JDBC value [0] - [36]
10:24:10.291 [main] DEBUG org.hibernate.orm.results.loading.entity - (EntityResultInitializer) Hydrated EntityKey (org.frcpm.models.TeamMember(959666574336800)): 36
10:24:10.291 [main] DEBUG org.hibernate.orm.results.loading.org.hibernate.orm.results.loading.collection - (DelayedCollectionInitializer) Current row collection key : org.frcpm.models.TeamMember(959666574336800).assignedTasks#36
10:24:10.291 [main] DEBUG org.hibernate.orm.results.loading.org.hibernate.orm.results.loading.collection - (DelayedCollectionInitializer) Current row collection key : org.frcpm.models.TeamMember(959666574336800).attendances#36
10:24:10.291 [main] DEBUG org.hibernate.orm.results.loading.entity - (EntityResultInitializer) Created new entity instance [org.frcpm.models.TeamMember(959666574336800)#36] : 1899105943
10:24:10.291 [main] DEBUG org.hibernate.orm.results - Extracted JDBC value [7] - [null]
10:24:10.291 [main] DEBUG org.hibernate.orm.results - Extracted JDBC value [1] - [tasktest@example.com]
10:24:10.291 [main] DEBUG org.hibernate.orm.results - Extracted JDBC value [2] - [Task]
10:24:10.291 [main] DEBUG org.hibernate.orm.results - Extracted JDBC value [3] - [Test]
10:24:10.291 [main] DEBUG org.hibernate.orm.results - Extracted JDBC value [4] - [false]
10:24:10.291 [main] DEBUG org.hibernate.orm.results - Extracted JDBC value [5] - [null]
10:24:10.291 [main] DEBUG org.hibernate.orm.results - Extracted JDBC value [6] - [null]
10:24:10.292 [main] DEBUG org.hibernate.orm.results - Extracted JDBC value [8] - [tasktestuser_1745594395337]
10:24:10.292 [main] DEBUG org.hibernate.orm.results.loading.entity - (EntityResultInitializer) Done materializing entityInstance : org.frcpm.models.TeamMember(959666574336800)#36
10:24:10.292 [main] DEBUG org.hibernate.orm.results.loading - Calling top-level assembler (0 / 1) : org.hibernate.sql.results.graph.entity.internal.EntityAssembler@34ec84e
10:24:10.292 [main] DEBUG org.hibernate.orm.results - Extracted JDBC value [0] - [37]
10:24:10.292 [main] DEBUG org.hibernate.orm.results.loading.entity - (EntityResultInitializer) Hydrated EntityKey (org.frcpm.models.TeamMember(959666574336800)): 37
10:24:10.292 [main] DEBUG org.hibernate.orm.results.loading.org.hibernate.orm.results.loading.collection - (DelayedCollectionInitializer) Current row collection key : org.frcpm.models.TeamMember(959666574336800).assignedTasks#37
10:24:10.292 [main] DEBUG org.hibernate.orm.results.loading.org.hibernate.orm.results.loading.collection - (DelayedCollectionInitializer) Current row collection key : org.frcpm.models.TeamMember(959666574336800).attendances#37
10:24:10.292 [main] DEBUG org.hibernate.orm.results.loading.entity - (EntityResultInitializer) Created new entity instance [org.frcpm.models.TeamMember(959666574336800)#37] : 1349098937
10:24:10.292 [main] DEBUG org.hibernate.orm.results - Extracted JDBC value [7] - [null]
10:24:10.292 [main] DEBUG org.hibernate.orm.results - Extracted JDBC value [1] - [tasktest@example.com]
10:24:10.292 [main] DEBUG org.hibernate.orm.results - Extracted JDBC value [2] - [Task]
10:24:10.292 [main] DEBUG org.hibernate.orm.results - Extracted JDBC value [3] - [Test]
10:24:10.292 [main] DEBUG org.hibernate.orm.results - Extracted JDBC value [4] - [false]
10:24:10.292 [main] DEBUG org.hibernate.orm.results - Extracted JDBC value [5] - [null]
10:24:10.292 [main] DEBUG org.hibernate.orm.results - Extracted JDBC value [6] - [null]
10:24:10.292 [main] DEBUG org.hibernate.orm.results - Extracted JDBC value [8] - [tasktestuser_1745594395698]
10:24:10.292 [main] DEBUG org.hibernate.orm.results.loading.entity - (EntityResultInitializer) Done materializing entityInstance : org.frcpm.models.TeamMember(959666574336800)#37
10:24:10.292 [main] DEBUG org.hibernate.orm.results.loading - Calling top-level assembler (0 / 1) : org.hibernate.sql.results.graph.entity.internal.EntityAssembler@34ec84e
10:24:10.292 [main] DEBUG org.hibernate.orm.results - Extracted JDBC value [0] - [38]
10:24:10.292 [main] DEBUG org.hibernate.orm.results.loading.entity - (EntityResultInitializer) Hydrated EntityKey (org.frcpm.models.TeamMember(959666574336800)): 38
10:24:10.292 [main] DEBUG org.hibernate.orm.results.loading.org.hibernate.orm.results.loading.collection - (DelayedCollectionInitializer) Current row collection key : org.frcpm.models.TeamMember(959666574336800).assignedTasks#38
10:24:10.292 [main] DEBUG org.hibernate.orm.results.loading.org.hibernate.orm.results.loading.collection - (DelayedCollectionInitializer) Current row collection key : org.frcpm.models.TeamMember(959666574336800).attendances#38
10:24:10.292 [main] DEBUG org.hibernate.orm.results.loading.entity - (EntityResultInitializer) Created new entity instance [org.frcpm.models.TeamMember(959666574336800)#38] : 847522287
10:24:10.292 [main] DEBUG org.hibernate.orm.results - Extracted JDBC value [7] - [null]
10:24:10.292 [main] DEBUG org.hibernate.orm.results - Extracted JDBC value [1] - [tasktest@example.com]
10:24:10.292 [main] DEBUG org.hibernate.orm.results - Extracted JDBC value [2] - [Task]
10:24:10.292 [main] DEBUG org.hibernate.orm.results - Extracted JDBC value [3] - [Test]
10:24:10.292 [main] DEBUG org.hibernate.orm.results - Extracted JDBC value [4] - [false]
10:24:10.292 [main] DEBUG org.hibernate.orm.results - Extracted JDBC value [5] - [null]
10:24:10.292 [main] DEBUG org.hibernate.orm.results - Extracted JDBC value [6] - [null]
10:24:10.292 [main] DEBUG org.hibernate.orm.results - Extracted JDBC value [8] - [tasktestuser_1745594396071]
10:24:10.292 [main] DEBUG org.hibernate.orm.results.loading.entity - (EntityResultInitializer) Done materializing entityInstance : org.frcpm.models.TeamMember(959666574336800)#38
10:24:10.292 [main] DEBUG org.hibernate.orm.results.loading - Calling top-level assembler (0 / 1) : org.hibernate.sql.results.graph.entity.internal.EntityAssembler@34ec84e
10:24:10.292 [main] DEBUG org.hibernate.orm.results - Extracted JDBC value [0] - [39]
10:24:10.292 [main] DEBUG org.hibernate.orm.results.loading.entity - (EntityResultInitializer) Hydrated EntityKey (org.frcpm.models.TeamMember(959666574336800)): 39
10:24:10.292 [main] DEBUG org.hibernate.orm.results.loading.org.hibernate.orm.results.loading.collection - (DelayedCollectionInitializer) Current row collection key : org.frcpm.models.TeamMember(959666574336800).assignedTasks#39
10:24:10.292 [main] DEBUG org.hibernate.orm.results.loading.org.hibernate.orm.results.loading.collection - (DelayedCollectionInitializer) Current row collection key : org.frcpm.models.TeamMember(959666574336800).attendances#39
10:24:10.292 [main] DEBUG org.hibernate.orm.results.loading.entity - (EntityResultInitializer) Created new entity instance [org.frcpm.models.TeamMember(959666574336800)#39] : 1316897063
10:24:10.292 [main] DEBUG org.hibernate.orm.results - Extracted JDBC value [7] - [null]
10:24:10.292 [main] DEBUG org.hibernate.orm.results - Extracted JDBC value [1] - [tasktest@example.com]
10:24:10.292 [main] DEBUG org.hibernate.orm.results - Extracted JDBC value [2] - [Task]
10:24:10.292 [main] DEBUG org.hibernate.orm.results - Extracted JDBC value [3] - [Test]
10:24:10.292 [main] DEBUG org.hibernate.orm.results - Extracted JDBC value [4] - [false]
10:24:10.292 [main] DEBUG org.hibernate.orm.results - Extracted JDBC value [5] - [null]
10:24:10.292 [main] DEBUG org.hibernate.orm.results - Extracted JDBC value [6] - [null]
10:24:10.292 [main] DEBUG org.hibernate.orm.results - Extracted JDBC value [8] - [tasktestuser_1745594396416]
10:24:10.292 [main] DEBUG org.hibernate.orm.results.loading.entity - (EntityResultInitializer) Done materializing entityInstance : org.frcpm.models.TeamMember(959666574336800)#39
10:24:10.292 [main] DEBUG org.hibernate.orm.results.loading - Calling top-level assembler (0 / 1) : org.hibernate.sql.results.graph.entity.internal.EntityAssembler@34ec84e
10:24:10.292 [main] DEBUG org.hibernate.orm.results - Extracted JDBC value [0] - [40]
10:24:10.292 [main] DEBUG org.hibernate.orm.results.loading.entity - (EntityResultInitializer) Hydrated EntityKey (org.frcpm.models.TeamMember(959666574336800)): 40
10:24:10.292 [main] DEBUG org.hibernate.orm.results.loading.org.hibernate.orm.results.loading.collection - (DelayedCollectionInitializer) Current row collection key : org.frcpm.models.TeamMember(959666574336800).assignedTasks#40
10:24:10.292 [main] DEBUG org.hibernate.orm.results.loading.org.hibernate.orm.results.loading.collection - (DelayedCollectionInitializer) Current row collection key : org.frcpm.models.TeamMember(959666574336800).attendances#40
10:24:10.292 [main] DEBUG org.hibernate.orm.results.loading.entity - (EntityResultInitializer) Created new entity instance [org.frcpm.models.TeamMember(959666574336800)#40] : 446029707
10:24:10.292 [main] DEBUG org.hibernate.orm.results - Extracted JDBC value [7] - [null]
10:24:10.292 [main] DEBUG org.hibernate.orm.results - Extracted JDBC value [1] - [tasktest@example.com]
10:24:10.292 [main] DEBUG org.hibernate.orm.results - Extracted JDBC value [2] - [Task]
10:24:10.292 [main] DEBUG org.hibernate.orm.results - Extracted JDBC value [3] - [Test]
10:24:10.292 [main] DEBUG org.hibernate.orm.results - Extracted JDBC value [4] - [false]
10:24:10.292 [main] DEBUG org.hibernate.orm.results - Extracted JDBC value [5] - [null]
10:24:10.292 [main] DEBUG org.hibernate.orm.results - Extracted JDBC value [6] - [null]
10:24:10.292 [main] DEBUG org.hibernate.orm.results - Extracted JDBC value [8] - [tasktestuser_1745594396762]
10:24:10.292 [main] DEBUG org.hibernate.orm.results.loading.entity - (EntityResultInitializer) Done materializing entityInstance : org.frcpm.models.TeamMember(959666574336800)#40
10:24:10.292 [main] DEBUG org.hibernate.orm.results.loading - Calling top-level assembler (0 / 1) : org.hibernate.sql.results.graph.entity.internal.EntityAssembler@34ec84e
10:24:10.292 [main] DEBUG org.hibernate.orm.results - Extracted JDBC value [0] - [41]
10:24:10.292 [main] DEBUG org.hibernate.orm.results.loading.entity - (EntityResultInitializer) Hydrated EntityKey (org.frcpm.models.TeamMember(959666574336800)): 41
10:24:10.292 [main] DEBUG org.hibernate.orm.results.loading.org.hibernate.orm.results.loading.collection - (DelayedCollectionInitializer) Current row collection key : org.frcpm.models.TeamMember(959666574336800).assignedTasks#41
10:24:10.292 [main] DEBUG org.hibernate.orm.results.loading.org.hibernate.orm.results.loading.collection - (DelayedCollectionInitializer) Current row collection key : org.frcpm.models.TeamMember(959666574336800).attendances#41
10:24:10.292 [main] DEBUG org.hibernate.orm.results.loading.entity - (EntityResultInitializer) Created new entity instance [org.frcpm.models.TeamMember(959666574336800)#41] : 1460957046
10:24:10.292 [main] DEBUG org.hibernate.orm.results - Extracted JDBC value [7] - [null]
10:24:10.292 [main] DEBUG org.hibernate.orm.results - Extracted JDBC value [1] - [tasktest@example.com]
10:24:10.292 [main] DEBUG org.hibernate.orm.results - Extracted JDBC value [2] - [Task]
10:24:10.292 [main] DEBUG org.hibernate.orm.results - Extracted JDBC value [3] - [Test]
10:24:10.292 [main] DEBUG org.hibernate.orm.results - Extracted JDBC value [4] - [false]
10:24:10.292 [main] DEBUG org.hibernate.orm.results - Extracted JDBC value [5] - [null]
10:24:10.292 [main] DEBUG org.hibernate.orm.results - Extracted JDBC value [6] - [null]
10:24:10.292 [main] DEBUG org.hibernate.orm.results - Extracted JDBC value [8] - [tasktestuser_1745594397140]
10:24:10.292 [main] DEBUG org.hibernate.orm.results.loading.entity - (EntityResultInitializer) Done materializing entityInstance : org.frcpm.models.TeamMember(959666574336800)#41
10:24:10.292 [main] DEBUG org.hibernate.orm.results.loading - Calling top-level assembler (0 / 1) : org.hibernate.sql.results.graph.entity.internal.EntityAssembler@34ec84e
10:24:10.292 [main] DEBUG org.hibernate.orm.results - Extracted JDBC value [0] - [42]
10:24:10.292 [main] DEBUG org.hibernate.orm.results.loading.entity - (EntityResultInitializer) Hydrated EntityKey (org.frcpm.models.TeamMember(959666574336800)): 42
10:24:10.292 [main] DEBUG org.hibernate.orm.results.loading.org.hibernate.orm.results.loading.collection - (DelayedCollectionInitializer) Current row collection key : org.frcpm.models.TeamMember(959666574336800).assignedTasks#42
10:24:10.292 [main] DEBUG org.hibernate.orm.results.loading.org.hibernate.orm.results.loading.collection - (DelayedCollectionInitializer) Current row collection key : org.frcpm.models.TeamMember(959666574336800).attendances#42
10:24:10.292 [main] DEBUG org.hibernate.orm.results.loading.entity - (EntityResultInitializer) Created new entity instance [org.frcpm.models.TeamMember(959666574336800)#42] : 1913713630
10:24:10.292 [main] DEBUG org.hibernate.orm.results - Extracted JDBC value [7] - [null]
10:24:10.292 [main] DEBUG org.hibernate.orm.results - Extracted JDBC value [1] - [tasktest@example.com]
10:24:10.292 [main] DEBUG org.hibernate.orm.results - Extracted JDBC value [2] - [Task]
10:24:10.292 [main] DEBUG org.hibernate.orm.results - Extracted JDBC value [3] - [Test]
10:24:10.292 [main] DEBUG org.hibernate.orm.results - Extracted JDBC value [4] - [false]
10:24:10.292 [main] DEBUG org.hibernate.orm.results - Extracted JDBC value [5] - [null]
10:24:10.292 [main] DEBUG org.hibernate.orm.results - Extracted JDBC value [6] - [null]
10:24:10.292 [main] DEBUG org.hibernate.orm.results - Extracted JDBC value [8] - [tasktestuser_1745594397563]
10:24:10.293 [main] DEBUG org.hibernate.orm.results.loading.entity - (EntityResultInitializer) Done materializing entityInstance : org.frcpm.models.TeamMember(959666574336800)#42
10:24:10.293 [main] DEBUG org.hibernate.orm.results.loading - Calling top-level assembler (0 / 1) : org.hibernate.sql.results.graph.entity.internal.EntityAssembler@34ec84e
10:24:10.293 [main] DEBUG org.hibernate.orm.results - Extracted JDBC value [0] - [43]
10:24:10.293 [main] DEBUG org.hibernate.orm.results.loading.entity - (EntityResultInitializer) Hydrated EntityKey (org.frcpm.models.TeamMember(959666574336800)): 43
10:24:10.293 [main] DEBUG org.hibernate.orm.results.loading.org.hibernate.orm.results.loading.collection - (DelayedCollectionInitializer) Current row collection key : org.frcpm.models.TeamMember(959666574336800).assignedTasks#43
10:24:10.293 [main] DEBUG org.hibernate.orm.results.loading.org.hibernate.orm.results.loading.collection - (DelayedCollectionInitializer) Current row collection key : org.frcpm.models.TeamMember(959666574336800).attendances#43
10:24:10.293 [main] DEBUG org.hibernate.orm.results.loading.entity - (EntityResultInitializer) Created new entity instance [org.frcpm.models.TeamMember(959666574336800)#43] : 124792394
10:24:10.293 [main] DEBUG org.hibernate.orm.results - Extracted JDBC value [7] - [null]
10:24:10.293 [main] DEBUG org.hibernate.orm.results - Extracted JDBC value [1] - [tasktest@example.com]
10:24:10.293 [main] DEBUG org.hibernate.orm.results - Extracted JDBC value [2] - [Task]
10:24:10.293 [main] DEBUG org.hibernate.orm.results - Extracted JDBC value [3] - [Test]
10:24:10.293 [main] DEBUG org.hibernate.orm.results - Extracted JDBC value [4] - [false]
10:24:10.293 [main] DEBUG org.hibernate.orm.results - Extracted JDBC value [5] - [null]
10:24:10.293 [main] DEBUG org.hibernate.orm.results - Extracted JDBC value [6] - [null]
10:24:10.293 [main] DEBUG org.hibernate.orm.results - Extracted JDBC value [8] - [tasktestuser_1745594397906]
10:24:10.293 [main] DEBUG org.hibernate.orm.results.loading.entity - (EntityResultInitializer) Done materializing entityInstance : org.frcpm.models.TeamMember(959666574336800)#43
10:24:10.293 [main] DEBUG org.hibernate.orm.results.loading - Calling top-level assembler (0 / 1) : org.hibernate.sql.results.graph.entity.internal.EntityAssembler@34ec84e
10:24:10.293 [main] DEBUG org.hibernate.orm.results - Extracted JDBC value [0] - [44]
10:24:10.293 [main] DEBUG org.hibernate.orm.results.loading.entity - (EntityResultInitializer) Hydrated EntityKey (org.frcpm.models.TeamMember(959666574336800)): 44
10:24:10.293 [main] DEBUG org.hibernate.orm.results.loading.org.hibernate.orm.results.loading.collection - (DelayedCollectionInitializer) Current row collection key : org.frcpm.models.TeamMember(959666574336800).assignedTasks#44
10:24:10.293 [main] DEBUG org.hibernate.orm.results.loading.org.hibernate.orm.results.loading.collection - (DelayedCollectionInitializer) Current row collection key : org.frcpm.models.TeamMember(959666574336800).attendances#44
10:24:10.293 [main] DEBUG org.hibernate.orm.results.loading.entity - (EntityResultInitializer) Created new entity instance [org.frcpm.models.TeamMember(959666574336800)#44] : 188230690
10:24:10.293 [main] DEBUG org.hibernate.orm.results - Extracted JDBC value [7] - [null]
10:24:10.293 [main] DEBUG org.hibernate.orm.results - Extracted JDBC value [1] - [tasktest@example.com]
10:24:10.293 [main] DEBUG org.hibernate.orm.results - Extracted JDBC value [2] - [Task]
10:24:10.293 [main] DEBUG org.hibernate.orm.results - Extracted JDBC value [3] - [Test]
10:24:10.293 [main] DEBUG org.hibernate.orm.results - Extracted JDBC value [4] - [false]
10:24:10.293 [main] DEBUG org.hibernate.orm.results - Extracted JDBC value [5] - [null]
10:24:10.293 [main] DEBUG org.hibernate.orm.results - Extracted JDBC value [6] - [null]
10:24:10.293 [main] DEBUG org.hibernate.orm.results - Extracted JDBC value [8] - [tasktestuser_1745594398275]
10:24:10.293 [main] DEBUG org.hibernate.orm.results.loading.entity - (EntityResultInitializer) Done materializing entityInstance : org.frcpm.models.TeamMember(959666574336800)#44
10:24:10.293 [main] DEBUG org.hibernate.orm.results.loading - Calling top-level assembler (0 / 1) : org.hibernate.sql.results.graph.entity.internal.EntityAssembler@34ec84e
10:24:10.293 [main] DEBUG org.hibernate.orm.results - Extracted JDBC value [0] - [45]
10:24:10.293 [main] DEBUG org.hibernate.orm.results.loading.entity - (EntityResultInitializer) Hydrated EntityKey (org.frcpm.models.TeamMember(959666574336800)): 45
10:24:10.293 [main] DEBUG org.hibernate.orm.results.loading.org.hibernate.orm.results.loading.collection - (DelayedCollectionInitializer) Current row collection key : org.frcpm.models.TeamMember(959666574336800).assignedTasks#45
10:24:10.293 [main] DEBUG org.hibernate.orm.results.loading.org.hibernate.orm.results.loading.collection - (DelayedCollectionInitializer) Current row collection key : org.frcpm.models.TeamMember(959666574336800).attendances#45
10:24:10.293 [main] DEBUG org.hibernate.orm.results.loading.entity - (EntityResultInitializer) Created new entity instance [org.frcpm.models.TeamMember(959666574336800)#45] : 635840278
10:24:10.293 [main] DEBUG org.hibernate.orm.results - Extracted JDBC value [7] - [null]
10:24:10.293 [main] DEBUG org.hibernate.orm.results - Extracted JDBC value [1] - [tasktest@example.com]
10:24:10.293 [main] DEBUG org.hibernate.orm.results - Extracted JDBC value [2] - [Task]
10:24:10.293 [main] DEBUG org.hibernate.orm.results - Extracted JDBC value [3] - [Test]
10:24:10.293 [main] DEBUG org.hibernate.orm.results - Extracted JDBC value [4] - [false]
10:24:10.293 [main] DEBUG org.hibernate.orm.results - Extracted JDBC value [5] - [null]
10:24:10.293 [main] DEBUG org.hibernate.orm.results - Extracted JDBC value [6] - [null]
10:24:10.293 [main] DEBUG org.hibernate.orm.results - Extracted JDBC value [8] - [tasktestuser_1745594398667]
10:24:10.293 [main] DEBUG org.hibernate.orm.results.loading.entity - (EntityResultInitializer) Done materializing entityInstance : org.frcpm.models.TeamMember(959666574336800)#45
10:24:10.293 [main] DEBUG org.hibernate.orm.results.loading - Calling top-level assembler (0 / 1) : org.hibernate.sql.results.graph.entity.internal.EntityAssembler@34ec84e
10:24:10.293 [main] DEBUG org.hibernate.orm.results - Extracted JDBC value [0] - [46]
10:24:10.293 [main] DEBUG org.hibernate.orm.results.loading.entity - (EntityResultInitializer) Hydrated EntityKey (org.frcpm.models.TeamMember(959666574336800)): 46
10:24:10.293 [main] DEBUG org.hibernate.orm.results.loading.org.hibernate.orm.results.loading.collection - (DelayedCollectionInitializer) Current row collection key : org.frcpm.models.TeamMember(959666574336800).assignedTasks#46
10:24:10.293 [main] DEBUG org.hibernate.orm.results.loading.org.hibernate.orm.results.loading.collection - (DelayedCollectionInitializer) Current row collection key : org.frcpm.models.TeamMember(959666574336800).attendances#46
10:24:10.293 [main] DEBUG org.hibernate.orm.results.loading.entity - (EntityResultInitializer) Created new entity instance [org.frcpm.models.TeamMember(959666574336800)#46] : 1062167352
10:24:10.293 [main] DEBUG org.hibernate.orm.results - Extracted JDBC value [7] - [null]
10:24:10.293 [main] DEBUG org.hibernate.orm.results - Extracted JDBC value [1] - [tasktest@example.com]
10:24:10.293 [main] DEBUG org.hibernate.orm.results - Extracted JDBC value [2] - [Task]
10:24:10.293 [main] DEBUG org.hibernate.orm.results - Extracted JDBC value [3] - [Test]
10:24:10.293 [main] DEBUG org.hibernate.orm.results - Extracted JDBC value [4] - [false]
10:24:10.293 [main] DEBUG org.hibernate.orm.results - Extracted JDBC value [5] - [null]
10:24:10.293 [main] DEBUG org.hibernate.orm.results - Extracted JDBC value [6] - [null]
10:24:10.293 [main] DEBUG org.hibernate.orm.results - Extracted JDBC value [8] - [tasktestuser_1745594399126]
10:24:10.293 [main] DEBUG org.hibernate.orm.results.loading.entity - (EntityResultInitializer) Done materializing entityInstance : org.frcpm.models.TeamMember(959666574336800)#46
10:24:10.293 [main] DEBUG org.hibernate.orm.results.loading - Calling top-level assembler (0 / 1) : org.hibernate.sql.results.graph.entity.internal.EntityAssembler@34ec84e
10:24:10.293 [main] DEBUG org.hibernate.orm.results - Extracted JDBC value [0] - [47]
10:24:10.293 [main] DEBUG org.hibernate.orm.results.loading.entity - (EntityResultInitializer) Hydrated EntityKey (org.frcpm.models.TeamMember(959666574336800)): 47
10:24:10.293 [main] DEBUG org.hibernate.orm.results.loading.org.hibernate.orm.results.loading.collection - (DelayedCollectionInitializer) Current row collection key : org.frcpm.models.TeamMember(959666574336800).assignedTasks#47
10:24:10.293 [main] DEBUG org.hibernate.orm.results.loading.org.hibernate.orm.results.loading.collection - (DelayedCollectionInitializer) Current row collection key : org.frcpm.models.TeamMember(959666574336800).attendances#47
10:24:10.293 [main] DEBUG org.hibernate.orm.results.loading.entity - (EntityResultInitializer) Created new entity instance [org.frcpm.models.TeamMember(959666574336800)#47] : 124466405
10:24:10.293 [main] DEBUG org.hibernate.orm.results - Extracted JDBC value [7] - [null]
10:24:10.293 [main] DEBUG org.hibernate.orm.results - Extracted JDBC value [1] - [tasktest@example.com]
10:24:10.293 [main] DEBUG org.hibernate.orm.results - Extracted JDBC value [2] - [Task]
10:24:10.293 [main] DEBUG org.hibernate.orm.results - Extracted JDBC value [3] - [Test]
10:24:10.294 [main] DEBUG org.hibernate.orm.results - Extracted JDBC value [4] - [false]
10:24:10.294 [main] DEBUG org.hibernate.orm.results - Extracted JDBC value [5] - [null]
10:24:10.294 [main] DEBUG org.hibernate.orm.results - Extracted JDBC value [6] - [null]
10:24:10.294 [main] DEBUG org.hibernate.orm.results - Extracted JDBC value [8] - [tasktestuser_1745594399532]
10:24:10.294 [main] DEBUG org.hibernate.orm.results.loading.entity - (EntityResultInitializer) Done materializing entityInstance : org.frcpm.models.TeamMember(959666574336800)#47
10:24:10.294 [main] DEBUG org.hibernate.orm.results.loading - Calling top-level assembler (0 / 1) : org.hibernate.sql.results.graph.entity.internal.EntityAssembler@34ec84e
10:24:10.294 [main] DEBUG org.hibernate.orm.results - Extracted JDBC value [0] - [48]
10:24:10.294 [main] DEBUG org.hibernate.orm.results.loading.entity - (EntityResultInitializer) Hydrated EntityKey (org.frcpm.models.TeamMember(959666574336800)): 48
10:24:10.294 [main] DEBUG org.hibernate.orm.results.loading.org.hibernate.orm.results.loading.collection - (DelayedCollectionInitializer) Current row collection key : org.frcpm.models.TeamMember(959666574336800).assignedTasks#48
10:24:10.294 [main] DEBUG org.hibernate.orm.results.loading.org.hibernate.orm.results.loading.collection - (DelayedCollectionInitializer) Current row collection key : org.frcpm.models.TeamMember(959666574336800).attendances#48
10:24:10.294 [main] DEBUG org.hibernate.orm.results.loading.entity - (EntityResultInitializer) Created new entity instance [org.frcpm.models.TeamMember(959666574336800)#48] : 797540047
10:24:10.294 [main] DEBUG org.hibernate.orm.results - Extracted JDBC value [7] - [null]
10:24:10.294 [main] DEBUG org.hibernate.orm.results - Extracted JDBC value [1] - [tasktest@example.com]
10:24:10.294 [main] DEBUG org.hibernate.orm.results - Extracted JDBC value [2] - [Task]
10:24:10.294 [main] DEBUG org.hibernate.orm.results - Extracted JDBC value [3] - [Test]
10:24:10.294 [main] DEBUG org.hibernate.orm.results - Extracted JDBC value [4] - [false]
10:24:10.294 [main] DEBUG org.hibernate.orm.results - Extracted JDBC value [5] - [null]
10:24:10.294 [main] DEBUG org.hibernate.orm.results - Extracted JDBC value [6] - [null]
10:24:10.294 [main] DEBUG org.hibernate.orm.results - Extracted JDBC value [8] - [tasktestuser_1745594400014]
10:24:10.294 [main] DEBUG org.hibernate.orm.results.loading.entity - (EntityResultInitializer) Done materializing entityInstance : org.frcpm.models.TeamMember(959666574336800)#48
10:24:10.294 [main] DEBUG org.hibernate.orm.results.loading - Calling top-level assembler (0 / 1) : org.hibernate.sql.results.graph.entity.internal.EntityAssembler@34ec84e
10:24:10.294 [main] DEBUG org.hibernate.orm.results - Extracted JDBC value [0] - [53]
10:24:10.294 [main] DEBUG org.hibernate.orm.results.loading.entity - (EntityResultInitializer) Hydrated EntityKey (org.frcpm.models.TeamMember(959666574336800)): 53
10:24:10.294 [main] DEBUG org.hibernate.orm.results.loading.org.hibernate.orm.results.loading.collection - (DelayedCollectionInitializer) Current row collection key : org.frcpm.models.TeamMember(959666574336800).assignedTasks#53
10:24:10.294 [main] DEBUG org.hibernate.orm.results.loading.org.hibernate.orm.results.loading.collection - (DelayedCollectionInitializer) Current row collection key : org.frcpm.models.TeamMember(959666574336800).attendances#53
10:24:10.294 [main] DEBUG org.hibernate.orm.results.loading.entity - (EntityResultInitializer) Created new entity instance [org.frcpm.models.TeamMember(959666574336800)#53] : 432720176
10:24:10.294 [main] DEBUG org.hibernate.orm.results - Extracted JDBC value [7] - [null]
10:24:10.294 [main] DEBUG org.hibernate.orm.results - Extracted JDBC value [1] - [testcount@example.com]
10:24:10.294 [main] DEBUG org.hibernate.orm.results - Extracted JDBC value [2] - [Test]
10:24:10.294 [main] DEBUG org.hibernate.orm.results - Extracted JDBC value [3] - [Count]
10:24:10.294 [main] DEBUG org.hibernate.orm.results - Extracted JDBC value [4] - [false]
10:24:10.294 [main] DEBUG org.hibernate.orm.results - Extracted JDBC value [5] - [null]
10:24:10.294 [main] DEBUG org.hibernate.orm.results - Extracted JDBC value [6] - [null]
10:24:10.294 [main] DEBUG org.hibernate.orm.results - Extracted JDBC value [8] - [testcount]
10:24:10.294 [main] DEBUG org.hibernate.orm.results.loading.entity - (EntityResultInitializer) Done materializing entityInstance : org.frcpm.models.TeamMember(959666574336800)#53
10:24:10.294 [main] DEBUG org.hibernate.orm.results.loading - Calling top-level assembler (0 / 1) : org.hibernate.sql.results.graph.entity.internal.EntityAssembler@34ec84e
10:24:10.294 [main] DEBUG org.hibernate.orm.results - Extracted JDBC value [0] - [56]
10:24:10.294 [main] DEBUG org.hibernate.orm.results.loading.entity - (EntityResultInitializer) Hydrated EntityKey (org.frcpm.models.TeamMember(959666574336800)): 56
10:24:10.294 [main] DEBUG org.hibernate.orm.results.loading.org.hibernate.orm.results.loading.collection - (DelayedCollectionInitializer) Current row collection key : org.frcpm.models.TeamMember(959666574336800).assignedTasks#56
10:24:10.294 [main] DEBUG org.hibernate.orm.results.loading.org.hibernate.orm.results.loading.collection - (DelayedCollectionInitializer) Current row collection key : org.frcpm.models.TeamMember(959666574336800).attendances#56
10:24:10.294 [main] DEBUG org.hibernate.orm.results.loading.entity - (EntityResultInitializer) Created new entity instance [org.frcpm.models.TeamMember(959666574336800)#56] : 905356126
10:24:10.294 [main] DEBUG org.hibernate.orm.results - Extracted JDBC value [7] - [null]
10:24:10.294 [main] DEBUG org.hibernate.orm.results - Extracted JDBC value [1] - [testsave@example.com]
10:24:10.294 [main] DEBUG org.hibernate.orm.results - Extracted JDBC value [2] - [Test]
10:24:10.294 [main] DEBUG org.hibernate.orm.results - Extracted JDBC value [3] - [Save]
10:24:10.294 [main] DEBUG org.hibernate.orm.results - Extracted JDBC value [4] - [false]
10:24:10.294 [main] DEBUG org.hibernate.orm.results - Extracted JDBC value [5] - [555-SAVE]
10:24:10.294 [main] DEBUG org.hibernate.orm.results - Extracted JDBC value [6] - [Testing]
10:24:10.294 [main] DEBUG org.hibernate.orm.results - Extracted JDBC value [8] - [testsave]
10:24:10.294 [main] DEBUG org.hibernate.orm.results.loading.entity - (EntityResultInitializer) Done materializing entityInstance : org.frcpm.models.TeamMember(959666574336800)#56
10:24:10.294 [main] DEBUG org.hibernate.orm.results.loading - Calling top-level assembler (0 / 1) : org.hibernate.sql.results.graph.entity.internal.EntityAssembler@34ec84e
10:24:10.294 [main] DEBUG org.hibernate.orm.results - Extracted JDBC value [0] - [77]
10:24:10.294 [main] DEBUG org.hibernate.orm.results.loading.entity - (EntityResultInitializer) Hydrated EntityKey (org.frcpm.models.TeamMember(959666574336800)): 77
10:24:10.294 [main] DEBUG org.hibernate.orm.results.loading.org.hibernate.orm.results.loading.collection - (DelayedCollectionInitializer) Current row collection key : org.frcpm.models.TeamMember(959666574336800).assignedTasks#77
10:24:10.294 [main] DEBUG org.hibernate.orm.results.loading.org.hibernate.orm.results.loading.collection - (DelayedCollectionInitializer) Current row collection key : org.frcpm.models.TeamMember(959666574336800).attendances#77
10:24:10.295 [main] DEBUG org.hibernate.orm.results.loading.entity - (EntityResultInitializer) Created new entity instance [org.frcpm.models.TeamMember(959666574336800)#77] : 419360457
10:24:10.295 [main] DEBUG org.hibernate.orm.results - Extracted JDBC value [7] - [null]
10:24:10.295 [main] DEBUG org.hibernate.orm.results - Extracted JDBC value [1] - [testupdate@example.com]
10:24:10.295 [main] DEBUG org.hibernate.orm.results - Extracted JDBC value [2] - [Updated]
10:24:10.295 [main] DEBUG org.hibernate.orm.results - Extracted JDBC value [3] - [Update]
10:24:10.295 [main] DEBUG org.hibernate.orm.results - Extracted JDBC value [4] - [false]
10:24:10.295 [main] DEBUG org.hibernate.orm.results - Extracted JDBC value [5] - [null]
10:24:10.295 [main] DEBUG org.hibernate.orm.results - Extracted JDBC value [6] - [Updated Skills]
10:24:10.295 [main] DEBUG org.hibernate.orm.results - Extracted JDBC value [8] - [testupdate]
10:24:10.295 [main] DEBUG org.hibernate.orm.results.loading.entity - (EntityResultInitializer) Done materializing entityInstance : org.frcpm.models.TeamMember(959666574336800)#77
10:24:10.295 [main] DEBUG org.hibernate.orm.results.loading - Calling top-level assembler (0 / 1) : org.hibernate.sql.results.graph.entity.internal.EntityAssembler@34ec84e
10:24:10.295 [main] DEBUG org.hibernate.orm.results - Extracted JDBC value [0] - [84]
10:24:10.295 [main] DEBUG org.hibernate.orm.results.loading.entity - (EntityResultInitializer) Hydrated EntityKey (org.frcpm.models.TeamMember(959666574336800)): 84
10:24:10.295 [main] DEBUG org.hibernate.orm.results.loading.org.hibernate.orm.results.loading.collection - (DelayedCollectionInitializer) Current row collection key : org.frcpm.models.TeamMember(959666574336800).assignedTasks#84
10:24:10.295 [main] DEBUG org.hibernate.orm.results.loading.org.hibernate.orm.results.loading.collection - (DelayedCollectionInitializer) Current row collection key : org.frcpm.models.TeamMember(959666574336800).attendances#84
10:24:10.295 [main] DEBUG org.hibernate.orm.results.loading.entity - (EntityResultInitializer) Created new entity instance [org.frcpm.models.TeamMember(959666574336800)#84] : 398176913
10:24:10.295 [main] DEBUG org.hibernate.orm.results - Extracted JDBC value [7] - [null]
10:24:10.295 [main] DEBUG org.hibernate.orm.results - Extracted JDBC value [1] - [attendance3@example.com]
10:24:10.295 [main] DEBUG org.hibernate.orm.results - Extracted JDBC value [2] - [Attendance]
10:24:10.295 [main] DEBUG org.hibernate.orm.results - Extracted JDBC value [3] - [Test3]
10:24:10.295 [main] DEBUG org.hibernate.orm.results - Extracted JDBC value [4] - [false]
10:24:10.295 [main] DEBUG org.hibernate.orm.results - Extracted JDBC value [5] - [555-9012]
10:24:10.295 [main] DEBUG org.hibernate.orm.results - Extracted JDBC value [6] - [null]
10:24:10.295 [main] DEBUG org.hibernate.orm.results - Extracted JDBC value [8] - [attendancetest3]
10:24:10.295 [main] DEBUG org.hibernate.orm.results.loading.entity - (EntityResultInitializer) Done materializing entityInstance : org.frcpm.models.TeamMember(959666574336800)#84
10:24:10.295 [main] DEBUG org.hibernate.orm.results.loading - Calling top-level assembler (0 / 1) : org.hibernate.sql.results.graph.entity.internal.EntityAssembler@34ec84e
10:24:10.295 [main] DEBUG org.hibernate.resource.jdbc.internal.LogicalConnectionManagedImpl - Initiating JDBC connection release from afterTransaction
10:24:10.295 [main] DEBUG org.hibernate.resource.jdbc.internal.LogicalConnectionManagedImpl - Initiating JDBC connection release from afterTransaction
10:24:10.295 [main] DEBUG org.hibernate.orm.sql.ast.create - Created new SQL alias : s1_0
10:24:10.295 [main] DEBUG org.hibernate.orm.sql.ast.create - Registration of TableGroup [StandardTableGroup(org.frcpm.models.Subteam(959666582384700))] with identifierForTableGroup [org.frcpm.models.Subteam] for NavigablePath [org.frcpm.models.Subteam] 
10:24:10.295 [main] DEBUG org.hibernate.orm.results.graph.AST - DomainResult Graph:
 \-EntityResultImpl [org.frcpm.models.Subteam(959666582384700)]
 |  +-BasicFetch [org.frcpm.models.Subteam(959666582384700).colorCode]
 |  +-DelayedCollectionFetch [org.frcpm.models.Subteam(959666582384700).members]
 |  +-BasicFetch [org.frcpm.models.Subteam(959666582384700).name]
 |  +-BasicFetch [org.frcpm.models.Subteam(959666582384700).specialties]
 |  \-DelayedCollectionFetch [org.frcpm.models.Subteam(959666582384700).subsystems]

10:24:10.295 [main] DEBUG org.hibernate.orm.sql.ast.tree - SQL AST Tree:
    SelectStatement {
      FromClause {
        StandardTableGroup (s1 : org.frcpm.models.Subteam(959666582384700)) {
          primaryTableReference : subteams as s1_0
        }
      }
    }

10:24:10.296 [main] DEBUG org.hibernate.orm.sql.exec - Skipping reading Query result cache data: cache-enabled = false, cache-mode = NORMAL
10:24:10.296 [main] DEBUG org.hibernate.orm.results - Initializer list:
	  org.frcpm.models.Subteam(959666582384700).subsystems -> DelayedCollectionInitializer(org.frcpm.models.Subteam(959666582384700).subsystems)@934121062 (PluralAttribute(org.frcpm.models.Subteam.subsystems))
	  org.frcpm.models.Subteam(959666582384700).members -> DelayedCollectionInitializer(org.frcpm.models.Subteam(959666582384700).members)@2020305643 (PluralAttribute(org.frcpm.models.Subteam.members))
	  org.frcpm.models.Subteam(959666582384700) -> EntityResultInitializer(org.frcpm.models.Subteam(959666582384700))@749735773 (SingleTableEntityPersister(org.frcpm.models.Subteam))

10:24:10.296 [main] DEBUG org.hibernate.SQL - select s1_0.id,s1_0.color_code,s1_0.name,s1_0.specialties from subteams s1_0
10:24:10.296 [main] DEBUG org.hibernate.orm.results - Extracted JDBC value [0] - [1]
10:24:10.296 [main] DEBUG org.hibernate.orm.results.loading.entity - (EntityResultInitializer) Hydrated EntityKey (org.frcpm.models.Subteam(959666582384700)): 1
10:24:10.296 [main] DEBUG org.hibernate.orm.results.loading.org.hibernate.orm.results.loading.collection - (DelayedCollectionInitializer) Current row collection key : org.frcpm.models.Subteam(959666582384700).members#1
10:24:10.296 [main] DEBUG org.hibernate.orm.results.loading.org.hibernate.orm.results.loading.collection - (DelayedCollectionInitializer) Current row collection key : org.frcpm.models.Subteam(959666582384700).subsystems#1
10:24:10.296 [main] DEBUG org.hibernate.orm.results.loading.entity - (EntityResultInitializer) Created new entity instance [org.frcpm.models.Subteam(959666582384700)#1] : 388655601
10:24:10.296 [main] DEBUG org.hibernate.orm.results - Extracted JDBC value [1] - [#FF5733]
10:24:10.296 [main] DEBUG org.hibernate.orm.results - Extracted JDBC value [2] - [Mechanical]
10:24:10.296 [main] DEBUG org.hibernate.orm.results - Extracted JDBC value [3] - [Design, CAD, Fabrication, Assembly]
10:24:10.296 [main] DEBUG org.hibernate.orm.results.loading.entity - (EntityResultInitializer) Done materializing entityInstance : org.frcpm.models.Subteam(959666582384700)#1
10:24:10.296 [main] DEBUG org.hibernate.orm.results.loading - Calling top-level assembler (0 / 1) : org.hibernate.sql.results.graph.entity.internal.EntityAssembler@4b502aea
10:24:10.296 [main] DEBUG org.hibernate.orm.results - Extracted JDBC value [0] - [2]
10:24:10.296 [main] DEBUG org.hibernate.orm.results.loading.entity - (EntityResultInitializer) Hydrated EntityKey (org.frcpm.models.Subteam(959666582384700)): 2
10:24:10.296 [main] DEBUG org.hibernate.orm.results.loading.org.hibernate.orm.results.loading.collection - (DelayedCollectionInitializer) Current row collection key : org.frcpm.models.Subteam(959666582384700).members#2
10:24:10.296 [main] DEBUG org.hibernate.orm.results.loading.org.hibernate.orm.results.loading.collection - (DelayedCollectionInitializer) Current row collection key : org.frcpm.models.Subteam(959666582384700).subsystems#2
10:24:10.296 [main] DEBUG org.hibernate.orm.results.loading.entity - (EntityResultInitializer) Created new entity instance [org.frcpm.models.Subteam(959666582384700)#2] : 259106704
10:24:10.296 [main] DEBUG org.hibernate.orm.results - Extracted JDBC value [1] - [#33A8FF]
10:24:10.296 [main] DEBUG org.hibernate.orm.results - Extracted JDBC value [2] - [Electrical]
10:24:10.296 [main] DEBUG org.hibernate.orm.results - Extracted JDBC value [3] - [Wiring, Electronics, Sensors, Power Systems]
10:24:10.296 [main] DEBUG org.hibernate.orm.results.loading.entity - (EntityResultInitializer) Done materializing entityInstance : org.frcpm.models.Subteam(959666582384700)#2
10:24:10.296 [main] DEBUG org.hibernate.orm.results.loading - Calling top-level assembler (0 / 1) : org.hibernate.sql.results.graph.entity.internal.EntityAssembler@4b502aea
10:24:10.296 [main] DEBUG org.hibernate.orm.results - Extracted JDBC value [0] - [3]
10:24:10.296 [main] DEBUG org.hibernate.orm.results.loading.entity - (EntityResultInitializer) Hydrated EntityKey (org.frcpm.models.Subteam(959666582384700)): 3
10:24:10.296 [main] DEBUG org.hibernate.orm.results.loading.org.hibernate.orm.results.loading.collection - (DelayedCollectionInitializer) Current row collection key : org.frcpm.models.Subteam(959666582384700).members#3
10:24:10.296 [main] DEBUG org.hibernate.orm.results.loading.org.hibernate.orm.results.loading.collection - (DelayedCollectionInitializer) Current row collection key : org.frcpm.models.Subteam(959666582384700).subsystems#3
10:24:10.296 [main] DEBUG org.hibernate.orm.results.loading.entity - (EntityResultInitializer) Created new entity instance [org.frcpm.models.Subteam(959666582384700)#3] : 1883890038
10:24:10.296 [main] DEBUG org.hibernate.orm.results - Extracted JDBC value [1] - [#33FF57]
10:24:10.296 [main] DEBUG org.hibernate.orm.results - Extracted JDBC value [2] - [Programming]
10:24:10.296 [main] DEBUG org.hibernate.orm.results - Extracted JDBC value [3] - [Java, Vision, Control Systems, Autonomous]
10:24:10.296 [main] DEBUG org.hibernate.orm.results.loading.entity - (EntityResultInitializer) Done materializing entityInstance : org.frcpm.models.Subteam(959666582384700)#3
10:24:10.296 [main] DEBUG org.hibernate.orm.results.loading - Calling top-level assembler (0 / 1) : org.hibernate.sql.results.graph.entity.internal.EntityAssembler@4b502aea
10:24:10.296 [main] DEBUG org.hibernate.orm.results - Extracted JDBC value [0] - [4]
10:24:10.296 [main] DEBUG org.hibernate.orm.results.loading.entity - (EntityResultInitializer) Hydrated EntityKey (org.frcpm.models.Subteam(959666582384700)): 4
10:24:10.296 [main] DEBUG org.hibernate.orm.results.loading.org.hibernate.orm.results.loading.collection - (DelayedCollectionInitializer) Current row collection key : org.frcpm.models.Subteam(959666582384700).members#4
10:24:10.296 [main] DEBUG org.hibernate.orm.results.loading.org.hibernate.orm.results.loading.collection - (DelayedCollectionInitializer) Current row collection key : org.frcpm.models.Subteam(959666582384700).subsystems#4
10:24:10.296 [main] DEBUG org.hibernate.orm.results.loading.entity - (EntityResultInitializer) Created new entity instance [org.frcpm.models.Subteam(959666582384700)#4] : 889596738
10:24:10.296 [main] DEBUG org.hibernate.orm.results - Extracted JDBC value [1] - [#FF33A8]
10:24:10.296 [main] DEBUG org.hibernate.orm.results - Extracted JDBC value [2] - [Business]
10:24:10.296 [main] DEBUG org.hibernate.orm.results - Extracted JDBC value [3] - [Fundraising, Marketing, Outreach, Awards]
10:24:10.296 [main] DEBUG org.hibernate.orm.results.loading.entity - (EntityResultInitializer) Done materializing entityInstance : org.frcpm.models.Subteam(959666582384700)#4
10:24:10.296 [main] DEBUG org.hibernate.orm.results.loading - Calling top-level assembler (0 / 1) : org.hibernate.sql.results.graph.entity.internal.EntityAssembler@4b502aea
10:24:10.296 [main] DEBUG org.hibernate.orm.results - Extracted JDBC value [0] - [24]
10:24:10.296 [main] DEBUG org.hibernate.orm.results.loading.entity - (EntityResultInitializer) Hydrated EntityKey (org.frcpm.models.Subteam(959666582384700)): 24
10:24:10.296 [main] DEBUG org.hibernate.orm.results.loading.org.hibernate.orm.results.loading.collection - (DelayedCollectionInitializer) Current row collection key : org.frcpm.models.Subteam(959666582384700).members#24
10:24:10.296 [main] DEBUG org.hibernate.orm.results.loading.org.hibernate.orm.results.loading.collection - (DelayedCollectionInitializer) Current row collection key : org.frcpm.models.Subteam(959666582384700).subsystems#24
10:24:10.296 [main] DEBUG org.hibernate.orm.results.loading.entity - (EntityResultInitializer) Created new entity instance [org.frcpm.models.Subteam(959666582384700)#24] : 1762921286
10:24:10.296 [main] DEBUG org.hibernate.orm.results - Extracted JDBC value [1] - [#0000FF]
10:24:10.296 [main] DEBUG org.hibernate.orm.results - Extracted JDBC value [2] - [Test Count Subteam]
10:24:10.296 [main] DEBUG org.hibernate.orm.results - Extracted JDBC value [3] - [null]
10:24:10.296 [main] DEBUG org.hibernate.orm.results.loading.entity - (EntityResultInitializer) Done materializing entityInstance : org.frcpm.models.Subteam(959666582384700)#24
10:24:10.296 [main] DEBUG org.hibernate.orm.results.loading - Calling top-level assembler (0 / 1) : org.hibernate.sql.results.graph.entity.internal.EntityAssembler@4b502aea
10:24:10.296 [main] DEBUG org.hibernate.orm.results - Extracted JDBC value [0] - [27]
10:24:10.296 [main] DEBUG org.hibernate.orm.results.loading.entity - (EntityResultInitializer) Hydrated EntityKey (org.frcpm.models.Subteam(959666582384700)): 27
10:24:10.296 [main] DEBUG org.hibernate.orm.results.loading.org.hibernate.orm.results.loading.collection - (DelayedCollectionInitializer) Current row collection key : org.frcpm.models.Subteam(959666582384700).members#27
10:24:10.296 [main] DEBUG org.hibernate.orm.results.loading.org.hibernate.orm.results.loading.collection - (DelayedCollectionInitializer) Current row collection key : org.frcpm.models.Subteam(959666582384700).subsystems#27
10:24:10.296 [main] DEBUG org.hibernate.orm.results.loading.entity - (EntityResultInitializer) Created new entity instance [org.frcpm.models.Subteam(959666582384700)#27] : 1492454216
10:24:10.296 [main] DEBUG org.hibernate.orm.results - Extracted JDBC value [1] - [#0000FF]
10:24:10.296 [main] DEBUG org.hibernate.orm.results - Extracted JDBC value [2] - [Test Save Subteam]
10:24:10.296 [main] DEBUG org.hibernate.orm.results - Extracted JDBC value [3] - [Testing]
10:24:10.296 [main] DEBUG org.hibernate.orm.results.loading.entity - (EntityResultInitializer) Done materializing entityInstance : org.frcpm.models.Subteam(959666582384700)#27
10:24:10.296 [main] DEBUG org.hibernate.orm.results.loading - Calling top-level assembler (0 / 1) : org.hibernate.sql.results.graph.entity.internal.EntityAssembler@4b502aea
10:24:10.296 [main] DEBUG org.hibernate.orm.results - Extracted JDBC value [0] - [42]
10:24:10.296 [main] DEBUG org.hibernate.orm.results.loading.entity - (EntityResultInitializer) Hydrated EntityKey (org.frcpm.models.Subteam(959666582384700)): 42
10:24:10.296 [main] DEBUG org.hibernate.orm.results.loading.org.hibernate.orm.results.loading.collection - (DelayedCollectionInitializer) Current row collection key : org.frcpm.models.Subteam(959666582384700).members#42
10:24:10.296 [main] DEBUG org.hibernate.orm.results.loading.org.hibernate.orm.results.loading.collection - (DelayedCollectionInitializer) Current row collection key : org.frcpm.models.Subteam(959666582384700).subsystems#42
10:24:10.296 [main] DEBUG org.hibernate.orm.results.loading.entity - (EntityResultInitializer) Created new entity instance [org.frcpm.models.Subteam(959666582384700)#42] : 918081502
10:24:10.296 [main] DEBUG org.hibernate.orm.results - Extracted JDBC value [1] - [#00FFFF]
10:24:10.296 [main] DEBUG org.hibernate.orm.results - Extracted JDBC value [2] - [Updated Subteam Name]
10:24:10.296 [main] DEBUG org.hibernate.orm.results - Extracted JDBC value [3] - [null]
10:24:10.296 [main] DEBUG org.hibernate.orm.results.loading.entity - (EntityResultInitializer) Done materializing entityInstance : org.frcpm.models.Subteam(959666582384700)#42
10:24:10.296 [main] DEBUG org.hibernate.orm.results.loading - Calling top-level assembler (0 / 1) : org.hibernate.sql.results.graph.entity.internal.EntityAssembler@4b502aea
10:24:10.296 [main] DEBUG org.hibernate.orm.results - Extracted JDBC value [0] - [67]
10:24:10.296 [main] DEBUG org.hibernate.orm.results.loading.entity - (EntityResultInitializer) Hydrated EntityKey (org.frcpm.models.Subteam(959666582384700)): 67
10:24:10.296 [main] DEBUG org.hibernate.orm.results.loading.org.hibernate.orm.results.loading.collection - (DelayedCollectionInitializer) Current row collection key : org.frcpm.models.Subteam(959666582384700).members#67
10:24:10.296 [main] DEBUG org.hibernate.orm.results.loading.org.hibernate.orm.results.loading.collection - (DelayedCollectionInitializer) Current row collection key : org.frcpm.models.Subteam(959666582384700).subsystems#67
10:24:10.296 [main] DEBUG org.hibernate.orm.results.loading.entity - (EntityResultInitializer) Created new entity instance [org.frcpm.models.Subteam(959666582384700)#67] : 503846388
10:24:10.296 [main] DEBUG org.hibernate.orm.results - Extracted JDBC value [1] - [#0000FF]
10:24:10.296 [main] DEBUG org.hibernate.orm.results - Extracted JDBC value [2] - [Test Create Service Subteam]
10:24:10.296 [main] DEBUG org.hibernate.orm.results - Extracted JDBC value [3] - [Testing, Quality Assurance]
10:24:10.296 [main] DEBUG org.hibernate.orm.results.loading.entity - (EntityResultInitializer) Done materializing entityInstance : org.frcpm.models.Subteam(959666582384700)#67
10:24:10.296 [main] DEBUG org.hibernate.orm.results.loading - Calling top-level assembler (0 / 1) : org.hibernate.sql.results.graph.entity.internal.EntityAssembler@4b502aea
10:24:10.296 [main] DEBUG org.hibernate.orm.results - Extracted JDBC value [0] - [70]
10:24:10.296 [main] DEBUG org.hibernate.orm.results.loading.entity - (EntityResultInitializer) Hydrated EntityKey (org.frcpm.models.Subteam(959666582384700)): 70
10:24:10.296 [main] DEBUG org.hibernate.orm.results.loading.org.hibernate.orm.results.loading.collection - (DelayedCollectionInitializer) Current row collection key : org.frcpm.models.Subteam(959666582384700).members#70
10:24:10.296 [main] DEBUG org.hibernate.orm.results.loading.org.hibernate.orm.results.loading.collection - (DelayedCollectionInitializer) Current row collection key : org.frcpm.models.Subteam(959666582384700).subsystems#70
10:24:10.296 [main] DEBUG org.hibernate.orm.results.loading.entity - (EntityResultInitializer) Created new entity instance [org.frcpm.models.Subteam(959666582384700)#70] : 668528990
10:24:10.296 [main] DEBUG org.hibernate.orm.results - Extracted JDBC value [1] - [#00FFFF]
10:24:10.296 [main] DEBUG org.hibernate.orm.results - Extracted JDBC value [2] - [Test Color Update Subteam]
10:24:10.296 [main] DEBUG org.hibernate.orm.results - Extracted JDBC value [3] - [Specialties]
10:24:10.296 [main] DEBUG org.hibernate.orm.results.loading.entity - (EntityResultInitializer) Done materializing entityInstance : org.frcpm.models.Subteam(959666582384700)#70
10:24:10.296 [main] DEBUG org.hibernate.orm.results.loading - Calling top-level assembler (0 / 1) : org.hibernate.sql.results.graph.entity.internal.EntityAssembler@4b502aea
10:24:10.296 [main] DEBUG org.hibernate.orm.results - Extracted JDBC value [0] - [79]
10:24:10.296 [main] DEBUG org.hibernate.orm.results.loading.entity - (EntityResultInitializer) Hydrated EntityKey (org.frcpm.models.Subteam(959666582384700)): 79
10:24:10.296 [main] DEBUG org.hibernate.orm.results.loading.org.hibernate.orm.results.loading.collection - (DelayedCollectionInitializer) Current row collection key : org.frcpm.models.Subteam(959666582384700).members#79
10:24:10.296 [main] DEBUG org.hibernate.orm.results.loading.org.hibernate.orm.results.loading.collection - (DelayedCollectionInitializer) Current row collection key : org.frcpm.models.Subteam(959666582384700).subsystems#79
10:24:10.296 [main] DEBUG org.hibernate.orm.results.loading.entity - (EntityResultInitializer) Created new entity instance [org.frcpm.models.Subteam(959666582384700)#79] : 97523344
10:24:10.296 [main] DEBUG org.hibernate.orm.results - Extracted JDBC value [1] - [#0000FF]
10:24:10.296 [main] DEBUG org.hibernate.orm.results - Extracted JDBC value [2] - [Test Update Subteam]
10:24:10.296 [main] DEBUG org.hibernate.orm.results - Extracted JDBC value [3] - [Updated Specialties]
10:24:10.296 [main] DEBUG org.hibernate.orm.results.loading.entity - (EntityResultInitializer) Done materializing entityInstance : org.frcpm.models.Subteam(959666582384700)#79
10:24:10.296 [main] DEBUG org.hibernate.orm.results.loading - Calling top-level assembler (0 / 1) : org.hibernate.sql.results.graph.entity.internal.EntityAssembler@4b502aea
10:24:10.296 [main] DEBUG org.hibernate.orm.results - Extracted JDBC value [0] - [87]
10:24:10.296 [main] DEBUG org.hibernate.orm.results.loading.entity - (EntityResultInitializer) Hydrated EntityKey (org.frcpm.models.Subteam(959666582384700)): 87
10:24:10.296 [main] DEBUG org.hibernate.orm.results.loading.org.hibernate.orm.results.loading.collection - (DelayedCollectionInitializer) Current row collection key : org.frcpm.models.Subteam(959666582384700).members#87
10:24:10.296 [main] DEBUG org.hibernate.orm.results.loading.org.hibernate.orm.results.loading.collection - (DelayedCollectionInitializer) Current row collection key : org.frcpm.models.Subteam(959666582384700).subsystems#87
10:24:10.296 [main] DEBUG org.hibernate.orm.results.loading.entity - (EntityResultInitializer) Created new entity instance [org.frcpm.models.Subteam(959666582384700)#87] : 888106991
10:24:10.296 [main] DEBUG org.hibernate.orm.results - Extracted JDBC value [1] - [#0000FF]
10:24:10.296 [main] DEBUG org.hibernate.orm.results - Extracted JDBC value [2] - [Duplicate Name Subteam]
10:24:10.296 [main] DEBUG org.hibernate.orm.results - Extracted JDBC value [3] - [Specialties]
10:24:10.296 [main] DEBUG org.hibernate.orm.results.loading.entity - (EntityResultInitializer) Done materializing entityInstance : org.frcpm.models.Subteam(959666582384700)#87
10:24:10.296 [main] DEBUG org.hibernate.orm.results.loading - Calling top-level assembler (0 / 1) : org.hibernate.sql.results.graph.entity.internal.EntityAssembler@4b502aea
10:24:10.297 [main] DEBUG org.hibernate.resource.jdbc.internal.LogicalConnectionManagedImpl - Initiating JDBC connection release from afterTransaction
10:24:10.297 [main] DEBUG org.hibernate.resource.jdbc.internal.LogicalConnectionManagedImpl - Initiating JDBC connection release from afterTransaction
]]></system-out>
  </testcase>
  <testcase name="testHandleDeleteMember_Cancelled" classname="org.frcpm.controllers.TeamControllerTest" time="0.03">
    <system-out><![CDATA[10:24:10.308 [main] DEBUG org.hibernate.orm.sql.ast.create - Created new SQL alias : tm1_0
10:24:10.308 [main] DEBUG org.hibernate.orm.sql.ast.create - Registration of TableGroup [StandardTableGroup(org.frcpm.models.TeamMember(959666594538000))] with identifierForTableGroup [org.frcpm.models.TeamMember] for NavigablePath [org.frcpm.models.TeamMember] 
10:24:10.308 [main] DEBUG org.hibernate.orm.sql.ast.create - Registration of TableGroup [org.hibernate.sql.ast.tree.from.LazyTableGroup@a67e46] with identifierForTableGroup [org.frcpm.models.TeamMember.subteam] for NavigablePath [org.frcpm.models.TeamMember.subteam] 
10:24:10.309 [main] DEBUG org.hibernate.orm.results.graph.AST - DomainResult Graph:
 \-EntityResultImpl [org.frcpm.models.TeamMember(959666594538000)]
 |  +-DelayedCollectionFetch [org.frcpm.models.TeamMember(959666594538000).assignedTasks]
 |  +-DelayedCollectionFetch [org.frcpm.models.TeamMember(959666594538000).attendances]
 |  +-BasicFetch [org.frcpm.models.TeamMember(959666594538000).email]
 |  +-BasicFetch [org.frcpm.models.TeamMember(959666594538000).firstName]
 |  +-BasicFetch [org.frcpm.models.TeamMember(959666594538000).lastName]
 |  +-BasicFetch [org.frcpm.models.TeamMember(959666594538000).leader]
 |  +-BasicFetch [org.frcpm.models.TeamMember(959666594538000).phone]
 |  +-BasicFetch [org.frcpm.models.TeamMember(959666594538000).skills]
 |  +-CircularFetchImpl [org.frcpm.models.TeamMember(959666594538000).subteam]
 |  \-BasicFetch [org.frcpm.models.TeamMember(959666594538000).username]

10:24:10.309 [main] DEBUG org.hibernate.orm.sql.ast.tree - SQL AST Tree:
    SelectStatement {
      FromClause {
        StandardTableGroup (tm1 : org.frcpm.models.TeamMember(959666594538000)) {
          primaryTableReference : team_members as tm1_0
          TableGroupJoins {
            left  join LazyTableGroup (s1 : org.frcpm.models.TeamMember(959666594538000).subteam) {
            }
          }
        }
      }
    }

10:24:10.309 [main] DEBUG org.hibernate.orm.sql.exec - Skipping reading Query result cache data: cache-enabled = false, cache-mode = NORMAL
10:24:10.309 [main] DEBUG org.hibernate.orm.results - Initializer list:
	  org.frcpm.models.TeamMember(959666594538000).subteam -> EntityDelayedFetchInitializer(org.frcpm.models.TeamMember(959666594538000).subteam)@110562008 (ToOneAttributeMapping(NavigableRole[org.frcpm.models.TeamMember.subteam])@1143917207)
	  org.frcpm.models.TeamMember(959666594538000).attendances -> DelayedCollectionInitializer(org.frcpm.models.TeamMember(959666594538000).attendances)@1422945222 (PluralAttribute(org.frcpm.models.TeamMember.attendances))
	  org.frcpm.models.TeamMember(959666594538000).assignedTasks -> DelayedCollectionInitializer(org.frcpm.models.TeamMember(959666594538000).assignedTasks)@1030054228 (PluralAttribute(org.frcpm.models.TeamMember.assignedTasks))
	  org.frcpm.models.TeamMember(959666594538000) -> EntityResultInitializer(org.frcpm.models.TeamMember(959666594538000))@235039984 (SingleTableEntityPersister(org.frcpm.models.TeamMember))

10:24:10.309 [main] DEBUG org.hibernate.SQL - select tm1_0.id,tm1_0.email,tm1_0.first_name,tm1_0.last_name,tm1_0.is_leader,tm1_0.phone,tm1_0.skills,tm1_0.subteam_id,tm1_0.username from team_members tm1_0
10:24:10.310 [main] DEBUG org.hibernate.orm.results - Extracted JDBC value [0] - [1]
10:24:10.310 [main] DEBUG org.hibernate.orm.results.loading.entity - (EntityResultInitializer) Hydrated EntityKey (org.frcpm.models.TeamMember(959666594538000)): 1
10:24:10.310 [main] DEBUG org.hibernate.orm.results.loading.org.hibernate.orm.results.loading.collection - (DelayedCollectionInitializer) Current row collection key : org.frcpm.models.TeamMember(959666594538000).assignedTasks#1
10:24:10.310 [main] DEBUG org.hibernate.orm.results.loading.org.hibernate.orm.results.loading.collection - (DelayedCollectionInitializer) Current row collection key : org.frcpm.models.TeamMember(959666594538000).attendances#1
10:24:10.310 [main] DEBUG org.hibernate.orm.results.loading.entity - (EntityResultInitializer) Created new entity instance [org.frcpm.models.TeamMember(959666594538000)#1] : 1901922257
10:24:10.310 [main] DEBUG org.hibernate.orm.results - Extracted JDBC value [7] - [3]
10:24:10.310 [main] DEBUG org.hibernate.orm.results - Extracted JDBC value [1] - [jsmith@example.com]
10:24:10.310 [main] DEBUG org.hibernate.orm.results - Extracted JDBC value [2] - [John]
10:24:10.310 [main] DEBUG org.hibernate.orm.results - Extracted JDBC value [3] - [Smith]
10:24:10.310 [main] DEBUG org.hibernate.orm.results - Extracted JDBC value [4] - [true]
10:24:10.310 [main] DEBUG org.hibernate.orm.results - Extracted JDBC value [5] - [555-1234]
10:24:10.310 [main] DEBUG org.hibernate.orm.results - Extracted JDBC value [6] - [Java, Python, Control Systems]
10:24:10.310 [main] DEBUG org.hibernate.orm.results - Extracted JDBC value [8] - [jsmith]
10:24:10.310 [main] DEBUG org.hibernate.orm.results.loading.entity - (EntityResultInitializer) Done materializing entityInstance : org.frcpm.models.TeamMember(959666594538000)#1
10:24:10.310 [main] DEBUG org.hibernate.orm.results.loading - Calling top-level assembler (0 / 1) : org.hibernate.sql.results.graph.entity.internal.EntityAssembler@75798d55
10:24:10.310 [main] DEBUG org.hibernate.orm.results - Extracted JDBC value [0] - [2]
10:24:10.310 [main] DEBUG org.hibernate.orm.results.loading.entity - (EntityResultInitializer) Hydrated EntityKey (org.frcpm.models.TeamMember(959666594538000)): 2
10:24:10.310 [main] DEBUG org.hibernate.orm.results.loading.org.hibernate.orm.results.loading.collection - (DelayedCollectionInitializer) Current row collection key : org.frcpm.models.TeamMember(959666594538000).assignedTasks#2
10:24:10.310 [main] DEBUG org.hibernate.orm.results.loading.org.hibernate.orm.results.loading.collection - (DelayedCollectionInitializer) Current row collection key : org.frcpm.models.TeamMember(959666594538000).attendances#2
10:24:10.310 [main] DEBUG org.hibernate.orm.results.loading.entity - (EntityResultInitializer) Created new entity instance [org.frcpm.models.TeamMember(959666594538000)#2] : 1812168612
10:24:10.310 [main] DEBUG org.hibernate.orm.results - Extracted JDBC value [7] - [1]
10:24:10.312 [main] DEBUG org.hibernate.orm.results - Extracted JDBC value [1] - [agarcia@example.com]
10:24:10.312 [main] DEBUG org.hibernate.orm.results - Extracted JDBC value [2] - [Ana]
10:24:10.312 [main] DEBUG org.hibernate.orm.results - Extracted JDBC value [3] - [Garcia]
10:24:10.312 [main] DEBUG org.hibernate.orm.results - Extracted JDBC value [4] - [true]
10:24:10.312 [main] DEBUG org.hibernate.orm.results - Extracted JDBC value [5] - [555-5678]
10:24:10.312 [main] DEBUG org.hibernate.orm.results - Extracted JDBC value [6] - [CAD, Design, Machining]
10:24:10.312 [main] DEBUG org.hibernate.orm.results - Extracted JDBC value [8] - [agarcia]
10:24:10.312 [main] DEBUG org.hibernate.orm.results.loading.entity - (EntityResultInitializer) Done materializing entityInstance : org.frcpm.models.TeamMember(959666594538000)#2
10:24:10.312 [main] DEBUG org.hibernate.orm.results.loading - Calling top-level assembler (0 / 1) : org.hibernate.sql.results.graph.entity.internal.EntityAssembler@75798d55
10:24:10.312 [main] DEBUG org.hibernate.orm.results - Extracted JDBC value [0] - [3]
10:24:10.312 [main] DEBUG org.hibernate.orm.results.loading.entity - (EntityResultInitializer) Hydrated EntityKey (org.frcpm.models.TeamMember(959666594538000)): 3
10:24:10.312 [main] DEBUG org.hibernate.orm.results.loading.org.hibernate.orm.results.loading.collection - (DelayedCollectionInitializer) Current row collection key : org.frcpm.models.TeamMember(959666594538000).assignedTasks#3
10:24:10.312 [main] DEBUG org.hibernate.orm.results.loading.org.hibernate.orm.results.loading.collection - (DelayedCollectionInitializer) Current row collection key : org.frcpm.models.TeamMember(959666594538000).attendances#3
10:24:10.312 [main] DEBUG org.hibernate.orm.results.loading.entity - (EntityResultInitializer) Created new entity instance [org.frcpm.models.TeamMember(959666594538000)#3] : 862346854
10:24:10.312 [main] DEBUG org.hibernate.orm.results - Extracted JDBC value [7] - [2]
10:24:10.312 [main] DEBUG org.hibernate.orm.results - Extracted JDBC value [1] - [twong@example.com]
10:24:10.312 [main] DEBUG org.hibernate.orm.results - Extracted JDBC value [2] - [Tyler]
10:24:10.312 [main] DEBUG org.hibernate.orm.results - Extracted JDBC value [3] - [Wong]
10:24:10.312 [main] DEBUG org.hibernate.orm.results - Extracted JDBC value [4] - [true]
10:24:10.312 [main] DEBUG org.hibernate.orm.results - Extracted JDBC value [5] - [555-9012]
10:24:10.312 [main] DEBUG org.hibernate.orm.results - Extracted JDBC value [6] - [Electronics, Wiring, Soldering]
10:24:10.312 [main] DEBUG org.hibernate.orm.results - Extracted JDBC value [8] - [twong]
10:24:10.312 [main] DEBUG org.hibernate.orm.results.loading.entity - (EntityResultInitializer) Done materializing entityInstance : org.frcpm.models.TeamMember(959666594538000)#3
10:24:10.312 [main] DEBUG org.hibernate.orm.results.loading - Calling top-level assembler (0 / 1) : org.hibernate.sql.results.graph.entity.internal.EntityAssembler@75798d55
10:24:10.312 [main] DEBUG org.hibernate.orm.results - Extracted JDBC value [0] - [4]
10:24:10.312 [main] DEBUG org.hibernate.orm.results.loading.entity - (EntityResultInitializer) Hydrated EntityKey (org.frcpm.models.TeamMember(959666594538000)): 4
10:24:10.312 [main] DEBUG org.hibernate.orm.results.loading.org.hibernate.orm.results.loading.collection - (DelayedCollectionInitializer) Current row collection key : org.frcpm.models.TeamMember(959666594538000).assignedTasks#4
10:24:10.312 [main] DEBUG org.hibernate.orm.results.loading.org.hibernate.orm.results.loading.collection - (DelayedCollectionInitializer) Current row collection key : org.frcpm.models.TeamMember(959666594538000).attendances#4
10:24:10.312 [main] DEBUG org.hibernate.orm.results.loading.entity - (EntityResultInitializer) Created new entity instance [org.frcpm.models.TeamMember(959666594538000)#4] : 247556293
10:24:10.312 [main] DEBUG org.hibernate.orm.results - Extracted JDBC value [7] - [4]
10:24:10.312 [main] DEBUG org.hibernate.orm.results - Extracted JDBC value [1] - [lchen@example.com]
10:24:10.312 [main] DEBUG org.hibernate.orm.results - Extracted JDBC value [2] - [Lisa]
10:24:10.312 [main] DEBUG org.hibernate.orm.results - Extracted JDBC value [3] - [Chen]
10:24:10.312 [main] DEBUG org.hibernate.orm.results - Extracted JDBC value [4] - [true]
10:24:10.312 [main] DEBUG org.hibernate.orm.results - Extracted JDBC value [5] - [555-3456]
10:24:10.312 [main] DEBUG org.hibernate.orm.results - Extracted JDBC value [6] - [Marketing, Social Media, Presentations]
10:24:10.312 [main] DEBUG org.hibernate.orm.results - Extracted JDBC value [8] - [lchen]
10:24:10.312 [main] DEBUG org.hibernate.orm.results.loading.entity - (EntityResultInitializer) Done materializing entityInstance : org.frcpm.models.TeamMember(959666594538000)#4
10:24:10.312 [main] DEBUG org.hibernate.orm.results.loading - Calling top-level assembler (0 / 1) : org.hibernate.sql.results.graph.entity.internal.EntityAssembler@75798d55
10:24:10.312 [main] DEBUG org.hibernate.orm.results - Extracted JDBC value [0] - [5]
10:24:10.312 [main] DEBUG org.hibernate.orm.results.loading.entity - (EntityResultInitializer) Hydrated EntityKey (org.frcpm.models.TeamMember(959666594538000)): 5
10:24:10.312 [main] DEBUG org.hibernate.orm.results.loading.org.hibernate.orm.results.loading.collection - (DelayedCollectionInitializer) Current row collection key : org.frcpm.models.TeamMember(959666594538000).assignedTasks#5
10:24:10.312 [main] DEBUG org.hibernate.orm.results.loading.org.hibernate.orm.results.loading.collection - (DelayedCollectionInitializer) Current row collection key : org.frcpm.models.TeamMember(959666594538000).attendances#5
10:24:10.312 [main] DEBUG org.hibernate.orm.results.loading.entity - (EntityResultInitializer) Created new entity instance [org.frcpm.models.TeamMember(959666594538000)#5] : 543942155
10:24:10.312 [main] DEBUG org.hibernate.orm.results - Extracted JDBC value [7] - [1]
10:24:10.312 [main] DEBUG org.hibernate.orm.results - Extracted JDBC value [1] - [mjohnson@example.com]
10:24:10.312 [main] DEBUG org.hibernate.orm.results - Extracted JDBC value [2] - [Mike]
10:24:10.312 [main] DEBUG org.hibernate.orm.results - Extracted JDBC value [3] - [Johnson]
10:24:10.312 [main] DEBUG org.hibernate.orm.results - Extracted JDBC value [4] - [false]
10:24:10.312 [main] DEBUG org.hibernate.orm.results - Extracted JDBC value [5] - [555-7890]
10:24:10.312 [main] DEBUG org.hibernate.orm.results - Extracted JDBC value [6] - [CAD, 3D Printing, Prototyping]
10:24:10.312 [main] DEBUG org.hibernate.orm.results - Extracted JDBC value [8] - [mjohnson]
10:24:10.312 [main] DEBUG org.hibernate.orm.results.loading.entity - (EntityResultInitializer) Done materializing entityInstance : org.frcpm.models.TeamMember(959666594538000)#5
10:24:10.312 [main] DEBUG org.hibernate.orm.results.loading - Calling top-level assembler (0 / 1) : org.hibernate.sql.results.graph.entity.internal.EntityAssembler@75798d55
10:24:10.312 [main] DEBUG org.hibernate.orm.results - Extracted JDBC value [0] - [6]
10:24:10.312 [main] DEBUG org.hibernate.orm.results.loading.entity - (EntityResultInitializer) Hydrated EntityKey (org.frcpm.models.TeamMember(959666594538000)): 6
10:24:10.312 [main] DEBUG org.hibernate.orm.results.loading.org.hibernate.orm.results.loading.collection - (DelayedCollectionInitializer) Current row collection key : org.frcpm.models.TeamMember(959666594538000).assignedTasks#6
10:24:10.312 [main] DEBUG org.hibernate.orm.results.loading.org.hibernate.orm.results.loading.collection - (DelayedCollectionInitializer) Current row collection key : org.frcpm.models.TeamMember(959666594538000).attendances#6
10:24:10.312 [main] DEBUG org.hibernate.orm.results.loading.entity - (EntityResultInitializer) Created new entity instance [org.frcpm.models.TeamMember(959666594538000)#6] : 1150335365
10:24:10.312 [main] DEBUG org.hibernate.orm.results - Extracted JDBC value [7] - [3]
10:24:10.312 [main] DEBUG org.hibernate.orm.results - Extracted JDBC value [1] - [sdavis@example.com]
10:24:10.312 [main] DEBUG org.hibernate.orm.results - Extracted JDBC value [2] - [Sarah]
10:24:10.312 [main] DEBUG org.hibernate.orm.results - Extracted JDBC value [3] - [Davis]
10:24:10.313 [main] DEBUG org.hibernate.orm.results - Extracted JDBC value [4] - [false]
10:24:10.313 [main] DEBUG org.hibernate.orm.results - Extracted JDBC value [5] - [555-2345]
10:24:10.313 [main] DEBUG org.hibernate.orm.results - Extracted JDBC value [6] - [Computer Vision, Machine Learning]
10:24:10.313 [main] DEBUG org.hibernate.orm.results - Extracted JDBC value [8] - [sdavis]
10:24:10.313 [main] DEBUG org.hibernate.orm.results.loading.entity - (EntityResultInitializer) Done materializing entityInstance : org.frcpm.models.TeamMember(959666594538000)#6
10:24:10.313 [main] DEBUG org.hibernate.orm.results.loading - Calling top-level assembler (0 / 1) : org.hibernate.sql.results.graph.entity.internal.EntityAssembler@75798d55
10:24:10.313 [main] DEBUG org.hibernate.orm.results - Extracted JDBC value [0] - [36]
10:24:10.313 [main] DEBUG org.hibernate.orm.results.loading.entity - (EntityResultInitializer) Hydrated EntityKey (org.frcpm.models.TeamMember(959666594538000)): 36
10:24:10.313 [main] DEBUG org.hibernate.orm.results.loading.org.hibernate.orm.results.loading.collection - (DelayedCollectionInitializer) Current row collection key : org.frcpm.models.TeamMember(959666594538000).assignedTasks#36
10:24:10.313 [main] DEBUG org.hibernate.orm.results.loading.org.hibernate.orm.results.loading.collection - (DelayedCollectionInitializer) Current row collection key : org.frcpm.models.TeamMember(959666594538000).attendances#36
10:24:10.313 [main] DEBUG org.hibernate.orm.results.loading.entity - (EntityResultInitializer) Created new entity instance [org.frcpm.models.TeamMember(959666594538000)#36] : 723392590
10:24:10.313 [main] DEBUG org.hibernate.orm.results - Extracted JDBC value [7] - [null]
10:24:10.313 [main] DEBUG org.hibernate.orm.results - Extracted JDBC value [1] - [tasktest@example.com]
10:24:10.313 [main] DEBUG org.hibernate.orm.results - Extracted JDBC value [2] - [Task]
10:24:10.313 [main] DEBUG org.hibernate.orm.results - Extracted JDBC value [3] - [Test]
10:24:10.313 [main] DEBUG org.hibernate.orm.results - Extracted JDBC value [4] - [false]
10:24:10.313 [main] DEBUG org.hibernate.orm.results - Extracted JDBC value [5] - [null]
10:24:10.313 [main] DEBUG org.hibernate.orm.results - Extracted JDBC value [6] - [null]
10:24:10.313 [main] DEBUG org.hibernate.orm.results - Extracted JDBC value [8] - [tasktestuser_1745594395337]
10:24:10.313 [main] DEBUG org.hibernate.orm.results.loading.entity - (EntityResultInitializer) Done materializing entityInstance : org.frcpm.models.TeamMember(959666594538000)#36
10:24:10.313 [main] DEBUG org.hibernate.orm.results.loading - Calling top-level assembler (0 / 1) : org.hibernate.sql.results.graph.entity.internal.EntityAssembler@75798d55
10:24:10.313 [main] DEBUG org.hibernate.orm.results - Extracted JDBC value [0] - [37]
10:24:10.313 [main] DEBUG org.hibernate.orm.results.loading.entity - (EntityResultInitializer) Hydrated EntityKey (org.frcpm.models.TeamMember(959666594538000)): 37
10:24:10.313 [main] DEBUG org.hibernate.orm.results.loading.org.hibernate.orm.results.loading.collection - (DelayedCollectionInitializer) Current row collection key : org.frcpm.models.TeamMember(959666594538000).assignedTasks#37
10:24:10.313 [main] DEBUG org.hibernate.orm.results.loading.org.hibernate.orm.results.loading.collection - (DelayedCollectionInitializer) Current row collection key : org.frcpm.models.TeamMember(959666594538000).attendances#37
10:24:10.313 [main] DEBUG org.hibernate.orm.results.loading.entity - (EntityResultInitializer) Created new entity instance [org.frcpm.models.TeamMember(959666594538000)#37] : 1240972143
10:24:10.313 [main] DEBUG org.hibernate.orm.results - Extracted JDBC value [7] - [null]
10:24:10.313 [main] DEBUG org.hibernate.orm.results - Extracted JDBC value [1] - [tasktest@example.com]
10:24:10.313 [main] DEBUG org.hibernate.orm.results - Extracted JDBC value [2] - [Task]
10:24:10.313 [main] DEBUG org.hibernate.orm.results - Extracted JDBC value [3] - [Test]
10:24:10.313 [main] DEBUG org.hibernate.orm.results - Extracted JDBC value [4] - [false]
10:24:10.313 [main] DEBUG org.hibernate.orm.results - Extracted JDBC value [5] - [null]
10:24:10.313 [main] DEBUG org.hibernate.orm.results - Extracted JDBC value [6] - [null]
10:24:10.313 [main] DEBUG org.hibernate.orm.results - Extracted JDBC value [8] - [tasktestuser_1745594395698]
10:24:10.313 [main] DEBUG org.hibernate.orm.results.loading.entity - (EntityResultInitializer) Done materializing entityInstance : org.frcpm.models.TeamMember(959666594538000)#37
10:24:10.313 [main] DEBUG org.hibernate.orm.results.loading - Calling top-level assembler (0 / 1) : org.hibernate.sql.results.graph.entity.internal.EntityAssembler@75798d55
10:24:10.313 [main] DEBUG org.hibernate.orm.results - Extracted JDBC value [0] - [38]
10:24:10.313 [main] DEBUG org.hibernate.orm.results.loading.entity - (EntityResultInitializer) Hydrated EntityKey (org.frcpm.models.TeamMember(959666594538000)): 38
10:24:10.313 [main] DEBUG org.hibernate.orm.results.loading.org.hibernate.orm.results.loading.collection - (DelayedCollectionInitializer) Current row collection key : org.frcpm.models.TeamMember(959666594538000).assignedTasks#38
10:24:10.313 [main] DEBUG org.hibernate.orm.results.loading.org.hibernate.orm.results.loading.collection - (DelayedCollectionInitializer) Current row collection key : org.frcpm.models.TeamMember(959666594538000).attendances#38
10:24:10.313 [main] DEBUG org.hibernate.orm.results.loading.entity - (EntityResultInitializer) Created new entity instance [org.frcpm.models.TeamMember(959666594538000)#38] : 1298279735
10:24:10.313 [main] DEBUG org.hibernate.orm.results - Extracted JDBC value [7] - [null]
10:24:10.313 [main] DEBUG org.hibernate.orm.results - Extracted JDBC value [1] - [tasktest@example.com]
10:24:10.313 [main] DEBUG org.hibernate.orm.results - Extracted JDBC value [2] - [Task]
10:24:10.313 [main] DEBUG org.hibernate.orm.results - Extracted JDBC value [3] - [Test]
10:24:10.313 [main] DEBUG org.hibernate.orm.results - Extracted JDBC value [4] - [false]
10:24:10.313 [main] DEBUG org.hibernate.orm.results - Extracted JDBC value [5] - [null]
10:24:10.313 [main] DEBUG org.hibernate.orm.results - Extracted JDBC value [6] - [null]
10:24:10.313 [main] DEBUG org.hibernate.orm.results - Extracted JDBC value [8] - [tasktestuser_1745594396071]
10:24:10.313 [main] DEBUG org.hibernate.orm.results.loading.entity - (EntityResultInitializer) Done materializing entityInstance : org.frcpm.models.TeamMember(959666594538000)#38
10:24:10.313 [main] DEBUG org.hibernate.orm.results.loading - Calling top-level assembler (0 / 1) : org.hibernate.sql.results.graph.entity.internal.EntityAssembler@75798d55
10:24:10.313 [main] DEBUG org.hibernate.orm.results - Extracted JDBC value [0] - [39]
10:24:10.313 [main] DEBUG org.hibernate.orm.results.loading.entity - (EntityResultInitializer) Hydrated EntityKey (org.frcpm.models.TeamMember(959666594538000)): 39
10:24:10.313 [main] DEBUG org.hibernate.orm.results.loading.org.hibernate.orm.results.loading.collection - (DelayedCollectionInitializer) Current row collection key : org.frcpm.models.TeamMember(959666594538000).assignedTasks#39
10:24:10.313 [main] DEBUG org.hibernate.orm.results.loading.org.hibernate.orm.results.loading.collection - (DelayedCollectionInitializer) Current row collection key : org.frcpm.models.TeamMember(959666594538000).attendances#39
10:24:10.313 [main] DEBUG org.hibernate.orm.results.loading.entity - (EntityResultInitializer) Created new entity instance [org.frcpm.models.TeamMember(959666594538000)#39] : 2102070514
10:24:10.313 [main] DEBUG org.hibernate.orm.results - Extracted JDBC value [7] - [null]
10:24:10.313 [main] DEBUG org.hibernate.orm.results - Extracted JDBC value [1] - [tasktest@example.com]
10:24:10.313 [main] DEBUG org.hibernate.orm.results - Extracted JDBC value [2] - [Task]
10:24:10.313 [main] DEBUG org.hibernate.orm.results - Extracted JDBC value [3] - [Test]
10:24:10.313 [main] DEBUG org.hibernate.orm.results - Extracted JDBC value [4] - [false]
10:24:10.313 [main] DEBUG org.hibernate.orm.results - Extracted JDBC value [5] - [null]
10:24:10.313 [main] DEBUG org.hibernate.orm.results - Extracted JDBC value [6] - [null]
10:24:10.313 [main] DEBUG org.hibernate.orm.results - Extracted JDBC value [8] - [tasktestuser_1745594396416]
10:24:10.314 [main] DEBUG org.hibernate.orm.results.loading.entity - (EntityResultInitializer) Done materializing entityInstance : org.frcpm.models.TeamMember(959666594538000)#39
10:24:10.314 [main] DEBUG org.hibernate.orm.results.loading - Calling top-level assembler (0 / 1) : org.hibernate.sql.results.graph.entity.internal.EntityAssembler@75798d55
10:24:10.314 [main] DEBUG org.hibernate.orm.results - Extracted JDBC value [0] - [40]
10:24:10.314 [main] DEBUG org.hibernate.orm.results.loading.entity - (EntityResultInitializer) Hydrated EntityKey (org.frcpm.models.TeamMember(959666594538000)): 40
10:24:10.314 [main] DEBUG org.hibernate.orm.results.loading.org.hibernate.orm.results.loading.collection - (DelayedCollectionInitializer) Current row collection key : org.frcpm.models.TeamMember(959666594538000).assignedTasks#40
10:24:10.314 [main] DEBUG org.hibernate.orm.results.loading.org.hibernate.orm.results.loading.collection - (DelayedCollectionInitializer) Current row collection key : org.frcpm.models.TeamMember(959666594538000).attendances#40
10:24:10.314 [main] DEBUG org.hibernate.orm.results.loading.entity - (EntityResultInitializer) Created new entity instance [org.frcpm.models.TeamMember(959666594538000)#40] : 939723900
10:24:10.314 [main] DEBUG org.hibernate.orm.results - Extracted JDBC value [7] - [null]
10:24:10.314 [main] DEBUG org.hibernate.orm.results - Extracted JDBC value [1] - [tasktest@example.com]
10:24:10.314 [main] DEBUG org.hibernate.orm.results - Extracted JDBC value [2] - [Task]
10:24:10.314 [main] DEBUG org.hibernate.orm.results - Extracted JDBC value [3] - [Test]
10:24:10.314 [main] DEBUG org.hibernate.orm.results - Extracted JDBC value [4] - [false]
10:24:10.314 [main] DEBUG org.hibernate.orm.results - Extracted JDBC value [5] - [null]
10:24:10.314 [main] DEBUG org.hibernate.orm.results - Extracted JDBC value [6] - [null]
10:24:10.314 [main] DEBUG org.hibernate.orm.results - Extracted JDBC value [8] - [tasktestuser_1745594396762]
10:24:10.314 [main] DEBUG org.hibernate.orm.results.loading.entity - (EntityResultInitializer) Done materializing entityInstance : org.frcpm.models.TeamMember(959666594538000)#40
10:24:10.314 [main] DEBUG org.hibernate.orm.results.loading - Calling top-level assembler (0 / 1) : org.hibernate.sql.results.graph.entity.internal.EntityAssembler@75798d55
10:24:10.314 [main] DEBUG org.hibernate.orm.results - Extracted JDBC value [0] - [41]
10:24:10.314 [main] DEBUG org.hibernate.orm.results.loading.entity - (EntityResultInitializer) Hydrated EntityKey (org.frcpm.models.TeamMember(959666594538000)): 41
10:24:10.314 [main] DEBUG org.hibernate.orm.results.loading.org.hibernate.orm.results.loading.collection - (DelayedCollectionInitializer) Current row collection key : org.frcpm.models.TeamMember(959666594538000).assignedTasks#41
10:24:10.314 [main] DEBUG org.hibernate.orm.results.loading.org.hibernate.orm.results.loading.collection - (DelayedCollectionInitializer) Current row collection key : org.frcpm.models.TeamMember(959666594538000).attendances#41
10:24:10.314 [main] DEBUG org.hibernate.orm.results.loading.entity - (EntityResultInitializer) Created new entity instance [org.frcpm.models.TeamMember(959666594538000)#41] : 372154479
10:24:10.314 [main] DEBUG org.hibernate.orm.results - Extracted JDBC value [7] - [null]
10:24:10.314 [main] DEBUG org.hibernate.orm.results - Extracted JDBC value [1] - [tasktest@example.com]
10:24:10.314 [main] DEBUG org.hibernate.orm.results - Extracted JDBC value [2] - [Task]
10:24:10.314 [main] DEBUG org.hibernate.orm.results - Extracted JDBC value [3] - [Test]
10:24:10.314 [main] DEBUG org.hibernate.orm.results - Extracted JDBC value [4] - [false]
10:24:10.314 [main] DEBUG org.hibernate.orm.results - Extracted JDBC value [5] - [null]
10:24:10.314 [main] DEBUG org.hibernate.orm.results - Extracted JDBC value [6] - [null]
10:24:10.314 [main] DEBUG org.hibernate.orm.results - Extracted JDBC value [8] - [tasktestuser_1745594397140]
10:24:10.314 [main] DEBUG org.hibernate.orm.results.loading.entity - (EntityResultInitializer) Done materializing entityInstance : org.frcpm.models.TeamMember(959666594538000)#41
10:24:10.314 [main] DEBUG org.hibernate.orm.results.loading - Calling top-level assembler (0 / 1) : org.hibernate.sql.results.graph.entity.internal.EntityAssembler@75798d55
10:24:10.314 [main] DEBUG org.hibernate.orm.results - Extracted JDBC value [0] - [42]
10:24:10.314 [main] DEBUG org.hibernate.orm.results.loading.entity - (EntityResultInitializer) Hydrated EntityKey (org.frcpm.models.TeamMember(959666594538000)): 42
10:24:10.314 [main] DEBUG org.hibernate.orm.results.loading.org.hibernate.orm.results.loading.collection - (DelayedCollectionInitializer) Current row collection key : org.frcpm.models.TeamMember(959666594538000).assignedTasks#42
10:24:10.314 [main] DEBUG org.hibernate.orm.results.loading.org.hibernate.orm.results.loading.collection - (DelayedCollectionInitializer) Current row collection key : org.frcpm.models.TeamMember(959666594538000).attendances#42
10:24:10.314 [main] DEBUG org.hibernate.orm.results.loading.entity - (EntityResultInitializer) Created new entity instance [org.frcpm.models.TeamMember(959666594538000)#42] : 1174430969
10:24:10.314 [main] DEBUG org.hibernate.orm.results - Extracted JDBC value [7] - [null]
10:24:10.314 [main] DEBUG org.hibernate.orm.results - Extracted JDBC value [1] - [tasktest@example.com]
10:24:10.315 [main] DEBUG org.hibernate.orm.results - Extracted JDBC value [2] - [Task]
10:24:10.315 [main] DEBUG org.hibernate.orm.results - Extracted JDBC value [3] - [Test]
10:24:10.315 [main] DEBUG org.hibernate.orm.results - Extracted JDBC value [4] - [false]
10:24:10.315 [main] DEBUG org.hibernate.orm.results - Extracted JDBC value [5] - [null]
10:24:10.315 [main] DEBUG org.hibernate.orm.results - Extracted JDBC value [6] - [null]
10:24:10.315 [main] DEBUG org.hibernate.orm.results - Extracted JDBC value [8] - [tasktestuser_1745594397563]
10:24:10.315 [main] DEBUG org.hibernate.orm.results.loading.entity - (EntityResultInitializer) Done materializing entityInstance : org.frcpm.models.TeamMember(959666594538000)#42
10:24:10.315 [main] DEBUG org.hibernate.orm.results.loading - Calling top-level assembler (0 / 1) : org.hibernate.sql.results.graph.entity.internal.EntityAssembler@75798d55
10:24:10.315 [main] DEBUG org.hibernate.orm.results - Extracted JDBC value [0] - [43]
10:24:10.315 [main] DEBUG org.hibernate.orm.results.loading.entity - (EntityResultInitializer) Hydrated EntityKey (org.frcpm.models.TeamMember(959666594538000)): 43
10:24:10.315 [main] DEBUG org.hibernate.orm.results.loading.org.hibernate.orm.results.loading.collection - (DelayedCollectionInitializer) Current row collection key : org.frcpm.models.TeamMember(959666594538000).assignedTasks#43
10:24:10.315 [main] DEBUG org.hibernate.orm.results.loading.org.hibernate.orm.results.loading.collection - (DelayedCollectionInitializer) Current row collection key : org.frcpm.models.TeamMember(959666594538000).attendances#43
10:24:10.315 [main] DEBUG org.hibernate.orm.results.loading.entity - (EntityResultInitializer) Created new entity instance [org.frcpm.models.TeamMember(959666594538000)#43] : 984918990
10:24:10.315 [main] DEBUG org.hibernate.orm.results - Extracted JDBC value [7] - [null]
10:24:10.315 [main] DEBUG org.hibernate.orm.results - Extracted JDBC value [1] - [tasktest@example.com]
10:24:10.315 [main] DEBUG org.hibernate.orm.results - Extracted JDBC value [2] - [Task]
10:24:10.315 [main] DEBUG org.hibernate.orm.results - Extracted JDBC value [3] - [Test]
10:24:10.315 [main] DEBUG org.hibernate.orm.results - Extracted JDBC value [4] - [false]
10:24:10.315 [main] DEBUG org.hibernate.orm.results - Extracted JDBC value [5] - [null]
10:24:10.315 [main] DEBUG org.hibernate.orm.results - Extracted JDBC value [6] - [null]
10:24:10.315 [main] DEBUG org.hibernate.orm.results - Extracted JDBC value [8] - [tasktestuser_1745594397906]
10:24:10.315 [main] DEBUG org.hibernate.orm.results.loading.entity - (EntityResultInitializer) Done materializing entityInstance : org.frcpm.models.TeamMember(959666594538000)#43
10:24:10.315 [main] DEBUG org.hibernate.orm.results.loading - Calling top-level assembler (0 / 1) : org.hibernate.sql.results.graph.entity.internal.EntityAssembler@75798d55
10:24:10.315 [main] DEBUG org.hibernate.orm.results - Extracted JDBC value [0] - [44]
10:24:10.315 [main] DEBUG org.hibernate.orm.results.loading.entity - (EntityResultInitializer) Hydrated EntityKey (org.frcpm.models.TeamMember(959666594538000)): 44
10:24:10.315 [main] DEBUG org.hibernate.orm.results.loading.org.hibernate.orm.results.loading.collection - (DelayedCollectionInitializer) Current row collection key : org.frcpm.models.TeamMember(959666594538000).assignedTasks#44
10:24:10.315 [main] DEBUG org.hibernate.orm.results.loading.org.hibernate.orm.results.loading.collection - (DelayedCollectionInitializer) Current row collection key : org.frcpm.models.TeamMember(959666594538000).attendances#44
10:24:10.315 [main] DEBUG org.hibernate.orm.results.loading.entity - (EntityResultInitializer) Created new entity instance [org.frcpm.models.TeamMember(959666594538000)#44] : 2074203015
10:24:10.315 [main] DEBUG org.hibernate.orm.results - Extracted JDBC value [7] - [null]
10:24:10.315 [main] DEBUG org.hibernate.orm.results - Extracted JDBC value [1] - [tasktest@example.com]
10:24:10.315 [main] DEBUG org.hibernate.orm.results - Extracted JDBC value [2] - [Task]
10:24:10.315 [main] DEBUG org.hibernate.orm.results - Extracted JDBC value [3] - [Test]
10:24:10.315 [main] DEBUG org.hibernate.orm.results - Extracted JDBC value [4] - [false]
10:24:10.315 [main] DEBUG org.hibernate.orm.results - Extracted JDBC value [5] - [null]
10:24:10.315 [main] DEBUG org.hibernate.orm.results - Extracted JDBC value [6] - [null]
10:24:10.315 [main] DEBUG org.hibernate.orm.results - Extracted JDBC value [8] - [tasktestuser_1745594398275]
10:24:10.315 [main] DEBUG org.hibernate.orm.results.loading.entity - (EntityResultInitializer) Done materializing entityInstance : org.frcpm.models.TeamMember(959666594538000)#44
10:24:10.315 [main] DEBUG org.hibernate.orm.results.loading - Calling top-level assembler (0 / 1) : org.hibernate.sql.results.graph.entity.internal.EntityAssembler@75798d55
10:24:10.315 [main] DEBUG org.hibernate.orm.results - Extracted JDBC value [0] - [45]
10:24:10.315 [main] DEBUG org.hibernate.orm.results.loading.entity - (EntityResultInitializer) Hydrated EntityKey (org.frcpm.models.TeamMember(959666594538000)): 45
10:24:10.315 [main] DEBUG org.hibernate.orm.results.loading.org.hibernate.orm.results.loading.collection - (DelayedCollectionInitializer) Current row collection key : org.frcpm.models.TeamMember(959666594538000).assignedTasks#45
10:24:10.315 [main] DEBUG org.hibernate.orm.results.loading.org.hibernate.orm.results.loading.collection - (DelayedCollectionInitializer) Current row collection key : org.frcpm.models.TeamMember(959666594538000).attendances#45
10:24:10.315 [main] DEBUG org.hibernate.orm.results.loading.entity - (EntityResultInitializer) Created new entity instance [org.frcpm.models.TeamMember(959666594538000)#45] : 711790515
10:24:10.315 [main] DEBUG org.hibernate.orm.results - Extracted JDBC value [7] - [null]
10:24:10.316 [main] DEBUG org.hibernate.orm.results - Extracted JDBC value [1] - [tasktest@example.com]
10:24:10.316 [main] DEBUG org.hibernate.orm.results - Extracted JDBC value [2] - [Task]
10:24:10.316 [main] DEBUG org.hibernate.orm.results - Extracted JDBC value [3] - [Test]
10:24:10.316 [main] DEBUG org.hibernate.orm.results - Extracted JDBC value [4] - [false]
10:24:10.316 [main] DEBUG org.hibernate.orm.results - Extracted JDBC value [5] - [null]
10:24:10.316 [main] DEBUG org.hibernate.orm.results - Extracted JDBC value [6] - [null]
10:24:10.316 [main] DEBUG org.hibernate.orm.results - Extracted JDBC value [8] - [tasktestuser_1745594398667]
10:24:10.316 [main] DEBUG org.hibernate.orm.results.loading.entity - (EntityResultInitializer) Done materializing entityInstance : org.frcpm.models.TeamMember(959666594538000)#45
10:24:10.316 [main] DEBUG org.hibernate.orm.results.loading - Calling top-level assembler (0 / 1) : org.hibernate.sql.results.graph.entity.internal.EntityAssembler@75798d55
10:24:10.316 [main] DEBUG org.hibernate.orm.results - Extracted JDBC value [0] - [46]
10:24:10.316 [main] DEBUG org.hibernate.orm.results.loading.entity - (EntityResultInitializer) Hydrated EntityKey (org.frcpm.models.TeamMember(959666594538000)): 46
10:24:10.316 [main] DEBUG org.hibernate.orm.results.loading.org.hibernate.orm.results.loading.collection - (DelayedCollectionInitializer) Current row collection key : org.frcpm.models.TeamMember(959666594538000).assignedTasks#46
10:24:10.316 [main] DEBUG org.hibernate.orm.results.loading.org.hibernate.orm.results.loading.collection - (DelayedCollectionInitializer) Current row collection key : org.frcpm.models.TeamMember(959666594538000).attendances#46
10:24:10.316 [main] DEBUG org.hibernate.orm.results.loading.entity - (EntityResultInitializer) Created new entity instance [org.frcpm.models.TeamMember(959666594538000)#46] : 547639582
10:24:10.316 [main] DEBUG org.hibernate.orm.results - Extracted JDBC value [7] - [null]
10:24:10.316 [main] DEBUG org.hibernate.orm.results - Extracted JDBC value [1] - [tasktest@example.com]
10:24:10.316 [main] DEBUG org.hibernate.orm.results - Extracted JDBC value [2] - [Task]
10:24:10.316 [main] DEBUG org.hibernate.orm.results - Extracted JDBC value [3] - [Test]
10:24:10.316 [main] DEBUG org.hibernate.orm.results - Extracted JDBC value [4] - [false]
10:24:10.316 [main] DEBUG org.hibernate.orm.results - Extracted JDBC value [5] - [null]
10:24:10.316 [main] DEBUG org.hibernate.orm.results - Extracted JDBC value [6] - [null]
10:24:10.316 [main] DEBUG org.hibernate.orm.results - Extracted JDBC value [8] - [tasktestuser_1745594399126]
10:24:10.316 [main] DEBUG org.hibernate.orm.results.loading.entity - (EntityResultInitializer) Done materializing entityInstance : org.frcpm.models.TeamMember(959666594538000)#46
10:24:10.316 [main] DEBUG org.hibernate.orm.results.loading - Calling top-level assembler (0 / 1) : org.hibernate.sql.results.graph.entity.internal.EntityAssembler@75798d55
10:24:10.316 [main] DEBUG org.hibernate.orm.results - Extracted JDBC value [0] - [47]
10:24:10.316 [main] DEBUG org.hibernate.orm.results.loading.entity - (EntityResultInitializer) Hydrated EntityKey (org.frcpm.models.TeamMember(959666594538000)): 47
10:24:10.316 [main] DEBUG org.hibernate.orm.results.loading.org.hibernate.orm.results.loading.collection - (DelayedCollectionInitializer) Current row collection key : org.frcpm.models.TeamMember(959666594538000).assignedTasks#47
10:24:10.316 [main] DEBUG org.hibernate.orm.results.loading.org.hibernate.orm.results.loading.collection - (DelayedCollectionInitializer) Current row collection key : org.frcpm.models.TeamMember(959666594538000).attendances#47
10:24:10.316 [main] DEBUG org.hibernate.orm.results.loading.entity - (EntityResultInitializer) Created new entity instance [org.frcpm.models.TeamMember(959666594538000)#47] : 1717854162
10:24:10.316 [main] DEBUG org.hibernate.orm.results - Extracted JDBC value [7] - [null]
10:24:10.316 [main] DEBUG org.hibernate.orm.results - Extracted JDBC value [1] - [tasktest@example.com]
10:24:10.316 [main] DEBUG org.hibernate.orm.results - Extracted JDBC value [2] - [Task]
10:24:10.316 [main] DEBUG org.hibernate.orm.results - Extracted JDBC value [3] - [Test]
10:24:10.316 [main] DEBUG org.hibernate.orm.results - Extracted JDBC value [4] - [false]
10:24:10.316 [main] DEBUG org.hibernate.orm.results - Extracted JDBC value [5] - [null]
10:24:10.316 [main] DEBUG org.hibernate.orm.results - Extracted JDBC value [6] - [null]
10:24:10.316 [main] DEBUG org.hibernate.orm.results - Extracted JDBC value [8] - [tasktestuser_1745594399532]
10:24:10.316 [main] DEBUG org.hibernate.orm.results.loading.entity - (EntityResultInitializer) Done materializing entityInstance : org.frcpm.models.TeamMember(959666594538000)#47
10:24:10.316 [main] DEBUG org.hibernate.orm.results.loading - Calling top-level assembler (0 / 1) : org.hibernate.sql.results.graph.entity.internal.EntityAssembler@75798d55
10:24:10.316 [main] DEBUG org.hibernate.orm.results - Extracted JDBC value [0] - [48]
10:24:10.316 [main] DEBUG org.hibernate.orm.results.loading.entity - (EntityResultInitializer) Hydrated EntityKey (org.frcpm.models.TeamMember(959666594538000)): 48
10:24:10.316 [main] DEBUG org.hibernate.orm.results.loading.org.hibernate.orm.results.loading.collection - (DelayedCollectionInitializer) Current row collection key : org.frcpm.models.TeamMember(959666594538000).assignedTasks#48
10:24:10.316 [main] DEBUG org.hibernate.orm.results.loading.org.hibernate.orm.results.loading.collection - (DelayedCollectionInitializer) Current row collection key : org.frcpm.models.TeamMember(959666594538000).attendances#48
10:24:10.316 [main] DEBUG org.hibernate.orm.results.loading.entity - (EntityResultInitializer) Created new entity instance [org.frcpm.models.TeamMember(959666594538000)#48] : 361228710
10:24:10.316 [main] DEBUG org.hibernate.orm.results - Extracted JDBC value [7] - [null]
10:24:10.316 [main] DEBUG org.hibernate.orm.results - Extracted JDBC value [1] - [tasktest@example.com]
10:24:10.316 [main] DEBUG org.hibernate.orm.results - Extracted JDBC value [2] - [Task]
10:24:10.316 [main] DEBUG org.hibernate.orm.results - Extracted JDBC value [3] - [Test]
10:24:10.316 [main] DEBUG org.hibernate.orm.results - Extracted JDBC value [4] - [false]
10:24:10.316 [main] DEBUG org.hibernate.orm.results - Extracted JDBC value [5] - [null]
10:24:10.317 [main] DEBUG org.hibernate.orm.results - Extracted JDBC value [6] - [null]
10:24:10.317 [main] DEBUG org.hibernate.orm.results - Extracted JDBC value [8] - [tasktestuser_1745594400014]
10:24:10.317 [main] DEBUG org.hibernate.orm.results.loading.entity - (EntityResultInitializer) Done materializing entityInstance : org.frcpm.models.TeamMember(959666594538000)#48
10:24:10.317 [main] DEBUG org.hibernate.orm.results.loading - Calling top-level assembler (0 / 1) : org.hibernate.sql.results.graph.entity.internal.EntityAssembler@75798d55
10:24:10.317 [main] DEBUG org.hibernate.orm.results - Extracted JDBC value [0] - [53]
10:24:10.317 [main] DEBUG org.hibernate.orm.results.loading.entity - (EntityResultInitializer) Hydrated EntityKey (org.frcpm.models.TeamMember(959666594538000)): 53
10:24:10.317 [main] DEBUG org.hibernate.orm.results.loading.org.hibernate.orm.results.loading.collection - (DelayedCollectionInitializer) Current row collection key : org.frcpm.models.TeamMember(959666594538000).assignedTasks#53
10:24:10.317 [main] DEBUG org.hibernate.orm.results.loading.org.hibernate.orm.results.loading.collection - (DelayedCollectionInitializer) Current row collection key : org.frcpm.models.TeamMember(959666594538000).attendances#53
10:24:10.317 [main] DEBUG org.hibernate.orm.results.loading.entity - (EntityResultInitializer) Created new entity instance [org.frcpm.models.TeamMember(959666594538000)#53] : 527217198
10:24:10.317 [main] DEBUG org.hibernate.orm.results - Extracted JDBC value [7] - [null]
10:24:10.317 [main] DEBUG org.hibernate.orm.results - Extracted JDBC value [1] - [testcount@example.com]
10:24:10.317 [main] DEBUG org.hibernate.orm.results - Extracted JDBC value [2] - [Test]
10:24:10.317 [main] DEBUG org.hibernate.orm.results - Extracted JDBC value [3] - [Count]
10:24:10.317 [main] DEBUG org.hibernate.orm.results - Extracted JDBC value [4] - [false]
10:24:10.317 [main] DEBUG org.hibernate.orm.results - Extracted JDBC value [5] - [null]
10:24:10.317 [main] DEBUG org.hibernate.orm.results - Extracted JDBC value [6] - [null]
10:24:10.317 [main] DEBUG org.hibernate.orm.results - Extracted JDBC value [8] - [testcount]
10:24:10.317 [main] DEBUG org.hibernate.orm.results.loading.entity - (EntityResultInitializer) Done materializing entityInstance : org.frcpm.models.TeamMember(959666594538000)#53
10:24:10.317 [main] DEBUG org.hibernate.orm.results.loading - Calling top-level assembler (0 / 1) : org.hibernate.sql.results.graph.entity.internal.EntityAssembler@75798d55
10:24:10.317 [main] DEBUG org.hibernate.orm.results - Extracted JDBC value [0] - [56]
10:24:10.317 [main] DEBUG org.hibernate.orm.results.loading.entity - (EntityResultInitializer) Hydrated EntityKey (org.frcpm.models.TeamMember(959666594538000)): 56
10:24:10.317 [main] DEBUG org.hibernate.orm.results.loading.org.hibernate.orm.results.loading.collection - (DelayedCollectionInitializer) Current row collection key : org.frcpm.models.TeamMember(959666594538000).assignedTasks#56
10:24:10.317 [main] DEBUG org.hibernate.orm.results.loading.org.hibernate.orm.results.loading.collection - (DelayedCollectionInitializer) Current row collection key : org.frcpm.models.TeamMember(959666594538000).attendances#56
10:24:10.317 [main] DEBUG org.hibernate.orm.results.loading.entity - (EntityResultInitializer) Created new entity instance [org.frcpm.models.TeamMember(959666594538000)#56] : 1816311269
10:24:10.317 [main] DEBUG org.hibernate.orm.results - Extracted JDBC value [7] - [null]
10:24:10.317 [main] DEBUG org.hibernate.orm.results - Extracted JDBC value [1] - [testsave@example.com]
10:24:10.317 [main] DEBUG org.hibernate.orm.results - Extracted JDBC value [2] - [Test]
10:24:10.317 [main] DEBUG org.hibernate.orm.results - Extracted JDBC value [3] - [Save]
10:24:10.317 [main] DEBUG org.hibernate.orm.results - Extracted JDBC value [4] - [false]
10:24:10.317 [main] DEBUG org.hibernate.orm.results - Extracted JDBC value [5] - [555-SAVE]
10:24:10.317 [main] DEBUG org.hibernate.orm.results - Extracted JDBC value [6] - [Testing]
10:24:10.317 [main] DEBUG org.hibernate.orm.results - Extracted JDBC value [8] - [testsave]
10:24:10.317 [main] DEBUG org.hibernate.orm.results.loading.entity - (EntityResultInitializer) Done materializing entityInstance : org.frcpm.models.TeamMember(959666594538000)#56
10:24:10.318 [main] DEBUG org.hibernate.orm.results.loading - Calling top-level assembler (0 / 1) : org.hibernate.sql.results.graph.entity.internal.EntityAssembler@75798d55
10:24:10.318 [main] DEBUG org.hibernate.orm.results - Extracted JDBC value [0] - [77]
10:24:10.318 [main] DEBUG org.hibernate.orm.results.loading.entity - (EntityResultInitializer) Hydrated EntityKey (org.frcpm.models.TeamMember(959666594538000)): 77
10:24:10.318 [main] DEBUG org.hibernate.orm.results.loading.org.hibernate.orm.results.loading.collection - (DelayedCollectionInitializer) Current row collection key : org.frcpm.models.TeamMember(959666594538000).assignedTasks#77
10:24:10.318 [main] DEBUG org.hibernate.orm.results.loading.org.hibernate.orm.results.loading.collection - (DelayedCollectionInitializer) Current row collection key : org.frcpm.models.TeamMember(959666594538000).attendances#77
10:24:10.318 [main] DEBUG org.hibernate.orm.results.loading.entity - (EntityResultInitializer) Created new entity instance [org.frcpm.models.TeamMember(959666594538000)#77] : 604560365
10:24:10.318 [main] DEBUG org.hibernate.orm.results - Extracted JDBC value [7] - [null]
10:24:10.318 [main] DEBUG org.hibernate.orm.results - Extracted JDBC value [1] - [testupdate@example.com]
10:24:10.318 [main] DEBUG org.hibernate.orm.results - Extracted JDBC value [2] - [Updated]
10:24:10.318 [main] DEBUG org.hibernate.orm.results - Extracted JDBC value [3] - [Update]
10:24:10.318 [main] DEBUG org.hibernate.orm.results - Extracted JDBC value [4] - [false]
10:24:10.318 [main] DEBUG org.hibernate.orm.results - Extracted JDBC value [5] - [null]
10:24:10.318 [main] DEBUG org.hibernate.orm.results - Extracted JDBC value [6] - [Updated Skills]
10:24:10.318 [main] DEBUG org.hibernate.orm.results - Extracted JDBC value [8] - [testupdate]
10:24:10.318 [main] DEBUG org.hibernate.orm.results.loading.entity - (EntityResultInitializer) Done materializing entityInstance : org.frcpm.models.TeamMember(959666594538000)#77
10:24:10.318 [main] DEBUG org.hibernate.orm.results.loading - Calling top-level assembler (0 / 1) : org.hibernate.sql.results.graph.entity.internal.EntityAssembler@75798d55
10:24:10.318 [main] DEBUG org.hibernate.orm.results - Extracted JDBC value [0] - [84]
10:24:10.318 [main] DEBUG org.hibernate.orm.results.loading.entity - (EntityResultInitializer) Hydrated EntityKey (org.frcpm.models.TeamMember(959666594538000)): 84
10:24:10.318 [main] DEBUG org.hibernate.orm.results.loading.org.hibernate.orm.results.loading.collection - (DelayedCollectionInitializer) Current row collection key : org.frcpm.models.TeamMember(959666594538000).assignedTasks#84
10:24:10.318 [main] DEBUG org.hibernate.orm.results.loading.org.hibernate.orm.results.loading.collection - (DelayedCollectionInitializer) Current row collection key : org.frcpm.models.TeamMember(959666594538000).attendances#84
10:24:10.318 [main] DEBUG org.hibernate.orm.results.loading.entity - (EntityResultInitializer) Created new entity instance [org.frcpm.models.TeamMember(959666594538000)#84] : 1132614019
10:24:10.318 [main] DEBUG org.hibernate.orm.results - Extracted JDBC value [7] - [null]
10:24:10.318 [main] DEBUG org.hibernate.orm.results - Extracted JDBC value [1] - [attendance3@example.com]
10:24:10.318 [main] DEBUG org.hibernate.orm.results - Extracted JDBC value [2] - [Attendance]
10:24:10.318 [main] DEBUG org.hibernate.orm.results - Extracted JDBC value [3] - [Test3]
10:24:10.318 [main] DEBUG org.hibernate.orm.results - Extracted JDBC value [4] - [false]
10:24:10.318 [main] DEBUG org.hibernate.orm.results - Extracted JDBC value [5] - [555-9012]
10:24:10.318 [main] DEBUG org.hibernate.orm.results - Extracted JDBC value [6] - [null]
10:24:10.318 [main] DEBUG org.hibernate.orm.results - Extracted JDBC value [8] - [attendancetest3]
10:24:10.318 [main] DEBUG org.hibernate.orm.results.loading.entity - (EntityResultInitializer) Done materializing entityInstance : org.frcpm.models.TeamMember(959666594538000)#84
10:24:10.318 [main] DEBUG org.hibernate.orm.results.loading - Calling top-level assembler (0 / 1) : org.hibernate.sql.results.graph.entity.internal.EntityAssembler@75798d55
10:24:10.318 [main] DEBUG org.hibernate.resource.jdbc.internal.LogicalConnectionManagedImpl - Initiating JDBC connection release from afterTransaction
10:24:10.318 [main] DEBUG org.hibernate.resource.jdbc.internal.LogicalConnectionManagedImpl - Initiating JDBC connection release from afterTransaction
10:24:10.321 [main] DEBUG org.hibernate.orm.sql.ast.create - Created new SQL alias : s1_0
10:24:10.321 [main] DEBUG org.hibernate.orm.sql.ast.create - Registration of TableGroup [StandardTableGroup(org.frcpm.models.Subteam(959666605949400))] with identifierForTableGroup [org.frcpm.models.Subteam] for NavigablePath [org.frcpm.models.Subteam] 
10:24:10.322 [main] DEBUG org.hibernate.orm.results.graph.AST - DomainResult Graph:
 \-EntityResultImpl [org.frcpm.models.Subteam(959666605949400)]
 |  +-BasicFetch [org.frcpm.models.Subteam(959666605949400).colorCode]
 |  +-DelayedCollectionFetch [org.frcpm.models.Subteam(959666605949400).members]
 |  +-BasicFetch [org.frcpm.models.Subteam(959666605949400).name]
 |  +-BasicFetch [org.frcpm.models.Subteam(959666605949400).specialties]
 |  \-DelayedCollectionFetch [org.frcpm.models.Subteam(959666605949400).subsystems]

10:24:10.322 [main] DEBUG org.hibernate.orm.sql.ast.tree - SQL AST Tree:
    SelectStatement {
      FromClause {
        StandardTableGroup (s1 : org.frcpm.models.Subteam(959666605949400)) {
          primaryTableReference : subteams as s1_0
        }
      }
    }

10:24:10.323 [main] DEBUG org.hibernate.orm.sql.exec - Skipping reading Query result cache data: cache-enabled = false, cache-mode = NORMAL
10:24:10.323 [main] DEBUG org.hibernate.orm.results - Initializer list:
	  org.frcpm.models.Subteam(959666605949400) -> EntityResultInitializer(org.frcpm.models.Subteam(959666605949400))@1248699341 (SingleTableEntityPersister(org.frcpm.models.Subteam))
	  org.frcpm.models.Subteam(959666605949400).subsystems -> DelayedCollectionInitializer(org.frcpm.models.Subteam(959666605949400).subsystems)@559132941 (PluralAttribute(org.frcpm.models.Subteam.subsystems))
	  org.frcpm.models.Subteam(959666605949400).members -> DelayedCollectionInitializer(org.frcpm.models.Subteam(959666605949400).members)@1183709019 (PluralAttribute(org.frcpm.models.Subteam.members))

10:24:10.323 [main] DEBUG org.hibernate.SQL - select s1_0.id,s1_0.color_code,s1_0.name,s1_0.specialties from subteams s1_0
10:24:10.323 [main] DEBUG org.hibernate.orm.results - Extracted JDBC value [0] - [1]
10:24:10.323 [main] DEBUG org.hibernate.orm.results.loading.entity - (EntityResultInitializer) Hydrated EntityKey (org.frcpm.models.Subteam(959666605949400)): 1
10:24:10.323 [main] DEBUG org.hibernate.orm.results.loading.org.hibernate.orm.results.loading.collection - (DelayedCollectionInitializer) Current row collection key : org.frcpm.models.Subteam(959666605949400).members#1
10:24:10.323 [main] DEBUG org.hibernate.orm.results.loading.org.hibernate.orm.results.loading.collection - (DelayedCollectionInitializer) Current row collection key : org.frcpm.models.Subteam(959666605949400).subsystems#1
10:24:10.323 [main] DEBUG org.hibernate.orm.results.loading.entity - (EntityResultInitializer) Created new entity instance [org.frcpm.models.Subteam(959666605949400)#1] : 475601084
10:24:10.323 [main] DEBUG org.hibernate.orm.results - Extracted JDBC value [1] - [#FF5733]
10:24:10.323 [main] DEBUG org.hibernate.orm.results - Extracted JDBC value [2] - [Mechanical]
10:24:10.323 [main] DEBUG org.hibernate.orm.results - Extracted JDBC value [3] - [Design, CAD, Fabrication, Assembly]
10:24:10.323 [main] DEBUG org.hibernate.orm.results.loading.entity - (EntityResultInitializer) Done materializing entityInstance : org.frcpm.models.Subteam(959666605949400)#1
10:24:10.323 [main] DEBUG org.hibernate.orm.results.loading - Calling top-level assembler (0 / 1) : org.hibernate.sql.results.graph.entity.internal.EntityAssembler@37d6ea99
10:24:10.323 [main] DEBUG org.hibernate.orm.results - Extracted JDBC value [0] - [2]
10:24:10.323 [main] DEBUG org.hibernate.orm.results.loading.entity - (EntityResultInitializer) Hydrated EntityKey (org.frcpm.models.Subteam(959666605949400)): 2
10:24:10.323 [main] DEBUG org.hibernate.orm.results.loading.org.hibernate.orm.results.loading.collection - (DelayedCollectionInitializer) Current row collection key : org.frcpm.models.Subteam(959666605949400).members#2
10:24:10.324 [main] DEBUG org.hibernate.orm.results.loading.org.hibernate.orm.results.loading.collection - (DelayedCollectionInitializer) Current row collection key : org.frcpm.models.Subteam(959666605949400).subsystems#2
10:24:10.324 [main] DEBUG org.hibernate.orm.results.loading.entity - (EntityResultInitializer) Created new entity instance [org.frcpm.models.Subteam(959666605949400)#2] : 1662949415
10:24:10.324 [main] DEBUG org.hibernate.orm.results - Extracted JDBC value [1] - [#33A8FF]
10:24:10.324 [main] DEBUG org.hibernate.orm.results - Extracted JDBC value [2] - [Electrical]
10:24:10.324 [main] DEBUG org.hibernate.orm.results - Extracted JDBC value [3] - [Wiring, Electronics, Sensors, Power Systems]
10:24:10.324 [main] DEBUG org.hibernate.orm.results.loading.entity - (EntityResultInitializer) Done materializing entityInstance : org.frcpm.models.Subteam(959666605949400)#2
10:24:10.324 [main] DEBUG org.hibernate.orm.results.loading - Calling top-level assembler (0 / 1) : org.hibernate.sql.results.graph.entity.internal.EntityAssembler@37d6ea99
10:24:10.324 [main] DEBUG org.hibernate.orm.results - Extracted JDBC value [0] - [3]
10:24:10.324 [main] DEBUG org.hibernate.orm.results.loading.entity - (EntityResultInitializer) Hydrated EntityKey (org.frcpm.models.Subteam(959666605949400)): 3
10:24:10.324 [main] DEBUG org.hibernate.orm.results.loading.org.hibernate.orm.results.loading.collection - (DelayedCollectionInitializer) Current row collection key : org.frcpm.models.Subteam(959666605949400).members#3
10:24:10.324 [main] DEBUG org.hibernate.orm.results.loading.org.hibernate.orm.results.loading.collection - (DelayedCollectionInitializer) Current row collection key : org.frcpm.models.Subteam(959666605949400).subsystems#3
10:24:10.324 [main] DEBUG org.hibernate.orm.results.loading.entity - (EntityResultInitializer) Created new entity instance [org.frcpm.models.Subteam(959666605949400)#3] : 1397837928
10:24:10.324 [main] DEBUG org.hibernate.orm.results - Extracted JDBC value [1] - [#33FF57]
10:24:10.324 [main] DEBUG org.hibernate.orm.results - Extracted JDBC value [2] - [Programming]
10:24:10.324 [main] DEBUG org.hibernate.orm.results - Extracted JDBC value [3] - [Java, Vision, Control Systems, Autonomous]
10:24:10.324 [main] DEBUG org.hibernate.orm.results.loading.entity - (EntityResultInitializer) Done materializing entityInstance : org.frcpm.models.Subteam(959666605949400)#3
10:24:10.324 [main] DEBUG org.hibernate.orm.results.loading - Calling top-level assembler (0 / 1) : org.hibernate.sql.results.graph.entity.internal.EntityAssembler@37d6ea99
10:24:10.324 [main] DEBUG org.hibernate.orm.results - Extracted JDBC value [0] - [4]
10:24:10.324 [main] DEBUG org.hibernate.orm.results.loading.entity - (EntityResultInitializer) Hydrated EntityKey (org.frcpm.models.Subteam(959666605949400)): 4
10:24:10.324 [main] DEBUG org.hibernate.orm.results.loading.org.hibernate.orm.results.loading.collection - (DelayedCollectionInitializer) Current row collection key : org.frcpm.models.Subteam(959666605949400).members#4
10:24:10.324 [main] DEBUG org.hibernate.orm.results.loading.org.hibernate.orm.results.loading.collection - (DelayedCollectionInitializer) Current row collection key : org.frcpm.models.Subteam(959666605949400).subsystems#4
10:24:10.324 [main] DEBUG org.hibernate.orm.results.loading.entity - (EntityResultInitializer) Created new entity instance [org.frcpm.models.Subteam(959666605949400)#4] : 345079352
10:24:10.324 [main] DEBUG org.hibernate.orm.results - Extracted JDBC value [1] - [#FF33A8]
10:24:10.324 [main] DEBUG org.hibernate.orm.results - Extracted JDBC value [2] - [Business]
10:24:10.324 [main] DEBUG org.hibernate.orm.results - Extracted JDBC value [3] - [Fundraising, Marketing, Outreach, Awards]
10:24:10.324 [main] DEBUG org.hibernate.orm.results.loading.entity - (EntityResultInitializer) Done materializing entityInstance : org.frcpm.models.Subteam(959666605949400)#4
10:24:10.324 [main] DEBUG org.hibernate.orm.results.loading - Calling top-level assembler (0 / 1) : org.hibernate.sql.results.graph.entity.internal.EntityAssembler@37d6ea99
10:24:10.324 [main] DEBUG org.hibernate.orm.results - Extracted JDBC value [0] - [24]
10:24:10.324 [main] DEBUG org.hibernate.orm.results.loading.entity - (EntityResultInitializer) Hydrated EntityKey (org.frcpm.models.Subteam(959666605949400)): 24
10:24:10.324 [main] DEBUG org.hibernate.orm.results.loading.org.hibernate.orm.results.loading.collection - (DelayedCollectionInitializer) Current row collection key : org.frcpm.models.Subteam(959666605949400).members#24
10:24:10.324 [main] DEBUG org.hibernate.orm.results.loading.org.hibernate.orm.results.loading.collection - (DelayedCollectionInitializer) Current row collection key : org.frcpm.models.Subteam(959666605949400).subsystems#24
10:24:10.324 [main] DEBUG org.hibernate.orm.results.loading.entity - (EntityResultInitializer) Created new entity instance [org.frcpm.models.Subteam(959666605949400)#24] : 1182192724
10:24:10.324 [main] DEBUG org.hibernate.orm.results - Extracted JDBC value [1] - [#0000FF]
10:24:10.324 [main] DEBUG org.hibernate.orm.results - Extracted JDBC value [2] - [Test Count Subteam]
10:24:10.324 [main] DEBUG org.hibernate.orm.results - Extracted JDBC value [3] - [null]
10:24:10.324 [main] DEBUG org.hibernate.orm.results.loading.entity - (EntityResultInitializer) Done materializing entityInstance : org.frcpm.models.Subteam(959666605949400)#24
10:24:10.324 [main] DEBUG org.hibernate.orm.results.loading - Calling top-level assembler (0 / 1) : org.hibernate.sql.results.graph.entity.internal.EntityAssembler@37d6ea99
10:24:10.324 [main] DEBUG org.hibernate.orm.results - Extracted JDBC value [0] - [27]
10:24:10.324 [main] DEBUG org.hibernate.orm.results.loading.entity - (EntityResultInitializer) Hydrated EntityKey (org.frcpm.models.Subteam(959666605949400)): 27
10:24:10.324 [main] DEBUG org.hibernate.orm.results.loading.org.hibernate.orm.results.loading.collection - (DelayedCollectionInitializer) Current row collection key : org.frcpm.models.Subteam(959666605949400).members#27
10:24:10.324 [main] DEBUG org.hibernate.orm.results.loading.org.hibernate.orm.results.loading.collection - (DelayedCollectionInitializer) Current row collection key : org.frcpm.models.Subteam(959666605949400).subsystems#27
10:24:10.324 [main] DEBUG org.hibernate.orm.results.loading.entity - (EntityResultInitializer) Created new entity instance [org.frcpm.models.Subteam(959666605949400)#27] : 300992832
10:24:10.324 [main] DEBUG org.hibernate.orm.results - Extracted JDBC value [1] - [#0000FF]
10:24:10.324 [main] DEBUG org.hibernate.orm.results - Extracted JDBC value [2] - [Test Save Subteam]
10:24:10.324 [main] DEBUG org.hibernate.orm.results - Extracted JDBC value [3] - [Testing]
10:24:10.324 [main] DEBUG org.hibernate.orm.results.loading.entity - (EntityResultInitializer) Done materializing entityInstance : org.frcpm.models.Subteam(959666605949400)#27
10:24:10.324 [main] DEBUG org.hibernate.orm.results.loading - Calling top-level assembler (0 / 1) : org.hibernate.sql.results.graph.entity.internal.EntityAssembler@37d6ea99
10:24:10.324 [main] DEBUG org.hibernate.orm.results - Extracted JDBC value [0] - [42]
10:24:10.324 [main] DEBUG org.hibernate.orm.results.loading.entity - (EntityResultInitializer) Hydrated EntityKey (org.frcpm.models.Subteam(959666605949400)): 42
10:24:10.324 [main] DEBUG org.hibernate.orm.results.loading.org.hibernate.orm.results.loading.collection - (DelayedCollectionInitializer) Current row collection key : org.frcpm.models.Subteam(959666605949400).members#42
10:24:10.324 [main] DEBUG org.hibernate.orm.results.loading.org.hibernate.orm.results.loading.collection - (DelayedCollectionInitializer) Current row collection key : org.frcpm.models.Subteam(959666605949400).subsystems#42
10:24:10.325 [main] DEBUG org.hibernate.orm.results.loading.entity - (EntityResultInitializer) Created new entity instance [org.frcpm.models.Subteam(959666605949400)#42] : 1599103491
10:24:10.325 [main] DEBUG org.hibernate.orm.results - Extracted JDBC value [1] - [#00FFFF]
10:24:10.325 [main] DEBUG org.hibernate.orm.results - Extracted JDBC value [2] - [Updated Subteam Name]
10:24:10.325 [main] DEBUG org.hibernate.orm.results - Extracted JDBC value [3] - [null]
10:24:10.325 [main] DEBUG org.hibernate.orm.results.loading.entity - (EntityResultInitializer) Done materializing entityInstance : org.frcpm.models.Subteam(959666605949400)#42
10:24:10.325 [main] DEBUG org.hibernate.orm.results.loading - Calling top-level assembler (0 / 1) : org.hibernate.sql.results.graph.entity.internal.EntityAssembler@37d6ea99
10:24:10.325 [main] DEBUG org.hibernate.orm.results - Extracted JDBC value [0] - [67]
10:24:10.325 [main] DEBUG org.hibernate.orm.results.loading.entity - (EntityResultInitializer) Hydrated EntityKey (org.frcpm.models.Subteam(959666605949400)): 67
10:24:10.325 [main] DEBUG org.hibernate.orm.results.loading.org.hibernate.orm.results.loading.collection - (DelayedCollectionInitializer) Current row collection key : org.frcpm.models.Subteam(959666605949400).members#67
10:24:10.325 [main] DEBUG org.hibernate.orm.results.loading.org.hibernate.orm.results.loading.collection - (DelayedCollectionInitializer) Current row collection key : org.frcpm.models.Subteam(959666605949400).subsystems#67
10:24:10.325 [main] DEBUG org.hibernate.orm.results.loading.entity - (EntityResultInitializer) Created new entity instance [org.frcpm.models.Subteam(959666605949400)#67] : 505279290
10:24:10.325 [main] DEBUG org.hibernate.orm.results - Extracted JDBC value [1] - [#0000FF]
10:24:10.325 [main] DEBUG org.hibernate.orm.results - Extracted JDBC value [2] - [Test Create Service Subteam]
10:24:10.325 [main] DEBUG org.hibernate.orm.results - Extracted JDBC value [3] - [Testing, Quality Assurance]
10:24:10.325 [main] DEBUG org.hibernate.orm.results.loading.entity - (EntityResultInitializer) Done materializing entityInstance : org.frcpm.models.Subteam(959666605949400)#67
10:24:10.325 [main] DEBUG org.hibernate.orm.results.loading - Calling top-level assembler (0 / 1) : org.hibernate.sql.results.graph.entity.internal.EntityAssembler@37d6ea99
10:24:10.325 [main] DEBUG org.hibernate.orm.results - Extracted JDBC value [0] - [70]
10:24:10.325 [main] DEBUG org.hibernate.orm.results.loading.entity - (EntityResultInitializer) Hydrated EntityKey (org.frcpm.models.Subteam(959666605949400)): 70
10:24:10.325 [main] DEBUG org.hibernate.orm.results.loading.org.hibernate.orm.results.loading.collection - (DelayedCollectionInitializer) Current row collection key : org.frcpm.models.Subteam(959666605949400).members#70
10:24:10.325 [main] DEBUG org.hibernate.orm.results.loading.org.hibernate.orm.results.loading.collection - (DelayedCollectionInitializer) Current row collection key : org.frcpm.models.Subteam(959666605949400).subsystems#70
10:24:10.325 [main] DEBUG org.hibernate.orm.results.loading.entity - (EntityResultInitializer) Created new entity instance [org.frcpm.models.Subteam(959666605949400)#70] : 1611249687
10:24:10.325 [main] DEBUG org.hibernate.orm.results - Extracted JDBC value [1] - [#00FFFF]
10:24:10.325 [main] DEBUG org.hibernate.orm.results - Extracted JDBC value [2] - [Test Color Update Subteam]
10:24:10.325 [main] DEBUG org.hibernate.orm.results - Extracted JDBC value [3] - [Specialties]
10:24:10.325 [main] DEBUG org.hibernate.orm.results.loading.entity - (EntityResultInitializer) Done materializing entityInstance : org.frcpm.models.Subteam(959666605949400)#70
10:24:10.325 [main] DEBUG org.hibernate.orm.results.loading - Calling top-level assembler (0 / 1) : org.hibernate.sql.results.graph.entity.internal.EntityAssembler@37d6ea99
10:24:10.325 [main] DEBUG org.hibernate.orm.results - Extracted JDBC value [0] - [79]
10:24:10.325 [main] DEBUG org.hibernate.orm.results.loading.entity - (EntityResultInitializer) Hydrated EntityKey (org.frcpm.models.Subteam(959666605949400)): 79
10:24:10.325 [main] DEBUG org.hibernate.orm.results.loading.org.hibernate.orm.results.loading.collection - (DelayedCollectionInitializer) Current row collection key : org.frcpm.models.Subteam(959666605949400).members#79
10:24:10.325 [main] DEBUG org.hibernate.orm.results.loading.org.hibernate.orm.results.loading.collection - (DelayedCollectionInitializer) Current row collection key : org.frcpm.models.Subteam(959666605949400).subsystems#79
10:24:10.325 [main] DEBUG org.hibernate.orm.results.loading.entity - (EntityResultInitializer) Created new entity instance [org.frcpm.models.Subteam(959666605949400)#79] : 1078102490
10:24:10.325 [main] DEBUG org.hibernate.orm.results - Extracted JDBC value [1] - [#0000FF]
10:24:10.325 [main] DEBUG org.hibernate.orm.results - Extracted JDBC value [2] - [Test Update Subteam]
10:24:10.325 [main] DEBUG org.hibernate.orm.results - Extracted JDBC value [3] - [Updated Specialties]
10:24:10.325 [main] DEBUG org.hibernate.orm.results.loading.entity - (EntityResultInitializer) Done materializing entityInstance : org.frcpm.models.Subteam(959666605949400)#79
10:24:10.326 [main] DEBUG org.hibernate.orm.results.loading - Calling top-level assembler (0 / 1) : org.hibernate.sql.results.graph.entity.internal.EntityAssembler@37d6ea99
10:24:10.326 [main] DEBUG org.hibernate.orm.results - Extracted JDBC value [0] - [87]
10:24:10.326 [main] DEBUG org.hibernate.orm.results.loading.entity - (EntityResultInitializer) Hydrated EntityKey (org.frcpm.models.Subteam(959666605949400)): 87
10:24:10.326 [main] DEBUG org.hibernate.orm.results.loading.org.hibernate.orm.results.loading.collection - (DelayedCollectionInitializer) Current row collection key : org.frcpm.models.Subteam(959666605949400).members#87
10:24:10.326 [main] DEBUG org.hibernate.orm.results.loading.org.hibernate.orm.results.loading.collection - (DelayedCollectionInitializer) Current row collection key : org.frcpm.models.Subteam(959666605949400).subsystems#87
10:24:10.326 [main] DEBUG org.hibernate.orm.results.loading.entity - (EntityResultInitializer) Created new entity instance [org.frcpm.models.Subteam(959666605949400)#87] : 1834258743
10:24:10.326 [main] DEBUG org.hibernate.orm.results - Extracted JDBC value [1] - [#0000FF]
10:24:10.326 [main] DEBUG org.hibernate.orm.results - Extracted JDBC value [2] - [Duplicate Name Subteam]
10:24:10.326 [main] DEBUG org.hibernate.orm.results - Extracted JDBC value [3] - [Specialties]
10:24:10.326 [main] DEBUG org.hibernate.orm.results.loading.entity - (EntityResultInitializer) Done materializing entityInstance : org.frcpm.models.Subteam(959666605949400)#87
10:24:10.326 [main] DEBUG org.hibernate.orm.results.loading - Calling top-level assembler (0 / 1) : org.hibernate.sql.results.graph.entity.internal.EntityAssembler@37d6ea99
10:24:10.326 [main] DEBUG org.hibernate.resource.jdbc.internal.LogicalConnectionManagedImpl - Initiating JDBC connection release from afterTransaction
10:24:10.326 [main] DEBUG org.hibernate.resource.jdbc.internal.LogicalConnectionManagedImpl - Initiating JDBC connection release from afterTransaction
]]></system-out>
  </testcase>
  <testcase name="testHandleDeleteSubteam_Confirmed" classname="org.frcpm.controllers.TeamControllerTest" time="0.018">
    <system-out><![CDATA[10:24:11.655 [main] DEBUG org.hibernate.orm.sql.ast.create - Created new SQL alias : tm1_0
10:24:11.655 [main] DEBUG org.hibernate.orm.sql.ast.create - Registration of TableGroup [StandardTableGroup(org.frcpm.models.TeamMember(959667941039800))] with identifierForTableGroup [org.frcpm.models.TeamMember] for NavigablePath [org.frcpm.models.TeamMember] 
10:24:11.655 [main] DEBUG org.hibernate.orm.sql.ast.create - Registration of TableGroup [org.hibernate.sql.ast.tree.from.LazyTableGroup@28502e11] with identifierForTableGroup [org.frcpm.models.TeamMember.subteam] for NavigablePath [org.frcpm.models.TeamMember.subteam] 
10:24:11.655 [main] DEBUG org.hibernate.orm.results.graph.AST - DomainResult Graph:
 \-EntityResultImpl [org.frcpm.models.TeamMember(959667941039800)]
 |  +-DelayedCollectionFetch [org.frcpm.models.TeamMember(959667941039800).assignedTasks]
 |  +-DelayedCollectionFetch [org.frcpm.models.TeamMember(959667941039800).attendances]
 |  +-BasicFetch [org.frcpm.models.TeamMember(959667941039800).email]
 |  +-BasicFetch [org.frcpm.models.TeamMember(959667941039800).firstName]
 |  +-BasicFetch [org.frcpm.models.TeamMember(959667941039800).lastName]
 |  +-BasicFetch [org.frcpm.models.TeamMember(959667941039800).leader]
 |  +-BasicFetch [org.frcpm.models.TeamMember(959667941039800).phone]
 |  +-BasicFetch [org.frcpm.models.TeamMember(959667941039800).skills]
 |  +-CircularFetchImpl [org.frcpm.models.TeamMember(959667941039800).subteam]
 |  \-BasicFetch [org.frcpm.models.TeamMember(959667941039800).username]

10:24:11.655 [main] DEBUG org.hibernate.orm.sql.ast.tree - SQL AST Tree:
    SelectStatement {
      FromClause {
        StandardTableGroup (tm1 : org.frcpm.models.TeamMember(959667941039800)) {
          primaryTableReference : team_members as tm1_0
          TableGroupJoins {
            left  join LazyTableGroup (s1 : org.frcpm.models.TeamMember(959667941039800).subteam) {
            }
          }
        }
      }
    }

10:24:11.655 [main] DEBUG org.hibernate.orm.sql.exec - Skipping reading Query result cache data: cache-enabled = false, cache-mode = NORMAL
10:24:11.655 [main] DEBUG org.hibernate.orm.results - Initializer list:
	  org.frcpm.models.TeamMember(959667941039800).assignedTasks -> DelayedCollectionInitializer(org.frcpm.models.TeamMember(959667941039800).assignedTasks)@2105194121 (PluralAttribute(org.frcpm.models.TeamMember.assignedTasks))
	  org.frcpm.models.TeamMember(959667941039800) -> EntityResultInitializer(org.frcpm.models.TeamMember(959667941039800))@1609347973 (SingleTableEntityPersister(org.frcpm.models.TeamMember))
	  org.frcpm.models.TeamMember(959667941039800).attendances -> DelayedCollectionInitializer(org.frcpm.models.TeamMember(959667941039800).attendances)@792699768 (PluralAttribute(org.frcpm.models.TeamMember.attendances))
	  org.frcpm.models.TeamMember(959667941039800).subteam -> EntityDelayedFetchInitializer(org.frcpm.models.TeamMember(959667941039800).subteam)@104214568 (ToOneAttributeMapping(NavigableRole[org.frcpm.models.TeamMember.subteam])@1143917207)

10:24:11.656 [main] DEBUG org.hibernate.SQL - select tm1_0.id,tm1_0.email,tm1_0.first_name,tm1_0.last_name,tm1_0.is_leader,tm1_0.phone,tm1_0.skills,tm1_0.subteam_id,tm1_0.username from team_members tm1_0
10:24:11.656 [main] DEBUG org.hibernate.orm.results - Extracted JDBC value [0] - [1]
10:24:11.656 [main] DEBUG org.hibernate.orm.results.loading.entity - (EntityResultInitializer) Hydrated EntityKey (org.frcpm.models.TeamMember(959667941039800)): 1
10:24:11.656 [main] DEBUG org.hibernate.orm.results.loading.org.hibernate.orm.results.loading.collection - (DelayedCollectionInitializer) Current row collection key : org.frcpm.models.TeamMember(959667941039800).assignedTasks#1
10:24:11.656 [main] DEBUG org.hibernate.orm.results.loading.org.hibernate.orm.results.loading.collection - (DelayedCollectionInitializer) Current row collection key : org.frcpm.models.TeamMember(959667941039800).attendances#1
10:24:11.656 [main] DEBUG org.hibernate.orm.results.loading.entity - (EntityResultInitializer) Created new entity instance [org.frcpm.models.TeamMember(959667941039800)#1] : 1181531093
10:24:11.656 [main] DEBUG org.hibernate.orm.results - Extracted JDBC value [7] - [3]
10:24:11.656 [main] DEBUG org.hibernate.orm.results - Extracted JDBC value [1] - [jsmith@example.com]
10:24:11.656 [main] DEBUG org.hibernate.orm.results - Extracted JDBC value [2] - [John]
10:24:11.656 [main] DEBUG org.hibernate.orm.results - Extracted JDBC value [3] - [Smith]
10:24:11.656 [main] DEBUG org.hibernate.orm.results - Extracted JDBC value [4] - [true]
10:24:11.656 [main] DEBUG org.hibernate.orm.results - Extracted JDBC value [5] - [555-1234]
10:24:11.656 [main] DEBUG org.hibernate.orm.results - Extracted JDBC value [6] - [Java, Python, Control Systems]
10:24:11.656 [main] DEBUG org.hibernate.orm.results - Extracted JDBC value [8] - [jsmith]
10:24:11.656 [main] DEBUG org.hibernate.orm.results.loading.entity - (EntityResultInitializer) Done materializing entityInstance : org.frcpm.models.TeamMember(959667941039800)#1
10:24:11.656 [main] DEBUG org.hibernate.orm.results.loading - Calling top-level assembler (0 / 1) : org.hibernate.sql.results.graph.entity.internal.EntityAssembler@1cbd1315
10:24:11.656 [main] DEBUG org.hibernate.orm.results - Extracted JDBC value [0] - [2]
10:24:11.656 [main] DEBUG org.hibernate.orm.results.loading.entity - (EntityResultInitializer) Hydrated EntityKey (org.frcpm.models.TeamMember(959667941039800)): 2
10:24:11.656 [main] DEBUG org.hibernate.orm.results.loading.org.hibernate.orm.results.loading.collection - (DelayedCollectionInitializer) Current row collection key : org.frcpm.models.TeamMember(959667941039800).assignedTasks#2
10:24:11.656 [main] DEBUG org.hibernate.orm.results.loading.org.hibernate.orm.results.loading.collection - (DelayedCollectionInitializer) Current row collection key : org.frcpm.models.TeamMember(959667941039800).attendances#2
10:24:11.656 [main] DEBUG org.hibernate.orm.results.loading.entity - (EntityResultInitializer) Created new entity instance [org.frcpm.models.TeamMember(959667941039800)#2] : 1059893572
10:24:11.656 [main] DEBUG org.hibernate.orm.results - Extracted JDBC value [7] - [1]
10:24:11.656 [main] DEBUG org.hibernate.orm.results - Extracted JDBC value [1] - [agarcia@example.com]
10:24:11.656 [main] DEBUG org.hibernate.orm.results - Extracted JDBC value [2] - [Ana]
10:24:11.656 [main] DEBUG org.hibernate.orm.results - Extracted JDBC value [3] - [Garcia]
10:24:11.656 [main] DEBUG org.hibernate.orm.results - Extracted JDBC value [4] - [true]
10:24:11.656 [main] DEBUG org.hibernate.orm.results - Extracted JDBC value [5] - [555-5678]
10:24:11.656 [main] DEBUG org.hibernate.orm.results - Extracted JDBC value [6] - [CAD, Design, Machining]
10:24:11.656 [main] DEBUG org.hibernate.orm.results - Extracted JDBC value [8] - [agarcia]
10:24:11.656 [main] DEBUG org.hibernate.orm.results.loading.entity - (EntityResultInitializer) Done materializing entityInstance : org.frcpm.models.TeamMember(959667941039800)#2
10:24:11.656 [main] DEBUG org.hibernate.orm.results.loading - Calling top-level assembler (0 / 1) : org.hibernate.sql.results.graph.entity.internal.EntityAssembler@1cbd1315
10:24:11.656 [main] DEBUG org.hibernate.orm.results - Extracted JDBC value [0] - [3]
10:24:11.656 [main] DEBUG org.hibernate.orm.results.loading.entity - (EntityResultInitializer) Hydrated EntityKey (org.frcpm.models.TeamMember(959667941039800)): 3
10:24:11.656 [main] DEBUG org.hibernate.orm.results.loading.org.hibernate.orm.results.loading.collection - (DelayedCollectionInitializer) Current row collection key : org.frcpm.models.TeamMember(959667941039800).assignedTasks#3
10:24:11.656 [main] DEBUG org.hibernate.orm.results.loading.org.hibernate.orm.results.loading.collection - (DelayedCollectionInitializer) Current row collection key : org.frcpm.models.TeamMember(959667941039800).attendances#3
10:24:11.656 [main] DEBUG org.hibernate.orm.results.loading.entity - (EntityResultInitializer) Created new entity instance [org.frcpm.models.TeamMember(959667941039800)#3] : 904572440
10:24:11.656 [main] DEBUG org.hibernate.orm.results - Extracted JDBC value [7] - [2]
10:24:11.656 [main] DEBUG org.hibernate.orm.results - Extracted JDBC value [1] - [twong@example.com]
10:24:11.656 [main] DEBUG org.hibernate.orm.results - Extracted JDBC value [2] - [Tyler]
10:24:11.656 [main] DEBUG org.hibernate.orm.results - Extracted JDBC value [3] - [Wong]
10:24:11.656 [main] DEBUG org.hibernate.orm.results - Extracted JDBC value [4] - [true]
10:24:11.656 [main] DEBUG org.hibernate.orm.results - Extracted JDBC value [5] - [555-9012]
10:24:11.656 [main] DEBUG org.hibernate.orm.results - Extracted JDBC value [6] - [Electronics, Wiring, Soldering]
10:24:11.656 [main] DEBUG org.hibernate.orm.results - Extracted JDBC value [8] - [twong]
10:24:11.656 [main] DEBUG org.hibernate.orm.results.loading.entity - (EntityResultInitializer) Done materializing entityInstance : org.frcpm.models.TeamMember(959667941039800)#3
10:24:11.656 [main] DEBUG org.hibernate.orm.results.loading - Calling top-level assembler (0 / 1) : org.hibernate.sql.results.graph.entity.internal.EntityAssembler@1cbd1315
10:24:11.656 [main] DEBUG org.hibernate.orm.results - Extracted JDBC value [0] - [4]
10:24:11.656 [main] DEBUG org.hibernate.orm.results.loading.entity - (EntityResultInitializer) Hydrated EntityKey (org.frcpm.models.TeamMember(959667941039800)): 4
10:24:11.656 [main] DEBUG org.hibernate.orm.results.loading.org.hibernate.orm.results.loading.collection - (DelayedCollectionInitializer) Current row collection key : org.frcpm.models.TeamMember(959667941039800).assignedTasks#4
10:24:11.656 [main] DEBUG org.hibernate.orm.results.loading.org.hibernate.orm.results.loading.collection - (DelayedCollectionInitializer) Current row collection key : org.frcpm.models.TeamMember(959667941039800).attendances#4
10:24:11.656 [main] DEBUG org.hibernate.orm.results.loading.entity - (EntityResultInitializer) Created new entity instance [org.frcpm.models.TeamMember(959667941039800)#4] : 1590486487
10:24:11.656 [main] DEBUG org.hibernate.orm.results - Extracted JDBC value [7] - [4]
10:24:11.656 [main] DEBUG org.hibernate.orm.results - Extracted JDBC value [1] - [lchen@example.com]
10:24:11.656 [main] DEBUG org.hibernate.orm.results - Extracted JDBC value [2] - [Lisa]
10:24:11.656 [main] DEBUG org.hibernate.orm.results - Extracted JDBC value [3] - [Chen]
10:24:11.656 [main] DEBUG org.hibernate.orm.results - Extracted JDBC value [4] - [true]
10:24:11.656 [main] DEBUG org.hibernate.orm.results - Extracted JDBC value [5] - [555-3456]
10:24:11.656 [main] DEBUG org.hibernate.orm.results - Extracted JDBC value [6] - [Marketing, Social Media, Presentations]
10:24:11.657 [main] DEBUG org.hibernate.orm.results - Extracted JDBC value [8] - [lchen]
10:24:11.657 [main] DEBUG org.hibernate.orm.results.loading.entity - (EntityResultInitializer) Done materializing entityInstance : org.frcpm.models.TeamMember(959667941039800)#4
10:24:11.657 [main] DEBUG org.hibernate.orm.results.loading - Calling top-level assembler (0 / 1) : org.hibernate.sql.results.graph.entity.internal.EntityAssembler@1cbd1315
10:24:11.657 [main] DEBUG org.hibernate.orm.results - Extracted JDBC value [0] - [5]
10:24:11.657 [main] DEBUG org.hibernate.orm.results.loading.entity - (EntityResultInitializer) Hydrated EntityKey (org.frcpm.models.TeamMember(959667941039800)): 5
10:24:11.657 [main] DEBUG org.hibernate.orm.results.loading.org.hibernate.orm.results.loading.collection - (DelayedCollectionInitializer) Current row collection key : org.frcpm.models.TeamMember(959667941039800).assignedTasks#5
10:24:11.657 [main] DEBUG org.hibernate.orm.results.loading.org.hibernate.orm.results.loading.collection - (DelayedCollectionInitializer) Current row collection key : org.frcpm.models.TeamMember(959667941039800).attendances#5
10:24:11.657 [main] DEBUG org.hibernate.orm.results.loading.entity - (EntityResultInitializer) Created new entity instance [org.frcpm.models.TeamMember(959667941039800)#5] : 2116117496
10:24:11.657 [main] DEBUG org.hibernate.orm.results - Extracted JDBC value [7] - [1]
10:24:11.657 [main] DEBUG org.hibernate.orm.results - Extracted JDBC value [1] - [mjohnson@example.com]
10:24:11.657 [main] DEBUG org.hibernate.orm.results - Extracted JDBC value [2] - [Mike]
10:24:11.657 [main] DEBUG org.hibernate.orm.results - Extracted JDBC value [3] - [Johnson]
10:24:11.657 [main] DEBUG org.hibernate.orm.results - Extracted JDBC value [4] - [false]
10:24:11.657 [main] DEBUG org.hibernate.orm.results - Extracted JDBC value [5] - [555-7890]
10:24:11.657 [main] DEBUG org.hibernate.orm.results - Extracted JDBC value [6] - [CAD, 3D Printing, Prototyping]
10:24:11.657 [main] DEBUG org.hibernate.orm.results - Extracted JDBC value [8] - [mjohnson]
10:24:11.657 [main] DEBUG org.hibernate.orm.results.loading.entity - (EntityResultInitializer) Done materializing entityInstance : org.frcpm.models.TeamMember(959667941039800)#5
10:24:11.657 [main] DEBUG org.hibernate.orm.results.loading - Calling top-level assembler (0 / 1) : org.hibernate.sql.results.graph.entity.internal.EntityAssembler@1cbd1315
10:24:11.657 [main] DEBUG org.hibernate.orm.results - Extracted JDBC value [0] - [6]
10:24:11.657 [main] DEBUG org.hibernate.orm.results.loading.entity - (EntityResultInitializer) Hydrated EntityKey (org.frcpm.models.TeamMember(959667941039800)): 6
10:24:11.657 [main] DEBUG org.hibernate.orm.results.loading.org.hibernate.orm.results.loading.collection - (DelayedCollectionInitializer) Current row collection key : org.frcpm.models.TeamMember(959667941039800).assignedTasks#6
10:24:11.657 [main] DEBUG org.hibernate.orm.results.loading.org.hibernate.orm.results.loading.collection - (DelayedCollectionInitializer) Current row collection key : org.frcpm.models.TeamMember(959667941039800).attendances#6
10:24:11.657 [main] DEBUG org.hibernate.orm.results.loading.entity - (EntityResultInitializer) Created new entity instance [org.frcpm.models.TeamMember(959667941039800)#6] : 797570303
10:24:11.657 [main] DEBUG org.hibernate.orm.results - Extracted JDBC value [7] - [3]
10:24:11.657 [main] DEBUG org.hibernate.orm.results - Extracted JDBC value [1] - [sdavis@example.com]
10:24:11.657 [main] DEBUG org.hibernate.orm.results - Extracted JDBC value [2] - [Sarah]
10:24:11.657 [main] DEBUG org.hibernate.orm.results - Extracted JDBC value [3] - [Davis]
10:24:11.657 [main] DEBUG org.hibernate.orm.results - Extracted JDBC value [4] - [false]
10:24:11.657 [main] DEBUG org.hibernate.orm.results - Extracted JDBC value [5] - [555-2345]
10:24:11.657 [main] DEBUG org.hibernate.orm.results - Extracted JDBC value [6] - [Computer Vision, Machine Learning]
10:24:11.657 [main] DEBUG org.hibernate.orm.results - Extracted JDBC value [8] - [sdavis]
10:24:11.657 [main] DEBUG org.hibernate.orm.results.loading.entity - (EntityResultInitializer) Done materializing entityInstance : org.frcpm.models.TeamMember(959667941039800)#6
10:24:11.657 [main] DEBUG org.hibernate.orm.results.loading - Calling top-level assembler (0 / 1) : org.hibernate.sql.results.graph.entity.internal.EntityAssembler@1cbd1315
10:24:11.657 [main] DEBUG org.hibernate.orm.results - Extracted JDBC value [0] - [36]
10:24:11.657 [main] DEBUG org.hibernate.orm.results.loading.entity - (EntityResultInitializer) Hydrated EntityKey (org.frcpm.models.TeamMember(959667941039800)): 36
10:24:11.657 [main] DEBUG org.hibernate.orm.results.loading.org.hibernate.orm.results.loading.collection - (DelayedCollectionInitializer) Current row collection key : org.frcpm.models.TeamMember(959667941039800).assignedTasks#36
10:24:11.657 [main] DEBUG org.hibernate.orm.results.loading.org.hibernate.orm.results.loading.collection - (DelayedCollectionInitializer) Current row collection key : org.frcpm.models.TeamMember(959667941039800).attendances#36
10:24:11.657 [main] DEBUG org.hibernate.orm.results.loading.entity - (EntityResultInitializer) Created new entity instance [org.frcpm.models.TeamMember(959667941039800)#36] : 230973673
10:24:11.657 [main] DEBUG org.hibernate.orm.results - Extracted JDBC value [7] - [null]
10:24:11.657 [main] DEBUG org.hibernate.orm.results - Extracted JDBC value [1] - [tasktest@example.com]
10:24:11.657 [main] DEBUG org.hibernate.orm.results - Extracted JDBC value [2] - [Task]
10:24:11.657 [main] DEBUG org.hibernate.orm.results - Extracted JDBC value [3] - [Test]
10:24:11.657 [main] DEBUG org.hibernate.orm.results - Extracted JDBC value [4] - [false]
10:24:11.657 [main] DEBUG org.hibernate.orm.results - Extracted JDBC value [5] - [null]
10:24:11.657 [main] DEBUG org.hibernate.orm.results - Extracted JDBC value [6] - [null]
10:24:11.657 [main] DEBUG org.hibernate.orm.results - Extracted JDBC value [8] - [tasktestuser_1745594395337]
10:24:11.657 [main] DEBUG org.hibernate.orm.results.loading.entity - (EntityResultInitializer) Done materializing entityInstance : org.frcpm.models.TeamMember(959667941039800)#36
10:24:11.657 [main] DEBUG org.hibernate.orm.results.loading - Calling top-level assembler (0 / 1) : org.hibernate.sql.results.graph.entity.internal.EntityAssembler@1cbd1315
10:24:11.657 [main] DEBUG org.hibernate.orm.results - Extracted JDBC value [0] - [37]
10:24:11.657 [main] DEBUG org.hibernate.orm.results.loading.entity - (EntityResultInitializer) Hydrated EntityKey (org.frcpm.models.TeamMember(959667941039800)): 37
10:24:11.657 [main] DEBUG org.hibernate.orm.results.loading.org.hibernate.orm.results.loading.collection - (DelayedCollectionInitializer) Current row collection key : org.frcpm.models.TeamMember(959667941039800).assignedTasks#37
10:24:11.657 [main] DEBUG org.hibernate.orm.results.loading.org.hibernate.orm.results.loading.collection - (DelayedCollectionInitializer) Current row collection key : org.frcpm.models.TeamMember(959667941039800).attendances#37
10:24:11.657 [main] DEBUG org.hibernate.orm.results.loading.entity - (EntityResultInitializer) Created new entity instance [org.frcpm.models.TeamMember(959667941039800)#37] : 1218787317
10:24:11.657 [main] DEBUG org.hibernate.orm.results - Extracted JDBC value [7] - [null]
10:24:11.657 [main] DEBUG org.hibernate.orm.results - Extracted JDBC value [1] - [tasktest@example.com]
10:24:11.657 [main] DEBUG org.hibernate.orm.results - Extracted JDBC value [2] - [Task]
10:24:11.657 [main] DEBUG org.hibernate.orm.results - Extracted JDBC value [3] - [Test]
10:24:11.657 [main] DEBUG org.hibernate.orm.results - Extracted JDBC value [4] - [false]
10:24:11.657 [main] DEBUG org.hibernate.orm.results - Extracted JDBC value [5] - [null]
10:24:11.657 [main] DEBUG org.hibernate.orm.results - Extracted JDBC value [6] - [null]
10:24:11.657 [main] DEBUG org.hibernate.orm.results - Extracted JDBC value [8] - [tasktestuser_1745594395698]
10:24:11.657 [main] DEBUG org.hibernate.orm.results.loading.entity - (EntityResultInitializer) Done materializing entityInstance : org.frcpm.models.TeamMember(959667941039800)#37
10:24:11.657 [main] DEBUG org.hibernate.orm.results.loading - Calling top-level assembler (0 / 1) : org.hibernate.sql.results.graph.entity.internal.EntityAssembler@1cbd1315
10:24:11.657 [main] DEBUG org.hibernate.orm.results - Extracted JDBC value [0] - [38]
10:24:11.657 [main] DEBUG org.hibernate.orm.results.loading.entity - (EntityResultInitializer) Hydrated EntityKey (org.frcpm.models.TeamMember(959667941039800)): 38
10:24:11.657 [main] DEBUG org.hibernate.orm.results.loading.org.hibernate.orm.results.loading.collection - (DelayedCollectionInitializer) Current row collection key : org.frcpm.models.TeamMember(959667941039800).assignedTasks#38
10:24:11.657 [main] DEBUG org.hibernate.orm.results.loading.org.hibernate.orm.results.loading.collection - (DelayedCollectionInitializer) Current row collection key : org.frcpm.models.TeamMember(959667941039800).attendances#38
10:24:11.657 [main] DEBUG org.hibernate.orm.results.loading.entity - (EntityResultInitializer) Created new entity instance [org.frcpm.models.TeamMember(959667941039800)#38] : 1693096844
10:24:11.657 [main] DEBUG org.hibernate.orm.results - Extracted JDBC value [7] - [null]
10:24:11.657 [main] DEBUG org.hibernate.orm.results - Extracted JDBC value [1] - [tasktest@example.com]
10:24:11.657 [main] DEBUG org.hibernate.orm.results - Extracted JDBC value [2] - [Task]
10:24:11.657 [main] DEBUG org.hibernate.orm.results - Extracted JDBC value [3] - [Test]
10:24:11.657 [main] DEBUG org.hibernate.orm.results - Extracted JDBC value [4] - [false]
10:24:11.657 [main] DEBUG org.hibernate.orm.results - Extracted JDBC value [5] - [null]
10:24:11.657 [main] DEBUG org.hibernate.orm.results - Extracted JDBC value [6] - [null]
10:24:11.657 [main] DEBUG org.hibernate.orm.results - Extracted JDBC value [8] - [tasktestuser_1745594396071]
10:24:11.657 [main] DEBUG org.hibernate.orm.results.loading.entity - (EntityResultInitializer) Done materializing entityInstance : org.frcpm.models.TeamMember(959667941039800)#38
10:24:11.657 [main] DEBUG org.hibernate.orm.results.loading - Calling top-level assembler (0 / 1) : org.hibernate.sql.results.graph.entity.internal.EntityAssembler@1cbd1315
10:24:11.657 [main] DEBUG org.hibernate.orm.results - Extracted JDBC value [0] - [39]
10:24:11.657 [main] DEBUG org.hibernate.orm.results.loading.entity - (EntityResultInitializer) Hydrated EntityKey (org.frcpm.models.TeamMember(959667941039800)): 39
10:24:11.657 [main] DEBUG org.hibernate.orm.results.loading.org.hibernate.orm.results.loading.collection - (DelayedCollectionInitializer) Current row collection key : org.frcpm.models.TeamMember(959667941039800).assignedTasks#39
10:24:11.657 [main] DEBUG org.hibernate.orm.results.loading.org.hibernate.orm.results.loading.collection - (DelayedCollectionInitializer) Current row collection key : org.frcpm.models.TeamMember(959667941039800).attendances#39
10:24:11.657 [main] DEBUG org.hibernate.orm.results.loading.entity - (EntityResultInitializer) Created new entity instance [org.frcpm.models.TeamMember(959667941039800)#39] : 2022012883
10:24:11.657 [main] DEBUG org.hibernate.orm.results - Extracted JDBC value [7] - [null]
10:24:11.657 [main] DEBUG org.hibernate.orm.results - Extracted JDBC value [1] - [tasktest@example.com]
10:24:11.657 [main] DEBUG org.hibernate.orm.results - Extracted JDBC value [2] - [Task]
10:24:11.657 [main] DEBUG org.hibernate.orm.results - Extracted JDBC value [3] - [Test]
10:24:11.657 [main] DEBUG org.hibernate.orm.results - Extracted JDBC value [4] - [false]
10:24:11.657 [main] DEBUG org.hibernate.orm.results - Extracted JDBC value [5] - [null]
10:24:11.657 [main] DEBUG org.hibernate.orm.results - Extracted JDBC value [6] - [null]
10:24:11.657 [main] DEBUG org.hibernate.orm.results - Extracted JDBC value [8] - [tasktestuser_1745594396416]
10:24:11.657 [main] DEBUG org.hibernate.orm.results.loading.entity - (EntityResultInitializer) Done materializing entityInstance : org.frcpm.models.TeamMember(959667941039800)#39
10:24:11.657 [main] DEBUG org.hibernate.orm.results.loading - Calling top-level assembler (0 / 1) : org.hibernate.sql.results.graph.entity.internal.EntityAssembler@1cbd1315
10:24:11.657 [main] DEBUG org.hibernate.orm.results - Extracted JDBC value [0] - [40]
10:24:11.657 [main] DEBUG org.hibernate.orm.results.loading.entity - (EntityResultInitializer) Hydrated EntityKey (org.frcpm.models.TeamMember(959667941039800)): 40
10:24:11.657 [main] DEBUG org.hibernate.orm.results.loading.org.hibernate.orm.results.loading.collection - (DelayedCollectionInitializer) Current row collection key : org.frcpm.models.TeamMember(959667941039800).assignedTasks#40
10:24:11.657 [main] DEBUG org.hibernate.orm.results.loading.org.hibernate.orm.results.loading.collection - (DelayedCollectionInitializer) Current row collection key : org.frcpm.models.TeamMember(959667941039800).attendances#40
10:24:11.657 [main] DEBUG org.hibernate.orm.results.loading.entity - (EntityResultInitializer) Created new entity instance [org.frcpm.models.TeamMember(959667941039800)#40] : 1699597278
10:24:11.657 [main] DEBUG org.hibernate.orm.results - Extracted JDBC value [7] - [null]
10:24:11.657 [main] DEBUG org.hibernate.orm.results - Extracted JDBC value [1] - [tasktest@example.com]
10:24:11.657 [main] DEBUG org.hibernate.orm.results - Extracted JDBC value [2] - [Task]
10:24:11.657 [main] DEBUG org.hibernate.orm.results - Extracted JDBC value [3] - [Test]
10:24:11.657 [main] DEBUG org.hibernate.orm.results - Extracted JDBC value [4] - [false]
10:24:11.657 [main] DEBUG org.hibernate.orm.results - Extracted JDBC value [5] - [null]
10:24:11.657 [main] DEBUG org.hibernate.orm.results - Extracted JDBC value [6] - [null]
10:24:11.657 [main] DEBUG org.hibernate.orm.results - Extracted JDBC value [8] - [tasktestuser_1745594396762]
10:24:11.657 [main] DEBUG org.hibernate.orm.results.loading.entity - (EntityResultInitializer) Done materializing entityInstance : org.frcpm.models.TeamMember(959667941039800)#40
10:24:11.657 [main] DEBUG org.hibernate.orm.results.loading - Calling top-level assembler (0 / 1) : org.hibernate.sql.results.graph.entity.internal.EntityAssembler@1cbd1315
10:24:11.657 [main] DEBUG org.hibernate.orm.results - Extracted JDBC value [0] - [41]
10:24:11.657 [main] DEBUG org.hibernate.orm.results.loading.entity - (EntityResultInitializer) Hydrated EntityKey (org.frcpm.models.TeamMember(959667941039800)): 41
10:24:11.657 [main] DEBUG org.hibernate.orm.results.loading.org.hibernate.orm.results.loading.collection - (DelayedCollectionInitializer) Current row collection key : org.frcpm.models.TeamMember(959667941039800).assignedTasks#41
10:24:11.657 [main] DEBUG org.hibernate.orm.results.loading.org.hibernate.orm.results.loading.collection - (DelayedCollectionInitializer) Current row collection key : org.frcpm.models.TeamMember(959667941039800).attendances#41
10:24:11.657 [main] DEBUG org.hibernate.orm.results.loading.entity - (EntityResultInitializer) Created new entity instance [org.frcpm.models.TeamMember(959667941039800)#41] : 1104200204
10:24:11.657 [main] DEBUG org.hibernate.orm.results - Extracted JDBC value [7] - [null]
10:24:11.657 [main] DEBUG org.hibernate.orm.results - Extracted JDBC value [1] - [tasktest@example.com]
10:24:11.657 [main] DEBUG org.hibernate.orm.results - Extracted JDBC value [2] - [Task]
10:24:11.657 [main] DEBUG org.hibernate.orm.results - Extracted JDBC value [3] - [Test]
10:24:11.657 [main] DEBUG org.hibernate.orm.results - Extracted JDBC value [4] - [false]
10:24:11.657 [main] DEBUG org.hibernate.orm.results - Extracted JDBC value [5] - [null]
10:24:11.657 [main] DEBUG org.hibernate.orm.results - Extracted JDBC value [6] - [null]
10:24:11.657 [main] DEBUG org.hibernate.orm.results - Extracted JDBC value [8] - [tasktestuser_1745594397140]
10:24:11.657 [main] DEBUG org.hibernate.orm.results.loading.entity - (EntityResultInitializer) Done materializing entityInstance : org.frcpm.models.TeamMember(959667941039800)#41
10:24:11.657 [main] DEBUG org.hibernate.orm.results.loading - Calling top-level assembler (0 / 1) : org.hibernate.sql.results.graph.entity.internal.EntityAssembler@1cbd1315
10:24:11.657 [main] DEBUG org.hibernate.orm.results - Extracted JDBC value [0] - [42]
10:24:11.657 [main] DEBUG org.hibernate.orm.results.loading.entity - (EntityResultInitializer) Hydrated EntityKey (org.frcpm.models.TeamMember(959667941039800)): 42
10:24:11.657 [main] DEBUG org.hibernate.orm.results.loading.org.hibernate.orm.results.loading.collection - (DelayedCollectionInitializer) Current row collection key : org.frcpm.models.TeamMember(959667941039800).assignedTasks#42
10:24:11.657 [main] DEBUG org.hibernate.orm.results.loading.org.hibernate.orm.results.loading.collection - (DelayedCollectionInitializer) Current row collection key : org.frcpm.models.TeamMember(959667941039800).attendances#42
10:24:11.657 [main] DEBUG org.hibernate.orm.results.loading.entity - (EntityResultInitializer) Created new entity instance [org.frcpm.models.TeamMember(959667941039800)#42] : 1112597751
10:24:11.657 [main] DEBUG org.hibernate.orm.results - Extracted JDBC value [7] - [null]
10:24:11.657 [main] DEBUG org.hibernate.orm.results - Extracted JDBC value [1] - [tasktest@example.com]
10:24:11.657 [main] DEBUG org.hibernate.orm.results - Extracted JDBC value [2] - [Task]
10:24:11.657 [main] DEBUG org.hibernate.orm.results - Extracted JDBC value [3] - [Test]
10:24:11.657 [main] DEBUG org.hibernate.orm.results - Extracted JDBC value [4] - [false]
10:24:11.657 [main] DEBUG org.hibernate.orm.results - Extracted JDBC value [5] - [null]
10:24:11.657 [main] DEBUG org.hibernate.orm.results - Extracted JDBC value [6] - [null]
10:24:11.657 [main] DEBUG org.hibernate.orm.results - Extracted JDBC value [8] - [tasktestuser_1745594397563]
10:24:11.657 [main] DEBUG org.hibernate.orm.results.loading.entity - (EntityResultInitializer) Done materializing entityInstance : org.frcpm.models.TeamMember(959667941039800)#42
10:24:11.657 [main] DEBUG org.hibernate.orm.results.loading - Calling top-level assembler (0 / 1) : org.hibernate.sql.results.graph.entity.internal.EntityAssembler@1cbd1315
10:24:11.657 [main] DEBUG org.hibernate.orm.results - Extracted JDBC value [0] - [43]
10:24:11.657 [main] DEBUG org.hibernate.orm.results.loading.entity - (EntityResultInitializer) Hydrated EntityKey (org.frcpm.models.TeamMember(959667941039800)): 43
10:24:11.657 [main] DEBUG org.hibernate.orm.results.loading.org.hibernate.orm.results.loading.collection - (DelayedCollectionInitializer) Current row collection key : org.frcpm.models.TeamMember(959667941039800).assignedTasks#43
10:24:11.657 [main] DEBUG org.hibernate.orm.results.loading.org.hibernate.orm.results.loading.collection - (DelayedCollectionInitializer) Current row collection key : org.frcpm.models.TeamMember(959667941039800).attendances#43
10:24:11.657 [main] DEBUG org.hibernate.orm.results.loading.entity - (EntityResultInitializer) Created new entity instance [org.frcpm.models.TeamMember(959667941039800)#43] : 336458181
10:24:11.657 [main] DEBUG org.hibernate.orm.results - Extracted JDBC value [7] - [null]
10:24:11.657 [main] DEBUG org.hibernate.orm.results - Extracted JDBC value [1] - [tasktest@example.com]
10:24:11.657 [main] DEBUG org.hibernate.orm.results - Extracted JDBC value [2] - [Task]
10:24:11.657 [main] DEBUG org.hibernate.orm.results - Extracted JDBC value [3] - [Test]
10:24:11.657 [main] DEBUG org.hibernate.orm.results - Extracted JDBC value [4] - [false]
10:24:11.657 [main] DEBUG org.hibernate.orm.results - Extracted JDBC value [5] - [null]
10:24:11.657 [main] DEBUG org.hibernate.orm.results - Extracted JDBC value [6] - [null]
10:24:11.657 [main] DEBUG org.hibernate.orm.results - Extracted JDBC value [8] - [tasktestuser_1745594397906]
10:24:11.657 [main] DEBUG org.hibernate.orm.results.loading.entity - (EntityResultInitializer) Done materializing entityInstance : org.frcpm.models.TeamMember(959667941039800)#43
10:24:11.657 [main] DEBUG org.hibernate.orm.results.loading - Calling top-level assembler (0 / 1) : org.hibernate.sql.results.graph.entity.internal.EntityAssembler@1cbd1315
10:24:11.657 [main] DEBUG org.hibernate.orm.results - Extracted JDBC value [0] - [44]
10:24:11.657 [main] DEBUG org.hibernate.orm.results.loading.entity - (EntityResultInitializer) Hydrated EntityKey (org.frcpm.models.TeamMember(959667941039800)): 44
10:24:11.657 [main] DEBUG org.hibernate.orm.results.loading.org.hibernate.orm.results.loading.collection - (DelayedCollectionInitializer) Current row collection key : org.frcpm.models.TeamMember(959667941039800).assignedTasks#44
10:24:11.657 [main] DEBUG org.hibernate.orm.results.loading.org.hibernate.orm.results.loading.collection - (DelayedCollectionInitializer) Current row collection key : org.frcpm.models.TeamMember(959667941039800).attendances#44
10:24:11.657 [main] DEBUG org.hibernate.orm.results.loading.entity - (EntityResultInitializer) Created new entity instance [org.frcpm.models.TeamMember(959667941039800)#44] : 1096552547
10:24:11.657 [main] DEBUG org.hibernate.orm.results - Extracted JDBC value [7] - [null]
10:24:11.657 [main] DEBUG org.hibernate.orm.results - Extracted JDBC value [1] - [tasktest@example.com]
10:24:11.657 [main] DEBUG org.hibernate.orm.results - Extracted JDBC value [2] - [Task]
10:24:11.657 [main] DEBUG org.hibernate.orm.results - Extracted JDBC value [3] - [Test]
10:24:11.657 [main] DEBUG org.hibernate.orm.results - Extracted JDBC value [4] - [false]
10:24:11.657 [main] DEBUG org.hibernate.orm.results - Extracted JDBC value [5] - [null]
10:24:11.657 [main] DEBUG org.hibernate.orm.results - Extracted JDBC value [6] - [null]
10:24:11.657 [main] DEBUG org.hibernate.orm.results - Extracted JDBC value [8] - [tasktestuser_1745594398275]
10:24:11.657 [main] DEBUG org.hibernate.orm.results.loading.entity - (EntityResultInitializer) Done materializing entityInstance : org.frcpm.models.TeamMember(959667941039800)#44
10:24:11.657 [main] DEBUG org.hibernate.orm.results.loading - Calling top-level assembler (0 / 1) : org.hibernate.sql.results.graph.entity.internal.EntityAssembler@1cbd1315
10:24:11.657 [main] DEBUG org.hibernate.orm.results - Extracted JDBC value [0] - [45]
10:24:11.657 [main] DEBUG org.hibernate.orm.results.loading.entity - (EntityResultInitializer) Hydrated EntityKey (org.frcpm.models.TeamMember(959667941039800)): 45
10:24:11.657 [main] DEBUG org.hibernate.orm.results.loading.org.hibernate.orm.results.loading.collection - (DelayedCollectionInitializer) Current row collection key : org.frcpm.models.TeamMember(959667941039800).assignedTasks#45
10:24:11.657 [main] DEBUG org.hibernate.orm.results.loading.org.hibernate.orm.results.loading.collection - (DelayedCollectionInitializer) Current row collection key : org.frcpm.models.TeamMember(959667941039800).attendances#45
10:24:11.657 [main] DEBUG org.hibernate.orm.results.loading.entity - (EntityResultInitializer) Created new entity instance [org.frcpm.models.TeamMember(959667941039800)#45] : 1915431719
10:24:11.657 [main] DEBUG org.hibernate.orm.results - Extracted JDBC value [7] - [null]
10:24:11.657 [main] DEBUG org.hibernate.orm.results - Extracted JDBC value [1] - [tasktest@example.com]
10:24:11.657 [main] DEBUG org.hibernate.orm.results - Extracted JDBC value [2] - [Task]
10:24:11.657 [main] DEBUG org.hibernate.orm.results - Extracted JDBC value [3] - [Test]
10:24:11.657 [main] DEBUG org.hibernate.orm.results - Extracted JDBC value [4] - [false]
10:24:11.657 [main] DEBUG org.hibernate.orm.results - Extracted JDBC value [5] - [null]
10:24:11.657 [main] DEBUG org.hibernate.orm.results - Extracted JDBC value [6] - [null]
10:24:11.657 [main] DEBUG org.hibernate.orm.results - Extracted JDBC value [8] - [tasktestuser_1745594398667]
10:24:11.657 [main] DEBUG org.hibernate.orm.results.loading.entity - (EntityResultInitializer) Done materializing entityInstance : org.frcpm.models.TeamMember(959667941039800)#45
10:24:11.657 [main] DEBUG org.hibernate.orm.results.loading - Calling top-level assembler (0 / 1) : org.hibernate.sql.results.graph.entity.internal.EntityAssembler@1cbd1315
10:24:11.657 [main] DEBUG org.hibernate.orm.results - Extracted JDBC value [0] - [46]
10:24:11.657 [main] DEBUG org.hibernate.orm.results.loading.entity - (EntityResultInitializer) Hydrated EntityKey (org.frcpm.models.TeamMember(959667941039800)): 46
10:24:11.657 [main] DEBUG org.hibernate.orm.results.loading.org.hibernate.orm.results.loading.collection - (DelayedCollectionInitializer) Current row collection key : org.frcpm.models.TeamMember(959667941039800).assignedTasks#46
10:24:11.657 [main] DEBUG org.hibernate.orm.results.loading.org.hibernate.orm.results.loading.collection - (DelayedCollectionInitializer) Current row collection key : org.frcpm.models.TeamMember(959667941039800).attendances#46
10:24:11.657 [main] DEBUG org.hibernate.orm.results.loading.entity - (EntityResultInitializer) Created new entity instance [org.frcpm.models.TeamMember(959667941039800)#46] : 1190091152
10:24:11.657 [main] DEBUG org.hibernate.orm.results - Extracted JDBC value [7] - [null]
10:24:11.657 [main] DEBUG org.hibernate.orm.results - Extracted JDBC value [1] - [tasktest@example.com]
10:24:11.657 [main] DEBUG org.hibernate.orm.results - Extracted JDBC value [2] - [Task]
10:24:11.657 [main] DEBUG org.hibernate.orm.results - Extracted JDBC value [3] - [Test]
10:24:11.657 [main] DEBUG org.hibernate.orm.results - Extracted JDBC value [4] - [false]
10:24:11.657 [main] DEBUG org.hibernate.orm.results - Extracted JDBC value [5] - [null]
10:24:11.657 [main] DEBUG org.hibernate.orm.results - Extracted JDBC value [6] - [null]
10:24:11.657 [main] DEBUG org.hibernate.orm.results - Extracted JDBC value [8] - [tasktestuser_1745594399126]
10:24:11.657 [main] DEBUG org.hibernate.orm.results.loading.entity - (EntityResultInitializer) Done materializing entityInstance : org.frcpm.models.TeamMember(959667941039800)#46
10:24:11.657 [main] DEBUG org.hibernate.orm.results.loading - Calling top-level assembler (0 / 1) : org.hibernate.sql.results.graph.entity.internal.EntityAssembler@1cbd1315
10:24:11.657 [main] DEBUG org.hibernate.orm.results - Extracted JDBC value [0] - [47]
10:24:11.657 [main] DEBUG org.hibernate.orm.results.loading.entity - (EntityResultInitializer) Hydrated EntityKey (org.frcpm.models.TeamMember(959667941039800)): 47
10:24:11.657 [main] DEBUG org.hibernate.orm.results.loading.org.hibernate.orm.results.loading.collection - (DelayedCollectionInitializer) Current row collection key : org.frcpm.models.TeamMember(959667941039800).assignedTasks#47
10:24:11.657 [main] DEBUG org.hibernate.orm.results.loading.org.hibernate.orm.results.loading.collection - (DelayedCollectionInitializer) Current row collection key : org.frcpm.models.TeamMember(959667941039800).attendances#47
10:24:11.657 [main] DEBUG org.hibernate.orm.results.loading.entity - (EntityResultInitializer) Created new entity instance [org.frcpm.models.TeamMember(959667941039800)#47] : 117754252
10:24:11.657 [main] DEBUG org.hibernate.orm.results - Extracted JDBC value [7] - [null]
10:24:11.657 [main] DEBUG org.hibernate.orm.results - Extracted JDBC value [1] - [tasktest@example.com]
10:24:11.657 [main] DEBUG org.hibernate.orm.results - Extracted JDBC value [2] - [Task]
10:24:11.657 [main] DEBUG org.hibernate.orm.results - Extracted JDBC value [3] - [Test]
10:24:11.657 [main] DEBUG org.hibernate.orm.results - Extracted JDBC value [4] - [false]
10:24:11.657 [main] DEBUG org.hibernate.orm.results - Extracted JDBC value [5] - [null]
10:24:11.657 [main] DEBUG org.hibernate.orm.results - Extracted JDBC value [6] - [null]
10:24:11.657 [main] DEBUG org.hibernate.orm.results - Extracted JDBC value [8] - [tasktestuser_1745594399532]
10:24:11.657 [main] DEBUG org.hibernate.orm.results.loading.entity - (EntityResultInitializer) Done materializing entityInstance : org.frcpm.models.TeamMember(959667941039800)#47
10:24:11.657 [main] DEBUG org.hibernate.orm.results.loading - Calling top-level assembler (0 / 1) : org.hibernate.sql.results.graph.entity.internal.EntityAssembler@1cbd1315
10:24:11.657 [main] DEBUG org.hibernate.orm.results - Extracted JDBC value [0] - [48]
10:24:11.657 [main] DEBUG org.hibernate.orm.results.loading.entity - (EntityResultInitializer) Hydrated EntityKey (org.frcpm.models.TeamMember(959667941039800)): 48
10:24:11.657 [main] DEBUG org.hibernate.orm.results.loading.org.hibernate.orm.results.loading.collection - (DelayedCollectionInitializer) Current row collection key : org.frcpm.models.TeamMember(959667941039800).assignedTasks#48
10:24:11.657 [main] DEBUG org.hibernate.orm.results.loading.org.hibernate.orm.results.loading.collection - (DelayedCollectionInitializer) Current row collection key : org.frcpm.models.TeamMember(959667941039800).attendances#48
10:24:11.657 [main] DEBUG org.hibernate.orm.results.loading.entity - (EntityResultInitializer) Created new entity instance [org.frcpm.models.TeamMember(959667941039800)#48] : 210095095
10:24:11.657 [main] DEBUG org.hibernate.orm.results - Extracted JDBC value [7] - [null]
10:24:11.657 [main] DEBUG org.hibernate.orm.results - Extracted JDBC value [1] - [tasktest@example.com]
10:24:11.657 [main] DEBUG org.hibernate.orm.results - Extracted JDBC value [2] - [Task]
10:24:11.657 [main] DEBUG org.hibernate.orm.results - Extracted JDBC value [3] - [Test]
10:24:11.657 [main] DEBUG org.hibernate.orm.results - Extracted JDBC value [4] - [false]
10:24:11.657 [main] DEBUG org.hibernate.orm.results - Extracted JDBC value [5] - [null]
10:24:11.657 [main] DEBUG org.hibernate.orm.results - Extracted JDBC value [6] - [null]
10:24:11.657 [main] DEBUG org.hibernate.orm.results - Extracted JDBC value [8] - [tasktestuser_1745594400014]
10:24:11.657 [main] DEBUG org.hibernate.orm.results.loading.entity - (EntityResultInitializer) Done materializing entityInstance : org.frcpm.models.TeamMember(959667941039800)#48
10:24:11.657 [main] DEBUG org.hibernate.orm.results.loading - Calling top-level assembler (0 / 1) : org.hibernate.sql.results.graph.entity.internal.EntityAssembler@1cbd1315
10:24:11.657 [main] DEBUG org.hibernate.orm.results - Extracted JDBC value [0] - [53]
10:24:11.657 [main] DEBUG org.hibernate.orm.results.loading.entity - (EntityResultInitializer) Hydrated EntityKey (org.frcpm.models.TeamMember(959667941039800)): 53
10:24:11.658 [main] DEBUG org.hibernate.orm.results.loading.org.hibernate.orm.results.loading.collection - (DelayedCollectionInitializer) Current row collection key : org.frcpm.models.TeamMember(959667941039800).assignedTasks#53
10:24:11.658 [main] DEBUG org.hibernate.orm.results.loading.org.hibernate.orm.results.loading.collection - (DelayedCollectionInitializer) Current row collection key : org.frcpm.models.TeamMember(959667941039800).attendances#53
10:24:11.658 [main] DEBUG org.hibernate.orm.results.loading.entity - (EntityResultInitializer) Created new entity instance [org.frcpm.models.TeamMember(959667941039800)#53] : 1069564726
10:24:11.658 [main] DEBUG org.hibernate.orm.results - Extracted JDBC value [7] - [null]
10:24:11.658 [main] DEBUG org.hibernate.orm.results - Extracted JDBC value [1] - [testcount@example.com]
10:24:11.658 [main] DEBUG org.hibernate.orm.results - Extracted JDBC value [2] - [Test]
10:24:11.658 [main] DEBUG org.hibernate.orm.results - Extracted JDBC value [3] - [Count]
10:24:11.658 [main] DEBUG org.hibernate.orm.results - Extracted JDBC value [4] - [false]
10:24:11.658 [main] DEBUG org.hibernate.orm.results - Extracted JDBC value [5] - [null]
10:24:11.658 [main] DEBUG org.hibernate.orm.results - Extracted JDBC value [6] - [null]
10:24:11.658 [main] DEBUG org.hibernate.orm.results - Extracted JDBC value [8] - [testcount]
10:24:11.658 [main] DEBUG org.hibernate.orm.results.loading.entity - (EntityResultInitializer) Done materializing entityInstance : org.frcpm.models.TeamMember(959667941039800)#53
10:24:11.658 [main] DEBUG org.hibernate.orm.results.loading - Calling top-level assembler (0 / 1) : org.hibernate.sql.results.graph.entity.internal.EntityAssembler@1cbd1315
10:24:11.658 [main] DEBUG org.hibernate.orm.results - Extracted JDBC value [0] - [56]
10:24:11.658 [main] DEBUG org.hibernate.orm.results.loading.entity - (EntityResultInitializer) Hydrated EntityKey (org.frcpm.models.TeamMember(959667941039800)): 56
10:24:11.658 [main] DEBUG org.hibernate.orm.results.loading.org.hibernate.orm.results.loading.collection - (DelayedCollectionInitializer) Current row collection key : org.frcpm.models.TeamMember(959667941039800).assignedTasks#56
10:24:11.658 [main] DEBUG org.hibernate.orm.results.loading.org.hibernate.orm.results.loading.collection - (DelayedCollectionInitializer) Current row collection key : org.frcpm.models.TeamMember(959667941039800).attendances#56
10:24:11.658 [main] DEBUG org.hibernate.orm.results.loading.entity - (EntityResultInitializer) Created new entity instance [org.frcpm.models.TeamMember(959667941039800)#56] : 2145285202
10:24:11.658 [main] DEBUG org.hibernate.orm.results - Extracted JDBC value [7] - [null]
10:24:11.658 [main] DEBUG org.hibernate.orm.results - Extracted JDBC value [1] - [testsave@example.com]
10:24:11.658 [main] DEBUG org.hibernate.orm.results - Extracted JDBC value [2] - [Test]
10:24:11.658 [main] DEBUG org.hibernate.orm.results - Extracted JDBC value [3] - [Save]
10:24:11.658 [main] DEBUG org.hibernate.orm.results - Extracted JDBC value [4] - [false]
10:24:11.658 [main] DEBUG org.hibernate.orm.results - Extracted JDBC value [5] - [555-SAVE]
10:24:11.658 [main] DEBUG org.hibernate.orm.results - Extracted JDBC value [6] - [Testing]
10:24:11.658 [main] DEBUG org.hibernate.orm.results - Extracted JDBC value [8] - [testsave]
10:24:11.658 [main] DEBUG org.hibernate.orm.results.loading.entity - (EntityResultInitializer) Done materializing entityInstance : org.frcpm.models.TeamMember(959667941039800)#56
10:24:11.658 [main] DEBUG org.hibernate.orm.results.loading - Calling top-level assembler (0 / 1) : org.hibernate.sql.results.graph.entity.internal.EntityAssembler@1cbd1315
10:24:11.658 [main] DEBUG org.hibernate.orm.results - Extracted JDBC value [0] - [77]
10:24:11.658 [main] DEBUG org.hibernate.orm.results.loading.entity - (EntityResultInitializer) Hydrated EntityKey (org.frcpm.models.TeamMember(959667941039800)): 77
10:24:11.658 [main] DEBUG org.hibernate.orm.results.loading.org.hibernate.orm.results.loading.collection - (DelayedCollectionInitializer) Current row collection key : org.frcpm.models.TeamMember(959667941039800).assignedTasks#77
10:24:11.658 [main] DEBUG org.hibernate.orm.results.loading.org.hibernate.orm.results.loading.collection - (DelayedCollectionInitializer) Current row collection key : org.frcpm.models.TeamMember(959667941039800).attendances#77
10:24:11.658 [main] DEBUG org.hibernate.orm.results.loading.entity - (EntityResultInitializer) Created new entity instance [org.frcpm.models.TeamMember(959667941039800)#77] : 1512974477
10:24:11.658 [main] DEBUG org.hibernate.orm.results - Extracted JDBC value [7] - [null]
10:24:11.658 [main] DEBUG org.hibernate.orm.results - Extracted JDBC value [1] - [testupdate@example.com]
10:24:11.658 [main] DEBUG org.hibernate.orm.results - Extracted JDBC value [2] - [Updated]
10:24:11.658 [main] DEBUG org.hibernate.orm.results - Extracted JDBC value [3] - [Update]
10:24:11.658 [main] DEBUG org.hibernate.orm.results - Extracted JDBC value [4] - [false]
10:24:11.658 [main] DEBUG org.hibernate.orm.results - Extracted JDBC value [5] - [null]
10:24:11.658 [main] DEBUG org.hibernate.orm.results - Extracted JDBC value [6] - [Updated Skills]
10:24:11.658 [main] DEBUG org.hibernate.orm.results - Extracted JDBC value [8] - [testupdate]
10:24:11.658 [main] DEBUG org.hibernate.orm.results.loading.entity - (EntityResultInitializer) Done materializing entityInstance : org.frcpm.models.TeamMember(959667941039800)#77
10:24:11.658 [main] DEBUG org.hibernate.orm.results.loading - Calling top-level assembler (0 / 1) : org.hibernate.sql.results.graph.entity.internal.EntityAssembler@1cbd1315
10:24:11.658 [main] DEBUG org.hibernate.orm.results - Extracted JDBC value [0] - [84]
10:24:11.658 [main] DEBUG org.hibernate.orm.results.loading.entity - (EntityResultInitializer) Hydrated EntityKey (org.frcpm.models.TeamMember(959667941039800)): 84
10:24:11.658 [main] DEBUG org.hibernate.orm.results.loading.org.hibernate.orm.results.loading.collection - (DelayedCollectionInitializer) Current row collection key : org.frcpm.models.TeamMember(959667941039800).assignedTasks#84
10:24:11.658 [main] DEBUG org.hibernate.orm.results.loading.org.hibernate.orm.results.loading.collection - (DelayedCollectionInitializer) Current row collection key : org.frcpm.models.TeamMember(959667941039800).attendances#84
10:24:11.658 [main] DEBUG org.hibernate.orm.results.loading.entity - (EntityResultInitializer) Created new entity instance [org.frcpm.models.TeamMember(959667941039800)#84] : 1332902717
10:24:11.658 [main] DEBUG org.hibernate.orm.results - Extracted JDBC value [7] - [null]
10:24:11.658 [main] DEBUG org.hibernate.orm.results - Extracted JDBC value [1] - [attendance3@example.com]
10:24:11.658 [main] DEBUG org.hibernate.orm.results - Extracted JDBC value [2] - [Attendance]
10:24:11.658 [main] DEBUG org.hibernate.orm.results - Extracted JDBC value [3] - [Test3]
10:24:11.658 [main] DEBUG org.hibernate.orm.results - Extracted JDBC value [4] - [false]
10:24:11.658 [main] DEBUG org.hibernate.orm.results - Extracted JDBC value [5] - [555-9012]
10:24:11.658 [main] DEBUG org.hibernate.orm.results - Extracted JDBC value [6] - [null]
10:24:11.658 [main] DEBUG org.hibernate.orm.results - Extracted JDBC value [8] - [attendancetest3]
10:24:11.658 [main] DEBUG org.hibernate.orm.results.loading.entity - (EntityResultInitializer) Done materializing entityInstance : org.frcpm.models.TeamMember(959667941039800)#84
10:24:11.658 [main] DEBUG org.hibernate.orm.results.loading - Calling top-level assembler (0 / 1) : org.hibernate.sql.results.graph.entity.internal.EntityAssembler@1cbd1315
10:24:11.658 [main] DEBUG org.hibernate.resource.jdbc.internal.LogicalConnectionManagedImpl - Initiating JDBC connection release from afterTransaction
10:24:11.658 [main] DEBUG org.hibernate.resource.jdbc.internal.LogicalConnectionManagedImpl - Initiating JDBC connection release from afterTransaction
10:24:11.658 [main] DEBUG org.hibernate.orm.sql.ast.create - Created new SQL alias : s1_0
10:24:11.658 [main] DEBUG org.hibernate.orm.sql.ast.create - Registration of TableGroup [StandardTableGroup(org.frcpm.models.Subteam(959667945161000))] with identifierForTableGroup [org.frcpm.models.Subteam] for NavigablePath [org.frcpm.models.Subteam] 
10:24:11.659 [main] DEBUG org.hibernate.orm.results.graph.AST - DomainResult Graph:
 \-EntityResultImpl [org.frcpm.models.Subteam(959667945161000)]
 |  +-BasicFetch [org.frcpm.models.Subteam(959667945161000).colorCode]
 |  +-DelayedCollectionFetch [org.frcpm.models.Subteam(959667945161000).members]
 |  +-BasicFetch [org.frcpm.models.Subteam(959667945161000).name]
 |  +-BasicFetch [org.frcpm.models.Subteam(959667945161000).specialties]
 |  \-DelayedCollectionFetch [org.frcpm.models.Subteam(959667945161000).subsystems]

10:24:11.659 [main] DEBUG org.hibernate.orm.sql.ast.tree - SQL AST Tree:
    SelectStatement {
      FromClause {
        StandardTableGroup (s1 : org.frcpm.models.Subteam(959667945161000)) {
          primaryTableReference : subteams as s1_0
        }
      }
    }

10:24:11.659 [main] DEBUG org.hibernate.orm.sql.exec - Skipping reading Query result cache data: cache-enabled = false, cache-mode = NORMAL
10:24:11.659 [main] DEBUG org.hibernate.orm.results - Initializer list:
	  org.frcpm.models.Subteam(959667945161000) -> EntityResultInitializer(org.frcpm.models.Subteam(959667945161000))@425928463 (SingleTableEntityPersister(org.frcpm.models.Subteam))
	  org.frcpm.models.Subteam(959667945161000).subsystems -> DelayedCollectionInitializer(org.frcpm.models.Subteam(959667945161000).subsystems)@1344275068 (PluralAttribute(org.frcpm.models.Subteam.subsystems))
	  org.frcpm.models.Subteam(959667945161000).members -> DelayedCollectionInitializer(org.frcpm.models.Subteam(959667945161000).members)@218303955 (PluralAttribute(org.frcpm.models.Subteam.members))

10:24:11.659 [main] DEBUG org.hibernate.SQL - select s1_0.id,s1_0.color_code,s1_0.name,s1_0.specialties from subteams s1_0
10:24:11.660 [main] DEBUG org.hibernate.orm.results - Extracted JDBC value [0] - [1]
10:24:11.660 [main] DEBUG org.hibernate.orm.results.loading.entity - (EntityResultInitializer) Hydrated EntityKey (org.frcpm.models.Subteam(959667945161000)): 1
10:24:11.660 [main] DEBUG org.hibernate.orm.results.loading.org.hibernate.orm.results.loading.collection - (DelayedCollectionInitializer) Current row collection key : org.frcpm.models.Subteam(959667945161000).members#1
10:24:11.660 [main] DEBUG org.hibernate.orm.results.loading.org.hibernate.orm.results.loading.collection - (DelayedCollectionInitializer) Current row collection key : org.frcpm.models.Subteam(959667945161000).subsystems#1
10:24:11.660 [main] DEBUG org.hibernate.orm.results.loading.entity - (EntityResultInitializer) Created new entity instance [org.frcpm.models.Subteam(959667945161000)#1] : 376295143
10:24:11.660 [main] DEBUG org.hibernate.orm.results - Extracted JDBC value [1] - [#FF5733]
10:24:11.660 [main] DEBUG org.hibernate.orm.results - Extracted JDBC value [2] - [Mechanical]
10:24:11.660 [main] DEBUG org.hibernate.orm.results - Extracted JDBC value [3] - [Design, CAD, Fabrication, Assembly]
10:24:11.661 [main] DEBUG org.hibernate.orm.results.loading.entity - (EntityResultInitializer) Done materializing entityInstance : org.frcpm.models.Subteam(959667945161000)#1
10:24:11.661 [main] DEBUG org.hibernate.orm.results.loading - Calling top-level assembler (0 / 1) : org.hibernate.sql.results.graph.entity.internal.EntityAssembler@5b724a76
10:24:11.661 [main] DEBUG org.hibernate.orm.results - Extracted JDBC value [0] - [2]
10:24:11.661 [main] DEBUG org.hibernate.orm.results.loading.entity - (EntityResultInitializer) Hydrated EntityKey (org.frcpm.models.Subteam(959667945161000)): 2
10:24:11.661 [main] DEBUG org.hibernate.orm.results.loading.org.hibernate.orm.results.loading.collection - (DelayedCollectionInitializer) Current row collection key : org.frcpm.models.Subteam(959667945161000).members#2
10:24:11.661 [main] DEBUG org.hibernate.orm.results.loading.org.hibernate.orm.results.loading.collection - (DelayedCollectionInitializer) Current row collection key : org.frcpm.models.Subteam(959667945161000).subsystems#2
10:24:11.661 [main] DEBUG org.hibernate.orm.results.loading.entity - (EntityResultInitializer) Created new entity instance [org.frcpm.models.Subteam(959667945161000)#2] : 588295433
10:24:11.661 [main] DEBUG org.hibernate.orm.results - Extracted JDBC value [1] - [#33A8FF]
10:24:11.661 [main] DEBUG org.hibernate.orm.results - Extracted JDBC value [2] - [Electrical]
10:24:11.661 [main] DEBUG org.hibernate.orm.results - Extracted JDBC value [3] - [Wiring, Electronics, Sensors, Power Systems]
10:24:11.661 [main] DEBUG org.hibernate.orm.results.loading.entity - (EntityResultInitializer) Done materializing entityInstance : org.frcpm.models.Subteam(959667945161000)#2
10:24:11.661 [main] DEBUG org.hibernate.orm.results.loading - Calling top-level assembler (0 / 1) : org.hibernate.sql.results.graph.entity.internal.EntityAssembler@5b724a76
10:24:11.661 [main] DEBUG org.hibernate.orm.results - Extracted JDBC value [0] - [3]
10:24:11.661 [main] DEBUG org.hibernate.orm.results.loading.entity - (EntityResultInitializer) Hydrated EntityKey (org.frcpm.models.Subteam(959667945161000)): 3
10:24:11.661 [main] DEBUG org.hibernate.orm.results.loading.org.hibernate.orm.results.loading.collection - (DelayedCollectionInitializer) Current row collection key : org.frcpm.models.Subteam(959667945161000).members#3
10:24:11.661 [main] DEBUG org.hibernate.orm.results.loading.org.hibernate.orm.results.loading.collection - (DelayedCollectionInitializer) Current row collection key : org.frcpm.models.Subteam(959667945161000).subsystems#3
10:24:11.661 [main] DEBUG org.hibernate.orm.results.loading.entity - (EntityResultInitializer) Created new entity instance [org.frcpm.models.Subteam(959667945161000)#3] : 349862884
10:24:11.661 [main] DEBUG org.hibernate.orm.results - Extracted JDBC value [1] - [#33FF57]
10:24:11.661 [main] DEBUG org.hibernate.orm.results - Extracted JDBC value [2] - [Programming]
10:24:11.661 [main] DEBUG org.hibernate.orm.results - Extracted JDBC value [3] - [Java, Vision, Control Systems, Autonomous]
10:24:11.661 [main] DEBUG org.hibernate.orm.results.loading.entity - (EntityResultInitializer) Done materializing entityInstance : org.frcpm.models.Subteam(959667945161000)#3
10:24:11.661 [main] DEBUG org.hibernate.orm.results.loading - Calling top-level assembler (0 / 1) : org.hibernate.sql.results.graph.entity.internal.EntityAssembler@5b724a76
10:24:11.661 [main] DEBUG org.hibernate.orm.results - Extracted JDBC value [0] - [4]
10:24:11.661 [main] DEBUG org.hibernate.orm.results.loading.entity - (EntityResultInitializer) Hydrated EntityKey (org.frcpm.models.Subteam(959667945161000)): 4
10:24:11.661 [main] DEBUG org.hibernate.orm.results.loading.org.hibernate.orm.results.loading.collection - (DelayedCollectionInitializer) Current row collection key : org.frcpm.models.Subteam(959667945161000).members#4
10:24:11.661 [main] DEBUG org.hibernate.orm.results.loading.org.hibernate.orm.results.loading.collection - (DelayedCollectionInitializer) Current row collection key : org.frcpm.models.Subteam(959667945161000).subsystems#4
10:24:11.661 [main] DEBUG org.hibernate.orm.results.loading.entity - (EntityResultInitializer) Created new entity instance [org.frcpm.models.Subteam(959667945161000)#4] : 287169393
10:24:11.661 [main] DEBUG org.hibernate.orm.results - Extracted JDBC value [1] - [#FF33A8]
10:24:11.661 [main] DEBUG org.hibernate.orm.results - Extracted JDBC value [2] - [Business]
10:24:11.661 [main] DEBUG org.hibernate.orm.results - Extracted JDBC value [3] - [Fundraising, Marketing, Outreach, Awards]
10:24:11.661 [main] DEBUG org.hibernate.orm.results.loading.entity - (EntityResultInitializer) Done materializing entityInstance : org.frcpm.models.Subteam(959667945161000)#4
10:24:11.661 [main] DEBUG org.hibernate.orm.results.loading - Calling top-level assembler (0 / 1) : org.hibernate.sql.results.graph.entity.internal.EntityAssembler@5b724a76
10:24:11.661 [main] DEBUG org.hibernate.orm.results - Extracted JDBC value [0] - [24]
10:24:11.661 [main] DEBUG org.hibernate.orm.results.loading.entity - (EntityResultInitializer) Hydrated EntityKey (org.frcpm.models.Subteam(959667945161000)): 24
10:24:11.662 [main] DEBUG org.hibernate.orm.results.loading.org.hibernate.orm.results.loading.collection - (DelayedCollectionInitializer) Current row collection key : org.frcpm.models.Subteam(959667945161000).members#24
10:24:11.662 [main] DEBUG org.hibernate.orm.results.loading.org.hibernate.orm.results.loading.collection - (DelayedCollectionInitializer) Current row collection key : org.frcpm.models.Subteam(959667945161000).subsystems#24
10:24:11.662 [main] DEBUG org.hibernate.orm.results.loading.entity - (EntityResultInitializer) Created new entity instance [org.frcpm.models.Subteam(959667945161000)#24] : 1375446296
10:24:11.662 [main] DEBUG org.hibernate.orm.results - Extracted JDBC value [1] - [#0000FF]
10:24:11.662 [main] DEBUG org.hibernate.orm.results - Extracted JDBC value [2] - [Test Count Subteam]
10:24:11.662 [main] DEBUG org.hibernate.orm.results - Extracted JDBC value [3] - [null]
10:24:11.662 [main] DEBUG org.hibernate.orm.results.loading.entity - (EntityResultInitializer) Done materializing entityInstance : org.frcpm.models.Subteam(959667945161000)#24
10:24:11.662 [main] DEBUG org.hibernate.orm.results.loading - Calling top-level assembler (0 / 1) : org.hibernate.sql.results.graph.entity.internal.EntityAssembler@5b724a76
10:24:11.662 [main] DEBUG org.hibernate.orm.results - Extracted JDBC value [0] - [27]
10:24:11.662 [main] DEBUG org.hibernate.orm.results.loading.entity - (EntityResultInitializer) Hydrated EntityKey (org.frcpm.models.Subteam(959667945161000)): 27
10:24:11.662 [main] DEBUG org.hibernate.orm.results.loading.org.hibernate.orm.results.loading.collection - (DelayedCollectionInitializer) Current row collection key : org.frcpm.models.Subteam(959667945161000).members#27
10:24:11.662 [main] DEBUG org.hibernate.orm.results.loading.org.hibernate.orm.results.loading.collection - (DelayedCollectionInitializer) Current row collection key : org.frcpm.models.Subteam(959667945161000).subsystems#27
10:24:11.662 [main] DEBUG org.hibernate.orm.results.loading.entity - (EntityResultInitializer) Created new entity instance [org.frcpm.models.Subteam(959667945161000)#27] : 368954638
10:24:11.662 [main] DEBUG org.hibernate.orm.results - Extracted JDBC value [1] - [#0000FF]
10:24:11.662 [main] DEBUG org.hibernate.orm.results - Extracted JDBC value [2] - [Test Save Subteam]
10:24:11.662 [main] DEBUG org.hibernate.orm.results - Extracted JDBC value [3] - [Testing]
10:24:11.662 [main] DEBUG org.hibernate.orm.results.loading.entity - (EntityResultInitializer) Done materializing entityInstance : org.frcpm.models.Subteam(959667945161000)#27
10:24:11.662 [main] DEBUG org.hibernate.orm.results.loading - Calling top-level assembler (0 / 1) : org.hibernate.sql.results.graph.entity.internal.EntityAssembler@5b724a76
10:24:11.662 [main] DEBUG org.hibernate.orm.results - Extracted JDBC value [0] - [42]
10:24:11.662 [main] DEBUG org.hibernate.orm.results.loading.entity - (EntityResultInitializer) Hydrated EntityKey (org.frcpm.models.Subteam(959667945161000)): 42
10:24:11.662 [main] DEBUG org.hibernate.orm.results.loading.org.hibernate.orm.results.loading.collection - (DelayedCollectionInitializer) Current row collection key : org.frcpm.models.Subteam(959667945161000).members#42
10:24:11.662 [main] DEBUG org.hibernate.orm.results.loading.org.hibernate.orm.results.loading.collection - (DelayedCollectionInitializer) Current row collection key : org.frcpm.models.Subteam(959667945161000).subsystems#42
10:24:11.662 [main] DEBUG org.hibernate.orm.results.loading.entity - (EntityResultInitializer) Created new entity instance [org.frcpm.models.Subteam(959667945161000)#42] : 1732262057
10:24:11.662 [main] DEBUG org.hibernate.orm.results - Extracted JDBC value [1] - [#00FFFF]
10:24:11.662 [main] DEBUG org.hibernate.orm.results - Extracted JDBC value [2] - [Updated Subteam Name]
10:24:11.662 [main] DEBUG org.hibernate.orm.results - Extracted JDBC value [3] - [null]
10:24:11.662 [main] DEBUG org.hibernate.orm.results.loading.entity - (EntityResultInitializer) Done materializing entityInstance : org.frcpm.models.Subteam(959667945161000)#42
10:24:11.662 [main] DEBUG org.hibernate.orm.results.loading - Calling top-level assembler (0 / 1) : org.hibernate.sql.results.graph.entity.internal.EntityAssembler@5b724a76
10:24:11.662 [main] DEBUG org.hibernate.orm.results - Extracted JDBC value [0] - [67]
10:24:11.662 [main] DEBUG org.hibernate.orm.results.loading.entity - (EntityResultInitializer) Hydrated EntityKey (org.frcpm.models.Subteam(959667945161000)): 67
10:24:11.662 [main] DEBUG org.hibernate.orm.results.loading.org.hibernate.orm.results.loading.collection - (DelayedCollectionInitializer) Current row collection key : org.frcpm.models.Subteam(959667945161000).members#67
10:24:11.662 [main] DEBUG org.hibernate.orm.results.loading.org.hibernate.orm.results.loading.collection - (DelayedCollectionInitializer) Current row collection key : org.frcpm.models.Subteam(959667945161000).subsystems#67
10:24:11.662 [main] DEBUG org.hibernate.orm.results.loading.entity - (EntityResultInitializer) Created new entity instance [org.frcpm.models.Subteam(959667945161000)#67] : 1271739014
10:24:11.662 [main] DEBUG org.hibernate.orm.results - Extracted JDBC value [1] - [#0000FF]
10:24:11.662 [main] DEBUG org.hibernate.orm.results - Extracted JDBC value [2] - [Test Create Service Subteam]
10:24:11.662 [main] DEBUG org.hibernate.orm.results - Extracted JDBC value [3] - [Testing, Quality Assurance]
10:24:11.662 [main] DEBUG org.hibernate.orm.results.loading.entity - (EntityResultInitializer) Done materializing entityInstance : org.frcpm.models.Subteam(959667945161000)#67
10:24:11.662 [main] DEBUG org.hibernate.orm.results.loading - Calling top-level assembler (0 / 1) : org.hibernate.sql.results.graph.entity.internal.EntityAssembler@5b724a76
10:24:11.662 [main] DEBUG org.hibernate.orm.results - Extracted JDBC value [0] - [70]
10:24:11.662 [main] DEBUG org.hibernate.orm.results.loading.entity - (EntityResultInitializer) Hydrated EntityKey (org.frcpm.models.Subteam(959667945161000)): 70
10:24:11.662 [main] DEBUG org.hibernate.orm.results.loading.org.hibernate.orm.results.loading.collection - (DelayedCollectionInitializer) Current row collection key : org.frcpm.models.Subteam(959667945161000).members#70
10:24:11.662 [main] DEBUG org.hibernate.orm.results.loading.org.hibernate.orm.results.loading.collection - (DelayedCollectionInitializer) Current row collection key : org.frcpm.models.Subteam(959667945161000).subsystems#70
10:24:11.662 [main] DEBUG org.hibernate.orm.results.loading.entity - (EntityResultInitializer) Created new entity instance [org.frcpm.models.Subteam(959667945161000)#70] : 339992852
10:24:11.662 [main] DEBUG org.hibernate.orm.results - Extracted JDBC value [1] - [#00FFFF]
10:24:11.662 [main] DEBUG org.hibernate.orm.results - Extracted JDBC value [2] - [Test Color Update Subteam]
10:24:11.662 [main] DEBUG org.hibernate.orm.results - Extracted JDBC value [3] - [Specialties]
10:24:11.662 [main] DEBUG org.hibernate.orm.results.loading.entity - (EntityResultInitializer) Done materializing entityInstance : org.frcpm.models.Subteam(959667945161000)#70
10:24:11.662 [main] DEBUG org.hibernate.orm.results.loading - Calling top-level assembler (0 / 1) : org.hibernate.sql.results.graph.entity.internal.EntityAssembler@5b724a76
10:24:11.662 [main] DEBUG org.hibernate.orm.results - Extracted JDBC value [0] - [79]
10:24:11.662 [main] DEBUG org.hibernate.orm.results.loading.entity - (EntityResultInitializer) Hydrated EntityKey (org.frcpm.models.Subteam(959667945161000)): 79
10:24:11.662 [main] DEBUG org.hibernate.orm.results.loading.org.hibernate.orm.results.loading.collection - (DelayedCollectionInitializer) Current row collection key : org.frcpm.models.Subteam(959667945161000).members#79
10:24:11.662 [main] DEBUG org.hibernate.orm.results.loading.org.hibernate.orm.results.loading.collection - (DelayedCollectionInitializer) Current row collection key : org.frcpm.models.Subteam(959667945161000).subsystems#79
10:24:11.662 [main] DEBUG org.hibernate.orm.results.loading.entity - (EntityResultInitializer) Created new entity instance [org.frcpm.models.Subteam(959667945161000)#79] : 1893537851
10:24:11.662 [main] DEBUG org.hibernate.orm.results - Extracted JDBC value [1] - [#0000FF]
10:24:11.662 [main] DEBUG org.hibernate.orm.results - Extracted JDBC value [2] - [Test Update Subteam]
10:24:11.662 [main] DEBUG org.hibernate.orm.results - Extracted JDBC value [3] - [Updated Specialties]
10:24:11.662 [main] DEBUG org.hibernate.orm.results.loading.entity - (EntityResultInitializer) Done materializing entityInstance : org.frcpm.models.Subteam(959667945161000)#79
10:24:11.662 [main] DEBUG org.hibernate.orm.results.loading - Calling top-level assembler (0 / 1) : org.hibernate.sql.results.graph.entity.internal.EntityAssembler@5b724a76
10:24:11.662 [main] DEBUG org.hibernate.orm.results - Extracted JDBC value [0] - [87]
10:24:11.662 [main] DEBUG org.hibernate.orm.results.loading.entity - (EntityResultInitializer) Hydrated EntityKey (org.frcpm.models.Subteam(959667945161000)): 87
10:24:11.662 [main] DEBUG org.hibernate.orm.results.loading.org.hibernate.orm.results.loading.collection - (DelayedCollectionInitializer) Current row collection key : org.frcpm.models.Subteam(959667945161000).members#87
10:24:11.662 [main] DEBUG org.hibernate.orm.results.loading.org.hibernate.orm.results.loading.collection - (DelayedCollectionInitializer) Current row collection key : org.frcpm.models.Subteam(959667945161000).subsystems#87
10:24:11.663 [main] DEBUG org.hibernate.orm.results.loading.entity - (EntityResultInitializer) Created new entity instance [org.frcpm.models.Subteam(959667945161000)#87] : 98558276
10:24:11.663 [main] DEBUG org.hibernate.orm.results - Extracted JDBC value [1] - [#0000FF]
10:24:11.663 [main] DEBUG org.hibernate.orm.results - Extracted JDBC value [2] - [Duplicate Name Subteam]
10:24:11.663 [main] DEBUG org.hibernate.orm.results - Extracted JDBC value [3] - [Specialties]
10:24:11.663 [main] DEBUG org.hibernate.orm.results.loading.entity - (EntityResultInitializer) Done materializing entityInstance : org.frcpm.models.Subteam(959667945161000)#87
10:24:11.663 [main] DEBUG org.hibernate.orm.results.loading - Calling top-level assembler (0 / 1) : org.hibernate.sql.results.graph.entity.internal.EntityAssembler@5b724a76
10:24:11.663 [main] DEBUG org.hibernate.resource.jdbc.internal.LogicalConnectionManagedImpl - Initiating JDBC connection release from afterTransaction
10:24:11.663 [main] DEBUG org.hibernate.resource.jdbc.internal.LogicalConnectionManagedImpl - Initiating JDBC connection release from afterTransaction
]]></system-out>
  </testcase>
  <testcase name="testShowErrorAlert" classname="org.frcpm.controllers.TeamControllerTest" time="0.017">
    <system-out><![CDATA[10:24:11.677 [main] DEBUG org.hibernate.orm.sql.ast.create - Created new SQL alias : tm1_0
10:24:11.677 [main] DEBUG org.hibernate.orm.sql.ast.create - Registration of TableGroup [StandardTableGroup(org.frcpm.models.TeamMember(959667963556500))] with identifierForTableGroup [org.frcpm.models.TeamMember] for NavigablePath [org.frcpm.models.TeamMember] 
10:24:11.678 [main] DEBUG org.hibernate.orm.sql.ast.create - Registration of TableGroup [org.hibernate.sql.ast.tree.from.LazyTableGroup@2379f977] with identifierForTableGroup [org.frcpm.models.TeamMember.subteam] for NavigablePath [org.frcpm.models.TeamMember.subteam] 
10:24:11.678 [main] DEBUG org.hibernate.orm.results.graph.AST - DomainResult Graph:
 \-EntityResultImpl [org.frcpm.models.TeamMember(959667963556500)]
 |  +-DelayedCollectionFetch [org.frcpm.models.TeamMember(959667963556500).assignedTasks]
 |  +-DelayedCollectionFetch [org.frcpm.models.TeamMember(959667963556500).attendances]
 |  +-BasicFetch [org.frcpm.models.TeamMember(959667963556500).email]
 |  +-BasicFetch [org.frcpm.models.TeamMember(959667963556500).firstName]
 |  +-BasicFetch [org.frcpm.models.TeamMember(959667963556500).lastName]
 |  +-BasicFetch [org.frcpm.models.TeamMember(959667963556500).leader]
 |  +-BasicFetch [org.frcpm.models.TeamMember(959667963556500).phone]
 |  +-BasicFetch [org.frcpm.models.TeamMember(959667963556500).skills]
 |  +-CircularFetchImpl [org.frcpm.models.TeamMember(959667963556500).subteam]
 |  \-BasicFetch [org.frcpm.models.TeamMember(959667963556500).username]

10:24:11.678 [main] DEBUG org.hibernate.orm.sql.ast.tree - SQL AST Tree:
    SelectStatement {
      FromClause {
        StandardTableGroup (tm1 : org.frcpm.models.TeamMember(959667963556500)) {
          primaryTableReference : team_members as tm1_0
          TableGroupJoins {
            left  join LazyTableGroup (s1 : org.frcpm.models.TeamMember(959667963556500).subteam) {
            }
          }
        }
      }
    }

10:24:11.678 [main] DEBUG org.hibernate.orm.sql.exec - Skipping reading Query result cache data: cache-enabled = false, cache-mode = NORMAL
10:24:11.678 [main] DEBUG org.hibernate.orm.results - Initializer list:
	  org.frcpm.models.TeamMember(959667963556500).attendances -> DelayedCollectionInitializer(org.frcpm.models.TeamMember(959667963556500).attendances)@1840107316 (PluralAttribute(org.frcpm.models.TeamMember.attendances))
	  org.frcpm.models.TeamMember(959667963556500).subteam -> EntityDelayedFetchInitializer(org.frcpm.models.TeamMember(959667963556500).subteam)@1321426506 (ToOneAttributeMapping(NavigableRole[org.frcpm.models.TeamMember.subteam])@1143917207)
	  org.frcpm.models.TeamMember(959667963556500).assignedTasks -> DelayedCollectionInitializer(org.frcpm.models.TeamMember(959667963556500).assignedTasks)@1123111501 (PluralAttribute(org.frcpm.models.TeamMember.assignedTasks))
	  org.frcpm.models.TeamMember(959667963556500) -> EntityResultInitializer(org.frcpm.models.TeamMember(959667963556500))@783264037 (SingleTableEntityPersister(org.frcpm.models.TeamMember))

10:24:11.678 [main] DEBUG org.hibernate.SQL - select tm1_0.id,tm1_0.email,tm1_0.first_name,tm1_0.last_name,tm1_0.is_leader,tm1_0.phone,tm1_0.skills,tm1_0.subteam_id,tm1_0.username from team_members tm1_0
10:24:11.678 [main] DEBUG org.hibernate.orm.results - Extracted JDBC value [0] - [1]
10:24:11.678 [main] DEBUG org.hibernate.orm.results.loading.entity - (EntityResultInitializer) Hydrated EntityKey (org.frcpm.models.TeamMember(959667963556500)): 1
10:24:11.679 [main] DEBUG org.hibernate.orm.results.loading.org.hibernate.orm.results.loading.collection - (DelayedCollectionInitializer) Current row collection key : org.frcpm.models.TeamMember(959667963556500).assignedTasks#1
10:24:11.679 [main] DEBUG org.hibernate.orm.results.loading.org.hibernate.orm.results.loading.collection - (DelayedCollectionInitializer) Current row collection key : org.frcpm.models.TeamMember(959667963556500).attendances#1
10:24:11.679 [main] DEBUG org.hibernate.orm.results.loading.entity - (EntityResultInitializer) Created new entity instance [org.frcpm.models.TeamMember(959667963556500)#1] : 834042628
10:24:11.679 [main] DEBUG org.hibernate.orm.results - Extracted JDBC value [7] - [3]
10:24:11.679 [main] DEBUG org.hibernate.orm.results - Extracted JDBC value [1] - [jsmith@example.com]
10:24:11.679 [main] DEBUG org.hibernate.orm.results - Extracted JDBC value [2] - [John]
10:24:11.679 [main] DEBUG org.hibernate.orm.results - Extracted JDBC value [3] - [Smith]
10:24:11.679 [main] DEBUG org.hibernate.orm.results - Extracted JDBC value [4] - [true]
10:24:11.679 [main] DEBUG org.hibernate.orm.results - Extracted JDBC value [5] - [555-1234]
10:24:11.679 [main] DEBUG org.hibernate.orm.results - Extracted JDBC value [6] - [Java, Python, Control Systems]
10:24:11.679 [main] DEBUG org.hibernate.orm.results - Extracted JDBC value [8] - [jsmith]
10:24:11.679 [main] DEBUG org.hibernate.orm.results.loading.entity - (EntityResultInitializer) Done materializing entityInstance : org.frcpm.models.TeamMember(959667963556500)#1
10:24:11.679 [main] DEBUG org.hibernate.orm.results.loading - Calling top-level assembler (0 / 1) : org.hibernate.sql.results.graph.entity.internal.EntityAssembler@1f4cd72a
10:24:11.679 [main] DEBUG org.hibernate.orm.results - Extracted JDBC value [0] - [2]
10:24:11.679 [main] DEBUG org.hibernate.orm.results.loading.entity - (EntityResultInitializer) Hydrated EntityKey (org.frcpm.models.TeamMember(959667963556500)): 2
10:24:11.679 [main] DEBUG org.hibernate.orm.results.loading.org.hibernate.orm.results.loading.collection - (DelayedCollectionInitializer) Current row collection key : org.frcpm.models.TeamMember(959667963556500).assignedTasks#2
10:24:11.679 [main] DEBUG org.hibernate.orm.results.loading.org.hibernate.orm.results.loading.collection - (DelayedCollectionInitializer) Current row collection key : org.frcpm.models.TeamMember(959667963556500).attendances#2
10:24:11.679 [main] DEBUG org.hibernate.orm.results.loading.entity - (EntityResultInitializer) Created new entity instance [org.frcpm.models.TeamMember(959667963556500)#2] : 497082780
10:24:11.679 [main] DEBUG org.hibernate.orm.results - Extracted JDBC value [7] - [1]
10:24:11.679 [main] DEBUG org.hibernate.orm.results - Extracted JDBC value [1] - [agarcia@example.com]
10:24:11.679 [main] DEBUG org.hibernate.orm.results - Extracted JDBC value [2] - [Ana]
10:24:11.679 [main] DEBUG org.hibernate.orm.results - Extracted JDBC value [3] - [Garcia]
10:24:11.679 [main] DEBUG org.hibernate.orm.results - Extracted JDBC value [4] - [true]
10:24:11.679 [main] DEBUG org.hibernate.orm.results - Extracted JDBC value [5] - [555-5678]
10:24:11.679 [main] DEBUG org.hibernate.orm.results - Extracted JDBC value [6] - [CAD, Design, Machining]
10:24:11.679 [main] DEBUG org.hibernate.orm.results - Extracted JDBC value [8] - [agarcia]
10:24:11.679 [main] DEBUG org.hibernate.orm.results.loading.entity - (EntityResultInitializer) Done materializing entityInstance : org.frcpm.models.TeamMember(959667963556500)#2
10:24:11.679 [main] DEBUG org.hibernate.orm.results.loading - Calling top-level assembler (0 / 1) : org.hibernate.sql.results.graph.entity.internal.EntityAssembler@1f4cd72a
10:24:11.679 [main] DEBUG org.hibernate.orm.results - Extracted JDBC value [0] - [3]
10:24:11.679 [main] DEBUG org.hibernate.orm.results.loading.entity - (EntityResultInitializer) Hydrated EntityKey (org.frcpm.models.TeamMember(959667963556500)): 3
10:24:11.679 [main] DEBUG org.hibernate.orm.results.loading.org.hibernate.orm.results.loading.collection - (DelayedCollectionInitializer) Current row collection key : org.frcpm.models.TeamMember(959667963556500).assignedTasks#3
10:24:11.679 [main] DEBUG org.hibernate.orm.results.loading.org.hibernate.orm.results.loading.collection - (DelayedCollectionInitializer) Current row collection key : org.frcpm.models.TeamMember(959667963556500).attendances#3
10:24:11.679 [main] DEBUG org.hibernate.orm.results.loading.entity - (EntityResultInitializer) Created new entity instance [org.frcpm.models.TeamMember(959667963556500)#3] : 1301819876
10:24:11.679 [main] DEBUG org.hibernate.orm.results - Extracted JDBC value [7] - [2]
10:24:11.679 [main] DEBUG org.hibernate.orm.results - Extracted JDBC value [1] - [twong@example.com]
10:24:11.679 [main] DEBUG org.hibernate.orm.results - Extracted JDBC value [2] - [Tyler]
10:24:11.679 [main] DEBUG org.hibernate.orm.results - Extracted JDBC value [3] - [Wong]
10:24:11.679 [main] DEBUG org.hibernate.orm.results - Extracted JDBC value [4] - [true]
10:24:11.679 [main] DEBUG org.hibernate.orm.results - Extracted JDBC value [5] - [555-9012]
10:24:11.679 [main] DEBUG org.hibernate.orm.results - Extracted JDBC value [6] - [Electronics, Wiring, Soldering]
10:24:11.679 [main] DEBUG org.hibernate.orm.results - Extracted JDBC value [8] - [twong]
10:24:11.679 [main] DEBUG org.hibernate.orm.results.loading.entity - (EntityResultInitializer) Done materializing entityInstance : org.frcpm.models.TeamMember(959667963556500)#3
10:24:11.679 [main] DEBUG org.hibernate.orm.results.loading - Calling top-level assembler (0 / 1) : org.hibernate.sql.results.graph.entity.internal.EntityAssembler@1f4cd72a
10:24:11.679 [main] DEBUG org.hibernate.orm.results - Extracted JDBC value [0] - [4]
10:24:11.679 [main] DEBUG org.hibernate.orm.results.loading.entity - (EntityResultInitializer) Hydrated EntityKey (org.frcpm.models.TeamMember(959667963556500)): 4
10:24:11.680 [main] DEBUG org.hibernate.orm.results.loading.org.hibernate.orm.results.loading.collection - (DelayedCollectionInitializer) Current row collection key : org.frcpm.models.TeamMember(959667963556500).assignedTasks#4
10:24:11.680 [main] DEBUG org.hibernate.orm.results.loading.org.hibernate.orm.results.loading.collection - (DelayedCollectionInitializer) Current row collection key : org.frcpm.models.TeamMember(959667963556500).attendances#4
10:24:11.680 [main] DEBUG org.hibernate.orm.results.loading.entity - (EntityResultInitializer) Created new entity instance [org.frcpm.models.TeamMember(959667963556500)#4] : 1316514120
10:24:11.680 [main] DEBUG org.hibernate.orm.results - Extracted JDBC value [7] - [4]
10:24:11.680 [main] DEBUG org.hibernate.orm.results - Extracted JDBC value [1] - [lchen@example.com]
10:24:11.680 [main] DEBUG org.hibernate.orm.results - Extracted JDBC value [2] - [Lisa]
10:24:11.680 [main] DEBUG org.hibernate.orm.results - Extracted JDBC value [3] - [Chen]
10:24:11.680 [main] DEBUG org.hibernate.orm.results - Extracted JDBC value [4] - [true]
10:24:11.680 [main] DEBUG org.hibernate.orm.results - Extracted JDBC value [5] - [555-3456]
10:24:11.680 [main] DEBUG org.hibernate.orm.results - Extracted JDBC value [6] - [Marketing, Social Media, Presentations]
10:24:11.680 [main] DEBUG org.hibernate.orm.results - Extracted JDBC value [8] - [lchen]
10:24:11.680 [main] DEBUG org.hibernate.orm.results.loading.entity - (EntityResultInitializer) Done materializing entityInstance : org.frcpm.models.TeamMember(959667963556500)#4
10:24:11.680 [main] DEBUG org.hibernate.orm.results.loading - Calling top-level assembler (0 / 1) : org.hibernate.sql.results.graph.entity.internal.EntityAssembler@1f4cd72a
10:24:11.680 [main] DEBUG org.hibernate.orm.results - Extracted JDBC value [0] - [5]
10:24:11.680 [main] DEBUG org.hibernate.orm.results.loading.entity - (EntityResultInitializer) Hydrated EntityKey (org.frcpm.models.TeamMember(959667963556500)): 5
10:24:11.680 [main] DEBUG org.hibernate.orm.results.loading.org.hibernate.orm.results.loading.collection - (DelayedCollectionInitializer) Current row collection key : org.frcpm.models.TeamMember(959667963556500).assignedTasks#5
10:24:11.680 [main] DEBUG org.hibernate.orm.results.loading.org.hibernate.orm.results.loading.collection - (DelayedCollectionInitializer) Current row collection key : org.frcpm.models.TeamMember(959667963556500).attendances#5
10:24:11.680 [main] DEBUG org.hibernate.orm.results.loading.entity - (EntityResultInitializer) Created new entity instance [org.frcpm.models.TeamMember(959667963556500)#5] : 457358072
10:24:11.680 [main] DEBUG org.hibernate.orm.results - Extracted JDBC value [7] - [1]
10:24:11.680 [main] DEBUG org.hibernate.orm.results - Extracted JDBC value [1] - [mjohnson@example.com]
10:24:11.680 [main] DEBUG org.hibernate.orm.results - Extracted JDBC value [2] - [Mike]
10:24:11.680 [main] DEBUG org.hibernate.orm.results - Extracted JDBC value [3] - [Johnson]
10:24:11.680 [main] DEBUG org.hibernate.orm.results - Extracted JDBC value [4] - [false]
10:24:11.680 [main] DEBUG org.hibernate.orm.results - Extracted JDBC value [5] - [555-7890]
10:24:11.680 [main] DEBUG org.hibernate.orm.results - Extracted JDBC value [6] - [CAD, 3D Printing, Prototyping]
10:24:11.680 [main] DEBUG org.hibernate.orm.results - Extracted JDBC value [8] - [mjohnson]
10:24:11.680 [main] DEBUG org.hibernate.orm.results.loading.entity - (EntityResultInitializer) Done materializing entityInstance : org.frcpm.models.TeamMember(959667963556500)#5
10:24:11.680 [main] DEBUG org.hibernate.orm.results.loading - Calling top-level assembler (0 / 1) : org.hibernate.sql.results.graph.entity.internal.EntityAssembler@1f4cd72a
10:24:11.680 [main] DEBUG org.hibernate.orm.results - Extracted JDBC value [0] - [6]
10:24:11.680 [main] DEBUG org.hibernate.orm.results.loading.entity - (EntityResultInitializer) Hydrated EntityKey (org.frcpm.models.TeamMember(959667963556500)): 6
10:24:11.680 [main] DEBUG org.hibernate.orm.results.loading.org.hibernate.orm.results.loading.collection - (DelayedCollectionInitializer) Current row collection key : org.frcpm.models.TeamMember(959667963556500).assignedTasks#6
10:24:11.680 [main] DEBUG org.hibernate.orm.results.loading.org.hibernate.orm.results.loading.collection - (DelayedCollectionInitializer) Current row collection key : org.frcpm.models.TeamMember(959667963556500).attendances#6
10:24:11.680 [main] DEBUG org.hibernate.orm.results.loading.entity - (EntityResultInitializer) Created new entity instance [org.frcpm.models.TeamMember(959667963556500)#6] : 722056646
10:24:11.680 [main] DEBUG org.hibernate.orm.results - Extracted JDBC value [7] - [3]
10:24:11.680 [main] DEBUG org.hibernate.orm.results - Extracted JDBC value [1] - [sdavis@example.com]
10:24:11.680 [main] DEBUG org.hibernate.orm.results - Extracted JDBC value [2] - [Sarah]
10:24:11.680 [main] DEBUG org.hibernate.orm.results - Extracted JDBC value [3] - [Davis]
10:24:11.680 [main] DEBUG org.hibernate.orm.results - Extracted JDBC value [4] - [false]
10:24:11.680 [main] DEBUG org.hibernate.orm.results - Extracted JDBC value [5] - [555-2345]
10:24:11.680 [main] DEBUG org.hibernate.orm.results - Extracted JDBC value [6] - [Computer Vision, Machine Learning]
10:24:11.680 [main] DEBUG org.hibernate.orm.results - Extracted JDBC value [8] - [sdavis]
10:24:11.680 [main] DEBUG org.hibernate.orm.results.loading.entity - (EntityResultInitializer) Done materializing entityInstance : org.frcpm.models.TeamMember(959667963556500)#6
10:24:11.680 [main] DEBUG org.hibernate.orm.results.loading - Calling top-level assembler (0 / 1) : org.hibernate.sql.results.graph.entity.internal.EntityAssembler@1f4cd72a
10:24:11.680 [main] DEBUG org.hibernate.orm.results - Extracted JDBC value [0] - [36]
10:24:11.680 [main] DEBUG org.hibernate.orm.results.loading.entity - (EntityResultInitializer) Hydrated EntityKey (org.frcpm.models.TeamMember(959667963556500)): 36
10:24:11.680 [main] DEBUG org.hibernate.orm.results.loading.org.hibernate.orm.results.loading.collection - (DelayedCollectionInitializer) Current row collection key : org.frcpm.models.TeamMember(959667963556500).assignedTasks#36
10:24:11.680 [main] DEBUG org.hibernate.orm.results.loading.org.hibernate.orm.results.loading.collection - (DelayedCollectionInitializer) Current row collection key : org.frcpm.models.TeamMember(959667963556500).attendances#36
10:24:11.680 [main] DEBUG org.hibernate.orm.results.loading.entity - (EntityResultInitializer) Created new entity instance [org.frcpm.models.TeamMember(959667963556500)#36] : 900274144
10:24:11.680 [main] DEBUG org.hibernate.orm.results - Extracted JDBC value [7] - [null]
10:24:11.680 [main] DEBUG org.hibernate.orm.results - Extracted JDBC value [1] - [tasktest@example.com]
10:24:11.680 [main] DEBUG org.hibernate.orm.results - Extracted JDBC value [2] - [Task]
10:24:11.680 [main] DEBUG org.hibernate.orm.results - Extracted JDBC value [3] - [Test]
10:24:11.680 [main] DEBUG org.hibernate.orm.results - Extracted JDBC value [4] - [false]
10:24:11.680 [main] DEBUG org.hibernate.orm.results - Extracted JDBC value [5] - [null]
10:24:11.680 [main] DEBUG org.hibernate.orm.results - Extracted JDBC value [6] - [null]
10:24:11.680 [main] DEBUG org.hibernate.orm.results - Extracted JDBC value [8] - [tasktestuser_1745594395337]
10:24:11.680 [main] DEBUG org.hibernate.orm.results.loading.entity - (EntityResultInitializer) Done materializing entityInstance : org.frcpm.models.TeamMember(959667963556500)#36
10:24:11.680 [main] DEBUG org.hibernate.orm.results.loading - Calling top-level assembler (0 / 1) : org.hibernate.sql.results.graph.entity.internal.EntityAssembler@1f4cd72a
10:24:11.680 [main] DEBUG org.hibernate.orm.results - Extracted JDBC value [0] - [37]
10:24:11.680 [main] DEBUG org.hibernate.orm.results.loading.entity - (EntityResultInitializer) Hydrated EntityKey (org.frcpm.models.TeamMember(959667963556500)): 37
10:24:11.680 [main] DEBUG org.hibernate.orm.results.loading.org.hibernate.orm.results.loading.collection - (DelayedCollectionInitializer) Current row collection key : org.frcpm.models.TeamMember(959667963556500).assignedTasks#37
10:24:11.680 [main] DEBUG org.hibernate.orm.results.loading.org.hibernate.orm.results.loading.collection - (DelayedCollectionInitializer) Current row collection key : org.frcpm.models.TeamMember(959667963556500).attendances#37
10:24:11.680 [main] DEBUG org.hibernate.orm.results.loading.entity - (EntityResultInitializer) Created new entity instance [org.frcpm.models.TeamMember(959667963556500)#37] : 640617224
10:24:11.680 [main] DEBUG org.hibernate.orm.results - Extracted JDBC value [7] - [null]
10:24:11.680 [main] DEBUG org.hibernate.orm.results - Extracted JDBC value [1] - [tasktest@example.com]
10:24:11.680 [main] DEBUG org.hibernate.orm.results - Extracted JDBC value [2] - [Task]
10:24:11.680 [main] DEBUG org.hibernate.orm.results - Extracted JDBC value [3] - [Test]
10:24:11.680 [main] DEBUG org.hibernate.orm.results - Extracted JDBC value [4] - [false]
10:24:11.680 [main] DEBUG org.hibernate.orm.results - Extracted JDBC value [5] - [null]
10:24:11.680 [main] DEBUG org.hibernate.orm.results - Extracted JDBC value [6] - [null]
10:24:11.680 [main] DEBUG org.hibernate.orm.results - Extracted JDBC value [8] - [tasktestuser_1745594395698]
10:24:11.680 [main] DEBUG org.hibernate.orm.results.loading.entity - (EntityResultInitializer) Done materializing entityInstance : org.frcpm.models.TeamMember(959667963556500)#37
10:24:11.680 [main] DEBUG org.hibernate.orm.results.loading - Calling top-level assembler (0 / 1) : org.hibernate.sql.results.graph.entity.internal.EntityAssembler@1f4cd72a
10:24:11.680 [main] DEBUG org.hibernate.orm.results - Extracted JDBC value [0] - [38]
10:24:11.680 [main] DEBUG org.hibernate.orm.results.loading.entity - (EntityResultInitializer) Hydrated EntityKey (org.frcpm.models.TeamMember(959667963556500)): 38
10:24:11.680 [main] DEBUG org.hibernate.orm.results.loading.org.hibernate.orm.results.loading.collection - (DelayedCollectionInitializer) Current row collection key : org.frcpm.models.TeamMember(959667963556500).assignedTasks#38
10:24:11.680 [main] DEBUG org.hibernate.orm.results.loading.org.hibernate.orm.results.loading.collection - (DelayedCollectionInitializer) Current row collection key : org.frcpm.models.TeamMember(959667963556500).attendances#38
10:24:11.680 [main] DEBUG org.hibernate.orm.results.loading.entity - (EntityResultInitializer) Created new entity instance [org.frcpm.models.TeamMember(959667963556500)#38] : 209588135
10:24:11.680 [main] DEBUG org.hibernate.orm.results - Extracted JDBC value [7] - [null]
10:24:11.680 [main] DEBUG org.hibernate.orm.results - Extracted JDBC value [1] - [tasktest@example.com]
10:24:11.680 [main] DEBUG org.hibernate.orm.results - Extracted JDBC value [2] - [Task]
10:24:11.680 [main] DEBUG org.hibernate.orm.results - Extracted JDBC value [3] - [Test]
10:24:11.681 [main] DEBUG org.hibernate.orm.results - Extracted JDBC value [4] - [false]
10:24:11.681 [main] DEBUG org.hibernate.orm.results - Extracted JDBC value [5] - [null]
10:24:11.681 [main] DEBUG org.hibernate.orm.results - Extracted JDBC value [6] - [null]
10:24:11.681 [main] DEBUG org.hibernate.orm.results - Extracted JDBC value [8] - [tasktestuser_1745594396071]
10:24:11.681 [main] DEBUG org.hibernate.orm.results.loading.entity - (EntityResultInitializer) Done materializing entityInstance : org.frcpm.models.TeamMember(959667963556500)#38
10:24:11.681 [main] DEBUG org.hibernate.orm.results.loading - Calling top-level assembler (0 / 1) : org.hibernate.sql.results.graph.entity.internal.EntityAssembler@1f4cd72a
10:24:11.681 [main] DEBUG org.hibernate.orm.results - Extracted JDBC value [0] - [39]
10:24:11.681 [main] DEBUG org.hibernate.orm.results.loading.entity - (EntityResultInitializer) Hydrated EntityKey (org.frcpm.models.TeamMember(959667963556500)): 39
10:24:11.681 [main] DEBUG org.hibernate.orm.results.loading.org.hibernate.orm.results.loading.collection - (DelayedCollectionInitializer) Current row collection key : org.frcpm.models.TeamMember(959667963556500).assignedTasks#39
10:24:11.681 [main] DEBUG org.hibernate.orm.results.loading.org.hibernate.orm.results.loading.collection - (DelayedCollectionInitializer) Current row collection key : org.frcpm.models.TeamMember(959667963556500).attendances#39
10:24:11.681 [main] DEBUG org.hibernate.orm.results.loading.entity - (EntityResultInitializer) Created new entity instance [org.frcpm.models.TeamMember(959667963556500)#39] : 1475807471
10:24:11.681 [main] DEBUG org.hibernate.orm.results - Extracted JDBC value [7] - [null]
10:24:11.681 [main] DEBUG org.hibernate.orm.results - Extracted JDBC value [1] - [tasktest@example.com]
10:24:11.681 [main] DEBUG org.hibernate.orm.results - Extracted JDBC value [2] - [Task]
10:24:11.681 [main] DEBUG org.hibernate.orm.results - Extracted JDBC value [3] - [Test]
10:24:11.681 [main] DEBUG org.hibernate.orm.results - Extracted JDBC value [4] - [false]
10:24:11.681 [main] DEBUG org.hibernate.orm.results - Extracted JDBC value [5] - [null]
10:24:11.681 [main] DEBUG org.hibernate.orm.results - Extracted JDBC value [6] - [null]
10:24:11.681 [main] DEBUG org.hibernate.orm.results - Extracted JDBC value [8] - [tasktestuser_1745594396416]
10:24:11.681 [main] DEBUG org.hibernate.orm.results.loading.entity - (EntityResultInitializer) Done materializing entityInstance : org.frcpm.models.TeamMember(959667963556500)#39
10:24:11.681 [main] DEBUG org.hibernate.orm.results.loading - Calling top-level assembler (0 / 1) : org.hibernate.sql.results.graph.entity.internal.EntityAssembler@1f4cd72a
10:24:11.681 [main] DEBUG org.hibernate.orm.results - Extracted JDBC value [0] - [40]
10:24:11.681 [main] DEBUG org.hibernate.orm.results.loading.entity - (EntityResultInitializer) Hydrated EntityKey (org.frcpm.models.TeamMember(959667963556500)): 40
10:24:11.681 [main] DEBUG org.hibernate.orm.results.loading.org.hibernate.orm.results.loading.collection - (DelayedCollectionInitializer) Current row collection key : org.frcpm.models.TeamMember(959667963556500).assignedTasks#40
10:24:11.681 [main] DEBUG org.hibernate.orm.results.loading.org.hibernate.orm.results.loading.collection - (DelayedCollectionInitializer) Current row collection key : org.frcpm.models.TeamMember(959667963556500).attendances#40
10:24:11.681 [main] DEBUG org.hibernate.orm.results.loading.entity - (EntityResultInitializer) Created new entity instance [org.frcpm.models.TeamMember(959667963556500)#40] : 600045899
10:24:11.681 [main] DEBUG org.hibernate.orm.results - Extracted JDBC value [7] - [null]
10:24:11.681 [main] DEBUG org.hibernate.orm.results - Extracted JDBC value [1] - [tasktest@example.com]
10:24:11.681 [main] DEBUG org.hibernate.orm.results - Extracted JDBC value [2] - [Task]
10:24:11.681 [main] DEBUG org.hibernate.orm.results - Extracted JDBC value [3] - [Test]
10:24:11.681 [main] DEBUG org.hibernate.orm.results - Extracted JDBC value [4] - [false]
10:24:11.681 [main] DEBUG org.hibernate.orm.results - Extracted JDBC value [5] - [null]
10:24:11.681 [main] DEBUG org.hibernate.orm.results - Extracted JDBC value [6] - [null]
10:24:11.681 [main] DEBUG org.hibernate.orm.results - Extracted JDBC value [8] - [tasktestuser_1745594396762]
10:24:11.681 [main] DEBUG org.hibernate.orm.results.loading.entity - (EntityResultInitializer) Done materializing entityInstance : org.frcpm.models.TeamMember(959667963556500)#40
10:24:11.681 [main] DEBUG org.hibernate.orm.results.loading - Calling top-level assembler (0 / 1) : org.hibernate.sql.results.graph.entity.internal.EntityAssembler@1f4cd72a
10:24:11.681 [main] DEBUG org.hibernate.orm.results - Extracted JDBC value [0] - [41]
10:24:11.681 [main] DEBUG org.hibernate.orm.results.loading.entity - (EntityResultInitializer) Hydrated EntityKey (org.frcpm.models.TeamMember(959667963556500)): 41
10:24:11.681 [main] DEBUG org.hibernate.orm.results.loading.org.hibernate.orm.results.loading.collection - (DelayedCollectionInitializer) Current row collection key : org.frcpm.models.TeamMember(959667963556500).assignedTasks#41
10:24:11.681 [main] DEBUG org.hibernate.orm.results.loading.org.hibernate.orm.results.loading.collection - (DelayedCollectionInitializer) Current row collection key : org.frcpm.models.TeamMember(959667963556500).attendances#41
10:24:11.681 [main] DEBUG org.hibernate.orm.results.loading.entity - (EntityResultInitializer) Created new entity instance [org.frcpm.models.TeamMember(959667963556500)#41] : 1585115069
10:24:11.681 [main] DEBUG org.hibernate.orm.results - Extracted JDBC value [7] - [null]
10:24:11.681 [main] DEBUG org.hibernate.orm.results - Extracted JDBC value [1] - [tasktest@example.com]
10:24:11.681 [main] DEBUG org.hibernate.orm.results - Extracted JDBC value [2] - [Task]
10:24:11.681 [main] DEBUG org.hibernate.orm.results - Extracted JDBC value [3] - [Test]
10:24:11.681 [main] DEBUG org.hibernate.orm.results - Extracted JDBC value [4] - [false]
10:24:11.681 [main] DEBUG org.hibernate.orm.results - Extracted JDBC value [5] - [null]
10:24:11.681 [main] DEBUG org.hibernate.orm.results - Extracted JDBC value [6] - [null]
10:24:11.681 [main] DEBUG org.hibernate.orm.results - Extracted JDBC value [8] - [tasktestuser_1745594397140]
10:24:11.681 [main] DEBUG org.hibernate.orm.results.loading.entity - (EntityResultInitializer) Done materializing entityInstance : org.frcpm.models.TeamMember(959667963556500)#41
10:24:11.681 [main] DEBUG org.hibernate.orm.results.loading - Calling top-level assembler (0 / 1) : org.hibernate.sql.results.graph.entity.internal.EntityAssembler@1f4cd72a
10:24:11.681 [main] DEBUG org.hibernate.orm.results - Extracted JDBC value [0] - [42]
10:24:11.681 [main] DEBUG org.hibernate.orm.results.loading.entity - (EntityResultInitializer) Hydrated EntityKey (org.frcpm.models.TeamMember(959667963556500)): 42
10:24:11.681 [main] DEBUG org.hibernate.orm.results.loading.org.hibernate.orm.results.loading.collection - (DelayedCollectionInitializer) Current row collection key : org.frcpm.models.TeamMember(959667963556500).assignedTasks#42
10:24:11.681 [main] DEBUG org.hibernate.orm.results.loading.org.hibernate.orm.results.loading.collection - (DelayedCollectionInitializer) Current row collection key : org.frcpm.models.TeamMember(959667963556500).attendances#42
10:24:11.681 [main] DEBUG org.hibernate.orm.results.loading.entity - (EntityResultInitializer) Created new entity instance [org.frcpm.models.TeamMember(959667963556500)#42] : 941243764
10:24:11.681 [main] DEBUG org.hibernate.orm.results - Extracted JDBC value [7] - [null]
10:24:11.681 [main] DEBUG org.hibernate.orm.results - Extracted JDBC value [1] - [tasktest@example.com]
10:24:11.681 [main] DEBUG org.hibernate.orm.results - Extracted JDBC value [2] - [Task]
10:24:11.681 [main] DEBUG org.hibernate.orm.results - Extracted JDBC value [3] - [Test]
10:24:11.681 [main] DEBUG org.hibernate.orm.results - Extracted JDBC value [4] - [false]
10:24:11.681 [main] DEBUG org.hibernate.orm.results - Extracted JDBC value [5] - [null]
10:24:11.681 [main] DEBUG org.hibernate.orm.results - Extracted JDBC value [6] - [null]
10:24:11.681 [main] DEBUG org.hibernate.orm.results - Extracted JDBC value [8] - [tasktestuser_1745594397563]
10:24:11.681 [main] DEBUG org.hibernate.orm.results.loading.entity - (EntityResultInitializer) Done materializing entityInstance : org.frcpm.models.TeamMember(959667963556500)#42
10:24:11.681 [main] DEBUG org.hibernate.orm.results.loading - Calling top-level assembler (0 / 1) : org.hibernate.sql.results.graph.entity.internal.EntityAssembler@1f4cd72a
10:24:11.682 [main] DEBUG org.hibernate.orm.results - Extracted JDBC value [0] - [43]
10:24:11.682 [main] DEBUG org.hibernate.orm.results.loading.entity - (EntityResultInitializer) Hydrated EntityKey (org.frcpm.models.TeamMember(959667963556500)): 43
10:24:11.682 [main] DEBUG org.hibernate.orm.results.loading.org.hibernate.orm.results.loading.collection - (DelayedCollectionInitializer) Current row collection key : org.frcpm.models.TeamMember(959667963556500).assignedTasks#43
10:24:11.682 [main] DEBUG org.hibernate.orm.results.loading.org.hibernate.orm.results.loading.collection - (DelayedCollectionInitializer) Current row collection key : org.frcpm.models.TeamMember(959667963556500).attendances#43
10:24:11.682 [main] DEBUG org.hibernate.orm.results.loading.entity - (EntityResultInitializer) Created new entity instance [org.frcpm.models.TeamMember(959667963556500)#43] : 2038763539
10:24:11.682 [main] DEBUG org.hibernate.orm.results - Extracted JDBC value [7] - [null]
10:24:11.682 [main] DEBUG org.hibernate.orm.results - Extracted JDBC value [1] - [tasktest@example.com]
10:24:11.682 [main] DEBUG org.hibernate.orm.results - Extracted JDBC value [2] - [Task]
10:24:11.682 [main] DEBUG org.hibernate.orm.results - Extracted JDBC value [3] - [Test]
10:24:11.682 [main] DEBUG org.hibernate.orm.results - Extracted JDBC value [4] - [false]
10:24:11.682 [main] DEBUG org.hibernate.orm.results - Extracted JDBC value [5] - [null]
10:24:11.682 [main] DEBUG org.hibernate.orm.results - Extracted JDBC value [6] - [null]
10:24:11.682 [main] DEBUG org.hibernate.orm.results - Extracted JDBC value [8] - [tasktestuser_1745594397906]
10:24:11.682 [main] DEBUG org.hibernate.orm.results.loading.entity - (EntityResultInitializer) Done materializing entityInstance : org.frcpm.models.TeamMember(959667963556500)#43
10:24:11.682 [main] DEBUG org.hibernate.orm.results.loading - Calling top-level assembler (0 / 1) : org.hibernate.sql.results.graph.entity.internal.EntityAssembler@1f4cd72a
10:24:11.682 [main] DEBUG org.hibernate.orm.results - Extracted JDBC value [0] - [44]
10:24:11.682 [main] DEBUG org.hibernate.orm.results.loading.entity - (EntityResultInitializer) Hydrated EntityKey (org.frcpm.models.TeamMember(959667963556500)): 44
10:24:11.682 [main] DEBUG org.hibernate.orm.results.loading.org.hibernate.orm.results.loading.collection - (DelayedCollectionInitializer) Current row collection key : org.frcpm.models.TeamMember(959667963556500).assignedTasks#44
10:24:11.682 [main] DEBUG org.hibernate.orm.results.loading.org.hibernate.orm.results.loading.collection - (DelayedCollectionInitializer) Current row collection key : org.frcpm.models.TeamMember(959667963556500).attendances#44
10:24:11.682 [main] DEBUG org.hibernate.orm.results.loading.entity - (EntityResultInitializer) Created new entity instance [org.frcpm.models.TeamMember(959667963556500)#44] : 287759079
10:24:11.682 [main] DEBUG org.hibernate.orm.results - Extracted JDBC value [7] - [null]
10:24:11.682 [main] DEBUG org.hibernate.orm.results - Extracted JDBC value [1] - [tasktest@example.com]
10:24:11.682 [main] DEBUG org.hibernate.orm.results - Extracted JDBC value [2] - [Task]
10:24:11.682 [main] DEBUG org.hibernate.orm.results - Extracted JDBC value [3] - [Test]
10:24:11.682 [main] DEBUG org.hibernate.orm.results - Extracted JDBC value [4] - [false]
10:24:11.682 [main] DEBUG org.hibernate.orm.results - Extracted JDBC value [5] - [null]
10:24:11.682 [main] DEBUG org.hibernate.orm.results - Extracted JDBC value [6] - [null]
10:24:11.682 [main] DEBUG org.hibernate.orm.results - Extracted JDBC value [8] - [tasktestuser_1745594398275]
10:24:11.682 [main] DEBUG org.hibernate.orm.results.loading.entity - (EntityResultInitializer) Done materializing entityInstance : org.frcpm.models.TeamMember(959667963556500)#44
10:24:11.682 [main] DEBUG org.hibernate.orm.results.loading - Calling top-level assembler (0 / 1) : org.hibernate.sql.results.graph.entity.internal.EntityAssembler@1f4cd72a
10:24:11.682 [main] DEBUG org.hibernate.orm.results - Extracted JDBC value [0] - [45]
10:24:11.682 [main] DEBUG org.hibernate.orm.results.loading.entity - (EntityResultInitializer) Hydrated EntityKey (org.frcpm.models.TeamMember(959667963556500)): 45
10:24:11.682 [main] DEBUG org.hibernate.orm.results.loading.org.hibernate.orm.results.loading.collection - (DelayedCollectionInitializer) Current row collection key : org.frcpm.models.TeamMember(959667963556500).assignedTasks#45
10:24:11.682 [main] DEBUG org.hibernate.orm.results.loading.org.hibernate.orm.results.loading.collection - (DelayedCollectionInitializer) Current row collection key : org.frcpm.models.TeamMember(959667963556500).attendances#45
10:24:11.682 [main] DEBUG org.hibernate.orm.results.loading.entity - (EntityResultInitializer) Created new entity instance [org.frcpm.models.TeamMember(959667963556500)#45] : 1085603529
10:24:11.682 [main] DEBUG org.hibernate.orm.results - Extracted JDBC value [7] - [null]
10:24:11.682 [main] DEBUG org.hibernate.orm.results - Extracted JDBC value [1] - [tasktest@example.com]
10:24:11.682 [main] DEBUG org.hibernate.orm.results - Extracted JDBC value [2] - [Task]
10:24:11.682 [main] DEBUG org.hibernate.orm.results - Extracted JDBC value [3] - [Test]
10:24:11.682 [main] DEBUG org.hibernate.orm.results - Extracted JDBC value [4] - [false]
10:24:11.682 [main] DEBUG org.hibernate.orm.results - Extracted JDBC value [5] - [null]
10:24:11.682 [main] DEBUG org.hibernate.orm.results - Extracted JDBC value [6] - [null]
10:24:11.682 [main] DEBUG org.hibernate.orm.results - Extracted JDBC value [8] - [tasktestuser_1745594398667]
10:24:11.682 [main] DEBUG org.hibernate.orm.results.loading.entity - (EntityResultInitializer) Done materializing entityInstance : org.frcpm.models.TeamMember(959667963556500)#45
10:24:11.682 [main] DEBUG org.hibernate.orm.results.loading - Calling top-level assembler (0 / 1) : org.hibernate.sql.results.graph.entity.internal.EntityAssembler@1f4cd72a
10:24:11.682 [main] DEBUG org.hibernate.orm.results - Extracted JDBC value [0] - [46]
10:24:11.682 [main] DEBUG org.hibernate.orm.results.loading.entity - (EntityResultInitializer) Hydrated EntityKey (org.frcpm.models.TeamMember(959667963556500)): 46
10:24:11.682 [main] DEBUG org.hibernate.orm.results.loading.org.hibernate.orm.results.loading.collection - (DelayedCollectionInitializer) Current row collection key : org.frcpm.models.TeamMember(959667963556500).assignedTasks#46
10:24:11.682 [main] DEBUG org.hibernate.orm.results.loading.org.hibernate.orm.results.loading.collection - (DelayedCollectionInitializer) Current row collection key : org.frcpm.models.TeamMember(959667963556500).attendances#46
10:24:11.682 [main] DEBUG org.hibernate.orm.results.loading.entity - (EntityResultInitializer) Created new entity instance [org.frcpm.models.TeamMember(959667963556500)#46] : 1499676908
10:24:11.682 [main] DEBUG org.hibernate.orm.results - Extracted JDBC value [7] - [null]
10:24:11.683 [main] DEBUG org.hibernate.orm.results - Extracted JDBC value [1] - [tasktest@example.com]
10:24:11.683 [main] DEBUG org.hibernate.orm.results - Extracted JDBC value [2] - [Task]
10:24:11.683 [main] DEBUG org.hibernate.orm.results - Extracted JDBC value [3] - [Test]
10:24:11.683 [main] DEBUG org.hibernate.orm.results - Extracted JDBC value [4] - [false]
10:24:11.683 [main] DEBUG org.hibernate.orm.results - Extracted JDBC value [5] - [null]
10:24:11.683 [main] DEBUG org.hibernate.orm.results - Extracted JDBC value [6] - [null]
10:24:11.683 [main] DEBUG org.hibernate.orm.results - Extracted JDBC value [8] - [tasktestuser_1745594399126]
10:24:11.683 [main] DEBUG org.hibernate.orm.results.loading.entity - (EntityResultInitializer) Done materializing entityInstance : org.frcpm.models.TeamMember(959667963556500)#46
10:24:11.683 [main] DEBUG org.hibernate.orm.results.loading - Calling top-level assembler (0 / 1) : org.hibernate.sql.results.graph.entity.internal.EntityAssembler@1f4cd72a
10:24:11.683 [main] DEBUG org.hibernate.orm.results - Extracted JDBC value [0] - [47]
10:24:11.683 [main] DEBUG org.hibernate.orm.results.loading.entity - (EntityResultInitializer) Hydrated EntityKey (org.frcpm.models.TeamMember(959667963556500)): 47
10:24:11.683 [main] DEBUG org.hibernate.orm.results.loading.org.hibernate.orm.results.loading.collection - (DelayedCollectionInitializer) Current row collection key : org.frcpm.models.TeamMember(959667963556500).assignedTasks#47
10:24:11.683 [main] DEBUG org.hibernate.orm.results.loading.org.hibernate.orm.results.loading.collection - (DelayedCollectionInitializer) Current row collection key : org.frcpm.models.TeamMember(959667963556500).attendances#47
10:24:11.683 [main] DEBUG org.hibernate.orm.results.loading.entity - (EntityResultInitializer) Created new entity instance [org.frcpm.models.TeamMember(959667963556500)#47] : 985758544
10:24:11.683 [main] DEBUG org.hibernate.orm.results - Extracted JDBC value [7] - [null]
10:24:11.683 [main] DEBUG org.hibernate.orm.results - Extracted JDBC value [1] - [tasktest@example.com]
10:24:11.683 [main] DEBUG org.hibernate.orm.results - Extracted JDBC value [2] - [Task]
10:24:11.683 [main] DEBUG org.hibernate.orm.results - Extracted JDBC value [3] - [Test]
10:24:11.683 [main] DEBUG org.hibernate.orm.results - Extracted JDBC value [4] - [false]
10:24:11.683 [main] DEBUG org.hibernate.orm.results - Extracted JDBC value [5] - [null]
10:24:11.683 [main] DEBUG org.hibernate.orm.results - Extracted JDBC value [6] - [null]
10:24:11.683 [main] DEBUG org.hibernate.orm.results - Extracted JDBC value [8] - [tasktestuser_1745594399532]
10:24:11.683 [main] DEBUG org.hibernate.orm.results.loading.entity - (EntityResultInitializer) Done materializing entityInstance : org.frcpm.models.TeamMember(959667963556500)#47
10:24:11.683 [main] DEBUG org.hibernate.orm.results.loading - Calling top-level assembler (0 / 1) : org.hibernate.sql.results.graph.entity.internal.EntityAssembler@1f4cd72a
10:24:11.683 [main] DEBUG org.hibernate.orm.results - Extracted JDBC value [0] - [48]
10:24:11.683 [main] DEBUG org.hibernate.orm.results.loading.entity - (EntityResultInitializer) Hydrated EntityKey (org.frcpm.models.TeamMember(959667963556500)): 48
10:24:11.683 [main] DEBUG org.hibernate.orm.results.loading.org.hibernate.orm.results.loading.collection - (DelayedCollectionInitializer) Current row collection key : org.frcpm.models.TeamMember(959667963556500).assignedTasks#48
10:24:11.683 [main] DEBUG org.hibernate.orm.results.loading.org.hibernate.orm.results.loading.collection - (DelayedCollectionInitializer) Current row collection key : org.frcpm.models.TeamMember(959667963556500).attendances#48
10:24:11.683 [main] DEBUG org.hibernate.orm.results.loading.entity - (EntityResultInitializer) Created new entity instance [org.frcpm.models.TeamMember(959667963556500)#48] : 1782096467
10:24:11.683 [main] DEBUG org.hibernate.orm.results - Extracted JDBC value [7] - [null]
10:24:11.683 [main] DEBUG org.hibernate.orm.results - Extracted JDBC value [1] - [tasktest@example.com]
10:24:11.683 [main] DEBUG org.hibernate.orm.results - Extracted JDBC value [2] - [Task]
10:24:11.683 [main] DEBUG org.hibernate.orm.results - Extracted JDBC value [3] - [Test]
10:24:11.683 [main] DEBUG org.hibernate.orm.results - Extracted JDBC value [4] - [false]
10:24:11.683 [main] DEBUG org.hibernate.orm.results - Extracted JDBC value [5] - [null]
10:24:11.683 [main] DEBUG org.hibernate.orm.results - Extracted JDBC value [6] - [null]
10:24:11.683 [main] DEBUG org.hibernate.orm.results - Extracted JDBC value [8] - [tasktestuser_1745594400014]
10:24:11.683 [main] DEBUG org.hibernate.orm.results.loading.entity - (EntityResultInitializer) Done materializing entityInstance : org.frcpm.models.TeamMember(959667963556500)#48
10:24:11.683 [main] DEBUG org.hibernate.orm.results.loading - Calling top-level assembler (0 / 1) : org.hibernate.sql.results.graph.entity.internal.EntityAssembler@1f4cd72a
10:24:11.683 [main] DEBUG org.hibernate.orm.results - Extracted JDBC value [0] - [53]
10:24:11.683 [main] DEBUG org.hibernate.orm.results.loading.entity - (EntityResultInitializer) Hydrated EntityKey (org.frcpm.models.TeamMember(959667963556500)): 53
10:24:11.683 [main] DEBUG org.hibernate.orm.results.loading.org.hibernate.orm.results.loading.collection - (DelayedCollectionInitializer) Current row collection key : org.frcpm.models.TeamMember(959667963556500).assignedTasks#53
10:24:11.683 [main] DEBUG org.hibernate.orm.results.loading.org.hibernate.orm.results.loading.collection - (DelayedCollectionInitializer) Current row collection key : org.frcpm.models.TeamMember(959667963556500).attendances#53
10:24:11.683 [main] DEBUG org.hibernate.orm.results.loading.entity - (EntityResultInitializer) Created new entity instance [org.frcpm.models.TeamMember(959667963556500)#53] : 1395964725
10:24:11.683 [main] DEBUG org.hibernate.orm.results - Extracted JDBC value [7] - [null]
10:24:11.683 [main] DEBUG org.hibernate.orm.results - Extracted JDBC value [1] - [testcount@example.com]
10:24:11.683 [main] DEBUG org.hibernate.orm.results - Extracted JDBC value [2] - [Test]
10:24:11.683 [main] DEBUG org.hibernate.orm.results - Extracted JDBC value [3] - [Count]
10:24:11.684 [main] DEBUG org.hibernate.orm.results - Extracted JDBC value [4] - [false]
10:24:11.684 [main] DEBUG org.hibernate.orm.results - Extracted JDBC value [5] - [null]
10:24:11.684 [main] DEBUG org.hibernate.orm.results - Extracted JDBC value [6] - [null]
10:24:11.684 [main] DEBUG org.hibernate.orm.results - Extracted JDBC value [8] - [testcount]
10:24:11.684 [main] DEBUG org.hibernate.orm.results.loading.entity - (EntityResultInitializer) Done materializing entityInstance : org.frcpm.models.TeamMember(959667963556500)#53
10:24:11.684 [main] DEBUG org.hibernate.orm.results.loading - Calling top-level assembler (0 / 1) : org.hibernate.sql.results.graph.entity.internal.EntityAssembler@1f4cd72a
10:24:11.684 [main] DEBUG org.hibernate.orm.results - Extracted JDBC value [0] - [56]
10:24:11.684 [main] DEBUG org.hibernate.orm.results.loading.entity - (EntityResultInitializer) Hydrated EntityKey (org.frcpm.models.TeamMember(959667963556500)): 56
10:24:11.684 [main] DEBUG org.hibernate.orm.results.loading.org.hibernate.orm.results.loading.collection - (DelayedCollectionInitializer) Current row collection key : org.frcpm.models.TeamMember(959667963556500).assignedTasks#56
10:24:11.684 [main] DEBUG org.hibernate.orm.results.loading.org.hibernate.orm.results.loading.collection - (DelayedCollectionInitializer) Current row collection key : org.frcpm.models.TeamMember(959667963556500).attendances#56
10:24:11.684 [main] DEBUG org.hibernate.orm.results.loading.entity - (EntityResultInitializer) Created new entity instance [org.frcpm.models.TeamMember(959667963556500)#56] : 1909001971
10:24:11.684 [main] DEBUG org.hibernate.orm.results - Extracted JDBC value [7] - [null]
10:24:11.684 [main] DEBUG org.hibernate.orm.results - Extracted JDBC value [1] - [testsave@example.com]
10:24:11.684 [main] DEBUG org.hibernate.orm.results - Extracted JDBC value [2] - [Test]
10:24:11.684 [main] DEBUG org.hibernate.orm.results - Extracted JDBC value [3] - [Save]
10:24:11.684 [main] DEBUG org.hibernate.orm.results - Extracted JDBC value [4] - [false]
10:24:11.684 [main] DEBUG org.hibernate.orm.results - Extracted JDBC value [5] - [555-SAVE]
10:24:11.684 [main] DEBUG org.hibernate.orm.results - Extracted JDBC value [6] - [Testing]
10:24:11.684 [main] DEBUG org.hibernate.orm.results - Extracted JDBC value [8] - [testsave]
10:24:11.684 [main] DEBUG org.hibernate.orm.results.loading.entity - (EntityResultInitializer) Done materializing entityInstance : org.frcpm.models.TeamMember(959667963556500)#56
10:24:11.684 [main] DEBUG org.hibernate.orm.results.loading - Calling top-level assembler (0 / 1) : org.hibernate.sql.results.graph.entity.internal.EntityAssembler@1f4cd72a
10:24:11.684 [main] DEBUG org.hibernate.orm.results - Extracted JDBC value [0] - [77]
10:24:11.684 [main] DEBUG org.hibernate.orm.results.loading.entity - (EntityResultInitializer) Hydrated EntityKey (org.frcpm.models.TeamMember(959667963556500)): 77
10:24:11.684 [main] DEBUG org.hibernate.orm.results.loading.org.hibernate.orm.results.loading.collection - (DelayedCollectionInitializer) Current row collection key : org.frcpm.models.TeamMember(959667963556500).assignedTasks#77
10:24:11.684 [main] DEBUG org.hibernate.orm.results.loading.org.hibernate.orm.results.loading.collection - (DelayedCollectionInitializer) Current row collection key : org.frcpm.models.TeamMember(959667963556500).attendances#77
10:24:11.684 [main] DEBUG org.hibernate.orm.results.loading.entity - (EntityResultInitializer) Created new entity instance [org.frcpm.models.TeamMember(959667963556500)#77] : 2083737068
10:24:11.684 [main] DEBUG org.hibernate.orm.results - Extracted JDBC value [7] - [null]
10:24:11.684 [main] DEBUG org.hibernate.orm.results - Extracted JDBC value [1] - [testupdate@example.com]
10:24:11.684 [main] DEBUG org.hibernate.orm.results - Extracted JDBC value [2] - [Updated]
10:24:11.684 [main] DEBUG org.hibernate.orm.results - Extracted JDBC value [3] - [Update]
10:24:11.684 [main] DEBUG org.hibernate.orm.results - Extracted JDBC value [4] - [false]
10:24:11.684 [main] DEBUG org.hibernate.orm.results - Extracted JDBC value [5] - [null]
10:24:11.684 [main] DEBUG org.hibernate.orm.results - Extracted JDBC value [6] - [Updated Skills]
10:24:11.684 [main] DEBUG org.hibernate.orm.results - Extracted JDBC value [8] - [testupdate]
10:24:11.684 [main] DEBUG org.hibernate.orm.results.loading.entity - (EntityResultInitializer) Done materializing entityInstance : org.frcpm.models.TeamMember(959667963556500)#77
10:24:11.684 [main] DEBUG org.hibernate.orm.results.loading - Calling top-level assembler (0 / 1) : org.hibernate.sql.results.graph.entity.internal.EntityAssembler@1f4cd72a
10:24:11.684 [main] DEBUG org.hibernate.orm.results - Extracted JDBC value [0] - [84]
10:24:11.684 [main] DEBUG org.hibernate.orm.results.loading.entity - (EntityResultInitializer) Hydrated EntityKey (org.frcpm.models.TeamMember(959667963556500)): 84
10:24:11.684 [main] DEBUG org.hibernate.orm.results.loading.org.hibernate.orm.results.loading.collection - (DelayedCollectionInitializer) Current row collection key : org.frcpm.models.TeamMember(959667963556500).assignedTasks#84
10:24:11.684 [main] DEBUG org.hibernate.orm.results.loading.org.hibernate.orm.results.loading.collection - (DelayedCollectionInitializer) Current row collection key : org.frcpm.models.TeamMember(959667963556500).attendances#84
10:24:11.684 [main] DEBUG org.hibernate.orm.results.loading.entity - (EntityResultInitializer) Created new entity instance [org.frcpm.models.TeamMember(959667963556500)#84] : 2114665849
10:24:11.684 [main] DEBUG org.hibernate.orm.results - Extracted JDBC value [7] - [null]
10:24:11.684 [main] DEBUG org.hibernate.orm.results - Extracted JDBC value [1] - [attendance3@example.com]
10:24:11.684 [main] DEBUG org.hibernate.orm.results - Extracted JDBC value [2] - [Attendance]
10:24:11.684 [main] DEBUG org.hibernate.orm.results - Extracted JDBC value [3] - [Test3]
10:24:11.684 [main] DEBUG org.hibernate.orm.results - Extracted JDBC value [4] - [false]
10:24:11.684 [main] DEBUG org.hibernate.orm.results - Extracted JDBC value [5] - [555-9012]
10:24:11.684 [main] DEBUG org.hibernate.orm.results - Extracted JDBC value [6] - [null]
10:24:11.684 [main] DEBUG org.hibernate.orm.results - Extracted JDBC value [8] - [attendancetest3]
10:24:11.684 [main] DEBUG org.hibernate.orm.results.loading.entity - (EntityResultInitializer) Done materializing entityInstance : org.frcpm.models.TeamMember(959667963556500)#84
10:24:11.684 [main] DEBUG org.hibernate.orm.results.loading - Calling top-level assembler (0 / 1) : org.hibernate.sql.results.graph.entity.internal.EntityAssembler@1f4cd72a
10:24:11.685 [main] DEBUG org.hibernate.resource.jdbc.internal.LogicalConnectionManagedImpl - Initiating JDBC connection release from afterTransaction
10:24:11.685 [main] DEBUG org.hibernate.resource.jdbc.internal.LogicalConnectionManagedImpl - Initiating JDBC connection release from afterTransaction
10:24:11.686 [main] DEBUG org.hibernate.orm.sql.ast.create - Created new SQL alias : s1_0
10:24:11.686 [main] DEBUG org.hibernate.orm.sql.ast.create - Registration of TableGroup [StandardTableGroup(org.frcpm.models.Subteam(959667972265100))] with identifierForTableGroup [org.frcpm.models.Subteam] for NavigablePath [org.frcpm.models.Subteam] 
10:24:11.687 [main] DEBUG org.hibernate.orm.results.graph.AST - DomainResult Graph:
 \-EntityResultImpl [org.frcpm.models.Subteam(959667972265100)]
 |  +-BasicFetch [org.frcpm.models.Subteam(959667972265100).colorCode]
 |  +-DelayedCollectionFetch [org.frcpm.models.Subteam(959667972265100).members]
 |  +-BasicFetch [org.frcpm.models.Subteam(959667972265100).name]
 |  +-BasicFetch [org.frcpm.models.Subteam(959667972265100).specialties]
 |  \-DelayedCollectionFetch [org.frcpm.models.Subteam(959667972265100).subsystems]

10:24:11.687 [main] DEBUG org.hibernate.orm.sql.ast.tree - SQL AST Tree:
    SelectStatement {
      FromClause {
        StandardTableGroup (s1 : org.frcpm.models.Subteam(959667972265100)) {
          primaryTableReference : subteams as s1_0
        }
      }
    }

10:24:11.687 [main] DEBUG org.hibernate.orm.sql.exec - Skipping reading Query result cache data: cache-enabled = false, cache-mode = NORMAL
10:24:11.687 [main] DEBUG org.hibernate.orm.results - Initializer list:
	  org.frcpm.models.Subteam(959667972265100).members -> DelayedCollectionInitializer(org.frcpm.models.Subteam(959667972265100).members)@1765372585 (PluralAttribute(org.frcpm.models.Subteam.members))
	  org.frcpm.models.Subteam(959667972265100).subsystems -> DelayedCollectionInitializer(org.frcpm.models.Subteam(959667972265100).subsystems)@1827336078 (PluralAttribute(org.frcpm.models.Subteam.subsystems))
	  org.frcpm.models.Subteam(959667972265100) -> EntityResultInitializer(org.frcpm.models.Subteam(959667972265100))@979306108 (SingleTableEntityPersister(org.frcpm.models.Subteam))

10:24:11.687 [main] DEBUG org.hibernate.SQL - select s1_0.id,s1_0.color_code,s1_0.name,s1_0.specialties from subteams s1_0
10:24:11.687 [main] DEBUG org.hibernate.orm.results - Extracted JDBC value [0] - [1]
10:24:11.687 [main] DEBUG org.hibernate.orm.results.loading.entity - (EntityResultInitializer) Hydrated EntityKey (org.frcpm.models.Subteam(959667972265100)): 1
10:24:11.687 [main] DEBUG org.hibernate.orm.results.loading.org.hibernate.orm.results.loading.collection - (DelayedCollectionInitializer) Current row collection key : org.frcpm.models.Subteam(959667972265100).members#1
10:24:11.687 [main] DEBUG org.hibernate.orm.results.loading.org.hibernate.orm.results.loading.collection - (DelayedCollectionInitializer) Current row collection key : org.frcpm.models.Subteam(959667972265100).subsystems#1
10:24:11.687 [main] DEBUG org.hibernate.orm.results.loading.entity - (EntityResultInitializer) Created new entity instance [org.frcpm.models.Subteam(959667972265100)#1] : 267580296
10:24:11.687 [main] DEBUG org.hibernate.orm.results - Extracted JDBC value [1] - [#FF5733]
10:24:11.687 [main] DEBUG org.hibernate.orm.results - Extracted JDBC value [2] - [Mechanical]
10:24:11.687 [main] DEBUG org.hibernate.orm.results - Extracted JDBC value [3] - [Design, CAD, Fabrication, Assembly]
10:24:11.687 [main] DEBUG org.hibernate.orm.results.loading.entity - (EntityResultInitializer) Done materializing entityInstance : org.frcpm.models.Subteam(959667972265100)#1
10:24:11.687 [main] DEBUG org.hibernate.orm.results.loading - Calling top-level assembler (0 / 1) : org.hibernate.sql.results.graph.entity.internal.EntityAssembler@1ba61bc8
10:24:11.687 [main] DEBUG org.hibernate.orm.results - Extracted JDBC value [0] - [2]
10:24:11.687 [main] DEBUG org.hibernate.orm.results.loading.entity - (EntityResultInitializer) Hydrated EntityKey (org.frcpm.models.Subteam(959667972265100)): 2
10:24:11.687 [main] DEBUG org.hibernate.orm.results.loading.org.hibernate.orm.results.loading.collection - (DelayedCollectionInitializer) Current row collection key : org.frcpm.models.Subteam(959667972265100).members#2
10:24:11.687 [main] DEBUG org.hibernate.orm.results.loading.org.hibernate.orm.results.loading.collection - (DelayedCollectionInitializer) Current row collection key : org.frcpm.models.Subteam(959667972265100).subsystems#2
10:24:11.687 [main] DEBUG org.hibernate.orm.results.loading.entity - (EntityResultInitializer) Created new entity instance [org.frcpm.models.Subteam(959667972265100)#2] : 55629191
10:24:11.687 [main] DEBUG org.hibernate.orm.results - Extracted JDBC value [1] - [#33A8FF]
10:24:11.687 [main] DEBUG org.hibernate.orm.results - Extracted JDBC value [2] - [Electrical]
10:24:11.687 [main] DEBUG org.hibernate.orm.results - Extracted JDBC value [3] - [Wiring, Electronics, Sensors, Power Systems]
10:24:11.687 [main] DEBUG org.hibernate.orm.results.loading.entity - (EntityResultInitializer) Done materializing entityInstance : org.frcpm.models.Subteam(959667972265100)#2
10:24:11.687 [main] DEBUG org.hibernate.orm.results.loading - Calling top-level assembler (0 / 1) : org.hibernate.sql.results.graph.entity.internal.EntityAssembler@1ba61bc8
10:24:11.687 [main] DEBUG org.hibernate.orm.results - Extracted JDBC value [0] - [3]
10:24:11.687 [main] DEBUG org.hibernate.orm.results.loading.entity - (EntityResultInitializer) Hydrated EntityKey (org.frcpm.models.Subteam(959667972265100)): 3
10:24:11.687 [main] DEBUG org.hibernate.orm.results.loading.org.hibernate.orm.results.loading.collection - (DelayedCollectionInitializer) Current row collection key : org.frcpm.models.Subteam(959667972265100).members#3
10:24:11.687 [main] DEBUG org.hibernate.orm.results.loading.org.hibernate.orm.results.loading.collection - (DelayedCollectionInitializer) Current row collection key : org.frcpm.models.Subteam(959667972265100).subsystems#3
10:24:11.687 [main] DEBUG org.hibernate.orm.results.loading.entity - (EntityResultInitializer) Created new entity instance [org.frcpm.models.Subteam(959667972265100)#3] : 1144462420
10:24:11.687 [main] DEBUG org.hibernate.orm.results - Extracted JDBC value [1] - [#33FF57]
10:24:11.687 [main] DEBUG org.hibernate.orm.results - Extracted JDBC value [2] - [Programming]
10:24:11.687 [main] DEBUG org.hibernate.orm.results - Extracted JDBC value [3] - [Java, Vision, Control Systems, Autonomous]
10:24:11.687 [main] DEBUG org.hibernate.orm.results.loading.entity - (EntityResultInitializer) Done materializing entityInstance : org.frcpm.models.Subteam(959667972265100)#3
10:24:11.687 [main] DEBUG org.hibernate.orm.results.loading - Calling top-level assembler (0 / 1) : org.hibernate.sql.results.graph.entity.internal.EntityAssembler@1ba61bc8
10:24:11.687 [main] DEBUG org.hibernate.orm.results - Extracted JDBC value [0] - [4]
10:24:11.687 [main] DEBUG org.hibernate.orm.results.loading.entity - (EntityResultInitializer) Hydrated EntityKey (org.frcpm.models.Subteam(959667972265100)): 4
10:24:11.687 [main] DEBUG org.hibernate.orm.results.loading.org.hibernate.orm.results.loading.collection - (DelayedCollectionInitializer) Current row collection key : org.frcpm.models.Subteam(959667972265100).members#4
10:24:11.687 [main] DEBUG org.hibernate.orm.results.loading.org.hibernate.orm.results.loading.collection - (DelayedCollectionInitializer) Current row collection key : org.frcpm.models.Subteam(959667972265100).subsystems#4
10:24:11.687 [main] DEBUG org.hibernate.orm.results.loading.entity - (EntityResultInitializer) Created new entity instance [org.frcpm.models.Subteam(959667972265100)#4] : 212029700
10:24:11.687 [main] DEBUG org.hibernate.orm.results - Extracted JDBC value [1] - [#FF33A8]
10:24:11.687 [main] DEBUG org.hibernate.orm.results - Extracted JDBC value [2] - [Business]
10:24:11.687 [main] DEBUG org.hibernate.orm.results - Extracted JDBC value [3] - [Fundraising, Marketing, Outreach, Awards]
10:24:11.687 [main] DEBUG org.hibernate.orm.results.loading.entity - (EntityResultInitializer) Done materializing entityInstance : org.frcpm.models.Subteam(959667972265100)#4
10:24:11.687 [main] DEBUG org.hibernate.orm.results.loading - Calling top-level assembler (0 / 1) : org.hibernate.sql.results.graph.entity.internal.EntityAssembler@1ba61bc8
10:24:11.687 [main] DEBUG org.hibernate.orm.results - Extracted JDBC value [0] - [24]
10:24:11.687 [main] DEBUG org.hibernate.orm.results.loading.entity - (EntityResultInitializer) Hydrated EntityKey (org.frcpm.models.Subteam(959667972265100)): 24
10:24:11.687 [main] DEBUG org.hibernate.orm.results.loading.org.hibernate.orm.results.loading.collection - (DelayedCollectionInitializer) Current row collection key : org.frcpm.models.Subteam(959667972265100).members#24
10:24:11.687 [main] DEBUG org.hibernate.orm.results.loading.org.hibernate.orm.results.loading.collection - (DelayedCollectionInitializer) Current row collection key : org.frcpm.models.Subteam(959667972265100).subsystems#24
10:24:11.687 [main] DEBUG org.hibernate.orm.results.loading.entity - (EntityResultInitializer) Created new entity instance [org.frcpm.models.Subteam(959667972265100)#24] : 1106531151
10:24:11.687 [main] DEBUG org.hibernate.orm.results - Extracted JDBC value [1] - [#0000FF]
10:24:11.687 [main] DEBUG org.hibernate.orm.results - Extracted JDBC value [2] - [Test Count Subteam]
10:24:11.687 [main] DEBUG org.hibernate.orm.results - Extracted JDBC value [3] - [null]
10:24:11.687 [main] DEBUG org.hibernate.orm.results.loading.entity - (EntityResultInitializer) Done materializing entityInstance : org.frcpm.models.Subteam(959667972265100)#24
10:24:11.687 [main] DEBUG org.hibernate.orm.results.loading - Calling top-level assembler (0 / 1) : org.hibernate.sql.results.graph.entity.internal.EntityAssembler@1ba61bc8
10:24:11.687 [main] DEBUG org.hibernate.orm.results - Extracted JDBC value [0] - [27]
10:24:11.687 [main] DEBUG org.hibernate.orm.results.loading.entity - (EntityResultInitializer) Hydrated EntityKey (org.frcpm.models.Subteam(959667972265100)): 27
10:24:11.687 [main] DEBUG org.hibernate.orm.results.loading.org.hibernate.orm.results.loading.collection - (DelayedCollectionInitializer) Current row collection key : org.frcpm.models.Subteam(959667972265100).members#27
10:24:11.687 [main] DEBUG org.hibernate.orm.results.loading.org.hibernate.orm.results.loading.collection - (DelayedCollectionInitializer) Current row collection key : org.frcpm.models.Subteam(959667972265100).subsystems#27
10:24:11.687 [main] DEBUG org.hibernate.orm.results.loading.entity - (EntityResultInitializer) Created new entity instance [org.frcpm.models.Subteam(959667972265100)#27] : 1945918620
10:24:11.687 [main] DEBUG org.hibernate.orm.results - Extracted JDBC value [1] - [#0000FF]
10:24:11.687 [main] DEBUG org.hibernate.orm.results - Extracted JDBC value [2] - [Test Save Subteam]
10:24:11.687 [main] DEBUG org.hibernate.orm.results - Extracted JDBC value [3] - [Testing]
10:24:11.687 [main] DEBUG org.hibernate.orm.results.loading.entity - (EntityResultInitializer) Done materializing entityInstance : org.frcpm.models.Subteam(959667972265100)#27
10:24:11.687 [main] DEBUG org.hibernate.orm.results.loading - Calling top-level assembler (0 / 1) : org.hibernate.sql.results.graph.entity.internal.EntityAssembler@1ba61bc8
10:24:11.687 [main] DEBUG org.hibernate.orm.results - Extracted JDBC value [0] - [42]
10:24:11.687 [main] DEBUG org.hibernate.orm.results.loading.entity - (EntityResultInitializer) Hydrated EntityKey (org.frcpm.models.Subteam(959667972265100)): 42
10:24:11.687 [main] DEBUG org.hibernate.orm.results.loading.org.hibernate.orm.results.loading.collection - (DelayedCollectionInitializer) Current row collection key : org.frcpm.models.Subteam(959667972265100).members#42
10:24:11.687 [main] DEBUG org.hibernate.orm.results.loading.org.hibernate.orm.results.loading.collection - (DelayedCollectionInitializer) Current row collection key : org.frcpm.models.Subteam(959667972265100).subsystems#42
10:24:11.687 [main] DEBUG org.hibernate.orm.results.loading.entity - (EntityResultInitializer) Created new entity instance [org.frcpm.models.Subteam(959667972265100)#42] : 807572982
10:24:11.687 [main] DEBUG org.hibernate.orm.results - Extracted JDBC value [1] - [#00FFFF]
10:24:11.687 [main] DEBUG org.hibernate.orm.results - Extracted JDBC value [2] - [Updated Subteam Name]
10:24:11.687 [main] DEBUG org.hibernate.orm.results - Extracted JDBC value [3] - [null]
10:24:11.687 [main] DEBUG org.hibernate.orm.results.loading.entity - (EntityResultInitializer) Done materializing entityInstance : org.frcpm.models.Subteam(959667972265100)#42
10:24:11.687 [main] DEBUG org.hibernate.orm.results.loading - Calling top-level assembler (0 / 1) : org.hibernate.sql.results.graph.entity.internal.EntityAssembler@1ba61bc8
10:24:11.687 [main] DEBUG org.hibernate.orm.results - Extracted JDBC value [0] - [67]
10:24:11.687 [main] DEBUG org.hibernate.orm.results.loading.entity - (EntityResultInitializer) Hydrated EntityKey (org.frcpm.models.Subteam(959667972265100)): 67
10:24:11.687 [main] DEBUG org.hibernate.orm.results.loading.org.hibernate.orm.results.loading.collection - (DelayedCollectionInitializer) Current row collection key : org.frcpm.models.Subteam(959667972265100).members#67
10:24:11.687 [main] DEBUG org.hibernate.orm.results.loading.org.hibernate.orm.results.loading.collection - (DelayedCollectionInitializer) Current row collection key : org.frcpm.models.Subteam(959667972265100).subsystems#67
10:24:11.687 [main] DEBUG org.hibernate.orm.results.loading.entity - (EntityResultInitializer) Created new entity instance [org.frcpm.models.Subteam(959667972265100)#67] : 1300812249
10:24:11.687 [main] DEBUG org.hibernate.orm.results - Extracted JDBC value [1] - [#0000FF]
10:24:11.687 [main] DEBUG org.hibernate.orm.results - Extracted JDBC value [2] - [Test Create Service Subteam]
10:24:11.687 [main] DEBUG org.hibernate.orm.results - Extracted JDBC value [3] - [Testing, Quality Assurance]
10:24:11.687 [main] DEBUG org.hibernate.orm.results.loading.entity - (EntityResultInitializer) Done materializing entityInstance : org.frcpm.models.Subteam(959667972265100)#67
10:24:11.687 [main] DEBUG org.hibernate.orm.results.loading - Calling top-level assembler (0 / 1) : org.hibernate.sql.results.graph.entity.internal.EntityAssembler@1ba61bc8
10:24:11.687 [main] DEBUG org.hibernate.orm.results - Extracted JDBC value [0] - [70]
10:24:11.687 [main] DEBUG org.hibernate.orm.results.loading.entity - (EntityResultInitializer) Hydrated EntityKey (org.frcpm.models.Subteam(959667972265100)): 70
10:24:11.687 [main] DEBUG org.hibernate.orm.results.loading.org.hibernate.orm.results.loading.collection - (DelayedCollectionInitializer) Current row collection key : org.frcpm.models.Subteam(959667972265100).members#70
10:24:11.687 [main] DEBUG org.hibernate.orm.results.loading.org.hibernate.orm.results.loading.collection - (DelayedCollectionInitializer) Current row collection key : org.frcpm.models.Subteam(959667972265100).subsystems#70
10:24:11.687 [main] DEBUG org.hibernate.orm.results.loading.entity - (EntityResultInitializer) Created new entity instance [org.frcpm.models.Subteam(959667972265100)#70] : 1517519013
10:24:11.687 [main] DEBUG org.hibernate.orm.results - Extracted JDBC value [1] - [#00FFFF]
10:24:11.687 [main] DEBUG org.hibernate.orm.results - Extracted JDBC value [2] - [Test Color Update Subteam]
10:24:11.687 [main] DEBUG org.hibernate.orm.results - Extracted JDBC value [3] - [Specialties]
10:24:11.688 [main] DEBUG org.hibernate.orm.results.loading.entity - (EntityResultInitializer) Done materializing entityInstance : org.frcpm.models.Subteam(959667972265100)#70
10:24:11.688 [main] DEBUG org.hibernate.orm.results.loading - Calling top-level assembler (0 / 1) : org.hibernate.sql.results.graph.entity.internal.EntityAssembler@1ba61bc8
10:24:11.688 [main] DEBUG org.hibernate.orm.results - Extracted JDBC value [0] - [79]
10:24:11.688 [main] DEBUG org.hibernate.orm.results.loading.entity - (EntityResultInitializer) Hydrated EntityKey (org.frcpm.models.Subteam(959667972265100)): 79
10:24:11.688 [main] DEBUG org.hibernate.orm.results.loading.org.hibernate.orm.results.loading.collection - (DelayedCollectionInitializer) Current row collection key : org.frcpm.models.Subteam(959667972265100).members#79
10:24:11.688 [main] DEBUG org.hibernate.orm.results.loading.org.hibernate.orm.results.loading.collection - (DelayedCollectionInitializer) Current row collection key : org.frcpm.models.Subteam(959667972265100).subsystems#79
10:24:11.688 [main] DEBUG org.hibernate.orm.results.loading.entity - (EntityResultInitializer) Created new entity instance [org.frcpm.models.Subteam(959667972265100)#79] : 1081620629
10:24:11.688 [main] DEBUG org.hibernate.orm.results - Extracted JDBC value [1] - [#0000FF]
10:24:11.688 [main] DEBUG org.hibernate.orm.results - Extracted JDBC value [2] - [Test Update Subteam]
10:24:11.688 [main] DEBUG org.hibernate.orm.results - Extracted JDBC value [3] - [Updated Specialties]
10:24:11.688 [main] DEBUG org.hibernate.orm.results.loading.entity - (EntityResultInitializer) Done materializing entityInstance : org.frcpm.models.Subteam(959667972265100)#79
10:24:11.688 [main] DEBUG org.hibernate.orm.results.loading - Calling top-level assembler (0 / 1) : org.hibernate.sql.results.graph.entity.internal.EntityAssembler@1ba61bc8
10:24:11.688 [main] DEBUG org.hibernate.orm.results - Extracted JDBC value [0] - [87]
10:24:11.688 [main] DEBUG org.hibernate.orm.results.loading.entity - (EntityResultInitializer) Hydrated EntityKey (org.frcpm.models.Subteam(959667972265100)): 87
10:24:11.688 [main] DEBUG org.hibernate.orm.results.loading.org.hibernate.orm.results.loading.collection - (DelayedCollectionInitializer) Current row collection key : org.frcpm.models.Subteam(959667972265100).members#87
10:24:11.688 [main] DEBUG org.hibernate.orm.results.loading.org.hibernate.orm.results.loading.collection - (DelayedCollectionInitializer) Current row collection key : org.frcpm.models.Subteam(959667972265100).subsystems#87
10:24:11.688 [main] DEBUG org.hibernate.orm.results.loading.entity - (EntityResultInitializer) Created new entity instance [org.frcpm.models.Subteam(959667972265100)#87] : 1416489954
10:24:11.688 [main] DEBUG org.hibernate.orm.results - Extracted JDBC value [1] - [#0000FF]
10:24:11.688 [main] DEBUG org.hibernate.orm.results - Extracted JDBC value [2] - [Duplicate Name Subteam]
10:24:11.688 [main] DEBUG org.hibernate.orm.results - Extracted JDBC value [3] - [Specialties]
10:24:11.688 [main] DEBUG org.hibernate.orm.results.loading.entity - (EntityResultInitializer) Done materializing entityInstance : org.frcpm.models.Subteam(959667972265100)#87
10:24:11.688 [main] DEBUG org.hibernate.orm.results.loading - Calling top-level assembler (0 / 1) : org.hibernate.sql.results.graph.entity.internal.EntityAssembler@1ba61bc8
10:24:11.688 [main] DEBUG org.hibernate.resource.jdbc.internal.LogicalConnectionManagedImpl - Initiating JDBC connection release from afterTransaction
10:24:11.688 [main] DEBUG org.hibernate.resource.jdbc.internal.LogicalConnectionManagedImpl - Initiating JDBC connection release from afterTransaction
]]></system-out>
  </testcase>
</testsuite>