<?xml version="1.0" encoding="UTF-8"?>
<testsuite xmlns:xsi="http://www.w3.org/2001/XMLSchema-instance" xsi:noNamespaceSchemaLocation="https://maven.apache.org/surefire/maven-surefire-plugin/xsd/surefire-test-report-3.0.xsd" version="3.0" name="org.frcpm.repositories.AttendanceRepositoryTest" time="6.044" tests="11" errors="0" skipped="0" failures="0">
  <properties>
    <property name="java.specification.version" value="21"/>
    <property name="javafx.runtime.version" value="21.0.2+5"/>
    <property name="sun.cpu.isalist" value="amd64"/>
    <property name="sun.jnu.encoding" value="Cp1252"/>
    <property name="java.class.path" value="C:\Users\dhiebert\Local Repositories\Project Management 2.0\target\test-classes;C:\Users\dhiebert\Local Repositories\Project Management 2.0\target\classes;C:\Users\dhiebert\.m2\repository\org\openjfx\javafx-controls\21.0.2\javafx-controls-21.0.2.jar;C:\Users\dhiebert\.m2\repository\org\openjfx\javafx-controls\21.0.2\javafx-controls-21.0.2-win.jar;C:\Users\dhiebert\.m2\repository\org\openjfx\javafx-fxml\21.0.2\javafx-fxml-21.0.2.jar;C:\Users\dhiebert\.m2\repository\org\openjfx\javafx-fxml\21.0.2\javafx-fxml-21.0.2-win.jar;C:\Users\dhiebert\.m2\repository\org\openjfx\javafx-graphics\21.0.2\javafx-graphics-21.0.2.jar;C:\Users\dhiebert\.m2\repository\org\openjfx\javafx-graphics\21.0.2\javafx-graphics-21.0.2-win.jar;C:\Users\dhiebert\.m2\repository\org\openjfx\javafx-base\21.0.2\javafx-base-21.0.2.jar;C:\Users\dhiebert\.m2\repository\org\openjfx\javafx-base\21.0.2\javafx-base-21.0.2-win.jar;C:\Users\dhiebert\.m2\repository\com\h2database\h2\2.2.224\h2-2.2.224.jar;C:\Users\dhiebert\.m2\repository\com\zaxxer\HikariCP\5.1.0\HikariCP-5.1.0.jar;C:\Users\dhiebert\.m2\repository\org\slf4j\slf4j-api\1.7.36\slf4j-api-1.7.36.jar;C:\Users\dhiebert\.m2\repository\org\hibernate\orm\hibernate-core\6.5.0.Final\hibernate-core-6.5.0.Final.jar;C:\Users\dhiebert\.m2\repository\jakarta\persistence\jakarta.persistence-api\3.1.0\jakarta.persistence-api-3.1.0.jar;C:\Users\dhiebert\.m2\repository\jakarta\transaction\jakarta.transaction-api\2.0.1\jakarta.transaction-api-2.0.1.jar;C:\Users\dhiebert\.m2\repository\org\jboss\logging\jboss-logging\3.5.0.Final\jboss-logging-3.5.0.Final.jar;C:\Users\dhiebert\.m2\repository\org\hibernate\common\hibernate-commons-annotations\6.0.6.Final\hibernate-commons-annotations-6.0.6.Final.jar;C:\Users\dhiebert\.m2\repository\io\smallrye\jandex\3.1.2\jandex-3.1.2.jar;C:\Users\dhiebert\.m2\repository\com\fasterxml\classmate\1.5.1\classmate-1.5.1.jar;C:\Users\dhiebert\.m2\repository\net\bytebuddy\byte-buddy\1.14.12\byte-buddy-1.14.12.jar;C:\Users\dhiebert\.m2\repository\jakarta\xml\bind\jakarta.xml.bind-api\4.0.0\jakarta.xml.bind-api-4.0.0.jar;C:\Users\dhiebert\.m2\repository\jakarta\activation\jakarta.activation-api\2.1.0\jakarta.activation-api-2.1.0.jar;C:\Users\dhiebert\.m2\repository\org\glassfish\jaxb\jaxb-runtime\4.0.2\jaxb-runtime-4.0.2.jar;C:\Users\dhiebert\.m2\repository\org\glassfish\jaxb\jaxb-core\4.0.2\jaxb-core-4.0.2.jar;C:\Users\dhiebert\.m2\repository\org\eclipse\angus\angus-activation\2.0.0\angus-activation-2.0.0.jar;C:\Users\dhiebert\.m2\repository\org\glassfish\jaxb\txw2\4.0.2\txw2-4.0.2.jar;C:\Users\dhiebert\.m2\repository\com\sun\istack\istack-commons-runtime\4.1.1\istack-commons-runtime-4.1.1.jar;C:\Users\dhiebert\.m2\repository\jakarta\inject\jakarta.inject-api\2.0.1\jakarta.inject-api-2.0.1.jar;C:\Users\dhiebert\.m2\repository\org\antlr\antlr4-runtime\4.13.0\antlr4-runtime-4.13.0.jar;C:\Users\dhiebert\.m2\repository\org\hibernate\validator\hibernate-validator\8.0.1.Final\hibernate-validator-8.0.1.Final.jar;C:\Users\dhiebert\.m2\repository\jakarta\validation\jakarta.validation-api\3.0.2\jakarta.validation-api-3.0.2.jar;C:\Users\dhiebert\.m2\repository\org\junit\jupiter\junit-jupiter-api\5.10.2\junit-jupiter-api-5.10.2.jar;C:\Users\dhiebert\.m2\repository\org\opentest4j\opentest4j\1.3.0\opentest4j-1.3.0.jar;C:\Users\dhiebert\.m2\repository\org\junit\platform\junit-platform-commons\1.10.2\junit-platform-commons-1.10.2.jar;C:\Users\dhiebert\.m2\repository\org\apiguardian\apiguardian-api\1.1.2\apiguardian-api-1.1.2.jar;C:\Users\dhiebert\.m2\repository\org\junit\jupiter\junit-jupiter-engine\5.10.2\junit-jupiter-engine-5.10.2.jar;C:\Users\dhiebert\.m2\repository\org\junit\platform\junit-platform-engine\1.10.2\junit-platform-engine-1.10.2.jar;C:\Users\dhiebert\.m2\repository\org\mockito\mockito-junit-jupiter\5.10.0\mockito-junit-jupiter-5.10.0.jar;C:\Users\dhiebert\.m2\repository\org\mockito\mockito-core\5.10.0\mockito-core-5.10.0.jar;C:\Users\dhiebert\.m2\repository\net\bytebuddy\byte-buddy-agent\1.14.11\byte-buddy-agent-1.14.11.jar;C:\Users\dhiebert\.m2\repository\org\objenesis\objenesis\3.3\objenesis-3.3.jar;C:\Users\dhiebert\.m2\repository\org\hibernate\orm\hibernate-hikaricp\6.5.0.Final\hibernate-hikaricp-6.5.0.Final.jar;C:\Users\dhiebert\.m2\repository\ch\qos\logback\logback-classic\1.2.11\logback-classic-1.2.11.jar;C:\Users\dhiebert\.m2\repository\ch\qos\logback\logback-core\1.2.11\logback-core-1.2.11.jar;C:\Users\dhiebert\.m2\repository\org\testfx\testfx-core\4.0.18\testfx-core-4.0.18.jar;C:\Users\dhiebert\.m2\repository\org\hamcrest\hamcrest\2.1\hamcrest-2.1.jar;C:\Users\dhiebert\.m2\repository\org\assertj\assertj-core\3.13.2\assertj-core-3.13.2.jar;C:\Users\dhiebert\.m2\repository\org\osgi\org.osgi.core\6.0.0\org.osgi.core-6.0.0.jar;C:\Users\dhiebert\.m2\repository\org\testfx\testfx-junit5\4.0.18\testfx-junit5-4.0.18.jar;C:\Users\dhiebert\.m2\repository\org\openjfx\javafx-web\17.0.2\javafx-web-17.0.2.jar;C:\Users\dhiebert\.m2\repository\org\openjfx\javafx-web\17.0.2\javafx-web-17.0.2-win.jar;C:\Users\dhiebert\.m2\repository\org\openjfx\javafx-media\17.0.2\javafx-media-17.0.2.jar;C:\Users\dhiebert\.m2\repository\org\openjfx\javafx-media\17.0.2\javafx-media-17.0.2-win.jar;C:\Users\dhiebert\.m2\repository\org\apache\pdfbox\pdfbox\2.0.27\pdfbox-2.0.27.jar;C:\Users\dhiebert\.m2\repository\org\apache\pdfbox\fontbox\2.0.27\fontbox-2.0.27.jar;C:\Users\dhiebert\.m2\repository\commons-logging\commons-logging\1.2\commons-logging-1.2.jar;C:\Users\dhiebert\.m2\repository\com\fasterxml\jackson\core\jackson-databind\2.15.0\jackson-databind-2.15.0.jar;C:\Users\dhiebert\.m2\repository\com\fasterxml\jackson\core\jackson-annotations\2.15.0\jackson-annotations-2.15.0.jar;C:\Users\dhiebert\.m2\repository\com\fasterxml\jackson\core\jackson-core\2.15.0\jackson-core-2.15.0.jar;C:\Users\dhiebert\.m2\repository\org\apache\xmlgraphics\batik-all\1.16\batik-all-1.16.jar;C:\Users\dhiebert\.m2\repository\xml-apis\xml-apis\1.4.01\xml-apis-1.4.01.jar;C:\Users\dhiebert\.m2\repository\xml-apis\xml-apis-ext\1.3.04\xml-apis-ext-1.3.04.jar;C:\Users\dhiebert\.m2\repository\org\apache\xmlgraphics\xmlgraphics-commons\2.7\xmlgraphics-commons-2.7.jar;C:\Users\dhiebert\.m2\repository\commons-io\commons-io\1.3.1\commons-io-1.3.1.jar;C:\Users\dhiebert\.m2\repository\org\jgrapht\jgrapht-core\1.5.2\jgrapht-core-1.5.2.jar;C:\Users\dhiebert\.m2\repository\org\jheaps\jheaps\0.14\jheaps-0.14.jar;C:\Users\dhiebert\.m2\repository\org\apfloat\apfloat\1.10.1\apfloat-1.10.1.jar;"/>
    <property name="java.vm.vendor" value="Eclipse Adoptium"/>
    <property name="sun.arch.data.model" value="64"/>
    <property name="user.variant" value=""/>
    <property name="java.vendor.url" value="https://adoptium.net/"/>
    <property name="user.timezone" value="America/Chicago"/>
    <property name="os.name" value="Windows 11"/>
    <property name="java.vm.specification.version" value="21"/>
    <property name="javafx.version" value="21.0.2"/>
    <property name="sun.java.launcher" value="SUN_STANDARD"/>
    <property name="user.country" value="US"/>
    <property name="sun.boot.library.path" value="C:\Program Files\Eclipse Adoptium\jdk-21.0.6.7-hotspot\bin"/>
    <property name="sun.java.command" value="C:\Users\dhiebert\AppData\Local\Temp\surefire9513985487531586668\surefirebooter-20250425102356946_3.jar C:\Users\dhiebert\AppData\Local\Temp\surefire9513985487531586668 2025-04-25T10-23-56_800-jvmRun1 surefire-20250425102356946_1tmp surefire_0-20250425102356946_2tmp"/>
    <property name="jdk.debug" value="release"/>
    <property name="surefire.test.class.path" value="C:\Users\dhiebert\Local Repositories\Project Management 2.0\target\test-classes;C:\Users\dhiebert\Local Repositories\Project Management 2.0\target\classes;C:\Users\dhiebert\.m2\repository\org\openjfx\javafx-controls\21.0.2\javafx-controls-21.0.2.jar;C:\Users\dhiebert\.m2\repository\org\openjfx\javafx-controls\21.0.2\javafx-controls-21.0.2-win.jar;C:\Users\dhiebert\.m2\repository\org\openjfx\javafx-fxml\21.0.2\javafx-fxml-21.0.2.jar;C:\Users\dhiebert\.m2\repository\org\openjfx\javafx-fxml\21.0.2\javafx-fxml-21.0.2-win.jar;C:\Users\dhiebert\.m2\repository\org\openjfx\javafx-graphics\21.0.2\javafx-graphics-21.0.2.jar;C:\Users\dhiebert\.m2\repository\org\openjfx\javafx-graphics\21.0.2\javafx-graphics-21.0.2-win.jar;C:\Users\dhiebert\.m2\repository\org\openjfx\javafx-base\21.0.2\javafx-base-21.0.2.jar;C:\Users\dhiebert\.m2\repository\org\openjfx\javafx-base\21.0.2\javafx-base-21.0.2-win.jar;C:\Users\dhiebert\.m2\repository\com\h2database\h2\2.2.224\h2-2.2.224.jar;C:\Users\dhiebert\.m2\repository\com\zaxxer\HikariCP\5.1.0\HikariCP-5.1.0.jar;C:\Users\dhiebert\.m2\repository\org\slf4j\slf4j-api\1.7.36\slf4j-api-1.7.36.jar;C:\Users\dhiebert\.m2\repository\org\hibernate\orm\hibernate-core\6.5.0.Final\hibernate-core-6.5.0.Final.jar;C:\Users\dhiebert\.m2\repository\jakarta\persistence\jakarta.persistence-api\3.1.0\jakarta.persistence-api-3.1.0.jar;C:\Users\dhiebert\.m2\repository\jakarta\transaction\jakarta.transaction-api\2.0.1\jakarta.transaction-api-2.0.1.jar;C:\Users\dhiebert\.m2\repository\org\jboss\logging\jboss-logging\3.5.0.Final\jboss-logging-3.5.0.Final.jar;C:\Users\dhiebert\.m2\repository\org\hibernate\common\hibernate-commons-annotations\6.0.6.Final\hibernate-commons-annotations-6.0.6.Final.jar;C:\Users\dhiebert\.m2\repository\io\smallrye\jandex\3.1.2\jandex-3.1.2.jar;C:\Users\dhiebert\.m2\repository\com\fasterxml\classmate\1.5.1\classmate-1.5.1.jar;C:\Users\dhiebert\.m2\repository\net\bytebuddy\byte-buddy\1.14.12\byte-buddy-1.14.12.jar;C:\Users\dhiebert\.m2\repository\jakarta\xml\bind\jakarta.xml.bind-api\4.0.0\jakarta.xml.bind-api-4.0.0.jar;C:\Users\dhiebert\.m2\repository\jakarta\activation\jakarta.activation-api\2.1.0\jakarta.activation-api-2.1.0.jar;C:\Users\dhiebert\.m2\repository\org\glassfish\jaxb\jaxb-runtime\4.0.2\jaxb-runtime-4.0.2.jar;C:\Users\dhiebert\.m2\repository\org\glassfish\jaxb\jaxb-core\4.0.2\jaxb-core-4.0.2.jar;C:\Users\dhiebert\.m2\repository\org\eclipse\angus\angus-activation\2.0.0\angus-activation-2.0.0.jar;C:\Users\dhiebert\.m2\repository\org\glassfish\jaxb\txw2\4.0.2\txw2-4.0.2.jar;C:\Users\dhiebert\.m2\repository\com\sun\istack\istack-commons-runtime\4.1.1\istack-commons-runtime-4.1.1.jar;C:\Users\dhiebert\.m2\repository\jakarta\inject\jakarta.inject-api\2.0.1\jakarta.inject-api-2.0.1.jar;C:\Users\dhiebert\.m2\repository\org\antlr\antlr4-runtime\4.13.0\antlr4-runtime-4.13.0.jar;C:\Users\dhiebert\.m2\repository\org\hibernate\validator\hibernate-validator\8.0.1.Final\hibernate-validator-8.0.1.Final.jar;C:\Users\dhiebert\.m2\repository\jakarta\validation\jakarta.validation-api\3.0.2\jakarta.validation-api-3.0.2.jar;C:\Users\dhiebert\.m2\repository\org\junit\jupiter\junit-jupiter-api\5.10.2\junit-jupiter-api-5.10.2.jar;C:\Users\dhiebert\.m2\repository\org\opentest4j\opentest4j\1.3.0\opentest4j-1.3.0.jar;C:\Users\dhiebert\.m2\repository\org\junit\platform\junit-platform-commons\1.10.2\junit-platform-commons-1.10.2.jar;C:\Users\dhiebert\.m2\repository\org\apiguardian\apiguardian-api\1.1.2\apiguardian-api-1.1.2.jar;C:\Users\dhiebert\.m2\repository\org\junit\jupiter\junit-jupiter-engine\5.10.2\junit-jupiter-engine-5.10.2.jar;C:\Users\dhiebert\.m2\repository\org\junit\platform\junit-platform-engine\1.10.2\junit-platform-engine-1.10.2.jar;C:\Users\dhiebert\.m2\repository\org\mockito\mockito-junit-jupiter\5.10.0\mockito-junit-jupiter-5.10.0.jar;C:\Users\dhiebert\.m2\repository\org\mockito\mockito-core\5.10.0\mockito-core-5.10.0.jar;C:\Users\dhiebert\.m2\repository\net\bytebuddy\byte-buddy-agent\1.14.11\byte-buddy-agent-1.14.11.jar;C:\Users\dhiebert\.m2\repository\org\objenesis\objenesis\3.3\objenesis-3.3.jar;C:\Users\dhiebert\.m2\repository\org\hibernate\orm\hibernate-hikaricp\6.5.0.Final\hibernate-hikaricp-6.5.0.Final.jar;C:\Users\dhiebert\.m2\repository\ch\qos\logback\logback-classic\1.2.11\logback-classic-1.2.11.jar;C:\Users\dhiebert\.m2\repository\ch\qos\logback\logback-core\1.2.11\logback-core-1.2.11.jar;C:\Users\dhiebert\.m2\repository\org\testfx\testfx-core\4.0.18\testfx-core-4.0.18.jar;C:\Users\dhiebert\.m2\repository\org\hamcrest\hamcrest\2.1\hamcrest-2.1.jar;C:\Users\dhiebert\.m2\repository\org\assertj\assertj-core\3.13.2\assertj-core-3.13.2.jar;C:\Users\dhiebert\.m2\repository\org\osgi\org.osgi.core\6.0.0\org.osgi.core-6.0.0.jar;C:\Users\dhiebert\.m2\repository\org\testfx\testfx-junit5\4.0.18\testfx-junit5-4.0.18.jar;C:\Users\dhiebert\.m2\repository\org\openjfx\javafx-web\17.0.2\javafx-web-17.0.2.jar;C:\Users\dhiebert\.m2\repository\org\openjfx\javafx-web\17.0.2\javafx-web-17.0.2-win.jar;C:\Users\dhiebert\.m2\repository\org\openjfx\javafx-media\17.0.2\javafx-media-17.0.2.jar;C:\Users\dhiebert\.m2\repository\org\openjfx\javafx-media\17.0.2\javafx-media-17.0.2-win.jar;C:\Users\dhiebert\.m2\repository\org\apache\pdfbox\pdfbox\2.0.27\pdfbox-2.0.27.jar;C:\Users\dhiebert\.m2\repository\org\apache\pdfbox\fontbox\2.0.27\fontbox-2.0.27.jar;C:\Users\dhiebert\.m2\repository\commons-logging\commons-logging\1.2\commons-logging-1.2.jar;C:\Users\dhiebert\.m2\repository\com\fasterxml\jackson\core\jackson-databind\2.15.0\jackson-databind-2.15.0.jar;C:\Users\dhiebert\.m2\repository\com\fasterxml\jackson\core\jackson-annotations\2.15.0\jackson-annotations-2.15.0.jar;C:\Users\dhiebert\.m2\repository\com\fasterxml\jackson\core\jackson-core\2.15.0\jackson-core-2.15.0.jar;C:\Users\dhiebert\.m2\repository\org\apache\xmlgraphics\batik-all\1.16\batik-all-1.16.jar;C:\Users\dhiebert\.m2\repository\xml-apis\xml-apis\1.4.01\xml-apis-1.4.01.jar;C:\Users\dhiebert\.m2\repository\xml-apis\xml-apis-ext\1.3.04\xml-apis-ext-1.3.04.jar;C:\Users\dhiebert\.m2\repository\org\apache\xmlgraphics\xmlgraphics-commons\2.7\xmlgraphics-commons-2.7.jar;C:\Users\dhiebert\.m2\repository\commons-io\commons-io\1.3.1\commons-io-1.3.1.jar;C:\Users\dhiebert\.m2\repository\org\jgrapht\jgrapht-core\1.5.2\jgrapht-core-1.5.2.jar;C:\Users\dhiebert\.m2\repository\org\jheaps\jheaps\0.14\jheaps-0.14.jar;C:\Users\dhiebert\.m2\repository\org\apfloat\apfloat\1.10.1\apfloat-1.10.1.jar;"/>
    <property name="sun.cpu.endian" value="little"/>
    <property name="user.home" value="C:\Users\dhiebert"/>
    <property name="user.language" value="en"/>
    <property name="java.specification.vendor" value="Oracle Corporation"/>
    <property name="java.version.date" value="2025-01-21"/>
    <property name="java.home" value="C:\Program Files\Eclipse Adoptium\jdk-21.0.6.7-hotspot"/>
    <property name="file.separator" value="\"/>
    <property name="basedir" value="C:\Users\dhiebert\Local Repositories\Project Management 2.0"/>
    <property name="java.vm.compressedOopsMode" value="Zero based"/>
    <property name="line.separator" value="&#10;"/>
    <property name="java.vm.specification.vendor" value="Oracle Corporation"/>
    <property name="java.specification.name" value="Java Platform API Specification"/>
    <property name="surefire.real.class.path" value="C:\Users\dhiebert\AppData\Local\Temp\surefire9513985487531586668\surefirebooter-20250425102356946_3.jar"/>
    <property name="user.script" value=""/>
    <property name="sun.management.compiler" value="HotSpot 64-Bit Tiered Compilers"/>
    <property name="java.runtime.version" value="21.0.6+7-LTS"/>
    <property name="user.name" value="dhiebert"/>
    <property name="stdout.encoding" value="Cp1252"/>
    <property name="path.separator" value=";"/>
    <property name="os.version" value="10.0"/>
    <property name="java.runtime.name" value="OpenJDK Runtime Environment"/>
    <property name="file.encoding" value="UTF-8"/>
    <property name="java.vm.name" value="OpenJDK 64-Bit Server VM"/>
    <property name="java.vendor.version" value="Temurin-21.0.6+7"/>
    <property name="localRepository" value="C:\Users\dhiebert\.m2\repository"/>
    <property name="java.vendor.url.bug" value="https://github.com/adoptium/adoptium-support/issues"/>
    <property name="java.io.tmpdir" value="C:\Users\dhiebert\AppData\Local\Temp\"/>
    <property name="java.version" value="21.0.6"/>
    <property name="user.dir" value="C:\Users\dhiebert\Local Repositories\Project Management 2.0"/>
    <property name="os.arch" value="amd64"/>
    <property name="java.vm.specification.name" value="Java Virtual Machine Specification"/>
    <property name="sun.os.patch.level" value=""/>
    <property name="native.encoding" value="Cp1252"/>
    <property name="java.library.path" value="C:\Program Files\Eclipse Adoptium\jdk-21.0.6.7-hotspot\bin;C:\WINDOWS\Sun\Java\bin;C:\WINDOWS\system32;C:\WINDOWS;C:\Program Files\apache-maven-3.9.9\bin;C:\Program Files\Eclipse Adoptium\jdk-21.0.6.7-hotspot\bin;C:\Program Files\National Instruments\Shared\OpenVINO\;C:\Program Files\Common Files\Oracle\Java\javapath;C:\WINDOWS\system32;C:\WINDOWS;C:\WINDOWS\System32\Wbem;C:\WINDOWS\System32\WindowsPowerShell\v1.0\;C:\WINDOWS\System32\OpenSSH\;C:\Program Files\dotnet\;C:\Program Files (x86)\Windows Live\Shared;C:\Program Files\Git\cmd;C:\Program Files\Common Files\Autodesk Shared\;C:\Program Files\Microsoft SQL Server\150\Tools\Binn\;C:\Program Files\nodejs\;C:\Program Files\Eclipse Adoptium\jdk-21.0.6.7-hotspot\bin;C:\Program Files\apache-maven-3.9.9\bin;%MAVEN_HOME%\bin;C:\Users\dhiebert\AppData\Local\Microsoft\WindowsApps;C:\Users\dhiebert\AppData\Local\GitHubDesktop\bin;C:\Users\dhiebert\AppData\Roaming\npm;C:\Users\dhiebert\AppData\Local\Packages\PythonSoftwareFoundation.Python.3.11_qbz5n2kfra8p0\LocalCache\local-packages\Python311\Scripts;C:\Users\dhiebert\AppData\Local\Packages\PythonSoftwareFoundation.Python.3.11_qbz5n2kfra8p0\LocalCache\local-packages\Python311\site-packages\maven;;c:\Users\Public\wpilib\2025\vscode\data\user-data\User\globalStorage\github.copilot-chat\debugCommand;c:\Users\Public\wpilib\2025\vscode\data\extensions\ms-python.debugpy-2025.4.1-win32-x64\bundled\scripts\noConfigScripts;."/>
    <property name="java.vm.info" value="mixed mode, sharing"/>
    <property name="stderr.encoding" value="Cp1252"/>
    <property name="java.vendor" value="Eclipse Adoptium"/>
    <property name="java.vm.version" value="21.0.6+7-LTS"/>
    <property name="sun.io.unicode.encoding" value="UnicodeLittle"/>
    <property name="java.class.version" value="65.0"/>
  </properties>
  <testcase name="testFindByMember" classname="org.frcpm.repositories.AttendanceRepositoryTest" time="0.762">
    <system-out><![CDATA[10:24:11.698 [main] DEBUG org.hibernate.engine.transaction.internal.TransactionImpl - On TransactionImpl creation, JpaCompliance#isJpaTransactionComplianceEnabled == false
10:24:11.698 [main] DEBUG org.hibernate.engine.transaction.internal.TransactionImpl - begin
10:24:11.728 [main] DEBUG org.hibernate.engine.spi.ActionQueue - Executing identity-insert immediately
10:24:11.750 [main] DEBUG org.hibernate.SQL - insert into projects (description,goal_end_date,hard_deadline,name,start_date,id) values (?,?,?,?,?,default)
10:24:11.792 [main] DEBUG org.hibernate.orm.results - Initializer list is empty
10:24:11.792 [main] DEBUG org.hibernate.orm.results.loading - Calling top-level assembler (0 / 1) : org.hibernate.sql.results.graph.basic.BasicResultAssembler@1180e245
10:24:11.792 [main] DEBUG org.hibernate.orm.results - Extracted JDBC value [0] - [159]
10:24:11.793 [main] DEBUG org.hibernate.id.IdentifierGeneratorHelper - Extracted generated values [org.frcpm.models.Project]: [Ljava.lang.Object;@35b82c4e
10:24:11.801 [main] DEBUG org.hibernate.event.internal.AbstractFlushingEventListener - Processing flush-time cascades
10:24:11.803 [main] DEBUG org.hibernate.event.internal.AbstractFlushingEventListener - Dirty checking collections
10:24:11.810 [main] DEBUG org.hibernate.engine.internal.Collections - Collection found: [org.frcpm.models.Project.meetings#159], was: [<unreferenced>] (initialized)
10:24:11.810 [main] DEBUG org.hibernate.engine.internal.Collections - Collection found: [org.frcpm.models.Project.milestones#159], was: [<unreferenced>] (initialized)
10:24:11.810 [main] DEBUG org.hibernate.engine.internal.Collections - Collection found: [org.frcpm.models.Project.tasks#159], was: [<unreferenced>] (initialized)
10:24:11.814 [main] DEBUG org.hibernate.event.internal.AbstractFlushingEventListener - Flushed: 0 insertions, 0 updates, 0 deletions to 1 objects
10:24:11.814 [main] DEBUG org.hibernate.event.internal.AbstractFlushingEventListener - Flushed: 3 (re)creations, 0 updates, 0 removals to 3 collections
10:24:11.817 [main] DEBUG org.hibernate.internal.util.EntityPrinter - Listing entities:
10:24:11.817 [main] DEBUG org.hibernate.internal.util.EntityPrinter - org.frcpm.models.Project{hardDeadline=2025-06-20, name=Test Attendance Project, description=null, meetings=[], id=159, goalEndDate=2025-06-06, milestones=[], startDate=2025-04-25, tasks=[]}
10:24:11.821 [main] DEBUG org.hibernate.engine.transaction.internal.TransactionImpl - committing
10:24:11.821 [main] DEBUG org.hibernate.event.internal.AbstractFlushingEventListener - Processing flush-time cascades
10:24:11.821 [main] DEBUG org.hibernate.event.internal.AbstractFlushingEventListener - Dirty checking collections
10:24:11.821 [main] DEBUG org.hibernate.engine.internal.Collections - Collection found: [org.frcpm.models.Project.meetings#159], was: [org.frcpm.models.Project.meetings#159] (initialized)
10:24:11.821 [main] DEBUG org.hibernate.engine.internal.Collections - Collection found: [org.frcpm.models.Project.milestones#159], was: [org.frcpm.models.Project.milestones#159] (initialized)
10:24:11.821 [main] DEBUG org.hibernate.engine.internal.Collections - Collection found: [org.frcpm.models.Project.tasks#159], was: [org.frcpm.models.Project.tasks#159] (initialized)
10:24:11.821 [main] DEBUG org.hibernate.event.internal.AbstractFlushingEventListener - Flushed: 0 insertions, 0 updates, 0 deletions to 1 objects
10:24:11.821 [main] DEBUG org.hibernate.event.internal.AbstractFlushingEventListener - Flushed: 0 (re)creations, 0 updates, 0 removals to 3 collections
10:24:11.821 [main] DEBUG org.hibernate.internal.util.EntityPrinter - Listing entities:
10:24:11.821 [main] DEBUG org.hibernate.internal.util.EntityPrinter - org.frcpm.models.Project{hardDeadline=2025-06-20, name=Test Attendance Project, description=null, meetings=[], id=159, goalEndDate=2025-06-06, milestones=[], startDate=2025-04-25, tasks=[]}
10:24:11.822 [main] DEBUG org.hibernate.resource.jdbc.internal.LogicalConnectionManagedImpl - Initiating JDBC connection release from afterTransaction
10:24:11.822 [main] DEBUG org.hibernate.resource.jdbc.internal.LogicalConnectionManagedImpl - Initiating JDBC connection release from afterTransaction
10:24:11.823 [main] DEBUG org.hibernate.engine.transaction.internal.TransactionImpl - On TransactionImpl creation, JpaCompliance#isJpaTransactionComplianceEnabled == false
10:24:11.823 [main] DEBUG org.hibernate.engine.transaction.internal.TransactionImpl - begin
10:24:11.823 [main] DEBUG org.hibernate.engine.spi.ActionQueue - Executing identity-insert immediately
10:24:11.823 [main] DEBUG org.hibernate.SQL - insert into meetings (date,end_time,notes,project_id,start_time,id) values (?,?,?,?,?,default)
10:24:11.824 [main] DEBUG org.hibernate.orm.results - Initializer list is empty
10:24:11.824 [main] DEBUG org.hibernate.orm.results.loading - Calling top-level assembler (0 / 1) : org.hibernate.sql.results.graph.basic.BasicResultAssembler@5fa349f2
10:24:11.824 [main] DEBUG org.hibernate.orm.results - Extracted JDBC value [0] - [91]
10:24:11.824 [main] DEBUG org.hibernate.id.IdentifierGeneratorHelper - Extracted generated values [org.frcpm.models.Meeting]: [Ljava.lang.Object;@3e2c4009
10:24:11.824 [main] DEBUG org.hibernate.event.internal.AbstractFlushingEventListener - Processing flush-time cascades
10:24:11.824 [main] DEBUG org.hibernate.event.internal.AbstractFlushingEventListener - Dirty checking collections
10:24:11.824 [main] DEBUG org.hibernate.engine.internal.Collections - Collection found: [org.frcpm.models.Meeting.attendances#91], was: [<unreferenced>] (initialized)
10:24:11.824 [main] DEBUG org.hibernate.event.internal.AbstractFlushingEventListener - Flushed: 0 insertions, 0 updates, 0 deletions to 1 objects
10:24:11.824 [main] DEBUG org.hibernate.event.internal.AbstractFlushingEventListener - Flushed: 1 (re)creations, 0 updates, 0 removals to 1 collections
10:24:11.824 [main] DEBUG org.hibernate.internal.util.EntityPrinter - Listing entities:
10:24:11.824 [main] DEBUG org.hibernate.internal.util.EntityPrinter - org.frcpm.models.Meeting{date=2025-04-26, notes=null, project=org.frcpm.models.Project#159, startTime=18:00, id=91, endTime=20:00, attendances=[]}
10:24:11.824 [main] DEBUG org.hibernate.engine.transaction.internal.TransactionImpl - committing
10:24:11.824 [main] DEBUG org.hibernate.event.internal.AbstractFlushingEventListener - Processing flush-time cascades
10:24:11.824 [main] DEBUG org.hibernate.event.internal.AbstractFlushingEventListener - Dirty checking collections
10:24:11.824 [main] DEBUG org.hibernate.engine.internal.Collections - Collection found: [org.frcpm.models.Meeting.attendances#91], was: [org.frcpm.models.Meeting.attendances#91] (initialized)
10:24:11.824 [main] DEBUG org.hibernate.event.internal.AbstractFlushingEventListener - Flushed: 0 insertions, 0 updates, 0 deletions to 1 objects
10:24:11.824 [main] DEBUG org.hibernate.event.internal.AbstractFlushingEventListener - Flushed: 0 (re)creations, 0 updates, 0 removals to 1 collections
10:24:11.824 [main] DEBUG org.hibernate.internal.util.EntityPrinter - Listing entities:
10:24:11.824 [main] DEBUG org.hibernate.internal.util.EntityPrinter - org.frcpm.models.Meeting{date=2025-04-26, notes=null, project=org.frcpm.models.Project#159, startTime=18:00, id=91, endTime=20:00, attendances=[]}
10:24:11.824 [main] DEBUG org.hibernate.resource.jdbc.internal.LogicalConnectionManagedImpl - Initiating JDBC connection release from afterTransaction
10:24:11.824 [main] DEBUG org.hibernate.resource.jdbc.internal.LogicalConnectionManagedImpl - Initiating JDBC connection release from afterTransaction
10:24:11.825 [main] DEBUG org.hibernate.engine.transaction.internal.TransactionImpl - On TransactionImpl creation, JpaCompliance#isJpaTransactionComplianceEnabled == false
10:24:11.825 [main] DEBUG org.hibernate.engine.transaction.internal.TransactionImpl - begin
10:24:11.825 [main] DEBUG org.hibernate.engine.spi.ActionQueue - Executing identity-insert immediately
10:24:11.825 [main] DEBUG org.hibernate.SQL - insert into team_members (email,first_name,last_name,is_leader,phone,skills,subteam_id,username,id) values (?,?,?,?,?,?,?,?,default)
10:24:11.826 [main] DEBUG org.hibernate.orm.results - Initializer list is empty
10:24:11.826 [main] DEBUG org.hibernate.orm.results.loading - Calling top-level assembler (0 / 1) : org.hibernate.sql.results.graph.basic.BasicResultAssembler@4e7215a3
10:24:11.826 [main] DEBUG org.hibernate.orm.results - Extracted JDBC value [0] - [139]
10:24:11.826 [main] DEBUG org.hibernate.id.IdentifierGeneratorHelper - Extracted generated values [org.frcpm.models.TeamMember]: [Ljava.lang.Object;@aaa9973
10:24:11.826 [main] DEBUG org.hibernate.event.internal.AbstractFlushingEventListener - Processing flush-time cascades
10:24:11.826 [main] DEBUG org.hibernate.event.internal.AbstractFlushingEventListener - Dirty checking collections
10:24:11.826 [main] DEBUG org.hibernate.engine.internal.Collections - Collection found: [org.frcpm.models.TeamMember.assignedTasks#139], was: [<unreferenced>] (initialized)
10:24:11.826 [main] DEBUG org.hibernate.engine.internal.Collections - Collection found: [org.frcpm.models.TeamMember.attendances#139], was: [<unreferenced>] (initialized)
10:24:11.826 [main] DEBUG org.hibernate.event.internal.AbstractFlushingEventListener - Flushed: 0 insertions, 0 updates, 0 deletions to 1 objects
10:24:11.826 [main] DEBUG org.hibernate.event.internal.AbstractFlushingEventListener - Flushed: 2 (re)creations, 0 updates, 0 removals to 2 collections
10:24:11.826 [main] DEBUG org.hibernate.internal.util.EntityPrinter - Listing entities:
10:24:11.826 [main] DEBUG org.hibernate.internal.util.EntityPrinter - org.frcpm.models.TeamMember{skills=null, firstName=Attendance, lastName=Test1, leader=false, subteam=null, phone=null, id=139, attendances=[], email=attendance1@example.com, assignedTasks=[], username=attendancetest1}
10:24:11.826 [main] DEBUG org.hibernate.engine.transaction.internal.TransactionImpl - committing
10:24:11.826 [main] DEBUG org.hibernate.event.internal.AbstractFlushingEventListener - Processing flush-time cascades
10:24:11.826 [main] DEBUG org.hibernate.event.internal.AbstractFlushingEventListener - Dirty checking collections
10:24:11.827 [main] DEBUG org.hibernate.engine.internal.Collections - Collection found: [org.frcpm.models.TeamMember.assignedTasks#139], was: [org.frcpm.models.TeamMember.assignedTasks#139] (initialized)
10:24:11.827 [main] DEBUG org.hibernate.engine.internal.Collections - Collection found: [org.frcpm.models.TeamMember.attendances#139], was: [org.frcpm.models.TeamMember.attendances#139] (initialized)
10:24:11.827 [main] DEBUG org.hibernate.event.internal.AbstractFlushingEventListener - Flushed: 0 insertions, 0 updates, 0 deletions to 1 objects
10:24:11.827 [main] DEBUG org.hibernate.event.internal.AbstractFlushingEventListener - Flushed: 0 (re)creations, 0 updates, 0 removals to 2 collections
10:24:11.827 [main] DEBUG org.hibernate.internal.util.EntityPrinter - Listing entities:
10:24:11.827 [main] DEBUG org.hibernate.internal.util.EntityPrinter - org.frcpm.models.TeamMember{skills=null, firstName=Attendance, lastName=Test1, leader=false, subteam=null, phone=null, id=139, attendances=[], email=attendance1@example.com, assignedTasks=[], username=attendancetest1}
10:24:11.827 [main] DEBUG org.hibernate.resource.jdbc.internal.LogicalConnectionManagedImpl - Initiating JDBC connection release from afterTransaction
10:24:11.827 [main] DEBUG org.hibernate.resource.jdbc.internal.LogicalConnectionManagedImpl - Initiating JDBC connection release from afterTransaction
10:24:11.827 [main] DEBUG org.hibernate.engine.transaction.internal.TransactionImpl - On TransactionImpl creation, JpaCompliance#isJpaTransactionComplianceEnabled == false
10:24:11.827 [main] DEBUG org.hibernate.engine.transaction.internal.TransactionImpl - begin
10:24:11.827 [main] DEBUG org.hibernate.engine.spi.ActionQueue - Executing identity-insert immediately
10:24:11.827 [main] DEBUG org.hibernate.SQL - insert into team_members (email,first_name,last_name,is_leader,phone,skills,subteam_id,username,id) values (?,?,?,?,?,?,?,?,default)
10:24:11.827 [main] DEBUG org.hibernate.orm.results - Initializer list is empty
10:24:11.827 [main] DEBUG org.hibernate.orm.results.loading - Calling top-level assembler (0 / 1) : org.hibernate.sql.results.graph.basic.BasicResultAssembler@3f72126c
10:24:11.827 [main] DEBUG org.hibernate.orm.results - Extracted JDBC value [0] - [140]
10:24:11.828 [main] DEBUG org.hibernate.id.IdentifierGeneratorHelper - Extracted generated values [org.frcpm.models.TeamMember]: [Ljava.lang.Object;@786f192b
10:24:11.828 [main] DEBUG org.hibernate.event.internal.AbstractFlushingEventListener - Processing flush-time cascades
10:24:11.828 [main] DEBUG org.hibernate.event.internal.AbstractFlushingEventListener - Dirty checking collections
10:24:11.828 [main] DEBUG org.hibernate.engine.internal.Collections - Collection found: [org.frcpm.models.TeamMember.assignedTasks#140], was: [<unreferenced>] (initialized)
10:24:11.828 [main] DEBUG org.hibernate.engine.internal.Collections - Collection found: [org.frcpm.models.TeamMember.attendances#140], was: [<unreferenced>] (initialized)
10:24:11.828 [main] DEBUG org.hibernate.event.internal.AbstractFlushingEventListener - Flushed: 0 insertions, 0 updates, 0 deletions to 1 objects
10:24:11.828 [main] DEBUG org.hibernate.event.internal.AbstractFlushingEventListener - Flushed: 2 (re)creations, 0 updates, 0 removals to 2 collections
10:24:11.828 [main] DEBUG org.hibernate.internal.util.EntityPrinter - Listing entities:
10:24:11.828 [main] DEBUG org.hibernate.internal.util.EntityPrinter - org.frcpm.models.TeamMember{skills=null, firstName=Attendance, lastName=Test2, leader=false, subteam=null, phone=null, id=140, attendances=[], email=attendance2@example.com, assignedTasks=[], username=attendancetest2}
10:24:11.828 [main] DEBUG org.hibernate.engine.transaction.internal.TransactionImpl - committing
10:24:11.828 [main] DEBUG org.hibernate.event.internal.AbstractFlushingEventListener - Processing flush-time cascades
10:24:11.828 [main] DEBUG org.hibernate.event.internal.AbstractFlushingEventListener - Dirty checking collections
10:24:11.828 [main] DEBUG org.hibernate.engine.internal.Collections - Collection found: [org.frcpm.models.TeamMember.assignedTasks#140], was: [org.frcpm.models.TeamMember.assignedTasks#140] (initialized)
10:24:11.828 [main] DEBUG org.hibernate.engine.internal.Collections - Collection found: [org.frcpm.models.TeamMember.attendances#140], was: [org.frcpm.models.TeamMember.attendances#140] (initialized)
10:24:11.828 [main] DEBUG org.hibernate.event.internal.AbstractFlushingEventListener - Flushed: 0 insertions, 0 updates, 0 deletions to 1 objects
10:24:11.828 [main] DEBUG org.hibernate.event.internal.AbstractFlushingEventListener - Flushed: 0 (re)creations, 0 updates, 0 removals to 2 collections
10:24:11.828 [main] DEBUG org.hibernate.internal.util.EntityPrinter - Listing entities:
10:24:11.828 [main] DEBUG org.hibernate.internal.util.EntityPrinter - org.frcpm.models.TeamMember{skills=null, firstName=Attendance, lastName=Test2, leader=false, subteam=null, phone=null, id=140, attendances=[], email=attendance2@example.com, assignedTasks=[], username=attendancetest2}
10:24:11.828 [main] DEBUG org.hibernate.resource.jdbc.internal.LogicalConnectionManagedImpl - Initiating JDBC connection release from afterTransaction
10:24:11.828 [main] DEBUG org.hibernate.resource.jdbc.internal.LogicalConnectionManagedImpl - Initiating JDBC connection release from afterTransaction
10:24:11.828 [main] DEBUG org.hibernate.engine.transaction.internal.TransactionImpl - On TransactionImpl creation, JpaCompliance#isJpaTransactionComplianceEnabled == false
10:24:11.828 [main] DEBUG org.hibernate.engine.transaction.internal.TransactionImpl - begin
10:24:11.828 [main] DEBUG org.hibernate.engine.spi.ActionQueue - Executing identity-insert immediately
10:24:11.828 [main] DEBUG org.hibernate.SQL - insert into attendances (arrival_time,departure_time,meeting_id,member_id,present,id) values (?,?,?,?,?,default)
10:24:11.829 [main] DEBUG org.hibernate.orm.results - Initializer list is empty
10:24:11.829 [main] DEBUG org.hibernate.orm.results.loading - Calling top-level assembler (0 / 1) : org.hibernate.sql.results.graph.basic.BasicResultAssembler@5715e1dd
10:24:11.829 [main] DEBUG org.hibernate.orm.results - Extracted JDBC value [0] - [82]
10:24:11.829 [main] DEBUG org.hibernate.id.IdentifierGeneratorHelper - Extracted generated values [org.frcpm.models.Attendance]: [Ljava.lang.Object;@4f2e5a0b
10:24:11.829 [main] DEBUG org.hibernate.event.internal.AbstractFlushingEventListener - Processing flush-time cascades
10:24:11.829 [main] DEBUG org.hibernate.event.internal.AbstractFlushingEventListener - Dirty checking collections
10:24:11.829 [main] DEBUG org.hibernate.event.internal.AbstractFlushingEventListener - Flushed: 0 insertions, 0 updates, 0 deletions to 1 objects
10:24:11.829 [main] DEBUG org.hibernate.event.internal.AbstractFlushingEventListener - Flushed: 0 (re)creations, 0 updates, 0 removals to 0 collections
10:24:11.829 [main] DEBUG org.hibernate.internal.util.EntityPrinter - Listing entities:
10:24:11.830 [main] DEBUG org.hibernate.internal.util.EntityPrinter - org.frcpm.models.Attendance{departureTime=20:00, arrivalTime=18:00, member=org.frcpm.models.TeamMember#139, id=82, present=true, meeting=org.frcpm.models.Meeting#91}
10:24:11.830 [main] DEBUG org.hibernate.engine.transaction.internal.TransactionImpl - committing
10:24:11.830 [main] DEBUG org.hibernate.event.internal.AbstractFlushingEventListener - Processing flush-time cascades
10:24:11.830 [main] DEBUG org.hibernate.event.internal.AbstractFlushingEventListener - Dirty checking collections
10:24:11.830 [main] DEBUG org.hibernate.event.internal.AbstractFlushingEventListener - Flushed: 0 insertions, 0 updates, 0 deletions to 1 objects
10:24:11.830 [main] DEBUG org.hibernate.event.internal.AbstractFlushingEventListener - Flushed: 0 (re)creations, 0 updates, 0 removals to 0 collections
10:24:11.830 [main] DEBUG org.hibernate.internal.util.EntityPrinter - Listing entities:
10:24:11.830 [main] DEBUG org.hibernate.internal.util.EntityPrinter - org.frcpm.models.Attendance{departureTime=20:00, arrivalTime=18:00, member=org.frcpm.models.TeamMember#139, id=82, present=true, meeting=org.frcpm.models.Meeting#91}
10:24:11.831 [main] DEBUG org.hibernate.resource.jdbc.internal.LogicalConnectionManagedImpl - Initiating JDBC connection release from afterTransaction
10:24:11.831 [main] DEBUG org.hibernate.resource.jdbc.internal.LogicalConnectionManagedImpl - Initiating JDBC connection release from afterTransaction
10:24:11.831 [main] DEBUG org.hibernate.engine.transaction.internal.TransactionImpl - On TransactionImpl creation, JpaCompliance#isJpaTransactionComplianceEnabled == false
10:24:11.831 [main] DEBUG org.hibernate.engine.transaction.internal.TransactionImpl - begin
10:24:11.831 [main] DEBUG org.hibernate.engine.spi.ActionQueue - Executing identity-insert immediately
10:24:11.831 [main] DEBUG org.hibernate.SQL - insert into attendances (arrival_time,departure_time,meeting_id,member_id,present,id) values (?,?,?,?,?,default)
10:24:11.833 [main] DEBUG org.hibernate.orm.results - Initializer list is empty
10:24:11.833 [main] DEBUG org.hibernate.orm.results.loading - Calling top-level assembler (0 / 1) : org.hibernate.sql.results.graph.basic.BasicResultAssembler@272df50f
10:24:11.833 [main] DEBUG org.hibernate.orm.results - Extracted JDBC value [0] - [83]
10:24:11.833 [main] DEBUG org.hibernate.id.IdentifierGeneratorHelper - Extracted generated values [org.frcpm.models.Attendance]: [Ljava.lang.Object;@682d5403
10:24:11.833 [main] DEBUG org.hibernate.event.internal.AbstractFlushingEventListener - Processing flush-time cascades
10:24:11.834 [main] DEBUG org.hibernate.event.internal.AbstractFlushingEventListener - Dirty checking collections
10:24:11.834 [main] DEBUG org.hibernate.event.internal.AbstractFlushingEventListener - Flushed: 0 insertions, 0 updates, 0 deletions to 1 objects
10:24:11.834 [main] DEBUG org.hibernate.event.internal.AbstractFlushingEventListener - Flushed: 0 (re)creations, 0 updates, 0 removals to 0 collections
10:24:11.834 [main] DEBUG org.hibernate.internal.util.EntityPrinter - Listing entities:
10:24:11.834 [main] DEBUG org.hibernate.internal.util.EntityPrinter - org.frcpm.models.Attendance{departureTime=null, arrivalTime=null, member=org.frcpm.models.TeamMember#140, id=83, present=false, meeting=org.frcpm.models.Meeting#91}
10:24:11.834 [main] DEBUG org.hibernate.engine.transaction.internal.TransactionImpl - committing
10:24:11.834 [main] DEBUG org.hibernate.event.internal.AbstractFlushingEventListener - Processing flush-time cascades
10:24:11.834 [main] DEBUG org.hibernate.event.internal.AbstractFlushingEventListener - Dirty checking collections
10:24:11.834 [main] DEBUG org.hibernate.event.internal.AbstractFlushingEventListener - Flushed: 0 insertions, 0 updates, 0 deletions to 1 objects
10:24:11.834 [main] DEBUG org.hibernate.event.internal.AbstractFlushingEventListener - Flushed: 0 (re)creations, 0 updates, 0 removals to 0 collections
10:24:11.834 [main] DEBUG org.hibernate.internal.util.EntityPrinter - Listing entities:
10:24:11.834 [main] DEBUG org.hibernate.internal.util.EntityPrinter - org.frcpm.models.Attendance{departureTime=null, arrivalTime=null, member=org.frcpm.models.TeamMember#140, id=83, present=false, meeting=org.frcpm.models.Meeting#91}
10:24:11.835 [main] DEBUG org.hibernate.resource.jdbc.internal.LogicalConnectionManagedImpl - Initiating JDBC connection release from afterTransaction
10:24:11.835 [main] DEBUG org.hibernate.resource.jdbc.internal.LogicalConnectionManagedImpl - Initiating JDBC connection release from afterTransaction
10:24:11.839 [main] DEBUG org.hibernate.orm.query.hql - HQL : SELECT a FROM Attendance a WHERE a.member = :member
10:24:12.076 [main] DEBUG org.hibernate.orm.query.hql.reservedWordAsIdentifier - Encountered use of reserved word as identifier : =
10:24:12.077 [main] DEBUG org.hibernate.orm.query.hql.reservedWordAsIdentifier - Encountered use of reserved word as identifier : <EOF>
10:24:12.117 [main] DEBUG org.hibernate.orm.query.sqm.creation - Applying inferable type to SqmExpression [SqmNamedParameter(member)] : null -> org.frcpm.models.Attendance#member(MANY_TO_ONE)
10:24:12.125 [main] DEBUG org.hibernate.orm.query.sqm.ast - SqmStatement Tree :
    -> [select]
      -> [query-spec]
        -> [select]
          -> [selection]
            -> [root] - `org.frcpm.models.Attendance(a)`
            <- [root] - `org.frcpm.models.Attendance(a)`
          <- [selection]
        <- [select]
        -> [from]
          -> [root] - `org.frcpm.models.Attendance(a)`
          <- [root] - `org.frcpm.models.Attendance(a)`
        <- [from]
        -> [where]
          -> [EQUAL]
              -> [entity-path] - `org.frcpm.models.Attendance(a).member`
              :member
          <- [EQUAL]
        <- [where]
      <- [query-spec]
    <- [select]

10:24:12.142 [main] DEBUG org.hibernate.orm.sql.ast.create - Created new SQL alias : a1_0
10:24:12.142 [main] DEBUG org.hibernate.orm.sql.ast.create - Registration of TableGroup [StandardTableGroup(org.frcpm.models.Attendance(a))] with identifierForTableGroup [org.frcpm.models.Attendance] for NavigablePath [org.frcpm.models.Attendance] 
10:24:12.142 [main] DEBUG org.hibernate.orm.sql.ast.create - Registration of TableGroup [org.hibernate.sql.ast.tree.from.LazyTableGroup@43c3bbf1] with identifierForTableGroup [org.frcpm.models.Attendance.meeting] for NavigablePath [org.frcpm.models.Attendance.meeting] 
10:24:12.142 [main] DEBUG org.hibernate.orm.sql.ast.create - Registration of TableGroup [org.hibernate.sql.ast.tree.from.LazyTableGroup@796b7d6c] with identifierForTableGroup [org.frcpm.models.Attendance.member] for NavigablePath [org.frcpm.models.Attendance.member] 
10:24:12.143 [main] DEBUG org.hibernate.orm.sql.ast.create - Registration of TableGroup [org.hibernate.sql.ast.tree.from.LazyTableGroup@257490d2] with identifierForTableGroup [org.frcpm.models.Attendance.member] for NavigablePath [org.frcpm.models.Attendance.member] 
10:24:12.143 [main] DEBUG org.hibernate.orm.sql.ast.create - Registration of TableGroup [org.hibernate.sql.ast.tree.from.LazyTableGroup@257490d2] for NavigablePath [org.frcpm.models.Attendance(a).member] overrode previous registration : org.hibernate.sql.ast.tree.from.LazyTableGroup@796b7d6c
10:24:12.143 [main] DEBUG org.hibernate.query.sqm.sql.BaseSqmToSqlAstConverter - Determining mapping-model type for SqmParameter : SqmNamedParameter(member)
10:24:12.144 [main] DEBUG org.hibernate.query.sqm.sql.BaseSqmToSqlAstConverter - Determining mapping-model type for SqmParameter : SqmNamedParameter(member)
10:24:12.144 [main] DEBUG org.hibernate.query.sqm.sql.BaseSqmToSqlAstConverter - Determining mapping-model type for SqmPath : SqmEntityValuedSimplePath(org.frcpm.models.Attendance(a).member) 
10:24:12.150 [main] DEBUG org.hibernate.orm.results.graph.AST - DomainResult Graph:
 \-EntityResultImpl [org.frcpm.models.Attendance(a)]
 |  +-BasicFetch [org.frcpm.models.Attendance(a).arrivalTime]
 |  +-BasicFetch [org.frcpm.models.Attendance(a).departureTime]
 |  +-CircularFetchImpl [org.frcpm.models.Attendance(a).meeting]
 |  +-CircularFetchImpl [org.frcpm.models.Attendance(a).member]
 |  \-BasicFetch [org.frcpm.models.Attendance(a).present]

10:24:12.150 [main] DEBUG org.hibernate.orm.sql.ast.tree - SQL AST Tree:
    SelectStatement {
      FromClause {
        StandardTableGroup (a1 : org.frcpm.models.Attendance(a)) {
          primaryTableReference : attendances as a1_0
          TableGroupJoins {
            left  join LazyTableGroup (m1 : org.frcpm.models.Attendance(a).meeting) {
            }
            left  join LazyTableGroup (m2 : org.frcpm.models.Attendance(a).member) {
            }
             join LazyTableGroup (m3 : org.frcpm.models.Attendance(a).member) {
            }
          }
        }
      }
    }

10:24:12.151 [main] DEBUG org.hibernate.orm.sql.exec - Skipping reading Query result cache data: cache-enabled = false, cache-mode = NORMAL
10:24:12.151 [main] DEBUG org.hibernate.orm.results - Initializer list:
	  org.frcpm.models.Attendance(a) -> EntityResultInitializer(org.frcpm.models.Attendance(a))@1093434206 (SingleTableEntityPersister(org.frcpm.models.Attendance))
	  org.frcpm.models.Attendance(a).meeting -> EntityDelayedFetchInitializer(org.frcpm.models.Attendance(a).meeting)@1606820947 (ToOneAttributeMapping(NavigableRole[org.frcpm.models.Attendance.meeting])@98357502)
	  org.frcpm.models.Attendance(a).member -> EntityDelayedFetchInitializer(org.frcpm.models.Attendance(a).member)@248953902 (ToOneAttributeMapping(NavigableRole[org.frcpm.models.Attendance.member])@738377761)

10:24:12.151 [main] DEBUG org.hibernate.SQL - select a1_0.id,a1_0.arrival_time,a1_0.departure_time,a1_0.meeting_id,a1_0.member_id,a1_0.present from attendances a1_0 where a1_0.member_id=?
10:24:12.152 [main] DEBUG org.hibernate.orm.results - Extracted JDBC value [0] - [82]
10:24:12.152 [main] DEBUG org.hibernate.orm.results.loading.entity - (EntityResultInitializer) Hydrated EntityKey (org.frcpm.models.Attendance(a)): 82
10:24:12.152 [main] DEBUG org.hibernate.orm.results.loading.entity - (EntityResultInitializer) Created new entity instance [org.frcpm.models.Attendance(a)#82] : 8513267
10:24:12.152 [main] DEBUG org.hibernate.orm.results - Extracted JDBC value [3] - [91]
10:24:12.152 [main] DEBUG org.hibernate.orm.results - Extracted JDBC value [4] - [139]
10:24:12.152 [main] DEBUG org.hibernate.orm.results - Extracted JDBC value [1] - [18:00]
10:24:12.153 [main] DEBUG org.hibernate.orm.results - Extracted JDBC value [2] - [20:00]
10:24:12.153 [main] DEBUG org.hibernate.orm.results - Extracted JDBC value [5] - [true]
10:24:12.153 [main] DEBUG org.hibernate.orm.results.loading.entity - (EntityResultInitializer) Done materializing entityInstance : org.frcpm.models.Attendance(a)#82
10:24:12.153 [main] DEBUG org.hibernate.orm.results.loading - Calling top-level assembler (0 / 1) : org.hibernate.sql.results.graph.entity.internal.EntityAssembler@7acf7bcf
10:24:12.153 [main] DEBUG org.hibernate.resource.jdbc.internal.LogicalConnectionManagedImpl - Initiating JDBC connection release from afterTransaction
10:24:12.153 [main] DEBUG org.hibernate.resource.jdbc.internal.LogicalConnectionManagedImpl - Initiating JDBC connection release from afterTransaction
10:24:12.154 [main] DEBUG org.hibernate.orm.query.hql - HQL : SELECT a FROM Attendance a WHERE a.meeting = :meeting
10:24:12.156 [main] DEBUG org.hibernate.orm.query.sqm.creation - Applying inferable type to SqmExpression [SqmNamedParameter(meeting)] : null -> org.frcpm.models.Attendance#meeting(MANY_TO_ONE)
10:24:12.156 [main] DEBUG org.hibernate.orm.query.sqm.ast - SqmStatement Tree :
    -> [select]
      -> [query-spec]
        -> [select]
          -> [selection]
            -> [root] - `org.frcpm.models.Attendance(a)`
            <- [root] - `org.frcpm.models.Attendance(a)`
          <- [selection]
        <- [select]
        -> [from]
          -> [root] - `org.frcpm.models.Attendance(a)`
          <- [root] - `org.frcpm.models.Attendance(a)`
        <- [from]
        -> [where]
          -> [EQUAL]
              -> [entity-path] - `org.frcpm.models.Attendance(a).meeting`
              :meeting
          <- [EQUAL]
        <- [where]
      <- [query-spec]
    <- [select]

10:24:12.156 [main] DEBUG org.hibernate.orm.sql.ast.create - Created new SQL alias : a1_0
10:24:12.156 [main] DEBUG org.hibernate.orm.sql.ast.create - Registration of TableGroup [StandardTableGroup(org.frcpm.models.Attendance(a))] with identifierForTableGroup [org.frcpm.models.Attendance] for NavigablePath [org.frcpm.models.Attendance] 
10:24:12.157 [main] DEBUG org.hibernate.orm.sql.ast.create - Registration of TableGroup [org.hibernate.sql.ast.tree.from.LazyTableGroup@6fa43cbf] with identifierForTableGroup [org.frcpm.models.Attendance.meeting] for NavigablePath [org.frcpm.models.Attendance.meeting] 
10:24:12.157 [main] DEBUG org.hibernate.orm.sql.ast.create - Registration of TableGroup [org.hibernate.sql.ast.tree.from.LazyTableGroup@2e407d06] with identifierForTableGroup [org.frcpm.models.Attendance.member] for NavigablePath [org.frcpm.models.Attendance.member] 
10:24:12.157 [main] DEBUG org.hibernate.orm.sql.ast.create - Registration of TableGroup [org.hibernate.sql.ast.tree.from.LazyTableGroup@5ad0c9bc] with identifierForTableGroup [org.frcpm.models.Attendance.meeting] for NavigablePath [org.frcpm.models.Attendance.meeting] 
10:24:12.157 [main] DEBUG org.hibernate.orm.sql.ast.create - Registration of TableGroup [org.hibernate.sql.ast.tree.from.LazyTableGroup@5ad0c9bc] for NavigablePath [org.frcpm.models.Attendance(a).meeting] overrode previous registration : org.hibernate.sql.ast.tree.from.LazyTableGroup@6fa43cbf
10:24:12.157 [main] DEBUG org.hibernate.query.sqm.sql.BaseSqmToSqlAstConverter - Determining mapping-model type for SqmParameter : SqmNamedParameter(meeting)
10:24:12.157 [main] DEBUG org.hibernate.query.sqm.sql.BaseSqmToSqlAstConverter - Determining mapping-model type for SqmParameter : SqmNamedParameter(meeting)
10:24:12.157 [main] DEBUG org.hibernate.query.sqm.sql.BaseSqmToSqlAstConverter - Determining mapping-model type for SqmPath : SqmEntityValuedSimplePath(org.frcpm.models.Attendance(a).meeting) 
10:24:12.157 [main] DEBUG org.hibernate.orm.results.graph.AST - DomainResult Graph:
 \-EntityResultImpl [org.frcpm.models.Attendance(a)]
 |  +-BasicFetch [org.frcpm.models.Attendance(a).arrivalTime]
 |  +-BasicFetch [org.frcpm.models.Attendance(a).departureTime]
 |  +-CircularFetchImpl [org.frcpm.models.Attendance(a).meeting]
 |  +-CircularFetchImpl [org.frcpm.models.Attendance(a).member]
 |  \-BasicFetch [org.frcpm.models.Attendance(a).present]

10:24:12.157 [main] DEBUG org.hibernate.orm.sql.ast.tree - SQL AST Tree:
    SelectStatement {
      FromClause {
        StandardTableGroup (a1 : org.frcpm.models.Attendance(a)) {
          primaryTableReference : attendances as a1_0
          TableGroupJoins {
            left  join LazyTableGroup (m1 : org.frcpm.models.Attendance(a).meeting) {
            }
            left  join LazyTableGroup (m2 : org.frcpm.models.Attendance(a).member) {
            }
             join LazyTableGroup (m3 : org.frcpm.models.Attendance(a).meeting) {
            }
          }
        }
      }
    }

10:24:12.157 [main] DEBUG org.hibernate.orm.sql.exec - Skipping reading Query result cache data: cache-enabled = false, cache-mode = NORMAL
10:24:12.157 [main] DEBUG org.hibernate.orm.results - Initializer list:
	  org.frcpm.models.Attendance(a) -> EntityResultInitializer(org.frcpm.models.Attendance(a))@519259887 (SingleTableEntityPersister(org.frcpm.models.Attendance))
	  org.frcpm.models.Attendance(a).meeting -> EntityDelayedFetchInitializer(org.frcpm.models.Attendance(a).meeting)@1882244675 (ToOneAttributeMapping(NavigableRole[org.frcpm.models.Attendance.meeting])@98357502)
	  org.frcpm.models.Attendance(a).member -> EntityDelayedFetchInitializer(org.frcpm.models.Attendance(a).member)@745630928 (ToOneAttributeMapping(NavigableRole[org.frcpm.models.Attendance.member])@738377761)

10:24:12.157 [main] DEBUG org.hibernate.SQL - select a1_0.id,a1_0.arrival_time,a1_0.departure_time,a1_0.meeting_id,a1_0.member_id,a1_0.present from attendances a1_0 where a1_0.meeting_id=?
10:24:12.158 [main] DEBUG org.hibernate.orm.results - Extracted JDBC value [0] - [82]
10:24:12.158 [main] DEBUG org.hibernate.orm.results.loading.entity - (EntityResultInitializer) Hydrated EntityKey (org.frcpm.models.Attendance(a)): 82
10:24:12.158 [main] DEBUG org.hibernate.orm.results.loading.entity - (EntityResultInitializer) Created new entity instance [org.frcpm.models.Attendance(a)#82] : 1478193829
10:24:12.158 [main] DEBUG org.hibernate.orm.results - Extracted JDBC value [3] - [91]
10:24:12.158 [main] DEBUG org.hibernate.orm.results - Extracted JDBC value [4] - [139]
10:24:12.158 [main] DEBUG org.hibernate.orm.results - Extracted JDBC value [1] - [18:00]
10:24:12.158 [main] DEBUG org.hibernate.orm.results - Extracted JDBC value [2] - [20:00]
10:24:12.158 [main] DEBUG org.hibernate.orm.results - Extracted JDBC value [5] - [true]
10:24:12.158 [main] DEBUG org.hibernate.orm.results.loading.entity - (EntityResultInitializer) Done materializing entityInstance : org.frcpm.models.Attendance(a)#82
10:24:12.158 [main] DEBUG org.hibernate.orm.results.loading - Calling top-level assembler (0 / 1) : org.hibernate.sql.results.graph.entity.internal.EntityAssembler@7fab829a
10:24:12.158 [main] DEBUG org.hibernate.orm.results - Extracted JDBC value [0] - [83]
10:24:12.158 [main] DEBUG org.hibernate.orm.results.loading.entity - (EntityResultInitializer) Hydrated EntityKey (org.frcpm.models.Attendance(a)): 83
10:24:12.158 [main] DEBUG org.hibernate.orm.results.loading.entity - (EntityResultInitializer) Created new entity instance [org.frcpm.models.Attendance(a)#83] : 804736450
10:24:12.158 [main] DEBUG org.hibernate.orm.results - Extracted JDBC value [3] - [91]
10:24:12.158 [main] DEBUG org.hibernate.orm.results - Extracted JDBC value [4] - [140]
10:24:12.158 [main] DEBUG org.hibernate.orm.results - Extracted JDBC value [1] - [null]
10:24:12.158 [main] DEBUG org.hibernate.orm.results - Extracted JDBC value [2] - [null]
10:24:12.158 [main] DEBUG org.hibernate.orm.results - Extracted JDBC value [5] - [false]
10:24:12.158 [main] DEBUG org.hibernate.orm.results.loading.entity - (EntityResultInitializer) Done materializing entityInstance : org.frcpm.models.Attendance(a)#83
10:24:12.158 [main] DEBUG org.hibernate.orm.results.loading - Calling top-level assembler (0 / 1) : org.hibernate.sql.results.graph.entity.internal.EntityAssembler@7fab829a
10:24:12.158 [main] DEBUG org.hibernate.resource.jdbc.internal.LogicalConnectionManagedImpl - Initiating JDBC connection release from afterTransaction
10:24:12.158 [main] DEBUG org.hibernate.resource.jdbc.internal.LogicalConnectionManagedImpl - Initiating JDBC connection release from afterTransaction
10:24:12.158 [main] DEBUG org.hibernate.engine.transaction.internal.TransactionImpl - On TransactionImpl creation, JpaCompliance#isJpaTransactionComplianceEnabled == false
10:24:12.158 [main] DEBUG org.hibernate.engine.transaction.internal.TransactionImpl - begin
10:24:12.167 [main] DEBUG org.hibernate.orm.sql.ast.create - Created new SQL alias : a1_0
10:24:12.167 [main] DEBUG org.hibernate.orm.sql.ast.create - Registration of TableGroup [StandardTableGroup(org.frcpm.models.Attendance)] with identifierForTableGroup [org.frcpm.models.Attendance] for NavigablePath [org.frcpm.models.Attendance] 
10:24:12.167 [main] DEBUG org.hibernate.orm.sql.ast.create - Registration of TableGroup [org.hibernate.sql.ast.tree.from.LazyTableGroup@b5d0e59] with identifierForTableGroup [org.frcpm.models.Attendance.meeting] for NavigablePath [org.frcpm.models.Attendance.meeting] 
10:24:12.167 [main] DEBUG org.hibernate.orm.sql.ast.create - Registration of TableGroup [org.hibernate.sql.ast.tree.from.LazyTableGroup@104770aa] with identifierForTableGroup [org.frcpm.models.Attendance.member] for NavigablePath [org.frcpm.models.Attendance.member] 
10:24:12.167 [main] DEBUG org.hibernate.orm.results.graph.AST - DomainResult Graph:
 \-EntityResultImpl [org.frcpm.models.Attendance]
 |  +-BasicFetch [org.frcpm.models.Attendance.arrivalTime]
 |  +-BasicFetch [org.frcpm.models.Attendance.departureTime]
 |  +-EntityDelayedFetchImpl [org.frcpm.models.Attendance.meeting]
 |  +-EntityDelayedFetchImpl [org.frcpm.models.Attendance.member]
 |  \-BasicFetch [org.frcpm.models.Attendance.present]

10:24:12.167 [main] DEBUG org.hibernate.orm.sql.ast.tree - SQL AST Tree:
    SelectStatement {
      FromClause {
        StandardTableGroup (a1 : org.frcpm.models.Attendance) {
          primaryTableReference : attendances as a1_0
          TableGroupJoins {
            left  join LazyTableGroup (m1 : org.frcpm.models.Attendance.meeting) {
            }
            left  join LazyTableGroup (m2 : org.frcpm.models.Attendance.member) {
            }
          }
        }
      }
    }

10:24:12.168 [main] DEBUG org.hibernate.orm.sql.exec - Skipping reading Query result cache data: cache-enabled = false, cache-mode = IGNORE
10:24:12.168 [main] DEBUG org.hibernate.orm.results - Initializer list:
	  org.frcpm.models.Attendance -> EntityResultInitializer(org.frcpm.models.Attendance)@2085144109 (SingleTableEntityPersister(org.frcpm.models.Attendance))
	  org.frcpm.models.Attendance.meeting -> EntityDelayedFetchInitializer(org.frcpm.models.Attendance.meeting)@1439536948 (ToOneAttributeMapping(NavigableRole[org.frcpm.models.Attendance.meeting])@98357502)
	  org.frcpm.models.Attendance.member -> EntityDelayedFetchInitializer(org.frcpm.models.Attendance.member)@941715677 (ToOneAttributeMapping(NavigableRole[org.frcpm.models.Attendance.member])@738377761)

10:24:12.168 [main] DEBUG org.hibernate.SQL - select a1_0.id,a1_0.arrival_time,a1_0.departure_time,a1_0.meeting_id,a1_0.member_id,a1_0.present from attendances a1_0 where a1_0.id=?
10:24:12.168 [main] DEBUG org.hibernate.orm.results.loading.entity - (EntityResultInitializer) Hydrated EntityKey (org.frcpm.models.Attendance): 82
10:24:12.168 [main] DEBUG org.hibernate.orm.results.loading.entity - (EntityResultInitializer) Created new entity instance [org.frcpm.models.Attendance#82] : 1505507968
10:24:12.168 [main] DEBUG org.hibernate.orm.results - Extracted JDBC value [3] - [91]
10:24:12.168 [main] DEBUG org.hibernate.orm.results - Extracted JDBC value [4] - [139]
10:24:12.169 [main] DEBUG org.hibernate.orm.results - Extracted JDBC value [1] - [18:00]
10:24:12.169 [main] DEBUG org.hibernate.orm.results - Extracted JDBC value [2] - [20:00]
10:24:12.169 [main] DEBUG org.hibernate.orm.results - Extracted JDBC value [5] - [true]
10:24:12.169 [main] DEBUG org.hibernate.orm.results.loading.entity - (EntityResultInitializer) Done materializing entityInstance : org.frcpm.models.Attendance#82
10:24:12.169 [main] DEBUG org.hibernate.orm.results.loading - Calling top-level assembler (0 / 1) : org.hibernate.sql.results.graph.entity.internal.EntityAssembler@6a280ef2
10:24:12.172 [main] DEBUG org.hibernate.engine.transaction.internal.TransactionImpl - committing
10:24:12.172 [main] DEBUG org.hibernate.event.internal.AbstractFlushingEventListener - Processing flush-time cascades
10:24:12.172 [main] DEBUG org.hibernate.event.internal.AbstractFlushingEventListener - Dirty checking collections
10:24:12.172 [main] DEBUG org.hibernate.event.internal.AbstractFlushingEventListener - Flushed: 0 insertions, 0 updates, 1 deletions to 1 objects
10:24:12.172 [main] DEBUG org.hibernate.event.internal.AbstractFlushingEventListener - Flushed: 0 (re)creations, 0 updates, 0 removals to 0 collections
10:24:12.172 [main] DEBUG org.hibernate.internal.util.EntityPrinter - Listing entities:
10:24:12.172 [main] DEBUG org.hibernate.internal.util.EntityPrinter - org.frcpm.models.Attendance{departureTime=20:00, arrivalTime=18:00, member=<uninitialized>, id=82, present=true, meeting=<uninitialized>}
10:24:12.176 [main] DEBUG org.hibernate.SQL - delete from attendances where id=?
10:24:12.183 [main] DEBUG org.hibernate.orm.jdbc.batch - PreparedStatementDetails did not contain PreparedStatement on #releaseStatements : delete from attendances where id=?
10:24:12.184 [main] DEBUG org.hibernate.orm.jdbc.batch - PreparedStatementDetails did not contain PreparedStatement on #releaseStatements : delete from attendances where id=?
10:24:12.184 [main] DEBUG org.hibernate.resource.jdbc.internal.LogicalConnectionManagedImpl - Initiating JDBC connection release from afterTransaction
10:24:12.184 [main] DEBUG org.hibernate.orm.jdbc.batch - PreparedStatementDetails did not contain PreparedStatement on #releaseStatements : delete from attendances where id=?
10:24:12.184 [main] DEBUG org.hibernate.orm.jdbc.batch - PreparedStatementDetails did not contain PreparedStatement on #releaseStatements : delete from attendances where id=?
10:24:12.184 [main] DEBUG org.hibernate.resource.jdbc.internal.LogicalConnectionManagedImpl - Initiating JDBC connection release from afterTransaction
10:24:12.184 [main] DEBUG org.hibernate.engine.jdbc.internal.JdbcCoordinatorImpl - HHH000420: Closing un-released batch
10:24:12.184 [main] DEBUG org.hibernate.orm.jdbc.batch - PreparedStatementDetails did not contain PreparedStatement on #releaseStatements : delete from attendances where id=?
10:24:12.184 [main] DEBUG org.hibernate.orm.jdbc.batch - PreparedStatementDetails did not contain PreparedStatement on #releaseStatements : delete from attendances where id=?
10:24:12.184 [main] DEBUG org.hibernate.engine.transaction.internal.TransactionImpl - On TransactionImpl creation, JpaCompliance#isJpaTransactionComplianceEnabled == false
10:24:12.184 [main] DEBUG org.hibernate.engine.transaction.internal.TransactionImpl - begin
10:24:12.184 [main] DEBUG org.hibernate.orm.sql.exec - Skipping reading Query result cache data: cache-enabled = false, cache-mode = IGNORE
10:24:12.184 [main] DEBUG org.hibernate.orm.results - Initializer list:
	  org.frcpm.models.Attendance -> EntityResultInitializer(org.frcpm.models.Attendance)@532029995 (SingleTableEntityPersister(org.frcpm.models.Attendance))
	  org.frcpm.models.Attendance.meeting -> EntityDelayedFetchInitializer(org.frcpm.models.Attendance.meeting)@263123854 (ToOneAttributeMapping(NavigableRole[org.frcpm.models.Attendance.meeting])@98357502)
	  org.frcpm.models.Attendance.member -> EntityDelayedFetchInitializer(org.frcpm.models.Attendance.member)@642281063 (ToOneAttributeMapping(NavigableRole[org.frcpm.models.Attendance.member])@738377761)

10:24:12.184 [main] DEBUG org.hibernate.SQL - select a1_0.id,a1_0.arrival_time,a1_0.departure_time,a1_0.meeting_id,a1_0.member_id,a1_0.present from attendances a1_0 where a1_0.id=?
10:24:12.184 [main] DEBUG org.hibernate.orm.results.loading.entity - (EntityResultInitializer) Hydrated EntityKey (org.frcpm.models.Attendance): 83
10:24:12.184 [main] DEBUG org.hibernate.orm.results.loading.entity - (EntityResultInitializer) Created new entity instance [org.frcpm.models.Attendance#83] : 27581317
10:24:12.184 [main] DEBUG org.hibernate.orm.results - Extracted JDBC value [3] - [91]
10:24:12.184 [main] DEBUG org.hibernate.orm.results - Extracted JDBC value [4] - [140]
10:24:12.184 [main] DEBUG org.hibernate.orm.results - Extracted JDBC value [1] - [null]
10:24:12.184 [main] DEBUG org.hibernate.orm.results - Extracted JDBC value [2] - [null]
10:24:12.184 [main] DEBUG org.hibernate.orm.results - Extracted JDBC value [5] - [false]
10:24:12.184 [main] DEBUG org.hibernate.orm.results.loading.entity - (EntityResultInitializer) Done materializing entityInstance : org.frcpm.models.Attendance#83
10:24:12.184 [main] DEBUG org.hibernate.orm.results.loading - Calling top-level assembler (0 / 1) : org.hibernate.sql.results.graph.entity.internal.EntityAssembler@647aa680
10:24:12.185 [main] DEBUG org.hibernate.engine.transaction.internal.TransactionImpl - committing
10:24:12.185 [main] DEBUG org.hibernate.event.internal.AbstractFlushingEventListener - Processing flush-time cascades
10:24:12.185 [main] DEBUG org.hibernate.event.internal.AbstractFlushingEventListener - Dirty checking collections
10:24:12.185 [main] DEBUG org.hibernate.event.internal.AbstractFlushingEventListener - Flushed: 0 insertions, 0 updates, 1 deletions to 1 objects
10:24:12.185 [main] DEBUG org.hibernate.event.internal.AbstractFlushingEventListener - Flushed: 0 (re)creations, 0 updates, 0 removals to 0 collections
10:24:12.185 [main] DEBUG org.hibernate.internal.util.EntityPrinter - Listing entities:
10:24:12.185 [main] DEBUG org.hibernate.internal.util.EntityPrinter - org.frcpm.models.Attendance{departureTime=null, arrivalTime=null, member=<uninitialized>, id=83, present=false, meeting=<uninitialized>}
10:24:12.185 [main] DEBUG org.hibernate.SQL - delete from attendances where id=?
10:24:12.185 [main] DEBUG org.hibernate.orm.jdbc.batch - PreparedStatementDetails did not contain PreparedStatement on #releaseStatements : delete from attendances where id=?
10:24:12.185 [main] DEBUG org.hibernate.orm.jdbc.batch - PreparedStatementDetails did not contain PreparedStatement on #releaseStatements : delete from attendances where id=?
10:24:12.185 [main] DEBUG org.hibernate.resource.jdbc.internal.LogicalConnectionManagedImpl - Initiating JDBC connection release from afterTransaction
10:24:12.185 [main] DEBUG org.hibernate.orm.jdbc.batch - PreparedStatementDetails did not contain PreparedStatement on #releaseStatements : delete from attendances where id=?
10:24:12.185 [main] DEBUG org.hibernate.orm.jdbc.batch - PreparedStatementDetails did not contain PreparedStatement on #releaseStatements : delete from attendances where id=?
10:24:12.185 [main] DEBUG org.hibernate.resource.jdbc.internal.LogicalConnectionManagedImpl - Initiating JDBC connection release from afterTransaction
10:24:12.185 [main] DEBUG org.hibernate.engine.jdbc.internal.JdbcCoordinatorImpl - HHH000420: Closing un-released batch
10:24:12.185 [main] DEBUG org.hibernate.orm.jdbc.batch - PreparedStatementDetails did not contain PreparedStatement on #releaseStatements : delete from attendances where id=?
10:24:12.185 [main] DEBUG org.hibernate.orm.jdbc.batch - PreparedStatementDetails did not contain PreparedStatement on #releaseStatements : delete from attendances where id=?
10:24:12.185 [main] DEBUG org.hibernate.engine.transaction.internal.TransactionImpl - On TransactionImpl creation, JpaCompliance#isJpaTransactionComplianceEnabled == false
10:24:12.185 [main] DEBUG org.hibernate.engine.transaction.internal.TransactionImpl - begin
10:24:12.185 [main] DEBUG org.hibernate.orm.sql.ast.create - Created new SQL alias : m1_0
10:24:12.185 [main] DEBUG org.hibernate.orm.sql.ast.create - Registration of TableGroup [StandardTableGroup(org.frcpm.models.Meeting)] with identifierForTableGroup [org.frcpm.models.Meeting] for NavigablePath [org.frcpm.models.Meeting] 
10:24:12.185 [main] DEBUG org.hibernate.orm.sql.ast.create - Registration of TableGroup [org.hibernate.sql.ast.tree.from.LazyTableGroup@23f13b32] with identifierForTableGroup [org.frcpm.models.Meeting.project] for NavigablePath [org.frcpm.models.Meeting.project] 
10:24:12.187 [main] DEBUG org.hibernate.orm.sql.ast.create - Created new SQL alias : a1_0
10:24:12.187 [main] DEBUG org.hibernate.orm.sql.ast.create - Registration of TableGroup [org.hibernate.sql.ast.tree.from.OneToManyTableGroup@30e603fe] with identifierForTableGroup [org.frcpm.models.Meeting.attendances] for NavigablePath [org.frcpm.models.Meeting.attendances] 
10:24:12.187 [main] DEBUG org.hibernate.orm.sql.ast.create - Registration of TableGroup [StandardTableGroup(org.frcpm.models.Meeting.attendances.{element})] with identifierForTableGroup [org.frcpm.models.Meeting.attendances.{element}] for NavigablePath [org.frcpm.models.Meeting.attendances.{element}] 
10:24:12.188 [main] DEBUG org.hibernate.orm.sql.ast.create - Registration of TableGroup [org.hibernate.sql.ast.tree.from.LazyTableGroup@69e2bbe0] with identifierForTableGroup [org.frcpm.models.Meeting.attendances.{element}.meeting] for NavigablePath [org.frcpm.models.Meeting.attendances.{element}.meeting] 
10:24:12.189 [main] DEBUG org.hibernate.orm.sql.ast.create - Registration of TableGroup [org.hibernate.sql.ast.tree.from.LazyTableGroup@20b5a2c7] with identifierForTableGroup [org.frcpm.models.Meeting.attendances.{element}.member] for NavigablePath [org.frcpm.models.Meeting.attendances.{element}.member] 
10:24:12.189 [main] DEBUG org.hibernate.orm.results.graph.AST - DomainResult Graph:
 \-EntityResultImpl [org.frcpm.models.Meeting]
 |  +-EagerCollectionFetch [org.frcpm.models.Meeting.attendances]
 |  |  \-EntityFetchJoinedImpl [org.frcpm.models.Meeting.attendances.{element}]
 |  +-BasicFetch [org.frcpm.models.Meeting.date]
 |  +-BasicFetch [org.frcpm.models.Meeting.endTime]
 |  +-BasicFetch [org.frcpm.models.Meeting.notes]
 |  +-EntityDelayedFetchImpl [org.frcpm.models.Meeting.project]
 |  \-BasicFetch [org.frcpm.models.Meeting.startTime]

10:24:12.189 [main] DEBUG org.hibernate.orm.sql.ast.tree - SQL AST Tree:
    SelectStatement {
      FromClause {
        StandardTableGroup (m1 : org.frcpm.models.Meeting) {
          primaryTableReference : meetings as m1_0
          TableGroupJoins {
            left  join LazyTableGroup (p1 : org.frcpm.models.Meeting.project) {
            }
            left  join OneToManyTableGroup (a1 : org.frcpm.models.Meeting.attendances) {
              primaryTableReference : attendances as a1_0
              TableGroupJoins {
                left  join LazyTableGroup (m2 : org.frcpm.models.Meeting.attendances.{element}.meeting) {
                }
                left  join LazyTableGroup (m3 : org.frcpm.models.Meeting.attendances.{element}.member) {
                }
              }
            }
          }
        }
      }
    }

10:24:12.190 [main] DEBUG org.hibernate.orm.sql.exec - Skipping reading Query result cache data: cache-enabled = false, cache-mode = IGNORE
10:24:12.197 [main] DEBUG org.hibernate.orm.results - Initializer list:
	  org.frcpm.models.Meeting -> EntityResultInitializer(org.frcpm.models.Meeting)@1565198068 (SingleTableEntityPersister(org.frcpm.models.Meeting))
	  org.frcpm.models.Meeting.attendances -> BagInitializer(org.frcpm.models.Meeting.attendances)@896967906 (PluralAttribute(org.frcpm.models.Meeting.attendances))
	  org.frcpm.models.Meeting.attendances.{element}.member -> EntityDelayedFetchInitializer(org.frcpm.models.Meeting.attendances.{element}.member)@1877856737 (ToOneAttributeMapping(NavigableRole[org.frcpm.models.Attendance.member])@738377761)
	  org.frcpm.models.Meeting.project -> EntityDelayedFetchInitializer(org.frcpm.models.Meeting.project)@376359562 (ToOneAttributeMapping(NavigableRole[org.frcpm.models.Meeting.project])@320279061)
	  org.frcpm.models.Meeting.attendances.{element} -> EntityJoinedFetchInitializer(org.frcpm.models.Meeting.attendances.{element})@331805985 (EntityCollectionPart(org.frcpm.models.Meeting.attendances#{element})@304438369)

10:24:12.197 [main] DEBUG org.hibernate.SQL - select m1_0.id,m1_0.date,m1_0.end_time,m1_0.notes,m1_0.project_id,m1_0.start_time,a1_0.meeting_id,a1_0.id,a1_0.arrival_time,a1_0.departure_time,a1_0.member_id,a1_0.present from meetings m1_0 left join attendances a1_0 on m1_0.id=a1_0.meeting_id where m1_0.id=?
10:24:12.199 [main] DEBUG org.hibernate.orm.results.loading.entity - (EntityResultInitializer) Hydrated EntityKey (org.frcpm.models.Meeting): 91
10:24:12.199 [main] DEBUG org.hibernate.orm.results.loading.org.hibernate.orm.results.loading.collection - (BagInitializer) Current row collection key : org.frcpm.models.Meeting.attendances#91
10:24:12.199 [main] DEBUG org.hibernate.orm.results - Extracted JDBC value [6] - [null]
10:24:12.199 [main] DEBUG org.hibernate.orm.results - Extracted JDBC value [7] - [null]
10:24:12.199 [main] DEBUG org.hibernate.orm.results.loading.entity - (EntityJoinedFetchInitializer) EntityKey (org.frcpm.models.Meeting.attendances.{element}) is null
10:24:12.199 [main] DEBUG org.hibernate.orm.results.loading.entity - (EntityResultInitializer) Created new entity instance [org.frcpm.models.Meeting#91] : 253708502
10:24:12.199 [main] DEBUG org.hibernate.orm.results.loading.org.hibernate.orm.results.loading.collection - (BagInitializer) Created new collection wrapper [org.frcpm.models.Meeting.attendances#91] : org.hibernate.collection.spi.PersistentBag@806992970
10:24:12.201 [main] DEBUG org.hibernate.orm.results.loading.org.hibernate.orm.results.loading.collection - (BagInitializer) Responsible for loading collection [org.frcpm.models.Meeting.attendances#91] : org.hibernate.collection.spi.PersistentBag@806992970
10:24:12.202 [main] DEBUG org.hibernate.orm.results - Extracted JDBC value [4] - [159]
10:24:12.202 [main] DEBUG org.hibernate.orm.results - Extracted JDBC value [1] - [2025-04-26]
10:24:12.202 [main] DEBUG org.hibernate.orm.results - Extracted JDBC value [2] - [20:00]
10:24:12.202 [main] DEBUG org.hibernate.orm.results - Extracted JDBC value [3] - [null]
10:24:12.202 [main] DEBUG org.hibernate.orm.results - Extracted JDBC value [5] - [18:00]
10:24:12.202 [main] DEBUG org.hibernate.orm.results.loading.entity - (EntityResultInitializer) Done materializing entityInstance : org.frcpm.models.Meeting#91
10:24:12.202 [main] DEBUG org.hibernate.orm.results.loading - Calling top-level assembler (0 / 1) : org.hibernate.sql.results.graph.entity.internal.EntityAssembler@773ebb6d
10:24:12.203 [main] DEBUG org.hibernate.sql.results.internal.ResultsHelper - Collection fully initialized: [org.frcpm.models.Meeting.attendances#91]
10:24:12.203 [main] DEBUG org.hibernate.engine.spi.CollectionEntry - Reset storedSnapshot to [] for CollectionEntry[org.frcpm.models.Meeting.attendances#91]
10:24:12.203 [main] DEBUG org.hibernate.engine.transaction.internal.TransactionImpl - committing
10:24:12.203 [main] DEBUG org.hibernate.event.internal.AbstractFlushingEventListener - Processing flush-time cascades
10:24:12.203 [main] DEBUG org.hibernate.event.internal.AbstractFlushingEventListener - Dirty checking collections
10:24:12.204 [main] DEBUG org.hibernate.engine.internal.Collections - Collection dereferenced: [org.frcpm.models.Meeting.attendances#91]
10:24:12.205 [main] DEBUG org.hibernate.event.internal.AbstractFlushingEventListener - Flushed: 0 insertions, 0 updates, 1 deletions to 1 objects
10:24:12.205 [main] DEBUG org.hibernate.event.internal.AbstractFlushingEventListener - Flushed: 0 (re)creations, 0 updates, 1 removals to 1 collections
10:24:12.205 [main] DEBUG org.hibernate.internal.util.EntityPrinter - Listing entities:
10:24:12.205 [main] DEBUG org.hibernate.internal.util.EntityPrinter - org.frcpm.models.Meeting{date=2025-04-26, notes=null, project=<uninitialized>, startTime=18:00, id=91, endTime=20:00, attendances=[]}
10:24:12.207 [main] DEBUG org.hibernate.SQL - delete from meetings where id=?
10:24:12.207 [main] DEBUG org.hibernate.orm.jdbc.batch - PreparedStatementDetails did not contain PreparedStatement on #releaseStatements : delete from meetings where id=?
10:24:12.207 [main] DEBUG org.hibernate.orm.jdbc.batch - PreparedStatementDetails did not contain PreparedStatement on #releaseStatements : delete from meetings where id=?
10:24:12.207 [main] DEBUG org.hibernate.resource.jdbc.internal.LogicalConnectionManagedImpl - Initiating JDBC connection release from afterTransaction
10:24:12.207 [main] DEBUG org.hibernate.orm.jdbc.batch - PreparedStatementDetails did not contain PreparedStatement on #releaseStatements : delete from meetings where id=?
10:24:12.207 [main] DEBUG org.hibernate.orm.jdbc.batch - PreparedStatementDetails did not contain PreparedStatement on #releaseStatements : delete from meetings where id=?
10:24:12.207 [main] DEBUG org.hibernate.resource.jdbc.internal.LogicalConnectionManagedImpl - Initiating JDBC connection release from afterTransaction
10:24:12.208 [main] DEBUG org.hibernate.engine.jdbc.internal.JdbcCoordinatorImpl - HHH000420: Closing un-released batch
10:24:12.208 [main] DEBUG org.hibernate.orm.jdbc.batch - PreparedStatementDetails did not contain PreparedStatement on #releaseStatements : delete from meetings where id=?
10:24:12.208 [main] DEBUG org.hibernate.orm.jdbc.batch - PreparedStatementDetails did not contain PreparedStatement on #releaseStatements : delete from meetings where id=?
10:24:12.208 [main] DEBUG org.hibernate.engine.transaction.internal.TransactionImpl - On TransactionImpl creation, JpaCompliance#isJpaTransactionComplianceEnabled == false
10:24:12.208 [main] DEBUG org.hibernate.engine.transaction.internal.TransactionImpl - begin
10:24:12.209 [main] DEBUG org.hibernate.orm.sql.ast.create - Created new SQL alias : tm1_0
10:24:12.209 [main] DEBUG org.hibernate.orm.sql.ast.create - Registration of TableGroup [StandardTableGroup(org.frcpm.models.TeamMember)] with identifierForTableGroup [org.frcpm.models.TeamMember] for NavigablePath [org.frcpm.models.TeamMember] 
10:24:12.209 [main] DEBUG org.hibernate.orm.sql.ast.create - Created new SQL alias : a1_0
10:24:12.209 [main] DEBUG org.hibernate.orm.sql.ast.create - Registration of TableGroup [org.hibernate.sql.ast.tree.from.OneToManyTableGroup@37d3415a] with identifierForTableGroup [org.frcpm.models.TeamMember.attendances] for NavigablePath [org.frcpm.models.TeamMember.attendances] 
10:24:12.209 [main] DEBUG org.hibernate.orm.sql.ast.create - Registration of TableGroup [StandardTableGroup(org.frcpm.models.TeamMember.attendances.{element})] with identifierForTableGroup [org.frcpm.models.TeamMember.attendances.{element}] for NavigablePath [org.frcpm.models.TeamMember.attendances.{element}] 
10:24:12.209 [main] DEBUG org.hibernate.orm.sql.ast.create - Registration of TableGroup [org.hibernate.sql.ast.tree.from.LazyTableGroup@5461b718] with identifierForTableGroup [org.frcpm.models.TeamMember.attendances.{element}.meeting] for NavigablePath [org.frcpm.models.TeamMember.attendances.{element}.meeting] 
10:24:12.209 [main] DEBUG org.hibernate.orm.sql.ast.create - Registration of TableGroup [org.hibernate.sql.ast.tree.from.LazyTableGroup@25469b3c] with identifierForTableGroup [org.frcpm.models.TeamMember.attendances.{element}.member] for NavigablePath [org.frcpm.models.TeamMember.attendances.{element}.member] 
10:24:12.209 [main] DEBUG org.hibernate.orm.sql.ast.create - Registration of TableGroup [org.hibernate.sql.ast.tree.from.LazyTableGroup@51326836] with identifierForTableGroup [org.frcpm.models.TeamMember.subteam] for NavigablePath [org.frcpm.models.TeamMember.subteam] 
10:24:12.209 [main] DEBUG org.hibernate.orm.results.graph.AST - DomainResult Graph:
 \-EntityResultImpl [org.frcpm.models.TeamMember]
 |  +-DelayedCollectionFetch [org.frcpm.models.TeamMember.assignedTasks]
 |  +-EagerCollectionFetch [org.frcpm.models.TeamMember.attendances]
 |  |  \-EntityFetchJoinedImpl [org.frcpm.models.TeamMember.attendances.{element}]
 |  +-BasicFetch [org.frcpm.models.TeamMember.email]
 |  +-BasicFetch [org.frcpm.models.TeamMember.firstName]
 |  +-BasicFetch [org.frcpm.models.TeamMember.lastName]
 |  +-BasicFetch [org.frcpm.models.TeamMember.leader]
 |  +-BasicFetch [org.frcpm.models.TeamMember.phone]
 |  +-BasicFetch [org.frcpm.models.TeamMember.skills]
 |  +-EntityDelayedFetchImpl [org.frcpm.models.TeamMember.subteam]
 |  \-BasicFetch [org.frcpm.models.TeamMember.username]

10:24:12.209 [main] DEBUG org.hibernate.orm.sql.ast.tree - SQL AST Tree:
    SelectStatement {
      FromClause {
        StandardTableGroup (tm1 : org.frcpm.models.TeamMember) {
          primaryTableReference : team_members as tm1_0
          TableGroupJoins {
            left  join OneToManyTableGroup (a1 : org.frcpm.models.TeamMember.attendances) {
              primaryTableReference : attendances as a1_0
              TableGroupJoins {
                left  join LazyTableGroup (m1 : org.frcpm.models.TeamMember.attendances.{element}.meeting) {
                }
                left  join LazyTableGroup (m2 : org.frcpm.models.TeamMember.attendances.{element}.member) {
                }
              }
            }
            left  join LazyTableGroup (s1 : org.frcpm.models.TeamMember.subteam) {
            }
          }
        }
      }
    }

10:24:12.209 [main] DEBUG org.hibernate.orm.sql.exec - Skipping reading Query result cache data: cache-enabled = false, cache-mode = IGNORE
10:24:12.212 [main] DEBUG org.hibernate.orm.results - Initializer list:
	  org.frcpm.models.TeamMember.subteam -> EntityDelayedFetchInitializer(org.frcpm.models.TeamMember.subteam)@991681209 (ToOneAttributeMapping(NavigableRole[org.frcpm.models.TeamMember.subteam])@1143917207)
	  org.frcpm.models.TeamMember.attendances.{element} -> EntityJoinedFetchInitializer(org.frcpm.models.TeamMember.attendances.{element})@289894353 (EntityCollectionPart(org.frcpm.models.TeamMember.attendances#{element})@347237314)
	  org.frcpm.models.TeamMember.assignedTasks -> DelayedCollectionInitializer(org.frcpm.models.TeamMember.assignedTasks)@1590913388 (PluralAttribute(org.frcpm.models.TeamMember.assignedTasks))
	  org.frcpm.models.TeamMember.attendances.{element}.meeting -> EntityDelayedFetchInitializer(org.frcpm.models.TeamMember.attendances.{element}.meeting)@997768733 (ToOneAttributeMapping(NavigableRole[org.frcpm.models.Attendance.meeting])@98357502)
	  org.frcpm.models.TeamMember -> EntityResultInitializer(org.frcpm.models.TeamMember)@300640068 (SingleTableEntityPersister(org.frcpm.models.TeamMember))
	  org.frcpm.models.TeamMember.attendances -> SetInitializer(org.frcpm.models.TeamMember.attendances)@369156800 (PluralAttribute(org.frcpm.models.TeamMember.attendances))

10:24:12.212 [main] DEBUG org.hibernate.SQL - select tm1_0.id,a1_0.member_id,a1_0.id,a1_0.arrival_time,a1_0.departure_time,a1_0.meeting_id,a1_0.present,tm1_0.email,tm1_0.first_name,tm1_0.last_name,tm1_0.is_leader,tm1_0.phone,tm1_0.skills,tm1_0.subteam_id,tm1_0.username from team_members tm1_0 left join attendances a1_0 on tm1_0.id=a1_0.member_id where tm1_0.id=?
10:24:12.212 [main] DEBUG org.hibernate.orm.results.loading.entity - (EntityResultInitializer) Hydrated EntityKey (org.frcpm.models.TeamMember): 139
10:24:12.212 [main] DEBUG org.hibernate.orm.results.loading.org.hibernate.orm.results.loading.collection - (SetInitializer) Current row collection key : org.frcpm.models.TeamMember.attendances#139
10:24:12.212 [main] DEBUG org.hibernate.orm.results - Extracted JDBC value [1] - [null]
10:24:12.212 [main] DEBUG org.hibernate.orm.results - Extracted JDBC value [2] - [null]
10:24:12.212 [main] DEBUG org.hibernate.orm.results.loading.entity - (EntityJoinedFetchInitializer) EntityKey (org.frcpm.models.TeamMember.attendances.{element}) is null
10:24:12.212 [main] DEBUG org.hibernate.orm.results.loading.org.hibernate.orm.results.loading.collection - (DelayedCollectionInitializer) Current row collection key : org.frcpm.models.TeamMember.assignedTasks#139
10:24:12.212 [main] DEBUG org.hibernate.orm.results.loading.entity - (EntityResultInitializer) Created new entity instance [org.frcpm.models.TeamMember#139] : 1731213027
10:24:12.212 [main] DEBUG org.hibernate.orm.results.loading.org.hibernate.orm.results.loading.collection - (SetInitializer) Created new collection wrapper [org.frcpm.models.TeamMember.attendances#139] : org.hibernate.collection.spi.PersistentSet@1314508765
10:24:12.212 [main] DEBUG org.hibernate.orm.results.loading.org.hibernate.orm.results.loading.collection - (SetInitializer) Responsible for loading collection [org.frcpm.models.TeamMember.attendances#139] : org.hibernate.collection.spi.PersistentSet@1314508765
10:24:12.212 [main] DEBUG org.hibernate.orm.results - Extracted JDBC value [13] - [null]
10:24:12.212 [main] DEBUG org.hibernate.orm.results - Extracted JDBC value [7] - [attendance1@example.com]
10:24:12.212 [main] DEBUG org.hibernate.orm.results - Extracted JDBC value [8] - [Attendance]
10:24:12.212 [main] DEBUG org.hibernate.orm.results - Extracted JDBC value [9] - [Test1]
10:24:12.212 [main] DEBUG org.hibernate.orm.results - Extracted JDBC value [10] - [false]
10:24:12.212 [main] DEBUG org.hibernate.orm.results - Extracted JDBC value [11] - [null]
10:24:12.212 [main] DEBUG org.hibernate.orm.results - Extracted JDBC value [12] - [null]
10:24:12.212 [main] DEBUG org.hibernate.orm.results - Extracted JDBC value [14] - [attendancetest1]
10:24:12.212 [main] DEBUG org.hibernate.orm.results.loading.entity - (EntityResultInitializer) Done materializing entityInstance : org.frcpm.models.TeamMember#139
10:24:12.212 [main] DEBUG org.hibernate.orm.results.loading - Calling top-level assembler (0 / 1) : org.hibernate.sql.results.graph.entity.internal.EntityAssembler@3e28dace
10:24:12.213 [main] DEBUG org.hibernate.sql.results.internal.ResultsHelper - Collection fully initialized: [org.frcpm.models.TeamMember.attendances#139]
10:24:12.214 [main] DEBUG org.hibernate.engine.spi.CollectionEntry - Reset storedSnapshot to {} for CollectionEntry[org.frcpm.models.TeamMember.assignedTasks#139]
10:24:12.214 [main] DEBUG org.hibernate.engine.spi.CollectionEntry - Reset storedSnapshot to {} for CollectionEntry[org.frcpm.models.TeamMember.attendances#139]
10:24:12.214 [main] DEBUG org.hibernate.engine.transaction.internal.TransactionImpl - committing
10:24:12.214 [main] DEBUG org.hibernate.event.internal.AbstractFlushingEventListener - Processing flush-time cascades
10:24:12.214 [main] DEBUG org.hibernate.event.internal.AbstractFlushingEventListener - Dirty checking collections
10:24:12.214 [main] DEBUG org.hibernate.engine.internal.Collections - Collection dereferenced: [org.frcpm.models.TeamMember.assignedTasks#139]
10:24:12.214 [main] DEBUG org.hibernate.engine.internal.Collections - Collection dereferenced: [org.frcpm.models.TeamMember.attendances#139]
10:24:12.215 [main] DEBUG org.hibernate.event.internal.AbstractFlushingEventListener - Flushed: 0 insertions, 0 updates, 1 deletions to 1 objects
10:24:12.215 [main] DEBUG org.hibernate.event.internal.AbstractFlushingEventListener - Flushed: 0 (re)creations, 0 updates, 2 removals to 2 collections
10:24:12.215 [main] DEBUG org.hibernate.internal.util.EntityPrinter - Listing entities:
10:24:12.215 [main] DEBUG org.hibernate.internal.util.EntityPrinter - org.frcpm.models.TeamMember{skills=null, firstName=Attendance, lastName=Test1, leader=false, subteam=null, phone=null, id=139, attendances=[], email=attendance1@example.com, assignedTasks=<uninitialized>, username=attendancetest1}
10:24:12.215 [main] DEBUG org.hibernate.SQL - delete from team_members where id=?
10:24:12.216 [main] DEBUG org.hibernate.orm.jdbc.batch - PreparedStatementDetails did not contain PreparedStatement on #releaseStatements : delete from team_members where id=?
10:24:12.216 [main] DEBUG org.hibernate.orm.jdbc.batch - PreparedStatementDetails did not contain PreparedStatement on #releaseStatements : delete from team_members where id=?
10:24:12.216 [main] DEBUG org.hibernate.resource.jdbc.internal.LogicalConnectionManagedImpl - Initiating JDBC connection release from afterTransaction
10:24:12.216 [main] DEBUG org.hibernate.orm.jdbc.batch - PreparedStatementDetails did not contain PreparedStatement on #releaseStatements : delete from team_members where id=?
10:24:12.216 [main] DEBUG org.hibernate.orm.jdbc.batch - PreparedStatementDetails did not contain PreparedStatement on #releaseStatements : delete from team_members where id=?
10:24:12.216 [main] DEBUG org.hibernate.resource.jdbc.internal.LogicalConnectionManagedImpl - Initiating JDBC connection release from afterTransaction
10:24:12.216 [main] DEBUG org.hibernate.engine.jdbc.internal.JdbcCoordinatorImpl - HHH000420: Closing un-released batch
10:24:12.216 [main] DEBUG org.hibernate.orm.jdbc.batch - PreparedStatementDetails did not contain PreparedStatement on #releaseStatements : delete from team_members where id=?
10:24:12.216 [main] DEBUG org.hibernate.orm.jdbc.batch - PreparedStatementDetails did not contain PreparedStatement on #releaseStatements : delete from team_members where id=?
10:24:12.216 [main] DEBUG org.hibernate.engine.transaction.internal.TransactionImpl - On TransactionImpl creation, JpaCompliance#isJpaTransactionComplianceEnabled == false
10:24:12.216 [main] DEBUG org.hibernate.engine.transaction.internal.TransactionImpl - begin
10:24:12.216 [main] DEBUG org.hibernate.orm.sql.exec - Skipping reading Query result cache data: cache-enabled = false, cache-mode = IGNORE
10:24:12.217 [main] DEBUG org.hibernate.orm.results - Initializer list:
	  org.frcpm.models.TeamMember.subteam -> EntityDelayedFetchInitializer(org.frcpm.models.TeamMember.subteam)@824741884 (ToOneAttributeMapping(NavigableRole[org.frcpm.models.TeamMember.subteam])@1143917207)
	  org.frcpm.models.TeamMember.attendances.{element} -> EntityJoinedFetchInitializer(org.frcpm.models.TeamMember.attendances.{element})@496853619 (EntityCollectionPart(org.frcpm.models.TeamMember.attendances#{element})@347237314)
	  org.frcpm.models.TeamMember.assignedTasks -> DelayedCollectionInitializer(org.frcpm.models.TeamMember.assignedTasks)@1250782258 (PluralAttribute(org.frcpm.models.TeamMember.assignedTasks))
	  org.frcpm.models.TeamMember.attendances.{element}.meeting -> EntityDelayedFetchInitializer(org.frcpm.models.TeamMember.attendances.{element}.meeting)@1442656685 (ToOneAttributeMapping(NavigableRole[org.frcpm.models.Attendance.meeting])@98357502)
	  org.frcpm.models.TeamMember -> EntityResultInitializer(org.frcpm.models.TeamMember)@551486337 (SingleTableEntityPersister(org.frcpm.models.TeamMember))
	  org.frcpm.models.TeamMember.attendances -> SetInitializer(org.frcpm.models.TeamMember.attendances)@1453814547 (PluralAttribute(org.frcpm.models.TeamMember.attendances))

10:24:12.217 [main] DEBUG org.hibernate.SQL - select tm1_0.id,a1_0.member_id,a1_0.id,a1_0.arrival_time,a1_0.departure_time,a1_0.meeting_id,a1_0.present,tm1_0.email,tm1_0.first_name,tm1_0.last_name,tm1_0.is_leader,tm1_0.phone,tm1_0.skills,tm1_0.subteam_id,tm1_0.username from team_members tm1_0 left join attendances a1_0 on tm1_0.id=a1_0.member_id where tm1_0.id=?
10:24:12.217 [main] DEBUG org.hibernate.orm.results.loading.entity - (EntityResultInitializer) Hydrated EntityKey (org.frcpm.models.TeamMember): 140
10:24:12.217 [main] DEBUG org.hibernate.orm.results.loading.org.hibernate.orm.results.loading.collection - (SetInitializer) Current row collection key : org.frcpm.models.TeamMember.attendances#140
10:24:12.217 [main] DEBUG org.hibernate.orm.results - Extracted JDBC value [1] - [null]
10:24:12.217 [main] DEBUG org.hibernate.orm.results - Extracted JDBC value [2] - [null]
10:24:12.217 [main] DEBUG org.hibernate.orm.results.loading.entity - (EntityJoinedFetchInitializer) EntityKey (org.frcpm.models.TeamMember.attendances.{element}) is null
10:24:12.217 [main] DEBUG org.hibernate.orm.results.loading.org.hibernate.orm.results.loading.collection - (DelayedCollectionInitializer) Current row collection key : org.frcpm.models.TeamMember.assignedTasks#140
10:24:12.224 [main] DEBUG org.hibernate.orm.results.loading.entity - (EntityResultInitializer) Created new entity instance [org.frcpm.models.TeamMember#140] : 331190254
10:24:12.224 [main] DEBUG org.hibernate.orm.results.loading.org.hibernate.orm.results.loading.collection - (SetInitializer) Created new collection wrapper [org.frcpm.models.TeamMember.attendances#140] : org.hibernate.collection.spi.PersistentSet@1516885396
10:24:12.224 [main] DEBUG org.hibernate.orm.results.loading.org.hibernate.orm.results.loading.collection - (SetInitializer) Responsible for loading collection [org.frcpm.models.TeamMember.attendances#140] : org.hibernate.collection.spi.PersistentSet@1516885396
10:24:12.224 [main] DEBUG org.hibernate.orm.results - Extracted JDBC value [13] - [null]
10:24:12.224 [main] DEBUG org.hibernate.orm.results - Extracted JDBC value [7] - [attendance2@example.com]
10:24:12.224 [main] DEBUG org.hibernate.orm.results - Extracted JDBC value [8] - [Attendance]
10:24:12.224 [main] DEBUG org.hibernate.orm.results - Extracted JDBC value [9] - [Test2]
10:24:12.224 [main] DEBUG org.hibernate.orm.results - Extracted JDBC value [10] - [false]
10:24:12.224 [main] DEBUG org.hibernate.orm.results - Extracted JDBC value [11] - [null]
10:24:12.224 [main] DEBUG org.hibernate.orm.results - Extracted JDBC value [12] - [null]
10:24:12.224 [main] DEBUG org.hibernate.orm.results - Extracted JDBC value [14] - [attendancetest2]
10:24:12.224 [main] DEBUG org.hibernate.orm.results.loading.entity - (EntityResultInitializer) Done materializing entityInstance : org.frcpm.models.TeamMember#140
10:24:12.225 [main] DEBUG org.hibernate.orm.results.loading - Calling top-level assembler (0 / 1) : org.hibernate.sql.results.graph.entity.internal.EntityAssembler@23c6d607
10:24:12.225 [main] DEBUG org.hibernate.sql.results.internal.ResultsHelper - Collection fully initialized: [org.frcpm.models.TeamMember.attendances#140]
10:24:12.225 [main] DEBUG org.hibernate.engine.spi.CollectionEntry - Reset storedSnapshot to {} for CollectionEntry[org.frcpm.models.TeamMember.assignedTasks#140]
10:24:12.225 [main] DEBUG org.hibernate.engine.spi.CollectionEntry - Reset storedSnapshot to {} for CollectionEntry[org.frcpm.models.TeamMember.attendances#140]
10:24:12.226 [main] DEBUG org.hibernate.engine.transaction.internal.TransactionImpl - committing
10:24:12.226 [main] DEBUG org.hibernate.event.internal.AbstractFlushingEventListener - Processing flush-time cascades
10:24:12.226 [main] DEBUG org.hibernate.event.internal.AbstractFlushingEventListener - Dirty checking collections
10:24:12.226 [main] DEBUG org.hibernate.engine.internal.Collections - Collection dereferenced: [org.frcpm.models.TeamMember.assignedTasks#140]
10:24:12.226 [main] DEBUG org.hibernate.engine.internal.Collections - Collection dereferenced: [org.frcpm.models.TeamMember.attendances#140]
10:24:12.226 [main] DEBUG org.hibernate.event.internal.AbstractFlushingEventListener - Flushed: 0 insertions, 0 updates, 1 deletions to 1 objects
10:24:12.226 [main] DEBUG org.hibernate.event.internal.AbstractFlushingEventListener - Flushed: 0 (re)creations, 0 updates, 2 removals to 2 collections
10:24:12.226 [main] DEBUG org.hibernate.internal.util.EntityPrinter - Listing entities:
10:24:12.227 [main] DEBUG org.hibernate.internal.util.EntityPrinter - org.frcpm.models.TeamMember{skills=null, firstName=Attendance, lastName=Test2, leader=false, subteam=null, phone=null, id=140, attendances=[], email=attendance2@example.com, assignedTasks=<uninitialized>, username=attendancetest2}
10:24:12.227 [main] DEBUG org.hibernate.SQL - delete from team_members where id=?
10:24:12.228 [main] DEBUG org.hibernate.orm.jdbc.batch - PreparedStatementDetails did not contain PreparedStatement on #releaseStatements : delete from team_members where id=?
10:24:12.229 [main] DEBUG org.hibernate.orm.jdbc.batch - PreparedStatementDetails did not contain PreparedStatement on #releaseStatements : delete from team_members where id=?
10:24:12.229 [main] DEBUG org.hibernate.resource.jdbc.internal.LogicalConnectionManagedImpl - Initiating JDBC connection release from afterTransaction
10:24:12.229 [main] DEBUG org.hibernate.orm.jdbc.batch - PreparedStatementDetails did not contain PreparedStatement on #releaseStatements : delete from team_members where id=?
10:24:12.229 [main] DEBUG org.hibernate.orm.jdbc.batch - PreparedStatementDetails did not contain PreparedStatement on #releaseStatements : delete from team_members where id=?
10:24:12.229 [main] DEBUG org.hibernate.resource.jdbc.internal.LogicalConnectionManagedImpl - Initiating JDBC connection release from afterTransaction
10:24:12.229 [main] DEBUG org.hibernate.engine.jdbc.internal.JdbcCoordinatorImpl - HHH000420: Closing un-released batch
10:24:12.229 [main] DEBUG org.hibernate.orm.jdbc.batch - PreparedStatementDetails did not contain PreparedStatement on #releaseStatements : delete from team_members where id=?
10:24:12.229 [main] DEBUG org.hibernate.orm.jdbc.batch - PreparedStatementDetails did not contain PreparedStatement on #releaseStatements : delete from team_members where id=?
10:24:12.229 [main] DEBUG org.hibernate.engine.transaction.internal.TransactionImpl - On TransactionImpl creation, JpaCompliance#isJpaTransactionComplianceEnabled == false
10:24:12.229 [main] DEBUG org.hibernate.engine.transaction.internal.TransactionImpl - begin
10:24:12.230 [main] DEBUG org.hibernate.orm.sql.ast.create - Created new SQL alias : p1_0
10:24:12.230 [main] DEBUG org.hibernate.orm.sql.ast.create - Registration of TableGroup [StandardTableGroup(org.frcpm.models.Project)] with identifierForTableGroup [org.frcpm.models.Project] for NavigablePath [org.frcpm.models.Project] 
10:24:12.231 [main] DEBUG org.hibernate.orm.sql.ast.create - Created new SQL alias : m1_0
10:24:12.231 [main] DEBUG org.hibernate.orm.sql.ast.create - Registration of TableGroup [org.hibernate.sql.ast.tree.from.OneToManyTableGroup@585b81c1] with identifierForTableGroup [org.frcpm.models.Project.meetings] for NavigablePath [org.frcpm.models.Project.meetings] 
10:24:12.231 [main] DEBUG org.hibernate.orm.sql.ast.create - Registration of TableGroup [StandardTableGroup(org.frcpm.models.Project.meetings.{element})] with identifierForTableGroup [org.frcpm.models.Project.meetings.{element}] for NavigablePath [org.frcpm.models.Project.meetings.{element}] 
10:24:12.231 [main] DEBUG org.hibernate.orm.sql.ast.create - Registration of TableGroup [org.hibernate.sql.ast.tree.from.LazyTableGroup@4c0a2a2b] with identifierForTableGroup [org.frcpm.models.Project.meetings.{element}.project] for NavigablePath [org.frcpm.models.Project.meetings.{element}.project] 
10:24:12.233 [main] DEBUG org.hibernate.orm.results.graph.AST - DomainResult Graph:
 \-EntityResultImpl [org.frcpm.models.Project]
 |  +-BasicFetch [org.frcpm.models.Project.description]
 |  +-BasicFetch [org.frcpm.models.Project.goalEndDate]
 |  +-BasicFetch [org.frcpm.models.Project.hardDeadline]
 |  +-EagerCollectionFetch [org.frcpm.models.Project.meetings]
 |  |  \-EntityFetchJoinedImpl [org.frcpm.models.Project.meetings.{element}]
 |  +-SelectEagerCollectionFetch [org.frcpm.models.Project.milestones]
 |  +-BasicFetch [org.frcpm.models.Project.name]
 |  +-BasicFetch [org.frcpm.models.Project.startDate]
 |  \-SelectEagerCollectionFetch [org.frcpm.models.Project.tasks]

10:24:12.233 [main] DEBUG org.hibernate.orm.sql.ast.tree - SQL AST Tree:
    SelectStatement {
      FromClause {
        StandardTableGroup (p1 : org.frcpm.models.Project) {
          primaryTableReference : projects as p1_0
          TableGroupJoins {
            left  join OneToManyTableGroup (m1 : org.frcpm.models.Project.meetings) {
              primaryTableReference : meetings as m1_0
              TableGroupJoins {
                left  join LazyTableGroup (p2 : org.frcpm.models.Project.meetings.{element}.project) {
                }
              }
            }
          }
        }
      }
    }

10:24:12.234 [main] DEBUG org.hibernate.orm.sql.exec - Skipping reading Query result cache data: cache-enabled = false, cache-mode = IGNORE
10:24:12.235 [main] DEBUG org.hibernate.orm.results - Initializer list:
	  org.frcpm.models.Project.meetings -> BagInitializer(org.frcpm.models.Project.meetings)@1958578507 (PluralAttribute(org.frcpm.models.Project.meetings))
	  org.frcpm.models.Project.tasks -> SelectEagerCollectionInitializer(org.frcpm.models.Project.tasks)@1970426845 (PluralAttribute(org.frcpm.models.Project.tasks))
	  org.frcpm.models.Project.meetings.{element} -> EntityJoinedFetchInitializer(org.frcpm.models.Project.meetings.{element})@825789074 (EntityCollectionPart(org.frcpm.models.Project.meetings#{element})@641359090)
	  org.frcpm.models.Project.meetings.{element}.attendances -> SelectEagerCollectionInitializer(org.frcpm.models.Project.meetings.{element}.attendances)@1054174895 (PluralAttribute(org.frcpm.models.Meeting.attendances))
	  org.frcpm.models.Project -> EntityResultInitializer(org.frcpm.models.Project)@1507733011 (SingleTableEntityPersister(org.frcpm.models.Project))
	  org.frcpm.models.Project.milestones -> SelectEagerCollectionInitializer(org.frcpm.models.Project.milestones)@751260576 (PluralAttribute(org.frcpm.models.Project.milestones))

10:24:12.235 [main] DEBUG org.hibernate.SQL - select p1_0.id,p1_0.description,p1_0.goal_end_date,p1_0.hard_deadline,p1_0.name,p1_0.start_date,m1_0.project_id,m1_0.id,m1_0.date,m1_0.end_time,m1_0.notes,m1_0.start_time from projects p1_0 left join meetings m1_0 on p1_0.id=m1_0.project_id where p1_0.id=?
10:24:12.236 [main] DEBUG org.hibernate.orm.results.loading.entity - (EntityResultInitializer) Hydrated EntityKey (org.frcpm.models.Project): 159
10:24:12.236 [main] DEBUG org.hibernate.orm.results.loading.org.hibernate.orm.results.loading.collection - (BagInitializer) Current row collection key : org.frcpm.models.Project.meetings#159
10:24:12.236 [main] DEBUG org.hibernate.orm.results - Extracted JDBC value [6] - [null]
10:24:12.236 [main] DEBUG org.hibernate.orm.results - Extracted JDBC value [7] - [null]
10:24:12.236 [main] DEBUG org.hibernate.orm.results.loading.entity - (EntityJoinedFetchInitializer) EntityKey (org.frcpm.models.Project.meetings.{element}) is null
10:24:12.236 [main] DEBUG org.hibernate.orm.results.loading.org.hibernate.orm.results.loading.collection - (SelectEagerCollectionInitializer) Current row collection key : org.frcpm.models.Project.milestones#159
10:24:12.236 [main] DEBUG org.hibernate.orm.results.loading.org.hibernate.orm.results.loading.collection - (SelectEagerCollectionInitializer) Current row collection key : org.frcpm.models.Project.tasks#159
10:24:12.236 [main] DEBUG org.hibernate.orm.results.loading.entity - (EntityResultInitializer) Created new entity instance [org.frcpm.models.Project#159] : 1709042604
10:24:12.236 [main] DEBUG org.hibernate.orm.results.loading.org.hibernate.orm.results.loading.collection - (BagInitializer) Created new collection wrapper [org.frcpm.models.Project.meetings#159] : org.hibernate.collection.spi.PersistentBag@1938947812
10:24:12.236 [main] DEBUG org.hibernate.orm.results.loading.org.hibernate.orm.results.loading.collection - (BagInitializer) Responsible for loading collection [org.frcpm.models.Project.meetings#159] : org.hibernate.collection.spi.PersistentBag@1938947812
10:24:12.237 [main] DEBUG org.hibernate.orm.results - Extracted JDBC value [1] - [null]
10:24:12.237 [main] DEBUG org.hibernate.orm.results - Extracted JDBC value [2] - [2025-06-06]
10:24:12.237 [main] DEBUG org.hibernate.orm.results - Extracted JDBC value [3] - [2025-06-20]
10:24:12.237 [main] DEBUG org.hibernate.orm.results - Extracted JDBC value [4] - [Test Attendance Project]
10:24:12.237 [main] DEBUG org.hibernate.orm.results - Extracted JDBC value [5] - [2025-04-25]
10:24:12.237 [main] DEBUG org.hibernate.orm.results.loading.entity - (EntityResultInitializer) Done materializing entityInstance : org.frcpm.models.Project#159
10:24:12.237 [main] DEBUG org.hibernate.orm.results.loading - Calling top-level assembler (0 / 1) : org.hibernate.sql.results.graph.entity.internal.EntityAssembler@41fbbc4b
10:24:12.237 [main] DEBUG org.hibernate.sql.results.internal.ResultsHelper - Collection fully initialized: [org.frcpm.models.Project.meetings#159]
10:24:12.239 [main] DEBUG org.hibernate.orm.sql.exec - Skipping reading Query result cache data: cache-enabled = false, cache-mode = IGNORE
10:24:12.239 [main] DEBUG org.hibernate.orm.results - Initializer list:
	  org.frcpm.models.Project.tasks.{element}.assignedTo -> DelayedCollectionInitializer(org.frcpm.models.Project.tasks.{element}.assignedTo)@2105678809 (PluralAttribute(org.frcpm.models.Task.assignedTo))
	  org.frcpm.models.Project.tasks.{element}.postDependencies -> DelayedCollectionInitializer(org.frcpm.models.Project.tasks.{element}.postDependencies)@1893187155 (PluralAttribute(org.frcpm.models.Task.postDependencies))
	  org.frcpm.models.Project.tasks.{element} -> EntityJoinedFetchInitializer(org.frcpm.models.Project.tasks.{element})@2145336702 (EntityCollectionPart(org.frcpm.models.Project.tasks#{element})@376440316)
	  org.frcpm.models.Project.tasks.{element}.requiredComponents -> DelayedCollectionInitializer(org.frcpm.models.Project.tasks.{element}.requiredComponents)@2076280888 (PluralAttribute(org.frcpm.models.Task.requiredComponents))
	  org.frcpm.models.Project.tasks.{element}.project -> EntityDelayedFetchInitializer(org.frcpm.models.Project.tasks.{element}.project)@917083189 (ToOneAttributeMapping(NavigableRole[org.frcpm.models.Task.project])@815496019)
	  org.frcpm.models.Project.tasks.{element}.subsystem -> EntityDelayedFetchInitializer(org.frcpm.models.Project.tasks.{element}.subsystem)@642963289 (ToOneAttributeMapping(NavigableRole[org.frcpm.models.Task.subsystem])@1361386467)
	  org.frcpm.models.Project.tasks.{element}.preDependencies -> DelayedCollectionInitializer(org.frcpm.models.Project.tasks.{element}.preDependencies)@735524302 (PluralAttribute(org.frcpm.models.Task.preDependencies))
	  org.frcpm.models.Project.tasks -> BagInitializer(org.frcpm.models.Project.tasks)@1090359812 (PluralAttribute(org.frcpm.models.Project.tasks))

10:24:12.240 [main] DEBUG org.hibernate.SQL - select t1_0.project_id,t1_0.id,t1_0.actual_duration_seconds,t1_0.completed,t1_0.description,t1_0.end_date,t1_0.estimated_duration_seconds,t1_0.priority,t1_0.progress,t1_0.start_date,t1_0.subsystem_id,t1_0.title from tasks t1_0 where t1_0.project_id=?
10:24:12.241 [main] DEBUG org.hibernate.sql.results.internal.ResultsHelper - Collection fully initialized: [org.frcpm.models.Project.tasks#159]
10:24:12.241 [main] DEBUG org.hibernate.orm.sql.exec - Skipping reading Query result cache data: cache-enabled = false, cache-mode = IGNORE
10:24:12.241 [main] DEBUG org.hibernate.orm.results - Initializer list:
	  org.frcpm.models.Project.milestones.{element}.project -> EntityDelayedFetchInitializer(org.frcpm.models.Project.milestones.{element}.project)@458077974 (ToOneAttributeMapping(NavigableRole[org.frcpm.models.Milestone.project])@931953609)
	  org.frcpm.models.Project.milestones.{element} -> EntityJoinedFetchInitializer(org.frcpm.models.Project.milestones.{element})@1821915104 (EntityCollectionPart(org.frcpm.models.Project.milestones#{element})@1364597528)
	  org.frcpm.models.Project.milestones -> BagInitializer(org.frcpm.models.Project.milestones)@659944227 (PluralAttribute(org.frcpm.models.Project.milestones))

10:24:12.241 [main] DEBUG org.hibernate.SQL - select m1_0.project_id,m1_0.id,m1_0.date,m1_0.description,m1_0.name from milestones m1_0 where m1_0.project_id=?
10:24:12.242 [main] DEBUG org.hibernate.sql.results.internal.ResultsHelper - Collection fully initialized: [org.frcpm.models.Project.milestones#159]
10:24:12.242 [main] DEBUG org.hibernate.engine.spi.CollectionEntry - Reset storedSnapshot to [] for CollectionEntry[org.frcpm.models.Project.meetings#159]
10:24:12.242 [main] DEBUG org.hibernate.engine.spi.CollectionEntry - Reset storedSnapshot to [] for CollectionEntry[org.frcpm.models.Project.milestones#159]
10:24:12.242 [main] DEBUG org.hibernate.engine.spi.CollectionEntry - Reset storedSnapshot to [] for CollectionEntry[org.frcpm.models.Project.tasks#159]
10:24:12.242 [main] DEBUG org.hibernate.engine.transaction.internal.TransactionImpl - committing
10:24:12.242 [main] DEBUG org.hibernate.event.internal.AbstractFlushingEventListener - Processing flush-time cascades
10:24:12.242 [main] DEBUG org.hibernate.event.internal.AbstractFlushingEventListener - Dirty checking collections
10:24:12.243 [main] DEBUG org.hibernate.engine.internal.Collections - Collection dereferenced: [org.frcpm.models.Project.meetings#159]
10:24:12.243 [main] DEBUG org.hibernate.engine.internal.Collections - Collection dereferenced: [org.frcpm.models.Project.milestones#159]
10:24:12.243 [main] DEBUG org.hibernate.engine.internal.Collections - Collection dereferenced: [org.frcpm.models.Project.tasks#159]
10:24:12.243 [main] DEBUG org.hibernate.event.internal.AbstractFlushingEventListener - Flushed: 0 insertions, 0 updates, 1 deletions to 1 objects
10:24:12.243 [main] DEBUG org.hibernate.event.internal.AbstractFlushingEventListener - Flushed: 0 (re)creations, 0 updates, 3 removals to 3 collections
10:24:12.243 [main] DEBUG org.hibernate.internal.util.EntityPrinter - Listing entities:
10:24:12.243 [main] DEBUG org.hibernate.internal.util.EntityPrinter - org.frcpm.models.Project{hardDeadline=2025-06-20, name=Test Attendance Project, description=null, meetings=[], id=159, goalEndDate=2025-06-06, milestones=[], startDate=2025-04-25, tasks=[]}
10:24:12.244 [main] DEBUG org.hibernate.SQL - delete from projects where id=?
10:24:12.244 [main] DEBUG org.hibernate.orm.jdbc.batch - PreparedStatementDetails did not contain PreparedStatement on #releaseStatements : delete from projects where id=?
10:24:12.245 [main] DEBUG org.hibernate.orm.jdbc.batch - PreparedStatementDetails did not contain PreparedStatement on #releaseStatements : delete from projects where id=?
10:24:12.245 [main] DEBUG org.hibernate.resource.jdbc.internal.LogicalConnectionManagedImpl - Initiating JDBC connection release from afterTransaction
10:24:12.245 [main] DEBUG org.hibernate.orm.jdbc.batch - PreparedStatementDetails did not contain PreparedStatement on #releaseStatements : delete from projects where id=?
10:24:12.245 [main] DEBUG org.hibernate.orm.jdbc.batch - PreparedStatementDetails did not contain PreparedStatement on #releaseStatements : delete from projects where id=?
10:24:12.245 [main] DEBUG org.hibernate.resource.jdbc.internal.LogicalConnectionManagedImpl - Initiating JDBC connection release from afterTransaction
10:24:12.245 [main] DEBUG org.hibernate.engine.jdbc.internal.JdbcCoordinatorImpl - HHH000420: Closing un-released batch
10:24:12.245 [main] DEBUG org.hibernate.orm.jdbc.batch - PreparedStatementDetails did not contain PreparedStatement on #releaseStatements : delete from projects where id=?
10:24:12.245 [main] DEBUG org.hibernate.orm.jdbc.batch - PreparedStatementDetails did not contain PreparedStatement on #releaseStatements : delete from projects where id=?
10:24:12.245 [main] DEBUG org.hibernate.internal.SessionFactoryImpl - HHH000031: Closing
10:24:12.245 [main] DEBUG org.hibernate.type.spi.TypeConfiguration$Scope - Un-scoping TypeConfiguration [org.hibernate.type.spi.TypeConfiguration$Scope@37f2f6b8] from SessionFactory [org.hibernate.internal.SessionFactoryImpl@19f03a01]
10:24:12.245 [main] DEBUG org.hibernate.service.internal.AbstractServiceRegistryImpl - Implicitly destroying ServiceRegistry on de-registration of all child ServiceRegistries
10:24:12.245 [main] INFO com.zaxxer.hikari.HikariDataSource - FRC-PM-HikariCP - Shutdown initiated...
10:24:12.245 [main] DEBUG com.zaxxer.hikari.pool.HikariPool - FRC-PM-HikariCP - Before shutdown stats (total=2, active=0, idle=2, waiting=0)
10:24:12.246 [FRC-PM-HikariCP connection closer] DEBUG com.zaxxer.hikari.pool.PoolBase - FRC-PM-HikariCP - Closing connection conn4: url=jdbc:h2:file:C:\Users\dhiebert\.frcpm\frcpm user=SA: (connection evicted)
10:24:12.247 [FRC-PM-HikariCP connection closer] DEBUG com.zaxxer.hikari.pool.PoolBase - FRC-PM-HikariCP - Closing connection conn5: url=jdbc:h2:file:C:\Users\dhiebert\.frcpm\frcpm user=SA: (connection evicted)
10:24:12.455 [main] DEBUG com.zaxxer.hikari.pool.HikariPool - FRC-PM-HikariCP - After shutdown stats (total=0, active=0, idle=0, waiting=0)
10:24:12.455 [main] INFO com.zaxxer.hikari.HikariDataSource - FRC-PM-HikariCP - Shutdown completed.
10:24:12.455 [main] DEBUG org.hibernate.boot.registry.internal.BootstrapServiceRegistryImpl - Implicitly destroying Boot-strap registry on de-registration of all child ServiceRegistries
]]></system-out>
    <system-err><![CDATA[Apr 25, 2025 10:24:12 AM org.frcpm.config.DatabaseConfig shutdown
INFO: Database configuration shut down
]]></system-err>
  </testcase>
  <testcase name="testFindByPresent" classname="org.frcpm.repositories.AttendanceRepositoryTest" time="0.627">
    <system-out><![CDATA[10:24:12.461 [main] DEBUG org.hibernate.jpa.HibernatePersistenceProvider - Located and parsed 1 persistence units; checking each
10:24:12.461 [main] DEBUG org.hibernate.jpa.HibernatePersistenceProvider - Checking persistence-unit [name=frcpm, explicit-provider=org.hibernate.jpa.HibernatePersistenceProvider] against incoming persistence unit name [frcpm]
10:24:12.461 [main] DEBUG org.hibernate.jpa.boot.spi.ProviderChecker - Persistence-unit [frcpm] requested PersistenceProvider [org.hibernate.jpa.HibernatePersistenceProvider]
10:24:12.461 [main] DEBUG org.hibernate.jpa.internal.util.LogHelper - PersistenceUnitInfo [
	name: frcpm
	persistence provider classname: org.hibernate.jpa.HibernatePersistenceProvider
	classloader: null
	excludeUnlistedClasses: false
	JTA datasource: null
	Non JTA datasource: null
	Transaction type: RESOURCE_LOCAL
	PU root URL: file:/C:/Users/dhiebert/Local%20Repositories/Project%20Management%202.0/target/classes
	Shared Cache Mode: null
	Validation Mode: null
	Jar files URLs []
	Managed classes names [
		org.frcpm.models.Project
		org.frcpm.models.Subteam
		org.frcpm.models.TeamMember
		org.frcpm.models.Subsystem
		org.frcpm.models.Task
		org.frcpm.models.Component
		org.frcpm.models.Meeting
		org.frcpm.models.Attendance
		org.frcpm.models.Milestone]
	Mapping files names []
	Properties [
		hibernate.connection.handling_mode: DELAYED_ACQUISITION_AND_RELEASE_AFTER_STATEMENT
		jakarta.persistence.jdbc.url: jdbc:h2:file:C:\Users\dhiebert\.frcpm\frcpm
		hibernate.jdbc.batch_versioned_data: null
		hibernate.cache.use_second_level_cache: null
		hibernate.show_sql: null
		jakarta.persistence.jdbc.driver: org.h2.Driver
		hibernate.jdbc.batch_size: 30
		jakarta.persistence.jdbc.user: sa
		hibernate.generate_statistics: null
		hibernate.hbm2ddl.auto: update
		hibernate.cache.use_query_cache: null
		hibernate.hikari.maximumPoolSize: 10
		hibernate.hikari.idleTimeout: 30000
		hibernate.format_sql: null
		hibernate.hikari.minimumIdle: 2
		hibernate.use_sql_comments: null
		hibernate.order_inserts: null
		hibernate.current_session_context_class: thread
		hibernate.connection.provider_class: org.hibernate.hikaricp.internal.HikariCPConnectionProvider
		hibernate.hikari.connectionTimeout: 10000
		hibernate.hikari.poolName: FRC-PM-HikariCP
		hibernate.order_updates: null
		hibernate.dialect: org.hibernate.dialect.H2Dialect
		jakarta.persistence.jdbc.password: ]
10:24:12.461 [main] DEBUG org.hibernate.integrator.internal.IntegratorServiceImpl - Adding Integrator [org.hibernate.boot.beanvalidation.BeanValidationIntegrator].
10:24:12.461 [main] DEBUG org.hibernate.integrator.internal.IntegratorServiceImpl - Adding Integrator [org.hibernate.cache.internal.CollectionCacheInvalidator].
10:24:12.469 [main] DEBUG org.hibernate.orm.idgen.factory - Ignoring CDI for resolving IdentifierGenerator instances as extended or delayed CDI support was enabled
10:24:12.469 [main] DEBUG org.hibernate.orm.idgen.factory - Registering IdentifierGenerator strategy [uuid2] -> [org.hibernate.id.UUIDGenerator]
10:24:12.469 [main] DEBUG org.hibernate.orm.idgen.factory - Registering IdentifierGenerator strategy [guid] -> [org.hibernate.id.GUIDGenerator]
10:24:12.469 [main] DEBUG org.hibernate.orm.idgen.factory - Registering IdentifierGenerator strategy [uuid] -> [org.hibernate.id.UUIDHexGenerator]
10:24:12.469 [main] DEBUG org.hibernate.orm.idgen.factory - Registering IdentifierGenerator strategy [uuid.hex] -> [org.hibernate.id.UUIDHexGenerator]
10:24:12.469 [main] DEBUG org.hibernate.orm.idgen.factory - Registering IdentifierGenerator strategy [assigned] -> [org.hibernate.id.Assigned]
10:24:12.469 [main] DEBUG org.hibernate.orm.idgen.factory - Registering IdentifierGenerator strategy [identity] -> [org.hibernate.id.IdentityGenerator]
10:24:12.469 [main] DEBUG org.hibernate.orm.idgen.factory - Registering IdentifierGenerator strategy [select] -> [org.hibernate.id.SelectGenerator]
10:24:12.469 [main] DEBUG org.hibernate.orm.idgen.factory - Registering IdentifierGenerator strategy [sequence] -> [org.hibernate.id.enhanced.SequenceStyleGenerator]
10:24:12.469 [main] DEBUG org.hibernate.orm.idgen.factory - Registering IdentifierGenerator strategy [increment] -> [org.hibernate.id.IncrementGenerator]
10:24:12.469 [main] DEBUG org.hibernate.orm.idgen.factory - Registering IdentifierGenerator strategy [foreign] -> [org.hibernate.id.ForeignGenerator]
10:24:12.469 [main] DEBUG org.hibernate.orm.idgen.factory - Registering IdentifierGenerator strategy [enhanced-sequence] -> [org.hibernate.id.enhanced.SequenceStyleGenerator]
10:24:12.469 [main] DEBUG org.hibernate.orm.idgen.factory - Registering IdentifierGenerator strategy [enhanced-table] -> [org.hibernate.id.enhanced.TableGenerator]
10:24:12.469 [main] INFO org.hibernate.cache.internal.RegionFactoryInitiator - HHH000026: Second-level cache disabled
10:24:12.469 [main] DEBUG org.hibernate.type.BasicTypeRegistry - Adding type registration boolean -> org.hibernate.type.BasicTypeReference@2f4919b0
10:24:12.469 [main] DEBUG org.hibernate.type.BasicTypeRegistry - Adding type registration boolean -> org.hibernate.type.BasicTypeReference@2f4919b0
10:24:12.469 [main] DEBUG org.hibernate.type.BasicTypeRegistry - Adding type registration java.lang.Boolean -> org.hibernate.type.BasicTypeReference@2f4919b0
10:24:12.469 [main] DEBUG org.hibernate.type.BasicTypeRegistry - Adding type registration numeric_boolean -> org.hibernate.type.BasicTypeReference@a8a8b75
10:24:12.469 [main] DEBUG org.hibernate.type.BasicTypeRegistry - Adding type registration org.hibernate.type.NumericBooleanConverter -> org.hibernate.type.BasicTypeReference@a8a8b75
10:24:12.469 [main] DEBUG org.hibernate.type.BasicTypeRegistry - Adding type registration true_false -> org.hibernate.type.BasicTypeReference@75b21c3b
10:24:12.469 [main] DEBUG org.hibernate.type.BasicTypeRegistry - Adding type registration org.hibernate.type.TrueFalseConverter -> org.hibernate.type.BasicTypeReference@75b21c3b
10:24:12.469 [main] DEBUG org.hibernate.type.BasicTypeRegistry - Adding type registration yes_no -> org.hibernate.type.BasicTypeReference@72be135f
10:24:12.469 [main] DEBUG org.hibernate.type.BasicTypeRegistry - Adding type registration org.hibernate.type.YesNoConverter -> org.hibernate.type.BasicTypeReference@72be135f
10:24:12.469 [main] DEBUG org.hibernate.type.BasicTypeRegistry - Adding type registration byte -> org.hibernate.type.BasicTypeReference@155d1021
10:24:12.469 [main] DEBUG org.hibernate.type.BasicTypeRegistry - Adding type registration byte -> org.hibernate.type.BasicTypeReference@155d1021
10:24:12.469 [main] DEBUG org.hibernate.type.BasicTypeRegistry - Adding type registration java.lang.Byte -> org.hibernate.type.BasicTypeReference@155d1021
10:24:12.469 [main] DEBUG org.hibernate.type.BasicTypeRegistry - Adding type registration binary -> org.hibernate.type.BasicTypeReference@4bd2f0dc
10:24:12.469 [main] DEBUG org.hibernate.type.BasicTypeRegistry - Adding type registration byte[] -> org.hibernate.type.BasicTypeReference@4bd2f0dc
10:24:12.469 [main] DEBUG org.hibernate.type.BasicTypeRegistry - Adding type registration [B -> org.hibernate.type.BasicTypeReference@4bd2f0dc
10:24:12.469 [main] DEBUG org.hibernate.type.BasicTypeRegistry - Adding type registration binary_wrapper -> org.hibernate.type.BasicTypeReference@2e647e59
10:24:12.469 [main] DEBUG org.hibernate.type.BasicTypeRegistry - Adding type registration wrapper-binary -> org.hibernate.type.BasicTypeReference@2e647e59
10:24:12.469 [main] DEBUG org.hibernate.type.BasicTypeRegistry - Adding type registration image -> org.hibernate.type.BasicTypeReference@2c42b421
10:24:12.469 [main] DEBUG org.hibernate.type.BasicTypeRegistry - Adding type registration blob -> org.hibernate.type.BasicTypeReference@51e37590
10:24:12.469 [main] DEBUG org.hibernate.type.BasicTypeRegistry - Adding type registration java.sql.Blob -> org.hibernate.type.BasicTypeReference@51e37590
10:24:12.469 [main] DEBUG org.hibernate.type.BasicTypeRegistry - Adding type registration materialized_blob -> org.hibernate.type.BasicTypeReference@deb3b60
10:24:12.469 [main] DEBUG org.hibernate.type.BasicTypeRegistry - Adding type registration materialized_blob_wrapper -> org.hibernate.type.BasicTypeReference@701a32
10:24:12.469 [main] DEBUG org.hibernate.type.BasicTypeRegistry - Adding type registration short -> org.hibernate.type.BasicTypeReference@39aa45a1
10:24:12.469 [main] DEBUG org.hibernate.type.BasicTypeRegistry - Adding type registration short -> org.hibernate.type.BasicTypeReference@39aa45a1
10:24:12.469 [main] DEBUG org.hibernate.type.BasicTypeRegistry - Adding type registration java.lang.Short -> org.hibernate.type.BasicTypeReference@39aa45a1
10:24:12.469 [main] DEBUG org.hibernate.type.BasicTypeRegistry - Adding type registration integer -> org.hibernate.type.BasicTypeReference@73aff8f1
10:24:12.469 [main] DEBUG org.hibernate.type.BasicTypeRegistry - Adding type registration int -> org.hibernate.type.BasicTypeReference@73aff8f1
10:24:12.469 [main] DEBUG org.hibernate.type.BasicTypeRegistry - Adding type registration java.lang.Integer -> org.hibernate.type.BasicTypeReference@73aff8f1
10:24:12.469 [main] DEBUG org.hibernate.type.BasicTypeRegistry - Adding type registration long -> org.hibernate.type.BasicTypeReference@27cbfddf
10:24:12.469 [main] DEBUG org.hibernate.type.BasicTypeRegistry - Adding type registration long -> org.hibernate.type.BasicTypeReference@27cbfddf
10:24:12.469 [main] DEBUG org.hibernate.type.BasicTypeRegistry - Adding type registration java.lang.Long -> org.hibernate.type.BasicTypeReference@27cbfddf
10:24:12.469 [main] DEBUG org.hibernate.type.BasicTypeRegistry - Adding type registration float -> org.hibernate.type.BasicTypeReference@27ead29e
10:24:12.469 [main] DEBUG org.hibernate.type.BasicTypeRegistry - Adding type registration float -> org.hibernate.type.BasicTypeReference@27ead29e
10:24:12.469 [main] DEBUG org.hibernate.type.BasicTypeRegistry - Adding type registration java.lang.Float -> org.hibernate.type.BasicTypeReference@27ead29e
10:24:12.469 [main] DEBUG org.hibernate.type.BasicTypeRegistry - Adding type registration double -> org.hibernate.type.BasicTypeReference@4c060c8f
10:24:12.469 [main] DEBUG org.hibernate.type.BasicTypeRegistry - Adding type registration double -> org.hibernate.type.BasicTypeReference@4c060c8f
10:24:12.469 [main] DEBUG org.hibernate.type.BasicTypeRegistry - Adding type registration java.lang.Double -> org.hibernate.type.BasicTypeReference@4c060c8f
10:24:12.469 [main] DEBUG org.hibernate.type.BasicTypeRegistry - Adding type registration big_integer -> org.hibernate.type.BasicTypeReference@40620d8e
10:24:12.469 [main] DEBUG org.hibernate.type.BasicTypeRegistry - Adding type registration java.math.BigInteger -> org.hibernate.type.BasicTypeReference@40620d8e
10:24:12.469 [main] DEBUG org.hibernate.type.BasicTypeRegistry - Adding type registration big_decimal -> org.hibernate.type.BasicTypeReference@383f3558
10:24:12.469 [main] DEBUG org.hibernate.type.BasicTypeRegistry - Adding type registration java.math.BigDecimal -> org.hibernate.type.BasicTypeReference@383f3558
10:24:12.469 [main] DEBUG org.hibernate.type.BasicTypeRegistry - Adding type registration character -> org.hibernate.type.BasicTypeReference@49b07ee3
10:24:12.469 [main] DEBUG org.hibernate.type.BasicTypeRegistry - Adding type registration char -> org.hibernate.type.BasicTypeReference@49b07ee3
10:24:12.469 [main] DEBUG org.hibernate.type.BasicTypeRegistry - Adding type registration java.lang.Character -> org.hibernate.type.BasicTypeReference@49b07ee3
10:24:12.469 [main] DEBUG org.hibernate.type.BasicTypeRegistry - Adding type registration character_nchar -> org.hibernate.type.BasicTypeReference@352e612e
10:24:12.469 [main] DEBUG org.hibernate.type.BasicTypeRegistry - Adding type registration string -> org.hibernate.type.BasicTypeReference@65f00478
10:24:12.469 [main] DEBUG org.hibernate.type.BasicTypeRegistry - Adding type registration java.lang.String -> org.hibernate.type.BasicTypeReference@65f00478
10:24:12.469 [main] DEBUG org.hibernate.type.BasicTypeRegistry - Adding type registration nstring -> org.hibernate.type.BasicTypeReference@2424686b
10:24:12.469 [main] DEBUG org.hibernate.type.BasicTypeRegistry - Adding type registration characters -> org.hibernate.type.BasicTypeReference@6ea94d6a
10:24:12.469 [main] DEBUG org.hibernate.type.BasicTypeRegistry - Adding type registration char[] -> org.hibernate.type.BasicTypeReference@6ea94d6a
10:24:12.469 [main] DEBUG org.hibernate.type.BasicTypeRegistry - Adding type registration [C -> org.hibernate.type.BasicTypeReference@6ea94d6a
10:24:12.469 [main] DEBUG org.hibernate.type.BasicTypeRegistry - Adding type registration wrapper-characters -> org.hibernate.type.BasicTypeReference@28486680
10:24:12.469 [main] DEBUG org.hibernate.type.BasicTypeRegistry - Adding type registration text -> org.hibernate.type.BasicTypeReference@4d7e7435
10:24:12.469 [main] DEBUG org.hibernate.type.BasicTypeRegistry - Adding type registration ntext -> org.hibernate.type.BasicTypeReference@4a1e3ac1
10:24:12.469 [main] DEBUG org.hibernate.type.BasicTypeRegistry - Adding type registration clob -> org.hibernate.type.BasicTypeReference@6e78fcf5
10:24:12.469 [main] DEBUG org.hibernate.type.BasicTypeRegistry - Adding type registration java.sql.Clob -> org.hibernate.type.BasicTypeReference@6e78fcf5
10:24:12.469 [main] DEBUG org.hibernate.type.BasicTypeRegistry - Adding type registration nclob -> org.hibernate.type.BasicTypeReference@56febdc
10:24:12.469 [main] DEBUG org.hibernate.type.BasicTypeRegistry - Adding type registration java.sql.NClob -> org.hibernate.type.BasicTypeReference@56febdc
10:24:12.469 [main] DEBUG org.hibernate.type.BasicTypeRegistry - Adding type registration materialized_clob -> org.hibernate.type.BasicTypeReference@3b8ee898
10:24:12.469 [main] DEBUG org.hibernate.type.BasicTypeRegistry - Adding type registration materialized_clob_char_array -> org.hibernate.type.BasicTypeReference@7d151a
10:24:12.469 [main] DEBUG org.hibernate.type.BasicTypeRegistry - Adding type registration materialized_clob_character_array -> org.hibernate.type.BasicTypeReference@294bdeb4
10:24:12.469 [main] DEBUG org.hibernate.type.BasicTypeRegistry - Adding type registration materialized_nclob -> org.hibernate.type.BasicTypeReference@5300f14a
10:24:12.469 [main] DEBUG org.hibernate.type.BasicTypeRegistry - Adding type registration materialized_nclob_character_array -> org.hibernate.type.BasicTypeReference@1f86099a
10:24:12.469 [main] DEBUG org.hibernate.type.BasicTypeRegistry - Adding type registration materialized_nclob_char_array -> org.hibernate.type.BasicTypeReference@77bb0ab5
10:24:12.469 [main] DEBUG org.hibernate.type.BasicTypeRegistry - Adding type registration Duration -> org.hibernate.type.BasicTypeReference@f2c488
10:24:12.469 [main] DEBUG org.hibernate.type.BasicTypeRegistry - Adding type registration java.time.Duration -> org.hibernate.type.BasicTypeReference@f2c488
10:24:12.469 [main] DEBUG org.hibernate.type.BasicTypeRegistry - Adding type registration LocalDateTime -> org.hibernate.type.BasicTypeReference@54acff7d
10:24:12.469 [main] DEBUG org.hibernate.type.BasicTypeRegistry - Adding type registration java.time.LocalDateTime -> org.hibernate.type.BasicTypeReference@54acff7d
10:24:12.469 [main] DEBUG org.hibernate.type.BasicTypeRegistry - Adding type registration LocalDate -> org.hibernate.type.BasicTypeReference@7bc9e6ab
10:24:12.469 [main] DEBUG org.hibernate.type.BasicTypeRegistry - Adding type registration java.time.LocalDate -> org.hibernate.type.BasicTypeReference@7bc9e6ab
10:24:12.469 [main] DEBUG org.hibernate.type.BasicTypeRegistry - Adding type registration LocalTime -> org.hibernate.type.BasicTypeReference@5488b5c5
10:24:12.469 [main] DEBUG org.hibernate.type.BasicTypeRegistry - Adding type registration java.time.LocalTime -> org.hibernate.type.BasicTypeReference@5488b5c5
10:24:12.469 [main] DEBUG org.hibernate.type.BasicTypeRegistry - Adding type registration OffsetDateTime -> org.hibernate.type.BasicTypeReference@4248ed58
10:24:12.469 [main] DEBUG org.hibernate.type.BasicTypeRegistry - Adding type registration java.time.OffsetDateTime -> org.hibernate.type.BasicTypeReference@4248ed58
10:24:12.469 [main] DEBUG org.hibernate.type.BasicTypeRegistry - Adding type registration OffsetDateTimeWithTimezone -> org.hibernate.type.BasicTypeReference@712ca57b
10:24:12.469 [main] DEBUG org.hibernate.type.BasicTypeRegistry - Adding type registration OffsetDateTimeWithoutTimezone -> org.hibernate.type.BasicTypeReference@4564e94b
10:24:12.469 [main] DEBUG org.hibernate.type.BasicTypeRegistry - Adding type registration OffsetTime -> org.hibernate.type.BasicTypeReference@54534abf
10:24:12.469 [main] DEBUG org.hibernate.type.BasicTypeRegistry - Adding type registration java.time.OffsetTime -> org.hibernate.type.BasicTypeReference@54534abf
10:24:12.469 [main] DEBUG org.hibernate.type.BasicTypeRegistry - Adding type registration OffsetTimeUtc -> org.hibernate.type.BasicTypeReference@51745f40
10:24:12.469 [main] DEBUG org.hibernate.type.BasicTypeRegistry - Adding type registration OffsetTimeWithTimezone -> org.hibernate.type.BasicTypeReference@45673f68
10:24:12.469 [main] DEBUG org.hibernate.type.BasicTypeRegistry - Adding type registration OffsetTimeWithoutTimezone -> org.hibernate.type.BasicTypeReference@27abb83e
10:24:12.469 [main] DEBUG org.hibernate.type.BasicTypeRegistry - Adding type registration ZonedDateTime -> org.hibernate.type.BasicTypeReference@69e308c6
10:24:12.469 [main] DEBUG org.hibernate.type.BasicTypeRegistry - Adding type registration java.time.ZonedDateTime -> org.hibernate.type.BasicTypeReference@69e308c6
10:24:12.469 [main] DEBUG org.hibernate.type.BasicTypeRegistry - Adding type registration ZonedDateTimeWithTimezone -> org.hibernate.type.BasicTypeReference@1a1ed4e5
10:24:12.469 [main] DEBUG org.hibernate.type.BasicTypeRegistry - Adding type registration ZonedDateTimeWithoutTimezone -> org.hibernate.type.BasicTypeReference@667e34b1
10:24:12.469 [main] DEBUG org.hibernate.type.BasicTypeRegistry - Adding type registration date -> org.hibernate.type.BasicTypeReference@1c6e0a08
10:24:12.469 [main] DEBUG org.hibernate.type.BasicTypeRegistry - Adding type registration java.sql.Date -> org.hibernate.type.BasicTypeReference@1c6e0a08
10:24:12.469 [main] DEBUG org.hibernate.type.BasicTypeRegistry - Adding type registration time -> org.hibernate.type.BasicTypeReference@6dba847b
10:24:12.469 [main] DEBUG org.hibernate.type.BasicTypeRegistry - Adding type registration java.sql.Time -> org.hibernate.type.BasicTypeReference@6dba847b
10:24:12.469 [main] DEBUG org.hibernate.type.BasicTypeRegistry - Adding type registration timestamp -> org.hibernate.type.BasicTypeReference@1efdcd5
10:24:12.469 [main] DEBUG org.hibernate.type.BasicTypeRegistry - Adding type registration java.sql.Timestamp -> org.hibernate.type.BasicTypeReference@1efdcd5
10:24:12.469 [main] DEBUG org.hibernate.type.BasicTypeRegistry - Adding type registration java.util.Date -> org.hibernate.type.BasicTypeReference@1efdcd5
10:24:12.469 [main] DEBUG org.hibernate.type.BasicTypeRegistry - Adding type registration calendar -> org.hibernate.type.BasicTypeReference@1623bbe5
10:24:12.469 [main] DEBUG org.hibernate.type.BasicTypeRegistry - Adding type registration java.util.Calendar -> org.hibernate.type.BasicTypeReference@1623bbe5
10:24:12.469 [main] DEBUG org.hibernate.type.BasicTypeRegistry - Adding type registration java.util.GregorianCalendar -> org.hibernate.type.BasicTypeReference@1623bbe5
10:24:12.469 [main] DEBUG org.hibernate.type.BasicTypeRegistry - Adding type registration calendar_date -> org.hibernate.type.BasicTypeReference@7af1cd63
10:24:12.469 [main] DEBUG org.hibernate.type.BasicTypeRegistry - Adding type registration calendar_time -> org.hibernate.type.BasicTypeReference@4351171a
10:24:12.469 [main] DEBUG org.hibernate.type.BasicTypeRegistry - Adding type registration instant -> org.hibernate.type.BasicTypeReference@3c2772d1
10:24:12.469 [main] DEBUG org.hibernate.type.BasicTypeRegistry - Adding type registration java.time.Instant -> org.hibernate.type.BasicTypeReference@3c2772d1
10:24:12.469 [main] DEBUG org.hibernate.type.BasicTypeRegistry - Adding type registration uuid -> org.hibernate.type.BasicTypeReference@37d00a23
10:24:12.469 [main] DEBUG org.hibernate.type.BasicTypeRegistry - Adding type registration java.util.UUID -> org.hibernate.type.BasicTypeReference@37d00a23
10:24:12.469 [main] DEBUG org.hibernate.type.BasicTypeRegistry - Adding type registration pg-uuid -> org.hibernate.type.BasicTypeReference@37d00a23
10:24:12.469 [main] DEBUG org.hibernate.type.BasicTypeRegistry - Adding type registration uuid-binary -> org.hibernate.type.BasicTypeReference@433e536f
10:24:12.469 [main] DEBUG org.hibernate.type.BasicTypeRegistry - Adding type registration uuid-char -> org.hibernate.type.BasicTypeReference@89c65d5
10:24:12.469 [main] DEBUG org.hibernate.type.BasicTypeRegistry - Adding type registration class -> org.hibernate.type.BasicTypeReference@faa3fed
10:24:12.469 [main] DEBUG org.hibernate.type.BasicTypeRegistry - Adding type registration java.lang.Class -> org.hibernate.type.BasicTypeReference@faa3fed
10:24:12.469 [main] DEBUG org.hibernate.type.BasicTypeRegistry - Adding type registration currency -> org.hibernate.type.BasicTypeReference@988246e
10:24:12.469 [main] DEBUG org.hibernate.type.BasicTypeRegistry - Adding type registration Currency -> org.hibernate.type.BasicTypeReference@988246e
10:24:12.469 [main] DEBUG org.hibernate.type.BasicTypeRegistry - Adding type registration java.util.Currency -> org.hibernate.type.BasicTypeReference@988246e
10:24:12.469 [main] DEBUG org.hibernate.type.BasicTypeRegistry - Adding type registration locale -> org.hibernate.type.BasicTypeReference@62515a47
10:24:12.469 [main] DEBUG org.hibernate.type.BasicTypeRegistry - Adding type registration java.util.Locale -> org.hibernate.type.BasicTypeReference@62515a47
10:24:12.469 [main] DEBUG org.hibernate.type.BasicTypeRegistry - Adding type registration serializable -> org.hibernate.type.BasicTypeReference@3c5a54b7
10:24:12.469 [main] DEBUG org.hibernate.type.BasicTypeRegistry - Adding type registration java.io.Serializable -> org.hibernate.type.BasicTypeReference@3c5a54b7
10:24:12.469 [main] DEBUG org.hibernate.type.BasicTypeRegistry - Adding type registration timezone -> org.hibernate.type.BasicTypeReference@61f2c3f0
10:24:12.469 [main] DEBUG org.hibernate.type.BasicTypeRegistry - Adding type registration java.util.TimeZone -> org.hibernate.type.BasicTypeReference@61f2c3f0
10:24:12.469 [main] DEBUG org.hibernate.type.BasicTypeRegistry - Adding type registration ZoneOffset -> org.hibernate.type.BasicTypeReference@291120f4
10:24:12.469 [main] DEBUG org.hibernate.type.BasicTypeRegistry - Adding type registration java.time.ZoneOffset -> org.hibernate.type.BasicTypeReference@291120f4
10:24:12.469 [main] DEBUG org.hibernate.type.BasicTypeRegistry - Adding type registration url -> org.hibernate.type.BasicTypeReference@417ad4f3
10:24:12.469 [main] DEBUG org.hibernate.type.BasicTypeRegistry - Adding type registration java.net.URL -> org.hibernate.type.BasicTypeReference@417ad4f3
10:24:12.469 [main] DEBUG org.hibernate.type.BasicTypeRegistry - Adding type registration vector -> org.hibernate.type.BasicTypeReference@2f6bcf87
10:24:12.469 [main] DEBUG org.hibernate.type.BasicTypeRegistry - Adding type registration row_version -> org.hibernate.type.BasicTypeReference@58f174d9
10:24:12.469 [main] DEBUG org.hibernate.type.BasicTypeRegistry - Adding type registration object -> org.hibernate.type.JavaObjectType@34237b90
10:24:12.469 [main] DEBUG org.hibernate.type.BasicTypeRegistry - Adding type registration java.lang.Object -> org.hibernate.type.JavaObjectType@34237b90
10:24:12.469 [main] DEBUG org.hibernate.type.BasicTypeRegistry - Adding type registration null -> org.hibernate.type.NullType@267bbe1a
10:24:12.469 [main] DEBUG org.hibernate.type.BasicTypeRegistry - Adding type registration imm_date -> org.hibernate.type.BasicTypeReference@3c0790ed
10:24:12.469 [main] DEBUG org.hibernate.type.BasicTypeRegistry - Adding type registration imm_time -> org.hibernate.type.BasicTypeReference@334ec94d
10:24:12.469 [main] DEBUG org.hibernate.type.BasicTypeRegistry - Adding type registration imm_timestamp -> org.hibernate.type.BasicTypeReference@3bf4390d
10:24:12.469 [main] DEBUG org.hibernate.type.BasicTypeRegistry - Adding type registration imm_calendar -> org.hibernate.type.BasicTypeReference@4fc424b
10:24:12.469 [main] DEBUG org.hibernate.type.BasicTypeRegistry - Adding type registration imm_calendar_date -> org.hibernate.type.BasicTypeReference@4fc3ac1
10:24:12.469 [main] DEBUG org.hibernate.type.BasicTypeRegistry - Adding type registration imm_calendar_time -> org.hibernate.type.BasicTypeReference@413d8fb2
10:24:12.469 [main] DEBUG org.hibernate.type.BasicTypeRegistry - Adding type registration imm_binary -> org.hibernate.type.BasicTypeReference@5b9beac9
10:24:12.469 [main] DEBUG org.hibernate.type.BasicTypeRegistry - Adding type registration imm_serializable -> org.hibernate.type.BasicTypeReference@3d9305eb
10:24:12.469 [main] DEBUG org.hibernate.boot.internal.BootstrapContextImpl - Injecting ScanEnvironment [org.hibernate.jpa.boot.internal.StandardJpaScanEnvironmentImpl@58dc1aaa] into BootstrapContext; was [null]
10:24:12.469 [main] DEBUG org.hibernate.boot.internal.BootstrapContextImpl - Injecting ScanOptions [org.hibernate.boot.archive.scan.internal.StandardScanOptions@75314e1c] into BootstrapContext; was [org.hibernate.boot.archive.scan.internal.StandardScanOptions@71f83fd1]
10:24:12.526 [main] DEBUG org.hibernate.boot.internal.BootstrapContextImpl - Injecting JPA temp ClassLoader [null] into BootstrapContext; was [null]
10:24:12.526 [main] DEBUG org.hibernate.boot.internal.ClassLoaderAccessImpl - ClassLoaderAccessImpl#injectTempClassLoader(null) [was null]
10:24:12.526 [main] INFO org.hibernate.engine.jdbc.connections.internal.ConnectionProviderInitiator - HHH000130: Instantiating explicit connection provider: org.hibernate.hikaricp.internal.HikariCPConnectionProvider
10:24:12.526 [main] DEBUG org.hibernate.hikaricp.internal.HikariCPConnectionProvider - Configuring HikariCP
10:24:12.526 [main] DEBUG com.zaxxer.hikari.HikariConfig - Driver class org.h2.Driver found in Thread context class loader jdk.internal.loader.ClassLoaders$AppClassLoader@70dea4e
10:24:12.526 [main] DEBUG com.zaxxer.hikari.HikariConfig - FRC-PM-HikariCP - configuration:
10:24:12.527 [main] DEBUG com.zaxxer.hikari.HikariConfig - allowPoolSuspension.............false
10:24:12.527 [main] DEBUG com.zaxxer.hikari.HikariConfig - autoCommit......................true
10:24:12.527 [main] DEBUG com.zaxxer.hikari.HikariConfig - catalog.........................none
10:24:12.527 [main] DEBUG com.zaxxer.hikari.HikariConfig - connectionInitSql...............none
10:24:12.527 [main] DEBUG com.zaxxer.hikari.HikariConfig - connectionTestQuery.............none
10:24:12.527 [main] DEBUG com.zaxxer.hikari.HikariConfig - connectionTimeout...............10000
10:24:12.527 [main] DEBUG com.zaxxer.hikari.HikariConfig - dataSource......................none
10:24:12.527 [main] DEBUG com.zaxxer.hikari.HikariConfig - dataSourceClassName.............none
10:24:12.527 [main] DEBUG com.zaxxer.hikari.HikariConfig - dataSourceJNDI..................none
10:24:12.527 [main] DEBUG com.zaxxer.hikari.HikariConfig - dataSourceProperties............{password=<masked>}
10:24:12.527 [main] DEBUG com.zaxxer.hikari.HikariConfig - driverClassName................."org.h2.Driver"
10:24:12.527 [main] DEBUG com.zaxxer.hikari.HikariConfig - exceptionOverrideClassName......none
10:24:12.527 [main] DEBUG com.zaxxer.hikari.HikariConfig - healthCheckProperties...........{}
10:24:12.527 [main] DEBUG com.zaxxer.hikari.HikariConfig - healthCheckRegistry.............none
10:24:12.527 [main] DEBUG com.zaxxer.hikari.HikariConfig - idleTimeout.....................30000
10:24:12.527 [main] DEBUG com.zaxxer.hikari.HikariConfig - initializationFailTimeout.......1
10:24:12.527 [main] DEBUG com.zaxxer.hikari.HikariConfig - isolateInternalQueries..........false
10:24:12.527 [main] DEBUG com.zaxxer.hikari.HikariConfig - jdbcUrl.........................jdbc:h2:file:C:\Users\dhiebert\.frcpm\frcpm
10:24:12.527 [main] DEBUG com.zaxxer.hikari.HikariConfig - keepaliveTime...................0
10:24:12.527 [main] DEBUG com.zaxxer.hikari.HikariConfig - leakDetectionThreshold..........0
10:24:12.527 [main] DEBUG com.zaxxer.hikari.HikariConfig - maxLifetime.....................1800000
10:24:12.527 [main] DEBUG com.zaxxer.hikari.HikariConfig - maximumPoolSize.................10
10:24:12.527 [main] DEBUG com.zaxxer.hikari.HikariConfig - metricRegistry..................none
10:24:12.527 [main] DEBUG com.zaxxer.hikari.HikariConfig - metricsTrackerFactory...........none
10:24:12.527 [main] DEBUG com.zaxxer.hikari.HikariConfig - minimumIdle.....................2
10:24:12.527 [main] DEBUG com.zaxxer.hikari.HikariConfig - password........................<masked>
10:24:12.527 [main] DEBUG com.zaxxer.hikari.HikariConfig - poolName........................"FRC-PM-HikariCP"
10:24:12.527 [main] DEBUG com.zaxxer.hikari.HikariConfig - readOnly........................false
10:24:12.527 [main] DEBUG com.zaxxer.hikari.HikariConfig - registerMbeans..................false
10:24:12.527 [main] DEBUG com.zaxxer.hikari.HikariConfig - scheduledExecutor...............none
10:24:12.527 [main] DEBUG com.zaxxer.hikari.HikariConfig - schema..........................none
10:24:12.527 [main] DEBUG com.zaxxer.hikari.HikariConfig - threadFactory...................internal
10:24:12.527 [main] DEBUG com.zaxxer.hikari.HikariConfig - transactionIsolation............default
10:24:12.527 [main] DEBUG com.zaxxer.hikari.HikariConfig - username........................"sa"
10:24:12.527 [main] DEBUG com.zaxxer.hikari.HikariConfig - validationTimeout...............5000
10:24:12.527 [main] INFO com.zaxxer.hikari.HikariDataSource - FRC-PM-HikariCP - Starting...
10:24:12.538 [main] INFO com.zaxxer.hikari.pool.HikariPool - FRC-PM-HikariCP - Added connection conn6: url=jdbc:h2:file:C:\Users\dhiebert\.frcpm\frcpm user=SA
10:24:12.538 [main] INFO com.zaxxer.hikari.HikariDataSource - FRC-PM-HikariCP - Start completed.
10:24:12.539 [main] DEBUG org.hibernate.hikaricp.internal.HikariCPConnectionProvider - HikariCP Configured
10:24:12.539 [main] DEBUG org.hibernate.engine.jdbc.env.internal.JdbcEnvironmentInitiator - Database ->
	   name : H2
	version : 2.2.224 (2023-09-17)
	  major : 2
	  minor : 2
10:24:12.539 [main] DEBUG org.hibernate.engine.jdbc.env.internal.JdbcEnvironmentInitiator - Driver ->
	   name : H2 JDBC Driver
	version : 2.2.224 (2023-09-17)
	  major : 2
	  minor : 2
10:24:12.539 [main] DEBUG org.hibernate.engine.jdbc.env.internal.JdbcEnvironmentInitiator - JDBC version : 4.2
10:24:12.539 [main] WARN org.hibernate.orm.deprecation - HHH90000025: H2Dialect does not need to be specified explicitly using 'hibernate.dialect' (remove the property setting and it will be selected by default)
10:24:12.539 [main] DEBUG org.hibernate.orm.dialect - HHH035001: Using dialect: org.hibernate.dialect.H2Dialect, version: 2.2.224
10:24:12.539 [main] DEBUG org.hibernate.engine.jdbc.env.spi.IdentifierHelperBuilder - JDBC driver metadata reported database stores quoted identifiers in neither upper, lower nor mixed case
10:24:12.540 [main] DEBUG org.hibernate.type.descriptor.jdbc.spi.JdbcTypeRegistry - addDescriptor(NCharTypeDescriptor) replaced previous registration(CharTypeDescriptor)
10:24:12.540 [main] DEBUG org.hibernate.type.descriptor.jdbc.spi.JdbcTypeRegistry - addDescriptor(NVarcharTypeDescriptor) replaced previous registration(VarcharTypeDescriptor)
10:24:12.540 [main] DEBUG org.hibernate.type.descriptor.jdbc.spi.JdbcTypeRegistry - addDescriptor(LongNVarcharTypeDescriptor) replaced previous registration(LongVarcharTypeDescriptor)
10:24:12.540 [main] DEBUG org.hibernate.type.descriptor.jdbc.spi.JdbcTypeRegistry - addDescriptor(NClobTypeDescriptor(DEFAULT)) replaced previous registration(ClobTypeDescriptor(DEFAULT))
10:24:12.540 [main] DEBUG org.hibernate.type.descriptor.jdbc.spi.JdbcTypeRegistry - addDescriptor(2005, ClobTypeDescriptor(STREAM_BINDING)) replaced previous registration(ClobTypeDescriptor(DEFAULT))
10:24:12.540 [main] DEBUG org.hibernate.type.descriptor.jdbc.spi.JdbcTypeRegistry - addDescriptor(TimestampUtcDescriptor) replaced previous registration(TimestampUtcDescriptor)
10:24:12.540 [main] DEBUG org.hibernate.type.BasicTypeRegistry - Adding type registration org.hibernate.type.DurationType -> basicType@71(java.time.Duration,3015)
10:24:12.540 [main] DEBUG org.hibernate.type.BasicTypeRegistry - Adding type registration Duration -> basicType@71(java.time.Duration,3015)
10:24:12.540 [main] DEBUG org.hibernate.type.BasicTypeRegistry - Adding type registration java.time.Duration -> basicType@71(java.time.Duration,3015)
10:24:12.540 [main] DEBUG org.hibernate.type.spi.TypeConfiguration$Scope - Scoping TypeConfiguration [org.hibernate.type.spi.TypeConfiguration@3378b8c6] to MetadataBuildingContext [org.hibernate.boot.internal.MetadataBuildingContextRootImpl@1b629a85]
10:24:12.540 [main] DEBUG org.hibernate.boot.model.relational.Namespace - Created database namespace [logicalName=Name{catalog=null, schema=null}, physicalName=Name{catalog=null, schema=null}]
10:24:12.542 [main] DEBUG org.hibernate.boot.model.internal.EntityBinder - Binding entity from annotated class: org.frcpm.models.Attendance
10:24:12.542 [main] DEBUG org.hibernate.boot.model.internal.EntityBinder - Import with entity name Attendance
10:24:12.542 [main] DEBUG org.hibernate.boot.model.internal.EntityBinder - Bind entity org.frcpm.models.Attendance on table attendances
10:24:12.542 [main] DEBUG org.hibernate.boot.model.internal.AnnotatedColumn - Binding column: AnnotatedDiscriminatorColumn(column='DTYPE')
10:24:12.542 [main] DEBUG org.hibernate.boot.model.internal.AnnotatedColumn - Binding column: AnnotatedColumn()
10:24:12.542 [main] DEBUG org.hibernate.boot.internal.ClassLoaderAccessImpl - Not known whether passed class name [org.frcpm.models.Attendance] is safe
10:24:12.542 [main] DEBUG org.hibernate.boot.internal.ClassLoaderAccessImpl - No temp ClassLoader provided; using live ClassLoader for loading potentially unsafe class : org.frcpm.models.Attendance
10:24:12.542 [main] DEBUG org.hibernate.boot.model.internal.PropertyBinder - MetadataSourceProcessor property id with lazy=false
10:24:12.542 [main] DEBUG org.hibernate.boot.model.internal.AbstractPropertyHolder - Attempting to locate auto-apply AttributeConverter for property [org.frcpm.models.Attendance:id]
10:24:12.542 [main] DEBUG org.hibernate.boot.model.internal.BasicValueBinder - building BasicValue for id
10:24:12.542 [main] DEBUG org.hibernate.mapping.BasicValue - Skipping column re-registration: attendances.id
10:24:12.542 [main] DEBUG org.hibernate.boot.model.internal.PropertyBinder - Building property id
10:24:12.542 [main] DEBUG org.hibernate.boot.model.internal.BinderHelper - #makeIdGenerator(BasicValue([Column(id)]), id, identity, , ...)
10:24:12.542 [main] DEBUG org.hibernate.boot.model.internal.AnnotatedColumn - Binding column: AnnotatedColumn(column='arrival_time')
10:24:12.542 [main] DEBUG org.hibernate.boot.model.internal.PropertyBinder - MetadataSourceProcessor property arrivalTime with lazy=false
10:24:12.542 [main] DEBUG org.hibernate.boot.model.internal.AbstractPropertyHolder - Attempting to locate auto-apply AttributeConverter for property [org.frcpm.models.Attendance:arrivalTime]
10:24:12.542 [main] DEBUG org.hibernate.boot.model.internal.BasicValueBinder - building BasicValue for arrivalTime
10:24:12.542 [main] DEBUG org.hibernate.mapping.BasicValue - Skipping column re-registration: attendances.arrival_time
10:24:12.542 [main] DEBUG org.hibernate.boot.model.internal.PropertyBinder - Building property arrivalTime
10:24:12.542 [main] DEBUG org.hibernate.boot.model.internal.AnnotatedColumn - Binding column: AnnotatedColumn(column='departure_time')
10:24:12.542 [main] DEBUG org.hibernate.boot.model.internal.PropertyBinder - MetadataSourceProcessor property departureTime with lazy=false
10:24:12.542 [main] DEBUG org.hibernate.boot.model.internal.AbstractPropertyHolder - Attempting to locate auto-apply AttributeConverter for property [org.frcpm.models.Attendance:departureTime]
10:24:12.542 [main] DEBUG org.hibernate.boot.model.internal.BasicValueBinder - building BasicValue for departureTime
10:24:12.542 [main] DEBUG org.hibernate.mapping.BasicValue - Skipping column re-registration: attendances.departure_time
10:24:12.543 [main] DEBUG org.hibernate.boot.model.internal.PropertyBinder - Building property departureTime
10:24:12.543 [main] DEBUG org.hibernate.boot.model.internal.AnnotatedColumn - Binding column: AnnotatedJoinColumn(column='meeting_id')
10:24:12.543 [main] DEBUG org.hibernate.boot.model.internal.AnnotatedColumn - Binding column: AnnotatedColumn()
10:24:12.543 [main] DEBUG org.hibernate.boot.model.internal.PropertyBinder - Building property meeting
10:24:12.543 [main] DEBUG org.hibernate.boot.model.internal.AnnotatedColumn - Binding column: AnnotatedJoinColumn(column='member_id')
10:24:12.543 [main] DEBUG org.hibernate.boot.model.internal.AnnotatedColumn - Binding column: AnnotatedColumn()
10:24:12.543 [main] DEBUG org.hibernate.boot.model.internal.PropertyBinder - Building property member
10:24:12.543 [main] DEBUG org.hibernate.boot.model.internal.AnnotatedColumn - Binding column: AnnotatedColumn(column='present')
10:24:12.543 [main] DEBUG org.hibernate.boot.model.internal.PropertyBinder - MetadataSourceProcessor property present with lazy=false
10:24:12.543 [main] DEBUG org.hibernate.boot.model.internal.AbstractPropertyHolder - Attempting to locate auto-apply AttributeConverter for property [org.frcpm.models.Attendance:present]
10:24:12.543 [main] DEBUG org.hibernate.boot.model.internal.BasicValueBinder - building BasicValue for present
10:24:12.543 [main] DEBUG org.hibernate.mapping.BasicValue - Skipping column re-registration: attendances.present
10:24:12.543 [main] DEBUG org.hibernate.boot.model.internal.PropertyBinder - Building property present
10:24:12.543 [main] DEBUG org.hibernate.boot.registry.classloading.internal.ClassLoaderServiceImpl - HHH000194: Package not found or no package-info.java: org.frcpm.models
10:24:12.543 [main] DEBUG org.hibernate.boot.model.internal.EntityBinder - Binding entity from annotated class: org.frcpm.models.Meeting
10:24:12.543 [main] DEBUG org.hibernate.boot.model.internal.EntityBinder - Import with entity name Meeting
10:24:12.543 [main] DEBUG org.hibernate.boot.model.internal.EntityBinder - Bind entity org.frcpm.models.Meeting on table meetings
10:24:12.543 [main] DEBUG org.hibernate.boot.model.internal.AnnotatedColumn - Binding column: AnnotatedDiscriminatorColumn(column='DTYPE')
10:24:12.543 [main] DEBUG org.hibernate.boot.model.internal.AnnotatedColumn - Binding column: AnnotatedColumn()
10:24:12.543 [main] DEBUG org.hibernate.boot.internal.ClassLoaderAccessImpl - Not known whether passed class name [org.frcpm.models.Meeting] is safe
10:24:12.543 [main] DEBUG org.hibernate.boot.internal.ClassLoaderAccessImpl - No temp ClassLoader provided; using live ClassLoader for loading potentially unsafe class : org.frcpm.models.Meeting
10:24:12.544 [main] DEBUG org.hibernate.boot.model.internal.PropertyBinder - MetadataSourceProcessor property id with lazy=false
10:24:12.544 [main] DEBUG org.hibernate.boot.model.internal.AbstractPropertyHolder - Attempting to locate auto-apply AttributeConverter for property [org.frcpm.models.Meeting:id]
10:24:12.544 [main] DEBUG org.hibernate.boot.model.internal.BasicValueBinder - building BasicValue for id
10:24:12.544 [main] DEBUG org.hibernate.mapping.BasicValue - Skipping column re-registration: meetings.id
10:24:12.544 [main] DEBUG org.hibernate.boot.model.internal.PropertyBinder - Building property id
10:24:12.544 [main] DEBUG org.hibernate.boot.model.internal.BinderHelper - #makeIdGenerator(BasicValue([Column(id)]), id, identity, , ...)
10:24:12.544 [main] DEBUG org.hibernate.boot.model.internal.AnnotatedColumn - Binding column: AnnotatedJoinColumn()
10:24:12.544 [main] DEBUG org.hibernate.boot.model.internal.AnnotatedColumn - Binding column: AnnotatedColumn()
10:24:12.544 [main] DEBUG org.hibernate.boot.model.internal.AnnotatedColumn - Binding column: IndexColumn(column='attendances_ORDER')
10:24:12.544 [main] DEBUG org.hibernate.boot.model.internal.AnnotatedColumn - Binding column: AnnotatedColumn()
10:24:12.544 [main] DEBUG org.hibernate.boot.model.internal.AnnotatedColumn - Binding column: AnnotatedColumn(column='attendances_KEY')
10:24:12.544 [main] DEBUG org.hibernate.boot.model.internal.AnnotatedColumn - Binding column: AnnotatedJoinColumn(column='attendances_KEY')
10:24:12.544 [main] DEBUG org.hibernate.boot.model.internal.AnnotatedColumn - Binding column: AnnotatedJoinColumn()
10:24:12.544 [main] DEBUG org.hibernate.boot.model.internal.AnnotatedColumn - Binding column: AnnotatedJoinColumn()
10:24:12.544 [main] DEBUG org.hibernate.boot.model.internal.CollectionBinder - Collection role: org.frcpm.models.Meeting.attendances
10:24:12.544 [main] DEBUG org.hibernate.boot.model.internal.PropertyBinder - Building property attendances
10:24:12.544 [main] DEBUG org.hibernate.boot.model.internal.AnnotatedColumn - Binding column: AnnotatedColumn(column='date')
10:24:12.544 [main] DEBUG org.hibernate.boot.model.internal.PropertyBinder - MetadataSourceProcessor property date with lazy=false
10:24:12.544 [main] DEBUG org.hibernate.boot.model.internal.AbstractPropertyHolder - Attempting to locate auto-apply AttributeConverter for property [org.frcpm.models.Meeting:date]
10:24:12.544 [main] DEBUG org.hibernate.boot.model.internal.BasicValueBinder - building BasicValue for date
10:24:12.544 [main] DEBUG org.hibernate.mapping.BasicValue - Skipping column re-registration: meetings.date
10:24:12.544 [main] DEBUG org.hibernate.boot.model.internal.PropertyBinder - Building property date
10:24:12.544 [main] DEBUG org.hibernate.boot.model.internal.AnnotatedColumn - Binding column: AnnotatedColumn(column='end_time')
10:24:12.544 [main] DEBUG org.hibernate.boot.model.internal.PropertyBinder - MetadataSourceProcessor property endTime with lazy=false
10:24:12.544 [main] DEBUG org.hibernate.boot.model.internal.AbstractPropertyHolder - Attempting to locate auto-apply AttributeConverter for property [org.frcpm.models.Meeting:endTime]
10:24:12.544 [main] DEBUG org.hibernate.boot.model.internal.BasicValueBinder - building BasicValue for endTime
10:24:12.544 [main] DEBUG org.hibernate.mapping.BasicValue - Skipping column re-registration: meetings.end_time
10:24:12.544 [main] DEBUG org.hibernate.boot.model.internal.PropertyBinder - Building property endTime
10:24:12.544 [main] DEBUG org.hibernate.boot.model.internal.AnnotatedColumn - Binding column: AnnotatedColumn(column='notes')
10:24:12.544 [main] DEBUG org.hibernate.boot.model.internal.PropertyBinder - MetadataSourceProcessor property notes with lazy=false
10:24:12.544 [main] DEBUG org.hibernate.boot.model.internal.AbstractPropertyHolder - Attempting to locate auto-apply AttributeConverter for property [org.frcpm.models.Meeting:notes]
10:24:12.544 [main] DEBUG org.hibernate.boot.model.internal.BasicValueBinder - building BasicValue for notes
10:24:12.544 [main] DEBUG org.hibernate.mapping.BasicValue - Skipping column re-registration: meetings.notes
10:24:12.544 [main] DEBUG org.hibernate.boot.model.internal.PropertyBinder - Building property notes
10:24:12.544 [main] DEBUG org.hibernate.boot.model.internal.AnnotatedColumn - Binding column: AnnotatedJoinColumn(column='project_id')
10:24:12.544 [main] DEBUG org.hibernate.boot.model.internal.AnnotatedColumn - Binding column: AnnotatedColumn()
10:24:12.544 [main] DEBUG org.hibernate.boot.model.internal.PropertyBinder - Building property project
10:24:12.544 [main] DEBUG org.hibernate.boot.model.internal.AnnotatedColumn - Binding column: AnnotatedColumn(column='start_time')
10:24:12.544 [main] DEBUG org.hibernate.boot.model.internal.PropertyBinder - MetadataSourceProcessor property startTime with lazy=false
10:24:12.544 [main] DEBUG org.hibernate.boot.model.internal.AbstractPropertyHolder - Attempting to locate auto-apply AttributeConverter for property [org.frcpm.models.Meeting:startTime]
10:24:12.544 [main] DEBUG org.hibernate.boot.model.internal.BasicValueBinder - building BasicValue for startTime
10:24:12.544 [main] DEBUG org.hibernate.mapping.BasicValue - Skipping column re-registration: meetings.start_time
10:24:12.545 [main] DEBUG org.hibernate.boot.model.internal.PropertyBinder - Building property startTime
10:24:12.545 [main] DEBUG org.hibernate.boot.registry.classloading.internal.ClassLoaderServiceImpl - HHH000194: Package not found or no package-info.java: org.frcpm.models
10:24:12.545 [main] DEBUG org.hibernate.boot.model.internal.EntityBinder - Binding entity from annotated class: org.frcpm.models.Subsystem
10:24:12.545 [main] DEBUG org.hibernate.boot.model.internal.EntityBinder - Import with entity name Subsystem
10:24:12.545 [main] DEBUG org.hibernate.boot.model.internal.EntityBinder - Bind entity org.frcpm.models.Subsystem on table subsystems
10:24:12.546 [main] DEBUG org.hibernate.boot.model.internal.AnnotatedColumn - Binding column: AnnotatedDiscriminatorColumn(column='DTYPE')
10:24:12.547 [main] DEBUG org.hibernate.boot.model.internal.AnnotatedColumn - Binding column: AnnotatedColumn()
10:24:12.547 [main] DEBUG org.hibernate.boot.internal.ClassLoaderAccessImpl - Not known whether passed class name [org.frcpm.models.Subsystem] is safe
10:24:12.547 [main] DEBUG org.hibernate.boot.internal.ClassLoaderAccessImpl - No temp ClassLoader provided; using live ClassLoader for loading potentially unsafe class : org.frcpm.models.Subsystem
10:24:12.547 [main] DEBUG org.hibernate.boot.model.internal.PropertyBinder - MetadataSourceProcessor property id with lazy=false
10:24:12.547 [main] DEBUG org.hibernate.boot.model.internal.AbstractPropertyHolder - Attempting to locate auto-apply AttributeConverter for property [org.frcpm.models.Subsystem:id]
10:24:12.547 [main] DEBUG org.hibernate.boot.model.internal.BasicValueBinder - building BasicValue for id
10:24:12.548 [main] DEBUG org.hibernate.mapping.BasicValue - Skipping column re-registration: subsystems.id
10:24:12.548 [main] DEBUG org.hibernate.boot.model.internal.PropertyBinder - Building property id
10:24:12.548 [main] DEBUG org.hibernate.boot.model.internal.BinderHelper - #makeIdGenerator(BasicValue([Column(id)]), id, identity, , ...)
10:24:12.548 [main] DEBUG org.hibernate.boot.model.internal.AnnotatedColumn - Binding column: AnnotatedColumn(column='description')
10:24:12.548 [main] DEBUG org.hibernate.boot.model.internal.PropertyBinder - MetadataSourceProcessor property description with lazy=false
10:24:12.548 [main] DEBUG org.hibernate.boot.model.internal.AbstractPropertyHolder - Attempting to locate auto-apply AttributeConverter for property [org.frcpm.models.Subsystem:description]
10:24:12.548 [main] DEBUG org.hibernate.boot.model.internal.BasicValueBinder - building BasicValue for description
10:24:12.548 [main] DEBUG org.hibernate.mapping.BasicValue - Skipping column re-registration: subsystems.description
10:24:12.548 [main] DEBUG org.hibernate.boot.model.internal.PropertyBinder - Building property description
10:24:12.548 [main] DEBUG org.hibernate.boot.model.internal.AnnotatedColumn - Binding column: AnnotatedColumn(column='name')
10:24:12.548 [main] DEBUG org.hibernate.boot.model.internal.PropertyBinder - MetadataSourceProcessor property name with lazy=false
10:24:12.548 [main] DEBUG org.hibernate.boot.model.internal.AbstractPropertyHolder - Attempting to locate auto-apply AttributeConverter for property [org.frcpm.models.Subsystem:name]
10:24:12.548 [main] DEBUG org.hibernate.boot.model.internal.BasicValueBinder - building BasicValue for name
10:24:12.548 [main] DEBUG org.hibernate.mapping.BasicValue - Skipping column re-registration: subsystems.name
10:24:12.548 [main] DEBUG org.hibernate.boot.model.internal.PropertyBinder - Building property name
10:24:12.548 [main] DEBUG org.hibernate.boot.model.internal.AnnotatedColumn - Binding column: AnnotatedJoinColumn(column='responsible_subteam_id')
10:24:12.548 [main] DEBUG org.hibernate.boot.model.internal.AnnotatedColumn - Binding column: AnnotatedColumn()
10:24:12.548 [main] DEBUG org.hibernate.boot.model.internal.PropertyBinder - Building property responsibleSubteam
10:24:12.549 [main] DEBUG org.hibernate.boot.model.internal.AnnotatedColumn - Binding column: AnnotatedColumn(column='status')
10:24:12.549 [main] DEBUG org.hibernate.boot.model.internal.PropertyBinder - MetadataSourceProcessor property status with lazy=false
10:24:12.549 [main] DEBUG org.hibernate.boot.model.internal.AbstractPropertyHolder - Attempting to locate auto-apply AttributeConverter for property [org.frcpm.models.Subsystem:status]
10:24:12.549 [main] DEBUG org.hibernate.boot.model.internal.BasicValueBinder - building BasicValue for status
10:24:12.549 [main] DEBUG org.hibernate.mapping.BasicValue - Skipping column re-registration: subsystems.status
10:24:12.549 [main] DEBUG org.hibernate.boot.model.internal.PropertyBinder - Building property status
10:24:12.549 [main] DEBUG org.hibernate.boot.model.internal.AnnotatedColumn - Binding column: AnnotatedJoinColumn()
10:24:12.549 [main] DEBUG org.hibernate.boot.model.internal.AnnotatedColumn - Binding column: AnnotatedColumn()
10:24:12.549 [main] DEBUG org.hibernate.boot.model.internal.AnnotatedColumn - Binding column: IndexColumn(column='tasks_ORDER')
10:24:12.549 [main] DEBUG org.hibernate.boot.model.internal.AnnotatedColumn - Binding column: AnnotatedColumn()
10:24:12.549 [main] DEBUG org.hibernate.boot.model.internal.AnnotatedColumn - Binding column: AnnotatedColumn(column='tasks_KEY')
10:24:12.549 [main] DEBUG org.hibernate.boot.model.internal.AnnotatedColumn - Binding column: AnnotatedJoinColumn(column='tasks_KEY')
10:24:12.549 [main] DEBUG org.hibernate.boot.model.internal.AnnotatedColumn - Binding column: AnnotatedJoinColumn()
10:24:12.549 [main] DEBUG org.hibernate.boot.model.internal.AnnotatedColumn - Binding column: AnnotatedJoinColumn()
10:24:12.549 [main] DEBUG org.hibernate.boot.model.internal.CollectionBinder - Collection role: org.frcpm.models.Subsystem.tasks
10:24:12.550 [main] DEBUG org.hibernate.boot.model.internal.PropertyBinder - Building property tasks
10:24:12.551 [main] DEBUG org.hibernate.boot.registry.classloading.internal.ClassLoaderServiceImpl - HHH000194: Package not found or no package-info.java: org.frcpm.models
10:24:12.552 [main] DEBUG org.hibernate.boot.model.internal.EntityBinder - Binding entity from annotated class: org.frcpm.models.Component
10:24:12.552 [main] DEBUG org.hibernate.boot.model.internal.EntityBinder - Import with entity name Component
10:24:12.552 [main] DEBUG org.hibernate.boot.model.internal.EntityBinder - Bind entity org.frcpm.models.Component on table components
10:24:12.552 [main] DEBUG org.hibernate.boot.model.internal.AnnotatedColumn - Binding column: AnnotatedDiscriminatorColumn(column='DTYPE')
10:24:12.554 [main] DEBUG org.hibernate.boot.model.internal.AnnotatedColumn - Binding column: AnnotatedColumn()
10:24:12.555 [main] DEBUG org.hibernate.boot.internal.ClassLoaderAccessImpl - Not known whether passed class name [org.frcpm.models.Component] is safe
10:24:12.555 [main] DEBUG org.hibernate.boot.internal.ClassLoaderAccessImpl - No temp ClassLoader provided; using live ClassLoader for loading potentially unsafe class : org.frcpm.models.Component
10:24:12.555 [main] DEBUG org.hibernate.boot.model.internal.PropertyBinder - MetadataSourceProcessor property id with lazy=false
10:24:12.555 [main] DEBUG org.hibernate.boot.model.internal.AbstractPropertyHolder - Attempting to locate auto-apply AttributeConverter for property [org.frcpm.models.Component:id]
10:24:12.555 [main] DEBUG org.hibernate.boot.model.internal.BasicValueBinder - building BasicValue for id
10:24:12.556 [main] DEBUG org.hibernate.mapping.BasicValue - Skipping column re-registration: components.id
10:24:12.556 [main] DEBUG org.hibernate.boot.model.internal.PropertyBinder - Building property id
10:24:12.556 [main] DEBUG org.hibernate.boot.model.internal.BinderHelper - #makeIdGenerator(BasicValue([Column(id)]), id, identity, , ...)
10:24:12.556 [main] DEBUG org.hibernate.boot.model.internal.AnnotatedColumn - Binding column: AnnotatedColumn(column='actual_delivery')
10:24:12.556 [main] DEBUG org.hibernate.boot.model.internal.PropertyBinder - MetadataSourceProcessor property actualDelivery with lazy=false
10:24:12.556 [main] DEBUG org.hibernate.boot.model.internal.AbstractPropertyHolder - Attempting to locate auto-apply AttributeConverter for property [org.frcpm.models.Component:actualDelivery]
10:24:12.556 [main] DEBUG org.hibernate.boot.model.internal.BasicValueBinder - building BasicValue for actualDelivery
10:24:12.556 [main] DEBUG org.hibernate.mapping.BasicValue - Skipping column re-registration: components.actual_delivery
10:24:12.556 [main] DEBUG org.hibernate.boot.model.internal.PropertyBinder - Building property actualDelivery
10:24:12.557 [main] DEBUG org.hibernate.boot.model.internal.AnnotatedColumn - Binding column: AnnotatedColumn(column='is_delivered')
10:24:12.557 [main] DEBUG org.hibernate.boot.model.internal.PropertyBinder - MetadataSourceProcessor property delivered with lazy=false
10:24:12.557 [main] DEBUG org.hibernate.boot.model.internal.AbstractPropertyHolder - Attempting to locate auto-apply AttributeConverter for property [org.frcpm.models.Component:delivered]
10:24:12.557 [main] DEBUG org.hibernate.boot.model.internal.BasicValueBinder - building BasicValue for delivered
10:24:12.557 [main] DEBUG org.hibernate.mapping.BasicValue - Skipping column re-registration: components.is_delivered
10:24:12.557 [main] DEBUG org.hibernate.boot.model.internal.PropertyBinder - Building property delivered
10:24:12.557 [main] DEBUG org.hibernate.boot.model.internal.AnnotatedColumn - Binding column: AnnotatedColumn(column='description')
10:24:12.557 [main] DEBUG org.hibernate.boot.model.internal.PropertyBinder - MetadataSourceProcessor property description with lazy=false
10:24:12.557 [main] DEBUG org.hibernate.boot.model.internal.AbstractPropertyHolder - Attempting to locate auto-apply AttributeConverter for property [org.frcpm.models.Component:description]
10:24:12.557 [main] DEBUG org.hibernate.boot.model.internal.BasicValueBinder - building BasicValue for description
10:24:12.557 [main] DEBUG org.hibernate.mapping.BasicValue - Skipping column re-registration: components.description
10:24:12.557 [main] DEBUG org.hibernate.boot.model.internal.PropertyBinder - Building property description
10:24:12.557 [main] DEBUG org.hibernate.boot.model.internal.AnnotatedColumn - Binding column: AnnotatedColumn(column='expected_delivery')
10:24:12.557 [main] DEBUG org.hibernate.boot.model.internal.PropertyBinder - MetadataSourceProcessor property expectedDelivery with lazy=false
10:24:12.557 [main] DEBUG org.hibernate.boot.model.internal.AbstractPropertyHolder - Attempting to locate auto-apply AttributeConverter for property [org.frcpm.models.Component:expectedDelivery]
10:24:12.557 [main] DEBUG org.hibernate.boot.model.internal.BasicValueBinder - building BasicValue for expectedDelivery
10:24:12.557 [main] DEBUG org.hibernate.mapping.BasicValue - Skipping column re-registration: components.expected_delivery
10:24:12.558 [main] DEBUG org.hibernate.boot.model.internal.PropertyBinder - Building property expectedDelivery
10:24:12.558 [main] DEBUG org.hibernate.boot.model.internal.AnnotatedColumn - Binding column: AnnotatedColumn(column='name')
10:24:12.558 [main] DEBUG org.hibernate.boot.model.internal.PropertyBinder - MetadataSourceProcessor property name with lazy=false
10:24:12.558 [main] DEBUG org.hibernate.boot.model.internal.AbstractPropertyHolder - Attempting to locate auto-apply AttributeConverter for property [org.frcpm.models.Component:name]
10:24:12.558 [main] DEBUG org.hibernate.boot.model.internal.BasicValueBinder - building BasicValue for name
10:24:12.558 [main] DEBUG org.hibernate.mapping.BasicValue - Skipping column re-registration: components.name
10:24:12.558 [main] DEBUG org.hibernate.boot.model.internal.PropertyBinder - Building property name
10:24:12.559 [main] DEBUG org.hibernate.boot.model.internal.AnnotatedColumn - Binding column: AnnotatedColumn(column='part_number')
10:24:12.559 [main] DEBUG org.hibernate.boot.model.internal.PropertyBinder - MetadataSourceProcessor property partNumber with lazy=false
10:24:12.559 [main] DEBUG org.hibernate.boot.model.internal.AbstractPropertyHolder - Attempting to locate auto-apply AttributeConverter for property [org.frcpm.models.Component:partNumber]
10:24:12.559 [main] DEBUG org.hibernate.boot.model.internal.BasicValueBinder - building BasicValue for partNumber
10:24:12.559 [main] DEBUG org.hibernate.mapping.BasicValue - Skipping column re-registration: components.part_number
10:24:12.559 [main] DEBUG org.hibernate.boot.model.internal.PropertyBinder - Building property partNumber
10:24:12.559 [main] DEBUG org.hibernate.boot.model.internal.AnnotatedColumn - Binding column: IndexColumn(column='requiredForTasks_ORDER')
10:24:12.560 [main] DEBUG org.hibernate.boot.model.internal.AnnotatedColumn - Binding column: AnnotatedColumn()
10:24:12.560 [main] DEBUG org.hibernate.boot.model.internal.AnnotatedColumn - Binding column: AnnotatedColumn(column='requiredForTasks_KEY')
10:24:12.560 [main] DEBUG org.hibernate.boot.model.internal.AnnotatedColumn - Binding column: AnnotatedJoinColumn(column='requiredForTasks_KEY')
10:24:12.560 [main] DEBUG org.hibernate.boot.model.internal.AnnotatedColumn - Binding column: AnnotatedJoinColumn()
10:24:12.560 [main] DEBUG org.hibernate.boot.model.internal.AnnotatedColumn - Binding column: AnnotatedJoinColumn()
10:24:12.560 [main] DEBUG org.hibernate.boot.model.internal.CollectionBinder - Collection role: org.frcpm.models.Component.requiredForTasks
10:24:12.560 [main] DEBUG org.hibernate.boot.model.internal.PropertyBinder - Building property requiredForTasks
10:24:12.562 [main] DEBUG org.hibernate.boot.registry.classloading.internal.ClassLoaderServiceImpl - HHH000194: Package not found or no package-info.java: org.frcpm.models
10:24:12.562 [main] DEBUG org.hibernate.boot.model.internal.EntityBinder - Binding entity from annotated class: org.frcpm.models.Milestone
10:24:12.562 [main] DEBUG org.hibernate.boot.model.internal.EntityBinder - Import with entity name Milestone
10:24:12.562 [main] DEBUG org.hibernate.boot.model.internal.EntityBinder - Bind entity org.frcpm.models.Milestone on table milestones
10:24:12.562 [main] DEBUG org.hibernate.boot.model.internal.AnnotatedColumn - Binding column: AnnotatedDiscriminatorColumn(column='DTYPE')
10:24:12.565 [main] DEBUG org.hibernate.boot.model.internal.AnnotatedColumn - Binding column: AnnotatedColumn()
10:24:12.565 [main] DEBUG org.hibernate.boot.internal.ClassLoaderAccessImpl - Not known whether passed class name [org.frcpm.models.Milestone] is safe
10:24:12.565 [main] DEBUG org.hibernate.boot.internal.ClassLoaderAccessImpl - No temp ClassLoader provided; using live ClassLoader for loading potentially unsafe class : org.frcpm.models.Milestone
10:24:12.566 [main] DEBUG org.hibernate.boot.model.internal.PropertyBinder - MetadataSourceProcessor property id with lazy=false
10:24:12.566 [main] DEBUG org.hibernate.boot.model.internal.AbstractPropertyHolder - Attempting to locate auto-apply AttributeConverter for property [org.frcpm.models.Milestone:id]
10:24:12.566 [main] DEBUG org.hibernate.boot.model.internal.BasicValueBinder - building BasicValue for id
10:24:12.566 [main] DEBUG org.hibernate.mapping.BasicValue - Skipping column re-registration: milestones.id
10:24:12.566 [main] DEBUG org.hibernate.boot.model.internal.PropertyBinder - Building property id
10:24:12.566 [main] DEBUG org.hibernate.boot.model.internal.BinderHelper - #makeIdGenerator(BasicValue([Column(id)]), id, identity, , ...)
10:24:12.566 [main] DEBUG org.hibernate.boot.model.internal.AnnotatedColumn - Binding column: AnnotatedColumn(column='date')
10:24:12.566 [main] DEBUG org.hibernate.boot.model.internal.PropertyBinder - MetadataSourceProcessor property date with lazy=false
10:24:12.566 [main] DEBUG org.hibernate.boot.model.internal.AbstractPropertyHolder - Attempting to locate auto-apply AttributeConverter for property [org.frcpm.models.Milestone:date]
10:24:12.567 [main] DEBUG org.hibernate.boot.model.internal.BasicValueBinder - building BasicValue for date
10:24:12.567 [main] DEBUG org.hibernate.mapping.BasicValue - Skipping column re-registration: milestones.date
10:24:12.567 [main] DEBUG org.hibernate.boot.model.internal.PropertyBinder - Building property date
10:24:12.568 [main] DEBUG org.hibernate.boot.model.internal.AnnotatedColumn - Binding column: AnnotatedColumn(column='description')
10:24:12.568 [main] DEBUG org.hibernate.boot.model.internal.PropertyBinder - MetadataSourceProcessor property description with lazy=false
10:24:12.568 [main] DEBUG org.hibernate.boot.model.internal.AbstractPropertyHolder - Attempting to locate auto-apply AttributeConverter for property [org.frcpm.models.Milestone:description]
10:24:12.568 [main] DEBUG org.hibernate.boot.model.internal.BasicValueBinder - building BasicValue for description
10:24:12.568 [main] DEBUG org.hibernate.mapping.BasicValue - Skipping column re-registration: milestones.description
10:24:12.568 [main] DEBUG org.hibernate.boot.model.internal.PropertyBinder - Building property description
10:24:12.568 [main] DEBUG org.hibernate.boot.model.internal.AnnotatedColumn - Binding column: AnnotatedColumn(column='name')
10:24:12.568 [main] DEBUG org.hibernate.boot.model.internal.PropertyBinder - MetadataSourceProcessor property name with lazy=false
10:24:12.569 [main] DEBUG org.hibernate.boot.model.internal.AbstractPropertyHolder - Attempting to locate auto-apply AttributeConverter for property [org.frcpm.models.Milestone:name]
10:24:12.569 [main] DEBUG org.hibernate.boot.model.internal.BasicValueBinder - building BasicValue for name
10:24:12.569 [main] DEBUG org.hibernate.mapping.BasicValue - Skipping column re-registration: milestones.name
10:24:12.569 [main] DEBUG org.hibernate.boot.model.internal.PropertyBinder - Building property name
10:24:12.569 [main] DEBUG org.hibernate.boot.model.internal.AnnotatedColumn - Binding column: AnnotatedJoinColumn(column='project_id')
10:24:12.569 [main] DEBUG org.hibernate.boot.model.internal.AnnotatedColumn - Binding column: AnnotatedColumn()
10:24:12.569 [main] DEBUG org.hibernate.boot.model.internal.PropertyBinder - Building property project
10:24:12.571 [main] DEBUG org.hibernate.boot.registry.classloading.internal.ClassLoaderServiceImpl - HHH000194: Package not found or no package-info.java: org.frcpm.models
10:24:12.571 [main] DEBUG org.hibernate.boot.model.internal.EntityBinder - Binding entity from annotated class: org.frcpm.models.Project
10:24:12.571 [main] DEBUG org.hibernate.boot.model.internal.EntityBinder - Import with entity name Project
10:24:12.571 [main] DEBUG org.hibernate.boot.model.internal.EntityBinder - Bind entity org.frcpm.models.Project on table projects
10:24:12.571 [main] DEBUG org.hibernate.boot.model.internal.AnnotatedColumn - Binding column: AnnotatedDiscriminatorColumn(column='DTYPE')
10:24:12.572 [main] DEBUG org.hibernate.boot.model.internal.AnnotatedColumn - Binding column: AnnotatedColumn()
10:24:12.572 [main] DEBUG org.hibernate.boot.internal.ClassLoaderAccessImpl - Not known whether passed class name [org.frcpm.models.Project] is safe
10:24:12.572 [main] DEBUG org.hibernate.boot.internal.ClassLoaderAccessImpl - No temp ClassLoader provided; using live ClassLoader for loading potentially unsafe class : org.frcpm.models.Project
10:24:12.572 [main] DEBUG org.hibernate.boot.model.internal.PropertyBinder - MetadataSourceProcessor property id with lazy=false
10:24:12.572 [main] DEBUG org.hibernate.boot.model.internal.AbstractPropertyHolder - Attempting to locate auto-apply AttributeConverter for property [org.frcpm.models.Project:id]
10:24:12.573 [main] DEBUG org.hibernate.boot.model.internal.BasicValueBinder - building BasicValue for id
10:24:12.573 [main] DEBUG org.hibernate.mapping.BasicValue - Skipping column re-registration: projects.id
10:24:12.573 [main] DEBUG org.hibernate.boot.model.internal.PropertyBinder - Building property id
10:24:12.573 [main] DEBUG org.hibernate.boot.model.internal.BinderHelper - #makeIdGenerator(BasicValue([Column(id)]), id, identity, , ...)
10:24:12.573 [main] DEBUG org.hibernate.boot.model.internal.AnnotatedColumn - Binding column: AnnotatedColumn(column='description')
10:24:12.573 [main] DEBUG org.hibernate.boot.model.internal.PropertyBinder - MetadataSourceProcessor property description with lazy=false
10:24:12.573 [main] DEBUG org.hibernate.boot.model.internal.AbstractPropertyHolder - Attempting to locate auto-apply AttributeConverter for property [org.frcpm.models.Project:description]
10:24:12.573 [main] DEBUG org.hibernate.boot.model.internal.BasicValueBinder - building BasicValue for description
10:24:12.573 [main] DEBUG org.hibernate.mapping.BasicValue - Skipping column re-registration: projects.description
10:24:12.573 [main] DEBUG org.hibernate.boot.model.internal.PropertyBinder - Building property description
10:24:12.573 [main] DEBUG org.hibernate.boot.model.internal.AnnotatedColumn - Binding column: AnnotatedColumn(column='goal_end_date')
10:24:12.573 [main] DEBUG org.hibernate.boot.model.internal.PropertyBinder - MetadataSourceProcessor property goalEndDate with lazy=false
10:24:12.573 [main] DEBUG org.hibernate.boot.model.internal.AbstractPropertyHolder - Attempting to locate auto-apply AttributeConverter for property [org.frcpm.models.Project:goalEndDate]
10:24:12.573 [main] DEBUG org.hibernate.boot.model.internal.BasicValueBinder - building BasicValue for goalEndDate
10:24:12.573 [main] DEBUG org.hibernate.mapping.BasicValue - Skipping column re-registration: projects.goal_end_date
10:24:12.573 [main] DEBUG org.hibernate.boot.model.internal.PropertyBinder - Building property goalEndDate
10:24:12.573 [main] DEBUG org.hibernate.boot.model.internal.AnnotatedColumn - Binding column: AnnotatedColumn(column='hard_deadline')
10:24:12.573 [main] DEBUG org.hibernate.boot.model.internal.PropertyBinder - MetadataSourceProcessor property hardDeadline with lazy=false
10:24:12.573 [main] DEBUG org.hibernate.boot.model.internal.AbstractPropertyHolder - Attempting to locate auto-apply AttributeConverter for property [org.frcpm.models.Project:hardDeadline]
10:24:12.573 [main] DEBUG org.hibernate.boot.model.internal.BasicValueBinder - building BasicValue for hardDeadline
10:24:12.573 [main] DEBUG org.hibernate.mapping.BasicValue - Skipping column re-registration: projects.hard_deadline
10:24:12.573 [main] DEBUG org.hibernate.boot.model.internal.PropertyBinder - Building property hardDeadline
10:24:12.573 [main] DEBUG org.hibernate.boot.model.internal.AnnotatedColumn - Binding column: AnnotatedJoinColumn()
10:24:12.573 [main] DEBUG org.hibernate.boot.model.internal.AnnotatedColumn - Binding column: AnnotatedColumn()
10:24:12.574 [main] DEBUG org.hibernate.boot.model.internal.AnnotatedColumn - Binding column: IndexColumn(column='meetings_ORDER')
10:24:12.574 [main] DEBUG org.hibernate.boot.model.internal.AnnotatedColumn - Binding column: AnnotatedColumn()
10:24:12.574 [main] DEBUG org.hibernate.boot.model.internal.AnnotatedColumn - Binding column: AnnotatedColumn(column='meetings_KEY')
10:24:12.574 [main] DEBUG org.hibernate.boot.model.internal.AnnotatedColumn - Binding column: AnnotatedJoinColumn(column='meetings_KEY')
10:24:12.574 [main] DEBUG org.hibernate.boot.model.internal.AnnotatedColumn - Binding column: AnnotatedJoinColumn()
10:24:12.574 [main] DEBUG org.hibernate.boot.model.internal.AnnotatedColumn - Binding column: AnnotatedJoinColumn()
10:24:12.574 [main] DEBUG org.hibernate.boot.model.internal.CollectionBinder - Collection role: org.frcpm.models.Project.meetings
10:24:12.574 [main] DEBUG org.hibernate.boot.model.internal.PropertyBinder - Building property meetings
10:24:12.574 [main] DEBUG org.hibernate.boot.model.internal.AnnotatedColumn - Binding column: AnnotatedJoinColumn()
10:24:12.574 [main] DEBUG org.hibernate.boot.model.internal.AnnotatedColumn - Binding column: AnnotatedColumn()
10:24:12.574 [main] DEBUG org.hibernate.boot.model.internal.AnnotatedColumn - Binding column: IndexColumn(column='milestones_ORDER')
10:24:12.574 [main] DEBUG org.hibernate.boot.model.internal.AnnotatedColumn - Binding column: AnnotatedColumn()
10:24:12.575 [main] DEBUG org.hibernate.boot.model.internal.AnnotatedColumn - Binding column: AnnotatedColumn(column='milestones_KEY')
10:24:12.575 [main] DEBUG org.hibernate.boot.model.internal.AnnotatedColumn - Binding column: AnnotatedJoinColumn(column='milestones_KEY')
10:24:12.575 [main] DEBUG org.hibernate.boot.model.internal.AnnotatedColumn - Binding column: AnnotatedJoinColumn()
10:24:12.575 [main] DEBUG org.hibernate.boot.model.internal.AnnotatedColumn - Binding column: AnnotatedJoinColumn()
10:24:12.575 [main] DEBUG org.hibernate.boot.model.internal.CollectionBinder - Collection role: org.frcpm.models.Project.milestones
10:24:12.575 [main] DEBUG org.hibernate.boot.model.internal.PropertyBinder - Building property milestones
10:24:12.575 [main] DEBUG org.hibernate.boot.model.internal.AnnotatedColumn - Binding column: AnnotatedColumn(column='name')
10:24:12.575 [main] DEBUG org.hibernate.boot.model.internal.PropertyBinder - MetadataSourceProcessor property name with lazy=false
10:24:12.575 [main] DEBUG org.hibernate.boot.model.internal.AbstractPropertyHolder - Attempting to locate auto-apply AttributeConverter for property [org.frcpm.models.Project:name]
10:24:12.575 [main] DEBUG org.hibernate.boot.model.internal.BasicValueBinder - building BasicValue for name
10:24:12.575 [main] DEBUG org.hibernate.mapping.BasicValue - Skipping column re-registration: projects.name
10:24:12.575 [main] DEBUG org.hibernate.boot.model.internal.PropertyBinder - Building property name
10:24:12.575 [main] DEBUG org.hibernate.boot.model.internal.AnnotatedColumn - Binding column: AnnotatedColumn(column='start_date')
10:24:12.575 [main] DEBUG org.hibernate.boot.model.internal.PropertyBinder - MetadataSourceProcessor property startDate with lazy=false
10:24:12.575 [main] DEBUG org.hibernate.boot.model.internal.AbstractPropertyHolder - Attempting to locate auto-apply AttributeConverter for property [org.frcpm.models.Project:startDate]
10:24:12.576 [main] DEBUG org.hibernate.boot.model.internal.BasicValueBinder - building BasicValue for startDate
10:24:12.576 [main] DEBUG org.hibernate.mapping.BasicValue - Skipping column re-registration: projects.start_date
10:24:12.576 [main] DEBUG org.hibernate.boot.model.internal.PropertyBinder - Building property startDate
10:24:12.576 [main] DEBUG org.hibernate.boot.model.internal.AnnotatedColumn - Binding column: AnnotatedJoinColumn()
10:24:12.576 [main] DEBUG org.hibernate.boot.model.internal.AnnotatedColumn - Binding column: AnnotatedColumn()
10:24:12.576 [main] DEBUG org.hibernate.boot.model.internal.AnnotatedColumn - Binding column: IndexColumn(column='tasks_ORDER')
10:24:12.577 [main] DEBUG org.hibernate.boot.model.internal.AnnotatedColumn - Binding column: AnnotatedColumn()
10:24:12.577 [main] DEBUG org.hibernate.boot.model.internal.AnnotatedColumn - Binding column: AnnotatedColumn(column='tasks_KEY')
10:24:12.577 [main] DEBUG org.hibernate.boot.model.internal.AnnotatedColumn - Binding column: AnnotatedJoinColumn(column='tasks_KEY')
10:24:12.577 [main] DEBUG org.hibernate.boot.model.internal.AnnotatedColumn - Binding column: AnnotatedJoinColumn()
10:24:12.577 [main] DEBUG org.hibernate.boot.model.internal.AnnotatedColumn - Binding column: AnnotatedJoinColumn()
10:24:12.577 [main] DEBUG org.hibernate.boot.model.internal.CollectionBinder - Collection role: org.frcpm.models.Project.tasks
10:24:12.577 [main] DEBUG org.hibernate.boot.model.internal.PropertyBinder - Building property tasks
10:24:12.579 [main] DEBUG org.hibernate.boot.registry.classloading.internal.ClassLoaderServiceImpl - HHH000194: Package not found or no package-info.java: org.frcpm.models
10:24:12.579 [main] DEBUG org.hibernate.boot.model.internal.EntityBinder - Binding entity from annotated class: org.frcpm.models.Subteam
10:24:12.579 [main] DEBUG org.hibernate.boot.model.internal.EntityBinder - Import with entity name Subteam
10:24:12.579 [main] DEBUG org.hibernate.boot.model.internal.EntityBinder - Bind entity org.frcpm.models.Subteam on table subteams
10:24:12.579 [main] DEBUG org.hibernate.boot.model.internal.AnnotatedColumn - Binding column: AnnotatedDiscriminatorColumn(column='DTYPE')
10:24:12.582 [main] DEBUG org.hibernate.boot.model.internal.AnnotatedColumn - Binding column: AnnotatedColumn()
10:24:12.582 [main] DEBUG org.hibernate.boot.internal.ClassLoaderAccessImpl - Not known whether passed class name [org.frcpm.models.Subteam] is safe
10:24:12.582 [main] DEBUG org.hibernate.boot.internal.ClassLoaderAccessImpl - No temp ClassLoader provided; using live ClassLoader for loading potentially unsafe class : org.frcpm.models.Subteam
10:24:12.582 [main] DEBUG org.hibernate.boot.model.internal.PropertyBinder - MetadataSourceProcessor property id with lazy=false
10:24:12.582 [main] DEBUG org.hibernate.boot.model.internal.AbstractPropertyHolder - Attempting to locate auto-apply AttributeConverter for property [org.frcpm.models.Subteam:id]
10:24:12.582 [main] DEBUG org.hibernate.boot.model.internal.BasicValueBinder - building BasicValue for id
10:24:12.582 [main] DEBUG org.hibernate.mapping.BasicValue - Skipping column re-registration: subteams.id
10:24:12.582 [main] DEBUG org.hibernate.boot.model.internal.PropertyBinder - Building property id
10:24:12.583 [main] DEBUG org.hibernate.boot.model.internal.BinderHelper - #makeIdGenerator(BasicValue([Column(id)]), id, identity, , ...)
10:24:12.583 [main] DEBUG org.hibernate.boot.model.internal.AnnotatedColumn - Binding column: AnnotatedColumn(column='color_code')
10:24:12.583 [main] DEBUG org.hibernate.boot.model.internal.PropertyBinder - MetadataSourceProcessor property colorCode with lazy=false
10:24:12.583 [main] DEBUG org.hibernate.boot.model.internal.AbstractPropertyHolder - Attempting to locate auto-apply AttributeConverter for property [org.frcpm.models.Subteam:colorCode]
10:24:12.583 [main] DEBUG org.hibernate.boot.model.internal.BasicValueBinder - building BasicValue for colorCode
10:24:12.583 [main] DEBUG org.hibernate.mapping.BasicValue - Skipping column re-registration: subteams.color_code
10:24:12.583 [main] DEBUG org.hibernate.boot.model.internal.PropertyBinder - Building property colorCode
10:24:12.583 [main] DEBUG org.hibernate.boot.model.internal.AnnotatedColumn - Binding column: AnnotatedJoinColumn()
10:24:12.583 [main] DEBUG org.hibernate.boot.model.internal.AnnotatedColumn - Binding column: AnnotatedColumn()
10:24:12.584 [main] DEBUG org.hibernate.boot.model.internal.AnnotatedColumn - Binding column: IndexColumn(column='members_ORDER')
10:24:12.584 [main] DEBUG org.hibernate.boot.model.internal.AnnotatedColumn - Binding column: AnnotatedColumn()
10:24:12.584 [main] DEBUG org.hibernate.boot.model.internal.AnnotatedColumn - Binding column: AnnotatedColumn(column='members_KEY')
10:24:12.584 [main] DEBUG org.hibernate.boot.model.internal.AnnotatedColumn - Binding column: AnnotatedJoinColumn(column='members_KEY')
10:24:12.584 [main] DEBUG org.hibernate.boot.model.internal.AnnotatedColumn - Binding column: AnnotatedJoinColumn()
10:24:12.584 [main] DEBUG org.hibernate.boot.model.internal.AnnotatedColumn - Binding column: AnnotatedJoinColumn()
10:24:12.584 [main] DEBUG org.hibernate.boot.model.internal.CollectionBinder - Collection role: org.frcpm.models.Subteam.members
10:24:12.584 [main] DEBUG org.hibernate.boot.model.internal.PropertyBinder - Building property members
10:24:12.584 [main] DEBUG org.hibernate.boot.model.internal.AnnotatedColumn - Binding column: AnnotatedColumn(column='name')
10:24:12.584 [main] DEBUG org.hibernate.boot.model.internal.PropertyBinder - MetadataSourceProcessor property name with lazy=false
10:24:12.584 [main] DEBUG org.hibernate.boot.model.internal.AbstractPropertyHolder - Attempting to locate auto-apply AttributeConverter for property [org.frcpm.models.Subteam:name]
10:24:12.584 [main] DEBUG org.hibernate.boot.model.internal.BasicValueBinder - building BasicValue for name
10:24:12.584 [main] DEBUG org.hibernate.mapping.BasicValue - Skipping column re-registration: subteams.name
10:24:12.584 [main] DEBUG org.hibernate.boot.model.internal.PropertyBinder - Building property name
10:24:12.584 [main] DEBUG org.hibernate.boot.model.internal.AnnotatedColumn - Binding column: AnnotatedColumn(column='specialties')
10:24:12.584 [main] DEBUG org.hibernate.boot.model.internal.PropertyBinder - MetadataSourceProcessor property specialties with lazy=false
10:24:12.584 [main] DEBUG org.hibernate.boot.model.internal.AbstractPropertyHolder - Attempting to locate auto-apply AttributeConverter for property [org.frcpm.models.Subteam:specialties]
10:24:12.584 [main] DEBUG org.hibernate.boot.model.internal.BasicValueBinder - building BasicValue for specialties
10:24:12.584 [main] DEBUG org.hibernate.mapping.BasicValue - Skipping column re-registration: subteams.specialties
10:24:12.584 [main] DEBUG org.hibernate.boot.model.internal.PropertyBinder - Building property specialties
10:24:12.584 [main] DEBUG org.hibernate.boot.model.internal.AnnotatedColumn - Binding column: AnnotatedJoinColumn()
10:24:12.584 [main] DEBUG org.hibernate.boot.model.internal.AnnotatedColumn - Binding column: AnnotatedColumn()
10:24:12.584 [main] DEBUG org.hibernate.boot.model.internal.AnnotatedColumn - Binding column: IndexColumn(column='subsystems_ORDER')
10:24:12.585 [main] DEBUG org.hibernate.boot.model.internal.AnnotatedColumn - Binding column: AnnotatedColumn()
10:24:12.585 [main] DEBUG org.hibernate.boot.model.internal.AnnotatedColumn - Binding column: AnnotatedColumn(column='subsystems_KEY')
10:24:12.585 [main] DEBUG org.hibernate.boot.model.internal.AnnotatedColumn - Binding column: AnnotatedJoinColumn(column='subsystems_KEY')
10:24:12.585 [main] DEBUG org.hibernate.boot.model.internal.AnnotatedColumn - Binding column: AnnotatedJoinColumn()
10:24:12.585 [main] DEBUG org.hibernate.boot.model.internal.AnnotatedColumn - Binding column: AnnotatedJoinColumn()
10:24:12.585 [main] DEBUG org.hibernate.boot.model.internal.CollectionBinder - Collection role: org.frcpm.models.Subteam.subsystems
10:24:12.585 [main] DEBUG org.hibernate.boot.model.internal.PropertyBinder - Building property subsystems
10:24:12.587 [main] DEBUG org.hibernate.boot.registry.classloading.internal.ClassLoaderServiceImpl - HHH000194: Package not found or no package-info.java: org.frcpm.models
10:24:12.588 [main] DEBUG org.hibernate.boot.model.internal.EntityBinder - Binding entity from annotated class: org.frcpm.models.Task
10:24:12.588 [main] DEBUG org.hibernate.boot.model.internal.EntityBinder - Import with entity name Task
10:24:12.588 [main] DEBUG org.hibernate.boot.model.internal.EntityBinder - Bind entity org.frcpm.models.Task on table tasks
10:24:12.589 [main] DEBUG org.hibernate.boot.model.internal.AnnotatedColumn - Binding column: AnnotatedDiscriminatorColumn(column='DTYPE')
10:24:12.590 [main] DEBUG org.hibernate.boot.model.internal.AnnotatedColumn - Binding column: AnnotatedColumn()
10:24:12.590 [main] DEBUG org.hibernate.boot.internal.ClassLoaderAccessImpl - Not known whether passed class name [org.frcpm.models.Task] is safe
10:24:12.590 [main] DEBUG org.hibernate.boot.internal.ClassLoaderAccessImpl - No temp ClassLoader provided; using live ClassLoader for loading potentially unsafe class : org.frcpm.models.Task
10:24:12.590 [main] DEBUG org.hibernate.boot.model.internal.PropertyBinder - MetadataSourceProcessor property id with lazy=false
10:24:12.590 [main] DEBUG org.hibernate.boot.model.internal.AbstractPropertyHolder - Attempting to locate auto-apply AttributeConverter for property [org.frcpm.models.Task:id]
10:24:12.590 [main] DEBUG org.hibernate.boot.model.internal.BasicValueBinder - building BasicValue for id
10:24:12.590 [main] DEBUG org.hibernate.mapping.BasicValue - Skipping column re-registration: tasks.id
10:24:12.590 [main] DEBUG org.hibernate.boot.model.internal.PropertyBinder - Building property id
10:24:12.590 [main] DEBUG org.hibernate.boot.model.internal.BinderHelper - #makeIdGenerator(BasicValue([Column(id)]), id, identity, , ...)
10:24:12.590 [main] DEBUG org.hibernate.boot.model.internal.AnnotatedColumn - Binding column: AnnotatedColumn(column='actual_duration_seconds')
10:24:12.591 [main] DEBUG org.hibernate.boot.model.internal.PropertyBinder - MetadataSourceProcessor property actualDurationSeconds with lazy=false
10:24:12.591 [main] DEBUG org.hibernate.boot.model.internal.AbstractPropertyHolder - Attempting to locate auto-apply AttributeConverter for property [org.frcpm.models.Task:actualDurationSeconds]
10:24:12.591 [main] DEBUG org.hibernate.boot.model.internal.BasicValueBinder - building BasicValue for actualDurationSeconds
10:24:12.591 [main] DEBUG org.hibernate.mapping.BasicValue - Skipping column re-registration: tasks.actual_duration_seconds
10:24:12.591 [main] DEBUG org.hibernate.boot.model.internal.PropertyBinder - Building property actualDurationSeconds
10:24:12.591 [main] DEBUG org.hibernate.boot.model.internal.AnnotatedColumn - Binding column: IndexColumn(column='assignedTo_ORDER')
10:24:12.591 [main] DEBUG org.hibernate.boot.model.internal.AnnotatedColumn - Binding column: AnnotatedColumn()
10:24:12.591 [main] DEBUG org.hibernate.boot.model.internal.AnnotatedColumn - Binding column: AnnotatedColumn(column='assignedTo_KEY')
10:24:12.591 [main] DEBUG org.hibernate.boot.model.internal.AnnotatedColumn - Binding column: AnnotatedJoinColumn(column='assignedTo_KEY')
10:24:12.591 [main] DEBUG org.hibernate.boot.model.internal.AnnotatedColumn - Binding column: AnnotatedJoinColumn(column='task_id')
10:24:12.591 [main] DEBUG org.hibernate.boot.model.internal.AnnotatedColumn - Binding column: AnnotatedJoinColumn(column='team_member_id')
10:24:12.591 [main] DEBUG org.hibernate.boot.model.internal.CollectionBinder - Collection role: org.frcpm.models.Task.assignedTo
10:24:12.591 [main] DEBUG org.hibernate.boot.model.internal.PropertyBinder - Building property assignedTo
10:24:12.592 [main] DEBUG org.hibernate.boot.model.internal.AnnotatedColumn - Binding column: AnnotatedColumn(column='completed')
10:24:12.592 [main] DEBUG org.hibernate.boot.model.internal.PropertyBinder - MetadataSourceProcessor property completed with lazy=false
10:24:12.592 [main] DEBUG org.hibernate.boot.model.internal.AbstractPropertyHolder - Attempting to locate auto-apply AttributeConverter for property [org.frcpm.models.Task:completed]
10:24:12.592 [main] DEBUG org.hibernate.boot.model.internal.BasicValueBinder - building BasicValue for completed
10:24:12.592 [main] DEBUG org.hibernate.mapping.BasicValue - Skipping column re-registration: tasks.completed
10:24:12.592 [main] DEBUG org.hibernate.boot.model.internal.PropertyBinder - Building property completed
10:24:12.592 [main] DEBUG org.hibernate.boot.model.internal.AnnotatedColumn - Binding column: AnnotatedColumn(column='description')
10:24:12.592 [main] DEBUG org.hibernate.boot.model.internal.PropertyBinder - MetadataSourceProcessor property description with lazy=false
10:24:12.592 [main] DEBUG org.hibernate.boot.model.internal.AbstractPropertyHolder - Attempting to locate auto-apply AttributeConverter for property [org.frcpm.models.Task:description]
10:24:12.592 [main] DEBUG org.hibernate.boot.model.internal.BasicValueBinder - building BasicValue for description
10:24:12.592 [main] DEBUG org.hibernate.mapping.BasicValue - Skipping column re-registration: tasks.description
10:24:12.592 [main] DEBUG org.hibernate.boot.model.internal.PropertyBinder - Building property description
10:24:12.592 [main] DEBUG org.hibernate.boot.model.internal.AnnotatedColumn - Binding column: AnnotatedColumn(column='end_date')
10:24:12.592 [main] DEBUG org.hibernate.boot.model.internal.PropertyBinder - MetadataSourceProcessor property endDate with lazy=false
10:24:12.592 [main] DEBUG org.hibernate.boot.model.internal.AbstractPropertyHolder - Attempting to locate auto-apply AttributeConverter for property [org.frcpm.models.Task:endDate]
10:24:12.592 [main] DEBUG org.hibernate.boot.model.internal.BasicValueBinder - building BasicValue for endDate
10:24:12.592 [main] DEBUG org.hibernate.mapping.BasicValue - Skipping column re-registration: tasks.end_date
10:24:12.592 [main] DEBUG org.hibernate.boot.model.internal.PropertyBinder - Building property endDate
10:24:12.592 [main] DEBUG org.hibernate.boot.model.internal.AnnotatedColumn - Binding column: AnnotatedColumn(column='estimated_duration_seconds')
10:24:12.592 [main] DEBUG org.hibernate.boot.model.internal.PropertyBinder - MetadataSourceProcessor property estimatedDurationSeconds with lazy=false
10:24:12.592 [main] DEBUG org.hibernate.boot.model.internal.AbstractPropertyHolder - Attempting to locate auto-apply AttributeConverter for property [org.frcpm.models.Task:estimatedDurationSeconds]
10:24:12.592 [main] DEBUG org.hibernate.boot.model.internal.BasicValueBinder - building BasicValue for estimatedDurationSeconds
10:24:12.592 [main] DEBUG org.hibernate.mapping.BasicValue - Skipping column re-registration: tasks.estimated_duration_seconds
10:24:12.592 [main] DEBUG org.hibernate.boot.model.internal.PropertyBinder - Building property estimatedDurationSeconds
10:24:12.593 [main] DEBUG org.hibernate.boot.model.internal.AnnotatedColumn - Binding column: IndexColumn(column='postDependencies_ORDER')
10:24:12.593 [main] DEBUG org.hibernate.boot.model.internal.AnnotatedColumn - Binding column: AnnotatedColumn()
10:24:12.593 [main] DEBUG org.hibernate.boot.model.internal.AnnotatedColumn - Binding column: AnnotatedColumn(column='postDependencies_KEY')
10:24:12.593 [main] DEBUG org.hibernate.boot.model.internal.AnnotatedColumn - Binding column: AnnotatedJoinColumn(column='postDependencies_KEY')
10:24:12.593 [main] DEBUG org.hibernate.boot.model.internal.AnnotatedColumn - Binding column: AnnotatedJoinColumn()
10:24:12.593 [main] DEBUG org.hibernate.boot.model.internal.AnnotatedColumn - Binding column: AnnotatedJoinColumn()
10:24:12.593 [main] DEBUG org.hibernate.boot.model.internal.CollectionBinder - Collection role: org.frcpm.models.Task.postDependencies
10:24:12.593 [main] DEBUG org.hibernate.boot.model.internal.PropertyBinder - Building property postDependencies
10:24:12.593 [main] DEBUG org.hibernate.boot.model.internal.AnnotatedColumn - Binding column: IndexColumn(column='preDependencies_ORDER')
10:24:12.593 [main] DEBUG org.hibernate.boot.model.internal.AnnotatedColumn - Binding column: AnnotatedColumn()
10:24:12.593 [main] DEBUG org.hibernate.boot.model.internal.AnnotatedColumn - Binding column: AnnotatedColumn(column='preDependencies_KEY')
10:24:12.593 [main] DEBUG org.hibernate.boot.model.internal.AnnotatedColumn - Binding column: AnnotatedJoinColumn(column='preDependencies_KEY')
10:24:12.593 [main] DEBUG org.hibernate.boot.model.internal.AnnotatedColumn - Binding column: AnnotatedJoinColumn(column='task_id')
10:24:12.593 [main] DEBUG org.hibernate.boot.model.internal.AnnotatedColumn - Binding column: AnnotatedJoinColumn(column='dependency_id')
10:24:12.593 [main] DEBUG org.hibernate.boot.model.internal.CollectionBinder - Collection role: org.frcpm.models.Task.preDependencies
10:24:12.593 [main] DEBUG org.hibernate.boot.model.internal.PropertyBinder - Building property preDependencies
10:24:12.593 [main] DEBUG org.hibernate.boot.model.internal.AnnotatedColumn - Binding column: AnnotatedColumn(column='priority')
10:24:12.594 [main] DEBUG org.hibernate.boot.model.internal.PropertyBinder - MetadataSourceProcessor property priority with lazy=false
10:24:12.594 [main] DEBUG org.hibernate.boot.model.internal.AbstractPropertyHolder - Attempting to locate auto-apply AttributeConverter for property [org.frcpm.models.Task:priority]
10:24:12.594 [main] DEBUG org.hibernate.boot.model.internal.BasicValueBinder - building BasicValue for priority
10:24:12.594 [main] DEBUG org.hibernate.mapping.BasicValue - Skipping column re-registration: tasks.priority
10:24:12.594 [main] DEBUG org.hibernate.boot.model.internal.PropertyBinder - Building property priority
10:24:12.594 [main] DEBUG org.hibernate.boot.model.internal.AnnotatedColumn - Binding column: AnnotatedColumn(column='progress')
10:24:12.594 [main] DEBUG org.hibernate.boot.model.internal.PropertyBinder - MetadataSourceProcessor property progress with lazy=false
10:24:12.594 [main] DEBUG org.hibernate.boot.model.internal.AbstractPropertyHolder - Attempting to locate auto-apply AttributeConverter for property [org.frcpm.models.Task:progress]
10:24:12.594 [main] DEBUG org.hibernate.boot.model.internal.BasicValueBinder - building BasicValue for progress
10:24:12.594 [main] DEBUG org.hibernate.mapping.BasicValue - Skipping column re-registration: tasks.progress
10:24:12.594 [main] DEBUG org.hibernate.boot.model.internal.PropertyBinder - Building property progress
10:24:12.594 [main] DEBUG org.hibernate.boot.model.internal.AnnotatedColumn - Binding column: AnnotatedJoinColumn(column='project_id')
10:24:12.594 [main] DEBUG org.hibernate.boot.model.internal.AnnotatedColumn - Binding column: AnnotatedColumn()
10:24:12.594 [main] DEBUG org.hibernate.boot.model.internal.PropertyBinder - Building property project
10:24:12.594 [main] DEBUG org.hibernate.boot.model.internal.AnnotatedColumn - Binding column: IndexColumn(column='requiredComponents_ORDER')
10:24:12.594 [main] DEBUG org.hibernate.boot.model.internal.AnnotatedColumn - Binding column: AnnotatedColumn()
10:24:12.594 [main] DEBUG org.hibernate.boot.model.internal.AnnotatedColumn - Binding column: AnnotatedColumn(column='requiredComponents_KEY')
10:24:12.594 [main] DEBUG org.hibernate.boot.model.internal.AnnotatedColumn - Binding column: AnnotatedJoinColumn(column='requiredComponents_KEY')
10:24:12.594 [main] DEBUG org.hibernate.boot.model.internal.AnnotatedColumn - Binding column: AnnotatedJoinColumn(column='task_id')
10:24:12.594 [main] DEBUG org.hibernate.boot.model.internal.AnnotatedColumn - Binding column: AnnotatedJoinColumn(column='component_id')
10:24:12.594 [main] DEBUG org.hibernate.boot.model.internal.CollectionBinder - Collection role: org.frcpm.models.Task.requiredComponents
10:24:12.594 [main] DEBUG org.hibernate.boot.model.internal.PropertyBinder - Building property requiredComponents
10:24:12.594 [main] DEBUG org.hibernate.boot.model.internal.AnnotatedColumn - Binding column: AnnotatedColumn(column='start_date')
10:24:12.594 [main] DEBUG org.hibernate.boot.model.internal.PropertyBinder - MetadataSourceProcessor property startDate with lazy=false
10:24:12.594 [main] DEBUG org.hibernate.boot.model.internal.AbstractPropertyHolder - Attempting to locate auto-apply AttributeConverter for property [org.frcpm.models.Task:startDate]
10:24:12.594 [main] DEBUG org.hibernate.boot.model.internal.BasicValueBinder - building BasicValue for startDate
10:24:12.595 [main] DEBUG org.hibernate.mapping.BasicValue - Skipping column re-registration: tasks.start_date
10:24:12.595 [main] DEBUG org.hibernate.boot.model.internal.PropertyBinder - Building property startDate
10:24:12.595 [main] DEBUG org.hibernate.boot.model.internal.AnnotatedColumn - Binding column: AnnotatedJoinColumn(column='subsystem_id')
10:24:12.595 [main] DEBUG org.hibernate.boot.model.internal.AnnotatedColumn - Binding column: AnnotatedColumn()
10:24:12.595 [main] DEBUG org.hibernate.boot.model.internal.PropertyBinder - Building property subsystem
10:24:12.595 [main] DEBUG org.hibernate.boot.model.internal.AnnotatedColumn - Binding column: AnnotatedColumn(column='title')
10:24:12.595 [main] DEBUG org.hibernate.boot.model.internal.PropertyBinder - MetadataSourceProcessor property title with lazy=false
10:24:12.595 [main] DEBUG org.hibernate.boot.model.internal.AbstractPropertyHolder - Attempting to locate auto-apply AttributeConverter for property [org.frcpm.models.Task:title]
10:24:12.595 [main] DEBUG org.hibernate.boot.model.internal.BasicValueBinder - building BasicValue for title
10:24:12.595 [main] DEBUG org.hibernate.mapping.BasicValue - Skipping column re-registration: tasks.title
10:24:12.595 [main] DEBUG org.hibernate.boot.model.internal.PropertyBinder - Building property title
10:24:12.597 [main] DEBUG org.hibernate.boot.registry.classloading.internal.ClassLoaderServiceImpl - HHH000194: Package not found or no package-info.java: org.frcpm.models
10:24:12.599 [main] DEBUG org.hibernate.boot.model.internal.EntityBinder - Binding entity from annotated class: org.frcpm.models.TeamMember
10:24:12.599 [main] DEBUG org.hibernate.boot.model.internal.EntityBinder - Import with entity name TeamMember
10:24:12.599 [main] DEBUG org.hibernate.boot.model.internal.EntityBinder - Bind entity org.frcpm.models.TeamMember on table team_members
10:24:12.599 [main] DEBUG org.hibernate.boot.model.internal.AnnotatedColumn - Binding column: AnnotatedDiscriminatorColumn(column='DTYPE')
10:24:12.600 [main] DEBUG org.hibernate.boot.model.internal.AnnotatedColumn - Binding column: AnnotatedColumn()
10:24:12.600 [main] DEBUG org.hibernate.boot.internal.ClassLoaderAccessImpl - Not known whether passed class name [org.frcpm.models.TeamMember] is safe
10:24:12.600 [main] DEBUG org.hibernate.boot.internal.ClassLoaderAccessImpl - No temp ClassLoader provided; using live ClassLoader for loading potentially unsafe class : org.frcpm.models.TeamMember
10:24:12.600 [main] DEBUG org.hibernate.boot.model.internal.PropertyBinder - MetadataSourceProcessor property id with lazy=false
10:24:12.600 [main] DEBUG org.hibernate.boot.model.internal.AbstractPropertyHolder - Attempting to locate auto-apply AttributeConverter for property [org.frcpm.models.TeamMember:id]
10:24:12.600 [main] DEBUG org.hibernate.boot.model.internal.BasicValueBinder - building BasicValue for id
10:24:12.600 [main] DEBUG org.hibernate.mapping.BasicValue - Skipping column re-registration: team_members.id
10:24:12.600 [main] DEBUG org.hibernate.boot.model.internal.PropertyBinder - Building property id
10:24:12.600 [main] DEBUG org.hibernate.boot.model.internal.BinderHelper - #makeIdGenerator(BasicValue([Column(id)]), id, identity, , ...)
10:24:12.601 [main] DEBUG org.hibernate.boot.model.internal.AnnotatedColumn - Binding column: IndexColumn(column='assignedTasks_ORDER')
10:24:12.602 [main] DEBUG org.hibernate.boot.model.internal.AnnotatedColumn - Binding column: AnnotatedColumn()
10:24:12.602 [main] DEBUG org.hibernate.boot.model.internal.AnnotatedColumn - Binding column: AnnotatedColumn(column='assignedTasks_KEY')
10:24:12.602 [main] DEBUG org.hibernate.boot.model.internal.AnnotatedColumn - Binding column: AnnotatedJoinColumn(column='assignedTasks_KEY')
10:24:12.602 [main] DEBUG org.hibernate.boot.model.internal.AnnotatedColumn - Binding column: AnnotatedJoinColumn()
10:24:12.602 [main] DEBUG org.hibernate.boot.model.internal.AnnotatedColumn - Binding column: AnnotatedJoinColumn()
10:24:12.602 [main] DEBUG org.hibernate.boot.model.internal.CollectionBinder - Collection role: org.frcpm.models.TeamMember.assignedTasks
10:24:12.602 [main] DEBUG org.hibernate.boot.model.internal.PropertyBinder - Building property assignedTasks
10:24:12.602 [main] DEBUG org.hibernate.boot.model.internal.AnnotatedColumn - Binding column: AnnotatedJoinColumn()
10:24:12.602 [main] DEBUG org.hibernate.boot.model.internal.AnnotatedColumn - Binding column: AnnotatedColumn()
10:24:12.602 [main] DEBUG org.hibernate.boot.model.internal.AnnotatedColumn - Binding column: IndexColumn(column='attendances_ORDER')
10:24:12.602 [main] DEBUG org.hibernate.boot.model.internal.AnnotatedColumn - Binding column: AnnotatedColumn()
10:24:12.602 [main] DEBUG org.hibernate.boot.model.internal.AnnotatedColumn - Binding column: AnnotatedColumn(column='attendances_KEY')
10:24:12.602 [main] DEBUG org.hibernate.boot.model.internal.AnnotatedColumn - Binding column: AnnotatedJoinColumn(column='attendances_KEY')
10:24:12.602 [main] DEBUG org.hibernate.boot.model.internal.AnnotatedColumn - Binding column: AnnotatedJoinColumn()
10:24:12.602 [main] DEBUG org.hibernate.boot.model.internal.AnnotatedColumn - Binding column: AnnotatedJoinColumn()
10:24:12.602 [main] DEBUG org.hibernate.boot.model.internal.CollectionBinder - Collection role: org.frcpm.models.TeamMember.attendances
10:24:12.602 [main] DEBUG org.hibernate.boot.model.internal.PropertyBinder - Building property attendances
10:24:12.602 [main] DEBUG org.hibernate.boot.model.internal.AnnotatedColumn - Binding column: AnnotatedColumn(column='email')
10:24:12.602 [main] DEBUG org.hibernate.boot.model.internal.PropertyBinder - MetadataSourceProcessor property email with lazy=false
10:24:12.602 [main] DEBUG org.hibernate.boot.model.internal.AbstractPropertyHolder - Attempting to locate auto-apply AttributeConverter for property [org.frcpm.models.TeamMember:email]
10:24:12.602 [main] DEBUG org.hibernate.boot.model.internal.BasicValueBinder - building BasicValue for email
10:24:12.602 [main] DEBUG org.hibernate.mapping.BasicValue - Skipping column re-registration: team_members.email
10:24:12.602 [main] DEBUG org.hibernate.boot.model.internal.PropertyBinder - Building property email
10:24:12.602 [main] DEBUG org.hibernate.boot.model.internal.AnnotatedColumn - Binding column: AnnotatedColumn(column='first_name')
10:24:12.602 [main] DEBUG org.hibernate.boot.model.internal.PropertyBinder - MetadataSourceProcessor property firstName with lazy=false
10:24:12.603 [main] DEBUG org.hibernate.boot.model.internal.AbstractPropertyHolder - Attempting to locate auto-apply AttributeConverter for property [org.frcpm.models.TeamMember:firstName]
10:24:12.603 [main] DEBUG org.hibernate.boot.model.internal.BasicValueBinder - building BasicValue for firstName
10:24:12.603 [main] DEBUG org.hibernate.mapping.BasicValue - Skipping column re-registration: team_members.first_name
10:24:12.603 [main] DEBUG org.hibernate.boot.model.internal.PropertyBinder - Building property firstName
10:24:12.603 [main] DEBUG org.hibernate.boot.model.internal.AnnotatedColumn - Binding column: AnnotatedColumn(column='last_name')
10:24:12.603 [main] DEBUG org.hibernate.boot.model.internal.PropertyBinder - MetadataSourceProcessor property lastName with lazy=false
10:24:12.603 [main] DEBUG org.hibernate.boot.model.internal.AbstractPropertyHolder - Attempting to locate auto-apply AttributeConverter for property [org.frcpm.models.TeamMember:lastName]
10:24:12.603 [main] DEBUG org.hibernate.boot.model.internal.BasicValueBinder - building BasicValue for lastName
10:24:12.603 [main] DEBUG org.hibernate.mapping.BasicValue - Skipping column re-registration: team_members.last_name
10:24:12.603 [main] DEBUG org.hibernate.boot.model.internal.PropertyBinder - Building property lastName
10:24:12.603 [main] DEBUG org.hibernate.boot.model.internal.AnnotatedColumn - Binding column: AnnotatedColumn(column='is_leader')
10:24:12.603 [main] DEBUG org.hibernate.boot.model.internal.PropertyBinder - MetadataSourceProcessor property leader with lazy=false
10:24:12.603 [main] DEBUG org.hibernate.boot.model.internal.AbstractPropertyHolder - Attempting to locate auto-apply AttributeConverter for property [org.frcpm.models.TeamMember:leader]
10:24:12.603 [main] DEBUG org.hibernate.boot.model.internal.BasicValueBinder - building BasicValue for leader
10:24:12.603 [main] DEBUG org.hibernate.mapping.BasicValue - Skipping column re-registration: team_members.is_leader
10:24:12.603 [main] DEBUG org.hibernate.boot.model.internal.PropertyBinder - Building property leader
10:24:12.603 [main] DEBUG org.hibernate.boot.model.internal.AnnotatedColumn - Binding column: AnnotatedColumn(column='phone')
10:24:12.603 [main] DEBUG org.hibernate.boot.model.internal.PropertyBinder - MetadataSourceProcessor property phone with lazy=false
10:24:12.603 [main] DEBUG org.hibernate.boot.model.internal.AbstractPropertyHolder - Attempting to locate auto-apply AttributeConverter for property [org.frcpm.models.TeamMember:phone]
10:24:12.603 [main] DEBUG org.hibernate.boot.model.internal.BasicValueBinder - building BasicValue for phone
10:24:12.603 [main] DEBUG org.hibernate.mapping.BasicValue - Skipping column re-registration: team_members.phone
10:24:12.603 [main] DEBUG org.hibernate.boot.model.internal.PropertyBinder - Building property phone
10:24:12.603 [main] DEBUG org.hibernate.boot.model.internal.AnnotatedColumn - Binding column: AnnotatedColumn(column='skills')
10:24:12.603 [main] DEBUG org.hibernate.boot.model.internal.PropertyBinder - MetadataSourceProcessor property skills with lazy=false
10:24:12.603 [main] DEBUG org.hibernate.boot.model.internal.AbstractPropertyHolder - Attempting to locate auto-apply AttributeConverter for property [org.frcpm.models.TeamMember:skills]
10:24:12.603 [main] DEBUG org.hibernate.boot.model.internal.BasicValueBinder - building BasicValue for skills
10:24:12.603 [main] DEBUG org.hibernate.mapping.BasicValue - Skipping column re-registration: team_members.skills
10:24:12.603 [main] DEBUG org.hibernate.boot.model.internal.PropertyBinder - Building property skills
10:24:12.603 [main] DEBUG org.hibernate.boot.model.internal.AnnotatedColumn - Binding column: AnnotatedJoinColumn(column='subteam_id')
10:24:12.603 [main] DEBUG org.hibernate.boot.model.internal.AnnotatedColumn - Binding column: AnnotatedColumn()
10:24:12.603 [main] DEBUG org.hibernate.boot.model.internal.PropertyBinder - Building property subteam
10:24:12.604 [main] DEBUG org.hibernate.boot.model.internal.AnnotatedColumn - Binding column: AnnotatedColumn(column='username')
10:24:12.604 [main] DEBUG org.hibernate.boot.model.internal.PropertyBinder - MetadataSourceProcessor property username with lazy=false
10:24:12.604 [main] DEBUG org.hibernate.boot.model.internal.AbstractPropertyHolder - Attempting to locate auto-apply AttributeConverter for property [org.frcpm.models.TeamMember:username]
10:24:12.604 [main] DEBUG org.hibernate.boot.model.internal.BasicValueBinder - building BasicValue for username
10:24:12.604 [main] DEBUG org.hibernate.mapping.BasicValue - Skipping column re-registration: team_members.username
10:24:12.604 [main] DEBUG org.hibernate.boot.model.internal.PropertyBinder - Building property username
10:24:12.605 [main] DEBUG org.hibernate.boot.registry.classloading.internal.ClassLoaderServiceImpl - HHH000194: Package not found or no package-info.java: org.frcpm.models
10:24:12.605 [main] DEBUG org.hibernate.boot.model.internal.BasicValueBinder - Starting `BasicValueBinder#fillSimpleValue` for id
10:24:12.605 [main] DEBUG org.hibernate.boot.model.internal.BasicValueBinder - Starting `BasicValueBinder#fillSimpleValue` for arrivalTime
10:24:12.605 [main] DEBUG org.hibernate.boot.model.internal.BasicValueBinder - Starting `BasicValueBinder#fillSimpleValue` for departureTime
10:24:12.605 [main] DEBUG org.hibernate.boot.model.internal.BasicValueBinder - Starting `BasicValueBinder#fillSimpleValue` for present
10:24:12.605 [main] DEBUG org.hibernate.boot.model.internal.BasicValueBinder - Starting `BasicValueBinder#fillSimpleValue` for id
10:24:12.605 [main] DEBUG org.hibernate.boot.model.internal.BasicValueBinder - Starting `BasicValueBinder#fillSimpleValue` for date
10:24:12.605 [main] DEBUG org.hibernate.boot.model.internal.BasicValueBinder - Starting `BasicValueBinder#fillSimpleValue` for endTime
10:24:12.605 [main] DEBUG org.hibernate.boot.model.internal.BasicValueBinder - Starting `BasicValueBinder#fillSimpleValue` for notes
10:24:12.605 [main] DEBUG org.hibernate.boot.model.internal.BasicValueBinder - Starting `BasicValueBinder#fillSimpleValue` for startTime
10:24:12.605 [main] DEBUG org.hibernate.boot.model.internal.BasicValueBinder - Starting `BasicValueBinder#fillSimpleValue` for id
10:24:12.605 [main] DEBUG org.hibernate.boot.model.internal.BasicValueBinder - Starting `BasicValueBinder#fillSimpleValue` for description
10:24:12.605 [main] DEBUG org.hibernate.boot.model.internal.BasicValueBinder - Starting `BasicValueBinder#fillSimpleValue` for name
10:24:12.605 [main] DEBUG org.hibernate.boot.model.internal.BasicValueBinder - Starting `BasicValueBinder#fillSimpleValue` for status
10:24:12.605 [main] DEBUG org.hibernate.boot.model.internal.BasicValueBinder - Starting `BasicValueBinder#fillSimpleValue` for id
10:24:12.605 [main] DEBUG org.hibernate.boot.model.internal.BasicValueBinder - Starting `BasicValueBinder#fillSimpleValue` for actualDelivery
10:24:12.605 [main] DEBUG org.hibernate.boot.model.internal.BasicValueBinder - Starting `BasicValueBinder#fillSimpleValue` for delivered
10:24:12.605 [main] DEBUG org.hibernate.boot.model.internal.BasicValueBinder - Starting `BasicValueBinder#fillSimpleValue` for description
10:24:12.605 [main] DEBUG org.hibernate.boot.model.internal.BasicValueBinder - Starting `BasicValueBinder#fillSimpleValue` for expectedDelivery
10:24:12.605 [main] DEBUG org.hibernate.boot.model.internal.BasicValueBinder - Starting `BasicValueBinder#fillSimpleValue` for name
10:24:12.605 [main] DEBUG org.hibernate.boot.model.internal.BasicValueBinder - Starting `BasicValueBinder#fillSimpleValue` for partNumber
10:24:12.605 [main] DEBUG org.hibernate.boot.model.internal.BasicValueBinder - Starting `BasicValueBinder#fillSimpleValue` for id
10:24:12.605 [main] DEBUG org.hibernate.boot.model.internal.BasicValueBinder - Starting `BasicValueBinder#fillSimpleValue` for date
10:24:12.605 [main] DEBUG org.hibernate.boot.model.internal.BasicValueBinder - Starting `BasicValueBinder#fillSimpleValue` for description
10:24:12.605 [main] DEBUG org.hibernate.boot.model.internal.BasicValueBinder - Starting `BasicValueBinder#fillSimpleValue` for name
10:24:12.605 [main] DEBUG org.hibernate.boot.model.internal.BasicValueBinder - Starting `BasicValueBinder#fillSimpleValue` for id
10:24:12.605 [main] DEBUG org.hibernate.boot.model.internal.BasicValueBinder - Starting `BasicValueBinder#fillSimpleValue` for description
10:24:12.605 [main] DEBUG org.hibernate.boot.model.internal.BasicValueBinder - Starting `BasicValueBinder#fillSimpleValue` for goalEndDate
10:24:12.605 [main] DEBUG org.hibernate.boot.model.internal.BasicValueBinder - Starting `BasicValueBinder#fillSimpleValue` for hardDeadline
10:24:12.605 [main] DEBUG org.hibernate.boot.model.internal.BasicValueBinder - Starting `BasicValueBinder#fillSimpleValue` for name
10:24:12.605 [main] DEBUG org.hibernate.boot.model.internal.BasicValueBinder - Starting `BasicValueBinder#fillSimpleValue` for startDate
10:24:12.605 [main] DEBUG org.hibernate.boot.model.internal.BasicValueBinder - Starting `BasicValueBinder#fillSimpleValue` for id
10:24:12.605 [main] DEBUG org.hibernate.boot.model.internal.BasicValueBinder - Starting `BasicValueBinder#fillSimpleValue` for colorCode
10:24:12.605 [main] DEBUG org.hibernate.boot.model.internal.BasicValueBinder - Starting `BasicValueBinder#fillSimpleValue` for name
10:24:12.605 [main] DEBUG org.hibernate.boot.model.internal.BasicValueBinder - Starting `BasicValueBinder#fillSimpleValue` for specialties
10:24:12.605 [main] DEBUG org.hibernate.boot.model.internal.BasicValueBinder - Starting `BasicValueBinder#fillSimpleValue` for id
10:24:12.605 [main] DEBUG org.hibernate.boot.model.internal.BasicValueBinder - Starting `BasicValueBinder#fillSimpleValue` for actualDurationSeconds
10:24:12.605 [main] DEBUG org.hibernate.boot.model.internal.BasicValueBinder - Starting `BasicValueBinder#fillSimpleValue` for completed
10:24:12.605 [main] DEBUG org.hibernate.boot.model.internal.BasicValueBinder - Starting `BasicValueBinder#fillSimpleValue` for description
10:24:12.606 [main] DEBUG org.hibernate.boot.model.internal.BasicValueBinder - Starting `BasicValueBinder#fillSimpleValue` for endDate
10:24:12.606 [main] DEBUG org.hibernate.boot.model.internal.BasicValueBinder - Starting `BasicValueBinder#fillSimpleValue` for estimatedDurationSeconds
10:24:12.606 [main] DEBUG org.hibernate.boot.model.internal.BasicValueBinder - Starting `BasicValueBinder#fillSimpleValue` for priority
10:24:12.606 [main] DEBUG org.hibernate.boot.model.internal.BasicValueBinder - Starting `BasicValueBinder#fillSimpleValue` for progress
10:24:12.606 [main] DEBUG org.hibernate.boot.model.internal.BasicValueBinder - Starting `BasicValueBinder#fillSimpleValue` for startDate
10:24:12.606 [main] DEBUG org.hibernate.boot.model.internal.BasicValueBinder - Starting `BasicValueBinder#fillSimpleValue` for title
10:24:12.606 [main] DEBUG org.hibernate.boot.model.internal.BasicValueBinder - Starting `BasicValueBinder#fillSimpleValue` for id
10:24:12.606 [main] DEBUG org.hibernate.boot.model.internal.BasicValueBinder - Starting `BasicValueBinder#fillSimpleValue` for email
10:24:12.606 [main] DEBUG org.hibernate.boot.model.internal.BasicValueBinder - Starting `BasicValueBinder#fillSimpleValue` for firstName
10:24:12.606 [main] DEBUG org.hibernate.boot.model.internal.BasicValueBinder - Starting `BasicValueBinder#fillSimpleValue` for lastName
10:24:12.606 [main] DEBUG org.hibernate.boot.model.internal.BasicValueBinder - Starting `BasicValueBinder#fillSimpleValue` for leader
10:24:12.606 [main] DEBUG org.hibernate.boot.model.internal.BasicValueBinder - Starting `BasicValueBinder#fillSimpleValue` for phone
10:24:12.606 [main] DEBUG org.hibernate.boot.model.internal.BasicValueBinder - Starting `BasicValueBinder#fillSimpleValue` for skills
10:24:12.606 [main] DEBUG org.hibernate.boot.model.internal.BasicValueBinder - Starting `BasicValueBinder#fillSimpleValue` for username
10:24:12.606 [main] DEBUG org.hibernate.mapping.PrimaryKey - Forcing column [id] to be non-null as it is part of the primary key for table [attendances]
10:24:12.606 [main] DEBUG org.hibernate.mapping.PrimaryKey - Forcing column [id] to be non-null as it is part of the primary key for table [meetings]
10:24:12.606 [main] DEBUG org.hibernate.mapping.PrimaryKey - Forcing column [id] to be non-null as it is part of the primary key for table [subsystems]
10:24:12.606 [main] DEBUG org.hibernate.mapping.PrimaryKey - Forcing column [id] to be non-null as it is part of the primary key for table [components]
10:24:12.606 [main] DEBUG org.hibernate.mapping.PrimaryKey - Forcing column [id] to be non-null as it is part of the primary key for table [milestones]
10:24:12.606 [main] DEBUG org.hibernate.mapping.PrimaryKey - Forcing column [id] to be non-null as it is part of the primary key for table [projects]
10:24:12.606 [main] DEBUG org.hibernate.mapping.PrimaryKey - Forcing column [id] to be non-null as it is part of the primary key for table [subteams]
10:24:12.606 [main] DEBUG org.hibernate.mapping.PrimaryKey - Forcing column [id] to be non-null as it is part of the primary key for table [tasks]
10:24:12.606 [main] DEBUG org.hibernate.mapping.PrimaryKey - Forcing column [id] to be non-null as it is part of the primary key for table [team_members]
10:24:12.606 [main] DEBUG org.hibernate.boot.model.internal.CollectionSecondPass - Second pass for collection: org.frcpm.models.Task.requiredComponents
10:24:12.606 [main] DEBUG org.hibernate.boot.model.internal.CollectionBinder - Binding a ManyToMany: org.frcpm.models.Task.requiredComponents
10:24:12.607 [main] DEBUG org.hibernate.boot.registry.classloading.internal.ClassLoaderServiceImpl - HHH000194: Package not found or no package-info.java: org.frcpm.models
10:24:12.608 [main] DEBUG org.hibernate.mapping.PrimaryKey - Forcing column [task_id] to be non-null as it is part of the primary key for table [task_components]
10:24:12.608 [main] DEBUG org.hibernate.mapping.PrimaryKey - Forcing column [component_id] to be non-null as it is part of the primary key for table [task_components]
10:24:12.608 [main] DEBUG org.hibernate.boot.model.internal.CollectionSecondPass - Mapped collection key: task_id, element: component_id
10:24:12.608 [main] DEBUG org.hibernate.boot.model.internal.CollectionSecondPass - Second pass for collection: org.frcpm.models.Task.preDependencies
10:24:12.608 [main] DEBUG org.hibernate.boot.model.internal.CollectionBinder - Binding a ManyToMany: org.frcpm.models.Task.preDependencies
10:24:12.609 [main] DEBUG org.hibernate.boot.registry.classloading.internal.ClassLoaderServiceImpl - HHH000194: Package not found or no package-info.java: org.frcpm.models
10:24:12.609 [main] DEBUG org.hibernate.mapping.PrimaryKey - Forcing column [task_id] to be non-null as it is part of the primary key for table [task_dependencies]
10:24:12.609 [main] DEBUG org.hibernate.mapping.PrimaryKey - Forcing column [dependency_id] to be non-null as it is part of the primary key for table [task_dependencies]
10:24:12.609 [main] DEBUG org.hibernate.boot.model.internal.CollectionSecondPass - Mapped collection key: task_id, element: dependency_id
10:24:12.609 [main] DEBUG org.hibernate.boot.model.internal.CollectionSecondPass - Second pass for collection: org.frcpm.models.Task.assignedTo
10:24:12.609 [main] DEBUG org.hibernate.boot.model.internal.CollectionBinder - Binding a ManyToMany: org.frcpm.models.Task.assignedTo
10:24:12.609 [main] DEBUG org.hibernate.boot.registry.classloading.internal.ClassLoaderServiceImpl - HHH000194: Package not found or no package-info.java: org.frcpm.models
10:24:12.609 [main] DEBUG org.hibernate.mapping.PrimaryKey - Forcing column [task_id] to be non-null as it is part of the primary key for table [task_assignments]
10:24:12.609 [main] DEBUG org.hibernate.mapping.PrimaryKey - Forcing column [team_member_id] to be non-null as it is part of the primary key for table [task_assignments]
10:24:12.609 [main] DEBUG org.hibernate.boot.model.internal.CollectionSecondPass - Mapped collection key: task_id, element: team_member_id
10:24:12.610 [main] DEBUG org.hibernate.boot.model.internal.CollectionSecondPass - Second pass for collection: org.frcpm.models.Meeting.attendances
10:24:12.610 [main] DEBUG org.hibernate.boot.model.internal.CollectionBinder - Binding a OneToMany: org.frcpm.models.Meeting.attendances through a foreign key
10:24:12.610 [main] DEBUG org.hibernate.boot.model.internal.CollectionBinder - Mapping collection: org.frcpm.models.Meeting.attendances -> attendances
10:24:12.610 [main] DEBUG org.hibernate.boot.model.internal.TableBinder - Retrieving property org.frcpm.models.Attendance.meeting
10:24:12.610 [main] DEBUG org.hibernate.boot.model.internal.CollectionSecondPass - Mapped collection key: meeting_id, one-to-many: org.frcpm.models.Attendance
10:24:12.610 [main] DEBUG org.hibernate.boot.model.internal.CollectionSecondPass - Second pass for collection: org.frcpm.models.Subsystem.tasks
10:24:12.610 [main] DEBUG org.hibernate.boot.model.internal.CollectionBinder - Binding a OneToMany: org.frcpm.models.Subsystem.tasks through a foreign key
10:24:12.610 [main] DEBUG org.hibernate.boot.model.internal.CollectionBinder - Mapping collection: org.frcpm.models.Subsystem.tasks -> tasks
10:24:12.610 [main] DEBUG org.hibernate.boot.model.internal.TableBinder - Retrieving property org.frcpm.models.Task.subsystem
10:24:12.610 [main] DEBUG org.hibernate.boot.model.internal.CollectionSecondPass - Mapped collection key: subsystem_id, one-to-many: org.frcpm.models.Task
10:24:12.610 [main] DEBUG org.hibernate.boot.model.internal.CollectionSecondPass - Second pass for collection: org.frcpm.models.Component.requiredForTasks
10:24:12.610 [main] DEBUG org.hibernate.boot.model.internal.CollectionBinder - Binding a ManyToMany: org.frcpm.models.Component.requiredForTasks
10:24:12.610 [main] DEBUG org.hibernate.boot.registry.classloading.internal.ClassLoaderServiceImpl - HHH000194: Package not found or no package-info.java: org.frcpm.models
10:24:12.610 [main] DEBUG org.hibernate.boot.model.internal.TableBinder - Retrieving property org.frcpm.models.Task.requiredComponents
10:24:12.610 [main] DEBUG org.hibernate.boot.model.internal.CollectionSecondPass - Mapped collection key: component_id, element: task_id
10:24:12.610 [main] DEBUG org.hibernate.boot.model.internal.CollectionSecondPass - Second pass for collection: org.frcpm.models.Project.meetings
10:24:12.610 [main] DEBUG org.hibernate.boot.model.internal.CollectionBinder - Binding a OneToMany: org.frcpm.models.Project.meetings through a foreign key
10:24:12.610 [main] DEBUG org.hibernate.boot.model.internal.CollectionBinder - Mapping collection: org.frcpm.models.Project.meetings -> meetings
10:24:12.610 [main] DEBUG org.hibernate.boot.model.internal.TableBinder - Retrieving property org.frcpm.models.Meeting.project
10:24:12.610 [main] DEBUG org.hibernate.boot.model.internal.CollectionSecondPass - Mapped collection key: project_id, one-to-many: org.frcpm.models.Meeting
10:24:12.610 [main] DEBUG org.hibernate.boot.model.internal.CollectionSecondPass - Second pass for collection: org.frcpm.models.Project.milestones
10:24:12.610 [main] DEBUG org.hibernate.boot.model.internal.CollectionBinder - Binding a OneToMany: org.frcpm.models.Project.milestones through a foreign key
10:24:12.610 [main] DEBUG org.hibernate.boot.model.internal.CollectionBinder - Mapping collection: org.frcpm.models.Project.milestones -> milestones
10:24:12.610 [main] DEBUG org.hibernate.boot.model.internal.TableBinder - Retrieving property org.frcpm.models.Milestone.project
10:24:12.610 [main] DEBUG org.hibernate.boot.model.internal.CollectionSecondPass - Mapped collection key: project_id, one-to-many: org.frcpm.models.Milestone
10:24:12.610 [main] DEBUG org.hibernate.boot.model.internal.CollectionSecondPass - Second pass for collection: org.frcpm.models.Project.tasks
10:24:12.612 [main] DEBUG org.hibernate.boot.model.internal.CollectionBinder - Binding a OneToMany: org.frcpm.models.Project.tasks through a foreign key
10:24:12.612 [main] DEBUG org.hibernate.boot.model.internal.CollectionBinder - Mapping collection: org.frcpm.models.Project.tasks -> tasks
10:24:12.612 [main] DEBUG org.hibernate.boot.model.internal.TableBinder - Retrieving property org.frcpm.models.Task.project
10:24:12.612 [main] DEBUG org.hibernate.boot.model.internal.CollectionSecondPass - Mapped collection key: project_id, one-to-many: org.frcpm.models.Task
10:24:12.612 [main] DEBUG org.hibernate.boot.model.internal.CollectionSecondPass - Second pass for collection: org.frcpm.models.Subteam.members
10:24:12.612 [main] DEBUG org.hibernate.boot.model.internal.CollectionBinder - Binding a OneToMany: org.frcpm.models.Subteam.members through a foreign key
10:24:12.612 [main] DEBUG org.hibernate.boot.model.internal.CollectionBinder - Mapping collection: org.frcpm.models.Subteam.members -> team_members
10:24:12.612 [main] DEBUG org.hibernate.boot.model.internal.TableBinder - Retrieving property org.frcpm.models.TeamMember.subteam
10:24:12.612 [main] DEBUG org.hibernate.boot.model.internal.CollectionSecondPass - Mapped collection key: subteam_id, one-to-many: org.frcpm.models.TeamMember
10:24:12.612 [main] DEBUG org.hibernate.boot.model.internal.CollectionSecondPass - Second pass for collection: org.frcpm.models.Subteam.subsystems
10:24:12.612 [main] DEBUG org.hibernate.boot.model.internal.CollectionBinder - Binding a OneToMany: org.frcpm.models.Subteam.subsystems through a foreign key
10:24:12.612 [main] DEBUG org.hibernate.boot.model.internal.CollectionBinder - Mapping collection: org.frcpm.models.Subteam.subsystems -> subsystems
10:24:12.612 [main] DEBUG org.hibernate.boot.model.internal.TableBinder - Retrieving property org.frcpm.models.Subsystem.responsibleSubteam
10:24:12.612 [main] DEBUG org.hibernate.boot.model.internal.CollectionSecondPass - Mapped collection key: responsible_subteam_id, one-to-many: org.frcpm.models.Subsystem
10:24:12.612 [main] DEBUG org.hibernate.boot.model.internal.CollectionSecondPass - Second pass for collection: org.frcpm.models.Task.postDependencies
10:24:12.612 [main] DEBUG org.hibernate.boot.model.internal.CollectionBinder - Binding a ManyToMany: org.frcpm.models.Task.postDependencies
10:24:12.615 [main] DEBUG org.hibernate.boot.registry.classloading.internal.ClassLoaderServiceImpl - HHH000194: Package not found or no package-info.java: org.frcpm.models
10:24:12.615 [main] DEBUG org.hibernate.boot.model.internal.TableBinder - Retrieving property org.frcpm.models.Task.preDependencies
10:24:12.615 [main] DEBUG org.hibernate.boot.model.internal.CollectionSecondPass - Mapped collection key: dependency_id, element: task_id
10:24:12.615 [main] DEBUG org.hibernate.boot.model.internal.CollectionSecondPass - Second pass for collection: org.frcpm.models.TeamMember.assignedTasks
10:24:12.616 [main] DEBUG org.hibernate.boot.model.internal.CollectionBinder - Binding a ManyToMany: org.frcpm.models.TeamMember.assignedTasks
10:24:12.618 [main] DEBUG org.hibernate.boot.registry.classloading.internal.ClassLoaderServiceImpl - HHH000194: Package not found or no package-info.java: org.frcpm.models
10:24:12.618 [main] DEBUG org.hibernate.boot.model.internal.TableBinder - Retrieving property org.frcpm.models.Task.assignedTo
10:24:12.619 [main] DEBUG org.hibernate.boot.model.internal.CollectionSecondPass - Mapped collection key: team_member_id, element: task_id
10:24:12.619 [main] DEBUG org.hibernate.boot.model.internal.CollectionSecondPass - Second pass for collection: org.frcpm.models.TeamMember.attendances
10:24:12.619 [main] DEBUG org.hibernate.boot.model.internal.CollectionBinder - Binding a OneToMany: org.frcpm.models.TeamMember.attendances through a foreign key
10:24:12.619 [main] DEBUG org.hibernate.boot.model.internal.CollectionBinder - Mapping collection: org.frcpm.models.TeamMember.attendances -> attendances
10:24:12.619 [main] DEBUG org.hibernate.boot.model.internal.TableBinder - Retrieving property org.frcpm.models.Attendance.member
10:24:12.619 [main] DEBUG org.hibernate.boot.model.internal.CollectionSecondPass - Mapped collection key: member_id, one-to-many: org.frcpm.models.Attendance
10:24:12.636 [main] DEBUG org.hibernate.internal.SessionFactoryImpl - Building session factory
10:24:12.639 [main] DEBUG org.hibernate.service.internal.SessionFactoryServiceRegistryImpl - EventListenerRegistry access via ServiceRegistry is deprecated.  Use `sessionFactory.getEventEngine().getListenerRegistry()` instead
10:24:12.640 [main] DEBUG org.hibernate.internal.SessionFactoryImpl - Instantiating SessionFactory with settings: {hibernate.format_sql=false, java.specification.version=21, sun.cpu.isalist=amd64, hibernate.connection.handling_mode=DELAYED_ACQUISITION_AND_RELEASE_AFTER_STATEMENT, sun.jnu.encoding=Cp1252, hibernate.dialect=org.hibernate.dialect.H2Dialect, java.class.path=C:\Users\dhiebert\Local Repositories\Project Management 2.0\target\test-classes;C:\Users\dhiebert\Local Repositories\Project Management 2.0\target\classes;C:\Users\dhiebert\.m2\repository\org\openjfx\javafx-controls\21.0.2\javafx-controls-21.0.2.jar;C:\Users\dhiebert\.m2\repository\org\openjfx\javafx-controls\21.0.2\javafx-controls-21.0.2-win.jar;C:\Users\dhiebert\.m2\repository\org\openjfx\javafx-fxml\21.0.2\javafx-fxml-21.0.2.jar;C:\Users\dhiebert\.m2\repository\org\openjfx\javafx-fxml\21.0.2\javafx-fxml-21.0.2-win.jar;C:\Users\dhiebert\.m2\repository\org\openjfx\javafx-graphics\21.0.2\javafx-graphics-21.0.2.jar;C:\Users\dhiebert\.m2\repository\org\openjfx\javafx-graphics\21.0.2\javafx-graphics-21.0.2-win.jar;C:\Users\dhiebert\.m2\repository\org\openjfx\javafx-base\21.0.2\javafx-base-21.0.2.jar;C:\Users\dhiebert\.m2\repository\org\openjfx\javafx-base\21.0.2\javafx-base-21.0.2-win.jar;C:\Users\dhiebert\.m2\repository\com\h2database\h2\2.2.224\h2-2.2.224.jar;C:\Users\dhiebert\.m2\repository\com\zaxxer\HikariCP\5.1.0\HikariCP-5.1.0.jar;C:\Users\dhiebert\.m2\repository\org\slf4j\slf4j-api\1.7.36\slf4j-api-1.7.36.jar;C:\Users\dhiebert\.m2\repository\org\hibernate\orm\hibernate-core\6.5.0.Final\hibernate-core-6.5.0.Final.jar;C:\Users\dhiebert\.m2\repository\jakarta\persistence\jakarta.persistence-api\3.1.0\jakarta.persistence-api-3.1.0.jar;C:\Users\dhiebert\.m2\repository\jakarta\transaction\jakarta.transaction-api\2.0.1\jakarta.transaction-api-2.0.1.jar;C:\Users\dhiebert\.m2\repository\org\jboss\logging\jboss-logging\3.5.0.Final\jboss-logging-3.5.0.Final.jar;C:\Users\dhiebert\.m2\repository\org\hibernate\common\hibernate-commons-annotations\6.0.6.Final\hibernate-commons-annotations-6.0.6.Final.jar;C:\Users\dhiebert\.m2\repository\io\smallrye\jandex\3.1.2\jandex-3.1.2.jar;C:\Users\dhiebert\.m2\repository\com\fasterxml\classmate\1.5.1\classmate-1.5.1.jar;C:\Users\dhiebert\.m2\repository\net\bytebuddy\byte-buddy\1.14.12\byte-buddy-1.14.12.jar;C:\Users\dhiebert\.m2\repository\jakarta\xml\bind\jakarta.xml.bind-api\4.0.0\jakarta.xml.bind-api-4.0.0.jar;C:\Users\dhiebert\.m2\repository\jakarta\activation\jakarta.activation-api\2.1.0\jakarta.activation-api-2.1.0.jar;C:\Users\dhiebert\.m2\repository\org\glassfish\jaxb\jaxb-runtime\4.0.2\jaxb-runtime-4.0.2.jar;C:\Users\dhiebert\.m2\repository\org\glassfish\jaxb\jaxb-core\4.0.2\jaxb-core-4.0.2.jar;C:\Users\dhiebert\.m2\repository\org\eclipse\angus\angus-activation\2.0.0\angus-activation-2.0.0.jar;C:\Users\dhiebert\.m2\repository\org\glassfish\jaxb\txw2\4.0.2\txw2-4.0.2.jar;C:\Users\dhiebert\.m2\repository\com\sun\istack\istack-commons-runtime\4.1.1\istack-commons-runtime-4.1.1.jar;C:\Users\dhiebert\.m2\repository\jakarta\inject\jakarta.inject-api\2.0.1\jakarta.inject-api-2.0.1.jar;C:\Users\dhiebert\.m2\repository\org\antlr\antlr4-runtime\4.13.0\antlr4-runtime-4.13.0.jar;C:\Users\dhiebert\.m2\repository\org\hibernate\validator\hibernate-validator\8.0.1.Final\hibernate-validator-8.0.1.Final.jar;C:\Users\dhiebert\.m2\repository\jakarta\validation\jakarta.validation-api\3.0.2\jakarta.validation-api-3.0.2.jar;C:\Users\dhiebert\.m2\repository\org\junit\jupiter\junit-jupiter-api\5.10.2\junit-jupiter-api-5.10.2.jar;C:\Users\dhiebert\.m2\repository\org\opentest4j\opentest4j\1.3.0\opentest4j-1.3.0.jar;C:\Users\dhiebert\.m2\repository\org\junit\platform\junit-platform-commons\1.10.2\junit-platform-commons-1.10.2.jar;C:\Users\dhiebert\.m2\repository\org\apiguardian\apiguardian-api\1.1.2\apiguardian-api-1.1.2.jar;C:\Users\dhiebert\.m2\repository\org\junit\jupiter\junit-jupiter-engine\5.10.2\junit-jupiter-engine-5.10.2.jar;C:\Users\dhiebert\.m2\repository\org\junit\platform\junit-platform-engine\1.10.2\junit-platform-engine-1.10.2.jar;C:\Users\dhiebert\.m2\repository\org\mockito\mockito-junit-jupiter\5.10.0\mockito-junit-jupiter-5.10.0.jar;C:\Users\dhiebert\.m2\repository\org\mockito\mockito-core\5.10.0\mockito-core-5.10.0.jar;C:\Users\dhiebert\.m2\repository\net\bytebuddy\byte-buddy-agent\1.14.11\byte-buddy-agent-1.14.11.jar;C:\Users\dhiebert\.m2\repository\org\objenesis\objenesis\3.3\objenesis-3.3.jar;C:\Users\dhiebert\.m2\repository\org\hibernate\orm\hibernate-hikaricp\6.5.0.Final\hibernate-hikaricp-6.5.0.Final.jar;C:\Users\dhiebert\.m2\repository\ch\qos\logback\logback-classic\1.2.11\logback-classic-1.2.11.jar;C:\Users\dhiebert\.m2\repository\ch\qos\logback\logback-core\1.2.11\logback-core-1.2.11.jar;C:\Users\dhiebert\.m2\repository\org\testfx\testfx-core\4.0.18\testfx-core-4.0.18.jar;C:\Users\dhiebert\.m2\repository\org\hamcrest\hamcrest\2.1\hamcrest-2.1.jar;C:\Users\dhiebert\.m2\repository\org\assertj\assertj-core\3.13.2\assertj-core-3.13.2.jar;C:\Users\dhiebert\.m2\repository\org\osgi\org.osgi.core\6.0.0\org.osgi.core-6.0.0.jar;C:\Users\dhiebert\.m2\repository\org\testfx\testfx-junit5\4.0.18\testfx-junit5-4.0.18.jar;C:\Users\dhiebert\.m2\repository\org\openjfx\javafx-web\17.0.2\javafx-web-17.0.2.jar;C:\Users\dhiebert\.m2\repository\org\openjfx\javafx-web\17.0.2\javafx-web-17.0.2-win.jar;C:\Users\dhiebert\.m2\repository\org\openjfx\javafx-media\17.0.2\javafx-media-17.0.2.jar;C:\Users\dhiebert\.m2\repository\org\openjfx\javafx-media\17.0.2\javafx-media-17.0.2-win.jar;C:\Users\dhiebert\.m2\repository\org\apache\pdfbox\pdfbox\2.0.27\pdfbox-2.0.27.jar;C:\Users\dhiebert\.m2\repository\org\apache\pdfbox\fontbox\2.0.27\fontbox-2.0.27.jar;C:\Users\dhiebert\.m2\repository\commons-logging\commons-logging\1.2\commons-logging-1.2.jar;C:\Users\dhiebert\.m2\repository\com\fasterxml\jackson\core\jackson-databind\2.15.0\jackson-databind-2.15.0.jar;C:\Users\dhiebert\.m2\repository\com\fasterxml\jackson\core\jackson-annotations\2.15.0\jackson-annotations-2.15.0.jar;C:\Users\dhiebert\.m2\repository\com\fasterxml\jackson\core\jackson-core\2.15.0\jackson-core-2.15.0.jar;C:\Users\dhiebert\.m2\repository\org\apache\xmlgraphics\batik-all\1.16\batik-all-1.16.jar;C:\Users\dhiebert\.m2\repository\xml-apis\xml-apis\1.4.01\xml-apis-1.4.01.jar;C:\Users\dhiebert\.m2\repository\xml-apis\xml-apis-ext\1.3.04\xml-apis-ext-1.3.04.jar;C:\Users\dhiebert\.m2\repository\org\apache\xmlgraphics\xmlgraphics-commons\2.7\xmlgraphics-commons-2.7.jar;C:\Users\dhiebert\.m2\repository\commons-io\commons-io\1.3.1\commons-io-1.3.1.jar;C:\Users\dhiebert\.m2\repository\org\jgrapht\jgrapht-core\1.5.2\jgrapht-core-1.5.2.jar;C:\Users\dhiebert\.m2\repository\org\jheaps\jheaps\0.14\jheaps-0.14.jar;C:\Users\dhiebert\.m2\repository\org\apfloat\apfloat\1.10.1\apfloat-1.10.1.jar;, java.vm.vendor=Eclipse Adoptium, sun.arch.data.model=64, hibernate.order_inserts=true, user.variant=, java.vendor.url=https://adoptium.net/, user.timezone=America/Chicago, javax.persistence.jdbc.user=****, javax.persistence.jdbc.url=jdbc:h2:file:C:\Users\dhiebert\.frcpm\frcpm, java.vm.specification.version=21, os.name=Windows 11, hibernate.generate_statistics=false, hibernate.hikari.connectionTimeout=10000, hibernate.order_updates=true, hibernate.jdbc.batch_versioned_data=true, jakarta.persistence.jdbc.password=****, hibernate.jdbc.batch_size=30, sun.java.launcher=SUN_STANDARD, user.country=US, local.setting.IS_JTA_TXN_COORD=false, sun.boot.library.path=C:\Program Files\Eclipse Adoptium\jdk-21.0.6.7-hotspot\bin, sun.java.command=C:\Users\dhiebert\AppData\Local\Temp\surefire9513985487531586668\surefirebooter-20250425102356946_3.jar C:\Users\dhiebert\AppData\Local\Temp\surefire9513985487531586668 2025-04-25T10-23-56_800-jvmRun1 surefire-20250425102356946_1tmp surefire_0-20250425102356946_2tmp, hibernate.use_sql_comments=false, hibernate.connection.provider_class=org.hibernate.hikaricp.internal.HikariCPConnectionProvider, jdk.debug=release, surefire.test.class.path=C:\Users\dhiebert\Local Repositories\Project Management 2.0\target\test-classes;C:\Users\dhiebert\Local Repositories\Project Management 2.0\target\classes;C:\Users\dhiebert\.m2\repository\org\openjfx\javafx-controls\21.0.2\javafx-controls-21.0.2.jar;C:\Users\dhiebert\.m2\repository\org\openjfx\javafx-controls\21.0.2\javafx-controls-21.0.2-win.jar;C:\Users\dhiebert\.m2\repository\org\openjfx\javafx-fxml\21.0.2\javafx-fxml-21.0.2.jar;C:\Users\dhiebert\.m2\repository\org\openjfx\javafx-fxml\21.0.2\javafx-fxml-21.0.2-win.jar;C:\Users\dhiebert\.m2\repository\org\openjfx\javafx-graphics\21.0.2\javafx-graphics-21.0.2.jar;C:\Users\dhiebert\.m2\repository\org\openjfx\javafx-graphics\21.0.2\javafx-graphics-21.0.2-win.jar;C:\Users\dhiebert\.m2\repository\org\openjfx\javafx-base\21.0.2\javafx-base-21.0.2.jar;C:\Users\dhiebert\.m2\repository\org\openjfx\javafx-base\21.0.2\javafx-base-21.0.2-win.jar;C:\Users\dhiebert\.m2\repository\com\h2database\h2\2.2.224\h2-2.2.224.jar;C:\Users\dhiebert\.m2\repository\com\zaxxer\HikariCP\5.1.0\HikariCP-5.1.0.jar;C:\Users\dhiebert\.m2\repository\org\slf4j\slf4j-api\1.7.36\slf4j-api-1.7.36.jar;C:\Users\dhiebert\.m2\repository\org\hibernate\orm\hibernate-core\6.5.0.Final\hibernate-core-6.5.0.Final.jar;C:\Users\dhiebert\.m2\repository\jakarta\persistence\jakarta.persistence-api\3.1.0\jakarta.persistence-api-3.1.0.jar;C:\Users\dhiebert\.m2\repository\jakarta\transaction\jakarta.transaction-api\2.0.1\jakarta.transaction-api-2.0.1.jar;C:\Users\dhiebert\.m2\repository\org\jboss\logging\jboss-logging\3.5.0.Final\jboss-logging-3.5.0.Final.jar;C:\Users\dhiebert\.m2\repository\org\hibernate\common\hibernate-commons-annotations\6.0.6.Final\hibernate-commons-annotations-6.0.6.Final.jar;C:\Users\dhiebert\.m2\repository\io\smallrye\jandex\3.1.2\jandex-3.1.2.jar;C:\Users\dhiebert\.m2\repository\com\fasterxml\classmate\1.5.1\classmate-1.5.1.jar;C:\Users\dhiebert\.m2\repository\net\bytebuddy\byte-buddy\1.14.12\byte-buddy-1.14.12.jar;C:\Users\dhiebert\.m2\repository\jakarta\xml\bind\jakarta.xml.bind-api\4.0.0\jakarta.xml.bind-api-4.0.0.jar;C:\Users\dhiebert\.m2\repository\jakarta\activation\jakarta.activation-api\2.1.0\jakarta.activation-api-2.1.0.jar;C:\Users\dhiebert\.m2\repository\org\glassfish\jaxb\jaxb-runtime\4.0.2\jaxb-runtime-4.0.2.jar;C:\Users\dhiebert\.m2\repository\org\glassfish\jaxb\jaxb-core\4.0.2\jaxb-core-4.0.2.jar;C:\Users\dhiebert\.m2\repository\org\eclipse\angus\angus-activation\2.0.0\angus-activation-2.0.0.jar;C:\Users\dhiebert\.m2\repository\org\glassfish\jaxb\txw2\4.0.2\txw2-4.0.2.jar;C:\Users\dhiebert\.m2\repository\com\sun\istack\istack-commons-runtime\4.1.1\istack-commons-runtime-4.1.1.jar;C:\Users\dhiebert\.m2\repository\jakarta\inject\jakarta.inject-api\2.0.1\jakarta.inject-api-2.0.1.jar;C:\Users\dhiebert\.m2\repository\org\antlr\antlr4-runtime\4.13.0\antlr4-runtime-4.13.0.jar;C:\Users\dhiebert\.m2\repository\org\hibernate\validator\hibernate-validator\8.0.1.Final\hibernate-validator-8.0.1.Final.jar;C:\Users\dhiebert\.m2\repository\jakarta\validation\jakarta.validation-api\3.0.2\jakarta.validation-api-3.0.2.jar;C:\Users\dhiebert\.m2\repository\org\junit\jupiter\junit-jupiter-api\5.10.2\junit-jupiter-api-5.10.2.jar;C:\Users\dhiebert\.m2\repository\org\opentest4j\opentest4j\1.3.0\opentest4j-1.3.0.jar;C:\Users\dhiebert\.m2\repository\org\junit\platform\junit-platform-commons\1.10.2\junit-platform-commons-1.10.2.jar;C:\Users\dhiebert\.m2\repository\org\apiguardian\apiguardian-api\1.1.2\apiguardian-api-1.1.2.jar;C:\Users\dhiebert\.m2\repository\org\junit\jupiter\junit-jupiter-engine\5.10.2\junit-jupiter-engine-5.10.2.jar;C:\Users\dhiebert\.m2\repository\org\junit\platform\junit-platform-engine\1.10.2\junit-platform-engine-1.10.2.jar;C:\Users\dhiebert\.m2\repository\org\mockito\mockito-junit-jupiter\5.10.0\mockito-junit-jupiter-5.10.0.jar;C:\Users\dhiebert\.m2\repository\org\mockito\mockito-core\5.10.0\mockito-core-5.10.0.jar;C:\Users\dhiebert\.m2\repository\net\bytebuddy\byte-buddy-agent\1.14.11\byte-buddy-agent-1.14.11.jar;C:\Users\dhiebert\.m2\repository\org\objenesis\objenesis\3.3\objenesis-3.3.jar;C:\Users\dhiebert\.m2\repository\org\hibernate\orm\hibernate-hikaricp\6.5.0.Final\hibernate-hikaricp-6.5.0.Final.jar;C:\Users\dhiebert\.m2\repository\ch\qos\logback\logback-classic\1.2.11\logback-classic-1.2.11.jar;C:\Users\dhiebert\.m2\repository\ch\qos\logback\logback-core\1.2.11\logback-core-1.2.11.jar;C:\Users\dhiebert\.m2\repository\org\testfx\testfx-core\4.0.18\testfx-core-4.0.18.jar;C:\Users\dhiebert\.m2\repository\org\hamcrest\hamcrest\2.1\hamcrest-2.1.jar;C:\Users\dhiebert\.m2\repository\org\assertj\assertj-core\3.13.2\assertj-core-3.13.2.jar;C:\Users\dhiebert\.m2\repository\org\osgi\org.osgi.core\6.0.0\org.osgi.core-6.0.0.jar;C:\Users\dhiebert\.m2\repository\org\testfx\testfx-junit5\4.0.18\testfx-junit5-4.0.18.jar;C:\Users\dhiebert\.m2\repository\org\openjfx\javafx-web\17.0.2\javafx-web-17.0.2.jar;C:\Users\dhiebert\.m2\repository\org\openjfx\javafx-web\17.0.2\javafx-web-17.0.2-win.jar;C:\Users\dhiebert\.m2\repository\org\openjfx\javafx-media\17.0.2\javafx-media-17.0.2.jar;C:\Users\dhiebert\.m2\repository\org\openjfx\javafx-media\17.0.2\javafx-media-17.0.2-win.jar;C:\Users\dhiebert\.m2\repository\org\apache\pdfbox\pdfbox\2.0.27\pdfbox-2.0.27.jar;C:\Users\dhiebert\.m2\repository\org\apache\pdfbox\fontbox\2.0.27\fontbox-2.0.27.jar;C:\Users\dhiebert\.m2\repository\commons-logging\commons-logging\1.2\commons-logging-1.2.jar;C:\Users\dhiebert\.m2\repository\com\fasterxml\jackson\core\jackson-databind\2.15.0\jackson-databind-2.15.0.jar;C:\Users\dhiebert\.m2\repository\com\fasterxml\jackson\core\jackson-annotations\2.15.0\jackson-annotations-2.15.0.jar;C:\Users\dhiebert\.m2\repository\com\fasterxml\jackson\core\jackson-core\2.15.0\jackson-core-2.15.0.jar;C:\Users\dhiebert\.m2\repository\org\apache\xmlgraphics\batik-all\1.16\batik-all-1.16.jar;C:\Users\dhiebert\.m2\repository\xml-apis\xml-apis\1.4.01\xml-apis-1.4.01.jar;C:\Users\dhiebert\.m2\repository\xml-apis\xml-apis-ext\1.3.04\xml-apis-ext-1.3.04.jar;C:\Users\dhiebert\.m2\repository\org\apache\xmlgraphics\xmlgraphics-commons\2.7\xmlgraphics-commons-2.7.jar;C:\Users\dhiebert\.m2\repository\commons-io\commons-io\1.3.1\commons-io-1.3.1.jar;C:\Users\dhiebert\.m2\repository\org\jgrapht\jgrapht-core\1.5.2\jgrapht-core-1.5.2.jar;C:\Users\dhiebert\.m2\repository\org\jheaps\jheaps\0.14\jheaps-0.14.jar;C:\Users\dhiebert\.m2\repository\org\apfloat\apfloat\1.10.1\apfloat-1.10.1.jar;, jakarta.persistence.jdbc.driver=org.h2.Driver, sun.cpu.endian=little, user.home=C:\Users\dhiebert, user.language=en, java.specification.vendor=Oracle Corporation, java.version.date=2025-01-21, java.home=C:\Program Files\Eclipse Adoptium\jdk-21.0.6.7-hotspot, file.separator=\, basedir=C:\Users\dhiebert\Local Repositories\Project Management 2.0, java.vm.compressedOopsMode=Zero based, jakarta.persistence.jdbc.user=****, line.separator=
, hibernate.persistenceUnitName=frcpm, java.vm.specification.vendor=Oracle Corporation, java.specification.name=Java Platform API Specification, hibernate.transaction.coordinator_class=class org.hibernate.resource.transaction.backend.jdbc.internal.JdbcResourceLocalTransactionCoordinatorBuilderImpl, javax.persistence.jdbc.driver=org.h2.Driver, hibernate.hikari.maximumPoolSize=10, surefire.real.class.path=C:\Users\dhiebert\AppData\Local\Temp\surefire9513985487531586668\surefirebooter-20250425102356946_3.jar, hibernate.hbm2ddl.auto=update, user.script=, sun.management.compiler=HotSpot 64-Bit Tiered Compilers, java.runtime.version=21.0.6+7-LTS, user.name=dhiebert, hibernate.cache.use_query_cache=false, stdout.encoding=Cp1252, path.separator=;, hibernate.connection.username=****, os.version=10.0, java.runtime.name=OpenJDK Runtime Environment, hibernate.connection.url=jdbc:h2:file:C:\Users\dhiebert\.frcpm\frcpm, file.encoding=UTF-8, hibernate.hikari.minimumIdle=2, hibernate.hikari.idleTimeout=30000, java.vm.name=OpenJDK 64-Bit Server VM, hibernate.show_sql=false, java.vendor.version=Temurin-21.0.6+7, hibernate.hikari.poolName=FRC-PM-HikariCP, hibernate.current_session_context_class=thread, localRepository=C:\Users\dhiebert\.m2\repository, hibernate.connection.driver_class=org.h2.Driver, java.vendor.url.bug=https://github.com/adoptium/adoptium-support/issues, java.io.tmpdir=C:\Users\dhiebert\AppData\Local\Temp\, java.version=21.0.6, user.dir=C:\Users\dhiebert\Local Repositories\Project Management 2.0, os.arch=amd64, java.vm.specification.name=Java Virtual Machine Specification, hibernate.connection.password=****, sun.os.patch.level=, jakarta.persistence.jdbc.url=jdbc:h2:file:C:\Users\dhiebert\.frcpm\frcpm, hibernate.boot.CfgXmlAccessService.key=org.hibernate.boot.registry.StandardServiceRegistryBuilder$1@2e465cf2, native.encoding=Cp1252, hibernate.cache.use_second_level_cache=false, java.library.path=C:\Program Files\Eclipse Adoptium\jdk-21.0.6.7-hotspot\bin;C:\WINDOWS\Sun\Java\bin;C:\WINDOWS\system32;C:\WINDOWS;C:\Program Files\apache-maven-3.9.9\bin;C:\Program Files\Eclipse Adoptium\jdk-21.0.6.7-hotspot\bin;C:\Program Files\National Instruments\Shared\OpenVINO\;C:\Program Files\Common Files\Oracle\Java\javapath;C:\WINDOWS\system32;C:\WINDOWS;C:\WINDOWS\System32\Wbem;C:\WINDOWS\System32\WindowsPowerShell\v1.0\;C:\WINDOWS\System32\OpenSSH\;C:\Program Files\dotnet\;C:\Program Files (x86)\Windows Live\Shared;C:\Program Files\Git\cmd;C:\Program Files\Common Files\Autodesk Shared\;C:\Program Files\Microsoft SQL Server\150\Tools\Binn\;C:\Program Files\nodejs\;C:\Program Files\Eclipse Adoptium\jdk-21.0.6.7-hotspot\bin;C:\Program Files\apache-maven-3.9.9\bin;%MAVEN_HOME%\bin;C:\Users\dhiebert\AppData\Local\Microsoft\WindowsApps;C:\Users\dhiebert\AppData\Local\GitHubDesktop\bin;C:\Users\dhiebert\AppData\Roaming\npm;C:\Users\dhiebert\AppData\Local\Packages\PythonSoftwareFoundation.Python.3.11_qbz5n2kfra8p0\LocalCache\local-packages\Python311\Scripts;C:\Users\dhiebert\AppData\Local\Packages\PythonSoftwareFoundation.Python.3.11_qbz5n2kfra8p0\LocalCache\local-packages\Python311\site-packages\maven;;c:\Users\Public\wpilib\2025\vscode\data\user-data\User\globalStorage\github.copilot-chat\debugCommand;c:\Users\Public\wpilib\2025\vscode\data\extensions\ms-python.debugpy-2025.4.1-win32-x64\bundled\scripts\noConfigScripts;., stderr.encoding=Cp1252, java.vendor=Eclipse Adoptium, java.vm.info=mixed mode, sharing, java.vm.version=21.0.6+7-LTS, sun.io.unicode.encoding=UnicodeLittle, javax.persistence.jdbc.password=****, java.class.version=65.0}
10:24:12.640 [main] DEBUG org.hibernate.internal.SessionFactoryImpl - Session factory constructed with filter configurations : {}
10:24:12.640 [main] DEBUG org.hibernate.validator.internal.xml.config.ValidationXmlParser - Trying to load META-INF/validation.xml for XML based Validator configuration.
10:24:12.640 [main] DEBUG org.hibernate.validator.internal.xml.config.ResourceLoaderHelper - Trying to load META-INF/validation.xml via TCCL
10:24:12.641 [main] DEBUG org.hibernate.validator.internal.xml.config.ResourceLoaderHelper - Trying to load META-INF/validation.xml via Hibernate Validator's class loader
10:24:12.641 [main] DEBUG org.hibernate.validator.internal.xml.config.ValidationXmlParser - No META-INF/validation.xml found. Using annotation based configuration only.
10:24:12.641 [main] DEBUG org.hibernate.validator.internal.engine.resolver.TraversableResolvers - Found jakarta.persistence.Persistence on classpath containing 'getPersistenceUtil'. Assuming JPA 2 environment. Trying to instantiate JPA aware TraversableResolver
10:24:12.641 [main] DEBUG org.hibernate.validator.internal.engine.resolver.TraversableResolvers - Instantiated JPA aware TraversableResolver of type org.hibernate.validator.internal.engine.resolver.JPATraversableResolver.
10:24:12.642 [main] DEBUG org.hibernate.validator.messageinterpolation.ResourceBundleMessageInterpolator - Failed to load expression factory via classloader jdk.internal.loader.ClassLoaders$AppClassLoader@70dea4e
java.lang.NoClassDefFoundError: jakarta/el/ExpressionFactory
	at org.hibernate.validator.messageinterpolation.ResourceBundleMessageInterpolator.canLoadExpressionFactory(ResourceBundleMessageInterpolator.java:228)
	at org.hibernate.validator.messageinterpolation.ResourceBundleMessageInterpolator.buildExpressionFactory(ResourceBundleMessageInterpolator.java:173)
	at org.hibernate.validator.messageinterpolation.ResourceBundleMessageInterpolator.<init>(ResourceBundleMessageInterpolator.java:97)
	at org.hibernate.validator.internal.engine.AbstractConfigurationImpl.getDefaultMessageInterpolator(AbstractConfigurationImpl.java:575)
	at org.hibernate.validator.internal.engine.AbstractConfigurationImpl.getDefaultMessageInterpolatorConfiguredWithClassLoader(AbstractConfigurationImpl.java:834)
	at org.hibernate.validator.internal.engine.AbstractConfigurationImpl.getMessageInterpolator(AbstractConfigurationImpl.java:485)
	at org.hibernate.validator.internal.engine.ValidatorFactoryImpl.<init>(ValidatorFactoryImpl.java:157)
	at org.hibernate.validator.HibernateValidator.buildValidatorFactory(HibernateValidator.java:38)
	at org.hibernate.validator.internal.engine.AbstractConfigurationImpl.buildValidatorFactory(AbstractConfigurationImpl.java:453)
	at jakarta.validation.Validation.buildDefaultValidatorFactory(Validation.java:103)
	at org.hibernate.boot.beanvalidation.TypeSafeActivator.getValidatorFactory(TypeSafeActivator.java:482)
	at org.hibernate.boot.beanvalidation.TypeSafeActivator.activate(TypeSafeActivator.java:79)
	at java.base/jdk.internal.reflect.DirectMethodHandleAccessor.invoke(DirectMethodHandleAccessor.java:103)
	at java.base/java.lang.reflect.Method.invoke(Method.java:580)
	at org.hibernate.boot.beanvalidation.BeanValidationIntegrator.integrate(BeanValidationIntegrator.java:139)
	at org.hibernate.internal.SessionFactoryImpl.integrate(SessionFactoryImpl.java:517)
	at org.hibernate.internal.SessionFactoryImpl.<init>(SessionFactoryImpl.java:276)
	at org.hibernate.boot.internal.SessionFactoryBuilderImpl.build(SessionFactoryBuilderImpl.java:457)
	at org.hibernate.jpa.boot.internal.EntityManagerFactoryBuilderImpl.build(EntityManagerFactoryBuilderImpl.java:1506)
	at org.hibernate.jpa.HibernatePersistenceProvider.createEntityManagerFactory(HibernatePersistenceProvider.java:55)
	at jakarta.persistence.Persistence.createEntityManagerFactory(Persistence.java:80)
	at org.frcpm.config.DatabaseConfig.initialize(DatabaseConfig.java:114)
	at org.frcpm.config.DatabaseConfig.initialize(DatabaseConfig.java:28)
	at org.frcpm.repositories.AttendanceRepositoryTest.setUp(AttendanceRepositoryTest.java:40)
	at java.base/jdk.internal.reflect.DirectMethodHandleAccessor.invoke(DirectMethodHandleAccessor.java:103)
	at java.base/java.lang.reflect.Method.invoke(Method.java:580)
	at org.junit.platform.commons.util.ReflectionUtils.invokeMethod(ReflectionUtils.java:728)
	at org.junit.jupiter.engine.execution.MethodInvocation.proceed(MethodInvocation.java:60)
	at org.junit.jupiter.engine.execution.InvocationInterceptorChain$ValidatingInvocation.proceed(InvocationInterceptorChain.java:131)
	at org.junit.jupiter.engine.extension.TimeoutExtension.intercept(TimeoutExtension.java:156)
	at org.junit.jupiter.engine.extension.TimeoutExtension.interceptLifecycleMethod(TimeoutExtension.java:128)
	at org.junit.jupiter.engine.extension.TimeoutExtension.interceptBeforeEachMethod(TimeoutExtension.java:78)
	at org.junit.jupiter.engine.execution.InterceptingExecutableInvoker$ReflectiveInterceptorCall.lambda$ofVoidMethod$0(InterceptingExecutableInvoker.java:103)
	at org.junit.jupiter.engine.execution.InterceptingExecutableInvoker.lambda$invoke$0(InterceptingExecutableInvoker.java:93)
	at org.junit.jupiter.engine.execution.InvocationInterceptorChain$InterceptedInvocation.proceed(InvocationInterceptorChain.java:106)
	at org.junit.jupiter.engine.execution.InvocationInterceptorChain.proceed(InvocationInterceptorChain.java:64)
	at org.junit.jupiter.engine.execution.InvocationInterceptorChain.chainAndInvoke(InvocationInterceptorChain.java:45)
	at org.junit.jupiter.engine.execution.InvocationInterceptorChain.invoke(InvocationInterceptorChain.java:37)
	at org.junit.jupiter.engine.execution.InterceptingExecutableInvoker.invoke(InterceptingExecutableInvoker.java:92)
	at org.junit.jupiter.engine.execution.InterceptingExecutableInvoker.invoke(InterceptingExecutableInvoker.java:86)
	at org.junit.jupiter.engine.descriptor.ClassBasedTestDescriptor.invokeMethodInExtensionContext(ClassBasedTestDescriptor.java:521)
	at org.junit.jupiter.engine.descriptor.ClassBasedTestDescriptor.lambda$synthesizeBeforeEachMethodAdapter$23(ClassBasedTestDescriptor.java:506)
	at org.junit.jupiter.engine.descriptor.TestMethodTestDescriptor.lambda$invokeBeforeEachMethods$3(TestMethodTestDescriptor.java:175)
	at org.junit.jupiter.engine.descriptor.TestMethodTestDescriptor.lambda$invokeBeforeMethodsOrCallbacksUntilExceptionOccurs$6(TestMethodTestDescriptor.java:203)
	at org.junit.platform.engine.support.hierarchical.ThrowableCollector.execute(ThrowableCollector.java:73)
	at org.junit.jupiter.engine.descriptor.TestMethodTestDescriptor.invokeBeforeMethodsOrCallbacksUntilExceptionOccurs(TestMethodTestDescriptor.java:203)
	at org.junit.jupiter.engine.descriptor.TestMethodTestDescriptor.invokeBeforeEachMethods(TestMethodTestDescriptor.java:172)
	at org.junit.jupiter.engine.descriptor.TestMethodTestDescriptor.execute(TestMethodTestDescriptor.java:135)
	at org.junit.jupiter.engine.descriptor.TestMethodTestDescriptor.execute(TestMethodTestDescriptor.java:69)
	at org.junit.platform.engine.support.hierarchical.NodeTestTask.lambda$executeRecursively$6(NodeTestTask.java:151)
	at org.junit.platform.engine.support.hierarchical.ThrowableCollector.execute(ThrowableCollector.java:73)
	at org.junit.platform.engine.support.hierarchical.NodeTestTask.lambda$executeRecursively$8(NodeTestTask.java:141)
	at org.junit.platform.engine.support.hierarchical.Node.around(Node.java:137)
	at org.junit.platform.engine.support.hierarchical.NodeTestTask.lambda$executeRecursively$9(NodeTestTask.java:139)
	at org.junit.platform.engine.support.hierarchical.ThrowableCollector.execute(ThrowableCollector.java:73)
	at org.junit.platform.engine.support.hierarchical.NodeTestTask.executeRecursively(NodeTestTask.java:138)
	at org.junit.platform.engine.support.hierarchical.NodeTestTask.execute(NodeTestTask.java:95)
	at java.base/java.util.ArrayList.forEach(ArrayList.java:1596)
	at org.junit.platform.engine.support.hierarchical.SameThreadHierarchicalTestExecutorService.invokeAll(SameThreadHierarchicalTestExecutorService.java:41)
	at org.junit.platform.engine.support.hierarchical.NodeTestTask.lambda$executeRecursively$6(NodeTestTask.java:155)
	at org.junit.platform.engine.support.hierarchical.ThrowableCollector.execute(ThrowableCollector.java:73)
	at org.junit.platform.engine.support.hierarchical.NodeTestTask.lambda$executeRecursively$8(NodeTestTask.java:141)
	at org.junit.platform.engine.support.hierarchical.Node.around(Node.java:137)
	at org.junit.platform.engine.support.hierarchical.NodeTestTask.lambda$executeRecursively$9(NodeTestTask.java:139)
	at org.junit.platform.engine.support.hierarchical.ThrowableCollector.execute(ThrowableCollector.java:73)
	at org.junit.platform.engine.support.hierarchical.NodeTestTask.executeRecursively(NodeTestTask.java:138)
	at org.junit.platform.engine.support.hierarchical.NodeTestTask.execute(NodeTestTask.java:95)
	at java.base/java.util.ArrayList.forEach(ArrayList.java:1596)
	at org.junit.platform.engine.support.hierarchical.SameThreadHierarchicalTestExecutorService.invokeAll(SameThreadHierarchicalTestExecutorService.java:41)
	at org.junit.platform.engine.support.hierarchical.NodeTestTask.lambda$executeRecursively$6(NodeTestTask.java:155)
	at org.junit.platform.engine.support.hierarchical.ThrowableCollector.execute(ThrowableCollector.java:73)
	at org.junit.platform.engine.support.hierarchical.NodeTestTask.lambda$executeRecursively$8(NodeTestTask.java:141)
	at org.junit.platform.engine.support.hierarchical.Node.around(Node.java:137)
	at org.junit.platform.engine.support.hierarchical.NodeTestTask.lambda$executeRecursively$9(NodeTestTask.java:139)
	at org.junit.platform.engine.support.hierarchical.ThrowableCollector.execute(ThrowableCollector.java:73)
	at org.junit.platform.engine.support.hierarchical.NodeTestTask.executeRecursively(NodeTestTask.java:138)
	at org.junit.platform.engine.support.hierarchical.NodeTestTask.execute(NodeTestTask.java:95)
	at org.junit.platform.engine.support.hierarchical.SameThreadHierarchicalTestExecutorService.submit(SameThreadHierarchicalTestExecutorService.java:35)
	at org.junit.platform.engine.support.hierarchical.HierarchicalTestExecutor.execute(HierarchicalTestExecutor.java:57)
	at org.junit.platform.engine.support.hierarchical.HierarchicalTestEngine.execute(HierarchicalTestEngine.java:54)
	at org.junit.platform.launcher.core.EngineExecutionOrchestrator.execute(EngineExecutionOrchestrator.java:198)
	at org.junit.platform.launcher.core.EngineExecutionOrchestrator.execute(EngineExecutionOrchestrator.java:169)
	at org.junit.platform.launcher.core.EngineExecutionOrchestrator.execute(EngineExecutionOrchestrator.java:93)
	at org.junit.platform.launcher.core.EngineExecutionOrchestrator.lambda$execute$0(EngineExecutionOrchestrator.java:58)
	at org.junit.platform.launcher.core.EngineExecutionOrchestrator.withInterceptedStreams(EngineExecutionOrchestrator.java:141)
	at org.junit.platform.launcher.core.EngineExecutionOrchestrator.execute(EngineExecutionOrchestrator.java:57)
	at org.junit.platform.launcher.core.DefaultLauncher.execute(DefaultLauncher.java:103)
	at org.junit.platform.launcher.core.DefaultLauncher.execute(DefaultLauncher.java:85)
	at org.junit.platform.launcher.core.DelegatingLauncher.execute(DelegatingLauncher.java:47)
	at org.apache.maven.surefire.junitplatform.LazyLauncher.execute(LazyLauncher.java:56)
	at org.apache.maven.surefire.junitplatform.JUnitPlatformProvider.execute(JUnitPlatformProvider.java:184)
	at org.apache.maven.surefire.junitplatform.JUnitPlatformProvider.invokeAllTests(JUnitPlatformProvider.java:148)
	at org.apache.maven.surefire.junitplatform.JUnitPlatformProvider.invoke(JUnitPlatformProvider.java:122)
	at org.apache.maven.surefire.booter.ForkedBooter.runSuitesInProcess(ForkedBooter.java:385)
	at org.apache.maven.surefire.booter.ForkedBooter.execute(ForkedBooter.java:162)
	at org.apache.maven.surefire.booter.ForkedBooter.run(ForkedBooter.java:507)
	at org.apache.maven.surefire.booter.ForkedBooter.main(ForkedBooter.java:495)
Caused by: java.lang.ClassNotFoundException: jakarta.el.ExpressionFactory
	... 97 common frames omitted
10:24:12.642 [main] DEBUG org.hibernate.validator.messageinterpolation.ResourceBundleMessageInterpolator - Failed to load expression factory via classloader jdk.internal.loader.ClassLoaders$AppClassLoader@70dea4e
java.lang.NoClassDefFoundError: jakarta/el/ExpressionFactory
	at org.hibernate.validator.messageinterpolation.ResourceBundleMessageInterpolator.canLoadExpressionFactory(ResourceBundleMessageInterpolator.java:228)
	at org.hibernate.validator.messageinterpolation.ResourceBundleMessageInterpolator.buildExpressionFactory(ResourceBundleMessageInterpolator.java:186)
	at org.hibernate.validator.messageinterpolation.ResourceBundleMessageInterpolator.<init>(ResourceBundleMessageInterpolator.java:97)
	at org.hibernate.validator.internal.engine.AbstractConfigurationImpl.getDefaultMessageInterpolator(AbstractConfigurationImpl.java:575)
	at org.hibernate.validator.internal.engine.AbstractConfigurationImpl.getDefaultMessageInterpolatorConfiguredWithClassLoader(AbstractConfigurationImpl.java:834)
	at org.hibernate.validator.internal.engine.AbstractConfigurationImpl.getMessageInterpolator(AbstractConfigurationImpl.java:485)
	at org.hibernate.validator.internal.engine.ValidatorFactoryImpl.<init>(ValidatorFactoryImpl.java:157)
	at org.hibernate.validator.HibernateValidator.buildValidatorFactory(HibernateValidator.java:38)
	at org.hibernate.validator.internal.engine.AbstractConfigurationImpl.buildValidatorFactory(AbstractConfigurationImpl.java:453)
	at jakarta.validation.Validation.buildDefaultValidatorFactory(Validation.java:103)
	at org.hibernate.boot.beanvalidation.TypeSafeActivator.getValidatorFactory(TypeSafeActivator.java:482)
	at org.hibernate.boot.beanvalidation.TypeSafeActivator.activate(TypeSafeActivator.java:79)
	at java.base/jdk.internal.reflect.DirectMethodHandleAccessor.invoke(DirectMethodHandleAccessor.java:103)
	at java.base/java.lang.reflect.Method.invoke(Method.java:580)
	at org.hibernate.boot.beanvalidation.BeanValidationIntegrator.integrate(BeanValidationIntegrator.java:139)
	at org.hibernate.internal.SessionFactoryImpl.integrate(SessionFactoryImpl.java:517)
	at org.hibernate.internal.SessionFactoryImpl.<init>(SessionFactoryImpl.java:276)
	at org.hibernate.boot.internal.SessionFactoryBuilderImpl.build(SessionFactoryBuilderImpl.java:457)
	at org.hibernate.jpa.boot.internal.EntityManagerFactoryBuilderImpl.build(EntityManagerFactoryBuilderImpl.java:1506)
	at org.hibernate.jpa.HibernatePersistenceProvider.createEntityManagerFactory(HibernatePersistenceProvider.java:55)
	at jakarta.persistence.Persistence.createEntityManagerFactory(Persistence.java:80)
	at org.frcpm.config.DatabaseConfig.initialize(DatabaseConfig.java:114)
	at org.frcpm.config.DatabaseConfig.initialize(DatabaseConfig.java:28)
	at org.frcpm.repositories.AttendanceRepositoryTest.setUp(AttendanceRepositoryTest.java:40)
	at java.base/jdk.internal.reflect.DirectMethodHandleAccessor.invoke(DirectMethodHandleAccessor.java:103)
	at java.base/java.lang.reflect.Method.invoke(Method.java:580)
	at org.junit.platform.commons.util.ReflectionUtils.invokeMethod(ReflectionUtils.java:728)
	at org.junit.jupiter.engine.execution.MethodInvocation.proceed(MethodInvocation.java:60)
	at org.junit.jupiter.engine.execution.InvocationInterceptorChain$ValidatingInvocation.proceed(InvocationInterceptorChain.java:131)
	at org.junit.jupiter.engine.extension.TimeoutExtension.intercept(TimeoutExtension.java:156)
	at org.junit.jupiter.engine.extension.TimeoutExtension.interceptLifecycleMethod(TimeoutExtension.java:128)
	at org.junit.jupiter.engine.extension.TimeoutExtension.interceptBeforeEachMethod(TimeoutExtension.java:78)
	at org.junit.jupiter.engine.execution.InterceptingExecutableInvoker$ReflectiveInterceptorCall.lambda$ofVoidMethod$0(InterceptingExecutableInvoker.java:103)
	at org.junit.jupiter.engine.execution.InterceptingExecutableInvoker.lambda$invoke$0(InterceptingExecutableInvoker.java:93)
	at org.junit.jupiter.engine.execution.InvocationInterceptorChain$InterceptedInvocation.proceed(InvocationInterceptorChain.java:106)
	at org.junit.jupiter.engine.execution.InvocationInterceptorChain.proceed(InvocationInterceptorChain.java:64)
	at org.junit.jupiter.engine.execution.InvocationInterceptorChain.chainAndInvoke(InvocationInterceptorChain.java:45)
	at org.junit.jupiter.engine.execution.InvocationInterceptorChain.invoke(InvocationInterceptorChain.java:37)
	at org.junit.jupiter.engine.execution.InterceptingExecutableInvoker.invoke(InterceptingExecutableInvoker.java:92)
	at org.junit.jupiter.engine.execution.InterceptingExecutableInvoker.invoke(InterceptingExecutableInvoker.java:86)
	at org.junit.jupiter.engine.descriptor.ClassBasedTestDescriptor.invokeMethodInExtensionContext(ClassBasedTestDescriptor.java:521)
	at org.junit.jupiter.engine.descriptor.ClassBasedTestDescriptor.lambda$synthesizeBeforeEachMethodAdapter$23(ClassBasedTestDescriptor.java:506)
	at org.junit.jupiter.engine.descriptor.TestMethodTestDescriptor.lambda$invokeBeforeEachMethods$3(TestMethodTestDescriptor.java:175)
	at org.junit.jupiter.engine.descriptor.TestMethodTestDescriptor.lambda$invokeBeforeMethodsOrCallbacksUntilExceptionOccurs$6(TestMethodTestDescriptor.java:203)
	at org.junit.platform.engine.support.hierarchical.ThrowableCollector.execute(ThrowableCollector.java:73)
	at org.junit.jupiter.engine.descriptor.TestMethodTestDescriptor.invokeBeforeMethodsOrCallbacksUntilExceptionOccurs(TestMethodTestDescriptor.java:203)
	at org.junit.jupiter.engine.descriptor.TestMethodTestDescriptor.invokeBeforeEachMethods(TestMethodTestDescriptor.java:172)
	at org.junit.jupiter.engine.descriptor.TestMethodTestDescriptor.execute(TestMethodTestDescriptor.java:135)
	at org.junit.jupiter.engine.descriptor.TestMethodTestDescriptor.execute(TestMethodTestDescriptor.java:69)
	at org.junit.platform.engine.support.hierarchical.NodeTestTask.lambda$executeRecursively$6(NodeTestTask.java:151)
	at org.junit.platform.engine.support.hierarchical.ThrowableCollector.execute(ThrowableCollector.java:73)
	at org.junit.platform.engine.support.hierarchical.NodeTestTask.lambda$executeRecursively$8(NodeTestTask.java:141)
	at org.junit.platform.engine.support.hierarchical.Node.around(Node.java:137)
	at org.junit.platform.engine.support.hierarchical.NodeTestTask.lambda$executeRecursively$9(NodeTestTask.java:139)
	at org.junit.platform.engine.support.hierarchical.ThrowableCollector.execute(ThrowableCollector.java:73)
	at org.junit.platform.engine.support.hierarchical.NodeTestTask.executeRecursively(NodeTestTask.java:138)
	at org.junit.platform.engine.support.hierarchical.NodeTestTask.execute(NodeTestTask.java:95)
	at java.base/java.util.ArrayList.forEach(ArrayList.java:1596)
	at org.junit.platform.engine.support.hierarchical.SameThreadHierarchicalTestExecutorService.invokeAll(SameThreadHierarchicalTestExecutorService.java:41)
	at org.junit.platform.engine.support.hierarchical.NodeTestTask.lambda$executeRecursively$6(NodeTestTask.java:155)
	at org.junit.platform.engine.support.hierarchical.ThrowableCollector.execute(ThrowableCollector.java:73)
	at org.junit.platform.engine.support.hierarchical.NodeTestTask.lambda$executeRecursively$8(NodeTestTask.java:141)
	at org.junit.platform.engine.support.hierarchical.Node.around(Node.java:137)
	at org.junit.platform.engine.support.hierarchical.NodeTestTask.lambda$executeRecursively$9(NodeTestTask.java:139)
	at org.junit.platform.engine.support.hierarchical.ThrowableCollector.execute(ThrowableCollector.java:73)
	at org.junit.platform.engine.support.hierarchical.NodeTestTask.executeRecursively(NodeTestTask.java:138)
	at org.junit.platform.engine.support.hierarchical.NodeTestTask.execute(NodeTestTask.java:95)
	at java.base/java.util.ArrayList.forEach(ArrayList.java:1596)
	at org.junit.platform.engine.support.hierarchical.SameThreadHierarchicalTestExecutorService.invokeAll(SameThreadHierarchicalTestExecutorService.java:41)
	at org.junit.platform.engine.support.hierarchical.NodeTestTask.lambda$executeRecursively$6(NodeTestTask.java:155)
	at org.junit.platform.engine.support.hierarchical.ThrowableCollector.execute(ThrowableCollector.java:73)
	at org.junit.platform.engine.support.hierarchical.NodeTestTask.lambda$executeRecursively$8(NodeTestTask.java:141)
	at org.junit.platform.engine.support.hierarchical.Node.around(Node.java:137)
	at org.junit.platform.engine.support.hierarchical.NodeTestTask.lambda$executeRecursively$9(NodeTestTask.java:139)
	at org.junit.platform.engine.support.hierarchical.ThrowableCollector.execute(ThrowableCollector.java:73)
	at org.junit.platform.engine.support.hierarchical.NodeTestTask.executeRecursively(NodeTestTask.java:138)
	at org.junit.platform.engine.support.hierarchical.NodeTestTask.execute(NodeTestTask.java:95)
	at org.junit.platform.engine.support.hierarchical.SameThreadHierarchicalTestExecutorService.submit(SameThreadHierarchicalTestExecutorService.java:35)
	at org.junit.platform.engine.support.hierarchical.HierarchicalTestExecutor.execute(HierarchicalTestExecutor.java:57)
	at org.junit.platform.engine.support.hierarchical.HierarchicalTestEngine.execute(HierarchicalTestEngine.java:54)
	at org.junit.platform.launcher.core.EngineExecutionOrchestrator.execute(EngineExecutionOrchestrator.java:198)
	at org.junit.platform.launcher.core.EngineExecutionOrchestrator.execute(EngineExecutionOrchestrator.java:169)
	at org.junit.platform.launcher.core.EngineExecutionOrchestrator.execute(EngineExecutionOrchestrator.java:93)
	at org.junit.platform.launcher.core.EngineExecutionOrchestrator.lambda$execute$0(EngineExecutionOrchestrator.java:58)
	at org.junit.platform.launcher.core.EngineExecutionOrchestrator.withInterceptedStreams(EngineExecutionOrchestrator.java:141)
	at org.junit.platform.launcher.core.EngineExecutionOrchestrator.execute(EngineExecutionOrchestrator.java:57)
	at org.junit.platform.launcher.core.DefaultLauncher.execute(DefaultLauncher.java:103)
	at org.junit.platform.launcher.core.DefaultLauncher.execute(DefaultLauncher.java:85)
	at org.junit.platform.launcher.core.DelegatingLauncher.execute(DelegatingLauncher.java:47)
	at org.apache.maven.surefire.junitplatform.LazyLauncher.execute(LazyLauncher.java:56)
	at org.apache.maven.surefire.junitplatform.JUnitPlatformProvider.execute(JUnitPlatformProvider.java:184)
	at org.apache.maven.surefire.junitplatform.JUnitPlatformProvider.invokeAllTests(JUnitPlatformProvider.java:148)
	at org.apache.maven.surefire.junitplatform.JUnitPlatformProvider.invoke(JUnitPlatformProvider.java:122)
	at org.apache.maven.surefire.booter.ForkedBooter.runSuitesInProcess(ForkedBooter.java:385)
	at org.apache.maven.surefire.booter.ForkedBooter.execute(ForkedBooter.java:162)
	at org.apache.maven.surefire.booter.ForkedBooter.run(ForkedBooter.java:507)
	at org.apache.maven.surefire.booter.ForkedBooter.main(ForkedBooter.java:495)
Caused by: java.lang.ClassNotFoundException: jakarta.el.ExpressionFactory
	... 97 common frames omitted
10:24:12.643 [main] DEBUG org.hibernate.boot.beanvalidation.TypeSafeActivator - Unable to acquire Bean Validation ValidatorFactory, skipping activation
10:24:12.645 [main] DEBUG org.hibernate.query.sqm.function.SqmFunctionRegistry - Registered SqmFunctionTemplate [NamedSqmFunctionTemplate(max)] under max; prior registration was null
10:24:12.645 [main] DEBUG org.hibernate.query.sqm.function.SqmFunctionRegistry - Registered SqmFunctionTemplate [NamedSqmFunctionTemplate(min)] under min; prior registration was null
10:24:12.645 [main] DEBUG org.hibernate.query.sqm.function.SqmFunctionRegistry - Registered SqmFunctionTemplate [NamedSqmFunctionTemplate(sum)] under sum; prior registration was null
10:24:12.645 [main] DEBUG org.hibernate.query.sqm.function.SqmFunctionRegistry - Registered SqmFunctionTemplate [NamedSqmFunctionTemplate(avg)] under avg; prior registration was null
10:24:12.645 [main] DEBUG org.hibernate.query.sqm.function.SqmFunctionRegistry - Registered SqmFunctionTemplate [org.hibernate.dialect.function.CountFunction@36ffee72] under count; prior registration was null
10:24:12.645 [main] DEBUG org.hibernate.query.sqm.function.SqmFunctionRegistry - Registered SqmFunctionTemplate [org.hibernate.dialect.function.EveryAnyEmulation@5a170a6b] under every; prior registration was null
10:24:12.645 [main] DEBUG org.hibernate.query.sqm.function.SqmFunctionRegistry - Registered SqmFunctionTemplate [org.hibernate.dialect.function.EveryAnyEmulation@7c7b0f5d] under any; prior registration was null
10:24:12.645 [main] DEBUG org.hibernate.query.sqm.function.SqmFunctionRegistry - Registered SqmFunctionTemplate [NamedSqmFunctionTemplate(floor)] under floor; prior registration was null
10:24:12.645 [main] DEBUG org.hibernate.query.sqm.function.SqmFunctionRegistry - Registered SqmFunctionTemplate [NamedSqmFunctionTemplate(ceiling)] under ceiling; prior registration was null
10:24:12.645 [main] DEBUG org.hibernate.query.sqm.function.SqmFunctionRegistry - Registered SqmFunctionTemplate [NamedSqmFunctionTemplate(mod)] under mod; prior registration was null
10:24:12.645 [main] DEBUG org.hibernate.query.sqm.function.SqmFunctionRegistry - Registered SqmFunctionTemplate [NamedSqmFunctionTemplate(abs)] under abs; prior registration was null
10:24:12.645 [main] DEBUG org.hibernate.query.sqm.function.SqmFunctionRegistry - Registered SqmFunctionTemplate [NamedSqmFunctionTemplate(sign)] under sign; prior registration was null
10:24:12.645 [main] DEBUG org.hibernate.query.sqm.function.SqmFunctionRegistry - Registered SqmFunctionTemplate [NamedSqmFunctionTemplate(sqrt)] under sqrt; prior registration was null
10:24:12.645 [main] DEBUG org.hibernate.query.sqm.function.SqmFunctionRegistry - Registered SqmFunctionTemplate [NamedSqmFunctionTemplate(ln)] under ln; prior registration was null
10:24:12.645 [main] DEBUG org.hibernate.query.sqm.function.SqmFunctionRegistry - Registered SqmFunctionTemplate [NamedSqmFunctionTemplate(exp)] under exp; prior registration was null
10:24:12.645 [main] DEBUG org.hibernate.query.sqm.function.SqmFunctionRegistry - Registered SqmFunctionTemplate [NamedSqmFunctionTemplate(power)] under power; prior registration was null
10:24:12.645 [main] DEBUG org.hibernate.query.sqm.function.SqmFunctionRegistry - Registered SqmFunctionTemplate [NamedSqmFunctionTemplate(round)] under round; prior registration was null
10:24:12.645 [main] DEBUG org.hibernate.query.sqm.function.SqmFunctionRegistry - Registered SqmFunctionTemplate [NamedSqmFunctionTemplate(sin)] under sin; prior registration was null
10:24:12.645 [main] DEBUG org.hibernate.query.sqm.function.SqmFunctionRegistry - Registered SqmFunctionTemplate [NamedSqmFunctionTemplate(cos)] under cos; prior registration was null
10:24:12.645 [main] DEBUG org.hibernate.query.sqm.function.SqmFunctionRegistry - Registered SqmFunctionTemplate [NamedSqmFunctionTemplate(tan)] under tan; prior registration was null
10:24:12.645 [main] DEBUG org.hibernate.query.sqm.function.SqmFunctionRegistry - Registered SqmFunctionTemplate [NamedSqmFunctionTemplate(asin)] under asin; prior registration was null
10:24:12.645 [main] DEBUG org.hibernate.query.sqm.function.SqmFunctionRegistry - Registered SqmFunctionTemplate [NamedSqmFunctionTemplate(acos)] under acos; prior registration was null
10:24:12.645 [main] DEBUG org.hibernate.query.sqm.function.SqmFunctionRegistry - Registered SqmFunctionTemplate [NamedSqmFunctionTemplate(atan)] under atan; prior registration was null
10:24:12.645 [main] DEBUG org.hibernate.query.sqm.function.SqmFunctionRegistry - Registered SqmFunctionTemplate [NamedSqmFunctionTemplate(atan2)] under atan2; prior registration was null
10:24:12.645 [main] DEBUG org.hibernate.query.sqm.function.SqmFunctionRegistry - Registered SqmFunctionTemplate [org.hibernate.query.sqm.function.PatternBasedSqmFunctionDescriptor@5a65140d] under sinh; prior registration was null
10:24:12.645 [main] DEBUG org.hibernate.query.sqm.function.SqmFunctionRegistry - Registered SqmFunctionTemplate [org.hibernate.query.sqm.function.PatternBasedSqmFunctionDescriptor@1320fd4d] under cosh; prior registration was null
10:24:12.645 [main] DEBUG org.hibernate.query.sqm.function.SqmFunctionRegistry - Registered SqmFunctionTemplate [org.hibernate.query.sqm.function.PatternBasedSqmFunctionDescriptor@7186e910] under tanh; prior registration was null
10:24:12.645 [main] DEBUG org.hibernate.query.sqm.function.SqmFunctionRegistry - Registered SqmFunctionTemplate [org.hibernate.query.sqm.function.PatternBasedSqmFunctionDescriptor@55a3119a] under pi; prior registration was null
10:24:12.645 [main] DEBUG org.hibernate.query.sqm.function.SqmFunctionRegistry - Registered SqmFunctionTemplate [org.hibernate.query.sqm.function.PatternBasedSqmFunctionDescriptor@2794b25f] under log; prior registration was null
10:24:12.645 [main] DEBUG org.hibernate.query.sqm.function.SqmFunctionRegistry - Registered SqmFunctionTemplate [NamedSqmFunctionTemplate(coalesce)] under coalesce; prior registration was null
10:24:12.645 [main] DEBUG org.hibernate.query.sqm.function.SqmFunctionRegistry - Registered SqmFunctionTemplate [NamedSqmFunctionTemplate(nullif)] under nullif; prior registration was null
10:24:12.645 [main] DEBUG org.hibernate.query.sqm.function.SqmFunctionRegistry - Registered SqmFunctionTemplate [NamedSqmFunctionTemplate(left)] under left; prior registration was null
10:24:12.645 [main] DEBUG org.hibernate.query.sqm.function.SqmFunctionRegistry - Registered SqmFunctionTemplate [NamedSqmFunctionTemplate(right)] under right; prior registration was null
10:24:12.645 [main] DEBUG org.hibernate.query.sqm.function.SqmFunctionRegistry - Registered SqmFunctionTemplate [NamedSqmFunctionTemplate(replace)] under replace; prior registration was null
10:24:12.645 [main] DEBUG org.hibernate.query.sqm.function.SqmFunctionRegistry - Registered SqmFunctionTemplate [NamedSqmFunctionTemplate(concat)] under concat; prior registration was null
10:24:12.645 [main] DEBUG org.hibernate.query.sqm.function.SqmFunctionRegistry - Registered SqmFunctionTemplate [NamedSqmFunctionTemplate(lower)] under lower; prior registration was null
10:24:12.645 [main] DEBUG org.hibernate.query.sqm.function.SqmFunctionRegistry - Registered SqmFunctionTemplate [NamedSqmFunctionTemplate(upper)] under upper; prior registration was null
10:24:12.645 [main] DEBUG org.hibernate.query.sqm.function.SqmFunctionRegistry - Registered SqmFunctionTemplate [NamedSqmFunctionTemplate(substring)] under substring; prior registration was null
10:24:12.645 [main] DEBUG org.hibernate.query.sqm.function.SqmFunctionRegistry - Registered SqmFunctionTemplate [NamedSqmFunctionTemplate(locate)] under locate; prior registration was null
10:24:12.645 [main] DEBUG org.hibernate.query.sqm.function.SqmFunctionRegistry - Registered SqmFunctionTemplate [NamedSqmFunctionTemplate(character_length)] under character_length; prior registration was null
10:24:12.645 [main] DEBUG org.hibernate.query.sqm.function.SqmFunctionRegistry - Registering alternate key : length -> character_length
10:24:12.645 [main] DEBUG org.hibernate.query.sqm.function.SqmFunctionRegistry - Registered SqmFunctionTemplate [org.hibernate.dialect.function.LocatePositionEmulation@334ae975] under position; prior registration was null
10:24:12.645 [main] DEBUG org.hibernate.query.sqm.function.SqmFunctionRegistry - Registered SqmFunctionTemplate [org.hibernate.dialect.function.InsertSubstringOverlayEmulation@75424865] under overlay; prior registration was null
10:24:12.645 [main] DEBUG org.hibernate.query.sqm.function.SqmFunctionRegistry - Registered SqmFunctionTemplate [org.hibernate.dialect.function.TrimFunction@38a0b896] under trim; prior registration was null
10:24:12.645 [main] DEBUG org.hibernate.query.sqm.function.SqmFunctionRegistry - Registered SqmFunctionTemplate [org.hibernate.dialect.function.CastFunction@3a24f397] under cast; prior registration was null
10:24:12.645 [main] DEBUG org.hibernate.query.sqm.function.SqmFunctionRegistry - Registered SqmFunctionTemplate [org.hibernate.query.sqm.function.PatternBasedSqmFunctionDescriptor@5e41a4e7] under collate; prior registration was null
10:24:12.645 [main] DEBUG org.hibernate.query.sqm.function.SqmFunctionRegistry - Registered SqmFunctionTemplate [org.hibernate.dialect.function.ExtractFunction@39a7de2a] under extract; prior registration was null
10:24:12.645 [main] DEBUG org.hibernate.query.sqm.function.SqmFunctionRegistry - Registered SqmFunctionTemplate [NamedSqmFunctionTemplate(least)] under least; prior registration was null
10:24:12.645 [main] DEBUG org.hibernate.query.sqm.function.SqmFunctionRegistry - Registered SqmFunctionTemplate [NamedSqmFunctionTemplate(greatest)] under greatest; prior registration was null
10:24:12.645 [main] DEBUG org.hibernate.query.sqm.function.SqmFunctionRegistry - Registered SqmFunctionTemplate [org.hibernate.dialect.function.CoalesceIfnullEmulation@4feb580] under ifnull; prior registration was null
10:24:12.645 [main] DEBUG org.hibernate.query.sqm.function.SqmFunctionRegistry - Registered SqmFunctionTemplate [NamedSqmFunctionTemplate(lpad)] under lpad; prior registration was null
10:24:12.645 [main] DEBUG org.hibernate.query.sqm.function.SqmFunctionRegistry - Registered SqmFunctionTemplate [NamedSqmFunctionTemplate(rpad)] under rpad; prior registration was null
10:24:12.645 [main] DEBUG org.hibernate.query.sqm.function.SqmFunctionRegistry - Registered SqmFunctionTemplate [org.hibernate.dialect.function.LpadRpadPadEmulation@19db46c3] under pad; prior registration was null
10:24:12.645 [main] DEBUG org.hibernate.query.sqm.function.SqmFunctionRegistry - Registered SqmFunctionTemplate [org.hibernate.dialect.function.CastStrEmulation@4a6eaf83] under str; prior registration was null
10:24:12.645 [main] DEBUG org.hibernate.query.sqm.function.SqmFunctionRegistry - Registered SqmFunctionTemplate [org.hibernate.dialect.function.FormatFunction@4d3f7e6a] under format; prior registration was null
10:24:12.645 [main] DEBUG org.hibernate.query.sqm.function.SqmFunctionRegistry - Registered SqmFunctionTemplate [org.hibernate.dialect.function.TimestampaddFunction@3c9c90f8] under timestampadd; prior registration was null
10:24:12.645 [main] DEBUG org.hibernate.query.sqm.function.SqmFunctionRegistry - Registered SqmFunctionTemplate [org.hibernate.dialect.function.TimestampdiffFunction@7f3234f6] under timestampdiff; prior registration was null
10:24:12.645 [main] DEBUG org.hibernate.query.sqm.function.SqmFunctionRegistry - Registering alternate key : dateadd -> timestampadd
10:24:12.645 [main] DEBUG org.hibernate.query.sqm.function.SqmFunctionRegistry - Registering alternate key : datediff -> timestampdiff
10:24:12.645 [main] DEBUG org.hibernate.query.sqm.function.SqmFunctionRegistry - Registered SqmFunctionTemplate [org.hibernate.dialect.function.CurrentFunction@401f8e24] under current_date; prior registration was null
10:24:12.645 [main] DEBUG org.hibernate.query.sqm.function.SqmFunctionRegistry - Registered SqmFunctionTemplate [org.hibernate.dialect.function.CurrentFunction@76657463] under current_time; prior registration was null
10:24:12.645 [main] DEBUG org.hibernate.query.sqm.function.SqmFunctionRegistry - Registered SqmFunctionTemplate [org.hibernate.dialect.function.CurrentFunction@2e263107] under current_timestamp; prior registration was null
10:24:12.645 [main] DEBUG org.hibernate.query.sqm.function.SqmFunctionRegistry - Registering alternate key : current date -> current_date
10:24:12.645 [main] DEBUG org.hibernate.query.sqm.function.SqmFunctionRegistry - Registering alternate key : current time -> current_time
10:24:12.645 [main] DEBUG org.hibernate.query.sqm.function.SqmFunctionRegistry - Registering alternate key : current timestamp -> current_timestamp
10:24:12.645 [main] DEBUG org.hibernate.query.sqm.function.SqmFunctionRegistry - Registered SqmFunctionTemplate [org.hibernate.dialect.function.CurrentFunction@40dd25b1] under local_date; prior registration was null
10:24:12.645 [main] DEBUG org.hibernate.query.sqm.function.SqmFunctionRegistry - Registered SqmFunctionTemplate [org.hibernate.dialect.function.CurrentFunction@7c8fed20] under local_time; prior registration was null
10:24:12.645 [main] DEBUG org.hibernate.query.sqm.function.SqmFunctionRegistry - Registered SqmFunctionTemplate [org.hibernate.dialect.function.CurrentFunction@211448be] under local_datetime; prior registration was null
10:24:12.645 [main] DEBUG org.hibernate.query.sqm.function.SqmFunctionRegistry - Registered SqmFunctionTemplate [org.hibernate.dialect.function.CurrentFunction@3ea5eb92] under offset_datetime; prior registration was null
10:24:12.645 [main] DEBUG org.hibernate.query.sqm.function.SqmFunctionRegistry - Registering alternate key : local date -> local_date
10:24:12.645 [main] DEBUG org.hibernate.query.sqm.function.SqmFunctionRegistry - Registering alternate key : local time -> local_time
10:24:12.645 [main] DEBUG org.hibernate.query.sqm.function.SqmFunctionRegistry - Registering alternate key : local datetime -> local_datetime
10:24:12.645 [main] DEBUG org.hibernate.query.sqm.function.SqmFunctionRegistry - Registering alternate key : offset datetime -> offset_datetime
10:24:12.645 [main] DEBUG org.hibernate.query.sqm.function.SqmFunctionRegistry - Registered SqmFunctionTemplate [org.hibernate.dialect.function.CurrentFunction@17fcb15a] under instant; prior registration was null
10:24:12.645 [main] DEBUG org.hibernate.query.sqm.function.SqmFunctionRegistry - Registering alternate key : current_instant -> instant
10:24:12.645 [main] DEBUG org.hibernate.query.sqm.function.SqmFunctionRegistry - Registered SqmFunctionTemplate [org.hibernate.dialect.function.SqlFunction@1419a868] under sql; prior registration was null
10:24:12.645 [main] DEBUG org.hibernate.query.sqm.function.SqmFunctionRegistry - Registered SqmFunctionTemplate [NamedSqmFunctionTemplate(max)] under max; prior registration was NamedSqmFunctionTemplate(max)
10:24:12.645 [main] DEBUG org.hibernate.query.sqm.function.SqmFunctionRegistry - Registered SqmFunctionTemplate [NamedSqmFunctionTemplate(min)] under min; prior registration was NamedSqmFunctionTemplate(min)
10:24:12.645 [main] DEBUG org.hibernate.query.sqm.function.SqmFunctionRegistry - Registered SqmFunctionTemplate [NamedSqmFunctionTemplate(sum)] under sum; prior registration was NamedSqmFunctionTemplate(sum)
10:24:12.645 [main] DEBUG org.hibernate.query.sqm.function.SqmFunctionRegistry - Registered SqmFunctionTemplate [NamedSqmFunctionTemplate(avg)] under avg; prior registration was NamedSqmFunctionTemplate(avg)
10:24:12.645 [main] DEBUG org.hibernate.query.sqm.function.SqmFunctionRegistry - Registered SqmFunctionTemplate [org.hibernate.dialect.function.CountFunction@17cb53ed] under count; prior registration was org.hibernate.dialect.function.CountFunction@36ffee72
10:24:12.645 [main] DEBUG org.hibernate.query.sqm.function.SqmFunctionRegistry - Registered SqmFunctionTemplate [org.hibernate.dialect.function.AvgFunction@623d3fd] under avg; prior registration was NamedSqmFunctionTemplate(avg)
10:24:12.645 [main] DEBUG org.hibernate.query.sqm.function.SqmFunctionRegistry - Registered SqmFunctionTemplate [NamedSqmFunctionTemplate(pi)] under pi; prior registration was org.hibernate.query.sqm.function.PatternBasedSqmFunctionDescriptor@55a3119a
10:24:12.645 [main] DEBUG org.hibernate.query.sqm.function.SqmFunctionRegistry - Registered SqmFunctionTemplate [NamedSqmFunctionTemplate(cot)] under cot; prior registration was null
10:24:12.645 [main] DEBUG org.hibernate.query.sqm.function.SqmFunctionRegistry - Registered SqmFunctionTemplate [NamedSqmFunctionTemplate(radians)] under radians; prior registration was null
10:24:12.645 [main] DEBUG org.hibernate.query.sqm.function.SqmFunctionRegistry - Registered SqmFunctionTemplate [NamedSqmFunctionTemplate(degrees)] under degrees; prior registration was null
10:24:12.645 [main] DEBUG org.hibernate.query.sqm.function.SqmFunctionRegistry - Registered SqmFunctionTemplate [NamedSqmFunctionTemplate(log10)] under log10; prior registration was null
10:24:12.645 [main] DEBUG org.hibernate.query.sqm.function.SqmFunctionRegistry - Registered SqmFunctionTemplate [org.hibernate.query.sqm.function.PatternBasedSqmFunctionDescriptor@7427c402] under mod; prior registration was NamedSqmFunctionTemplate(mod)
10:24:12.645 [main] DEBUG org.hibernate.query.sqm.function.SqmFunctionRegistry - Registered SqmFunctionTemplate [NamedSqmFunctionTemplate(rand)] under rand; prior registration was null
10:24:12.645 [main] DEBUG org.hibernate.query.sqm.function.SqmFunctionRegistry - Registered SqmFunctionTemplate [NamedSqmFunctionTemplate(soundex)] under soundex; prior registration was null
10:24:12.645 [main] DEBUG org.hibernate.query.sqm.function.SqmFunctionRegistry - Registered SqmFunctionTemplate [NamedSqmFunctionTemplate(translate)] under translate; prior registration was null
10:24:12.645 [main] DEBUG org.hibernate.query.sqm.function.SqmFunctionRegistry - Registered SqmFunctionTemplate [NamedSqmFunctionTemplate(bitand)] under bitand; prior registration was null
10:24:12.645 [main] DEBUG org.hibernate.query.sqm.function.SqmFunctionRegistry - Registered SqmFunctionTemplate [NamedSqmFunctionTemplate(bitor)] under bitor; prior registration was null
10:24:12.645 [main] DEBUG org.hibernate.query.sqm.function.SqmFunctionRegistry - Registered SqmFunctionTemplate [NamedSqmFunctionTemplate(bitxor)] under bitxor; prior registration was null
10:24:12.645 [main] DEBUG org.hibernate.query.sqm.function.SqmFunctionRegistry - Registered SqmFunctionTemplate [NamedSqmFunctionTemplate(bitnot)] under bitnot; prior registration was null
10:24:12.645 [main] DEBUG org.hibernate.query.sqm.function.SqmFunctionRegistry - Registered SqmFunctionTemplate [NamedSqmFunctionTemplate(bit_and)] under bit_and; prior registration was null
10:24:12.645 [main] DEBUG org.hibernate.query.sqm.function.SqmFunctionRegistry - Registered SqmFunctionTemplate [NamedSqmFunctionTemplate(bit_or)] under bit_or; prior registration was null
10:24:12.645 [main] DEBUG org.hibernate.query.sqm.function.SqmFunctionRegistry - Registered SqmFunctionTemplate [NamedSqmFunctionTemplate(day)] under day; prior registration was null
10:24:12.645 [main] DEBUG org.hibernate.query.sqm.function.SqmFunctionRegistry - Registered SqmFunctionTemplate [NamedSqmFunctionTemplate(month)] under month; prior registration was null
10:24:12.645 [main] DEBUG org.hibernate.query.sqm.function.SqmFunctionRegistry - Registered SqmFunctionTemplate [NamedSqmFunctionTemplate(year)] under year; prior registration was null
10:24:12.645 [main] DEBUG org.hibernate.query.sqm.function.SqmFunctionRegistry - Registered SqmFunctionTemplate [NamedSqmFunctionTemplate(hour)] under hour; prior registration was null
10:24:12.645 [main] DEBUG org.hibernate.query.sqm.function.SqmFunctionRegistry - Registered SqmFunctionTemplate [NamedSqmFunctionTemplate(minute)] under minute; prior registration was null
10:24:12.645 [main] DEBUG org.hibernate.query.sqm.function.SqmFunctionRegistry - Registered SqmFunctionTemplate [NamedSqmFunctionTemplate(second)] under second; prior registration was null
10:24:12.645 [main] DEBUG org.hibernate.query.sqm.function.SqmFunctionRegistry - Registered SqmFunctionTemplate [NamedSqmFunctionTemplate(microsecond)] under microsecond; prior registration was null
10:24:12.645 [main] DEBUG org.hibernate.query.sqm.function.SqmFunctionRegistry - Registered SqmFunctionTemplate [NamedSqmFunctionTemplate(day_of_week)] under day_of_week; prior registration was null
10:24:12.645 [main] DEBUG org.hibernate.query.sqm.function.SqmFunctionRegistry - Registered SqmFunctionTemplate [NamedSqmFunctionTemplate(day_of_month)] under day_of_month; prior registration was null
10:24:12.645 [main] DEBUG org.hibernate.query.sqm.function.SqmFunctionRegistry - Registering alternate key : day -> day_of_month
10:24:12.645 [main] DEBUG org.hibernate.query.sqm.function.SqmFunctionRegistry - Registered SqmFunctionTemplate [NamedSqmFunctionTemplate(day_of_year)] under day_of_year; prior registration was null
10:24:12.645 [main] DEBUG org.hibernate.query.sqm.function.SqmFunctionRegistry - Registered SqmFunctionTemplate [NamedSqmFunctionTemplate(week)] under week; prior registration was null
10:24:12.645 [main] DEBUG org.hibernate.query.sqm.function.SqmFunctionRegistry - Registered SqmFunctionTemplate [NamedSqmFunctionTemplate(quarter)] under quarter; prior registration was null
10:24:12.645 [main] DEBUG org.hibernate.query.sqm.function.SqmFunctionRegistry - Registered SqmFunctionTemplate [NamedSqmFunctionTemplate(monthname)] under monthname; prior registration was null
10:24:12.645 [main] DEBUG org.hibernate.query.sqm.function.SqmFunctionRegistry - Registered SqmFunctionTemplate [NamedSqmFunctionTemplate(dayname)] under dayname; prior registration was null
10:24:12.645 [main] DEBUG org.hibernate.query.sqm.function.SqmFunctionRegistry - Registered SqmFunctionTemplate [NamedSqmFunctionTemplate(localtime)] under localtime; prior registration was null
10:24:12.645 [main] DEBUG org.hibernate.query.sqm.function.SqmFunctionRegistry - Registered SqmFunctionTemplate [NamedSqmFunctionTemplate(localtimestamp)] under localtimestamp; prior registration was null
10:24:12.645 [main] DEBUG org.hibernate.query.sqm.function.SqmFunctionRegistry - Registered SqmFunctionTemplate [NamedSqmFunctionTemplate(localtime)] under local_time; prior registration was org.hibernate.dialect.function.CurrentFunction@7c8fed20
10:24:12.645 [main] DEBUG org.hibernate.query.sqm.function.SqmFunctionRegistry - Registered SqmFunctionTemplate [NamedSqmFunctionTemplate(localtimestamp)] under local_datetime; prior registration was org.hibernate.dialect.function.CurrentFunction@211448be
10:24:12.645 [main] DEBUG org.hibernate.query.sqm.function.SqmFunctionRegistry - Registered SqmFunctionTemplate [org.hibernate.dialect.function.TruncFunction@2d247806] under trunc; prior registration was null
10:24:12.645 [main] DEBUG org.hibernate.query.sqm.function.SqmFunctionRegistry - Registering alternate key : truncate -> trunc
10:24:12.645 [main] DEBUG org.hibernate.query.sqm.function.SqmFunctionRegistry - Registered SqmFunctionTemplate [org.hibernate.query.sqm.function.PatternBasedSqmFunctionDescriptor@603d1274] under date_trunc; prior registration was null
10:24:12.645 [main] DEBUG org.hibernate.query.sqm.function.SqmFunctionRegistry - Registered SqmFunctionTemplate [NamedSqmFunctionTemplate(bit_length)] under bit_length; prior registration was null
10:24:12.645 [main] DEBUG org.hibernate.query.sqm.function.SqmFunctionRegistry - Registered SqmFunctionTemplate [NamedSqmFunctionTemplate(octet_length)] under octet_length; prior registration was null
10:24:12.645 [main] DEBUG org.hibernate.query.sqm.function.SqmFunctionRegistry - Registered SqmFunctionTemplate [NamedSqmFunctionTemplate(ascii)] under ascii; prior registration was null
10:24:12.645 [main] DEBUG org.hibernate.query.sqm.function.SqmFunctionRegistry - Registered SqmFunctionTemplate [NamedSqmFunctionTemplate(octet_length)] under octet_length; prior registration was NamedSqmFunctionTemplate(octet_length)
10:24:12.645 [main] DEBUG org.hibernate.query.sqm.function.SqmFunctionRegistry - Registered SqmFunctionTemplate [NamedSqmFunctionTemplate(space)] under space; prior registration was null
10:24:12.645 [main] DEBUG org.hibernate.query.sqm.function.SqmFunctionRegistry - Registered SqmFunctionTemplate [NamedSqmFunctionTemplate(repeat)] under repeat; prior registration was null
10:24:12.646 [main] DEBUG org.hibernate.query.sqm.function.SqmFunctionRegistry - Registered SqmFunctionTemplate [NamedSqmFunctionTemplate(char)] under char; prior registration was null
10:24:12.646 [main] DEBUG org.hibernate.query.sqm.function.SqmFunctionRegistry - Registering alternate key : chr -> char
10:24:12.646 [main] DEBUG org.hibernate.query.sqm.function.SqmFunctionRegistry - Registered SqmFunctionTemplate [NamedSqmFunctionTemplate(instr)] under instr; prior registration was null
10:24:12.646 [main] DEBUG org.hibernate.query.sqm.function.SqmFunctionRegistry - Registered SqmFunctionTemplate [NamedSqmFunctionTemplate(substr)] under substr; prior registration was null
10:24:12.646 [main] DEBUG org.hibernate.query.sqm.function.SqmFunctionRegistry - Registered SqmFunctionTemplate [org.hibernate.query.sqm.function.PatternBasedSqmFunctionDescriptor@789999b5] under position; prior registration was org.hibernate.dialect.function.LocatePositionEmulation@334ae975
10:24:12.646 [main] DEBUG org.hibernate.query.sqm.function.SqmFunctionRegistry - Registered SqmFunctionTemplate [NamedSqmFunctionTemplate(ltrim)] under ltrim; prior registration was null
10:24:12.646 [main] DEBUG org.hibernate.query.sqm.function.SqmFunctionRegistry - Registered SqmFunctionTemplate [NamedSqmFunctionTemplate(rtrim)] under rtrim; prior registration was null
10:24:12.646 [main] DEBUG org.hibernate.query.sqm.function.SqmFunctionRegistry - Registered SqmFunctionTemplate [org.hibernate.query.sqm.function.PatternBasedSqmFunctionDescriptor@32d44570] under concat; prior registration was NamedSqmFunctionTemplate(concat)
10:24:12.646 [main] DEBUG org.hibernate.query.sqm.function.SqmFunctionRegistry - Registered SqmFunctionTemplate [NamedSqmFunctionTemplate(curtime)] under curtime; prior registration was null
10:24:12.646 [main] DEBUG org.hibernate.query.sqm.function.SqmFunctionRegistry - Registered SqmFunctionTemplate [NamedSqmFunctionTemplate(curdate)] under curdate; prior registration was null
10:24:12.646 [main] DEBUG org.hibernate.query.sqm.function.SqmFunctionRegistry - Registered SqmFunctionTemplate [NamedSqmFunctionTemplate(now)] under now; prior registration was null
10:24:12.646 [main] DEBUG org.hibernate.query.sqm.function.SqmFunctionRegistry - Registered SqmFunctionTemplate [NamedSqmFunctionTemplate(sysdate)] under sysdate; prior registration was null
10:24:12.646 [main] DEBUG org.hibernate.query.sqm.function.SqmFunctionRegistry - Registered SqmFunctionTemplate [NamedSqmFunctionTemplate(insert)] under insert; prior registration was null
10:24:12.646 [main] DEBUG org.hibernate.query.sqm.function.SqmFunctionRegistry - Registered SqmFunctionTemplate [NamedSqmFunctionTemplate(bool_and)] under bool_and; prior registration was null
10:24:12.646 [main] DEBUG org.hibernate.query.sqm.function.SqmFunctionRegistry - Registering alternate key : every -> bool_and
10:24:12.646 [main] DEBUG org.hibernate.query.sqm.function.SqmFunctionRegistry - Registered SqmFunctionTemplate [NamedSqmFunctionTemplate(bool_or)] under bool_or; prior registration was null
10:24:12.646 [main] DEBUG org.hibernate.query.sqm.function.SqmFunctionRegistry - Registering alternate key : any -> bool_or
10:24:12.646 [main] DEBUG org.hibernate.query.sqm.function.SqmFunctionRegistry - Registered SqmFunctionTemplate [NamedSqmFunctionTemplate(median)] under median; prior registration was null
10:24:12.646 [main] DEBUG org.hibernate.query.sqm.function.SqmFunctionRegistry - Registered SqmFunctionTemplate [NamedSqmFunctionTemplate(stddev_pop)] under stddev_pop; prior registration was null
10:24:12.646 [main] DEBUG org.hibernate.query.sqm.function.SqmFunctionRegistry - Registered SqmFunctionTemplate [NamedSqmFunctionTemplate(stddev_samp)] under stddev_samp; prior registration was null
10:24:12.646 [main] DEBUG org.hibernate.query.sqm.function.SqmFunctionRegistry - Registered SqmFunctionTemplate [NamedSqmFunctionTemplate(var_pop)] under var_pop; prior registration was null
10:24:12.646 [main] DEBUG org.hibernate.query.sqm.function.SqmFunctionRegistry - Registered SqmFunctionTemplate [NamedSqmFunctionTemplate(var_samp)] under var_samp; prior registration was null
10:24:12.646 [main] DEBUG org.hibernate.query.sqm.function.SqmFunctionRegistry - Registered SqmFunctionTemplate [org.hibernate.dialect.function.FormatFunction@3c3eef64] under format; prior registration was org.hibernate.dialect.function.FormatFunction@4d3f7e6a
10:24:12.646 [main] DEBUG org.hibernate.query.sqm.function.SqmFunctionRegistry - Registered SqmFunctionTemplate [NamedSqmFunctionTemplate(rownum)] under rownum; prior registration was null
10:24:12.646 [main] DEBUG org.hibernate.query.sqm.function.SqmFunctionRegistry - Registered SqmFunctionTemplate [NamedSqmFunctionTemplate(row_number)] under row_number; prior registration was null
10:24:12.646 [main] DEBUG org.hibernate.query.sqm.function.SqmFunctionRegistry - Registered SqmFunctionTemplate [NamedSqmFunctionTemplate(lag)] under lag; prior registration was null
10:24:12.646 [main] DEBUG org.hibernate.query.sqm.function.SqmFunctionRegistry - Registered SqmFunctionTemplate [NamedSqmFunctionTemplate(lead)] under lead; prior registration was null
10:24:12.646 [main] DEBUG org.hibernate.query.sqm.function.SqmFunctionRegistry - Registered SqmFunctionTemplate [NamedSqmFunctionTemplate(first_value)] under first_value; prior registration was null
10:24:12.646 [main] DEBUG org.hibernate.query.sqm.function.SqmFunctionRegistry - Registered SqmFunctionTemplate [NamedSqmFunctionTemplate(last_value)] under last_value; prior registration was null
10:24:12.646 [main] DEBUG org.hibernate.query.sqm.function.SqmFunctionRegistry - Registered SqmFunctionTemplate [NamedSqmFunctionTemplate(nth_value)] under nth_value; prior registration was null
10:24:12.646 [main] DEBUG org.hibernate.query.sqm.function.SqmFunctionRegistry - Registered SqmFunctionTemplate [org.hibernate.dialect.function.ListaggFunction@3418f425] under listagg; prior registration was null
10:24:12.646 [main] DEBUG org.hibernate.query.sqm.function.SqmFunctionRegistry - Registered SqmFunctionTemplate [org.hibernate.dialect.function.InverseDistributionFunction@f88722] under mode; prior registration was null
10:24:12.646 [main] DEBUG org.hibernate.query.sqm.function.SqmFunctionRegistry - Registered SqmFunctionTemplate [org.hibernate.dialect.function.InverseDistributionFunction@1097bd88] under percentile_cont; prior registration was null
10:24:12.646 [main] DEBUG org.hibernate.query.sqm.function.SqmFunctionRegistry - Registered SqmFunctionTemplate [org.hibernate.dialect.function.InverseDistributionFunction@5b192531] under percentile_disc; prior registration was null
10:24:12.646 [main] DEBUG org.hibernate.query.sqm.function.SqmFunctionRegistry - Registered SqmFunctionTemplate [org.hibernate.dialect.function.HypotheticalSetFunction@28d34bab] under rank; prior registration was null
10:24:12.646 [main] DEBUG org.hibernate.query.sqm.function.SqmFunctionRegistry - Registered SqmFunctionTemplate [org.hibernate.dialect.function.HypotheticalSetFunction@6cd61804] under dense_rank; prior registration was null
10:24:12.646 [main] DEBUG org.hibernate.query.sqm.function.SqmFunctionRegistry - Registered SqmFunctionTemplate [org.hibernate.dialect.function.HypotheticalSetFunction@418083eb] under percent_rank; prior registration was null
10:24:12.646 [main] DEBUG org.hibernate.query.sqm.function.SqmFunctionRegistry - Registered SqmFunctionTemplate [org.hibernate.dialect.function.HypotheticalSetFunction@53220647] under cume_dist; prior registration was null
10:24:12.646 [main] DEBUG org.hibernate.query.sqm.function.SqmFunctionRegistry - Registered SqmFunctionTemplate [org.hibernate.dialect.function.array.ArrayConstructorFunction@611e919b] under array; prior registration was null
10:24:12.646 [main] DEBUG org.hibernate.query.sqm.function.SqmFunctionRegistry - Registered SqmFunctionTemplate [org.hibernate.dialect.function.array.ArrayConstructorFunction@3d54a384] under array_list; prior registration was null
10:24:12.646 [main] DEBUG org.hibernate.query.sqm.function.SqmFunctionRegistry - Registered SqmFunctionTemplate [org.hibernate.dialect.function.array.ArrayAggFunction@780ef01e] under array_agg; prior registration was null
10:24:12.646 [main] DEBUG org.hibernate.query.sqm.function.SqmFunctionRegistry - Registered SqmFunctionTemplate [org.hibernate.dialect.function.array.H2ArrayPositionFunction@3b5dd166] under array_position; prior registration was null
10:24:12.646 [main] DEBUG org.hibernate.query.sqm.function.SqmFunctionRegistry - Registered SqmFunctionTemplate [org.hibernate.dialect.function.array.H2ArrayPositionsFunction@368ac303] under array_positions; prior registration was null
10:24:12.646 [main] DEBUG org.hibernate.query.sqm.function.SqmFunctionRegistry - Registered SqmFunctionTemplate [org.hibernate.dialect.function.array.H2ArrayPositionsFunction@6c087b6a] under array_positions_list; prior registration was null
10:24:12.646 [main] DEBUG org.hibernate.query.sqm.function.SqmFunctionRegistry - Registered SqmFunctionTemplate [org.hibernate.query.sqm.function.PatternBasedSqmFunctionDescriptor@124227c1] under array_length; prior registration was null
10:24:12.646 [main] DEBUG org.hibernate.query.sqm.function.SqmFunctionRegistry - Registered SqmFunctionTemplate [org.hibernate.dialect.function.array.ArrayConcatFunction@72b06c51] under array_concat; prior registration was null
10:24:12.646 [main] DEBUG org.hibernate.query.sqm.function.SqmFunctionRegistry - Registered SqmFunctionTemplate [org.hibernate.dialect.function.array.ArrayConcatElementFunction@11861ce0] under array_prepend; prior registration was null
10:24:12.646 [main] DEBUG org.hibernate.query.sqm.function.SqmFunctionRegistry - Registered SqmFunctionTemplate [org.hibernate.dialect.function.array.ArrayConcatElementFunction@3efae691] under array_append; prior registration was null
10:24:12.646 [main] DEBUG org.hibernate.query.sqm.function.SqmFunctionRegistry - Registered SqmFunctionTemplate [org.hibernate.dialect.function.array.H2ArrayContainsFunction@3d85a2a0] under array_contains; prior registration was null
10:24:12.646 [main] DEBUG org.hibernate.query.sqm.function.SqmFunctionRegistry - Registered SqmFunctionTemplate [org.hibernate.dialect.function.array.H2ArrayContainsFunction@4ca683a5] under array_contains_nullable; prior registration was null
10:24:12.646 [main] DEBUG org.hibernate.query.sqm.function.SqmFunctionRegistry - Registered SqmFunctionTemplate [org.hibernate.dialect.function.array.H2ArrayOverlapsFunction@6de6f7cd] under array_overlaps; prior registration was null
10:24:12.646 [main] DEBUG org.hibernate.query.sqm.function.SqmFunctionRegistry - Registered SqmFunctionTemplate [org.hibernate.dialect.function.array.H2ArrayOverlapsFunction@4415a8e] under array_overlaps_nullable; prior registration was null
10:24:12.646 [main] DEBUG org.hibernate.query.sqm.function.SqmFunctionRegistry - Registered SqmFunctionTemplate [org.hibernate.query.sqm.function.PatternBasedSqmFunctionDescriptor@14416804] under array_get; prior registration was null
10:24:12.646 [main] DEBUG org.hibernate.query.sqm.function.SqmFunctionRegistry - Registered SqmFunctionTemplate [org.hibernate.dialect.function.array.H2ArraySetFunction@6c826a82] under array_set; prior registration was null
10:24:12.646 [main] DEBUG org.hibernate.query.sqm.function.SqmFunctionRegistry - Registered SqmFunctionTemplate [org.hibernate.dialect.function.array.H2ArrayRemoveFunction@3680b040] under array_remove; prior registration was null
10:24:12.646 [main] DEBUG org.hibernate.query.sqm.function.SqmFunctionRegistry - Registered SqmFunctionTemplate [org.hibernate.dialect.function.array.H2ArrayRemoveIndexFunction@381b1934] under array_remove_index; prior registration was null
10:24:12.646 [main] DEBUG org.hibernate.query.sqm.function.SqmFunctionRegistry - Registered SqmFunctionTemplate [org.hibernate.query.sqm.function.PatternBasedSqmFunctionDescriptor@2785477b] under array_slice; prior registration was null
10:24:12.646 [main] DEBUG org.hibernate.query.sqm.function.SqmFunctionRegistry - Registered SqmFunctionTemplate [org.hibernate.dialect.function.array.H2ArrayReplaceFunction@58acef73] under array_replace; prior registration was null
10:24:12.646 [main] DEBUG org.hibernate.query.sqm.function.SqmFunctionRegistry - Registered SqmFunctionTemplate [org.hibernate.query.sqm.function.PatternBasedSqmFunctionDescriptor@6b1d4696] under array_trim; prior registration was null
10:24:12.646 [main] DEBUG org.hibernate.query.sqm.function.SqmFunctionRegistry - Registered SqmFunctionTemplate [org.hibernate.dialect.function.array.H2ArrayFillFunction@baf2078] under array_fill; prior registration was null
10:24:12.646 [main] DEBUG org.hibernate.query.sqm.function.SqmFunctionRegistry - Registered SqmFunctionTemplate [org.hibernate.dialect.function.array.H2ArrayFillFunction@61c00e9] under array_fill_list; prior registration was null
10:24:12.646 [main] DEBUG org.hibernate.query.sqm.function.SqmFunctionRegistry - Registered SqmFunctionTemplate [org.hibernate.dialect.function.array.H2ArrayToStringFunction@3974a02e] under array_to_string; prior registration was null
10:24:12.647 [main] DEBUG org.hibernate.HQL_FUNCTIONS - abs(NUMERIC arg)
10:24:12.647 [main] DEBUG org.hibernate.HQL_FUNCTIONS - Double acos(NUMERIC arg)
10:24:12.647 [main] DEBUG org.hibernate.HQL_FUNCTIONS - Boolean any(BOOLEAN predicate)
10:24:12.647 [main] DEBUG org.hibernate.HQL_FUNCTIONS - array( ... )
10:24:12.647 [main] DEBUG org.hibernate.HQL_FUNCTIONS - array_agg(arg)
10:24:12.647 [main] DEBUG org.hibernate.HQL_FUNCTIONS - array_append( ... )
10:24:12.647 [main] DEBUG org.hibernate.HQL_FUNCTIONS - array_concat( ... )
10:24:12.647 [main] DEBUG org.hibernate.HQL_FUNCTIONS - Boolean array_contains(ARRAY haystackArray, OBJECT needleElementOrArray)
10:24:12.647 [main] DEBUG org.hibernate.HQL_FUNCTIONS - Boolean array_contains_nullable(ARRAY haystackArray, OBJECT needleElementOrArray)
10:24:12.647 [main] DEBUG org.hibernate.HQL_FUNCTIONS - array_fill(OBJECT element, INTEGER elementCount)
10:24:12.647 [main] DEBUG org.hibernate.HQL_FUNCTIONS - array_fill_list(OBJECT element, INTEGER elementCount)
10:24:12.647 [main] DEBUG org.hibernate.HQL_FUNCTIONS - array_get(ARRAY array, INTEGER index)
10:24:12.647 [main] DEBUG org.hibernate.HQL_FUNCTIONS - Integer array_length(ARRAY array)
10:24:12.647 [main] DEBUG org.hibernate.HQL_FUNCTIONS - array_list( ... )
10:24:12.647 [main] DEBUG org.hibernate.HQL_FUNCTIONS - Boolean array_overlaps(ARRAY array0, OBJECT array1)
10:24:12.647 [main] DEBUG org.hibernate.HQL_FUNCTIONS - Boolean array_overlaps_nullable(ARRAY array0, OBJECT array1)
10:24:12.647 [main] DEBUG org.hibernate.HQL_FUNCTIONS - Integer array_position(ARRAY array, OBJECT element[, INTEGER startPosition])
10:24:12.647 [main] DEBUG org.hibernate.HQL_FUNCTIONS - int[] array_positions(ARRAY array, OBJECT element)
10:24:12.647 [main] DEBUG org.hibernate.HQL_FUNCTIONS - List array_positions_list(ARRAY array, OBJECT element)
10:24:12.647 [main] DEBUG org.hibernate.HQL_FUNCTIONS - array_prepend( ... )
10:24:12.647 [main] DEBUG org.hibernate.HQL_FUNCTIONS - array_remove( ... )
10:24:12.647 [main] DEBUG org.hibernate.HQL_FUNCTIONS - array_remove_index( ... )
10:24:12.647 [main] DEBUG org.hibernate.HQL_FUNCTIONS - array_replace( ... )
10:24:12.647 [main] DEBUG org.hibernate.HQL_FUNCTIONS - array_set( ... )
10:24:12.647 [main] DEBUG org.hibernate.HQL_FUNCTIONS - array_slice(ARRAY array, INTEGER start, INTEGER end)
10:24:12.647 [main] DEBUG org.hibernate.HQL_FUNCTIONS - String array_to_string( ... )
10:24:12.647 [main] DEBUG org.hibernate.HQL_FUNCTIONS - array_trim(ARRAY array, INTEGER elementsToRemove)
10:24:12.647 [main] DEBUG org.hibernate.HQL_FUNCTIONS - Integer ascii(STRING arg)
10:24:12.647 [main] DEBUG org.hibernate.HQL_FUNCTIONS - Double asin(NUMERIC arg)
10:24:12.647 [main] DEBUG org.hibernate.HQL_FUNCTIONS - Double atan(NUMERIC arg)
10:24:12.647 [main] DEBUG org.hibernate.HQL_FUNCTIONS - Double atan2(NUMERIC arg0, NUMERIC arg1)
10:24:12.647 [main] DEBUG org.hibernate.HQL_FUNCTIONS - avg(NUMERIC arg)
10:24:12.647 [main] DEBUG org.hibernate.HQL_FUNCTIONS - bit_and(arg)
10:24:12.647 [main] DEBUG org.hibernate.HQL_FUNCTIONS - Integer bit_length(STRING_OR_CLOB arg)
10:24:12.647 [main] DEBUG org.hibernate.HQL_FUNCTIONS - bit_or(arg)
10:24:12.647 [main] DEBUG org.hibernate.HQL_FUNCTIONS - bitand(arg0, arg1)
10:24:12.647 [main] DEBUG org.hibernate.HQL_FUNCTIONS - bitnot(arg)
10:24:12.647 [main] DEBUG org.hibernate.HQL_FUNCTIONS - bitor(arg0, arg1)
10:24:12.647 [main] DEBUG org.hibernate.HQL_FUNCTIONS - bitxor(arg0, arg1)
10:24:12.647 [main] DEBUG org.hibernate.HQL_FUNCTIONS - Boolean bool_and(BOOLEAN predicate)
10:24:12.647 [main] DEBUG org.hibernate.HQL_FUNCTIONS - Boolean bool_or(BOOLEAN predicate)
10:24:12.647 [main] DEBUG org.hibernate.HQL_FUNCTIONS - cast(arg as Type)
10:24:12.647 [main] DEBUG org.hibernate.HQL_FUNCTIONS - ceiling(NUMERIC arg)
10:24:12.647 [main] DEBUG org.hibernate.HQL_FUNCTIONS - Character char(INTEGER arg)
10:24:12.647 [main] DEBUG org.hibernate.HQL_FUNCTIONS - Integer character_length(STRING_OR_CLOB arg)
10:24:12.647 [main] DEBUG org.hibernate.HQL_FUNCTIONS - Character chr(INTEGER arg)
10:24:12.647 [main] DEBUG org.hibernate.HQL_FUNCTIONS - coalesce(arg0[, arg1[, ...]])
10:24:12.647 [main] DEBUG org.hibernate.HQL_FUNCTIONS - String collate(STRING string as COLLATION collation)
10:24:12.647 [main] DEBUG org.hibernate.HQL_FUNCTIONS - String concat(STRING string0[, STRING string1[, ...]])
10:24:12.647 [main] DEBUG org.hibernate.HQL_FUNCTIONS - Double cos(NUMERIC arg)
10:24:12.647 [main] DEBUG org.hibernate.HQL_FUNCTIONS - Double cosh(NUMERIC arg)
10:24:12.647 [main] DEBUG org.hibernate.HQL_FUNCTIONS - Double cot(NUMERIC arg)
10:24:12.647 [main] DEBUG org.hibernate.HQL_FUNCTIONS - Long count([distinct ]{arg|*})
10:24:12.647 [main] DEBUG org.hibernate.HQL_FUNCTIONS - Double cume_dist([arg0[, ...]])
10:24:12.647 [main] DEBUG org.hibernate.HQL_FUNCTIONS - Date curdate()
10:24:12.647 [main] DEBUG org.hibernate.HQL_FUNCTIONS - Date current date
10:24:12.647 [main] DEBUG org.hibernate.HQL_FUNCTIONS - Time current time
10:24:12.647 [main] DEBUG org.hibernate.HQL_FUNCTIONS - Timestamp current timestamp
10:24:12.647 [main] DEBUG org.hibernate.HQL_FUNCTIONS - Date current_date
10:24:12.647 [main] DEBUG org.hibernate.HQL_FUNCTIONS - Instant current_instant
10:24:12.647 [main] DEBUG org.hibernate.HQL_FUNCTIONS - Time current_time
10:24:12.647 [main] DEBUG org.hibernate.HQL_FUNCTIONS - Timestamp current_timestamp
10:24:12.647 [main] DEBUG org.hibernate.HQL_FUNCTIONS - Time curtime()
10:24:12.647 [main] DEBUG org.hibernate.HQL_FUNCTIONS - date_trunc(STRING field, TEMPORAL datetime)
10:24:12.647 [main] DEBUG org.hibernate.HQL_FUNCTIONS - dateadd(TEMPORAL_UNIT field, INTEGER magnitude, TEMPORAL datetime)
10:24:12.647 [main] DEBUG org.hibernate.HQL_FUNCTIONS - Long|Double datediff(TEMPORAL_UNIT field, TEMPORAL start, TEMPORAL end)
10:24:12.647 [main] DEBUG org.hibernate.HQL_FUNCTIONS - Integer day(DATE arg)
10:24:12.647 [main] DEBUG org.hibernate.HQL_FUNCTIONS - Integer day_of_month(DATE arg)
10:24:12.647 [main] DEBUG org.hibernate.HQL_FUNCTIONS - Integer day_of_week(DATE arg)
10:24:12.647 [main] DEBUG org.hibernate.HQL_FUNCTIONS - Integer day_of_year(DATE arg)
10:24:12.647 [main] DEBUG org.hibernate.HQL_FUNCTIONS - String dayname(DATE arg)
10:24:12.647 [main] DEBUG org.hibernate.HQL_FUNCTIONS - Double degrees(NUMERIC arg)
10:24:12.647 [main] DEBUG org.hibernate.HQL_FUNCTIONS - Long dense_rank([arg0[, ...]])
10:24:12.647 [main] DEBUG org.hibernate.HQL_FUNCTIONS - Boolean every(BOOLEAN predicate)
10:24:12.647 [main] DEBUG org.hibernate.HQL_FUNCTIONS - Double exp(NUMERIC arg)
10:24:12.647 [main] DEBUG org.hibernate.HQL_FUNCTIONS - extract(TEMPORAL_UNIT field from TEMPORAL arg)
10:24:12.647 [main] DEBUG org.hibernate.HQL_FUNCTIONS - first_valueANY value
10:24:12.647 [main] DEBUG org.hibernate.HQL_FUNCTIONS - floor(NUMERIC arg)
10:24:12.647 [main] DEBUG org.hibernate.HQL_FUNCTIONS - String format(TEMPORAL datetime as STRING pattern)
10:24:12.647 [main] DEBUG org.hibernate.HQL_FUNCTIONS - greatest(COMPARABLE arg0, COMPARABLE arg1[, arg2[, ...]])
10:24:12.647 [main] DEBUG org.hibernate.HQL_FUNCTIONS - Integer hour(TIME arg)
10:24:12.647 [main] DEBUG org.hibernate.HQL_FUNCTIONS - ifnull(arg0, arg1)
10:24:12.647 [main] DEBUG org.hibernate.HQL_FUNCTIONS - String insert(STRING string, INTEGER start, INTEGER length, STRING replacement)
10:24:12.647 [main] DEBUG org.hibernate.HQL_FUNCTIONS - Instant instant
10:24:12.647 [main] DEBUG org.hibernate.HQL_FUNCTIONS - Integer instr(STRING string, STRING pattern[, INTEGER start[, INTEGER occurrence]])
10:24:12.647 [main] DEBUG org.hibernate.HQL_FUNCTIONS - lagANY value[, INTEGER offset[, ANY default]]
10:24:12.647 [main] DEBUG org.hibernate.HQL_FUNCTIONS - last_valueANY value
10:24:12.647 [main] DEBUG org.hibernate.HQL_FUNCTIONS - leadANY value[, INTEGER offset[, ANY default]]
10:24:12.647 [main] DEBUG org.hibernate.HQL_FUNCTIONS - least(COMPARABLE arg0, COMPARABLE arg1[, arg2[, ...]])
10:24:12.647 [main] DEBUG org.hibernate.HQL_FUNCTIONS - String left(STRING string, INTEGER length)
10:24:12.647 [main] DEBUG org.hibernate.HQL_FUNCTIONS - Integer length(STRING_OR_CLOB arg)
10:24:12.648 [main] DEBUG org.hibernate.HQL_FUNCTIONS - String listagg(STRING arg0, STRING arg1)
10:24:12.648 [main] DEBUG org.hibernate.HQL_FUNCTIONS - Double ln(NUMERIC arg)
10:24:12.648 [main] DEBUG org.hibernate.HQL_FUNCTIONS - LocalDate local date
10:24:12.648 [main] DEBUG org.hibernate.HQL_FUNCTIONS - LocalDateTime local datetime
10:24:12.648 [main] DEBUG org.hibernate.HQL_FUNCTIONS - LocalTime local time
10:24:12.648 [main] DEBUG org.hibernate.HQL_FUNCTIONS - LocalDate local_date
10:24:12.648 [main] DEBUG org.hibernate.HQL_FUNCTIONS - LocalDateTime local_datetime
10:24:12.648 [main] DEBUG org.hibernate.HQL_FUNCTIONS - LocalTime local_time
10:24:12.648 [main] DEBUG org.hibernate.HQL_FUNCTIONS - Time localtime
10:24:12.648 [main] DEBUG org.hibernate.HQL_FUNCTIONS - Timestamp localtimestamp
10:24:12.648 [main] DEBUG org.hibernate.HQL_FUNCTIONS - Integer locate(STRING pattern, STRING string[, INTEGER start])
10:24:12.648 [main] DEBUG org.hibernate.HQL_FUNCTIONS - Double log(NUMERIC base, NUMERIC arg)
10:24:12.648 [main] DEBUG org.hibernate.HQL_FUNCTIONS - Double log10(NUMERIC arg)
10:24:12.648 [main] DEBUG org.hibernate.HQL_FUNCTIONS - String lower(STRING string)
10:24:12.648 [main] DEBUG org.hibernate.HQL_FUNCTIONS - String lpad(STRING string, INTEGER length[, STRING padding])
10:24:12.648 [main] DEBUG org.hibernate.HQL_FUNCTIONS - String ltrim(STRING string)
10:24:12.648 [main] DEBUG org.hibernate.HQL_FUNCTIONS - max(COMPARABLE arg)
10:24:12.648 [main] DEBUG org.hibernate.HQL_FUNCTIONS - Double median(NUMERIC arg)
10:24:12.648 [main] DEBUG org.hibernate.HQL_FUNCTIONS - Integer microsecond(TIME arg)
10:24:12.648 [main] DEBUG org.hibernate.HQL_FUNCTIONS - min(COMPARABLE arg)
10:24:12.648 [main] DEBUG org.hibernate.HQL_FUNCTIONS - Integer minute(TIME arg)
10:24:12.648 [main] DEBUG org.hibernate.HQL_FUNCTIONS - Integer mod(INTEGER arg0, INTEGER arg1)
10:24:12.648 [main] DEBUG org.hibernate.HQL_FUNCTIONS - mode()
10:24:12.648 [main] DEBUG org.hibernate.HQL_FUNCTIONS - Integer month(DATE arg)
10:24:12.648 [main] DEBUG org.hibernate.HQL_FUNCTIONS - String monthname(DATE arg)
10:24:12.648 [main] DEBUG org.hibernate.HQL_FUNCTIONS - Timestamp now()
10:24:12.648 [main] DEBUG org.hibernate.HQL_FUNCTIONS - nth_valueANY value, INTEGER nth
10:24:12.648 [main] DEBUG org.hibernate.HQL_FUNCTIONS - nullif(arg0, arg1)
10:24:12.648 [main] DEBUG org.hibernate.HQL_FUNCTIONS - Integer octet_length(STRING_OR_CLOB arg)
10:24:12.648 [main] DEBUG org.hibernate.HQL_FUNCTIONS - OffsetDateTime offset datetime
10:24:12.648 [main] DEBUG org.hibernate.HQL_FUNCTIONS - OffsetDateTime offset_datetime
10:24:12.648 [main] DEBUG org.hibernate.HQL_FUNCTIONS - String overlay(STRING string placing STRING replacement from INTEGER start[ for INTEGER length])
10:24:12.648 [main] DEBUG org.hibernate.HQL_FUNCTIONS - String pad(STRING string with INTEGER length {leading|trailing}[ STRING character])
10:24:12.648 [main] DEBUG org.hibernate.HQL_FUNCTIONS - Double percent_rank([arg0[, ...]])
10:24:12.648 [main] DEBUG org.hibernate.HQL_FUNCTIONS - percentile_cont(NUMERIC arg)
10:24:12.648 [main] DEBUG org.hibernate.HQL_FUNCTIONS - percentile_disc(NUMERIC arg)
10:24:12.648 [main] DEBUG org.hibernate.HQL_FUNCTIONS - Double pi
10:24:12.648 [main] DEBUG org.hibernate.HQL_FUNCTIONS - Integer position(STRING pattern in STRING string)
10:24:12.648 [main] DEBUG org.hibernate.HQL_FUNCTIONS - Double power(NUMERIC arg0, NUMERIC arg1)
10:24:12.648 [main] DEBUG org.hibernate.HQL_FUNCTIONS - Integer quarter(DATE arg)
10:24:12.648 [main] DEBUG org.hibernate.HQL_FUNCTIONS - Double radians(NUMERIC arg)
10:24:12.648 [main] DEBUG org.hibernate.HQL_FUNCTIONS - Double rand([INTEGER seed])
10:24:12.648 [main] DEBUG org.hibernate.HQL_FUNCTIONS - Long rank([arg0[, ...]])
10:24:12.648 [main] DEBUG org.hibernate.HQL_FUNCTIONS - String repeat(STRING string, INTEGER times)
10:24:12.648 [main] DEBUG org.hibernate.HQL_FUNCTIONS - String replace(STRING string, STRING pattern, STRING replacement)
10:24:12.648 [main] DEBUG org.hibernate.HQL_FUNCTIONS - String right(STRING string, INTEGER length)
10:24:12.648 [main] DEBUG org.hibernate.HQL_FUNCTIONS - round(NUMERIC number[, INTEGER places])
10:24:12.648 [main] DEBUG org.hibernate.HQL_FUNCTIONS - Long row_number()
10:24:12.648 [main] DEBUG org.hibernate.HQL_FUNCTIONS - Long rownum()
10:24:12.648 [main] DEBUG org.hibernate.HQL_FUNCTIONS - String rpad(STRING string, INTEGER length[, STRING padding])
10:24:12.648 [main] DEBUG org.hibernate.HQL_FUNCTIONS - String rtrim(STRING string)
10:24:12.648 [main] DEBUG org.hibernate.HQL_FUNCTIONS - Integer second(TIME arg)
10:24:12.648 [main] DEBUG org.hibernate.HQL_FUNCTIONS - Integer sign(NUMERIC arg)
10:24:12.648 [main] DEBUG org.hibernate.HQL_FUNCTIONS - Double sin(NUMERIC arg)
10:24:12.648 [main] DEBUG org.hibernate.HQL_FUNCTIONS - Double sinh(NUMERIC arg)
10:24:12.648 [main] DEBUG org.hibernate.HQL_FUNCTIONS - String soundex(arg)
10:24:12.648 [main] DEBUG org.hibernate.HQL_FUNCTIONS - String space(INTEGER arg)
10:24:12.648 [main] DEBUG org.hibernate.HQL_FUNCTIONS - Object sql
10:24:12.648 [main] DEBUG org.hibernate.HQL_FUNCTIONS - Double sqrt(NUMERIC arg)
10:24:12.648 [main] DEBUG org.hibernate.HQL_FUNCTIONS - Double stddev_pop(NUMERIC arg)
10:24:12.648 [main] DEBUG org.hibernate.HQL_FUNCTIONS - Double stddev_samp(NUMERIC arg)
10:24:12.648 [main] DEBUG org.hibernate.HQL_FUNCTIONS - String str(arg)
10:24:12.648 [main] DEBUG org.hibernate.HQL_FUNCTIONS - String substr(STRING string, INTEGER start[, INTEGER length])
10:24:12.648 [main] DEBUG org.hibernate.HQL_FUNCTIONS - String substring(STRING string{ from|,} INTEGER start[{ for|,} INTEGER length])
10:24:12.648 [main] DEBUG org.hibernate.HQL_FUNCTIONS - sum(arg)
10:24:12.648 [main] DEBUG org.hibernate.HQL_FUNCTIONS - Timestamp sysdate
10:24:12.648 [main] DEBUG org.hibernate.HQL_FUNCTIONS - Double tan(NUMERIC arg)
10:24:12.648 [main] DEBUG org.hibernate.HQL_FUNCTIONS - Double tanh(NUMERIC arg)
10:24:12.648 [main] DEBUG org.hibernate.HQL_FUNCTIONS - timestampadd(TEMPORAL_UNIT field, INTEGER magnitude, TEMPORAL datetime)
10:24:12.648 [main] DEBUG org.hibernate.HQL_FUNCTIONS - Long|Double timestampdiff(TEMPORAL_UNIT field, TEMPORAL start, TEMPORAL end)
10:24:12.648 [main] DEBUG org.hibernate.HQL_FUNCTIONS - String translate(STRING arg0, STRING arg1, STRING arg2)
10:24:12.648 [main] DEBUG org.hibernate.HQL_FUNCTIONS - String trim([[{leading|trailing|both} ][STRING arg0 ]from] STRING arg1)
10:24:12.648 [main] DEBUG org.hibernate.HQL_FUNCTIONS - trunc( ... )
10:24:12.648 [main] DEBUG org.hibernate.HQL_FUNCTIONS - truncate( ... )
10:24:12.648 [main] DEBUG org.hibernate.HQL_FUNCTIONS - String upper(STRING string)
10:24:12.648 [main] DEBUG org.hibernate.HQL_FUNCTIONS - Double var_pop(NUMERIC arg)
10:24:12.648 [main] DEBUG org.hibernate.HQL_FUNCTIONS - Double var_samp(NUMERIC arg)
10:24:12.648 [main] DEBUG org.hibernate.HQL_FUNCTIONS - Integer week(DATE arg)
10:24:12.648 [main] DEBUG org.hibernate.HQL_FUNCTIONS - Integer year(DATE arg)
10:24:12.648 [main] DEBUG org.hibernate.orm.query.plan.cache - Starting QueryInterpretationCache(2048)
10:24:12.649 [main] DEBUG org.hibernate.service.internal.SessionFactoryServiceRegistryImpl - EventListenerRegistry access via ServiceRegistry is deprecated.  Use `sessionFactory.getEventEngine().getListenerRegistry()` instead
10:24:12.649 [FRC-PM-HikariCP housekeeper] DEBUG com.zaxxer.hikari.pool.HikariPool - FRC-PM-HikariCP - Before cleanup stats (total=1, active=0, idle=1, waiting=0)
10:24:12.649 [main] DEBUG org.hibernate.event.internal.EntityCopyObserverFactoryInitiator - Configured EntityCopyObserver strategy: disallow
10:24:12.649 [FRC-PM-HikariCP housekeeper] DEBUG com.zaxxer.hikari.pool.HikariPool - FRC-PM-HikariCP - After cleanup  stats (total=1, active=0, idle=1, waiting=0)
10:24:12.651 [main] DEBUG org.hibernate.boot.internal.ClassLoaderAccessImpl - Not known whether passed class name [org.frcpm.models.Attendance] is safe
10:24:12.651 [main] DEBUG org.hibernate.boot.internal.ClassLoaderAccessImpl - No temp ClassLoader provided; using live ClassLoader for loading potentially unsafe class : org.frcpm.models.Attendance
10:24:12.654 [FRC-PM-HikariCP connection adder] DEBUG com.zaxxer.hikari.pool.HikariPool - FRC-PM-HikariCP - Added connection conn7: url=jdbc:h2:file:C:\Users\dhiebert\.frcpm\frcpm user=SA
10:24:12.662 [main] DEBUG org.hibernate.bytecode.internal.bytebuddy.BytecodeProviderImpl - HHH000513: Unable to create the ReflectionOptimizer for [org.frcpm.models.Attendance]: private accessor [arrivalTime]
10:24:12.662 [main] DEBUG org.hibernate.boot.internal.ClassLoaderAccessImpl - Not known whether passed class name [org.frcpm.models.Meeting] is safe
10:24:12.662 [main] DEBUG org.hibernate.boot.internal.ClassLoaderAccessImpl - No temp ClassLoader provided; using live ClassLoader for loading potentially unsafe class : org.frcpm.models.Meeting
10:24:12.671 [main] DEBUG org.hibernate.bytecode.internal.bytebuddy.BytecodeProviderImpl - HHH000513: Unable to create the ReflectionOptimizer for [org.frcpm.models.Meeting]: private accessor [attendances]
10:24:12.672 [main] DEBUG org.hibernate.boot.internal.ClassLoaderAccessImpl - Not known whether passed class name [org.frcpm.models.Subsystem] is safe
10:24:12.672 [main] DEBUG org.hibernate.boot.internal.ClassLoaderAccessImpl - No temp ClassLoader provided; using live ClassLoader for loading potentially unsafe class : org.frcpm.models.Subsystem
10:24:12.676 [main] DEBUG org.hibernate.bytecode.internal.bytebuddy.BytecodeProviderImpl - HHH000513: Unable to create the ReflectionOptimizer for [org.frcpm.models.Subsystem]: private accessor [description]
10:24:12.676 [main] DEBUG org.hibernate.boot.internal.ClassLoaderAccessImpl - Not known whether passed class name [org.frcpm.models.Component] is safe
10:24:12.676 [main] DEBUG org.hibernate.boot.internal.ClassLoaderAccessImpl - No temp ClassLoader provided; using live ClassLoader for loading potentially unsafe class : org.frcpm.models.Component
10:24:12.681 [main] DEBUG org.hibernate.bytecode.internal.bytebuddy.BytecodeProviderImpl - HHH000513: Unable to create the ReflectionOptimizer for [org.frcpm.models.Component]: private accessor [actualDelivery]
10:24:12.683 [main] DEBUG org.hibernate.boot.internal.ClassLoaderAccessImpl - Not known whether passed class name [org.frcpm.models.Milestone] is safe
10:24:12.683 [main] DEBUG org.hibernate.boot.internal.ClassLoaderAccessImpl - No temp ClassLoader provided; using live ClassLoader for loading potentially unsafe class : org.frcpm.models.Milestone
10:24:12.689 [main] DEBUG org.hibernate.bytecode.internal.bytebuddy.BytecodeProviderImpl - HHH000513: Unable to create the ReflectionOptimizer for [org.frcpm.models.Milestone]: private accessor [date]
10:24:12.689 [main] DEBUG org.hibernate.boot.internal.ClassLoaderAccessImpl - Not known whether passed class name [org.frcpm.models.Project] is safe
10:24:12.689 [main] DEBUG org.hibernate.boot.internal.ClassLoaderAccessImpl - No temp ClassLoader provided; using live ClassLoader for loading potentially unsafe class : org.frcpm.models.Project
10:24:12.694 [main] DEBUG org.hibernate.bytecode.internal.bytebuddy.BytecodeProviderImpl - HHH000513: Unable to create the ReflectionOptimizer for [org.frcpm.models.Project]: private accessor [description]
10:24:12.695 [FRC-PM-HikariCP connection adder] DEBUG com.zaxxer.hikari.pool.HikariPool - FRC-PM-HikariCP - After adding stats (total=2, active=0, idle=2, waiting=0)
10:24:12.695 [main] DEBUG org.hibernate.boot.internal.ClassLoaderAccessImpl - Not known whether passed class name [org.frcpm.models.Subteam] is safe
10:24:12.695 [main] DEBUG org.hibernate.boot.internal.ClassLoaderAccessImpl - No temp ClassLoader provided; using live ClassLoader for loading potentially unsafe class : org.frcpm.models.Subteam
10:24:12.706 [main] DEBUG org.hibernate.bytecode.internal.bytebuddy.BytecodeProviderImpl - HHH000513: Unable to create the ReflectionOptimizer for [org.frcpm.models.Subteam]: private accessor [colorCode]
10:24:12.707 [main] DEBUG org.hibernate.boot.internal.ClassLoaderAccessImpl - Not known whether passed class name [org.frcpm.models.Task] is safe
10:24:12.707 [main] DEBUG org.hibernate.boot.internal.ClassLoaderAccessImpl - No temp ClassLoader provided; using live ClassLoader for loading potentially unsafe class : org.frcpm.models.Task
10:24:12.720 [main] DEBUG org.hibernate.bytecode.internal.bytebuddy.BytecodeProviderImpl - HHH000513: Unable to create the ReflectionOptimizer for [org.frcpm.models.Task]: private accessor [actualDurationSeconds]
10:24:12.722 [main] DEBUG org.hibernate.boot.internal.ClassLoaderAccessImpl - Not known whether passed class name [org.frcpm.models.TeamMember] is safe
10:24:12.722 [main] DEBUG org.hibernate.boot.internal.ClassLoaderAccessImpl - No temp ClassLoader provided; using live ClassLoader for loading potentially unsafe class : org.frcpm.models.TeamMember
10:24:12.734 [main] DEBUG org.hibernate.bytecode.internal.bytebuddy.BytecodeProviderImpl - HHH000513: Unable to create the ReflectionOptimizer for [org.frcpm.models.TeamMember]: private accessor [assignedTasks]
10:24:12.736 [main] DEBUG org.hibernate.orm.jdbc.mutation - Skipping collection row updates - org.frcpm.models.Task.assignedTo
10:24:12.736 [main] DEBUG org.hibernate.orm.jdbc.mutation - Skipping collection (re)creation - org.frcpm.models.Subsystem.tasks
10:24:12.737 [main] DEBUG org.hibernate.orm.jdbc.mutation - Skipping collection row deletions - org.frcpm.models.Subsystem.tasks
10:24:12.737 [main] DEBUG org.hibernate.orm.jdbc.mutation - Skipping collection removals - org.frcpm.models.Subsystem.tasks
10:24:12.737 [main] DEBUG org.hibernate.orm.jdbc.mutation - Skipping collection (re)creation - org.frcpm.models.Subteam.members
10:24:12.737 [main] DEBUG org.hibernate.orm.jdbc.mutation - Skipping collection row deletions - org.frcpm.models.Subteam.members
10:24:12.737 [main] DEBUG org.hibernate.orm.jdbc.mutation - Skipping collection removals - org.frcpm.models.Subteam.members
10:24:12.737 [main] DEBUG org.hibernate.orm.jdbc.mutation - Skipping collection (re)creation - org.frcpm.models.TeamMember.attendances
10:24:12.737 [main] DEBUG org.hibernate.orm.jdbc.mutation - Skipping collection row deletions - org.frcpm.models.TeamMember.attendances
10:24:12.737 [main] DEBUG org.hibernate.orm.jdbc.mutation - Skipping collection removals - org.frcpm.models.TeamMember.attendances
10:24:12.737 [main] DEBUG org.hibernate.orm.jdbc.mutation - Skipping collection row updates - org.frcpm.models.Task.requiredComponents
10:24:12.737 [main] DEBUG org.hibernate.orm.jdbc.mutation - Skipping collection (re)creation - org.frcpm.models.Subteam.subsystems
10:24:12.737 [main] DEBUG org.hibernate.orm.jdbc.mutation - Skipping collection row deletions - org.frcpm.models.Subteam.subsystems
10:24:12.737 [main] DEBUG org.hibernate.orm.jdbc.mutation - Skipping collection removals - org.frcpm.models.Subteam.subsystems
10:24:12.737 [main] DEBUG org.hibernate.orm.jdbc.mutation - Skipping collection row updates - org.frcpm.models.Task.preDependencies
10:24:12.737 [main] DEBUG org.hibernate.orm.jdbc.mutation - Skipping collection (re)creation - org.frcpm.models.Project.milestones
10:24:12.737 [main] DEBUG org.hibernate.orm.jdbc.mutation - Skipping collection row deletions - org.frcpm.models.Project.milestones
10:24:12.737 [main] DEBUG org.hibernate.orm.jdbc.mutation - Skipping collection removals - org.frcpm.models.Project.milestones
10:24:12.737 [main] DEBUG org.hibernate.orm.jdbc.mutation - Skipping collection inserts - org.frcpm.models.Component.requiredForTasks
10:24:12.737 [main] DEBUG org.hibernate.orm.jdbc.mutation - Skipping collection row updates - org.frcpm.models.Component.requiredForTasks
10:24:12.737 [main] DEBUG org.hibernate.orm.jdbc.mutation - Skipping collection row deletions - org.frcpm.models.Component.requiredForTasks
10:24:12.737 [main] DEBUG org.hibernate.orm.jdbc.mutation - Skipping collection removals - org.frcpm.models.Component.requiredForTasks
10:24:12.737 [main] DEBUG org.hibernate.orm.jdbc.mutation - Skipping collection (re)creation - org.frcpm.models.Project.meetings
10:24:12.737 [main] DEBUG org.hibernate.orm.jdbc.mutation - Skipping collection row deletions - org.frcpm.models.Project.meetings
10:24:12.737 [main] DEBUG org.hibernate.orm.jdbc.mutation - Skipping collection removals - org.frcpm.models.Project.meetings
10:24:12.737 [main] DEBUG org.hibernate.orm.jdbc.mutation - Skipping collection inserts - org.frcpm.models.TeamMember.assignedTasks
10:24:12.737 [main] DEBUG org.hibernate.orm.jdbc.mutation - Skipping collection row updates - org.frcpm.models.TeamMember.assignedTasks
10:24:12.737 [main] DEBUG org.hibernate.orm.jdbc.mutation - Skipping collection row deletions - org.frcpm.models.TeamMember.assignedTasks
10:24:12.737 [main] DEBUG org.hibernate.orm.jdbc.mutation - Skipping collection removals - org.frcpm.models.TeamMember.assignedTasks
10:24:12.737 [main] DEBUG org.hibernate.orm.jdbc.mutation - Skipping collection (re)creation - org.frcpm.models.Meeting.attendances
10:24:12.737 [main] DEBUG org.hibernate.orm.jdbc.mutation - Skipping collection row deletions - org.frcpm.models.Meeting.attendances
10:24:12.737 [main] DEBUG org.hibernate.orm.jdbc.mutation - Skipping collection removals - org.frcpm.models.Meeting.attendances
10:24:12.738 [main] DEBUG org.hibernate.orm.jdbc.mutation - Skipping collection inserts - org.frcpm.models.Task.postDependencies
10:24:12.738 [main] DEBUG org.hibernate.orm.jdbc.mutation - Skipping collection row updates - org.frcpm.models.Task.postDependencies
10:24:12.738 [main] DEBUG org.hibernate.orm.jdbc.mutation - Skipping collection row deletions - org.frcpm.models.Task.postDependencies
10:24:12.738 [main] DEBUG org.hibernate.orm.jdbc.mutation - Skipping collection removals - org.frcpm.models.Task.postDependencies
10:24:12.738 [main] DEBUG org.hibernate.orm.jdbc.mutation - Skipping collection (re)creation - org.frcpm.models.Project.tasks
10:24:12.738 [main] DEBUG org.hibernate.orm.jdbc.mutation - Skipping collection row deletions - org.frcpm.models.Project.tasks
10:24:12.738 [main] DEBUG org.hibernate.orm.jdbc.mutation - Skipping collection removals - org.frcpm.models.Project.tasks
10:24:12.743 [main] DEBUG org.hibernate.orm.model.mapping.creation - Starting post-init callbacks
10:24:12.743 [main] DEBUG org.hibernate.orm.model.mapping.creation - Starting PostInitCallbackEntry : To-one key - NavigableRole[org.frcpm.models.Attendance.meeting]
10:24:12.743 [main] DEBUG org.hibernate.orm.model.mapping.creation - Starting PostInitCallbackEntry : To-one key - NavigableRole[org.frcpm.models.Attendance.member]
10:24:12.743 [main] DEBUG org.hibernate.orm.model.mapping.creation - Starting PostInitCallbackEntry : Entity(org.frcpm.models.Attendance) `staticFetchableList` generator
10:24:12.743 [main] DEBUG org.hibernate.orm.model.mapping.creation - Starting PostInitCallbackEntry : PluralAttributeMapping( NavigableRole[org.frcpm.models.Meeting.attendances#{element}]) - element descriptor
10:24:12.743 [main] DEBUG org.hibernate.orm.model.mapping.creation - Starting PostInitCallbackEntry : PluralAttributeMapping(org.frcpm.models.Meeting.attendances)#finishInitialization
10:24:12.743 [main] DEBUG org.hibernate.orm.model.mapping.creation - Starting PostInitCallbackEntry : PluralAttributeMapping(org.frcpm.models.Meeting.attendances) - key descriptor
10:24:12.743 [main] DEBUG org.hibernate.orm.model.mapping.creation - Starting PostInitCallbackEntry : To-one key - NavigableRole[org.frcpm.models.Meeting.project]
10:24:12.743 [main] DEBUG org.hibernate.orm.model.mapping.creation - Starting PostInitCallbackEntry : Entity(org.frcpm.models.Meeting) `staticFetchableList` generator
10:24:12.743 [main] DEBUG org.hibernate.orm.model.mapping.creation - Starting PostInitCallbackEntry : To-one key - NavigableRole[org.frcpm.models.Subsystem.responsibleSubteam]
10:24:12.743 [main] DEBUG org.hibernate.orm.model.mapping.creation - Starting PostInitCallbackEntry : PluralAttributeMapping( NavigableRole[org.frcpm.models.Subsystem.tasks#{element}]) - element descriptor
10:24:12.743 [main] DEBUG org.hibernate.orm.model.mapping.creation - Starting PostInitCallbackEntry : PluralAttributeMapping(org.frcpm.models.Subsystem.tasks)#finishInitialization
10:24:12.743 [main] DEBUG org.hibernate.orm.model.mapping.creation - Starting PostInitCallbackEntry : PluralAttributeMapping(org.frcpm.models.Subsystem.tasks) - key descriptor
10:24:12.743 [main] DEBUG org.hibernate.orm.model.mapping.creation - Starting PostInitCallbackEntry : Entity(org.frcpm.models.Subsystem) `staticFetchableList` generator
10:24:12.743 [main] DEBUG org.hibernate.orm.model.mapping.creation - Starting PostInitCallbackEntry : PluralAttributeMapping( NavigableRole[org.frcpm.models.Component.requiredForTasks#{element}]) - element descriptor
10:24:12.743 [main] DEBUG org.hibernate.orm.model.mapping.creation - Starting PostInitCallbackEntry : PluralAttributeMapping(org.frcpm.models.Component.requiredForTasks)#finishInitialization
10:24:12.743 [main] DEBUG org.hibernate.orm.model.mapping.creation - Starting PostInitCallbackEntry : PluralAttributeMapping(org.frcpm.models.Component.requiredForTasks) - key descriptor
10:24:12.743 [main] DEBUG org.hibernate.orm.model.mapping.creation - Starting PostInitCallbackEntry : Entity(org.frcpm.models.Component) `staticFetchableList` generator
10:24:12.743 [main] DEBUG org.hibernate.orm.model.mapping.creation - Starting PostInitCallbackEntry : To-one key - NavigableRole[org.frcpm.models.Milestone.project]
10:24:12.743 [main] DEBUG org.hibernate.orm.model.mapping.creation - Starting PostInitCallbackEntry : Entity(org.frcpm.models.Milestone) `staticFetchableList` generator
10:24:12.743 [main] DEBUG org.hibernate.orm.model.mapping.creation - Starting PostInitCallbackEntry : PluralAttributeMapping( NavigableRole[org.frcpm.models.Project.meetings#{element}]) - element descriptor
10:24:12.743 [main] DEBUG org.hibernate.orm.model.mapping.creation - Starting PostInitCallbackEntry : PluralAttributeMapping(org.frcpm.models.Project.meetings)#finishInitialization
10:24:12.743 [main] DEBUG org.hibernate.orm.model.mapping.creation - Starting PostInitCallbackEntry : PluralAttributeMapping(org.frcpm.models.Project.meetings) - key descriptor
10:24:12.743 [main] DEBUG org.hibernate.orm.model.mapping.creation - Starting PostInitCallbackEntry : PluralAttributeMapping( NavigableRole[org.frcpm.models.Project.milestones#{element}]) - element descriptor
10:24:12.743 [main] DEBUG org.hibernate.orm.model.mapping.creation - Starting PostInitCallbackEntry : PluralAttributeMapping(org.frcpm.models.Project.milestones)#finishInitialization
10:24:12.743 [main] DEBUG org.hibernate.orm.model.mapping.creation - Starting PostInitCallbackEntry : PluralAttributeMapping(org.frcpm.models.Project.milestones) - key descriptor
10:24:12.743 [main] DEBUG org.hibernate.orm.model.mapping.creation - Starting PostInitCallbackEntry : PluralAttributeMapping( NavigableRole[org.frcpm.models.Project.tasks#{element}]) - element descriptor
10:24:12.743 [main] DEBUG org.hibernate.orm.model.mapping.creation - Starting PostInitCallbackEntry : PluralAttributeMapping(org.frcpm.models.Project.tasks)#finishInitialization
10:24:12.743 [main] DEBUG org.hibernate.orm.model.mapping.creation - Starting PostInitCallbackEntry : PluralAttributeMapping(org.frcpm.models.Project.tasks) - key descriptor
10:24:12.743 [main] DEBUG org.hibernate.orm.model.mapping.creation - Starting PostInitCallbackEntry : Entity(org.frcpm.models.Project) `staticFetchableList` generator
10:24:12.743 [main] DEBUG org.hibernate.orm.model.mapping.creation - Starting PostInitCallbackEntry : PluralAttributeMapping( NavigableRole[org.frcpm.models.Subteam.members#{element}]) - element descriptor
10:24:12.743 [main] DEBUG org.hibernate.orm.model.mapping.creation - Starting PostInitCallbackEntry : PluralAttributeMapping(org.frcpm.models.Subteam.members)#finishInitialization
10:24:12.743 [main] DEBUG org.hibernate.orm.model.mapping.creation - Starting PostInitCallbackEntry : PluralAttributeMapping(org.frcpm.models.Subteam.members) - key descriptor
10:24:12.743 [main] DEBUG org.hibernate.orm.model.mapping.creation - Starting PostInitCallbackEntry : PluralAttributeMapping( NavigableRole[org.frcpm.models.Subteam.subsystems#{element}]) - element descriptor
10:24:12.743 [main] DEBUG org.hibernate.orm.model.mapping.creation - Starting PostInitCallbackEntry : PluralAttributeMapping(org.frcpm.models.Subteam.subsystems)#finishInitialization
10:24:12.743 [main] DEBUG org.hibernate.orm.model.mapping.creation - Starting PostInitCallbackEntry : PluralAttributeMapping(org.frcpm.models.Subteam.subsystems) - key descriptor
10:24:12.743 [main] DEBUG org.hibernate.orm.model.mapping.creation - Starting PostInitCallbackEntry : Entity(org.frcpm.models.Subteam) `staticFetchableList` generator
10:24:12.743 [main] DEBUG org.hibernate.orm.model.mapping.creation - Starting PostInitCallbackEntry : PluralAttributeMapping( NavigableRole[org.frcpm.models.Task.assignedTo#{element}]) - element descriptor
10:24:12.743 [main] DEBUG org.hibernate.orm.model.mapping.creation - Starting PostInitCallbackEntry : PluralAttributeMapping(org.frcpm.models.Task.assignedTo)#finishInitialization
10:24:12.743 [main] DEBUG org.hibernate.orm.model.mapping.creation - Starting PostInitCallbackEntry : PluralAttributeMapping(org.frcpm.models.Task.assignedTo) - key descriptor
10:24:12.743 [main] DEBUG org.hibernate.orm.model.mapping.creation - Starting PostInitCallbackEntry : PluralAttributeMapping( NavigableRole[org.frcpm.models.Task.postDependencies#{element}]) - element descriptor
10:24:12.743 [main] DEBUG org.hibernate.orm.model.mapping.creation - Starting PostInitCallbackEntry : PluralAttributeMapping(org.frcpm.models.Task.postDependencies)#finishInitialization
10:24:12.743 [main] DEBUG org.hibernate.orm.model.mapping.creation - Starting PostInitCallbackEntry : PluralAttributeMapping(org.frcpm.models.Task.postDependencies) - key descriptor
10:24:12.743 [main] DEBUG org.hibernate.orm.model.mapping.creation - Starting PostInitCallbackEntry : PluralAttributeMapping( NavigableRole[org.frcpm.models.Task.preDependencies#{element}]) - element descriptor
10:24:12.743 [main] DEBUG org.hibernate.orm.model.mapping.creation - Starting PostInitCallbackEntry : PluralAttributeMapping(org.frcpm.models.Task.preDependencies)#finishInitialization
10:24:12.744 [main] DEBUG org.hibernate.orm.model.mapping.creation - Starting PostInitCallbackEntry : PluralAttributeMapping(org.frcpm.models.Task.preDependencies) - key descriptor
10:24:12.744 [main] DEBUG org.hibernate.orm.model.mapping.creation - Starting PostInitCallbackEntry : To-one key - NavigableRole[org.frcpm.models.Task.project]
10:24:12.744 [main] DEBUG org.hibernate.orm.model.mapping.creation - Starting PostInitCallbackEntry : PluralAttributeMapping( NavigableRole[org.frcpm.models.Task.requiredComponents#{element}]) - element descriptor
10:24:12.744 [main] DEBUG org.hibernate.orm.model.mapping.creation - Starting PostInitCallbackEntry : PluralAttributeMapping(org.frcpm.models.Task.requiredComponents)#finishInitialization
10:24:12.744 [main] DEBUG org.hibernate.orm.model.mapping.creation - Starting PostInitCallbackEntry : PluralAttributeMapping(org.frcpm.models.Task.requiredComponents) - key descriptor
10:24:12.744 [main] DEBUG org.hibernate.orm.model.mapping.creation - Starting PostInitCallbackEntry : To-one key - NavigableRole[org.frcpm.models.Task.subsystem]
10:24:12.744 [main] DEBUG org.hibernate.orm.model.mapping.creation - Starting PostInitCallbackEntry : Entity(org.frcpm.models.Task) `staticFetchableList` generator
10:24:12.744 [main] DEBUG org.hibernate.orm.model.mapping.creation - Starting PostInitCallbackEntry : PluralAttributeMapping( NavigableRole[org.frcpm.models.TeamMember.assignedTasks#{element}]) - element descriptor
10:24:12.744 [main] DEBUG org.hibernate.orm.model.mapping.creation - Starting PostInitCallbackEntry : PluralAttributeMapping(org.frcpm.models.TeamMember.assignedTasks)#finishInitialization
10:24:12.744 [main] DEBUG org.hibernate.orm.model.mapping.creation - Starting PostInitCallbackEntry : PluralAttributeMapping(org.frcpm.models.TeamMember.assignedTasks) - key descriptor
10:24:12.744 [main] DEBUG org.hibernate.orm.model.mapping.creation - Starting PostInitCallbackEntry : PluralAttributeMapping( NavigableRole[org.frcpm.models.TeamMember.attendances#{element}]) - element descriptor
10:24:12.744 [main] DEBUG org.hibernate.orm.model.mapping.creation - Starting PostInitCallbackEntry : PluralAttributeMapping(org.frcpm.models.TeamMember.attendances)#finishInitialization
10:24:12.744 [main] DEBUG org.hibernate.orm.model.mapping.creation - Starting PostInitCallbackEntry : PluralAttributeMapping(org.frcpm.models.TeamMember.attendances) - key descriptor
10:24:12.744 [main] DEBUG org.hibernate.orm.model.mapping.creation - Starting PostInitCallbackEntry : To-one key - NavigableRole[org.frcpm.models.TeamMember.subteam]
10:24:12.744 [main] DEBUG org.hibernate.orm.model.mapping.creation - Starting PostInitCallbackEntry : Entity(org.frcpm.models.TeamMember) `staticFetchableList` generator
10:24:12.744 [main] DEBUG org.hibernate.orm.model.mapping.creation - Starting PostInitCallbackEntry : PluralAttributeMapping( NavigableRole[org.frcpm.models.Meeting.attendances#{element}]) - element descriptor
10:24:12.744 [main] DEBUG org.hibernate.orm.model.mapping.creation - Starting PostInitCallbackEntry : PluralAttributeMapping( NavigableRole[org.frcpm.models.Subsystem.tasks#{element}]) - element descriptor
10:24:12.744 [main] DEBUG org.hibernate.orm.model.mapping.creation - Starting PostInitCallbackEntry : PluralAttributeMapping( NavigableRole[org.frcpm.models.Component.requiredForTasks#{element}]) - element descriptor
10:24:12.744 [main] DEBUG org.hibernate.orm.model.mapping.creation - Starting PostInitCallbackEntry : PluralAttributeMapping( NavigableRole[org.frcpm.models.Project.meetings#{element}]) - element descriptor
10:24:12.744 [main] DEBUG org.hibernate.orm.model.mapping.creation - Starting PostInitCallbackEntry : PluralAttributeMapping( NavigableRole[org.frcpm.models.Project.milestones#{element}]) - element descriptor
10:24:12.744 [main] DEBUG org.hibernate.orm.model.mapping.creation - Starting PostInitCallbackEntry : PluralAttributeMapping( NavigableRole[org.frcpm.models.Project.tasks#{element}]) - element descriptor
10:24:12.744 [main] DEBUG org.hibernate.orm.model.mapping.creation - Starting PostInitCallbackEntry : PluralAttributeMapping( NavigableRole[org.frcpm.models.Subteam.members#{element}]) - element descriptor
10:24:12.744 [main] DEBUG org.hibernate.orm.model.mapping.creation - Starting PostInitCallbackEntry : PluralAttributeMapping( NavigableRole[org.frcpm.models.Subteam.subsystems#{element}]) - element descriptor
10:24:12.744 [main] DEBUG org.hibernate.orm.model.mapping.creation - Starting PostInitCallbackEntry : PluralAttributeMapping( NavigableRole[org.frcpm.models.Task.postDependencies#{element}]) - element descriptor
10:24:12.744 [main] DEBUG org.hibernate.orm.model.mapping.creation - Starting PostInitCallbackEntry : PluralAttributeMapping( NavigableRole[org.frcpm.models.TeamMember.attendances#{element}]) - element descriptor
10:24:12.754 [main] DEBUG org.hibernate.orm.sql.ast.create - Created new SQL alias : a1_0
10:24:12.754 [main] DEBUG org.hibernate.orm.sql.ast.create - Registration of TableGroup [StandardTableGroup(org.frcpm.models.Attendance)] with identifierForTableGroup [org.frcpm.models.Attendance] for NavigablePath [org.frcpm.models.Attendance] 
10:24:12.754 [main] DEBUG org.hibernate.orm.sql.ast.create - Registration of TableGroup [org.hibernate.sql.ast.tree.from.LazyTableGroup@63a5a05a] with identifierForTableGroup [org.frcpm.models.Attendance.meeting] for NavigablePath [org.frcpm.models.Attendance.meeting] 
10:24:12.754 [main] DEBUG org.hibernate.orm.sql.ast.create - Registration of TableGroup [org.hibernate.sql.ast.tree.from.LazyTableGroup@615d6ee0] with identifierForTableGroup [org.frcpm.models.Attendance.member] for NavigablePath [org.frcpm.models.Attendance.member] 
10:24:12.755 [main] DEBUG org.hibernate.orm.results.graph.AST - DomainResult Graph:
 \-EntityResultImpl [org.frcpm.models.Attendance]
 |  +-BasicFetch [org.frcpm.models.Attendance.arrivalTime]
 |  +-BasicFetch [org.frcpm.models.Attendance.departureTime]
 |  +-EntityDelayedFetchImpl [org.frcpm.models.Attendance.meeting]
 |  +-EntityDelayedFetchImpl [org.frcpm.models.Attendance.member]
 |  \-BasicFetch [org.frcpm.models.Attendance.present]

10:24:12.755 [main] DEBUG org.hibernate.orm.sql.ast.tree - SQL AST Tree:
    SelectStatement {
      FromClause {
        StandardTableGroup (a1 : org.frcpm.models.Attendance) {
          primaryTableReference : attendances as a1_0
          TableGroupJoins {
            left  join LazyTableGroup (m1 : org.frcpm.models.Attendance.meeting) {
            }
            left  join LazyTableGroup (m2 : org.frcpm.models.Attendance.member) {
            }
          }
        }
      }
    }

10:24:12.755 [main] DEBUG org.hibernate.persister.entity.AbstractEntityPersister - Static SQL for entity: org.frcpm.models.Attendance
10:24:12.755 [main] DEBUG org.hibernate.persister.entity.AbstractEntityPersister -  Version select: select id from attendances where id=?
10:24:12.755 [main] DEBUG org.hibernate.persister.entity.AbstractEntityPersister -  Insert (0): insert into attendances (arrival_time,departure_time,meeting_id,member_id,present,id) values (?,?,?,?,?,default)
10:24:12.755 [main] DEBUG org.hibernate.persister.entity.AbstractEntityPersister -  Update (0): update attendances set arrival_time=?,departure_time=?,meeting_id=?,member_id=?,present=? where id=?
10:24:12.755 [main] DEBUG org.hibernate.persister.entity.AbstractEntityPersister -  Delete (0): delete from attendances where id=?
10:24:12.755 [main] DEBUG org.hibernate.orm.sql.ast.create - Created new SQL alias : m1_0
10:24:12.755 [main] DEBUG org.hibernate.orm.sql.ast.create - Registration of TableGroup [StandardTableGroup(org.frcpm.models.Meeting)] with identifierForTableGroup [org.frcpm.models.Meeting] for NavigablePath [org.frcpm.models.Meeting] 
10:24:12.755 [main] DEBUG org.hibernate.orm.sql.ast.create - Registration of TableGroup [org.hibernate.sql.ast.tree.from.LazyTableGroup@3abfc328] with identifierForTableGroup [org.frcpm.models.Meeting.project] for NavigablePath [org.frcpm.models.Meeting.project] 
10:24:12.755 [main] DEBUG org.hibernate.orm.results.graph.AST - DomainResult Graph:
 \-EntityResultImpl [org.frcpm.models.Meeting]
 |  +-DelayedCollectionFetch [org.frcpm.models.Meeting.attendances]
 |  +-BasicFetch [org.frcpm.models.Meeting.date]
 |  +-BasicFetch [org.frcpm.models.Meeting.endTime]
 |  +-BasicFetch [org.frcpm.models.Meeting.notes]
 |  +-EntityDelayedFetchImpl [org.frcpm.models.Meeting.project]
 |  \-BasicFetch [org.frcpm.models.Meeting.startTime]

10:24:12.755 [main] DEBUG org.hibernate.orm.sql.ast.tree - SQL AST Tree:
    SelectStatement {
      FromClause {
        StandardTableGroup (m1 : org.frcpm.models.Meeting) {
          primaryTableReference : meetings as m1_0
          TableGroupJoins {
            left  join LazyTableGroup (p1 : org.frcpm.models.Meeting.project) {
            }
          }
        }
      }
    }

10:24:12.755 [main] DEBUG org.hibernate.persister.entity.AbstractEntityPersister - Static SQL for entity: org.frcpm.models.Meeting
10:24:12.755 [main] DEBUG org.hibernate.persister.entity.AbstractEntityPersister -  Version select: select id from meetings where id=?
10:24:12.755 [main] DEBUG org.hibernate.persister.entity.AbstractEntityPersister -  Insert (0): insert into meetings (date,end_time,notes,project_id,start_time,id) values (?,?,?,?,?,default)
10:24:12.755 [main] DEBUG org.hibernate.persister.entity.AbstractEntityPersister -  Update (0): update meetings set date=?,end_time=?,notes=?,project_id=?,start_time=? where id=?
10:24:12.755 [main] DEBUG org.hibernate.persister.entity.AbstractEntityPersister -  Delete (0): delete from meetings where id=?
10:24:12.755 [main] DEBUG org.hibernate.orm.sql.ast.create - Created new SQL alias : s1_0
10:24:12.755 [main] DEBUG org.hibernate.orm.sql.ast.create - Registration of TableGroup [StandardTableGroup(org.frcpm.models.Subsystem)] with identifierForTableGroup [org.frcpm.models.Subsystem] for NavigablePath [org.frcpm.models.Subsystem] 
10:24:12.755 [main] DEBUG org.hibernate.orm.sql.ast.create - Registration of TableGroup [org.hibernate.sql.ast.tree.from.LazyTableGroup@cce98b3] with identifierForTableGroup [org.frcpm.models.Subsystem.responsibleSubteam] for NavigablePath [org.frcpm.models.Subsystem.responsibleSubteam] 
10:24:12.756 [main] DEBUG org.hibernate.orm.results.graph.AST - DomainResult Graph:
 \-EntityResultImpl [org.frcpm.models.Subsystem]
 |  +-BasicFetch [org.frcpm.models.Subsystem.description]
 |  +-BasicFetch [org.frcpm.models.Subsystem.name]
 |  +-EntityDelayedFetchImpl [org.frcpm.models.Subsystem.responsibleSubteam]
 |  +-BasicFetch [org.frcpm.models.Subsystem.status]
 |  \-DelayedCollectionFetch [org.frcpm.models.Subsystem.tasks]

10:24:12.756 [main] DEBUG org.hibernate.orm.sql.ast.tree - SQL AST Tree:
    SelectStatement {
      FromClause {
        StandardTableGroup (s1 : org.frcpm.models.Subsystem) {
          primaryTableReference : subsystems as s1_0
          TableGroupJoins {
            left  join LazyTableGroup (rs1 : org.frcpm.models.Subsystem.responsibleSubteam) {
            }
          }
        }
      }
    }

10:24:12.756 [main] DEBUG org.hibernate.persister.entity.AbstractEntityPersister - Static SQL for entity: org.frcpm.models.Subsystem
10:24:12.756 [main] DEBUG org.hibernate.persister.entity.AbstractEntityPersister -  Version select: select id from subsystems where id=?
10:24:12.756 [main] DEBUG org.hibernate.persister.entity.AbstractEntityPersister -  Insert (0): insert into subsystems (description,name,responsible_subteam_id,status,id) values (?,?,?,?,default)
10:24:12.756 [main] DEBUG org.hibernate.persister.entity.AbstractEntityPersister -  Update (0): update subsystems set description=?,name=?,responsible_subteam_id=?,status=? where id=?
10:24:12.756 [main] DEBUG org.hibernate.persister.entity.AbstractEntityPersister -  Delete (0): delete from subsystems where id=?
10:24:12.756 [main] DEBUG org.hibernate.orm.sql.ast.create - Created new SQL alias : c1_0
10:24:12.756 [main] DEBUG org.hibernate.orm.sql.ast.create - Registration of TableGroup [StandardTableGroup(org.frcpm.models.Component)] with identifierForTableGroup [org.frcpm.models.Component] for NavigablePath [org.frcpm.models.Component] 
10:24:12.756 [main] DEBUG org.hibernate.orm.results.graph.AST - DomainResult Graph:
 \-EntityResultImpl [org.frcpm.models.Component]
 |  +-BasicFetch [org.frcpm.models.Component.actualDelivery]
 |  +-BasicFetch [org.frcpm.models.Component.delivered]
 |  +-BasicFetch [org.frcpm.models.Component.description]
 |  +-BasicFetch [org.frcpm.models.Component.expectedDelivery]
 |  +-BasicFetch [org.frcpm.models.Component.name]
 |  +-BasicFetch [org.frcpm.models.Component.partNumber]
 |  \-DelayedCollectionFetch [org.frcpm.models.Component.requiredForTasks]

10:24:12.756 [main] DEBUG org.hibernate.orm.sql.ast.tree - SQL AST Tree:
    SelectStatement {
      FromClause {
        StandardTableGroup (c1 : org.frcpm.models.Component) {
          primaryTableReference : components as c1_0
        }
      }
    }

10:24:12.756 [main] DEBUG org.hibernate.persister.entity.AbstractEntityPersister - Static SQL for entity: org.frcpm.models.Component
10:24:12.756 [main] DEBUG org.hibernate.persister.entity.AbstractEntityPersister -  Version select: select id from components where id=?
10:24:12.756 [main] DEBUG org.hibernate.persister.entity.AbstractEntityPersister -  Insert (0): insert into components (actual_delivery,is_delivered,description,expected_delivery,name,part_number,id) values (?,?,?,?,?,?,default)
10:24:12.756 [main] DEBUG org.hibernate.persister.entity.AbstractEntityPersister -  Update (0): update components set actual_delivery=?,is_delivered=?,description=?,expected_delivery=?,name=?,part_number=? where id=?
10:24:12.756 [main] DEBUG org.hibernate.persister.entity.AbstractEntityPersister -  Delete (0): delete from components where id=?
10:24:12.757 [main] DEBUG org.hibernate.orm.sql.ast.create - Created new SQL alias : m1_0
10:24:12.757 [main] DEBUG org.hibernate.orm.sql.ast.create - Registration of TableGroup [StandardTableGroup(org.frcpm.models.Milestone)] with identifierForTableGroup [org.frcpm.models.Milestone] for NavigablePath [org.frcpm.models.Milestone] 
10:24:12.757 [main] DEBUG org.hibernate.orm.sql.ast.create - Registration of TableGroup [org.hibernate.sql.ast.tree.from.LazyTableGroup@6edd0568] with identifierForTableGroup [org.frcpm.models.Milestone.project] for NavigablePath [org.frcpm.models.Milestone.project] 
10:24:12.757 [main] DEBUG org.hibernate.orm.results.graph.AST - DomainResult Graph:
 \-EntityResultImpl [org.frcpm.models.Milestone]
 |  +-BasicFetch [org.frcpm.models.Milestone.date]
 |  +-BasicFetch [org.frcpm.models.Milestone.description]
 |  +-BasicFetch [org.frcpm.models.Milestone.name]
 |  \-EntityDelayedFetchImpl [org.frcpm.models.Milestone.project]

10:24:12.757 [main] DEBUG org.hibernate.orm.sql.ast.tree - SQL AST Tree:
    SelectStatement {
      FromClause {
        StandardTableGroup (m1 : org.frcpm.models.Milestone) {
          primaryTableReference : milestones as m1_0
          TableGroupJoins {
            left  join LazyTableGroup (p1 : org.frcpm.models.Milestone.project) {
            }
          }
        }
      }
    }

10:24:12.757 [main] DEBUG org.hibernate.persister.entity.AbstractEntityPersister - Static SQL for entity: org.frcpm.models.Milestone
10:24:12.757 [main] DEBUG org.hibernate.persister.entity.AbstractEntityPersister -  Version select: select id from milestones where id=?
10:24:12.757 [main] DEBUG org.hibernate.persister.entity.AbstractEntityPersister -  Insert (0): insert into milestones (date,description,name,project_id,id) values (?,?,?,?,default)
10:24:12.757 [main] DEBUG org.hibernate.persister.entity.AbstractEntityPersister -  Update (0): update milestones set date=?,description=?,name=?,project_id=? where id=?
10:24:12.757 [main] DEBUG org.hibernate.persister.entity.AbstractEntityPersister -  Delete (0): delete from milestones where id=?
10:24:12.757 [main] DEBUG org.hibernate.orm.sql.ast.create - Created new SQL alias : p1_0
10:24:12.757 [main] DEBUG org.hibernate.orm.sql.ast.create - Registration of TableGroup [StandardTableGroup(org.frcpm.models.Project)] with identifierForTableGroup [org.frcpm.models.Project] for NavigablePath [org.frcpm.models.Project] 
10:24:12.757 [main] DEBUG org.hibernate.orm.results.graph.AST - DomainResult Graph:
 \-EntityResultImpl [org.frcpm.models.Project]
 |  +-BasicFetch [org.frcpm.models.Project.description]
 |  +-BasicFetch [org.frcpm.models.Project.goalEndDate]
 |  +-BasicFetch [org.frcpm.models.Project.hardDeadline]
 |  +-DelayedCollectionFetch [org.frcpm.models.Project.meetings]
 |  +-DelayedCollectionFetch [org.frcpm.models.Project.milestones]
 |  +-BasicFetch [org.frcpm.models.Project.name]
 |  +-BasicFetch [org.frcpm.models.Project.startDate]
 |  \-DelayedCollectionFetch [org.frcpm.models.Project.tasks]

10:24:12.757 [main] DEBUG org.hibernate.orm.sql.ast.tree - SQL AST Tree:
    SelectStatement {
      FromClause {
        StandardTableGroup (p1 : org.frcpm.models.Project) {
          primaryTableReference : projects as p1_0
        }
      }
    }

10:24:12.758 [main] DEBUG org.hibernate.persister.entity.AbstractEntityPersister - Static SQL for entity: org.frcpm.models.Project
10:24:12.758 [main] DEBUG org.hibernate.persister.entity.AbstractEntityPersister -  Version select: select id from projects where id=?
10:24:12.758 [main] DEBUG org.hibernate.persister.entity.AbstractEntityPersister -  Insert (0): insert into projects (description,goal_end_date,hard_deadline,name,start_date,id) values (?,?,?,?,?,default)
10:24:12.758 [main] DEBUG org.hibernate.persister.entity.AbstractEntityPersister -  Update (0): update projects set description=?,goal_end_date=?,hard_deadline=?,name=?,start_date=? where id=?
10:24:12.758 [main] DEBUG org.hibernate.persister.entity.AbstractEntityPersister -  Delete (0): delete from projects where id=?
10:24:12.758 [main] DEBUG org.hibernate.orm.sql.ast.create - Created new SQL alias : s1_0
10:24:12.758 [main] DEBUG org.hibernate.orm.sql.ast.create - Registration of TableGroup [StandardTableGroup(org.frcpm.models.Subteam)] with identifierForTableGroup [org.frcpm.models.Subteam] for NavigablePath [org.frcpm.models.Subteam] 
10:24:12.758 [main] DEBUG org.hibernate.orm.results.graph.AST - DomainResult Graph:
 \-EntityResultImpl [org.frcpm.models.Subteam]
 |  +-BasicFetch [org.frcpm.models.Subteam.colorCode]
 |  +-DelayedCollectionFetch [org.frcpm.models.Subteam.members]
 |  +-BasicFetch [org.frcpm.models.Subteam.name]
 |  +-BasicFetch [org.frcpm.models.Subteam.specialties]
 |  \-DelayedCollectionFetch [org.frcpm.models.Subteam.subsystems]

10:24:12.758 [main] DEBUG org.hibernate.orm.sql.ast.tree - SQL AST Tree:
    SelectStatement {
      FromClause {
        StandardTableGroup (s1 : org.frcpm.models.Subteam) {
          primaryTableReference : subteams as s1_0
        }
      }
    }

10:24:12.759 [main] DEBUG org.hibernate.persister.entity.AbstractEntityPersister - Static SQL for entity: org.frcpm.models.Subteam
10:24:12.759 [main] DEBUG org.hibernate.persister.entity.AbstractEntityPersister -  Version select: select id from subteams where id=?
10:24:12.759 [main] DEBUG org.hibernate.persister.entity.AbstractEntityPersister -  Insert (0): insert into subteams (color_code,name,specialties,id) values (?,?,?,default)
10:24:12.759 [main] DEBUG org.hibernate.persister.entity.AbstractEntityPersister -  Update (0): update subteams set color_code=?,name=?,specialties=? where id=?
10:24:12.759 [main] DEBUG org.hibernate.persister.entity.AbstractEntityPersister -  Delete (0): delete from subteams where id=?
10:24:12.759 [main] DEBUG org.hibernate.orm.sql.ast.create - Created new SQL alias : t1_0
10:24:12.759 [main] DEBUG org.hibernate.orm.sql.ast.create - Registration of TableGroup [StandardTableGroup(org.frcpm.models.Task)] with identifierForTableGroup [org.frcpm.models.Task] for NavigablePath [org.frcpm.models.Task] 
10:24:12.759 [main] DEBUG org.hibernate.orm.sql.ast.create - Registration of TableGroup [org.hibernate.sql.ast.tree.from.LazyTableGroup@77b760b3] with identifierForTableGroup [org.frcpm.models.Task.project] for NavigablePath [org.frcpm.models.Task.project] 
10:24:12.759 [main] DEBUG org.hibernate.orm.sql.ast.create - Registration of TableGroup [org.hibernate.sql.ast.tree.from.LazyTableGroup@748028ad] with identifierForTableGroup [org.frcpm.models.Task.subsystem] for NavigablePath [org.frcpm.models.Task.subsystem] 
10:24:12.759 [main] DEBUG org.hibernate.orm.results.graph.AST - DomainResult Graph:
 \-EntityResultImpl [org.frcpm.models.Task]
 |  +-BasicFetch [org.frcpm.models.Task.actualDurationSeconds]
 |  +-DelayedCollectionFetch [org.frcpm.models.Task.assignedTo]
 |  +-BasicFetch [org.frcpm.models.Task.completed]
 |  +-BasicFetch [org.frcpm.models.Task.description]
 |  +-BasicFetch [org.frcpm.models.Task.endDate]
 |  +-BasicFetch [org.frcpm.models.Task.estimatedDurationSeconds]
 |  +-DelayedCollectionFetch [org.frcpm.models.Task.postDependencies]
 |  +-DelayedCollectionFetch [org.frcpm.models.Task.preDependencies]
 |  +-BasicFetch [org.frcpm.models.Task.priority]
 |  +-BasicFetch [org.frcpm.models.Task.progress]
 |  +-EntityDelayedFetchImpl [org.frcpm.models.Task.project]
 |  +-DelayedCollectionFetch [org.frcpm.models.Task.requiredComponents]
 |  +-BasicFetch [org.frcpm.models.Task.startDate]
 |  +-EntityDelayedFetchImpl [org.frcpm.models.Task.subsystem]
 |  \-BasicFetch [org.frcpm.models.Task.title]

10:24:12.759 [main] DEBUG org.hibernate.orm.sql.ast.tree - SQL AST Tree:
    SelectStatement {
      FromClause {
        StandardTableGroup (t1 : org.frcpm.models.Task) {
          primaryTableReference : tasks as t1_0
          TableGroupJoins {
            left  join LazyTableGroup (p1 : org.frcpm.models.Task.project) {
            }
            left  join LazyTableGroup (s1 : org.frcpm.models.Task.subsystem) {
            }
          }
        }
      }
    }

10:24:12.759 [main] DEBUG org.hibernate.persister.entity.AbstractEntityPersister - Static SQL for entity: org.frcpm.models.Task
10:24:12.759 [main] DEBUG org.hibernate.persister.entity.AbstractEntityPersister -  Version select: select id from tasks where id=?
10:24:12.759 [main] DEBUG org.hibernate.persister.entity.AbstractEntityPersister -  Insert (0): insert into tasks (actual_duration_seconds,completed,description,end_date,estimated_duration_seconds,priority,progress,project_id,start_date,subsystem_id,title,id) values (?,?,?,?,?,?,?,?,?,?,?,default)
10:24:12.759 [main] DEBUG org.hibernate.persister.entity.AbstractEntityPersister -  Update (0): update tasks set actual_duration_seconds=?,completed=?,description=?,end_date=?,estimated_duration_seconds=?,priority=?,progress=?,project_id=?,start_date=?,subsystem_id=?,title=? where id=?
10:24:12.759 [main] DEBUG org.hibernate.persister.entity.AbstractEntityPersister -  Delete (0): delete from tasks where id=?
10:24:12.759 [main] DEBUG org.hibernate.orm.sql.ast.create - Created new SQL alias : tm1_0
10:24:12.759 [main] DEBUG org.hibernate.orm.sql.ast.create - Registration of TableGroup [StandardTableGroup(org.frcpm.models.TeamMember)] with identifierForTableGroup [org.frcpm.models.TeamMember] for NavigablePath [org.frcpm.models.TeamMember] 
10:24:12.760 [main] DEBUG org.hibernate.orm.sql.ast.create - Registration of TableGroup [org.hibernate.sql.ast.tree.from.LazyTableGroup@596efec0] with identifierForTableGroup [org.frcpm.models.TeamMember.subteam] for NavigablePath [org.frcpm.models.TeamMember.subteam] 
10:24:12.760 [main] DEBUG org.hibernate.orm.results.graph.AST - DomainResult Graph:
 \-EntityResultImpl [org.frcpm.models.TeamMember]
 |  +-DelayedCollectionFetch [org.frcpm.models.TeamMember.assignedTasks]
 |  +-DelayedCollectionFetch [org.frcpm.models.TeamMember.attendances]
 |  +-BasicFetch [org.frcpm.models.TeamMember.email]
 |  +-BasicFetch [org.frcpm.models.TeamMember.firstName]
 |  +-BasicFetch [org.frcpm.models.TeamMember.lastName]
 |  +-BasicFetch [org.frcpm.models.TeamMember.leader]
 |  +-BasicFetch [org.frcpm.models.TeamMember.phone]
 |  +-BasicFetch [org.frcpm.models.TeamMember.skills]
 |  +-EntityDelayedFetchImpl [org.frcpm.models.TeamMember.subteam]
 |  \-BasicFetch [org.frcpm.models.TeamMember.username]

10:24:12.760 [main] DEBUG org.hibernate.orm.sql.ast.tree - SQL AST Tree:
    SelectStatement {
      FromClause {
        StandardTableGroup (tm1 : org.frcpm.models.TeamMember) {
          primaryTableReference : team_members as tm1_0
          TableGroupJoins {
            left  join LazyTableGroup (s1 : org.frcpm.models.TeamMember.subteam) {
            }
          }
        }
      }
    }

10:24:12.760 [main] DEBUG org.hibernate.persister.entity.AbstractEntityPersister - Static SQL for entity: org.frcpm.models.TeamMember
10:24:12.760 [main] DEBUG org.hibernate.persister.entity.AbstractEntityPersister -  Version select: select id from team_members where id=?
10:24:12.760 [main] DEBUG org.hibernate.persister.entity.AbstractEntityPersister -  Insert (0): insert into team_members (email,first_name,last_name,is_leader,phone,skills,subteam_id,username,id) values (?,?,?,?,?,?,?,?,default)
10:24:12.760 [main] DEBUG org.hibernate.persister.entity.AbstractEntityPersister -  Update (0): update team_members set email=?,first_name=?,last_name=?,is_leader=?,phone=?,skills=?,subteam_id=?,username=? where id=?
10:24:12.760 [main] DEBUG org.hibernate.persister.entity.AbstractEntityPersister -  Delete (0): delete from team_members where id=?
10:24:12.760 [main] DEBUG org.hibernate.orm.sql.ast.create - Created new SQL alias : at1_0
10:24:12.760 [main] DEBUG org.hibernate.orm.sql.ast.create - Registration of TableGroup [CollectionTableGroup(org.frcpm.models.Task.assignedTo)] with identifierForTableGroup [org.frcpm.models.Task.assignedTo] for NavigablePath [org.frcpm.models.Task.assignedTo] 
10:24:12.760 [main] DEBUG org.hibernate.orm.sql.ast.create - Registration of TableGroup [org.hibernate.sql.ast.tree.from.LazyTableGroup@73de872d] with identifierForTableGroup [org.frcpm.models.Task.assignedTo.{element}] for NavigablePath [org.frcpm.models.Task.assignedTo.{element}] 
10:24:12.760 [main] DEBUG org.hibernate.orm.sql.ast.create - Created new SQL alias : at1_1
10:24:12.760 [main] DEBUG org.hibernate.orm.sql.ast.create - Registration of TableGroup [org.hibernate.sql.ast.tree.from.LazyTableGroup@63efd681] with identifierForTableGroup [org.frcpm.models.Task.assignedTo.{element}.subteam] for NavigablePath [org.frcpm.models.Task.assignedTo.{element}.subteam] 
10:24:12.760 [main] DEBUG org.hibernate.orm.results.graph.AST - DomainResult Graph:
 \-CollectionDomainResult [org.frcpm.models.Task.assignedTo]

10:24:12.760 [main] DEBUG org.hibernate.orm.sql.ast.tree - SQL AST Tree:
    SelectStatement {
      FromClause {
        CollectionTableGroup (at1 : org.frcpm.models.Task.assignedTo) {
          primaryTableReference : task_assignments as at1_0
          TableGroupJoins {
             join LazyTableGroup (at1 : org.frcpm.models.Task.assignedTo.{element}) {
              primaryTableReference : team_members as at1_1
              TableGroupJoins {
                left  join LazyTableGroup (s1 : org.frcpm.models.Task.assignedTo.{element}.subteam) {
                }
              }
            }
          }
        }
      }
    }

10:24:12.761 [main] DEBUG org.hibernate.orm.jdbc.mutation - Static SQL for collection: org.frcpm.models.Task.assignedTo
10:24:12.761 [main] DEBUG org.hibernate.orm.jdbc.mutation -  Row insert: insert into task_assignments (task_id,team_member_id) values (?,?)
10:24:12.761 [main] DEBUG org.hibernate.orm.jdbc.mutation -  Row delete: delete from task_assignments where task_id=? and team_member_id=?
10:24:12.761 [main] DEBUG org.hibernate.orm.jdbc.mutation -  One-shot delete: delete from task_assignments where task_id=?
10:24:12.761 [main] DEBUG org.hibernate.orm.sql.ast.create - Created new SQL alias : t1_0
10:24:12.761 [main] DEBUG org.hibernate.orm.sql.ast.create - Registration of TableGroup [org.hibernate.sql.ast.tree.from.OneToManyTableGroup@26d2ef95] with identifierForTableGroup [org.frcpm.models.Subsystem.tasks] for NavigablePath [org.frcpm.models.Subsystem.tasks] 
10:24:12.761 [main] DEBUG org.hibernate.orm.sql.ast.create - Registration of TableGroup [StandardTableGroup(org.frcpm.models.Subsystem.tasks.{element})] with identifierForTableGroup [org.frcpm.models.Subsystem.tasks.{element}] for NavigablePath [org.frcpm.models.Subsystem.tasks.{element}] 
10:24:12.761 [main] DEBUG org.hibernate.orm.sql.ast.create - Registration of TableGroup [org.hibernate.sql.ast.tree.from.LazyTableGroup@3e5eab74] with identifierForTableGroup [org.frcpm.models.Subsystem.tasks.{element}.project] for NavigablePath [org.frcpm.models.Subsystem.tasks.{element}.project] 
10:24:12.761 [main] DEBUG org.hibernate.orm.sql.ast.create - Registration of TableGroup [org.hibernate.sql.ast.tree.from.LazyTableGroup@701c87a0] with identifierForTableGroup [org.frcpm.models.Subsystem.tasks.{element}.subsystem] for NavigablePath [org.frcpm.models.Subsystem.tasks.{element}.subsystem] 
10:24:12.762 [main] DEBUG org.hibernate.orm.results.graph.AST - DomainResult Graph:
 \-CollectionDomainResult [org.frcpm.models.Subsystem.tasks]

10:24:12.762 [main] DEBUG org.hibernate.orm.sql.ast.tree - SQL AST Tree:
    SelectStatement {
      FromClause {
        OneToManyTableGroup (t1 : org.frcpm.models.Subsystem.tasks) {
          primaryTableReference : tasks as t1_0
          TableGroupJoins {
            left  join LazyTableGroup (p1 : org.frcpm.models.Subsystem.tasks.{element}.project) {
            }
            left  join LazyTableGroup (s1 : org.frcpm.models.Subsystem.tasks.{element}.subsystem) {
            }
          }
        }
      }
    }

10:24:12.762 [main] DEBUG org.hibernate.orm.jdbc.mutation - Static SQL for collection: org.frcpm.models.Subsystem.tasks
10:24:12.762 [main] DEBUG org.hibernate.orm.sql.ast.create - Created new SQL alias : m1_0
10:24:12.762 [main] DEBUG org.hibernate.orm.sql.ast.create - Registration of TableGroup [org.hibernate.sql.ast.tree.from.OneToManyTableGroup@a4d762e] with identifierForTableGroup [org.frcpm.models.Subteam.members] for NavigablePath [org.frcpm.models.Subteam.members] 
10:24:12.762 [main] DEBUG org.hibernate.orm.sql.ast.create - Registration of TableGroup [StandardTableGroup(org.frcpm.models.Subteam.members.{element})] with identifierForTableGroup [org.frcpm.models.Subteam.members.{element}] for NavigablePath [org.frcpm.models.Subteam.members.{element}] 
10:24:12.762 [main] DEBUG org.hibernate.orm.sql.ast.create - Registration of TableGroup [org.hibernate.sql.ast.tree.from.LazyTableGroup@2f35dcd2] with identifierForTableGroup [org.frcpm.models.Subteam.members.{element}.subteam] for NavigablePath [org.frcpm.models.Subteam.members.{element}.subteam] 
10:24:12.762 [main] DEBUG org.hibernate.orm.results.graph.AST - DomainResult Graph:
 \-CollectionDomainResult [org.frcpm.models.Subteam.members]

10:24:12.762 [main] DEBUG org.hibernate.orm.sql.ast.tree - SQL AST Tree:
    SelectStatement {
      FromClause {
        OneToManyTableGroup (m1 : org.frcpm.models.Subteam.members) {
          primaryTableReference : team_members as m1_0
          TableGroupJoins {
            left  join LazyTableGroup (s1 : org.frcpm.models.Subteam.members.{element}.subteam) {
            }
          }
        }
      }
    }

10:24:12.762 [main] DEBUG org.hibernate.orm.jdbc.mutation - Static SQL for collection: org.frcpm.models.Subteam.members
10:24:12.762 [main] DEBUG org.hibernate.orm.sql.ast.create - Created new SQL alias : a1_0
10:24:12.762 [main] DEBUG org.hibernate.orm.sql.ast.create - Registration of TableGroup [org.hibernate.sql.ast.tree.from.OneToManyTableGroup@615a80fa] with identifierForTableGroup [org.frcpm.models.TeamMember.attendances] for NavigablePath [org.frcpm.models.TeamMember.attendances] 
10:24:12.762 [main] DEBUG org.hibernate.orm.sql.ast.create - Registration of TableGroup [StandardTableGroup(org.frcpm.models.TeamMember.attendances.{element})] with identifierForTableGroup [org.frcpm.models.TeamMember.attendances.{element}] for NavigablePath [org.frcpm.models.TeamMember.attendances.{element}] 
10:24:12.762 [main] DEBUG org.hibernate.orm.sql.ast.create - Registration of TableGroup [org.hibernate.sql.ast.tree.from.LazyTableGroup@4766f9] with identifierForTableGroup [org.frcpm.models.TeamMember.attendances.{element}.meeting] for NavigablePath [org.frcpm.models.TeamMember.attendances.{element}.meeting] 
10:24:12.762 [main] DEBUG org.hibernate.orm.sql.ast.create - Registration of TableGroup [org.hibernate.sql.ast.tree.from.LazyTableGroup@3955f6b9] with identifierForTableGroup [org.frcpm.models.TeamMember.attendances.{element}.member] for NavigablePath [org.frcpm.models.TeamMember.attendances.{element}.member] 
10:24:12.762 [main] DEBUG org.hibernate.orm.results.graph.AST - DomainResult Graph:
 \-CollectionDomainResult [org.frcpm.models.TeamMember.attendances]

10:24:12.762 [main] DEBUG org.hibernate.orm.sql.ast.tree - SQL AST Tree:
    SelectStatement {
      FromClause {
        OneToManyTableGroup (a1 : org.frcpm.models.TeamMember.attendances) {
          primaryTableReference : attendances as a1_0
          TableGroupJoins {
            left  join LazyTableGroup (m1 : org.frcpm.models.TeamMember.attendances.{element}.meeting) {
            }
            left  join LazyTableGroup (m2 : org.frcpm.models.TeamMember.attendances.{element}.member) {
            }
          }
        }
      }
    }

10:24:12.762 [main] DEBUG org.hibernate.orm.jdbc.mutation - Static SQL for collection: org.frcpm.models.TeamMember.attendances
10:24:12.762 [main] DEBUG org.hibernate.orm.sql.ast.create - Created new SQL alias : rc1_0
10:24:12.762 [main] DEBUG org.hibernate.orm.sql.ast.create - Registration of TableGroup [CollectionTableGroup(org.frcpm.models.Task.requiredComponents)] with identifierForTableGroup [org.frcpm.models.Task.requiredComponents] for NavigablePath [org.frcpm.models.Task.requiredComponents] 
10:24:12.762 [main] DEBUG org.hibernate.orm.sql.ast.create - Registration of TableGroup [org.hibernate.sql.ast.tree.from.LazyTableGroup@377623e9] with identifierForTableGroup [org.frcpm.models.Task.requiredComponents.{element}] for NavigablePath [org.frcpm.models.Task.requiredComponents.{element}] 
10:24:12.762 [main] DEBUG org.hibernate.orm.sql.ast.create - Created new SQL alias : rc1_1
10:24:12.762 [main] DEBUG org.hibernate.orm.results.graph.AST - DomainResult Graph:
 \-CollectionDomainResult [org.frcpm.models.Task.requiredComponents]

10:24:12.762 [main] DEBUG org.hibernate.orm.sql.ast.tree - SQL AST Tree:
    SelectStatement {
      FromClause {
        CollectionTableGroup (rc1 : org.frcpm.models.Task.requiredComponents) {
          primaryTableReference : task_components as rc1_0
          TableGroupJoins {
             join LazyTableGroup (rc1 : org.frcpm.models.Task.requiredComponents.{element}) {
              primaryTableReference : components as rc1_1
            }
          }
        }
      }
    }

10:24:12.763 [main] DEBUG org.hibernate.orm.jdbc.mutation - Static SQL for collection: org.frcpm.models.Task.requiredComponents
10:24:12.763 [main] DEBUG org.hibernate.orm.jdbc.mutation -  Row insert: insert into task_components (task_id,component_id) values (?,?)
10:24:12.763 [main] DEBUG org.hibernate.orm.jdbc.mutation -  Row delete: delete from task_components where task_id=? and component_id=?
10:24:12.764 [main] DEBUG org.hibernate.orm.jdbc.mutation -  One-shot delete: delete from task_components where task_id=?
10:24:12.764 [main] DEBUG org.hibernate.orm.sql.ast.create - Created new SQL alias : s1_0
10:24:12.764 [main] DEBUG org.hibernate.orm.sql.ast.create - Registration of TableGroup [org.hibernate.sql.ast.tree.from.OneToManyTableGroup@58b33ff3] with identifierForTableGroup [org.frcpm.models.Subteam.subsystems] for NavigablePath [org.frcpm.models.Subteam.subsystems] 
10:24:12.764 [main] DEBUG org.hibernate.orm.sql.ast.create - Registration of TableGroup [StandardTableGroup(org.frcpm.models.Subteam.subsystems.{element})] with identifierForTableGroup [org.frcpm.models.Subteam.subsystems.{element}] for NavigablePath [org.frcpm.models.Subteam.subsystems.{element}] 
10:24:12.764 [main] DEBUG org.hibernate.orm.sql.ast.create - Registration of TableGroup [org.hibernate.sql.ast.tree.from.LazyTableGroup@34f27822] with identifierForTableGroup [org.frcpm.models.Subteam.subsystems.{element}.responsibleSubteam] for NavigablePath [org.frcpm.models.Subteam.subsystems.{element}.responsibleSubteam] 
10:24:12.764 [main] DEBUG org.hibernate.orm.results.graph.AST - DomainResult Graph:
 \-CollectionDomainResult [org.frcpm.models.Subteam.subsystems]

10:24:12.764 [main] DEBUG org.hibernate.orm.sql.ast.tree - SQL AST Tree:
    SelectStatement {
      FromClause {
        OneToManyTableGroup (s1 : org.frcpm.models.Subteam.subsystems) {
          primaryTableReference : subsystems as s1_0
          TableGroupJoins {
            left  join LazyTableGroup (rs1 : org.frcpm.models.Subteam.subsystems.{element}.responsibleSubteam) {
            }
          }
        }
      }
    }

10:24:12.764 [main] DEBUG org.hibernate.orm.jdbc.mutation - Static SQL for collection: org.frcpm.models.Subteam.subsystems
10:24:12.764 [main] DEBUG org.hibernate.orm.sql.ast.create - Created new SQL alias : pd1_0
10:24:12.764 [main] DEBUG org.hibernate.orm.sql.ast.create - Registration of TableGroup [CollectionTableGroup(org.frcpm.models.Task.preDependencies)] with identifierForTableGroup [org.frcpm.models.Task.preDependencies] for NavigablePath [org.frcpm.models.Task.preDependencies] 
10:24:12.764 [main] DEBUG org.hibernate.orm.sql.ast.create - Registration of TableGroup [org.hibernate.sql.ast.tree.from.LazyTableGroup@1e349616] with identifierForTableGroup [org.frcpm.models.Task.preDependencies.{element}] for NavigablePath [org.frcpm.models.Task.preDependencies.{element}] 
10:24:12.765 [main] DEBUG org.hibernate.orm.sql.ast.create - Created new SQL alias : pd1_1
10:24:12.765 [main] DEBUG org.hibernate.orm.sql.ast.create - Registration of TableGroup [org.hibernate.sql.ast.tree.from.LazyTableGroup@5f397e84] with identifierForTableGroup [org.frcpm.models.Task.preDependencies.{element}.project] for NavigablePath [org.frcpm.models.Task.preDependencies.{element}.project] 
10:24:12.765 [main] DEBUG org.hibernate.orm.sql.ast.create - Registration of TableGroup [org.hibernate.sql.ast.tree.from.LazyTableGroup@1cff2c65] with identifierForTableGroup [org.frcpm.models.Task.preDependencies.{element}.subsystem] for NavigablePath [org.frcpm.models.Task.preDependencies.{element}.subsystem] 
10:24:12.766 [main] DEBUG org.hibernate.orm.results.graph.AST - DomainResult Graph:
 \-CollectionDomainResult [org.frcpm.models.Task.preDependencies]

10:24:12.766 [main] DEBUG org.hibernate.orm.sql.ast.tree - SQL AST Tree:
    SelectStatement {
      FromClause {
        CollectionTableGroup (pd1 : org.frcpm.models.Task.preDependencies) {
          primaryTableReference : task_dependencies as pd1_0
          TableGroupJoins {
             join LazyTableGroup (pd1 : org.frcpm.models.Task.preDependencies.{element}) {
              primaryTableReference : tasks as pd1_1
              TableGroupJoins {
                left  join LazyTableGroup (p1 : org.frcpm.models.Task.preDependencies.{element}.project) {
                }
                left  join LazyTableGroup (s1 : org.frcpm.models.Task.preDependencies.{element}.subsystem) {
                }
              }
            }
          }
        }
      }
    }

10:24:12.766 [main] DEBUG org.hibernate.orm.jdbc.mutation - Static SQL for collection: org.frcpm.models.Task.preDependencies
10:24:12.767 [main] DEBUG org.hibernate.orm.jdbc.mutation -  Row insert: insert into task_dependencies (task_id,dependency_id) values (?,?)
10:24:12.767 [main] DEBUG org.hibernate.orm.jdbc.mutation -  Row delete: delete from task_dependencies where task_id=? and dependency_id=?
10:24:12.767 [main] DEBUG org.hibernate.orm.jdbc.mutation -  One-shot delete: delete from task_dependencies where task_id=?
10:24:12.767 [main] DEBUG org.hibernate.orm.sql.ast.create - Created new SQL alias : m1_0
10:24:12.767 [main] DEBUG org.hibernate.orm.sql.ast.create - Registration of TableGroup [org.hibernate.sql.ast.tree.from.OneToManyTableGroup@147cbf8a] with identifierForTableGroup [org.frcpm.models.Project.milestones] for NavigablePath [org.frcpm.models.Project.milestones] 
10:24:12.767 [main] DEBUG org.hibernate.orm.sql.ast.create - Registration of TableGroup [StandardTableGroup(org.frcpm.models.Project.milestones.{element})] with identifierForTableGroup [org.frcpm.models.Project.milestones.{element}] for NavigablePath [org.frcpm.models.Project.milestones.{element}] 
10:24:12.767 [main] DEBUG org.hibernate.orm.sql.ast.create - Registration of TableGroup [org.hibernate.sql.ast.tree.from.LazyTableGroup@37a50518] with identifierForTableGroup [org.frcpm.models.Project.milestones.{element}.project] for NavigablePath [org.frcpm.models.Project.milestones.{element}.project] 
10:24:12.767 [main] DEBUG org.hibernate.orm.results.graph.AST - DomainResult Graph:
 \-CollectionDomainResult [org.frcpm.models.Project.milestones]

10:24:12.767 [main] DEBUG org.hibernate.orm.sql.ast.tree - SQL AST Tree:
    SelectStatement {
      FromClause {
        OneToManyTableGroup (m1 : org.frcpm.models.Project.milestones) {
          primaryTableReference : milestones as m1_0
          TableGroupJoins {
            left  join LazyTableGroup (p1 : org.frcpm.models.Project.milestones.{element}.project) {
            }
          }
        }
      }
    }

10:24:12.769 [main] DEBUG org.hibernate.orm.jdbc.mutation - Static SQL for collection: org.frcpm.models.Project.milestones
10:24:12.769 [main] DEBUG org.hibernate.orm.sql.ast.create - Created new SQL alias : rft1_0
10:24:12.769 [main] DEBUG org.hibernate.orm.sql.ast.create - Registration of TableGroup [CollectionTableGroup(org.frcpm.models.Component.requiredForTasks)] with identifierForTableGroup [org.frcpm.models.Component.requiredForTasks] for NavigablePath [org.frcpm.models.Component.requiredForTasks] 
10:24:12.769 [main] DEBUG org.hibernate.orm.sql.ast.create - Registration of TableGroup [org.hibernate.sql.ast.tree.from.LazyTableGroup@2147c47f] with identifierForTableGroup [org.frcpm.models.Component.requiredForTasks.{element}] for NavigablePath [org.frcpm.models.Component.requiredForTasks.{element}] 
10:24:12.769 [main] DEBUG org.hibernate.orm.sql.ast.create - Created new SQL alias : rft1_1
10:24:12.769 [main] DEBUG org.hibernate.orm.sql.ast.create - Registration of TableGroup [org.hibernate.sql.ast.tree.from.LazyTableGroup@50b6bf32] with identifierForTableGroup [org.frcpm.models.Component.requiredForTasks.{element}.project] for NavigablePath [org.frcpm.models.Component.requiredForTasks.{element}.project] 
10:24:12.769 [main] DEBUG org.hibernate.orm.sql.ast.create - Registration of TableGroup [org.hibernate.sql.ast.tree.from.LazyTableGroup@add929e] with identifierForTableGroup [org.frcpm.models.Component.requiredForTasks.{element}.subsystem] for NavigablePath [org.frcpm.models.Component.requiredForTasks.{element}.subsystem] 
10:24:12.769 [main] DEBUG org.hibernate.orm.results.graph.AST - DomainResult Graph:
 \-CollectionDomainResult [org.frcpm.models.Component.requiredForTasks]

10:24:12.769 [main] DEBUG org.hibernate.orm.sql.ast.tree - SQL AST Tree:
    SelectStatement {
      FromClause {
        CollectionTableGroup (rft1 : org.frcpm.models.Component.requiredForTasks) {
          primaryTableReference : task_components as rft1_0
          TableGroupJoins {
             join LazyTableGroup (rft1 : org.frcpm.models.Component.requiredForTasks.{element}) {
              primaryTableReference : tasks as rft1_1
              TableGroupJoins {
                left  join LazyTableGroup (p1 : org.frcpm.models.Component.requiredForTasks.{element}.project) {
                }
                left  join LazyTableGroup (s1 : org.frcpm.models.Component.requiredForTasks.{element}.subsystem) {
                }
              }
            }
          }
        }
      }
    }

10:24:12.769 [main] DEBUG org.hibernate.orm.jdbc.mutation - Static SQL for collection: org.frcpm.models.Component.requiredForTasks
10:24:12.770 [main] DEBUG org.hibernate.orm.sql.ast.create - Created new SQL alias : m1_0
10:24:12.770 [main] DEBUG org.hibernate.orm.sql.ast.create - Registration of TableGroup [org.hibernate.sql.ast.tree.from.OneToManyTableGroup@700cb93f] with identifierForTableGroup [org.frcpm.models.Project.meetings] for NavigablePath [org.frcpm.models.Project.meetings] 
10:24:12.770 [main] DEBUG org.hibernate.orm.sql.ast.create - Registration of TableGroup [StandardTableGroup(org.frcpm.models.Project.meetings.{element})] with identifierForTableGroup [org.frcpm.models.Project.meetings.{element}] for NavigablePath [org.frcpm.models.Project.meetings.{element}] 
10:24:12.770 [main] DEBUG org.hibernate.orm.sql.ast.create - Registration of TableGroup [org.hibernate.sql.ast.tree.from.LazyTableGroup@18afc9e2] with identifierForTableGroup [org.frcpm.models.Project.meetings.{element}.project] for NavigablePath [org.frcpm.models.Project.meetings.{element}.project] 
10:24:12.770 [main] DEBUG org.hibernate.orm.results.graph.AST - DomainResult Graph:
 \-CollectionDomainResult [org.frcpm.models.Project.meetings]

10:24:12.770 [main] DEBUG org.hibernate.orm.sql.ast.tree - SQL AST Tree:
    SelectStatement {
      FromClause {
        OneToManyTableGroup (m1 : org.frcpm.models.Project.meetings) {
          primaryTableReference : meetings as m1_0
          TableGroupJoins {
            left  join LazyTableGroup (p1 : org.frcpm.models.Project.meetings.{element}.project) {
            }
          }
        }
      }
    }

10:24:12.770 [main] DEBUG org.hibernate.orm.jdbc.mutation - Static SQL for collection: org.frcpm.models.Project.meetings
10:24:12.770 [main] DEBUG org.hibernate.orm.sql.ast.create - Created new SQL alias : at1_0
10:24:12.770 [main] DEBUG org.hibernate.orm.sql.ast.create - Registration of TableGroup [CollectionTableGroup(org.frcpm.models.TeamMember.assignedTasks)] with identifierForTableGroup [org.frcpm.models.TeamMember.assignedTasks] for NavigablePath [org.frcpm.models.TeamMember.assignedTasks] 
10:24:12.770 [main] DEBUG org.hibernate.orm.sql.ast.create - Registration of TableGroup [org.hibernate.sql.ast.tree.from.LazyTableGroup@5dd97fb6] with identifierForTableGroup [org.frcpm.models.TeamMember.assignedTasks.{element}] for NavigablePath [org.frcpm.models.TeamMember.assignedTasks.{element}] 
10:24:12.770 [main] DEBUG org.hibernate.orm.sql.ast.create - Created new SQL alias : at1_1
10:24:12.770 [main] DEBUG org.hibernate.orm.sql.ast.create - Registration of TableGroup [org.hibernate.sql.ast.tree.from.LazyTableGroup@4889f073] with identifierForTableGroup [org.frcpm.models.TeamMember.assignedTasks.{element}.project] for NavigablePath [org.frcpm.models.TeamMember.assignedTasks.{element}.project] 
10:24:12.770 [main] DEBUG org.hibernate.orm.sql.ast.create - Registration of TableGroup [org.hibernate.sql.ast.tree.from.LazyTableGroup@57fe742a] with identifierForTableGroup [org.frcpm.models.TeamMember.assignedTasks.{element}.subsystem] for NavigablePath [org.frcpm.models.TeamMember.assignedTasks.{element}.subsystem] 
10:24:12.771 [main] DEBUG org.hibernate.orm.results.graph.AST - DomainResult Graph:
 \-CollectionDomainResult [org.frcpm.models.TeamMember.assignedTasks]

10:24:12.771 [main] DEBUG org.hibernate.orm.sql.ast.tree - SQL AST Tree:
    SelectStatement {
      FromClause {
        CollectionTableGroup (at1 : org.frcpm.models.TeamMember.assignedTasks) {
          primaryTableReference : task_assignments as at1_0
          TableGroupJoins {
             join LazyTableGroup (at1 : org.frcpm.models.TeamMember.assignedTasks.{element}) {
              primaryTableReference : tasks as at1_1
              TableGroupJoins {
                left  join LazyTableGroup (p1 : org.frcpm.models.TeamMember.assignedTasks.{element}.project) {
                }
                left  join LazyTableGroup (s1 : org.frcpm.models.TeamMember.assignedTasks.{element}.subsystem) {
                }
              }
            }
          }
        }
      }
    }

10:24:12.771 [main] DEBUG org.hibernate.orm.jdbc.mutation - Static SQL for collection: org.frcpm.models.TeamMember.assignedTasks
10:24:12.771 [main] DEBUG org.hibernate.orm.sql.ast.create - Created new SQL alias : a1_0
10:24:12.771 [main] DEBUG org.hibernate.orm.sql.ast.create - Registration of TableGroup [org.hibernate.sql.ast.tree.from.OneToManyTableGroup@46c1ef9e] with identifierForTableGroup [org.frcpm.models.Meeting.attendances] for NavigablePath [org.frcpm.models.Meeting.attendances] 
10:24:12.771 [main] DEBUG org.hibernate.orm.sql.ast.create - Registration of TableGroup [StandardTableGroup(org.frcpm.models.Meeting.attendances.{element})] with identifierForTableGroup [org.frcpm.models.Meeting.attendances.{element}] for NavigablePath [org.frcpm.models.Meeting.attendances.{element}] 
10:24:12.771 [main] DEBUG org.hibernate.orm.sql.ast.create - Registration of TableGroup [org.hibernate.sql.ast.tree.from.LazyTableGroup@169c7207] with identifierForTableGroup [org.frcpm.models.Meeting.attendances.{element}.meeting] for NavigablePath [org.frcpm.models.Meeting.attendances.{element}.meeting] 
10:24:12.771 [main] DEBUG org.hibernate.orm.sql.ast.create - Registration of TableGroup [org.hibernate.sql.ast.tree.from.LazyTableGroup@172309cf] with identifierForTableGroup [org.frcpm.models.Meeting.attendances.{element}.member] for NavigablePath [org.frcpm.models.Meeting.attendances.{element}.member] 
10:24:12.771 [main] DEBUG org.hibernate.orm.results.graph.AST - DomainResult Graph:
 \-CollectionDomainResult [org.frcpm.models.Meeting.attendances]

10:24:12.771 [main] DEBUG org.hibernate.orm.sql.ast.tree - SQL AST Tree:
    SelectStatement {
      FromClause {
        OneToManyTableGroup (a1 : org.frcpm.models.Meeting.attendances) {
          primaryTableReference : attendances as a1_0
          TableGroupJoins {
            left  join LazyTableGroup (m1 : org.frcpm.models.Meeting.attendances.{element}.meeting) {
            }
            left  join LazyTableGroup (m2 : org.frcpm.models.Meeting.attendances.{element}.member) {
            }
          }
        }
      }
    }

10:24:12.771 [main] DEBUG org.hibernate.orm.jdbc.mutation - Static SQL for collection: org.frcpm.models.Meeting.attendances
10:24:12.771 [main] DEBUG org.hibernate.orm.sql.ast.create - Created new SQL alias : pd1_0
10:24:12.771 [main] DEBUG org.hibernate.orm.sql.ast.create - Registration of TableGroup [CollectionTableGroup(org.frcpm.models.Task.postDependencies)] with identifierForTableGroup [org.frcpm.models.Task.postDependencies] for NavigablePath [org.frcpm.models.Task.postDependencies] 
10:24:12.771 [main] DEBUG org.hibernate.orm.sql.ast.create - Registration of TableGroup [org.hibernate.sql.ast.tree.from.LazyTableGroup@2baee43d] with identifierForTableGroup [org.frcpm.models.Task.postDependencies.{element}] for NavigablePath [org.frcpm.models.Task.postDependencies.{element}] 
10:24:12.771 [main] DEBUG org.hibernate.orm.sql.ast.create - Created new SQL alias : pd1_1
10:24:12.771 [main] DEBUG org.hibernate.orm.sql.ast.create - Registration of TableGroup [org.hibernate.sql.ast.tree.from.LazyTableGroup@211d8359] with identifierForTableGroup [org.frcpm.models.Task.postDependencies.{element}.project] for NavigablePath [org.frcpm.models.Task.postDependencies.{element}.project] 
10:24:12.771 [main] DEBUG org.hibernate.orm.sql.ast.create - Registration of TableGroup [org.hibernate.sql.ast.tree.from.LazyTableGroup@4d867d58] with identifierForTableGroup [org.frcpm.models.Task.postDependencies.{element}.subsystem] for NavigablePath [org.frcpm.models.Task.postDependencies.{element}.subsystem] 
10:24:12.772 [main] DEBUG org.hibernate.orm.results.graph.AST - DomainResult Graph:
 \-CollectionDomainResult [org.frcpm.models.Task.postDependencies]

10:24:12.772 [main] DEBUG org.hibernate.orm.sql.ast.tree - SQL AST Tree:
    SelectStatement {
      FromClause {
        CollectionTableGroup (pd1 : org.frcpm.models.Task.postDependencies) {
          primaryTableReference : task_dependencies as pd1_0
          TableGroupJoins {
             join LazyTableGroup (pd1 : org.frcpm.models.Task.postDependencies.{element}) {
              primaryTableReference : tasks as pd1_1
              TableGroupJoins {
                left  join LazyTableGroup (p1 : org.frcpm.models.Task.postDependencies.{element}.project) {
                }
                left  join LazyTableGroup (s1 : org.frcpm.models.Task.postDependencies.{element}.subsystem) {
                }
              }
            }
          }
        }
      }
    }

10:24:12.772 [main] DEBUG org.hibernate.orm.jdbc.mutation - Static SQL for collection: org.frcpm.models.Task.postDependencies
10:24:12.772 [main] DEBUG org.hibernate.orm.sql.ast.create - Created new SQL alias : t1_0
10:24:12.772 [main] DEBUG org.hibernate.orm.sql.ast.create - Registration of TableGroup [org.hibernate.sql.ast.tree.from.OneToManyTableGroup@5c9fa9f1] with identifierForTableGroup [org.frcpm.models.Project.tasks] for NavigablePath [org.frcpm.models.Project.tasks] 
10:24:12.772 [main] DEBUG org.hibernate.orm.sql.ast.create - Registration of TableGroup [StandardTableGroup(org.frcpm.models.Project.tasks.{element})] with identifierForTableGroup [org.frcpm.models.Project.tasks.{element}] for NavigablePath [org.frcpm.models.Project.tasks.{element}] 
10:24:12.772 [main] DEBUG org.hibernate.orm.sql.ast.create - Registration of TableGroup [org.hibernate.sql.ast.tree.from.LazyTableGroup@eecb80d] with identifierForTableGroup [org.frcpm.models.Project.tasks.{element}.project] for NavigablePath [org.frcpm.models.Project.tasks.{element}.project] 
10:24:12.772 [main] DEBUG org.hibernate.orm.sql.ast.create - Registration of TableGroup [org.hibernate.sql.ast.tree.from.LazyTableGroup@4eab32cc] with identifierForTableGroup [org.frcpm.models.Project.tasks.{element}.subsystem] for NavigablePath [org.frcpm.models.Project.tasks.{element}.subsystem] 
10:24:12.772 [main] DEBUG org.hibernate.orm.results.graph.AST - DomainResult Graph:
 \-CollectionDomainResult [org.frcpm.models.Project.tasks]

10:24:12.772 [main] DEBUG org.hibernate.orm.sql.ast.tree - SQL AST Tree:
    SelectStatement {
      FromClause {
        OneToManyTableGroup (t1 : org.frcpm.models.Project.tasks) {
          primaryTableReference : tasks as t1_0
          TableGroupJoins {
            left  join LazyTableGroup (p1 : org.frcpm.models.Project.tasks.{element}.project) {
            }
            left  join LazyTableGroup (s1 : org.frcpm.models.Project.tasks.{element}.subsystem) {
            }
          }
        }
      }
    }

10:24:12.772 [main] DEBUG org.hibernate.orm.jdbc.mutation - Static SQL for collection: org.frcpm.models.Project.tasks
10:24:12.778 [main] DEBUG org.hibernate.type.spi.TypeConfiguration$Scope - Scoping TypeConfiguration [org.hibernate.type.spi.TypeConfiguration@3378b8c6] to SessionFactoryImplementor [org.hibernate.internal.SessionFactoryImpl@626dfe75]
10:24:12.778 [main] DEBUG org.hibernate.query.named.NamedObjectRepository - Checking 0 named HQL queries
10:24:12.778 [main] DEBUG org.hibernate.query.named.NamedObjectRepository - Checking 0 named SQL queries
10:24:12.781 [main] DEBUG org.hibernate.mapping.Table - No alter strings for table : attendances
10:24:12.781 [main] DEBUG org.hibernate.SQL - alter table if exists components alter column description set data type TEXT
10:24:12.783 [main] DEBUG org.hibernate.SQL - alter table if exists meetings alter column notes set data type TEXT
10:24:12.784 [main] DEBUG org.hibernate.SQL - alter table if exists milestones alter column description set data type TEXT
10:24:12.785 [main] DEBUG org.hibernate.SQL - alter table if exists projects alter column description set data type TEXT
10:24:12.786 [main] DEBUG org.hibernate.SQL - alter table if exists subsystems alter column description set data type TEXT
10:24:12.787 [main] DEBUG org.hibernate.SQL - alter table if exists subteams alter column specialties set data type TEXT
10:24:12.787 [main] DEBUG org.hibernate.mapping.Table - No alter strings for table : task_assignments
10:24:12.787 [main] DEBUG org.hibernate.mapping.Table - No alter strings for table : task_components
10:24:12.787 [main] DEBUG org.hibernate.mapping.Table - No alter strings for table : task_dependencies
10:24:12.787 [main] DEBUG org.hibernate.SQL - alter table if exists tasks alter column description set data type TEXT
10:24:12.788 [main] DEBUG org.hibernate.SQL - alter table if exists team_members alter column skills set data type TEXT
10:24:12.788 [main] DEBUG org.hibernate.SQL - alter table if exists attendances drop constraint if exists UKa8ydr6vrgbux3a27v7enb0y3x
10:24:12.788 [main] DEBUG org.hibernate.SQL - alter table if exists attendances add constraint UKa8ydr6vrgbux3a27v7enb0y3x unique (meeting_id, member_id)
10:24:12.795 [main] DEBUG org.hibernate.internal.SessionFactoryRegistry - Registering SessionFactory: 6cf56c04-4a00-4451-842f-78407f588359 (<unnamed>)
10:24:12.795 [main] DEBUG org.hibernate.internal.SessionFactoryRegistry - Not binding SessionFactory to JNDI, no JNDI name configured
10:24:12.795 [main] DEBUG org.hibernate.internal.SessionFactoryImpl - Instantiated SessionFactory
10:24:12.796 [main] DEBUG org.hibernate.stat.internal.StatisticsInitiator - Statistics initialized [enabled=false]
10:24:12.796 [main] DEBUG org.hibernate.engine.transaction.internal.TransactionImpl - On TransactionImpl creation, JpaCompliance#isJpaTransactionComplianceEnabled == false
10:24:12.796 [main] DEBUG org.hibernate.engine.transaction.internal.TransactionImpl - begin
10:24:12.796 [main] DEBUG org.hibernate.engine.spi.ActionQueue - Executing identity-insert immediately
10:24:12.796 [main] DEBUG org.hibernate.SQL - insert into projects (description,goal_end_date,hard_deadline,name,start_date,id) values (?,?,?,?,?,default)
10:24:12.797 [main] DEBUG org.hibernate.orm.results - Initializer list is empty
10:24:12.797 [main] DEBUG org.hibernate.orm.results.loading - Calling top-level assembler (0 / 1) : org.hibernate.sql.results.graph.basic.BasicResultAssembler@2599990
10:24:12.798 [main] DEBUG org.hibernate.orm.results - Extracted JDBC value [0] - [160]
10:24:12.798 [main] DEBUG org.hibernate.id.IdentifierGeneratorHelper - Extracted generated values [org.frcpm.models.Project]: [Ljava.lang.Object;@2a4e39f9
10:24:12.799 [main] DEBUG org.hibernate.event.internal.AbstractFlushingEventListener - Processing flush-time cascades
10:24:12.799 [main] DEBUG org.hibernate.event.internal.AbstractFlushingEventListener - Dirty checking collections
10:24:12.799 [main] DEBUG org.hibernate.engine.internal.Collections - Collection found: [org.frcpm.models.Project.meetings#160], was: [<unreferenced>] (initialized)
10:24:12.799 [main] DEBUG org.hibernate.engine.internal.Collections - Collection found: [org.frcpm.models.Project.milestones#160], was: [<unreferenced>] (initialized)
10:24:12.799 [main] DEBUG org.hibernate.engine.internal.Collections - Collection found: [org.frcpm.models.Project.tasks#160], was: [<unreferenced>] (initialized)
10:24:12.799 [main] DEBUG org.hibernate.event.internal.AbstractFlushingEventListener - Flushed: 0 insertions, 0 updates, 0 deletions to 1 objects
10:24:12.799 [main] DEBUG org.hibernate.event.internal.AbstractFlushingEventListener - Flushed: 3 (re)creations, 0 updates, 0 removals to 3 collections
10:24:12.799 [main] DEBUG org.hibernate.internal.util.EntityPrinter - Listing entities:
10:24:12.800 [main] DEBUG org.hibernate.internal.util.EntityPrinter - org.frcpm.models.Project{hardDeadline=2025-06-20, name=Test Attendance Project, description=null, meetings=[], id=160, goalEndDate=2025-06-06, milestones=[], startDate=2025-04-25, tasks=[]}
10:24:12.800 [main] DEBUG org.hibernate.engine.transaction.internal.TransactionImpl - committing
10:24:12.800 [main] DEBUG org.hibernate.event.internal.AbstractFlushingEventListener - Processing flush-time cascades
10:24:12.800 [main] DEBUG org.hibernate.event.internal.AbstractFlushingEventListener - Dirty checking collections
10:24:12.800 [main] DEBUG org.hibernate.engine.internal.Collections - Collection found: [org.frcpm.models.Project.meetings#160], was: [org.frcpm.models.Project.meetings#160] (initialized)
10:24:12.800 [main] DEBUG org.hibernate.engine.internal.Collections - Collection found: [org.frcpm.models.Project.milestones#160], was: [org.frcpm.models.Project.milestones#160] (initialized)
10:24:12.800 [main] DEBUG org.hibernate.engine.internal.Collections - Collection found: [org.frcpm.models.Project.tasks#160], was: [org.frcpm.models.Project.tasks#160] (initialized)
10:24:12.800 [main] DEBUG org.hibernate.event.internal.AbstractFlushingEventListener - Flushed: 0 insertions, 0 updates, 0 deletions to 1 objects
10:24:12.800 [main] DEBUG org.hibernate.event.internal.AbstractFlushingEventListener - Flushed: 0 (re)creations, 0 updates, 0 removals to 3 collections
10:24:12.800 [main] DEBUG org.hibernate.internal.util.EntityPrinter - Listing entities:
10:24:12.800 [main] DEBUG org.hibernate.internal.util.EntityPrinter - org.frcpm.models.Project{hardDeadline=2025-06-20, name=Test Attendance Project, description=null, meetings=[], id=160, goalEndDate=2025-06-06, milestones=[], startDate=2025-04-25, tasks=[]}
10:24:12.800 [main] DEBUG org.hibernate.resource.jdbc.internal.LogicalConnectionManagedImpl - Initiating JDBC connection release from afterTransaction
10:24:12.800 [main] DEBUG org.hibernate.resource.jdbc.internal.LogicalConnectionManagedImpl - Initiating JDBC connection release from afterTransaction
10:24:12.800 [main] DEBUG org.hibernate.engine.transaction.internal.TransactionImpl - On TransactionImpl creation, JpaCompliance#isJpaTransactionComplianceEnabled == false
10:24:12.800 [main] DEBUG org.hibernate.engine.transaction.internal.TransactionImpl - begin
10:24:12.801 [main] DEBUG org.hibernate.engine.spi.ActionQueue - Executing identity-insert immediately
10:24:12.801 [main] DEBUG org.hibernate.SQL - insert into meetings (date,end_time,notes,project_id,start_time,id) values (?,?,?,?,?,default)
10:24:12.801 [main] DEBUG org.hibernate.orm.results - Initializer list is empty
10:24:12.801 [main] DEBUG org.hibernate.orm.results.loading - Calling top-level assembler (0 / 1) : org.hibernate.sql.results.graph.basic.BasicResultAssembler@255d94b0
10:24:12.801 [main] DEBUG org.hibernate.orm.results - Extracted JDBC value [0] - [92]
10:24:12.801 [main] DEBUG org.hibernate.id.IdentifierGeneratorHelper - Extracted generated values [org.frcpm.models.Meeting]: [Ljava.lang.Object;@3fb77b28
10:24:12.802 [main] DEBUG org.hibernate.event.internal.AbstractFlushingEventListener - Processing flush-time cascades
10:24:12.802 [main] DEBUG org.hibernate.event.internal.AbstractFlushingEventListener - Dirty checking collections
10:24:12.802 [main] DEBUG org.hibernate.engine.internal.Collections - Collection found: [org.frcpm.models.Meeting.attendances#92], was: [<unreferenced>] (initialized)
10:24:12.802 [main] DEBUG org.hibernate.event.internal.AbstractFlushingEventListener - Flushed: 0 insertions, 0 updates, 0 deletions to 1 objects
10:24:12.802 [main] DEBUG org.hibernate.event.internal.AbstractFlushingEventListener - Flushed: 1 (re)creations, 0 updates, 0 removals to 1 collections
10:24:12.802 [main] DEBUG org.hibernate.internal.util.EntityPrinter - Listing entities:
10:24:12.802 [main] DEBUG org.hibernate.internal.util.EntityPrinter - org.frcpm.models.Meeting{date=2025-04-26, notes=null, project=org.frcpm.models.Project#160, startTime=18:00, id=92, endTime=20:00, attendances=[]}
10:24:12.802 [main] DEBUG org.hibernate.engine.transaction.internal.TransactionImpl - committing
10:24:12.802 [main] DEBUG org.hibernate.event.internal.AbstractFlushingEventListener - Processing flush-time cascades
10:24:12.802 [main] DEBUG org.hibernate.event.internal.AbstractFlushingEventListener - Dirty checking collections
10:24:12.802 [main] DEBUG org.hibernate.engine.internal.Collections - Collection found: [org.frcpm.models.Meeting.attendances#92], was: [org.frcpm.models.Meeting.attendances#92] (initialized)
10:24:12.802 [main] DEBUG org.hibernate.event.internal.AbstractFlushingEventListener - Flushed: 0 insertions, 0 updates, 0 deletions to 1 objects
10:24:12.802 [main] DEBUG org.hibernate.event.internal.AbstractFlushingEventListener - Flushed: 0 (re)creations, 0 updates, 0 removals to 1 collections
10:24:12.802 [main] DEBUG org.hibernate.internal.util.EntityPrinter - Listing entities:
10:24:12.802 [main] DEBUG org.hibernate.internal.util.EntityPrinter - org.frcpm.models.Meeting{date=2025-04-26, notes=null, project=org.frcpm.models.Project#160, startTime=18:00, id=92, endTime=20:00, attendances=[]}
10:24:12.802 [main] DEBUG org.hibernate.resource.jdbc.internal.LogicalConnectionManagedImpl - Initiating JDBC connection release from afterTransaction
10:24:12.802 [main] DEBUG org.hibernate.resource.jdbc.internal.LogicalConnectionManagedImpl - Initiating JDBC connection release from afterTransaction
10:24:12.802 [main] DEBUG org.hibernate.engine.transaction.internal.TransactionImpl - On TransactionImpl creation, JpaCompliance#isJpaTransactionComplianceEnabled == false
10:24:12.802 [main] DEBUG org.hibernate.engine.transaction.internal.TransactionImpl - begin
10:24:12.803 [main] DEBUG org.hibernate.engine.spi.ActionQueue - Executing identity-insert immediately
10:24:12.803 [main] DEBUG org.hibernate.SQL - insert into team_members (email,first_name,last_name,is_leader,phone,skills,subteam_id,username,id) values (?,?,?,?,?,?,?,?,default)
10:24:12.804 [main] DEBUG org.hibernate.orm.results - Initializer list is empty
10:24:12.804 [main] DEBUG org.hibernate.orm.results.loading - Calling top-level assembler (0 / 1) : org.hibernate.sql.results.graph.basic.BasicResultAssembler@3ed90d79
10:24:12.804 [main] DEBUG org.hibernate.orm.results - Extracted JDBC value [0] - [141]
10:24:12.804 [main] DEBUG org.hibernate.id.IdentifierGeneratorHelper - Extracted generated values [org.frcpm.models.TeamMember]: [Ljava.lang.Object;@1ec664bc
10:24:12.804 [main] DEBUG org.hibernate.event.internal.AbstractFlushingEventListener - Processing flush-time cascades
10:24:12.804 [main] DEBUG org.hibernate.event.internal.AbstractFlushingEventListener - Dirty checking collections
10:24:12.804 [main] DEBUG org.hibernate.engine.internal.Collections - Collection found: [org.frcpm.models.TeamMember.assignedTasks#141], was: [<unreferenced>] (initialized)
10:24:12.804 [main] DEBUG org.hibernate.engine.internal.Collections - Collection found: [org.frcpm.models.TeamMember.attendances#141], was: [<unreferenced>] (initialized)
10:24:12.804 [main] DEBUG org.hibernate.event.internal.AbstractFlushingEventListener - Flushed: 0 insertions, 0 updates, 0 deletions to 1 objects
10:24:12.804 [main] DEBUG org.hibernate.event.internal.AbstractFlushingEventListener - Flushed: 2 (re)creations, 0 updates, 0 removals to 2 collections
10:24:12.804 [main] DEBUG org.hibernate.internal.util.EntityPrinter - Listing entities:
10:24:12.804 [main] DEBUG org.hibernate.internal.util.EntityPrinter - org.frcpm.models.TeamMember{skills=null, firstName=Attendance, lastName=Test1, leader=false, subteam=null, phone=null, id=141, attendances=[], email=attendance1@example.com, assignedTasks=[], username=attendancetest1}
10:24:12.804 [main] DEBUG org.hibernate.engine.transaction.internal.TransactionImpl - committing
10:24:12.804 [main] DEBUG org.hibernate.event.internal.AbstractFlushingEventListener - Processing flush-time cascades
10:24:12.804 [main] DEBUG org.hibernate.event.internal.AbstractFlushingEventListener - Dirty checking collections
10:24:12.804 [main] DEBUG org.hibernate.engine.internal.Collections - Collection found: [org.frcpm.models.TeamMember.assignedTasks#141], was: [org.frcpm.models.TeamMember.assignedTasks#141] (initialized)
10:24:12.804 [main] DEBUG org.hibernate.engine.internal.Collections - Collection found: [org.frcpm.models.TeamMember.attendances#141], was: [org.frcpm.models.TeamMember.attendances#141] (initialized)
10:24:12.804 [main] DEBUG org.hibernate.event.internal.AbstractFlushingEventListener - Flushed: 0 insertions, 0 updates, 0 deletions to 1 objects
10:24:12.804 [main] DEBUG org.hibernate.event.internal.AbstractFlushingEventListener - Flushed: 0 (re)creations, 0 updates, 0 removals to 2 collections
10:24:12.804 [main] DEBUG org.hibernate.internal.util.EntityPrinter - Listing entities:
10:24:12.804 [main] DEBUG org.hibernate.internal.util.EntityPrinter - org.frcpm.models.TeamMember{skills=null, firstName=Attendance, lastName=Test1, leader=false, subteam=null, phone=null, id=141, attendances=[], email=attendance1@example.com, assignedTasks=[], username=attendancetest1}
10:24:12.805 [main] DEBUG org.hibernate.resource.jdbc.internal.LogicalConnectionManagedImpl - Initiating JDBC connection release from afterTransaction
10:24:12.805 [main] DEBUG org.hibernate.resource.jdbc.internal.LogicalConnectionManagedImpl - Initiating JDBC connection release from afterTransaction
10:24:12.805 [main] DEBUG org.hibernate.engine.transaction.internal.TransactionImpl - On TransactionImpl creation, JpaCompliance#isJpaTransactionComplianceEnabled == false
10:24:12.805 [main] DEBUG org.hibernate.engine.transaction.internal.TransactionImpl - begin
10:24:12.805 [main] DEBUG org.hibernate.engine.spi.ActionQueue - Executing identity-insert immediately
10:24:12.805 [main] DEBUG org.hibernate.SQL - insert into team_members (email,first_name,last_name,is_leader,phone,skills,subteam_id,username,id) values (?,?,?,?,?,?,?,?,default)
10:24:12.805 [main] DEBUG org.hibernate.orm.results - Initializer list is empty
10:24:12.805 [main] DEBUG org.hibernate.orm.results.loading - Calling top-level assembler (0 / 1) : org.hibernate.sql.results.graph.basic.BasicResultAssembler@e519afd
10:24:12.805 [main] DEBUG org.hibernate.orm.results - Extracted JDBC value [0] - [142]
10:24:12.805 [main] DEBUG org.hibernate.id.IdentifierGeneratorHelper - Extracted generated values [org.frcpm.models.TeamMember]: [Ljava.lang.Object;@3799e7a8
10:24:12.806 [main] DEBUG org.hibernate.event.internal.AbstractFlushingEventListener - Processing flush-time cascades
10:24:12.806 [main] DEBUG org.hibernate.event.internal.AbstractFlushingEventListener - Dirty checking collections
10:24:12.806 [main] DEBUG org.hibernate.engine.internal.Collections - Collection found: [org.frcpm.models.TeamMember.assignedTasks#142], was: [<unreferenced>] (initialized)
10:24:12.806 [main] DEBUG org.hibernate.engine.internal.Collections - Collection found: [org.frcpm.models.TeamMember.attendances#142], was: [<unreferenced>] (initialized)
10:24:12.806 [main] DEBUG org.hibernate.event.internal.AbstractFlushingEventListener - Flushed: 0 insertions, 0 updates, 0 deletions to 1 objects
10:24:12.806 [main] DEBUG org.hibernate.event.internal.AbstractFlushingEventListener - Flushed: 2 (re)creations, 0 updates, 0 removals to 2 collections
10:24:12.806 [main] DEBUG org.hibernate.internal.util.EntityPrinter - Listing entities:
10:24:12.806 [main] DEBUG org.hibernate.internal.util.EntityPrinter - org.frcpm.models.TeamMember{skills=null, firstName=Attendance, lastName=Test2, leader=false, subteam=null, phone=null, id=142, attendances=[], email=attendance2@example.com, assignedTasks=[], username=attendancetest2}
10:24:12.806 [main] DEBUG org.hibernate.engine.transaction.internal.TransactionImpl - committing
10:24:12.806 [main] DEBUG org.hibernate.event.internal.AbstractFlushingEventListener - Processing flush-time cascades
10:24:12.806 [main] DEBUG org.hibernate.event.internal.AbstractFlushingEventListener - Dirty checking collections
10:24:12.806 [main] DEBUG org.hibernate.engine.internal.Collections - Collection found: [org.frcpm.models.TeamMember.assignedTasks#142], was: [org.frcpm.models.TeamMember.assignedTasks#142] (initialized)
10:24:12.806 [main] DEBUG org.hibernate.engine.internal.Collections - Collection found: [org.frcpm.models.TeamMember.attendances#142], was: [org.frcpm.models.TeamMember.attendances#142] (initialized)
10:24:12.806 [main] DEBUG org.hibernate.event.internal.AbstractFlushingEventListener - Flushed: 0 insertions, 0 updates, 0 deletions to 1 objects
10:24:12.806 [main] DEBUG org.hibernate.event.internal.AbstractFlushingEventListener - Flushed: 0 (re)creations, 0 updates, 0 removals to 2 collections
10:24:12.806 [main] DEBUG org.hibernate.internal.util.EntityPrinter - Listing entities:
10:24:12.807 [main] DEBUG org.hibernate.internal.util.EntityPrinter - org.frcpm.models.TeamMember{skills=null, firstName=Attendance, lastName=Test2, leader=false, subteam=null, phone=null, id=142, attendances=[], email=attendance2@example.com, assignedTasks=[], username=attendancetest2}
10:24:12.807 [main] DEBUG org.hibernate.resource.jdbc.internal.LogicalConnectionManagedImpl - Initiating JDBC connection release from afterTransaction
10:24:12.807 [main] DEBUG org.hibernate.resource.jdbc.internal.LogicalConnectionManagedImpl - Initiating JDBC connection release from afterTransaction
10:24:12.807 [main] DEBUG org.hibernate.engine.transaction.internal.TransactionImpl - On TransactionImpl creation, JpaCompliance#isJpaTransactionComplianceEnabled == false
10:24:12.807 [main] DEBUG org.hibernate.engine.transaction.internal.TransactionImpl - begin
10:24:12.807 [main] DEBUG org.hibernate.engine.spi.ActionQueue - Executing identity-insert immediately
10:24:12.807 [main] DEBUG org.hibernate.SQL - insert into attendances (arrival_time,departure_time,meeting_id,member_id,present,id) values (?,?,?,?,?,default)
10:24:12.808 [main] DEBUG org.hibernate.orm.results - Initializer list is empty
10:24:12.808 [main] DEBUG org.hibernate.orm.results.loading - Calling top-level assembler (0 / 1) : org.hibernate.sql.results.graph.basic.BasicResultAssembler@2499e4dd
10:24:12.808 [main] DEBUG org.hibernate.orm.results - Extracted JDBC value [0] - [84]
10:24:12.808 [main] DEBUG org.hibernate.id.IdentifierGeneratorHelper - Extracted generated values [org.frcpm.models.Attendance]: [Ljava.lang.Object;@5b8caf1b
10:24:12.809 [main] DEBUG org.hibernate.event.internal.AbstractFlushingEventListener - Processing flush-time cascades
10:24:12.809 [main] DEBUG org.hibernate.event.internal.AbstractFlushingEventListener - Dirty checking collections
10:24:12.809 [main] DEBUG org.hibernate.event.internal.AbstractFlushingEventListener - Flushed: 0 insertions, 0 updates, 0 deletions to 1 objects
10:24:12.809 [main] DEBUG org.hibernate.event.internal.AbstractFlushingEventListener - Flushed: 0 (re)creations, 0 updates, 0 removals to 0 collections
10:24:12.809 [main] DEBUG org.hibernate.internal.util.EntityPrinter - Listing entities:
10:24:12.809 [main] DEBUG org.hibernate.internal.util.EntityPrinter - org.frcpm.models.Attendance{departureTime=20:00, arrivalTime=18:00, member=org.frcpm.models.TeamMember#141, id=84, present=true, meeting=org.frcpm.models.Meeting#92}
10:24:12.809 [main] DEBUG org.hibernate.engine.transaction.internal.TransactionImpl - committing
10:24:12.809 [main] DEBUG org.hibernate.event.internal.AbstractFlushingEventListener - Processing flush-time cascades
10:24:12.809 [main] DEBUG org.hibernate.event.internal.AbstractFlushingEventListener - Dirty checking collections
10:24:12.809 [main] DEBUG org.hibernate.event.internal.AbstractFlushingEventListener - Flushed: 0 insertions, 0 updates, 0 deletions to 1 objects
10:24:12.809 [main] DEBUG org.hibernate.event.internal.AbstractFlushingEventListener - Flushed: 0 (re)creations, 0 updates, 0 removals to 0 collections
10:24:12.809 [main] DEBUG org.hibernate.internal.util.EntityPrinter - Listing entities:
10:24:12.809 [main] DEBUG org.hibernate.internal.util.EntityPrinter - org.frcpm.models.Attendance{departureTime=20:00, arrivalTime=18:00, member=org.frcpm.models.TeamMember#141, id=84, present=true, meeting=org.frcpm.models.Meeting#92}
10:24:12.810 [main] DEBUG org.hibernate.resource.jdbc.internal.LogicalConnectionManagedImpl - Initiating JDBC connection release from afterTransaction
10:24:12.810 [main] DEBUG org.hibernate.resource.jdbc.internal.LogicalConnectionManagedImpl - Initiating JDBC connection release from afterTransaction
10:24:12.810 [main] DEBUG org.hibernate.engine.transaction.internal.TransactionImpl - On TransactionImpl creation, JpaCompliance#isJpaTransactionComplianceEnabled == false
10:24:12.810 [main] DEBUG org.hibernate.engine.transaction.internal.TransactionImpl - begin
10:24:12.810 [main] DEBUG org.hibernate.engine.spi.ActionQueue - Executing identity-insert immediately
10:24:12.810 [main] DEBUG org.hibernate.SQL - insert into attendances (arrival_time,departure_time,meeting_id,member_id,present,id) values (?,?,?,?,?,default)
10:24:12.811 [main] DEBUG org.hibernate.orm.results - Initializer list is empty
10:24:12.811 [main] DEBUG org.hibernate.orm.results.loading - Calling top-level assembler (0 / 1) : org.hibernate.sql.results.graph.basic.BasicResultAssembler@3aeff59e
10:24:12.811 [main] DEBUG org.hibernate.orm.results - Extracted JDBC value [0] - [85]
10:24:12.811 [main] DEBUG org.hibernate.id.IdentifierGeneratorHelper - Extracted generated values [org.frcpm.models.Attendance]: [Ljava.lang.Object;@781c0f55
10:24:12.811 [main] DEBUG org.hibernate.event.internal.AbstractFlushingEventListener - Processing flush-time cascades
10:24:12.811 [main] DEBUG org.hibernate.event.internal.AbstractFlushingEventListener - Dirty checking collections
10:24:12.811 [main] DEBUG org.hibernate.event.internal.AbstractFlushingEventListener - Flushed: 0 insertions, 0 updates, 0 deletions to 1 objects
10:24:12.811 [main] DEBUG org.hibernate.event.internal.AbstractFlushingEventListener - Flushed: 0 (re)creations, 0 updates, 0 removals to 0 collections
10:24:12.811 [main] DEBUG org.hibernate.internal.util.EntityPrinter - Listing entities:
10:24:12.811 [main] DEBUG org.hibernate.internal.util.EntityPrinter - org.frcpm.models.Attendance{departureTime=null, arrivalTime=null, member=org.frcpm.models.TeamMember#142, id=85, present=false, meeting=org.frcpm.models.Meeting#92}
10:24:12.811 [main] DEBUG org.hibernate.engine.transaction.internal.TransactionImpl - committing
10:24:12.811 [main] DEBUG org.hibernate.event.internal.AbstractFlushingEventListener - Processing flush-time cascades
10:24:12.811 [main] DEBUG org.hibernate.event.internal.AbstractFlushingEventListener - Dirty checking collections
10:24:12.811 [main] DEBUG org.hibernate.event.internal.AbstractFlushingEventListener - Flushed: 0 insertions, 0 updates, 0 deletions to 1 objects
10:24:12.811 [main] DEBUG org.hibernate.event.internal.AbstractFlushingEventListener - Flushed: 0 (re)creations, 0 updates, 0 removals to 0 collections
10:24:12.811 [main] DEBUG org.hibernate.internal.util.EntityPrinter - Listing entities:
10:24:12.812 [main] DEBUG org.hibernate.internal.util.EntityPrinter - org.frcpm.models.Attendance{departureTime=null, arrivalTime=null, member=org.frcpm.models.TeamMember#142, id=85, present=false, meeting=org.frcpm.models.Meeting#92}
10:24:12.812 [main] DEBUG org.hibernate.resource.jdbc.internal.LogicalConnectionManagedImpl - Initiating JDBC connection release from afterTransaction
10:24:12.812 [main] DEBUG org.hibernate.resource.jdbc.internal.LogicalConnectionManagedImpl - Initiating JDBC connection release from afterTransaction
10:24:12.812 [main] DEBUG org.hibernate.orm.query.hql - HQL : SELECT a FROM Attendance a WHERE a.present = :present
10:24:12.817 [main] DEBUG org.hibernate.orm.query.sqm.creation - Applying inferable type to SqmExpression [SqmNamedParameter(present)] : null -> SqmBasicValuedSimplePath(org.frcpm.models.Attendance(a).present)
10:24:12.817 [main] DEBUG org.hibernate.orm.query.sqm.ast - SqmStatement Tree :
    -> [select]
      -> [query-spec]
        -> [select]
          -> [selection]
            -> [root] - `org.frcpm.models.Attendance(a)`
            <- [root] - `org.frcpm.models.Attendance(a)`
          <- [selection]
        <- [select]
        -> [from]
          -> [root] - `org.frcpm.models.Attendance(a)`
          <- [root] - `org.frcpm.models.Attendance(a)`
        <- [from]
        -> [where]
          -> [EQUAL]
              -> [basic-path] - `org.frcpm.models.Attendance(a).present`
              :present
          <- [EQUAL]
        <- [where]
      <- [query-spec]
    <- [select]

10:24:12.818 [main] DEBUG org.hibernate.orm.sql.ast.create - Created new SQL alias : a1_0
10:24:12.818 [main] DEBUG org.hibernate.orm.sql.ast.create - Registration of TableGroup [StandardTableGroup(org.frcpm.models.Attendance(a))] with identifierForTableGroup [org.frcpm.models.Attendance] for NavigablePath [org.frcpm.models.Attendance] 
10:24:12.818 [main] DEBUG org.hibernate.orm.sql.ast.create - Registration of TableGroup [org.hibernate.sql.ast.tree.from.LazyTableGroup@65b81cbf] with identifierForTableGroup [org.frcpm.models.Attendance.meeting] for NavigablePath [org.frcpm.models.Attendance.meeting] 
10:24:12.818 [main] DEBUG org.hibernate.orm.sql.ast.create - Registration of TableGroup [org.hibernate.sql.ast.tree.from.LazyTableGroup@11c9b65e] with identifierForTableGroup [org.frcpm.models.Attendance.member] for NavigablePath [org.frcpm.models.Attendance.member] 
10:24:12.821 [main] DEBUG org.hibernate.query.sqm.sql.BaseSqmToSqlAstConverter - Determining mapping-model type for SqmParameter : SqmNamedParameter(present)
10:24:12.822 [main] DEBUG org.hibernate.query.sqm.sql.BaseSqmToSqlAstConverter - Determining mapping-model type for SqmPath : SqmBasicValuedSimplePath(org.frcpm.models.Attendance(a).present) 
10:24:12.822 [main] DEBUG org.hibernate.orm.results.graph.AST - DomainResult Graph:
 \-EntityResultImpl [org.frcpm.models.Attendance(a)]
 |  +-BasicFetch [org.frcpm.models.Attendance(a).arrivalTime]
 |  +-BasicFetch [org.frcpm.models.Attendance(a).departureTime]
 |  +-CircularFetchImpl [org.frcpm.models.Attendance(a).meeting]
 |  +-CircularFetchImpl [org.frcpm.models.Attendance(a).member]
 |  \-BasicFetch [org.frcpm.models.Attendance(a).present]

10:24:12.822 [main] DEBUG org.hibernate.orm.sql.ast.tree - SQL AST Tree:
    SelectStatement {
      FromClause {
        StandardTableGroup (a1 : org.frcpm.models.Attendance(a)) {
          primaryTableReference : attendances as a1_0
          TableGroupJoins {
            left  join LazyTableGroup (m1 : org.frcpm.models.Attendance(a).meeting) {
            }
            left  join LazyTableGroup (m2 : org.frcpm.models.Attendance(a).member) {
            }
          }
        }
      }
    }

10:24:12.822 [main] DEBUG org.hibernate.orm.sql.exec - Skipping reading Query result cache data: cache-enabled = false, cache-mode = NORMAL
10:24:12.822 [main] DEBUG org.hibernate.orm.results - Initializer list:
	  org.frcpm.models.Attendance(a) -> EntityResultInitializer(org.frcpm.models.Attendance(a))@602143188 (SingleTableEntityPersister(org.frcpm.models.Attendance))
	  org.frcpm.models.Attendance(a).meeting -> EntityDelayedFetchInitializer(org.frcpm.models.Attendance(a).meeting)@151241990 (ToOneAttributeMapping(NavigableRole[org.frcpm.models.Attendance.meeting])@1191157145)
	  org.frcpm.models.Attendance(a).member -> EntityDelayedFetchInitializer(org.frcpm.models.Attendance(a).member)@510252418 (ToOneAttributeMapping(NavigableRole[org.frcpm.models.Attendance.member])@586719938)

10:24:12.822 [main] DEBUG org.hibernate.SQL - select a1_0.id,a1_0.arrival_time,a1_0.departure_time,a1_0.meeting_id,a1_0.member_id,a1_0.present from attendances a1_0 where a1_0.present=?
10:24:12.823 [main] DEBUG org.hibernate.orm.results - Extracted JDBC value [0] - [1]
10:24:12.823 [main] DEBUG org.hibernate.orm.results.loading.entity - (EntityResultInitializer) Hydrated EntityKey (org.frcpm.models.Attendance(a)): 1
10:24:12.823 [main] DEBUG org.hibernate.orm.results.loading.entity - (EntityResultInitializer) Created new entity instance [org.frcpm.models.Attendance(a)#1] : 1610103216
10:24:12.823 [main] DEBUG org.hibernate.orm.results - Extracted JDBC value [3] - [1]
10:24:12.824 [main] DEBUG org.hibernate.orm.results - Extracted JDBC value [4] - [1]
10:24:12.824 [main] DEBUG org.hibernate.orm.results - Extracted JDBC value [1] - [09:00]
10:24:12.824 [main] DEBUG org.hibernate.orm.results - Extracted JDBC value [2] - [16:00]
10:24:12.824 [main] DEBUG org.hibernate.orm.results - Extracted JDBC value [5] - [true]
10:24:12.824 [main] DEBUG org.hibernate.orm.results.loading.entity - (EntityResultInitializer) Done materializing entityInstance : org.frcpm.models.Attendance(a)#1
10:24:12.824 [main] DEBUG org.hibernate.orm.results.loading - Calling top-level assembler (0 / 1) : org.hibernate.sql.results.graph.entity.internal.EntityAssembler@38716e3f
10:24:12.824 [main] DEBUG org.hibernate.orm.results - Extracted JDBC value [0] - [2]
10:24:12.824 [main] DEBUG org.hibernate.orm.results.loading.entity - (EntityResultInitializer) Hydrated EntityKey (org.frcpm.models.Attendance(a)): 2
10:24:12.824 [main] DEBUG org.hibernate.orm.results.loading.entity - (EntityResultInitializer) Created new entity instance [org.frcpm.models.Attendance(a)#2] : 778106439
10:24:12.824 [main] DEBUG org.hibernate.orm.results - Extracted JDBC value [3] - [1]
10:24:12.824 [main] DEBUG org.hibernate.orm.results - Extracted JDBC value [4] - [2]
10:24:12.824 [main] DEBUG org.hibernate.orm.results - Extracted JDBC value [1] - [09:00]
10:24:12.824 [main] DEBUG org.hibernate.orm.results - Extracted JDBC value [2] - [16:00]
10:24:12.824 [main] DEBUG org.hibernate.orm.results - Extracted JDBC value [5] - [true]
10:24:12.824 [main] DEBUG org.hibernate.orm.results.loading.entity - (EntityResultInitializer) Done materializing entityInstance : org.frcpm.models.Attendance(a)#2
10:24:12.824 [main] DEBUG org.hibernate.orm.results.loading - Calling top-level assembler (0 / 1) : org.hibernate.sql.results.graph.entity.internal.EntityAssembler@38716e3f
10:24:12.824 [main] DEBUG org.hibernate.orm.results - Extracted JDBC value [0] - [3]
10:24:12.824 [main] DEBUG org.hibernate.orm.results.loading.entity - (EntityResultInitializer) Hydrated EntityKey (org.frcpm.models.Attendance(a)): 3
10:24:12.824 [main] DEBUG org.hibernate.orm.results.loading.entity - (EntityResultInitializer) Created new entity instance [org.frcpm.models.Attendance(a)#3] : 1219208825
10:24:12.824 [main] DEBUG org.hibernate.orm.results - Extracted JDBC value [3] - [1]
10:24:12.824 [main] DEBUG org.hibernate.orm.results - Extracted JDBC value [4] - [3]
10:24:12.824 [main] DEBUG org.hibernate.orm.results - Extracted JDBC value [1] - [09:15]
10:24:12.824 [main] DEBUG org.hibernate.orm.results - Extracted JDBC value [2] - [16:00]
10:24:12.824 [main] DEBUG org.hibernate.orm.results - Extracted JDBC value [5] - [true]
10:24:12.824 [main] DEBUG org.hibernate.orm.results.loading.entity - (EntityResultInitializer) Done materializing entityInstance : org.frcpm.models.Attendance(a)#3
10:24:12.825 [main] DEBUG org.hibernate.orm.results.loading - Calling top-level assembler (0 / 1) : org.hibernate.sql.results.graph.entity.internal.EntityAssembler@38716e3f
10:24:12.825 [main] DEBUG org.hibernate.orm.results - Extracted JDBC value [0] - [4]
10:24:12.825 [main] DEBUG org.hibernate.orm.results.loading.entity - (EntityResultInitializer) Hydrated EntityKey (org.frcpm.models.Attendance(a)): 4
10:24:12.825 [main] DEBUG org.hibernate.orm.results.loading.entity - (EntityResultInitializer) Created new entity instance [org.frcpm.models.Attendance(a)#4] : 1442853733
10:24:12.825 [main] DEBUG org.hibernate.orm.results - Extracted JDBC value [3] - [1]
10:24:12.825 [main] DEBUG org.hibernate.orm.results - Extracted JDBC value [4] - [4]
10:24:12.825 [main] DEBUG org.hibernate.orm.results - Extracted JDBC value [1] - [09:00]
10:24:12.825 [main] DEBUG org.hibernate.orm.results - Extracted JDBC value [2] - [16:00]
10:24:12.825 [main] DEBUG org.hibernate.orm.results - Extracted JDBC value [5] - [true]
10:24:12.825 [main] DEBUG org.hibernate.orm.results.loading.entity - (EntityResultInitializer) Done materializing entityInstance : org.frcpm.models.Attendance(a)#4
10:24:12.825 [main] DEBUG org.hibernate.orm.results.loading - Calling top-level assembler (0 / 1) : org.hibernate.sql.results.graph.entity.internal.EntityAssembler@38716e3f
10:24:12.825 [main] DEBUG org.hibernate.orm.results - Extracted JDBC value [0] - [5]
10:24:12.825 [main] DEBUG org.hibernate.orm.results.loading.entity - (EntityResultInitializer) Hydrated EntityKey (org.frcpm.models.Attendance(a)): 5
10:24:12.825 [main] DEBUG org.hibernate.orm.results.loading.entity - (EntityResultInitializer) Created new entity instance [org.frcpm.models.Attendance(a)#5] : 1706274572
10:24:12.825 [main] DEBUG org.hibernate.orm.results - Extracted JDBC value [3] - [1]
10:24:12.825 [main] DEBUG org.hibernate.orm.results - Extracted JDBC value [4] - [5]
10:24:12.825 [main] DEBUG org.hibernate.orm.results - Extracted JDBC value [1] - [09:30]
10:24:12.825 [main] DEBUG org.hibernate.orm.results - Extracted JDBC value [2] - [15:30]
10:24:12.825 [main] DEBUG org.hibernate.orm.results - Extracted JDBC value [5] - [true]
10:24:12.825 [main] DEBUG org.hibernate.orm.results.loading.entity - (EntityResultInitializer) Done materializing entityInstance : org.frcpm.models.Attendance(a)#5
10:24:12.825 [main] DEBUG org.hibernate.orm.results.loading - Calling top-level assembler (0 / 1) : org.hibernate.sql.results.graph.entity.internal.EntityAssembler@38716e3f
10:24:12.825 [main] DEBUG org.hibernate.orm.results - Extracted JDBC value [0] - [7]
10:24:12.825 [main] DEBUG org.hibernate.orm.results.loading.entity - (EntityResultInitializer) Hydrated EntityKey (org.frcpm.models.Attendance(a)): 7
10:24:12.825 [main] DEBUG org.hibernate.orm.results.loading.entity - (EntityResultInitializer) Created new entity instance [org.frcpm.models.Attendance(a)#7] : 1288220467
10:24:12.825 [main] DEBUG org.hibernate.orm.results - Extracted JDBC value [3] - [2]
10:24:12.825 [main] DEBUG org.hibernate.orm.results - Extracted JDBC value [4] - [1]
10:24:12.825 [main] DEBUG org.hibernate.orm.results - Extracted JDBC value [1] - [18:00]
10:24:12.825 [main] DEBUG org.hibernate.orm.results - Extracted JDBC value [2] - [21:00]
10:24:12.825 [main] DEBUG org.hibernate.orm.results - Extracted JDBC value [5] - [true]
10:24:12.825 [main] DEBUG org.hibernate.orm.results.loading.entity - (EntityResultInitializer) Done materializing entityInstance : org.frcpm.models.Attendance(a)#7
10:24:12.825 [main] DEBUG org.hibernate.orm.results.loading - Calling top-level assembler (0 / 1) : org.hibernate.sql.results.graph.entity.internal.EntityAssembler@38716e3f
10:24:12.825 [main] DEBUG org.hibernate.orm.results - Extracted JDBC value [0] - [8]
10:24:12.825 [main] DEBUG org.hibernate.orm.results.loading.entity - (EntityResultInitializer) Hydrated EntityKey (org.frcpm.models.Attendance(a)): 8
10:24:12.825 [main] DEBUG org.hibernate.orm.results.loading.entity - (EntityResultInitializer) Created new entity instance [org.frcpm.models.Attendance(a)#8] : 1506103485
10:24:12.825 [main] DEBUG org.hibernate.orm.results - Extracted JDBC value [3] - [2]
10:24:12.825 [main] DEBUG org.hibernate.orm.results - Extracted JDBC value [4] - [2]
10:24:12.825 [main] DEBUG org.hibernate.orm.results - Extracted JDBC value [1] - [18:00]
10:24:12.825 [main] DEBUG org.hibernate.orm.results - Extracted JDBC value [2] - [21:00]
10:24:12.825 [main] DEBUG org.hibernate.orm.results - Extracted JDBC value [5] - [true]
10:24:12.825 [main] DEBUG org.hibernate.orm.results.loading.entity - (EntityResultInitializer) Done materializing entityInstance : org.frcpm.models.Attendance(a)#8
10:24:12.825 [main] DEBUG org.hibernate.orm.results.loading - Calling top-level assembler (0 / 1) : org.hibernate.sql.results.graph.entity.internal.EntityAssembler@38716e3f
10:24:12.825 [main] DEBUG org.hibernate.orm.results - Extracted JDBC value [0] - [9]
10:24:12.825 [main] DEBUG org.hibernate.orm.results.loading.entity - (EntityResultInitializer) Hydrated EntityKey (org.frcpm.models.Attendance(a)): 9
10:24:12.825 [main] DEBUG org.hibernate.orm.results.loading.entity - (EntityResultInitializer) Created new entity instance [org.frcpm.models.Attendance(a)#9] : 235523067
10:24:12.825 [main] DEBUG org.hibernate.orm.results - Extracted JDBC value [3] - [2]
10:24:12.825 [main] DEBUG org.hibernate.orm.results - Extracted JDBC value [4] - [3]
10:24:12.825 [main] DEBUG org.hibernate.orm.results - Extracted JDBC value [1] - [18:15]
10:24:12.825 [main] DEBUG org.hibernate.orm.results - Extracted JDBC value [2] - [20:30]
10:24:12.825 [main] DEBUG org.hibernate.orm.results - Extracted JDBC value [5] - [true]
10:24:12.825 [main] DEBUG org.hibernate.orm.results.loading.entity - (EntityResultInitializer) Done materializing entityInstance : org.frcpm.models.Attendance(a)#9
10:24:12.825 [main] DEBUG org.hibernate.orm.results.loading - Calling top-level assembler (0 / 1) : org.hibernate.sql.results.graph.entity.internal.EntityAssembler@38716e3f
10:24:12.825 [main] DEBUG org.hibernate.orm.results - Extracted JDBC value [0] - [11]
10:24:12.825 [main] DEBUG org.hibernate.orm.results.loading.entity - (EntityResultInitializer) Hydrated EntityKey (org.frcpm.models.Attendance(a)): 11
10:24:12.825 [main] DEBUG org.hibernate.orm.results.loading.entity - (EntityResultInitializer) Created new entity instance [org.frcpm.models.Attendance(a)#11] : 1991958265
10:24:12.825 [main] DEBUG org.hibernate.orm.results - Extracted JDBC value [3] - [2]
10:24:12.825 [main] DEBUG org.hibernate.orm.results - Extracted JDBC value [4] - [5]
10:24:12.825 [main] DEBUG org.hibernate.orm.results - Extracted JDBC value [1] - [18:00]
10:24:12.825 [main] DEBUG org.hibernate.orm.results - Extracted JDBC value [2] - [21:00]
10:24:12.825 [main] DEBUG org.hibernate.orm.results - Extracted JDBC value [5] - [true]
10:24:12.825 [main] DEBUG org.hibernate.orm.results.loading.entity - (EntityResultInitializer) Done materializing entityInstance : org.frcpm.models.Attendance(a)#11
10:24:12.825 [main] DEBUG org.hibernate.orm.results.loading - Calling top-level assembler (0 / 1) : org.hibernate.sql.results.graph.entity.internal.EntityAssembler@38716e3f
10:24:12.825 [main] DEBUG org.hibernate.orm.results - Extracted JDBC value [0] - [12]
10:24:12.825 [main] DEBUG org.hibernate.orm.results.loading.entity - (EntityResultInitializer) Hydrated EntityKey (org.frcpm.models.Attendance(a)): 12
10:24:12.825 [main] DEBUG org.hibernate.orm.results.loading.entity - (EntityResultInitializer) Created new entity instance [org.frcpm.models.Attendance(a)#12] : 2130855466
10:24:12.825 [main] DEBUG org.hibernate.orm.results - Extracted JDBC value [3] - [2]
10:24:12.825 [main] DEBUG org.hibernate.orm.results - Extracted JDBC value [4] - [6]
10:24:12.825 [main] DEBUG org.hibernate.orm.results - Extracted JDBC value [1] - [18:30]
10:24:12.825 [main] DEBUG org.hibernate.orm.results - Extracted JDBC value [2] - [21:00]
10:24:12.825 [main] DEBUG org.hibernate.orm.results - Extracted JDBC value [5] - [true]
10:24:12.825 [main] DEBUG org.hibernate.orm.results.loading.entity - (EntityResultInitializer) Done materializing entityInstance : org.frcpm.models.Attendance(a)#12
10:24:12.825 [main] DEBUG org.hibernate.orm.results.loading - Calling top-level assembler (0 / 1) : org.hibernate.sql.results.graph.entity.internal.EntityAssembler@38716e3f
10:24:12.825 [main] DEBUG org.hibernate.orm.results - Extracted JDBC value [0] - [84]
10:24:12.825 [main] DEBUG org.hibernate.orm.results.loading.entity - (EntityResultInitializer) Hydrated EntityKey (org.frcpm.models.Attendance(a)): 84
10:24:12.825 [main] DEBUG org.hibernate.orm.results.loading.entity - (EntityResultInitializer) Created new entity instance [org.frcpm.models.Attendance(a)#84] : 212967887
10:24:12.825 [main] DEBUG org.hibernate.orm.results - Extracted JDBC value [3] - [92]
10:24:12.825 [main] DEBUG org.hibernate.orm.results - Extracted JDBC value [4] - [141]
10:24:12.825 [main] DEBUG org.hibernate.orm.results - Extracted JDBC value [1] - [18:00]
10:24:12.825 [main] DEBUG org.hibernate.orm.results - Extracted JDBC value [2] - [20:00]
10:24:12.825 [main] DEBUG org.hibernate.orm.results - Extracted JDBC value [5] - [true]
10:24:12.825 [main] DEBUG org.hibernate.orm.results.loading.entity - (EntityResultInitializer) Done materializing entityInstance : org.frcpm.models.Attendance(a)#84
10:24:12.825 [main] DEBUG org.hibernate.orm.results.loading - Calling top-level assembler (0 / 1) : org.hibernate.sql.results.graph.entity.internal.EntityAssembler@38716e3f
10:24:12.825 [main] DEBUG org.hibernate.resource.jdbc.internal.LogicalConnectionManagedImpl - Initiating JDBC connection release from afterTransaction
10:24:12.825 [main] DEBUG org.hibernate.resource.jdbc.internal.LogicalConnectionManagedImpl - Initiating JDBC connection release from afterTransaction
10:24:12.827 [main] DEBUG org.hibernate.orm.sql.exec - Skipping reading Query result cache data: cache-enabled = false, cache-mode = NORMAL
10:24:12.827 [main] DEBUG org.hibernate.orm.results - Initializer list:
	  org.frcpm.models.Attendance(a) -> EntityResultInitializer(org.frcpm.models.Attendance(a))@1251902277 (SingleTableEntityPersister(org.frcpm.models.Attendance))
	  org.frcpm.models.Attendance(a).meeting -> EntityDelayedFetchInitializer(org.frcpm.models.Attendance(a).meeting)@1867780766 (ToOneAttributeMapping(NavigableRole[org.frcpm.models.Attendance.meeting])@1191157145)
	  org.frcpm.models.Attendance(a).member -> EntityDelayedFetchInitializer(org.frcpm.models.Attendance(a).member)@954457758 (ToOneAttributeMapping(NavigableRole[org.frcpm.models.Attendance.member])@586719938)

10:24:12.827 [main] DEBUG org.hibernate.SQL - select a1_0.id,a1_0.arrival_time,a1_0.departure_time,a1_0.meeting_id,a1_0.member_id,a1_0.present from attendances a1_0 where a1_0.present=?
10:24:12.828 [main] DEBUG org.hibernate.orm.results - Extracted JDBC value [0] - [6]
10:24:12.828 [main] DEBUG org.hibernate.orm.results.loading.entity - (EntityResultInitializer) Hydrated EntityKey (org.frcpm.models.Attendance(a)): 6
10:24:12.828 [main] DEBUG org.hibernate.orm.results.loading.entity - (EntityResultInitializer) Created new entity instance [org.frcpm.models.Attendance(a)#6] : 647920347
10:24:12.828 [main] DEBUG org.hibernate.orm.results - Extracted JDBC value [3] - [1]
10:24:12.828 [main] DEBUG org.hibernate.orm.results - Extracted JDBC value [4] - [6]
10:24:12.828 [main] DEBUG org.hibernate.orm.results - Extracted JDBC value [1] - [null]
10:24:12.828 [main] DEBUG org.hibernate.orm.results - Extracted JDBC value [2] - [null]
10:24:12.828 [main] DEBUG org.hibernate.orm.results - Extracted JDBC value [5] - [false]
10:24:12.828 [main] DEBUG org.hibernate.orm.results.loading.entity - (EntityResultInitializer) Done materializing entityInstance : org.frcpm.models.Attendance(a)#6
10:24:12.828 [main] DEBUG org.hibernate.orm.results.loading - Calling top-level assembler (0 / 1) : org.hibernate.sql.results.graph.entity.internal.EntityAssembler@2f57b8
10:24:12.828 [main] DEBUG org.hibernate.orm.results - Extracted JDBC value [0] - [10]
10:24:12.828 [main] DEBUG org.hibernate.orm.results.loading.entity - (EntityResultInitializer) Hydrated EntityKey (org.frcpm.models.Attendance(a)): 10
10:24:12.828 [main] DEBUG org.hibernate.orm.results.loading.entity - (EntityResultInitializer) Created new entity instance [org.frcpm.models.Attendance(a)#10] : 210532515
10:24:12.828 [main] DEBUG org.hibernate.orm.results - Extracted JDBC value [3] - [2]
10:24:12.828 [main] DEBUG org.hibernate.orm.results - Extracted JDBC value [4] - [4]
10:24:12.828 [main] DEBUG org.hibernate.orm.results - Extracted JDBC value [1] - [null]
10:24:12.828 [main] DEBUG org.hibernate.orm.results - Extracted JDBC value [2] - [null]
10:24:12.828 [main] DEBUG org.hibernate.orm.results - Extracted JDBC value [5] - [false]
10:24:12.828 [main] DEBUG org.hibernate.orm.results.loading.entity - (EntityResultInitializer) Done materializing entityInstance : org.frcpm.models.Attendance(a)#10
10:24:12.828 [main] DEBUG org.hibernate.orm.results.loading - Calling top-level assembler (0 / 1) : org.hibernate.sql.results.graph.entity.internal.EntityAssembler@2f57b8
10:24:12.828 [main] DEBUG org.hibernate.orm.results - Extracted JDBC value [0] - [85]
10:24:12.828 [main] DEBUG org.hibernate.orm.results.loading.entity - (EntityResultInitializer) Hydrated EntityKey (org.frcpm.models.Attendance(a)): 85
10:24:12.828 [main] DEBUG org.hibernate.orm.results.loading.entity - (EntityResultInitializer) Created new entity instance [org.frcpm.models.Attendance(a)#85] : 1867692378
10:24:12.828 [main] DEBUG org.hibernate.orm.results - Extracted JDBC value [3] - [92]
10:24:12.828 [main] DEBUG org.hibernate.orm.results - Extracted JDBC value [4] - [142]
10:24:12.828 [main] DEBUG org.hibernate.orm.results - Extracted JDBC value [1] - [null]
10:24:12.828 [main] DEBUG org.hibernate.orm.results - Extracted JDBC value [2] - [null]
10:24:12.828 [main] DEBUG org.hibernate.orm.results - Extracted JDBC value [5] - [false]
10:24:12.828 [main] DEBUG org.hibernate.orm.results.loading.entity - (EntityResultInitializer) Done materializing entityInstance : org.frcpm.models.Attendance(a)#85
10:24:12.828 [main] DEBUG org.hibernate.orm.results.loading - Calling top-level assembler (0 / 1) : org.hibernate.sql.results.graph.entity.internal.EntityAssembler@2f57b8
10:24:12.829 [main] DEBUG org.hibernate.resource.jdbc.internal.LogicalConnectionManagedImpl - Initiating JDBC connection release from afterTransaction
10:24:12.829 [main] DEBUG org.hibernate.resource.jdbc.internal.LogicalConnectionManagedImpl - Initiating JDBC connection release from afterTransaction
10:24:12.830 [main] DEBUG org.hibernate.orm.query.hql - HQL : SELECT a FROM Attendance a WHERE a.meeting = :meeting
10:24:12.831 [main] DEBUG org.hibernate.orm.query.sqm.creation - Applying inferable type to SqmExpression [SqmNamedParameter(meeting)] : null -> org.frcpm.models.Attendance#meeting(MANY_TO_ONE)
10:24:12.832 [main] DEBUG org.hibernate.orm.query.sqm.ast - SqmStatement Tree :
    -> [select]
      -> [query-spec]
        -> [select]
          -> [selection]
            -> [root] - `org.frcpm.models.Attendance(a)`
            <- [root] - `org.frcpm.models.Attendance(a)`
          <- [selection]
        <- [select]
        -> [from]
          -> [root] - `org.frcpm.models.Attendance(a)`
          <- [root] - `org.frcpm.models.Attendance(a)`
        <- [from]
        -> [where]
          -> [EQUAL]
              -> [entity-path] - `org.frcpm.models.Attendance(a).meeting`
              :meeting
          <- [EQUAL]
        <- [where]
      <- [query-spec]
    <- [select]

10:24:12.832 [main] DEBUG org.hibernate.orm.sql.ast.create - Created new SQL alias : a1_0
10:24:12.832 [main] DEBUG org.hibernate.orm.sql.ast.create - Registration of TableGroup [StandardTableGroup(org.frcpm.models.Attendance(a))] with identifierForTableGroup [org.frcpm.models.Attendance] for NavigablePath [org.frcpm.models.Attendance] 
10:24:12.833 [main] DEBUG org.hibernate.orm.sql.ast.create - Registration of TableGroup [org.hibernate.sql.ast.tree.from.LazyTableGroup@159aacd8] with identifierForTableGroup [org.frcpm.models.Attendance.meeting] for NavigablePath [org.frcpm.models.Attendance.meeting] 
10:24:12.833 [main] DEBUG org.hibernate.orm.sql.ast.create - Registration of TableGroup [org.hibernate.sql.ast.tree.from.LazyTableGroup@4b6c92d1] with identifierForTableGroup [org.frcpm.models.Attendance.member] for NavigablePath [org.frcpm.models.Attendance.member] 
10:24:12.833 [main] DEBUG org.hibernate.orm.sql.ast.create - Registration of TableGroup [org.hibernate.sql.ast.tree.from.LazyTableGroup@42b764b3] with identifierForTableGroup [org.frcpm.models.Attendance.meeting] for NavigablePath [org.frcpm.models.Attendance.meeting] 
10:24:12.833 [main] DEBUG org.hibernate.orm.sql.ast.create - Registration of TableGroup [org.hibernate.sql.ast.tree.from.LazyTableGroup@42b764b3] for NavigablePath [org.frcpm.models.Attendance(a).meeting] overrode previous registration : org.hibernate.sql.ast.tree.from.LazyTableGroup@159aacd8
10:24:12.833 [main] DEBUG org.hibernate.query.sqm.sql.BaseSqmToSqlAstConverter - Determining mapping-model type for SqmParameter : SqmNamedParameter(meeting)
10:24:12.834 [main] DEBUG org.hibernate.query.sqm.sql.BaseSqmToSqlAstConverter - Determining mapping-model type for SqmParameter : SqmNamedParameter(meeting)
10:24:12.834 [main] DEBUG org.hibernate.query.sqm.sql.BaseSqmToSqlAstConverter - Determining mapping-model type for SqmPath : SqmEntityValuedSimplePath(org.frcpm.models.Attendance(a).meeting) 
10:24:12.834 [main] DEBUG org.hibernate.orm.results.graph.AST - DomainResult Graph:
 \-EntityResultImpl [org.frcpm.models.Attendance(a)]
 |  +-BasicFetch [org.frcpm.models.Attendance(a).arrivalTime]
 |  +-BasicFetch [org.frcpm.models.Attendance(a).departureTime]
 |  +-CircularFetchImpl [org.frcpm.models.Attendance(a).meeting]
 |  +-CircularFetchImpl [org.frcpm.models.Attendance(a).member]
 |  \-BasicFetch [org.frcpm.models.Attendance(a).present]

10:24:12.834 [main] DEBUG org.hibernate.orm.sql.ast.tree - SQL AST Tree:
    SelectStatement {
      FromClause {
        StandardTableGroup (a1 : org.frcpm.models.Attendance(a)) {
          primaryTableReference : attendances as a1_0
          TableGroupJoins {
            left  join LazyTableGroup (m1 : org.frcpm.models.Attendance(a).meeting) {
            }
            left  join LazyTableGroup (m2 : org.frcpm.models.Attendance(a).member) {
            }
             join LazyTableGroup (m3 : org.frcpm.models.Attendance(a).meeting) {
            }
          }
        }
      }
    }

10:24:12.834 [main] DEBUG org.hibernate.orm.sql.exec - Skipping reading Query result cache data: cache-enabled = false, cache-mode = NORMAL
10:24:12.834 [main] DEBUG org.hibernate.orm.results - Initializer list:
	  org.frcpm.models.Attendance(a) -> EntityResultInitializer(org.frcpm.models.Attendance(a))@352204387 (SingleTableEntityPersister(org.frcpm.models.Attendance))
	  org.frcpm.models.Attendance(a).meeting -> EntityDelayedFetchInitializer(org.frcpm.models.Attendance(a).meeting)@1233836542 (ToOneAttributeMapping(NavigableRole[org.frcpm.models.Attendance.meeting])@1191157145)
	  org.frcpm.models.Attendance(a).member -> EntityDelayedFetchInitializer(org.frcpm.models.Attendance(a).member)@820100736 (ToOneAttributeMapping(NavigableRole[org.frcpm.models.Attendance.member])@586719938)

10:24:12.834 [main] DEBUG org.hibernate.SQL - select a1_0.id,a1_0.arrival_time,a1_0.departure_time,a1_0.meeting_id,a1_0.member_id,a1_0.present from attendances a1_0 where a1_0.meeting_id=?
10:24:12.835 [main] DEBUG org.hibernate.orm.results - Extracted JDBC value [0] - [84]
10:24:12.835 [main] DEBUG org.hibernate.orm.results.loading.entity - (EntityResultInitializer) Hydrated EntityKey (org.frcpm.models.Attendance(a)): 84
10:24:12.835 [main] DEBUG org.hibernate.orm.results.loading.entity - (EntityResultInitializer) Created new entity instance [org.frcpm.models.Attendance(a)#84] : 793978823
10:24:12.835 [main] DEBUG org.hibernate.orm.results - Extracted JDBC value [3] - [92]
10:24:12.835 [main] DEBUG org.hibernate.orm.results - Extracted JDBC value [4] - [141]
10:24:12.835 [main] DEBUG org.hibernate.orm.results - Extracted JDBC value [1] - [18:00]
10:24:12.835 [main] DEBUG org.hibernate.orm.results - Extracted JDBC value [2] - [20:00]
10:24:12.835 [main] DEBUG org.hibernate.orm.results - Extracted JDBC value [5] - [true]
10:24:12.835 [main] DEBUG org.hibernate.orm.results.loading.entity - (EntityResultInitializer) Done materializing entityInstance : org.frcpm.models.Attendance(a)#84
10:24:12.835 [main] DEBUG org.hibernate.orm.results.loading - Calling top-level assembler (0 / 1) : org.hibernate.sql.results.graph.entity.internal.EntityAssembler@12fb8913
10:24:12.836 [main] DEBUG org.hibernate.orm.results - Extracted JDBC value [0] - [85]
10:24:12.836 [main] DEBUG org.hibernate.orm.results.loading.entity - (EntityResultInitializer) Hydrated EntityKey (org.frcpm.models.Attendance(a)): 85
10:24:12.836 [main] DEBUG org.hibernate.orm.results.loading.entity - (EntityResultInitializer) Created new entity instance [org.frcpm.models.Attendance(a)#85] : 1319205200
10:24:12.836 [main] DEBUG org.hibernate.orm.results - Extracted JDBC value [3] - [92]
10:24:12.836 [main] DEBUG org.hibernate.orm.results - Extracted JDBC value [4] - [142]
10:24:12.836 [main] DEBUG org.hibernate.orm.results - Extracted JDBC value [1] - [null]
10:24:12.836 [main] DEBUG org.hibernate.orm.results - Extracted JDBC value [2] - [null]
10:24:12.836 [main] DEBUG org.hibernate.orm.results - Extracted JDBC value [5] - [false]
10:24:12.836 [main] DEBUG org.hibernate.orm.results.loading.entity - (EntityResultInitializer) Done materializing entityInstance : org.frcpm.models.Attendance(a)#85
10:24:12.836 [main] DEBUG org.hibernate.orm.results.loading - Calling top-level assembler (0 / 1) : org.hibernate.sql.results.graph.entity.internal.EntityAssembler@12fb8913
10:24:12.836 [main] DEBUG org.hibernate.resource.jdbc.internal.LogicalConnectionManagedImpl - Initiating JDBC connection release from afterTransaction
10:24:12.836 [main] DEBUG org.hibernate.resource.jdbc.internal.LogicalConnectionManagedImpl - Initiating JDBC connection release from afterTransaction
10:24:12.836 [main] DEBUG org.hibernate.engine.transaction.internal.TransactionImpl - On TransactionImpl creation, JpaCompliance#isJpaTransactionComplianceEnabled == false
10:24:12.836 [main] DEBUG org.hibernate.engine.transaction.internal.TransactionImpl - begin
10:24:12.836 [main] DEBUG org.hibernate.orm.sql.ast.create - Created new SQL alias : a1_0
10:24:12.836 [main] DEBUG org.hibernate.orm.sql.ast.create - Registration of TableGroup [StandardTableGroup(org.frcpm.models.Attendance)] with identifierForTableGroup [org.frcpm.models.Attendance] for NavigablePath [org.frcpm.models.Attendance] 
10:24:12.837 [main] DEBUG org.hibernate.orm.sql.ast.create - Registration of TableGroup [org.hibernate.sql.ast.tree.from.LazyTableGroup@34bac450] with identifierForTableGroup [org.frcpm.models.Attendance.meeting] for NavigablePath [org.frcpm.models.Attendance.meeting] 
10:24:12.837 [main] DEBUG org.hibernate.orm.sql.ast.create - Registration of TableGroup [org.hibernate.sql.ast.tree.from.LazyTableGroup@4c9c0251] with identifierForTableGroup [org.frcpm.models.Attendance.member] for NavigablePath [org.frcpm.models.Attendance.member] 
10:24:12.837 [main] DEBUG org.hibernate.orm.results.graph.AST - DomainResult Graph:
 \-EntityResultImpl [org.frcpm.models.Attendance]
 |  +-BasicFetch [org.frcpm.models.Attendance.arrivalTime]
 |  +-BasicFetch [org.frcpm.models.Attendance.departureTime]
 |  +-EntityDelayedFetchImpl [org.frcpm.models.Attendance.meeting]
 |  +-EntityDelayedFetchImpl [org.frcpm.models.Attendance.member]
 |  \-BasicFetch [org.frcpm.models.Attendance.present]

10:24:12.837 [main] DEBUG org.hibernate.orm.sql.ast.tree - SQL AST Tree:
    SelectStatement {
      FromClause {
        StandardTableGroup (a1 : org.frcpm.models.Attendance) {
          primaryTableReference : attendances as a1_0
          TableGroupJoins {
            left  join LazyTableGroup (m1 : org.frcpm.models.Attendance.meeting) {
            }
            left  join LazyTableGroup (m2 : org.frcpm.models.Attendance.member) {
            }
          }
        }
      }
    }

10:24:12.837 [main] DEBUG org.hibernate.orm.sql.exec - Skipping reading Query result cache data: cache-enabled = false, cache-mode = IGNORE
10:24:12.837 [main] DEBUG org.hibernate.orm.results - Initializer list:
	  org.frcpm.models.Attendance -> EntityResultInitializer(org.frcpm.models.Attendance)@1808290905 (SingleTableEntityPersister(org.frcpm.models.Attendance))
	  org.frcpm.models.Attendance.meeting -> EntityDelayedFetchInitializer(org.frcpm.models.Attendance.meeting)@1688629351 (ToOneAttributeMapping(NavigableRole[org.frcpm.models.Attendance.meeting])@1191157145)
	  org.frcpm.models.Attendance.member -> EntityDelayedFetchInitializer(org.frcpm.models.Attendance.member)@1216636968 (ToOneAttributeMapping(NavigableRole[org.frcpm.models.Attendance.member])@586719938)

10:24:12.838 [main] DEBUG org.hibernate.SQL - select a1_0.id,a1_0.arrival_time,a1_0.departure_time,a1_0.meeting_id,a1_0.member_id,a1_0.present from attendances a1_0 where a1_0.id=?
10:24:12.838 [main] DEBUG org.hibernate.orm.results.loading.entity - (EntityResultInitializer) Hydrated EntityKey (org.frcpm.models.Attendance): 84
10:24:12.839 [main] DEBUG org.hibernate.orm.results.loading.entity - (EntityResultInitializer) Created new entity instance [org.frcpm.models.Attendance#84] : 726783808
10:24:12.839 [main] DEBUG org.hibernate.orm.results - Extracted JDBC value [3] - [92]
10:24:12.839 [main] DEBUG org.hibernate.orm.results - Extracted JDBC value [4] - [141]
10:24:12.839 [main] DEBUG org.hibernate.orm.results - Extracted JDBC value [1] - [18:00]
10:24:12.839 [main] DEBUG org.hibernate.orm.results - Extracted JDBC value [2] - [20:00]
10:24:12.839 [main] DEBUG org.hibernate.orm.results - Extracted JDBC value [5] - [true]
10:24:12.839 [main] DEBUG org.hibernate.orm.results.loading.entity - (EntityResultInitializer) Done materializing entityInstance : org.frcpm.models.Attendance#84
10:24:12.839 [main] DEBUG org.hibernate.orm.results.loading - Calling top-level assembler (0 / 1) : org.hibernate.sql.results.graph.entity.internal.EntityAssembler@40ff3f2a
10:24:12.839 [main] DEBUG org.hibernate.engine.transaction.internal.TransactionImpl - committing
10:24:12.840 [main] DEBUG org.hibernate.event.internal.AbstractFlushingEventListener - Processing flush-time cascades
10:24:12.840 [main] DEBUG org.hibernate.event.internal.AbstractFlushingEventListener - Dirty checking collections
10:24:12.840 [main] DEBUG org.hibernate.event.internal.AbstractFlushingEventListener - Flushed: 0 insertions, 0 updates, 1 deletions to 1 objects
10:24:12.840 [main] DEBUG org.hibernate.event.internal.AbstractFlushingEventListener - Flushed: 0 (re)creations, 0 updates, 0 removals to 0 collections
10:24:12.840 [main] DEBUG org.hibernate.internal.util.EntityPrinter - Listing entities:
10:24:12.840 [main] DEBUG org.hibernate.internal.util.EntityPrinter - org.frcpm.models.Attendance{departureTime=20:00, arrivalTime=18:00, member=<uninitialized>, id=84, present=true, meeting=<uninitialized>}
10:24:12.840 [main] DEBUG org.hibernate.SQL - delete from attendances where id=?
10:24:12.841 [main] DEBUG org.hibernate.orm.jdbc.batch - PreparedStatementDetails did not contain PreparedStatement on #releaseStatements : delete from attendances where id=?
10:24:12.841 [main] DEBUG org.hibernate.orm.jdbc.batch - PreparedStatementDetails did not contain PreparedStatement on #releaseStatements : delete from attendances where id=?
10:24:12.841 [main] DEBUG org.hibernate.resource.jdbc.internal.LogicalConnectionManagedImpl - Initiating JDBC connection release from afterTransaction
10:24:12.841 [main] DEBUG org.hibernate.orm.jdbc.batch - PreparedStatementDetails did not contain PreparedStatement on #releaseStatements : delete from attendances where id=?
10:24:12.841 [main] DEBUG org.hibernate.orm.jdbc.batch - PreparedStatementDetails did not contain PreparedStatement on #releaseStatements : delete from attendances where id=?
10:24:12.841 [main] DEBUG org.hibernate.resource.jdbc.internal.LogicalConnectionManagedImpl - Initiating JDBC connection release from afterTransaction
10:24:12.841 [main] DEBUG org.hibernate.engine.jdbc.internal.JdbcCoordinatorImpl - HHH000420: Closing un-released batch
10:24:12.841 [main] DEBUG org.hibernate.orm.jdbc.batch - PreparedStatementDetails did not contain PreparedStatement on #releaseStatements : delete from attendances where id=?
10:24:12.841 [main] DEBUG org.hibernate.orm.jdbc.batch - PreparedStatementDetails did not contain PreparedStatement on #releaseStatements : delete from attendances where id=?
10:24:12.841 [main] DEBUG org.hibernate.engine.transaction.internal.TransactionImpl - On TransactionImpl creation, JpaCompliance#isJpaTransactionComplianceEnabled == false
10:24:12.841 [main] DEBUG org.hibernate.engine.transaction.internal.TransactionImpl - begin
10:24:12.841 [main] DEBUG org.hibernate.orm.sql.exec - Skipping reading Query result cache data: cache-enabled = false, cache-mode = IGNORE
10:24:12.841 [main] DEBUG org.hibernate.orm.results - Initializer list:
	  org.frcpm.models.Attendance -> EntityResultInitializer(org.frcpm.models.Attendance)@1788403827 (SingleTableEntityPersister(org.frcpm.models.Attendance))
	  org.frcpm.models.Attendance.meeting -> EntityDelayedFetchInitializer(org.frcpm.models.Attendance.meeting)@1597655148 (ToOneAttributeMapping(NavigableRole[org.frcpm.models.Attendance.meeting])@1191157145)
	  org.frcpm.models.Attendance.member -> EntityDelayedFetchInitializer(org.frcpm.models.Attendance.member)@1692455778 (ToOneAttributeMapping(NavigableRole[org.frcpm.models.Attendance.member])@586719938)

10:24:12.841 [main] DEBUG org.hibernate.SQL - select a1_0.id,a1_0.arrival_time,a1_0.departure_time,a1_0.meeting_id,a1_0.member_id,a1_0.present from attendances a1_0 where a1_0.id=?
10:24:12.842 [main] DEBUG org.hibernate.orm.results.loading.entity - (EntityResultInitializer) Hydrated EntityKey (org.frcpm.models.Attendance): 85
10:24:12.842 [main] DEBUG org.hibernate.orm.results.loading.entity - (EntityResultInitializer) Created new entity instance [org.frcpm.models.Attendance#85] : 728778310
10:24:12.842 [main] DEBUG org.hibernate.orm.results - Extracted JDBC value [3] - [92]
10:24:12.842 [main] DEBUG org.hibernate.orm.results - Extracted JDBC value [4] - [142]
10:24:12.842 [main] DEBUG org.hibernate.orm.results - Extracted JDBC value [1] - [null]
10:24:12.842 [main] DEBUG org.hibernate.orm.results - Extracted JDBC value [2] - [null]
10:24:12.842 [main] DEBUG org.hibernate.orm.results - Extracted JDBC value [5] - [false]
10:24:12.842 [main] DEBUG org.hibernate.orm.results.loading.entity - (EntityResultInitializer) Done materializing entityInstance : org.frcpm.models.Attendance#85
10:24:12.842 [main] DEBUG org.hibernate.orm.results.loading - Calling top-level assembler (0 / 1) : org.hibernate.sql.results.graph.entity.internal.EntityAssembler@4969fb89
10:24:12.842 [main] DEBUG org.hibernate.engine.transaction.internal.TransactionImpl - committing
10:24:12.842 [main] DEBUG org.hibernate.event.internal.AbstractFlushingEventListener - Processing flush-time cascades
10:24:12.842 [main] DEBUG org.hibernate.event.internal.AbstractFlushingEventListener - Dirty checking collections
10:24:12.842 [main] DEBUG org.hibernate.event.internal.AbstractFlushingEventListener - Flushed: 0 insertions, 0 updates, 1 deletions to 1 objects
10:24:12.842 [main] DEBUG org.hibernate.event.internal.AbstractFlushingEventListener - Flushed: 0 (re)creations, 0 updates, 0 removals to 0 collections
10:24:12.842 [main] DEBUG org.hibernate.internal.util.EntityPrinter - Listing entities:
10:24:12.842 [main] DEBUG org.hibernate.internal.util.EntityPrinter - org.frcpm.models.Attendance{departureTime=null, arrivalTime=null, member=<uninitialized>, id=85, present=false, meeting=<uninitialized>}
10:24:12.843 [main] DEBUG org.hibernate.SQL - delete from attendances where id=?
10:24:12.843 [main] DEBUG org.hibernate.orm.jdbc.batch - PreparedStatementDetails did not contain PreparedStatement on #releaseStatements : delete from attendances where id=?
10:24:12.843 [main] DEBUG org.hibernate.orm.jdbc.batch - PreparedStatementDetails did not contain PreparedStatement on #releaseStatements : delete from attendances where id=?
10:24:12.843 [main] DEBUG org.hibernate.resource.jdbc.internal.LogicalConnectionManagedImpl - Initiating JDBC connection release from afterTransaction
10:24:12.843 [main] DEBUG org.hibernate.orm.jdbc.batch - PreparedStatementDetails did not contain PreparedStatement on #releaseStatements : delete from attendances where id=?
10:24:12.843 [main] DEBUG org.hibernate.orm.jdbc.batch - PreparedStatementDetails did not contain PreparedStatement on #releaseStatements : delete from attendances where id=?
10:24:12.843 [main] DEBUG org.hibernate.resource.jdbc.internal.LogicalConnectionManagedImpl - Initiating JDBC connection release from afterTransaction
10:24:12.843 [main] DEBUG org.hibernate.engine.jdbc.internal.JdbcCoordinatorImpl - HHH000420: Closing un-released batch
10:24:12.843 [main] DEBUG org.hibernate.orm.jdbc.batch - PreparedStatementDetails did not contain PreparedStatement on #releaseStatements : delete from attendances where id=?
10:24:12.843 [main] DEBUG org.hibernate.orm.jdbc.batch - PreparedStatementDetails did not contain PreparedStatement on #releaseStatements : delete from attendances where id=?
10:24:12.843 [main] DEBUG org.hibernate.engine.transaction.internal.TransactionImpl - On TransactionImpl creation, JpaCompliance#isJpaTransactionComplianceEnabled == false
10:24:12.843 [main] DEBUG org.hibernate.engine.transaction.internal.TransactionImpl - begin
10:24:12.844 [main] DEBUG org.hibernate.orm.sql.ast.create - Created new SQL alias : m1_0
10:24:12.844 [main] DEBUG org.hibernate.orm.sql.ast.create - Registration of TableGroup [StandardTableGroup(org.frcpm.models.Meeting)] with identifierForTableGroup [org.frcpm.models.Meeting] for NavigablePath [org.frcpm.models.Meeting] 
10:24:12.844 [main] DEBUG org.hibernate.orm.sql.ast.create - Registration of TableGroup [org.hibernate.sql.ast.tree.from.LazyTableGroup@7abd6930] with identifierForTableGroup [org.frcpm.models.Meeting.project] for NavigablePath [org.frcpm.models.Meeting.project] 
10:24:12.844 [main] DEBUG org.hibernate.orm.sql.ast.create - Created new SQL alias : a1_0
10:24:12.844 [main] DEBUG org.hibernate.orm.sql.ast.create - Registration of TableGroup [org.hibernate.sql.ast.tree.from.OneToManyTableGroup@7f67d19a] with identifierForTableGroup [org.frcpm.models.Meeting.attendances] for NavigablePath [org.frcpm.models.Meeting.attendances] 
10:24:12.844 [main] DEBUG org.hibernate.orm.sql.ast.create - Registration of TableGroup [StandardTableGroup(org.frcpm.models.Meeting.attendances.{element})] with identifierForTableGroup [org.frcpm.models.Meeting.attendances.{element}] for NavigablePath [org.frcpm.models.Meeting.attendances.{element}] 
10:24:12.844 [main] DEBUG org.hibernate.orm.sql.ast.create - Registration of TableGroup [org.hibernate.sql.ast.tree.from.LazyTableGroup@1e6bb40b] with identifierForTableGroup [org.frcpm.models.Meeting.attendances.{element}.meeting] for NavigablePath [org.frcpm.models.Meeting.attendances.{element}.meeting] 
10:24:12.844 [main] DEBUG org.hibernate.orm.sql.ast.create - Registration of TableGroup [org.hibernate.sql.ast.tree.from.LazyTableGroup@d3f2b] with identifierForTableGroup [org.frcpm.models.Meeting.attendances.{element}.member] for NavigablePath [org.frcpm.models.Meeting.attendances.{element}.member] 
10:24:12.845 [main] DEBUG org.hibernate.orm.results.graph.AST - DomainResult Graph:
 \-EntityResultImpl [org.frcpm.models.Meeting]
 |  +-EagerCollectionFetch [org.frcpm.models.Meeting.attendances]
 |  |  \-EntityFetchJoinedImpl [org.frcpm.models.Meeting.attendances.{element}]
 |  +-BasicFetch [org.frcpm.models.Meeting.date]
 |  +-BasicFetch [org.frcpm.models.Meeting.endTime]
 |  +-BasicFetch [org.frcpm.models.Meeting.notes]
 |  +-EntityDelayedFetchImpl [org.frcpm.models.Meeting.project]
 |  \-BasicFetch [org.frcpm.models.Meeting.startTime]

10:24:12.845 [main] DEBUG org.hibernate.orm.sql.ast.tree - SQL AST Tree:
    SelectStatement {
      FromClause {
        StandardTableGroup (m1 : org.frcpm.models.Meeting) {
          primaryTableReference : meetings as m1_0
          TableGroupJoins {
            left  join LazyTableGroup (p1 : org.frcpm.models.Meeting.project) {
            }
            left  join OneToManyTableGroup (a1 : org.frcpm.models.Meeting.attendances) {
              primaryTableReference : attendances as a1_0
              TableGroupJoins {
                left  join LazyTableGroup (m2 : org.frcpm.models.Meeting.attendances.{element}.meeting) {
                }
                left  join LazyTableGroup (m3 : org.frcpm.models.Meeting.attendances.{element}.member) {
                }
              }
            }
          }
        }
      }
    }

10:24:12.845 [main] DEBUG org.hibernate.orm.sql.exec - Skipping reading Query result cache data: cache-enabled = false, cache-mode = IGNORE
10:24:12.845 [main] DEBUG org.hibernate.orm.results - Initializer list:
	  org.frcpm.models.Meeting -> EntityResultInitializer(org.frcpm.models.Meeting)@36694642 (SingleTableEntityPersister(org.frcpm.models.Meeting))
	  org.frcpm.models.Meeting.attendances -> BagInitializer(org.frcpm.models.Meeting.attendances)@2022405738 (PluralAttribute(org.frcpm.models.Meeting.attendances))
	  org.frcpm.models.Meeting.attendances.{element}.member -> EntityDelayedFetchInitializer(org.frcpm.models.Meeting.attendances.{element}.member)@286714423 (ToOneAttributeMapping(NavigableRole[org.frcpm.models.Attendance.member])@586719938)
	  org.frcpm.models.Meeting.project -> EntityDelayedFetchInitializer(org.frcpm.models.Meeting.project)@1851998201 (ToOneAttributeMapping(NavigableRole[org.frcpm.models.Meeting.project])@325198909)
	  org.frcpm.models.Meeting.attendances.{element} -> EntityJoinedFetchInitializer(org.frcpm.models.Meeting.attendances.{element})@813246493 (EntityCollectionPart(org.frcpm.models.Meeting.attendances#{element})@379071351)

10:24:12.845 [main] DEBUG org.hibernate.SQL - select m1_0.id,m1_0.date,m1_0.end_time,m1_0.notes,m1_0.project_id,m1_0.start_time,a1_0.meeting_id,a1_0.id,a1_0.arrival_time,a1_0.departure_time,a1_0.member_id,a1_0.present from meetings m1_0 left join attendances a1_0 on m1_0.id=a1_0.meeting_id where m1_0.id=?
10:24:12.846 [main] DEBUG org.hibernate.orm.results.loading.entity - (EntityResultInitializer) Hydrated EntityKey (org.frcpm.models.Meeting): 92
10:24:12.846 [main] DEBUG org.hibernate.orm.results.loading.org.hibernate.orm.results.loading.collection - (BagInitializer) Current row collection key : org.frcpm.models.Meeting.attendances#92
10:24:12.846 [main] DEBUG org.hibernate.orm.results - Extracted JDBC value [6] - [null]
10:24:12.846 [main] DEBUG org.hibernate.orm.results - Extracted JDBC value [7] - [null]
10:24:12.846 [main] DEBUG org.hibernate.orm.results.loading.entity - (EntityJoinedFetchInitializer) EntityKey (org.frcpm.models.Meeting.attendances.{element}) is null
10:24:12.846 [main] DEBUG org.hibernate.orm.results.loading.entity - (EntityResultInitializer) Created new entity instance [org.frcpm.models.Meeting#92] : 443688158
10:24:12.846 [main] DEBUG org.hibernate.orm.results.loading.org.hibernate.orm.results.loading.collection - (BagInitializer) Created new collection wrapper [org.frcpm.models.Meeting.attendances#92] : org.hibernate.collection.spi.PersistentBag@1298560884
10:24:12.846 [main] DEBUG org.hibernate.orm.results.loading.org.hibernate.orm.results.loading.collection - (BagInitializer) Responsible for loading collection [org.frcpm.models.Meeting.attendances#92] : org.hibernate.collection.spi.PersistentBag@1298560884
10:24:12.846 [main] DEBUG org.hibernate.orm.results - Extracted JDBC value [4] - [160]
10:24:12.847 [main] DEBUG org.hibernate.orm.results - Extracted JDBC value [1] - [2025-04-26]
10:24:12.847 [main] DEBUG org.hibernate.orm.results - Extracted JDBC value [2] - [20:00]
10:24:12.847 [main] DEBUG org.hibernate.orm.results - Extracted JDBC value [3] - [null]
10:24:12.847 [main] DEBUG org.hibernate.orm.results - Extracted JDBC value [5] - [18:00]
10:24:12.847 [main] DEBUG org.hibernate.orm.results.loading.entity - (EntityResultInitializer) Done materializing entityInstance : org.frcpm.models.Meeting#92
10:24:12.847 [main] DEBUG org.hibernate.orm.results.loading - Calling top-level assembler (0 / 1) : org.hibernate.sql.results.graph.entity.internal.EntityAssembler@36fb9a60
10:24:12.847 [main] DEBUG org.hibernate.sql.results.internal.ResultsHelper - Collection fully initialized: [org.frcpm.models.Meeting.attendances#92]
10:24:12.847 [main] DEBUG org.hibernate.engine.spi.CollectionEntry - Reset storedSnapshot to [] for CollectionEntry[org.frcpm.models.Meeting.attendances#92]
10:24:12.847 [main] DEBUG org.hibernate.engine.transaction.internal.TransactionImpl - committing
10:24:12.847 [main] DEBUG org.hibernate.event.internal.AbstractFlushingEventListener - Processing flush-time cascades
10:24:12.847 [main] DEBUG org.hibernate.event.internal.AbstractFlushingEventListener - Dirty checking collections
10:24:12.847 [main] DEBUG org.hibernate.engine.internal.Collections - Collection dereferenced: [org.frcpm.models.Meeting.attendances#92]
10:24:12.847 [main] DEBUG org.hibernate.event.internal.AbstractFlushingEventListener - Flushed: 0 insertions, 0 updates, 1 deletions to 1 objects
10:24:12.847 [main] DEBUG org.hibernate.event.internal.AbstractFlushingEventListener - Flushed: 0 (re)creations, 0 updates, 1 removals to 1 collections
10:24:12.847 [main] DEBUG org.hibernate.internal.util.EntityPrinter - Listing entities:
10:24:12.848 [main] DEBUG org.hibernate.internal.util.EntityPrinter - org.frcpm.models.Meeting{date=2025-04-26, notes=null, project=<uninitialized>, startTime=18:00, id=92, endTime=20:00, attendances=[]}
10:24:12.848 [main] DEBUG org.hibernate.SQL - delete from meetings where id=?
10:24:12.849 [main] DEBUG org.hibernate.orm.jdbc.batch - PreparedStatementDetails did not contain PreparedStatement on #releaseStatements : delete from meetings where id=?
10:24:12.849 [main] DEBUG org.hibernate.orm.jdbc.batch - PreparedStatementDetails did not contain PreparedStatement on #releaseStatements : delete from meetings where id=?
10:24:12.849 [main] DEBUG org.hibernate.resource.jdbc.internal.LogicalConnectionManagedImpl - Initiating JDBC connection release from afterTransaction
10:24:12.849 [main] DEBUG org.hibernate.orm.jdbc.batch - PreparedStatementDetails did not contain PreparedStatement on #releaseStatements : delete from meetings where id=?
10:24:12.849 [main] DEBUG org.hibernate.orm.jdbc.batch - PreparedStatementDetails did not contain PreparedStatement on #releaseStatements : delete from meetings where id=?
10:24:12.849 [main] DEBUG org.hibernate.resource.jdbc.internal.LogicalConnectionManagedImpl - Initiating JDBC connection release from afterTransaction
10:24:12.850 [main] DEBUG org.hibernate.engine.jdbc.internal.JdbcCoordinatorImpl - HHH000420: Closing un-released batch
10:24:12.850 [main] DEBUG org.hibernate.orm.jdbc.batch - PreparedStatementDetails did not contain PreparedStatement on #releaseStatements : delete from meetings where id=?
10:24:12.850 [main] DEBUG org.hibernate.orm.jdbc.batch - PreparedStatementDetails did not contain PreparedStatement on #releaseStatements : delete from meetings where id=?
10:24:12.850 [main] DEBUG org.hibernate.engine.transaction.internal.TransactionImpl - On TransactionImpl creation, JpaCompliance#isJpaTransactionComplianceEnabled == false
10:24:12.850 [main] DEBUG org.hibernate.engine.transaction.internal.TransactionImpl - begin
10:24:12.850 [main] DEBUG org.hibernate.orm.sql.ast.create - Created new SQL alias : tm1_0
10:24:12.850 [main] DEBUG org.hibernate.orm.sql.ast.create - Registration of TableGroup [StandardTableGroup(org.frcpm.models.TeamMember)] with identifierForTableGroup [org.frcpm.models.TeamMember] for NavigablePath [org.frcpm.models.TeamMember] 
10:24:12.850 [main] DEBUG org.hibernate.orm.sql.ast.create - Created new SQL alias : a1_0
10:24:12.850 [main] DEBUG org.hibernate.orm.sql.ast.create - Registration of TableGroup [org.hibernate.sql.ast.tree.from.OneToManyTableGroup@4868445f] with identifierForTableGroup [org.frcpm.models.TeamMember.attendances] for NavigablePath [org.frcpm.models.TeamMember.attendances] 
10:24:12.850 [main] DEBUG org.hibernate.orm.sql.ast.create - Registration of TableGroup [StandardTableGroup(org.frcpm.models.TeamMember.attendances.{element})] with identifierForTableGroup [org.frcpm.models.TeamMember.attendances.{element}] for NavigablePath [org.frcpm.models.TeamMember.attendances.{element}] 
10:24:12.850 [main] DEBUG org.hibernate.orm.sql.ast.create - Registration of TableGroup [org.hibernate.sql.ast.tree.from.LazyTableGroup@364b57f1] with identifierForTableGroup [org.frcpm.models.TeamMember.attendances.{element}.meeting] for NavigablePath [org.frcpm.models.TeamMember.attendances.{element}.meeting] 
10:24:12.850 [main] DEBUG org.hibernate.orm.sql.ast.create - Registration of TableGroup [org.hibernate.sql.ast.tree.from.LazyTableGroup@2122eab4] with identifierForTableGroup [org.frcpm.models.TeamMember.attendances.{element}.member] for NavigablePath [org.frcpm.models.TeamMember.attendances.{element}.member] 
10:24:12.850 [main] DEBUG org.hibernate.orm.sql.ast.create - Registration of TableGroup [org.hibernate.sql.ast.tree.from.LazyTableGroup@477a2621] with identifierForTableGroup [org.frcpm.models.TeamMember.subteam] for NavigablePath [org.frcpm.models.TeamMember.subteam] 
10:24:12.851 [main] DEBUG org.hibernate.orm.results.graph.AST - DomainResult Graph:
 \-EntityResultImpl [org.frcpm.models.TeamMember]
 |  +-DelayedCollectionFetch [org.frcpm.models.TeamMember.assignedTasks]
 |  +-EagerCollectionFetch [org.frcpm.models.TeamMember.attendances]
 |  |  \-EntityFetchJoinedImpl [org.frcpm.models.TeamMember.attendances.{element}]
 |  +-BasicFetch [org.frcpm.models.TeamMember.email]
 |  +-BasicFetch [org.frcpm.models.TeamMember.firstName]
 |  +-BasicFetch [org.frcpm.models.TeamMember.lastName]
 |  +-BasicFetch [org.frcpm.models.TeamMember.leader]
 |  +-BasicFetch [org.frcpm.models.TeamMember.phone]
 |  +-BasicFetch [org.frcpm.models.TeamMember.skills]
 |  +-EntityDelayedFetchImpl [org.frcpm.models.TeamMember.subteam]
 |  \-BasicFetch [org.frcpm.models.TeamMember.username]

10:24:12.851 [main] DEBUG org.hibernate.orm.sql.ast.tree - SQL AST Tree:
    SelectStatement {
      FromClause {
        StandardTableGroup (tm1 : org.frcpm.models.TeamMember) {
          primaryTableReference : team_members as tm1_0
          TableGroupJoins {
            left  join OneToManyTableGroup (a1 : org.frcpm.models.TeamMember.attendances) {
              primaryTableReference : attendances as a1_0
              TableGroupJoins {
                left  join LazyTableGroup (m1 : org.frcpm.models.TeamMember.attendances.{element}.meeting) {
                }
                left  join LazyTableGroup (m2 : org.frcpm.models.TeamMember.attendances.{element}.member) {
                }
              }
            }
            left  join LazyTableGroup (s1 : org.frcpm.models.TeamMember.subteam) {
            }
          }
        }
      }
    }

10:24:12.851 [main] DEBUG org.hibernate.orm.sql.exec - Skipping reading Query result cache data: cache-enabled = false, cache-mode = IGNORE
10:24:12.851 [main] DEBUG org.hibernate.orm.results - Initializer list:
	  org.frcpm.models.TeamMember.subteam -> EntityDelayedFetchInitializer(org.frcpm.models.TeamMember.subteam)@1656749454 (ToOneAttributeMapping(NavigableRole[org.frcpm.models.TeamMember.subteam])@1495650362)
	  org.frcpm.models.TeamMember.attendances.{element} -> EntityJoinedFetchInitializer(org.frcpm.models.TeamMember.attendances.{element})@1341697553 (EntityCollectionPart(org.frcpm.models.TeamMember.attendances#{element})@1836301347)
	  org.frcpm.models.TeamMember.assignedTasks -> DelayedCollectionInitializer(org.frcpm.models.TeamMember.assignedTasks)@1883078542 (PluralAttribute(org.frcpm.models.TeamMember.assignedTasks))
	  org.frcpm.models.TeamMember.attendances.{element}.meeting -> EntityDelayedFetchInitializer(org.frcpm.models.TeamMember.attendances.{element}.meeting)@124700083 (ToOneAttributeMapping(NavigableRole[org.frcpm.models.Attendance.meeting])@1191157145)
	  org.frcpm.models.TeamMember -> EntityResultInitializer(org.frcpm.models.TeamMember)@225209193 (SingleTableEntityPersister(org.frcpm.models.TeamMember))
	  org.frcpm.models.TeamMember.attendances -> SetInitializer(org.frcpm.models.TeamMember.attendances)@2106477635 (PluralAttribute(org.frcpm.models.TeamMember.attendances))

10:24:12.851 [main] DEBUG org.hibernate.SQL - select tm1_0.id,a1_0.member_id,a1_0.id,a1_0.arrival_time,a1_0.departure_time,a1_0.meeting_id,a1_0.present,tm1_0.email,tm1_0.first_name,tm1_0.last_name,tm1_0.is_leader,tm1_0.phone,tm1_0.skills,tm1_0.subteam_id,tm1_0.username from team_members tm1_0 left join attendances a1_0 on tm1_0.id=a1_0.member_id where tm1_0.id=?
10:24:12.851 [main] DEBUG org.hibernate.orm.results.loading.entity - (EntityResultInitializer) Hydrated EntityKey (org.frcpm.models.TeamMember): 141
10:24:12.851 [main] DEBUG org.hibernate.orm.results.loading.org.hibernate.orm.results.loading.collection - (SetInitializer) Current row collection key : org.frcpm.models.TeamMember.attendances#141
10:24:12.851 [main] DEBUG org.hibernate.orm.results - Extracted JDBC value [1] - [null]
10:24:12.851 [main] DEBUG org.hibernate.orm.results - Extracted JDBC value [2] - [null]
10:24:12.851 [main] DEBUG org.hibernate.orm.results.loading.entity - (EntityJoinedFetchInitializer) EntityKey (org.frcpm.models.TeamMember.attendances.{element}) is null
10:24:12.851 [main] DEBUG org.hibernate.orm.results.loading.org.hibernate.orm.results.loading.collection - (DelayedCollectionInitializer) Current row collection key : org.frcpm.models.TeamMember.assignedTasks#141
10:24:12.851 [main] DEBUG org.hibernate.orm.results.loading.entity - (EntityResultInitializer) Created new entity instance [org.frcpm.models.TeamMember#141] : 2042599921
10:24:12.851 [main] DEBUG org.hibernate.orm.results.loading.org.hibernate.orm.results.loading.collection - (SetInitializer) Created new collection wrapper [org.frcpm.models.TeamMember.attendances#141] : org.hibernate.collection.spi.PersistentSet@874613372
10:24:12.851 [main] DEBUG org.hibernate.orm.results.loading.org.hibernate.orm.results.loading.collection - (SetInitializer) Responsible for loading collection [org.frcpm.models.TeamMember.attendances#141] : org.hibernate.collection.spi.PersistentSet@874613372
10:24:12.851 [main] DEBUG org.hibernate.orm.results - Extracted JDBC value [13] - [null]
10:24:12.851 [main] DEBUG org.hibernate.orm.results - Extracted JDBC value [7] - [attendance1@example.com]
10:24:12.851 [main] DEBUG org.hibernate.orm.results - Extracted JDBC value [8] - [Attendance]
10:24:12.851 [main] DEBUG org.hibernate.orm.results - Extracted JDBC value [9] - [Test1]
10:24:12.851 [main] DEBUG org.hibernate.orm.results - Extracted JDBC value [10] - [false]
10:24:12.851 [main] DEBUG org.hibernate.orm.results - Extracted JDBC value [11] - [null]
10:24:12.851 [main] DEBUG org.hibernate.orm.results - Extracted JDBC value [12] - [null]
10:24:12.851 [main] DEBUG org.hibernate.orm.results - Extracted JDBC value [14] - [attendancetest1]
10:24:12.851 [main] DEBUG org.hibernate.orm.results.loading.entity - (EntityResultInitializer) Done materializing entityInstance : org.frcpm.models.TeamMember#141
10:24:12.851 [main] DEBUG org.hibernate.orm.results.loading - Calling top-level assembler (0 / 1) : org.hibernate.sql.results.graph.entity.internal.EntityAssembler@171e2788
10:24:12.851 [main] DEBUG org.hibernate.sql.results.internal.ResultsHelper - Collection fully initialized: [org.frcpm.models.TeamMember.attendances#141]
10:24:12.852 [main] DEBUG org.hibernate.engine.spi.CollectionEntry - Reset storedSnapshot to {} for CollectionEntry[org.frcpm.models.TeamMember.assignedTasks#141]
10:24:12.852 [main] DEBUG org.hibernate.engine.spi.CollectionEntry - Reset storedSnapshot to {} for CollectionEntry[org.frcpm.models.TeamMember.attendances#141]
10:24:12.852 [main] DEBUG org.hibernate.engine.transaction.internal.TransactionImpl - committing
10:24:12.852 [main] DEBUG org.hibernate.event.internal.AbstractFlushingEventListener - Processing flush-time cascades
10:24:12.852 [main] DEBUG org.hibernate.event.internal.AbstractFlushingEventListener - Dirty checking collections
10:24:12.852 [main] DEBUG org.hibernate.engine.internal.Collections - Collection dereferenced: [org.frcpm.models.TeamMember.assignedTasks#141]
10:24:12.852 [main] DEBUG org.hibernate.engine.internal.Collections - Collection dereferenced: [org.frcpm.models.TeamMember.attendances#141]
10:24:12.852 [main] DEBUG org.hibernate.event.internal.AbstractFlushingEventListener - Flushed: 0 insertions, 0 updates, 1 deletions to 1 objects
10:24:12.852 [main] DEBUG org.hibernate.event.internal.AbstractFlushingEventListener - Flushed: 0 (re)creations, 0 updates, 2 removals to 2 collections
10:24:12.852 [main] DEBUG org.hibernate.internal.util.EntityPrinter - Listing entities:
10:24:12.852 [main] DEBUG org.hibernate.internal.util.EntityPrinter - org.frcpm.models.TeamMember{skills=null, firstName=Attendance, lastName=Test1, leader=false, subteam=null, phone=null, id=141, attendances=[], email=attendance1@example.com, assignedTasks=<uninitialized>, username=attendancetest1}
10:24:12.852 [main] DEBUG org.hibernate.SQL - delete from team_members where id=?
10:24:12.853 [main] DEBUG org.hibernate.orm.jdbc.batch - PreparedStatementDetails did not contain PreparedStatement on #releaseStatements : delete from team_members where id=?
10:24:12.853 [main] DEBUG org.hibernate.orm.jdbc.batch - PreparedStatementDetails did not contain PreparedStatement on #releaseStatements : delete from team_members where id=?
10:24:12.853 [main] DEBUG org.hibernate.resource.jdbc.internal.LogicalConnectionManagedImpl - Initiating JDBC connection release from afterTransaction
10:24:12.853 [main] DEBUG org.hibernate.orm.jdbc.batch - PreparedStatementDetails did not contain PreparedStatement on #releaseStatements : delete from team_members where id=?
10:24:12.853 [main] DEBUG org.hibernate.orm.jdbc.batch - PreparedStatementDetails did not contain PreparedStatement on #releaseStatements : delete from team_members where id=?
10:24:12.853 [main] DEBUG org.hibernate.resource.jdbc.internal.LogicalConnectionManagedImpl - Initiating JDBC connection release from afterTransaction
10:24:12.853 [main] DEBUG org.hibernate.engine.jdbc.internal.JdbcCoordinatorImpl - HHH000420: Closing un-released batch
10:24:12.853 [main] DEBUG org.hibernate.orm.jdbc.batch - PreparedStatementDetails did not contain PreparedStatement on #releaseStatements : delete from team_members where id=?
10:24:12.853 [main] DEBUG org.hibernate.orm.jdbc.batch - PreparedStatementDetails did not contain PreparedStatement on #releaseStatements : delete from team_members where id=?
10:24:12.853 [main] DEBUG org.hibernate.engine.transaction.internal.TransactionImpl - On TransactionImpl creation, JpaCompliance#isJpaTransactionComplianceEnabled == false
10:24:12.853 [main] DEBUG org.hibernate.engine.transaction.internal.TransactionImpl - begin
10:24:12.853 [main] DEBUG org.hibernate.orm.sql.exec - Skipping reading Query result cache data: cache-enabled = false, cache-mode = IGNORE
10:24:12.853 [main] DEBUG org.hibernate.orm.results - Initializer list:
	  org.frcpm.models.TeamMember.subteam -> EntityDelayedFetchInitializer(org.frcpm.models.TeamMember.subteam)@89545377 (ToOneAttributeMapping(NavigableRole[org.frcpm.models.TeamMember.subteam])@1495650362)
	  org.frcpm.models.TeamMember.attendances.{element} -> EntityJoinedFetchInitializer(org.frcpm.models.TeamMember.attendances.{element})@1033654813 (EntityCollectionPart(org.frcpm.models.TeamMember.attendances#{element})@1836301347)
	  org.frcpm.models.TeamMember.assignedTasks -> DelayedCollectionInitializer(org.frcpm.models.TeamMember.assignedTasks)@1532497985 (PluralAttribute(org.frcpm.models.TeamMember.assignedTasks))
	  org.frcpm.models.TeamMember.attendances.{element}.meeting -> EntityDelayedFetchInitializer(org.frcpm.models.TeamMember.attendances.{element}.meeting)@325048509 (ToOneAttributeMapping(NavigableRole[org.frcpm.models.Attendance.meeting])@1191157145)
	  org.frcpm.models.TeamMember -> EntityResultInitializer(org.frcpm.models.TeamMember)@619383589 (SingleTableEntityPersister(org.frcpm.models.TeamMember))
	  org.frcpm.models.TeamMember.attendances -> SetInitializer(org.frcpm.models.TeamMember.attendances)@2067314975 (PluralAttribute(org.frcpm.models.TeamMember.attendances))

10:24:12.853 [main] DEBUG org.hibernate.SQL - select tm1_0.id,a1_0.member_id,a1_0.id,a1_0.arrival_time,a1_0.departure_time,a1_0.meeting_id,a1_0.present,tm1_0.email,tm1_0.first_name,tm1_0.last_name,tm1_0.is_leader,tm1_0.phone,tm1_0.skills,tm1_0.subteam_id,tm1_0.username from team_members tm1_0 left join attendances a1_0 on tm1_0.id=a1_0.member_id where tm1_0.id=?
10:24:12.853 [main] DEBUG org.hibernate.orm.results.loading.entity - (EntityResultInitializer) Hydrated EntityKey (org.frcpm.models.TeamMember): 142
10:24:12.853 [main] DEBUG org.hibernate.orm.results.loading.org.hibernate.orm.results.loading.collection - (SetInitializer) Current row collection key : org.frcpm.models.TeamMember.attendances#142
10:24:12.853 [main] DEBUG org.hibernate.orm.results - Extracted JDBC value [1] - [null]
10:24:12.853 [main] DEBUG org.hibernate.orm.results - Extracted JDBC value [2] - [null]
10:24:12.853 [main] DEBUG org.hibernate.orm.results.loading.entity - (EntityJoinedFetchInitializer) EntityKey (org.frcpm.models.TeamMember.attendances.{element}) is null
10:24:12.853 [main] DEBUG org.hibernate.orm.results.loading.org.hibernate.orm.results.loading.collection - (DelayedCollectionInitializer) Current row collection key : org.frcpm.models.TeamMember.assignedTasks#142
10:24:12.853 [main] DEBUG org.hibernate.orm.results.loading.entity - (EntityResultInitializer) Created new entity instance [org.frcpm.models.TeamMember#142] : 1900036612
10:24:12.854 [main] DEBUG org.hibernate.orm.results.loading.org.hibernate.orm.results.loading.collection - (SetInitializer) Created new collection wrapper [org.frcpm.models.TeamMember.attendances#142] : org.hibernate.collection.spi.PersistentSet@1685930190
10:24:12.854 [main] DEBUG org.hibernate.orm.results.loading.org.hibernate.orm.results.loading.collection - (SetInitializer) Responsible for loading collection [org.frcpm.models.TeamMember.attendances#142] : org.hibernate.collection.spi.PersistentSet@1685930190
10:24:12.854 [main] DEBUG org.hibernate.orm.results - Extracted JDBC value [13] - [null]
10:24:12.854 [main] DEBUG org.hibernate.orm.results - Extracted JDBC value [7] - [attendance2@example.com]
10:24:12.854 [main] DEBUG org.hibernate.orm.results - Extracted JDBC value [8] - [Attendance]
10:24:12.854 [main] DEBUG org.hibernate.orm.results - Extracted JDBC value [9] - [Test2]
10:24:12.854 [main] DEBUG org.hibernate.orm.results - Extracted JDBC value [10] - [false]
10:24:12.854 [main] DEBUG org.hibernate.orm.results - Extracted JDBC value [11] - [null]
10:24:12.854 [main] DEBUG org.hibernate.orm.results - Extracted JDBC value [12] - [null]
10:24:12.854 [main] DEBUG org.hibernate.orm.results - Extracted JDBC value [14] - [attendancetest2]
10:24:12.854 [main] DEBUG org.hibernate.orm.results.loading.entity - (EntityResultInitializer) Done materializing entityInstance : org.frcpm.models.TeamMember#142
10:24:12.854 [main] DEBUG org.hibernate.orm.results.loading - Calling top-level assembler (0 / 1) : org.hibernate.sql.results.graph.entity.internal.EntityAssembler@1f1d1db8
10:24:12.854 [main] DEBUG org.hibernate.sql.results.internal.ResultsHelper - Collection fully initialized: [org.frcpm.models.TeamMember.attendances#142]
10:24:12.854 [main] DEBUG org.hibernate.engine.spi.CollectionEntry - Reset storedSnapshot to {} for CollectionEntry[org.frcpm.models.TeamMember.assignedTasks#142]
10:24:12.854 [main] DEBUG org.hibernate.engine.spi.CollectionEntry - Reset storedSnapshot to {} for CollectionEntry[org.frcpm.models.TeamMember.attendances#142]
10:24:12.854 [main] DEBUG org.hibernate.engine.transaction.internal.TransactionImpl - committing
10:24:12.854 [main] DEBUG org.hibernate.event.internal.AbstractFlushingEventListener - Processing flush-time cascades
10:24:12.854 [main] DEBUG org.hibernate.event.internal.AbstractFlushingEventListener - Dirty checking collections
10:24:12.854 [main] DEBUG org.hibernate.engine.internal.Collections - Collection dereferenced: [org.frcpm.models.TeamMember.assignedTasks#142]
10:24:12.854 [main] DEBUG org.hibernate.engine.internal.Collections - Collection dereferenced: [org.frcpm.models.TeamMember.attendances#142]
10:24:12.854 [main] DEBUG org.hibernate.event.internal.AbstractFlushingEventListener - Flushed: 0 insertions, 0 updates, 1 deletions to 1 objects
10:24:12.854 [main] DEBUG org.hibernate.event.internal.AbstractFlushingEventListener - Flushed: 0 (re)creations, 0 updates, 2 removals to 2 collections
10:24:12.854 [main] DEBUG org.hibernate.internal.util.EntityPrinter - Listing entities:
10:24:12.854 [main] DEBUG org.hibernate.internal.util.EntityPrinter - org.frcpm.models.TeamMember{skills=null, firstName=Attendance, lastName=Test2, leader=false, subteam=null, phone=null, id=142, attendances=[], email=attendance2@example.com, assignedTasks=<uninitialized>, username=attendancetest2}
10:24:12.854 [main] DEBUG org.hibernate.SQL - delete from team_members where id=?
10:24:12.855 [main] DEBUG org.hibernate.orm.jdbc.batch - PreparedStatementDetails did not contain PreparedStatement on #releaseStatements : delete from team_members where id=?
10:24:12.855 [main] DEBUG org.hibernate.orm.jdbc.batch - PreparedStatementDetails did not contain PreparedStatement on #releaseStatements : delete from team_members where id=?
10:24:12.855 [main] DEBUG org.hibernate.resource.jdbc.internal.LogicalConnectionManagedImpl - Initiating JDBC connection release from afterTransaction
10:24:12.855 [main] DEBUG org.hibernate.orm.jdbc.batch - PreparedStatementDetails did not contain PreparedStatement on #releaseStatements : delete from team_members where id=?
10:24:12.855 [main] DEBUG org.hibernate.orm.jdbc.batch - PreparedStatementDetails did not contain PreparedStatement on #releaseStatements : delete from team_members where id=?
10:24:12.855 [main] DEBUG org.hibernate.resource.jdbc.internal.LogicalConnectionManagedImpl - Initiating JDBC connection release from afterTransaction
10:24:12.855 [main] DEBUG org.hibernate.engine.jdbc.internal.JdbcCoordinatorImpl - HHH000420: Closing un-released batch
10:24:12.855 [main] DEBUG org.hibernate.orm.jdbc.batch - PreparedStatementDetails did not contain PreparedStatement on #releaseStatements : delete from team_members where id=?
10:24:12.855 [main] DEBUG org.hibernate.orm.jdbc.batch - PreparedStatementDetails did not contain PreparedStatement on #releaseStatements : delete from team_members where id=?
10:24:12.855 [main] DEBUG org.hibernate.engine.transaction.internal.TransactionImpl - On TransactionImpl creation, JpaCompliance#isJpaTransactionComplianceEnabled == false
10:24:12.855 [main] DEBUG org.hibernate.engine.transaction.internal.TransactionImpl - begin
10:24:12.855 [main] DEBUG org.hibernate.orm.sql.ast.create - Created new SQL alias : p1_0
10:24:12.855 [main] DEBUG org.hibernate.orm.sql.ast.create - Registration of TableGroup [StandardTableGroup(org.frcpm.models.Project)] with identifierForTableGroup [org.frcpm.models.Project] for NavigablePath [org.frcpm.models.Project] 
10:24:12.855 [main] DEBUG org.hibernate.orm.sql.ast.create - Created new SQL alias : m1_0
10:24:12.855 [main] DEBUG org.hibernate.orm.sql.ast.create - Registration of TableGroup [org.hibernate.sql.ast.tree.from.OneToManyTableGroup@546329a5] with identifierForTableGroup [org.frcpm.models.Project.meetings] for NavigablePath [org.frcpm.models.Project.meetings] 
10:24:12.855 [main] DEBUG org.hibernate.orm.sql.ast.create - Registration of TableGroup [StandardTableGroup(org.frcpm.models.Project.meetings.{element})] with identifierForTableGroup [org.frcpm.models.Project.meetings.{element}] for NavigablePath [org.frcpm.models.Project.meetings.{element}] 
10:24:12.855 [main] DEBUG org.hibernate.orm.sql.ast.create - Registration of TableGroup [org.hibernate.sql.ast.tree.from.LazyTableGroup@5a9668d7] with identifierForTableGroup [org.frcpm.models.Project.meetings.{element}.project] for NavigablePath [org.frcpm.models.Project.meetings.{element}.project] 
10:24:12.856 [main] DEBUG org.hibernate.orm.results.graph.AST - DomainResult Graph:
 \-EntityResultImpl [org.frcpm.models.Project]
 |  +-BasicFetch [org.frcpm.models.Project.description]
 |  +-BasicFetch [org.frcpm.models.Project.goalEndDate]
 |  +-BasicFetch [org.frcpm.models.Project.hardDeadline]
 |  +-EagerCollectionFetch [org.frcpm.models.Project.meetings]
 |  |  \-EntityFetchJoinedImpl [org.frcpm.models.Project.meetings.{element}]
 |  +-SelectEagerCollectionFetch [org.frcpm.models.Project.milestones]
 |  +-BasicFetch [org.frcpm.models.Project.name]
 |  +-BasicFetch [org.frcpm.models.Project.startDate]
 |  \-SelectEagerCollectionFetch [org.frcpm.models.Project.tasks]

10:24:12.856 [main] DEBUG org.hibernate.orm.sql.ast.tree - SQL AST Tree:
    SelectStatement {
      FromClause {
        StandardTableGroup (p1 : org.frcpm.models.Project) {
          primaryTableReference : projects as p1_0
          TableGroupJoins {
            left  join OneToManyTableGroup (m1 : org.frcpm.models.Project.meetings) {
              primaryTableReference : meetings as m1_0
              TableGroupJoins {
                left  join LazyTableGroup (p2 : org.frcpm.models.Project.meetings.{element}.project) {
                }
              }
            }
          }
        }
      }
    }

10:24:12.856 [main] DEBUG org.hibernate.orm.sql.exec - Skipping reading Query result cache data: cache-enabled = false, cache-mode = IGNORE
10:24:12.856 [main] DEBUG org.hibernate.orm.results - Initializer list:
	  org.frcpm.models.Project.meetings -> BagInitializer(org.frcpm.models.Project.meetings)@810795179 (PluralAttribute(org.frcpm.models.Project.meetings))
	  org.frcpm.models.Project.tasks -> SelectEagerCollectionInitializer(org.frcpm.models.Project.tasks)@2100361477 (PluralAttribute(org.frcpm.models.Project.tasks))
	  org.frcpm.models.Project.meetings.{element} -> EntityJoinedFetchInitializer(org.frcpm.models.Project.meetings.{element})@344581796 (EntityCollectionPart(org.frcpm.models.Project.meetings#{element})@860408971)
	  org.frcpm.models.Project.meetings.{element}.attendances -> SelectEagerCollectionInitializer(org.frcpm.models.Project.meetings.{element}.attendances)@489686225 (PluralAttribute(org.frcpm.models.Meeting.attendances))
	  org.frcpm.models.Project -> EntityResultInitializer(org.frcpm.models.Project)@1739730595 (SingleTableEntityPersister(org.frcpm.models.Project))
	  org.frcpm.models.Project.milestones -> SelectEagerCollectionInitializer(org.frcpm.models.Project.milestones)@1020614711 (PluralAttribute(org.frcpm.models.Project.milestones))

10:24:12.856 [main] DEBUG org.hibernate.SQL - select p1_0.id,p1_0.description,p1_0.goal_end_date,p1_0.hard_deadline,p1_0.name,p1_0.start_date,m1_0.project_id,m1_0.id,m1_0.date,m1_0.end_time,m1_0.notes,m1_0.start_time from projects p1_0 left join meetings m1_0 on p1_0.id=m1_0.project_id where p1_0.id=?
10:24:12.856 [main] DEBUG org.hibernate.orm.results.loading.entity - (EntityResultInitializer) Hydrated EntityKey (org.frcpm.models.Project): 160
10:24:12.856 [main] DEBUG org.hibernate.orm.results.loading.org.hibernate.orm.results.loading.collection - (BagInitializer) Current row collection key : org.frcpm.models.Project.meetings#160
10:24:12.856 [main] DEBUG org.hibernate.orm.results - Extracted JDBC value [6] - [null]
10:24:12.856 [main] DEBUG org.hibernate.orm.results - Extracted JDBC value [7] - [null]
10:24:12.856 [main] DEBUG org.hibernate.orm.results.loading.entity - (EntityJoinedFetchInitializer) EntityKey (org.frcpm.models.Project.meetings.{element}) is null
10:24:12.856 [main] DEBUG org.hibernate.orm.results.loading.org.hibernate.orm.results.loading.collection - (SelectEagerCollectionInitializer) Current row collection key : org.frcpm.models.Project.milestones#160
10:24:12.856 [main] DEBUG org.hibernate.orm.results.loading.org.hibernate.orm.results.loading.collection - (SelectEagerCollectionInitializer) Current row collection key : org.frcpm.models.Project.tasks#160
10:24:12.856 [main] DEBUG org.hibernate.orm.results.loading.entity - (EntityResultInitializer) Created new entity instance [org.frcpm.models.Project#160] : 574001099
10:24:12.856 [main] DEBUG org.hibernate.orm.results.loading.org.hibernate.orm.results.loading.collection - (BagInitializer) Created new collection wrapper [org.frcpm.models.Project.meetings#160] : org.hibernate.collection.spi.PersistentBag@875851610
10:24:12.856 [main] DEBUG org.hibernate.orm.results.loading.org.hibernate.orm.results.loading.collection - (BagInitializer) Responsible for loading collection [org.frcpm.models.Project.meetings#160] : org.hibernate.collection.spi.PersistentBag@875851610
10:24:12.856 [main] DEBUG org.hibernate.orm.results - Extracted JDBC value [1] - [null]
10:24:12.856 [main] DEBUG org.hibernate.orm.results - Extracted JDBC value [2] - [2025-06-06]
10:24:12.856 [main] DEBUG org.hibernate.orm.results - Extracted JDBC value [3] - [2025-06-20]
10:24:12.856 [main] DEBUG org.hibernate.orm.results - Extracted JDBC value [4] - [Test Attendance Project]
10:24:12.856 [main] DEBUG org.hibernate.orm.results - Extracted JDBC value [5] - [2025-04-25]
10:24:12.857 [main] DEBUG org.hibernate.orm.results.loading.entity - (EntityResultInitializer) Done materializing entityInstance : org.frcpm.models.Project#160
10:24:12.857 [main] DEBUG org.hibernate.orm.results.loading - Calling top-level assembler (0 / 1) : org.hibernate.sql.results.graph.entity.internal.EntityAssembler@633b98b6
10:24:12.857 [main] DEBUG org.hibernate.sql.results.internal.ResultsHelper - Collection fully initialized: [org.frcpm.models.Project.meetings#160]
10:24:12.857 [main] DEBUG org.hibernate.orm.sql.exec - Skipping reading Query result cache data: cache-enabled = false, cache-mode = IGNORE
10:24:12.857 [main] DEBUG org.hibernate.orm.results - Initializer list:
	  org.frcpm.models.Project.tasks.{element}.assignedTo -> DelayedCollectionInitializer(org.frcpm.models.Project.tasks.{element}.assignedTo)@1952605492 (PluralAttribute(org.frcpm.models.Task.assignedTo))
	  org.frcpm.models.Project.tasks.{element}.postDependencies -> DelayedCollectionInitializer(org.frcpm.models.Project.tasks.{element}.postDependencies)@938663894 (PluralAttribute(org.frcpm.models.Task.postDependencies))
	  org.frcpm.models.Project.tasks.{element} -> EntityJoinedFetchInitializer(org.frcpm.models.Project.tasks.{element})@1786957079 (EntityCollectionPart(org.frcpm.models.Project.tasks#{element})@1438848729)
	  org.frcpm.models.Project.tasks.{element}.requiredComponents -> DelayedCollectionInitializer(org.frcpm.models.Project.tasks.{element}.requiredComponents)@854557328 (PluralAttribute(org.frcpm.models.Task.requiredComponents))
	  org.frcpm.models.Project.tasks.{element}.project -> EntityDelayedFetchInitializer(org.frcpm.models.Project.tasks.{element}.project)@323155828 (ToOneAttributeMapping(NavigableRole[org.frcpm.models.Task.project])@1876191870)
	  org.frcpm.models.Project.tasks.{element}.subsystem -> EntityDelayedFetchInitializer(org.frcpm.models.Project.tasks.{element}.subsystem)@577555587 (ToOneAttributeMapping(NavigableRole[org.frcpm.models.Task.subsystem])@1817780572)
	  org.frcpm.models.Project.tasks.{element}.preDependencies -> DelayedCollectionInitializer(org.frcpm.models.Project.tasks.{element}.preDependencies)@1755611892 (PluralAttribute(org.frcpm.models.Task.preDependencies))
	  org.frcpm.models.Project.tasks -> BagInitializer(org.frcpm.models.Project.tasks)@619680260 (PluralAttribute(org.frcpm.models.Project.tasks))

10:24:12.857 [main] DEBUG org.hibernate.SQL - select t1_0.project_id,t1_0.id,t1_0.actual_duration_seconds,t1_0.completed,t1_0.description,t1_0.end_date,t1_0.estimated_duration_seconds,t1_0.priority,t1_0.progress,t1_0.start_date,t1_0.subsystem_id,t1_0.title from tasks t1_0 where t1_0.project_id=?
10:24:12.857 [main] DEBUG org.hibernate.sql.results.internal.ResultsHelper - Collection fully initialized: [org.frcpm.models.Project.tasks#160]
10:24:12.857 [main] DEBUG org.hibernate.orm.sql.exec - Skipping reading Query result cache data: cache-enabled = false, cache-mode = IGNORE
10:24:12.857 [main] DEBUG org.hibernate.orm.results - Initializer list:
	  org.frcpm.models.Project.milestones.{element}.project -> EntityDelayedFetchInitializer(org.frcpm.models.Project.milestones.{element}.project)@153767227 (ToOneAttributeMapping(NavigableRole[org.frcpm.models.Milestone.project])@1368232360)
	  org.frcpm.models.Project.milestones.{element} -> EntityJoinedFetchInitializer(org.frcpm.models.Project.milestones.{element})@721568893 (EntityCollectionPart(org.frcpm.models.Project.milestones#{element})@1084148278)
	  org.frcpm.models.Project.milestones -> BagInitializer(org.frcpm.models.Project.milestones)@453383307 (PluralAttribute(org.frcpm.models.Project.milestones))

10:24:12.857 [main] DEBUG org.hibernate.SQL - select m1_0.project_id,m1_0.id,m1_0.date,m1_0.description,m1_0.name from milestones m1_0 where m1_0.project_id=?
10:24:12.857 [main] DEBUG org.hibernate.sql.results.internal.ResultsHelper - Collection fully initialized: [org.frcpm.models.Project.milestones#160]
10:24:12.858 [main] DEBUG org.hibernate.engine.spi.CollectionEntry - Reset storedSnapshot to [] for CollectionEntry[org.frcpm.models.Project.meetings#160]
10:24:12.858 [main] DEBUG org.hibernate.engine.spi.CollectionEntry - Reset storedSnapshot to [] for CollectionEntry[org.frcpm.models.Project.milestones#160]
10:24:12.858 [main] DEBUG org.hibernate.engine.spi.CollectionEntry - Reset storedSnapshot to [] for CollectionEntry[org.frcpm.models.Project.tasks#160]
10:24:12.858 [main] DEBUG org.hibernate.engine.transaction.internal.TransactionImpl - committing
10:24:12.858 [main] DEBUG org.hibernate.event.internal.AbstractFlushingEventListener - Processing flush-time cascades
10:24:12.858 [main] DEBUG org.hibernate.event.internal.AbstractFlushingEventListener - Dirty checking collections
10:24:12.858 [main] DEBUG org.hibernate.engine.internal.Collections - Collection dereferenced: [org.frcpm.models.Project.meetings#160]
10:24:12.858 [main] DEBUG org.hibernate.engine.internal.Collections - Collection dereferenced: [org.frcpm.models.Project.milestones#160]
10:24:12.858 [main] DEBUG org.hibernate.engine.internal.Collections - Collection dereferenced: [org.frcpm.models.Project.tasks#160]
10:24:12.858 [main] DEBUG org.hibernate.event.internal.AbstractFlushingEventListener - Flushed: 0 insertions, 0 updates, 1 deletions to 1 objects
10:24:12.858 [main] DEBUG org.hibernate.event.internal.AbstractFlushingEventListener - Flushed: 0 (re)creations, 0 updates, 3 removals to 3 collections
10:24:12.858 [main] DEBUG org.hibernate.internal.util.EntityPrinter - Listing entities:
10:24:12.858 [main] DEBUG org.hibernate.internal.util.EntityPrinter - org.frcpm.models.Project{hardDeadline=2025-06-20, name=Test Attendance Project, description=null, meetings=[], id=160, goalEndDate=2025-06-06, milestones=[], startDate=2025-04-25, tasks=[]}
10:24:12.858 [main] DEBUG org.hibernate.SQL - delete from projects where id=?
10:24:12.858 [main] DEBUG org.hibernate.orm.jdbc.batch - PreparedStatementDetails did not contain PreparedStatement on #releaseStatements : delete from projects where id=?
10:24:12.858 [main] DEBUG org.hibernate.orm.jdbc.batch - PreparedStatementDetails did not contain PreparedStatement on #releaseStatements : delete from projects where id=?
10:24:12.858 [main] DEBUG org.hibernate.resource.jdbc.internal.LogicalConnectionManagedImpl - Initiating JDBC connection release from afterTransaction
10:24:12.858 [main] DEBUG org.hibernate.orm.jdbc.batch - PreparedStatementDetails did not contain PreparedStatement on #releaseStatements : delete from projects where id=?
10:24:12.858 [main] DEBUG org.hibernate.orm.jdbc.batch - PreparedStatementDetails did not contain PreparedStatement on #releaseStatements : delete from projects where id=?
10:24:12.858 [main] DEBUG org.hibernate.resource.jdbc.internal.LogicalConnectionManagedImpl - Initiating JDBC connection release from afterTransaction
10:24:12.858 [main] DEBUG org.hibernate.engine.jdbc.internal.JdbcCoordinatorImpl - HHH000420: Closing un-released batch
10:24:12.858 [main] DEBUG org.hibernate.orm.jdbc.batch - PreparedStatementDetails did not contain PreparedStatement on #releaseStatements : delete from projects where id=?
10:24:12.858 [main] DEBUG org.hibernate.orm.jdbc.batch - PreparedStatementDetails did not contain PreparedStatement on #releaseStatements : delete from projects where id=?
10:24:12.858 [main] DEBUG org.hibernate.internal.SessionFactoryImpl - HHH000031: Closing
10:24:12.859 [main] DEBUG org.hibernate.type.spi.TypeConfiguration$Scope - Un-scoping TypeConfiguration [org.hibernate.type.spi.TypeConfiguration$Scope@25302c0] from SessionFactory [org.hibernate.internal.SessionFactoryImpl@626dfe75]
10:24:12.859 [main] DEBUG org.hibernate.service.internal.AbstractServiceRegistryImpl - Implicitly destroying ServiceRegistry on de-registration of all child ServiceRegistries
10:24:12.859 [main] INFO com.zaxxer.hikari.HikariDataSource - FRC-PM-HikariCP - Shutdown initiated...
10:24:12.859 [main] DEBUG com.zaxxer.hikari.pool.HikariPool - FRC-PM-HikariCP - Before shutdown stats (total=2, active=0, idle=2, waiting=0)
10:24:12.860 [FRC-PM-HikariCP connection closer] DEBUG com.zaxxer.hikari.pool.PoolBase - FRC-PM-HikariCP - Closing connection conn6: url=jdbc:h2:file:C:\Users\dhiebert\.frcpm\frcpm user=SA: (connection evicted)
10:24:12.861 [FRC-PM-HikariCP connection closer] DEBUG com.zaxxer.hikari.pool.PoolBase - FRC-PM-HikariCP - Closing connection conn7: url=jdbc:h2:file:C:\Users\dhiebert\.frcpm\frcpm user=SA: (connection evicted)
10:24:13.082 [main] DEBUG com.zaxxer.hikari.pool.HikariPool - FRC-PM-HikariCP - After shutdown stats (total=0, active=0, idle=0, waiting=0)
10:24:13.082 [main] INFO com.zaxxer.hikari.HikariDataSource - FRC-PM-HikariCP - Shutdown completed.
10:24:13.082 [main] DEBUG org.hibernate.boot.registry.internal.BootstrapServiceRegistryImpl - Implicitly destroying Boot-strap registry on de-registration of all child ServiceRegistries
]]></system-out>
    <system-err><![CDATA[Apr 25, 2025 10:24:12 AM org.frcpm.config.DatabaseConfig initialize
INFO: Initializing database configuration...
Apr 25, 2025 10:24:12 AM org.frcpm.config.DatabaseConfig initialize
INFO: Using FILE-BASED database at: file:C:\Users\dhiebert\.frcpm\frcpm
Apr 25, 2025 10:24:12 AM org.frcpm.config.DatabaseConfig initialize
INFO: Using JDBC URL: jdbc:h2:file:C:\Users\dhiebert\.frcpm\frcpm
Apr 25, 2025 10:24:12 AM org.frcpm.config.DatabaseConfig initialize
INFO: Using schema mode: update
Apr 25, 2025 10:24:12 AM org.frcpm.config.DatabaseConfig initialize
INFO: Database configuration initialized successfully in PRODUCTION mode
Apr 25, 2025 10:24:13 AM org.frcpm.config.DatabaseConfig shutdown
INFO: Database configuration shut down
]]></system-err>
  </testcase>
  <testcase name="testFindAll" classname="org.frcpm.repositories.AttendanceRepositoryTest" time="0.543">
    <system-out><![CDATA[10:24:13.092 [main] DEBUG org.hibernate.jpa.HibernatePersistenceProvider - Located and parsed 1 persistence units; checking each
10:24:13.092 [main] DEBUG org.hibernate.jpa.HibernatePersistenceProvider - Checking persistence-unit [name=frcpm, explicit-provider=org.hibernate.jpa.HibernatePersistenceProvider] against incoming persistence unit name [frcpm]
10:24:13.092 [main] DEBUG org.hibernate.jpa.boot.spi.ProviderChecker - Persistence-unit [frcpm] requested PersistenceProvider [org.hibernate.jpa.HibernatePersistenceProvider]
10:24:13.092 [main] DEBUG org.hibernate.jpa.internal.util.LogHelper - PersistenceUnitInfo [
	name: frcpm
	persistence provider classname: org.hibernate.jpa.HibernatePersistenceProvider
	classloader: null
	excludeUnlistedClasses: false
	JTA datasource: null
	Non JTA datasource: null
	Transaction type: RESOURCE_LOCAL
	PU root URL: file:/C:/Users/dhiebert/Local%20Repositories/Project%20Management%202.0/target/classes
	Shared Cache Mode: null
	Validation Mode: null
	Jar files URLs []
	Managed classes names [
		org.frcpm.models.Project
		org.frcpm.models.Subteam
		org.frcpm.models.TeamMember
		org.frcpm.models.Subsystem
		org.frcpm.models.Task
		org.frcpm.models.Component
		org.frcpm.models.Meeting
		org.frcpm.models.Attendance
		org.frcpm.models.Milestone]
	Mapping files names []
	Properties [
		hibernate.connection.handling_mode: DELAYED_ACQUISITION_AND_RELEASE_AFTER_STATEMENT
		jakarta.persistence.jdbc.url: jdbc:h2:file:C:\Users\dhiebert\.frcpm\frcpm
		hibernate.jdbc.batch_versioned_data: null
		hibernate.cache.use_second_level_cache: null
		hibernate.show_sql: null
		jakarta.persistence.jdbc.driver: org.h2.Driver
		hibernate.jdbc.batch_size: 30
		jakarta.persistence.jdbc.user: sa
		hibernate.generate_statistics: null
		hibernate.hbm2ddl.auto: update
		hibernate.cache.use_query_cache: null
		hibernate.hikari.maximumPoolSize: 10
		hibernate.hikari.idleTimeout: 30000
		hibernate.format_sql: null
		hibernate.hikari.minimumIdle: 2
		hibernate.use_sql_comments: null
		hibernate.order_inserts: null
		hibernate.current_session_context_class: thread
		hibernate.connection.provider_class: org.hibernate.hikaricp.internal.HikariCPConnectionProvider
		hibernate.hikari.connectionTimeout: 10000
		hibernate.hikari.poolName: FRC-PM-HikariCP
		hibernate.order_updates: null
		hibernate.dialect: org.hibernate.dialect.H2Dialect
		jakarta.persistence.jdbc.password: ]
10:24:13.092 [main] DEBUG org.hibernate.integrator.internal.IntegratorServiceImpl - Adding Integrator [org.hibernate.boot.beanvalidation.BeanValidationIntegrator].
10:24:13.092 [main] DEBUG org.hibernate.integrator.internal.IntegratorServiceImpl - Adding Integrator [org.hibernate.cache.internal.CollectionCacheInvalidator].
10:24:13.101 [main] DEBUG org.hibernate.orm.idgen.factory - Ignoring CDI for resolving IdentifierGenerator instances as extended or delayed CDI support was enabled
10:24:13.101 [main] DEBUG org.hibernate.orm.idgen.factory - Registering IdentifierGenerator strategy [uuid2] -> [org.hibernate.id.UUIDGenerator]
10:24:13.101 [main] DEBUG org.hibernate.orm.idgen.factory - Registering IdentifierGenerator strategy [guid] -> [org.hibernate.id.GUIDGenerator]
10:24:13.101 [main] DEBUG org.hibernate.orm.idgen.factory - Registering IdentifierGenerator strategy [uuid] -> [org.hibernate.id.UUIDHexGenerator]
10:24:13.101 [main] DEBUG org.hibernate.orm.idgen.factory - Registering IdentifierGenerator strategy [uuid.hex] -> [org.hibernate.id.UUIDHexGenerator]
10:24:13.101 [main] DEBUG org.hibernate.orm.idgen.factory - Registering IdentifierGenerator strategy [assigned] -> [org.hibernate.id.Assigned]
10:24:13.101 [main] DEBUG org.hibernate.orm.idgen.factory - Registering IdentifierGenerator strategy [identity] -> [org.hibernate.id.IdentityGenerator]
10:24:13.101 [main] DEBUG org.hibernate.orm.idgen.factory - Registering IdentifierGenerator strategy [select] -> [org.hibernate.id.SelectGenerator]
10:24:13.101 [main] DEBUG org.hibernate.orm.idgen.factory - Registering IdentifierGenerator strategy [sequence] -> [org.hibernate.id.enhanced.SequenceStyleGenerator]
10:24:13.101 [main] DEBUG org.hibernate.orm.idgen.factory - Registering IdentifierGenerator strategy [increment] -> [org.hibernate.id.IncrementGenerator]
10:24:13.101 [main] DEBUG org.hibernate.orm.idgen.factory - Registering IdentifierGenerator strategy [foreign] -> [org.hibernate.id.ForeignGenerator]
10:24:13.101 [main] DEBUG org.hibernate.orm.idgen.factory - Registering IdentifierGenerator strategy [enhanced-sequence] -> [org.hibernate.id.enhanced.SequenceStyleGenerator]
10:24:13.102 [main] DEBUG org.hibernate.orm.idgen.factory - Registering IdentifierGenerator strategy [enhanced-table] -> [org.hibernate.id.enhanced.TableGenerator]
10:24:13.102 [main] INFO org.hibernate.cache.internal.RegionFactoryInitiator - HHH000026: Second-level cache disabled
10:24:13.102 [main] DEBUG org.hibernate.type.BasicTypeRegistry - Adding type registration boolean -> org.hibernate.type.BasicTypeReference@2f4919b0
10:24:13.102 [main] DEBUG org.hibernate.type.BasicTypeRegistry - Adding type registration boolean -> org.hibernate.type.BasicTypeReference@2f4919b0
10:24:13.102 [main] DEBUG org.hibernate.type.BasicTypeRegistry - Adding type registration java.lang.Boolean -> org.hibernate.type.BasicTypeReference@2f4919b0
10:24:13.102 [main] DEBUG org.hibernate.type.BasicTypeRegistry - Adding type registration numeric_boolean -> org.hibernate.type.BasicTypeReference@a8a8b75
10:24:13.102 [main] DEBUG org.hibernate.type.BasicTypeRegistry - Adding type registration org.hibernate.type.NumericBooleanConverter -> org.hibernate.type.BasicTypeReference@a8a8b75
10:24:13.102 [main] DEBUG org.hibernate.type.BasicTypeRegistry - Adding type registration true_false -> org.hibernate.type.BasicTypeReference@75b21c3b
10:24:13.102 [main] DEBUG org.hibernate.type.BasicTypeRegistry - Adding type registration org.hibernate.type.TrueFalseConverter -> org.hibernate.type.BasicTypeReference@75b21c3b
10:24:13.102 [main] DEBUG org.hibernate.type.BasicTypeRegistry - Adding type registration yes_no -> org.hibernate.type.BasicTypeReference@72be135f
10:24:13.102 [main] DEBUG org.hibernate.type.BasicTypeRegistry - Adding type registration org.hibernate.type.YesNoConverter -> org.hibernate.type.BasicTypeReference@72be135f
10:24:13.102 [main] DEBUG org.hibernate.type.BasicTypeRegistry - Adding type registration byte -> org.hibernate.type.BasicTypeReference@155d1021
10:24:13.102 [main] DEBUG org.hibernate.type.BasicTypeRegistry - Adding type registration byte -> org.hibernate.type.BasicTypeReference@155d1021
10:24:13.102 [main] DEBUG org.hibernate.type.BasicTypeRegistry - Adding type registration java.lang.Byte -> org.hibernate.type.BasicTypeReference@155d1021
10:24:13.102 [main] DEBUG org.hibernate.type.BasicTypeRegistry - Adding type registration binary -> org.hibernate.type.BasicTypeReference@4bd2f0dc
10:24:13.102 [main] DEBUG org.hibernate.type.BasicTypeRegistry - Adding type registration byte[] -> org.hibernate.type.BasicTypeReference@4bd2f0dc
10:24:13.102 [main] DEBUG org.hibernate.type.BasicTypeRegistry - Adding type registration [B -> org.hibernate.type.BasicTypeReference@4bd2f0dc
10:24:13.102 [main] DEBUG org.hibernate.type.BasicTypeRegistry - Adding type registration binary_wrapper -> org.hibernate.type.BasicTypeReference@2e647e59
10:24:13.102 [main] DEBUG org.hibernate.type.BasicTypeRegistry - Adding type registration wrapper-binary -> org.hibernate.type.BasicTypeReference@2e647e59
10:24:13.102 [main] DEBUG org.hibernate.type.BasicTypeRegistry - Adding type registration image -> org.hibernate.type.BasicTypeReference@2c42b421
10:24:13.102 [main] DEBUG org.hibernate.type.BasicTypeRegistry - Adding type registration blob -> org.hibernate.type.BasicTypeReference@51e37590
10:24:13.102 [main] DEBUG org.hibernate.type.BasicTypeRegistry - Adding type registration java.sql.Blob -> org.hibernate.type.BasicTypeReference@51e37590
10:24:13.102 [main] DEBUG org.hibernate.type.BasicTypeRegistry - Adding type registration materialized_blob -> org.hibernate.type.BasicTypeReference@deb3b60
10:24:13.102 [main] DEBUG org.hibernate.type.BasicTypeRegistry - Adding type registration materialized_blob_wrapper -> org.hibernate.type.BasicTypeReference@701a32
10:24:13.102 [main] DEBUG org.hibernate.type.BasicTypeRegistry - Adding type registration short -> org.hibernate.type.BasicTypeReference@39aa45a1
10:24:13.102 [main] DEBUG org.hibernate.type.BasicTypeRegistry - Adding type registration short -> org.hibernate.type.BasicTypeReference@39aa45a1
10:24:13.102 [main] DEBUG org.hibernate.type.BasicTypeRegistry - Adding type registration java.lang.Short -> org.hibernate.type.BasicTypeReference@39aa45a1
10:24:13.102 [main] DEBUG org.hibernate.type.BasicTypeRegistry - Adding type registration integer -> org.hibernate.type.BasicTypeReference@73aff8f1
10:24:13.102 [main] DEBUG org.hibernate.type.BasicTypeRegistry - Adding type registration int -> org.hibernate.type.BasicTypeReference@73aff8f1
10:24:13.102 [main] DEBUG org.hibernate.type.BasicTypeRegistry - Adding type registration java.lang.Integer -> org.hibernate.type.BasicTypeReference@73aff8f1
10:24:13.102 [main] DEBUG org.hibernate.type.BasicTypeRegistry - Adding type registration long -> org.hibernate.type.BasicTypeReference@27cbfddf
10:24:13.102 [main] DEBUG org.hibernate.type.BasicTypeRegistry - Adding type registration long -> org.hibernate.type.BasicTypeReference@27cbfddf
10:24:13.102 [main] DEBUG org.hibernate.type.BasicTypeRegistry - Adding type registration java.lang.Long -> org.hibernate.type.BasicTypeReference@27cbfddf
10:24:13.102 [main] DEBUG org.hibernate.type.BasicTypeRegistry - Adding type registration float -> org.hibernate.type.BasicTypeReference@27ead29e
10:24:13.102 [main] DEBUG org.hibernate.type.BasicTypeRegistry - Adding type registration float -> org.hibernate.type.BasicTypeReference@27ead29e
10:24:13.102 [main] DEBUG org.hibernate.type.BasicTypeRegistry - Adding type registration java.lang.Float -> org.hibernate.type.BasicTypeReference@27ead29e
10:24:13.102 [main] DEBUG org.hibernate.type.BasicTypeRegistry - Adding type registration double -> org.hibernate.type.BasicTypeReference@4c060c8f
10:24:13.102 [main] DEBUG org.hibernate.type.BasicTypeRegistry - Adding type registration double -> org.hibernate.type.BasicTypeReference@4c060c8f
10:24:13.102 [main] DEBUG org.hibernate.type.BasicTypeRegistry - Adding type registration java.lang.Double -> org.hibernate.type.BasicTypeReference@4c060c8f
10:24:13.102 [main] DEBUG org.hibernate.type.BasicTypeRegistry - Adding type registration big_integer -> org.hibernate.type.BasicTypeReference@40620d8e
10:24:13.102 [main] DEBUG org.hibernate.type.BasicTypeRegistry - Adding type registration java.math.BigInteger -> org.hibernate.type.BasicTypeReference@40620d8e
10:24:13.102 [main] DEBUG org.hibernate.type.BasicTypeRegistry - Adding type registration big_decimal -> org.hibernate.type.BasicTypeReference@383f3558
10:24:13.102 [main] DEBUG org.hibernate.type.BasicTypeRegistry - Adding type registration java.math.BigDecimal -> org.hibernate.type.BasicTypeReference@383f3558
10:24:13.102 [main] DEBUG org.hibernate.type.BasicTypeRegistry - Adding type registration character -> org.hibernate.type.BasicTypeReference@49b07ee3
10:24:13.102 [main] DEBUG org.hibernate.type.BasicTypeRegistry - Adding type registration char -> org.hibernate.type.BasicTypeReference@49b07ee3
10:24:13.102 [main] DEBUG org.hibernate.type.BasicTypeRegistry - Adding type registration java.lang.Character -> org.hibernate.type.BasicTypeReference@49b07ee3
10:24:13.102 [main] DEBUG org.hibernate.type.BasicTypeRegistry - Adding type registration character_nchar -> org.hibernate.type.BasicTypeReference@352e612e
10:24:13.102 [main] DEBUG org.hibernate.type.BasicTypeRegistry - Adding type registration string -> org.hibernate.type.BasicTypeReference@65f00478
10:24:13.102 [main] DEBUG org.hibernate.type.BasicTypeRegistry - Adding type registration java.lang.String -> org.hibernate.type.BasicTypeReference@65f00478
10:24:13.102 [main] DEBUG org.hibernate.type.BasicTypeRegistry - Adding type registration nstring -> org.hibernate.type.BasicTypeReference@2424686b
10:24:13.102 [main] DEBUG org.hibernate.type.BasicTypeRegistry - Adding type registration characters -> org.hibernate.type.BasicTypeReference@6ea94d6a
10:24:13.102 [main] DEBUG org.hibernate.type.BasicTypeRegistry - Adding type registration char[] -> org.hibernate.type.BasicTypeReference@6ea94d6a
10:24:13.102 [main] DEBUG org.hibernate.type.BasicTypeRegistry - Adding type registration [C -> org.hibernate.type.BasicTypeReference@6ea94d6a
10:24:13.102 [main] DEBUG org.hibernate.type.BasicTypeRegistry - Adding type registration wrapper-characters -> org.hibernate.type.BasicTypeReference@28486680
10:24:13.102 [main] DEBUG org.hibernate.type.BasicTypeRegistry - Adding type registration text -> org.hibernate.type.BasicTypeReference@4d7e7435
10:24:13.102 [main] DEBUG org.hibernate.type.BasicTypeRegistry - Adding type registration ntext -> org.hibernate.type.BasicTypeReference@4a1e3ac1
10:24:13.102 [main] DEBUG org.hibernate.type.BasicTypeRegistry - Adding type registration clob -> org.hibernate.type.BasicTypeReference@6e78fcf5
10:24:13.102 [main] DEBUG org.hibernate.type.BasicTypeRegistry - Adding type registration java.sql.Clob -> org.hibernate.type.BasicTypeReference@6e78fcf5
10:24:13.102 [main] DEBUG org.hibernate.type.BasicTypeRegistry - Adding type registration nclob -> org.hibernate.type.BasicTypeReference@56febdc
10:24:13.102 [main] DEBUG org.hibernate.type.BasicTypeRegistry - Adding type registration java.sql.NClob -> org.hibernate.type.BasicTypeReference@56febdc
10:24:13.102 [main] DEBUG org.hibernate.type.BasicTypeRegistry - Adding type registration materialized_clob -> org.hibernate.type.BasicTypeReference@3b8ee898
10:24:13.102 [main] DEBUG org.hibernate.type.BasicTypeRegistry - Adding type registration materialized_clob_char_array -> org.hibernate.type.BasicTypeReference@7d151a
10:24:13.102 [main] DEBUG org.hibernate.type.BasicTypeRegistry - Adding type registration materialized_clob_character_array -> org.hibernate.type.BasicTypeReference@294bdeb4
10:24:13.102 [main] DEBUG org.hibernate.type.BasicTypeRegistry - Adding type registration materialized_nclob -> org.hibernate.type.BasicTypeReference@5300f14a
10:24:13.102 [main] DEBUG org.hibernate.type.BasicTypeRegistry - Adding type registration materialized_nclob_character_array -> org.hibernate.type.BasicTypeReference@1f86099a
10:24:13.102 [main] DEBUG org.hibernate.type.BasicTypeRegistry - Adding type registration materialized_nclob_char_array -> org.hibernate.type.BasicTypeReference@77bb0ab5
10:24:13.102 [main] DEBUG org.hibernate.type.BasicTypeRegistry - Adding type registration Duration -> org.hibernate.type.BasicTypeReference@f2c488
10:24:13.102 [main] DEBUG org.hibernate.type.BasicTypeRegistry - Adding type registration java.time.Duration -> org.hibernate.type.BasicTypeReference@f2c488
10:24:13.102 [main] DEBUG org.hibernate.type.BasicTypeRegistry - Adding type registration LocalDateTime -> org.hibernate.type.BasicTypeReference@54acff7d
10:24:13.102 [main] DEBUG org.hibernate.type.BasicTypeRegistry - Adding type registration java.time.LocalDateTime -> org.hibernate.type.BasicTypeReference@54acff7d
10:24:13.102 [main] DEBUG org.hibernate.type.BasicTypeRegistry - Adding type registration LocalDate -> org.hibernate.type.BasicTypeReference@7bc9e6ab
10:24:13.102 [main] DEBUG org.hibernate.type.BasicTypeRegistry - Adding type registration java.time.LocalDate -> org.hibernate.type.BasicTypeReference@7bc9e6ab
10:24:13.102 [main] DEBUG org.hibernate.type.BasicTypeRegistry - Adding type registration LocalTime -> org.hibernate.type.BasicTypeReference@5488b5c5
10:24:13.102 [main] DEBUG org.hibernate.type.BasicTypeRegistry - Adding type registration java.time.LocalTime -> org.hibernate.type.BasicTypeReference@5488b5c5
10:24:13.102 [main] DEBUG org.hibernate.type.BasicTypeRegistry - Adding type registration OffsetDateTime -> org.hibernate.type.BasicTypeReference@4248ed58
10:24:13.102 [main] DEBUG org.hibernate.type.BasicTypeRegistry - Adding type registration java.time.OffsetDateTime -> org.hibernate.type.BasicTypeReference@4248ed58
10:24:13.102 [main] DEBUG org.hibernate.type.BasicTypeRegistry - Adding type registration OffsetDateTimeWithTimezone -> org.hibernate.type.BasicTypeReference@712ca57b
10:24:13.102 [main] DEBUG org.hibernate.type.BasicTypeRegistry - Adding type registration OffsetDateTimeWithoutTimezone -> org.hibernate.type.BasicTypeReference@4564e94b
10:24:13.102 [main] DEBUG org.hibernate.type.BasicTypeRegistry - Adding type registration OffsetTime -> org.hibernate.type.BasicTypeReference@54534abf
10:24:13.102 [main] DEBUG org.hibernate.type.BasicTypeRegistry - Adding type registration java.time.OffsetTime -> org.hibernate.type.BasicTypeReference@54534abf
10:24:13.102 [main] DEBUG org.hibernate.type.BasicTypeRegistry - Adding type registration OffsetTimeUtc -> org.hibernate.type.BasicTypeReference@51745f40
10:24:13.102 [main] DEBUG org.hibernate.type.BasicTypeRegistry - Adding type registration OffsetTimeWithTimezone -> org.hibernate.type.BasicTypeReference@45673f68
10:24:13.102 [main] DEBUG org.hibernate.type.BasicTypeRegistry - Adding type registration OffsetTimeWithoutTimezone -> org.hibernate.type.BasicTypeReference@27abb83e
10:24:13.102 [main] DEBUG org.hibernate.type.BasicTypeRegistry - Adding type registration ZonedDateTime -> org.hibernate.type.BasicTypeReference@69e308c6
10:24:13.102 [main] DEBUG org.hibernate.type.BasicTypeRegistry - Adding type registration java.time.ZonedDateTime -> org.hibernate.type.BasicTypeReference@69e308c6
10:24:13.102 [main] DEBUG org.hibernate.type.BasicTypeRegistry - Adding type registration ZonedDateTimeWithTimezone -> org.hibernate.type.BasicTypeReference@1a1ed4e5
10:24:13.102 [main] DEBUG org.hibernate.type.BasicTypeRegistry - Adding type registration ZonedDateTimeWithoutTimezone -> org.hibernate.type.BasicTypeReference@667e34b1
10:24:13.102 [main] DEBUG org.hibernate.type.BasicTypeRegistry - Adding type registration date -> org.hibernate.type.BasicTypeReference@1c6e0a08
10:24:13.102 [main] DEBUG org.hibernate.type.BasicTypeRegistry - Adding type registration java.sql.Date -> org.hibernate.type.BasicTypeReference@1c6e0a08
10:24:13.102 [main] DEBUG org.hibernate.type.BasicTypeRegistry - Adding type registration time -> org.hibernate.type.BasicTypeReference@6dba847b
10:24:13.102 [main] DEBUG org.hibernate.type.BasicTypeRegistry - Adding type registration java.sql.Time -> org.hibernate.type.BasicTypeReference@6dba847b
10:24:13.102 [main] DEBUG org.hibernate.type.BasicTypeRegistry - Adding type registration timestamp -> org.hibernate.type.BasicTypeReference@1efdcd5
10:24:13.102 [main] DEBUG org.hibernate.type.BasicTypeRegistry - Adding type registration java.sql.Timestamp -> org.hibernate.type.BasicTypeReference@1efdcd5
10:24:13.102 [main] DEBUG org.hibernate.type.BasicTypeRegistry - Adding type registration java.util.Date -> org.hibernate.type.BasicTypeReference@1efdcd5
10:24:13.102 [main] DEBUG org.hibernate.type.BasicTypeRegistry - Adding type registration calendar -> org.hibernate.type.BasicTypeReference@1623bbe5
10:24:13.102 [main] DEBUG org.hibernate.type.BasicTypeRegistry - Adding type registration java.util.Calendar -> org.hibernate.type.BasicTypeReference@1623bbe5
10:24:13.102 [main] DEBUG org.hibernate.type.BasicTypeRegistry - Adding type registration java.util.GregorianCalendar -> org.hibernate.type.BasicTypeReference@1623bbe5
10:24:13.102 [main] DEBUG org.hibernate.type.BasicTypeRegistry - Adding type registration calendar_date -> org.hibernate.type.BasicTypeReference@7af1cd63
10:24:13.102 [main] DEBUG org.hibernate.type.BasicTypeRegistry - Adding type registration calendar_time -> org.hibernate.type.BasicTypeReference@4351171a
10:24:13.102 [main] DEBUG org.hibernate.type.BasicTypeRegistry - Adding type registration instant -> org.hibernate.type.BasicTypeReference@3c2772d1
10:24:13.102 [main] DEBUG org.hibernate.type.BasicTypeRegistry - Adding type registration java.time.Instant -> org.hibernate.type.BasicTypeReference@3c2772d1
10:24:13.102 [main] DEBUG org.hibernate.type.BasicTypeRegistry - Adding type registration uuid -> org.hibernate.type.BasicTypeReference@37d00a23
10:24:13.102 [main] DEBUG org.hibernate.type.BasicTypeRegistry - Adding type registration java.util.UUID -> org.hibernate.type.BasicTypeReference@37d00a23
10:24:13.102 [main] DEBUG org.hibernate.type.BasicTypeRegistry - Adding type registration pg-uuid -> org.hibernate.type.BasicTypeReference@37d00a23
10:24:13.102 [main] DEBUG org.hibernate.type.BasicTypeRegistry - Adding type registration uuid-binary -> org.hibernate.type.BasicTypeReference@433e536f
10:24:13.102 [main] DEBUG org.hibernate.type.BasicTypeRegistry - Adding type registration uuid-char -> org.hibernate.type.BasicTypeReference@89c65d5
10:24:13.102 [main] DEBUG org.hibernate.type.BasicTypeRegistry - Adding type registration class -> org.hibernate.type.BasicTypeReference@faa3fed
10:24:13.102 [main] DEBUG org.hibernate.type.BasicTypeRegistry - Adding type registration java.lang.Class -> org.hibernate.type.BasicTypeReference@faa3fed
10:24:13.102 [main] DEBUG org.hibernate.type.BasicTypeRegistry - Adding type registration currency -> org.hibernate.type.BasicTypeReference@988246e
10:24:13.102 [main] DEBUG org.hibernate.type.BasicTypeRegistry - Adding type registration Currency -> org.hibernate.type.BasicTypeReference@988246e
10:24:13.102 [main] DEBUG org.hibernate.type.BasicTypeRegistry - Adding type registration java.util.Currency -> org.hibernate.type.BasicTypeReference@988246e
10:24:13.102 [main] DEBUG org.hibernate.type.BasicTypeRegistry - Adding type registration locale -> org.hibernate.type.BasicTypeReference@62515a47
10:24:13.102 [main] DEBUG org.hibernate.type.BasicTypeRegistry - Adding type registration java.util.Locale -> org.hibernate.type.BasicTypeReference@62515a47
10:24:13.102 [main] DEBUG org.hibernate.type.BasicTypeRegistry - Adding type registration serializable -> org.hibernate.type.BasicTypeReference@3c5a54b7
10:24:13.102 [main] DEBUG org.hibernate.type.BasicTypeRegistry - Adding type registration java.io.Serializable -> org.hibernate.type.BasicTypeReference@3c5a54b7
10:24:13.102 [main] DEBUG org.hibernate.type.BasicTypeRegistry - Adding type registration timezone -> org.hibernate.type.BasicTypeReference@61f2c3f0
10:24:13.102 [main] DEBUG org.hibernate.type.BasicTypeRegistry - Adding type registration java.util.TimeZone -> org.hibernate.type.BasicTypeReference@61f2c3f0
10:24:13.102 [main] DEBUG org.hibernate.type.BasicTypeRegistry - Adding type registration ZoneOffset -> org.hibernate.type.BasicTypeReference@291120f4
10:24:13.102 [main] DEBUG org.hibernate.type.BasicTypeRegistry - Adding type registration java.time.ZoneOffset -> org.hibernate.type.BasicTypeReference@291120f4
10:24:13.102 [main] DEBUG org.hibernate.type.BasicTypeRegistry - Adding type registration url -> org.hibernate.type.BasicTypeReference@417ad4f3
10:24:13.102 [main] DEBUG org.hibernate.type.BasicTypeRegistry - Adding type registration java.net.URL -> org.hibernate.type.BasicTypeReference@417ad4f3
10:24:13.102 [main] DEBUG org.hibernate.type.BasicTypeRegistry - Adding type registration vector -> org.hibernate.type.BasicTypeReference@2f6bcf87
10:24:13.102 [main] DEBUG org.hibernate.type.BasicTypeRegistry - Adding type registration row_version -> org.hibernate.type.BasicTypeReference@58f174d9
10:24:13.102 [main] DEBUG org.hibernate.type.BasicTypeRegistry - Adding type registration object -> org.hibernate.type.JavaObjectType@34237b90
10:24:13.102 [main] DEBUG org.hibernate.type.BasicTypeRegistry - Adding type registration java.lang.Object -> org.hibernate.type.JavaObjectType@34237b90
10:24:13.102 [main] DEBUG org.hibernate.type.BasicTypeRegistry - Adding type registration null -> org.hibernate.type.NullType@267bbe1a
10:24:13.102 [main] DEBUG org.hibernate.type.BasicTypeRegistry - Adding type registration imm_date -> org.hibernate.type.BasicTypeReference@2c3d1e97
10:24:13.102 [main] DEBUG org.hibernate.type.BasicTypeRegistry - Adding type registration imm_time -> org.hibernate.type.BasicTypeReference@4364c347
10:24:13.102 [main] DEBUG org.hibernate.type.BasicTypeRegistry - Adding type registration imm_timestamp -> org.hibernate.type.BasicTypeReference@2275c82e
10:24:13.102 [main] DEBUG org.hibernate.type.BasicTypeRegistry - Adding type registration imm_calendar -> org.hibernate.type.BasicTypeReference@5d9ada13
10:24:13.102 [main] DEBUG org.hibernate.type.BasicTypeRegistry - Adding type registration imm_calendar_date -> org.hibernate.type.BasicTypeReference@1917be91
10:24:13.102 [main] DEBUG org.hibernate.type.BasicTypeRegistry - Adding type registration imm_calendar_time -> org.hibernate.type.BasicTypeReference@7c0c380f
10:24:13.102 [main] DEBUG org.hibernate.type.BasicTypeRegistry - Adding type registration imm_binary -> org.hibernate.type.BasicTypeReference@7034bb18
10:24:13.102 [main] DEBUG org.hibernate.type.BasicTypeRegistry - Adding type registration imm_serializable -> org.hibernate.type.BasicTypeReference@7bf5bd4f
10:24:13.104 [main] DEBUG org.hibernate.boot.internal.BootstrapContextImpl - Injecting ScanEnvironment [org.hibernate.jpa.boot.internal.StandardJpaScanEnvironmentImpl@5fb27796] into BootstrapContext; was [null]
10:24:13.104 [main] DEBUG org.hibernate.boot.internal.BootstrapContextImpl - Injecting ScanOptions [org.hibernate.boot.archive.scan.internal.StandardScanOptions@4263f02f] into BootstrapContext; was [org.hibernate.boot.archive.scan.internal.StandardScanOptions@175a6f00]
10:24:13.156 [main] DEBUG org.hibernate.boot.internal.BootstrapContextImpl - Injecting JPA temp ClassLoader [null] into BootstrapContext; was [null]
10:24:13.156 [main] DEBUG org.hibernate.boot.internal.ClassLoaderAccessImpl - ClassLoaderAccessImpl#injectTempClassLoader(null) [was null]
10:24:13.157 [main] INFO org.hibernate.engine.jdbc.connections.internal.ConnectionProviderInitiator - HHH000130: Instantiating explicit connection provider: org.hibernate.hikaricp.internal.HikariCPConnectionProvider
10:24:13.157 [main] DEBUG org.hibernate.hikaricp.internal.HikariCPConnectionProvider - Configuring HikariCP
10:24:13.157 [main] DEBUG com.zaxxer.hikari.HikariConfig - Driver class org.h2.Driver found in Thread context class loader jdk.internal.loader.ClassLoaders$AppClassLoader@70dea4e
10:24:13.157 [main] DEBUG com.zaxxer.hikari.HikariConfig - FRC-PM-HikariCP - configuration:
10:24:13.157 [main] DEBUG com.zaxxer.hikari.HikariConfig - allowPoolSuspension.............false
10:24:13.157 [main] DEBUG com.zaxxer.hikari.HikariConfig - autoCommit......................true
10:24:13.157 [main] DEBUG com.zaxxer.hikari.HikariConfig - catalog.........................none
10:24:13.157 [main] DEBUG com.zaxxer.hikari.HikariConfig - connectionInitSql...............none
10:24:13.157 [main] DEBUG com.zaxxer.hikari.HikariConfig - connectionTestQuery.............none
10:24:13.157 [main] DEBUG com.zaxxer.hikari.HikariConfig - connectionTimeout...............10000
10:24:13.157 [main] DEBUG com.zaxxer.hikari.HikariConfig - dataSource......................none
10:24:13.157 [main] DEBUG com.zaxxer.hikari.HikariConfig - dataSourceClassName.............none
10:24:13.157 [main] DEBUG com.zaxxer.hikari.HikariConfig - dataSourceJNDI..................none
10:24:13.157 [main] DEBUG com.zaxxer.hikari.HikariConfig - dataSourceProperties............{password=<masked>}
10:24:13.157 [main] DEBUG com.zaxxer.hikari.HikariConfig - driverClassName................."org.h2.Driver"
10:24:13.157 [main] DEBUG com.zaxxer.hikari.HikariConfig - exceptionOverrideClassName......none
10:24:13.157 [main] DEBUG com.zaxxer.hikari.HikariConfig - healthCheckProperties...........{}
10:24:13.157 [main] DEBUG com.zaxxer.hikari.HikariConfig - healthCheckRegistry.............none
10:24:13.157 [main] DEBUG com.zaxxer.hikari.HikariConfig - idleTimeout.....................30000
10:24:13.158 [main] DEBUG com.zaxxer.hikari.HikariConfig - initializationFailTimeout.......1
10:24:13.158 [main] DEBUG com.zaxxer.hikari.HikariConfig - isolateInternalQueries..........false
10:24:13.158 [main] DEBUG com.zaxxer.hikari.HikariConfig - jdbcUrl.........................jdbc:h2:file:C:\Users\dhiebert\.frcpm\frcpm
10:24:13.158 [main] DEBUG com.zaxxer.hikari.HikariConfig - keepaliveTime...................0
10:24:13.158 [main] DEBUG com.zaxxer.hikari.HikariConfig - leakDetectionThreshold..........0
10:24:13.158 [main] DEBUG com.zaxxer.hikari.HikariConfig - maxLifetime.....................1800000
10:24:13.158 [main] DEBUG com.zaxxer.hikari.HikariConfig - maximumPoolSize.................10
10:24:13.158 [main] DEBUG com.zaxxer.hikari.HikariConfig - metricRegistry..................none
10:24:13.158 [main] DEBUG com.zaxxer.hikari.HikariConfig - metricsTrackerFactory...........none
10:24:13.158 [main] DEBUG com.zaxxer.hikari.HikariConfig - minimumIdle.....................2
10:24:13.158 [main] DEBUG com.zaxxer.hikari.HikariConfig - password........................<masked>
10:24:13.158 [main] DEBUG com.zaxxer.hikari.HikariConfig - poolName........................"FRC-PM-HikariCP"
10:24:13.158 [main] DEBUG com.zaxxer.hikari.HikariConfig - readOnly........................false
10:24:13.158 [main] DEBUG com.zaxxer.hikari.HikariConfig - registerMbeans..................false
10:24:13.158 [main] DEBUG com.zaxxer.hikari.HikariConfig - scheduledExecutor...............none
10:24:13.158 [main] DEBUG com.zaxxer.hikari.HikariConfig - schema..........................none
10:24:13.158 [main] DEBUG com.zaxxer.hikari.HikariConfig - threadFactory...................internal
10:24:13.158 [main] DEBUG com.zaxxer.hikari.HikariConfig - transactionIsolation............default
10:24:13.158 [main] DEBUG com.zaxxer.hikari.HikariConfig - username........................"sa"
10:24:13.158 [main] DEBUG com.zaxxer.hikari.HikariConfig - validationTimeout...............5000
10:24:13.158 [main] INFO com.zaxxer.hikari.HikariDataSource - FRC-PM-HikariCP - Starting...
10:24:13.171 [main] INFO com.zaxxer.hikari.pool.HikariPool - FRC-PM-HikariCP - Added connection conn8: url=jdbc:h2:file:C:\Users\dhiebert\.frcpm\frcpm user=SA
10:24:13.171 [main] INFO com.zaxxer.hikari.HikariDataSource - FRC-PM-HikariCP - Start completed.
10:24:13.171 [main] DEBUG org.hibernate.hikaricp.internal.HikariCPConnectionProvider - HikariCP Configured
10:24:13.171 [main] DEBUG org.hibernate.engine.jdbc.env.internal.JdbcEnvironmentInitiator - Database ->
	   name : H2
	version : 2.2.224 (2023-09-17)
	  major : 2
	  minor : 2
10:24:13.171 [main] DEBUG org.hibernate.engine.jdbc.env.internal.JdbcEnvironmentInitiator - Driver ->
	   name : H2 JDBC Driver
	version : 2.2.224 (2023-09-17)
	  major : 2
	  minor : 2
10:24:13.171 [main] DEBUG org.hibernate.engine.jdbc.env.internal.JdbcEnvironmentInitiator - JDBC version : 4.2
10:24:13.171 [main] WARN org.hibernate.orm.deprecation - HHH90000025: H2Dialect does not need to be specified explicitly using 'hibernate.dialect' (remove the property setting and it will be selected by default)
10:24:13.171 [main] DEBUG org.hibernate.orm.dialect - HHH035001: Using dialect: org.hibernate.dialect.H2Dialect, version: 2.2.224
10:24:13.171 [main] DEBUG org.hibernate.engine.jdbc.env.spi.IdentifierHelperBuilder - JDBC driver metadata reported database stores quoted identifiers in neither upper, lower nor mixed case
10:24:13.172 [main] DEBUG org.hibernate.type.descriptor.jdbc.spi.JdbcTypeRegistry - addDescriptor(NCharTypeDescriptor) replaced previous registration(CharTypeDescriptor)
10:24:13.172 [main] DEBUG org.hibernate.type.descriptor.jdbc.spi.JdbcTypeRegistry - addDescriptor(NVarcharTypeDescriptor) replaced previous registration(VarcharTypeDescriptor)
10:24:13.172 [main] DEBUG org.hibernate.type.descriptor.jdbc.spi.JdbcTypeRegistry - addDescriptor(LongNVarcharTypeDescriptor) replaced previous registration(LongVarcharTypeDescriptor)
10:24:13.172 [main] DEBUG org.hibernate.type.descriptor.jdbc.spi.JdbcTypeRegistry - addDescriptor(NClobTypeDescriptor(DEFAULT)) replaced previous registration(ClobTypeDescriptor(DEFAULT))
10:24:13.172 [main] DEBUG org.hibernate.type.descriptor.jdbc.spi.JdbcTypeRegistry - addDescriptor(2005, ClobTypeDescriptor(STREAM_BINDING)) replaced previous registration(ClobTypeDescriptor(DEFAULT))
10:24:13.172 [main] DEBUG org.hibernate.type.descriptor.jdbc.spi.JdbcTypeRegistry - addDescriptor(TimestampUtcDescriptor) replaced previous registration(TimestampUtcDescriptor)
10:24:13.172 [main] DEBUG org.hibernate.type.BasicTypeRegistry - Adding type registration org.hibernate.type.DurationType -> basicType@94(java.time.Duration,3015)
10:24:13.172 [main] DEBUG org.hibernate.type.BasicTypeRegistry - Adding type registration Duration -> basicType@94(java.time.Duration,3015)
10:24:13.172 [main] DEBUG org.hibernate.type.BasicTypeRegistry - Adding type registration java.time.Duration -> basicType@94(java.time.Duration,3015)
10:24:13.172 [main] DEBUG org.hibernate.type.spi.TypeConfiguration$Scope - Scoping TypeConfiguration [org.hibernate.type.spi.TypeConfiguration@7df7fef2] to MetadataBuildingContext [org.hibernate.boot.internal.MetadataBuildingContextRootImpl@2c6fc104]
10:24:13.172 [main] DEBUG org.hibernate.boot.model.relational.Namespace - Created database namespace [logicalName=Name{catalog=null, schema=null}, physicalName=Name{catalog=null, schema=null}]
10:24:13.173 [main] DEBUG org.hibernate.boot.model.internal.EntityBinder - Binding entity from annotated class: org.frcpm.models.Attendance
10:24:13.173 [main] DEBUG org.hibernate.boot.model.internal.EntityBinder - Import with entity name Attendance
10:24:13.174 [main] DEBUG org.hibernate.boot.model.internal.EntityBinder - Bind entity org.frcpm.models.Attendance on table attendances
10:24:13.174 [main] DEBUG org.hibernate.boot.model.internal.AnnotatedColumn - Binding column: AnnotatedDiscriminatorColumn(column='DTYPE')
10:24:13.174 [main] DEBUG org.hibernate.boot.model.internal.AnnotatedColumn - Binding column: AnnotatedColumn()
10:24:13.174 [main] DEBUG org.hibernate.boot.internal.ClassLoaderAccessImpl - Not known whether passed class name [org.frcpm.models.Attendance] is safe
10:24:13.174 [main] DEBUG org.hibernate.boot.internal.ClassLoaderAccessImpl - No temp ClassLoader provided; using live ClassLoader for loading potentially unsafe class : org.frcpm.models.Attendance
10:24:13.174 [main] DEBUG org.hibernate.boot.model.internal.PropertyBinder - MetadataSourceProcessor property id with lazy=false
10:24:13.174 [main] DEBUG org.hibernate.boot.model.internal.AbstractPropertyHolder - Attempting to locate auto-apply AttributeConverter for property [org.frcpm.models.Attendance:id]
10:24:13.174 [main] DEBUG org.hibernate.boot.model.internal.BasicValueBinder - building BasicValue for id
10:24:13.174 [main] DEBUG org.hibernate.mapping.BasicValue - Skipping column re-registration: attendances.id
10:24:13.174 [main] DEBUG org.hibernate.boot.model.internal.PropertyBinder - Building property id
10:24:13.174 [main] DEBUG org.hibernate.boot.model.internal.BinderHelper - #makeIdGenerator(BasicValue([Column(id)]), id, identity, , ...)
10:24:13.174 [main] DEBUG org.hibernate.boot.model.internal.AnnotatedColumn - Binding column: AnnotatedColumn(column='arrival_time')
10:24:13.174 [main] DEBUG org.hibernate.boot.model.internal.PropertyBinder - MetadataSourceProcessor property arrivalTime with lazy=false
10:24:13.174 [main] DEBUG org.hibernate.boot.model.internal.AbstractPropertyHolder - Attempting to locate auto-apply AttributeConverter for property [org.frcpm.models.Attendance:arrivalTime]
10:24:13.174 [main] DEBUG org.hibernate.boot.model.internal.BasicValueBinder - building BasicValue for arrivalTime
10:24:13.174 [main] DEBUG org.hibernate.mapping.BasicValue - Skipping column re-registration: attendances.arrival_time
10:24:13.174 [main] DEBUG org.hibernate.boot.model.internal.PropertyBinder - Building property arrivalTime
10:24:13.174 [main] DEBUG org.hibernate.boot.model.internal.AnnotatedColumn - Binding column: AnnotatedColumn(column='departure_time')
10:24:13.174 [main] DEBUG org.hibernate.boot.model.internal.PropertyBinder - MetadataSourceProcessor property departureTime with lazy=false
10:24:13.174 [main] DEBUG org.hibernate.boot.model.internal.AbstractPropertyHolder - Attempting to locate auto-apply AttributeConverter for property [org.frcpm.models.Attendance:departureTime]
10:24:13.174 [main] DEBUG org.hibernate.boot.model.internal.BasicValueBinder - building BasicValue for departureTime
10:24:13.174 [main] DEBUG org.hibernate.mapping.BasicValue - Skipping column re-registration: attendances.departure_time
10:24:13.174 [main] DEBUG org.hibernate.boot.model.internal.PropertyBinder - Building property departureTime
10:24:13.174 [main] DEBUG org.hibernate.boot.model.internal.AnnotatedColumn - Binding column: AnnotatedJoinColumn(column='meeting_id')
10:24:13.174 [main] DEBUG org.hibernate.boot.model.internal.AnnotatedColumn - Binding column: AnnotatedColumn()
10:24:13.174 [main] DEBUG org.hibernate.boot.model.internal.PropertyBinder - Building property meeting
10:24:13.174 [main] DEBUG org.hibernate.boot.model.internal.AnnotatedColumn - Binding column: AnnotatedJoinColumn(column='member_id')
10:24:13.174 [main] DEBUG org.hibernate.boot.model.internal.AnnotatedColumn - Binding column: AnnotatedColumn()
10:24:13.174 [main] DEBUG org.hibernate.boot.model.internal.PropertyBinder - Building property member
10:24:13.174 [main] DEBUG org.hibernate.boot.model.internal.AnnotatedColumn - Binding column: AnnotatedColumn(column='present')
10:24:13.174 [main] DEBUG org.hibernate.boot.model.internal.PropertyBinder - MetadataSourceProcessor property present with lazy=false
10:24:13.174 [main] DEBUG org.hibernate.boot.model.internal.AbstractPropertyHolder - Attempting to locate auto-apply AttributeConverter for property [org.frcpm.models.Attendance:present]
10:24:13.174 [main] DEBUG org.hibernate.boot.model.internal.BasicValueBinder - building BasicValue for present
10:24:13.174 [main] DEBUG org.hibernate.mapping.BasicValue - Skipping column re-registration: attendances.present
10:24:13.174 [main] DEBUG org.hibernate.boot.model.internal.PropertyBinder - Building property present
10:24:13.175 [main] DEBUG org.hibernate.boot.registry.classloading.internal.ClassLoaderServiceImpl - HHH000194: Package not found or no package-info.java: org.frcpm.models
10:24:13.175 [main] DEBUG org.hibernate.boot.model.internal.EntityBinder - Binding entity from annotated class: org.frcpm.models.Meeting
10:24:13.175 [main] DEBUG org.hibernate.boot.model.internal.EntityBinder - Import with entity name Meeting
10:24:13.175 [main] DEBUG org.hibernate.boot.model.internal.EntityBinder - Bind entity org.frcpm.models.Meeting on table meetings
10:24:13.176 [main] DEBUG org.hibernate.boot.model.internal.AnnotatedColumn - Binding column: AnnotatedDiscriminatorColumn(column='DTYPE')
10:24:13.176 [main] DEBUG org.hibernate.boot.model.internal.AnnotatedColumn - Binding column: AnnotatedColumn()
10:24:13.176 [main] DEBUG org.hibernate.boot.internal.ClassLoaderAccessImpl - Not known whether passed class name [org.frcpm.models.Meeting] is safe
10:24:13.176 [main] DEBUG org.hibernate.boot.internal.ClassLoaderAccessImpl - No temp ClassLoader provided; using live ClassLoader for loading potentially unsafe class : org.frcpm.models.Meeting
10:24:13.176 [main] DEBUG org.hibernate.boot.model.internal.PropertyBinder - MetadataSourceProcessor property id with lazy=false
10:24:13.176 [main] DEBUG org.hibernate.boot.model.internal.AbstractPropertyHolder - Attempting to locate auto-apply AttributeConverter for property [org.frcpm.models.Meeting:id]
10:24:13.176 [main] DEBUG org.hibernate.boot.model.internal.BasicValueBinder - building BasicValue for id
10:24:13.176 [main] DEBUG org.hibernate.mapping.BasicValue - Skipping column re-registration: meetings.id
10:24:13.176 [main] DEBUG org.hibernate.boot.model.internal.PropertyBinder - Building property id
10:24:13.176 [main] DEBUG org.hibernate.boot.model.internal.BinderHelper - #makeIdGenerator(BasicValue([Column(id)]), id, identity, , ...)
10:24:13.176 [main] DEBUG org.hibernate.boot.model.internal.AnnotatedColumn - Binding column: AnnotatedJoinColumn()
10:24:13.176 [main] DEBUG org.hibernate.boot.model.internal.AnnotatedColumn - Binding column: AnnotatedColumn()
10:24:13.176 [main] DEBUG org.hibernate.boot.model.internal.AnnotatedColumn - Binding column: IndexColumn(column='attendances_ORDER')
10:24:13.176 [main] DEBUG org.hibernate.boot.model.internal.AnnotatedColumn - Binding column: AnnotatedColumn()
10:24:13.176 [main] DEBUG org.hibernate.boot.model.internal.AnnotatedColumn - Binding column: AnnotatedColumn(column='attendances_KEY')
10:24:13.176 [main] DEBUG org.hibernate.boot.model.internal.AnnotatedColumn - Binding column: AnnotatedJoinColumn(column='attendances_KEY')
10:24:13.176 [main] DEBUG org.hibernate.boot.model.internal.AnnotatedColumn - Binding column: AnnotatedJoinColumn()
10:24:13.176 [main] DEBUG org.hibernate.boot.model.internal.AnnotatedColumn - Binding column: AnnotatedJoinColumn()
10:24:13.176 [main] DEBUG org.hibernate.boot.model.internal.CollectionBinder - Collection role: org.frcpm.models.Meeting.attendances
10:24:13.176 [main] DEBUG org.hibernate.boot.model.internal.PropertyBinder - Building property attendances
10:24:13.176 [main] DEBUG org.hibernate.boot.model.internal.AnnotatedColumn - Binding column: AnnotatedColumn(column='date')
10:24:13.176 [main] DEBUG org.hibernate.boot.model.internal.PropertyBinder - MetadataSourceProcessor property date with lazy=false
10:24:13.176 [main] DEBUG org.hibernate.boot.model.internal.AbstractPropertyHolder - Attempting to locate auto-apply AttributeConverter for property [org.frcpm.models.Meeting:date]
10:24:13.176 [main] DEBUG org.hibernate.boot.model.internal.BasicValueBinder - building BasicValue for date
10:24:13.176 [main] DEBUG org.hibernate.mapping.BasicValue - Skipping column re-registration: meetings.date
10:24:13.176 [main] DEBUG org.hibernate.boot.model.internal.PropertyBinder - Building property date
10:24:13.176 [main] DEBUG org.hibernate.boot.model.internal.AnnotatedColumn - Binding column: AnnotatedColumn(column='end_time')
10:24:13.176 [main] DEBUG org.hibernate.boot.model.internal.PropertyBinder - MetadataSourceProcessor property endTime with lazy=false
10:24:13.176 [main] DEBUG org.hibernate.boot.model.internal.AbstractPropertyHolder - Attempting to locate auto-apply AttributeConverter for property [org.frcpm.models.Meeting:endTime]
10:24:13.176 [main] DEBUG org.hibernate.boot.model.internal.BasicValueBinder - building BasicValue for endTime
10:24:13.176 [main] DEBUG org.hibernate.mapping.BasicValue - Skipping column re-registration: meetings.end_time
10:24:13.176 [main] DEBUG org.hibernate.boot.model.internal.PropertyBinder - Building property endTime
10:24:13.176 [main] DEBUG org.hibernate.boot.model.internal.AnnotatedColumn - Binding column: AnnotatedColumn(column='notes')
10:24:13.176 [main] DEBUG org.hibernate.boot.model.internal.PropertyBinder - MetadataSourceProcessor property notes with lazy=false
10:24:13.176 [main] DEBUG org.hibernate.boot.model.internal.AbstractPropertyHolder - Attempting to locate auto-apply AttributeConverter for property [org.frcpm.models.Meeting:notes]
10:24:13.176 [main] DEBUG org.hibernate.boot.model.internal.BasicValueBinder - building BasicValue for notes
10:24:13.176 [main] DEBUG org.hibernate.mapping.BasicValue - Skipping column re-registration: meetings.notes
10:24:13.176 [main] DEBUG org.hibernate.boot.model.internal.PropertyBinder - Building property notes
10:24:13.176 [main] DEBUG org.hibernate.boot.model.internal.AnnotatedColumn - Binding column: AnnotatedJoinColumn(column='project_id')
10:24:13.177 [main] DEBUG org.hibernate.boot.model.internal.AnnotatedColumn - Binding column: AnnotatedColumn()
10:24:13.177 [main] DEBUG org.hibernate.boot.model.internal.PropertyBinder - Building property project
10:24:13.177 [main] DEBUG org.hibernate.boot.model.internal.AnnotatedColumn - Binding column: AnnotatedColumn(column='start_time')
10:24:13.177 [main] DEBUG org.hibernate.boot.model.internal.PropertyBinder - MetadataSourceProcessor property startTime with lazy=false
10:24:13.177 [main] DEBUG org.hibernate.boot.model.internal.AbstractPropertyHolder - Attempting to locate auto-apply AttributeConverter for property [org.frcpm.models.Meeting:startTime]
10:24:13.177 [main] DEBUG org.hibernate.boot.model.internal.BasicValueBinder - building BasicValue for startTime
10:24:13.177 [main] DEBUG org.hibernate.mapping.BasicValue - Skipping column re-registration: meetings.start_time
10:24:13.177 [main] DEBUG org.hibernate.boot.model.internal.PropertyBinder - Building property startTime
10:24:13.177 [main] DEBUG org.hibernate.boot.registry.classloading.internal.ClassLoaderServiceImpl - HHH000194: Package not found or no package-info.java: org.frcpm.models
10:24:13.177 [main] DEBUG org.hibernate.boot.model.internal.EntityBinder - Binding entity from annotated class: org.frcpm.models.Subsystem
10:24:13.177 [main] DEBUG org.hibernate.boot.model.internal.EntityBinder - Import with entity name Subsystem
10:24:13.177 [main] DEBUG org.hibernate.boot.model.internal.EntityBinder - Bind entity org.frcpm.models.Subsystem on table subsystems
10:24:13.177 [main] DEBUG org.hibernate.boot.model.internal.AnnotatedColumn - Binding column: AnnotatedDiscriminatorColumn(column='DTYPE')
10:24:13.177 [main] DEBUG org.hibernate.boot.model.internal.AnnotatedColumn - Binding column: AnnotatedColumn()
10:24:13.177 [main] DEBUG org.hibernate.boot.internal.ClassLoaderAccessImpl - Not known whether passed class name [org.frcpm.models.Subsystem] is safe
10:24:13.177 [main] DEBUG org.hibernate.boot.internal.ClassLoaderAccessImpl - No temp ClassLoader provided; using live ClassLoader for loading potentially unsafe class : org.frcpm.models.Subsystem
10:24:13.177 [main] DEBUG org.hibernate.boot.model.internal.PropertyBinder - MetadataSourceProcessor property id with lazy=false
10:24:13.177 [main] DEBUG org.hibernate.boot.model.internal.AbstractPropertyHolder - Attempting to locate auto-apply AttributeConverter for property [org.frcpm.models.Subsystem:id]
10:24:13.177 [main] DEBUG org.hibernate.boot.model.internal.BasicValueBinder - building BasicValue for id
10:24:13.178 [main] DEBUG org.hibernate.mapping.BasicValue - Skipping column re-registration: subsystems.id
10:24:13.178 [main] DEBUG org.hibernate.boot.model.internal.PropertyBinder - Building property id
10:24:13.178 [main] DEBUG org.hibernate.boot.model.internal.BinderHelper - #makeIdGenerator(BasicValue([Column(id)]), id, identity, , ...)
10:24:13.178 [main] DEBUG org.hibernate.boot.model.internal.AnnotatedColumn - Binding column: AnnotatedColumn(column='description')
10:24:13.178 [main] DEBUG org.hibernate.boot.model.internal.PropertyBinder - MetadataSourceProcessor property description with lazy=false
10:24:13.178 [main] DEBUG org.hibernate.boot.model.internal.AbstractPropertyHolder - Attempting to locate auto-apply AttributeConverter for property [org.frcpm.models.Subsystem:description]
10:24:13.178 [main] DEBUG org.hibernate.boot.model.internal.BasicValueBinder - building BasicValue for description
10:24:13.178 [main] DEBUG org.hibernate.mapping.BasicValue - Skipping column re-registration: subsystems.description
10:24:13.178 [main] DEBUG org.hibernate.boot.model.internal.PropertyBinder - Building property description
10:24:13.178 [main] DEBUG org.hibernate.boot.model.internal.AnnotatedColumn - Binding column: AnnotatedColumn(column='name')
10:24:13.178 [main] DEBUG org.hibernate.boot.model.internal.PropertyBinder - MetadataSourceProcessor property name with lazy=false
10:24:13.178 [main] DEBUG org.hibernate.boot.model.internal.AbstractPropertyHolder - Attempting to locate auto-apply AttributeConverter for property [org.frcpm.models.Subsystem:name]
10:24:13.178 [main] DEBUG org.hibernate.boot.model.internal.BasicValueBinder - building BasicValue for name
10:24:13.178 [main] DEBUG org.hibernate.mapping.BasicValue - Skipping column re-registration: subsystems.name
10:24:13.178 [main] DEBUG org.hibernate.boot.model.internal.PropertyBinder - Building property name
10:24:13.178 [main] DEBUG org.hibernate.boot.model.internal.AnnotatedColumn - Binding column: AnnotatedJoinColumn(column='responsible_subteam_id')
10:24:13.178 [main] DEBUG org.hibernate.boot.model.internal.AnnotatedColumn - Binding column: AnnotatedColumn()
10:24:13.178 [main] DEBUG org.hibernate.boot.model.internal.PropertyBinder - Building property responsibleSubteam
10:24:13.178 [main] DEBUG org.hibernate.boot.model.internal.AnnotatedColumn - Binding column: AnnotatedColumn(column='status')
10:24:13.178 [main] DEBUG org.hibernate.boot.model.internal.PropertyBinder - MetadataSourceProcessor property status with lazy=false
10:24:13.178 [main] DEBUG org.hibernate.boot.model.internal.AbstractPropertyHolder - Attempting to locate auto-apply AttributeConverter for property [org.frcpm.models.Subsystem:status]
10:24:13.178 [main] DEBUG org.hibernate.boot.model.internal.BasicValueBinder - building BasicValue for status
10:24:13.178 [main] DEBUG org.hibernate.mapping.BasicValue - Skipping column re-registration: subsystems.status
10:24:13.178 [main] DEBUG org.hibernate.boot.model.internal.PropertyBinder - Building property status
10:24:13.178 [main] DEBUG org.hibernate.boot.model.internal.AnnotatedColumn - Binding column: AnnotatedJoinColumn()
10:24:13.178 [main] DEBUG org.hibernate.boot.model.internal.AnnotatedColumn - Binding column: AnnotatedColumn()
10:24:13.178 [main] DEBUG org.hibernate.boot.model.internal.AnnotatedColumn - Binding column: IndexColumn(column='tasks_ORDER')
10:24:13.178 [main] DEBUG org.hibernate.boot.model.internal.AnnotatedColumn - Binding column: AnnotatedColumn()
10:24:13.178 [main] DEBUG org.hibernate.boot.model.internal.AnnotatedColumn - Binding column: AnnotatedColumn(column='tasks_KEY')
10:24:13.178 [main] DEBUG org.hibernate.boot.model.internal.AnnotatedColumn - Binding column: AnnotatedJoinColumn(column='tasks_KEY')
10:24:13.178 [main] DEBUG org.hibernate.boot.model.internal.AnnotatedColumn - Binding column: AnnotatedJoinColumn()
10:24:13.178 [main] DEBUG org.hibernate.boot.model.internal.AnnotatedColumn - Binding column: AnnotatedJoinColumn()
10:24:13.178 [main] DEBUG org.hibernate.boot.model.internal.CollectionBinder - Collection role: org.frcpm.models.Subsystem.tasks
10:24:13.178 [main] DEBUG org.hibernate.boot.model.internal.PropertyBinder - Building property tasks
10:24:13.179 [main] DEBUG org.hibernate.boot.registry.classloading.internal.ClassLoaderServiceImpl - HHH000194: Package not found or no package-info.java: org.frcpm.models
10:24:13.180 [main] DEBUG org.hibernate.boot.model.internal.EntityBinder - Binding entity from annotated class: org.frcpm.models.Component
10:24:13.180 [main] DEBUG org.hibernate.boot.model.internal.EntityBinder - Import with entity name Component
10:24:13.180 [main] DEBUG org.hibernate.boot.model.internal.EntityBinder - Bind entity org.frcpm.models.Component on table components
10:24:13.180 [main] DEBUG org.hibernate.boot.model.internal.AnnotatedColumn - Binding column: AnnotatedDiscriminatorColumn(column='DTYPE')
10:24:13.181 [main] DEBUG org.hibernate.boot.model.internal.AnnotatedColumn - Binding column: AnnotatedColumn()
10:24:13.181 [main] DEBUG org.hibernate.boot.internal.ClassLoaderAccessImpl - Not known whether passed class name [org.frcpm.models.Component] is safe
10:24:13.181 [main] DEBUG org.hibernate.boot.internal.ClassLoaderAccessImpl - No temp ClassLoader provided; using live ClassLoader for loading potentially unsafe class : org.frcpm.models.Component
10:24:13.181 [main] DEBUG org.hibernate.boot.model.internal.PropertyBinder - MetadataSourceProcessor property id with lazy=false
10:24:13.181 [main] DEBUG org.hibernate.boot.model.internal.AbstractPropertyHolder - Attempting to locate auto-apply AttributeConverter for property [org.frcpm.models.Component:id]
10:24:13.181 [main] DEBUG org.hibernate.boot.model.internal.BasicValueBinder - building BasicValue for id
10:24:13.181 [main] DEBUG org.hibernate.mapping.BasicValue - Skipping column re-registration: components.id
10:24:13.181 [main] DEBUG org.hibernate.boot.model.internal.PropertyBinder - Building property id
10:24:13.181 [main] DEBUG org.hibernate.boot.model.internal.BinderHelper - #makeIdGenerator(BasicValue([Column(id)]), id, identity, , ...)
10:24:13.181 [main] DEBUG org.hibernate.boot.model.internal.AnnotatedColumn - Binding column: AnnotatedColumn(column='actual_delivery')
10:24:13.181 [main] DEBUG org.hibernate.boot.model.internal.PropertyBinder - MetadataSourceProcessor property actualDelivery with lazy=false
10:24:13.181 [main] DEBUG org.hibernate.boot.model.internal.AbstractPropertyHolder - Attempting to locate auto-apply AttributeConverter for property [org.frcpm.models.Component:actualDelivery]
10:24:13.181 [main] DEBUG org.hibernate.boot.model.internal.BasicValueBinder - building BasicValue for actualDelivery
10:24:13.181 [main] DEBUG org.hibernate.mapping.BasicValue - Skipping column re-registration: components.actual_delivery
10:24:13.181 [main] DEBUG org.hibernate.boot.model.internal.PropertyBinder - Building property actualDelivery
10:24:13.181 [main] DEBUG org.hibernate.boot.model.internal.AnnotatedColumn - Binding column: AnnotatedColumn(column='is_delivered')
10:24:13.181 [main] DEBUG org.hibernate.boot.model.internal.PropertyBinder - MetadataSourceProcessor property delivered with lazy=false
10:24:13.181 [main] DEBUG org.hibernate.boot.model.internal.AbstractPropertyHolder - Attempting to locate auto-apply AttributeConverter for property [org.frcpm.models.Component:delivered]
10:24:13.181 [main] DEBUG org.hibernate.boot.model.internal.BasicValueBinder - building BasicValue for delivered
10:24:13.182 [main] DEBUG org.hibernate.mapping.BasicValue - Skipping column re-registration: components.is_delivered
10:24:13.182 [main] DEBUG org.hibernate.boot.model.internal.PropertyBinder - Building property delivered
10:24:13.182 [main] DEBUG org.hibernate.boot.model.internal.AnnotatedColumn - Binding column: AnnotatedColumn(column='description')
10:24:13.182 [main] DEBUG org.hibernate.boot.model.internal.PropertyBinder - MetadataSourceProcessor property description with lazy=false
10:24:13.182 [main] DEBUG org.hibernate.boot.model.internal.AbstractPropertyHolder - Attempting to locate auto-apply AttributeConverter for property [org.frcpm.models.Component:description]
10:24:13.182 [main] DEBUG org.hibernate.boot.model.internal.BasicValueBinder - building BasicValue for description
10:24:13.182 [main] DEBUG org.hibernate.mapping.BasicValue - Skipping column re-registration: components.description
10:24:13.182 [main] DEBUG org.hibernate.boot.model.internal.PropertyBinder - Building property description
10:24:13.182 [main] DEBUG org.hibernate.boot.model.internal.AnnotatedColumn - Binding column: AnnotatedColumn(column='expected_delivery')
10:24:13.182 [main] DEBUG org.hibernate.boot.model.internal.PropertyBinder - MetadataSourceProcessor property expectedDelivery with lazy=false
10:24:13.182 [main] DEBUG org.hibernate.boot.model.internal.AbstractPropertyHolder - Attempting to locate auto-apply AttributeConverter for property [org.frcpm.models.Component:expectedDelivery]
10:24:13.182 [main] DEBUG org.hibernate.boot.model.internal.BasicValueBinder - building BasicValue for expectedDelivery
10:24:13.182 [main] DEBUG org.hibernate.mapping.BasicValue - Skipping column re-registration: components.expected_delivery
10:24:13.182 [main] DEBUG org.hibernate.boot.model.internal.PropertyBinder - Building property expectedDelivery
10:24:13.182 [main] DEBUG org.hibernate.boot.model.internal.AnnotatedColumn - Binding column: AnnotatedColumn(column='name')
10:24:13.182 [main] DEBUG org.hibernate.boot.model.internal.PropertyBinder - MetadataSourceProcessor property name with lazy=false
10:24:13.182 [main] DEBUG org.hibernate.boot.model.internal.AbstractPropertyHolder - Attempting to locate auto-apply AttributeConverter for property [org.frcpm.models.Component:name]
10:24:13.182 [main] DEBUG org.hibernate.boot.model.internal.BasicValueBinder - building BasicValue for name
10:24:13.182 [main] DEBUG org.hibernate.mapping.BasicValue - Skipping column re-registration: components.name
10:24:13.182 [main] DEBUG org.hibernate.boot.model.internal.PropertyBinder - Building property name
10:24:13.182 [main] DEBUG org.hibernate.boot.model.internal.AnnotatedColumn - Binding column: AnnotatedColumn(column='part_number')
10:24:13.182 [main] DEBUG org.hibernate.boot.model.internal.PropertyBinder - MetadataSourceProcessor property partNumber with lazy=false
10:24:13.182 [main] DEBUG org.hibernate.boot.model.internal.AbstractPropertyHolder - Attempting to locate auto-apply AttributeConverter for property [org.frcpm.models.Component:partNumber]
10:24:13.182 [main] DEBUG org.hibernate.boot.model.internal.BasicValueBinder - building BasicValue for partNumber
10:24:13.182 [main] DEBUG org.hibernate.mapping.BasicValue - Skipping column re-registration: components.part_number
10:24:13.182 [main] DEBUG org.hibernate.boot.model.internal.PropertyBinder - Building property partNumber
10:24:13.182 [main] DEBUG org.hibernate.boot.model.internal.AnnotatedColumn - Binding column: IndexColumn(column='requiredForTasks_ORDER')
10:24:13.183 [main] DEBUG org.hibernate.boot.model.internal.AnnotatedColumn - Binding column: AnnotatedColumn()
10:24:13.183 [main] DEBUG org.hibernate.boot.model.internal.AnnotatedColumn - Binding column: AnnotatedColumn(column='requiredForTasks_KEY')
10:24:13.183 [main] DEBUG org.hibernate.boot.model.internal.AnnotatedColumn - Binding column: AnnotatedJoinColumn(column='requiredForTasks_KEY')
10:24:13.183 [main] DEBUG org.hibernate.boot.model.internal.AnnotatedColumn - Binding column: AnnotatedJoinColumn()
10:24:13.183 [main] DEBUG org.hibernate.boot.model.internal.AnnotatedColumn - Binding column: AnnotatedJoinColumn()
10:24:13.183 [main] DEBUG org.hibernate.boot.model.internal.CollectionBinder - Collection role: org.frcpm.models.Component.requiredForTasks
10:24:13.183 [main] DEBUG org.hibernate.boot.model.internal.PropertyBinder - Building property requiredForTasks
10:24:13.184 [main] DEBUG org.hibernate.boot.registry.classloading.internal.ClassLoaderServiceImpl - HHH000194: Package not found or no package-info.java: org.frcpm.models
10:24:13.184 [main] DEBUG org.hibernate.boot.model.internal.EntityBinder - Binding entity from annotated class: org.frcpm.models.Milestone
10:24:13.184 [main] DEBUG org.hibernate.boot.model.internal.EntityBinder - Import with entity name Milestone
10:24:13.184 [main] DEBUG org.hibernate.boot.model.internal.EntityBinder - Bind entity org.frcpm.models.Milestone on table milestones
10:24:13.184 [main] DEBUG org.hibernate.boot.model.internal.AnnotatedColumn - Binding column: AnnotatedDiscriminatorColumn(column='DTYPE')
10:24:13.184 [main] DEBUG org.hibernate.boot.model.internal.AnnotatedColumn - Binding column: AnnotatedColumn()
10:24:13.184 [main] DEBUG org.hibernate.boot.internal.ClassLoaderAccessImpl - Not known whether passed class name [org.frcpm.models.Milestone] is safe
10:24:13.184 [main] DEBUG org.hibernate.boot.internal.ClassLoaderAccessImpl - No temp ClassLoader provided; using live ClassLoader for loading potentially unsafe class : org.frcpm.models.Milestone
10:24:13.184 [main] DEBUG org.hibernate.boot.model.internal.PropertyBinder - MetadataSourceProcessor property id with lazy=false
10:24:13.184 [main] DEBUG org.hibernate.boot.model.internal.AbstractPropertyHolder - Attempting to locate auto-apply AttributeConverter for property [org.frcpm.models.Milestone:id]
10:24:13.185 [main] DEBUG org.hibernate.boot.model.internal.BasicValueBinder - building BasicValue for id
10:24:13.185 [main] DEBUG org.hibernate.mapping.BasicValue - Skipping column re-registration: milestones.id
10:24:13.185 [main] DEBUG org.hibernate.boot.model.internal.PropertyBinder - Building property id
10:24:13.185 [main] DEBUG org.hibernate.boot.model.internal.BinderHelper - #makeIdGenerator(BasicValue([Column(id)]), id, identity, , ...)
10:24:13.185 [main] DEBUG org.hibernate.boot.model.internal.AnnotatedColumn - Binding column: AnnotatedColumn(column='date')
10:24:13.185 [main] DEBUG org.hibernate.boot.model.internal.PropertyBinder - MetadataSourceProcessor property date with lazy=false
10:24:13.185 [main] DEBUG org.hibernate.boot.model.internal.AbstractPropertyHolder - Attempting to locate auto-apply AttributeConverter for property [org.frcpm.models.Milestone:date]
10:24:13.185 [main] DEBUG org.hibernate.boot.model.internal.BasicValueBinder - building BasicValue for date
10:24:13.185 [main] DEBUG org.hibernate.mapping.BasicValue - Skipping column re-registration: milestones.date
10:24:13.185 [main] DEBUG org.hibernate.boot.model.internal.PropertyBinder - Building property date
10:24:13.185 [main] DEBUG org.hibernate.boot.model.internal.AnnotatedColumn - Binding column: AnnotatedColumn(column='description')
10:24:13.185 [main] DEBUG org.hibernate.boot.model.internal.PropertyBinder - MetadataSourceProcessor property description with lazy=false
10:24:13.185 [main] DEBUG org.hibernate.boot.model.internal.AbstractPropertyHolder - Attempting to locate auto-apply AttributeConverter for property [org.frcpm.models.Milestone:description]
10:24:13.185 [main] DEBUG org.hibernate.boot.model.internal.BasicValueBinder - building BasicValue for description
10:24:13.185 [main] DEBUG org.hibernate.mapping.BasicValue - Skipping column re-registration: milestones.description
10:24:13.185 [main] DEBUG org.hibernate.boot.model.internal.PropertyBinder - Building property description
10:24:13.185 [main] DEBUG org.hibernate.boot.model.internal.AnnotatedColumn - Binding column: AnnotatedColumn(column='name')
10:24:13.185 [main] DEBUG org.hibernate.boot.model.internal.PropertyBinder - MetadataSourceProcessor property name with lazy=false
10:24:13.185 [main] DEBUG org.hibernate.boot.model.internal.AbstractPropertyHolder - Attempting to locate auto-apply AttributeConverter for property [org.frcpm.models.Milestone:name]
10:24:13.185 [main] DEBUG org.hibernate.boot.model.internal.BasicValueBinder - building BasicValue for name
10:24:13.185 [main] DEBUG org.hibernate.mapping.BasicValue - Skipping column re-registration: milestones.name
10:24:13.185 [main] DEBUG org.hibernate.boot.model.internal.PropertyBinder - Building property name
10:24:13.185 [main] DEBUG org.hibernate.boot.model.internal.AnnotatedColumn - Binding column: AnnotatedJoinColumn(column='project_id')
10:24:13.185 [main] DEBUG org.hibernate.boot.model.internal.AnnotatedColumn - Binding column: AnnotatedColumn()
10:24:13.185 [main] DEBUG org.hibernate.boot.model.internal.PropertyBinder - Building property project
10:24:13.186 [main] DEBUG org.hibernate.boot.registry.classloading.internal.ClassLoaderServiceImpl - HHH000194: Package not found or no package-info.java: org.frcpm.models
10:24:13.186 [main] DEBUG org.hibernate.boot.model.internal.EntityBinder - Binding entity from annotated class: org.frcpm.models.Project
10:24:13.186 [main] DEBUG org.hibernate.boot.model.internal.EntityBinder - Import with entity name Project
10:24:13.186 [main] DEBUG org.hibernate.boot.model.internal.EntityBinder - Bind entity org.frcpm.models.Project on table projects
10:24:13.186 [main] DEBUG org.hibernate.boot.model.internal.AnnotatedColumn - Binding column: AnnotatedDiscriminatorColumn(column='DTYPE')
10:24:13.187 [main] DEBUG org.hibernate.boot.model.internal.AnnotatedColumn - Binding column: AnnotatedColumn()
10:24:13.187 [main] DEBUG org.hibernate.boot.internal.ClassLoaderAccessImpl - Not known whether passed class name [org.frcpm.models.Project] is safe
10:24:13.187 [main] DEBUG org.hibernate.boot.internal.ClassLoaderAccessImpl - No temp ClassLoader provided; using live ClassLoader for loading potentially unsafe class : org.frcpm.models.Project
10:24:13.187 [main] DEBUG org.hibernate.boot.model.internal.PropertyBinder - MetadataSourceProcessor property id with lazy=false
10:24:13.187 [main] DEBUG org.hibernate.boot.model.internal.AbstractPropertyHolder - Attempting to locate auto-apply AttributeConverter for property [org.frcpm.models.Project:id]
10:24:13.187 [main] DEBUG org.hibernate.boot.model.internal.BasicValueBinder - building BasicValue for id
10:24:13.187 [main] DEBUG org.hibernate.mapping.BasicValue - Skipping column re-registration: projects.id
10:24:13.187 [main] DEBUG org.hibernate.boot.model.internal.PropertyBinder - Building property id
10:24:13.187 [main] DEBUG org.hibernate.boot.model.internal.BinderHelper - #makeIdGenerator(BasicValue([Column(id)]), id, identity, , ...)
10:24:13.187 [main] DEBUG org.hibernate.boot.model.internal.AnnotatedColumn - Binding column: AnnotatedColumn(column='description')
10:24:13.187 [main] DEBUG org.hibernate.boot.model.internal.PropertyBinder - MetadataSourceProcessor property description with lazy=false
10:24:13.187 [main] DEBUG org.hibernate.boot.model.internal.AbstractPropertyHolder - Attempting to locate auto-apply AttributeConverter for property [org.frcpm.models.Project:description]
10:24:13.187 [main] DEBUG org.hibernate.boot.model.internal.BasicValueBinder - building BasicValue for description
10:24:13.187 [main] DEBUG org.hibernate.mapping.BasicValue - Skipping column re-registration: projects.description
10:24:13.187 [main] DEBUG org.hibernate.boot.model.internal.PropertyBinder - Building property description
10:24:13.187 [main] DEBUG org.hibernate.boot.model.internal.AnnotatedColumn - Binding column: AnnotatedColumn(column='goal_end_date')
10:24:13.187 [main] DEBUG org.hibernate.boot.model.internal.PropertyBinder - MetadataSourceProcessor property goalEndDate with lazy=false
10:24:13.187 [main] DEBUG org.hibernate.boot.model.internal.AbstractPropertyHolder - Attempting to locate auto-apply AttributeConverter for property [org.frcpm.models.Project:goalEndDate]
10:24:13.187 [main] DEBUG org.hibernate.boot.model.internal.BasicValueBinder - building BasicValue for goalEndDate
10:24:13.187 [main] DEBUG org.hibernate.mapping.BasicValue - Skipping column re-registration: projects.goal_end_date
10:24:13.187 [main] DEBUG org.hibernate.boot.model.internal.PropertyBinder - Building property goalEndDate
10:24:13.187 [main] DEBUG org.hibernate.boot.model.internal.AnnotatedColumn - Binding column: AnnotatedColumn(column='hard_deadline')
10:24:13.187 [main] DEBUG org.hibernate.boot.model.internal.PropertyBinder - MetadataSourceProcessor property hardDeadline with lazy=false
10:24:13.187 [main] DEBUG org.hibernate.boot.model.internal.AbstractPropertyHolder - Attempting to locate auto-apply AttributeConverter for property [org.frcpm.models.Project:hardDeadline]
10:24:13.187 [main] DEBUG org.hibernate.boot.model.internal.BasicValueBinder - building BasicValue for hardDeadline
10:24:13.187 [main] DEBUG org.hibernate.mapping.BasicValue - Skipping column re-registration: projects.hard_deadline
10:24:13.187 [main] DEBUG org.hibernate.boot.model.internal.PropertyBinder - Building property hardDeadline
10:24:13.187 [main] DEBUG org.hibernate.boot.model.internal.AnnotatedColumn - Binding column: AnnotatedJoinColumn()
10:24:13.187 [main] DEBUG org.hibernate.boot.model.internal.AnnotatedColumn - Binding column: AnnotatedColumn()
10:24:13.187 [main] DEBUG org.hibernate.boot.model.internal.AnnotatedColumn - Binding column: IndexColumn(column='meetings_ORDER')
10:24:13.187 [main] DEBUG org.hibernate.boot.model.internal.AnnotatedColumn - Binding column: AnnotatedColumn()
10:24:13.187 [main] DEBUG org.hibernate.boot.model.internal.AnnotatedColumn - Binding column: AnnotatedColumn(column='meetings_KEY')
10:24:13.187 [main] DEBUG org.hibernate.boot.model.internal.AnnotatedColumn - Binding column: AnnotatedJoinColumn(column='meetings_KEY')
10:24:13.187 [main] DEBUG org.hibernate.boot.model.internal.AnnotatedColumn - Binding column: AnnotatedJoinColumn()
10:24:13.187 [main] DEBUG org.hibernate.boot.model.internal.AnnotatedColumn - Binding column: AnnotatedJoinColumn()
10:24:13.187 [main] DEBUG org.hibernate.boot.model.internal.CollectionBinder - Collection role: org.frcpm.models.Project.meetings
10:24:13.187 [main] DEBUG org.hibernate.boot.model.internal.PropertyBinder - Building property meetings
10:24:13.188 [main] DEBUG org.hibernate.boot.model.internal.AnnotatedColumn - Binding column: AnnotatedJoinColumn()
10:24:13.188 [main] DEBUG org.hibernate.boot.model.internal.AnnotatedColumn - Binding column: AnnotatedColumn()
10:24:13.188 [main] DEBUG org.hibernate.boot.model.internal.AnnotatedColumn - Binding column: IndexColumn(column='milestones_ORDER')
10:24:13.188 [main] DEBUG org.hibernate.boot.model.internal.AnnotatedColumn - Binding column: AnnotatedColumn()
10:24:13.188 [main] DEBUG org.hibernate.boot.model.internal.AnnotatedColumn - Binding column: AnnotatedColumn(column='milestones_KEY')
10:24:13.188 [main] DEBUG org.hibernate.boot.model.internal.AnnotatedColumn - Binding column: AnnotatedJoinColumn(column='milestones_KEY')
10:24:13.188 [main] DEBUG org.hibernate.boot.model.internal.AnnotatedColumn - Binding column: AnnotatedJoinColumn()
10:24:13.188 [main] DEBUG org.hibernate.boot.model.internal.AnnotatedColumn - Binding column: AnnotatedJoinColumn()
10:24:13.188 [main] DEBUG org.hibernate.boot.model.internal.CollectionBinder - Collection role: org.frcpm.models.Project.milestones
10:24:13.188 [main] DEBUG org.hibernate.boot.model.internal.PropertyBinder - Building property milestones
10:24:13.188 [main] DEBUG org.hibernate.boot.model.internal.AnnotatedColumn - Binding column: AnnotatedColumn(column='name')
10:24:13.188 [main] DEBUG org.hibernate.boot.model.internal.PropertyBinder - MetadataSourceProcessor property name with lazy=false
10:24:13.188 [main] DEBUG org.hibernate.boot.model.internal.AbstractPropertyHolder - Attempting to locate auto-apply AttributeConverter for property [org.frcpm.models.Project:name]
10:24:13.188 [main] DEBUG org.hibernate.boot.model.internal.BasicValueBinder - building BasicValue for name
10:24:13.188 [main] DEBUG org.hibernate.mapping.BasicValue - Skipping column re-registration: projects.name
10:24:13.188 [main] DEBUG org.hibernate.boot.model.internal.PropertyBinder - Building property name
10:24:13.188 [main] DEBUG org.hibernate.boot.model.internal.AnnotatedColumn - Binding column: AnnotatedColumn(column='start_date')
10:24:13.188 [main] DEBUG org.hibernate.boot.model.internal.PropertyBinder - MetadataSourceProcessor property startDate with lazy=false
10:24:13.188 [main] DEBUG org.hibernate.boot.model.internal.AbstractPropertyHolder - Attempting to locate auto-apply AttributeConverter for property [org.frcpm.models.Project:startDate]
10:24:13.188 [main] DEBUG org.hibernate.boot.model.internal.BasicValueBinder - building BasicValue for startDate
10:24:13.188 [main] DEBUG org.hibernate.mapping.BasicValue - Skipping column re-registration: projects.start_date
10:24:13.188 [main] DEBUG org.hibernate.boot.model.internal.PropertyBinder - Building property startDate
10:24:13.188 [main] DEBUG org.hibernate.boot.model.internal.AnnotatedColumn - Binding column: AnnotatedJoinColumn()
10:24:13.188 [main] DEBUG org.hibernate.boot.model.internal.AnnotatedColumn - Binding column: AnnotatedColumn()
10:24:13.188 [main] DEBUG org.hibernate.boot.model.internal.AnnotatedColumn - Binding column: IndexColumn(column='tasks_ORDER')
10:24:13.188 [main] DEBUG org.hibernate.boot.model.internal.AnnotatedColumn - Binding column: AnnotatedColumn()
10:24:13.188 [main] DEBUG org.hibernate.boot.model.internal.AnnotatedColumn - Binding column: AnnotatedColumn(column='tasks_KEY')
10:24:13.188 [main] DEBUG org.hibernate.boot.model.internal.AnnotatedColumn - Binding column: AnnotatedJoinColumn(column='tasks_KEY')
10:24:13.189 [main] DEBUG org.hibernate.boot.model.internal.AnnotatedColumn - Binding column: AnnotatedJoinColumn()
10:24:13.189 [main] DEBUG org.hibernate.boot.model.internal.AnnotatedColumn - Binding column: AnnotatedJoinColumn()
10:24:13.189 [main] DEBUG org.hibernate.boot.model.internal.CollectionBinder - Collection role: org.frcpm.models.Project.tasks
10:24:13.189 [main] DEBUG org.hibernate.boot.model.internal.PropertyBinder - Building property tasks
10:24:13.190 [main] DEBUG org.hibernate.boot.registry.classloading.internal.ClassLoaderServiceImpl - HHH000194: Package not found or no package-info.java: org.frcpm.models
10:24:13.190 [main] DEBUG org.hibernate.boot.model.internal.EntityBinder - Binding entity from annotated class: org.frcpm.models.Subteam
10:24:13.190 [main] DEBUG org.hibernate.boot.model.internal.EntityBinder - Import with entity name Subteam
10:24:13.191 [main] DEBUG org.hibernate.boot.model.internal.EntityBinder - Bind entity org.frcpm.models.Subteam on table subteams
10:24:13.191 [main] DEBUG org.hibernate.boot.model.internal.AnnotatedColumn - Binding column: AnnotatedDiscriminatorColumn(column='DTYPE')
10:24:13.191 [main] DEBUG org.hibernate.boot.model.internal.AnnotatedColumn - Binding column: AnnotatedColumn()
10:24:13.191 [main] DEBUG org.hibernate.boot.internal.ClassLoaderAccessImpl - Not known whether passed class name [org.frcpm.models.Subteam] is safe
10:24:13.191 [main] DEBUG org.hibernate.boot.internal.ClassLoaderAccessImpl - No temp ClassLoader provided; using live ClassLoader for loading potentially unsafe class : org.frcpm.models.Subteam
10:24:13.191 [main] DEBUG org.hibernate.boot.model.internal.PropertyBinder - MetadataSourceProcessor property id with lazy=false
10:24:13.191 [main] DEBUG org.hibernate.boot.model.internal.AbstractPropertyHolder - Attempting to locate auto-apply AttributeConverter for property [org.frcpm.models.Subteam:id]
10:24:13.191 [main] DEBUG org.hibernate.boot.model.internal.BasicValueBinder - building BasicValue for id
10:24:13.191 [main] DEBUG org.hibernate.mapping.BasicValue - Skipping column re-registration: subteams.id
10:24:13.191 [main] DEBUG org.hibernate.boot.model.internal.PropertyBinder - Building property id
10:24:13.191 [main] DEBUG org.hibernate.boot.model.internal.BinderHelper - #makeIdGenerator(BasicValue([Column(id)]), id, identity, , ...)
10:24:13.191 [main] DEBUG org.hibernate.boot.model.internal.AnnotatedColumn - Binding column: AnnotatedColumn(column='color_code')
10:24:13.191 [main] DEBUG org.hibernate.boot.model.internal.PropertyBinder - MetadataSourceProcessor property colorCode with lazy=false
10:24:13.191 [main] DEBUG org.hibernate.boot.model.internal.AbstractPropertyHolder - Attempting to locate auto-apply AttributeConverter for property [org.frcpm.models.Subteam:colorCode]
10:24:13.191 [main] DEBUG org.hibernate.boot.model.internal.BasicValueBinder - building BasicValue for colorCode
10:24:13.191 [main] DEBUG org.hibernate.mapping.BasicValue - Skipping column re-registration: subteams.color_code
10:24:13.191 [main] DEBUG org.hibernate.boot.model.internal.PropertyBinder - Building property colorCode
10:24:13.191 [main] DEBUG org.hibernate.boot.model.internal.AnnotatedColumn - Binding column: AnnotatedJoinColumn()
10:24:13.191 [main] DEBUG org.hibernate.boot.model.internal.AnnotatedColumn - Binding column: AnnotatedColumn()
10:24:13.192 [main] DEBUG org.hibernate.boot.model.internal.AnnotatedColumn - Binding column: IndexColumn(column='members_ORDER')
10:24:13.192 [main] DEBUG org.hibernate.boot.model.internal.AnnotatedColumn - Binding column: AnnotatedColumn()
10:24:13.192 [main] DEBUG org.hibernate.boot.model.internal.AnnotatedColumn - Binding column: AnnotatedColumn(column='members_KEY')
10:24:13.192 [main] DEBUG org.hibernate.boot.model.internal.AnnotatedColumn - Binding column: AnnotatedJoinColumn(column='members_KEY')
10:24:13.192 [main] DEBUG org.hibernate.boot.model.internal.AnnotatedColumn - Binding column: AnnotatedJoinColumn()
10:24:13.192 [main] DEBUG org.hibernate.boot.model.internal.AnnotatedColumn - Binding column: AnnotatedJoinColumn()
10:24:13.192 [main] DEBUG org.hibernate.boot.model.internal.CollectionBinder - Collection role: org.frcpm.models.Subteam.members
10:24:13.192 [main] DEBUG org.hibernate.boot.model.internal.PropertyBinder - Building property members
10:24:13.192 [main] DEBUG org.hibernate.boot.model.internal.AnnotatedColumn - Binding column: AnnotatedColumn(column='name')
10:24:13.192 [main] DEBUG org.hibernate.boot.model.internal.PropertyBinder - MetadataSourceProcessor property name with lazy=false
10:24:13.192 [main] DEBUG org.hibernate.boot.model.internal.AbstractPropertyHolder - Attempting to locate auto-apply AttributeConverter for property [org.frcpm.models.Subteam:name]
10:24:13.192 [main] DEBUG org.hibernate.boot.model.internal.BasicValueBinder - building BasicValue for name
10:24:13.192 [main] DEBUG org.hibernate.mapping.BasicValue - Skipping column re-registration: subteams.name
10:24:13.192 [main] DEBUG org.hibernate.boot.model.internal.PropertyBinder - Building property name
10:24:13.192 [main] DEBUG org.hibernate.boot.model.internal.AnnotatedColumn - Binding column: AnnotatedColumn(column='specialties')
10:24:13.192 [main] DEBUG org.hibernate.boot.model.internal.PropertyBinder - MetadataSourceProcessor property specialties with lazy=false
10:24:13.192 [main] DEBUG org.hibernate.boot.model.internal.AbstractPropertyHolder - Attempting to locate auto-apply AttributeConverter for property [org.frcpm.models.Subteam:specialties]
10:24:13.192 [main] DEBUG org.hibernate.boot.model.internal.BasicValueBinder - building BasicValue for specialties
10:24:13.192 [main] DEBUG org.hibernate.mapping.BasicValue - Skipping column re-registration: subteams.specialties
10:24:13.192 [main] DEBUG org.hibernate.boot.model.internal.PropertyBinder - Building property specialties
10:24:13.192 [main] DEBUG org.hibernate.boot.model.internal.AnnotatedColumn - Binding column: AnnotatedJoinColumn()
10:24:13.192 [main] DEBUG org.hibernate.boot.model.internal.AnnotatedColumn - Binding column: AnnotatedColumn()
10:24:13.192 [main] DEBUG org.hibernate.boot.model.internal.AnnotatedColumn - Binding column: IndexColumn(column='subsystems_ORDER')
10:24:13.192 [main] DEBUG org.hibernate.boot.model.internal.AnnotatedColumn - Binding column: AnnotatedColumn()
10:24:13.192 [main] DEBUG org.hibernate.boot.model.internal.AnnotatedColumn - Binding column: AnnotatedColumn(column='subsystems_KEY')
10:24:13.192 [main] DEBUG org.hibernate.boot.model.internal.AnnotatedColumn - Binding column: AnnotatedJoinColumn(column='subsystems_KEY')
10:24:13.192 [main] DEBUG org.hibernate.boot.model.internal.AnnotatedColumn - Binding column: AnnotatedJoinColumn()
10:24:13.192 [main] DEBUG org.hibernate.boot.model.internal.AnnotatedColumn - Binding column: AnnotatedJoinColumn()
10:24:13.192 [main] DEBUG org.hibernate.boot.model.internal.CollectionBinder - Collection role: org.frcpm.models.Subteam.subsystems
10:24:13.192 [main] DEBUG org.hibernate.boot.model.internal.PropertyBinder - Building property subsystems
10:24:13.192 [main] DEBUG org.hibernate.boot.registry.classloading.internal.ClassLoaderServiceImpl - HHH000194: Package not found or no package-info.java: org.frcpm.models
10:24:13.193 [main] DEBUG org.hibernate.boot.model.internal.EntityBinder - Binding entity from annotated class: org.frcpm.models.Task
10:24:13.193 [main] DEBUG org.hibernate.boot.model.internal.EntityBinder - Import with entity name Task
10:24:13.193 [main] DEBUG org.hibernate.boot.model.internal.EntityBinder - Bind entity org.frcpm.models.Task on table tasks
10:24:13.193 [main] DEBUG org.hibernate.boot.model.internal.AnnotatedColumn - Binding column: AnnotatedDiscriminatorColumn(column='DTYPE')
10:24:13.193 [main] DEBUG org.hibernate.boot.model.internal.AnnotatedColumn - Binding column: AnnotatedColumn()
10:24:13.193 [main] DEBUG org.hibernate.boot.internal.ClassLoaderAccessImpl - Not known whether passed class name [org.frcpm.models.Task] is safe
10:24:13.193 [main] DEBUG org.hibernate.boot.internal.ClassLoaderAccessImpl - No temp ClassLoader provided; using live ClassLoader for loading potentially unsafe class : org.frcpm.models.Task
10:24:13.193 [main] DEBUG org.hibernate.boot.model.internal.PropertyBinder - MetadataSourceProcessor property id with lazy=false
10:24:13.193 [main] DEBUG org.hibernate.boot.model.internal.AbstractPropertyHolder - Attempting to locate auto-apply AttributeConverter for property [org.frcpm.models.Task:id]
10:24:13.193 [main] DEBUG org.hibernate.boot.model.internal.BasicValueBinder - building BasicValue for id
10:24:13.194 [main] DEBUG org.hibernate.mapping.BasicValue - Skipping column re-registration: tasks.id
10:24:13.194 [main] DEBUG org.hibernate.boot.model.internal.PropertyBinder - Building property id
10:24:13.194 [main] DEBUG org.hibernate.boot.model.internal.BinderHelper - #makeIdGenerator(BasicValue([Column(id)]), id, identity, , ...)
10:24:13.194 [main] DEBUG org.hibernate.boot.model.internal.AnnotatedColumn - Binding column: AnnotatedColumn(column='actual_duration_seconds')
10:24:13.194 [main] DEBUG org.hibernate.boot.model.internal.PropertyBinder - MetadataSourceProcessor property actualDurationSeconds with lazy=false
10:24:13.194 [main] DEBUG org.hibernate.boot.model.internal.AbstractPropertyHolder - Attempting to locate auto-apply AttributeConverter for property [org.frcpm.models.Task:actualDurationSeconds]
10:24:13.194 [main] DEBUG org.hibernate.boot.model.internal.BasicValueBinder - building BasicValue for actualDurationSeconds
10:24:13.194 [main] DEBUG org.hibernate.mapping.BasicValue - Skipping column re-registration: tasks.actual_duration_seconds
10:24:13.194 [main] DEBUG org.hibernate.boot.model.internal.PropertyBinder - Building property actualDurationSeconds
10:24:13.194 [main] DEBUG org.hibernate.boot.model.internal.AnnotatedColumn - Binding column: IndexColumn(column='assignedTo_ORDER')
10:24:13.194 [main] DEBUG org.hibernate.boot.model.internal.AnnotatedColumn - Binding column: AnnotatedColumn()
10:24:13.195 [main] DEBUG org.hibernate.boot.model.internal.AnnotatedColumn - Binding column: AnnotatedColumn(column='assignedTo_KEY')
10:24:13.195 [main] DEBUG org.hibernate.boot.model.internal.AnnotatedColumn - Binding column: AnnotatedJoinColumn(column='assignedTo_KEY')
10:24:13.195 [main] DEBUG org.hibernate.boot.model.internal.AnnotatedColumn - Binding column: AnnotatedJoinColumn(column='task_id')
10:24:13.195 [main] DEBUG org.hibernate.boot.model.internal.AnnotatedColumn - Binding column: AnnotatedJoinColumn(column='team_member_id')
10:24:13.195 [main] DEBUG org.hibernate.boot.model.internal.CollectionBinder - Collection role: org.frcpm.models.Task.assignedTo
10:24:13.195 [main] DEBUG org.hibernate.boot.model.internal.PropertyBinder - Building property assignedTo
10:24:13.195 [main] DEBUG org.hibernate.boot.model.internal.AnnotatedColumn - Binding column: AnnotatedColumn(column='completed')
10:24:13.195 [main] DEBUG org.hibernate.boot.model.internal.PropertyBinder - MetadataSourceProcessor property completed with lazy=false
10:24:13.195 [main] DEBUG org.hibernate.boot.model.internal.AbstractPropertyHolder - Attempting to locate auto-apply AttributeConverter for property [org.frcpm.models.Task:completed]
10:24:13.195 [main] DEBUG org.hibernate.boot.model.internal.BasicValueBinder - building BasicValue for completed
10:24:13.195 [main] DEBUG org.hibernate.mapping.BasicValue - Skipping column re-registration: tasks.completed
10:24:13.195 [main] DEBUG org.hibernate.boot.model.internal.PropertyBinder - Building property completed
10:24:13.195 [main] DEBUG org.hibernate.boot.model.internal.AnnotatedColumn - Binding column: AnnotatedColumn(column='description')
10:24:13.195 [main] DEBUG org.hibernate.boot.model.internal.PropertyBinder - MetadataSourceProcessor property description with lazy=false
10:24:13.195 [main] DEBUG org.hibernate.boot.model.internal.AbstractPropertyHolder - Attempting to locate auto-apply AttributeConverter for property [org.frcpm.models.Task:description]
10:24:13.195 [main] DEBUG org.hibernate.boot.model.internal.BasicValueBinder - building BasicValue for description
10:24:13.196 [main] DEBUG org.hibernate.mapping.BasicValue - Skipping column re-registration: tasks.description
10:24:13.196 [main] DEBUG org.hibernate.boot.model.internal.PropertyBinder - Building property description
10:24:13.196 [main] DEBUG org.hibernate.boot.model.internal.AnnotatedColumn - Binding column: AnnotatedColumn(column='end_date')
10:24:13.196 [main] DEBUG org.hibernate.boot.model.internal.PropertyBinder - MetadataSourceProcessor property endDate with lazy=false
10:24:13.196 [main] DEBUG org.hibernate.boot.model.internal.AbstractPropertyHolder - Attempting to locate auto-apply AttributeConverter for property [org.frcpm.models.Task:endDate]
10:24:13.196 [main] DEBUG org.hibernate.boot.model.internal.BasicValueBinder - building BasicValue for endDate
10:24:13.196 [main] DEBUG org.hibernate.mapping.BasicValue - Skipping column re-registration: tasks.end_date
10:24:13.196 [main] DEBUG org.hibernate.boot.model.internal.PropertyBinder - Building property endDate
10:24:13.196 [main] DEBUG org.hibernate.boot.model.internal.AnnotatedColumn - Binding column: AnnotatedColumn(column='estimated_duration_seconds')
10:24:13.196 [main] DEBUG org.hibernate.boot.model.internal.PropertyBinder - MetadataSourceProcessor property estimatedDurationSeconds with lazy=false
10:24:13.197 [main] DEBUG org.hibernate.boot.model.internal.AbstractPropertyHolder - Attempting to locate auto-apply AttributeConverter for property [org.frcpm.models.Task:estimatedDurationSeconds]
10:24:13.197 [main] DEBUG org.hibernate.boot.model.internal.BasicValueBinder - building BasicValue for estimatedDurationSeconds
10:24:13.197 [main] DEBUG org.hibernate.mapping.BasicValue - Skipping column re-registration: tasks.estimated_duration_seconds
10:24:13.197 [main] DEBUG org.hibernate.boot.model.internal.PropertyBinder - Building property estimatedDurationSeconds
10:24:13.197 [main] DEBUG org.hibernate.boot.model.internal.AnnotatedColumn - Binding column: IndexColumn(column='postDependencies_ORDER')
10:24:13.197 [main] DEBUG org.hibernate.boot.model.internal.AnnotatedColumn - Binding column: AnnotatedColumn()
10:24:13.197 [main] DEBUG org.hibernate.boot.model.internal.AnnotatedColumn - Binding column: AnnotatedColumn(column='postDependencies_KEY')
10:24:13.197 [main] DEBUG org.hibernate.boot.model.internal.AnnotatedColumn - Binding column: AnnotatedJoinColumn(column='postDependencies_KEY')
10:24:13.198 [main] DEBUG org.hibernate.boot.model.internal.AnnotatedColumn - Binding column: AnnotatedJoinColumn()
10:24:13.198 [main] DEBUG org.hibernate.boot.model.internal.AnnotatedColumn - Binding column: AnnotatedJoinColumn()
10:24:13.198 [main] DEBUG org.hibernate.boot.model.internal.CollectionBinder - Collection role: org.frcpm.models.Task.postDependencies
10:24:13.198 [main] DEBUG org.hibernate.boot.model.internal.PropertyBinder - Building property postDependencies
10:24:13.199 [main] DEBUG org.hibernate.boot.model.internal.AnnotatedColumn - Binding column: IndexColumn(column='preDependencies_ORDER')
10:24:13.199 [main] DEBUG org.hibernate.boot.model.internal.AnnotatedColumn - Binding column: AnnotatedColumn()
10:24:13.200 [main] DEBUG org.hibernate.boot.model.internal.AnnotatedColumn - Binding column: AnnotatedColumn(column='preDependencies_KEY')
10:24:13.200 [main] DEBUG org.hibernate.boot.model.internal.AnnotatedColumn - Binding column: AnnotatedJoinColumn(column='preDependencies_KEY')
10:24:13.200 [main] DEBUG org.hibernate.boot.model.internal.AnnotatedColumn - Binding column: AnnotatedJoinColumn(column='task_id')
10:24:13.200 [main] DEBUG org.hibernate.boot.model.internal.AnnotatedColumn - Binding column: AnnotatedJoinColumn(column='dependency_id')
10:24:13.200 [main] DEBUG org.hibernate.boot.model.internal.CollectionBinder - Collection role: org.frcpm.models.Task.preDependencies
10:24:13.200 [main] DEBUG org.hibernate.boot.model.internal.PropertyBinder - Building property preDependencies
10:24:13.202 [main] DEBUG org.hibernate.boot.model.internal.AnnotatedColumn - Binding column: AnnotatedColumn(column='priority')
10:24:13.202 [main] DEBUG org.hibernate.boot.model.internal.PropertyBinder - MetadataSourceProcessor property priority with lazy=false
10:24:13.202 [main] DEBUG org.hibernate.boot.model.internal.AbstractPropertyHolder - Attempting to locate auto-apply AttributeConverter for property [org.frcpm.models.Task:priority]
10:24:13.202 [main] DEBUG org.hibernate.boot.model.internal.BasicValueBinder - building BasicValue for priority
10:24:13.202 [main] DEBUG org.hibernate.mapping.BasicValue - Skipping column re-registration: tasks.priority
10:24:13.202 [main] DEBUG org.hibernate.boot.model.internal.PropertyBinder - Building property priority
10:24:13.203 [main] DEBUG org.hibernate.boot.model.internal.AnnotatedColumn - Binding column: AnnotatedColumn(column='progress')
10:24:13.203 [main] DEBUG org.hibernate.boot.model.internal.PropertyBinder - MetadataSourceProcessor property progress with lazy=false
10:24:13.203 [main] DEBUG org.hibernate.boot.model.internal.AbstractPropertyHolder - Attempting to locate auto-apply AttributeConverter for property [org.frcpm.models.Task:progress]
10:24:13.203 [main] DEBUG org.hibernate.boot.model.internal.BasicValueBinder - building BasicValue for progress
10:24:13.203 [main] DEBUG org.hibernate.mapping.BasicValue - Skipping column re-registration: tasks.progress
10:24:13.203 [main] DEBUG org.hibernate.boot.model.internal.PropertyBinder - Building property progress
10:24:13.204 [main] DEBUG org.hibernate.boot.model.internal.AnnotatedColumn - Binding column: AnnotatedJoinColumn(column='project_id')
10:24:13.204 [main] DEBUG org.hibernate.boot.model.internal.AnnotatedColumn - Binding column: AnnotatedColumn()
10:24:13.204 [main] DEBUG org.hibernate.boot.model.internal.PropertyBinder - Building property project
10:24:13.204 [main] DEBUG org.hibernate.boot.model.internal.AnnotatedColumn - Binding column: IndexColumn(column='requiredComponents_ORDER')
10:24:13.204 [main] DEBUG org.hibernate.boot.model.internal.AnnotatedColumn - Binding column: AnnotatedColumn()
10:24:13.204 [main] DEBUG org.hibernate.boot.model.internal.AnnotatedColumn - Binding column: AnnotatedColumn(column='requiredComponents_KEY')
10:24:13.204 [main] DEBUG org.hibernate.boot.model.internal.AnnotatedColumn - Binding column: AnnotatedJoinColumn(column='requiredComponents_KEY')
10:24:13.204 [main] DEBUG org.hibernate.boot.model.internal.AnnotatedColumn - Binding column: AnnotatedJoinColumn(column='task_id')
10:24:13.204 [main] DEBUG org.hibernate.boot.model.internal.AnnotatedColumn - Binding column: AnnotatedJoinColumn(column='component_id')
10:24:13.204 [main] DEBUG org.hibernate.boot.model.internal.CollectionBinder - Collection role: org.frcpm.models.Task.requiredComponents
10:24:13.204 [main] DEBUG org.hibernate.boot.model.internal.PropertyBinder - Building property requiredComponents
10:24:13.204 [main] DEBUG org.hibernate.boot.model.internal.AnnotatedColumn - Binding column: AnnotatedColumn(column='start_date')
10:24:13.204 [main] DEBUG org.hibernate.boot.model.internal.PropertyBinder - MetadataSourceProcessor property startDate with lazy=false
10:24:13.204 [main] DEBUG org.hibernate.boot.model.internal.AbstractPropertyHolder - Attempting to locate auto-apply AttributeConverter for property [org.frcpm.models.Task:startDate]
10:24:13.204 [main] DEBUG org.hibernate.boot.model.internal.BasicValueBinder - building BasicValue for startDate
10:24:13.204 [main] DEBUG org.hibernate.mapping.BasicValue - Skipping column re-registration: tasks.start_date
10:24:13.204 [main] DEBUG org.hibernate.boot.model.internal.PropertyBinder - Building property startDate
10:24:13.204 [main] DEBUG org.hibernate.boot.model.internal.AnnotatedColumn - Binding column: AnnotatedJoinColumn(column='subsystem_id')
10:24:13.204 [main] DEBUG org.hibernate.boot.model.internal.AnnotatedColumn - Binding column: AnnotatedColumn()
10:24:13.204 [main] DEBUG org.hibernate.boot.model.internal.PropertyBinder - Building property subsystem
10:24:13.204 [main] DEBUG org.hibernate.boot.model.internal.AnnotatedColumn - Binding column: AnnotatedColumn(column='title')
10:24:13.204 [main] DEBUG org.hibernate.boot.model.internal.PropertyBinder - MetadataSourceProcessor property title with lazy=false
10:24:13.205 [main] DEBUG org.hibernate.boot.model.internal.AbstractPropertyHolder - Attempting to locate auto-apply AttributeConverter for property [org.frcpm.models.Task:title]
10:24:13.205 [main] DEBUG org.hibernate.boot.model.internal.BasicValueBinder - building BasicValue for title
10:24:13.205 [main] DEBUG org.hibernate.mapping.BasicValue - Skipping column re-registration: tasks.title
10:24:13.205 [main] DEBUG org.hibernate.boot.model.internal.PropertyBinder - Building property title
10:24:13.206 [main] DEBUG org.hibernate.boot.registry.classloading.internal.ClassLoaderServiceImpl - HHH000194: Package not found or no package-info.java: org.frcpm.models
10:24:13.206 [main] DEBUG org.hibernate.boot.model.internal.EntityBinder - Binding entity from annotated class: org.frcpm.models.TeamMember
10:24:13.206 [main] DEBUG org.hibernate.boot.model.internal.EntityBinder - Import with entity name TeamMember
10:24:13.206 [main] DEBUG org.hibernate.boot.model.internal.EntityBinder - Bind entity org.frcpm.models.TeamMember on table team_members
10:24:13.206 [main] DEBUG org.hibernate.boot.model.internal.AnnotatedColumn - Binding column: AnnotatedDiscriminatorColumn(column='DTYPE')
10:24:13.207 [main] DEBUG org.hibernate.boot.model.internal.AnnotatedColumn - Binding column: AnnotatedColumn()
10:24:13.207 [main] DEBUG org.hibernate.boot.internal.ClassLoaderAccessImpl - Not known whether passed class name [org.frcpm.models.TeamMember] is safe
10:24:13.207 [main] DEBUG org.hibernate.boot.internal.ClassLoaderAccessImpl - No temp ClassLoader provided; using live ClassLoader for loading potentially unsafe class : org.frcpm.models.TeamMember
10:24:13.207 [main] DEBUG org.hibernate.boot.model.internal.PropertyBinder - MetadataSourceProcessor property id with lazy=false
10:24:13.207 [main] DEBUG org.hibernate.boot.model.internal.AbstractPropertyHolder - Attempting to locate auto-apply AttributeConverter for property [org.frcpm.models.TeamMember:id]
10:24:13.207 [main] DEBUG org.hibernate.boot.model.internal.BasicValueBinder - building BasicValue for id
10:24:13.207 [main] DEBUG org.hibernate.mapping.BasicValue - Skipping column re-registration: team_members.id
10:24:13.207 [main] DEBUG org.hibernate.boot.model.internal.PropertyBinder - Building property id
10:24:13.208 [main] DEBUG org.hibernate.boot.model.internal.BinderHelper - #makeIdGenerator(BasicValue([Column(id)]), id, identity, , ...)
10:24:13.208 [main] DEBUG org.hibernate.boot.model.internal.AnnotatedColumn - Binding column: IndexColumn(column='assignedTasks_ORDER')
10:24:13.208 [main] DEBUG org.hibernate.boot.model.internal.AnnotatedColumn - Binding column: AnnotatedColumn()
10:24:13.208 [main] DEBUG org.hibernate.boot.model.internal.AnnotatedColumn - Binding column: AnnotatedColumn(column='assignedTasks_KEY')
10:24:13.208 [main] DEBUG org.hibernate.boot.model.internal.AnnotatedColumn - Binding column: AnnotatedJoinColumn(column='assignedTasks_KEY')
10:24:13.208 [main] DEBUG org.hibernate.boot.model.internal.AnnotatedColumn - Binding column: AnnotatedJoinColumn()
10:24:13.208 [main] DEBUG org.hibernate.boot.model.internal.AnnotatedColumn - Binding column: AnnotatedJoinColumn()
10:24:13.208 [main] DEBUG org.hibernate.boot.model.internal.CollectionBinder - Collection role: org.frcpm.models.TeamMember.assignedTasks
10:24:13.208 [main] DEBUG org.hibernate.boot.model.internal.PropertyBinder - Building property assignedTasks
10:24:13.208 [main] DEBUG org.hibernate.boot.model.internal.AnnotatedColumn - Binding column: AnnotatedJoinColumn()
10:24:13.208 [main] DEBUG org.hibernate.boot.model.internal.AnnotatedColumn - Binding column: AnnotatedColumn()
10:24:13.208 [main] DEBUG org.hibernate.boot.model.internal.AnnotatedColumn - Binding column: IndexColumn(column='attendances_ORDER')
10:24:13.208 [main] DEBUG org.hibernate.boot.model.internal.AnnotatedColumn - Binding column: AnnotatedColumn()
10:24:13.208 [main] DEBUG org.hibernate.boot.model.internal.AnnotatedColumn - Binding column: AnnotatedColumn(column='attendances_KEY')
10:24:13.208 [main] DEBUG org.hibernate.boot.model.internal.AnnotatedColumn - Binding column: AnnotatedJoinColumn(column='attendances_KEY')
10:24:13.208 [main] DEBUG org.hibernate.boot.model.internal.AnnotatedColumn - Binding column: AnnotatedJoinColumn()
10:24:13.208 [main] DEBUG org.hibernate.boot.model.internal.AnnotatedColumn - Binding column: AnnotatedJoinColumn()
10:24:13.208 [main] DEBUG org.hibernate.boot.model.internal.CollectionBinder - Collection role: org.frcpm.models.TeamMember.attendances
10:24:13.208 [main] DEBUG org.hibernate.boot.model.internal.PropertyBinder - Building property attendances
10:24:13.208 [main] DEBUG org.hibernate.boot.model.internal.AnnotatedColumn - Binding column: AnnotatedColumn(column='email')
10:24:13.208 [main] DEBUG org.hibernate.boot.model.internal.PropertyBinder - MetadataSourceProcessor property email with lazy=false
10:24:13.208 [main] DEBUG org.hibernate.boot.model.internal.AbstractPropertyHolder - Attempting to locate auto-apply AttributeConverter for property [org.frcpm.models.TeamMember:email]
10:24:13.208 [main] DEBUG org.hibernate.boot.model.internal.BasicValueBinder - building BasicValue for email
10:24:13.208 [main] DEBUG org.hibernate.mapping.BasicValue - Skipping column re-registration: team_members.email
10:24:13.208 [main] DEBUG org.hibernate.boot.model.internal.PropertyBinder - Building property email
10:24:13.208 [main] DEBUG org.hibernate.boot.model.internal.AnnotatedColumn - Binding column: AnnotatedColumn(column='first_name')
10:24:13.208 [main] DEBUG org.hibernate.boot.model.internal.PropertyBinder - MetadataSourceProcessor property firstName with lazy=false
10:24:13.208 [main] DEBUG org.hibernate.boot.model.internal.AbstractPropertyHolder - Attempting to locate auto-apply AttributeConverter for property [org.frcpm.models.TeamMember:firstName]
10:24:13.208 [main] DEBUG org.hibernate.boot.model.internal.BasicValueBinder - building BasicValue for firstName
10:24:13.208 [main] DEBUG org.hibernate.mapping.BasicValue - Skipping column re-registration: team_members.first_name
10:24:13.208 [main] DEBUG org.hibernate.boot.model.internal.PropertyBinder - Building property firstName
10:24:13.208 [main] DEBUG org.hibernate.boot.model.internal.AnnotatedColumn - Binding column: AnnotatedColumn(column='last_name')
10:24:13.208 [main] DEBUG org.hibernate.boot.model.internal.PropertyBinder - MetadataSourceProcessor property lastName with lazy=false
10:24:13.208 [main] DEBUG org.hibernate.boot.model.internal.AbstractPropertyHolder - Attempting to locate auto-apply AttributeConverter for property [org.frcpm.models.TeamMember:lastName]
10:24:13.208 [main] DEBUG org.hibernate.boot.model.internal.BasicValueBinder - building BasicValue for lastName
10:24:13.208 [main] DEBUG org.hibernate.mapping.BasicValue - Skipping column re-registration: team_members.last_name
10:24:13.208 [main] DEBUG org.hibernate.boot.model.internal.PropertyBinder - Building property lastName
10:24:13.208 [main] DEBUG org.hibernate.boot.model.internal.AnnotatedColumn - Binding column: AnnotatedColumn(column='is_leader')
10:24:13.208 [main] DEBUG org.hibernate.boot.model.internal.PropertyBinder - MetadataSourceProcessor property leader with lazy=false
10:24:13.208 [main] DEBUG org.hibernate.boot.model.internal.AbstractPropertyHolder - Attempting to locate auto-apply AttributeConverter for property [org.frcpm.models.TeamMember:leader]
10:24:13.208 [main] DEBUG org.hibernate.boot.model.internal.BasicValueBinder - building BasicValue for leader
10:24:13.208 [main] DEBUG org.hibernate.mapping.BasicValue - Skipping column re-registration: team_members.is_leader
10:24:13.208 [main] DEBUG org.hibernate.boot.model.internal.PropertyBinder - Building property leader
10:24:13.208 [main] DEBUG org.hibernate.boot.model.internal.AnnotatedColumn - Binding column: AnnotatedColumn(column='phone')
10:24:13.208 [main] DEBUG org.hibernate.boot.model.internal.PropertyBinder - MetadataSourceProcessor property phone with lazy=false
10:24:13.208 [main] DEBUG org.hibernate.boot.model.internal.AbstractPropertyHolder - Attempting to locate auto-apply AttributeConverter for property [org.frcpm.models.TeamMember:phone]
10:24:13.208 [main] DEBUG org.hibernate.boot.model.internal.BasicValueBinder - building BasicValue for phone
10:24:13.208 [main] DEBUG org.hibernate.mapping.BasicValue - Skipping column re-registration: team_members.phone
10:24:13.208 [main] DEBUG org.hibernate.boot.model.internal.PropertyBinder - Building property phone
10:24:13.208 [main] DEBUG org.hibernate.boot.model.internal.AnnotatedColumn - Binding column: AnnotatedColumn(column='skills')
10:24:13.208 [main] DEBUG org.hibernate.boot.model.internal.PropertyBinder - MetadataSourceProcessor property skills with lazy=false
10:24:13.208 [main] DEBUG org.hibernate.boot.model.internal.AbstractPropertyHolder - Attempting to locate auto-apply AttributeConverter for property [org.frcpm.models.TeamMember:skills]
10:24:13.208 [main] DEBUG org.hibernate.boot.model.internal.BasicValueBinder - building BasicValue for skills
10:24:13.208 [main] DEBUG org.hibernate.mapping.BasicValue - Skipping column re-registration: team_members.skills
10:24:13.208 [main] DEBUG org.hibernate.boot.model.internal.PropertyBinder - Building property skills
10:24:13.208 [main] DEBUG org.hibernate.boot.model.internal.AnnotatedColumn - Binding column: AnnotatedJoinColumn(column='subteam_id')
10:24:13.208 [main] DEBUG org.hibernate.boot.model.internal.AnnotatedColumn - Binding column: AnnotatedColumn()
10:24:13.208 [main] DEBUG org.hibernate.boot.model.internal.PropertyBinder - Building property subteam
10:24:13.209 [main] DEBUG org.hibernate.boot.model.internal.AnnotatedColumn - Binding column: AnnotatedColumn(column='username')
10:24:13.209 [main] DEBUG org.hibernate.boot.model.internal.PropertyBinder - MetadataSourceProcessor property username with lazy=false
10:24:13.209 [main] DEBUG org.hibernate.boot.model.internal.AbstractPropertyHolder - Attempting to locate auto-apply AttributeConverter for property [org.frcpm.models.TeamMember:username]
10:24:13.209 [main] DEBUG org.hibernate.boot.model.internal.BasicValueBinder - building BasicValue for username
10:24:13.209 [main] DEBUG org.hibernate.mapping.BasicValue - Skipping column re-registration: team_members.username
10:24:13.209 [main] DEBUG org.hibernate.boot.model.internal.PropertyBinder - Building property username
10:24:13.209 [main] DEBUG org.hibernate.boot.registry.classloading.internal.ClassLoaderServiceImpl - HHH000194: Package not found or no package-info.java: org.frcpm.models
10:24:13.211 [main] DEBUG org.hibernate.boot.model.internal.BasicValueBinder - Starting `BasicValueBinder#fillSimpleValue` for id
10:24:13.211 [main] DEBUG org.hibernate.boot.model.internal.BasicValueBinder - Starting `BasicValueBinder#fillSimpleValue` for arrivalTime
10:24:13.211 [main] DEBUG org.hibernate.boot.model.internal.BasicValueBinder - Starting `BasicValueBinder#fillSimpleValue` for departureTime
10:24:13.211 [main] DEBUG org.hibernate.boot.model.internal.BasicValueBinder - Starting `BasicValueBinder#fillSimpleValue` for present
10:24:13.211 [main] DEBUG org.hibernate.boot.model.internal.BasicValueBinder - Starting `BasicValueBinder#fillSimpleValue` for id
10:24:13.211 [main] DEBUG org.hibernate.boot.model.internal.BasicValueBinder - Starting `BasicValueBinder#fillSimpleValue` for date
10:24:13.211 [main] DEBUG org.hibernate.boot.model.internal.BasicValueBinder - Starting `BasicValueBinder#fillSimpleValue` for endTime
10:24:13.211 [main] DEBUG org.hibernate.boot.model.internal.BasicValueBinder - Starting `BasicValueBinder#fillSimpleValue` for notes
10:24:13.211 [main] DEBUG org.hibernate.boot.model.internal.BasicValueBinder - Starting `BasicValueBinder#fillSimpleValue` for startTime
10:24:13.211 [main] DEBUG org.hibernate.boot.model.internal.BasicValueBinder - Starting `BasicValueBinder#fillSimpleValue` for id
10:24:13.211 [main] DEBUG org.hibernate.boot.model.internal.BasicValueBinder - Starting `BasicValueBinder#fillSimpleValue` for description
10:24:13.211 [main] DEBUG org.hibernate.boot.model.internal.BasicValueBinder - Starting `BasicValueBinder#fillSimpleValue` for name
10:24:13.211 [main] DEBUG org.hibernate.boot.model.internal.BasicValueBinder - Starting `BasicValueBinder#fillSimpleValue` for status
10:24:13.211 [main] DEBUG org.hibernate.boot.model.internal.BasicValueBinder - Starting `BasicValueBinder#fillSimpleValue` for id
10:24:13.211 [main] DEBUG org.hibernate.boot.model.internal.BasicValueBinder - Starting `BasicValueBinder#fillSimpleValue` for actualDelivery
10:24:13.211 [main] DEBUG org.hibernate.boot.model.internal.BasicValueBinder - Starting `BasicValueBinder#fillSimpleValue` for delivered
10:24:13.211 [main] DEBUG org.hibernate.boot.model.internal.BasicValueBinder - Starting `BasicValueBinder#fillSimpleValue` for description
10:24:13.211 [main] DEBUG org.hibernate.boot.model.internal.BasicValueBinder - Starting `BasicValueBinder#fillSimpleValue` for expectedDelivery
10:24:13.211 [main] DEBUG org.hibernate.boot.model.internal.BasicValueBinder - Starting `BasicValueBinder#fillSimpleValue` for name
10:24:13.211 [main] DEBUG org.hibernate.boot.model.internal.BasicValueBinder - Starting `BasicValueBinder#fillSimpleValue` for partNumber
10:24:13.211 [main] DEBUG org.hibernate.boot.model.internal.BasicValueBinder - Starting `BasicValueBinder#fillSimpleValue` for id
10:24:13.211 [main] DEBUG org.hibernate.boot.model.internal.BasicValueBinder - Starting `BasicValueBinder#fillSimpleValue` for date
10:24:13.211 [main] DEBUG org.hibernate.boot.model.internal.BasicValueBinder - Starting `BasicValueBinder#fillSimpleValue` for description
10:24:13.211 [main] DEBUG org.hibernate.boot.model.internal.BasicValueBinder - Starting `BasicValueBinder#fillSimpleValue` for name
10:24:13.211 [main] DEBUG org.hibernate.boot.model.internal.BasicValueBinder - Starting `BasicValueBinder#fillSimpleValue` for id
10:24:13.211 [main] DEBUG org.hibernate.boot.model.internal.BasicValueBinder - Starting `BasicValueBinder#fillSimpleValue` for description
10:24:13.211 [main] DEBUG org.hibernate.boot.model.internal.BasicValueBinder - Starting `BasicValueBinder#fillSimpleValue` for goalEndDate
10:24:13.211 [main] DEBUG org.hibernate.boot.model.internal.BasicValueBinder - Starting `BasicValueBinder#fillSimpleValue` for hardDeadline
10:24:13.211 [main] DEBUG org.hibernate.boot.model.internal.BasicValueBinder - Starting `BasicValueBinder#fillSimpleValue` for name
10:24:13.211 [main] DEBUG org.hibernate.boot.model.internal.BasicValueBinder - Starting `BasicValueBinder#fillSimpleValue` for startDate
10:24:13.211 [main] DEBUG org.hibernate.boot.model.internal.BasicValueBinder - Starting `BasicValueBinder#fillSimpleValue` for id
10:24:13.211 [main] DEBUG org.hibernate.boot.model.internal.BasicValueBinder - Starting `BasicValueBinder#fillSimpleValue` for colorCode
10:24:13.211 [main] DEBUG org.hibernate.boot.model.internal.BasicValueBinder - Starting `BasicValueBinder#fillSimpleValue` for name
10:24:13.211 [main] DEBUG org.hibernate.boot.model.internal.BasicValueBinder - Starting `BasicValueBinder#fillSimpleValue` for specialties
10:24:13.211 [main] DEBUG org.hibernate.boot.model.internal.BasicValueBinder - Starting `BasicValueBinder#fillSimpleValue` for id
10:24:13.211 [main] DEBUG org.hibernate.boot.model.internal.BasicValueBinder - Starting `BasicValueBinder#fillSimpleValue` for actualDurationSeconds
10:24:13.211 [main] DEBUG org.hibernate.boot.model.internal.BasicValueBinder - Starting `BasicValueBinder#fillSimpleValue` for completed
10:24:13.211 [main] DEBUG org.hibernate.boot.model.internal.BasicValueBinder - Starting `BasicValueBinder#fillSimpleValue` for description
10:24:13.211 [main] DEBUG org.hibernate.boot.model.internal.BasicValueBinder - Starting `BasicValueBinder#fillSimpleValue` for endDate
10:24:13.211 [main] DEBUG org.hibernate.boot.model.internal.BasicValueBinder - Starting `BasicValueBinder#fillSimpleValue` for estimatedDurationSeconds
10:24:13.211 [main] DEBUG org.hibernate.boot.model.internal.BasicValueBinder - Starting `BasicValueBinder#fillSimpleValue` for priority
10:24:13.211 [main] DEBUG org.hibernate.boot.model.internal.BasicValueBinder - Starting `BasicValueBinder#fillSimpleValue` for progress
10:24:13.211 [main] DEBUG org.hibernate.boot.model.internal.BasicValueBinder - Starting `BasicValueBinder#fillSimpleValue` for startDate
10:24:13.211 [main] DEBUG org.hibernate.boot.model.internal.BasicValueBinder - Starting `BasicValueBinder#fillSimpleValue` for title
10:24:13.211 [main] DEBUG org.hibernate.boot.model.internal.BasicValueBinder - Starting `BasicValueBinder#fillSimpleValue` for id
10:24:13.211 [main] DEBUG org.hibernate.boot.model.internal.BasicValueBinder - Starting `BasicValueBinder#fillSimpleValue` for email
10:24:13.211 [main] DEBUG org.hibernate.boot.model.internal.BasicValueBinder - Starting `BasicValueBinder#fillSimpleValue` for firstName
10:24:13.212 [main] DEBUG org.hibernate.boot.model.internal.BasicValueBinder - Starting `BasicValueBinder#fillSimpleValue` for lastName
10:24:13.212 [main] DEBUG org.hibernate.boot.model.internal.BasicValueBinder - Starting `BasicValueBinder#fillSimpleValue` for leader
10:24:13.212 [main] DEBUG org.hibernate.boot.model.internal.BasicValueBinder - Starting `BasicValueBinder#fillSimpleValue` for phone
10:24:13.212 [main] DEBUG org.hibernate.boot.model.internal.BasicValueBinder - Starting `BasicValueBinder#fillSimpleValue` for skills
10:24:13.212 [main] DEBUG org.hibernate.boot.model.internal.BasicValueBinder - Starting `BasicValueBinder#fillSimpleValue` for username
10:24:13.212 [main] DEBUG org.hibernate.mapping.PrimaryKey - Forcing column [id] to be non-null as it is part of the primary key for table [attendances]
10:24:13.212 [main] DEBUG org.hibernate.mapping.PrimaryKey - Forcing column [id] to be non-null as it is part of the primary key for table [meetings]
10:24:13.212 [main] DEBUG org.hibernate.mapping.PrimaryKey - Forcing column [id] to be non-null as it is part of the primary key for table [subsystems]
10:24:13.212 [main] DEBUG org.hibernate.mapping.PrimaryKey - Forcing column [id] to be non-null as it is part of the primary key for table [components]
10:24:13.212 [main] DEBUG org.hibernate.mapping.PrimaryKey - Forcing column [id] to be non-null as it is part of the primary key for table [milestones]
10:24:13.212 [main] DEBUG org.hibernate.mapping.PrimaryKey - Forcing column [id] to be non-null as it is part of the primary key for table [projects]
10:24:13.212 [main] DEBUG org.hibernate.mapping.PrimaryKey - Forcing column [id] to be non-null as it is part of the primary key for table [subteams]
10:24:13.212 [main] DEBUG org.hibernate.mapping.PrimaryKey - Forcing column [id] to be non-null as it is part of the primary key for table [tasks]
10:24:13.212 [main] DEBUG org.hibernate.mapping.PrimaryKey - Forcing column [id] to be non-null as it is part of the primary key for table [team_members]
10:24:13.212 [main] DEBUG org.hibernate.boot.model.internal.CollectionSecondPass - Second pass for collection: org.frcpm.models.Task.requiredComponents
10:24:13.212 [main] DEBUG org.hibernate.boot.model.internal.CollectionBinder - Binding a ManyToMany: org.frcpm.models.Task.requiredComponents
10:24:13.212 [main] DEBUG org.hibernate.boot.registry.classloading.internal.ClassLoaderServiceImpl - HHH000194: Package not found or no package-info.java: org.frcpm.models
10:24:13.213 [main] DEBUG org.hibernate.mapping.PrimaryKey - Forcing column [task_id] to be non-null as it is part of the primary key for table [task_components]
10:24:13.213 [main] DEBUG org.hibernate.mapping.PrimaryKey - Forcing column [component_id] to be non-null as it is part of the primary key for table [task_components]
10:24:13.213 [main] DEBUG org.hibernate.boot.model.internal.CollectionSecondPass - Mapped collection key: task_id, element: component_id
10:24:13.213 [main] DEBUG org.hibernate.boot.model.internal.CollectionSecondPass - Second pass for collection: org.frcpm.models.Task.preDependencies
10:24:13.213 [main] DEBUG org.hibernate.boot.model.internal.CollectionBinder - Binding a ManyToMany: org.frcpm.models.Task.preDependencies
10:24:13.215 [main] DEBUG org.hibernate.boot.registry.classloading.internal.ClassLoaderServiceImpl - HHH000194: Package not found or no package-info.java: org.frcpm.models
10:24:13.215 [main] DEBUG org.hibernate.mapping.PrimaryKey - Forcing column [task_id] to be non-null as it is part of the primary key for table [task_dependencies]
10:24:13.215 [main] DEBUG org.hibernate.mapping.PrimaryKey - Forcing column [dependency_id] to be non-null as it is part of the primary key for table [task_dependencies]
10:24:13.215 [main] DEBUG org.hibernate.boot.model.internal.CollectionSecondPass - Mapped collection key: task_id, element: dependency_id
10:24:13.215 [main] DEBUG org.hibernate.boot.model.internal.CollectionSecondPass - Second pass for collection: org.frcpm.models.Task.assignedTo
10:24:13.215 [main] DEBUG org.hibernate.boot.model.internal.CollectionBinder - Binding a ManyToMany: org.frcpm.models.Task.assignedTo
10:24:13.217 [main] DEBUG org.hibernate.boot.registry.classloading.internal.ClassLoaderServiceImpl - HHH000194: Package not found or no package-info.java: org.frcpm.models
10:24:13.218 [main] DEBUG org.hibernate.mapping.PrimaryKey - Forcing column [task_id] to be non-null as it is part of the primary key for table [task_assignments]
10:24:13.218 [main] DEBUG org.hibernate.mapping.PrimaryKey - Forcing column [team_member_id] to be non-null as it is part of the primary key for table [task_assignments]
10:24:13.218 [main] DEBUG org.hibernate.boot.model.internal.CollectionSecondPass - Mapped collection key: task_id, element: team_member_id
10:24:13.218 [main] DEBUG org.hibernate.boot.model.internal.CollectionSecondPass - Second pass for collection: org.frcpm.models.Meeting.attendances
10:24:13.218 [main] DEBUG org.hibernate.boot.model.internal.CollectionBinder - Binding a OneToMany: org.frcpm.models.Meeting.attendances through a foreign key
10:24:13.218 [main] DEBUG org.hibernate.boot.model.internal.CollectionBinder - Mapping collection: org.frcpm.models.Meeting.attendances -> attendances
10:24:13.218 [main] DEBUG org.hibernate.boot.model.internal.TableBinder - Retrieving property org.frcpm.models.Attendance.meeting
10:24:13.218 [main] DEBUG org.hibernate.boot.model.internal.CollectionSecondPass - Mapped collection key: meeting_id, one-to-many: org.frcpm.models.Attendance
10:24:13.218 [main] DEBUG org.hibernate.boot.model.internal.CollectionSecondPass - Second pass for collection: org.frcpm.models.Subsystem.tasks
10:24:13.218 [main] DEBUG org.hibernate.boot.model.internal.CollectionBinder - Binding a OneToMany: org.frcpm.models.Subsystem.tasks through a foreign key
10:24:13.218 [main] DEBUG org.hibernate.boot.model.internal.CollectionBinder - Mapping collection: org.frcpm.models.Subsystem.tasks -> tasks
10:24:13.218 [main] DEBUG org.hibernate.boot.model.internal.TableBinder - Retrieving property org.frcpm.models.Task.subsystem
10:24:13.218 [main] DEBUG org.hibernate.boot.model.internal.CollectionSecondPass - Mapped collection key: subsystem_id, one-to-many: org.frcpm.models.Task
10:24:13.218 [main] DEBUG org.hibernate.boot.model.internal.CollectionSecondPass - Second pass for collection: org.frcpm.models.Component.requiredForTasks
10:24:13.218 [main] DEBUG org.hibernate.boot.model.internal.CollectionBinder - Binding a ManyToMany: org.frcpm.models.Component.requiredForTasks
10:24:13.219 [main] DEBUG org.hibernate.boot.registry.classloading.internal.ClassLoaderServiceImpl - HHH000194: Package not found or no package-info.java: org.frcpm.models
10:24:13.219 [main] DEBUG org.hibernate.boot.model.internal.TableBinder - Retrieving property org.frcpm.models.Task.requiredComponents
10:24:13.219 [main] DEBUG org.hibernate.boot.model.internal.CollectionSecondPass - Mapped collection key: component_id, element: task_id
10:24:13.219 [main] DEBUG org.hibernate.boot.model.internal.CollectionSecondPass - Second pass for collection: org.frcpm.models.Project.meetings
10:24:13.219 [main] DEBUG org.hibernate.boot.model.internal.CollectionBinder - Binding a OneToMany: org.frcpm.models.Project.meetings through a foreign key
10:24:13.219 [main] DEBUG org.hibernate.boot.model.internal.CollectionBinder - Mapping collection: org.frcpm.models.Project.meetings -> meetings
10:24:13.219 [main] DEBUG org.hibernate.boot.model.internal.TableBinder - Retrieving property org.frcpm.models.Meeting.project
10:24:13.219 [main] DEBUG org.hibernate.boot.model.internal.CollectionSecondPass - Mapped collection key: project_id, one-to-many: org.frcpm.models.Meeting
10:24:13.219 [main] DEBUG org.hibernate.boot.model.internal.CollectionSecondPass - Second pass for collection: org.frcpm.models.Project.milestones
10:24:13.219 [main] DEBUG org.hibernate.boot.model.internal.CollectionBinder - Binding a OneToMany: org.frcpm.models.Project.milestones through a foreign key
10:24:13.219 [main] DEBUG org.hibernate.boot.model.internal.CollectionBinder - Mapping collection: org.frcpm.models.Project.milestones -> milestones
10:24:13.219 [main] DEBUG org.hibernate.boot.model.internal.TableBinder - Retrieving property org.frcpm.models.Milestone.project
10:24:13.219 [main] DEBUG org.hibernate.boot.model.internal.CollectionSecondPass - Mapped collection key: project_id, one-to-many: org.frcpm.models.Milestone
10:24:13.219 [main] DEBUG org.hibernate.boot.model.internal.CollectionSecondPass - Second pass for collection: org.frcpm.models.Project.tasks
10:24:13.219 [main] DEBUG org.hibernate.boot.model.internal.CollectionBinder - Binding a OneToMany: org.frcpm.models.Project.tasks through a foreign key
10:24:13.219 [main] DEBUG org.hibernate.boot.model.internal.CollectionBinder - Mapping collection: org.frcpm.models.Project.tasks -> tasks
10:24:13.219 [main] DEBUG org.hibernate.boot.model.internal.TableBinder - Retrieving property org.frcpm.models.Task.project
10:24:13.219 [main] DEBUG org.hibernate.boot.model.internal.CollectionSecondPass - Mapped collection key: project_id, one-to-many: org.frcpm.models.Task
10:24:13.219 [main] DEBUG org.hibernate.boot.model.internal.CollectionSecondPass - Second pass for collection: org.frcpm.models.Subteam.members
10:24:13.219 [main] DEBUG org.hibernate.boot.model.internal.CollectionBinder - Binding a OneToMany: org.frcpm.models.Subteam.members through a foreign key
10:24:13.219 [main] DEBUG org.hibernate.boot.model.internal.CollectionBinder - Mapping collection: org.frcpm.models.Subteam.members -> team_members
10:24:13.219 [main] DEBUG org.hibernate.boot.model.internal.TableBinder - Retrieving property org.frcpm.models.TeamMember.subteam
10:24:13.219 [main] DEBUG org.hibernate.boot.model.internal.CollectionSecondPass - Mapped collection key: subteam_id, one-to-many: org.frcpm.models.TeamMember
10:24:13.219 [main] DEBUG org.hibernate.boot.model.internal.CollectionSecondPass - Second pass for collection: org.frcpm.models.Subteam.subsystems
10:24:13.219 [main] DEBUG org.hibernate.boot.model.internal.CollectionBinder - Binding a OneToMany: org.frcpm.models.Subteam.subsystems through a foreign key
10:24:13.219 [main] DEBUG org.hibernate.boot.model.internal.CollectionBinder - Mapping collection: org.frcpm.models.Subteam.subsystems -> subsystems
10:24:13.219 [main] DEBUG org.hibernate.boot.model.internal.TableBinder - Retrieving property org.frcpm.models.Subsystem.responsibleSubteam
10:24:13.219 [main] DEBUG org.hibernate.boot.model.internal.CollectionSecondPass - Mapped collection key: responsible_subteam_id, one-to-many: org.frcpm.models.Subsystem
10:24:13.219 [main] DEBUG org.hibernate.boot.model.internal.CollectionSecondPass - Second pass for collection: org.frcpm.models.Task.postDependencies
10:24:13.219 [main] DEBUG org.hibernate.boot.model.internal.CollectionBinder - Binding a ManyToMany: org.frcpm.models.Task.postDependencies
10:24:13.220 [main] DEBUG org.hibernate.boot.registry.classloading.internal.ClassLoaderServiceImpl - HHH000194: Package not found or no package-info.java: org.frcpm.models
10:24:13.220 [main] DEBUG org.hibernate.boot.model.internal.TableBinder - Retrieving property org.frcpm.models.Task.preDependencies
10:24:13.220 [main] DEBUG org.hibernate.boot.model.internal.CollectionSecondPass - Mapped collection key: dependency_id, element: task_id
10:24:13.220 [main] DEBUG org.hibernate.boot.model.internal.CollectionSecondPass - Second pass for collection: org.frcpm.models.TeamMember.assignedTasks
10:24:13.221 [main] DEBUG org.hibernate.boot.model.internal.CollectionBinder - Binding a ManyToMany: org.frcpm.models.TeamMember.assignedTasks
10:24:13.221 [main] DEBUG org.hibernate.boot.registry.classloading.internal.ClassLoaderServiceImpl - HHH000194: Package not found or no package-info.java: org.frcpm.models
10:24:13.221 [main] DEBUG org.hibernate.boot.model.internal.TableBinder - Retrieving property org.frcpm.models.Task.assignedTo
10:24:13.221 [main] DEBUG org.hibernate.boot.model.internal.CollectionSecondPass - Mapped collection key: team_member_id, element: task_id
10:24:13.221 [main] DEBUG org.hibernate.boot.model.internal.CollectionSecondPass - Second pass for collection: org.frcpm.models.TeamMember.attendances
10:24:13.221 [main] DEBUG org.hibernate.boot.model.internal.CollectionBinder - Binding a OneToMany: org.frcpm.models.TeamMember.attendances through a foreign key
10:24:13.221 [main] DEBUG org.hibernate.boot.model.internal.CollectionBinder - Mapping collection: org.frcpm.models.TeamMember.attendances -> attendances
10:24:13.221 [main] DEBUG org.hibernate.boot.model.internal.TableBinder - Retrieving property org.frcpm.models.Attendance.member
10:24:13.221 [main] DEBUG org.hibernate.boot.model.internal.CollectionSecondPass - Mapped collection key: member_id, one-to-many: org.frcpm.models.Attendance
10:24:13.236 [main] DEBUG org.hibernate.internal.SessionFactoryImpl - Building session factory
10:24:13.237 [main] DEBUG org.hibernate.service.internal.SessionFactoryServiceRegistryImpl - EventListenerRegistry access via ServiceRegistry is deprecated.  Use `sessionFactory.getEventEngine().getListenerRegistry()` instead
10:24:13.237 [main] DEBUG org.hibernate.internal.SessionFactoryImpl - Instantiating SessionFactory with settings: {hibernate.format_sql=false, java.specification.version=21, sun.cpu.isalist=amd64, hibernate.connection.handling_mode=DELAYED_ACQUISITION_AND_RELEASE_AFTER_STATEMENT, sun.jnu.encoding=Cp1252, hibernate.dialect=org.hibernate.dialect.H2Dialect, java.class.path=C:\Users\dhiebert\Local Repositories\Project Management 2.0\target\test-classes;C:\Users\dhiebert\Local Repositories\Project Management 2.0\target\classes;C:\Users\dhiebert\.m2\repository\org\openjfx\javafx-controls\21.0.2\javafx-controls-21.0.2.jar;C:\Users\dhiebert\.m2\repository\org\openjfx\javafx-controls\21.0.2\javafx-controls-21.0.2-win.jar;C:\Users\dhiebert\.m2\repository\org\openjfx\javafx-fxml\21.0.2\javafx-fxml-21.0.2.jar;C:\Users\dhiebert\.m2\repository\org\openjfx\javafx-fxml\21.0.2\javafx-fxml-21.0.2-win.jar;C:\Users\dhiebert\.m2\repository\org\openjfx\javafx-graphics\21.0.2\javafx-graphics-21.0.2.jar;C:\Users\dhiebert\.m2\repository\org\openjfx\javafx-graphics\21.0.2\javafx-graphics-21.0.2-win.jar;C:\Users\dhiebert\.m2\repository\org\openjfx\javafx-base\21.0.2\javafx-base-21.0.2.jar;C:\Users\dhiebert\.m2\repository\org\openjfx\javafx-base\21.0.2\javafx-base-21.0.2-win.jar;C:\Users\dhiebert\.m2\repository\com\h2database\h2\2.2.224\h2-2.2.224.jar;C:\Users\dhiebert\.m2\repository\com\zaxxer\HikariCP\5.1.0\HikariCP-5.1.0.jar;C:\Users\dhiebert\.m2\repository\org\slf4j\slf4j-api\1.7.36\slf4j-api-1.7.36.jar;C:\Users\dhiebert\.m2\repository\org\hibernate\orm\hibernate-core\6.5.0.Final\hibernate-core-6.5.0.Final.jar;C:\Users\dhiebert\.m2\repository\jakarta\persistence\jakarta.persistence-api\3.1.0\jakarta.persistence-api-3.1.0.jar;C:\Users\dhiebert\.m2\repository\jakarta\transaction\jakarta.transaction-api\2.0.1\jakarta.transaction-api-2.0.1.jar;C:\Users\dhiebert\.m2\repository\org\jboss\logging\jboss-logging\3.5.0.Final\jboss-logging-3.5.0.Final.jar;C:\Users\dhiebert\.m2\repository\org\hibernate\common\hibernate-commons-annotations\6.0.6.Final\hibernate-commons-annotations-6.0.6.Final.jar;C:\Users\dhiebert\.m2\repository\io\smallrye\jandex\3.1.2\jandex-3.1.2.jar;C:\Users\dhiebert\.m2\repository\com\fasterxml\classmate\1.5.1\classmate-1.5.1.jar;C:\Users\dhiebert\.m2\repository\net\bytebuddy\byte-buddy\1.14.12\byte-buddy-1.14.12.jar;C:\Users\dhiebert\.m2\repository\jakarta\xml\bind\jakarta.xml.bind-api\4.0.0\jakarta.xml.bind-api-4.0.0.jar;C:\Users\dhiebert\.m2\repository\jakarta\activation\jakarta.activation-api\2.1.0\jakarta.activation-api-2.1.0.jar;C:\Users\dhiebert\.m2\repository\org\glassfish\jaxb\jaxb-runtime\4.0.2\jaxb-runtime-4.0.2.jar;C:\Users\dhiebert\.m2\repository\org\glassfish\jaxb\jaxb-core\4.0.2\jaxb-core-4.0.2.jar;C:\Users\dhiebert\.m2\repository\org\eclipse\angus\angus-activation\2.0.0\angus-activation-2.0.0.jar;C:\Users\dhiebert\.m2\repository\org\glassfish\jaxb\txw2\4.0.2\txw2-4.0.2.jar;C:\Users\dhiebert\.m2\repository\com\sun\istack\istack-commons-runtime\4.1.1\istack-commons-runtime-4.1.1.jar;C:\Users\dhiebert\.m2\repository\jakarta\inject\jakarta.inject-api\2.0.1\jakarta.inject-api-2.0.1.jar;C:\Users\dhiebert\.m2\repository\org\antlr\antlr4-runtime\4.13.0\antlr4-runtime-4.13.0.jar;C:\Users\dhiebert\.m2\repository\org\hibernate\validator\hibernate-validator\8.0.1.Final\hibernate-validator-8.0.1.Final.jar;C:\Users\dhiebert\.m2\repository\jakarta\validation\jakarta.validation-api\3.0.2\jakarta.validation-api-3.0.2.jar;C:\Users\dhiebert\.m2\repository\org\junit\jupiter\junit-jupiter-api\5.10.2\junit-jupiter-api-5.10.2.jar;C:\Users\dhiebert\.m2\repository\org\opentest4j\opentest4j\1.3.0\opentest4j-1.3.0.jar;C:\Users\dhiebert\.m2\repository\org\junit\platform\junit-platform-commons\1.10.2\junit-platform-commons-1.10.2.jar;C:\Users\dhiebert\.m2\repository\org\apiguardian\apiguardian-api\1.1.2\apiguardian-api-1.1.2.jar;C:\Users\dhiebert\.m2\repository\org\junit\jupiter\junit-jupiter-engine\5.10.2\junit-jupiter-engine-5.10.2.jar;C:\Users\dhiebert\.m2\repository\org\junit\platform\junit-platform-engine\1.10.2\junit-platform-engine-1.10.2.jar;C:\Users\dhiebert\.m2\repository\org\mockito\mockito-junit-jupiter\5.10.0\mockito-junit-jupiter-5.10.0.jar;C:\Users\dhiebert\.m2\repository\org\mockito\mockito-core\5.10.0\mockito-core-5.10.0.jar;C:\Users\dhiebert\.m2\repository\net\bytebuddy\byte-buddy-agent\1.14.11\byte-buddy-agent-1.14.11.jar;C:\Users\dhiebert\.m2\repository\org\objenesis\objenesis\3.3\objenesis-3.3.jar;C:\Users\dhiebert\.m2\repository\org\hibernate\orm\hibernate-hikaricp\6.5.0.Final\hibernate-hikaricp-6.5.0.Final.jar;C:\Users\dhiebert\.m2\repository\ch\qos\logback\logback-classic\1.2.11\logback-classic-1.2.11.jar;C:\Users\dhiebert\.m2\repository\ch\qos\logback\logback-core\1.2.11\logback-core-1.2.11.jar;C:\Users\dhiebert\.m2\repository\org\testfx\testfx-core\4.0.18\testfx-core-4.0.18.jar;C:\Users\dhiebert\.m2\repository\org\hamcrest\hamcrest\2.1\hamcrest-2.1.jar;C:\Users\dhiebert\.m2\repository\org\assertj\assertj-core\3.13.2\assertj-core-3.13.2.jar;C:\Users\dhiebert\.m2\repository\org\osgi\org.osgi.core\6.0.0\org.osgi.core-6.0.0.jar;C:\Users\dhiebert\.m2\repository\org\testfx\testfx-junit5\4.0.18\testfx-junit5-4.0.18.jar;C:\Users\dhiebert\.m2\repository\org\openjfx\javafx-web\17.0.2\javafx-web-17.0.2.jar;C:\Users\dhiebert\.m2\repository\org\openjfx\javafx-web\17.0.2\javafx-web-17.0.2-win.jar;C:\Users\dhiebert\.m2\repository\org\openjfx\javafx-media\17.0.2\javafx-media-17.0.2.jar;C:\Users\dhiebert\.m2\repository\org\openjfx\javafx-media\17.0.2\javafx-media-17.0.2-win.jar;C:\Users\dhiebert\.m2\repository\org\apache\pdfbox\pdfbox\2.0.27\pdfbox-2.0.27.jar;C:\Users\dhiebert\.m2\repository\org\apache\pdfbox\fontbox\2.0.27\fontbox-2.0.27.jar;C:\Users\dhiebert\.m2\repository\commons-logging\commons-logging\1.2\commons-logging-1.2.jar;C:\Users\dhiebert\.m2\repository\com\fasterxml\jackson\core\jackson-databind\2.15.0\jackson-databind-2.15.0.jar;C:\Users\dhiebert\.m2\repository\com\fasterxml\jackson\core\jackson-annotations\2.15.0\jackson-annotations-2.15.0.jar;C:\Users\dhiebert\.m2\repository\com\fasterxml\jackson\core\jackson-core\2.15.0\jackson-core-2.15.0.jar;C:\Users\dhiebert\.m2\repository\org\apache\xmlgraphics\batik-all\1.16\batik-all-1.16.jar;C:\Users\dhiebert\.m2\repository\xml-apis\xml-apis\1.4.01\xml-apis-1.4.01.jar;C:\Users\dhiebert\.m2\repository\xml-apis\xml-apis-ext\1.3.04\xml-apis-ext-1.3.04.jar;C:\Users\dhiebert\.m2\repository\org\apache\xmlgraphics\xmlgraphics-commons\2.7\xmlgraphics-commons-2.7.jar;C:\Users\dhiebert\.m2\repository\commons-io\commons-io\1.3.1\commons-io-1.3.1.jar;C:\Users\dhiebert\.m2\repository\org\jgrapht\jgrapht-core\1.5.2\jgrapht-core-1.5.2.jar;C:\Users\dhiebert\.m2\repository\org\jheaps\jheaps\0.14\jheaps-0.14.jar;C:\Users\dhiebert\.m2\repository\org\apfloat\apfloat\1.10.1\apfloat-1.10.1.jar;, java.vm.vendor=Eclipse Adoptium, sun.arch.data.model=64, hibernate.order_inserts=true, user.variant=, java.vendor.url=https://adoptium.net/, user.timezone=America/Chicago, javax.persistence.jdbc.user=****, javax.persistence.jdbc.url=jdbc:h2:file:C:\Users\dhiebert\.frcpm\frcpm, java.vm.specification.version=21, os.name=Windows 11, hibernate.generate_statistics=false, hibernate.hikari.connectionTimeout=10000, hibernate.order_updates=true, hibernate.jdbc.batch_versioned_data=true, jakarta.persistence.jdbc.password=****, hibernate.jdbc.batch_size=30, sun.java.launcher=SUN_STANDARD, user.country=US, local.setting.IS_JTA_TXN_COORD=false, sun.boot.library.path=C:\Program Files\Eclipse Adoptium\jdk-21.0.6.7-hotspot\bin, sun.java.command=C:\Users\dhiebert\AppData\Local\Temp\surefire9513985487531586668\surefirebooter-20250425102356946_3.jar C:\Users\dhiebert\AppData\Local\Temp\surefire9513985487531586668 2025-04-25T10-23-56_800-jvmRun1 surefire-20250425102356946_1tmp surefire_0-20250425102356946_2tmp, hibernate.use_sql_comments=false, hibernate.connection.provider_class=org.hibernate.hikaricp.internal.HikariCPConnectionProvider, jdk.debug=release, surefire.test.class.path=C:\Users\dhiebert\Local Repositories\Project Management 2.0\target\test-classes;C:\Users\dhiebert\Local Repositories\Project Management 2.0\target\classes;C:\Users\dhiebert\.m2\repository\org\openjfx\javafx-controls\21.0.2\javafx-controls-21.0.2.jar;C:\Users\dhiebert\.m2\repository\org\openjfx\javafx-controls\21.0.2\javafx-controls-21.0.2-win.jar;C:\Users\dhiebert\.m2\repository\org\openjfx\javafx-fxml\21.0.2\javafx-fxml-21.0.2.jar;C:\Users\dhiebert\.m2\repository\org\openjfx\javafx-fxml\21.0.2\javafx-fxml-21.0.2-win.jar;C:\Users\dhiebert\.m2\repository\org\openjfx\javafx-graphics\21.0.2\javafx-graphics-21.0.2.jar;C:\Users\dhiebert\.m2\repository\org\openjfx\javafx-graphics\21.0.2\javafx-graphics-21.0.2-win.jar;C:\Users\dhiebert\.m2\repository\org\openjfx\javafx-base\21.0.2\javafx-base-21.0.2.jar;C:\Users\dhiebert\.m2\repository\org\openjfx\javafx-base\21.0.2\javafx-base-21.0.2-win.jar;C:\Users\dhiebert\.m2\repository\com\h2database\h2\2.2.224\h2-2.2.224.jar;C:\Users\dhiebert\.m2\repository\com\zaxxer\HikariCP\5.1.0\HikariCP-5.1.0.jar;C:\Users\dhiebert\.m2\repository\org\slf4j\slf4j-api\1.7.36\slf4j-api-1.7.36.jar;C:\Users\dhiebert\.m2\repository\org\hibernate\orm\hibernate-core\6.5.0.Final\hibernate-core-6.5.0.Final.jar;C:\Users\dhiebert\.m2\repository\jakarta\persistence\jakarta.persistence-api\3.1.0\jakarta.persistence-api-3.1.0.jar;C:\Users\dhiebert\.m2\repository\jakarta\transaction\jakarta.transaction-api\2.0.1\jakarta.transaction-api-2.0.1.jar;C:\Users\dhiebert\.m2\repository\org\jboss\logging\jboss-logging\3.5.0.Final\jboss-logging-3.5.0.Final.jar;C:\Users\dhiebert\.m2\repository\org\hibernate\common\hibernate-commons-annotations\6.0.6.Final\hibernate-commons-annotations-6.0.6.Final.jar;C:\Users\dhiebert\.m2\repository\io\smallrye\jandex\3.1.2\jandex-3.1.2.jar;C:\Users\dhiebert\.m2\repository\com\fasterxml\classmate\1.5.1\classmate-1.5.1.jar;C:\Users\dhiebert\.m2\repository\net\bytebuddy\byte-buddy\1.14.12\byte-buddy-1.14.12.jar;C:\Users\dhiebert\.m2\repository\jakarta\xml\bind\jakarta.xml.bind-api\4.0.0\jakarta.xml.bind-api-4.0.0.jar;C:\Users\dhiebert\.m2\repository\jakarta\activation\jakarta.activation-api\2.1.0\jakarta.activation-api-2.1.0.jar;C:\Users\dhiebert\.m2\repository\org\glassfish\jaxb\jaxb-runtime\4.0.2\jaxb-runtime-4.0.2.jar;C:\Users\dhiebert\.m2\repository\org\glassfish\jaxb\jaxb-core\4.0.2\jaxb-core-4.0.2.jar;C:\Users\dhiebert\.m2\repository\org\eclipse\angus\angus-activation\2.0.0\angus-activation-2.0.0.jar;C:\Users\dhiebert\.m2\repository\org\glassfish\jaxb\txw2\4.0.2\txw2-4.0.2.jar;C:\Users\dhiebert\.m2\repository\com\sun\istack\istack-commons-runtime\4.1.1\istack-commons-runtime-4.1.1.jar;C:\Users\dhiebert\.m2\repository\jakarta\inject\jakarta.inject-api\2.0.1\jakarta.inject-api-2.0.1.jar;C:\Users\dhiebert\.m2\repository\org\antlr\antlr4-runtime\4.13.0\antlr4-runtime-4.13.0.jar;C:\Users\dhiebert\.m2\repository\org\hibernate\validator\hibernate-validator\8.0.1.Final\hibernate-validator-8.0.1.Final.jar;C:\Users\dhiebert\.m2\repository\jakarta\validation\jakarta.validation-api\3.0.2\jakarta.validation-api-3.0.2.jar;C:\Users\dhiebert\.m2\repository\org\junit\jupiter\junit-jupiter-api\5.10.2\junit-jupiter-api-5.10.2.jar;C:\Users\dhiebert\.m2\repository\org\opentest4j\opentest4j\1.3.0\opentest4j-1.3.0.jar;C:\Users\dhiebert\.m2\repository\org\junit\platform\junit-platform-commons\1.10.2\junit-platform-commons-1.10.2.jar;C:\Users\dhiebert\.m2\repository\org\apiguardian\apiguardian-api\1.1.2\apiguardian-api-1.1.2.jar;C:\Users\dhiebert\.m2\repository\org\junit\jupiter\junit-jupiter-engine\5.10.2\junit-jupiter-engine-5.10.2.jar;C:\Users\dhiebert\.m2\repository\org\junit\platform\junit-platform-engine\1.10.2\junit-platform-engine-1.10.2.jar;C:\Users\dhiebert\.m2\repository\org\mockito\mockito-junit-jupiter\5.10.0\mockito-junit-jupiter-5.10.0.jar;C:\Users\dhiebert\.m2\repository\org\mockito\mockito-core\5.10.0\mockito-core-5.10.0.jar;C:\Users\dhiebert\.m2\repository\net\bytebuddy\byte-buddy-agent\1.14.11\byte-buddy-agent-1.14.11.jar;C:\Users\dhiebert\.m2\repository\org\objenesis\objenesis\3.3\objenesis-3.3.jar;C:\Users\dhiebert\.m2\repository\org\hibernate\orm\hibernate-hikaricp\6.5.0.Final\hibernate-hikaricp-6.5.0.Final.jar;C:\Users\dhiebert\.m2\repository\ch\qos\logback\logback-classic\1.2.11\logback-classic-1.2.11.jar;C:\Users\dhiebert\.m2\repository\ch\qos\logback\logback-core\1.2.11\logback-core-1.2.11.jar;C:\Users\dhiebert\.m2\repository\org\testfx\testfx-core\4.0.18\testfx-core-4.0.18.jar;C:\Users\dhiebert\.m2\repository\org\hamcrest\hamcrest\2.1\hamcrest-2.1.jar;C:\Users\dhiebert\.m2\repository\org\assertj\assertj-core\3.13.2\assertj-core-3.13.2.jar;C:\Users\dhiebert\.m2\repository\org\osgi\org.osgi.core\6.0.0\org.osgi.core-6.0.0.jar;C:\Users\dhiebert\.m2\repository\org\testfx\testfx-junit5\4.0.18\testfx-junit5-4.0.18.jar;C:\Users\dhiebert\.m2\repository\org\openjfx\javafx-web\17.0.2\javafx-web-17.0.2.jar;C:\Users\dhiebert\.m2\repository\org\openjfx\javafx-web\17.0.2\javafx-web-17.0.2-win.jar;C:\Users\dhiebert\.m2\repository\org\openjfx\javafx-media\17.0.2\javafx-media-17.0.2.jar;C:\Users\dhiebert\.m2\repository\org\openjfx\javafx-media\17.0.2\javafx-media-17.0.2-win.jar;C:\Users\dhiebert\.m2\repository\org\apache\pdfbox\pdfbox\2.0.27\pdfbox-2.0.27.jar;C:\Users\dhiebert\.m2\repository\org\apache\pdfbox\fontbox\2.0.27\fontbox-2.0.27.jar;C:\Users\dhiebert\.m2\repository\commons-logging\commons-logging\1.2\commons-logging-1.2.jar;C:\Users\dhiebert\.m2\repository\com\fasterxml\jackson\core\jackson-databind\2.15.0\jackson-databind-2.15.0.jar;C:\Users\dhiebert\.m2\repository\com\fasterxml\jackson\core\jackson-annotations\2.15.0\jackson-annotations-2.15.0.jar;C:\Users\dhiebert\.m2\repository\com\fasterxml\jackson\core\jackson-core\2.15.0\jackson-core-2.15.0.jar;C:\Users\dhiebert\.m2\repository\org\apache\xmlgraphics\batik-all\1.16\batik-all-1.16.jar;C:\Users\dhiebert\.m2\repository\xml-apis\xml-apis\1.4.01\xml-apis-1.4.01.jar;C:\Users\dhiebert\.m2\repository\xml-apis\xml-apis-ext\1.3.04\xml-apis-ext-1.3.04.jar;C:\Users\dhiebert\.m2\repository\org\apache\xmlgraphics\xmlgraphics-commons\2.7\xmlgraphics-commons-2.7.jar;C:\Users\dhiebert\.m2\repository\commons-io\commons-io\1.3.1\commons-io-1.3.1.jar;C:\Users\dhiebert\.m2\repository\org\jgrapht\jgrapht-core\1.5.2\jgrapht-core-1.5.2.jar;C:\Users\dhiebert\.m2\repository\org\jheaps\jheaps\0.14\jheaps-0.14.jar;C:\Users\dhiebert\.m2\repository\org\apfloat\apfloat\1.10.1\apfloat-1.10.1.jar;, jakarta.persistence.jdbc.driver=org.h2.Driver, sun.cpu.endian=little, user.home=C:\Users\dhiebert, user.language=en, java.specification.vendor=Oracle Corporation, java.version.date=2025-01-21, java.home=C:\Program Files\Eclipse Adoptium\jdk-21.0.6.7-hotspot, file.separator=\, basedir=C:\Users\dhiebert\Local Repositories\Project Management 2.0, java.vm.compressedOopsMode=Zero based, jakarta.persistence.jdbc.user=****, line.separator=
, hibernate.persistenceUnitName=frcpm, java.vm.specification.vendor=Oracle Corporation, java.specification.name=Java Platform API Specification, hibernate.transaction.coordinator_class=class org.hibernate.resource.transaction.backend.jdbc.internal.JdbcResourceLocalTransactionCoordinatorBuilderImpl, javax.persistence.jdbc.driver=org.h2.Driver, hibernate.hikari.maximumPoolSize=10, surefire.real.class.path=C:\Users\dhiebert\AppData\Local\Temp\surefire9513985487531586668\surefirebooter-20250425102356946_3.jar, hibernate.hbm2ddl.auto=update, user.script=, sun.management.compiler=HotSpot 64-Bit Tiered Compilers, java.runtime.version=21.0.6+7-LTS, user.name=dhiebert, hibernate.cache.use_query_cache=false, stdout.encoding=Cp1252, path.separator=;, hibernate.connection.username=****, os.version=10.0, java.runtime.name=OpenJDK Runtime Environment, hibernate.connection.url=jdbc:h2:file:C:\Users\dhiebert\.frcpm\frcpm, file.encoding=UTF-8, hibernate.hikari.minimumIdle=2, hibernate.hikari.idleTimeout=30000, java.vm.name=OpenJDK 64-Bit Server VM, hibernate.show_sql=false, java.vendor.version=Temurin-21.0.6+7, hibernate.hikari.poolName=FRC-PM-HikariCP, hibernate.current_session_context_class=thread, localRepository=C:\Users\dhiebert\.m2\repository, hibernate.connection.driver_class=org.h2.Driver, java.vendor.url.bug=https://github.com/adoptium/adoptium-support/issues, java.io.tmpdir=C:\Users\dhiebert\AppData\Local\Temp\, java.version=21.0.6, user.dir=C:\Users\dhiebert\Local Repositories\Project Management 2.0, os.arch=amd64, java.vm.specification.name=Java Virtual Machine Specification, hibernate.connection.password=****, sun.os.patch.level=, jakarta.persistence.jdbc.url=jdbc:h2:file:C:\Users\dhiebert\.frcpm\frcpm, hibernate.boot.CfgXmlAccessService.key=org.hibernate.boot.registry.StandardServiceRegistryBuilder$1@71afa383, native.encoding=Cp1252, hibernate.cache.use_second_level_cache=false, java.library.path=C:\Program Files\Eclipse Adoptium\jdk-21.0.6.7-hotspot\bin;C:\WINDOWS\Sun\Java\bin;C:\WINDOWS\system32;C:\WINDOWS;C:\Program Files\apache-maven-3.9.9\bin;C:\Program Files\Eclipse Adoptium\jdk-21.0.6.7-hotspot\bin;C:\Program Files\National Instruments\Shared\OpenVINO\;C:\Program Files\Common Files\Oracle\Java\javapath;C:\WINDOWS\system32;C:\WINDOWS;C:\WINDOWS\System32\Wbem;C:\WINDOWS\System32\WindowsPowerShell\v1.0\;C:\WINDOWS\System32\OpenSSH\;C:\Program Files\dotnet\;C:\Program Files (x86)\Windows Live\Shared;C:\Program Files\Git\cmd;C:\Program Files\Common Files\Autodesk Shared\;C:\Program Files\Microsoft SQL Server\150\Tools\Binn\;C:\Program Files\nodejs\;C:\Program Files\Eclipse Adoptium\jdk-21.0.6.7-hotspot\bin;C:\Program Files\apache-maven-3.9.9\bin;%MAVEN_HOME%\bin;C:\Users\dhiebert\AppData\Local\Microsoft\WindowsApps;C:\Users\dhiebert\AppData\Local\GitHubDesktop\bin;C:\Users\dhiebert\AppData\Roaming\npm;C:\Users\dhiebert\AppData\Local\Packages\PythonSoftwareFoundation.Python.3.11_qbz5n2kfra8p0\LocalCache\local-packages\Python311\Scripts;C:\Users\dhiebert\AppData\Local\Packages\PythonSoftwareFoundation.Python.3.11_qbz5n2kfra8p0\LocalCache\local-packages\Python311\site-packages\maven;;c:\Users\Public\wpilib\2025\vscode\data\user-data\User\globalStorage\github.copilot-chat\debugCommand;c:\Users\Public\wpilib\2025\vscode\data\extensions\ms-python.debugpy-2025.4.1-win32-x64\bundled\scripts\noConfigScripts;., stderr.encoding=Cp1252, java.vendor=Eclipse Adoptium, java.vm.info=mixed mode, sharing, java.vm.version=21.0.6+7-LTS, sun.io.unicode.encoding=UnicodeLittle, javax.persistence.jdbc.password=****, java.class.version=65.0}
10:24:13.237 [main] DEBUG org.hibernate.internal.SessionFactoryImpl - Session factory constructed with filter configurations : {}
10:24:13.238 [main] DEBUG org.hibernate.validator.internal.xml.config.ValidationXmlParser - Trying to load META-INF/validation.xml for XML based Validator configuration.
10:24:13.238 [main] DEBUG org.hibernate.validator.internal.xml.config.ResourceLoaderHelper - Trying to load META-INF/validation.xml via TCCL
10:24:13.238 [main] DEBUG org.hibernate.validator.internal.xml.config.ResourceLoaderHelper - Trying to load META-INF/validation.xml via Hibernate Validator's class loader
10:24:13.238 [main] DEBUG org.hibernate.validator.internal.xml.config.ValidationXmlParser - No META-INF/validation.xml found. Using annotation based configuration only.
10:24:13.238 [main] DEBUG org.hibernate.validator.internal.engine.resolver.TraversableResolvers - Found jakarta.persistence.Persistence on classpath containing 'getPersistenceUtil'. Assuming JPA 2 environment. Trying to instantiate JPA aware TraversableResolver
10:24:13.238 [main] DEBUG org.hibernate.validator.internal.engine.resolver.TraversableResolvers - Instantiated JPA aware TraversableResolver of type org.hibernate.validator.internal.engine.resolver.JPATraversableResolver.
10:24:13.239 [main] DEBUG org.hibernate.validator.messageinterpolation.ResourceBundleMessageInterpolator - Failed to load expression factory via classloader jdk.internal.loader.ClassLoaders$AppClassLoader@70dea4e
java.lang.NoClassDefFoundError: jakarta/el/ExpressionFactory
	at org.hibernate.validator.messageinterpolation.ResourceBundleMessageInterpolator.canLoadExpressionFactory(ResourceBundleMessageInterpolator.java:228)
	at org.hibernate.validator.messageinterpolation.ResourceBundleMessageInterpolator.buildExpressionFactory(ResourceBundleMessageInterpolator.java:173)
	at org.hibernate.validator.messageinterpolation.ResourceBundleMessageInterpolator.<init>(ResourceBundleMessageInterpolator.java:97)
	at org.hibernate.validator.internal.engine.AbstractConfigurationImpl.getDefaultMessageInterpolator(AbstractConfigurationImpl.java:575)
	at org.hibernate.validator.internal.engine.AbstractConfigurationImpl.getDefaultMessageInterpolatorConfiguredWithClassLoader(AbstractConfigurationImpl.java:834)
	at org.hibernate.validator.internal.engine.AbstractConfigurationImpl.getMessageInterpolator(AbstractConfigurationImpl.java:485)
	at org.hibernate.validator.internal.engine.ValidatorFactoryImpl.<init>(ValidatorFactoryImpl.java:157)
	at org.hibernate.validator.HibernateValidator.buildValidatorFactory(HibernateValidator.java:38)
	at org.hibernate.validator.internal.engine.AbstractConfigurationImpl.buildValidatorFactory(AbstractConfigurationImpl.java:453)
	at jakarta.validation.Validation.buildDefaultValidatorFactory(Validation.java:103)
	at org.hibernate.boot.beanvalidation.TypeSafeActivator.getValidatorFactory(TypeSafeActivator.java:482)
	at org.hibernate.boot.beanvalidation.TypeSafeActivator.activate(TypeSafeActivator.java:79)
	at java.base/jdk.internal.reflect.DirectMethodHandleAccessor.invoke(DirectMethodHandleAccessor.java:103)
	at java.base/java.lang.reflect.Method.invoke(Method.java:580)
	at org.hibernate.boot.beanvalidation.BeanValidationIntegrator.integrate(BeanValidationIntegrator.java:139)
	at org.hibernate.internal.SessionFactoryImpl.integrate(SessionFactoryImpl.java:517)
	at org.hibernate.internal.SessionFactoryImpl.<init>(SessionFactoryImpl.java:276)
	at org.hibernate.boot.internal.SessionFactoryBuilderImpl.build(SessionFactoryBuilderImpl.java:457)
	at org.hibernate.jpa.boot.internal.EntityManagerFactoryBuilderImpl.build(EntityManagerFactoryBuilderImpl.java:1506)
	at org.hibernate.jpa.HibernatePersistenceProvider.createEntityManagerFactory(HibernatePersistenceProvider.java:55)
	at jakarta.persistence.Persistence.createEntityManagerFactory(Persistence.java:80)
	at org.frcpm.config.DatabaseConfig.initialize(DatabaseConfig.java:114)
	at org.frcpm.config.DatabaseConfig.initialize(DatabaseConfig.java:28)
	at org.frcpm.repositories.AttendanceRepositoryTest.setUp(AttendanceRepositoryTest.java:40)
	at java.base/jdk.internal.reflect.DirectMethodHandleAccessor.invoke(DirectMethodHandleAccessor.java:103)
	at java.base/java.lang.reflect.Method.invoke(Method.java:580)
	at org.junit.platform.commons.util.ReflectionUtils.invokeMethod(ReflectionUtils.java:728)
	at org.junit.jupiter.engine.execution.MethodInvocation.proceed(MethodInvocation.java:60)
	at org.junit.jupiter.engine.execution.InvocationInterceptorChain$ValidatingInvocation.proceed(InvocationInterceptorChain.java:131)
	at org.junit.jupiter.engine.extension.TimeoutExtension.intercept(TimeoutExtension.java:156)
	at org.junit.jupiter.engine.extension.TimeoutExtension.interceptLifecycleMethod(TimeoutExtension.java:128)
	at org.junit.jupiter.engine.extension.TimeoutExtension.interceptBeforeEachMethod(TimeoutExtension.java:78)
	at org.junit.jupiter.engine.execution.InterceptingExecutableInvoker$ReflectiveInterceptorCall.lambda$ofVoidMethod$0(InterceptingExecutableInvoker.java:103)
	at org.junit.jupiter.engine.execution.InterceptingExecutableInvoker.lambda$invoke$0(InterceptingExecutableInvoker.java:93)
	at org.junit.jupiter.engine.execution.InvocationInterceptorChain$InterceptedInvocation.proceed(InvocationInterceptorChain.java:106)
	at org.junit.jupiter.engine.execution.InvocationInterceptorChain.proceed(InvocationInterceptorChain.java:64)
	at org.junit.jupiter.engine.execution.InvocationInterceptorChain.chainAndInvoke(InvocationInterceptorChain.java:45)
	at org.junit.jupiter.engine.execution.InvocationInterceptorChain.invoke(InvocationInterceptorChain.java:37)
	at org.junit.jupiter.engine.execution.InterceptingExecutableInvoker.invoke(InterceptingExecutableInvoker.java:92)
	at org.junit.jupiter.engine.execution.InterceptingExecutableInvoker.invoke(InterceptingExecutableInvoker.java:86)
	at org.junit.jupiter.engine.descriptor.ClassBasedTestDescriptor.invokeMethodInExtensionContext(ClassBasedTestDescriptor.java:521)
	at org.junit.jupiter.engine.descriptor.ClassBasedTestDescriptor.lambda$synthesizeBeforeEachMethodAdapter$23(ClassBasedTestDescriptor.java:506)
	at org.junit.jupiter.engine.descriptor.TestMethodTestDescriptor.lambda$invokeBeforeEachMethods$3(TestMethodTestDescriptor.java:175)
	at org.junit.jupiter.engine.descriptor.TestMethodTestDescriptor.lambda$invokeBeforeMethodsOrCallbacksUntilExceptionOccurs$6(TestMethodTestDescriptor.java:203)
	at org.junit.platform.engine.support.hierarchical.ThrowableCollector.execute(ThrowableCollector.java:73)
	at org.junit.jupiter.engine.descriptor.TestMethodTestDescriptor.invokeBeforeMethodsOrCallbacksUntilExceptionOccurs(TestMethodTestDescriptor.java:203)
	at org.junit.jupiter.engine.descriptor.TestMethodTestDescriptor.invokeBeforeEachMethods(TestMethodTestDescriptor.java:172)
	at org.junit.jupiter.engine.descriptor.TestMethodTestDescriptor.execute(TestMethodTestDescriptor.java:135)
	at org.junit.jupiter.engine.descriptor.TestMethodTestDescriptor.execute(TestMethodTestDescriptor.java:69)
	at org.junit.platform.engine.support.hierarchical.NodeTestTask.lambda$executeRecursively$6(NodeTestTask.java:151)
	at org.junit.platform.engine.support.hierarchical.ThrowableCollector.execute(ThrowableCollector.java:73)
	at org.junit.platform.engine.support.hierarchical.NodeTestTask.lambda$executeRecursively$8(NodeTestTask.java:141)
	at org.junit.platform.engine.support.hierarchical.Node.around(Node.java:137)
	at org.junit.platform.engine.support.hierarchical.NodeTestTask.lambda$executeRecursively$9(NodeTestTask.java:139)
	at org.junit.platform.engine.support.hierarchical.ThrowableCollector.execute(ThrowableCollector.java:73)
	at org.junit.platform.engine.support.hierarchical.NodeTestTask.executeRecursively(NodeTestTask.java:138)
	at org.junit.platform.engine.support.hierarchical.NodeTestTask.execute(NodeTestTask.java:95)
	at java.base/java.util.ArrayList.forEach(ArrayList.java:1596)
	at org.junit.platform.engine.support.hierarchical.SameThreadHierarchicalTestExecutorService.invokeAll(SameThreadHierarchicalTestExecutorService.java:41)
	at org.junit.platform.engine.support.hierarchical.NodeTestTask.lambda$executeRecursively$6(NodeTestTask.java:155)
	at org.junit.platform.engine.support.hierarchical.ThrowableCollector.execute(ThrowableCollector.java:73)
	at org.junit.platform.engine.support.hierarchical.NodeTestTask.lambda$executeRecursively$8(NodeTestTask.java:141)
	at org.junit.platform.engine.support.hierarchical.Node.around(Node.java:137)
	at org.junit.platform.engine.support.hierarchical.NodeTestTask.lambda$executeRecursively$9(NodeTestTask.java:139)
	at org.junit.platform.engine.support.hierarchical.ThrowableCollector.execute(ThrowableCollector.java:73)
	at org.junit.platform.engine.support.hierarchical.NodeTestTask.executeRecursively(NodeTestTask.java:138)
	at org.junit.platform.engine.support.hierarchical.NodeTestTask.execute(NodeTestTask.java:95)
	at java.base/java.util.ArrayList.forEach(ArrayList.java:1596)
	at org.junit.platform.engine.support.hierarchical.SameThreadHierarchicalTestExecutorService.invokeAll(SameThreadHierarchicalTestExecutorService.java:41)
	at org.junit.platform.engine.support.hierarchical.NodeTestTask.lambda$executeRecursively$6(NodeTestTask.java:155)
	at org.junit.platform.engine.support.hierarchical.ThrowableCollector.execute(ThrowableCollector.java:73)
	at org.junit.platform.engine.support.hierarchical.NodeTestTask.lambda$executeRecursively$8(NodeTestTask.java:141)
	at org.junit.platform.engine.support.hierarchical.Node.around(Node.java:137)
	at org.junit.platform.engine.support.hierarchical.NodeTestTask.lambda$executeRecursively$9(NodeTestTask.java:139)
	at org.junit.platform.engine.support.hierarchical.ThrowableCollector.execute(ThrowableCollector.java:73)
	at org.junit.platform.engine.support.hierarchical.NodeTestTask.executeRecursively(NodeTestTask.java:138)
	at org.junit.platform.engine.support.hierarchical.NodeTestTask.execute(NodeTestTask.java:95)
	at org.junit.platform.engine.support.hierarchical.SameThreadHierarchicalTestExecutorService.submit(SameThreadHierarchicalTestExecutorService.java:35)
	at org.junit.platform.engine.support.hierarchical.HierarchicalTestExecutor.execute(HierarchicalTestExecutor.java:57)
	at org.junit.platform.engine.support.hierarchical.HierarchicalTestEngine.execute(HierarchicalTestEngine.java:54)
	at org.junit.platform.launcher.core.EngineExecutionOrchestrator.execute(EngineExecutionOrchestrator.java:198)
	at org.junit.platform.launcher.core.EngineExecutionOrchestrator.execute(EngineExecutionOrchestrator.java:169)
	at org.junit.platform.launcher.core.EngineExecutionOrchestrator.execute(EngineExecutionOrchestrator.java:93)
	at org.junit.platform.launcher.core.EngineExecutionOrchestrator.lambda$execute$0(EngineExecutionOrchestrator.java:58)
	at org.junit.platform.launcher.core.EngineExecutionOrchestrator.withInterceptedStreams(EngineExecutionOrchestrator.java:141)
	at org.junit.platform.launcher.core.EngineExecutionOrchestrator.execute(EngineExecutionOrchestrator.java:57)
	at org.junit.platform.launcher.core.DefaultLauncher.execute(DefaultLauncher.java:103)
	at org.junit.platform.launcher.core.DefaultLauncher.execute(DefaultLauncher.java:85)
	at org.junit.platform.launcher.core.DelegatingLauncher.execute(DelegatingLauncher.java:47)
	at org.apache.maven.surefire.junitplatform.LazyLauncher.execute(LazyLauncher.java:56)
	at org.apache.maven.surefire.junitplatform.JUnitPlatformProvider.execute(JUnitPlatformProvider.java:184)
	at org.apache.maven.surefire.junitplatform.JUnitPlatformProvider.invokeAllTests(JUnitPlatformProvider.java:148)
	at org.apache.maven.surefire.junitplatform.JUnitPlatformProvider.invoke(JUnitPlatformProvider.java:122)
	at org.apache.maven.surefire.booter.ForkedBooter.runSuitesInProcess(ForkedBooter.java:385)
	at org.apache.maven.surefire.booter.ForkedBooter.execute(ForkedBooter.java:162)
	at org.apache.maven.surefire.booter.ForkedBooter.run(ForkedBooter.java:507)
	at org.apache.maven.surefire.booter.ForkedBooter.main(ForkedBooter.java:495)
Caused by: java.lang.ClassNotFoundException: jakarta.el.ExpressionFactory
	... 97 common frames omitted
10:24:13.239 [main] DEBUG org.hibernate.validator.messageinterpolation.ResourceBundleMessageInterpolator - Failed to load expression factory via classloader jdk.internal.loader.ClassLoaders$AppClassLoader@70dea4e
java.lang.NoClassDefFoundError: jakarta/el/ExpressionFactory
	at org.hibernate.validator.messageinterpolation.ResourceBundleMessageInterpolator.canLoadExpressionFactory(ResourceBundleMessageInterpolator.java:228)
	at org.hibernate.validator.messageinterpolation.ResourceBundleMessageInterpolator.buildExpressionFactory(ResourceBundleMessageInterpolator.java:186)
	at org.hibernate.validator.messageinterpolation.ResourceBundleMessageInterpolator.<init>(ResourceBundleMessageInterpolator.java:97)
	at org.hibernate.validator.internal.engine.AbstractConfigurationImpl.getDefaultMessageInterpolator(AbstractConfigurationImpl.java:575)
	at org.hibernate.validator.internal.engine.AbstractConfigurationImpl.getDefaultMessageInterpolatorConfiguredWithClassLoader(AbstractConfigurationImpl.java:834)
	at org.hibernate.validator.internal.engine.AbstractConfigurationImpl.getMessageInterpolator(AbstractConfigurationImpl.java:485)
	at org.hibernate.validator.internal.engine.ValidatorFactoryImpl.<init>(ValidatorFactoryImpl.java:157)
	at org.hibernate.validator.HibernateValidator.buildValidatorFactory(HibernateValidator.java:38)
	at org.hibernate.validator.internal.engine.AbstractConfigurationImpl.buildValidatorFactory(AbstractConfigurationImpl.java:453)
	at jakarta.validation.Validation.buildDefaultValidatorFactory(Validation.java:103)
	at org.hibernate.boot.beanvalidation.TypeSafeActivator.getValidatorFactory(TypeSafeActivator.java:482)
	at org.hibernate.boot.beanvalidation.TypeSafeActivator.activate(TypeSafeActivator.java:79)
	at java.base/jdk.internal.reflect.DirectMethodHandleAccessor.invoke(DirectMethodHandleAccessor.java:103)
	at java.base/java.lang.reflect.Method.invoke(Method.java:580)
	at org.hibernate.boot.beanvalidation.BeanValidationIntegrator.integrate(BeanValidationIntegrator.java:139)
	at org.hibernate.internal.SessionFactoryImpl.integrate(SessionFactoryImpl.java:517)
	at org.hibernate.internal.SessionFactoryImpl.<init>(SessionFactoryImpl.java:276)
	at org.hibernate.boot.internal.SessionFactoryBuilderImpl.build(SessionFactoryBuilderImpl.java:457)
	at org.hibernate.jpa.boot.internal.EntityManagerFactoryBuilderImpl.build(EntityManagerFactoryBuilderImpl.java:1506)
	at org.hibernate.jpa.HibernatePersistenceProvider.createEntityManagerFactory(HibernatePersistenceProvider.java:55)
	at jakarta.persistence.Persistence.createEntityManagerFactory(Persistence.java:80)
	at org.frcpm.config.DatabaseConfig.initialize(DatabaseConfig.java:114)
	at org.frcpm.config.DatabaseConfig.initialize(DatabaseConfig.java:28)
	at org.frcpm.repositories.AttendanceRepositoryTest.setUp(AttendanceRepositoryTest.java:40)
	at java.base/jdk.internal.reflect.DirectMethodHandleAccessor.invoke(DirectMethodHandleAccessor.java:103)
	at java.base/java.lang.reflect.Method.invoke(Method.java:580)
	at org.junit.platform.commons.util.ReflectionUtils.invokeMethod(ReflectionUtils.java:728)
	at org.junit.jupiter.engine.execution.MethodInvocation.proceed(MethodInvocation.java:60)
	at org.junit.jupiter.engine.execution.InvocationInterceptorChain$ValidatingInvocation.proceed(InvocationInterceptorChain.java:131)
	at org.junit.jupiter.engine.extension.TimeoutExtension.intercept(TimeoutExtension.java:156)
	at org.junit.jupiter.engine.extension.TimeoutExtension.interceptLifecycleMethod(TimeoutExtension.java:128)
	at org.junit.jupiter.engine.extension.TimeoutExtension.interceptBeforeEachMethod(TimeoutExtension.java:78)
	at org.junit.jupiter.engine.execution.InterceptingExecutableInvoker$ReflectiveInterceptorCall.lambda$ofVoidMethod$0(InterceptingExecutableInvoker.java:103)
	at org.junit.jupiter.engine.execution.InterceptingExecutableInvoker.lambda$invoke$0(InterceptingExecutableInvoker.java:93)
	at org.junit.jupiter.engine.execution.InvocationInterceptorChain$InterceptedInvocation.proceed(InvocationInterceptorChain.java:106)
	at org.junit.jupiter.engine.execution.InvocationInterceptorChain.proceed(InvocationInterceptorChain.java:64)
	at org.junit.jupiter.engine.execution.InvocationInterceptorChain.chainAndInvoke(InvocationInterceptorChain.java:45)
	at org.junit.jupiter.engine.execution.InvocationInterceptorChain.invoke(InvocationInterceptorChain.java:37)
	at org.junit.jupiter.engine.execution.InterceptingExecutableInvoker.invoke(InterceptingExecutableInvoker.java:92)
	at org.junit.jupiter.engine.execution.InterceptingExecutableInvoker.invoke(InterceptingExecutableInvoker.java:86)
	at org.junit.jupiter.engine.descriptor.ClassBasedTestDescriptor.invokeMethodInExtensionContext(ClassBasedTestDescriptor.java:521)
	at org.junit.jupiter.engine.descriptor.ClassBasedTestDescriptor.lambda$synthesizeBeforeEachMethodAdapter$23(ClassBasedTestDescriptor.java:506)
	at org.junit.jupiter.engine.descriptor.TestMethodTestDescriptor.lambda$invokeBeforeEachMethods$3(TestMethodTestDescriptor.java:175)
	at org.junit.jupiter.engine.descriptor.TestMethodTestDescriptor.lambda$invokeBeforeMethodsOrCallbacksUntilExceptionOccurs$6(TestMethodTestDescriptor.java:203)
	at org.junit.platform.engine.support.hierarchical.ThrowableCollector.execute(ThrowableCollector.java:73)
	at org.junit.jupiter.engine.descriptor.TestMethodTestDescriptor.invokeBeforeMethodsOrCallbacksUntilExceptionOccurs(TestMethodTestDescriptor.java:203)
	at org.junit.jupiter.engine.descriptor.TestMethodTestDescriptor.invokeBeforeEachMethods(TestMethodTestDescriptor.java:172)
	at org.junit.jupiter.engine.descriptor.TestMethodTestDescriptor.execute(TestMethodTestDescriptor.java:135)
	at org.junit.jupiter.engine.descriptor.TestMethodTestDescriptor.execute(TestMethodTestDescriptor.java:69)
	at org.junit.platform.engine.support.hierarchical.NodeTestTask.lambda$executeRecursively$6(NodeTestTask.java:151)
	at org.junit.platform.engine.support.hierarchical.ThrowableCollector.execute(ThrowableCollector.java:73)
	at org.junit.platform.engine.support.hierarchical.NodeTestTask.lambda$executeRecursively$8(NodeTestTask.java:141)
	at org.junit.platform.engine.support.hierarchical.Node.around(Node.java:137)
	at org.junit.platform.engine.support.hierarchical.NodeTestTask.lambda$executeRecursively$9(NodeTestTask.java:139)
	at org.junit.platform.engine.support.hierarchical.ThrowableCollector.execute(ThrowableCollector.java:73)
	at org.junit.platform.engine.support.hierarchical.NodeTestTask.executeRecursively(NodeTestTask.java:138)
	at org.junit.platform.engine.support.hierarchical.NodeTestTask.execute(NodeTestTask.java:95)
	at java.base/java.util.ArrayList.forEach(ArrayList.java:1596)
	at org.junit.platform.engine.support.hierarchical.SameThreadHierarchicalTestExecutorService.invokeAll(SameThreadHierarchicalTestExecutorService.java:41)
	at org.junit.platform.engine.support.hierarchical.NodeTestTask.lambda$executeRecursively$6(NodeTestTask.java:155)
	at org.junit.platform.engine.support.hierarchical.ThrowableCollector.execute(ThrowableCollector.java:73)
	at org.junit.platform.engine.support.hierarchical.NodeTestTask.lambda$executeRecursively$8(NodeTestTask.java:141)
	at org.junit.platform.engine.support.hierarchical.Node.around(Node.java:137)
	at org.junit.platform.engine.support.hierarchical.NodeTestTask.lambda$executeRecursively$9(NodeTestTask.java:139)
	at org.junit.platform.engine.support.hierarchical.ThrowableCollector.execute(ThrowableCollector.java:73)
	at org.junit.platform.engine.support.hierarchical.NodeTestTask.executeRecursively(NodeTestTask.java:138)
	at org.junit.platform.engine.support.hierarchical.NodeTestTask.execute(NodeTestTask.java:95)
	at java.base/java.util.ArrayList.forEach(ArrayList.java:1596)
	at org.junit.platform.engine.support.hierarchical.SameThreadHierarchicalTestExecutorService.invokeAll(SameThreadHierarchicalTestExecutorService.java:41)
	at org.junit.platform.engine.support.hierarchical.NodeTestTask.lambda$executeRecursively$6(NodeTestTask.java:155)
	at org.junit.platform.engine.support.hierarchical.ThrowableCollector.execute(ThrowableCollector.java:73)
	at org.junit.platform.engine.support.hierarchical.NodeTestTask.lambda$executeRecursively$8(NodeTestTask.java:141)
	at org.junit.platform.engine.support.hierarchical.Node.around(Node.java:137)
	at org.junit.platform.engine.support.hierarchical.NodeTestTask.lambda$executeRecursively$9(NodeTestTask.java:139)
	at org.junit.platform.engine.support.hierarchical.ThrowableCollector.execute(ThrowableCollector.java:73)
	at org.junit.platform.engine.support.hierarchical.NodeTestTask.executeRecursively(NodeTestTask.java:138)
	at org.junit.platform.engine.support.hierarchical.NodeTestTask.execute(NodeTestTask.java:95)
	at org.junit.platform.engine.support.hierarchical.SameThreadHierarchicalTestExecutorService.submit(SameThreadHierarchicalTestExecutorService.java:35)
	at org.junit.platform.engine.support.hierarchical.HierarchicalTestExecutor.execute(HierarchicalTestExecutor.java:57)
	at org.junit.platform.engine.support.hierarchical.HierarchicalTestEngine.execute(HierarchicalTestEngine.java:54)
	at org.junit.platform.launcher.core.EngineExecutionOrchestrator.execute(EngineExecutionOrchestrator.java:198)
	at org.junit.platform.launcher.core.EngineExecutionOrchestrator.execute(EngineExecutionOrchestrator.java:169)
	at org.junit.platform.launcher.core.EngineExecutionOrchestrator.execute(EngineExecutionOrchestrator.java:93)
	at org.junit.platform.launcher.core.EngineExecutionOrchestrator.lambda$execute$0(EngineExecutionOrchestrator.java:58)
	at org.junit.platform.launcher.core.EngineExecutionOrchestrator.withInterceptedStreams(EngineExecutionOrchestrator.java:141)
	at org.junit.platform.launcher.core.EngineExecutionOrchestrator.execute(EngineExecutionOrchestrator.java:57)
	at org.junit.platform.launcher.core.DefaultLauncher.execute(DefaultLauncher.java:103)
	at org.junit.platform.launcher.core.DefaultLauncher.execute(DefaultLauncher.java:85)
	at org.junit.platform.launcher.core.DelegatingLauncher.execute(DelegatingLauncher.java:47)
	at org.apache.maven.surefire.junitplatform.LazyLauncher.execute(LazyLauncher.java:56)
	at org.apache.maven.surefire.junitplatform.JUnitPlatformProvider.execute(JUnitPlatformProvider.java:184)
	at org.apache.maven.surefire.junitplatform.JUnitPlatformProvider.invokeAllTests(JUnitPlatformProvider.java:148)
	at org.apache.maven.surefire.junitplatform.JUnitPlatformProvider.invoke(JUnitPlatformProvider.java:122)
	at org.apache.maven.surefire.booter.ForkedBooter.runSuitesInProcess(ForkedBooter.java:385)
	at org.apache.maven.surefire.booter.ForkedBooter.execute(ForkedBooter.java:162)
	at org.apache.maven.surefire.booter.ForkedBooter.run(ForkedBooter.java:507)
	at org.apache.maven.surefire.booter.ForkedBooter.main(ForkedBooter.java:495)
Caused by: java.lang.ClassNotFoundException: jakarta.el.ExpressionFactory
	... 97 common frames omitted
10:24:13.240 [main] DEBUG org.hibernate.boot.beanvalidation.TypeSafeActivator - Unable to acquire Bean Validation ValidatorFactory, skipping activation
10:24:13.242 [main] DEBUG org.hibernate.query.sqm.function.SqmFunctionRegistry - Registered SqmFunctionTemplate [NamedSqmFunctionTemplate(max)] under max; prior registration was null
10:24:13.242 [main] DEBUG org.hibernate.query.sqm.function.SqmFunctionRegistry - Registered SqmFunctionTemplate [NamedSqmFunctionTemplate(min)] under min; prior registration was null
10:24:13.242 [main] DEBUG org.hibernate.query.sqm.function.SqmFunctionRegistry - Registered SqmFunctionTemplate [NamedSqmFunctionTemplate(sum)] under sum; prior registration was null
10:24:13.242 [main] DEBUG org.hibernate.query.sqm.function.SqmFunctionRegistry - Registered SqmFunctionTemplate [NamedSqmFunctionTemplate(avg)] under avg; prior registration was null
10:24:13.242 [main] DEBUG org.hibernate.query.sqm.function.SqmFunctionRegistry - Registered SqmFunctionTemplate [org.hibernate.dialect.function.CountFunction@22acafbc] under count; prior registration was null
10:24:13.242 [main] DEBUG org.hibernate.query.sqm.function.SqmFunctionRegistry - Registered SqmFunctionTemplate [org.hibernate.dialect.function.EveryAnyEmulation@4e238f9d] under every; prior registration was null
10:24:13.242 [main] DEBUG org.hibernate.query.sqm.function.SqmFunctionRegistry - Registered SqmFunctionTemplate [org.hibernate.dialect.function.EveryAnyEmulation@1f769a0e] under any; prior registration was null
10:24:13.242 [main] DEBUG org.hibernate.query.sqm.function.SqmFunctionRegistry - Registered SqmFunctionTemplate [NamedSqmFunctionTemplate(floor)] under floor; prior registration was null
10:24:13.242 [main] DEBUG org.hibernate.query.sqm.function.SqmFunctionRegistry - Registered SqmFunctionTemplate [NamedSqmFunctionTemplate(ceiling)] under ceiling; prior registration was null
10:24:13.242 [main] DEBUG org.hibernate.query.sqm.function.SqmFunctionRegistry - Registered SqmFunctionTemplate [NamedSqmFunctionTemplate(mod)] under mod; prior registration was null
10:24:13.242 [main] DEBUG org.hibernate.query.sqm.function.SqmFunctionRegistry - Registered SqmFunctionTemplate [NamedSqmFunctionTemplate(abs)] under abs; prior registration was null
10:24:13.242 [main] DEBUG org.hibernate.query.sqm.function.SqmFunctionRegistry - Registered SqmFunctionTemplate [NamedSqmFunctionTemplate(sign)] under sign; prior registration was null
10:24:13.242 [main] DEBUG org.hibernate.query.sqm.function.SqmFunctionRegistry - Registered SqmFunctionTemplate [NamedSqmFunctionTemplate(sqrt)] under sqrt; prior registration was null
10:24:13.242 [main] DEBUG org.hibernate.query.sqm.function.SqmFunctionRegistry - Registered SqmFunctionTemplate [NamedSqmFunctionTemplate(ln)] under ln; prior registration was null
10:24:13.242 [main] DEBUG org.hibernate.query.sqm.function.SqmFunctionRegistry - Registered SqmFunctionTemplate [NamedSqmFunctionTemplate(exp)] under exp; prior registration was null
10:24:13.242 [main] DEBUG org.hibernate.query.sqm.function.SqmFunctionRegistry - Registered SqmFunctionTemplate [NamedSqmFunctionTemplate(power)] under power; prior registration was null
10:24:13.242 [main] DEBUG org.hibernate.query.sqm.function.SqmFunctionRegistry - Registered SqmFunctionTemplate [NamedSqmFunctionTemplate(round)] under round; prior registration was null
10:24:13.242 [main] DEBUG org.hibernate.query.sqm.function.SqmFunctionRegistry - Registered SqmFunctionTemplate [NamedSqmFunctionTemplate(sin)] under sin; prior registration was null
10:24:13.242 [main] DEBUG org.hibernate.query.sqm.function.SqmFunctionRegistry - Registered SqmFunctionTemplate [NamedSqmFunctionTemplate(cos)] under cos; prior registration was null
10:24:13.242 [main] DEBUG org.hibernate.query.sqm.function.SqmFunctionRegistry - Registered SqmFunctionTemplate [NamedSqmFunctionTemplate(tan)] under tan; prior registration was null
10:24:13.242 [main] DEBUG org.hibernate.query.sqm.function.SqmFunctionRegistry - Registered SqmFunctionTemplate [NamedSqmFunctionTemplate(asin)] under asin; prior registration was null
10:24:13.242 [main] DEBUG org.hibernate.query.sqm.function.SqmFunctionRegistry - Registered SqmFunctionTemplate [NamedSqmFunctionTemplate(acos)] under acos; prior registration was null
10:24:13.242 [main] DEBUG org.hibernate.query.sqm.function.SqmFunctionRegistry - Registered SqmFunctionTemplate [NamedSqmFunctionTemplate(atan)] under atan; prior registration was null
10:24:13.242 [main] DEBUG org.hibernate.query.sqm.function.SqmFunctionRegistry - Registered SqmFunctionTemplate [NamedSqmFunctionTemplate(atan2)] under atan2; prior registration was null
10:24:13.242 [main] DEBUG org.hibernate.query.sqm.function.SqmFunctionRegistry - Registered SqmFunctionTemplate [org.hibernate.query.sqm.function.PatternBasedSqmFunctionDescriptor@bf6f001] under sinh; prior registration was null
10:24:13.242 [main] DEBUG org.hibernate.query.sqm.function.SqmFunctionRegistry - Registered SqmFunctionTemplate [org.hibernate.query.sqm.function.PatternBasedSqmFunctionDescriptor@4c606f8c] under cosh; prior registration was null
10:24:13.242 [main] DEBUG org.hibernate.query.sqm.function.SqmFunctionRegistry - Registered SqmFunctionTemplate [org.hibernate.query.sqm.function.PatternBasedSqmFunctionDescriptor@1e6d5efa] under tanh; prior registration was null
10:24:13.242 [main] DEBUG org.hibernate.query.sqm.function.SqmFunctionRegistry - Registered SqmFunctionTemplate [org.hibernate.query.sqm.function.PatternBasedSqmFunctionDescriptor@35e011d3] under pi; prior registration was null
10:24:13.242 [main] DEBUG org.hibernate.query.sqm.function.SqmFunctionRegistry - Registered SqmFunctionTemplate [org.hibernate.query.sqm.function.PatternBasedSqmFunctionDescriptor@92a9996] under log; prior registration was null
10:24:13.242 [main] DEBUG org.hibernate.query.sqm.function.SqmFunctionRegistry - Registered SqmFunctionTemplate [NamedSqmFunctionTemplate(coalesce)] under coalesce; prior registration was null
10:24:13.242 [main] DEBUG org.hibernate.query.sqm.function.SqmFunctionRegistry - Registered SqmFunctionTemplate [NamedSqmFunctionTemplate(nullif)] under nullif; prior registration was null
10:24:13.242 [main] DEBUG org.hibernate.query.sqm.function.SqmFunctionRegistry - Registered SqmFunctionTemplate [NamedSqmFunctionTemplate(left)] under left; prior registration was null
10:24:13.242 [main] DEBUG org.hibernate.query.sqm.function.SqmFunctionRegistry - Registered SqmFunctionTemplate [NamedSqmFunctionTemplate(right)] under right; prior registration was null
10:24:13.242 [main] DEBUG org.hibernate.query.sqm.function.SqmFunctionRegistry - Registered SqmFunctionTemplate [NamedSqmFunctionTemplate(replace)] under replace; prior registration was null
10:24:13.242 [main] DEBUG org.hibernate.query.sqm.function.SqmFunctionRegistry - Registered SqmFunctionTemplate [NamedSqmFunctionTemplate(concat)] under concat; prior registration was null
10:24:13.242 [main] DEBUG org.hibernate.query.sqm.function.SqmFunctionRegistry - Registered SqmFunctionTemplate [NamedSqmFunctionTemplate(lower)] under lower; prior registration was null
10:24:13.242 [main] DEBUG org.hibernate.query.sqm.function.SqmFunctionRegistry - Registered SqmFunctionTemplate [NamedSqmFunctionTemplate(upper)] under upper; prior registration was null
10:24:13.242 [main] DEBUG org.hibernate.query.sqm.function.SqmFunctionRegistry - Registered SqmFunctionTemplate [NamedSqmFunctionTemplate(substring)] under substring; prior registration was null
10:24:13.242 [main] DEBUG org.hibernate.query.sqm.function.SqmFunctionRegistry - Registered SqmFunctionTemplate [NamedSqmFunctionTemplate(locate)] under locate; prior registration was null
10:24:13.242 [main] DEBUG org.hibernate.query.sqm.function.SqmFunctionRegistry - Registered SqmFunctionTemplate [NamedSqmFunctionTemplate(character_length)] under character_length; prior registration was null
10:24:13.242 [main] DEBUG org.hibernate.query.sqm.function.SqmFunctionRegistry - Registering alternate key : length -> character_length
10:24:13.242 [main] DEBUG org.hibernate.query.sqm.function.SqmFunctionRegistry - Registered SqmFunctionTemplate [org.hibernate.dialect.function.LocatePositionEmulation@46799b30] under position; prior registration was null
10:24:13.242 [main] DEBUG org.hibernate.query.sqm.function.SqmFunctionRegistry - Registered SqmFunctionTemplate [org.hibernate.dialect.function.InsertSubstringOverlayEmulation@3297978b] under overlay; prior registration was null
10:24:13.242 [main] DEBUG org.hibernate.query.sqm.function.SqmFunctionRegistry - Registered SqmFunctionTemplate [org.hibernate.dialect.function.TrimFunction@7cc6683] under trim; prior registration was null
10:24:13.242 [main] DEBUG org.hibernate.query.sqm.function.SqmFunctionRegistry - Registered SqmFunctionTemplate [org.hibernate.dialect.function.CastFunction@5af7b9c5] under cast; prior registration was null
10:24:13.242 [main] DEBUG org.hibernate.query.sqm.function.SqmFunctionRegistry - Registered SqmFunctionTemplate [org.hibernate.query.sqm.function.PatternBasedSqmFunctionDescriptor@505d09b0] under collate; prior registration was null
10:24:13.242 [main] DEBUG org.hibernate.query.sqm.function.SqmFunctionRegistry - Registered SqmFunctionTemplate [org.hibernate.dialect.function.ExtractFunction@5e78e7ff] under extract; prior registration was null
10:24:13.242 [main] DEBUG org.hibernate.query.sqm.function.SqmFunctionRegistry - Registered SqmFunctionTemplate [NamedSqmFunctionTemplate(least)] under least; prior registration was null
10:24:13.242 [main] DEBUG org.hibernate.query.sqm.function.SqmFunctionRegistry - Registered SqmFunctionTemplate [NamedSqmFunctionTemplate(greatest)] under greatest; prior registration was null
10:24:13.242 [main] DEBUG org.hibernate.query.sqm.function.SqmFunctionRegistry - Registered SqmFunctionTemplate [org.hibernate.dialect.function.CoalesceIfnullEmulation@3a646acd] under ifnull; prior registration was null
10:24:13.242 [main] DEBUG org.hibernate.query.sqm.function.SqmFunctionRegistry - Registered SqmFunctionTemplate [NamedSqmFunctionTemplate(lpad)] under lpad; prior registration was null
10:24:13.242 [main] DEBUG org.hibernate.query.sqm.function.SqmFunctionRegistry - Registered SqmFunctionTemplate [NamedSqmFunctionTemplate(rpad)] under rpad; prior registration was null
10:24:13.242 [main] DEBUG org.hibernate.query.sqm.function.SqmFunctionRegistry - Registered SqmFunctionTemplate [org.hibernate.dialect.function.LpadRpadPadEmulation@5dbad5d5] under pad; prior registration was null
10:24:13.242 [main] DEBUG org.hibernate.query.sqm.function.SqmFunctionRegistry - Registered SqmFunctionTemplate [org.hibernate.dialect.function.CastStrEmulation@6512475b] under str; prior registration was null
10:24:13.242 [main] DEBUG org.hibernate.query.sqm.function.SqmFunctionRegistry - Registered SqmFunctionTemplate [org.hibernate.dialect.function.FormatFunction@7ccc0319] under format; prior registration was null
10:24:13.242 [main] DEBUG org.hibernate.query.sqm.function.SqmFunctionRegistry - Registered SqmFunctionTemplate [org.hibernate.dialect.function.TimestampaddFunction@65673c4f] under timestampadd; prior registration was null
10:24:13.242 [main] DEBUG org.hibernate.query.sqm.function.SqmFunctionRegistry - Registered SqmFunctionTemplate [org.hibernate.dialect.function.TimestampdiffFunction@6ef8494b] under timestampdiff; prior registration was null
10:24:13.242 [main] DEBUG org.hibernate.query.sqm.function.SqmFunctionRegistry - Registering alternate key : dateadd -> timestampadd
10:24:13.242 [main] DEBUG org.hibernate.query.sqm.function.SqmFunctionRegistry - Registering alternate key : datediff -> timestampdiff
10:24:13.242 [main] DEBUG org.hibernate.query.sqm.function.SqmFunctionRegistry - Registered SqmFunctionTemplate [org.hibernate.dialect.function.CurrentFunction@19a7f350] under current_date; prior registration was null
10:24:13.242 [main] DEBUG org.hibernate.query.sqm.function.SqmFunctionRegistry - Registered SqmFunctionTemplate [org.hibernate.dialect.function.CurrentFunction@56fefb6] under current_time; prior registration was null
10:24:13.242 [main] DEBUG org.hibernate.query.sqm.function.SqmFunctionRegistry - Registered SqmFunctionTemplate [org.hibernate.dialect.function.CurrentFunction@59362e10] under current_timestamp; prior registration was null
10:24:13.242 [main] DEBUG org.hibernate.query.sqm.function.SqmFunctionRegistry - Registering alternate key : current date -> current_date
10:24:13.242 [main] DEBUG org.hibernate.query.sqm.function.SqmFunctionRegistry - Registering alternate key : current time -> current_time
10:24:13.242 [main] DEBUG org.hibernate.query.sqm.function.SqmFunctionRegistry - Registering alternate key : current timestamp -> current_timestamp
10:24:13.242 [main] DEBUG org.hibernate.query.sqm.function.SqmFunctionRegistry - Registered SqmFunctionTemplate [org.hibernate.dialect.function.CurrentFunction@7528966c] under local_date; prior registration was null
10:24:13.242 [main] DEBUG org.hibernate.query.sqm.function.SqmFunctionRegistry - Registered SqmFunctionTemplate [org.hibernate.dialect.function.CurrentFunction@5333d6ea] under local_time; prior registration was null
10:24:13.242 [main] DEBUG org.hibernate.query.sqm.function.SqmFunctionRegistry - Registered SqmFunctionTemplate [org.hibernate.dialect.function.CurrentFunction@295b9165] under local_datetime; prior registration was null
10:24:13.242 [main] DEBUG org.hibernate.query.sqm.function.SqmFunctionRegistry - Registered SqmFunctionTemplate [org.hibernate.dialect.function.CurrentFunction@41757cf0] under offset_datetime; prior registration was null
10:24:13.242 [main] DEBUG org.hibernate.query.sqm.function.SqmFunctionRegistry - Registering alternate key : local date -> local_date
10:24:13.242 [main] DEBUG org.hibernate.query.sqm.function.SqmFunctionRegistry - Registering alternate key : local time -> local_time
10:24:13.242 [main] DEBUG org.hibernate.query.sqm.function.SqmFunctionRegistry - Registering alternate key : local datetime -> local_datetime
10:24:13.242 [main] DEBUG org.hibernate.query.sqm.function.SqmFunctionRegistry - Registering alternate key : offset datetime -> offset_datetime
10:24:13.242 [main] DEBUG org.hibernate.query.sqm.function.SqmFunctionRegistry - Registered SqmFunctionTemplate [org.hibernate.dialect.function.CurrentFunction@70df1944] under instant; prior registration was null
10:24:13.242 [main] DEBUG org.hibernate.query.sqm.function.SqmFunctionRegistry - Registering alternate key : current_instant -> instant
10:24:13.242 [main] DEBUG org.hibernate.query.sqm.function.SqmFunctionRegistry - Registered SqmFunctionTemplate [org.hibernate.dialect.function.SqlFunction@3d961533] under sql; prior registration was null
10:24:13.242 [main] DEBUG org.hibernate.query.sqm.function.SqmFunctionRegistry - Registered SqmFunctionTemplate [NamedSqmFunctionTemplate(max)] under max; prior registration was NamedSqmFunctionTemplate(max)
10:24:13.242 [main] DEBUG org.hibernate.query.sqm.function.SqmFunctionRegistry - Registered SqmFunctionTemplate [NamedSqmFunctionTemplate(min)] under min; prior registration was NamedSqmFunctionTemplate(min)
10:24:13.242 [main] DEBUG org.hibernate.query.sqm.function.SqmFunctionRegistry - Registered SqmFunctionTemplate [NamedSqmFunctionTemplate(sum)] under sum; prior registration was NamedSqmFunctionTemplate(sum)
10:24:13.242 [main] DEBUG org.hibernate.query.sqm.function.SqmFunctionRegistry - Registered SqmFunctionTemplate [NamedSqmFunctionTemplate(avg)] under avg; prior registration was NamedSqmFunctionTemplate(avg)
10:24:13.242 [main] DEBUG org.hibernate.query.sqm.function.SqmFunctionRegistry - Registered SqmFunctionTemplate [org.hibernate.dialect.function.CountFunction@48b36b5d] under count; prior registration was org.hibernate.dialect.function.CountFunction@22acafbc
10:24:13.242 [main] DEBUG org.hibernate.query.sqm.function.SqmFunctionRegistry - Registered SqmFunctionTemplate [org.hibernate.dialect.function.AvgFunction@22cb0c47] under avg; prior registration was NamedSqmFunctionTemplate(avg)
10:24:13.242 [main] DEBUG org.hibernate.query.sqm.function.SqmFunctionRegistry - Registered SqmFunctionTemplate [NamedSqmFunctionTemplate(pi)] under pi; prior registration was org.hibernate.query.sqm.function.PatternBasedSqmFunctionDescriptor@35e011d3
10:24:13.242 [main] DEBUG org.hibernate.query.sqm.function.SqmFunctionRegistry - Registered SqmFunctionTemplate [NamedSqmFunctionTemplate(cot)] under cot; prior registration was null
10:24:13.242 [main] DEBUG org.hibernate.query.sqm.function.SqmFunctionRegistry - Registered SqmFunctionTemplate [NamedSqmFunctionTemplate(radians)] under radians; prior registration was null
10:24:13.242 [main] DEBUG org.hibernate.query.sqm.function.SqmFunctionRegistry - Registered SqmFunctionTemplate [NamedSqmFunctionTemplate(degrees)] under degrees; prior registration was null
10:24:13.242 [main] DEBUG org.hibernate.query.sqm.function.SqmFunctionRegistry - Registered SqmFunctionTemplate [NamedSqmFunctionTemplate(log10)] under log10; prior registration was null
10:24:13.242 [main] DEBUG org.hibernate.query.sqm.function.SqmFunctionRegistry - Registered SqmFunctionTemplate [org.hibernate.query.sqm.function.PatternBasedSqmFunctionDescriptor@2a563463] under mod; prior registration was NamedSqmFunctionTemplate(mod)
10:24:13.242 [main] DEBUG org.hibernate.query.sqm.function.SqmFunctionRegistry - Registered SqmFunctionTemplate [NamedSqmFunctionTemplate(rand)] under rand; prior registration was null
10:24:13.242 [main] DEBUG org.hibernate.query.sqm.function.SqmFunctionRegistry - Registered SqmFunctionTemplate [NamedSqmFunctionTemplate(soundex)] under soundex; prior registration was null
10:24:13.242 [main] DEBUG org.hibernate.query.sqm.function.SqmFunctionRegistry - Registered SqmFunctionTemplate [NamedSqmFunctionTemplate(translate)] under translate; prior registration was null
10:24:13.242 [main] DEBUG org.hibernate.query.sqm.function.SqmFunctionRegistry - Registered SqmFunctionTemplate [NamedSqmFunctionTemplate(bitand)] under bitand; prior registration was null
10:24:13.242 [main] DEBUG org.hibernate.query.sqm.function.SqmFunctionRegistry - Registered SqmFunctionTemplate [NamedSqmFunctionTemplate(bitor)] under bitor; prior registration was null
10:24:13.242 [main] DEBUG org.hibernate.query.sqm.function.SqmFunctionRegistry - Registered SqmFunctionTemplate [NamedSqmFunctionTemplate(bitxor)] under bitxor; prior registration was null
10:24:13.242 [main] DEBUG org.hibernate.query.sqm.function.SqmFunctionRegistry - Registered SqmFunctionTemplate [NamedSqmFunctionTemplate(bitnot)] under bitnot; prior registration was null
10:24:13.242 [main] DEBUG org.hibernate.query.sqm.function.SqmFunctionRegistry - Registered SqmFunctionTemplate [NamedSqmFunctionTemplate(bit_and)] under bit_and; prior registration was null
10:24:13.242 [main] DEBUG org.hibernate.query.sqm.function.SqmFunctionRegistry - Registered SqmFunctionTemplate [NamedSqmFunctionTemplate(bit_or)] under bit_or; prior registration was null
10:24:13.242 [main] DEBUG org.hibernate.query.sqm.function.SqmFunctionRegistry - Registered SqmFunctionTemplate [NamedSqmFunctionTemplate(day)] under day; prior registration was null
10:24:13.242 [main] DEBUG org.hibernate.query.sqm.function.SqmFunctionRegistry - Registered SqmFunctionTemplate [NamedSqmFunctionTemplate(month)] under month; prior registration was null
10:24:13.242 [main] DEBUG org.hibernate.query.sqm.function.SqmFunctionRegistry - Registered SqmFunctionTemplate [NamedSqmFunctionTemplate(year)] under year; prior registration was null
10:24:13.242 [main] DEBUG org.hibernate.query.sqm.function.SqmFunctionRegistry - Registered SqmFunctionTemplate [NamedSqmFunctionTemplate(hour)] under hour; prior registration was null
10:24:13.242 [main] DEBUG org.hibernate.query.sqm.function.SqmFunctionRegistry - Registered SqmFunctionTemplate [NamedSqmFunctionTemplate(minute)] under minute; prior registration was null
10:24:13.242 [main] DEBUG org.hibernate.query.sqm.function.SqmFunctionRegistry - Registered SqmFunctionTemplate [NamedSqmFunctionTemplate(second)] under second; prior registration was null
10:24:13.242 [main] DEBUG org.hibernate.query.sqm.function.SqmFunctionRegistry - Registered SqmFunctionTemplate [NamedSqmFunctionTemplate(microsecond)] under microsecond; prior registration was null
10:24:13.242 [main] DEBUG org.hibernate.query.sqm.function.SqmFunctionRegistry - Registered SqmFunctionTemplate [NamedSqmFunctionTemplate(day_of_week)] under day_of_week; prior registration was null
10:24:13.242 [main] DEBUG org.hibernate.query.sqm.function.SqmFunctionRegistry - Registered SqmFunctionTemplate [NamedSqmFunctionTemplate(day_of_month)] under day_of_month; prior registration was null
10:24:13.242 [main] DEBUG org.hibernate.query.sqm.function.SqmFunctionRegistry - Registering alternate key : day -> day_of_month
10:24:13.242 [main] DEBUG org.hibernate.query.sqm.function.SqmFunctionRegistry - Registered SqmFunctionTemplate [NamedSqmFunctionTemplate(day_of_year)] under day_of_year; prior registration was null
10:24:13.242 [main] DEBUG org.hibernate.query.sqm.function.SqmFunctionRegistry - Registered SqmFunctionTemplate [NamedSqmFunctionTemplate(week)] under week; prior registration was null
10:24:13.242 [main] DEBUG org.hibernate.query.sqm.function.SqmFunctionRegistry - Registered SqmFunctionTemplate [NamedSqmFunctionTemplate(quarter)] under quarter; prior registration was null
10:24:13.242 [main] DEBUG org.hibernate.query.sqm.function.SqmFunctionRegistry - Registered SqmFunctionTemplate [NamedSqmFunctionTemplate(monthname)] under monthname; prior registration was null
10:24:13.242 [main] DEBUG org.hibernate.query.sqm.function.SqmFunctionRegistry - Registered SqmFunctionTemplate [NamedSqmFunctionTemplate(dayname)] under dayname; prior registration was null
10:24:13.242 [main] DEBUG org.hibernate.query.sqm.function.SqmFunctionRegistry - Registered SqmFunctionTemplate [NamedSqmFunctionTemplate(localtime)] under localtime; prior registration was null
10:24:13.242 [main] DEBUG org.hibernate.query.sqm.function.SqmFunctionRegistry - Registered SqmFunctionTemplate [NamedSqmFunctionTemplate(localtimestamp)] under localtimestamp; prior registration was null
10:24:13.242 [main] DEBUG org.hibernate.query.sqm.function.SqmFunctionRegistry - Registered SqmFunctionTemplate [NamedSqmFunctionTemplate(localtime)] under local_time; prior registration was org.hibernate.dialect.function.CurrentFunction@5333d6ea
10:24:13.242 [main] DEBUG org.hibernate.query.sqm.function.SqmFunctionRegistry - Registered SqmFunctionTemplate [NamedSqmFunctionTemplate(localtimestamp)] under local_datetime; prior registration was org.hibernate.dialect.function.CurrentFunction@295b9165
10:24:13.242 [main] DEBUG org.hibernate.query.sqm.function.SqmFunctionRegistry - Registered SqmFunctionTemplate [org.hibernate.dialect.function.TruncFunction@27648397] under trunc; prior registration was null
10:24:13.242 [main] DEBUG org.hibernate.query.sqm.function.SqmFunctionRegistry - Registering alternate key : truncate -> trunc
10:24:13.242 [main] DEBUG org.hibernate.query.sqm.function.SqmFunctionRegistry - Registered SqmFunctionTemplate [org.hibernate.query.sqm.function.PatternBasedSqmFunctionDescriptor@745eeda5] under date_trunc; prior registration was null
10:24:13.242 [main] DEBUG org.hibernate.query.sqm.function.SqmFunctionRegistry - Registered SqmFunctionTemplate [NamedSqmFunctionTemplate(bit_length)] under bit_length; prior registration was null
10:24:13.242 [main] DEBUG org.hibernate.query.sqm.function.SqmFunctionRegistry - Registered SqmFunctionTemplate [NamedSqmFunctionTemplate(octet_length)] under octet_length; prior registration was null
10:24:13.242 [main] DEBUG org.hibernate.query.sqm.function.SqmFunctionRegistry - Registered SqmFunctionTemplate [NamedSqmFunctionTemplate(ascii)] under ascii; prior registration was null
10:24:13.242 [main] DEBUG org.hibernate.query.sqm.function.SqmFunctionRegistry - Registered SqmFunctionTemplate [NamedSqmFunctionTemplate(octet_length)] under octet_length; prior registration was NamedSqmFunctionTemplate(octet_length)
10:24:13.242 [main] DEBUG org.hibernate.query.sqm.function.SqmFunctionRegistry - Registered SqmFunctionTemplate [NamedSqmFunctionTemplate(space)] under space; prior registration was null
10:24:13.242 [main] DEBUG org.hibernate.query.sqm.function.SqmFunctionRegistry - Registered SqmFunctionTemplate [NamedSqmFunctionTemplate(repeat)] under repeat; prior registration was null
10:24:13.242 [main] DEBUG org.hibernate.query.sqm.function.SqmFunctionRegistry - Registered SqmFunctionTemplate [NamedSqmFunctionTemplate(char)] under char; prior registration was null
10:24:13.242 [main] DEBUG org.hibernate.query.sqm.function.SqmFunctionRegistry - Registering alternate key : chr -> char
10:24:13.242 [main] DEBUG org.hibernate.query.sqm.function.SqmFunctionRegistry - Registered SqmFunctionTemplate [NamedSqmFunctionTemplate(instr)] under instr; prior registration was null
10:24:13.242 [main] DEBUG org.hibernate.query.sqm.function.SqmFunctionRegistry - Registered SqmFunctionTemplate [NamedSqmFunctionTemplate(substr)] under substr; prior registration was null
10:24:13.242 [main] DEBUG org.hibernate.query.sqm.function.SqmFunctionRegistry - Registered SqmFunctionTemplate [org.hibernate.query.sqm.function.PatternBasedSqmFunctionDescriptor@e0d6e5d] under position; prior registration was org.hibernate.dialect.function.LocatePositionEmulation@46799b30
10:24:13.242 [main] DEBUG org.hibernate.query.sqm.function.SqmFunctionRegistry - Registered SqmFunctionTemplate [NamedSqmFunctionTemplate(ltrim)] under ltrim; prior registration was null
10:24:13.242 [main] DEBUG org.hibernate.query.sqm.function.SqmFunctionRegistry - Registered SqmFunctionTemplate [NamedSqmFunctionTemplate(rtrim)] under rtrim; prior registration was null
10:24:13.243 [main] DEBUG org.hibernate.query.sqm.function.SqmFunctionRegistry - Registered SqmFunctionTemplate [org.hibernate.query.sqm.function.PatternBasedSqmFunctionDescriptor@1563b6d3] under concat; prior registration was NamedSqmFunctionTemplate(concat)
10:24:13.243 [main] DEBUG org.hibernate.query.sqm.function.SqmFunctionRegistry - Registered SqmFunctionTemplate [NamedSqmFunctionTemplate(curtime)] under curtime; prior registration was null
10:24:13.243 [main] DEBUG org.hibernate.query.sqm.function.SqmFunctionRegistry - Registered SqmFunctionTemplate [NamedSqmFunctionTemplate(curdate)] under curdate; prior registration was null
10:24:13.243 [main] DEBUG org.hibernate.query.sqm.function.SqmFunctionRegistry - Registered SqmFunctionTemplate [NamedSqmFunctionTemplate(now)] under now; prior registration was null
10:24:13.243 [main] DEBUG org.hibernate.query.sqm.function.SqmFunctionRegistry - Registered SqmFunctionTemplate [NamedSqmFunctionTemplate(sysdate)] under sysdate; prior registration was null
10:24:13.243 [main] DEBUG org.hibernate.query.sqm.function.SqmFunctionRegistry - Registered SqmFunctionTemplate [NamedSqmFunctionTemplate(insert)] under insert; prior registration was null
10:24:13.243 [main] DEBUG org.hibernate.query.sqm.function.SqmFunctionRegistry - Registered SqmFunctionTemplate [NamedSqmFunctionTemplate(bool_and)] under bool_and; prior registration was null
10:24:13.243 [main] DEBUG org.hibernate.query.sqm.function.SqmFunctionRegistry - Registering alternate key : every -> bool_and
10:24:13.243 [main] DEBUG org.hibernate.query.sqm.function.SqmFunctionRegistry - Registered SqmFunctionTemplate [NamedSqmFunctionTemplate(bool_or)] under bool_or; prior registration was null
10:24:13.243 [main] DEBUG org.hibernate.query.sqm.function.SqmFunctionRegistry - Registering alternate key : any -> bool_or
10:24:13.243 [main] DEBUG org.hibernate.query.sqm.function.SqmFunctionRegistry - Registered SqmFunctionTemplate [NamedSqmFunctionTemplate(median)] under median; prior registration was null
10:24:13.243 [main] DEBUG org.hibernate.query.sqm.function.SqmFunctionRegistry - Registered SqmFunctionTemplate [NamedSqmFunctionTemplate(stddev_pop)] under stddev_pop; prior registration was null
10:24:13.243 [main] DEBUG org.hibernate.query.sqm.function.SqmFunctionRegistry - Registered SqmFunctionTemplate [NamedSqmFunctionTemplate(stddev_samp)] under stddev_samp; prior registration was null
10:24:13.243 [main] DEBUG org.hibernate.query.sqm.function.SqmFunctionRegistry - Registered SqmFunctionTemplate [NamedSqmFunctionTemplate(var_pop)] under var_pop; prior registration was null
10:24:13.243 [main] DEBUG org.hibernate.query.sqm.function.SqmFunctionRegistry - Registered SqmFunctionTemplate [NamedSqmFunctionTemplate(var_samp)] under var_samp; prior registration was null
10:24:13.243 [main] DEBUG org.hibernate.query.sqm.function.SqmFunctionRegistry - Registered SqmFunctionTemplate [org.hibernate.dialect.function.FormatFunction@1618e7d3] under format; prior registration was org.hibernate.dialect.function.FormatFunction@7ccc0319
10:24:13.243 [main] DEBUG org.hibernate.query.sqm.function.SqmFunctionRegistry - Registered SqmFunctionTemplate [NamedSqmFunctionTemplate(rownum)] under rownum; prior registration was null
10:24:13.243 [main] DEBUG org.hibernate.query.sqm.function.SqmFunctionRegistry - Registered SqmFunctionTemplate [NamedSqmFunctionTemplate(row_number)] under row_number; prior registration was null
10:24:13.243 [main] DEBUG org.hibernate.query.sqm.function.SqmFunctionRegistry - Registered SqmFunctionTemplate [NamedSqmFunctionTemplate(lag)] under lag; prior registration was null
10:24:13.243 [main] DEBUG org.hibernate.query.sqm.function.SqmFunctionRegistry - Registered SqmFunctionTemplate [NamedSqmFunctionTemplate(lead)] under lead; prior registration was null
10:24:13.243 [main] DEBUG org.hibernate.query.sqm.function.SqmFunctionRegistry - Registered SqmFunctionTemplate [NamedSqmFunctionTemplate(first_value)] under first_value; prior registration was null
10:24:13.243 [main] DEBUG org.hibernate.query.sqm.function.SqmFunctionRegistry - Registered SqmFunctionTemplate [NamedSqmFunctionTemplate(last_value)] under last_value; prior registration was null
10:24:13.243 [main] DEBUG org.hibernate.query.sqm.function.SqmFunctionRegistry - Registered SqmFunctionTemplate [NamedSqmFunctionTemplate(nth_value)] under nth_value; prior registration was null
10:24:13.243 [main] DEBUG org.hibernate.query.sqm.function.SqmFunctionRegistry - Registered SqmFunctionTemplate [org.hibernate.dialect.function.ListaggFunction@15280370] under listagg; prior registration was null
10:24:13.243 [main] DEBUG org.hibernate.query.sqm.function.SqmFunctionRegistry - Registered SqmFunctionTemplate [org.hibernate.dialect.function.InverseDistributionFunction@7032e80e] under mode; prior registration was null
10:24:13.243 [main] DEBUG org.hibernate.query.sqm.function.SqmFunctionRegistry - Registered SqmFunctionTemplate [org.hibernate.dialect.function.InverseDistributionFunction@786f0df5] under percentile_cont; prior registration was null
10:24:13.243 [main] DEBUG org.hibernate.query.sqm.function.SqmFunctionRegistry - Registered SqmFunctionTemplate [org.hibernate.dialect.function.InverseDistributionFunction@29185b54] under percentile_disc; prior registration was null
10:24:13.243 [main] DEBUG org.hibernate.query.sqm.function.SqmFunctionRegistry - Registered SqmFunctionTemplate [org.hibernate.dialect.function.HypotheticalSetFunction@7cfeee84] under rank; prior registration was null
10:24:13.243 [main] DEBUG org.hibernate.query.sqm.function.SqmFunctionRegistry - Registered SqmFunctionTemplate [org.hibernate.dialect.function.HypotheticalSetFunction@1beb1b8d] under dense_rank; prior registration was null
10:24:13.243 [main] DEBUG org.hibernate.query.sqm.function.SqmFunctionRegistry - Registered SqmFunctionTemplate [org.hibernate.dialect.function.HypotheticalSetFunction@1bebada0] under percent_rank; prior registration was null
10:24:13.243 [main] DEBUG org.hibernate.query.sqm.function.SqmFunctionRegistry - Registered SqmFunctionTemplate [org.hibernate.dialect.function.HypotheticalSetFunction@70c28772] under cume_dist; prior registration was null
10:24:13.243 [main] DEBUG org.hibernate.query.sqm.function.SqmFunctionRegistry - Registered SqmFunctionTemplate [org.hibernate.dialect.function.array.ArrayConstructorFunction@7b43cd20] under array; prior registration was null
10:24:13.243 [main] DEBUG org.hibernate.query.sqm.function.SqmFunctionRegistry - Registered SqmFunctionTemplate [org.hibernate.dialect.function.array.ArrayConstructorFunction@38b786b6] under array_list; prior registration was null
10:24:13.243 [main] DEBUG org.hibernate.query.sqm.function.SqmFunctionRegistry - Registered SqmFunctionTemplate [org.hibernate.dialect.function.array.ArrayAggFunction@7ef7baad] under array_agg; prior registration was null
10:24:13.243 [main] DEBUG org.hibernate.query.sqm.function.SqmFunctionRegistry - Registered SqmFunctionTemplate [org.hibernate.dialect.function.array.H2ArrayPositionFunction@1a6a5b16] under array_position; prior registration was null
10:24:13.243 [main] DEBUG org.hibernate.query.sqm.function.SqmFunctionRegistry - Registered SqmFunctionTemplate [org.hibernate.dialect.function.array.H2ArrayPositionsFunction@7ba304d2] under array_positions; prior registration was null
10:24:13.243 [main] DEBUG org.hibernate.query.sqm.function.SqmFunctionRegistry - Registered SqmFunctionTemplate [org.hibernate.dialect.function.array.H2ArrayPositionsFunction@70b8b52c] under array_positions_list; prior registration was null
10:24:13.243 [main] DEBUG org.hibernate.query.sqm.function.SqmFunctionRegistry - Registered SqmFunctionTemplate [org.hibernate.query.sqm.function.PatternBasedSqmFunctionDescriptor@22327c82] under array_length; prior registration was null
10:24:13.243 [main] DEBUG org.hibernate.query.sqm.function.SqmFunctionRegistry - Registered SqmFunctionTemplate [org.hibernate.dialect.function.array.ArrayConcatFunction@41d47982] under array_concat; prior registration was null
10:24:13.243 [main] DEBUG org.hibernate.query.sqm.function.SqmFunctionRegistry - Registered SqmFunctionTemplate [org.hibernate.dialect.function.array.ArrayConcatElementFunction@6ee7ce52] under array_prepend; prior registration was null
10:24:13.243 [main] DEBUG org.hibernate.query.sqm.function.SqmFunctionRegistry - Registered SqmFunctionTemplate [org.hibernate.dialect.function.array.ArrayConcatElementFunction@5bc30777] under array_append; prior registration was null
10:24:13.243 [main] DEBUG org.hibernate.query.sqm.function.SqmFunctionRegistry - Registered SqmFunctionTemplate [org.hibernate.dialect.function.array.H2ArrayContainsFunction@6a24b6e1] under array_contains; prior registration was null
10:24:13.243 [main] DEBUG org.hibernate.query.sqm.function.SqmFunctionRegistry - Registered SqmFunctionTemplate [org.hibernate.dialect.function.array.H2ArrayContainsFunction@85eca4e] under array_contains_nullable; prior registration was null
10:24:13.243 [main] DEBUG org.hibernate.query.sqm.function.SqmFunctionRegistry - Registered SqmFunctionTemplate [org.hibernate.dialect.function.array.H2ArrayOverlapsFunction@589b0049] under array_overlaps; prior registration was null
10:24:13.243 [main] DEBUG org.hibernate.query.sqm.function.SqmFunctionRegistry - Registered SqmFunctionTemplate [org.hibernate.dialect.function.array.H2ArrayOverlapsFunction@1b204c92] under array_overlaps_nullable; prior registration was null
10:24:13.243 [main] DEBUG org.hibernate.query.sqm.function.SqmFunctionRegistry - Registered SqmFunctionTemplate [org.hibernate.query.sqm.function.PatternBasedSqmFunctionDescriptor@54fc62a9] under array_get; prior registration was null
10:24:13.243 [main] DEBUG org.hibernate.query.sqm.function.SqmFunctionRegistry - Registered SqmFunctionTemplate [org.hibernate.dialect.function.array.H2ArraySetFunction@2a0edec2] under array_set; prior registration was null
10:24:13.243 [main] DEBUG org.hibernate.query.sqm.function.SqmFunctionRegistry - Registered SqmFunctionTemplate [org.hibernate.dialect.function.array.H2ArrayRemoveFunction@2a171a82] under array_remove; prior registration was null
10:24:13.243 [main] DEBUG org.hibernate.query.sqm.function.SqmFunctionRegistry - Registered SqmFunctionTemplate [org.hibernate.dialect.function.array.H2ArrayRemoveIndexFunction@334a878e] under array_remove_index; prior registration was null
10:24:13.243 [main] DEBUG org.hibernate.query.sqm.function.SqmFunctionRegistry - Registered SqmFunctionTemplate [org.hibernate.query.sqm.function.PatternBasedSqmFunctionDescriptor@4144264] under array_slice; prior registration was null
10:24:13.243 [main] DEBUG org.hibernate.query.sqm.function.SqmFunctionRegistry - Registered SqmFunctionTemplate [org.hibernate.dialect.function.array.H2ArrayReplaceFunction@583064ea] under array_replace; prior registration was null
10:24:13.243 [main] DEBUG org.hibernate.query.sqm.function.SqmFunctionRegistry - Registered SqmFunctionTemplate [org.hibernate.query.sqm.function.PatternBasedSqmFunctionDescriptor@4a61a664] under array_trim; prior registration was null
10:24:13.243 [main] DEBUG org.hibernate.query.sqm.function.SqmFunctionRegistry - Registered SqmFunctionTemplate [org.hibernate.dialect.function.array.H2ArrayFillFunction@2d703e51] under array_fill; prior registration was null
10:24:13.243 [main] DEBUG org.hibernate.query.sqm.function.SqmFunctionRegistry - Registered SqmFunctionTemplate [org.hibernate.dialect.function.array.H2ArrayFillFunction@b514ef9] under array_fill_list; prior registration was null
10:24:13.243 [main] DEBUG org.hibernate.query.sqm.function.SqmFunctionRegistry - Registered SqmFunctionTemplate [org.hibernate.dialect.function.array.H2ArrayToStringFunction@509d7c4d] under array_to_string; prior registration was null
10:24:13.243 [main] DEBUG org.hibernate.HQL_FUNCTIONS - abs(NUMERIC arg)
10:24:13.243 [main] DEBUG org.hibernate.HQL_FUNCTIONS - Double acos(NUMERIC arg)
10:24:13.243 [main] DEBUG org.hibernate.HQL_FUNCTIONS - Boolean any(BOOLEAN predicate)
10:24:13.243 [main] DEBUG org.hibernate.HQL_FUNCTIONS - array( ... )
10:24:13.243 [main] DEBUG org.hibernate.HQL_FUNCTIONS - array_agg(arg)
10:24:13.243 [main] DEBUG org.hibernate.HQL_FUNCTIONS - array_append( ... )
10:24:13.243 [main] DEBUG org.hibernate.HQL_FUNCTIONS - array_concat( ... )
10:24:13.243 [main] DEBUG org.hibernate.HQL_FUNCTIONS - Boolean array_contains(ARRAY haystackArray, OBJECT needleElementOrArray)
10:24:13.243 [main] DEBUG org.hibernate.HQL_FUNCTIONS - Boolean array_contains_nullable(ARRAY haystackArray, OBJECT needleElementOrArray)
10:24:13.243 [main] DEBUG org.hibernate.HQL_FUNCTIONS - array_fill(OBJECT element, INTEGER elementCount)
10:24:13.243 [main] DEBUG org.hibernate.HQL_FUNCTIONS - array_fill_list(OBJECT element, INTEGER elementCount)
10:24:13.243 [main] DEBUG org.hibernate.HQL_FUNCTIONS - array_get(ARRAY array, INTEGER index)
10:24:13.243 [main] DEBUG org.hibernate.HQL_FUNCTIONS - Integer array_length(ARRAY array)
10:24:13.243 [main] DEBUG org.hibernate.HQL_FUNCTIONS - array_list( ... )
10:24:13.243 [main] DEBUG org.hibernate.HQL_FUNCTIONS - Boolean array_overlaps(ARRAY array0, OBJECT array1)
10:24:13.243 [main] DEBUG org.hibernate.HQL_FUNCTIONS - Boolean array_overlaps_nullable(ARRAY array0, OBJECT array1)
10:24:13.243 [main] DEBUG org.hibernate.HQL_FUNCTIONS - Integer array_position(ARRAY array, OBJECT element[, INTEGER startPosition])
10:24:13.243 [main] DEBUG org.hibernate.HQL_FUNCTIONS - int[] array_positions(ARRAY array, OBJECT element)
10:24:13.243 [main] DEBUG org.hibernate.HQL_FUNCTIONS - List array_positions_list(ARRAY array, OBJECT element)
10:24:13.243 [main] DEBUG org.hibernate.HQL_FUNCTIONS - array_prepend( ... )
10:24:13.243 [main] DEBUG org.hibernate.HQL_FUNCTIONS - array_remove( ... )
10:24:13.243 [main] DEBUG org.hibernate.HQL_FUNCTIONS - array_remove_index( ... )
10:24:13.244 [main] DEBUG org.hibernate.HQL_FUNCTIONS - array_replace( ... )
10:24:13.244 [main] DEBUG org.hibernate.HQL_FUNCTIONS - array_set( ... )
10:24:13.244 [main] DEBUG org.hibernate.HQL_FUNCTIONS - array_slice(ARRAY array, INTEGER start, INTEGER end)
10:24:13.244 [main] DEBUG org.hibernate.HQL_FUNCTIONS - String array_to_string( ... )
10:24:13.244 [main] DEBUG org.hibernate.HQL_FUNCTIONS - array_trim(ARRAY array, INTEGER elementsToRemove)
10:24:13.244 [main] DEBUG org.hibernate.HQL_FUNCTIONS - Integer ascii(STRING arg)
10:24:13.244 [main] DEBUG org.hibernate.HQL_FUNCTIONS - Double asin(NUMERIC arg)
10:24:13.244 [main] DEBUG org.hibernate.HQL_FUNCTIONS - Double atan(NUMERIC arg)
10:24:13.244 [main] DEBUG org.hibernate.HQL_FUNCTIONS - Double atan2(NUMERIC arg0, NUMERIC arg1)
10:24:13.244 [main] DEBUG org.hibernate.HQL_FUNCTIONS - avg(NUMERIC arg)
10:24:13.244 [main] DEBUG org.hibernate.HQL_FUNCTIONS - bit_and(arg)
10:24:13.244 [main] DEBUG org.hibernate.HQL_FUNCTIONS - Integer bit_length(STRING_OR_CLOB arg)
10:24:13.244 [main] DEBUG org.hibernate.HQL_FUNCTIONS - bit_or(arg)
10:24:13.244 [main] DEBUG org.hibernate.HQL_FUNCTIONS - bitand(arg0, arg1)
10:24:13.244 [main] DEBUG org.hibernate.HQL_FUNCTIONS - bitnot(arg)
10:24:13.244 [main] DEBUG org.hibernate.HQL_FUNCTIONS - bitor(arg0, arg1)
10:24:13.244 [main] DEBUG org.hibernate.HQL_FUNCTIONS - bitxor(arg0, arg1)
10:24:13.244 [main] DEBUG org.hibernate.HQL_FUNCTIONS - Boolean bool_and(BOOLEAN predicate)
10:24:13.244 [main] DEBUG org.hibernate.HQL_FUNCTIONS - Boolean bool_or(BOOLEAN predicate)
10:24:13.244 [main] DEBUG org.hibernate.HQL_FUNCTIONS - cast(arg as Type)
10:24:13.244 [main] DEBUG org.hibernate.HQL_FUNCTIONS - ceiling(NUMERIC arg)
10:24:13.244 [main] DEBUG org.hibernate.HQL_FUNCTIONS - Character char(INTEGER arg)
10:24:13.244 [main] DEBUG org.hibernate.HQL_FUNCTIONS - Integer character_length(STRING_OR_CLOB arg)
10:24:13.244 [main] DEBUG org.hibernate.HQL_FUNCTIONS - Character chr(INTEGER arg)
10:24:13.244 [main] DEBUG org.hibernate.HQL_FUNCTIONS - coalesce(arg0[, arg1[, ...]])
10:24:13.244 [main] DEBUG org.hibernate.HQL_FUNCTIONS - String collate(STRING string as COLLATION collation)
10:24:13.244 [main] DEBUG org.hibernate.HQL_FUNCTIONS - String concat(STRING string0[, STRING string1[, ...]])
10:24:13.244 [main] DEBUG org.hibernate.HQL_FUNCTIONS - Double cos(NUMERIC arg)
10:24:13.244 [main] DEBUG org.hibernate.HQL_FUNCTIONS - Double cosh(NUMERIC arg)
10:24:13.244 [main] DEBUG org.hibernate.HQL_FUNCTIONS - Double cot(NUMERIC arg)
10:24:13.244 [main] DEBUG org.hibernate.HQL_FUNCTIONS - Long count([distinct ]{arg|*})
10:24:13.244 [main] DEBUG org.hibernate.HQL_FUNCTIONS - Double cume_dist([arg0[, ...]])
10:24:13.244 [main] DEBUG org.hibernate.HQL_FUNCTIONS - Date curdate()
10:24:13.244 [main] DEBUG org.hibernate.HQL_FUNCTIONS - Date current date
10:24:13.244 [main] DEBUG org.hibernate.HQL_FUNCTIONS - Time current time
10:24:13.244 [main] DEBUG org.hibernate.HQL_FUNCTIONS - Timestamp current timestamp
10:24:13.244 [main] DEBUG org.hibernate.HQL_FUNCTIONS - Date current_date
10:24:13.244 [main] DEBUG org.hibernate.HQL_FUNCTIONS - Instant current_instant
10:24:13.244 [main] DEBUG org.hibernate.HQL_FUNCTIONS - Time current_time
10:24:13.244 [main] DEBUG org.hibernate.HQL_FUNCTIONS - Timestamp current_timestamp
10:24:13.244 [main] DEBUG org.hibernate.HQL_FUNCTIONS - Time curtime()
10:24:13.244 [main] DEBUG org.hibernate.HQL_FUNCTIONS - date_trunc(STRING field, TEMPORAL datetime)
10:24:13.244 [main] DEBUG org.hibernate.HQL_FUNCTIONS - dateadd(TEMPORAL_UNIT field, INTEGER magnitude, TEMPORAL datetime)
10:24:13.244 [main] DEBUG org.hibernate.HQL_FUNCTIONS - Long|Double datediff(TEMPORAL_UNIT field, TEMPORAL start, TEMPORAL end)
10:24:13.244 [main] DEBUG org.hibernate.HQL_FUNCTIONS - Integer day(DATE arg)
10:24:13.244 [main] DEBUG org.hibernate.HQL_FUNCTIONS - Integer day_of_month(DATE arg)
10:24:13.244 [main] DEBUG org.hibernate.HQL_FUNCTIONS - Integer day_of_week(DATE arg)
10:24:13.244 [main] DEBUG org.hibernate.HQL_FUNCTIONS - Integer day_of_year(DATE arg)
10:24:13.244 [main] DEBUG org.hibernate.HQL_FUNCTIONS - String dayname(DATE arg)
10:24:13.244 [main] DEBUG org.hibernate.HQL_FUNCTIONS - Double degrees(NUMERIC arg)
10:24:13.244 [main] DEBUG org.hibernate.HQL_FUNCTIONS - Long dense_rank([arg0[, ...]])
10:24:13.244 [main] DEBUG org.hibernate.HQL_FUNCTIONS - Boolean every(BOOLEAN predicate)
10:24:13.244 [main] DEBUG org.hibernate.HQL_FUNCTIONS - Double exp(NUMERIC arg)
10:24:13.244 [main] DEBUG org.hibernate.HQL_FUNCTIONS - extract(TEMPORAL_UNIT field from TEMPORAL arg)
10:24:13.244 [main] DEBUG org.hibernate.HQL_FUNCTIONS - first_valueANY value
10:24:13.244 [main] DEBUG org.hibernate.HQL_FUNCTIONS - floor(NUMERIC arg)
10:24:13.244 [main] DEBUG org.hibernate.HQL_FUNCTIONS - String format(TEMPORAL datetime as STRING pattern)
10:24:13.244 [main] DEBUG org.hibernate.HQL_FUNCTIONS - greatest(COMPARABLE arg0, COMPARABLE arg1[, arg2[, ...]])
10:24:13.244 [main] DEBUG org.hibernate.HQL_FUNCTIONS - Integer hour(TIME arg)
10:24:13.244 [main] DEBUG org.hibernate.HQL_FUNCTIONS - ifnull(arg0, arg1)
10:24:13.244 [main] DEBUG org.hibernate.HQL_FUNCTIONS - String insert(STRING string, INTEGER start, INTEGER length, STRING replacement)
10:24:13.244 [main] DEBUG org.hibernate.HQL_FUNCTIONS - Instant instant
10:24:13.244 [main] DEBUG org.hibernate.HQL_FUNCTIONS - Integer instr(STRING string, STRING pattern[, INTEGER start[, INTEGER occurrence]])
10:24:13.244 [main] DEBUG org.hibernate.HQL_FUNCTIONS - lagANY value[, INTEGER offset[, ANY default]]
10:24:13.244 [main] DEBUG org.hibernate.HQL_FUNCTIONS - last_valueANY value
10:24:13.244 [main] DEBUG org.hibernate.HQL_FUNCTIONS - leadANY value[, INTEGER offset[, ANY default]]
10:24:13.244 [main] DEBUG org.hibernate.HQL_FUNCTIONS - least(COMPARABLE arg0, COMPARABLE arg1[, arg2[, ...]])
10:24:13.244 [main] DEBUG org.hibernate.HQL_FUNCTIONS - String left(STRING string, INTEGER length)
10:24:13.244 [main] DEBUG org.hibernate.HQL_FUNCTIONS - Integer length(STRING_OR_CLOB arg)
10:24:13.244 [main] DEBUG org.hibernate.HQL_FUNCTIONS - String listagg(STRING arg0, STRING arg1)
10:24:13.244 [main] DEBUG org.hibernate.HQL_FUNCTIONS - Double ln(NUMERIC arg)
10:24:13.244 [main] DEBUG org.hibernate.HQL_FUNCTIONS - LocalDate local date
10:24:13.244 [main] DEBUG org.hibernate.HQL_FUNCTIONS - LocalDateTime local datetime
10:24:13.244 [main] DEBUG org.hibernate.HQL_FUNCTIONS - LocalTime local time
10:24:13.244 [main] DEBUG org.hibernate.HQL_FUNCTIONS - LocalDate local_date
10:24:13.244 [main] DEBUG org.hibernate.HQL_FUNCTIONS - LocalDateTime local_datetime
10:24:13.244 [main] DEBUG org.hibernate.HQL_FUNCTIONS - LocalTime local_time
10:24:13.244 [main] DEBUG org.hibernate.HQL_FUNCTIONS - Time localtime
10:24:13.244 [main] DEBUG org.hibernate.HQL_FUNCTIONS - Timestamp localtimestamp
10:24:13.244 [main] DEBUG org.hibernate.HQL_FUNCTIONS - Integer locate(STRING pattern, STRING string[, INTEGER start])
10:24:13.244 [main] DEBUG org.hibernate.HQL_FUNCTIONS - Double log(NUMERIC base, NUMERIC arg)
10:24:13.244 [main] DEBUG org.hibernate.HQL_FUNCTIONS - Double log10(NUMERIC arg)
10:24:13.244 [main] DEBUG org.hibernate.HQL_FUNCTIONS - String lower(STRING string)
10:24:13.244 [main] DEBUG org.hibernate.HQL_FUNCTIONS - String lpad(STRING string, INTEGER length[, STRING padding])
10:24:13.244 [main] DEBUG org.hibernate.HQL_FUNCTIONS - String ltrim(STRING string)
10:24:13.244 [main] DEBUG org.hibernate.HQL_FUNCTIONS - max(COMPARABLE arg)
10:24:13.244 [main] DEBUG org.hibernate.HQL_FUNCTIONS - Double median(NUMERIC arg)
10:24:13.244 [main] DEBUG org.hibernate.HQL_FUNCTIONS - Integer microsecond(TIME arg)
10:24:13.244 [main] DEBUG org.hibernate.HQL_FUNCTIONS - min(COMPARABLE arg)
10:24:13.244 [main] DEBUG org.hibernate.HQL_FUNCTIONS - Integer minute(TIME arg)
10:24:13.244 [main] DEBUG org.hibernate.HQL_FUNCTIONS - Integer mod(INTEGER arg0, INTEGER arg1)
10:24:13.244 [main] DEBUG org.hibernate.HQL_FUNCTIONS - mode()
10:24:13.244 [main] DEBUG org.hibernate.HQL_FUNCTIONS - Integer month(DATE arg)
10:24:13.244 [main] DEBUG org.hibernate.HQL_FUNCTIONS - String monthname(DATE arg)
10:24:13.244 [main] DEBUG org.hibernate.HQL_FUNCTIONS - Timestamp now()
10:24:13.244 [main] DEBUG org.hibernate.HQL_FUNCTIONS - nth_valueANY value, INTEGER nth
10:24:13.244 [main] DEBUG org.hibernate.HQL_FUNCTIONS - nullif(arg0, arg1)
10:24:13.244 [main] DEBUG org.hibernate.HQL_FUNCTIONS - Integer octet_length(STRING_OR_CLOB arg)
10:24:13.244 [main] DEBUG org.hibernate.HQL_FUNCTIONS - OffsetDateTime offset datetime
10:24:13.244 [main] DEBUG org.hibernate.HQL_FUNCTIONS - OffsetDateTime offset_datetime
10:24:13.244 [main] DEBUG org.hibernate.HQL_FUNCTIONS - String overlay(STRING string placing STRING replacement from INTEGER start[ for INTEGER length])
10:24:13.244 [main] DEBUG org.hibernate.HQL_FUNCTIONS - String pad(STRING string with INTEGER length {leading|trailing}[ STRING character])
10:24:13.244 [main] DEBUG org.hibernate.HQL_FUNCTIONS - Double percent_rank([arg0[, ...]])
10:24:13.244 [main] DEBUG org.hibernate.HQL_FUNCTIONS - percentile_cont(NUMERIC arg)
10:24:13.244 [main] DEBUG org.hibernate.HQL_FUNCTIONS - percentile_disc(NUMERIC arg)
10:24:13.244 [main] DEBUG org.hibernate.HQL_FUNCTIONS - Double pi
10:24:13.244 [main] DEBUG org.hibernate.HQL_FUNCTIONS - Integer position(STRING pattern in STRING string)
10:24:13.244 [main] DEBUG org.hibernate.HQL_FUNCTIONS - Double power(NUMERIC arg0, NUMERIC arg1)
10:24:13.244 [main] DEBUG org.hibernate.HQL_FUNCTIONS - Integer quarter(DATE arg)
10:24:13.244 [main] DEBUG org.hibernate.HQL_FUNCTIONS - Double radians(NUMERIC arg)
10:24:13.244 [main] DEBUG org.hibernate.HQL_FUNCTIONS - Double rand([INTEGER seed])
10:24:13.244 [main] DEBUG org.hibernate.HQL_FUNCTIONS - Long rank([arg0[, ...]])
10:24:13.244 [main] DEBUG org.hibernate.HQL_FUNCTIONS - String repeat(STRING string, INTEGER times)
10:24:13.244 [main] DEBUG org.hibernate.HQL_FUNCTIONS - String replace(STRING string, STRING pattern, STRING replacement)
10:24:13.244 [main] DEBUG org.hibernate.HQL_FUNCTIONS - String right(STRING string, INTEGER length)
10:24:13.244 [main] DEBUG org.hibernate.HQL_FUNCTIONS - round(NUMERIC number[, INTEGER places])
10:24:13.244 [main] DEBUG org.hibernate.HQL_FUNCTIONS - Long row_number()
10:24:13.244 [main] DEBUG org.hibernate.HQL_FUNCTIONS - Long rownum()
10:24:13.244 [main] DEBUG org.hibernate.HQL_FUNCTIONS - String rpad(STRING string, INTEGER length[, STRING padding])
10:24:13.244 [main] DEBUG org.hibernate.HQL_FUNCTIONS - String rtrim(STRING string)
10:24:13.244 [main] DEBUG org.hibernate.HQL_FUNCTIONS - Integer second(TIME arg)
10:24:13.244 [main] DEBUG org.hibernate.HQL_FUNCTIONS - Integer sign(NUMERIC arg)
10:24:13.244 [main] DEBUG org.hibernate.HQL_FUNCTIONS - Double sin(NUMERIC arg)
10:24:13.244 [main] DEBUG org.hibernate.HQL_FUNCTIONS - Double sinh(NUMERIC arg)
10:24:13.244 [main] DEBUG org.hibernate.HQL_FUNCTIONS - String soundex(arg)
10:24:13.244 [main] DEBUG org.hibernate.HQL_FUNCTIONS - String space(INTEGER arg)
10:24:13.244 [main] DEBUG org.hibernate.HQL_FUNCTIONS - Object sql
10:24:13.244 [main] DEBUG org.hibernate.HQL_FUNCTIONS - Double sqrt(NUMERIC arg)
10:24:13.244 [main] DEBUG org.hibernate.HQL_FUNCTIONS - Double stddev_pop(NUMERIC arg)
10:24:13.244 [main] DEBUG org.hibernate.HQL_FUNCTIONS - Double stddev_samp(NUMERIC arg)
10:24:13.244 [main] DEBUG org.hibernate.HQL_FUNCTIONS - String str(arg)
10:24:13.244 [main] DEBUG org.hibernate.HQL_FUNCTIONS - String substr(STRING string, INTEGER start[, INTEGER length])
10:24:13.244 [main] DEBUG org.hibernate.HQL_FUNCTIONS - String substring(STRING string{ from|,} INTEGER start[{ for|,} INTEGER length])
10:24:13.244 [main] DEBUG org.hibernate.HQL_FUNCTIONS - sum(arg)
10:24:13.244 [main] DEBUG org.hibernate.HQL_FUNCTIONS - Timestamp sysdate
10:24:13.244 [main] DEBUG org.hibernate.HQL_FUNCTIONS - Double tan(NUMERIC arg)
10:24:13.244 [main] DEBUG org.hibernate.HQL_FUNCTIONS - Double tanh(NUMERIC arg)
10:24:13.244 [main] DEBUG org.hibernate.HQL_FUNCTIONS - timestampadd(TEMPORAL_UNIT field, INTEGER magnitude, TEMPORAL datetime)
10:24:13.244 [main] DEBUG org.hibernate.HQL_FUNCTIONS - Long|Double timestampdiff(TEMPORAL_UNIT field, TEMPORAL start, TEMPORAL end)
10:24:13.244 [main] DEBUG org.hibernate.HQL_FUNCTIONS - String translate(STRING arg0, STRING arg1, STRING arg2)
10:24:13.244 [main] DEBUG org.hibernate.HQL_FUNCTIONS - String trim([[{leading|trailing|both} ][STRING arg0 ]from] STRING arg1)
10:24:13.244 [main] DEBUG org.hibernate.HQL_FUNCTIONS - trunc( ... )
10:24:13.244 [main] DEBUG org.hibernate.HQL_FUNCTIONS - truncate( ... )
10:24:13.244 [main] DEBUG org.hibernate.HQL_FUNCTIONS - String upper(STRING string)
10:24:13.244 [main] DEBUG org.hibernate.HQL_FUNCTIONS - Double var_pop(NUMERIC arg)
10:24:13.244 [main] DEBUG org.hibernate.HQL_FUNCTIONS - Double var_samp(NUMERIC arg)
10:24:13.244 [main] DEBUG org.hibernate.HQL_FUNCTIONS - Integer week(DATE arg)
10:24:13.244 [main] DEBUG org.hibernate.HQL_FUNCTIONS - Integer year(DATE arg)
10:24:13.244 [main] DEBUG org.hibernate.orm.query.plan.cache - Starting QueryInterpretationCache(2048)
10:24:13.245 [main] DEBUG org.hibernate.service.internal.SessionFactoryServiceRegistryImpl - EventListenerRegistry access via ServiceRegistry is deprecated.  Use `sessionFactory.getEventEngine().getListenerRegistry()` instead
10:24:13.245 [main] DEBUG org.hibernate.event.internal.EntityCopyObserverFactoryInitiator - Configured EntityCopyObserver strategy: disallow
10:24:13.247 [main] DEBUG org.hibernate.boot.internal.ClassLoaderAccessImpl - Not known whether passed class name [org.frcpm.models.Attendance] is safe
10:24:13.247 [main] DEBUG org.hibernate.boot.internal.ClassLoaderAccessImpl - No temp ClassLoader provided; using live ClassLoader for loading potentially unsafe class : org.frcpm.models.Attendance
10:24:13.257 [main] DEBUG org.hibernate.bytecode.internal.bytebuddy.BytecodeProviderImpl - HHH000513: Unable to create the ReflectionOptimizer for [org.frcpm.models.Attendance]: private accessor [arrivalTime]
10:24:13.258 [main] DEBUG org.hibernate.boot.internal.ClassLoaderAccessImpl - Not known whether passed class name [org.frcpm.models.Meeting] is safe
10:24:13.258 [main] DEBUG org.hibernate.boot.internal.ClassLoaderAccessImpl - No temp ClassLoader provided; using live ClassLoader for loading potentially unsafe class : org.frcpm.models.Meeting
10:24:13.264 [main] DEBUG org.hibernate.bytecode.internal.bytebuddy.BytecodeProviderImpl - HHH000513: Unable to create the ReflectionOptimizer for [org.frcpm.models.Meeting]: private accessor [attendances]
10:24:13.265 [main] DEBUG org.hibernate.boot.internal.ClassLoaderAccessImpl - Not known whether passed class name [org.frcpm.models.Subsystem] is safe
10:24:13.265 [main] DEBUG org.hibernate.boot.internal.ClassLoaderAccessImpl - No temp ClassLoader provided; using live ClassLoader for loading potentially unsafe class : org.frcpm.models.Subsystem
10:24:13.272 [main] DEBUG org.hibernate.bytecode.internal.bytebuddy.BytecodeProviderImpl - HHH000513: Unable to create the ReflectionOptimizer for [org.frcpm.models.Subsystem]: private accessor [description]
10:24:13.273 [main] DEBUG org.hibernate.boot.internal.ClassLoaderAccessImpl - Not known whether passed class name [org.frcpm.models.Component] is safe
10:24:13.273 [main] DEBUG org.hibernate.boot.internal.ClassLoaderAccessImpl - No temp ClassLoader provided; using live ClassLoader for loading potentially unsafe class : org.frcpm.models.Component
10:24:13.276 [FRC-PM-HikariCP housekeeper] DEBUG com.zaxxer.hikari.pool.HikariPool - FRC-PM-HikariCP - Before cleanup stats (total=1, active=0, idle=1, waiting=0)
10:24:13.276 [FRC-PM-HikariCP housekeeper] DEBUG com.zaxxer.hikari.pool.HikariPool - FRC-PM-HikariCP - After cleanup  stats (total=1, active=0, idle=1, waiting=0)
10:24:13.279 [main] DEBUG org.hibernate.bytecode.internal.bytebuddy.BytecodeProviderImpl - HHH000513: Unable to create the ReflectionOptimizer for [org.frcpm.models.Component]: private accessor [actualDelivery]
10:24:13.279 [main] DEBUG org.hibernate.boot.internal.ClassLoaderAccessImpl - Not known whether passed class name [org.frcpm.models.Milestone] is safe
10:24:13.279 [main] DEBUG org.hibernate.boot.internal.ClassLoaderAccessImpl - No temp ClassLoader provided; using live ClassLoader for loading potentially unsafe class : org.frcpm.models.Milestone
10:24:13.279 [FRC-PM-HikariCP connection adder] DEBUG com.zaxxer.hikari.pool.HikariPool - FRC-PM-HikariCP - Added connection conn9: url=jdbc:h2:file:C:\Users\dhiebert\.frcpm\frcpm user=SA
10:24:13.288 [main] DEBUG org.hibernate.bytecode.internal.bytebuddy.BytecodeProviderImpl - HHH000513: Unable to create the ReflectionOptimizer for [org.frcpm.models.Milestone]: private accessor [date]
10:24:13.288 [main] DEBUG org.hibernate.boot.internal.ClassLoaderAccessImpl - Not known whether passed class name [org.frcpm.models.Project] is safe
10:24:13.288 [main] DEBUG org.hibernate.boot.internal.ClassLoaderAccessImpl - No temp ClassLoader provided; using live ClassLoader for loading potentially unsafe class : org.frcpm.models.Project
10:24:13.296 [main] DEBUG org.hibernate.bytecode.internal.bytebuddy.BytecodeProviderImpl - HHH000513: Unable to create the ReflectionOptimizer for [org.frcpm.models.Project]: private accessor [description]
10:24:13.297 [main] DEBUG org.hibernate.boot.internal.ClassLoaderAccessImpl - Not known whether passed class name [org.frcpm.models.Subteam] is safe
10:24:13.297 [main] DEBUG org.hibernate.boot.internal.ClassLoaderAccessImpl - No temp ClassLoader provided; using live ClassLoader for loading potentially unsafe class : org.frcpm.models.Subteam
10:24:13.304 [main] DEBUG org.hibernate.bytecode.internal.bytebuddy.BytecodeProviderImpl - HHH000513: Unable to create the ReflectionOptimizer for [org.frcpm.models.Subteam]: private accessor [colorCode]
10:24:13.304 [main] DEBUG org.hibernate.boot.internal.ClassLoaderAccessImpl - Not known whether passed class name [org.frcpm.models.Task] is safe
10:24:13.304 [main] DEBUG org.hibernate.boot.internal.ClassLoaderAccessImpl - No temp ClassLoader provided; using live ClassLoader for loading potentially unsafe class : org.frcpm.models.Task
10:24:13.314 [main] DEBUG org.hibernate.bytecode.internal.bytebuddy.BytecodeProviderImpl - HHH000513: Unable to create the ReflectionOptimizer for [org.frcpm.models.Task]: private accessor [actualDurationSeconds]
10:24:13.316 [main] DEBUG org.hibernate.boot.internal.ClassLoaderAccessImpl - Not known whether passed class name [org.frcpm.models.TeamMember] is safe
10:24:13.316 [main] DEBUG org.hibernate.boot.internal.ClassLoaderAccessImpl - No temp ClassLoader provided; using live ClassLoader for loading potentially unsafe class : org.frcpm.models.TeamMember
10:24:13.321 [main] DEBUG org.hibernate.bytecode.internal.bytebuddy.BytecodeProviderImpl - HHH000513: Unable to create the ReflectionOptimizer for [org.frcpm.models.TeamMember]: private accessor [assignedTasks]
10:24:13.322 [main] DEBUG org.hibernate.orm.jdbc.mutation - Skipping collection row updates - org.frcpm.models.Task.assignedTo
10:24:13.322 [main] DEBUG org.hibernate.orm.jdbc.mutation - Skipping collection (re)creation - org.frcpm.models.Subsystem.tasks
10:24:13.322 [main] DEBUG org.hibernate.orm.jdbc.mutation - Skipping collection row deletions - org.frcpm.models.Subsystem.tasks
10:24:13.322 [main] DEBUG org.hibernate.orm.jdbc.mutation - Skipping collection removals - org.frcpm.models.Subsystem.tasks
10:24:13.322 [main] DEBUG org.hibernate.orm.jdbc.mutation - Skipping collection (re)creation - org.frcpm.models.Subteam.members
10:24:13.322 [main] DEBUG org.hibernate.orm.jdbc.mutation - Skipping collection row deletions - org.frcpm.models.Subteam.members
10:24:13.322 [main] DEBUG org.hibernate.orm.jdbc.mutation - Skipping collection removals - org.frcpm.models.Subteam.members
10:24:13.322 [main] DEBUG org.hibernate.orm.jdbc.mutation - Skipping collection (re)creation - org.frcpm.models.TeamMember.attendances
10:24:13.322 [main] DEBUG org.hibernate.orm.jdbc.mutation - Skipping collection row deletions - org.frcpm.models.TeamMember.attendances
10:24:13.322 [main] DEBUG org.hibernate.orm.jdbc.mutation - Skipping collection removals - org.frcpm.models.TeamMember.attendances
10:24:13.322 [main] DEBUG org.hibernate.orm.jdbc.mutation - Skipping collection row updates - org.frcpm.models.Task.requiredComponents
10:24:13.322 [main] DEBUG org.hibernate.orm.jdbc.mutation - Skipping collection (re)creation - org.frcpm.models.Subteam.subsystems
10:24:13.322 [main] DEBUG org.hibernate.orm.jdbc.mutation - Skipping collection row deletions - org.frcpm.models.Subteam.subsystems
10:24:13.322 [main] DEBUG org.hibernate.orm.jdbc.mutation - Skipping collection removals - org.frcpm.models.Subteam.subsystems
10:24:13.322 [main] DEBUG org.hibernate.orm.jdbc.mutation - Skipping collection row updates - org.frcpm.models.Task.preDependencies
10:24:13.322 [main] DEBUG org.hibernate.orm.jdbc.mutation - Skipping collection (re)creation - org.frcpm.models.Project.milestones
10:24:13.322 [main] DEBUG org.hibernate.orm.jdbc.mutation - Skipping collection row deletions - org.frcpm.models.Project.milestones
10:24:13.322 [main] DEBUG org.hibernate.orm.jdbc.mutation - Skipping collection removals - org.frcpm.models.Project.milestones
10:24:13.322 [main] DEBUG org.hibernate.orm.jdbc.mutation - Skipping collection inserts - org.frcpm.models.Component.requiredForTasks
10:24:13.322 [main] DEBUG org.hibernate.orm.jdbc.mutation - Skipping collection row updates - org.frcpm.models.Component.requiredForTasks
10:24:13.322 [main] DEBUG org.hibernate.orm.jdbc.mutation - Skipping collection row deletions - org.frcpm.models.Component.requiredForTasks
10:24:13.322 [main] DEBUG org.hibernate.orm.jdbc.mutation - Skipping collection removals - org.frcpm.models.Component.requiredForTasks
10:24:13.322 [main] DEBUG org.hibernate.orm.jdbc.mutation - Skipping collection (re)creation - org.frcpm.models.Project.meetings
10:24:13.322 [main] DEBUG org.hibernate.orm.jdbc.mutation - Skipping collection row deletions - org.frcpm.models.Project.meetings
10:24:13.322 [main] DEBUG org.hibernate.orm.jdbc.mutation - Skipping collection removals - org.frcpm.models.Project.meetings
10:24:13.322 [main] DEBUG org.hibernate.orm.jdbc.mutation - Skipping collection inserts - org.frcpm.models.TeamMember.assignedTasks
10:24:13.322 [main] DEBUG org.hibernate.orm.jdbc.mutation - Skipping collection row updates - org.frcpm.models.TeamMember.assignedTasks
10:24:13.322 [main] DEBUG org.hibernate.orm.jdbc.mutation - Skipping collection row deletions - org.frcpm.models.TeamMember.assignedTasks
10:24:13.322 [main] DEBUG org.hibernate.orm.jdbc.mutation - Skipping collection removals - org.frcpm.models.TeamMember.assignedTasks
10:24:13.322 [main] DEBUG org.hibernate.orm.jdbc.mutation - Skipping collection (re)creation - org.frcpm.models.Meeting.attendances
10:24:13.322 [main] DEBUG org.hibernate.orm.jdbc.mutation - Skipping collection row deletions - org.frcpm.models.Meeting.attendances
10:24:13.322 [main] DEBUG org.hibernate.orm.jdbc.mutation - Skipping collection removals - org.frcpm.models.Meeting.attendances
10:24:13.322 [main] DEBUG org.hibernate.orm.jdbc.mutation - Skipping collection inserts - org.frcpm.models.Task.postDependencies
10:24:13.322 [main] DEBUG org.hibernate.orm.jdbc.mutation - Skipping collection row updates - org.frcpm.models.Task.postDependencies
10:24:13.322 [main] DEBUG org.hibernate.orm.jdbc.mutation - Skipping collection row deletions - org.frcpm.models.Task.postDependencies
10:24:13.322 [main] DEBUG org.hibernate.orm.jdbc.mutation - Skipping collection removals - org.frcpm.models.Task.postDependencies
10:24:13.322 [main] DEBUG org.hibernate.orm.jdbc.mutation - Skipping collection (re)creation - org.frcpm.models.Project.tasks
10:24:13.322 [main] DEBUG org.hibernate.orm.jdbc.mutation - Skipping collection row deletions - org.frcpm.models.Project.tasks
10:24:13.322 [main] DEBUG org.hibernate.orm.jdbc.mutation - Skipping collection removals - org.frcpm.models.Project.tasks
10:24:13.323 [FRC-PM-HikariCP connection adder] DEBUG com.zaxxer.hikari.pool.HikariPool - FRC-PM-HikariCP - After adding stats (total=2, active=0, idle=2, waiting=0)
10:24:13.325 [main] DEBUG org.hibernate.orm.model.mapping.creation - Starting post-init callbacks
10:24:13.325 [main] DEBUG org.hibernate.orm.model.mapping.creation - Starting PostInitCallbackEntry : To-one key - NavigableRole[org.frcpm.models.Attendance.meeting]
10:24:13.325 [main] DEBUG org.hibernate.orm.model.mapping.creation - Starting PostInitCallbackEntry : To-one key - NavigableRole[org.frcpm.models.Attendance.member]
10:24:13.326 [main] DEBUG org.hibernate.orm.model.mapping.creation - Starting PostInitCallbackEntry : Entity(org.frcpm.models.Attendance) `staticFetchableList` generator
10:24:13.326 [main] DEBUG org.hibernate.orm.model.mapping.creation - Starting PostInitCallbackEntry : PluralAttributeMapping( NavigableRole[org.frcpm.models.Meeting.attendances#{element}]) - element descriptor
10:24:13.326 [main] DEBUG org.hibernate.orm.model.mapping.creation - Starting PostInitCallbackEntry : PluralAttributeMapping(org.frcpm.models.Meeting.attendances)#finishInitialization
10:24:13.326 [main] DEBUG org.hibernate.orm.model.mapping.creation - Starting PostInitCallbackEntry : PluralAttributeMapping(org.frcpm.models.Meeting.attendances) - key descriptor
10:24:13.326 [main] DEBUG org.hibernate.orm.model.mapping.creation - Starting PostInitCallbackEntry : To-one key - NavigableRole[org.frcpm.models.Meeting.project]
10:24:13.326 [main] DEBUG org.hibernate.orm.model.mapping.creation - Starting PostInitCallbackEntry : Entity(org.frcpm.models.Meeting) `staticFetchableList` generator
10:24:13.326 [main] DEBUG org.hibernate.orm.model.mapping.creation - Starting PostInitCallbackEntry : To-one key - NavigableRole[org.frcpm.models.Subsystem.responsibleSubteam]
10:24:13.326 [main] DEBUG org.hibernate.orm.model.mapping.creation - Starting PostInitCallbackEntry : PluralAttributeMapping( NavigableRole[org.frcpm.models.Subsystem.tasks#{element}]) - element descriptor
10:24:13.326 [main] DEBUG org.hibernate.orm.model.mapping.creation - Starting PostInitCallbackEntry : PluralAttributeMapping(org.frcpm.models.Subsystem.tasks)#finishInitialization
10:24:13.326 [main] DEBUG org.hibernate.orm.model.mapping.creation - Starting PostInitCallbackEntry : PluralAttributeMapping(org.frcpm.models.Subsystem.tasks) - key descriptor
10:24:13.326 [main] DEBUG org.hibernate.orm.model.mapping.creation - Starting PostInitCallbackEntry : Entity(org.frcpm.models.Subsystem) `staticFetchableList` generator
10:24:13.326 [main] DEBUG org.hibernate.orm.model.mapping.creation - Starting PostInitCallbackEntry : PluralAttributeMapping( NavigableRole[org.frcpm.models.Component.requiredForTasks#{element}]) - element descriptor
10:24:13.326 [main] DEBUG org.hibernate.orm.model.mapping.creation - Starting PostInitCallbackEntry : PluralAttributeMapping(org.frcpm.models.Component.requiredForTasks)#finishInitialization
10:24:13.326 [main] DEBUG org.hibernate.orm.model.mapping.creation - Starting PostInitCallbackEntry : PluralAttributeMapping(org.frcpm.models.Component.requiredForTasks) - key descriptor
10:24:13.326 [main] DEBUG org.hibernate.orm.model.mapping.creation - Starting PostInitCallbackEntry : Entity(org.frcpm.models.Component) `staticFetchableList` generator
10:24:13.326 [main] DEBUG org.hibernate.orm.model.mapping.creation - Starting PostInitCallbackEntry : To-one key - NavigableRole[org.frcpm.models.Milestone.project]
10:24:13.326 [main] DEBUG org.hibernate.orm.model.mapping.creation - Starting PostInitCallbackEntry : Entity(org.frcpm.models.Milestone) `staticFetchableList` generator
10:24:13.326 [main] DEBUG org.hibernate.orm.model.mapping.creation - Starting PostInitCallbackEntry : PluralAttributeMapping( NavigableRole[org.frcpm.models.Project.meetings#{element}]) - element descriptor
10:24:13.326 [main] DEBUG org.hibernate.orm.model.mapping.creation - Starting PostInitCallbackEntry : PluralAttributeMapping(org.frcpm.models.Project.meetings)#finishInitialization
10:24:13.326 [main] DEBUG org.hibernate.orm.model.mapping.creation - Starting PostInitCallbackEntry : PluralAttributeMapping(org.frcpm.models.Project.meetings) - key descriptor
10:24:13.326 [main] DEBUG org.hibernate.orm.model.mapping.creation - Starting PostInitCallbackEntry : PluralAttributeMapping( NavigableRole[org.frcpm.models.Project.milestones#{element}]) - element descriptor
10:24:13.326 [main] DEBUG org.hibernate.orm.model.mapping.creation - Starting PostInitCallbackEntry : PluralAttributeMapping(org.frcpm.models.Project.milestones)#finishInitialization
10:24:13.326 [main] DEBUG org.hibernate.orm.model.mapping.creation - Starting PostInitCallbackEntry : PluralAttributeMapping(org.frcpm.models.Project.milestones) - key descriptor
10:24:13.326 [main] DEBUG org.hibernate.orm.model.mapping.creation - Starting PostInitCallbackEntry : PluralAttributeMapping( NavigableRole[org.frcpm.models.Project.tasks#{element}]) - element descriptor
10:24:13.326 [main] DEBUG org.hibernate.orm.model.mapping.creation - Starting PostInitCallbackEntry : PluralAttributeMapping(org.frcpm.models.Project.tasks)#finishInitialization
10:24:13.326 [main] DEBUG org.hibernate.orm.model.mapping.creation - Starting PostInitCallbackEntry : PluralAttributeMapping(org.frcpm.models.Project.tasks) - key descriptor
10:24:13.326 [main] DEBUG org.hibernate.orm.model.mapping.creation - Starting PostInitCallbackEntry : Entity(org.frcpm.models.Project) `staticFetchableList` generator
10:24:13.326 [main] DEBUG org.hibernate.orm.model.mapping.creation - Starting PostInitCallbackEntry : PluralAttributeMapping( NavigableRole[org.frcpm.models.Subteam.members#{element}]) - element descriptor
10:24:13.326 [main] DEBUG org.hibernate.orm.model.mapping.creation - Starting PostInitCallbackEntry : PluralAttributeMapping(org.frcpm.models.Subteam.members)#finishInitialization
10:24:13.326 [main] DEBUG org.hibernate.orm.model.mapping.creation - Starting PostInitCallbackEntry : PluralAttributeMapping(org.frcpm.models.Subteam.members) - key descriptor
10:24:13.326 [main] DEBUG org.hibernate.orm.model.mapping.creation - Starting PostInitCallbackEntry : PluralAttributeMapping( NavigableRole[org.frcpm.models.Subteam.subsystems#{element}]) - element descriptor
10:24:13.326 [main] DEBUG org.hibernate.orm.model.mapping.creation - Starting PostInitCallbackEntry : PluralAttributeMapping(org.frcpm.models.Subteam.subsystems)#finishInitialization
10:24:13.326 [main] DEBUG org.hibernate.orm.model.mapping.creation - Starting PostInitCallbackEntry : PluralAttributeMapping(org.frcpm.models.Subteam.subsystems) - key descriptor
10:24:13.326 [main] DEBUG org.hibernate.orm.model.mapping.creation - Starting PostInitCallbackEntry : Entity(org.frcpm.models.Subteam) `staticFetchableList` generator
10:24:13.326 [main] DEBUG org.hibernate.orm.model.mapping.creation - Starting PostInitCallbackEntry : PluralAttributeMapping( NavigableRole[org.frcpm.models.Task.assignedTo#{element}]) - element descriptor
10:24:13.326 [main] DEBUG org.hibernate.orm.model.mapping.creation - Starting PostInitCallbackEntry : PluralAttributeMapping(org.frcpm.models.Task.assignedTo)#finishInitialization
10:24:13.326 [main] DEBUG org.hibernate.orm.model.mapping.creation - Starting PostInitCallbackEntry : PluralAttributeMapping(org.frcpm.models.Task.assignedTo) - key descriptor
10:24:13.326 [main] DEBUG org.hibernate.orm.model.mapping.creation - Starting PostInitCallbackEntry : PluralAttributeMapping( NavigableRole[org.frcpm.models.Task.postDependencies#{element}]) - element descriptor
10:24:13.326 [main] DEBUG org.hibernate.orm.model.mapping.creation - Starting PostInitCallbackEntry : PluralAttributeMapping(org.frcpm.models.Task.postDependencies)#finishInitialization
10:24:13.326 [main] DEBUG org.hibernate.orm.model.mapping.creation - Starting PostInitCallbackEntry : PluralAttributeMapping(org.frcpm.models.Task.postDependencies) - key descriptor
10:24:13.326 [main] DEBUG org.hibernate.orm.model.mapping.creation - Starting PostInitCallbackEntry : PluralAttributeMapping( NavigableRole[org.frcpm.models.Task.preDependencies#{element}]) - element descriptor
10:24:13.326 [main] DEBUG org.hibernate.orm.model.mapping.creation - Starting PostInitCallbackEntry : PluralAttributeMapping(org.frcpm.models.Task.preDependencies)#finishInitialization
10:24:13.326 [main] DEBUG org.hibernate.orm.model.mapping.creation - Starting PostInitCallbackEntry : PluralAttributeMapping(org.frcpm.models.Task.preDependencies) - key descriptor
10:24:13.326 [main] DEBUG org.hibernate.orm.model.mapping.creation - Starting PostInitCallbackEntry : To-one key - NavigableRole[org.frcpm.models.Task.project]
10:24:13.326 [main] DEBUG org.hibernate.orm.model.mapping.creation - Starting PostInitCallbackEntry : PluralAttributeMapping( NavigableRole[org.frcpm.models.Task.requiredComponents#{element}]) - element descriptor
10:24:13.326 [main] DEBUG org.hibernate.orm.model.mapping.creation - Starting PostInitCallbackEntry : PluralAttributeMapping(org.frcpm.models.Task.requiredComponents)#finishInitialization
10:24:13.326 [main] DEBUG org.hibernate.orm.model.mapping.creation - Starting PostInitCallbackEntry : PluralAttributeMapping(org.frcpm.models.Task.requiredComponents) - key descriptor
10:24:13.326 [main] DEBUG org.hibernate.orm.model.mapping.creation - Starting PostInitCallbackEntry : To-one key - NavigableRole[org.frcpm.models.Task.subsystem]
10:24:13.326 [main] DEBUG org.hibernate.orm.model.mapping.creation - Starting PostInitCallbackEntry : Entity(org.frcpm.models.Task) `staticFetchableList` generator
10:24:13.326 [main] DEBUG org.hibernate.orm.model.mapping.creation - Starting PostInitCallbackEntry : PluralAttributeMapping( NavigableRole[org.frcpm.models.TeamMember.assignedTasks#{element}]) - element descriptor
10:24:13.326 [main] DEBUG org.hibernate.orm.model.mapping.creation - Starting PostInitCallbackEntry : PluralAttributeMapping(org.frcpm.models.TeamMember.assignedTasks)#finishInitialization
10:24:13.326 [main] DEBUG org.hibernate.orm.model.mapping.creation - Starting PostInitCallbackEntry : PluralAttributeMapping(org.frcpm.models.TeamMember.assignedTasks) - key descriptor
10:24:13.326 [main] DEBUG org.hibernate.orm.model.mapping.creation - Starting PostInitCallbackEntry : PluralAttributeMapping( NavigableRole[org.frcpm.models.TeamMember.attendances#{element}]) - element descriptor
10:24:13.326 [main] DEBUG org.hibernate.orm.model.mapping.creation - Starting PostInitCallbackEntry : PluralAttributeMapping(org.frcpm.models.TeamMember.attendances)#finishInitialization
10:24:13.326 [main] DEBUG org.hibernate.orm.model.mapping.creation - Starting PostInitCallbackEntry : PluralAttributeMapping(org.frcpm.models.TeamMember.attendances) - key descriptor
10:24:13.326 [main] DEBUG org.hibernate.orm.model.mapping.creation - Starting PostInitCallbackEntry : To-one key - NavigableRole[org.frcpm.models.TeamMember.subteam]
10:24:13.326 [main] DEBUG org.hibernate.orm.model.mapping.creation - Starting PostInitCallbackEntry : Entity(org.frcpm.models.TeamMember) `staticFetchableList` generator
10:24:13.326 [main] DEBUG org.hibernate.orm.model.mapping.creation - Starting PostInitCallbackEntry : PluralAttributeMapping( NavigableRole[org.frcpm.models.Meeting.attendances#{element}]) - element descriptor
10:24:13.326 [main] DEBUG org.hibernate.orm.model.mapping.creation - Starting PostInitCallbackEntry : PluralAttributeMapping( NavigableRole[org.frcpm.models.Subsystem.tasks#{element}]) - element descriptor
10:24:13.326 [main] DEBUG org.hibernate.orm.model.mapping.creation - Starting PostInitCallbackEntry : PluralAttributeMapping( NavigableRole[org.frcpm.models.Component.requiredForTasks#{element}]) - element descriptor
10:24:13.326 [main] DEBUG org.hibernate.orm.model.mapping.creation - Starting PostInitCallbackEntry : PluralAttributeMapping( NavigableRole[org.frcpm.models.Project.meetings#{element}]) - element descriptor
10:24:13.326 [main] DEBUG org.hibernate.orm.model.mapping.creation - Starting PostInitCallbackEntry : PluralAttributeMapping( NavigableRole[org.frcpm.models.Project.milestones#{element}]) - element descriptor
10:24:13.326 [main] DEBUG org.hibernate.orm.model.mapping.creation - Starting PostInitCallbackEntry : PluralAttributeMapping( NavigableRole[org.frcpm.models.Project.tasks#{element}]) - element descriptor
10:24:13.326 [main] DEBUG org.hibernate.orm.model.mapping.creation - Starting PostInitCallbackEntry : PluralAttributeMapping( NavigableRole[org.frcpm.models.Subteam.members#{element}]) - element descriptor
10:24:13.326 [main] DEBUG org.hibernate.orm.model.mapping.creation - Starting PostInitCallbackEntry : PluralAttributeMapping( NavigableRole[org.frcpm.models.Subteam.subsystems#{element}]) - element descriptor
10:24:13.326 [main] DEBUG org.hibernate.orm.model.mapping.creation - Starting PostInitCallbackEntry : PluralAttributeMapping( NavigableRole[org.frcpm.models.Task.postDependencies#{element}]) - element descriptor
10:24:13.326 [main] DEBUG org.hibernate.orm.model.mapping.creation - Starting PostInitCallbackEntry : PluralAttributeMapping( NavigableRole[org.frcpm.models.TeamMember.attendances#{element}]) - element descriptor
10:24:13.335 [main] DEBUG org.hibernate.orm.sql.ast.create - Created new SQL alias : a1_0
10:24:13.335 [main] DEBUG org.hibernate.orm.sql.ast.create - Registration of TableGroup [StandardTableGroup(org.frcpm.models.Attendance)] with identifierForTableGroup [org.frcpm.models.Attendance] for NavigablePath [org.frcpm.models.Attendance] 
10:24:13.336 [main] DEBUG org.hibernate.orm.sql.ast.create - Registration of TableGroup [org.hibernate.sql.ast.tree.from.LazyTableGroup@1c54c5a] with identifierForTableGroup [org.frcpm.models.Attendance.meeting] for NavigablePath [org.frcpm.models.Attendance.meeting] 
10:24:13.336 [main] DEBUG org.hibernate.orm.sql.ast.create - Registration of TableGroup [org.hibernate.sql.ast.tree.from.LazyTableGroup@69ce7774] with identifierForTableGroup [org.frcpm.models.Attendance.member] for NavigablePath [org.frcpm.models.Attendance.member] 
10:24:13.336 [main] DEBUG org.hibernate.orm.results.graph.AST - DomainResult Graph:
 \-EntityResultImpl [org.frcpm.models.Attendance]
 |  +-BasicFetch [org.frcpm.models.Attendance.arrivalTime]
 |  +-BasicFetch [org.frcpm.models.Attendance.departureTime]
 |  +-EntityDelayedFetchImpl [org.frcpm.models.Attendance.meeting]
 |  +-EntityDelayedFetchImpl [org.frcpm.models.Attendance.member]
 |  \-BasicFetch [org.frcpm.models.Attendance.present]

10:24:13.336 [main] DEBUG org.hibernate.orm.sql.ast.tree - SQL AST Tree:
    SelectStatement {
      FromClause {
        StandardTableGroup (a1 : org.frcpm.models.Attendance) {
          primaryTableReference : attendances as a1_0
          TableGroupJoins {
            left  join LazyTableGroup (m1 : org.frcpm.models.Attendance.meeting) {
            }
            left  join LazyTableGroup (m2 : org.frcpm.models.Attendance.member) {
            }
          }
        }
      }
    }

10:24:13.336 [main] DEBUG org.hibernate.persister.entity.AbstractEntityPersister - Static SQL for entity: org.frcpm.models.Attendance
10:24:13.336 [main] DEBUG org.hibernate.persister.entity.AbstractEntityPersister -  Version select: select id from attendances where id=?
10:24:13.336 [main] DEBUG org.hibernate.persister.entity.AbstractEntityPersister -  Insert (0): insert into attendances (arrival_time,departure_time,meeting_id,member_id,present,id) values (?,?,?,?,?,default)
10:24:13.336 [main] DEBUG org.hibernate.persister.entity.AbstractEntityPersister -  Update (0): update attendances set arrival_time=?,departure_time=?,meeting_id=?,member_id=?,present=? where id=?
10:24:13.336 [main] DEBUG org.hibernate.persister.entity.AbstractEntityPersister -  Delete (0): delete from attendances where id=?
10:24:13.336 [main] DEBUG org.hibernate.orm.sql.ast.create - Created new SQL alias : m1_0
10:24:13.336 [main] DEBUG org.hibernate.orm.sql.ast.create - Registration of TableGroup [StandardTableGroup(org.frcpm.models.Meeting)] with identifierForTableGroup [org.frcpm.models.Meeting] for NavigablePath [org.frcpm.models.Meeting] 
10:24:13.336 [main] DEBUG org.hibernate.orm.sql.ast.create - Registration of TableGroup [org.hibernate.sql.ast.tree.from.LazyTableGroup@620de5d3] with identifierForTableGroup [org.frcpm.models.Meeting.project] for NavigablePath [org.frcpm.models.Meeting.project] 
10:24:13.336 [main] DEBUG org.hibernate.orm.results.graph.AST - DomainResult Graph:
 \-EntityResultImpl [org.frcpm.models.Meeting]
 |  +-DelayedCollectionFetch [org.frcpm.models.Meeting.attendances]
 |  +-BasicFetch [org.frcpm.models.Meeting.date]
 |  +-BasicFetch [org.frcpm.models.Meeting.endTime]
 |  +-BasicFetch [org.frcpm.models.Meeting.notes]
 |  +-EntityDelayedFetchImpl [org.frcpm.models.Meeting.project]
 |  \-BasicFetch [org.frcpm.models.Meeting.startTime]

10:24:13.336 [main] DEBUG org.hibernate.orm.sql.ast.tree - SQL AST Tree:
    SelectStatement {
      FromClause {
        StandardTableGroup (m1 : org.frcpm.models.Meeting) {
          primaryTableReference : meetings as m1_0
          TableGroupJoins {
            left  join LazyTableGroup (p1 : org.frcpm.models.Meeting.project) {
            }
          }
        }
      }
    }

10:24:13.336 [main] DEBUG org.hibernate.persister.entity.AbstractEntityPersister - Static SQL for entity: org.frcpm.models.Meeting
10:24:13.336 [main] DEBUG org.hibernate.persister.entity.AbstractEntityPersister -  Version select: select id from meetings where id=?
10:24:13.336 [main] DEBUG org.hibernate.persister.entity.AbstractEntityPersister -  Insert (0): insert into meetings (date,end_time,notes,project_id,start_time,id) values (?,?,?,?,?,default)
10:24:13.336 [main] DEBUG org.hibernate.persister.entity.AbstractEntityPersister -  Update (0): update meetings set date=?,end_time=?,notes=?,project_id=?,start_time=? where id=?
10:24:13.336 [main] DEBUG org.hibernate.persister.entity.AbstractEntityPersister -  Delete (0): delete from meetings where id=?
10:24:13.336 [main] DEBUG org.hibernate.orm.sql.ast.create - Created new SQL alias : s1_0
10:24:13.336 [main] DEBUG org.hibernate.orm.sql.ast.create - Registration of TableGroup [StandardTableGroup(org.frcpm.models.Subsystem)] with identifierForTableGroup [org.frcpm.models.Subsystem] for NavigablePath [org.frcpm.models.Subsystem] 
10:24:13.336 [main] DEBUG org.hibernate.orm.sql.ast.create - Registration of TableGroup [org.hibernate.sql.ast.tree.from.LazyTableGroup@3d4542d7] with identifierForTableGroup [org.frcpm.models.Subsystem.responsibleSubteam] for NavigablePath [org.frcpm.models.Subsystem.responsibleSubteam] 
10:24:13.336 [main] DEBUG org.hibernate.orm.results.graph.AST - DomainResult Graph:
 \-EntityResultImpl [org.frcpm.models.Subsystem]
 |  +-BasicFetch [org.frcpm.models.Subsystem.description]
 |  +-BasicFetch [org.frcpm.models.Subsystem.name]
 |  +-EntityDelayedFetchImpl [org.frcpm.models.Subsystem.responsibleSubteam]
 |  +-BasicFetch [org.frcpm.models.Subsystem.status]
 |  \-DelayedCollectionFetch [org.frcpm.models.Subsystem.tasks]

10:24:13.336 [main] DEBUG org.hibernate.orm.sql.ast.tree - SQL AST Tree:
    SelectStatement {
      FromClause {
        StandardTableGroup (s1 : org.frcpm.models.Subsystem) {
          primaryTableReference : subsystems as s1_0
          TableGroupJoins {
            left  join LazyTableGroup (rs1 : org.frcpm.models.Subsystem.responsibleSubteam) {
            }
          }
        }
      }
    }

10:24:13.336 [main] DEBUG org.hibernate.persister.entity.AbstractEntityPersister - Static SQL for entity: org.frcpm.models.Subsystem
10:24:13.336 [main] DEBUG org.hibernate.persister.entity.AbstractEntityPersister -  Version select: select id from subsystems where id=?
10:24:13.336 [main] DEBUG org.hibernate.persister.entity.AbstractEntityPersister -  Insert (0): insert into subsystems (description,name,responsible_subteam_id,status,id) values (?,?,?,?,default)
10:24:13.336 [main] DEBUG org.hibernate.persister.entity.AbstractEntityPersister -  Update (0): update subsystems set description=?,name=?,responsible_subteam_id=?,status=? where id=?
10:24:13.336 [main] DEBUG org.hibernate.persister.entity.AbstractEntityPersister -  Delete (0): delete from subsystems where id=?
10:24:13.336 [main] DEBUG org.hibernate.orm.sql.ast.create - Created new SQL alias : c1_0
10:24:13.336 [main] DEBUG org.hibernate.orm.sql.ast.create - Registration of TableGroup [StandardTableGroup(org.frcpm.models.Component)] with identifierForTableGroup [org.frcpm.models.Component] for NavigablePath [org.frcpm.models.Component] 
10:24:13.336 [main] DEBUG org.hibernate.orm.results.graph.AST - DomainResult Graph:
 \-EntityResultImpl [org.frcpm.models.Component]
 |  +-BasicFetch [org.frcpm.models.Component.actualDelivery]
 |  +-BasicFetch [org.frcpm.models.Component.delivered]
 |  +-BasicFetch [org.frcpm.models.Component.description]
 |  +-BasicFetch [org.frcpm.models.Component.expectedDelivery]
 |  +-BasicFetch [org.frcpm.models.Component.name]
 |  +-BasicFetch [org.frcpm.models.Component.partNumber]
 |  \-DelayedCollectionFetch [org.frcpm.models.Component.requiredForTasks]

10:24:13.336 [main] DEBUG org.hibernate.orm.sql.ast.tree - SQL AST Tree:
    SelectStatement {
      FromClause {
        StandardTableGroup (c1 : org.frcpm.models.Component) {
          primaryTableReference : components as c1_0
        }
      }
    }

10:24:13.336 [main] DEBUG org.hibernate.persister.entity.AbstractEntityPersister - Static SQL for entity: org.frcpm.models.Component
10:24:13.336 [main] DEBUG org.hibernate.persister.entity.AbstractEntityPersister -  Version select: select id from components where id=?
10:24:13.336 [main] DEBUG org.hibernate.persister.entity.AbstractEntityPersister -  Insert (0): insert into components (actual_delivery,is_delivered,description,expected_delivery,name,part_number,id) values (?,?,?,?,?,?,default)
10:24:13.337 [main] DEBUG org.hibernate.persister.entity.AbstractEntityPersister -  Update (0): update components set actual_delivery=?,is_delivered=?,description=?,expected_delivery=?,name=?,part_number=? where id=?
10:24:13.337 [main] DEBUG org.hibernate.persister.entity.AbstractEntityPersister -  Delete (0): delete from components where id=?
10:24:13.337 [main] DEBUG org.hibernate.orm.sql.ast.create - Created new SQL alias : m1_0
10:24:13.337 [main] DEBUG org.hibernate.orm.sql.ast.create - Registration of TableGroup [StandardTableGroup(org.frcpm.models.Milestone)] with identifierForTableGroup [org.frcpm.models.Milestone] for NavigablePath [org.frcpm.models.Milestone] 
10:24:13.337 [main] DEBUG org.hibernate.orm.sql.ast.create - Registration of TableGroup [org.hibernate.sql.ast.tree.from.LazyTableGroup@7c666865] with identifierForTableGroup [org.frcpm.models.Milestone.project] for NavigablePath [org.frcpm.models.Milestone.project] 
10:24:13.337 [main] DEBUG org.hibernate.orm.results.graph.AST - DomainResult Graph:
 \-EntityResultImpl [org.frcpm.models.Milestone]
 |  +-BasicFetch [org.frcpm.models.Milestone.date]
 |  +-BasicFetch [org.frcpm.models.Milestone.description]
 |  +-BasicFetch [org.frcpm.models.Milestone.name]
 |  \-EntityDelayedFetchImpl [org.frcpm.models.Milestone.project]

10:24:13.337 [main] DEBUG org.hibernate.orm.sql.ast.tree - SQL AST Tree:
    SelectStatement {
      FromClause {
        StandardTableGroup (m1 : org.frcpm.models.Milestone) {
          primaryTableReference : milestones as m1_0
          TableGroupJoins {
            left  join LazyTableGroup (p1 : org.frcpm.models.Milestone.project) {
            }
          }
        }
      }
    }

10:24:13.337 [main] DEBUG org.hibernate.persister.entity.AbstractEntityPersister - Static SQL for entity: org.frcpm.models.Milestone
10:24:13.337 [main] DEBUG org.hibernate.persister.entity.AbstractEntityPersister -  Version select: select id from milestones where id=?
10:24:13.337 [main] DEBUG org.hibernate.persister.entity.AbstractEntityPersister -  Insert (0): insert into milestones (date,description,name,project_id,id) values (?,?,?,?,default)
10:24:13.337 [main] DEBUG org.hibernate.persister.entity.AbstractEntityPersister -  Update (0): update milestones set date=?,description=?,name=?,project_id=? where id=?
10:24:13.337 [main] DEBUG org.hibernate.persister.entity.AbstractEntityPersister -  Delete (0): delete from milestones where id=?
10:24:13.337 [main] DEBUG org.hibernate.orm.sql.ast.create - Created new SQL alias : p1_0
10:24:13.337 [main] DEBUG org.hibernate.orm.sql.ast.create - Registration of TableGroup [StandardTableGroup(org.frcpm.models.Project)] with identifierForTableGroup [org.frcpm.models.Project] for NavigablePath [org.frcpm.models.Project] 
10:24:13.337 [main] DEBUG org.hibernate.orm.results.graph.AST - DomainResult Graph:
 \-EntityResultImpl [org.frcpm.models.Project]
 |  +-BasicFetch [org.frcpm.models.Project.description]
 |  +-BasicFetch [org.frcpm.models.Project.goalEndDate]
 |  +-BasicFetch [org.frcpm.models.Project.hardDeadline]
 |  +-DelayedCollectionFetch [org.frcpm.models.Project.meetings]
 |  +-DelayedCollectionFetch [org.frcpm.models.Project.milestones]
 |  +-BasicFetch [org.frcpm.models.Project.name]
 |  +-BasicFetch [org.frcpm.models.Project.startDate]
 |  \-DelayedCollectionFetch [org.frcpm.models.Project.tasks]

10:24:13.337 [main] DEBUG org.hibernate.orm.sql.ast.tree - SQL AST Tree:
    SelectStatement {
      FromClause {
        StandardTableGroup (p1 : org.frcpm.models.Project) {
          primaryTableReference : projects as p1_0
        }
      }
    }

10:24:13.337 [main] DEBUG org.hibernate.persister.entity.AbstractEntityPersister - Static SQL for entity: org.frcpm.models.Project
10:24:13.337 [main] DEBUG org.hibernate.persister.entity.AbstractEntityPersister -  Version select: select id from projects where id=?
10:24:13.337 [main] DEBUG org.hibernate.persister.entity.AbstractEntityPersister -  Insert (0): insert into projects (description,goal_end_date,hard_deadline,name,start_date,id) values (?,?,?,?,?,default)
10:24:13.337 [main] DEBUG org.hibernate.persister.entity.AbstractEntityPersister -  Update (0): update projects set description=?,goal_end_date=?,hard_deadline=?,name=?,start_date=? where id=?
10:24:13.337 [main] DEBUG org.hibernate.persister.entity.AbstractEntityPersister -  Delete (0): delete from projects where id=?
10:24:13.337 [main] DEBUG org.hibernate.orm.sql.ast.create - Created new SQL alias : s1_0
10:24:13.337 [main] DEBUG org.hibernate.orm.sql.ast.create - Registration of TableGroup [StandardTableGroup(org.frcpm.models.Subteam)] with identifierForTableGroup [org.frcpm.models.Subteam] for NavigablePath [org.frcpm.models.Subteam] 
10:24:13.337 [main] DEBUG org.hibernate.orm.results.graph.AST - DomainResult Graph:
 \-EntityResultImpl [org.frcpm.models.Subteam]
 |  +-BasicFetch [org.frcpm.models.Subteam.colorCode]
 |  +-DelayedCollectionFetch [org.frcpm.models.Subteam.members]
 |  +-BasicFetch [org.frcpm.models.Subteam.name]
 |  +-BasicFetch [org.frcpm.models.Subteam.specialties]
 |  \-DelayedCollectionFetch [org.frcpm.models.Subteam.subsystems]

10:24:13.337 [main] DEBUG org.hibernate.orm.sql.ast.tree - SQL AST Tree:
    SelectStatement {
      FromClause {
        StandardTableGroup (s1 : org.frcpm.models.Subteam) {
          primaryTableReference : subteams as s1_0
        }
      }
    }

10:24:13.337 [main] DEBUG org.hibernate.persister.entity.AbstractEntityPersister - Static SQL for entity: org.frcpm.models.Subteam
10:24:13.337 [main] DEBUG org.hibernate.persister.entity.AbstractEntityPersister -  Version select: select id from subteams where id=?
10:24:13.337 [main] DEBUG org.hibernate.persister.entity.AbstractEntityPersister -  Insert (0): insert into subteams (color_code,name,specialties,id) values (?,?,?,default)
10:24:13.337 [main] DEBUG org.hibernate.persister.entity.AbstractEntityPersister -  Update (0): update subteams set color_code=?,name=?,specialties=? where id=?
10:24:13.337 [main] DEBUG org.hibernate.persister.entity.AbstractEntityPersister -  Delete (0): delete from subteams where id=?
10:24:13.337 [main] DEBUG org.hibernate.orm.sql.ast.create - Created new SQL alias : t1_0
10:24:13.337 [main] DEBUG org.hibernate.orm.sql.ast.create - Registration of TableGroup [StandardTableGroup(org.frcpm.models.Task)] with identifierForTableGroup [org.frcpm.models.Task] for NavigablePath [org.frcpm.models.Task] 
10:24:13.337 [main] DEBUG org.hibernate.orm.sql.ast.create - Registration of TableGroup [org.hibernate.sql.ast.tree.from.LazyTableGroup@4e985960] with identifierForTableGroup [org.frcpm.models.Task.project] for NavigablePath [org.frcpm.models.Task.project] 
10:24:13.337 [main] DEBUG org.hibernate.orm.sql.ast.create - Registration of TableGroup [org.hibernate.sql.ast.tree.from.LazyTableGroup@52b94ca5] with identifierForTableGroup [org.frcpm.models.Task.subsystem] for NavigablePath [org.frcpm.models.Task.subsystem] 
10:24:13.338 [main] DEBUG org.hibernate.orm.results.graph.AST - DomainResult Graph:
 \-EntityResultImpl [org.frcpm.models.Task]
 |  +-BasicFetch [org.frcpm.models.Task.actualDurationSeconds]
 |  +-DelayedCollectionFetch [org.frcpm.models.Task.assignedTo]
 |  +-BasicFetch [org.frcpm.models.Task.completed]
 |  +-BasicFetch [org.frcpm.models.Task.description]
 |  +-BasicFetch [org.frcpm.models.Task.endDate]
 |  +-BasicFetch [org.frcpm.models.Task.estimatedDurationSeconds]
 |  +-DelayedCollectionFetch [org.frcpm.models.Task.postDependencies]
 |  +-DelayedCollectionFetch [org.frcpm.models.Task.preDependencies]
 |  +-BasicFetch [org.frcpm.models.Task.priority]
 |  +-BasicFetch [org.frcpm.models.Task.progress]
 |  +-EntityDelayedFetchImpl [org.frcpm.models.Task.project]
 |  +-DelayedCollectionFetch [org.frcpm.models.Task.requiredComponents]
 |  +-BasicFetch [org.frcpm.models.Task.startDate]
 |  +-EntityDelayedFetchImpl [org.frcpm.models.Task.subsystem]
 |  \-BasicFetch [org.frcpm.models.Task.title]

10:24:13.338 [main] DEBUG org.hibernate.orm.sql.ast.tree - SQL AST Tree:
    SelectStatement {
      FromClause {
        StandardTableGroup (t1 : org.frcpm.models.Task) {
          primaryTableReference : tasks as t1_0
          TableGroupJoins {
            left  join LazyTableGroup (p1 : org.frcpm.models.Task.project) {
            }
            left  join LazyTableGroup (s1 : org.frcpm.models.Task.subsystem) {
            }
          }
        }
      }
    }

10:24:13.338 [main] DEBUG org.hibernate.persister.entity.AbstractEntityPersister - Static SQL for entity: org.frcpm.models.Task
10:24:13.338 [main] DEBUG org.hibernate.persister.entity.AbstractEntityPersister -  Version select: select id from tasks where id=?
10:24:13.338 [main] DEBUG org.hibernate.persister.entity.AbstractEntityPersister -  Insert (0): insert into tasks (actual_duration_seconds,completed,description,end_date,estimated_duration_seconds,priority,progress,project_id,start_date,subsystem_id,title,id) values (?,?,?,?,?,?,?,?,?,?,?,default)
10:24:13.338 [main] DEBUG org.hibernate.persister.entity.AbstractEntityPersister -  Update (0): update tasks set actual_duration_seconds=?,completed=?,description=?,end_date=?,estimated_duration_seconds=?,priority=?,progress=?,project_id=?,start_date=?,subsystem_id=?,title=? where id=?
10:24:13.338 [main] DEBUG org.hibernate.persister.entity.AbstractEntityPersister -  Delete (0): delete from tasks where id=?
10:24:13.338 [main] DEBUG org.hibernate.orm.sql.ast.create - Created new SQL alias : tm1_0
10:24:13.338 [main] DEBUG org.hibernate.orm.sql.ast.create - Registration of TableGroup [StandardTableGroup(org.frcpm.models.TeamMember)] with identifierForTableGroup [org.frcpm.models.TeamMember] for NavigablePath [org.frcpm.models.TeamMember] 
10:24:13.338 [main] DEBUG org.hibernate.orm.sql.ast.create - Registration of TableGroup [org.hibernate.sql.ast.tree.from.LazyTableGroup@536188c7] with identifierForTableGroup [org.frcpm.models.TeamMember.subteam] for NavigablePath [org.frcpm.models.TeamMember.subteam] 
10:24:13.338 [main] DEBUG org.hibernate.orm.results.graph.AST - DomainResult Graph:
 \-EntityResultImpl [org.frcpm.models.TeamMember]
 |  +-DelayedCollectionFetch [org.frcpm.models.TeamMember.assignedTasks]
 |  +-DelayedCollectionFetch [org.frcpm.models.TeamMember.attendances]
 |  +-BasicFetch [org.frcpm.models.TeamMember.email]
 |  +-BasicFetch [org.frcpm.models.TeamMember.firstName]
 |  +-BasicFetch [org.frcpm.models.TeamMember.lastName]
 |  +-BasicFetch [org.frcpm.models.TeamMember.leader]
 |  +-BasicFetch [org.frcpm.models.TeamMember.phone]
 |  +-BasicFetch [org.frcpm.models.TeamMember.skills]
 |  +-EntityDelayedFetchImpl [org.frcpm.models.TeamMember.subteam]
 |  \-BasicFetch [org.frcpm.models.TeamMember.username]

10:24:13.338 [main] DEBUG org.hibernate.orm.sql.ast.tree - SQL AST Tree:
    SelectStatement {
      FromClause {
        StandardTableGroup (tm1 : org.frcpm.models.TeamMember) {
          primaryTableReference : team_members as tm1_0
          TableGroupJoins {
            left  join LazyTableGroup (s1 : org.frcpm.models.TeamMember.subteam) {
            }
          }
        }
      }
    }

10:24:13.338 [main] DEBUG org.hibernate.persister.entity.AbstractEntityPersister - Static SQL for entity: org.frcpm.models.TeamMember
10:24:13.338 [main] DEBUG org.hibernate.persister.entity.AbstractEntityPersister -  Version select: select id from team_members where id=?
10:24:13.338 [main] DEBUG org.hibernate.persister.entity.AbstractEntityPersister -  Insert (0): insert into team_members (email,first_name,last_name,is_leader,phone,skills,subteam_id,username,id) values (?,?,?,?,?,?,?,?,default)
10:24:13.338 [main] DEBUG org.hibernate.persister.entity.AbstractEntityPersister -  Update (0): update team_members set email=?,first_name=?,last_name=?,is_leader=?,phone=?,skills=?,subteam_id=?,username=? where id=?
10:24:13.338 [main] DEBUG org.hibernate.persister.entity.AbstractEntityPersister -  Delete (0): delete from team_members where id=?
10:24:13.338 [main] DEBUG org.hibernate.orm.sql.ast.create - Created new SQL alias : at1_0
10:24:13.338 [main] DEBUG org.hibernate.orm.sql.ast.create - Registration of TableGroup [CollectionTableGroup(org.frcpm.models.Task.assignedTo)] with identifierForTableGroup [org.frcpm.models.Task.assignedTo] for NavigablePath [org.frcpm.models.Task.assignedTo] 
10:24:13.338 [main] DEBUG org.hibernate.orm.sql.ast.create - Registration of TableGroup [org.hibernate.sql.ast.tree.from.LazyTableGroup@33747649] with identifierForTableGroup [org.frcpm.models.Task.assignedTo.{element}] for NavigablePath [org.frcpm.models.Task.assignedTo.{element}] 
10:24:13.338 [main] DEBUG org.hibernate.orm.sql.ast.create - Created new SQL alias : at1_1
10:24:13.338 [main] DEBUG org.hibernate.orm.sql.ast.create - Registration of TableGroup [org.hibernate.sql.ast.tree.from.LazyTableGroup@18a9c76f] with identifierForTableGroup [org.frcpm.models.Task.assignedTo.{element}.subteam] for NavigablePath [org.frcpm.models.Task.assignedTo.{element}.subteam] 
10:24:13.338 [main] DEBUG org.hibernate.orm.results.graph.AST - DomainResult Graph:
 \-CollectionDomainResult [org.frcpm.models.Task.assignedTo]

10:24:13.338 [main] DEBUG org.hibernate.orm.sql.ast.tree - SQL AST Tree:
    SelectStatement {
      FromClause {
        CollectionTableGroup (at1 : org.frcpm.models.Task.assignedTo) {
          primaryTableReference : task_assignments as at1_0
          TableGroupJoins {
             join LazyTableGroup (at1 : org.frcpm.models.Task.assignedTo.{element}) {
              primaryTableReference : team_members as at1_1
              TableGroupJoins {
                left  join LazyTableGroup (s1 : org.frcpm.models.Task.assignedTo.{element}.subteam) {
                }
              }
            }
          }
        }
      }
    }

10:24:13.338 [main] DEBUG org.hibernate.orm.jdbc.mutation - Static SQL for collection: org.frcpm.models.Task.assignedTo
10:24:13.338 [main] DEBUG org.hibernate.orm.jdbc.mutation -  Row insert: insert into task_assignments (task_id,team_member_id) values (?,?)
10:24:13.338 [main] DEBUG org.hibernate.orm.jdbc.mutation -  Row delete: delete from task_assignments where task_id=? and team_member_id=?
10:24:13.339 [main] DEBUG org.hibernate.orm.jdbc.mutation -  One-shot delete: delete from task_assignments where task_id=?
10:24:13.339 [main] DEBUG org.hibernate.orm.sql.ast.create - Created new SQL alias : t1_0
10:24:13.339 [main] DEBUG org.hibernate.orm.sql.ast.create - Registration of TableGroup [org.hibernate.sql.ast.tree.from.OneToManyTableGroup@46dd1382] with identifierForTableGroup [org.frcpm.models.Subsystem.tasks] for NavigablePath [org.frcpm.models.Subsystem.tasks] 
10:24:13.339 [main] DEBUG org.hibernate.orm.sql.ast.create - Registration of TableGroup [StandardTableGroup(org.frcpm.models.Subsystem.tasks.{element})] with identifierForTableGroup [org.frcpm.models.Subsystem.tasks.{element}] for NavigablePath [org.frcpm.models.Subsystem.tasks.{element}] 
10:24:13.339 [main] DEBUG org.hibernate.orm.sql.ast.create - Registration of TableGroup [org.hibernate.sql.ast.tree.from.LazyTableGroup@60ba6a66] with identifierForTableGroup [org.frcpm.models.Subsystem.tasks.{element}.project] for NavigablePath [org.frcpm.models.Subsystem.tasks.{element}.project] 
10:24:13.339 [main] DEBUG org.hibernate.orm.sql.ast.create - Registration of TableGroup [org.hibernate.sql.ast.tree.from.LazyTableGroup@55fb92f8] with identifierForTableGroup [org.frcpm.models.Subsystem.tasks.{element}.subsystem] for NavigablePath [org.frcpm.models.Subsystem.tasks.{element}.subsystem] 
10:24:13.340 [main] DEBUG org.hibernate.orm.results.graph.AST - DomainResult Graph:
 \-CollectionDomainResult [org.frcpm.models.Subsystem.tasks]

10:24:13.340 [main] DEBUG org.hibernate.orm.sql.ast.tree - SQL AST Tree:
    SelectStatement {
      FromClause {
        OneToManyTableGroup (t1 : org.frcpm.models.Subsystem.tasks) {
          primaryTableReference : tasks as t1_0
          TableGroupJoins {
            left  join LazyTableGroup (p1 : org.frcpm.models.Subsystem.tasks.{element}.project) {
            }
            left  join LazyTableGroup (s1 : org.frcpm.models.Subsystem.tasks.{element}.subsystem) {
            }
          }
        }
      }
    }

10:24:13.340 [main] DEBUG org.hibernate.orm.jdbc.mutation - Static SQL for collection: org.frcpm.models.Subsystem.tasks
10:24:13.340 [main] DEBUG org.hibernate.orm.sql.ast.create - Created new SQL alias : m1_0
10:24:13.340 [main] DEBUG org.hibernate.orm.sql.ast.create - Registration of TableGroup [org.hibernate.sql.ast.tree.from.OneToManyTableGroup@484e7698] with identifierForTableGroup [org.frcpm.models.Subteam.members] for NavigablePath [org.frcpm.models.Subteam.members] 
10:24:13.340 [main] DEBUG org.hibernate.orm.sql.ast.create - Registration of TableGroup [StandardTableGroup(org.frcpm.models.Subteam.members.{element})] with identifierForTableGroup [org.frcpm.models.Subteam.members.{element}] for NavigablePath [org.frcpm.models.Subteam.members.{element}] 
10:24:13.340 [main] DEBUG org.hibernate.orm.sql.ast.create - Registration of TableGroup [org.hibernate.sql.ast.tree.from.LazyTableGroup@37f6292f] with identifierForTableGroup [org.frcpm.models.Subteam.members.{element}.subteam] for NavigablePath [org.frcpm.models.Subteam.members.{element}.subteam] 
10:24:13.340 [main] DEBUG org.hibernate.orm.results.graph.AST - DomainResult Graph:
 \-CollectionDomainResult [org.frcpm.models.Subteam.members]

10:24:13.340 [main] DEBUG org.hibernate.orm.sql.ast.tree - SQL AST Tree:
    SelectStatement {
      FromClause {
        OneToManyTableGroup (m1 : org.frcpm.models.Subteam.members) {
          primaryTableReference : team_members as m1_0
          TableGroupJoins {
            left  join LazyTableGroup (s1 : org.frcpm.models.Subteam.members.{element}.subteam) {
            }
          }
        }
      }
    }

10:24:13.340 [main] DEBUG org.hibernate.orm.jdbc.mutation - Static SQL for collection: org.frcpm.models.Subteam.members
10:24:13.340 [main] DEBUG org.hibernate.orm.sql.ast.create - Created new SQL alias : a1_0
10:24:13.340 [main] DEBUG org.hibernate.orm.sql.ast.create - Registration of TableGroup [org.hibernate.sql.ast.tree.from.OneToManyTableGroup@630cae95] with identifierForTableGroup [org.frcpm.models.TeamMember.attendances] for NavigablePath [org.frcpm.models.TeamMember.attendances] 
10:24:13.340 [main] DEBUG org.hibernate.orm.sql.ast.create - Registration of TableGroup [StandardTableGroup(org.frcpm.models.TeamMember.attendances.{element})] with identifierForTableGroup [org.frcpm.models.TeamMember.attendances.{element}] for NavigablePath [org.frcpm.models.TeamMember.attendances.{element}] 
10:24:13.341 [main] DEBUG org.hibernate.orm.sql.ast.create - Registration of TableGroup [org.hibernate.sql.ast.tree.from.LazyTableGroup@584dfeda] with identifierForTableGroup [org.frcpm.models.TeamMember.attendances.{element}.meeting] for NavigablePath [org.frcpm.models.TeamMember.attendances.{element}.meeting] 
10:24:13.341 [main] DEBUG org.hibernate.orm.sql.ast.create - Registration of TableGroup [org.hibernate.sql.ast.tree.from.LazyTableGroup@78cad1d1] with identifierForTableGroup [org.frcpm.models.TeamMember.attendances.{element}.member] for NavigablePath [org.frcpm.models.TeamMember.attendances.{element}.member] 
10:24:13.341 [main] DEBUG org.hibernate.orm.results.graph.AST - DomainResult Graph:
 \-CollectionDomainResult [org.frcpm.models.TeamMember.attendances]

10:24:13.341 [main] DEBUG org.hibernate.orm.sql.ast.tree - SQL AST Tree:
    SelectStatement {
      FromClause {
        OneToManyTableGroup (a1 : org.frcpm.models.TeamMember.attendances) {
          primaryTableReference : attendances as a1_0
          TableGroupJoins {
            left  join LazyTableGroup (m1 : org.frcpm.models.TeamMember.attendances.{element}.meeting) {
            }
            left  join LazyTableGroup (m2 : org.frcpm.models.TeamMember.attendances.{element}.member) {
            }
          }
        }
      }
    }

10:24:13.341 [main] DEBUG org.hibernate.orm.jdbc.mutation - Static SQL for collection: org.frcpm.models.TeamMember.attendances
10:24:13.341 [main] DEBUG org.hibernate.orm.sql.ast.create - Created new SQL alias : rc1_0
10:24:13.341 [main] DEBUG org.hibernate.orm.sql.ast.create - Registration of TableGroup [CollectionTableGroup(org.frcpm.models.Task.requiredComponents)] with identifierForTableGroup [org.frcpm.models.Task.requiredComponents] for NavigablePath [org.frcpm.models.Task.requiredComponents] 
10:24:13.341 [main] DEBUG org.hibernate.orm.sql.ast.create - Registration of TableGroup [org.hibernate.sql.ast.tree.from.LazyTableGroup@49b82a69] with identifierForTableGroup [org.frcpm.models.Task.requiredComponents.{element}] for NavigablePath [org.frcpm.models.Task.requiredComponents.{element}] 
10:24:13.341 [main] DEBUG org.hibernate.orm.sql.ast.create - Created new SQL alias : rc1_1
10:24:13.341 [main] DEBUG org.hibernate.orm.results.graph.AST - DomainResult Graph:
 \-CollectionDomainResult [org.frcpm.models.Task.requiredComponents]

10:24:13.341 [main] DEBUG org.hibernate.orm.sql.ast.tree - SQL AST Tree:
    SelectStatement {
      FromClause {
        CollectionTableGroup (rc1 : org.frcpm.models.Task.requiredComponents) {
          primaryTableReference : task_components as rc1_0
          TableGroupJoins {
             join LazyTableGroup (rc1 : org.frcpm.models.Task.requiredComponents.{element}) {
              primaryTableReference : components as rc1_1
            }
          }
        }
      }
    }

10:24:13.341 [main] DEBUG org.hibernate.orm.jdbc.mutation - Static SQL for collection: org.frcpm.models.Task.requiredComponents
10:24:13.341 [main] DEBUG org.hibernate.orm.jdbc.mutation -  Row insert: insert into task_components (task_id,component_id) values (?,?)
10:24:13.341 [main] DEBUG org.hibernate.orm.jdbc.mutation -  Row delete: delete from task_components where task_id=? and component_id=?
10:24:13.341 [main] DEBUG org.hibernate.orm.jdbc.mutation -  One-shot delete: delete from task_components where task_id=?
10:24:13.341 [main] DEBUG org.hibernate.orm.sql.ast.create - Created new SQL alias : s1_0
10:24:13.341 [main] DEBUG org.hibernate.orm.sql.ast.create - Registration of TableGroup [org.hibernate.sql.ast.tree.from.OneToManyTableGroup@33d42b0a] with identifierForTableGroup [org.frcpm.models.Subteam.subsystems] for NavigablePath [org.frcpm.models.Subteam.subsystems] 
10:24:13.341 [main] DEBUG org.hibernate.orm.sql.ast.create - Registration of TableGroup [StandardTableGroup(org.frcpm.models.Subteam.subsystems.{element})] with identifierForTableGroup [org.frcpm.models.Subteam.subsystems.{element}] for NavigablePath [org.frcpm.models.Subteam.subsystems.{element}] 
10:24:13.342 [main] DEBUG org.hibernate.orm.sql.ast.create - Registration of TableGroup [org.hibernate.sql.ast.tree.from.LazyTableGroup@20b9fdfe] with identifierForTableGroup [org.frcpm.models.Subteam.subsystems.{element}.responsibleSubteam] for NavigablePath [org.frcpm.models.Subteam.subsystems.{element}.responsibleSubteam] 
10:24:13.342 [main] DEBUG org.hibernate.orm.results.graph.AST - DomainResult Graph:
 \-CollectionDomainResult [org.frcpm.models.Subteam.subsystems]

10:24:13.342 [main] DEBUG org.hibernate.orm.sql.ast.tree - SQL AST Tree:
    SelectStatement {
      FromClause {
        OneToManyTableGroup (s1 : org.frcpm.models.Subteam.subsystems) {
          primaryTableReference : subsystems as s1_0
          TableGroupJoins {
            left  join LazyTableGroup (rs1 : org.frcpm.models.Subteam.subsystems.{element}.responsibleSubteam) {
            }
          }
        }
      }
    }

10:24:13.342 [main] DEBUG org.hibernate.orm.jdbc.mutation - Static SQL for collection: org.frcpm.models.Subteam.subsystems
10:24:13.342 [main] DEBUG org.hibernate.orm.sql.ast.create - Created new SQL alias : pd1_0
10:24:13.342 [main] DEBUG org.hibernate.orm.sql.ast.create - Registration of TableGroup [CollectionTableGroup(org.frcpm.models.Task.preDependencies)] with identifierForTableGroup [org.frcpm.models.Task.preDependencies] for NavigablePath [org.frcpm.models.Task.preDependencies] 
10:24:13.342 [main] DEBUG org.hibernate.orm.sql.ast.create - Registration of TableGroup [org.hibernate.sql.ast.tree.from.LazyTableGroup@304e5aec] with identifierForTableGroup [org.frcpm.models.Task.preDependencies.{element}] for NavigablePath [org.frcpm.models.Task.preDependencies.{element}] 
10:24:13.342 [main] DEBUG org.hibernate.orm.sql.ast.create - Created new SQL alias : pd1_1
10:24:13.343 [main] DEBUG org.hibernate.orm.sql.ast.create - Registration of TableGroup [org.hibernate.sql.ast.tree.from.LazyTableGroup@2250ab94] with identifierForTableGroup [org.frcpm.models.Task.preDependencies.{element}.project] for NavigablePath [org.frcpm.models.Task.preDependencies.{element}.project] 
10:24:13.343 [main] DEBUG org.hibernate.orm.sql.ast.create - Registration of TableGroup [org.hibernate.sql.ast.tree.from.LazyTableGroup@6abc37f4] with identifierForTableGroup [org.frcpm.models.Task.preDependencies.{element}.subsystem] for NavigablePath [org.frcpm.models.Task.preDependencies.{element}.subsystem] 
10:24:13.343 [main] DEBUG org.hibernate.orm.results.graph.AST - DomainResult Graph:
 \-CollectionDomainResult [org.frcpm.models.Task.preDependencies]

10:24:13.343 [main] DEBUG org.hibernate.orm.sql.ast.tree - SQL AST Tree:
    SelectStatement {
      FromClause {
        CollectionTableGroup (pd1 : org.frcpm.models.Task.preDependencies) {
          primaryTableReference : task_dependencies as pd1_0
          TableGroupJoins {
             join LazyTableGroup (pd1 : org.frcpm.models.Task.preDependencies.{element}) {
              primaryTableReference : tasks as pd1_1
              TableGroupJoins {
                left  join LazyTableGroup (p1 : org.frcpm.models.Task.preDependencies.{element}.project) {
                }
                left  join LazyTableGroup (s1 : org.frcpm.models.Task.preDependencies.{element}.subsystem) {
                }
              }
            }
          }
        }
      }
    }

10:24:13.343 [main] DEBUG org.hibernate.orm.jdbc.mutation - Static SQL for collection: org.frcpm.models.Task.preDependencies
10:24:13.343 [main] DEBUG org.hibernate.orm.jdbc.mutation -  Row insert: insert into task_dependencies (task_id,dependency_id) values (?,?)
10:24:13.343 [main] DEBUG org.hibernate.orm.jdbc.mutation -  Row delete: delete from task_dependencies where task_id=? and dependency_id=?
10:24:13.343 [main] DEBUG org.hibernate.orm.jdbc.mutation -  One-shot delete: delete from task_dependencies where task_id=?
10:24:13.343 [main] DEBUG org.hibernate.orm.sql.ast.create - Created new SQL alias : m1_0
10:24:13.343 [main] DEBUG org.hibernate.orm.sql.ast.create - Registration of TableGroup [org.hibernate.sql.ast.tree.from.OneToManyTableGroup@46823e4a] with identifierForTableGroup [org.frcpm.models.Project.milestones] for NavigablePath [org.frcpm.models.Project.milestones] 
10:24:13.343 [main] DEBUG org.hibernate.orm.sql.ast.create - Registration of TableGroup [StandardTableGroup(org.frcpm.models.Project.milestones.{element})] with identifierForTableGroup [org.frcpm.models.Project.milestones.{element}] for NavigablePath [org.frcpm.models.Project.milestones.{element}] 
10:24:13.343 [main] DEBUG org.hibernate.orm.sql.ast.create - Registration of TableGroup [org.hibernate.sql.ast.tree.from.LazyTableGroup@36a750d4] with identifierForTableGroup [org.frcpm.models.Project.milestones.{element}.project] for NavigablePath [org.frcpm.models.Project.milestones.{element}.project] 
10:24:13.344 [main] DEBUG org.hibernate.orm.results.graph.AST - DomainResult Graph:
 \-CollectionDomainResult [org.frcpm.models.Project.milestones]

10:24:13.344 [main] DEBUG org.hibernate.orm.sql.ast.tree - SQL AST Tree:
    SelectStatement {
      FromClause {
        OneToManyTableGroup (m1 : org.frcpm.models.Project.milestones) {
          primaryTableReference : milestones as m1_0
          TableGroupJoins {
            left  join LazyTableGroup (p1 : org.frcpm.models.Project.milestones.{element}.project) {
            }
          }
        }
      }
    }

10:24:13.344 [main] DEBUG org.hibernate.orm.jdbc.mutation - Static SQL for collection: org.frcpm.models.Project.milestones
10:24:13.344 [main] DEBUG org.hibernate.orm.sql.ast.create - Created new SQL alias : rft1_0
10:24:13.344 [main] DEBUG org.hibernate.orm.sql.ast.create - Registration of TableGroup [CollectionTableGroup(org.frcpm.models.Component.requiredForTasks)] with identifierForTableGroup [org.frcpm.models.Component.requiredForTasks] for NavigablePath [org.frcpm.models.Component.requiredForTasks] 
10:24:13.344 [main] DEBUG org.hibernate.orm.sql.ast.create - Registration of TableGroup [org.hibernate.sql.ast.tree.from.LazyTableGroup@1ca50e39] with identifierForTableGroup [org.frcpm.models.Component.requiredForTasks.{element}] for NavigablePath [org.frcpm.models.Component.requiredForTasks.{element}] 
10:24:13.344 [main] DEBUG org.hibernate.orm.sql.ast.create - Created new SQL alias : rft1_1
10:24:13.344 [main] DEBUG org.hibernate.orm.sql.ast.create - Registration of TableGroup [org.hibernate.sql.ast.tree.from.LazyTableGroup@4b821389] with identifierForTableGroup [org.frcpm.models.Component.requiredForTasks.{element}.project] for NavigablePath [org.frcpm.models.Component.requiredForTasks.{element}.project] 
10:24:13.344 [main] DEBUG org.hibernate.orm.sql.ast.create - Registration of TableGroup [org.hibernate.sql.ast.tree.from.LazyTableGroup@43a67f77] with identifierForTableGroup [org.frcpm.models.Component.requiredForTasks.{element}.subsystem] for NavigablePath [org.frcpm.models.Component.requiredForTasks.{element}.subsystem] 
10:24:13.344 [main] DEBUG org.hibernate.orm.results.graph.AST - DomainResult Graph:
 \-CollectionDomainResult [org.frcpm.models.Component.requiredForTasks]

10:24:13.344 [main] DEBUG org.hibernate.orm.sql.ast.tree - SQL AST Tree:
    SelectStatement {
      FromClause {
        CollectionTableGroup (rft1 : org.frcpm.models.Component.requiredForTasks) {
          primaryTableReference : task_components as rft1_0
          TableGroupJoins {
             join LazyTableGroup (rft1 : org.frcpm.models.Component.requiredForTasks.{element}) {
              primaryTableReference : tasks as rft1_1
              TableGroupJoins {
                left  join LazyTableGroup (p1 : org.frcpm.models.Component.requiredForTasks.{element}.project) {
                }
                left  join LazyTableGroup (s1 : org.frcpm.models.Component.requiredForTasks.{element}.subsystem) {
                }
              }
            }
          }
        }
      }
    }

10:24:13.344 [main] DEBUG org.hibernate.orm.jdbc.mutation - Static SQL for collection: org.frcpm.models.Component.requiredForTasks
10:24:13.344 [main] DEBUG org.hibernate.orm.sql.ast.create - Created new SQL alias : m1_0
10:24:13.344 [main] DEBUG org.hibernate.orm.sql.ast.create - Registration of TableGroup [org.hibernate.sql.ast.tree.from.OneToManyTableGroup@2c032ec6] with identifierForTableGroup [org.frcpm.models.Project.meetings] for NavigablePath [org.frcpm.models.Project.meetings] 
10:24:13.344 [main] DEBUG org.hibernate.orm.sql.ast.create - Registration of TableGroup [StandardTableGroup(org.frcpm.models.Project.meetings.{element})] with identifierForTableGroup [org.frcpm.models.Project.meetings.{element}] for NavigablePath [org.frcpm.models.Project.meetings.{element}] 
10:24:13.344 [main] DEBUG org.hibernate.orm.sql.ast.create - Registration of TableGroup [org.hibernate.sql.ast.tree.from.LazyTableGroup@15cbf9b8] with identifierForTableGroup [org.frcpm.models.Project.meetings.{element}.project] for NavigablePath [org.frcpm.models.Project.meetings.{element}.project] 
10:24:13.344 [main] DEBUG org.hibernate.orm.results.graph.AST - DomainResult Graph:
 \-CollectionDomainResult [org.frcpm.models.Project.meetings]

10:24:13.344 [main] DEBUG org.hibernate.orm.sql.ast.tree - SQL AST Tree:
    SelectStatement {
      FromClause {
        OneToManyTableGroup (m1 : org.frcpm.models.Project.meetings) {
          primaryTableReference : meetings as m1_0
          TableGroupJoins {
            left  join LazyTableGroup (p1 : org.frcpm.models.Project.meetings.{element}.project) {
            }
          }
        }
      }
    }

10:24:13.344 [main] DEBUG org.hibernate.orm.jdbc.mutation - Static SQL for collection: org.frcpm.models.Project.meetings
10:24:13.344 [main] DEBUG org.hibernate.orm.sql.ast.create - Created new SQL alias : at1_0
10:24:13.344 [main] DEBUG org.hibernate.orm.sql.ast.create - Registration of TableGroup [CollectionTableGroup(org.frcpm.models.TeamMember.assignedTasks)] with identifierForTableGroup [org.frcpm.models.TeamMember.assignedTasks] for NavigablePath [org.frcpm.models.TeamMember.assignedTasks] 
10:24:13.344 [main] DEBUG org.hibernate.orm.sql.ast.create - Registration of TableGroup [org.hibernate.sql.ast.tree.from.LazyTableGroup@21cb8174] with identifierForTableGroup [org.frcpm.models.TeamMember.assignedTasks.{element}] for NavigablePath [org.frcpm.models.TeamMember.assignedTasks.{element}] 
10:24:13.344 [main] DEBUG org.hibernate.orm.sql.ast.create - Created new SQL alias : at1_1
10:24:13.344 [main] DEBUG org.hibernate.orm.sql.ast.create - Registration of TableGroup [org.hibernate.sql.ast.tree.from.LazyTableGroup@148bee95] with identifierForTableGroup [org.frcpm.models.TeamMember.assignedTasks.{element}.project] for NavigablePath [org.frcpm.models.TeamMember.assignedTasks.{element}.project] 
10:24:13.344 [main] DEBUG org.hibernate.orm.sql.ast.create - Registration of TableGroup [org.hibernate.sql.ast.tree.from.LazyTableGroup@87ada05] with identifierForTableGroup [org.frcpm.models.TeamMember.assignedTasks.{element}.subsystem] for NavigablePath [org.frcpm.models.TeamMember.assignedTasks.{element}.subsystem] 
10:24:13.344 [main] DEBUG org.hibernate.orm.results.graph.AST - DomainResult Graph:
 \-CollectionDomainResult [org.frcpm.models.TeamMember.assignedTasks]

10:24:13.344 [main] DEBUG org.hibernate.orm.sql.ast.tree - SQL AST Tree:
    SelectStatement {
      FromClause {
        CollectionTableGroup (at1 : org.frcpm.models.TeamMember.assignedTasks) {
          primaryTableReference : task_assignments as at1_0
          TableGroupJoins {
             join LazyTableGroup (at1 : org.frcpm.models.TeamMember.assignedTasks.{element}) {
              primaryTableReference : tasks as at1_1
              TableGroupJoins {
                left  join LazyTableGroup (p1 : org.frcpm.models.TeamMember.assignedTasks.{element}.project) {
                }
                left  join LazyTableGroup (s1 : org.frcpm.models.TeamMember.assignedTasks.{element}.subsystem) {
                }
              }
            }
          }
        }
      }
    }

10:24:13.344 [main] DEBUG org.hibernate.orm.jdbc.mutation - Static SQL for collection: org.frcpm.models.TeamMember.assignedTasks
10:24:13.344 [main] DEBUG org.hibernate.orm.sql.ast.create - Created new SQL alias : a1_0
10:24:13.344 [main] DEBUG org.hibernate.orm.sql.ast.create - Registration of TableGroup [org.hibernate.sql.ast.tree.from.OneToManyTableGroup@3e738d34] with identifierForTableGroup [org.frcpm.models.Meeting.attendances] for NavigablePath [org.frcpm.models.Meeting.attendances] 
10:24:13.344 [main] DEBUG org.hibernate.orm.sql.ast.create - Registration of TableGroup [StandardTableGroup(org.frcpm.models.Meeting.attendances.{element})] with identifierForTableGroup [org.frcpm.models.Meeting.attendances.{element}] for NavigablePath [org.frcpm.models.Meeting.attendances.{element}] 
10:24:13.344 [main] DEBUG org.hibernate.orm.sql.ast.create - Registration of TableGroup [org.hibernate.sql.ast.tree.from.LazyTableGroup@5e482a84] with identifierForTableGroup [org.frcpm.models.Meeting.attendances.{element}.meeting] for NavigablePath [org.frcpm.models.Meeting.attendances.{element}.meeting] 
10:24:13.344 [main] DEBUG org.hibernate.orm.sql.ast.create - Registration of TableGroup [org.hibernate.sql.ast.tree.from.LazyTableGroup@4c65be20] with identifierForTableGroup [org.frcpm.models.Meeting.attendances.{element}.member] for NavigablePath [org.frcpm.models.Meeting.attendances.{element}.member] 
10:24:13.344 [main] DEBUG org.hibernate.orm.results.graph.AST - DomainResult Graph:
 \-CollectionDomainResult [org.frcpm.models.Meeting.attendances]

10:24:13.345 [main] DEBUG org.hibernate.orm.sql.ast.tree - SQL AST Tree:
    SelectStatement {
      FromClause {
        OneToManyTableGroup (a1 : org.frcpm.models.Meeting.attendances) {
          primaryTableReference : attendances as a1_0
          TableGroupJoins {
            left  join LazyTableGroup (m1 : org.frcpm.models.Meeting.attendances.{element}.meeting) {
            }
            left  join LazyTableGroup (m2 : org.frcpm.models.Meeting.attendances.{element}.member) {
            }
          }
        }
      }
    }

10:24:13.345 [main] DEBUG org.hibernate.orm.jdbc.mutation - Static SQL for collection: org.frcpm.models.Meeting.attendances
10:24:13.345 [main] DEBUG org.hibernate.orm.sql.ast.create - Created new SQL alias : pd1_0
10:24:13.345 [main] DEBUG org.hibernate.orm.sql.ast.create - Registration of TableGroup [CollectionTableGroup(org.frcpm.models.Task.postDependencies)] with identifierForTableGroup [org.frcpm.models.Task.postDependencies] for NavigablePath [org.frcpm.models.Task.postDependencies] 
10:24:13.345 [main] DEBUG org.hibernate.orm.sql.ast.create - Registration of TableGroup [org.hibernate.sql.ast.tree.from.LazyTableGroup@71de8be0] with identifierForTableGroup [org.frcpm.models.Task.postDependencies.{element}] for NavigablePath [org.frcpm.models.Task.postDependencies.{element}] 
10:24:13.345 [main] DEBUG org.hibernate.orm.sql.ast.create - Created new SQL alias : pd1_1
10:24:13.345 [main] DEBUG org.hibernate.orm.sql.ast.create - Registration of TableGroup [org.hibernate.sql.ast.tree.from.LazyTableGroup@124cddc8] with identifierForTableGroup [org.frcpm.models.Task.postDependencies.{element}.project] for NavigablePath [org.frcpm.models.Task.postDependencies.{element}.project] 
10:24:13.345 [main] DEBUG org.hibernate.orm.sql.ast.create - Registration of TableGroup [org.hibernate.sql.ast.tree.from.LazyTableGroup@71e38bf5] with identifierForTableGroup [org.frcpm.models.Task.postDependencies.{element}.subsystem] for NavigablePath [org.frcpm.models.Task.postDependencies.{element}.subsystem] 
10:24:13.345 [main] DEBUG org.hibernate.orm.results.graph.AST - DomainResult Graph:
 \-CollectionDomainResult [org.frcpm.models.Task.postDependencies]

10:24:13.345 [main] DEBUG org.hibernate.orm.sql.ast.tree - SQL AST Tree:
    SelectStatement {
      FromClause {
        CollectionTableGroup (pd1 : org.frcpm.models.Task.postDependencies) {
          primaryTableReference : task_dependencies as pd1_0
          TableGroupJoins {
             join LazyTableGroup (pd1 : org.frcpm.models.Task.postDependencies.{element}) {
              primaryTableReference : tasks as pd1_1
              TableGroupJoins {
                left  join LazyTableGroup (p1 : org.frcpm.models.Task.postDependencies.{element}.project) {
                }
                left  join LazyTableGroup (s1 : org.frcpm.models.Task.postDependencies.{element}.subsystem) {
                }
              }
            }
          }
        }
      }
    }

10:24:13.345 [main] DEBUG org.hibernate.orm.jdbc.mutation - Static SQL for collection: org.frcpm.models.Task.postDependencies
10:24:13.345 [main] DEBUG org.hibernate.orm.sql.ast.create - Created new SQL alias : t1_0
10:24:13.345 [main] DEBUG org.hibernate.orm.sql.ast.create - Registration of TableGroup [org.hibernate.sql.ast.tree.from.OneToManyTableGroup@31ae6b] with identifierForTableGroup [org.frcpm.models.Project.tasks] for NavigablePath [org.frcpm.models.Project.tasks] 
10:24:13.345 [main] DEBUG org.hibernate.orm.sql.ast.create - Registration of TableGroup [StandardTableGroup(org.frcpm.models.Project.tasks.{element})] with identifierForTableGroup [org.frcpm.models.Project.tasks.{element}] for NavigablePath [org.frcpm.models.Project.tasks.{element}] 
10:24:13.345 [main] DEBUG org.hibernate.orm.sql.ast.create - Registration of TableGroup [org.hibernate.sql.ast.tree.from.LazyTableGroup@3c9c227f] with identifierForTableGroup [org.frcpm.models.Project.tasks.{element}.project] for NavigablePath [org.frcpm.models.Project.tasks.{element}.project] 
10:24:13.345 [main] DEBUG org.hibernate.orm.sql.ast.create - Registration of TableGroup [org.hibernate.sql.ast.tree.from.LazyTableGroup@191fb52e] with identifierForTableGroup [org.frcpm.models.Project.tasks.{element}.subsystem] for NavigablePath [org.frcpm.models.Project.tasks.{element}.subsystem] 
10:24:13.345 [main] DEBUG org.hibernate.orm.results.graph.AST - DomainResult Graph:
 \-CollectionDomainResult [org.frcpm.models.Project.tasks]

10:24:13.345 [main] DEBUG org.hibernate.orm.sql.ast.tree - SQL AST Tree:
    SelectStatement {
      FromClause {
        OneToManyTableGroup (t1 : org.frcpm.models.Project.tasks) {
          primaryTableReference : tasks as t1_0
          TableGroupJoins {
            left  join LazyTableGroup (p1 : org.frcpm.models.Project.tasks.{element}.project) {
            }
            left  join LazyTableGroup (s1 : org.frcpm.models.Project.tasks.{element}.subsystem) {
            }
          }
        }
      }
    }

10:24:13.345 [main] DEBUG org.hibernate.orm.jdbc.mutation - Static SQL for collection: org.frcpm.models.Project.tasks
10:24:13.353 [main] DEBUG org.hibernate.type.spi.TypeConfiguration$Scope - Scoping TypeConfiguration [org.hibernate.type.spi.TypeConfiguration@7df7fef2] to SessionFactoryImplementor [org.hibernate.internal.SessionFactoryImpl@6f608880]
10:24:13.353 [main] DEBUG org.hibernate.query.named.NamedObjectRepository - Checking 0 named HQL queries
10:24:13.353 [main] DEBUG org.hibernate.query.named.NamedObjectRepository - Checking 0 named SQL queries
10:24:13.354 [main] DEBUG org.hibernate.mapping.Table - No alter strings for table : attendances
10:24:13.355 [main] DEBUG org.hibernate.SQL - alter table if exists components alter column description set data type TEXT
10:24:13.355 [main] DEBUG org.hibernate.SQL - alter table if exists meetings alter column notes set data type TEXT
10:24:13.356 [main] DEBUG org.hibernate.SQL - alter table if exists milestones alter column description set data type TEXT
10:24:13.356 [main] DEBUG org.hibernate.SQL - alter table if exists projects alter column description set data type TEXT
10:24:13.356 [main] DEBUG org.hibernate.SQL - alter table if exists subsystems alter column description set data type TEXT
10:24:13.356 [main] DEBUG org.hibernate.SQL - alter table if exists subteams alter column specialties set data type TEXT
10:24:13.357 [main] DEBUG org.hibernate.mapping.Table - No alter strings for table : task_assignments
10:24:13.357 [main] DEBUG org.hibernate.mapping.Table - No alter strings for table : task_components
10:24:13.357 [main] DEBUG org.hibernate.mapping.Table - No alter strings for table : task_dependencies
10:24:13.357 [main] DEBUG org.hibernate.SQL - alter table if exists tasks alter column description set data type TEXT
10:24:13.357 [main] DEBUG org.hibernate.SQL - alter table if exists team_members alter column skills set data type TEXT
10:24:13.357 [main] DEBUG org.hibernate.SQL - alter table if exists attendances drop constraint if exists UKa8ydr6vrgbux3a27v7enb0y3x
10:24:13.358 [main] DEBUG org.hibernate.SQL - alter table if exists attendances add constraint UKa8ydr6vrgbux3a27v7enb0y3x unique (meeting_id, member_id)
10:24:13.361 [main] DEBUG org.hibernate.internal.SessionFactoryRegistry - Registering SessionFactory: adf3e091-a206-4d44-b23b-0a177481a88f (<unnamed>)
10:24:13.361 [main] DEBUG org.hibernate.internal.SessionFactoryRegistry - Not binding SessionFactory to JNDI, no JNDI name configured
10:24:13.362 [main] DEBUG org.hibernate.internal.SessionFactoryImpl - Instantiated SessionFactory
10:24:13.362 [main] DEBUG org.hibernate.stat.internal.StatisticsInitiator - Statistics initialized [enabled=false]
10:24:13.363 [main] DEBUG org.hibernate.engine.transaction.internal.TransactionImpl - On TransactionImpl creation, JpaCompliance#isJpaTransactionComplianceEnabled == false
10:24:13.363 [main] DEBUG org.hibernate.engine.transaction.internal.TransactionImpl - begin
10:24:13.364 [main] DEBUG org.hibernate.engine.spi.ActionQueue - Executing identity-insert immediately
10:24:13.364 [main] DEBUG org.hibernate.SQL - insert into projects (description,goal_end_date,hard_deadline,name,start_date,id) values (?,?,?,?,?,default)
10:24:13.366 [main] DEBUG org.hibernate.orm.results - Initializer list is empty
10:24:13.366 [main] DEBUG org.hibernate.orm.results.loading - Calling top-level assembler (0 / 1) : org.hibernate.sql.results.graph.basic.BasicResultAssembler@406a46b7
10:24:13.366 [main] DEBUG org.hibernate.orm.results - Extracted JDBC value [0] - [161]
10:24:13.366 [main] DEBUG org.hibernate.id.IdentifierGeneratorHelper - Extracted generated values [org.frcpm.models.Project]: [Ljava.lang.Object;@29346a21
10:24:13.368 [main] DEBUG org.hibernate.event.internal.AbstractFlushingEventListener - Processing flush-time cascades
10:24:13.368 [main] DEBUG org.hibernate.event.internal.AbstractFlushingEventListener - Dirty checking collections
10:24:13.368 [main] DEBUG org.hibernate.engine.internal.Collections - Collection found: [org.frcpm.models.Project.meetings#161], was: [<unreferenced>] (initialized)
10:24:13.368 [main] DEBUG org.hibernate.engine.internal.Collections - Collection found: [org.frcpm.models.Project.milestones#161], was: [<unreferenced>] (initialized)
10:24:13.368 [main] DEBUG org.hibernate.engine.internal.Collections - Collection found: [org.frcpm.models.Project.tasks#161], was: [<unreferenced>] (initialized)
10:24:13.368 [main] DEBUG org.hibernate.event.internal.AbstractFlushingEventListener - Flushed: 0 insertions, 0 updates, 0 deletions to 1 objects
10:24:13.368 [main] DEBUG org.hibernate.event.internal.AbstractFlushingEventListener - Flushed: 3 (re)creations, 0 updates, 0 removals to 3 collections
10:24:13.368 [main] DEBUG org.hibernate.internal.util.EntityPrinter - Listing entities:
10:24:13.368 [main] DEBUG org.hibernate.internal.util.EntityPrinter - org.frcpm.models.Project{hardDeadline=2025-06-20, name=Test Attendance Project, description=null, meetings=[], id=161, goalEndDate=2025-06-06, milestones=[], startDate=2025-04-25, tasks=[]}
10:24:13.368 [main] DEBUG org.hibernate.engine.transaction.internal.TransactionImpl - committing
10:24:13.368 [main] DEBUG org.hibernate.event.internal.AbstractFlushingEventListener - Processing flush-time cascades
10:24:13.368 [main] DEBUG org.hibernate.event.internal.AbstractFlushingEventListener - Dirty checking collections
10:24:13.368 [main] DEBUG org.hibernate.engine.internal.Collections - Collection found: [org.frcpm.models.Project.meetings#161], was: [org.frcpm.models.Project.meetings#161] (initialized)
10:24:13.368 [main] DEBUG org.hibernate.engine.internal.Collections - Collection found: [org.frcpm.models.Project.milestones#161], was: [org.frcpm.models.Project.milestones#161] (initialized)
10:24:13.368 [main] DEBUG org.hibernate.engine.internal.Collections - Collection found: [org.frcpm.models.Project.tasks#161], was: [org.frcpm.models.Project.tasks#161] (initialized)
10:24:13.368 [main] DEBUG org.hibernate.event.internal.AbstractFlushingEventListener - Flushed: 0 insertions, 0 updates, 0 deletions to 1 objects
10:24:13.368 [main] DEBUG org.hibernate.event.internal.AbstractFlushingEventListener - Flushed: 0 (re)creations, 0 updates, 0 removals to 3 collections
10:24:13.368 [main] DEBUG org.hibernate.internal.util.EntityPrinter - Listing entities:
10:24:13.368 [main] DEBUG org.hibernate.internal.util.EntityPrinter - org.frcpm.models.Project{hardDeadline=2025-06-20, name=Test Attendance Project, description=null, meetings=[], id=161, goalEndDate=2025-06-06, milestones=[], startDate=2025-04-25, tasks=[]}
10:24:13.369 [main] DEBUG org.hibernate.resource.jdbc.internal.LogicalConnectionManagedImpl - Initiating JDBC connection release from afterTransaction
10:24:13.369 [main] DEBUG org.hibernate.resource.jdbc.internal.LogicalConnectionManagedImpl - Initiating JDBC connection release from afterTransaction
10:24:13.369 [main] DEBUG org.hibernate.engine.transaction.internal.TransactionImpl - On TransactionImpl creation, JpaCompliance#isJpaTransactionComplianceEnabled == false
10:24:13.369 [main] DEBUG org.hibernate.engine.transaction.internal.TransactionImpl - begin
10:24:13.369 [main] DEBUG org.hibernate.engine.spi.ActionQueue - Executing identity-insert immediately
10:24:13.369 [main] DEBUG org.hibernate.SQL - insert into meetings (date,end_time,notes,project_id,start_time,id) values (?,?,?,?,?,default)
10:24:13.370 [main] DEBUG org.hibernate.orm.results - Initializer list is empty
10:24:13.370 [main] DEBUG org.hibernate.orm.results.loading - Calling top-level assembler (0 / 1) : org.hibernate.sql.results.graph.basic.BasicResultAssembler@5d79037
10:24:13.370 [main] DEBUG org.hibernate.orm.results - Extracted JDBC value [0] - [93]
10:24:13.370 [main] DEBUG org.hibernate.id.IdentifierGeneratorHelper - Extracted generated values [org.frcpm.models.Meeting]: [Ljava.lang.Object;@76308d9a
10:24:13.370 [main] DEBUG org.hibernate.event.internal.AbstractFlushingEventListener - Processing flush-time cascades
10:24:13.370 [main] DEBUG org.hibernate.event.internal.AbstractFlushingEventListener - Dirty checking collections
10:24:13.370 [main] DEBUG org.hibernate.engine.internal.Collections - Collection found: [org.frcpm.models.Meeting.attendances#93], was: [<unreferenced>] (initialized)
10:24:13.370 [main] DEBUG org.hibernate.event.internal.AbstractFlushingEventListener - Flushed: 0 insertions, 0 updates, 0 deletions to 1 objects
10:24:13.370 [main] DEBUG org.hibernate.event.internal.AbstractFlushingEventListener - Flushed: 1 (re)creations, 0 updates, 0 removals to 1 collections
10:24:13.370 [main] DEBUG org.hibernate.internal.util.EntityPrinter - Listing entities:
10:24:13.370 [main] DEBUG org.hibernate.internal.util.EntityPrinter - org.frcpm.models.Meeting{date=2025-04-26, notes=null, project=org.frcpm.models.Project#161, startTime=18:00, id=93, endTime=20:00, attendances=[]}
10:24:13.370 [main] DEBUG org.hibernate.engine.transaction.internal.TransactionImpl - committing
10:24:13.370 [main] DEBUG org.hibernate.event.internal.AbstractFlushingEventListener - Processing flush-time cascades
10:24:13.370 [main] DEBUG org.hibernate.event.internal.AbstractFlushingEventListener - Dirty checking collections
10:24:13.370 [main] DEBUG org.hibernate.engine.internal.Collections - Collection found: [org.frcpm.models.Meeting.attendances#93], was: [org.frcpm.models.Meeting.attendances#93] (initialized)
10:24:13.370 [main] DEBUG org.hibernate.event.internal.AbstractFlushingEventListener - Flushed: 0 insertions, 0 updates, 0 deletions to 1 objects
10:24:13.370 [main] DEBUG org.hibernate.event.internal.AbstractFlushingEventListener - Flushed: 0 (re)creations, 0 updates, 0 removals to 1 collections
10:24:13.370 [main] DEBUG org.hibernate.internal.util.EntityPrinter - Listing entities:
10:24:13.370 [main] DEBUG org.hibernate.internal.util.EntityPrinter - org.frcpm.models.Meeting{date=2025-04-26, notes=null, project=org.frcpm.models.Project#161, startTime=18:00, id=93, endTime=20:00, attendances=[]}
10:24:13.370 [main] DEBUG org.hibernate.resource.jdbc.internal.LogicalConnectionManagedImpl - Initiating JDBC connection release from afterTransaction
10:24:13.370 [main] DEBUG org.hibernate.resource.jdbc.internal.LogicalConnectionManagedImpl - Initiating JDBC connection release from afterTransaction
10:24:13.370 [main] DEBUG org.hibernate.engine.transaction.internal.TransactionImpl - On TransactionImpl creation, JpaCompliance#isJpaTransactionComplianceEnabled == false
10:24:13.370 [main] DEBUG org.hibernate.engine.transaction.internal.TransactionImpl - begin
10:24:13.370 [main] DEBUG org.hibernate.engine.spi.ActionQueue - Executing identity-insert immediately
10:24:13.371 [main] DEBUG org.hibernate.SQL - insert into team_members (email,first_name,last_name,is_leader,phone,skills,subteam_id,username,id) values (?,?,?,?,?,?,?,?,default)
10:24:13.372 [main] DEBUG org.hibernate.orm.results - Initializer list is empty
10:24:13.372 [main] DEBUG org.hibernate.orm.results.loading - Calling top-level assembler (0 / 1) : org.hibernate.sql.results.graph.basic.BasicResultAssembler@5d514625
10:24:13.372 [main] DEBUG org.hibernate.orm.results - Extracted JDBC value [0] - [143]
10:24:13.372 [main] DEBUG org.hibernate.id.IdentifierGeneratorHelper - Extracted generated values [org.frcpm.models.TeamMember]: [Ljava.lang.Object;@414ababa
10:24:13.372 [main] DEBUG org.hibernate.event.internal.AbstractFlushingEventListener - Processing flush-time cascades
10:24:13.372 [main] DEBUG org.hibernate.event.internal.AbstractFlushingEventListener - Dirty checking collections
10:24:13.372 [main] DEBUG org.hibernate.engine.internal.Collections - Collection found: [org.frcpm.models.TeamMember.assignedTasks#143], was: [<unreferenced>] (initialized)
10:24:13.372 [main] DEBUG org.hibernate.engine.internal.Collections - Collection found: [org.frcpm.models.TeamMember.attendances#143], was: [<unreferenced>] (initialized)
10:24:13.373 [main] DEBUG org.hibernate.event.internal.AbstractFlushingEventListener - Flushed: 0 insertions, 0 updates, 0 deletions to 1 objects
10:24:13.373 [main] DEBUG org.hibernate.event.internal.AbstractFlushingEventListener - Flushed: 2 (re)creations, 0 updates, 0 removals to 2 collections
10:24:13.373 [main] DEBUG org.hibernate.internal.util.EntityPrinter - Listing entities:
10:24:13.373 [main] DEBUG org.hibernate.internal.util.EntityPrinter - org.frcpm.models.TeamMember{skills=null, firstName=Attendance, lastName=Test1, leader=false, subteam=null, phone=null, id=143, attendances=[], email=attendance1@example.com, assignedTasks=[], username=attendancetest1}
10:24:13.373 [main] DEBUG org.hibernate.engine.transaction.internal.TransactionImpl - committing
10:24:13.373 [main] DEBUG org.hibernate.event.internal.AbstractFlushingEventListener - Processing flush-time cascades
10:24:13.373 [main] DEBUG org.hibernate.event.internal.AbstractFlushingEventListener - Dirty checking collections
10:24:13.373 [main] DEBUG org.hibernate.engine.internal.Collections - Collection found: [org.frcpm.models.TeamMember.assignedTasks#143], was: [org.frcpm.models.TeamMember.assignedTasks#143] (initialized)
10:24:13.373 [main] DEBUG org.hibernate.engine.internal.Collections - Collection found: [org.frcpm.models.TeamMember.attendances#143], was: [org.frcpm.models.TeamMember.attendances#143] (initialized)
10:24:13.373 [main] DEBUG org.hibernate.event.internal.AbstractFlushingEventListener - Flushed: 0 insertions, 0 updates, 0 deletions to 1 objects
10:24:13.373 [main] DEBUG org.hibernate.event.internal.AbstractFlushingEventListener - Flushed: 0 (re)creations, 0 updates, 0 removals to 2 collections
10:24:13.373 [main] DEBUG org.hibernate.internal.util.EntityPrinter - Listing entities:
10:24:13.373 [main] DEBUG org.hibernate.internal.util.EntityPrinter - org.frcpm.models.TeamMember{skills=null, firstName=Attendance, lastName=Test1, leader=false, subteam=null, phone=null, id=143, attendances=[], email=attendance1@example.com, assignedTasks=[], username=attendancetest1}
10:24:13.373 [main] DEBUG org.hibernate.resource.jdbc.internal.LogicalConnectionManagedImpl - Initiating JDBC connection release from afterTransaction
10:24:13.373 [main] DEBUG org.hibernate.resource.jdbc.internal.LogicalConnectionManagedImpl - Initiating JDBC connection release from afterTransaction
10:24:13.373 [main] DEBUG org.hibernate.engine.transaction.internal.TransactionImpl - On TransactionImpl creation, JpaCompliance#isJpaTransactionComplianceEnabled == false
10:24:13.373 [main] DEBUG org.hibernate.engine.transaction.internal.TransactionImpl - begin
10:24:13.374 [main] DEBUG org.hibernate.engine.spi.ActionQueue - Executing identity-insert immediately
10:24:13.374 [main] DEBUG org.hibernate.SQL - insert into team_members (email,first_name,last_name,is_leader,phone,skills,subteam_id,username,id) values (?,?,?,?,?,?,?,?,default)
10:24:13.374 [main] DEBUG org.hibernate.orm.results - Initializer list is empty
10:24:13.374 [main] DEBUG org.hibernate.orm.results.loading - Calling top-level assembler (0 / 1) : org.hibernate.sql.results.graph.basic.BasicResultAssembler@6ed66fe8
10:24:13.374 [main] DEBUG org.hibernate.orm.results - Extracted JDBC value [0] - [144]
10:24:13.374 [main] DEBUG org.hibernate.id.IdentifierGeneratorHelper - Extracted generated values [org.frcpm.models.TeamMember]: [Ljava.lang.Object;@128a9f4a
10:24:13.374 [main] DEBUG org.hibernate.event.internal.AbstractFlushingEventListener - Processing flush-time cascades
10:24:13.374 [main] DEBUG org.hibernate.event.internal.AbstractFlushingEventListener - Dirty checking collections
10:24:13.374 [main] DEBUG org.hibernate.engine.internal.Collections - Collection found: [org.frcpm.models.TeamMember.assignedTasks#144], was: [<unreferenced>] (initialized)
10:24:13.374 [main] DEBUG org.hibernate.engine.internal.Collections - Collection found: [org.frcpm.models.TeamMember.attendances#144], was: [<unreferenced>] (initialized)
10:24:13.374 [main] DEBUG org.hibernate.event.internal.AbstractFlushingEventListener - Flushed: 0 insertions, 0 updates, 0 deletions to 1 objects
10:24:13.374 [main] DEBUG org.hibernate.event.internal.AbstractFlushingEventListener - Flushed: 2 (re)creations, 0 updates, 0 removals to 2 collections
10:24:13.374 [main] DEBUG org.hibernate.internal.util.EntityPrinter - Listing entities:
10:24:13.374 [main] DEBUG org.hibernate.internal.util.EntityPrinter - org.frcpm.models.TeamMember{skills=null, firstName=Attendance, lastName=Test2, leader=false, subteam=null, phone=null, id=144, attendances=[], email=attendance2@example.com, assignedTasks=[], username=attendancetest2}
10:24:13.374 [main] DEBUG org.hibernate.engine.transaction.internal.TransactionImpl - committing
10:24:13.375 [main] DEBUG org.hibernate.event.internal.AbstractFlushingEventListener - Processing flush-time cascades
10:24:13.375 [main] DEBUG org.hibernate.event.internal.AbstractFlushingEventListener - Dirty checking collections
10:24:13.375 [main] DEBUG org.hibernate.engine.internal.Collections - Collection found: [org.frcpm.models.TeamMember.assignedTasks#144], was: [org.frcpm.models.TeamMember.assignedTasks#144] (initialized)
10:24:13.375 [main] DEBUG org.hibernate.engine.internal.Collections - Collection found: [org.frcpm.models.TeamMember.attendances#144], was: [org.frcpm.models.TeamMember.attendances#144] (initialized)
10:24:13.375 [main] DEBUG org.hibernate.event.internal.AbstractFlushingEventListener - Flushed: 0 insertions, 0 updates, 0 deletions to 1 objects
10:24:13.375 [main] DEBUG org.hibernate.event.internal.AbstractFlushingEventListener - Flushed: 0 (re)creations, 0 updates, 0 removals to 2 collections
10:24:13.375 [main] DEBUG org.hibernate.internal.util.EntityPrinter - Listing entities:
10:24:13.375 [main] DEBUG org.hibernate.internal.util.EntityPrinter - org.frcpm.models.TeamMember{skills=null, firstName=Attendance, lastName=Test2, leader=false, subteam=null, phone=null, id=144, attendances=[], email=attendance2@example.com, assignedTasks=[], username=attendancetest2}
10:24:13.375 [main] DEBUG org.hibernate.resource.jdbc.internal.LogicalConnectionManagedImpl - Initiating JDBC connection release from afterTransaction
10:24:13.375 [main] DEBUG org.hibernate.resource.jdbc.internal.LogicalConnectionManagedImpl - Initiating JDBC connection release from afterTransaction
10:24:13.375 [main] DEBUG org.hibernate.engine.transaction.internal.TransactionImpl - On TransactionImpl creation, JpaCompliance#isJpaTransactionComplianceEnabled == false
10:24:13.375 [main] DEBUG org.hibernate.engine.transaction.internal.TransactionImpl - begin
10:24:13.375 [main] DEBUG org.hibernate.engine.spi.ActionQueue - Executing identity-insert immediately
10:24:13.375 [main] DEBUG org.hibernate.SQL - insert into attendances (arrival_time,departure_time,meeting_id,member_id,present,id) values (?,?,?,?,?,default)
10:24:13.376 [main] DEBUG org.hibernate.orm.results - Initializer list is empty
10:24:13.376 [main] DEBUG org.hibernate.orm.results.loading - Calling top-level assembler (0 / 1) : org.hibernate.sql.results.graph.basic.BasicResultAssembler@2b3cdca4
10:24:13.376 [main] DEBUG org.hibernate.orm.results - Extracted JDBC value [0] - [86]
10:24:13.376 [main] DEBUG org.hibernate.id.IdentifierGeneratorHelper - Extracted generated values [org.frcpm.models.Attendance]: [Ljava.lang.Object;@1f3615f7
10:24:13.376 [main] DEBUG org.hibernate.event.internal.AbstractFlushingEventListener - Processing flush-time cascades
10:24:13.376 [main] DEBUG org.hibernate.event.internal.AbstractFlushingEventListener - Dirty checking collections
10:24:13.376 [main] DEBUG org.hibernate.event.internal.AbstractFlushingEventListener - Flushed: 0 insertions, 0 updates, 0 deletions to 1 objects
10:24:13.376 [main] DEBUG org.hibernate.event.internal.AbstractFlushingEventListener - Flushed: 0 (re)creations, 0 updates, 0 removals to 0 collections
10:24:13.376 [main] DEBUG org.hibernate.internal.util.EntityPrinter - Listing entities:
10:24:13.376 [main] DEBUG org.hibernate.internal.util.EntityPrinter - org.frcpm.models.Attendance{departureTime=20:00, arrivalTime=18:00, member=org.frcpm.models.TeamMember#143, id=86, present=true, meeting=org.frcpm.models.Meeting#93}
10:24:13.376 [main] DEBUG org.hibernate.engine.transaction.internal.TransactionImpl - committing
10:24:13.376 [main] DEBUG org.hibernate.event.internal.AbstractFlushingEventListener - Processing flush-time cascades
10:24:13.376 [main] DEBUG org.hibernate.event.internal.AbstractFlushingEventListener - Dirty checking collections
10:24:13.376 [main] DEBUG org.hibernate.event.internal.AbstractFlushingEventListener - Flushed: 0 insertions, 0 updates, 0 deletions to 1 objects
10:24:13.376 [main] DEBUG org.hibernate.event.internal.AbstractFlushingEventListener - Flushed: 0 (re)creations, 0 updates, 0 removals to 0 collections
10:24:13.376 [main] DEBUG org.hibernate.internal.util.EntityPrinter - Listing entities:
10:24:13.376 [main] DEBUG org.hibernate.internal.util.EntityPrinter - org.frcpm.models.Attendance{departureTime=20:00, arrivalTime=18:00, member=org.frcpm.models.TeamMember#143, id=86, present=true, meeting=org.frcpm.models.Meeting#93}
10:24:13.377 [main] DEBUG org.hibernate.resource.jdbc.internal.LogicalConnectionManagedImpl - Initiating JDBC connection release from afterTransaction
10:24:13.377 [main] DEBUG org.hibernate.resource.jdbc.internal.LogicalConnectionManagedImpl - Initiating JDBC connection release from afterTransaction
10:24:13.377 [main] DEBUG org.hibernate.engine.transaction.internal.TransactionImpl - On TransactionImpl creation, JpaCompliance#isJpaTransactionComplianceEnabled == false
10:24:13.377 [main] DEBUG org.hibernate.engine.transaction.internal.TransactionImpl - begin
10:24:13.377 [main] DEBUG org.hibernate.engine.spi.ActionQueue - Executing identity-insert immediately
10:24:13.377 [main] DEBUG org.hibernate.SQL - insert into attendances (arrival_time,departure_time,meeting_id,member_id,present,id) values (?,?,?,?,?,default)
10:24:13.378 [main] DEBUG org.hibernate.orm.results - Initializer list is empty
10:24:13.378 [main] DEBUG org.hibernate.orm.results.loading - Calling top-level assembler (0 / 1) : org.hibernate.sql.results.graph.basic.BasicResultAssembler@3174655e
10:24:13.378 [main] DEBUG org.hibernate.orm.results - Extracted JDBC value [0] - [87]
10:24:13.378 [main] DEBUG org.hibernate.id.IdentifierGeneratorHelper - Extracted generated values [org.frcpm.models.Attendance]: [Ljava.lang.Object;@3eba2df9
10:24:13.378 [main] DEBUG org.hibernate.event.internal.AbstractFlushingEventListener - Processing flush-time cascades
10:24:13.378 [main] DEBUG org.hibernate.event.internal.AbstractFlushingEventListener - Dirty checking collections
10:24:13.378 [main] DEBUG org.hibernate.event.internal.AbstractFlushingEventListener - Flushed: 0 insertions, 0 updates, 0 deletions to 1 objects
10:24:13.378 [main] DEBUG org.hibernate.event.internal.AbstractFlushingEventListener - Flushed: 0 (re)creations, 0 updates, 0 removals to 0 collections
10:24:13.378 [main] DEBUG org.hibernate.internal.util.EntityPrinter - Listing entities:
10:24:13.378 [main] DEBUG org.hibernate.internal.util.EntityPrinter - org.frcpm.models.Attendance{departureTime=null, arrivalTime=null, member=org.frcpm.models.TeamMember#144, id=87, present=false, meeting=org.frcpm.models.Meeting#93}
10:24:13.378 [main] DEBUG org.hibernate.engine.transaction.internal.TransactionImpl - committing
10:24:13.378 [main] DEBUG org.hibernate.event.internal.AbstractFlushingEventListener - Processing flush-time cascades
10:24:13.378 [main] DEBUG org.hibernate.event.internal.AbstractFlushingEventListener - Dirty checking collections
10:24:13.378 [main] DEBUG org.hibernate.event.internal.AbstractFlushingEventListener - Flushed: 0 insertions, 0 updates, 0 deletions to 1 objects
10:24:13.378 [main] DEBUG org.hibernate.event.internal.AbstractFlushingEventListener - Flushed: 0 (re)creations, 0 updates, 0 removals to 0 collections
10:24:13.378 [main] DEBUG org.hibernate.internal.util.EntityPrinter - Listing entities:
10:24:13.378 [main] DEBUG org.hibernate.internal.util.EntityPrinter - org.frcpm.models.Attendance{departureTime=null, arrivalTime=null, member=org.frcpm.models.TeamMember#144, id=87, present=false, meeting=org.frcpm.models.Meeting#93}
10:24:13.379 [main] DEBUG org.hibernate.resource.jdbc.internal.LogicalConnectionManagedImpl - Initiating JDBC connection release from afterTransaction
10:24:13.379 [main] DEBUG org.hibernate.resource.jdbc.internal.LogicalConnectionManagedImpl - Initiating JDBC connection release from afterTransaction
10:24:13.379 [main] DEBUG org.hibernate.orm.sql.ast.create - Created new SQL alias : a1_0
10:24:13.379 [main] DEBUG org.hibernate.orm.sql.ast.create - Registration of TableGroup [StandardTableGroup(org.frcpm.models.Attendance(959669665535200))] with identifierForTableGroup [org.frcpm.models.Attendance] for NavigablePath [org.frcpm.models.Attendance] 
10:24:13.380 [main] DEBUG org.hibernate.orm.sql.ast.create - Registration of TableGroup [org.hibernate.sql.ast.tree.from.LazyTableGroup@71cbb1f] with identifierForTableGroup [org.frcpm.models.Attendance.meeting] for NavigablePath [org.frcpm.models.Attendance.meeting] 
10:24:13.381 [main] DEBUG org.hibernate.orm.sql.ast.create - Registration of TableGroup [org.hibernate.sql.ast.tree.from.LazyTableGroup@735a9993] with identifierForTableGroup [org.frcpm.models.Attendance.member] for NavigablePath [org.frcpm.models.Attendance.member] 
10:24:13.381 [main] DEBUG org.hibernate.orm.results.graph.AST - DomainResult Graph:
 \-EntityResultImpl [org.frcpm.models.Attendance(959669665535200)]
 |  +-BasicFetch [org.frcpm.models.Attendance(959669665535200).arrivalTime]
 |  +-BasicFetch [org.frcpm.models.Attendance(959669665535200).departureTime]
 |  +-CircularFetchImpl [org.frcpm.models.Attendance(959669665535200).meeting]
 |  +-CircularFetchImpl [org.frcpm.models.Attendance(959669665535200).member]
 |  \-BasicFetch [org.frcpm.models.Attendance(959669665535200).present]

10:24:13.381 [main] DEBUG org.hibernate.orm.sql.ast.tree - SQL AST Tree:
    SelectStatement {
      FromClause {
        StandardTableGroup (a1 : org.frcpm.models.Attendance(959669665535200)) {
          primaryTableReference : attendances as a1_0
          TableGroupJoins {
            left  join LazyTableGroup (m1 : org.frcpm.models.Attendance(959669665535200).meeting) {
            }
            left  join LazyTableGroup (m2 : org.frcpm.models.Attendance(959669665535200).member) {
            }
          }
        }
      }
    }

10:24:13.381 [main] DEBUG org.hibernate.orm.sql.exec - Skipping reading Query result cache data: cache-enabled = false, cache-mode = NORMAL
10:24:13.381 [main] DEBUG org.hibernate.orm.results - Initializer list:
	  org.frcpm.models.Attendance(959669665535200) -> EntityResultInitializer(org.frcpm.models.Attendance(959669665535200))@1198838728 (SingleTableEntityPersister(org.frcpm.models.Attendance))
	  org.frcpm.models.Attendance(959669665535200).member -> EntityDelayedFetchInitializer(org.frcpm.models.Attendance(959669665535200).member)@626154618 (ToOneAttributeMapping(NavigableRole[org.frcpm.models.Attendance.member])@1318975647)
	  org.frcpm.models.Attendance(959669665535200).meeting -> EntityDelayedFetchInitializer(org.frcpm.models.Attendance(959669665535200).meeting)@1764517598 (ToOneAttributeMapping(NavigableRole[org.frcpm.models.Attendance.meeting])@136778400)

10:24:13.381 [main] DEBUG org.hibernate.SQL - select a1_0.id,a1_0.arrival_time,a1_0.departure_time,a1_0.meeting_id,a1_0.member_id,a1_0.present from attendances a1_0
10:24:13.383 [main] DEBUG org.hibernate.orm.results - Extracted JDBC value [0] - [1]
10:24:13.383 [main] DEBUG org.hibernate.orm.results.loading.entity - (EntityResultInitializer) Hydrated EntityKey (org.frcpm.models.Attendance(959669665535200)): 1
10:24:13.383 [main] DEBUG org.hibernate.orm.results.loading.entity - (EntityResultInitializer) Created new entity instance [org.frcpm.models.Attendance(959669665535200)#1] : 340393914
10:24:13.383 [main] DEBUG org.hibernate.orm.results - Extracted JDBC value [3] - [1]
10:24:13.384 [main] DEBUG org.hibernate.orm.results - Extracted JDBC value [4] - [1]
10:24:13.384 [main] DEBUG org.hibernate.orm.results - Extracted JDBC value [1] - [09:00]
10:24:13.384 [main] DEBUG org.hibernate.orm.results - Extracted JDBC value [2] - [16:00]
10:24:13.385 [main] DEBUG org.hibernate.orm.results - Extracted JDBC value [5] - [true]
10:24:13.385 [main] DEBUG org.hibernate.orm.results.loading.entity - (EntityResultInitializer) Done materializing entityInstance : org.frcpm.models.Attendance(959669665535200)#1
10:24:13.385 [main] DEBUG org.hibernate.orm.results.loading - Calling top-level assembler (0 / 1) : org.hibernate.sql.results.graph.entity.internal.EntityAssembler@244b5d81
10:24:13.385 [main] DEBUG org.hibernate.orm.results - Extracted JDBC value [0] - [2]
10:24:13.385 [main] DEBUG org.hibernate.orm.results.loading.entity - (EntityResultInitializer) Hydrated EntityKey (org.frcpm.models.Attendance(959669665535200)): 2
10:24:13.385 [main] DEBUG org.hibernate.orm.results.loading.entity - (EntityResultInitializer) Created new entity instance [org.frcpm.models.Attendance(959669665535200)#2] : 313439476
10:24:13.385 [main] DEBUG org.hibernate.orm.results - Extracted JDBC value [3] - [1]
10:24:13.385 [main] DEBUG org.hibernate.orm.results - Extracted JDBC value [4] - [2]
10:24:13.385 [main] DEBUG org.hibernate.orm.results - Extracted JDBC value [1] - [09:00]
10:24:13.385 [main] DEBUG org.hibernate.orm.results - Extracted JDBC value [2] - [16:00]
10:24:13.385 [main] DEBUG org.hibernate.orm.results - Extracted JDBC value [5] - [true]
10:24:13.385 [main] DEBUG org.hibernate.orm.results.loading.entity - (EntityResultInitializer) Done materializing entityInstance : org.frcpm.models.Attendance(959669665535200)#2
10:24:13.385 [main] DEBUG org.hibernate.orm.results.loading - Calling top-level assembler (0 / 1) : org.hibernate.sql.results.graph.entity.internal.EntityAssembler@244b5d81
10:24:13.385 [main] DEBUG org.hibernate.orm.results - Extracted JDBC value [0] - [3]
10:24:13.385 [main] DEBUG org.hibernate.orm.results.loading.entity - (EntityResultInitializer) Hydrated EntityKey (org.frcpm.models.Attendance(959669665535200)): 3
10:24:13.385 [main] DEBUG org.hibernate.orm.results.loading.entity - (EntityResultInitializer) Created new entity instance [org.frcpm.models.Attendance(959669665535200)#3] : 1201919520
10:24:13.385 [main] DEBUG org.hibernate.orm.results - Extracted JDBC value [3] - [1]
10:24:13.385 [main] DEBUG org.hibernate.orm.results - Extracted JDBC value [4] - [3]
10:24:13.385 [main] DEBUG org.hibernate.orm.results - Extracted JDBC value [1] - [09:15]
10:24:13.385 [main] DEBUG org.hibernate.orm.results - Extracted JDBC value [2] - [16:00]
10:24:13.385 [main] DEBUG org.hibernate.orm.results - Extracted JDBC value [5] - [true]
10:24:13.385 [main] DEBUG org.hibernate.orm.results.loading.entity - (EntityResultInitializer) Done materializing entityInstance : org.frcpm.models.Attendance(959669665535200)#3
10:24:13.385 [main] DEBUG org.hibernate.orm.results.loading - Calling top-level assembler (0 / 1) : org.hibernate.sql.results.graph.entity.internal.EntityAssembler@244b5d81
10:24:13.385 [main] DEBUG org.hibernate.orm.results - Extracted JDBC value [0] - [4]
10:24:13.385 [main] DEBUG org.hibernate.orm.results.loading.entity - (EntityResultInitializer) Hydrated EntityKey (org.frcpm.models.Attendance(959669665535200)): 4
10:24:13.385 [main] DEBUG org.hibernate.orm.results.loading.entity - (EntityResultInitializer) Created new entity instance [org.frcpm.models.Attendance(959669665535200)#4] : 474764609
10:24:13.385 [main] DEBUG org.hibernate.orm.results - Extracted JDBC value [3] - [1]
10:24:13.385 [main] DEBUG org.hibernate.orm.results - Extracted JDBC value [4] - [4]
10:24:13.385 [main] DEBUG org.hibernate.orm.results - Extracted JDBC value [1] - [09:00]
10:24:13.385 [main] DEBUG org.hibernate.orm.results - Extracted JDBC value [2] - [16:00]
10:24:13.385 [main] DEBUG org.hibernate.orm.results - Extracted JDBC value [5] - [true]
10:24:13.385 [main] DEBUG org.hibernate.orm.results.loading.entity - (EntityResultInitializer) Done materializing entityInstance : org.frcpm.models.Attendance(959669665535200)#4
10:24:13.385 [main] DEBUG org.hibernate.orm.results.loading - Calling top-level assembler (0 / 1) : org.hibernate.sql.results.graph.entity.internal.EntityAssembler@244b5d81
10:24:13.385 [main] DEBUG org.hibernate.orm.results - Extracted JDBC value [0] - [5]
10:24:13.385 [main] DEBUG org.hibernate.orm.results.loading.entity - (EntityResultInitializer) Hydrated EntityKey (org.frcpm.models.Attendance(959669665535200)): 5
10:24:13.385 [main] DEBUG org.hibernate.orm.results.loading.entity - (EntityResultInitializer) Created new entity instance [org.frcpm.models.Attendance(959669665535200)#5] : 1645589532
10:24:13.385 [main] DEBUG org.hibernate.orm.results - Extracted JDBC value [3] - [1]
10:24:13.385 [main] DEBUG org.hibernate.orm.results - Extracted JDBC value [4] - [5]
10:24:13.385 [main] DEBUG org.hibernate.orm.results - Extracted JDBC value [1] - [09:30]
10:24:13.385 [main] DEBUG org.hibernate.orm.results - Extracted JDBC value [2] - [15:30]
10:24:13.385 [main] DEBUG org.hibernate.orm.results - Extracted JDBC value [5] - [true]
10:24:13.385 [main] DEBUG org.hibernate.orm.results.loading.entity - (EntityResultInitializer) Done materializing entityInstance : org.frcpm.models.Attendance(959669665535200)#5
10:24:13.385 [main] DEBUG org.hibernate.orm.results.loading - Calling top-level assembler (0 / 1) : org.hibernate.sql.results.graph.entity.internal.EntityAssembler@244b5d81
10:24:13.385 [main] DEBUG org.hibernate.orm.results - Extracted JDBC value [0] - [6]
10:24:13.385 [main] DEBUG org.hibernate.orm.results.loading.entity - (EntityResultInitializer) Hydrated EntityKey (org.frcpm.models.Attendance(959669665535200)): 6
10:24:13.385 [main] DEBUG org.hibernate.orm.results.loading.entity - (EntityResultInitializer) Created new entity instance [org.frcpm.models.Attendance(959669665535200)#6] : 91989438
10:24:13.385 [main] DEBUG org.hibernate.orm.results - Extracted JDBC value [3] - [1]
10:24:13.385 [main] DEBUG org.hibernate.orm.results - Extracted JDBC value [4] - [6]
10:24:13.385 [main] DEBUG org.hibernate.orm.results - Extracted JDBC value [1] - [null]
10:24:13.385 [main] DEBUG org.hibernate.orm.results - Extracted JDBC value [2] - [null]
10:24:13.385 [main] DEBUG org.hibernate.orm.results - Extracted JDBC value [5] - [false]
10:24:13.385 [main] DEBUG org.hibernate.orm.results.loading.entity - (EntityResultInitializer) Done materializing entityInstance : org.frcpm.models.Attendance(959669665535200)#6
10:24:13.385 [main] DEBUG org.hibernate.orm.results.loading - Calling top-level assembler (0 / 1) : org.hibernate.sql.results.graph.entity.internal.EntityAssembler@244b5d81
10:24:13.385 [main] DEBUG org.hibernate.orm.results - Extracted JDBC value [0] - [7]
10:24:13.385 [main] DEBUG org.hibernate.orm.results.loading.entity - (EntityResultInitializer) Hydrated EntityKey (org.frcpm.models.Attendance(959669665535200)): 7
10:24:13.385 [main] DEBUG org.hibernate.orm.results.loading.entity - (EntityResultInitializer) Created new entity instance [org.frcpm.models.Attendance(959669665535200)#7] : 1555063271
10:24:13.385 [main] DEBUG org.hibernate.orm.results - Extracted JDBC value [3] - [2]
10:24:13.385 [main] DEBUG org.hibernate.orm.results - Extracted JDBC value [4] - [1]
10:24:13.385 [main] DEBUG org.hibernate.orm.results - Extracted JDBC value [1] - [18:00]
10:24:13.385 [main] DEBUG org.hibernate.orm.results - Extracted JDBC value [2] - [21:00]
10:24:13.385 [main] DEBUG org.hibernate.orm.results - Extracted JDBC value [5] - [true]
10:24:13.385 [main] DEBUG org.hibernate.orm.results.loading.entity - (EntityResultInitializer) Done materializing entityInstance : org.frcpm.models.Attendance(959669665535200)#7
10:24:13.385 [main] DEBUG org.hibernate.orm.results.loading - Calling top-level assembler (0 / 1) : org.hibernate.sql.results.graph.entity.internal.EntityAssembler@244b5d81
10:24:13.385 [main] DEBUG org.hibernate.orm.results - Extracted JDBC value [0] - [8]
10:24:13.385 [main] DEBUG org.hibernate.orm.results.loading.entity - (EntityResultInitializer) Hydrated EntityKey (org.frcpm.models.Attendance(959669665535200)): 8
10:24:13.385 [main] DEBUG org.hibernate.orm.results.loading.entity - (EntityResultInitializer) Created new entity instance [org.frcpm.models.Attendance(959669665535200)#8] : 581484909
10:24:13.385 [main] DEBUG org.hibernate.orm.results - Extracted JDBC value [3] - [2]
10:24:13.385 [main] DEBUG org.hibernate.orm.results - Extracted JDBC value [4] - [2]
10:24:13.385 [main] DEBUG org.hibernate.orm.results - Extracted JDBC value [1] - [18:00]
10:24:13.385 [main] DEBUG org.hibernate.orm.results - Extracted JDBC value [2] - [21:00]
10:24:13.385 [main] DEBUG org.hibernate.orm.results - Extracted JDBC value [5] - [true]
10:24:13.385 [main] DEBUG org.hibernate.orm.results.loading.entity - (EntityResultInitializer) Done materializing entityInstance : org.frcpm.models.Attendance(959669665535200)#8
10:24:13.385 [main] DEBUG org.hibernate.orm.results.loading - Calling top-level assembler (0 / 1) : org.hibernate.sql.results.graph.entity.internal.EntityAssembler@244b5d81
10:24:13.385 [main] DEBUG org.hibernate.orm.results - Extracted JDBC value [0] - [9]
10:24:13.385 [main] DEBUG org.hibernate.orm.results.loading.entity - (EntityResultInitializer) Hydrated EntityKey (org.frcpm.models.Attendance(959669665535200)): 9
10:24:13.385 [main] DEBUG org.hibernate.orm.results.loading.entity - (EntityResultInitializer) Created new entity instance [org.frcpm.models.Attendance(959669665535200)#9] : 1842488432
10:24:13.385 [main] DEBUG org.hibernate.orm.results - Extracted JDBC value [3] - [2]
10:24:13.385 [main] DEBUG org.hibernate.orm.results - Extracted JDBC value [4] - [3]
10:24:13.385 [main] DEBUG org.hibernate.orm.results - Extracted JDBC value [1] - [18:15]
10:24:13.385 [main] DEBUG org.hibernate.orm.results - Extracted JDBC value [2] - [20:30]
10:24:13.385 [main] DEBUG org.hibernate.orm.results - Extracted JDBC value [5] - [true]
10:24:13.385 [main] DEBUG org.hibernate.orm.results.loading.entity - (EntityResultInitializer) Done materializing entityInstance : org.frcpm.models.Attendance(959669665535200)#9
10:24:13.385 [main] DEBUG org.hibernate.orm.results.loading - Calling top-level assembler (0 / 1) : org.hibernate.sql.results.graph.entity.internal.EntityAssembler@244b5d81
10:24:13.385 [main] DEBUG org.hibernate.orm.results - Extracted JDBC value [0] - [10]
10:24:13.385 [main] DEBUG org.hibernate.orm.results.loading.entity - (EntityResultInitializer) Hydrated EntityKey (org.frcpm.models.Attendance(959669665535200)): 10
10:24:13.385 [main] DEBUG org.hibernate.orm.results.loading.entity - (EntityResultInitializer) Created new entity instance [org.frcpm.models.Attendance(959669665535200)#10] : 895236641
10:24:13.385 [main] DEBUG org.hibernate.orm.results - Extracted JDBC value [3] - [2]
10:24:13.385 [main] DEBUG org.hibernate.orm.results - Extracted JDBC value [4] - [4]
10:24:13.385 [main] DEBUG org.hibernate.orm.results - Extracted JDBC value [1] - [null]
10:24:13.385 [main] DEBUG org.hibernate.orm.results - Extracted JDBC value [2] - [null]
10:24:13.385 [main] DEBUG org.hibernate.orm.results - Extracted JDBC value [5] - [false]
10:24:13.385 [main] DEBUG org.hibernate.orm.results.loading.entity - (EntityResultInitializer) Done materializing entityInstance : org.frcpm.models.Attendance(959669665535200)#10
10:24:13.385 [main] DEBUG org.hibernate.orm.results.loading - Calling top-level assembler (0 / 1) : org.hibernate.sql.results.graph.entity.internal.EntityAssembler@244b5d81
10:24:13.385 [main] DEBUG org.hibernate.orm.results - Extracted JDBC value [0] - [11]
10:24:13.385 [main] DEBUG org.hibernate.orm.results.loading.entity - (EntityResultInitializer) Hydrated EntityKey (org.frcpm.models.Attendance(959669665535200)): 11
10:24:13.385 [main] DEBUG org.hibernate.orm.results.loading.entity - (EntityResultInitializer) Created new entity instance [org.frcpm.models.Attendance(959669665535200)#11] : 1790761524
10:24:13.385 [main] DEBUG org.hibernate.orm.results - Extracted JDBC value [3] - [2]
10:24:13.385 [main] DEBUG org.hibernate.orm.results - Extracted JDBC value [4] - [5]
10:24:13.385 [main] DEBUG org.hibernate.orm.results - Extracted JDBC value [1] - [18:00]
10:24:13.385 [main] DEBUG org.hibernate.orm.results - Extracted JDBC value [2] - [21:00]
10:24:13.385 [main] DEBUG org.hibernate.orm.results - Extracted JDBC value [5] - [true]
10:24:13.385 [main] DEBUG org.hibernate.orm.results.loading.entity - (EntityResultInitializer) Done materializing entityInstance : org.frcpm.models.Attendance(959669665535200)#11
10:24:13.385 [main] DEBUG org.hibernate.orm.results.loading - Calling top-level assembler (0 / 1) : org.hibernate.sql.results.graph.entity.internal.EntityAssembler@244b5d81
10:24:13.385 [main] DEBUG org.hibernate.orm.results - Extracted JDBC value [0] - [12]
10:24:13.385 [main] DEBUG org.hibernate.orm.results.loading.entity - (EntityResultInitializer) Hydrated EntityKey (org.frcpm.models.Attendance(959669665535200)): 12
10:24:13.385 [main] DEBUG org.hibernate.orm.results.loading.entity - (EntityResultInitializer) Created new entity instance [org.frcpm.models.Attendance(959669665535200)#12] : 242998695
10:24:13.385 [main] DEBUG org.hibernate.orm.results - Extracted JDBC value [3] - [2]
10:24:13.385 [main] DEBUG org.hibernate.orm.results - Extracted JDBC value [4] - [6]
10:24:13.385 [main] DEBUG org.hibernate.orm.results - Extracted JDBC value [1] - [18:30]
10:24:13.385 [main] DEBUG org.hibernate.orm.results - Extracted JDBC value [2] - [21:00]
10:24:13.385 [main] DEBUG org.hibernate.orm.results - Extracted JDBC value [5] - [true]
10:24:13.385 [main] DEBUG org.hibernate.orm.results.loading.entity - (EntityResultInitializer) Done materializing entityInstance : org.frcpm.models.Attendance(959669665535200)#12
10:24:13.385 [main] DEBUG org.hibernate.orm.results.loading - Calling top-level assembler (0 / 1) : org.hibernate.sql.results.graph.entity.internal.EntityAssembler@244b5d81
10:24:13.385 [main] DEBUG org.hibernate.orm.results - Extracted JDBC value [0] - [86]
10:24:13.385 [main] DEBUG org.hibernate.orm.results.loading.entity - (EntityResultInitializer) Hydrated EntityKey (org.frcpm.models.Attendance(959669665535200)): 86
10:24:13.385 [main] DEBUG org.hibernate.orm.results.loading.entity - (EntityResultInitializer) Created new entity instance [org.frcpm.models.Attendance(959669665535200)#86] : 1928759740
10:24:13.385 [main] DEBUG org.hibernate.orm.results - Extracted JDBC value [3] - [93]
10:24:13.385 [main] DEBUG org.hibernate.orm.results - Extracted JDBC value [4] - [143]
10:24:13.385 [main] DEBUG org.hibernate.orm.results - Extracted JDBC value [1] - [18:00]
10:24:13.385 [main] DEBUG org.hibernate.orm.results - Extracted JDBC value [2] - [20:00]
10:24:13.385 [main] DEBUG org.hibernate.orm.results - Extracted JDBC value [5] - [true]
10:24:13.385 [main] DEBUG org.hibernate.orm.results.loading.entity - (EntityResultInitializer) Done materializing entityInstance : org.frcpm.models.Attendance(959669665535200)#86
10:24:13.385 [main] DEBUG org.hibernate.orm.results.loading - Calling top-level assembler (0 / 1) : org.hibernate.sql.results.graph.entity.internal.EntityAssembler@244b5d81
10:24:13.385 [main] DEBUG org.hibernate.orm.results - Extracted JDBC value [0] - [87]
10:24:13.385 [main] DEBUG org.hibernate.orm.results.loading.entity - (EntityResultInitializer) Hydrated EntityKey (org.frcpm.models.Attendance(959669665535200)): 87
10:24:13.385 [main] DEBUG org.hibernate.orm.results.loading.entity - (EntityResultInitializer) Created new entity instance [org.frcpm.models.Attendance(959669665535200)#87] : 649017585
10:24:13.385 [main] DEBUG org.hibernate.orm.results - Extracted JDBC value [3] - [93]
10:24:13.386 [main] DEBUG org.hibernate.orm.results - Extracted JDBC value [4] - [144]
10:24:13.386 [main] DEBUG org.hibernate.orm.results - Extracted JDBC value [1] - [null]
10:24:13.386 [main] DEBUG org.hibernate.orm.results - Extracted JDBC value [2] - [null]
10:24:13.386 [main] DEBUG org.hibernate.orm.results - Extracted JDBC value [5] - [false]
10:24:13.386 [main] DEBUG org.hibernate.orm.results.loading.entity - (EntityResultInitializer) Done materializing entityInstance : org.frcpm.models.Attendance(959669665535200)#87
10:24:13.386 [main] DEBUG org.hibernate.orm.results.loading - Calling top-level assembler (0 / 1) : org.hibernate.sql.results.graph.entity.internal.EntityAssembler@244b5d81
10:24:13.386 [main] DEBUG org.hibernate.resource.jdbc.internal.LogicalConnectionManagedImpl - Initiating JDBC connection release from afterTransaction
10:24:13.386 [main] DEBUG org.hibernate.resource.jdbc.internal.LogicalConnectionManagedImpl - Initiating JDBC connection release from afterTransaction
10:24:13.386 [main] DEBUG org.hibernate.orm.query.hql - HQL : SELECT a FROM Attendance a WHERE a.meeting = :meeting
10:24:13.388 [main] DEBUG org.hibernate.orm.query.sqm.creation - Applying inferable type to SqmExpression [SqmNamedParameter(meeting)] : null -> org.frcpm.models.Attendance#meeting(MANY_TO_ONE)
10:24:13.388 [main] DEBUG org.hibernate.orm.query.sqm.ast - SqmStatement Tree :
    -> [select]
      -> [query-spec]
        -> [select]
          -> [selection]
            -> [root] - `org.frcpm.models.Attendance(a)`
            <- [root] - `org.frcpm.models.Attendance(a)`
          <- [selection]
        <- [select]
        -> [from]
          -> [root] - `org.frcpm.models.Attendance(a)`
          <- [root] - `org.frcpm.models.Attendance(a)`
        <- [from]
        -> [where]
          -> [EQUAL]
              -> [entity-path] - `org.frcpm.models.Attendance(a).meeting`
              :meeting
          <- [EQUAL]
        <- [where]
      <- [query-spec]
    <- [select]

10:24:13.388 [main] DEBUG org.hibernate.orm.sql.ast.create - Created new SQL alias : a1_0
10:24:13.388 [main] DEBUG org.hibernate.orm.sql.ast.create - Registration of TableGroup [StandardTableGroup(org.frcpm.models.Attendance(a))] with identifierForTableGroup [org.frcpm.models.Attendance] for NavigablePath [org.frcpm.models.Attendance] 
10:24:13.388 [main] DEBUG org.hibernate.orm.sql.ast.create - Registration of TableGroup [org.hibernate.sql.ast.tree.from.LazyTableGroup@63c25f3a] with identifierForTableGroup [org.frcpm.models.Attendance.meeting] for NavigablePath [org.frcpm.models.Attendance.meeting] 
10:24:13.388 [main] DEBUG org.hibernate.orm.sql.ast.create - Registration of TableGroup [org.hibernate.sql.ast.tree.from.LazyTableGroup@d78c66] with identifierForTableGroup [org.frcpm.models.Attendance.member] for NavigablePath [org.frcpm.models.Attendance.member] 
10:24:13.388 [main] DEBUG org.hibernate.orm.sql.ast.create - Registration of TableGroup [org.hibernate.sql.ast.tree.from.LazyTableGroup@61ff7012] with identifierForTableGroup [org.frcpm.models.Attendance.meeting] for NavigablePath [org.frcpm.models.Attendance.meeting] 
10:24:13.388 [main] DEBUG org.hibernate.orm.sql.ast.create - Registration of TableGroup [org.hibernate.sql.ast.tree.from.LazyTableGroup@61ff7012] for NavigablePath [org.frcpm.models.Attendance(a).meeting] overrode previous registration : org.hibernate.sql.ast.tree.from.LazyTableGroup@63c25f3a
10:24:13.388 [main] DEBUG org.hibernate.query.sqm.sql.BaseSqmToSqlAstConverter - Determining mapping-model type for SqmParameter : SqmNamedParameter(meeting)
10:24:13.388 [main] DEBUG org.hibernate.query.sqm.sql.BaseSqmToSqlAstConverter - Determining mapping-model type for SqmParameter : SqmNamedParameter(meeting)
10:24:13.388 [main] DEBUG org.hibernate.query.sqm.sql.BaseSqmToSqlAstConverter - Determining mapping-model type for SqmPath : SqmEntityValuedSimplePath(org.frcpm.models.Attendance(a).meeting) 
10:24:13.389 [main] DEBUG org.hibernate.orm.results.graph.AST - DomainResult Graph:
 \-EntityResultImpl [org.frcpm.models.Attendance(a)]
 |  +-BasicFetch [org.frcpm.models.Attendance(a).arrivalTime]
 |  +-BasicFetch [org.frcpm.models.Attendance(a).departureTime]
 |  +-CircularFetchImpl [org.frcpm.models.Attendance(a).meeting]
 |  +-CircularFetchImpl [org.frcpm.models.Attendance(a).member]
 |  \-BasicFetch [org.frcpm.models.Attendance(a).present]

10:24:13.389 [main] DEBUG org.hibernate.orm.sql.ast.tree - SQL AST Tree:
    SelectStatement {
      FromClause {
        StandardTableGroup (a1 : org.frcpm.models.Attendance(a)) {
          primaryTableReference : attendances as a1_0
          TableGroupJoins {
            left  join LazyTableGroup (m1 : org.frcpm.models.Attendance(a).meeting) {
            }
            left  join LazyTableGroup (m2 : org.frcpm.models.Attendance(a).member) {
            }
             join LazyTableGroup (m3 : org.frcpm.models.Attendance(a).meeting) {
            }
          }
        }
      }
    }

10:24:13.389 [main] DEBUG org.hibernate.orm.sql.exec - Skipping reading Query result cache data: cache-enabled = false, cache-mode = NORMAL
10:24:13.389 [main] DEBUG org.hibernate.orm.results - Initializer list:
	  org.frcpm.models.Attendance(a) -> EntityResultInitializer(org.frcpm.models.Attendance(a))@13377673 (SingleTableEntityPersister(org.frcpm.models.Attendance))
	  org.frcpm.models.Attendance(a).meeting -> EntityDelayedFetchInitializer(org.frcpm.models.Attendance(a).meeting)@1047690991 (ToOneAttributeMapping(NavigableRole[org.frcpm.models.Attendance.meeting])@136778400)
	  org.frcpm.models.Attendance(a).member -> EntityDelayedFetchInitializer(org.frcpm.models.Attendance(a).member)@613934803 (ToOneAttributeMapping(NavigableRole[org.frcpm.models.Attendance.member])@1318975647)

10:24:13.389 [main] DEBUG org.hibernate.SQL - select a1_0.id,a1_0.arrival_time,a1_0.departure_time,a1_0.meeting_id,a1_0.member_id,a1_0.present from attendances a1_0 where a1_0.meeting_id=?
10:24:13.389 [main] DEBUG org.hibernate.orm.results - Extracted JDBC value [0] - [86]
10:24:13.389 [main] DEBUG org.hibernate.orm.results.loading.entity - (EntityResultInitializer) Hydrated EntityKey (org.frcpm.models.Attendance(a)): 86
10:24:13.389 [main] DEBUG org.hibernate.orm.results.loading.entity - (EntityResultInitializer) Created new entity instance [org.frcpm.models.Attendance(a)#86] : 1974567120
10:24:13.389 [main] DEBUG org.hibernate.orm.results - Extracted JDBC value [3] - [93]
10:24:13.390 [main] DEBUG org.hibernate.orm.results - Extracted JDBC value [4] - [143]
10:24:13.390 [main] DEBUG org.hibernate.orm.results - Extracted JDBC value [1] - [18:00]
10:24:13.390 [main] DEBUG org.hibernate.orm.results - Extracted JDBC value [2] - [20:00]
10:24:13.390 [main] DEBUG org.hibernate.orm.results - Extracted JDBC value [5] - [true]
10:24:13.390 [main] DEBUG org.hibernate.orm.results.loading.entity - (EntityResultInitializer) Done materializing entityInstance : org.frcpm.models.Attendance(a)#86
10:24:13.390 [main] DEBUG org.hibernate.orm.results.loading - Calling top-level assembler (0 / 1) : org.hibernate.sql.results.graph.entity.internal.EntityAssembler@6e0b41cb
10:24:13.390 [main] DEBUG org.hibernate.orm.results - Extracted JDBC value [0] - [87]
10:24:13.390 [main] DEBUG org.hibernate.orm.results.loading.entity - (EntityResultInitializer) Hydrated EntityKey (org.frcpm.models.Attendance(a)): 87
10:24:13.390 [main] DEBUG org.hibernate.orm.results.loading.entity - (EntityResultInitializer) Created new entity instance [org.frcpm.models.Attendance(a)#87] : 1392038944
10:24:13.390 [main] DEBUG org.hibernate.orm.results - Extracted JDBC value [3] - [93]
10:24:13.390 [main] DEBUG org.hibernate.orm.results - Extracted JDBC value [4] - [144]
10:24:13.390 [main] DEBUG org.hibernate.orm.results - Extracted JDBC value [1] - [null]
10:24:13.390 [main] DEBUG org.hibernate.orm.results - Extracted JDBC value [2] - [null]
10:24:13.390 [main] DEBUG org.hibernate.orm.results - Extracted JDBC value [5] - [false]
10:24:13.390 [main] DEBUG org.hibernate.orm.results.loading.entity - (EntityResultInitializer) Done materializing entityInstance : org.frcpm.models.Attendance(a)#87
10:24:13.390 [main] DEBUG org.hibernate.orm.results.loading - Calling top-level assembler (0 / 1) : org.hibernate.sql.results.graph.entity.internal.EntityAssembler@6e0b41cb
10:24:13.390 [main] DEBUG org.hibernate.resource.jdbc.internal.LogicalConnectionManagedImpl - Initiating JDBC connection release from afterTransaction
10:24:13.390 [main] DEBUG org.hibernate.resource.jdbc.internal.LogicalConnectionManagedImpl - Initiating JDBC connection release from afterTransaction
10:24:13.390 [main] DEBUG org.hibernate.engine.transaction.internal.TransactionImpl - On TransactionImpl creation, JpaCompliance#isJpaTransactionComplianceEnabled == false
10:24:13.390 [main] DEBUG org.hibernate.engine.transaction.internal.TransactionImpl - begin
10:24:13.390 [main] DEBUG org.hibernate.orm.sql.ast.create - Created new SQL alias : a1_0
10:24:13.390 [main] DEBUG org.hibernate.orm.sql.ast.create - Registration of TableGroup [StandardTableGroup(org.frcpm.models.Attendance)] with identifierForTableGroup [org.frcpm.models.Attendance] for NavigablePath [org.frcpm.models.Attendance] 
10:24:13.390 [main] DEBUG org.hibernate.orm.sql.ast.create - Registration of TableGroup [org.hibernate.sql.ast.tree.from.LazyTableGroup@42b05e0d] with identifierForTableGroup [org.frcpm.models.Attendance.meeting] for NavigablePath [org.frcpm.models.Attendance.meeting] 
10:24:13.390 [main] DEBUG org.hibernate.orm.sql.ast.create - Registration of TableGroup [org.hibernate.sql.ast.tree.from.LazyTableGroup@fcffa36] with identifierForTableGroup [org.frcpm.models.Attendance.member] for NavigablePath [org.frcpm.models.Attendance.member] 
10:24:13.390 [main] DEBUG org.hibernate.orm.results.graph.AST - DomainResult Graph:
 \-EntityResultImpl [org.frcpm.models.Attendance]
 |  +-BasicFetch [org.frcpm.models.Attendance.arrivalTime]
 |  +-BasicFetch [org.frcpm.models.Attendance.departureTime]
 |  +-EntityDelayedFetchImpl [org.frcpm.models.Attendance.meeting]
 |  +-EntityDelayedFetchImpl [org.frcpm.models.Attendance.member]
 |  \-BasicFetch [org.frcpm.models.Attendance.present]

10:24:13.390 [main] DEBUG org.hibernate.orm.sql.ast.tree - SQL AST Tree:
    SelectStatement {
      FromClause {
        StandardTableGroup (a1 : org.frcpm.models.Attendance) {
          primaryTableReference : attendances as a1_0
          TableGroupJoins {
            left  join LazyTableGroup (m1 : org.frcpm.models.Attendance.meeting) {
            }
            left  join LazyTableGroup (m2 : org.frcpm.models.Attendance.member) {
            }
          }
        }
      }
    }

10:24:13.390 [main] DEBUG org.hibernate.orm.sql.exec - Skipping reading Query result cache data: cache-enabled = false, cache-mode = IGNORE
10:24:13.391 [main] DEBUG org.hibernate.orm.results - Initializer list:
	  org.frcpm.models.Attendance -> EntityResultInitializer(org.frcpm.models.Attendance)@1526862688 (SingleTableEntityPersister(org.frcpm.models.Attendance))
	  org.frcpm.models.Attendance.meeting -> EntityDelayedFetchInitializer(org.frcpm.models.Attendance.meeting)@398218018 (ToOneAttributeMapping(NavigableRole[org.frcpm.models.Attendance.meeting])@136778400)
	  org.frcpm.models.Attendance.member -> EntityDelayedFetchInitializer(org.frcpm.models.Attendance.member)@1741821353 (ToOneAttributeMapping(NavigableRole[org.frcpm.models.Attendance.member])@1318975647)

10:24:13.391 [main] DEBUG org.hibernate.SQL - select a1_0.id,a1_0.arrival_time,a1_0.departure_time,a1_0.meeting_id,a1_0.member_id,a1_0.present from attendances a1_0 where a1_0.id=?
10:24:13.391 [main] DEBUG org.hibernate.orm.results.loading.entity - (EntityResultInitializer) Hydrated EntityKey (org.frcpm.models.Attendance): 86
10:24:13.391 [main] DEBUG org.hibernate.orm.results.loading.entity - (EntityResultInitializer) Created new entity instance [org.frcpm.models.Attendance#86] : 1374413246
10:24:13.391 [main] DEBUG org.hibernate.orm.results - Extracted JDBC value [3] - [93]
10:24:13.391 [main] DEBUG org.hibernate.orm.results - Extracted JDBC value [4] - [143]
10:24:13.391 [main] DEBUG org.hibernate.orm.results - Extracted JDBC value [1] - [18:00]
10:24:13.391 [main] DEBUG org.hibernate.orm.results - Extracted JDBC value [2] - [20:00]
10:24:13.391 [main] DEBUG org.hibernate.orm.results - Extracted JDBC value [5] - [true]
10:24:13.391 [main] DEBUG org.hibernate.orm.results.loading.entity - (EntityResultInitializer) Done materializing entityInstance : org.frcpm.models.Attendance#86
10:24:13.391 [main] DEBUG org.hibernate.orm.results.loading - Calling top-level assembler (0 / 1) : org.hibernate.sql.results.graph.entity.internal.EntityAssembler@26e3d977
10:24:13.391 [main] DEBUG org.hibernate.engine.transaction.internal.TransactionImpl - committing
10:24:13.391 [main] DEBUG org.hibernate.event.internal.AbstractFlushingEventListener - Processing flush-time cascades
10:24:13.391 [main] DEBUG org.hibernate.event.internal.AbstractFlushingEventListener - Dirty checking collections
10:24:13.391 [main] DEBUG org.hibernate.event.internal.AbstractFlushingEventListener - Flushed: 0 insertions, 0 updates, 1 deletions to 1 objects
10:24:13.391 [main] DEBUG org.hibernate.event.internal.AbstractFlushingEventListener - Flushed: 0 (re)creations, 0 updates, 0 removals to 0 collections
10:24:13.391 [main] DEBUG org.hibernate.internal.util.EntityPrinter - Listing entities:
10:24:13.392 [main] DEBUG org.hibernate.internal.util.EntityPrinter - org.frcpm.models.Attendance{departureTime=20:00, arrivalTime=18:00, member=<uninitialized>, id=86, present=true, meeting=<uninitialized>}
10:24:13.392 [main] DEBUG org.hibernate.SQL - delete from attendances where id=?
10:24:13.392 [main] DEBUG org.hibernate.orm.jdbc.batch - PreparedStatementDetails did not contain PreparedStatement on #releaseStatements : delete from attendances where id=?
10:24:13.393 [main] DEBUG org.hibernate.orm.jdbc.batch - PreparedStatementDetails did not contain PreparedStatement on #releaseStatements : delete from attendances where id=?
10:24:13.393 [main] DEBUG org.hibernate.resource.jdbc.internal.LogicalConnectionManagedImpl - Initiating JDBC connection release from afterTransaction
10:24:13.393 [main] DEBUG org.hibernate.orm.jdbc.batch - PreparedStatementDetails did not contain PreparedStatement on #releaseStatements : delete from attendances where id=?
10:24:13.393 [main] DEBUG org.hibernate.orm.jdbc.batch - PreparedStatementDetails did not contain PreparedStatement on #releaseStatements : delete from attendances where id=?
10:24:13.393 [main] DEBUG org.hibernate.resource.jdbc.internal.LogicalConnectionManagedImpl - Initiating JDBC connection release from afterTransaction
10:24:13.393 [main] DEBUG org.hibernate.engine.jdbc.internal.JdbcCoordinatorImpl - HHH000420: Closing un-released batch
10:24:13.393 [main] DEBUG org.hibernate.orm.jdbc.batch - PreparedStatementDetails did not contain PreparedStatement on #releaseStatements : delete from attendances where id=?
10:24:13.393 [main] DEBUG org.hibernate.orm.jdbc.batch - PreparedStatementDetails did not contain PreparedStatement on #releaseStatements : delete from attendances where id=?
10:24:13.393 [main] DEBUG org.hibernate.engine.transaction.internal.TransactionImpl - On TransactionImpl creation, JpaCompliance#isJpaTransactionComplianceEnabled == false
10:24:13.393 [main] DEBUG org.hibernate.engine.transaction.internal.TransactionImpl - begin
10:24:13.393 [main] DEBUG org.hibernate.orm.sql.exec - Skipping reading Query result cache data: cache-enabled = false, cache-mode = IGNORE
10:24:13.393 [main] DEBUG org.hibernate.orm.results - Initializer list:
	  org.frcpm.models.Attendance -> EntityResultInitializer(org.frcpm.models.Attendance)@1328212887 (SingleTableEntityPersister(org.frcpm.models.Attendance))
	  org.frcpm.models.Attendance.meeting -> EntityDelayedFetchInitializer(org.frcpm.models.Attendance.meeting)@323986901 (ToOneAttributeMapping(NavigableRole[org.frcpm.models.Attendance.meeting])@136778400)
	  org.frcpm.models.Attendance.member -> EntityDelayedFetchInitializer(org.frcpm.models.Attendance.member)@2026966531 (ToOneAttributeMapping(NavigableRole[org.frcpm.models.Attendance.member])@1318975647)

10:24:13.393 [main] DEBUG org.hibernate.SQL - select a1_0.id,a1_0.arrival_time,a1_0.departure_time,a1_0.meeting_id,a1_0.member_id,a1_0.present from attendances a1_0 where a1_0.id=?
10:24:13.393 [main] DEBUG org.hibernate.orm.results.loading.entity - (EntityResultInitializer) Hydrated EntityKey (org.frcpm.models.Attendance): 87
10:24:13.393 [main] DEBUG org.hibernate.orm.results.loading.entity - (EntityResultInitializer) Created new entity instance [org.frcpm.models.Attendance#87] : 743153266
10:24:13.393 [main] DEBUG org.hibernate.orm.results - Extracted JDBC value [3] - [93]
10:24:13.393 [main] DEBUG org.hibernate.orm.results - Extracted JDBC value [4] - [144]
10:24:13.393 [main] DEBUG org.hibernate.orm.results - Extracted JDBC value [1] - [null]
10:24:13.393 [main] DEBUG org.hibernate.orm.results - Extracted JDBC value [2] - [null]
10:24:13.393 [main] DEBUG org.hibernate.orm.results - Extracted JDBC value [5] - [false]
10:24:13.393 [main] DEBUG org.hibernate.orm.results.loading.entity - (EntityResultInitializer) Done materializing entityInstance : org.frcpm.models.Attendance#87
10:24:13.393 [main] DEBUG org.hibernate.orm.results.loading - Calling top-level assembler (0 / 1) : org.hibernate.sql.results.graph.entity.internal.EntityAssembler@5c1a2cee
10:24:13.393 [main] DEBUG org.hibernate.engine.transaction.internal.TransactionImpl - committing
10:24:13.393 [main] DEBUG org.hibernate.event.internal.AbstractFlushingEventListener - Processing flush-time cascades
10:24:13.393 [main] DEBUG org.hibernate.event.internal.AbstractFlushingEventListener - Dirty checking collections
10:24:13.393 [main] DEBUG org.hibernate.event.internal.AbstractFlushingEventListener - Flushed: 0 insertions, 0 updates, 1 deletions to 1 objects
10:24:13.393 [main] DEBUG org.hibernate.event.internal.AbstractFlushingEventListener - Flushed: 0 (re)creations, 0 updates, 0 removals to 0 collections
10:24:13.393 [main] DEBUG org.hibernate.internal.util.EntityPrinter - Listing entities:
10:24:13.394 [main] DEBUG org.hibernate.internal.util.EntityPrinter - org.frcpm.models.Attendance{departureTime=null, arrivalTime=null, member=<uninitialized>, id=87, present=false, meeting=<uninitialized>}
10:24:13.394 [main] DEBUG org.hibernate.SQL - delete from attendances where id=?
10:24:13.394 [main] DEBUG org.hibernate.orm.jdbc.batch - PreparedStatementDetails did not contain PreparedStatement on #releaseStatements : delete from attendances where id=?
10:24:13.394 [main] DEBUG org.hibernate.orm.jdbc.batch - PreparedStatementDetails did not contain PreparedStatement on #releaseStatements : delete from attendances where id=?
10:24:13.394 [main] DEBUG org.hibernate.resource.jdbc.internal.LogicalConnectionManagedImpl - Initiating JDBC connection release from afterTransaction
10:24:13.394 [main] DEBUG org.hibernate.orm.jdbc.batch - PreparedStatementDetails did not contain PreparedStatement on #releaseStatements : delete from attendances where id=?
10:24:13.394 [main] DEBUG org.hibernate.orm.jdbc.batch - PreparedStatementDetails did not contain PreparedStatement on #releaseStatements : delete from attendances where id=?
10:24:13.394 [main] DEBUG org.hibernate.resource.jdbc.internal.LogicalConnectionManagedImpl - Initiating JDBC connection release from afterTransaction
10:24:13.394 [main] DEBUG org.hibernate.engine.jdbc.internal.JdbcCoordinatorImpl - HHH000420: Closing un-released batch
10:24:13.394 [main] DEBUG org.hibernate.orm.jdbc.batch - PreparedStatementDetails did not contain PreparedStatement on #releaseStatements : delete from attendances where id=?
10:24:13.394 [main] DEBUG org.hibernate.orm.jdbc.batch - PreparedStatementDetails did not contain PreparedStatement on #releaseStatements : delete from attendances where id=?
10:24:13.395 [main] DEBUG org.hibernate.engine.transaction.internal.TransactionImpl - On TransactionImpl creation, JpaCompliance#isJpaTransactionComplianceEnabled == false
10:24:13.395 [main] DEBUG org.hibernate.engine.transaction.internal.TransactionImpl - begin
10:24:13.395 [main] DEBUG org.hibernate.orm.sql.ast.create - Created new SQL alias : m1_0
10:24:13.395 [main] DEBUG org.hibernate.orm.sql.ast.create - Registration of TableGroup [StandardTableGroup(org.frcpm.models.Meeting)] with identifierForTableGroup [org.frcpm.models.Meeting] for NavigablePath [org.frcpm.models.Meeting] 
10:24:13.395 [main] DEBUG org.hibernate.orm.sql.ast.create - Registration of TableGroup [org.hibernate.sql.ast.tree.from.LazyTableGroup@45212188] with identifierForTableGroup [org.frcpm.models.Meeting.project] for NavigablePath [org.frcpm.models.Meeting.project] 
10:24:13.395 [main] DEBUG org.hibernate.orm.sql.ast.create - Created new SQL alias : a1_0
10:24:13.395 [main] DEBUG org.hibernate.orm.sql.ast.create - Registration of TableGroup [org.hibernate.sql.ast.tree.from.OneToManyTableGroup@67f3fe24] with identifierForTableGroup [org.frcpm.models.Meeting.attendances] for NavigablePath [org.frcpm.models.Meeting.attendances] 
10:24:13.395 [main] DEBUG org.hibernate.orm.sql.ast.create - Registration of TableGroup [StandardTableGroup(org.frcpm.models.Meeting.attendances.{element})] with identifierForTableGroup [org.frcpm.models.Meeting.attendances.{element}] for NavigablePath [org.frcpm.models.Meeting.attendances.{element}] 
10:24:13.395 [main] DEBUG org.hibernate.orm.sql.ast.create - Registration of TableGroup [org.hibernate.sql.ast.tree.from.LazyTableGroup@1ee9584a] with identifierForTableGroup [org.frcpm.models.Meeting.attendances.{element}.meeting] for NavigablePath [org.frcpm.models.Meeting.attendances.{element}.meeting] 
10:24:13.395 [main] DEBUG org.hibernate.orm.sql.ast.create - Registration of TableGroup [org.hibernate.sql.ast.tree.from.LazyTableGroup@125df049] with identifierForTableGroup [org.frcpm.models.Meeting.attendances.{element}.member] for NavigablePath [org.frcpm.models.Meeting.attendances.{element}.member] 
10:24:13.395 [main] DEBUG org.hibernate.orm.results.graph.AST - DomainResult Graph:
 \-EntityResultImpl [org.frcpm.models.Meeting]
 |  +-EagerCollectionFetch [org.frcpm.models.Meeting.attendances]
 |  |  \-EntityFetchJoinedImpl [org.frcpm.models.Meeting.attendances.{element}]
 |  +-BasicFetch [org.frcpm.models.Meeting.date]
 |  +-BasicFetch [org.frcpm.models.Meeting.endTime]
 |  +-BasicFetch [org.frcpm.models.Meeting.notes]
 |  +-EntityDelayedFetchImpl [org.frcpm.models.Meeting.project]
 |  \-BasicFetch [org.frcpm.models.Meeting.startTime]

10:24:13.395 [main] DEBUG org.hibernate.orm.sql.ast.tree - SQL AST Tree:
    SelectStatement {
      FromClause {
        StandardTableGroup (m1 : org.frcpm.models.Meeting) {
          primaryTableReference : meetings as m1_0
          TableGroupJoins {
            left  join LazyTableGroup (p1 : org.frcpm.models.Meeting.project) {
            }
            left  join OneToManyTableGroup (a1 : org.frcpm.models.Meeting.attendances) {
              primaryTableReference : attendances as a1_0
              TableGroupJoins {
                left  join LazyTableGroup (m2 : org.frcpm.models.Meeting.attendances.{element}.meeting) {
                }
                left  join LazyTableGroup (m3 : org.frcpm.models.Meeting.attendances.{element}.member) {
                }
              }
            }
          }
        }
      }
    }

10:24:13.396 [main] DEBUG org.hibernate.orm.sql.exec - Skipping reading Query result cache data: cache-enabled = false, cache-mode = IGNORE
10:24:13.396 [main] DEBUG org.hibernate.orm.results - Initializer list:
	  org.frcpm.models.Meeting -> EntityResultInitializer(org.frcpm.models.Meeting)@1054343422 (SingleTableEntityPersister(org.frcpm.models.Meeting))
	  org.frcpm.models.Meeting.attendances -> BagInitializer(org.frcpm.models.Meeting.attendances)@754537388 (PluralAttribute(org.frcpm.models.Meeting.attendances))
	  org.frcpm.models.Meeting.attendances.{element}.member -> EntityDelayedFetchInitializer(org.frcpm.models.Meeting.attendances.{element}.member)@1373319618 (ToOneAttributeMapping(NavigableRole[org.frcpm.models.Attendance.member])@1318975647)
	  org.frcpm.models.Meeting.project -> EntityDelayedFetchInitializer(org.frcpm.models.Meeting.project)@47748591 (ToOneAttributeMapping(NavigableRole[org.frcpm.models.Meeting.project])@2088348346)
	  org.frcpm.models.Meeting.attendances.{element} -> EntityJoinedFetchInitializer(org.frcpm.models.Meeting.attendances.{element})@452715178 (EntityCollectionPart(org.frcpm.models.Meeting.attendances#{element})@312907030)

10:24:13.396 [main] DEBUG org.hibernate.SQL - select m1_0.id,m1_0.date,m1_0.end_time,m1_0.notes,m1_0.project_id,m1_0.start_time,a1_0.meeting_id,a1_0.id,a1_0.arrival_time,a1_0.departure_time,a1_0.member_id,a1_0.present from meetings m1_0 left join attendances a1_0 on m1_0.id=a1_0.meeting_id where m1_0.id=?
10:24:13.397 [main] DEBUG org.hibernate.orm.results.loading.entity - (EntityResultInitializer) Hydrated EntityKey (org.frcpm.models.Meeting): 93
10:24:13.397 [main] DEBUG org.hibernate.orm.results.loading.org.hibernate.orm.results.loading.collection - (BagInitializer) Current row collection key : org.frcpm.models.Meeting.attendances#93
10:24:13.397 [main] DEBUG org.hibernate.orm.results - Extracted JDBC value [6] - [null]
10:24:13.397 [main] DEBUG org.hibernate.orm.results - Extracted JDBC value [7] - [null]
10:24:13.397 [main] DEBUG org.hibernate.orm.results.loading.entity - (EntityJoinedFetchInitializer) EntityKey (org.frcpm.models.Meeting.attendances.{element}) is null
10:24:13.397 [main] DEBUG org.hibernate.orm.results.loading.entity - (EntityResultInitializer) Created new entity instance [org.frcpm.models.Meeting#93] : 547422651
10:24:13.397 [main] DEBUG org.hibernate.orm.results.loading.org.hibernate.orm.results.loading.collection - (BagInitializer) Created new collection wrapper [org.frcpm.models.Meeting.attendances#93] : org.hibernate.collection.spi.PersistentBag@109657756
10:24:13.398 [main] DEBUG org.hibernate.orm.results.loading.org.hibernate.orm.results.loading.collection - (BagInitializer) Responsible for loading collection [org.frcpm.models.Meeting.attendances#93] : org.hibernate.collection.spi.PersistentBag@109657756
10:24:13.398 [main] DEBUG org.hibernate.orm.results - Extracted JDBC value [4] - [161]
10:24:13.398 [main] DEBUG org.hibernate.orm.results - Extracted JDBC value [1] - [2025-04-26]
10:24:13.398 [main] DEBUG org.hibernate.orm.results - Extracted JDBC value [2] - [20:00]
10:24:13.398 [main] DEBUG org.hibernate.orm.results - Extracted JDBC value [3] - [null]
10:24:13.398 [main] DEBUG org.hibernate.orm.results - Extracted JDBC value [5] - [18:00]
10:24:13.398 [main] DEBUG org.hibernate.orm.results.loading.entity - (EntityResultInitializer) Done materializing entityInstance : org.frcpm.models.Meeting#93
10:24:13.398 [main] DEBUG org.hibernate.orm.results.loading - Calling top-level assembler (0 / 1) : org.hibernate.sql.results.graph.entity.internal.EntityAssembler@6a98de00
10:24:13.399 [main] DEBUG org.hibernate.sql.results.internal.ResultsHelper - Collection fully initialized: [org.frcpm.models.Meeting.attendances#93]
10:24:13.399 [main] DEBUG org.hibernate.engine.spi.CollectionEntry - Reset storedSnapshot to [] for CollectionEntry[org.frcpm.models.Meeting.attendances#93]
10:24:13.399 [main] DEBUG org.hibernate.engine.transaction.internal.TransactionImpl - committing
10:24:13.399 [main] DEBUG org.hibernate.event.internal.AbstractFlushingEventListener - Processing flush-time cascades
10:24:13.399 [main] DEBUG org.hibernate.event.internal.AbstractFlushingEventListener - Dirty checking collections
10:24:13.400 [main] DEBUG org.hibernate.engine.internal.Collections - Collection dereferenced: [org.frcpm.models.Meeting.attendances#93]
10:24:13.400 [main] DEBUG org.hibernate.event.internal.AbstractFlushingEventListener - Flushed: 0 insertions, 0 updates, 1 deletions to 1 objects
10:24:13.400 [main] DEBUG org.hibernate.event.internal.AbstractFlushingEventListener - Flushed: 0 (re)creations, 0 updates, 1 removals to 1 collections
10:24:13.400 [main] DEBUG org.hibernate.internal.util.EntityPrinter - Listing entities:
10:24:13.400 [main] DEBUG org.hibernate.internal.util.EntityPrinter - org.frcpm.models.Meeting{date=2025-04-26, notes=null, project=<uninitialized>, startTime=18:00, id=93, endTime=20:00, attendances=[]}
10:24:13.400 [main] DEBUG org.hibernate.SQL - delete from meetings where id=?
10:24:13.401 [main] DEBUG org.hibernate.orm.jdbc.batch - PreparedStatementDetails did not contain PreparedStatement on #releaseStatements : delete from meetings where id=?
10:24:13.401 [main] DEBUG org.hibernate.orm.jdbc.batch - PreparedStatementDetails did not contain PreparedStatement on #releaseStatements : delete from meetings where id=?
10:24:13.401 [main] DEBUG org.hibernate.resource.jdbc.internal.LogicalConnectionManagedImpl - Initiating JDBC connection release from afterTransaction
10:24:13.401 [main] DEBUG org.hibernate.orm.jdbc.batch - PreparedStatementDetails did not contain PreparedStatement on #releaseStatements : delete from meetings where id=?
10:24:13.401 [main] DEBUG org.hibernate.orm.jdbc.batch - PreparedStatementDetails did not contain PreparedStatement on #releaseStatements : delete from meetings where id=?
10:24:13.401 [main] DEBUG org.hibernate.resource.jdbc.internal.LogicalConnectionManagedImpl - Initiating JDBC connection release from afterTransaction
10:24:13.401 [main] DEBUG org.hibernate.engine.jdbc.internal.JdbcCoordinatorImpl - HHH000420: Closing un-released batch
10:24:13.401 [main] DEBUG org.hibernate.orm.jdbc.batch - PreparedStatementDetails did not contain PreparedStatement on #releaseStatements : delete from meetings where id=?
10:24:13.401 [main] DEBUG org.hibernate.orm.jdbc.batch - PreparedStatementDetails did not contain PreparedStatement on #releaseStatements : delete from meetings where id=?
10:24:13.401 [main] DEBUG org.hibernate.engine.transaction.internal.TransactionImpl - On TransactionImpl creation, JpaCompliance#isJpaTransactionComplianceEnabled == false
10:24:13.401 [main] DEBUG org.hibernate.engine.transaction.internal.TransactionImpl - begin
10:24:13.401 [main] DEBUG org.hibernate.orm.sql.ast.create - Created new SQL alias : tm1_0
10:24:13.401 [main] DEBUG org.hibernate.orm.sql.ast.create - Registration of TableGroup [StandardTableGroup(org.frcpm.models.TeamMember)] with identifierForTableGroup [org.frcpm.models.TeamMember] for NavigablePath [org.frcpm.models.TeamMember] 
10:24:13.401 [main] DEBUG org.hibernate.orm.sql.ast.create - Created new SQL alias : a1_0
10:24:13.401 [main] DEBUG org.hibernate.orm.sql.ast.create - Registration of TableGroup [org.hibernate.sql.ast.tree.from.OneToManyTableGroup@75a96e57] with identifierForTableGroup [org.frcpm.models.TeamMember.attendances] for NavigablePath [org.frcpm.models.TeamMember.attendances] 
10:24:13.401 [main] DEBUG org.hibernate.orm.sql.ast.create - Registration of TableGroup [StandardTableGroup(org.frcpm.models.TeamMember.attendances.{element})] with identifierForTableGroup [org.frcpm.models.TeamMember.attendances.{element}] for NavigablePath [org.frcpm.models.TeamMember.attendances.{element}] 
10:24:13.402 [main] DEBUG org.hibernate.orm.sql.ast.create - Registration of TableGroup [org.hibernate.sql.ast.tree.from.LazyTableGroup@3a1bd3a0] with identifierForTableGroup [org.frcpm.models.TeamMember.attendances.{element}.meeting] for NavigablePath [org.frcpm.models.TeamMember.attendances.{element}.meeting] 
10:24:13.402 [main] DEBUG org.hibernate.orm.sql.ast.create - Registration of TableGroup [org.hibernate.sql.ast.tree.from.LazyTableGroup@23c34976] with identifierForTableGroup [org.frcpm.models.TeamMember.attendances.{element}.member] for NavigablePath [org.frcpm.models.TeamMember.attendances.{element}.member] 
10:24:13.402 [main] DEBUG org.hibernate.orm.sql.ast.create - Registration of TableGroup [org.hibernate.sql.ast.tree.from.LazyTableGroup@79c40648] with identifierForTableGroup [org.frcpm.models.TeamMember.subteam] for NavigablePath [org.frcpm.models.TeamMember.subteam] 
10:24:13.402 [main] DEBUG org.hibernate.orm.results.graph.AST - DomainResult Graph:
 \-EntityResultImpl [org.frcpm.models.TeamMember]
 |  +-DelayedCollectionFetch [org.frcpm.models.TeamMember.assignedTasks]
 |  +-EagerCollectionFetch [org.frcpm.models.TeamMember.attendances]
 |  |  \-EntityFetchJoinedImpl [org.frcpm.models.TeamMember.attendances.{element}]
 |  +-BasicFetch [org.frcpm.models.TeamMember.email]
 |  +-BasicFetch [org.frcpm.models.TeamMember.firstName]
 |  +-BasicFetch [org.frcpm.models.TeamMember.lastName]
 |  +-BasicFetch [org.frcpm.models.TeamMember.leader]
 |  +-BasicFetch [org.frcpm.models.TeamMember.phone]
 |  +-BasicFetch [org.frcpm.models.TeamMember.skills]
 |  +-EntityDelayedFetchImpl [org.frcpm.models.TeamMember.subteam]
 |  \-BasicFetch [org.frcpm.models.TeamMember.username]

10:24:13.403 [main] DEBUG org.hibernate.orm.sql.ast.tree - SQL AST Tree:
    SelectStatement {
      FromClause {
        StandardTableGroup (tm1 : org.frcpm.models.TeamMember) {
          primaryTableReference : team_members as tm1_0
          TableGroupJoins {
            left  join OneToManyTableGroup (a1 : org.frcpm.models.TeamMember.attendances) {
              primaryTableReference : attendances as a1_0
              TableGroupJoins {
                left  join LazyTableGroup (m1 : org.frcpm.models.TeamMember.attendances.{element}.meeting) {
                }
                left  join LazyTableGroup (m2 : org.frcpm.models.TeamMember.attendances.{element}.member) {
                }
              }
            }
            left  join LazyTableGroup (s1 : org.frcpm.models.TeamMember.subteam) {
            }
          }
        }
      }
    }

10:24:13.403 [main] DEBUG org.hibernate.orm.sql.exec - Skipping reading Query result cache data: cache-enabled = false, cache-mode = IGNORE
10:24:13.403 [main] DEBUG org.hibernate.orm.results - Initializer list:
	  org.frcpm.models.TeamMember.subteam -> EntityDelayedFetchInitializer(org.frcpm.models.TeamMember.subteam)@760626884 (ToOneAttributeMapping(NavigableRole[org.frcpm.models.TeamMember.subteam])@39530953)
	  org.frcpm.models.TeamMember.attendances.{element} -> EntityJoinedFetchInitializer(org.frcpm.models.TeamMember.attendances.{element})@1534361996 (EntityCollectionPart(org.frcpm.models.TeamMember.attendances#{element})@1968404032)
	  org.frcpm.models.TeamMember.assignedTasks -> DelayedCollectionInitializer(org.frcpm.models.TeamMember.assignedTasks)@1768932912 (PluralAttribute(org.frcpm.models.TeamMember.assignedTasks))
	  org.frcpm.models.TeamMember.attendances.{element}.meeting -> EntityDelayedFetchInitializer(org.frcpm.models.TeamMember.attendances.{element}.meeting)@845248429 (ToOneAttributeMapping(NavigableRole[org.frcpm.models.Attendance.meeting])@136778400)
	  org.frcpm.models.TeamMember -> EntityResultInitializer(org.frcpm.models.TeamMember)@1298589836 (SingleTableEntityPersister(org.frcpm.models.TeamMember))
	  org.frcpm.models.TeamMember.attendances -> SetInitializer(org.frcpm.models.TeamMember.attendances)@594114070 (PluralAttribute(org.frcpm.models.TeamMember.attendances))

10:24:13.403 [main] DEBUG org.hibernate.SQL - select tm1_0.id,a1_0.member_id,a1_0.id,a1_0.arrival_time,a1_0.departure_time,a1_0.meeting_id,a1_0.present,tm1_0.email,tm1_0.first_name,tm1_0.last_name,tm1_0.is_leader,tm1_0.phone,tm1_0.skills,tm1_0.subteam_id,tm1_0.username from team_members tm1_0 left join attendances a1_0 on tm1_0.id=a1_0.member_id where tm1_0.id=?
10:24:13.404 [main] DEBUG org.hibernate.orm.results.loading.entity - (EntityResultInitializer) Hydrated EntityKey (org.frcpm.models.TeamMember): 143
10:24:13.404 [main] DEBUG org.hibernate.orm.results.loading.org.hibernate.orm.results.loading.collection - (SetInitializer) Current row collection key : org.frcpm.models.TeamMember.attendances#143
10:24:13.404 [main] DEBUG org.hibernate.orm.results - Extracted JDBC value [1] - [null]
10:24:13.404 [main] DEBUG org.hibernate.orm.results - Extracted JDBC value [2] - [null]
10:24:13.404 [main] DEBUG org.hibernate.orm.results.loading.entity - (EntityJoinedFetchInitializer) EntityKey (org.frcpm.models.TeamMember.attendances.{element}) is null
10:24:13.404 [main] DEBUG org.hibernate.orm.results.loading.org.hibernate.orm.results.loading.collection - (DelayedCollectionInitializer) Current row collection key : org.frcpm.models.TeamMember.assignedTasks#143
10:24:13.404 [main] DEBUG org.hibernate.orm.results.loading.entity - (EntityResultInitializer) Created new entity instance [org.frcpm.models.TeamMember#143] : 1998394503
10:24:13.404 [main] DEBUG org.hibernate.orm.results.loading.org.hibernate.orm.results.loading.collection - (SetInitializer) Created new collection wrapper [org.frcpm.models.TeamMember.attendances#143] : org.hibernate.collection.spi.PersistentSet@678130766
10:24:13.404 [main] DEBUG org.hibernate.orm.results.loading.org.hibernate.orm.results.loading.collection - (SetInitializer) Responsible for loading collection [org.frcpm.models.TeamMember.attendances#143] : org.hibernate.collection.spi.PersistentSet@678130766
10:24:13.404 [main] DEBUG org.hibernate.orm.results - Extracted JDBC value [13] - [null]
10:24:13.404 [main] DEBUG org.hibernate.orm.results - Extracted JDBC value [7] - [attendance1@example.com]
10:24:13.404 [main] DEBUG org.hibernate.orm.results - Extracted JDBC value [8] - [Attendance]
10:24:13.404 [main] DEBUG org.hibernate.orm.results - Extracted JDBC value [9] - [Test1]
10:24:13.404 [main] DEBUG org.hibernate.orm.results - Extracted JDBC value [10] - [false]
10:24:13.404 [main] DEBUG org.hibernate.orm.results - Extracted JDBC value [11] - [null]
10:24:13.404 [main] DEBUG org.hibernate.orm.results - Extracted JDBC value [12] - [null]
10:24:13.404 [main] DEBUG org.hibernate.orm.results - Extracted JDBC value [14] - [attendancetest1]
10:24:13.404 [main] DEBUG org.hibernate.orm.results.loading.entity - (EntityResultInitializer) Done materializing entityInstance : org.frcpm.models.TeamMember#143
10:24:13.404 [main] DEBUG org.hibernate.orm.results.loading - Calling top-level assembler (0 / 1) : org.hibernate.sql.results.graph.entity.internal.EntityAssembler@8f73a8f
10:24:13.404 [main] DEBUG org.hibernate.sql.results.internal.ResultsHelper - Collection fully initialized: [org.frcpm.models.TeamMember.attendances#143]
10:24:13.404 [main] DEBUG org.hibernate.engine.spi.CollectionEntry - Reset storedSnapshot to {} for CollectionEntry[org.frcpm.models.TeamMember.assignedTasks#143]
10:24:13.404 [main] DEBUG org.hibernate.engine.spi.CollectionEntry - Reset storedSnapshot to {} for CollectionEntry[org.frcpm.models.TeamMember.attendances#143]
10:24:13.404 [main] DEBUG org.hibernate.engine.transaction.internal.TransactionImpl - committing
10:24:13.405 [main] DEBUG org.hibernate.event.internal.AbstractFlushingEventListener - Processing flush-time cascades
10:24:13.405 [main] DEBUG org.hibernate.event.internal.AbstractFlushingEventListener - Dirty checking collections
10:24:13.405 [main] DEBUG org.hibernate.engine.internal.Collections - Collection dereferenced: [org.frcpm.models.TeamMember.assignedTasks#143]
10:24:13.405 [main] DEBUG org.hibernate.engine.internal.Collections - Collection dereferenced: [org.frcpm.models.TeamMember.attendances#143]
10:24:13.405 [main] DEBUG org.hibernate.event.internal.AbstractFlushingEventListener - Flushed: 0 insertions, 0 updates, 1 deletions to 1 objects
10:24:13.405 [main] DEBUG org.hibernate.event.internal.AbstractFlushingEventListener - Flushed: 0 (re)creations, 0 updates, 2 removals to 2 collections
10:24:13.405 [main] DEBUG org.hibernate.internal.util.EntityPrinter - Listing entities:
10:24:13.405 [main] DEBUG org.hibernate.internal.util.EntityPrinter - org.frcpm.models.TeamMember{skills=null, firstName=Attendance, lastName=Test1, leader=false, subteam=null, phone=null, id=143, attendances=[], email=attendance1@example.com, assignedTasks=<uninitialized>, username=attendancetest1}
10:24:13.405 [main] DEBUG org.hibernate.SQL - delete from team_members where id=?
10:24:13.406 [main] DEBUG org.hibernate.orm.jdbc.batch - PreparedStatementDetails did not contain PreparedStatement on #releaseStatements : delete from team_members where id=?
10:24:13.406 [main] DEBUG org.hibernate.orm.jdbc.batch - PreparedStatementDetails did not contain PreparedStatement on #releaseStatements : delete from team_members where id=?
10:24:13.406 [main] DEBUG org.hibernate.resource.jdbc.internal.LogicalConnectionManagedImpl - Initiating JDBC connection release from afterTransaction
10:24:13.406 [main] DEBUG org.hibernate.orm.jdbc.batch - PreparedStatementDetails did not contain PreparedStatement on #releaseStatements : delete from team_members where id=?
10:24:13.406 [main] DEBUG org.hibernate.orm.jdbc.batch - PreparedStatementDetails did not contain PreparedStatement on #releaseStatements : delete from team_members where id=?
10:24:13.406 [main] DEBUG org.hibernate.resource.jdbc.internal.LogicalConnectionManagedImpl - Initiating JDBC connection release from afterTransaction
10:24:13.406 [main] DEBUG org.hibernate.engine.jdbc.internal.JdbcCoordinatorImpl - HHH000420: Closing un-released batch
10:24:13.406 [main] DEBUG org.hibernate.orm.jdbc.batch - PreparedStatementDetails did not contain PreparedStatement on #releaseStatements : delete from team_members where id=?
10:24:13.406 [main] DEBUG org.hibernate.orm.jdbc.batch - PreparedStatementDetails did not contain PreparedStatement on #releaseStatements : delete from team_members where id=?
10:24:13.406 [main] DEBUG org.hibernate.engine.transaction.internal.TransactionImpl - On TransactionImpl creation, JpaCompliance#isJpaTransactionComplianceEnabled == false
10:24:13.406 [main] DEBUG org.hibernate.engine.transaction.internal.TransactionImpl - begin
10:24:13.406 [main] DEBUG org.hibernate.orm.sql.exec - Skipping reading Query result cache data: cache-enabled = false, cache-mode = IGNORE
10:24:13.406 [main] DEBUG org.hibernate.orm.results - Initializer list:
	  org.frcpm.models.TeamMember.subteam -> EntityDelayedFetchInitializer(org.frcpm.models.TeamMember.subteam)@1747917009 (ToOneAttributeMapping(NavigableRole[org.frcpm.models.TeamMember.subteam])@39530953)
	  org.frcpm.models.TeamMember.attendances.{element} -> EntityJoinedFetchInitializer(org.frcpm.models.TeamMember.attendances.{element})@454412446 (EntityCollectionPart(org.frcpm.models.TeamMember.attendances#{element})@1968404032)
	  org.frcpm.models.TeamMember.assignedTasks -> DelayedCollectionInitializer(org.frcpm.models.TeamMember.assignedTasks)@705145393 (PluralAttribute(org.frcpm.models.TeamMember.assignedTasks))
	  org.frcpm.models.TeamMember.attendances.{element}.meeting -> EntityDelayedFetchInitializer(org.frcpm.models.TeamMember.attendances.{element}.meeting)@817750309 (ToOneAttributeMapping(NavigableRole[org.frcpm.models.Attendance.meeting])@136778400)
	  org.frcpm.models.TeamMember -> EntityResultInitializer(org.frcpm.models.TeamMember)@549752435 (SingleTableEntityPersister(org.frcpm.models.TeamMember))
	  org.frcpm.models.TeamMember.attendances -> SetInitializer(org.frcpm.models.TeamMember.attendances)@354477005 (PluralAttribute(org.frcpm.models.TeamMember.attendances))

10:24:13.407 [main] DEBUG org.hibernate.SQL - select tm1_0.id,a1_0.member_id,a1_0.id,a1_0.arrival_time,a1_0.departure_time,a1_0.meeting_id,a1_0.present,tm1_0.email,tm1_0.first_name,tm1_0.last_name,tm1_0.is_leader,tm1_0.phone,tm1_0.skills,tm1_0.subteam_id,tm1_0.username from team_members tm1_0 left join attendances a1_0 on tm1_0.id=a1_0.member_id where tm1_0.id=?
10:24:13.407 [main] DEBUG org.hibernate.orm.results.loading.entity - (EntityResultInitializer) Hydrated EntityKey (org.frcpm.models.TeamMember): 144
10:24:13.407 [main] DEBUG org.hibernate.orm.results.loading.org.hibernate.orm.results.loading.collection - (SetInitializer) Current row collection key : org.frcpm.models.TeamMember.attendances#144
10:24:13.407 [main] DEBUG org.hibernate.orm.results - Extracted JDBC value [1] - [null]
10:24:13.407 [main] DEBUG org.hibernate.orm.results - Extracted JDBC value [2] - [null]
10:24:13.407 [main] DEBUG org.hibernate.orm.results.loading.entity - (EntityJoinedFetchInitializer) EntityKey (org.frcpm.models.TeamMember.attendances.{element}) is null
10:24:13.407 [main] DEBUG org.hibernate.orm.results.loading.org.hibernate.orm.results.loading.collection - (DelayedCollectionInitializer) Current row collection key : org.frcpm.models.TeamMember.assignedTasks#144
10:24:13.407 [main] DEBUG org.hibernate.orm.results.loading.entity - (EntityResultInitializer) Created new entity instance [org.frcpm.models.TeamMember#144] : 1496928782
10:24:13.407 [main] DEBUG org.hibernate.orm.results.loading.org.hibernate.orm.results.loading.collection - (SetInitializer) Created new collection wrapper [org.frcpm.models.TeamMember.attendances#144] : org.hibernate.collection.spi.PersistentSet@1162996274
10:24:13.407 [main] DEBUG org.hibernate.orm.results.loading.org.hibernate.orm.results.loading.collection - (SetInitializer) Responsible for loading collection [org.frcpm.models.TeamMember.attendances#144] : org.hibernate.collection.spi.PersistentSet@1162996274
10:24:13.407 [main] DEBUG org.hibernate.orm.results - Extracted JDBC value [13] - [null]
10:24:13.407 [main] DEBUG org.hibernate.orm.results - Extracted JDBC value [7] - [attendance2@example.com]
10:24:13.407 [main] DEBUG org.hibernate.orm.results - Extracted JDBC value [8] - [Attendance]
10:24:13.407 [main] DEBUG org.hibernate.orm.results - Extracted JDBC value [9] - [Test2]
10:24:13.407 [main] DEBUG org.hibernate.orm.results - Extracted JDBC value [10] - [false]
10:24:13.407 [main] DEBUG org.hibernate.orm.results - Extracted JDBC value [11] - [null]
10:24:13.407 [main] DEBUG org.hibernate.orm.results - Extracted JDBC value [12] - [null]
10:24:13.407 [main] DEBUG org.hibernate.orm.results - Extracted JDBC value [14] - [attendancetest2]
10:24:13.407 [main] DEBUG org.hibernate.orm.results.loading.entity - (EntityResultInitializer) Done materializing entityInstance : org.frcpm.models.TeamMember#144
10:24:13.407 [main] DEBUG org.hibernate.orm.results.loading - Calling top-level assembler (0 / 1) : org.hibernate.sql.results.graph.entity.internal.EntityAssembler@4f17067a
10:24:13.407 [main] DEBUG org.hibernate.sql.results.internal.ResultsHelper - Collection fully initialized: [org.frcpm.models.TeamMember.attendances#144]
10:24:13.407 [main] DEBUG org.hibernate.engine.spi.CollectionEntry - Reset storedSnapshot to {} for CollectionEntry[org.frcpm.models.TeamMember.assignedTasks#144]
10:24:13.407 [main] DEBUG org.hibernate.engine.spi.CollectionEntry - Reset storedSnapshot to {} for CollectionEntry[org.frcpm.models.TeamMember.attendances#144]
10:24:13.407 [main] DEBUG org.hibernate.engine.transaction.internal.TransactionImpl - committing
10:24:13.408 [main] DEBUG org.hibernate.event.internal.AbstractFlushingEventListener - Processing flush-time cascades
10:24:13.408 [main] DEBUG org.hibernate.event.internal.AbstractFlushingEventListener - Dirty checking collections
10:24:13.408 [main] DEBUG org.hibernate.engine.internal.Collections - Collection dereferenced: [org.frcpm.models.TeamMember.assignedTasks#144]
10:24:13.408 [main] DEBUG org.hibernate.engine.internal.Collections - Collection dereferenced: [org.frcpm.models.TeamMember.attendances#144]
10:24:13.408 [main] DEBUG org.hibernate.event.internal.AbstractFlushingEventListener - Flushed: 0 insertions, 0 updates, 1 deletions to 1 objects
10:24:13.408 [main] DEBUG org.hibernate.event.internal.AbstractFlushingEventListener - Flushed: 0 (re)creations, 0 updates, 2 removals to 2 collections
10:24:13.408 [main] DEBUG org.hibernate.internal.util.EntityPrinter - Listing entities:
10:24:13.408 [main] DEBUG org.hibernate.internal.util.EntityPrinter - org.frcpm.models.TeamMember{skills=null, firstName=Attendance, lastName=Test2, leader=false, subteam=null, phone=null, id=144, attendances=[], email=attendance2@example.com, assignedTasks=<uninitialized>, username=attendancetest2}
10:24:13.408 [main] DEBUG org.hibernate.SQL - delete from team_members where id=?
10:24:13.408 [main] DEBUG org.hibernate.orm.jdbc.batch - PreparedStatementDetails did not contain PreparedStatement on #releaseStatements : delete from team_members where id=?
10:24:13.408 [main] DEBUG org.hibernate.orm.jdbc.batch - PreparedStatementDetails did not contain PreparedStatement on #releaseStatements : delete from team_members where id=?
10:24:13.408 [main] DEBUG org.hibernate.resource.jdbc.internal.LogicalConnectionManagedImpl - Initiating JDBC connection release from afterTransaction
10:24:13.408 [main] DEBUG org.hibernate.orm.jdbc.batch - PreparedStatementDetails did not contain PreparedStatement on #releaseStatements : delete from team_members where id=?
10:24:13.408 [main] DEBUG org.hibernate.orm.jdbc.batch - PreparedStatementDetails did not contain PreparedStatement on #releaseStatements : delete from team_members where id=?
10:24:13.408 [main] DEBUG org.hibernate.resource.jdbc.internal.LogicalConnectionManagedImpl - Initiating JDBC connection release from afterTransaction
10:24:13.408 [main] DEBUG org.hibernate.engine.jdbc.internal.JdbcCoordinatorImpl - HHH000420: Closing un-released batch
10:24:13.408 [main] DEBUG org.hibernate.orm.jdbc.batch - PreparedStatementDetails did not contain PreparedStatement on #releaseStatements : delete from team_members where id=?
10:24:13.408 [main] DEBUG org.hibernate.orm.jdbc.batch - PreparedStatementDetails did not contain PreparedStatement on #releaseStatements : delete from team_members where id=?
10:24:13.409 [main] DEBUG org.hibernate.engine.transaction.internal.TransactionImpl - On TransactionImpl creation, JpaCompliance#isJpaTransactionComplianceEnabled == false
10:24:13.409 [main] DEBUG org.hibernate.engine.transaction.internal.TransactionImpl - begin
10:24:13.409 [main] DEBUG org.hibernate.orm.sql.ast.create - Created new SQL alias : p1_0
10:24:13.409 [main] DEBUG org.hibernate.orm.sql.ast.create - Registration of TableGroup [StandardTableGroup(org.frcpm.models.Project)] with identifierForTableGroup [org.frcpm.models.Project] for NavigablePath [org.frcpm.models.Project] 
10:24:13.409 [main] DEBUG org.hibernate.orm.sql.ast.create - Created new SQL alias : m1_0
10:24:13.409 [main] DEBUG org.hibernate.orm.sql.ast.create - Registration of TableGroup [org.hibernate.sql.ast.tree.from.OneToManyTableGroup@383f7dca] with identifierForTableGroup [org.frcpm.models.Project.meetings] for NavigablePath [org.frcpm.models.Project.meetings] 
10:24:13.409 [main] DEBUG org.hibernate.orm.sql.ast.create - Registration of TableGroup [StandardTableGroup(org.frcpm.models.Project.meetings.{element})] with identifierForTableGroup [org.frcpm.models.Project.meetings.{element}] for NavigablePath [org.frcpm.models.Project.meetings.{element}] 
10:24:13.409 [main] DEBUG org.hibernate.orm.sql.ast.create - Registration of TableGroup [org.hibernate.sql.ast.tree.from.LazyTableGroup@72751085] with identifierForTableGroup [org.frcpm.models.Project.meetings.{element}.project] for NavigablePath [org.frcpm.models.Project.meetings.{element}.project] 
10:24:13.409 [main] DEBUG org.hibernate.orm.results.graph.AST - DomainResult Graph:
 \-EntityResultImpl [org.frcpm.models.Project]
 |  +-BasicFetch [org.frcpm.models.Project.description]
 |  +-BasicFetch [org.frcpm.models.Project.goalEndDate]
 |  +-BasicFetch [org.frcpm.models.Project.hardDeadline]
 |  +-EagerCollectionFetch [org.frcpm.models.Project.meetings]
 |  |  \-EntityFetchJoinedImpl [org.frcpm.models.Project.meetings.{element}]
 |  +-SelectEagerCollectionFetch [org.frcpm.models.Project.milestones]
 |  +-BasicFetch [org.frcpm.models.Project.name]
 |  +-BasicFetch [org.frcpm.models.Project.startDate]
 |  \-SelectEagerCollectionFetch [org.frcpm.models.Project.tasks]

10:24:13.409 [main] DEBUG org.hibernate.orm.sql.ast.tree - SQL AST Tree:
    SelectStatement {
      FromClause {
        StandardTableGroup (p1 : org.frcpm.models.Project) {
          primaryTableReference : projects as p1_0
          TableGroupJoins {
            left  join OneToManyTableGroup (m1 : org.frcpm.models.Project.meetings) {
              primaryTableReference : meetings as m1_0
              TableGroupJoins {
                left  join LazyTableGroup (p2 : org.frcpm.models.Project.meetings.{element}.project) {
                }
              }
            }
          }
        }
      }
    }

10:24:13.409 [main] DEBUG org.hibernate.orm.sql.exec - Skipping reading Query result cache data: cache-enabled = false, cache-mode = IGNORE
10:24:13.409 [main] DEBUG org.hibernate.orm.results - Initializer list:
	  org.frcpm.models.Project.meetings -> BagInitializer(org.frcpm.models.Project.meetings)@891179075 (PluralAttribute(org.frcpm.models.Project.meetings))
	  org.frcpm.models.Project.tasks -> SelectEagerCollectionInitializer(org.frcpm.models.Project.tasks)@1988930055 (PluralAttribute(org.frcpm.models.Project.tasks))
	  org.frcpm.models.Project.meetings.{element} -> EntityJoinedFetchInitializer(org.frcpm.models.Project.meetings.{element})@740781419 (EntityCollectionPart(org.frcpm.models.Project.meetings#{element})@508619084)
	  org.frcpm.models.Project.meetings.{element}.attendances -> SelectEagerCollectionInitializer(org.frcpm.models.Project.meetings.{element}.attendances)@1493909133 (PluralAttribute(org.frcpm.models.Meeting.attendances))
	  org.frcpm.models.Project -> EntityResultInitializer(org.frcpm.models.Project)@1254386489 (SingleTableEntityPersister(org.frcpm.models.Project))
	  org.frcpm.models.Project.milestones -> SelectEagerCollectionInitializer(org.frcpm.models.Project.milestones)@1570704191 (PluralAttribute(org.frcpm.models.Project.milestones))

10:24:13.409 [main] DEBUG org.hibernate.SQL - select p1_0.id,p1_0.description,p1_0.goal_end_date,p1_0.hard_deadline,p1_0.name,p1_0.start_date,m1_0.project_id,m1_0.id,m1_0.date,m1_0.end_time,m1_0.notes,m1_0.start_time from projects p1_0 left join meetings m1_0 on p1_0.id=m1_0.project_id where p1_0.id=?
10:24:13.410 [main] DEBUG org.hibernate.orm.results.loading.entity - (EntityResultInitializer) Hydrated EntityKey (org.frcpm.models.Project): 161
10:24:13.410 [main] DEBUG org.hibernate.orm.results.loading.org.hibernate.orm.results.loading.collection - (BagInitializer) Current row collection key : org.frcpm.models.Project.meetings#161
10:24:13.410 [main] DEBUG org.hibernate.orm.results - Extracted JDBC value [6] - [null]
10:24:13.410 [main] DEBUG org.hibernate.orm.results - Extracted JDBC value [7] - [null]
10:24:13.410 [main] DEBUG org.hibernate.orm.results.loading.entity - (EntityJoinedFetchInitializer) EntityKey (org.frcpm.models.Project.meetings.{element}) is null
10:24:13.410 [main] DEBUG org.hibernate.orm.results.loading.org.hibernate.orm.results.loading.collection - (SelectEagerCollectionInitializer) Current row collection key : org.frcpm.models.Project.milestones#161
10:24:13.410 [main] DEBUG org.hibernate.orm.results.loading.org.hibernate.orm.results.loading.collection - (SelectEagerCollectionInitializer) Current row collection key : org.frcpm.models.Project.tasks#161
10:24:13.410 [main] DEBUG org.hibernate.orm.results.loading.entity - (EntityResultInitializer) Created new entity instance [org.frcpm.models.Project#161] : 756483079
10:24:13.410 [main] DEBUG org.hibernate.orm.results.loading.org.hibernate.orm.results.loading.collection - (BagInitializer) Created new collection wrapper [org.frcpm.models.Project.meetings#161] : org.hibernate.collection.spi.PersistentBag@150221929
10:24:13.410 [main] DEBUG org.hibernate.orm.results.loading.org.hibernate.orm.results.loading.collection - (BagInitializer) Responsible for loading collection [org.frcpm.models.Project.meetings#161] : org.hibernate.collection.spi.PersistentBag@150221929
10:24:13.410 [main] DEBUG org.hibernate.orm.results - Extracted JDBC value [1] - [null]
10:24:13.410 [main] DEBUG org.hibernate.orm.results - Extracted JDBC value [2] - [2025-06-06]
10:24:13.410 [main] DEBUG org.hibernate.orm.results - Extracted JDBC value [3] - [2025-06-20]
10:24:13.410 [main] DEBUG org.hibernate.orm.results - Extracted JDBC value [4] - [Test Attendance Project]
10:24:13.410 [main] DEBUG org.hibernate.orm.results - Extracted JDBC value [5] - [2025-04-25]
10:24:13.410 [main] DEBUG org.hibernate.orm.results.loading.entity - (EntityResultInitializer) Done materializing entityInstance : org.frcpm.models.Project#161
10:24:13.410 [main] DEBUG org.hibernate.orm.results.loading - Calling top-level assembler (0 / 1) : org.hibernate.sql.results.graph.entity.internal.EntityAssembler@605e31c0
10:24:13.410 [main] DEBUG org.hibernate.sql.results.internal.ResultsHelper - Collection fully initialized: [org.frcpm.models.Project.meetings#161]
10:24:13.410 [main] DEBUG org.hibernate.orm.sql.exec - Skipping reading Query result cache data: cache-enabled = false, cache-mode = IGNORE
10:24:13.410 [main] DEBUG org.hibernate.orm.results - Initializer list:
	  org.frcpm.models.Project.tasks.{element}.assignedTo -> DelayedCollectionInitializer(org.frcpm.models.Project.tasks.{element}.assignedTo)@1235224286 (PluralAttribute(org.frcpm.models.Task.assignedTo))
	  org.frcpm.models.Project.tasks.{element}.postDependencies -> DelayedCollectionInitializer(org.frcpm.models.Project.tasks.{element}.postDependencies)@1980418639 (PluralAttribute(org.frcpm.models.Task.postDependencies))
	  org.frcpm.models.Project.tasks.{element} -> EntityJoinedFetchInitializer(org.frcpm.models.Project.tasks.{element})@1656786654 (EntityCollectionPart(org.frcpm.models.Project.tasks#{element})@1929474935)
	  org.frcpm.models.Project.tasks.{element}.requiredComponents -> DelayedCollectionInitializer(org.frcpm.models.Project.tasks.{element}.requiredComponents)@987630911 (PluralAttribute(org.frcpm.models.Task.requiredComponents))
	  org.frcpm.models.Project.tasks.{element}.project -> EntityDelayedFetchInitializer(org.frcpm.models.Project.tasks.{element}.project)@447148185 (ToOneAttributeMapping(NavigableRole[org.frcpm.models.Task.project])@2096507757)
	  org.frcpm.models.Project.tasks.{element}.subsystem -> EntityDelayedFetchInitializer(org.frcpm.models.Project.tasks.{element}.subsystem)@76838223 (ToOneAttributeMapping(NavigableRole[org.frcpm.models.Task.subsystem])@1315514135)
	  org.frcpm.models.Project.tasks.{element}.preDependencies -> DelayedCollectionInitializer(org.frcpm.models.Project.tasks.{element}.preDependencies)@1676027003 (PluralAttribute(org.frcpm.models.Task.preDependencies))
	  org.frcpm.models.Project.tasks -> BagInitializer(org.frcpm.models.Project.tasks)@780584489 (PluralAttribute(org.frcpm.models.Project.tasks))

10:24:13.410 [main] DEBUG org.hibernate.SQL - select t1_0.project_id,t1_0.id,t1_0.actual_duration_seconds,t1_0.completed,t1_0.description,t1_0.end_date,t1_0.estimated_duration_seconds,t1_0.priority,t1_0.progress,t1_0.start_date,t1_0.subsystem_id,t1_0.title from tasks t1_0 where t1_0.project_id=?
10:24:13.411 [main] DEBUG org.hibernate.sql.results.internal.ResultsHelper - Collection fully initialized: [org.frcpm.models.Project.tasks#161]
10:24:13.411 [main] DEBUG org.hibernate.orm.sql.exec - Skipping reading Query result cache data: cache-enabled = false, cache-mode = IGNORE
10:24:13.411 [main] DEBUG org.hibernate.orm.results - Initializer list:
	  org.frcpm.models.Project.milestones.{element}.project -> EntityDelayedFetchInitializer(org.frcpm.models.Project.milestones.{element}.project)@1558054734 (ToOneAttributeMapping(NavigableRole[org.frcpm.models.Milestone.project])@1156658546)
	  org.frcpm.models.Project.milestones.{element} -> EntityJoinedFetchInitializer(org.frcpm.models.Project.milestones.{element})@840798063 (EntityCollectionPart(org.frcpm.models.Project.milestones#{element})@1978341139)
	  org.frcpm.models.Project.milestones -> BagInitializer(org.frcpm.models.Project.milestones)@1503894167 (PluralAttribute(org.frcpm.models.Project.milestones))

10:24:13.411 [main] DEBUG org.hibernate.SQL - select m1_0.project_id,m1_0.id,m1_0.date,m1_0.description,m1_0.name from milestones m1_0 where m1_0.project_id=?
10:24:13.411 [main] DEBUG org.hibernate.sql.results.internal.ResultsHelper - Collection fully initialized: [org.frcpm.models.Project.milestones#161]
10:24:13.411 [main] DEBUG org.hibernate.engine.spi.CollectionEntry - Reset storedSnapshot to [] for CollectionEntry[org.frcpm.models.Project.meetings#161]
10:24:13.411 [main] DEBUG org.hibernate.engine.spi.CollectionEntry - Reset storedSnapshot to [] for CollectionEntry[org.frcpm.models.Project.milestones#161]
10:24:13.411 [main] DEBUG org.hibernate.engine.spi.CollectionEntry - Reset storedSnapshot to [] for CollectionEntry[org.frcpm.models.Project.tasks#161]
10:24:13.411 [main] DEBUG org.hibernate.engine.transaction.internal.TransactionImpl - committing
10:24:13.411 [main] DEBUG org.hibernate.event.internal.AbstractFlushingEventListener - Processing flush-time cascades
10:24:13.411 [main] DEBUG org.hibernate.event.internal.AbstractFlushingEventListener - Dirty checking collections
10:24:13.411 [main] DEBUG org.hibernate.engine.internal.Collections - Collection dereferenced: [org.frcpm.models.Project.meetings#161]
10:24:13.411 [main] DEBUG org.hibernate.engine.internal.Collections - Collection dereferenced: [org.frcpm.models.Project.milestones#161]
10:24:13.411 [main] DEBUG org.hibernate.engine.internal.Collections - Collection dereferenced: [org.frcpm.models.Project.tasks#161]
10:24:13.411 [main] DEBUG org.hibernate.event.internal.AbstractFlushingEventListener - Flushed: 0 insertions, 0 updates, 1 deletions to 1 objects
10:24:13.411 [main] DEBUG org.hibernate.event.internal.AbstractFlushingEventListener - Flushed: 0 (re)creations, 0 updates, 3 removals to 3 collections
10:24:13.411 [main] DEBUG org.hibernate.internal.util.EntityPrinter - Listing entities:
10:24:13.411 [main] DEBUG org.hibernate.internal.util.EntityPrinter - org.frcpm.models.Project{hardDeadline=2025-06-20, name=Test Attendance Project, description=null, meetings=[], id=161, goalEndDate=2025-06-06, milestones=[], startDate=2025-04-25, tasks=[]}
10:24:13.412 [main] DEBUG org.hibernate.SQL - delete from projects where id=?
10:24:13.414 [main] DEBUG org.hibernate.orm.jdbc.batch - PreparedStatementDetails did not contain PreparedStatement on #releaseStatements : delete from projects where id=?
10:24:13.415 [main] DEBUG org.hibernate.orm.jdbc.batch - PreparedStatementDetails did not contain PreparedStatement on #releaseStatements : delete from projects where id=?
10:24:13.415 [main] DEBUG org.hibernate.resource.jdbc.internal.LogicalConnectionManagedImpl - Initiating JDBC connection release from afterTransaction
10:24:13.415 [main] DEBUG org.hibernate.orm.jdbc.batch - PreparedStatementDetails did not contain PreparedStatement on #releaseStatements : delete from projects where id=?
10:24:13.415 [main] DEBUG org.hibernate.orm.jdbc.batch - PreparedStatementDetails did not contain PreparedStatement on #releaseStatements : delete from projects where id=?
10:24:13.415 [main] DEBUG org.hibernate.resource.jdbc.internal.LogicalConnectionManagedImpl - Initiating JDBC connection release from afterTransaction
10:24:13.415 [main] DEBUG org.hibernate.engine.jdbc.internal.JdbcCoordinatorImpl - HHH000420: Closing un-released batch
10:24:13.415 [main] DEBUG org.hibernate.orm.jdbc.batch - PreparedStatementDetails did not contain PreparedStatement on #releaseStatements : delete from projects where id=?
10:24:13.415 [main] DEBUG org.hibernate.orm.jdbc.batch - PreparedStatementDetails did not contain PreparedStatement on #releaseStatements : delete from projects where id=?
10:24:13.415 [main] DEBUG org.hibernate.internal.SessionFactoryImpl - HHH000031: Closing
10:24:13.415 [main] DEBUG org.hibernate.type.spi.TypeConfiguration$Scope - Un-scoping TypeConfiguration [org.hibernate.type.spi.TypeConfiguration$Scope@224061ec] from SessionFactory [org.hibernate.internal.SessionFactoryImpl@6f608880]
10:24:13.415 [main] DEBUG org.hibernate.service.internal.AbstractServiceRegistryImpl - Implicitly destroying ServiceRegistry on de-registration of all child ServiceRegistries
10:24:13.415 [main] INFO com.zaxxer.hikari.HikariDataSource - FRC-PM-HikariCP - Shutdown initiated...
10:24:13.415 [main] DEBUG com.zaxxer.hikari.pool.HikariPool - FRC-PM-HikariCP - Before shutdown stats (total=2, active=0, idle=2, waiting=0)
10:24:13.417 [FRC-PM-HikariCP connection closer] DEBUG com.zaxxer.hikari.pool.PoolBase - FRC-PM-HikariCP - Closing connection conn8: url=jdbc:h2:file:C:\Users\dhiebert\.frcpm\frcpm user=SA: (connection evicted)
10:24:13.418 [FRC-PM-HikariCP connection closer] DEBUG com.zaxxer.hikari.pool.PoolBase - FRC-PM-HikariCP - Closing connection conn9: url=jdbc:h2:file:C:\Users\dhiebert\.frcpm\frcpm user=SA: (connection evicted)
10:24:13.625 [main] DEBUG com.zaxxer.hikari.pool.HikariPool - FRC-PM-HikariCP - After shutdown stats (total=0, active=0, idle=0, waiting=0)
10:24:13.625 [main] INFO com.zaxxer.hikari.HikariDataSource - FRC-PM-HikariCP - Shutdown completed.
10:24:13.625 [main] DEBUG org.hibernate.boot.registry.internal.BootstrapServiceRegistryImpl - Implicitly destroying Boot-strap registry on de-registration of all child ServiceRegistries
]]></system-out>
    <system-err><![CDATA[Apr 25, 2025 10:24:13 AM org.frcpm.config.DatabaseConfig initialize
INFO: Initializing database configuration...
Apr 25, 2025 10:24:13 AM org.frcpm.config.DatabaseConfig initialize
INFO: Using FILE-BASED database at: file:C:\Users\dhiebert\.frcpm\frcpm
Apr 25, 2025 10:24:13 AM org.frcpm.config.DatabaseConfig initialize
INFO: Using JDBC URL: jdbc:h2:file:C:\Users\dhiebert\.frcpm\frcpm
Apr 25, 2025 10:24:13 AM org.frcpm.config.DatabaseConfig initialize
INFO: Using schema mode: update
Apr 25, 2025 10:24:13 AM org.frcpm.config.DatabaseConfig initialize
INFO: Database configuration initialized successfully in PRODUCTION mode
Apr 25, 2025 10:24:13 AM org.frcpm.config.DatabaseConfig shutdown
INFO: Database configuration shut down
]]></system-err>
  </testcase>
  <testcase name="testCount" classname="org.frcpm.repositories.AttendanceRepositoryTest" time="0.556">
    <system-out><![CDATA[10:24:13.631 [main] DEBUG org.hibernate.jpa.HibernatePersistenceProvider - Located and parsed 1 persistence units; checking each
10:24:13.631 [main] DEBUG org.hibernate.jpa.HibernatePersistenceProvider - Checking persistence-unit [name=frcpm, explicit-provider=org.hibernate.jpa.HibernatePersistenceProvider] against incoming persistence unit name [frcpm]
10:24:13.631 [main] DEBUG org.hibernate.jpa.boot.spi.ProviderChecker - Persistence-unit [frcpm] requested PersistenceProvider [org.hibernate.jpa.HibernatePersistenceProvider]
10:24:13.632 [main] DEBUG org.hibernate.jpa.internal.util.LogHelper - PersistenceUnitInfo [
	name: frcpm
	persistence provider classname: org.hibernate.jpa.HibernatePersistenceProvider
	classloader: null
	excludeUnlistedClasses: false
	JTA datasource: null
	Non JTA datasource: null
	Transaction type: RESOURCE_LOCAL
	PU root URL: file:/C:/Users/dhiebert/Local%20Repositories/Project%20Management%202.0/target/classes
	Shared Cache Mode: null
	Validation Mode: null
	Jar files URLs []
	Managed classes names [
		org.frcpm.models.Project
		org.frcpm.models.Subteam
		org.frcpm.models.TeamMember
		org.frcpm.models.Subsystem
		org.frcpm.models.Task
		org.frcpm.models.Component
		org.frcpm.models.Meeting
		org.frcpm.models.Attendance
		org.frcpm.models.Milestone]
	Mapping files names []
	Properties [
		hibernate.connection.handling_mode: DELAYED_ACQUISITION_AND_RELEASE_AFTER_STATEMENT
		jakarta.persistence.jdbc.url: jdbc:h2:file:C:\Users\dhiebert\.frcpm\frcpm
		hibernate.jdbc.batch_versioned_data: null
		hibernate.cache.use_second_level_cache: null
		hibernate.show_sql: null
		jakarta.persistence.jdbc.driver: org.h2.Driver
		hibernate.jdbc.batch_size: 30
		jakarta.persistence.jdbc.user: sa
		hibernate.generate_statistics: null
		hibernate.hbm2ddl.auto: update
		hibernate.cache.use_query_cache: null
		hibernate.hikari.maximumPoolSize: 10
		hibernate.hikari.idleTimeout: 30000
		hibernate.format_sql: null
		hibernate.hikari.minimumIdle: 2
		hibernate.use_sql_comments: null
		hibernate.order_inserts: null
		hibernate.current_session_context_class: thread
		hibernate.connection.provider_class: org.hibernate.hikaricp.internal.HikariCPConnectionProvider
		hibernate.hikari.connectionTimeout: 10000
		hibernate.hikari.poolName: FRC-PM-HikariCP
		hibernate.order_updates: null
		hibernate.dialect: org.hibernate.dialect.H2Dialect
		jakarta.persistence.jdbc.password: ]
10:24:13.632 [main] DEBUG org.hibernate.integrator.internal.IntegratorServiceImpl - Adding Integrator [org.hibernate.boot.beanvalidation.BeanValidationIntegrator].
10:24:13.632 [main] DEBUG org.hibernate.integrator.internal.IntegratorServiceImpl - Adding Integrator [org.hibernate.cache.internal.CollectionCacheInvalidator].
10:24:13.635 [main] DEBUG org.hibernate.orm.idgen.factory - Ignoring CDI for resolving IdentifierGenerator instances as extended or delayed CDI support was enabled
10:24:13.635 [main] DEBUG org.hibernate.orm.idgen.factory - Registering IdentifierGenerator strategy [uuid2] -> [org.hibernate.id.UUIDGenerator]
10:24:13.635 [main] DEBUG org.hibernate.orm.idgen.factory - Registering IdentifierGenerator strategy [guid] -> [org.hibernate.id.GUIDGenerator]
10:24:13.635 [main] DEBUG org.hibernate.orm.idgen.factory - Registering IdentifierGenerator strategy [uuid] -> [org.hibernate.id.UUIDHexGenerator]
10:24:13.635 [main] DEBUG org.hibernate.orm.idgen.factory - Registering IdentifierGenerator strategy [uuid.hex] -> [org.hibernate.id.UUIDHexGenerator]
10:24:13.635 [main] DEBUG org.hibernate.orm.idgen.factory - Registering IdentifierGenerator strategy [assigned] -> [org.hibernate.id.Assigned]
10:24:13.635 [main] DEBUG org.hibernate.orm.idgen.factory - Registering IdentifierGenerator strategy [identity] -> [org.hibernate.id.IdentityGenerator]
10:24:13.635 [main] DEBUG org.hibernate.orm.idgen.factory - Registering IdentifierGenerator strategy [select] -> [org.hibernate.id.SelectGenerator]
10:24:13.635 [main] DEBUG org.hibernate.orm.idgen.factory - Registering IdentifierGenerator strategy [sequence] -> [org.hibernate.id.enhanced.SequenceStyleGenerator]
10:24:13.635 [main] DEBUG org.hibernate.orm.idgen.factory - Registering IdentifierGenerator strategy [increment] -> [org.hibernate.id.IncrementGenerator]
10:24:13.635 [main] DEBUG org.hibernate.orm.idgen.factory - Registering IdentifierGenerator strategy [foreign] -> [org.hibernate.id.ForeignGenerator]
10:24:13.635 [main] DEBUG org.hibernate.orm.idgen.factory - Registering IdentifierGenerator strategy [enhanced-sequence] -> [org.hibernate.id.enhanced.SequenceStyleGenerator]
10:24:13.635 [main] DEBUG org.hibernate.orm.idgen.factory - Registering IdentifierGenerator strategy [enhanced-table] -> [org.hibernate.id.enhanced.TableGenerator]
10:24:13.635 [main] INFO org.hibernate.cache.internal.RegionFactoryInitiator - HHH000026: Second-level cache disabled
10:24:13.635 [main] DEBUG org.hibernate.type.BasicTypeRegistry - Adding type registration boolean -> org.hibernate.type.BasicTypeReference@2f4919b0
10:24:13.635 [main] DEBUG org.hibernate.type.BasicTypeRegistry - Adding type registration boolean -> org.hibernate.type.BasicTypeReference@2f4919b0
10:24:13.635 [main] DEBUG org.hibernate.type.BasicTypeRegistry - Adding type registration java.lang.Boolean -> org.hibernate.type.BasicTypeReference@2f4919b0
10:24:13.635 [main] DEBUG org.hibernate.type.BasicTypeRegistry - Adding type registration numeric_boolean -> org.hibernate.type.BasicTypeReference@a8a8b75
10:24:13.635 [main] DEBUG org.hibernate.type.BasicTypeRegistry - Adding type registration org.hibernate.type.NumericBooleanConverter -> org.hibernate.type.BasicTypeReference@a8a8b75
10:24:13.635 [main] DEBUG org.hibernate.type.BasicTypeRegistry - Adding type registration true_false -> org.hibernate.type.BasicTypeReference@75b21c3b
10:24:13.635 [main] DEBUG org.hibernate.type.BasicTypeRegistry - Adding type registration org.hibernate.type.TrueFalseConverter -> org.hibernate.type.BasicTypeReference@75b21c3b
10:24:13.635 [main] DEBUG org.hibernate.type.BasicTypeRegistry - Adding type registration yes_no -> org.hibernate.type.BasicTypeReference@72be135f
10:24:13.635 [main] DEBUG org.hibernate.type.BasicTypeRegistry - Adding type registration org.hibernate.type.YesNoConverter -> org.hibernate.type.BasicTypeReference@72be135f
10:24:13.635 [main] DEBUG org.hibernate.type.BasicTypeRegistry - Adding type registration byte -> org.hibernate.type.BasicTypeReference@155d1021
10:24:13.635 [main] DEBUG org.hibernate.type.BasicTypeRegistry - Adding type registration byte -> org.hibernate.type.BasicTypeReference@155d1021
10:24:13.635 [main] DEBUG org.hibernate.type.BasicTypeRegistry - Adding type registration java.lang.Byte -> org.hibernate.type.BasicTypeReference@155d1021
10:24:13.635 [main] DEBUG org.hibernate.type.BasicTypeRegistry - Adding type registration binary -> org.hibernate.type.BasicTypeReference@4bd2f0dc
10:24:13.635 [main] DEBUG org.hibernate.type.BasicTypeRegistry - Adding type registration byte[] -> org.hibernate.type.BasicTypeReference@4bd2f0dc
10:24:13.635 [main] DEBUG org.hibernate.type.BasicTypeRegistry - Adding type registration [B -> org.hibernate.type.BasicTypeReference@4bd2f0dc
10:24:13.635 [main] DEBUG org.hibernate.type.BasicTypeRegistry - Adding type registration binary_wrapper -> org.hibernate.type.BasicTypeReference@2e647e59
10:24:13.635 [main] DEBUG org.hibernate.type.BasicTypeRegistry - Adding type registration wrapper-binary -> org.hibernate.type.BasicTypeReference@2e647e59
10:24:13.635 [main] DEBUG org.hibernate.type.BasicTypeRegistry - Adding type registration image -> org.hibernate.type.BasicTypeReference@2c42b421
10:24:13.635 [main] DEBUG org.hibernate.type.BasicTypeRegistry - Adding type registration blob -> org.hibernate.type.BasicTypeReference@51e37590
10:24:13.635 [main] DEBUG org.hibernate.type.BasicTypeRegistry - Adding type registration java.sql.Blob -> org.hibernate.type.BasicTypeReference@51e37590
10:24:13.635 [main] DEBUG org.hibernate.type.BasicTypeRegistry - Adding type registration materialized_blob -> org.hibernate.type.BasicTypeReference@deb3b60
10:24:13.635 [main] DEBUG org.hibernate.type.BasicTypeRegistry - Adding type registration materialized_blob_wrapper -> org.hibernate.type.BasicTypeReference@701a32
10:24:13.635 [main] DEBUG org.hibernate.type.BasicTypeRegistry - Adding type registration short -> org.hibernate.type.BasicTypeReference@39aa45a1
10:24:13.635 [main] DEBUG org.hibernate.type.BasicTypeRegistry - Adding type registration short -> org.hibernate.type.BasicTypeReference@39aa45a1
10:24:13.635 [main] DEBUG org.hibernate.type.BasicTypeRegistry - Adding type registration java.lang.Short -> org.hibernate.type.BasicTypeReference@39aa45a1
10:24:13.635 [main] DEBUG org.hibernate.type.BasicTypeRegistry - Adding type registration integer -> org.hibernate.type.BasicTypeReference@73aff8f1
10:24:13.635 [main] DEBUG org.hibernate.type.BasicTypeRegistry - Adding type registration int -> org.hibernate.type.BasicTypeReference@73aff8f1
10:24:13.635 [main] DEBUG org.hibernate.type.BasicTypeRegistry - Adding type registration java.lang.Integer -> org.hibernate.type.BasicTypeReference@73aff8f1
10:24:13.635 [main] DEBUG org.hibernate.type.BasicTypeRegistry - Adding type registration long -> org.hibernate.type.BasicTypeReference@27cbfddf
10:24:13.635 [main] DEBUG org.hibernate.type.BasicTypeRegistry - Adding type registration long -> org.hibernate.type.BasicTypeReference@27cbfddf
10:24:13.635 [main] DEBUG org.hibernate.type.BasicTypeRegistry - Adding type registration java.lang.Long -> org.hibernate.type.BasicTypeReference@27cbfddf
10:24:13.635 [main] DEBUG org.hibernate.type.BasicTypeRegistry - Adding type registration float -> org.hibernate.type.BasicTypeReference@27ead29e
10:24:13.635 [main] DEBUG org.hibernate.type.BasicTypeRegistry - Adding type registration float -> org.hibernate.type.BasicTypeReference@27ead29e
10:24:13.635 [main] DEBUG org.hibernate.type.BasicTypeRegistry - Adding type registration java.lang.Float -> org.hibernate.type.BasicTypeReference@27ead29e
10:24:13.635 [main] DEBUG org.hibernate.type.BasicTypeRegistry - Adding type registration double -> org.hibernate.type.BasicTypeReference@4c060c8f
10:24:13.635 [main] DEBUG org.hibernate.type.BasicTypeRegistry - Adding type registration double -> org.hibernate.type.BasicTypeReference@4c060c8f
10:24:13.635 [main] DEBUG org.hibernate.type.BasicTypeRegistry - Adding type registration java.lang.Double -> org.hibernate.type.BasicTypeReference@4c060c8f
10:24:13.636 [main] DEBUG org.hibernate.type.BasicTypeRegistry - Adding type registration big_integer -> org.hibernate.type.BasicTypeReference@40620d8e
10:24:13.636 [main] DEBUG org.hibernate.type.BasicTypeRegistry - Adding type registration java.math.BigInteger -> org.hibernate.type.BasicTypeReference@40620d8e
10:24:13.636 [main] DEBUG org.hibernate.type.BasicTypeRegistry - Adding type registration big_decimal -> org.hibernate.type.BasicTypeReference@383f3558
10:24:13.636 [main] DEBUG org.hibernate.type.BasicTypeRegistry - Adding type registration java.math.BigDecimal -> org.hibernate.type.BasicTypeReference@383f3558
10:24:13.636 [main] DEBUG org.hibernate.type.BasicTypeRegistry - Adding type registration character -> org.hibernate.type.BasicTypeReference@49b07ee3
10:24:13.636 [main] DEBUG org.hibernate.type.BasicTypeRegistry - Adding type registration char -> org.hibernate.type.BasicTypeReference@49b07ee3
10:24:13.636 [main] DEBUG org.hibernate.type.BasicTypeRegistry - Adding type registration java.lang.Character -> org.hibernate.type.BasicTypeReference@49b07ee3
10:24:13.636 [main] DEBUG org.hibernate.type.BasicTypeRegistry - Adding type registration character_nchar -> org.hibernate.type.BasicTypeReference@352e612e
10:24:13.636 [main] DEBUG org.hibernate.type.BasicTypeRegistry - Adding type registration string -> org.hibernate.type.BasicTypeReference@65f00478
10:24:13.636 [main] DEBUG org.hibernate.type.BasicTypeRegistry - Adding type registration java.lang.String -> org.hibernate.type.BasicTypeReference@65f00478
10:24:13.636 [main] DEBUG org.hibernate.type.BasicTypeRegistry - Adding type registration nstring -> org.hibernate.type.BasicTypeReference@2424686b
10:24:13.636 [main] DEBUG org.hibernate.type.BasicTypeRegistry - Adding type registration characters -> org.hibernate.type.BasicTypeReference@6ea94d6a
10:24:13.636 [main] DEBUG org.hibernate.type.BasicTypeRegistry - Adding type registration char[] -> org.hibernate.type.BasicTypeReference@6ea94d6a
10:24:13.636 [main] DEBUG org.hibernate.type.BasicTypeRegistry - Adding type registration [C -> org.hibernate.type.BasicTypeReference@6ea94d6a
10:24:13.636 [main] DEBUG org.hibernate.type.BasicTypeRegistry - Adding type registration wrapper-characters -> org.hibernate.type.BasicTypeReference@28486680
10:24:13.636 [main] DEBUG org.hibernate.type.BasicTypeRegistry - Adding type registration text -> org.hibernate.type.BasicTypeReference@4d7e7435
10:24:13.636 [main] DEBUG org.hibernate.type.BasicTypeRegistry - Adding type registration ntext -> org.hibernate.type.BasicTypeReference@4a1e3ac1
10:24:13.636 [main] DEBUG org.hibernate.type.BasicTypeRegistry - Adding type registration clob -> org.hibernate.type.BasicTypeReference@6e78fcf5
10:24:13.636 [main] DEBUG org.hibernate.type.BasicTypeRegistry - Adding type registration java.sql.Clob -> org.hibernate.type.BasicTypeReference@6e78fcf5
10:24:13.636 [main] DEBUG org.hibernate.type.BasicTypeRegistry - Adding type registration nclob -> org.hibernate.type.BasicTypeReference@56febdc
10:24:13.636 [main] DEBUG org.hibernate.type.BasicTypeRegistry - Adding type registration java.sql.NClob -> org.hibernate.type.BasicTypeReference@56febdc
10:24:13.636 [main] DEBUG org.hibernate.type.BasicTypeRegistry - Adding type registration materialized_clob -> org.hibernate.type.BasicTypeReference@3b8ee898
10:24:13.636 [main] DEBUG org.hibernate.type.BasicTypeRegistry - Adding type registration materialized_clob_char_array -> org.hibernate.type.BasicTypeReference@7d151a
10:24:13.636 [main] DEBUG org.hibernate.type.BasicTypeRegistry - Adding type registration materialized_clob_character_array -> org.hibernate.type.BasicTypeReference@294bdeb4
10:24:13.636 [main] DEBUG org.hibernate.type.BasicTypeRegistry - Adding type registration materialized_nclob -> org.hibernate.type.BasicTypeReference@5300f14a
10:24:13.636 [main] DEBUG org.hibernate.type.BasicTypeRegistry - Adding type registration materialized_nclob_character_array -> org.hibernate.type.BasicTypeReference@1f86099a
10:24:13.636 [main] DEBUG org.hibernate.type.BasicTypeRegistry - Adding type registration materialized_nclob_char_array -> org.hibernate.type.BasicTypeReference@77bb0ab5
10:24:13.636 [main] DEBUG org.hibernate.type.BasicTypeRegistry - Adding type registration Duration -> org.hibernate.type.BasicTypeReference@f2c488
10:24:13.636 [main] DEBUG org.hibernate.type.BasicTypeRegistry - Adding type registration java.time.Duration -> org.hibernate.type.BasicTypeReference@f2c488
10:24:13.636 [main] DEBUG org.hibernate.type.BasicTypeRegistry - Adding type registration LocalDateTime -> org.hibernate.type.BasicTypeReference@54acff7d
10:24:13.636 [main] DEBUG org.hibernate.type.BasicTypeRegistry - Adding type registration java.time.LocalDateTime -> org.hibernate.type.BasicTypeReference@54acff7d
10:24:13.636 [main] DEBUG org.hibernate.type.BasicTypeRegistry - Adding type registration LocalDate -> org.hibernate.type.BasicTypeReference@7bc9e6ab
10:24:13.636 [main] DEBUG org.hibernate.type.BasicTypeRegistry - Adding type registration java.time.LocalDate -> org.hibernate.type.BasicTypeReference@7bc9e6ab
10:24:13.636 [main] DEBUG org.hibernate.type.BasicTypeRegistry - Adding type registration LocalTime -> org.hibernate.type.BasicTypeReference@5488b5c5
10:24:13.636 [main] DEBUG org.hibernate.type.BasicTypeRegistry - Adding type registration java.time.LocalTime -> org.hibernate.type.BasicTypeReference@5488b5c5
10:24:13.636 [main] DEBUG org.hibernate.type.BasicTypeRegistry - Adding type registration OffsetDateTime -> org.hibernate.type.BasicTypeReference@4248ed58
10:24:13.636 [main] DEBUG org.hibernate.type.BasicTypeRegistry - Adding type registration java.time.OffsetDateTime -> org.hibernate.type.BasicTypeReference@4248ed58
10:24:13.636 [main] DEBUG org.hibernate.type.BasicTypeRegistry - Adding type registration OffsetDateTimeWithTimezone -> org.hibernate.type.BasicTypeReference@712ca57b
10:24:13.636 [main] DEBUG org.hibernate.type.BasicTypeRegistry - Adding type registration OffsetDateTimeWithoutTimezone -> org.hibernate.type.BasicTypeReference@4564e94b
10:24:13.636 [main] DEBUG org.hibernate.type.BasicTypeRegistry - Adding type registration OffsetTime -> org.hibernate.type.BasicTypeReference@54534abf
10:24:13.636 [main] DEBUG org.hibernate.type.BasicTypeRegistry - Adding type registration java.time.OffsetTime -> org.hibernate.type.BasicTypeReference@54534abf
10:24:13.636 [main] DEBUG org.hibernate.type.BasicTypeRegistry - Adding type registration OffsetTimeUtc -> org.hibernate.type.BasicTypeReference@51745f40
10:24:13.636 [main] DEBUG org.hibernate.type.BasicTypeRegistry - Adding type registration OffsetTimeWithTimezone -> org.hibernate.type.BasicTypeReference@45673f68
10:24:13.636 [main] DEBUG org.hibernate.type.BasicTypeRegistry - Adding type registration OffsetTimeWithoutTimezone -> org.hibernate.type.BasicTypeReference@27abb83e
10:24:13.636 [main] DEBUG org.hibernate.type.BasicTypeRegistry - Adding type registration ZonedDateTime -> org.hibernate.type.BasicTypeReference@69e308c6
10:24:13.636 [main] DEBUG org.hibernate.type.BasicTypeRegistry - Adding type registration java.time.ZonedDateTime -> org.hibernate.type.BasicTypeReference@69e308c6
10:24:13.636 [main] DEBUG org.hibernate.type.BasicTypeRegistry - Adding type registration ZonedDateTimeWithTimezone -> org.hibernate.type.BasicTypeReference@1a1ed4e5
10:24:13.636 [main] DEBUG org.hibernate.type.BasicTypeRegistry - Adding type registration ZonedDateTimeWithoutTimezone -> org.hibernate.type.BasicTypeReference@667e34b1
10:24:13.636 [main] DEBUG org.hibernate.type.BasicTypeRegistry - Adding type registration date -> org.hibernate.type.BasicTypeReference@1c6e0a08
10:24:13.636 [main] DEBUG org.hibernate.type.BasicTypeRegistry - Adding type registration java.sql.Date -> org.hibernate.type.BasicTypeReference@1c6e0a08
10:24:13.636 [main] DEBUG org.hibernate.type.BasicTypeRegistry - Adding type registration time -> org.hibernate.type.BasicTypeReference@6dba847b
10:24:13.636 [main] DEBUG org.hibernate.type.BasicTypeRegistry - Adding type registration java.sql.Time -> org.hibernate.type.BasicTypeReference@6dba847b
10:24:13.636 [main] DEBUG org.hibernate.type.BasicTypeRegistry - Adding type registration timestamp -> org.hibernate.type.BasicTypeReference@1efdcd5
10:24:13.636 [main] DEBUG org.hibernate.type.BasicTypeRegistry - Adding type registration java.sql.Timestamp -> org.hibernate.type.BasicTypeReference@1efdcd5
10:24:13.636 [main] DEBUG org.hibernate.type.BasicTypeRegistry - Adding type registration java.util.Date -> org.hibernate.type.BasicTypeReference@1efdcd5
10:24:13.636 [main] DEBUG org.hibernate.type.BasicTypeRegistry - Adding type registration calendar -> org.hibernate.type.BasicTypeReference@1623bbe5
10:24:13.636 [main] DEBUG org.hibernate.type.BasicTypeRegistry - Adding type registration java.util.Calendar -> org.hibernate.type.BasicTypeReference@1623bbe5
10:24:13.636 [main] DEBUG org.hibernate.type.BasicTypeRegistry - Adding type registration java.util.GregorianCalendar -> org.hibernate.type.BasicTypeReference@1623bbe5
10:24:13.636 [main] DEBUG org.hibernate.type.BasicTypeRegistry - Adding type registration calendar_date -> org.hibernate.type.BasicTypeReference@7af1cd63
10:24:13.636 [main] DEBUG org.hibernate.type.BasicTypeRegistry - Adding type registration calendar_time -> org.hibernate.type.BasicTypeReference@4351171a
10:24:13.636 [main] DEBUG org.hibernate.type.BasicTypeRegistry - Adding type registration instant -> org.hibernate.type.BasicTypeReference@3c2772d1
10:24:13.636 [main] DEBUG org.hibernate.type.BasicTypeRegistry - Adding type registration java.time.Instant -> org.hibernate.type.BasicTypeReference@3c2772d1
10:24:13.636 [main] DEBUG org.hibernate.type.BasicTypeRegistry - Adding type registration uuid -> org.hibernate.type.BasicTypeReference@37d00a23
10:24:13.636 [main] DEBUG org.hibernate.type.BasicTypeRegistry - Adding type registration java.util.UUID -> org.hibernate.type.BasicTypeReference@37d00a23
10:24:13.636 [main] DEBUG org.hibernate.type.BasicTypeRegistry - Adding type registration pg-uuid -> org.hibernate.type.BasicTypeReference@37d00a23
10:24:13.636 [main] DEBUG org.hibernate.type.BasicTypeRegistry - Adding type registration uuid-binary -> org.hibernate.type.BasicTypeReference@433e536f
10:24:13.636 [main] DEBUG org.hibernate.type.BasicTypeRegistry - Adding type registration uuid-char -> org.hibernate.type.BasicTypeReference@89c65d5
10:24:13.636 [main] DEBUG org.hibernate.type.BasicTypeRegistry - Adding type registration class -> org.hibernate.type.BasicTypeReference@faa3fed
10:24:13.636 [main] DEBUG org.hibernate.type.BasicTypeRegistry - Adding type registration java.lang.Class -> org.hibernate.type.BasicTypeReference@faa3fed
10:24:13.636 [main] DEBUG org.hibernate.type.BasicTypeRegistry - Adding type registration currency -> org.hibernate.type.BasicTypeReference@988246e
10:24:13.636 [main] DEBUG org.hibernate.type.BasicTypeRegistry - Adding type registration Currency -> org.hibernate.type.BasicTypeReference@988246e
10:24:13.636 [main] DEBUG org.hibernate.type.BasicTypeRegistry - Adding type registration java.util.Currency -> org.hibernate.type.BasicTypeReference@988246e
10:24:13.636 [main] DEBUG org.hibernate.type.BasicTypeRegistry - Adding type registration locale -> org.hibernate.type.BasicTypeReference@62515a47
10:24:13.636 [main] DEBUG org.hibernate.type.BasicTypeRegistry - Adding type registration java.util.Locale -> org.hibernate.type.BasicTypeReference@62515a47
10:24:13.636 [main] DEBUG org.hibernate.type.BasicTypeRegistry - Adding type registration serializable -> org.hibernate.type.BasicTypeReference@3c5a54b7
10:24:13.636 [main] DEBUG org.hibernate.type.BasicTypeRegistry - Adding type registration java.io.Serializable -> org.hibernate.type.BasicTypeReference@3c5a54b7
10:24:13.636 [main] DEBUG org.hibernate.type.BasicTypeRegistry - Adding type registration timezone -> org.hibernate.type.BasicTypeReference@61f2c3f0
10:24:13.636 [main] DEBUG org.hibernate.type.BasicTypeRegistry - Adding type registration java.util.TimeZone -> org.hibernate.type.BasicTypeReference@61f2c3f0
10:24:13.636 [main] DEBUG org.hibernate.type.BasicTypeRegistry - Adding type registration ZoneOffset -> org.hibernate.type.BasicTypeReference@291120f4
10:24:13.636 [main] DEBUG org.hibernate.type.BasicTypeRegistry - Adding type registration java.time.ZoneOffset -> org.hibernate.type.BasicTypeReference@291120f4
10:24:13.636 [main] DEBUG org.hibernate.type.BasicTypeRegistry - Adding type registration url -> org.hibernate.type.BasicTypeReference@417ad4f3
10:24:13.636 [main] DEBUG org.hibernate.type.BasicTypeRegistry - Adding type registration java.net.URL -> org.hibernate.type.BasicTypeReference@417ad4f3
10:24:13.636 [main] DEBUG org.hibernate.type.BasicTypeRegistry - Adding type registration vector -> org.hibernate.type.BasicTypeReference@2f6bcf87
10:24:13.636 [main] DEBUG org.hibernate.type.BasicTypeRegistry - Adding type registration row_version -> org.hibernate.type.BasicTypeReference@58f174d9
10:24:13.636 [main] DEBUG org.hibernate.type.BasicTypeRegistry - Adding type registration object -> org.hibernate.type.JavaObjectType@34237b90
10:24:13.636 [main] DEBUG org.hibernate.type.BasicTypeRegistry - Adding type registration java.lang.Object -> org.hibernate.type.JavaObjectType@34237b90
10:24:13.636 [main] DEBUG org.hibernate.type.BasicTypeRegistry - Adding type registration null -> org.hibernate.type.NullType@267bbe1a
10:24:13.636 [main] DEBUG org.hibernate.type.BasicTypeRegistry - Adding type registration imm_date -> org.hibernate.type.BasicTypeReference@7c94a0dc
10:24:13.636 [main] DEBUG org.hibernate.type.BasicTypeRegistry - Adding type registration imm_time -> org.hibernate.type.BasicTypeReference@733fdc94
10:24:13.636 [main] DEBUG org.hibernate.type.BasicTypeRegistry - Adding type registration imm_timestamp -> org.hibernate.type.BasicTypeReference@5a1da8f3
10:24:13.636 [main] DEBUG org.hibernate.type.BasicTypeRegistry - Adding type registration imm_calendar -> org.hibernate.type.BasicTypeReference@27673a67
10:24:13.636 [main] DEBUG org.hibernate.type.BasicTypeRegistry - Adding type registration imm_calendar_date -> org.hibernate.type.BasicTypeReference@7eacec17
10:24:13.636 [main] DEBUG org.hibernate.type.BasicTypeRegistry - Adding type registration imm_calendar_time -> org.hibernate.type.BasicTypeReference@73fa442a
10:24:13.636 [main] DEBUG org.hibernate.type.BasicTypeRegistry - Adding type registration imm_binary -> org.hibernate.type.BasicTypeReference@44973096
10:24:13.636 [main] DEBUG org.hibernate.type.BasicTypeRegistry - Adding type registration imm_serializable -> org.hibernate.type.BasicTypeReference@5a3d9e61
10:24:13.636 [main] DEBUG org.hibernate.boot.internal.BootstrapContextImpl - Injecting ScanEnvironment [org.hibernate.jpa.boot.internal.StandardJpaScanEnvironmentImpl@43e81d65] into BootstrapContext; was [null]
10:24:13.636 [main] DEBUG org.hibernate.boot.internal.BootstrapContextImpl - Injecting ScanOptions [org.hibernate.boot.archive.scan.internal.StandardScanOptions@6212ca26] into BootstrapContext; was [org.hibernate.boot.archive.scan.internal.StandardScanOptions@1f7c4572]
10:24:13.693 [main] DEBUG org.hibernate.boot.internal.BootstrapContextImpl - Injecting JPA temp ClassLoader [null] into BootstrapContext; was [null]
10:24:13.693 [main] DEBUG org.hibernate.boot.internal.ClassLoaderAccessImpl - ClassLoaderAccessImpl#injectTempClassLoader(null) [was null]
10:24:13.694 [main] INFO org.hibernate.engine.jdbc.connections.internal.ConnectionProviderInitiator - HHH000130: Instantiating explicit connection provider: org.hibernate.hikaricp.internal.HikariCPConnectionProvider
10:24:13.694 [main] DEBUG org.hibernate.hikaricp.internal.HikariCPConnectionProvider - Configuring HikariCP
10:24:13.694 [main] DEBUG com.zaxxer.hikari.HikariConfig - Driver class org.h2.Driver found in Thread context class loader jdk.internal.loader.ClassLoaders$AppClassLoader@70dea4e
10:24:13.694 [main] DEBUG com.zaxxer.hikari.HikariConfig - FRC-PM-HikariCP - configuration:
10:24:13.694 [main] DEBUG com.zaxxer.hikari.HikariConfig - allowPoolSuspension.............false
10:24:13.694 [main] DEBUG com.zaxxer.hikari.HikariConfig - autoCommit......................true
10:24:13.694 [main] DEBUG com.zaxxer.hikari.HikariConfig - catalog.........................none
10:24:13.694 [main] DEBUG com.zaxxer.hikari.HikariConfig - connectionInitSql...............none
10:24:13.694 [main] DEBUG com.zaxxer.hikari.HikariConfig - connectionTestQuery.............none
10:24:13.694 [main] DEBUG com.zaxxer.hikari.HikariConfig - connectionTimeout...............10000
10:24:13.694 [main] DEBUG com.zaxxer.hikari.HikariConfig - dataSource......................none
10:24:13.694 [main] DEBUG com.zaxxer.hikari.HikariConfig - dataSourceClassName.............none
10:24:13.694 [main] DEBUG com.zaxxer.hikari.HikariConfig - dataSourceJNDI..................none
10:24:13.694 [main] DEBUG com.zaxxer.hikari.HikariConfig - dataSourceProperties............{password=<masked>}
10:24:13.694 [main] DEBUG com.zaxxer.hikari.HikariConfig - driverClassName................."org.h2.Driver"
10:24:13.694 [main] DEBUG com.zaxxer.hikari.HikariConfig - exceptionOverrideClassName......none
10:24:13.694 [main] DEBUG com.zaxxer.hikari.HikariConfig - healthCheckProperties...........{}
10:24:13.694 [main] DEBUG com.zaxxer.hikari.HikariConfig - healthCheckRegistry.............none
10:24:13.694 [main] DEBUG com.zaxxer.hikari.HikariConfig - idleTimeout.....................30000
10:24:13.694 [main] DEBUG com.zaxxer.hikari.HikariConfig - initializationFailTimeout.......1
10:24:13.694 [main] DEBUG com.zaxxer.hikari.HikariConfig - isolateInternalQueries..........false
10:24:13.694 [main] DEBUG com.zaxxer.hikari.HikariConfig - jdbcUrl.........................jdbc:h2:file:C:\Users\dhiebert\.frcpm\frcpm
10:24:13.694 [main] DEBUG com.zaxxer.hikari.HikariConfig - keepaliveTime...................0
10:24:13.694 [main] DEBUG com.zaxxer.hikari.HikariConfig - leakDetectionThreshold..........0
10:24:13.694 [main] DEBUG com.zaxxer.hikari.HikariConfig - maxLifetime.....................1800000
10:24:13.694 [main] DEBUG com.zaxxer.hikari.HikariConfig - maximumPoolSize.................10
10:24:13.694 [main] DEBUG com.zaxxer.hikari.HikariConfig - metricRegistry..................none
10:24:13.694 [main] DEBUG com.zaxxer.hikari.HikariConfig - metricsTrackerFactory...........none
10:24:13.694 [main] DEBUG com.zaxxer.hikari.HikariConfig - minimumIdle.....................2
10:24:13.694 [main] DEBUG com.zaxxer.hikari.HikariConfig - password........................<masked>
10:24:13.694 [main] DEBUG com.zaxxer.hikari.HikariConfig - poolName........................"FRC-PM-HikariCP"
10:24:13.694 [main] DEBUG com.zaxxer.hikari.HikariConfig - readOnly........................false
10:24:13.694 [main] DEBUG com.zaxxer.hikari.HikariConfig - registerMbeans..................false
10:24:13.694 [main] DEBUG com.zaxxer.hikari.HikariConfig - scheduledExecutor...............none
10:24:13.694 [main] DEBUG com.zaxxer.hikari.HikariConfig - schema..........................none
10:24:13.694 [main] DEBUG com.zaxxer.hikari.HikariConfig - threadFactory...................internal
10:24:13.694 [main] DEBUG com.zaxxer.hikari.HikariConfig - transactionIsolation............default
10:24:13.694 [main] DEBUG com.zaxxer.hikari.HikariConfig - username........................"sa"
10:24:13.694 [main] DEBUG com.zaxxer.hikari.HikariConfig - validationTimeout...............5000
10:24:13.694 [main] INFO com.zaxxer.hikari.HikariDataSource - FRC-PM-HikariCP - Starting...
10:24:13.708 [main] INFO com.zaxxer.hikari.pool.HikariPool - FRC-PM-HikariCP - Added connection conn10: url=jdbc:h2:file:C:\Users\dhiebert\.frcpm\frcpm user=SA
10:24:13.708 [main] INFO com.zaxxer.hikari.HikariDataSource - FRC-PM-HikariCP - Start completed.
10:24:13.708 [main] DEBUG org.hibernate.hikaricp.internal.HikariCPConnectionProvider - HikariCP Configured
10:24:13.709 [main] DEBUG org.hibernate.engine.jdbc.env.internal.JdbcEnvironmentInitiator - Database ->
	   name : H2
	version : 2.2.224 (2023-09-17)
	  major : 2
	  minor : 2
10:24:13.709 [main] DEBUG org.hibernate.engine.jdbc.env.internal.JdbcEnvironmentInitiator - Driver ->
	   name : H2 JDBC Driver
	version : 2.2.224 (2023-09-17)
	  major : 2
	  minor : 2
10:24:13.709 [main] DEBUG org.hibernate.engine.jdbc.env.internal.JdbcEnvironmentInitiator - JDBC version : 4.2
10:24:13.709 [main] WARN org.hibernate.orm.deprecation - HHH90000025: H2Dialect does not need to be specified explicitly using 'hibernate.dialect' (remove the property setting and it will be selected by default)
10:24:13.709 [main] DEBUG org.hibernate.orm.dialect - HHH035001: Using dialect: org.hibernate.dialect.H2Dialect, version: 2.2.224
10:24:13.709 [main] DEBUG org.hibernate.engine.jdbc.env.spi.IdentifierHelperBuilder - JDBC driver metadata reported database stores quoted identifiers in neither upper, lower nor mixed case
10:24:13.709 [main] DEBUG org.hibernate.type.descriptor.jdbc.spi.JdbcTypeRegistry - addDescriptor(NCharTypeDescriptor) replaced previous registration(CharTypeDescriptor)
10:24:13.709 [main] DEBUG org.hibernate.type.descriptor.jdbc.spi.JdbcTypeRegistry - addDescriptor(NVarcharTypeDescriptor) replaced previous registration(VarcharTypeDescriptor)
10:24:13.709 [main] DEBUG org.hibernate.type.descriptor.jdbc.spi.JdbcTypeRegistry - addDescriptor(LongNVarcharTypeDescriptor) replaced previous registration(LongVarcharTypeDescriptor)
10:24:13.709 [main] DEBUG org.hibernate.type.descriptor.jdbc.spi.JdbcTypeRegistry - addDescriptor(NClobTypeDescriptor(DEFAULT)) replaced previous registration(ClobTypeDescriptor(DEFAULT))
10:24:13.709 [main] DEBUG org.hibernate.type.descriptor.jdbc.spi.JdbcTypeRegistry - addDescriptor(2005, ClobTypeDescriptor(STREAM_BINDING)) replaced previous registration(ClobTypeDescriptor(DEFAULT))
10:24:13.709 [main] DEBUG org.hibernate.type.descriptor.jdbc.spi.JdbcTypeRegistry - addDescriptor(TimestampUtcDescriptor) replaced previous registration(TimestampUtcDescriptor)
10:24:13.709 [main] DEBUG org.hibernate.type.BasicTypeRegistry - Adding type registration org.hibernate.type.DurationType -> basicType@117(java.time.Duration,3015)
10:24:13.709 [main] DEBUG org.hibernate.type.BasicTypeRegistry - Adding type registration Duration -> basicType@117(java.time.Duration,3015)
10:24:13.709 [main] DEBUG org.hibernate.type.BasicTypeRegistry - Adding type registration java.time.Duration -> basicType@117(java.time.Duration,3015)
10:24:13.709 [main] DEBUG org.hibernate.type.spi.TypeConfiguration$Scope - Scoping TypeConfiguration [org.hibernate.type.spi.TypeConfiguration@380bd3a7] to MetadataBuildingContext [org.hibernate.boot.internal.MetadataBuildingContextRootImpl@200b4ffc]
10:24:13.709 [main] DEBUG org.hibernate.boot.model.relational.Namespace - Created database namespace [logicalName=Name{catalog=null, schema=null}, physicalName=Name{catalog=null, schema=null}]
10:24:13.711 [main] DEBUG org.hibernate.boot.model.internal.EntityBinder - Binding entity from annotated class: org.frcpm.models.Attendance
10:24:13.711 [main] DEBUG org.hibernate.boot.model.internal.EntityBinder - Import with entity name Attendance
10:24:13.711 [main] DEBUG org.hibernate.boot.model.internal.EntityBinder - Bind entity org.frcpm.models.Attendance on table attendances
10:24:13.711 [main] DEBUG org.hibernate.boot.model.internal.AnnotatedColumn - Binding column: AnnotatedDiscriminatorColumn(column='DTYPE')
10:24:13.711 [main] DEBUG org.hibernate.boot.model.internal.AnnotatedColumn - Binding column: AnnotatedColumn()
10:24:13.711 [main] DEBUG org.hibernate.boot.internal.ClassLoaderAccessImpl - Not known whether passed class name [org.frcpm.models.Attendance] is safe
10:24:13.711 [main] DEBUG org.hibernate.boot.internal.ClassLoaderAccessImpl - No temp ClassLoader provided; using live ClassLoader for loading potentially unsafe class : org.frcpm.models.Attendance
10:24:13.711 [main] DEBUG org.hibernate.boot.model.internal.PropertyBinder - MetadataSourceProcessor property id with lazy=false
10:24:13.711 [main] DEBUG org.hibernate.boot.model.internal.AbstractPropertyHolder - Attempting to locate auto-apply AttributeConverter for property [org.frcpm.models.Attendance:id]
10:24:13.711 [main] DEBUG org.hibernate.boot.model.internal.BasicValueBinder - building BasicValue for id
10:24:13.711 [main] DEBUG org.hibernate.mapping.BasicValue - Skipping column re-registration: attendances.id
10:24:13.711 [main] DEBUG org.hibernate.boot.model.internal.PropertyBinder - Building property id
10:24:13.711 [main] DEBUG org.hibernate.boot.model.internal.BinderHelper - #makeIdGenerator(BasicValue([Column(id)]), id, identity, , ...)
10:24:13.711 [main] DEBUG org.hibernate.boot.model.internal.AnnotatedColumn - Binding column: AnnotatedColumn(column='arrival_time')
10:24:13.711 [main] DEBUG org.hibernate.boot.model.internal.PropertyBinder - MetadataSourceProcessor property arrivalTime with lazy=false
10:24:13.711 [main] DEBUG org.hibernate.boot.model.internal.AbstractPropertyHolder - Attempting to locate auto-apply AttributeConverter for property [org.frcpm.models.Attendance:arrivalTime]
10:24:13.711 [main] DEBUG org.hibernate.boot.model.internal.BasicValueBinder - building BasicValue for arrivalTime
10:24:13.711 [main] DEBUG org.hibernate.mapping.BasicValue - Skipping column re-registration: attendances.arrival_time
10:24:13.711 [main] DEBUG org.hibernate.boot.model.internal.PropertyBinder - Building property arrivalTime
10:24:13.711 [main] DEBUG org.hibernate.boot.model.internal.AnnotatedColumn - Binding column: AnnotatedColumn(column='departure_time')
10:24:13.711 [main] DEBUG org.hibernate.boot.model.internal.PropertyBinder - MetadataSourceProcessor property departureTime with lazy=false
10:24:13.711 [main] DEBUG org.hibernate.boot.model.internal.AbstractPropertyHolder - Attempting to locate auto-apply AttributeConverter for property [org.frcpm.models.Attendance:departureTime]
10:24:13.711 [main] DEBUG org.hibernate.boot.model.internal.BasicValueBinder - building BasicValue for departureTime
10:24:13.711 [main] DEBUG org.hibernate.mapping.BasicValue - Skipping column re-registration: attendances.departure_time
10:24:13.711 [main] DEBUG org.hibernate.boot.model.internal.PropertyBinder - Building property departureTime
10:24:13.712 [main] DEBUG org.hibernate.boot.model.internal.AnnotatedColumn - Binding column: AnnotatedJoinColumn(column='meeting_id')
10:24:13.712 [main] DEBUG org.hibernate.boot.model.internal.AnnotatedColumn - Binding column: AnnotatedColumn()
10:24:13.712 [main] DEBUG org.hibernate.boot.model.internal.PropertyBinder - Building property meeting
10:24:13.712 [main] DEBUG org.hibernate.boot.model.internal.AnnotatedColumn - Binding column: AnnotatedJoinColumn(column='member_id')
10:24:13.712 [main] DEBUG org.hibernate.boot.model.internal.AnnotatedColumn - Binding column: AnnotatedColumn()
10:24:13.712 [main] DEBUG org.hibernate.boot.model.internal.PropertyBinder - Building property member
10:24:13.712 [main] DEBUG org.hibernate.boot.model.internal.AnnotatedColumn - Binding column: AnnotatedColumn(column='present')
10:24:13.712 [main] DEBUG org.hibernate.boot.model.internal.PropertyBinder - MetadataSourceProcessor property present with lazy=false
10:24:13.712 [main] DEBUG org.hibernate.boot.model.internal.AbstractPropertyHolder - Attempting to locate auto-apply AttributeConverter for property [org.frcpm.models.Attendance:present]
10:24:13.712 [main] DEBUG org.hibernate.boot.model.internal.BasicValueBinder - building BasicValue for present
10:24:13.712 [main] DEBUG org.hibernate.mapping.BasicValue - Skipping column re-registration: attendances.present
10:24:13.712 [main] DEBUG org.hibernate.boot.model.internal.PropertyBinder - Building property present
10:24:13.713 [main] DEBUG org.hibernate.boot.registry.classloading.internal.ClassLoaderServiceImpl - HHH000194: Package not found or no package-info.java: org.frcpm.models
10:24:13.713 [main] DEBUG org.hibernate.boot.model.internal.EntityBinder - Binding entity from annotated class: org.frcpm.models.Meeting
10:24:13.713 [main] DEBUG org.hibernate.boot.model.internal.EntityBinder - Import with entity name Meeting
10:24:13.713 [main] DEBUG org.hibernate.boot.model.internal.EntityBinder - Bind entity org.frcpm.models.Meeting on table meetings
10:24:13.714 [main] DEBUG org.hibernate.boot.model.internal.AnnotatedColumn - Binding column: AnnotatedDiscriminatorColumn(column='DTYPE')
10:24:13.715 [main] DEBUG org.hibernate.boot.model.internal.AnnotatedColumn - Binding column: AnnotatedColumn()
10:24:13.715 [main] DEBUG org.hibernate.boot.internal.ClassLoaderAccessImpl - Not known whether passed class name [org.frcpm.models.Meeting] is safe
10:24:13.715 [main] DEBUG org.hibernate.boot.internal.ClassLoaderAccessImpl - No temp ClassLoader provided; using live ClassLoader for loading potentially unsafe class : org.frcpm.models.Meeting
10:24:13.715 [main] DEBUG org.hibernate.boot.model.internal.PropertyBinder - MetadataSourceProcessor property id with lazy=false
10:24:13.715 [main] DEBUG org.hibernate.boot.model.internal.AbstractPropertyHolder - Attempting to locate auto-apply AttributeConverter for property [org.frcpm.models.Meeting:id]
10:24:13.715 [main] DEBUG org.hibernate.boot.model.internal.BasicValueBinder - building BasicValue for id
10:24:13.715 [main] DEBUG org.hibernate.mapping.BasicValue - Skipping column re-registration: meetings.id
10:24:13.715 [main] DEBUG org.hibernate.boot.model.internal.PropertyBinder - Building property id
10:24:13.715 [main] DEBUG org.hibernate.boot.model.internal.BinderHelper - #makeIdGenerator(BasicValue([Column(id)]), id, identity, , ...)
10:24:13.715 [main] DEBUG org.hibernate.boot.model.internal.AnnotatedColumn - Binding column: AnnotatedJoinColumn()
10:24:13.715 [main] DEBUG org.hibernate.boot.model.internal.AnnotatedColumn - Binding column: AnnotatedColumn()
10:24:13.715 [main] DEBUG org.hibernate.boot.model.internal.AnnotatedColumn - Binding column: IndexColumn(column='attendances_ORDER')
10:24:13.715 [main] DEBUG org.hibernate.boot.model.internal.AnnotatedColumn - Binding column: AnnotatedColumn()
10:24:13.715 [main] DEBUG org.hibernate.boot.model.internal.AnnotatedColumn - Binding column: AnnotatedColumn(column='attendances_KEY')
10:24:13.715 [main] DEBUG org.hibernate.boot.model.internal.AnnotatedColumn - Binding column: AnnotatedJoinColumn(column='attendances_KEY')
10:24:13.715 [main] DEBUG org.hibernate.boot.model.internal.AnnotatedColumn - Binding column: AnnotatedJoinColumn()
10:24:13.715 [main] DEBUG org.hibernate.boot.model.internal.AnnotatedColumn - Binding column: AnnotatedJoinColumn()
10:24:13.715 [main] DEBUG org.hibernate.boot.model.internal.CollectionBinder - Collection role: org.frcpm.models.Meeting.attendances
10:24:13.715 [main] DEBUG org.hibernate.boot.model.internal.PropertyBinder - Building property attendances
10:24:13.715 [main] DEBUG org.hibernate.boot.model.internal.AnnotatedColumn - Binding column: AnnotatedColumn(column='date')
10:24:13.715 [main] DEBUG org.hibernate.boot.model.internal.PropertyBinder - MetadataSourceProcessor property date with lazy=false
10:24:13.715 [main] DEBUG org.hibernate.boot.model.internal.AbstractPropertyHolder - Attempting to locate auto-apply AttributeConverter for property [org.frcpm.models.Meeting:date]
10:24:13.715 [main] DEBUG org.hibernate.boot.model.internal.BasicValueBinder - building BasicValue for date
10:24:13.715 [main] DEBUG org.hibernate.mapping.BasicValue - Skipping column re-registration: meetings.date
10:24:13.715 [main] DEBUG org.hibernate.boot.model.internal.PropertyBinder - Building property date
10:24:13.715 [main] DEBUG org.hibernate.boot.model.internal.AnnotatedColumn - Binding column: AnnotatedColumn(column='end_time')
10:24:13.715 [main] DEBUG org.hibernate.boot.model.internal.PropertyBinder - MetadataSourceProcessor property endTime with lazy=false
10:24:13.715 [main] DEBUG org.hibernate.boot.model.internal.AbstractPropertyHolder - Attempting to locate auto-apply AttributeConverter for property [org.frcpm.models.Meeting:endTime]
10:24:13.715 [main] DEBUG org.hibernate.boot.model.internal.BasicValueBinder - building BasicValue for endTime
10:24:13.715 [main] DEBUG org.hibernate.mapping.BasicValue - Skipping column re-registration: meetings.end_time
10:24:13.715 [main] DEBUG org.hibernate.boot.model.internal.PropertyBinder - Building property endTime
10:24:13.715 [main] DEBUG org.hibernate.boot.model.internal.AnnotatedColumn - Binding column: AnnotatedColumn(column='notes')
10:24:13.715 [main] DEBUG org.hibernate.boot.model.internal.PropertyBinder - MetadataSourceProcessor property notes with lazy=false
10:24:13.715 [main] DEBUG org.hibernate.boot.model.internal.AbstractPropertyHolder - Attempting to locate auto-apply AttributeConverter for property [org.frcpm.models.Meeting:notes]
10:24:13.715 [main] DEBUG org.hibernate.boot.model.internal.BasicValueBinder - building BasicValue for notes
10:24:13.715 [main] DEBUG org.hibernate.mapping.BasicValue - Skipping column re-registration: meetings.notes
10:24:13.715 [main] DEBUG org.hibernate.boot.model.internal.PropertyBinder - Building property notes
10:24:13.715 [main] DEBUG org.hibernate.boot.model.internal.AnnotatedColumn - Binding column: AnnotatedJoinColumn(column='project_id')
10:24:13.715 [main] DEBUG org.hibernate.boot.model.internal.AnnotatedColumn - Binding column: AnnotatedColumn()
10:24:13.715 [main] DEBUG org.hibernate.boot.model.internal.PropertyBinder - Building property project
10:24:13.715 [main] DEBUG org.hibernate.boot.model.internal.AnnotatedColumn - Binding column: AnnotatedColumn(column='start_time')
10:24:13.715 [main] DEBUG org.hibernate.boot.model.internal.PropertyBinder - MetadataSourceProcessor property startTime with lazy=false
10:24:13.715 [main] DEBUG org.hibernate.boot.model.internal.AbstractPropertyHolder - Attempting to locate auto-apply AttributeConverter for property [org.frcpm.models.Meeting:startTime]
10:24:13.715 [main] DEBUG org.hibernate.boot.model.internal.BasicValueBinder - building BasicValue for startTime
10:24:13.715 [main] DEBUG org.hibernate.mapping.BasicValue - Skipping column re-registration: meetings.start_time
10:24:13.715 [main] DEBUG org.hibernate.boot.model.internal.PropertyBinder - Building property startTime
10:24:13.716 [main] DEBUG org.hibernate.boot.registry.classloading.internal.ClassLoaderServiceImpl - HHH000194: Package not found or no package-info.java: org.frcpm.models
10:24:13.716 [main] DEBUG org.hibernate.boot.model.internal.EntityBinder - Binding entity from annotated class: org.frcpm.models.Subsystem
10:24:13.716 [main] DEBUG org.hibernate.boot.model.internal.EntityBinder - Import with entity name Subsystem
10:24:13.716 [main] DEBUG org.hibernate.boot.model.internal.EntityBinder - Bind entity org.frcpm.models.Subsystem on table subsystems
10:24:13.716 [main] DEBUG org.hibernate.boot.model.internal.AnnotatedColumn - Binding column: AnnotatedDiscriminatorColumn(column='DTYPE')
10:24:13.717 [main] DEBUG org.hibernate.boot.model.internal.AnnotatedColumn - Binding column: AnnotatedColumn()
10:24:13.717 [main] DEBUG org.hibernate.boot.internal.ClassLoaderAccessImpl - Not known whether passed class name [org.frcpm.models.Subsystem] is safe
10:24:13.717 [main] DEBUG org.hibernate.boot.internal.ClassLoaderAccessImpl - No temp ClassLoader provided; using live ClassLoader for loading potentially unsafe class : org.frcpm.models.Subsystem
10:24:13.717 [main] DEBUG org.hibernate.boot.model.internal.PropertyBinder - MetadataSourceProcessor property id with lazy=false
10:24:13.717 [main] DEBUG org.hibernate.boot.model.internal.AbstractPropertyHolder - Attempting to locate auto-apply AttributeConverter for property [org.frcpm.models.Subsystem:id]
10:24:13.717 [main] DEBUG org.hibernate.boot.model.internal.BasicValueBinder - building BasicValue for id
10:24:13.717 [main] DEBUG org.hibernate.mapping.BasicValue - Skipping column re-registration: subsystems.id
10:24:13.717 [main] DEBUG org.hibernate.boot.model.internal.PropertyBinder - Building property id
10:24:13.717 [main] DEBUG org.hibernate.boot.model.internal.BinderHelper - #makeIdGenerator(BasicValue([Column(id)]), id, identity, , ...)
10:24:13.717 [main] DEBUG org.hibernate.boot.model.internal.AnnotatedColumn - Binding column: AnnotatedColumn(column='description')
10:24:13.717 [main] DEBUG org.hibernate.boot.model.internal.PropertyBinder - MetadataSourceProcessor property description with lazy=false
10:24:13.717 [main] DEBUG org.hibernate.boot.model.internal.AbstractPropertyHolder - Attempting to locate auto-apply AttributeConverter for property [org.frcpm.models.Subsystem:description]
10:24:13.717 [main] DEBUG org.hibernate.boot.model.internal.BasicValueBinder - building BasicValue for description
10:24:13.717 [main] DEBUG org.hibernate.mapping.BasicValue - Skipping column re-registration: subsystems.description
10:24:13.717 [main] DEBUG org.hibernate.boot.model.internal.PropertyBinder - Building property description
10:24:13.717 [main] DEBUG org.hibernate.boot.model.internal.AnnotatedColumn - Binding column: AnnotatedColumn(column='name')
10:24:13.717 [main] DEBUG org.hibernate.boot.model.internal.PropertyBinder - MetadataSourceProcessor property name with lazy=false
10:24:13.717 [main] DEBUG org.hibernate.boot.model.internal.AbstractPropertyHolder - Attempting to locate auto-apply AttributeConverter for property [org.frcpm.models.Subsystem:name]
10:24:13.717 [main] DEBUG org.hibernate.boot.model.internal.BasicValueBinder - building BasicValue for name
10:24:13.717 [main] DEBUG org.hibernate.mapping.BasicValue - Skipping column re-registration: subsystems.name
10:24:13.717 [main] DEBUG org.hibernate.boot.model.internal.PropertyBinder - Building property name
10:24:13.717 [main] DEBUG org.hibernate.boot.model.internal.AnnotatedColumn - Binding column: AnnotatedJoinColumn(column='responsible_subteam_id')
10:24:13.717 [main] DEBUG org.hibernate.boot.model.internal.AnnotatedColumn - Binding column: AnnotatedColumn()
10:24:13.717 [main] DEBUG org.hibernate.boot.model.internal.PropertyBinder - Building property responsibleSubteam
10:24:13.717 [main] DEBUG org.hibernate.boot.model.internal.AnnotatedColumn - Binding column: AnnotatedColumn(column='status')
10:24:13.717 [main] DEBUG org.hibernate.boot.model.internal.PropertyBinder - MetadataSourceProcessor property status with lazy=false
10:24:13.717 [main] DEBUG org.hibernate.boot.model.internal.AbstractPropertyHolder - Attempting to locate auto-apply AttributeConverter for property [org.frcpm.models.Subsystem:status]
10:24:13.717 [main] DEBUG org.hibernate.boot.model.internal.BasicValueBinder - building BasicValue for status
10:24:13.717 [main] DEBUG org.hibernate.mapping.BasicValue - Skipping column re-registration: subsystems.status
10:24:13.717 [main] DEBUG org.hibernate.boot.model.internal.PropertyBinder - Building property status
10:24:13.717 [main] DEBUG org.hibernate.boot.model.internal.AnnotatedColumn - Binding column: AnnotatedJoinColumn()
10:24:13.717 [main] DEBUG org.hibernate.boot.model.internal.AnnotatedColumn - Binding column: AnnotatedColumn()
10:24:13.717 [main] DEBUG org.hibernate.boot.model.internal.AnnotatedColumn - Binding column: IndexColumn(column='tasks_ORDER')
10:24:13.717 [main] DEBUG org.hibernate.boot.model.internal.AnnotatedColumn - Binding column: AnnotatedColumn()
10:24:13.717 [main] DEBUG org.hibernate.boot.model.internal.AnnotatedColumn - Binding column: AnnotatedColumn(column='tasks_KEY')
10:24:13.717 [main] DEBUG org.hibernate.boot.model.internal.AnnotatedColumn - Binding column: AnnotatedJoinColumn(column='tasks_KEY')
10:24:13.717 [main] DEBUG org.hibernate.boot.model.internal.AnnotatedColumn - Binding column: AnnotatedJoinColumn()
10:24:13.717 [main] DEBUG org.hibernate.boot.model.internal.AnnotatedColumn - Binding column: AnnotatedJoinColumn()
10:24:13.717 [main] DEBUG org.hibernate.boot.model.internal.CollectionBinder - Collection role: org.frcpm.models.Subsystem.tasks
10:24:13.717 [main] DEBUG org.hibernate.boot.model.internal.PropertyBinder - Building property tasks
10:24:13.717 [main] DEBUG org.hibernate.boot.registry.classloading.internal.ClassLoaderServiceImpl - HHH000194: Package not found or no package-info.java: org.frcpm.models
10:24:13.719 [main] DEBUG org.hibernate.boot.model.internal.EntityBinder - Binding entity from annotated class: org.frcpm.models.Component
10:24:13.719 [main] DEBUG org.hibernate.boot.model.internal.EntityBinder - Import with entity name Component
10:24:13.719 [main] DEBUG org.hibernate.boot.model.internal.EntityBinder - Bind entity org.frcpm.models.Component on table components
10:24:13.719 [main] DEBUG org.hibernate.boot.model.internal.AnnotatedColumn - Binding column: AnnotatedDiscriminatorColumn(column='DTYPE')
10:24:13.720 [main] DEBUG org.hibernate.boot.model.internal.AnnotatedColumn - Binding column: AnnotatedColumn()
10:24:13.720 [main] DEBUG org.hibernate.boot.internal.ClassLoaderAccessImpl - Not known whether passed class name [org.frcpm.models.Component] is safe
10:24:13.720 [main] DEBUG org.hibernate.boot.internal.ClassLoaderAccessImpl - No temp ClassLoader provided; using live ClassLoader for loading potentially unsafe class : org.frcpm.models.Component
10:24:13.720 [main] DEBUG org.hibernate.boot.model.internal.PropertyBinder - MetadataSourceProcessor property id with lazy=false
10:24:13.720 [main] DEBUG org.hibernate.boot.model.internal.AbstractPropertyHolder - Attempting to locate auto-apply AttributeConverter for property [org.frcpm.models.Component:id]
10:24:13.720 [main] DEBUG org.hibernate.boot.model.internal.BasicValueBinder - building BasicValue for id
10:24:13.720 [main] DEBUG org.hibernate.mapping.BasicValue - Skipping column re-registration: components.id
10:24:13.720 [main] DEBUG org.hibernate.boot.model.internal.PropertyBinder - Building property id
10:24:13.720 [main] DEBUG org.hibernate.boot.model.internal.BinderHelper - #makeIdGenerator(BasicValue([Column(id)]), id, identity, , ...)
10:24:13.720 [main] DEBUG org.hibernate.boot.model.internal.AnnotatedColumn - Binding column: AnnotatedColumn(column='actual_delivery')
10:24:13.720 [main] DEBUG org.hibernate.boot.model.internal.PropertyBinder - MetadataSourceProcessor property actualDelivery with lazy=false
10:24:13.720 [main] DEBUG org.hibernate.boot.model.internal.AbstractPropertyHolder - Attempting to locate auto-apply AttributeConverter for property [org.frcpm.models.Component:actualDelivery]
10:24:13.720 [main] DEBUG org.hibernate.boot.model.internal.BasicValueBinder - building BasicValue for actualDelivery
10:24:13.720 [main] DEBUG org.hibernate.mapping.BasicValue - Skipping column re-registration: components.actual_delivery
10:24:13.720 [main] DEBUG org.hibernate.boot.model.internal.PropertyBinder - Building property actualDelivery
10:24:13.720 [main] DEBUG org.hibernate.boot.model.internal.AnnotatedColumn - Binding column: AnnotatedColumn(column='is_delivered')
10:24:13.720 [main] DEBUG org.hibernate.boot.model.internal.PropertyBinder - MetadataSourceProcessor property delivered with lazy=false
10:24:13.720 [main] DEBUG org.hibernate.boot.model.internal.AbstractPropertyHolder - Attempting to locate auto-apply AttributeConverter for property [org.frcpm.models.Component:delivered]
10:24:13.720 [main] DEBUG org.hibernate.boot.model.internal.BasicValueBinder - building BasicValue for delivered
10:24:13.720 [main] DEBUG org.hibernate.mapping.BasicValue - Skipping column re-registration: components.is_delivered
10:24:13.720 [main] DEBUG org.hibernate.boot.model.internal.PropertyBinder - Building property delivered
10:24:13.720 [main] DEBUG org.hibernate.boot.model.internal.AnnotatedColumn - Binding column: AnnotatedColumn(column='description')
10:24:13.720 [main] DEBUG org.hibernate.boot.model.internal.PropertyBinder - MetadataSourceProcessor property description with lazy=false
10:24:13.720 [main] DEBUG org.hibernate.boot.model.internal.AbstractPropertyHolder - Attempting to locate auto-apply AttributeConverter for property [org.frcpm.models.Component:description]
10:24:13.720 [main] DEBUG org.hibernate.boot.model.internal.BasicValueBinder - building BasicValue for description
10:24:13.720 [main] DEBUG org.hibernate.mapping.BasicValue - Skipping column re-registration: components.description
10:24:13.720 [main] DEBUG org.hibernate.boot.model.internal.PropertyBinder - Building property description
10:24:13.720 [main] DEBUG org.hibernate.boot.model.internal.AnnotatedColumn - Binding column: AnnotatedColumn(column='expected_delivery')
10:24:13.720 [main] DEBUG org.hibernate.boot.model.internal.PropertyBinder - MetadataSourceProcessor property expectedDelivery with lazy=false
10:24:13.720 [main] DEBUG org.hibernate.boot.model.internal.AbstractPropertyHolder - Attempting to locate auto-apply AttributeConverter for property [org.frcpm.models.Component:expectedDelivery]
10:24:13.720 [main] DEBUG org.hibernate.boot.model.internal.BasicValueBinder - building BasicValue for expectedDelivery
10:24:13.720 [main] DEBUG org.hibernate.mapping.BasicValue - Skipping column re-registration: components.expected_delivery
10:24:13.720 [main] DEBUG org.hibernate.boot.model.internal.PropertyBinder - Building property expectedDelivery
10:24:13.720 [main] DEBUG org.hibernate.boot.model.internal.AnnotatedColumn - Binding column: AnnotatedColumn(column='name')
10:24:13.720 [main] DEBUG org.hibernate.boot.model.internal.PropertyBinder - MetadataSourceProcessor property name with lazy=false
10:24:13.720 [main] DEBUG org.hibernate.boot.model.internal.AbstractPropertyHolder - Attempting to locate auto-apply AttributeConverter for property [org.frcpm.models.Component:name]
10:24:13.721 [main] DEBUG org.hibernate.boot.model.internal.BasicValueBinder - building BasicValue for name
10:24:13.721 [main] DEBUG org.hibernate.mapping.BasicValue - Skipping column re-registration: components.name
10:24:13.721 [main] DEBUG org.hibernate.boot.model.internal.PropertyBinder - Building property name
10:24:13.722 [main] DEBUG org.hibernate.boot.model.internal.AnnotatedColumn - Binding column: AnnotatedColumn(column='part_number')
10:24:13.722 [main] DEBUG org.hibernate.boot.model.internal.PropertyBinder - MetadataSourceProcessor property partNumber with lazy=false
10:24:13.722 [main] DEBUG org.hibernate.boot.model.internal.AbstractPropertyHolder - Attempting to locate auto-apply AttributeConverter for property [org.frcpm.models.Component:partNumber]
10:24:13.722 [main] DEBUG org.hibernate.boot.model.internal.BasicValueBinder - building BasicValue for partNumber
10:24:13.722 [main] DEBUG org.hibernate.mapping.BasicValue - Skipping column re-registration: components.part_number
10:24:13.722 [main] DEBUG org.hibernate.boot.model.internal.PropertyBinder - Building property partNumber
10:24:13.723 [main] DEBUG org.hibernate.boot.model.internal.AnnotatedColumn - Binding column: IndexColumn(column='requiredForTasks_ORDER')
10:24:13.724 [main] DEBUG org.hibernate.boot.model.internal.AnnotatedColumn - Binding column: AnnotatedColumn()
10:24:13.724 [main] DEBUG org.hibernate.boot.model.internal.AnnotatedColumn - Binding column: AnnotatedColumn(column='requiredForTasks_KEY')
10:24:13.724 [main] DEBUG org.hibernate.boot.model.internal.AnnotatedColumn - Binding column: AnnotatedJoinColumn(column='requiredForTasks_KEY')
10:24:13.724 [main] DEBUG org.hibernate.boot.model.internal.AnnotatedColumn - Binding column: AnnotatedJoinColumn()
10:24:13.724 [main] DEBUG org.hibernate.boot.model.internal.AnnotatedColumn - Binding column: AnnotatedJoinColumn()
10:24:13.724 [main] DEBUG org.hibernate.boot.model.internal.CollectionBinder - Collection role: org.frcpm.models.Component.requiredForTasks
10:24:13.724 [main] DEBUG org.hibernate.boot.model.internal.PropertyBinder - Building property requiredForTasks
10:24:13.726 [main] DEBUG org.hibernate.boot.registry.classloading.internal.ClassLoaderServiceImpl - HHH000194: Package not found or no package-info.java: org.frcpm.models
10:24:13.728 [main] DEBUG org.hibernate.boot.model.internal.EntityBinder - Binding entity from annotated class: org.frcpm.models.Milestone
10:24:13.728 [main] DEBUG org.hibernate.boot.model.internal.EntityBinder - Import with entity name Milestone
10:24:13.728 [main] DEBUG org.hibernate.boot.model.internal.EntityBinder - Bind entity org.frcpm.models.Milestone on table milestones
10:24:13.728 [main] DEBUG org.hibernate.boot.model.internal.AnnotatedColumn - Binding column: AnnotatedDiscriminatorColumn(column='DTYPE')
10:24:13.728 [main] DEBUG org.hibernate.boot.model.internal.AnnotatedColumn - Binding column: AnnotatedColumn()
10:24:13.729 [main] DEBUG org.hibernate.boot.internal.ClassLoaderAccessImpl - Not known whether passed class name [org.frcpm.models.Milestone] is safe
10:24:13.729 [main] DEBUG org.hibernate.boot.internal.ClassLoaderAccessImpl - No temp ClassLoader provided; using live ClassLoader for loading potentially unsafe class : org.frcpm.models.Milestone
10:24:13.729 [main] DEBUG org.hibernate.boot.model.internal.PropertyBinder - MetadataSourceProcessor property id with lazy=false
10:24:13.729 [main] DEBUG org.hibernate.boot.model.internal.AbstractPropertyHolder - Attempting to locate auto-apply AttributeConverter for property [org.frcpm.models.Milestone:id]
10:24:13.729 [main] DEBUG org.hibernate.boot.model.internal.BasicValueBinder - building BasicValue for id
10:24:13.729 [main] DEBUG org.hibernate.mapping.BasicValue - Skipping column re-registration: milestones.id
10:24:13.729 [main] DEBUG org.hibernate.boot.model.internal.PropertyBinder - Building property id
10:24:13.729 [main] DEBUG org.hibernate.boot.model.internal.BinderHelper - #makeIdGenerator(BasicValue([Column(id)]), id, identity, , ...)
10:24:13.730 [main] DEBUG org.hibernate.boot.model.internal.AnnotatedColumn - Binding column: AnnotatedColumn(column='date')
10:24:13.730 [main] DEBUG org.hibernate.boot.model.internal.PropertyBinder - MetadataSourceProcessor property date with lazy=false
10:24:13.730 [main] DEBUG org.hibernate.boot.model.internal.AbstractPropertyHolder - Attempting to locate auto-apply AttributeConverter for property [org.frcpm.models.Milestone:date]
10:24:13.730 [main] DEBUG org.hibernate.boot.model.internal.BasicValueBinder - building BasicValue for date
10:24:13.730 [main] DEBUG org.hibernate.mapping.BasicValue - Skipping column re-registration: milestones.date
10:24:13.731 [main] DEBUG org.hibernate.boot.model.internal.PropertyBinder - Building property date
10:24:13.731 [main] DEBUG org.hibernate.boot.model.internal.AnnotatedColumn - Binding column: AnnotatedColumn(column='description')
10:24:13.731 [main] DEBUG org.hibernate.boot.model.internal.PropertyBinder - MetadataSourceProcessor property description with lazy=false
10:24:13.731 [main] DEBUG org.hibernate.boot.model.internal.AbstractPropertyHolder - Attempting to locate auto-apply AttributeConverter for property [org.frcpm.models.Milestone:description]
10:24:13.731 [main] DEBUG org.hibernate.boot.model.internal.BasicValueBinder - building BasicValue for description
10:24:13.731 [main] DEBUG org.hibernate.mapping.BasicValue - Skipping column re-registration: milestones.description
10:24:13.731 [main] DEBUG org.hibernate.boot.model.internal.PropertyBinder - Building property description
10:24:13.731 [main] DEBUG org.hibernate.boot.model.internal.AnnotatedColumn - Binding column: AnnotatedColumn(column='name')
10:24:13.731 [main] DEBUG org.hibernate.boot.model.internal.PropertyBinder - MetadataSourceProcessor property name with lazy=false
10:24:13.731 [main] DEBUG org.hibernate.boot.model.internal.AbstractPropertyHolder - Attempting to locate auto-apply AttributeConverter for property [org.frcpm.models.Milestone:name]
10:24:13.731 [main] DEBUG org.hibernate.boot.model.internal.BasicValueBinder - building BasicValue for name
10:24:13.731 [main] DEBUG org.hibernate.mapping.BasicValue - Skipping column re-registration: milestones.name
10:24:13.731 [main] DEBUG org.hibernate.boot.model.internal.PropertyBinder - Building property name
10:24:13.732 [main] DEBUG org.hibernate.boot.model.internal.AnnotatedColumn - Binding column: AnnotatedJoinColumn(column='project_id')
10:24:13.732 [main] DEBUG org.hibernate.boot.model.internal.AnnotatedColumn - Binding column: AnnotatedColumn()
10:24:13.732 [main] DEBUG org.hibernate.boot.model.internal.PropertyBinder - Building property project
10:24:13.733 [main] DEBUG org.hibernate.boot.registry.classloading.internal.ClassLoaderServiceImpl - HHH000194: Package not found or no package-info.java: org.frcpm.models
10:24:13.734 [main] DEBUG org.hibernate.boot.model.internal.EntityBinder - Binding entity from annotated class: org.frcpm.models.Project
10:24:13.734 [main] DEBUG org.hibernate.boot.model.internal.EntityBinder - Import with entity name Project
10:24:13.734 [main] DEBUG org.hibernate.boot.model.internal.EntityBinder - Bind entity org.frcpm.models.Project on table projects
10:24:13.734 [main] DEBUG org.hibernate.boot.model.internal.AnnotatedColumn - Binding column: AnnotatedDiscriminatorColumn(column='DTYPE')
10:24:13.735 [main] DEBUG org.hibernate.boot.model.internal.AnnotatedColumn - Binding column: AnnotatedColumn()
10:24:13.735 [main] DEBUG org.hibernate.boot.internal.ClassLoaderAccessImpl - Not known whether passed class name [org.frcpm.models.Project] is safe
10:24:13.735 [main] DEBUG org.hibernate.boot.internal.ClassLoaderAccessImpl - No temp ClassLoader provided; using live ClassLoader for loading potentially unsafe class : org.frcpm.models.Project
10:24:13.735 [main] DEBUG org.hibernate.boot.model.internal.PropertyBinder - MetadataSourceProcessor property id with lazy=false
10:24:13.735 [main] DEBUG org.hibernate.boot.model.internal.AbstractPropertyHolder - Attempting to locate auto-apply AttributeConverter for property [org.frcpm.models.Project:id]
10:24:13.735 [main] DEBUG org.hibernate.boot.model.internal.BasicValueBinder - building BasicValue for id
10:24:13.735 [main] DEBUG org.hibernate.mapping.BasicValue - Skipping column re-registration: projects.id
10:24:13.735 [main] DEBUG org.hibernate.boot.model.internal.PropertyBinder - Building property id
10:24:13.735 [main] DEBUG org.hibernate.boot.model.internal.BinderHelper - #makeIdGenerator(BasicValue([Column(id)]), id, identity, , ...)
10:24:13.735 [main] DEBUG org.hibernate.boot.model.internal.AnnotatedColumn - Binding column: AnnotatedColumn(column='description')
10:24:13.735 [main] DEBUG org.hibernate.boot.model.internal.PropertyBinder - MetadataSourceProcessor property description with lazy=false
10:24:13.735 [main] DEBUG org.hibernate.boot.model.internal.AbstractPropertyHolder - Attempting to locate auto-apply AttributeConverter for property [org.frcpm.models.Project:description]
10:24:13.735 [main] DEBUG org.hibernate.boot.model.internal.BasicValueBinder - building BasicValue for description
10:24:13.735 [main] DEBUG org.hibernate.mapping.BasicValue - Skipping column re-registration: projects.description
10:24:13.735 [main] DEBUG org.hibernate.boot.model.internal.PropertyBinder - Building property description
10:24:13.735 [main] DEBUG org.hibernate.boot.model.internal.AnnotatedColumn - Binding column: AnnotatedColumn(column='goal_end_date')
10:24:13.735 [main] DEBUG org.hibernate.boot.model.internal.PropertyBinder - MetadataSourceProcessor property goalEndDate with lazy=false
10:24:13.735 [main] DEBUG org.hibernate.boot.model.internal.AbstractPropertyHolder - Attempting to locate auto-apply AttributeConverter for property [org.frcpm.models.Project:goalEndDate]
10:24:13.735 [main] DEBUG org.hibernate.boot.model.internal.BasicValueBinder - building BasicValue for goalEndDate
10:24:13.735 [main] DEBUG org.hibernate.mapping.BasicValue - Skipping column re-registration: projects.goal_end_date
10:24:13.735 [main] DEBUG org.hibernate.boot.model.internal.PropertyBinder - Building property goalEndDate
10:24:13.735 [main] DEBUG org.hibernate.boot.model.internal.AnnotatedColumn - Binding column: AnnotatedColumn(column='hard_deadline')
10:24:13.735 [main] DEBUG org.hibernate.boot.model.internal.PropertyBinder - MetadataSourceProcessor property hardDeadline with lazy=false
10:24:13.735 [main] DEBUG org.hibernate.boot.model.internal.AbstractPropertyHolder - Attempting to locate auto-apply AttributeConverter for property [org.frcpm.models.Project:hardDeadline]
10:24:13.735 [main] DEBUG org.hibernate.boot.model.internal.BasicValueBinder - building BasicValue for hardDeadline
10:24:13.735 [main] DEBUG org.hibernate.mapping.BasicValue - Skipping column re-registration: projects.hard_deadline
10:24:13.735 [main] DEBUG org.hibernate.boot.model.internal.PropertyBinder - Building property hardDeadline
10:24:13.735 [main] DEBUG org.hibernate.boot.model.internal.AnnotatedColumn - Binding column: AnnotatedJoinColumn()
10:24:13.735 [main] DEBUG org.hibernate.boot.model.internal.AnnotatedColumn - Binding column: AnnotatedColumn()
10:24:13.735 [main] DEBUG org.hibernate.boot.model.internal.AnnotatedColumn - Binding column: IndexColumn(column='meetings_ORDER')
10:24:13.736 [main] DEBUG org.hibernate.boot.model.internal.AnnotatedColumn - Binding column: AnnotatedColumn()
10:24:13.736 [main] DEBUG org.hibernate.boot.model.internal.AnnotatedColumn - Binding column: AnnotatedColumn(column='meetings_KEY')
10:24:13.736 [main] DEBUG org.hibernate.boot.model.internal.AnnotatedColumn - Binding column: AnnotatedJoinColumn(column='meetings_KEY')
10:24:13.736 [main] DEBUG org.hibernate.boot.model.internal.AnnotatedColumn - Binding column: AnnotatedJoinColumn()
10:24:13.736 [main] DEBUG org.hibernate.boot.model.internal.AnnotatedColumn - Binding column: AnnotatedJoinColumn()
10:24:13.736 [main] DEBUG org.hibernate.boot.model.internal.CollectionBinder - Collection role: org.frcpm.models.Project.meetings
10:24:13.736 [main] DEBUG org.hibernate.boot.model.internal.PropertyBinder - Building property meetings
10:24:13.736 [main] DEBUG org.hibernate.boot.model.internal.AnnotatedColumn - Binding column: AnnotatedJoinColumn()
10:24:13.736 [main] DEBUG org.hibernate.boot.model.internal.AnnotatedColumn - Binding column: AnnotatedColumn()
10:24:13.736 [main] DEBUG org.hibernate.boot.model.internal.AnnotatedColumn - Binding column: IndexColumn(column='milestones_ORDER')
10:24:13.736 [main] DEBUG org.hibernate.boot.model.internal.AnnotatedColumn - Binding column: AnnotatedColumn()
10:24:13.736 [main] DEBUG org.hibernate.boot.model.internal.AnnotatedColumn - Binding column: AnnotatedColumn(column='milestones_KEY')
10:24:13.736 [main] DEBUG org.hibernate.boot.model.internal.AnnotatedColumn - Binding column: AnnotatedJoinColumn(column='milestones_KEY')
10:24:13.736 [main] DEBUG org.hibernate.boot.model.internal.AnnotatedColumn - Binding column: AnnotatedJoinColumn()
10:24:13.736 [main] DEBUG org.hibernate.boot.model.internal.AnnotatedColumn - Binding column: AnnotatedJoinColumn()
10:24:13.736 [main] DEBUG org.hibernate.boot.model.internal.CollectionBinder - Collection role: org.frcpm.models.Project.milestones
10:24:13.736 [main] DEBUG org.hibernate.boot.model.internal.PropertyBinder - Building property milestones
10:24:13.736 [main] DEBUG org.hibernate.boot.model.internal.AnnotatedColumn - Binding column: AnnotatedColumn(column='name')
10:24:13.736 [main] DEBUG org.hibernate.boot.model.internal.PropertyBinder - MetadataSourceProcessor property name with lazy=false
10:24:13.736 [main] DEBUG org.hibernate.boot.model.internal.AbstractPropertyHolder - Attempting to locate auto-apply AttributeConverter for property [org.frcpm.models.Project:name]
10:24:13.736 [main] DEBUG org.hibernate.boot.model.internal.BasicValueBinder - building BasicValue for name
10:24:13.736 [main] DEBUG org.hibernate.mapping.BasicValue - Skipping column re-registration: projects.name
10:24:13.736 [main] DEBUG org.hibernate.boot.model.internal.PropertyBinder - Building property name
10:24:13.736 [main] DEBUG org.hibernate.boot.model.internal.AnnotatedColumn - Binding column: AnnotatedColumn(column='start_date')
10:24:13.736 [main] DEBUG org.hibernate.boot.model.internal.PropertyBinder - MetadataSourceProcessor property startDate with lazy=false
10:24:13.736 [main] DEBUG org.hibernate.boot.model.internal.AbstractPropertyHolder - Attempting to locate auto-apply AttributeConverter for property [org.frcpm.models.Project:startDate]
10:24:13.736 [main] DEBUG org.hibernate.boot.model.internal.BasicValueBinder - building BasicValue for startDate
10:24:13.736 [main] DEBUG org.hibernate.mapping.BasicValue - Skipping column re-registration: projects.start_date
10:24:13.736 [main] DEBUG org.hibernate.boot.model.internal.PropertyBinder - Building property startDate
10:24:13.736 [main] DEBUG org.hibernate.boot.model.internal.AnnotatedColumn - Binding column: AnnotatedJoinColumn()
10:24:13.736 [main] DEBUG org.hibernate.boot.model.internal.AnnotatedColumn - Binding column: AnnotatedColumn()
10:24:13.736 [main] DEBUG org.hibernate.boot.model.internal.AnnotatedColumn - Binding column: IndexColumn(column='tasks_ORDER')
10:24:13.736 [main] DEBUG org.hibernate.boot.model.internal.AnnotatedColumn - Binding column: AnnotatedColumn()
10:24:13.736 [main] DEBUG org.hibernate.boot.model.internal.AnnotatedColumn - Binding column: AnnotatedColumn(column='tasks_KEY')
10:24:13.736 [main] DEBUG org.hibernate.boot.model.internal.AnnotatedColumn - Binding column: AnnotatedJoinColumn(column='tasks_KEY')
10:24:13.736 [main] DEBUG org.hibernate.boot.model.internal.AnnotatedColumn - Binding column: AnnotatedJoinColumn()
10:24:13.736 [main] DEBUG org.hibernate.boot.model.internal.AnnotatedColumn - Binding column: AnnotatedJoinColumn()
10:24:13.736 [main] DEBUG org.hibernate.boot.model.internal.CollectionBinder - Collection role: org.frcpm.models.Project.tasks
10:24:13.736 [main] DEBUG org.hibernate.boot.model.internal.PropertyBinder - Building property tasks
10:24:13.736 [main] DEBUG org.hibernate.boot.registry.classloading.internal.ClassLoaderServiceImpl - HHH000194: Package not found or no package-info.java: org.frcpm.models
10:24:13.737 [main] DEBUG org.hibernate.boot.model.internal.EntityBinder - Binding entity from annotated class: org.frcpm.models.Subteam
10:24:13.737 [main] DEBUG org.hibernate.boot.model.internal.EntityBinder - Import with entity name Subteam
10:24:13.737 [main] DEBUG org.hibernate.boot.model.internal.EntityBinder - Bind entity org.frcpm.models.Subteam on table subteams
10:24:13.737 [main] DEBUG org.hibernate.boot.model.internal.AnnotatedColumn - Binding column: AnnotatedDiscriminatorColumn(column='DTYPE')
10:24:13.738 [main] DEBUG org.hibernate.boot.model.internal.AnnotatedColumn - Binding column: AnnotatedColumn()
10:24:13.738 [main] DEBUG org.hibernate.boot.internal.ClassLoaderAccessImpl - Not known whether passed class name [org.frcpm.models.Subteam] is safe
10:24:13.738 [main] DEBUG org.hibernate.boot.internal.ClassLoaderAccessImpl - No temp ClassLoader provided; using live ClassLoader for loading potentially unsafe class : org.frcpm.models.Subteam
10:24:13.738 [main] DEBUG org.hibernate.boot.model.internal.PropertyBinder - MetadataSourceProcessor property id with lazy=false
10:24:13.738 [main] DEBUG org.hibernate.boot.model.internal.AbstractPropertyHolder - Attempting to locate auto-apply AttributeConverter for property [org.frcpm.models.Subteam:id]
10:24:13.738 [main] DEBUG org.hibernate.boot.model.internal.BasicValueBinder - building BasicValue for id
10:24:13.738 [main] DEBUG org.hibernate.mapping.BasicValue - Skipping column re-registration: subteams.id
10:24:13.738 [main] DEBUG org.hibernate.boot.model.internal.PropertyBinder - Building property id
10:24:13.738 [main] DEBUG org.hibernate.boot.model.internal.BinderHelper - #makeIdGenerator(BasicValue([Column(id)]), id, identity, , ...)
10:24:13.738 [main] DEBUG org.hibernate.boot.model.internal.AnnotatedColumn - Binding column: AnnotatedColumn(column='color_code')
10:24:13.738 [main] DEBUG org.hibernate.boot.model.internal.PropertyBinder - MetadataSourceProcessor property colorCode with lazy=false
10:24:13.738 [main] DEBUG org.hibernate.boot.model.internal.AbstractPropertyHolder - Attempting to locate auto-apply AttributeConverter for property [org.frcpm.models.Subteam:colorCode]
10:24:13.738 [main] DEBUG org.hibernate.boot.model.internal.BasicValueBinder - building BasicValue for colorCode
10:24:13.738 [main] DEBUG org.hibernate.mapping.BasicValue - Skipping column re-registration: subteams.color_code
10:24:13.738 [main] DEBUG org.hibernate.boot.model.internal.PropertyBinder - Building property colorCode
10:24:13.738 [main] DEBUG org.hibernate.boot.model.internal.AnnotatedColumn - Binding column: AnnotatedJoinColumn()
10:24:13.738 [main] DEBUG org.hibernate.boot.model.internal.AnnotatedColumn - Binding column: AnnotatedColumn()
10:24:13.738 [main] DEBUG org.hibernate.boot.model.internal.AnnotatedColumn - Binding column: IndexColumn(column='members_ORDER')
10:24:13.738 [main] DEBUG org.hibernate.boot.model.internal.AnnotatedColumn - Binding column: AnnotatedColumn()
10:24:13.738 [main] DEBUG org.hibernate.boot.model.internal.AnnotatedColumn - Binding column: AnnotatedColumn(column='members_KEY')
10:24:13.738 [main] DEBUG org.hibernate.boot.model.internal.AnnotatedColumn - Binding column: AnnotatedJoinColumn(column='members_KEY')
10:24:13.738 [main] DEBUG org.hibernate.boot.model.internal.AnnotatedColumn - Binding column: AnnotatedJoinColumn()
10:24:13.738 [main] DEBUG org.hibernate.boot.model.internal.AnnotatedColumn - Binding column: AnnotatedJoinColumn()
10:24:13.738 [main] DEBUG org.hibernate.boot.model.internal.CollectionBinder - Collection role: org.frcpm.models.Subteam.members
10:24:13.738 [main] DEBUG org.hibernate.boot.model.internal.PropertyBinder - Building property members
10:24:13.738 [main] DEBUG org.hibernate.boot.model.internal.AnnotatedColumn - Binding column: AnnotatedColumn(column='name')
10:24:13.738 [main] DEBUG org.hibernate.boot.model.internal.PropertyBinder - MetadataSourceProcessor property name with lazy=false
10:24:13.738 [main] DEBUG org.hibernate.boot.model.internal.AbstractPropertyHolder - Attempting to locate auto-apply AttributeConverter for property [org.frcpm.models.Subteam:name]
10:24:13.738 [main] DEBUG org.hibernate.boot.model.internal.BasicValueBinder - building BasicValue for name
10:24:13.738 [main] DEBUG org.hibernate.mapping.BasicValue - Skipping column re-registration: subteams.name
10:24:13.738 [main] DEBUG org.hibernate.boot.model.internal.PropertyBinder - Building property name
10:24:13.738 [main] DEBUG org.hibernate.boot.model.internal.AnnotatedColumn - Binding column: AnnotatedColumn(column='specialties')
10:24:13.738 [main] DEBUG org.hibernate.boot.model.internal.PropertyBinder - MetadataSourceProcessor property specialties with lazy=false
10:24:13.738 [main] DEBUG org.hibernate.boot.model.internal.AbstractPropertyHolder - Attempting to locate auto-apply AttributeConverter for property [org.frcpm.models.Subteam:specialties]
10:24:13.738 [main] DEBUG org.hibernate.boot.model.internal.BasicValueBinder - building BasicValue for specialties
10:24:13.738 [main] DEBUG org.hibernate.mapping.BasicValue - Skipping column re-registration: subteams.specialties
10:24:13.738 [main] DEBUG org.hibernate.boot.model.internal.PropertyBinder - Building property specialties
10:24:13.738 [main] DEBUG org.hibernate.boot.model.internal.AnnotatedColumn - Binding column: AnnotatedJoinColumn()
10:24:13.738 [main] DEBUG org.hibernate.boot.model.internal.AnnotatedColumn - Binding column: AnnotatedColumn()
10:24:13.738 [main] DEBUG org.hibernate.boot.model.internal.AnnotatedColumn - Binding column: IndexColumn(column='subsystems_ORDER')
10:24:13.739 [main] DEBUG org.hibernate.boot.model.internal.AnnotatedColumn - Binding column: AnnotatedColumn()
10:24:13.739 [main] DEBUG org.hibernate.boot.model.internal.AnnotatedColumn - Binding column: AnnotatedColumn(column='subsystems_KEY')
10:24:13.739 [main] DEBUG org.hibernate.boot.model.internal.AnnotatedColumn - Binding column: AnnotatedJoinColumn(column='subsystems_KEY')
10:24:13.739 [main] DEBUG org.hibernate.boot.model.internal.AnnotatedColumn - Binding column: AnnotatedJoinColumn()
10:24:13.739 [main] DEBUG org.hibernate.boot.model.internal.AnnotatedColumn - Binding column: AnnotatedJoinColumn()
10:24:13.739 [main] DEBUG org.hibernate.boot.model.internal.CollectionBinder - Collection role: org.frcpm.models.Subteam.subsystems
10:24:13.739 [main] DEBUG org.hibernate.boot.model.internal.PropertyBinder - Building property subsystems
10:24:13.740 [main] DEBUG org.hibernate.boot.registry.classloading.internal.ClassLoaderServiceImpl - HHH000194: Package not found or no package-info.java: org.frcpm.models
10:24:13.740 [main] DEBUG org.hibernate.boot.model.internal.EntityBinder - Binding entity from annotated class: org.frcpm.models.Task
10:24:13.741 [main] DEBUG org.hibernate.boot.model.internal.EntityBinder - Import with entity name Task
10:24:13.741 [main] DEBUG org.hibernate.boot.model.internal.EntityBinder - Bind entity org.frcpm.models.Task on table tasks
10:24:13.741 [main] DEBUG org.hibernate.boot.model.internal.AnnotatedColumn - Binding column: AnnotatedDiscriminatorColumn(column='DTYPE')
10:24:13.741 [main] DEBUG org.hibernate.boot.model.internal.AnnotatedColumn - Binding column: AnnotatedColumn()
10:24:13.741 [main] DEBUG org.hibernate.boot.internal.ClassLoaderAccessImpl - Not known whether passed class name [org.frcpm.models.Task] is safe
10:24:13.741 [main] DEBUG org.hibernate.boot.internal.ClassLoaderAccessImpl - No temp ClassLoader provided; using live ClassLoader for loading potentially unsafe class : org.frcpm.models.Task
10:24:13.741 [main] DEBUG org.hibernate.boot.model.internal.PropertyBinder - MetadataSourceProcessor property id with lazy=false
10:24:13.741 [main] DEBUG org.hibernate.boot.model.internal.AbstractPropertyHolder - Attempting to locate auto-apply AttributeConverter for property [org.frcpm.models.Task:id]
10:24:13.742 [main] DEBUG org.hibernate.boot.model.internal.BasicValueBinder - building BasicValue for id
10:24:13.742 [main] DEBUG org.hibernate.mapping.BasicValue - Skipping column re-registration: tasks.id
10:24:13.742 [main] DEBUG org.hibernate.boot.model.internal.PropertyBinder - Building property id
10:24:13.742 [main] DEBUG org.hibernate.boot.model.internal.BinderHelper - #makeIdGenerator(BasicValue([Column(id)]), id, identity, , ...)
10:24:13.742 [main] DEBUG org.hibernate.boot.model.internal.AnnotatedColumn - Binding column: AnnotatedColumn(column='actual_duration_seconds')
10:24:13.742 [main] DEBUG org.hibernate.boot.model.internal.PropertyBinder - MetadataSourceProcessor property actualDurationSeconds with lazy=false
10:24:13.742 [main] DEBUG org.hibernate.boot.model.internal.AbstractPropertyHolder - Attempting to locate auto-apply AttributeConverter for property [org.frcpm.models.Task:actualDurationSeconds]
10:24:13.742 [main] DEBUG org.hibernate.boot.model.internal.BasicValueBinder - building BasicValue for actualDurationSeconds
10:24:13.742 [main] DEBUG org.hibernate.mapping.BasicValue - Skipping column re-registration: tasks.actual_duration_seconds
10:24:13.742 [main] DEBUG org.hibernate.boot.model.internal.PropertyBinder - Building property actualDurationSeconds
10:24:13.743 [main] DEBUG org.hibernate.boot.model.internal.AnnotatedColumn - Binding column: IndexColumn(column='assignedTo_ORDER')
10:24:13.743 [main] DEBUG org.hibernate.boot.model.internal.AnnotatedColumn - Binding column: AnnotatedColumn()
10:24:13.743 [main] DEBUG org.hibernate.boot.model.internal.AnnotatedColumn - Binding column: AnnotatedColumn(column='assignedTo_KEY')
10:24:13.743 [main] DEBUG org.hibernate.boot.model.internal.AnnotatedColumn - Binding column: AnnotatedJoinColumn(column='assignedTo_KEY')
10:24:13.743 [main] DEBUG org.hibernate.boot.model.internal.AnnotatedColumn - Binding column: AnnotatedJoinColumn(column='task_id')
10:24:13.743 [main] DEBUG org.hibernate.boot.model.internal.AnnotatedColumn - Binding column: AnnotatedJoinColumn(column='team_member_id')
10:24:13.743 [main] DEBUG org.hibernate.boot.model.internal.CollectionBinder - Collection role: org.frcpm.models.Task.assignedTo
10:24:13.743 [main] DEBUG org.hibernate.boot.model.internal.PropertyBinder - Building property assignedTo
10:24:13.743 [main] DEBUG org.hibernate.boot.model.internal.AnnotatedColumn - Binding column: AnnotatedColumn(column='completed')
10:24:13.743 [main] DEBUG org.hibernate.boot.model.internal.PropertyBinder - MetadataSourceProcessor property completed with lazy=false
10:24:13.743 [main] DEBUG org.hibernate.boot.model.internal.AbstractPropertyHolder - Attempting to locate auto-apply AttributeConverter for property [org.frcpm.models.Task:completed]
10:24:13.743 [main] DEBUG org.hibernate.boot.model.internal.BasicValueBinder - building BasicValue for completed
10:24:13.743 [main] DEBUG org.hibernate.mapping.BasicValue - Skipping column re-registration: tasks.completed
10:24:13.743 [main] DEBUG org.hibernate.boot.model.internal.PropertyBinder - Building property completed
10:24:13.743 [main] DEBUG org.hibernate.boot.model.internal.AnnotatedColumn - Binding column: AnnotatedColumn(column='description')
10:24:13.743 [main] DEBUG org.hibernate.boot.model.internal.PropertyBinder - MetadataSourceProcessor property description with lazy=false
10:24:13.743 [main] DEBUG org.hibernate.boot.model.internal.AbstractPropertyHolder - Attempting to locate auto-apply AttributeConverter for property [org.frcpm.models.Task:description]
10:24:13.743 [main] DEBUG org.hibernate.boot.model.internal.BasicValueBinder - building BasicValue for description
10:24:13.743 [main] DEBUG org.hibernate.mapping.BasicValue - Skipping column re-registration: tasks.description
10:24:13.743 [main] DEBUG org.hibernate.boot.model.internal.PropertyBinder - Building property description
10:24:13.743 [main] DEBUG org.hibernate.boot.model.internal.AnnotatedColumn - Binding column: AnnotatedColumn(column='end_date')
10:24:13.744 [main] DEBUG org.hibernate.boot.model.internal.PropertyBinder - MetadataSourceProcessor property endDate with lazy=false
10:24:13.744 [main] DEBUG org.hibernate.boot.model.internal.AbstractPropertyHolder - Attempting to locate auto-apply AttributeConverter for property [org.frcpm.models.Task:endDate]
10:24:13.744 [main] DEBUG org.hibernate.boot.model.internal.BasicValueBinder - building BasicValue for endDate
10:24:13.744 [main] DEBUG org.hibernate.mapping.BasicValue - Skipping column re-registration: tasks.end_date
10:24:13.744 [main] DEBUG org.hibernate.boot.model.internal.PropertyBinder - Building property endDate
10:24:13.744 [main] DEBUG org.hibernate.boot.model.internal.AnnotatedColumn - Binding column: AnnotatedColumn(column='estimated_duration_seconds')
10:24:13.744 [main] DEBUG org.hibernate.boot.model.internal.PropertyBinder - MetadataSourceProcessor property estimatedDurationSeconds with lazy=false
10:24:13.744 [main] DEBUG org.hibernate.boot.model.internal.AbstractPropertyHolder - Attempting to locate auto-apply AttributeConverter for property [org.frcpm.models.Task:estimatedDurationSeconds]
10:24:13.744 [main] DEBUG org.hibernate.boot.model.internal.BasicValueBinder - building BasicValue for estimatedDurationSeconds
10:24:13.744 [main] DEBUG org.hibernate.mapping.BasicValue - Skipping column re-registration: tasks.estimated_duration_seconds
10:24:13.744 [main] DEBUG org.hibernate.boot.model.internal.PropertyBinder - Building property estimatedDurationSeconds
10:24:13.744 [main] DEBUG org.hibernate.boot.model.internal.AnnotatedColumn - Binding column: IndexColumn(column='postDependencies_ORDER')
10:24:13.744 [main] DEBUG org.hibernate.boot.model.internal.AnnotatedColumn - Binding column: AnnotatedColumn()
10:24:13.744 [main] DEBUG org.hibernate.boot.model.internal.AnnotatedColumn - Binding column: AnnotatedColumn(column='postDependencies_KEY')
10:24:13.744 [main] DEBUG org.hibernate.boot.model.internal.AnnotatedColumn - Binding column: AnnotatedJoinColumn(column='postDependencies_KEY')
10:24:13.744 [main] DEBUG org.hibernate.boot.model.internal.AnnotatedColumn - Binding column: AnnotatedJoinColumn()
10:24:13.744 [main] DEBUG org.hibernate.boot.model.internal.AnnotatedColumn - Binding column: AnnotatedJoinColumn()
10:24:13.744 [main] DEBUG org.hibernate.boot.model.internal.CollectionBinder - Collection role: org.frcpm.models.Task.postDependencies
10:24:13.744 [main] DEBUG org.hibernate.boot.model.internal.PropertyBinder - Building property postDependencies
10:24:13.744 [main] DEBUG org.hibernate.boot.model.internal.AnnotatedColumn - Binding column: IndexColumn(column='preDependencies_ORDER')
10:24:13.744 [main] DEBUG org.hibernate.boot.model.internal.AnnotatedColumn - Binding column: AnnotatedColumn()
10:24:13.744 [main] DEBUG org.hibernate.boot.model.internal.AnnotatedColumn - Binding column: AnnotatedColumn(column='preDependencies_KEY')
10:24:13.744 [main] DEBUG org.hibernate.boot.model.internal.AnnotatedColumn - Binding column: AnnotatedJoinColumn(column='preDependencies_KEY')
10:24:13.744 [main] DEBUG org.hibernate.boot.model.internal.AnnotatedColumn - Binding column: AnnotatedJoinColumn(column='task_id')
10:24:13.744 [main] DEBUG org.hibernate.boot.model.internal.AnnotatedColumn - Binding column: AnnotatedJoinColumn(column='dependency_id')
10:24:13.744 [main] DEBUG org.hibernate.boot.model.internal.CollectionBinder - Collection role: org.frcpm.models.Task.preDependencies
10:24:13.744 [main] DEBUG org.hibernate.boot.model.internal.PropertyBinder - Building property preDependencies
10:24:13.744 [main] DEBUG org.hibernate.boot.model.internal.AnnotatedColumn - Binding column: AnnotatedColumn(column='priority')
10:24:13.744 [main] DEBUG org.hibernate.boot.model.internal.PropertyBinder - MetadataSourceProcessor property priority with lazy=false
10:24:13.744 [main] DEBUG org.hibernate.boot.model.internal.AbstractPropertyHolder - Attempting to locate auto-apply AttributeConverter for property [org.frcpm.models.Task:priority]
10:24:13.744 [main] DEBUG org.hibernate.boot.model.internal.BasicValueBinder - building BasicValue for priority
10:24:13.744 [main] DEBUG org.hibernate.mapping.BasicValue - Skipping column re-registration: tasks.priority
10:24:13.744 [main] DEBUG org.hibernate.boot.model.internal.PropertyBinder - Building property priority
10:24:13.744 [main] DEBUG org.hibernate.boot.model.internal.AnnotatedColumn - Binding column: AnnotatedColumn(column='progress')
10:24:13.744 [main] DEBUG org.hibernate.boot.model.internal.PropertyBinder - MetadataSourceProcessor property progress with lazy=false
10:24:13.744 [main] DEBUG org.hibernate.boot.model.internal.AbstractPropertyHolder - Attempting to locate auto-apply AttributeConverter for property [org.frcpm.models.Task:progress]
10:24:13.744 [main] DEBUG org.hibernate.boot.model.internal.BasicValueBinder - building BasicValue for progress
10:24:13.744 [main] DEBUG org.hibernate.mapping.BasicValue - Skipping column re-registration: tasks.progress
10:24:13.744 [main] DEBUG org.hibernate.boot.model.internal.PropertyBinder - Building property progress
10:24:13.744 [main] DEBUG org.hibernate.boot.model.internal.AnnotatedColumn - Binding column: AnnotatedJoinColumn(column='project_id')
10:24:13.744 [main] DEBUG org.hibernate.boot.model.internal.AnnotatedColumn - Binding column: AnnotatedColumn()
10:24:13.744 [main] DEBUG org.hibernate.boot.model.internal.PropertyBinder - Building property project
10:24:13.744 [main] DEBUG org.hibernate.boot.model.internal.AnnotatedColumn - Binding column: IndexColumn(column='requiredComponents_ORDER')
10:24:13.744 [main] DEBUG org.hibernate.boot.model.internal.AnnotatedColumn - Binding column: AnnotatedColumn()
10:24:13.744 [main] DEBUG org.hibernate.boot.model.internal.AnnotatedColumn - Binding column: AnnotatedColumn(column='requiredComponents_KEY')
10:24:13.744 [main] DEBUG org.hibernate.boot.model.internal.AnnotatedColumn - Binding column: AnnotatedJoinColumn(column='requiredComponents_KEY')
10:24:13.744 [main] DEBUG org.hibernate.boot.model.internal.AnnotatedColumn - Binding column: AnnotatedJoinColumn(column='task_id')
10:24:13.744 [main] DEBUG org.hibernate.boot.model.internal.AnnotatedColumn - Binding column: AnnotatedJoinColumn(column='component_id')
10:24:13.744 [main] DEBUG org.hibernate.boot.model.internal.CollectionBinder - Collection role: org.frcpm.models.Task.requiredComponents
10:24:13.744 [main] DEBUG org.hibernate.boot.model.internal.PropertyBinder - Building property requiredComponents
10:24:13.744 [main] DEBUG org.hibernate.boot.model.internal.AnnotatedColumn - Binding column: AnnotatedColumn(column='start_date')
10:24:13.744 [main] DEBUG org.hibernate.boot.model.internal.PropertyBinder - MetadataSourceProcessor property startDate with lazy=false
10:24:13.744 [main] DEBUG org.hibernate.boot.model.internal.AbstractPropertyHolder - Attempting to locate auto-apply AttributeConverter for property [org.frcpm.models.Task:startDate]
10:24:13.744 [main] DEBUG org.hibernate.boot.model.internal.BasicValueBinder - building BasicValue for startDate
10:24:13.744 [main] DEBUG org.hibernate.mapping.BasicValue - Skipping column re-registration: tasks.start_date
10:24:13.744 [main] DEBUG org.hibernate.boot.model.internal.PropertyBinder - Building property startDate
10:24:13.744 [main] DEBUG org.hibernate.boot.model.internal.AnnotatedColumn - Binding column: AnnotatedJoinColumn(column='subsystem_id')
10:24:13.745 [main] DEBUG org.hibernate.boot.model.internal.AnnotatedColumn - Binding column: AnnotatedColumn()
10:24:13.745 [main] DEBUG org.hibernate.boot.model.internal.PropertyBinder - Building property subsystem
10:24:13.745 [main] DEBUG org.hibernate.boot.model.internal.AnnotatedColumn - Binding column: AnnotatedColumn(column='title')
10:24:13.745 [main] DEBUG org.hibernate.boot.model.internal.PropertyBinder - MetadataSourceProcessor property title with lazy=false
10:24:13.745 [main] DEBUG org.hibernate.boot.model.internal.AbstractPropertyHolder - Attempting to locate auto-apply AttributeConverter for property [org.frcpm.models.Task:title]
10:24:13.745 [main] DEBUG org.hibernate.boot.model.internal.BasicValueBinder - building BasicValue for title
10:24:13.745 [main] DEBUG org.hibernate.mapping.BasicValue - Skipping column re-registration: tasks.title
10:24:13.745 [main] DEBUG org.hibernate.boot.model.internal.PropertyBinder - Building property title
10:24:13.746 [main] DEBUG org.hibernate.boot.registry.classloading.internal.ClassLoaderServiceImpl - HHH000194: Package not found or no package-info.java: org.frcpm.models
10:24:13.747 [main] DEBUG org.hibernate.boot.model.internal.EntityBinder - Binding entity from annotated class: org.frcpm.models.TeamMember
10:24:13.747 [main] DEBUG org.hibernate.boot.model.internal.EntityBinder - Import with entity name TeamMember
10:24:13.748 [main] DEBUG org.hibernate.boot.model.internal.EntityBinder - Bind entity org.frcpm.models.TeamMember on table team_members
10:24:13.748 [main] DEBUG org.hibernate.boot.model.internal.AnnotatedColumn - Binding column: AnnotatedDiscriminatorColumn(column='DTYPE')
10:24:13.749 [main] DEBUG org.hibernate.boot.model.internal.AnnotatedColumn - Binding column: AnnotatedColumn()
10:24:13.749 [main] DEBUG org.hibernate.boot.internal.ClassLoaderAccessImpl - Not known whether passed class name [org.frcpm.models.TeamMember] is safe
10:24:13.749 [main] DEBUG org.hibernate.boot.internal.ClassLoaderAccessImpl - No temp ClassLoader provided; using live ClassLoader for loading potentially unsafe class : org.frcpm.models.TeamMember
10:24:13.749 [main] DEBUG org.hibernate.boot.model.internal.PropertyBinder - MetadataSourceProcessor property id with lazy=false
10:24:13.749 [main] DEBUG org.hibernate.boot.model.internal.AbstractPropertyHolder - Attempting to locate auto-apply AttributeConverter for property [org.frcpm.models.TeamMember:id]
10:24:13.749 [main] DEBUG org.hibernate.boot.model.internal.BasicValueBinder - building BasicValue for id
10:24:13.749 [main] DEBUG org.hibernate.mapping.BasicValue - Skipping column re-registration: team_members.id
10:24:13.750 [main] DEBUG org.hibernate.boot.model.internal.PropertyBinder - Building property id
10:24:13.750 [main] DEBUG org.hibernate.boot.model.internal.BinderHelper - #makeIdGenerator(BasicValue([Column(id)]), id, identity, , ...)
10:24:13.750 [main] DEBUG org.hibernate.boot.model.internal.AnnotatedColumn - Binding column: IndexColumn(column='assignedTasks_ORDER')
10:24:13.750 [main] DEBUG org.hibernate.boot.model.internal.AnnotatedColumn - Binding column: AnnotatedColumn()
10:24:13.750 [main] DEBUG org.hibernate.boot.model.internal.AnnotatedColumn - Binding column: AnnotatedColumn(column='assignedTasks_KEY')
10:24:13.750 [main] DEBUG org.hibernate.boot.model.internal.AnnotatedColumn - Binding column: AnnotatedJoinColumn(column='assignedTasks_KEY')
10:24:13.750 [main] DEBUG org.hibernate.boot.model.internal.AnnotatedColumn - Binding column: AnnotatedJoinColumn()
10:24:13.750 [main] DEBUG org.hibernate.boot.model.internal.AnnotatedColumn - Binding column: AnnotatedJoinColumn()
10:24:13.750 [main] DEBUG org.hibernate.boot.model.internal.CollectionBinder - Collection role: org.frcpm.models.TeamMember.assignedTasks
10:24:13.750 [main] DEBUG org.hibernate.boot.model.internal.PropertyBinder - Building property assignedTasks
10:24:13.750 [main] DEBUG org.hibernate.boot.model.internal.AnnotatedColumn - Binding column: AnnotatedJoinColumn()
10:24:13.750 [main] DEBUG org.hibernate.boot.model.internal.AnnotatedColumn - Binding column: AnnotatedColumn()
10:24:13.750 [main] DEBUG org.hibernate.boot.model.internal.AnnotatedColumn - Binding column: IndexColumn(column='attendances_ORDER')
10:24:13.750 [main] DEBUG org.hibernate.boot.model.internal.AnnotatedColumn - Binding column: AnnotatedColumn()
10:24:13.750 [main] DEBUG org.hibernate.boot.model.internal.AnnotatedColumn - Binding column: AnnotatedColumn(column='attendances_KEY')
10:24:13.750 [main] DEBUG org.hibernate.boot.model.internal.AnnotatedColumn - Binding column: AnnotatedJoinColumn(column='attendances_KEY')
10:24:13.750 [main] DEBUG org.hibernate.boot.model.internal.AnnotatedColumn - Binding column: AnnotatedJoinColumn()
10:24:13.750 [main] DEBUG org.hibernate.boot.model.internal.AnnotatedColumn - Binding column: AnnotatedJoinColumn()
10:24:13.750 [main] DEBUG org.hibernate.boot.model.internal.CollectionBinder - Collection role: org.frcpm.models.TeamMember.attendances
10:24:13.751 [main] DEBUG org.hibernate.boot.model.internal.PropertyBinder - Building property attendances
10:24:13.751 [main] DEBUG org.hibernate.boot.model.internal.AnnotatedColumn - Binding column: AnnotatedColumn(column='email')
10:24:13.751 [main] DEBUG org.hibernate.boot.model.internal.PropertyBinder - MetadataSourceProcessor property email with lazy=false
10:24:13.751 [main] DEBUG org.hibernate.boot.model.internal.AbstractPropertyHolder - Attempting to locate auto-apply AttributeConverter for property [org.frcpm.models.TeamMember:email]
10:24:13.751 [main] DEBUG org.hibernate.boot.model.internal.BasicValueBinder - building BasicValue for email
10:24:13.751 [main] DEBUG org.hibernate.mapping.BasicValue - Skipping column re-registration: team_members.email
10:24:13.751 [main] DEBUG org.hibernate.boot.model.internal.PropertyBinder - Building property email
10:24:13.751 [main] DEBUG org.hibernate.boot.model.internal.AnnotatedColumn - Binding column: AnnotatedColumn(column='first_name')
10:24:13.751 [main] DEBUG org.hibernate.boot.model.internal.PropertyBinder - MetadataSourceProcessor property firstName with lazy=false
10:24:13.751 [main] DEBUG org.hibernate.boot.model.internal.AbstractPropertyHolder - Attempting to locate auto-apply AttributeConverter for property [org.frcpm.models.TeamMember:firstName]
10:24:13.751 [main] DEBUG org.hibernate.boot.model.internal.BasicValueBinder - building BasicValue for firstName
10:24:13.751 [main] DEBUG org.hibernate.mapping.BasicValue - Skipping column re-registration: team_members.first_name
10:24:13.751 [main] DEBUG org.hibernate.boot.model.internal.PropertyBinder - Building property firstName
10:24:13.751 [main] DEBUG org.hibernate.boot.model.internal.AnnotatedColumn - Binding column: AnnotatedColumn(column='last_name')
10:24:13.751 [main] DEBUG org.hibernate.boot.model.internal.PropertyBinder - MetadataSourceProcessor property lastName with lazy=false
10:24:13.751 [main] DEBUG org.hibernate.boot.model.internal.AbstractPropertyHolder - Attempting to locate auto-apply AttributeConverter for property [org.frcpm.models.TeamMember:lastName]
10:24:13.751 [main] DEBUG org.hibernate.boot.model.internal.BasicValueBinder - building BasicValue for lastName
10:24:13.751 [main] DEBUG org.hibernate.mapping.BasicValue - Skipping column re-registration: team_members.last_name
10:24:13.751 [main] DEBUG org.hibernate.boot.model.internal.PropertyBinder - Building property lastName
10:24:13.751 [main] DEBUG org.hibernate.boot.model.internal.AnnotatedColumn - Binding column: AnnotatedColumn(column='is_leader')
10:24:13.751 [main] DEBUG org.hibernate.boot.model.internal.PropertyBinder - MetadataSourceProcessor property leader with lazy=false
10:24:13.751 [main] DEBUG org.hibernate.boot.model.internal.AbstractPropertyHolder - Attempting to locate auto-apply AttributeConverter for property [org.frcpm.models.TeamMember:leader]
10:24:13.751 [main] DEBUG org.hibernate.boot.model.internal.BasicValueBinder - building BasicValue for leader
10:24:13.751 [main] DEBUG org.hibernate.mapping.BasicValue - Skipping column re-registration: team_members.is_leader
10:24:13.751 [main] DEBUG org.hibernate.boot.model.internal.PropertyBinder - Building property leader
10:24:13.751 [main] DEBUG org.hibernate.boot.model.internal.AnnotatedColumn - Binding column: AnnotatedColumn(column='phone')
10:24:13.751 [main] DEBUG org.hibernate.boot.model.internal.PropertyBinder - MetadataSourceProcessor property phone with lazy=false
10:24:13.751 [main] DEBUG org.hibernate.boot.model.internal.AbstractPropertyHolder - Attempting to locate auto-apply AttributeConverter for property [org.frcpm.models.TeamMember:phone]
10:24:13.751 [main] DEBUG org.hibernate.boot.model.internal.BasicValueBinder - building BasicValue for phone
10:24:13.751 [main] DEBUG org.hibernate.mapping.BasicValue - Skipping column re-registration: team_members.phone
10:24:13.751 [main] DEBUG org.hibernate.boot.model.internal.PropertyBinder - Building property phone
10:24:13.751 [main] DEBUG org.hibernate.boot.model.internal.AnnotatedColumn - Binding column: AnnotatedColumn(column='skills')
10:24:13.751 [main] DEBUG org.hibernate.boot.model.internal.PropertyBinder - MetadataSourceProcessor property skills with lazy=false
10:24:13.751 [main] DEBUG org.hibernate.boot.model.internal.AbstractPropertyHolder - Attempting to locate auto-apply AttributeConverter for property [org.frcpm.models.TeamMember:skills]
10:24:13.751 [main] DEBUG org.hibernate.boot.model.internal.BasicValueBinder - building BasicValue for skills
10:24:13.751 [main] DEBUG org.hibernate.mapping.BasicValue - Skipping column re-registration: team_members.skills
10:24:13.751 [main] DEBUG org.hibernate.boot.model.internal.PropertyBinder - Building property skills
10:24:13.751 [main] DEBUG org.hibernate.boot.model.internal.AnnotatedColumn - Binding column: AnnotatedJoinColumn(column='subteam_id')
10:24:13.751 [main] DEBUG org.hibernate.boot.model.internal.AnnotatedColumn - Binding column: AnnotatedColumn()
10:24:13.751 [main] DEBUG org.hibernate.boot.model.internal.PropertyBinder - Building property subteam
10:24:13.751 [main] DEBUG org.hibernate.boot.model.internal.AnnotatedColumn - Binding column: AnnotatedColumn(column='username')
10:24:13.751 [main] DEBUG org.hibernate.boot.model.internal.PropertyBinder - MetadataSourceProcessor property username with lazy=false
10:24:13.751 [main] DEBUG org.hibernate.boot.model.internal.AbstractPropertyHolder - Attempting to locate auto-apply AttributeConverter for property [org.frcpm.models.TeamMember:username]
10:24:13.751 [main] DEBUG org.hibernate.boot.model.internal.BasicValueBinder - building BasicValue for username
10:24:13.751 [main] DEBUG org.hibernate.mapping.BasicValue - Skipping column re-registration: team_members.username
10:24:13.751 [main] DEBUG org.hibernate.boot.model.internal.PropertyBinder - Building property username
10:24:13.752 [main] DEBUG org.hibernate.boot.registry.classloading.internal.ClassLoaderServiceImpl - HHH000194: Package not found or no package-info.java: org.frcpm.models
10:24:13.752 [main] DEBUG org.hibernate.boot.model.internal.BasicValueBinder - Starting `BasicValueBinder#fillSimpleValue` for id
10:24:13.752 [main] DEBUG org.hibernate.boot.model.internal.BasicValueBinder - Starting `BasicValueBinder#fillSimpleValue` for arrivalTime
10:24:13.752 [main] DEBUG org.hibernate.boot.model.internal.BasicValueBinder - Starting `BasicValueBinder#fillSimpleValue` for departureTime
10:24:13.752 [main] DEBUG org.hibernate.boot.model.internal.BasicValueBinder - Starting `BasicValueBinder#fillSimpleValue` for present
10:24:13.752 [main] DEBUG org.hibernate.boot.model.internal.BasicValueBinder - Starting `BasicValueBinder#fillSimpleValue` for id
10:24:13.752 [main] DEBUG org.hibernate.boot.model.internal.BasicValueBinder - Starting `BasicValueBinder#fillSimpleValue` for date
10:24:13.752 [main] DEBUG org.hibernate.boot.model.internal.BasicValueBinder - Starting `BasicValueBinder#fillSimpleValue` for endTime
10:24:13.752 [main] DEBUG org.hibernate.boot.model.internal.BasicValueBinder - Starting `BasicValueBinder#fillSimpleValue` for notes
10:24:13.752 [main] DEBUG org.hibernate.boot.model.internal.BasicValueBinder - Starting `BasicValueBinder#fillSimpleValue` for startTime
10:24:13.752 [main] DEBUG org.hibernate.boot.model.internal.BasicValueBinder - Starting `BasicValueBinder#fillSimpleValue` for id
10:24:13.752 [main] DEBUG org.hibernate.boot.model.internal.BasicValueBinder - Starting `BasicValueBinder#fillSimpleValue` for description
10:24:13.752 [main] DEBUG org.hibernate.boot.model.internal.BasicValueBinder - Starting `BasicValueBinder#fillSimpleValue` for name
10:24:13.752 [main] DEBUG org.hibernate.boot.model.internal.BasicValueBinder - Starting `BasicValueBinder#fillSimpleValue` for status
10:24:13.752 [main] DEBUG org.hibernate.boot.model.internal.BasicValueBinder - Starting `BasicValueBinder#fillSimpleValue` for id
10:24:13.752 [main] DEBUG org.hibernate.boot.model.internal.BasicValueBinder - Starting `BasicValueBinder#fillSimpleValue` for actualDelivery
10:24:13.752 [main] DEBUG org.hibernate.boot.model.internal.BasicValueBinder - Starting `BasicValueBinder#fillSimpleValue` for delivered
10:24:13.752 [main] DEBUG org.hibernate.boot.model.internal.BasicValueBinder - Starting `BasicValueBinder#fillSimpleValue` for description
10:24:13.752 [main] DEBUG org.hibernate.boot.model.internal.BasicValueBinder - Starting `BasicValueBinder#fillSimpleValue` for expectedDelivery
10:24:13.752 [main] DEBUG org.hibernate.boot.model.internal.BasicValueBinder - Starting `BasicValueBinder#fillSimpleValue` for name
10:24:13.752 [main] DEBUG org.hibernate.boot.model.internal.BasicValueBinder - Starting `BasicValueBinder#fillSimpleValue` for partNumber
10:24:13.752 [main] DEBUG org.hibernate.boot.model.internal.BasicValueBinder - Starting `BasicValueBinder#fillSimpleValue` for id
10:24:13.752 [main] DEBUG org.hibernate.boot.model.internal.BasicValueBinder - Starting `BasicValueBinder#fillSimpleValue` for date
10:24:13.752 [main] DEBUG org.hibernate.boot.model.internal.BasicValueBinder - Starting `BasicValueBinder#fillSimpleValue` for description
10:24:13.752 [main] DEBUG org.hibernate.boot.model.internal.BasicValueBinder - Starting `BasicValueBinder#fillSimpleValue` for name
10:24:13.752 [main] DEBUG org.hibernate.boot.model.internal.BasicValueBinder - Starting `BasicValueBinder#fillSimpleValue` for id
10:24:13.752 [main] DEBUG org.hibernate.boot.model.internal.BasicValueBinder - Starting `BasicValueBinder#fillSimpleValue` for description
10:24:13.752 [main] DEBUG org.hibernate.boot.model.internal.BasicValueBinder - Starting `BasicValueBinder#fillSimpleValue` for goalEndDate
10:24:13.752 [main] DEBUG org.hibernate.boot.model.internal.BasicValueBinder - Starting `BasicValueBinder#fillSimpleValue` for hardDeadline
10:24:13.752 [main] DEBUG org.hibernate.boot.model.internal.BasicValueBinder - Starting `BasicValueBinder#fillSimpleValue` for name
10:24:13.752 [main] DEBUG org.hibernate.boot.model.internal.BasicValueBinder - Starting `BasicValueBinder#fillSimpleValue` for startDate
10:24:13.752 [main] DEBUG org.hibernate.boot.model.internal.BasicValueBinder - Starting `BasicValueBinder#fillSimpleValue` for id
10:24:13.752 [main] DEBUG org.hibernate.boot.model.internal.BasicValueBinder - Starting `BasicValueBinder#fillSimpleValue` for colorCode
10:24:13.752 [main] DEBUG org.hibernate.boot.model.internal.BasicValueBinder - Starting `BasicValueBinder#fillSimpleValue` for name
10:24:13.752 [main] DEBUG org.hibernate.boot.model.internal.BasicValueBinder - Starting `BasicValueBinder#fillSimpleValue` for specialties
10:24:13.752 [main] DEBUG org.hibernate.boot.model.internal.BasicValueBinder - Starting `BasicValueBinder#fillSimpleValue` for id
10:24:13.752 [main] DEBUG org.hibernate.boot.model.internal.BasicValueBinder - Starting `BasicValueBinder#fillSimpleValue` for actualDurationSeconds
10:24:13.752 [main] DEBUG org.hibernate.boot.model.internal.BasicValueBinder - Starting `BasicValueBinder#fillSimpleValue` for completed
10:24:13.752 [main] DEBUG org.hibernate.boot.model.internal.BasicValueBinder - Starting `BasicValueBinder#fillSimpleValue` for description
10:24:13.752 [main] DEBUG org.hibernate.boot.model.internal.BasicValueBinder - Starting `BasicValueBinder#fillSimpleValue` for endDate
10:24:13.752 [main] DEBUG org.hibernate.boot.model.internal.BasicValueBinder - Starting `BasicValueBinder#fillSimpleValue` for estimatedDurationSeconds
10:24:13.752 [main] DEBUG org.hibernate.boot.model.internal.BasicValueBinder - Starting `BasicValueBinder#fillSimpleValue` for priority
10:24:13.752 [main] DEBUG org.hibernate.boot.model.internal.BasicValueBinder - Starting `BasicValueBinder#fillSimpleValue` for progress
10:24:13.752 [main] DEBUG org.hibernate.boot.model.internal.BasicValueBinder - Starting `BasicValueBinder#fillSimpleValue` for startDate
10:24:13.752 [main] DEBUG org.hibernate.boot.model.internal.BasicValueBinder - Starting `BasicValueBinder#fillSimpleValue` for title
10:24:13.752 [main] DEBUG org.hibernate.boot.model.internal.BasicValueBinder - Starting `BasicValueBinder#fillSimpleValue` for id
10:24:13.752 [main] DEBUG org.hibernate.boot.model.internal.BasicValueBinder - Starting `BasicValueBinder#fillSimpleValue` for email
10:24:13.752 [main] DEBUG org.hibernate.boot.model.internal.BasicValueBinder - Starting `BasicValueBinder#fillSimpleValue` for firstName
10:24:13.752 [main] DEBUG org.hibernate.boot.model.internal.BasicValueBinder - Starting `BasicValueBinder#fillSimpleValue` for lastName
10:24:13.752 [main] DEBUG org.hibernate.boot.model.internal.BasicValueBinder - Starting `BasicValueBinder#fillSimpleValue` for leader
10:24:13.752 [main] DEBUG org.hibernate.boot.model.internal.BasicValueBinder - Starting `BasicValueBinder#fillSimpleValue` for phone
10:24:13.752 [main] DEBUG org.hibernate.boot.model.internal.BasicValueBinder - Starting `BasicValueBinder#fillSimpleValue` for skills
10:24:13.752 [main] DEBUG org.hibernate.boot.model.internal.BasicValueBinder - Starting `BasicValueBinder#fillSimpleValue` for username
10:24:13.753 [main] DEBUG org.hibernate.mapping.PrimaryKey - Forcing column [id] to be non-null as it is part of the primary key for table [attendances]
10:24:13.753 [main] DEBUG org.hibernate.mapping.PrimaryKey - Forcing column [id] to be non-null as it is part of the primary key for table [meetings]
10:24:13.753 [main] DEBUG org.hibernate.mapping.PrimaryKey - Forcing column [id] to be non-null as it is part of the primary key for table [subsystems]
10:24:13.753 [main] DEBUG org.hibernate.mapping.PrimaryKey - Forcing column [id] to be non-null as it is part of the primary key for table [components]
10:24:13.753 [main] DEBUG org.hibernate.mapping.PrimaryKey - Forcing column [id] to be non-null as it is part of the primary key for table [milestones]
10:24:13.753 [main] DEBUG org.hibernate.mapping.PrimaryKey - Forcing column [id] to be non-null as it is part of the primary key for table [projects]
10:24:13.753 [main] DEBUG org.hibernate.mapping.PrimaryKey - Forcing column [id] to be non-null as it is part of the primary key for table [subteams]
10:24:13.753 [main] DEBUG org.hibernate.mapping.PrimaryKey - Forcing column [id] to be non-null as it is part of the primary key for table [tasks]
10:24:13.753 [main] DEBUG org.hibernate.mapping.PrimaryKey - Forcing column [id] to be non-null as it is part of the primary key for table [team_members]
10:24:13.753 [main] DEBUG org.hibernate.boot.model.internal.CollectionSecondPass - Second pass for collection: org.frcpm.models.Task.requiredComponents
10:24:13.753 [main] DEBUG org.hibernate.boot.model.internal.CollectionBinder - Binding a ManyToMany: org.frcpm.models.Task.requiredComponents
10:24:13.754 [main] DEBUG org.hibernate.boot.registry.classloading.internal.ClassLoaderServiceImpl - HHH000194: Package not found or no package-info.java: org.frcpm.models
10:24:13.754 [main] DEBUG org.hibernate.mapping.PrimaryKey - Forcing column [task_id] to be non-null as it is part of the primary key for table [task_components]
10:24:13.754 [main] DEBUG org.hibernate.mapping.PrimaryKey - Forcing column [component_id] to be non-null as it is part of the primary key for table [task_components]
10:24:13.754 [main] DEBUG org.hibernate.boot.model.internal.CollectionSecondPass - Mapped collection key: task_id, element: component_id
10:24:13.754 [main] DEBUG org.hibernate.boot.model.internal.CollectionSecondPass - Second pass for collection: org.frcpm.models.Task.preDependencies
10:24:13.754 [main] DEBUG org.hibernate.boot.model.internal.CollectionBinder - Binding a ManyToMany: org.frcpm.models.Task.preDependencies
10:24:13.755 [main] DEBUG org.hibernate.boot.registry.classloading.internal.ClassLoaderServiceImpl - HHH000194: Package not found or no package-info.java: org.frcpm.models
10:24:13.755 [main] DEBUG org.hibernate.mapping.PrimaryKey - Forcing column [task_id] to be non-null as it is part of the primary key for table [task_dependencies]
10:24:13.755 [main] DEBUG org.hibernate.mapping.PrimaryKey - Forcing column [dependency_id] to be non-null as it is part of the primary key for table [task_dependencies]
10:24:13.755 [main] DEBUG org.hibernate.boot.model.internal.CollectionSecondPass - Mapped collection key: task_id, element: dependency_id
10:24:13.755 [main] DEBUG org.hibernate.boot.model.internal.CollectionSecondPass - Second pass for collection: org.frcpm.models.Task.assignedTo
10:24:13.755 [main] DEBUG org.hibernate.boot.model.internal.CollectionBinder - Binding a ManyToMany: org.frcpm.models.Task.assignedTo
10:24:13.756 [main] DEBUG org.hibernate.boot.registry.classloading.internal.ClassLoaderServiceImpl - HHH000194: Package not found or no package-info.java: org.frcpm.models
10:24:13.756 [main] DEBUG org.hibernate.mapping.PrimaryKey - Forcing column [task_id] to be non-null as it is part of the primary key for table [task_assignments]
10:24:13.756 [main] DEBUG org.hibernate.mapping.PrimaryKey - Forcing column [team_member_id] to be non-null as it is part of the primary key for table [task_assignments]
10:24:13.756 [main] DEBUG org.hibernate.boot.model.internal.CollectionSecondPass - Mapped collection key: task_id, element: team_member_id
10:24:13.756 [main] DEBUG org.hibernate.boot.model.internal.CollectionSecondPass - Second pass for collection: org.frcpm.models.Meeting.attendances
10:24:13.756 [main] DEBUG org.hibernate.boot.model.internal.CollectionBinder - Binding a OneToMany: org.frcpm.models.Meeting.attendances through a foreign key
10:24:13.756 [main] DEBUG org.hibernate.boot.model.internal.CollectionBinder - Mapping collection: org.frcpm.models.Meeting.attendances -> attendances
10:24:13.756 [main] DEBUG org.hibernate.boot.model.internal.TableBinder - Retrieving property org.frcpm.models.Attendance.meeting
10:24:13.756 [main] DEBUG org.hibernate.boot.model.internal.CollectionSecondPass - Mapped collection key: meeting_id, one-to-many: org.frcpm.models.Attendance
10:24:13.756 [main] DEBUG org.hibernate.boot.model.internal.CollectionSecondPass - Second pass for collection: org.frcpm.models.Subsystem.tasks
10:24:13.756 [main] DEBUG org.hibernate.boot.model.internal.CollectionBinder - Binding a OneToMany: org.frcpm.models.Subsystem.tasks through a foreign key
10:24:13.756 [main] DEBUG org.hibernate.boot.model.internal.CollectionBinder - Mapping collection: org.frcpm.models.Subsystem.tasks -> tasks
10:24:13.756 [main] DEBUG org.hibernate.boot.model.internal.TableBinder - Retrieving property org.frcpm.models.Task.subsystem
10:24:13.756 [main] DEBUG org.hibernate.boot.model.internal.CollectionSecondPass - Mapped collection key: subsystem_id, one-to-many: org.frcpm.models.Task
10:24:13.756 [main] DEBUG org.hibernate.boot.model.internal.CollectionSecondPass - Second pass for collection: org.frcpm.models.Component.requiredForTasks
10:24:13.756 [main] DEBUG org.hibernate.boot.model.internal.CollectionBinder - Binding a ManyToMany: org.frcpm.models.Component.requiredForTasks
10:24:13.757 [main] DEBUG org.hibernate.boot.registry.classloading.internal.ClassLoaderServiceImpl - HHH000194: Package not found or no package-info.java: org.frcpm.models
10:24:13.757 [main] DEBUG org.hibernate.boot.model.internal.TableBinder - Retrieving property org.frcpm.models.Task.requiredComponents
10:24:13.757 [main] DEBUG org.hibernate.boot.model.internal.CollectionSecondPass - Mapped collection key: component_id, element: task_id
10:24:13.757 [main] DEBUG org.hibernate.boot.model.internal.CollectionSecondPass - Second pass for collection: org.frcpm.models.Project.meetings
10:24:13.757 [main] DEBUG org.hibernate.boot.model.internal.CollectionBinder - Binding a OneToMany: org.frcpm.models.Project.meetings through a foreign key
10:24:13.757 [main] DEBUG org.hibernate.boot.model.internal.CollectionBinder - Mapping collection: org.frcpm.models.Project.meetings -> meetings
10:24:13.757 [main] DEBUG org.hibernate.boot.model.internal.TableBinder - Retrieving property org.frcpm.models.Meeting.project
10:24:13.757 [main] DEBUG org.hibernate.boot.model.internal.CollectionSecondPass - Mapped collection key: project_id, one-to-many: org.frcpm.models.Meeting
10:24:13.757 [main] DEBUG org.hibernate.boot.model.internal.CollectionSecondPass - Second pass for collection: org.frcpm.models.Project.milestones
10:24:13.757 [main] DEBUG org.hibernate.boot.model.internal.CollectionBinder - Binding a OneToMany: org.frcpm.models.Project.milestones through a foreign key
10:24:13.757 [main] DEBUG org.hibernate.boot.model.internal.CollectionBinder - Mapping collection: org.frcpm.models.Project.milestones -> milestones
10:24:13.757 [main] DEBUG org.hibernate.boot.model.internal.TableBinder - Retrieving property org.frcpm.models.Milestone.project
10:24:13.757 [main] DEBUG org.hibernate.boot.model.internal.CollectionSecondPass - Mapped collection key: project_id, one-to-many: org.frcpm.models.Milestone
10:24:13.757 [main] DEBUG org.hibernate.boot.model.internal.CollectionSecondPass - Second pass for collection: org.frcpm.models.Project.tasks
10:24:13.757 [main] DEBUG org.hibernate.boot.model.internal.CollectionBinder - Binding a OneToMany: org.frcpm.models.Project.tasks through a foreign key
10:24:13.757 [main] DEBUG org.hibernate.boot.model.internal.CollectionBinder - Mapping collection: org.frcpm.models.Project.tasks -> tasks
10:24:13.757 [main] DEBUG org.hibernate.boot.model.internal.TableBinder - Retrieving property org.frcpm.models.Task.project
10:24:13.757 [main] DEBUG org.hibernate.boot.model.internal.CollectionSecondPass - Mapped collection key: project_id, one-to-many: org.frcpm.models.Task
10:24:13.757 [main] DEBUG org.hibernate.boot.model.internal.CollectionSecondPass - Second pass for collection: org.frcpm.models.Subteam.members
10:24:13.757 [main] DEBUG org.hibernate.boot.model.internal.CollectionBinder - Binding a OneToMany: org.frcpm.models.Subteam.members through a foreign key
10:24:13.757 [main] DEBUG org.hibernate.boot.model.internal.CollectionBinder - Mapping collection: org.frcpm.models.Subteam.members -> team_members
10:24:13.757 [main] DEBUG org.hibernate.boot.model.internal.TableBinder - Retrieving property org.frcpm.models.TeamMember.subteam
10:24:13.757 [main] DEBUG org.hibernate.boot.model.internal.CollectionSecondPass - Mapped collection key: subteam_id, one-to-many: org.frcpm.models.TeamMember
10:24:13.757 [main] DEBUG org.hibernate.boot.model.internal.CollectionSecondPass - Second pass for collection: org.frcpm.models.Subteam.subsystems
10:24:13.757 [main] DEBUG org.hibernate.boot.model.internal.CollectionBinder - Binding a OneToMany: org.frcpm.models.Subteam.subsystems through a foreign key
10:24:13.757 [main] DEBUG org.hibernate.boot.model.internal.CollectionBinder - Mapping collection: org.frcpm.models.Subteam.subsystems -> subsystems
10:24:13.757 [main] DEBUG org.hibernate.boot.model.internal.TableBinder - Retrieving property org.frcpm.models.Subsystem.responsibleSubteam
10:24:13.757 [main] DEBUG org.hibernate.boot.model.internal.CollectionSecondPass - Mapped collection key: responsible_subteam_id, one-to-many: org.frcpm.models.Subsystem
10:24:13.757 [main] DEBUG org.hibernate.boot.model.internal.CollectionSecondPass - Second pass for collection: org.frcpm.models.Task.postDependencies
10:24:13.757 [main] DEBUG org.hibernate.boot.model.internal.CollectionBinder - Binding a ManyToMany: org.frcpm.models.Task.postDependencies
10:24:13.757 [main] DEBUG org.hibernate.boot.registry.classloading.internal.ClassLoaderServiceImpl - HHH000194: Package not found or no package-info.java: org.frcpm.models
10:24:13.757 [main] DEBUG org.hibernate.boot.model.internal.TableBinder - Retrieving property org.frcpm.models.Task.preDependencies
10:24:13.758 [main] DEBUG org.hibernate.boot.model.internal.CollectionSecondPass - Mapped collection key: dependency_id, element: task_id
10:24:13.758 [main] DEBUG org.hibernate.boot.model.internal.CollectionSecondPass - Second pass for collection: org.frcpm.models.TeamMember.assignedTasks
10:24:13.758 [main] DEBUG org.hibernate.boot.model.internal.CollectionBinder - Binding a ManyToMany: org.frcpm.models.TeamMember.assignedTasks
10:24:13.758 [main] DEBUG org.hibernate.boot.registry.classloading.internal.ClassLoaderServiceImpl - HHH000194: Package not found or no package-info.java: org.frcpm.models
10:24:13.758 [main] DEBUG org.hibernate.boot.model.internal.TableBinder - Retrieving property org.frcpm.models.Task.assignedTo
10:24:13.758 [main] DEBUG org.hibernate.boot.model.internal.CollectionSecondPass - Mapped collection key: team_member_id, element: task_id
10:24:13.758 [main] DEBUG org.hibernate.boot.model.internal.CollectionSecondPass - Second pass for collection: org.frcpm.models.TeamMember.attendances
10:24:13.758 [main] DEBUG org.hibernate.boot.model.internal.CollectionBinder - Binding a OneToMany: org.frcpm.models.TeamMember.attendances through a foreign key
10:24:13.758 [main] DEBUG org.hibernate.boot.model.internal.CollectionBinder - Mapping collection: org.frcpm.models.TeamMember.attendances -> attendances
10:24:13.759 [main] DEBUG org.hibernate.boot.model.internal.TableBinder - Retrieving property org.frcpm.models.Attendance.member
10:24:13.759 [main] DEBUG org.hibernate.boot.model.internal.CollectionSecondPass - Mapped collection key: member_id, one-to-many: org.frcpm.models.Attendance
10:24:13.771 [main] DEBUG org.hibernate.internal.SessionFactoryImpl - Building session factory
10:24:13.772 [main] DEBUG org.hibernate.service.internal.SessionFactoryServiceRegistryImpl - EventListenerRegistry access via ServiceRegistry is deprecated.  Use `sessionFactory.getEventEngine().getListenerRegistry()` instead
10:24:13.772 [main] DEBUG org.hibernate.internal.SessionFactoryImpl - Instantiating SessionFactory with settings: {hibernate.format_sql=false, java.specification.version=21, sun.cpu.isalist=amd64, hibernate.connection.handling_mode=DELAYED_ACQUISITION_AND_RELEASE_AFTER_STATEMENT, sun.jnu.encoding=Cp1252, hibernate.dialect=org.hibernate.dialect.H2Dialect, java.class.path=C:\Users\dhiebert\Local Repositories\Project Management 2.0\target\test-classes;C:\Users\dhiebert\Local Repositories\Project Management 2.0\target\classes;C:\Users\dhiebert\.m2\repository\org\openjfx\javafx-controls\21.0.2\javafx-controls-21.0.2.jar;C:\Users\dhiebert\.m2\repository\org\openjfx\javafx-controls\21.0.2\javafx-controls-21.0.2-win.jar;C:\Users\dhiebert\.m2\repository\org\openjfx\javafx-fxml\21.0.2\javafx-fxml-21.0.2.jar;C:\Users\dhiebert\.m2\repository\org\openjfx\javafx-fxml\21.0.2\javafx-fxml-21.0.2-win.jar;C:\Users\dhiebert\.m2\repository\org\openjfx\javafx-graphics\21.0.2\javafx-graphics-21.0.2.jar;C:\Users\dhiebert\.m2\repository\org\openjfx\javafx-graphics\21.0.2\javafx-graphics-21.0.2-win.jar;C:\Users\dhiebert\.m2\repository\org\openjfx\javafx-base\21.0.2\javafx-base-21.0.2.jar;C:\Users\dhiebert\.m2\repository\org\openjfx\javafx-base\21.0.2\javafx-base-21.0.2-win.jar;C:\Users\dhiebert\.m2\repository\com\h2database\h2\2.2.224\h2-2.2.224.jar;C:\Users\dhiebert\.m2\repository\com\zaxxer\HikariCP\5.1.0\HikariCP-5.1.0.jar;C:\Users\dhiebert\.m2\repository\org\slf4j\slf4j-api\1.7.36\slf4j-api-1.7.36.jar;C:\Users\dhiebert\.m2\repository\org\hibernate\orm\hibernate-core\6.5.0.Final\hibernate-core-6.5.0.Final.jar;C:\Users\dhiebert\.m2\repository\jakarta\persistence\jakarta.persistence-api\3.1.0\jakarta.persistence-api-3.1.0.jar;C:\Users\dhiebert\.m2\repository\jakarta\transaction\jakarta.transaction-api\2.0.1\jakarta.transaction-api-2.0.1.jar;C:\Users\dhiebert\.m2\repository\org\jboss\logging\jboss-logging\3.5.0.Final\jboss-logging-3.5.0.Final.jar;C:\Users\dhiebert\.m2\repository\org\hibernate\common\hibernate-commons-annotations\6.0.6.Final\hibernate-commons-annotations-6.0.6.Final.jar;C:\Users\dhiebert\.m2\repository\io\smallrye\jandex\3.1.2\jandex-3.1.2.jar;C:\Users\dhiebert\.m2\repository\com\fasterxml\classmate\1.5.1\classmate-1.5.1.jar;C:\Users\dhiebert\.m2\repository\net\bytebuddy\byte-buddy\1.14.12\byte-buddy-1.14.12.jar;C:\Users\dhiebert\.m2\repository\jakarta\xml\bind\jakarta.xml.bind-api\4.0.0\jakarta.xml.bind-api-4.0.0.jar;C:\Users\dhiebert\.m2\repository\jakarta\activation\jakarta.activation-api\2.1.0\jakarta.activation-api-2.1.0.jar;C:\Users\dhiebert\.m2\repository\org\glassfish\jaxb\jaxb-runtime\4.0.2\jaxb-runtime-4.0.2.jar;C:\Users\dhiebert\.m2\repository\org\glassfish\jaxb\jaxb-core\4.0.2\jaxb-core-4.0.2.jar;C:\Users\dhiebert\.m2\repository\org\eclipse\angus\angus-activation\2.0.0\angus-activation-2.0.0.jar;C:\Users\dhiebert\.m2\repository\org\glassfish\jaxb\txw2\4.0.2\txw2-4.0.2.jar;C:\Users\dhiebert\.m2\repository\com\sun\istack\istack-commons-runtime\4.1.1\istack-commons-runtime-4.1.1.jar;C:\Users\dhiebert\.m2\repository\jakarta\inject\jakarta.inject-api\2.0.1\jakarta.inject-api-2.0.1.jar;C:\Users\dhiebert\.m2\repository\org\antlr\antlr4-runtime\4.13.0\antlr4-runtime-4.13.0.jar;C:\Users\dhiebert\.m2\repository\org\hibernate\validator\hibernate-validator\8.0.1.Final\hibernate-validator-8.0.1.Final.jar;C:\Users\dhiebert\.m2\repository\jakarta\validation\jakarta.validation-api\3.0.2\jakarta.validation-api-3.0.2.jar;C:\Users\dhiebert\.m2\repository\org\junit\jupiter\junit-jupiter-api\5.10.2\junit-jupiter-api-5.10.2.jar;C:\Users\dhiebert\.m2\repository\org\opentest4j\opentest4j\1.3.0\opentest4j-1.3.0.jar;C:\Users\dhiebert\.m2\repository\org\junit\platform\junit-platform-commons\1.10.2\junit-platform-commons-1.10.2.jar;C:\Users\dhiebert\.m2\repository\org\apiguardian\apiguardian-api\1.1.2\apiguardian-api-1.1.2.jar;C:\Users\dhiebert\.m2\repository\org\junit\jupiter\junit-jupiter-engine\5.10.2\junit-jupiter-engine-5.10.2.jar;C:\Users\dhiebert\.m2\repository\org\junit\platform\junit-platform-engine\1.10.2\junit-platform-engine-1.10.2.jar;C:\Users\dhiebert\.m2\repository\org\mockito\mockito-junit-jupiter\5.10.0\mockito-junit-jupiter-5.10.0.jar;C:\Users\dhiebert\.m2\repository\org\mockito\mockito-core\5.10.0\mockito-core-5.10.0.jar;C:\Users\dhiebert\.m2\repository\net\bytebuddy\byte-buddy-agent\1.14.11\byte-buddy-agent-1.14.11.jar;C:\Users\dhiebert\.m2\repository\org\objenesis\objenesis\3.3\objenesis-3.3.jar;C:\Users\dhiebert\.m2\repository\org\hibernate\orm\hibernate-hikaricp\6.5.0.Final\hibernate-hikaricp-6.5.0.Final.jar;C:\Users\dhiebert\.m2\repository\ch\qos\logback\logback-classic\1.2.11\logback-classic-1.2.11.jar;C:\Users\dhiebert\.m2\repository\ch\qos\logback\logback-core\1.2.11\logback-core-1.2.11.jar;C:\Users\dhiebert\.m2\repository\org\testfx\testfx-core\4.0.18\testfx-core-4.0.18.jar;C:\Users\dhiebert\.m2\repository\org\hamcrest\hamcrest\2.1\hamcrest-2.1.jar;C:\Users\dhiebert\.m2\repository\org\assertj\assertj-core\3.13.2\assertj-core-3.13.2.jar;C:\Users\dhiebert\.m2\repository\org\osgi\org.osgi.core\6.0.0\org.osgi.core-6.0.0.jar;C:\Users\dhiebert\.m2\repository\org\testfx\testfx-junit5\4.0.18\testfx-junit5-4.0.18.jar;C:\Users\dhiebert\.m2\repository\org\openjfx\javafx-web\17.0.2\javafx-web-17.0.2.jar;C:\Users\dhiebert\.m2\repository\org\openjfx\javafx-web\17.0.2\javafx-web-17.0.2-win.jar;C:\Users\dhiebert\.m2\repository\org\openjfx\javafx-media\17.0.2\javafx-media-17.0.2.jar;C:\Users\dhiebert\.m2\repository\org\openjfx\javafx-media\17.0.2\javafx-media-17.0.2-win.jar;C:\Users\dhiebert\.m2\repository\org\apache\pdfbox\pdfbox\2.0.27\pdfbox-2.0.27.jar;C:\Users\dhiebert\.m2\repository\org\apache\pdfbox\fontbox\2.0.27\fontbox-2.0.27.jar;C:\Users\dhiebert\.m2\repository\commons-logging\commons-logging\1.2\commons-logging-1.2.jar;C:\Users\dhiebert\.m2\repository\com\fasterxml\jackson\core\jackson-databind\2.15.0\jackson-databind-2.15.0.jar;C:\Users\dhiebert\.m2\repository\com\fasterxml\jackson\core\jackson-annotations\2.15.0\jackson-annotations-2.15.0.jar;C:\Users\dhiebert\.m2\repository\com\fasterxml\jackson\core\jackson-core\2.15.0\jackson-core-2.15.0.jar;C:\Users\dhiebert\.m2\repository\org\apache\xmlgraphics\batik-all\1.16\batik-all-1.16.jar;C:\Users\dhiebert\.m2\repository\xml-apis\xml-apis\1.4.01\xml-apis-1.4.01.jar;C:\Users\dhiebert\.m2\repository\xml-apis\xml-apis-ext\1.3.04\xml-apis-ext-1.3.04.jar;C:\Users\dhiebert\.m2\repository\org\apache\xmlgraphics\xmlgraphics-commons\2.7\xmlgraphics-commons-2.7.jar;C:\Users\dhiebert\.m2\repository\commons-io\commons-io\1.3.1\commons-io-1.3.1.jar;C:\Users\dhiebert\.m2\repository\org\jgrapht\jgrapht-core\1.5.2\jgrapht-core-1.5.2.jar;C:\Users\dhiebert\.m2\repository\org\jheaps\jheaps\0.14\jheaps-0.14.jar;C:\Users\dhiebert\.m2\repository\org\apfloat\apfloat\1.10.1\apfloat-1.10.1.jar;, java.vm.vendor=Eclipse Adoptium, sun.arch.data.model=64, hibernate.order_inserts=true, user.variant=, java.vendor.url=https://adoptium.net/, user.timezone=America/Chicago, javax.persistence.jdbc.user=****, javax.persistence.jdbc.url=jdbc:h2:file:C:\Users\dhiebert\.frcpm\frcpm, java.vm.specification.version=21, os.name=Windows 11, hibernate.generate_statistics=false, hibernate.hikari.connectionTimeout=10000, hibernate.order_updates=true, hibernate.jdbc.batch_versioned_data=true, jakarta.persistence.jdbc.password=****, hibernate.jdbc.batch_size=30, sun.java.launcher=SUN_STANDARD, user.country=US, local.setting.IS_JTA_TXN_COORD=false, sun.boot.library.path=C:\Program Files\Eclipse Adoptium\jdk-21.0.6.7-hotspot\bin, sun.java.command=C:\Users\dhiebert\AppData\Local\Temp\surefire9513985487531586668\surefirebooter-20250425102356946_3.jar C:\Users\dhiebert\AppData\Local\Temp\surefire9513985487531586668 2025-04-25T10-23-56_800-jvmRun1 surefire-20250425102356946_1tmp surefire_0-20250425102356946_2tmp, hibernate.use_sql_comments=false, hibernate.connection.provider_class=org.hibernate.hikaricp.internal.HikariCPConnectionProvider, jdk.debug=release, surefire.test.class.path=C:\Users\dhiebert\Local Repositories\Project Management 2.0\target\test-classes;C:\Users\dhiebert\Local Repositories\Project Management 2.0\target\classes;C:\Users\dhiebert\.m2\repository\org\openjfx\javafx-controls\21.0.2\javafx-controls-21.0.2.jar;C:\Users\dhiebert\.m2\repository\org\openjfx\javafx-controls\21.0.2\javafx-controls-21.0.2-win.jar;C:\Users\dhiebert\.m2\repository\org\openjfx\javafx-fxml\21.0.2\javafx-fxml-21.0.2.jar;C:\Users\dhiebert\.m2\repository\org\openjfx\javafx-fxml\21.0.2\javafx-fxml-21.0.2-win.jar;C:\Users\dhiebert\.m2\repository\org\openjfx\javafx-graphics\21.0.2\javafx-graphics-21.0.2.jar;C:\Users\dhiebert\.m2\repository\org\openjfx\javafx-graphics\21.0.2\javafx-graphics-21.0.2-win.jar;C:\Users\dhiebert\.m2\repository\org\openjfx\javafx-base\21.0.2\javafx-base-21.0.2.jar;C:\Users\dhiebert\.m2\repository\org\openjfx\javafx-base\21.0.2\javafx-base-21.0.2-win.jar;C:\Users\dhiebert\.m2\repository\com\h2database\h2\2.2.224\h2-2.2.224.jar;C:\Users\dhiebert\.m2\repository\com\zaxxer\HikariCP\5.1.0\HikariCP-5.1.0.jar;C:\Users\dhiebert\.m2\repository\org\slf4j\slf4j-api\1.7.36\slf4j-api-1.7.36.jar;C:\Users\dhiebert\.m2\repository\org\hibernate\orm\hibernate-core\6.5.0.Final\hibernate-core-6.5.0.Final.jar;C:\Users\dhiebert\.m2\repository\jakarta\persistence\jakarta.persistence-api\3.1.0\jakarta.persistence-api-3.1.0.jar;C:\Users\dhiebert\.m2\repository\jakarta\transaction\jakarta.transaction-api\2.0.1\jakarta.transaction-api-2.0.1.jar;C:\Users\dhiebert\.m2\repository\org\jboss\logging\jboss-logging\3.5.0.Final\jboss-logging-3.5.0.Final.jar;C:\Users\dhiebert\.m2\repository\org\hibernate\common\hibernate-commons-annotations\6.0.6.Final\hibernate-commons-annotations-6.0.6.Final.jar;C:\Users\dhiebert\.m2\repository\io\smallrye\jandex\3.1.2\jandex-3.1.2.jar;C:\Users\dhiebert\.m2\repository\com\fasterxml\classmate\1.5.1\classmate-1.5.1.jar;C:\Users\dhiebert\.m2\repository\net\bytebuddy\byte-buddy\1.14.12\byte-buddy-1.14.12.jar;C:\Users\dhiebert\.m2\repository\jakarta\xml\bind\jakarta.xml.bind-api\4.0.0\jakarta.xml.bind-api-4.0.0.jar;C:\Users\dhiebert\.m2\repository\jakarta\activation\jakarta.activation-api\2.1.0\jakarta.activation-api-2.1.0.jar;C:\Users\dhiebert\.m2\repository\org\glassfish\jaxb\jaxb-runtime\4.0.2\jaxb-runtime-4.0.2.jar;C:\Users\dhiebert\.m2\repository\org\glassfish\jaxb\jaxb-core\4.0.2\jaxb-core-4.0.2.jar;C:\Users\dhiebert\.m2\repository\org\eclipse\angus\angus-activation\2.0.0\angus-activation-2.0.0.jar;C:\Users\dhiebert\.m2\repository\org\glassfish\jaxb\txw2\4.0.2\txw2-4.0.2.jar;C:\Users\dhiebert\.m2\repository\com\sun\istack\istack-commons-runtime\4.1.1\istack-commons-runtime-4.1.1.jar;C:\Users\dhiebert\.m2\repository\jakarta\inject\jakarta.inject-api\2.0.1\jakarta.inject-api-2.0.1.jar;C:\Users\dhiebert\.m2\repository\org\antlr\antlr4-runtime\4.13.0\antlr4-runtime-4.13.0.jar;C:\Users\dhiebert\.m2\repository\org\hibernate\validator\hibernate-validator\8.0.1.Final\hibernate-validator-8.0.1.Final.jar;C:\Users\dhiebert\.m2\repository\jakarta\validation\jakarta.validation-api\3.0.2\jakarta.validation-api-3.0.2.jar;C:\Users\dhiebert\.m2\repository\org\junit\jupiter\junit-jupiter-api\5.10.2\junit-jupiter-api-5.10.2.jar;C:\Users\dhiebert\.m2\repository\org\opentest4j\opentest4j\1.3.0\opentest4j-1.3.0.jar;C:\Users\dhiebert\.m2\repository\org\junit\platform\junit-platform-commons\1.10.2\junit-platform-commons-1.10.2.jar;C:\Users\dhiebert\.m2\repository\org\apiguardian\apiguardian-api\1.1.2\apiguardian-api-1.1.2.jar;C:\Users\dhiebert\.m2\repository\org\junit\jupiter\junit-jupiter-engine\5.10.2\junit-jupiter-engine-5.10.2.jar;C:\Users\dhiebert\.m2\repository\org\junit\platform\junit-platform-engine\1.10.2\junit-platform-engine-1.10.2.jar;C:\Users\dhiebert\.m2\repository\org\mockito\mockito-junit-jupiter\5.10.0\mockito-junit-jupiter-5.10.0.jar;C:\Users\dhiebert\.m2\repository\org\mockito\mockito-core\5.10.0\mockito-core-5.10.0.jar;C:\Users\dhiebert\.m2\repository\net\bytebuddy\byte-buddy-agent\1.14.11\byte-buddy-agent-1.14.11.jar;C:\Users\dhiebert\.m2\repository\org\objenesis\objenesis\3.3\objenesis-3.3.jar;C:\Users\dhiebert\.m2\repository\org\hibernate\orm\hibernate-hikaricp\6.5.0.Final\hibernate-hikaricp-6.5.0.Final.jar;C:\Users\dhiebert\.m2\repository\ch\qos\logback\logback-classic\1.2.11\logback-classic-1.2.11.jar;C:\Users\dhiebert\.m2\repository\ch\qos\logback\logback-core\1.2.11\logback-core-1.2.11.jar;C:\Users\dhiebert\.m2\repository\org\testfx\testfx-core\4.0.18\testfx-core-4.0.18.jar;C:\Users\dhiebert\.m2\repository\org\hamcrest\hamcrest\2.1\hamcrest-2.1.jar;C:\Users\dhiebert\.m2\repository\org\assertj\assertj-core\3.13.2\assertj-core-3.13.2.jar;C:\Users\dhiebert\.m2\repository\org\osgi\org.osgi.core\6.0.0\org.osgi.core-6.0.0.jar;C:\Users\dhiebert\.m2\repository\org\testfx\testfx-junit5\4.0.18\testfx-junit5-4.0.18.jar;C:\Users\dhiebert\.m2\repository\org\openjfx\javafx-web\17.0.2\javafx-web-17.0.2.jar;C:\Users\dhiebert\.m2\repository\org\openjfx\javafx-web\17.0.2\javafx-web-17.0.2-win.jar;C:\Users\dhiebert\.m2\repository\org\openjfx\javafx-media\17.0.2\javafx-media-17.0.2.jar;C:\Users\dhiebert\.m2\repository\org\openjfx\javafx-media\17.0.2\javafx-media-17.0.2-win.jar;C:\Users\dhiebert\.m2\repository\org\apache\pdfbox\pdfbox\2.0.27\pdfbox-2.0.27.jar;C:\Users\dhiebert\.m2\repository\org\apache\pdfbox\fontbox\2.0.27\fontbox-2.0.27.jar;C:\Users\dhiebert\.m2\repository\commons-logging\commons-logging\1.2\commons-logging-1.2.jar;C:\Users\dhiebert\.m2\repository\com\fasterxml\jackson\core\jackson-databind\2.15.0\jackson-databind-2.15.0.jar;C:\Users\dhiebert\.m2\repository\com\fasterxml\jackson\core\jackson-annotations\2.15.0\jackson-annotations-2.15.0.jar;C:\Users\dhiebert\.m2\repository\com\fasterxml\jackson\core\jackson-core\2.15.0\jackson-core-2.15.0.jar;C:\Users\dhiebert\.m2\repository\org\apache\xmlgraphics\batik-all\1.16\batik-all-1.16.jar;C:\Users\dhiebert\.m2\repository\xml-apis\xml-apis\1.4.01\xml-apis-1.4.01.jar;C:\Users\dhiebert\.m2\repository\xml-apis\xml-apis-ext\1.3.04\xml-apis-ext-1.3.04.jar;C:\Users\dhiebert\.m2\repository\org\apache\xmlgraphics\xmlgraphics-commons\2.7\xmlgraphics-commons-2.7.jar;C:\Users\dhiebert\.m2\repository\commons-io\commons-io\1.3.1\commons-io-1.3.1.jar;C:\Users\dhiebert\.m2\repository\org\jgrapht\jgrapht-core\1.5.2\jgrapht-core-1.5.2.jar;C:\Users\dhiebert\.m2\repository\org\jheaps\jheaps\0.14\jheaps-0.14.jar;C:\Users\dhiebert\.m2\repository\org\apfloat\apfloat\1.10.1\apfloat-1.10.1.jar;, jakarta.persistence.jdbc.driver=org.h2.Driver, sun.cpu.endian=little, user.home=C:\Users\dhiebert, user.language=en, java.specification.vendor=Oracle Corporation, java.version.date=2025-01-21, java.home=C:\Program Files\Eclipse Adoptium\jdk-21.0.6.7-hotspot, file.separator=\, basedir=C:\Users\dhiebert\Local Repositories\Project Management 2.0, java.vm.compressedOopsMode=Zero based, jakarta.persistence.jdbc.user=****, line.separator=
, hibernate.persistenceUnitName=frcpm, java.vm.specification.vendor=Oracle Corporation, java.specification.name=Java Platform API Specification, hibernate.transaction.coordinator_class=class org.hibernate.resource.transaction.backend.jdbc.internal.JdbcResourceLocalTransactionCoordinatorBuilderImpl, javax.persistence.jdbc.driver=org.h2.Driver, hibernate.hikari.maximumPoolSize=10, surefire.real.class.path=C:\Users\dhiebert\AppData\Local\Temp\surefire9513985487531586668\surefirebooter-20250425102356946_3.jar, hibernate.hbm2ddl.auto=update, user.script=, sun.management.compiler=HotSpot 64-Bit Tiered Compilers, java.runtime.version=21.0.6+7-LTS, user.name=dhiebert, hibernate.cache.use_query_cache=false, stdout.encoding=Cp1252, path.separator=;, hibernate.connection.username=****, os.version=10.0, java.runtime.name=OpenJDK Runtime Environment, hibernate.connection.url=jdbc:h2:file:C:\Users\dhiebert\.frcpm\frcpm, file.encoding=UTF-8, hibernate.hikari.minimumIdle=2, hibernate.hikari.idleTimeout=30000, java.vm.name=OpenJDK 64-Bit Server VM, hibernate.show_sql=false, java.vendor.version=Temurin-21.0.6+7, hibernate.hikari.poolName=FRC-PM-HikariCP, hibernate.current_session_context_class=thread, localRepository=C:\Users\dhiebert\.m2\repository, hibernate.connection.driver_class=org.h2.Driver, java.vendor.url.bug=https://github.com/adoptium/adoptium-support/issues, java.io.tmpdir=C:\Users\dhiebert\AppData\Local\Temp\, java.version=21.0.6, user.dir=C:\Users\dhiebert\Local Repositories\Project Management 2.0, os.arch=amd64, java.vm.specification.name=Java Virtual Machine Specification, hibernate.connection.password=****, sun.os.patch.level=, jakarta.persistence.jdbc.url=jdbc:h2:file:C:\Users\dhiebert\.frcpm\frcpm, hibernate.boot.CfgXmlAccessService.key=org.hibernate.boot.registry.StandardServiceRegistryBuilder$1@1dd911b, native.encoding=Cp1252, hibernate.cache.use_second_level_cache=false, java.library.path=C:\Program Files\Eclipse Adoptium\jdk-21.0.6.7-hotspot\bin;C:\WINDOWS\Sun\Java\bin;C:\WINDOWS\system32;C:\WINDOWS;C:\Program Files\apache-maven-3.9.9\bin;C:\Program Files\Eclipse Adoptium\jdk-21.0.6.7-hotspot\bin;C:\Program Files\National Instruments\Shared\OpenVINO\;C:\Program Files\Common Files\Oracle\Java\javapath;C:\WINDOWS\system32;C:\WINDOWS;C:\WINDOWS\System32\Wbem;C:\WINDOWS\System32\WindowsPowerShell\v1.0\;C:\WINDOWS\System32\OpenSSH\;C:\Program Files\dotnet\;C:\Program Files (x86)\Windows Live\Shared;C:\Program Files\Git\cmd;C:\Program Files\Common Files\Autodesk Shared\;C:\Program Files\Microsoft SQL Server\150\Tools\Binn\;C:\Program Files\nodejs\;C:\Program Files\Eclipse Adoptium\jdk-21.0.6.7-hotspot\bin;C:\Program Files\apache-maven-3.9.9\bin;%MAVEN_HOME%\bin;C:\Users\dhiebert\AppData\Local\Microsoft\WindowsApps;C:\Users\dhiebert\AppData\Local\GitHubDesktop\bin;C:\Users\dhiebert\AppData\Roaming\npm;C:\Users\dhiebert\AppData\Local\Packages\PythonSoftwareFoundation.Python.3.11_qbz5n2kfra8p0\LocalCache\local-packages\Python311\Scripts;C:\Users\dhiebert\AppData\Local\Packages\PythonSoftwareFoundation.Python.3.11_qbz5n2kfra8p0\LocalCache\local-packages\Python311\site-packages\maven;;c:\Users\Public\wpilib\2025\vscode\data\user-data\User\globalStorage\github.copilot-chat\debugCommand;c:\Users\Public\wpilib\2025\vscode\data\extensions\ms-python.debugpy-2025.4.1-win32-x64\bundled\scripts\noConfigScripts;., stderr.encoding=Cp1252, java.vendor=Eclipse Adoptium, java.vm.info=mixed mode, sharing, java.vm.version=21.0.6+7-LTS, sun.io.unicode.encoding=UnicodeLittle, javax.persistence.jdbc.password=****, java.class.version=65.0}
10:24:13.773 [main] DEBUG org.hibernate.internal.SessionFactoryImpl - Session factory constructed with filter configurations : {}
10:24:13.773 [main] DEBUG org.hibernate.validator.internal.xml.config.ValidationXmlParser - Trying to load META-INF/validation.xml for XML based Validator configuration.
10:24:13.773 [main] DEBUG org.hibernate.validator.internal.xml.config.ResourceLoaderHelper - Trying to load META-INF/validation.xml via TCCL
10:24:13.774 [main] DEBUG org.hibernate.validator.internal.xml.config.ResourceLoaderHelper - Trying to load META-INF/validation.xml via Hibernate Validator's class loader
10:24:13.774 [main] DEBUG org.hibernate.validator.internal.xml.config.ValidationXmlParser - No META-INF/validation.xml found. Using annotation based configuration only.
10:24:13.774 [main] DEBUG org.hibernate.validator.internal.engine.resolver.TraversableResolvers - Found jakarta.persistence.Persistence on classpath containing 'getPersistenceUtil'. Assuming JPA 2 environment. Trying to instantiate JPA aware TraversableResolver
10:24:13.774 [main] DEBUG org.hibernate.validator.internal.engine.resolver.TraversableResolvers - Instantiated JPA aware TraversableResolver of type org.hibernate.validator.internal.engine.resolver.JPATraversableResolver.
10:24:13.774 [main] DEBUG org.hibernate.validator.messageinterpolation.ResourceBundleMessageInterpolator - Failed to load expression factory via classloader jdk.internal.loader.ClassLoaders$AppClassLoader@70dea4e
java.lang.NoClassDefFoundError: jakarta/el/ExpressionFactory
	at org.hibernate.validator.messageinterpolation.ResourceBundleMessageInterpolator.canLoadExpressionFactory(ResourceBundleMessageInterpolator.java:228)
	at org.hibernate.validator.messageinterpolation.ResourceBundleMessageInterpolator.buildExpressionFactory(ResourceBundleMessageInterpolator.java:173)
	at org.hibernate.validator.messageinterpolation.ResourceBundleMessageInterpolator.<init>(ResourceBundleMessageInterpolator.java:97)
	at org.hibernate.validator.internal.engine.AbstractConfigurationImpl.getDefaultMessageInterpolator(AbstractConfigurationImpl.java:575)
	at org.hibernate.validator.internal.engine.AbstractConfigurationImpl.getDefaultMessageInterpolatorConfiguredWithClassLoader(AbstractConfigurationImpl.java:834)
	at org.hibernate.validator.internal.engine.AbstractConfigurationImpl.getMessageInterpolator(AbstractConfigurationImpl.java:485)
	at org.hibernate.validator.internal.engine.ValidatorFactoryImpl.<init>(ValidatorFactoryImpl.java:157)
	at org.hibernate.validator.HibernateValidator.buildValidatorFactory(HibernateValidator.java:38)
	at org.hibernate.validator.internal.engine.AbstractConfigurationImpl.buildValidatorFactory(AbstractConfigurationImpl.java:453)
	at jakarta.validation.Validation.buildDefaultValidatorFactory(Validation.java:103)
	at org.hibernate.boot.beanvalidation.TypeSafeActivator.getValidatorFactory(TypeSafeActivator.java:482)
	at org.hibernate.boot.beanvalidation.TypeSafeActivator.activate(TypeSafeActivator.java:79)
	at java.base/jdk.internal.reflect.DirectMethodHandleAccessor.invoke(DirectMethodHandleAccessor.java:103)
	at java.base/java.lang.reflect.Method.invoke(Method.java:580)
	at org.hibernate.boot.beanvalidation.BeanValidationIntegrator.integrate(BeanValidationIntegrator.java:139)
	at org.hibernate.internal.SessionFactoryImpl.integrate(SessionFactoryImpl.java:517)
	at org.hibernate.internal.SessionFactoryImpl.<init>(SessionFactoryImpl.java:276)
	at org.hibernate.boot.internal.SessionFactoryBuilderImpl.build(SessionFactoryBuilderImpl.java:457)
	at org.hibernate.jpa.boot.internal.EntityManagerFactoryBuilderImpl.build(EntityManagerFactoryBuilderImpl.java:1506)
	at org.hibernate.jpa.HibernatePersistenceProvider.createEntityManagerFactory(HibernatePersistenceProvider.java:55)
	at jakarta.persistence.Persistence.createEntityManagerFactory(Persistence.java:80)
	at org.frcpm.config.DatabaseConfig.initialize(DatabaseConfig.java:114)
	at org.frcpm.config.DatabaseConfig.initialize(DatabaseConfig.java:28)
	at org.frcpm.repositories.AttendanceRepositoryTest.setUp(AttendanceRepositoryTest.java:40)
	at java.base/jdk.internal.reflect.DirectMethodHandleAccessor.invoke(DirectMethodHandleAccessor.java:103)
	at java.base/java.lang.reflect.Method.invoke(Method.java:580)
	at org.junit.platform.commons.util.ReflectionUtils.invokeMethod(ReflectionUtils.java:728)
	at org.junit.jupiter.engine.execution.MethodInvocation.proceed(MethodInvocation.java:60)
	at org.junit.jupiter.engine.execution.InvocationInterceptorChain$ValidatingInvocation.proceed(InvocationInterceptorChain.java:131)
	at org.junit.jupiter.engine.extension.TimeoutExtension.intercept(TimeoutExtension.java:156)
	at org.junit.jupiter.engine.extension.TimeoutExtension.interceptLifecycleMethod(TimeoutExtension.java:128)
	at org.junit.jupiter.engine.extension.TimeoutExtension.interceptBeforeEachMethod(TimeoutExtension.java:78)
	at org.junit.jupiter.engine.execution.InterceptingExecutableInvoker$ReflectiveInterceptorCall.lambda$ofVoidMethod$0(InterceptingExecutableInvoker.java:103)
	at org.junit.jupiter.engine.execution.InterceptingExecutableInvoker.lambda$invoke$0(InterceptingExecutableInvoker.java:93)
	at org.junit.jupiter.engine.execution.InvocationInterceptorChain$InterceptedInvocation.proceed(InvocationInterceptorChain.java:106)
	at org.junit.jupiter.engine.execution.InvocationInterceptorChain.proceed(InvocationInterceptorChain.java:64)
	at org.junit.jupiter.engine.execution.InvocationInterceptorChain.chainAndInvoke(InvocationInterceptorChain.java:45)
	at org.junit.jupiter.engine.execution.InvocationInterceptorChain.invoke(InvocationInterceptorChain.java:37)
	at org.junit.jupiter.engine.execution.InterceptingExecutableInvoker.invoke(InterceptingExecutableInvoker.java:92)
	at org.junit.jupiter.engine.execution.InterceptingExecutableInvoker.invoke(InterceptingExecutableInvoker.java:86)
	at org.junit.jupiter.engine.descriptor.ClassBasedTestDescriptor.invokeMethodInExtensionContext(ClassBasedTestDescriptor.java:521)
	at org.junit.jupiter.engine.descriptor.ClassBasedTestDescriptor.lambda$synthesizeBeforeEachMethodAdapter$23(ClassBasedTestDescriptor.java:506)
	at org.junit.jupiter.engine.descriptor.TestMethodTestDescriptor.lambda$invokeBeforeEachMethods$3(TestMethodTestDescriptor.java:175)
	at org.junit.jupiter.engine.descriptor.TestMethodTestDescriptor.lambda$invokeBeforeMethodsOrCallbacksUntilExceptionOccurs$6(TestMethodTestDescriptor.java:203)
	at org.junit.platform.engine.support.hierarchical.ThrowableCollector.execute(ThrowableCollector.java:73)
	at org.junit.jupiter.engine.descriptor.TestMethodTestDescriptor.invokeBeforeMethodsOrCallbacksUntilExceptionOccurs(TestMethodTestDescriptor.java:203)
	at org.junit.jupiter.engine.descriptor.TestMethodTestDescriptor.invokeBeforeEachMethods(TestMethodTestDescriptor.java:172)
	at org.junit.jupiter.engine.descriptor.TestMethodTestDescriptor.execute(TestMethodTestDescriptor.java:135)
	at org.junit.jupiter.engine.descriptor.TestMethodTestDescriptor.execute(TestMethodTestDescriptor.java:69)
	at org.junit.platform.engine.support.hierarchical.NodeTestTask.lambda$executeRecursively$6(NodeTestTask.java:151)
	at org.junit.platform.engine.support.hierarchical.ThrowableCollector.execute(ThrowableCollector.java:73)
	at org.junit.platform.engine.support.hierarchical.NodeTestTask.lambda$executeRecursively$8(NodeTestTask.java:141)
	at org.junit.platform.engine.support.hierarchical.Node.around(Node.java:137)
	at org.junit.platform.engine.support.hierarchical.NodeTestTask.lambda$executeRecursively$9(NodeTestTask.java:139)
	at org.junit.platform.engine.support.hierarchical.ThrowableCollector.execute(ThrowableCollector.java:73)
	at org.junit.platform.engine.support.hierarchical.NodeTestTask.executeRecursively(NodeTestTask.java:138)
	at org.junit.platform.engine.support.hierarchical.NodeTestTask.execute(NodeTestTask.java:95)
	at java.base/java.util.ArrayList.forEach(ArrayList.java:1596)
	at org.junit.platform.engine.support.hierarchical.SameThreadHierarchicalTestExecutorService.invokeAll(SameThreadHierarchicalTestExecutorService.java:41)
	at org.junit.platform.engine.support.hierarchical.NodeTestTask.lambda$executeRecursively$6(NodeTestTask.java:155)
	at org.junit.platform.engine.support.hierarchical.ThrowableCollector.execute(ThrowableCollector.java:73)
	at org.junit.platform.engine.support.hierarchical.NodeTestTask.lambda$executeRecursively$8(NodeTestTask.java:141)
	at org.junit.platform.engine.support.hierarchical.Node.around(Node.java:137)
	at org.junit.platform.engine.support.hierarchical.NodeTestTask.lambda$executeRecursively$9(NodeTestTask.java:139)
	at org.junit.platform.engine.support.hierarchical.ThrowableCollector.execute(ThrowableCollector.java:73)
	at org.junit.platform.engine.support.hierarchical.NodeTestTask.executeRecursively(NodeTestTask.java:138)
	at org.junit.platform.engine.support.hierarchical.NodeTestTask.execute(NodeTestTask.java:95)
	at java.base/java.util.ArrayList.forEach(ArrayList.java:1596)
	at org.junit.platform.engine.support.hierarchical.SameThreadHierarchicalTestExecutorService.invokeAll(SameThreadHierarchicalTestExecutorService.java:41)
	at org.junit.platform.engine.support.hierarchical.NodeTestTask.lambda$executeRecursively$6(NodeTestTask.java:155)
	at org.junit.platform.engine.support.hierarchical.ThrowableCollector.execute(ThrowableCollector.java:73)
	at org.junit.platform.engine.support.hierarchical.NodeTestTask.lambda$executeRecursively$8(NodeTestTask.java:141)
	at org.junit.platform.engine.support.hierarchical.Node.around(Node.java:137)
	at org.junit.platform.engine.support.hierarchical.NodeTestTask.lambda$executeRecursively$9(NodeTestTask.java:139)
	at org.junit.platform.engine.support.hierarchical.ThrowableCollector.execute(ThrowableCollector.java:73)
	at org.junit.platform.engine.support.hierarchical.NodeTestTask.executeRecursively(NodeTestTask.java:138)
	at org.junit.platform.engine.support.hierarchical.NodeTestTask.execute(NodeTestTask.java:95)
	at org.junit.platform.engine.support.hierarchical.SameThreadHierarchicalTestExecutorService.submit(SameThreadHierarchicalTestExecutorService.java:35)
	at org.junit.platform.engine.support.hierarchical.HierarchicalTestExecutor.execute(HierarchicalTestExecutor.java:57)
	at org.junit.platform.engine.support.hierarchical.HierarchicalTestEngine.execute(HierarchicalTestEngine.java:54)
	at org.junit.platform.launcher.core.EngineExecutionOrchestrator.execute(EngineExecutionOrchestrator.java:198)
	at org.junit.platform.launcher.core.EngineExecutionOrchestrator.execute(EngineExecutionOrchestrator.java:169)
	at org.junit.platform.launcher.core.EngineExecutionOrchestrator.execute(EngineExecutionOrchestrator.java:93)
	at org.junit.platform.launcher.core.EngineExecutionOrchestrator.lambda$execute$0(EngineExecutionOrchestrator.java:58)
	at org.junit.platform.launcher.core.EngineExecutionOrchestrator.withInterceptedStreams(EngineExecutionOrchestrator.java:141)
	at org.junit.platform.launcher.core.EngineExecutionOrchestrator.execute(EngineExecutionOrchestrator.java:57)
	at org.junit.platform.launcher.core.DefaultLauncher.execute(DefaultLauncher.java:103)
	at org.junit.platform.launcher.core.DefaultLauncher.execute(DefaultLauncher.java:85)
	at org.junit.platform.launcher.core.DelegatingLauncher.execute(DelegatingLauncher.java:47)
	at org.apache.maven.surefire.junitplatform.LazyLauncher.execute(LazyLauncher.java:56)
	at org.apache.maven.surefire.junitplatform.JUnitPlatformProvider.execute(JUnitPlatformProvider.java:184)
	at org.apache.maven.surefire.junitplatform.JUnitPlatformProvider.invokeAllTests(JUnitPlatformProvider.java:148)
	at org.apache.maven.surefire.junitplatform.JUnitPlatformProvider.invoke(JUnitPlatformProvider.java:122)
	at org.apache.maven.surefire.booter.ForkedBooter.runSuitesInProcess(ForkedBooter.java:385)
	at org.apache.maven.surefire.booter.ForkedBooter.execute(ForkedBooter.java:162)
	at org.apache.maven.surefire.booter.ForkedBooter.run(ForkedBooter.java:507)
	at org.apache.maven.surefire.booter.ForkedBooter.main(ForkedBooter.java:495)
Caused by: java.lang.ClassNotFoundException: jakarta.el.ExpressionFactory
	... 97 common frames omitted
10:24:13.775 [main] DEBUG org.hibernate.validator.messageinterpolation.ResourceBundleMessageInterpolator - Failed to load expression factory via classloader jdk.internal.loader.ClassLoaders$AppClassLoader@70dea4e
java.lang.NoClassDefFoundError: jakarta/el/ExpressionFactory
	at org.hibernate.validator.messageinterpolation.ResourceBundleMessageInterpolator.canLoadExpressionFactory(ResourceBundleMessageInterpolator.java:228)
	at org.hibernate.validator.messageinterpolation.ResourceBundleMessageInterpolator.buildExpressionFactory(ResourceBundleMessageInterpolator.java:186)
	at org.hibernate.validator.messageinterpolation.ResourceBundleMessageInterpolator.<init>(ResourceBundleMessageInterpolator.java:97)
	at org.hibernate.validator.internal.engine.AbstractConfigurationImpl.getDefaultMessageInterpolator(AbstractConfigurationImpl.java:575)
	at org.hibernate.validator.internal.engine.AbstractConfigurationImpl.getDefaultMessageInterpolatorConfiguredWithClassLoader(AbstractConfigurationImpl.java:834)
	at org.hibernate.validator.internal.engine.AbstractConfigurationImpl.getMessageInterpolator(AbstractConfigurationImpl.java:485)
	at org.hibernate.validator.internal.engine.ValidatorFactoryImpl.<init>(ValidatorFactoryImpl.java:157)
	at org.hibernate.validator.HibernateValidator.buildValidatorFactory(HibernateValidator.java:38)
	at org.hibernate.validator.internal.engine.AbstractConfigurationImpl.buildValidatorFactory(AbstractConfigurationImpl.java:453)
	at jakarta.validation.Validation.buildDefaultValidatorFactory(Validation.java:103)
	at org.hibernate.boot.beanvalidation.TypeSafeActivator.getValidatorFactory(TypeSafeActivator.java:482)
	at org.hibernate.boot.beanvalidation.TypeSafeActivator.activate(TypeSafeActivator.java:79)
	at java.base/jdk.internal.reflect.DirectMethodHandleAccessor.invoke(DirectMethodHandleAccessor.java:103)
	at java.base/java.lang.reflect.Method.invoke(Method.java:580)
	at org.hibernate.boot.beanvalidation.BeanValidationIntegrator.integrate(BeanValidationIntegrator.java:139)
	at org.hibernate.internal.SessionFactoryImpl.integrate(SessionFactoryImpl.java:517)
	at org.hibernate.internal.SessionFactoryImpl.<init>(SessionFactoryImpl.java:276)
	at org.hibernate.boot.internal.SessionFactoryBuilderImpl.build(SessionFactoryBuilderImpl.java:457)
	at org.hibernate.jpa.boot.internal.EntityManagerFactoryBuilderImpl.build(EntityManagerFactoryBuilderImpl.java:1506)
	at org.hibernate.jpa.HibernatePersistenceProvider.createEntityManagerFactory(HibernatePersistenceProvider.java:55)
	at jakarta.persistence.Persistence.createEntityManagerFactory(Persistence.java:80)
	at org.frcpm.config.DatabaseConfig.initialize(DatabaseConfig.java:114)
	at org.frcpm.config.DatabaseConfig.initialize(DatabaseConfig.java:28)
	at org.frcpm.repositories.AttendanceRepositoryTest.setUp(AttendanceRepositoryTest.java:40)
	at java.base/jdk.internal.reflect.DirectMethodHandleAccessor.invoke(DirectMethodHandleAccessor.java:103)
	at java.base/java.lang.reflect.Method.invoke(Method.java:580)
	at org.junit.platform.commons.util.ReflectionUtils.invokeMethod(ReflectionUtils.java:728)
	at org.junit.jupiter.engine.execution.MethodInvocation.proceed(MethodInvocation.java:60)
	at org.junit.jupiter.engine.execution.InvocationInterceptorChain$ValidatingInvocation.proceed(InvocationInterceptorChain.java:131)
	at org.junit.jupiter.engine.extension.TimeoutExtension.intercept(TimeoutExtension.java:156)
	at org.junit.jupiter.engine.extension.TimeoutExtension.interceptLifecycleMethod(TimeoutExtension.java:128)
	at org.junit.jupiter.engine.extension.TimeoutExtension.interceptBeforeEachMethod(TimeoutExtension.java:78)
	at org.junit.jupiter.engine.execution.InterceptingExecutableInvoker$ReflectiveInterceptorCall.lambda$ofVoidMethod$0(InterceptingExecutableInvoker.java:103)
	at org.junit.jupiter.engine.execution.InterceptingExecutableInvoker.lambda$invoke$0(InterceptingExecutableInvoker.java:93)
	at org.junit.jupiter.engine.execution.InvocationInterceptorChain$InterceptedInvocation.proceed(InvocationInterceptorChain.java:106)
	at org.junit.jupiter.engine.execution.InvocationInterceptorChain.proceed(InvocationInterceptorChain.java:64)
	at org.junit.jupiter.engine.execution.InvocationInterceptorChain.chainAndInvoke(InvocationInterceptorChain.java:45)
	at org.junit.jupiter.engine.execution.InvocationInterceptorChain.invoke(InvocationInterceptorChain.java:37)
	at org.junit.jupiter.engine.execution.InterceptingExecutableInvoker.invoke(InterceptingExecutableInvoker.java:92)
	at org.junit.jupiter.engine.execution.InterceptingExecutableInvoker.invoke(InterceptingExecutableInvoker.java:86)
	at org.junit.jupiter.engine.descriptor.ClassBasedTestDescriptor.invokeMethodInExtensionContext(ClassBasedTestDescriptor.java:521)
	at org.junit.jupiter.engine.descriptor.ClassBasedTestDescriptor.lambda$synthesizeBeforeEachMethodAdapter$23(ClassBasedTestDescriptor.java:506)
	at org.junit.jupiter.engine.descriptor.TestMethodTestDescriptor.lambda$invokeBeforeEachMethods$3(TestMethodTestDescriptor.java:175)
	at org.junit.jupiter.engine.descriptor.TestMethodTestDescriptor.lambda$invokeBeforeMethodsOrCallbacksUntilExceptionOccurs$6(TestMethodTestDescriptor.java:203)
	at org.junit.platform.engine.support.hierarchical.ThrowableCollector.execute(ThrowableCollector.java:73)
	at org.junit.jupiter.engine.descriptor.TestMethodTestDescriptor.invokeBeforeMethodsOrCallbacksUntilExceptionOccurs(TestMethodTestDescriptor.java:203)
	at org.junit.jupiter.engine.descriptor.TestMethodTestDescriptor.invokeBeforeEachMethods(TestMethodTestDescriptor.java:172)
	at org.junit.jupiter.engine.descriptor.TestMethodTestDescriptor.execute(TestMethodTestDescriptor.java:135)
	at org.junit.jupiter.engine.descriptor.TestMethodTestDescriptor.execute(TestMethodTestDescriptor.java:69)
	at org.junit.platform.engine.support.hierarchical.NodeTestTask.lambda$executeRecursively$6(NodeTestTask.java:151)
	at org.junit.platform.engine.support.hierarchical.ThrowableCollector.execute(ThrowableCollector.java:73)
	at org.junit.platform.engine.support.hierarchical.NodeTestTask.lambda$executeRecursively$8(NodeTestTask.java:141)
	at org.junit.platform.engine.support.hierarchical.Node.around(Node.java:137)
	at org.junit.platform.engine.support.hierarchical.NodeTestTask.lambda$executeRecursively$9(NodeTestTask.java:139)
	at org.junit.platform.engine.support.hierarchical.ThrowableCollector.execute(ThrowableCollector.java:73)
	at org.junit.platform.engine.support.hierarchical.NodeTestTask.executeRecursively(NodeTestTask.java:138)
	at org.junit.platform.engine.support.hierarchical.NodeTestTask.execute(NodeTestTask.java:95)
	at java.base/java.util.ArrayList.forEach(ArrayList.java:1596)
	at org.junit.platform.engine.support.hierarchical.SameThreadHierarchicalTestExecutorService.invokeAll(SameThreadHierarchicalTestExecutorService.java:41)
	at org.junit.platform.engine.support.hierarchical.NodeTestTask.lambda$executeRecursively$6(NodeTestTask.java:155)
	at org.junit.platform.engine.support.hierarchical.ThrowableCollector.execute(ThrowableCollector.java:73)
	at org.junit.platform.engine.support.hierarchical.NodeTestTask.lambda$executeRecursively$8(NodeTestTask.java:141)
	at org.junit.platform.engine.support.hierarchical.Node.around(Node.java:137)
	at org.junit.platform.engine.support.hierarchical.NodeTestTask.lambda$executeRecursively$9(NodeTestTask.java:139)
	at org.junit.platform.engine.support.hierarchical.ThrowableCollector.execute(ThrowableCollector.java:73)
	at org.junit.platform.engine.support.hierarchical.NodeTestTask.executeRecursively(NodeTestTask.java:138)
	at org.junit.platform.engine.support.hierarchical.NodeTestTask.execute(NodeTestTask.java:95)
	at java.base/java.util.ArrayList.forEach(ArrayList.java:1596)
	at org.junit.platform.engine.support.hierarchical.SameThreadHierarchicalTestExecutorService.invokeAll(SameThreadHierarchicalTestExecutorService.java:41)
	at org.junit.platform.engine.support.hierarchical.NodeTestTask.lambda$executeRecursively$6(NodeTestTask.java:155)
	at org.junit.platform.engine.support.hierarchical.ThrowableCollector.execute(ThrowableCollector.java:73)
	at org.junit.platform.engine.support.hierarchical.NodeTestTask.lambda$executeRecursively$8(NodeTestTask.java:141)
	at org.junit.platform.engine.support.hierarchical.Node.around(Node.java:137)
	at org.junit.platform.engine.support.hierarchical.NodeTestTask.lambda$executeRecursively$9(NodeTestTask.java:139)
	at org.junit.platform.engine.support.hierarchical.ThrowableCollector.execute(ThrowableCollector.java:73)
	at org.junit.platform.engine.support.hierarchical.NodeTestTask.executeRecursively(NodeTestTask.java:138)
	at org.junit.platform.engine.support.hierarchical.NodeTestTask.execute(NodeTestTask.java:95)
	at org.junit.platform.engine.support.hierarchical.SameThreadHierarchicalTestExecutorService.submit(SameThreadHierarchicalTestExecutorService.java:35)
	at org.junit.platform.engine.support.hierarchical.HierarchicalTestExecutor.execute(HierarchicalTestExecutor.java:57)
	at org.junit.platform.engine.support.hierarchical.HierarchicalTestEngine.execute(HierarchicalTestEngine.java:54)
	at org.junit.platform.launcher.core.EngineExecutionOrchestrator.execute(EngineExecutionOrchestrator.java:198)
	at org.junit.platform.launcher.core.EngineExecutionOrchestrator.execute(EngineExecutionOrchestrator.java:169)
	at org.junit.platform.launcher.core.EngineExecutionOrchestrator.execute(EngineExecutionOrchestrator.java:93)
	at org.junit.platform.launcher.core.EngineExecutionOrchestrator.lambda$execute$0(EngineExecutionOrchestrator.java:58)
	at org.junit.platform.launcher.core.EngineExecutionOrchestrator.withInterceptedStreams(EngineExecutionOrchestrator.java:141)
	at org.junit.platform.launcher.core.EngineExecutionOrchestrator.execute(EngineExecutionOrchestrator.java:57)
	at org.junit.platform.launcher.core.DefaultLauncher.execute(DefaultLauncher.java:103)
	at org.junit.platform.launcher.core.DefaultLauncher.execute(DefaultLauncher.java:85)
	at org.junit.platform.launcher.core.DelegatingLauncher.execute(DelegatingLauncher.java:47)
	at org.apache.maven.surefire.junitplatform.LazyLauncher.execute(LazyLauncher.java:56)
	at org.apache.maven.surefire.junitplatform.JUnitPlatformProvider.execute(JUnitPlatformProvider.java:184)
	at org.apache.maven.surefire.junitplatform.JUnitPlatformProvider.invokeAllTests(JUnitPlatformProvider.java:148)
	at org.apache.maven.surefire.junitplatform.JUnitPlatformProvider.invoke(JUnitPlatformProvider.java:122)
	at org.apache.maven.surefire.booter.ForkedBooter.runSuitesInProcess(ForkedBooter.java:385)
	at org.apache.maven.surefire.booter.ForkedBooter.execute(ForkedBooter.java:162)
	at org.apache.maven.surefire.booter.ForkedBooter.run(ForkedBooter.java:507)
	at org.apache.maven.surefire.booter.ForkedBooter.main(ForkedBooter.java:495)
Caused by: java.lang.ClassNotFoundException: jakarta.el.ExpressionFactory
	... 97 common frames omitted
10:24:13.775 [main] DEBUG org.hibernate.boot.beanvalidation.TypeSafeActivator - Unable to acquire Bean Validation ValidatorFactory, skipping activation
10:24:13.776 [main] DEBUG org.hibernate.query.sqm.function.SqmFunctionRegistry - Registered SqmFunctionTemplate [NamedSqmFunctionTemplate(max)] under max; prior registration was null
10:24:13.776 [main] DEBUG org.hibernate.query.sqm.function.SqmFunctionRegistry - Registered SqmFunctionTemplate [NamedSqmFunctionTemplate(min)] under min; prior registration was null
10:24:13.776 [main] DEBUG org.hibernate.query.sqm.function.SqmFunctionRegistry - Registered SqmFunctionTemplate [NamedSqmFunctionTemplate(sum)] under sum; prior registration was null
10:24:13.776 [main] DEBUG org.hibernate.query.sqm.function.SqmFunctionRegistry - Registered SqmFunctionTemplate [NamedSqmFunctionTemplate(avg)] under avg; prior registration was null
10:24:13.776 [main] DEBUG org.hibernate.query.sqm.function.SqmFunctionRegistry - Registered SqmFunctionTemplate [org.hibernate.dialect.function.CountFunction@7ea20d2b] under count; prior registration was null
10:24:13.776 [main] DEBUG org.hibernate.query.sqm.function.SqmFunctionRegistry - Registered SqmFunctionTemplate [org.hibernate.dialect.function.EveryAnyEmulation@24482cb] under every; prior registration was null
10:24:13.776 [main] DEBUG org.hibernate.query.sqm.function.SqmFunctionRegistry - Registered SqmFunctionTemplate [org.hibernate.dialect.function.EveryAnyEmulation@6b28cb13] under any; prior registration was null
10:24:13.776 [main] DEBUG org.hibernate.query.sqm.function.SqmFunctionRegistry - Registered SqmFunctionTemplate [NamedSqmFunctionTemplate(floor)] under floor; prior registration was null
10:24:13.776 [main] DEBUG org.hibernate.query.sqm.function.SqmFunctionRegistry - Registered SqmFunctionTemplate [NamedSqmFunctionTemplate(ceiling)] under ceiling; prior registration was null
10:24:13.776 [main] DEBUG org.hibernate.query.sqm.function.SqmFunctionRegistry - Registered SqmFunctionTemplate [NamedSqmFunctionTemplate(mod)] under mod; prior registration was null
10:24:13.776 [main] DEBUG org.hibernate.query.sqm.function.SqmFunctionRegistry - Registered SqmFunctionTemplate [NamedSqmFunctionTemplate(abs)] under abs; prior registration was null
10:24:13.776 [main] DEBUG org.hibernate.query.sqm.function.SqmFunctionRegistry - Registered SqmFunctionTemplate [NamedSqmFunctionTemplate(sign)] under sign; prior registration was null
10:24:13.776 [main] DEBUG org.hibernate.query.sqm.function.SqmFunctionRegistry - Registered SqmFunctionTemplate [NamedSqmFunctionTemplate(sqrt)] under sqrt; prior registration was null
10:24:13.776 [main] DEBUG org.hibernate.query.sqm.function.SqmFunctionRegistry - Registered SqmFunctionTemplate [NamedSqmFunctionTemplate(ln)] under ln; prior registration was null
10:24:13.776 [main] DEBUG org.hibernate.query.sqm.function.SqmFunctionRegistry - Registered SqmFunctionTemplate [NamedSqmFunctionTemplate(exp)] under exp; prior registration was null
10:24:13.776 [main] DEBUG org.hibernate.query.sqm.function.SqmFunctionRegistry - Registered SqmFunctionTemplate [NamedSqmFunctionTemplate(power)] under power; prior registration was null
10:24:13.776 [main] DEBUG org.hibernate.query.sqm.function.SqmFunctionRegistry - Registered SqmFunctionTemplate [NamedSqmFunctionTemplate(round)] under round; prior registration was null
10:24:13.776 [main] DEBUG org.hibernate.query.sqm.function.SqmFunctionRegistry - Registered SqmFunctionTemplate [NamedSqmFunctionTemplate(sin)] under sin; prior registration was null
10:24:13.776 [main] DEBUG org.hibernate.query.sqm.function.SqmFunctionRegistry - Registered SqmFunctionTemplate [NamedSqmFunctionTemplate(cos)] under cos; prior registration was null
10:24:13.776 [main] DEBUG org.hibernate.query.sqm.function.SqmFunctionRegistry - Registered SqmFunctionTemplate [NamedSqmFunctionTemplate(tan)] under tan; prior registration was null
10:24:13.776 [main] DEBUG org.hibernate.query.sqm.function.SqmFunctionRegistry - Registered SqmFunctionTemplate [NamedSqmFunctionTemplate(asin)] under asin; prior registration was null
10:24:13.776 [main] DEBUG org.hibernate.query.sqm.function.SqmFunctionRegistry - Registered SqmFunctionTemplate [NamedSqmFunctionTemplate(acos)] under acos; prior registration was null
10:24:13.776 [main] DEBUG org.hibernate.query.sqm.function.SqmFunctionRegistry - Registered SqmFunctionTemplate [NamedSqmFunctionTemplate(atan)] under atan; prior registration was null
10:24:13.776 [main] DEBUG org.hibernate.query.sqm.function.SqmFunctionRegistry - Registered SqmFunctionTemplate [NamedSqmFunctionTemplate(atan2)] under atan2; prior registration was null
10:24:13.776 [main] DEBUG org.hibernate.query.sqm.function.SqmFunctionRegistry - Registered SqmFunctionTemplate [org.hibernate.query.sqm.function.PatternBasedSqmFunctionDescriptor@29dc6ba1] under sinh; prior registration was null
10:24:13.776 [main] DEBUG org.hibernate.query.sqm.function.SqmFunctionRegistry - Registered SqmFunctionTemplate [org.hibernate.query.sqm.function.PatternBasedSqmFunctionDescriptor@4779f0e4] under cosh; prior registration was null
10:24:13.776 [main] DEBUG org.hibernate.query.sqm.function.SqmFunctionRegistry - Registered SqmFunctionTemplate [org.hibernate.query.sqm.function.PatternBasedSqmFunctionDescriptor@618d701a] under tanh; prior registration was null
10:24:13.776 [main] DEBUG org.hibernate.query.sqm.function.SqmFunctionRegistry - Registered SqmFunctionTemplate [org.hibernate.query.sqm.function.PatternBasedSqmFunctionDescriptor@4c504f6b] under pi; prior registration was null
10:24:13.776 [main] DEBUG org.hibernate.query.sqm.function.SqmFunctionRegistry - Registered SqmFunctionTemplate [org.hibernate.query.sqm.function.PatternBasedSqmFunctionDescriptor@61ba423] under log; prior registration was null
10:24:13.776 [main] DEBUG org.hibernate.query.sqm.function.SqmFunctionRegistry - Registered SqmFunctionTemplate [NamedSqmFunctionTemplate(coalesce)] under coalesce; prior registration was null
10:24:13.776 [main] DEBUG org.hibernate.query.sqm.function.SqmFunctionRegistry - Registered SqmFunctionTemplate [NamedSqmFunctionTemplate(nullif)] under nullif; prior registration was null
10:24:13.776 [main] DEBUG org.hibernate.query.sqm.function.SqmFunctionRegistry - Registered SqmFunctionTemplate [NamedSqmFunctionTemplate(left)] under left; prior registration was null
10:24:13.776 [main] DEBUG org.hibernate.query.sqm.function.SqmFunctionRegistry - Registered SqmFunctionTemplate [NamedSqmFunctionTemplate(right)] under right; prior registration was null
10:24:13.776 [main] DEBUG org.hibernate.query.sqm.function.SqmFunctionRegistry - Registered SqmFunctionTemplate [NamedSqmFunctionTemplate(replace)] under replace; prior registration was null
10:24:13.776 [main] DEBUG org.hibernate.query.sqm.function.SqmFunctionRegistry - Registered SqmFunctionTemplate [NamedSqmFunctionTemplate(concat)] under concat; prior registration was null
10:24:13.776 [main] DEBUG org.hibernate.query.sqm.function.SqmFunctionRegistry - Registered SqmFunctionTemplate [NamedSqmFunctionTemplate(lower)] under lower; prior registration was null
10:24:13.776 [main] DEBUG org.hibernate.query.sqm.function.SqmFunctionRegistry - Registered SqmFunctionTemplate [NamedSqmFunctionTemplate(upper)] under upper; prior registration was null
10:24:13.776 [main] DEBUG org.hibernate.query.sqm.function.SqmFunctionRegistry - Registered SqmFunctionTemplate [NamedSqmFunctionTemplate(substring)] under substring; prior registration was null
10:24:13.776 [main] DEBUG org.hibernate.query.sqm.function.SqmFunctionRegistry - Registered SqmFunctionTemplate [NamedSqmFunctionTemplate(locate)] under locate; prior registration was null
10:24:13.776 [main] DEBUG org.hibernate.query.sqm.function.SqmFunctionRegistry - Registered SqmFunctionTemplate [NamedSqmFunctionTemplate(character_length)] under character_length; prior registration was null
10:24:13.776 [main] DEBUG org.hibernate.query.sqm.function.SqmFunctionRegistry - Registering alternate key : length -> character_length
10:24:13.776 [main] DEBUG org.hibernate.query.sqm.function.SqmFunctionRegistry - Registered SqmFunctionTemplate [org.hibernate.dialect.function.LocatePositionEmulation@e6d9ad4] under position; prior registration was null
10:24:13.776 [main] DEBUG org.hibernate.query.sqm.function.SqmFunctionRegistry - Registered SqmFunctionTemplate [org.hibernate.dialect.function.InsertSubstringOverlayEmulation@4ea36a3] under overlay; prior registration was null
10:24:13.776 [main] DEBUG org.hibernate.query.sqm.function.SqmFunctionRegistry - Registered SqmFunctionTemplate [org.hibernate.dialect.function.TrimFunction@4a0f1a42] under trim; prior registration was null
10:24:13.776 [main] DEBUG org.hibernate.query.sqm.function.SqmFunctionRegistry - Registered SqmFunctionTemplate [org.hibernate.dialect.function.CastFunction@116e959c] under cast; prior registration was null
10:24:13.776 [main] DEBUG org.hibernate.query.sqm.function.SqmFunctionRegistry - Registered SqmFunctionTemplate [org.hibernate.query.sqm.function.PatternBasedSqmFunctionDescriptor@73b7165f] under collate; prior registration was null
10:24:13.776 [main] DEBUG org.hibernate.query.sqm.function.SqmFunctionRegistry - Registered SqmFunctionTemplate [org.hibernate.dialect.function.ExtractFunction@263d69a4] under extract; prior registration was null
10:24:13.776 [main] DEBUG org.hibernate.query.sqm.function.SqmFunctionRegistry - Registered SqmFunctionTemplate [NamedSqmFunctionTemplate(least)] under least; prior registration was null
10:24:13.776 [main] DEBUG org.hibernate.query.sqm.function.SqmFunctionRegistry - Registered SqmFunctionTemplate [NamedSqmFunctionTemplate(greatest)] under greatest; prior registration was null
10:24:13.776 [main] DEBUG org.hibernate.query.sqm.function.SqmFunctionRegistry - Registered SqmFunctionTemplate [org.hibernate.dialect.function.CoalesceIfnullEmulation@14d2aa2b] under ifnull; prior registration was null
10:24:13.776 [main] DEBUG org.hibernate.query.sqm.function.SqmFunctionRegistry - Registered SqmFunctionTemplate [NamedSqmFunctionTemplate(lpad)] under lpad; prior registration was null
10:24:13.776 [main] DEBUG org.hibernate.query.sqm.function.SqmFunctionRegistry - Registered SqmFunctionTemplate [NamedSqmFunctionTemplate(rpad)] under rpad; prior registration was null
10:24:13.776 [main] DEBUG org.hibernate.query.sqm.function.SqmFunctionRegistry - Registered SqmFunctionTemplate [org.hibernate.dialect.function.LpadRpadPadEmulation@71750f58] under pad; prior registration was null
10:24:13.776 [main] DEBUG org.hibernate.query.sqm.function.SqmFunctionRegistry - Registered SqmFunctionTemplate [org.hibernate.dialect.function.CastStrEmulation@3abbfac7] under str; prior registration was null
10:24:13.777 [main] DEBUG org.hibernate.query.sqm.function.SqmFunctionRegistry - Registered SqmFunctionTemplate [org.hibernate.dialect.function.FormatFunction@7786c47d] under format; prior registration was null
10:24:13.777 [main] DEBUG org.hibernate.query.sqm.function.SqmFunctionRegistry - Registered SqmFunctionTemplate [org.hibernate.dialect.function.TimestampaddFunction@7604bb54] under timestampadd; prior registration was null
10:24:13.777 [main] DEBUG org.hibernate.query.sqm.function.SqmFunctionRegistry - Registered SqmFunctionTemplate [org.hibernate.dialect.function.TimestampdiffFunction@2f527503] under timestampdiff; prior registration was null
10:24:13.777 [main] DEBUG org.hibernate.query.sqm.function.SqmFunctionRegistry - Registering alternate key : dateadd -> timestampadd
10:24:13.777 [main] DEBUG org.hibernate.query.sqm.function.SqmFunctionRegistry - Registering alternate key : datediff -> timestampdiff
10:24:13.777 [main] DEBUG org.hibernate.query.sqm.function.SqmFunctionRegistry - Registered SqmFunctionTemplate [org.hibernate.dialect.function.CurrentFunction@4adadfec] under current_date; prior registration was null
10:24:13.777 [main] DEBUG org.hibernate.query.sqm.function.SqmFunctionRegistry - Registered SqmFunctionTemplate [org.hibernate.dialect.function.CurrentFunction@b3e4fe6] under current_time; prior registration was null
10:24:13.777 [main] DEBUG org.hibernate.query.sqm.function.SqmFunctionRegistry - Registered SqmFunctionTemplate [org.hibernate.dialect.function.CurrentFunction@58b39bce] under current_timestamp; prior registration was null
10:24:13.777 [main] DEBUG org.hibernate.query.sqm.function.SqmFunctionRegistry - Registering alternate key : current date -> current_date
10:24:13.777 [main] DEBUG org.hibernate.query.sqm.function.SqmFunctionRegistry - Registering alternate key : current time -> current_time
10:24:13.777 [main] DEBUG org.hibernate.query.sqm.function.SqmFunctionRegistry - Registering alternate key : current timestamp -> current_timestamp
10:24:13.777 [main] DEBUG org.hibernate.query.sqm.function.SqmFunctionRegistry - Registered SqmFunctionTemplate [org.hibernate.dialect.function.CurrentFunction@64f517b6] under local_date; prior registration was null
10:24:13.777 [main] DEBUG org.hibernate.query.sqm.function.SqmFunctionRegistry - Registered SqmFunctionTemplate [org.hibernate.dialect.function.CurrentFunction@78cc817b] under local_time; prior registration was null
10:24:13.777 [main] DEBUG org.hibernate.query.sqm.function.SqmFunctionRegistry - Registered SqmFunctionTemplate [org.hibernate.dialect.function.CurrentFunction@1f4b0fb] under local_datetime; prior registration was null
10:24:13.777 [main] DEBUG org.hibernate.query.sqm.function.SqmFunctionRegistry - Registered SqmFunctionTemplate [org.hibernate.dialect.function.CurrentFunction@45dd36e0] under offset_datetime; prior registration was null
10:24:13.777 [main] DEBUG org.hibernate.query.sqm.function.SqmFunctionRegistry - Registering alternate key : local date -> local_date
10:24:13.777 [main] DEBUG org.hibernate.query.sqm.function.SqmFunctionRegistry - Registering alternate key : local time -> local_time
10:24:13.777 [main] DEBUG org.hibernate.query.sqm.function.SqmFunctionRegistry - Registering alternate key : local datetime -> local_datetime
10:24:13.777 [main] DEBUG org.hibernate.query.sqm.function.SqmFunctionRegistry - Registering alternate key : offset datetime -> offset_datetime
10:24:13.777 [main] DEBUG org.hibernate.query.sqm.function.SqmFunctionRegistry - Registered SqmFunctionTemplate [org.hibernate.dialect.function.CurrentFunction@959d14a] under instant; prior registration was null
10:24:13.777 [main] DEBUG org.hibernate.query.sqm.function.SqmFunctionRegistry - Registering alternate key : current_instant -> instant
10:24:13.777 [main] DEBUG org.hibernate.query.sqm.function.SqmFunctionRegistry - Registered SqmFunctionTemplate [org.hibernate.dialect.function.SqlFunction@15825e43] under sql; prior registration was null
10:24:13.777 [main] DEBUG org.hibernate.query.sqm.function.SqmFunctionRegistry - Registered SqmFunctionTemplate [NamedSqmFunctionTemplate(max)] under max; prior registration was NamedSqmFunctionTemplate(max)
10:24:13.777 [main] DEBUG org.hibernate.query.sqm.function.SqmFunctionRegistry - Registered SqmFunctionTemplate [NamedSqmFunctionTemplate(min)] under min; prior registration was NamedSqmFunctionTemplate(min)
10:24:13.777 [main] DEBUG org.hibernate.query.sqm.function.SqmFunctionRegistry - Registered SqmFunctionTemplate [NamedSqmFunctionTemplate(sum)] under sum; prior registration was NamedSqmFunctionTemplate(sum)
10:24:13.777 [main] DEBUG org.hibernate.query.sqm.function.SqmFunctionRegistry - Registered SqmFunctionTemplate [NamedSqmFunctionTemplate(avg)] under avg; prior registration was NamedSqmFunctionTemplate(avg)
10:24:13.777 [main] DEBUG org.hibernate.query.sqm.function.SqmFunctionRegistry - Registered SqmFunctionTemplate [org.hibernate.dialect.function.CountFunction@31555760] under count; prior registration was org.hibernate.dialect.function.CountFunction@7ea20d2b
10:24:13.777 [main] DEBUG org.hibernate.query.sqm.function.SqmFunctionRegistry - Registered SqmFunctionTemplate [org.hibernate.dialect.function.AvgFunction@1d930d9c] under avg; prior registration was NamedSqmFunctionTemplate(avg)
10:24:13.777 [main] DEBUG org.hibernate.query.sqm.function.SqmFunctionRegistry - Registered SqmFunctionTemplate [NamedSqmFunctionTemplate(pi)] under pi; prior registration was org.hibernate.query.sqm.function.PatternBasedSqmFunctionDescriptor@4c504f6b
10:24:13.777 [main] DEBUG org.hibernate.query.sqm.function.SqmFunctionRegistry - Registered SqmFunctionTemplate [NamedSqmFunctionTemplate(cot)] under cot; prior registration was null
10:24:13.777 [main] DEBUG org.hibernate.query.sqm.function.SqmFunctionRegistry - Registered SqmFunctionTemplate [NamedSqmFunctionTemplate(radians)] under radians; prior registration was null
10:24:13.777 [main] DEBUG org.hibernate.query.sqm.function.SqmFunctionRegistry - Registered SqmFunctionTemplate [NamedSqmFunctionTemplate(degrees)] under degrees; prior registration was null
10:24:13.777 [main] DEBUG org.hibernate.query.sqm.function.SqmFunctionRegistry - Registered SqmFunctionTemplate [NamedSqmFunctionTemplate(log10)] under log10; prior registration was null
10:24:13.777 [main] DEBUG org.hibernate.query.sqm.function.SqmFunctionRegistry - Registered SqmFunctionTemplate [org.hibernate.query.sqm.function.PatternBasedSqmFunctionDescriptor@5a074ce5] under mod; prior registration was NamedSqmFunctionTemplate(mod)
10:24:13.777 [main] DEBUG org.hibernate.query.sqm.function.SqmFunctionRegistry - Registered SqmFunctionTemplate [NamedSqmFunctionTemplate(rand)] under rand; prior registration was null
10:24:13.777 [main] DEBUG org.hibernate.query.sqm.function.SqmFunctionRegistry - Registered SqmFunctionTemplate [NamedSqmFunctionTemplate(soundex)] under soundex; prior registration was null
10:24:13.777 [main] DEBUG org.hibernate.query.sqm.function.SqmFunctionRegistry - Registered SqmFunctionTemplate [NamedSqmFunctionTemplate(translate)] under translate; prior registration was null
10:24:13.777 [main] DEBUG org.hibernate.query.sqm.function.SqmFunctionRegistry - Registered SqmFunctionTemplate [NamedSqmFunctionTemplate(bitand)] under bitand; prior registration was null
10:24:13.777 [main] DEBUG org.hibernate.query.sqm.function.SqmFunctionRegistry - Registered SqmFunctionTemplate [NamedSqmFunctionTemplate(bitor)] under bitor; prior registration was null
10:24:13.777 [main] DEBUG org.hibernate.query.sqm.function.SqmFunctionRegistry - Registered SqmFunctionTemplate [NamedSqmFunctionTemplate(bitxor)] under bitxor; prior registration was null
10:24:13.777 [main] DEBUG org.hibernate.query.sqm.function.SqmFunctionRegistry - Registered SqmFunctionTemplate [NamedSqmFunctionTemplate(bitnot)] under bitnot; prior registration was null
10:24:13.777 [main] DEBUG org.hibernate.query.sqm.function.SqmFunctionRegistry - Registered SqmFunctionTemplate [NamedSqmFunctionTemplate(bit_and)] under bit_and; prior registration was null
10:24:13.777 [main] DEBUG org.hibernate.query.sqm.function.SqmFunctionRegistry - Registered SqmFunctionTemplate [NamedSqmFunctionTemplate(bit_or)] under bit_or; prior registration was null
10:24:13.777 [main] DEBUG org.hibernate.query.sqm.function.SqmFunctionRegistry - Registered SqmFunctionTemplate [NamedSqmFunctionTemplate(day)] under day; prior registration was null
10:24:13.777 [main] DEBUG org.hibernate.query.sqm.function.SqmFunctionRegistry - Registered SqmFunctionTemplate [NamedSqmFunctionTemplate(month)] under month; prior registration was null
10:24:13.777 [main] DEBUG org.hibernate.query.sqm.function.SqmFunctionRegistry - Registered SqmFunctionTemplate [NamedSqmFunctionTemplate(year)] under year; prior registration was null
10:24:13.777 [main] DEBUG org.hibernate.query.sqm.function.SqmFunctionRegistry - Registered SqmFunctionTemplate [NamedSqmFunctionTemplate(hour)] under hour; prior registration was null
10:24:13.777 [main] DEBUG org.hibernate.query.sqm.function.SqmFunctionRegistry - Registered SqmFunctionTemplate [NamedSqmFunctionTemplate(minute)] under minute; prior registration was null
10:24:13.777 [main] DEBUG org.hibernate.query.sqm.function.SqmFunctionRegistry - Registered SqmFunctionTemplate [NamedSqmFunctionTemplate(second)] under second; prior registration was null
10:24:13.777 [main] DEBUG org.hibernate.query.sqm.function.SqmFunctionRegistry - Registered SqmFunctionTemplate [NamedSqmFunctionTemplate(microsecond)] under microsecond; prior registration was null
10:24:13.777 [main] DEBUG org.hibernate.query.sqm.function.SqmFunctionRegistry - Registered SqmFunctionTemplate [NamedSqmFunctionTemplate(day_of_week)] under day_of_week; prior registration was null
10:24:13.777 [main] DEBUG org.hibernate.query.sqm.function.SqmFunctionRegistry - Registered SqmFunctionTemplate [NamedSqmFunctionTemplate(day_of_month)] under day_of_month; prior registration was null
10:24:13.777 [main] DEBUG org.hibernate.query.sqm.function.SqmFunctionRegistry - Registering alternate key : day -> day_of_month
10:24:13.777 [main] DEBUG org.hibernate.query.sqm.function.SqmFunctionRegistry - Registered SqmFunctionTemplate [NamedSqmFunctionTemplate(day_of_year)] under day_of_year; prior registration was null
10:24:13.777 [main] DEBUG org.hibernate.query.sqm.function.SqmFunctionRegistry - Registered SqmFunctionTemplate [NamedSqmFunctionTemplate(week)] under week; prior registration was null
10:24:13.777 [main] DEBUG org.hibernate.query.sqm.function.SqmFunctionRegistry - Registered SqmFunctionTemplate [NamedSqmFunctionTemplate(quarter)] under quarter; prior registration was null
10:24:13.777 [main] DEBUG org.hibernate.query.sqm.function.SqmFunctionRegistry - Registered SqmFunctionTemplate [NamedSqmFunctionTemplate(monthname)] under monthname; prior registration was null
10:24:13.777 [main] DEBUG org.hibernate.query.sqm.function.SqmFunctionRegistry - Registered SqmFunctionTemplate [NamedSqmFunctionTemplate(dayname)] under dayname; prior registration was null
10:24:13.777 [main] DEBUG org.hibernate.query.sqm.function.SqmFunctionRegistry - Registered SqmFunctionTemplate [NamedSqmFunctionTemplate(localtime)] under localtime; prior registration was null
10:24:13.777 [main] DEBUG org.hibernate.query.sqm.function.SqmFunctionRegistry - Registered SqmFunctionTemplate [NamedSqmFunctionTemplate(localtimestamp)] under localtimestamp; prior registration was null
10:24:13.777 [main] DEBUG org.hibernate.query.sqm.function.SqmFunctionRegistry - Registered SqmFunctionTemplate [NamedSqmFunctionTemplate(localtime)] under local_time; prior registration was org.hibernate.dialect.function.CurrentFunction@78cc817b
10:24:13.777 [main] DEBUG org.hibernate.query.sqm.function.SqmFunctionRegistry - Registered SqmFunctionTemplate [NamedSqmFunctionTemplate(localtimestamp)] under local_datetime; prior registration was org.hibernate.dialect.function.CurrentFunction@1f4b0fb
10:24:13.777 [main] DEBUG org.hibernate.query.sqm.function.SqmFunctionRegistry - Registered SqmFunctionTemplate [org.hibernate.dialect.function.TruncFunction@5df061a0] under trunc; prior registration was null
10:24:13.777 [main] DEBUG org.hibernate.query.sqm.function.SqmFunctionRegistry - Registering alternate key : truncate -> trunc
10:24:13.777 [main] DEBUG org.hibernate.query.sqm.function.SqmFunctionRegistry - Registered SqmFunctionTemplate [org.hibernate.query.sqm.function.PatternBasedSqmFunctionDescriptor@4685d329] under date_trunc; prior registration was null
10:24:13.777 [main] DEBUG org.hibernate.query.sqm.function.SqmFunctionRegistry - Registered SqmFunctionTemplate [NamedSqmFunctionTemplate(bit_length)] under bit_length; prior registration was null
10:24:13.777 [main] DEBUG org.hibernate.query.sqm.function.SqmFunctionRegistry - Registered SqmFunctionTemplate [NamedSqmFunctionTemplate(octet_length)] under octet_length; prior registration was null
10:24:13.777 [main] DEBUG org.hibernate.query.sqm.function.SqmFunctionRegistry - Registered SqmFunctionTemplate [NamedSqmFunctionTemplate(ascii)] under ascii; prior registration was null
10:24:13.777 [main] DEBUG org.hibernate.query.sqm.function.SqmFunctionRegistry - Registered SqmFunctionTemplate [NamedSqmFunctionTemplate(octet_length)] under octet_length; prior registration was NamedSqmFunctionTemplate(octet_length)
10:24:13.777 [main] DEBUG org.hibernate.query.sqm.function.SqmFunctionRegistry - Registered SqmFunctionTemplate [NamedSqmFunctionTemplate(space)] under space; prior registration was null
10:24:13.777 [main] DEBUG org.hibernate.query.sqm.function.SqmFunctionRegistry - Registered SqmFunctionTemplate [NamedSqmFunctionTemplate(repeat)] under repeat; prior registration was null
10:24:13.777 [main] DEBUG org.hibernate.query.sqm.function.SqmFunctionRegistry - Registered SqmFunctionTemplate [NamedSqmFunctionTemplate(char)] under char; prior registration was null
10:24:13.777 [main] DEBUG org.hibernate.query.sqm.function.SqmFunctionRegistry - Registering alternate key : chr -> char
10:24:13.777 [main] DEBUG org.hibernate.query.sqm.function.SqmFunctionRegistry - Registered SqmFunctionTemplate [NamedSqmFunctionTemplate(instr)] under instr; prior registration was null
10:24:13.777 [main] DEBUG org.hibernate.query.sqm.function.SqmFunctionRegistry - Registered SqmFunctionTemplate [NamedSqmFunctionTemplate(substr)] under substr; prior registration was null
10:24:13.777 [main] DEBUG org.hibernate.query.sqm.function.SqmFunctionRegistry - Registered SqmFunctionTemplate [org.hibernate.query.sqm.function.PatternBasedSqmFunctionDescriptor@437fd988] under position; prior registration was org.hibernate.dialect.function.LocatePositionEmulation@e6d9ad4
10:24:13.777 [main] DEBUG org.hibernate.query.sqm.function.SqmFunctionRegistry - Registered SqmFunctionTemplate [NamedSqmFunctionTemplate(ltrim)] under ltrim; prior registration was null
10:24:13.777 [main] DEBUG org.hibernate.query.sqm.function.SqmFunctionRegistry - Registered SqmFunctionTemplate [NamedSqmFunctionTemplate(rtrim)] under rtrim; prior registration was null
10:24:13.777 [main] DEBUG org.hibernate.query.sqm.function.SqmFunctionRegistry - Registered SqmFunctionTemplate [org.hibernate.query.sqm.function.PatternBasedSqmFunctionDescriptor@23ffc566] under concat; prior registration was NamedSqmFunctionTemplate(concat)
10:24:13.777 [main] DEBUG org.hibernate.query.sqm.function.SqmFunctionRegistry - Registered SqmFunctionTemplate [NamedSqmFunctionTemplate(curtime)] under curtime; prior registration was null
10:24:13.777 [main] DEBUG org.hibernate.query.sqm.function.SqmFunctionRegistry - Registered SqmFunctionTemplate [NamedSqmFunctionTemplate(curdate)] under curdate; prior registration was null
10:24:13.777 [main] DEBUG org.hibernate.query.sqm.function.SqmFunctionRegistry - Registered SqmFunctionTemplate [NamedSqmFunctionTemplate(now)] under now; prior registration was null
10:24:13.777 [main] DEBUG org.hibernate.query.sqm.function.SqmFunctionRegistry - Registered SqmFunctionTemplate [NamedSqmFunctionTemplate(sysdate)] under sysdate; prior registration was null
10:24:13.777 [main] DEBUG org.hibernate.query.sqm.function.SqmFunctionRegistry - Registered SqmFunctionTemplate [NamedSqmFunctionTemplate(insert)] under insert; prior registration was null
10:24:13.777 [main] DEBUG org.hibernate.query.sqm.function.SqmFunctionRegistry - Registered SqmFunctionTemplate [NamedSqmFunctionTemplate(bool_and)] under bool_and; prior registration was null
10:24:13.777 [main] DEBUG org.hibernate.query.sqm.function.SqmFunctionRegistry - Registering alternate key : every -> bool_and
10:24:13.777 [main] DEBUG org.hibernate.query.sqm.function.SqmFunctionRegistry - Registered SqmFunctionTemplate [NamedSqmFunctionTemplate(bool_or)] under bool_or; prior registration was null
10:24:13.777 [main] DEBUG org.hibernate.query.sqm.function.SqmFunctionRegistry - Registering alternate key : any -> bool_or
10:24:13.777 [main] DEBUG org.hibernate.query.sqm.function.SqmFunctionRegistry - Registered SqmFunctionTemplate [NamedSqmFunctionTemplate(median)] under median; prior registration was null
10:24:13.777 [main] DEBUG org.hibernate.query.sqm.function.SqmFunctionRegistry - Registered SqmFunctionTemplate [NamedSqmFunctionTemplate(stddev_pop)] under stddev_pop; prior registration was null
10:24:13.777 [main] DEBUG org.hibernate.query.sqm.function.SqmFunctionRegistry - Registered SqmFunctionTemplate [NamedSqmFunctionTemplate(stddev_samp)] under stddev_samp; prior registration was null
10:24:13.777 [main] DEBUG org.hibernate.query.sqm.function.SqmFunctionRegistry - Registered SqmFunctionTemplate [NamedSqmFunctionTemplate(var_pop)] under var_pop; prior registration was null
10:24:13.777 [main] DEBUG org.hibernate.query.sqm.function.SqmFunctionRegistry - Registered SqmFunctionTemplate [NamedSqmFunctionTemplate(var_samp)] under var_samp; prior registration was null
10:24:13.777 [main] DEBUG org.hibernate.query.sqm.function.SqmFunctionRegistry - Registered SqmFunctionTemplate [org.hibernate.dialect.function.FormatFunction@7ddc5dd8] under format; prior registration was org.hibernate.dialect.function.FormatFunction@7786c47d
10:24:13.777 [main] DEBUG org.hibernate.query.sqm.function.SqmFunctionRegistry - Registered SqmFunctionTemplate [NamedSqmFunctionTemplate(rownum)] under rownum; prior registration was null
10:24:13.777 [main] DEBUG org.hibernate.query.sqm.function.SqmFunctionRegistry - Registered SqmFunctionTemplate [NamedSqmFunctionTemplate(row_number)] under row_number; prior registration was null
10:24:13.777 [main] DEBUG org.hibernate.query.sqm.function.SqmFunctionRegistry - Registered SqmFunctionTemplate [NamedSqmFunctionTemplate(lag)] under lag; prior registration was null
10:24:13.777 [main] DEBUG org.hibernate.query.sqm.function.SqmFunctionRegistry - Registered SqmFunctionTemplate [NamedSqmFunctionTemplate(lead)] under lead; prior registration was null
10:24:13.777 [main] DEBUG org.hibernate.query.sqm.function.SqmFunctionRegistry - Registered SqmFunctionTemplate [NamedSqmFunctionTemplate(first_value)] under first_value; prior registration was null
10:24:13.777 [main] DEBUG org.hibernate.query.sqm.function.SqmFunctionRegistry - Registered SqmFunctionTemplate [NamedSqmFunctionTemplate(last_value)] under last_value; prior registration was null
10:24:13.777 [main] DEBUG org.hibernate.query.sqm.function.SqmFunctionRegistry - Registered SqmFunctionTemplate [NamedSqmFunctionTemplate(nth_value)] under nth_value; prior registration was null
10:24:13.777 [main] DEBUG org.hibernate.query.sqm.function.SqmFunctionRegistry - Registered SqmFunctionTemplate [org.hibernate.dialect.function.ListaggFunction@1528c5d1] under listagg; prior registration was null
10:24:13.777 [main] DEBUG org.hibernate.query.sqm.function.SqmFunctionRegistry - Registered SqmFunctionTemplate [org.hibernate.dialect.function.InverseDistributionFunction@28a6ed65] under mode; prior registration was null
10:24:13.777 [main] DEBUG org.hibernate.query.sqm.function.SqmFunctionRegistry - Registered SqmFunctionTemplate [org.hibernate.dialect.function.InverseDistributionFunction@75afc9e2] under percentile_cont; prior registration was null
10:24:13.777 [main] DEBUG org.hibernate.query.sqm.function.SqmFunctionRegistry - Registered SqmFunctionTemplate [org.hibernate.dialect.function.InverseDistributionFunction@6a827812] under percentile_disc; prior registration was null
10:24:13.777 [main] DEBUG org.hibernate.query.sqm.function.SqmFunctionRegistry - Registered SqmFunctionTemplate [org.hibernate.dialect.function.HypotheticalSetFunction@39d72ede] under rank; prior registration was null
10:24:13.777 [main] DEBUG org.hibernate.query.sqm.function.SqmFunctionRegistry - Registered SqmFunctionTemplate [org.hibernate.dialect.function.HypotheticalSetFunction@26053144] under dense_rank; prior registration was null
10:24:13.777 [main] DEBUG org.hibernate.query.sqm.function.SqmFunctionRegistry - Registered SqmFunctionTemplate [org.hibernate.dialect.function.HypotheticalSetFunction@2d6e1cbf] under percent_rank; prior registration was null
10:24:13.777 [main] DEBUG org.hibernate.query.sqm.function.SqmFunctionRegistry - Registered SqmFunctionTemplate [org.hibernate.dialect.function.HypotheticalSetFunction@54d5b3e8] under cume_dist; prior registration was null
10:24:13.777 [main] DEBUG org.hibernate.query.sqm.function.SqmFunctionRegistry - Registered SqmFunctionTemplate [org.hibernate.dialect.function.array.ArrayConstructorFunction@5474d672] under array; prior registration was null
10:24:13.777 [main] DEBUG org.hibernate.query.sqm.function.SqmFunctionRegistry - Registered SqmFunctionTemplate [org.hibernate.dialect.function.array.ArrayConstructorFunction@5b7452a9] under array_list; prior registration was null
10:24:13.777 [main] DEBUG org.hibernate.query.sqm.function.SqmFunctionRegistry - Registered SqmFunctionTemplate [org.hibernate.dialect.function.array.ArrayAggFunction@6a2369c] under array_agg; prior registration was null
10:24:13.777 [main] DEBUG org.hibernate.query.sqm.function.SqmFunctionRegistry - Registered SqmFunctionTemplate [org.hibernate.dialect.function.array.H2ArrayPositionFunction@7f918f53] under array_position; prior registration was null
10:24:13.777 [main] DEBUG org.hibernate.query.sqm.function.SqmFunctionRegistry - Registered SqmFunctionTemplate [org.hibernate.dialect.function.array.H2ArrayPositionsFunction@743cfb82] under array_positions; prior registration was null
10:24:13.777 [main] DEBUG org.hibernate.query.sqm.function.SqmFunctionRegistry - Registered SqmFunctionTemplate [org.hibernate.dialect.function.array.H2ArrayPositionsFunction@1025c56c] under array_positions_list; prior registration was null
10:24:13.777 [main] DEBUG org.hibernate.query.sqm.function.SqmFunctionRegistry - Registered SqmFunctionTemplate [org.hibernate.query.sqm.function.PatternBasedSqmFunctionDescriptor@3d204654] under array_length; prior registration was null
10:24:13.777 [main] DEBUG org.hibernate.query.sqm.function.SqmFunctionRegistry - Registered SqmFunctionTemplate [org.hibernate.dialect.function.array.ArrayConcatFunction@2ed34a99] under array_concat; prior registration was null
10:24:13.777 [main] DEBUG org.hibernate.query.sqm.function.SqmFunctionRegistry - Registered SqmFunctionTemplate [org.hibernate.dialect.function.array.ArrayConcatElementFunction@24ce0551] under array_prepend; prior registration was null
10:24:13.777 [main] DEBUG org.hibernate.query.sqm.function.SqmFunctionRegistry - Registered SqmFunctionTemplate [org.hibernate.dialect.function.array.ArrayConcatElementFunction@1afeaa01] under array_append; prior registration was null
10:24:13.777 [main] DEBUG org.hibernate.query.sqm.function.SqmFunctionRegistry - Registered SqmFunctionTemplate [org.hibernate.dialect.function.array.H2ArrayContainsFunction@25d35dec] under array_contains; prior registration was null
10:24:13.777 [main] DEBUG org.hibernate.query.sqm.function.SqmFunctionRegistry - Registered SqmFunctionTemplate [org.hibernate.dialect.function.array.H2ArrayContainsFunction@11e05c4d] under array_contains_nullable; prior registration was null
10:24:13.777 [main] DEBUG org.hibernate.query.sqm.function.SqmFunctionRegistry - Registered SqmFunctionTemplate [org.hibernate.dialect.function.array.H2ArrayOverlapsFunction@455027ad] under array_overlaps; prior registration was null
10:24:13.777 [main] DEBUG org.hibernate.query.sqm.function.SqmFunctionRegistry - Registered SqmFunctionTemplate [org.hibernate.dialect.function.array.H2ArrayOverlapsFunction@2a1133a4] under array_overlaps_nullable; prior registration was null
10:24:13.777 [main] DEBUG org.hibernate.query.sqm.function.SqmFunctionRegistry - Registered SqmFunctionTemplate [org.hibernate.query.sqm.function.PatternBasedSqmFunctionDescriptor@15923737] under array_get; prior registration was null
10:24:13.777 [main] DEBUG org.hibernate.query.sqm.function.SqmFunctionRegistry - Registered SqmFunctionTemplate [org.hibernate.dialect.function.array.H2ArraySetFunction@60313fc] under array_set; prior registration was null
10:24:13.777 [main] DEBUG org.hibernate.query.sqm.function.SqmFunctionRegistry - Registered SqmFunctionTemplate [org.hibernate.dialect.function.array.H2ArrayRemoveFunction@422a31de] under array_remove; prior registration was null
10:24:13.777 [main] DEBUG org.hibernate.query.sqm.function.SqmFunctionRegistry - Registered SqmFunctionTemplate [org.hibernate.dialect.function.array.H2ArrayRemoveIndexFunction@6105a62c] under array_remove_index; prior registration was null
10:24:13.777 [main] DEBUG org.hibernate.query.sqm.function.SqmFunctionRegistry - Registered SqmFunctionTemplate [org.hibernate.query.sqm.function.PatternBasedSqmFunctionDescriptor@652a1eb4] under array_slice; prior registration was null
10:24:13.777 [main] DEBUG org.hibernate.query.sqm.function.SqmFunctionRegistry - Registered SqmFunctionTemplate [org.hibernate.dialect.function.array.H2ArrayReplaceFunction@7ba86d1e] under array_replace; prior registration was null
10:24:13.777 [main] DEBUG org.hibernate.query.sqm.function.SqmFunctionRegistry - Registered SqmFunctionTemplate [org.hibernate.query.sqm.function.PatternBasedSqmFunctionDescriptor@681f1774] under array_trim; prior registration was null
10:24:13.777 [main] DEBUG org.hibernate.query.sqm.function.SqmFunctionRegistry - Registered SqmFunctionTemplate [org.hibernate.dialect.function.array.H2ArrayFillFunction@24e7f89d] under array_fill; prior registration was null
10:24:13.777 [main] DEBUG org.hibernate.query.sqm.function.SqmFunctionRegistry - Registered SqmFunctionTemplate [org.hibernate.dialect.function.array.H2ArrayFillFunction@118d9d0b] under array_fill_list; prior registration was null
10:24:13.777 [main] DEBUG org.hibernate.query.sqm.function.SqmFunctionRegistry - Registered SqmFunctionTemplate [org.hibernate.dialect.function.array.H2ArrayToStringFunction@29f5d2b9] under array_to_string; prior registration was null
10:24:13.778 [main] DEBUG org.hibernate.HQL_FUNCTIONS - abs(NUMERIC arg)
10:24:13.778 [main] DEBUG org.hibernate.HQL_FUNCTIONS - Double acos(NUMERIC arg)
10:24:13.778 [main] DEBUG org.hibernate.HQL_FUNCTIONS - Boolean any(BOOLEAN predicate)
10:24:13.778 [main] DEBUG org.hibernate.HQL_FUNCTIONS - array( ... )
10:24:13.778 [main] DEBUG org.hibernate.HQL_FUNCTIONS - array_agg(arg)
10:24:13.778 [main] DEBUG org.hibernate.HQL_FUNCTIONS - array_append( ... )
10:24:13.778 [main] DEBUG org.hibernate.HQL_FUNCTIONS - array_concat( ... )
10:24:13.778 [main] DEBUG org.hibernate.HQL_FUNCTIONS - Boolean array_contains(ARRAY haystackArray, OBJECT needleElementOrArray)
10:24:13.778 [main] DEBUG org.hibernate.HQL_FUNCTIONS - Boolean array_contains_nullable(ARRAY haystackArray, OBJECT needleElementOrArray)
10:24:13.778 [main] DEBUG org.hibernate.HQL_FUNCTIONS - array_fill(OBJECT element, INTEGER elementCount)
10:24:13.778 [main] DEBUG org.hibernate.HQL_FUNCTIONS - array_fill_list(OBJECT element, INTEGER elementCount)
10:24:13.778 [main] DEBUG org.hibernate.HQL_FUNCTIONS - array_get(ARRAY array, INTEGER index)
10:24:13.778 [main] DEBUG org.hibernate.HQL_FUNCTIONS - Integer array_length(ARRAY array)
10:24:13.778 [main] DEBUG org.hibernate.HQL_FUNCTIONS - array_list( ... )
10:24:13.778 [main] DEBUG org.hibernate.HQL_FUNCTIONS - Boolean array_overlaps(ARRAY array0, OBJECT array1)
10:24:13.778 [main] DEBUG org.hibernate.HQL_FUNCTIONS - Boolean array_overlaps_nullable(ARRAY array0, OBJECT array1)
10:24:13.778 [main] DEBUG org.hibernate.HQL_FUNCTIONS - Integer array_position(ARRAY array, OBJECT element[, INTEGER startPosition])
10:24:13.778 [main] DEBUG org.hibernate.HQL_FUNCTIONS - int[] array_positions(ARRAY array, OBJECT element)
10:24:13.778 [main] DEBUG org.hibernate.HQL_FUNCTIONS - List array_positions_list(ARRAY array, OBJECT element)
10:24:13.778 [main] DEBUG org.hibernate.HQL_FUNCTIONS - array_prepend( ... )
10:24:13.778 [main] DEBUG org.hibernate.HQL_FUNCTIONS - array_remove( ... )
10:24:13.778 [main] DEBUG org.hibernate.HQL_FUNCTIONS - array_remove_index( ... )
10:24:13.778 [main] DEBUG org.hibernate.HQL_FUNCTIONS - array_replace( ... )
10:24:13.778 [main] DEBUG org.hibernate.HQL_FUNCTIONS - array_set( ... )
10:24:13.778 [main] DEBUG org.hibernate.HQL_FUNCTIONS - array_slice(ARRAY array, INTEGER start, INTEGER end)
10:24:13.778 [main] DEBUG org.hibernate.HQL_FUNCTIONS - String array_to_string( ... )
10:24:13.778 [main] DEBUG org.hibernate.HQL_FUNCTIONS - array_trim(ARRAY array, INTEGER elementsToRemove)
10:24:13.778 [main] DEBUG org.hibernate.HQL_FUNCTIONS - Integer ascii(STRING arg)
10:24:13.778 [main] DEBUG org.hibernate.HQL_FUNCTIONS - Double asin(NUMERIC arg)
10:24:13.778 [main] DEBUG org.hibernate.HQL_FUNCTIONS - Double atan(NUMERIC arg)
10:24:13.778 [main] DEBUG org.hibernate.HQL_FUNCTIONS - Double atan2(NUMERIC arg0, NUMERIC arg1)
10:24:13.778 [main] DEBUG org.hibernate.HQL_FUNCTIONS - avg(NUMERIC arg)
10:24:13.778 [main] DEBUG org.hibernate.HQL_FUNCTIONS - bit_and(arg)
10:24:13.778 [main] DEBUG org.hibernate.HQL_FUNCTIONS - Integer bit_length(STRING_OR_CLOB arg)
10:24:13.778 [main] DEBUG org.hibernate.HQL_FUNCTIONS - bit_or(arg)
10:24:13.778 [main] DEBUG org.hibernate.HQL_FUNCTIONS - bitand(arg0, arg1)
10:24:13.778 [main] DEBUG org.hibernate.HQL_FUNCTIONS - bitnot(arg)
10:24:13.778 [main] DEBUG org.hibernate.HQL_FUNCTIONS - bitor(arg0, arg1)
10:24:13.778 [main] DEBUG org.hibernate.HQL_FUNCTIONS - bitxor(arg0, arg1)
10:24:13.778 [main] DEBUG org.hibernate.HQL_FUNCTIONS - Boolean bool_and(BOOLEAN predicate)
10:24:13.778 [main] DEBUG org.hibernate.HQL_FUNCTIONS - Boolean bool_or(BOOLEAN predicate)
10:24:13.778 [main] DEBUG org.hibernate.HQL_FUNCTIONS - cast(arg as Type)
10:24:13.778 [main] DEBUG org.hibernate.HQL_FUNCTIONS - ceiling(NUMERIC arg)
10:24:13.778 [main] DEBUG org.hibernate.HQL_FUNCTIONS - Character char(INTEGER arg)
10:24:13.778 [main] DEBUG org.hibernate.HQL_FUNCTIONS - Integer character_length(STRING_OR_CLOB arg)
10:24:13.778 [main] DEBUG org.hibernate.HQL_FUNCTIONS - Character chr(INTEGER arg)
10:24:13.778 [main] DEBUG org.hibernate.HQL_FUNCTIONS - coalesce(arg0[, arg1[, ...]])
10:24:13.778 [main] DEBUG org.hibernate.HQL_FUNCTIONS - String collate(STRING string as COLLATION collation)
10:24:13.778 [main] DEBUG org.hibernate.HQL_FUNCTIONS - String concat(STRING string0[, STRING string1[, ...]])
10:24:13.778 [main] DEBUG org.hibernate.HQL_FUNCTIONS - Double cos(NUMERIC arg)
10:24:13.778 [main] DEBUG org.hibernate.HQL_FUNCTIONS - Double cosh(NUMERIC arg)
10:24:13.778 [main] DEBUG org.hibernate.HQL_FUNCTIONS - Double cot(NUMERIC arg)
10:24:13.778 [main] DEBUG org.hibernate.HQL_FUNCTIONS - Long count([distinct ]{arg|*})
10:24:13.778 [main] DEBUG org.hibernate.HQL_FUNCTIONS - Double cume_dist([arg0[, ...]])
10:24:13.778 [main] DEBUG org.hibernate.HQL_FUNCTIONS - Date curdate()
10:24:13.778 [main] DEBUG org.hibernate.HQL_FUNCTIONS - Date current date
10:24:13.778 [main] DEBUG org.hibernate.HQL_FUNCTIONS - Time current time
10:24:13.778 [main] DEBUG org.hibernate.HQL_FUNCTIONS - Timestamp current timestamp
10:24:13.778 [main] DEBUG org.hibernate.HQL_FUNCTIONS - Date current_date
10:24:13.778 [main] DEBUG org.hibernate.HQL_FUNCTIONS - Instant current_instant
10:24:13.778 [main] DEBUG org.hibernate.HQL_FUNCTIONS - Time current_time
10:24:13.778 [main] DEBUG org.hibernate.HQL_FUNCTIONS - Timestamp current_timestamp
10:24:13.778 [main] DEBUG org.hibernate.HQL_FUNCTIONS - Time curtime()
10:24:13.778 [main] DEBUG org.hibernate.HQL_FUNCTIONS - date_trunc(STRING field, TEMPORAL datetime)
10:24:13.778 [main] DEBUG org.hibernate.HQL_FUNCTIONS - dateadd(TEMPORAL_UNIT field, INTEGER magnitude, TEMPORAL datetime)
10:24:13.778 [main] DEBUG org.hibernate.HQL_FUNCTIONS - Long|Double datediff(TEMPORAL_UNIT field, TEMPORAL start, TEMPORAL end)
10:24:13.778 [main] DEBUG org.hibernate.HQL_FUNCTIONS - Integer day(DATE arg)
10:24:13.778 [main] DEBUG org.hibernate.HQL_FUNCTIONS - Integer day_of_month(DATE arg)
10:24:13.778 [main] DEBUG org.hibernate.HQL_FUNCTIONS - Integer day_of_week(DATE arg)
10:24:13.778 [main] DEBUG org.hibernate.HQL_FUNCTIONS - Integer day_of_year(DATE arg)
10:24:13.778 [main] DEBUG org.hibernate.HQL_FUNCTIONS - String dayname(DATE arg)
10:24:13.778 [main] DEBUG org.hibernate.HQL_FUNCTIONS - Double degrees(NUMERIC arg)
10:24:13.778 [main] DEBUG org.hibernate.HQL_FUNCTIONS - Long dense_rank([arg0[, ...]])
10:24:13.778 [main] DEBUG org.hibernate.HQL_FUNCTIONS - Boolean every(BOOLEAN predicate)
10:24:13.778 [main] DEBUG org.hibernate.HQL_FUNCTIONS - Double exp(NUMERIC arg)
10:24:13.778 [main] DEBUG org.hibernate.HQL_FUNCTIONS - extract(TEMPORAL_UNIT field from TEMPORAL arg)
10:24:13.778 [main] DEBUG org.hibernate.HQL_FUNCTIONS - first_valueANY value
10:24:13.778 [main] DEBUG org.hibernate.HQL_FUNCTIONS - floor(NUMERIC arg)
10:24:13.778 [main] DEBUG org.hibernate.HQL_FUNCTIONS - String format(TEMPORAL datetime as STRING pattern)
10:24:13.778 [main] DEBUG org.hibernate.HQL_FUNCTIONS - greatest(COMPARABLE arg0, COMPARABLE arg1[, arg2[, ...]])
10:24:13.778 [main] DEBUG org.hibernate.HQL_FUNCTIONS - Integer hour(TIME arg)
10:24:13.778 [main] DEBUG org.hibernate.HQL_FUNCTIONS - ifnull(arg0, arg1)
10:24:13.778 [main] DEBUG org.hibernate.HQL_FUNCTIONS - String insert(STRING string, INTEGER start, INTEGER length, STRING replacement)
10:24:13.778 [main] DEBUG org.hibernate.HQL_FUNCTIONS - Instant instant
10:24:13.778 [main] DEBUG org.hibernate.HQL_FUNCTIONS - Integer instr(STRING string, STRING pattern[, INTEGER start[, INTEGER occurrence]])
10:24:13.778 [main] DEBUG org.hibernate.HQL_FUNCTIONS - lagANY value[, INTEGER offset[, ANY default]]
10:24:13.778 [main] DEBUG org.hibernate.HQL_FUNCTIONS - last_valueANY value
10:24:13.778 [main] DEBUG org.hibernate.HQL_FUNCTIONS - leadANY value[, INTEGER offset[, ANY default]]
10:24:13.778 [main] DEBUG org.hibernate.HQL_FUNCTIONS - least(COMPARABLE arg0, COMPARABLE arg1[, arg2[, ...]])
10:24:13.778 [main] DEBUG org.hibernate.HQL_FUNCTIONS - String left(STRING string, INTEGER length)
10:24:13.778 [main] DEBUG org.hibernate.HQL_FUNCTIONS - Integer length(STRING_OR_CLOB arg)
10:24:13.778 [main] DEBUG org.hibernate.HQL_FUNCTIONS - String listagg(STRING arg0, STRING arg1)
10:24:13.778 [main] DEBUG org.hibernate.HQL_FUNCTIONS - Double ln(NUMERIC arg)
10:24:13.778 [main] DEBUG org.hibernate.HQL_FUNCTIONS - LocalDate local date
10:24:13.778 [main] DEBUG org.hibernate.HQL_FUNCTIONS - LocalDateTime local datetime
10:24:13.778 [main] DEBUG org.hibernate.HQL_FUNCTIONS - LocalTime local time
10:24:13.778 [main] DEBUG org.hibernate.HQL_FUNCTIONS - LocalDate local_date
10:24:13.778 [main] DEBUG org.hibernate.HQL_FUNCTIONS - LocalDateTime local_datetime
10:24:13.778 [main] DEBUG org.hibernate.HQL_FUNCTIONS - LocalTime local_time
10:24:13.778 [main] DEBUG org.hibernate.HQL_FUNCTIONS - Time localtime
10:24:13.778 [main] DEBUG org.hibernate.HQL_FUNCTIONS - Timestamp localtimestamp
10:24:13.778 [main] DEBUG org.hibernate.HQL_FUNCTIONS - Integer locate(STRING pattern, STRING string[, INTEGER start])
10:24:13.778 [main] DEBUG org.hibernate.HQL_FUNCTIONS - Double log(NUMERIC base, NUMERIC arg)
10:24:13.778 [main] DEBUG org.hibernate.HQL_FUNCTIONS - Double log10(NUMERIC arg)
10:24:13.778 [main] DEBUG org.hibernate.HQL_FUNCTIONS - String lower(STRING string)
10:24:13.778 [main] DEBUG org.hibernate.HQL_FUNCTIONS - String lpad(STRING string, INTEGER length[, STRING padding])
10:24:13.778 [main] DEBUG org.hibernate.HQL_FUNCTIONS - String ltrim(STRING string)
10:24:13.778 [main] DEBUG org.hibernate.HQL_FUNCTIONS - max(COMPARABLE arg)
10:24:13.778 [main] DEBUG org.hibernate.HQL_FUNCTIONS - Double median(NUMERIC arg)
10:24:13.778 [main] DEBUG org.hibernate.HQL_FUNCTIONS - Integer microsecond(TIME arg)
10:24:13.778 [main] DEBUG org.hibernate.HQL_FUNCTIONS - min(COMPARABLE arg)
10:24:13.778 [main] DEBUG org.hibernate.HQL_FUNCTIONS - Integer minute(TIME arg)
10:24:13.778 [main] DEBUG org.hibernate.HQL_FUNCTIONS - Integer mod(INTEGER arg0, INTEGER arg1)
10:24:13.778 [main] DEBUG org.hibernate.HQL_FUNCTIONS - mode()
10:24:13.778 [main] DEBUG org.hibernate.HQL_FUNCTIONS - Integer month(DATE arg)
10:24:13.778 [main] DEBUG org.hibernate.HQL_FUNCTIONS - String monthname(DATE arg)
10:24:13.778 [main] DEBUG org.hibernate.HQL_FUNCTIONS - Timestamp now()
10:24:13.778 [main] DEBUG org.hibernate.HQL_FUNCTIONS - nth_valueANY value, INTEGER nth
10:24:13.778 [main] DEBUG org.hibernate.HQL_FUNCTIONS - nullif(arg0, arg1)
10:24:13.778 [main] DEBUG org.hibernate.HQL_FUNCTIONS - Integer octet_length(STRING_OR_CLOB arg)
10:24:13.778 [main] DEBUG org.hibernate.HQL_FUNCTIONS - OffsetDateTime offset datetime
10:24:13.778 [main] DEBUG org.hibernate.HQL_FUNCTIONS - OffsetDateTime offset_datetime
10:24:13.778 [main] DEBUG org.hibernate.HQL_FUNCTIONS - String overlay(STRING string placing STRING replacement from INTEGER start[ for INTEGER length])
10:24:13.778 [main] DEBUG org.hibernate.HQL_FUNCTIONS - String pad(STRING string with INTEGER length {leading|trailing}[ STRING character])
10:24:13.778 [main] DEBUG org.hibernate.HQL_FUNCTIONS - Double percent_rank([arg0[, ...]])
10:24:13.778 [main] DEBUG org.hibernate.HQL_FUNCTIONS - percentile_cont(NUMERIC arg)
10:24:13.778 [main] DEBUG org.hibernate.HQL_FUNCTIONS - percentile_disc(NUMERIC arg)
10:24:13.778 [main] DEBUG org.hibernate.HQL_FUNCTIONS - Double pi
10:24:13.778 [main] DEBUG org.hibernate.HQL_FUNCTIONS - Integer position(STRING pattern in STRING string)
10:24:13.778 [main] DEBUG org.hibernate.HQL_FUNCTIONS - Double power(NUMERIC arg0, NUMERIC arg1)
10:24:13.778 [main] DEBUG org.hibernate.HQL_FUNCTIONS - Integer quarter(DATE arg)
10:24:13.778 [main] DEBUG org.hibernate.HQL_FUNCTIONS - Double radians(NUMERIC arg)
10:24:13.778 [main] DEBUG org.hibernate.HQL_FUNCTIONS - Double rand([INTEGER seed])
10:24:13.778 [main] DEBUG org.hibernate.HQL_FUNCTIONS - Long rank([arg0[, ...]])
10:24:13.778 [main] DEBUG org.hibernate.HQL_FUNCTIONS - String repeat(STRING string, INTEGER times)
10:24:13.778 [main] DEBUG org.hibernate.HQL_FUNCTIONS - String replace(STRING string, STRING pattern, STRING replacement)
10:24:13.778 [main] DEBUG org.hibernate.HQL_FUNCTIONS - String right(STRING string, INTEGER length)
10:24:13.778 [main] DEBUG org.hibernate.HQL_FUNCTIONS - round(NUMERIC number[, INTEGER places])
10:24:13.778 [main] DEBUG org.hibernate.HQL_FUNCTIONS - Long row_number()
10:24:13.778 [main] DEBUG org.hibernate.HQL_FUNCTIONS - Long rownum()
10:24:13.778 [main] DEBUG org.hibernate.HQL_FUNCTIONS - String rpad(STRING string, INTEGER length[, STRING padding])
10:24:13.778 [main] DEBUG org.hibernate.HQL_FUNCTIONS - String rtrim(STRING string)
10:24:13.778 [main] DEBUG org.hibernate.HQL_FUNCTIONS - Integer second(TIME arg)
10:24:13.778 [main] DEBUG org.hibernate.HQL_FUNCTIONS - Integer sign(NUMERIC arg)
10:24:13.778 [main] DEBUG org.hibernate.HQL_FUNCTIONS - Double sin(NUMERIC arg)
10:24:13.778 [main] DEBUG org.hibernate.HQL_FUNCTIONS - Double sinh(NUMERIC arg)
10:24:13.778 [main] DEBUG org.hibernate.HQL_FUNCTIONS - String soundex(arg)
10:24:13.778 [main] DEBUG org.hibernate.HQL_FUNCTIONS - String space(INTEGER arg)
10:24:13.778 [main] DEBUG org.hibernate.HQL_FUNCTIONS - Object sql
10:24:13.778 [main] DEBUG org.hibernate.HQL_FUNCTIONS - Double sqrt(NUMERIC arg)
10:24:13.778 [main] DEBUG org.hibernate.HQL_FUNCTIONS - Double stddev_pop(NUMERIC arg)
10:24:13.778 [main] DEBUG org.hibernate.HQL_FUNCTIONS - Double stddev_samp(NUMERIC arg)
10:24:13.778 [main] DEBUG org.hibernate.HQL_FUNCTIONS - String str(arg)
10:24:13.778 [main] DEBUG org.hibernate.HQL_FUNCTIONS - String substr(STRING string, INTEGER start[, INTEGER length])
10:24:13.778 [main] DEBUG org.hibernate.HQL_FUNCTIONS - String substring(STRING string{ from|,} INTEGER start[{ for|,} INTEGER length])
10:24:13.778 [main] DEBUG org.hibernate.HQL_FUNCTIONS - sum(arg)
10:24:13.778 [main] DEBUG org.hibernate.HQL_FUNCTIONS - Timestamp sysdate
10:24:13.778 [main] DEBUG org.hibernate.HQL_FUNCTIONS - Double tan(NUMERIC arg)
10:24:13.778 [main] DEBUG org.hibernate.HQL_FUNCTIONS - Double tanh(NUMERIC arg)
10:24:13.778 [main] DEBUG org.hibernate.HQL_FUNCTIONS - timestampadd(TEMPORAL_UNIT field, INTEGER magnitude, TEMPORAL datetime)
10:24:13.778 [main] DEBUG org.hibernate.HQL_FUNCTIONS - Long|Double timestampdiff(TEMPORAL_UNIT field, TEMPORAL start, TEMPORAL end)
10:24:13.778 [main] DEBUG org.hibernate.HQL_FUNCTIONS - String translate(STRING arg0, STRING arg1, STRING arg2)
10:24:13.778 [main] DEBUG org.hibernate.HQL_FUNCTIONS - String trim([[{leading|trailing|both} ][STRING arg0 ]from] STRING arg1)
10:24:13.778 [main] DEBUG org.hibernate.HQL_FUNCTIONS - trunc( ... )
10:24:13.778 [main] DEBUG org.hibernate.HQL_FUNCTIONS - truncate( ... )
10:24:13.778 [main] DEBUG org.hibernate.HQL_FUNCTIONS - String upper(STRING string)
10:24:13.778 [main] DEBUG org.hibernate.HQL_FUNCTIONS - Double var_pop(NUMERIC arg)
10:24:13.778 [main] DEBUG org.hibernate.HQL_FUNCTIONS - Double var_samp(NUMERIC arg)
10:24:13.778 [main] DEBUG org.hibernate.HQL_FUNCTIONS - Integer week(DATE arg)
10:24:13.778 [main] DEBUG org.hibernate.HQL_FUNCTIONS - Integer year(DATE arg)
10:24:13.778 [main] DEBUG org.hibernate.orm.query.plan.cache - Starting QueryInterpretationCache(2048)
10:24:13.778 [main] DEBUG org.hibernate.service.internal.SessionFactoryServiceRegistryImpl - EventListenerRegistry access via ServiceRegistry is deprecated.  Use `sessionFactory.getEventEngine().getListenerRegistry()` instead
10:24:13.778 [main] DEBUG org.hibernate.event.internal.EntityCopyObserverFactoryInitiator - Configured EntityCopyObserver strategy: disallow
10:24:13.780 [main] DEBUG org.hibernate.boot.internal.ClassLoaderAccessImpl - Not known whether passed class name [org.frcpm.models.Attendance] is safe
10:24:13.780 [main] DEBUG org.hibernate.boot.internal.ClassLoaderAccessImpl - No temp ClassLoader provided; using live ClassLoader for loading potentially unsafe class : org.frcpm.models.Attendance
10:24:13.785 [main] DEBUG org.hibernate.bytecode.internal.bytebuddy.BytecodeProviderImpl - HHH000513: Unable to create the ReflectionOptimizer for [org.frcpm.models.Attendance]: private accessor [arrivalTime]
10:24:13.786 [main] DEBUG org.hibernate.boot.internal.ClassLoaderAccessImpl - Not known whether passed class name [org.frcpm.models.Meeting] is safe
10:24:13.786 [main] DEBUG org.hibernate.boot.internal.ClassLoaderAccessImpl - No temp ClassLoader provided; using live ClassLoader for loading potentially unsafe class : org.frcpm.models.Meeting
10:24:13.790 [main] DEBUG org.hibernate.bytecode.internal.bytebuddy.BytecodeProviderImpl - HHH000513: Unable to create the ReflectionOptimizer for [org.frcpm.models.Meeting]: private accessor [attendances]
10:24:13.790 [main] DEBUG org.hibernate.boot.internal.ClassLoaderAccessImpl - Not known whether passed class name [org.frcpm.models.Subsystem] is safe
10:24:13.790 [main] DEBUG org.hibernate.boot.internal.ClassLoaderAccessImpl - No temp ClassLoader provided; using live ClassLoader for loading potentially unsafe class : org.frcpm.models.Subsystem
10:24:13.794 [main] DEBUG org.hibernate.bytecode.internal.bytebuddy.BytecodeProviderImpl - HHH000513: Unable to create the ReflectionOptimizer for [org.frcpm.models.Subsystem]: private accessor [description]
10:24:13.795 [main] DEBUG org.hibernate.boot.internal.ClassLoaderAccessImpl - Not known whether passed class name [org.frcpm.models.Component] is safe
10:24:13.795 [main] DEBUG org.hibernate.boot.internal.ClassLoaderAccessImpl - No temp ClassLoader provided; using live ClassLoader for loading potentially unsafe class : org.frcpm.models.Component
10:24:13.803 [main] DEBUG org.hibernate.bytecode.internal.bytebuddy.BytecodeProviderImpl - HHH000513: Unable to create the ReflectionOptimizer for [org.frcpm.models.Component]: private accessor [actualDelivery]
10:24:13.804 [main] DEBUG org.hibernate.boot.internal.ClassLoaderAccessImpl - Not known whether passed class name [org.frcpm.models.Milestone] is safe
10:24:13.804 [main] DEBUG org.hibernate.boot.internal.ClassLoaderAccessImpl - No temp ClassLoader provided; using live ClassLoader for loading potentially unsafe class : org.frcpm.models.Milestone
10:24:13.810 [main] DEBUG org.hibernate.bytecode.internal.bytebuddy.BytecodeProviderImpl - HHH000513: Unable to create the ReflectionOptimizer for [org.frcpm.models.Milestone]: private accessor [date]
10:24:13.811 [main] DEBUG org.hibernate.boot.internal.ClassLoaderAccessImpl - Not known whether passed class name [org.frcpm.models.Project] is safe
10:24:13.811 [main] DEBUG org.hibernate.boot.internal.ClassLoaderAccessImpl - No temp ClassLoader provided; using live ClassLoader for loading potentially unsafe class : org.frcpm.models.Project
10:24:13.820 [main] DEBUG org.hibernate.bytecode.internal.bytebuddy.BytecodeProviderImpl - HHH000513: Unable to create the ReflectionOptimizer for [org.frcpm.models.Project]: private accessor [description]
10:24:13.821 [main] DEBUG org.hibernate.boot.internal.ClassLoaderAccessImpl - Not known whether passed class name [org.frcpm.models.Subteam] is safe
10:24:13.821 [main] DEBUG org.hibernate.boot.internal.ClassLoaderAccessImpl - No temp ClassLoader provided; using live ClassLoader for loading potentially unsafe class : org.frcpm.models.Subteam
10:24:13.823 [FRC-PM-HikariCP housekeeper] DEBUG com.zaxxer.hikari.pool.HikariPool - FRC-PM-HikariCP - Before cleanup stats (total=1, active=0, idle=1, waiting=0)
10:24:13.823 [FRC-PM-HikariCP housekeeper] DEBUG com.zaxxer.hikari.pool.HikariPool - FRC-PM-HikariCP - After cleanup  stats (total=1, active=0, idle=1, waiting=0)
10:24:13.826 [main] DEBUG org.hibernate.bytecode.internal.bytebuddy.BytecodeProviderImpl - HHH000513: Unable to create the ReflectionOptimizer for [org.frcpm.models.Subteam]: private accessor [colorCode]
10:24:13.826 [FRC-PM-HikariCP connection adder] DEBUG com.zaxxer.hikari.pool.HikariPool - FRC-PM-HikariCP - Added connection conn11: url=jdbc:h2:file:C:\Users\dhiebert\.frcpm\frcpm user=SA
10:24:13.826 [main] DEBUG org.hibernate.boot.internal.ClassLoaderAccessImpl - Not known whether passed class name [org.frcpm.models.Task] is safe
10:24:13.826 [main] DEBUG org.hibernate.boot.internal.ClassLoaderAccessImpl - No temp ClassLoader provided; using live ClassLoader for loading potentially unsafe class : org.frcpm.models.Task
10:24:13.835 [main] DEBUG org.hibernate.bytecode.internal.bytebuddy.BytecodeProviderImpl - HHH000513: Unable to create the ReflectionOptimizer for [org.frcpm.models.Task]: private accessor [actualDurationSeconds]
10:24:13.836 [main] DEBUG org.hibernate.boot.internal.ClassLoaderAccessImpl - Not known whether passed class name [org.frcpm.models.TeamMember] is safe
10:24:13.836 [main] DEBUG org.hibernate.boot.internal.ClassLoaderAccessImpl - No temp ClassLoader provided; using live ClassLoader for loading potentially unsafe class : org.frcpm.models.TeamMember
10:24:13.844 [main] DEBUG org.hibernate.bytecode.internal.bytebuddy.BytecodeProviderImpl - HHH000513: Unable to create the ReflectionOptimizer for [org.frcpm.models.TeamMember]: private accessor [assignedTasks]
10:24:13.844 [main] DEBUG org.hibernate.orm.jdbc.mutation - Skipping collection row updates - org.frcpm.models.Task.assignedTo
10:24:13.844 [main] DEBUG org.hibernate.orm.jdbc.mutation - Skipping collection (re)creation - org.frcpm.models.Subsystem.tasks
10:24:13.844 [main] DEBUG org.hibernate.orm.jdbc.mutation - Skipping collection row deletions - org.frcpm.models.Subsystem.tasks
10:24:13.844 [main] DEBUG org.hibernate.orm.jdbc.mutation - Skipping collection removals - org.frcpm.models.Subsystem.tasks
10:24:13.844 [main] DEBUG org.hibernate.orm.jdbc.mutation - Skipping collection (re)creation - org.frcpm.models.Subteam.members
10:24:13.844 [main] DEBUG org.hibernate.orm.jdbc.mutation - Skipping collection row deletions - org.frcpm.models.Subteam.members
10:24:13.844 [main] DEBUG org.hibernate.orm.jdbc.mutation - Skipping collection removals - org.frcpm.models.Subteam.members
10:24:13.845 [main] DEBUG org.hibernate.orm.jdbc.mutation - Skipping collection (re)creation - org.frcpm.models.TeamMember.attendances
10:24:13.845 [main] DEBUG org.hibernate.orm.jdbc.mutation - Skipping collection row deletions - org.frcpm.models.TeamMember.attendances
10:24:13.845 [main] DEBUG org.hibernate.orm.jdbc.mutation - Skipping collection removals - org.frcpm.models.TeamMember.attendances
10:24:13.845 [main] DEBUG org.hibernate.orm.jdbc.mutation - Skipping collection row updates - org.frcpm.models.Task.requiredComponents
10:24:13.845 [main] DEBUG org.hibernate.orm.jdbc.mutation - Skipping collection (re)creation - org.frcpm.models.Subteam.subsystems
10:24:13.845 [main] DEBUG org.hibernate.orm.jdbc.mutation - Skipping collection row deletions - org.frcpm.models.Subteam.subsystems
10:24:13.845 [main] DEBUG org.hibernate.orm.jdbc.mutation - Skipping collection removals - org.frcpm.models.Subteam.subsystems
10:24:13.845 [main] DEBUG org.hibernate.orm.jdbc.mutation - Skipping collection row updates - org.frcpm.models.Task.preDependencies
10:24:13.845 [main] DEBUG org.hibernate.orm.jdbc.mutation - Skipping collection (re)creation - org.frcpm.models.Project.milestones
10:24:13.845 [main] DEBUG org.hibernate.orm.jdbc.mutation - Skipping collection row deletions - org.frcpm.models.Project.milestones
10:24:13.845 [main] DEBUG org.hibernate.orm.jdbc.mutation - Skipping collection removals - org.frcpm.models.Project.milestones
10:24:13.845 [main] DEBUG org.hibernate.orm.jdbc.mutation - Skipping collection inserts - org.frcpm.models.Component.requiredForTasks
10:24:13.845 [main] DEBUG org.hibernate.orm.jdbc.mutation - Skipping collection row updates - org.frcpm.models.Component.requiredForTasks
10:24:13.845 [main] DEBUG org.hibernate.orm.jdbc.mutation - Skipping collection row deletions - org.frcpm.models.Component.requiredForTasks
10:24:13.845 [main] DEBUG org.hibernate.orm.jdbc.mutation - Skipping collection removals - org.frcpm.models.Component.requiredForTasks
10:24:13.845 [main] DEBUG org.hibernate.orm.jdbc.mutation - Skipping collection (re)creation - org.frcpm.models.Project.meetings
10:24:13.845 [main] DEBUG org.hibernate.orm.jdbc.mutation - Skipping collection row deletions - org.frcpm.models.Project.meetings
10:24:13.845 [main] DEBUG org.hibernate.orm.jdbc.mutation - Skipping collection removals - org.frcpm.models.Project.meetings
10:24:13.845 [main] DEBUG org.hibernate.orm.jdbc.mutation - Skipping collection inserts - org.frcpm.models.TeamMember.assignedTasks
10:24:13.845 [main] DEBUG org.hibernate.orm.jdbc.mutation - Skipping collection row updates - org.frcpm.models.TeamMember.assignedTasks
10:24:13.845 [main] DEBUG org.hibernate.orm.jdbc.mutation - Skipping collection row deletions - org.frcpm.models.TeamMember.assignedTasks
10:24:13.845 [main] DEBUG org.hibernate.orm.jdbc.mutation - Skipping collection removals - org.frcpm.models.TeamMember.assignedTasks
10:24:13.845 [main] DEBUG org.hibernate.orm.jdbc.mutation - Skipping collection (re)creation - org.frcpm.models.Meeting.attendances
10:24:13.845 [main] DEBUG org.hibernate.orm.jdbc.mutation - Skipping collection row deletions - org.frcpm.models.Meeting.attendances
10:24:13.845 [main] DEBUG org.hibernate.orm.jdbc.mutation - Skipping collection removals - org.frcpm.models.Meeting.attendances
10:24:13.845 [main] DEBUG org.hibernate.orm.jdbc.mutation - Skipping collection inserts - org.frcpm.models.Task.postDependencies
10:24:13.845 [main] DEBUG org.hibernate.orm.jdbc.mutation - Skipping collection row updates - org.frcpm.models.Task.postDependencies
10:24:13.845 [main] DEBUG org.hibernate.orm.jdbc.mutation - Skipping collection row deletions - org.frcpm.models.Task.postDependencies
10:24:13.845 [main] DEBUG org.hibernate.orm.jdbc.mutation - Skipping collection removals - org.frcpm.models.Task.postDependencies
10:24:13.845 [main] DEBUG org.hibernate.orm.jdbc.mutation - Skipping collection (re)creation - org.frcpm.models.Project.tasks
10:24:13.845 [main] DEBUG org.hibernate.orm.jdbc.mutation - Skipping collection row deletions - org.frcpm.models.Project.tasks
10:24:13.845 [main] DEBUG org.hibernate.orm.jdbc.mutation - Skipping collection removals - org.frcpm.models.Project.tasks
10:24:13.851 [main] DEBUG org.hibernate.orm.model.mapping.creation - Starting post-init callbacks
10:24:13.851 [main] DEBUG org.hibernate.orm.model.mapping.creation - Starting PostInitCallbackEntry : To-one key - NavigableRole[org.frcpm.models.Attendance.meeting]
10:24:13.851 [main] DEBUG org.hibernate.orm.model.mapping.creation - Starting PostInitCallbackEntry : To-one key - NavigableRole[org.frcpm.models.Attendance.member]
10:24:13.851 [main] DEBUG org.hibernate.orm.model.mapping.creation - Starting PostInitCallbackEntry : Entity(org.frcpm.models.Attendance) `staticFetchableList` generator
10:24:13.851 [main] DEBUG org.hibernate.orm.model.mapping.creation - Starting PostInitCallbackEntry : PluralAttributeMapping( NavigableRole[org.frcpm.models.Meeting.attendances#{element}]) - element descriptor
10:24:13.851 [main] DEBUG org.hibernate.orm.model.mapping.creation - Starting PostInitCallbackEntry : PluralAttributeMapping(org.frcpm.models.Meeting.attendances)#finishInitialization
10:24:13.851 [main] DEBUG org.hibernate.orm.model.mapping.creation - Starting PostInitCallbackEntry : PluralAttributeMapping(org.frcpm.models.Meeting.attendances) - key descriptor
10:24:13.851 [main] DEBUG org.hibernate.orm.model.mapping.creation - Starting PostInitCallbackEntry : To-one key - NavigableRole[org.frcpm.models.Meeting.project]
10:24:13.851 [main] DEBUG org.hibernate.orm.model.mapping.creation - Starting PostInitCallbackEntry : Entity(org.frcpm.models.Meeting) `staticFetchableList` generator
10:24:13.851 [main] DEBUG org.hibernate.orm.model.mapping.creation - Starting PostInitCallbackEntry : To-one key - NavigableRole[org.frcpm.models.Subsystem.responsibleSubteam]
10:24:13.851 [main] DEBUG org.hibernate.orm.model.mapping.creation - Starting PostInitCallbackEntry : PluralAttributeMapping( NavigableRole[org.frcpm.models.Subsystem.tasks#{element}]) - element descriptor
10:24:13.851 [main] DEBUG org.hibernate.orm.model.mapping.creation - Starting PostInitCallbackEntry : PluralAttributeMapping(org.frcpm.models.Subsystem.tasks)#finishInitialization
10:24:13.851 [main] DEBUG org.hibernate.orm.model.mapping.creation - Starting PostInitCallbackEntry : PluralAttributeMapping(org.frcpm.models.Subsystem.tasks) - key descriptor
10:24:13.851 [main] DEBUG org.hibernate.orm.model.mapping.creation - Starting PostInitCallbackEntry : Entity(org.frcpm.models.Subsystem) `staticFetchableList` generator
10:24:13.851 [main] DEBUG org.hibernate.orm.model.mapping.creation - Starting PostInitCallbackEntry : PluralAttributeMapping( NavigableRole[org.frcpm.models.Component.requiredForTasks#{element}]) - element descriptor
10:24:13.851 [main] DEBUG org.hibernate.orm.model.mapping.creation - Starting PostInitCallbackEntry : PluralAttributeMapping(org.frcpm.models.Component.requiredForTasks)#finishInitialization
10:24:13.851 [main] DEBUG org.hibernate.orm.model.mapping.creation - Starting PostInitCallbackEntry : PluralAttributeMapping(org.frcpm.models.Component.requiredForTasks) - key descriptor
10:24:13.851 [main] DEBUG org.hibernate.orm.model.mapping.creation - Starting PostInitCallbackEntry : Entity(org.frcpm.models.Component) `staticFetchableList` generator
10:24:13.851 [main] DEBUG org.hibernate.orm.model.mapping.creation - Starting PostInitCallbackEntry : To-one key - NavigableRole[org.frcpm.models.Milestone.project]
10:24:13.851 [main] DEBUG org.hibernate.orm.model.mapping.creation - Starting PostInitCallbackEntry : Entity(org.frcpm.models.Milestone) `staticFetchableList` generator
10:24:13.851 [main] DEBUG org.hibernate.orm.model.mapping.creation - Starting PostInitCallbackEntry : PluralAttributeMapping( NavigableRole[org.frcpm.models.Project.meetings#{element}]) - element descriptor
10:24:13.851 [main] DEBUG org.hibernate.orm.model.mapping.creation - Starting PostInitCallbackEntry : PluralAttributeMapping(org.frcpm.models.Project.meetings)#finishInitialization
10:24:13.851 [main] DEBUG org.hibernate.orm.model.mapping.creation - Starting PostInitCallbackEntry : PluralAttributeMapping(org.frcpm.models.Project.meetings) - key descriptor
10:24:13.851 [main] DEBUG org.hibernate.orm.model.mapping.creation - Starting PostInitCallbackEntry : PluralAttributeMapping( NavigableRole[org.frcpm.models.Project.milestones#{element}]) - element descriptor
10:24:13.851 [main] DEBUG org.hibernate.orm.model.mapping.creation - Starting PostInitCallbackEntry : PluralAttributeMapping(org.frcpm.models.Project.milestones)#finishInitialization
10:24:13.851 [main] DEBUG org.hibernate.orm.model.mapping.creation - Starting PostInitCallbackEntry : PluralAttributeMapping(org.frcpm.models.Project.milestones) - key descriptor
10:24:13.851 [main] DEBUG org.hibernate.orm.model.mapping.creation - Starting PostInitCallbackEntry : PluralAttributeMapping( NavigableRole[org.frcpm.models.Project.tasks#{element}]) - element descriptor
10:24:13.851 [main] DEBUG org.hibernate.orm.model.mapping.creation - Starting PostInitCallbackEntry : PluralAttributeMapping(org.frcpm.models.Project.tasks)#finishInitialization
10:24:13.851 [main] DEBUG org.hibernate.orm.model.mapping.creation - Starting PostInitCallbackEntry : PluralAttributeMapping(org.frcpm.models.Project.tasks) - key descriptor
10:24:13.851 [main] DEBUG org.hibernate.orm.model.mapping.creation - Starting PostInitCallbackEntry : Entity(org.frcpm.models.Project) `staticFetchableList` generator
10:24:13.851 [main] DEBUG org.hibernate.orm.model.mapping.creation - Starting PostInitCallbackEntry : PluralAttributeMapping( NavigableRole[org.frcpm.models.Subteam.members#{element}]) - element descriptor
10:24:13.851 [main] DEBUG org.hibernate.orm.model.mapping.creation - Starting PostInitCallbackEntry : PluralAttributeMapping(org.frcpm.models.Subteam.members)#finishInitialization
10:24:13.851 [main] DEBUG org.hibernate.orm.model.mapping.creation - Starting PostInitCallbackEntry : PluralAttributeMapping(org.frcpm.models.Subteam.members) - key descriptor
10:24:13.851 [main] DEBUG org.hibernate.orm.model.mapping.creation - Starting PostInitCallbackEntry : PluralAttributeMapping( NavigableRole[org.frcpm.models.Subteam.subsystems#{element}]) - element descriptor
10:24:13.851 [main] DEBUG org.hibernate.orm.model.mapping.creation - Starting PostInitCallbackEntry : PluralAttributeMapping(org.frcpm.models.Subteam.subsystems)#finishInitialization
10:24:13.851 [main] DEBUG org.hibernate.orm.model.mapping.creation - Starting PostInitCallbackEntry : PluralAttributeMapping(org.frcpm.models.Subteam.subsystems) - key descriptor
10:24:13.851 [main] DEBUG org.hibernate.orm.model.mapping.creation - Starting PostInitCallbackEntry : Entity(org.frcpm.models.Subteam) `staticFetchableList` generator
10:24:13.851 [main] DEBUG org.hibernate.orm.model.mapping.creation - Starting PostInitCallbackEntry : PluralAttributeMapping( NavigableRole[org.frcpm.models.Task.assignedTo#{element}]) - element descriptor
10:24:13.851 [main] DEBUG org.hibernate.orm.model.mapping.creation - Starting PostInitCallbackEntry : PluralAttributeMapping(org.frcpm.models.Task.assignedTo)#finishInitialization
10:24:13.851 [main] DEBUG org.hibernate.orm.model.mapping.creation - Starting PostInitCallbackEntry : PluralAttributeMapping(org.frcpm.models.Task.assignedTo) - key descriptor
10:24:13.851 [main] DEBUG org.hibernate.orm.model.mapping.creation - Starting PostInitCallbackEntry : PluralAttributeMapping( NavigableRole[org.frcpm.models.Task.postDependencies#{element}]) - element descriptor
10:24:13.851 [main] DEBUG org.hibernate.orm.model.mapping.creation - Starting PostInitCallbackEntry : PluralAttributeMapping(org.frcpm.models.Task.postDependencies)#finishInitialization
10:24:13.851 [main] DEBUG org.hibernate.orm.model.mapping.creation - Starting PostInitCallbackEntry : PluralAttributeMapping(org.frcpm.models.Task.postDependencies) - key descriptor
10:24:13.851 [main] DEBUG org.hibernate.orm.model.mapping.creation - Starting PostInitCallbackEntry : PluralAttributeMapping( NavigableRole[org.frcpm.models.Task.preDependencies#{element}]) - element descriptor
10:24:13.851 [main] DEBUG org.hibernate.orm.model.mapping.creation - Starting PostInitCallbackEntry : PluralAttributeMapping(org.frcpm.models.Task.preDependencies)#finishInitialization
10:24:13.851 [main] DEBUG org.hibernate.orm.model.mapping.creation - Starting PostInitCallbackEntry : PluralAttributeMapping(org.frcpm.models.Task.preDependencies) - key descriptor
10:24:13.851 [main] DEBUG org.hibernate.orm.model.mapping.creation - Starting PostInitCallbackEntry : To-one key - NavigableRole[org.frcpm.models.Task.project]
10:24:13.851 [main] DEBUG org.hibernate.orm.model.mapping.creation - Starting PostInitCallbackEntry : PluralAttributeMapping( NavigableRole[org.frcpm.models.Task.requiredComponents#{element}]) - element descriptor
10:24:13.851 [main] DEBUG org.hibernate.orm.model.mapping.creation - Starting PostInitCallbackEntry : PluralAttributeMapping(org.frcpm.models.Task.requiredComponents)#finishInitialization
10:24:13.851 [main] DEBUG org.hibernate.orm.model.mapping.creation - Starting PostInitCallbackEntry : PluralAttributeMapping(org.frcpm.models.Task.requiredComponents) - key descriptor
10:24:13.851 [main] DEBUG org.hibernate.orm.model.mapping.creation - Starting PostInitCallbackEntry : To-one key - NavigableRole[org.frcpm.models.Task.subsystem]
10:24:13.851 [main] DEBUG org.hibernate.orm.model.mapping.creation - Starting PostInitCallbackEntry : Entity(org.frcpm.models.Task) `staticFetchableList` generator
10:24:13.851 [main] DEBUG org.hibernate.orm.model.mapping.creation - Starting PostInitCallbackEntry : PluralAttributeMapping( NavigableRole[org.frcpm.models.TeamMember.assignedTasks#{element}]) - element descriptor
10:24:13.851 [main] DEBUG org.hibernate.orm.model.mapping.creation - Starting PostInitCallbackEntry : PluralAttributeMapping(org.frcpm.models.TeamMember.assignedTasks)#finishInitialization
10:24:13.851 [main] DEBUG org.hibernate.orm.model.mapping.creation - Starting PostInitCallbackEntry : PluralAttributeMapping(org.frcpm.models.TeamMember.assignedTasks) - key descriptor
10:24:13.851 [main] DEBUG org.hibernate.orm.model.mapping.creation - Starting PostInitCallbackEntry : PluralAttributeMapping( NavigableRole[org.frcpm.models.TeamMember.attendances#{element}]) - element descriptor
10:24:13.851 [main] DEBUG org.hibernate.orm.model.mapping.creation - Starting PostInitCallbackEntry : PluralAttributeMapping(org.frcpm.models.TeamMember.attendances)#finishInitialization
10:24:13.851 [main] DEBUG org.hibernate.orm.model.mapping.creation - Starting PostInitCallbackEntry : PluralAttributeMapping(org.frcpm.models.TeamMember.attendances) - key descriptor
10:24:13.851 [main] DEBUG org.hibernate.orm.model.mapping.creation - Starting PostInitCallbackEntry : To-one key - NavigableRole[org.frcpm.models.TeamMember.subteam]
10:24:13.851 [main] DEBUG org.hibernate.orm.model.mapping.creation - Starting PostInitCallbackEntry : Entity(org.frcpm.models.TeamMember) `staticFetchableList` generator
10:24:13.851 [main] DEBUG org.hibernate.orm.model.mapping.creation - Starting PostInitCallbackEntry : PluralAttributeMapping( NavigableRole[org.frcpm.models.Meeting.attendances#{element}]) - element descriptor
10:24:13.851 [main] DEBUG org.hibernate.orm.model.mapping.creation - Starting PostInitCallbackEntry : PluralAttributeMapping( NavigableRole[org.frcpm.models.Subsystem.tasks#{element}]) - element descriptor
10:24:13.851 [main] DEBUG org.hibernate.orm.model.mapping.creation - Starting PostInitCallbackEntry : PluralAttributeMapping( NavigableRole[org.frcpm.models.Component.requiredForTasks#{element}]) - element descriptor
10:24:13.851 [main] DEBUG org.hibernate.orm.model.mapping.creation - Starting PostInitCallbackEntry : PluralAttributeMapping( NavigableRole[org.frcpm.models.Project.meetings#{element}]) - element descriptor
10:24:13.851 [main] DEBUG org.hibernate.orm.model.mapping.creation - Starting PostInitCallbackEntry : PluralAttributeMapping( NavigableRole[org.frcpm.models.Project.milestones#{element}]) - element descriptor
10:24:13.851 [main] DEBUG org.hibernate.orm.model.mapping.creation - Starting PostInitCallbackEntry : PluralAttributeMapping( NavigableRole[org.frcpm.models.Project.tasks#{element}]) - element descriptor
10:24:13.851 [main] DEBUG org.hibernate.orm.model.mapping.creation - Starting PostInitCallbackEntry : PluralAttributeMapping( NavigableRole[org.frcpm.models.Subteam.members#{element}]) - element descriptor
10:24:13.851 [main] DEBUG org.hibernate.orm.model.mapping.creation - Starting PostInitCallbackEntry : PluralAttributeMapping( NavigableRole[org.frcpm.models.Subteam.subsystems#{element}]) - element descriptor
10:24:13.851 [main] DEBUG org.hibernate.orm.model.mapping.creation - Starting PostInitCallbackEntry : PluralAttributeMapping( NavigableRole[org.frcpm.models.Task.postDependencies#{element}]) - element descriptor
10:24:13.851 [main] DEBUG org.hibernate.orm.model.mapping.creation - Starting PostInitCallbackEntry : PluralAttributeMapping( NavigableRole[org.frcpm.models.TeamMember.attendances#{element}]) - element descriptor
10:24:13.854 [main] DEBUG org.hibernate.orm.sql.ast.create - Created new SQL alias : a1_0
10:24:13.854 [main] DEBUG org.hibernate.orm.sql.ast.create - Registration of TableGroup [StandardTableGroup(org.frcpm.models.Attendance)] with identifierForTableGroup [org.frcpm.models.Attendance] for NavigablePath [org.frcpm.models.Attendance] 
10:24:13.854 [main] DEBUG org.hibernate.orm.sql.ast.create - Registration of TableGroup [org.hibernate.sql.ast.tree.from.LazyTableGroup@14adaae3] with identifierForTableGroup [org.frcpm.models.Attendance.meeting] for NavigablePath [org.frcpm.models.Attendance.meeting] 
10:24:13.855 [main] DEBUG org.hibernate.orm.sql.ast.create - Registration of TableGroup [org.hibernate.sql.ast.tree.from.LazyTableGroup@41567cfb] with identifierForTableGroup [org.frcpm.models.Attendance.member] for NavigablePath [org.frcpm.models.Attendance.member] 
10:24:13.855 [main] DEBUG org.hibernate.orm.results.graph.AST - DomainResult Graph:
 \-EntityResultImpl [org.frcpm.models.Attendance]
 |  +-BasicFetch [org.frcpm.models.Attendance.arrivalTime]
 |  +-BasicFetch [org.frcpm.models.Attendance.departureTime]
 |  +-EntityDelayedFetchImpl [org.frcpm.models.Attendance.meeting]
 |  +-EntityDelayedFetchImpl [org.frcpm.models.Attendance.member]
 |  \-BasicFetch [org.frcpm.models.Attendance.present]

10:24:13.855 [main] DEBUG org.hibernate.orm.sql.ast.tree - SQL AST Tree:
    SelectStatement {
      FromClause {
        StandardTableGroup (a1 : org.frcpm.models.Attendance) {
          primaryTableReference : attendances as a1_0
          TableGroupJoins {
            left  join LazyTableGroup (m1 : org.frcpm.models.Attendance.meeting) {
            }
            left  join LazyTableGroup (m2 : org.frcpm.models.Attendance.member) {
            }
          }
        }
      }
    }

10:24:13.855 [main] DEBUG org.hibernate.persister.entity.AbstractEntityPersister - Static SQL for entity: org.frcpm.models.Attendance
10:24:13.855 [main] DEBUG org.hibernate.persister.entity.AbstractEntityPersister -  Version select: select id from attendances where id=?
10:24:13.855 [main] DEBUG org.hibernate.persister.entity.AbstractEntityPersister -  Insert (0): insert into attendances (arrival_time,departure_time,meeting_id,member_id,present,id) values (?,?,?,?,?,default)
10:24:13.855 [main] DEBUG org.hibernate.persister.entity.AbstractEntityPersister -  Update (0): update attendances set arrival_time=?,departure_time=?,meeting_id=?,member_id=?,present=? where id=?
10:24:13.855 [main] DEBUG org.hibernate.persister.entity.AbstractEntityPersister -  Delete (0): delete from attendances where id=?
10:24:13.855 [main] DEBUG org.hibernate.orm.sql.ast.create - Created new SQL alias : m1_0
10:24:13.855 [main] DEBUG org.hibernate.orm.sql.ast.create - Registration of TableGroup [StandardTableGroup(org.frcpm.models.Meeting)] with identifierForTableGroup [org.frcpm.models.Meeting] for NavigablePath [org.frcpm.models.Meeting] 
10:24:13.855 [main] DEBUG org.hibernate.orm.sql.ast.create - Registration of TableGroup [org.hibernate.sql.ast.tree.from.LazyTableGroup@47a5ada6] with identifierForTableGroup [org.frcpm.models.Meeting.project] for NavigablePath [org.frcpm.models.Meeting.project] 
10:24:13.855 [main] DEBUG org.hibernate.orm.results.graph.AST - DomainResult Graph:
 \-EntityResultImpl [org.frcpm.models.Meeting]
 |  +-DelayedCollectionFetch [org.frcpm.models.Meeting.attendances]
 |  +-BasicFetch [org.frcpm.models.Meeting.date]
 |  +-BasicFetch [org.frcpm.models.Meeting.endTime]
 |  +-BasicFetch [org.frcpm.models.Meeting.notes]
 |  +-EntityDelayedFetchImpl [org.frcpm.models.Meeting.project]
 |  \-BasicFetch [org.frcpm.models.Meeting.startTime]

10:24:13.855 [main] DEBUG org.hibernate.orm.sql.ast.tree - SQL AST Tree:
    SelectStatement {
      FromClause {
        StandardTableGroup (m1 : org.frcpm.models.Meeting) {
          primaryTableReference : meetings as m1_0
          TableGroupJoins {
            left  join LazyTableGroup (p1 : org.frcpm.models.Meeting.project) {
            }
          }
        }
      }
    }

10:24:13.855 [main] DEBUG org.hibernate.persister.entity.AbstractEntityPersister - Static SQL for entity: org.frcpm.models.Meeting
10:24:13.855 [main] DEBUG org.hibernate.persister.entity.AbstractEntityPersister -  Version select: select id from meetings where id=?
10:24:13.855 [main] DEBUG org.hibernate.persister.entity.AbstractEntityPersister -  Insert (0): insert into meetings (date,end_time,notes,project_id,start_time,id) values (?,?,?,?,?,default)
10:24:13.855 [main] DEBUG org.hibernate.persister.entity.AbstractEntityPersister -  Update (0): update meetings set date=?,end_time=?,notes=?,project_id=?,start_time=? where id=?
10:24:13.855 [main] DEBUG org.hibernate.persister.entity.AbstractEntityPersister -  Delete (0): delete from meetings where id=?
10:24:13.855 [main] DEBUG org.hibernate.orm.sql.ast.create - Created new SQL alias : s1_0
10:24:13.855 [main] DEBUG org.hibernate.orm.sql.ast.create - Registration of TableGroup [StandardTableGroup(org.frcpm.models.Subsystem)] with identifierForTableGroup [org.frcpm.models.Subsystem] for NavigablePath [org.frcpm.models.Subsystem] 
10:24:13.855 [main] DEBUG org.hibernate.orm.sql.ast.create - Registration of TableGroup [org.hibernate.sql.ast.tree.from.LazyTableGroup@a560e53] with identifierForTableGroup [org.frcpm.models.Subsystem.responsibleSubteam] for NavigablePath [org.frcpm.models.Subsystem.responsibleSubteam] 
10:24:13.855 [main] DEBUG org.hibernate.orm.results.graph.AST - DomainResult Graph:
 \-EntityResultImpl [org.frcpm.models.Subsystem]
 |  +-BasicFetch [org.frcpm.models.Subsystem.description]
 |  +-BasicFetch [org.frcpm.models.Subsystem.name]
 |  +-EntityDelayedFetchImpl [org.frcpm.models.Subsystem.responsibleSubteam]
 |  +-BasicFetch [org.frcpm.models.Subsystem.status]
 |  \-DelayedCollectionFetch [org.frcpm.models.Subsystem.tasks]

10:24:13.855 [main] DEBUG org.hibernate.orm.sql.ast.tree - SQL AST Tree:
    SelectStatement {
      FromClause {
        StandardTableGroup (s1 : org.frcpm.models.Subsystem) {
          primaryTableReference : subsystems as s1_0
          TableGroupJoins {
            left  join LazyTableGroup (rs1 : org.frcpm.models.Subsystem.responsibleSubteam) {
            }
          }
        }
      }
    }

10:24:13.855 [main] DEBUG org.hibernate.persister.entity.AbstractEntityPersister - Static SQL for entity: org.frcpm.models.Subsystem
10:24:13.855 [main] DEBUG org.hibernate.persister.entity.AbstractEntityPersister -  Version select: select id from subsystems where id=?
10:24:13.855 [main] DEBUG org.hibernate.persister.entity.AbstractEntityPersister -  Insert (0): insert into subsystems (description,name,responsible_subteam_id,status,id) values (?,?,?,?,default)
10:24:13.855 [main] DEBUG org.hibernate.persister.entity.AbstractEntityPersister -  Update (0): update subsystems set description=?,name=?,responsible_subteam_id=?,status=? where id=?
10:24:13.855 [main] DEBUG org.hibernate.persister.entity.AbstractEntityPersister -  Delete (0): delete from subsystems where id=?
10:24:13.855 [main] DEBUG org.hibernate.orm.sql.ast.create - Created new SQL alias : c1_0
10:24:13.855 [main] DEBUG org.hibernate.orm.sql.ast.create - Registration of TableGroup [StandardTableGroup(org.frcpm.models.Component)] with identifierForTableGroup [org.frcpm.models.Component] for NavigablePath [org.frcpm.models.Component] 
10:24:13.855 [main] DEBUG org.hibernate.orm.results.graph.AST - DomainResult Graph:
 \-EntityResultImpl [org.frcpm.models.Component]
 |  +-BasicFetch [org.frcpm.models.Component.actualDelivery]
 |  +-BasicFetch [org.frcpm.models.Component.delivered]
 |  +-BasicFetch [org.frcpm.models.Component.description]
 |  +-BasicFetch [org.frcpm.models.Component.expectedDelivery]
 |  +-BasicFetch [org.frcpm.models.Component.name]
 |  +-BasicFetch [org.frcpm.models.Component.partNumber]
 |  \-DelayedCollectionFetch [org.frcpm.models.Component.requiredForTasks]

10:24:13.855 [main] DEBUG org.hibernate.orm.sql.ast.tree - SQL AST Tree:
    SelectStatement {
      FromClause {
        StandardTableGroup (c1 : org.frcpm.models.Component) {
          primaryTableReference : components as c1_0
        }
      }
    }

10:24:13.855 [main] DEBUG org.hibernate.persister.entity.AbstractEntityPersister - Static SQL for entity: org.frcpm.models.Component
10:24:13.855 [main] DEBUG org.hibernate.persister.entity.AbstractEntityPersister -  Version select: select id from components where id=?
10:24:13.855 [main] DEBUG org.hibernate.persister.entity.AbstractEntityPersister -  Insert (0): insert into components (actual_delivery,is_delivered,description,expected_delivery,name,part_number,id) values (?,?,?,?,?,?,default)
10:24:13.855 [main] DEBUG org.hibernate.persister.entity.AbstractEntityPersister -  Update (0): update components set actual_delivery=?,is_delivered=?,description=?,expected_delivery=?,name=?,part_number=? where id=?
10:24:13.855 [main] DEBUG org.hibernate.persister.entity.AbstractEntityPersister -  Delete (0): delete from components where id=?
10:24:13.855 [main] DEBUG org.hibernate.orm.sql.ast.create - Created new SQL alias : m1_0
10:24:13.855 [main] DEBUG org.hibernate.orm.sql.ast.create - Registration of TableGroup [StandardTableGroup(org.frcpm.models.Milestone)] with identifierForTableGroup [org.frcpm.models.Milestone] for NavigablePath [org.frcpm.models.Milestone] 
10:24:13.855 [main] DEBUG org.hibernate.orm.sql.ast.create - Registration of TableGroup [org.hibernate.sql.ast.tree.from.LazyTableGroup@32ae2974] with identifierForTableGroup [org.frcpm.models.Milestone.project] for NavigablePath [org.frcpm.models.Milestone.project] 
10:24:13.855 [main] DEBUG org.hibernate.orm.results.graph.AST - DomainResult Graph:
 \-EntityResultImpl [org.frcpm.models.Milestone]
 |  +-BasicFetch [org.frcpm.models.Milestone.date]
 |  +-BasicFetch [org.frcpm.models.Milestone.description]
 |  +-BasicFetch [org.frcpm.models.Milestone.name]
 |  \-EntityDelayedFetchImpl [org.frcpm.models.Milestone.project]

10:24:13.855 [main] DEBUG org.hibernate.orm.sql.ast.tree - SQL AST Tree:
    SelectStatement {
      FromClause {
        StandardTableGroup (m1 : org.frcpm.models.Milestone) {
          primaryTableReference : milestones as m1_0
          TableGroupJoins {
            left  join LazyTableGroup (p1 : org.frcpm.models.Milestone.project) {
            }
          }
        }
      }
    }

10:24:13.855 [main] DEBUG org.hibernate.persister.entity.AbstractEntityPersister - Static SQL for entity: org.frcpm.models.Milestone
10:24:13.855 [main] DEBUG org.hibernate.persister.entity.AbstractEntityPersister -  Version select: select id from milestones where id=?
10:24:13.855 [main] DEBUG org.hibernate.persister.entity.AbstractEntityPersister -  Insert (0): insert into milestones (date,description,name,project_id,id) values (?,?,?,?,default)
10:24:13.855 [main] DEBUG org.hibernate.persister.entity.AbstractEntityPersister -  Update (0): update milestones set date=?,description=?,name=?,project_id=? where id=?
10:24:13.855 [main] DEBUG org.hibernate.persister.entity.AbstractEntityPersister -  Delete (0): delete from milestones where id=?
10:24:13.855 [main] DEBUG org.hibernate.orm.sql.ast.create - Created new SQL alias : p1_0
10:24:13.855 [main] DEBUG org.hibernate.orm.sql.ast.create - Registration of TableGroup [StandardTableGroup(org.frcpm.models.Project)] with identifierForTableGroup [org.frcpm.models.Project] for NavigablePath [org.frcpm.models.Project] 
10:24:13.855 [main] DEBUG org.hibernate.orm.results.graph.AST - DomainResult Graph:
 \-EntityResultImpl [org.frcpm.models.Project]
 |  +-BasicFetch [org.frcpm.models.Project.description]
 |  +-BasicFetch [org.frcpm.models.Project.goalEndDate]
 |  +-BasicFetch [org.frcpm.models.Project.hardDeadline]
 |  +-DelayedCollectionFetch [org.frcpm.models.Project.meetings]
 |  +-DelayedCollectionFetch [org.frcpm.models.Project.milestones]
 |  +-BasicFetch [org.frcpm.models.Project.name]
 |  +-BasicFetch [org.frcpm.models.Project.startDate]
 |  \-DelayedCollectionFetch [org.frcpm.models.Project.tasks]

10:24:13.855 [main] DEBUG org.hibernate.orm.sql.ast.tree - SQL AST Tree:
    SelectStatement {
      FromClause {
        StandardTableGroup (p1 : org.frcpm.models.Project) {
          primaryTableReference : projects as p1_0
        }
      }
    }

10:24:13.855 [main] DEBUG org.hibernate.persister.entity.AbstractEntityPersister - Static SQL for entity: org.frcpm.models.Project
10:24:13.855 [main] DEBUG org.hibernate.persister.entity.AbstractEntityPersister -  Version select: select id from projects where id=?
10:24:13.855 [main] DEBUG org.hibernate.persister.entity.AbstractEntityPersister -  Insert (0): insert into projects (description,goal_end_date,hard_deadline,name,start_date,id) values (?,?,?,?,?,default)
10:24:13.855 [main] DEBUG org.hibernate.persister.entity.AbstractEntityPersister -  Update (0): update projects set description=?,goal_end_date=?,hard_deadline=?,name=?,start_date=? where id=?
10:24:13.855 [main] DEBUG org.hibernate.persister.entity.AbstractEntityPersister -  Delete (0): delete from projects where id=?
10:24:13.855 [main] DEBUG org.hibernate.orm.sql.ast.create - Created new SQL alias : s1_0
10:24:13.855 [main] DEBUG org.hibernate.orm.sql.ast.create - Registration of TableGroup [StandardTableGroup(org.frcpm.models.Subteam)] with identifierForTableGroup [org.frcpm.models.Subteam] for NavigablePath [org.frcpm.models.Subteam] 
10:24:13.855 [main] DEBUG org.hibernate.orm.results.graph.AST - DomainResult Graph:
 \-EntityResultImpl [org.frcpm.models.Subteam]
 |  +-BasicFetch [org.frcpm.models.Subteam.colorCode]
 |  +-DelayedCollectionFetch [org.frcpm.models.Subteam.members]
 |  +-BasicFetch [org.frcpm.models.Subteam.name]
 |  +-BasicFetch [org.frcpm.models.Subteam.specialties]
 |  \-DelayedCollectionFetch [org.frcpm.models.Subteam.subsystems]

10:24:13.855 [main] DEBUG org.hibernate.orm.sql.ast.tree - SQL AST Tree:
    SelectStatement {
      FromClause {
        StandardTableGroup (s1 : org.frcpm.models.Subteam) {
          primaryTableReference : subteams as s1_0
        }
      }
    }

10:24:13.855 [main] DEBUG org.hibernate.persister.entity.AbstractEntityPersister - Static SQL for entity: org.frcpm.models.Subteam
10:24:13.855 [main] DEBUG org.hibernate.persister.entity.AbstractEntityPersister -  Version select: select id from subteams where id=?
10:24:13.855 [main] DEBUG org.hibernate.persister.entity.AbstractEntityPersister -  Insert (0): insert into subteams (color_code,name,specialties,id) values (?,?,?,default)
10:24:13.855 [main] DEBUG org.hibernate.persister.entity.AbstractEntityPersister -  Update (0): update subteams set color_code=?,name=?,specialties=? where id=?
10:24:13.855 [main] DEBUG org.hibernate.persister.entity.AbstractEntityPersister -  Delete (0): delete from subteams where id=?
10:24:13.855 [main] DEBUG org.hibernate.orm.sql.ast.create - Created new SQL alias : t1_0
10:24:13.855 [main] DEBUG org.hibernate.orm.sql.ast.create - Registration of TableGroup [StandardTableGroup(org.frcpm.models.Task)] with identifierForTableGroup [org.frcpm.models.Task] for NavigablePath [org.frcpm.models.Task] 
10:24:13.856 [main] DEBUG org.hibernate.orm.sql.ast.create - Registration of TableGroup [org.hibernate.sql.ast.tree.from.LazyTableGroup@588d8069] with identifierForTableGroup [org.frcpm.models.Task.project] for NavigablePath [org.frcpm.models.Task.project] 
10:24:13.856 [main] DEBUG org.hibernate.orm.sql.ast.create - Registration of TableGroup [org.hibernate.sql.ast.tree.from.LazyTableGroup@287aa013] with identifierForTableGroup [org.frcpm.models.Task.subsystem] for NavigablePath [org.frcpm.models.Task.subsystem] 
10:24:13.856 [main] DEBUG org.hibernate.orm.results.graph.AST - DomainResult Graph:
 \-EntityResultImpl [org.frcpm.models.Task]
 |  +-BasicFetch [org.frcpm.models.Task.actualDurationSeconds]
 |  +-DelayedCollectionFetch [org.frcpm.models.Task.assignedTo]
 |  +-BasicFetch [org.frcpm.models.Task.completed]
 |  +-BasicFetch [org.frcpm.models.Task.description]
 |  +-BasicFetch [org.frcpm.models.Task.endDate]
 |  +-BasicFetch [org.frcpm.models.Task.estimatedDurationSeconds]
 |  +-DelayedCollectionFetch [org.frcpm.models.Task.postDependencies]
 |  +-DelayedCollectionFetch [org.frcpm.models.Task.preDependencies]
 |  +-BasicFetch [org.frcpm.models.Task.priority]
 |  +-BasicFetch [org.frcpm.models.Task.progress]
 |  +-EntityDelayedFetchImpl [org.frcpm.models.Task.project]
 |  +-DelayedCollectionFetch [org.frcpm.models.Task.requiredComponents]
 |  +-BasicFetch [org.frcpm.models.Task.startDate]
 |  +-EntityDelayedFetchImpl [org.frcpm.models.Task.subsystem]
 |  \-BasicFetch [org.frcpm.models.Task.title]

10:24:13.856 [main] DEBUG org.hibernate.orm.sql.ast.tree - SQL AST Tree:
    SelectStatement {
      FromClause {
        StandardTableGroup (t1 : org.frcpm.models.Task) {
          primaryTableReference : tasks as t1_0
          TableGroupJoins {
            left  join LazyTableGroup (p1 : org.frcpm.models.Task.project) {
            }
            left  join LazyTableGroup (s1 : org.frcpm.models.Task.subsystem) {
            }
          }
        }
      }
    }

10:24:13.856 [main] DEBUG org.hibernate.persister.entity.AbstractEntityPersister - Static SQL for entity: org.frcpm.models.Task
10:24:13.856 [main] DEBUG org.hibernate.persister.entity.AbstractEntityPersister -  Version select: select id from tasks where id=?
10:24:13.856 [main] DEBUG org.hibernate.persister.entity.AbstractEntityPersister -  Insert (0): insert into tasks (actual_duration_seconds,completed,description,end_date,estimated_duration_seconds,priority,progress,project_id,start_date,subsystem_id,title,id) values (?,?,?,?,?,?,?,?,?,?,?,default)
10:24:13.856 [main] DEBUG org.hibernate.persister.entity.AbstractEntityPersister -  Update (0): update tasks set actual_duration_seconds=?,completed=?,description=?,end_date=?,estimated_duration_seconds=?,priority=?,progress=?,project_id=?,start_date=?,subsystem_id=?,title=? where id=?
10:24:13.856 [main] DEBUG org.hibernate.persister.entity.AbstractEntityPersister -  Delete (0): delete from tasks where id=?
10:24:13.856 [main] DEBUG org.hibernate.orm.sql.ast.create - Created new SQL alias : tm1_0
10:24:13.856 [main] DEBUG org.hibernate.orm.sql.ast.create - Registration of TableGroup [StandardTableGroup(org.frcpm.models.TeamMember)] with identifierForTableGroup [org.frcpm.models.TeamMember] for NavigablePath [org.frcpm.models.TeamMember] 
10:24:13.856 [main] DEBUG org.hibernate.orm.sql.ast.create - Registration of TableGroup [org.hibernate.sql.ast.tree.from.LazyTableGroup@1cf808] with identifierForTableGroup [org.frcpm.models.TeamMember.subteam] for NavigablePath [org.frcpm.models.TeamMember.subteam] 
10:24:13.856 [main] DEBUG org.hibernate.orm.results.graph.AST - DomainResult Graph:
 \-EntityResultImpl [org.frcpm.models.TeamMember]
 |  +-DelayedCollectionFetch [org.frcpm.models.TeamMember.assignedTasks]
 |  +-DelayedCollectionFetch [org.frcpm.models.TeamMember.attendances]
 |  +-BasicFetch [org.frcpm.models.TeamMember.email]
 |  +-BasicFetch [org.frcpm.models.TeamMember.firstName]
 |  +-BasicFetch [org.frcpm.models.TeamMember.lastName]
 |  +-BasicFetch [org.frcpm.models.TeamMember.leader]
 |  +-BasicFetch [org.frcpm.models.TeamMember.phone]
 |  +-BasicFetch [org.frcpm.models.TeamMember.skills]
 |  +-EntityDelayedFetchImpl [org.frcpm.models.TeamMember.subteam]
 |  \-BasicFetch [org.frcpm.models.TeamMember.username]

10:24:13.856 [main] DEBUG org.hibernate.orm.sql.ast.tree - SQL AST Tree:
    SelectStatement {
      FromClause {
        StandardTableGroup (tm1 : org.frcpm.models.TeamMember) {
          primaryTableReference : team_members as tm1_0
          TableGroupJoins {
            left  join LazyTableGroup (s1 : org.frcpm.models.TeamMember.subteam) {
            }
          }
        }
      }
    }

10:24:13.856 [main] DEBUG org.hibernate.persister.entity.AbstractEntityPersister - Static SQL for entity: org.frcpm.models.TeamMember
10:24:13.856 [main] DEBUG org.hibernate.persister.entity.AbstractEntityPersister -  Version select: select id from team_members where id=?
10:24:13.856 [main] DEBUG org.hibernate.persister.entity.AbstractEntityPersister -  Insert (0): insert into team_members (email,first_name,last_name,is_leader,phone,skills,subteam_id,username,id) values (?,?,?,?,?,?,?,?,default)
10:24:13.856 [main] DEBUG org.hibernate.persister.entity.AbstractEntityPersister -  Update (0): update team_members set email=?,first_name=?,last_name=?,is_leader=?,phone=?,skills=?,subteam_id=?,username=? where id=?
10:24:13.856 [main] DEBUG org.hibernate.persister.entity.AbstractEntityPersister -  Delete (0): delete from team_members where id=?
10:24:13.857 [main] DEBUG org.hibernate.orm.sql.ast.create - Created new SQL alias : at1_0
10:24:13.857 [main] DEBUG org.hibernate.orm.sql.ast.create - Registration of TableGroup [CollectionTableGroup(org.frcpm.models.Task.assignedTo)] with identifierForTableGroup [org.frcpm.models.Task.assignedTo] for NavigablePath [org.frcpm.models.Task.assignedTo] 
10:24:13.857 [main] DEBUG org.hibernate.orm.sql.ast.create - Registration of TableGroup [org.hibernate.sql.ast.tree.from.LazyTableGroup@6a234ca5] with identifierForTableGroup [org.frcpm.models.Task.assignedTo.{element}] for NavigablePath [org.frcpm.models.Task.assignedTo.{element}] 
10:24:13.857 [main] DEBUG org.hibernate.orm.sql.ast.create - Created new SQL alias : at1_1
10:24:13.857 [main] DEBUG org.hibernate.orm.sql.ast.create - Registration of TableGroup [org.hibernate.sql.ast.tree.from.LazyTableGroup@6b45f69c] with identifierForTableGroup [org.frcpm.models.Task.assignedTo.{element}.subteam] for NavigablePath [org.frcpm.models.Task.assignedTo.{element}.subteam] 
10:24:13.857 [main] DEBUG org.hibernate.orm.results.graph.AST - DomainResult Graph:
 \-CollectionDomainResult [org.frcpm.models.Task.assignedTo]

10:24:13.857 [main] DEBUG org.hibernate.orm.sql.ast.tree - SQL AST Tree:
    SelectStatement {
      FromClause {
        CollectionTableGroup (at1 : org.frcpm.models.Task.assignedTo) {
          primaryTableReference : task_assignments as at1_0
          TableGroupJoins {
             join LazyTableGroup (at1 : org.frcpm.models.Task.assignedTo.{element}) {
              primaryTableReference : team_members as at1_1
              TableGroupJoins {
                left  join LazyTableGroup (s1 : org.frcpm.models.Task.assignedTo.{element}.subteam) {
                }
              }
            }
          }
        }
      }
    }

10:24:13.857 [main] DEBUG org.hibernate.orm.jdbc.mutation - Static SQL for collection: org.frcpm.models.Task.assignedTo
10:24:13.857 [main] DEBUG org.hibernate.orm.jdbc.mutation -  Row insert: insert into task_assignments (task_id,team_member_id) values (?,?)
10:24:13.857 [main] DEBUG org.hibernate.orm.jdbc.mutation -  Row delete: delete from task_assignments where task_id=? and team_member_id=?
10:24:13.857 [main] DEBUG org.hibernate.orm.jdbc.mutation -  One-shot delete: delete from task_assignments where task_id=?
10:24:13.857 [main] DEBUG org.hibernate.orm.sql.ast.create - Created new SQL alias : t1_0
10:24:13.857 [main] DEBUG org.hibernate.orm.sql.ast.create - Registration of TableGroup [org.hibernate.sql.ast.tree.from.OneToManyTableGroup@362b4352] with identifierForTableGroup [org.frcpm.models.Subsystem.tasks] for NavigablePath [org.frcpm.models.Subsystem.tasks] 
10:24:13.857 [main] DEBUG org.hibernate.orm.sql.ast.create - Registration of TableGroup [StandardTableGroup(org.frcpm.models.Subsystem.tasks.{element})] with identifierForTableGroup [org.frcpm.models.Subsystem.tasks.{element}] for NavigablePath [org.frcpm.models.Subsystem.tasks.{element}] 
10:24:13.857 [main] DEBUG org.hibernate.orm.sql.ast.create - Registration of TableGroup [org.hibernate.sql.ast.tree.from.LazyTableGroup@5332e7e9] with identifierForTableGroup [org.frcpm.models.Subsystem.tasks.{element}.project] for NavigablePath [org.frcpm.models.Subsystem.tasks.{element}.project] 
10:24:13.857 [main] DEBUG org.hibernate.orm.sql.ast.create - Registration of TableGroup [org.hibernate.sql.ast.tree.from.LazyTableGroup@4e729324] with identifierForTableGroup [org.frcpm.models.Subsystem.tasks.{element}.subsystem] for NavigablePath [org.frcpm.models.Subsystem.tasks.{element}.subsystem] 
10:24:13.857 [main] DEBUG org.hibernate.orm.results.graph.AST - DomainResult Graph:
 \-CollectionDomainResult [org.frcpm.models.Subsystem.tasks]

10:24:13.857 [main] DEBUG org.hibernate.orm.sql.ast.tree - SQL AST Tree:
    SelectStatement {
      FromClause {
        OneToManyTableGroup (t1 : org.frcpm.models.Subsystem.tasks) {
          primaryTableReference : tasks as t1_0
          TableGroupJoins {
            left  join LazyTableGroup (p1 : org.frcpm.models.Subsystem.tasks.{element}.project) {
            }
            left  join LazyTableGroup (s1 : org.frcpm.models.Subsystem.tasks.{element}.subsystem) {
            }
          }
        }
      }
    }

10:24:13.857 [main] DEBUG org.hibernate.orm.jdbc.mutation - Static SQL for collection: org.frcpm.models.Subsystem.tasks
10:24:13.857 [main] DEBUG org.hibernate.orm.sql.ast.create - Created new SQL alias : m1_0
10:24:13.857 [main] DEBUG org.hibernate.orm.sql.ast.create - Registration of TableGroup [org.hibernate.sql.ast.tree.from.OneToManyTableGroup@6666de68] with identifierForTableGroup [org.frcpm.models.Subteam.members] for NavigablePath [org.frcpm.models.Subteam.members] 
10:24:13.857 [main] DEBUG org.hibernate.orm.sql.ast.create - Registration of TableGroup [StandardTableGroup(org.frcpm.models.Subteam.members.{element})] with identifierForTableGroup [org.frcpm.models.Subteam.members.{element}] for NavigablePath [org.frcpm.models.Subteam.members.{element}] 
10:24:13.857 [main] DEBUG org.hibernate.orm.sql.ast.create - Registration of TableGroup [org.hibernate.sql.ast.tree.from.LazyTableGroup@194f1534] with identifierForTableGroup [org.frcpm.models.Subteam.members.{element}.subteam] for NavigablePath [org.frcpm.models.Subteam.members.{element}.subteam] 
10:24:13.857 [main] DEBUG org.hibernate.orm.results.graph.AST - DomainResult Graph:
 \-CollectionDomainResult [org.frcpm.models.Subteam.members]

10:24:13.857 [main] DEBUG org.hibernate.orm.sql.ast.tree - SQL AST Tree:
    SelectStatement {
      FromClause {
        OneToManyTableGroup (m1 : org.frcpm.models.Subteam.members) {
          primaryTableReference : team_members as m1_0
          TableGroupJoins {
            left  join LazyTableGroup (s1 : org.frcpm.models.Subteam.members.{element}.subteam) {
            }
          }
        }
      }
    }

10:24:13.857 [main] DEBUG org.hibernate.orm.jdbc.mutation - Static SQL for collection: org.frcpm.models.Subteam.members
10:24:13.857 [main] DEBUG org.hibernate.orm.sql.ast.create - Created new SQL alias : a1_0
10:24:13.857 [main] DEBUG org.hibernate.orm.sql.ast.create - Registration of TableGroup [org.hibernate.sql.ast.tree.from.OneToManyTableGroup@1a4b1aae] with identifierForTableGroup [org.frcpm.models.TeamMember.attendances] for NavigablePath [org.frcpm.models.TeamMember.attendances] 
10:24:13.857 [main] DEBUG org.hibernate.orm.sql.ast.create - Registration of TableGroup [StandardTableGroup(org.frcpm.models.TeamMember.attendances.{element})] with identifierForTableGroup [org.frcpm.models.TeamMember.attendances.{element}] for NavigablePath [org.frcpm.models.TeamMember.attendances.{element}] 
10:24:13.857 [main] DEBUG org.hibernate.orm.sql.ast.create - Registration of TableGroup [org.hibernate.sql.ast.tree.from.LazyTableGroup@4a0e0211] with identifierForTableGroup [org.frcpm.models.TeamMember.attendances.{element}.meeting] for NavigablePath [org.frcpm.models.TeamMember.attendances.{element}.meeting] 
10:24:13.857 [main] DEBUG org.hibernate.orm.sql.ast.create - Registration of TableGroup [org.hibernate.sql.ast.tree.from.LazyTableGroup@1ab2c934] with identifierForTableGroup [org.frcpm.models.TeamMember.attendances.{element}.member] for NavigablePath [org.frcpm.models.TeamMember.attendances.{element}.member] 
10:24:13.857 [main] DEBUG org.hibernate.orm.results.graph.AST - DomainResult Graph:
 \-CollectionDomainResult [org.frcpm.models.TeamMember.attendances]

10:24:13.857 [main] DEBUG org.hibernate.orm.sql.ast.tree - SQL AST Tree:
    SelectStatement {
      FromClause {
        OneToManyTableGroup (a1 : org.frcpm.models.TeamMember.attendances) {
          primaryTableReference : attendances as a1_0
          TableGroupJoins {
            left  join LazyTableGroup (m1 : org.frcpm.models.TeamMember.attendances.{element}.meeting) {
            }
            left  join LazyTableGroup (m2 : org.frcpm.models.TeamMember.attendances.{element}.member) {
            }
          }
        }
      }
    }

10:24:13.858 [main] DEBUG org.hibernate.orm.jdbc.mutation - Static SQL for collection: org.frcpm.models.TeamMember.attendances
10:24:13.858 [main] DEBUG org.hibernate.orm.sql.ast.create - Created new SQL alias : rc1_0
10:24:13.858 [main] DEBUG org.hibernate.orm.sql.ast.create - Registration of TableGroup [CollectionTableGroup(org.frcpm.models.Task.requiredComponents)] with identifierForTableGroup [org.frcpm.models.Task.requiredComponents] for NavigablePath [org.frcpm.models.Task.requiredComponents] 
10:24:13.858 [main] DEBUG org.hibernate.orm.sql.ast.create - Registration of TableGroup [org.hibernate.sql.ast.tree.from.LazyTableGroup@62cab120] with identifierForTableGroup [org.frcpm.models.Task.requiredComponents.{element}] for NavigablePath [org.frcpm.models.Task.requiredComponents.{element}] 
10:24:13.858 [main] DEBUG org.hibernate.orm.sql.ast.create - Created new SQL alias : rc1_1
10:24:13.858 [main] DEBUG org.hibernate.orm.results.graph.AST - DomainResult Graph:
 \-CollectionDomainResult [org.frcpm.models.Task.requiredComponents]

10:24:13.858 [main] DEBUG org.hibernate.orm.sql.ast.tree - SQL AST Tree:
    SelectStatement {
      FromClause {
        CollectionTableGroup (rc1 : org.frcpm.models.Task.requiredComponents) {
          primaryTableReference : task_components as rc1_0
          TableGroupJoins {
             join LazyTableGroup (rc1 : org.frcpm.models.Task.requiredComponents.{element}) {
              primaryTableReference : components as rc1_1
            }
          }
        }
      }
    }

10:24:13.858 [main] DEBUG org.hibernate.orm.jdbc.mutation - Static SQL for collection: org.frcpm.models.Task.requiredComponents
10:24:13.858 [main] DEBUG org.hibernate.orm.jdbc.mutation -  Row insert: insert into task_components (task_id,component_id) values (?,?)
10:24:13.858 [main] DEBUG org.hibernate.orm.jdbc.mutation -  Row delete: delete from task_components where task_id=? and component_id=?
10:24:13.858 [main] DEBUG org.hibernate.orm.jdbc.mutation -  One-shot delete: delete from task_components where task_id=?
10:24:13.858 [main] DEBUG org.hibernate.orm.sql.ast.create - Created new SQL alias : s1_0
10:24:13.858 [main] DEBUG org.hibernate.orm.sql.ast.create - Registration of TableGroup [org.hibernate.sql.ast.tree.from.OneToManyTableGroup@e2d03a8] with identifierForTableGroup [org.frcpm.models.Subteam.subsystems] for NavigablePath [org.frcpm.models.Subteam.subsystems] 
10:24:13.858 [main] DEBUG org.hibernate.orm.sql.ast.create - Registration of TableGroup [StandardTableGroup(org.frcpm.models.Subteam.subsystems.{element})] with identifierForTableGroup [org.frcpm.models.Subteam.subsystems.{element}] for NavigablePath [org.frcpm.models.Subteam.subsystems.{element}] 
10:24:13.858 [main] DEBUG org.hibernate.orm.sql.ast.create - Registration of TableGroup [org.hibernate.sql.ast.tree.from.LazyTableGroup@315527d9] with identifierForTableGroup [org.frcpm.models.Subteam.subsystems.{element}.responsibleSubteam] for NavigablePath [org.frcpm.models.Subteam.subsystems.{element}.responsibleSubteam] 
10:24:13.858 [main] DEBUG org.hibernate.orm.results.graph.AST - DomainResult Graph:
 \-CollectionDomainResult [org.frcpm.models.Subteam.subsystems]

10:24:13.858 [main] DEBUG org.hibernate.orm.sql.ast.tree - SQL AST Tree:
    SelectStatement {
      FromClause {
        OneToManyTableGroup (s1 : org.frcpm.models.Subteam.subsystems) {
          primaryTableReference : subsystems as s1_0
          TableGroupJoins {
            left  join LazyTableGroup (rs1 : org.frcpm.models.Subteam.subsystems.{element}.responsibleSubteam) {
            }
          }
        }
      }
    }

10:24:13.858 [main] DEBUG org.hibernate.orm.jdbc.mutation - Static SQL for collection: org.frcpm.models.Subteam.subsystems
10:24:13.858 [main] DEBUG org.hibernate.orm.sql.ast.create - Created new SQL alias : pd1_0
10:24:13.858 [main] DEBUG org.hibernate.orm.sql.ast.create - Registration of TableGroup [CollectionTableGroup(org.frcpm.models.Task.preDependencies)] with identifierForTableGroup [org.frcpm.models.Task.preDependencies] for NavigablePath [org.frcpm.models.Task.preDependencies] 
10:24:13.858 [main] DEBUG org.hibernate.orm.sql.ast.create - Registration of TableGroup [org.hibernate.sql.ast.tree.from.LazyTableGroup@3ca1bfcc] with identifierForTableGroup [org.frcpm.models.Task.preDependencies.{element}] for NavigablePath [org.frcpm.models.Task.preDependencies.{element}] 
10:24:13.858 [main] DEBUG org.hibernate.orm.sql.ast.create - Created new SQL alias : pd1_1
10:24:13.858 [main] DEBUG org.hibernate.orm.sql.ast.create - Registration of TableGroup [org.hibernate.sql.ast.tree.from.LazyTableGroup@5a77dbb3] with identifierForTableGroup [org.frcpm.models.Task.preDependencies.{element}.project] for NavigablePath [org.frcpm.models.Task.preDependencies.{element}.project] 
10:24:13.858 [main] DEBUG org.hibernate.orm.sql.ast.create - Registration of TableGroup [org.hibernate.sql.ast.tree.from.LazyTableGroup@3d6b3780] with identifierForTableGroup [org.frcpm.models.Task.preDependencies.{element}.subsystem] for NavigablePath [org.frcpm.models.Task.preDependencies.{element}.subsystem] 
10:24:13.858 [main] DEBUG org.hibernate.orm.results.graph.AST - DomainResult Graph:
 \-CollectionDomainResult [org.frcpm.models.Task.preDependencies]

10:24:13.858 [main] DEBUG org.hibernate.orm.sql.ast.tree - SQL AST Tree:
    SelectStatement {
      FromClause {
        CollectionTableGroup (pd1 : org.frcpm.models.Task.preDependencies) {
          primaryTableReference : task_dependencies as pd1_0
          TableGroupJoins {
             join LazyTableGroup (pd1 : org.frcpm.models.Task.preDependencies.{element}) {
              primaryTableReference : tasks as pd1_1
              TableGroupJoins {
                left  join LazyTableGroup (p1 : org.frcpm.models.Task.preDependencies.{element}.project) {
                }
                left  join LazyTableGroup (s1 : org.frcpm.models.Task.preDependencies.{element}.subsystem) {
                }
              }
            }
          }
        }
      }
    }

10:24:13.858 [main] DEBUG org.hibernate.orm.jdbc.mutation - Static SQL for collection: org.frcpm.models.Task.preDependencies
10:24:13.858 [main] DEBUG org.hibernate.orm.jdbc.mutation -  Row insert: insert into task_dependencies (task_id,dependency_id) values (?,?)
10:24:13.858 [main] DEBUG org.hibernate.orm.jdbc.mutation -  Row delete: delete from task_dependencies where task_id=? and dependency_id=?
10:24:13.859 [main] DEBUG org.hibernate.orm.jdbc.mutation -  One-shot delete: delete from task_dependencies where task_id=?
10:24:13.859 [main] DEBUG org.hibernate.orm.sql.ast.create - Created new SQL alias : m1_0
10:24:13.859 [main] DEBUG org.hibernate.orm.sql.ast.create - Registration of TableGroup [org.hibernate.sql.ast.tree.from.OneToManyTableGroup@3c32da85] with identifierForTableGroup [org.frcpm.models.Project.milestones] for NavigablePath [org.frcpm.models.Project.milestones] 
10:24:13.859 [main] DEBUG org.hibernate.orm.sql.ast.create - Registration of TableGroup [StandardTableGroup(org.frcpm.models.Project.milestones.{element})] with identifierForTableGroup [org.frcpm.models.Project.milestones.{element}] for NavigablePath [org.frcpm.models.Project.milestones.{element}] 
10:24:13.859 [main] DEBUG org.hibernate.orm.sql.ast.create - Registration of TableGroup [org.hibernate.sql.ast.tree.from.LazyTableGroup@4e11c1f] with identifierForTableGroup [org.frcpm.models.Project.milestones.{element}.project] for NavigablePath [org.frcpm.models.Project.milestones.{element}.project] 
10:24:13.859 [main] DEBUG org.hibernate.orm.results.graph.AST - DomainResult Graph:
 \-CollectionDomainResult [org.frcpm.models.Project.milestones]

10:24:13.859 [main] DEBUG org.hibernate.orm.sql.ast.tree - SQL AST Tree:
    SelectStatement {
      FromClause {
        OneToManyTableGroup (m1 : org.frcpm.models.Project.milestones) {
          primaryTableReference : milestones as m1_0
          TableGroupJoins {
            left  join LazyTableGroup (p1 : org.frcpm.models.Project.milestones.{element}.project) {
            }
          }
        }
      }
    }

10:24:13.859 [main] DEBUG org.hibernate.orm.jdbc.mutation - Static SQL for collection: org.frcpm.models.Project.milestones
10:24:13.859 [main] DEBUG org.hibernate.orm.sql.ast.create - Created new SQL alias : rft1_0
10:24:13.859 [main] DEBUG org.hibernate.orm.sql.ast.create - Registration of TableGroup [CollectionTableGroup(org.frcpm.models.Component.requiredForTasks)] with identifierForTableGroup [org.frcpm.models.Component.requiredForTasks] for NavigablePath [org.frcpm.models.Component.requiredForTasks] 
10:24:13.859 [main] DEBUG org.hibernate.orm.sql.ast.create - Registration of TableGroup [org.hibernate.sql.ast.tree.from.LazyTableGroup@6ff3e32c] with identifierForTableGroup [org.frcpm.models.Component.requiredForTasks.{element}] for NavigablePath [org.frcpm.models.Component.requiredForTasks.{element}] 
10:24:13.859 [main] DEBUG org.hibernate.orm.sql.ast.create - Created new SQL alias : rft1_1
10:24:13.859 [main] DEBUG org.hibernate.orm.sql.ast.create - Registration of TableGroup [org.hibernate.sql.ast.tree.from.LazyTableGroup@45bffaa5] with identifierForTableGroup [org.frcpm.models.Component.requiredForTasks.{element}.project] for NavigablePath [org.frcpm.models.Component.requiredForTasks.{element}.project] 
10:24:13.859 [main] DEBUG org.hibernate.orm.sql.ast.create - Registration of TableGroup [org.hibernate.sql.ast.tree.from.LazyTableGroup@475c7026] with identifierForTableGroup [org.frcpm.models.Component.requiredForTasks.{element}.subsystem] for NavigablePath [org.frcpm.models.Component.requiredForTasks.{element}.subsystem] 
10:24:13.859 [main] DEBUG org.hibernate.orm.results.graph.AST - DomainResult Graph:
 \-CollectionDomainResult [org.frcpm.models.Component.requiredForTasks]

10:24:13.859 [main] DEBUG org.hibernate.orm.sql.ast.tree - SQL AST Tree:
    SelectStatement {
      FromClause {
        CollectionTableGroup (rft1 : org.frcpm.models.Component.requiredForTasks) {
          primaryTableReference : task_components as rft1_0
          TableGroupJoins {
             join LazyTableGroup (rft1 : org.frcpm.models.Component.requiredForTasks.{element}) {
              primaryTableReference : tasks as rft1_1
              TableGroupJoins {
                left  join LazyTableGroup (p1 : org.frcpm.models.Component.requiredForTasks.{element}.project) {
                }
                left  join LazyTableGroup (s1 : org.frcpm.models.Component.requiredForTasks.{element}.subsystem) {
                }
              }
            }
          }
        }
      }
    }

10:24:13.859 [main] DEBUG org.hibernate.orm.jdbc.mutation - Static SQL for collection: org.frcpm.models.Component.requiredForTasks
10:24:13.859 [main] DEBUG org.hibernate.orm.sql.ast.create - Created new SQL alias : m1_0
10:24:13.859 [main] DEBUG org.hibernate.orm.sql.ast.create - Registration of TableGroup [org.hibernate.sql.ast.tree.from.OneToManyTableGroup@d16bffd] with identifierForTableGroup [org.frcpm.models.Project.meetings] for NavigablePath [org.frcpm.models.Project.meetings] 
10:24:13.859 [main] DEBUG org.hibernate.orm.sql.ast.create - Registration of TableGroup [StandardTableGroup(org.frcpm.models.Project.meetings.{element})] with identifierForTableGroup [org.frcpm.models.Project.meetings.{element}] for NavigablePath [org.frcpm.models.Project.meetings.{element}] 
10:24:13.859 [main] DEBUG org.hibernate.orm.sql.ast.create - Registration of TableGroup [org.hibernate.sql.ast.tree.from.LazyTableGroup@54c26cf9] with identifierForTableGroup [org.frcpm.models.Project.meetings.{element}.project] for NavigablePath [org.frcpm.models.Project.meetings.{element}.project] 
10:24:13.859 [main] DEBUG org.hibernate.orm.results.graph.AST - DomainResult Graph:
 \-CollectionDomainResult [org.frcpm.models.Project.meetings]

10:24:13.859 [main] DEBUG org.hibernate.orm.sql.ast.tree - SQL AST Tree:
    SelectStatement {
      FromClause {
        OneToManyTableGroup (m1 : org.frcpm.models.Project.meetings) {
          primaryTableReference : meetings as m1_0
          TableGroupJoins {
            left  join LazyTableGroup (p1 : org.frcpm.models.Project.meetings.{element}.project) {
            }
          }
        }
      }
    }

10:24:13.859 [main] DEBUG org.hibernate.orm.jdbc.mutation - Static SQL for collection: org.frcpm.models.Project.meetings
10:24:13.859 [main] DEBUG org.hibernate.orm.sql.ast.create - Created new SQL alias : at1_0
10:24:13.859 [main] DEBUG org.hibernate.orm.sql.ast.create - Registration of TableGroup [CollectionTableGroup(org.frcpm.models.TeamMember.assignedTasks)] with identifierForTableGroup [org.frcpm.models.TeamMember.assignedTasks] for NavigablePath [org.frcpm.models.TeamMember.assignedTasks] 
10:24:13.859 [main] DEBUG org.hibernate.orm.sql.ast.create - Registration of TableGroup [org.hibernate.sql.ast.tree.from.LazyTableGroup@77f12973] with identifierForTableGroup [org.frcpm.models.TeamMember.assignedTasks.{element}] for NavigablePath [org.frcpm.models.TeamMember.assignedTasks.{element}] 
10:24:13.859 [main] DEBUG org.hibernate.orm.sql.ast.create - Created new SQL alias : at1_1
10:24:13.859 [main] DEBUG org.hibernate.orm.sql.ast.create - Registration of TableGroup [org.hibernate.sql.ast.tree.from.LazyTableGroup@4f208927] with identifierForTableGroup [org.frcpm.models.TeamMember.assignedTasks.{element}.project] for NavigablePath [org.frcpm.models.TeamMember.assignedTasks.{element}.project] 
10:24:13.859 [main] DEBUG org.hibernate.orm.sql.ast.create - Registration of TableGroup [org.hibernate.sql.ast.tree.from.LazyTableGroup@270ea042] with identifierForTableGroup [org.frcpm.models.TeamMember.assignedTasks.{element}.subsystem] for NavigablePath [org.frcpm.models.TeamMember.assignedTasks.{element}.subsystem] 
10:24:13.859 [main] DEBUG org.hibernate.orm.results.graph.AST - DomainResult Graph:
 \-CollectionDomainResult [org.frcpm.models.TeamMember.assignedTasks]

10:24:13.859 [main] DEBUG org.hibernate.orm.sql.ast.tree - SQL AST Tree:
    SelectStatement {
      FromClause {
        CollectionTableGroup (at1 : org.frcpm.models.TeamMember.assignedTasks) {
          primaryTableReference : task_assignments as at1_0
          TableGroupJoins {
             join LazyTableGroup (at1 : org.frcpm.models.TeamMember.assignedTasks.{element}) {
              primaryTableReference : tasks as at1_1
              TableGroupJoins {
                left  join LazyTableGroup (p1 : org.frcpm.models.TeamMember.assignedTasks.{element}.project) {
                }
                left  join LazyTableGroup (s1 : org.frcpm.models.TeamMember.assignedTasks.{element}.subsystem) {
                }
              }
            }
          }
        }
      }
    }

10:24:13.859 [main] DEBUG org.hibernate.orm.jdbc.mutation - Static SQL for collection: org.frcpm.models.TeamMember.assignedTasks
10:24:13.859 [main] DEBUG org.hibernate.orm.sql.ast.create - Created new SQL alias : a1_0
10:24:13.859 [main] DEBUG org.hibernate.orm.sql.ast.create - Registration of TableGroup [org.hibernate.sql.ast.tree.from.OneToManyTableGroup@12687cce] with identifierForTableGroup [org.frcpm.models.Meeting.attendances] for NavigablePath [org.frcpm.models.Meeting.attendances] 
10:24:13.859 [main] DEBUG org.hibernate.orm.sql.ast.create - Registration of TableGroup [StandardTableGroup(org.frcpm.models.Meeting.attendances.{element})] with identifierForTableGroup [org.frcpm.models.Meeting.attendances.{element}] for NavigablePath [org.frcpm.models.Meeting.attendances.{element}] 
10:24:13.859 [main] DEBUG org.hibernate.orm.sql.ast.create - Registration of TableGroup [org.hibernate.sql.ast.tree.from.LazyTableGroup@ebad17c] with identifierForTableGroup [org.frcpm.models.Meeting.attendances.{element}.meeting] for NavigablePath [org.frcpm.models.Meeting.attendances.{element}.meeting] 
10:24:13.859 [main] DEBUG org.hibernate.orm.sql.ast.create - Registration of TableGroup [org.hibernate.sql.ast.tree.from.LazyTableGroup@50d9f103] with identifierForTableGroup [org.frcpm.models.Meeting.attendances.{element}.member] for NavigablePath [org.frcpm.models.Meeting.attendances.{element}.member] 
10:24:13.859 [main] DEBUG org.hibernate.orm.results.graph.AST - DomainResult Graph:
 \-CollectionDomainResult [org.frcpm.models.Meeting.attendances]

10:24:13.859 [main] DEBUG org.hibernate.orm.sql.ast.tree - SQL AST Tree:
    SelectStatement {
      FromClause {
        OneToManyTableGroup (a1 : org.frcpm.models.Meeting.attendances) {
          primaryTableReference : attendances as a1_0
          TableGroupJoins {
            left  join LazyTableGroup (m1 : org.frcpm.models.Meeting.attendances.{element}.meeting) {
            }
            left  join LazyTableGroup (m2 : org.frcpm.models.Meeting.attendances.{element}.member) {
            }
          }
        }
      }
    }

10:24:13.859 [main] DEBUG org.hibernate.orm.jdbc.mutation - Static SQL for collection: org.frcpm.models.Meeting.attendances
10:24:13.859 [main] DEBUG org.hibernate.orm.sql.ast.create - Created new SQL alias : pd1_0
10:24:13.859 [main] DEBUG org.hibernate.orm.sql.ast.create - Registration of TableGroup [CollectionTableGroup(org.frcpm.models.Task.postDependencies)] with identifierForTableGroup [org.frcpm.models.Task.postDependencies] for NavigablePath [org.frcpm.models.Task.postDependencies] 
10:24:13.859 [main] DEBUG org.hibernate.orm.sql.ast.create - Registration of TableGroup [org.hibernate.sql.ast.tree.from.LazyTableGroup@59ef79b7] with identifierForTableGroup [org.frcpm.models.Task.postDependencies.{element}] for NavigablePath [org.frcpm.models.Task.postDependencies.{element}] 
10:24:13.860 [main] DEBUG org.hibernate.orm.sql.ast.create - Created new SQL alias : pd1_1
10:24:13.860 [main] DEBUG org.hibernate.orm.sql.ast.create - Registration of TableGroup [org.hibernate.sql.ast.tree.from.LazyTableGroup@2616c077] with identifierForTableGroup [org.frcpm.models.Task.postDependencies.{element}.project] for NavigablePath [org.frcpm.models.Task.postDependencies.{element}.project] 
10:24:13.860 [main] DEBUG org.hibernate.orm.sql.ast.create - Registration of TableGroup [org.hibernate.sql.ast.tree.from.LazyTableGroup@b220a17] with identifierForTableGroup [org.frcpm.models.Task.postDependencies.{element}.subsystem] for NavigablePath [org.frcpm.models.Task.postDependencies.{element}.subsystem] 
10:24:13.860 [main] DEBUG org.hibernate.orm.results.graph.AST - DomainResult Graph:
 \-CollectionDomainResult [org.frcpm.models.Task.postDependencies]

10:24:13.860 [main] DEBUG org.hibernate.orm.sql.ast.tree - SQL AST Tree:
    SelectStatement {
      FromClause {
        CollectionTableGroup (pd1 : org.frcpm.models.Task.postDependencies) {
          primaryTableReference : task_dependencies as pd1_0
          TableGroupJoins {
             join LazyTableGroup (pd1 : org.frcpm.models.Task.postDependencies.{element}) {
              primaryTableReference : tasks as pd1_1
              TableGroupJoins {
                left  join LazyTableGroup (p1 : org.frcpm.models.Task.postDependencies.{element}.project) {
                }
                left  join LazyTableGroup (s1 : org.frcpm.models.Task.postDependencies.{element}.subsystem) {
                }
              }
            }
          }
        }
      }
    }

10:24:13.860 [main] DEBUG org.hibernate.orm.jdbc.mutation - Static SQL for collection: org.frcpm.models.Task.postDependencies
10:24:13.860 [main] DEBUG org.hibernate.orm.sql.ast.create - Created new SQL alias : t1_0
10:24:13.860 [main] DEBUG org.hibernate.orm.sql.ast.create - Registration of TableGroup [org.hibernate.sql.ast.tree.from.OneToManyTableGroup@3927903e] with identifierForTableGroup [org.frcpm.models.Project.tasks] for NavigablePath [org.frcpm.models.Project.tasks] 
10:24:13.860 [main] DEBUG org.hibernate.orm.sql.ast.create - Registration of TableGroup [StandardTableGroup(org.frcpm.models.Project.tasks.{element})] with identifierForTableGroup [org.frcpm.models.Project.tasks.{element}] for NavigablePath [org.frcpm.models.Project.tasks.{element}] 
10:24:13.860 [main] DEBUG org.hibernate.orm.sql.ast.create - Registration of TableGroup [org.hibernate.sql.ast.tree.from.LazyTableGroup@436739c1] with identifierForTableGroup [org.frcpm.models.Project.tasks.{element}.project] for NavigablePath [org.frcpm.models.Project.tasks.{element}.project] 
10:24:13.860 [main] DEBUG org.hibernate.orm.sql.ast.create - Registration of TableGroup [org.hibernate.sql.ast.tree.from.LazyTableGroup@66d258cc] with identifierForTableGroup [org.frcpm.models.Project.tasks.{element}.subsystem] for NavigablePath [org.frcpm.models.Project.tasks.{element}.subsystem] 
10:24:13.860 [main] DEBUG org.hibernate.orm.results.graph.AST - DomainResult Graph:
 \-CollectionDomainResult [org.frcpm.models.Project.tasks]

10:24:13.860 [main] DEBUG org.hibernate.orm.sql.ast.tree - SQL AST Tree:
    SelectStatement {
      FromClause {
        OneToManyTableGroup (t1 : org.frcpm.models.Project.tasks) {
          primaryTableReference : tasks as t1_0
          TableGroupJoins {
            left  join LazyTableGroup (p1 : org.frcpm.models.Project.tasks.{element}.project) {
            }
            left  join LazyTableGroup (s1 : org.frcpm.models.Project.tasks.{element}.subsystem) {
            }
          }
        }
      }
    }

10:24:13.860 [main] DEBUG org.hibernate.orm.jdbc.mutation - Static SQL for collection: org.frcpm.models.Project.tasks
10:24:13.868 [main] DEBUG org.hibernate.type.spi.TypeConfiguration$Scope - Scoping TypeConfiguration [org.hibernate.type.spi.TypeConfiguration@380bd3a7] to SessionFactoryImplementor [org.hibernate.internal.SessionFactoryImpl@131d6adc]
10:24:13.868 [main] DEBUG org.hibernate.query.named.NamedObjectRepository - Checking 0 named HQL queries
10:24:13.868 [main] DEBUG org.hibernate.query.named.NamedObjectRepository - Checking 0 named SQL queries
10:24:13.869 [FRC-PM-HikariCP connection adder] DEBUG com.zaxxer.hikari.pool.HikariPool - FRC-PM-HikariCP - After adding stats (total=2, active=1, idle=1, waiting=0)
10:24:13.871 [main] DEBUG org.hibernate.mapping.Table - No alter strings for table : attendances
10:24:13.871 [main] DEBUG org.hibernate.SQL - alter table if exists components alter column description set data type TEXT
10:24:13.872 [main] DEBUG org.hibernate.SQL - alter table if exists meetings alter column notes set data type TEXT
10:24:13.872 [main] DEBUG org.hibernate.SQL - alter table if exists milestones alter column description set data type TEXT
10:24:13.873 [main] DEBUG org.hibernate.SQL - alter table if exists projects alter column description set data type TEXT
10:24:13.873 [main] DEBUG org.hibernate.SQL - alter table if exists subsystems alter column description set data type TEXT
10:24:13.873 [main] DEBUG org.hibernate.SQL - alter table if exists subteams alter column specialties set data type TEXT
10:24:13.874 [main] DEBUG org.hibernate.mapping.Table - No alter strings for table : task_assignments
10:24:13.874 [main] DEBUG org.hibernate.mapping.Table - No alter strings for table : task_components
10:24:13.874 [main] DEBUG org.hibernate.mapping.Table - No alter strings for table : task_dependencies
10:24:13.874 [main] DEBUG org.hibernate.SQL - alter table if exists tasks alter column description set data type TEXT
10:24:13.874 [main] DEBUG org.hibernate.SQL - alter table if exists team_members alter column skills set data type TEXT
10:24:13.874 [main] DEBUG org.hibernate.SQL - alter table if exists attendances drop constraint if exists UKa8ydr6vrgbux3a27v7enb0y3x
10:24:13.875 [main] DEBUG org.hibernate.SQL - alter table if exists attendances add constraint UKa8ydr6vrgbux3a27v7enb0y3x unique (meeting_id, member_id)
10:24:13.877 [main] DEBUG org.hibernate.internal.SessionFactoryRegistry - Registering SessionFactory: 6846898d-9a47-481e-9a20-f39f9fc9cbda (<unnamed>)
10:24:13.877 [main] DEBUG org.hibernate.internal.SessionFactoryRegistry - Not binding SessionFactory to JNDI, no JNDI name configured
10:24:13.877 [main] DEBUG org.hibernate.internal.SessionFactoryImpl - Instantiated SessionFactory
10:24:13.878 [main] DEBUG org.hibernate.stat.internal.StatisticsInitiator - Statistics initialized [enabled=false]
10:24:13.878 [main] DEBUG org.hibernate.engine.transaction.internal.TransactionImpl - On TransactionImpl creation, JpaCompliance#isJpaTransactionComplianceEnabled == false
10:24:13.878 [main] DEBUG org.hibernate.engine.transaction.internal.TransactionImpl - begin
10:24:13.878 [main] DEBUG org.hibernate.engine.spi.ActionQueue - Executing identity-insert immediately
10:24:13.878 [main] DEBUG org.hibernate.SQL - insert into projects (description,goal_end_date,hard_deadline,name,start_date,id) values (?,?,?,?,?,default)
10:24:13.878 [main] DEBUG org.hibernate.orm.results - Initializer list is empty
10:24:13.878 [main] DEBUG org.hibernate.orm.results.loading - Calling top-level assembler (0 / 1) : org.hibernate.sql.results.graph.basic.BasicResultAssembler@4ac7dcca
10:24:13.878 [main] DEBUG org.hibernate.orm.results - Extracted JDBC value [0] - [162]
10:24:13.878 [main] DEBUG org.hibernate.id.IdentifierGeneratorHelper - Extracted generated values [org.frcpm.models.Project]: [Ljava.lang.Object;@17946d70
10:24:13.880 [main] DEBUG org.hibernate.event.internal.AbstractFlushingEventListener - Processing flush-time cascades
10:24:13.880 [main] DEBUG org.hibernate.event.internal.AbstractFlushingEventListener - Dirty checking collections
10:24:13.881 [main] DEBUG org.hibernate.engine.internal.Collections - Collection found: [org.frcpm.models.Project.meetings#162], was: [<unreferenced>] (initialized)
10:24:13.881 [main] DEBUG org.hibernate.engine.internal.Collections - Collection found: [org.frcpm.models.Project.milestones#162], was: [<unreferenced>] (initialized)
10:24:13.881 [main] DEBUG org.hibernate.engine.internal.Collections - Collection found: [org.frcpm.models.Project.tasks#162], was: [<unreferenced>] (initialized)
10:24:13.881 [main] DEBUG org.hibernate.event.internal.AbstractFlushingEventListener - Flushed: 0 insertions, 0 updates, 0 deletions to 1 objects
10:24:13.881 [main] DEBUG org.hibernate.event.internal.AbstractFlushingEventListener - Flushed: 3 (re)creations, 0 updates, 0 removals to 3 collections
10:24:13.881 [main] DEBUG org.hibernate.internal.util.EntityPrinter - Listing entities:
10:24:13.881 [main] DEBUG org.hibernate.internal.util.EntityPrinter - org.frcpm.models.Project{hardDeadline=2025-06-20, name=Test Attendance Project, description=null, meetings=[], id=162, goalEndDate=2025-06-06, milestones=[], startDate=2025-04-25, tasks=[]}
10:24:13.881 [main] DEBUG org.hibernate.engine.transaction.internal.TransactionImpl - committing
10:24:13.881 [main] DEBUG org.hibernate.event.internal.AbstractFlushingEventListener - Processing flush-time cascades
10:24:13.881 [main] DEBUG org.hibernate.event.internal.AbstractFlushingEventListener - Dirty checking collections
10:24:13.882 [main] DEBUG org.hibernate.engine.internal.Collections - Collection found: [org.frcpm.models.Project.meetings#162], was: [org.frcpm.models.Project.meetings#162] (initialized)
10:24:13.882 [main] DEBUG org.hibernate.engine.internal.Collections - Collection found: [org.frcpm.models.Project.milestones#162], was: [org.frcpm.models.Project.milestones#162] (initialized)
10:24:13.882 [main] DEBUG org.hibernate.engine.internal.Collections - Collection found: [org.frcpm.models.Project.tasks#162], was: [org.frcpm.models.Project.tasks#162] (initialized)
10:24:13.882 [main] DEBUG org.hibernate.event.internal.AbstractFlushingEventListener - Flushed: 0 insertions, 0 updates, 0 deletions to 1 objects
10:24:13.882 [main] DEBUG org.hibernate.event.internal.AbstractFlushingEventListener - Flushed: 0 (re)creations, 0 updates, 0 removals to 3 collections
10:24:13.882 [main] DEBUG org.hibernate.internal.util.EntityPrinter - Listing entities:
10:24:13.882 [main] DEBUG org.hibernate.internal.util.EntityPrinter - org.frcpm.models.Project{hardDeadline=2025-06-20, name=Test Attendance Project, description=null, meetings=[], id=162, goalEndDate=2025-06-06, milestones=[], startDate=2025-04-25, tasks=[]}
10:24:13.883 [main] DEBUG org.hibernate.resource.jdbc.internal.LogicalConnectionManagedImpl - Initiating JDBC connection release from afterTransaction
10:24:13.883 [main] DEBUG org.hibernate.resource.jdbc.internal.LogicalConnectionManagedImpl - Initiating JDBC connection release from afterTransaction
10:24:13.883 [main] DEBUG org.hibernate.engine.transaction.internal.TransactionImpl - On TransactionImpl creation, JpaCompliance#isJpaTransactionComplianceEnabled == false
10:24:13.883 [main] DEBUG org.hibernate.engine.transaction.internal.TransactionImpl - begin
10:24:13.883 [main] DEBUG org.hibernate.engine.spi.ActionQueue - Executing identity-insert immediately
10:24:13.883 [main] DEBUG org.hibernate.SQL - insert into meetings (date,end_time,notes,project_id,start_time,id) values (?,?,?,?,?,default)
10:24:13.885 [main] DEBUG org.hibernate.orm.results - Initializer list is empty
10:24:13.885 [main] DEBUG org.hibernate.orm.results.loading - Calling top-level assembler (0 / 1) : org.hibernate.sql.results.graph.basic.BasicResultAssembler@14eb502e
10:24:13.885 [main] DEBUG org.hibernate.orm.results - Extracted JDBC value [0] - [94]
10:24:13.885 [main] DEBUG org.hibernate.id.IdentifierGeneratorHelper - Extracted generated values [org.frcpm.models.Meeting]: [Ljava.lang.Object;@f0d10e5
10:24:13.885 [main] DEBUG org.hibernate.event.internal.AbstractFlushingEventListener - Processing flush-time cascades
10:24:13.885 [main] DEBUG org.hibernate.event.internal.AbstractFlushingEventListener - Dirty checking collections
10:24:13.885 [main] DEBUG org.hibernate.engine.internal.Collections - Collection found: [org.frcpm.models.Meeting.attendances#94], was: [<unreferenced>] (initialized)
10:24:13.885 [main] DEBUG org.hibernate.event.internal.AbstractFlushingEventListener - Flushed: 0 insertions, 0 updates, 0 deletions to 1 objects
10:24:13.885 [main] DEBUG org.hibernate.event.internal.AbstractFlushingEventListener - Flushed: 1 (re)creations, 0 updates, 0 removals to 1 collections
10:24:13.885 [main] DEBUG org.hibernate.internal.util.EntityPrinter - Listing entities:
10:24:13.885 [main] DEBUG org.hibernate.internal.util.EntityPrinter - org.frcpm.models.Meeting{date=2025-04-26, notes=null, project=org.frcpm.models.Project#162, startTime=18:00, id=94, endTime=20:00, attendances=[]}
10:24:13.885 [main] DEBUG org.hibernate.engine.transaction.internal.TransactionImpl - committing
10:24:13.885 [main] DEBUG org.hibernate.event.internal.AbstractFlushingEventListener - Processing flush-time cascades
10:24:13.885 [main] DEBUG org.hibernate.event.internal.AbstractFlushingEventListener - Dirty checking collections
10:24:13.887 [main] DEBUG org.hibernate.engine.internal.Collections - Collection found: [org.frcpm.models.Meeting.attendances#94], was: [org.frcpm.models.Meeting.attendances#94] (initialized)
10:24:13.887 [main] DEBUG org.hibernate.event.internal.AbstractFlushingEventListener - Flushed: 0 insertions, 0 updates, 0 deletions to 1 objects
10:24:13.887 [main] DEBUG org.hibernate.event.internal.AbstractFlushingEventListener - Flushed: 0 (re)creations, 0 updates, 0 removals to 1 collections
10:24:13.887 [main] DEBUG org.hibernate.internal.util.EntityPrinter - Listing entities:
10:24:13.887 [main] DEBUG org.hibernate.internal.util.EntityPrinter - org.frcpm.models.Meeting{date=2025-04-26, notes=null, project=org.frcpm.models.Project#162, startTime=18:00, id=94, endTime=20:00, attendances=[]}
10:24:13.887 [main] DEBUG org.hibernate.resource.jdbc.internal.LogicalConnectionManagedImpl - Initiating JDBC connection release from afterTransaction
10:24:13.887 [main] DEBUG org.hibernate.resource.jdbc.internal.LogicalConnectionManagedImpl - Initiating JDBC connection release from afterTransaction
10:24:13.887 [main] DEBUG org.hibernate.engine.transaction.internal.TransactionImpl - On TransactionImpl creation, JpaCompliance#isJpaTransactionComplianceEnabled == false
10:24:13.887 [main] DEBUG org.hibernate.engine.transaction.internal.TransactionImpl - begin
10:24:13.888 [main] DEBUG org.hibernate.engine.spi.ActionQueue - Executing identity-insert immediately
10:24:13.888 [main] DEBUG org.hibernate.SQL - insert into team_members (email,first_name,last_name,is_leader,phone,skills,subteam_id,username,id) values (?,?,?,?,?,?,?,?,default)
10:24:13.888 [main] DEBUG org.hibernate.orm.results - Initializer list is empty
10:24:13.889 [main] DEBUG org.hibernate.orm.results.loading - Calling top-level assembler (0 / 1) : org.hibernate.sql.results.graph.basic.BasicResultAssembler@54fe55ae
10:24:13.889 [main] DEBUG org.hibernate.orm.results - Extracted JDBC value [0] - [145]
10:24:13.889 [main] DEBUG org.hibernate.id.IdentifierGeneratorHelper - Extracted generated values [org.frcpm.models.TeamMember]: [Ljava.lang.Object;@741b16d1
10:24:13.889 [main] DEBUG org.hibernate.event.internal.AbstractFlushingEventListener - Processing flush-time cascades
10:24:13.889 [main] DEBUG org.hibernate.event.internal.AbstractFlushingEventListener - Dirty checking collections
10:24:13.889 [main] DEBUG org.hibernate.engine.internal.Collections - Collection found: [org.frcpm.models.TeamMember.assignedTasks#145], was: [<unreferenced>] (initialized)
10:24:13.889 [main] DEBUG org.hibernate.engine.internal.Collections - Collection found: [org.frcpm.models.TeamMember.attendances#145], was: [<unreferenced>] (initialized)
10:24:13.889 [main] DEBUG org.hibernate.event.internal.AbstractFlushingEventListener - Flushed: 0 insertions, 0 updates, 0 deletions to 1 objects
10:24:13.889 [main] DEBUG org.hibernate.event.internal.AbstractFlushingEventListener - Flushed: 2 (re)creations, 0 updates, 0 removals to 2 collections
10:24:13.889 [main] DEBUG org.hibernate.internal.util.EntityPrinter - Listing entities:
10:24:13.889 [main] DEBUG org.hibernate.internal.util.EntityPrinter - org.frcpm.models.TeamMember{skills=null, firstName=Attendance, lastName=Test1, leader=false, subteam=null, phone=null, id=145, attendances=[], email=attendance1@example.com, assignedTasks=[], username=attendancetest1}
10:24:13.889 [main] DEBUG org.hibernate.engine.transaction.internal.TransactionImpl - committing
10:24:13.889 [main] DEBUG org.hibernate.event.internal.AbstractFlushingEventListener - Processing flush-time cascades
10:24:13.889 [main] DEBUG org.hibernate.event.internal.AbstractFlushingEventListener - Dirty checking collections
10:24:13.889 [main] DEBUG org.hibernate.engine.internal.Collections - Collection found: [org.frcpm.models.TeamMember.assignedTasks#145], was: [org.frcpm.models.TeamMember.assignedTasks#145] (initialized)
10:24:13.889 [main] DEBUG org.hibernate.engine.internal.Collections - Collection found: [org.frcpm.models.TeamMember.attendances#145], was: [org.frcpm.models.TeamMember.attendances#145] (initialized)
10:24:13.889 [main] DEBUG org.hibernate.event.internal.AbstractFlushingEventListener - Flushed: 0 insertions, 0 updates, 0 deletions to 1 objects
10:24:13.889 [main] DEBUG org.hibernate.event.internal.AbstractFlushingEventListener - Flushed: 0 (re)creations, 0 updates, 0 removals to 2 collections
10:24:13.889 [main] DEBUG org.hibernate.internal.util.EntityPrinter - Listing entities:
10:24:13.889 [main] DEBUG org.hibernate.internal.util.EntityPrinter - org.frcpm.models.TeamMember{skills=null, firstName=Attendance, lastName=Test1, leader=false, subteam=null, phone=null, id=145, attendances=[], email=attendance1@example.com, assignedTasks=[], username=attendancetest1}
10:24:13.889 [main] DEBUG org.hibernate.resource.jdbc.internal.LogicalConnectionManagedImpl - Initiating JDBC connection release from afterTransaction
10:24:13.889 [main] DEBUG org.hibernate.resource.jdbc.internal.LogicalConnectionManagedImpl - Initiating JDBC connection release from afterTransaction
10:24:13.889 [main] DEBUG org.hibernate.engine.transaction.internal.TransactionImpl - On TransactionImpl creation, JpaCompliance#isJpaTransactionComplianceEnabled == false
10:24:13.889 [main] DEBUG org.hibernate.engine.transaction.internal.TransactionImpl - begin
10:24:13.890 [main] DEBUG org.hibernate.engine.spi.ActionQueue - Executing identity-insert immediately
10:24:13.890 [main] DEBUG org.hibernate.SQL - insert into team_members (email,first_name,last_name,is_leader,phone,skills,subteam_id,username,id) values (?,?,?,?,?,?,?,?,default)
10:24:13.890 [main] DEBUG org.hibernate.orm.results - Initializer list is empty
10:24:13.890 [main] DEBUG org.hibernate.orm.results.loading - Calling top-level assembler (0 / 1) : org.hibernate.sql.results.graph.basic.BasicResultAssembler@54d38a4f
10:24:13.890 [main] DEBUG org.hibernate.orm.results - Extracted JDBC value [0] - [146]
10:24:13.890 [main] DEBUG org.hibernate.id.IdentifierGeneratorHelper - Extracted generated values [org.frcpm.models.TeamMember]: [Ljava.lang.Object;@39fc33e6
10:24:13.890 [main] DEBUG org.hibernate.event.internal.AbstractFlushingEventListener - Processing flush-time cascades
10:24:13.890 [main] DEBUG org.hibernate.event.internal.AbstractFlushingEventListener - Dirty checking collections
10:24:13.890 [main] DEBUG org.hibernate.engine.internal.Collections - Collection found: [org.frcpm.models.TeamMember.assignedTasks#146], was: [<unreferenced>] (initialized)
10:24:13.890 [main] DEBUG org.hibernate.engine.internal.Collections - Collection found: [org.frcpm.models.TeamMember.attendances#146], was: [<unreferenced>] (initialized)
10:24:13.890 [main] DEBUG org.hibernate.event.internal.AbstractFlushingEventListener - Flushed: 0 insertions, 0 updates, 0 deletions to 1 objects
10:24:13.890 [main] DEBUG org.hibernate.event.internal.AbstractFlushingEventListener - Flushed: 2 (re)creations, 0 updates, 0 removals to 2 collections
10:24:13.890 [main] DEBUG org.hibernate.internal.util.EntityPrinter - Listing entities:
10:24:13.890 [main] DEBUG org.hibernate.internal.util.EntityPrinter - org.frcpm.models.TeamMember{skills=null, firstName=Attendance, lastName=Test2, leader=false, subteam=null, phone=null, id=146, attendances=[], email=attendance2@example.com, assignedTasks=[], username=attendancetest2}
10:24:13.890 [main] DEBUG org.hibernate.engine.transaction.internal.TransactionImpl - committing
10:24:13.890 [main] DEBUG org.hibernate.event.internal.AbstractFlushingEventListener - Processing flush-time cascades
10:24:13.890 [main] DEBUG org.hibernate.event.internal.AbstractFlushingEventListener - Dirty checking collections
10:24:13.890 [main] DEBUG org.hibernate.engine.internal.Collections - Collection found: [org.frcpm.models.TeamMember.assignedTasks#146], was: [org.frcpm.models.TeamMember.assignedTasks#146] (initialized)
10:24:13.891 [main] DEBUG org.hibernate.engine.internal.Collections - Collection found: [org.frcpm.models.TeamMember.attendances#146], was: [org.frcpm.models.TeamMember.attendances#146] (initialized)
10:24:13.891 [main] DEBUG org.hibernate.event.internal.AbstractFlushingEventListener - Flushed: 0 insertions, 0 updates, 0 deletions to 1 objects
10:24:13.891 [main] DEBUG org.hibernate.event.internal.AbstractFlushingEventListener - Flushed: 0 (re)creations, 0 updates, 0 removals to 2 collections
10:24:13.891 [main] DEBUG org.hibernate.internal.util.EntityPrinter - Listing entities:
10:24:13.891 [main] DEBUG org.hibernate.internal.util.EntityPrinter - org.frcpm.models.TeamMember{skills=null, firstName=Attendance, lastName=Test2, leader=false, subteam=null, phone=null, id=146, attendances=[], email=attendance2@example.com, assignedTasks=[], username=attendancetest2}
10:24:13.891 [main] DEBUG org.hibernate.resource.jdbc.internal.LogicalConnectionManagedImpl - Initiating JDBC connection release from afterTransaction
10:24:13.891 [main] DEBUG org.hibernate.resource.jdbc.internal.LogicalConnectionManagedImpl - Initiating JDBC connection release from afterTransaction
10:24:13.891 [main] DEBUG org.hibernate.engine.transaction.internal.TransactionImpl - On TransactionImpl creation, JpaCompliance#isJpaTransactionComplianceEnabled == false
10:24:13.891 [main] DEBUG org.hibernate.engine.transaction.internal.TransactionImpl - begin
10:24:13.891 [main] DEBUG org.hibernate.engine.spi.ActionQueue - Executing identity-insert immediately
10:24:13.891 [main] DEBUG org.hibernate.SQL - insert into attendances (arrival_time,departure_time,meeting_id,member_id,present,id) values (?,?,?,?,?,default)
10:24:13.892 [main] DEBUG org.hibernate.orm.results - Initializer list is empty
10:24:13.892 [main] DEBUG org.hibernate.orm.results.loading - Calling top-level assembler (0 / 1) : org.hibernate.sql.results.graph.basic.BasicResultAssembler@32c65747
10:24:13.892 [main] DEBUG org.hibernate.orm.results - Extracted JDBC value [0] - [88]
10:24:13.892 [main] DEBUG org.hibernate.id.IdentifierGeneratorHelper - Extracted generated values [org.frcpm.models.Attendance]: [Ljava.lang.Object;@5c4b030c
10:24:13.892 [main] DEBUG org.hibernate.event.internal.AbstractFlushingEventListener - Processing flush-time cascades
10:24:13.892 [main] DEBUG org.hibernate.event.internal.AbstractFlushingEventListener - Dirty checking collections
10:24:13.892 [main] DEBUG org.hibernate.event.internal.AbstractFlushingEventListener - Flushed: 0 insertions, 0 updates, 0 deletions to 1 objects
10:24:13.892 [main] DEBUG org.hibernate.event.internal.AbstractFlushingEventListener - Flushed: 0 (re)creations, 0 updates, 0 removals to 0 collections
10:24:13.892 [main] DEBUG org.hibernate.internal.util.EntityPrinter - Listing entities:
10:24:13.892 [main] DEBUG org.hibernate.internal.util.EntityPrinter - org.frcpm.models.Attendance{departureTime=20:00, arrivalTime=18:00, member=org.frcpm.models.TeamMember#145, id=88, present=true, meeting=org.frcpm.models.Meeting#94}
10:24:13.892 [main] DEBUG org.hibernate.engine.transaction.internal.TransactionImpl - committing
10:24:13.892 [main] DEBUG org.hibernate.event.internal.AbstractFlushingEventListener - Processing flush-time cascades
10:24:13.892 [main] DEBUG org.hibernate.event.internal.AbstractFlushingEventListener - Dirty checking collections
10:24:13.892 [main] DEBUG org.hibernate.event.internal.AbstractFlushingEventListener - Flushed: 0 insertions, 0 updates, 0 deletions to 1 objects
10:24:13.892 [main] DEBUG org.hibernate.event.internal.AbstractFlushingEventListener - Flushed: 0 (re)creations, 0 updates, 0 removals to 0 collections
10:24:13.892 [main] DEBUG org.hibernate.internal.util.EntityPrinter - Listing entities:
10:24:13.892 [main] DEBUG org.hibernate.internal.util.EntityPrinter - org.frcpm.models.Attendance{departureTime=20:00, arrivalTime=18:00, member=org.frcpm.models.TeamMember#145, id=88, present=true, meeting=org.frcpm.models.Meeting#94}
10:24:13.892 [main] DEBUG org.hibernate.resource.jdbc.internal.LogicalConnectionManagedImpl - Initiating JDBC connection release from afterTransaction
10:24:13.892 [main] DEBUG org.hibernate.resource.jdbc.internal.LogicalConnectionManagedImpl - Initiating JDBC connection release from afterTransaction
10:24:13.892 [main] DEBUG org.hibernate.engine.transaction.internal.TransactionImpl - On TransactionImpl creation, JpaCompliance#isJpaTransactionComplianceEnabled == false
10:24:13.892 [main] DEBUG org.hibernate.engine.transaction.internal.TransactionImpl - begin
10:24:13.892 [main] DEBUG org.hibernate.engine.spi.ActionQueue - Executing identity-insert immediately
10:24:13.893 [main] DEBUG org.hibernate.SQL - insert into attendances (arrival_time,departure_time,meeting_id,member_id,present,id) values (?,?,?,?,?,default)
10:24:13.893 [main] DEBUG org.hibernate.orm.results - Initializer list is empty
10:24:13.893 [main] DEBUG org.hibernate.orm.results.loading - Calling top-level assembler (0 / 1) : org.hibernate.sql.results.graph.basic.BasicResultAssembler@3a2877de
10:24:13.893 [main] DEBUG org.hibernate.orm.results - Extracted JDBC value [0] - [89]
10:24:13.893 [main] DEBUG org.hibernate.id.IdentifierGeneratorHelper - Extracted generated values [org.frcpm.models.Attendance]: [Ljava.lang.Object;@176d5a9a
10:24:13.893 [main] DEBUG org.hibernate.event.internal.AbstractFlushingEventListener - Processing flush-time cascades
10:24:13.893 [main] DEBUG org.hibernate.event.internal.AbstractFlushingEventListener - Dirty checking collections
10:24:13.893 [main] DEBUG org.hibernate.event.internal.AbstractFlushingEventListener - Flushed: 0 insertions, 0 updates, 0 deletions to 1 objects
10:24:13.893 [main] DEBUG org.hibernate.event.internal.AbstractFlushingEventListener - Flushed: 0 (re)creations, 0 updates, 0 removals to 0 collections
10:24:13.893 [main] DEBUG org.hibernate.internal.util.EntityPrinter - Listing entities:
10:24:13.893 [main] DEBUG org.hibernate.internal.util.EntityPrinter - org.frcpm.models.Attendance{departureTime=null, arrivalTime=null, member=org.frcpm.models.TeamMember#146, id=89, present=false, meeting=org.frcpm.models.Meeting#94}
10:24:13.893 [main] DEBUG org.hibernate.engine.transaction.internal.TransactionImpl - committing
10:24:13.893 [main] DEBUG org.hibernate.event.internal.AbstractFlushingEventListener - Processing flush-time cascades
10:24:13.893 [main] DEBUG org.hibernate.event.internal.AbstractFlushingEventListener - Dirty checking collections
10:24:13.893 [main] DEBUG org.hibernate.event.internal.AbstractFlushingEventListener - Flushed: 0 insertions, 0 updates, 0 deletions to 1 objects
10:24:13.893 [main] DEBUG org.hibernate.event.internal.AbstractFlushingEventListener - Flushed: 0 (re)creations, 0 updates, 0 removals to 0 collections
10:24:13.893 [main] DEBUG org.hibernate.internal.util.EntityPrinter - Listing entities:
10:24:13.893 [main] DEBUG org.hibernate.internal.util.EntityPrinter - org.frcpm.models.Attendance{departureTime=null, arrivalTime=null, member=org.frcpm.models.TeamMember#146, id=89, present=false, meeting=org.frcpm.models.Meeting#94}
10:24:13.893 [main] DEBUG org.hibernate.resource.jdbc.internal.LogicalConnectionManagedImpl - Initiating JDBC connection release from afterTransaction
10:24:13.893 [main] DEBUG org.hibernate.resource.jdbc.internal.LogicalConnectionManagedImpl - Initiating JDBC connection release from afterTransaction
10:24:13.898 [main] DEBUG org.hibernate.orm.sql.ast.create - Created new SQL alias : a1_0
10:24:13.899 [main] DEBUG org.hibernate.orm.sql.ast.create - Registration of TableGroup [StandardTableGroup(org.frcpm.models.Attendance(959670180735700))] with identifierForTableGroup [org.frcpm.models.Attendance] for NavigablePath [org.frcpm.models.Attendance] 
10:24:13.904 [main] DEBUG org.hibernate.orm.results.graph.AST - DomainResult Graph:
 \-BasicResult

10:24:13.904 [main] DEBUG org.hibernate.orm.sql.ast.tree - SQL AST Tree:
    SelectStatement {
      FromClause {
        StandardTableGroup (a1 : org.frcpm.models.Attendance(959670180735700)) {
          primaryTableReference : attendances as a1_0
        }
      }
    }

10:24:13.905 [main] DEBUG org.hibernate.orm.sql.exec - Skipping reading Query result cache data: cache-enabled = false, cache-mode = NORMAL
10:24:13.905 [main] DEBUG org.hibernate.orm.results - Initializer list is empty
10:24:13.905 [main] DEBUG org.hibernate.SQL - select count(a1_0.id) from attendances a1_0
10:24:13.906 [main] DEBUG org.hibernate.orm.results.loading - Calling top-level assembler (0 / 1) : org.hibernate.sql.results.graph.basic.BasicResultAssembler@3d0a2f02
10:24:13.906 [main] DEBUG org.hibernate.orm.results - Extracted JDBC value [0] - [14]
10:24:13.906 [main] DEBUG org.hibernate.resource.jdbc.internal.LogicalConnectionManagedImpl - Initiating JDBC connection release from afterTransaction
10:24:13.906 [main] DEBUG org.hibernate.resource.jdbc.internal.LogicalConnectionManagedImpl - Initiating JDBC connection release from afterTransaction
10:24:13.906 [main] DEBUG org.hibernate.engine.transaction.internal.TransactionImpl - On TransactionImpl creation, JpaCompliance#isJpaTransactionComplianceEnabled == false
10:24:13.906 [main] DEBUG org.hibernate.engine.transaction.internal.TransactionImpl - begin
10:24:13.906 [main] DEBUG org.hibernate.engine.spi.ActionQueue - Executing identity-insert immediately
10:24:13.907 [main] DEBUG org.hibernate.SQL - insert into meetings (date,end_time,notes,project_id,start_time,id) values (?,?,?,?,?,default)
10:24:13.907 [main] DEBUG org.hibernate.orm.results - Initializer list is empty
10:24:13.907 [main] DEBUG org.hibernate.orm.results.loading - Calling top-level assembler (0 / 1) : org.hibernate.sql.results.graph.basic.BasicResultAssembler@7fea8b42
10:24:13.907 [main] DEBUG org.hibernate.orm.results - Extracted JDBC value [0] - [95]
10:24:13.907 [main] DEBUG org.hibernate.id.IdentifierGeneratorHelper - Extracted generated values [org.frcpm.models.Meeting]: [Ljava.lang.Object;@891bb8a
10:24:13.908 [main] DEBUG org.hibernate.event.internal.AbstractFlushingEventListener - Processing flush-time cascades
10:24:13.908 [main] DEBUG org.hibernate.event.internal.AbstractFlushingEventListener - Dirty checking collections
10:24:13.908 [main] DEBUG org.hibernate.engine.internal.Collections - Collection found: [org.frcpm.models.Meeting.attendances#95], was: [<unreferenced>] (initialized)
10:24:13.908 [main] DEBUG org.hibernate.event.internal.AbstractFlushingEventListener - Flushed: 0 insertions, 0 updates, 0 deletions to 1 objects
10:24:13.908 [main] DEBUG org.hibernate.event.internal.AbstractFlushingEventListener - Flushed: 1 (re)creations, 0 updates, 0 removals to 1 collections
10:24:13.908 [main] DEBUG org.hibernate.internal.util.EntityPrinter - Listing entities:
10:24:13.908 [main] DEBUG org.hibernate.internal.util.EntityPrinter - org.frcpm.models.Meeting{date=2025-05-15, notes=null, project=org.frcpm.models.Project#162, startTime=18:00, id=95, endTime=20:00, attendances=[]}
10:24:13.908 [main] DEBUG org.hibernate.engine.transaction.internal.TransactionImpl - committing
10:24:13.908 [main] DEBUG org.hibernate.event.internal.AbstractFlushingEventListener - Processing flush-time cascades
10:24:13.908 [main] DEBUG org.hibernate.event.internal.AbstractFlushingEventListener - Dirty checking collections
10:24:13.908 [main] DEBUG org.hibernate.engine.internal.Collections - Collection found: [org.frcpm.models.Meeting.attendances#95], was: [org.frcpm.models.Meeting.attendances#95] (initialized)
10:24:13.909 [main] DEBUG org.hibernate.event.internal.AbstractFlushingEventListener - Flushed: 0 insertions, 0 updates, 0 deletions to 1 objects
10:24:13.909 [main] DEBUG org.hibernate.event.internal.AbstractFlushingEventListener - Flushed: 0 (re)creations, 0 updates, 0 removals to 1 collections
10:24:13.909 [main] DEBUG org.hibernate.internal.util.EntityPrinter - Listing entities:
10:24:13.909 [main] DEBUG org.hibernate.internal.util.EntityPrinter - org.frcpm.models.Meeting{date=2025-05-15, notes=null, project=org.frcpm.models.Project#162, startTime=18:00, id=95, endTime=20:00, attendances=[]}
10:24:13.909 [main] DEBUG org.hibernate.resource.jdbc.internal.LogicalConnectionManagedImpl - Initiating JDBC connection release from afterTransaction
10:24:13.909 [main] DEBUG org.hibernate.resource.jdbc.internal.LogicalConnectionManagedImpl - Initiating JDBC connection release from afterTransaction
10:24:13.909 [main] DEBUG org.hibernate.engine.transaction.internal.TransactionImpl - On TransactionImpl creation, JpaCompliance#isJpaTransactionComplianceEnabled == false
10:24:13.909 [main] DEBUG org.hibernate.engine.transaction.internal.TransactionImpl - begin
10:24:13.909 [main] DEBUG org.hibernate.engine.spi.ActionQueue - Executing identity-insert immediately
10:24:13.909 [main] DEBUG org.hibernate.SQL - insert into team_members (email,first_name,last_name,is_leader,phone,skills,subteam_id,username,id) values (?,?,?,?,?,?,?,?,default)
10:24:13.910 [main] DEBUG org.hibernate.orm.results - Initializer list is empty
10:24:13.910 [main] DEBUG org.hibernate.orm.results.loading - Calling top-level assembler (0 / 1) : org.hibernate.sql.results.graph.basic.BasicResultAssembler@4ba2fe
10:24:13.910 [main] DEBUG org.hibernate.orm.results - Extracted JDBC value [0] - [147]
10:24:13.910 [main] DEBUG org.hibernate.id.IdentifierGeneratorHelper - Extracted generated values [org.frcpm.models.TeamMember]: [Ljava.lang.Object;@4290a321
10:24:13.910 [main] DEBUG org.hibernate.event.internal.AbstractFlushingEventListener - Processing flush-time cascades
10:24:13.910 [main] DEBUG org.hibernate.event.internal.AbstractFlushingEventListener - Dirty checking collections
10:24:13.910 [main] DEBUG org.hibernate.engine.internal.Collections - Collection found: [org.frcpm.models.TeamMember.assignedTasks#147], was: [<unreferenced>] (initialized)
10:24:13.910 [main] DEBUG org.hibernate.engine.internal.Collections - Collection found: [org.frcpm.models.TeamMember.attendances#147], was: [<unreferenced>] (initialized)
10:24:13.910 [main] DEBUG org.hibernate.event.internal.AbstractFlushingEventListener - Flushed: 0 insertions, 0 updates, 0 deletions to 1 objects
10:24:13.910 [main] DEBUG org.hibernate.event.internal.AbstractFlushingEventListener - Flushed: 2 (re)creations, 0 updates, 0 removals to 2 collections
10:24:13.910 [main] DEBUG org.hibernate.internal.util.EntityPrinter - Listing entities:
10:24:13.910 [main] DEBUG org.hibernate.internal.util.EntityPrinter - org.frcpm.models.TeamMember{skills=null, firstName=Count, lastName=Test, leader=false, subteam=null, phone=null, id=147, attendances=[], email=count@example.com, assignedTasks=[], username=attendancecount}
10:24:13.910 [main] DEBUG org.hibernate.engine.transaction.internal.TransactionImpl - committing
10:24:13.910 [main] DEBUG org.hibernate.event.internal.AbstractFlushingEventListener - Processing flush-time cascades
10:24:13.910 [main] DEBUG org.hibernate.event.internal.AbstractFlushingEventListener - Dirty checking collections
10:24:13.910 [main] DEBUG org.hibernate.engine.internal.Collections - Collection found: [org.frcpm.models.TeamMember.assignedTasks#147], was: [org.frcpm.models.TeamMember.assignedTasks#147] (initialized)
10:24:13.910 [main] DEBUG org.hibernate.engine.internal.Collections - Collection found: [org.frcpm.models.TeamMember.attendances#147], was: [org.frcpm.models.TeamMember.attendances#147] (initialized)
10:24:13.910 [main] DEBUG org.hibernate.event.internal.AbstractFlushingEventListener - Flushed: 0 insertions, 0 updates, 0 deletions to 1 objects
10:24:13.910 [main] DEBUG org.hibernate.event.internal.AbstractFlushingEventListener - Flushed: 0 (re)creations, 0 updates, 0 removals to 2 collections
10:24:13.910 [main] DEBUG org.hibernate.internal.util.EntityPrinter - Listing entities:
10:24:13.910 [main] DEBUG org.hibernate.internal.util.EntityPrinter - org.frcpm.models.TeamMember{skills=null, firstName=Count, lastName=Test, leader=false, subteam=null, phone=null, id=147, attendances=[], email=count@example.com, assignedTasks=[], username=attendancecount}
10:24:13.911 [main] DEBUG org.hibernate.resource.jdbc.internal.LogicalConnectionManagedImpl - Initiating JDBC connection release from afterTransaction
10:24:13.911 [main] DEBUG org.hibernate.resource.jdbc.internal.LogicalConnectionManagedImpl - Initiating JDBC connection release from afterTransaction
10:24:13.911 [main] DEBUG org.hibernate.engine.transaction.internal.TransactionImpl - On TransactionImpl creation, JpaCompliance#isJpaTransactionComplianceEnabled == false
10:24:13.911 [main] DEBUG org.hibernate.engine.transaction.internal.TransactionImpl - begin
10:24:13.911 [main] DEBUG org.hibernate.engine.spi.ActionQueue - Executing identity-insert immediately
10:24:13.911 [main] DEBUG org.hibernate.SQL - insert into attendances (arrival_time,departure_time,meeting_id,member_id,present,id) values (?,?,?,?,?,default)
10:24:13.911 [main] DEBUG org.hibernate.orm.results - Initializer list is empty
10:24:13.911 [main] DEBUG org.hibernate.orm.results.loading - Calling top-level assembler (0 / 1) : org.hibernate.sql.results.graph.basic.BasicResultAssembler@64b108b8
10:24:13.911 [main] DEBUG org.hibernate.orm.results - Extracted JDBC value [0] - [90]
10:24:13.911 [main] DEBUG org.hibernate.id.IdentifierGeneratorHelper - Extracted generated values [org.frcpm.models.Attendance]: [Ljava.lang.Object;@4838ccdd
10:24:13.911 [main] DEBUG org.hibernate.event.internal.AbstractFlushingEventListener - Processing flush-time cascades
10:24:13.911 [main] DEBUG org.hibernate.event.internal.AbstractFlushingEventListener - Dirty checking collections
10:24:13.911 [main] DEBUG org.hibernate.event.internal.AbstractFlushingEventListener - Flushed: 0 insertions, 0 updates, 0 deletions to 1 objects
10:24:13.911 [main] DEBUG org.hibernate.event.internal.AbstractFlushingEventListener - Flushed: 0 (re)creations, 0 updates, 0 removals to 0 collections
10:24:13.911 [main] DEBUG org.hibernate.internal.util.EntityPrinter - Listing entities:
10:24:13.911 [main] DEBUG org.hibernate.internal.util.EntityPrinter - org.frcpm.models.Attendance{departureTime=null, arrivalTime=18:00, member=org.frcpm.models.TeamMember#147, id=90, present=true, meeting=org.frcpm.models.Meeting#95}
10:24:13.911 [main] DEBUG org.hibernate.engine.transaction.internal.TransactionImpl - committing
10:24:13.911 [main] DEBUG org.hibernate.event.internal.AbstractFlushingEventListener - Processing flush-time cascades
10:24:13.911 [main] DEBUG org.hibernate.event.internal.AbstractFlushingEventListener - Dirty checking collections
10:24:13.911 [main] DEBUG org.hibernate.event.internal.AbstractFlushingEventListener - Flushed: 0 insertions, 0 updates, 0 deletions to 1 objects
10:24:13.911 [main] DEBUG org.hibernate.event.internal.AbstractFlushingEventListener - Flushed: 0 (re)creations, 0 updates, 0 removals to 0 collections
10:24:13.911 [main] DEBUG org.hibernate.internal.util.EntityPrinter - Listing entities:
10:24:13.911 [main] DEBUG org.hibernate.internal.util.EntityPrinter - org.frcpm.models.Attendance{departureTime=null, arrivalTime=18:00, member=org.frcpm.models.TeamMember#147, id=90, present=true, meeting=org.frcpm.models.Meeting#95}
10:24:13.912 [main] DEBUG org.hibernate.resource.jdbc.internal.LogicalConnectionManagedImpl - Initiating JDBC connection release from afterTransaction
10:24:13.912 [main] DEBUG org.hibernate.resource.jdbc.internal.LogicalConnectionManagedImpl - Initiating JDBC connection release from afterTransaction
10:24:13.912 [main] DEBUG org.hibernate.orm.sql.ast.create - Created new SQL alias : a1_0
10:24:13.912 [main] DEBUG org.hibernate.orm.sql.ast.create - Registration of TableGroup [StandardTableGroup(org.frcpm.models.Attendance(959670198154100))] with identifierForTableGroup [org.frcpm.models.Attendance] for NavigablePath [org.frcpm.models.Attendance] 
10:24:13.912 [main] DEBUG org.hibernate.orm.results.graph.AST - DomainResult Graph:
 \-BasicResult

10:24:13.912 [main] DEBUG org.hibernate.orm.sql.ast.tree - SQL AST Tree:
    SelectStatement {
      FromClause {
        StandardTableGroup (a1 : org.frcpm.models.Attendance(959670198154100)) {
          primaryTableReference : attendances as a1_0
        }
      }
    }

10:24:13.912 [main] DEBUG org.hibernate.orm.sql.exec - Skipping reading Query result cache data: cache-enabled = false, cache-mode = NORMAL
10:24:13.912 [main] DEBUG org.hibernate.orm.results - Initializer list is empty
10:24:13.912 [main] DEBUG org.hibernate.SQL - select count(a1_0.id) from attendances a1_0
10:24:13.912 [main] DEBUG org.hibernate.orm.results.loading - Calling top-level assembler (0 / 1) : org.hibernate.sql.results.graph.basic.BasicResultAssembler@2cfc616
10:24:13.912 [main] DEBUG org.hibernate.orm.results - Extracted JDBC value [0] - [15]
10:24:13.912 [main] DEBUG org.hibernate.resource.jdbc.internal.LogicalConnectionManagedImpl - Initiating JDBC connection release from afterTransaction
10:24:13.912 [main] DEBUG org.hibernate.resource.jdbc.internal.LogicalConnectionManagedImpl - Initiating JDBC connection release from afterTransaction
10:24:13.913 [main] DEBUG org.hibernate.orm.query.hql - HQL : SELECT a FROM Attendance a WHERE a.meeting = :meeting AND a.member = :member
10:24:13.924 [main] DEBUG org.hibernate.orm.query.hql.reservedWordAsIdentifier - Encountered use of reserved word as identifier : =
10:24:13.924 [main] DEBUG org.hibernate.orm.query.hql.reservedWordAsIdentifier - Encountered use of reserved word as identifier : <EOF>
10:24:13.925 [main] DEBUG org.hibernate.orm.query.sqm.creation - Applying inferable type to SqmExpression [SqmNamedParameter(meeting)] : null -> org.frcpm.models.Attendance#meeting(MANY_TO_ONE)
10:24:13.926 [main] DEBUG org.hibernate.orm.query.sqm.creation - Applying inferable type to SqmExpression [SqmNamedParameter(member)] : null -> org.frcpm.models.Attendance#member(MANY_TO_ONE)
10:24:13.928 [main] DEBUG org.hibernate.orm.query.sqm.ast - SqmStatement Tree :
    -> [select]
      -> [query-spec]
        -> [select]
          -> [selection]
            -> [root] - `org.frcpm.models.Attendance(a)`
            <- [root] - `org.frcpm.models.Attendance(a)`
          <- [selection]
        <- [select]
        -> [from]
          -> [root] - `org.frcpm.models.Attendance(a)`
          <- [root] - `org.frcpm.models.Attendance(a)`
        <- [from]
        -> [where]
          -> [and]
            -> [EQUAL]
                -> [entity-path] - `org.frcpm.models.Attendance(a).meeting`
                :meeting
            <- [EQUAL]
            -> [EQUAL]
                -> [entity-path] - `org.frcpm.models.Attendance(a).member`
                :member
            <- [EQUAL]
          <- [and]
        <- [where]
      <- [query-spec]
    <- [select]

10:24:13.929 [main] DEBUG org.hibernate.orm.sql.ast.create - Created new SQL alias : a1_0
10:24:13.929 [main] DEBUG org.hibernate.orm.sql.ast.create - Registration of TableGroup [StandardTableGroup(org.frcpm.models.Attendance(a))] with identifierForTableGroup [org.frcpm.models.Attendance] for NavigablePath [org.frcpm.models.Attendance] 
10:24:13.929 [main] DEBUG org.hibernate.orm.sql.ast.create - Registration of TableGroup [org.hibernate.sql.ast.tree.from.LazyTableGroup@320aad1b] with identifierForTableGroup [org.frcpm.models.Attendance.meeting] for NavigablePath [org.frcpm.models.Attendance.meeting] 
10:24:13.930 [main] DEBUG org.hibernate.orm.sql.ast.create - Registration of TableGroup [org.hibernate.sql.ast.tree.from.LazyTableGroup@5167b1b1] with identifierForTableGroup [org.frcpm.models.Attendance.member] for NavigablePath [org.frcpm.models.Attendance.member] 
10:24:13.930 [main] DEBUG org.hibernate.orm.sql.ast.create - Registration of TableGroup [org.hibernate.sql.ast.tree.from.LazyTableGroup@40f538fa] with identifierForTableGroup [org.frcpm.models.Attendance.meeting] for NavigablePath [org.frcpm.models.Attendance.meeting] 
10:24:13.930 [main] DEBUG org.hibernate.orm.sql.ast.create - Registration of TableGroup [org.hibernate.sql.ast.tree.from.LazyTableGroup@40f538fa] for NavigablePath [org.frcpm.models.Attendance(a).meeting] overrode previous registration : org.hibernate.sql.ast.tree.from.LazyTableGroup@320aad1b
10:24:13.930 [main] DEBUG org.hibernate.query.sqm.sql.BaseSqmToSqlAstConverter - Determining mapping-model type for SqmParameter : SqmNamedParameter(meeting)
10:24:13.930 [main] DEBUG org.hibernate.query.sqm.sql.BaseSqmToSqlAstConverter - Determining mapping-model type for SqmParameter : SqmNamedParameter(meeting)
10:24:13.930 [main] DEBUG org.hibernate.query.sqm.sql.BaseSqmToSqlAstConverter - Determining mapping-model type for SqmPath : SqmEntityValuedSimplePath(org.frcpm.models.Attendance(a).meeting) 
10:24:13.930 [main] DEBUG org.hibernate.orm.sql.ast.create - Registration of TableGroup [org.hibernate.sql.ast.tree.from.LazyTableGroup@243be3df] with identifierForTableGroup [org.frcpm.models.Attendance.member] for NavigablePath [org.frcpm.models.Attendance.member] 
10:24:13.930 [main] DEBUG org.hibernate.orm.sql.ast.create - Registration of TableGroup [org.hibernate.sql.ast.tree.from.LazyTableGroup@243be3df] for NavigablePath [org.frcpm.models.Attendance(a).member] overrode previous registration : org.hibernate.sql.ast.tree.from.LazyTableGroup@5167b1b1
10:24:13.930 [main] DEBUG org.hibernate.query.sqm.sql.BaseSqmToSqlAstConverter - Determining mapping-model type for SqmParameter : SqmNamedParameter(member)
10:24:13.930 [main] DEBUG org.hibernate.query.sqm.sql.BaseSqmToSqlAstConverter - Determining mapping-model type for SqmParameter : SqmNamedParameter(member)
10:24:13.930 [main] DEBUG org.hibernate.query.sqm.sql.BaseSqmToSqlAstConverter - Determining mapping-model type for SqmPath : SqmEntityValuedSimplePath(org.frcpm.models.Attendance(a).member) 
10:24:13.934 [main] DEBUG org.hibernate.orm.results.graph.AST - DomainResult Graph:
 \-EntityResultImpl [org.frcpm.models.Attendance(a)]
 |  +-BasicFetch [org.frcpm.models.Attendance(a).arrivalTime]
 |  +-BasicFetch [org.frcpm.models.Attendance(a).departureTime]
 |  +-CircularFetchImpl [org.frcpm.models.Attendance(a).meeting]
 |  +-CircularFetchImpl [org.frcpm.models.Attendance(a).member]
 |  \-BasicFetch [org.frcpm.models.Attendance(a).present]

10:24:13.934 [main] DEBUG org.hibernate.orm.sql.ast.tree - SQL AST Tree:
    SelectStatement {
      FromClause {
        StandardTableGroup (a1 : org.frcpm.models.Attendance(a)) {
          primaryTableReference : attendances as a1_0
          TableGroupJoins {
            left  join LazyTableGroup (m1 : org.frcpm.models.Attendance(a).meeting) {
            }
            left  join LazyTableGroup (m2 : org.frcpm.models.Attendance(a).member) {
            }
             join LazyTableGroup (m3 : org.frcpm.models.Attendance(a).meeting) {
            }
             join LazyTableGroup (m4 : org.frcpm.models.Attendance(a).member) {
            }
          }
        }
      }
    }

10:24:13.935 [main] DEBUG org.hibernate.orm.sql.exec - Skipping reading Query result cache data: cache-enabled = false, cache-mode = NORMAL
10:24:13.935 [main] DEBUG org.hibernate.orm.results - Initializer list:
	  org.frcpm.models.Attendance(a) -> EntityResultInitializer(org.frcpm.models.Attendance(a))@1754958439 (SingleTableEntityPersister(org.frcpm.models.Attendance))
	  org.frcpm.models.Attendance(a).meeting -> EntityDelayedFetchInitializer(org.frcpm.models.Attendance(a).meeting)@639583438 (ToOneAttributeMapping(NavigableRole[org.frcpm.models.Attendance.meeting])@1237363834)
	  org.frcpm.models.Attendance(a).member -> EntityDelayedFetchInitializer(org.frcpm.models.Attendance(a).member)@94910279 (ToOneAttributeMapping(NavigableRole[org.frcpm.models.Attendance.member])@970808359)

10:24:13.938 [main] DEBUG org.hibernate.SQL - select a1_0.id,a1_0.arrival_time,a1_0.departure_time,a1_0.meeting_id,a1_0.member_id,a1_0.present from attendances a1_0 where a1_0.meeting_id=? and a1_0.member_id=?
10:24:13.939 [main] DEBUG org.hibernate.orm.results - Extracted JDBC value [0] - [90]
10:24:13.939 [main] DEBUG org.hibernate.orm.results.loading.entity - (EntityResultInitializer) Hydrated EntityKey (org.frcpm.models.Attendance(a)): 90
10:24:13.939 [main] DEBUG org.hibernate.orm.results.loading.entity - (EntityResultInitializer) Created new entity instance [org.frcpm.models.Attendance(a)#90] : 1049858872
10:24:13.939 [main] DEBUG org.hibernate.orm.results - Extracted JDBC value [3] - [95]
10:24:13.939 [main] DEBUG org.hibernate.orm.results - Extracted JDBC value [4] - [147]
10:24:13.940 [main] DEBUG org.hibernate.orm.results - Extracted JDBC value [1] - [18:00]
10:24:13.940 [main] DEBUG org.hibernate.orm.results - Extracted JDBC value [2] - [null]
10:24:13.940 [main] DEBUG org.hibernate.orm.results - Extracted JDBC value [5] - [true]
10:24:13.940 [main] DEBUG org.hibernate.orm.results.loading.entity - (EntityResultInitializer) Done materializing entityInstance : org.frcpm.models.Attendance(a)#90
10:24:13.940 [main] DEBUG org.hibernate.orm.results.loading - Calling top-level assembler (0 / 1) : org.hibernate.sql.results.graph.entity.internal.EntityAssembler@35f70f42
10:24:13.940 [main] DEBUG org.hibernate.engine.transaction.internal.TransactionImpl - On TransactionImpl creation, JpaCompliance#isJpaTransactionComplianceEnabled == false
10:24:13.940 [main] DEBUG org.hibernate.engine.transaction.internal.TransactionImpl - begin
10:24:13.940 [main] DEBUG org.hibernate.orm.sql.ast.create - Created new SQL alias : a1_0
10:24:13.940 [main] DEBUG org.hibernate.orm.sql.ast.create - Registration of TableGroup [StandardTableGroup(org.frcpm.models.Attendance)] with identifierForTableGroup [org.frcpm.models.Attendance] for NavigablePath [org.frcpm.models.Attendance] 
10:24:13.940 [main] DEBUG org.hibernate.orm.sql.ast.create - Registration of TableGroup [org.hibernate.sql.ast.tree.from.LazyTableGroup@6a7b3f7] with identifierForTableGroup [org.frcpm.models.Attendance.meeting] for NavigablePath [org.frcpm.models.Attendance.meeting] 
10:24:13.941 [main] DEBUG org.hibernate.orm.sql.ast.create - Registration of TableGroup [org.hibernate.sql.ast.tree.from.LazyTableGroup@254c2b9e] with identifierForTableGroup [org.frcpm.models.Attendance.member] for NavigablePath [org.frcpm.models.Attendance.member] 
10:24:13.941 [main] DEBUG org.hibernate.orm.results.graph.AST - DomainResult Graph:
 \-EntityResultImpl [org.frcpm.models.Attendance]
 |  +-BasicFetch [org.frcpm.models.Attendance.arrivalTime]
 |  +-BasicFetch [org.frcpm.models.Attendance.departureTime]
 |  +-EntityDelayedFetchImpl [org.frcpm.models.Attendance.meeting]
 |  +-EntityDelayedFetchImpl [org.frcpm.models.Attendance.member]
 |  \-BasicFetch [org.frcpm.models.Attendance.present]

10:24:13.941 [main] DEBUG org.hibernate.orm.sql.ast.tree - SQL AST Tree:
    SelectStatement {
      FromClause {
        StandardTableGroup (a1 : org.frcpm.models.Attendance) {
          primaryTableReference : attendances as a1_0
          TableGroupJoins {
            left  join LazyTableGroup (m1 : org.frcpm.models.Attendance.meeting) {
            }
            left  join LazyTableGroup (m2 : org.frcpm.models.Attendance.member) {
            }
          }
        }
      }
    }

10:24:13.941 [main] DEBUG org.hibernate.orm.sql.exec - Skipping reading Query result cache data: cache-enabled = false, cache-mode = IGNORE
10:24:13.941 [main] DEBUG org.hibernate.orm.results - Initializer list:
	  org.frcpm.models.Attendance -> EntityResultInitializer(org.frcpm.models.Attendance)@323984287 (SingleTableEntityPersister(org.frcpm.models.Attendance))
	  org.frcpm.models.Attendance.meeting -> EntityDelayedFetchInitializer(org.frcpm.models.Attendance.meeting)@933218133 (ToOneAttributeMapping(NavigableRole[org.frcpm.models.Attendance.meeting])@1237363834)
	  org.frcpm.models.Attendance.member -> EntityDelayedFetchInitializer(org.frcpm.models.Attendance.member)@1942690531 (ToOneAttributeMapping(NavigableRole[org.frcpm.models.Attendance.member])@970808359)

10:24:13.941 [main] DEBUG org.hibernate.SQL - select a1_0.id,a1_0.arrival_time,a1_0.departure_time,a1_0.meeting_id,a1_0.member_id,a1_0.present from attendances a1_0 where a1_0.id=?
10:24:13.941 [main] DEBUG org.hibernate.orm.results.loading.entity - (EntityResultInitializer) Hydrated EntityKey (org.frcpm.models.Attendance): 90
10:24:13.941 [main] DEBUG org.hibernate.orm.results.loading.entity - (EntityResultInitializer) Created new entity instance [org.frcpm.models.Attendance#90] : 405891380
10:24:13.941 [main] DEBUG org.hibernate.orm.results - Extracted JDBC value [3] - [95]
10:24:13.941 [main] DEBUG org.hibernate.orm.results - Extracted JDBC value [4] - [147]
10:24:13.941 [main] DEBUG org.hibernate.orm.results - Extracted JDBC value [1] - [18:00]
10:24:13.941 [main] DEBUG org.hibernate.orm.results - Extracted JDBC value [2] - [null]
10:24:13.941 [main] DEBUG org.hibernate.orm.results - Extracted JDBC value [5] - [true]
10:24:13.941 [main] DEBUG org.hibernate.orm.results.loading.entity - (EntityResultInitializer) Done materializing entityInstance : org.frcpm.models.Attendance#90
10:24:13.941 [main] DEBUG org.hibernate.orm.results.loading - Calling top-level assembler (0 / 1) : org.hibernate.sql.results.graph.entity.internal.EntityAssembler@338664d3
10:24:13.942 [main] DEBUG org.hibernate.engine.transaction.internal.TransactionImpl - committing
10:24:13.942 [main] DEBUG org.hibernate.event.internal.AbstractFlushingEventListener - Processing flush-time cascades
10:24:13.942 [main] DEBUG org.hibernate.event.internal.AbstractFlushingEventListener - Dirty checking collections
10:24:13.942 [main] DEBUG org.hibernate.event.internal.AbstractFlushingEventListener - Flushed: 0 insertions, 0 updates, 1 deletions to 1 objects
10:24:13.942 [main] DEBUG org.hibernate.event.internal.AbstractFlushingEventListener - Flushed: 0 (re)creations, 0 updates, 0 removals to 0 collections
10:24:13.942 [main] DEBUG org.hibernate.internal.util.EntityPrinter - Listing entities:
10:24:13.942 [main] DEBUG org.hibernate.internal.util.EntityPrinter - org.frcpm.models.Attendance{departureTime=null, arrivalTime=18:00, member=<uninitialized>, id=90, present=true, meeting=<uninitialized>}
10:24:13.942 [main] DEBUG org.hibernate.SQL - delete from attendances where id=?
10:24:13.943 [main] DEBUG org.hibernate.orm.jdbc.batch - PreparedStatementDetails did not contain PreparedStatement on #releaseStatements : delete from attendances where id=?
10:24:13.943 [main] DEBUG org.hibernate.orm.jdbc.batch - PreparedStatementDetails did not contain PreparedStatement on #releaseStatements : delete from attendances where id=?
10:24:13.943 [main] DEBUG org.hibernate.resource.jdbc.internal.LogicalConnectionManagedImpl - Initiating JDBC connection release from afterTransaction
10:24:13.943 [main] DEBUG org.hibernate.orm.jdbc.batch - PreparedStatementDetails did not contain PreparedStatement on #releaseStatements : delete from attendances where id=?
10:24:13.943 [main] DEBUG org.hibernate.orm.jdbc.batch - PreparedStatementDetails did not contain PreparedStatement on #releaseStatements : delete from attendances where id=?
10:24:13.943 [main] DEBUG org.hibernate.resource.jdbc.internal.LogicalConnectionManagedImpl - Initiating JDBC connection release from afterTransaction
10:24:13.943 [main] DEBUG org.hibernate.engine.jdbc.internal.JdbcCoordinatorImpl - HHH000420: Closing un-released batch
10:24:13.943 [main] DEBUG org.hibernate.orm.jdbc.batch - PreparedStatementDetails did not contain PreparedStatement on #releaseStatements : delete from attendances where id=?
10:24:13.943 [main] DEBUG org.hibernate.orm.jdbc.batch - PreparedStatementDetails did not contain PreparedStatement on #releaseStatements : delete from attendances where id=?
10:24:13.943 [main] DEBUG org.hibernate.engine.transaction.internal.TransactionImpl - On TransactionImpl creation, JpaCompliance#isJpaTransactionComplianceEnabled == false
10:24:13.943 [main] DEBUG org.hibernate.engine.transaction.internal.TransactionImpl - begin
10:24:13.944 [main] DEBUG org.hibernate.orm.sql.ast.create - Created new SQL alias : m1_0
10:24:13.944 [main] DEBUG org.hibernate.orm.sql.ast.create - Registration of TableGroup [StandardTableGroup(org.frcpm.models.Meeting)] with identifierForTableGroup [org.frcpm.models.Meeting] for NavigablePath [org.frcpm.models.Meeting] 
10:24:13.944 [main] DEBUG org.hibernate.orm.sql.ast.create - Registration of TableGroup [org.hibernate.sql.ast.tree.from.LazyTableGroup@2880ff6f] with identifierForTableGroup [org.frcpm.models.Meeting.project] for NavigablePath [org.frcpm.models.Meeting.project] 
10:24:13.944 [main] DEBUG org.hibernate.orm.sql.ast.create - Created new SQL alias : a1_0
10:24:13.944 [main] DEBUG org.hibernate.orm.sql.ast.create - Registration of TableGroup [org.hibernate.sql.ast.tree.from.OneToManyTableGroup@54fabf18] with identifierForTableGroup [org.frcpm.models.Meeting.attendances] for NavigablePath [org.frcpm.models.Meeting.attendances] 
10:24:13.944 [main] DEBUG org.hibernate.orm.sql.ast.create - Registration of TableGroup [StandardTableGroup(org.frcpm.models.Meeting.attendances.{element})] with identifierForTableGroup [org.frcpm.models.Meeting.attendances.{element}] for NavigablePath [org.frcpm.models.Meeting.attendances.{element}] 
10:24:13.944 [main] DEBUG org.hibernate.orm.sql.ast.create - Registration of TableGroup [org.hibernate.sql.ast.tree.from.LazyTableGroup@79c52145] with identifierForTableGroup [org.frcpm.models.Meeting.attendances.{element}.meeting] for NavigablePath [org.frcpm.models.Meeting.attendances.{element}.meeting] 
10:24:13.944 [main] DEBUG org.hibernate.orm.sql.ast.create - Registration of TableGroup [org.hibernate.sql.ast.tree.from.LazyTableGroup@4670dd81] with identifierForTableGroup [org.frcpm.models.Meeting.attendances.{element}.member] for NavigablePath [org.frcpm.models.Meeting.attendances.{element}.member] 
10:24:13.945 [main] DEBUG org.hibernate.orm.results.graph.AST - DomainResult Graph:
 \-EntityResultImpl [org.frcpm.models.Meeting]
 |  +-EagerCollectionFetch [org.frcpm.models.Meeting.attendances]
 |  |  \-EntityFetchJoinedImpl [org.frcpm.models.Meeting.attendances.{element}]
 |  +-BasicFetch [org.frcpm.models.Meeting.date]
 |  +-BasicFetch [org.frcpm.models.Meeting.endTime]
 |  +-BasicFetch [org.frcpm.models.Meeting.notes]
 |  +-EntityDelayedFetchImpl [org.frcpm.models.Meeting.project]
 |  \-BasicFetch [org.frcpm.models.Meeting.startTime]

10:24:13.945 [main] DEBUG org.hibernate.orm.sql.ast.tree - SQL AST Tree:
    SelectStatement {
      FromClause {
        StandardTableGroup (m1 : org.frcpm.models.Meeting) {
          primaryTableReference : meetings as m1_0
          TableGroupJoins {
            left  join LazyTableGroup (p1 : org.frcpm.models.Meeting.project) {
            }
            left  join OneToManyTableGroup (a1 : org.frcpm.models.Meeting.attendances) {
              primaryTableReference : attendances as a1_0
              TableGroupJoins {
                left  join LazyTableGroup (m2 : org.frcpm.models.Meeting.attendances.{element}.meeting) {
                }
                left  join LazyTableGroup (m3 : org.frcpm.models.Meeting.attendances.{element}.member) {
                }
              }
            }
          }
        }
      }
    }

10:24:13.945 [main] DEBUG org.hibernate.orm.sql.exec - Skipping reading Query result cache data: cache-enabled = false, cache-mode = IGNORE
10:24:13.945 [main] DEBUG org.hibernate.orm.results - Initializer list:
	  org.frcpm.models.Meeting -> EntityResultInitializer(org.frcpm.models.Meeting)@392984218 (SingleTableEntityPersister(org.frcpm.models.Meeting))
	  org.frcpm.models.Meeting.attendances -> BagInitializer(org.frcpm.models.Meeting.attendances)@1337002904 (PluralAttribute(org.frcpm.models.Meeting.attendances))
	  org.frcpm.models.Meeting.attendances.{element}.member -> EntityDelayedFetchInitializer(org.frcpm.models.Meeting.attendances.{element}.member)@258825018 (ToOneAttributeMapping(NavigableRole[org.frcpm.models.Attendance.member])@970808359)
	  org.frcpm.models.Meeting.project -> EntityDelayedFetchInitializer(org.frcpm.models.Meeting.project)@1434812423 (ToOneAttributeMapping(NavigableRole[org.frcpm.models.Meeting.project])@556397707)
	  org.frcpm.models.Meeting.attendances.{element} -> EntityJoinedFetchInitializer(org.frcpm.models.Meeting.attendances.{element})@1719916285 (EntityCollectionPart(org.frcpm.models.Meeting.attendances#{element})@64152988)

10:24:13.945 [main] DEBUG org.hibernate.SQL - select m1_0.id,m1_0.date,m1_0.end_time,m1_0.notes,m1_0.project_id,m1_0.start_time,a1_0.meeting_id,a1_0.id,a1_0.arrival_time,a1_0.departure_time,a1_0.member_id,a1_0.present from meetings m1_0 left join attendances a1_0 on m1_0.id=a1_0.meeting_id where m1_0.id=?
10:24:13.945 [main] DEBUG org.hibernate.orm.results.loading.entity - (EntityResultInitializer) Hydrated EntityKey (org.frcpm.models.Meeting): 95
10:24:13.945 [main] DEBUG org.hibernate.orm.results.loading.org.hibernate.orm.results.loading.collection - (BagInitializer) Current row collection key : org.frcpm.models.Meeting.attendances#95
10:24:13.945 [main] DEBUG org.hibernate.orm.results - Extracted JDBC value [6] - [null]
10:24:13.945 [main] DEBUG org.hibernate.orm.results - Extracted JDBC value [7] - [null]
10:24:13.945 [main] DEBUG org.hibernate.orm.results.loading.entity - (EntityJoinedFetchInitializer) EntityKey (org.frcpm.models.Meeting.attendances.{element}) is null
10:24:13.946 [main] DEBUG org.hibernate.orm.results.loading.entity - (EntityResultInitializer) Created new entity instance [org.frcpm.models.Meeting#95] : 1820454497
10:24:13.946 [main] DEBUG org.hibernate.orm.results.loading.org.hibernate.orm.results.loading.collection - (BagInitializer) Created new collection wrapper [org.frcpm.models.Meeting.attendances#95] : org.hibernate.collection.spi.PersistentBag@2020280424
10:24:13.946 [main] DEBUG org.hibernate.orm.results.loading.org.hibernate.orm.results.loading.collection - (BagInitializer) Responsible for loading collection [org.frcpm.models.Meeting.attendances#95] : org.hibernate.collection.spi.PersistentBag@2020280424
10:24:13.946 [main] DEBUG org.hibernate.orm.results - Extracted JDBC value [4] - [162]
10:24:13.947 [main] DEBUG org.hibernate.orm.results - Extracted JDBC value [1] - [2025-05-15]
10:24:13.947 [main] DEBUG org.hibernate.orm.results - Extracted JDBC value [2] - [20:00]
10:24:13.947 [main] DEBUG org.hibernate.orm.results - Extracted JDBC value [3] - [null]
10:24:13.947 [main] DEBUG org.hibernate.orm.results - Extracted JDBC value [5] - [18:00]
10:24:13.947 [main] DEBUG org.hibernate.orm.results.loading.entity - (EntityResultInitializer) Done materializing entityInstance : org.frcpm.models.Meeting#95
10:24:13.947 [main] DEBUG org.hibernate.orm.results.loading - Calling top-level assembler (0 / 1) : org.hibernate.sql.results.graph.entity.internal.EntityAssembler@748b7b3c
10:24:13.947 [main] DEBUG org.hibernate.sql.results.internal.ResultsHelper - Collection fully initialized: [org.frcpm.models.Meeting.attendances#95]
10:24:13.947 [main] DEBUG org.hibernate.engine.spi.CollectionEntry - Reset storedSnapshot to [] for CollectionEntry[org.frcpm.models.Meeting.attendances#95]
10:24:13.948 [main] DEBUG org.hibernate.engine.transaction.internal.TransactionImpl - committing
10:24:13.948 [main] DEBUG org.hibernate.event.internal.AbstractFlushingEventListener - Processing flush-time cascades
10:24:13.948 [main] DEBUG org.hibernate.event.internal.AbstractFlushingEventListener - Dirty checking collections
10:24:13.948 [main] DEBUG org.hibernate.engine.internal.Collections - Collection dereferenced: [org.frcpm.models.Meeting.attendances#95]
10:24:13.948 [main] DEBUG org.hibernate.event.internal.AbstractFlushingEventListener - Flushed: 0 insertions, 0 updates, 1 deletions to 1 objects
10:24:13.948 [main] DEBUG org.hibernate.event.internal.AbstractFlushingEventListener - Flushed: 0 (re)creations, 0 updates, 1 removals to 1 collections
10:24:13.948 [main] DEBUG org.hibernate.internal.util.EntityPrinter - Listing entities:
10:24:13.948 [main] DEBUG org.hibernate.internal.util.EntityPrinter - org.frcpm.models.Meeting{date=2025-05-15, notes=null, project=<uninitialized>, startTime=18:00, id=95, endTime=20:00, attendances=[]}
10:24:13.949 [main] DEBUG org.hibernate.SQL - delete from meetings where id=?
10:24:13.949 [main] DEBUG org.hibernate.orm.jdbc.batch - PreparedStatementDetails did not contain PreparedStatement on #releaseStatements : delete from meetings where id=?
10:24:13.950 [main] DEBUG org.hibernate.orm.jdbc.batch - PreparedStatementDetails did not contain PreparedStatement on #releaseStatements : delete from meetings where id=?
10:24:13.950 [main] DEBUG org.hibernate.resource.jdbc.internal.LogicalConnectionManagedImpl - Initiating JDBC connection release from afterTransaction
10:24:13.950 [main] DEBUG org.hibernate.orm.jdbc.batch - PreparedStatementDetails did not contain PreparedStatement on #releaseStatements : delete from meetings where id=?
10:24:13.950 [main] DEBUG org.hibernate.orm.jdbc.batch - PreparedStatementDetails did not contain PreparedStatement on #releaseStatements : delete from meetings where id=?
10:24:13.950 [main] DEBUG org.hibernate.resource.jdbc.internal.LogicalConnectionManagedImpl - Initiating JDBC connection release from afterTransaction
10:24:13.950 [main] DEBUG org.hibernate.engine.jdbc.internal.JdbcCoordinatorImpl - HHH000420: Closing un-released batch
10:24:13.950 [main] DEBUG org.hibernate.orm.jdbc.batch - PreparedStatementDetails did not contain PreparedStatement on #releaseStatements : delete from meetings where id=?
10:24:13.950 [main] DEBUG org.hibernate.orm.jdbc.batch - PreparedStatementDetails did not contain PreparedStatement on #releaseStatements : delete from meetings where id=?
10:24:13.950 [main] DEBUG org.hibernate.engine.transaction.internal.TransactionImpl - On TransactionImpl creation, JpaCompliance#isJpaTransactionComplianceEnabled == false
10:24:13.950 [main] DEBUG org.hibernate.engine.transaction.internal.TransactionImpl - begin
10:24:13.950 [main] DEBUG org.hibernate.orm.sql.ast.create - Created new SQL alias : tm1_0
10:24:13.950 [main] DEBUG org.hibernate.orm.sql.ast.create - Registration of TableGroup [StandardTableGroup(org.frcpm.models.TeamMember)] with identifierForTableGroup [org.frcpm.models.TeamMember] for NavigablePath [org.frcpm.models.TeamMember] 
10:24:13.950 [main] DEBUG org.hibernate.orm.sql.ast.create - Created new SQL alias : a1_0
10:24:13.950 [main] DEBUG org.hibernate.orm.sql.ast.create - Registration of TableGroup [org.hibernate.sql.ast.tree.from.OneToManyTableGroup@6c1d22de] with identifierForTableGroup [org.frcpm.models.TeamMember.attendances] for NavigablePath [org.frcpm.models.TeamMember.attendances] 
10:24:13.950 [main] DEBUG org.hibernate.orm.sql.ast.create - Registration of TableGroup [StandardTableGroup(org.frcpm.models.TeamMember.attendances.{element})] with identifierForTableGroup [org.frcpm.models.TeamMember.attendances.{element}] for NavigablePath [org.frcpm.models.TeamMember.attendances.{element}] 
10:24:13.950 [main] DEBUG org.hibernate.orm.sql.ast.create - Registration of TableGroup [org.hibernate.sql.ast.tree.from.LazyTableGroup@4c954f7d] with identifierForTableGroup [org.frcpm.models.TeamMember.attendances.{element}.meeting] for NavigablePath [org.frcpm.models.TeamMember.attendances.{element}.meeting] 
10:24:13.950 [main] DEBUG org.hibernate.orm.sql.ast.create - Registration of TableGroup [org.hibernate.sql.ast.tree.from.LazyTableGroup@d37556a] with identifierForTableGroup [org.frcpm.models.TeamMember.attendances.{element}.member] for NavigablePath [org.frcpm.models.TeamMember.attendances.{element}.member] 
10:24:13.951 [main] DEBUG org.hibernate.orm.sql.ast.create - Registration of TableGroup [org.hibernate.sql.ast.tree.from.LazyTableGroup@6e31d50d] with identifierForTableGroup [org.frcpm.models.TeamMember.subteam] for NavigablePath [org.frcpm.models.TeamMember.subteam] 
10:24:13.951 [main] DEBUG org.hibernate.orm.results.graph.AST - DomainResult Graph:
 \-EntityResultImpl [org.frcpm.models.TeamMember]
 |  +-DelayedCollectionFetch [org.frcpm.models.TeamMember.assignedTasks]
 |  +-EagerCollectionFetch [org.frcpm.models.TeamMember.attendances]
 |  |  \-EntityFetchJoinedImpl [org.frcpm.models.TeamMember.attendances.{element}]
 |  +-BasicFetch [org.frcpm.models.TeamMember.email]
 |  +-BasicFetch [org.frcpm.models.TeamMember.firstName]
 |  +-BasicFetch [org.frcpm.models.TeamMember.lastName]
 |  +-BasicFetch [org.frcpm.models.TeamMember.leader]
 |  +-BasicFetch [org.frcpm.models.TeamMember.phone]
 |  +-BasicFetch [org.frcpm.models.TeamMember.skills]
 |  +-EntityDelayedFetchImpl [org.frcpm.models.TeamMember.subteam]
 |  \-BasicFetch [org.frcpm.models.TeamMember.username]

10:24:13.951 [main] DEBUG org.hibernate.orm.sql.ast.tree - SQL AST Tree:
    SelectStatement {
      FromClause {
        StandardTableGroup (tm1 : org.frcpm.models.TeamMember) {
          primaryTableReference : team_members as tm1_0
          TableGroupJoins {
            left  join OneToManyTableGroup (a1 : org.frcpm.models.TeamMember.attendances) {
              primaryTableReference : attendances as a1_0
              TableGroupJoins {
                left  join LazyTableGroup (m1 : org.frcpm.models.TeamMember.attendances.{element}.meeting) {
                }
                left  join LazyTableGroup (m2 : org.frcpm.models.TeamMember.attendances.{element}.member) {
                }
              }
            }
            left  join LazyTableGroup (s1 : org.frcpm.models.TeamMember.subteam) {
            }
          }
        }
      }
    }

10:24:13.951 [main] DEBUG org.hibernate.orm.sql.exec - Skipping reading Query result cache data: cache-enabled = false, cache-mode = IGNORE
10:24:13.951 [main] DEBUG org.hibernate.orm.results - Initializer list:
	  org.frcpm.models.TeamMember.subteam -> EntityDelayedFetchInitializer(org.frcpm.models.TeamMember.subteam)@2125436163 (ToOneAttributeMapping(NavigableRole[org.frcpm.models.TeamMember.subteam])@977064091)
	  org.frcpm.models.TeamMember.attendances.{element} -> EntityJoinedFetchInitializer(org.frcpm.models.TeamMember.attendances.{element})@1522918252 (EntityCollectionPart(org.frcpm.models.TeamMember.attendances#{element})@855815053)
	  org.frcpm.models.TeamMember.assignedTasks -> DelayedCollectionInitializer(org.frcpm.models.TeamMember.assignedTasks)@830943075 (PluralAttribute(org.frcpm.models.TeamMember.assignedTasks))
	  org.frcpm.models.TeamMember.attendances.{element}.meeting -> EntityDelayedFetchInitializer(org.frcpm.models.TeamMember.attendances.{element}.meeting)@1835243968 (ToOneAttributeMapping(NavigableRole[org.frcpm.models.Attendance.meeting])@1237363834)
	  org.frcpm.models.TeamMember -> EntityResultInitializer(org.frcpm.models.TeamMember)@407423363 (SingleTableEntityPersister(org.frcpm.models.TeamMember))
	  org.frcpm.models.TeamMember.attendances -> SetInitializer(org.frcpm.models.TeamMember.attendances)@1047568348 (PluralAttribute(org.frcpm.models.TeamMember.attendances))

10:24:13.951 [main] DEBUG org.hibernate.SQL - select tm1_0.id,a1_0.member_id,a1_0.id,a1_0.arrival_time,a1_0.departure_time,a1_0.meeting_id,a1_0.present,tm1_0.email,tm1_0.first_name,tm1_0.last_name,tm1_0.is_leader,tm1_0.phone,tm1_0.skills,tm1_0.subteam_id,tm1_0.username from team_members tm1_0 left join attendances a1_0 on tm1_0.id=a1_0.member_id where tm1_0.id=?
10:24:13.951 [main] DEBUG org.hibernate.orm.results.loading.entity - (EntityResultInitializer) Hydrated EntityKey (org.frcpm.models.TeamMember): 147
10:24:13.952 [main] DEBUG org.hibernate.orm.results.loading.org.hibernate.orm.results.loading.collection - (SetInitializer) Current row collection key : org.frcpm.models.TeamMember.attendances#147
10:24:13.952 [main] DEBUG org.hibernate.orm.results - Extracted JDBC value [1] - [null]
10:24:13.952 [main] DEBUG org.hibernate.orm.results - Extracted JDBC value [2] - [null]
10:24:13.952 [main] DEBUG org.hibernate.orm.results.loading.entity - (EntityJoinedFetchInitializer) EntityKey (org.frcpm.models.TeamMember.attendances.{element}) is null
10:24:13.952 [main] DEBUG org.hibernate.orm.results.loading.org.hibernate.orm.results.loading.collection - (DelayedCollectionInitializer) Current row collection key : org.frcpm.models.TeamMember.assignedTasks#147
10:24:13.952 [main] DEBUG org.hibernate.orm.results.loading.entity - (EntityResultInitializer) Created new entity instance [org.frcpm.models.TeamMember#147] : 427998326
10:24:13.952 [main] DEBUG org.hibernate.orm.results.loading.org.hibernate.orm.results.loading.collection - (SetInitializer) Created new collection wrapper [org.frcpm.models.TeamMember.attendances#147] : org.hibernate.collection.spi.PersistentSet@935077814
10:24:13.952 [main] DEBUG org.hibernate.orm.results.loading.org.hibernate.orm.results.loading.collection - (SetInitializer) Responsible for loading collection [org.frcpm.models.TeamMember.attendances#147] : org.hibernate.collection.spi.PersistentSet@935077814
10:24:13.952 [main] DEBUG org.hibernate.orm.results - Extracted JDBC value [13] - [null]
10:24:13.952 [main] DEBUG org.hibernate.orm.results - Extracted JDBC value [7] - [count@example.com]
10:24:13.952 [main] DEBUG org.hibernate.orm.results - Extracted JDBC value [8] - [Count]
10:24:13.952 [main] DEBUG org.hibernate.orm.results - Extracted JDBC value [9] - [Test]
10:24:13.952 [main] DEBUG org.hibernate.orm.results - Extracted JDBC value [10] - [false]
10:24:13.952 [main] DEBUG org.hibernate.orm.results - Extracted JDBC value [11] - [null]
10:24:13.952 [main] DEBUG org.hibernate.orm.results - Extracted JDBC value [12] - [null]
10:24:13.952 [main] DEBUG org.hibernate.orm.results - Extracted JDBC value [14] - [attendancecount]
10:24:13.952 [main] DEBUG org.hibernate.orm.results.loading.entity - (EntityResultInitializer) Done materializing entityInstance : org.frcpm.models.TeamMember#147
10:24:13.952 [main] DEBUG org.hibernate.orm.results.loading - Calling top-level assembler (0 / 1) : org.hibernate.sql.results.graph.entity.internal.EntityAssembler@3f831580
10:24:13.952 [main] DEBUG org.hibernate.sql.results.internal.ResultsHelper - Collection fully initialized: [org.frcpm.models.TeamMember.attendances#147]
10:24:13.952 [main] DEBUG org.hibernate.engine.spi.CollectionEntry - Reset storedSnapshot to {} for CollectionEntry[org.frcpm.models.TeamMember.assignedTasks#147]
10:24:13.952 [main] DEBUG org.hibernate.engine.spi.CollectionEntry - Reset storedSnapshot to {} for CollectionEntry[org.frcpm.models.TeamMember.attendances#147]
10:24:13.952 [main] DEBUG org.hibernate.engine.transaction.internal.TransactionImpl - committing
10:24:13.952 [main] DEBUG org.hibernate.event.internal.AbstractFlushingEventListener - Processing flush-time cascades
10:24:13.952 [main] DEBUG org.hibernate.event.internal.AbstractFlushingEventListener - Dirty checking collections
10:24:13.952 [main] DEBUG org.hibernate.engine.internal.Collections - Collection dereferenced: [org.frcpm.models.TeamMember.assignedTasks#147]
10:24:13.952 [main] DEBUG org.hibernate.engine.internal.Collections - Collection dereferenced: [org.frcpm.models.TeamMember.attendances#147]
10:24:13.953 [main] DEBUG org.hibernate.event.internal.AbstractFlushingEventListener - Flushed: 0 insertions, 0 updates, 1 deletions to 1 objects
10:24:13.953 [main] DEBUG org.hibernate.event.internal.AbstractFlushingEventListener - Flushed: 0 (re)creations, 0 updates, 2 removals to 2 collections
10:24:13.953 [main] DEBUG org.hibernate.internal.util.EntityPrinter - Listing entities:
10:24:13.953 [main] DEBUG org.hibernate.internal.util.EntityPrinter - org.frcpm.models.TeamMember{skills=null, firstName=Count, lastName=Test, leader=false, subteam=null, phone=null, id=147, attendances=[], email=count@example.com, assignedTasks=<uninitialized>, username=attendancecount}
10:24:13.953 [main] DEBUG org.hibernate.SQL - delete from team_members where id=?
10:24:13.953 [main] DEBUG org.hibernate.orm.jdbc.batch - PreparedStatementDetails did not contain PreparedStatement on #releaseStatements : delete from team_members where id=?
10:24:13.953 [main] DEBUG org.hibernate.orm.jdbc.batch - PreparedStatementDetails did not contain PreparedStatement on #releaseStatements : delete from team_members where id=?
10:24:13.953 [main] DEBUG org.hibernate.resource.jdbc.internal.LogicalConnectionManagedImpl - Initiating JDBC connection release from afterTransaction
10:24:13.953 [main] DEBUG org.hibernate.orm.jdbc.batch - PreparedStatementDetails did not contain PreparedStatement on #releaseStatements : delete from team_members where id=?
10:24:13.953 [main] DEBUG org.hibernate.orm.jdbc.batch - PreparedStatementDetails did not contain PreparedStatement on #releaseStatements : delete from team_members where id=?
10:24:13.953 [main] DEBUG org.hibernate.resource.jdbc.internal.LogicalConnectionManagedImpl - Initiating JDBC connection release from afterTransaction
10:24:13.953 [main] DEBUG org.hibernate.engine.jdbc.internal.JdbcCoordinatorImpl - HHH000420: Closing un-released batch
10:24:13.953 [main] DEBUG org.hibernate.orm.jdbc.batch - PreparedStatementDetails did not contain PreparedStatement on #releaseStatements : delete from team_members where id=?
10:24:13.953 [main] DEBUG org.hibernate.orm.jdbc.batch - PreparedStatementDetails did not contain PreparedStatement on #releaseStatements : delete from team_members where id=?
10:24:13.954 [main] DEBUG org.hibernate.orm.query.hql - HQL : SELECT a FROM Attendance a WHERE a.meeting = :meeting
10:24:13.954 [main] DEBUG org.hibernate.orm.query.sqm.creation - Applying inferable type to SqmExpression [SqmNamedParameter(meeting)] : null -> org.frcpm.models.Attendance#meeting(MANY_TO_ONE)
10:24:13.955 [main] DEBUG org.hibernate.orm.query.sqm.ast - SqmStatement Tree :
    -> [select]
      -> [query-spec]
        -> [select]
          -> [selection]
            -> [root] - `org.frcpm.models.Attendance(a)`
            <- [root] - `org.frcpm.models.Attendance(a)`
          <- [selection]
        <- [select]
        -> [from]
          -> [root] - `org.frcpm.models.Attendance(a)`
          <- [root] - `org.frcpm.models.Attendance(a)`
        <- [from]
        -> [where]
          -> [EQUAL]
              -> [entity-path] - `org.frcpm.models.Attendance(a).meeting`
              :meeting
          <- [EQUAL]
        <- [where]
      <- [query-spec]
    <- [select]

10:24:13.955 [main] DEBUG org.hibernate.orm.sql.ast.create - Created new SQL alias : a1_0
10:24:13.955 [main] DEBUG org.hibernate.orm.sql.ast.create - Registration of TableGroup [StandardTableGroup(org.frcpm.models.Attendance(a))] with identifierForTableGroup [org.frcpm.models.Attendance] for NavigablePath [org.frcpm.models.Attendance] 
10:24:13.955 [main] DEBUG org.hibernate.orm.sql.ast.create - Registration of TableGroup [org.hibernate.sql.ast.tree.from.LazyTableGroup@289d9ae3] with identifierForTableGroup [org.frcpm.models.Attendance.meeting] for NavigablePath [org.frcpm.models.Attendance.meeting] 
10:24:13.955 [main] DEBUG org.hibernate.orm.sql.ast.create - Registration of TableGroup [org.hibernate.sql.ast.tree.from.LazyTableGroup@3e4b9a44] with identifierForTableGroup [org.frcpm.models.Attendance.member] for NavigablePath [org.frcpm.models.Attendance.member] 
10:24:13.955 [main] DEBUG org.hibernate.orm.sql.ast.create - Registration of TableGroup [org.hibernate.sql.ast.tree.from.LazyTableGroup@53fc3725] with identifierForTableGroup [org.frcpm.models.Attendance.meeting] for NavigablePath [org.frcpm.models.Attendance.meeting] 
10:24:13.955 [main] DEBUG org.hibernate.orm.sql.ast.create - Registration of TableGroup [org.hibernate.sql.ast.tree.from.LazyTableGroup@53fc3725] for NavigablePath [org.frcpm.models.Attendance(a).meeting] overrode previous registration : org.hibernate.sql.ast.tree.from.LazyTableGroup@289d9ae3
10:24:13.955 [main] DEBUG org.hibernate.query.sqm.sql.BaseSqmToSqlAstConverter - Determining mapping-model type for SqmParameter : SqmNamedParameter(meeting)
10:24:13.955 [main] DEBUG org.hibernate.query.sqm.sql.BaseSqmToSqlAstConverter - Determining mapping-model type for SqmParameter : SqmNamedParameter(meeting)
10:24:13.955 [main] DEBUG org.hibernate.query.sqm.sql.BaseSqmToSqlAstConverter - Determining mapping-model type for SqmPath : SqmEntityValuedSimplePath(org.frcpm.models.Attendance(a).meeting) 
10:24:13.956 [main] DEBUG org.hibernate.orm.results.graph.AST - DomainResult Graph:
 \-EntityResultImpl [org.frcpm.models.Attendance(a)]
 |  +-BasicFetch [org.frcpm.models.Attendance(a).arrivalTime]
 |  +-BasicFetch [org.frcpm.models.Attendance(a).departureTime]
 |  +-CircularFetchImpl [org.frcpm.models.Attendance(a).meeting]
 |  +-CircularFetchImpl [org.frcpm.models.Attendance(a).member]
 |  \-BasicFetch [org.frcpm.models.Attendance(a).present]

10:24:13.956 [main] DEBUG org.hibernate.orm.sql.ast.tree - SQL AST Tree:
    SelectStatement {
      FromClause {
        StandardTableGroup (a1 : org.frcpm.models.Attendance(a)) {
          primaryTableReference : attendances as a1_0
          TableGroupJoins {
            left  join LazyTableGroup (m1 : org.frcpm.models.Attendance(a).meeting) {
            }
            left  join LazyTableGroup (m2 : org.frcpm.models.Attendance(a).member) {
            }
             join LazyTableGroup (m3 : org.frcpm.models.Attendance(a).meeting) {
            }
          }
        }
      }
    }

10:24:13.956 [main] DEBUG org.hibernate.orm.sql.exec - Skipping reading Query result cache data: cache-enabled = false, cache-mode = NORMAL
10:24:13.956 [main] DEBUG org.hibernate.orm.results - Initializer list:
	  org.frcpm.models.Attendance(a) -> EntityResultInitializer(org.frcpm.models.Attendance(a))@1189882757 (SingleTableEntityPersister(org.frcpm.models.Attendance))
	  org.frcpm.models.Attendance(a).meeting -> EntityDelayedFetchInitializer(org.frcpm.models.Attendance(a).meeting)@1181975007 (ToOneAttributeMapping(NavigableRole[org.frcpm.models.Attendance.meeting])@1237363834)
	  org.frcpm.models.Attendance(a).member -> EntityDelayedFetchInitializer(org.frcpm.models.Attendance(a).member)@1946473259 (ToOneAttributeMapping(NavigableRole[org.frcpm.models.Attendance.member])@970808359)

10:24:13.956 [main] DEBUG org.hibernate.SQL - select a1_0.id,a1_0.arrival_time,a1_0.departure_time,a1_0.meeting_id,a1_0.member_id,a1_0.present from attendances a1_0 where a1_0.meeting_id=?
10:24:13.956 [main] DEBUG org.hibernate.orm.results - Extracted JDBC value [0] - [88]
10:24:13.956 [main] DEBUG org.hibernate.orm.results.loading.entity - (EntityResultInitializer) Hydrated EntityKey (org.frcpm.models.Attendance(a)): 88
10:24:13.956 [main] DEBUG org.hibernate.orm.results.loading.entity - (EntityResultInitializer) Created new entity instance [org.frcpm.models.Attendance(a)#88] : 358107844
10:24:13.956 [main] DEBUG org.hibernate.orm.results - Extracted JDBC value [3] - [94]
10:24:13.956 [main] DEBUG org.hibernate.orm.results - Extracted JDBC value [4] - [145]
10:24:13.956 [main] DEBUG org.hibernate.orm.results - Extracted JDBC value [1] - [18:00]
10:24:13.956 [main] DEBUG org.hibernate.orm.results - Extracted JDBC value [2] - [20:00]
10:24:13.956 [main] DEBUG org.hibernate.orm.results - Extracted JDBC value [5] - [true]
10:24:13.956 [main] DEBUG org.hibernate.orm.results.loading.entity - (EntityResultInitializer) Done materializing entityInstance : org.frcpm.models.Attendance(a)#88
10:24:13.956 [main] DEBUG org.hibernate.orm.results.loading - Calling top-level assembler (0 / 1) : org.hibernate.sql.results.graph.entity.internal.EntityAssembler@47974ecf
10:24:13.956 [main] DEBUG org.hibernate.orm.results - Extracted JDBC value [0] - [89]
10:24:13.956 [main] DEBUG org.hibernate.orm.results.loading.entity - (EntityResultInitializer) Hydrated EntityKey (org.frcpm.models.Attendance(a)): 89
10:24:13.957 [main] DEBUG org.hibernate.orm.results.loading.entity - (EntityResultInitializer) Created new entity instance [org.frcpm.models.Attendance(a)#89] : 1746452322
10:24:13.957 [main] DEBUG org.hibernate.orm.results - Extracted JDBC value [3] - [94]
10:24:13.957 [main] DEBUG org.hibernate.orm.results - Extracted JDBC value [4] - [146]
10:24:13.957 [main] DEBUG org.hibernate.orm.results - Extracted JDBC value [1] - [null]
10:24:13.957 [main] DEBUG org.hibernate.orm.results - Extracted JDBC value [2] - [null]
10:24:13.957 [main] DEBUG org.hibernate.orm.results - Extracted JDBC value [5] - [false]
10:24:13.957 [main] DEBUG org.hibernate.orm.results.loading.entity - (EntityResultInitializer) Done materializing entityInstance : org.frcpm.models.Attendance(a)#89
10:24:13.957 [main] DEBUG org.hibernate.orm.results.loading - Calling top-level assembler (0 / 1) : org.hibernate.sql.results.graph.entity.internal.EntityAssembler@47974ecf
10:24:13.957 [main] DEBUG org.hibernate.resource.jdbc.internal.LogicalConnectionManagedImpl - Initiating JDBC connection release from afterTransaction
10:24:13.957 [main] DEBUG org.hibernate.resource.jdbc.internal.LogicalConnectionManagedImpl - Initiating JDBC connection release from afterTransaction
10:24:13.957 [main] DEBUG org.hibernate.engine.transaction.internal.TransactionImpl - On TransactionImpl creation, JpaCompliance#isJpaTransactionComplianceEnabled == false
10:24:13.957 [main] DEBUG org.hibernate.engine.transaction.internal.TransactionImpl - begin
10:24:13.957 [main] DEBUG org.hibernate.orm.sql.exec - Skipping reading Query result cache data: cache-enabled = false, cache-mode = IGNORE
10:24:13.957 [main] DEBUG org.hibernate.orm.results - Initializer list:
	  org.frcpm.models.Attendance -> EntityResultInitializer(org.frcpm.models.Attendance)@1567542867 (SingleTableEntityPersister(org.frcpm.models.Attendance))
	  org.frcpm.models.Attendance.meeting -> EntityDelayedFetchInitializer(org.frcpm.models.Attendance.meeting)@171417936 (ToOneAttributeMapping(NavigableRole[org.frcpm.models.Attendance.meeting])@1237363834)
	  org.frcpm.models.Attendance.member -> EntityDelayedFetchInitializer(org.frcpm.models.Attendance.member)@2007726063 (ToOneAttributeMapping(NavigableRole[org.frcpm.models.Attendance.member])@970808359)

10:24:13.958 [main] DEBUG org.hibernate.SQL - select a1_0.id,a1_0.arrival_time,a1_0.departure_time,a1_0.meeting_id,a1_0.member_id,a1_0.present from attendances a1_0 where a1_0.id=?
10:24:13.958 [main] DEBUG org.hibernate.orm.results.loading.entity - (EntityResultInitializer) Hydrated EntityKey (org.frcpm.models.Attendance): 88
10:24:13.958 [main] DEBUG org.hibernate.orm.results.loading.entity - (EntityResultInitializer) Created new entity instance [org.frcpm.models.Attendance#88] : 1188587205
10:24:13.958 [main] DEBUG org.hibernate.orm.results - Extracted JDBC value [3] - [94]
10:24:13.958 [main] DEBUG org.hibernate.orm.results - Extracted JDBC value [4] - [145]
10:24:13.958 [main] DEBUG org.hibernate.orm.results - Extracted JDBC value [1] - [18:00]
10:24:13.958 [main] DEBUG org.hibernate.orm.results - Extracted JDBC value [2] - [20:00]
10:24:13.958 [main] DEBUG org.hibernate.orm.results - Extracted JDBC value [5] - [true]
10:24:13.958 [main] DEBUG org.hibernate.orm.results.loading.entity - (EntityResultInitializer) Done materializing entityInstance : org.frcpm.models.Attendance#88
10:24:13.958 [main] DEBUG org.hibernate.orm.results.loading - Calling top-level assembler (0 / 1) : org.hibernate.sql.results.graph.entity.internal.EntityAssembler@6ae065fe
10:24:13.959 [main] DEBUG org.hibernate.engine.transaction.internal.TransactionImpl - committing
10:24:13.959 [main] DEBUG org.hibernate.event.internal.AbstractFlushingEventListener - Processing flush-time cascades
10:24:13.959 [main] DEBUG org.hibernate.event.internal.AbstractFlushingEventListener - Dirty checking collections
10:24:13.959 [main] DEBUG org.hibernate.event.internal.AbstractFlushingEventListener - Flushed: 0 insertions, 0 updates, 1 deletions to 1 objects
10:24:13.959 [main] DEBUG org.hibernate.event.internal.AbstractFlushingEventListener - Flushed: 0 (re)creations, 0 updates, 0 removals to 0 collections
10:24:13.959 [main] DEBUG org.hibernate.internal.util.EntityPrinter - Listing entities:
10:24:13.959 [main] DEBUG org.hibernate.internal.util.EntityPrinter - org.frcpm.models.Attendance{departureTime=20:00, arrivalTime=18:00, member=<uninitialized>, id=88, present=true, meeting=<uninitialized>}
10:24:13.959 [main] DEBUG org.hibernate.SQL - delete from attendances where id=?
10:24:13.959 [main] DEBUG org.hibernate.orm.jdbc.batch - PreparedStatementDetails did not contain PreparedStatement on #releaseStatements : delete from attendances where id=?
10:24:13.960 [main] DEBUG org.hibernate.orm.jdbc.batch - PreparedStatementDetails did not contain PreparedStatement on #releaseStatements : delete from attendances where id=?
10:24:13.960 [main] DEBUG org.hibernate.resource.jdbc.internal.LogicalConnectionManagedImpl - Initiating JDBC connection release from afterTransaction
10:24:13.960 [main] DEBUG org.hibernate.orm.jdbc.batch - PreparedStatementDetails did not contain PreparedStatement on #releaseStatements : delete from attendances where id=?
10:24:13.960 [main] DEBUG org.hibernate.orm.jdbc.batch - PreparedStatementDetails did not contain PreparedStatement on #releaseStatements : delete from attendances where id=?
10:24:13.960 [main] DEBUG org.hibernate.resource.jdbc.internal.LogicalConnectionManagedImpl - Initiating JDBC connection release from afterTransaction
10:24:13.960 [main] DEBUG org.hibernate.engine.jdbc.internal.JdbcCoordinatorImpl - HHH000420: Closing un-released batch
10:24:13.960 [main] DEBUG org.hibernate.orm.jdbc.batch - PreparedStatementDetails did not contain PreparedStatement on #releaseStatements : delete from attendances where id=?
10:24:13.960 [main] DEBUG org.hibernate.orm.jdbc.batch - PreparedStatementDetails did not contain PreparedStatement on #releaseStatements : delete from attendances where id=?
10:24:13.960 [main] DEBUG org.hibernate.engine.transaction.internal.TransactionImpl - On TransactionImpl creation, JpaCompliance#isJpaTransactionComplianceEnabled == false
10:24:13.960 [main] DEBUG org.hibernate.engine.transaction.internal.TransactionImpl - begin
10:24:13.960 [main] DEBUG org.hibernate.orm.sql.exec - Skipping reading Query result cache data: cache-enabled = false, cache-mode = IGNORE
10:24:13.960 [main] DEBUG org.hibernate.orm.results - Initializer list:
	  org.frcpm.models.Attendance -> EntityResultInitializer(org.frcpm.models.Attendance)@1333192290 (SingleTableEntityPersister(org.frcpm.models.Attendance))
	  org.frcpm.models.Attendance.meeting -> EntityDelayedFetchInitializer(org.frcpm.models.Attendance.meeting)@1457347154 (ToOneAttributeMapping(NavigableRole[org.frcpm.models.Attendance.meeting])@1237363834)
	  org.frcpm.models.Attendance.member -> EntityDelayedFetchInitializer(org.frcpm.models.Attendance.member)@398118410 (ToOneAttributeMapping(NavigableRole[org.frcpm.models.Attendance.member])@970808359)

10:24:13.960 [main] DEBUG org.hibernate.SQL - select a1_0.id,a1_0.arrival_time,a1_0.departure_time,a1_0.meeting_id,a1_0.member_id,a1_0.present from attendances a1_0 where a1_0.id=?
10:24:13.960 [main] DEBUG org.hibernate.orm.results.loading.entity - (EntityResultInitializer) Hydrated EntityKey (org.frcpm.models.Attendance): 89
10:24:13.960 [main] DEBUG org.hibernate.orm.results.loading.entity - (EntityResultInitializer) Created new entity instance [org.frcpm.models.Attendance#89] : 1233325415
10:24:13.960 [main] DEBUG org.hibernate.orm.results - Extracted JDBC value [3] - [94]
10:24:13.960 [main] DEBUG org.hibernate.orm.results - Extracted JDBC value [4] - [146]
10:24:13.960 [main] DEBUG org.hibernate.orm.results - Extracted JDBC value [1] - [null]
10:24:13.960 [main] DEBUG org.hibernate.orm.results - Extracted JDBC value [2] - [null]
10:24:13.960 [main] DEBUG org.hibernate.orm.results - Extracted JDBC value [5] - [false]
10:24:13.960 [main] DEBUG org.hibernate.orm.results.loading.entity - (EntityResultInitializer) Done materializing entityInstance : org.frcpm.models.Attendance#89
10:24:13.960 [main] DEBUG org.hibernate.orm.results.loading - Calling top-level assembler (0 / 1) : org.hibernate.sql.results.graph.entity.internal.EntityAssembler@80850c3
10:24:13.961 [main] DEBUG org.hibernate.engine.transaction.internal.TransactionImpl - committing
10:24:13.961 [main] DEBUG org.hibernate.event.internal.AbstractFlushingEventListener - Processing flush-time cascades
10:24:13.961 [main] DEBUG org.hibernate.event.internal.AbstractFlushingEventListener - Dirty checking collections
10:24:13.961 [main] DEBUG org.hibernate.event.internal.AbstractFlushingEventListener - Flushed: 0 insertions, 0 updates, 1 deletions to 1 objects
10:24:13.961 [main] DEBUG org.hibernate.event.internal.AbstractFlushingEventListener - Flushed: 0 (re)creations, 0 updates, 0 removals to 0 collections
10:24:13.961 [main] DEBUG org.hibernate.internal.util.EntityPrinter - Listing entities:
10:24:13.961 [main] DEBUG org.hibernate.internal.util.EntityPrinter - org.frcpm.models.Attendance{departureTime=null, arrivalTime=null, member=<uninitialized>, id=89, present=false, meeting=<uninitialized>}
10:24:13.961 [main] DEBUG org.hibernate.SQL - delete from attendances where id=?
10:24:13.961 [main] DEBUG org.hibernate.orm.jdbc.batch - PreparedStatementDetails did not contain PreparedStatement on #releaseStatements : delete from attendances where id=?
10:24:13.961 [main] DEBUG org.hibernate.orm.jdbc.batch - PreparedStatementDetails did not contain PreparedStatement on #releaseStatements : delete from attendances where id=?
10:24:13.961 [main] DEBUG org.hibernate.resource.jdbc.internal.LogicalConnectionManagedImpl - Initiating JDBC connection release from afterTransaction
10:24:13.961 [main] DEBUG org.hibernate.orm.jdbc.batch - PreparedStatementDetails did not contain PreparedStatement on #releaseStatements : delete from attendances where id=?
10:24:13.961 [main] DEBUG org.hibernate.orm.jdbc.batch - PreparedStatementDetails did not contain PreparedStatement on #releaseStatements : delete from attendances where id=?
10:24:13.961 [main] DEBUG org.hibernate.resource.jdbc.internal.LogicalConnectionManagedImpl - Initiating JDBC connection release from afterTransaction
10:24:13.961 [main] DEBUG org.hibernate.engine.jdbc.internal.JdbcCoordinatorImpl - HHH000420: Closing un-released batch
10:24:13.961 [main] DEBUG org.hibernate.orm.jdbc.batch - PreparedStatementDetails did not contain PreparedStatement on #releaseStatements : delete from attendances where id=?
10:24:13.961 [main] DEBUG org.hibernate.orm.jdbc.batch - PreparedStatementDetails did not contain PreparedStatement on #releaseStatements : delete from attendances where id=?
10:24:13.961 [main] DEBUG org.hibernate.engine.transaction.internal.TransactionImpl - On TransactionImpl creation, JpaCompliance#isJpaTransactionComplianceEnabled == false
10:24:13.961 [main] DEBUG org.hibernate.engine.transaction.internal.TransactionImpl - begin
10:24:13.961 [main] DEBUG org.hibernate.orm.sql.exec - Skipping reading Query result cache data: cache-enabled = false, cache-mode = IGNORE
10:24:13.962 [main] DEBUG org.hibernate.orm.results - Initializer list:
	  org.frcpm.models.Meeting -> EntityResultInitializer(org.frcpm.models.Meeting)@1284023361 (SingleTableEntityPersister(org.frcpm.models.Meeting))
	  org.frcpm.models.Meeting.attendances -> BagInitializer(org.frcpm.models.Meeting.attendances)@105675611 (PluralAttribute(org.frcpm.models.Meeting.attendances))
	  org.frcpm.models.Meeting.attendances.{element}.member -> EntityDelayedFetchInitializer(org.frcpm.models.Meeting.attendances.{element}.member)@1799146899 (ToOneAttributeMapping(NavigableRole[org.frcpm.models.Attendance.member])@970808359)
	  org.frcpm.models.Meeting.project -> EntityDelayedFetchInitializer(org.frcpm.models.Meeting.project)@2102294147 (ToOneAttributeMapping(NavigableRole[org.frcpm.models.Meeting.project])@556397707)
	  org.frcpm.models.Meeting.attendances.{element} -> EntityJoinedFetchInitializer(org.frcpm.models.Meeting.attendances.{element})@1953329095 (EntityCollectionPart(org.frcpm.models.Meeting.attendances#{element})@64152988)

10:24:13.962 [main] DEBUG org.hibernate.SQL - select m1_0.id,m1_0.date,m1_0.end_time,m1_0.notes,m1_0.project_id,m1_0.start_time,a1_0.meeting_id,a1_0.id,a1_0.arrival_time,a1_0.departure_time,a1_0.member_id,a1_0.present from meetings m1_0 left join attendances a1_0 on m1_0.id=a1_0.meeting_id where m1_0.id=?
10:24:13.962 [main] DEBUG org.hibernate.orm.results.loading.entity - (EntityResultInitializer) Hydrated EntityKey (org.frcpm.models.Meeting): 94
10:24:13.962 [main] DEBUG org.hibernate.orm.results.loading.org.hibernate.orm.results.loading.collection - (BagInitializer) Current row collection key : org.frcpm.models.Meeting.attendances#94
10:24:13.962 [main] DEBUG org.hibernate.orm.results - Extracted JDBC value [6] - [null]
10:24:13.962 [main] DEBUG org.hibernate.orm.results - Extracted JDBC value [7] - [null]
10:24:13.962 [main] DEBUG org.hibernate.orm.results.loading.entity - (EntityJoinedFetchInitializer) EntityKey (org.frcpm.models.Meeting.attendances.{element}) is null
10:24:13.962 [main] DEBUG org.hibernate.orm.results.loading.entity - (EntityResultInitializer) Created new entity instance [org.frcpm.models.Meeting#94] : 305644594
10:24:13.963 [main] DEBUG org.hibernate.orm.results.loading.org.hibernate.orm.results.loading.collection - (BagInitializer) Created new collection wrapper [org.frcpm.models.Meeting.attendances#94] : org.hibernate.collection.spi.PersistentBag@222003940
10:24:13.963 [main] DEBUG org.hibernate.orm.results.loading.org.hibernate.orm.results.loading.collection - (BagInitializer) Responsible for loading collection [org.frcpm.models.Meeting.attendances#94] : org.hibernate.collection.spi.PersistentBag@222003940
10:24:13.963 [main] DEBUG org.hibernate.orm.results - Extracted JDBC value [4] - [162]
10:24:13.963 [main] DEBUG org.hibernate.orm.results - Extracted JDBC value [1] - [2025-04-26]
10:24:13.963 [main] DEBUG org.hibernate.orm.results - Extracted JDBC value [2] - [20:00]
10:24:13.963 [main] DEBUG org.hibernate.orm.results - Extracted JDBC value [3] - [null]
10:24:13.963 [main] DEBUG org.hibernate.orm.results - Extracted JDBC value [5] - [18:00]
10:24:13.963 [main] DEBUG org.hibernate.orm.results.loading.entity - (EntityResultInitializer) Done materializing entityInstance : org.frcpm.models.Meeting#94
10:24:13.963 [main] DEBUG org.hibernate.orm.results.loading - Calling top-level assembler (0 / 1) : org.hibernate.sql.results.graph.entity.internal.EntityAssembler@6ee3fc35
10:24:13.963 [main] DEBUG org.hibernate.sql.results.internal.ResultsHelper - Collection fully initialized: [org.frcpm.models.Meeting.attendances#94]
10:24:13.964 [main] DEBUG org.hibernate.engine.spi.CollectionEntry - Reset storedSnapshot to [] for CollectionEntry[org.frcpm.models.Meeting.attendances#94]
10:24:13.964 [main] DEBUG org.hibernate.engine.transaction.internal.TransactionImpl - committing
10:24:13.964 [main] DEBUG org.hibernate.event.internal.AbstractFlushingEventListener - Processing flush-time cascades
10:24:13.964 [main] DEBUG org.hibernate.event.internal.AbstractFlushingEventListener - Dirty checking collections
10:24:13.964 [main] DEBUG org.hibernate.engine.internal.Collections - Collection dereferenced: [org.frcpm.models.Meeting.attendances#94]
10:24:13.964 [main] DEBUG org.hibernate.event.internal.AbstractFlushingEventListener - Flushed: 0 insertions, 0 updates, 1 deletions to 1 objects
10:24:13.964 [main] DEBUG org.hibernate.event.internal.AbstractFlushingEventListener - Flushed: 0 (re)creations, 0 updates, 1 removals to 1 collections
10:24:13.964 [main] DEBUG org.hibernate.internal.util.EntityPrinter - Listing entities:
10:24:13.965 [main] DEBUG org.hibernate.internal.util.EntityPrinter - org.frcpm.models.Meeting{date=2025-04-26, notes=null, project=<uninitialized>, startTime=18:00, id=94, endTime=20:00, attendances=[]}
10:24:13.965 [main] DEBUG org.hibernate.SQL - delete from meetings where id=?
10:24:13.966 [main] DEBUG org.hibernate.orm.jdbc.batch - PreparedStatementDetails did not contain PreparedStatement on #releaseStatements : delete from meetings where id=?
10:24:13.966 [main] DEBUG org.hibernate.orm.jdbc.batch - PreparedStatementDetails did not contain PreparedStatement on #releaseStatements : delete from meetings where id=?
10:24:13.966 [main] DEBUG org.hibernate.resource.jdbc.internal.LogicalConnectionManagedImpl - Initiating JDBC connection release from afterTransaction
10:24:13.966 [main] DEBUG org.hibernate.orm.jdbc.batch - PreparedStatementDetails did not contain PreparedStatement on #releaseStatements : delete from meetings where id=?
10:24:13.966 [main] DEBUG org.hibernate.orm.jdbc.batch - PreparedStatementDetails did not contain PreparedStatement on #releaseStatements : delete from meetings where id=?
10:24:13.966 [main] DEBUG org.hibernate.resource.jdbc.internal.LogicalConnectionManagedImpl - Initiating JDBC connection release from afterTransaction
10:24:13.967 [main] DEBUG org.hibernate.engine.jdbc.internal.JdbcCoordinatorImpl - HHH000420: Closing un-released batch
10:24:13.967 [main] DEBUG org.hibernate.orm.jdbc.batch - PreparedStatementDetails did not contain PreparedStatement on #releaseStatements : delete from meetings where id=?
10:24:13.967 [main] DEBUG org.hibernate.orm.jdbc.batch - PreparedStatementDetails did not contain PreparedStatement on #releaseStatements : delete from meetings where id=?
10:24:13.967 [main] DEBUG org.hibernate.engine.transaction.internal.TransactionImpl - On TransactionImpl creation, JpaCompliance#isJpaTransactionComplianceEnabled == false
10:24:13.967 [main] DEBUG org.hibernate.engine.transaction.internal.TransactionImpl - begin
10:24:13.968 [main] DEBUG org.hibernate.orm.sql.exec - Skipping reading Query result cache data: cache-enabled = false, cache-mode = IGNORE
10:24:13.968 [main] DEBUG org.hibernate.orm.results - Initializer list:
	  org.frcpm.models.TeamMember.subteam -> EntityDelayedFetchInitializer(org.frcpm.models.TeamMember.subteam)@1149635620 (ToOneAttributeMapping(NavigableRole[org.frcpm.models.TeamMember.subteam])@977064091)
	  org.frcpm.models.TeamMember.attendances.{element} -> EntityJoinedFetchInitializer(org.frcpm.models.TeamMember.attendances.{element})@360418034 (EntityCollectionPart(org.frcpm.models.TeamMember.attendances#{element})@855815053)
	  org.frcpm.models.TeamMember.assignedTasks -> DelayedCollectionInitializer(org.frcpm.models.TeamMember.assignedTasks)@1678298684 (PluralAttribute(org.frcpm.models.TeamMember.assignedTasks))
	  org.frcpm.models.TeamMember.attendances.{element}.meeting -> EntityDelayedFetchInitializer(org.frcpm.models.TeamMember.attendances.{element}.meeting)@1856245635 (ToOneAttributeMapping(NavigableRole[org.frcpm.models.Attendance.meeting])@1237363834)
	  org.frcpm.models.TeamMember -> EntityResultInitializer(org.frcpm.models.TeamMember)@439867743 (SingleTableEntityPersister(org.frcpm.models.TeamMember))
	  org.frcpm.models.TeamMember.attendances -> SetInitializer(org.frcpm.models.TeamMember.attendances)@1397947633 (PluralAttribute(org.frcpm.models.TeamMember.attendances))

10:24:13.968 [main] DEBUG org.hibernate.SQL - select tm1_0.id,a1_0.member_id,a1_0.id,a1_0.arrival_time,a1_0.departure_time,a1_0.meeting_id,a1_0.present,tm1_0.email,tm1_0.first_name,tm1_0.last_name,tm1_0.is_leader,tm1_0.phone,tm1_0.skills,tm1_0.subteam_id,tm1_0.username from team_members tm1_0 left join attendances a1_0 on tm1_0.id=a1_0.member_id where tm1_0.id=?
10:24:13.968 [main] DEBUG org.hibernate.orm.results.loading.entity - (EntityResultInitializer) Hydrated EntityKey (org.frcpm.models.TeamMember): 145
10:24:13.968 [main] DEBUG org.hibernate.orm.results.loading.org.hibernate.orm.results.loading.collection - (SetInitializer) Current row collection key : org.frcpm.models.TeamMember.attendances#145
10:24:13.968 [main] DEBUG org.hibernate.orm.results - Extracted JDBC value [1] - [null]
10:24:13.968 [main] DEBUG org.hibernate.orm.results - Extracted JDBC value [2] - [null]
10:24:13.968 [main] DEBUG org.hibernate.orm.results.loading.entity - (EntityJoinedFetchInitializer) EntityKey (org.frcpm.models.TeamMember.attendances.{element}) is null
10:24:13.968 [main] DEBUG org.hibernate.orm.results.loading.org.hibernate.orm.results.loading.collection - (DelayedCollectionInitializer) Current row collection key : org.frcpm.models.TeamMember.assignedTasks#145
10:24:13.968 [main] DEBUG org.hibernate.orm.results.loading.entity - (EntityResultInitializer) Created new entity instance [org.frcpm.models.TeamMember#145] : 457620385
10:24:13.969 [main] DEBUG org.hibernate.orm.results.loading.org.hibernate.orm.results.loading.collection - (SetInitializer) Created new collection wrapper [org.frcpm.models.TeamMember.attendances#145] : org.hibernate.collection.spi.PersistentSet@1670287050
10:24:13.969 [main] DEBUG org.hibernate.orm.results.loading.org.hibernate.orm.results.loading.collection - (SetInitializer) Responsible for loading collection [org.frcpm.models.TeamMember.attendances#145] : org.hibernate.collection.spi.PersistentSet@1670287050
10:24:13.969 [main] DEBUG org.hibernate.orm.results - Extracted JDBC value [13] - [null]
10:24:13.969 [main] DEBUG org.hibernate.orm.results - Extracted JDBC value [7] - [attendance1@example.com]
10:24:13.969 [main] DEBUG org.hibernate.orm.results - Extracted JDBC value [8] - [Attendance]
10:24:13.969 [main] DEBUG org.hibernate.orm.results - Extracted JDBC value [9] - [Test1]
10:24:13.969 [main] DEBUG org.hibernate.orm.results - Extracted JDBC value [10] - [false]
10:24:13.969 [main] DEBUG org.hibernate.orm.results - Extracted JDBC value [11] - [null]
10:24:13.969 [main] DEBUG org.hibernate.orm.results - Extracted JDBC value [12] - [null]
10:24:13.969 [main] DEBUG org.hibernate.orm.results - Extracted JDBC value [14] - [attendancetest1]
10:24:13.969 [main] DEBUG org.hibernate.orm.results.loading.entity - (EntityResultInitializer) Done materializing entityInstance : org.frcpm.models.TeamMember#145
10:24:13.969 [main] DEBUG org.hibernate.orm.results.loading - Calling top-level assembler (0 / 1) : org.hibernate.sql.results.graph.entity.internal.EntityAssembler@27d49c87
10:24:13.969 [main] DEBUG org.hibernate.sql.results.internal.ResultsHelper - Collection fully initialized: [org.frcpm.models.TeamMember.attendances#145]
10:24:13.969 [main] DEBUG org.hibernate.engine.spi.CollectionEntry - Reset storedSnapshot to {} for CollectionEntry[org.frcpm.models.TeamMember.assignedTasks#145]
10:24:13.969 [main] DEBUG org.hibernate.engine.spi.CollectionEntry - Reset storedSnapshot to {} for CollectionEntry[org.frcpm.models.TeamMember.attendances#145]
10:24:13.969 [main] DEBUG org.hibernate.engine.transaction.internal.TransactionImpl - committing
10:24:13.969 [main] DEBUG org.hibernate.event.internal.AbstractFlushingEventListener - Processing flush-time cascades
10:24:13.969 [main] DEBUG org.hibernate.event.internal.AbstractFlushingEventListener - Dirty checking collections
10:24:13.969 [main] DEBUG org.hibernate.engine.internal.Collections - Collection dereferenced: [org.frcpm.models.TeamMember.assignedTasks#145]
10:24:13.969 [main] DEBUG org.hibernate.engine.internal.Collections - Collection dereferenced: [org.frcpm.models.TeamMember.attendances#145]
10:24:13.969 [main] DEBUG org.hibernate.event.internal.AbstractFlushingEventListener - Flushed: 0 insertions, 0 updates, 1 deletions to 1 objects
10:24:13.969 [main] DEBUG org.hibernate.event.internal.AbstractFlushingEventListener - Flushed: 0 (re)creations, 0 updates, 2 removals to 2 collections
10:24:13.969 [main] DEBUG org.hibernate.internal.util.EntityPrinter - Listing entities:
10:24:13.969 [main] DEBUG org.hibernate.internal.util.EntityPrinter - org.frcpm.models.TeamMember{skills=null, firstName=Attendance, lastName=Test1, leader=false, subteam=null, phone=null, id=145, attendances=[], email=attendance1@example.com, assignedTasks=<uninitialized>, username=attendancetest1}
10:24:13.969 [main] DEBUG org.hibernate.SQL - delete from team_members where id=?
10:24:13.970 [main] DEBUG org.hibernate.orm.jdbc.batch - PreparedStatementDetails did not contain PreparedStatement on #releaseStatements : delete from team_members where id=?
10:24:13.970 [main] DEBUG org.hibernate.orm.jdbc.batch - PreparedStatementDetails did not contain PreparedStatement on #releaseStatements : delete from team_members where id=?
10:24:13.970 [main] DEBUG org.hibernate.resource.jdbc.internal.LogicalConnectionManagedImpl - Initiating JDBC connection release from afterTransaction
10:24:13.970 [main] DEBUG org.hibernate.orm.jdbc.batch - PreparedStatementDetails did not contain PreparedStatement on #releaseStatements : delete from team_members where id=?
10:24:13.970 [main] DEBUG org.hibernate.orm.jdbc.batch - PreparedStatementDetails did not contain PreparedStatement on #releaseStatements : delete from team_members where id=?
10:24:13.970 [main] DEBUG org.hibernate.resource.jdbc.internal.LogicalConnectionManagedImpl - Initiating JDBC connection release from afterTransaction
10:24:13.970 [main] DEBUG org.hibernate.engine.jdbc.internal.JdbcCoordinatorImpl - HHH000420: Closing un-released batch
10:24:13.970 [main] DEBUG org.hibernate.orm.jdbc.batch - PreparedStatementDetails did not contain PreparedStatement on #releaseStatements : delete from team_members where id=?
10:24:13.970 [main] DEBUG org.hibernate.orm.jdbc.batch - PreparedStatementDetails did not contain PreparedStatement on #releaseStatements : delete from team_members where id=?
10:24:13.970 [main] DEBUG org.hibernate.engine.transaction.internal.TransactionImpl - On TransactionImpl creation, JpaCompliance#isJpaTransactionComplianceEnabled == false
10:24:13.970 [main] DEBUG org.hibernate.engine.transaction.internal.TransactionImpl - begin
10:24:13.970 [main] DEBUG org.hibernate.orm.sql.exec - Skipping reading Query result cache data: cache-enabled = false, cache-mode = IGNORE
10:24:13.970 [main] DEBUG org.hibernate.orm.results - Initializer list:
	  org.frcpm.models.TeamMember.subteam -> EntityDelayedFetchInitializer(org.frcpm.models.TeamMember.subteam)@1836602646 (ToOneAttributeMapping(NavigableRole[org.frcpm.models.TeamMember.subteam])@977064091)
	  org.frcpm.models.TeamMember.attendances.{element} -> EntityJoinedFetchInitializer(org.frcpm.models.TeamMember.attendances.{element})@2048360109 (EntityCollectionPart(org.frcpm.models.TeamMember.attendances#{element})@855815053)
	  org.frcpm.models.TeamMember.assignedTasks -> DelayedCollectionInitializer(org.frcpm.models.TeamMember.assignedTasks)@2032465356 (PluralAttribute(org.frcpm.models.TeamMember.assignedTasks))
	  org.frcpm.models.TeamMember.attendances.{element}.meeting -> EntityDelayedFetchInitializer(org.frcpm.models.TeamMember.attendances.{element}.meeting)@2109919327 (ToOneAttributeMapping(NavigableRole[org.frcpm.models.Attendance.meeting])@1237363834)
	  org.frcpm.models.TeamMember -> EntityResultInitializer(org.frcpm.models.TeamMember)@1388182036 (SingleTableEntityPersister(org.frcpm.models.TeamMember))
	  org.frcpm.models.TeamMember.attendances -> SetInitializer(org.frcpm.models.TeamMember.attendances)@320734456 (PluralAttribute(org.frcpm.models.TeamMember.attendances))

10:24:13.970 [main] DEBUG org.hibernate.SQL - select tm1_0.id,a1_0.member_id,a1_0.id,a1_0.arrival_time,a1_0.departure_time,a1_0.meeting_id,a1_0.present,tm1_0.email,tm1_0.first_name,tm1_0.last_name,tm1_0.is_leader,tm1_0.phone,tm1_0.skills,tm1_0.subteam_id,tm1_0.username from team_members tm1_0 left join attendances a1_0 on tm1_0.id=a1_0.member_id where tm1_0.id=?
10:24:13.970 [main] DEBUG org.hibernate.orm.results.loading.entity - (EntityResultInitializer) Hydrated EntityKey (org.frcpm.models.TeamMember): 146
10:24:13.970 [main] DEBUG org.hibernate.orm.results.loading.org.hibernate.orm.results.loading.collection - (SetInitializer) Current row collection key : org.frcpm.models.TeamMember.attendances#146
10:24:13.970 [main] DEBUG org.hibernate.orm.results - Extracted JDBC value [1] - [null]
10:24:13.970 [main] DEBUG org.hibernate.orm.results - Extracted JDBC value [2] - [null]
10:24:13.970 [main] DEBUG org.hibernate.orm.results.loading.entity - (EntityJoinedFetchInitializer) EntityKey (org.frcpm.models.TeamMember.attendances.{element}) is null
10:24:13.970 [main] DEBUG org.hibernate.orm.results.loading.org.hibernate.orm.results.loading.collection - (DelayedCollectionInitializer) Current row collection key : org.frcpm.models.TeamMember.assignedTasks#146
10:24:13.970 [main] DEBUG org.hibernate.orm.results.loading.entity - (EntityResultInitializer) Created new entity instance [org.frcpm.models.TeamMember#146] : 456219534
10:24:13.970 [main] DEBUG org.hibernate.orm.results.loading.org.hibernate.orm.results.loading.collection - (SetInitializer) Created new collection wrapper [org.frcpm.models.TeamMember.attendances#146] : org.hibernate.collection.spi.PersistentSet@1710372610
10:24:13.970 [main] DEBUG org.hibernate.orm.results.loading.org.hibernate.orm.results.loading.collection - (SetInitializer) Responsible for loading collection [org.frcpm.models.TeamMember.attendances#146] : org.hibernate.collection.spi.PersistentSet@1710372610
10:24:13.970 [main] DEBUG org.hibernate.orm.results - Extracted JDBC value [13] - [null]
10:24:13.970 [main] DEBUG org.hibernate.orm.results - Extracted JDBC value [7] - [attendance2@example.com]
10:24:13.970 [main] DEBUG org.hibernate.orm.results - Extracted JDBC value [8] - [Attendance]
10:24:13.970 [main] DEBUG org.hibernate.orm.results - Extracted JDBC value [9] - [Test2]
10:24:13.970 [main] DEBUG org.hibernate.orm.results - Extracted JDBC value [10] - [false]
10:24:13.970 [main] DEBUG org.hibernate.orm.results - Extracted JDBC value [11] - [null]
10:24:13.970 [main] DEBUG org.hibernate.orm.results - Extracted JDBC value [12] - [null]
10:24:13.970 [main] DEBUG org.hibernate.orm.results - Extracted JDBC value [14] - [attendancetest2]
10:24:13.970 [main] DEBUG org.hibernate.orm.results.loading.entity - (EntityResultInitializer) Done materializing entityInstance : org.frcpm.models.TeamMember#146
10:24:13.970 [main] DEBUG org.hibernate.orm.results.loading - Calling top-level assembler (0 / 1) : org.hibernate.sql.results.graph.entity.internal.EntityAssembler@487e0228
10:24:13.970 [main] DEBUG org.hibernate.sql.results.internal.ResultsHelper - Collection fully initialized: [org.frcpm.models.TeamMember.attendances#146]
10:24:13.971 [main] DEBUG org.hibernate.engine.spi.CollectionEntry - Reset storedSnapshot to {} for CollectionEntry[org.frcpm.models.TeamMember.assignedTasks#146]
10:24:13.971 [main] DEBUG org.hibernate.engine.spi.CollectionEntry - Reset storedSnapshot to {} for CollectionEntry[org.frcpm.models.TeamMember.attendances#146]
10:24:13.971 [main] DEBUG org.hibernate.engine.transaction.internal.TransactionImpl - committing
10:24:13.971 [main] DEBUG org.hibernate.event.internal.AbstractFlushingEventListener - Processing flush-time cascades
10:24:13.971 [main] DEBUG org.hibernate.event.internal.AbstractFlushingEventListener - Dirty checking collections
10:24:13.971 [main] DEBUG org.hibernate.engine.internal.Collections - Collection dereferenced: [org.frcpm.models.TeamMember.assignedTasks#146]
10:24:13.971 [main] DEBUG org.hibernate.engine.internal.Collections - Collection dereferenced: [org.frcpm.models.TeamMember.attendances#146]
10:24:13.971 [main] DEBUG org.hibernate.event.internal.AbstractFlushingEventListener - Flushed: 0 insertions, 0 updates, 1 deletions to 1 objects
10:24:13.971 [main] DEBUG org.hibernate.event.internal.AbstractFlushingEventListener - Flushed: 0 (re)creations, 0 updates, 2 removals to 2 collections
10:24:13.971 [main] DEBUG org.hibernate.internal.util.EntityPrinter - Listing entities:
10:24:13.971 [main] DEBUG org.hibernate.internal.util.EntityPrinter - org.frcpm.models.TeamMember{skills=null, firstName=Attendance, lastName=Test2, leader=false, subteam=null, phone=null, id=146, attendances=[], email=attendance2@example.com, assignedTasks=<uninitialized>, username=attendancetest2}
10:24:13.971 [main] DEBUG org.hibernate.SQL - delete from team_members where id=?
10:24:13.971 [main] DEBUG org.hibernate.orm.jdbc.batch - PreparedStatementDetails did not contain PreparedStatement on #releaseStatements : delete from team_members where id=?
10:24:13.971 [main] DEBUG org.hibernate.orm.jdbc.batch - PreparedStatementDetails did not contain PreparedStatement on #releaseStatements : delete from team_members where id=?
10:24:13.971 [main] DEBUG org.hibernate.resource.jdbc.internal.LogicalConnectionManagedImpl - Initiating JDBC connection release from afterTransaction
10:24:13.971 [main] DEBUG org.hibernate.orm.jdbc.batch - PreparedStatementDetails did not contain PreparedStatement on #releaseStatements : delete from team_members where id=?
10:24:13.971 [main] DEBUG org.hibernate.orm.jdbc.batch - PreparedStatementDetails did not contain PreparedStatement on #releaseStatements : delete from team_members where id=?
10:24:13.971 [main] DEBUG org.hibernate.resource.jdbc.internal.LogicalConnectionManagedImpl - Initiating JDBC connection release from afterTransaction
10:24:13.971 [main] DEBUG org.hibernate.engine.jdbc.internal.JdbcCoordinatorImpl - HHH000420: Closing un-released batch
10:24:13.971 [main] DEBUG org.hibernate.orm.jdbc.batch - PreparedStatementDetails did not contain PreparedStatement on #releaseStatements : delete from team_members where id=?
10:24:13.971 [main] DEBUG org.hibernate.orm.jdbc.batch - PreparedStatementDetails did not contain PreparedStatement on #releaseStatements : delete from team_members where id=?
10:24:13.971 [main] DEBUG org.hibernate.engine.transaction.internal.TransactionImpl - On TransactionImpl creation, JpaCompliance#isJpaTransactionComplianceEnabled == false
10:24:13.971 [main] DEBUG org.hibernate.engine.transaction.internal.TransactionImpl - begin
10:24:13.972 [main] DEBUG org.hibernate.orm.sql.ast.create - Created new SQL alias : p1_0
10:24:13.972 [main] DEBUG org.hibernate.orm.sql.ast.create - Registration of TableGroup [StandardTableGroup(org.frcpm.models.Project)] with identifierForTableGroup [org.frcpm.models.Project] for NavigablePath [org.frcpm.models.Project] 
10:24:13.972 [main] DEBUG org.hibernate.orm.sql.ast.create - Created new SQL alias : m1_0
10:24:13.972 [main] DEBUG org.hibernate.orm.sql.ast.create - Registration of TableGroup [org.hibernate.sql.ast.tree.from.OneToManyTableGroup@7ce29673] with identifierForTableGroup [org.frcpm.models.Project.meetings] for NavigablePath [org.frcpm.models.Project.meetings] 
10:24:13.972 [main] DEBUG org.hibernate.orm.sql.ast.create - Registration of TableGroup [StandardTableGroup(org.frcpm.models.Project.meetings.{element})] with identifierForTableGroup [org.frcpm.models.Project.meetings.{element}] for NavigablePath [org.frcpm.models.Project.meetings.{element}] 
10:24:13.972 [main] DEBUG org.hibernate.orm.sql.ast.create - Registration of TableGroup [org.hibernate.sql.ast.tree.from.LazyTableGroup@8dce4ca] with identifierForTableGroup [org.frcpm.models.Project.meetings.{element}.project] for NavigablePath [org.frcpm.models.Project.meetings.{element}.project] 
10:24:13.972 [main] DEBUG org.hibernate.orm.results.graph.AST - DomainResult Graph:
 \-EntityResultImpl [org.frcpm.models.Project]
 |  +-BasicFetch [org.frcpm.models.Project.description]
 |  +-BasicFetch [org.frcpm.models.Project.goalEndDate]
 |  +-BasicFetch [org.frcpm.models.Project.hardDeadline]
 |  +-EagerCollectionFetch [org.frcpm.models.Project.meetings]
 |  |  \-EntityFetchJoinedImpl [org.frcpm.models.Project.meetings.{element}]
 |  +-SelectEagerCollectionFetch [org.frcpm.models.Project.milestones]
 |  +-BasicFetch [org.frcpm.models.Project.name]
 |  +-BasicFetch [org.frcpm.models.Project.startDate]
 |  \-SelectEagerCollectionFetch [org.frcpm.models.Project.tasks]

10:24:13.972 [main] DEBUG org.hibernate.orm.sql.ast.tree - SQL AST Tree:
    SelectStatement {
      FromClause {
        StandardTableGroup (p1 : org.frcpm.models.Project) {
          primaryTableReference : projects as p1_0
          TableGroupJoins {
            left  join OneToManyTableGroup (m1 : org.frcpm.models.Project.meetings) {
              primaryTableReference : meetings as m1_0
              TableGroupJoins {
                left  join LazyTableGroup (p2 : org.frcpm.models.Project.meetings.{element}.project) {
                }
              }
            }
          }
        }
      }
    }

10:24:13.972 [main] DEBUG org.hibernate.orm.sql.exec - Skipping reading Query result cache data: cache-enabled = false, cache-mode = IGNORE
10:24:13.972 [main] DEBUG org.hibernate.orm.results - Initializer list:
	  org.frcpm.models.Project.meetings -> BagInitializer(org.frcpm.models.Project.meetings)@2133487077 (PluralAttribute(org.frcpm.models.Project.meetings))
	  org.frcpm.models.Project.tasks -> SelectEagerCollectionInitializer(org.frcpm.models.Project.tasks)@395525501 (PluralAttribute(org.frcpm.models.Project.tasks))
	  org.frcpm.models.Project.meetings.{element} -> EntityJoinedFetchInitializer(org.frcpm.models.Project.meetings.{element})@2013684209 (EntityCollectionPart(org.frcpm.models.Project.meetings#{element})@379990090)
	  org.frcpm.models.Project.meetings.{element}.attendances -> SelectEagerCollectionInitializer(org.frcpm.models.Project.meetings.{element}.attendances)@986657342 (PluralAttribute(org.frcpm.models.Meeting.attendances))
	  org.frcpm.models.Project -> EntityResultInitializer(org.frcpm.models.Project)@884578511 (SingleTableEntityPersister(org.frcpm.models.Project))
	  org.frcpm.models.Project.milestones -> SelectEagerCollectionInitializer(org.frcpm.models.Project.milestones)@2138799680 (PluralAttribute(org.frcpm.models.Project.milestones))

10:24:13.972 [main] DEBUG org.hibernate.SQL - select p1_0.id,p1_0.description,p1_0.goal_end_date,p1_0.hard_deadline,p1_0.name,p1_0.start_date,m1_0.project_id,m1_0.id,m1_0.date,m1_0.end_time,m1_0.notes,m1_0.start_time from projects p1_0 left join meetings m1_0 on p1_0.id=m1_0.project_id where p1_0.id=?
10:24:13.972 [main] DEBUG org.hibernate.orm.results.loading.entity - (EntityResultInitializer) Hydrated EntityKey (org.frcpm.models.Project): 162
10:24:13.972 [main] DEBUG org.hibernate.orm.results.loading.org.hibernate.orm.results.loading.collection - (BagInitializer) Current row collection key : org.frcpm.models.Project.meetings#162
10:24:13.972 [main] DEBUG org.hibernate.orm.results - Extracted JDBC value [6] - [null]
10:24:13.972 [main] DEBUG org.hibernate.orm.results - Extracted JDBC value [7] - [null]
10:24:13.972 [main] DEBUG org.hibernate.orm.results.loading.entity - (EntityJoinedFetchInitializer) EntityKey (org.frcpm.models.Project.meetings.{element}) is null
10:24:13.972 [main] DEBUG org.hibernate.orm.results.loading.org.hibernate.orm.results.loading.collection - (SelectEagerCollectionInitializer) Current row collection key : org.frcpm.models.Project.milestones#162
10:24:13.972 [main] DEBUG org.hibernate.orm.results.loading.org.hibernate.orm.results.loading.collection - (SelectEagerCollectionInitializer) Current row collection key : org.frcpm.models.Project.tasks#162
10:24:13.972 [main] DEBUG org.hibernate.orm.results.loading.entity - (EntityResultInitializer) Created new entity instance [org.frcpm.models.Project#162] : 1675767349
10:24:13.972 [main] DEBUG org.hibernate.orm.results.loading.org.hibernate.orm.results.loading.collection - (BagInitializer) Created new collection wrapper [org.frcpm.models.Project.meetings#162] : org.hibernate.collection.spi.PersistentBag@1196414327
10:24:13.972 [main] DEBUG org.hibernate.orm.results.loading.org.hibernate.orm.results.loading.collection - (BagInitializer) Responsible for loading collection [org.frcpm.models.Project.meetings#162] : org.hibernate.collection.spi.PersistentBag@1196414327
10:24:13.972 [main] DEBUG org.hibernate.orm.results - Extracted JDBC value [1] - [null]
10:24:13.972 [main] DEBUG org.hibernate.orm.results - Extracted JDBC value [2] - [2025-06-06]
10:24:13.972 [main] DEBUG org.hibernate.orm.results - Extracted JDBC value [3] - [2025-06-20]
10:24:13.972 [main] DEBUG org.hibernate.orm.results - Extracted JDBC value [4] - [Test Attendance Project]
10:24:13.972 [main] DEBUG org.hibernate.orm.results - Extracted JDBC value [5] - [2025-04-25]
10:24:13.972 [main] DEBUG org.hibernate.orm.results.loading.entity - (EntityResultInitializer) Done materializing entityInstance : org.frcpm.models.Project#162
10:24:13.972 [main] DEBUG org.hibernate.orm.results.loading - Calling top-level assembler (0 / 1) : org.hibernate.sql.results.graph.entity.internal.EntityAssembler@1a23e319
10:24:13.972 [main] DEBUG org.hibernate.sql.results.internal.ResultsHelper - Collection fully initialized: [org.frcpm.models.Project.meetings#162]
10:24:13.974 [main] DEBUG org.hibernate.orm.sql.exec - Skipping reading Query result cache data: cache-enabled = false, cache-mode = IGNORE
10:24:13.974 [main] DEBUG org.hibernate.orm.results - Initializer list:
	  org.frcpm.models.Project.tasks.{element}.assignedTo -> DelayedCollectionInitializer(org.frcpm.models.Project.tasks.{element}.assignedTo)@603879751 (PluralAttribute(org.frcpm.models.Task.assignedTo))
	  org.frcpm.models.Project.tasks.{element}.postDependencies -> DelayedCollectionInitializer(org.frcpm.models.Project.tasks.{element}.postDependencies)@1771469594 (PluralAttribute(org.frcpm.models.Task.postDependencies))
	  org.frcpm.models.Project.tasks.{element} -> EntityJoinedFetchInitializer(org.frcpm.models.Project.tasks.{element})@385254113 (EntityCollectionPart(org.frcpm.models.Project.tasks#{element})@323522573)
	  org.frcpm.models.Project.tasks.{element}.requiredComponents -> DelayedCollectionInitializer(org.frcpm.models.Project.tasks.{element}.requiredComponents)@1127020386 (PluralAttribute(org.frcpm.models.Task.requiredComponents))
	  org.frcpm.models.Project.tasks.{element}.project -> EntityDelayedFetchInitializer(org.frcpm.models.Project.tasks.{element}.project)@423103158 (ToOneAttributeMapping(NavigableRole[org.frcpm.models.Task.project])@997946106)
	  org.frcpm.models.Project.tasks.{element}.subsystem -> EntityDelayedFetchInitializer(org.frcpm.models.Project.tasks.{element}.subsystem)@1818510688 (ToOneAttributeMapping(NavigableRole[org.frcpm.models.Task.subsystem])@1213671529)
	  org.frcpm.models.Project.tasks.{element}.preDependencies -> DelayedCollectionInitializer(org.frcpm.models.Project.tasks.{element}.preDependencies)@291763823 (PluralAttribute(org.frcpm.models.Task.preDependencies))
	  org.frcpm.models.Project.tasks -> BagInitializer(org.frcpm.models.Project.tasks)@1903147547 (PluralAttribute(org.frcpm.models.Project.tasks))

10:24:13.974 [main] DEBUG org.hibernate.SQL - select t1_0.project_id,t1_0.id,t1_0.actual_duration_seconds,t1_0.completed,t1_0.description,t1_0.end_date,t1_0.estimated_duration_seconds,t1_0.priority,t1_0.progress,t1_0.start_date,t1_0.subsystem_id,t1_0.title from tasks t1_0 where t1_0.project_id=?
10:24:13.974 [main] DEBUG org.hibernate.sql.results.internal.ResultsHelper - Collection fully initialized: [org.frcpm.models.Project.tasks#162]
10:24:13.974 [main] DEBUG org.hibernate.orm.sql.exec - Skipping reading Query result cache data: cache-enabled = false, cache-mode = IGNORE
10:24:13.975 [main] DEBUG org.hibernate.orm.results - Initializer list:
	  org.frcpm.models.Project.milestones.{element}.project -> EntityDelayedFetchInitializer(org.frcpm.models.Project.milestones.{element}.project)@1087740615 (ToOneAttributeMapping(NavigableRole[org.frcpm.models.Milestone.project])@1290166180)
	  org.frcpm.models.Project.milestones.{element} -> EntityJoinedFetchInitializer(org.frcpm.models.Project.milestones.{element})@104005149 (EntityCollectionPart(org.frcpm.models.Project.milestones#{element})@373751769)
	  org.frcpm.models.Project.milestones -> BagInitializer(org.frcpm.models.Project.milestones)@2049526900 (PluralAttribute(org.frcpm.models.Project.milestones))

10:24:13.975 [main] DEBUG org.hibernate.SQL - select m1_0.project_id,m1_0.id,m1_0.date,m1_0.description,m1_0.name from milestones m1_0 where m1_0.project_id=?
10:24:13.975 [main] DEBUG org.hibernate.sql.results.internal.ResultsHelper - Collection fully initialized: [org.frcpm.models.Project.milestones#162]
10:24:13.975 [main] DEBUG org.hibernate.engine.spi.CollectionEntry - Reset storedSnapshot to [] for CollectionEntry[org.frcpm.models.Project.meetings#162]
10:24:13.975 [main] DEBUG org.hibernate.engine.spi.CollectionEntry - Reset storedSnapshot to [] for CollectionEntry[org.frcpm.models.Project.milestones#162]
10:24:13.975 [main] DEBUG org.hibernate.engine.spi.CollectionEntry - Reset storedSnapshot to [] for CollectionEntry[org.frcpm.models.Project.tasks#162]
10:24:13.975 [main] DEBUG org.hibernate.engine.transaction.internal.TransactionImpl - committing
10:24:13.975 [main] DEBUG org.hibernate.event.internal.AbstractFlushingEventListener - Processing flush-time cascades
10:24:13.975 [main] DEBUG org.hibernate.event.internal.AbstractFlushingEventListener - Dirty checking collections
10:24:13.975 [main] DEBUG org.hibernate.engine.internal.Collections - Collection dereferenced: [org.frcpm.models.Project.meetings#162]
10:24:13.975 [main] DEBUG org.hibernate.engine.internal.Collections - Collection dereferenced: [org.frcpm.models.Project.milestones#162]
10:24:13.975 [main] DEBUG org.hibernate.engine.internal.Collections - Collection dereferenced: [org.frcpm.models.Project.tasks#162]
10:24:13.975 [main] DEBUG org.hibernate.event.internal.AbstractFlushingEventListener - Flushed: 0 insertions, 0 updates, 1 deletions to 1 objects
10:24:13.975 [main] DEBUG org.hibernate.event.internal.AbstractFlushingEventListener - Flushed: 0 (re)creations, 0 updates, 3 removals to 3 collections
10:24:13.975 [main] DEBUG org.hibernate.internal.util.EntityPrinter - Listing entities:
10:24:13.975 [main] DEBUG org.hibernate.internal.util.EntityPrinter - org.frcpm.models.Project{hardDeadline=2025-06-20, name=Test Attendance Project, description=null, meetings=[], id=162, goalEndDate=2025-06-06, milestones=[], startDate=2025-04-25, tasks=[]}
10:24:13.975 [main] DEBUG org.hibernate.SQL - delete from projects where id=?
10:24:13.976 [main] DEBUG org.hibernate.orm.jdbc.batch - PreparedStatementDetails did not contain PreparedStatement on #releaseStatements : delete from projects where id=?
10:24:13.976 [main] DEBUG org.hibernate.orm.jdbc.batch - PreparedStatementDetails did not contain PreparedStatement on #releaseStatements : delete from projects where id=?
10:24:13.976 [main] DEBUG org.hibernate.resource.jdbc.internal.LogicalConnectionManagedImpl - Initiating JDBC connection release from afterTransaction
10:24:13.976 [main] DEBUG org.hibernate.orm.jdbc.batch - PreparedStatementDetails did not contain PreparedStatement on #releaseStatements : delete from projects where id=?
10:24:13.976 [main] DEBUG org.hibernate.orm.jdbc.batch - PreparedStatementDetails did not contain PreparedStatement on #releaseStatements : delete from projects where id=?
10:24:13.976 [main] DEBUG org.hibernate.resource.jdbc.internal.LogicalConnectionManagedImpl - Initiating JDBC connection release from afterTransaction
10:24:13.976 [main] DEBUG org.hibernate.engine.jdbc.internal.JdbcCoordinatorImpl - HHH000420: Closing un-released batch
10:24:13.976 [main] DEBUG org.hibernate.orm.jdbc.batch - PreparedStatementDetails did not contain PreparedStatement on #releaseStatements : delete from projects where id=?
10:24:13.976 [main] DEBUG org.hibernate.orm.jdbc.batch - PreparedStatementDetails did not contain PreparedStatement on #releaseStatements : delete from projects where id=?
10:24:13.976 [main] DEBUG org.hibernate.internal.SessionFactoryImpl - HHH000031: Closing
10:24:13.976 [main] DEBUG org.hibernate.type.spi.TypeConfiguration$Scope - Un-scoping TypeConfiguration [org.hibernate.type.spi.TypeConfiguration$Scope@4fcce3d] from SessionFactory [org.hibernate.internal.SessionFactoryImpl@131d6adc]
10:24:13.976 [main] DEBUG org.hibernate.service.internal.AbstractServiceRegistryImpl - Implicitly destroying ServiceRegistry on de-registration of all child ServiceRegistries
10:24:13.976 [main] INFO com.zaxxer.hikari.HikariDataSource - FRC-PM-HikariCP - Shutdown initiated...
10:24:13.976 [main] DEBUG com.zaxxer.hikari.pool.HikariPool - FRC-PM-HikariCP - Before shutdown stats (total=2, active=0, idle=2, waiting=0)
10:24:13.977 [FRC-PM-HikariCP connection closer] DEBUG com.zaxxer.hikari.pool.PoolBase - FRC-PM-HikariCP - Closing connection conn10: url=jdbc:h2:file:C:\Users\dhiebert\.frcpm\frcpm user=SA: (connection evicted)
10:24:13.977 [FRC-PM-HikariCP connection closer] DEBUG com.zaxxer.hikari.pool.PoolBase - FRC-PM-HikariCP - Closing connection conn11: url=jdbc:h2:file:C:\Users\dhiebert\.frcpm\frcpm user=SA: (connection evicted)
10:24:14.182 [main] DEBUG com.zaxxer.hikari.pool.HikariPool - FRC-PM-HikariCP - After shutdown stats (total=0, active=0, idle=0, waiting=0)
10:24:14.182 [main] INFO com.zaxxer.hikari.HikariDataSource - FRC-PM-HikariCP - Shutdown completed.
10:24:14.182 [main] DEBUG org.hibernate.boot.registry.internal.BootstrapServiceRegistryImpl - Implicitly destroying Boot-strap registry on de-registration of all child ServiceRegistries
]]></system-out>
    <system-err><![CDATA[Apr 25, 2025 10:24:13 AM org.frcpm.config.DatabaseConfig initialize
INFO: Initializing database configuration...
Apr 25, 2025 10:24:13 AM org.frcpm.config.DatabaseConfig initialize
INFO: Using FILE-BASED database at: file:C:\Users\dhiebert\.frcpm\frcpm
Apr 25, 2025 10:24:13 AM org.frcpm.config.DatabaseConfig initialize
INFO: Using JDBC URL: jdbc:h2:file:C:\Users\dhiebert\.frcpm\frcpm
Apr 25, 2025 10:24:13 AM org.frcpm.config.DatabaseConfig initialize
INFO: Using schema mode: update
Apr 25, 2025 10:24:13 AM org.frcpm.config.DatabaseConfig initialize
INFO: Database configuration initialized successfully in PRODUCTION mode
Apr 25, 2025 10:24:14 AM org.frcpm.config.DatabaseConfig shutdown
INFO: Database configuration shut down
]]></system-err>
  </testcase>
  <testcase name="testSave" classname="org.frcpm.repositories.AttendanceRepositoryTest" time="0.555">
    <system-out><![CDATA[10:24:14.194 [main] DEBUG org.hibernate.jpa.HibernatePersistenceProvider - Located and parsed 1 persistence units; checking each
10:24:14.194 [main] DEBUG org.hibernate.jpa.HibernatePersistenceProvider - Checking persistence-unit [name=frcpm, explicit-provider=org.hibernate.jpa.HibernatePersistenceProvider] against incoming persistence unit name [frcpm]
10:24:14.194 [main] DEBUG org.hibernate.jpa.boot.spi.ProviderChecker - Persistence-unit [frcpm] requested PersistenceProvider [org.hibernate.jpa.HibernatePersistenceProvider]
10:24:14.194 [main] DEBUG org.hibernate.jpa.internal.util.LogHelper - PersistenceUnitInfo [
	name: frcpm
	persistence provider classname: org.hibernate.jpa.HibernatePersistenceProvider
	classloader: null
	excludeUnlistedClasses: false
	JTA datasource: null
	Non JTA datasource: null
	Transaction type: RESOURCE_LOCAL
	PU root URL: file:/C:/Users/dhiebert/Local%20Repositories/Project%20Management%202.0/target/classes
	Shared Cache Mode: null
	Validation Mode: null
	Jar files URLs []
	Managed classes names [
		org.frcpm.models.Project
		org.frcpm.models.Subteam
		org.frcpm.models.TeamMember
		org.frcpm.models.Subsystem
		org.frcpm.models.Task
		org.frcpm.models.Component
		org.frcpm.models.Meeting
		org.frcpm.models.Attendance
		org.frcpm.models.Milestone]
	Mapping files names []
	Properties [
		hibernate.connection.handling_mode: DELAYED_ACQUISITION_AND_RELEASE_AFTER_STATEMENT
		jakarta.persistence.jdbc.url: jdbc:h2:file:C:\Users\dhiebert\.frcpm\frcpm
		hibernate.jdbc.batch_versioned_data: null
		hibernate.cache.use_second_level_cache: null
		hibernate.show_sql: null
		jakarta.persistence.jdbc.driver: org.h2.Driver
		hibernate.jdbc.batch_size: 30
		jakarta.persistence.jdbc.user: sa
		hibernate.generate_statistics: null
		hibernate.hbm2ddl.auto: update
		hibernate.cache.use_query_cache: null
		hibernate.hikari.maximumPoolSize: 10
		hibernate.hikari.idleTimeout: 30000
		hibernate.format_sql: null
		hibernate.hikari.minimumIdle: 2
		hibernate.use_sql_comments: null
		hibernate.order_inserts: null
		hibernate.current_session_context_class: thread
		hibernate.connection.provider_class: org.hibernate.hikaricp.internal.HikariCPConnectionProvider
		hibernate.hikari.connectionTimeout: 10000
		hibernate.hikari.poolName: FRC-PM-HikariCP
		hibernate.order_updates: null
		hibernate.dialect: org.hibernate.dialect.H2Dialect
		jakarta.persistence.jdbc.password: ]
10:24:14.195 [main] DEBUG org.hibernate.integrator.internal.IntegratorServiceImpl - Adding Integrator [org.hibernate.boot.beanvalidation.BeanValidationIntegrator].
10:24:14.195 [main] DEBUG org.hibernate.integrator.internal.IntegratorServiceImpl - Adding Integrator [org.hibernate.cache.internal.CollectionCacheInvalidator].
10:24:14.204 [main] DEBUG org.hibernate.orm.idgen.factory - Ignoring CDI for resolving IdentifierGenerator instances as extended or delayed CDI support was enabled
10:24:14.204 [main] DEBUG org.hibernate.orm.idgen.factory - Registering IdentifierGenerator strategy [uuid2] -> [org.hibernate.id.UUIDGenerator]
10:24:14.204 [main] DEBUG org.hibernate.orm.idgen.factory - Registering IdentifierGenerator strategy [guid] -> [org.hibernate.id.GUIDGenerator]
10:24:14.204 [main] DEBUG org.hibernate.orm.idgen.factory - Registering IdentifierGenerator strategy [uuid] -> [org.hibernate.id.UUIDHexGenerator]
10:24:14.204 [main] DEBUG org.hibernate.orm.idgen.factory - Registering IdentifierGenerator strategy [uuid.hex] -> [org.hibernate.id.UUIDHexGenerator]
10:24:14.204 [main] DEBUG org.hibernate.orm.idgen.factory - Registering IdentifierGenerator strategy [assigned] -> [org.hibernate.id.Assigned]
10:24:14.204 [main] DEBUG org.hibernate.orm.idgen.factory - Registering IdentifierGenerator strategy [identity] -> [org.hibernate.id.IdentityGenerator]
10:24:14.204 [main] DEBUG org.hibernate.orm.idgen.factory - Registering IdentifierGenerator strategy [select] -> [org.hibernate.id.SelectGenerator]
10:24:14.204 [main] DEBUG org.hibernate.orm.idgen.factory - Registering IdentifierGenerator strategy [sequence] -> [org.hibernate.id.enhanced.SequenceStyleGenerator]
10:24:14.204 [main] DEBUG org.hibernate.orm.idgen.factory - Registering IdentifierGenerator strategy [increment] -> [org.hibernate.id.IncrementGenerator]
10:24:14.204 [main] DEBUG org.hibernate.orm.idgen.factory - Registering IdentifierGenerator strategy [foreign] -> [org.hibernate.id.ForeignGenerator]
10:24:14.204 [main] DEBUG org.hibernate.orm.idgen.factory - Registering IdentifierGenerator strategy [enhanced-sequence] -> [org.hibernate.id.enhanced.SequenceStyleGenerator]
10:24:14.204 [main] DEBUG org.hibernate.orm.idgen.factory - Registering IdentifierGenerator strategy [enhanced-table] -> [org.hibernate.id.enhanced.TableGenerator]
10:24:14.204 [main] INFO org.hibernate.cache.internal.RegionFactoryInitiator - HHH000026: Second-level cache disabled
10:24:14.204 [main] DEBUG org.hibernate.type.BasicTypeRegistry - Adding type registration boolean -> org.hibernate.type.BasicTypeReference@2f4919b0
10:24:14.204 [main] DEBUG org.hibernate.type.BasicTypeRegistry - Adding type registration boolean -> org.hibernate.type.BasicTypeReference@2f4919b0
10:24:14.204 [main] DEBUG org.hibernate.type.BasicTypeRegistry - Adding type registration java.lang.Boolean -> org.hibernate.type.BasicTypeReference@2f4919b0
10:24:14.204 [main] DEBUG org.hibernate.type.BasicTypeRegistry - Adding type registration numeric_boolean -> org.hibernate.type.BasicTypeReference@a8a8b75
10:24:14.204 [main] DEBUG org.hibernate.type.BasicTypeRegistry - Adding type registration org.hibernate.type.NumericBooleanConverter -> org.hibernate.type.BasicTypeReference@a8a8b75
10:24:14.204 [main] DEBUG org.hibernate.type.BasicTypeRegistry - Adding type registration true_false -> org.hibernate.type.BasicTypeReference@75b21c3b
10:24:14.204 [main] DEBUG org.hibernate.type.BasicTypeRegistry - Adding type registration org.hibernate.type.TrueFalseConverter -> org.hibernate.type.BasicTypeReference@75b21c3b
10:24:14.204 [main] DEBUG org.hibernate.type.BasicTypeRegistry - Adding type registration yes_no -> org.hibernate.type.BasicTypeReference@72be135f
10:24:14.204 [main] DEBUG org.hibernate.type.BasicTypeRegistry - Adding type registration org.hibernate.type.YesNoConverter -> org.hibernate.type.BasicTypeReference@72be135f
10:24:14.204 [main] DEBUG org.hibernate.type.BasicTypeRegistry - Adding type registration byte -> org.hibernate.type.BasicTypeReference@155d1021
10:24:14.204 [main] DEBUG org.hibernate.type.BasicTypeRegistry - Adding type registration byte -> org.hibernate.type.BasicTypeReference@155d1021
10:24:14.204 [main] DEBUG org.hibernate.type.BasicTypeRegistry - Adding type registration java.lang.Byte -> org.hibernate.type.BasicTypeReference@155d1021
10:24:14.204 [main] DEBUG org.hibernate.type.BasicTypeRegistry - Adding type registration binary -> org.hibernate.type.BasicTypeReference@4bd2f0dc
10:24:14.204 [main] DEBUG org.hibernate.type.BasicTypeRegistry - Adding type registration byte[] -> org.hibernate.type.BasicTypeReference@4bd2f0dc
10:24:14.204 [main] DEBUG org.hibernate.type.BasicTypeRegistry - Adding type registration [B -> org.hibernate.type.BasicTypeReference@4bd2f0dc
10:24:14.204 [main] DEBUG org.hibernate.type.BasicTypeRegistry - Adding type registration binary_wrapper -> org.hibernate.type.BasicTypeReference@2e647e59
10:24:14.205 [main] DEBUG org.hibernate.type.BasicTypeRegistry - Adding type registration wrapper-binary -> org.hibernate.type.BasicTypeReference@2e647e59
10:24:14.205 [main] DEBUG org.hibernate.type.BasicTypeRegistry - Adding type registration image -> org.hibernate.type.BasicTypeReference@2c42b421
10:24:14.205 [main] DEBUG org.hibernate.type.BasicTypeRegistry - Adding type registration blob -> org.hibernate.type.BasicTypeReference@51e37590
10:24:14.205 [main] DEBUG org.hibernate.type.BasicTypeRegistry - Adding type registration java.sql.Blob -> org.hibernate.type.BasicTypeReference@51e37590
10:24:14.205 [main] DEBUG org.hibernate.type.BasicTypeRegistry - Adding type registration materialized_blob -> org.hibernate.type.BasicTypeReference@deb3b60
10:24:14.205 [main] DEBUG org.hibernate.type.BasicTypeRegistry - Adding type registration materialized_blob_wrapper -> org.hibernate.type.BasicTypeReference@701a32
10:24:14.205 [main] DEBUG org.hibernate.type.BasicTypeRegistry - Adding type registration short -> org.hibernate.type.BasicTypeReference@39aa45a1
10:24:14.205 [main] DEBUG org.hibernate.type.BasicTypeRegistry - Adding type registration short -> org.hibernate.type.BasicTypeReference@39aa45a1
10:24:14.205 [main] DEBUG org.hibernate.type.BasicTypeRegistry - Adding type registration java.lang.Short -> org.hibernate.type.BasicTypeReference@39aa45a1
10:24:14.205 [main] DEBUG org.hibernate.type.BasicTypeRegistry - Adding type registration integer -> org.hibernate.type.BasicTypeReference@73aff8f1
10:24:14.205 [main] DEBUG org.hibernate.type.BasicTypeRegistry - Adding type registration int -> org.hibernate.type.BasicTypeReference@73aff8f1
10:24:14.205 [main] DEBUG org.hibernate.type.BasicTypeRegistry - Adding type registration java.lang.Integer -> org.hibernate.type.BasicTypeReference@73aff8f1
10:24:14.205 [main] DEBUG org.hibernate.type.BasicTypeRegistry - Adding type registration long -> org.hibernate.type.BasicTypeReference@27cbfddf
10:24:14.205 [main] DEBUG org.hibernate.type.BasicTypeRegistry - Adding type registration long -> org.hibernate.type.BasicTypeReference@27cbfddf
10:24:14.205 [main] DEBUG org.hibernate.type.BasicTypeRegistry - Adding type registration java.lang.Long -> org.hibernate.type.BasicTypeReference@27cbfddf
10:24:14.205 [main] DEBUG org.hibernate.type.BasicTypeRegistry - Adding type registration float -> org.hibernate.type.BasicTypeReference@27ead29e
10:24:14.205 [main] DEBUG org.hibernate.type.BasicTypeRegistry - Adding type registration float -> org.hibernate.type.BasicTypeReference@27ead29e
10:24:14.205 [main] DEBUG org.hibernate.type.BasicTypeRegistry - Adding type registration java.lang.Float -> org.hibernate.type.BasicTypeReference@27ead29e
10:24:14.205 [main] DEBUG org.hibernate.type.BasicTypeRegistry - Adding type registration double -> org.hibernate.type.BasicTypeReference@4c060c8f
10:24:14.205 [main] DEBUG org.hibernate.type.BasicTypeRegistry - Adding type registration double -> org.hibernate.type.BasicTypeReference@4c060c8f
10:24:14.205 [main] DEBUG org.hibernate.type.BasicTypeRegistry - Adding type registration java.lang.Double -> org.hibernate.type.BasicTypeReference@4c060c8f
10:24:14.205 [main] DEBUG org.hibernate.type.BasicTypeRegistry - Adding type registration big_integer -> org.hibernate.type.BasicTypeReference@40620d8e
10:24:14.205 [main] DEBUG org.hibernate.type.BasicTypeRegistry - Adding type registration java.math.BigInteger -> org.hibernate.type.BasicTypeReference@40620d8e
10:24:14.205 [main] DEBUG org.hibernate.type.BasicTypeRegistry - Adding type registration big_decimal -> org.hibernate.type.BasicTypeReference@383f3558
10:24:14.205 [main] DEBUG org.hibernate.type.BasicTypeRegistry - Adding type registration java.math.BigDecimal -> org.hibernate.type.BasicTypeReference@383f3558
10:24:14.205 [main] DEBUG org.hibernate.type.BasicTypeRegistry - Adding type registration character -> org.hibernate.type.BasicTypeReference@49b07ee3
10:24:14.205 [main] DEBUG org.hibernate.type.BasicTypeRegistry - Adding type registration char -> org.hibernate.type.BasicTypeReference@49b07ee3
10:24:14.205 [main] DEBUG org.hibernate.type.BasicTypeRegistry - Adding type registration java.lang.Character -> org.hibernate.type.BasicTypeReference@49b07ee3
10:24:14.205 [main] DEBUG org.hibernate.type.BasicTypeRegistry - Adding type registration character_nchar -> org.hibernate.type.BasicTypeReference@352e612e
10:24:14.205 [main] DEBUG org.hibernate.type.BasicTypeRegistry - Adding type registration string -> org.hibernate.type.BasicTypeReference@65f00478
10:24:14.205 [main] DEBUG org.hibernate.type.BasicTypeRegistry - Adding type registration java.lang.String -> org.hibernate.type.BasicTypeReference@65f00478
10:24:14.205 [main] DEBUG org.hibernate.type.BasicTypeRegistry - Adding type registration nstring -> org.hibernate.type.BasicTypeReference@2424686b
10:24:14.205 [main] DEBUG org.hibernate.type.BasicTypeRegistry - Adding type registration characters -> org.hibernate.type.BasicTypeReference@6ea94d6a
10:24:14.205 [main] DEBUG org.hibernate.type.BasicTypeRegistry - Adding type registration char[] -> org.hibernate.type.BasicTypeReference@6ea94d6a
10:24:14.205 [main] DEBUG org.hibernate.type.BasicTypeRegistry - Adding type registration [C -> org.hibernate.type.BasicTypeReference@6ea94d6a
10:24:14.205 [main] DEBUG org.hibernate.type.BasicTypeRegistry - Adding type registration wrapper-characters -> org.hibernate.type.BasicTypeReference@28486680
10:24:14.205 [main] DEBUG org.hibernate.type.BasicTypeRegistry - Adding type registration text -> org.hibernate.type.BasicTypeReference@4d7e7435
10:24:14.205 [main] DEBUG org.hibernate.type.BasicTypeRegistry - Adding type registration ntext -> org.hibernate.type.BasicTypeReference@4a1e3ac1
10:24:14.205 [main] DEBUG org.hibernate.type.BasicTypeRegistry - Adding type registration clob -> org.hibernate.type.BasicTypeReference@6e78fcf5
10:24:14.205 [main] DEBUG org.hibernate.type.BasicTypeRegistry - Adding type registration java.sql.Clob -> org.hibernate.type.BasicTypeReference@6e78fcf5
10:24:14.205 [main] DEBUG org.hibernate.type.BasicTypeRegistry - Adding type registration nclob -> org.hibernate.type.BasicTypeReference@56febdc
10:24:14.205 [main] DEBUG org.hibernate.type.BasicTypeRegistry - Adding type registration java.sql.NClob -> org.hibernate.type.BasicTypeReference@56febdc
10:24:14.205 [main] DEBUG org.hibernate.type.BasicTypeRegistry - Adding type registration materialized_clob -> org.hibernate.type.BasicTypeReference@3b8ee898
10:24:14.205 [main] DEBUG org.hibernate.type.BasicTypeRegistry - Adding type registration materialized_clob_char_array -> org.hibernate.type.BasicTypeReference@7d151a
10:24:14.205 [main] DEBUG org.hibernate.type.BasicTypeRegistry - Adding type registration materialized_clob_character_array -> org.hibernate.type.BasicTypeReference@294bdeb4
10:24:14.205 [main] DEBUG org.hibernate.type.BasicTypeRegistry - Adding type registration materialized_nclob -> org.hibernate.type.BasicTypeReference@5300f14a
10:24:14.205 [main] DEBUG org.hibernate.type.BasicTypeRegistry - Adding type registration materialized_nclob_character_array -> org.hibernate.type.BasicTypeReference@1f86099a
10:24:14.205 [main] DEBUG org.hibernate.type.BasicTypeRegistry - Adding type registration materialized_nclob_char_array -> org.hibernate.type.BasicTypeReference@77bb0ab5
10:24:14.205 [main] DEBUG org.hibernate.type.BasicTypeRegistry - Adding type registration Duration -> org.hibernate.type.BasicTypeReference@f2c488
10:24:14.205 [main] DEBUG org.hibernate.type.BasicTypeRegistry - Adding type registration java.time.Duration -> org.hibernate.type.BasicTypeReference@f2c488
10:24:14.205 [main] DEBUG org.hibernate.type.BasicTypeRegistry - Adding type registration LocalDateTime -> org.hibernate.type.BasicTypeReference@54acff7d
10:24:14.205 [main] DEBUG org.hibernate.type.BasicTypeRegistry - Adding type registration java.time.LocalDateTime -> org.hibernate.type.BasicTypeReference@54acff7d
10:24:14.205 [main] DEBUG org.hibernate.type.BasicTypeRegistry - Adding type registration LocalDate -> org.hibernate.type.BasicTypeReference@7bc9e6ab
10:24:14.205 [main] DEBUG org.hibernate.type.BasicTypeRegistry - Adding type registration java.time.LocalDate -> org.hibernate.type.BasicTypeReference@7bc9e6ab
10:24:14.205 [main] DEBUG org.hibernate.type.BasicTypeRegistry - Adding type registration LocalTime -> org.hibernate.type.BasicTypeReference@5488b5c5
10:24:14.205 [main] DEBUG org.hibernate.type.BasicTypeRegistry - Adding type registration java.time.LocalTime -> org.hibernate.type.BasicTypeReference@5488b5c5
10:24:14.205 [main] DEBUG org.hibernate.type.BasicTypeRegistry - Adding type registration OffsetDateTime -> org.hibernate.type.BasicTypeReference@4248ed58
10:24:14.205 [main] DEBUG org.hibernate.type.BasicTypeRegistry - Adding type registration java.time.OffsetDateTime -> org.hibernate.type.BasicTypeReference@4248ed58
10:24:14.205 [main] DEBUG org.hibernate.type.BasicTypeRegistry - Adding type registration OffsetDateTimeWithTimezone -> org.hibernate.type.BasicTypeReference@712ca57b
10:24:14.205 [main] DEBUG org.hibernate.type.BasicTypeRegistry - Adding type registration OffsetDateTimeWithoutTimezone -> org.hibernate.type.BasicTypeReference@4564e94b
10:24:14.205 [main] DEBUG org.hibernate.type.BasicTypeRegistry - Adding type registration OffsetTime -> org.hibernate.type.BasicTypeReference@54534abf
10:24:14.205 [main] DEBUG org.hibernate.type.BasicTypeRegistry - Adding type registration java.time.OffsetTime -> org.hibernate.type.BasicTypeReference@54534abf
10:24:14.205 [main] DEBUG org.hibernate.type.BasicTypeRegistry - Adding type registration OffsetTimeUtc -> org.hibernate.type.BasicTypeReference@51745f40
10:24:14.205 [main] DEBUG org.hibernate.type.BasicTypeRegistry - Adding type registration OffsetTimeWithTimezone -> org.hibernate.type.BasicTypeReference@45673f68
10:24:14.205 [main] DEBUG org.hibernate.type.BasicTypeRegistry - Adding type registration OffsetTimeWithoutTimezone -> org.hibernate.type.BasicTypeReference@27abb83e
10:24:14.205 [main] DEBUG org.hibernate.type.BasicTypeRegistry - Adding type registration ZonedDateTime -> org.hibernate.type.BasicTypeReference@69e308c6
10:24:14.205 [main] DEBUG org.hibernate.type.BasicTypeRegistry - Adding type registration java.time.ZonedDateTime -> org.hibernate.type.BasicTypeReference@69e308c6
10:24:14.205 [main] DEBUG org.hibernate.type.BasicTypeRegistry - Adding type registration ZonedDateTimeWithTimezone -> org.hibernate.type.BasicTypeReference@1a1ed4e5
10:24:14.205 [main] DEBUG org.hibernate.type.BasicTypeRegistry - Adding type registration ZonedDateTimeWithoutTimezone -> org.hibernate.type.BasicTypeReference@667e34b1
10:24:14.205 [main] DEBUG org.hibernate.type.BasicTypeRegistry - Adding type registration date -> org.hibernate.type.BasicTypeReference@1c6e0a08
10:24:14.205 [main] DEBUG org.hibernate.type.BasicTypeRegistry - Adding type registration java.sql.Date -> org.hibernate.type.BasicTypeReference@1c6e0a08
10:24:14.205 [main] DEBUG org.hibernate.type.BasicTypeRegistry - Adding type registration time -> org.hibernate.type.BasicTypeReference@6dba847b
10:24:14.205 [main] DEBUG org.hibernate.type.BasicTypeRegistry - Adding type registration java.sql.Time -> org.hibernate.type.BasicTypeReference@6dba847b
10:24:14.205 [main] DEBUG org.hibernate.type.BasicTypeRegistry - Adding type registration timestamp -> org.hibernate.type.BasicTypeReference@1efdcd5
10:24:14.205 [main] DEBUG org.hibernate.type.BasicTypeRegistry - Adding type registration java.sql.Timestamp -> org.hibernate.type.BasicTypeReference@1efdcd5
10:24:14.205 [main] DEBUG org.hibernate.type.BasicTypeRegistry - Adding type registration java.util.Date -> org.hibernate.type.BasicTypeReference@1efdcd5
10:24:14.205 [main] DEBUG org.hibernate.type.BasicTypeRegistry - Adding type registration calendar -> org.hibernate.type.BasicTypeReference@1623bbe5
10:24:14.205 [main] DEBUG org.hibernate.type.BasicTypeRegistry - Adding type registration java.util.Calendar -> org.hibernate.type.BasicTypeReference@1623bbe5
10:24:14.205 [main] DEBUG org.hibernate.type.BasicTypeRegistry - Adding type registration java.util.GregorianCalendar -> org.hibernate.type.BasicTypeReference@1623bbe5
10:24:14.205 [main] DEBUG org.hibernate.type.BasicTypeRegistry - Adding type registration calendar_date -> org.hibernate.type.BasicTypeReference@7af1cd63
10:24:14.205 [main] DEBUG org.hibernate.type.BasicTypeRegistry - Adding type registration calendar_time -> org.hibernate.type.BasicTypeReference@4351171a
10:24:14.205 [main] DEBUG org.hibernate.type.BasicTypeRegistry - Adding type registration instant -> org.hibernate.type.BasicTypeReference@3c2772d1
10:24:14.205 [main] DEBUG org.hibernate.type.BasicTypeRegistry - Adding type registration java.time.Instant -> org.hibernate.type.BasicTypeReference@3c2772d1
10:24:14.205 [main] DEBUG org.hibernate.type.BasicTypeRegistry - Adding type registration uuid -> org.hibernate.type.BasicTypeReference@37d00a23
10:24:14.205 [main] DEBUG org.hibernate.type.BasicTypeRegistry - Adding type registration java.util.UUID -> org.hibernate.type.BasicTypeReference@37d00a23
10:24:14.205 [main] DEBUG org.hibernate.type.BasicTypeRegistry - Adding type registration pg-uuid -> org.hibernate.type.BasicTypeReference@37d00a23
10:24:14.205 [main] DEBUG org.hibernate.type.BasicTypeRegistry - Adding type registration uuid-binary -> org.hibernate.type.BasicTypeReference@433e536f
10:24:14.205 [main] DEBUG org.hibernate.type.BasicTypeRegistry - Adding type registration uuid-char -> org.hibernate.type.BasicTypeReference@89c65d5
10:24:14.205 [main] DEBUG org.hibernate.type.BasicTypeRegistry - Adding type registration class -> org.hibernate.type.BasicTypeReference@faa3fed
10:24:14.205 [main] DEBUG org.hibernate.type.BasicTypeRegistry - Adding type registration java.lang.Class -> org.hibernate.type.BasicTypeReference@faa3fed
10:24:14.205 [main] DEBUG org.hibernate.type.BasicTypeRegistry - Adding type registration currency -> org.hibernate.type.BasicTypeReference@988246e
10:24:14.205 [main] DEBUG org.hibernate.type.BasicTypeRegistry - Adding type registration Currency -> org.hibernate.type.BasicTypeReference@988246e
10:24:14.205 [main] DEBUG org.hibernate.type.BasicTypeRegistry - Adding type registration java.util.Currency -> org.hibernate.type.BasicTypeReference@988246e
10:24:14.205 [main] DEBUG org.hibernate.type.BasicTypeRegistry - Adding type registration locale -> org.hibernate.type.BasicTypeReference@62515a47
10:24:14.205 [main] DEBUG org.hibernate.type.BasicTypeRegistry - Adding type registration java.util.Locale -> org.hibernate.type.BasicTypeReference@62515a47
10:24:14.205 [main] DEBUG org.hibernate.type.BasicTypeRegistry - Adding type registration serializable -> org.hibernate.type.BasicTypeReference@3c5a54b7
10:24:14.205 [main] DEBUG org.hibernate.type.BasicTypeRegistry - Adding type registration java.io.Serializable -> org.hibernate.type.BasicTypeReference@3c5a54b7
10:24:14.205 [main] DEBUG org.hibernate.type.BasicTypeRegistry - Adding type registration timezone -> org.hibernate.type.BasicTypeReference@61f2c3f0
10:24:14.205 [main] DEBUG org.hibernate.type.BasicTypeRegistry - Adding type registration java.util.TimeZone -> org.hibernate.type.BasicTypeReference@61f2c3f0
10:24:14.205 [main] DEBUG org.hibernate.type.BasicTypeRegistry - Adding type registration ZoneOffset -> org.hibernate.type.BasicTypeReference@291120f4
10:24:14.205 [main] DEBUG org.hibernate.type.BasicTypeRegistry - Adding type registration java.time.ZoneOffset -> org.hibernate.type.BasicTypeReference@291120f4
10:24:14.205 [main] DEBUG org.hibernate.type.BasicTypeRegistry - Adding type registration url -> org.hibernate.type.BasicTypeReference@417ad4f3
10:24:14.205 [main] DEBUG org.hibernate.type.BasicTypeRegistry - Adding type registration java.net.URL -> org.hibernate.type.BasicTypeReference@417ad4f3
10:24:14.205 [main] DEBUG org.hibernate.type.BasicTypeRegistry - Adding type registration vector -> org.hibernate.type.BasicTypeReference@2f6bcf87
10:24:14.205 [main] DEBUG org.hibernate.type.BasicTypeRegistry - Adding type registration row_version -> org.hibernate.type.BasicTypeReference@58f174d9
10:24:14.205 [main] DEBUG org.hibernate.type.BasicTypeRegistry - Adding type registration object -> org.hibernate.type.JavaObjectType@34237b90
10:24:14.205 [main] DEBUG org.hibernate.type.BasicTypeRegistry - Adding type registration java.lang.Object -> org.hibernate.type.JavaObjectType@34237b90
10:24:14.205 [main] DEBUG org.hibernate.type.BasicTypeRegistry - Adding type registration null -> org.hibernate.type.NullType@267bbe1a
10:24:14.205 [main] DEBUG org.hibernate.type.BasicTypeRegistry - Adding type registration imm_date -> org.hibernate.type.BasicTypeReference@6f360d61
10:24:14.205 [main] DEBUG org.hibernate.type.BasicTypeRegistry - Adding type registration imm_time -> org.hibernate.type.BasicTypeReference@5e161501
10:24:14.205 [main] DEBUG org.hibernate.type.BasicTypeRegistry - Adding type registration imm_timestamp -> org.hibernate.type.BasicTypeReference@751ea31d
10:24:14.205 [main] DEBUG org.hibernate.type.BasicTypeRegistry - Adding type registration imm_calendar -> org.hibernate.type.BasicTypeReference@2e03cb6a
10:24:14.205 [main] DEBUG org.hibernate.type.BasicTypeRegistry - Adding type registration imm_calendar_date -> org.hibernate.type.BasicTypeReference@718186ce
10:24:14.205 [main] DEBUG org.hibernate.type.BasicTypeRegistry - Adding type registration imm_calendar_time -> org.hibernate.type.BasicTypeReference@1f512be2
10:24:14.205 [main] DEBUG org.hibernate.type.BasicTypeRegistry - Adding type registration imm_binary -> org.hibernate.type.BasicTypeReference@1f57655e
10:24:14.205 [main] DEBUG org.hibernate.type.BasicTypeRegistry - Adding type registration imm_serializable -> org.hibernate.type.BasicTypeReference@2fbfa545
10:24:14.206 [main] DEBUG org.hibernate.boot.internal.BootstrapContextImpl - Injecting ScanEnvironment [org.hibernate.jpa.boot.internal.StandardJpaScanEnvironmentImpl@5275f18a] into BootstrapContext; was [null]
10:24:14.206 [main] DEBUG org.hibernate.boot.internal.BootstrapContextImpl - Injecting ScanOptions [org.hibernate.boot.archive.scan.internal.StandardScanOptions@44edde1d] into BootstrapContext; was [org.hibernate.boot.archive.scan.internal.StandardScanOptions@60343e4b]
10:24:14.245 [main] DEBUG org.hibernate.boot.internal.BootstrapContextImpl - Injecting JPA temp ClassLoader [null] into BootstrapContext; was [null]
10:24:14.245 [main] DEBUG org.hibernate.boot.internal.ClassLoaderAccessImpl - ClassLoaderAccessImpl#injectTempClassLoader(null) [was null]
10:24:14.246 [main] INFO org.hibernate.engine.jdbc.connections.internal.ConnectionProviderInitiator - HHH000130: Instantiating explicit connection provider: org.hibernate.hikaricp.internal.HikariCPConnectionProvider
10:24:14.246 [main] DEBUG org.hibernate.hikaricp.internal.HikariCPConnectionProvider - Configuring HikariCP
10:24:14.246 [main] DEBUG com.zaxxer.hikari.HikariConfig - Driver class org.h2.Driver found in Thread context class loader jdk.internal.loader.ClassLoaders$AppClassLoader@70dea4e
10:24:14.246 [main] DEBUG com.zaxxer.hikari.HikariConfig - FRC-PM-HikariCP - configuration:
10:24:14.247 [main] DEBUG com.zaxxer.hikari.HikariConfig - allowPoolSuspension.............false
10:24:14.247 [main] DEBUG com.zaxxer.hikari.HikariConfig - autoCommit......................true
10:24:14.247 [main] DEBUG com.zaxxer.hikari.HikariConfig - catalog.........................none
10:24:14.247 [main] DEBUG com.zaxxer.hikari.HikariConfig - connectionInitSql...............none
10:24:14.247 [main] DEBUG com.zaxxer.hikari.HikariConfig - connectionTestQuery.............none
10:24:14.247 [main] DEBUG com.zaxxer.hikari.HikariConfig - connectionTimeout...............10000
10:24:14.247 [main] DEBUG com.zaxxer.hikari.HikariConfig - dataSource......................none
10:24:14.247 [main] DEBUG com.zaxxer.hikari.HikariConfig - dataSourceClassName.............none
10:24:14.247 [main] DEBUG com.zaxxer.hikari.HikariConfig - dataSourceJNDI..................none
10:24:14.247 [main] DEBUG com.zaxxer.hikari.HikariConfig - dataSourceProperties............{password=<masked>}
10:24:14.247 [main] DEBUG com.zaxxer.hikari.HikariConfig - driverClassName................."org.h2.Driver"
10:24:14.247 [main] DEBUG com.zaxxer.hikari.HikariConfig - exceptionOverrideClassName......none
10:24:14.247 [main] DEBUG com.zaxxer.hikari.HikariConfig - healthCheckProperties...........{}
10:24:14.247 [main] DEBUG com.zaxxer.hikari.HikariConfig - healthCheckRegistry.............none
10:24:14.247 [main] DEBUG com.zaxxer.hikari.HikariConfig - idleTimeout.....................30000
10:24:14.247 [main] DEBUG com.zaxxer.hikari.HikariConfig - initializationFailTimeout.......1
10:24:14.247 [main] DEBUG com.zaxxer.hikari.HikariConfig - isolateInternalQueries..........false
10:24:14.247 [main] DEBUG com.zaxxer.hikari.HikariConfig - jdbcUrl.........................jdbc:h2:file:C:\Users\dhiebert\.frcpm\frcpm
10:24:14.247 [main] DEBUG com.zaxxer.hikari.HikariConfig - keepaliveTime...................0
10:24:14.247 [main] DEBUG com.zaxxer.hikari.HikariConfig - leakDetectionThreshold..........0
10:24:14.247 [main] DEBUG com.zaxxer.hikari.HikariConfig - maxLifetime.....................1800000
10:24:14.247 [main] DEBUG com.zaxxer.hikari.HikariConfig - maximumPoolSize.................10
10:24:14.247 [main] DEBUG com.zaxxer.hikari.HikariConfig - metricRegistry..................none
10:24:14.247 [main] DEBUG com.zaxxer.hikari.HikariConfig - metricsTrackerFactory...........none
10:24:14.247 [main] DEBUG com.zaxxer.hikari.HikariConfig - minimumIdle.....................2
10:24:14.247 [main] DEBUG com.zaxxer.hikari.HikariConfig - password........................<masked>
10:24:14.247 [main] DEBUG com.zaxxer.hikari.HikariConfig - poolName........................"FRC-PM-HikariCP"
10:24:14.247 [main] DEBUG com.zaxxer.hikari.HikariConfig - readOnly........................false
10:24:14.247 [main] DEBUG com.zaxxer.hikari.HikariConfig - registerMbeans..................false
10:24:14.247 [main] DEBUG com.zaxxer.hikari.HikariConfig - scheduledExecutor...............none
10:24:14.247 [main] DEBUG com.zaxxer.hikari.HikariConfig - schema..........................none
10:24:14.247 [main] DEBUG com.zaxxer.hikari.HikariConfig - threadFactory...................internal
10:24:14.247 [main] DEBUG com.zaxxer.hikari.HikariConfig - transactionIsolation............default
10:24:14.247 [main] DEBUG com.zaxxer.hikari.HikariConfig - username........................"sa"
10:24:14.247 [main] DEBUG com.zaxxer.hikari.HikariConfig - validationTimeout...............5000
10:24:14.247 [main] INFO com.zaxxer.hikari.HikariDataSource - FRC-PM-HikariCP - Starting...
10:24:14.257 [main] INFO com.zaxxer.hikari.pool.HikariPool - FRC-PM-HikariCP - Added connection conn12: url=jdbc:h2:file:C:\Users\dhiebert\.frcpm\frcpm user=SA
10:24:14.257 [main] INFO com.zaxxer.hikari.HikariDataSource - FRC-PM-HikariCP - Start completed.
10:24:14.257 [main] DEBUG org.hibernate.hikaricp.internal.HikariCPConnectionProvider - HikariCP Configured
10:24:14.257 [main] DEBUG org.hibernate.engine.jdbc.env.internal.JdbcEnvironmentInitiator - Database ->
	   name : H2
	version : 2.2.224 (2023-09-17)
	  major : 2
	  minor : 2
10:24:14.257 [main] DEBUG org.hibernate.engine.jdbc.env.internal.JdbcEnvironmentInitiator - Driver ->
	   name : H2 JDBC Driver
	version : 2.2.224 (2023-09-17)
	  major : 2
	  minor : 2
10:24:14.257 [main] DEBUG org.hibernate.engine.jdbc.env.internal.JdbcEnvironmentInitiator - JDBC version : 4.2
10:24:14.257 [main] WARN org.hibernate.orm.deprecation - HHH90000025: H2Dialect does not need to be specified explicitly using 'hibernate.dialect' (remove the property setting and it will be selected by default)
10:24:14.257 [main] DEBUG org.hibernate.orm.dialect - HHH035001: Using dialect: org.hibernate.dialect.H2Dialect, version: 2.2.224
10:24:14.257 [main] DEBUG org.hibernate.engine.jdbc.env.spi.IdentifierHelperBuilder - JDBC driver metadata reported database stores quoted identifiers in neither upper, lower nor mixed case
10:24:14.257 [main] DEBUG org.hibernate.type.descriptor.jdbc.spi.JdbcTypeRegistry - addDescriptor(NCharTypeDescriptor) replaced previous registration(CharTypeDescriptor)
10:24:14.257 [main] DEBUG org.hibernate.type.descriptor.jdbc.spi.JdbcTypeRegistry - addDescriptor(NVarcharTypeDescriptor) replaced previous registration(VarcharTypeDescriptor)
10:24:14.257 [main] DEBUG org.hibernate.type.descriptor.jdbc.spi.JdbcTypeRegistry - addDescriptor(LongNVarcharTypeDescriptor) replaced previous registration(LongVarcharTypeDescriptor)
10:24:14.257 [main] DEBUG org.hibernate.type.descriptor.jdbc.spi.JdbcTypeRegistry - addDescriptor(NClobTypeDescriptor(DEFAULT)) replaced previous registration(ClobTypeDescriptor(DEFAULT))
10:24:14.257 [main] DEBUG org.hibernate.type.descriptor.jdbc.spi.JdbcTypeRegistry - addDescriptor(2005, ClobTypeDescriptor(STREAM_BINDING)) replaced previous registration(ClobTypeDescriptor(DEFAULT))
10:24:14.257 [main] DEBUG org.hibernate.type.descriptor.jdbc.spi.JdbcTypeRegistry - addDescriptor(TimestampUtcDescriptor) replaced previous registration(TimestampUtcDescriptor)
10:24:14.257 [main] DEBUG org.hibernate.type.BasicTypeRegistry - Adding type registration org.hibernate.type.DurationType -> basicType@140(java.time.Duration,3015)
10:24:14.257 [main] DEBUG org.hibernate.type.BasicTypeRegistry - Adding type registration Duration -> basicType@140(java.time.Duration,3015)
10:24:14.257 [main] DEBUG org.hibernate.type.BasicTypeRegistry - Adding type registration java.time.Duration -> basicType@140(java.time.Duration,3015)
10:24:14.257 [main] DEBUG org.hibernate.type.spi.TypeConfiguration$Scope - Scoping TypeConfiguration [org.hibernate.type.spi.TypeConfiguration@27d9103f] to MetadataBuildingContext [org.hibernate.boot.internal.MetadataBuildingContextRootImpl@1fd812d]
10:24:14.258 [main] DEBUG org.hibernate.boot.model.relational.Namespace - Created database namespace [logicalName=Name{catalog=null, schema=null}, physicalName=Name{catalog=null, schema=null}]
10:24:14.259 [main] DEBUG org.hibernate.boot.model.internal.EntityBinder - Binding entity from annotated class: org.frcpm.models.Attendance
10:24:14.259 [main] DEBUG org.hibernate.boot.model.internal.EntityBinder - Import with entity name Attendance
10:24:14.259 [main] DEBUG org.hibernate.boot.model.internal.EntityBinder - Bind entity org.frcpm.models.Attendance on table attendances
10:24:14.259 [main] DEBUG org.hibernate.boot.model.internal.AnnotatedColumn - Binding column: AnnotatedDiscriminatorColumn(column='DTYPE')
10:24:14.259 [main] DEBUG org.hibernate.boot.model.internal.AnnotatedColumn - Binding column: AnnotatedColumn()
10:24:14.259 [main] DEBUG org.hibernate.boot.internal.ClassLoaderAccessImpl - Not known whether passed class name [org.frcpm.models.Attendance] is safe
10:24:14.259 [main] DEBUG org.hibernate.boot.internal.ClassLoaderAccessImpl - No temp ClassLoader provided; using live ClassLoader for loading potentially unsafe class : org.frcpm.models.Attendance
10:24:14.259 [main] DEBUG org.hibernate.boot.model.internal.PropertyBinder - MetadataSourceProcessor property id with lazy=false
10:24:14.259 [main] DEBUG org.hibernate.boot.model.internal.AbstractPropertyHolder - Attempting to locate auto-apply AttributeConverter for property [org.frcpm.models.Attendance:id]
10:24:14.259 [main] DEBUG org.hibernate.boot.model.internal.BasicValueBinder - building BasicValue for id
10:24:14.259 [main] DEBUG org.hibernate.mapping.BasicValue - Skipping column re-registration: attendances.id
10:24:14.259 [main] DEBUG org.hibernate.boot.model.internal.PropertyBinder - Building property id
10:24:14.259 [main] DEBUG org.hibernate.boot.model.internal.BinderHelper - #makeIdGenerator(BasicValue([Column(id)]), id, identity, , ...)
10:24:14.259 [main] DEBUG org.hibernate.boot.model.internal.AnnotatedColumn - Binding column: AnnotatedColumn(column='arrival_time')
10:24:14.259 [main] DEBUG org.hibernate.boot.model.internal.PropertyBinder - MetadataSourceProcessor property arrivalTime with lazy=false
10:24:14.259 [main] DEBUG org.hibernate.boot.model.internal.AbstractPropertyHolder - Attempting to locate auto-apply AttributeConverter for property [org.frcpm.models.Attendance:arrivalTime]
10:24:14.259 [main] DEBUG org.hibernate.boot.model.internal.BasicValueBinder - building BasicValue for arrivalTime
10:24:14.259 [main] DEBUG org.hibernate.mapping.BasicValue - Skipping column re-registration: attendances.arrival_time
10:24:14.259 [main] DEBUG org.hibernate.boot.model.internal.PropertyBinder - Building property arrivalTime
10:24:14.259 [main] DEBUG org.hibernate.boot.model.internal.AnnotatedColumn - Binding column: AnnotatedColumn(column='departure_time')
10:24:14.259 [main] DEBUG org.hibernate.boot.model.internal.PropertyBinder - MetadataSourceProcessor property departureTime with lazy=false
10:24:14.259 [main] DEBUG org.hibernate.boot.model.internal.AbstractPropertyHolder - Attempting to locate auto-apply AttributeConverter for property [org.frcpm.models.Attendance:departureTime]
10:24:14.259 [main] DEBUG org.hibernate.boot.model.internal.BasicValueBinder - building BasicValue for departureTime
10:24:14.259 [main] DEBUG org.hibernate.mapping.BasicValue - Skipping column re-registration: attendances.departure_time
10:24:14.259 [main] DEBUG org.hibernate.boot.model.internal.PropertyBinder - Building property departureTime
10:24:14.259 [main] DEBUG org.hibernate.boot.model.internal.AnnotatedColumn - Binding column: AnnotatedJoinColumn(column='meeting_id')
10:24:14.259 [main] DEBUG org.hibernate.boot.model.internal.AnnotatedColumn - Binding column: AnnotatedColumn()
10:24:14.259 [main] DEBUG org.hibernate.boot.model.internal.PropertyBinder - Building property meeting
10:24:14.259 [main] DEBUG org.hibernate.boot.model.internal.AnnotatedColumn - Binding column: AnnotatedJoinColumn(column='member_id')
10:24:14.259 [main] DEBUG org.hibernate.boot.model.internal.AnnotatedColumn - Binding column: AnnotatedColumn()
10:24:14.259 [main] DEBUG org.hibernate.boot.model.internal.PropertyBinder - Building property member
10:24:14.259 [main] DEBUG org.hibernate.boot.model.internal.AnnotatedColumn - Binding column: AnnotatedColumn(column='present')
10:24:14.259 [main] DEBUG org.hibernate.boot.model.internal.PropertyBinder - MetadataSourceProcessor property present with lazy=false
10:24:14.259 [main] DEBUG org.hibernate.boot.model.internal.AbstractPropertyHolder - Attempting to locate auto-apply AttributeConverter for property [org.frcpm.models.Attendance:present]
10:24:14.259 [main] DEBUG org.hibernate.boot.model.internal.BasicValueBinder - building BasicValue for present
10:24:14.259 [main] DEBUG org.hibernate.mapping.BasicValue - Skipping column re-registration: attendances.present
10:24:14.259 [main] DEBUG org.hibernate.boot.model.internal.PropertyBinder - Building property present
10:24:14.260 [main] DEBUG org.hibernate.boot.registry.classloading.internal.ClassLoaderServiceImpl - HHH000194: Package not found or no package-info.java: org.frcpm.models
10:24:14.260 [main] DEBUG org.hibernate.boot.model.internal.EntityBinder - Binding entity from annotated class: org.frcpm.models.Meeting
10:24:14.260 [main] DEBUG org.hibernate.boot.model.internal.EntityBinder - Import with entity name Meeting
10:24:14.260 [main] DEBUG org.hibernate.boot.model.internal.EntityBinder - Bind entity org.frcpm.models.Meeting on table meetings
10:24:14.260 [main] DEBUG org.hibernate.boot.model.internal.AnnotatedColumn - Binding column: AnnotatedDiscriminatorColumn(column='DTYPE')
10:24:14.260 [main] DEBUG org.hibernate.boot.model.internal.AnnotatedColumn - Binding column: AnnotatedColumn()
10:24:14.260 [main] DEBUG org.hibernate.boot.internal.ClassLoaderAccessImpl - Not known whether passed class name [org.frcpm.models.Meeting] is safe
10:24:14.260 [main] DEBUG org.hibernate.boot.internal.ClassLoaderAccessImpl - No temp ClassLoader provided; using live ClassLoader for loading potentially unsafe class : org.frcpm.models.Meeting
10:24:14.260 [main] DEBUG org.hibernate.boot.model.internal.PropertyBinder - MetadataSourceProcessor property id with lazy=false
10:24:14.260 [main] DEBUG org.hibernate.boot.model.internal.AbstractPropertyHolder - Attempting to locate auto-apply AttributeConverter for property [org.frcpm.models.Meeting:id]
10:24:14.260 [main] DEBUG org.hibernate.boot.model.internal.BasicValueBinder - building BasicValue for id
10:24:14.260 [main] DEBUG org.hibernate.mapping.BasicValue - Skipping column re-registration: meetings.id
10:24:14.260 [main] DEBUG org.hibernate.boot.model.internal.PropertyBinder - Building property id
10:24:14.260 [main] DEBUG org.hibernate.boot.model.internal.BinderHelper - #makeIdGenerator(BasicValue([Column(id)]), id, identity, , ...)
10:24:14.260 [main] DEBUG org.hibernate.boot.model.internal.AnnotatedColumn - Binding column: AnnotatedJoinColumn()
10:24:14.260 [main] DEBUG org.hibernate.boot.model.internal.AnnotatedColumn - Binding column: AnnotatedColumn()
10:24:14.260 [main] DEBUG org.hibernate.boot.model.internal.AnnotatedColumn - Binding column: IndexColumn(column='attendances_ORDER')
10:24:14.260 [main] DEBUG org.hibernate.boot.model.internal.AnnotatedColumn - Binding column: AnnotatedColumn()
10:24:14.260 [main] DEBUG org.hibernate.boot.model.internal.AnnotatedColumn - Binding column: AnnotatedColumn(column='attendances_KEY')
10:24:14.260 [main] DEBUG org.hibernate.boot.model.internal.AnnotatedColumn - Binding column: AnnotatedJoinColumn(column='attendances_KEY')
10:24:14.260 [main] DEBUG org.hibernate.boot.model.internal.AnnotatedColumn - Binding column: AnnotatedJoinColumn()
10:24:14.260 [main] DEBUG org.hibernate.boot.model.internal.AnnotatedColumn - Binding column: AnnotatedJoinColumn()
10:24:14.260 [main] DEBUG org.hibernate.boot.model.internal.CollectionBinder - Collection role: org.frcpm.models.Meeting.attendances
10:24:14.260 [main] DEBUG org.hibernate.boot.model.internal.PropertyBinder - Building property attendances
10:24:14.260 [main] DEBUG org.hibernate.boot.model.internal.AnnotatedColumn - Binding column: AnnotatedColumn(column='date')
10:24:14.260 [main] DEBUG org.hibernate.boot.model.internal.PropertyBinder - MetadataSourceProcessor property date with lazy=false
10:24:14.260 [main] DEBUG org.hibernate.boot.model.internal.AbstractPropertyHolder - Attempting to locate auto-apply AttributeConverter for property [org.frcpm.models.Meeting:date]
10:24:14.260 [main] DEBUG org.hibernate.boot.model.internal.BasicValueBinder - building BasicValue for date
10:24:14.260 [main] DEBUG org.hibernate.mapping.BasicValue - Skipping column re-registration: meetings.date
10:24:14.260 [main] DEBUG org.hibernate.boot.model.internal.PropertyBinder - Building property date
10:24:14.260 [main] DEBUG org.hibernate.boot.model.internal.AnnotatedColumn - Binding column: AnnotatedColumn(column='end_time')
10:24:14.260 [main] DEBUG org.hibernate.boot.model.internal.PropertyBinder - MetadataSourceProcessor property endTime with lazy=false
10:24:14.260 [main] DEBUG org.hibernate.boot.model.internal.AbstractPropertyHolder - Attempting to locate auto-apply AttributeConverter for property [org.frcpm.models.Meeting:endTime]
10:24:14.260 [main] DEBUG org.hibernate.boot.model.internal.BasicValueBinder - building BasicValue for endTime
10:24:14.261 [main] DEBUG org.hibernate.mapping.BasicValue - Skipping column re-registration: meetings.end_time
10:24:14.261 [main] DEBUG org.hibernate.boot.model.internal.PropertyBinder - Building property endTime
10:24:14.261 [main] DEBUG org.hibernate.boot.model.internal.AnnotatedColumn - Binding column: AnnotatedColumn(column='notes')
10:24:14.261 [main] DEBUG org.hibernate.boot.model.internal.PropertyBinder - MetadataSourceProcessor property notes with lazy=false
10:24:14.261 [main] DEBUG org.hibernate.boot.model.internal.AbstractPropertyHolder - Attempting to locate auto-apply AttributeConverter for property [org.frcpm.models.Meeting:notes]
10:24:14.261 [main] DEBUG org.hibernate.boot.model.internal.BasicValueBinder - building BasicValue for notes
10:24:14.261 [main] DEBUG org.hibernate.mapping.BasicValue - Skipping column re-registration: meetings.notes
10:24:14.261 [main] DEBUG org.hibernate.boot.model.internal.PropertyBinder - Building property notes
10:24:14.261 [main] DEBUG org.hibernate.boot.model.internal.AnnotatedColumn - Binding column: AnnotatedJoinColumn(column='project_id')
10:24:14.261 [main] DEBUG org.hibernate.boot.model.internal.AnnotatedColumn - Binding column: AnnotatedColumn()
10:24:14.261 [main] DEBUG org.hibernate.boot.model.internal.PropertyBinder - Building property project
10:24:14.261 [main] DEBUG org.hibernate.boot.model.internal.AnnotatedColumn - Binding column: AnnotatedColumn(column='start_time')
10:24:14.261 [main] DEBUG org.hibernate.boot.model.internal.PropertyBinder - MetadataSourceProcessor property startTime with lazy=false
10:24:14.261 [main] DEBUG org.hibernate.boot.model.internal.AbstractPropertyHolder - Attempting to locate auto-apply AttributeConverter for property [org.frcpm.models.Meeting:startTime]
10:24:14.261 [main] DEBUG org.hibernate.boot.model.internal.BasicValueBinder - building BasicValue for startTime
10:24:14.261 [main] DEBUG org.hibernate.mapping.BasicValue - Skipping column re-registration: meetings.start_time
10:24:14.261 [main] DEBUG org.hibernate.boot.model.internal.PropertyBinder - Building property startTime
10:24:14.261 [main] DEBUG org.hibernate.boot.registry.classloading.internal.ClassLoaderServiceImpl - HHH000194: Package not found or no package-info.java: org.frcpm.models
10:24:14.261 [main] DEBUG org.hibernate.boot.model.internal.EntityBinder - Binding entity from annotated class: org.frcpm.models.Subsystem
10:24:14.261 [main] DEBUG org.hibernate.boot.model.internal.EntityBinder - Import with entity name Subsystem
10:24:14.261 [main] DEBUG org.hibernate.boot.model.internal.EntityBinder - Bind entity org.frcpm.models.Subsystem on table subsystems
10:24:14.261 [main] DEBUG org.hibernate.boot.model.internal.AnnotatedColumn - Binding column: AnnotatedDiscriminatorColumn(column='DTYPE')
10:24:14.262 [main] DEBUG org.hibernate.boot.model.internal.AnnotatedColumn - Binding column: AnnotatedColumn()
10:24:14.262 [main] DEBUG org.hibernate.boot.internal.ClassLoaderAccessImpl - Not known whether passed class name [org.frcpm.models.Subsystem] is safe
10:24:14.262 [main] DEBUG org.hibernate.boot.internal.ClassLoaderAccessImpl - No temp ClassLoader provided; using live ClassLoader for loading potentially unsafe class : org.frcpm.models.Subsystem
10:24:14.262 [main] DEBUG org.hibernate.boot.model.internal.PropertyBinder - MetadataSourceProcessor property id with lazy=false
10:24:14.262 [main] DEBUG org.hibernate.boot.model.internal.AbstractPropertyHolder - Attempting to locate auto-apply AttributeConverter for property [org.frcpm.models.Subsystem:id]
10:24:14.262 [main] DEBUG org.hibernate.boot.model.internal.BasicValueBinder - building BasicValue for id
10:24:14.262 [main] DEBUG org.hibernate.mapping.BasicValue - Skipping column re-registration: subsystems.id
10:24:14.262 [main] DEBUG org.hibernate.boot.model.internal.PropertyBinder - Building property id
10:24:14.262 [main] DEBUG org.hibernate.boot.model.internal.BinderHelper - #makeIdGenerator(BasicValue([Column(id)]), id, identity, , ...)
10:24:14.262 [main] DEBUG org.hibernate.boot.model.internal.AnnotatedColumn - Binding column: AnnotatedColumn(column='description')
10:24:14.262 [main] DEBUG org.hibernate.boot.model.internal.PropertyBinder - MetadataSourceProcessor property description with lazy=false
10:24:14.262 [main] DEBUG org.hibernate.boot.model.internal.AbstractPropertyHolder - Attempting to locate auto-apply AttributeConverter for property [org.frcpm.models.Subsystem:description]
10:24:14.262 [main] DEBUG org.hibernate.boot.model.internal.BasicValueBinder - building BasicValue for description
10:24:14.262 [main] DEBUG org.hibernate.mapping.BasicValue - Skipping column re-registration: subsystems.description
10:24:14.262 [main] DEBUG org.hibernate.boot.model.internal.PropertyBinder - Building property description
10:24:14.262 [main] DEBUG org.hibernate.boot.model.internal.AnnotatedColumn - Binding column: AnnotatedColumn(column='name')
10:24:14.262 [main] DEBUG org.hibernate.boot.model.internal.PropertyBinder - MetadataSourceProcessor property name with lazy=false
10:24:14.262 [main] DEBUG org.hibernate.boot.model.internal.AbstractPropertyHolder - Attempting to locate auto-apply AttributeConverter for property [org.frcpm.models.Subsystem:name]
10:24:14.262 [main] DEBUG org.hibernate.boot.model.internal.BasicValueBinder - building BasicValue for name
10:24:14.262 [main] DEBUG org.hibernate.mapping.BasicValue - Skipping column re-registration: subsystems.name
10:24:14.262 [main] DEBUG org.hibernate.boot.model.internal.PropertyBinder - Building property name
10:24:14.262 [main] DEBUG org.hibernate.boot.model.internal.AnnotatedColumn - Binding column: AnnotatedJoinColumn(column='responsible_subteam_id')
10:24:14.262 [main] DEBUG org.hibernate.boot.model.internal.AnnotatedColumn - Binding column: AnnotatedColumn()
10:24:14.263 [main] DEBUG org.hibernate.boot.model.internal.PropertyBinder - Building property responsibleSubteam
10:24:14.263 [main] DEBUG org.hibernate.boot.model.internal.AnnotatedColumn - Binding column: AnnotatedColumn(column='status')
10:24:14.263 [main] DEBUG org.hibernate.boot.model.internal.PropertyBinder - MetadataSourceProcessor property status with lazy=false
10:24:14.263 [main] DEBUG org.hibernate.boot.model.internal.AbstractPropertyHolder - Attempting to locate auto-apply AttributeConverter for property [org.frcpm.models.Subsystem:status]
10:24:14.263 [main] DEBUG org.hibernate.boot.model.internal.BasicValueBinder - building BasicValue for status
10:24:14.263 [main] DEBUG org.hibernate.mapping.BasicValue - Skipping column re-registration: subsystems.status
10:24:14.263 [main] DEBUG org.hibernate.boot.model.internal.PropertyBinder - Building property status
10:24:14.263 [main] DEBUG org.hibernate.boot.model.internal.AnnotatedColumn - Binding column: AnnotatedJoinColumn()
10:24:14.263 [main] DEBUG org.hibernate.boot.model.internal.AnnotatedColumn - Binding column: AnnotatedColumn()
10:24:14.263 [main] DEBUG org.hibernate.boot.model.internal.AnnotatedColumn - Binding column: IndexColumn(column='tasks_ORDER')
10:24:14.263 [main] DEBUG org.hibernate.boot.model.internal.AnnotatedColumn - Binding column: AnnotatedColumn()
10:24:14.263 [main] DEBUG org.hibernate.boot.model.internal.AnnotatedColumn - Binding column: AnnotatedColumn(column='tasks_KEY')
10:24:14.263 [main] DEBUG org.hibernate.boot.model.internal.AnnotatedColumn - Binding column: AnnotatedJoinColumn(column='tasks_KEY')
10:24:14.263 [main] DEBUG org.hibernate.boot.model.internal.AnnotatedColumn - Binding column: AnnotatedJoinColumn()
10:24:14.263 [main] DEBUG org.hibernate.boot.model.internal.AnnotatedColumn - Binding column: AnnotatedJoinColumn()
10:24:14.263 [main] DEBUG org.hibernate.boot.model.internal.CollectionBinder - Collection role: org.frcpm.models.Subsystem.tasks
10:24:14.263 [main] DEBUG org.hibernate.boot.model.internal.PropertyBinder - Building property tasks
10:24:14.264 [main] DEBUG org.hibernate.boot.registry.classloading.internal.ClassLoaderServiceImpl - HHH000194: Package not found or no package-info.java: org.frcpm.models
10:24:14.264 [main] DEBUG org.hibernate.boot.model.internal.EntityBinder - Binding entity from annotated class: org.frcpm.models.Component
10:24:14.264 [main] DEBUG org.hibernate.boot.model.internal.EntityBinder - Import with entity name Component
10:24:14.264 [main] DEBUG org.hibernate.boot.model.internal.EntityBinder - Bind entity org.frcpm.models.Component on table components
10:24:14.265 [main] DEBUG org.hibernate.boot.model.internal.AnnotatedColumn - Binding column: AnnotatedDiscriminatorColumn(column='DTYPE')
10:24:14.265 [main] DEBUG org.hibernate.boot.model.internal.AnnotatedColumn - Binding column: AnnotatedColumn()
10:24:14.265 [main] DEBUG org.hibernate.boot.internal.ClassLoaderAccessImpl - Not known whether passed class name [org.frcpm.models.Component] is safe
10:24:14.265 [main] DEBUG org.hibernate.boot.internal.ClassLoaderAccessImpl - No temp ClassLoader provided; using live ClassLoader for loading potentially unsafe class : org.frcpm.models.Component
10:24:14.265 [main] DEBUG org.hibernate.boot.model.internal.PropertyBinder - MetadataSourceProcessor property id with lazy=false
10:24:14.265 [main] DEBUG org.hibernate.boot.model.internal.AbstractPropertyHolder - Attempting to locate auto-apply AttributeConverter for property [org.frcpm.models.Component:id]
10:24:14.265 [main] DEBUG org.hibernate.boot.model.internal.BasicValueBinder - building BasicValue for id
10:24:14.265 [main] DEBUG org.hibernate.mapping.BasicValue - Skipping column re-registration: components.id
10:24:14.265 [main] DEBUG org.hibernate.boot.model.internal.PropertyBinder - Building property id
10:24:14.265 [main] DEBUG org.hibernate.boot.model.internal.BinderHelper - #makeIdGenerator(BasicValue([Column(id)]), id, identity, , ...)
10:24:14.265 [main] DEBUG org.hibernate.boot.model.internal.AnnotatedColumn - Binding column: AnnotatedColumn(column='actual_delivery')
10:24:14.265 [main] DEBUG org.hibernate.boot.model.internal.PropertyBinder - MetadataSourceProcessor property actualDelivery with lazy=false
10:24:14.265 [main] DEBUG org.hibernate.boot.model.internal.AbstractPropertyHolder - Attempting to locate auto-apply AttributeConverter for property [org.frcpm.models.Component:actualDelivery]
10:24:14.265 [main] DEBUG org.hibernate.boot.model.internal.BasicValueBinder - building BasicValue for actualDelivery
10:24:14.265 [main] DEBUG org.hibernate.mapping.BasicValue - Skipping column re-registration: components.actual_delivery
10:24:14.265 [main] DEBUG org.hibernate.boot.model.internal.PropertyBinder - Building property actualDelivery
10:24:14.265 [main] DEBUG org.hibernate.boot.model.internal.AnnotatedColumn - Binding column: AnnotatedColumn(column='is_delivered')
10:24:14.265 [main] DEBUG org.hibernate.boot.model.internal.PropertyBinder - MetadataSourceProcessor property delivered with lazy=false
10:24:14.265 [main] DEBUG org.hibernate.boot.model.internal.AbstractPropertyHolder - Attempting to locate auto-apply AttributeConverter for property [org.frcpm.models.Component:delivered]
10:24:14.265 [main] DEBUG org.hibernate.boot.model.internal.BasicValueBinder - building BasicValue for delivered
10:24:14.265 [main] DEBUG org.hibernate.mapping.BasicValue - Skipping column re-registration: components.is_delivered
10:24:14.265 [main] DEBUG org.hibernate.boot.model.internal.PropertyBinder - Building property delivered
10:24:14.265 [main] DEBUG org.hibernate.boot.model.internal.AnnotatedColumn - Binding column: AnnotatedColumn(column='description')
10:24:14.265 [main] DEBUG org.hibernate.boot.model.internal.PropertyBinder - MetadataSourceProcessor property description with lazy=false
10:24:14.265 [main] DEBUG org.hibernate.boot.model.internal.AbstractPropertyHolder - Attempting to locate auto-apply AttributeConverter for property [org.frcpm.models.Component:description]
10:24:14.265 [main] DEBUG org.hibernate.boot.model.internal.BasicValueBinder - building BasicValue for description
10:24:14.265 [main] DEBUG org.hibernate.mapping.BasicValue - Skipping column re-registration: components.description
10:24:14.265 [main] DEBUG org.hibernate.boot.model.internal.PropertyBinder - Building property description
10:24:14.265 [main] DEBUG org.hibernate.boot.model.internal.AnnotatedColumn - Binding column: AnnotatedColumn(column='expected_delivery')
10:24:14.265 [main] DEBUG org.hibernate.boot.model.internal.PropertyBinder - MetadataSourceProcessor property expectedDelivery with lazy=false
10:24:14.265 [main] DEBUG org.hibernate.boot.model.internal.AbstractPropertyHolder - Attempting to locate auto-apply AttributeConverter for property [org.frcpm.models.Component:expectedDelivery]
10:24:14.265 [main] DEBUG org.hibernate.boot.model.internal.BasicValueBinder - building BasicValue for expectedDelivery
10:24:14.265 [main] DEBUG org.hibernate.mapping.BasicValue - Skipping column re-registration: components.expected_delivery
10:24:14.265 [main] DEBUG org.hibernate.boot.model.internal.PropertyBinder - Building property expectedDelivery
10:24:14.265 [main] DEBUG org.hibernate.boot.model.internal.AnnotatedColumn - Binding column: AnnotatedColumn(column='name')
10:24:14.265 [main] DEBUG org.hibernate.boot.model.internal.PropertyBinder - MetadataSourceProcessor property name with lazy=false
10:24:14.265 [main] DEBUG org.hibernate.boot.model.internal.AbstractPropertyHolder - Attempting to locate auto-apply AttributeConverter for property [org.frcpm.models.Component:name]
10:24:14.265 [main] DEBUG org.hibernate.boot.model.internal.BasicValueBinder - building BasicValue for name
10:24:14.265 [main] DEBUG org.hibernate.mapping.BasicValue - Skipping column re-registration: components.name
10:24:14.265 [main] DEBUG org.hibernate.boot.model.internal.PropertyBinder - Building property name
10:24:14.266 [main] DEBUG org.hibernate.boot.model.internal.AnnotatedColumn - Binding column: AnnotatedColumn(column='part_number')
10:24:14.266 [main] DEBUG org.hibernate.boot.model.internal.PropertyBinder - MetadataSourceProcessor property partNumber with lazy=false
10:24:14.266 [main] DEBUG org.hibernate.boot.model.internal.AbstractPropertyHolder - Attempting to locate auto-apply AttributeConverter for property [org.frcpm.models.Component:partNumber]
10:24:14.266 [main] DEBUG org.hibernate.boot.model.internal.BasicValueBinder - building BasicValue for partNumber
10:24:14.266 [main] DEBUG org.hibernate.mapping.BasicValue - Skipping column re-registration: components.part_number
10:24:14.266 [main] DEBUG org.hibernate.boot.model.internal.PropertyBinder - Building property partNumber
10:24:14.266 [main] DEBUG org.hibernate.boot.model.internal.AnnotatedColumn - Binding column: IndexColumn(column='requiredForTasks_ORDER')
10:24:14.266 [main] DEBUG org.hibernate.boot.model.internal.AnnotatedColumn - Binding column: AnnotatedColumn()
10:24:14.266 [main] DEBUG org.hibernate.boot.model.internal.AnnotatedColumn - Binding column: AnnotatedColumn(column='requiredForTasks_KEY')
10:24:14.266 [main] DEBUG org.hibernate.boot.model.internal.AnnotatedColumn - Binding column: AnnotatedJoinColumn(column='requiredForTasks_KEY')
10:24:14.266 [main] DEBUG org.hibernate.boot.model.internal.AnnotatedColumn - Binding column: AnnotatedJoinColumn()
10:24:14.266 [main] DEBUG org.hibernate.boot.model.internal.AnnotatedColumn - Binding column: AnnotatedJoinColumn()
10:24:14.266 [main] DEBUG org.hibernate.boot.model.internal.CollectionBinder - Collection role: org.frcpm.models.Component.requiredForTasks
10:24:14.266 [main] DEBUG org.hibernate.boot.model.internal.PropertyBinder - Building property requiredForTasks
10:24:14.267 [main] DEBUG org.hibernate.boot.registry.classloading.internal.ClassLoaderServiceImpl - HHH000194: Package not found or no package-info.java: org.frcpm.models
10:24:14.267 [main] DEBUG org.hibernate.boot.model.internal.EntityBinder - Binding entity from annotated class: org.frcpm.models.Milestone
10:24:14.267 [main] DEBUG org.hibernate.boot.model.internal.EntityBinder - Import with entity name Milestone
10:24:14.267 [main] DEBUG org.hibernate.boot.model.internal.EntityBinder - Bind entity org.frcpm.models.Milestone on table milestones
10:24:14.267 [main] DEBUG org.hibernate.boot.model.internal.AnnotatedColumn - Binding column: AnnotatedDiscriminatorColumn(column='DTYPE')
10:24:14.267 [main] DEBUG org.hibernate.boot.model.internal.AnnotatedColumn - Binding column: AnnotatedColumn()
10:24:14.267 [main] DEBUG org.hibernate.boot.internal.ClassLoaderAccessImpl - Not known whether passed class name [org.frcpm.models.Milestone] is safe
10:24:14.267 [main] DEBUG org.hibernate.boot.internal.ClassLoaderAccessImpl - No temp ClassLoader provided; using live ClassLoader for loading potentially unsafe class : org.frcpm.models.Milestone
10:24:14.267 [main] DEBUG org.hibernate.boot.model.internal.PropertyBinder - MetadataSourceProcessor property id with lazy=false
10:24:14.267 [main] DEBUG org.hibernate.boot.model.internal.AbstractPropertyHolder - Attempting to locate auto-apply AttributeConverter for property [org.frcpm.models.Milestone:id]
10:24:14.267 [main] DEBUG org.hibernate.boot.model.internal.BasicValueBinder - building BasicValue for id
10:24:14.267 [main] DEBUG org.hibernate.mapping.BasicValue - Skipping column re-registration: milestones.id
10:24:14.267 [main] DEBUG org.hibernate.boot.model.internal.PropertyBinder - Building property id
10:24:14.268 [main] DEBUG org.hibernate.boot.model.internal.BinderHelper - #makeIdGenerator(BasicValue([Column(id)]), id, identity, , ...)
10:24:14.268 [main] DEBUG org.hibernate.boot.model.internal.AnnotatedColumn - Binding column: AnnotatedColumn(column='date')
10:24:14.268 [main] DEBUG org.hibernate.boot.model.internal.PropertyBinder - MetadataSourceProcessor property date with lazy=false
10:24:14.268 [main] DEBUG org.hibernate.boot.model.internal.AbstractPropertyHolder - Attempting to locate auto-apply AttributeConverter for property [org.frcpm.models.Milestone:date]
10:24:14.268 [main] DEBUG org.hibernate.boot.model.internal.BasicValueBinder - building BasicValue for date
10:24:14.268 [main] DEBUG org.hibernate.mapping.BasicValue - Skipping column re-registration: milestones.date
10:24:14.268 [main] DEBUG org.hibernate.boot.model.internal.PropertyBinder - Building property date
10:24:14.268 [main] DEBUG org.hibernate.boot.model.internal.AnnotatedColumn - Binding column: AnnotatedColumn(column='description')
10:24:14.268 [main] DEBUG org.hibernate.boot.model.internal.PropertyBinder - MetadataSourceProcessor property description with lazy=false
10:24:14.268 [main] DEBUG org.hibernate.boot.model.internal.AbstractPropertyHolder - Attempting to locate auto-apply AttributeConverter for property [org.frcpm.models.Milestone:description]
10:24:14.268 [main] DEBUG org.hibernate.boot.model.internal.BasicValueBinder - building BasicValue for description
10:24:14.268 [main] DEBUG org.hibernate.mapping.BasicValue - Skipping column re-registration: milestones.description
10:24:14.268 [main] DEBUG org.hibernate.boot.model.internal.PropertyBinder - Building property description
10:24:14.268 [main] DEBUG org.hibernate.boot.model.internal.AnnotatedColumn - Binding column: AnnotatedColumn(column='name')
10:24:14.268 [main] DEBUG org.hibernate.boot.model.internal.PropertyBinder - MetadataSourceProcessor property name with lazy=false
10:24:14.268 [main] DEBUG org.hibernate.boot.model.internal.AbstractPropertyHolder - Attempting to locate auto-apply AttributeConverter for property [org.frcpm.models.Milestone:name]
10:24:14.268 [main] DEBUG org.hibernate.boot.model.internal.BasicValueBinder - building BasicValue for name
10:24:14.268 [main] DEBUG org.hibernate.mapping.BasicValue - Skipping column re-registration: milestones.name
10:24:14.268 [main] DEBUG org.hibernate.boot.model.internal.PropertyBinder - Building property name
10:24:14.268 [main] DEBUG org.hibernate.boot.model.internal.AnnotatedColumn - Binding column: AnnotatedJoinColumn(column='project_id')
10:24:14.268 [main] DEBUG org.hibernate.boot.model.internal.AnnotatedColumn - Binding column: AnnotatedColumn()
10:24:14.268 [main] DEBUG org.hibernate.boot.model.internal.PropertyBinder - Building property project
10:24:14.269 [main] DEBUG org.hibernate.boot.registry.classloading.internal.ClassLoaderServiceImpl - HHH000194: Package not found or no package-info.java: org.frcpm.models
10:24:14.269 [main] DEBUG org.hibernate.boot.model.internal.EntityBinder - Binding entity from annotated class: org.frcpm.models.Project
10:24:14.269 [main] DEBUG org.hibernate.boot.model.internal.EntityBinder - Import with entity name Project
10:24:14.269 [main] DEBUG org.hibernate.boot.model.internal.EntityBinder - Bind entity org.frcpm.models.Project on table projects
10:24:14.269 [main] DEBUG org.hibernate.boot.model.internal.AnnotatedColumn - Binding column: AnnotatedDiscriminatorColumn(column='DTYPE')
10:24:14.270 [main] DEBUG org.hibernate.boot.model.internal.AnnotatedColumn - Binding column: AnnotatedColumn()
10:24:14.270 [main] DEBUG org.hibernate.boot.internal.ClassLoaderAccessImpl - Not known whether passed class name [org.frcpm.models.Project] is safe
10:24:14.270 [main] DEBUG org.hibernate.boot.internal.ClassLoaderAccessImpl - No temp ClassLoader provided; using live ClassLoader for loading potentially unsafe class : org.frcpm.models.Project
10:24:14.270 [main] DEBUG org.hibernate.boot.model.internal.PropertyBinder - MetadataSourceProcessor property id with lazy=false
10:24:14.270 [main] DEBUG org.hibernate.boot.model.internal.AbstractPropertyHolder - Attempting to locate auto-apply AttributeConverter for property [org.frcpm.models.Project:id]
10:24:14.270 [main] DEBUG org.hibernate.boot.model.internal.BasicValueBinder - building BasicValue for id
10:24:14.270 [main] DEBUG org.hibernate.mapping.BasicValue - Skipping column re-registration: projects.id
10:24:14.270 [main] DEBUG org.hibernate.boot.model.internal.PropertyBinder - Building property id
10:24:14.270 [main] DEBUG org.hibernate.boot.model.internal.BinderHelper - #makeIdGenerator(BasicValue([Column(id)]), id, identity, , ...)
10:24:14.270 [main] DEBUG org.hibernate.boot.model.internal.AnnotatedColumn - Binding column: AnnotatedColumn(column='description')
10:24:14.270 [main] DEBUG org.hibernate.boot.model.internal.PropertyBinder - MetadataSourceProcessor property description with lazy=false
10:24:14.270 [main] DEBUG org.hibernate.boot.model.internal.AbstractPropertyHolder - Attempting to locate auto-apply AttributeConverter for property [org.frcpm.models.Project:description]
10:24:14.270 [main] DEBUG org.hibernate.boot.model.internal.BasicValueBinder - building BasicValue for description
10:24:14.270 [main] DEBUG org.hibernate.mapping.BasicValue - Skipping column re-registration: projects.description
10:24:14.270 [main] DEBUG org.hibernate.boot.model.internal.PropertyBinder - Building property description
10:24:14.270 [main] DEBUG org.hibernate.boot.model.internal.AnnotatedColumn - Binding column: AnnotatedColumn(column='goal_end_date')
10:24:14.270 [main] DEBUG org.hibernate.boot.model.internal.PropertyBinder - MetadataSourceProcessor property goalEndDate with lazy=false
10:24:14.270 [main] DEBUG org.hibernate.boot.model.internal.AbstractPropertyHolder - Attempting to locate auto-apply AttributeConverter for property [org.frcpm.models.Project:goalEndDate]
10:24:14.270 [main] DEBUG org.hibernate.boot.model.internal.BasicValueBinder - building BasicValue for goalEndDate
10:24:14.270 [main] DEBUG org.hibernate.mapping.BasicValue - Skipping column re-registration: projects.goal_end_date
10:24:14.270 [main] DEBUG org.hibernate.boot.model.internal.PropertyBinder - Building property goalEndDate
10:24:14.270 [main] DEBUG org.hibernate.boot.model.internal.AnnotatedColumn - Binding column: AnnotatedColumn(column='hard_deadline')
10:24:14.270 [main] DEBUG org.hibernate.boot.model.internal.PropertyBinder - MetadataSourceProcessor property hardDeadline with lazy=false
10:24:14.270 [main] DEBUG org.hibernate.boot.model.internal.AbstractPropertyHolder - Attempting to locate auto-apply AttributeConverter for property [org.frcpm.models.Project:hardDeadline]
10:24:14.270 [main] DEBUG org.hibernate.boot.model.internal.BasicValueBinder - building BasicValue for hardDeadline
10:24:14.270 [main] DEBUG org.hibernate.mapping.BasicValue - Skipping column re-registration: projects.hard_deadline
10:24:14.270 [main] DEBUG org.hibernate.boot.model.internal.PropertyBinder - Building property hardDeadline
10:24:14.270 [main] DEBUG org.hibernate.boot.model.internal.AnnotatedColumn - Binding column: AnnotatedJoinColumn()
10:24:14.270 [main] DEBUG org.hibernate.boot.model.internal.AnnotatedColumn - Binding column: AnnotatedColumn()
10:24:14.270 [main] DEBUG org.hibernate.boot.model.internal.AnnotatedColumn - Binding column: IndexColumn(column='meetings_ORDER')
10:24:14.271 [main] DEBUG org.hibernate.boot.model.internal.AnnotatedColumn - Binding column: AnnotatedColumn()
10:24:14.271 [main] DEBUG org.hibernate.boot.model.internal.AnnotatedColumn - Binding column: AnnotatedColumn(column='meetings_KEY')
10:24:14.271 [main] DEBUG org.hibernate.boot.model.internal.AnnotatedColumn - Binding column: AnnotatedJoinColumn(column='meetings_KEY')
10:24:14.271 [main] DEBUG org.hibernate.boot.model.internal.AnnotatedColumn - Binding column: AnnotatedJoinColumn()
10:24:14.271 [main] DEBUG org.hibernate.boot.model.internal.AnnotatedColumn - Binding column: AnnotatedJoinColumn()
10:24:14.271 [main] DEBUG org.hibernate.boot.model.internal.CollectionBinder - Collection role: org.frcpm.models.Project.meetings
10:24:14.271 [main] DEBUG org.hibernate.boot.model.internal.PropertyBinder - Building property meetings
10:24:14.271 [main] DEBUG org.hibernate.boot.model.internal.AnnotatedColumn - Binding column: AnnotatedJoinColumn()
10:24:14.271 [main] DEBUG org.hibernate.boot.model.internal.AnnotatedColumn - Binding column: AnnotatedColumn()
10:24:14.271 [main] DEBUG org.hibernate.boot.model.internal.AnnotatedColumn - Binding column: IndexColumn(column='milestones_ORDER')
10:24:14.271 [main] DEBUG org.hibernate.boot.model.internal.AnnotatedColumn - Binding column: AnnotatedColumn()
10:24:14.271 [main] DEBUG org.hibernate.boot.model.internal.AnnotatedColumn - Binding column: AnnotatedColumn(column='milestones_KEY')
10:24:14.271 [main] DEBUG org.hibernate.boot.model.internal.AnnotatedColumn - Binding column: AnnotatedJoinColumn(column='milestones_KEY')
10:24:14.271 [main] DEBUG org.hibernate.boot.model.internal.AnnotatedColumn - Binding column: AnnotatedJoinColumn()
10:24:14.271 [main] DEBUG org.hibernate.boot.model.internal.AnnotatedColumn - Binding column: AnnotatedJoinColumn()
10:24:14.271 [main] DEBUG org.hibernate.boot.model.internal.CollectionBinder - Collection role: org.frcpm.models.Project.milestones
10:24:14.272 [main] DEBUG org.hibernate.boot.model.internal.PropertyBinder - Building property milestones
10:24:14.272 [main] DEBUG org.hibernate.boot.model.internal.AnnotatedColumn - Binding column: AnnotatedColumn(column='name')
10:24:14.272 [main] DEBUG org.hibernate.boot.model.internal.PropertyBinder - MetadataSourceProcessor property name with lazy=false
10:24:14.272 [main] DEBUG org.hibernate.boot.model.internal.AbstractPropertyHolder - Attempting to locate auto-apply AttributeConverter for property [org.frcpm.models.Project:name]
10:24:14.272 [main] DEBUG org.hibernate.boot.model.internal.BasicValueBinder - building BasicValue for name
10:24:14.272 [main] DEBUG org.hibernate.mapping.BasicValue - Skipping column re-registration: projects.name
10:24:14.272 [main] DEBUG org.hibernate.boot.model.internal.PropertyBinder - Building property name
10:24:14.272 [main] DEBUG org.hibernate.boot.model.internal.AnnotatedColumn - Binding column: AnnotatedColumn(column='start_date')
10:24:14.272 [main] DEBUG org.hibernate.boot.model.internal.PropertyBinder - MetadataSourceProcessor property startDate with lazy=false
10:24:14.272 [main] DEBUG org.hibernate.boot.model.internal.AbstractPropertyHolder - Attempting to locate auto-apply AttributeConverter for property [org.frcpm.models.Project:startDate]
10:24:14.272 [main] DEBUG org.hibernate.boot.model.internal.BasicValueBinder - building BasicValue for startDate
10:24:14.272 [main] DEBUG org.hibernate.mapping.BasicValue - Skipping column re-registration: projects.start_date
10:24:14.272 [main] DEBUG org.hibernate.boot.model.internal.PropertyBinder - Building property startDate
10:24:14.272 [main] DEBUG org.hibernate.boot.model.internal.AnnotatedColumn - Binding column: AnnotatedJoinColumn()
10:24:14.272 [main] DEBUG org.hibernate.boot.model.internal.AnnotatedColumn - Binding column: AnnotatedColumn()
10:24:14.272 [main] DEBUG org.hibernate.boot.model.internal.AnnotatedColumn - Binding column: IndexColumn(column='tasks_ORDER')
10:24:14.272 [main] DEBUG org.hibernate.boot.model.internal.AnnotatedColumn - Binding column: AnnotatedColumn()
10:24:14.272 [main] DEBUG org.hibernate.boot.model.internal.AnnotatedColumn - Binding column: AnnotatedColumn(column='tasks_KEY')
10:24:14.272 [main] DEBUG org.hibernate.boot.model.internal.AnnotatedColumn - Binding column: AnnotatedJoinColumn(column='tasks_KEY')
10:24:14.272 [main] DEBUG org.hibernate.boot.model.internal.AnnotatedColumn - Binding column: AnnotatedJoinColumn()
10:24:14.272 [main] DEBUG org.hibernate.boot.model.internal.AnnotatedColumn - Binding column: AnnotatedJoinColumn()
10:24:14.272 [main] DEBUG org.hibernate.boot.model.internal.CollectionBinder - Collection role: org.frcpm.models.Project.tasks
10:24:14.272 [main] DEBUG org.hibernate.boot.model.internal.PropertyBinder - Building property tasks
10:24:14.274 [main] DEBUG org.hibernate.boot.registry.classloading.internal.ClassLoaderServiceImpl - HHH000194: Package not found or no package-info.java: org.frcpm.models
10:24:14.275 [main] DEBUG org.hibernate.boot.model.internal.EntityBinder - Binding entity from annotated class: org.frcpm.models.Subteam
10:24:14.275 [main] DEBUG org.hibernate.boot.model.internal.EntityBinder - Import with entity name Subteam
10:24:14.275 [main] DEBUG org.hibernate.boot.model.internal.EntityBinder - Bind entity org.frcpm.models.Subteam on table subteams
10:24:14.275 [main] DEBUG org.hibernate.boot.model.internal.AnnotatedColumn - Binding column: AnnotatedDiscriminatorColumn(column='DTYPE')
10:24:14.276 [main] DEBUG org.hibernate.boot.model.internal.AnnotatedColumn - Binding column: AnnotatedColumn()
10:24:14.276 [main] DEBUG org.hibernate.boot.internal.ClassLoaderAccessImpl - Not known whether passed class name [org.frcpm.models.Subteam] is safe
10:24:14.276 [main] DEBUG org.hibernate.boot.internal.ClassLoaderAccessImpl - No temp ClassLoader provided; using live ClassLoader for loading potentially unsafe class : org.frcpm.models.Subteam
10:24:14.276 [main] DEBUG org.hibernate.boot.model.internal.PropertyBinder - MetadataSourceProcessor property id with lazy=false
10:24:14.276 [main] DEBUG org.hibernate.boot.model.internal.AbstractPropertyHolder - Attempting to locate auto-apply AttributeConverter for property [org.frcpm.models.Subteam:id]
10:24:14.276 [main] DEBUG org.hibernate.boot.model.internal.BasicValueBinder - building BasicValue for id
10:24:14.276 [main] DEBUG org.hibernate.mapping.BasicValue - Skipping column re-registration: subteams.id
10:24:14.276 [main] DEBUG org.hibernate.boot.model.internal.PropertyBinder - Building property id
10:24:14.276 [main] DEBUG org.hibernate.boot.model.internal.BinderHelper - #makeIdGenerator(BasicValue([Column(id)]), id, identity, , ...)
10:24:14.276 [main] DEBUG org.hibernate.boot.model.internal.AnnotatedColumn - Binding column: AnnotatedColumn(column='color_code')
10:24:14.276 [main] DEBUG org.hibernate.boot.model.internal.PropertyBinder - MetadataSourceProcessor property colorCode with lazy=false
10:24:14.276 [main] DEBUG org.hibernate.boot.model.internal.AbstractPropertyHolder - Attempting to locate auto-apply AttributeConverter for property [org.frcpm.models.Subteam:colorCode]
10:24:14.276 [main] DEBUG org.hibernate.boot.model.internal.BasicValueBinder - building BasicValue for colorCode
10:24:14.276 [main] DEBUG org.hibernate.mapping.BasicValue - Skipping column re-registration: subteams.color_code
10:24:14.276 [main] DEBUG org.hibernate.boot.model.internal.PropertyBinder - Building property colorCode
10:24:14.276 [main] DEBUG org.hibernate.boot.model.internal.AnnotatedColumn - Binding column: AnnotatedJoinColumn()
10:24:14.276 [main] DEBUG org.hibernate.boot.model.internal.AnnotatedColumn - Binding column: AnnotatedColumn()
10:24:14.276 [main] DEBUG org.hibernate.boot.model.internal.AnnotatedColumn - Binding column: IndexColumn(column='members_ORDER')
10:24:14.276 [main] DEBUG org.hibernate.boot.model.internal.AnnotatedColumn - Binding column: AnnotatedColumn()
10:24:14.276 [main] DEBUG org.hibernate.boot.model.internal.AnnotatedColumn - Binding column: AnnotatedColumn(column='members_KEY')
10:24:14.276 [main] DEBUG org.hibernate.boot.model.internal.AnnotatedColumn - Binding column: AnnotatedJoinColumn(column='members_KEY')
10:24:14.276 [main] DEBUG org.hibernate.boot.model.internal.AnnotatedColumn - Binding column: AnnotatedJoinColumn()
10:24:14.276 [main] DEBUG org.hibernate.boot.model.internal.AnnotatedColumn - Binding column: AnnotatedJoinColumn()
10:24:14.276 [main] DEBUG org.hibernate.boot.model.internal.CollectionBinder - Collection role: org.frcpm.models.Subteam.members
10:24:14.276 [main] DEBUG org.hibernate.boot.model.internal.PropertyBinder - Building property members
10:24:14.276 [main] DEBUG org.hibernate.boot.model.internal.AnnotatedColumn - Binding column: AnnotatedColumn(column='name')
10:24:14.276 [main] DEBUG org.hibernate.boot.model.internal.PropertyBinder - MetadataSourceProcessor property name with lazy=false
10:24:14.276 [main] DEBUG org.hibernate.boot.model.internal.AbstractPropertyHolder - Attempting to locate auto-apply AttributeConverter for property [org.frcpm.models.Subteam:name]
10:24:14.277 [main] DEBUG org.hibernate.boot.model.internal.BasicValueBinder - building BasicValue for name
10:24:14.277 [main] DEBUG org.hibernate.mapping.BasicValue - Skipping column re-registration: subteams.name
10:24:14.277 [main] DEBUG org.hibernate.boot.model.internal.PropertyBinder - Building property name
10:24:14.277 [main] DEBUG org.hibernate.boot.model.internal.AnnotatedColumn - Binding column: AnnotatedColumn(column='specialties')
10:24:14.277 [main] DEBUG org.hibernate.boot.model.internal.PropertyBinder - MetadataSourceProcessor property specialties with lazy=false
10:24:14.277 [main] DEBUG org.hibernate.boot.model.internal.AbstractPropertyHolder - Attempting to locate auto-apply AttributeConverter for property [org.frcpm.models.Subteam:specialties]
10:24:14.277 [main] DEBUG org.hibernate.boot.model.internal.BasicValueBinder - building BasicValue for specialties
10:24:14.277 [main] DEBUG org.hibernate.mapping.BasicValue - Skipping column re-registration: subteams.specialties
10:24:14.277 [main] DEBUG org.hibernate.boot.model.internal.PropertyBinder - Building property specialties
10:24:14.277 [main] DEBUG org.hibernate.boot.model.internal.AnnotatedColumn - Binding column: AnnotatedJoinColumn()
10:24:14.277 [main] DEBUG org.hibernate.boot.model.internal.AnnotatedColumn - Binding column: AnnotatedColumn()
10:24:14.277 [main] DEBUG org.hibernate.boot.model.internal.AnnotatedColumn - Binding column: IndexColumn(column='subsystems_ORDER')
10:24:14.277 [main] DEBUG org.hibernate.boot.model.internal.AnnotatedColumn - Binding column: AnnotatedColumn()
10:24:14.277 [main] DEBUG org.hibernate.boot.model.internal.AnnotatedColumn - Binding column: AnnotatedColumn(column='subsystems_KEY')
10:24:14.277 [main] DEBUG org.hibernate.boot.model.internal.AnnotatedColumn - Binding column: AnnotatedJoinColumn(column='subsystems_KEY')
10:24:14.277 [main] DEBUG org.hibernate.boot.model.internal.AnnotatedColumn - Binding column: AnnotatedJoinColumn()
10:24:14.277 [main] DEBUG org.hibernate.boot.model.internal.AnnotatedColumn - Binding column: AnnotatedJoinColumn()
10:24:14.277 [main] DEBUG org.hibernate.boot.model.internal.CollectionBinder - Collection role: org.frcpm.models.Subteam.subsystems
10:24:14.277 [main] DEBUG org.hibernate.boot.model.internal.PropertyBinder - Building property subsystems
10:24:14.277 [main] DEBUG org.hibernate.boot.registry.classloading.internal.ClassLoaderServiceImpl - HHH000194: Package not found or no package-info.java: org.frcpm.models
10:24:14.277 [main] DEBUG org.hibernate.boot.model.internal.EntityBinder - Binding entity from annotated class: org.frcpm.models.Task
10:24:14.278 [main] DEBUG org.hibernate.boot.model.internal.EntityBinder - Import with entity name Task
10:24:14.278 [main] DEBUG org.hibernate.boot.model.internal.EntityBinder - Bind entity org.frcpm.models.Task on table tasks
10:24:14.278 [main] DEBUG org.hibernate.boot.model.internal.AnnotatedColumn - Binding column: AnnotatedDiscriminatorColumn(column='DTYPE')
10:24:14.278 [main] DEBUG org.hibernate.boot.model.internal.AnnotatedColumn - Binding column: AnnotatedColumn()
10:24:14.278 [main] DEBUG org.hibernate.boot.internal.ClassLoaderAccessImpl - Not known whether passed class name [org.frcpm.models.Task] is safe
10:24:14.278 [main] DEBUG org.hibernate.boot.internal.ClassLoaderAccessImpl - No temp ClassLoader provided; using live ClassLoader for loading potentially unsafe class : org.frcpm.models.Task
10:24:14.279 [main] DEBUG org.hibernate.boot.model.internal.PropertyBinder - MetadataSourceProcessor property id with lazy=false
10:24:14.279 [main] DEBUG org.hibernate.boot.model.internal.AbstractPropertyHolder - Attempting to locate auto-apply AttributeConverter for property [org.frcpm.models.Task:id]
10:24:14.279 [main] DEBUG org.hibernate.boot.model.internal.BasicValueBinder - building BasicValue for id
10:24:14.279 [main] DEBUG org.hibernate.mapping.BasicValue - Skipping column re-registration: tasks.id
10:24:14.279 [main] DEBUG org.hibernate.boot.model.internal.PropertyBinder - Building property id
10:24:14.279 [main] DEBUG org.hibernate.boot.model.internal.BinderHelper - #makeIdGenerator(BasicValue([Column(id)]), id, identity, , ...)
10:24:14.279 [main] DEBUG org.hibernate.boot.model.internal.AnnotatedColumn - Binding column: AnnotatedColumn(column='actual_duration_seconds')
10:24:14.279 [main] DEBUG org.hibernate.boot.model.internal.PropertyBinder - MetadataSourceProcessor property actualDurationSeconds with lazy=false
10:24:14.279 [main] DEBUG org.hibernate.boot.model.internal.AbstractPropertyHolder - Attempting to locate auto-apply AttributeConverter for property [org.frcpm.models.Task:actualDurationSeconds]
10:24:14.279 [main] DEBUG org.hibernate.boot.model.internal.BasicValueBinder - building BasicValue for actualDurationSeconds
10:24:14.279 [main] DEBUG org.hibernate.mapping.BasicValue - Skipping column re-registration: tasks.actual_duration_seconds
10:24:14.279 [main] DEBUG org.hibernate.boot.model.internal.PropertyBinder - Building property actualDurationSeconds
10:24:14.279 [main] DEBUG org.hibernate.boot.model.internal.AnnotatedColumn - Binding column: IndexColumn(column='assignedTo_ORDER')
10:24:14.280 [main] DEBUG org.hibernate.boot.model.internal.AnnotatedColumn - Binding column: AnnotatedColumn()
10:24:14.280 [main] DEBUG org.hibernate.boot.model.internal.AnnotatedColumn - Binding column: AnnotatedColumn(column='assignedTo_KEY')
10:24:14.280 [main] DEBUG org.hibernate.boot.model.internal.AnnotatedColumn - Binding column: AnnotatedJoinColumn(column='assignedTo_KEY')
10:24:14.280 [main] DEBUG org.hibernate.boot.model.internal.AnnotatedColumn - Binding column: AnnotatedJoinColumn(column='task_id')
10:24:14.280 [main] DEBUG org.hibernate.boot.model.internal.AnnotatedColumn - Binding column: AnnotatedJoinColumn(column='team_member_id')
10:24:14.280 [main] DEBUG org.hibernate.boot.model.internal.CollectionBinder - Collection role: org.frcpm.models.Task.assignedTo
10:24:14.280 [main] DEBUG org.hibernate.boot.model.internal.PropertyBinder - Building property assignedTo
10:24:14.280 [main] DEBUG org.hibernate.boot.model.internal.AnnotatedColumn - Binding column: AnnotatedColumn(column='completed')
10:24:14.280 [main] DEBUG org.hibernate.boot.model.internal.PropertyBinder - MetadataSourceProcessor property completed with lazy=false
10:24:14.280 [main] DEBUG org.hibernate.boot.model.internal.AbstractPropertyHolder - Attempting to locate auto-apply AttributeConverter for property [org.frcpm.models.Task:completed]
10:24:14.280 [main] DEBUG org.hibernate.boot.model.internal.BasicValueBinder - building BasicValue for completed
10:24:14.280 [main] DEBUG org.hibernate.mapping.BasicValue - Skipping column re-registration: tasks.completed
10:24:14.280 [main] DEBUG org.hibernate.boot.model.internal.PropertyBinder - Building property completed
10:24:14.280 [main] DEBUG org.hibernate.boot.model.internal.AnnotatedColumn - Binding column: AnnotatedColumn(column='description')
10:24:14.280 [main] DEBUG org.hibernate.boot.model.internal.PropertyBinder - MetadataSourceProcessor property description with lazy=false
10:24:14.281 [main] DEBUG org.hibernate.boot.model.internal.AbstractPropertyHolder - Attempting to locate auto-apply AttributeConverter for property [org.frcpm.models.Task:description]
10:24:14.281 [main] DEBUG org.hibernate.boot.model.internal.BasicValueBinder - building BasicValue for description
10:24:14.281 [main] DEBUG org.hibernate.mapping.BasicValue - Skipping column re-registration: tasks.description
10:24:14.281 [main] DEBUG org.hibernate.boot.model.internal.PropertyBinder - Building property description
10:24:14.281 [main] DEBUG org.hibernate.boot.model.internal.AnnotatedColumn - Binding column: AnnotatedColumn(column='end_date')
10:24:14.281 [main] DEBUG org.hibernate.boot.model.internal.PropertyBinder - MetadataSourceProcessor property endDate with lazy=false
10:24:14.281 [main] DEBUG org.hibernate.boot.model.internal.AbstractPropertyHolder - Attempting to locate auto-apply AttributeConverter for property [org.frcpm.models.Task:endDate]
10:24:14.281 [main] DEBUG org.hibernate.boot.model.internal.BasicValueBinder - building BasicValue for endDate
10:24:14.281 [main] DEBUG org.hibernate.mapping.BasicValue - Skipping column re-registration: tasks.end_date
10:24:14.281 [main] DEBUG org.hibernate.boot.model.internal.PropertyBinder - Building property endDate
10:24:14.282 [main] DEBUG org.hibernate.boot.model.internal.AnnotatedColumn - Binding column: AnnotatedColumn(column='estimated_duration_seconds')
10:24:14.282 [main] DEBUG org.hibernate.boot.model.internal.PropertyBinder - MetadataSourceProcessor property estimatedDurationSeconds with lazy=false
10:24:14.282 [main] DEBUG org.hibernate.boot.model.internal.AbstractPropertyHolder - Attempting to locate auto-apply AttributeConverter for property [org.frcpm.models.Task:estimatedDurationSeconds]
10:24:14.282 [main] DEBUG org.hibernate.boot.model.internal.BasicValueBinder - building BasicValue for estimatedDurationSeconds
10:24:14.282 [main] DEBUG org.hibernate.mapping.BasicValue - Skipping column re-registration: tasks.estimated_duration_seconds
10:24:14.282 [main] DEBUG org.hibernate.boot.model.internal.PropertyBinder - Building property estimatedDurationSeconds
10:24:14.282 [main] DEBUG org.hibernate.boot.model.internal.AnnotatedColumn - Binding column: IndexColumn(column='postDependencies_ORDER')
10:24:14.282 [main] DEBUG org.hibernate.boot.model.internal.AnnotatedColumn - Binding column: AnnotatedColumn()
10:24:14.282 [main] DEBUG org.hibernate.boot.model.internal.AnnotatedColumn - Binding column: AnnotatedColumn(column='postDependencies_KEY')
10:24:14.282 [main] DEBUG org.hibernate.boot.model.internal.AnnotatedColumn - Binding column: AnnotatedJoinColumn(column='postDependencies_KEY')
10:24:14.282 [main] DEBUG org.hibernate.boot.model.internal.AnnotatedColumn - Binding column: AnnotatedJoinColumn()
10:24:14.282 [main] DEBUG org.hibernate.boot.model.internal.AnnotatedColumn - Binding column: AnnotatedJoinColumn()
10:24:14.282 [main] DEBUG org.hibernate.boot.model.internal.CollectionBinder - Collection role: org.frcpm.models.Task.postDependencies
10:24:14.282 [main] DEBUG org.hibernate.boot.model.internal.PropertyBinder - Building property postDependencies
10:24:14.282 [main] DEBUG org.hibernate.boot.model.internal.AnnotatedColumn - Binding column: IndexColumn(column='preDependencies_ORDER')
10:24:14.283 [main] DEBUG org.hibernate.boot.model.internal.AnnotatedColumn - Binding column: AnnotatedColumn()
10:24:14.283 [main] DEBUG org.hibernate.boot.model.internal.AnnotatedColumn - Binding column: AnnotatedColumn(column='preDependencies_KEY')
10:24:14.283 [main] DEBUG org.hibernate.boot.model.internal.AnnotatedColumn - Binding column: AnnotatedJoinColumn(column='preDependencies_KEY')
10:24:14.283 [main] DEBUG org.hibernate.boot.model.internal.AnnotatedColumn - Binding column: AnnotatedJoinColumn(column='task_id')
10:24:14.283 [main] DEBUG org.hibernate.boot.model.internal.AnnotatedColumn - Binding column: AnnotatedJoinColumn(column='dependency_id')
10:24:14.283 [main] DEBUG org.hibernate.boot.model.internal.CollectionBinder - Collection role: org.frcpm.models.Task.preDependencies
10:24:14.283 [main] DEBUG org.hibernate.boot.model.internal.PropertyBinder - Building property preDependencies
10:24:14.283 [main] DEBUG org.hibernate.boot.model.internal.AnnotatedColumn - Binding column: AnnotatedColumn(column='priority')
10:24:14.283 [main] DEBUG org.hibernate.boot.model.internal.PropertyBinder - MetadataSourceProcessor property priority with lazy=false
10:24:14.283 [main] DEBUG org.hibernate.boot.model.internal.AbstractPropertyHolder - Attempting to locate auto-apply AttributeConverter for property [org.frcpm.models.Task:priority]
10:24:14.283 [main] DEBUG org.hibernate.boot.model.internal.BasicValueBinder - building BasicValue for priority
10:24:14.284 [main] DEBUG org.hibernate.mapping.BasicValue - Skipping column re-registration: tasks.priority
10:24:14.284 [main] DEBUG org.hibernate.boot.model.internal.PropertyBinder - Building property priority
10:24:14.284 [main] DEBUG org.hibernate.boot.model.internal.AnnotatedColumn - Binding column: AnnotatedColumn(column='progress')
10:24:14.284 [main] DEBUG org.hibernate.boot.model.internal.PropertyBinder - MetadataSourceProcessor property progress with lazy=false
10:24:14.284 [main] DEBUG org.hibernate.boot.model.internal.AbstractPropertyHolder - Attempting to locate auto-apply AttributeConverter for property [org.frcpm.models.Task:progress]
10:24:14.284 [main] DEBUG org.hibernate.boot.model.internal.BasicValueBinder - building BasicValue for progress
10:24:14.284 [main] DEBUG org.hibernate.mapping.BasicValue - Skipping column re-registration: tasks.progress
10:24:14.284 [main] DEBUG org.hibernate.boot.model.internal.PropertyBinder - Building property progress
10:24:14.284 [main] DEBUG org.hibernate.boot.model.internal.AnnotatedColumn - Binding column: AnnotatedJoinColumn(column='project_id')
10:24:14.284 [main] DEBUG org.hibernate.boot.model.internal.AnnotatedColumn - Binding column: AnnotatedColumn()
10:24:14.284 [main] DEBUG org.hibernate.boot.model.internal.PropertyBinder - Building property project
10:24:14.284 [main] DEBUG org.hibernate.boot.model.internal.AnnotatedColumn - Binding column: IndexColumn(column='requiredComponents_ORDER')
10:24:14.284 [main] DEBUG org.hibernate.boot.model.internal.AnnotatedColumn - Binding column: AnnotatedColumn()
10:24:14.284 [main] DEBUG org.hibernate.boot.model.internal.AnnotatedColumn - Binding column: AnnotatedColumn(column='requiredComponents_KEY')
10:24:14.284 [main] DEBUG org.hibernate.boot.model.internal.AnnotatedColumn - Binding column: AnnotatedJoinColumn(column='requiredComponents_KEY')
10:24:14.284 [main] DEBUG org.hibernate.boot.model.internal.AnnotatedColumn - Binding column: AnnotatedJoinColumn(column='task_id')
10:24:14.284 [main] DEBUG org.hibernate.boot.model.internal.AnnotatedColumn - Binding column: AnnotatedJoinColumn(column='component_id')
10:24:14.284 [main] DEBUG org.hibernate.boot.model.internal.CollectionBinder - Collection role: org.frcpm.models.Task.requiredComponents
10:24:14.284 [main] DEBUG org.hibernate.boot.model.internal.PropertyBinder - Building property requiredComponents
10:24:14.284 [main] DEBUG org.hibernate.boot.model.internal.AnnotatedColumn - Binding column: AnnotatedColumn(column='start_date')
10:24:14.284 [main] DEBUG org.hibernate.boot.model.internal.PropertyBinder - MetadataSourceProcessor property startDate with lazy=false
10:24:14.284 [main] DEBUG org.hibernate.boot.model.internal.AbstractPropertyHolder - Attempting to locate auto-apply AttributeConverter for property [org.frcpm.models.Task:startDate]
10:24:14.284 [main] DEBUG org.hibernate.boot.model.internal.BasicValueBinder - building BasicValue for startDate
10:24:14.284 [main] DEBUG org.hibernate.mapping.BasicValue - Skipping column re-registration: tasks.start_date
10:24:14.284 [main] DEBUG org.hibernate.boot.model.internal.PropertyBinder - Building property startDate
10:24:14.284 [main] DEBUG org.hibernate.boot.model.internal.AnnotatedColumn - Binding column: AnnotatedJoinColumn(column='subsystem_id')
10:24:14.284 [main] DEBUG org.hibernate.boot.model.internal.AnnotatedColumn - Binding column: AnnotatedColumn()
10:24:14.284 [main] DEBUG org.hibernate.boot.model.internal.PropertyBinder - Building property subsystem
10:24:14.284 [main] DEBUG org.hibernate.boot.model.internal.AnnotatedColumn - Binding column: AnnotatedColumn(column='title')
10:24:14.284 [main] DEBUG org.hibernate.boot.model.internal.PropertyBinder - MetadataSourceProcessor property title with lazy=false
10:24:14.284 [main] DEBUG org.hibernate.boot.model.internal.AbstractPropertyHolder - Attempting to locate auto-apply AttributeConverter for property [org.frcpm.models.Task:title]
10:24:14.284 [main] DEBUG org.hibernate.boot.model.internal.BasicValueBinder - building BasicValue for title
10:24:14.284 [main] DEBUG org.hibernate.mapping.BasicValue - Skipping column re-registration: tasks.title
10:24:14.284 [main] DEBUG org.hibernate.boot.model.internal.PropertyBinder - Building property title
10:24:14.285 [main] DEBUG org.hibernate.boot.registry.classloading.internal.ClassLoaderServiceImpl - HHH000194: Package not found or no package-info.java: org.frcpm.models
10:24:14.285 [main] DEBUG org.hibernate.boot.model.internal.EntityBinder - Binding entity from annotated class: org.frcpm.models.TeamMember
10:24:14.285 [main] DEBUG org.hibernate.boot.model.internal.EntityBinder - Import with entity name TeamMember
10:24:14.285 [main] DEBUG org.hibernate.boot.model.internal.EntityBinder - Bind entity org.frcpm.models.TeamMember on table team_members
10:24:14.285 [main] DEBUG org.hibernate.boot.model.internal.AnnotatedColumn - Binding column: AnnotatedDiscriminatorColumn(column='DTYPE')
10:24:14.286 [main] DEBUG org.hibernate.boot.model.internal.AnnotatedColumn - Binding column: AnnotatedColumn()
10:24:14.286 [main] DEBUG org.hibernate.boot.internal.ClassLoaderAccessImpl - Not known whether passed class name [org.frcpm.models.TeamMember] is safe
10:24:14.286 [main] DEBUG org.hibernate.boot.internal.ClassLoaderAccessImpl - No temp ClassLoader provided; using live ClassLoader for loading potentially unsafe class : org.frcpm.models.TeamMember
10:24:14.286 [main] DEBUG org.hibernate.boot.model.internal.PropertyBinder - MetadataSourceProcessor property id with lazy=false
10:24:14.286 [main] DEBUG org.hibernate.boot.model.internal.AbstractPropertyHolder - Attempting to locate auto-apply AttributeConverter for property [org.frcpm.models.TeamMember:id]
10:24:14.286 [main] DEBUG org.hibernate.boot.model.internal.BasicValueBinder - building BasicValue for id
10:24:14.286 [main] DEBUG org.hibernate.mapping.BasicValue - Skipping column re-registration: team_members.id
10:24:14.286 [main] DEBUG org.hibernate.boot.model.internal.PropertyBinder - Building property id
10:24:14.286 [main] DEBUG org.hibernate.boot.model.internal.BinderHelper - #makeIdGenerator(BasicValue([Column(id)]), id, identity, , ...)
10:24:14.286 [main] DEBUG org.hibernate.boot.model.internal.AnnotatedColumn - Binding column: IndexColumn(column='assignedTasks_ORDER')
10:24:14.286 [main] DEBUG org.hibernate.boot.model.internal.AnnotatedColumn - Binding column: AnnotatedColumn()
10:24:14.286 [main] DEBUG org.hibernate.boot.model.internal.AnnotatedColumn - Binding column: AnnotatedColumn(column='assignedTasks_KEY')
10:24:14.286 [main] DEBUG org.hibernate.boot.model.internal.AnnotatedColumn - Binding column: AnnotatedJoinColumn(column='assignedTasks_KEY')
10:24:14.286 [main] DEBUG org.hibernate.boot.model.internal.AnnotatedColumn - Binding column: AnnotatedJoinColumn()
10:24:14.286 [main] DEBUG org.hibernate.boot.model.internal.AnnotatedColumn - Binding column: AnnotatedJoinColumn()
10:24:14.286 [main] DEBUG org.hibernate.boot.model.internal.CollectionBinder - Collection role: org.frcpm.models.TeamMember.assignedTasks
10:24:14.286 [main] DEBUG org.hibernate.boot.model.internal.PropertyBinder - Building property assignedTasks
10:24:14.286 [main] DEBUG org.hibernate.boot.model.internal.AnnotatedColumn - Binding column: AnnotatedJoinColumn()
10:24:14.286 [main] DEBUG org.hibernate.boot.model.internal.AnnotatedColumn - Binding column: AnnotatedColumn()
10:24:14.286 [main] DEBUG org.hibernate.boot.model.internal.AnnotatedColumn - Binding column: IndexColumn(column='attendances_ORDER')
10:24:14.286 [main] DEBUG org.hibernate.boot.model.internal.AnnotatedColumn - Binding column: AnnotatedColumn()
10:24:14.286 [main] DEBUG org.hibernate.boot.model.internal.AnnotatedColumn - Binding column: AnnotatedColumn(column='attendances_KEY')
10:24:14.286 [main] DEBUG org.hibernate.boot.model.internal.AnnotatedColumn - Binding column: AnnotatedJoinColumn(column='attendances_KEY')
10:24:14.286 [main] DEBUG org.hibernate.boot.model.internal.AnnotatedColumn - Binding column: AnnotatedJoinColumn()
10:24:14.286 [main] DEBUG org.hibernate.boot.model.internal.AnnotatedColumn - Binding column: AnnotatedJoinColumn()
10:24:14.286 [main] DEBUG org.hibernate.boot.model.internal.CollectionBinder - Collection role: org.frcpm.models.TeamMember.attendances
10:24:14.286 [main] DEBUG org.hibernate.boot.model.internal.PropertyBinder - Building property attendances
10:24:14.286 [main] DEBUG org.hibernate.boot.model.internal.AnnotatedColumn - Binding column: AnnotatedColumn(column='email')
10:24:14.286 [main] DEBUG org.hibernate.boot.model.internal.PropertyBinder - MetadataSourceProcessor property email with lazy=false
10:24:14.286 [main] DEBUG org.hibernate.boot.model.internal.AbstractPropertyHolder - Attempting to locate auto-apply AttributeConverter for property [org.frcpm.models.TeamMember:email]
10:24:14.286 [main] DEBUG org.hibernate.boot.model.internal.BasicValueBinder - building BasicValue for email
10:24:14.286 [main] DEBUG org.hibernate.mapping.BasicValue - Skipping column re-registration: team_members.email
10:24:14.286 [main] DEBUG org.hibernate.boot.model.internal.PropertyBinder - Building property email
10:24:14.286 [main] DEBUG org.hibernate.boot.model.internal.AnnotatedColumn - Binding column: AnnotatedColumn(column='first_name')
10:24:14.286 [main] DEBUG org.hibernate.boot.model.internal.PropertyBinder - MetadataSourceProcessor property firstName with lazy=false
10:24:14.286 [main] DEBUG org.hibernate.boot.model.internal.AbstractPropertyHolder - Attempting to locate auto-apply AttributeConverter for property [org.frcpm.models.TeamMember:firstName]
10:24:14.286 [main] DEBUG org.hibernate.boot.model.internal.BasicValueBinder - building BasicValue for firstName
10:24:14.286 [main] DEBUG org.hibernate.mapping.BasicValue - Skipping column re-registration: team_members.first_name
10:24:14.286 [main] DEBUG org.hibernate.boot.model.internal.PropertyBinder - Building property firstName
10:24:14.286 [main] DEBUG org.hibernate.boot.model.internal.AnnotatedColumn - Binding column: AnnotatedColumn(column='last_name')
10:24:14.286 [main] DEBUG org.hibernate.boot.model.internal.PropertyBinder - MetadataSourceProcessor property lastName with lazy=false
10:24:14.286 [main] DEBUG org.hibernate.boot.model.internal.AbstractPropertyHolder - Attempting to locate auto-apply AttributeConverter for property [org.frcpm.models.TeamMember:lastName]
10:24:14.286 [main] DEBUG org.hibernate.boot.model.internal.BasicValueBinder - building BasicValue for lastName
10:24:14.286 [main] DEBUG org.hibernate.mapping.BasicValue - Skipping column re-registration: team_members.last_name
10:24:14.286 [main] DEBUG org.hibernate.boot.model.internal.PropertyBinder - Building property lastName
10:24:14.286 [main] DEBUG org.hibernate.boot.model.internal.AnnotatedColumn - Binding column: AnnotatedColumn(column='is_leader')
10:24:14.286 [main] DEBUG org.hibernate.boot.model.internal.PropertyBinder - MetadataSourceProcessor property leader with lazy=false
10:24:14.286 [main] DEBUG org.hibernate.boot.model.internal.AbstractPropertyHolder - Attempting to locate auto-apply AttributeConverter for property [org.frcpm.models.TeamMember:leader]
10:24:14.286 [main] DEBUG org.hibernate.boot.model.internal.BasicValueBinder - building BasicValue for leader
10:24:14.286 [main] DEBUG org.hibernate.mapping.BasicValue - Skipping column re-registration: team_members.is_leader
10:24:14.286 [main] DEBUG org.hibernate.boot.model.internal.PropertyBinder - Building property leader
10:24:14.286 [main] DEBUG org.hibernate.boot.model.internal.AnnotatedColumn - Binding column: AnnotatedColumn(column='phone')
10:24:14.286 [main] DEBUG org.hibernate.boot.model.internal.PropertyBinder - MetadataSourceProcessor property phone with lazy=false
10:24:14.286 [main] DEBUG org.hibernate.boot.model.internal.AbstractPropertyHolder - Attempting to locate auto-apply AttributeConverter for property [org.frcpm.models.TeamMember:phone]
10:24:14.286 [main] DEBUG org.hibernate.boot.model.internal.BasicValueBinder - building BasicValue for phone
10:24:14.286 [main] DEBUG org.hibernate.mapping.BasicValue - Skipping column re-registration: team_members.phone
10:24:14.286 [main] DEBUG org.hibernate.boot.model.internal.PropertyBinder - Building property phone
10:24:14.286 [main] DEBUG org.hibernate.boot.model.internal.AnnotatedColumn - Binding column: AnnotatedColumn(column='skills')
10:24:14.286 [main] DEBUG org.hibernate.boot.model.internal.PropertyBinder - MetadataSourceProcessor property skills with lazy=false
10:24:14.286 [main] DEBUG org.hibernate.boot.model.internal.AbstractPropertyHolder - Attempting to locate auto-apply AttributeConverter for property [org.frcpm.models.TeamMember:skills]
10:24:14.286 [main] DEBUG org.hibernate.boot.model.internal.BasicValueBinder - building BasicValue for skills
10:24:14.286 [main] DEBUG org.hibernate.mapping.BasicValue - Skipping column re-registration: team_members.skills
10:24:14.286 [main] DEBUG org.hibernate.boot.model.internal.PropertyBinder - Building property skills
10:24:14.286 [main] DEBUG org.hibernate.boot.model.internal.AnnotatedColumn - Binding column: AnnotatedJoinColumn(column='subteam_id')
10:24:14.286 [main] DEBUG org.hibernate.boot.model.internal.AnnotatedColumn - Binding column: AnnotatedColumn()
10:24:14.287 [main] DEBUG org.hibernate.boot.model.internal.PropertyBinder - Building property subteam
10:24:14.287 [main] DEBUG org.hibernate.boot.model.internal.AnnotatedColumn - Binding column: AnnotatedColumn(column='username')
10:24:14.287 [main] DEBUG org.hibernate.boot.model.internal.PropertyBinder - MetadataSourceProcessor property username with lazy=false
10:24:14.287 [main] DEBUG org.hibernate.boot.model.internal.AbstractPropertyHolder - Attempting to locate auto-apply AttributeConverter for property [org.frcpm.models.TeamMember:username]
10:24:14.287 [main] DEBUG org.hibernate.boot.model.internal.BasicValueBinder - building BasicValue for username
10:24:14.287 [main] DEBUG org.hibernate.mapping.BasicValue - Skipping column re-registration: team_members.username
10:24:14.287 [main] DEBUG org.hibernate.boot.model.internal.PropertyBinder - Building property username
10:24:14.287 [main] DEBUG org.hibernate.boot.registry.classloading.internal.ClassLoaderServiceImpl - HHH000194: Package not found or no package-info.java: org.frcpm.models
10:24:14.288 [main] DEBUG org.hibernate.boot.model.internal.BasicValueBinder - Starting `BasicValueBinder#fillSimpleValue` for id
10:24:14.288 [main] DEBUG org.hibernate.boot.model.internal.BasicValueBinder - Starting `BasicValueBinder#fillSimpleValue` for arrivalTime
10:24:14.288 [main] DEBUG org.hibernate.boot.model.internal.BasicValueBinder - Starting `BasicValueBinder#fillSimpleValue` for departureTime
10:24:14.288 [main] DEBUG org.hibernate.boot.model.internal.BasicValueBinder - Starting `BasicValueBinder#fillSimpleValue` for present
10:24:14.288 [main] DEBUG org.hibernate.boot.model.internal.BasicValueBinder - Starting `BasicValueBinder#fillSimpleValue` for id
10:24:14.288 [main] DEBUG org.hibernate.boot.model.internal.BasicValueBinder - Starting `BasicValueBinder#fillSimpleValue` for date
10:24:14.288 [main] DEBUG org.hibernate.boot.model.internal.BasicValueBinder - Starting `BasicValueBinder#fillSimpleValue` for endTime
10:24:14.288 [main] DEBUG org.hibernate.boot.model.internal.BasicValueBinder - Starting `BasicValueBinder#fillSimpleValue` for notes
10:24:14.288 [main] DEBUG org.hibernate.boot.model.internal.BasicValueBinder - Starting `BasicValueBinder#fillSimpleValue` for startTime
10:24:14.288 [main] DEBUG org.hibernate.boot.model.internal.BasicValueBinder - Starting `BasicValueBinder#fillSimpleValue` for id
10:24:14.288 [main] DEBUG org.hibernate.boot.model.internal.BasicValueBinder - Starting `BasicValueBinder#fillSimpleValue` for description
10:24:14.288 [main] DEBUG org.hibernate.boot.model.internal.BasicValueBinder - Starting `BasicValueBinder#fillSimpleValue` for name
10:24:14.288 [main] DEBUG org.hibernate.boot.model.internal.BasicValueBinder - Starting `BasicValueBinder#fillSimpleValue` for status
10:24:14.288 [main] DEBUG org.hibernate.boot.model.internal.BasicValueBinder - Starting `BasicValueBinder#fillSimpleValue` for id
10:24:14.288 [main] DEBUG org.hibernate.boot.model.internal.BasicValueBinder - Starting `BasicValueBinder#fillSimpleValue` for actualDelivery
10:24:14.288 [main] DEBUG org.hibernate.boot.model.internal.BasicValueBinder - Starting `BasicValueBinder#fillSimpleValue` for delivered
10:24:14.288 [main] DEBUG org.hibernate.boot.model.internal.BasicValueBinder - Starting `BasicValueBinder#fillSimpleValue` for description
10:24:14.288 [main] DEBUG org.hibernate.boot.model.internal.BasicValueBinder - Starting `BasicValueBinder#fillSimpleValue` for expectedDelivery
10:24:14.288 [main] DEBUG org.hibernate.boot.model.internal.BasicValueBinder - Starting `BasicValueBinder#fillSimpleValue` for name
10:24:14.288 [main] DEBUG org.hibernate.boot.model.internal.BasicValueBinder - Starting `BasicValueBinder#fillSimpleValue` for partNumber
10:24:14.288 [main] DEBUG org.hibernate.boot.model.internal.BasicValueBinder - Starting `BasicValueBinder#fillSimpleValue` for id
10:24:14.288 [main] DEBUG org.hibernate.boot.model.internal.BasicValueBinder - Starting `BasicValueBinder#fillSimpleValue` for date
10:24:14.288 [main] DEBUG org.hibernate.boot.model.internal.BasicValueBinder - Starting `BasicValueBinder#fillSimpleValue` for description
10:24:14.288 [main] DEBUG org.hibernate.boot.model.internal.BasicValueBinder - Starting `BasicValueBinder#fillSimpleValue` for name
10:24:14.288 [main] DEBUG org.hibernate.boot.model.internal.BasicValueBinder - Starting `BasicValueBinder#fillSimpleValue` for id
10:24:14.288 [main] DEBUG org.hibernate.boot.model.internal.BasicValueBinder - Starting `BasicValueBinder#fillSimpleValue` for description
10:24:14.288 [main] DEBUG org.hibernate.boot.model.internal.BasicValueBinder - Starting `BasicValueBinder#fillSimpleValue` for goalEndDate
10:24:14.288 [main] DEBUG org.hibernate.boot.model.internal.BasicValueBinder - Starting `BasicValueBinder#fillSimpleValue` for hardDeadline
10:24:14.288 [main] DEBUG org.hibernate.boot.model.internal.BasicValueBinder - Starting `BasicValueBinder#fillSimpleValue` for name
10:24:14.288 [main] DEBUG org.hibernate.boot.model.internal.BasicValueBinder - Starting `BasicValueBinder#fillSimpleValue` for startDate
10:24:14.288 [main] DEBUG org.hibernate.boot.model.internal.BasicValueBinder - Starting `BasicValueBinder#fillSimpleValue` for id
10:24:14.288 [main] DEBUG org.hibernate.boot.model.internal.BasicValueBinder - Starting `BasicValueBinder#fillSimpleValue` for colorCode
10:24:14.288 [main] DEBUG org.hibernate.boot.model.internal.BasicValueBinder - Starting `BasicValueBinder#fillSimpleValue` for name
10:24:14.288 [main] DEBUG org.hibernate.boot.model.internal.BasicValueBinder - Starting `BasicValueBinder#fillSimpleValue` for specialties
10:24:14.288 [main] DEBUG org.hibernate.boot.model.internal.BasicValueBinder - Starting `BasicValueBinder#fillSimpleValue` for id
10:24:14.288 [main] DEBUG org.hibernate.boot.model.internal.BasicValueBinder - Starting `BasicValueBinder#fillSimpleValue` for actualDurationSeconds
10:24:14.288 [main] DEBUG org.hibernate.boot.model.internal.BasicValueBinder - Starting `BasicValueBinder#fillSimpleValue` for completed
10:24:14.288 [main] DEBUG org.hibernate.boot.model.internal.BasicValueBinder - Starting `BasicValueBinder#fillSimpleValue` for description
10:24:14.288 [main] DEBUG org.hibernate.boot.model.internal.BasicValueBinder - Starting `BasicValueBinder#fillSimpleValue` for endDate
10:24:14.288 [main] DEBUG org.hibernate.boot.model.internal.BasicValueBinder - Starting `BasicValueBinder#fillSimpleValue` for estimatedDurationSeconds
10:24:14.288 [main] DEBUG org.hibernate.boot.model.internal.BasicValueBinder - Starting `BasicValueBinder#fillSimpleValue` for priority
10:24:14.288 [main] DEBUG org.hibernate.boot.model.internal.BasicValueBinder - Starting `BasicValueBinder#fillSimpleValue` for progress
10:24:14.288 [main] DEBUG org.hibernate.boot.model.internal.BasicValueBinder - Starting `BasicValueBinder#fillSimpleValue` for startDate
10:24:14.288 [main] DEBUG org.hibernate.boot.model.internal.BasicValueBinder - Starting `BasicValueBinder#fillSimpleValue` for title
10:24:14.288 [main] DEBUG org.hibernate.boot.model.internal.BasicValueBinder - Starting `BasicValueBinder#fillSimpleValue` for id
10:24:14.288 [main] DEBUG org.hibernate.boot.model.internal.BasicValueBinder - Starting `BasicValueBinder#fillSimpleValue` for email
10:24:14.288 [main] DEBUG org.hibernate.boot.model.internal.BasicValueBinder - Starting `BasicValueBinder#fillSimpleValue` for firstName
10:24:14.288 [main] DEBUG org.hibernate.boot.model.internal.BasicValueBinder - Starting `BasicValueBinder#fillSimpleValue` for lastName
10:24:14.288 [main] DEBUG org.hibernate.boot.model.internal.BasicValueBinder - Starting `BasicValueBinder#fillSimpleValue` for leader
10:24:14.288 [main] DEBUG org.hibernate.boot.model.internal.BasicValueBinder - Starting `BasicValueBinder#fillSimpleValue` for phone
10:24:14.288 [main] DEBUG org.hibernate.boot.model.internal.BasicValueBinder - Starting `BasicValueBinder#fillSimpleValue` for skills
10:24:14.288 [main] DEBUG org.hibernate.boot.model.internal.BasicValueBinder - Starting `BasicValueBinder#fillSimpleValue` for username
10:24:14.289 [main] DEBUG org.hibernate.mapping.PrimaryKey - Forcing column [id] to be non-null as it is part of the primary key for table [attendances]
10:24:14.289 [main] DEBUG org.hibernate.mapping.PrimaryKey - Forcing column [id] to be non-null as it is part of the primary key for table [meetings]
10:24:14.289 [main] DEBUG org.hibernate.mapping.PrimaryKey - Forcing column [id] to be non-null as it is part of the primary key for table [subsystems]
10:24:14.289 [main] DEBUG org.hibernate.mapping.PrimaryKey - Forcing column [id] to be non-null as it is part of the primary key for table [components]
10:24:14.289 [main] DEBUG org.hibernate.mapping.PrimaryKey - Forcing column [id] to be non-null as it is part of the primary key for table [milestones]
10:24:14.289 [main] DEBUG org.hibernate.mapping.PrimaryKey - Forcing column [id] to be non-null as it is part of the primary key for table [projects]
10:24:14.289 [main] DEBUG org.hibernate.mapping.PrimaryKey - Forcing column [id] to be non-null as it is part of the primary key for table [subteams]
10:24:14.289 [main] DEBUG org.hibernate.mapping.PrimaryKey - Forcing column [id] to be non-null as it is part of the primary key for table [tasks]
10:24:14.289 [main] DEBUG org.hibernate.mapping.PrimaryKey - Forcing column [id] to be non-null as it is part of the primary key for table [team_members]
10:24:14.289 [main] DEBUG org.hibernate.boot.model.internal.CollectionSecondPass - Second pass for collection: org.frcpm.models.Task.requiredComponents
10:24:14.289 [main] DEBUG org.hibernate.boot.model.internal.CollectionBinder - Binding a ManyToMany: org.frcpm.models.Task.requiredComponents
10:24:14.290 [main] DEBUG org.hibernate.boot.registry.classloading.internal.ClassLoaderServiceImpl - HHH000194: Package not found or no package-info.java: org.frcpm.models
10:24:14.290 [main] DEBUG org.hibernate.mapping.PrimaryKey - Forcing column [task_id] to be non-null as it is part of the primary key for table [task_components]
10:24:14.290 [main] DEBUG org.hibernate.mapping.PrimaryKey - Forcing column [component_id] to be non-null as it is part of the primary key for table [task_components]
10:24:14.290 [main] DEBUG org.hibernate.boot.model.internal.CollectionSecondPass - Mapped collection key: task_id, element: component_id
10:24:14.290 [main] DEBUG org.hibernate.boot.model.internal.CollectionSecondPass - Second pass for collection: org.frcpm.models.Task.preDependencies
10:24:14.290 [main] DEBUG org.hibernate.boot.model.internal.CollectionBinder - Binding a ManyToMany: org.frcpm.models.Task.preDependencies
10:24:14.291 [main] DEBUG org.hibernate.boot.registry.classloading.internal.ClassLoaderServiceImpl - HHH000194: Package not found or no package-info.java: org.frcpm.models
10:24:14.291 [main] DEBUG org.hibernate.mapping.PrimaryKey - Forcing column [task_id] to be non-null as it is part of the primary key for table [task_dependencies]
10:24:14.291 [main] DEBUG org.hibernate.mapping.PrimaryKey - Forcing column [dependency_id] to be non-null as it is part of the primary key for table [task_dependencies]
10:24:14.292 [main] DEBUG org.hibernate.boot.model.internal.CollectionSecondPass - Mapped collection key: task_id, element: dependency_id
10:24:14.292 [main] DEBUG org.hibernate.boot.model.internal.CollectionSecondPass - Second pass for collection: org.frcpm.models.Task.assignedTo
10:24:14.292 [main] DEBUG org.hibernate.boot.model.internal.CollectionBinder - Binding a ManyToMany: org.frcpm.models.Task.assignedTo
10:24:14.292 [main] DEBUG org.hibernate.boot.registry.classloading.internal.ClassLoaderServiceImpl - HHH000194: Package not found or no package-info.java: org.frcpm.models
10:24:14.293 [main] DEBUG org.hibernate.mapping.PrimaryKey - Forcing column [task_id] to be non-null as it is part of the primary key for table [task_assignments]
10:24:14.293 [main] DEBUG org.hibernate.mapping.PrimaryKey - Forcing column [team_member_id] to be non-null as it is part of the primary key for table [task_assignments]
10:24:14.293 [main] DEBUG org.hibernate.boot.model.internal.CollectionSecondPass - Mapped collection key: task_id, element: team_member_id
10:24:14.293 [main] DEBUG org.hibernate.boot.model.internal.CollectionSecondPass - Second pass for collection: org.frcpm.models.Meeting.attendances
10:24:14.293 [main] DEBUG org.hibernate.boot.model.internal.CollectionBinder - Binding a OneToMany: org.frcpm.models.Meeting.attendances through a foreign key
10:24:14.293 [main] DEBUG org.hibernate.boot.model.internal.CollectionBinder - Mapping collection: org.frcpm.models.Meeting.attendances -> attendances
10:24:14.293 [main] DEBUG org.hibernate.boot.model.internal.TableBinder - Retrieving property org.frcpm.models.Attendance.meeting
10:24:14.293 [main] DEBUG org.hibernate.boot.model.internal.CollectionSecondPass - Mapped collection key: meeting_id, one-to-many: org.frcpm.models.Attendance
10:24:14.293 [main] DEBUG org.hibernate.boot.model.internal.CollectionSecondPass - Second pass for collection: org.frcpm.models.Subsystem.tasks
10:24:14.293 [main] DEBUG org.hibernate.boot.model.internal.CollectionBinder - Binding a OneToMany: org.frcpm.models.Subsystem.tasks through a foreign key
10:24:14.293 [main] DEBUG org.hibernate.boot.model.internal.CollectionBinder - Mapping collection: org.frcpm.models.Subsystem.tasks -> tasks
10:24:14.293 [main] DEBUG org.hibernate.boot.model.internal.TableBinder - Retrieving property org.frcpm.models.Task.subsystem
10:24:14.293 [main] DEBUG org.hibernate.boot.model.internal.CollectionSecondPass - Mapped collection key: subsystem_id, one-to-many: org.frcpm.models.Task
10:24:14.293 [main] DEBUG org.hibernate.boot.model.internal.CollectionSecondPass - Second pass for collection: org.frcpm.models.Component.requiredForTasks
10:24:14.293 [main] DEBUG org.hibernate.boot.model.internal.CollectionBinder - Binding a ManyToMany: org.frcpm.models.Component.requiredForTasks
10:24:14.294 [main] DEBUG org.hibernate.boot.registry.classloading.internal.ClassLoaderServiceImpl - HHH000194: Package not found or no package-info.java: org.frcpm.models
10:24:14.295 [main] DEBUG org.hibernate.boot.model.internal.TableBinder - Retrieving property org.frcpm.models.Task.requiredComponents
10:24:14.295 [main] DEBUG org.hibernate.boot.model.internal.CollectionSecondPass - Mapped collection key: component_id, element: task_id
10:24:14.295 [main] DEBUG org.hibernate.boot.model.internal.CollectionSecondPass - Second pass for collection: org.frcpm.models.Project.meetings
10:24:14.295 [main] DEBUG org.hibernate.boot.model.internal.CollectionBinder - Binding a OneToMany: org.frcpm.models.Project.meetings through a foreign key
10:24:14.295 [main] DEBUG org.hibernate.boot.model.internal.CollectionBinder - Mapping collection: org.frcpm.models.Project.meetings -> meetings
10:24:14.295 [main] DEBUG org.hibernate.boot.model.internal.TableBinder - Retrieving property org.frcpm.models.Meeting.project
10:24:14.295 [main] DEBUG org.hibernate.boot.model.internal.CollectionSecondPass - Mapped collection key: project_id, one-to-many: org.frcpm.models.Meeting
10:24:14.295 [main] DEBUG org.hibernate.boot.model.internal.CollectionSecondPass - Second pass for collection: org.frcpm.models.Project.milestones
10:24:14.295 [main] DEBUG org.hibernate.boot.model.internal.CollectionBinder - Binding a OneToMany: org.frcpm.models.Project.milestones through a foreign key
10:24:14.295 [main] DEBUG org.hibernate.boot.model.internal.CollectionBinder - Mapping collection: org.frcpm.models.Project.milestones -> milestones
10:24:14.295 [main] DEBUG org.hibernate.boot.model.internal.TableBinder - Retrieving property org.frcpm.models.Milestone.project
10:24:14.295 [main] DEBUG org.hibernate.boot.model.internal.CollectionSecondPass - Mapped collection key: project_id, one-to-many: org.frcpm.models.Milestone
10:24:14.295 [main] DEBUG org.hibernate.boot.model.internal.CollectionSecondPass - Second pass for collection: org.frcpm.models.Project.tasks
10:24:14.295 [main] DEBUG org.hibernate.boot.model.internal.CollectionBinder - Binding a OneToMany: org.frcpm.models.Project.tasks through a foreign key
10:24:14.295 [main] DEBUG org.hibernate.boot.model.internal.CollectionBinder - Mapping collection: org.frcpm.models.Project.tasks -> tasks
10:24:14.295 [main] DEBUG org.hibernate.boot.model.internal.TableBinder - Retrieving property org.frcpm.models.Task.project
10:24:14.295 [main] DEBUG org.hibernate.boot.model.internal.CollectionSecondPass - Mapped collection key: project_id, one-to-many: org.frcpm.models.Task
10:24:14.295 [main] DEBUG org.hibernate.boot.model.internal.CollectionSecondPass - Second pass for collection: org.frcpm.models.Subteam.members
10:24:14.295 [main] DEBUG org.hibernate.boot.model.internal.CollectionBinder - Binding a OneToMany: org.frcpm.models.Subteam.members through a foreign key
10:24:14.295 [main] DEBUG org.hibernate.boot.model.internal.CollectionBinder - Mapping collection: org.frcpm.models.Subteam.members -> team_members
10:24:14.295 [main] DEBUG org.hibernate.boot.model.internal.TableBinder - Retrieving property org.frcpm.models.TeamMember.subteam
10:24:14.295 [main] DEBUG org.hibernate.boot.model.internal.CollectionSecondPass - Mapped collection key: subteam_id, one-to-many: org.frcpm.models.TeamMember
10:24:14.295 [main] DEBUG org.hibernate.boot.model.internal.CollectionSecondPass - Second pass for collection: org.frcpm.models.Subteam.subsystems
10:24:14.296 [main] DEBUG org.hibernate.boot.model.internal.CollectionBinder - Binding a OneToMany: org.frcpm.models.Subteam.subsystems through a foreign key
10:24:14.296 [main] DEBUG org.hibernate.boot.model.internal.CollectionBinder - Mapping collection: org.frcpm.models.Subteam.subsystems -> subsystems
10:24:14.296 [main] DEBUG org.hibernate.boot.model.internal.TableBinder - Retrieving property org.frcpm.models.Subsystem.responsibleSubteam
10:24:14.296 [main] DEBUG org.hibernate.boot.model.internal.CollectionSecondPass - Mapped collection key: responsible_subteam_id, one-to-many: org.frcpm.models.Subsystem
10:24:14.296 [main] DEBUG org.hibernate.boot.model.internal.CollectionSecondPass - Second pass for collection: org.frcpm.models.Task.postDependencies
10:24:14.296 [main] DEBUG org.hibernate.boot.model.internal.CollectionBinder - Binding a ManyToMany: org.frcpm.models.Task.postDependencies
10:24:14.297 [main] DEBUG org.hibernate.boot.registry.classloading.internal.ClassLoaderServiceImpl - HHH000194: Package not found or no package-info.java: org.frcpm.models
10:24:14.297 [main] DEBUG org.hibernate.boot.model.internal.TableBinder - Retrieving property org.frcpm.models.Task.preDependencies
10:24:14.297 [main] DEBUG org.hibernate.boot.model.internal.CollectionSecondPass - Mapped collection key: dependency_id, element: task_id
10:24:14.298 [main] DEBUG org.hibernate.boot.model.internal.CollectionSecondPass - Second pass for collection: org.frcpm.models.TeamMember.assignedTasks
10:24:14.298 [main] DEBUG org.hibernate.boot.model.internal.CollectionBinder - Binding a ManyToMany: org.frcpm.models.TeamMember.assignedTasks
10:24:14.300 [main] DEBUG org.hibernate.boot.registry.classloading.internal.ClassLoaderServiceImpl - HHH000194: Package not found or no package-info.java: org.frcpm.models
10:24:14.300 [main] DEBUG org.hibernate.boot.model.internal.TableBinder - Retrieving property org.frcpm.models.Task.assignedTo
10:24:14.300 [main] DEBUG org.hibernate.boot.model.internal.CollectionSecondPass - Mapped collection key: team_member_id, element: task_id
10:24:14.300 [main] DEBUG org.hibernate.boot.model.internal.CollectionSecondPass - Second pass for collection: org.frcpm.models.TeamMember.attendances
10:24:14.300 [main] DEBUG org.hibernate.boot.model.internal.CollectionBinder - Binding a OneToMany: org.frcpm.models.TeamMember.attendances through a foreign key
10:24:14.300 [main] DEBUG org.hibernate.boot.model.internal.CollectionBinder - Mapping collection: org.frcpm.models.TeamMember.attendances -> attendances
10:24:14.300 [main] DEBUG org.hibernate.boot.model.internal.TableBinder - Retrieving property org.frcpm.models.Attendance.member
10:24:14.300 [main] DEBUG org.hibernate.boot.model.internal.CollectionSecondPass - Mapped collection key: member_id, one-to-many: org.frcpm.models.Attendance
10:24:14.312 [main] DEBUG org.hibernate.internal.SessionFactoryImpl - Building session factory
10:24:14.313 [main] DEBUG org.hibernate.service.internal.SessionFactoryServiceRegistryImpl - EventListenerRegistry access via ServiceRegistry is deprecated.  Use `sessionFactory.getEventEngine().getListenerRegistry()` instead
10:24:14.313 [main] DEBUG org.hibernate.internal.SessionFactoryImpl - Instantiating SessionFactory with settings: {hibernate.format_sql=false, java.specification.version=21, sun.cpu.isalist=amd64, hibernate.connection.handling_mode=DELAYED_ACQUISITION_AND_RELEASE_AFTER_STATEMENT, sun.jnu.encoding=Cp1252, hibernate.dialect=org.hibernate.dialect.H2Dialect, java.class.path=C:\Users\dhiebert\Local Repositories\Project Management 2.0\target\test-classes;C:\Users\dhiebert\Local Repositories\Project Management 2.0\target\classes;C:\Users\dhiebert\.m2\repository\org\openjfx\javafx-controls\21.0.2\javafx-controls-21.0.2.jar;C:\Users\dhiebert\.m2\repository\org\openjfx\javafx-controls\21.0.2\javafx-controls-21.0.2-win.jar;C:\Users\dhiebert\.m2\repository\org\openjfx\javafx-fxml\21.0.2\javafx-fxml-21.0.2.jar;C:\Users\dhiebert\.m2\repository\org\openjfx\javafx-fxml\21.0.2\javafx-fxml-21.0.2-win.jar;C:\Users\dhiebert\.m2\repository\org\openjfx\javafx-graphics\21.0.2\javafx-graphics-21.0.2.jar;C:\Users\dhiebert\.m2\repository\org\openjfx\javafx-graphics\21.0.2\javafx-graphics-21.0.2-win.jar;C:\Users\dhiebert\.m2\repository\org\openjfx\javafx-base\21.0.2\javafx-base-21.0.2.jar;C:\Users\dhiebert\.m2\repository\org\openjfx\javafx-base\21.0.2\javafx-base-21.0.2-win.jar;C:\Users\dhiebert\.m2\repository\com\h2database\h2\2.2.224\h2-2.2.224.jar;C:\Users\dhiebert\.m2\repository\com\zaxxer\HikariCP\5.1.0\HikariCP-5.1.0.jar;C:\Users\dhiebert\.m2\repository\org\slf4j\slf4j-api\1.7.36\slf4j-api-1.7.36.jar;C:\Users\dhiebert\.m2\repository\org\hibernate\orm\hibernate-core\6.5.0.Final\hibernate-core-6.5.0.Final.jar;C:\Users\dhiebert\.m2\repository\jakarta\persistence\jakarta.persistence-api\3.1.0\jakarta.persistence-api-3.1.0.jar;C:\Users\dhiebert\.m2\repository\jakarta\transaction\jakarta.transaction-api\2.0.1\jakarta.transaction-api-2.0.1.jar;C:\Users\dhiebert\.m2\repository\org\jboss\logging\jboss-logging\3.5.0.Final\jboss-logging-3.5.0.Final.jar;C:\Users\dhiebert\.m2\repository\org\hibernate\common\hibernate-commons-annotations\6.0.6.Final\hibernate-commons-annotations-6.0.6.Final.jar;C:\Users\dhiebert\.m2\repository\io\smallrye\jandex\3.1.2\jandex-3.1.2.jar;C:\Users\dhiebert\.m2\repository\com\fasterxml\classmate\1.5.1\classmate-1.5.1.jar;C:\Users\dhiebert\.m2\repository\net\bytebuddy\byte-buddy\1.14.12\byte-buddy-1.14.12.jar;C:\Users\dhiebert\.m2\repository\jakarta\xml\bind\jakarta.xml.bind-api\4.0.0\jakarta.xml.bind-api-4.0.0.jar;C:\Users\dhiebert\.m2\repository\jakarta\activation\jakarta.activation-api\2.1.0\jakarta.activation-api-2.1.0.jar;C:\Users\dhiebert\.m2\repository\org\glassfish\jaxb\jaxb-runtime\4.0.2\jaxb-runtime-4.0.2.jar;C:\Users\dhiebert\.m2\repository\org\glassfish\jaxb\jaxb-core\4.0.2\jaxb-core-4.0.2.jar;C:\Users\dhiebert\.m2\repository\org\eclipse\angus\angus-activation\2.0.0\angus-activation-2.0.0.jar;C:\Users\dhiebert\.m2\repository\org\glassfish\jaxb\txw2\4.0.2\txw2-4.0.2.jar;C:\Users\dhiebert\.m2\repository\com\sun\istack\istack-commons-runtime\4.1.1\istack-commons-runtime-4.1.1.jar;C:\Users\dhiebert\.m2\repository\jakarta\inject\jakarta.inject-api\2.0.1\jakarta.inject-api-2.0.1.jar;C:\Users\dhiebert\.m2\repository\org\antlr\antlr4-runtime\4.13.0\antlr4-runtime-4.13.0.jar;C:\Users\dhiebert\.m2\repository\org\hibernate\validator\hibernate-validator\8.0.1.Final\hibernate-validator-8.0.1.Final.jar;C:\Users\dhiebert\.m2\repository\jakarta\validation\jakarta.validation-api\3.0.2\jakarta.validation-api-3.0.2.jar;C:\Users\dhiebert\.m2\repository\org\junit\jupiter\junit-jupiter-api\5.10.2\junit-jupiter-api-5.10.2.jar;C:\Users\dhiebert\.m2\repository\org\opentest4j\opentest4j\1.3.0\opentest4j-1.3.0.jar;C:\Users\dhiebert\.m2\repository\org\junit\platform\junit-platform-commons\1.10.2\junit-platform-commons-1.10.2.jar;C:\Users\dhiebert\.m2\repository\org\apiguardian\apiguardian-api\1.1.2\apiguardian-api-1.1.2.jar;C:\Users\dhiebert\.m2\repository\org\junit\jupiter\junit-jupiter-engine\5.10.2\junit-jupiter-engine-5.10.2.jar;C:\Users\dhiebert\.m2\repository\org\junit\platform\junit-platform-engine\1.10.2\junit-platform-engine-1.10.2.jar;C:\Users\dhiebert\.m2\repository\org\mockito\mockito-junit-jupiter\5.10.0\mockito-junit-jupiter-5.10.0.jar;C:\Users\dhiebert\.m2\repository\org\mockito\mockito-core\5.10.0\mockito-core-5.10.0.jar;C:\Users\dhiebert\.m2\repository\net\bytebuddy\byte-buddy-agent\1.14.11\byte-buddy-agent-1.14.11.jar;C:\Users\dhiebert\.m2\repository\org\objenesis\objenesis\3.3\objenesis-3.3.jar;C:\Users\dhiebert\.m2\repository\org\hibernate\orm\hibernate-hikaricp\6.5.0.Final\hibernate-hikaricp-6.5.0.Final.jar;C:\Users\dhiebert\.m2\repository\ch\qos\logback\logback-classic\1.2.11\logback-classic-1.2.11.jar;C:\Users\dhiebert\.m2\repository\ch\qos\logback\logback-core\1.2.11\logback-core-1.2.11.jar;C:\Users\dhiebert\.m2\repository\org\testfx\testfx-core\4.0.18\testfx-core-4.0.18.jar;C:\Users\dhiebert\.m2\repository\org\hamcrest\hamcrest\2.1\hamcrest-2.1.jar;C:\Users\dhiebert\.m2\repository\org\assertj\assertj-core\3.13.2\assertj-core-3.13.2.jar;C:\Users\dhiebert\.m2\repository\org\osgi\org.osgi.core\6.0.0\org.osgi.core-6.0.0.jar;C:\Users\dhiebert\.m2\repository\org\testfx\testfx-junit5\4.0.18\testfx-junit5-4.0.18.jar;C:\Users\dhiebert\.m2\repository\org\openjfx\javafx-web\17.0.2\javafx-web-17.0.2.jar;C:\Users\dhiebert\.m2\repository\org\openjfx\javafx-web\17.0.2\javafx-web-17.0.2-win.jar;C:\Users\dhiebert\.m2\repository\org\openjfx\javafx-media\17.0.2\javafx-media-17.0.2.jar;C:\Users\dhiebert\.m2\repository\org\openjfx\javafx-media\17.0.2\javafx-media-17.0.2-win.jar;C:\Users\dhiebert\.m2\repository\org\apache\pdfbox\pdfbox\2.0.27\pdfbox-2.0.27.jar;C:\Users\dhiebert\.m2\repository\org\apache\pdfbox\fontbox\2.0.27\fontbox-2.0.27.jar;C:\Users\dhiebert\.m2\repository\commons-logging\commons-logging\1.2\commons-logging-1.2.jar;C:\Users\dhiebert\.m2\repository\com\fasterxml\jackson\core\jackson-databind\2.15.0\jackson-databind-2.15.0.jar;C:\Users\dhiebert\.m2\repository\com\fasterxml\jackson\core\jackson-annotations\2.15.0\jackson-annotations-2.15.0.jar;C:\Users\dhiebert\.m2\repository\com\fasterxml\jackson\core\jackson-core\2.15.0\jackson-core-2.15.0.jar;C:\Users\dhiebert\.m2\repository\org\apache\xmlgraphics\batik-all\1.16\batik-all-1.16.jar;C:\Users\dhiebert\.m2\repository\xml-apis\xml-apis\1.4.01\xml-apis-1.4.01.jar;C:\Users\dhiebert\.m2\repository\xml-apis\xml-apis-ext\1.3.04\xml-apis-ext-1.3.04.jar;C:\Users\dhiebert\.m2\repository\org\apache\xmlgraphics\xmlgraphics-commons\2.7\xmlgraphics-commons-2.7.jar;C:\Users\dhiebert\.m2\repository\commons-io\commons-io\1.3.1\commons-io-1.3.1.jar;C:\Users\dhiebert\.m2\repository\org\jgrapht\jgrapht-core\1.5.2\jgrapht-core-1.5.2.jar;C:\Users\dhiebert\.m2\repository\org\jheaps\jheaps\0.14\jheaps-0.14.jar;C:\Users\dhiebert\.m2\repository\org\apfloat\apfloat\1.10.1\apfloat-1.10.1.jar;, java.vm.vendor=Eclipse Adoptium, sun.arch.data.model=64, hibernate.order_inserts=true, user.variant=, java.vendor.url=https://adoptium.net/, user.timezone=America/Chicago, javax.persistence.jdbc.user=****, javax.persistence.jdbc.url=jdbc:h2:file:C:\Users\dhiebert\.frcpm\frcpm, java.vm.specification.version=21, os.name=Windows 11, hibernate.generate_statistics=false, hibernate.hikari.connectionTimeout=10000, hibernate.order_updates=true, hibernate.jdbc.batch_versioned_data=true, jakarta.persistence.jdbc.password=****, hibernate.jdbc.batch_size=30, sun.java.launcher=SUN_STANDARD, user.country=US, local.setting.IS_JTA_TXN_COORD=false, sun.boot.library.path=C:\Program Files\Eclipse Adoptium\jdk-21.0.6.7-hotspot\bin, sun.java.command=C:\Users\dhiebert\AppData\Local\Temp\surefire9513985487531586668\surefirebooter-20250425102356946_3.jar C:\Users\dhiebert\AppData\Local\Temp\surefire9513985487531586668 2025-04-25T10-23-56_800-jvmRun1 surefire-20250425102356946_1tmp surefire_0-20250425102356946_2tmp, hibernate.use_sql_comments=false, hibernate.connection.provider_class=org.hibernate.hikaricp.internal.HikariCPConnectionProvider, jdk.debug=release, surefire.test.class.path=C:\Users\dhiebert\Local Repositories\Project Management 2.0\target\test-classes;C:\Users\dhiebert\Local Repositories\Project Management 2.0\target\classes;C:\Users\dhiebert\.m2\repository\org\openjfx\javafx-controls\21.0.2\javafx-controls-21.0.2.jar;C:\Users\dhiebert\.m2\repository\org\openjfx\javafx-controls\21.0.2\javafx-controls-21.0.2-win.jar;C:\Users\dhiebert\.m2\repository\org\openjfx\javafx-fxml\21.0.2\javafx-fxml-21.0.2.jar;C:\Users\dhiebert\.m2\repository\org\openjfx\javafx-fxml\21.0.2\javafx-fxml-21.0.2-win.jar;C:\Users\dhiebert\.m2\repository\org\openjfx\javafx-graphics\21.0.2\javafx-graphics-21.0.2.jar;C:\Users\dhiebert\.m2\repository\org\openjfx\javafx-graphics\21.0.2\javafx-graphics-21.0.2-win.jar;C:\Users\dhiebert\.m2\repository\org\openjfx\javafx-base\21.0.2\javafx-base-21.0.2.jar;C:\Users\dhiebert\.m2\repository\org\openjfx\javafx-base\21.0.2\javafx-base-21.0.2-win.jar;C:\Users\dhiebert\.m2\repository\com\h2database\h2\2.2.224\h2-2.2.224.jar;C:\Users\dhiebert\.m2\repository\com\zaxxer\HikariCP\5.1.0\HikariCP-5.1.0.jar;C:\Users\dhiebert\.m2\repository\org\slf4j\slf4j-api\1.7.36\slf4j-api-1.7.36.jar;C:\Users\dhiebert\.m2\repository\org\hibernate\orm\hibernate-core\6.5.0.Final\hibernate-core-6.5.0.Final.jar;C:\Users\dhiebert\.m2\repository\jakarta\persistence\jakarta.persistence-api\3.1.0\jakarta.persistence-api-3.1.0.jar;C:\Users\dhiebert\.m2\repository\jakarta\transaction\jakarta.transaction-api\2.0.1\jakarta.transaction-api-2.0.1.jar;C:\Users\dhiebert\.m2\repository\org\jboss\logging\jboss-logging\3.5.0.Final\jboss-logging-3.5.0.Final.jar;C:\Users\dhiebert\.m2\repository\org\hibernate\common\hibernate-commons-annotations\6.0.6.Final\hibernate-commons-annotations-6.0.6.Final.jar;C:\Users\dhiebert\.m2\repository\io\smallrye\jandex\3.1.2\jandex-3.1.2.jar;C:\Users\dhiebert\.m2\repository\com\fasterxml\classmate\1.5.1\classmate-1.5.1.jar;C:\Users\dhiebert\.m2\repository\net\bytebuddy\byte-buddy\1.14.12\byte-buddy-1.14.12.jar;C:\Users\dhiebert\.m2\repository\jakarta\xml\bind\jakarta.xml.bind-api\4.0.0\jakarta.xml.bind-api-4.0.0.jar;C:\Users\dhiebert\.m2\repository\jakarta\activation\jakarta.activation-api\2.1.0\jakarta.activation-api-2.1.0.jar;C:\Users\dhiebert\.m2\repository\org\glassfish\jaxb\jaxb-runtime\4.0.2\jaxb-runtime-4.0.2.jar;C:\Users\dhiebert\.m2\repository\org\glassfish\jaxb\jaxb-core\4.0.2\jaxb-core-4.0.2.jar;C:\Users\dhiebert\.m2\repository\org\eclipse\angus\angus-activation\2.0.0\angus-activation-2.0.0.jar;C:\Users\dhiebert\.m2\repository\org\glassfish\jaxb\txw2\4.0.2\txw2-4.0.2.jar;C:\Users\dhiebert\.m2\repository\com\sun\istack\istack-commons-runtime\4.1.1\istack-commons-runtime-4.1.1.jar;C:\Users\dhiebert\.m2\repository\jakarta\inject\jakarta.inject-api\2.0.1\jakarta.inject-api-2.0.1.jar;C:\Users\dhiebert\.m2\repository\org\antlr\antlr4-runtime\4.13.0\antlr4-runtime-4.13.0.jar;C:\Users\dhiebert\.m2\repository\org\hibernate\validator\hibernate-validator\8.0.1.Final\hibernate-validator-8.0.1.Final.jar;C:\Users\dhiebert\.m2\repository\jakarta\validation\jakarta.validation-api\3.0.2\jakarta.validation-api-3.0.2.jar;C:\Users\dhiebert\.m2\repository\org\junit\jupiter\junit-jupiter-api\5.10.2\junit-jupiter-api-5.10.2.jar;C:\Users\dhiebert\.m2\repository\org\opentest4j\opentest4j\1.3.0\opentest4j-1.3.0.jar;C:\Users\dhiebert\.m2\repository\org\junit\platform\junit-platform-commons\1.10.2\junit-platform-commons-1.10.2.jar;C:\Users\dhiebert\.m2\repository\org\apiguardian\apiguardian-api\1.1.2\apiguardian-api-1.1.2.jar;C:\Users\dhiebert\.m2\repository\org\junit\jupiter\junit-jupiter-engine\5.10.2\junit-jupiter-engine-5.10.2.jar;C:\Users\dhiebert\.m2\repository\org\junit\platform\junit-platform-engine\1.10.2\junit-platform-engine-1.10.2.jar;C:\Users\dhiebert\.m2\repository\org\mockito\mockito-junit-jupiter\5.10.0\mockito-junit-jupiter-5.10.0.jar;C:\Users\dhiebert\.m2\repository\org\mockito\mockito-core\5.10.0\mockito-core-5.10.0.jar;C:\Users\dhiebert\.m2\repository\net\bytebuddy\byte-buddy-agent\1.14.11\byte-buddy-agent-1.14.11.jar;C:\Users\dhiebert\.m2\repository\org\objenesis\objenesis\3.3\objenesis-3.3.jar;C:\Users\dhiebert\.m2\repository\org\hibernate\orm\hibernate-hikaricp\6.5.0.Final\hibernate-hikaricp-6.5.0.Final.jar;C:\Users\dhiebert\.m2\repository\ch\qos\logback\logback-classic\1.2.11\logback-classic-1.2.11.jar;C:\Users\dhiebert\.m2\repository\ch\qos\logback\logback-core\1.2.11\logback-core-1.2.11.jar;C:\Users\dhiebert\.m2\repository\org\testfx\testfx-core\4.0.18\testfx-core-4.0.18.jar;C:\Users\dhiebert\.m2\repository\org\hamcrest\hamcrest\2.1\hamcrest-2.1.jar;C:\Users\dhiebert\.m2\repository\org\assertj\assertj-core\3.13.2\assertj-core-3.13.2.jar;C:\Users\dhiebert\.m2\repository\org\osgi\org.osgi.core\6.0.0\org.osgi.core-6.0.0.jar;C:\Users\dhiebert\.m2\repository\org\testfx\testfx-junit5\4.0.18\testfx-junit5-4.0.18.jar;C:\Users\dhiebert\.m2\repository\org\openjfx\javafx-web\17.0.2\javafx-web-17.0.2.jar;C:\Users\dhiebert\.m2\repository\org\openjfx\javafx-web\17.0.2\javafx-web-17.0.2-win.jar;C:\Users\dhiebert\.m2\repository\org\openjfx\javafx-media\17.0.2\javafx-media-17.0.2.jar;C:\Users\dhiebert\.m2\repository\org\openjfx\javafx-media\17.0.2\javafx-media-17.0.2-win.jar;C:\Users\dhiebert\.m2\repository\org\apache\pdfbox\pdfbox\2.0.27\pdfbox-2.0.27.jar;C:\Users\dhiebert\.m2\repository\org\apache\pdfbox\fontbox\2.0.27\fontbox-2.0.27.jar;C:\Users\dhiebert\.m2\repository\commons-logging\commons-logging\1.2\commons-logging-1.2.jar;C:\Users\dhiebert\.m2\repository\com\fasterxml\jackson\core\jackson-databind\2.15.0\jackson-databind-2.15.0.jar;C:\Users\dhiebert\.m2\repository\com\fasterxml\jackson\core\jackson-annotations\2.15.0\jackson-annotations-2.15.0.jar;C:\Users\dhiebert\.m2\repository\com\fasterxml\jackson\core\jackson-core\2.15.0\jackson-core-2.15.0.jar;C:\Users\dhiebert\.m2\repository\org\apache\xmlgraphics\batik-all\1.16\batik-all-1.16.jar;C:\Users\dhiebert\.m2\repository\xml-apis\xml-apis\1.4.01\xml-apis-1.4.01.jar;C:\Users\dhiebert\.m2\repository\xml-apis\xml-apis-ext\1.3.04\xml-apis-ext-1.3.04.jar;C:\Users\dhiebert\.m2\repository\org\apache\xmlgraphics\xmlgraphics-commons\2.7\xmlgraphics-commons-2.7.jar;C:\Users\dhiebert\.m2\repository\commons-io\commons-io\1.3.1\commons-io-1.3.1.jar;C:\Users\dhiebert\.m2\repository\org\jgrapht\jgrapht-core\1.5.2\jgrapht-core-1.5.2.jar;C:\Users\dhiebert\.m2\repository\org\jheaps\jheaps\0.14\jheaps-0.14.jar;C:\Users\dhiebert\.m2\repository\org\apfloat\apfloat\1.10.1\apfloat-1.10.1.jar;, jakarta.persistence.jdbc.driver=org.h2.Driver, sun.cpu.endian=little, user.home=C:\Users\dhiebert, user.language=en, java.specification.vendor=Oracle Corporation, java.version.date=2025-01-21, java.home=C:\Program Files\Eclipse Adoptium\jdk-21.0.6.7-hotspot, file.separator=\, basedir=C:\Users\dhiebert\Local Repositories\Project Management 2.0, java.vm.compressedOopsMode=Zero based, jakarta.persistence.jdbc.user=****, line.separator=
, hibernate.persistenceUnitName=frcpm, java.vm.specification.vendor=Oracle Corporation, java.specification.name=Java Platform API Specification, hibernate.transaction.coordinator_class=class org.hibernate.resource.transaction.backend.jdbc.internal.JdbcResourceLocalTransactionCoordinatorBuilderImpl, javax.persistence.jdbc.driver=org.h2.Driver, hibernate.hikari.maximumPoolSize=10, surefire.real.class.path=C:\Users\dhiebert\AppData\Local\Temp\surefire9513985487531586668\surefirebooter-20250425102356946_3.jar, hibernate.hbm2ddl.auto=update, user.script=, sun.management.compiler=HotSpot 64-Bit Tiered Compilers, java.runtime.version=21.0.6+7-LTS, user.name=dhiebert, hibernate.cache.use_query_cache=false, stdout.encoding=Cp1252, path.separator=;, hibernate.connection.username=****, os.version=10.0, java.runtime.name=OpenJDK Runtime Environment, hibernate.connection.url=jdbc:h2:file:C:\Users\dhiebert\.frcpm\frcpm, file.encoding=UTF-8, hibernate.hikari.minimumIdle=2, hibernate.hikari.idleTimeout=30000, java.vm.name=OpenJDK 64-Bit Server VM, hibernate.show_sql=false, java.vendor.version=Temurin-21.0.6+7, hibernate.hikari.poolName=FRC-PM-HikariCP, hibernate.current_session_context_class=thread, localRepository=C:\Users\dhiebert\.m2\repository, hibernate.connection.driver_class=org.h2.Driver, java.vendor.url.bug=https://github.com/adoptium/adoptium-support/issues, java.io.tmpdir=C:\Users\dhiebert\AppData\Local\Temp\, java.version=21.0.6, user.dir=C:\Users\dhiebert\Local Repositories\Project Management 2.0, os.arch=amd64, java.vm.specification.name=Java Virtual Machine Specification, hibernate.connection.password=****, sun.os.patch.level=, jakarta.persistence.jdbc.url=jdbc:h2:file:C:\Users\dhiebert\.frcpm\frcpm, hibernate.boot.CfgXmlAccessService.key=org.hibernate.boot.registry.StandardServiceRegistryBuilder$1@518cd29, native.encoding=Cp1252, hibernate.cache.use_second_level_cache=false, java.library.path=C:\Program Files\Eclipse Adoptium\jdk-21.0.6.7-hotspot\bin;C:\WINDOWS\Sun\Java\bin;C:\WINDOWS\system32;C:\WINDOWS;C:\Program Files\apache-maven-3.9.9\bin;C:\Program Files\Eclipse Adoptium\jdk-21.0.6.7-hotspot\bin;C:\Program Files\National Instruments\Shared\OpenVINO\;C:\Program Files\Common Files\Oracle\Java\javapath;C:\WINDOWS\system32;C:\WINDOWS;C:\WINDOWS\System32\Wbem;C:\WINDOWS\System32\WindowsPowerShell\v1.0\;C:\WINDOWS\System32\OpenSSH\;C:\Program Files\dotnet\;C:\Program Files (x86)\Windows Live\Shared;C:\Program Files\Git\cmd;C:\Program Files\Common Files\Autodesk Shared\;C:\Program Files\Microsoft SQL Server\150\Tools\Binn\;C:\Program Files\nodejs\;C:\Program Files\Eclipse Adoptium\jdk-21.0.6.7-hotspot\bin;C:\Program Files\apache-maven-3.9.9\bin;%MAVEN_HOME%\bin;C:\Users\dhiebert\AppData\Local\Microsoft\WindowsApps;C:\Users\dhiebert\AppData\Local\GitHubDesktop\bin;C:\Users\dhiebert\AppData\Roaming\npm;C:\Users\dhiebert\AppData\Local\Packages\PythonSoftwareFoundation.Python.3.11_qbz5n2kfra8p0\LocalCache\local-packages\Python311\Scripts;C:\Users\dhiebert\AppData\Local\Packages\PythonSoftwareFoundation.Python.3.11_qbz5n2kfra8p0\LocalCache\local-packages\Python311\site-packages\maven;;c:\Users\Public\wpilib\2025\vscode\data\user-data\User\globalStorage\github.copilot-chat\debugCommand;c:\Users\Public\wpilib\2025\vscode\data\extensions\ms-python.debugpy-2025.4.1-win32-x64\bundled\scripts\noConfigScripts;., stderr.encoding=Cp1252, java.vendor=Eclipse Adoptium, java.vm.info=mixed mode, sharing, java.vm.version=21.0.6+7-LTS, sun.io.unicode.encoding=UnicodeLittle, javax.persistence.jdbc.password=****, java.class.version=65.0}
10:24:14.314 [main] DEBUG org.hibernate.internal.SessionFactoryImpl - Session factory constructed with filter configurations : {}
10:24:14.315 [main] DEBUG org.hibernate.validator.internal.xml.config.ValidationXmlParser - Trying to load META-INF/validation.xml for XML based Validator configuration.
10:24:14.315 [main] DEBUG org.hibernate.validator.internal.xml.config.ResourceLoaderHelper - Trying to load META-INF/validation.xml via TCCL
10:24:14.315 [main] DEBUG org.hibernate.validator.internal.xml.config.ResourceLoaderHelper - Trying to load META-INF/validation.xml via Hibernate Validator's class loader
10:24:14.315 [main] DEBUG org.hibernate.validator.internal.xml.config.ValidationXmlParser - No META-INF/validation.xml found. Using annotation based configuration only.
10:24:14.315 [main] DEBUG org.hibernate.validator.internal.engine.resolver.TraversableResolvers - Found jakarta.persistence.Persistence on classpath containing 'getPersistenceUtil'. Assuming JPA 2 environment. Trying to instantiate JPA aware TraversableResolver
10:24:14.315 [main] DEBUG org.hibernate.validator.internal.engine.resolver.TraversableResolvers - Instantiated JPA aware TraversableResolver of type org.hibernate.validator.internal.engine.resolver.JPATraversableResolver.
10:24:14.316 [main] DEBUG org.hibernate.validator.messageinterpolation.ResourceBundleMessageInterpolator - Failed to load expression factory via classloader jdk.internal.loader.ClassLoaders$AppClassLoader@70dea4e
java.lang.NoClassDefFoundError: jakarta/el/ExpressionFactory
	at org.hibernate.validator.messageinterpolation.ResourceBundleMessageInterpolator.canLoadExpressionFactory(ResourceBundleMessageInterpolator.java:228)
	at org.hibernate.validator.messageinterpolation.ResourceBundleMessageInterpolator.buildExpressionFactory(ResourceBundleMessageInterpolator.java:173)
	at org.hibernate.validator.messageinterpolation.ResourceBundleMessageInterpolator.<init>(ResourceBundleMessageInterpolator.java:97)
	at org.hibernate.validator.internal.engine.AbstractConfigurationImpl.getDefaultMessageInterpolator(AbstractConfigurationImpl.java:575)
	at org.hibernate.validator.internal.engine.AbstractConfigurationImpl.getDefaultMessageInterpolatorConfiguredWithClassLoader(AbstractConfigurationImpl.java:834)
	at org.hibernate.validator.internal.engine.AbstractConfigurationImpl.getMessageInterpolator(AbstractConfigurationImpl.java:485)
	at org.hibernate.validator.internal.engine.ValidatorFactoryImpl.<init>(ValidatorFactoryImpl.java:157)
	at org.hibernate.validator.HibernateValidator.buildValidatorFactory(HibernateValidator.java:38)
	at org.hibernate.validator.internal.engine.AbstractConfigurationImpl.buildValidatorFactory(AbstractConfigurationImpl.java:453)
	at jakarta.validation.Validation.buildDefaultValidatorFactory(Validation.java:103)
	at org.hibernate.boot.beanvalidation.TypeSafeActivator.getValidatorFactory(TypeSafeActivator.java:482)
	at org.hibernate.boot.beanvalidation.TypeSafeActivator.activate(TypeSafeActivator.java:79)
	at java.base/jdk.internal.reflect.DirectMethodHandleAccessor.invoke(DirectMethodHandleAccessor.java:103)
	at java.base/java.lang.reflect.Method.invoke(Method.java:580)
	at org.hibernate.boot.beanvalidation.BeanValidationIntegrator.integrate(BeanValidationIntegrator.java:139)
	at org.hibernate.internal.SessionFactoryImpl.integrate(SessionFactoryImpl.java:517)
	at org.hibernate.internal.SessionFactoryImpl.<init>(SessionFactoryImpl.java:276)
	at org.hibernate.boot.internal.SessionFactoryBuilderImpl.build(SessionFactoryBuilderImpl.java:457)
	at org.hibernate.jpa.boot.internal.EntityManagerFactoryBuilderImpl.build(EntityManagerFactoryBuilderImpl.java:1506)
	at org.hibernate.jpa.HibernatePersistenceProvider.createEntityManagerFactory(HibernatePersistenceProvider.java:55)
	at jakarta.persistence.Persistence.createEntityManagerFactory(Persistence.java:80)
	at org.frcpm.config.DatabaseConfig.initialize(DatabaseConfig.java:114)
	at org.frcpm.config.DatabaseConfig.initialize(DatabaseConfig.java:28)
	at org.frcpm.repositories.AttendanceRepositoryTest.setUp(AttendanceRepositoryTest.java:40)
	at java.base/jdk.internal.reflect.DirectMethodHandleAccessor.invoke(DirectMethodHandleAccessor.java:103)
	at java.base/java.lang.reflect.Method.invoke(Method.java:580)
	at org.junit.platform.commons.util.ReflectionUtils.invokeMethod(ReflectionUtils.java:728)
	at org.junit.jupiter.engine.execution.MethodInvocation.proceed(MethodInvocation.java:60)
	at org.junit.jupiter.engine.execution.InvocationInterceptorChain$ValidatingInvocation.proceed(InvocationInterceptorChain.java:131)
	at org.junit.jupiter.engine.extension.TimeoutExtension.intercept(TimeoutExtension.java:156)
	at org.junit.jupiter.engine.extension.TimeoutExtension.interceptLifecycleMethod(TimeoutExtension.java:128)
	at org.junit.jupiter.engine.extension.TimeoutExtension.interceptBeforeEachMethod(TimeoutExtension.java:78)
	at org.junit.jupiter.engine.execution.InterceptingExecutableInvoker$ReflectiveInterceptorCall.lambda$ofVoidMethod$0(InterceptingExecutableInvoker.java:103)
	at org.junit.jupiter.engine.execution.InterceptingExecutableInvoker.lambda$invoke$0(InterceptingExecutableInvoker.java:93)
	at org.junit.jupiter.engine.execution.InvocationInterceptorChain$InterceptedInvocation.proceed(InvocationInterceptorChain.java:106)
	at org.junit.jupiter.engine.execution.InvocationInterceptorChain.proceed(InvocationInterceptorChain.java:64)
	at org.junit.jupiter.engine.execution.InvocationInterceptorChain.chainAndInvoke(InvocationInterceptorChain.java:45)
	at org.junit.jupiter.engine.execution.InvocationInterceptorChain.invoke(InvocationInterceptorChain.java:37)
	at org.junit.jupiter.engine.execution.InterceptingExecutableInvoker.invoke(InterceptingExecutableInvoker.java:92)
	at org.junit.jupiter.engine.execution.InterceptingExecutableInvoker.invoke(InterceptingExecutableInvoker.java:86)
	at org.junit.jupiter.engine.descriptor.ClassBasedTestDescriptor.invokeMethodInExtensionContext(ClassBasedTestDescriptor.java:521)
	at org.junit.jupiter.engine.descriptor.ClassBasedTestDescriptor.lambda$synthesizeBeforeEachMethodAdapter$23(ClassBasedTestDescriptor.java:506)
	at org.junit.jupiter.engine.descriptor.TestMethodTestDescriptor.lambda$invokeBeforeEachMethods$3(TestMethodTestDescriptor.java:175)
	at org.junit.jupiter.engine.descriptor.TestMethodTestDescriptor.lambda$invokeBeforeMethodsOrCallbacksUntilExceptionOccurs$6(TestMethodTestDescriptor.java:203)
	at org.junit.platform.engine.support.hierarchical.ThrowableCollector.execute(ThrowableCollector.java:73)
	at org.junit.jupiter.engine.descriptor.TestMethodTestDescriptor.invokeBeforeMethodsOrCallbacksUntilExceptionOccurs(TestMethodTestDescriptor.java:203)
	at org.junit.jupiter.engine.descriptor.TestMethodTestDescriptor.invokeBeforeEachMethods(TestMethodTestDescriptor.java:172)
	at org.junit.jupiter.engine.descriptor.TestMethodTestDescriptor.execute(TestMethodTestDescriptor.java:135)
	at org.junit.jupiter.engine.descriptor.TestMethodTestDescriptor.execute(TestMethodTestDescriptor.java:69)
	at org.junit.platform.engine.support.hierarchical.NodeTestTask.lambda$executeRecursively$6(NodeTestTask.java:151)
	at org.junit.platform.engine.support.hierarchical.ThrowableCollector.execute(ThrowableCollector.java:73)
	at org.junit.platform.engine.support.hierarchical.NodeTestTask.lambda$executeRecursively$8(NodeTestTask.java:141)
	at org.junit.platform.engine.support.hierarchical.Node.around(Node.java:137)
	at org.junit.platform.engine.support.hierarchical.NodeTestTask.lambda$executeRecursively$9(NodeTestTask.java:139)
	at org.junit.platform.engine.support.hierarchical.ThrowableCollector.execute(ThrowableCollector.java:73)
	at org.junit.platform.engine.support.hierarchical.NodeTestTask.executeRecursively(NodeTestTask.java:138)
	at org.junit.platform.engine.support.hierarchical.NodeTestTask.execute(NodeTestTask.java:95)
	at java.base/java.util.ArrayList.forEach(ArrayList.java:1596)
	at org.junit.platform.engine.support.hierarchical.SameThreadHierarchicalTestExecutorService.invokeAll(SameThreadHierarchicalTestExecutorService.java:41)
	at org.junit.platform.engine.support.hierarchical.NodeTestTask.lambda$executeRecursively$6(NodeTestTask.java:155)
	at org.junit.platform.engine.support.hierarchical.ThrowableCollector.execute(ThrowableCollector.java:73)
	at org.junit.platform.engine.support.hierarchical.NodeTestTask.lambda$executeRecursively$8(NodeTestTask.java:141)
	at org.junit.platform.engine.support.hierarchical.Node.around(Node.java:137)
	at org.junit.platform.engine.support.hierarchical.NodeTestTask.lambda$executeRecursively$9(NodeTestTask.java:139)
	at org.junit.platform.engine.support.hierarchical.ThrowableCollector.execute(ThrowableCollector.java:73)
	at org.junit.platform.engine.support.hierarchical.NodeTestTask.executeRecursively(NodeTestTask.java:138)
	at org.junit.platform.engine.support.hierarchical.NodeTestTask.execute(NodeTestTask.java:95)
	at java.base/java.util.ArrayList.forEach(ArrayList.java:1596)
	at org.junit.platform.engine.support.hierarchical.SameThreadHierarchicalTestExecutorService.invokeAll(SameThreadHierarchicalTestExecutorService.java:41)
	at org.junit.platform.engine.support.hierarchical.NodeTestTask.lambda$executeRecursively$6(NodeTestTask.java:155)
	at org.junit.platform.engine.support.hierarchical.ThrowableCollector.execute(ThrowableCollector.java:73)
	at org.junit.platform.engine.support.hierarchical.NodeTestTask.lambda$executeRecursively$8(NodeTestTask.java:141)
	at org.junit.platform.engine.support.hierarchical.Node.around(Node.java:137)
	at org.junit.platform.engine.support.hierarchical.NodeTestTask.lambda$executeRecursively$9(NodeTestTask.java:139)
	at org.junit.platform.engine.support.hierarchical.ThrowableCollector.execute(ThrowableCollector.java:73)
	at org.junit.platform.engine.support.hierarchical.NodeTestTask.executeRecursively(NodeTestTask.java:138)
	at org.junit.platform.engine.support.hierarchical.NodeTestTask.execute(NodeTestTask.java:95)
	at org.junit.platform.engine.support.hierarchical.SameThreadHierarchicalTestExecutorService.submit(SameThreadHierarchicalTestExecutorService.java:35)
	at org.junit.platform.engine.support.hierarchical.HierarchicalTestExecutor.execute(HierarchicalTestExecutor.java:57)
	at org.junit.platform.engine.support.hierarchical.HierarchicalTestEngine.execute(HierarchicalTestEngine.java:54)
	at org.junit.platform.launcher.core.EngineExecutionOrchestrator.execute(EngineExecutionOrchestrator.java:198)
	at org.junit.platform.launcher.core.EngineExecutionOrchestrator.execute(EngineExecutionOrchestrator.java:169)
	at org.junit.platform.launcher.core.EngineExecutionOrchestrator.execute(EngineExecutionOrchestrator.java:93)
	at org.junit.platform.launcher.core.EngineExecutionOrchestrator.lambda$execute$0(EngineExecutionOrchestrator.java:58)
	at org.junit.platform.launcher.core.EngineExecutionOrchestrator.withInterceptedStreams(EngineExecutionOrchestrator.java:141)
	at org.junit.platform.launcher.core.EngineExecutionOrchestrator.execute(EngineExecutionOrchestrator.java:57)
	at org.junit.platform.launcher.core.DefaultLauncher.execute(DefaultLauncher.java:103)
	at org.junit.platform.launcher.core.DefaultLauncher.execute(DefaultLauncher.java:85)
	at org.junit.platform.launcher.core.DelegatingLauncher.execute(DelegatingLauncher.java:47)
	at org.apache.maven.surefire.junitplatform.LazyLauncher.execute(LazyLauncher.java:56)
	at org.apache.maven.surefire.junitplatform.JUnitPlatformProvider.execute(JUnitPlatformProvider.java:184)
	at org.apache.maven.surefire.junitplatform.JUnitPlatformProvider.invokeAllTests(JUnitPlatformProvider.java:148)
	at org.apache.maven.surefire.junitplatform.JUnitPlatformProvider.invoke(JUnitPlatformProvider.java:122)
	at org.apache.maven.surefire.booter.ForkedBooter.runSuitesInProcess(ForkedBooter.java:385)
	at org.apache.maven.surefire.booter.ForkedBooter.execute(ForkedBooter.java:162)
	at org.apache.maven.surefire.booter.ForkedBooter.run(ForkedBooter.java:507)
	at org.apache.maven.surefire.booter.ForkedBooter.main(ForkedBooter.java:495)
Caused by: java.lang.ClassNotFoundException: jakarta.el.ExpressionFactory
	... 97 common frames omitted
10:24:14.317 [main] DEBUG org.hibernate.validator.messageinterpolation.ResourceBundleMessageInterpolator - Failed to load expression factory via classloader jdk.internal.loader.ClassLoaders$AppClassLoader@70dea4e
java.lang.NoClassDefFoundError: jakarta/el/ExpressionFactory
	at org.hibernate.validator.messageinterpolation.ResourceBundleMessageInterpolator.canLoadExpressionFactory(ResourceBundleMessageInterpolator.java:228)
	at org.hibernate.validator.messageinterpolation.ResourceBundleMessageInterpolator.buildExpressionFactory(ResourceBundleMessageInterpolator.java:186)
	at org.hibernate.validator.messageinterpolation.ResourceBundleMessageInterpolator.<init>(ResourceBundleMessageInterpolator.java:97)
	at org.hibernate.validator.internal.engine.AbstractConfigurationImpl.getDefaultMessageInterpolator(AbstractConfigurationImpl.java:575)
	at org.hibernate.validator.internal.engine.AbstractConfigurationImpl.getDefaultMessageInterpolatorConfiguredWithClassLoader(AbstractConfigurationImpl.java:834)
	at org.hibernate.validator.internal.engine.AbstractConfigurationImpl.getMessageInterpolator(AbstractConfigurationImpl.java:485)
	at org.hibernate.validator.internal.engine.ValidatorFactoryImpl.<init>(ValidatorFactoryImpl.java:157)
	at org.hibernate.validator.HibernateValidator.buildValidatorFactory(HibernateValidator.java:38)
	at org.hibernate.validator.internal.engine.AbstractConfigurationImpl.buildValidatorFactory(AbstractConfigurationImpl.java:453)
	at jakarta.validation.Validation.buildDefaultValidatorFactory(Validation.java:103)
	at org.hibernate.boot.beanvalidation.TypeSafeActivator.getValidatorFactory(TypeSafeActivator.java:482)
	at org.hibernate.boot.beanvalidation.TypeSafeActivator.activate(TypeSafeActivator.java:79)
	at java.base/jdk.internal.reflect.DirectMethodHandleAccessor.invoke(DirectMethodHandleAccessor.java:103)
	at java.base/java.lang.reflect.Method.invoke(Method.java:580)
	at org.hibernate.boot.beanvalidation.BeanValidationIntegrator.integrate(BeanValidationIntegrator.java:139)
	at org.hibernate.internal.SessionFactoryImpl.integrate(SessionFactoryImpl.java:517)
	at org.hibernate.internal.SessionFactoryImpl.<init>(SessionFactoryImpl.java:276)
	at org.hibernate.boot.internal.SessionFactoryBuilderImpl.build(SessionFactoryBuilderImpl.java:457)
	at org.hibernate.jpa.boot.internal.EntityManagerFactoryBuilderImpl.build(EntityManagerFactoryBuilderImpl.java:1506)
	at org.hibernate.jpa.HibernatePersistenceProvider.createEntityManagerFactory(HibernatePersistenceProvider.java:55)
	at jakarta.persistence.Persistence.createEntityManagerFactory(Persistence.java:80)
	at org.frcpm.config.DatabaseConfig.initialize(DatabaseConfig.java:114)
	at org.frcpm.config.DatabaseConfig.initialize(DatabaseConfig.java:28)
	at org.frcpm.repositories.AttendanceRepositoryTest.setUp(AttendanceRepositoryTest.java:40)
	at java.base/jdk.internal.reflect.DirectMethodHandleAccessor.invoke(DirectMethodHandleAccessor.java:103)
	at java.base/java.lang.reflect.Method.invoke(Method.java:580)
	at org.junit.platform.commons.util.ReflectionUtils.invokeMethod(ReflectionUtils.java:728)
	at org.junit.jupiter.engine.execution.MethodInvocation.proceed(MethodInvocation.java:60)
	at org.junit.jupiter.engine.execution.InvocationInterceptorChain$ValidatingInvocation.proceed(InvocationInterceptorChain.java:131)
	at org.junit.jupiter.engine.extension.TimeoutExtension.intercept(TimeoutExtension.java:156)
	at org.junit.jupiter.engine.extension.TimeoutExtension.interceptLifecycleMethod(TimeoutExtension.java:128)
	at org.junit.jupiter.engine.extension.TimeoutExtension.interceptBeforeEachMethod(TimeoutExtension.java:78)
	at org.junit.jupiter.engine.execution.InterceptingExecutableInvoker$ReflectiveInterceptorCall.lambda$ofVoidMethod$0(InterceptingExecutableInvoker.java:103)
	at org.junit.jupiter.engine.execution.InterceptingExecutableInvoker.lambda$invoke$0(InterceptingExecutableInvoker.java:93)
	at org.junit.jupiter.engine.execution.InvocationInterceptorChain$InterceptedInvocation.proceed(InvocationInterceptorChain.java:106)
	at org.junit.jupiter.engine.execution.InvocationInterceptorChain.proceed(InvocationInterceptorChain.java:64)
	at org.junit.jupiter.engine.execution.InvocationInterceptorChain.chainAndInvoke(InvocationInterceptorChain.java:45)
	at org.junit.jupiter.engine.execution.InvocationInterceptorChain.invoke(InvocationInterceptorChain.java:37)
	at org.junit.jupiter.engine.execution.InterceptingExecutableInvoker.invoke(InterceptingExecutableInvoker.java:92)
	at org.junit.jupiter.engine.execution.InterceptingExecutableInvoker.invoke(InterceptingExecutableInvoker.java:86)
	at org.junit.jupiter.engine.descriptor.ClassBasedTestDescriptor.invokeMethodInExtensionContext(ClassBasedTestDescriptor.java:521)
	at org.junit.jupiter.engine.descriptor.ClassBasedTestDescriptor.lambda$synthesizeBeforeEachMethodAdapter$23(ClassBasedTestDescriptor.java:506)
	at org.junit.jupiter.engine.descriptor.TestMethodTestDescriptor.lambda$invokeBeforeEachMethods$3(TestMethodTestDescriptor.java:175)
	at org.junit.jupiter.engine.descriptor.TestMethodTestDescriptor.lambda$invokeBeforeMethodsOrCallbacksUntilExceptionOccurs$6(TestMethodTestDescriptor.java:203)
	at org.junit.platform.engine.support.hierarchical.ThrowableCollector.execute(ThrowableCollector.java:73)
	at org.junit.jupiter.engine.descriptor.TestMethodTestDescriptor.invokeBeforeMethodsOrCallbacksUntilExceptionOccurs(TestMethodTestDescriptor.java:203)
	at org.junit.jupiter.engine.descriptor.TestMethodTestDescriptor.invokeBeforeEachMethods(TestMethodTestDescriptor.java:172)
	at org.junit.jupiter.engine.descriptor.TestMethodTestDescriptor.execute(TestMethodTestDescriptor.java:135)
	at org.junit.jupiter.engine.descriptor.TestMethodTestDescriptor.execute(TestMethodTestDescriptor.java:69)
	at org.junit.platform.engine.support.hierarchical.NodeTestTask.lambda$executeRecursively$6(NodeTestTask.java:151)
	at org.junit.platform.engine.support.hierarchical.ThrowableCollector.execute(ThrowableCollector.java:73)
	at org.junit.platform.engine.support.hierarchical.NodeTestTask.lambda$executeRecursively$8(NodeTestTask.java:141)
	at org.junit.platform.engine.support.hierarchical.Node.around(Node.java:137)
	at org.junit.platform.engine.support.hierarchical.NodeTestTask.lambda$executeRecursively$9(NodeTestTask.java:139)
	at org.junit.platform.engine.support.hierarchical.ThrowableCollector.execute(ThrowableCollector.java:73)
	at org.junit.platform.engine.support.hierarchical.NodeTestTask.executeRecursively(NodeTestTask.java:138)
	at org.junit.platform.engine.support.hierarchical.NodeTestTask.execute(NodeTestTask.java:95)
	at java.base/java.util.ArrayList.forEach(ArrayList.java:1596)
	at org.junit.platform.engine.support.hierarchical.SameThreadHierarchicalTestExecutorService.invokeAll(SameThreadHierarchicalTestExecutorService.java:41)
	at org.junit.platform.engine.support.hierarchical.NodeTestTask.lambda$executeRecursively$6(NodeTestTask.java:155)
	at org.junit.platform.engine.support.hierarchical.ThrowableCollector.execute(ThrowableCollector.java:73)
	at org.junit.platform.engine.support.hierarchical.NodeTestTask.lambda$executeRecursively$8(NodeTestTask.java:141)
	at org.junit.platform.engine.support.hierarchical.Node.around(Node.java:137)
	at org.junit.platform.engine.support.hierarchical.NodeTestTask.lambda$executeRecursively$9(NodeTestTask.java:139)
	at org.junit.platform.engine.support.hierarchical.ThrowableCollector.execute(ThrowableCollector.java:73)
	at org.junit.platform.engine.support.hierarchical.NodeTestTask.executeRecursively(NodeTestTask.java:138)
	at org.junit.platform.engine.support.hierarchical.NodeTestTask.execute(NodeTestTask.java:95)
	at java.base/java.util.ArrayList.forEach(ArrayList.java:1596)
	at org.junit.platform.engine.support.hierarchical.SameThreadHierarchicalTestExecutorService.invokeAll(SameThreadHierarchicalTestExecutorService.java:41)
	at org.junit.platform.engine.support.hierarchical.NodeTestTask.lambda$executeRecursively$6(NodeTestTask.java:155)
	at org.junit.platform.engine.support.hierarchical.ThrowableCollector.execute(ThrowableCollector.java:73)
	at org.junit.platform.engine.support.hierarchical.NodeTestTask.lambda$executeRecursively$8(NodeTestTask.java:141)
	at org.junit.platform.engine.support.hierarchical.Node.around(Node.java:137)
	at org.junit.platform.engine.support.hierarchical.NodeTestTask.lambda$executeRecursively$9(NodeTestTask.java:139)
	at org.junit.platform.engine.support.hierarchical.ThrowableCollector.execute(ThrowableCollector.java:73)
	at org.junit.platform.engine.support.hierarchical.NodeTestTask.executeRecursively(NodeTestTask.java:138)
	at org.junit.platform.engine.support.hierarchical.NodeTestTask.execute(NodeTestTask.java:95)
	at org.junit.platform.engine.support.hierarchical.SameThreadHierarchicalTestExecutorService.submit(SameThreadHierarchicalTestExecutorService.java:35)
	at org.junit.platform.engine.support.hierarchical.HierarchicalTestExecutor.execute(HierarchicalTestExecutor.java:57)
	at org.junit.platform.engine.support.hierarchical.HierarchicalTestEngine.execute(HierarchicalTestEngine.java:54)
	at org.junit.platform.launcher.core.EngineExecutionOrchestrator.execute(EngineExecutionOrchestrator.java:198)
	at org.junit.platform.launcher.core.EngineExecutionOrchestrator.execute(EngineExecutionOrchestrator.java:169)
	at org.junit.platform.launcher.core.EngineExecutionOrchestrator.execute(EngineExecutionOrchestrator.java:93)
	at org.junit.platform.launcher.core.EngineExecutionOrchestrator.lambda$execute$0(EngineExecutionOrchestrator.java:58)
	at org.junit.platform.launcher.core.EngineExecutionOrchestrator.withInterceptedStreams(EngineExecutionOrchestrator.java:141)
	at org.junit.platform.launcher.core.EngineExecutionOrchestrator.execute(EngineExecutionOrchestrator.java:57)
	at org.junit.platform.launcher.core.DefaultLauncher.execute(DefaultLauncher.java:103)
	at org.junit.platform.launcher.core.DefaultLauncher.execute(DefaultLauncher.java:85)
	at org.junit.platform.launcher.core.DelegatingLauncher.execute(DelegatingLauncher.java:47)
	at org.apache.maven.surefire.junitplatform.LazyLauncher.execute(LazyLauncher.java:56)
	at org.apache.maven.surefire.junitplatform.JUnitPlatformProvider.execute(JUnitPlatformProvider.java:184)
	at org.apache.maven.surefire.junitplatform.JUnitPlatformProvider.invokeAllTests(JUnitPlatformProvider.java:148)
	at org.apache.maven.surefire.junitplatform.JUnitPlatformProvider.invoke(JUnitPlatformProvider.java:122)
	at org.apache.maven.surefire.booter.ForkedBooter.runSuitesInProcess(ForkedBooter.java:385)
	at org.apache.maven.surefire.booter.ForkedBooter.execute(ForkedBooter.java:162)
	at org.apache.maven.surefire.booter.ForkedBooter.run(ForkedBooter.java:507)
	at org.apache.maven.surefire.booter.ForkedBooter.main(ForkedBooter.java:495)
Caused by: java.lang.ClassNotFoundException: jakarta.el.ExpressionFactory
	... 97 common frames omitted
10:24:14.317 [main] DEBUG org.hibernate.boot.beanvalidation.TypeSafeActivator - Unable to acquire Bean Validation ValidatorFactory, skipping activation
10:24:14.326 [main] DEBUG org.hibernate.query.sqm.function.SqmFunctionRegistry - Registered SqmFunctionTemplate [NamedSqmFunctionTemplate(max)] under max; prior registration was null
10:24:14.326 [main] DEBUG org.hibernate.query.sqm.function.SqmFunctionRegistry - Registered SqmFunctionTemplate [NamedSqmFunctionTemplate(min)] under min; prior registration was null
10:24:14.326 [main] DEBUG org.hibernate.query.sqm.function.SqmFunctionRegistry - Registered SqmFunctionTemplate [NamedSqmFunctionTemplate(sum)] under sum; prior registration was null
10:24:14.326 [main] DEBUG org.hibernate.query.sqm.function.SqmFunctionRegistry - Registered SqmFunctionTemplate [NamedSqmFunctionTemplate(avg)] under avg; prior registration was null
10:24:14.326 [main] DEBUG org.hibernate.query.sqm.function.SqmFunctionRegistry - Registered SqmFunctionTemplate [org.hibernate.dialect.function.CountFunction@43bf950b] under count; prior registration was null
10:24:14.326 [main] DEBUG org.hibernate.query.sqm.function.SqmFunctionRegistry - Registered SqmFunctionTemplate [org.hibernate.dialect.function.EveryAnyEmulation@72e92db1] under every; prior registration was null
10:24:14.326 [main] DEBUG org.hibernate.query.sqm.function.SqmFunctionRegistry - Registered SqmFunctionTemplate [org.hibernate.dialect.function.EveryAnyEmulation@24e3ffba] under any; prior registration was null
10:24:14.326 [main] DEBUG org.hibernate.query.sqm.function.SqmFunctionRegistry - Registered SqmFunctionTemplate [NamedSqmFunctionTemplate(floor)] under floor; prior registration was null
10:24:14.326 [main] DEBUG org.hibernate.query.sqm.function.SqmFunctionRegistry - Registered SqmFunctionTemplate [NamedSqmFunctionTemplate(ceiling)] under ceiling; prior registration was null
10:24:14.326 [main] DEBUG org.hibernate.query.sqm.function.SqmFunctionRegistry - Registered SqmFunctionTemplate [NamedSqmFunctionTemplate(mod)] under mod; prior registration was null
10:24:14.326 [main] DEBUG org.hibernate.query.sqm.function.SqmFunctionRegistry - Registered SqmFunctionTemplate [NamedSqmFunctionTemplate(abs)] under abs; prior registration was null
10:24:14.326 [main] DEBUG org.hibernate.query.sqm.function.SqmFunctionRegistry - Registered SqmFunctionTemplate [NamedSqmFunctionTemplate(sign)] under sign; prior registration was null
10:24:14.326 [main] DEBUG org.hibernate.query.sqm.function.SqmFunctionRegistry - Registered SqmFunctionTemplate [NamedSqmFunctionTemplate(sqrt)] under sqrt; prior registration was null
10:24:14.326 [main] DEBUG org.hibernate.query.sqm.function.SqmFunctionRegistry - Registered SqmFunctionTemplate [NamedSqmFunctionTemplate(ln)] under ln; prior registration was null
10:24:14.326 [main] DEBUG org.hibernate.query.sqm.function.SqmFunctionRegistry - Registered SqmFunctionTemplate [NamedSqmFunctionTemplate(exp)] under exp; prior registration was null
10:24:14.326 [main] DEBUG org.hibernate.query.sqm.function.SqmFunctionRegistry - Registered SqmFunctionTemplate [NamedSqmFunctionTemplate(power)] under power; prior registration was null
10:24:14.326 [main] DEBUG org.hibernate.query.sqm.function.SqmFunctionRegistry - Registered SqmFunctionTemplate [NamedSqmFunctionTemplate(round)] under round; prior registration was null
10:24:14.326 [main] DEBUG org.hibernate.query.sqm.function.SqmFunctionRegistry - Registered SqmFunctionTemplate [NamedSqmFunctionTemplate(sin)] under sin; prior registration was null
10:24:14.326 [main] DEBUG org.hibernate.query.sqm.function.SqmFunctionRegistry - Registered SqmFunctionTemplate [NamedSqmFunctionTemplate(cos)] under cos; prior registration was null
10:24:14.326 [main] DEBUG org.hibernate.query.sqm.function.SqmFunctionRegistry - Registered SqmFunctionTemplate [NamedSqmFunctionTemplate(tan)] under tan; prior registration was null
10:24:14.326 [main] DEBUG org.hibernate.query.sqm.function.SqmFunctionRegistry - Registered SqmFunctionTemplate [NamedSqmFunctionTemplate(asin)] under asin; prior registration was null
10:24:14.326 [main] DEBUG org.hibernate.query.sqm.function.SqmFunctionRegistry - Registered SqmFunctionTemplate [NamedSqmFunctionTemplate(acos)] under acos; prior registration was null
10:24:14.326 [main] DEBUG org.hibernate.query.sqm.function.SqmFunctionRegistry - Registered SqmFunctionTemplate [NamedSqmFunctionTemplate(atan)] under atan; prior registration was null
10:24:14.326 [main] DEBUG org.hibernate.query.sqm.function.SqmFunctionRegistry - Registered SqmFunctionTemplate [NamedSqmFunctionTemplate(atan2)] under atan2; prior registration was null
10:24:14.326 [main] DEBUG org.hibernate.query.sqm.function.SqmFunctionRegistry - Registered SqmFunctionTemplate [org.hibernate.query.sqm.function.PatternBasedSqmFunctionDescriptor@568decdc] under sinh; prior registration was null
10:24:14.326 [main] DEBUG org.hibernate.query.sqm.function.SqmFunctionRegistry - Registered SqmFunctionTemplate [org.hibernate.query.sqm.function.PatternBasedSqmFunctionDescriptor@69252ccb] under cosh; prior registration was null
10:24:14.327 [main] DEBUG org.hibernate.query.sqm.function.SqmFunctionRegistry - Registered SqmFunctionTemplate [org.hibernate.query.sqm.function.PatternBasedSqmFunctionDescriptor@521a00fb] under tanh; prior registration was null
10:24:14.327 [main] DEBUG org.hibernate.query.sqm.function.SqmFunctionRegistry - Registered SqmFunctionTemplate [org.hibernate.query.sqm.function.PatternBasedSqmFunctionDescriptor@693f2b2d] under pi; prior registration was null
10:24:14.327 [main] DEBUG org.hibernate.query.sqm.function.SqmFunctionRegistry - Registered SqmFunctionTemplate [org.hibernate.query.sqm.function.PatternBasedSqmFunctionDescriptor@506dd1da] under log; prior registration was null
10:24:14.327 [main] DEBUG org.hibernate.query.sqm.function.SqmFunctionRegistry - Registered SqmFunctionTemplate [NamedSqmFunctionTemplate(coalesce)] under coalesce; prior registration was null
10:24:14.327 [main] DEBUG org.hibernate.query.sqm.function.SqmFunctionRegistry - Registered SqmFunctionTemplate [NamedSqmFunctionTemplate(nullif)] under nullif; prior registration was null
10:24:14.327 [main] DEBUG org.hibernate.query.sqm.function.SqmFunctionRegistry - Registered SqmFunctionTemplate [NamedSqmFunctionTemplate(left)] under left; prior registration was null
10:24:14.327 [main] DEBUG org.hibernate.query.sqm.function.SqmFunctionRegistry - Registered SqmFunctionTemplate [NamedSqmFunctionTemplate(right)] under right; prior registration was null
10:24:14.327 [main] DEBUG org.hibernate.query.sqm.function.SqmFunctionRegistry - Registered SqmFunctionTemplate [NamedSqmFunctionTemplate(replace)] under replace; prior registration was null
10:24:14.327 [main] DEBUG org.hibernate.query.sqm.function.SqmFunctionRegistry - Registered SqmFunctionTemplate [NamedSqmFunctionTemplate(concat)] under concat; prior registration was null
10:24:14.327 [main] DEBUG org.hibernate.query.sqm.function.SqmFunctionRegistry - Registered SqmFunctionTemplate [NamedSqmFunctionTemplate(lower)] under lower; prior registration was null
10:24:14.327 [main] DEBUG org.hibernate.query.sqm.function.SqmFunctionRegistry - Registered SqmFunctionTemplate [NamedSqmFunctionTemplate(upper)] under upper; prior registration was null
10:24:14.327 [main] DEBUG org.hibernate.query.sqm.function.SqmFunctionRegistry - Registered SqmFunctionTemplate [NamedSqmFunctionTemplate(substring)] under substring; prior registration was null
10:24:14.327 [main] DEBUG org.hibernate.query.sqm.function.SqmFunctionRegistry - Registered SqmFunctionTemplate [NamedSqmFunctionTemplate(locate)] under locate; prior registration was null
10:24:14.327 [main] DEBUG org.hibernate.query.sqm.function.SqmFunctionRegistry - Registered SqmFunctionTemplate [NamedSqmFunctionTemplate(character_length)] under character_length; prior registration was null
10:24:14.327 [main] DEBUG org.hibernate.query.sqm.function.SqmFunctionRegistry - Registering alternate key : length -> character_length
10:24:14.327 [main] DEBUG org.hibernate.query.sqm.function.SqmFunctionRegistry - Registered SqmFunctionTemplate [org.hibernate.dialect.function.LocatePositionEmulation@106eec68] under position; prior registration was null
10:24:14.327 [main] DEBUG org.hibernate.query.sqm.function.SqmFunctionRegistry - Registered SqmFunctionTemplate [org.hibernate.dialect.function.InsertSubstringOverlayEmulation@12712b46] under overlay; prior registration was null
10:24:14.327 [main] DEBUG org.hibernate.query.sqm.function.SqmFunctionRegistry - Registered SqmFunctionTemplate [org.hibernate.dialect.function.TrimFunction@2070c66] under trim; prior registration was null
10:24:14.327 [main] DEBUG org.hibernate.query.sqm.function.SqmFunctionRegistry - Registered SqmFunctionTemplate [org.hibernate.dialect.function.CastFunction@3cdaeefd] under cast; prior registration was null
10:24:14.327 [main] DEBUG org.hibernate.query.sqm.function.SqmFunctionRegistry - Registered SqmFunctionTemplate [org.hibernate.query.sqm.function.PatternBasedSqmFunctionDescriptor@5bb048a2] under collate; prior registration was null
10:24:14.327 [main] DEBUG org.hibernate.query.sqm.function.SqmFunctionRegistry - Registered SqmFunctionTemplate [org.hibernate.dialect.function.ExtractFunction@40007389] under extract; prior registration was null
10:24:14.327 [main] DEBUG org.hibernate.query.sqm.function.SqmFunctionRegistry - Registered SqmFunctionTemplate [NamedSqmFunctionTemplate(least)] under least; prior registration was null
10:24:14.327 [main] DEBUG org.hibernate.query.sqm.function.SqmFunctionRegistry - Registered SqmFunctionTemplate [NamedSqmFunctionTemplate(greatest)] under greatest; prior registration was null
10:24:14.327 [main] DEBUG org.hibernate.query.sqm.function.SqmFunctionRegistry - Registered SqmFunctionTemplate [org.hibernate.dialect.function.CoalesceIfnullEmulation@7a5e33d3] under ifnull; prior registration was null
10:24:14.327 [main] DEBUG org.hibernate.query.sqm.function.SqmFunctionRegistry - Registered SqmFunctionTemplate [NamedSqmFunctionTemplate(lpad)] under lpad; prior registration was null
10:24:14.327 [main] DEBUG org.hibernate.query.sqm.function.SqmFunctionRegistry - Registered SqmFunctionTemplate [NamedSqmFunctionTemplate(rpad)] under rpad; prior registration was null
10:24:14.327 [main] DEBUG org.hibernate.query.sqm.function.SqmFunctionRegistry - Registered SqmFunctionTemplate [org.hibernate.dialect.function.LpadRpadPadEmulation@11188763] under pad; prior registration was null
10:24:14.327 [main] DEBUG org.hibernate.query.sqm.function.SqmFunctionRegistry - Registered SqmFunctionTemplate [org.hibernate.dialect.function.CastStrEmulation@483428ba] under str; prior registration was null
10:24:14.327 [main] DEBUG org.hibernate.query.sqm.function.SqmFunctionRegistry - Registered SqmFunctionTemplate [org.hibernate.dialect.function.FormatFunction@b6b960e] under format; prior registration was null
10:24:14.327 [main] DEBUG org.hibernate.query.sqm.function.SqmFunctionRegistry - Registered SqmFunctionTemplate [org.hibernate.dialect.function.TimestampaddFunction@a0fc1b] under timestampadd; prior registration was null
10:24:14.327 [main] DEBUG org.hibernate.query.sqm.function.SqmFunctionRegistry - Registered SqmFunctionTemplate [org.hibernate.dialect.function.TimestampdiffFunction@555640f3] under timestampdiff; prior registration was null
10:24:14.327 [main] DEBUG org.hibernate.query.sqm.function.SqmFunctionRegistry - Registering alternate key : dateadd -> timestampadd
10:24:14.327 [main] DEBUG org.hibernate.query.sqm.function.SqmFunctionRegistry - Registering alternate key : datediff -> timestampdiff
10:24:14.327 [main] DEBUG org.hibernate.query.sqm.function.SqmFunctionRegistry - Registered SqmFunctionTemplate [org.hibernate.dialect.function.CurrentFunction@3c4ed31b] under current_date; prior registration was null
10:24:14.327 [main] DEBUG org.hibernate.query.sqm.function.SqmFunctionRegistry - Registered SqmFunctionTemplate [org.hibernate.dialect.function.CurrentFunction@6bc2f97a] under current_time; prior registration was null
10:24:14.327 [main] DEBUG org.hibernate.query.sqm.function.SqmFunctionRegistry - Registered SqmFunctionTemplate [org.hibernate.dialect.function.CurrentFunction@6c85803d] under current_timestamp; prior registration was null
10:24:14.327 [main] DEBUG org.hibernate.query.sqm.function.SqmFunctionRegistry - Registering alternate key : current date -> current_date
10:24:14.327 [main] DEBUG org.hibernate.query.sqm.function.SqmFunctionRegistry - Registering alternate key : current time -> current_time
10:24:14.327 [main] DEBUG org.hibernate.query.sqm.function.SqmFunctionRegistry - Registering alternate key : current timestamp -> current_timestamp
10:24:14.327 [main] DEBUG org.hibernate.query.sqm.function.SqmFunctionRegistry - Registered SqmFunctionTemplate [org.hibernate.dialect.function.CurrentFunction@bb31486] under local_date; prior registration was null
10:24:14.327 [main] DEBUG org.hibernate.query.sqm.function.SqmFunctionRegistry - Registered SqmFunctionTemplate [org.hibernate.dialect.function.CurrentFunction@41afd8e0] under local_time; prior registration was null
10:24:14.327 [main] DEBUG org.hibernate.query.sqm.function.SqmFunctionRegistry - Registered SqmFunctionTemplate [org.hibernate.dialect.function.CurrentFunction@3d5af086] under local_datetime; prior registration was null
10:24:14.327 [main] DEBUG org.hibernate.query.sqm.function.SqmFunctionRegistry - Registered SqmFunctionTemplate [org.hibernate.dialect.function.CurrentFunction@7d1e0b78] under offset_datetime; prior registration was null
10:24:14.327 [main] DEBUG org.hibernate.query.sqm.function.SqmFunctionRegistry - Registering alternate key : local date -> local_date
10:24:14.327 [main] DEBUG org.hibernate.query.sqm.function.SqmFunctionRegistry - Registering alternate key : local time -> local_time
10:24:14.327 [main] DEBUG org.hibernate.query.sqm.function.SqmFunctionRegistry - Registering alternate key : local datetime -> local_datetime
10:24:14.327 [main] DEBUG org.hibernate.query.sqm.function.SqmFunctionRegistry - Registering alternate key : offset datetime -> offset_datetime
10:24:14.327 [main] DEBUG org.hibernate.query.sqm.function.SqmFunctionRegistry - Registered SqmFunctionTemplate [org.hibernate.dialect.function.CurrentFunction@6e1a3779] under instant; prior registration was null
10:24:14.327 [main] DEBUG org.hibernate.query.sqm.function.SqmFunctionRegistry - Registering alternate key : current_instant -> instant
10:24:14.327 [main] DEBUG org.hibernate.query.sqm.function.SqmFunctionRegistry - Registered SqmFunctionTemplate [org.hibernate.dialect.function.SqlFunction@514d8a82] under sql; prior registration was null
10:24:14.327 [main] DEBUG org.hibernate.query.sqm.function.SqmFunctionRegistry - Registered SqmFunctionTemplate [NamedSqmFunctionTemplate(max)] under max; prior registration was NamedSqmFunctionTemplate(max)
10:24:14.327 [main] DEBUG org.hibernate.query.sqm.function.SqmFunctionRegistry - Registered SqmFunctionTemplate [NamedSqmFunctionTemplate(min)] under min; prior registration was NamedSqmFunctionTemplate(min)
10:24:14.327 [main] DEBUG org.hibernate.query.sqm.function.SqmFunctionRegistry - Registered SqmFunctionTemplate [NamedSqmFunctionTemplate(sum)] under sum; prior registration was NamedSqmFunctionTemplate(sum)
10:24:14.327 [main] DEBUG org.hibernate.query.sqm.function.SqmFunctionRegistry - Registered SqmFunctionTemplate [NamedSqmFunctionTemplate(avg)] under avg; prior registration was NamedSqmFunctionTemplate(avg)
10:24:14.327 [main] DEBUG org.hibernate.query.sqm.function.SqmFunctionRegistry - Registered SqmFunctionTemplate [org.hibernate.dialect.function.CountFunction@3bf99eed] under count; prior registration was org.hibernate.dialect.function.CountFunction@43bf950b
10:24:14.327 [main] DEBUG org.hibernate.query.sqm.function.SqmFunctionRegistry - Registered SqmFunctionTemplate [org.hibernate.dialect.function.AvgFunction@36311721] under avg; prior registration was NamedSqmFunctionTemplate(avg)
10:24:14.327 [main] DEBUG org.hibernate.query.sqm.function.SqmFunctionRegistry - Registered SqmFunctionTemplate [NamedSqmFunctionTemplate(pi)] under pi; prior registration was org.hibernate.query.sqm.function.PatternBasedSqmFunctionDescriptor@693f2b2d
10:24:14.327 [main] DEBUG org.hibernate.query.sqm.function.SqmFunctionRegistry - Registered SqmFunctionTemplate [NamedSqmFunctionTemplate(cot)] under cot; prior registration was null
10:24:14.327 [main] DEBUG org.hibernate.query.sqm.function.SqmFunctionRegistry - Registered SqmFunctionTemplate [NamedSqmFunctionTemplate(radians)] under radians; prior registration was null
10:24:14.327 [main] DEBUG org.hibernate.query.sqm.function.SqmFunctionRegistry - Registered SqmFunctionTemplate [NamedSqmFunctionTemplate(degrees)] under degrees; prior registration was null
10:24:14.327 [main] DEBUG org.hibernate.query.sqm.function.SqmFunctionRegistry - Registered SqmFunctionTemplate [NamedSqmFunctionTemplate(log10)] under log10; prior registration was null
10:24:14.327 [main] DEBUG org.hibernate.query.sqm.function.SqmFunctionRegistry - Registered SqmFunctionTemplate [org.hibernate.query.sqm.function.PatternBasedSqmFunctionDescriptor@92f5f61] under mod; prior registration was NamedSqmFunctionTemplate(mod)
10:24:14.327 [main] DEBUG org.hibernate.query.sqm.function.SqmFunctionRegistry - Registered SqmFunctionTemplate [NamedSqmFunctionTemplate(rand)] under rand; prior registration was null
10:24:14.327 [main] DEBUG org.hibernate.query.sqm.function.SqmFunctionRegistry - Registered SqmFunctionTemplate [NamedSqmFunctionTemplate(soundex)] under soundex; prior registration was null
10:24:14.327 [main] DEBUG org.hibernate.query.sqm.function.SqmFunctionRegistry - Registered SqmFunctionTemplate [NamedSqmFunctionTemplate(translate)] under translate; prior registration was null
10:24:14.327 [main] DEBUG org.hibernate.query.sqm.function.SqmFunctionRegistry - Registered SqmFunctionTemplate [NamedSqmFunctionTemplate(bitand)] under bitand; prior registration was null
10:24:14.327 [main] DEBUG org.hibernate.query.sqm.function.SqmFunctionRegistry - Registered SqmFunctionTemplate [NamedSqmFunctionTemplate(bitor)] under bitor; prior registration was null
10:24:14.327 [main] DEBUG org.hibernate.query.sqm.function.SqmFunctionRegistry - Registered SqmFunctionTemplate [NamedSqmFunctionTemplate(bitxor)] under bitxor; prior registration was null
10:24:14.327 [main] DEBUG org.hibernate.query.sqm.function.SqmFunctionRegistry - Registered SqmFunctionTemplate [NamedSqmFunctionTemplate(bitnot)] under bitnot; prior registration was null
10:24:14.327 [main] DEBUG org.hibernate.query.sqm.function.SqmFunctionRegistry - Registered SqmFunctionTemplate [NamedSqmFunctionTemplate(bit_and)] under bit_and; prior registration was null
10:24:14.327 [main] DEBUG org.hibernate.query.sqm.function.SqmFunctionRegistry - Registered SqmFunctionTemplate [NamedSqmFunctionTemplate(bit_or)] under bit_or; prior registration was null
10:24:14.327 [main] DEBUG org.hibernate.query.sqm.function.SqmFunctionRegistry - Registered SqmFunctionTemplate [NamedSqmFunctionTemplate(day)] under day; prior registration was null
10:24:14.327 [main] DEBUG org.hibernate.query.sqm.function.SqmFunctionRegistry - Registered SqmFunctionTemplate [NamedSqmFunctionTemplate(month)] under month; prior registration was null
10:24:14.327 [main] DEBUG org.hibernate.query.sqm.function.SqmFunctionRegistry - Registered SqmFunctionTemplate [NamedSqmFunctionTemplate(year)] under year; prior registration was null
10:24:14.327 [main] DEBUG org.hibernate.query.sqm.function.SqmFunctionRegistry - Registered SqmFunctionTemplate [NamedSqmFunctionTemplate(hour)] under hour; prior registration was null
10:24:14.327 [main] DEBUG org.hibernate.query.sqm.function.SqmFunctionRegistry - Registered SqmFunctionTemplate [NamedSqmFunctionTemplate(minute)] under minute; prior registration was null
10:24:14.327 [main] DEBUG org.hibernate.query.sqm.function.SqmFunctionRegistry - Registered SqmFunctionTemplate [NamedSqmFunctionTemplate(second)] under second; prior registration was null
10:24:14.327 [main] DEBUG org.hibernate.query.sqm.function.SqmFunctionRegistry - Registered SqmFunctionTemplate [NamedSqmFunctionTemplate(microsecond)] under microsecond; prior registration was null
10:24:14.327 [main] DEBUG org.hibernate.query.sqm.function.SqmFunctionRegistry - Registered SqmFunctionTemplate [NamedSqmFunctionTemplate(day_of_week)] under day_of_week; prior registration was null
10:24:14.327 [main] DEBUG org.hibernate.query.sqm.function.SqmFunctionRegistry - Registered SqmFunctionTemplate [NamedSqmFunctionTemplate(day_of_month)] under day_of_month; prior registration was null
10:24:14.327 [main] DEBUG org.hibernate.query.sqm.function.SqmFunctionRegistry - Registering alternate key : day -> day_of_month
10:24:14.327 [main] DEBUG org.hibernate.query.sqm.function.SqmFunctionRegistry - Registered SqmFunctionTemplate [NamedSqmFunctionTemplate(day_of_year)] under day_of_year; prior registration was null
10:24:14.327 [main] DEBUG org.hibernate.query.sqm.function.SqmFunctionRegistry - Registered SqmFunctionTemplate [NamedSqmFunctionTemplate(week)] under week; prior registration was null
10:24:14.327 [main] DEBUG org.hibernate.query.sqm.function.SqmFunctionRegistry - Registered SqmFunctionTemplate [NamedSqmFunctionTemplate(quarter)] under quarter; prior registration was null
10:24:14.327 [main] DEBUG org.hibernate.query.sqm.function.SqmFunctionRegistry - Registered SqmFunctionTemplate [NamedSqmFunctionTemplate(monthname)] under monthname; prior registration was null
10:24:14.327 [main] DEBUG org.hibernate.query.sqm.function.SqmFunctionRegistry - Registered SqmFunctionTemplate [NamedSqmFunctionTemplate(dayname)] under dayname; prior registration was null
10:24:14.327 [main] DEBUG org.hibernate.query.sqm.function.SqmFunctionRegistry - Registered SqmFunctionTemplate [NamedSqmFunctionTemplate(localtime)] under localtime; prior registration was null
10:24:14.327 [main] DEBUG org.hibernate.query.sqm.function.SqmFunctionRegistry - Registered SqmFunctionTemplate [NamedSqmFunctionTemplate(localtimestamp)] under localtimestamp; prior registration was null
10:24:14.327 [main] DEBUG org.hibernate.query.sqm.function.SqmFunctionRegistry - Registered SqmFunctionTemplate [NamedSqmFunctionTemplate(localtime)] under local_time; prior registration was org.hibernate.dialect.function.CurrentFunction@41afd8e0
10:24:14.327 [main] DEBUG org.hibernate.query.sqm.function.SqmFunctionRegistry - Registered SqmFunctionTemplate [NamedSqmFunctionTemplate(localtimestamp)] under local_datetime; prior registration was org.hibernate.dialect.function.CurrentFunction@3d5af086
10:24:14.327 [main] DEBUG org.hibernate.query.sqm.function.SqmFunctionRegistry - Registered SqmFunctionTemplate [org.hibernate.dialect.function.TruncFunction@340bdd5c] under trunc; prior registration was null
10:24:14.327 [main] DEBUG org.hibernate.query.sqm.function.SqmFunctionRegistry - Registering alternate key : truncate -> trunc
10:24:14.327 [main] DEBUG org.hibernate.query.sqm.function.SqmFunctionRegistry - Registered SqmFunctionTemplate [org.hibernate.query.sqm.function.PatternBasedSqmFunctionDescriptor@43f223c6] under date_trunc; prior registration was null
10:24:14.327 [main] DEBUG org.hibernate.query.sqm.function.SqmFunctionRegistry - Registered SqmFunctionTemplate [NamedSqmFunctionTemplate(bit_length)] under bit_length; prior registration was null
10:24:14.327 [main] DEBUG org.hibernate.query.sqm.function.SqmFunctionRegistry - Registered SqmFunctionTemplate [NamedSqmFunctionTemplate(octet_length)] under octet_length; prior registration was null
10:24:14.327 [main] DEBUG org.hibernate.query.sqm.function.SqmFunctionRegistry - Registered SqmFunctionTemplate [NamedSqmFunctionTemplate(ascii)] under ascii; prior registration was null
10:24:14.327 [main] DEBUG org.hibernate.query.sqm.function.SqmFunctionRegistry - Registered SqmFunctionTemplate [NamedSqmFunctionTemplate(octet_length)] under octet_length; prior registration was NamedSqmFunctionTemplate(octet_length)
10:24:14.327 [main] DEBUG org.hibernate.query.sqm.function.SqmFunctionRegistry - Registered SqmFunctionTemplate [NamedSqmFunctionTemplate(space)] under space; prior registration was null
10:24:14.327 [main] DEBUG org.hibernate.query.sqm.function.SqmFunctionRegistry - Registered SqmFunctionTemplate [NamedSqmFunctionTemplate(repeat)] under repeat; prior registration was null
10:24:14.327 [main] DEBUG org.hibernate.query.sqm.function.SqmFunctionRegistry - Registered SqmFunctionTemplate [NamedSqmFunctionTemplate(char)] under char; prior registration was null
10:24:14.327 [main] DEBUG org.hibernate.query.sqm.function.SqmFunctionRegistry - Registering alternate key : chr -> char
10:24:14.327 [main] DEBUG org.hibernate.query.sqm.function.SqmFunctionRegistry - Registered SqmFunctionTemplate [NamedSqmFunctionTemplate(instr)] under instr; prior registration was null
10:24:14.327 [main] DEBUG org.hibernate.query.sqm.function.SqmFunctionRegistry - Registered SqmFunctionTemplate [NamedSqmFunctionTemplate(substr)] under substr; prior registration was null
10:24:14.327 [main] DEBUG org.hibernate.query.sqm.function.SqmFunctionRegistry - Registered SqmFunctionTemplate [org.hibernate.query.sqm.function.PatternBasedSqmFunctionDescriptor@7d44ac86] under position; prior registration was org.hibernate.dialect.function.LocatePositionEmulation@106eec68
10:24:14.327 [main] DEBUG org.hibernate.query.sqm.function.SqmFunctionRegistry - Registered SqmFunctionTemplate [NamedSqmFunctionTemplate(ltrim)] under ltrim; prior registration was null
10:24:14.327 [main] DEBUG org.hibernate.query.sqm.function.SqmFunctionRegistry - Registered SqmFunctionTemplate [NamedSqmFunctionTemplate(rtrim)] under rtrim; prior registration was null
10:24:14.327 [main] DEBUG org.hibernate.query.sqm.function.SqmFunctionRegistry - Registered SqmFunctionTemplate [org.hibernate.query.sqm.function.PatternBasedSqmFunctionDescriptor@ee33018] under concat; prior registration was NamedSqmFunctionTemplate(concat)
10:24:14.327 [main] DEBUG org.hibernate.query.sqm.function.SqmFunctionRegistry - Registered SqmFunctionTemplate [NamedSqmFunctionTemplate(curtime)] under curtime; prior registration was null
10:24:14.327 [main] DEBUG org.hibernate.query.sqm.function.SqmFunctionRegistry - Registered SqmFunctionTemplate [NamedSqmFunctionTemplate(curdate)] under curdate; prior registration was null
10:24:14.327 [main] DEBUG org.hibernate.query.sqm.function.SqmFunctionRegistry - Registered SqmFunctionTemplate [NamedSqmFunctionTemplate(now)] under now; prior registration was null
10:24:14.327 [main] DEBUG org.hibernate.query.sqm.function.SqmFunctionRegistry - Registered SqmFunctionTemplate [NamedSqmFunctionTemplate(sysdate)] under sysdate; prior registration was null
10:24:14.327 [main] DEBUG org.hibernate.query.sqm.function.SqmFunctionRegistry - Registered SqmFunctionTemplate [NamedSqmFunctionTemplate(insert)] under insert; prior registration was null
10:24:14.327 [main] DEBUG org.hibernate.query.sqm.function.SqmFunctionRegistry - Registered SqmFunctionTemplate [NamedSqmFunctionTemplate(bool_and)] under bool_and; prior registration was null
10:24:14.327 [main] DEBUG org.hibernate.query.sqm.function.SqmFunctionRegistry - Registering alternate key : every -> bool_and
10:24:14.327 [main] DEBUG org.hibernate.query.sqm.function.SqmFunctionRegistry - Registered SqmFunctionTemplate [NamedSqmFunctionTemplate(bool_or)] under bool_or; prior registration was null
10:24:14.327 [main] DEBUG org.hibernate.query.sqm.function.SqmFunctionRegistry - Registering alternate key : any -> bool_or
10:24:14.327 [main] DEBUG org.hibernate.query.sqm.function.SqmFunctionRegistry - Registered SqmFunctionTemplate [NamedSqmFunctionTemplate(median)] under median; prior registration was null
10:24:14.327 [main] DEBUG org.hibernate.query.sqm.function.SqmFunctionRegistry - Registered SqmFunctionTemplate [NamedSqmFunctionTemplate(stddev_pop)] under stddev_pop; prior registration was null
10:24:14.327 [main] DEBUG org.hibernate.query.sqm.function.SqmFunctionRegistry - Registered SqmFunctionTemplate [NamedSqmFunctionTemplate(stddev_samp)] under stddev_samp; prior registration was null
10:24:14.327 [main] DEBUG org.hibernate.query.sqm.function.SqmFunctionRegistry - Registered SqmFunctionTemplate [NamedSqmFunctionTemplate(var_pop)] under var_pop; prior registration was null
10:24:14.327 [main] DEBUG org.hibernate.query.sqm.function.SqmFunctionRegistry - Registered SqmFunctionTemplate [NamedSqmFunctionTemplate(var_samp)] under var_samp; prior registration was null
10:24:14.327 [main] DEBUG org.hibernate.query.sqm.function.SqmFunctionRegistry - Registered SqmFunctionTemplate [org.hibernate.dialect.function.FormatFunction@6468fda5] under format; prior registration was org.hibernate.dialect.function.FormatFunction@b6b960e
10:24:14.327 [main] DEBUG org.hibernate.query.sqm.function.SqmFunctionRegistry - Registered SqmFunctionTemplate [NamedSqmFunctionTemplate(rownum)] under rownum; prior registration was null
10:24:14.327 [main] DEBUG org.hibernate.query.sqm.function.SqmFunctionRegistry - Registered SqmFunctionTemplate [NamedSqmFunctionTemplate(row_number)] under row_number; prior registration was null
10:24:14.327 [main] DEBUG org.hibernate.query.sqm.function.SqmFunctionRegistry - Registered SqmFunctionTemplate [NamedSqmFunctionTemplate(lag)] under lag; prior registration was null
10:24:14.327 [main] DEBUG org.hibernate.query.sqm.function.SqmFunctionRegistry - Registered SqmFunctionTemplate [NamedSqmFunctionTemplate(lead)] under lead; prior registration was null
10:24:14.327 [main] DEBUG org.hibernate.query.sqm.function.SqmFunctionRegistry - Registered SqmFunctionTemplate [NamedSqmFunctionTemplate(first_value)] under first_value; prior registration was null
10:24:14.327 [main] DEBUG org.hibernate.query.sqm.function.SqmFunctionRegistry - Registered SqmFunctionTemplate [NamedSqmFunctionTemplate(last_value)] under last_value; prior registration was null
10:24:14.327 [main] DEBUG org.hibernate.query.sqm.function.SqmFunctionRegistry - Registered SqmFunctionTemplate [NamedSqmFunctionTemplate(nth_value)] under nth_value; prior registration was null
10:24:14.327 [main] DEBUG org.hibernate.query.sqm.function.SqmFunctionRegistry - Registered SqmFunctionTemplate [org.hibernate.dialect.function.ListaggFunction@36d61efd] under listagg; prior registration was null
10:24:14.327 [main] DEBUG org.hibernate.query.sqm.function.SqmFunctionRegistry - Registered SqmFunctionTemplate [org.hibernate.dialect.function.InverseDistributionFunction@6e2eb43d] under mode; prior registration was null
10:24:14.327 [main] DEBUG org.hibernate.query.sqm.function.SqmFunctionRegistry - Registered SqmFunctionTemplate [org.hibernate.dialect.function.InverseDistributionFunction@79da2a10] under percentile_cont; prior registration was null
10:24:14.327 [main] DEBUG org.hibernate.query.sqm.function.SqmFunctionRegistry - Registered SqmFunctionTemplate [org.hibernate.dialect.function.InverseDistributionFunction@5afc655b] under percentile_disc; prior registration was null
10:24:14.327 [main] DEBUG org.hibernate.query.sqm.function.SqmFunctionRegistry - Registered SqmFunctionTemplate [org.hibernate.dialect.function.HypotheticalSetFunction@5cdbb90f] under rank; prior registration was null
10:24:14.327 [main] DEBUG org.hibernate.query.sqm.function.SqmFunctionRegistry - Registered SqmFunctionTemplate [org.hibernate.dialect.function.HypotheticalSetFunction@474f61f5] under dense_rank; prior registration was null
10:24:14.327 [main] DEBUG org.hibernate.query.sqm.function.SqmFunctionRegistry - Registered SqmFunctionTemplate [org.hibernate.dialect.function.HypotheticalSetFunction@6fed49a6] under percent_rank; prior registration was null
10:24:14.327 [main] DEBUG org.hibernate.query.sqm.function.SqmFunctionRegistry - Registered SqmFunctionTemplate [org.hibernate.dialect.function.HypotheticalSetFunction@56822fbd] under cume_dist; prior registration was null
10:24:14.327 [main] DEBUG org.hibernate.query.sqm.function.SqmFunctionRegistry - Registered SqmFunctionTemplate [org.hibernate.dialect.function.array.ArrayConstructorFunction@5710e7a3] under array; prior registration was null
10:24:14.327 [main] DEBUG org.hibernate.query.sqm.function.SqmFunctionRegistry - Registered SqmFunctionTemplate [org.hibernate.dialect.function.array.ArrayConstructorFunction@6b6c647d] under array_list; prior registration was null
10:24:14.327 [main] DEBUG org.hibernate.query.sqm.function.SqmFunctionRegistry - Registered SqmFunctionTemplate [org.hibernate.dialect.function.array.ArrayAggFunction@6ec9b0cf] under array_agg; prior registration was null
10:24:14.327 [main] DEBUG org.hibernate.query.sqm.function.SqmFunctionRegistry - Registered SqmFunctionTemplate [org.hibernate.dialect.function.array.H2ArrayPositionFunction@29f1856c] under array_position; prior registration was null
10:24:14.327 [main] DEBUG org.hibernate.query.sqm.function.SqmFunctionRegistry - Registered SqmFunctionTemplate [org.hibernate.dialect.function.array.H2ArrayPositionsFunction@714b8ede] under array_positions; prior registration was null
10:24:14.327 [main] DEBUG org.hibernate.query.sqm.function.SqmFunctionRegistry - Registered SqmFunctionTemplate [org.hibernate.dialect.function.array.H2ArrayPositionsFunction@77d8323d] under array_positions_list; prior registration was null
10:24:14.327 [main] DEBUG org.hibernate.query.sqm.function.SqmFunctionRegistry - Registered SqmFunctionTemplate [org.hibernate.query.sqm.function.PatternBasedSqmFunctionDescriptor@6cdf12fa] under array_length; prior registration was null
10:24:14.327 [main] DEBUG org.hibernate.query.sqm.function.SqmFunctionRegistry - Registered SqmFunctionTemplate [org.hibernate.dialect.function.array.ArrayConcatFunction@41cf5cc1] under array_concat; prior registration was null
10:24:14.327 [main] DEBUG org.hibernate.query.sqm.function.SqmFunctionRegistry - Registered SqmFunctionTemplate [org.hibernate.dialect.function.array.ArrayConcatElementFunction@2bbdcb8f] under array_prepend; prior registration was null
10:24:14.327 [main] DEBUG org.hibernate.query.sqm.function.SqmFunctionRegistry - Registered SqmFunctionTemplate [org.hibernate.dialect.function.array.ArrayConcatElementFunction@1d425d1f] under array_append; prior registration was null
10:24:14.327 [main] DEBUG org.hibernate.query.sqm.function.SqmFunctionRegistry - Registered SqmFunctionTemplate [org.hibernate.dialect.function.array.H2ArrayContainsFunction@99ec48f] under array_contains; prior registration was null
10:24:14.327 [main] DEBUG org.hibernate.query.sqm.function.SqmFunctionRegistry - Registered SqmFunctionTemplate [org.hibernate.dialect.function.array.H2ArrayContainsFunction@328cb829] under array_contains_nullable; prior registration was null
10:24:14.327 [main] DEBUG org.hibernate.query.sqm.function.SqmFunctionRegistry - Registered SqmFunctionTemplate [org.hibernate.dialect.function.array.H2ArrayOverlapsFunction@77a8ec44] under array_overlaps; prior registration was null
10:24:14.327 [main] DEBUG org.hibernate.query.sqm.function.SqmFunctionRegistry - Registered SqmFunctionTemplate [org.hibernate.dialect.function.array.H2ArrayOverlapsFunction@788dfd0b] under array_overlaps_nullable; prior registration was null
10:24:14.327 [main] DEBUG org.hibernate.query.sqm.function.SqmFunctionRegistry - Registered SqmFunctionTemplate [org.hibernate.query.sqm.function.PatternBasedSqmFunctionDescriptor@7c8f429] under array_get; prior registration was null
10:24:14.327 [main] DEBUG org.hibernate.query.sqm.function.SqmFunctionRegistry - Registered SqmFunctionTemplate [org.hibernate.dialect.function.array.H2ArraySetFunction@50d25909] under array_set; prior registration was null
10:24:14.327 [main] DEBUG org.hibernate.query.sqm.function.SqmFunctionRegistry - Registered SqmFunctionTemplate [org.hibernate.dialect.function.array.H2ArrayRemoveFunction@60a8459b] under array_remove; prior registration was null
10:24:14.327 [main] DEBUG org.hibernate.query.sqm.function.SqmFunctionRegistry - Registered SqmFunctionTemplate [org.hibernate.dialect.function.array.H2ArrayRemoveIndexFunction@77da8920] under array_remove_index; prior registration was null
10:24:14.327 [main] DEBUG org.hibernate.query.sqm.function.SqmFunctionRegistry - Registered SqmFunctionTemplate [org.hibernate.query.sqm.function.PatternBasedSqmFunctionDescriptor@3773524e] under array_slice; prior registration was null
10:24:14.327 [main] DEBUG org.hibernate.query.sqm.function.SqmFunctionRegistry - Registered SqmFunctionTemplate [org.hibernate.dialect.function.array.H2ArrayReplaceFunction@752b4fb8] under array_replace; prior registration was null
10:24:14.327 [main] DEBUG org.hibernate.query.sqm.function.SqmFunctionRegistry - Registered SqmFunctionTemplate [org.hibernate.query.sqm.function.PatternBasedSqmFunctionDescriptor@578d481b] under array_trim; prior registration was null
10:24:14.327 [main] DEBUG org.hibernate.query.sqm.function.SqmFunctionRegistry - Registered SqmFunctionTemplate [org.hibernate.dialect.function.array.H2ArrayFillFunction@74bd4843] under array_fill; prior registration was null
10:24:14.327 [main] DEBUG org.hibernate.query.sqm.function.SqmFunctionRegistry - Registered SqmFunctionTemplate [org.hibernate.dialect.function.array.H2ArrayFillFunction@597185b8] under array_fill_list; prior registration was null
10:24:14.327 [main] DEBUG org.hibernate.query.sqm.function.SqmFunctionRegistry - Registered SqmFunctionTemplate [org.hibernate.dialect.function.array.H2ArrayToStringFunction@768857a1] under array_to_string; prior registration was null
10:24:14.328 [main] DEBUG org.hibernate.HQL_FUNCTIONS - abs(NUMERIC arg)
10:24:14.328 [main] DEBUG org.hibernate.HQL_FUNCTIONS - Double acos(NUMERIC arg)
10:24:14.328 [main] DEBUG org.hibernate.HQL_FUNCTIONS - Boolean any(BOOLEAN predicate)
10:24:14.328 [main] DEBUG org.hibernate.HQL_FUNCTIONS - array( ... )
10:24:14.328 [main] DEBUG org.hibernate.HQL_FUNCTIONS - array_agg(arg)
10:24:14.328 [main] DEBUG org.hibernate.HQL_FUNCTIONS - array_append( ... )
10:24:14.328 [main] DEBUG org.hibernate.HQL_FUNCTIONS - array_concat( ... )
10:24:14.328 [main] DEBUG org.hibernate.HQL_FUNCTIONS - Boolean array_contains(ARRAY haystackArray, OBJECT needleElementOrArray)
10:24:14.328 [main] DEBUG org.hibernate.HQL_FUNCTIONS - Boolean array_contains_nullable(ARRAY haystackArray, OBJECT needleElementOrArray)
10:24:14.328 [main] DEBUG org.hibernate.HQL_FUNCTIONS - array_fill(OBJECT element, INTEGER elementCount)
10:24:14.328 [main] DEBUG org.hibernate.HQL_FUNCTIONS - array_fill_list(OBJECT element, INTEGER elementCount)
10:24:14.328 [main] DEBUG org.hibernate.HQL_FUNCTIONS - array_get(ARRAY array, INTEGER index)
10:24:14.328 [main] DEBUG org.hibernate.HQL_FUNCTIONS - Integer array_length(ARRAY array)
10:24:14.328 [main] DEBUG org.hibernate.HQL_FUNCTIONS - array_list( ... )
10:24:14.328 [main] DEBUG org.hibernate.HQL_FUNCTIONS - Boolean array_overlaps(ARRAY array0, OBJECT array1)
10:24:14.328 [main] DEBUG org.hibernate.HQL_FUNCTIONS - Boolean array_overlaps_nullable(ARRAY array0, OBJECT array1)
10:24:14.328 [main] DEBUG org.hibernate.HQL_FUNCTIONS - Integer array_position(ARRAY array, OBJECT element[, INTEGER startPosition])
10:24:14.328 [main] DEBUG org.hibernate.HQL_FUNCTIONS - int[] array_positions(ARRAY array, OBJECT element)
10:24:14.328 [main] DEBUG org.hibernate.HQL_FUNCTIONS - List array_positions_list(ARRAY array, OBJECT element)
10:24:14.328 [main] DEBUG org.hibernate.HQL_FUNCTIONS - array_prepend( ... )
10:24:14.328 [main] DEBUG org.hibernate.HQL_FUNCTIONS - array_remove( ... )
10:24:14.328 [main] DEBUG org.hibernate.HQL_FUNCTIONS - array_remove_index( ... )
10:24:14.328 [main] DEBUG org.hibernate.HQL_FUNCTIONS - array_replace( ... )
10:24:14.328 [main] DEBUG org.hibernate.HQL_FUNCTIONS - array_set( ... )
10:24:14.328 [main] DEBUG org.hibernate.HQL_FUNCTIONS - array_slice(ARRAY array, INTEGER start, INTEGER end)
10:24:14.328 [main] DEBUG org.hibernate.HQL_FUNCTIONS - String array_to_string( ... )
10:24:14.328 [main] DEBUG org.hibernate.HQL_FUNCTIONS - array_trim(ARRAY array, INTEGER elementsToRemove)
10:24:14.328 [main] DEBUG org.hibernate.HQL_FUNCTIONS - Integer ascii(STRING arg)
10:24:14.328 [main] DEBUG org.hibernate.HQL_FUNCTIONS - Double asin(NUMERIC arg)
10:24:14.328 [main] DEBUG org.hibernate.HQL_FUNCTIONS - Double atan(NUMERIC arg)
10:24:14.328 [main] DEBUG org.hibernate.HQL_FUNCTIONS - Double atan2(NUMERIC arg0, NUMERIC arg1)
10:24:14.328 [main] DEBUG org.hibernate.HQL_FUNCTIONS - avg(NUMERIC arg)
10:24:14.328 [main] DEBUG org.hibernate.HQL_FUNCTIONS - bit_and(arg)
10:24:14.328 [main] DEBUG org.hibernate.HQL_FUNCTIONS - Integer bit_length(STRING_OR_CLOB arg)
10:24:14.328 [main] DEBUG org.hibernate.HQL_FUNCTIONS - bit_or(arg)
10:24:14.328 [main] DEBUG org.hibernate.HQL_FUNCTIONS - bitand(arg0, arg1)
10:24:14.328 [main] DEBUG org.hibernate.HQL_FUNCTIONS - bitnot(arg)
10:24:14.328 [main] DEBUG org.hibernate.HQL_FUNCTIONS - bitor(arg0, arg1)
10:24:14.328 [main] DEBUG org.hibernate.HQL_FUNCTIONS - bitxor(arg0, arg1)
10:24:14.328 [main] DEBUG org.hibernate.HQL_FUNCTIONS - Boolean bool_and(BOOLEAN predicate)
10:24:14.328 [main] DEBUG org.hibernate.HQL_FUNCTIONS - Boolean bool_or(BOOLEAN predicate)
10:24:14.328 [main] DEBUG org.hibernate.HQL_FUNCTIONS - cast(arg as Type)
10:24:14.328 [main] DEBUG org.hibernate.HQL_FUNCTIONS - ceiling(NUMERIC arg)
10:24:14.328 [main] DEBUG org.hibernate.HQL_FUNCTIONS - Character char(INTEGER arg)
10:24:14.328 [main] DEBUG org.hibernate.HQL_FUNCTIONS - Integer character_length(STRING_OR_CLOB arg)
10:24:14.328 [main] DEBUG org.hibernate.HQL_FUNCTIONS - Character chr(INTEGER arg)
10:24:14.328 [main] DEBUG org.hibernate.HQL_FUNCTIONS - coalesce(arg0[, arg1[, ...]])
10:24:14.328 [main] DEBUG org.hibernate.HQL_FUNCTIONS - String collate(STRING string as COLLATION collation)
10:24:14.328 [main] DEBUG org.hibernate.HQL_FUNCTIONS - String concat(STRING string0[, STRING string1[, ...]])
10:24:14.328 [main] DEBUG org.hibernate.HQL_FUNCTIONS - Double cos(NUMERIC arg)
10:24:14.328 [main] DEBUG org.hibernate.HQL_FUNCTIONS - Double cosh(NUMERIC arg)
10:24:14.328 [main] DEBUG org.hibernate.HQL_FUNCTIONS - Double cot(NUMERIC arg)
10:24:14.328 [main] DEBUG org.hibernate.HQL_FUNCTIONS - Long count([distinct ]{arg|*})
10:24:14.328 [main] DEBUG org.hibernate.HQL_FUNCTIONS - Double cume_dist([arg0[, ...]])
10:24:14.328 [main] DEBUG org.hibernate.HQL_FUNCTIONS - Date curdate()
10:24:14.328 [main] DEBUG org.hibernate.HQL_FUNCTIONS - Date current date
10:24:14.328 [main] DEBUG org.hibernate.HQL_FUNCTIONS - Time current time
10:24:14.328 [main] DEBUG org.hibernate.HQL_FUNCTIONS - Timestamp current timestamp
10:24:14.328 [main] DEBUG org.hibernate.HQL_FUNCTIONS - Date current_date
10:24:14.328 [main] DEBUG org.hibernate.HQL_FUNCTIONS - Instant current_instant
10:24:14.328 [main] DEBUG org.hibernate.HQL_FUNCTIONS - Time current_time
10:24:14.328 [main] DEBUG org.hibernate.HQL_FUNCTIONS - Timestamp current_timestamp
10:24:14.328 [main] DEBUG org.hibernate.HQL_FUNCTIONS - Time curtime()
10:24:14.328 [main] DEBUG org.hibernate.HQL_FUNCTIONS - date_trunc(STRING field, TEMPORAL datetime)
10:24:14.328 [main] DEBUG org.hibernate.HQL_FUNCTIONS - dateadd(TEMPORAL_UNIT field, INTEGER magnitude, TEMPORAL datetime)
10:24:14.328 [main] DEBUG org.hibernate.HQL_FUNCTIONS - Long|Double datediff(TEMPORAL_UNIT field, TEMPORAL start, TEMPORAL end)
10:24:14.328 [main] DEBUG org.hibernate.HQL_FUNCTIONS - Integer day(DATE arg)
10:24:14.328 [main] DEBUG org.hibernate.HQL_FUNCTIONS - Integer day_of_month(DATE arg)
10:24:14.328 [main] DEBUG org.hibernate.HQL_FUNCTIONS - Integer day_of_week(DATE arg)
10:24:14.328 [main] DEBUG org.hibernate.HQL_FUNCTIONS - Integer day_of_year(DATE arg)
10:24:14.328 [main] DEBUG org.hibernate.HQL_FUNCTIONS - String dayname(DATE arg)
10:24:14.328 [main] DEBUG org.hibernate.HQL_FUNCTIONS - Double degrees(NUMERIC arg)
10:24:14.328 [main] DEBUG org.hibernate.HQL_FUNCTIONS - Long dense_rank([arg0[, ...]])
10:24:14.328 [main] DEBUG org.hibernate.HQL_FUNCTIONS - Boolean every(BOOLEAN predicate)
10:24:14.328 [main] DEBUG org.hibernate.HQL_FUNCTIONS - Double exp(NUMERIC arg)
10:24:14.328 [main] DEBUG org.hibernate.HQL_FUNCTIONS - extract(TEMPORAL_UNIT field from TEMPORAL arg)
10:24:14.328 [main] DEBUG org.hibernate.HQL_FUNCTIONS - first_valueANY value
10:24:14.328 [main] DEBUG org.hibernate.HQL_FUNCTIONS - floor(NUMERIC arg)
10:24:14.328 [main] DEBUG org.hibernate.HQL_FUNCTIONS - String format(TEMPORAL datetime as STRING pattern)
10:24:14.328 [main] DEBUG org.hibernate.HQL_FUNCTIONS - greatest(COMPARABLE arg0, COMPARABLE arg1[, arg2[, ...]])
10:24:14.328 [main] DEBUG org.hibernate.HQL_FUNCTIONS - Integer hour(TIME arg)
10:24:14.328 [main] DEBUG org.hibernate.HQL_FUNCTIONS - ifnull(arg0, arg1)
10:24:14.328 [main] DEBUG org.hibernate.HQL_FUNCTIONS - String insert(STRING string, INTEGER start, INTEGER length, STRING replacement)
10:24:14.328 [main] DEBUG org.hibernate.HQL_FUNCTIONS - Instant instant
10:24:14.328 [main] DEBUG org.hibernate.HQL_FUNCTIONS - Integer instr(STRING string, STRING pattern[, INTEGER start[, INTEGER occurrence]])
10:24:14.328 [main] DEBUG org.hibernate.HQL_FUNCTIONS - lagANY value[, INTEGER offset[, ANY default]]
10:24:14.328 [main] DEBUG org.hibernate.HQL_FUNCTIONS - last_valueANY value
10:24:14.328 [main] DEBUG org.hibernate.HQL_FUNCTIONS - leadANY value[, INTEGER offset[, ANY default]]
10:24:14.328 [main] DEBUG org.hibernate.HQL_FUNCTIONS - least(COMPARABLE arg0, COMPARABLE arg1[, arg2[, ...]])
10:24:14.328 [main] DEBUG org.hibernate.HQL_FUNCTIONS - String left(STRING string, INTEGER length)
10:24:14.328 [main] DEBUG org.hibernate.HQL_FUNCTIONS - Integer length(STRING_OR_CLOB arg)
10:24:14.328 [main] DEBUG org.hibernate.HQL_FUNCTIONS - String listagg(STRING arg0, STRING arg1)
10:24:14.328 [main] DEBUG org.hibernate.HQL_FUNCTIONS - Double ln(NUMERIC arg)
10:24:14.328 [main] DEBUG org.hibernate.HQL_FUNCTIONS - LocalDate local date
10:24:14.328 [main] DEBUG org.hibernate.HQL_FUNCTIONS - LocalDateTime local datetime
10:24:14.328 [main] DEBUG org.hibernate.HQL_FUNCTIONS - LocalTime local time
10:24:14.328 [main] DEBUG org.hibernate.HQL_FUNCTIONS - LocalDate local_date
10:24:14.328 [main] DEBUG org.hibernate.HQL_FUNCTIONS - LocalDateTime local_datetime
10:24:14.328 [main] DEBUG org.hibernate.HQL_FUNCTIONS - LocalTime local_time
10:24:14.328 [main] DEBUG org.hibernate.HQL_FUNCTIONS - Time localtime
10:24:14.328 [main] DEBUG org.hibernate.HQL_FUNCTIONS - Timestamp localtimestamp
10:24:14.328 [main] DEBUG org.hibernate.HQL_FUNCTIONS - Integer locate(STRING pattern, STRING string[, INTEGER start])
10:24:14.328 [main] DEBUG org.hibernate.HQL_FUNCTIONS - Double log(NUMERIC base, NUMERIC arg)
10:24:14.328 [main] DEBUG org.hibernate.HQL_FUNCTIONS - Double log10(NUMERIC arg)
10:24:14.328 [main] DEBUG org.hibernate.HQL_FUNCTIONS - String lower(STRING string)
10:24:14.328 [main] DEBUG org.hibernate.HQL_FUNCTIONS - String lpad(STRING string, INTEGER length[, STRING padding])
10:24:14.328 [main] DEBUG org.hibernate.HQL_FUNCTIONS - String ltrim(STRING string)
10:24:14.328 [main] DEBUG org.hibernate.HQL_FUNCTIONS - max(COMPARABLE arg)
10:24:14.328 [main] DEBUG org.hibernate.HQL_FUNCTIONS - Double median(NUMERIC arg)
10:24:14.328 [main] DEBUG org.hibernate.HQL_FUNCTIONS - Integer microsecond(TIME arg)
10:24:14.328 [main] DEBUG org.hibernate.HQL_FUNCTIONS - min(COMPARABLE arg)
10:24:14.328 [main] DEBUG org.hibernate.HQL_FUNCTIONS - Integer minute(TIME arg)
10:24:14.328 [main] DEBUG org.hibernate.HQL_FUNCTIONS - Integer mod(INTEGER arg0, INTEGER arg1)
10:24:14.328 [main] DEBUG org.hibernate.HQL_FUNCTIONS - mode()
10:24:14.328 [main] DEBUG org.hibernate.HQL_FUNCTIONS - Integer month(DATE arg)
10:24:14.328 [main] DEBUG org.hibernate.HQL_FUNCTIONS - String monthname(DATE arg)
10:24:14.328 [main] DEBUG org.hibernate.HQL_FUNCTIONS - Timestamp now()
10:24:14.328 [main] DEBUG org.hibernate.HQL_FUNCTIONS - nth_valueANY value, INTEGER nth
10:24:14.328 [main] DEBUG org.hibernate.HQL_FUNCTIONS - nullif(arg0, arg1)
10:24:14.328 [main] DEBUG org.hibernate.HQL_FUNCTIONS - Integer octet_length(STRING_OR_CLOB arg)
10:24:14.328 [main] DEBUG org.hibernate.HQL_FUNCTIONS - OffsetDateTime offset datetime
10:24:14.328 [main] DEBUG org.hibernate.HQL_FUNCTIONS - OffsetDateTime offset_datetime
10:24:14.328 [main] DEBUG org.hibernate.HQL_FUNCTIONS - String overlay(STRING string placing STRING replacement from INTEGER start[ for INTEGER length])
10:24:14.328 [main] DEBUG org.hibernate.HQL_FUNCTIONS - String pad(STRING string with INTEGER length {leading|trailing}[ STRING character])
10:24:14.328 [main] DEBUG org.hibernate.HQL_FUNCTIONS - Double percent_rank([arg0[, ...]])
10:24:14.328 [main] DEBUG org.hibernate.HQL_FUNCTIONS - percentile_cont(NUMERIC arg)
10:24:14.328 [main] DEBUG org.hibernate.HQL_FUNCTIONS - percentile_disc(NUMERIC arg)
10:24:14.328 [main] DEBUG org.hibernate.HQL_FUNCTIONS - Double pi
10:24:14.328 [main] DEBUG org.hibernate.HQL_FUNCTIONS - Integer position(STRING pattern in STRING string)
10:24:14.328 [main] DEBUG org.hibernate.HQL_FUNCTIONS - Double power(NUMERIC arg0, NUMERIC arg1)
10:24:14.328 [main] DEBUG org.hibernate.HQL_FUNCTIONS - Integer quarter(DATE arg)
10:24:14.328 [main] DEBUG org.hibernate.HQL_FUNCTIONS - Double radians(NUMERIC arg)
10:24:14.328 [main] DEBUG org.hibernate.HQL_FUNCTIONS - Double rand([INTEGER seed])
10:24:14.328 [main] DEBUG org.hibernate.HQL_FUNCTIONS - Long rank([arg0[, ...]])
10:24:14.328 [main] DEBUG org.hibernate.HQL_FUNCTIONS - String repeat(STRING string, INTEGER times)
10:24:14.328 [main] DEBUG org.hibernate.HQL_FUNCTIONS - String replace(STRING string, STRING pattern, STRING replacement)
10:24:14.328 [main] DEBUG org.hibernate.HQL_FUNCTIONS - String right(STRING string, INTEGER length)
10:24:14.328 [main] DEBUG org.hibernate.HQL_FUNCTIONS - round(NUMERIC number[, INTEGER places])
10:24:14.328 [main] DEBUG org.hibernate.HQL_FUNCTIONS - Long row_number()
10:24:14.328 [main] DEBUG org.hibernate.HQL_FUNCTIONS - Long rownum()
10:24:14.328 [main] DEBUG org.hibernate.HQL_FUNCTIONS - String rpad(STRING string, INTEGER length[, STRING padding])
10:24:14.328 [main] DEBUG org.hibernate.HQL_FUNCTIONS - String rtrim(STRING string)
10:24:14.328 [main] DEBUG org.hibernate.HQL_FUNCTIONS - Integer second(TIME arg)
10:24:14.328 [main] DEBUG org.hibernate.HQL_FUNCTIONS - Integer sign(NUMERIC arg)
10:24:14.328 [main] DEBUG org.hibernate.HQL_FUNCTIONS - Double sin(NUMERIC arg)
10:24:14.328 [main] DEBUG org.hibernate.HQL_FUNCTIONS - Double sinh(NUMERIC arg)
10:24:14.328 [main] DEBUG org.hibernate.HQL_FUNCTIONS - String soundex(arg)
10:24:14.328 [main] DEBUG org.hibernate.HQL_FUNCTIONS - String space(INTEGER arg)
10:24:14.328 [main] DEBUG org.hibernate.HQL_FUNCTIONS - Object sql
10:24:14.328 [main] DEBUG org.hibernate.HQL_FUNCTIONS - Double sqrt(NUMERIC arg)
10:24:14.328 [main] DEBUG org.hibernate.HQL_FUNCTIONS - Double stddev_pop(NUMERIC arg)
10:24:14.328 [main] DEBUG org.hibernate.HQL_FUNCTIONS - Double stddev_samp(NUMERIC arg)
10:24:14.328 [main] DEBUG org.hibernate.HQL_FUNCTIONS - String str(arg)
10:24:14.328 [main] DEBUG org.hibernate.HQL_FUNCTIONS - String substr(STRING string, INTEGER start[, INTEGER length])
10:24:14.328 [main] DEBUG org.hibernate.HQL_FUNCTIONS - String substring(STRING string{ from|,} INTEGER start[{ for|,} INTEGER length])
10:24:14.328 [main] DEBUG org.hibernate.HQL_FUNCTIONS - sum(arg)
10:24:14.328 [main] DEBUG org.hibernate.HQL_FUNCTIONS - Timestamp sysdate
10:24:14.328 [main] DEBUG org.hibernate.HQL_FUNCTIONS - Double tan(NUMERIC arg)
10:24:14.328 [main] DEBUG org.hibernate.HQL_FUNCTIONS - Double tanh(NUMERIC arg)
10:24:14.328 [main] DEBUG org.hibernate.HQL_FUNCTIONS - timestampadd(TEMPORAL_UNIT field, INTEGER magnitude, TEMPORAL datetime)
10:24:14.328 [main] DEBUG org.hibernate.HQL_FUNCTIONS - Long|Double timestampdiff(TEMPORAL_UNIT field, TEMPORAL start, TEMPORAL end)
10:24:14.328 [main] DEBUG org.hibernate.HQL_FUNCTIONS - String translate(STRING arg0, STRING arg1, STRING arg2)
10:24:14.328 [main] DEBUG org.hibernate.HQL_FUNCTIONS - String trim([[{leading|trailing|both} ][STRING arg0 ]from] STRING arg1)
10:24:14.328 [main] DEBUG org.hibernate.HQL_FUNCTIONS - trunc( ... )
10:24:14.328 [main] DEBUG org.hibernate.HQL_FUNCTIONS - truncate( ... )
10:24:14.328 [main] DEBUG org.hibernate.HQL_FUNCTIONS - String upper(STRING string)
10:24:14.328 [main] DEBUG org.hibernate.HQL_FUNCTIONS - Double var_pop(NUMERIC arg)
10:24:14.328 [main] DEBUG org.hibernate.HQL_FUNCTIONS - Double var_samp(NUMERIC arg)
10:24:14.328 [main] DEBUG org.hibernate.HQL_FUNCTIONS - Integer week(DATE arg)
10:24:14.328 [main] DEBUG org.hibernate.HQL_FUNCTIONS - Integer year(DATE arg)
10:24:14.328 [main] DEBUG org.hibernate.orm.query.plan.cache - Starting QueryInterpretationCache(2048)
10:24:14.328 [main] DEBUG org.hibernate.service.internal.SessionFactoryServiceRegistryImpl - EventListenerRegistry access via ServiceRegistry is deprecated.  Use `sessionFactory.getEventEngine().getListenerRegistry()` instead
10:24:14.328 [main] DEBUG org.hibernate.event.internal.EntityCopyObserverFactoryInitiator - Configured EntityCopyObserver strategy: disallow
10:24:14.330 [main] DEBUG org.hibernate.boot.internal.ClassLoaderAccessImpl - Not known whether passed class name [org.frcpm.models.Attendance] is safe
10:24:14.330 [main] DEBUG org.hibernate.boot.internal.ClassLoaderAccessImpl - No temp ClassLoader provided; using live ClassLoader for loading potentially unsafe class : org.frcpm.models.Attendance
10:24:14.338 [main] DEBUG org.hibernate.bytecode.internal.bytebuddy.BytecodeProviderImpl - HHH000513: Unable to create the ReflectionOptimizer for [org.frcpm.models.Attendance]: private accessor [arrivalTime]
10:24:14.339 [main] DEBUG org.hibernate.boot.internal.ClassLoaderAccessImpl - Not known whether passed class name [org.frcpm.models.Meeting] is safe
10:24:14.339 [main] DEBUG org.hibernate.boot.internal.ClassLoaderAccessImpl - No temp ClassLoader provided; using live ClassLoader for loading potentially unsafe class : org.frcpm.models.Meeting
10:24:14.352 [main] DEBUG org.hibernate.bytecode.internal.bytebuddy.BytecodeProviderImpl - HHH000513: Unable to create the ReflectionOptimizer for [org.frcpm.models.Meeting]: private accessor [attendances]
10:24:14.353 [main] DEBUG org.hibernate.boot.internal.ClassLoaderAccessImpl - Not known whether passed class name [org.frcpm.models.Subsystem] is safe
10:24:14.353 [main] DEBUG org.hibernate.boot.internal.ClassLoaderAccessImpl - No temp ClassLoader provided; using live ClassLoader for loading potentially unsafe class : org.frcpm.models.Subsystem
10:24:14.357 [FRC-PM-HikariCP housekeeper] DEBUG com.zaxxer.hikari.pool.HikariPool - FRC-PM-HikariCP - Before cleanup stats (total=1, active=0, idle=1, waiting=0)
10:24:14.357 [FRC-PM-HikariCP housekeeper] DEBUG com.zaxxer.hikari.pool.HikariPool - FRC-PM-HikariCP - After cleanup  stats (total=1, active=0, idle=1, waiting=0)
10:24:14.359 [FRC-PM-HikariCP connection adder] DEBUG com.zaxxer.hikari.pool.HikariPool - FRC-PM-HikariCP - Added connection conn13: url=jdbc:h2:file:C:\Users\dhiebert\.frcpm\frcpm user=SA
10:24:14.361 [main] DEBUG org.hibernate.bytecode.internal.bytebuddy.BytecodeProviderImpl - HHH000513: Unable to create the ReflectionOptimizer for [org.frcpm.models.Subsystem]: private accessor [description]
10:24:14.362 [main] DEBUG org.hibernate.boot.internal.ClassLoaderAccessImpl - Not known whether passed class name [org.frcpm.models.Component] is safe
10:24:14.362 [main] DEBUG org.hibernate.boot.internal.ClassLoaderAccessImpl - No temp ClassLoader provided; using live ClassLoader for loading potentially unsafe class : org.frcpm.models.Component
10:24:14.369 [main] DEBUG org.hibernate.bytecode.internal.bytebuddy.BytecodeProviderImpl - HHH000513: Unable to create the ReflectionOptimizer for [org.frcpm.models.Component]: private accessor [actualDelivery]
10:24:14.370 [main] DEBUG org.hibernate.boot.internal.ClassLoaderAccessImpl - Not known whether passed class name [org.frcpm.models.Milestone] is safe
10:24:14.370 [main] DEBUG org.hibernate.boot.internal.ClassLoaderAccessImpl - No temp ClassLoader provided; using live ClassLoader for loading potentially unsafe class : org.frcpm.models.Milestone
10:24:14.376 [main] DEBUG org.hibernate.bytecode.internal.bytebuddy.BytecodeProviderImpl - HHH000513: Unable to create the ReflectionOptimizer for [org.frcpm.models.Milestone]: private accessor [date]
10:24:14.376 [main] DEBUG org.hibernate.boot.internal.ClassLoaderAccessImpl - Not known whether passed class name [org.frcpm.models.Project] is safe
10:24:14.376 [main] DEBUG org.hibernate.boot.internal.ClassLoaderAccessImpl - No temp ClassLoader provided; using live ClassLoader for loading potentially unsafe class : org.frcpm.models.Project
10:24:14.384 [main] DEBUG org.hibernate.bytecode.internal.bytebuddy.BytecodeProviderImpl - HHH000513: Unable to create the ReflectionOptimizer for [org.frcpm.models.Project]: private accessor [description]
10:24:14.385 [main] DEBUG org.hibernate.boot.internal.ClassLoaderAccessImpl - Not known whether passed class name [org.frcpm.models.Subteam] is safe
10:24:14.386 [main] DEBUG org.hibernate.boot.internal.ClassLoaderAccessImpl - No temp ClassLoader provided; using live ClassLoader for loading potentially unsafe class : org.frcpm.models.Subteam
10:24:14.404 [main] DEBUG org.hibernate.bytecode.internal.bytebuddy.BytecodeProviderImpl - HHH000513: Unable to create the ReflectionOptimizer for [org.frcpm.models.Subteam]: private accessor [colorCode]
10:24:14.405 [main] DEBUG org.hibernate.boot.internal.ClassLoaderAccessImpl - Not known whether passed class name [org.frcpm.models.Task] is safe
10:24:14.405 [main] DEBUG org.hibernate.boot.internal.ClassLoaderAccessImpl - No temp ClassLoader provided; using live ClassLoader for loading potentially unsafe class : org.frcpm.models.Task
10:24:14.405 [FRC-PM-HikariCP connection adder] DEBUG com.zaxxer.hikari.pool.HikariPool - FRC-PM-HikariCP - After adding stats (total=2, active=0, idle=2, waiting=0)
10:24:14.411 [main] DEBUG org.hibernate.bytecode.internal.bytebuddy.BytecodeProviderImpl - HHH000513: Unable to create the ReflectionOptimizer for [org.frcpm.models.Task]: private accessor [actualDurationSeconds]
10:24:14.413 [main] DEBUG org.hibernate.boot.internal.ClassLoaderAccessImpl - Not known whether passed class name [org.frcpm.models.TeamMember] is safe
10:24:14.413 [main] DEBUG org.hibernate.boot.internal.ClassLoaderAccessImpl - No temp ClassLoader provided; using live ClassLoader for loading potentially unsafe class : org.frcpm.models.TeamMember
10:24:14.419 [main] DEBUG org.hibernate.bytecode.internal.bytebuddy.BytecodeProviderImpl - HHH000513: Unable to create the ReflectionOptimizer for [org.frcpm.models.TeamMember]: private accessor [assignedTasks]
10:24:14.421 [main] DEBUG org.hibernate.orm.jdbc.mutation - Skipping collection row updates - org.frcpm.models.Task.assignedTo
10:24:14.421 [main] DEBUG org.hibernate.orm.jdbc.mutation - Skipping collection (re)creation - org.frcpm.models.Subsystem.tasks
10:24:14.421 [main] DEBUG org.hibernate.orm.jdbc.mutation - Skipping collection row deletions - org.frcpm.models.Subsystem.tasks
10:24:14.421 [main] DEBUG org.hibernate.orm.jdbc.mutation - Skipping collection removals - org.frcpm.models.Subsystem.tasks
10:24:14.421 [main] DEBUG org.hibernate.orm.jdbc.mutation - Skipping collection (re)creation - org.frcpm.models.Subteam.members
10:24:14.421 [main] DEBUG org.hibernate.orm.jdbc.mutation - Skipping collection row deletions - org.frcpm.models.Subteam.members
10:24:14.421 [main] DEBUG org.hibernate.orm.jdbc.mutation - Skipping collection removals - org.frcpm.models.Subteam.members
10:24:14.421 [main] DEBUG org.hibernate.orm.jdbc.mutation - Skipping collection (re)creation - org.frcpm.models.TeamMember.attendances
10:24:14.421 [main] DEBUG org.hibernate.orm.jdbc.mutation - Skipping collection row deletions - org.frcpm.models.TeamMember.attendances
10:24:14.421 [main] DEBUG org.hibernate.orm.jdbc.mutation - Skipping collection removals - org.frcpm.models.TeamMember.attendances
10:24:14.421 [main] DEBUG org.hibernate.orm.jdbc.mutation - Skipping collection row updates - org.frcpm.models.Task.requiredComponents
10:24:14.421 [main] DEBUG org.hibernate.orm.jdbc.mutation - Skipping collection (re)creation - org.frcpm.models.Subteam.subsystems
10:24:14.421 [main] DEBUG org.hibernate.orm.jdbc.mutation - Skipping collection row deletions - org.frcpm.models.Subteam.subsystems
10:24:14.421 [main] DEBUG org.hibernate.orm.jdbc.mutation - Skipping collection removals - org.frcpm.models.Subteam.subsystems
10:24:14.421 [main] DEBUG org.hibernate.orm.jdbc.mutation - Skipping collection row updates - org.frcpm.models.Task.preDependencies
10:24:14.421 [main] DEBUG org.hibernate.orm.jdbc.mutation - Skipping collection (re)creation - org.frcpm.models.Project.milestones
10:24:14.421 [main] DEBUG org.hibernate.orm.jdbc.mutation - Skipping collection row deletions - org.frcpm.models.Project.milestones
10:24:14.421 [main] DEBUG org.hibernate.orm.jdbc.mutation - Skipping collection removals - org.frcpm.models.Project.milestones
10:24:14.421 [main] DEBUG org.hibernate.orm.jdbc.mutation - Skipping collection inserts - org.frcpm.models.Component.requiredForTasks
10:24:14.421 [main] DEBUG org.hibernate.orm.jdbc.mutation - Skipping collection row updates - org.frcpm.models.Component.requiredForTasks
10:24:14.421 [main] DEBUG org.hibernate.orm.jdbc.mutation - Skipping collection row deletions - org.frcpm.models.Component.requiredForTasks
10:24:14.421 [main] DEBUG org.hibernate.orm.jdbc.mutation - Skipping collection removals - org.frcpm.models.Component.requiredForTasks
10:24:14.421 [main] DEBUG org.hibernate.orm.jdbc.mutation - Skipping collection (re)creation - org.frcpm.models.Project.meetings
10:24:14.421 [main] DEBUG org.hibernate.orm.jdbc.mutation - Skipping collection row deletions - org.frcpm.models.Project.meetings
10:24:14.421 [main] DEBUG org.hibernate.orm.jdbc.mutation - Skipping collection removals - org.frcpm.models.Project.meetings
10:24:14.421 [main] DEBUG org.hibernate.orm.jdbc.mutation - Skipping collection inserts - org.frcpm.models.TeamMember.assignedTasks
10:24:14.421 [main] DEBUG org.hibernate.orm.jdbc.mutation - Skipping collection row updates - org.frcpm.models.TeamMember.assignedTasks
10:24:14.421 [main] DEBUG org.hibernate.orm.jdbc.mutation - Skipping collection row deletions - org.frcpm.models.TeamMember.assignedTasks
10:24:14.421 [main] DEBUG org.hibernate.orm.jdbc.mutation - Skipping collection removals - org.frcpm.models.TeamMember.assignedTasks
10:24:14.421 [main] DEBUG org.hibernate.orm.jdbc.mutation - Skipping collection (re)creation - org.frcpm.models.Meeting.attendances
10:24:14.421 [main] DEBUG org.hibernate.orm.jdbc.mutation - Skipping collection row deletions - org.frcpm.models.Meeting.attendances
10:24:14.421 [main] DEBUG org.hibernate.orm.jdbc.mutation - Skipping collection removals - org.frcpm.models.Meeting.attendances
10:24:14.422 [main] DEBUG org.hibernate.orm.jdbc.mutation - Skipping collection inserts - org.frcpm.models.Task.postDependencies
10:24:14.422 [main] DEBUG org.hibernate.orm.jdbc.mutation - Skipping collection row updates - org.frcpm.models.Task.postDependencies
10:24:14.422 [main] DEBUG org.hibernate.orm.jdbc.mutation - Skipping collection row deletions - org.frcpm.models.Task.postDependencies
10:24:14.422 [main] DEBUG org.hibernate.orm.jdbc.mutation - Skipping collection removals - org.frcpm.models.Task.postDependencies
10:24:14.422 [main] DEBUG org.hibernate.orm.jdbc.mutation - Skipping collection (re)creation - org.frcpm.models.Project.tasks
10:24:14.422 [main] DEBUG org.hibernate.orm.jdbc.mutation - Skipping collection row deletions - org.frcpm.models.Project.tasks
10:24:14.422 [main] DEBUG org.hibernate.orm.jdbc.mutation - Skipping collection removals - org.frcpm.models.Project.tasks
10:24:14.425 [main] DEBUG org.hibernate.orm.model.mapping.creation - Starting post-init callbacks
10:24:14.426 [main] DEBUG org.hibernate.orm.model.mapping.creation - Starting PostInitCallbackEntry : To-one key - NavigableRole[org.frcpm.models.Attendance.meeting]
10:24:14.426 [main] DEBUG org.hibernate.orm.model.mapping.creation - Starting PostInitCallbackEntry : To-one key - NavigableRole[org.frcpm.models.Attendance.member]
10:24:14.426 [main] DEBUG org.hibernate.orm.model.mapping.creation - Starting PostInitCallbackEntry : Entity(org.frcpm.models.Attendance) `staticFetchableList` generator
10:24:14.426 [main] DEBUG org.hibernate.orm.model.mapping.creation - Starting PostInitCallbackEntry : PluralAttributeMapping( NavigableRole[org.frcpm.models.Meeting.attendances#{element}]) - element descriptor
10:24:14.426 [main] DEBUG org.hibernate.orm.model.mapping.creation - Starting PostInitCallbackEntry : PluralAttributeMapping(org.frcpm.models.Meeting.attendances)#finishInitialization
10:24:14.426 [main] DEBUG org.hibernate.orm.model.mapping.creation - Starting PostInitCallbackEntry : PluralAttributeMapping(org.frcpm.models.Meeting.attendances) - key descriptor
10:24:14.426 [main] DEBUG org.hibernate.orm.model.mapping.creation - Starting PostInitCallbackEntry : To-one key - NavigableRole[org.frcpm.models.Meeting.project]
10:24:14.426 [main] DEBUG org.hibernate.orm.model.mapping.creation - Starting PostInitCallbackEntry : Entity(org.frcpm.models.Meeting) `staticFetchableList` generator
10:24:14.426 [main] DEBUG org.hibernate.orm.model.mapping.creation - Starting PostInitCallbackEntry : To-one key - NavigableRole[org.frcpm.models.Subsystem.responsibleSubteam]
10:24:14.426 [main] DEBUG org.hibernate.orm.model.mapping.creation - Starting PostInitCallbackEntry : PluralAttributeMapping( NavigableRole[org.frcpm.models.Subsystem.tasks#{element}]) - element descriptor
10:24:14.426 [main] DEBUG org.hibernate.orm.model.mapping.creation - Starting PostInitCallbackEntry : PluralAttributeMapping(org.frcpm.models.Subsystem.tasks)#finishInitialization
10:24:14.426 [main] DEBUG org.hibernate.orm.model.mapping.creation - Starting PostInitCallbackEntry : PluralAttributeMapping(org.frcpm.models.Subsystem.tasks) - key descriptor
10:24:14.426 [main] DEBUG org.hibernate.orm.model.mapping.creation - Starting PostInitCallbackEntry : Entity(org.frcpm.models.Subsystem) `staticFetchableList` generator
10:24:14.426 [main] DEBUG org.hibernate.orm.model.mapping.creation - Starting PostInitCallbackEntry : PluralAttributeMapping( NavigableRole[org.frcpm.models.Component.requiredForTasks#{element}]) - element descriptor
10:24:14.426 [main] DEBUG org.hibernate.orm.model.mapping.creation - Starting PostInitCallbackEntry : PluralAttributeMapping(org.frcpm.models.Component.requiredForTasks)#finishInitialization
10:24:14.426 [main] DEBUG org.hibernate.orm.model.mapping.creation - Starting PostInitCallbackEntry : PluralAttributeMapping(org.frcpm.models.Component.requiredForTasks) - key descriptor
10:24:14.426 [main] DEBUG org.hibernate.orm.model.mapping.creation - Starting PostInitCallbackEntry : Entity(org.frcpm.models.Component) `staticFetchableList` generator
10:24:14.426 [main] DEBUG org.hibernate.orm.model.mapping.creation - Starting PostInitCallbackEntry : To-one key - NavigableRole[org.frcpm.models.Milestone.project]
10:24:14.426 [main] DEBUG org.hibernate.orm.model.mapping.creation - Starting PostInitCallbackEntry : Entity(org.frcpm.models.Milestone) `staticFetchableList` generator
10:24:14.426 [main] DEBUG org.hibernate.orm.model.mapping.creation - Starting PostInitCallbackEntry : PluralAttributeMapping( NavigableRole[org.frcpm.models.Project.meetings#{element}]) - element descriptor
10:24:14.426 [main] DEBUG org.hibernate.orm.model.mapping.creation - Starting PostInitCallbackEntry : PluralAttributeMapping(org.frcpm.models.Project.meetings)#finishInitialization
10:24:14.426 [main] DEBUG org.hibernate.orm.model.mapping.creation - Starting PostInitCallbackEntry : PluralAttributeMapping(org.frcpm.models.Project.meetings) - key descriptor
10:24:14.426 [main] DEBUG org.hibernate.orm.model.mapping.creation - Starting PostInitCallbackEntry : PluralAttributeMapping( NavigableRole[org.frcpm.models.Project.milestones#{element}]) - element descriptor
10:24:14.426 [main] DEBUG org.hibernate.orm.model.mapping.creation - Starting PostInitCallbackEntry : PluralAttributeMapping(org.frcpm.models.Project.milestones)#finishInitialization
10:24:14.426 [main] DEBUG org.hibernate.orm.model.mapping.creation - Starting PostInitCallbackEntry : PluralAttributeMapping(org.frcpm.models.Project.milestones) - key descriptor
10:24:14.426 [main] DEBUG org.hibernate.orm.model.mapping.creation - Starting PostInitCallbackEntry : PluralAttributeMapping( NavigableRole[org.frcpm.models.Project.tasks#{element}]) - element descriptor
10:24:14.426 [main] DEBUG org.hibernate.orm.model.mapping.creation - Starting PostInitCallbackEntry : PluralAttributeMapping(org.frcpm.models.Project.tasks)#finishInitialization
10:24:14.426 [main] DEBUG org.hibernate.orm.model.mapping.creation - Starting PostInitCallbackEntry : PluralAttributeMapping(org.frcpm.models.Project.tasks) - key descriptor
10:24:14.426 [main] DEBUG org.hibernate.orm.model.mapping.creation - Starting PostInitCallbackEntry : Entity(org.frcpm.models.Project) `staticFetchableList` generator
10:24:14.426 [main] DEBUG org.hibernate.orm.model.mapping.creation - Starting PostInitCallbackEntry : PluralAttributeMapping( NavigableRole[org.frcpm.models.Subteam.members#{element}]) - element descriptor
10:24:14.426 [main] DEBUG org.hibernate.orm.model.mapping.creation - Starting PostInitCallbackEntry : PluralAttributeMapping(org.frcpm.models.Subteam.members)#finishInitialization
10:24:14.426 [main] DEBUG org.hibernate.orm.model.mapping.creation - Starting PostInitCallbackEntry : PluralAttributeMapping(org.frcpm.models.Subteam.members) - key descriptor
10:24:14.426 [main] DEBUG org.hibernate.orm.model.mapping.creation - Starting PostInitCallbackEntry : PluralAttributeMapping( NavigableRole[org.frcpm.models.Subteam.subsystems#{element}]) - element descriptor
10:24:14.426 [main] DEBUG org.hibernate.orm.model.mapping.creation - Starting PostInitCallbackEntry : PluralAttributeMapping(org.frcpm.models.Subteam.subsystems)#finishInitialization
10:24:14.426 [main] DEBUG org.hibernate.orm.model.mapping.creation - Starting PostInitCallbackEntry : PluralAttributeMapping(org.frcpm.models.Subteam.subsystems) - key descriptor
10:24:14.426 [main] DEBUG org.hibernate.orm.model.mapping.creation - Starting PostInitCallbackEntry : Entity(org.frcpm.models.Subteam) `staticFetchableList` generator
10:24:14.426 [main] DEBUG org.hibernate.orm.model.mapping.creation - Starting PostInitCallbackEntry : PluralAttributeMapping( NavigableRole[org.frcpm.models.Task.assignedTo#{element}]) - element descriptor
10:24:14.426 [main] DEBUG org.hibernate.orm.model.mapping.creation - Starting PostInitCallbackEntry : PluralAttributeMapping(org.frcpm.models.Task.assignedTo)#finishInitialization
10:24:14.426 [main] DEBUG org.hibernate.orm.model.mapping.creation - Starting PostInitCallbackEntry : PluralAttributeMapping(org.frcpm.models.Task.assignedTo) - key descriptor
10:24:14.426 [main] DEBUG org.hibernate.orm.model.mapping.creation - Starting PostInitCallbackEntry : PluralAttributeMapping( NavigableRole[org.frcpm.models.Task.postDependencies#{element}]) - element descriptor
10:24:14.426 [main] DEBUG org.hibernate.orm.model.mapping.creation - Starting PostInitCallbackEntry : PluralAttributeMapping(org.frcpm.models.Task.postDependencies)#finishInitialization
10:24:14.426 [main] DEBUG org.hibernate.orm.model.mapping.creation - Starting PostInitCallbackEntry : PluralAttributeMapping(org.frcpm.models.Task.postDependencies) - key descriptor
10:24:14.426 [main] DEBUG org.hibernate.orm.model.mapping.creation - Starting PostInitCallbackEntry : PluralAttributeMapping( NavigableRole[org.frcpm.models.Task.preDependencies#{element}]) - element descriptor
10:24:14.426 [main] DEBUG org.hibernate.orm.model.mapping.creation - Starting PostInitCallbackEntry : PluralAttributeMapping(org.frcpm.models.Task.preDependencies)#finishInitialization
10:24:14.426 [main] DEBUG org.hibernate.orm.model.mapping.creation - Starting PostInitCallbackEntry : PluralAttributeMapping(org.frcpm.models.Task.preDependencies) - key descriptor
10:24:14.426 [main] DEBUG org.hibernate.orm.model.mapping.creation - Starting PostInitCallbackEntry : To-one key - NavigableRole[org.frcpm.models.Task.project]
10:24:14.426 [main] DEBUG org.hibernate.orm.model.mapping.creation - Starting PostInitCallbackEntry : PluralAttributeMapping( NavigableRole[org.frcpm.models.Task.requiredComponents#{element}]) - element descriptor
10:24:14.426 [main] DEBUG org.hibernate.orm.model.mapping.creation - Starting PostInitCallbackEntry : PluralAttributeMapping(org.frcpm.models.Task.requiredComponents)#finishInitialization
10:24:14.426 [main] DEBUG org.hibernate.orm.model.mapping.creation - Starting PostInitCallbackEntry : PluralAttributeMapping(org.frcpm.models.Task.requiredComponents) - key descriptor
10:24:14.426 [main] DEBUG org.hibernate.orm.model.mapping.creation - Starting PostInitCallbackEntry : To-one key - NavigableRole[org.frcpm.models.Task.subsystem]
10:24:14.426 [main] DEBUG org.hibernate.orm.model.mapping.creation - Starting PostInitCallbackEntry : Entity(org.frcpm.models.Task) `staticFetchableList` generator
10:24:14.426 [main] DEBUG org.hibernate.orm.model.mapping.creation - Starting PostInitCallbackEntry : PluralAttributeMapping( NavigableRole[org.frcpm.models.TeamMember.assignedTasks#{element}]) - element descriptor
10:24:14.426 [main] DEBUG org.hibernate.orm.model.mapping.creation - Starting PostInitCallbackEntry : PluralAttributeMapping(org.frcpm.models.TeamMember.assignedTasks)#finishInitialization
10:24:14.426 [main] DEBUG org.hibernate.orm.model.mapping.creation - Starting PostInitCallbackEntry : PluralAttributeMapping(org.frcpm.models.TeamMember.assignedTasks) - key descriptor
10:24:14.426 [main] DEBUG org.hibernate.orm.model.mapping.creation - Starting PostInitCallbackEntry : PluralAttributeMapping( NavigableRole[org.frcpm.models.TeamMember.attendances#{element}]) - element descriptor
10:24:14.426 [main] DEBUG org.hibernate.orm.model.mapping.creation - Starting PostInitCallbackEntry : PluralAttributeMapping(org.frcpm.models.TeamMember.attendances)#finishInitialization
10:24:14.426 [main] DEBUG org.hibernate.orm.model.mapping.creation - Starting PostInitCallbackEntry : PluralAttributeMapping(org.frcpm.models.TeamMember.attendances) - key descriptor
10:24:14.426 [main] DEBUG org.hibernate.orm.model.mapping.creation - Starting PostInitCallbackEntry : To-one key - NavigableRole[org.frcpm.models.TeamMember.subteam]
10:24:14.426 [main] DEBUG org.hibernate.orm.model.mapping.creation - Starting PostInitCallbackEntry : Entity(org.frcpm.models.TeamMember) `staticFetchableList` generator
10:24:14.426 [main] DEBUG org.hibernate.orm.model.mapping.creation - Starting PostInitCallbackEntry : PluralAttributeMapping( NavigableRole[org.frcpm.models.Meeting.attendances#{element}]) - element descriptor
10:24:14.426 [main] DEBUG org.hibernate.orm.model.mapping.creation - Starting PostInitCallbackEntry : PluralAttributeMapping( NavigableRole[org.frcpm.models.Subsystem.tasks#{element}]) - element descriptor
10:24:14.426 [main] DEBUG org.hibernate.orm.model.mapping.creation - Starting PostInitCallbackEntry : PluralAttributeMapping( NavigableRole[org.frcpm.models.Component.requiredForTasks#{element}]) - element descriptor
10:24:14.426 [main] DEBUG org.hibernate.orm.model.mapping.creation - Starting PostInitCallbackEntry : PluralAttributeMapping( NavigableRole[org.frcpm.models.Project.meetings#{element}]) - element descriptor
10:24:14.426 [main] DEBUG org.hibernate.orm.model.mapping.creation - Starting PostInitCallbackEntry : PluralAttributeMapping( NavigableRole[org.frcpm.models.Project.milestones#{element}]) - element descriptor
10:24:14.426 [main] DEBUG org.hibernate.orm.model.mapping.creation - Starting PostInitCallbackEntry : PluralAttributeMapping( NavigableRole[org.frcpm.models.Project.tasks#{element}]) - element descriptor
10:24:14.426 [main] DEBUG org.hibernate.orm.model.mapping.creation - Starting PostInitCallbackEntry : PluralAttributeMapping( NavigableRole[org.frcpm.models.Subteam.members#{element}]) - element descriptor
10:24:14.426 [main] DEBUG org.hibernate.orm.model.mapping.creation - Starting PostInitCallbackEntry : PluralAttributeMapping( NavigableRole[org.frcpm.models.Subteam.subsystems#{element}]) - element descriptor
10:24:14.426 [main] DEBUG org.hibernate.orm.model.mapping.creation - Starting PostInitCallbackEntry : PluralAttributeMapping( NavigableRole[org.frcpm.models.Task.postDependencies#{element}]) - element descriptor
10:24:14.426 [main] DEBUG org.hibernate.orm.model.mapping.creation - Starting PostInitCallbackEntry : PluralAttributeMapping( NavigableRole[org.frcpm.models.TeamMember.attendances#{element}]) - element descriptor
10:24:14.433 [main] DEBUG org.hibernate.orm.sql.ast.create - Created new SQL alias : a1_0
10:24:14.433 [main] DEBUG org.hibernate.orm.sql.ast.create - Registration of TableGroup [StandardTableGroup(org.frcpm.models.Attendance)] with identifierForTableGroup [org.frcpm.models.Attendance] for NavigablePath [org.frcpm.models.Attendance] 
10:24:14.433 [main] DEBUG org.hibernate.orm.sql.ast.create - Registration of TableGroup [org.hibernate.sql.ast.tree.from.LazyTableGroup@93973df] with identifierForTableGroup [org.frcpm.models.Attendance.meeting] for NavigablePath [org.frcpm.models.Attendance.meeting] 
10:24:14.434 [main] DEBUG org.hibernate.orm.sql.ast.create - Registration of TableGroup [org.hibernate.sql.ast.tree.from.LazyTableGroup@2d781eab] with identifierForTableGroup [org.frcpm.models.Attendance.member] for NavigablePath [org.frcpm.models.Attendance.member] 
10:24:14.434 [main] DEBUG org.hibernate.orm.results.graph.AST - DomainResult Graph:
 \-EntityResultImpl [org.frcpm.models.Attendance]
 |  +-BasicFetch [org.frcpm.models.Attendance.arrivalTime]
 |  +-BasicFetch [org.frcpm.models.Attendance.departureTime]
 |  +-EntityDelayedFetchImpl [org.frcpm.models.Attendance.meeting]
 |  +-EntityDelayedFetchImpl [org.frcpm.models.Attendance.member]
 |  \-BasicFetch [org.frcpm.models.Attendance.present]

10:24:14.434 [main] DEBUG org.hibernate.orm.sql.ast.tree - SQL AST Tree:
    SelectStatement {
      FromClause {
        StandardTableGroup (a1 : org.frcpm.models.Attendance) {
          primaryTableReference : attendances as a1_0
          TableGroupJoins {
            left  join LazyTableGroup (m1 : org.frcpm.models.Attendance.meeting) {
            }
            left  join LazyTableGroup (m2 : org.frcpm.models.Attendance.member) {
            }
          }
        }
      }
    }

10:24:14.434 [main] DEBUG org.hibernate.persister.entity.AbstractEntityPersister - Static SQL for entity: org.frcpm.models.Attendance
10:24:14.434 [main] DEBUG org.hibernate.persister.entity.AbstractEntityPersister -  Version select: select id from attendances where id=?
10:24:14.434 [main] DEBUG org.hibernate.persister.entity.AbstractEntityPersister -  Insert (0): insert into attendances (arrival_time,departure_time,meeting_id,member_id,present,id) values (?,?,?,?,?,default)
10:24:14.434 [main] DEBUG org.hibernate.persister.entity.AbstractEntityPersister -  Update (0): update attendances set arrival_time=?,departure_time=?,meeting_id=?,member_id=?,present=? where id=?
10:24:14.434 [main] DEBUG org.hibernate.persister.entity.AbstractEntityPersister -  Delete (0): delete from attendances where id=?
10:24:14.434 [main] DEBUG org.hibernate.orm.sql.ast.create - Created new SQL alias : m1_0
10:24:14.434 [main] DEBUG org.hibernate.orm.sql.ast.create - Registration of TableGroup [StandardTableGroup(org.frcpm.models.Meeting)] with identifierForTableGroup [org.frcpm.models.Meeting] for NavigablePath [org.frcpm.models.Meeting] 
10:24:14.434 [main] DEBUG org.hibernate.orm.sql.ast.create - Registration of TableGroup [org.hibernate.sql.ast.tree.from.LazyTableGroup@40bb714b] with identifierForTableGroup [org.frcpm.models.Meeting.project] for NavigablePath [org.frcpm.models.Meeting.project] 
10:24:14.434 [main] DEBUG org.hibernate.orm.results.graph.AST - DomainResult Graph:
 \-EntityResultImpl [org.frcpm.models.Meeting]
 |  +-DelayedCollectionFetch [org.frcpm.models.Meeting.attendances]
 |  +-BasicFetch [org.frcpm.models.Meeting.date]
 |  +-BasicFetch [org.frcpm.models.Meeting.endTime]
 |  +-BasicFetch [org.frcpm.models.Meeting.notes]
 |  +-EntityDelayedFetchImpl [org.frcpm.models.Meeting.project]
 |  \-BasicFetch [org.frcpm.models.Meeting.startTime]

10:24:14.434 [main] DEBUG org.hibernate.orm.sql.ast.tree - SQL AST Tree:
    SelectStatement {
      FromClause {
        StandardTableGroup (m1 : org.frcpm.models.Meeting) {
          primaryTableReference : meetings as m1_0
          TableGroupJoins {
            left  join LazyTableGroup (p1 : org.frcpm.models.Meeting.project) {
            }
          }
        }
      }
    }

10:24:14.434 [main] DEBUG org.hibernate.persister.entity.AbstractEntityPersister - Static SQL for entity: org.frcpm.models.Meeting
10:24:14.434 [main] DEBUG org.hibernate.persister.entity.AbstractEntityPersister -  Version select: select id from meetings where id=?
10:24:14.434 [main] DEBUG org.hibernate.persister.entity.AbstractEntityPersister -  Insert (0): insert into meetings (date,end_time,notes,project_id,start_time,id) values (?,?,?,?,?,default)
10:24:14.434 [main] DEBUG org.hibernate.persister.entity.AbstractEntityPersister -  Update (0): update meetings set date=?,end_time=?,notes=?,project_id=?,start_time=? where id=?
10:24:14.434 [main] DEBUG org.hibernate.persister.entity.AbstractEntityPersister -  Delete (0): delete from meetings where id=?
10:24:14.434 [main] DEBUG org.hibernate.orm.sql.ast.create - Created new SQL alias : s1_0
10:24:14.434 [main] DEBUG org.hibernate.orm.sql.ast.create - Registration of TableGroup [StandardTableGroup(org.frcpm.models.Subsystem)] with identifierForTableGroup [org.frcpm.models.Subsystem] for NavigablePath [org.frcpm.models.Subsystem] 
10:24:14.434 [main] DEBUG org.hibernate.orm.sql.ast.create - Registration of TableGroup [org.hibernate.sql.ast.tree.from.LazyTableGroup@3bf216] with identifierForTableGroup [org.frcpm.models.Subsystem.responsibleSubteam] for NavigablePath [org.frcpm.models.Subsystem.responsibleSubteam] 
10:24:14.434 [main] DEBUG org.hibernate.orm.results.graph.AST - DomainResult Graph:
 \-EntityResultImpl [org.frcpm.models.Subsystem]
 |  +-BasicFetch [org.frcpm.models.Subsystem.description]
 |  +-BasicFetch [org.frcpm.models.Subsystem.name]
 |  +-EntityDelayedFetchImpl [org.frcpm.models.Subsystem.responsibleSubteam]
 |  +-BasicFetch [org.frcpm.models.Subsystem.status]
 |  \-DelayedCollectionFetch [org.frcpm.models.Subsystem.tasks]

10:24:14.434 [main] DEBUG org.hibernate.orm.sql.ast.tree - SQL AST Tree:
    SelectStatement {
      FromClause {
        StandardTableGroup (s1 : org.frcpm.models.Subsystem) {
          primaryTableReference : subsystems as s1_0
          TableGroupJoins {
            left  join LazyTableGroup (rs1 : org.frcpm.models.Subsystem.responsibleSubteam) {
            }
          }
        }
      }
    }

10:24:14.434 [main] DEBUG org.hibernate.persister.entity.AbstractEntityPersister - Static SQL for entity: org.frcpm.models.Subsystem
10:24:14.434 [main] DEBUG org.hibernate.persister.entity.AbstractEntityPersister -  Version select: select id from subsystems where id=?
10:24:14.434 [main] DEBUG org.hibernate.persister.entity.AbstractEntityPersister -  Insert (0): insert into subsystems (description,name,responsible_subteam_id,status,id) values (?,?,?,?,default)
10:24:14.434 [main] DEBUG org.hibernate.persister.entity.AbstractEntityPersister -  Update (0): update subsystems set description=?,name=?,responsible_subteam_id=?,status=? where id=?
10:24:14.434 [main] DEBUG org.hibernate.persister.entity.AbstractEntityPersister -  Delete (0): delete from subsystems where id=?
10:24:14.435 [main] DEBUG org.hibernate.orm.sql.ast.create - Created new SQL alias : c1_0
10:24:14.435 [main] DEBUG org.hibernate.orm.sql.ast.create - Registration of TableGroup [StandardTableGroup(org.frcpm.models.Component)] with identifierForTableGroup [org.frcpm.models.Component] for NavigablePath [org.frcpm.models.Component] 
10:24:14.435 [main] DEBUG org.hibernate.orm.results.graph.AST - DomainResult Graph:
 \-EntityResultImpl [org.frcpm.models.Component]
 |  +-BasicFetch [org.frcpm.models.Component.actualDelivery]
 |  +-BasicFetch [org.frcpm.models.Component.delivered]
 |  +-BasicFetch [org.frcpm.models.Component.description]
 |  +-BasicFetch [org.frcpm.models.Component.expectedDelivery]
 |  +-BasicFetch [org.frcpm.models.Component.name]
 |  +-BasicFetch [org.frcpm.models.Component.partNumber]
 |  \-DelayedCollectionFetch [org.frcpm.models.Component.requiredForTasks]

10:24:14.435 [main] DEBUG org.hibernate.orm.sql.ast.tree - SQL AST Tree:
    SelectStatement {
      FromClause {
        StandardTableGroup (c1 : org.frcpm.models.Component) {
          primaryTableReference : components as c1_0
        }
      }
    }

10:24:14.435 [main] DEBUG org.hibernate.persister.entity.AbstractEntityPersister - Static SQL for entity: org.frcpm.models.Component
10:24:14.435 [main] DEBUG org.hibernate.persister.entity.AbstractEntityPersister -  Version select: select id from components where id=?
10:24:14.435 [main] DEBUG org.hibernate.persister.entity.AbstractEntityPersister -  Insert (0): insert into components (actual_delivery,is_delivered,description,expected_delivery,name,part_number,id) values (?,?,?,?,?,?,default)
10:24:14.435 [main] DEBUG org.hibernate.persister.entity.AbstractEntityPersister -  Update (0): update components set actual_delivery=?,is_delivered=?,description=?,expected_delivery=?,name=?,part_number=? where id=?
10:24:14.435 [main] DEBUG org.hibernate.persister.entity.AbstractEntityPersister -  Delete (0): delete from components where id=?
10:24:14.435 [main] DEBUG org.hibernate.orm.sql.ast.create - Created new SQL alias : m1_0
10:24:14.435 [main] DEBUG org.hibernate.orm.sql.ast.create - Registration of TableGroup [StandardTableGroup(org.frcpm.models.Milestone)] with identifierForTableGroup [org.frcpm.models.Milestone] for NavigablePath [org.frcpm.models.Milestone] 
10:24:14.435 [main] DEBUG org.hibernate.orm.sql.ast.create - Registration of TableGroup [org.hibernate.sql.ast.tree.from.LazyTableGroup@5dcc7305] with identifierForTableGroup [org.frcpm.models.Milestone.project] for NavigablePath [org.frcpm.models.Milestone.project] 
10:24:14.435 [main] DEBUG org.hibernate.orm.results.graph.AST - DomainResult Graph:
 \-EntityResultImpl [org.frcpm.models.Milestone]
 |  +-BasicFetch [org.frcpm.models.Milestone.date]
 |  +-BasicFetch [org.frcpm.models.Milestone.description]
 |  +-BasicFetch [org.frcpm.models.Milestone.name]
 |  \-EntityDelayedFetchImpl [org.frcpm.models.Milestone.project]

10:24:14.435 [main] DEBUG org.hibernate.orm.sql.ast.tree - SQL AST Tree:
    SelectStatement {
      FromClause {
        StandardTableGroup (m1 : org.frcpm.models.Milestone) {
          primaryTableReference : milestones as m1_0
          TableGroupJoins {
            left  join LazyTableGroup (p1 : org.frcpm.models.Milestone.project) {
            }
          }
        }
      }
    }

10:24:14.435 [main] DEBUG org.hibernate.persister.entity.AbstractEntityPersister - Static SQL for entity: org.frcpm.models.Milestone
10:24:14.435 [main] DEBUG org.hibernate.persister.entity.AbstractEntityPersister -  Version select: select id from milestones where id=?
10:24:14.435 [main] DEBUG org.hibernate.persister.entity.AbstractEntityPersister -  Insert (0): insert into milestones (date,description,name,project_id,id) values (?,?,?,?,default)
10:24:14.435 [main] DEBUG org.hibernate.persister.entity.AbstractEntityPersister -  Update (0): update milestones set date=?,description=?,name=?,project_id=? where id=?
10:24:14.435 [main] DEBUG org.hibernate.persister.entity.AbstractEntityPersister -  Delete (0): delete from milestones where id=?
10:24:14.435 [main] DEBUG org.hibernate.orm.sql.ast.create - Created new SQL alias : p1_0
10:24:14.435 [main] DEBUG org.hibernate.orm.sql.ast.create - Registration of TableGroup [StandardTableGroup(org.frcpm.models.Project)] with identifierForTableGroup [org.frcpm.models.Project] for NavigablePath [org.frcpm.models.Project] 
10:24:14.436 [main] DEBUG org.hibernate.orm.results.graph.AST - DomainResult Graph:
 \-EntityResultImpl [org.frcpm.models.Project]
 |  +-BasicFetch [org.frcpm.models.Project.description]
 |  +-BasicFetch [org.frcpm.models.Project.goalEndDate]
 |  +-BasicFetch [org.frcpm.models.Project.hardDeadline]
 |  +-DelayedCollectionFetch [org.frcpm.models.Project.meetings]
 |  +-DelayedCollectionFetch [org.frcpm.models.Project.milestones]
 |  +-BasicFetch [org.frcpm.models.Project.name]
 |  +-BasicFetch [org.frcpm.models.Project.startDate]
 |  \-DelayedCollectionFetch [org.frcpm.models.Project.tasks]

10:24:14.436 [main] DEBUG org.hibernate.orm.sql.ast.tree - SQL AST Tree:
    SelectStatement {
      FromClause {
        StandardTableGroup (p1 : org.frcpm.models.Project) {
          primaryTableReference : projects as p1_0
        }
      }
    }

10:24:14.436 [main] DEBUG org.hibernate.persister.entity.AbstractEntityPersister - Static SQL for entity: org.frcpm.models.Project
10:24:14.436 [main] DEBUG org.hibernate.persister.entity.AbstractEntityPersister -  Version select: select id from projects where id=?
10:24:14.436 [main] DEBUG org.hibernate.persister.entity.AbstractEntityPersister -  Insert (0): insert into projects (description,goal_end_date,hard_deadline,name,start_date,id) values (?,?,?,?,?,default)
10:24:14.436 [main] DEBUG org.hibernate.persister.entity.AbstractEntityPersister -  Update (0): update projects set description=?,goal_end_date=?,hard_deadline=?,name=?,start_date=? where id=?
10:24:14.436 [main] DEBUG org.hibernate.persister.entity.AbstractEntityPersister -  Delete (0): delete from projects where id=?
10:24:14.436 [main] DEBUG org.hibernate.orm.sql.ast.create - Created new SQL alias : s1_0
10:24:14.436 [main] DEBUG org.hibernate.orm.sql.ast.create - Registration of TableGroup [StandardTableGroup(org.frcpm.models.Subteam)] with identifierForTableGroup [org.frcpm.models.Subteam] for NavigablePath [org.frcpm.models.Subteam] 
10:24:14.436 [main] DEBUG org.hibernate.orm.results.graph.AST - DomainResult Graph:
 \-EntityResultImpl [org.frcpm.models.Subteam]
 |  +-BasicFetch [org.frcpm.models.Subteam.colorCode]
 |  +-DelayedCollectionFetch [org.frcpm.models.Subteam.members]
 |  +-BasicFetch [org.frcpm.models.Subteam.name]
 |  +-BasicFetch [org.frcpm.models.Subteam.specialties]
 |  \-DelayedCollectionFetch [org.frcpm.models.Subteam.subsystems]

10:24:14.436 [main] DEBUG org.hibernate.orm.sql.ast.tree - SQL AST Tree:
    SelectStatement {
      FromClause {
        StandardTableGroup (s1 : org.frcpm.models.Subteam) {
          primaryTableReference : subteams as s1_0
        }
      }
    }

10:24:14.436 [main] DEBUG org.hibernate.persister.entity.AbstractEntityPersister - Static SQL for entity: org.frcpm.models.Subteam
10:24:14.436 [main] DEBUG org.hibernate.persister.entity.AbstractEntityPersister -  Version select: select id from subteams where id=?
10:24:14.436 [main] DEBUG org.hibernate.persister.entity.AbstractEntityPersister -  Insert (0): insert into subteams (color_code,name,specialties,id) values (?,?,?,default)
10:24:14.436 [main] DEBUG org.hibernate.persister.entity.AbstractEntityPersister -  Update (0): update subteams set color_code=?,name=?,specialties=? where id=?
10:24:14.436 [main] DEBUG org.hibernate.persister.entity.AbstractEntityPersister -  Delete (0): delete from subteams where id=?
10:24:14.436 [main] DEBUG org.hibernate.orm.sql.ast.create - Created new SQL alias : t1_0
10:24:14.436 [main] DEBUG org.hibernate.orm.sql.ast.create - Registration of TableGroup [StandardTableGroup(org.frcpm.models.Task)] with identifierForTableGroup [org.frcpm.models.Task] for NavigablePath [org.frcpm.models.Task] 
10:24:14.436 [main] DEBUG org.hibernate.orm.sql.ast.create - Registration of TableGroup [org.hibernate.sql.ast.tree.from.LazyTableGroup@4bd7b1c8] with identifierForTableGroup [org.frcpm.models.Task.project] for NavigablePath [org.frcpm.models.Task.project] 
10:24:14.436 [main] DEBUG org.hibernate.orm.sql.ast.create - Registration of TableGroup [org.hibernate.sql.ast.tree.from.LazyTableGroup@25798ac8] with identifierForTableGroup [org.frcpm.models.Task.subsystem] for NavigablePath [org.frcpm.models.Task.subsystem] 
10:24:14.437 [main] DEBUG org.hibernate.orm.results.graph.AST - DomainResult Graph:
 \-EntityResultImpl [org.frcpm.models.Task]
 |  +-BasicFetch [org.frcpm.models.Task.actualDurationSeconds]
 |  +-DelayedCollectionFetch [org.frcpm.models.Task.assignedTo]
 |  +-BasicFetch [org.frcpm.models.Task.completed]
 |  +-BasicFetch [org.frcpm.models.Task.description]
 |  +-BasicFetch [org.frcpm.models.Task.endDate]
 |  +-BasicFetch [org.frcpm.models.Task.estimatedDurationSeconds]
 |  +-DelayedCollectionFetch [org.frcpm.models.Task.postDependencies]
 |  +-DelayedCollectionFetch [org.frcpm.models.Task.preDependencies]
 |  +-BasicFetch [org.frcpm.models.Task.priority]
 |  +-BasicFetch [org.frcpm.models.Task.progress]
 |  +-EntityDelayedFetchImpl [org.frcpm.models.Task.project]
 |  +-DelayedCollectionFetch [org.frcpm.models.Task.requiredComponents]
 |  +-BasicFetch [org.frcpm.models.Task.startDate]
 |  +-EntityDelayedFetchImpl [org.frcpm.models.Task.subsystem]
 |  \-BasicFetch [org.frcpm.models.Task.title]

10:24:14.437 [main] DEBUG org.hibernate.orm.sql.ast.tree - SQL AST Tree:
    SelectStatement {
      FromClause {
        StandardTableGroup (t1 : org.frcpm.models.Task) {
          primaryTableReference : tasks as t1_0
          TableGroupJoins {
            left  join LazyTableGroup (p1 : org.frcpm.models.Task.project) {
            }
            left  join LazyTableGroup (s1 : org.frcpm.models.Task.subsystem) {
            }
          }
        }
      }
    }

10:24:14.437 [main] DEBUG org.hibernate.persister.entity.AbstractEntityPersister - Static SQL for entity: org.frcpm.models.Task
10:24:14.437 [main] DEBUG org.hibernate.persister.entity.AbstractEntityPersister -  Version select: select id from tasks where id=?
10:24:14.437 [main] DEBUG org.hibernate.persister.entity.AbstractEntityPersister -  Insert (0): insert into tasks (actual_duration_seconds,completed,description,end_date,estimated_duration_seconds,priority,progress,project_id,start_date,subsystem_id,title,id) values (?,?,?,?,?,?,?,?,?,?,?,default)
10:24:14.437 [main] DEBUG org.hibernate.persister.entity.AbstractEntityPersister -  Update (0): update tasks set actual_duration_seconds=?,completed=?,description=?,end_date=?,estimated_duration_seconds=?,priority=?,progress=?,project_id=?,start_date=?,subsystem_id=?,title=? where id=?
10:24:14.437 [main] DEBUG org.hibernate.persister.entity.AbstractEntityPersister -  Delete (0): delete from tasks where id=?
10:24:14.437 [main] DEBUG org.hibernate.orm.sql.ast.create - Created new SQL alias : tm1_0
10:24:14.437 [main] DEBUG org.hibernate.orm.sql.ast.create - Registration of TableGroup [StandardTableGroup(org.frcpm.models.TeamMember)] with identifierForTableGroup [org.frcpm.models.TeamMember] for NavigablePath [org.frcpm.models.TeamMember] 
10:24:14.437 [main] DEBUG org.hibernate.orm.sql.ast.create - Registration of TableGroup [org.hibernate.sql.ast.tree.from.LazyTableGroup@44810889] with identifierForTableGroup [org.frcpm.models.TeamMember.subteam] for NavigablePath [org.frcpm.models.TeamMember.subteam] 
10:24:14.437 [main] DEBUG org.hibernate.orm.results.graph.AST - DomainResult Graph:
 \-EntityResultImpl [org.frcpm.models.TeamMember]
 |  +-DelayedCollectionFetch [org.frcpm.models.TeamMember.assignedTasks]
 |  +-DelayedCollectionFetch [org.frcpm.models.TeamMember.attendances]
 |  +-BasicFetch [org.frcpm.models.TeamMember.email]
 |  +-BasicFetch [org.frcpm.models.TeamMember.firstName]
 |  +-BasicFetch [org.frcpm.models.TeamMember.lastName]
 |  +-BasicFetch [org.frcpm.models.TeamMember.leader]
 |  +-BasicFetch [org.frcpm.models.TeamMember.phone]
 |  +-BasicFetch [org.frcpm.models.TeamMember.skills]
 |  +-EntityDelayedFetchImpl [org.frcpm.models.TeamMember.subteam]
 |  \-BasicFetch [org.frcpm.models.TeamMember.username]

10:24:14.437 [main] DEBUG org.hibernate.orm.sql.ast.tree - SQL AST Tree:
    SelectStatement {
      FromClause {
        StandardTableGroup (tm1 : org.frcpm.models.TeamMember) {
          primaryTableReference : team_members as tm1_0
          TableGroupJoins {
            left  join LazyTableGroup (s1 : org.frcpm.models.TeamMember.subteam) {
            }
          }
        }
      }
    }

10:24:14.437 [main] DEBUG org.hibernate.persister.entity.AbstractEntityPersister - Static SQL for entity: org.frcpm.models.TeamMember
10:24:14.437 [main] DEBUG org.hibernate.persister.entity.AbstractEntityPersister -  Version select: select id from team_members where id=?
10:24:14.437 [main] DEBUG org.hibernate.persister.entity.AbstractEntityPersister -  Insert (0): insert into team_members (email,first_name,last_name,is_leader,phone,skills,subteam_id,username,id) values (?,?,?,?,?,?,?,?,default)
10:24:14.437 [main] DEBUG org.hibernate.persister.entity.AbstractEntityPersister -  Update (0): update team_members set email=?,first_name=?,last_name=?,is_leader=?,phone=?,skills=?,subteam_id=?,username=? where id=?
10:24:14.437 [main] DEBUG org.hibernate.persister.entity.AbstractEntityPersister -  Delete (0): delete from team_members where id=?
10:24:14.437 [main] DEBUG org.hibernate.orm.sql.ast.create - Created new SQL alias : at1_0
10:24:14.437 [main] DEBUG org.hibernate.orm.sql.ast.create - Registration of TableGroup [CollectionTableGroup(org.frcpm.models.Task.assignedTo)] with identifierForTableGroup [org.frcpm.models.Task.assignedTo] for NavigablePath [org.frcpm.models.Task.assignedTo] 
10:24:14.437 [main] DEBUG org.hibernate.orm.sql.ast.create - Registration of TableGroup [org.hibernate.sql.ast.tree.from.LazyTableGroup@63bada7a] with identifierForTableGroup [org.frcpm.models.Task.assignedTo.{element}] for NavigablePath [org.frcpm.models.Task.assignedTo.{element}] 
10:24:14.437 [main] DEBUG org.hibernate.orm.sql.ast.create - Created new SQL alias : at1_1
10:24:14.437 [main] DEBUG org.hibernate.orm.sql.ast.create - Registration of TableGroup [org.hibernate.sql.ast.tree.from.LazyTableGroup@2464d166] with identifierForTableGroup [org.frcpm.models.Task.assignedTo.{element}.subteam] for NavigablePath [org.frcpm.models.Task.assignedTo.{element}.subteam] 
10:24:14.437 [main] DEBUG org.hibernate.orm.results.graph.AST - DomainResult Graph:
 \-CollectionDomainResult [org.frcpm.models.Task.assignedTo]

10:24:14.437 [main] DEBUG org.hibernate.orm.sql.ast.tree - SQL AST Tree:
    SelectStatement {
      FromClause {
        CollectionTableGroup (at1 : org.frcpm.models.Task.assignedTo) {
          primaryTableReference : task_assignments as at1_0
          TableGroupJoins {
             join LazyTableGroup (at1 : org.frcpm.models.Task.assignedTo.{element}) {
              primaryTableReference : team_members as at1_1
              TableGroupJoins {
                left  join LazyTableGroup (s1 : org.frcpm.models.Task.assignedTo.{element}.subteam) {
                }
              }
            }
          }
        }
      }
    }

10:24:14.437 [main] DEBUG org.hibernate.orm.jdbc.mutation - Static SQL for collection: org.frcpm.models.Task.assignedTo
10:24:14.437 [main] DEBUG org.hibernate.orm.jdbc.mutation -  Row insert: insert into task_assignments (task_id,team_member_id) values (?,?)
10:24:14.438 [main] DEBUG org.hibernate.orm.jdbc.mutation -  Row delete: delete from task_assignments where task_id=? and team_member_id=?
10:24:14.438 [main] DEBUG org.hibernate.orm.jdbc.mutation -  One-shot delete: delete from task_assignments where task_id=?
10:24:14.438 [main] DEBUG org.hibernate.orm.sql.ast.create - Created new SQL alias : t1_0
10:24:14.438 [main] DEBUG org.hibernate.orm.sql.ast.create - Registration of TableGroup [org.hibernate.sql.ast.tree.from.OneToManyTableGroup@6046bb79] with identifierForTableGroup [org.frcpm.models.Subsystem.tasks] for NavigablePath [org.frcpm.models.Subsystem.tasks] 
10:24:14.438 [main] DEBUG org.hibernate.orm.sql.ast.create - Registration of TableGroup [StandardTableGroup(org.frcpm.models.Subsystem.tasks.{element})] with identifierForTableGroup [org.frcpm.models.Subsystem.tasks.{element}] for NavigablePath [org.frcpm.models.Subsystem.tasks.{element}] 
10:24:14.438 [main] DEBUG org.hibernate.orm.sql.ast.create - Registration of TableGroup [org.hibernate.sql.ast.tree.from.LazyTableGroup@5775607] with identifierForTableGroup [org.frcpm.models.Subsystem.tasks.{element}.project] for NavigablePath [org.frcpm.models.Subsystem.tasks.{element}.project] 
10:24:14.438 [main] DEBUG org.hibernate.orm.sql.ast.create - Registration of TableGroup [org.hibernate.sql.ast.tree.from.LazyTableGroup@6cc356e4] with identifierForTableGroup [org.frcpm.models.Subsystem.tasks.{element}.subsystem] for NavigablePath [org.frcpm.models.Subsystem.tasks.{element}.subsystem] 
10:24:14.438 [main] DEBUG org.hibernate.orm.results.graph.AST - DomainResult Graph:
 \-CollectionDomainResult [org.frcpm.models.Subsystem.tasks]

10:24:14.438 [main] DEBUG org.hibernate.orm.sql.ast.tree - SQL AST Tree:
    SelectStatement {
      FromClause {
        OneToManyTableGroup (t1 : org.frcpm.models.Subsystem.tasks) {
          primaryTableReference : tasks as t1_0
          TableGroupJoins {
            left  join LazyTableGroup (p1 : org.frcpm.models.Subsystem.tasks.{element}.project) {
            }
            left  join LazyTableGroup (s1 : org.frcpm.models.Subsystem.tasks.{element}.subsystem) {
            }
          }
        }
      }
    }

10:24:14.438 [main] DEBUG org.hibernate.orm.jdbc.mutation - Static SQL for collection: org.frcpm.models.Subsystem.tasks
10:24:14.438 [main] DEBUG org.hibernate.orm.sql.ast.create - Created new SQL alias : m1_0
10:24:14.438 [main] DEBUG org.hibernate.orm.sql.ast.create - Registration of TableGroup [org.hibernate.sql.ast.tree.from.OneToManyTableGroup@6730b2e] with identifierForTableGroup [org.frcpm.models.Subteam.members] for NavigablePath [org.frcpm.models.Subteam.members] 
10:24:14.438 [main] DEBUG org.hibernate.orm.sql.ast.create - Registration of TableGroup [StandardTableGroup(org.frcpm.models.Subteam.members.{element})] with identifierForTableGroup [org.frcpm.models.Subteam.members.{element}] for NavigablePath [org.frcpm.models.Subteam.members.{element}] 
10:24:14.438 [main] DEBUG org.hibernate.orm.sql.ast.create - Registration of TableGroup [org.hibernate.sql.ast.tree.from.LazyTableGroup@518b2095] with identifierForTableGroup [org.frcpm.models.Subteam.members.{element}.subteam] for NavigablePath [org.frcpm.models.Subteam.members.{element}.subteam] 
10:24:14.438 [main] DEBUG org.hibernate.orm.results.graph.AST - DomainResult Graph:
 \-CollectionDomainResult [org.frcpm.models.Subteam.members]

10:24:14.438 [main] DEBUG org.hibernate.orm.sql.ast.tree - SQL AST Tree:
    SelectStatement {
      FromClause {
        OneToManyTableGroup (m1 : org.frcpm.models.Subteam.members) {
          primaryTableReference : team_members as m1_0
          TableGroupJoins {
            left  join LazyTableGroup (s1 : org.frcpm.models.Subteam.members.{element}.subteam) {
            }
          }
        }
      }
    }

10:24:14.438 [main] DEBUG org.hibernate.orm.jdbc.mutation - Static SQL for collection: org.frcpm.models.Subteam.members
10:24:14.438 [main] DEBUG org.hibernate.orm.sql.ast.create - Created new SQL alias : a1_0
10:24:14.438 [main] DEBUG org.hibernate.orm.sql.ast.create - Registration of TableGroup [org.hibernate.sql.ast.tree.from.OneToManyTableGroup@43cd89b4] with identifierForTableGroup [org.frcpm.models.TeamMember.attendances] for NavigablePath [org.frcpm.models.TeamMember.attendances] 
10:24:14.438 [main] DEBUG org.hibernate.orm.sql.ast.create - Registration of TableGroup [StandardTableGroup(org.frcpm.models.TeamMember.attendances.{element})] with identifierForTableGroup [org.frcpm.models.TeamMember.attendances.{element}] for NavigablePath [org.frcpm.models.TeamMember.attendances.{element}] 
10:24:14.438 [main] DEBUG org.hibernate.orm.sql.ast.create - Registration of TableGroup [org.hibernate.sql.ast.tree.from.LazyTableGroup@5d79c098] with identifierForTableGroup [org.frcpm.models.TeamMember.attendances.{element}.meeting] for NavigablePath [org.frcpm.models.TeamMember.attendances.{element}.meeting] 
10:24:14.438 [main] DEBUG org.hibernate.orm.sql.ast.create - Registration of TableGroup [org.hibernate.sql.ast.tree.from.LazyTableGroup@3b58163b] with identifierForTableGroup [org.frcpm.models.TeamMember.attendances.{element}.member] for NavigablePath [org.frcpm.models.TeamMember.attendances.{element}.member] 
10:24:14.438 [main] DEBUG org.hibernate.orm.results.graph.AST - DomainResult Graph:
 \-CollectionDomainResult [org.frcpm.models.TeamMember.attendances]

10:24:14.438 [main] DEBUG org.hibernate.orm.sql.ast.tree - SQL AST Tree:
    SelectStatement {
      FromClause {
        OneToManyTableGroup (a1 : org.frcpm.models.TeamMember.attendances) {
          primaryTableReference : attendances as a1_0
          TableGroupJoins {
            left  join LazyTableGroup (m1 : org.frcpm.models.TeamMember.attendances.{element}.meeting) {
            }
            left  join LazyTableGroup (m2 : org.frcpm.models.TeamMember.attendances.{element}.member) {
            }
          }
        }
      }
    }

10:24:14.438 [main] DEBUG org.hibernate.orm.jdbc.mutation - Static SQL for collection: org.frcpm.models.TeamMember.attendances
10:24:14.438 [main] DEBUG org.hibernate.orm.sql.ast.create - Created new SQL alias : rc1_0
10:24:14.438 [main] DEBUG org.hibernate.orm.sql.ast.create - Registration of TableGroup [CollectionTableGroup(org.frcpm.models.Task.requiredComponents)] with identifierForTableGroup [org.frcpm.models.Task.requiredComponents] for NavigablePath [org.frcpm.models.Task.requiredComponents] 
10:24:14.438 [main] DEBUG org.hibernate.orm.sql.ast.create - Registration of TableGroup [org.hibernate.sql.ast.tree.from.LazyTableGroup@799d7db] with identifierForTableGroup [org.frcpm.models.Task.requiredComponents.{element}] for NavigablePath [org.frcpm.models.Task.requiredComponents.{element}] 
10:24:14.438 [main] DEBUG org.hibernate.orm.sql.ast.create - Created new SQL alias : rc1_1
10:24:14.438 [main] DEBUG org.hibernate.orm.results.graph.AST - DomainResult Graph:
 \-CollectionDomainResult [org.frcpm.models.Task.requiredComponents]

10:24:14.438 [main] DEBUG org.hibernate.orm.sql.ast.tree - SQL AST Tree:
    SelectStatement {
      FromClause {
        CollectionTableGroup (rc1 : org.frcpm.models.Task.requiredComponents) {
          primaryTableReference : task_components as rc1_0
          TableGroupJoins {
             join LazyTableGroup (rc1 : org.frcpm.models.Task.requiredComponents.{element}) {
              primaryTableReference : components as rc1_1
            }
          }
        }
      }
    }

10:24:14.438 [main] DEBUG org.hibernate.orm.jdbc.mutation - Static SQL for collection: org.frcpm.models.Task.requiredComponents
10:24:14.438 [main] DEBUG org.hibernate.orm.jdbc.mutation -  Row insert: insert into task_components (task_id,component_id) values (?,?)
10:24:14.438 [main] DEBUG org.hibernate.orm.jdbc.mutation -  Row delete: delete from task_components where task_id=? and component_id=?
10:24:14.438 [main] DEBUG org.hibernate.orm.jdbc.mutation -  One-shot delete: delete from task_components where task_id=?
10:24:14.438 [main] DEBUG org.hibernate.orm.sql.ast.create - Created new SQL alias : s1_0
10:24:14.438 [main] DEBUG org.hibernate.orm.sql.ast.create - Registration of TableGroup [org.hibernate.sql.ast.tree.from.OneToManyTableGroup@5b6b7813] with identifierForTableGroup [org.frcpm.models.Subteam.subsystems] for NavigablePath [org.frcpm.models.Subteam.subsystems] 
10:24:14.438 [main] DEBUG org.hibernate.orm.sql.ast.create - Registration of TableGroup [StandardTableGroup(org.frcpm.models.Subteam.subsystems.{element})] with identifierForTableGroup [org.frcpm.models.Subteam.subsystems.{element}] for NavigablePath [org.frcpm.models.Subteam.subsystems.{element}] 
10:24:14.438 [main] DEBUG org.hibernate.orm.sql.ast.create - Registration of TableGroup [org.hibernate.sql.ast.tree.from.LazyTableGroup@6d4479e8] with identifierForTableGroup [org.frcpm.models.Subteam.subsystems.{element}.responsibleSubteam] for NavigablePath [org.frcpm.models.Subteam.subsystems.{element}.responsibleSubteam] 
10:24:14.438 [main] DEBUG org.hibernate.orm.results.graph.AST - DomainResult Graph:
 \-CollectionDomainResult [org.frcpm.models.Subteam.subsystems]

10:24:14.438 [main] DEBUG org.hibernate.orm.sql.ast.tree - SQL AST Tree:
    SelectStatement {
      FromClause {
        OneToManyTableGroup (s1 : org.frcpm.models.Subteam.subsystems) {
          primaryTableReference : subsystems as s1_0
          TableGroupJoins {
            left  join LazyTableGroup (rs1 : org.frcpm.models.Subteam.subsystems.{element}.responsibleSubteam) {
            }
          }
        }
      }
    }

10:24:14.438 [main] DEBUG org.hibernate.orm.jdbc.mutation - Static SQL for collection: org.frcpm.models.Subteam.subsystems
10:24:14.438 [main] DEBUG org.hibernate.orm.sql.ast.create - Created new SQL alias : pd1_0
10:24:14.438 [main] DEBUG org.hibernate.orm.sql.ast.create - Registration of TableGroup [CollectionTableGroup(org.frcpm.models.Task.preDependencies)] with identifierForTableGroup [org.frcpm.models.Task.preDependencies] for NavigablePath [org.frcpm.models.Task.preDependencies] 
10:24:14.438 [main] DEBUG org.hibernate.orm.sql.ast.create - Registration of TableGroup [org.hibernate.sql.ast.tree.from.LazyTableGroup@4d06ced4] with identifierForTableGroup [org.frcpm.models.Task.preDependencies.{element}] for NavigablePath [org.frcpm.models.Task.preDependencies.{element}] 
10:24:14.438 [main] DEBUG org.hibernate.orm.sql.ast.create - Created new SQL alias : pd1_1
10:24:14.438 [main] DEBUG org.hibernate.orm.sql.ast.create - Registration of TableGroup [org.hibernate.sql.ast.tree.from.LazyTableGroup@4d2d9c87] with identifierForTableGroup [org.frcpm.models.Task.preDependencies.{element}.project] for NavigablePath [org.frcpm.models.Task.preDependencies.{element}.project] 
10:24:14.438 [main] DEBUG org.hibernate.orm.sql.ast.create - Registration of TableGroup [org.hibernate.sql.ast.tree.from.LazyTableGroup@21c2da4d] with identifierForTableGroup [org.frcpm.models.Task.preDependencies.{element}.subsystem] for NavigablePath [org.frcpm.models.Task.preDependencies.{element}.subsystem] 
10:24:14.438 [main] DEBUG org.hibernate.orm.results.graph.AST - DomainResult Graph:
 \-CollectionDomainResult [org.frcpm.models.Task.preDependencies]

10:24:14.438 [main] DEBUG org.hibernate.orm.sql.ast.tree - SQL AST Tree:
    SelectStatement {
      FromClause {
        CollectionTableGroup (pd1 : org.frcpm.models.Task.preDependencies) {
          primaryTableReference : task_dependencies as pd1_0
          TableGroupJoins {
             join LazyTableGroup (pd1 : org.frcpm.models.Task.preDependencies.{element}) {
              primaryTableReference : tasks as pd1_1
              TableGroupJoins {
                left  join LazyTableGroup (p1 : org.frcpm.models.Task.preDependencies.{element}.project) {
                }
                left  join LazyTableGroup (s1 : org.frcpm.models.Task.preDependencies.{element}.subsystem) {
                }
              }
            }
          }
        }
      }
    }

10:24:14.440 [main] DEBUG org.hibernate.orm.jdbc.mutation - Static SQL for collection: org.frcpm.models.Task.preDependencies
10:24:14.440 [main] DEBUG org.hibernate.orm.jdbc.mutation -  Row insert: insert into task_dependencies (task_id,dependency_id) values (?,?)
10:24:14.440 [main] DEBUG org.hibernate.orm.jdbc.mutation -  Row delete: delete from task_dependencies where task_id=? and dependency_id=?
10:24:14.440 [main] DEBUG org.hibernate.orm.jdbc.mutation -  One-shot delete: delete from task_dependencies where task_id=?
10:24:14.440 [main] DEBUG org.hibernate.orm.sql.ast.create - Created new SQL alias : m1_0
10:24:14.440 [main] DEBUG org.hibernate.orm.sql.ast.create - Registration of TableGroup [org.hibernate.sql.ast.tree.from.OneToManyTableGroup@730d07a2] with identifierForTableGroup [org.frcpm.models.Project.milestones] for NavigablePath [org.frcpm.models.Project.milestones] 
10:24:14.440 [main] DEBUG org.hibernate.orm.sql.ast.create - Registration of TableGroup [StandardTableGroup(org.frcpm.models.Project.milestones.{element})] with identifierForTableGroup [org.frcpm.models.Project.milestones.{element}] for NavigablePath [org.frcpm.models.Project.milestones.{element}] 
10:24:14.440 [main] DEBUG org.hibernate.orm.sql.ast.create - Registration of TableGroup [org.hibernate.sql.ast.tree.from.LazyTableGroup@66296cd3] with identifierForTableGroup [org.frcpm.models.Project.milestones.{element}.project] for NavigablePath [org.frcpm.models.Project.milestones.{element}.project] 
10:24:14.440 [main] DEBUG org.hibernate.orm.results.graph.AST - DomainResult Graph:
 \-CollectionDomainResult [org.frcpm.models.Project.milestones]

10:24:14.440 [main] DEBUG org.hibernate.orm.sql.ast.tree - SQL AST Tree:
    SelectStatement {
      FromClause {
        OneToManyTableGroup (m1 : org.frcpm.models.Project.milestones) {
          primaryTableReference : milestones as m1_0
          TableGroupJoins {
            left  join LazyTableGroup (p1 : org.frcpm.models.Project.milestones.{element}.project) {
            }
          }
        }
      }
    }

10:24:14.440 [main] DEBUG org.hibernate.orm.jdbc.mutation - Static SQL for collection: org.frcpm.models.Project.milestones
10:24:14.440 [main] DEBUG org.hibernate.orm.sql.ast.create - Created new SQL alias : rft1_0
10:24:14.440 [main] DEBUG org.hibernate.orm.sql.ast.create - Registration of TableGroup [CollectionTableGroup(org.frcpm.models.Component.requiredForTasks)] with identifierForTableGroup [org.frcpm.models.Component.requiredForTasks] for NavigablePath [org.frcpm.models.Component.requiredForTasks] 
10:24:14.440 [main] DEBUG org.hibernate.orm.sql.ast.create - Registration of TableGroup [org.hibernate.sql.ast.tree.from.LazyTableGroup@4e2d7f8] with identifierForTableGroup [org.frcpm.models.Component.requiredForTasks.{element}] for NavigablePath [org.frcpm.models.Component.requiredForTasks.{element}] 
10:24:14.440 [main] DEBUG org.hibernate.orm.sql.ast.create - Created new SQL alias : rft1_1
10:24:14.440 [main] DEBUG org.hibernate.orm.sql.ast.create - Registration of TableGroup [org.hibernate.sql.ast.tree.from.LazyTableGroup@1fc9f0d1] with identifierForTableGroup [org.frcpm.models.Component.requiredForTasks.{element}.project] for NavigablePath [org.frcpm.models.Component.requiredForTasks.{element}.project] 
10:24:14.440 [main] DEBUG org.hibernate.orm.sql.ast.create - Registration of TableGroup [org.hibernate.sql.ast.tree.from.LazyTableGroup@6b7594ea] with identifierForTableGroup [org.frcpm.models.Component.requiredForTasks.{element}.subsystem] for NavigablePath [org.frcpm.models.Component.requiredForTasks.{element}.subsystem] 
10:24:14.440 [main] DEBUG org.hibernate.orm.results.graph.AST - DomainResult Graph:
 \-CollectionDomainResult [org.frcpm.models.Component.requiredForTasks]

10:24:14.440 [main] DEBUG org.hibernate.orm.sql.ast.tree - SQL AST Tree:
    SelectStatement {
      FromClause {
        CollectionTableGroup (rft1 : org.frcpm.models.Component.requiredForTasks) {
          primaryTableReference : task_components as rft1_0
          TableGroupJoins {
             join LazyTableGroup (rft1 : org.frcpm.models.Component.requiredForTasks.{element}) {
              primaryTableReference : tasks as rft1_1
              TableGroupJoins {
                left  join LazyTableGroup (p1 : org.frcpm.models.Component.requiredForTasks.{element}.project) {
                }
                left  join LazyTableGroup (s1 : org.frcpm.models.Component.requiredForTasks.{element}.subsystem) {
                }
              }
            }
          }
        }
      }
    }

10:24:14.440 [main] DEBUG org.hibernate.orm.jdbc.mutation - Static SQL for collection: org.frcpm.models.Component.requiredForTasks
10:24:14.440 [main] DEBUG org.hibernate.orm.sql.ast.create - Created new SQL alias : m1_0
10:24:14.440 [main] DEBUG org.hibernate.orm.sql.ast.create - Registration of TableGroup [org.hibernate.sql.ast.tree.from.OneToManyTableGroup@2925ebe5] with identifierForTableGroup [org.frcpm.models.Project.meetings] for NavigablePath [org.frcpm.models.Project.meetings] 
10:24:14.440 [main] DEBUG org.hibernate.orm.sql.ast.create - Registration of TableGroup [StandardTableGroup(org.frcpm.models.Project.meetings.{element})] with identifierForTableGroup [org.frcpm.models.Project.meetings.{element}] for NavigablePath [org.frcpm.models.Project.meetings.{element}] 
10:24:14.441 [main] DEBUG org.hibernate.orm.sql.ast.create - Registration of TableGroup [org.hibernate.sql.ast.tree.from.LazyTableGroup@41a625fe] with identifierForTableGroup [org.frcpm.models.Project.meetings.{element}.project] for NavigablePath [org.frcpm.models.Project.meetings.{element}.project] 
10:24:14.441 [main] DEBUG org.hibernate.orm.results.graph.AST - DomainResult Graph:
 \-CollectionDomainResult [org.frcpm.models.Project.meetings]

10:24:14.441 [main] DEBUG org.hibernate.orm.sql.ast.tree - SQL AST Tree:
    SelectStatement {
      FromClause {
        OneToManyTableGroup (m1 : org.frcpm.models.Project.meetings) {
          primaryTableReference : meetings as m1_0
          TableGroupJoins {
            left  join LazyTableGroup (p1 : org.frcpm.models.Project.meetings.{element}.project) {
            }
          }
        }
      }
    }

10:24:14.441 [main] DEBUG org.hibernate.orm.jdbc.mutation - Static SQL for collection: org.frcpm.models.Project.meetings
10:24:14.441 [main] DEBUG org.hibernate.orm.sql.ast.create - Created new SQL alias : at1_0
10:24:14.441 [main] DEBUG org.hibernate.orm.sql.ast.create - Registration of TableGroup [CollectionTableGroup(org.frcpm.models.TeamMember.assignedTasks)] with identifierForTableGroup [org.frcpm.models.TeamMember.assignedTasks] for NavigablePath [org.frcpm.models.TeamMember.assignedTasks] 
10:24:14.441 [main] DEBUG org.hibernate.orm.sql.ast.create - Registration of TableGroup [org.hibernate.sql.ast.tree.from.LazyTableGroup@293d81d2] with identifierForTableGroup [org.frcpm.models.TeamMember.assignedTasks.{element}] for NavigablePath [org.frcpm.models.TeamMember.assignedTasks.{element}] 
10:24:14.441 [main] DEBUG org.hibernate.orm.sql.ast.create - Created new SQL alias : at1_1
10:24:14.441 [main] DEBUG org.hibernate.orm.sql.ast.create - Registration of TableGroup [org.hibernate.sql.ast.tree.from.LazyTableGroup@2fc12dd3] with identifierForTableGroup [org.frcpm.models.TeamMember.assignedTasks.{element}.project] for NavigablePath [org.frcpm.models.TeamMember.assignedTasks.{element}.project] 
10:24:14.441 [main] DEBUG org.hibernate.orm.sql.ast.create - Registration of TableGroup [org.hibernate.sql.ast.tree.from.LazyTableGroup@40cb0818] with identifierForTableGroup [org.frcpm.models.TeamMember.assignedTasks.{element}.subsystem] for NavigablePath [org.frcpm.models.TeamMember.assignedTasks.{element}.subsystem] 
10:24:14.441 [main] DEBUG org.hibernate.orm.results.graph.AST - DomainResult Graph:
 \-CollectionDomainResult [org.frcpm.models.TeamMember.assignedTasks]

10:24:14.441 [main] DEBUG org.hibernate.orm.sql.ast.tree - SQL AST Tree:
    SelectStatement {
      FromClause {
        CollectionTableGroup (at1 : org.frcpm.models.TeamMember.assignedTasks) {
          primaryTableReference : task_assignments as at1_0
          TableGroupJoins {
             join LazyTableGroup (at1 : org.frcpm.models.TeamMember.assignedTasks.{element}) {
              primaryTableReference : tasks as at1_1
              TableGroupJoins {
                left  join LazyTableGroup (p1 : org.frcpm.models.TeamMember.assignedTasks.{element}.project) {
                }
                left  join LazyTableGroup (s1 : org.frcpm.models.TeamMember.assignedTasks.{element}.subsystem) {
                }
              }
            }
          }
        }
      }
    }

10:24:14.441 [main] DEBUG org.hibernate.orm.jdbc.mutation - Static SQL for collection: org.frcpm.models.TeamMember.assignedTasks
10:24:14.441 [main] DEBUG org.hibernate.orm.sql.ast.create - Created new SQL alias : a1_0
10:24:14.441 [main] DEBUG org.hibernate.orm.sql.ast.create - Registration of TableGroup [org.hibernate.sql.ast.tree.from.OneToManyTableGroup@23343813] with identifierForTableGroup [org.frcpm.models.Meeting.attendances] for NavigablePath [org.frcpm.models.Meeting.attendances] 
10:24:14.441 [main] DEBUG org.hibernate.orm.sql.ast.create - Registration of TableGroup [StandardTableGroup(org.frcpm.models.Meeting.attendances.{element})] with identifierForTableGroup [org.frcpm.models.Meeting.attendances.{element}] for NavigablePath [org.frcpm.models.Meeting.attendances.{element}] 
10:24:14.441 [main] DEBUG org.hibernate.orm.sql.ast.create - Registration of TableGroup [org.hibernate.sql.ast.tree.from.LazyTableGroup@3f304001] with identifierForTableGroup [org.frcpm.models.Meeting.attendances.{element}.meeting] for NavigablePath [org.frcpm.models.Meeting.attendances.{element}.meeting] 
10:24:14.441 [main] DEBUG org.hibernate.orm.sql.ast.create - Registration of TableGroup [org.hibernate.sql.ast.tree.from.LazyTableGroup@4b641933] with identifierForTableGroup [org.frcpm.models.Meeting.attendances.{element}.member] for NavigablePath [org.frcpm.models.Meeting.attendances.{element}.member] 
10:24:14.441 [main] DEBUG org.hibernate.orm.results.graph.AST - DomainResult Graph:
 \-CollectionDomainResult [org.frcpm.models.Meeting.attendances]

10:24:14.441 [main] DEBUG org.hibernate.orm.sql.ast.tree - SQL AST Tree:
    SelectStatement {
      FromClause {
        OneToManyTableGroup (a1 : org.frcpm.models.Meeting.attendances) {
          primaryTableReference : attendances as a1_0
          TableGroupJoins {
            left  join LazyTableGroup (m1 : org.frcpm.models.Meeting.attendances.{element}.meeting) {
            }
            left  join LazyTableGroup (m2 : org.frcpm.models.Meeting.attendances.{element}.member) {
            }
          }
        }
      }
    }

10:24:14.441 [main] DEBUG org.hibernate.orm.jdbc.mutation - Static SQL for collection: org.frcpm.models.Meeting.attendances
10:24:14.441 [main] DEBUG org.hibernate.orm.sql.ast.create - Created new SQL alias : pd1_0
10:24:14.441 [main] DEBUG org.hibernate.orm.sql.ast.create - Registration of TableGroup [CollectionTableGroup(org.frcpm.models.Task.postDependencies)] with identifierForTableGroup [org.frcpm.models.Task.postDependencies] for NavigablePath [org.frcpm.models.Task.postDependencies] 
10:24:14.441 [main] DEBUG org.hibernate.orm.sql.ast.create - Registration of TableGroup [org.hibernate.sql.ast.tree.from.LazyTableGroup@749f3597] with identifierForTableGroup [org.frcpm.models.Task.postDependencies.{element}] for NavigablePath [org.frcpm.models.Task.postDependencies.{element}] 
10:24:14.441 [main] DEBUG org.hibernate.orm.sql.ast.create - Created new SQL alias : pd1_1
10:24:14.441 [main] DEBUG org.hibernate.orm.sql.ast.create - Registration of TableGroup [org.hibernate.sql.ast.tree.from.LazyTableGroup@4b22159f] with identifierForTableGroup [org.frcpm.models.Task.postDependencies.{element}.project] for NavigablePath [org.frcpm.models.Task.postDependencies.{element}.project] 
10:24:14.443 [main] DEBUG org.hibernate.orm.sql.ast.create - Registration of TableGroup [org.hibernate.sql.ast.tree.from.LazyTableGroup@7b8aa59d] with identifierForTableGroup [org.frcpm.models.Task.postDependencies.{element}.subsystem] for NavigablePath [org.frcpm.models.Task.postDependencies.{element}.subsystem] 
10:24:14.443 [main] DEBUG org.hibernate.orm.results.graph.AST - DomainResult Graph:
 \-CollectionDomainResult [org.frcpm.models.Task.postDependencies]

10:24:14.443 [main] DEBUG org.hibernate.orm.sql.ast.tree - SQL AST Tree:
    SelectStatement {
      FromClause {
        CollectionTableGroup (pd1 : org.frcpm.models.Task.postDependencies) {
          primaryTableReference : task_dependencies as pd1_0
          TableGroupJoins {
             join LazyTableGroup (pd1 : org.frcpm.models.Task.postDependencies.{element}) {
              primaryTableReference : tasks as pd1_1
              TableGroupJoins {
                left  join LazyTableGroup (p1 : org.frcpm.models.Task.postDependencies.{element}.project) {
                }
                left  join LazyTableGroup (s1 : org.frcpm.models.Task.postDependencies.{element}.subsystem) {
                }
              }
            }
          }
        }
      }
    }

10:24:14.443 [main] DEBUG org.hibernate.orm.jdbc.mutation - Static SQL for collection: org.frcpm.models.Task.postDependencies
10:24:14.443 [main] DEBUG org.hibernate.orm.sql.ast.create - Created new SQL alias : t1_0
10:24:14.443 [main] DEBUG org.hibernate.orm.sql.ast.create - Registration of TableGroup [org.hibernate.sql.ast.tree.from.OneToManyTableGroup@2de16942] with identifierForTableGroup [org.frcpm.models.Project.tasks] for NavigablePath [org.frcpm.models.Project.tasks] 
10:24:14.443 [main] DEBUG org.hibernate.orm.sql.ast.create - Registration of TableGroup [StandardTableGroup(org.frcpm.models.Project.tasks.{element})] with identifierForTableGroup [org.frcpm.models.Project.tasks.{element}] for NavigablePath [org.frcpm.models.Project.tasks.{element}] 
10:24:14.443 [main] DEBUG org.hibernate.orm.sql.ast.create - Registration of TableGroup [org.hibernate.sql.ast.tree.from.LazyTableGroup@2c8672cf] with identifierForTableGroup [org.frcpm.models.Project.tasks.{element}.project] for NavigablePath [org.frcpm.models.Project.tasks.{element}.project] 
10:24:14.443 [main] DEBUG org.hibernate.orm.sql.ast.create - Registration of TableGroup [org.hibernate.sql.ast.tree.from.LazyTableGroup@544b2b9c] with identifierForTableGroup [org.frcpm.models.Project.tasks.{element}.subsystem] for NavigablePath [org.frcpm.models.Project.tasks.{element}.subsystem] 
10:24:14.443 [main] DEBUG org.hibernate.orm.results.graph.AST - DomainResult Graph:
 \-CollectionDomainResult [org.frcpm.models.Project.tasks]

10:24:14.443 [main] DEBUG org.hibernate.orm.sql.ast.tree - SQL AST Tree:
    SelectStatement {
      FromClause {
        OneToManyTableGroup (t1 : org.frcpm.models.Project.tasks) {
          primaryTableReference : tasks as t1_0
          TableGroupJoins {
            left  join LazyTableGroup (p1 : org.frcpm.models.Project.tasks.{element}.project) {
            }
            left  join LazyTableGroup (s1 : org.frcpm.models.Project.tasks.{element}.subsystem) {
            }
          }
        }
      }
    }

10:24:14.443 [main] DEBUG org.hibernate.orm.jdbc.mutation - Static SQL for collection: org.frcpm.models.Project.tasks
10:24:14.451 [main] DEBUG org.hibernate.type.spi.TypeConfiguration$Scope - Scoping TypeConfiguration [org.hibernate.type.spi.TypeConfiguration@27d9103f] to SessionFactoryImplementor [org.hibernate.internal.SessionFactoryImpl@6aed4fb5]
10:24:14.451 [main] DEBUG org.hibernate.query.named.NamedObjectRepository - Checking 0 named HQL queries
10:24:14.451 [main] DEBUG org.hibernate.query.named.NamedObjectRepository - Checking 0 named SQL queries
10:24:14.456 [main] DEBUG org.hibernate.mapping.Table - No alter strings for table : attendances
10:24:14.456 [main] DEBUG org.hibernate.SQL - alter table if exists components alter column description set data type TEXT
10:24:14.457 [main] DEBUG org.hibernate.SQL - alter table if exists meetings alter column notes set data type TEXT
10:24:14.457 [main] DEBUG org.hibernate.SQL - alter table if exists milestones alter column description set data type TEXT
10:24:14.457 [main] DEBUG org.hibernate.SQL - alter table if exists projects alter column description set data type TEXT
10:24:14.457 [main] DEBUG org.hibernate.SQL - alter table if exists subsystems alter column description set data type TEXT
10:24:14.457 [main] DEBUG org.hibernate.SQL - alter table if exists subteams alter column specialties set data type TEXT
10:24:14.458 [main] DEBUG org.hibernate.mapping.Table - No alter strings for table : task_assignments
10:24:14.458 [main] DEBUG org.hibernate.mapping.Table - No alter strings for table : task_components
10:24:14.458 [main] DEBUG org.hibernate.mapping.Table - No alter strings for table : task_dependencies
10:24:14.458 [main] DEBUG org.hibernate.SQL - alter table if exists tasks alter column description set data type TEXT
10:24:14.458 [main] DEBUG org.hibernate.SQL - alter table if exists team_members alter column skills set data type TEXT
10:24:14.458 [main] DEBUG org.hibernate.SQL - alter table if exists attendances drop constraint if exists UKa8ydr6vrgbux3a27v7enb0y3x
10:24:14.459 [main] DEBUG org.hibernate.SQL - alter table if exists attendances add constraint UKa8ydr6vrgbux3a27v7enb0y3x unique (meeting_id, member_id)
10:24:14.467 [main] DEBUG org.hibernate.internal.SessionFactoryRegistry - Registering SessionFactory: 9b85ef9d-ee3d-4baf-a8de-67c7b78359aa (<unnamed>)
10:24:14.467 [main] DEBUG org.hibernate.internal.SessionFactoryRegistry - Not binding SessionFactory to JNDI, no JNDI name configured
10:24:14.467 [main] DEBUG org.hibernate.internal.SessionFactoryImpl - Instantiated SessionFactory
10:24:14.468 [main] DEBUG org.hibernate.stat.internal.StatisticsInitiator - Statistics initialized [enabled=false]
10:24:14.468 [main] DEBUG org.hibernate.engine.transaction.internal.TransactionImpl - On TransactionImpl creation, JpaCompliance#isJpaTransactionComplianceEnabled == false
10:24:14.468 [main] DEBUG org.hibernate.engine.transaction.internal.TransactionImpl - begin
10:24:14.468 [main] DEBUG org.hibernate.engine.spi.ActionQueue - Executing identity-insert immediately
10:24:14.469 [main] DEBUG org.hibernate.SQL - insert into projects (description,goal_end_date,hard_deadline,name,start_date,id) values (?,?,?,?,?,default)
10:24:14.470 [main] DEBUG org.hibernate.orm.results - Initializer list is empty
10:24:14.470 [main] DEBUG org.hibernate.orm.results.loading - Calling top-level assembler (0 / 1) : org.hibernate.sql.results.graph.basic.BasicResultAssembler@4f5801af
10:24:14.470 [main] DEBUG org.hibernate.orm.results - Extracted JDBC value [0] - [163]
10:24:14.471 [main] DEBUG org.hibernate.id.IdentifierGeneratorHelper - Extracted generated values [org.frcpm.models.Project]: [Ljava.lang.Object;@1321161
10:24:14.474 [main] DEBUG org.hibernate.event.internal.AbstractFlushingEventListener - Processing flush-time cascades
10:24:14.474 [main] DEBUG org.hibernate.event.internal.AbstractFlushingEventListener - Dirty checking collections
10:24:14.474 [main] DEBUG org.hibernate.engine.internal.Collections - Collection found: [org.frcpm.models.Project.meetings#163], was: [<unreferenced>] (initialized)
10:24:14.474 [main] DEBUG org.hibernate.engine.internal.Collections - Collection found: [org.frcpm.models.Project.milestones#163], was: [<unreferenced>] (initialized)
10:24:14.474 [main] DEBUG org.hibernate.engine.internal.Collections - Collection found: [org.frcpm.models.Project.tasks#163], was: [<unreferenced>] (initialized)
10:24:14.474 [main] DEBUG org.hibernate.event.internal.AbstractFlushingEventListener - Flushed: 0 insertions, 0 updates, 0 deletions to 1 objects
10:24:14.474 [main] DEBUG org.hibernate.event.internal.AbstractFlushingEventListener - Flushed: 3 (re)creations, 0 updates, 0 removals to 3 collections
10:24:14.474 [main] DEBUG org.hibernate.internal.util.EntityPrinter - Listing entities:
10:24:14.474 [main] DEBUG org.hibernate.internal.util.EntityPrinter - org.frcpm.models.Project{hardDeadline=2025-06-20, name=Test Attendance Project, description=null, meetings=[], id=163, goalEndDate=2025-06-06, milestones=[], startDate=2025-04-25, tasks=[]}
10:24:14.475 [main] DEBUG org.hibernate.engine.transaction.internal.TransactionImpl - committing
10:24:14.475 [main] DEBUG org.hibernate.event.internal.AbstractFlushingEventListener - Processing flush-time cascades
10:24:14.475 [main] DEBUG org.hibernate.event.internal.AbstractFlushingEventListener - Dirty checking collections
10:24:14.475 [main] DEBUG org.hibernate.engine.internal.Collections - Collection found: [org.frcpm.models.Project.meetings#163], was: [org.frcpm.models.Project.meetings#163] (initialized)
10:24:14.475 [main] DEBUG org.hibernate.engine.internal.Collections - Collection found: [org.frcpm.models.Project.milestones#163], was: [org.frcpm.models.Project.milestones#163] (initialized)
10:24:14.475 [main] DEBUG org.hibernate.engine.internal.Collections - Collection found: [org.frcpm.models.Project.tasks#163], was: [org.frcpm.models.Project.tasks#163] (initialized)
10:24:14.475 [main] DEBUG org.hibernate.event.internal.AbstractFlushingEventListener - Flushed: 0 insertions, 0 updates, 0 deletions to 1 objects
10:24:14.475 [main] DEBUG org.hibernate.event.internal.AbstractFlushingEventListener - Flushed: 0 (re)creations, 0 updates, 0 removals to 3 collections
10:24:14.475 [main] DEBUG org.hibernate.internal.util.EntityPrinter - Listing entities:
10:24:14.475 [main] DEBUG org.hibernate.internal.util.EntityPrinter - org.frcpm.models.Project{hardDeadline=2025-06-20, name=Test Attendance Project, description=null, meetings=[], id=163, goalEndDate=2025-06-06, milestones=[], startDate=2025-04-25, tasks=[]}
10:24:14.476 [main] DEBUG org.hibernate.resource.jdbc.internal.LogicalConnectionManagedImpl - Initiating JDBC connection release from afterTransaction
10:24:14.476 [main] DEBUG org.hibernate.resource.jdbc.internal.LogicalConnectionManagedImpl - Initiating JDBC connection release from afterTransaction
10:24:14.476 [main] DEBUG org.hibernate.engine.transaction.internal.TransactionImpl - On TransactionImpl creation, JpaCompliance#isJpaTransactionComplianceEnabled == false
10:24:14.476 [main] DEBUG org.hibernate.engine.transaction.internal.TransactionImpl - begin
10:24:14.476 [main] DEBUG org.hibernate.engine.spi.ActionQueue - Executing identity-insert immediately
10:24:14.476 [main] DEBUG org.hibernate.SQL - insert into meetings (date,end_time,notes,project_id,start_time,id) values (?,?,?,?,?,default)
10:24:14.477 [main] DEBUG org.hibernate.orm.results - Initializer list is empty
10:24:14.477 [main] DEBUG org.hibernate.orm.results.loading - Calling top-level assembler (0 / 1) : org.hibernate.sql.results.graph.basic.BasicResultAssembler@4c762584
10:24:14.477 [main] DEBUG org.hibernate.orm.results - Extracted JDBC value [0] - [96]
10:24:14.477 [main] DEBUG org.hibernate.id.IdentifierGeneratorHelper - Extracted generated values [org.frcpm.models.Meeting]: [Ljava.lang.Object;@35802e7b
10:24:14.478 [main] DEBUG org.hibernate.event.internal.AbstractFlushingEventListener - Processing flush-time cascades
10:24:14.478 [main] DEBUG org.hibernate.event.internal.AbstractFlushingEventListener - Dirty checking collections
10:24:14.478 [main] DEBUG org.hibernate.engine.internal.Collections - Collection found: [org.frcpm.models.Meeting.attendances#96], was: [<unreferenced>] (initialized)
10:24:14.478 [main] DEBUG org.hibernate.event.internal.AbstractFlushingEventListener - Flushed: 0 insertions, 0 updates, 0 deletions to 1 objects
10:24:14.478 [main] DEBUG org.hibernate.event.internal.AbstractFlushingEventListener - Flushed: 1 (re)creations, 0 updates, 0 removals to 1 collections
10:24:14.478 [main] DEBUG org.hibernate.internal.util.EntityPrinter - Listing entities:
10:24:14.478 [main] DEBUG org.hibernate.internal.util.EntityPrinter - org.frcpm.models.Meeting{date=2025-04-26, notes=null, project=org.frcpm.models.Project#163, startTime=18:00, id=96, endTime=20:00, attendances=[]}
10:24:14.478 [main] DEBUG org.hibernate.engine.transaction.internal.TransactionImpl - committing
10:24:14.478 [main] DEBUG org.hibernate.event.internal.AbstractFlushingEventListener - Processing flush-time cascades
10:24:14.478 [main] DEBUG org.hibernate.event.internal.AbstractFlushingEventListener - Dirty checking collections
10:24:14.478 [main] DEBUG org.hibernate.engine.internal.Collections - Collection found: [org.frcpm.models.Meeting.attendances#96], was: [org.frcpm.models.Meeting.attendances#96] (initialized)
10:24:14.478 [main] DEBUG org.hibernate.event.internal.AbstractFlushingEventListener - Flushed: 0 insertions, 0 updates, 0 deletions to 1 objects
10:24:14.478 [main] DEBUG org.hibernate.event.internal.AbstractFlushingEventListener - Flushed: 0 (re)creations, 0 updates, 0 removals to 1 collections
10:24:14.478 [main] DEBUG org.hibernate.internal.util.EntityPrinter - Listing entities:
10:24:14.478 [main] DEBUG org.hibernate.internal.util.EntityPrinter - org.frcpm.models.Meeting{date=2025-04-26, notes=null, project=org.frcpm.models.Project#163, startTime=18:00, id=96, endTime=20:00, attendances=[]}
10:24:14.479 [main] DEBUG org.hibernate.resource.jdbc.internal.LogicalConnectionManagedImpl - Initiating JDBC connection release from afterTransaction
10:24:14.479 [main] DEBUG org.hibernate.resource.jdbc.internal.LogicalConnectionManagedImpl - Initiating JDBC connection release from afterTransaction
10:24:14.480 [main] DEBUG org.hibernate.engine.transaction.internal.TransactionImpl - On TransactionImpl creation, JpaCompliance#isJpaTransactionComplianceEnabled == false
10:24:14.480 [main] DEBUG org.hibernate.engine.transaction.internal.TransactionImpl - begin
10:24:14.480 [main] DEBUG org.hibernate.engine.spi.ActionQueue - Executing identity-insert immediately
10:24:14.480 [main] DEBUG org.hibernate.SQL - insert into team_members (email,first_name,last_name,is_leader,phone,skills,subteam_id,username,id) values (?,?,?,?,?,?,?,?,default)
10:24:14.483 [main] DEBUG org.hibernate.orm.results - Initializer list is empty
10:24:14.483 [main] DEBUG org.hibernate.orm.results.loading - Calling top-level assembler (0 / 1) : org.hibernate.sql.results.graph.basic.BasicResultAssembler@22e6a0e2
10:24:14.483 [main] DEBUG org.hibernate.orm.results - Extracted JDBC value [0] - [148]
10:24:14.483 [main] DEBUG org.hibernate.id.IdentifierGeneratorHelper - Extracted generated values [org.frcpm.models.TeamMember]: [Ljava.lang.Object;@6827395a
10:24:14.483 [main] DEBUG org.hibernate.event.internal.AbstractFlushingEventListener - Processing flush-time cascades
10:24:14.483 [main] DEBUG org.hibernate.event.internal.AbstractFlushingEventListener - Dirty checking collections
10:24:14.483 [main] DEBUG org.hibernate.engine.internal.Collections - Collection found: [org.frcpm.models.TeamMember.assignedTasks#148], was: [<unreferenced>] (initialized)
10:24:14.483 [main] DEBUG org.hibernate.engine.internal.Collections - Collection found: [org.frcpm.models.TeamMember.attendances#148], was: [<unreferenced>] (initialized)
10:24:14.483 [main] DEBUG org.hibernate.event.internal.AbstractFlushingEventListener - Flushed: 0 insertions, 0 updates, 0 deletions to 1 objects
10:24:14.483 [main] DEBUG org.hibernate.event.internal.AbstractFlushingEventListener - Flushed: 2 (re)creations, 0 updates, 0 removals to 2 collections
10:24:14.483 [main] DEBUG org.hibernate.internal.util.EntityPrinter - Listing entities:
10:24:14.484 [main] DEBUG org.hibernate.internal.util.EntityPrinter - org.frcpm.models.TeamMember{skills=null, firstName=Attendance, lastName=Test1, leader=false, subteam=null, phone=null, id=148, attendances=[], email=attendance1@example.com, assignedTasks=[], username=attendancetest1}
10:24:14.484 [main] DEBUG org.hibernate.engine.transaction.internal.TransactionImpl - committing
10:24:14.484 [main] DEBUG org.hibernate.event.internal.AbstractFlushingEventListener - Processing flush-time cascades
10:24:14.484 [main] DEBUG org.hibernate.event.internal.AbstractFlushingEventListener - Dirty checking collections
10:24:14.484 [main] DEBUG org.hibernate.engine.internal.Collections - Collection found: [org.frcpm.models.TeamMember.assignedTasks#148], was: [org.frcpm.models.TeamMember.assignedTasks#148] (initialized)
10:24:14.484 [main] DEBUG org.hibernate.engine.internal.Collections - Collection found: [org.frcpm.models.TeamMember.attendances#148], was: [org.frcpm.models.TeamMember.attendances#148] (initialized)
10:24:14.484 [main] DEBUG org.hibernate.event.internal.AbstractFlushingEventListener - Flushed: 0 insertions, 0 updates, 0 deletions to 1 objects
10:24:14.484 [main] DEBUG org.hibernate.event.internal.AbstractFlushingEventListener - Flushed: 0 (re)creations, 0 updates, 0 removals to 2 collections
10:24:14.484 [main] DEBUG org.hibernate.internal.util.EntityPrinter - Listing entities:
10:24:14.485 [main] DEBUG org.hibernate.internal.util.EntityPrinter - org.frcpm.models.TeamMember{skills=null, firstName=Attendance, lastName=Test1, leader=false, subteam=null, phone=null, id=148, attendances=[], email=attendance1@example.com, assignedTasks=[], username=attendancetest1}
10:24:14.485 [main] DEBUG org.hibernate.resource.jdbc.internal.LogicalConnectionManagedImpl - Initiating JDBC connection release from afterTransaction
10:24:14.485 [main] DEBUG org.hibernate.resource.jdbc.internal.LogicalConnectionManagedImpl - Initiating JDBC connection release from afterTransaction
10:24:14.485 [main] DEBUG org.hibernate.engine.transaction.internal.TransactionImpl - On TransactionImpl creation, JpaCompliance#isJpaTransactionComplianceEnabled == false
10:24:14.485 [main] DEBUG org.hibernate.engine.transaction.internal.TransactionImpl - begin
10:24:14.485 [main] DEBUG org.hibernate.engine.spi.ActionQueue - Executing identity-insert immediately
10:24:14.485 [main] DEBUG org.hibernate.SQL - insert into team_members (email,first_name,last_name,is_leader,phone,skills,subteam_id,username,id) values (?,?,?,?,?,?,?,?,default)
10:24:14.486 [main] DEBUG org.hibernate.orm.results - Initializer list is empty
10:24:14.486 [main] DEBUG org.hibernate.orm.results.loading - Calling top-level assembler (0 / 1) : org.hibernate.sql.results.graph.basic.BasicResultAssembler@237c463
10:24:14.486 [main] DEBUG org.hibernate.orm.results - Extracted JDBC value [0] - [149]
10:24:14.486 [main] DEBUG org.hibernate.id.IdentifierGeneratorHelper - Extracted generated values [org.frcpm.models.TeamMember]: [Ljava.lang.Object;@40fbf80c
10:24:14.486 [main] DEBUG org.hibernate.event.internal.AbstractFlushingEventListener - Processing flush-time cascades
10:24:14.486 [main] DEBUG org.hibernate.event.internal.AbstractFlushingEventListener - Dirty checking collections
10:24:14.486 [main] DEBUG org.hibernate.engine.internal.Collections - Collection found: [org.frcpm.models.TeamMember.assignedTasks#149], was: [<unreferenced>] (initialized)
10:24:14.486 [main] DEBUG org.hibernate.engine.internal.Collections - Collection found: [org.frcpm.models.TeamMember.attendances#149], was: [<unreferenced>] (initialized)
10:24:14.486 [main] DEBUG org.hibernate.event.internal.AbstractFlushingEventListener - Flushed: 0 insertions, 0 updates, 0 deletions to 1 objects
10:24:14.486 [main] DEBUG org.hibernate.event.internal.AbstractFlushingEventListener - Flushed: 2 (re)creations, 0 updates, 0 removals to 2 collections
10:24:14.486 [main] DEBUG org.hibernate.internal.util.EntityPrinter - Listing entities:
10:24:14.486 [main] DEBUG org.hibernate.internal.util.EntityPrinter - org.frcpm.models.TeamMember{skills=null, firstName=Attendance, lastName=Test2, leader=false, subteam=null, phone=null, id=149, attendances=[], email=attendance2@example.com, assignedTasks=[], username=attendancetest2}
10:24:14.486 [main] DEBUG org.hibernate.engine.transaction.internal.TransactionImpl - committing
10:24:14.486 [main] DEBUG org.hibernate.event.internal.AbstractFlushingEventListener - Processing flush-time cascades
10:24:14.486 [main] DEBUG org.hibernate.event.internal.AbstractFlushingEventListener - Dirty checking collections
10:24:14.486 [main] DEBUG org.hibernate.engine.internal.Collections - Collection found: [org.frcpm.models.TeamMember.assignedTasks#149], was: [org.frcpm.models.TeamMember.assignedTasks#149] (initialized)
10:24:14.486 [main] DEBUG org.hibernate.engine.internal.Collections - Collection found: [org.frcpm.models.TeamMember.attendances#149], was: [org.frcpm.models.TeamMember.attendances#149] (initialized)
10:24:14.486 [main] DEBUG org.hibernate.event.internal.AbstractFlushingEventListener - Flushed: 0 insertions, 0 updates, 0 deletions to 1 objects
10:24:14.486 [main] DEBUG org.hibernate.event.internal.AbstractFlushingEventListener - Flushed: 0 (re)creations, 0 updates, 0 removals to 2 collections
10:24:14.486 [main] DEBUG org.hibernate.internal.util.EntityPrinter - Listing entities:
10:24:14.486 [main] DEBUG org.hibernate.internal.util.EntityPrinter - org.frcpm.models.TeamMember{skills=null, firstName=Attendance, lastName=Test2, leader=false, subteam=null, phone=null, id=149, attendances=[], email=attendance2@example.com, assignedTasks=[], username=attendancetest2}
10:24:14.486 [main] DEBUG org.hibernate.resource.jdbc.internal.LogicalConnectionManagedImpl - Initiating JDBC connection release from afterTransaction
10:24:14.486 [main] DEBUG org.hibernate.resource.jdbc.internal.LogicalConnectionManagedImpl - Initiating JDBC connection release from afterTransaction
10:24:14.486 [main] DEBUG org.hibernate.engine.transaction.internal.TransactionImpl - On TransactionImpl creation, JpaCompliance#isJpaTransactionComplianceEnabled == false
10:24:14.486 [main] DEBUG org.hibernate.engine.transaction.internal.TransactionImpl - begin
10:24:14.487 [main] DEBUG org.hibernate.engine.spi.ActionQueue - Executing identity-insert immediately
10:24:14.487 [main] DEBUG org.hibernate.SQL - insert into attendances (arrival_time,departure_time,meeting_id,member_id,present,id) values (?,?,?,?,?,default)
10:24:14.487 [main] DEBUG org.hibernate.orm.results - Initializer list is empty
10:24:14.487 [main] DEBUG org.hibernate.orm.results.loading - Calling top-level assembler (0 / 1) : org.hibernate.sql.results.graph.basic.BasicResultAssembler@66f7199d
10:24:14.487 [main] DEBUG org.hibernate.orm.results - Extracted JDBC value [0] - [91]
10:24:14.487 [main] DEBUG org.hibernate.id.IdentifierGeneratorHelper - Extracted generated values [org.frcpm.models.Attendance]: [Ljava.lang.Object;@1b381af6
10:24:14.487 [main] DEBUG org.hibernate.event.internal.AbstractFlushingEventListener - Processing flush-time cascades
10:24:14.487 [main] DEBUG org.hibernate.event.internal.AbstractFlushingEventListener - Dirty checking collections
10:24:14.487 [main] DEBUG org.hibernate.event.internal.AbstractFlushingEventListener - Flushed: 0 insertions, 0 updates, 0 deletions to 1 objects
10:24:14.487 [main] DEBUG org.hibernate.event.internal.AbstractFlushingEventListener - Flushed: 0 (re)creations, 0 updates, 0 removals to 0 collections
10:24:14.487 [main] DEBUG org.hibernate.internal.util.EntityPrinter - Listing entities:
10:24:14.487 [main] DEBUG org.hibernate.internal.util.EntityPrinter - org.frcpm.models.Attendance{departureTime=20:00, arrivalTime=18:00, member=org.frcpm.models.TeamMember#148, id=91, present=true, meeting=org.frcpm.models.Meeting#96}
10:24:14.487 [main] DEBUG org.hibernate.engine.transaction.internal.TransactionImpl - committing
10:24:14.487 [main] DEBUG org.hibernate.event.internal.AbstractFlushingEventListener - Processing flush-time cascades
10:24:14.487 [main] DEBUG org.hibernate.event.internal.AbstractFlushingEventListener - Dirty checking collections
10:24:14.487 [main] DEBUG org.hibernate.event.internal.AbstractFlushingEventListener - Flushed: 0 insertions, 0 updates, 0 deletions to 1 objects
10:24:14.487 [main] DEBUG org.hibernate.event.internal.AbstractFlushingEventListener - Flushed: 0 (re)creations, 0 updates, 0 removals to 0 collections
10:24:14.487 [main] DEBUG org.hibernate.internal.util.EntityPrinter - Listing entities:
10:24:14.487 [main] DEBUG org.hibernate.internal.util.EntityPrinter - org.frcpm.models.Attendance{departureTime=20:00, arrivalTime=18:00, member=org.frcpm.models.TeamMember#148, id=91, present=true, meeting=org.frcpm.models.Meeting#96}
10:24:14.488 [main] DEBUG org.hibernate.resource.jdbc.internal.LogicalConnectionManagedImpl - Initiating JDBC connection release from afterTransaction
10:24:14.488 [main] DEBUG org.hibernate.resource.jdbc.internal.LogicalConnectionManagedImpl - Initiating JDBC connection release from afterTransaction
10:24:14.488 [main] DEBUG org.hibernate.engine.transaction.internal.TransactionImpl - On TransactionImpl creation, JpaCompliance#isJpaTransactionComplianceEnabled == false
10:24:14.488 [main] DEBUG org.hibernate.engine.transaction.internal.TransactionImpl - begin
10:24:14.488 [main] DEBUG org.hibernate.engine.spi.ActionQueue - Executing identity-insert immediately
10:24:14.488 [main] DEBUG org.hibernate.SQL - insert into attendances (arrival_time,departure_time,meeting_id,member_id,present,id) values (?,?,?,?,?,default)
10:24:14.488 [main] DEBUG org.hibernate.orm.results - Initializer list is empty
10:24:14.488 [main] DEBUG org.hibernate.orm.results.loading - Calling top-level assembler (0 / 1) : org.hibernate.sql.results.graph.basic.BasicResultAssembler@4459e585
10:24:14.488 [main] DEBUG org.hibernate.orm.results - Extracted JDBC value [0] - [92]
10:24:14.488 [main] DEBUG org.hibernate.id.IdentifierGeneratorHelper - Extracted generated values [org.frcpm.models.Attendance]: [Ljava.lang.Object;@768e0168
10:24:14.488 [main] DEBUG org.hibernate.event.internal.AbstractFlushingEventListener - Processing flush-time cascades
10:24:14.488 [main] DEBUG org.hibernate.event.internal.AbstractFlushingEventListener - Dirty checking collections
10:24:14.488 [main] DEBUG org.hibernate.event.internal.AbstractFlushingEventListener - Flushed: 0 insertions, 0 updates, 0 deletions to 1 objects
10:24:14.488 [main] DEBUG org.hibernate.event.internal.AbstractFlushingEventListener - Flushed: 0 (re)creations, 0 updates, 0 removals to 0 collections
10:24:14.488 [main] DEBUG org.hibernate.internal.util.EntityPrinter - Listing entities:
10:24:14.488 [main] DEBUG org.hibernate.internal.util.EntityPrinter - org.frcpm.models.Attendance{departureTime=null, arrivalTime=null, member=org.frcpm.models.TeamMember#149, id=92, present=false, meeting=org.frcpm.models.Meeting#96}
10:24:14.488 [main] DEBUG org.hibernate.engine.transaction.internal.TransactionImpl - committing
10:24:14.488 [main] DEBUG org.hibernate.event.internal.AbstractFlushingEventListener - Processing flush-time cascades
10:24:14.488 [main] DEBUG org.hibernate.event.internal.AbstractFlushingEventListener - Dirty checking collections
10:24:14.488 [main] DEBUG org.hibernate.event.internal.AbstractFlushingEventListener - Flushed: 0 insertions, 0 updates, 0 deletions to 1 objects
10:24:14.488 [main] DEBUG org.hibernate.event.internal.AbstractFlushingEventListener - Flushed: 0 (re)creations, 0 updates, 0 removals to 0 collections
10:24:14.488 [main] DEBUG org.hibernate.internal.util.EntityPrinter - Listing entities:
10:24:14.488 [main] DEBUG org.hibernate.internal.util.EntityPrinter - org.frcpm.models.Attendance{departureTime=null, arrivalTime=null, member=org.frcpm.models.TeamMember#149, id=92, present=false, meeting=org.frcpm.models.Meeting#96}
10:24:14.488 [main] DEBUG org.hibernate.resource.jdbc.internal.LogicalConnectionManagedImpl - Initiating JDBC connection release from afterTransaction
10:24:14.488 [main] DEBUG org.hibernate.resource.jdbc.internal.LogicalConnectionManagedImpl - Initiating JDBC connection release from afterTransaction
10:24:14.489 [main] DEBUG org.hibernate.engine.transaction.internal.TransactionImpl - On TransactionImpl creation, JpaCompliance#isJpaTransactionComplianceEnabled == false
10:24:14.489 [main] DEBUG org.hibernate.engine.transaction.internal.TransactionImpl - begin
10:24:14.489 [main] DEBUG org.hibernate.engine.spi.ActionQueue - Executing identity-insert immediately
10:24:14.489 [main] DEBUG org.hibernate.SQL - insert into meetings (date,end_time,notes,project_id,start_time,id) values (?,?,?,?,?,default)
10:24:14.489 [main] DEBUG org.hibernate.orm.results - Initializer list is empty
10:24:14.489 [main] DEBUG org.hibernate.orm.results.loading - Calling top-level assembler (0 / 1) : org.hibernate.sql.results.graph.basic.BasicResultAssembler@45c029d0
10:24:14.489 [main] DEBUG org.hibernate.orm.results - Extracted JDBC value [0] - [97]
10:24:14.489 [main] DEBUG org.hibernate.id.IdentifierGeneratorHelper - Extracted generated values [org.frcpm.models.Meeting]: [Ljava.lang.Object;@7abcf8c3
10:24:14.489 [main] DEBUG org.hibernate.event.internal.AbstractFlushingEventListener - Processing flush-time cascades
10:24:14.489 [main] DEBUG org.hibernate.event.internal.AbstractFlushingEventListener - Dirty checking collections
10:24:14.489 [main] DEBUG org.hibernate.engine.internal.Collections - Collection found: [org.frcpm.models.Meeting.attendances#97], was: [<unreferenced>] (initialized)
10:24:14.490 [main] DEBUG org.hibernate.event.internal.AbstractFlushingEventListener - Flushed: 0 insertions, 0 updates, 0 deletions to 1 objects
10:24:14.490 [main] DEBUG org.hibernate.event.internal.AbstractFlushingEventListener - Flushed: 1 (re)creations, 0 updates, 0 removals to 1 collections
10:24:14.490 [main] DEBUG org.hibernate.internal.util.EntityPrinter - Listing entities:
10:24:14.490 [main] DEBUG org.hibernate.internal.util.EntityPrinter - org.frcpm.models.Meeting{date=2025-04-30, notes=null, project=org.frcpm.models.Project#163, startTime=18:00, id=97, endTime=20:00, attendances=[]}
10:24:14.490 [main] DEBUG org.hibernate.engine.transaction.internal.TransactionImpl - committing
10:24:14.490 [main] DEBUG org.hibernate.event.internal.AbstractFlushingEventListener - Processing flush-time cascades
10:24:14.490 [main] DEBUG org.hibernate.event.internal.AbstractFlushingEventListener - Dirty checking collections
10:24:14.490 [main] DEBUG org.hibernate.engine.internal.Collections - Collection found: [org.frcpm.models.Meeting.attendances#97], was: [org.frcpm.models.Meeting.attendances#97] (initialized)
10:24:14.490 [main] DEBUG org.hibernate.event.internal.AbstractFlushingEventListener - Flushed: 0 insertions, 0 updates, 0 deletions to 1 objects
10:24:14.490 [main] DEBUG org.hibernate.event.internal.AbstractFlushingEventListener - Flushed: 0 (re)creations, 0 updates, 0 removals to 1 collections
10:24:14.490 [main] DEBUG org.hibernate.internal.util.EntityPrinter - Listing entities:
10:24:14.490 [main] DEBUG org.hibernate.internal.util.EntityPrinter - org.frcpm.models.Meeting{date=2025-04-30, notes=null, project=org.frcpm.models.Project#163, startTime=18:00, id=97, endTime=20:00, attendances=[]}
10:24:14.490 [main] DEBUG org.hibernate.resource.jdbc.internal.LogicalConnectionManagedImpl - Initiating JDBC connection release from afterTransaction
10:24:14.490 [main] DEBUG org.hibernate.resource.jdbc.internal.LogicalConnectionManagedImpl - Initiating JDBC connection release from afterTransaction
10:24:14.490 [main] DEBUG org.hibernate.engine.transaction.internal.TransactionImpl - On TransactionImpl creation, JpaCompliance#isJpaTransactionComplianceEnabled == false
10:24:14.490 [main] DEBUG org.hibernate.engine.transaction.internal.TransactionImpl - begin
10:24:14.491 [main] DEBUG org.hibernate.engine.spi.ActionQueue - Executing identity-insert immediately
10:24:14.491 [main] DEBUG org.hibernate.SQL - insert into team_members (email,first_name,last_name,is_leader,phone,skills,subteam_id,username,id) values (?,?,?,?,?,?,?,?,default)
10:24:14.491 [main] DEBUG org.hibernate.orm.results - Initializer list is empty
10:24:14.491 [main] DEBUG org.hibernate.orm.results.loading - Calling top-level assembler (0 / 1) : org.hibernate.sql.results.graph.basic.BasicResultAssembler@1cb1fab6
10:24:14.491 [main] DEBUG org.hibernate.orm.results - Extracted JDBC value [0] - [150]
10:24:14.491 [main] DEBUG org.hibernate.id.IdentifierGeneratorHelper - Extracted generated values [org.frcpm.models.TeamMember]: [Ljava.lang.Object;@78d7021d
10:24:14.491 [main] DEBUG org.hibernate.event.internal.AbstractFlushingEventListener - Processing flush-time cascades
10:24:14.491 [main] DEBUG org.hibernate.event.internal.AbstractFlushingEventListener - Dirty checking collections
10:24:14.492 [main] DEBUG org.hibernate.engine.internal.Collections - Collection found: [org.frcpm.models.TeamMember.assignedTasks#150], was: [<unreferenced>] (initialized)
10:24:14.492 [main] DEBUG org.hibernate.engine.internal.Collections - Collection found: [org.frcpm.models.TeamMember.attendances#150], was: [<unreferenced>] (initialized)
10:24:14.492 [main] DEBUG org.hibernate.event.internal.AbstractFlushingEventListener - Flushed: 0 insertions, 0 updates, 0 deletions to 1 objects
10:24:14.492 [main] DEBUG org.hibernate.event.internal.AbstractFlushingEventListener - Flushed: 2 (re)creations, 0 updates, 0 removals to 2 collections
10:24:14.492 [main] DEBUG org.hibernate.internal.util.EntityPrinter - Listing entities:
10:24:14.492 [main] DEBUG org.hibernate.internal.util.EntityPrinter - org.frcpm.models.TeamMember{skills=null, firstName=Save, lastName=Test, leader=false, subteam=null, phone=null, id=150, attendances=[], email=save@example.com, assignedTasks=[], username=attendancesave}
10:24:14.492 [main] DEBUG org.hibernate.engine.transaction.internal.TransactionImpl - committing
10:24:14.492 [main] DEBUG org.hibernate.event.internal.AbstractFlushingEventListener - Processing flush-time cascades
10:24:14.492 [main] DEBUG org.hibernate.event.internal.AbstractFlushingEventListener - Dirty checking collections
10:24:14.492 [main] DEBUG org.hibernate.engine.internal.Collections - Collection found: [org.frcpm.models.TeamMember.assignedTasks#150], was: [org.frcpm.models.TeamMember.assignedTasks#150] (initialized)
10:24:14.492 [main] DEBUG org.hibernate.engine.internal.Collections - Collection found: [org.frcpm.models.TeamMember.attendances#150], was: [org.frcpm.models.TeamMember.attendances#150] (initialized)
10:24:14.492 [main] DEBUG org.hibernate.event.internal.AbstractFlushingEventListener - Flushed: 0 insertions, 0 updates, 0 deletions to 1 objects
10:24:14.492 [main] DEBUG org.hibernate.event.internal.AbstractFlushingEventListener - Flushed: 0 (re)creations, 0 updates, 0 removals to 2 collections
10:24:14.492 [main] DEBUG org.hibernate.internal.util.EntityPrinter - Listing entities:
10:24:14.492 [main] DEBUG org.hibernate.internal.util.EntityPrinter - org.frcpm.models.TeamMember{skills=null, firstName=Save, lastName=Test, leader=false, subteam=null, phone=null, id=150, attendances=[], email=save@example.com, assignedTasks=[], username=attendancesave}
10:24:14.492 [main] DEBUG org.hibernate.resource.jdbc.internal.LogicalConnectionManagedImpl - Initiating JDBC connection release from afterTransaction
10:24:14.492 [main] DEBUG org.hibernate.resource.jdbc.internal.LogicalConnectionManagedImpl - Initiating JDBC connection release from afterTransaction
10:24:14.492 [main] DEBUG org.hibernate.engine.transaction.internal.TransactionImpl - On TransactionImpl creation, JpaCompliance#isJpaTransactionComplianceEnabled == false
10:24:14.492 [main] DEBUG org.hibernate.engine.transaction.internal.TransactionImpl - begin
10:24:14.493 [main] DEBUG org.hibernate.engine.spi.ActionQueue - Executing identity-insert immediately
10:24:14.493 [main] DEBUG org.hibernate.SQL - insert into attendances (arrival_time,departure_time,meeting_id,member_id,present,id) values (?,?,?,?,?,default)
10:24:14.493 [main] DEBUG org.hibernate.orm.results - Initializer list is empty
10:24:14.493 [main] DEBUG org.hibernate.orm.results.loading - Calling top-level assembler (0 / 1) : org.hibernate.sql.results.graph.basic.BasicResultAssembler@34dc3556
10:24:14.493 [main] DEBUG org.hibernate.orm.results - Extracted JDBC value [0] - [93]
10:24:14.493 [main] DEBUG org.hibernate.id.IdentifierGeneratorHelper - Extracted generated values [org.frcpm.models.Attendance]: [Ljava.lang.Object;@4a9da989
10:24:14.493 [main] DEBUG org.hibernate.event.internal.AbstractFlushingEventListener - Processing flush-time cascades
10:24:14.493 [main] DEBUG org.hibernate.event.internal.AbstractFlushingEventListener - Dirty checking collections
10:24:14.493 [main] DEBUG org.hibernate.event.internal.AbstractFlushingEventListener - Flushed: 0 insertions, 0 updates, 0 deletions to 1 objects
10:24:14.493 [main] DEBUG org.hibernate.event.internal.AbstractFlushingEventListener - Flushed: 0 (re)creations, 0 updates, 0 removals to 0 collections
10:24:14.493 [main] DEBUG org.hibernate.internal.util.EntityPrinter - Listing entities:
10:24:14.493 [main] DEBUG org.hibernate.internal.util.EntityPrinter - org.frcpm.models.Attendance{departureTime=19:45, arrivalTime=18:15, member=org.frcpm.models.TeamMember#150, id=93, present=true, meeting=org.frcpm.models.Meeting#97}
10:24:14.493 [main] DEBUG org.hibernate.engine.transaction.internal.TransactionImpl - committing
10:24:14.493 [main] DEBUG org.hibernate.event.internal.AbstractFlushingEventListener - Processing flush-time cascades
10:24:14.493 [main] DEBUG org.hibernate.event.internal.AbstractFlushingEventListener - Dirty checking collections
10:24:14.493 [main] DEBUG org.hibernate.event.internal.AbstractFlushingEventListener - Flushed: 0 insertions, 0 updates, 0 deletions to 1 objects
10:24:14.493 [main] DEBUG org.hibernate.event.internal.AbstractFlushingEventListener - Flushed: 0 (re)creations, 0 updates, 0 removals to 0 collections
10:24:14.493 [main] DEBUG org.hibernate.internal.util.EntityPrinter - Listing entities:
10:24:14.493 [main] DEBUG org.hibernate.internal.util.EntityPrinter - org.frcpm.models.Attendance{departureTime=19:45, arrivalTime=18:15, member=org.frcpm.models.TeamMember#150, id=93, present=true, meeting=org.frcpm.models.Meeting#97}
10:24:14.493 [main] DEBUG org.hibernate.resource.jdbc.internal.LogicalConnectionManagedImpl - Initiating JDBC connection release from afterTransaction
10:24:14.494 [main] DEBUG org.hibernate.resource.jdbc.internal.LogicalConnectionManagedImpl - Initiating JDBC connection release from afterTransaction
10:24:14.494 [main] DEBUG org.hibernate.orm.sql.exec - Skipping reading Query result cache data: cache-enabled = false, cache-mode = IGNORE
10:24:14.494 [main] DEBUG org.hibernate.orm.results - Initializer list:
	  org.frcpm.models.Attendance -> EntityResultInitializer(org.frcpm.models.Attendance)@1100341967 (SingleTableEntityPersister(org.frcpm.models.Attendance))
	  org.frcpm.models.Attendance.meeting -> EntityDelayedFetchInitializer(org.frcpm.models.Attendance.meeting)@283725816 (ToOneAttributeMapping(NavigableRole[org.frcpm.models.Attendance.meeting])@574973982)
	  org.frcpm.models.Attendance.member -> EntityDelayedFetchInitializer(org.frcpm.models.Attendance.member)@1521314491 (ToOneAttributeMapping(NavigableRole[org.frcpm.models.Attendance.member])@885024955)

10:24:14.494 [main] DEBUG org.hibernate.SQL - select a1_0.id,a1_0.arrival_time,a1_0.departure_time,a1_0.meeting_id,a1_0.member_id,a1_0.present from attendances a1_0 where a1_0.id=?
10:24:14.495 [main] DEBUG org.hibernate.orm.results.loading.entity - (EntityResultInitializer) Hydrated EntityKey (org.frcpm.models.Attendance): 93
10:24:14.495 [main] DEBUG org.hibernate.orm.results.loading.entity - (EntityResultInitializer) Created new entity instance [org.frcpm.models.Attendance#93] : 1456058858
10:24:14.495 [main] DEBUG org.hibernate.orm.results - Extracted JDBC value [3] - [97]
10:24:14.495 [main] DEBUG org.hibernate.orm.results - Extracted JDBC value [4] - [150]
10:24:14.495 [main] DEBUG org.hibernate.orm.results - Extracted JDBC value [1] - [18:15]
10:24:14.495 [main] DEBUG org.hibernate.orm.results - Extracted JDBC value [2] - [19:45]
10:24:14.495 [main] DEBUG org.hibernate.orm.results - Extracted JDBC value [5] - [true]
10:24:14.495 [main] DEBUG org.hibernate.orm.results.loading.entity - (EntityResultInitializer) Done materializing entityInstance : org.frcpm.models.Attendance#93
10:24:14.495 [main] DEBUG org.hibernate.orm.results.loading - Calling top-level assembler (0 / 1) : org.hibernate.sql.results.graph.entity.internal.EntityAssembler@617b8e38
10:24:14.496 [main] DEBUG org.hibernate.resource.jdbc.internal.LogicalConnectionManagedImpl - Initiating JDBC connection release from afterTransaction
10:24:14.496 [main] DEBUG org.hibernate.engine.transaction.internal.TransactionImpl - On TransactionImpl creation, JpaCompliance#isJpaTransactionComplianceEnabled == false
10:24:14.496 [main] DEBUG org.hibernate.engine.transaction.internal.TransactionImpl - begin
10:24:14.496 [main] DEBUG org.hibernate.orm.sql.ast.create - Created new SQL alias : a1_0
10:24:14.497 [main] DEBUG org.hibernate.orm.sql.ast.create - Registration of TableGroup [StandardTableGroup(org.frcpm.models.Attendance)] with identifierForTableGroup [org.frcpm.models.Attendance] for NavigablePath [org.frcpm.models.Attendance] 
10:24:14.497 [main] DEBUG org.hibernate.orm.sql.ast.create - Registration of TableGroup [org.hibernate.sql.ast.tree.from.LazyTableGroup@6cc0e394] with identifierForTableGroup [org.frcpm.models.Attendance.meeting] for NavigablePath [org.frcpm.models.Attendance.meeting] 
10:24:14.497 [main] DEBUG org.hibernate.orm.sql.ast.create - Registration of TableGroup [org.hibernate.sql.ast.tree.from.LazyTableGroup@17c59ff8] with identifierForTableGroup [org.frcpm.models.Attendance.member] for NavigablePath [org.frcpm.models.Attendance.member] 
10:24:14.497 [main] DEBUG org.hibernate.orm.results.graph.AST - DomainResult Graph:
 \-EntityResultImpl [org.frcpm.models.Attendance]
 |  +-BasicFetch [org.frcpm.models.Attendance.arrivalTime]
 |  +-BasicFetch [org.frcpm.models.Attendance.departureTime]
 |  +-EntityDelayedFetchImpl [org.frcpm.models.Attendance.meeting]
 |  +-EntityDelayedFetchImpl [org.frcpm.models.Attendance.member]
 |  \-BasicFetch [org.frcpm.models.Attendance.present]

10:24:14.497 [main] DEBUG org.hibernate.orm.sql.ast.tree - SQL AST Tree:
    SelectStatement {
      FromClause {
        StandardTableGroup (a1 : org.frcpm.models.Attendance) {
          primaryTableReference : attendances as a1_0
          TableGroupJoins {
            left  join LazyTableGroup (m1 : org.frcpm.models.Attendance.meeting) {
            }
            left  join LazyTableGroup (m2 : org.frcpm.models.Attendance.member) {
            }
          }
        }
      }
    }

10:24:14.498 [main] DEBUG org.hibernate.orm.sql.exec - Skipping reading Query result cache data: cache-enabled = false, cache-mode = IGNORE
10:24:14.498 [main] DEBUG org.hibernate.orm.results - Initializer list:
	  org.frcpm.models.Attendance -> EntityResultInitializer(org.frcpm.models.Attendance)@1103451119 (SingleTableEntityPersister(org.frcpm.models.Attendance))
	  org.frcpm.models.Attendance.meeting -> EntityDelayedFetchInitializer(org.frcpm.models.Attendance.meeting)@207331742 (ToOneAttributeMapping(NavigableRole[org.frcpm.models.Attendance.meeting])@574973982)
	  org.frcpm.models.Attendance.member -> EntityDelayedFetchInitializer(org.frcpm.models.Attendance.member)@937084338 (ToOneAttributeMapping(NavigableRole[org.frcpm.models.Attendance.member])@885024955)

10:24:14.498 [main] DEBUG org.hibernate.SQL - select a1_0.id,a1_0.arrival_time,a1_0.departure_time,a1_0.meeting_id,a1_0.member_id,a1_0.present from attendances a1_0 where a1_0.id=?
10:24:14.498 [main] DEBUG org.hibernate.orm.results.loading.entity - (EntityResultInitializer) Hydrated EntityKey (org.frcpm.models.Attendance): 93
10:24:14.498 [main] DEBUG org.hibernate.orm.results.loading.entity - (EntityResultInitializer) Created new entity instance [org.frcpm.models.Attendance#93] : 837347627
10:24:14.498 [main] DEBUG org.hibernate.orm.results - Extracted JDBC value [3] - [97]
10:24:14.499 [main] DEBUG org.hibernate.orm.results - Extracted JDBC value [4] - [150]
10:24:14.499 [main] DEBUG org.hibernate.orm.results - Extracted JDBC value [1] - [18:15]
10:24:14.499 [main] DEBUG org.hibernate.orm.results - Extracted JDBC value [2] - [19:45]
10:24:14.499 [main] DEBUG org.hibernate.orm.results - Extracted JDBC value [5] - [true]
10:24:14.499 [main] DEBUG org.hibernate.orm.results.loading.entity - (EntityResultInitializer) Done materializing entityInstance : org.frcpm.models.Attendance#93
10:24:14.499 [main] DEBUG org.hibernate.orm.results.loading - Calling top-level assembler (0 / 1) : org.hibernate.sql.results.graph.entity.internal.EntityAssembler@507e5df1
10:24:14.499 [main] DEBUG org.hibernate.engine.transaction.internal.TransactionImpl - committing
10:24:14.500 [main] DEBUG org.hibernate.event.internal.AbstractFlushingEventListener - Processing flush-time cascades
10:24:14.500 [main] DEBUG org.hibernate.event.internal.AbstractFlushingEventListener - Dirty checking collections
10:24:14.500 [main] DEBUG org.hibernate.event.internal.AbstractFlushingEventListener - Flushed: 0 insertions, 0 updates, 1 deletions to 1 objects
10:24:14.500 [main] DEBUG org.hibernate.event.internal.AbstractFlushingEventListener - Flushed: 0 (re)creations, 0 updates, 0 removals to 0 collections
10:24:14.500 [main] DEBUG org.hibernate.internal.util.EntityPrinter - Listing entities:
10:24:14.500 [main] DEBUG org.hibernate.internal.util.EntityPrinter - org.frcpm.models.Attendance{departureTime=19:45, arrivalTime=18:15, member=<uninitialized>, id=93, present=true, meeting=<uninitialized>}
10:24:14.501 [main] DEBUG org.hibernate.SQL - delete from attendances where id=?
10:24:14.501 [main] DEBUG org.hibernate.orm.jdbc.batch - PreparedStatementDetails did not contain PreparedStatement on #releaseStatements : delete from attendances where id=?
10:24:14.502 [main] DEBUG org.hibernate.orm.jdbc.batch - PreparedStatementDetails did not contain PreparedStatement on #releaseStatements : delete from attendances where id=?
10:24:14.502 [main] DEBUG org.hibernate.resource.jdbc.internal.LogicalConnectionManagedImpl - Initiating JDBC connection release from afterTransaction
10:24:14.502 [main] DEBUG org.hibernate.orm.jdbc.batch - PreparedStatementDetails did not contain PreparedStatement on #releaseStatements : delete from attendances where id=?
10:24:14.502 [main] DEBUG org.hibernate.orm.jdbc.batch - PreparedStatementDetails did not contain PreparedStatement on #releaseStatements : delete from attendances where id=?
10:24:14.502 [main] DEBUG org.hibernate.resource.jdbc.internal.LogicalConnectionManagedImpl - Initiating JDBC connection release from afterTransaction
10:24:14.502 [main] DEBUG org.hibernate.engine.jdbc.internal.JdbcCoordinatorImpl - HHH000420: Closing un-released batch
10:24:14.502 [main] DEBUG org.hibernate.orm.jdbc.batch - PreparedStatementDetails did not contain PreparedStatement on #releaseStatements : delete from attendances where id=?
10:24:14.502 [main] DEBUG org.hibernate.orm.jdbc.batch - PreparedStatementDetails did not contain PreparedStatement on #releaseStatements : delete from attendances where id=?
10:24:14.502 [main] DEBUG org.hibernate.engine.transaction.internal.TransactionImpl - On TransactionImpl creation, JpaCompliance#isJpaTransactionComplianceEnabled == false
10:24:14.502 [main] DEBUG org.hibernate.engine.transaction.internal.TransactionImpl - begin
10:24:14.502 [main] DEBUG org.hibernate.orm.sql.ast.create - Created new SQL alias : m1_0
10:24:14.502 [main] DEBUG org.hibernate.orm.sql.ast.create - Registration of TableGroup [StandardTableGroup(org.frcpm.models.Meeting)] with identifierForTableGroup [org.frcpm.models.Meeting] for NavigablePath [org.frcpm.models.Meeting] 
10:24:14.502 [main] DEBUG org.hibernate.orm.sql.ast.create - Registration of TableGroup [org.hibernate.sql.ast.tree.from.LazyTableGroup@302affb0] with identifierForTableGroup [org.frcpm.models.Meeting.project] for NavigablePath [org.frcpm.models.Meeting.project] 
10:24:14.502 [main] DEBUG org.hibernate.orm.sql.ast.create - Created new SQL alias : a1_0
10:24:14.502 [main] DEBUG org.hibernate.orm.sql.ast.create - Registration of TableGroup [org.hibernate.sql.ast.tree.from.OneToManyTableGroup@64ceb5c4] with identifierForTableGroup [org.frcpm.models.Meeting.attendances] for NavigablePath [org.frcpm.models.Meeting.attendances] 
10:24:14.502 [main] DEBUG org.hibernate.orm.sql.ast.create - Registration of TableGroup [StandardTableGroup(org.frcpm.models.Meeting.attendances.{element})] with identifierForTableGroup [org.frcpm.models.Meeting.attendances.{element}] for NavigablePath [org.frcpm.models.Meeting.attendances.{element}] 
10:24:14.502 [main] DEBUG org.hibernate.orm.sql.ast.create - Registration of TableGroup [org.hibernate.sql.ast.tree.from.LazyTableGroup@22cc14bf] with identifierForTableGroup [org.frcpm.models.Meeting.attendances.{element}.meeting] for NavigablePath [org.frcpm.models.Meeting.attendances.{element}.meeting] 
10:24:14.502 [main] DEBUG org.hibernate.orm.sql.ast.create - Registration of TableGroup [org.hibernate.sql.ast.tree.from.LazyTableGroup@6c611538] with identifierForTableGroup [org.frcpm.models.Meeting.attendances.{element}.member] for NavigablePath [org.frcpm.models.Meeting.attendances.{element}.member] 
10:24:14.503 [main] DEBUG org.hibernate.orm.results.graph.AST - DomainResult Graph:
 \-EntityResultImpl [org.frcpm.models.Meeting]
 |  +-EagerCollectionFetch [org.frcpm.models.Meeting.attendances]
 |  |  \-EntityFetchJoinedImpl [org.frcpm.models.Meeting.attendances.{element}]
 |  +-BasicFetch [org.frcpm.models.Meeting.date]
 |  +-BasicFetch [org.frcpm.models.Meeting.endTime]
 |  +-BasicFetch [org.frcpm.models.Meeting.notes]
 |  +-EntityDelayedFetchImpl [org.frcpm.models.Meeting.project]
 |  \-BasicFetch [org.frcpm.models.Meeting.startTime]

10:24:14.503 [main] DEBUG org.hibernate.orm.sql.ast.tree - SQL AST Tree:
    SelectStatement {
      FromClause {
        StandardTableGroup (m1 : org.frcpm.models.Meeting) {
          primaryTableReference : meetings as m1_0
          TableGroupJoins {
            left  join LazyTableGroup (p1 : org.frcpm.models.Meeting.project) {
            }
            left  join OneToManyTableGroup (a1 : org.frcpm.models.Meeting.attendances) {
              primaryTableReference : attendances as a1_0
              TableGroupJoins {
                left  join LazyTableGroup (m2 : org.frcpm.models.Meeting.attendances.{element}.meeting) {
                }
                left  join LazyTableGroup (m3 : org.frcpm.models.Meeting.attendances.{element}.member) {
                }
              }
            }
          }
        }
      }
    }

10:24:14.503 [main] DEBUG org.hibernate.orm.sql.exec - Skipping reading Query result cache data: cache-enabled = false, cache-mode = IGNORE
10:24:14.503 [main] DEBUG org.hibernate.orm.results - Initializer list:
	  org.frcpm.models.Meeting -> EntityResultInitializer(org.frcpm.models.Meeting)@1060861700 (SingleTableEntityPersister(org.frcpm.models.Meeting))
	  org.frcpm.models.Meeting.attendances -> BagInitializer(org.frcpm.models.Meeting.attendances)@522632490 (PluralAttribute(org.frcpm.models.Meeting.attendances))
	  org.frcpm.models.Meeting.attendances.{element}.member -> EntityDelayedFetchInitializer(org.frcpm.models.Meeting.attendances.{element}.member)@2064298787 (ToOneAttributeMapping(NavigableRole[org.frcpm.models.Attendance.member])@885024955)
	  org.frcpm.models.Meeting.project -> EntityDelayedFetchInitializer(org.frcpm.models.Meeting.project)@26154610 (ToOneAttributeMapping(NavigableRole[org.frcpm.models.Meeting.project])@1701368336)
	  org.frcpm.models.Meeting.attendances.{element} -> EntityJoinedFetchInitializer(org.frcpm.models.Meeting.attendances.{element})@1326312570 (EntityCollectionPart(org.frcpm.models.Meeting.attendances#{element})@1638980883)

10:24:14.503 [main] DEBUG org.hibernate.SQL - select m1_0.id,m1_0.date,m1_0.end_time,m1_0.notes,m1_0.project_id,m1_0.start_time,a1_0.meeting_id,a1_0.id,a1_0.arrival_time,a1_0.departure_time,a1_0.member_id,a1_0.present from meetings m1_0 left join attendances a1_0 on m1_0.id=a1_0.meeting_id where m1_0.id=?
10:24:14.504 [main] DEBUG org.hibernate.orm.results.loading.entity - (EntityResultInitializer) Hydrated EntityKey (org.frcpm.models.Meeting): 97
10:24:14.504 [main] DEBUG org.hibernate.orm.results.loading.org.hibernate.orm.results.loading.collection - (BagInitializer) Current row collection key : org.frcpm.models.Meeting.attendances#97
10:24:14.504 [main] DEBUG org.hibernate.orm.results - Extracted JDBC value [6] - [null]
10:24:14.504 [main] DEBUG org.hibernate.orm.results - Extracted JDBC value [7] - [null]
10:24:14.504 [main] DEBUG org.hibernate.orm.results.loading.entity - (EntityJoinedFetchInitializer) EntityKey (org.frcpm.models.Meeting.attendances.{element}) is null
10:24:14.504 [main] DEBUG org.hibernate.orm.results.loading.entity - (EntityResultInitializer) Created new entity instance [org.frcpm.models.Meeting#97] : 459311038
10:24:14.504 [main] DEBUG org.hibernate.orm.results.loading.org.hibernate.orm.results.loading.collection - (BagInitializer) Created new collection wrapper [org.frcpm.models.Meeting.attendances#97] : org.hibernate.collection.spi.PersistentBag@2095028612
10:24:14.504 [main] DEBUG org.hibernate.orm.results.loading.org.hibernate.orm.results.loading.collection - (BagInitializer) Responsible for loading collection [org.frcpm.models.Meeting.attendances#97] : org.hibernate.collection.spi.PersistentBag@2095028612
10:24:14.504 [main] DEBUG org.hibernate.orm.results - Extracted JDBC value [4] - [163]
10:24:14.504 [main] DEBUG org.hibernate.orm.results - Extracted JDBC value [1] - [2025-04-30]
10:24:14.504 [main] DEBUG org.hibernate.orm.results - Extracted JDBC value [2] - [20:00]
10:24:14.504 [main] DEBUG org.hibernate.orm.results - Extracted JDBC value [3] - [null]
10:24:14.504 [main] DEBUG org.hibernate.orm.results - Extracted JDBC value [5] - [18:00]
10:24:14.504 [main] DEBUG org.hibernate.orm.results.loading.entity - (EntityResultInitializer) Done materializing entityInstance : org.frcpm.models.Meeting#97
10:24:14.504 [main] DEBUG org.hibernate.orm.results.loading - Calling top-level assembler (0 / 1) : org.hibernate.sql.results.graph.entity.internal.EntityAssembler@4fc74e2d
10:24:14.504 [main] DEBUG org.hibernate.sql.results.internal.ResultsHelper - Collection fully initialized: [org.frcpm.models.Meeting.attendances#97]
10:24:14.504 [main] DEBUG org.hibernate.engine.spi.CollectionEntry - Reset storedSnapshot to [] for CollectionEntry[org.frcpm.models.Meeting.attendances#97]
10:24:14.505 [main] DEBUG org.hibernate.engine.transaction.internal.TransactionImpl - committing
10:24:14.505 [main] DEBUG org.hibernate.event.internal.AbstractFlushingEventListener - Processing flush-time cascades
10:24:14.505 [main] DEBUG org.hibernate.event.internal.AbstractFlushingEventListener - Dirty checking collections
10:24:14.505 [main] DEBUG org.hibernate.engine.internal.Collections - Collection dereferenced: [org.frcpm.models.Meeting.attendances#97]
10:24:14.505 [main] DEBUG org.hibernate.event.internal.AbstractFlushingEventListener - Flushed: 0 insertions, 0 updates, 1 deletions to 1 objects
10:24:14.505 [main] DEBUG org.hibernate.event.internal.AbstractFlushingEventListener - Flushed: 0 (re)creations, 0 updates, 1 removals to 1 collections
10:24:14.505 [main] DEBUG org.hibernate.internal.util.EntityPrinter - Listing entities:
10:24:14.505 [main] DEBUG org.hibernate.internal.util.EntityPrinter - org.frcpm.models.Meeting{date=2025-04-30, notes=null, project=<uninitialized>, startTime=18:00, id=97, endTime=20:00, attendances=[]}
10:24:14.505 [main] DEBUG org.hibernate.SQL - delete from meetings where id=?
10:24:14.506 [main] DEBUG org.hibernate.orm.jdbc.batch - PreparedStatementDetails did not contain PreparedStatement on #releaseStatements : delete from meetings where id=?
10:24:14.506 [main] DEBUG org.hibernate.orm.jdbc.batch - PreparedStatementDetails did not contain PreparedStatement on #releaseStatements : delete from meetings where id=?
10:24:14.506 [main] DEBUG org.hibernate.resource.jdbc.internal.LogicalConnectionManagedImpl - Initiating JDBC connection release from afterTransaction
10:24:14.506 [main] DEBUG org.hibernate.orm.jdbc.batch - PreparedStatementDetails did not contain PreparedStatement on #releaseStatements : delete from meetings where id=?
10:24:14.506 [main] DEBUG org.hibernate.orm.jdbc.batch - PreparedStatementDetails did not contain PreparedStatement on #releaseStatements : delete from meetings where id=?
10:24:14.506 [main] DEBUG org.hibernate.resource.jdbc.internal.LogicalConnectionManagedImpl - Initiating JDBC connection release from afterTransaction
10:24:14.506 [main] DEBUG org.hibernate.engine.jdbc.internal.JdbcCoordinatorImpl - HHH000420: Closing un-released batch
10:24:14.506 [main] DEBUG org.hibernate.orm.jdbc.batch - PreparedStatementDetails did not contain PreparedStatement on #releaseStatements : delete from meetings where id=?
10:24:14.506 [main] DEBUG org.hibernate.orm.jdbc.batch - PreparedStatementDetails did not contain PreparedStatement on #releaseStatements : delete from meetings where id=?
10:24:14.506 [main] DEBUG org.hibernate.engine.transaction.internal.TransactionImpl - On TransactionImpl creation, JpaCompliance#isJpaTransactionComplianceEnabled == false
10:24:14.506 [main] DEBUG org.hibernate.engine.transaction.internal.TransactionImpl - begin
10:24:14.507 [main] DEBUG org.hibernate.orm.sql.ast.create - Created new SQL alias : tm1_0
10:24:14.507 [main] DEBUG org.hibernate.orm.sql.ast.create - Registration of TableGroup [StandardTableGroup(org.frcpm.models.TeamMember)] with identifierForTableGroup [org.frcpm.models.TeamMember] for NavigablePath [org.frcpm.models.TeamMember] 
10:24:14.507 [main] DEBUG org.hibernate.orm.sql.ast.create - Created new SQL alias : a1_0
10:24:14.507 [main] DEBUG org.hibernate.orm.sql.ast.create - Registration of TableGroup [org.hibernate.sql.ast.tree.from.OneToManyTableGroup@1d72edfd] with identifierForTableGroup [org.frcpm.models.TeamMember.attendances] for NavigablePath [org.frcpm.models.TeamMember.attendances] 
10:24:14.507 [main] DEBUG org.hibernate.orm.sql.ast.create - Registration of TableGroup [StandardTableGroup(org.frcpm.models.TeamMember.attendances.{element})] with identifierForTableGroup [org.frcpm.models.TeamMember.attendances.{element}] for NavigablePath [org.frcpm.models.TeamMember.attendances.{element}] 
10:24:14.507 [main] DEBUG org.hibernate.orm.sql.ast.create - Registration of TableGroup [org.hibernate.sql.ast.tree.from.LazyTableGroup@1d61546e] with identifierForTableGroup [org.frcpm.models.TeamMember.attendances.{element}.meeting] for NavigablePath [org.frcpm.models.TeamMember.attendances.{element}.meeting] 
10:24:14.507 [main] DEBUG org.hibernate.orm.sql.ast.create - Registration of TableGroup [org.hibernate.sql.ast.tree.from.LazyTableGroup@6cad16f8] with identifierForTableGroup [org.frcpm.models.TeamMember.attendances.{element}.member] for NavigablePath [org.frcpm.models.TeamMember.attendances.{element}.member] 
10:24:14.507 [main] DEBUG org.hibernate.orm.sql.ast.create - Registration of TableGroup [org.hibernate.sql.ast.tree.from.LazyTableGroup@71efe908] with identifierForTableGroup [org.frcpm.models.TeamMember.subteam] for NavigablePath [org.frcpm.models.TeamMember.subteam] 
10:24:14.507 [main] DEBUG org.hibernate.orm.results.graph.AST - DomainResult Graph:
 \-EntityResultImpl [org.frcpm.models.TeamMember]
 |  +-DelayedCollectionFetch [org.frcpm.models.TeamMember.assignedTasks]
 |  +-EagerCollectionFetch [org.frcpm.models.TeamMember.attendances]
 |  |  \-EntityFetchJoinedImpl [org.frcpm.models.TeamMember.attendances.{element}]
 |  +-BasicFetch [org.frcpm.models.TeamMember.email]
 |  +-BasicFetch [org.frcpm.models.TeamMember.firstName]
 |  +-BasicFetch [org.frcpm.models.TeamMember.lastName]
 |  +-BasicFetch [org.frcpm.models.TeamMember.leader]
 |  +-BasicFetch [org.frcpm.models.TeamMember.phone]
 |  +-BasicFetch [org.frcpm.models.TeamMember.skills]
 |  +-EntityDelayedFetchImpl [org.frcpm.models.TeamMember.subteam]
 |  \-BasicFetch [org.frcpm.models.TeamMember.username]

10:24:14.507 [main] DEBUG org.hibernate.orm.sql.ast.tree - SQL AST Tree:
    SelectStatement {
      FromClause {
        StandardTableGroup (tm1 : org.frcpm.models.TeamMember) {
          primaryTableReference : team_members as tm1_0
          TableGroupJoins {
            left  join OneToManyTableGroup (a1 : org.frcpm.models.TeamMember.attendances) {
              primaryTableReference : attendances as a1_0
              TableGroupJoins {
                left  join LazyTableGroup (m1 : org.frcpm.models.TeamMember.attendances.{element}.meeting) {
                }
                left  join LazyTableGroup (m2 : org.frcpm.models.TeamMember.attendances.{element}.member) {
                }
              }
            }
            left  join LazyTableGroup (s1 : org.frcpm.models.TeamMember.subteam) {
            }
          }
        }
      }
    }

10:24:14.507 [main] DEBUG org.hibernate.orm.sql.exec - Skipping reading Query result cache data: cache-enabled = false, cache-mode = IGNORE
10:24:14.508 [main] DEBUG org.hibernate.orm.results - Initializer list:
	  org.frcpm.models.TeamMember.subteam -> EntityDelayedFetchInitializer(org.frcpm.models.TeamMember.subteam)@185805228 (ToOneAttributeMapping(NavigableRole[org.frcpm.models.TeamMember.subteam])@1023620592)
	  org.frcpm.models.TeamMember.attendances.{element} -> EntityJoinedFetchInitializer(org.frcpm.models.TeamMember.attendances.{element})@858406129 (EntityCollectionPart(org.frcpm.models.TeamMember.attendances#{element})@1399089179)
	  org.frcpm.models.TeamMember.assignedTasks -> DelayedCollectionInitializer(org.frcpm.models.TeamMember.assignedTasks)@1093170578 (PluralAttribute(org.frcpm.models.TeamMember.assignedTasks))
	  org.frcpm.models.TeamMember.attendances.{element}.meeting -> EntityDelayedFetchInitializer(org.frcpm.models.TeamMember.attendances.{element}.meeting)@1705010418 (ToOneAttributeMapping(NavigableRole[org.frcpm.models.Attendance.meeting])@574973982)
	  org.frcpm.models.TeamMember -> EntityResultInitializer(org.frcpm.models.TeamMember)@126816515 (SingleTableEntityPersister(org.frcpm.models.TeamMember))
	  org.frcpm.models.TeamMember.attendances -> SetInitializer(org.frcpm.models.TeamMember.attendances)@2010879321 (PluralAttribute(org.frcpm.models.TeamMember.attendances))

10:24:14.508 [main] DEBUG org.hibernate.SQL - select tm1_0.id,a1_0.member_id,a1_0.id,a1_0.arrival_time,a1_0.departure_time,a1_0.meeting_id,a1_0.present,tm1_0.email,tm1_0.first_name,tm1_0.last_name,tm1_0.is_leader,tm1_0.phone,tm1_0.skills,tm1_0.subteam_id,tm1_0.username from team_members tm1_0 left join attendances a1_0 on tm1_0.id=a1_0.member_id where tm1_0.id=?
10:24:14.509 [main] DEBUG org.hibernate.orm.results.loading.entity - (EntityResultInitializer) Hydrated EntityKey (org.frcpm.models.TeamMember): 150
10:24:14.509 [main] DEBUG org.hibernate.orm.results.loading.org.hibernate.orm.results.loading.collection - (SetInitializer) Current row collection key : org.frcpm.models.TeamMember.attendances#150
10:24:14.509 [main] DEBUG org.hibernate.orm.results - Extracted JDBC value [1] - [null]
10:24:14.509 [main] DEBUG org.hibernate.orm.results - Extracted JDBC value [2] - [null]
10:24:14.509 [main] DEBUG org.hibernate.orm.results.loading.entity - (EntityJoinedFetchInitializer) EntityKey (org.frcpm.models.TeamMember.attendances.{element}) is null
10:24:14.509 [main] DEBUG org.hibernate.orm.results.loading.org.hibernate.orm.results.loading.collection - (DelayedCollectionInitializer) Current row collection key : org.frcpm.models.TeamMember.assignedTasks#150
10:24:14.509 [main] DEBUG org.hibernate.orm.results.loading.entity - (EntityResultInitializer) Created new entity instance [org.frcpm.models.TeamMember#150] : 1816435461
10:24:14.509 [main] DEBUG org.hibernate.orm.results.loading.org.hibernate.orm.results.loading.collection - (SetInitializer) Created new collection wrapper [org.frcpm.models.TeamMember.attendances#150] : org.hibernate.collection.spi.PersistentSet@1561328637
10:24:14.509 [main] DEBUG org.hibernate.orm.results.loading.org.hibernate.orm.results.loading.collection - (SetInitializer) Responsible for loading collection [org.frcpm.models.TeamMember.attendances#150] : org.hibernate.collection.spi.PersistentSet@1561328637
10:24:14.509 [main] DEBUG org.hibernate.orm.results - Extracted JDBC value [13] - [null]
10:24:14.509 [main] DEBUG org.hibernate.orm.results - Extracted JDBC value [7] - [save@example.com]
10:24:14.509 [main] DEBUG org.hibernate.orm.results - Extracted JDBC value [8] - [Save]
10:24:14.509 [main] DEBUG org.hibernate.orm.results - Extracted JDBC value [9] - [Test]
10:24:14.509 [main] DEBUG org.hibernate.orm.results - Extracted JDBC value [10] - [false]
10:24:14.509 [main] DEBUG org.hibernate.orm.results - Extracted JDBC value [11] - [null]
10:24:14.509 [main] DEBUG org.hibernate.orm.results - Extracted JDBC value [12] - [null]
10:24:14.509 [main] DEBUG org.hibernate.orm.results - Extracted JDBC value [14] - [attendancesave]
10:24:14.509 [main] DEBUG org.hibernate.orm.results.loading.entity - (EntityResultInitializer) Done materializing entityInstance : org.frcpm.models.TeamMember#150
10:24:14.509 [main] DEBUG org.hibernate.orm.results.loading - Calling top-level assembler (0 / 1) : org.hibernate.sql.results.graph.entity.internal.EntityAssembler@2aff3063
10:24:14.509 [main] DEBUG org.hibernate.sql.results.internal.ResultsHelper - Collection fully initialized: [org.frcpm.models.TeamMember.attendances#150]
10:24:14.509 [main] DEBUG org.hibernate.engine.spi.CollectionEntry - Reset storedSnapshot to {} for CollectionEntry[org.frcpm.models.TeamMember.assignedTasks#150]
10:24:14.509 [main] DEBUG org.hibernate.engine.spi.CollectionEntry - Reset storedSnapshot to {} for CollectionEntry[org.frcpm.models.TeamMember.attendances#150]
10:24:14.509 [main] DEBUG org.hibernate.engine.transaction.internal.TransactionImpl - committing
10:24:14.509 [main] DEBUG org.hibernate.event.internal.AbstractFlushingEventListener - Processing flush-time cascades
10:24:14.509 [main] DEBUG org.hibernate.event.internal.AbstractFlushingEventListener - Dirty checking collections
10:24:14.509 [main] DEBUG org.hibernate.engine.internal.Collections - Collection dereferenced: [org.frcpm.models.TeamMember.assignedTasks#150]
10:24:14.509 [main] DEBUG org.hibernate.engine.internal.Collections - Collection dereferenced: [org.frcpm.models.TeamMember.attendances#150]
10:24:14.509 [main] DEBUG org.hibernate.event.internal.AbstractFlushingEventListener - Flushed: 0 insertions, 0 updates, 1 deletions to 1 objects
10:24:14.509 [main] DEBUG org.hibernate.event.internal.AbstractFlushingEventListener - Flushed: 0 (re)creations, 0 updates, 2 removals to 2 collections
10:24:14.509 [main] DEBUG org.hibernate.internal.util.EntityPrinter - Listing entities:
10:24:14.509 [main] DEBUG org.hibernate.internal.util.EntityPrinter - org.frcpm.models.TeamMember{skills=null, firstName=Save, lastName=Test, leader=false, subteam=null, phone=null, id=150, attendances=[], email=save@example.com, assignedTasks=<uninitialized>, username=attendancesave}
10:24:14.510 [main] DEBUG org.hibernate.SQL - delete from team_members where id=?
10:24:14.510 [main] DEBUG org.hibernate.orm.jdbc.batch - PreparedStatementDetails did not contain PreparedStatement on #releaseStatements : delete from team_members where id=?
10:24:14.510 [main] DEBUG org.hibernate.orm.jdbc.batch - PreparedStatementDetails did not contain PreparedStatement on #releaseStatements : delete from team_members where id=?
10:24:14.510 [main] DEBUG org.hibernate.resource.jdbc.internal.LogicalConnectionManagedImpl - Initiating JDBC connection release from afterTransaction
10:24:14.510 [main] DEBUG org.hibernate.orm.jdbc.batch - PreparedStatementDetails did not contain PreparedStatement on #releaseStatements : delete from team_members where id=?
10:24:14.510 [main] DEBUG org.hibernate.orm.jdbc.batch - PreparedStatementDetails did not contain PreparedStatement on #releaseStatements : delete from team_members where id=?
10:24:14.510 [main] DEBUG org.hibernate.resource.jdbc.internal.LogicalConnectionManagedImpl - Initiating JDBC connection release from afterTransaction
10:24:14.510 [main] DEBUG org.hibernate.engine.jdbc.internal.JdbcCoordinatorImpl - HHH000420: Closing un-released batch
10:24:14.510 [main] DEBUG org.hibernate.orm.jdbc.batch - PreparedStatementDetails did not contain PreparedStatement on #releaseStatements : delete from team_members where id=?
10:24:14.510 [main] DEBUG org.hibernate.orm.jdbc.batch - PreparedStatementDetails did not contain PreparedStatement on #releaseStatements : delete from team_members where id=?
10:24:14.511 [main] DEBUG org.hibernate.orm.query.hql - HQL : SELECT a FROM Attendance a WHERE a.meeting = :meeting
10:24:14.511 [main] DEBUG org.hibernate.orm.query.sqm.creation - Applying inferable type to SqmExpression [SqmNamedParameter(meeting)] : null -> org.frcpm.models.Attendance#meeting(MANY_TO_ONE)
10:24:14.511 [main] DEBUG org.hibernate.orm.query.sqm.ast - SqmStatement Tree :
    -> [select]
      -> [query-spec]
        -> [select]
          -> [selection]
            -> [root] - `org.frcpm.models.Attendance(a)`
            <- [root] - `org.frcpm.models.Attendance(a)`
          <- [selection]
        <- [select]
        -> [from]
          -> [root] - `org.frcpm.models.Attendance(a)`
          <- [root] - `org.frcpm.models.Attendance(a)`
        <- [from]
        -> [where]
          -> [EQUAL]
              -> [entity-path] - `org.frcpm.models.Attendance(a).meeting`
              :meeting
          <- [EQUAL]
        <- [where]
      <- [query-spec]
    <- [select]

10:24:14.512 [main] DEBUG org.hibernate.orm.sql.ast.create - Created new SQL alias : a1_0
10:24:14.512 [main] DEBUG org.hibernate.orm.sql.ast.create - Registration of TableGroup [StandardTableGroup(org.frcpm.models.Attendance(a))] with identifierForTableGroup [org.frcpm.models.Attendance] for NavigablePath [org.frcpm.models.Attendance] 
10:24:14.512 [main] DEBUG org.hibernate.orm.sql.ast.create - Registration of TableGroup [org.hibernate.sql.ast.tree.from.LazyTableGroup@1bcb0cae] with identifierForTableGroup [org.frcpm.models.Attendance.meeting] for NavigablePath [org.frcpm.models.Attendance.meeting] 
10:24:14.512 [main] DEBUG org.hibernate.orm.sql.ast.create - Registration of TableGroup [org.hibernate.sql.ast.tree.from.LazyTableGroup@2f42c19e] with identifierForTableGroup [org.frcpm.models.Attendance.member] for NavigablePath [org.frcpm.models.Attendance.member] 
10:24:14.512 [main] DEBUG org.hibernate.orm.sql.ast.create - Registration of TableGroup [org.hibernate.sql.ast.tree.from.LazyTableGroup@381f3850] with identifierForTableGroup [org.frcpm.models.Attendance.meeting] for NavigablePath [org.frcpm.models.Attendance.meeting] 
10:24:14.512 [main] DEBUG org.hibernate.orm.sql.ast.create - Registration of TableGroup [org.hibernate.sql.ast.tree.from.LazyTableGroup@381f3850] for NavigablePath [org.frcpm.models.Attendance(a).meeting] overrode previous registration : org.hibernate.sql.ast.tree.from.LazyTableGroup@1bcb0cae
10:24:14.512 [main] DEBUG org.hibernate.query.sqm.sql.BaseSqmToSqlAstConverter - Determining mapping-model type for SqmParameter : SqmNamedParameter(meeting)
10:24:14.512 [main] DEBUG org.hibernate.query.sqm.sql.BaseSqmToSqlAstConverter - Determining mapping-model type for SqmParameter : SqmNamedParameter(meeting)
10:24:14.512 [main] DEBUG org.hibernate.query.sqm.sql.BaseSqmToSqlAstConverter - Determining mapping-model type for SqmPath : SqmEntityValuedSimplePath(org.frcpm.models.Attendance(a).meeting) 
10:24:14.512 [main] DEBUG org.hibernate.orm.results.graph.AST - DomainResult Graph:
 \-EntityResultImpl [org.frcpm.models.Attendance(a)]
 |  +-BasicFetch [org.frcpm.models.Attendance(a).arrivalTime]
 |  +-BasicFetch [org.frcpm.models.Attendance(a).departureTime]
 |  +-CircularFetchImpl [org.frcpm.models.Attendance(a).meeting]
 |  +-CircularFetchImpl [org.frcpm.models.Attendance(a).member]
 |  \-BasicFetch [org.frcpm.models.Attendance(a).present]

10:24:14.512 [main] DEBUG org.hibernate.orm.sql.ast.tree - SQL AST Tree:
    SelectStatement {
      FromClause {
        StandardTableGroup (a1 : org.frcpm.models.Attendance(a)) {
          primaryTableReference : attendances as a1_0
          TableGroupJoins {
            left  join LazyTableGroup (m1 : org.frcpm.models.Attendance(a).meeting) {
            }
            left  join LazyTableGroup (m2 : org.frcpm.models.Attendance(a).member) {
            }
             join LazyTableGroup (m3 : org.frcpm.models.Attendance(a).meeting) {
            }
          }
        }
      }
    }

10:24:14.512 [main] DEBUG org.hibernate.orm.sql.exec - Skipping reading Query result cache data: cache-enabled = false, cache-mode = NORMAL
10:24:14.513 [main] DEBUG org.hibernate.orm.results - Initializer list:
	  org.frcpm.models.Attendance(a) -> EntityResultInitializer(org.frcpm.models.Attendance(a))@1979981088 (SingleTableEntityPersister(org.frcpm.models.Attendance))
	  org.frcpm.models.Attendance(a).meeting -> EntityDelayedFetchInitializer(org.frcpm.models.Attendance(a).meeting)@439704329 (ToOneAttributeMapping(NavigableRole[org.frcpm.models.Attendance.meeting])@574973982)
	  org.frcpm.models.Attendance(a).member -> EntityDelayedFetchInitializer(org.frcpm.models.Attendance(a).member)@1537818023 (ToOneAttributeMapping(NavigableRole[org.frcpm.models.Attendance.member])@885024955)

10:24:14.513 [main] DEBUG org.hibernate.SQL - select a1_0.id,a1_0.arrival_time,a1_0.departure_time,a1_0.meeting_id,a1_0.member_id,a1_0.present from attendances a1_0 where a1_0.meeting_id=?
10:24:14.513 [main] DEBUG org.hibernate.orm.results - Extracted JDBC value [0] - [91]
10:24:14.514 [main] DEBUG org.hibernate.orm.results.loading.entity - (EntityResultInitializer) Hydrated EntityKey (org.frcpm.models.Attendance(a)): 91
10:24:14.514 [main] DEBUG org.hibernate.orm.results.loading.entity - (EntityResultInitializer) Created new entity instance [org.frcpm.models.Attendance(a)#91] : 1765009824
10:24:14.514 [main] DEBUG org.hibernate.orm.results - Extracted JDBC value [3] - [96]
10:24:14.514 [main] DEBUG org.hibernate.orm.results - Extracted JDBC value [4] - [148]
10:24:14.514 [main] DEBUG org.hibernate.orm.results - Extracted JDBC value [1] - [18:00]
10:24:14.514 [main] DEBUG org.hibernate.orm.results - Extracted JDBC value [2] - [20:00]
10:24:14.514 [main] DEBUG org.hibernate.orm.results - Extracted JDBC value [5] - [true]
10:24:14.514 [main] DEBUG org.hibernate.orm.results.loading.entity - (EntityResultInitializer) Done materializing entityInstance : org.frcpm.models.Attendance(a)#91
10:24:14.514 [main] DEBUG org.hibernate.orm.results.loading - Calling top-level assembler (0 / 1) : org.hibernate.sql.results.graph.entity.internal.EntityAssembler@7b65b524
10:24:14.514 [main] DEBUG org.hibernate.orm.results - Extracted JDBC value [0] - [92]
10:24:14.514 [main] DEBUG org.hibernate.orm.results.loading.entity - (EntityResultInitializer) Hydrated EntityKey (org.frcpm.models.Attendance(a)): 92
10:24:14.514 [main] DEBUG org.hibernate.orm.results.loading.entity - (EntityResultInitializer) Created new entity instance [org.frcpm.models.Attendance(a)#92] : 1534752885
10:24:14.514 [main] DEBUG org.hibernate.orm.results - Extracted JDBC value [3] - [96]
10:24:14.514 [main] DEBUG org.hibernate.orm.results - Extracted JDBC value [4] - [149]
10:24:14.514 [main] DEBUG org.hibernate.orm.results - Extracted JDBC value [1] - [null]
10:24:14.514 [main] DEBUG org.hibernate.orm.results - Extracted JDBC value [2] - [null]
10:24:14.514 [main] DEBUG org.hibernate.orm.results - Extracted JDBC value [5] - [false]
10:24:14.514 [main] DEBUG org.hibernate.orm.results.loading.entity - (EntityResultInitializer) Done materializing entityInstance : org.frcpm.models.Attendance(a)#92
10:24:14.514 [main] DEBUG org.hibernate.orm.results.loading - Calling top-level assembler (0 / 1) : org.hibernate.sql.results.graph.entity.internal.EntityAssembler@7b65b524
10:24:14.515 [main] DEBUG org.hibernate.resource.jdbc.internal.LogicalConnectionManagedImpl - Initiating JDBC connection release from afterTransaction
10:24:14.515 [main] DEBUG org.hibernate.resource.jdbc.internal.LogicalConnectionManagedImpl - Initiating JDBC connection release from afterTransaction
10:24:14.515 [main] DEBUG org.hibernate.engine.transaction.internal.TransactionImpl - On TransactionImpl creation, JpaCompliance#isJpaTransactionComplianceEnabled == false
10:24:14.515 [main] DEBUG org.hibernate.engine.transaction.internal.TransactionImpl - begin
10:24:14.515 [main] DEBUG org.hibernate.orm.sql.exec - Skipping reading Query result cache data: cache-enabled = false, cache-mode = IGNORE
10:24:14.516 [main] DEBUG org.hibernate.orm.results - Initializer list:
	  org.frcpm.models.Attendance -> EntityResultInitializer(org.frcpm.models.Attendance)@1926847785 (SingleTableEntityPersister(org.frcpm.models.Attendance))
	  org.frcpm.models.Attendance.meeting -> EntityDelayedFetchInitializer(org.frcpm.models.Attendance.meeting)@80856123 (ToOneAttributeMapping(NavigableRole[org.frcpm.models.Attendance.meeting])@574973982)
	  org.frcpm.models.Attendance.member -> EntityDelayedFetchInitializer(org.frcpm.models.Attendance.member)@1389075728 (ToOneAttributeMapping(NavigableRole[org.frcpm.models.Attendance.member])@885024955)

10:24:14.516 [main] DEBUG org.hibernate.SQL - select a1_0.id,a1_0.arrival_time,a1_0.departure_time,a1_0.meeting_id,a1_0.member_id,a1_0.present from attendances a1_0 where a1_0.id=?
10:24:14.516 [main] DEBUG org.hibernate.orm.results.loading.entity - (EntityResultInitializer) Hydrated EntityKey (org.frcpm.models.Attendance): 91
10:24:14.516 [main] DEBUG org.hibernate.orm.results.loading.entity - (EntityResultInitializer) Created new entity instance [org.frcpm.models.Attendance#91] : 1745367270
10:24:14.516 [main] DEBUG org.hibernate.orm.results - Extracted JDBC value [3] - [96]
10:24:14.516 [main] DEBUG org.hibernate.orm.results - Extracted JDBC value [4] - [148]
10:24:14.517 [main] DEBUG org.hibernate.orm.results - Extracted JDBC value [1] - [18:00]
10:24:14.517 [main] DEBUG org.hibernate.orm.results - Extracted JDBC value [2] - [20:00]
10:24:14.517 [main] DEBUG org.hibernate.orm.results - Extracted JDBC value [5] - [true]
10:24:14.517 [main] DEBUG org.hibernate.orm.results.loading.entity - (EntityResultInitializer) Done materializing entityInstance : org.frcpm.models.Attendance#91
10:24:14.517 [main] DEBUG org.hibernate.orm.results.loading - Calling top-level assembler (0 / 1) : org.hibernate.sql.results.graph.entity.internal.EntityAssembler@66a503ea
10:24:14.517 [main] DEBUG org.hibernate.engine.transaction.internal.TransactionImpl - committing
10:24:14.517 [main] DEBUG org.hibernate.event.internal.AbstractFlushingEventListener - Processing flush-time cascades
10:24:14.517 [main] DEBUG org.hibernate.event.internal.AbstractFlushingEventListener - Dirty checking collections
10:24:14.517 [main] DEBUG org.hibernate.event.internal.AbstractFlushingEventListener - Flushed: 0 insertions, 0 updates, 1 deletions to 1 objects
10:24:14.517 [main] DEBUG org.hibernate.event.internal.AbstractFlushingEventListener - Flushed: 0 (re)creations, 0 updates, 0 removals to 0 collections
10:24:14.517 [main] DEBUG org.hibernate.internal.util.EntityPrinter - Listing entities:
10:24:14.517 [main] DEBUG org.hibernate.internal.util.EntityPrinter - org.frcpm.models.Attendance{departureTime=20:00, arrivalTime=18:00, member=<uninitialized>, id=91, present=true, meeting=<uninitialized>}
10:24:14.517 [main] DEBUG org.hibernate.SQL - delete from attendances where id=?
10:24:14.518 [main] DEBUG org.hibernate.orm.jdbc.batch - PreparedStatementDetails did not contain PreparedStatement on #releaseStatements : delete from attendances where id=?
10:24:14.518 [main] DEBUG org.hibernate.orm.jdbc.batch - PreparedStatementDetails did not contain PreparedStatement on #releaseStatements : delete from attendances where id=?
10:24:14.518 [main] DEBUG org.hibernate.resource.jdbc.internal.LogicalConnectionManagedImpl - Initiating JDBC connection release from afterTransaction
10:24:14.518 [main] DEBUG org.hibernate.orm.jdbc.batch - PreparedStatementDetails did not contain PreparedStatement on #releaseStatements : delete from attendances where id=?
10:24:14.518 [main] DEBUG org.hibernate.orm.jdbc.batch - PreparedStatementDetails did not contain PreparedStatement on #releaseStatements : delete from attendances where id=?
10:24:14.518 [main] DEBUG org.hibernate.resource.jdbc.internal.LogicalConnectionManagedImpl - Initiating JDBC connection release from afterTransaction
10:24:14.518 [main] DEBUG org.hibernate.engine.jdbc.internal.JdbcCoordinatorImpl - HHH000420: Closing un-released batch
10:24:14.518 [main] DEBUG org.hibernate.orm.jdbc.batch - PreparedStatementDetails did not contain PreparedStatement on #releaseStatements : delete from attendances where id=?
10:24:14.518 [main] DEBUG org.hibernate.orm.jdbc.batch - PreparedStatementDetails did not contain PreparedStatement on #releaseStatements : delete from attendances where id=?
10:24:14.518 [main] DEBUG org.hibernate.engine.transaction.internal.TransactionImpl - On TransactionImpl creation, JpaCompliance#isJpaTransactionComplianceEnabled == false
10:24:14.518 [main] DEBUG org.hibernate.engine.transaction.internal.TransactionImpl - begin
10:24:14.518 [main] DEBUG org.hibernate.orm.sql.exec - Skipping reading Query result cache data: cache-enabled = false, cache-mode = IGNORE
10:24:14.518 [main] DEBUG org.hibernate.orm.results - Initializer list:
	  org.frcpm.models.Attendance -> EntityResultInitializer(org.frcpm.models.Attendance)@2020981876 (SingleTableEntityPersister(org.frcpm.models.Attendance))
	  org.frcpm.models.Attendance.meeting -> EntityDelayedFetchInitializer(org.frcpm.models.Attendance.meeting)@997267674 (ToOneAttributeMapping(NavigableRole[org.frcpm.models.Attendance.meeting])@574973982)
	  org.frcpm.models.Attendance.member -> EntityDelayedFetchInitializer(org.frcpm.models.Attendance.member)@437221260 (ToOneAttributeMapping(NavigableRole[org.frcpm.models.Attendance.member])@885024955)

10:24:14.518 [main] DEBUG org.hibernate.SQL - select a1_0.id,a1_0.arrival_time,a1_0.departure_time,a1_0.meeting_id,a1_0.member_id,a1_0.present from attendances a1_0 where a1_0.id=?
10:24:14.518 [main] DEBUG org.hibernate.orm.results.loading.entity - (EntityResultInitializer) Hydrated EntityKey (org.frcpm.models.Attendance): 92
10:24:14.518 [main] DEBUG org.hibernate.orm.results.loading.entity - (EntityResultInitializer) Created new entity instance [org.frcpm.models.Attendance#92] : 1089288505
10:24:14.518 [main] DEBUG org.hibernate.orm.results - Extracted JDBC value [3] - [96]
10:24:14.518 [main] DEBUG org.hibernate.orm.results - Extracted JDBC value [4] - [149]
10:24:14.518 [main] DEBUG org.hibernate.orm.results - Extracted JDBC value [1] - [null]
10:24:14.518 [main] DEBUG org.hibernate.orm.results - Extracted JDBC value [2] - [null]
10:24:14.518 [main] DEBUG org.hibernate.orm.results - Extracted JDBC value [5] - [false]
10:24:14.518 [main] DEBUG org.hibernate.orm.results.loading.entity - (EntityResultInitializer) Done materializing entityInstance : org.frcpm.models.Attendance#92
10:24:14.518 [main] DEBUG org.hibernate.orm.results.loading - Calling top-level assembler (0 / 1) : org.hibernate.sql.results.graph.entity.internal.EntityAssembler@21bf85bf
10:24:14.519 [main] DEBUG org.hibernate.engine.transaction.internal.TransactionImpl - committing
10:24:14.519 [main] DEBUG org.hibernate.event.internal.AbstractFlushingEventListener - Processing flush-time cascades
10:24:14.519 [main] DEBUG org.hibernate.event.internal.AbstractFlushingEventListener - Dirty checking collections
10:24:14.519 [main] DEBUG org.hibernate.event.internal.AbstractFlushingEventListener - Flushed: 0 insertions, 0 updates, 1 deletions to 1 objects
10:24:14.519 [main] DEBUG org.hibernate.event.internal.AbstractFlushingEventListener - Flushed: 0 (re)creations, 0 updates, 0 removals to 0 collections
10:24:14.519 [main] DEBUG org.hibernate.internal.util.EntityPrinter - Listing entities:
10:24:14.519 [main] DEBUG org.hibernate.internal.util.EntityPrinter - org.frcpm.models.Attendance{departureTime=null, arrivalTime=null, member=<uninitialized>, id=92, present=false, meeting=<uninitialized>}
10:24:14.519 [main] DEBUG org.hibernate.SQL - delete from attendances where id=?
10:24:14.519 [main] DEBUG org.hibernate.orm.jdbc.batch - PreparedStatementDetails did not contain PreparedStatement on #releaseStatements : delete from attendances where id=?
10:24:14.519 [main] DEBUG org.hibernate.orm.jdbc.batch - PreparedStatementDetails did not contain PreparedStatement on #releaseStatements : delete from attendances where id=?
10:24:14.519 [main] DEBUG org.hibernate.resource.jdbc.internal.LogicalConnectionManagedImpl - Initiating JDBC connection release from afterTransaction
10:24:14.519 [main] DEBUG org.hibernate.orm.jdbc.batch - PreparedStatementDetails did not contain PreparedStatement on #releaseStatements : delete from attendances where id=?
10:24:14.519 [main] DEBUG org.hibernate.orm.jdbc.batch - PreparedStatementDetails did not contain PreparedStatement on #releaseStatements : delete from attendances where id=?
10:24:14.519 [main] DEBUG org.hibernate.resource.jdbc.internal.LogicalConnectionManagedImpl - Initiating JDBC connection release from afterTransaction
10:24:14.519 [main] DEBUG org.hibernate.engine.jdbc.internal.JdbcCoordinatorImpl - HHH000420: Closing un-released batch
10:24:14.519 [main] DEBUG org.hibernate.orm.jdbc.batch - PreparedStatementDetails did not contain PreparedStatement on #releaseStatements : delete from attendances where id=?
10:24:14.519 [main] DEBUG org.hibernate.orm.jdbc.batch - PreparedStatementDetails did not contain PreparedStatement on #releaseStatements : delete from attendances where id=?
10:24:14.519 [main] DEBUG org.hibernate.engine.transaction.internal.TransactionImpl - On TransactionImpl creation, JpaCompliance#isJpaTransactionComplianceEnabled == false
10:24:14.519 [main] DEBUG org.hibernate.engine.transaction.internal.TransactionImpl - begin
10:24:14.519 [main] DEBUG org.hibernate.orm.sql.exec - Skipping reading Query result cache data: cache-enabled = false, cache-mode = IGNORE
10:24:14.519 [main] DEBUG org.hibernate.orm.results - Initializer list:
	  org.frcpm.models.Meeting -> EntityResultInitializer(org.frcpm.models.Meeting)@1095566249 (SingleTableEntityPersister(org.frcpm.models.Meeting))
	  org.frcpm.models.Meeting.attendances -> BagInitializer(org.frcpm.models.Meeting.attendances)@469955650 (PluralAttribute(org.frcpm.models.Meeting.attendances))
	  org.frcpm.models.Meeting.attendances.{element}.member -> EntityDelayedFetchInitializer(org.frcpm.models.Meeting.attendances.{element}.member)@1568824517 (ToOneAttributeMapping(NavigableRole[org.frcpm.models.Attendance.member])@885024955)
	  org.frcpm.models.Meeting.project -> EntityDelayedFetchInitializer(org.frcpm.models.Meeting.project)@871849759 (ToOneAttributeMapping(NavigableRole[org.frcpm.models.Meeting.project])@1701368336)
	  org.frcpm.models.Meeting.attendances.{element} -> EntityJoinedFetchInitializer(org.frcpm.models.Meeting.attendances.{element})@437142147 (EntityCollectionPart(org.frcpm.models.Meeting.attendances#{element})@1638980883)

10:24:14.519 [main] DEBUG org.hibernate.SQL - select m1_0.id,m1_0.date,m1_0.end_time,m1_0.notes,m1_0.project_id,m1_0.start_time,a1_0.meeting_id,a1_0.id,a1_0.arrival_time,a1_0.departure_time,a1_0.member_id,a1_0.present from meetings m1_0 left join attendances a1_0 on m1_0.id=a1_0.meeting_id where m1_0.id=?
10:24:14.520 [main] DEBUG org.hibernate.orm.results.loading.entity - (EntityResultInitializer) Hydrated EntityKey (org.frcpm.models.Meeting): 96
10:24:14.520 [main] DEBUG org.hibernate.orm.results.loading.org.hibernate.orm.results.loading.collection - (BagInitializer) Current row collection key : org.frcpm.models.Meeting.attendances#96
10:24:14.520 [main] DEBUG org.hibernate.orm.results - Extracted JDBC value [6] - [null]
10:24:14.520 [main] DEBUG org.hibernate.orm.results - Extracted JDBC value [7] - [null]
10:24:14.520 [main] DEBUG org.hibernate.orm.results.loading.entity - (EntityJoinedFetchInitializer) EntityKey (org.frcpm.models.Meeting.attendances.{element}) is null
10:24:14.520 [main] DEBUG org.hibernate.orm.results.loading.entity - (EntityResultInitializer) Created new entity instance [org.frcpm.models.Meeting#96] : 1460184200
10:24:14.520 [main] DEBUG org.hibernate.orm.results.loading.org.hibernate.orm.results.loading.collection - (BagInitializer) Created new collection wrapper [org.frcpm.models.Meeting.attendances#96] : org.hibernate.collection.spi.PersistentBag@1073409712
10:24:14.520 [main] DEBUG org.hibernate.orm.results.loading.org.hibernate.orm.results.loading.collection - (BagInitializer) Responsible for loading collection [org.frcpm.models.Meeting.attendances#96] : org.hibernate.collection.spi.PersistentBag@1073409712
10:24:14.520 [main] DEBUG org.hibernate.orm.results - Extracted JDBC value [4] - [163]
10:24:14.520 [main] DEBUG org.hibernate.orm.results - Extracted JDBC value [1] - [2025-04-26]
10:24:14.520 [main] DEBUG org.hibernate.orm.results - Extracted JDBC value [2] - [20:00]
10:24:14.520 [main] DEBUG org.hibernate.orm.results - Extracted JDBC value [3] - [null]
10:24:14.520 [main] DEBUG org.hibernate.orm.results - Extracted JDBC value [5] - [18:00]
10:24:14.520 [main] DEBUG org.hibernate.orm.results.loading.entity - (EntityResultInitializer) Done materializing entityInstance : org.frcpm.models.Meeting#96
10:24:14.520 [main] DEBUG org.hibernate.orm.results.loading - Calling top-level assembler (0 / 1) : org.hibernate.sql.results.graph.entity.internal.EntityAssembler@64dc21e
10:24:14.520 [main] DEBUG org.hibernate.sql.results.internal.ResultsHelper - Collection fully initialized: [org.frcpm.models.Meeting.attendances#96]
10:24:14.520 [main] DEBUG org.hibernate.engine.spi.CollectionEntry - Reset storedSnapshot to [] for CollectionEntry[org.frcpm.models.Meeting.attendances#96]
10:24:14.520 [main] DEBUG org.hibernate.engine.transaction.internal.TransactionImpl - committing
10:24:14.520 [main] DEBUG org.hibernate.event.internal.AbstractFlushingEventListener - Processing flush-time cascades
10:24:14.520 [main] DEBUG org.hibernate.event.internal.AbstractFlushingEventListener - Dirty checking collections
10:24:14.520 [main] DEBUG org.hibernate.engine.internal.Collections - Collection dereferenced: [org.frcpm.models.Meeting.attendances#96]
10:24:14.520 [main] DEBUG org.hibernate.event.internal.AbstractFlushingEventListener - Flushed: 0 insertions, 0 updates, 1 deletions to 1 objects
10:24:14.520 [main] DEBUG org.hibernate.event.internal.AbstractFlushingEventListener - Flushed: 0 (re)creations, 0 updates, 1 removals to 1 collections
10:24:14.520 [main] DEBUG org.hibernate.internal.util.EntityPrinter - Listing entities:
10:24:14.520 [main] DEBUG org.hibernate.internal.util.EntityPrinter - org.frcpm.models.Meeting{date=2025-04-26, notes=null, project=<uninitialized>, startTime=18:00, id=96, endTime=20:00, attendances=[]}
10:24:14.520 [main] DEBUG org.hibernate.SQL - delete from meetings where id=?
10:24:14.521 [main] DEBUG org.hibernate.orm.jdbc.batch - PreparedStatementDetails did not contain PreparedStatement on #releaseStatements : delete from meetings where id=?
10:24:14.521 [main] DEBUG org.hibernate.orm.jdbc.batch - PreparedStatementDetails did not contain PreparedStatement on #releaseStatements : delete from meetings where id=?
10:24:14.521 [main] DEBUG org.hibernate.resource.jdbc.internal.LogicalConnectionManagedImpl - Initiating JDBC connection release from afterTransaction
10:24:14.521 [main] DEBUG org.hibernate.orm.jdbc.batch - PreparedStatementDetails did not contain PreparedStatement on #releaseStatements : delete from meetings where id=?
10:24:14.521 [main] DEBUG org.hibernate.orm.jdbc.batch - PreparedStatementDetails did not contain PreparedStatement on #releaseStatements : delete from meetings where id=?
10:24:14.521 [main] DEBUG org.hibernate.resource.jdbc.internal.LogicalConnectionManagedImpl - Initiating JDBC connection release from afterTransaction
10:24:14.521 [main] DEBUG org.hibernate.engine.jdbc.internal.JdbcCoordinatorImpl - HHH000420: Closing un-released batch
10:24:14.521 [main] DEBUG org.hibernate.orm.jdbc.batch - PreparedStatementDetails did not contain PreparedStatement on #releaseStatements : delete from meetings where id=?
10:24:14.521 [main] DEBUG org.hibernate.orm.jdbc.batch - PreparedStatementDetails did not contain PreparedStatement on #releaseStatements : delete from meetings where id=?
10:24:14.521 [main] DEBUG org.hibernate.engine.transaction.internal.TransactionImpl - On TransactionImpl creation, JpaCompliance#isJpaTransactionComplianceEnabled == false
10:24:14.521 [main] DEBUG org.hibernate.engine.transaction.internal.TransactionImpl - begin
10:24:14.521 [main] DEBUG org.hibernate.orm.sql.exec - Skipping reading Query result cache data: cache-enabled = false, cache-mode = IGNORE
10:24:14.521 [main] DEBUG org.hibernate.orm.results - Initializer list:
	  org.frcpm.models.TeamMember.subteam -> EntityDelayedFetchInitializer(org.frcpm.models.TeamMember.subteam)@988557663 (ToOneAttributeMapping(NavigableRole[org.frcpm.models.TeamMember.subteam])@1023620592)
	  org.frcpm.models.TeamMember.attendances.{element} -> EntityJoinedFetchInitializer(org.frcpm.models.TeamMember.attendances.{element})@1376503772 (EntityCollectionPart(org.frcpm.models.TeamMember.attendances#{element})@1399089179)
	  org.frcpm.models.TeamMember.assignedTasks -> DelayedCollectionInitializer(org.frcpm.models.TeamMember.assignedTasks)@977187505 (PluralAttribute(org.frcpm.models.TeamMember.assignedTasks))
	  org.frcpm.models.TeamMember.attendances.{element}.meeting -> EntityDelayedFetchInitializer(org.frcpm.models.TeamMember.attendances.{element}.meeting)@95597179 (ToOneAttributeMapping(NavigableRole[org.frcpm.models.Attendance.meeting])@574973982)
	  org.frcpm.models.TeamMember -> EntityResultInitializer(org.frcpm.models.TeamMember)@1578044763 (SingleTableEntityPersister(org.frcpm.models.TeamMember))
	  org.frcpm.models.TeamMember.attendances -> SetInitializer(org.frcpm.models.TeamMember.attendances)@1387664481 (PluralAttribute(org.frcpm.models.TeamMember.attendances))

10:24:14.521 [main] DEBUG org.hibernate.SQL - select tm1_0.id,a1_0.member_id,a1_0.id,a1_0.arrival_time,a1_0.departure_time,a1_0.meeting_id,a1_0.present,tm1_0.email,tm1_0.first_name,tm1_0.last_name,tm1_0.is_leader,tm1_0.phone,tm1_0.skills,tm1_0.subteam_id,tm1_0.username from team_members tm1_0 left join attendances a1_0 on tm1_0.id=a1_0.member_id where tm1_0.id=?
10:24:14.521 [main] DEBUG org.hibernate.orm.results.loading.entity - (EntityResultInitializer) Hydrated EntityKey (org.frcpm.models.TeamMember): 148
10:24:14.521 [main] DEBUG org.hibernate.orm.results.loading.org.hibernate.orm.results.loading.collection - (SetInitializer) Current row collection key : org.frcpm.models.TeamMember.attendances#148
10:24:14.521 [main] DEBUG org.hibernate.orm.results - Extracted JDBC value [1] - [null]
10:24:14.521 [main] DEBUG org.hibernate.orm.results - Extracted JDBC value [2] - [null]
10:24:14.521 [main] DEBUG org.hibernate.orm.results.loading.entity - (EntityJoinedFetchInitializer) EntityKey (org.frcpm.models.TeamMember.attendances.{element}) is null
10:24:14.521 [main] DEBUG org.hibernate.orm.results.loading.org.hibernate.orm.results.loading.collection - (DelayedCollectionInitializer) Current row collection key : org.frcpm.models.TeamMember.assignedTasks#148
10:24:14.521 [main] DEBUG org.hibernate.orm.results.loading.entity - (EntityResultInitializer) Created new entity instance [org.frcpm.models.TeamMember#148] : 723543589
10:24:14.521 [main] DEBUG org.hibernate.orm.results.loading.org.hibernate.orm.results.loading.collection - (SetInitializer) Created new collection wrapper [org.frcpm.models.TeamMember.attendances#148] : org.hibernate.collection.spi.PersistentSet@1089582037
10:24:14.521 [main] DEBUG org.hibernate.orm.results.loading.org.hibernate.orm.results.loading.collection - (SetInitializer) Responsible for loading collection [org.frcpm.models.TeamMember.attendances#148] : org.hibernate.collection.spi.PersistentSet@1089582037
10:24:14.521 [main] DEBUG org.hibernate.orm.results - Extracted JDBC value [13] - [null]
10:24:14.521 [main] DEBUG org.hibernate.orm.results - Extracted JDBC value [7] - [attendance1@example.com]
10:24:14.521 [main] DEBUG org.hibernate.orm.results - Extracted JDBC value [8] - [Attendance]
10:24:14.521 [main] DEBUG org.hibernate.orm.results - Extracted JDBC value [9] - [Test1]
10:24:14.521 [main] DEBUG org.hibernate.orm.results - Extracted JDBC value [10] - [false]
10:24:14.521 [main] DEBUG org.hibernate.orm.results - Extracted JDBC value [11] - [null]
10:24:14.521 [main] DEBUG org.hibernate.orm.results - Extracted JDBC value [12] - [null]
10:24:14.521 [main] DEBUG org.hibernate.orm.results - Extracted JDBC value [14] - [attendancetest1]
10:24:14.521 [main] DEBUG org.hibernate.orm.results.loading.entity - (EntityResultInitializer) Done materializing entityInstance : org.frcpm.models.TeamMember#148
10:24:14.521 [main] DEBUG org.hibernate.orm.results.loading - Calling top-level assembler (0 / 1) : org.hibernate.sql.results.graph.entity.internal.EntityAssembler@53390f33
10:24:14.522 [main] DEBUG org.hibernate.sql.results.internal.ResultsHelper - Collection fully initialized: [org.frcpm.models.TeamMember.attendances#148]
10:24:14.522 [main] DEBUG org.hibernate.engine.spi.CollectionEntry - Reset storedSnapshot to {} for CollectionEntry[org.frcpm.models.TeamMember.assignedTasks#148]
10:24:14.522 [main] DEBUG org.hibernate.engine.spi.CollectionEntry - Reset storedSnapshot to {} for CollectionEntry[org.frcpm.models.TeamMember.attendances#148]
10:24:14.522 [main] DEBUG org.hibernate.engine.transaction.internal.TransactionImpl - committing
10:24:14.522 [main] DEBUG org.hibernate.event.internal.AbstractFlushingEventListener - Processing flush-time cascades
10:24:14.522 [main] DEBUG org.hibernate.event.internal.AbstractFlushingEventListener - Dirty checking collections
10:24:14.522 [main] DEBUG org.hibernate.engine.internal.Collections - Collection dereferenced: [org.frcpm.models.TeamMember.assignedTasks#148]
10:24:14.522 [main] DEBUG org.hibernate.engine.internal.Collections - Collection dereferenced: [org.frcpm.models.TeamMember.attendances#148]
10:24:14.522 [main] DEBUG org.hibernate.event.internal.AbstractFlushingEventListener - Flushed: 0 insertions, 0 updates, 1 deletions to 1 objects
10:24:14.522 [main] DEBUG org.hibernate.event.internal.AbstractFlushingEventListener - Flushed: 0 (re)creations, 0 updates, 2 removals to 2 collections
10:24:14.522 [main] DEBUG org.hibernate.internal.util.EntityPrinter - Listing entities:
10:24:14.522 [main] DEBUG org.hibernate.internal.util.EntityPrinter - org.frcpm.models.TeamMember{skills=null, firstName=Attendance, lastName=Test1, leader=false, subteam=null, phone=null, id=148, attendances=[], email=attendance1@example.com, assignedTasks=<uninitialized>, username=attendancetest1}
10:24:14.522 [main] DEBUG org.hibernate.SQL - delete from team_members where id=?
10:24:14.522 [main] DEBUG org.hibernate.orm.jdbc.batch - PreparedStatementDetails did not contain PreparedStatement on #releaseStatements : delete from team_members where id=?
10:24:14.522 [main] DEBUG org.hibernate.orm.jdbc.batch - PreparedStatementDetails did not contain PreparedStatement on #releaseStatements : delete from team_members where id=?
10:24:14.522 [main] DEBUG org.hibernate.resource.jdbc.internal.LogicalConnectionManagedImpl - Initiating JDBC connection release from afterTransaction
10:24:14.522 [main] DEBUG org.hibernate.orm.jdbc.batch - PreparedStatementDetails did not contain PreparedStatement on #releaseStatements : delete from team_members where id=?
10:24:14.522 [main] DEBUG org.hibernate.orm.jdbc.batch - PreparedStatementDetails did not contain PreparedStatement on #releaseStatements : delete from team_members where id=?
10:24:14.522 [main] DEBUG org.hibernate.resource.jdbc.internal.LogicalConnectionManagedImpl - Initiating JDBC connection release from afterTransaction
10:24:14.522 [main] DEBUG org.hibernate.engine.jdbc.internal.JdbcCoordinatorImpl - HHH000420: Closing un-released batch
10:24:14.522 [main] DEBUG org.hibernate.orm.jdbc.batch - PreparedStatementDetails did not contain PreparedStatement on #releaseStatements : delete from team_members where id=?
10:24:14.522 [main] DEBUG org.hibernate.orm.jdbc.batch - PreparedStatementDetails did not contain PreparedStatement on #releaseStatements : delete from team_members where id=?
10:24:14.522 [main] DEBUG org.hibernate.engine.transaction.internal.TransactionImpl - On TransactionImpl creation, JpaCompliance#isJpaTransactionComplianceEnabled == false
10:24:14.522 [main] DEBUG org.hibernate.engine.transaction.internal.TransactionImpl - begin
10:24:14.522 [main] DEBUG org.hibernate.orm.sql.exec - Skipping reading Query result cache data: cache-enabled = false, cache-mode = IGNORE
10:24:14.523 [main] DEBUG org.hibernate.orm.results - Initializer list:
	  org.frcpm.models.TeamMember.subteam -> EntityDelayedFetchInitializer(org.frcpm.models.TeamMember.subteam)@158620137 (ToOneAttributeMapping(NavigableRole[org.frcpm.models.TeamMember.subteam])@1023620592)
	  org.frcpm.models.TeamMember.attendances.{element} -> EntityJoinedFetchInitializer(org.frcpm.models.TeamMember.attendances.{element})@1146502153 (EntityCollectionPart(org.frcpm.models.TeamMember.attendances#{element})@1399089179)
	  org.frcpm.models.TeamMember.assignedTasks -> DelayedCollectionInitializer(org.frcpm.models.TeamMember.assignedTasks)@1603138343 (PluralAttribute(org.frcpm.models.TeamMember.assignedTasks))
	  org.frcpm.models.TeamMember.attendances.{element}.meeting -> EntityDelayedFetchInitializer(org.frcpm.models.TeamMember.attendances.{element}.meeting)@639961931 (ToOneAttributeMapping(NavigableRole[org.frcpm.models.Attendance.meeting])@574973982)
	  org.frcpm.models.TeamMember -> EntityResultInitializer(org.frcpm.models.TeamMember)@230012279 (SingleTableEntityPersister(org.frcpm.models.TeamMember))
	  org.frcpm.models.TeamMember.attendances -> SetInitializer(org.frcpm.models.TeamMember.attendances)@2021025468 (PluralAttribute(org.frcpm.models.TeamMember.attendances))

10:24:14.523 [main] DEBUG org.hibernate.SQL - select tm1_0.id,a1_0.member_id,a1_0.id,a1_0.arrival_time,a1_0.departure_time,a1_0.meeting_id,a1_0.present,tm1_0.email,tm1_0.first_name,tm1_0.last_name,tm1_0.is_leader,tm1_0.phone,tm1_0.skills,tm1_0.subteam_id,tm1_0.username from team_members tm1_0 left join attendances a1_0 on tm1_0.id=a1_0.member_id where tm1_0.id=?
10:24:14.523 [main] DEBUG org.hibernate.orm.results.loading.entity - (EntityResultInitializer) Hydrated EntityKey (org.frcpm.models.TeamMember): 149
10:24:14.523 [main] DEBUG org.hibernate.orm.results.loading.org.hibernate.orm.results.loading.collection - (SetInitializer) Current row collection key : org.frcpm.models.TeamMember.attendances#149
10:24:14.523 [main] DEBUG org.hibernate.orm.results - Extracted JDBC value [1] - [null]
10:24:14.523 [main] DEBUG org.hibernate.orm.results - Extracted JDBC value [2] - [null]
10:24:14.523 [main] DEBUG org.hibernate.orm.results.loading.entity - (EntityJoinedFetchInitializer) EntityKey (org.frcpm.models.TeamMember.attendances.{element}) is null
10:24:14.523 [main] DEBUG org.hibernate.orm.results.loading.org.hibernate.orm.results.loading.collection - (DelayedCollectionInitializer) Current row collection key : org.frcpm.models.TeamMember.assignedTasks#149
10:24:14.523 [main] DEBUG org.hibernate.orm.results.loading.entity - (EntityResultInitializer) Created new entity instance [org.frcpm.models.TeamMember#149] : 1721600226
10:24:14.523 [main] DEBUG org.hibernate.orm.results.loading.org.hibernate.orm.results.loading.collection - (SetInitializer) Created new collection wrapper [org.frcpm.models.TeamMember.attendances#149] : org.hibernate.collection.spi.PersistentSet@1890087601
10:24:14.523 [main] DEBUG org.hibernate.orm.results.loading.org.hibernate.orm.results.loading.collection - (SetInitializer) Responsible for loading collection [org.frcpm.models.TeamMember.attendances#149] : org.hibernate.collection.spi.PersistentSet@1890087601
10:24:14.523 [main] DEBUG org.hibernate.orm.results - Extracted JDBC value [13] - [null]
10:24:14.523 [main] DEBUG org.hibernate.orm.results - Extracted JDBC value [7] - [attendance2@example.com]
10:24:14.523 [main] DEBUG org.hibernate.orm.results - Extracted JDBC value [8] - [Attendance]
10:24:14.523 [main] DEBUG org.hibernate.orm.results - Extracted JDBC value [9] - [Test2]
10:24:14.523 [main] DEBUG org.hibernate.orm.results - Extracted JDBC value [10] - [false]
10:24:14.523 [main] DEBUG org.hibernate.orm.results - Extracted JDBC value [11] - [null]
10:24:14.523 [main] DEBUG org.hibernate.orm.results - Extracted JDBC value [12] - [null]
10:24:14.523 [main] DEBUG org.hibernate.orm.results - Extracted JDBC value [14] - [attendancetest2]
10:24:14.523 [main] DEBUG org.hibernate.orm.results.loading.entity - (EntityResultInitializer) Done materializing entityInstance : org.frcpm.models.TeamMember#149
10:24:14.523 [main] DEBUG org.hibernate.orm.results.loading - Calling top-level assembler (0 / 1) : org.hibernate.sql.results.graph.entity.internal.EntityAssembler@2acbb61b
10:24:14.523 [main] DEBUG org.hibernate.sql.results.internal.ResultsHelper - Collection fully initialized: [org.frcpm.models.TeamMember.attendances#149]
10:24:14.523 [main] DEBUG org.hibernate.engine.spi.CollectionEntry - Reset storedSnapshot to {} for CollectionEntry[org.frcpm.models.TeamMember.assignedTasks#149]
10:24:14.523 [main] DEBUG org.hibernate.engine.spi.CollectionEntry - Reset storedSnapshot to {} for CollectionEntry[org.frcpm.models.TeamMember.attendances#149]
10:24:14.523 [main] DEBUG org.hibernate.engine.transaction.internal.TransactionImpl - committing
10:24:14.523 [main] DEBUG org.hibernate.event.internal.AbstractFlushingEventListener - Processing flush-time cascades
10:24:14.523 [main] DEBUG org.hibernate.event.internal.AbstractFlushingEventListener - Dirty checking collections
10:24:14.523 [main] DEBUG org.hibernate.engine.internal.Collections - Collection dereferenced: [org.frcpm.models.TeamMember.assignedTasks#149]
10:24:14.523 [main] DEBUG org.hibernate.engine.internal.Collections - Collection dereferenced: [org.frcpm.models.TeamMember.attendances#149]
10:24:14.523 [main] DEBUG org.hibernate.event.internal.AbstractFlushingEventListener - Flushed: 0 insertions, 0 updates, 1 deletions to 1 objects
10:24:14.523 [main] DEBUG org.hibernate.event.internal.AbstractFlushingEventListener - Flushed: 0 (re)creations, 0 updates, 2 removals to 2 collections
10:24:14.523 [main] DEBUG org.hibernate.internal.util.EntityPrinter - Listing entities:
10:24:14.523 [main] DEBUG org.hibernate.internal.util.EntityPrinter - org.frcpm.models.TeamMember{skills=null, firstName=Attendance, lastName=Test2, leader=false, subteam=null, phone=null, id=149, attendances=[], email=attendance2@example.com, assignedTasks=<uninitialized>, username=attendancetest2}
10:24:14.523 [main] DEBUG org.hibernate.SQL - delete from team_members where id=?
10:24:14.523 [main] DEBUG org.hibernate.orm.jdbc.batch - PreparedStatementDetails did not contain PreparedStatement on #releaseStatements : delete from team_members where id=?
10:24:14.524 [main] DEBUG org.hibernate.orm.jdbc.batch - PreparedStatementDetails did not contain PreparedStatement on #releaseStatements : delete from team_members where id=?
10:24:14.524 [main] DEBUG org.hibernate.resource.jdbc.internal.LogicalConnectionManagedImpl - Initiating JDBC connection release from afterTransaction
10:24:14.524 [main] DEBUG org.hibernate.orm.jdbc.batch - PreparedStatementDetails did not contain PreparedStatement on #releaseStatements : delete from team_members where id=?
10:24:14.524 [main] DEBUG org.hibernate.orm.jdbc.batch - PreparedStatementDetails did not contain PreparedStatement on #releaseStatements : delete from team_members where id=?
10:24:14.524 [main] DEBUG org.hibernate.resource.jdbc.internal.LogicalConnectionManagedImpl - Initiating JDBC connection release from afterTransaction
10:24:14.524 [main] DEBUG org.hibernate.engine.jdbc.internal.JdbcCoordinatorImpl - HHH000420: Closing un-released batch
10:24:14.524 [main] DEBUG org.hibernate.orm.jdbc.batch - PreparedStatementDetails did not contain PreparedStatement on #releaseStatements : delete from team_members where id=?
10:24:14.524 [main] DEBUG org.hibernate.orm.jdbc.batch - PreparedStatementDetails did not contain PreparedStatement on #releaseStatements : delete from team_members where id=?
10:24:14.524 [main] DEBUG org.hibernate.engine.transaction.internal.TransactionImpl - On TransactionImpl creation, JpaCompliance#isJpaTransactionComplianceEnabled == false
10:24:14.524 [main] DEBUG org.hibernate.engine.transaction.internal.TransactionImpl - begin
10:24:14.524 [main] DEBUG org.hibernate.orm.sql.ast.create - Created new SQL alias : p1_0
10:24:14.524 [main] DEBUG org.hibernate.orm.sql.ast.create - Registration of TableGroup [StandardTableGroup(org.frcpm.models.Project)] with identifierForTableGroup [org.frcpm.models.Project] for NavigablePath [org.frcpm.models.Project] 
10:24:14.524 [main] DEBUG org.hibernate.orm.sql.ast.create - Created new SQL alias : m1_0
10:24:14.524 [main] DEBUG org.hibernate.orm.sql.ast.create - Registration of TableGroup [org.hibernate.sql.ast.tree.from.OneToManyTableGroup@27816139] with identifierForTableGroup [org.frcpm.models.Project.meetings] for NavigablePath [org.frcpm.models.Project.meetings] 
10:24:14.524 [main] DEBUG org.hibernate.orm.sql.ast.create - Registration of TableGroup [StandardTableGroup(org.frcpm.models.Project.meetings.{element})] with identifierForTableGroup [org.frcpm.models.Project.meetings.{element}] for NavigablePath [org.frcpm.models.Project.meetings.{element}] 
10:24:14.524 [main] DEBUG org.hibernate.orm.sql.ast.create - Registration of TableGroup [org.hibernate.sql.ast.tree.from.LazyTableGroup@148fa282] with identifierForTableGroup [org.frcpm.models.Project.meetings.{element}.project] for NavigablePath [org.frcpm.models.Project.meetings.{element}.project] 
10:24:14.524 [main] DEBUG org.hibernate.orm.results.graph.AST - DomainResult Graph:
 \-EntityResultImpl [org.frcpm.models.Project]
 |  +-BasicFetch [org.frcpm.models.Project.description]
 |  +-BasicFetch [org.frcpm.models.Project.goalEndDate]
 |  +-BasicFetch [org.frcpm.models.Project.hardDeadline]
 |  +-EagerCollectionFetch [org.frcpm.models.Project.meetings]
 |  |  \-EntityFetchJoinedImpl [org.frcpm.models.Project.meetings.{element}]
 |  +-SelectEagerCollectionFetch [org.frcpm.models.Project.milestones]
 |  +-BasicFetch [org.frcpm.models.Project.name]
 |  +-BasicFetch [org.frcpm.models.Project.startDate]
 |  \-SelectEagerCollectionFetch [org.frcpm.models.Project.tasks]

10:24:14.524 [main] DEBUG org.hibernate.orm.sql.ast.tree - SQL AST Tree:
    SelectStatement {
      FromClause {
        StandardTableGroup (p1 : org.frcpm.models.Project) {
          primaryTableReference : projects as p1_0
          TableGroupJoins {
            left  join OneToManyTableGroup (m1 : org.frcpm.models.Project.meetings) {
              primaryTableReference : meetings as m1_0
              TableGroupJoins {
                left  join LazyTableGroup (p2 : org.frcpm.models.Project.meetings.{element}.project) {
                }
              }
            }
          }
        }
      }
    }

10:24:14.524 [main] DEBUG org.hibernate.orm.sql.exec - Skipping reading Query result cache data: cache-enabled = false, cache-mode = IGNORE
10:24:14.524 [main] DEBUG org.hibernate.orm.results - Initializer list:
	  org.frcpm.models.Project.meetings -> BagInitializer(org.frcpm.models.Project.meetings)@485399071 (PluralAttribute(org.frcpm.models.Project.meetings))
	  org.frcpm.models.Project.tasks -> SelectEagerCollectionInitializer(org.frcpm.models.Project.tasks)@810203154 (PluralAttribute(org.frcpm.models.Project.tasks))
	  org.frcpm.models.Project.meetings.{element} -> EntityJoinedFetchInitializer(org.frcpm.models.Project.meetings.{element})@1505269547 (EntityCollectionPart(org.frcpm.models.Project.meetings#{element})@669921791)
	  org.frcpm.models.Project.meetings.{element}.attendances -> SelectEagerCollectionInitializer(org.frcpm.models.Project.meetings.{element}.attendances)@1337485695 (PluralAttribute(org.frcpm.models.Meeting.attendances))
	  org.frcpm.models.Project -> EntityResultInitializer(org.frcpm.models.Project)@710394546 (SingleTableEntityPersister(org.frcpm.models.Project))
	  org.frcpm.models.Project.milestones -> SelectEagerCollectionInitializer(org.frcpm.models.Project.milestones)@936053020 (PluralAttribute(org.frcpm.models.Project.milestones))

10:24:14.524 [main] DEBUG org.hibernate.SQL - select p1_0.id,p1_0.description,p1_0.goal_end_date,p1_0.hard_deadline,p1_0.name,p1_0.start_date,m1_0.project_id,m1_0.id,m1_0.date,m1_0.end_time,m1_0.notes,m1_0.start_time from projects p1_0 left join meetings m1_0 on p1_0.id=m1_0.project_id where p1_0.id=?
10:24:14.524 [main] DEBUG org.hibernate.orm.results.loading.entity - (EntityResultInitializer) Hydrated EntityKey (org.frcpm.models.Project): 163
10:24:14.524 [main] DEBUG org.hibernate.orm.results.loading.org.hibernate.orm.results.loading.collection - (BagInitializer) Current row collection key : org.frcpm.models.Project.meetings#163
10:24:14.524 [main] DEBUG org.hibernate.orm.results - Extracted JDBC value [6] - [null]
10:24:14.524 [main] DEBUG org.hibernate.orm.results - Extracted JDBC value [7] - [null]
10:24:14.524 [main] DEBUG org.hibernate.orm.results.loading.entity - (EntityJoinedFetchInitializer) EntityKey (org.frcpm.models.Project.meetings.{element}) is null
10:24:14.524 [main] DEBUG org.hibernate.orm.results.loading.org.hibernate.orm.results.loading.collection - (SelectEagerCollectionInitializer) Current row collection key : org.frcpm.models.Project.milestones#163
10:24:14.524 [main] DEBUG org.hibernate.orm.results.loading.org.hibernate.orm.results.loading.collection - (SelectEagerCollectionInitializer) Current row collection key : org.frcpm.models.Project.tasks#163
10:24:14.524 [main] DEBUG org.hibernate.orm.results.loading.entity - (EntityResultInitializer) Created new entity instance [org.frcpm.models.Project#163] : 2035668050
10:24:14.524 [main] DEBUG org.hibernate.orm.results.loading.org.hibernate.orm.results.loading.collection - (BagInitializer) Created new collection wrapper [org.frcpm.models.Project.meetings#163] : org.hibernate.collection.spi.PersistentBag@372875661
10:24:14.524 [main] DEBUG org.hibernate.orm.results.loading.org.hibernate.orm.results.loading.collection - (BagInitializer) Responsible for loading collection [org.frcpm.models.Project.meetings#163] : org.hibernate.collection.spi.PersistentBag@372875661
10:24:14.524 [main] DEBUG org.hibernate.orm.results - Extracted JDBC value [1] - [null]
10:24:14.524 [main] DEBUG org.hibernate.orm.results - Extracted JDBC value [2] - [2025-06-06]
10:24:14.524 [main] DEBUG org.hibernate.orm.results - Extracted JDBC value [3] - [2025-06-20]
10:24:14.524 [main] DEBUG org.hibernate.orm.results - Extracted JDBC value [4] - [Test Attendance Project]
10:24:14.524 [main] DEBUG org.hibernate.orm.results - Extracted JDBC value [5] - [2025-04-25]
10:24:14.525 [main] DEBUG org.hibernate.orm.results.loading.entity - (EntityResultInitializer) Done materializing entityInstance : org.frcpm.models.Project#163
10:24:14.525 [main] DEBUG org.hibernate.orm.results.loading - Calling top-level assembler (0 / 1) : org.hibernate.sql.results.graph.entity.internal.EntityAssembler@3667610c
10:24:14.525 [main] DEBUG org.hibernate.sql.results.internal.ResultsHelper - Collection fully initialized: [org.frcpm.models.Project.meetings#163]
10:24:14.525 [main] DEBUG org.hibernate.orm.sql.exec - Skipping reading Query result cache data: cache-enabled = false, cache-mode = IGNORE
10:24:14.525 [main] DEBUG org.hibernate.orm.results - Initializer list:
	  org.frcpm.models.Project.tasks.{element}.assignedTo -> DelayedCollectionInitializer(org.frcpm.models.Project.tasks.{element}.assignedTo)@1837734788 (PluralAttribute(org.frcpm.models.Task.assignedTo))
	  org.frcpm.models.Project.tasks.{element}.postDependencies -> DelayedCollectionInitializer(org.frcpm.models.Project.tasks.{element}.postDependencies)@24113917 (PluralAttribute(org.frcpm.models.Task.postDependencies))
	  org.frcpm.models.Project.tasks.{element} -> EntityJoinedFetchInitializer(org.frcpm.models.Project.tasks.{element})@1577454140 (EntityCollectionPart(org.frcpm.models.Project.tasks#{element})@1399091185)
	  org.frcpm.models.Project.tasks.{element}.requiredComponents -> DelayedCollectionInitializer(org.frcpm.models.Project.tasks.{element}.requiredComponents)@1922075554 (PluralAttribute(org.frcpm.models.Task.requiredComponents))
	  org.frcpm.models.Project.tasks.{element}.project -> EntityDelayedFetchInitializer(org.frcpm.models.Project.tasks.{element}.project)@202798871 (ToOneAttributeMapping(NavigableRole[org.frcpm.models.Task.project])@1647303491)
	  org.frcpm.models.Project.tasks.{element}.subsystem -> EntityDelayedFetchInitializer(org.frcpm.models.Project.tasks.{element}.subsystem)@306461456 (ToOneAttributeMapping(NavigableRole[org.frcpm.models.Task.subsystem])@1694465889)
	  org.frcpm.models.Project.tasks.{element}.preDependencies -> DelayedCollectionInitializer(org.frcpm.models.Project.tasks.{element}.preDependencies)@1533936166 (PluralAttribute(org.frcpm.models.Task.preDependencies))
	  org.frcpm.models.Project.tasks -> BagInitializer(org.frcpm.models.Project.tasks)@1191653323 (PluralAttribute(org.frcpm.models.Project.tasks))

10:24:14.525 [main] DEBUG org.hibernate.SQL - select t1_0.project_id,t1_0.id,t1_0.actual_duration_seconds,t1_0.completed,t1_0.description,t1_0.end_date,t1_0.estimated_duration_seconds,t1_0.priority,t1_0.progress,t1_0.start_date,t1_0.subsystem_id,t1_0.title from tasks t1_0 where t1_0.project_id=?
10:24:14.526 [main] DEBUG org.hibernate.sql.results.internal.ResultsHelper - Collection fully initialized: [org.frcpm.models.Project.tasks#163]
10:24:14.526 [main] DEBUG org.hibernate.orm.sql.exec - Skipping reading Query result cache data: cache-enabled = false, cache-mode = IGNORE
10:24:14.526 [main] DEBUG org.hibernate.orm.results - Initializer list:
	  org.frcpm.models.Project.milestones.{element}.project -> EntityDelayedFetchInitializer(org.frcpm.models.Project.milestones.{element}.project)@1088896353 (ToOneAttributeMapping(NavigableRole[org.frcpm.models.Milestone.project])@1054882753)
	  org.frcpm.models.Project.milestones.{element} -> EntityJoinedFetchInitializer(org.frcpm.models.Project.milestones.{element})@175640733 (EntityCollectionPart(org.frcpm.models.Project.milestones#{element})@2052304692)
	  org.frcpm.models.Project.milestones -> BagInitializer(org.frcpm.models.Project.milestones)@52857130 (PluralAttribute(org.frcpm.models.Project.milestones))

10:24:14.526 [main] DEBUG org.hibernate.SQL - select m1_0.project_id,m1_0.id,m1_0.date,m1_0.description,m1_0.name from milestones m1_0 where m1_0.project_id=?
10:24:14.526 [main] DEBUG org.hibernate.sql.results.internal.ResultsHelper - Collection fully initialized: [org.frcpm.models.Project.milestones#163]
10:24:14.527 [main] DEBUG org.hibernate.engine.spi.CollectionEntry - Reset storedSnapshot to [] for CollectionEntry[org.frcpm.models.Project.meetings#163]
10:24:14.527 [main] DEBUG org.hibernate.engine.spi.CollectionEntry - Reset storedSnapshot to [] for CollectionEntry[org.frcpm.models.Project.milestones#163]
10:24:14.527 [main] DEBUG org.hibernate.engine.spi.CollectionEntry - Reset storedSnapshot to [] for CollectionEntry[org.frcpm.models.Project.tasks#163]
10:24:14.527 [main] DEBUG org.hibernate.engine.transaction.internal.TransactionImpl - committing
10:24:14.527 [main] DEBUG org.hibernate.event.internal.AbstractFlushingEventListener - Processing flush-time cascades
10:24:14.527 [main] DEBUG org.hibernate.event.internal.AbstractFlushingEventListener - Dirty checking collections
10:24:14.527 [main] DEBUG org.hibernate.engine.internal.Collections - Collection dereferenced: [org.frcpm.models.Project.meetings#163]
10:24:14.527 [main] DEBUG org.hibernate.engine.internal.Collections - Collection dereferenced: [org.frcpm.models.Project.milestones#163]
10:24:14.527 [main] DEBUG org.hibernate.engine.internal.Collections - Collection dereferenced: [org.frcpm.models.Project.tasks#163]
10:24:14.527 [main] DEBUG org.hibernate.event.internal.AbstractFlushingEventListener - Flushed: 0 insertions, 0 updates, 1 deletions to 1 objects
10:24:14.527 [main] DEBUG org.hibernate.event.internal.AbstractFlushingEventListener - Flushed: 0 (re)creations, 0 updates, 3 removals to 3 collections
10:24:14.527 [main] DEBUG org.hibernate.internal.util.EntityPrinter - Listing entities:
10:24:14.527 [main] DEBUG org.hibernate.internal.util.EntityPrinter - org.frcpm.models.Project{hardDeadline=2025-06-20, name=Test Attendance Project, description=null, meetings=[], id=163, goalEndDate=2025-06-06, milestones=[], startDate=2025-04-25, tasks=[]}
10:24:14.527 [main] DEBUG org.hibernate.SQL - delete from projects where id=?
10:24:14.527 [main] DEBUG org.hibernate.orm.jdbc.batch - PreparedStatementDetails did not contain PreparedStatement on #releaseStatements : delete from projects where id=?
10:24:14.527 [main] DEBUG org.hibernate.orm.jdbc.batch - PreparedStatementDetails did not contain PreparedStatement on #releaseStatements : delete from projects where id=?
10:24:14.527 [main] DEBUG org.hibernate.resource.jdbc.internal.LogicalConnectionManagedImpl - Initiating JDBC connection release from afterTransaction
10:24:14.527 [main] DEBUG org.hibernate.orm.jdbc.batch - PreparedStatementDetails did not contain PreparedStatement on #releaseStatements : delete from projects where id=?
10:24:14.527 [main] DEBUG org.hibernate.orm.jdbc.batch - PreparedStatementDetails did not contain PreparedStatement on #releaseStatements : delete from projects where id=?
10:24:14.527 [main] DEBUG org.hibernate.resource.jdbc.internal.LogicalConnectionManagedImpl - Initiating JDBC connection release from afterTransaction
10:24:14.527 [main] DEBUG org.hibernate.engine.jdbc.internal.JdbcCoordinatorImpl - HHH000420: Closing un-released batch
10:24:14.527 [main] DEBUG org.hibernate.orm.jdbc.batch - PreparedStatementDetails did not contain PreparedStatement on #releaseStatements : delete from projects where id=?
10:24:14.527 [main] DEBUG org.hibernate.orm.jdbc.batch - PreparedStatementDetails did not contain PreparedStatement on #releaseStatements : delete from projects where id=?
10:24:14.527 [main] DEBUG org.hibernate.internal.SessionFactoryImpl - HHH000031: Closing
10:24:14.528 [main] DEBUG org.hibernate.type.spi.TypeConfiguration$Scope - Un-scoping TypeConfiguration [org.hibernate.type.spi.TypeConfiguration$Scope@2604187c] from SessionFactory [org.hibernate.internal.SessionFactoryImpl@6aed4fb5]
10:24:14.528 [main] DEBUG org.hibernate.service.internal.AbstractServiceRegistryImpl - Implicitly destroying ServiceRegistry on de-registration of all child ServiceRegistries
10:24:14.528 [main] INFO com.zaxxer.hikari.HikariDataSource - FRC-PM-HikariCP - Shutdown initiated...
10:24:14.528 [main] DEBUG com.zaxxer.hikari.pool.HikariPool - FRC-PM-HikariCP - Before shutdown stats (total=2, active=0, idle=2, waiting=0)
10:24:14.528 [FRC-PM-HikariCP connection closer] DEBUG com.zaxxer.hikari.pool.PoolBase - FRC-PM-HikariCP - Closing connection conn12: url=jdbc:h2:file:C:\Users\dhiebert\.frcpm\frcpm user=SA: (connection evicted)
10:24:14.528 [FRC-PM-HikariCP connection closer] DEBUG com.zaxxer.hikari.pool.PoolBase - FRC-PM-HikariCP - Closing connection conn13: url=jdbc:h2:file:C:\Users\dhiebert\.frcpm\frcpm user=SA: (connection evicted)
10:24:14.735 [main] DEBUG com.zaxxer.hikari.pool.HikariPool - FRC-PM-HikariCP - After shutdown stats (total=0, active=0, idle=0, waiting=0)
10:24:14.735 [main] INFO com.zaxxer.hikari.HikariDataSource - FRC-PM-HikariCP - Shutdown completed.
10:24:14.735 [main] DEBUG org.hibernate.boot.registry.internal.BootstrapServiceRegistryImpl - Implicitly destroying Boot-strap registry on de-registration of all child ServiceRegistries
]]></system-out>
    <system-err><![CDATA[Apr 25, 2025 10:24:14 AM org.frcpm.config.DatabaseConfig initialize
INFO: Initializing database configuration...
Apr 25, 2025 10:24:14 AM org.frcpm.config.DatabaseConfig initialize
INFO: Using FILE-BASED database at: file:C:\Users\dhiebert\.frcpm\frcpm
Apr 25, 2025 10:24:14 AM org.frcpm.config.DatabaseConfig initialize
INFO: Using JDBC URL: jdbc:h2:file:C:\Users\dhiebert\.frcpm\frcpm
Apr 25, 2025 10:24:14 AM org.frcpm.config.DatabaseConfig initialize
INFO: Using schema mode: update
Apr 25, 2025 10:24:14 AM org.frcpm.config.DatabaseConfig initialize
INFO: Database configuration initialized successfully in PRODUCTION mode
Apr 25, 2025 10:24:14 AM org.frcpm.config.DatabaseConfig shutdown
INFO: Database configuration shut down
]]></system-err>
  </testcase>
  <testcase name="testFindByMeetingAndMember" classname="org.frcpm.repositories.AttendanceRepositoryTest" time="0.494">
    <system-out><![CDATA[10:24:14.746 [main] DEBUG org.hibernate.jpa.HibernatePersistenceProvider - Located and parsed 1 persistence units; checking each
10:24:14.746 [main] DEBUG org.hibernate.jpa.HibernatePersistenceProvider - Checking persistence-unit [name=frcpm, explicit-provider=org.hibernate.jpa.HibernatePersistenceProvider] against incoming persistence unit name [frcpm]
10:24:14.746 [main] DEBUG org.hibernate.jpa.boot.spi.ProviderChecker - Persistence-unit [frcpm] requested PersistenceProvider [org.hibernate.jpa.HibernatePersistenceProvider]
10:24:14.746 [main] DEBUG org.hibernate.jpa.internal.util.LogHelper - PersistenceUnitInfo [
	name: frcpm
	persistence provider classname: org.hibernate.jpa.HibernatePersistenceProvider
	classloader: null
	excludeUnlistedClasses: false
	JTA datasource: null
	Non JTA datasource: null
	Transaction type: RESOURCE_LOCAL
	PU root URL: file:/C:/Users/dhiebert/Local%20Repositories/Project%20Management%202.0/target/classes
	Shared Cache Mode: null
	Validation Mode: null
	Jar files URLs []
	Managed classes names [
		org.frcpm.models.Project
		org.frcpm.models.Subteam
		org.frcpm.models.TeamMember
		org.frcpm.models.Subsystem
		org.frcpm.models.Task
		org.frcpm.models.Component
		org.frcpm.models.Meeting
		org.frcpm.models.Attendance
		org.frcpm.models.Milestone]
	Mapping files names []
	Properties [
		hibernate.connection.handling_mode: DELAYED_ACQUISITION_AND_RELEASE_AFTER_STATEMENT
		jakarta.persistence.jdbc.url: jdbc:h2:file:C:\Users\dhiebert\.frcpm\frcpm
		hibernate.jdbc.batch_versioned_data: null
		hibernate.cache.use_second_level_cache: null
		hibernate.show_sql: null
		jakarta.persistence.jdbc.driver: org.h2.Driver
		hibernate.jdbc.batch_size: 30
		jakarta.persistence.jdbc.user: sa
		hibernate.generate_statistics: null
		hibernate.hbm2ddl.auto: update
		hibernate.cache.use_query_cache: null
		hibernate.hikari.maximumPoolSize: 10
		hibernate.hikari.idleTimeout: 30000
		hibernate.format_sql: null
		hibernate.hikari.minimumIdle: 2
		hibernate.use_sql_comments: null
		hibernate.order_inserts: null
		hibernate.current_session_context_class: thread
		hibernate.connection.provider_class: org.hibernate.hikaricp.internal.HikariCPConnectionProvider
		hibernate.hikari.connectionTimeout: 10000
		hibernate.hikari.poolName: FRC-PM-HikariCP
		hibernate.order_updates: null
		hibernate.dialect: org.hibernate.dialect.H2Dialect
		jakarta.persistence.jdbc.password: ]
10:24:14.747 [main] DEBUG org.hibernate.integrator.internal.IntegratorServiceImpl - Adding Integrator [org.hibernate.boot.beanvalidation.BeanValidationIntegrator].
10:24:14.747 [main] DEBUG org.hibernate.integrator.internal.IntegratorServiceImpl - Adding Integrator [org.hibernate.cache.internal.CollectionCacheInvalidator].
10:24:14.759 [main] DEBUG org.hibernate.orm.idgen.factory - Ignoring CDI for resolving IdentifierGenerator instances as extended or delayed CDI support was enabled
10:24:14.759 [main] DEBUG org.hibernate.orm.idgen.factory - Registering IdentifierGenerator strategy [uuid2] -> [org.hibernate.id.UUIDGenerator]
10:24:14.759 [main] DEBUG org.hibernate.orm.idgen.factory - Registering IdentifierGenerator strategy [guid] -> [org.hibernate.id.GUIDGenerator]
10:24:14.759 [main] DEBUG org.hibernate.orm.idgen.factory - Registering IdentifierGenerator strategy [uuid] -> [org.hibernate.id.UUIDHexGenerator]
10:24:14.759 [main] DEBUG org.hibernate.orm.idgen.factory - Registering IdentifierGenerator strategy [uuid.hex] -> [org.hibernate.id.UUIDHexGenerator]
10:24:14.759 [main] DEBUG org.hibernate.orm.idgen.factory - Registering IdentifierGenerator strategy [assigned] -> [org.hibernate.id.Assigned]
10:24:14.759 [main] DEBUG org.hibernate.orm.idgen.factory - Registering IdentifierGenerator strategy [identity] -> [org.hibernate.id.IdentityGenerator]
10:24:14.759 [main] DEBUG org.hibernate.orm.idgen.factory - Registering IdentifierGenerator strategy [select] -> [org.hibernate.id.SelectGenerator]
10:24:14.759 [main] DEBUG org.hibernate.orm.idgen.factory - Registering IdentifierGenerator strategy [sequence] -> [org.hibernate.id.enhanced.SequenceStyleGenerator]
10:24:14.759 [main] DEBUG org.hibernate.orm.idgen.factory - Registering IdentifierGenerator strategy [increment] -> [org.hibernate.id.IncrementGenerator]
10:24:14.759 [main] DEBUG org.hibernate.orm.idgen.factory - Registering IdentifierGenerator strategy [foreign] -> [org.hibernate.id.ForeignGenerator]
10:24:14.759 [main] DEBUG org.hibernate.orm.idgen.factory - Registering IdentifierGenerator strategy [enhanced-sequence] -> [org.hibernate.id.enhanced.SequenceStyleGenerator]
10:24:14.759 [main] DEBUG org.hibernate.orm.idgen.factory - Registering IdentifierGenerator strategy [enhanced-table] -> [org.hibernate.id.enhanced.TableGenerator]
10:24:14.759 [main] INFO org.hibernate.cache.internal.RegionFactoryInitiator - HHH000026: Second-level cache disabled
10:24:14.759 [main] DEBUG org.hibernate.type.BasicTypeRegistry - Adding type registration boolean -> org.hibernate.type.BasicTypeReference@2f4919b0
10:24:14.759 [main] DEBUG org.hibernate.type.BasicTypeRegistry - Adding type registration boolean -> org.hibernate.type.BasicTypeReference@2f4919b0
10:24:14.759 [main] DEBUG org.hibernate.type.BasicTypeRegistry - Adding type registration java.lang.Boolean -> org.hibernate.type.BasicTypeReference@2f4919b0
10:24:14.759 [main] DEBUG org.hibernate.type.BasicTypeRegistry - Adding type registration numeric_boolean -> org.hibernate.type.BasicTypeReference@a8a8b75
10:24:14.759 [main] DEBUG org.hibernate.type.BasicTypeRegistry - Adding type registration org.hibernate.type.NumericBooleanConverter -> org.hibernate.type.BasicTypeReference@a8a8b75
10:24:14.759 [main] DEBUG org.hibernate.type.BasicTypeRegistry - Adding type registration true_false -> org.hibernate.type.BasicTypeReference@75b21c3b
10:24:14.760 [main] DEBUG org.hibernate.type.BasicTypeRegistry - Adding type registration org.hibernate.type.TrueFalseConverter -> org.hibernate.type.BasicTypeReference@75b21c3b
10:24:14.760 [main] DEBUG org.hibernate.type.BasicTypeRegistry - Adding type registration yes_no -> org.hibernate.type.BasicTypeReference@72be135f
10:24:14.760 [main] DEBUG org.hibernate.type.BasicTypeRegistry - Adding type registration org.hibernate.type.YesNoConverter -> org.hibernate.type.BasicTypeReference@72be135f
10:24:14.760 [main] DEBUG org.hibernate.type.BasicTypeRegistry - Adding type registration byte -> org.hibernate.type.BasicTypeReference@155d1021
10:24:14.760 [main] DEBUG org.hibernate.type.BasicTypeRegistry - Adding type registration byte -> org.hibernate.type.BasicTypeReference@155d1021
10:24:14.760 [main] DEBUG org.hibernate.type.BasicTypeRegistry - Adding type registration java.lang.Byte -> org.hibernate.type.BasicTypeReference@155d1021
10:24:14.760 [main] DEBUG org.hibernate.type.BasicTypeRegistry - Adding type registration binary -> org.hibernate.type.BasicTypeReference@4bd2f0dc
10:24:14.760 [main] DEBUG org.hibernate.type.BasicTypeRegistry - Adding type registration byte[] -> org.hibernate.type.BasicTypeReference@4bd2f0dc
10:24:14.760 [main] DEBUG org.hibernate.type.BasicTypeRegistry - Adding type registration [B -> org.hibernate.type.BasicTypeReference@4bd2f0dc
10:24:14.760 [main] DEBUG org.hibernate.type.BasicTypeRegistry - Adding type registration binary_wrapper -> org.hibernate.type.BasicTypeReference@2e647e59
10:24:14.760 [main] DEBUG org.hibernate.type.BasicTypeRegistry - Adding type registration wrapper-binary -> org.hibernate.type.BasicTypeReference@2e647e59
10:24:14.760 [main] DEBUG org.hibernate.type.BasicTypeRegistry - Adding type registration image -> org.hibernate.type.BasicTypeReference@2c42b421
10:24:14.760 [main] DEBUG org.hibernate.type.BasicTypeRegistry - Adding type registration blob -> org.hibernate.type.BasicTypeReference@51e37590
10:24:14.760 [main] DEBUG org.hibernate.type.BasicTypeRegistry - Adding type registration java.sql.Blob -> org.hibernate.type.BasicTypeReference@51e37590
10:24:14.760 [main] DEBUG org.hibernate.type.BasicTypeRegistry - Adding type registration materialized_blob -> org.hibernate.type.BasicTypeReference@deb3b60
10:24:14.760 [main] DEBUG org.hibernate.type.BasicTypeRegistry - Adding type registration materialized_blob_wrapper -> org.hibernate.type.BasicTypeReference@701a32
10:24:14.760 [main] DEBUG org.hibernate.type.BasicTypeRegistry - Adding type registration short -> org.hibernate.type.BasicTypeReference@39aa45a1
10:24:14.760 [main] DEBUG org.hibernate.type.BasicTypeRegistry - Adding type registration short -> org.hibernate.type.BasicTypeReference@39aa45a1
10:24:14.760 [main] DEBUG org.hibernate.type.BasicTypeRegistry - Adding type registration java.lang.Short -> org.hibernate.type.BasicTypeReference@39aa45a1
10:24:14.760 [main] DEBUG org.hibernate.type.BasicTypeRegistry - Adding type registration integer -> org.hibernate.type.BasicTypeReference@73aff8f1
10:24:14.760 [main] DEBUG org.hibernate.type.BasicTypeRegistry - Adding type registration int -> org.hibernate.type.BasicTypeReference@73aff8f1
10:24:14.760 [main] DEBUG org.hibernate.type.BasicTypeRegistry - Adding type registration java.lang.Integer -> org.hibernate.type.BasicTypeReference@73aff8f1
10:24:14.760 [main] DEBUG org.hibernate.type.BasicTypeRegistry - Adding type registration long -> org.hibernate.type.BasicTypeReference@27cbfddf
10:24:14.760 [main] DEBUG org.hibernate.type.BasicTypeRegistry - Adding type registration long -> org.hibernate.type.BasicTypeReference@27cbfddf
10:24:14.760 [main] DEBUG org.hibernate.type.BasicTypeRegistry - Adding type registration java.lang.Long -> org.hibernate.type.BasicTypeReference@27cbfddf
10:24:14.760 [main] DEBUG org.hibernate.type.BasicTypeRegistry - Adding type registration float -> org.hibernate.type.BasicTypeReference@27ead29e
10:24:14.760 [main] DEBUG org.hibernate.type.BasicTypeRegistry - Adding type registration float -> org.hibernate.type.BasicTypeReference@27ead29e
10:24:14.760 [main] DEBUG org.hibernate.type.BasicTypeRegistry - Adding type registration java.lang.Float -> org.hibernate.type.BasicTypeReference@27ead29e
10:24:14.760 [main] DEBUG org.hibernate.type.BasicTypeRegistry - Adding type registration double -> org.hibernate.type.BasicTypeReference@4c060c8f
10:24:14.760 [main] DEBUG org.hibernate.type.BasicTypeRegistry - Adding type registration double -> org.hibernate.type.BasicTypeReference@4c060c8f
10:24:14.760 [main] DEBUG org.hibernate.type.BasicTypeRegistry - Adding type registration java.lang.Double -> org.hibernate.type.BasicTypeReference@4c060c8f
10:24:14.760 [main] DEBUG org.hibernate.type.BasicTypeRegistry - Adding type registration big_integer -> org.hibernate.type.BasicTypeReference@40620d8e
10:24:14.760 [main] DEBUG org.hibernate.type.BasicTypeRegistry - Adding type registration java.math.BigInteger -> org.hibernate.type.BasicTypeReference@40620d8e
10:24:14.760 [main] DEBUG org.hibernate.type.BasicTypeRegistry - Adding type registration big_decimal -> org.hibernate.type.BasicTypeReference@383f3558
10:24:14.760 [main] DEBUG org.hibernate.type.BasicTypeRegistry - Adding type registration java.math.BigDecimal -> org.hibernate.type.BasicTypeReference@383f3558
10:24:14.760 [main] DEBUG org.hibernate.type.BasicTypeRegistry - Adding type registration character -> org.hibernate.type.BasicTypeReference@49b07ee3
10:24:14.760 [main] DEBUG org.hibernate.type.BasicTypeRegistry - Adding type registration char -> org.hibernate.type.BasicTypeReference@49b07ee3
10:24:14.760 [main] DEBUG org.hibernate.type.BasicTypeRegistry - Adding type registration java.lang.Character -> org.hibernate.type.BasicTypeReference@49b07ee3
10:24:14.760 [main] DEBUG org.hibernate.type.BasicTypeRegistry - Adding type registration character_nchar -> org.hibernate.type.BasicTypeReference@352e612e
10:24:14.760 [main] DEBUG org.hibernate.type.BasicTypeRegistry - Adding type registration string -> org.hibernate.type.BasicTypeReference@65f00478
10:24:14.760 [main] DEBUG org.hibernate.type.BasicTypeRegistry - Adding type registration java.lang.String -> org.hibernate.type.BasicTypeReference@65f00478
10:24:14.760 [main] DEBUG org.hibernate.type.BasicTypeRegistry - Adding type registration nstring -> org.hibernate.type.BasicTypeReference@2424686b
10:24:14.760 [main] DEBUG org.hibernate.type.BasicTypeRegistry - Adding type registration characters -> org.hibernate.type.BasicTypeReference@6ea94d6a
10:24:14.760 [main] DEBUG org.hibernate.type.BasicTypeRegistry - Adding type registration char[] -> org.hibernate.type.BasicTypeReference@6ea94d6a
10:24:14.760 [main] DEBUG org.hibernate.type.BasicTypeRegistry - Adding type registration [C -> org.hibernate.type.BasicTypeReference@6ea94d6a
10:24:14.760 [main] DEBUG org.hibernate.type.BasicTypeRegistry - Adding type registration wrapper-characters -> org.hibernate.type.BasicTypeReference@28486680
10:24:14.760 [main] DEBUG org.hibernate.type.BasicTypeRegistry - Adding type registration text -> org.hibernate.type.BasicTypeReference@4d7e7435
10:24:14.760 [main] DEBUG org.hibernate.type.BasicTypeRegistry - Adding type registration ntext -> org.hibernate.type.BasicTypeReference@4a1e3ac1
10:24:14.760 [main] DEBUG org.hibernate.type.BasicTypeRegistry - Adding type registration clob -> org.hibernate.type.BasicTypeReference@6e78fcf5
10:24:14.760 [main] DEBUG org.hibernate.type.BasicTypeRegistry - Adding type registration java.sql.Clob -> org.hibernate.type.BasicTypeReference@6e78fcf5
10:24:14.760 [main] DEBUG org.hibernate.type.BasicTypeRegistry - Adding type registration nclob -> org.hibernate.type.BasicTypeReference@56febdc
10:24:14.760 [main] DEBUG org.hibernate.type.BasicTypeRegistry - Adding type registration java.sql.NClob -> org.hibernate.type.BasicTypeReference@56febdc
10:24:14.760 [main] DEBUG org.hibernate.type.BasicTypeRegistry - Adding type registration materialized_clob -> org.hibernate.type.BasicTypeReference@3b8ee898
10:24:14.760 [main] DEBUG org.hibernate.type.BasicTypeRegistry - Adding type registration materialized_clob_char_array -> org.hibernate.type.BasicTypeReference@7d151a
10:24:14.760 [main] DEBUG org.hibernate.type.BasicTypeRegistry - Adding type registration materialized_clob_character_array -> org.hibernate.type.BasicTypeReference@294bdeb4
10:24:14.760 [main] DEBUG org.hibernate.type.BasicTypeRegistry - Adding type registration materialized_nclob -> org.hibernate.type.BasicTypeReference@5300f14a
10:24:14.760 [main] DEBUG org.hibernate.type.BasicTypeRegistry - Adding type registration materialized_nclob_character_array -> org.hibernate.type.BasicTypeReference@1f86099a
10:24:14.760 [main] DEBUG org.hibernate.type.BasicTypeRegistry - Adding type registration materialized_nclob_char_array -> org.hibernate.type.BasicTypeReference@77bb0ab5
10:24:14.760 [main] DEBUG org.hibernate.type.BasicTypeRegistry - Adding type registration Duration -> org.hibernate.type.BasicTypeReference@f2c488
10:24:14.760 [main] DEBUG org.hibernate.type.BasicTypeRegistry - Adding type registration java.time.Duration -> org.hibernate.type.BasicTypeReference@f2c488
10:24:14.760 [main] DEBUG org.hibernate.type.BasicTypeRegistry - Adding type registration LocalDateTime -> org.hibernate.type.BasicTypeReference@54acff7d
10:24:14.760 [main] DEBUG org.hibernate.type.BasicTypeRegistry - Adding type registration java.time.LocalDateTime -> org.hibernate.type.BasicTypeReference@54acff7d
10:24:14.760 [main] DEBUG org.hibernate.type.BasicTypeRegistry - Adding type registration LocalDate -> org.hibernate.type.BasicTypeReference@7bc9e6ab
10:24:14.760 [main] DEBUG org.hibernate.type.BasicTypeRegistry - Adding type registration java.time.LocalDate -> org.hibernate.type.BasicTypeReference@7bc9e6ab
10:24:14.760 [main] DEBUG org.hibernate.type.BasicTypeRegistry - Adding type registration LocalTime -> org.hibernate.type.BasicTypeReference@5488b5c5
10:24:14.760 [main] DEBUG org.hibernate.type.BasicTypeRegistry - Adding type registration java.time.LocalTime -> org.hibernate.type.BasicTypeReference@5488b5c5
10:24:14.760 [main] DEBUG org.hibernate.type.BasicTypeRegistry - Adding type registration OffsetDateTime -> org.hibernate.type.BasicTypeReference@4248ed58
10:24:14.760 [main] DEBUG org.hibernate.type.BasicTypeRegistry - Adding type registration java.time.OffsetDateTime -> org.hibernate.type.BasicTypeReference@4248ed58
10:24:14.760 [main] DEBUG org.hibernate.type.BasicTypeRegistry - Adding type registration OffsetDateTimeWithTimezone -> org.hibernate.type.BasicTypeReference@712ca57b
10:24:14.760 [main] DEBUG org.hibernate.type.BasicTypeRegistry - Adding type registration OffsetDateTimeWithoutTimezone -> org.hibernate.type.BasicTypeReference@4564e94b
10:24:14.760 [main] DEBUG org.hibernate.type.BasicTypeRegistry - Adding type registration OffsetTime -> org.hibernate.type.BasicTypeReference@54534abf
10:24:14.760 [main] DEBUG org.hibernate.type.BasicTypeRegistry - Adding type registration java.time.OffsetTime -> org.hibernate.type.BasicTypeReference@54534abf
10:24:14.760 [main] DEBUG org.hibernate.type.BasicTypeRegistry - Adding type registration OffsetTimeUtc -> org.hibernate.type.BasicTypeReference@51745f40
10:24:14.760 [main] DEBUG org.hibernate.type.BasicTypeRegistry - Adding type registration OffsetTimeWithTimezone -> org.hibernate.type.BasicTypeReference@45673f68
10:24:14.760 [main] DEBUG org.hibernate.type.BasicTypeRegistry - Adding type registration OffsetTimeWithoutTimezone -> org.hibernate.type.BasicTypeReference@27abb83e
10:24:14.760 [main] DEBUG org.hibernate.type.BasicTypeRegistry - Adding type registration ZonedDateTime -> org.hibernate.type.BasicTypeReference@69e308c6
10:24:14.760 [main] DEBUG org.hibernate.type.BasicTypeRegistry - Adding type registration java.time.ZonedDateTime -> org.hibernate.type.BasicTypeReference@69e308c6
10:24:14.760 [main] DEBUG org.hibernate.type.BasicTypeRegistry - Adding type registration ZonedDateTimeWithTimezone -> org.hibernate.type.BasicTypeReference@1a1ed4e5
10:24:14.760 [main] DEBUG org.hibernate.type.BasicTypeRegistry - Adding type registration ZonedDateTimeWithoutTimezone -> org.hibernate.type.BasicTypeReference@667e34b1
10:24:14.760 [main] DEBUG org.hibernate.type.BasicTypeRegistry - Adding type registration date -> org.hibernate.type.BasicTypeReference@1c6e0a08
10:24:14.760 [main] DEBUG org.hibernate.type.BasicTypeRegistry - Adding type registration java.sql.Date -> org.hibernate.type.BasicTypeReference@1c6e0a08
10:24:14.760 [main] DEBUG org.hibernate.type.BasicTypeRegistry - Adding type registration time -> org.hibernate.type.BasicTypeReference@6dba847b
10:24:14.760 [main] DEBUG org.hibernate.type.BasicTypeRegistry - Adding type registration java.sql.Time -> org.hibernate.type.BasicTypeReference@6dba847b
10:24:14.760 [main] DEBUG org.hibernate.type.BasicTypeRegistry - Adding type registration timestamp -> org.hibernate.type.BasicTypeReference@1efdcd5
10:24:14.760 [main] DEBUG org.hibernate.type.BasicTypeRegistry - Adding type registration java.sql.Timestamp -> org.hibernate.type.BasicTypeReference@1efdcd5
10:24:14.760 [main] DEBUG org.hibernate.type.BasicTypeRegistry - Adding type registration java.util.Date -> org.hibernate.type.BasicTypeReference@1efdcd5
10:24:14.760 [main] DEBUG org.hibernate.type.BasicTypeRegistry - Adding type registration calendar -> org.hibernate.type.BasicTypeReference@1623bbe5
10:24:14.760 [main] DEBUG org.hibernate.type.BasicTypeRegistry - Adding type registration java.util.Calendar -> org.hibernate.type.BasicTypeReference@1623bbe5
10:24:14.760 [main] DEBUG org.hibernate.type.BasicTypeRegistry - Adding type registration java.util.GregorianCalendar -> org.hibernate.type.BasicTypeReference@1623bbe5
10:24:14.760 [main] DEBUG org.hibernate.type.BasicTypeRegistry - Adding type registration calendar_date -> org.hibernate.type.BasicTypeReference@7af1cd63
10:24:14.760 [main] DEBUG org.hibernate.type.BasicTypeRegistry - Adding type registration calendar_time -> org.hibernate.type.BasicTypeReference@4351171a
10:24:14.760 [main] DEBUG org.hibernate.type.BasicTypeRegistry - Adding type registration instant -> org.hibernate.type.BasicTypeReference@3c2772d1
10:24:14.760 [main] DEBUG org.hibernate.type.BasicTypeRegistry - Adding type registration java.time.Instant -> org.hibernate.type.BasicTypeReference@3c2772d1
10:24:14.760 [main] DEBUG org.hibernate.type.BasicTypeRegistry - Adding type registration uuid -> org.hibernate.type.BasicTypeReference@37d00a23
10:24:14.760 [main] DEBUG org.hibernate.type.BasicTypeRegistry - Adding type registration java.util.UUID -> org.hibernate.type.BasicTypeReference@37d00a23
10:24:14.760 [main] DEBUG org.hibernate.type.BasicTypeRegistry - Adding type registration pg-uuid -> org.hibernate.type.BasicTypeReference@37d00a23
10:24:14.760 [main] DEBUG org.hibernate.type.BasicTypeRegistry - Adding type registration uuid-binary -> org.hibernate.type.BasicTypeReference@433e536f
10:24:14.760 [main] DEBUG org.hibernate.type.BasicTypeRegistry - Adding type registration uuid-char -> org.hibernate.type.BasicTypeReference@89c65d5
10:24:14.760 [main] DEBUG org.hibernate.type.BasicTypeRegistry - Adding type registration class -> org.hibernate.type.BasicTypeReference@faa3fed
10:24:14.760 [main] DEBUG org.hibernate.type.BasicTypeRegistry - Adding type registration java.lang.Class -> org.hibernate.type.BasicTypeReference@faa3fed
10:24:14.760 [main] DEBUG org.hibernate.type.BasicTypeRegistry - Adding type registration currency -> org.hibernate.type.BasicTypeReference@988246e
10:24:14.760 [main] DEBUG org.hibernate.type.BasicTypeRegistry - Adding type registration Currency -> org.hibernate.type.BasicTypeReference@988246e
10:24:14.760 [main] DEBUG org.hibernate.type.BasicTypeRegistry - Adding type registration java.util.Currency -> org.hibernate.type.BasicTypeReference@988246e
10:24:14.760 [main] DEBUG org.hibernate.type.BasicTypeRegistry - Adding type registration locale -> org.hibernate.type.BasicTypeReference@62515a47
10:24:14.760 [main] DEBUG org.hibernate.type.BasicTypeRegistry - Adding type registration java.util.Locale -> org.hibernate.type.BasicTypeReference@62515a47
10:24:14.760 [main] DEBUG org.hibernate.type.BasicTypeRegistry - Adding type registration serializable -> org.hibernate.type.BasicTypeReference@3c5a54b7
10:24:14.760 [main] DEBUG org.hibernate.type.BasicTypeRegistry - Adding type registration java.io.Serializable -> org.hibernate.type.BasicTypeReference@3c5a54b7
10:24:14.760 [main] DEBUG org.hibernate.type.BasicTypeRegistry - Adding type registration timezone -> org.hibernate.type.BasicTypeReference@61f2c3f0
10:24:14.760 [main] DEBUG org.hibernate.type.BasicTypeRegistry - Adding type registration java.util.TimeZone -> org.hibernate.type.BasicTypeReference@61f2c3f0
10:24:14.760 [main] DEBUG org.hibernate.type.BasicTypeRegistry - Adding type registration ZoneOffset -> org.hibernate.type.BasicTypeReference@291120f4
10:24:14.760 [main] DEBUG org.hibernate.type.BasicTypeRegistry - Adding type registration java.time.ZoneOffset -> org.hibernate.type.BasicTypeReference@291120f4
10:24:14.760 [main] DEBUG org.hibernate.type.BasicTypeRegistry - Adding type registration url -> org.hibernate.type.BasicTypeReference@417ad4f3
10:24:14.760 [main] DEBUG org.hibernate.type.BasicTypeRegistry - Adding type registration java.net.URL -> org.hibernate.type.BasicTypeReference@417ad4f3
10:24:14.760 [main] DEBUG org.hibernate.type.BasicTypeRegistry - Adding type registration vector -> org.hibernate.type.BasicTypeReference@2f6bcf87
10:24:14.760 [main] DEBUG org.hibernate.type.BasicTypeRegistry - Adding type registration row_version -> org.hibernate.type.BasicTypeReference@58f174d9
10:24:14.760 [main] DEBUG org.hibernate.type.BasicTypeRegistry - Adding type registration object -> org.hibernate.type.JavaObjectType@34237b90
10:24:14.760 [main] DEBUG org.hibernate.type.BasicTypeRegistry - Adding type registration java.lang.Object -> org.hibernate.type.JavaObjectType@34237b90
10:24:14.760 [main] DEBUG org.hibernate.type.BasicTypeRegistry - Adding type registration null -> org.hibernate.type.NullType@267bbe1a
10:24:14.760 [main] DEBUG org.hibernate.type.BasicTypeRegistry - Adding type registration imm_date -> org.hibernate.type.BasicTypeReference@71896b5d
10:24:14.760 [main] DEBUG org.hibernate.type.BasicTypeRegistry - Adding type registration imm_time -> org.hibernate.type.BasicTypeReference@30c205e7
10:24:14.760 [main] DEBUG org.hibernate.type.BasicTypeRegistry - Adding type registration imm_timestamp -> org.hibernate.type.BasicTypeReference@6b475c00
10:24:14.760 [main] DEBUG org.hibernate.type.BasicTypeRegistry - Adding type registration imm_calendar -> org.hibernate.type.BasicTypeReference@4de22ca8
10:24:14.760 [main] DEBUG org.hibernate.type.BasicTypeRegistry - Adding type registration imm_calendar_date -> org.hibernate.type.BasicTypeReference@778b75ca
10:24:14.760 [main] DEBUG org.hibernate.type.BasicTypeRegistry - Adding type registration imm_calendar_time -> org.hibernate.type.BasicTypeReference@5746bbe1
10:24:14.760 [main] DEBUG org.hibernate.type.BasicTypeRegistry - Adding type registration imm_binary -> org.hibernate.type.BasicTypeReference@6305a55
10:24:14.760 [main] DEBUG org.hibernate.type.BasicTypeRegistry - Adding type registration imm_serializable -> org.hibernate.type.BasicTypeReference@5aebb157
10:24:14.760 [main] DEBUG org.hibernate.boot.internal.BootstrapContextImpl - Injecting ScanEnvironment [org.hibernate.jpa.boot.internal.StandardJpaScanEnvironmentImpl@7662bae5] into BootstrapContext; was [null]
10:24:14.760 [main] DEBUG org.hibernate.boot.internal.BootstrapContextImpl - Injecting ScanOptions [org.hibernate.boot.archive.scan.internal.StandardScanOptions@14198e7b] into BootstrapContext; was [org.hibernate.boot.archive.scan.internal.StandardScanOptions@107f9c5f]
10:24:14.795 [main] DEBUG org.hibernate.boot.internal.BootstrapContextImpl - Injecting JPA temp ClassLoader [null] into BootstrapContext; was [null]
10:24:14.795 [main] DEBUG org.hibernate.boot.internal.ClassLoaderAccessImpl - ClassLoaderAccessImpl#injectTempClassLoader(null) [was null]
10:24:14.795 [main] INFO org.hibernate.engine.jdbc.connections.internal.ConnectionProviderInitiator - HHH000130: Instantiating explicit connection provider: org.hibernate.hikaricp.internal.HikariCPConnectionProvider
10:24:14.796 [main] DEBUG org.hibernate.hikaricp.internal.HikariCPConnectionProvider - Configuring HikariCP
10:24:14.796 [main] DEBUG com.zaxxer.hikari.HikariConfig - Driver class org.h2.Driver found in Thread context class loader jdk.internal.loader.ClassLoaders$AppClassLoader@70dea4e
10:24:14.796 [main] DEBUG com.zaxxer.hikari.HikariConfig - FRC-PM-HikariCP - configuration:
10:24:14.796 [main] DEBUG com.zaxxer.hikari.HikariConfig - allowPoolSuspension.............false
10:24:14.796 [main] DEBUG com.zaxxer.hikari.HikariConfig - autoCommit......................true
10:24:14.796 [main] DEBUG com.zaxxer.hikari.HikariConfig - catalog.........................none
10:24:14.796 [main] DEBUG com.zaxxer.hikari.HikariConfig - connectionInitSql...............none
10:24:14.796 [main] DEBUG com.zaxxer.hikari.HikariConfig - connectionTestQuery.............none
10:24:14.796 [main] DEBUG com.zaxxer.hikari.HikariConfig - connectionTimeout...............10000
10:24:14.796 [main] DEBUG com.zaxxer.hikari.HikariConfig - dataSource......................none
10:24:14.796 [main] DEBUG com.zaxxer.hikari.HikariConfig - dataSourceClassName.............none
10:24:14.796 [main] DEBUG com.zaxxer.hikari.HikariConfig - dataSourceJNDI..................none
10:24:14.796 [main] DEBUG com.zaxxer.hikari.HikariConfig - dataSourceProperties............{password=<masked>}
10:24:14.796 [main] DEBUG com.zaxxer.hikari.HikariConfig - driverClassName................."org.h2.Driver"
10:24:14.796 [main] DEBUG com.zaxxer.hikari.HikariConfig - exceptionOverrideClassName......none
10:24:14.796 [main] DEBUG com.zaxxer.hikari.HikariConfig - healthCheckProperties...........{}
10:24:14.796 [main] DEBUG com.zaxxer.hikari.HikariConfig - healthCheckRegistry.............none
10:24:14.796 [main] DEBUG com.zaxxer.hikari.HikariConfig - idleTimeout.....................30000
10:24:14.796 [main] DEBUG com.zaxxer.hikari.HikariConfig - initializationFailTimeout.......1
10:24:14.796 [main] DEBUG com.zaxxer.hikari.HikariConfig - isolateInternalQueries..........false
10:24:14.796 [main] DEBUG com.zaxxer.hikari.HikariConfig - jdbcUrl.........................jdbc:h2:file:C:\Users\dhiebert\.frcpm\frcpm
10:24:14.796 [main] DEBUG com.zaxxer.hikari.HikariConfig - keepaliveTime...................0
10:24:14.796 [main] DEBUG com.zaxxer.hikari.HikariConfig - leakDetectionThreshold..........0
10:24:14.796 [main] DEBUG com.zaxxer.hikari.HikariConfig - maxLifetime.....................1800000
10:24:14.796 [main] DEBUG com.zaxxer.hikari.HikariConfig - maximumPoolSize.................10
10:24:14.796 [main] DEBUG com.zaxxer.hikari.HikariConfig - metricRegistry..................none
10:24:14.796 [main] DEBUG com.zaxxer.hikari.HikariConfig - metricsTrackerFactory...........none
10:24:14.796 [main] DEBUG com.zaxxer.hikari.HikariConfig - minimumIdle.....................2
10:24:14.796 [main] DEBUG com.zaxxer.hikari.HikariConfig - password........................<masked>
10:24:14.796 [main] DEBUG com.zaxxer.hikari.HikariConfig - poolName........................"FRC-PM-HikariCP"
10:24:14.796 [main] DEBUG com.zaxxer.hikari.HikariConfig - readOnly........................false
10:24:14.796 [main] DEBUG com.zaxxer.hikari.HikariConfig - registerMbeans..................false
10:24:14.796 [main] DEBUG com.zaxxer.hikari.HikariConfig - scheduledExecutor...............none
10:24:14.796 [main] DEBUG com.zaxxer.hikari.HikariConfig - schema..........................none
10:24:14.796 [main] DEBUG com.zaxxer.hikari.HikariConfig - threadFactory...................internal
10:24:14.796 [main] DEBUG com.zaxxer.hikari.HikariConfig - transactionIsolation............default
10:24:14.796 [main] DEBUG com.zaxxer.hikari.HikariConfig - username........................"sa"
10:24:14.796 [main] DEBUG com.zaxxer.hikari.HikariConfig - validationTimeout...............5000
10:24:14.796 [main] INFO com.zaxxer.hikari.HikariDataSource - FRC-PM-HikariCP - Starting...
10:24:14.808 [main] INFO com.zaxxer.hikari.pool.HikariPool - FRC-PM-HikariCP - Added connection conn14: url=jdbc:h2:file:C:\Users\dhiebert\.frcpm\frcpm user=SA
10:24:14.808 [main] INFO com.zaxxer.hikari.HikariDataSource - FRC-PM-HikariCP - Start completed.
10:24:14.808 [main] DEBUG org.hibernate.hikaricp.internal.HikariCPConnectionProvider - HikariCP Configured
10:24:14.808 [main] DEBUG org.hibernate.engine.jdbc.env.internal.JdbcEnvironmentInitiator - Database ->
	   name : H2
	version : 2.2.224 (2023-09-17)
	  major : 2
	  minor : 2
10:24:14.808 [main] DEBUG org.hibernate.engine.jdbc.env.internal.JdbcEnvironmentInitiator - Driver ->
	   name : H2 JDBC Driver
	version : 2.2.224 (2023-09-17)
	  major : 2
	  minor : 2
10:24:14.808 [main] DEBUG org.hibernate.engine.jdbc.env.internal.JdbcEnvironmentInitiator - JDBC version : 4.2
10:24:14.808 [main] WARN org.hibernate.orm.deprecation - HHH90000025: H2Dialect does not need to be specified explicitly using 'hibernate.dialect' (remove the property setting and it will be selected by default)
10:24:14.808 [main] DEBUG org.hibernate.orm.dialect - HHH035001: Using dialect: org.hibernate.dialect.H2Dialect, version: 2.2.224
10:24:14.808 [main] DEBUG org.hibernate.engine.jdbc.env.spi.IdentifierHelperBuilder - JDBC driver metadata reported database stores quoted identifiers in neither upper, lower nor mixed case
10:24:14.808 [main] DEBUG org.hibernate.type.descriptor.jdbc.spi.JdbcTypeRegistry - addDescriptor(NCharTypeDescriptor) replaced previous registration(CharTypeDescriptor)
10:24:14.808 [main] DEBUG org.hibernate.type.descriptor.jdbc.spi.JdbcTypeRegistry - addDescriptor(NVarcharTypeDescriptor) replaced previous registration(VarcharTypeDescriptor)
10:24:14.809 [main] DEBUG org.hibernate.type.descriptor.jdbc.spi.JdbcTypeRegistry - addDescriptor(LongNVarcharTypeDescriptor) replaced previous registration(LongVarcharTypeDescriptor)
10:24:14.809 [main] DEBUG org.hibernate.type.descriptor.jdbc.spi.JdbcTypeRegistry - addDescriptor(NClobTypeDescriptor(DEFAULT)) replaced previous registration(ClobTypeDescriptor(DEFAULT))
10:24:14.809 [main] DEBUG org.hibernate.type.descriptor.jdbc.spi.JdbcTypeRegistry - addDescriptor(2005, ClobTypeDescriptor(STREAM_BINDING)) replaced previous registration(ClobTypeDescriptor(DEFAULT))
10:24:14.809 [main] DEBUG org.hibernate.type.descriptor.jdbc.spi.JdbcTypeRegistry - addDescriptor(TimestampUtcDescriptor) replaced previous registration(TimestampUtcDescriptor)
10:24:14.809 [main] DEBUG org.hibernate.type.BasicTypeRegistry - Adding type registration org.hibernate.type.DurationType -> basicType@163(java.time.Duration,3015)
10:24:14.809 [main] DEBUG org.hibernate.type.BasicTypeRegistry - Adding type registration Duration -> basicType@163(java.time.Duration,3015)
10:24:14.809 [main] DEBUG org.hibernate.type.BasicTypeRegistry - Adding type registration java.time.Duration -> basicType@163(java.time.Duration,3015)
10:24:14.809 [main] DEBUG org.hibernate.type.spi.TypeConfiguration$Scope - Scoping TypeConfiguration [org.hibernate.type.spi.TypeConfiguration@1e500144] to MetadataBuildingContext [org.hibernate.boot.internal.MetadataBuildingContextRootImpl@7f0560f7]
10:24:14.809 [main] DEBUG org.hibernate.boot.model.relational.Namespace - Created database namespace [logicalName=Name{catalog=null, schema=null}, physicalName=Name{catalog=null, schema=null}]
10:24:14.810 [main] DEBUG org.hibernate.boot.model.internal.EntityBinder - Binding entity from annotated class: org.frcpm.models.Attendance
10:24:14.810 [main] DEBUG org.hibernate.boot.model.internal.EntityBinder - Import with entity name Attendance
10:24:14.810 [main] DEBUG org.hibernate.boot.model.internal.EntityBinder - Bind entity org.frcpm.models.Attendance on table attendances
10:24:14.810 [main] DEBUG org.hibernate.boot.model.internal.AnnotatedColumn - Binding column: AnnotatedDiscriminatorColumn(column='DTYPE')
10:24:14.810 [main] DEBUG org.hibernate.boot.model.internal.AnnotatedColumn - Binding column: AnnotatedColumn()
10:24:14.810 [main] DEBUG org.hibernate.boot.internal.ClassLoaderAccessImpl - Not known whether passed class name [org.frcpm.models.Attendance] is safe
10:24:14.810 [main] DEBUG org.hibernate.boot.internal.ClassLoaderAccessImpl - No temp ClassLoader provided; using live ClassLoader for loading potentially unsafe class : org.frcpm.models.Attendance
10:24:14.810 [main] DEBUG org.hibernate.boot.model.internal.PropertyBinder - MetadataSourceProcessor property id with lazy=false
10:24:14.810 [main] DEBUG org.hibernate.boot.model.internal.AbstractPropertyHolder - Attempting to locate auto-apply AttributeConverter for property [org.frcpm.models.Attendance:id]
10:24:14.810 [main] DEBUG org.hibernate.boot.model.internal.BasicValueBinder - building BasicValue for id
10:24:14.810 [main] DEBUG org.hibernate.mapping.BasicValue - Skipping column re-registration: attendances.id
10:24:14.810 [main] DEBUG org.hibernate.boot.model.internal.PropertyBinder - Building property id
10:24:14.810 [main] DEBUG org.hibernate.boot.model.internal.BinderHelper - #makeIdGenerator(BasicValue([Column(id)]), id, identity, , ...)
10:24:14.810 [main] DEBUG org.hibernate.boot.model.internal.AnnotatedColumn - Binding column: AnnotatedColumn(column='arrival_time')
10:24:14.810 [main] DEBUG org.hibernate.boot.model.internal.PropertyBinder - MetadataSourceProcessor property arrivalTime with lazy=false
10:24:14.810 [main] DEBUG org.hibernate.boot.model.internal.AbstractPropertyHolder - Attempting to locate auto-apply AttributeConverter for property [org.frcpm.models.Attendance:arrivalTime]
10:24:14.810 [main] DEBUG org.hibernate.boot.model.internal.BasicValueBinder - building BasicValue for arrivalTime
10:24:14.810 [main] DEBUG org.hibernate.mapping.BasicValue - Skipping column re-registration: attendances.arrival_time
10:24:14.810 [main] DEBUG org.hibernate.boot.model.internal.PropertyBinder - Building property arrivalTime
10:24:14.810 [main] DEBUG org.hibernate.boot.model.internal.AnnotatedColumn - Binding column: AnnotatedColumn(column='departure_time')
10:24:14.810 [main] DEBUG org.hibernate.boot.model.internal.PropertyBinder - MetadataSourceProcessor property departureTime with lazy=false
10:24:14.810 [main] DEBUG org.hibernate.boot.model.internal.AbstractPropertyHolder - Attempting to locate auto-apply AttributeConverter for property [org.frcpm.models.Attendance:departureTime]
10:24:14.810 [main] DEBUG org.hibernate.boot.model.internal.BasicValueBinder - building BasicValue for departureTime
10:24:14.810 [main] DEBUG org.hibernate.mapping.BasicValue - Skipping column re-registration: attendances.departure_time
10:24:14.810 [main] DEBUG org.hibernate.boot.model.internal.PropertyBinder - Building property departureTime
10:24:14.810 [main] DEBUG org.hibernate.boot.model.internal.AnnotatedColumn - Binding column: AnnotatedJoinColumn(column='meeting_id')
10:24:14.810 [main] DEBUG org.hibernate.boot.model.internal.AnnotatedColumn - Binding column: AnnotatedColumn()
10:24:14.811 [main] DEBUG org.hibernate.boot.model.internal.PropertyBinder - Building property meeting
10:24:14.811 [main] DEBUG org.hibernate.boot.model.internal.AnnotatedColumn - Binding column: AnnotatedJoinColumn(column='member_id')
10:24:14.811 [main] DEBUG org.hibernate.boot.model.internal.AnnotatedColumn - Binding column: AnnotatedColumn()
10:24:14.811 [main] DEBUG org.hibernate.boot.model.internal.PropertyBinder - Building property member
10:24:14.811 [main] DEBUG org.hibernate.boot.model.internal.AnnotatedColumn - Binding column: AnnotatedColumn(column='present')
10:24:14.811 [main] DEBUG org.hibernate.boot.model.internal.PropertyBinder - MetadataSourceProcessor property present with lazy=false
10:24:14.811 [main] DEBUG org.hibernate.boot.model.internal.AbstractPropertyHolder - Attempting to locate auto-apply AttributeConverter for property [org.frcpm.models.Attendance:present]
10:24:14.811 [main] DEBUG org.hibernate.boot.model.internal.BasicValueBinder - building BasicValue for present
10:24:14.811 [main] DEBUG org.hibernate.mapping.BasicValue - Skipping column re-registration: attendances.present
10:24:14.811 [main] DEBUG org.hibernate.boot.model.internal.PropertyBinder - Building property present
10:24:14.811 [main] DEBUG org.hibernate.boot.registry.classloading.internal.ClassLoaderServiceImpl - HHH000194: Package not found or no package-info.java: org.frcpm.models
10:24:14.811 [main] DEBUG org.hibernate.boot.model.internal.EntityBinder - Binding entity from annotated class: org.frcpm.models.Meeting
10:24:14.811 [main] DEBUG org.hibernate.boot.model.internal.EntityBinder - Import with entity name Meeting
10:24:14.811 [main] DEBUG org.hibernate.boot.model.internal.EntityBinder - Bind entity org.frcpm.models.Meeting on table meetings
10:24:14.811 [main] DEBUG org.hibernate.boot.model.internal.AnnotatedColumn - Binding column: AnnotatedDiscriminatorColumn(column='DTYPE')
10:24:14.812 [main] DEBUG org.hibernate.boot.model.internal.AnnotatedColumn - Binding column: AnnotatedColumn()
10:24:14.812 [main] DEBUG org.hibernate.boot.internal.ClassLoaderAccessImpl - Not known whether passed class name [org.frcpm.models.Meeting] is safe
10:24:14.812 [main] DEBUG org.hibernate.boot.internal.ClassLoaderAccessImpl - No temp ClassLoader provided; using live ClassLoader for loading potentially unsafe class : org.frcpm.models.Meeting
10:24:14.812 [main] DEBUG org.hibernate.boot.model.internal.PropertyBinder - MetadataSourceProcessor property id with lazy=false
10:24:14.812 [main] DEBUG org.hibernate.boot.model.internal.AbstractPropertyHolder - Attempting to locate auto-apply AttributeConverter for property [org.frcpm.models.Meeting:id]
10:24:14.812 [main] DEBUG org.hibernate.boot.model.internal.BasicValueBinder - building BasicValue for id
10:24:14.812 [main] DEBUG org.hibernate.mapping.BasicValue - Skipping column re-registration: meetings.id
10:24:14.812 [main] DEBUG org.hibernate.boot.model.internal.PropertyBinder - Building property id
10:24:14.812 [main] DEBUG org.hibernate.boot.model.internal.BinderHelper - #makeIdGenerator(BasicValue([Column(id)]), id, identity, , ...)
10:24:14.812 [main] DEBUG org.hibernate.boot.model.internal.AnnotatedColumn - Binding column: AnnotatedJoinColumn()
10:24:14.812 [main] DEBUG org.hibernate.boot.model.internal.AnnotatedColumn - Binding column: AnnotatedColumn()
10:24:14.812 [main] DEBUG org.hibernate.boot.model.internal.AnnotatedColumn - Binding column: IndexColumn(column='attendances_ORDER')
10:24:14.812 [main] DEBUG org.hibernate.boot.model.internal.AnnotatedColumn - Binding column: AnnotatedColumn()
10:24:14.812 [main] DEBUG org.hibernate.boot.model.internal.AnnotatedColumn - Binding column: AnnotatedColumn(column='attendances_KEY')
10:24:14.812 [main] DEBUG org.hibernate.boot.model.internal.AnnotatedColumn - Binding column: AnnotatedJoinColumn(column='attendances_KEY')
10:24:14.812 [main] DEBUG org.hibernate.boot.model.internal.AnnotatedColumn - Binding column: AnnotatedJoinColumn()
10:24:14.812 [main] DEBUG org.hibernate.boot.model.internal.AnnotatedColumn - Binding column: AnnotatedJoinColumn()
10:24:14.813 [main] DEBUG org.hibernate.boot.model.internal.CollectionBinder - Collection role: org.frcpm.models.Meeting.attendances
10:24:14.813 [main] DEBUG org.hibernate.boot.model.internal.PropertyBinder - Building property attendances
10:24:14.813 [main] DEBUG org.hibernate.boot.model.internal.AnnotatedColumn - Binding column: AnnotatedColumn(column='date')
10:24:14.813 [main] DEBUG org.hibernate.boot.model.internal.PropertyBinder - MetadataSourceProcessor property date with lazy=false
10:24:14.813 [main] DEBUG org.hibernate.boot.model.internal.AbstractPropertyHolder - Attempting to locate auto-apply AttributeConverter for property [org.frcpm.models.Meeting:date]
10:24:14.813 [main] DEBUG org.hibernate.boot.model.internal.BasicValueBinder - building BasicValue for date
10:24:14.813 [main] DEBUG org.hibernate.mapping.BasicValue - Skipping column re-registration: meetings.date
10:24:14.813 [main] DEBUG org.hibernate.boot.model.internal.PropertyBinder - Building property date
10:24:14.813 [main] DEBUG org.hibernate.boot.model.internal.AnnotatedColumn - Binding column: AnnotatedColumn(column='end_time')
10:24:14.813 [main] DEBUG org.hibernate.boot.model.internal.PropertyBinder - MetadataSourceProcessor property endTime with lazy=false
10:24:14.813 [main] DEBUG org.hibernate.boot.model.internal.AbstractPropertyHolder - Attempting to locate auto-apply AttributeConverter for property [org.frcpm.models.Meeting:endTime]
10:24:14.813 [main] DEBUG org.hibernate.boot.model.internal.BasicValueBinder - building BasicValue for endTime
10:24:14.813 [main] DEBUG org.hibernate.mapping.BasicValue - Skipping column re-registration: meetings.end_time
10:24:14.813 [main] DEBUG org.hibernate.boot.model.internal.PropertyBinder - Building property endTime
10:24:14.813 [main] DEBUG org.hibernate.boot.model.internal.AnnotatedColumn - Binding column: AnnotatedColumn(column='notes')
10:24:14.813 [main] DEBUG org.hibernate.boot.model.internal.PropertyBinder - MetadataSourceProcessor property notes with lazy=false
10:24:14.813 [main] DEBUG org.hibernate.boot.model.internal.AbstractPropertyHolder - Attempting to locate auto-apply AttributeConverter for property [org.frcpm.models.Meeting:notes]
10:24:14.813 [main] DEBUG org.hibernate.boot.model.internal.BasicValueBinder - building BasicValue for notes
10:24:14.813 [main] DEBUG org.hibernate.mapping.BasicValue - Skipping column re-registration: meetings.notes
10:24:14.813 [main] DEBUG org.hibernate.boot.model.internal.PropertyBinder - Building property notes
10:24:14.814 [main] DEBUG org.hibernate.boot.model.internal.AnnotatedColumn - Binding column: AnnotatedJoinColumn(column='project_id')
10:24:14.814 [main] DEBUG org.hibernate.boot.model.internal.AnnotatedColumn - Binding column: AnnotatedColumn()
10:24:14.814 [main] DEBUG org.hibernate.boot.model.internal.PropertyBinder - Building property project
10:24:14.814 [main] DEBUG org.hibernate.boot.model.internal.AnnotatedColumn - Binding column: AnnotatedColumn(column='start_time')
10:24:14.814 [main] DEBUG org.hibernate.boot.model.internal.PropertyBinder - MetadataSourceProcessor property startTime with lazy=false
10:24:14.814 [main] DEBUG org.hibernate.boot.model.internal.AbstractPropertyHolder - Attempting to locate auto-apply AttributeConverter for property [org.frcpm.models.Meeting:startTime]
10:24:14.814 [main] DEBUG org.hibernate.boot.model.internal.BasicValueBinder - building BasicValue for startTime
10:24:14.814 [main] DEBUG org.hibernate.mapping.BasicValue - Skipping column re-registration: meetings.start_time
10:24:14.814 [main] DEBUG org.hibernate.boot.model.internal.PropertyBinder - Building property startTime
10:24:14.815 [main] DEBUG org.hibernate.boot.registry.classloading.internal.ClassLoaderServiceImpl - HHH000194: Package not found or no package-info.java: org.frcpm.models
10:24:14.815 [main] DEBUG org.hibernate.boot.model.internal.EntityBinder - Binding entity from annotated class: org.frcpm.models.Subsystem
10:24:14.815 [main] DEBUG org.hibernate.boot.model.internal.EntityBinder - Import with entity name Subsystem
10:24:14.816 [main] DEBUG org.hibernate.boot.model.internal.EntityBinder - Bind entity org.frcpm.models.Subsystem on table subsystems
10:24:14.816 [main] DEBUG org.hibernate.boot.model.internal.AnnotatedColumn - Binding column: AnnotatedDiscriminatorColumn(column='DTYPE')
10:24:14.816 [main] DEBUG org.hibernate.boot.model.internal.AnnotatedColumn - Binding column: AnnotatedColumn()
10:24:14.816 [main] DEBUG org.hibernate.boot.internal.ClassLoaderAccessImpl - Not known whether passed class name [org.frcpm.models.Subsystem] is safe
10:24:14.816 [main] DEBUG org.hibernate.boot.internal.ClassLoaderAccessImpl - No temp ClassLoader provided; using live ClassLoader for loading potentially unsafe class : org.frcpm.models.Subsystem
10:24:14.816 [main] DEBUG org.hibernate.boot.model.internal.PropertyBinder - MetadataSourceProcessor property id with lazy=false
10:24:14.816 [main] DEBUG org.hibernate.boot.model.internal.AbstractPropertyHolder - Attempting to locate auto-apply AttributeConverter for property [org.frcpm.models.Subsystem:id]
10:24:14.816 [main] DEBUG org.hibernate.boot.model.internal.BasicValueBinder - building BasicValue for id
10:24:14.816 [main] DEBUG org.hibernate.mapping.BasicValue - Skipping column re-registration: subsystems.id
10:24:14.816 [main] DEBUG org.hibernate.boot.model.internal.PropertyBinder - Building property id
10:24:14.817 [main] DEBUG org.hibernate.boot.model.internal.BinderHelper - #makeIdGenerator(BasicValue([Column(id)]), id, identity, , ...)
10:24:14.817 [main] DEBUG org.hibernate.boot.model.internal.AnnotatedColumn - Binding column: AnnotatedColumn(column='description')
10:24:14.817 [main] DEBUG org.hibernate.boot.model.internal.PropertyBinder - MetadataSourceProcessor property description with lazy=false
10:24:14.817 [main] DEBUG org.hibernate.boot.model.internal.AbstractPropertyHolder - Attempting to locate auto-apply AttributeConverter for property [org.frcpm.models.Subsystem:description]
10:24:14.817 [main] DEBUG org.hibernate.boot.model.internal.BasicValueBinder - building BasicValue for description
10:24:14.817 [main] DEBUG org.hibernate.mapping.BasicValue - Skipping column re-registration: subsystems.description
10:24:14.817 [main] DEBUG org.hibernate.boot.model.internal.PropertyBinder - Building property description
10:24:14.817 [main] DEBUG org.hibernate.boot.model.internal.AnnotatedColumn - Binding column: AnnotatedColumn(column='name')
10:24:14.817 [main] DEBUG org.hibernate.boot.model.internal.PropertyBinder - MetadataSourceProcessor property name with lazy=false
10:24:14.817 [main] DEBUG org.hibernate.boot.model.internal.AbstractPropertyHolder - Attempting to locate auto-apply AttributeConverter for property [org.frcpm.models.Subsystem:name]
10:24:14.817 [main] DEBUG org.hibernate.boot.model.internal.BasicValueBinder - building BasicValue for name
10:24:14.817 [main] DEBUG org.hibernate.mapping.BasicValue - Skipping column re-registration: subsystems.name
10:24:14.817 [main] DEBUG org.hibernate.boot.model.internal.PropertyBinder - Building property name
10:24:14.817 [main] DEBUG org.hibernate.boot.model.internal.AnnotatedColumn - Binding column: AnnotatedJoinColumn(column='responsible_subteam_id')
10:24:14.817 [main] DEBUG org.hibernate.boot.model.internal.AnnotatedColumn - Binding column: AnnotatedColumn()
10:24:14.817 [main] DEBUG org.hibernate.boot.model.internal.PropertyBinder - Building property responsibleSubteam
10:24:14.817 [main] DEBUG org.hibernate.boot.model.internal.AnnotatedColumn - Binding column: AnnotatedColumn(column='status')
10:24:14.817 [main] DEBUG org.hibernate.boot.model.internal.PropertyBinder - MetadataSourceProcessor property status with lazy=false
10:24:14.817 [main] DEBUG org.hibernate.boot.model.internal.AbstractPropertyHolder - Attempting to locate auto-apply AttributeConverter for property [org.frcpm.models.Subsystem:status]
10:24:14.817 [main] DEBUG org.hibernate.boot.model.internal.BasicValueBinder - building BasicValue for status
10:24:14.817 [main] DEBUG org.hibernate.mapping.BasicValue - Skipping column re-registration: subsystems.status
10:24:14.817 [main] DEBUG org.hibernate.boot.model.internal.PropertyBinder - Building property status
10:24:14.817 [main] DEBUG org.hibernate.boot.model.internal.AnnotatedColumn - Binding column: AnnotatedJoinColumn()
10:24:14.817 [main] DEBUG org.hibernate.boot.model.internal.AnnotatedColumn - Binding column: AnnotatedColumn()
10:24:14.818 [main] DEBUG org.hibernate.boot.model.internal.AnnotatedColumn - Binding column: IndexColumn(column='tasks_ORDER')
10:24:14.818 [main] DEBUG org.hibernate.boot.model.internal.AnnotatedColumn - Binding column: AnnotatedColumn()
10:24:14.818 [main] DEBUG org.hibernate.boot.model.internal.AnnotatedColumn - Binding column: AnnotatedColumn(column='tasks_KEY')
10:24:14.818 [main] DEBUG org.hibernate.boot.model.internal.AnnotatedColumn - Binding column: AnnotatedJoinColumn(column='tasks_KEY')
10:24:14.818 [main] DEBUG org.hibernate.boot.model.internal.AnnotatedColumn - Binding column: AnnotatedJoinColumn()
10:24:14.818 [main] DEBUG org.hibernate.boot.model.internal.AnnotatedColumn - Binding column: AnnotatedJoinColumn()
10:24:14.818 [main] DEBUG org.hibernate.boot.model.internal.CollectionBinder - Collection role: org.frcpm.models.Subsystem.tasks
10:24:14.818 [main] DEBUG org.hibernate.boot.model.internal.PropertyBinder - Building property tasks
10:24:14.819 [main] DEBUG org.hibernate.boot.registry.classloading.internal.ClassLoaderServiceImpl - HHH000194: Package not found or no package-info.java: org.frcpm.models
10:24:14.819 [main] DEBUG org.hibernate.boot.model.internal.EntityBinder - Binding entity from annotated class: org.frcpm.models.Component
10:24:14.819 [main] DEBUG org.hibernate.boot.model.internal.EntityBinder - Import with entity name Component
10:24:14.819 [main] DEBUG org.hibernate.boot.model.internal.EntityBinder - Bind entity org.frcpm.models.Component on table components
10:24:14.819 [main] DEBUG org.hibernate.boot.model.internal.AnnotatedColumn - Binding column: AnnotatedDiscriminatorColumn(column='DTYPE')
10:24:14.820 [main] DEBUG org.hibernate.boot.model.internal.AnnotatedColumn - Binding column: AnnotatedColumn()
10:24:14.820 [main] DEBUG org.hibernate.boot.internal.ClassLoaderAccessImpl - Not known whether passed class name [org.frcpm.models.Component] is safe
10:24:14.820 [main] DEBUG org.hibernate.boot.internal.ClassLoaderAccessImpl - No temp ClassLoader provided; using live ClassLoader for loading potentially unsafe class : org.frcpm.models.Component
10:24:14.820 [main] DEBUG org.hibernate.boot.model.internal.PropertyBinder - MetadataSourceProcessor property id with lazy=false
10:24:14.820 [main] DEBUG org.hibernate.boot.model.internal.AbstractPropertyHolder - Attempting to locate auto-apply AttributeConverter for property [org.frcpm.models.Component:id]
10:24:14.820 [main] DEBUG org.hibernate.boot.model.internal.BasicValueBinder - building BasicValue for id
10:24:14.820 [main] DEBUG org.hibernate.mapping.BasicValue - Skipping column re-registration: components.id
10:24:14.820 [main] DEBUG org.hibernate.boot.model.internal.PropertyBinder - Building property id
10:24:14.820 [main] DEBUG org.hibernate.boot.model.internal.BinderHelper - #makeIdGenerator(BasicValue([Column(id)]), id, identity, , ...)
10:24:14.820 [main] DEBUG org.hibernate.boot.model.internal.AnnotatedColumn - Binding column: AnnotatedColumn(column='actual_delivery')
10:24:14.820 [main] DEBUG org.hibernate.boot.model.internal.PropertyBinder - MetadataSourceProcessor property actualDelivery with lazy=false
10:24:14.820 [main] DEBUG org.hibernate.boot.model.internal.AbstractPropertyHolder - Attempting to locate auto-apply AttributeConverter for property [org.frcpm.models.Component:actualDelivery]
10:24:14.820 [main] DEBUG org.hibernate.boot.model.internal.BasicValueBinder - building BasicValue for actualDelivery
10:24:14.820 [main] DEBUG org.hibernate.mapping.BasicValue - Skipping column re-registration: components.actual_delivery
10:24:14.820 [main] DEBUG org.hibernate.boot.model.internal.PropertyBinder - Building property actualDelivery
10:24:14.820 [main] DEBUG org.hibernate.boot.model.internal.AnnotatedColumn - Binding column: AnnotatedColumn(column='is_delivered')
10:24:14.820 [main] DEBUG org.hibernate.boot.model.internal.PropertyBinder - MetadataSourceProcessor property delivered with lazy=false
10:24:14.820 [main] DEBUG org.hibernate.boot.model.internal.AbstractPropertyHolder - Attempting to locate auto-apply AttributeConverter for property [org.frcpm.models.Component:delivered]
10:24:14.820 [main] DEBUG org.hibernate.boot.model.internal.BasicValueBinder - building BasicValue for delivered
10:24:14.820 [main] DEBUG org.hibernate.mapping.BasicValue - Skipping column re-registration: components.is_delivered
10:24:14.820 [main] DEBUG org.hibernate.boot.model.internal.PropertyBinder - Building property delivered
10:24:14.820 [main] DEBUG org.hibernate.boot.model.internal.AnnotatedColumn - Binding column: AnnotatedColumn(column='description')
10:24:14.820 [main] DEBUG org.hibernate.boot.model.internal.PropertyBinder - MetadataSourceProcessor property description with lazy=false
10:24:14.820 [main] DEBUG org.hibernate.boot.model.internal.AbstractPropertyHolder - Attempting to locate auto-apply AttributeConverter for property [org.frcpm.models.Component:description]
10:24:14.820 [main] DEBUG org.hibernate.boot.model.internal.BasicValueBinder - building BasicValue for description
10:24:14.820 [main] DEBUG org.hibernate.mapping.BasicValue - Skipping column re-registration: components.description
10:24:14.820 [main] DEBUG org.hibernate.boot.model.internal.PropertyBinder - Building property description
10:24:14.820 [main] DEBUG org.hibernate.boot.model.internal.AnnotatedColumn - Binding column: AnnotatedColumn(column='expected_delivery')
10:24:14.821 [main] DEBUG org.hibernate.boot.model.internal.PropertyBinder - MetadataSourceProcessor property expectedDelivery with lazy=false
10:24:14.821 [main] DEBUG org.hibernate.boot.model.internal.AbstractPropertyHolder - Attempting to locate auto-apply AttributeConverter for property [org.frcpm.models.Component:expectedDelivery]
10:24:14.821 [main] DEBUG org.hibernate.boot.model.internal.BasicValueBinder - building BasicValue for expectedDelivery
10:24:14.821 [main] DEBUG org.hibernate.mapping.BasicValue - Skipping column re-registration: components.expected_delivery
10:24:14.821 [main] DEBUG org.hibernate.boot.model.internal.PropertyBinder - Building property expectedDelivery
10:24:14.821 [main] DEBUG org.hibernate.boot.model.internal.AnnotatedColumn - Binding column: AnnotatedColumn(column='name')
10:24:14.821 [main] DEBUG org.hibernate.boot.model.internal.PropertyBinder - MetadataSourceProcessor property name with lazy=false
10:24:14.821 [main] DEBUG org.hibernate.boot.model.internal.AbstractPropertyHolder - Attempting to locate auto-apply AttributeConverter for property [org.frcpm.models.Component:name]
10:24:14.821 [main] DEBUG org.hibernate.boot.model.internal.BasicValueBinder - building BasicValue for name
10:24:14.821 [main] DEBUG org.hibernate.mapping.BasicValue - Skipping column re-registration: components.name
10:24:14.821 [main] DEBUG org.hibernate.boot.model.internal.PropertyBinder - Building property name
10:24:14.821 [main] DEBUG org.hibernate.boot.model.internal.AnnotatedColumn - Binding column: AnnotatedColumn(column='part_number')
10:24:14.821 [main] DEBUG org.hibernate.boot.model.internal.PropertyBinder - MetadataSourceProcessor property partNumber with lazy=false
10:24:14.821 [main] DEBUG org.hibernate.boot.model.internal.AbstractPropertyHolder - Attempting to locate auto-apply AttributeConverter for property [org.frcpm.models.Component:partNumber]
10:24:14.821 [main] DEBUG org.hibernate.boot.model.internal.BasicValueBinder - building BasicValue for partNumber
10:24:14.821 [main] DEBUG org.hibernate.mapping.BasicValue - Skipping column re-registration: components.part_number
10:24:14.821 [main] DEBUG org.hibernate.boot.model.internal.PropertyBinder - Building property partNumber
10:24:14.821 [main] DEBUG org.hibernate.boot.model.internal.AnnotatedColumn - Binding column: IndexColumn(column='requiredForTasks_ORDER')
10:24:14.821 [main] DEBUG org.hibernate.boot.model.internal.AnnotatedColumn - Binding column: AnnotatedColumn()
10:24:14.821 [main] DEBUG org.hibernate.boot.model.internal.AnnotatedColumn - Binding column: AnnotatedColumn(column='requiredForTasks_KEY')
10:24:14.821 [main] DEBUG org.hibernate.boot.model.internal.AnnotatedColumn - Binding column: AnnotatedJoinColumn(column='requiredForTasks_KEY')
10:24:14.821 [main] DEBUG org.hibernate.boot.model.internal.AnnotatedColumn - Binding column: AnnotatedJoinColumn()
10:24:14.821 [main] DEBUG org.hibernate.boot.model.internal.AnnotatedColumn - Binding column: AnnotatedJoinColumn()
10:24:14.821 [main] DEBUG org.hibernate.boot.model.internal.CollectionBinder - Collection role: org.frcpm.models.Component.requiredForTasks
10:24:14.821 [main] DEBUG org.hibernate.boot.model.internal.PropertyBinder - Building property requiredForTasks
10:24:14.822 [main] DEBUG org.hibernate.boot.registry.classloading.internal.ClassLoaderServiceImpl - HHH000194: Package not found or no package-info.java: org.frcpm.models
10:24:14.822 [main] DEBUG org.hibernate.boot.model.internal.EntityBinder - Binding entity from annotated class: org.frcpm.models.Milestone
10:24:14.822 [main] DEBUG org.hibernate.boot.model.internal.EntityBinder - Import with entity name Milestone
10:24:14.822 [main] DEBUG org.hibernate.boot.model.internal.EntityBinder - Bind entity org.frcpm.models.Milestone on table milestones
10:24:14.823 [main] DEBUG org.hibernate.boot.model.internal.AnnotatedColumn - Binding column: AnnotatedDiscriminatorColumn(column='DTYPE')
10:24:14.823 [main] DEBUG org.hibernate.boot.model.internal.AnnotatedColumn - Binding column: AnnotatedColumn()
10:24:14.823 [main] DEBUG org.hibernate.boot.internal.ClassLoaderAccessImpl - Not known whether passed class name [org.frcpm.models.Milestone] is safe
10:24:14.823 [main] DEBUG org.hibernate.boot.internal.ClassLoaderAccessImpl - No temp ClassLoader provided; using live ClassLoader for loading potentially unsafe class : org.frcpm.models.Milestone
10:24:14.823 [main] DEBUG org.hibernate.boot.model.internal.PropertyBinder - MetadataSourceProcessor property id with lazy=false
10:24:14.823 [main] DEBUG org.hibernate.boot.model.internal.AbstractPropertyHolder - Attempting to locate auto-apply AttributeConverter for property [org.frcpm.models.Milestone:id]
10:24:14.823 [main] DEBUG org.hibernate.boot.model.internal.BasicValueBinder - building BasicValue for id
10:24:14.823 [main] DEBUG org.hibernate.mapping.BasicValue - Skipping column re-registration: milestones.id
10:24:14.823 [main] DEBUG org.hibernate.boot.model.internal.PropertyBinder - Building property id
10:24:14.823 [main] DEBUG org.hibernate.boot.model.internal.BinderHelper - #makeIdGenerator(BasicValue([Column(id)]), id, identity, , ...)
10:24:14.823 [main] DEBUG org.hibernate.boot.model.internal.AnnotatedColumn - Binding column: AnnotatedColumn(column='date')
10:24:14.823 [main] DEBUG org.hibernate.boot.model.internal.PropertyBinder - MetadataSourceProcessor property date with lazy=false
10:24:14.823 [main] DEBUG org.hibernate.boot.model.internal.AbstractPropertyHolder - Attempting to locate auto-apply AttributeConverter for property [org.frcpm.models.Milestone:date]
10:24:14.823 [main] DEBUG org.hibernate.boot.model.internal.BasicValueBinder - building BasicValue for date
10:24:14.823 [main] DEBUG org.hibernate.mapping.BasicValue - Skipping column re-registration: milestones.date
10:24:14.823 [main] DEBUG org.hibernate.boot.model.internal.PropertyBinder - Building property date
10:24:14.823 [main] DEBUG org.hibernate.boot.model.internal.AnnotatedColumn - Binding column: AnnotatedColumn(column='description')
10:24:14.823 [main] DEBUG org.hibernate.boot.model.internal.PropertyBinder - MetadataSourceProcessor property description with lazy=false
10:24:14.823 [main] DEBUG org.hibernate.boot.model.internal.AbstractPropertyHolder - Attempting to locate auto-apply AttributeConverter for property [org.frcpm.models.Milestone:description]
10:24:14.823 [main] DEBUG org.hibernate.boot.model.internal.BasicValueBinder - building BasicValue for description
10:24:14.823 [main] DEBUG org.hibernate.mapping.BasicValue - Skipping column re-registration: milestones.description
10:24:14.823 [main] DEBUG org.hibernate.boot.model.internal.PropertyBinder - Building property description
10:24:14.823 [main] DEBUG org.hibernate.boot.model.internal.AnnotatedColumn - Binding column: AnnotatedColumn(column='name')
10:24:14.823 [main] DEBUG org.hibernate.boot.model.internal.PropertyBinder - MetadataSourceProcessor property name with lazy=false
10:24:14.823 [main] DEBUG org.hibernate.boot.model.internal.AbstractPropertyHolder - Attempting to locate auto-apply AttributeConverter for property [org.frcpm.models.Milestone:name]
10:24:14.823 [main] DEBUG org.hibernate.boot.model.internal.BasicValueBinder - building BasicValue for name
10:24:14.823 [main] DEBUG org.hibernate.mapping.BasicValue - Skipping column re-registration: milestones.name
10:24:14.823 [main] DEBUG org.hibernate.boot.model.internal.PropertyBinder - Building property name
10:24:14.823 [main] DEBUG org.hibernate.boot.model.internal.AnnotatedColumn - Binding column: AnnotatedJoinColumn(column='project_id')
10:24:14.824 [main] DEBUG org.hibernate.boot.model.internal.AnnotatedColumn - Binding column: AnnotatedColumn()
10:24:14.824 [main] DEBUG org.hibernate.boot.model.internal.PropertyBinder - Building property project
10:24:14.824 [main] DEBUG org.hibernate.boot.registry.classloading.internal.ClassLoaderServiceImpl - HHH000194: Package not found or no package-info.java: org.frcpm.models
10:24:14.824 [main] DEBUG org.hibernate.boot.model.internal.EntityBinder - Binding entity from annotated class: org.frcpm.models.Project
10:24:14.824 [main] DEBUG org.hibernate.boot.model.internal.EntityBinder - Import with entity name Project
10:24:14.824 [main] DEBUG org.hibernate.boot.model.internal.EntityBinder - Bind entity org.frcpm.models.Project on table projects
10:24:14.824 [main] DEBUG org.hibernate.boot.model.internal.AnnotatedColumn - Binding column: AnnotatedDiscriminatorColumn(column='DTYPE')
10:24:14.824 [main] DEBUG org.hibernate.boot.model.internal.AnnotatedColumn - Binding column: AnnotatedColumn()
10:24:14.824 [main] DEBUG org.hibernate.boot.internal.ClassLoaderAccessImpl - Not known whether passed class name [org.frcpm.models.Project] is safe
10:24:14.824 [main] DEBUG org.hibernate.boot.internal.ClassLoaderAccessImpl - No temp ClassLoader provided; using live ClassLoader for loading potentially unsafe class : org.frcpm.models.Project
10:24:14.824 [main] DEBUG org.hibernate.boot.model.internal.PropertyBinder - MetadataSourceProcessor property id with lazy=false
10:24:14.824 [main] DEBUG org.hibernate.boot.model.internal.AbstractPropertyHolder - Attempting to locate auto-apply AttributeConverter for property [org.frcpm.models.Project:id]
10:24:14.824 [main] DEBUG org.hibernate.boot.model.internal.BasicValueBinder - building BasicValue for id
10:24:14.824 [main] DEBUG org.hibernate.mapping.BasicValue - Skipping column re-registration: projects.id
10:24:14.824 [main] DEBUG org.hibernate.boot.model.internal.PropertyBinder - Building property id
10:24:14.824 [main] DEBUG org.hibernate.boot.model.internal.BinderHelper - #makeIdGenerator(BasicValue([Column(id)]), id, identity, , ...)
10:24:14.824 [main] DEBUG org.hibernate.boot.model.internal.AnnotatedColumn - Binding column: AnnotatedColumn(column='description')
10:24:14.824 [main] DEBUG org.hibernate.boot.model.internal.PropertyBinder - MetadataSourceProcessor property description with lazy=false
10:24:14.824 [main] DEBUG org.hibernate.boot.model.internal.AbstractPropertyHolder - Attempting to locate auto-apply AttributeConverter for property [org.frcpm.models.Project:description]
10:24:14.824 [main] DEBUG org.hibernate.boot.model.internal.BasicValueBinder - building BasicValue for description
10:24:14.824 [main] DEBUG org.hibernate.mapping.BasicValue - Skipping column re-registration: projects.description
10:24:14.824 [main] DEBUG org.hibernate.boot.model.internal.PropertyBinder - Building property description
10:24:14.825 [main] DEBUG org.hibernate.boot.model.internal.AnnotatedColumn - Binding column: AnnotatedColumn(column='goal_end_date')
10:24:14.825 [main] DEBUG org.hibernate.boot.model.internal.PropertyBinder - MetadataSourceProcessor property goalEndDate with lazy=false
10:24:14.825 [main] DEBUG org.hibernate.boot.model.internal.AbstractPropertyHolder - Attempting to locate auto-apply AttributeConverter for property [org.frcpm.models.Project:goalEndDate]
10:24:14.825 [main] DEBUG org.hibernate.boot.model.internal.BasicValueBinder - building BasicValue for goalEndDate
10:24:14.825 [main] DEBUG org.hibernate.mapping.BasicValue - Skipping column re-registration: projects.goal_end_date
10:24:14.825 [main] DEBUG org.hibernate.boot.model.internal.PropertyBinder - Building property goalEndDate
10:24:14.825 [main] DEBUG org.hibernate.boot.model.internal.AnnotatedColumn - Binding column: AnnotatedColumn(column='hard_deadline')
10:24:14.825 [main] DEBUG org.hibernate.boot.model.internal.PropertyBinder - MetadataSourceProcessor property hardDeadline with lazy=false
10:24:14.825 [main] DEBUG org.hibernate.boot.model.internal.AbstractPropertyHolder - Attempting to locate auto-apply AttributeConverter for property [org.frcpm.models.Project:hardDeadline]
10:24:14.825 [main] DEBUG org.hibernate.boot.model.internal.BasicValueBinder - building BasicValue for hardDeadline
10:24:14.825 [main] DEBUG org.hibernate.mapping.BasicValue - Skipping column re-registration: projects.hard_deadline
10:24:14.825 [main] DEBUG org.hibernate.boot.model.internal.PropertyBinder - Building property hardDeadline
10:24:14.825 [main] DEBUG org.hibernate.boot.model.internal.AnnotatedColumn - Binding column: AnnotatedJoinColumn()
10:24:14.825 [main] DEBUG org.hibernate.boot.model.internal.AnnotatedColumn - Binding column: AnnotatedColumn()
10:24:14.825 [main] DEBUG org.hibernate.boot.model.internal.AnnotatedColumn - Binding column: IndexColumn(column='meetings_ORDER')
10:24:14.825 [main] DEBUG org.hibernate.boot.model.internal.AnnotatedColumn - Binding column: AnnotatedColumn()
10:24:14.825 [main] DEBUG org.hibernate.boot.model.internal.AnnotatedColumn - Binding column: AnnotatedColumn(column='meetings_KEY')
10:24:14.825 [main] DEBUG org.hibernate.boot.model.internal.AnnotatedColumn - Binding column: AnnotatedJoinColumn(column='meetings_KEY')
10:24:14.825 [main] DEBUG org.hibernate.boot.model.internal.AnnotatedColumn - Binding column: AnnotatedJoinColumn()
10:24:14.825 [main] DEBUG org.hibernate.boot.model.internal.AnnotatedColumn - Binding column: AnnotatedJoinColumn()
10:24:14.825 [main] DEBUG org.hibernate.boot.model.internal.CollectionBinder - Collection role: org.frcpm.models.Project.meetings
10:24:14.825 [main] DEBUG org.hibernate.boot.model.internal.PropertyBinder - Building property meetings
10:24:14.825 [main] DEBUG org.hibernate.boot.model.internal.AnnotatedColumn - Binding column: AnnotatedJoinColumn()
10:24:14.825 [main] DEBUG org.hibernate.boot.model.internal.AnnotatedColumn - Binding column: AnnotatedColumn()
10:24:14.825 [main] DEBUG org.hibernate.boot.model.internal.AnnotatedColumn - Binding column: IndexColumn(column='milestones_ORDER')
10:24:14.825 [main] DEBUG org.hibernate.boot.model.internal.AnnotatedColumn - Binding column: AnnotatedColumn()
10:24:14.825 [main] DEBUG org.hibernate.boot.model.internal.AnnotatedColumn - Binding column: AnnotatedColumn(column='milestones_KEY')
10:24:14.825 [main] DEBUG org.hibernate.boot.model.internal.AnnotatedColumn - Binding column: AnnotatedJoinColumn(column='milestones_KEY')
10:24:14.825 [main] DEBUG org.hibernate.boot.model.internal.AnnotatedColumn - Binding column: AnnotatedJoinColumn()
10:24:14.825 [main] DEBUG org.hibernate.boot.model.internal.AnnotatedColumn - Binding column: AnnotatedJoinColumn()
10:24:14.825 [main] DEBUG org.hibernate.boot.model.internal.CollectionBinder - Collection role: org.frcpm.models.Project.milestones
10:24:14.825 [main] DEBUG org.hibernate.boot.model.internal.PropertyBinder - Building property milestones
10:24:14.825 [main] DEBUG org.hibernate.boot.model.internal.AnnotatedColumn - Binding column: AnnotatedColumn(column='name')
10:24:14.825 [main] DEBUG org.hibernate.boot.model.internal.PropertyBinder - MetadataSourceProcessor property name with lazy=false
10:24:14.825 [main] DEBUG org.hibernate.boot.model.internal.AbstractPropertyHolder - Attempting to locate auto-apply AttributeConverter for property [org.frcpm.models.Project:name]
10:24:14.825 [main] DEBUG org.hibernate.boot.model.internal.BasicValueBinder - building BasicValue for name
10:24:14.825 [main] DEBUG org.hibernate.mapping.BasicValue - Skipping column re-registration: projects.name
10:24:14.825 [main] DEBUG org.hibernate.boot.model.internal.PropertyBinder - Building property name
10:24:14.825 [main] DEBUG org.hibernate.boot.model.internal.AnnotatedColumn - Binding column: AnnotatedColumn(column='start_date')
10:24:14.825 [main] DEBUG org.hibernate.boot.model.internal.PropertyBinder - MetadataSourceProcessor property startDate with lazy=false
10:24:14.825 [main] DEBUG org.hibernate.boot.model.internal.AbstractPropertyHolder - Attempting to locate auto-apply AttributeConverter for property [org.frcpm.models.Project:startDate]
10:24:14.825 [main] DEBUG org.hibernate.boot.model.internal.BasicValueBinder - building BasicValue for startDate
10:24:14.825 [main] DEBUG org.hibernate.mapping.BasicValue - Skipping column re-registration: projects.start_date
10:24:14.825 [main] DEBUG org.hibernate.boot.model.internal.PropertyBinder - Building property startDate
10:24:14.825 [main] DEBUG org.hibernate.boot.model.internal.AnnotatedColumn - Binding column: AnnotatedJoinColumn()
10:24:14.825 [main] DEBUG org.hibernate.boot.model.internal.AnnotatedColumn - Binding column: AnnotatedColumn()
10:24:14.825 [main] DEBUG org.hibernate.boot.model.internal.AnnotatedColumn - Binding column: IndexColumn(column='tasks_ORDER')
10:24:14.825 [main] DEBUG org.hibernate.boot.model.internal.AnnotatedColumn - Binding column: AnnotatedColumn()
10:24:14.825 [main] DEBUG org.hibernate.boot.model.internal.AnnotatedColumn - Binding column: AnnotatedColumn(column='tasks_KEY')
10:24:14.825 [main] DEBUG org.hibernate.boot.model.internal.AnnotatedColumn - Binding column: AnnotatedJoinColumn(column='tasks_KEY')
10:24:14.825 [main] DEBUG org.hibernate.boot.model.internal.AnnotatedColumn - Binding column: AnnotatedJoinColumn()
10:24:14.825 [main] DEBUG org.hibernate.boot.model.internal.AnnotatedColumn - Binding column: AnnotatedJoinColumn()
10:24:14.825 [main] DEBUG org.hibernate.boot.model.internal.CollectionBinder - Collection role: org.frcpm.models.Project.tasks
10:24:14.825 [main] DEBUG org.hibernate.boot.model.internal.PropertyBinder - Building property tasks
10:24:14.825 [main] DEBUG org.hibernate.boot.registry.classloading.internal.ClassLoaderServiceImpl - HHH000194: Package not found or no package-info.java: org.frcpm.models
10:24:14.825 [main] DEBUG org.hibernate.boot.model.internal.EntityBinder - Binding entity from annotated class: org.frcpm.models.Subteam
10:24:14.825 [main] DEBUG org.hibernate.boot.model.internal.EntityBinder - Import with entity name Subteam
10:24:14.825 [main] DEBUG org.hibernate.boot.model.internal.EntityBinder - Bind entity org.frcpm.models.Subteam on table subteams
10:24:14.825 [main] DEBUG org.hibernate.boot.model.internal.AnnotatedColumn - Binding column: AnnotatedDiscriminatorColumn(column='DTYPE')
10:24:14.825 [main] DEBUG org.hibernate.boot.model.internal.AnnotatedColumn - Binding column: AnnotatedColumn()
10:24:14.825 [main] DEBUG org.hibernate.boot.internal.ClassLoaderAccessImpl - Not known whether passed class name [org.frcpm.models.Subteam] is safe
10:24:14.825 [main] DEBUG org.hibernate.boot.internal.ClassLoaderAccessImpl - No temp ClassLoader provided; using live ClassLoader for loading potentially unsafe class : org.frcpm.models.Subteam
10:24:14.825 [main] DEBUG org.hibernate.boot.model.internal.PropertyBinder - MetadataSourceProcessor property id with lazy=false
10:24:14.825 [main] DEBUG org.hibernate.boot.model.internal.AbstractPropertyHolder - Attempting to locate auto-apply AttributeConverter for property [org.frcpm.models.Subteam:id]
10:24:14.825 [main] DEBUG org.hibernate.boot.model.internal.BasicValueBinder - building BasicValue for id
10:24:14.825 [main] DEBUG org.hibernate.mapping.BasicValue - Skipping column re-registration: subteams.id
10:24:14.825 [main] DEBUG org.hibernate.boot.model.internal.PropertyBinder - Building property id
10:24:14.825 [main] DEBUG org.hibernate.boot.model.internal.BinderHelper - #makeIdGenerator(BasicValue([Column(id)]), id, identity, , ...)
10:24:14.825 [main] DEBUG org.hibernate.boot.model.internal.AnnotatedColumn - Binding column: AnnotatedColumn(column='color_code')
10:24:14.825 [main] DEBUG org.hibernate.boot.model.internal.PropertyBinder - MetadataSourceProcessor property colorCode with lazy=false
10:24:14.825 [main] DEBUG org.hibernate.boot.model.internal.AbstractPropertyHolder - Attempting to locate auto-apply AttributeConverter for property [org.frcpm.models.Subteam:colorCode]
10:24:14.825 [main] DEBUG org.hibernate.boot.model.internal.BasicValueBinder - building BasicValue for colorCode
10:24:14.825 [main] DEBUG org.hibernate.mapping.BasicValue - Skipping column re-registration: subteams.color_code
10:24:14.825 [main] DEBUG org.hibernate.boot.model.internal.PropertyBinder - Building property colorCode
10:24:14.825 [main] DEBUG org.hibernate.boot.model.internal.AnnotatedColumn - Binding column: AnnotatedJoinColumn()
10:24:14.825 [main] DEBUG org.hibernate.boot.model.internal.AnnotatedColumn - Binding column: AnnotatedColumn()
10:24:14.825 [main] DEBUG org.hibernate.boot.model.internal.AnnotatedColumn - Binding column: IndexColumn(column='members_ORDER')
10:24:14.825 [main] DEBUG org.hibernate.boot.model.internal.AnnotatedColumn - Binding column: AnnotatedColumn()
10:24:14.825 [main] DEBUG org.hibernate.boot.model.internal.AnnotatedColumn - Binding column: AnnotatedColumn(column='members_KEY')
10:24:14.825 [main] DEBUG org.hibernate.boot.model.internal.AnnotatedColumn - Binding column: AnnotatedJoinColumn(column='members_KEY')
10:24:14.825 [main] DEBUG org.hibernate.boot.model.internal.AnnotatedColumn - Binding column: AnnotatedJoinColumn()
10:24:14.825 [main] DEBUG org.hibernate.boot.model.internal.AnnotatedColumn - Binding column: AnnotatedJoinColumn()
10:24:14.825 [main] DEBUG org.hibernate.boot.model.internal.CollectionBinder - Collection role: org.frcpm.models.Subteam.members
10:24:14.825 [main] DEBUG org.hibernate.boot.model.internal.PropertyBinder - Building property members
10:24:14.825 [main] DEBUG org.hibernate.boot.model.internal.AnnotatedColumn - Binding column: AnnotatedColumn(column='name')
10:24:14.825 [main] DEBUG org.hibernate.boot.model.internal.PropertyBinder - MetadataSourceProcessor property name with lazy=false
10:24:14.825 [main] DEBUG org.hibernate.boot.model.internal.AbstractPropertyHolder - Attempting to locate auto-apply AttributeConverter for property [org.frcpm.models.Subteam:name]
10:24:14.825 [main] DEBUG org.hibernate.boot.model.internal.BasicValueBinder - building BasicValue for name
10:24:14.825 [main] DEBUG org.hibernate.mapping.BasicValue - Skipping column re-registration: subteams.name
10:24:14.825 [main] DEBUG org.hibernate.boot.model.internal.PropertyBinder - Building property name
10:24:14.825 [main] DEBUG org.hibernate.boot.model.internal.AnnotatedColumn - Binding column: AnnotatedColumn(column='specialties')
10:24:14.825 [main] DEBUG org.hibernate.boot.model.internal.PropertyBinder - MetadataSourceProcessor property specialties with lazy=false
10:24:14.825 [main] DEBUG org.hibernate.boot.model.internal.AbstractPropertyHolder - Attempting to locate auto-apply AttributeConverter for property [org.frcpm.models.Subteam:specialties]
10:24:14.825 [main] DEBUG org.hibernate.boot.model.internal.BasicValueBinder - building BasicValue for specialties
10:24:14.825 [main] DEBUG org.hibernate.mapping.BasicValue - Skipping column re-registration: subteams.specialties
10:24:14.825 [main] DEBUG org.hibernate.boot.model.internal.PropertyBinder - Building property specialties
10:24:14.825 [main] DEBUG org.hibernate.boot.model.internal.AnnotatedColumn - Binding column: AnnotatedJoinColumn()
10:24:14.825 [main] DEBUG org.hibernate.boot.model.internal.AnnotatedColumn - Binding column: AnnotatedColumn()
10:24:14.825 [main] DEBUG org.hibernate.boot.model.internal.AnnotatedColumn - Binding column: IndexColumn(column='subsystems_ORDER')
10:24:14.827 [main] DEBUG org.hibernate.boot.model.internal.AnnotatedColumn - Binding column: AnnotatedColumn()
10:24:14.827 [main] DEBUG org.hibernate.boot.model.internal.AnnotatedColumn - Binding column: AnnotatedColumn(column='subsystems_KEY')
10:24:14.827 [main] DEBUG org.hibernate.boot.model.internal.AnnotatedColumn - Binding column: AnnotatedJoinColumn(column='subsystems_KEY')
10:24:14.827 [main] DEBUG org.hibernate.boot.model.internal.AnnotatedColumn - Binding column: AnnotatedJoinColumn()
10:24:14.827 [main] DEBUG org.hibernate.boot.model.internal.AnnotatedColumn - Binding column: AnnotatedJoinColumn()
10:24:14.827 [main] DEBUG org.hibernate.boot.model.internal.CollectionBinder - Collection role: org.frcpm.models.Subteam.subsystems
10:24:14.827 [main] DEBUG org.hibernate.boot.model.internal.PropertyBinder - Building property subsystems
10:24:14.827 [main] DEBUG org.hibernate.boot.registry.classloading.internal.ClassLoaderServiceImpl - HHH000194: Package not found or no package-info.java: org.frcpm.models
10:24:14.827 [main] DEBUG org.hibernate.boot.model.internal.EntityBinder - Binding entity from annotated class: org.frcpm.models.Task
10:24:14.827 [main] DEBUG org.hibernate.boot.model.internal.EntityBinder - Import with entity name Task
10:24:14.827 [main] DEBUG org.hibernate.boot.model.internal.EntityBinder - Bind entity org.frcpm.models.Task on table tasks
10:24:14.827 [main] DEBUG org.hibernate.boot.model.internal.AnnotatedColumn - Binding column: AnnotatedDiscriminatorColumn(column='DTYPE')
10:24:14.828 [main] DEBUG org.hibernate.boot.model.internal.AnnotatedColumn - Binding column: AnnotatedColumn()
10:24:14.828 [main] DEBUG org.hibernate.boot.internal.ClassLoaderAccessImpl - Not known whether passed class name [org.frcpm.models.Task] is safe
10:24:14.828 [main] DEBUG org.hibernate.boot.internal.ClassLoaderAccessImpl - No temp ClassLoader provided; using live ClassLoader for loading potentially unsafe class : org.frcpm.models.Task
10:24:14.828 [main] DEBUG org.hibernate.boot.model.internal.PropertyBinder - MetadataSourceProcessor property id with lazy=false
10:24:14.828 [main] DEBUG org.hibernate.boot.model.internal.AbstractPropertyHolder - Attempting to locate auto-apply AttributeConverter for property [org.frcpm.models.Task:id]
10:24:14.828 [main] DEBUG org.hibernate.boot.model.internal.BasicValueBinder - building BasicValue for id
10:24:14.828 [main] DEBUG org.hibernate.mapping.BasicValue - Skipping column re-registration: tasks.id
10:24:14.828 [main] DEBUG org.hibernate.boot.model.internal.PropertyBinder - Building property id
10:24:14.828 [main] DEBUG org.hibernate.boot.model.internal.BinderHelper - #makeIdGenerator(BasicValue([Column(id)]), id, identity, , ...)
10:24:14.828 [main] DEBUG org.hibernate.boot.model.internal.AnnotatedColumn - Binding column: AnnotatedColumn(column='actual_duration_seconds')
10:24:14.828 [main] DEBUG org.hibernate.boot.model.internal.PropertyBinder - MetadataSourceProcessor property actualDurationSeconds with lazy=false
10:24:14.828 [main] DEBUG org.hibernate.boot.model.internal.AbstractPropertyHolder - Attempting to locate auto-apply AttributeConverter for property [org.frcpm.models.Task:actualDurationSeconds]
10:24:14.828 [main] DEBUG org.hibernate.boot.model.internal.BasicValueBinder - building BasicValue for actualDurationSeconds
10:24:14.828 [main] DEBUG org.hibernate.mapping.BasicValue - Skipping column re-registration: tasks.actual_duration_seconds
10:24:14.828 [main] DEBUG org.hibernate.boot.model.internal.PropertyBinder - Building property actualDurationSeconds
10:24:14.828 [main] DEBUG org.hibernate.boot.model.internal.AnnotatedColumn - Binding column: IndexColumn(column='assignedTo_ORDER')
10:24:14.828 [main] DEBUG org.hibernate.boot.model.internal.AnnotatedColumn - Binding column: AnnotatedColumn()
10:24:14.828 [main] DEBUG org.hibernate.boot.model.internal.AnnotatedColumn - Binding column: AnnotatedColumn(column='assignedTo_KEY')
10:24:14.828 [main] DEBUG org.hibernate.boot.model.internal.AnnotatedColumn - Binding column: AnnotatedJoinColumn(column='assignedTo_KEY')
10:24:14.828 [main] DEBUG org.hibernate.boot.model.internal.AnnotatedColumn - Binding column: AnnotatedJoinColumn(column='task_id')
10:24:14.828 [main] DEBUG org.hibernate.boot.model.internal.AnnotatedColumn - Binding column: AnnotatedJoinColumn(column='team_member_id')
10:24:14.828 [main] DEBUG org.hibernate.boot.model.internal.CollectionBinder - Collection role: org.frcpm.models.Task.assignedTo
10:24:14.828 [main] DEBUG org.hibernate.boot.model.internal.PropertyBinder - Building property assignedTo
10:24:14.828 [main] DEBUG org.hibernate.boot.model.internal.AnnotatedColumn - Binding column: AnnotatedColumn(column='completed')
10:24:14.828 [main] DEBUG org.hibernate.boot.model.internal.PropertyBinder - MetadataSourceProcessor property completed with lazy=false
10:24:14.828 [main] DEBUG org.hibernate.boot.model.internal.AbstractPropertyHolder - Attempting to locate auto-apply AttributeConverter for property [org.frcpm.models.Task:completed]
10:24:14.828 [main] DEBUG org.hibernate.boot.model.internal.BasicValueBinder - building BasicValue for completed
10:24:14.828 [main] DEBUG org.hibernate.mapping.BasicValue - Skipping column re-registration: tasks.completed
10:24:14.828 [main] DEBUG org.hibernate.boot.model.internal.PropertyBinder - Building property completed
10:24:14.828 [main] DEBUG org.hibernate.boot.model.internal.AnnotatedColumn - Binding column: AnnotatedColumn(column='description')
10:24:14.828 [main] DEBUG org.hibernate.boot.model.internal.PropertyBinder - MetadataSourceProcessor property description with lazy=false
10:24:14.829 [main] DEBUG org.hibernate.boot.model.internal.AbstractPropertyHolder - Attempting to locate auto-apply AttributeConverter for property [org.frcpm.models.Task:description]
10:24:14.829 [main] DEBUG org.hibernate.boot.model.internal.BasicValueBinder - building BasicValue for description
10:24:14.829 [main] DEBUG org.hibernate.mapping.BasicValue - Skipping column re-registration: tasks.description
10:24:14.829 [main] DEBUG org.hibernate.boot.model.internal.PropertyBinder - Building property description
10:24:14.829 [main] DEBUG org.hibernate.boot.model.internal.AnnotatedColumn - Binding column: AnnotatedColumn(column='end_date')
10:24:14.829 [main] DEBUG org.hibernate.boot.model.internal.PropertyBinder - MetadataSourceProcessor property endDate with lazy=false
10:24:14.829 [main] DEBUG org.hibernate.boot.model.internal.AbstractPropertyHolder - Attempting to locate auto-apply AttributeConverter for property [org.frcpm.models.Task:endDate]
10:24:14.829 [main] DEBUG org.hibernate.boot.model.internal.BasicValueBinder - building BasicValue for endDate
10:24:14.829 [main] DEBUG org.hibernate.mapping.BasicValue - Skipping column re-registration: tasks.end_date
10:24:14.829 [main] DEBUG org.hibernate.boot.model.internal.PropertyBinder - Building property endDate
10:24:14.829 [main] DEBUG org.hibernate.boot.model.internal.AnnotatedColumn - Binding column: AnnotatedColumn(column='estimated_duration_seconds')
10:24:14.829 [main] DEBUG org.hibernate.boot.model.internal.PropertyBinder - MetadataSourceProcessor property estimatedDurationSeconds with lazy=false
10:24:14.829 [main] DEBUG org.hibernate.boot.model.internal.AbstractPropertyHolder - Attempting to locate auto-apply AttributeConverter for property [org.frcpm.models.Task:estimatedDurationSeconds]
10:24:14.829 [main] DEBUG org.hibernate.boot.model.internal.BasicValueBinder - building BasicValue for estimatedDurationSeconds
10:24:14.829 [main] DEBUG org.hibernate.mapping.BasicValue - Skipping column re-registration: tasks.estimated_duration_seconds
10:24:14.829 [main] DEBUG org.hibernate.boot.model.internal.PropertyBinder - Building property estimatedDurationSeconds
10:24:14.829 [main] DEBUG org.hibernate.boot.model.internal.AnnotatedColumn - Binding column: IndexColumn(column='postDependencies_ORDER')
10:24:14.829 [main] DEBUG org.hibernate.boot.model.internal.AnnotatedColumn - Binding column: AnnotatedColumn()
10:24:14.829 [main] DEBUG org.hibernate.boot.model.internal.AnnotatedColumn - Binding column: AnnotatedColumn(column='postDependencies_KEY')
10:24:14.829 [main] DEBUG org.hibernate.boot.model.internal.AnnotatedColumn - Binding column: AnnotatedJoinColumn(column='postDependencies_KEY')
10:24:14.829 [main] DEBUG org.hibernate.boot.model.internal.AnnotatedColumn - Binding column: AnnotatedJoinColumn()
10:24:14.829 [main] DEBUG org.hibernate.boot.model.internal.AnnotatedColumn - Binding column: AnnotatedJoinColumn()
10:24:14.829 [main] DEBUG org.hibernate.boot.model.internal.CollectionBinder - Collection role: org.frcpm.models.Task.postDependencies
10:24:14.829 [main] DEBUG org.hibernate.boot.model.internal.PropertyBinder - Building property postDependencies
10:24:14.829 [main] DEBUG org.hibernate.boot.model.internal.AnnotatedColumn - Binding column: IndexColumn(column='preDependencies_ORDER')
10:24:14.829 [main] DEBUG org.hibernate.boot.model.internal.AnnotatedColumn - Binding column: AnnotatedColumn()
10:24:14.829 [main] DEBUG org.hibernate.boot.model.internal.AnnotatedColumn - Binding column: AnnotatedColumn(column='preDependencies_KEY')
10:24:14.829 [main] DEBUG org.hibernate.boot.model.internal.AnnotatedColumn - Binding column: AnnotatedJoinColumn(column='preDependencies_KEY')
10:24:14.829 [main] DEBUG org.hibernate.boot.model.internal.AnnotatedColumn - Binding column: AnnotatedJoinColumn(column='task_id')
10:24:14.829 [main] DEBUG org.hibernate.boot.model.internal.AnnotatedColumn - Binding column: AnnotatedJoinColumn(column='dependency_id')
10:24:14.829 [main] DEBUG org.hibernate.boot.model.internal.CollectionBinder - Collection role: org.frcpm.models.Task.preDependencies
10:24:14.829 [main] DEBUG org.hibernate.boot.model.internal.PropertyBinder - Building property preDependencies
10:24:14.830 [main] DEBUG org.hibernate.boot.model.internal.AnnotatedColumn - Binding column: AnnotatedColumn(column='priority')
10:24:14.830 [main] DEBUG org.hibernate.boot.model.internal.PropertyBinder - MetadataSourceProcessor property priority with lazy=false
10:24:14.830 [main] DEBUG org.hibernate.boot.model.internal.AbstractPropertyHolder - Attempting to locate auto-apply AttributeConverter for property [org.frcpm.models.Task:priority]
10:24:14.830 [main] DEBUG org.hibernate.boot.model.internal.BasicValueBinder - building BasicValue for priority
10:24:14.830 [main] DEBUG org.hibernate.mapping.BasicValue - Skipping column re-registration: tasks.priority
10:24:14.830 [main] DEBUG org.hibernate.boot.model.internal.PropertyBinder - Building property priority
10:24:14.830 [main] DEBUG org.hibernate.boot.model.internal.AnnotatedColumn - Binding column: AnnotatedColumn(column='progress')
10:24:14.830 [main] DEBUG org.hibernate.boot.model.internal.PropertyBinder - MetadataSourceProcessor property progress with lazy=false
10:24:14.830 [main] DEBUG org.hibernate.boot.model.internal.AbstractPropertyHolder - Attempting to locate auto-apply AttributeConverter for property [org.frcpm.models.Task:progress]
10:24:14.830 [main] DEBUG org.hibernate.boot.model.internal.BasicValueBinder - building BasicValue for progress
10:24:14.830 [main] DEBUG org.hibernate.mapping.BasicValue - Skipping column re-registration: tasks.progress
10:24:14.830 [main] DEBUG org.hibernate.boot.model.internal.PropertyBinder - Building property progress
10:24:14.831 [main] DEBUG org.hibernate.boot.model.internal.AnnotatedColumn - Binding column: AnnotatedJoinColumn(column='project_id')
10:24:14.831 [main] DEBUG org.hibernate.boot.model.internal.AnnotatedColumn - Binding column: AnnotatedColumn()
10:24:14.831 [main] DEBUG org.hibernate.boot.model.internal.PropertyBinder - Building property project
10:24:14.831 [main] DEBUG org.hibernate.boot.model.internal.AnnotatedColumn - Binding column: IndexColumn(column='requiredComponents_ORDER')
10:24:14.831 [main] DEBUG org.hibernate.boot.model.internal.AnnotatedColumn - Binding column: AnnotatedColumn()
10:24:14.831 [main] DEBUG org.hibernate.boot.model.internal.AnnotatedColumn - Binding column: AnnotatedColumn(column='requiredComponents_KEY')
10:24:14.831 [main] DEBUG org.hibernate.boot.model.internal.AnnotatedColumn - Binding column: AnnotatedJoinColumn(column='requiredComponents_KEY')
10:24:14.831 [main] DEBUG org.hibernate.boot.model.internal.AnnotatedColumn - Binding column: AnnotatedJoinColumn(column='task_id')
10:24:14.831 [main] DEBUG org.hibernate.boot.model.internal.AnnotatedColumn - Binding column: AnnotatedJoinColumn(column='component_id')
10:24:14.831 [main] DEBUG org.hibernate.boot.model.internal.CollectionBinder - Collection role: org.frcpm.models.Task.requiredComponents
10:24:14.831 [main] DEBUG org.hibernate.boot.model.internal.PropertyBinder - Building property requiredComponents
10:24:14.831 [main] DEBUG org.hibernate.boot.model.internal.AnnotatedColumn - Binding column: AnnotatedColumn(column='start_date')
10:24:14.831 [main] DEBUG org.hibernate.boot.model.internal.PropertyBinder - MetadataSourceProcessor property startDate with lazy=false
10:24:14.831 [main] DEBUG org.hibernate.boot.model.internal.AbstractPropertyHolder - Attempting to locate auto-apply AttributeConverter for property [org.frcpm.models.Task:startDate]
10:24:14.831 [main] DEBUG org.hibernate.boot.model.internal.BasicValueBinder - building BasicValue for startDate
10:24:14.831 [main] DEBUG org.hibernate.mapping.BasicValue - Skipping column re-registration: tasks.start_date
10:24:14.831 [main] DEBUG org.hibernate.boot.model.internal.PropertyBinder - Building property startDate
10:24:14.831 [main] DEBUG org.hibernate.boot.model.internal.AnnotatedColumn - Binding column: AnnotatedJoinColumn(column='subsystem_id')
10:24:14.831 [main] DEBUG org.hibernate.boot.model.internal.AnnotatedColumn - Binding column: AnnotatedColumn()
10:24:14.831 [main] DEBUG org.hibernate.boot.model.internal.PropertyBinder - Building property subsystem
10:24:14.832 [main] DEBUG org.hibernate.boot.model.internal.AnnotatedColumn - Binding column: AnnotatedColumn(column='title')
10:24:14.832 [main] DEBUG org.hibernate.boot.model.internal.PropertyBinder - MetadataSourceProcessor property title with lazy=false
10:24:14.832 [main] DEBUG org.hibernate.boot.model.internal.AbstractPropertyHolder - Attempting to locate auto-apply AttributeConverter for property [org.frcpm.models.Task:title]
10:24:14.832 [main] DEBUG org.hibernate.boot.model.internal.BasicValueBinder - building BasicValue for title
10:24:14.832 [main] DEBUG org.hibernate.mapping.BasicValue - Skipping column re-registration: tasks.title
10:24:14.832 [main] DEBUG org.hibernate.boot.model.internal.PropertyBinder - Building property title
10:24:14.834 [main] DEBUG org.hibernate.boot.registry.classloading.internal.ClassLoaderServiceImpl - HHH000194: Package not found or no package-info.java: org.frcpm.models
10:24:14.834 [main] DEBUG org.hibernate.boot.model.internal.EntityBinder - Binding entity from annotated class: org.frcpm.models.TeamMember
10:24:14.834 [main] DEBUG org.hibernate.boot.model.internal.EntityBinder - Import with entity name TeamMember
10:24:14.834 [main] DEBUG org.hibernate.boot.model.internal.EntityBinder - Bind entity org.frcpm.models.TeamMember on table team_members
10:24:14.834 [main] DEBUG org.hibernate.boot.model.internal.AnnotatedColumn - Binding column: AnnotatedDiscriminatorColumn(column='DTYPE')
10:24:14.835 [main] DEBUG org.hibernate.boot.model.internal.AnnotatedColumn - Binding column: AnnotatedColumn()
10:24:14.835 [main] DEBUG org.hibernate.boot.internal.ClassLoaderAccessImpl - Not known whether passed class name [org.frcpm.models.TeamMember] is safe
10:24:14.835 [main] DEBUG org.hibernate.boot.internal.ClassLoaderAccessImpl - No temp ClassLoader provided; using live ClassLoader for loading potentially unsafe class : org.frcpm.models.TeamMember
10:24:14.835 [main] DEBUG org.hibernate.boot.model.internal.PropertyBinder - MetadataSourceProcessor property id with lazy=false
10:24:14.835 [main] DEBUG org.hibernate.boot.model.internal.AbstractPropertyHolder - Attempting to locate auto-apply AttributeConverter for property [org.frcpm.models.TeamMember:id]
10:24:14.835 [main] DEBUG org.hibernate.boot.model.internal.BasicValueBinder - building BasicValue for id
10:24:14.835 [main] DEBUG org.hibernate.mapping.BasicValue - Skipping column re-registration: team_members.id
10:24:14.835 [main] DEBUG org.hibernate.boot.model.internal.PropertyBinder - Building property id
10:24:14.835 [main] DEBUG org.hibernate.boot.model.internal.BinderHelper - #makeIdGenerator(BasicValue([Column(id)]), id, identity, , ...)
10:24:14.835 [main] DEBUG org.hibernate.boot.model.internal.AnnotatedColumn - Binding column: IndexColumn(column='assignedTasks_ORDER')
10:24:14.835 [main] DEBUG org.hibernate.boot.model.internal.AnnotatedColumn - Binding column: AnnotatedColumn()
10:24:14.835 [main] DEBUG org.hibernate.boot.model.internal.AnnotatedColumn - Binding column: AnnotatedColumn(column='assignedTasks_KEY')
10:24:14.835 [main] DEBUG org.hibernate.boot.model.internal.AnnotatedColumn - Binding column: AnnotatedJoinColumn(column='assignedTasks_KEY')
10:24:14.835 [main] DEBUG org.hibernate.boot.model.internal.AnnotatedColumn - Binding column: AnnotatedJoinColumn()
10:24:14.835 [main] DEBUG org.hibernate.boot.model.internal.AnnotatedColumn - Binding column: AnnotatedJoinColumn()
10:24:14.835 [main] DEBUG org.hibernate.boot.model.internal.CollectionBinder - Collection role: org.frcpm.models.TeamMember.assignedTasks
10:24:14.835 [main] DEBUG org.hibernate.boot.model.internal.PropertyBinder - Building property assignedTasks
10:24:14.835 [main] DEBUG org.hibernate.boot.model.internal.AnnotatedColumn - Binding column: AnnotatedJoinColumn()
10:24:14.835 [main] DEBUG org.hibernate.boot.model.internal.AnnotatedColumn - Binding column: AnnotatedColumn()
10:24:14.835 [main] DEBUG org.hibernate.boot.model.internal.AnnotatedColumn - Binding column: IndexColumn(column='attendances_ORDER')
10:24:14.835 [main] DEBUG org.hibernate.boot.model.internal.AnnotatedColumn - Binding column: AnnotatedColumn()
10:24:14.835 [main] DEBUG org.hibernate.boot.model.internal.AnnotatedColumn - Binding column: AnnotatedColumn(column='attendances_KEY')
10:24:14.835 [main] DEBUG org.hibernate.boot.model.internal.AnnotatedColumn - Binding column: AnnotatedJoinColumn(column='attendances_KEY')
10:24:14.835 [main] DEBUG org.hibernate.boot.model.internal.AnnotatedColumn - Binding column: AnnotatedJoinColumn()
10:24:14.836 [main] DEBUG org.hibernate.boot.model.internal.AnnotatedColumn - Binding column: AnnotatedJoinColumn()
10:24:14.836 [main] DEBUG org.hibernate.boot.model.internal.CollectionBinder - Collection role: org.frcpm.models.TeamMember.attendances
10:24:14.836 [main] DEBUG org.hibernate.boot.model.internal.PropertyBinder - Building property attendances
10:24:14.836 [main] DEBUG org.hibernate.boot.model.internal.AnnotatedColumn - Binding column: AnnotatedColumn(column='email')
10:24:14.836 [main] DEBUG org.hibernate.boot.model.internal.PropertyBinder - MetadataSourceProcessor property email with lazy=false
10:24:14.836 [main] DEBUG org.hibernate.boot.model.internal.AbstractPropertyHolder - Attempting to locate auto-apply AttributeConverter for property [org.frcpm.models.TeamMember:email]
10:24:14.836 [main] DEBUG org.hibernate.boot.model.internal.BasicValueBinder - building BasicValue for email
10:24:14.836 [main] DEBUG org.hibernate.mapping.BasicValue - Skipping column re-registration: team_members.email
10:24:14.836 [main] DEBUG org.hibernate.boot.model.internal.PropertyBinder - Building property email
10:24:14.836 [main] DEBUG org.hibernate.boot.model.internal.AnnotatedColumn - Binding column: AnnotatedColumn(column='first_name')
10:24:14.836 [main] DEBUG org.hibernate.boot.model.internal.PropertyBinder - MetadataSourceProcessor property firstName with lazy=false
10:24:14.836 [main] DEBUG org.hibernate.boot.model.internal.AbstractPropertyHolder - Attempting to locate auto-apply AttributeConverter for property [org.frcpm.models.TeamMember:firstName]
10:24:14.836 [main] DEBUG org.hibernate.boot.model.internal.BasicValueBinder - building BasicValue for firstName
10:24:14.836 [main] DEBUG org.hibernate.mapping.BasicValue - Skipping column re-registration: team_members.first_name
10:24:14.836 [main] DEBUG org.hibernate.boot.model.internal.PropertyBinder - Building property firstName
10:24:14.836 [main] DEBUG org.hibernate.boot.model.internal.AnnotatedColumn - Binding column: AnnotatedColumn(column='last_name')
10:24:14.836 [main] DEBUG org.hibernate.boot.model.internal.PropertyBinder - MetadataSourceProcessor property lastName with lazy=false
10:24:14.836 [main] DEBUG org.hibernate.boot.model.internal.AbstractPropertyHolder - Attempting to locate auto-apply AttributeConverter for property [org.frcpm.models.TeamMember:lastName]
10:24:14.836 [main] DEBUG org.hibernate.boot.model.internal.BasicValueBinder - building BasicValue for lastName
10:24:14.836 [main] DEBUG org.hibernate.mapping.BasicValue - Skipping column re-registration: team_members.last_name
10:24:14.836 [main] DEBUG org.hibernate.boot.model.internal.PropertyBinder - Building property lastName
10:24:14.836 [main] DEBUG org.hibernate.boot.model.internal.AnnotatedColumn - Binding column: AnnotatedColumn(column='is_leader')
10:24:14.836 [main] DEBUG org.hibernate.boot.model.internal.PropertyBinder - MetadataSourceProcessor property leader with lazy=false
10:24:14.836 [main] DEBUG org.hibernate.boot.model.internal.AbstractPropertyHolder - Attempting to locate auto-apply AttributeConverter for property [org.frcpm.models.TeamMember:leader]
10:24:14.836 [main] DEBUG org.hibernate.boot.model.internal.BasicValueBinder - building BasicValue for leader
10:24:14.836 [main] DEBUG org.hibernate.mapping.BasicValue - Skipping column re-registration: team_members.is_leader
10:24:14.836 [main] DEBUG org.hibernate.boot.model.internal.PropertyBinder - Building property leader
10:24:14.836 [main] DEBUG org.hibernate.boot.model.internal.AnnotatedColumn - Binding column: AnnotatedColumn(column='phone')
10:24:14.836 [main] DEBUG org.hibernate.boot.model.internal.PropertyBinder - MetadataSourceProcessor property phone with lazy=false
10:24:14.836 [main] DEBUG org.hibernate.boot.model.internal.AbstractPropertyHolder - Attempting to locate auto-apply AttributeConverter for property [org.frcpm.models.TeamMember:phone]
10:24:14.836 [main] DEBUG org.hibernate.boot.model.internal.BasicValueBinder - building BasicValue for phone
10:24:14.836 [main] DEBUG org.hibernate.mapping.BasicValue - Skipping column re-registration: team_members.phone
10:24:14.836 [main] DEBUG org.hibernate.boot.model.internal.PropertyBinder - Building property phone
10:24:14.836 [main] DEBUG org.hibernate.boot.model.internal.AnnotatedColumn - Binding column: AnnotatedColumn(column='skills')
10:24:14.836 [main] DEBUG org.hibernate.boot.model.internal.PropertyBinder - MetadataSourceProcessor property skills with lazy=false
10:24:14.836 [main] DEBUG org.hibernate.boot.model.internal.AbstractPropertyHolder - Attempting to locate auto-apply AttributeConverter for property [org.frcpm.models.TeamMember:skills]
10:24:14.836 [main] DEBUG org.hibernate.boot.model.internal.BasicValueBinder - building BasicValue for skills
10:24:14.836 [main] DEBUG org.hibernate.mapping.BasicValue - Skipping column re-registration: team_members.skills
10:24:14.836 [main] DEBUG org.hibernate.boot.model.internal.PropertyBinder - Building property skills
10:24:14.836 [main] DEBUG org.hibernate.boot.model.internal.AnnotatedColumn - Binding column: AnnotatedJoinColumn(column='subteam_id')
10:24:14.836 [main] DEBUG org.hibernate.boot.model.internal.AnnotatedColumn - Binding column: AnnotatedColumn()
10:24:14.836 [main] DEBUG org.hibernate.boot.model.internal.PropertyBinder - Building property subteam
10:24:14.836 [main] DEBUG org.hibernate.boot.model.internal.AnnotatedColumn - Binding column: AnnotatedColumn(column='username')
10:24:14.836 [main] DEBUG org.hibernate.boot.model.internal.PropertyBinder - MetadataSourceProcessor property username with lazy=false
10:24:14.836 [main] DEBUG org.hibernate.boot.model.internal.AbstractPropertyHolder - Attempting to locate auto-apply AttributeConverter for property [org.frcpm.models.TeamMember:username]
10:24:14.836 [main] DEBUG org.hibernate.boot.model.internal.BasicValueBinder - building BasicValue for username
10:24:14.836 [main] DEBUG org.hibernate.mapping.BasicValue - Skipping column re-registration: team_members.username
10:24:14.836 [main] DEBUG org.hibernate.boot.model.internal.PropertyBinder - Building property username
10:24:14.836 [main] DEBUG org.hibernate.boot.registry.classloading.internal.ClassLoaderServiceImpl - HHH000194: Package not found or no package-info.java: org.frcpm.models
10:24:14.837 [main] DEBUG org.hibernate.boot.model.internal.BasicValueBinder - Starting `BasicValueBinder#fillSimpleValue` for id
10:24:14.837 [main] DEBUG org.hibernate.boot.model.internal.BasicValueBinder - Starting `BasicValueBinder#fillSimpleValue` for arrivalTime
10:24:14.837 [main] DEBUG org.hibernate.boot.model.internal.BasicValueBinder - Starting `BasicValueBinder#fillSimpleValue` for departureTime
10:24:14.837 [main] DEBUG org.hibernate.boot.model.internal.BasicValueBinder - Starting `BasicValueBinder#fillSimpleValue` for present
10:24:14.837 [main] DEBUG org.hibernate.boot.model.internal.BasicValueBinder - Starting `BasicValueBinder#fillSimpleValue` for id
10:24:14.837 [main] DEBUG org.hibernate.boot.model.internal.BasicValueBinder - Starting `BasicValueBinder#fillSimpleValue` for date
10:24:14.838 [main] DEBUG org.hibernate.boot.model.internal.BasicValueBinder - Starting `BasicValueBinder#fillSimpleValue` for endTime
10:24:14.838 [main] DEBUG org.hibernate.boot.model.internal.BasicValueBinder - Starting `BasicValueBinder#fillSimpleValue` for notes
10:24:14.838 [main] DEBUG org.hibernate.boot.model.internal.BasicValueBinder - Starting `BasicValueBinder#fillSimpleValue` for startTime
10:24:14.838 [main] DEBUG org.hibernate.boot.model.internal.BasicValueBinder - Starting `BasicValueBinder#fillSimpleValue` for id
10:24:14.838 [main] DEBUG org.hibernate.boot.model.internal.BasicValueBinder - Starting `BasicValueBinder#fillSimpleValue` for description
10:24:14.838 [main] DEBUG org.hibernate.boot.model.internal.BasicValueBinder - Starting `BasicValueBinder#fillSimpleValue` for name
10:24:14.838 [main] DEBUG org.hibernate.boot.model.internal.BasicValueBinder - Starting `BasicValueBinder#fillSimpleValue` for status
10:24:14.838 [main] DEBUG org.hibernate.boot.model.internal.BasicValueBinder - Starting `BasicValueBinder#fillSimpleValue` for id
10:24:14.838 [main] DEBUG org.hibernate.boot.model.internal.BasicValueBinder - Starting `BasicValueBinder#fillSimpleValue` for actualDelivery
10:24:14.838 [main] DEBUG org.hibernate.boot.model.internal.BasicValueBinder - Starting `BasicValueBinder#fillSimpleValue` for delivered
10:24:14.838 [main] DEBUG org.hibernate.boot.model.internal.BasicValueBinder - Starting `BasicValueBinder#fillSimpleValue` for description
10:24:14.838 [main] DEBUG org.hibernate.boot.model.internal.BasicValueBinder - Starting `BasicValueBinder#fillSimpleValue` for expectedDelivery
10:24:14.838 [main] DEBUG org.hibernate.boot.model.internal.BasicValueBinder - Starting `BasicValueBinder#fillSimpleValue` for name
10:24:14.838 [main] DEBUG org.hibernate.boot.model.internal.BasicValueBinder - Starting `BasicValueBinder#fillSimpleValue` for partNumber
10:24:14.838 [main] DEBUG org.hibernate.boot.model.internal.BasicValueBinder - Starting `BasicValueBinder#fillSimpleValue` for id
10:24:14.838 [main] DEBUG org.hibernate.boot.model.internal.BasicValueBinder - Starting `BasicValueBinder#fillSimpleValue` for date
10:24:14.838 [main] DEBUG org.hibernate.boot.model.internal.BasicValueBinder - Starting `BasicValueBinder#fillSimpleValue` for description
10:24:14.838 [main] DEBUG org.hibernate.boot.model.internal.BasicValueBinder - Starting `BasicValueBinder#fillSimpleValue` for name
10:24:14.838 [main] DEBUG org.hibernate.boot.model.internal.BasicValueBinder - Starting `BasicValueBinder#fillSimpleValue` for id
10:24:14.838 [main] DEBUG org.hibernate.boot.model.internal.BasicValueBinder - Starting `BasicValueBinder#fillSimpleValue` for description
10:24:14.838 [main] DEBUG org.hibernate.boot.model.internal.BasicValueBinder - Starting `BasicValueBinder#fillSimpleValue` for goalEndDate
10:24:14.838 [main] DEBUG org.hibernate.boot.model.internal.BasicValueBinder - Starting `BasicValueBinder#fillSimpleValue` for hardDeadline
10:24:14.838 [main] DEBUG org.hibernate.boot.model.internal.BasicValueBinder - Starting `BasicValueBinder#fillSimpleValue` for name
10:24:14.838 [main] DEBUG org.hibernate.boot.model.internal.BasicValueBinder - Starting `BasicValueBinder#fillSimpleValue` for startDate
10:24:14.838 [main] DEBUG org.hibernate.boot.model.internal.BasicValueBinder - Starting `BasicValueBinder#fillSimpleValue` for id
10:24:14.838 [main] DEBUG org.hibernate.boot.model.internal.BasicValueBinder - Starting `BasicValueBinder#fillSimpleValue` for colorCode
10:24:14.838 [main] DEBUG org.hibernate.boot.model.internal.BasicValueBinder - Starting `BasicValueBinder#fillSimpleValue` for name
10:24:14.838 [main] DEBUG org.hibernate.boot.model.internal.BasicValueBinder - Starting `BasicValueBinder#fillSimpleValue` for specialties
10:24:14.838 [main] DEBUG org.hibernate.boot.model.internal.BasicValueBinder - Starting `BasicValueBinder#fillSimpleValue` for id
10:24:14.838 [main] DEBUG org.hibernate.boot.model.internal.BasicValueBinder - Starting `BasicValueBinder#fillSimpleValue` for actualDurationSeconds
10:24:14.838 [main] DEBUG org.hibernate.boot.model.internal.BasicValueBinder - Starting `BasicValueBinder#fillSimpleValue` for completed
10:24:14.838 [main] DEBUG org.hibernate.boot.model.internal.BasicValueBinder - Starting `BasicValueBinder#fillSimpleValue` for description
10:24:14.838 [main] DEBUG org.hibernate.boot.model.internal.BasicValueBinder - Starting `BasicValueBinder#fillSimpleValue` for endDate
10:24:14.838 [main] DEBUG org.hibernate.boot.model.internal.BasicValueBinder - Starting `BasicValueBinder#fillSimpleValue` for estimatedDurationSeconds
10:24:14.838 [main] DEBUG org.hibernate.boot.model.internal.BasicValueBinder - Starting `BasicValueBinder#fillSimpleValue` for priority
10:24:14.838 [main] DEBUG org.hibernate.boot.model.internal.BasicValueBinder - Starting `BasicValueBinder#fillSimpleValue` for progress
10:24:14.838 [main] DEBUG org.hibernate.boot.model.internal.BasicValueBinder - Starting `BasicValueBinder#fillSimpleValue` for startDate
10:24:14.838 [main] DEBUG org.hibernate.boot.model.internal.BasicValueBinder - Starting `BasicValueBinder#fillSimpleValue` for title
10:24:14.838 [main] DEBUG org.hibernate.boot.model.internal.BasicValueBinder - Starting `BasicValueBinder#fillSimpleValue` for id
10:24:14.838 [main] DEBUG org.hibernate.boot.model.internal.BasicValueBinder - Starting `BasicValueBinder#fillSimpleValue` for email
10:24:14.838 [main] DEBUG org.hibernate.boot.model.internal.BasicValueBinder - Starting `BasicValueBinder#fillSimpleValue` for firstName
10:24:14.838 [main] DEBUG org.hibernate.boot.model.internal.BasicValueBinder - Starting `BasicValueBinder#fillSimpleValue` for lastName
10:24:14.838 [main] DEBUG org.hibernate.boot.model.internal.BasicValueBinder - Starting `BasicValueBinder#fillSimpleValue` for leader
10:24:14.838 [main] DEBUG org.hibernate.boot.model.internal.BasicValueBinder - Starting `BasicValueBinder#fillSimpleValue` for phone
10:24:14.838 [main] DEBUG org.hibernate.boot.model.internal.BasicValueBinder - Starting `BasicValueBinder#fillSimpleValue` for skills
10:24:14.838 [main] DEBUG org.hibernate.boot.model.internal.BasicValueBinder - Starting `BasicValueBinder#fillSimpleValue` for username
10:24:14.838 [main] DEBUG org.hibernate.mapping.PrimaryKey - Forcing column [id] to be non-null as it is part of the primary key for table [attendances]
10:24:14.838 [main] DEBUG org.hibernate.mapping.PrimaryKey - Forcing column [id] to be non-null as it is part of the primary key for table [meetings]
10:24:14.838 [main] DEBUG org.hibernate.mapping.PrimaryKey - Forcing column [id] to be non-null as it is part of the primary key for table [subsystems]
10:24:14.838 [main] DEBUG org.hibernate.mapping.PrimaryKey - Forcing column [id] to be non-null as it is part of the primary key for table [components]
10:24:14.838 [main] DEBUG org.hibernate.mapping.PrimaryKey - Forcing column [id] to be non-null as it is part of the primary key for table [milestones]
10:24:14.838 [main] DEBUG org.hibernate.mapping.PrimaryKey - Forcing column [id] to be non-null as it is part of the primary key for table [projects]
10:24:14.838 [main] DEBUG org.hibernate.mapping.PrimaryKey - Forcing column [id] to be non-null as it is part of the primary key for table [subteams]
10:24:14.838 [main] DEBUG org.hibernate.mapping.PrimaryKey - Forcing column [id] to be non-null as it is part of the primary key for table [tasks]
10:24:14.838 [main] DEBUG org.hibernate.mapping.PrimaryKey - Forcing column [id] to be non-null as it is part of the primary key for table [team_members]
10:24:14.838 [main] DEBUG org.hibernate.boot.model.internal.CollectionSecondPass - Second pass for collection: org.frcpm.models.Task.requiredComponents
10:24:14.838 [main] DEBUG org.hibernate.boot.model.internal.CollectionBinder - Binding a ManyToMany: org.frcpm.models.Task.requiredComponents
10:24:14.839 [main] DEBUG org.hibernate.boot.registry.classloading.internal.ClassLoaderServiceImpl - HHH000194: Package not found or no package-info.java: org.frcpm.models
10:24:14.840 [main] DEBUG org.hibernate.mapping.PrimaryKey - Forcing column [task_id] to be non-null as it is part of the primary key for table [task_components]
10:24:14.840 [main] DEBUG org.hibernate.mapping.PrimaryKey - Forcing column [component_id] to be non-null as it is part of the primary key for table [task_components]
10:24:14.840 [main] DEBUG org.hibernate.boot.model.internal.CollectionSecondPass - Mapped collection key: task_id, element: component_id
10:24:14.840 [main] DEBUG org.hibernate.boot.model.internal.CollectionSecondPass - Second pass for collection: org.frcpm.models.Task.preDependencies
10:24:14.840 [main] DEBUG org.hibernate.boot.model.internal.CollectionBinder - Binding a ManyToMany: org.frcpm.models.Task.preDependencies
10:24:14.840 [main] DEBUG org.hibernate.boot.registry.classloading.internal.ClassLoaderServiceImpl - HHH000194: Package not found or no package-info.java: org.frcpm.models
10:24:14.840 [main] DEBUG org.hibernate.mapping.PrimaryKey - Forcing column [task_id] to be non-null as it is part of the primary key for table [task_dependencies]
10:24:14.840 [main] DEBUG org.hibernate.mapping.PrimaryKey - Forcing column [dependency_id] to be non-null as it is part of the primary key for table [task_dependencies]
10:24:14.840 [main] DEBUG org.hibernate.boot.model.internal.CollectionSecondPass - Mapped collection key: task_id, element: dependency_id
10:24:14.840 [main] DEBUG org.hibernate.boot.model.internal.CollectionSecondPass - Second pass for collection: org.frcpm.models.Task.assignedTo
10:24:14.840 [main] DEBUG org.hibernate.boot.model.internal.CollectionBinder - Binding a ManyToMany: org.frcpm.models.Task.assignedTo
10:24:14.841 [main] DEBUG org.hibernate.boot.registry.classloading.internal.ClassLoaderServiceImpl - HHH000194: Package not found or no package-info.java: org.frcpm.models
10:24:14.841 [main] DEBUG org.hibernate.mapping.PrimaryKey - Forcing column [task_id] to be non-null as it is part of the primary key for table [task_assignments]
10:24:14.841 [main] DEBUG org.hibernate.mapping.PrimaryKey - Forcing column [team_member_id] to be non-null as it is part of the primary key for table [task_assignments]
10:24:14.841 [main] DEBUG org.hibernate.boot.model.internal.CollectionSecondPass - Mapped collection key: task_id, element: team_member_id
10:24:14.841 [main] DEBUG org.hibernate.boot.model.internal.CollectionSecondPass - Second pass for collection: org.frcpm.models.Meeting.attendances
10:24:14.841 [main] DEBUG org.hibernate.boot.model.internal.CollectionBinder - Binding a OneToMany: org.frcpm.models.Meeting.attendances through a foreign key
10:24:14.841 [main] DEBUG org.hibernate.boot.model.internal.CollectionBinder - Mapping collection: org.frcpm.models.Meeting.attendances -> attendances
10:24:14.841 [main] DEBUG org.hibernate.boot.model.internal.TableBinder - Retrieving property org.frcpm.models.Attendance.meeting
10:24:14.841 [main] DEBUG org.hibernate.boot.model.internal.CollectionSecondPass - Mapped collection key: meeting_id, one-to-many: org.frcpm.models.Attendance
10:24:14.841 [main] DEBUG org.hibernate.boot.model.internal.CollectionSecondPass - Second pass for collection: org.frcpm.models.Subsystem.tasks
10:24:14.841 [main] DEBUG org.hibernate.boot.model.internal.CollectionBinder - Binding a OneToMany: org.frcpm.models.Subsystem.tasks through a foreign key
10:24:14.841 [main] DEBUG org.hibernate.boot.model.internal.CollectionBinder - Mapping collection: org.frcpm.models.Subsystem.tasks -> tasks
10:24:14.841 [main] DEBUG org.hibernate.boot.model.internal.TableBinder - Retrieving property org.frcpm.models.Task.subsystem
10:24:14.841 [main] DEBUG org.hibernate.boot.model.internal.CollectionSecondPass - Mapped collection key: subsystem_id, one-to-many: org.frcpm.models.Task
10:24:14.841 [main] DEBUG org.hibernate.boot.model.internal.CollectionSecondPass - Second pass for collection: org.frcpm.models.Component.requiredForTasks
10:24:14.841 [main] DEBUG org.hibernate.boot.model.internal.CollectionBinder - Binding a ManyToMany: org.frcpm.models.Component.requiredForTasks
10:24:14.841 [main] DEBUG org.hibernate.boot.registry.classloading.internal.ClassLoaderServiceImpl - HHH000194: Package not found or no package-info.java: org.frcpm.models
10:24:14.841 [main] DEBUG org.hibernate.boot.model.internal.TableBinder - Retrieving property org.frcpm.models.Task.requiredComponents
10:24:14.842 [main] DEBUG org.hibernate.boot.model.internal.CollectionSecondPass - Mapped collection key: component_id, element: task_id
10:24:14.842 [main] DEBUG org.hibernate.boot.model.internal.CollectionSecondPass - Second pass for collection: org.frcpm.models.Project.meetings
10:24:14.842 [main] DEBUG org.hibernate.boot.model.internal.CollectionBinder - Binding a OneToMany: org.frcpm.models.Project.meetings through a foreign key
10:24:14.842 [main] DEBUG org.hibernate.boot.model.internal.CollectionBinder - Mapping collection: org.frcpm.models.Project.meetings -> meetings
10:24:14.842 [main] DEBUG org.hibernate.boot.model.internal.TableBinder - Retrieving property org.frcpm.models.Meeting.project
10:24:14.842 [main] DEBUG org.hibernate.boot.model.internal.CollectionSecondPass - Mapped collection key: project_id, one-to-many: org.frcpm.models.Meeting
10:24:14.842 [main] DEBUG org.hibernate.boot.model.internal.CollectionSecondPass - Second pass for collection: org.frcpm.models.Project.milestones
10:24:14.842 [main] DEBUG org.hibernate.boot.model.internal.CollectionBinder - Binding a OneToMany: org.frcpm.models.Project.milestones through a foreign key
10:24:14.842 [main] DEBUG org.hibernate.boot.model.internal.CollectionBinder - Mapping collection: org.frcpm.models.Project.milestones -> milestones
10:24:14.842 [main] DEBUG org.hibernate.boot.model.internal.TableBinder - Retrieving property org.frcpm.models.Milestone.project
10:24:14.842 [main] DEBUG org.hibernate.boot.model.internal.CollectionSecondPass - Mapped collection key: project_id, one-to-many: org.frcpm.models.Milestone
10:24:14.842 [main] DEBUG org.hibernate.boot.model.internal.CollectionSecondPass - Second pass for collection: org.frcpm.models.Project.tasks
10:24:14.842 [main] DEBUG org.hibernate.boot.model.internal.CollectionBinder - Binding a OneToMany: org.frcpm.models.Project.tasks through a foreign key
10:24:14.842 [main] DEBUG org.hibernate.boot.model.internal.CollectionBinder - Mapping collection: org.frcpm.models.Project.tasks -> tasks
10:24:14.842 [main] DEBUG org.hibernate.boot.model.internal.TableBinder - Retrieving property org.frcpm.models.Task.project
10:24:14.842 [main] DEBUG org.hibernate.boot.model.internal.CollectionSecondPass - Mapped collection key: project_id, one-to-many: org.frcpm.models.Task
10:24:14.842 [main] DEBUG org.hibernate.boot.model.internal.CollectionSecondPass - Second pass for collection: org.frcpm.models.Subteam.members
10:24:14.842 [main] DEBUG org.hibernate.boot.model.internal.CollectionBinder - Binding a OneToMany: org.frcpm.models.Subteam.members through a foreign key
10:24:14.842 [main] DEBUG org.hibernate.boot.model.internal.CollectionBinder - Mapping collection: org.frcpm.models.Subteam.members -> team_members
10:24:14.842 [main] DEBUG org.hibernate.boot.model.internal.TableBinder - Retrieving property org.frcpm.models.TeamMember.subteam
10:24:14.842 [main] DEBUG org.hibernate.boot.model.internal.CollectionSecondPass - Mapped collection key: subteam_id, one-to-many: org.frcpm.models.TeamMember
10:24:14.842 [main] DEBUG org.hibernate.boot.model.internal.CollectionSecondPass - Second pass for collection: org.frcpm.models.Subteam.subsystems
10:24:14.842 [main] DEBUG org.hibernate.boot.model.internal.CollectionBinder - Binding a OneToMany: org.frcpm.models.Subteam.subsystems through a foreign key
10:24:14.842 [main] DEBUG org.hibernate.boot.model.internal.CollectionBinder - Mapping collection: org.frcpm.models.Subteam.subsystems -> subsystems
10:24:14.842 [main] DEBUG org.hibernate.boot.model.internal.TableBinder - Retrieving property org.frcpm.models.Subsystem.responsibleSubteam
10:24:14.842 [main] DEBUG org.hibernate.boot.model.internal.CollectionSecondPass - Mapped collection key: responsible_subteam_id, one-to-many: org.frcpm.models.Subsystem
10:24:14.842 [main] DEBUG org.hibernate.boot.model.internal.CollectionSecondPass - Second pass for collection: org.frcpm.models.Task.postDependencies
10:24:14.842 [main] DEBUG org.hibernate.boot.model.internal.CollectionBinder - Binding a ManyToMany: org.frcpm.models.Task.postDependencies
10:24:14.843 [main] DEBUG org.hibernate.boot.registry.classloading.internal.ClassLoaderServiceImpl - HHH000194: Package not found or no package-info.java: org.frcpm.models
10:24:14.843 [main] DEBUG org.hibernate.boot.model.internal.TableBinder - Retrieving property org.frcpm.models.Task.preDependencies
10:24:14.843 [main] DEBUG org.hibernate.boot.model.internal.CollectionSecondPass - Mapped collection key: dependency_id, element: task_id
10:24:14.843 [main] DEBUG org.hibernate.boot.model.internal.CollectionSecondPass - Second pass for collection: org.frcpm.models.TeamMember.assignedTasks
10:24:14.843 [main] DEBUG org.hibernate.boot.model.internal.CollectionBinder - Binding a ManyToMany: org.frcpm.models.TeamMember.assignedTasks
10:24:14.844 [main] DEBUG org.hibernate.boot.registry.classloading.internal.ClassLoaderServiceImpl - HHH000194: Package not found or no package-info.java: org.frcpm.models
10:24:14.844 [main] DEBUG org.hibernate.boot.model.internal.TableBinder - Retrieving property org.frcpm.models.Task.assignedTo
10:24:14.844 [main] DEBUG org.hibernate.boot.model.internal.CollectionSecondPass - Mapped collection key: team_member_id, element: task_id
10:24:14.844 [main] DEBUG org.hibernate.boot.model.internal.CollectionSecondPass - Second pass for collection: org.frcpm.models.TeamMember.attendances
10:24:14.844 [main] DEBUG org.hibernate.boot.model.internal.CollectionBinder - Binding a OneToMany: org.frcpm.models.TeamMember.attendances through a foreign key
10:24:14.844 [main] DEBUG org.hibernate.boot.model.internal.CollectionBinder - Mapping collection: org.frcpm.models.TeamMember.attendances -> attendances
10:24:14.844 [main] DEBUG org.hibernate.boot.model.internal.TableBinder - Retrieving property org.frcpm.models.Attendance.member
10:24:14.844 [main] DEBUG org.hibernate.boot.model.internal.CollectionSecondPass - Mapped collection key: member_id, one-to-many: org.frcpm.models.Attendance
10:24:14.856 [main] DEBUG org.hibernate.internal.SessionFactoryImpl - Building session factory
10:24:14.856 [main] DEBUG org.hibernate.service.internal.SessionFactoryServiceRegistryImpl - EventListenerRegistry access via ServiceRegistry is deprecated.  Use `sessionFactory.getEventEngine().getListenerRegistry()` instead
10:24:14.856 [main] DEBUG org.hibernate.internal.SessionFactoryImpl - Instantiating SessionFactory with settings: {hibernate.format_sql=false, java.specification.version=21, sun.cpu.isalist=amd64, hibernate.connection.handling_mode=DELAYED_ACQUISITION_AND_RELEASE_AFTER_STATEMENT, sun.jnu.encoding=Cp1252, hibernate.dialect=org.hibernate.dialect.H2Dialect, java.class.path=C:\Users\dhiebert\Local Repositories\Project Management 2.0\target\test-classes;C:\Users\dhiebert\Local Repositories\Project Management 2.0\target\classes;C:\Users\dhiebert\.m2\repository\org\openjfx\javafx-controls\21.0.2\javafx-controls-21.0.2.jar;C:\Users\dhiebert\.m2\repository\org\openjfx\javafx-controls\21.0.2\javafx-controls-21.0.2-win.jar;C:\Users\dhiebert\.m2\repository\org\openjfx\javafx-fxml\21.0.2\javafx-fxml-21.0.2.jar;C:\Users\dhiebert\.m2\repository\org\openjfx\javafx-fxml\21.0.2\javafx-fxml-21.0.2-win.jar;C:\Users\dhiebert\.m2\repository\org\openjfx\javafx-graphics\21.0.2\javafx-graphics-21.0.2.jar;C:\Users\dhiebert\.m2\repository\org\openjfx\javafx-graphics\21.0.2\javafx-graphics-21.0.2-win.jar;C:\Users\dhiebert\.m2\repository\org\openjfx\javafx-base\21.0.2\javafx-base-21.0.2.jar;C:\Users\dhiebert\.m2\repository\org\openjfx\javafx-base\21.0.2\javafx-base-21.0.2-win.jar;C:\Users\dhiebert\.m2\repository\com\h2database\h2\2.2.224\h2-2.2.224.jar;C:\Users\dhiebert\.m2\repository\com\zaxxer\HikariCP\5.1.0\HikariCP-5.1.0.jar;C:\Users\dhiebert\.m2\repository\org\slf4j\slf4j-api\1.7.36\slf4j-api-1.7.36.jar;C:\Users\dhiebert\.m2\repository\org\hibernate\orm\hibernate-core\6.5.0.Final\hibernate-core-6.5.0.Final.jar;C:\Users\dhiebert\.m2\repository\jakarta\persistence\jakarta.persistence-api\3.1.0\jakarta.persistence-api-3.1.0.jar;C:\Users\dhiebert\.m2\repository\jakarta\transaction\jakarta.transaction-api\2.0.1\jakarta.transaction-api-2.0.1.jar;C:\Users\dhiebert\.m2\repository\org\jboss\logging\jboss-logging\3.5.0.Final\jboss-logging-3.5.0.Final.jar;C:\Users\dhiebert\.m2\repository\org\hibernate\common\hibernate-commons-annotations\6.0.6.Final\hibernate-commons-annotations-6.0.6.Final.jar;C:\Users\dhiebert\.m2\repository\io\smallrye\jandex\3.1.2\jandex-3.1.2.jar;C:\Users\dhiebert\.m2\repository\com\fasterxml\classmate\1.5.1\classmate-1.5.1.jar;C:\Users\dhiebert\.m2\repository\net\bytebuddy\byte-buddy\1.14.12\byte-buddy-1.14.12.jar;C:\Users\dhiebert\.m2\repository\jakarta\xml\bind\jakarta.xml.bind-api\4.0.0\jakarta.xml.bind-api-4.0.0.jar;C:\Users\dhiebert\.m2\repository\jakarta\activation\jakarta.activation-api\2.1.0\jakarta.activation-api-2.1.0.jar;C:\Users\dhiebert\.m2\repository\org\glassfish\jaxb\jaxb-runtime\4.0.2\jaxb-runtime-4.0.2.jar;C:\Users\dhiebert\.m2\repository\org\glassfish\jaxb\jaxb-core\4.0.2\jaxb-core-4.0.2.jar;C:\Users\dhiebert\.m2\repository\org\eclipse\angus\angus-activation\2.0.0\angus-activation-2.0.0.jar;C:\Users\dhiebert\.m2\repository\org\glassfish\jaxb\txw2\4.0.2\txw2-4.0.2.jar;C:\Users\dhiebert\.m2\repository\com\sun\istack\istack-commons-runtime\4.1.1\istack-commons-runtime-4.1.1.jar;C:\Users\dhiebert\.m2\repository\jakarta\inject\jakarta.inject-api\2.0.1\jakarta.inject-api-2.0.1.jar;C:\Users\dhiebert\.m2\repository\org\antlr\antlr4-runtime\4.13.0\antlr4-runtime-4.13.0.jar;C:\Users\dhiebert\.m2\repository\org\hibernate\validator\hibernate-validator\8.0.1.Final\hibernate-validator-8.0.1.Final.jar;C:\Users\dhiebert\.m2\repository\jakarta\validation\jakarta.validation-api\3.0.2\jakarta.validation-api-3.0.2.jar;C:\Users\dhiebert\.m2\repository\org\junit\jupiter\junit-jupiter-api\5.10.2\junit-jupiter-api-5.10.2.jar;C:\Users\dhiebert\.m2\repository\org\opentest4j\opentest4j\1.3.0\opentest4j-1.3.0.jar;C:\Users\dhiebert\.m2\repository\org\junit\platform\junit-platform-commons\1.10.2\junit-platform-commons-1.10.2.jar;C:\Users\dhiebert\.m2\repository\org\apiguardian\apiguardian-api\1.1.2\apiguardian-api-1.1.2.jar;C:\Users\dhiebert\.m2\repository\org\junit\jupiter\junit-jupiter-engine\5.10.2\junit-jupiter-engine-5.10.2.jar;C:\Users\dhiebert\.m2\repository\org\junit\platform\junit-platform-engine\1.10.2\junit-platform-engine-1.10.2.jar;C:\Users\dhiebert\.m2\repository\org\mockito\mockito-junit-jupiter\5.10.0\mockito-junit-jupiter-5.10.0.jar;C:\Users\dhiebert\.m2\repository\org\mockito\mockito-core\5.10.0\mockito-core-5.10.0.jar;C:\Users\dhiebert\.m2\repository\net\bytebuddy\byte-buddy-agent\1.14.11\byte-buddy-agent-1.14.11.jar;C:\Users\dhiebert\.m2\repository\org\objenesis\objenesis\3.3\objenesis-3.3.jar;C:\Users\dhiebert\.m2\repository\org\hibernate\orm\hibernate-hikaricp\6.5.0.Final\hibernate-hikaricp-6.5.0.Final.jar;C:\Users\dhiebert\.m2\repository\ch\qos\logback\logback-classic\1.2.11\logback-classic-1.2.11.jar;C:\Users\dhiebert\.m2\repository\ch\qos\logback\logback-core\1.2.11\logback-core-1.2.11.jar;C:\Users\dhiebert\.m2\repository\org\testfx\testfx-core\4.0.18\testfx-core-4.0.18.jar;C:\Users\dhiebert\.m2\repository\org\hamcrest\hamcrest\2.1\hamcrest-2.1.jar;C:\Users\dhiebert\.m2\repository\org\assertj\assertj-core\3.13.2\assertj-core-3.13.2.jar;C:\Users\dhiebert\.m2\repository\org\osgi\org.osgi.core\6.0.0\org.osgi.core-6.0.0.jar;C:\Users\dhiebert\.m2\repository\org\testfx\testfx-junit5\4.0.18\testfx-junit5-4.0.18.jar;C:\Users\dhiebert\.m2\repository\org\openjfx\javafx-web\17.0.2\javafx-web-17.0.2.jar;C:\Users\dhiebert\.m2\repository\org\openjfx\javafx-web\17.0.2\javafx-web-17.0.2-win.jar;C:\Users\dhiebert\.m2\repository\org\openjfx\javafx-media\17.0.2\javafx-media-17.0.2.jar;C:\Users\dhiebert\.m2\repository\org\openjfx\javafx-media\17.0.2\javafx-media-17.0.2-win.jar;C:\Users\dhiebert\.m2\repository\org\apache\pdfbox\pdfbox\2.0.27\pdfbox-2.0.27.jar;C:\Users\dhiebert\.m2\repository\org\apache\pdfbox\fontbox\2.0.27\fontbox-2.0.27.jar;C:\Users\dhiebert\.m2\repository\commons-logging\commons-logging\1.2\commons-logging-1.2.jar;C:\Users\dhiebert\.m2\repository\com\fasterxml\jackson\core\jackson-databind\2.15.0\jackson-databind-2.15.0.jar;C:\Users\dhiebert\.m2\repository\com\fasterxml\jackson\core\jackson-annotations\2.15.0\jackson-annotations-2.15.0.jar;C:\Users\dhiebert\.m2\repository\com\fasterxml\jackson\core\jackson-core\2.15.0\jackson-core-2.15.0.jar;C:\Users\dhiebert\.m2\repository\org\apache\xmlgraphics\batik-all\1.16\batik-all-1.16.jar;C:\Users\dhiebert\.m2\repository\xml-apis\xml-apis\1.4.01\xml-apis-1.4.01.jar;C:\Users\dhiebert\.m2\repository\xml-apis\xml-apis-ext\1.3.04\xml-apis-ext-1.3.04.jar;C:\Users\dhiebert\.m2\repository\org\apache\xmlgraphics\xmlgraphics-commons\2.7\xmlgraphics-commons-2.7.jar;C:\Users\dhiebert\.m2\repository\commons-io\commons-io\1.3.1\commons-io-1.3.1.jar;C:\Users\dhiebert\.m2\repository\org\jgrapht\jgrapht-core\1.5.2\jgrapht-core-1.5.2.jar;C:\Users\dhiebert\.m2\repository\org\jheaps\jheaps\0.14\jheaps-0.14.jar;C:\Users\dhiebert\.m2\repository\org\apfloat\apfloat\1.10.1\apfloat-1.10.1.jar;, java.vm.vendor=Eclipse Adoptium, sun.arch.data.model=64, hibernate.order_inserts=true, user.variant=, java.vendor.url=https://adoptium.net/, user.timezone=America/Chicago, javax.persistence.jdbc.user=****, javax.persistence.jdbc.url=jdbc:h2:file:C:\Users\dhiebert\.frcpm\frcpm, java.vm.specification.version=21, os.name=Windows 11, hibernate.generate_statistics=false, hibernate.hikari.connectionTimeout=10000, hibernate.order_updates=true, hibernate.jdbc.batch_versioned_data=true, jakarta.persistence.jdbc.password=****, hibernate.jdbc.batch_size=30, sun.java.launcher=SUN_STANDARD, user.country=US, local.setting.IS_JTA_TXN_COORD=false, sun.boot.library.path=C:\Program Files\Eclipse Adoptium\jdk-21.0.6.7-hotspot\bin, sun.java.command=C:\Users\dhiebert\AppData\Local\Temp\surefire9513985487531586668\surefirebooter-20250425102356946_3.jar C:\Users\dhiebert\AppData\Local\Temp\surefire9513985487531586668 2025-04-25T10-23-56_800-jvmRun1 surefire-20250425102356946_1tmp surefire_0-20250425102356946_2tmp, hibernate.use_sql_comments=false, hibernate.connection.provider_class=org.hibernate.hikaricp.internal.HikariCPConnectionProvider, jdk.debug=release, surefire.test.class.path=C:\Users\dhiebert\Local Repositories\Project Management 2.0\target\test-classes;C:\Users\dhiebert\Local Repositories\Project Management 2.0\target\classes;C:\Users\dhiebert\.m2\repository\org\openjfx\javafx-controls\21.0.2\javafx-controls-21.0.2.jar;C:\Users\dhiebert\.m2\repository\org\openjfx\javafx-controls\21.0.2\javafx-controls-21.0.2-win.jar;C:\Users\dhiebert\.m2\repository\org\openjfx\javafx-fxml\21.0.2\javafx-fxml-21.0.2.jar;C:\Users\dhiebert\.m2\repository\org\openjfx\javafx-fxml\21.0.2\javafx-fxml-21.0.2-win.jar;C:\Users\dhiebert\.m2\repository\org\openjfx\javafx-graphics\21.0.2\javafx-graphics-21.0.2.jar;C:\Users\dhiebert\.m2\repository\org\openjfx\javafx-graphics\21.0.2\javafx-graphics-21.0.2-win.jar;C:\Users\dhiebert\.m2\repository\org\openjfx\javafx-base\21.0.2\javafx-base-21.0.2.jar;C:\Users\dhiebert\.m2\repository\org\openjfx\javafx-base\21.0.2\javafx-base-21.0.2-win.jar;C:\Users\dhiebert\.m2\repository\com\h2database\h2\2.2.224\h2-2.2.224.jar;C:\Users\dhiebert\.m2\repository\com\zaxxer\HikariCP\5.1.0\HikariCP-5.1.0.jar;C:\Users\dhiebert\.m2\repository\org\slf4j\slf4j-api\1.7.36\slf4j-api-1.7.36.jar;C:\Users\dhiebert\.m2\repository\org\hibernate\orm\hibernate-core\6.5.0.Final\hibernate-core-6.5.0.Final.jar;C:\Users\dhiebert\.m2\repository\jakarta\persistence\jakarta.persistence-api\3.1.0\jakarta.persistence-api-3.1.0.jar;C:\Users\dhiebert\.m2\repository\jakarta\transaction\jakarta.transaction-api\2.0.1\jakarta.transaction-api-2.0.1.jar;C:\Users\dhiebert\.m2\repository\org\jboss\logging\jboss-logging\3.5.0.Final\jboss-logging-3.5.0.Final.jar;C:\Users\dhiebert\.m2\repository\org\hibernate\common\hibernate-commons-annotations\6.0.6.Final\hibernate-commons-annotations-6.0.6.Final.jar;C:\Users\dhiebert\.m2\repository\io\smallrye\jandex\3.1.2\jandex-3.1.2.jar;C:\Users\dhiebert\.m2\repository\com\fasterxml\classmate\1.5.1\classmate-1.5.1.jar;C:\Users\dhiebert\.m2\repository\net\bytebuddy\byte-buddy\1.14.12\byte-buddy-1.14.12.jar;C:\Users\dhiebert\.m2\repository\jakarta\xml\bind\jakarta.xml.bind-api\4.0.0\jakarta.xml.bind-api-4.0.0.jar;C:\Users\dhiebert\.m2\repository\jakarta\activation\jakarta.activation-api\2.1.0\jakarta.activation-api-2.1.0.jar;C:\Users\dhiebert\.m2\repository\org\glassfish\jaxb\jaxb-runtime\4.0.2\jaxb-runtime-4.0.2.jar;C:\Users\dhiebert\.m2\repository\org\glassfish\jaxb\jaxb-core\4.0.2\jaxb-core-4.0.2.jar;C:\Users\dhiebert\.m2\repository\org\eclipse\angus\angus-activation\2.0.0\angus-activation-2.0.0.jar;C:\Users\dhiebert\.m2\repository\org\glassfish\jaxb\txw2\4.0.2\txw2-4.0.2.jar;C:\Users\dhiebert\.m2\repository\com\sun\istack\istack-commons-runtime\4.1.1\istack-commons-runtime-4.1.1.jar;C:\Users\dhiebert\.m2\repository\jakarta\inject\jakarta.inject-api\2.0.1\jakarta.inject-api-2.0.1.jar;C:\Users\dhiebert\.m2\repository\org\antlr\antlr4-runtime\4.13.0\antlr4-runtime-4.13.0.jar;C:\Users\dhiebert\.m2\repository\org\hibernate\validator\hibernate-validator\8.0.1.Final\hibernate-validator-8.0.1.Final.jar;C:\Users\dhiebert\.m2\repository\jakarta\validation\jakarta.validation-api\3.0.2\jakarta.validation-api-3.0.2.jar;C:\Users\dhiebert\.m2\repository\org\junit\jupiter\junit-jupiter-api\5.10.2\junit-jupiter-api-5.10.2.jar;C:\Users\dhiebert\.m2\repository\org\opentest4j\opentest4j\1.3.0\opentest4j-1.3.0.jar;C:\Users\dhiebert\.m2\repository\org\junit\platform\junit-platform-commons\1.10.2\junit-platform-commons-1.10.2.jar;C:\Users\dhiebert\.m2\repository\org\apiguardian\apiguardian-api\1.1.2\apiguardian-api-1.1.2.jar;C:\Users\dhiebert\.m2\repository\org\junit\jupiter\junit-jupiter-engine\5.10.2\junit-jupiter-engine-5.10.2.jar;C:\Users\dhiebert\.m2\repository\org\junit\platform\junit-platform-engine\1.10.2\junit-platform-engine-1.10.2.jar;C:\Users\dhiebert\.m2\repository\org\mockito\mockito-junit-jupiter\5.10.0\mockito-junit-jupiter-5.10.0.jar;C:\Users\dhiebert\.m2\repository\org\mockito\mockito-core\5.10.0\mockito-core-5.10.0.jar;C:\Users\dhiebert\.m2\repository\net\bytebuddy\byte-buddy-agent\1.14.11\byte-buddy-agent-1.14.11.jar;C:\Users\dhiebert\.m2\repository\org\objenesis\objenesis\3.3\objenesis-3.3.jar;C:\Users\dhiebert\.m2\repository\org\hibernate\orm\hibernate-hikaricp\6.5.0.Final\hibernate-hikaricp-6.5.0.Final.jar;C:\Users\dhiebert\.m2\repository\ch\qos\logback\logback-classic\1.2.11\logback-classic-1.2.11.jar;C:\Users\dhiebert\.m2\repository\ch\qos\logback\logback-core\1.2.11\logback-core-1.2.11.jar;C:\Users\dhiebert\.m2\repository\org\testfx\testfx-core\4.0.18\testfx-core-4.0.18.jar;C:\Users\dhiebert\.m2\repository\org\hamcrest\hamcrest\2.1\hamcrest-2.1.jar;C:\Users\dhiebert\.m2\repository\org\assertj\assertj-core\3.13.2\assertj-core-3.13.2.jar;C:\Users\dhiebert\.m2\repository\org\osgi\org.osgi.core\6.0.0\org.osgi.core-6.0.0.jar;C:\Users\dhiebert\.m2\repository\org\testfx\testfx-junit5\4.0.18\testfx-junit5-4.0.18.jar;C:\Users\dhiebert\.m2\repository\org\openjfx\javafx-web\17.0.2\javafx-web-17.0.2.jar;C:\Users\dhiebert\.m2\repository\org\openjfx\javafx-web\17.0.2\javafx-web-17.0.2-win.jar;C:\Users\dhiebert\.m2\repository\org\openjfx\javafx-media\17.0.2\javafx-media-17.0.2.jar;C:\Users\dhiebert\.m2\repository\org\openjfx\javafx-media\17.0.2\javafx-media-17.0.2-win.jar;C:\Users\dhiebert\.m2\repository\org\apache\pdfbox\pdfbox\2.0.27\pdfbox-2.0.27.jar;C:\Users\dhiebert\.m2\repository\org\apache\pdfbox\fontbox\2.0.27\fontbox-2.0.27.jar;C:\Users\dhiebert\.m2\repository\commons-logging\commons-logging\1.2\commons-logging-1.2.jar;C:\Users\dhiebert\.m2\repository\com\fasterxml\jackson\core\jackson-databind\2.15.0\jackson-databind-2.15.0.jar;C:\Users\dhiebert\.m2\repository\com\fasterxml\jackson\core\jackson-annotations\2.15.0\jackson-annotations-2.15.0.jar;C:\Users\dhiebert\.m2\repository\com\fasterxml\jackson\core\jackson-core\2.15.0\jackson-core-2.15.0.jar;C:\Users\dhiebert\.m2\repository\org\apache\xmlgraphics\batik-all\1.16\batik-all-1.16.jar;C:\Users\dhiebert\.m2\repository\xml-apis\xml-apis\1.4.01\xml-apis-1.4.01.jar;C:\Users\dhiebert\.m2\repository\xml-apis\xml-apis-ext\1.3.04\xml-apis-ext-1.3.04.jar;C:\Users\dhiebert\.m2\repository\org\apache\xmlgraphics\xmlgraphics-commons\2.7\xmlgraphics-commons-2.7.jar;C:\Users\dhiebert\.m2\repository\commons-io\commons-io\1.3.1\commons-io-1.3.1.jar;C:\Users\dhiebert\.m2\repository\org\jgrapht\jgrapht-core\1.5.2\jgrapht-core-1.5.2.jar;C:\Users\dhiebert\.m2\repository\org\jheaps\jheaps\0.14\jheaps-0.14.jar;C:\Users\dhiebert\.m2\repository\org\apfloat\apfloat\1.10.1\apfloat-1.10.1.jar;, jakarta.persistence.jdbc.driver=org.h2.Driver, sun.cpu.endian=little, user.home=C:\Users\dhiebert, user.language=en, java.specification.vendor=Oracle Corporation, java.version.date=2025-01-21, java.home=C:\Program Files\Eclipse Adoptium\jdk-21.0.6.7-hotspot, file.separator=\, basedir=C:\Users\dhiebert\Local Repositories\Project Management 2.0, java.vm.compressedOopsMode=Zero based, jakarta.persistence.jdbc.user=****, line.separator=
, hibernate.persistenceUnitName=frcpm, java.vm.specification.vendor=Oracle Corporation, java.specification.name=Java Platform API Specification, hibernate.transaction.coordinator_class=class org.hibernate.resource.transaction.backend.jdbc.internal.JdbcResourceLocalTransactionCoordinatorBuilderImpl, javax.persistence.jdbc.driver=org.h2.Driver, hibernate.hikari.maximumPoolSize=10, surefire.real.class.path=C:\Users\dhiebert\AppData\Local\Temp\surefire9513985487531586668\surefirebooter-20250425102356946_3.jar, hibernate.hbm2ddl.auto=update, user.script=, sun.management.compiler=HotSpot 64-Bit Tiered Compilers, java.runtime.version=21.0.6+7-LTS, user.name=dhiebert, hibernate.cache.use_query_cache=false, stdout.encoding=Cp1252, path.separator=;, hibernate.connection.username=****, os.version=10.0, java.runtime.name=OpenJDK Runtime Environment, hibernate.connection.url=jdbc:h2:file:C:\Users\dhiebert\.frcpm\frcpm, file.encoding=UTF-8, hibernate.hikari.minimumIdle=2, hibernate.hikari.idleTimeout=30000, java.vm.name=OpenJDK 64-Bit Server VM, hibernate.show_sql=false, java.vendor.version=Temurin-21.0.6+7, hibernate.hikari.poolName=FRC-PM-HikariCP, hibernate.current_session_context_class=thread, localRepository=C:\Users\dhiebert\.m2\repository, hibernate.connection.driver_class=org.h2.Driver, java.vendor.url.bug=https://github.com/adoptium/adoptium-support/issues, java.io.tmpdir=C:\Users\dhiebert\AppData\Local\Temp\, java.version=21.0.6, user.dir=C:\Users\dhiebert\Local Repositories\Project Management 2.0, os.arch=amd64, java.vm.specification.name=Java Virtual Machine Specification, hibernate.connection.password=****, sun.os.patch.level=, jakarta.persistence.jdbc.url=jdbc:h2:file:C:\Users\dhiebert\.frcpm\frcpm, hibernate.boot.CfgXmlAccessService.key=org.hibernate.boot.registry.StandardServiceRegistryBuilder$1@1a96ceb8, native.encoding=Cp1252, hibernate.cache.use_second_level_cache=false, java.library.path=C:\Program Files\Eclipse Adoptium\jdk-21.0.6.7-hotspot\bin;C:\WINDOWS\Sun\Java\bin;C:\WINDOWS\system32;C:\WINDOWS;C:\Program Files\apache-maven-3.9.9\bin;C:\Program Files\Eclipse Adoptium\jdk-21.0.6.7-hotspot\bin;C:\Program Files\National Instruments\Shared\OpenVINO\;C:\Program Files\Common Files\Oracle\Java\javapath;C:\WINDOWS\system32;C:\WINDOWS;C:\WINDOWS\System32\Wbem;C:\WINDOWS\System32\WindowsPowerShell\v1.0\;C:\WINDOWS\System32\OpenSSH\;C:\Program Files\dotnet\;C:\Program Files (x86)\Windows Live\Shared;C:\Program Files\Git\cmd;C:\Program Files\Common Files\Autodesk Shared\;C:\Program Files\Microsoft SQL Server\150\Tools\Binn\;C:\Program Files\nodejs\;C:\Program Files\Eclipse Adoptium\jdk-21.0.6.7-hotspot\bin;C:\Program Files\apache-maven-3.9.9\bin;%MAVEN_HOME%\bin;C:\Users\dhiebert\AppData\Local\Microsoft\WindowsApps;C:\Users\dhiebert\AppData\Local\GitHubDesktop\bin;C:\Users\dhiebert\AppData\Roaming\npm;C:\Users\dhiebert\AppData\Local\Packages\PythonSoftwareFoundation.Python.3.11_qbz5n2kfra8p0\LocalCache\local-packages\Python311\Scripts;C:\Users\dhiebert\AppData\Local\Packages\PythonSoftwareFoundation.Python.3.11_qbz5n2kfra8p0\LocalCache\local-packages\Python311\site-packages\maven;;c:\Users\Public\wpilib\2025\vscode\data\user-data\User\globalStorage\github.copilot-chat\debugCommand;c:\Users\Public\wpilib\2025\vscode\data\extensions\ms-python.debugpy-2025.4.1-win32-x64\bundled\scripts\noConfigScripts;., stderr.encoding=Cp1252, java.vendor=Eclipse Adoptium, java.vm.info=mixed mode, sharing, java.vm.version=21.0.6+7-LTS, sun.io.unicode.encoding=UnicodeLittle, javax.persistence.jdbc.password=****, java.class.version=65.0}
10:24:14.857 [main] DEBUG org.hibernate.internal.SessionFactoryImpl - Session factory constructed with filter configurations : {}
10:24:14.857 [main] DEBUG org.hibernate.validator.internal.xml.config.ValidationXmlParser - Trying to load META-INF/validation.xml for XML based Validator configuration.
10:24:14.857 [main] DEBUG org.hibernate.validator.internal.xml.config.ResourceLoaderHelper - Trying to load META-INF/validation.xml via TCCL
10:24:14.857 [main] DEBUG org.hibernate.validator.internal.xml.config.ResourceLoaderHelper - Trying to load META-INF/validation.xml via Hibernate Validator's class loader
10:24:14.857 [main] DEBUG org.hibernate.validator.internal.xml.config.ValidationXmlParser - No META-INF/validation.xml found. Using annotation based configuration only.
10:24:14.857 [main] DEBUG org.hibernate.validator.internal.engine.resolver.TraversableResolvers - Found jakarta.persistence.Persistence on classpath containing 'getPersistenceUtil'. Assuming JPA 2 environment. Trying to instantiate JPA aware TraversableResolver
10:24:14.857 [main] DEBUG org.hibernate.validator.internal.engine.resolver.TraversableResolvers - Instantiated JPA aware TraversableResolver of type org.hibernate.validator.internal.engine.resolver.JPATraversableResolver.
10:24:14.858 [main] DEBUG org.hibernate.validator.messageinterpolation.ResourceBundleMessageInterpolator - Failed to load expression factory via classloader jdk.internal.loader.ClassLoaders$AppClassLoader@70dea4e
java.lang.NoClassDefFoundError: jakarta/el/ExpressionFactory
	at org.hibernate.validator.messageinterpolation.ResourceBundleMessageInterpolator.canLoadExpressionFactory(ResourceBundleMessageInterpolator.java:228)
	at org.hibernate.validator.messageinterpolation.ResourceBundleMessageInterpolator.buildExpressionFactory(ResourceBundleMessageInterpolator.java:173)
	at org.hibernate.validator.messageinterpolation.ResourceBundleMessageInterpolator.<init>(ResourceBundleMessageInterpolator.java:97)
	at org.hibernate.validator.internal.engine.AbstractConfigurationImpl.getDefaultMessageInterpolator(AbstractConfigurationImpl.java:575)
	at org.hibernate.validator.internal.engine.AbstractConfigurationImpl.getDefaultMessageInterpolatorConfiguredWithClassLoader(AbstractConfigurationImpl.java:834)
	at org.hibernate.validator.internal.engine.AbstractConfigurationImpl.getMessageInterpolator(AbstractConfigurationImpl.java:485)
	at org.hibernate.validator.internal.engine.ValidatorFactoryImpl.<init>(ValidatorFactoryImpl.java:157)
	at org.hibernate.validator.HibernateValidator.buildValidatorFactory(HibernateValidator.java:38)
	at org.hibernate.validator.internal.engine.AbstractConfigurationImpl.buildValidatorFactory(AbstractConfigurationImpl.java:453)
	at jakarta.validation.Validation.buildDefaultValidatorFactory(Validation.java:103)
	at org.hibernate.boot.beanvalidation.TypeSafeActivator.getValidatorFactory(TypeSafeActivator.java:482)
	at org.hibernate.boot.beanvalidation.TypeSafeActivator.activate(TypeSafeActivator.java:79)
	at java.base/jdk.internal.reflect.DirectMethodHandleAccessor.invoke(DirectMethodHandleAccessor.java:103)
	at java.base/java.lang.reflect.Method.invoke(Method.java:580)
	at org.hibernate.boot.beanvalidation.BeanValidationIntegrator.integrate(BeanValidationIntegrator.java:139)
	at org.hibernate.internal.SessionFactoryImpl.integrate(SessionFactoryImpl.java:517)
	at org.hibernate.internal.SessionFactoryImpl.<init>(SessionFactoryImpl.java:276)
	at org.hibernate.boot.internal.SessionFactoryBuilderImpl.build(SessionFactoryBuilderImpl.java:457)
	at org.hibernate.jpa.boot.internal.EntityManagerFactoryBuilderImpl.build(EntityManagerFactoryBuilderImpl.java:1506)
	at org.hibernate.jpa.HibernatePersistenceProvider.createEntityManagerFactory(HibernatePersistenceProvider.java:55)
	at jakarta.persistence.Persistence.createEntityManagerFactory(Persistence.java:80)
	at org.frcpm.config.DatabaseConfig.initialize(DatabaseConfig.java:114)
	at org.frcpm.config.DatabaseConfig.initialize(DatabaseConfig.java:28)
	at org.frcpm.repositories.AttendanceRepositoryTest.setUp(AttendanceRepositoryTest.java:40)
	at java.base/jdk.internal.reflect.DirectMethodHandleAccessor.invoke(DirectMethodHandleAccessor.java:103)
	at java.base/java.lang.reflect.Method.invoke(Method.java:580)
	at org.junit.platform.commons.util.ReflectionUtils.invokeMethod(ReflectionUtils.java:728)
	at org.junit.jupiter.engine.execution.MethodInvocation.proceed(MethodInvocation.java:60)
	at org.junit.jupiter.engine.execution.InvocationInterceptorChain$ValidatingInvocation.proceed(InvocationInterceptorChain.java:131)
	at org.junit.jupiter.engine.extension.TimeoutExtension.intercept(TimeoutExtension.java:156)
	at org.junit.jupiter.engine.extension.TimeoutExtension.interceptLifecycleMethod(TimeoutExtension.java:128)
	at org.junit.jupiter.engine.extension.TimeoutExtension.interceptBeforeEachMethod(TimeoutExtension.java:78)
	at org.junit.jupiter.engine.execution.InterceptingExecutableInvoker$ReflectiveInterceptorCall.lambda$ofVoidMethod$0(InterceptingExecutableInvoker.java:103)
	at org.junit.jupiter.engine.execution.InterceptingExecutableInvoker.lambda$invoke$0(InterceptingExecutableInvoker.java:93)
	at org.junit.jupiter.engine.execution.InvocationInterceptorChain$InterceptedInvocation.proceed(InvocationInterceptorChain.java:106)
	at org.junit.jupiter.engine.execution.InvocationInterceptorChain.proceed(InvocationInterceptorChain.java:64)
	at org.junit.jupiter.engine.execution.InvocationInterceptorChain.chainAndInvoke(InvocationInterceptorChain.java:45)
	at org.junit.jupiter.engine.execution.InvocationInterceptorChain.invoke(InvocationInterceptorChain.java:37)
	at org.junit.jupiter.engine.execution.InterceptingExecutableInvoker.invoke(InterceptingExecutableInvoker.java:92)
	at org.junit.jupiter.engine.execution.InterceptingExecutableInvoker.invoke(InterceptingExecutableInvoker.java:86)
	at org.junit.jupiter.engine.descriptor.ClassBasedTestDescriptor.invokeMethodInExtensionContext(ClassBasedTestDescriptor.java:521)
	at org.junit.jupiter.engine.descriptor.ClassBasedTestDescriptor.lambda$synthesizeBeforeEachMethodAdapter$23(ClassBasedTestDescriptor.java:506)
	at org.junit.jupiter.engine.descriptor.TestMethodTestDescriptor.lambda$invokeBeforeEachMethods$3(TestMethodTestDescriptor.java:175)
	at org.junit.jupiter.engine.descriptor.TestMethodTestDescriptor.lambda$invokeBeforeMethodsOrCallbacksUntilExceptionOccurs$6(TestMethodTestDescriptor.java:203)
	at org.junit.platform.engine.support.hierarchical.ThrowableCollector.execute(ThrowableCollector.java:73)
	at org.junit.jupiter.engine.descriptor.TestMethodTestDescriptor.invokeBeforeMethodsOrCallbacksUntilExceptionOccurs(TestMethodTestDescriptor.java:203)
	at org.junit.jupiter.engine.descriptor.TestMethodTestDescriptor.invokeBeforeEachMethods(TestMethodTestDescriptor.java:172)
	at org.junit.jupiter.engine.descriptor.TestMethodTestDescriptor.execute(TestMethodTestDescriptor.java:135)
	at org.junit.jupiter.engine.descriptor.TestMethodTestDescriptor.execute(TestMethodTestDescriptor.java:69)
	at org.junit.platform.engine.support.hierarchical.NodeTestTask.lambda$executeRecursively$6(NodeTestTask.java:151)
	at org.junit.platform.engine.support.hierarchical.ThrowableCollector.execute(ThrowableCollector.java:73)
	at org.junit.platform.engine.support.hierarchical.NodeTestTask.lambda$executeRecursively$8(NodeTestTask.java:141)
	at org.junit.platform.engine.support.hierarchical.Node.around(Node.java:137)
	at org.junit.platform.engine.support.hierarchical.NodeTestTask.lambda$executeRecursively$9(NodeTestTask.java:139)
	at org.junit.platform.engine.support.hierarchical.ThrowableCollector.execute(ThrowableCollector.java:73)
	at org.junit.platform.engine.support.hierarchical.NodeTestTask.executeRecursively(NodeTestTask.java:138)
	at org.junit.platform.engine.support.hierarchical.NodeTestTask.execute(NodeTestTask.java:95)
	at java.base/java.util.ArrayList.forEach(ArrayList.java:1596)
	at org.junit.platform.engine.support.hierarchical.SameThreadHierarchicalTestExecutorService.invokeAll(SameThreadHierarchicalTestExecutorService.java:41)
	at org.junit.platform.engine.support.hierarchical.NodeTestTask.lambda$executeRecursively$6(NodeTestTask.java:155)
	at org.junit.platform.engine.support.hierarchical.ThrowableCollector.execute(ThrowableCollector.java:73)
	at org.junit.platform.engine.support.hierarchical.NodeTestTask.lambda$executeRecursively$8(NodeTestTask.java:141)
	at org.junit.platform.engine.support.hierarchical.Node.around(Node.java:137)
	at org.junit.platform.engine.support.hierarchical.NodeTestTask.lambda$executeRecursively$9(NodeTestTask.java:139)
	at org.junit.platform.engine.support.hierarchical.ThrowableCollector.execute(ThrowableCollector.java:73)
	at org.junit.platform.engine.support.hierarchical.NodeTestTask.executeRecursively(NodeTestTask.java:138)
	at org.junit.platform.engine.support.hierarchical.NodeTestTask.execute(NodeTestTask.java:95)
	at java.base/java.util.ArrayList.forEach(ArrayList.java:1596)
	at org.junit.platform.engine.support.hierarchical.SameThreadHierarchicalTestExecutorService.invokeAll(SameThreadHierarchicalTestExecutorService.java:41)
	at org.junit.platform.engine.support.hierarchical.NodeTestTask.lambda$executeRecursively$6(NodeTestTask.java:155)
	at org.junit.platform.engine.support.hierarchical.ThrowableCollector.execute(ThrowableCollector.java:73)
	at org.junit.platform.engine.support.hierarchical.NodeTestTask.lambda$executeRecursively$8(NodeTestTask.java:141)
	at org.junit.platform.engine.support.hierarchical.Node.around(Node.java:137)
	at org.junit.platform.engine.support.hierarchical.NodeTestTask.lambda$executeRecursively$9(NodeTestTask.java:139)
	at org.junit.platform.engine.support.hierarchical.ThrowableCollector.execute(ThrowableCollector.java:73)
	at org.junit.platform.engine.support.hierarchical.NodeTestTask.executeRecursively(NodeTestTask.java:138)
	at org.junit.platform.engine.support.hierarchical.NodeTestTask.execute(NodeTestTask.java:95)
	at org.junit.platform.engine.support.hierarchical.SameThreadHierarchicalTestExecutorService.submit(SameThreadHierarchicalTestExecutorService.java:35)
	at org.junit.platform.engine.support.hierarchical.HierarchicalTestExecutor.execute(HierarchicalTestExecutor.java:57)
	at org.junit.platform.engine.support.hierarchical.HierarchicalTestEngine.execute(HierarchicalTestEngine.java:54)
	at org.junit.platform.launcher.core.EngineExecutionOrchestrator.execute(EngineExecutionOrchestrator.java:198)
	at org.junit.platform.launcher.core.EngineExecutionOrchestrator.execute(EngineExecutionOrchestrator.java:169)
	at org.junit.platform.launcher.core.EngineExecutionOrchestrator.execute(EngineExecutionOrchestrator.java:93)
	at org.junit.platform.launcher.core.EngineExecutionOrchestrator.lambda$execute$0(EngineExecutionOrchestrator.java:58)
	at org.junit.platform.launcher.core.EngineExecutionOrchestrator.withInterceptedStreams(EngineExecutionOrchestrator.java:141)
	at org.junit.platform.launcher.core.EngineExecutionOrchestrator.execute(EngineExecutionOrchestrator.java:57)
	at org.junit.platform.launcher.core.DefaultLauncher.execute(DefaultLauncher.java:103)
	at org.junit.platform.launcher.core.DefaultLauncher.execute(DefaultLauncher.java:85)
	at org.junit.platform.launcher.core.DelegatingLauncher.execute(DelegatingLauncher.java:47)
	at org.apache.maven.surefire.junitplatform.LazyLauncher.execute(LazyLauncher.java:56)
	at org.apache.maven.surefire.junitplatform.JUnitPlatformProvider.execute(JUnitPlatformProvider.java:184)
	at org.apache.maven.surefire.junitplatform.JUnitPlatformProvider.invokeAllTests(JUnitPlatformProvider.java:148)
	at org.apache.maven.surefire.junitplatform.JUnitPlatformProvider.invoke(JUnitPlatformProvider.java:122)
	at org.apache.maven.surefire.booter.ForkedBooter.runSuitesInProcess(ForkedBooter.java:385)
	at org.apache.maven.surefire.booter.ForkedBooter.execute(ForkedBooter.java:162)
	at org.apache.maven.surefire.booter.ForkedBooter.run(ForkedBooter.java:507)
	at org.apache.maven.surefire.booter.ForkedBooter.main(ForkedBooter.java:495)
Caused by: java.lang.ClassNotFoundException: jakarta.el.ExpressionFactory
	... 97 common frames omitted
10:24:14.859 [main] DEBUG org.hibernate.validator.messageinterpolation.ResourceBundleMessageInterpolator - Failed to load expression factory via classloader jdk.internal.loader.ClassLoaders$AppClassLoader@70dea4e
java.lang.NoClassDefFoundError: jakarta/el/ExpressionFactory
	at org.hibernate.validator.messageinterpolation.ResourceBundleMessageInterpolator.canLoadExpressionFactory(ResourceBundleMessageInterpolator.java:228)
	at org.hibernate.validator.messageinterpolation.ResourceBundleMessageInterpolator.buildExpressionFactory(ResourceBundleMessageInterpolator.java:186)
	at org.hibernate.validator.messageinterpolation.ResourceBundleMessageInterpolator.<init>(ResourceBundleMessageInterpolator.java:97)
	at org.hibernate.validator.internal.engine.AbstractConfigurationImpl.getDefaultMessageInterpolator(AbstractConfigurationImpl.java:575)
	at org.hibernate.validator.internal.engine.AbstractConfigurationImpl.getDefaultMessageInterpolatorConfiguredWithClassLoader(AbstractConfigurationImpl.java:834)
	at org.hibernate.validator.internal.engine.AbstractConfigurationImpl.getMessageInterpolator(AbstractConfigurationImpl.java:485)
	at org.hibernate.validator.internal.engine.ValidatorFactoryImpl.<init>(ValidatorFactoryImpl.java:157)
	at org.hibernate.validator.HibernateValidator.buildValidatorFactory(HibernateValidator.java:38)
	at org.hibernate.validator.internal.engine.AbstractConfigurationImpl.buildValidatorFactory(AbstractConfigurationImpl.java:453)
	at jakarta.validation.Validation.buildDefaultValidatorFactory(Validation.java:103)
	at org.hibernate.boot.beanvalidation.TypeSafeActivator.getValidatorFactory(TypeSafeActivator.java:482)
	at org.hibernate.boot.beanvalidation.TypeSafeActivator.activate(TypeSafeActivator.java:79)
	at java.base/jdk.internal.reflect.DirectMethodHandleAccessor.invoke(DirectMethodHandleAccessor.java:103)
	at java.base/java.lang.reflect.Method.invoke(Method.java:580)
	at org.hibernate.boot.beanvalidation.BeanValidationIntegrator.integrate(BeanValidationIntegrator.java:139)
	at org.hibernate.internal.SessionFactoryImpl.integrate(SessionFactoryImpl.java:517)
	at org.hibernate.internal.SessionFactoryImpl.<init>(SessionFactoryImpl.java:276)
	at org.hibernate.boot.internal.SessionFactoryBuilderImpl.build(SessionFactoryBuilderImpl.java:457)
	at org.hibernate.jpa.boot.internal.EntityManagerFactoryBuilderImpl.build(EntityManagerFactoryBuilderImpl.java:1506)
	at org.hibernate.jpa.HibernatePersistenceProvider.createEntityManagerFactory(HibernatePersistenceProvider.java:55)
	at jakarta.persistence.Persistence.createEntityManagerFactory(Persistence.java:80)
	at org.frcpm.config.DatabaseConfig.initialize(DatabaseConfig.java:114)
	at org.frcpm.config.DatabaseConfig.initialize(DatabaseConfig.java:28)
	at org.frcpm.repositories.AttendanceRepositoryTest.setUp(AttendanceRepositoryTest.java:40)
	at java.base/jdk.internal.reflect.DirectMethodHandleAccessor.invoke(DirectMethodHandleAccessor.java:103)
	at java.base/java.lang.reflect.Method.invoke(Method.java:580)
	at org.junit.platform.commons.util.ReflectionUtils.invokeMethod(ReflectionUtils.java:728)
	at org.junit.jupiter.engine.execution.MethodInvocation.proceed(MethodInvocation.java:60)
	at org.junit.jupiter.engine.execution.InvocationInterceptorChain$ValidatingInvocation.proceed(InvocationInterceptorChain.java:131)
	at org.junit.jupiter.engine.extension.TimeoutExtension.intercept(TimeoutExtension.java:156)
	at org.junit.jupiter.engine.extension.TimeoutExtension.interceptLifecycleMethod(TimeoutExtension.java:128)
	at org.junit.jupiter.engine.extension.TimeoutExtension.interceptBeforeEachMethod(TimeoutExtension.java:78)
	at org.junit.jupiter.engine.execution.InterceptingExecutableInvoker$ReflectiveInterceptorCall.lambda$ofVoidMethod$0(InterceptingExecutableInvoker.java:103)
	at org.junit.jupiter.engine.execution.InterceptingExecutableInvoker.lambda$invoke$0(InterceptingExecutableInvoker.java:93)
	at org.junit.jupiter.engine.execution.InvocationInterceptorChain$InterceptedInvocation.proceed(InvocationInterceptorChain.java:106)
	at org.junit.jupiter.engine.execution.InvocationInterceptorChain.proceed(InvocationInterceptorChain.java:64)
	at org.junit.jupiter.engine.execution.InvocationInterceptorChain.chainAndInvoke(InvocationInterceptorChain.java:45)
	at org.junit.jupiter.engine.execution.InvocationInterceptorChain.invoke(InvocationInterceptorChain.java:37)
	at org.junit.jupiter.engine.execution.InterceptingExecutableInvoker.invoke(InterceptingExecutableInvoker.java:92)
	at org.junit.jupiter.engine.execution.InterceptingExecutableInvoker.invoke(InterceptingExecutableInvoker.java:86)
	at org.junit.jupiter.engine.descriptor.ClassBasedTestDescriptor.invokeMethodInExtensionContext(ClassBasedTestDescriptor.java:521)
	at org.junit.jupiter.engine.descriptor.ClassBasedTestDescriptor.lambda$synthesizeBeforeEachMethodAdapter$23(ClassBasedTestDescriptor.java:506)
	at org.junit.jupiter.engine.descriptor.TestMethodTestDescriptor.lambda$invokeBeforeEachMethods$3(TestMethodTestDescriptor.java:175)
	at org.junit.jupiter.engine.descriptor.TestMethodTestDescriptor.lambda$invokeBeforeMethodsOrCallbacksUntilExceptionOccurs$6(TestMethodTestDescriptor.java:203)
	at org.junit.platform.engine.support.hierarchical.ThrowableCollector.execute(ThrowableCollector.java:73)
	at org.junit.jupiter.engine.descriptor.TestMethodTestDescriptor.invokeBeforeMethodsOrCallbacksUntilExceptionOccurs(TestMethodTestDescriptor.java:203)
	at org.junit.jupiter.engine.descriptor.TestMethodTestDescriptor.invokeBeforeEachMethods(TestMethodTestDescriptor.java:172)
	at org.junit.jupiter.engine.descriptor.TestMethodTestDescriptor.execute(TestMethodTestDescriptor.java:135)
	at org.junit.jupiter.engine.descriptor.TestMethodTestDescriptor.execute(TestMethodTestDescriptor.java:69)
	at org.junit.platform.engine.support.hierarchical.NodeTestTask.lambda$executeRecursively$6(NodeTestTask.java:151)
	at org.junit.platform.engine.support.hierarchical.ThrowableCollector.execute(ThrowableCollector.java:73)
	at org.junit.platform.engine.support.hierarchical.NodeTestTask.lambda$executeRecursively$8(NodeTestTask.java:141)
	at org.junit.platform.engine.support.hierarchical.Node.around(Node.java:137)
	at org.junit.platform.engine.support.hierarchical.NodeTestTask.lambda$executeRecursively$9(NodeTestTask.java:139)
	at org.junit.platform.engine.support.hierarchical.ThrowableCollector.execute(ThrowableCollector.java:73)
	at org.junit.platform.engine.support.hierarchical.NodeTestTask.executeRecursively(NodeTestTask.java:138)
	at org.junit.platform.engine.support.hierarchical.NodeTestTask.execute(NodeTestTask.java:95)
	at java.base/java.util.ArrayList.forEach(ArrayList.java:1596)
	at org.junit.platform.engine.support.hierarchical.SameThreadHierarchicalTestExecutorService.invokeAll(SameThreadHierarchicalTestExecutorService.java:41)
	at org.junit.platform.engine.support.hierarchical.NodeTestTask.lambda$executeRecursively$6(NodeTestTask.java:155)
	at org.junit.platform.engine.support.hierarchical.ThrowableCollector.execute(ThrowableCollector.java:73)
	at org.junit.platform.engine.support.hierarchical.NodeTestTask.lambda$executeRecursively$8(NodeTestTask.java:141)
	at org.junit.platform.engine.support.hierarchical.Node.around(Node.java:137)
	at org.junit.platform.engine.support.hierarchical.NodeTestTask.lambda$executeRecursively$9(NodeTestTask.java:139)
	at org.junit.platform.engine.support.hierarchical.ThrowableCollector.execute(ThrowableCollector.java:73)
	at org.junit.platform.engine.support.hierarchical.NodeTestTask.executeRecursively(NodeTestTask.java:138)
	at org.junit.platform.engine.support.hierarchical.NodeTestTask.execute(NodeTestTask.java:95)
	at java.base/java.util.ArrayList.forEach(ArrayList.java:1596)
	at org.junit.platform.engine.support.hierarchical.SameThreadHierarchicalTestExecutorService.invokeAll(SameThreadHierarchicalTestExecutorService.java:41)
	at org.junit.platform.engine.support.hierarchical.NodeTestTask.lambda$executeRecursively$6(NodeTestTask.java:155)
	at org.junit.platform.engine.support.hierarchical.ThrowableCollector.execute(ThrowableCollector.java:73)
	at org.junit.platform.engine.support.hierarchical.NodeTestTask.lambda$executeRecursively$8(NodeTestTask.java:141)
	at org.junit.platform.engine.support.hierarchical.Node.around(Node.java:137)
	at org.junit.platform.engine.support.hierarchical.NodeTestTask.lambda$executeRecursively$9(NodeTestTask.java:139)
	at org.junit.platform.engine.support.hierarchical.ThrowableCollector.execute(ThrowableCollector.java:73)
	at org.junit.platform.engine.support.hierarchical.NodeTestTask.executeRecursively(NodeTestTask.java:138)
	at org.junit.platform.engine.support.hierarchical.NodeTestTask.execute(NodeTestTask.java:95)
	at org.junit.platform.engine.support.hierarchical.SameThreadHierarchicalTestExecutorService.submit(SameThreadHierarchicalTestExecutorService.java:35)
	at org.junit.platform.engine.support.hierarchical.HierarchicalTestExecutor.execute(HierarchicalTestExecutor.java:57)
	at org.junit.platform.engine.support.hierarchical.HierarchicalTestEngine.execute(HierarchicalTestEngine.java:54)
	at org.junit.platform.launcher.core.EngineExecutionOrchestrator.execute(EngineExecutionOrchestrator.java:198)
	at org.junit.platform.launcher.core.EngineExecutionOrchestrator.execute(EngineExecutionOrchestrator.java:169)
	at org.junit.platform.launcher.core.EngineExecutionOrchestrator.execute(EngineExecutionOrchestrator.java:93)
	at org.junit.platform.launcher.core.EngineExecutionOrchestrator.lambda$execute$0(EngineExecutionOrchestrator.java:58)
	at org.junit.platform.launcher.core.EngineExecutionOrchestrator.withInterceptedStreams(EngineExecutionOrchestrator.java:141)
	at org.junit.platform.launcher.core.EngineExecutionOrchestrator.execute(EngineExecutionOrchestrator.java:57)
	at org.junit.platform.launcher.core.DefaultLauncher.execute(DefaultLauncher.java:103)
	at org.junit.platform.launcher.core.DefaultLauncher.execute(DefaultLauncher.java:85)
	at org.junit.platform.launcher.core.DelegatingLauncher.execute(DelegatingLauncher.java:47)
	at org.apache.maven.surefire.junitplatform.LazyLauncher.execute(LazyLauncher.java:56)
	at org.apache.maven.surefire.junitplatform.JUnitPlatformProvider.execute(JUnitPlatformProvider.java:184)
	at org.apache.maven.surefire.junitplatform.JUnitPlatformProvider.invokeAllTests(JUnitPlatformProvider.java:148)
	at org.apache.maven.surefire.junitplatform.JUnitPlatformProvider.invoke(JUnitPlatformProvider.java:122)
	at org.apache.maven.surefire.booter.ForkedBooter.runSuitesInProcess(ForkedBooter.java:385)
	at org.apache.maven.surefire.booter.ForkedBooter.execute(ForkedBooter.java:162)
	at org.apache.maven.surefire.booter.ForkedBooter.run(ForkedBooter.java:507)
	at org.apache.maven.surefire.booter.ForkedBooter.main(ForkedBooter.java:495)
Caused by: java.lang.ClassNotFoundException: jakarta.el.ExpressionFactory
	... 97 common frames omitted
10:24:14.859 [main] DEBUG org.hibernate.boot.beanvalidation.TypeSafeActivator - Unable to acquire Bean Validation ValidatorFactory, skipping activation
10:24:14.861 [main] DEBUG org.hibernate.query.sqm.function.SqmFunctionRegistry - Registered SqmFunctionTemplate [NamedSqmFunctionTemplate(max)] under max; prior registration was null
10:24:14.861 [main] DEBUG org.hibernate.query.sqm.function.SqmFunctionRegistry - Registered SqmFunctionTemplate [NamedSqmFunctionTemplate(min)] under min; prior registration was null
10:24:14.861 [main] DEBUG org.hibernate.query.sqm.function.SqmFunctionRegistry - Registered SqmFunctionTemplate [NamedSqmFunctionTemplate(sum)] under sum; prior registration was null
10:24:14.861 [main] DEBUG org.hibernate.query.sqm.function.SqmFunctionRegistry - Registered SqmFunctionTemplate [NamedSqmFunctionTemplate(avg)] under avg; prior registration was null
10:24:14.861 [main] DEBUG org.hibernate.query.sqm.function.SqmFunctionRegistry - Registered SqmFunctionTemplate [org.hibernate.dialect.function.CountFunction@178a889a] under count; prior registration was null
10:24:14.861 [main] DEBUG org.hibernate.query.sqm.function.SqmFunctionRegistry - Registered SqmFunctionTemplate [org.hibernate.dialect.function.EveryAnyEmulation@c90db7e] under every; prior registration was null
10:24:14.861 [main] DEBUG org.hibernate.query.sqm.function.SqmFunctionRegistry - Registered SqmFunctionTemplate [org.hibernate.dialect.function.EveryAnyEmulation@5eefbb03] under any; prior registration was null
10:24:14.861 [main] DEBUG org.hibernate.query.sqm.function.SqmFunctionRegistry - Registered SqmFunctionTemplate [NamedSqmFunctionTemplate(floor)] under floor; prior registration was null
10:24:14.861 [main] DEBUG org.hibernate.query.sqm.function.SqmFunctionRegistry - Registered SqmFunctionTemplate [NamedSqmFunctionTemplate(ceiling)] under ceiling; prior registration was null
10:24:14.861 [main] DEBUG org.hibernate.query.sqm.function.SqmFunctionRegistry - Registered SqmFunctionTemplate [NamedSqmFunctionTemplate(mod)] under mod; prior registration was null
10:24:14.861 [main] DEBUG org.hibernate.query.sqm.function.SqmFunctionRegistry - Registered SqmFunctionTemplate [NamedSqmFunctionTemplate(abs)] under abs; prior registration was null
10:24:14.861 [main] DEBUG org.hibernate.query.sqm.function.SqmFunctionRegistry - Registered SqmFunctionTemplate [NamedSqmFunctionTemplate(sign)] under sign; prior registration was null
10:24:14.861 [main] DEBUG org.hibernate.query.sqm.function.SqmFunctionRegistry - Registered SqmFunctionTemplate [NamedSqmFunctionTemplate(sqrt)] under sqrt; prior registration was null
10:24:14.861 [main] DEBUG org.hibernate.query.sqm.function.SqmFunctionRegistry - Registered SqmFunctionTemplate [NamedSqmFunctionTemplate(ln)] under ln; prior registration was null
10:24:14.861 [main] DEBUG org.hibernate.query.sqm.function.SqmFunctionRegistry - Registered SqmFunctionTemplate [NamedSqmFunctionTemplate(exp)] under exp; prior registration was null
10:24:14.861 [main] DEBUG org.hibernate.query.sqm.function.SqmFunctionRegistry - Registered SqmFunctionTemplate [NamedSqmFunctionTemplate(power)] under power; prior registration was null
10:24:14.861 [main] DEBUG org.hibernate.query.sqm.function.SqmFunctionRegistry - Registered SqmFunctionTemplate [NamedSqmFunctionTemplate(round)] under round; prior registration was null
10:24:14.861 [main] DEBUG org.hibernate.query.sqm.function.SqmFunctionRegistry - Registered SqmFunctionTemplate [NamedSqmFunctionTemplate(sin)] under sin; prior registration was null
10:24:14.861 [main] DEBUG org.hibernate.query.sqm.function.SqmFunctionRegistry - Registered SqmFunctionTemplate [NamedSqmFunctionTemplate(cos)] under cos; prior registration was null
10:24:14.861 [main] DEBUG org.hibernate.query.sqm.function.SqmFunctionRegistry - Registered SqmFunctionTemplate [NamedSqmFunctionTemplate(tan)] under tan; prior registration was null
10:24:14.861 [main] DEBUG org.hibernate.query.sqm.function.SqmFunctionRegistry - Registered SqmFunctionTemplate [NamedSqmFunctionTemplate(asin)] under asin; prior registration was null
10:24:14.861 [main] DEBUG org.hibernate.query.sqm.function.SqmFunctionRegistry - Registered SqmFunctionTemplate [NamedSqmFunctionTemplate(acos)] under acos; prior registration was null
10:24:14.861 [main] DEBUG org.hibernate.query.sqm.function.SqmFunctionRegistry - Registered SqmFunctionTemplate [NamedSqmFunctionTemplate(atan)] under atan; prior registration was null
10:24:14.861 [main] DEBUG org.hibernate.query.sqm.function.SqmFunctionRegistry - Registered SqmFunctionTemplate [NamedSqmFunctionTemplate(atan2)] under atan2; prior registration was null
10:24:14.861 [main] DEBUG org.hibernate.query.sqm.function.SqmFunctionRegistry - Registered SqmFunctionTemplate [org.hibernate.query.sqm.function.PatternBasedSqmFunctionDescriptor@44858e4] under sinh; prior registration was null
10:24:14.861 [main] DEBUG org.hibernate.query.sqm.function.SqmFunctionRegistry - Registered SqmFunctionTemplate [org.hibernate.query.sqm.function.PatternBasedSqmFunctionDescriptor@4745deaf] under cosh; prior registration was null
10:24:14.861 [main] DEBUG org.hibernate.query.sqm.function.SqmFunctionRegistry - Registered SqmFunctionTemplate [org.hibernate.query.sqm.function.PatternBasedSqmFunctionDescriptor@4d84b612] under tanh; prior registration was null
10:24:14.861 [main] DEBUG org.hibernate.query.sqm.function.SqmFunctionRegistry - Registered SqmFunctionTemplate [org.hibernate.query.sqm.function.PatternBasedSqmFunctionDescriptor@6e903b02] under pi; prior registration was null
10:24:14.861 [main] DEBUG org.hibernate.query.sqm.function.SqmFunctionRegistry - Registered SqmFunctionTemplate [org.hibernate.query.sqm.function.PatternBasedSqmFunctionDescriptor@28d9d14c] under log; prior registration was null
10:24:14.861 [main] DEBUG org.hibernate.query.sqm.function.SqmFunctionRegistry - Registered SqmFunctionTemplate [NamedSqmFunctionTemplate(coalesce)] under coalesce; prior registration was null
10:24:14.861 [main] DEBUG org.hibernate.query.sqm.function.SqmFunctionRegistry - Registered SqmFunctionTemplate [NamedSqmFunctionTemplate(nullif)] under nullif; prior registration was null
10:24:14.861 [main] DEBUG org.hibernate.query.sqm.function.SqmFunctionRegistry - Registered SqmFunctionTemplate [NamedSqmFunctionTemplate(left)] under left; prior registration was null
10:24:14.861 [main] DEBUG org.hibernate.query.sqm.function.SqmFunctionRegistry - Registered SqmFunctionTemplate [NamedSqmFunctionTemplate(right)] under right; prior registration was null
10:24:14.861 [main] DEBUG org.hibernate.query.sqm.function.SqmFunctionRegistry - Registered SqmFunctionTemplate [NamedSqmFunctionTemplate(replace)] under replace; prior registration was null
10:24:14.861 [main] DEBUG org.hibernate.query.sqm.function.SqmFunctionRegistry - Registered SqmFunctionTemplate [NamedSqmFunctionTemplate(concat)] under concat; prior registration was null
10:24:14.861 [main] DEBUG org.hibernate.query.sqm.function.SqmFunctionRegistry - Registered SqmFunctionTemplate [NamedSqmFunctionTemplate(lower)] under lower; prior registration was null
10:24:14.861 [main] DEBUG org.hibernate.query.sqm.function.SqmFunctionRegistry - Registered SqmFunctionTemplate [NamedSqmFunctionTemplate(upper)] under upper; prior registration was null
10:24:14.861 [main] DEBUG org.hibernate.query.sqm.function.SqmFunctionRegistry - Registered SqmFunctionTemplate [NamedSqmFunctionTemplate(substring)] under substring; prior registration was null
10:24:14.861 [main] DEBUG org.hibernate.query.sqm.function.SqmFunctionRegistry - Registered SqmFunctionTemplate [NamedSqmFunctionTemplate(locate)] under locate; prior registration was null
10:24:14.861 [main] DEBUG org.hibernate.query.sqm.function.SqmFunctionRegistry - Registered SqmFunctionTemplate [NamedSqmFunctionTemplate(character_length)] under character_length; prior registration was null
10:24:14.861 [main] DEBUG org.hibernate.query.sqm.function.SqmFunctionRegistry - Registering alternate key : length -> character_length
10:24:14.861 [main] DEBUG org.hibernate.query.sqm.function.SqmFunctionRegistry - Registered SqmFunctionTemplate [org.hibernate.dialect.function.LocatePositionEmulation@4100c25e] under position; prior registration was null
10:24:14.861 [main] DEBUG org.hibernate.query.sqm.function.SqmFunctionRegistry - Registered SqmFunctionTemplate [org.hibernate.dialect.function.InsertSubstringOverlayEmulation@29dcd84a] under overlay; prior registration was null
10:24:14.861 [main] DEBUG org.hibernate.query.sqm.function.SqmFunctionRegistry - Registered SqmFunctionTemplate [org.hibernate.dialect.function.TrimFunction@46fbae58] under trim; prior registration was null
10:24:14.861 [main] DEBUG org.hibernate.query.sqm.function.SqmFunctionRegistry - Registered SqmFunctionTemplate [org.hibernate.dialect.function.CastFunction@204e547a] under cast; prior registration was null
10:24:14.861 [main] DEBUG org.hibernate.query.sqm.function.SqmFunctionRegistry - Registered SqmFunctionTemplate [org.hibernate.query.sqm.function.PatternBasedSqmFunctionDescriptor@671b701f] under collate; prior registration was null
10:24:14.861 [main] DEBUG org.hibernate.query.sqm.function.SqmFunctionRegistry - Registered SqmFunctionTemplate [org.hibernate.dialect.function.ExtractFunction@284aea3e] under extract; prior registration was null
10:24:14.861 [main] DEBUG org.hibernate.query.sqm.function.SqmFunctionRegistry - Registered SqmFunctionTemplate [NamedSqmFunctionTemplate(least)] under least; prior registration was null
10:24:14.861 [main] DEBUG org.hibernate.query.sqm.function.SqmFunctionRegistry - Registered SqmFunctionTemplate [NamedSqmFunctionTemplate(greatest)] under greatest; prior registration was null
10:24:14.861 [main] DEBUG org.hibernate.query.sqm.function.SqmFunctionRegistry - Registered SqmFunctionTemplate [org.hibernate.dialect.function.CoalesceIfnullEmulation@33d80801] under ifnull; prior registration was null
10:24:14.861 [main] DEBUG org.hibernate.query.sqm.function.SqmFunctionRegistry - Registered SqmFunctionTemplate [NamedSqmFunctionTemplate(lpad)] under lpad; prior registration was null
10:24:14.861 [main] DEBUG org.hibernate.query.sqm.function.SqmFunctionRegistry - Registered SqmFunctionTemplate [NamedSqmFunctionTemplate(rpad)] under rpad; prior registration was null
10:24:14.861 [main] DEBUG org.hibernate.query.sqm.function.SqmFunctionRegistry - Registered SqmFunctionTemplate [org.hibernate.dialect.function.LpadRpadPadEmulation@61676784] under pad; prior registration was null
10:24:14.861 [main] DEBUG org.hibernate.query.sqm.function.SqmFunctionRegistry - Registered SqmFunctionTemplate [org.hibernate.dialect.function.CastStrEmulation@5d40783f] under str; prior registration was null
10:24:14.861 [main] DEBUG org.hibernate.query.sqm.function.SqmFunctionRegistry - Registered SqmFunctionTemplate [org.hibernate.dialect.function.FormatFunction@222462b3] under format; prior registration was null
10:24:14.861 [main] DEBUG org.hibernate.query.sqm.function.SqmFunctionRegistry - Registered SqmFunctionTemplate [org.hibernate.dialect.function.TimestampaddFunction@514feef6] under timestampadd; prior registration was null
10:24:14.861 [main] DEBUG org.hibernate.query.sqm.function.SqmFunctionRegistry - Registered SqmFunctionTemplate [org.hibernate.dialect.function.TimestampdiffFunction@b4ef81c] under timestampdiff; prior registration was null
10:24:14.861 [main] DEBUG org.hibernate.query.sqm.function.SqmFunctionRegistry - Registering alternate key : dateadd -> timestampadd
10:24:14.861 [main] DEBUG org.hibernate.query.sqm.function.SqmFunctionRegistry - Registering alternate key : datediff -> timestampdiff
10:24:14.861 [main] DEBUG org.hibernate.query.sqm.function.SqmFunctionRegistry - Registered SqmFunctionTemplate [org.hibernate.dialect.function.CurrentFunction@5511f8ca] under current_date; prior registration was null
10:24:14.861 [main] DEBUG org.hibernate.query.sqm.function.SqmFunctionRegistry - Registered SqmFunctionTemplate [org.hibernate.dialect.function.CurrentFunction@54a12921] under current_time; prior registration was null
10:24:14.861 [main] DEBUG org.hibernate.query.sqm.function.SqmFunctionRegistry - Registered SqmFunctionTemplate [org.hibernate.dialect.function.CurrentFunction@7ab7451d] under current_timestamp; prior registration was null
10:24:14.861 [main] DEBUG org.hibernate.query.sqm.function.SqmFunctionRegistry - Registering alternate key : current date -> current_date
10:24:14.861 [main] DEBUG org.hibernate.query.sqm.function.SqmFunctionRegistry - Registering alternate key : current time -> current_time
10:24:14.861 [main] DEBUG org.hibernate.query.sqm.function.SqmFunctionRegistry - Registering alternate key : current timestamp -> current_timestamp
10:24:14.861 [main] DEBUG org.hibernate.query.sqm.function.SqmFunctionRegistry - Registered SqmFunctionTemplate [org.hibernate.dialect.function.CurrentFunction@645dc4f] under local_date; prior registration was null
10:24:14.861 [main] DEBUG org.hibernate.query.sqm.function.SqmFunctionRegistry - Registered SqmFunctionTemplate [org.hibernate.dialect.function.CurrentFunction@5cc8a3e5] under local_time; prior registration was null
10:24:14.861 [main] DEBUG org.hibernate.query.sqm.function.SqmFunctionRegistry - Registered SqmFunctionTemplate [org.hibernate.dialect.function.CurrentFunction@17d617c] under local_datetime; prior registration was null
10:24:14.861 [main] DEBUG org.hibernate.query.sqm.function.SqmFunctionRegistry - Registered SqmFunctionTemplate [org.hibernate.dialect.function.CurrentFunction@412253e3] under offset_datetime; prior registration was null
10:24:14.861 [main] DEBUG org.hibernate.query.sqm.function.SqmFunctionRegistry - Registering alternate key : local date -> local_date
10:24:14.861 [main] DEBUG org.hibernate.query.sqm.function.SqmFunctionRegistry - Registering alternate key : local time -> local_time
10:24:14.861 [main] DEBUG org.hibernate.query.sqm.function.SqmFunctionRegistry - Registering alternate key : local datetime -> local_datetime
10:24:14.861 [main] DEBUG org.hibernate.query.sqm.function.SqmFunctionRegistry - Registering alternate key : offset datetime -> offset_datetime
10:24:14.861 [main] DEBUG org.hibernate.query.sqm.function.SqmFunctionRegistry - Registered SqmFunctionTemplate [org.hibernate.dialect.function.CurrentFunction@69ad482c] under instant; prior registration was null
10:24:14.861 [main] DEBUG org.hibernate.query.sqm.function.SqmFunctionRegistry - Registering alternate key : current_instant -> instant
10:24:14.861 [main] DEBUG org.hibernate.query.sqm.function.SqmFunctionRegistry - Registered SqmFunctionTemplate [org.hibernate.dialect.function.SqlFunction@70630977] under sql; prior registration was null
10:24:14.861 [main] DEBUG org.hibernate.query.sqm.function.SqmFunctionRegistry - Registered SqmFunctionTemplate [NamedSqmFunctionTemplate(max)] under max; prior registration was NamedSqmFunctionTemplate(max)
10:24:14.861 [main] DEBUG org.hibernate.query.sqm.function.SqmFunctionRegistry - Registered SqmFunctionTemplate [NamedSqmFunctionTemplate(min)] under min; prior registration was NamedSqmFunctionTemplate(min)
10:24:14.861 [main] DEBUG org.hibernate.query.sqm.function.SqmFunctionRegistry - Registered SqmFunctionTemplate [NamedSqmFunctionTemplate(sum)] under sum; prior registration was NamedSqmFunctionTemplate(sum)
10:24:14.861 [main] DEBUG org.hibernate.query.sqm.function.SqmFunctionRegistry - Registered SqmFunctionTemplate [NamedSqmFunctionTemplate(avg)] under avg; prior registration was NamedSqmFunctionTemplate(avg)
10:24:14.861 [main] DEBUG org.hibernate.query.sqm.function.SqmFunctionRegistry - Registered SqmFunctionTemplate [org.hibernate.dialect.function.CountFunction@1affe086] under count; prior registration was org.hibernate.dialect.function.CountFunction@178a889a
10:24:14.861 [main] DEBUG org.hibernate.query.sqm.function.SqmFunctionRegistry - Registered SqmFunctionTemplate [org.hibernate.dialect.function.AvgFunction@49911571] under avg; prior registration was NamedSqmFunctionTemplate(avg)
10:24:14.861 [main] DEBUG org.hibernate.query.sqm.function.SqmFunctionRegistry - Registered SqmFunctionTemplate [NamedSqmFunctionTemplate(pi)] under pi; prior registration was org.hibernate.query.sqm.function.PatternBasedSqmFunctionDescriptor@6e903b02
10:24:14.861 [main] DEBUG org.hibernate.query.sqm.function.SqmFunctionRegistry - Registered SqmFunctionTemplate [NamedSqmFunctionTemplate(cot)] under cot; prior registration was null
10:24:14.861 [main] DEBUG org.hibernate.query.sqm.function.SqmFunctionRegistry - Registered SqmFunctionTemplate [NamedSqmFunctionTemplate(radians)] under radians; prior registration was null
10:24:14.861 [main] DEBUG org.hibernate.query.sqm.function.SqmFunctionRegistry - Registered SqmFunctionTemplate [NamedSqmFunctionTemplate(degrees)] under degrees; prior registration was null
10:24:14.861 [main] DEBUG org.hibernate.query.sqm.function.SqmFunctionRegistry - Registered SqmFunctionTemplate [NamedSqmFunctionTemplate(log10)] under log10; prior registration was null
10:24:14.861 [main] DEBUG org.hibernate.query.sqm.function.SqmFunctionRegistry - Registered SqmFunctionTemplate [org.hibernate.query.sqm.function.PatternBasedSqmFunctionDescriptor@4afec847] under mod; prior registration was NamedSqmFunctionTemplate(mod)
10:24:14.861 [main] DEBUG org.hibernate.query.sqm.function.SqmFunctionRegistry - Registered SqmFunctionTemplate [NamedSqmFunctionTemplate(rand)] under rand; prior registration was null
10:24:14.861 [main] DEBUG org.hibernate.query.sqm.function.SqmFunctionRegistry - Registered SqmFunctionTemplate [NamedSqmFunctionTemplate(soundex)] under soundex; prior registration was null
10:24:14.861 [main] DEBUG org.hibernate.query.sqm.function.SqmFunctionRegistry - Registered SqmFunctionTemplate [NamedSqmFunctionTemplate(translate)] under translate; prior registration was null
10:24:14.861 [main] DEBUG org.hibernate.query.sqm.function.SqmFunctionRegistry - Registered SqmFunctionTemplate [NamedSqmFunctionTemplate(bitand)] under bitand; prior registration was null
10:24:14.861 [main] DEBUG org.hibernate.query.sqm.function.SqmFunctionRegistry - Registered SqmFunctionTemplate [NamedSqmFunctionTemplate(bitor)] under bitor; prior registration was null
10:24:14.861 [main] DEBUG org.hibernate.query.sqm.function.SqmFunctionRegistry - Registered SqmFunctionTemplate [NamedSqmFunctionTemplate(bitxor)] under bitxor; prior registration was null
10:24:14.861 [main] DEBUG org.hibernate.query.sqm.function.SqmFunctionRegistry - Registered SqmFunctionTemplate [NamedSqmFunctionTemplate(bitnot)] under bitnot; prior registration was null
10:24:14.861 [main] DEBUG org.hibernate.query.sqm.function.SqmFunctionRegistry - Registered SqmFunctionTemplate [NamedSqmFunctionTemplate(bit_and)] under bit_and; prior registration was null
10:24:14.861 [main] DEBUG org.hibernate.query.sqm.function.SqmFunctionRegistry - Registered SqmFunctionTemplate [NamedSqmFunctionTemplate(bit_or)] under bit_or; prior registration was null
10:24:14.861 [main] DEBUG org.hibernate.query.sqm.function.SqmFunctionRegistry - Registered SqmFunctionTemplate [NamedSqmFunctionTemplate(day)] under day; prior registration was null
10:24:14.861 [main] DEBUG org.hibernate.query.sqm.function.SqmFunctionRegistry - Registered SqmFunctionTemplate [NamedSqmFunctionTemplate(month)] under month; prior registration was null
10:24:14.861 [main] DEBUG org.hibernate.query.sqm.function.SqmFunctionRegistry - Registered SqmFunctionTemplate [NamedSqmFunctionTemplate(year)] under year; prior registration was null
10:24:14.861 [main] DEBUG org.hibernate.query.sqm.function.SqmFunctionRegistry - Registered SqmFunctionTemplate [NamedSqmFunctionTemplate(hour)] under hour; prior registration was null
10:24:14.861 [main] DEBUG org.hibernate.query.sqm.function.SqmFunctionRegistry - Registered SqmFunctionTemplate [NamedSqmFunctionTemplate(minute)] under minute; prior registration was null
10:24:14.861 [main] DEBUG org.hibernate.query.sqm.function.SqmFunctionRegistry - Registered SqmFunctionTemplate [NamedSqmFunctionTemplate(second)] under second; prior registration was null
10:24:14.861 [main] DEBUG org.hibernate.query.sqm.function.SqmFunctionRegistry - Registered SqmFunctionTemplate [NamedSqmFunctionTemplate(microsecond)] under microsecond; prior registration was null
10:24:14.861 [main] DEBUG org.hibernate.query.sqm.function.SqmFunctionRegistry - Registered SqmFunctionTemplate [NamedSqmFunctionTemplate(day_of_week)] under day_of_week; prior registration was null
10:24:14.861 [main] DEBUG org.hibernate.query.sqm.function.SqmFunctionRegistry - Registered SqmFunctionTemplate [NamedSqmFunctionTemplate(day_of_month)] under day_of_month; prior registration was null
10:24:14.861 [main] DEBUG org.hibernate.query.sqm.function.SqmFunctionRegistry - Registering alternate key : day -> day_of_month
10:24:14.861 [main] DEBUG org.hibernate.query.sqm.function.SqmFunctionRegistry - Registered SqmFunctionTemplate [NamedSqmFunctionTemplate(day_of_year)] under day_of_year; prior registration was null
10:24:14.861 [main] DEBUG org.hibernate.query.sqm.function.SqmFunctionRegistry - Registered SqmFunctionTemplate [NamedSqmFunctionTemplate(week)] under week; prior registration was null
10:24:14.861 [main] DEBUG org.hibernate.query.sqm.function.SqmFunctionRegistry - Registered SqmFunctionTemplate [NamedSqmFunctionTemplate(quarter)] under quarter; prior registration was null
10:24:14.861 [main] DEBUG org.hibernate.query.sqm.function.SqmFunctionRegistry - Registered SqmFunctionTemplate [NamedSqmFunctionTemplate(monthname)] under monthname; prior registration was null
10:24:14.861 [main] DEBUG org.hibernate.query.sqm.function.SqmFunctionRegistry - Registered SqmFunctionTemplate [NamedSqmFunctionTemplate(dayname)] under dayname; prior registration was null
10:24:14.861 [main] DEBUG org.hibernate.query.sqm.function.SqmFunctionRegistry - Registered SqmFunctionTemplate [NamedSqmFunctionTemplate(localtime)] under localtime; prior registration was null
10:24:14.861 [main] DEBUG org.hibernate.query.sqm.function.SqmFunctionRegistry - Registered SqmFunctionTemplate [NamedSqmFunctionTemplate(localtimestamp)] under localtimestamp; prior registration was null
10:24:14.861 [main] DEBUG org.hibernate.query.sqm.function.SqmFunctionRegistry - Registered SqmFunctionTemplate [NamedSqmFunctionTemplate(localtime)] under local_time; prior registration was org.hibernate.dialect.function.CurrentFunction@5cc8a3e5
10:24:14.861 [main] DEBUG org.hibernate.query.sqm.function.SqmFunctionRegistry - Registered SqmFunctionTemplate [NamedSqmFunctionTemplate(localtimestamp)] under local_datetime; prior registration was org.hibernate.dialect.function.CurrentFunction@17d617c
10:24:14.861 [main] DEBUG org.hibernate.query.sqm.function.SqmFunctionRegistry - Registered SqmFunctionTemplate [org.hibernate.dialect.function.TruncFunction@223e58de] under trunc; prior registration was null
10:24:14.861 [main] DEBUG org.hibernate.query.sqm.function.SqmFunctionRegistry - Registering alternate key : truncate -> trunc
10:24:14.861 [main] DEBUG org.hibernate.query.sqm.function.SqmFunctionRegistry - Registered SqmFunctionTemplate [org.hibernate.query.sqm.function.PatternBasedSqmFunctionDescriptor@472067cf] under date_trunc; prior registration was null
10:24:14.861 [main] DEBUG org.hibernate.query.sqm.function.SqmFunctionRegistry - Registered SqmFunctionTemplate [NamedSqmFunctionTemplate(bit_length)] under bit_length; prior registration was null
10:24:14.861 [main] DEBUG org.hibernate.query.sqm.function.SqmFunctionRegistry - Registered SqmFunctionTemplate [NamedSqmFunctionTemplate(octet_length)] under octet_length; prior registration was null
10:24:14.861 [main] DEBUG org.hibernate.query.sqm.function.SqmFunctionRegistry - Registered SqmFunctionTemplate [NamedSqmFunctionTemplate(ascii)] under ascii; prior registration was null
10:24:14.861 [main] DEBUG org.hibernate.query.sqm.function.SqmFunctionRegistry - Registered SqmFunctionTemplate [NamedSqmFunctionTemplate(octet_length)] under octet_length; prior registration was NamedSqmFunctionTemplate(octet_length)
10:24:14.861 [main] DEBUG org.hibernate.query.sqm.function.SqmFunctionRegistry - Registered SqmFunctionTemplate [NamedSqmFunctionTemplate(space)] under space; prior registration was null
10:24:14.861 [main] DEBUG org.hibernate.query.sqm.function.SqmFunctionRegistry - Registered SqmFunctionTemplate [NamedSqmFunctionTemplate(repeat)] under repeat; prior registration was null
10:24:14.861 [main] DEBUG org.hibernate.query.sqm.function.SqmFunctionRegistry - Registered SqmFunctionTemplate [NamedSqmFunctionTemplate(char)] under char; prior registration was null
10:24:14.861 [main] DEBUG org.hibernate.query.sqm.function.SqmFunctionRegistry - Registering alternate key : chr -> char
10:24:14.861 [main] DEBUG org.hibernate.query.sqm.function.SqmFunctionRegistry - Registered SqmFunctionTemplate [NamedSqmFunctionTemplate(instr)] under instr; prior registration was null
10:24:14.861 [main] DEBUG org.hibernate.query.sqm.function.SqmFunctionRegistry - Registered SqmFunctionTemplate [NamedSqmFunctionTemplate(substr)] under substr; prior registration was null
10:24:14.861 [main] DEBUG org.hibernate.query.sqm.function.SqmFunctionRegistry - Registered SqmFunctionTemplate [org.hibernate.query.sqm.function.PatternBasedSqmFunctionDescriptor@65bc8c7] under position; prior registration was org.hibernate.dialect.function.LocatePositionEmulation@4100c25e
10:24:14.861 [main] DEBUG org.hibernate.query.sqm.function.SqmFunctionRegistry - Registered SqmFunctionTemplate [NamedSqmFunctionTemplate(ltrim)] under ltrim; prior registration was null
10:24:14.861 [main] DEBUG org.hibernate.query.sqm.function.SqmFunctionRegistry - Registered SqmFunctionTemplate [NamedSqmFunctionTemplate(rtrim)] under rtrim; prior registration was null
10:24:14.861 [main] DEBUG org.hibernate.query.sqm.function.SqmFunctionRegistry - Registered SqmFunctionTemplate [org.hibernate.query.sqm.function.PatternBasedSqmFunctionDescriptor@3a5b84bb] under concat; prior registration was NamedSqmFunctionTemplate(concat)
10:24:14.861 [main] DEBUG org.hibernate.query.sqm.function.SqmFunctionRegistry - Registered SqmFunctionTemplate [NamedSqmFunctionTemplate(curtime)] under curtime; prior registration was null
10:24:14.861 [main] DEBUG org.hibernate.query.sqm.function.SqmFunctionRegistry - Registered SqmFunctionTemplate [NamedSqmFunctionTemplate(curdate)] under curdate; prior registration was null
10:24:14.861 [main] DEBUG org.hibernate.query.sqm.function.SqmFunctionRegistry - Registered SqmFunctionTemplate [NamedSqmFunctionTemplate(now)] under now; prior registration was null
10:24:14.861 [main] DEBUG org.hibernate.query.sqm.function.SqmFunctionRegistry - Registered SqmFunctionTemplate [NamedSqmFunctionTemplate(sysdate)] under sysdate; prior registration was null
10:24:14.861 [main] DEBUG org.hibernate.query.sqm.function.SqmFunctionRegistry - Registered SqmFunctionTemplate [NamedSqmFunctionTemplate(insert)] under insert; prior registration was null
10:24:14.861 [main] DEBUG org.hibernate.query.sqm.function.SqmFunctionRegistry - Registered SqmFunctionTemplate [NamedSqmFunctionTemplate(bool_and)] under bool_and; prior registration was null
10:24:14.861 [main] DEBUG org.hibernate.query.sqm.function.SqmFunctionRegistry - Registering alternate key : every -> bool_and
10:24:14.861 [main] DEBUG org.hibernate.query.sqm.function.SqmFunctionRegistry - Registered SqmFunctionTemplate [NamedSqmFunctionTemplate(bool_or)] under bool_or; prior registration was null
10:24:14.861 [main] DEBUG org.hibernate.query.sqm.function.SqmFunctionRegistry - Registering alternate key : any -> bool_or
10:24:14.861 [main] DEBUG org.hibernate.query.sqm.function.SqmFunctionRegistry - Registered SqmFunctionTemplate [NamedSqmFunctionTemplate(median)] under median; prior registration was null
10:24:14.861 [main] DEBUG org.hibernate.query.sqm.function.SqmFunctionRegistry - Registered SqmFunctionTemplate [NamedSqmFunctionTemplate(stddev_pop)] under stddev_pop; prior registration was null
10:24:14.861 [main] DEBUG org.hibernate.query.sqm.function.SqmFunctionRegistry - Registered SqmFunctionTemplate [NamedSqmFunctionTemplate(stddev_samp)] under stddev_samp; prior registration was null
10:24:14.861 [main] DEBUG org.hibernate.query.sqm.function.SqmFunctionRegistry - Registered SqmFunctionTemplate [NamedSqmFunctionTemplate(var_pop)] under var_pop; prior registration was null
10:24:14.861 [main] DEBUG org.hibernate.query.sqm.function.SqmFunctionRegistry - Registered SqmFunctionTemplate [NamedSqmFunctionTemplate(var_samp)] under var_samp; prior registration was null
10:24:14.861 [main] DEBUG org.hibernate.query.sqm.function.SqmFunctionRegistry - Registered SqmFunctionTemplate [org.hibernate.dialect.function.FormatFunction@6af3c386] under format; prior registration was org.hibernate.dialect.function.FormatFunction@222462b3
10:24:14.861 [main] DEBUG org.hibernate.query.sqm.function.SqmFunctionRegistry - Registered SqmFunctionTemplate [NamedSqmFunctionTemplate(rownum)] under rownum; prior registration was null
10:24:14.861 [main] DEBUG org.hibernate.query.sqm.function.SqmFunctionRegistry - Registered SqmFunctionTemplate [NamedSqmFunctionTemplate(row_number)] under row_number; prior registration was null
10:24:14.861 [main] DEBUG org.hibernate.query.sqm.function.SqmFunctionRegistry - Registered SqmFunctionTemplate [NamedSqmFunctionTemplate(lag)] under lag; prior registration was null
10:24:14.861 [main] DEBUG org.hibernate.query.sqm.function.SqmFunctionRegistry - Registered SqmFunctionTemplate [NamedSqmFunctionTemplate(lead)] under lead; prior registration was null
10:24:14.861 [main] DEBUG org.hibernate.query.sqm.function.SqmFunctionRegistry - Registered SqmFunctionTemplate [NamedSqmFunctionTemplate(first_value)] under first_value; prior registration was null
10:24:14.861 [main] DEBUG org.hibernate.query.sqm.function.SqmFunctionRegistry - Registered SqmFunctionTemplate [NamedSqmFunctionTemplate(last_value)] under last_value; prior registration was null
10:24:14.861 [main] DEBUG org.hibernate.query.sqm.function.SqmFunctionRegistry - Registered SqmFunctionTemplate [NamedSqmFunctionTemplate(nth_value)] under nth_value; prior registration was null
10:24:14.861 [main] DEBUG org.hibernate.query.sqm.function.SqmFunctionRegistry - Registered SqmFunctionTemplate [org.hibernate.dialect.function.ListaggFunction@2ea9df08] under listagg; prior registration was null
10:24:14.861 [main] DEBUG org.hibernate.query.sqm.function.SqmFunctionRegistry - Registered SqmFunctionTemplate [org.hibernate.dialect.function.InverseDistributionFunction@766c27ea] under mode; prior registration was null
10:24:14.861 [main] DEBUG org.hibernate.query.sqm.function.SqmFunctionRegistry - Registered SqmFunctionTemplate [org.hibernate.dialect.function.InverseDistributionFunction@10740bc0] under percentile_cont; prior registration was null
10:24:14.861 [main] DEBUG org.hibernate.query.sqm.function.SqmFunctionRegistry - Registered SqmFunctionTemplate [org.hibernate.dialect.function.InverseDistributionFunction@64ef15bb] under percentile_disc; prior registration was null
10:24:14.861 [main] DEBUG org.hibernate.query.sqm.function.SqmFunctionRegistry - Registered SqmFunctionTemplate [org.hibernate.dialect.function.HypotheticalSetFunction@45ed7b1] under rank; prior registration was null
10:24:14.861 [main] DEBUG org.hibernate.query.sqm.function.SqmFunctionRegistry - Registered SqmFunctionTemplate [org.hibernate.dialect.function.HypotheticalSetFunction@131ae3a7] under dense_rank; prior registration was null
10:24:14.861 [main] DEBUG org.hibernate.query.sqm.function.SqmFunctionRegistry - Registered SqmFunctionTemplate [org.hibernate.dialect.function.HypotheticalSetFunction@2380d00f] under percent_rank; prior registration was null
10:24:14.861 [main] DEBUG org.hibernate.query.sqm.function.SqmFunctionRegistry - Registered SqmFunctionTemplate [org.hibernate.dialect.function.HypotheticalSetFunction@3fde5b09] under cume_dist; prior registration was null
10:24:14.861 [main] DEBUG org.hibernate.query.sqm.function.SqmFunctionRegistry - Registered SqmFunctionTemplate [org.hibernate.dialect.function.array.ArrayConstructorFunction@4d4fe01c] under array; prior registration was null
10:24:14.861 [main] DEBUG org.hibernate.query.sqm.function.SqmFunctionRegistry - Registered SqmFunctionTemplate [org.hibernate.dialect.function.array.ArrayConstructorFunction@90c35c9] under array_list; prior registration was null
10:24:14.861 [main] DEBUG org.hibernate.query.sqm.function.SqmFunctionRegistry - Registered SqmFunctionTemplate [org.hibernate.dialect.function.array.ArrayAggFunction@2c299c4f] under array_agg; prior registration was null
10:24:14.861 [main] DEBUG org.hibernate.query.sqm.function.SqmFunctionRegistry - Registered SqmFunctionTemplate [org.hibernate.dialect.function.array.H2ArrayPositionFunction@61e28cd0] under array_position; prior registration was null
10:24:14.862 [main] DEBUG org.hibernate.query.sqm.function.SqmFunctionRegistry - Registered SqmFunctionTemplate [org.hibernate.dialect.function.array.H2ArrayPositionsFunction@3b551a37] under array_positions; prior registration was null
10:24:14.862 [main] DEBUG org.hibernate.query.sqm.function.SqmFunctionRegistry - Registered SqmFunctionTemplate [org.hibernate.dialect.function.array.H2ArrayPositionsFunction@2e8fb155] under array_positions_list; prior registration was null
10:24:14.862 [main] DEBUG org.hibernate.query.sqm.function.SqmFunctionRegistry - Registered SqmFunctionTemplate [org.hibernate.query.sqm.function.PatternBasedSqmFunctionDescriptor@3c28b2b] under array_length; prior registration was null
10:24:14.862 [main] DEBUG org.hibernate.query.sqm.function.SqmFunctionRegistry - Registered SqmFunctionTemplate [org.hibernate.dialect.function.array.ArrayConcatFunction@1055adc6] under array_concat; prior registration was null
10:24:14.862 [main] DEBUG org.hibernate.query.sqm.function.SqmFunctionRegistry - Registered SqmFunctionTemplate [org.hibernate.dialect.function.array.ArrayConcatElementFunction@3a96d4a8] under array_prepend; prior registration was null
10:24:14.862 [main] DEBUG org.hibernate.query.sqm.function.SqmFunctionRegistry - Registered SqmFunctionTemplate [org.hibernate.dialect.function.array.ArrayConcatElementFunction@69c0cfb6] under array_append; prior registration was null
10:24:14.862 [main] DEBUG org.hibernate.query.sqm.function.SqmFunctionRegistry - Registered SqmFunctionTemplate [org.hibernate.dialect.function.array.H2ArrayContainsFunction@7e4c8a76] under array_contains; prior registration was null
10:24:14.862 [main] DEBUG org.hibernate.query.sqm.function.SqmFunctionRegistry - Registered SqmFunctionTemplate [org.hibernate.dialect.function.array.H2ArrayContainsFunction@43ca23e4] under array_contains_nullable; prior registration was null
10:24:14.862 [main] DEBUG org.hibernate.query.sqm.function.SqmFunctionRegistry - Registered SqmFunctionTemplate [org.hibernate.dialect.function.array.H2ArrayOverlapsFunction@4f759ca1] under array_overlaps; prior registration was null
10:24:14.862 [main] DEBUG org.hibernate.query.sqm.function.SqmFunctionRegistry - Registered SqmFunctionTemplate [org.hibernate.dialect.function.array.H2ArrayOverlapsFunction@20a75786] under array_overlaps_nullable; prior registration was null
10:24:14.862 [main] DEBUG org.hibernate.query.sqm.function.SqmFunctionRegistry - Registered SqmFunctionTemplate [org.hibernate.query.sqm.function.PatternBasedSqmFunctionDescriptor@3aa276de] under array_get; prior registration was null
10:24:14.862 [main] DEBUG org.hibernate.query.sqm.function.SqmFunctionRegistry - Registered SqmFunctionTemplate [org.hibernate.dialect.function.array.H2ArraySetFunction@28e5a76d] under array_set; prior registration was null
10:24:14.862 [main] DEBUG org.hibernate.query.sqm.function.SqmFunctionRegistry - Registered SqmFunctionTemplate [org.hibernate.dialect.function.array.H2ArrayRemoveFunction@4b96b644] under array_remove; prior registration was null
10:24:14.862 [main] DEBUG org.hibernate.query.sqm.function.SqmFunctionRegistry - Registered SqmFunctionTemplate [org.hibernate.dialect.function.array.H2ArrayRemoveIndexFunction@5197c3d7] under array_remove_index; prior registration was null
10:24:14.862 [main] DEBUG org.hibernate.query.sqm.function.SqmFunctionRegistry - Registered SqmFunctionTemplate [org.hibernate.query.sqm.function.PatternBasedSqmFunctionDescriptor@78aa5bbd] under array_slice; prior registration was null
10:24:14.862 [main] DEBUG org.hibernate.query.sqm.function.SqmFunctionRegistry - Registered SqmFunctionTemplate [org.hibernate.dialect.function.array.H2ArrayReplaceFunction@7df1450a] under array_replace; prior registration was null
10:24:14.862 [main] DEBUG org.hibernate.query.sqm.function.SqmFunctionRegistry - Registered SqmFunctionTemplate [org.hibernate.query.sqm.function.PatternBasedSqmFunctionDescriptor@32be866] under array_trim; prior registration was null
10:24:14.862 [main] DEBUG org.hibernate.query.sqm.function.SqmFunctionRegistry - Registered SqmFunctionTemplate [org.hibernate.dialect.function.array.H2ArrayFillFunction@6c4d1aaf] under array_fill; prior registration was null
10:24:14.862 [main] DEBUG org.hibernate.query.sqm.function.SqmFunctionRegistry - Registered SqmFunctionTemplate [org.hibernate.dialect.function.array.H2ArrayFillFunction@4610c328] under array_fill_list; prior registration was null
10:24:14.862 [main] DEBUG org.hibernate.query.sqm.function.SqmFunctionRegistry - Registered SqmFunctionTemplate [org.hibernate.dialect.function.array.H2ArrayToStringFunction@31be17f5] under array_to_string; prior registration was null
10:24:14.863 [main] DEBUG org.hibernate.HQL_FUNCTIONS - abs(NUMERIC arg)
10:24:14.863 [main] DEBUG org.hibernate.HQL_FUNCTIONS - Double acos(NUMERIC arg)
10:24:14.863 [main] DEBUG org.hibernate.HQL_FUNCTIONS - Boolean any(BOOLEAN predicate)
10:24:14.863 [main] DEBUG org.hibernate.HQL_FUNCTIONS - array( ... )
10:24:14.863 [main] DEBUG org.hibernate.HQL_FUNCTIONS - array_agg(arg)
10:24:14.863 [main] DEBUG org.hibernate.HQL_FUNCTIONS - array_append( ... )
10:24:14.863 [main] DEBUG org.hibernate.HQL_FUNCTIONS - array_concat( ... )
10:24:14.863 [main] DEBUG org.hibernate.HQL_FUNCTIONS - Boolean array_contains(ARRAY haystackArray, OBJECT needleElementOrArray)
10:24:14.863 [main] DEBUG org.hibernate.HQL_FUNCTIONS - Boolean array_contains_nullable(ARRAY haystackArray, OBJECT needleElementOrArray)
10:24:14.863 [main] DEBUG org.hibernate.HQL_FUNCTIONS - array_fill(OBJECT element, INTEGER elementCount)
10:24:14.863 [main] DEBUG org.hibernate.HQL_FUNCTIONS - array_fill_list(OBJECT element, INTEGER elementCount)
10:24:14.863 [main] DEBUG org.hibernate.HQL_FUNCTIONS - array_get(ARRAY array, INTEGER index)
10:24:14.863 [main] DEBUG org.hibernate.HQL_FUNCTIONS - Integer array_length(ARRAY array)
10:24:14.863 [main] DEBUG org.hibernate.HQL_FUNCTIONS - array_list( ... )
10:24:14.863 [main] DEBUG org.hibernate.HQL_FUNCTIONS - Boolean array_overlaps(ARRAY array0, OBJECT array1)
10:24:14.863 [main] DEBUG org.hibernate.HQL_FUNCTIONS - Boolean array_overlaps_nullable(ARRAY array0, OBJECT array1)
10:24:14.863 [main] DEBUG org.hibernate.HQL_FUNCTIONS - Integer array_position(ARRAY array, OBJECT element[, INTEGER startPosition])
10:24:14.863 [main] DEBUG org.hibernate.HQL_FUNCTIONS - int[] array_positions(ARRAY array, OBJECT element)
10:24:14.863 [main] DEBUG org.hibernate.HQL_FUNCTIONS - List array_positions_list(ARRAY array, OBJECT element)
10:24:14.863 [main] DEBUG org.hibernate.HQL_FUNCTIONS - array_prepend( ... )
10:24:14.863 [main] DEBUG org.hibernate.HQL_FUNCTIONS - array_remove( ... )
10:24:14.863 [main] DEBUG org.hibernate.HQL_FUNCTIONS - array_remove_index( ... )
10:24:14.863 [main] DEBUG org.hibernate.HQL_FUNCTIONS - array_replace( ... )
10:24:14.863 [main] DEBUG org.hibernate.HQL_FUNCTIONS - array_set( ... )
10:24:14.863 [main] DEBUG org.hibernate.HQL_FUNCTIONS - array_slice(ARRAY array, INTEGER start, INTEGER end)
10:24:14.863 [main] DEBUG org.hibernate.HQL_FUNCTIONS - String array_to_string( ... )
10:24:14.863 [main] DEBUG org.hibernate.HQL_FUNCTIONS - array_trim(ARRAY array, INTEGER elementsToRemove)
10:24:14.863 [main] DEBUG org.hibernate.HQL_FUNCTIONS - Integer ascii(STRING arg)
10:24:14.863 [main] DEBUG org.hibernate.HQL_FUNCTIONS - Double asin(NUMERIC arg)
10:24:14.863 [main] DEBUG org.hibernate.HQL_FUNCTIONS - Double atan(NUMERIC arg)
10:24:14.863 [main] DEBUG org.hibernate.HQL_FUNCTIONS - Double atan2(NUMERIC arg0, NUMERIC arg1)
10:24:14.863 [main] DEBUG org.hibernate.HQL_FUNCTIONS - avg(NUMERIC arg)
10:24:14.863 [main] DEBUG org.hibernate.HQL_FUNCTIONS - bit_and(arg)
10:24:14.863 [main] DEBUG org.hibernate.HQL_FUNCTIONS - Integer bit_length(STRING_OR_CLOB arg)
10:24:14.863 [main] DEBUG org.hibernate.HQL_FUNCTIONS - bit_or(arg)
10:24:14.863 [main] DEBUG org.hibernate.HQL_FUNCTIONS - bitand(arg0, arg1)
10:24:14.863 [main] DEBUG org.hibernate.HQL_FUNCTIONS - bitnot(arg)
10:24:14.863 [main] DEBUG org.hibernate.HQL_FUNCTIONS - bitor(arg0, arg1)
10:24:14.863 [main] DEBUG org.hibernate.HQL_FUNCTIONS - bitxor(arg0, arg1)
10:24:14.863 [main] DEBUG org.hibernate.HQL_FUNCTIONS - Boolean bool_and(BOOLEAN predicate)
10:24:14.863 [main] DEBUG org.hibernate.HQL_FUNCTIONS - Boolean bool_or(BOOLEAN predicate)
10:24:14.863 [main] DEBUG org.hibernate.HQL_FUNCTIONS - cast(arg as Type)
10:24:14.863 [main] DEBUG org.hibernate.HQL_FUNCTIONS - ceiling(NUMERIC arg)
10:24:14.863 [main] DEBUG org.hibernate.HQL_FUNCTIONS - Character char(INTEGER arg)
10:24:14.863 [main] DEBUG org.hibernate.HQL_FUNCTIONS - Integer character_length(STRING_OR_CLOB arg)
10:24:14.863 [main] DEBUG org.hibernate.HQL_FUNCTIONS - Character chr(INTEGER arg)
10:24:14.863 [main] DEBUG org.hibernate.HQL_FUNCTIONS - coalesce(arg0[, arg1[, ...]])
10:24:14.863 [main] DEBUG org.hibernate.HQL_FUNCTIONS - String collate(STRING string as COLLATION collation)
10:24:14.863 [main] DEBUG org.hibernate.HQL_FUNCTIONS - String concat(STRING string0[, STRING string1[, ...]])
10:24:14.863 [main] DEBUG org.hibernate.HQL_FUNCTIONS - Double cos(NUMERIC arg)
10:24:14.863 [main] DEBUG org.hibernate.HQL_FUNCTIONS - Double cosh(NUMERIC arg)
10:24:14.863 [main] DEBUG org.hibernate.HQL_FUNCTIONS - Double cot(NUMERIC arg)
10:24:14.863 [main] DEBUG org.hibernate.HQL_FUNCTIONS - Long count([distinct ]{arg|*})
10:24:14.863 [main] DEBUG org.hibernate.HQL_FUNCTIONS - Double cume_dist([arg0[, ...]])
10:24:14.863 [main] DEBUG org.hibernate.HQL_FUNCTIONS - Date curdate()
10:24:14.863 [main] DEBUG org.hibernate.HQL_FUNCTIONS - Date current date
10:24:14.863 [main] DEBUG org.hibernate.HQL_FUNCTIONS - Time current time
10:24:14.863 [main] DEBUG org.hibernate.HQL_FUNCTIONS - Timestamp current timestamp
10:24:14.863 [main] DEBUG org.hibernate.HQL_FUNCTIONS - Date current_date
10:24:14.863 [main] DEBUG org.hibernate.HQL_FUNCTIONS - Instant current_instant
10:24:14.863 [main] DEBUG org.hibernate.HQL_FUNCTIONS - Time current_time
10:24:14.863 [main] DEBUG org.hibernate.HQL_FUNCTIONS - Timestamp current_timestamp
10:24:14.863 [main] DEBUG org.hibernate.HQL_FUNCTIONS - Time curtime()
10:24:14.863 [main] DEBUG org.hibernate.HQL_FUNCTIONS - date_trunc(STRING field, TEMPORAL datetime)
10:24:14.863 [main] DEBUG org.hibernate.HQL_FUNCTIONS - dateadd(TEMPORAL_UNIT field, INTEGER magnitude, TEMPORAL datetime)
10:24:14.863 [main] DEBUG org.hibernate.HQL_FUNCTIONS - Long|Double datediff(TEMPORAL_UNIT field, TEMPORAL start, TEMPORAL end)
10:24:14.863 [main] DEBUG org.hibernate.HQL_FUNCTIONS - Integer day(DATE arg)
10:24:14.863 [main] DEBUG org.hibernate.HQL_FUNCTIONS - Integer day_of_month(DATE arg)
10:24:14.863 [main] DEBUG org.hibernate.HQL_FUNCTIONS - Integer day_of_week(DATE arg)
10:24:14.863 [main] DEBUG org.hibernate.HQL_FUNCTIONS - Integer day_of_year(DATE arg)
10:24:14.863 [main] DEBUG org.hibernate.HQL_FUNCTIONS - String dayname(DATE arg)
10:24:14.863 [main] DEBUG org.hibernate.HQL_FUNCTIONS - Double degrees(NUMERIC arg)
10:24:14.863 [main] DEBUG org.hibernate.HQL_FUNCTIONS - Long dense_rank([arg0[, ...]])
10:24:14.863 [main] DEBUG org.hibernate.HQL_FUNCTIONS - Boolean every(BOOLEAN predicate)
10:24:14.863 [main] DEBUG org.hibernate.HQL_FUNCTIONS - Double exp(NUMERIC arg)
10:24:14.863 [main] DEBUG org.hibernate.HQL_FUNCTIONS - extract(TEMPORAL_UNIT field from TEMPORAL arg)
10:24:14.863 [main] DEBUG org.hibernate.HQL_FUNCTIONS - first_valueANY value
10:24:14.863 [main] DEBUG org.hibernate.HQL_FUNCTIONS - floor(NUMERIC arg)
10:24:14.863 [main] DEBUG org.hibernate.HQL_FUNCTIONS - String format(TEMPORAL datetime as STRING pattern)
10:24:14.863 [main] DEBUG org.hibernate.HQL_FUNCTIONS - greatest(COMPARABLE arg0, COMPARABLE arg1[, arg2[, ...]])
10:24:14.864 [main] DEBUG org.hibernate.HQL_FUNCTIONS - Integer hour(TIME arg)
10:24:14.864 [main] DEBUG org.hibernate.HQL_FUNCTIONS - ifnull(arg0, arg1)
10:24:14.864 [main] DEBUG org.hibernate.HQL_FUNCTIONS - String insert(STRING string, INTEGER start, INTEGER length, STRING replacement)
10:24:14.864 [main] DEBUG org.hibernate.HQL_FUNCTIONS - Instant instant
10:24:14.864 [main] DEBUG org.hibernate.HQL_FUNCTIONS - Integer instr(STRING string, STRING pattern[, INTEGER start[, INTEGER occurrence]])
10:24:14.864 [main] DEBUG org.hibernate.HQL_FUNCTIONS - lagANY value[, INTEGER offset[, ANY default]]
10:24:14.864 [main] DEBUG org.hibernate.HQL_FUNCTIONS - last_valueANY value
10:24:14.864 [main] DEBUG org.hibernate.HQL_FUNCTIONS - leadANY value[, INTEGER offset[, ANY default]]
10:24:14.864 [main] DEBUG org.hibernate.HQL_FUNCTIONS - least(COMPARABLE arg0, COMPARABLE arg1[, arg2[, ...]])
10:24:14.864 [main] DEBUG org.hibernate.HQL_FUNCTIONS - String left(STRING string, INTEGER length)
10:24:14.864 [main] DEBUG org.hibernate.HQL_FUNCTIONS - Integer length(STRING_OR_CLOB arg)
10:24:14.864 [main] DEBUG org.hibernate.HQL_FUNCTIONS - String listagg(STRING arg0, STRING arg1)
10:24:14.864 [main] DEBUG org.hibernate.HQL_FUNCTIONS - Double ln(NUMERIC arg)
10:24:14.864 [main] DEBUG org.hibernate.HQL_FUNCTIONS - LocalDate local date
10:24:14.864 [main] DEBUG org.hibernate.HQL_FUNCTIONS - LocalDateTime local datetime
10:24:14.864 [main] DEBUG org.hibernate.HQL_FUNCTIONS - LocalTime local time
10:24:14.864 [main] DEBUG org.hibernate.HQL_FUNCTIONS - LocalDate local_date
10:24:14.864 [main] DEBUG org.hibernate.HQL_FUNCTIONS - LocalDateTime local_datetime
10:24:14.864 [main] DEBUG org.hibernate.HQL_FUNCTIONS - LocalTime local_time
10:24:14.864 [main] DEBUG org.hibernate.HQL_FUNCTIONS - Time localtime
10:24:14.864 [main] DEBUG org.hibernate.HQL_FUNCTIONS - Timestamp localtimestamp
10:24:14.864 [main] DEBUG org.hibernate.HQL_FUNCTIONS - Integer locate(STRING pattern, STRING string[, INTEGER start])
10:24:14.864 [main] DEBUG org.hibernate.HQL_FUNCTIONS - Double log(NUMERIC base, NUMERIC arg)
10:24:14.864 [main] DEBUG org.hibernate.HQL_FUNCTIONS - Double log10(NUMERIC arg)
10:24:14.864 [main] DEBUG org.hibernate.HQL_FUNCTIONS - String lower(STRING string)
10:24:14.864 [main] DEBUG org.hibernate.HQL_FUNCTIONS - String lpad(STRING string, INTEGER length[, STRING padding])
10:24:14.864 [main] DEBUG org.hibernate.HQL_FUNCTIONS - String ltrim(STRING string)
10:24:14.864 [main] DEBUG org.hibernate.HQL_FUNCTIONS - max(COMPARABLE arg)
10:24:14.864 [main] DEBUG org.hibernate.HQL_FUNCTIONS - Double median(NUMERIC arg)
10:24:14.864 [main] DEBUG org.hibernate.HQL_FUNCTIONS - Integer microsecond(TIME arg)
10:24:14.864 [main] DEBUG org.hibernate.HQL_FUNCTIONS - min(COMPARABLE arg)
10:24:14.864 [main] DEBUG org.hibernate.HQL_FUNCTIONS - Integer minute(TIME arg)
10:24:14.864 [main] DEBUG org.hibernate.HQL_FUNCTIONS - Integer mod(INTEGER arg0, INTEGER arg1)
10:24:14.864 [main] DEBUG org.hibernate.HQL_FUNCTIONS - mode()
10:24:14.864 [main] DEBUG org.hibernate.HQL_FUNCTIONS - Integer month(DATE arg)
10:24:14.864 [main] DEBUG org.hibernate.HQL_FUNCTIONS - String monthname(DATE arg)
10:24:14.864 [main] DEBUG org.hibernate.HQL_FUNCTIONS - Timestamp now()
10:24:14.864 [main] DEBUG org.hibernate.HQL_FUNCTIONS - nth_valueANY value, INTEGER nth
10:24:14.864 [main] DEBUG org.hibernate.HQL_FUNCTIONS - nullif(arg0, arg1)
10:24:14.864 [main] DEBUG org.hibernate.HQL_FUNCTIONS - Integer octet_length(STRING_OR_CLOB arg)
10:24:14.864 [main] DEBUG org.hibernate.HQL_FUNCTIONS - OffsetDateTime offset datetime
10:24:14.864 [main] DEBUG org.hibernate.HQL_FUNCTIONS - OffsetDateTime offset_datetime
10:24:14.864 [main] DEBUG org.hibernate.HQL_FUNCTIONS - String overlay(STRING string placing STRING replacement from INTEGER start[ for INTEGER length])
10:24:14.864 [main] DEBUG org.hibernate.HQL_FUNCTIONS - String pad(STRING string with INTEGER length {leading|trailing}[ STRING character])
10:24:14.864 [main] DEBUG org.hibernate.HQL_FUNCTIONS - Double percent_rank([arg0[, ...]])
10:24:14.864 [main] DEBUG org.hibernate.HQL_FUNCTIONS - percentile_cont(NUMERIC arg)
10:24:14.864 [main] DEBUG org.hibernate.HQL_FUNCTIONS - percentile_disc(NUMERIC arg)
10:24:14.864 [main] DEBUG org.hibernate.HQL_FUNCTIONS - Double pi
10:24:14.864 [main] DEBUG org.hibernate.HQL_FUNCTIONS - Integer position(STRING pattern in STRING string)
10:24:14.864 [main] DEBUG org.hibernate.HQL_FUNCTIONS - Double power(NUMERIC arg0, NUMERIC arg1)
10:24:14.864 [main] DEBUG org.hibernate.HQL_FUNCTIONS - Integer quarter(DATE arg)
10:24:14.864 [main] DEBUG org.hibernate.HQL_FUNCTIONS - Double radians(NUMERIC arg)
10:24:14.864 [main] DEBUG org.hibernate.HQL_FUNCTIONS - Double rand([INTEGER seed])
10:24:14.864 [main] DEBUG org.hibernate.HQL_FUNCTIONS - Long rank([arg0[, ...]])
10:24:14.864 [main] DEBUG org.hibernate.HQL_FUNCTIONS - String repeat(STRING string, INTEGER times)
10:24:14.864 [main] DEBUG org.hibernate.HQL_FUNCTIONS - String replace(STRING string, STRING pattern, STRING replacement)
10:24:14.864 [main] DEBUG org.hibernate.HQL_FUNCTIONS - String right(STRING string, INTEGER length)
10:24:14.864 [main] DEBUG org.hibernate.HQL_FUNCTIONS - round(NUMERIC number[, INTEGER places])
10:24:14.864 [main] DEBUG org.hibernate.HQL_FUNCTIONS - Long row_number()
10:24:14.864 [main] DEBUG org.hibernate.HQL_FUNCTIONS - Long rownum()
10:24:14.864 [main] DEBUG org.hibernate.HQL_FUNCTIONS - String rpad(STRING string, INTEGER length[, STRING padding])
10:24:14.864 [main] DEBUG org.hibernate.HQL_FUNCTIONS - String rtrim(STRING string)
10:24:14.864 [main] DEBUG org.hibernate.HQL_FUNCTIONS - Integer second(TIME arg)
10:24:14.864 [main] DEBUG org.hibernate.HQL_FUNCTIONS - Integer sign(NUMERIC arg)
10:24:14.864 [main] DEBUG org.hibernate.HQL_FUNCTIONS - Double sin(NUMERIC arg)
10:24:14.864 [main] DEBUG org.hibernate.HQL_FUNCTIONS - Double sinh(NUMERIC arg)
10:24:14.864 [main] DEBUG org.hibernate.HQL_FUNCTIONS - String soundex(arg)
10:24:14.864 [main] DEBUG org.hibernate.HQL_FUNCTIONS - String space(INTEGER arg)
10:24:14.864 [main] DEBUG org.hibernate.HQL_FUNCTIONS - Object sql
10:24:14.864 [main] DEBUG org.hibernate.HQL_FUNCTIONS - Double sqrt(NUMERIC arg)
10:24:14.864 [main] DEBUG org.hibernate.HQL_FUNCTIONS - Double stddev_pop(NUMERIC arg)
10:24:14.864 [main] DEBUG org.hibernate.HQL_FUNCTIONS - Double stddev_samp(NUMERIC arg)
10:24:14.864 [main] DEBUG org.hibernate.HQL_FUNCTIONS - String str(arg)
10:24:14.864 [main] DEBUG org.hibernate.HQL_FUNCTIONS - String substr(STRING string, INTEGER start[, INTEGER length])
10:24:14.864 [main] DEBUG org.hibernate.HQL_FUNCTIONS - String substring(STRING string{ from|,} INTEGER start[{ for|,} INTEGER length])
10:24:14.864 [main] DEBUG org.hibernate.HQL_FUNCTIONS - sum(arg)
10:24:14.864 [main] DEBUG org.hibernate.HQL_FUNCTIONS - Timestamp sysdate
10:24:14.864 [main] DEBUG org.hibernate.HQL_FUNCTIONS - Double tan(NUMERIC arg)
10:24:14.864 [main] DEBUG org.hibernate.HQL_FUNCTIONS - Double tanh(NUMERIC arg)
10:24:14.864 [main] DEBUG org.hibernate.HQL_FUNCTIONS - timestampadd(TEMPORAL_UNIT field, INTEGER magnitude, TEMPORAL datetime)
10:24:14.864 [main] DEBUG org.hibernate.HQL_FUNCTIONS - Long|Double timestampdiff(TEMPORAL_UNIT field, TEMPORAL start, TEMPORAL end)
10:24:14.864 [main] DEBUG org.hibernate.HQL_FUNCTIONS - String translate(STRING arg0, STRING arg1, STRING arg2)
10:24:14.864 [main] DEBUG org.hibernate.HQL_FUNCTIONS - String trim([[{leading|trailing|both} ][STRING arg0 ]from] STRING arg1)
10:24:14.864 [main] DEBUG org.hibernate.HQL_FUNCTIONS - trunc( ... )
10:24:14.864 [main] DEBUG org.hibernate.HQL_FUNCTIONS - truncate( ... )
10:24:14.864 [main] DEBUG org.hibernate.HQL_FUNCTIONS - String upper(STRING string)
10:24:14.864 [main] DEBUG org.hibernate.HQL_FUNCTIONS - Double var_pop(NUMERIC arg)
10:24:14.864 [main] DEBUG org.hibernate.HQL_FUNCTIONS - Double var_samp(NUMERIC arg)
10:24:14.864 [main] DEBUG org.hibernate.HQL_FUNCTIONS - Integer week(DATE arg)
10:24:14.864 [main] DEBUG org.hibernate.HQL_FUNCTIONS - Integer year(DATE arg)
10:24:14.864 [main] DEBUG org.hibernate.orm.query.plan.cache - Starting QueryInterpretationCache(2048)
10:24:14.865 [main] DEBUG org.hibernate.service.internal.SessionFactoryServiceRegistryImpl - EventListenerRegistry access via ServiceRegistry is deprecated.  Use `sessionFactory.getEventEngine().getListenerRegistry()` instead
10:24:14.865 [main] DEBUG org.hibernate.event.internal.EntityCopyObserverFactoryInitiator - Configured EntityCopyObserver strategy: disallow
10:24:14.866 [main] DEBUG org.hibernate.boot.internal.ClassLoaderAccessImpl - Not known whether passed class name [org.frcpm.models.Attendance] is safe
10:24:14.866 [main] DEBUG org.hibernate.boot.internal.ClassLoaderAccessImpl - No temp ClassLoader provided; using live ClassLoader for loading potentially unsafe class : org.frcpm.models.Attendance
10:24:14.871 [main] DEBUG org.hibernate.bytecode.internal.bytebuddy.BytecodeProviderImpl - HHH000513: Unable to create the ReflectionOptimizer for [org.frcpm.models.Attendance]: private accessor [arrivalTime]
10:24:14.871 [main] DEBUG org.hibernate.boot.internal.ClassLoaderAccessImpl - Not known whether passed class name [org.frcpm.models.Meeting] is safe
10:24:14.871 [main] DEBUG org.hibernate.boot.internal.ClassLoaderAccessImpl - No temp ClassLoader provided; using live ClassLoader for loading potentially unsafe class : org.frcpm.models.Meeting
10:24:14.876 [main] DEBUG org.hibernate.bytecode.internal.bytebuddy.BytecodeProviderImpl - HHH000513: Unable to create the ReflectionOptimizer for [org.frcpm.models.Meeting]: private accessor [attendances]
10:24:14.877 [main] DEBUG org.hibernate.boot.internal.ClassLoaderAccessImpl - Not known whether passed class name [org.frcpm.models.Subsystem] is safe
10:24:14.877 [main] DEBUG org.hibernate.boot.internal.ClassLoaderAccessImpl - No temp ClassLoader provided; using live ClassLoader for loading potentially unsafe class : org.frcpm.models.Subsystem
10:24:14.885 [main] DEBUG org.hibernate.bytecode.internal.bytebuddy.BytecodeProviderImpl - HHH000513: Unable to create the ReflectionOptimizer for [org.frcpm.models.Subsystem]: private accessor [description]
10:24:14.886 [main] DEBUG org.hibernate.boot.internal.ClassLoaderAccessImpl - Not known whether passed class name [org.frcpm.models.Component] is safe
10:24:14.886 [main] DEBUG org.hibernate.boot.internal.ClassLoaderAccessImpl - No temp ClassLoader provided; using live ClassLoader for loading potentially unsafe class : org.frcpm.models.Component
10:24:14.891 [main] DEBUG org.hibernate.bytecode.internal.bytebuddy.BytecodeProviderImpl - HHH000513: Unable to create the ReflectionOptimizer for [org.frcpm.models.Component]: private accessor [actualDelivery]
10:24:14.892 [main] DEBUG org.hibernate.boot.internal.ClassLoaderAccessImpl - Not known whether passed class name [org.frcpm.models.Milestone] is safe
10:24:14.892 [main] DEBUG org.hibernate.boot.internal.ClassLoaderAccessImpl - No temp ClassLoader provided; using live ClassLoader for loading potentially unsafe class : org.frcpm.models.Milestone
10:24:14.900 [main] DEBUG org.hibernate.bytecode.internal.bytebuddy.BytecodeProviderImpl - HHH000513: Unable to create the ReflectionOptimizer for [org.frcpm.models.Milestone]: private accessor [date]
10:24:14.900 [main] DEBUG org.hibernate.boot.internal.ClassLoaderAccessImpl - Not known whether passed class name [org.frcpm.models.Project] is safe
10:24:14.900 [main] DEBUG org.hibernate.boot.internal.ClassLoaderAccessImpl - No temp ClassLoader provided; using live ClassLoader for loading potentially unsafe class : org.frcpm.models.Project
10:24:14.906 [main] DEBUG org.hibernate.bytecode.internal.bytebuddy.BytecodeProviderImpl - HHH000513: Unable to create the ReflectionOptimizer for [org.frcpm.models.Project]: private accessor [description]
10:24:14.907 [main] DEBUG org.hibernate.boot.internal.ClassLoaderAccessImpl - Not known whether passed class name [org.frcpm.models.Subteam] is safe
10:24:14.907 [main] DEBUG org.hibernate.boot.internal.ClassLoaderAccessImpl - No temp ClassLoader provided; using live ClassLoader for loading potentially unsafe class : org.frcpm.models.Subteam
10:24:14.911 [FRC-PM-HikariCP housekeeper] DEBUG com.zaxxer.hikari.pool.HikariPool - FRC-PM-HikariCP - Before cleanup stats (total=1, active=0, idle=1, waiting=0)
10:24:14.911 [FRC-PM-HikariCP housekeeper] DEBUG com.zaxxer.hikari.pool.HikariPool - FRC-PM-HikariCP - After cleanup  stats (total=1, active=0, idle=1, waiting=0)
10:24:14.917 [FRC-PM-HikariCP connection adder] DEBUG com.zaxxer.hikari.pool.HikariPool - FRC-PM-HikariCP - Added connection conn15: url=jdbc:h2:file:C:\Users\dhiebert\.frcpm\frcpm user=SA
10:24:14.920 [main] DEBUG org.hibernate.bytecode.internal.bytebuddy.BytecodeProviderImpl - HHH000513: Unable to create the ReflectionOptimizer for [org.frcpm.models.Subteam]: private accessor [colorCode]
10:24:14.920 [main] DEBUG org.hibernate.boot.internal.ClassLoaderAccessImpl - Not known whether passed class name [org.frcpm.models.Task] is safe
10:24:14.920 [main] DEBUG org.hibernate.boot.internal.ClassLoaderAccessImpl - No temp ClassLoader provided; using live ClassLoader for loading potentially unsafe class : org.frcpm.models.Task
10:24:14.928 [main] DEBUG org.hibernate.bytecode.internal.bytebuddy.BytecodeProviderImpl - HHH000513: Unable to create the ReflectionOptimizer for [org.frcpm.models.Task]: private accessor [actualDurationSeconds]
10:24:14.929 [main] DEBUG org.hibernate.boot.internal.ClassLoaderAccessImpl - Not known whether passed class name [org.frcpm.models.TeamMember] is safe
10:24:14.929 [main] DEBUG org.hibernate.boot.internal.ClassLoaderAccessImpl - No temp ClassLoader provided; using live ClassLoader for loading potentially unsafe class : org.frcpm.models.TeamMember
10:24:14.938 [main] DEBUG org.hibernate.bytecode.internal.bytebuddy.BytecodeProviderImpl - HHH000513: Unable to create the ReflectionOptimizer for [org.frcpm.models.TeamMember]: private accessor [assignedTasks]
10:24:14.939 [main] DEBUG org.hibernate.orm.jdbc.mutation - Skipping collection row updates - org.frcpm.models.Task.assignedTo
10:24:14.939 [main] DEBUG org.hibernate.orm.jdbc.mutation - Skipping collection (re)creation - org.frcpm.models.Subsystem.tasks
10:24:14.939 [main] DEBUG org.hibernate.orm.jdbc.mutation - Skipping collection row deletions - org.frcpm.models.Subsystem.tasks
10:24:14.939 [main] DEBUG org.hibernate.orm.jdbc.mutation - Skipping collection removals - org.frcpm.models.Subsystem.tasks
10:24:14.939 [main] DEBUG org.hibernate.orm.jdbc.mutation - Skipping collection (re)creation - org.frcpm.models.Subteam.members
10:24:14.939 [main] DEBUG org.hibernate.orm.jdbc.mutation - Skipping collection row deletions - org.frcpm.models.Subteam.members
10:24:14.939 [main] DEBUG org.hibernate.orm.jdbc.mutation - Skipping collection removals - org.frcpm.models.Subteam.members
10:24:14.939 [main] DEBUG org.hibernate.orm.jdbc.mutation - Skipping collection (re)creation - org.frcpm.models.TeamMember.attendances
10:24:14.939 [main] DEBUG org.hibernate.orm.jdbc.mutation - Skipping collection row deletions - org.frcpm.models.TeamMember.attendances
10:24:14.939 [main] DEBUG org.hibernate.orm.jdbc.mutation - Skipping collection removals - org.frcpm.models.TeamMember.attendances
10:24:14.939 [main] DEBUG org.hibernate.orm.jdbc.mutation - Skipping collection row updates - org.frcpm.models.Task.requiredComponents
10:24:14.939 [main] DEBUG org.hibernate.orm.jdbc.mutation - Skipping collection (re)creation - org.frcpm.models.Subteam.subsystems
10:24:14.939 [main] DEBUG org.hibernate.orm.jdbc.mutation - Skipping collection row deletions - org.frcpm.models.Subteam.subsystems
10:24:14.939 [main] DEBUG org.hibernate.orm.jdbc.mutation - Skipping collection removals - org.frcpm.models.Subteam.subsystems
10:24:14.939 [main] DEBUG org.hibernate.orm.jdbc.mutation - Skipping collection row updates - org.frcpm.models.Task.preDependencies
10:24:14.939 [main] DEBUG org.hibernate.orm.jdbc.mutation - Skipping collection (re)creation - org.frcpm.models.Project.milestones
10:24:14.939 [main] DEBUG org.hibernate.orm.jdbc.mutation - Skipping collection row deletions - org.frcpm.models.Project.milestones
10:24:14.939 [main] DEBUG org.hibernate.orm.jdbc.mutation - Skipping collection removals - org.frcpm.models.Project.milestones
10:24:14.939 [main] DEBUG org.hibernate.orm.jdbc.mutation - Skipping collection inserts - org.frcpm.models.Component.requiredForTasks
10:24:14.939 [main] DEBUG org.hibernate.orm.jdbc.mutation - Skipping collection row updates - org.frcpm.models.Component.requiredForTasks
10:24:14.939 [main] DEBUG org.hibernate.orm.jdbc.mutation - Skipping collection row deletions - org.frcpm.models.Component.requiredForTasks
10:24:14.939 [main] DEBUG org.hibernate.orm.jdbc.mutation - Skipping collection removals - org.frcpm.models.Component.requiredForTasks
10:24:14.939 [main] DEBUG org.hibernate.orm.jdbc.mutation - Skipping collection (re)creation - org.frcpm.models.Project.meetings
10:24:14.939 [main] DEBUG org.hibernate.orm.jdbc.mutation - Skipping collection row deletions - org.frcpm.models.Project.meetings
10:24:14.939 [main] DEBUG org.hibernate.orm.jdbc.mutation - Skipping collection removals - org.frcpm.models.Project.meetings
10:24:14.939 [main] DEBUG org.hibernate.orm.jdbc.mutation - Skipping collection inserts - org.frcpm.models.TeamMember.assignedTasks
10:24:14.939 [main] DEBUG org.hibernate.orm.jdbc.mutation - Skipping collection row updates - org.frcpm.models.TeamMember.assignedTasks
10:24:14.939 [main] DEBUG org.hibernate.orm.jdbc.mutation - Skipping collection row deletions - org.frcpm.models.TeamMember.assignedTasks
10:24:14.939 [main] DEBUG org.hibernate.orm.jdbc.mutation - Skipping collection removals - org.frcpm.models.TeamMember.assignedTasks
10:24:14.939 [main] DEBUG org.hibernate.orm.jdbc.mutation - Skipping collection (re)creation - org.frcpm.models.Meeting.attendances
10:24:14.939 [main] DEBUG org.hibernate.orm.jdbc.mutation - Skipping collection row deletions - org.frcpm.models.Meeting.attendances
10:24:14.940 [main] DEBUG org.hibernate.orm.jdbc.mutation - Skipping collection removals - org.frcpm.models.Meeting.attendances
10:24:14.940 [main] DEBUG org.hibernate.orm.jdbc.mutation - Skipping collection inserts - org.frcpm.models.Task.postDependencies
10:24:14.940 [main] DEBUG org.hibernate.orm.jdbc.mutation - Skipping collection row updates - org.frcpm.models.Task.postDependencies
10:24:14.940 [main] DEBUG org.hibernate.orm.jdbc.mutation - Skipping collection row deletions - org.frcpm.models.Task.postDependencies
10:24:14.940 [main] DEBUG org.hibernate.orm.jdbc.mutation - Skipping collection removals - org.frcpm.models.Task.postDependencies
10:24:14.940 [main] DEBUG org.hibernate.orm.jdbc.mutation - Skipping collection (re)creation - org.frcpm.models.Project.tasks
10:24:14.940 [main] DEBUG org.hibernate.orm.jdbc.mutation - Skipping collection row deletions - org.frcpm.models.Project.tasks
10:24:14.940 [main] DEBUG org.hibernate.orm.jdbc.mutation - Skipping collection removals - org.frcpm.models.Project.tasks
10:24:14.941 [main] DEBUG org.hibernate.orm.model.mapping.creation - Starting post-init callbacks
10:24:14.941 [main] DEBUG org.hibernate.orm.model.mapping.creation - Starting PostInitCallbackEntry : To-one key - NavigableRole[org.frcpm.models.Attendance.meeting]
10:24:14.941 [main] DEBUG org.hibernate.orm.model.mapping.creation - Starting PostInitCallbackEntry : To-one key - NavigableRole[org.frcpm.models.Attendance.member]
10:24:14.941 [main] DEBUG org.hibernate.orm.model.mapping.creation - Starting PostInitCallbackEntry : Entity(org.frcpm.models.Attendance) `staticFetchableList` generator
10:24:14.942 [main] DEBUG org.hibernate.orm.model.mapping.creation - Starting PostInitCallbackEntry : PluralAttributeMapping( NavigableRole[org.frcpm.models.Meeting.attendances#{element}]) - element descriptor
10:24:14.942 [main] DEBUG org.hibernate.orm.model.mapping.creation - Starting PostInitCallbackEntry : PluralAttributeMapping(org.frcpm.models.Meeting.attendances)#finishInitialization
10:24:14.942 [main] DEBUG org.hibernate.orm.model.mapping.creation - Starting PostInitCallbackEntry : PluralAttributeMapping(org.frcpm.models.Meeting.attendances) - key descriptor
10:24:14.942 [main] DEBUG org.hibernate.orm.model.mapping.creation - Starting PostInitCallbackEntry : To-one key - NavigableRole[org.frcpm.models.Meeting.project]
10:24:14.942 [main] DEBUG org.hibernate.orm.model.mapping.creation - Starting PostInitCallbackEntry : Entity(org.frcpm.models.Meeting) `staticFetchableList` generator
10:24:14.942 [main] DEBUG org.hibernate.orm.model.mapping.creation - Starting PostInitCallbackEntry : To-one key - NavigableRole[org.frcpm.models.Subsystem.responsibleSubteam]
10:24:14.942 [main] DEBUG org.hibernate.orm.model.mapping.creation - Starting PostInitCallbackEntry : PluralAttributeMapping( NavigableRole[org.frcpm.models.Subsystem.tasks#{element}]) - element descriptor
10:24:14.942 [main] DEBUG org.hibernate.orm.model.mapping.creation - Starting PostInitCallbackEntry : PluralAttributeMapping(org.frcpm.models.Subsystem.tasks)#finishInitialization
10:24:14.942 [main] DEBUG org.hibernate.orm.model.mapping.creation - Starting PostInitCallbackEntry : PluralAttributeMapping(org.frcpm.models.Subsystem.tasks) - key descriptor
10:24:14.942 [main] DEBUG org.hibernate.orm.model.mapping.creation - Starting PostInitCallbackEntry : Entity(org.frcpm.models.Subsystem) `staticFetchableList` generator
10:24:14.942 [main] DEBUG org.hibernate.orm.model.mapping.creation - Starting PostInitCallbackEntry : PluralAttributeMapping( NavigableRole[org.frcpm.models.Component.requiredForTasks#{element}]) - element descriptor
10:24:14.942 [main] DEBUG org.hibernate.orm.model.mapping.creation - Starting PostInitCallbackEntry : PluralAttributeMapping(org.frcpm.models.Component.requiredForTasks)#finishInitialization
10:24:14.942 [main] DEBUG org.hibernate.orm.model.mapping.creation - Starting PostInitCallbackEntry : PluralAttributeMapping(org.frcpm.models.Component.requiredForTasks) - key descriptor
10:24:14.942 [main] DEBUG org.hibernate.orm.model.mapping.creation - Starting PostInitCallbackEntry : Entity(org.frcpm.models.Component) `staticFetchableList` generator
10:24:14.942 [main] DEBUG org.hibernate.orm.model.mapping.creation - Starting PostInitCallbackEntry : To-one key - NavigableRole[org.frcpm.models.Milestone.project]
10:24:14.942 [main] DEBUG org.hibernate.orm.model.mapping.creation - Starting PostInitCallbackEntry : Entity(org.frcpm.models.Milestone) `staticFetchableList` generator
10:24:14.942 [main] DEBUG org.hibernate.orm.model.mapping.creation - Starting PostInitCallbackEntry : PluralAttributeMapping( NavigableRole[org.frcpm.models.Project.meetings#{element}]) - element descriptor
10:24:14.942 [main] DEBUG org.hibernate.orm.model.mapping.creation - Starting PostInitCallbackEntry : PluralAttributeMapping(org.frcpm.models.Project.meetings)#finishInitialization
10:24:14.942 [main] DEBUG org.hibernate.orm.model.mapping.creation - Starting PostInitCallbackEntry : PluralAttributeMapping(org.frcpm.models.Project.meetings) - key descriptor
10:24:14.942 [main] DEBUG org.hibernate.orm.model.mapping.creation - Starting PostInitCallbackEntry : PluralAttributeMapping( NavigableRole[org.frcpm.models.Project.milestones#{element}]) - element descriptor
10:24:14.942 [main] DEBUG org.hibernate.orm.model.mapping.creation - Starting PostInitCallbackEntry : PluralAttributeMapping(org.frcpm.models.Project.milestones)#finishInitialization
10:24:14.942 [main] DEBUG org.hibernate.orm.model.mapping.creation - Starting PostInitCallbackEntry : PluralAttributeMapping(org.frcpm.models.Project.milestones) - key descriptor
10:24:14.942 [main] DEBUG org.hibernate.orm.model.mapping.creation - Starting PostInitCallbackEntry : PluralAttributeMapping( NavigableRole[org.frcpm.models.Project.tasks#{element}]) - element descriptor
10:24:14.942 [main] DEBUG org.hibernate.orm.model.mapping.creation - Starting PostInitCallbackEntry : PluralAttributeMapping(org.frcpm.models.Project.tasks)#finishInitialization
10:24:14.942 [main] DEBUG org.hibernate.orm.model.mapping.creation - Starting PostInitCallbackEntry : PluralAttributeMapping(org.frcpm.models.Project.tasks) - key descriptor
10:24:14.942 [main] DEBUG org.hibernate.orm.model.mapping.creation - Starting PostInitCallbackEntry : Entity(org.frcpm.models.Project) `staticFetchableList` generator
10:24:14.942 [main] DEBUG org.hibernate.orm.model.mapping.creation - Starting PostInitCallbackEntry : PluralAttributeMapping( NavigableRole[org.frcpm.models.Subteam.members#{element}]) - element descriptor
10:24:14.942 [main] DEBUG org.hibernate.orm.model.mapping.creation - Starting PostInitCallbackEntry : PluralAttributeMapping(org.frcpm.models.Subteam.members)#finishInitialization
10:24:14.942 [main] DEBUG org.hibernate.orm.model.mapping.creation - Starting PostInitCallbackEntry : PluralAttributeMapping(org.frcpm.models.Subteam.members) - key descriptor
10:24:14.942 [main] DEBUG org.hibernate.orm.model.mapping.creation - Starting PostInitCallbackEntry : PluralAttributeMapping( NavigableRole[org.frcpm.models.Subteam.subsystems#{element}]) - element descriptor
10:24:14.942 [main] DEBUG org.hibernate.orm.model.mapping.creation - Starting PostInitCallbackEntry : PluralAttributeMapping(org.frcpm.models.Subteam.subsystems)#finishInitialization
10:24:14.942 [main] DEBUG org.hibernate.orm.model.mapping.creation - Starting PostInitCallbackEntry : PluralAttributeMapping(org.frcpm.models.Subteam.subsystems) - key descriptor
10:24:14.942 [main] DEBUG org.hibernate.orm.model.mapping.creation - Starting PostInitCallbackEntry : Entity(org.frcpm.models.Subteam) `staticFetchableList` generator
10:24:14.942 [main] DEBUG org.hibernate.orm.model.mapping.creation - Starting PostInitCallbackEntry : PluralAttributeMapping( NavigableRole[org.frcpm.models.Task.assignedTo#{element}]) - element descriptor
10:24:14.942 [main] DEBUG org.hibernate.orm.model.mapping.creation - Starting PostInitCallbackEntry : PluralAttributeMapping(org.frcpm.models.Task.assignedTo)#finishInitialization
10:24:14.942 [main] DEBUG org.hibernate.orm.model.mapping.creation - Starting PostInitCallbackEntry : PluralAttributeMapping(org.frcpm.models.Task.assignedTo) - key descriptor
10:24:14.942 [main] DEBUG org.hibernate.orm.model.mapping.creation - Starting PostInitCallbackEntry : PluralAttributeMapping( NavigableRole[org.frcpm.models.Task.postDependencies#{element}]) - element descriptor
10:24:14.942 [main] DEBUG org.hibernate.orm.model.mapping.creation - Starting PostInitCallbackEntry : PluralAttributeMapping(org.frcpm.models.Task.postDependencies)#finishInitialization
10:24:14.942 [main] DEBUG org.hibernate.orm.model.mapping.creation - Starting PostInitCallbackEntry : PluralAttributeMapping(org.frcpm.models.Task.postDependencies) - key descriptor
10:24:14.942 [main] DEBUG org.hibernate.orm.model.mapping.creation - Starting PostInitCallbackEntry : PluralAttributeMapping( NavigableRole[org.frcpm.models.Task.preDependencies#{element}]) - element descriptor
10:24:14.942 [main] DEBUG org.hibernate.orm.model.mapping.creation - Starting PostInitCallbackEntry : PluralAttributeMapping(org.frcpm.models.Task.preDependencies)#finishInitialization
10:24:14.942 [main] DEBUG org.hibernate.orm.model.mapping.creation - Starting PostInitCallbackEntry : PluralAttributeMapping(org.frcpm.models.Task.preDependencies) - key descriptor
10:24:14.942 [main] DEBUG org.hibernate.orm.model.mapping.creation - Starting PostInitCallbackEntry : To-one key - NavigableRole[org.frcpm.models.Task.project]
10:24:14.942 [main] DEBUG org.hibernate.orm.model.mapping.creation - Starting PostInitCallbackEntry : PluralAttributeMapping( NavigableRole[org.frcpm.models.Task.requiredComponents#{element}]) - element descriptor
10:24:14.942 [main] DEBUG org.hibernate.orm.model.mapping.creation - Starting PostInitCallbackEntry : PluralAttributeMapping(org.frcpm.models.Task.requiredComponents)#finishInitialization
10:24:14.942 [main] DEBUG org.hibernate.orm.model.mapping.creation - Starting PostInitCallbackEntry : PluralAttributeMapping(org.frcpm.models.Task.requiredComponents) - key descriptor
10:24:14.942 [main] DEBUG org.hibernate.orm.model.mapping.creation - Starting PostInitCallbackEntry : To-one key - NavigableRole[org.frcpm.models.Task.subsystem]
10:24:14.942 [main] DEBUG org.hibernate.orm.model.mapping.creation - Starting PostInitCallbackEntry : Entity(org.frcpm.models.Task) `staticFetchableList` generator
10:24:14.942 [main] DEBUG org.hibernate.orm.model.mapping.creation - Starting PostInitCallbackEntry : PluralAttributeMapping( NavigableRole[org.frcpm.models.TeamMember.assignedTasks#{element}]) - element descriptor
10:24:14.942 [main] DEBUG org.hibernate.orm.model.mapping.creation - Starting PostInitCallbackEntry : PluralAttributeMapping(org.frcpm.models.TeamMember.assignedTasks)#finishInitialization
10:24:14.942 [main] DEBUG org.hibernate.orm.model.mapping.creation - Starting PostInitCallbackEntry : PluralAttributeMapping(org.frcpm.models.TeamMember.assignedTasks) - key descriptor
10:24:14.943 [main] DEBUG org.hibernate.orm.model.mapping.creation - Starting PostInitCallbackEntry : PluralAttributeMapping( NavigableRole[org.frcpm.models.TeamMember.attendances#{element}]) - element descriptor
10:24:14.943 [main] DEBUG org.hibernate.orm.model.mapping.creation - Starting PostInitCallbackEntry : PluralAttributeMapping(org.frcpm.models.TeamMember.attendances)#finishInitialization
10:24:14.943 [main] DEBUG org.hibernate.orm.model.mapping.creation - Starting PostInitCallbackEntry : PluralAttributeMapping(org.frcpm.models.TeamMember.attendances) - key descriptor
10:24:14.943 [main] DEBUG org.hibernate.orm.model.mapping.creation - Starting PostInitCallbackEntry : To-one key - NavigableRole[org.frcpm.models.TeamMember.subteam]
10:24:14.943 [main] DEBUG org.hibernate.orm.model.mapping.creation - Starting PostInitCallbackEntry : Entity(org.frcpm.models.TeamMember) `staticFetchableList` generator
10:24:14.943 [main] DEBUG org.hibernate.orm.model.mapping.creation - Starting PostInitCallbackEntry : PluralAttributeMapping( NavigableRole[org.frcpm.models.Meeting.attendances#{element}]) - element descriptor
10:24:14.943 [main] DEBUG org.hibernate.orm.model.mapping.creation - Starting PostInitCallbackEntry : PluralAttributeMapping( NavigableRole[org.frcpm.models.Subsystem.tasks#{element}]) - element descriptor
10:24:14.943 [main] DEBUG org.hibernate.orm.model.mapping.creation - Starting PostInitCallbackEntry : PluralAttributeMapping( NavigableRole[org.frcpm.models.Component.requiredForTasks#{element}]) - element descriptor
10:24:14.943 [main] DEBUG org.hibernate.orm.model.mapping.creation - Starting PostInitCallbackEntry : PluralAttributeMapping( NavigableRole[org.frcpm.models.Project.meetings#{element}]) - element descriptor
10:24:14.943 [main] DEBUG org.hibernate.orm.model.mapping.creation - Starting PostInitCallbackEntry : PluralAttributeMapping( NavigableRole[org.frcpm.models.Project.milestones#{element}]) - element descriptor
10:24:14.943 [main] DEBUG org.hibernate.orm.model.mapping.creation - Starting PostInitCallbackEntry : PluralAttributeMapping( NavigableRole[org.frcpm.models.Project.tasks#{element}]) - element descriptor
10:24:14.943 [main] DEBUG org.hibernate.orm.model.mapping.creation - Starting PostInitCallbackEntry : PluralAttributeMapping( NavigableRole[org.frcpm.models.Subteam.members#{element}]) - element descriptor
10:24:14.943 [main] DEBUG org.hibernate.orm.model.mapping.creation - Starting PostInitCallbackEntry : PluralAttributeMapping( NavigableRole[org.frcpm.models.Subteam.subsystems#{element}]) - element descriptor
10:24:14.943 [main] DEBUG org.hibernate.orm.model.mapping.creation - Starting PostInitCallbackEntry : PluralAttributeMapping( NavigableRole[org.frcpm.models.Task.postDependencies#{element}]) - element descriptor
10:24:14.943 [main] DEBUG org.hibernate.orm.model.mapping.creation - Starting PostInitCallbackEntry : PluralAttributeMapping( NavigableRole[org.frcpm.models.TeamMember.attendances#{element}]) - element descriptor
10:24:14.949 [main] DEBUG org.hibernate.orm.sql.ast.create - Created new SQL alias : a1_0
10:24:14.949 [main] DEBUG org.hibernate.orm.sql.ast.create - Registration of TableGroup [StandardTableGroup(org.frcpm.models.Attendance)] with identifierForTableGroup [org.frcpm.models.Attendance] for NavigablePath [org.frcpm.models.Attendance] 
10:24:14.949 [main] DEBUG org.hibernate.orm.sql.ast.create - Registration of TableGroup [org.hibernate.sql.ast.tree.from.LazyTableGroup@37f09a1b] with identifierForTableGroup [org.frcpm.models.Attendance.meeting] for NavigablePath [org.frcpm.models.Attendance.meeting] 
10:24:14.949 [main] DEBUG org.hibernate.orm.sql.ast.create - Registration of TableGroup [org.hibernate.sql.ast.tree.from.LazyTableGroup@4fb39b05] with identifierForTableGroup [org.frcpm.models.Attendance.member] for NavigablePath [org.frcpm.models.Attendance.member] 
10:24:14.950 [main] DEBUG org.hibernate.orm.results.graph.AST - DomainResult Graph:
 \-EntityResultImpl [org.frcpm.models.Attendance]
 |  +-BasicFetch [org.frcpm.models.Attendance.arrivalTime]
 |  +-BasicFetch [org.frcpm.models.Attendance.departureTime]
 |  +-EntityDelayedFetchImpl [org.frcpm.models.Attendance.meeting]
 |  +-EntityDelayedFetchImpl [org.frcpm.models.Attendance.member]
 |  \-BasicFetch [org.frcpm.models.Attendance.present]

10:24:14.950 [main] DEBUG org.hibernate.orm.sql.ast.tree - SQL AST Tree:
    SelectStatement {
      FromClause {
        StandardTableGroup (a1 : org.frcpm.models.Attendance) {
          primaryTableReference : attendances as a1_0
          TableGroupJoins {
            left  join LazyTableGroup (m1 : org.frcpm.models.Attendance.meeting) {
            }
            left  join LazyTableGroup (m2 : org.frcpm.models.Attendance.member) {
            }
          }
        }
      }
    }

10:24:14.950 [main] DEBUG org.hibernate.persister.entity.AbstractEntityPersister - Static SQL for entity: org.frcpm.models.Attendance
10:24:14.950 [main] DEBUG org.hibernate.persister.entity.AbstractEntityPersister -  Version select: select id from attendances where id=?
10:24:14.950 [main] DEBUG org.hibernate.persister.entity.AbstractEntityPersister -  Insert (0): insert into attendances (arrival_time,departure_time,meeting_id,member_id,present,id) values (?,?,?,?,?,default)
10:24:14.950 [main] DEBUG org.hibernate.persister.entity.AbstractEntityPersister -  Update (0): update attendances set arrival_time=?,departure_time=?,meeting_id=?,member_id=?,present=? where id=?
10:24:14.950 [main] DEBUG org.hibernate.persister.entity.AbstractEntityPersister -  Delete (0): delete from attendances where id=?
10:24:14.950 [main] DEBUG org.hibernate.orm.sql.ast.create - Created new SQL alias : m1_0
10:24:14.950 [main] DEBUG org.hibernate.orm.sql.ast.create - Registration of TableGroup [StandardTableGroup(org.frcpm.models.Meeting)] with identifierForTableGroup [org.frcpm.models.Meeting] for NavigablePath [org.frcpm.models.Meeting] 
10:24:14.950 [main] DEBUG org.hibernate.orm.sql.ast.create - Registration of TableGroup [org.hibernate.sql.ast.tree.from.LazyTableGroup@2377896f] with identifierForTableGroup [org.frcpm.models.Meeting.project] for NavigablePath [org.frcpm.models.Meeting.project] 
10:24:14.950 [main] DEBUG org.hibernate.orm.results.graph.AST - DomainResult Graph:
 \-EntityResultImpl [org.frcpm.models.Meeting]
 |  +-DelayedCollectionFetch [org.frcpm.models.Meeting.attendances]
 |  +-BasicFetch [org.frcpm.models.Meeting.date]
 |  +-BasicFetch [org.frcpm.models.Meeting.endTime]
 |  +-BasicFetch [org.frcpm.models.Meeting.notes]
 |  +-EntityDelayedFetchImpl [org.frcpm.models.Meeting.project]
 |  \-BasicFetch [org.frcpm.models.Meeting.startTime]

10:24:14.950 [main] DEBUG org.hibernate.orm.sql.ast.tree - SQL AST Tree:
    SelectStatement {
      FromClause {
        StandardTableGroup (m1 : org.frcpm.models.Meeting) {
          primaryTableReference : meetings as m1_0
          TableGroupJoins {
            left  join LazyTableGroup (p1 : org.frcpm.models.Meeting.project) {
            }
          }
        }
      }
    }

10:24:14.950 [main] DEBUG org.hibernate.persister.entity.AbstractEntityPersister - Static SQL for entity: org.frcpm.models.Meeting
10:24:14.950 [main] DEBUG org.hibernate.persister.entity.AbstractEntityPersister -  Version select: select id from meetings where id=?
10:24:14.950 [main] DEBUG org.hibernate.persister.entity.AbstractEntityPersister -  Insert (0): insert into meetings (date,end_time,notes,project_id,start_time,id) values (?,?,?,?,?,default)
10:24:14.950 [main] DEBUG org.hibernate.persister.entity.AbstractEntityPersister -  Update (0): update meetings set date=?,end_time=?,notes=?,project_id=?,start_time=? where id=?
10:24:14.950 [main] DEBUG org.hibernate.persister.entity.AbstractEntityPersister -  Delete (0): delete from meetings where id=?
10:24:14.950 [main] DEBUG org.hibernate.orm.sql.ast.create - Created new SQL alias : s1_0
10:24:14.950 [main] DEBUG org.hibernate.orm.sql.ast.create - Registration of TableGroup [StandardTableGroup(org.frcpm.models.Subsystem)] with identifierForTableGroup [org.frcpm.models.Subsystem] for NavigablePath [org.frcpm.models.Subsystem] 
10:24:14.950 [main] DEBUG org.hibernate.orm.sql.ast.create - Registration of TableGroup [org.hibernate.sql.ast.tree.from.LazyTableGroup@38fd4c9e] with identifierForTableGroup [org.frcpm.models.Subsystem.responsibleSubteam] for NavigablePath [org.frcpm.models.Subsystem.responsibleSubteam] 
10:24:14.950 [main] DEBUG org.hibernate.orm.results.graph.AST - DomainResult Graph:
 \-EntityResultImpl [org.frcpm.models.Subsystem]
 |  +-BasicFetch [org.frcpm.models.Subsystem.description]
 |  +-BasicFetch [org.frcpm.models.Subsystem.name]
 |  +-EntityDelayedFetchImpl [org.frcpm.models.Subsystem.responsibleSubteam]
 |  +-BasicFetch [org.frcpm.models.Subsystem.status]
 |  \-DelayedCollectionFetch [org.frcpm.models.Subsystem.tasks]

10:24:14.950 [main] DEBUG org.hibernate.orm.sql.ast.tree - SQL AST Tree:
    SelectStatement {
      FromClause {
        StandardTableGroup (s1 : org.frcpm.models.Subsystem) {
          primaryTableReference : subsystems as s1_0
          TableGroupJoins {
            left  join LazyTableGroup (rs1 : org.frcpm.models.Subsystem.responsibleSubteam) {
            }
          }
        }
      }
    }

10:24:14.951 [main] DEBUG org.hibernate.persister.entity.AbstractEntityPersister - Static SQL for entity: org.frcpm.models.Subsystem
10:24:14.951 [main] DEBUG org.hibernate.persister.entity.AbstractEntityPersister -  Version select: select id from subsystems where id=?
10:24:14.951 [main] DEBUG org.hibernate.persister.entity.AbstractEntityPersister -  Insert (0): insert into subsystems (description,name,responsible_subteam_id,status,id) values (?,?,?,?,default)
10:24:14.951 [main] DEBUG org.hibernate.persister.entity.AbstractEntityPersister -  Update (0): update subsystems set description=?,name=?,responsible_subteam_id=?,status=? where id=?
10:24:14.951 [main] DEBUG org.hibernate.persister.entity.AbstractEntityPersister -  Delete (0): delete from subsystems where id=?
10:24:14.951 [main] DEBUG org.hibernate.orm.sql.ast.create - Created new SQL alias : c1_0
10:24:14.951 [main] DEBUG org.hibernate.orm.sql.ast.create - Registration of TableGroup [StandardTableGroup(org.frcpm.models.Component)] with identifierForTableGroup [org.frcpm.models.Component] for NavigablePath [org.frcpm.models.Component] 
10:24:14.951 [main] DEBUG org.hibernate.orm.results.graph.AST - DomainResult Graph:
 \-EntityResultImpl [org.frcpm.models.Component]
 |  +-BasicFetch [org.frcpm.models.Component.actualDelivery]
 |  +-BasicFetch [org.frcpm.models.Component.delivered]
 |  +-BasicFetch [org.frcpm.models.Component.description]
 |  +-BasicFetch [org.frcpm.models.Component.expectedDelivery]
 |  +-BasicFetch [org.frcpm.models.Component.name]
 |  +-BasicFetch [org.frcpm.models.Component.partNumber]
 |  \-DelayedCollectionFetch [org.frcpm.models.Component.requiredForTasks]

10:24:14.951 [main] DEBUG org.hibernate.orm.sql.ast.tree - SQL AST Tree:
    SelectStatement {
      FromClause {
        StandardTableGroup (c1 : org.frcpm.models.Component) {
          primaryTableReference : components as c1_0
        }
      }
    }

10:24:14.951 [main] DEBUG org.hibernate.persister.entity.AbstractEntityPersister - Static SQL for entity: org.frcpm.models.Component
10:24:14.951 [main] DEBUG org.hibernate.persister.entity.AbstractEntityPersister -  Version select: select id from components where id=?
10:24:14.951 [main] DEBUG org.hibernate.persister.entity.AbstractEntityPersister -  Insert (0): insert into components (actual_delivery,is_delivered,description,expected_delivery,name,part_number,id) values (?,?,?,?,?,?,default)
10:24:14.951 [main] DEBUG org.hibernate.persister.entity.AbstractEntityPersister -  Update (0): update components set actual_delivery=?,is_delivered=?,description=?,expected_delivery=?,name=?,part_number=? where id=?
10:24:14.951 [main] DEBUG org.hibernate.persister.entity.AbstractEntityPersister -  Delete (0): delete from components where id=?
10:24:14.951 [main] DEBUG org.hibernate.orm.sql.ast.create - Created new SQL alias : m1_0
10:24:14.951 [main] DEBUG org.hibernate.orm.sql.ast.create - Registration of TableGroup [StandardTableGroup(org.frcpm.models.Milestone)] with identifierForTableGroup [org.frcpm.models.Milestone] for NavigablePath [org.frcpm.models.Milestone] 
10:24:14.951 [main] DEBUG org.hibernate.orm.sql.ast.create - Registration of TableGroup [org.hibernate.sql.ast.tree.from.LazyTableGroup@2027ca12] with identifierForTableGroup [org.frcpm.models.Milestone.project] for NavigablePath [org.frcpm.models.Milestone.project] 
10:24:14.951 [main] DEBUG org.hibernate.orm.results.graph.AST - DomainResult Graph:
 \-EntityResultImpl [org.frcpm.models.Milestone]
 |  +-BasicFetch [org.frcpm.models.Milestone.date]
 |  +-BasicFetch [org.frcpm.models.Milestone.description]
 |  +-BasicFetch [org.frcpm.models.Milestone.name]
 |  \-EntityDelayedFetchImpl [org.frcpm.models.Milestone.project]

10:24:14.951 [main] DEBUG org.hibernate.orm.sql.ast.tree - SQL AST Tree:
    SelectStatement {
      FromClause {
        StandardTableGroup (m1 : org.frcpm.models.Milestone) {
          primaryTableReference : milestones as m1_0
          TableGroupJoins {
            left  join LazyTableGroup (p1 : org.frcpm.models.Milestone.project) {
            }
          }
        }
      }
    }

10:24:14.951 [main] DEBUG org.hibernate.persister.entity.AbstractEntityPersister - Static SQL for entity: org.frcpm.models.Milestone
10:24:14.951 [main] DEBUG org.hibernate.persister.entity.AbstractEntityPersister -  Version select: select id from milestones where id=?
10:24:14.951 [main] DEBUG org.hibernate.persister.entity.AbstractEntityPersister -  Insert (0): insert into milestones (date,description,name,project_id,id) values (?,?,?,?,default)
10:24:14.951 [main] DEBUG org.hibernate.persister.entity.AbstractEntityPersister -  Update (0): update milestones set date=?,description=?,name=?,project_id=? where id=?
10:24:14.951 [main] DEBUG org.hibernate.persister.entity.AbstractEntityPersister -  Delete (0): delete from milestones where id=?
10:24:14.951 [main] DEBUG org.hibernate.orm.sql.ast.create - Created new SQL alias : p1_0
10:24:14.951 [main] DEBUG org.hibernate.orm.sql.ast.create - Registration of TableGroup [StandardTableGroup(org.frcpm.models.Project)] with identifierForTableGroup [org.frcpm.models.Project] for NavigablePath [org.frcpm.models.Project] 
10:24:14.951 [main] DEBUG org.hibernate.orm.results.graph.AST - DomainResult Graph:
 \-EntityResultImpl [org.frcpm.models.Project]
 |  +-BasicFetch [org.frcpm.models.Project.description]
 |  +-BasicFetch [org.frcpm.models.Project.goalEndDate]
 |  +-BasicFetch [org.frcpm.models.Project.hardDeadline]
 |  +-DelayedCollectionFetch [org.frcpm.models.Project.meetings]
 |  +-DelayedCollectionFetch [org.frcpm.models.Project.milestones]
 |  +-BasicFetch [org.frcpm.models.Project.name]
 |  +-BasicFetch [org.frcpm.models.Project.startDate]
 |  \-DelayedCollectionFetch [org.frcpm.models.Project.tasks]

10:24:14.951 [main] DEBUG org.hibernate.orm.sql.ast.tree - SQL AST Tree:
    SelectStatement {
      FromClause {
        StandardTableGroup (p1 : org.frcpm.models.Project) {
          primaryTableReference : projects as p1_0
        }
      }
    }

10:24:14.951 [main] DEBUG org.hibernate.persister.entity.AbstractEntityPersister - Static SQL for entity: org.frcpm.models.Project
10:24:14.951 [main] DEBUG org.hibernate.persister.entity.AbstractEntityPersister -  Version select: select id from projects where id=?
10:24:14.951 [main] DEBUG org.hibernate.persister.entity.AbstractEntityPersister -  Insert (0): insert into projects (description,goal_end_date,hard_deadline,name,start_date,id) values (?,?,?,?,?,default)
10:24:14.951 [main] DEBUG org.hibernate.persister.entity.AbstractEntityPersister -  Update (0): update projects set description=?,goal_end_date=?,hard_deadline=?,name=?,start_date=? where id=?
10:24:14.951 [main] DEBUG org.hibernate.persister.entity.AbstractEntityPersister -  Delete (0): delete from projects where id=?
10:24:14.951 [main] DEBUG org.hibernate.orm.sql.ast.create - Created new SQL alias : s1_0
10:24:14.951 [main] DEBUG org.hibernate.orm.sql.ast.create - Registration of TableGroup [StandardTableGroup(org.frcpm.models.Subteam)] with identifierForTableGroup [org.frcpm.models.Subteam] for NavigablePath [org.frcpm.models.Subteam] 
10:24:14.951 [main] DEBUG org.hibernate.orm.results.graph.AST - DomainResult Graph:
 \-EntityResultImpl [org.frcpm.models.Subteam]
 |  +-BasicFetch [org.frcpm.models.Subteam.colorCode]
 |  +-DelayedCollectionFetch [org.frcpm.models.Subteam.members]
 |  +-BasicFetch [org.frcpm.models.Subteam.name]
 |  +-BasicFetch [org.frcpm.models.Subteam.specialties]
 |  \-DelayedCollectionFetch [org.frcpm.models.Subteam.subsystems]

10:24:14.951 [main] DEBUG org.hibernate.orm.sql.ast.tree - SQL AST Tree:
    SelectStatement {
      FromClause {
        StandardTableGroup (s1 : org.frcpm.models.Subteam) {
          primaryTableReference : subteams as s1_0
        }
      }
    }

10:24:14.951 [main] DEBUG org.hibernate.persister.entity.AbstractEntityPersister - Static SQL for entity: org.frcpm.models.Subteam
10:24:14.951 [main] DEBUG org.hibernate.persister.entity.AbstractEntityPersister -  Version select: select id from subteams where id=?
10:24:14.951 [main] DEBUG org.hibernate.persister.entity.AbstractEntityPersister -  Insert (0): insert into subteams (color_code,name,specialties,id) values (?,?,?,default)
10:24:14.951 [main] DEBUG org.hibernate.persister.entity.AbstractEntityPersister -  Update (0): update subteams set color_code=?,name=?,specialties=? where id=?
10:24:14.951 [main] DEBUG org.hibernate.persister.entity.AbstractEntityPersister -  Delete (0): delete from subteams where id=?
10:24:14.951 [main] DEBUG org.hibernate.orm.sql.ast.create - Created new SQL alias : t1_0
10:24:14.951 [main] DEBUG org.hibernate.orm.sql.ast.create - Registration of TableGroup [StandardTableGroup(org.frcpm.models.Task)] with identifierForTableGroup [org.frcpm.models.Task] for NavigablePath [org.frcpm.models.Task] 
10:24:14.951 [main] DEBUG org.hibernate.orm.sql.ast.create - Registration of TableGroup [org.hibernate.sql.ast.tree.from.LazyTableGroup@7c1b2fa1] with identifierForTableGroup [org.frcpm.models.Task.project] for NavigablePath [org.frcpm.models.Task.project] 
10:24:14.951 [main] DEBUG org.hibernate.orm.sql.ast.create - Registration of TableGroup [org.hibernate.sql.ast.tree.from.LazyTableGroup@2b7bd18b] with identifierForTableGroup [org.frcpm.models.Task.subsystem] for NavigablePath [org.frcpm.models.Task.subsystem] 
10:24:14.951 [main] DEBUG org.hibernate.orm.results.graph.AST - DomainResult Graph:
 \-EntityResultImpl [org.frcpm.models.Task]
 |  +-BasicFetch [org.frcpm.models.Task.actualDurationSeconds]
 |  +-DelayedCollectionFetch [org.frcpm.models.Task.assignedTo]
 |  +-BasicFetch [org.frcpm.models.Task.completed]
 |  +-BasicFetch [org.frcpm.models.Task.description]
 |  +-BasicFetch [org.frcpm.models.Task.endDate]
 |  +-BasicFetch [org.frcpm.models.Task.estimatedDurationSeconds]
 |  +-DelayedCollectionFetch [org.frcpm.models.Task.postDependencies]
 |  +-DelayedCollectionFetch [org.frcpm.models.Task.preDependencies]
 |  +-BasicFetch [org.frcpm.models.Task.priority]
 |  +-BasicFetch [org.frcpm.models.Task.progress]
 |  +-EntityDelayedFetchImpl [org.frcpm.models.Task.project]
 |  +-DelayedCollectionFetch [org.frcpm.models.Task.requiredComponents]
 |  +-BasicFetch [org.frcpm.models.Task.startDate]
 |  +-EntityDelayedFetchImpl [org.frcpm.models.Task.subsystem]
 |  \-BasicFetch [org.frcpm.models.Task.title]

10:24:14.951 [main] DEBUG org.hibernate.orm.sql.ast.tree - SQL AST Tree:
    SelectStatement {
      FromClause {
        StandardTableGroup (t1 : org.frcpm.models.Task) {
          primaryTableReference : tasks as t1_0
          TableGroupJoins {
            left  join LazyTableGroup (p1 : org.frcpm.models.Task.project) {
            }
            left  join LazyTableGroup (s1 : org.frcpm.models.Task.subsystem) {
            }
          }
        }
      }
    }

10:24:14.951 [main] DEBUG org.hibernate.persister.entity.AbstractEntityPersister - Static SQL for entity: org.frcpm.models.Task
10:24:14.951 [main] DEBUG org.hibernate.persister.entity.AbstractEntityPersister -  Version select: select id from tasks where id=?
10:24:14.951 [main] DEBUG org.hibernate.persister.entity.AbstractEntityPersister -  Insert (0): insert into tasks (actual_duration_seconds,completed,description,end_date,estimated_duration_seconds,priority,progress,project_id,start_date,subsystem_id,title,id) values (?,?,?,?,?,?,?,?,?,?,?,default)
10:24:14.951 [main] DEBUG org.hibernate.persister.entity.AbstractEntityPersister -  Update (0): update tasks set actual_duration_seconds=?,completed=?,description=?,end_date=?,estimated_duration_seconds=?,priority=?,progress=?,project_id=?,start_date=?,subsystem_id=?,title=? where id=?
10:24:14.951 [main] DEBUG org.hibernate.persister.entity.AbstractEntityPersister -  Delete (0): delete from tasks where id=?
10:24:14.951 [main] DEBUG org.hibernate.orm.sql.ast.create - Created new SQL alias : tm1_0
10:24:14.951 [main] DEBUG org.hibernate.orm.sql.ast.create - Registration of TableGroup [StandardTableGroup(org.frcpm.models.TeamMember)] with identifierForTableGroup [org.frcpm.models.TeamMember] for NavigablePath [org.frcpm.models.TeamMember] 
10:24:14.951 [main] DEBUG org.hibernate.orm.sql.ast.create - Registration of TableGroup [org.hibernate.sql.ast.tree.from.LazyTableGroup@653ccd37] with identifierForTableGroup [org.frcpm.models.TeamMember.subteam] for NavigablePath [org.frcpm.models.TeamMember.subteam] 
10:24:14.951 [main] DEBUG org.hibernate.orm.results.graph.AST - DomainResult Graph:
 \-EntityResultImpl [org.frcpm.models.TeamMember]
 |  +-DelayedCollectionFetch [org.frcpm.models.TeamMember.assignedTasks]
 |  +-DelayedCollectionFetch [org.frcpm.models.TeamMember.attendances]
 |  +-BasicFetch [org.frcpm.models.TeamMember.email]
 |  +-BasicFetch [org.frcpm.models.TeamMember.firstName]
 |  +-BasicFetch [org.frcpm.models.TeamMember.lastName]
 |  +-BasicFetch [org.frcpm.models.TeamMember.leader]
 |  +-BasicFetch [org.frcpm.models.TeamMember.phone]
 |  +-BasicFetch [org.frcpm.models.TeamMember.skills]
 |  +-EntityDelayedFetchImpl [org.frcpm.models.TeamMember.subteam]
 |  \-BasicFetch [org.frcpm.models.TeamMember.username]

10:24:14.951 [main] DEBUG org.hibernate.orm.sql.ast.tree - SQL AST Tree:
    SelectStatement {
      FromClause {
        StandardTableGroup (tm1 : org.frcpm.models.TeamMember) {
          primaryTableReference : team_members as tm1_0
          TableGroupJoins {
            left  join LazyTableGroup (s1 : org.frcpm.models.TeamMember.subteam) {
            }
          }
        }
      }
    }

10:24:14.951 [main] DEBUG org.hibernate.persister.entity.AbstractEntityPersister - Static SQL for entity: org.frcpm.models.TeamMember
10:24:14.951 [main] DEBUG org.hibernate.persister.entity.AbstractEntityPersister -  Version select: select id from team_members where id=?
10:24:14.951 [main] DEBUG org.hibernate.persister.entity.AbstractEntityPersister -  Insert (0): insert into team_members (email,first_name,last_name,is_leader,phone,skills,subteam_id,username,id) values (?,?,?,?,?,?,?,?,default)
10:24:14.951 [main] DEBUG org.hibernate.persister.entity.AbstractEntityPersister -  Update (0): update team_members set email=?,first_name=?,last_name=?,is_leader=?,phone=?,skills=?,subteam_id=?,username=? where id=?
10:24:14.951 [main] DEBUG org.hibernate.persister.entity.AbstractEntityPersister -  Delete (0): delete from team_members where id=?
10:24:14.951 [main] DEBUG org.hibernate.orm.sql.ast.create - Created new SQL alias : at1_0
10:24:14.951 [main] DEBUG org.hibernate.orm.sql.ast.create - Registration of TableGroup [CollectionTableGroup(org.frcpm.models.Task.assignedTo)] with identifierForTableGroup [org.frcpm.models.Task.assignedTo] for NavigablePath [org.frcpm.models.Task.assignedTo] 
10:24:14.951 [main] DEBUG org.hibernate.orm.sql.ast.create - Registration of TableGroup [org.hibernate.sql.ast.tree.from.LazyTableGroup@686a7b9c] with identifierForTableGroup [org.frcpm.models.Task.assignedTo.{element}] for NavigablePath [org.frcpm.models.Task.assignedTo.{element}] 
10:24:14.951 [main] DEBUG org.hibernate.orm.sql.ast.create - Created new SQL alias : at1_1
10:24:14.951 [main] DEBUG org.hibernate.orm.sql.ast.create - Registration of TableGroup [org.hibernate.sql.ast.tree.from.LazyTableGroup@548c585b] with identifierForTableGroup [org.frcpm.models.Task.assignedTo.{element}.subteam] for NavigablePath [org.frcpm.models.Task.assignedTo.{element}.subteam] 
10:24:14.951 [main] DEBUG org.hibernate.orm.results.graph.AST - DomainResult Graph:
 \-CollectionDomainResult [org.frcpm.models.Task.assignedTo]

10:24:14.951 [main] DEBUG org.hibernate.orm.sql.ast.tree - SQL AST Tree:
    SelectStatement {
      FromClause {
        CollectionTableGroup (at1 : org.frcpm.models.Task.assignedTo) {
          primaryTableReference : task_assignments as at1_0
          TableGroupJoins {
             join LazyTableGroup (at1 : org.frcpm.models.Task.assignedTo.{element}) {
              primaryTableReference : team_members as at1_1
              TableGroupJoins {
                left  join LazyTableGroup (s1 : org.frcpm.models.Task.assignedTo.{element}.subteam) {
                }
              }
            }
          }
        }
      }
    }

10:24:14.951 [main] DEBUG org.hibernate.orm.jdbc.mutation - Static SQL for collection: org.frcpm.models.Task.assignedTo
10:24:14.951 [main] DEBUG org.hibernate.orm.jdbc.mutation -  Row insert: insert into task_assignments (task_id,team_member_id) values (?,?)
10:24:14.952 [main] DEBUG org.hibernate.orm.jdbc.mutation -  Row delete: delete from task_assignments where task_id=? and team_member_id=?
10:24:14.952 [main] DEBUG org.hibernate.orm.jdbc.mutation -  One-shot delete: delete from task_assignments where task_id=?
10:24:14.952 [main] DEBUG org.hibernate.orm.sql.ast.create - Created new SQL alias : t1_0
10:24:14.952 [main] DEBUG org.hibernate.orm.sql.ast.create - Registration of TableGroup [org.hibernate.sql.ast.tree.from.OneToManyTableGroup@51dc0bd7] with identifierForTableGroup [org.frcpm.models.Subsystem.tasks] for NavigablePath [org.frcpm.models.Subsystem.tasks] 
10:24:14.952 [main] DEBUG org.hibernate.orm.sql.ast.create - Registration of TableGroup [StandardTableGroup(org.frcpm.models.Subsystem.tasks.{element})] with identifierForTableGroup [org.frcpm.models.Subsystem.tasks.{element}] for NavigablePath [org.frcpm.models.Subsystem.tasks.{element}] 
10:24:14.952 [main] DEBUG org.hibernate.orm.sql.ast.create - Registration of TableGroup [org.hibernate.sql.ast.tree.from.LazyTableGroup@cf526cc] with identifierForTableGroup [org.frcpm.models.Subsystem.tasks.{element}.project] for NavigablePath [org.frcpm.models.Subsystem.tasks.{element}.project] 
10:24:14.952 [main] DEBUG org.hibernate.orm.sql.ast.create - Registration of TableGroup [org.hibernate.sql.ast.tree.from.LazyTableGroup@2c553468] with identifierForTableGroup [org.frcpm.models.Subsystem.tasks.{element}.subsystem] for NavigablePath [org.frcpm.models.Subsystem.tasks.{element}.subsystem] 
10:24:14.952 [main] DEBUG org.hibernate.orm.results.graph.AST - DomainResult Graph:
 \-CollectionDomainResult [org.frcpm.models.Subsystem.tasks]

10:24:14.952 [main] DEBUG org.hibernate.orm.sql.ast.tree - SQL AST Tree:
    SelectStatement {
      FromClause {
        OneToManyTableGroup (t1 : org.frcpm.models.Subsystem.tasks) {
          primaryTableReference : tasks as t1_0
          TableGroupJoins {
            left  join LazyTableGroup (p1 : org.frcpm.models.Subsystem.tasks.{element}.project) {
            }
            left  join LazyTableGroup (s1 : org.frcpm.models.Subsystem.tasks.{element}.subsystem) {
            }
          }
        }
      }
    }

10:24:14.952 [main] DEBUG org.hibernate.orm.jdbc.mutation - Static SQL for collection: org.frcpm.models.Subsystem.tasks
10:24:14.952 [main] DEBUG org.hibernate.orm.sql.ast.create - Created new SQL alias : m1_0
10:24:14.952 [main] DEBUG org.hibernate.orm.sql.ast.create - Registration of TableGroup [org.hibernate.sql.ast.tree.from.OneToManyTableGroup@388096a0] with identifierForTableGroup [org.frcpm.models.Subteam.members] for NavigablePath [org.frcpm.models.Subteam.members] 
10:24:14.952 [main] DEBUG org.hibernate.orm.sql.ast.create - Registration of TableGroup [StandardTableGroup(org.frcpm.models.Subteam.members.{element})] with identifierForTableGroup [org.frcpm.models.Subteam.members.{element}] for NavigablePath [org.frcpm.models.Subteam.members.{element}] 
10:24:14.952 [main] DEBUG org.hibernate.orm.sql.ast.create - Registration of TableGroup [org.hibernate.sql.ast.tree.from.LazyTableGroup@23dda3ed] with identifierForTableGroup [org.frcpm.models.Subteam.members.{element}.subteam] for NavigablePath [org.frcpm.models.Subteam.members.{element}.subteam] 
10:24:14.953 [main] DEBUG org.hibernate.orm.results.graph.AST - DomainResult Graph:
 \-CollectionDomainResult [org.frcpm.models.Subteam.members]

10:24:14.953 [main] DEBUG org.hibernate.orm.sql.ast.tree - SQL AST Tree:
    SelectStatement {
      FromClause {
        OneToManyTableGroup (m1 : org.frcpm.models.Subteam.members) {
          primaryTableReference : team_members as m1_0
          TableGroupJoins {
            left  join LazyTableGroup (s1 : org.frcpm.models.Subteam.members.{element}.subteam) {
            }
          }
        }
      }
    }

10:24:14.953 [main] DEBUG org.hibernate.orm.jdbc.mutation - Static SQL for collection: org.frcpm.models.Subteam.members
10:24:14.953 [main] DEBUG org.hibernate.orm.sql.ast.create - Created new SQL alias : a1_0
10:24:14.953 [main] DEBUG org.hibernate.orm.sql.ast.create - Registration of TableGroup [org.hibernate.sql.ast.tree.from.OneToManyTableGroup@be1e3e9] with identifierForTableGroup [org.frcpm.models.TeamMember.attendances] for NavigablePath [org.frcpm.models.TeamMember.attendances] 
10:24:14.953 [main] DEBUG org.hibernate.orm.sql.ast.create - Registration of TableGroup [StandardTableGroup(org.frcpm.models.TeamMember.attendances.{element})] with identifierForTableGroup [org.frcpm.models.TeamMember.attendances.{element}] for NavigablePath [org.frcpm.models.TeamMember.attendances.{element}] 
10:24:14.953 [main] DEBUG org.hibernate.orm.sql.ast.create - Registration of TableGroup [org.hibernate.sql.ast.tree.from.LazyTableGroup@37e851a3] with identifierForTableGroup [org.frcpm.models.TeamMember.attendances.{element}.meeting] for NavigablePath [org.frcpm.models.TeamMember.attendances.{element}.meeting] 
10:24:14.953 [main] DEBUG org.hibernate.orm.sql.ast.create - Registration of TableGroup [org.hibernate.sql.ast.tree.from.LazyTableGroup@2e31b6bb] with identifierForTableGroup [org.frcpm.models.TeamMember.attendances.{element}.member] for NavigablePath [org.frcpm.models.TeamMember.attendances.{element}.member] 
10:24:14.953 [main] DEBUG org.hibernate.orm.results.graph.AST - DomainResult Graph:
 \-CollectionDomainResult [org.frcpm.models.TeamMember.attendances]

10:24:14.953 [main] DEBUG org.hibernate.orm.sql.ast.tree - SQL AST Tree:
    SelectStatement {
      FromClause {
        OneToManyTableGroup (a1 : org.frcpm.models.TeamMember.attendances) {
          primaryTableReference : attendances as a1_0
          TableGroupJoins {
            left  join LazyTableGroup (m1 : org.frcpm.models.TeamMember.attendances.{element}.meeting) {
            }
            left  join LazyTableGroup (m2 : org.frcpm.models.TeamMember.attendances.{element}.member) {
            }
          }
        }
      }
    }

10:24:14.953 [main] DEBUG org.hibernate.orm.jdbc.mutation - Static SQL for collection: org.frcpm.models.TeamMember.attendances
10:24:14.954 [main] DEBUG org.hibernate.orm.sql.ast.create - Created new SQL alias : rc1_0
10:24:14.954 [main] DEBUG org.hibernate.orm.sql.ast.create - Registration of TableGroup [CollectionTableGroup(org.frcpm.models.Task.requiredComponents)] with identifierForTableGroup [org.frcpm.models.Task.requiredComponents] for NavigablePath [org.frcpm.models.Task.requiredComponents] 
10:24:14.954 [main] DEBUG org.hibernate.orm.sql.ast.create - Registration of TableGroup [org.hibernate.sql.ast.tree.from.LazyTableGroup@5fdbdf9c] with identifierForTableGroup [org.frcpm.models.Task.requiredComponents.{element}] for NavigablePath [org.frcpm.models.Task.requiredComponents.{element}] 
10:24:14.954 [main] DEBUG org.hibernate.orm.sql.ast.create - Created new SQL alias : rc1_1
10:24:14.954 [main] DEBUG org.hibernate.orm.results.graph.AST - DomainResult Graph:
 \-CollectionDomainResult [org.frcpm.models.Task.requiredComponents]

10:24:14.954 [main] DEBUG org.hibernate.orm.sql.ast.tree - SQL AST Tree:
    SelectStatement {
      FromClause {
        CollectionTableGroup (rc1 : org.frcpm.models.Task.requiredComponents) {
          primaryTableReference : task_components as rc1_0
          TableGroupJoins {
             join LazyTableGroup (rc1 : org.frcpm.models.Task.requiredComponents.{element}) {
              primaryTableReference : components as rc1_1
            }
          }
        }
      }
    }

10:24:14.954 [main] DEBUG org.hibernate.orm.jdbc.mutation - Static SQL for collection: org.frcpm.models.Task.requiredComponents
10:24:14.954 [main] DEBUG org.hibernate.orm.jdbc.mutation -  Row insert: insert into task_components (task_id,component_id) values (?,?)
10:24:14.954 [main] DEBUG org.hibernate.orm.jdbc.mutation -  Row delete: delete from task_components where task_id=? and component_id=?
10:24:14.954 [main] DEBUG org.hibernate.orm.jdbc.mutation -  One-shot delete: delete from task_components where task_id=?
10:24:14.954 [main] DEBUG org.hibernate.orm.sql.ast.create - Created new SQL alias : s1_0
10:24:14.954 [main] DEBUG org.hibernate.orm.sql.ast.create - Registration of TableGroup [org.hibernate.sql.ast.tree.from.OneToManyTableGroup@635ba418] with identifierForTableGroup [org.frcpm.models.Subteam.subsystems] for NavigablePath [org.frcpm.models.Subteam.subsystems] 
10:24:14.954 [main] DEBUG org.hibernate.orm.sql.ast.create - Registration of TableGroup [StandardTableGroup(org.frcpm.models.Subteam.subsystems.{element})] with identifierForTableGroup [org.frcpm.models.Subteam.subsystems.{element}] for NavigablePath [org.frcpm.models.Subteam.subsystems.{element}] 
10:24:14.954 [main] DEBUG org.hibernate.orm.sql.ast.create - Registration of TableGroup [org.hibernate.sql.ast.tree.from.LazyTableGroup@7e7073fb] with identifierForTableGroup [org.frcpm.models.Subteam.subsystems.{element}.responsibleSubteam] for NavigablePath [org.frcpm.models.Subteam.subsystems.{element}.responsibleSubteam] 
10:24:14.954 [main] DEBUG org.hibernate.orm.results.graph.AST - DomainResult Graph:
 \-CollectionDomainResult [org.frcpm.models.Subteam.subsystems]

10:24:14.954 [main] DEBUG org.hibernate.orm.sql.ast.tree - SQL AST Tree:
    SelectStatement {
      FromClause {
        OneToManyTableGroup (s1 : org.frcpm.models.Subteam.subsystems) {
          primaryTableReference : subsystems as s1_0
          TableGroupJoins {
            left  join LazyTableGroup (rs1 : org.frcpm.models.Subteam.subsystems.{element}.responsibleSubteam) {
            }
          }
        }
      }
    }

10:24:14.955 [main] DEBUG org.hibernate.orm.jdbc.mutation - Static SQL for collection: org.frcpm.models.Subteam.subsystems
10:24:14.955 [main] DEBUG org.hibernate.orm.sql.ast.create - Created new SQL alias : pd1_0
10:24:14.955 [main] DEBUG org.hibernate.orm.sql.ast.create - Registration of TableGroup [CollectionTableGroup(org.frcpm.models.Task.preDependencies)] with identifierForTableGroup [org.frcpm.models.Task.preDependencies] for NavigablePath [org.frcpm.models.Task.preDependencies] 
10:24:14.955 [main] DEBUG org.hibernate.orm.sql.ast.create - Registration of TableGroup [org.hibernate.sql.ast.tree.from.LazyTableGroup@3cb93d9e] with identifierForTableGroup [org.frcpm.models.Task.preDependencies.{element}] for NavigablePath [org.frcpm.models.Task.preDependencies.{element}] 
10:24:14.955 [main] DEBUG org.hibernate.orm.sql.ast.create - Created new SQL alias : pd1_1
10:24:14.955 [main] DEBUG org.hibernate.orm.sql.ast.create - Registration of TableGroup [org.hibernate.sql.ast.tree.from.LazyTableGroup@2fc3575] with identifierForTableGroup [org.frcpm.models.Task.preDependencies.{element}.project] for NavigablePath [org.frcpm.models.Task.preDependencies.{element}.project] 
10:24:14.955 [main] DEBUG org.hibernate.orm.sql.ast.create - Registration of TableGroup [org.hibernate.sql.ast.tree.from.LazyTableGroup@6d2c516e] with identifierForTableGroup [org.frcpm.models.Task.preDependencies.{element}.subsystem] for NavigablePath [org.frcpm.models.Task.preDependencies.{element}.subsystem] 
10:24:14.955 [main] DEBUG org.hibernate.orm.results.graph.AST - DomainResult Graph:
 \-CollectionDomainResult [org.frcpm.models.Task.preDependencies]

10:24:14.955 [main] DEBUG org.hibernate.orm.sql.ast.tree - SQL AST Tree:
    SelectStatement {
      FromClause {
        CollectionTableGroup (pd1 : org.frcpm.models.Task.preDependencies) {
          primaryTableReference : task_dependencies as pd1_0
          TableGroupJoins {
             join LazyTableGroup (pd1 : org.frcpm.models.Task.preDependencies.{element}) {
              primaryTableReference : tasks as pd1_1
              TableGroupJoins {
                left  join LazyTableGroup (p1 : org.frcpm.models.Task.preDependencies.{element}.project) {
                }
                left  join LazyTableGroup (s1 : org.frcpm.models.Task.preDependencies.{element}.subsystem) {
                }
              }
            }
          }
        }
      }
    }

10:24:14.955 [main] DEBUG org.hibernate.orm.jdbc.mutation - Static SQL for collection: org.frcpm.models.Task.preDependencies
10:24:14.955 [main] DEBUG org.hibernate.orm.jdbc.mutation -  Row insert: insert into task_dependencies (task_id,dependency_id) values (?,?)
10:24:14.955 [main] DEBUG org.hibernate.orm.jdbc.mutation -  Row delete: delete from task_dependencies where task_id=? and dependency_id=?
10:24:14.955 [main] DEBUG org.hibernate.orm.jdbc.mutation -  One-shot delete: delete from task_dependencies where task_id=?
10:24:14.955 [main] DEBUG org.hibernate.orm.sql.ast.create - Created new SQL alias : m1_0
10:24:14.955 [main] DEBUG org.hibernate.orm.sql.ast.create - Registration of TableGroup [org.hibernate.sql.ast.tree.from.OneToManyTableGroup@405df511] with identifierForTableGroup [org.frcpm.models.Project.milestones] for NavigablePath [org.frcpm.models.Project.milestones] 
10:24:14.955 [main] DEBUG org.hibernate.orm.sql.ast.create - Registration of TableGroup [StandardTableGroup(org.frcpm.models.Project.milestones.{element})] with identifierForTableGroup [org.frcpm.models.Project.milestones.{element}] for NavigablePath [org.frcpm.models.Project.milestones.{element}] 
10:24:14.955 [main] DEBUG org.hibernate.orm.sql.ast.create - Registration of TableGroup [org.hibernate.sql.ast.tree.from.LazyTableGroup@76e179ec] with identifierForTableGroup [org.frcpm.models.Project.milestones.{element}.project] for NavigablePath [org.frcpm.models.Project.milestones.{element}.project] 
10:24:14.955 [main] DEBUG org.hibernate.orm.results.graph.AST - DomainResult Graph:
 \-CollectionDomainResult [org.frcpm.models.Project.milestones]

10:24:14.955 [main] DEBUG org.hibernate.orm.sql.ast.tree - SQL AST Tree:
    SelectStatement {
      FromClause {
        OneToManyTableGroup (m1 : org.frcpm.models.Project.milestones) {
          primaryTableReference : milestones as m1_0
          TableGroupJoins {
            left  join LazyTableGroup (p1 : org.frcpm.models.Project.milestones.{element}.project) {
            }
          }
        }
      }
    }

10:24:14.955 [main] DEBUG org.hibernate.orm.jdbc.mutation - Static SQL for collection: org.frcpm.models.Project.milestones
10:24:14.955 [main] DEBUG org.hibernate.orm.sql.ast.create - Created new SQL alias : rft1_0
10:24:14.955 [main] DEBUG org.hibernate.orm.sql.ast.create - Registration of TableGroup [CollectionTableGroup(org.frcpm.models.Component.requiredForTasks)] with identifierForTableGroup [org.frcpm.models.Component.requiredForTasks] for NavigablePath [org.frcpm.models.Component.requiredForTasks] 
10:24:14.955 [main] DEBUG org.hibernate.orm.sql.ast.create - Registration of TableGroup [org.hibernate.sql.ast.tree.from.LazyTableGroup@bc5f1a4] with identifierForTableGroup [org.frcpm.models.Component.requiredForTasks.{element}] for NavigablePath [org.frcpm.models.Component.requiredForTasks.{element}] 
10:24:14.955 [main] DEBUG org.hibernate.orm.sql.ast.create - Created new SQL alias : rft1_1
10:24:14.955 [main] DEBUG org.hibernate.orm.sql.ast.create - Registration of TableGroup [org.hibernate.sql.ast.tree.from.LazyTableGroup@241f78b0] with identifierForTableGroup [org.frcpm.models.Component.requiredForTasks.{element}.project] for NavigablePath [org.frcpm.models.Component.requiredForTasks.{element}.project] 
10:24:14.955 [main] DEBUG org.hibernate.orm.sql.ast.create - Registration of TableGroup [org.hibernate.sql.ast.tree.from.LazyTableGroup@32e87d63] with identifierForTableGroup [org.frcpm.models.Component.requiredForTasks.{element}.subsystem] for NavigablePath [org.frcpm.models.Component.requiredForTasks.{element}.subsystem] 
10:24:14.955 [main] DEBUG org.hibernate.orm.results.graph.AST - DomainResult Graph:
 \-CollectionDomainResult [org.frcpm.models.Component.requiredForTasks]

10:24:14.955 [main] DEBUG org.hibernate.orm.sql.ast.tree - SQL AST Tree:
    SelectStatement {
      FromClause {
        CollectionTableGroup (rft1 : org.frcpm.models.Component.requiredForTasks) {
          primaryTableReference : task_components as rft1_0
          TableGroupJoins {
             join LazyTableGroup (rft1 : org.frcpm.models.Component.requiredForTasks.{element}) {
              primaryTableReference : tasks as rft1_1
              TableGroupJoins {
                left  join LazyTableGroup (p1 : org.frcpm.models.Component.requiredForTasks.{element}.project) {
                }
                left  join LazyTableGroup (s1 : org.frcpm.models.Component.requiredForTasks.{element}.subsystem) {
                }
              }
            }
          }
        }
      }
    }

10:24:14.955 [main] DEBUG org.hibernate.orm.jdbc.mutation - Static SQL for collection: org.frcpm.models.Component.requiredForTasks
10:24:14.955 [main] DEBUG org.hibernate.orm.sql.ast.create - Created new SQL alias : m1_0
10:24:14.955 [main] DEBUG org.hibernate.orm.sql.ast.create - Registration of TableGroup [org.hibernate.sql.ast.tree.from.OneToManyTableGroup@4981c2d3] with identifierForTableGroup [org.frcpm.models.Project.meetings] for NavigablePath [org.frcpm.models.Project.meetings] 
10:24:14.955 [main] DEBUG org.hibernate.orm.sql.ast.create - Registration of TableGroup [StandardTableGroup(org.frcpm.models.Project.meetings.{element})] with identifierForTableGroup [org.frcpm.models.Project.meetings.{element}] for NavigablePath [org.frcpm.models.Project.meetings.{element}] 
10:24:14.955 [main] DEBUG org.hibernate.orm.sql.ast.create - Registration of TableGroup [org.hibernate.sql.ast.tree.from.LazyTableGroup@72a8b25e] with identifierForTableGroup [org.frcpm.models.Project.meetings.{element}.project] for NavigablePath [org.frcpm.models.Project.meetings.{element}.project] 
10:24:14.955 [main] DEBUG org.hibernate.orm.results.graph.AST - DomainResult Graph:
 \-CollectionDomainResult [org.frcpm.models.Project.meetings]

10:24:14.955 [main] DEBUG org.hibernate.orm.sql.ast.tree - SQL AST Tree:
    SelectStatement {
      FromClause {
        OneToManyTableGroup (m1 : org.frcpm.models.Project.meetings) {
          primaryTableReference : meetings as m1_0
          TableGroupJoins {
            left  join LazyTableGroup (p1 : org.frcpm.models.Project.meetings.{element}.project) {
            }
          }
        }
      }
    }

10:24:14.955 [main] DEBUG org.hibernate.orm.jdbc.mutation - Static SQL for collection: org.frcpm.models.Project.meetings
10:24:14.955 [main] DEBUG org.hibernate.orm.sql.ast.create - Created new SQL alias : at1_0
10:24:14.955 [main] DEBUG org.hibernate.orm.sql.ast.create - Registration of TableGroup [CollectionTableGroup(org.frcpm.models.TeamMember.assignedTasks)] with identifierForTableGroup [org.frcpm.models.TeamMember.assignedTasks] for NavigablePath [org.frcpm.models.TeamMember.assignedTasks] 
10:24:14.955 [main] DEBUG org.hibernate.orm.sql.ast.create - Registration of TableGroup [org.hibernate.sql.ast.tree.from.LazyTableGroup@327df687] with identifierForTableGroup [org.frcpm.models.TeamMember.assignedTasks.{element}] for NavigablePath [org.frcpm.models.TeamMember.assignedTasks.{element}] 
10:24:14.955 [main] DEBUG org.hibernate.orm.sql.ast.create - Created new SQL alias : at1_1
10:24:14.955 [main] DEBUG org.hibernate.orm.sql.ast.create - Registration of TableGroup [org.hibernate.sql.ast.tree.from.LazyTableGroup@752d2d41] with identifierForTableGroup [org.frcpm.models.TeamMember.assignedTasks.{element}.project] for NavigablePath [org.frcpm.models.TeamMember.assignedTasks.{element}.project] 
10:24:14.956 [main] DEBUG org.hibernate.orm.sql.ast.create - Registration of TableGroup [org.hibernate.sql.ast.tree.from.LazyTableGroup@177f6b03] with identifierForTableGroup [org.frcpm.models.TeamMember.assignedTasks.{element}.subsystem] for NavigablePath [org.frcpm.models.TeamMember.assignedTasks.{element}.subsystem] 
10:24:14.956 [main] DEBUG org.hibernate.orm.results.graph.AST - DomainResult Graph:
 \-CollectionDomainResult [org.frcpm.models.TeamMember.assignedTasks]

10:24:14.956 [main] DEBUG org.hibernate.orm.sql.ast.tree - SQL AST Tree:
    SelectStatement {
      FromClause {
        CollectionTableGroup (at1 : org.frcpm.models.TeamMember.assignedTasks) {
          primaryTableReference : task_assignments as at1_0
          TableGroupJoins {
             join LazyTableGroup (at1 : org.frcpm.models.TeamMember.assignedTasks.{element}) {
              primaryTableReference : tasks as at1_1
              TableGroupJoins {
                left  join LazyTableGroup (p1 : org.frcpm.models.TeamMember.assignedTasks.{element}.project) {
                }
                left  join LazyTableGroup (s1 : org.frcpm.models.TeamMember.assignedTasks.{element}.subsystem) {
                }
              }
            }
          }
        }
      }
    }

10:24:14.956 [main] DEBUG org.hibernate.orm.jdbc.mutation - Static SQL for collection: org.frcpm.models.TeamMember.assignedTasks
10:24:14.956 [main] DEBUG org.hibernate.orm.sql.ast.create - Created new SQL alias : a1_0
10:24:14.956 [main] DEBUG org.hibernate.orm.sql.ast.create - Registration of TableGroup [org.hibernate.sql.ast.tree.from.OneToManyTableGroup@56b0059c] with identifierForTableGroup [org.frcpm.models.Meeting.attendances] for NavigablePath [org.frcpm.models.Meeting.attendances] 
10:24:14.956 [main] DEBUG org.hibernate.orm.sql.ast.create - Registration of TableGroup [StandardTableGroup(org.frcpm.models.Meeting.attendances.{element})] with identifierForTableGroup [org.frcpm.models.Meeting.attendances.{element}] for NavigablePath [org.frcpm.models.Meeting.attendances.{element}] 
10:24:14.956 [main] DEBUG org.hibernate.orm.sql.ast.create - Registration of TableGroup [org.hibernate.sql.ast.tree.from.LazyTableGroup@160ffb29] with identifierForTableGroup [org.frcpm.models.Meeting.attendances.{element}.meeting] for NavigablePath [org.frcpm.models.Meeting.attendances.{element}.meeting] 
10:24:14.956 [main] DEBUG org.hibernate.orm.sql.ast.create - Registration of TableGroup [org.hibernate.sql.ast.tree.from.LazyTableGroup@6bcbea23] with identifierForTableGroup [org.frcpm.models.Meeting.attendances.{element}.member] for NavigablePath [org.frcpm.models.Meeting.attendances.{element}.member] 
10:24:14.956 [main] DEBUG org.hibernate.orm.results.graph.AST - DomainResult Graph:
 \-CollectionDomainResult [org.frcpm.models.Meeting.attendances]

10:24:14.956 [main] DEBUG org.hibernate.orm.sql.ast.tree - SQL AST Tree:
    SelectStatement {
      FromClause {
        OneToManyTableGroup (a1 : org.frcpm.models.Meeting.attendances) {
          primaryTableReference : attendances as a1_0
          TableGroupJoins {
            left  join LazyTableGroup (m1 : org.frcpm.models.Meeting.attendances.{element}.meeting) {
            }
            left  join LazyTableGroup (m2 : org.frcpm.models.Meeting.attendances.{element}.member) {
            }
          }
        }
      }
    }

10:24:14.956 [main] DEBUG org.hibernate.orm.jdbc.mutation - Static SQL for collection: org.frcpm.models.Meeting.attendances
10:24:14.956 [main] DEBUG org.hibernate.orm.sql.ast.create - Created new SQL alias : pd1_0
10:24:14.956 [main] DEBUG org.hibernate.orm.sql.ast.create - Registration of TableGroup [CollectionTableGroup(org.frcpm.models.Task.postDependencies)] with identifierForTableGroup [org.frcpm.models.Task.postDependencies] for NavigablePath [org.frcpm.models.Task.postDependencies] 
10:24:14.956 [main] DEBUG org.hibernate.orm.sql.ast.create - Registration of TableGroup [org.hibernate.sql.ast.tree.from.LazyTableGroup@54befc19] with identifierForTableGroup [org.frcpm.models.Task.postDependencies.{element}] for NavigablePath [org.frcpm.models.Task.postDependencies.{element}] 
10:24:14.956 [main] DEBUG org.hibernate.orm.sql.ast.create - Created new SQL alias : pd1_1
10:24:14.956 [main] DEBUG org.hibernate.orm.sql.ast.create - Registration of TableGroup [org.hibernate.sql.ast.tree.from.LazyTableGroup@bc9a37b] with identifierForTableGroup [org.frcpm.models.Task.postDependencies.{element}.project] for NavigablePath [org.frcpm.models.Task.postDependencies.{element}.project] 
10:24:14.956 [main] DEBUG org.hibernate.orm.sql.ast.create - Registration of TableGroup [org.hibernate.sql.ast.tree.from.LazyTableGroup@e263b9a] with identifierForTableGroup [org.frcpm.models.Task.postDependencies.{element}.subsystem] for NavigablePath [org.frcpm.models.Task.postDependencies.{element}.subsystem] 
10:24:14.956 [main] DEBUG org.hibernate.orm.results.graph.AST - DomainResult Graph:
 \-CollectionDomainResult [org.frcpm.models.Task.postDependencies]

10:24:14.956 [main] DEBUG org.hibernate.orm.sql.ast.tree - SQL AST Tree:
    SelectStatement {
      FromClause {
        CollectionTableGroup (pd1 : org.frcpm.models.Task.postDependencies) {
          primaryTableReference : task_dependencies as pd1_0
          TableGroupJoins {
             join LazyTableGroup (pd1 : org.frcpm.models.Task.postDependencies.{element}) {
              primaryTableReference : tasks as pd1_1
              TableGroupJoins {
                left  join LazyTableGroup (p1 : org.frcpm.models.Task.postDependencies.{element}.project) {
                }
                left  join LazyTableGroup (s1 : org.frcpm.models.Task.postDependencies.{element}.subsystem) {
                }
              }
            }
          }
        }
      }
    }

10:24:14.956 [main] DEBUG org.hibernate.orm.jdbc.mutation - Static SQL for collection: org.frcpm.models.Task.postDependencies
10:24:14.956 [main] DEBUG org.hibernate.orm.sql.ast.create - Created new SQL alias : t1_0
10:24:14.956 [main] DEBUG org.hibernate.orm.sql.ast.create - Registration of TableGroup [org.hibernate.sql.ast.tree.from.OneToManyTableGroup@6b4ffcd8] with identifierForTableGroup [org.frcpm.models.Project.tasks] for NavigablePath [org.frcpm.models.Project.tasks] 
10:24:14.956 [main] DEBUG org.hibernate.orm.sql.ast.create - Registration of TableGroup [StandardTableGroup(org.frcpm.models.Project.tasks.{element})] with identifierForTableGroup [org.frcpm.models.Project.tasks.{element}] for NavigablePath [org.frcpm.models.Project.tasks.{element}] 
10:24:14.956 [main] DEBUG org.hibernate.orm.sql.ast.create - Registration of TableGroup [org.hibernate.sql.ast.tree.from.LazyTableGroup@6a7f8220] with identifierForTableGroup [org.frcpm.models.Project.tasks.{element}.project] for NavigablePath [org.frcpm.models.Project.tasks.{element}.project] 
10:24:14.956 [main] DEBUG org.hibernate.orm.sql.ast.create - Registration of TableGroup [org.hibernate.sql.ast.tree.from.LazyTableGroup@22150412] with identifierForTableGroup [org.frcpm.models.Project.tasks.{element}.subsystem] for NavigablePath [org.frcpm.models.Project.tasks.{element}.subsystem] 
10:24:14.956 [main] DEBUG org.hibernate.orm.results.graph.AST - DomainResult Graph:
 \-CollectionDomainResult [org.frcpm.models.Project.tasks]

10:24:14.956 [main] DEBUG org.hibernate.orm.sql.ast.tree - SQL AST Tree:
    SelectStatement {
      FromClause {
        OneToManyTableGroup (t1 : org.frcpm.models.Project.tasks) {
          primaryTableReference : tasks as t1_0
          TableGroupJoins {
            left  join LazyTableGroup (p1 : org.frcpm.models.Project.tasks.{element}.project) {
            }
            left  join LazyTableGroup (s1 : org.frcpm.models.Project.tasks.{element}.subsystem) {
            }
          }
        }
      }
    }

10:24:14.956 [main] DEBUG org.hibernate.orm.jdbc.mutation - Static SQL for collection: org.frcpm.models.Project.tasks
10:24:14.959 [FRC-PM-HikariCP connection adder] DEBUG com.zaxxer.hikari.pool.HikariPool - FRC-PM-HikariCP - After adding stats (total=2, active=0, idle=2, waiting=0)
10:24:14.962 [main] DEBUG org.hibernate.type.spi.TypeConfiguration$Scope - Scoping TypeConfiguration [org.hibernate.type.spi.TypeConfiguration@1e500144] to SessionFactoryImplementor [org.hibernate.internal.SessionFactoryImpl@3acd0e63]
10:24:14.962 [main] DEBUG org.hibernate.query.named.NamedObjectRepository - Checking 0 named HQL queries
10:24:14.962 [main] DEBUG org.hibernate.query.named.NamedObjectRepository - Checking 0 named SQL queries
10:24:14.965 [main] DEBUG org.hibernate.mapping.Table - No alter strings for table : attendances
10:24:14.966 [main] DEBUG org.hibernate.SQL - alter table if exists components alter column description set data type TEXT
10:24:14.967 [main] DEBUG org.hibernate.SQL - alter table if exists meetings alter column notes set data type TEXT
10:24:14.968 [main] DEBUG org.hibernate.SQL - alter table if exists milestones alter column description set data type TEXT
10:24:14.968 [main] DEBUG org.hibernate.SQL - alter table if exists projects alter column description set data type TEXT
10:24:14.970 [main] DEBUG org.hibernate.SQL - alter table if exists subsystems alter column description set data type TEXT
10:24:14.971 [main] DEBUG org.hibernate.SQL - alter table if exists subteams alter column specialties set data type TEXT
10:24:14.972 [main] DEBUG org.hibernate.mapping.Table - No alter strings for table : task_assignments
10:24:14.972 [main] DEBUG org.hibernate.mapping.Table - No alter strings for table : task_components
10:24:14.972 [main] DEBUG org.hibernate.mapping.Table - No alter strings for table : task_dependencies
10:24:14.972 [main] DEBUG org.hibernate.SQL - alter table if exists tasks alter column description set data type TEXT
10:24:14.973 [main] DEBUG org.hibernate.SQL - alter table if exists team_members alter column skills set data type TEXT
10:24:14.973 [main] DEBUG org.hibernate.SQL - alter table if exists attendances drop constraint if exists UKa8ydr6vrgbux3a27v7enb0y3x
10:24:14.974 [main] DEBUG org.hibernate.SQL - alter table if exists attendances add constraint UKa8ydr6vrgbux3a27v7enb0y3x unique (meeting_id, member_id)
10:24:14.976 [main] DEBUG org.hibernate.internal.SessionFactoryRegistry - Registering SessionFactory: 55657a73-12e8-4a39-bcde-8fd6fc1bb056 (<unnamed>)
10:24:14.976 [main] DEBUG org.hibernate.internal.SessionFactoryRegistry - Not binding SessionFactory to JNDI, no JNDI name configured
10:24:14.976 [main] DEBUG org.hibernate.internal.SessionFactoryImpl - Instantiated SessionFactory
10:24:14.977 [main] DEBUG org.hibernate.stat.internal.StatisticsInitiator - Statistics initialized [enabled=false]
10:24:14.977 [main] DEBUG org.hibernate.engine.transaction.internal.TransactionImpl - On TransactionImpl creation, JpaCompliance#isJpaTransactionComplianceEnabled == false
10:24:14.977 [main] DEBUG org.hibernate.engine.transaction.internal.TransactionImpl - begin
10:24:14.977 [main] DEBUG org.hibernate.engine.spi.ActionQueue - Executing identity-insert immediately
10:24:14.977 [main] DEBUG org.hibernate.SQL - insert into projects (description,goal_end_date,hard_deadline,name,start_date,id) values (?,?,?,?,?,default)
10:24:14.978 [main] DEBUG org.hibernate.orm.results - Initializer list is empty
10:24:14.978 [main] DEBUG org.hibernate.orm.results.loading - Calling top-level assembler (0 / 1) : org.hibernate.sql.results.graph.basic.BasicResultAssembler@61e88a1d
10:24:14.978 [main] DEBUG org.hibernate.orm.results - Extracted JDBC value [0] - [164]
10:24:14.978 [main] DEBUG org.hibernate.id.IdentifierGeneratorHelper - Extracted generated values [org.frcpm.models.Project]: [Ljava.lang.Object;@16b01c9f
10:24:14.979 [main] DEBUG org.hibernate.event.internal.AbstractFlushingEventListener - Processing flush-time cascades
10:24:14.979 [main] DEBUG org.hibernate.event.internal.AbstractFlushingEventListener - Dirty checking collections
10:24:14.979 [main] DEBUG org.hibernate.engine.internal.Collections - Collection found: [org.frcpm.models.Project.meetings#164], was: [<unreferenced>] (initialized)
10:24:14.979 [main] DEBUG org.hibernate.engine.internal.Collections - Collection found: [org.frcpm.models.Project.milestones#164], was: [<unreferenced>] (initialized)
10:24:14.979 [main] DEBUG org.hibernate.engine.internal.Collections - Collection found: [org.frcpm.models.Project.tasks#164], was: [<unreferenced>] (initialized)
10:24:14.979 [main] DEBUG org.hibernate.event.internal.AbstractFlushingEventListener - Flushed: 0 insertions, 0 updates, 0 deletions to 1 objects
10:24:14.979 [main] DEBUG org.hibernate.event.internal.AbstractFlushingEventListener - Flushed: 3 (re)creations, 0 updates, 0 removals to 3 collections
10:24:14.979 [main] DEBUG org.hibernate.internal.util.EntityPrinter - Listing entities:
10:24:14.980 [main] DEBUG org.hibernate.internal.util.EntityPrinter - org.frcpm.models.Project{hardDeadline=2025-06-20, name=Test Attendance Project, description=null, meetings=[], id=164, goalEndDate=2025-06-06, milestones=[], startDate=2025-04-25, tasks=[]}
10:24:14.980 [main] DEBUG org.hibernate.engine.transaction.internal.TransactionImpl - committing
10:24:14.980 [main] DEBUG org.hibernate.event.internal.AbstractFlushingEventListener - Processing flush-time cascades
10:24:14.980 [main] DEBUG org.hibernate.event.internal.AbstractFlushingEventListener - Dirty checking collections
10:24:14.980 [main] DEBUG org.hibernate.engine.internal.Collections - Collection found: [org.frcpm.models.Project.meetings#164], was: [org.frcpm.models.Project.meetings#164] (initialized)
10:24:14.980 [main] DEBUG org.hibernate.engine.internal.Collections - Collection found: [org.frcpm.models.Project.milestones#164], was: [org.frcpm.models.Project.milestones#164] (initialized)
10:24:14.980 [main] DEBUG org.hibernate.engine.internal.Collections - Collection found: [org.frcpm.models.Project.tasks#164], was: [org.frcpm.models.Project.tasks#164] (initialized)
10:24:14.980 [main] DEBUG org.hibernate.event.internal.AbstractFlushingEventListener - Flushed: 0 insertions, 0 updates, 0 deletions to 1 objects
10:24:14.980 [main] DEBUG org.hibernate.event.internal.AbstractFlushingEventListener - Flushed: 0 (re)creations, 0 updates, 0 removals to 3 collections
10:24:14.980 [main] DEBUG org.hibernate.internal.util.EntityPrinter - Listing entities:
10:24:14.980 [main] DEBUG org.hibernate.internal.util.EntityPrinter - org.frcpm.models.Project{hardDeadline=2025-06-20, name=Test Attendance Project, description=null, meetings=[], id=164, goalEndDate=2025-06-06, milestones=[], startDate=2025-04-25, tasks=[]}
10:24:14.981 [main] DEBUG org.hibernate.resource.jdbc.internal.LogicalConnectionManagedImpl - Initiating JDBC connection release from afterTransaction
10:24:14.981 [main] DEBUG org.hibernate.resource.jdbc.internal.LogicalConnectionManagedImpl - Initiating JDBC connection release from afterTransaction
10:24:14.981 [main] DEBUG org.hibernate.engine.transaction.internal.TransactionImpl - On TransactionImpl creation, JpaCompliance#isJpaTransactionComplianceEnabled == false
10:24:14.981 [main] DEBUG org.hibernate.engine.transaction.internal.TransactionImpl - begin
10:24:14.981 [main] DEBUG org.hibernate.engine.spi.ActionQueue - Executing identity-insert immediately
10:24:14.982 [main] DEBUG org.hibernate.SQL - insert into meetings (date,end_time,notes,project_id,start_time,id) values (?,?,?,?,?,default)
10:24:14.983 [main] DEBUG org.hibernate.orm.results - Initializer list is empty
10:24:14.984 [main] DEBUG org.hibernate.orm.results.loading - Calling top-level assembler (0 / 1) : org.hibernate.sql.results.graph.basic.BasicResultAssembler@79b9577b
10:24:14.984 [main] DEBUG org.hibernate.orm.results - Extracted JDBC value [0] - [98]
10:24:14.984 [main] DEBUG org.hibernate.id.IdentifierGeneratorHelper - Extracted generated values [org.frcpm.models.Meeting]: [Ljava.lang.Object;@3327215f
10:24:14.984 [main] DEBUG org.hibernate.event.internal.AbstractFlushingEventListener - Processing flush-time cascades
10:24:14.984 [main] DEBUG org.hibernate.event.internal.AbstractFlushingEventListener - Dirty checking collections
10:24:14.984 [main] DEBUG org.hibernate.engine.internal.Collections - Collection found: [org.frcpm.models.Meeting.attendances#98], was: [<unreferenced>] (initialized)
10:24:14.985 [main] DEBUG org.hibernate.event.internal.AbstractFlushingEventListener - Flushed: 0 insertions, 0 updates, 0 deletions to 1 objects
10:24:14.985 [main] DEBUG org.hibernate.event.internal.AbstractFlushingEventListener - Flushed: 1 (re)creations, 0 updates, 0 removals to 1 collections
10:24:14.985 [main] DEBUG org.hibernate.internal.util.EntityPrinter - Listing entities:
10:24:14.985 [main] DEBUG org.hibernate.internal.util.EntityPrinter - org.frcpm.models.Meeting{date=2025-04-26, notes=null, project=org.frcpm.models.Project#164, startTime=18:00, id=98, endTime=20:00, attendances=[]}
10:24:14.985 [main] DEBUG org.hibernate.engine.transaction.internal.TransactionImpl - committing
10:24:14.985 [main] DEBUG org.hibernate.event.internal.AbstractFlushingEventListener - Processing flush-time cascades
10:24:14.985 [main] DEBUG org.hibernate.event.internal.AbstractFlushingEventListener - Dirty checking collections
10:24:14.985 [main] DEBUG org.hibernate.engine.internal.Collections - Collection found: [org.frcpm.models.Meeting.attendances#98], was: [org.frcpm.models.Meeting.attendances#98] (initialized)
10:24:14.985 [main] DEBUG org.hibernate.event.internal.AbstractFlushingEventListener - Flushed: 0 insertions, 0 updates, 0 deletions to 1 objects
10:24:14.985 [main] DEBUG org.hibernate.event.internal.AbstractFlushingEventListener - Flushed: 0 (re)creations, 0 updates, 0 removals to 1 collections
10:24:14.985 [main] DEBUG org.hibernate.internal.util.EntityPrinter - Listing entities:
10:24:14.986 [main] DEBUG org.hibernate.internal.util.EntityPrinter - org.frcpm.models.Meeting{date=2025-04-26, notes=null, project=org.frcpm.models.Project#164, startTime=18:00, id=98, endTime=20:00, attendances=[]}
10:24:14.986 [main] DEBUG org.hibernate.resource.jdbc.internal.LogicalConnectionManagedImpl - Initiating JDBC connection release from afterTransaction
10:24:14.986 [main] DEBUG org.hibernate.resource.jdbc.internal.LogicalConnectionManagedImpl - Initiating JDBC connection release from afterTransaction
10:24:14.986 [main] DEBUG org.hibernate.engine.transaction.internal.TransactionImpl - On TransactionImpl creation, JpaCompliance#isJpaTransactionComplianceEnabled == false
10:24:14.986 [main] DEBUG org.hibernate.engine.transaction.internal.TransactionImpl - begin
10:24:14.986 [main] DEBUG org.hibernate.engine.spi.ActionQueue - Executing identity-insert immediately
10:24:14.986 [main] DEBUG org.hibernate.SQL - insert into team_members (email,first_name,last_name,is_leader,phone,skills,subteam_id,username,id) values (?,?,?,?,?,?,?,?,default)
10:24:14.987 [main] DEBUG org.hibernate.orm.results - Initializer list is empty
10:24:14.987 [main] DEBUG org.hibernate.orm.results.loading - Calling top-level assembler (0 / 1) : org.hibernate.sql.results.graph.basic.BasicResultAssembler@1d13b09b
10:24:14.987 [main] DEBUG org.hibernate.orm.results - Extracted JDBC value [0] - [151]
10:24:14.987 [main] DEBUG org.hibernate.id.IdentifierGeneratorHelper - Extracted generated values [org.frcpm.models.TeamMember]: [Ljava.lang.Object;@60924e7d
10:24:14.987 [main] DEBUG org.hibernate.event.internal.AbstractFlushingEventListener - Processing flush-time cascades
10:24:14.987 [main] DEBUG org.hibernate.event.internal.AbstractFlushingEventListener - Dirty checking collections
10:24:14.987 [main] DEBUG org.hibernate.engine.internal.Collections - Collection found: [org.frcpm.models.TeamMember.assignedTasks#151], was: [<unreferenced>] (initialized)
10:24:14.987 [main] DEBUG org.hibernate.engine.internal.Collections - Collection found: [org.frcpm.models.TeamMember.attendances#151], was: [<unreferenced>] (initialized)
10:24:14.987 [main] DEBUG org.hibernate.event.internal.AbstractFlushingEventListener - Flushed: 0 insertions, 0 updates, 0 deletions to 1 objects
10:24:14.987 [main] DEBUG org.hibernate.event.internal.AbstractFlushingEventListener - Flushed: 2 (re)creations, 0 updates, 0 removals to 2 collections
10:24:14.987 [main] DEBUG org.hibernate.internal.util.EntityPrinter - Listing entities:
10:24:14.987 [main] DEBUG org.hibernate.internal.util.EntityPrinter - org.frcpm.models.TeamMember{skills=null, firstName=Attendance, lastName=Test1, leader=false, subteam=null, phone=null, id=151, attendances=[], email=attendance1@example.com, assignedTasks=[], username=attendancetest1}
10:24:14.987 [main] DEBUG org.hibernate.engine.transaction.internal.TransactionImpl - committing
10:24:14.987 [main] DEBUG org.hibernate.event.internal.AbstractFlushingEventListener - Processing flush-time cascades
10:24:14.987 [main] DEBUG org.hibernate.event.internal.AbstractFlushingEventListener - Dirty checking collections
10:24:14.987 [main] DEBUG org.hibernate.engine.internal.Collections - Collection found: [org.frcpm.models.TeamMember.assignedTasks#151], was: [org.frcpm.models.TeamMember.assignedTasks#151] (initialized)
10:24:14.987 [main] DEBUG org.hibernate.engine.internal.Collections - Collection found: [org.frcpm.models.TeamMember.attendances#151], was: [org.frcpm.models.TeamMember.attendances#151] (initialized)
10:24:14.987 [main] DEBUG org.hibernate.event.internal.AbstractFlushingEventListener - Flushed: 0 insertions, 0 updates, 0 deletions to 1 objects
10:24:14.987 [main] DEBUG org.hibernate.event.internal.AbstractFlushingEventListener - Flushed: 0 (re)creations, 0 updates, 0 removals to 2 collections
10:24:14.987 [main] DEBUG org.hibernate.internal.util.EntityPrinter - Listing entities:
10:24:14.987 [main] DEBUG org.hibernate.internal.util.EntityPrinter - org.frcpm.models.TeamMember{skills=null, firstName=Attendance, lastName=Test1, leader=false, subteam=null, phone=null, id=151, attendances=[], email=attendance1@example.com, assignedTasks=[], username=attendancetest1}
10:24:14.987 [main] DEBUG org.hibernate.resource.jdbc.internal.LogicalConnectionManagedImpl - Initiating JDBC connection release from afterTransaction
10:24:14.987 [main] DEBUG org.hibernate.resource.jdbc.internal.LogicalConnectionManagedImpl - Initiating JDBC connection release from afterTransaction
10:24:14.987 [main] DEBUG org.hibernate.engine.transaction.internal.TransactionImpl - On TransactionImpl creation, JpaCompliance#isJpaTransactionComplianceEnabled == false
10:24:14.987 [main] DEBUG org.hibernate.engine.transaction.internal.TransactionImpl - begin
10:24:14.988 [main] DEBUG org.hibernate.engine.spi.ActionQueue - Executing identity-insert immediately
10:24:14.988 [main] DEBUG org.hibernate.SQL - insert into team_members (email,first_name,last_name,is_leader,phone,skills,subteam_id,username,id) values (?,?,?,?,?,?,?,?,default)
10:24:14.988 [main] DEBUG org.hibernate.orm.results - Initializer list is empty
10:24:14.988 [main] DEBUG org.hibernate.orm.results.loading - Calling top-level assembler (0 / 1) : org.hibernate.sql.results.graph.basic.BasicResultAssembler@50aeafd9
10:24:14.988 [main] DEBUG org.hibernate.orm.results - Extracted JDBC value [0] - [152]
10:24:14.988 [main] DEBUG org.hibernate.id.IdentifierGeneratorHelper - Extracted generated values [org.frcpm.models.TeamMember]: [Ljava.lang.Object;@595cc4af
10:24:14.988 [main] DEBUG org.hibernate.event.internal.AbstractFlushingEventListener - Processing flush-time cascades
10:24:14.988 [main] DEBUG org.hibernate.event.internal.AbstractFlushingEventListener - Dirty checking collections
10:24:14.988 [main] DEBUG org.hibernate.engine.internal.Collections - Collection found: [org.frcpm.models.TeamMember.assignedTasks#152], was: [<unreferenced>] (initialized)
10:24:14.988 [main] DEBUG org.hibernate.engine.internal.Collections - Collection found: [org.frcpm.models.TeamMember.attendances#152], was: [<unreferenced>] (initialized)
10:24:14.988 [main] DEBUG org.hibernate.event.internal.AbstractFlushingEventListener - Flushed: 0 insertions, 0 updates, 0 deletions to 1 objects
10:24:14.988 [main] DEBUG org.hibernate.event.internal.AbstractFlushingEventListener - Flushed: 2 (re)creations, 0 updates, 0 removals to 2 collections
10:24:14.988 [main] DEBUG org.hibernate.internal.util.EntityPrinter - Listing entities:
10:24:14.988 [main] DEBUG org.hibernate.internal.util.EntityPrinter - org.frcpm.models.TeamMember{skills=null, firstName=Attendance, lastName=Test2, leader=false, subteam=null, phone=null, id=152, attendances=[], email=attendance2@example.com, assignedTasks=[], username=attendancetest2}
10:24:14.988 [main] DEBUG org.hibernate.engine.transaction.internal.TransactionImpl - committing
10:24:14.988 [main] DEBUG org.hibernate.event.internal.AbstractFlushingEventListener - Processing flush-time cascades
10:24:14.988 [main] DEBUG org.hibernate.event.internal.AbstractFlushingEventListener - Dirty checking collections
10:24:14.988 [main] DEBUG org.hibernate.engine.internal.Collections - Collection found: [org.frcpm.models.TeamMember.assignedTasks#152], was: [org.frcpm.models.TeamMember.assignedTasks#152] (initialized)
10:24:14.988 [main] DEBUG org.hibernate.engine.internal.Collections - Collection found: [org.frcpm.models.TeamMember.attendances#152], was: [org.frcpm.models.TeamMember.attendances#152] (initialized)
10:24:14.988 [main] DEBUG org.hibernate.event.internal.AbstractFlushingEventListener - Flushed: 0 insertions, 0 updates, 0 deletions to 1 objects
10:24:14.988 [main] DEBUG org.hibernate.event.internal.AbstractFlushingEventListener - Flushed: 0 (re)creations, 0 updates, 0 removals to 2 collections
10:24:14.988 [main] DEBUG org.hibernate.internal.util.EntityPrinter - Listing entities:
10:24:14.988 [main] DEBUG org.hibernate.internal.util.EntityPrinter - org.frcpm.models.TeamMember{skills=null, firstName=Attendance, lastName=Test2, leader=false, subteam=null, phone=null, id=152, attendances=[], email=attendance2@example.com, assignedTasks=[], username=attendancetest2}
10:24:14.989 [main] DEBUG org.hibernate.resource.jdbc.internal.LogicalConnectionManagedImpl - Initiating JDBC connection release from afterTransaction
10:24:14.989 [main] DEBUG org.hibernate.resource.jdbc.internal.LogicalConnectionManagedImpl - Initiating JDBC connection release from afterTransaction
10:24:14.989 [main] DEBUG org.hibernate.engine.transaction.internal.TransactionImpl - On TransactionImpl creation, JpaCompliance#isJpaTransactionComplianceEnabled == false
10:24:14.989 [main] DEBUG org.hibernate.engine.transaction.internal.TransactionImpl - begin
10:24:14.989 [main] DEBUG org.hibernate.engine.spi.ActionQueue - Executing identity-insert immediately
10:24:14.989 [main] DEBUG org.hibernate.SQL - insert into attendances (arrival_time,departure_time,meeting_id,member_id,present,id) values (?,?,?,?,?,default)
10:24:14.990 [main] DEBUG org.hibernate.orm.results - Initializer list is empty
10:24:14.990 [main] DEBUG org.hibernate.orm.results.loading - Calling top-level assembler (0 / 1) : org.hibernate.sql.results.graph.basic.BasicResultAssembler@1fd948e4
10:24:14.990 [main] DEBUG org.hibernate.orm.results - Extracted JDBC value [0] - [94]
10:24:14.990 [main] DEBUG org.hibernate.id.IdentifierGeneratorHelper - Extracted generated values [org.frcpm.models.Attendance]: [Ljava.lang.Object;@7fa64429
10:24:14.990 [main] DEBUG org.hibernate.event.internal.AbstractFlushingEventListener - Processing flush-time cascades
10:24:14.990 [main] DEBUG org.hibernate.event.internal.AbstractFlushingEventListener - Dirty checking collections
10:24:14.990 [main] DEBUG org.hibernate.event.internal.AbstractFlushingEventListener - Flushed: 0 insertions, 0 updates, 0 deletions to 1 objects
10:24:14.990 [main] DEBUG org.hibernate.event.internal.AbstractFlushingEventListener - Flushed: 0 (re)creations, 0 updates, 0 removals to 0 collections
10:24:14.990 [main] DEBUG org.hibernate.internal.util.EntityPrinter - Listing entities:
10:24:14.990 [main] DEBUG org.hibernate.internal.util.EntityPrinter - org.frcpm.models.Attendance{departureTime=20:00, arrivalTime=18:00, member=org.frcpm.models.TeamMember#151, id=94, present=true, meeting=org.frcpm.models.Meeting#98}
10:24:14.990 [main] DEBUG org.hibernate.engine.transaction.internal.TransactionImpl - committing
10:24:14.990 [main] DEBUG org.hibernate.event.internal.AbstractFlushingEventListener - Processing flush-time cascades
10:24:14.990 [main] DEBUG org.hibernate.event.internal.AbstractFlushingEventListener - Dirty checking collections
10:24:14.990 [main] DEBUG org.hibernate.event.internal.AbstractFlushingEventListener - Flushed: 0 insertions, 0 updates, 0 deletions to 1 objects
10:24:14.990 [main] DEBUG org.hibernate.event.internal.AbstractFlushingEventListener - Flushed: 0 (re)creations, 0 updates, 0 removals to 0 collections
10:24:14.990 [main] DEBUG org.hibernate.internal.util.EntityPrinter - Listing entities:
10:24:14.990 [main] DEBUG org.hibernate.internal.util.EntityPrinter - org.frcpm.models.Attendance{departureTime=20:00, arrivalTime=18:00, member=org.frcpm.models.TeamMember#151, id=94, present=true, meeting=org.frcpm.models.Meeting#98}
10:24:14.991 [main] DEBUG org.hibernate.resource.jdbc.internal.LogicalConnectionManagedImpl - Initiating JDBC connection release from afterTransaction
10:24:14.991 [main] DEBUG org.hibernate.resource.jdbc.internal.LogicalConnectionManagedImpl - Initiating JDBC connection release from afterTransaction
10:24:14.991 [main] DEBUG org.hibernate.engine.transaction.internal.TransactionImpl - On TransactionImpl creation, JpaCompliance#isJpaTransactionComplianceEnabled == false
10:24:14.991 [main] DEBUG org.hibernate.engine.transaction.internal.TransactionImpl - begin
10:24:14.991 [main] DEBUG org.hibernate.engine.spi.ActionQueue - Executing identity-insert immediately
10:24:14.991 [main] DEBUG org.hibernate.SQL - insert into attendances (arrival_time,departure_time,meeting_id,member_id,present,id) values (?,?,?,?,?,default)
10:24:14.991 [main] DEBUG org.hibernate.orm.results - Initializer list is empty
10:24:14.991 [main] DEBUG org.hibernate.orm.results.loading - Calling top-level assembler (0 / 1) : org.hibernate.sql.results.graph.basic.BasicResultAssembler@34db71a9
10:24:14.991 [main] DEBUG org.hibernate.orm.results - Extracted JDBC value [0] - [95]
10:24:14.991 [main] DEBUG org.hibernate.id.IdentifierGeneratorHelper - Extracted generated values [org.frcpm.models.Attendance]: [Ljava.lang.Object;@4d9ce295
10:24:14.991 [main] DEBUG org.hibernate.event.internal.AbstractFlushingEventListener - Processing flush-time cascades
10:24:14.991 [main] DEBUG org.hibernate.event.internal.AbstractFlushingEventListener - Dirty checking collections
10:24:14.992 [main] DEBUG org.hibernate.event.internal.AbstractFlushingEventListener - Flushed: 0 insertions, 0 updates, 0 deletions to 1 objects
10:24:14.992 [main] DEBUG org.hibernate.event.internal.AbstractFlushingEventListener - Flushed: 0 (re)creations, 0 updates, 0 removals to 0 collections
10:24:14.992 [main] DEBUG org.hibernate.internal.util.EntityPrinter - Listing entities:
10:24:14.992 [main] DEBUG org.hibernate.internal.util.EntityPrinter - org.frcpm.models.Attendance{departureTime=null, arrivalTime=null, member=org.frcpm.models.TeamMember#152, id=95, present=false, meeting=org.frcpm.models.Meeting#98}
10:24:14.992 [main] DEBUG org.hibernate.engine.transaction.internal.TransactionImpl - committing
10:24:14.992 [main] DEBUG org.hibernate.event.internal.AbstractFlushingEventListener - Processing flush-time cascades
10:24:14.992 [main] DEBUG org.hibernate.event.internal.AbstractFlushingEventListener - Dirty checking collections
10:24:14.992 [main] DEBUG org.hibernate.event.internal.AbstractFlushingEventListener - Flushed: 0 insertions, 0 updates, 0 deletions to 1 objects
10:24:14.992 [main] DEBUG org.hibernate.event.internal.AbstractFlushingEventListener - Flushed: 0 (re)creations, 0 updates, 0 removals to 0 collections
10:24:14.992 [main] DEBUG org.hibernate.internal.util.EntityPrinter - Listing entities:
10:24:14.992 [main] DEBUG org.hibernate.internal.util.EntityPrinter - org.frcpm.models.Attendance{departureTime=null, arrivalTime=null, member=org.frcpm.models.TeamMember#152, id=95, present=false, meeting=org.frcpm.models.Meeting#98}
10:24:14.992 [main] DEBUG org.hibernate.resource.jdbc.internal.LogicalConnectionManagedImpl - Initiating JDBC connection release from afterTransaction
10:24:14.992 [main] DEBUG org.hibernate.resource.jdbc.internal.LogicalConnectionManagedImpl - Initiating JDBC connection release from afterTransaction
10:24:14.992 [main] DEBUG org.hibernate.orm.query.hql - HQL : SELECT a FROM Attendance a WHERE a.meeting = :meeting AND a.member = :member
10:24:14.992 [main] DEBUG org.hibernate.orm.query.hql.reservedWordAsIdentifier - Encountered use of reserved word as identifier : =
10:24:14.992 [main] DEBUG org.hibernate.orm.query.hql.reservedWordAsIdentifier - Encountered use of reserved word as identifier : <EOF>
10:24:14.993 [main] DEBUG org.hibernate.orm.query.sqm.creation - Applying inferable type to SqmExpression [SqmNamedParameter(meeting)] : null -> org.frcpm.models.Attendance#meeting(MANY_TO_ONE)
10:24:14.993 [main] DEBUG org.hibernate.orm.query.sqm.creation - Applying inferable type to SqmExpression [SqmNamedParameter(member)] : null -> org.frcpm.models.Attendance#member(MANY_TO_ONE)
10:24:14.993 [main] DEBUG org.hibernate.orm.query.sqm.ast - SqmStatement Tree :
    -> [select]
      -> [query-spec]
        -> [select]
          -> [selection]
            -> [root] - `org.frcpm.models.Attendance(a)`
            <- [root] - `org.frcpm.models.Attendance(a)`
          <- [selection]
        <- [select]
        -> [from]
          -> [root] - `org.frcpm.models.Attendance(a)`
          <- [root] - `org.frcpm.models.Attendance(a)`
        <- [from]
        -> [where]
          -> [and]
            -> [EQUAL]
                -> [entity-path] - `org.frcpm.models.Attendance(a).meeting`
                :meeting
            <- [EQUAL]
            -> [EQUAL]
                -> [entity-path] - `org.frcpm.models.Attendance(a).member`
                :member
            <- [EQUAL]
          <- [and]
        <- [where]
      <- [query-spec]
    <- [select]

10:24:14.993 [main] DEBUG org.hibernate.orm.sql.ast.create - Created new SQL alias : a1_0
10:24:14.993 [main] DEBUG org.hibernate.orm.sql.ast.create - Registration of TableGroup [StandardTableGroup(org.frcpm.models.Attendance(a))] with identifierForTableGroup [org.frcpm.models.Attendance] for NavigablePath [org.frcpm.models.Attendance] 
10:24:14.993 [main] DEBUG org.hibernate.orm.sql.ast.create - Registration of TableGroup [org.hibernate.sql.ast.tree.from.LazyTableGroup@70f420ae] with identifierForTableGroup [org.frcpm.models.Attendance.meeting] for NavigablePath [org.frcpm.models.Attendance.meeting] 
10:24:14.993 [main] DEBUG org.hibernate.orm.sql.ast.create - Registration of TableGroup [org.hibernate.sql.ast.tree.from.LazyTableGroup@4c5ea8e8] with identifierForTableGroup [org.frcpm.models.Attendance.member] for NavigablePath [org.frcpm.models.Attendance.member] 
10:24:14.993 [main] DEBUG org.hibernate.orm.sql.ast.create - Registration of TableGroup [org.hibernate.sql.ast.tree.from.LazyTableGroup@612941b5] with identifierForTableGroup [org.frcpm.models.Attendance.meeting] for NavigablePath [org.frcpm.models.Attendance.meeting] 
10:24:14.993 [main] DEBUG org.hibernate.orm.sql.ast.create - Registration of TableGroup [org.hibernate.sql.ast.tree.from.LazyTableGroup@612941b5] for NavigablePath [org.frcpm.models.Attendance(a).meeting] overrode previous registration : org.hibernate.sql.ast.tree.from.LazyTableGroup@70f420ae
10:24:14.993 [main] DEBUG org.hibernate.query.sqm.sql.BaseSqmToSqlAstConverter - Determining mapping-model type for SqmParameter : SqmNamedParameter(meeting)
10:24:14.993 [main] DEBUG org.hibernate.query.sqm.sql.BaseSqmToSqlAstConverter - Determining mapping-model type for SqmParameter : SqmNamedParameter(meeting)
10:24:14.993 [main] DEBUG org.hibernate.query.sqm.sql.BaseSqmToSqlAstConverter - Determining mapping-model type for SqmPath : SqmEntityValuedSimplePath(org.frcpm.models.Attendance(a).meeting) 
10:24:14.993 [main] DEBUG org.hibernate.orm.sql.ast.create - Registration of TableGroup [org.hibernate.sql.ast.tree.from.LazyTableGroup@1ce563d0] with identifierForTableGroup [org.frcpm.models.Attendance.member] for NavigablePath [org.frcpm.models.Attendance.member] 
10:24:14.993 [main] DEBUG org.hibernate.orm.sql.ast.create - Registration of TableGroup [org.hibernate.sql.ast.tree.from.LazyTableGroup@1ce563d0] for NavigablePath [org.frcpm.models.Attendance(a).member] overrode previous registration : org.hibernate.sql.ast.tree.from.LazyTableGroup@4c5ea8e8
10:24:14.993 [main] DEBUG org.hibernate.query.sqm.sql.BaseSqmToSqlAstConverter - Determining mapping-model type for SqmParameter : SqmNamedParameter(member)
10:24:14.993 [main] DEBUG org.hibernate.query.sqm.sql.BaseSqmToSqlAstConverter - Determining mapping-model type for SqmParameter : SqmNamedParameter(member)
10:24:14.993 [main] DEBUG org.hibernate.query.sqm.sql.BaseSqmToSqlAstConverter - Determining mapping-model type for SqmPath : SqmEntityValuedSimplePath(org.frcpm.models.Attendance(a).member) 
10:24:14.993 [main] DEBUG org.hibernate.orm.results.graph.AST - DomainResult Graph:
 \-EntityResultImpl [org.frcpm.models.Attendance(a)]
 |  +-BasicFetch [org.frcpm.models.Attendance(a).arrivalTime]
 |  +-BasicFetch [org.frcpm.models.Attendance(a).departureTime]
 |  +-CircularFetchImpl [org.frcpm.models.Attendance(a).meeting]
 |  +-CircularFetchImpl [org.frcpm.models.Attendance(a).member]
 |  \-BasicFetch [org.frcpm.models.Attendance(a).present]

10:24:14.993 [main] DEBUG org.hibernate.orm.sql.ast.tree - SQL AST Tree:
    SelectStatement {
      FromClause {
        StandardTableGroup (a1 : org.frcpm.models.Attendance(a)) {
          primaryTableReference : attendances as a1_0
          TableGroupJoins {
            left  join LazyTableGroup (m1 : org.frcpm.models.Attendance(a).meeting) {
            }
            left  join LazyTableGroup (m2 : org.frcpm.models.Attendance(a).member) {
            }
             join LazyTableGroup (m3 : org.frcpm.models.Attendance(a).meeting) {
            }
             join LazyTableGroup (m4 : org.frcpm.models.Attendance(a).member) {
            }
          }
        }
      }
    }

10:24:14.994 [main] DEBUG org.hibernate.orm.sql.exec - Skipping reading Query result cache data: cache-enabled = false, cache-mode = NORMAL
10:24:14.994 [main] DEBUG org.hibernate.orm.results - Initializer list:
	  org.frcpm.models.Attendance(a) -> EntityResultInitializer(org.frcpm.models.Attendance(a))@1711089197 (SingleTableEntityPersister(org.frcpm.models.Attendance))
	  org.frcpm.models.Attendance(a).meeting -> EntityDelayedFetchInitializer(org.frcpm.models.Attendance(a).meeting)@161886056 (ToOneAttributeMapping(NavigableRole[org.frcpm.models.Attendance.meeting])@1047144047)
	  org.frcpm.models.Attendance(a).member -> EntityDelayedFetchInitializer(org.frcpm.models.Attendance(a).member)@1552588447 (ToOneAttributeMapping(NavigableRole[org.frcpm.models.Attendance.member])@1347028845)

10:24:14.994 [main] DEBUG org.hibernate.SQL - select a1_0.id,a1_0.arrival_time,a1_0.departure_time,a1_0.meeting_id,a1_0.member_id,a1_0.present from attendances a1_0 where a1_0.meeting_id=? and a1_0.member_id=?
10:24:14.994 [main] DEBUG org.hibernate.orm.results - Extracted JDBC value [0] - [94]
10:24:14.994 [main] DEBUG org.hibernate.orm.results.loading.entity - (EntityResultInitializer) Hydrated EntityKey (org.frcpm.models.Attendance(a)): 94
10:24:14.994 [main] DEBUG org.hibernate.orm.results.loading.entity - (EntityResultInitializer) Created new entity instance [org.frcpm.models.Attendance(a)#94] : 258977117
10:24:14.994 [main] DEBUG org.hibernate.orm.results - Extracted JDBC value [3] - [98]
10:24:14.994 [main] DEBUG org.hibernate.orm.results - Extracted JDBC value [4] - [151]
10:24:14.995 [main] DEBUG org.hibernate.orm.results - Extracted JDBC value [1] - [18:00]
10:24:14.995 [main] DEBUG org.hibernate.orm.results - Extracted JDBC value [2] - [20:00]
10:24:14.995 [main] DEBUG org.hibernate.orm.results - Extracted JDBC value [5] - [true]
10:24:14.995 [main] DEBUG org.hibernate.orm.results.loading.entity - (EntityResultInitializer) Done materializing entityInstance : org.frcpm.models.Attendance(a)#94
10:24:14.995 [main] DEBUG org.hibernate.orm.results.loading - Calling top-level assembler (0 / 1) : org.hibernate.sql.results.graph.entity.internal.EntityAssembler@f9eb2b2
10:24:14.995 [main] DEBUG org.hibernate.orm.query.hql - HQL : SELECT a FROM Attendance a WHERE a.meeting = :meeting
10:24:14.996 [main] DEBUG org.hibernate.orm.query.sqm.creation - Applying inferable type to SqmExpression [SqmNamedParameter(meeting)] : null -> org.frcpm.models.Attendance#meeting(MANY_TO_ONE)
10:24:14.996 [main] DEBUG org.hibernate.orm.query.sqm.ast - SqmStatement Tree :
    -> [select]
      -> [query-spec]
        -> [select]
          -> [selection]
            -> [root] - `org.frcpm.models.Attendance(a)`
            <- [root] - `org.frcpm.models.Attendance(a)`
          <- [selection]
        <- [select]
        -> [from]
          -> [root] - `org.frcpm.models.Attendance(a)`
          <- [root] - `org.frcpm.models.Attendance(a)`
        <- [from]
        -> [where]
          -> [EQUAL]
              -> [entity-path] - `org.frcpm.models.Attendance(a).meeting`
              :meeting
          <- [EQUAL]
        <- [where]
      <- [query-spec]
    <- [select]

10:24:14.996 [main] DEBUG org.hibernate.orm.sql.ast.create - Created new SQL alias : a1_0
10:24:14.996 [main] DEBUG org.hibernate.orm.sql.ast.create - Registration of TableGroup [StandardTableGroup(org.frcpm.models.Attendance(a))] with identifierForTableGroup [org.frcpm.models.Attendance] for NavigablePath [org.frcpm.models.Attendance] 
10:24:14.996 [main] DEBUG org.hibernate.orm.sql.ast.create - Registration of TableGroup [org.hibernate.sql.ast.tree.from.LazyTableGroup@58209a42] with identifierForTableGroup [org.frcpm.models.Attendance.meeting] for NavigablePath [org.frcpm.models.Attendance.meeting] 
10:24:14.996 [main] DEBUG org.hibernate.orm.sql.ast.create - Registration of TableGroup [org.hibernate.sql.ast.tree.from.LazyTableGroup@5fb6b271] with identifierForTableGroup [org.frcpm.models.Attendance.member] for NavigablePath [org.frcpm.models.Attendance.member] 
10:24:14.996 [main] DEBUG org.hibernate.orm.sql.ast.create - Registration of TableGroup [org.hibernate.sql.ast.tree.from.LazyTableGroup@2cdac5ae] with identifierForTableGroup [org.frcpm.models.Attendance.meeting] for NavigablePath [org.frcpm.models.Attendance.meeting] 
10:24:14.996 [main] DEBUG org.hibernate.orm.sql.ast.create - Registration of TableGroup [org.hibernate.sql.ast.tree.from.LazyTableGroup@2cdac5ae] for NavigablePath [org.frcpm.models.Attendance(a).meeting] overrode previous registration : org.hibernate.sql.ast.tree.from.LazyTableGroup@58209a42
10:24:14.996 [main] DEBUG org.hibernate.query.sqm.sql.BaseSqmToSqlAstConverter - Determining mapping-model type for SqmParameter : SqmNamedParameter(meeting)
10:24:14.996 [main] DEBUG org.hibernate.query.sqm.sql.BaseSqmToSqlAstConverter - Determining mapping-model type for SqmParameter : SqmNamedParameter(meeting)
10:24:14.996 [main] DEBUG org.hibernate.query.sqm.sql.BaseSqmToSqlAstConverter - Determining mapping-model type for SqmPath : SqmEntityValuedSimplePath(org.frcpm.models.Attendance(a).meeting) 
10:24:14.997 [main] DEBUG org.hibernate.orm.results.graph.AST - DomainResult Graph:
 \-EntityResultImpl [org.frcpm.models.Attendance(a)]
 |  +-BasicFetch [org.frcpm.models.Attendance(a).arrivalTime]
 |  +-BasicFetch [org.frcpm.models.Attendance(a).departureTime]
 |  +-CircularFetchImpl [org.frcpm.models.Attendance(a).meeting]
 |  +-CircularFetchImpl [org.frcpm.models.Attendance(a).member]
 |  \-BasicFetch [org.frcpm.models.Attendance(a).present]

10:24:14.997 [main] DEBUG org.hibernate.orm.sql.ast.tree - SQL AST Tree:
    SelectStatement {
      FromClause {
        StandardTableGroup (a1 : org.frcpm.models.Attendance(a)) {
          primaryTableReference : attendances as a1_0
          TableGroupJoins {
            left  join LazyTableGroup (m1 : org.frcpm.models.Attendance(a).meeting) {
            }
            left  join LazyTableGroup (m2 : org.frcpm.models.Attendance(a).member) {
            }
             join LazyTableGroup (m3 : org.frcpm.models.Attendance(a).meeting) {
            }
          }
        }
      }
    }

10:24:14.997 [main] DEBUG org.hibernate.orm.sql.exec - Skipping reading Query result cache data: cache-enabled = false, cache-mode = NORMAL
10:24:14.997 [main] DEBUG org.hibernate.orm.results - Initializer list:
	  org.frcpm.models.Attendance(a) -> EntityResultInitializer(org.frcpm.models.Attendance(a))@595244569 (SingleTableEntityPersister(org.frcpm.models.Attendance))
	  org.frcpm.models.Attendance(a).meeting -> EntityDelayedFetchInitializer(org.frcpm.models.Attendance(a).meeting)@1992339069 (ToOneAttributeMapping(NavigableRole[org.frcpm.models.Attendance.meeting])@1047144047)
	  org.frcpm.models.Attendance(a).member -> EntityDelayedFetchInitializer(org.frcpm.models.Attendance(a).member)@206435006 (ToOneAttributeMapping(NavigableRole[org.frcpm.models.Attendance.member])@1347028845)

10:24:14.997 [main] DEBUG org.hibernate.SQL - select a1_0.id,a1_0.arrival_time,a1_0.departure_time,a1_0.meeting_id,a1_0.member_id,a1_0.present from attendances a1_0 where a1_0.meeting_id=?
10:24:14.997 [main] DEBUG org.hibernate.orm.results - Extracted JDBC value [0] - [94]
10:24:14.997 [main] DEBUG org.hibernate.orm.results.loading.entity - (EntityResultInitializer) Hydrated EntityKey (org.frcpm.models.Attendance(a)): 94
10:24:14.997 [main] DEBUG org.hibernate.orm.results.loading.entity - (EntityResultInitializer) Created new entity instance [org.frcpm.models.Attendance(a)#94] : 1835211352
10:24:14.997 [main] DEBUG org.hibernate.orm.results - Extracted JDBC value [3] - [98]
10:24:14.998 [main] DEBUG org.hibernate.orm.results - Extracted JDBC value [4] - [151]
10:24:14.998 [main] DEBUG org.hibernate.orm.results - Extracted JDBC value [1] - [18:00]
10:24:14.998 [main] DEBUG org.hibernate.orm.results - Extracted JDBC value [2] - [20:00]
10:24:14.998 [main] DEBUG org.hibernate.orm.results - Extracted JDBC value [5] - [true]
10:24:14.998 [main] DEBUG org.hibernate.orm.results.loading.entity - (EntityResultInitializer) Done materializing entityInstance : org.frcpm.models.Attendance(a)#94
10:24:14.998 [main] DEBUG org.hibernate.orm.results.loading - Calling top-level assembler (0 / 1) : org.hibernate.sql.results.graph.entity.internal.EntityAssembler@e58dd48
10:24:14.998 [main] DEBUG org.hibernate.orm.results - Extracted JDBC value [0] - [95]
10:24:14.998 [main] DEBUG org.hibernate.orm.results.loading.entity - (EntityResultInitializer) Hydrated EntityKey (org.frcpm.models.Attendance(a)): 95
10:24:14.998 [main] DEBUG org.hibernate.orm.results.loading.entity - (EntityResultInitializer) Created new entity instance [org.frcpm.models.Attendance(a)#95] : 477868061
10:24:14.998 [main] DEBUG org.hibernate.orm.results - Extracted JDBC value [3] - [98]
10:24:14.998 [main] DEBUG org.hibernate.orm.results - Extracted JDBC value [4] - [152]
10:24:14.998 [main] DEBUG org.hibernate.orm.results - Extracted JDBC value [1] - [null]
10:24:14.998 [main] DEBUG org.hibernate.orm.results - Extracted JDBC value [2] - [null]
10:24:14.998 [main] DEBUG org.hibernate.orm.results - Extracted JDBC value [5] - [false]
10:24:14.998 [main] DEBUG org.hibernate.orm.results.loading.entity - (EntityResultInitializer) Done materializing entityInstance : org.frcpm.models.Attendance(a)#95
10:24:14.998 [main] DEBUG org.hibernate.orm.results.loading - Calling top-level assembler (0 / 1) : org.hibernate.sql.results.graph.entity.internal.EntityAssembler@e58dd48
10:24:14.998 [main] DEBUG org.hibernate.resource.jdbc.internal.LogicalConnectionManagedImpl - Initiating JDBC connection release from afterTransaction
10:24:14.998 [main] DEBUG org.hibernate.resource.jdbc.internal.LogicalConnectionManagedImpl - Initiating JDBC connection release from afterTransaction
10:24:14.998 [main] DEBUG org.hibernate.engine.transaction.internal.TransactionImpl - On TransactionImpl creation, JpaCompliance#isJpaTransactionComplianceEnabled == false
10:24:14.998 [main] DEBUG org.hibernate.engine.transaction.internal.TransactionImpl - begin
10:24:14.998 [main] DEBUG org.hibernate.orm.sql.ast.create - Created new SQL alias : a1_0
10:24:14.998 [main] DEBUG org.hibernate.orm.sql.ast.create - Registration of TableGroup [StandardTableGroup(org.frcpm.models.Attendance)] with identifierForTableGroup [org.frcpm.models.Attendance] for NavigablePath [org.frcpm.models.Attendance] 
10:24:14.998 [main] DEBUG org.hibernate.orm.sql.ast.create - Registration of TableGroup [org.hibernate.sql.ast.tree.from.LazyTableGroup@1d3c21e1] with identifierForTableGroup [org.frcpm.models.Attendance.meeting] for NavigablePath [org.frcpm.models.Attendance.meeting] 
10:24:14.998 [main] DEBUG org.hibernate.orm.sql.ast.create - Registration of TableGroup [org.hibernate.sql.ast.tree.from.LazyTableGroup@20027b1e] with identifierForTableGroup [org.frcpm.models.Attendance.member] for NavigablePath [org.frcpm.models.Attendance.member] 
10:24:14.999 [main] DEBUG org.hibernate.orm.results.graph.AST - DomainResult Graph:
 \-EntityResultImpl [org.frcpm.models.Attendance]
 |  +-BasicFetch [org.frcpm.models.Attendance.arrivalTime]
 |  +-BasicFetch [org.frcpm.models.Attendance.departureTime]
 |  +-EntityDelayedFetchImpl [org.frcpm.models.Attendance.meeting]
 |  +-EntityDelayedFetchImpl [org.frcpm.models.Attendance.member]
 |  \-BasicFetch [org.frcpm.models.Attendance.present]

10:24:14.999 [main] DEBUG org.hibernate.orm.sql.ast.tree - SQL AST Tree:
    SelectStatement {
      FromClause {
        StandardTableGroup (a1 : org.frcpm.models.Attendance) {
          primaryTableReference : attendances as a1_0
          TableGroupJoins {
            left  join LazyTableGroup (m1 : org.frcpm.models.Attendance.meeting) {
            }
            left  join LazyTableGroup (m2 : org.frcpm.models.Attendance.member) {
            }
          }
        }
      }
    }

10:24:14.999 [main] DEBUG org.hibernate.orm.sql.exec - Skipping reading Query result cache data: cache-enabled = false, cache-mode = IGNORE
10:24:14.999 [main] DEBUG org.hibernate.orm.results - Initializer list:
	  org.frcpm.models.Attendance -> EntityResultInitializer(org.frcpm.models.Attendance)@502782644 (SingleTableEntityPersister(org.frcpm.models.Attendance))
	  org.frcpm.models.Attendance.meeting -> EntityDelayedFetchInitializer(org.frcpm.models.Attendance.meeting)@938182311 (ToOneAttributeMapping(NavigableRole[org.frcpm.models.Attendance.meeting])@1047144047)
	  org.frcpm.models.Attendance.member -> EntityDelayedFetchInitializer(org.frcpm.models.Attendance.member)@67293647 (ToOneAttributeMapping(NavigableRole[org.frcpm.models.Attendance.member])@1347028845)

10:24:14.999 [main] DEBUG org.hibernate.SQL - select a1_0.id,a1_0.arrival_time,a1_0.departure_time,a1_0.meeting_id,a1_0.member_id,a1_0.present from attendances a1_0 where a1_0.id=?
10:24:15.000 [main] DEBUG org.hibernate.orm.results.loading.entity - (EntityResultInitializer) Hydrated EntityKey (org.frcpm.models.Attendance): 94
10:24:15.000 [main] DEBUG org.hibernate.orm.results.loading.entity - (EntityResultInitializer) Created new entity instance [org.frcpm.models.Attendance#94] : 1808475063
10:24:15.000 [main] DEBUG org.hibernate.orm.results - Extracted JDBC value [3] - [98]
10:24:15.000 [main] DEBUG org.hibernate.orm.results - Extracted JDBC value [4] - [151]
10:24:15.000 [main] DEBUG org.hibernate.orm.results - Extracted JDBC value [1] - [18:00]
10:24:15.000 [main] DEBUG org.hibernate.orm.results - Extracted JDBC value [2] - [20:00]
10:24:15.000 [main] DEBUG org.hibernate.orm.results - Extracted JDBC value [5] - [true]
10:24:15.000 [main] DEBUG org.hibernate.orm.results.loading.entity - (EntityResultInitializer) Done materializing entityInstance : org.frcpm.models.Attendance#94
10:24:15.000 [main] DEBUG org.hibernate.orm.results.loading - Calling top-level assembler (0 / 1) : org.hibernate.sql.results.graph.entity.internal.EntityAssembler@79551ba8
10:24:15.000 [main] DEBUG org.hibernate.engine.transaction.internal.TransactionImpl - committing
10:24:15.000 [main] DEBUG org.hibernate.event.internal.AbstractFlushingEventListener - Processing flush-time cascades
10:24:15.000 [main] DEBUG org.hibernate.event.internal.AbstractFlushingEventListener - Dirty checking collections
10:24:15.000 [main] DEBUG org.hibernate.event.internal.AbstractFlushingEventListener - Flushed: 0 insertions, 0 updates, 1 deletions to 1 objects
10:24:15.000 [main] DEBUG org.hibernate.event.internal.AbstractFlushingEventListener - Flushed: 0 (re)creations, 0 updates, 0 removals to 0 collections
10:24:15.000 [main] DEBUG org.hibernate.internal.util.EntityPrinter - Listing entities:
10:24:15.000 [main] DEBUG org.hibernate.internal.util.EntityPrinter - org.frcpm.models.Attendance{departureTime=20:00, arrivalTime=18:00, member=<uninitialized>, id=94, present=true, meeting=<uninitialized>}
10:24:15.000 [main] DEBUG org.hibernate.SQL - delete from attendances where id=?
10:24:15.001 [main] DEBUG org.hibernate.orm.jdbc.batch - PreparedStatementDetails did not contain PreparedStatement on #releaseStatements : delete from attendances where id=?
10:24:15.001 [main] DEBUG org.hibernate.orm.jdbc.batch - PreparedStatementDetails did not contain PreparedStatement on #releaseStatements : delete from attendances where id=?
10:24:15.001 [main] DEBUG org.hibernate.resource.jdbc.internal.LogicalConnectionManagedImpl - Initiating JDBC connection release from afterTransaction
10:24:15.001 [main] DEBUG org.hibernate.orm.jdbc.batch - PreparedStatementDetails did not contain PreparedStatement on #releaseStatements : delete from attendances where id=?
10:24:15.001 [main] DEBUG org.hibernate.orm.jdbc.batch - PreparedStatementDetails did not contain PreparedStatement on #releaseStatements : delete from attendances where id=?
10:24:15.001 [main] DEBUG org.hibernate.resource.jdbc.internal.LogicalConnectionManagedImpl - Initiating JDBC connection release from afterTransaction
10:24:15.001 [main] DEBUG org.hibernate.engine.jdbc.internal.JdbcCoordinatorImpl - HHH000420: Closing un-released batch
10:24:15.001 [main] DEBUG org.hibernate.orm.jdbc.batch - PreparedStatementDetails did not contain PreparedStatement on #releaseStatements : delete from attendances where id=?
10:24:15.001 [main] DEBUG org.hibernate.orm.jdbc.batch - PreparedStatementDetails did not contain PreparedStatement on #releaseStatements : delete from attendances where id=?
10:24:15.001 [main] DEBUG org.hibernate.engine.transaction.internal.TransactionImpl - On TransactionImpl creation, JpaCompliance#isJpaTransactionComplianceEnabled == false
10:24:15.001 [main] DEBUG org.hibernate.engine.transaction.internal.TransactionImpl - begin
10:24:15.001 [main] DEBUG org.hibernate.orm.sql.exec - Skipping reading Query result cache data: cache-enabled = false, cache-mode = IGNORE
10:24:15.001 [main] DEBUG org.hibernate.orm.results - Initializer list:
	  org.frcpm.models.Attendance -> EntityResultInitializer(org.frcpm.models.Attendance)@858077237 (SingleTableEntityPersister(org.frcpm.models.Attendance))
	  org.frcpm.models.Attendance.meeting -> EntityDelayedFetchInitializer(org.frcpm.models.Attendance.meeting)@1495704488 (ToOneAttributeMapping(NavigableRole[org.frcpm.models.Attendance.meeting])@1047144047)
	  org.frcpm.models.Attendance.member -> EntityDelayedFetchInitializer(org.frcpm.models.Attendance.member)@1286481322 (ToOneAttributeMapping(NavigableRole[org.frcpm.models.Attendance.member])@1347028845)

10:24:15.001 [main] DEBUG org.hibernate.SQL - select a1_0.id,a1_0.arrival_time,a1_0.departure_time,a1_0.meeting_id,a1_0.member_id,a1_0.present from attendances a1_0 where a1_0.id=?
10:24:15.001 [main] DEBUG org.hibernate.orm.results.loading.entity - (EntityResultInitializer) Hydrated EntityKey (org.frcpm.models.Attendance): 95
10:24:15.001 [main] DEBUG org.hibernate.orm.results.loading.entity - (EntityResultInitializer) Created new entity instance [org.frcpm.models.Attendance#95] : 1061350456
10:24:15.001 [main] DEBUG org.hibernate.orm.results - Extracted JDBC value [3] - [98]
10:24:15.001 [main] DEBUG org.hibernate.orm.results - Extracted JDBC value [4] - [152]
10:24:15.001 [main] DEBUG org.hibernate.orm.results - Extracted JDBC value [1] - [null]
10:24:15.001 [main] DEBUG org.hibernate.orm.results - Extracted JDBC value [2] - [null]
10:24:15.001 [main] DEBUG org.hibernate.orm.results - Extracted JDBC value [5] - [false]
10:24:15.001 [main] DEBUG org.hibernate.orm.results.loading.entity - (EntityResultInitializer) Done materializing entityInstance : org.frcpm.models.Attendance#95
10:24:15.001 [main] DEBUG org.hibernate.orm.results.loading - Calling top-level assembler (0 / 1) : org.hibernate.sql.results.graph.entity.internal.EntityAssembler@2fc1d0f
10:24:15.001 [main] DEBUG org.hibernate.engine.transaction.internal.TransactionImpl - committing
10:24:15.001 [main] DEBUG org.hibernate.event.internal.AbstractFlushingEventListener - Processing flush-time cascades
10:24:15.001 [main] DEBUG org.hibernate.event.internal.AbstractFlushingEventListener - Dirty checking collections
10:24:15.001 [main] DEBUG org.hibernate.event.internal.AbstractFlushingEventListener - Flushed: 0 insertions, 0 updates, 1 deletions to 1 objects
10:24:15.001 [main] DEBUG org.hibernate.event.internal.AbstractFlushingEventListener - Flushed: 0 (re)creations, 0 updates, 0 removals to 0 collections
10:24:15.001 [main] DEBUG org.hibernate.internal.util.EntityPrinter - Listing entities:
10:24:15.002 [main] DEBUG org.hibernate.internal.util.EntityPrinter - org.frcpm.models.Attendance{departureTime=null, arrivalTime=null, member=<uninitialized>, id=95, present=false, meeting=<uninitialized>}
10:24:15.002 [main] DEBUG org.hibernate.SQL - delete from attendances where id=?
10:24:15.002 [main] DEBUG org.hibernate.orm.jdbc.batch - PreparedStatementDetails did not contain PreparedStatement on #releaseStatements : delete from attendances where id=?
10:24:15.002 [main] DEBUG org.hibernate.orm.jdbc.batch - PreparedStatementDetails did not contain PreparedStatement on #releaseStatements : delete from attendances where id=?
10:24:15.002 [main] DEBUG org.hibernate.resource.jdbc.internal.LogicalConnectionManagedImpl - Initiating JDBC connection release from afterTransaction
10:24:15.002 [main] DEBUG org.hibernate.orm.jdbc.batch - PreparedStatementDetails did not contain PreparedStatement on #releaseStatements : delete from attendances where id=?
10:24:15.002 [main] DEBUG org.hibernate.orm.jdbc.batch - PreparedStatementDetails did not contain PreparedStatement on #releaseStatements : delete from attendances where id=?
10:24:15.002 [main] DEBUG org.hibernate.resource.jdbc.internal.LogicalConnectionManagedImpl - Initiating JDBC connection release from afterTransaction
10:24:15.002 [main] DEBUG org.hibernate.engine.jdbc.internal.JdbcCoordinatorImpl - HHH000420: Closing un-released batch
10:24:15.002 [main] DEBUG org.hibernate.orm.jdbc.batch - PreparedStatementDetails did not contain PreparedStatement on #releaseStatements : delete from attendances where id=?
10:24:15.002 [main] DEBUG org.hibernate.orm.jdbc.batch - PreparedStatementDetails did not contain PreparedStatement on #releaseStatements : delete from attendances where id=?
10:24:15.002 [main] DEBUG org.hibernate.engine.transaction.internal.TransactionImpl - On TransactionImpl creation, JpaCompliance#isJpaTransactionComplianceEnabled == false
10:24:15.002 [main] DEBUG org.hibernate.engine.transaction.internal.TransactionImpl - begin
10:24:15.002 [main] DEBUG org.hibernate.orm.sql.ast.create - Created new SQL alias : m1_0
10:24:15.002 [main] DEBUG org.hibernate.orm.sql.ast.create - Registration of TableGroup [StandardTableGroup(org.frcpm.models.Meeting)] with identifierForTableGroup [org.frcpm.models.Meeting] for NavigablePath [org.frcpm.models.Meeting] 
10:24:15.002 [main] DEBUG org.hibernate.orm.sql.ast.create - Registration of TableGroup [org.hibernate.sql.ast.tree.from.LazyTableGroup@430c3232] with identifierForTableGroup [org.frcpm.models.Meeting.project] for NavigablePath [org.frcpm.models.Meeting.project] 
10:24:15.002 [main] DEBUG org.hibernate.orm.sql.ast.create - Created new SQL alias : a1_0
10:24:15.002 [main] DEBUG org.hibernate.orm.sql.ast.create - Registration of TableGroup [org.hibernate.sql.ast.tree.from.OneToManyTableGroup@773e2c35] with identifierForTableGroup [org.frcpm.models.Meeting.attendances] for NavigablePath [org.frcpm.models.Meeting.attendances] 
10:24:15.002 [main] DEBUG org.hibernate.orm.sql.ast.create - Registration of TableGroup [StandardTableGroup(org.frcpm.models.Meeting.attendances.{element})] with identifierForTableGroup [org.frcpm.models.Meeting.attendances.{element}] for NavigablePath [org.frcpm.models.Meeting.attendances.{element}] 
10:24:15.002 [main] DEBUG org.hibernate.orm.sql.ast.create - Registration of TableGroup [org.hibernate.sql.ast.tree.from.LazyTableGroup@25e9a794] with identifierForTableGroup [org.frcpm.models.Meeting.attendances.{element}.meeting] for NavigablePath [org.frcpm.models.Meeting.attendances.{element}.meeting] 
10:24:15.002 [main] DEBUG org.hibernate.orm.sql.ast.create - Registration of TableGroup [org.hibernate.sql.ast.tree.from.LazyTableGroup@7486bce9] with identifierForTableGroup [org.frcpm.models.Meeting.attendances.{element}.member] for NavigablePath [org.frcpm.models.Meeting.attendances.{element}.member] 
10:24:15.002 [main] DEBUG org.hibernate.orm.results.graph.AST - DomainResult Graph:
 \-EntityResultImpl [org.frcpm.models.Meeting]
 |  +-EagerCollectionFetch [org.frcpm.models.Meeting.attendances]
 |  |  \-EntityFetchJoinedImpl [org.frcpm.models.Meeting.attendances.{element}]
 |  +-BasicFetch [org.frcpm.models.Meeting.date]
 |  +-BasicFetch [org.frcpm.models.Meeting.endTime]
 |  +-BasicFetch [org.frcpm.models.Meeting.notes]
 |  +-EntityDelayedFetchImpl [org.frcpm.models.Meeting.project]
 |  \-BasicFetch [org.frcpm.models.Meeting.startTime]

10:24:15.002 [main] DEBUG org.hibernate.orm.sql.ast.tree - SQL AST Tree:
    SelectStatement {
      FromClause {
        StandardTableGroup (m1 : org.frcpm.models.Meeting) {
          primaryTableReference : meetings as m1_0
          TableGroupJoins {
            left  join LazyTableGroup (p1 : org.frcpm.models.Meeting.project) {
            }
            left  join OneToManyTableGroup (a1 : org.frcpm.models.Meeting.attendances) {
              primaryTableReference : attendances as a1_0
              TableGroupJoins {
                left  join LazyTableGroup (m2 : org.frcpm.models.Meeting.attendances.{element}.meeting) {
                }
                left  join LazyTableGroup (m3 : org.frcpm.models.Meeting.attendances.{element}.member) {
                }
              }
            }
          }
        }
      }
    }

10:24:15.002 [main] DEBUG org.hibernate.orm.sql.exec - Skipping reading Query result cache data: cache-enabled = false, cache-mode = IGNORE
10:24:15.003 [main] DEBUG org.hibernate.orm.results - Initializer list:
	  org.frcpm.models.Meeting -> EntityResultInitializer(org.frcpm.models.Meeting)@451061008 (SingleTableEntityPersister(org.frcpm.models.Meeting))
	  org.frcpm.models.Meeting.attendances -> BagInitializer(org.frcpm.models.Meeting.attendances)@702697889 (PluralAttribute(org.frcpm.models.Meeting.attendances))
	  org.frcpm.models.Meeting.attendances.{element}.member -> EntityDelayedFetchInitializer(org.frcpm.models.Meeting.attendances.{element}.member)@1757593984 (ToOneAttributeMapping(NavigableRole[org.frcpm.models.Attendance.member])@1347028845)
	  org.frcpm.models.Meeting.project -> EntityDelayedFetchInitializer(org.frcpm.models.Meeting.project)@1641739385 (ToOneAttributeMapping(NavigableRole[org.frcpm.models.Meeting.project])@1855919991)
	  org.frcpm.models.Meeting.attendances.{element} -> EntityJoinedFetchInitializer(org.frcpm.models.Meeting.attendances.{element})@1439382620 (EntityCollectionPart(org.frcpm.models.Meeting.attendances#{element})@729491876)

10:24:15.003 [main] DEBUG org.hibernate.SQL - select m1_0.id,m1_0.date,m1_0.end_time,m1_0.notes,m1_0.project_id,m1_0.start_time,a1_0.meeting_id,a1_0.id,a1_0.arrival_time,a1_0.departure_time,a1_0.member_id,a1_0.present from meetings m1_0 left join attendances a1_0 on m1_0.id=a1_0.meeting_id where m1_0.id=?
10:24:15.003 [main] DEBUG org.hibernate.orm.results.loading.entity - (EntityResultInitializer) Hydrated EntityKey (org.frcpm.models.Meeting): 98
10:24:15.003 [main] DEBUG org.hibernate.orm.results.loading.org.hibernate.orm.results.loading.collection - (BagInitializer) Current row collection key : org.frcpm.models.Meeting.attendances#98
10:24:15.003 [main] DEBUG org.hibernate.orm.results - Extracted JDBC value [6] - [null]
10:24:15.003 [main] DEBUG org.hibernate.orm.results - Extracted JDBC value [7] - [null]
10:24:15.003 [main] DEBUG org.hibernate.orm.results.loading.entity - (EntityJoinedFetchInitializer) EntityKey (org.frcpm.models.Meeting.attendances.{element}) is null
10:24:15.003 [main] DEBUG org.hibernate.orm.results.loading.entity - (EntityResultInitializer) Created new entity instance [org.frcpm.models.Meeting#98] : 119735568
10:24:15.003 [main] DEBUG org.hibernate.orm.results.loading.org.hibernate.orm.results.loading.collection - (BagInitializer) Created new collection wrapper [org.frcpm.models.Meeting.attendances#98] : org.hibernate.collection.spi.PersistentBag@1969695321
10:24:15.003 [main] DEBUG org.hibernate.orm.results.loading.org.hibernate.orm.results.loading.collection - (BagInitializer) Responsible for loading collection [org.frcpm.models.Meeting.attendances#98] : org.hibernate.collection.spi.PersistentBag@1969695321
10:24:15.003 [main] DEBUG org.hibernate.orm.results - Extracted JDBC value [4] - [164]
10:24:15.003 [main] DEBUG org.hibernate.orm.results - Extracted JDBC value [1] - [2025-04-26]
10:24:15.003 [main] DEBUG org.hibernate.orm.results - Extracted JDBC value [2] - [20:00]
10:24:15.003 [main] DEBUG org.hibernate.orm.results - Extracted JDBC value [3] - [null]
10:24:15.003 [main] DEBUG org.hibernate.orm.results - Extracted JDBC value [5] - [18:00]
10:24:15.003 [main] DEBUG org.hibernate.orm.results.loading.entity - (EntityResultInitializer) Done materializing entityInstance : org.frcpm.models.Meeting#98
10:24:15.003 [main] DEBUG org.hibernate.orm.results.loading - Calling top-level assembler (0 / 1) : org.hibernate.sql.results.graph.entity.internal.EntityAssembler@4ba14572
10:24:15.003 [main] DEBUG org.hibernate.sql.results.internal.ResultsHelper - Collection fully initialized: [org.frcpm.models.Meeting.attendances#98]
10:24:15.003 [main] DEBUG org.hibernate.engine.spi.CollectionEntry - Reset storedSnapshot to [] for CollectionEntry[org.frcpm.models.Meeting.attendances#98]
10:24:15.004 [main] DEBUG org.hibernate.engine.transaction.internal.TransactionImpl - committing
10:24:15.004 [main] DEBUG org.hibernate.event.internal.AbstractFlushingEventListener - Processing flush-time cascades
10:24:15.004 [main] DEBUG org.hibernate.event.internal.AbstractFlushingEventListener - Dirty checking collections
10:24:15.004 [main] DEBUG org.hibernate.engine.internal.Collections - Collection dereferenced: [org.frcpm.models.Meeting.attendances#98]
10:24:15.004 [main] DEBUG org.hibernate.event.internal.AbstractFlushingEventListener - Flushed: 0 insertions, 0 updates, 1 deletions to 1 objects
10:24:15.004 [main] DEBUG org.hibernate.event.internal.AbstractFlushingEventListener - Flushed: 0 (re)creations, 0 updates, 1 removals to 1 collections
10:24:15.004 [main] DEBUG org.hibernate.internal.util.EntityPrinter - Listing entities:
10:24:15.004 [main] DEBUG org.hibernate.internal.util.EntityPrinter - org.frcpm.models.Meeting{date=2025-04-26, notes=null, project=<uninitialized>, startTime=18:00, id=98, endTime=20:00, attendances=[]}
10:24:15.004 [main] DEBUG org.hibernate.SQL - delete from meetings where id=?
10:24:15.004 [main] DEBUG org.hibernate.orm.jdbc.batch - PreparedStatementDetails did not contain PreparedStatement on #releaseStatements : delete from meetings where id=?
10:24:15.004 [main] DEBUG org.hibernate.orm.jdbc.batch - PreparedStatementDetails did not contain PreparedStatement on #releaseStatements : delete from meetings where id=?
10:24:15.004 [main] DEBUG org.hibernate.resource.jdbc.internal.LogicalConnectionManagedImpl - Initiating JDBC connection release from afterTransaction
10:24:15.004 [main] DEBUG org.hibernate.orm.jdbc.batch - PreparedStatementDetails did not contain PreparedStatement on #releaseStatements : delete from meetings where id=?
10:24:15.004 [main] DEBUG org.hibernate.orm.jdbc.batch - PreparedStatementDetails did not contain PreparedStatement on #releaseStatements : delete from meetings where id=?
10:24:15.004 [main] DEBUG org.hibernate.resource.jdbc.internal.LogicalConnectionManagedImpl - Initiating JDBC connection release from afterTransaction
10:24:15.004 [main] DEBUG org.hibernate.engine.jdbc.internal.JdbcCoordinatorImpl - HHH000420: Closing un-released batch
10:24:15.004 [main] DEBUG org.hibernate.orm.jdbc.batch - PreparedStatementDetails did not contain PreparedStatement on #releaseStatements : delete from meetings where id=?
10:24:15.004 [main] DEBUG org.hibernate.orm.jdbc.batch - PreparedStatementDetails did not contain PreparedStatement on #releaseStatements : delete from meetings where id=?
10:24:15.004 [main] DEBUG org.hibernate.engine.transaction.internal.TransactionImpl - On TransactionImpl creation, JpaCompliance#isJpaTransactionComplianceEnabled == false
10:24:15.004 [main] DEBUG org.hibernate.engine.transaction.internal.TransactionImpl - begin
10:24:15.005 [main] DEBUG org.hibernate.orm.sql.ast.create - Created new SQL alias : tm1_0
10:24:15.005 [main] DEBUG org.hibernate.orm.sql.ast.create - Registration of TableGroup [StandardTableGroup(org.frcpm.models.TeamMember)] with identifierForTableGroup [org.frcpm.models.TeamMember] for NavigablePath [org.frcpm.models.TeamMember] 
10:24:15.005 [main] DEBUG org.hibernate.orm.sql.ast.create - Created new SQL alias : a1_0
10:24:15.005 [main] DEBUG org.hibernate.orm.sql.ast.create - Registration of TableGroup [org.hibernate.sql.ast.tree.from.OneToManyTableGroup@68003470] with identifierForTableGroup [org.frcpm.models.TeamMember.attendances] for NavigablePath [org.frcpm.models.TeamMember.attendances] 
10:24:15.005 [main] DEBUG org.hibernate.orm.sql.ast.create - Registration of TableGroup [StandardTableGroup(org.frcpm.models.TeamMember.attendances.{element})] with identifierForTableGroup [org.frcpm.models.TeamMember.attendances.{element}] for NavigablePath [org.frcpm.models.TeamMember.attendances.{element}] 
10:24:15.005 [main] DEBUG org.hibernate.orm.sql.ast.create - Registration of TableGroup [org.hibernate.sql.ast.tree.from.LazyTableGroup@24f9fecb] with identifierForTableGroup [org.frcpm.models.TeamMember.attendances.{element}.meeting] for NavigablePath [org.frcpm.models.TeamMember.attendances.{element}.meeting] 
10:24:15.005 [main] DEBUG org.hibernate.orm.sql.ast.create - Registration of TableGroup [org.hibernate.sql.ast.tree.from.LazyTableGroup@37d4914e] with identifierForTableGroup [org.frcpm.models.TeamMember.attendances.{element}.member] for NavigablePath [org.frcpm.models.TeamMember.attendances.{element}.member] 
10:24:15.005 [main] DEBUG org.hibernate.orm.sql.ast.create - Registration of TableGroup [org.hibernate.sql.ast.tree.from.LazyTableGroup@357a32ce] with identifierForTableGroup [org.frcpm.models.TeamMember.subteam] for NavigablePath [org.frcpm.models.TeamMember.subteam] 
10:24:15.005 [main] DEBUG org.hibernate.orm.results.graph.AST - DomainResult Graph:
 \-EntityResultImpl [org.frcpm.models.TeamMember]
 |  +-DelayedCollectionFetch [org.frcpm.models.TeamMember.assignedTasks]
 |  +-EagerCollectionFetch [org.frcpm.models.TeamMember.attendances]
 |  |  \-EntityFetchJoinedImpl [org.frcpm.models.TeamMember.attendances.{element}]
 |  +-BasicFetch [org.frcpm.models.TeamMember.email]
 |  +-BasicFetch [org.frcpm.models.TeamMember.firstName]
 |  +-BasicFetch [org.frcpm.models.TeamMember.lastName]
 |  +-BasicFetch [org.frcpm.models.TeamMember.leader]
 |  +-BasicFetch [org.frcpm.models.TeamMember.phone]
 |  +-BasicFetch [org.frcpm.models.TeamMember.skills]
 |  +-EntityDelayedFetchImpl [org.frcpm.models.TeamMember.subteam]
 |  \-BasicFetch [org.frcpm.models.TeamMember.username]

10:24:15.005 [main] DEBUG org.hibernate.orm.sql.ast.tree - SQL AST Tree:
    SelectStatement {
      FromClause {
        StandardTableGroup (tm1 : org.frcpm.models.TeamMember) {
          primaryTableReference : team_members as tm1_0
          TableGroupJoins {
            left  join OneToManyTableGroup (a1 : org.frcpm.models.TeamMember.attendances) {
              primaryTableReference : attendances as a1_0
              TableGroupJoins {
                left  join LazyTableGroup (m1 : org.frcpm.models.TeamMember.attendances.{element}.meeting) {
                }
                left  join LazyTableGroup (m2 : org.frcpm.models.TeamMember.attendances.{element}.member) {
                }
              }
            }
            left  join LazyTableGroup (s1 : org.frcpm.models.TeamMember.subteam) {
            }
          }
        }
      }
    }

10:24:15.005 [main] DEBUG org.hibernate.orm.sql.exec - Skipping reading Query result cache data: cache-enabled = false, cache-mode = IGNORE
10:24:15.005 [main] DEBUG org.hibernate.orm.results - Initializer list:
	  org.frcpm.models.TeamMember.subteam -> EntityDelayedFetchInitializer(org.frcpm.models.TeamMember.subteam)@1457173426 (ToOneAttributeMapping(NavigableRole[org.frcpm.models.TeamMember.subteam])@2087564297)
	  org.frcpm.models.TeamMember.attendances.{element} -> EntityJoinedFetchInitializer(org.frcpm.models.TeamMember.attendances.{element})@417662216 (EntityCollectionPart(org.frcpm.models.TeamMember.attendances#{element})@1705695431)
	  org.frcpm.models.TeamMember.assignedTasks -> DelayedCollectionInitializer(org.frcpm.models.TeamMember.assignedTasks)@1718530275 (PluralAttribute(org.frcpm.models.TeamMember.assignedTasks))
	  org.frcpm.models.TeamMember.attendances.{element}.meeting -> EntityDelayedFetchInitializer(org.frcpm.models.TeamMember.attendances.{element}.meeting)@1999805915 (ToOneAttributeMapping(NavigableRole[org.frcpm.models.Attendance.meeting])@1047144047)
	  org.frcpm.models.TeamMember -> EntityResultInitializer(org.frcpm.models.TeamMember)@1196366704 (SingleTableEntityPersister(org.frcpm.models.TeamMember))
	  org.frcpm.models.TeamMember.attendances -> SetInitializer(org.frcpm.models.TeamMember.attendances)@1947242430 (PluralAttribute(org.frcpm.models.TeamMember.attendances))

10:24:15.005 [main] DEBUG org.hibernate.SQL - select tm1_0.id,a1_0.member_id,a1_0.id,a1_0.arrival_time,a1_0.departure_time,a1_0.meeting_id,a1_0.present,tm1_0.email,tm1_0.first_name,tm1_0.last_name,tm1_0.is_leader,tm1_0.phone,tm1_0.skills,tm1_0.subteam_id,tm1_0.username from team_members tm1_0 left join attendances a1_0 on tm1_0.id=a1_0.member_id where tm1_0.id=?
10:24:15.006 [main] DEBUG org.hibernate.orm.results.loading.entity - (EntityResultInitializer) Hydrated EntityKey (org.frcpm.models.TeamMember): 151
10:24:15.006 [main] DEBUG org.hibernate.orm.results.loading.org.hibernate.orm.results.loading.collection - (SetInitializer) Current row collection key : org.frcpm.models.TeamMember.attendances#151
10:24:15.006 [main] DEBUG org.hibernate.orm.results - Extracted JDBC value [1] - [null]
10:24:15.006 [main] DEBUG org.hibernate.orm.results - Extracted JDBC value [2] - [null]
10:24:15.006 [main] DEBUG org.hibernate.orm.results.loading.entity - (EntityJoinedFetchInitializer) EntityKey (org.frcpm.models.TeamMember.attendances.{element}) is null
10:24:15.006 [main] DEBUG org.hibernate.orm.results.loading.org.hibernate.orm.results.loading.collection - (DelayedCollectionInitializer) Current row collection key : org.frcpm.models.TeamMember.assignedTasks#151
10:24:15.006 [main] DEBUG org.hibernate.orm.results.loading.entity - (EntityResultInitializer) Created new entity instance [org.frcpm.models.TeamMember#151] : 998136421
10:24:15.006 [main] DEBUG org.hibernate.orm.results.loading.org.hibernate.orm.results.loading.collection - (SetInitializer) Created new collection wrapper [org.frcpm.models.TeamMember.attendances#151] : org.hibernate.collection.spi.PersistentSet@2059126712
10:24:15.006 [main] DEBUG org.hibernate.orm.results.loading.org.hibernate.orm.results.loading.collection - (SetInitializer) Responsible for loading collection [org.frcpm.models.TeamMember.attendances#151] : org.hibernate.collection.spi.PersistentSet@2059126712
10:24:15.006 [main] DEBUG org.hibernate.orm.results - Extracted JDBC value [13] - [null]
10:24:15.006 [main] DEBUG org.hibernate.orm.results - Extracted JDBC value [7] - [attendance1@example.com]
10:24:15.006 [main] DEBUG org.hibernate.orm.results - Extracted JDBC value [8] - [Attendance]
10:24:15.006 [main] DEBUG org.hibernate.orm.results - Extracted JDBC value [9] - [Test1]
10:24:15.006 [main] DEBUG org.hibernate.orm.results - Extracted JDBC value [10] - [false]
10:24:15.006 [main] DEBUG org.hibernate.orm.results - Extracted JDBC value [11] - [null]
10:24:15.006 [main] DEBUG org.hibernate.orm.results - Extracted JDBC value [12] - [null]
10:24:15.006 [main] DEBUG org.hibernate.orm.results - Extracted JDBC value [14] - [attendancetest1]
10:24:15.006 [main] DEBUG org.hibernate.orm.results.loading.entity - (EntityResultInitializer) Done materializing entityInstance : org.frcpm.models.TeamMember#151
10:24:15.006 [main] DEBUG org.hibernate.orm.results.loading - Calling top-level assembler (0 / 1) : org.hibernate.sql.results.graph.entity.internal.EntityAssembler@54e8d08e
10:24:15.006 [main] DEBUG org.hibernate.sql.results.internal.ResultsHelper - Collection fully initialized: [org.frcpm.models.TeamMember.attendances#151]
10:24:15.007 [main] DEBUG org.hibernate.engine.spi.CollectionEntry - Reset storedSnapshot to {} for CollectionEntry[org.frcpm.models.TeamMember.assignedTasks#151]
10:24:15.007 [main] DEBUG org.hibernate.engine.spi.CollectionEntry - Reset storedSnapshot to {} for CollectionEntry[org.frcpm.models.TeamMember.attendances#151]
10:24:15.007 [main] DEBUG org.hibernate.engine.transaction.internal.TransactionImpl - committing
10:24:15.007 [main] DEBUG org.hibernate.event.internal.AbstractFlushingEventListener - Processing flush-time cascades
10:24:15.007 [main] DEBUG org.hibernate.event.internal.AbstractFlushingEventListener - Dirty checking collections
10:24:15.007 [main] DEBUG org.hibernate.engine.internal.Collections - Collection dereferenced: [org.frcpm.models.TeamMember.assignedTasks#151]
10:24:15.007 [main] DEBUG org.hibernate.engine.internal.Collections - Collection dereferenced: [org.frcpm.models.TeamMember.attendances#151]
10:24:15.007 [main] DEBUG org.hibernate.event.internal.AbstractFlushingEventListener - Flushed: 0 insertions, 0 updates, 1 deletions to 1 objects
10:24:15.007 [main] DEBUG org.hibernate.event.internal.AbstractFlushingEventListener - Flushed: 0 (re)creations, 0 updates, 2 removals to 2 collections
10:24:15.007 [main] DEBUG org.hibernate.internal.util.EntityPrinter - Listing entities:
10:24:15.007 [main] DEBUG org.hibernate.internal.util.EntityPrinter - org.frcpm.models.TeamMember{skills=null, firstName=Attendance, lastName=Test1, leader=false, subteam=null, phone=null, id=151, attendances=[], email=attendance1@example.com, assignedTasks=<uninitialized>, username=attendancetest1}
10:24:15.007 [main] DEBUG org.hibernate.SQL - delete from team_members where id=?
10:24:15.008 [main] DEBUG org.hibernate.orm.jdbc.batch - PreparedStatementDetails did not contain PreparedStatement on #releaseStatements : delete from team_members where id=?
10:24:15.008 [main] DEBUG org.hibernate.orm.jdbc.batch - PreparedStatementDetails did not contain PreparedStatement on #releaseStatements : delete from team_members where id=?
10:24:15.008 [main] DEBUG org.hibernate.resource.jdbc.internal.LogicalConnectionManagedImpl - Initiating JDBC connection release from afterTransaction
10:24:15.008 [main] DEBUG org.hibernate.orm.jdbc.batch - PreparedStatementDetails did not contain PreparedStatement on #releaseStatements : delete from team_members where id=?
10:24:15.008 [main] DEBUG org.hibernate.orm.jdbc.batch - PreparedStatementDetails did not contain PreparedStatement on #releaseStatements : delete from team_members where id=?
10:24:15.008 [main] DEBUG org.hibernate.resource.jdbc.internal.LogicalConnectionManagedImpl - Initiating JDBC connection release from afterTransaction
10:24:15.008 [main] DEBUG org.hibernate.engine.jdbc.internal.JdbcCoordinatorImpl - HHH000420: Closing un-released batch
10:24:15.008 [main] DEBUG org.hibernate.orm.jdbc.batch - PreparedStatementDetails did not contain PreparedStatement on #releaseStatements : delete from team_members where id=?
10:24:15.008 [main] DEBUG org.hibernate.orm.jdbc.batch - PreparedStatementDetails did not contain PreparedStatement on #releaseStatements : delete from team_members where id=?
10:24:15.008 [main] DEBUG org.hibernate.engine.transaction.internal.TransactionImpl - On TransactionImpl creation, JpaCompliance#isJpaTransactionComplianceEnabled == false
10:24:15.008 [main] DEBUG org.hibernate.engine.transaction.internal.TransactionImpl - begin
10:24:15.008 [main] DEBUG org.hibernate.orm.sql.exec - Skipping reading Query result cache data: cache-enabled = false, cache-mode = IGNORE
10:24:15.008 [main] DEBUG org.hibernate.orm.results - Initializer list:
	  org.frcpm.models.TeamMember.subteam -> EntityDelayedFetchInitializer(org.frcpm.models.TeamMember.subteam)@1287658601 (ToOneAttributeMapping(NavigableRole[org.frcpm.models.TeamMember.subteam])@2087564297)
	  org.frcpm.models.TeamMember.attendances.{element} -> EntityJoinedFetchInitializer(org.frcpm.models.TeamMember.attendances.{element})@1759675470 (EntityCollectionPart(org.frcpm.models.TeamMember.attendances#{element})@1705695431)
	  org.frcpm.models.TeamMember.assignedTasks -> DelayedCollectionInitializer(org.frcpm.models.TeamMember.assignedTasks)@2057061756 (PluralAttribute(org.frcpm.models.TeamMember.assignedTasks))
	  org.frcpm.models.TeamMember.attendances.{element}.meeting -> EntityDelayedFetchInitializer(org.frcpm.models.TeamMember.attendances.{element}.meeting)@130403086 (ToOneAttributeMapping(NavigableRole[org.frcpm.models.Attendance.meeting])@1047144047)
	  org.frcpm.models.TeamMember -> EntityResultInitializer(org.frcpm.models.TeamMember)@1261087947 (SingleTableEntityPersister(org.frcpm.models.TeamMember))
	  org.frcpm.models.TeamMember.attendances -> SetInitializer(org.frcpm.models.TeamMember.attendances)@932614420 (PluralAttribute(org.frcpm.models.TeamMember.attendances))

10:24:15.008 [main] DEBUG org.hibernate.SQL - select tm1_0.id,a1_0.member_id,a1_0.id,a1_0.arrival_time,a1_0.departure_time,a1_0.meeting_id,a1_0.present,tm1_0.email,tm1_0.first_name,tm1_0.last_name,tm1_0.is_leader,tm1_0.phone,tm1_0.skills,tm1_0.subteam_id,tm1_0.username from team_members tm1_0 left join attendances a1_0 on tm1_0.id=a1_0.member_id where tm1_0.id=?
10:24:15.009 [main] DEBUG org.hibernate.orm.results.loading.entity - (EntityResultInitializer) Hydrated EntityKey (org.frcpm.models.TeamMember): 152
10:24:15.009 [main] DEBUG org.hibernate.orm.results.loading.org.hibernate.orm.results.loading.collection - (SetInitializer) Current row collection key : org.frcpm.models.TeamMember.attendances#152
10:24:15.009 [main] DEBUG org.hibernate.orm.results - Extracted JDBC value [1] - [null]
10:24:15.009 [main] DEBUG org.hibernate.orm.results - Extracted JDBC value [2] - [null]
10:24:15.009 [main] DEBUG org.hibernate.orm.results.loading.entity - (EntityJoinedFetchInitializer) EntityKey (org.frcpm.models.TeamMember.attendances.{element}) is null
10:24:15.009 [main] DEBUG org.hibernate.orm.results.loading.org.hibernate.orm.results.loading.collection - (DelayedCollectionInitializer) Current row collection key : org.frcpm.models.TeamMember.assignedTasks#152
10:24:15.009 [main] DEBUG org.hibernate.orm.results.loading.entity - (EntityResultInitializer) Created new entity instance [org.frcpm.models.TeamMember#152] : 417271443
10:24:15.009 [main] DEBUG org.hibernate.orm.results.loading.org.hibernate.orm.results.loading.collection - (SetInitializer) Created new collection wrapper [org.frcpm.models.TeamMember.attendances#152] : org.hibernate.collection.spi.PersistentSet@2024922247
10:24:15.009 [main] DEBUG org.hibernate.orm.results.loading.org.hibernate.orm.results.loading.collection - (SetInitializer) Responsible for loading collection [org.frcpm.models.TeamMember.attendances#152] : org.hibernate.collection.spi.PersistentSet@2024922247
10:24:15.009 [main] DEBUG org.hibernate.orm.results - Extracted JDBC value [13] - [null]
10:24:15.009 [main] DEBUG org.hibernate.orm.results - Extracted JDBC value [7] - [attendance2@example.com]
10:24:15.009 [main] DEBUG org.hibernate.orm.results - Extracted JDBC value [8] - [Attendance]
10:24:15.009 [main] DEBUG org.hibernate.orm.results - Extracted JDBC value [9] - [Test2]
10:24:15.009 [main] DEBUG org.hibernate.orm.results - Extracted JDBC value [10] - [false]
10:24:15.009 [main] DEBUG org.hibernate.orm.results - Extracted JDBC value [11] - [null]
10:24:15.009 [main] DEBUG org.hibernate.orm.results - Extracted JDBC value [12] - [null]
10:24:15.009 [main] DEBUG org.hibernate.orm.results - Extracted JDBC value [14] - [attendancetest2]
10:24:15.009 [main] DEBUG org.hibernate.orm.results.loading.entity - (EntityResultInitializer) Done materializing entityInstance : org.frcpm.models.TeamMember#152
10:24:15.009 [main] DEBUG org.hibernate.orm.results.loading - Calling top-level assembler (0 / 1) : org.hibernate.sql.results.graph.entity.internal.EntityAssembler@13e4a3b2
10:24:15.009 [main] DEBUG org.hibernate.sql.results.internal.ResultsHelper - Collection fully initialized: [org.frcpm.models.TeamMember.attendances#152]
10:24:15.009 [main] DEBUG org.hibernate.engine.spi.CollectionEntry - Reset storedSnapshot to {} for CollectionEntry[org.frcpm.models.TeamMember.assignedTasks#152]
10:24:15.009 [main] DEBUG org.hibernate.engine.spi.CollectionEntry - Reset storedSnapshot to {} for CollectionEntry[org.frcpm.models.TeamMember.attendances#152]
10:24:15.009 [main] DEBUG org.hibernate.engine.transaction.internal.TransactionImpl - committing
10:24:15.009 [main] DEBUG org.hibernate.event.internal.AbstractFlushingEventListener - Processing flush-time cascades
10:24:15.009 [main] DEBUG org.hibernate.event.internal.AbstractFlushingEventListener - Dirty checking collections
10:24:15.009 [main] DEBUG org.hibernate.engine.internal.Collections - Collection dereferenced: [org.frcpm.models.TeamMember.assignedTasks#152]
10:24:15.009 [main] DEBUG org.hibernate.engine.internal.Collections - Collection dereferenced: [org.frcpm.models.TeamMember.attendances#152]
10:24:15.009 [main] DEBUG org.hibernate.event.internal.AbstractFlushingEventListener - Flushed: 0 insertions, 0 updates, 1 deletions to 1 objects
10:24:15.009 [main] DEBUG org.hibernate.event.internal.AbstractFlushingEventListener - Flushed: 0 (re)creations, 0 updates, 2 removals to 2 collections
10:24:15.009 [main] DEBUG org.hibernate.internal.util.EntityPrinter - Listing entities:
10:24:15.009 [main] DEBUG org.hibernate.internal.util.EntityPrinter - org.frcpm.models.TeamMember{skills=null, firstName=Attendance, lastName=Test2, leader=false, subteam=null, phone=null, id=152, attendances=[], email=attendance2@example.com, assignedTasks=<uninitialized>, username=attendancetest2}
10:24:15.010 [main] DEBUG org.hibernate.SQL - delete from team_members where id=?
10:24:15.010 [main] DEBUG org.hibernate.orm.jdbc.batch - PreparedStatementDetails did not contain PreparedStatement on #releaseStatements : delete from team_members where id=?
10:24:15.010 [main] DEBUG org.hibernate.orm.jdbc.batch - PreparedStatementDetails did not contain PreparedStatement on #releaseStatements : delete from team_members where id=?
10:24:15.010 [main] DEBUG org.hibernate.resource.jdbc.internal.LogicalConnectionManagedImpl - Initiating JDBC connection release from afterTransaction
10:24:15.010 [main] DEBUG org.hibernate.orm.jdbc.batch - PreparedStatementDetails did not contain PreparedStatement on #releaseStatements : delete from team_members where id=?
10:24:15.010 [main] DEBUG org.hibernate.orm.jdbc.batch - PreparedStatementDetails did not contain PreparedStatement on #releaseStatements : delete from team_members where id=?
10:24:15.010 [main] DEBUG org.hibernate.resource.jdbc.internal.LogicalConnectionManagedImpl - Initiating JDBC connection release from afterTransaction
10:24:15.010 [main] DEBUG org.hibernate.engine.jdbc.internal.JdbcCoordinatorImpl - HHH000420: Closing un-released batch
10:24:15.010 [main] DEBUG org.hibernate.orm.jdbc.batch - PreparedStatementDetails did not contain PreparedStatement on #releaseStatements : delete from team_members where id=?
10:24:15.010 [main] DEBUG org.hibernate.orm.jdbc.batch - PreparedStatementDetails did not contain PreparedStatement on #releaseStatements : delete from team_members where id=?
10:24:15.010 [main] DEBUG org.hibernate.engine.transaction.internal.TransactionImpl - On TransactionImpl creation, JpaCompliance#isJpaTransactionComplianceEnabled == false
10:24:15.010 [main] DEBUG org.hibernate.engine.transaction.internal.TransactionImpl - begin
10:24:15.010 [main] DEBUG org.hibernate.orm.sql.ast.create - Created new SQL alias : p1_0
10:24:15.010 [main] DEBUG org.hibernate.orm.sql.ast.create - Registration of TableGroup [StandardTableGroup(org.frcpm.models.Project)] with identifierForTableGroup [org.frcpm.models.Project] for NavigablePath [org.frcpm.models.Project] 
10:24:15.011 [main] DEBUG org.hibernate.orm.sql.ast.create - Created new SQL alias : m1_0
10:24:15.011 [main] DEBUG org.hibernate.orm.sql.ast.create - Registration of TableGroup [org.hibernate.sql.ast.tree.from.OneToManyTableGroup@79729f59] with identifierForTableGroup [org.frcpm.models.Project.meetings] for NavigablePath [org.frcpm.models.Project.meetings] 
10:24:15.011 [main] DEBUG org.hibernate.orm.sql.ast.create - Registration of TableGroup [StandardTableGroup(org.frcpm.models.Project.meetings.{element})] with identifierForTableGroup [org.frcpm.models.Project.meetings.{element}] for NavigablePath [org.frcpm.models.Project.meetings.{element}] 
10:24:15.011 [main] DEBUG org.hibernate.orm.sql.ast.create - Registration of TableGroup [org.hibernate.sql.ast.tree.from.LazyTableGroup@f513114] with identifierForTableGroup [org.frcpm.models.Project.meetings.{element}.project] for NavigablePath [org.frcpm.models.Project.meetings.{element}.project] 
10:24:15.011 [main] DEBUG org.hibernate.orm.results.graph.AST - DomainResult Graph:
 \-EntityResultImpl [org.frcpm.models.Project]
 |  +-BasicFetch [org.frcpm.models.Project.description]
 |  +-BasicFetch [org.frcpm.models.Project.goalEndDate]
 |  +-BasicFetch [org.frcpm.models.Project.hardDeadline]
 |  +-EagerCollectionFetch [org.frcpm.models.Project.meetings]
 |  |  \-EntityFetchJoinedImpl [org.frcpm.models.Project.meetings.{element}]
 |  +-SelectEagerCollectionFetch [org.frcpm.models.Project.milestones]
 |  +-BasicFetch [org.frcpm.models.Project.name]
 |  +-BasicFetch [org.frcpm.models.Project.startDate]
 |  \-SelectEagerCollectionFetch [org.frcpm.models.Project.tasks]

10:24:15.011 [main] DEBUG org.hibernate.orm.sql.ast.tree - SQL AST Tree:
    SelectStatement {
      FromClause {
        StandardTableGroup (p1 : org.frcpm.models.Project) {
          primaryTableReference : projects as p1_0
          TableGroupJoins {
            left  join OneToManyTableGroup (m1 : org.frcpm.models.Project.meetings) {
              primaryTableReference : meetings as m1_0
              TableGroupJoins {
                left  join LazyTableGroup (p2 : org.frcpm.models.Project.meetings.{element}.project) {
                }
              }
            }
          }
        }
      }
    }

10:24:15.011 [main] DEBUG org.hibernate.orm.sql.exec - Skipping reading Query result cache data: cache-enabled = false, cache-mode = IGNORE
10:24:15.011 [main] DEBUG org.hibernate.orm.results - Initializer list:
	  org.frcpm.models.Project.meetings -> BagInitializer(org.frcpm.models.Project.meetings)@920186947 (PluralAttribute(org.frcpm.models.Project.meetings))
	  org.frcpm.models.Project.tasks -> SelectEagerCollectionInitializer(org.frcpm.models.Project.tasks)@1530734998 (PluralAttribute(org.frcpm.models.Project.tasks))
	  org.frcpm.models.Project.meetings.{element} -> EntityJoinedFetchInitializer(org.frcpm.models.Project.meetings.{element})@1575119476 (EntityCollectionPart(org.frcpm.models.Project.meetings#{element})@325140133)
	  org.frcpm.models.Project.meetings.{element}.attendances -> SelectEagerCollectionInitializer(org.frcpm.models.Project.meetings.{element}.attendances)@1657445986 (PluralAttribute(org.frcpm.models.Meeting.attendances))
	  org.frcpm.models.Project -> EntityResultInitializer(org.frcpm.models.Project)@1342798388 (SingleTableEntityPersister(org.frcpm.models.Project))
	  org.frcpm.models.Project.milestones -> SelectEagerCollectionInitializer(org.frcpm.models.Project.milestones)@519445387 (PluralAttribute(org.frcpm.models.Project.milestones))

10:24:15.011 [main] DEBUG org.hibernate.SQL - select p1_0.id,p1_0.description,p1_0.goal_end_date,p1_0.hard_deadline,p1_0.name,p1_0.start_date,m1_0.project_id,m1_0.id,m1_0.date,m1_0.end_time,m1_0.notes,m1_0.start_time from projects p1_0 left join meetings m1_0 on p1_0.id=m1_0.project_id where p1_0.id=?
10:24:15.011 [main] DEBUG org.hibernate.orm.results.loading.entity - (EntityResultInitializer) Hydrated EntityKey (org.frcpm.models.Project): 164
10:24:15.011 [main] DEBUG org.hibernate.orm.results.loading.org.hibernate.orm.results.loading.collection - (BagInitializer) Current row collection key : org.frcpm.models.Project.meetings#164
10:24:15.011 [main] DEBUG org.hibernate.orm.results - Extracted JDBC value [6] - [null]
10:24:15.011 [main] DEBUG org.hibernate.orm.results - Extracted JDBC value [7] - [null]
10:24:15.011 [main] DEBUG org.hibernate.orm.results.loading.entity - (EntityJoinedFetchInitializer) EntityKey (org.frcpm.models.Project.meetings.{element}) is null
10:24:15.011 [main] DEBUG org.hibernate.orm.results.loading.org.hibernate.orm.results.loading.collection - (SelectEagerCollectionInitializer) Current row collection key : org.frcpm.models.Project.milestones#164
10:24:15.011 [main] DEBUG org.hibernate.orm.results.loading.org.hibernate.orm.results.loading.collection - (SelectEagerCollectionInitializer) Current row collection key : org.frcpm.models.Project.tasks#164
10:24:15.011 [main] DEBUG org.hibernate.orm.results.loading.entity - (EntityResultInitializer) Created new entity instance [org.frcpm.models.Project#164] : 699676965
10:24:15.012 [main] DEBUG org.hibernate.orm.results.loading.org.hibernate.orm.results.loading.collection - (BagInitializer) Created new collection wrapper [org.frcpm.models.Project.meetings#164] : org.hibernate.collection.spi.PersistentBag@128992731
10:24:15.012 [main] DEBUG org.hibernate.orm.results.loading.org.hibernate.orm.results.loading.collection - (BagInitializer) Responsible for loading collection [org.frcpm.models.Project.meetings#164] : org.hibernate.collection.spi.PersistentBag@128992731
10:24:15.012 [main] DEBUG org.hibernate.orm.results - Extracted JDBC value [1] - [null]
10:24:15.012 [main] DEBUG org.hibernate.orm.results - Extracted JDBC value [2] - [2025-06-06]
10:24:15.012 [main] DEBUG org.hibernate.orm.results - Extracted JDBC value [3] - [2025-06-20]
10:24:15.012 [main] DEBUG org.hibernate.orm.results - Extracted JDBC value [4] - [Test Attendance Project]
10:24:15.012 [main] DEBUG org.hibernate.orm.results - Extracted JDBC value [5] - [2025-04-25]
10:24:15.012 [main] DEBUG org.hibernate.orm.results.loading.entity - (EntityResultInitializer) Done materializing entityInstance : org.frcpm.models.Project#164
10:24:15.012 [main] DEBUG org.hibernate.orm.results.loading - Calling top-level assembler (0 / 1) : org.hibernate.sql.results.graph.entity.internal.EntityAssembler@443ab337
10:24:15.012 [main] DEBUG org.hibernate.sql.results.internal.ResultsHelper - Collection fully initialized: [org.frcpm.models.Project.meetings#164]
10:24:15.012 [main] DEBUG org.hibernate.orm.sql.exec - Skipping reading Query result cache data: cache-enabled = false, cache-mode = IGNORE
10:24:15.012 [main] DEBUG org.hibernate.orm.results - Initializer list:
	  org.frcpm.models.Project.tasks.{element}.assignedTo -> DelayedCollectionInitializer(org.frcpm.models.Project.tasks.{element}.assignedTo)@1101113590 (PluralAttribute(org.frcpm.models.Task.assignedTo))
	  org.frcpm.models.Project.tasks.{element}.postDependencies -> DelayedCollectionInitializer(org.frcpm.models.Project.tasks.{element}.postDependencies)@2092999803 (PluralAttribute(org.frcpm.models.Task.postDependencies))
	  org.frcpm.models.Project.tasks.{element} -> EntityJoinedFetchInitializer(org.frcpm.models.Project.tasks.{element})@1309230847 (EntityCollectionPart(org.frcpm.models.Project.tasks#{element})@1606153986)
	  org.frcpm.models.Project.tasks.{element}.requiredComponents -> DelayedCollectionInitializer(org.frcpm.models.Project.tasks.{element}.requiredComponents)@328274459 (PluralAttribute(org.frcpm.models.Task.requiredComponents))
	  org.frcpm.models.Project.tasks.{element}.project -> EntityDelayedFetchInitializer(org.frcpm.models.Project.tasks.{element}.project)@1779142510 (ToOneAttributeMapping(NavigableRole[org.frcpm.models.Task.project])@1857094254)
	  org.frcpm.models.Project.tasks.{element}.subsystem -> EntityDelayedFetchInitializer(org.frcpm.models.Project.tasks.{element}.subsystem)@1857223517 (ToOneAttributeMapping(NavigableRole[org.frcpm.models.Task.subsystem])@1965567322)
	  org.frcpm.models.Project.tasks.{element}.preDependencies -> DelayedCollectionInitializer(org.frcpm.models.Project.tasks.{element}.preDependencies)@1131326574 (PluralAttribute(org.frcpm.models.Task.preDependencies))
	  org.frcpm.models.Project.tasks -> BagInitializer(org.frcpm.models.Project.tasks)@631927839 (PluralAttribute(org.frcpm.models.Project.tasks))

10:24:15.012 [main] DEBUG org.hibernate.SQL - select t1_0.project_id,t1_0.id,t1_0.actual_duration_seconds,t1_0.completed,t1_0.description,t1_0.end_date,t1_0.estimated_duration_seconds,t1_0.priority,t1_0.progress,t1_0.start_date,t1_0.subsystem_id,t1_0.title from tasks t1_0 where t1_0.project_id=?
10:24:15.013 [main] DEBUG org.hibernate.sql.results.internal.ResultsHelper - Collection fully initialized: [org.frcpm.models.Project.tasks#164]
10:24:15.013 [main] DEBUG org.hibernate.orm.sql.exec - Skipping reading Query result cache data: cache-enabled = false, cache-mode = IGNORE
10:24:15.013 [main] DEBUG org.hibernate.orm.results - Initializer list:
	  org.frcpm.models.Project.milestones.{element}.project -> EntityDelayedFetchInitializer(org.frcpm.models.Project.milestones.{element}.project)@1593205631 (ToOneAttributeMapping(NavigableRole[org.frcpm.models.Milestone.project])@680193586)
	  org.frcpm.models.Project.milestones.{element} -> EntityJoinedFetchInitializer(org.frcpm.models.Project.milestones.{element})@753542380 (EntityCollectionPart(org.frcpm.models.Project.milestones#{element})@702291386)
	  org.frcpm.models.Project.milestones -> BagInitializer(org.frcpm.models.Project.milestones)@1155300965 (PluralAttribute(org.frcpm.models.Project.milestones))

10:24:15.013 [main] DEBUG org.hibernate.SQL - select m1_0.project_id,m1_0.id,m1_0.date,m1_0.description,m1_0.name from milestones m1_0 where m1_0.project_id=?
10:24:15.014 [main] DEBUG org.hibernate.sql.results.internal.ResultsHelper - Collection fully initialized: [org.frcpm.models.Project.milestones#164]
10:24:15.014 [main] DEBUG org.hibernate.engine.spi.CollectionEntry - Reset storedSnapshot to [] for CollectionEntry[org.frcpm.models.Project.meetings#164]
10:24:15.014 [main] DEBUG org.hibernate.engine.spi.CollectionEntry - Reset storedSnapshot to [] for CollectionEntry[org.frcpm.models.Project.milestones#164]
10:24:15.014 [main] DEBUG org.hibernate.engine.spi.CollectionEntry - Reset storedSnapshot to [] for CollectionEntry[org.frcpm.models.Project.tasks#164]
10:24:15.014 [main] DEBUG org.hibernate.engine.transaction.internal.TransactionImpl - committing
10:24:15.014 [main] DEBUG org.hibernate.event.internal.AbstractFlushingEventListener - Processing flush-time cascades
10:24:15.014 [main] DEBUG org.hibernate.event.internal.AbstractFlushingEventListener - Dirty checking collections
10:24:15.014 [main] DEBUG org.hibernate.engine.internal.Collections - Collection dereferenced: [org.frcpm.models.Project.meetings#164]
10:24:15.014 [main] DEBUG org.hibernate.engine.internal.Collections - Collection dereferenced: [org.frcpm.models.Project.milestones#164]
10:24:15.014 [main] DEBUG org.hibernate.engine.internal.Collections - Collection dereferenced: [org.frcpm.models.Project.tasks#164]
10:24:15.014 [main] DEBUG org.hibernate.event.internal.AbstractFlushingEventListener - Flushed: 0 insertions, 0 updates, 1 deletions to 1 objects
10:24:15.014 [main] DEBUG org.hibernate.event.internal.AbstractFlushingEventListener - Flushed: 0 (re)creations, 0 updates, 3 removals to 3 collections
10:24:15.014 [main] DEBUG org.hibernate.internal.util.EntityPrinter - Listing entities:
10:24:15.014 [main] DEBUG org.hibernate.internal.util.EntityPrinter - org.frcpm.models.Project{hardDeadline=2025-06-20, name=Test Attendance Project, description=null, meetings=[], id=164, goalEndDate=2025-06-06, milestones=[], startDate=2025-04-25, tasks=[]}
10:24:15.015 [main] DEBUG org.hibernate.SQL - delete from projects where id=?
10:24:15.015 [main] DEBUG org.hibernate.orm.jdbc.batch - PreparedStatementDetails did not contain PreparedStatement on #releaseStatements : delete from projects where id=?
10:24:15.017 [main] DEBUG org.hibernate.orm.jdbc.batch - PreparedStatementDetails did not contain PreparedStatement on #releaseStatements : delete from projects where id=?
10:24:15.017 [main] DEBUG org.hibernate.resource.jdbc.internal.LogicalConnectionManagedImpl - Initiating JDBC connection release from afterTransaction
10:24:15.017 [main] DEBUG org.hibernate.orm.jdbc.batch - PreparedStatementDetails did not contain PreparedStatement on #releaseStatements : delete from projects where id=?
10:24:15.017 [main] DEBUG org.hibernate.orm.jdbc.batch - PreparedStatementDetails did not contain PreparedStatement on #releaseStatements : delete from projects where id=?
10:24:15.017 [main] DEBUG org.hibernate.resource.jdbc.internal.LogicalConnectionManagedImpl - Initiating JDBC connection release from afterTransaction
10:24:15.017 [main] DEBUG org.hibernate.engine.jdbc.internal.JdbcCoordinatorImpl - HHH000420: Closing un-released batch
10:24:15.017 [main] DEBUG org.hibernate.orm.jdbc.batch - PreparedStatementDetails did not contain PreparedStatement on #releaseStatements : delete from projects where id=?
10:24:15.017 [main] DEBUG org.hibernate.orm.jdbc.batch - PreparedStatementDetails did not contain PreparedStatement on #releaseStatements : delete from projects where id=?
10:24:15.017 [main] DEBUG org.hibernate.internal.SessionFactoryImpl - HHH000031: Closing
10:24:15.017 [main] DEBUG org.hibernate.type.spi.TypeConfiguration$Scope - Un-scoping TypeConfiguration [org.hibernate.type.spi.TypeConfiguration$Scope@2898f11a] from SessionFactory [org.hibernate.internal.SessionFactoryImpl@3acd0e63]
10:24:15.017 [main] DEBUG org.hibernate.service.internal.AbstractServiceRegistryImpl - Implicitly destroying ServiceRegistry on de-registration of all child ServiceRegistries
10:24:15.017 [main] INFO com.zaxxer.hikari.HikariDataSource - FRC-PM-HikariCP - Shutdown initiated...
10:24:15.017 [main] DEBUG com.zaxxer.hikari.pool.HikariPool - FRC-PM-HikariCP - Before shutdown stats (total=2, active=0, idle=2, waiting=0)
10:24:15.018 [FRC-PM-HikariCP connection closer] DEBUG com.zaxxer.hikari.pool.PoolBase - FRC-PM-HikariCP - Closing connection conn14: url=jdbc:h2:file:C:\Users\dhiebert\.frcpm\frcpm user=SA: (connection evicted)
10:24:15.018 [FRC-PM-HikariCP connection closer] DEBUG com.zaxxer.hikari.pool.PoolBase - FRC-PM-HikariCP - Closing connection conn15: url=jdbc:h2:file:C:\Users\dhiebert\.frcpm\frcpm user=SA: (connection evicted)
10:24:15.231 [main] DEBUG com.zaxxer.hikari.pool.HikariPool - FRC-PM-HikariCP - After shutdown stats (total=0, active=0, idle=0, waiting=0)
10:24:15.231 [main] INFO com.zaxxer.hikari.HikariDataSource - FRC-PM-HikariCP - Shutdown completed.
10:24:15.231 [main] DEBUG org.hibernate.boot.registry.internal.BootstrapServiceRegistryImpl - Implicitly destroying Boot-strap registry on de-registration of all child ServiceRegistries
]]></system-out>
    <system-err><![CDATA[Apr 25, 2025 10:24:14 AM org.frcpm.config.DatabaseConfig initialize
INFO: Initializing database configuration...
Apr 25, 2025 10:24:14 AM org.frcpm.config.DatabaseConfig initialize
INFO: Using FILE-BASED database at: file:C:\Users\dhiebert\.frcpm\frcpm
Apr 25, 2025 10:24:14 AM org.frcpm.config.DatabaseConfig initialize
INFO: Using JDBC URL: jdbc:h2:file:C:\Users\dhiebert\.frcpm\frcpm
Apr 25, 2025 10:24:14 AM org.frcpm.config.DatabaseConfig initialize
INFO: Using schema mode: update
Apr 25, 2025 10:24:14 AM org.frcpm.config.DatabaseConfig initialize
INFO: Database configuration initialized successfully in PRODUCTION mode
Apr 25, 2025 10:24:15 AM org.frcpm.config.DatabaseConfig shutdown
INFO: Database configuration shut down
]]></system-err>
  </testcase>
  <testcase name="testFindByMeeting" classname="org.frcpm.repositories.AttendanceRepositoryTest" time="0.633">
    <system-out><![CDATA[10:24:15.242 [main] DEBUG org.hibernate.jpa.HibernatePersistenceProvider - Located and parsed 1 persistence units; checking each
10:24:15.242 [main] DEBUG org.hibernate.jpa.HibernatePersistenceProvider - Checking persistence-unit [name=frcpm, explicit-provider=org.hibernate.jpa.HibernatePersistenceProvider] against incoming persistence unit name [frcpm]
10:24:15.242 [main] DEBUG org.hibernate.jpa.boot.spi.ProviderChecker - Persistence-unit [frcpm] requested PersistenceProvider [org.hibernate.jpa.HibernatePersistenceProvider]
10:24:15.242 [main] DEBUG org.hibernate.jpa.internal.util.LogHelper - PersistenceUnitInfo [
	name: frcpm
	persistence provider classname: org.hibernate.jpa.HibernatePersistenceProvider
	classloader: null
	excludeUnlistedClasses: false
	JTA datasource: null
	Non JTA datasource: null
	Transaction type: RESOURCE_LOCAL
	PU root URL: file:/C:/Users/dhiebert/Local%20Repositories/Project%20Management%202.0/target/classes
	Shared Cache Mode: null
	Validation Mode: null
	Jar files URLs []
	Managed classes names [
		org.frcpm.models.Project
		org.frcpm.models.Subteam
		org.frcpm.models.TeamMember
		org.frcpm.models.Subsystem
		org.frcpm.models.Task
		org.frcpm.models.Component
		org.frcpm.models.Meeting
		org.frcpm.models.Attendance
		org.frcpm.models.Milestone]
	Mapping files names []
	Properties [
		hibernate.connection.handling_mode: DELAYED_ACQUISITION_AND_RELEASE_AFTER_STATEMENT
		jakarta.persistence.jdbc.url: jdbc:h2:file:C:\Users\dhiebert\.frcpm\frcpm
		hibernate.jdbc.batch_versioned_data: null
		hibernate.cache.use_second_level_cache: null
		hibernate.show_sql: null
		jakarta.persistence.jdbc.driver: org.h2.Driver
		hibernate.jdbc.batch_size: 30
		jakarta.persistence.jdbc.user: sa
		hibernate.generate_statistics: null
		hibernate.hbm2ddl.auto: update
		hibernate.cache.use_query_cache: null
		hibernate.hikari.maximumPoolSize: 10
		hibernate.hikari.idleTimeout: 30000
		hibernate.format_sql: null
		hibernate.hikari.minimumIdle: 2
		hibernate.use_sql_comments: null
		hibernate.order_inserts: null
		hibernate.current_session_context_class: thread
		hibernate.connection.provider_class: org.hibernate.hikaricp.internal.HikariCPConnectionProvider
		hibernate.hikari.connectionTimeout: 10000
		hibernate.hikari.poolName: FRC-PM-HikariCP
		hibernate.order_updates: null
		hibernate.dialect: org.hibernate.dialect.H2Dialect
		jakarta.persistence.jdbc.password: ]
10:24:15.242 [main] DEBUG org.hibernate.integrator.internal.IntegratorServiceImpl - Adding Integrator [org.hibernate.boot.beanvalidation.BeanValidationIntegrator].
10:24:15.242 [main] DEBUG org.hibernate.integrator.internal.IntegratorServiceImpl - Adding Integrator [org.hibernate.cache.internal.CollectionCacheInvalidator].
10:24:15.255 [main] DEBUG org.hibernate.orm.idgen.factory - Ignoring CDI for resolving IdentifierGenerator instances as extended or delayed CDI support was enabled
10:24:15.256 [main] DEBUG org.hibernate.orm.idgen.factory - Registering IdentifierGenerator strategy [uuid2] -> [org.hibernate.id.UUIDGenerator]
10:24:15.256 [main] DEBUG org.hibernate.orm.idgen.factory - Registering IdentifierGenerator strategy [guid] -> [org.hibernate.id.GUIDGenerator]
10:24:15.256 [main] DEBUG org.hibernate.orm.idgen.factory - Registering IdentifierGenerator strategy [uuid] -> [org.hibernate.id.UUIDHexGenerator]
10:24:15.256 [main] DEBUG org.hibernate.orm.idgen.factory - Registering IdentifierGenerator strategy [uuid.hex] -> [org.hibernate.id.UUIDHexGenerator]
10:24:15.256 [main] DEBUG org.hibernate.orm.idgen.factory - Registering IdentifierGenerator strategy [assigned] -> [org.hibernate.id.Assigned]
10:24:15.256 [main] DEBUG org.hibernate.orm.idgen.factory - Registering IdentifierGenerator strategy [identity] -> [org.hibernate.id.IdentityGenerator]
10:24:15.256 [main] DEBUG org.hibernate.orm.idgen.factory - Registering IdentifierGenerator strategy [select] -> [org.hibernate.id.SelectGenerator]
10:24:15.256 [main] DEBUG org.hibernate.orm.idgen.factory - Registering IdentifierGenerator strategy [sequence] -> [org.hibernate.id.enhanced.SequenceStyleGenerator]
10:24:15.256 [main] DEBUG org.hibernate.orm.idgen.factory - Registering IdentifierGenerator strategy [increment] -> [org.hibernate.id.IncrementGenerator]
10:24:15.256 [main] DEBUG org.hibernate.orm.idgen.factory - Registering IdentifierGenerator strategy [foreign] -> [org.hibernate.id.ForeignGenerator]
10:24:15.256 [main] DEBUG org.hibernate.orm.idgen.factory - Registering IdentifierGenerator strategy [enhanced-sequence] -> [org.hibernate.id.enhanced.SequenceStyleGenerator]
10:24:15.256 [main] DEBUG org.hibernate.orm.idgen.factory - Registering IdentifierGenerator strategy [enhanced-table] -> [org.hibernate.id.enhanced.TableGenerator]
10:24:15.256 [main] INFO org.hibernate.cache.internal.RegionFactoryInitiator - HHH000026: Second-level cache disabled
10:24:15.256 [main] DEBUG org.hibernate.type.BasicTypeRegistry - Adding type registration boolean -> org.hibernate.type.BasicTypeReference@2f4919b0
10:24:15.256 [main] DEBUG org.hibernate.type.BasicTypeRegistry - Adding type registration boolean -> org.hibernate.type.BasicTypeReference@2f4919b0
10:24:15.256 [main] DEBUG org.hibernate.type.BasicTypeRegistry - Adding type registration java.lang.Boolean -> org.hibernate.type.BasicTypeReference@2f4919b0
10:24:15.256 [main] DEBUG org.hibernate.type.BasicTypeRegistry - Adding type registration numeric_boolean -> org.hibernate.type.BasicTypeReference@a8a8b75
10:24:15.256 [main] DEBUG org.hibernate.type.BasicTypeRegistry - Adding type registration org.hibernate.type.NumericBooleanConverter -> org.hibernate.type.BasicTypeReference@a8a8b75
10:24:15.256 [main] DEBUG org.hibernate.type.BasicTypeRegistry - Adding type registration true_false -> org.hibernate.type.BasicTypeReference@75b21c3b
10:24:15.256 [main] DEBUG org.hibernate.type.BasicTypeRegistry - Adding type registration org.hibernate.type.TrueFalseConverter -> org.hibernate.type.BasicTypeReference@75b21c3b
10:24:15.256 [main] DEBUG org.hibernate.type.BasicTypeRegistry - Adding type registration yes_no -> org.hibernate.type.BasicTypeReference@72be135f
10:24:15.256 [main] DEBUG org.hibernate.type.BasicTypeRegistry - Adding type registration org.hibernate.type.YesNoConverter -> org.hibernate.type.BasicTypeReference@72be135f
10:24:15.256 [main] DEBUG org.hibernate.type.BasicTypeRegistry - Adding type registration byte -> org.hibernate.type.BasicTypeReference@155d1021
10:24:15.256 [main] DEBUG org.hibernate.type.BasicTypeRegistry - Adding type registration byte -> org.hibernate.type.BasicTypeReference@155d1021
10:24:15.256 [main] DEBUG org.hibernate.type.BasicTypeRegistry - Adding type registration java.lang.Byte -> org.hibernate.type.BasicTypeReference@155d1021
10:24:15.256 [main] DEBUG org.hibernate.type.BasicTypeRegistry - Adding type registration binary -> org.hibernate.type.BasicTypeReference@4bd2f0dc
10:24:15.256 [main] DEBUG org.hibernate.type.BasicTypeRegistry - Adding type registration byte[] -> org.hibernate.type.BasicTypeReference@4bd2f0dc
10:24:15.256 [main] DEBUG org.hibernate.type.BasicTypeRegistry - Adding type registration [B -> org.hibernate.type.BasicTypeReference@4bd2f0dc
10:24:15.256 [main] DEBUG org.hibernate.type.BasicTypeRegistry - Adding type registration binary_wrapper -> org.hibernate.type.BasicTypeReference@2e647e59
10:24:15.256 [main] DEBUG org.hibernate.type.BasicTypeRegistry - Adding type registration wrapper-binary -> org.hibernate.type.BasicTypeReference@2e647e59
10:24:15.256 [main] DEBUG org.hibernate.type.BasicTypeRegistry - Adding type registration image -> org.hibernate.type.BasicTypeReference@2c42b421
10:24:15.256 [main] DEBUG org.hibernate.type.BasicTypeRegistry - Adding type registration blob -> org.hibernate.type.BasicTypeReference@51e37590
10:24:15.256 [main] DEBUG org.hibernate.type.BasicTypeRegistry - Adding type registration java.sql.Blob -> org.hibernate.type.BasicTypeReference@51e37590
10:24:15.256 [main] DEBUG org.hibernate.type.BasicTypeRegistry - Adding type registration materialized_blob -> org.hibernate.type.BasicTypeReference@deb3b60
10:24:15.256 [main] DEBUG org.hibernate.type.BasicTypeRegistry - Adding type registration materialized_blob_wrapper -> org.hibernate.type.BasicTypeReference@701a32
10:24:15.256 [main] DEBUG org.hibernate.type.BasicTypeRegistry - Adding type registration short -> org.hibernate.type.BasicTypeReference@39aa45a1
10:24:15.256 [main] DEBUG org.hibernate.type.BasicTypeRegistry - Adding type registration short -> org.hibernate.type.BasicTypeReference@39aa45a1
10:24:15.256 [main] DEBUG org.hibernate.type.BasicTypeRegistry - Adding type registration java.lang.Short -> org.hibernate.type.BasicTypeReference@39aa45a1
10:24:15.256 [main] DEBUG org.hibernate.type.BasicTypeRegistry - Adding type registration integer -> org.hibernate.type.BasicTypeReference@73aff8f1
10:24:15.256 [main] DEBUG org.hibernate.type.BasicTypeRegistry - Adding type registration int -> org.hibernate.type.BasicTypeReference@73aff8f1
10:24:15.256 [main] DEBUG org.hibernate.type.BasicTypeRegistry - Adding type registration java.lang.Integer -> org.hibernate.type.BasicTypeReference@73aff8f1
10:24:15.256 [main] DEBUG org.hibernate.type.BasicTypeRegistry - Adding type registration long -> org.hibernate.type.BasicTypeReference@27cbfddf
10:24:15.256 [main] DEBUG org.hibernate.type.BasicTypeRegistry - Adding type registration long -> org.hibernate.type.BasicTypeReference@27cbfddf
10:24:15.256 [main] DEBUG org.hibernate.type.BasicTypeRegistry - Adding type registration java.lang.Long -> org.hibernate.type.BasicTypeReference@27cbfddf
10:24:15.256 [main] DEBUG org.hibernate.type.BasicTypeRegistry - Adding type registration float -> org.hibernate.type.BasicTypeReference@27ead29e
10:24:15.256 [main] DEBUG org.hibernate.type.BasicTypeRegistry - Adding type registration float -> org.hibernate.type.BasicTypeReference@27ead29e
10:24:15.256 [main] DEBUG org.hibernate.type.BasicTypeRegistry - Adding type registration java.lang.Float -> org.hibernate.type.BasicTypeReference@27ead29e
10:24:15.256 [main] DEBUG org.hibernate.type.BasicTypeRegistry - Adding type registration double -> org.hibernate.type.BasicTypeReference@4c060c8f
10:24:15.256 [main] DEBUG org.hibernate.type.BasicTypeRegistry - Adding type registration double -> org.hibernate.type.BasicTypeReference@4c060c8f
10:24:15.256 [main] DEBUG org.hibernate.type.BasicTypeRegistry - Adding type registration java.lang.Double -> org.hibernate.type.BasicTypeReference@4c060c8f
10:24:15.256 [main] DEBUG org.hibernate.type.BasicTypeRegistry - Adding type registration big_integer -> org.hibernate.type.BasicTypeReference@40620d8e
10:24:15.256 [main] DEBUG org.hibernate.type.BasicTypeRegistry - Adding type registration java.math.BigInteger -> org.hibernate.type.BasicTypeReference@40620d8e
10:24:15.256 [main] DEBUG org.hibernate.type.BasicTypeRegistry - Adding type registration big_decimal -> org.hibernate.type.BasicTypeReference@383f3558
10:24:15.256 [main] DEBUG org.hibernate.type.BasicTypeRegistry - Adding type registration java.math.BigDecimal -> org.hibernate.type.BasicTypeReference@383f3558
10:24:15.256 [main] DEBUG org.hibernate.type.BasicTypeRegistry - Adding type registration character -> org.hibernate.type.BasicTypeReference@49b07ee3
10:24:15.256 [main] DEBUG org.hibernate.type.BasicTypeRegistry - Adding type registration char -> org.hibernate.type.BasicTypeReference@49b07ee3
10:24:15.256 [main] DEBUG org.hibernate.type.BasicTypeRegistry - Adding type registration java.lang.Character -> org.hibernate.type.BasicTypeReference@49b07ee3
10:24:15.256 [main] DEBUG org.hibernate.type.BasicTypeRegistry - Adding type registration character_nchar -> org.hibernate.type.BasicTypeReference@352e612e
10:24:15.256 [main] DEBUG org.hibernate.type.BasicTypeRegistry - Adding type registration string -> org.hibernate.type.BasicTypeReference@65f00478
10:24:15.256 [main] DEBUG org.hibernate.type.BasicTypeRegistry - Adding type registration java.lang.String -> org.hibernate.type.BasicTypeReference@65f00478
10:24:15.256 [main] DEBUG org.hibernate.type.BasicTypeRegistry - Adding type registration nstring -> org.hibernate.type.BasicTypeReference@2424686b
10:24:15.256 [main] DEBUG org.hibernate.type.BasicTypeRegistry - Adding type registration characters -> org.hibernate.type.BasicTypeReference@6ea94d6a
10:24:15.256 [main] DEBUG org.hibernate.type.BasicTypeRegistry - Adding type registration char[] -> org.hibernate.type.BasicTypeReference@6ea94d6a
10:24:15.256 [main] DEBUG org.hibernate.type.BasicTypeRegistry - Adding type registration [C -> org.hibernate.type.BasicTypeReference@6ea94d6a
10:24:15.256 [main] DEBUG org.hibernate.type.BasicTypeRegistry - Adding type registration wrapper-characters -> org.hibernate.type.BasicTypeReference@28486680
10:24:15.256 [main] DEBUG org.hibernate.type.BasicTypeRegistry - Adding type registration text -> org.hibernate.type.BasicTypeReference@4d7e7435
10:24:15.256 [main] DEBUG org.hibernate.type.BasicTypeRegistry - Adding type registration ntext -> org.hibernate.type.BasicTypeReference@4a1e3ac1
10:24:15.256 [main] DEBUG org.hibernate.type.BasicTypeRegistry - Adding type registration clob -> org.hibernate.type.BasicTypeReference@6e78fcf5
10:24:15.256 [main] DEBUG org.hibernate.type.BasicTypeRegistry - Adding type registration java.sql.Clob -> org.hibernate.type.BasicTypeReference@6e78fcf5
10:24:15.256 [main] DEBUG org.hibernate.type.BasicTypeRegistry - Adding type registration nclob -> org.hibernate.type.BasicTypeReference@56febdc
10:24:15.256 [main] DEBUG org.hibernate.type.BasicTypeRegistry - Adding type registration java.sql.NClob -> org.hibernate.type.BasicTypeReference@56febdc
10:24:15.256 [main] DEBUG org.hibernate.type.BasicTypeRegistry - Adding type registration materialized_clob -> org.hibernate.type.BasicTypeReference@3b8ee898
10:24:15.256 [main] DEBUG org.hibernate.type.BasicTypeRegistry - Adding type registration materialized_clob_char_array -> org.hibernate.type.BasicTypeReference@7d151a
10:24:15.256 [main] DEBUG org.hibernate.type.BasicTypeRegistry - Adding type registration materialized_clob_character_array -> org.hibernate.type.BasicTypeReference@294bdeb4
10:24:15.256 [main] DEBUG org.hibernate.type.BasicTypeRegistry - Adding type registration materialized_nclob -> org.hibernate.type.BasicTypeReference@5300f14a
10:24:15.256 [main] DEBUG org.hibernate.type.BasicTypeRegistry - Adding type registration materialized_nclob_character_array -> org.hibernate.type.BasicTypeReference@1f86099a
10:24:15.256 [main] DEBUG org.hibernate.type.BasicTypeRegistry - Adding type registration materialized_nclob_char_array -> org.hibernate.type.BasicTypeReference@77bb0ab5
10:24:15.256 [main] DEBUG org.hibernate.type.BasicTypeRegistry - Adding type registration Duration -> org.hibernate.type.BasicTypeReference@f2c488
10:24:15.256 [main] DEBUG org.hibernate.type.BasicTypeRegistry - Adding type registration java.time.Duration -> org.hibernate.type.BasicTypeReference@f2c488
10:24:15.256 [main] DEBUG org.hibernate.type.BasicTypeRegistry - Adding type registration LocalDateTime -> org.hibernate.type.BasicTypeReference@54acff7d
10:24:15.256 [main] DEBUG org.hibernate.type.BasicTypeRegistry - Adding type registration java.time.LocalDateTime -> org.hibernate.type.BasicTypeReference@54acff7d
10:24:15.256 [main] DEBUG org.hibernate.type.BasicTypeRegistry - Adding type registration LocalDate -> org.hibernate.type.BasicTypeReference@7bc9e6ab
10:24:15.256 [main] DEBUG org.hibernate.type.BasicTypeRegistry - Adding type registration java.time.LocalDate -> org.hibernate.type.BasicTypeReference@7bc9e6ab
10:24:15.256 [main] DEBUG org.hibernate.type.BasicTypeRegistry - Adding type registration LocalTime -> org.hibernate.type.BasicTypeReference@5488b5c5
10:24:15.256 [main] DEBUG org.hibernate.type.BasicTypeRegistry - Adding type registration java.time.LocalTime -> org.hibernate.type.BasicTypeReference@5488b5c5
10:24:15.256 [main] DEBUG org.hibernate.type.BasicTypeRegistry - Adding type registration OffsetDateTime -> org.hibernate.type.BasicTypeReference@4248ed58
10:24:15.257 [main] DEBUG org.hibernate.type.BasicTypeRegistry - Adding type registration java.time.OffsetDateTime -> org.hibernate.type.BasicTypeReference@4248ed58
10:24:15.257 [main] DEBUG org.hibernate.type.BasicTypeRegistry - Adding type registration OffsetDateTimeWithTimezone -> org.hibernate.type.BasicTypeReference@712ca57b
10:24:15.257 [main] DEBUG org.hibernate.type.BasicTypeRegistry - Adding type registration OffsetDateTimeWithoutTimezone -> org.hibernate.type.BasicTypeReference@4564e94b
10:24:15.257 [main] DEBUG org.hibernate.type.BasicTypeRegistry - Adding type registration OffsetTime -> org.hibernate.type.BasicTypeReference@54534abf
10:24:15.257 [main] DEBUG org.hibernate.type.BasicTypeRegistry - Adding type registration java.time.OffsetTime -> org.hibernate.type.BasicTypeReference@54534abf
10:24:15.257 [main] DEBUG org.hibernate.type.BasicTypeRegistry - Adding type registration OffsetTimeUtc -> org.hibernate.type.BasicTypeReference@51745f40
10:24:15.257 [main] DEBUG org.hibernate.type.BasicTypeRegistry - Adding type registration OffsetTimeWithTimezone -> org.hibernate.type.BasicTypeReference@45673f68
10:24:15.257 [main] DEBUG org.hibernate.type.BasicTypeRegistry - Adding type registration OffsetTimeWithoutTimezone -> org.hibernate.type.BasicTypeReference@27abb83e
10:24:15.257 [main] DEBUG org.hibernate.type.BasicTypeRegistry - Adding type registration ZonedDateTime -> org.hibernate.type.BasicTypeReference@69e308c6
10:24:15.257 [main] DEBUG org.hibernate.type.BasicTypeRegistry - Adding type registration java.time.ZonedDateTime -> org.hibernate.type.BasicTypeReference@69e308c6
10:24:15.257 [main] DEBUG org.hibernate.type.BasicTypeRegistry - Adding type registration ZonedDateTimeWithTimezone -> org.hibernate.type.BasicTypeReference@1a1ed4e5
10:24:15.257 [main] DEBUG org.hibernate.type.BasicTypeRegistry - Adding type registration ZonedDateTimeWithoutTimezone -> org.hibernate.type.BasicTypeReference@667e34b1
10:24:15.257 [main] DEBUG org.hibernate.type.BasicTypeRegistry - Adding type registration date -> org.hibernate.type.BasicTypeReference@1c6e0a08
10:24:15.257 [main] DEBUG org.hibernate.type.BasicTypeRegistry - Adding type registration java.sql.Date -> org.hibernate.type.BasicTypeReference@1c6e0a08
10:24:15.257 [main] DEBUG org.hibernate.type.BasicTypeRegistry - Adding type registration time -> org.hibernate.type.BasicTypeReference@6dba847b
10:24:15.257 [main] DEBUG org.hibernate.type.BasicTypeRegistry - Adding type registration java.sql.Time -> org.hibernate.type.BasicTypeReference@6dba847b
10:24:15.257 [main] DEBUG org.hibernate.type.BasicTypeRegistry - Adding type registration timestamp -> org.hibernate.type.BasicTypeReference@1efdcd5
10:24:15.257 [main] DEBUG org.hibernate.type.BasicTypeRegistry - Adding type registration java.sql.Timestamp -> org.hibernate.type.BasicTypeReference@1efdcd5
10:24:15.257 [main] DEBUG org.hibernate.type.BasicTypeRegistry - Adding type registration java.util.Date -> org.hibernate.type.BasicTypeReference@1efdcd5
10:24:15.257 [main] DEBUG org.hibernate.type.BasicTypeRegistry - Adding type registration calendar -> org.hibernate.type.BasicTypeReference@1623bbe5
10:24:15.257 [main] DEBUG org.hibernate.type.BasicTypeRegistry - Adding type registration java.util.Calendar -> org.hibernate.type.BasicTypeReference@1623bbe5
10:24:15.257 [main] DEBUG org.hibernate.type.BasicTypeRegistry - Adding type registration java.util.GregorianCalendar -> org.hibernate.type.BasicTypeReference@1623bbe5
10:24:15.257 [main] DEBUG org.hibernate.type.BasicTypeRegistry - Adding type registration calendar_date -> org.hibernate.type.BasicTypeReference@7af1cd63
10:24:15.257 [main] DEBUG org.hibernate.type.BasicTypeRegistry - Adding type registration calendar_time -> org.hibernate.type.BasicTypeReference@4351171a
10:24:15.257 [main] DEBUG org.hibernate.type.BasicTypeRegistry - Adding type registration instant -> org.hibernate.type.BasicTypeReference@3c2772d1
10:24:15.257 [main] DEBUG org.hibernate.type.BasicTypeRegistry - Adding type registration java.time.Instant -> org.hibernate.type.BasicTypeReference@3c2772d1
10:24:15.257 [main] DEBUG org.hibernate.type.BasicTypeRegistry - Adding type registration uuid -> org.hibernate.type.BasicTypeReference@37d00a23
10:24:15.257 [main] DEBUG org.hibernate.type.BasicTypeRegistry - Adding type registration java.util.UUID -> org.hibernate.type.BasicTypeReference@37d00a23
10:24:15.257 [main] DEBUG org.hibernate.type.BasicTypeRegistry - Adding type registration pg-uuid -> org.hibernate.type.BasicTypeReference@37d00a23
10:24:15.257 [main] DEBUG org.hibernate.type.BasicTypeRegistry - Adding type registration uuid-binary -> org.hibernate.type.BasicTypeReference@433e536f
10:24:15.257 [main] DEBUG org.hibernate.type.BasicTypeRegistry - Adding type registration uuid-char -> org.hibernate.type.BasicTypeReference@89c65d5
10:24:15.257 [main] DEBUG org.hibernate.type.BasicTypeRegistry - Adding type registration class -> org.hibernate.type.BasicTypeReference@faa3fed
10:24:15.257 [main] DEBUG org.hibernate.type.BasicTypeRegistry - Adding type registration java.lang.Class -> org.hibernate.type.BasicTypeReference@faa3fed
10:24:15.257 [main] DEBUG org.hibernate.type.BasicTypeRegistry - Adding type registration currency -> org.hibernate.type.BasicTypeReference@988246e
10:24:15.257 [main] DEBUG org.hibernate.type.BasicTypeRegistry - Adding type registration Currency -> org.hibernate.type.BasicTypeReference@988246e
10:24:15.257 [main] DEBUG org.hibernate.type.BasicTypeRegistry - Adding type registration java.util.Currency -> org.hibernate.type.BasicTypeReference@988246e
10:24:15.257 [main] DEBUG org.hibernate.type.BasicTypeRegistry - Adding type registration locale -> org.hibernate.type.BasicTypeReference@62515a47
10:24:15.257 [main] DEBUG org.hibernate.type.BasicTypeRegistry - Adding type registration java.util.Locale -> org.hibernate.type.BasicTypeReference@62515a47
10:24:15.257 [main] DEBUG org.hibernate.type.BasicTypeRegistry - Adding type registration serializable -> org.hibernate.type.BasicTypeReference@3c5a54b7
10:24:15.257 [main] DEBUG org.hibernate.type.BasicTypeRegistry - Adding type registration java.io.Serializable -> org.hibernate.type.BasicTypeReference@3c5a54b7
10:24:15.257 [main] DEBUG org.hibernate.type.BasicTypeRegistry - Adding type registration timezone -> org.hibernate.type.BasicTypeReference@61f2c3f0
10:24:15.257 [main] DEBUG org.hibernate.type.BasicTypeRegistry - Adding type registration java.util.TimeZone -> org.hibernate.type.BasicTypeReference@61f2c3f0
10:24:15.257 [main] DEBUG org.hibernate.type.BasicTypeRegistry - Adding type registration ZoneOffset -> org.hibernate.type.BasicTypeReference@291120f4
10:24:15.257 [main] DEBUG org.hibernate.type.BasicTypeRegistry - Adding type registration java.time.ZoneOffset -> org.hibernate.type.BasicTypeReference@291120f4
10:24:15.257 [main] DEBUG org.hibernate.type.BasicTypeRegistry - Adding type registration url -> org.hibernate.type.BasicTypeReference@417ad4f3
10:24:15.257 [main] DEBUG org.hibernate.type.BasicTypeRegistry - Adding type registration java.net.URL -> org.hibernate.type.BasicTypeReference@417ad4f3
10:24:15.257 [main] DEBUG org.hibernate.type.BasicTypeRegistry - Adding type registration vector -> org.hibernate.type.BasicTypeReference@2f6bcf87
10:24:15.257 [main] DEBUG org.hibernate.type.BasicTypeRegistry - Adding type registration row_version -> org.hibernate.type.BasicTypeReference@58f174d9
10:24:15.257 [main] DEBUG org.hibernate.type.BasicTypeRegistry - Adding type registration object -> org.hibernate.type.JavaObjectType@34237b90
10:24:15.257 [main] DEBUG org.hibernate.type.BasicTypeRegistry - Adding type registration java.lang.Object -> org.hibernate.type.JavaObjectType@34237b90
10:24:15.257 [main] DEBUG org.hibernate.type.BasicTypeRegistry - Adding type registration null -> org.hibernate.type.NullType@267bbe1a
10:24:15.257 [main] DEBUG org.hibernate.type.BasicTypeRegistry - Adding type registration imm_date -> org.hibernate.type.BasicTypeReference@6245b808
10:24:15.257 [main] DEBUG org.hibernate.type.BasicTypeRegistry - Adding type registration imm_time -> org.hibernate.type.BasicTypeReference@7a5acd16
10:24:15.257 [main] DEBUG org.hibernate.type.BasicTypeRegistry - Adding type registration imm_timestamp -> org.hibernate.type.BasicTypeReference@33650bdb
10:24:15.257 [main] DEBUG org.hibernate.type.BasicTypeRegistry - Adding type registration imm_calendar -> org.hibernate.type.BasicTypeReference@5206b407
10:24:15.257 [main] DEBUG org.hibernate.type.BasicTypeRegistry - Adding type registration imm_calendar_date -> org.hibernate.type.BasicTypeReference@1d4cd3b7
10:24:15.257 [main] DEBUG org.hibernate.type.BasicTypeRegistry - Adding type registration imm_calendar_time -> org.hibernate.type.BasicTypeReference@31d29f75
10:24:15.257 [main] DEBUG org.hibernate.type.BasicTypeRegistry - Adding type registration imm_binary -> org.hibernate.type.BasicTypeReference@2a726147
10:24:15.257 [main] DEBUG org.hibernate.type.BasicTypeRegistry - Adding type registration imm_serializable -> org.hibernate.type.BasicTypeReference@4d334e82
10:24:15.257 [main] DEBUG org.hibernate.boot.internal.BootstrapContextImpl - Injecting ScanEnvironment [org.hibernate.jpa.boot.internal.StandardJpaScanEnvironmentImpl@3699edf8] into BootstrapContext; was [null]
10:24:15.257 [main] DEBUG org.hibernate.boot.internal.BootstrapContextImpl - Injecting ScanOptions [org.hibernate.boot.archive.scan.internal.StandardScanOptions@1395e569] into BootstrapContext; was [org.hibernate.boot.archive.scan.internal.StandardScanOptions@2a54d605]
10:24:15.311 [main] DEBUG org.hibernate.boot.internal.BootstrapContextImpl - Injecting JPA temp ClassLoader [null] into BootstrapContext; was [null]
10:24:15.311 [main] DEBUG org.hibernate.boot.internal.ClassLoaderAccessImpl - ClassLoaderAccessImpl#injectTempClassLoader(null) [was null]
10:24:15.312 [main] INFO org.hibernate.engine.jdbc.connections.internal.ConnectionProviderInitiator - HHH000130: Instantiating explicit connection provider: org.hibernate.hikaricp.internal.HikariCPConnectionProvider
10:24:15.312 [main] DEBUG org.hibernate.hikaricp.internal.HikariCPConnectionProvider - Configuring HikariCP
10:24:15.312 [main] DEBUG com.zaxxer.hikari.HikariConfig - Driver class org.h2.Driver found in Thread context class loader jdk.internal.loader.ClassLoaders$AppClassLoader@70dea4e
10:24:15.312 [main] DEBUG com.zaxxer.hikari.HikariConfig - FRC-PM-HikariCP - configuration:
10:24:15.312 [main] DEBUG com.zaxxer.hikari.HikariConfig - allowPoolSuspension.............false
10:24:15.312 [main] DEBUG com.zaxxer.hikari.HikariConfig - autoCommit......................true
10:24:15.312 [main] DEBUG com.zaxxer.hikari.HikariConfig - catalog.........................none
10:24:15.312 [main] DEBUG com.zaxxer.hikari.HikariConfig - connectionInitSql...............none
10:24:15.312 [main] DEBUG com.zaxxer.hikari.HikariConfig - connectionTestQuery.............none
10:24:15.312 [main] DEBUG com.zaxxer.hikari.HikariConfig - connectionTimeout...............10000
10:24:15.312 [main] DEBUG com.zaxxer.hikari.HikariConfig - dataSource......................none
10:24:15.312 [main] DEBUG com.zaxxer.hikari.HikariConfig - dataSourceClassName.............none
10:24:15.312 [main] DEBUG com.zaxxer.hikari.HikariConfig - dataSourceJNDI..................none
10:24:15.312 [main] DEBUG com.zaxxer.hikari.HikariConfig - dataSourceProperties............{password=<masked>}
10:24:15.312 [main] DEBUG com.zaxxer.hikari.HikariConfig - driverClassName................."org.h2.Driver"
10:24:15.312 [main] DEBUG com.zaxxer.hikari.HikariConfig - exceptionOverrideClassName......none
10:24:15.312 [main] DEBUG com.zaxxer.hikari.HikariConfig - healthCheckProperties...........{}
10:24:15.312 [main] DEBUG com.zaxxer.hikari.HikariConfig - healthCheckRegistry.............none
10:24:15.312 [main] DEBUG com.zaxxer.hikari.HikariConfig - idleTimeout.....................30000
10:24:15.312 [main] DEBUG com.zaxxer.hikari.HikariConfig - initializationFailTimeout.......1
10:24:15.313 [main] DEBUG com.zaxxer.hikari.HikariConfig - isolateInternalQueries..........false
10:24:15.313 [main] DEBUG com.zaxxer.hikari.HikariConfig - jdbcUrl.........................jdbc:h2:file:C:\Users\dhiebert\.frcpm\frcpm
10:24:15.313 [main] DEBUG com.zaxxer.hikari.HikariConfig - keepaliveTime...................0
10:24:15.313 [main] DEBUG com.zaxxer.hikari.HikariConfig - leakDetectionThreshold..........0
10:24:15.313 [main] DEBUG com.zaxxer.hikari.HikariConfig - maxLifetime.....................1800000
10:24:15.313 [main] DEBUG com.zaxxer.hikari.HikariConfig - maximumPoolSize.................10
10:24:15.313 [main] DEBUG com.zaxxer.hikari.HikariConfig - metricRegistry..................none
10:24:15.313 [main] DEBUG com.zaxxer.hikari.HikariConfig - metricsTrackerFactory...........none
10:24:15.313 [main] DEBUG com.zaxxer.hikari.HikariConfig - minimumIdle.....................2
10:24:15.313 [main] DEBUG com.zaxxer.hikari.HikariConfig - password........................<masked>
10:24:15.313 [main] DEBUG com.zaxxer.hikari.HikariConfig - poolName........................"FRC-PM-HikariCP"
10:24:15.313 [main] DEBUG com.zaxxer.hikari.HikariConfig - readOnly........................false
10:24:15.313 [main] DEBUG com.zaxxer.hikari.HikariConfig - registerMbeans..................false
10:24:15.313 [main] DEBUG com.zaxxer.hikari.HikariConfig - scheduledExecutor...............none
10:24:15.313 [main] DEBUG com.zaxxer.hikari.HikariConfig - schema..........................none
10:24:15.313 [main] DEBUG com.zaxxer.hikari.HikariConfig - threadFactory...................internal
10:24:15.313 [main] DEBUG com.zaxxer.hikari.HikariConfig - transactionIsolation............default
10:24:15.313 [main] DEBUG com.zaxxer.hikari.HikariConfig - username........................"sa"
10:24:15.313 [main] DEBUG com.zaxxer.hikari.HikariConfig - validationTimeout...............5000
10:24:15.313 [main] INFO com.zaxxer.hikari.HikariDataSource - FRC-PM-HikariCP - Starting...
10:24:15.323 [main] INFO com.zaxxer.hikari.pool.HikariPool - FRC-PM-HikariCP - Added connection conn16: url=jdbc:h2:file:C:\Users\dhiebert\.frcpm\frcpm user=SA
10:24:15.323 [main] INFO com.zaxxer.hikari.HikariDataSource - FRC-PM-HikariCP - Start completed.
10:24:15.323 [main] DEBUG org.hibernate.hikaricp.internal.HikariCPConnectionProvider - HikariCP Configured
10:24:15.323 [main] DEBUG org.hibernate.engine.jdbc.env.internal.JdbcEnvironmentInitiator - Database ->
	   name : H2
	version : 2.2.224 (2023-09-17)
	  major : 2
	  minor : 2
10:24:15.323 [main] DEBUG org.hibernate.engine.jdbc.env.internal.JdbcEnvironmentInitiator - Driver ->
	   name : H2 JDBC Driver
	version : 2.2.224 (2023-09-17)
	  major : 2
	  minor : 2
10:24:15.323 [main] DEBUG org.hibernate.engine.jdbc.env.internal.JdbcEnvironmentInitiator - JDBC version : 4.2
10:24:15.323 [main] WARN org.hibernate.orm.deprecation - HHH90000025: H2Dialect does not need to be specified explicitly using 'hibernate.dialect' (remove the property setting and it will be selected by default)
10:24:15.323 [main] DEBUG org.hibernate.orm.dialect - HHH035001: Using dialect: org.hibernate.dialect.H2Dialect, version: 2.2.224
10:24:15.324 [main] DEBUG org.hibernate.engine.jdbc.env.spi.IdentifierHelperBuilder - JDBC driver metadata reported database stores quoted identifiers in neither upper, lower nor mixed case
10:24:15.324 [main] DEBUG org.hibernate.type.descriptor.jdbc.spi.JdbcTypeRegistry - addDescriptor(NCharTypeDescriptor) replaced previous registration(CharTypeDescriptor)
10:24:15.324 [main] DEBUG org.hibernate.type.descriptor.jdbc.spi.JdbcTypeRegistry - addDescriptor(NVarcharTypeDescriptor) replaced previous registration(VarcharTypeDescriptor)
10:24:15.324 [main] DEBUG org.hibernate.type.descriptor.jdbc.spi.JdbcTypeRegistry - addDescriptor(LongNVarcharTypeDescriptor) replaced previous registration(LongVarcharTypeDescriptor)
10:24:15.324 [main] DEBUG org.hibernate.type.descriptor.jdbc.spi.JdbcTypeRegistry - addDescriptor(NClobTypeDescriptor(DEFAULT)) replaced previous registration(ClobTypeDescriptor(DEFAULT))
10:24:15.324 [main] DEBUG org.hibernate.type.descriptor.jdbc.spi.JdbcTypeRegistry - addDescriptor(2005, ClobTypeDescriptor(STREAM_BINDING)) replaced previous registration(ClobTypeDescriptor(DEFAULT))
10:24:15.324 [main] DEBUG org.hibernate.type.descriptor.jdbc.spi.JdbcTypeRegistry - addDescriptor(TimestampUtcDescriptor) replaced previous registration(TimestampUtcDescriptor)
10:24:15.324 [main] DEBUG org.hibernate.type.BasicTypeRegistry - Adding type registration org.hibernate.type.DurationType -> basicType@186(java.time.Duration,3015)
10:24:15.324 [main] DEBUG org.hibernate.type.BasicTypeRegistry - Adding type registration Duration -> basicType@186(java.time.Duration,3015)
10:24:15.324 [main] DEBUG org.hibernate.type.BasicTypeRegistry - Adding type registration java.time.Duration -> basicType@186(java.time.Duration,3015)
10:24:15.324 [main] DEBUG org.hibernate.type.spi.TypeConfiguration$Scope - Scoping TypeConfiguration [org.hibernate.type.spi.TypeConfiguration@602673d9] to MetadataBuildingContext [org.hibernate.boot.internal.MetadataBuildingContextRootImpl@f24a38a]
10:24:15.324 [main] DEBUG org.hibernate.boot.model.relational.Namespace - Created database namespace [logicalName=Name{catalog=null, schema=null}, physicalName=Name{catalog=null, schema=null}]
10:24:15.325 [main] DEBUG org.hibernate.boot.model.internal.EntityBinder - Binding entity from annotated class: org.frcpm.models.Attendance
10:24:15.325 [main] DEBUG org.hibernate.boot.model.internal.EntityBinder - Import with entity name Attendance
10:24:15.326 [main] DEBUG org.hibernate.boot.model.internal.EntityBinder - Bind entity org.frcpm.models.Attendance on table attendances
10:24:15.326 [main] DEBUG org.hibernate.boot.model.internal.AnnotatedColumn - Binding column: AnnotatedDiscriminatorColumn(column='DTYPE')
10:24:15.326 [main] DEBUG org.hibernate.boot.model.internal.AnnotatedColumn - Binding column: AnnotatedColumn()
10:24:15.326 [main] DEBUG org.hibernate.boot.internal.ClassLoaderAccessImpl - Not known whether passed class name [org.frcpm.models.Attendance] is safe
10:24:15.326 [main] DEBUG org.hibernate.boot.internal.ClassLoaderAccessImpl - No temp ClassLoader provided; using live ClassLoader for loading potentially unsafe class : org.frcpm.models.Attendance
10:24:15.326 [main] DEBUG org.hibernate.boot.model.internal.PropertyBinder - MetadataSourceProcessor property id with lazy=false
10:24:15.326 [main] DEBUG org.hibernate.boot.model.internal.AbstractPropertyHolder - Attempting to locate auto-apply AttributeConverter for property [org.frcpm.models.Attendance:id]
10:24:15.326 [main] DEBUG org.hibernate.boot.model.internal.BasicValueBinder - building BasicValue for id
10:24:15.326 [main] DEBUG org.hibernate.mapping.BasicValue - Skipping column re-registration: attendances.id
10:24:15.326 [main] DEBUG org.hibernate.boot.model.internal.PropertyBinder - Building property id
10:24:15.326 [main] DEBUG org.hibernate.boot.model.internal.BinderHelper - #makeIdGenerator(BasicValue([Column(id)]), id, identity, , ...)
10:24:15.326 [main] DEBUG org.hibernate.boot.model.internal.AnnotatedColumn - Binding column: AnnotatedColumn(column='arrival_time')
10:24:15.326 [main] DEBUG org.hibernate.boot.model.internal.PropertyBinder - MetadataSourceProcessor property arrivalTime with lazy=false
10:24:15.326 [main] DEBUG org.hibernate.boot.model.internal.AbstractPropertyHolder - Attempting to locate auto-apply AttributeConverter for property [org.frcpm.models.Attendance:arrivalTime]
10:24:15.326 [main] DEBUG org.hibernate.boot.model.internal.BasicValueBinder - building BasicValue for arrivalTime
10:24:15.326 [main] DEBUG org.hibernate.mapping.BasicValue - Skipping column re-registration: attendances.arrival_time
10:24:15.326 [main] DEBUG org.hibernate.boot.model.internal.PropertyBinder - Building property arrivalTime
10:24:15.327 [main] DEBUG org.hibernate.boot.model.internal.AnnotatedColumn - Binding column: AnnotatedColumn(column='departure_time')
10:24:15.327 [main] DEBUG org.hibernate.boot.model.internal.PropertyBinder - MetadataSourceProcessor property departureTime with lazy=false
10:24:15.327 [main] DEBUG org.hibernate.boot.model.internal.AbstractPropertyHolder - Attempting to locate auto-apply AttributeConverter for property [org.frcpm.models.Attendance:departureTime]
10:24:15.327 [main] DEBUG org.hibernate.boot.model.internal.BasicValueBinder - building BasicValue for departureTime
10:24:15.327 [main] DEBUG org.hibernate.mapping.BasicValue - Skipping column re-registration: attendances.departure_time
10:24:15.327 [main] DEBUG org.hibernate.boot.model.internal.PropertyBinder - Building property departureTime
10:24:15.327 [main] DEBUG org.hibernate.boot.model.internal.AnnotatedColumn - Binding column: AnnotatedJoinColumn(column='meeting_id')
10:24:15.327 [main] DEBUG org.hibernate.boot.model.internal.AnnotatedColumn - Binding column: AnnotatedColumn()
10:24:15.327 [main] DEBUG org.hibernate.boot.model.internal.PropertyBinder - Building property meeting
10:24:15.327 [main] DEBUG org.hibernate.boot.model.internal.AnnotatedColumn - Binding column: AnnotatedJoinColumn(column='member_id')
10:24:15.327 [main] DEBUG org.hibernate.boot.model.internal.AnnotatedColumn - Binding column: AnnotatedColumn()
10:24:15.327 [main] DEBUG org.hibernate.boot.model.internal.PropertyBinder - Building property member
10:24:15.327 [main] DEBUG org.hibernate.boot.model.internal.AnnotatedColumn - Binding column: AnnotatedColumn(column='present')
10:24:15.327 [main] DEBUG org.hibernate.boot.model.internal.PropertyBinder - MetadataSourceProcessor property present with lazy=false
10:24:15.327 [main] DEBUG org.hibernate.boot.model.internal.AbstractPropertyHolder - Attempting to locate auto-apply AttributeConverter for property [org.frcpm.models.Attendance:present]
10:24:15.327 [main] DEBUG org.hibernate.boot.model.internal.BasicValueBinder - building BasicValue for present
10:24:15.327 [main] DEBUG org.hibernate.mapping.BasicValue - Skipping column re-registration: attendances.present
10:24:15.327 [main] DEBUG org.hibernate.boot.model.internal.PropertyBinder - Building property present
10:24:15.328 [main] DEBUG org.hibernate.boot.registry.classloading.internal.ClassLoaderServiceImpl - HHH000194: Package not found or no package-info.java: org.frcpm.models
10:24:15.328 [main] DEBUG org.hibernate.boot.model.internal.EntityBinder - Binding entity from annotated class: org.frcpm.models.Meeting
10:24:15.328 [main] DEBUG org.hibernate.boot.model.internal.EntityBinder - Import with entity name Meeting
10:24:15.328 [main] DEBUG org.hibernate.boot.model.internal.EntityBinder - Bind entity org.frcpm.models.Meeting on table meetings
10:24:15.328 [main] DEBUG org.hibernate.boot.model.internal.AnnotatedColumn - Binding column: AnnotatedDiscriminatorColumn(column='DTYPE')
10:24:15.329 [main] DEBUG org.hibernate.boot.model.internal.AnnotatedColumn - Binding column: AnnotatedColumn()
10:24:15.329 [main] DEBUG org.hibernate.boot.internal.ClassLoaderAccessImpl - Not known whether passed class name [org.frcpm.models.Meeting] is safe
10:24:15.329 [main] DEBUG org.hibernate.boot.internal.ClassLoaderAccessImpl - No temp ClassLoader provided; using live ClassLoader for loading potentially unsafe class : org.frcpm.models.Meeting
10:24:15.329 [main] DEBUG org.hibernate.boot.model.internal.PropertyBinder - MetadataSourceProcessor property id with lazy=false
10:24:15.329 [main] DEBUG org.hibernate.boot.model.internal.AbstractPropertyHolder - Attempting to locate auto-apply AttributeConverter for property [org.frcpm.models.Meeting:id]
10:24:15.329 [main] DEBUG org.hibernate.boot.model.internal.BasicValueBinder - building BasicValue for id
10:24:15.329 [main] DEBUG org.hibernate.mapping.BasicValue - Skipping column re-registration: meetings.id
10:24:15.329 [main] DEBUG org.hibernate.boot.model.internal.PropertyBinder - Building property id
10:24:15.329 [main] DEBUG org.hibernate.boot.model.internal.BinderHelper - #makeIdGenerator(BasicValue([Column(id)]), id, identity, , ...)
10:24:15.329 [main] DEBUG org.hibernate.boot.model.internal.AnnotatedColumn - Binding column: AnnotatedJoinColumn()
10:24:15.329 [main] DEBUG org.hibernate.boot.model.internal.AnnotatedColumn - Binding column: AnnotatedColumn()
10:24:15.329 [main] DEBUG org.hibernate.boot.model.internal.AnnotatedColumn - Binding column: IndexColumn(column='attendances_ORDER')
10:24:15.329 [main] DEBUG org.hibernate.boot.model.internal.AnnotatedColumn - Binding column: AnnotatedColumn()
10:24:15.329 [main] DEBUG org.hibernate.boot.model.internal.AnnotatedColumn - Binding column: AnnotatedColumn(column='attendances_KEY')
10:24:15.329 [main] DEBUG org.hibernate.boot.model.internal.AnnotatedColumn - Binding column: AnnotatedJoinColumn(column='attendances_KEY')
10:24:15.329 [main] DEBUG org.hibernate.boot.model.internal.AnnotatedColumn - Binding column: AnnotatedJoinColumn()
10:24:15.329 [main] DEBUG org.hibernate.boot.model.internal.AnnotatedColumn - Binding column: AnnotatedJoinColumn()
10:24:15.329 [main] DEBUG org.hibernate.boot.model.internal.CollectionBinder - Collection role: org.frcpm.models.Meeting.attendances
10:24:15.329 [main] DEBUG org.hibernate.boot.model.internal.PropertyBinder - Building property attendances
10:24:15.330 [main] DEBUG org.hibernate.boot.model.internal.AnnotatedColumn - Binding column: AnnotatedColumn(column='date')
10:24:15.330 [main] DEBUG org.hibernate.boot.model.internal.PropertyBinder - MetadataSourceProcessor property date with lazy=false
10:24:15.330 [main] DEBUG org.hibernate.boot.model.internal.AbstractPropertyHolder - Attempting to locate auto-apply AttributeConverter for property [org.frcpm.models.Meeting:date]
10:24:15.330 [main] DEBUG org.hibernate.boot.model.internal.BasicValueBinder - building BasicValue for date
10:24:15.330 [main] DEBUG org.hibernate.mapping.BasicValue - Skipping column re-registration: meetings.date
10:24:15.330 [main] DEBUG org.hibernate.boot.model.internal.PropertyBinder - Building property date
10:24:15.330 [main] DEBUG org.hibernate.boot.model.internal.AnnotatedColumn - Binding column: AnnotatedColumn(column='end_time')
10:24:15.330 [main] DEBUG org.hibernate.boot.model.internal.PropertyBinder - MetadataSourceProcessor property endTime with lazy=false
10:24:15.330 [main] DEBUG org.hibernate.boot.model.internal.AbstractPropertyHolder - Attempting to locate auto-apply AttributeConverter for property [org.frcpm.models.Meeting:endTime]
10:24:15.330 [main] DEBUG org.hibernate.boot.model.internal.BasicValueBinder - building BasicValue for endTime
10:24:15.330 [main] DEBUG org.hibernate.mapping.BasicValue - Skipping column re-registration: meetings.end_time
10:24:15.330 [main] DEBUG org.hibernate.boot.model.internal.PropertyBinder - Building property endTime
10:24:15.330 [main] DEBUG org.hibernate.boot.model.internal.AnnotatedColumn - Binding column: AnnotatedColumn(column='notes')
10:24:15.330 [main] DEBUG org.hibernate.boot.model.internal.PropertyBinder - MetadataSourceProcessor property notes with lazy=false
10:24:15.330 [main] DEBUG org.hibernate.boot.model.internal.AbstractPropertyHolder - Attempting to locate auto-apply AttributeConverter for property [org.frcpm.models.Meeting:notes]
10:24:15.330 [main] DEBUG org.hibernate.boot.model.internal.BasicValueBinder - building BasicValue for notes
10:24:15.330 [main] DEBUG org.hibernate.mapping.BasicValue - Skipping column re-registration: meetings.notes
10:24:15.330 [main] DEBUG org.hibernate.boot.model.internal.PropertyBinder - Building property notes
10:24:15.330 [main] DEBUG org.hibernate.boot.model.internal.AnnotatedColumn - Binding column: AnnotatedJoinColumn(column='project_id')
10:24:15.330 [main] DEBUG org.hibernate.boot.model.internal.AnnotatedColumn - Binding column: AnnotatedColumn()
10:24:15.330 [main] DEBUG org.hibernate.boot.model.internal.PropertyBinder - Building property project
10:24:15.330 [main] DEBUG org.hibernate.boot.model.internal.AnnotatedColumn - Binding column: AnnotatedColumn(column='start_time')
10:24:15.330 [main] DEBUG org.hibernate.boot.model.internal.PropertyBinder - MetadataSourceProcessor property startTime with lazy=false
10:24:15.330 [main] DEBUG org.hibernate.boot.model.internal.AbstractPropertyHolder - Attempting to locate auto-apply AttributeConverter for property [org.frcpm.models.Meeting:startTime]
10:24:15.330 [main] DEBUG org.hibernate.boot.model.internal.BasicValueBinder - building BasicValue for startTime
10:24:15.330 [main] DEBUG org.hibernate.mapping.BasicValue - Skipping column re-registration: meetings.start_time
10:24:15.330 [main] DEBUG org.hibernate.boot.model.internal.PropertyBinder - Building property startTime
10:24:15.331 [main] DEBUG org.hibernate.boot.registry.classloading.internal.ClassLoaderServiceImpl - HHH000194: Package not found or no package-info.java: org.frcpm.models
10:24:15.331 [main] DEBUG org.hibernate.boot.model.internal.EntityBinder - Binding entity from annotated class: org.frcpm.models.Subsystem
10:24:15.332 [main] DEBUG org.hibernate.boot.model.internal.EntityBinder - Import with entity name Subsystem
10:24:15.332 [main] DEBUG org.hibernate.boot.model.internal.EntityBinder - Bind entity org.frcpm.models.Subsystem on table subsystems
10:24:15.332 [main] DEBUG org.hibernate.boot.model.internal.AnnotatedColumn - Binding column: AnnotatedDiscriminatorColumn(column='DTYPE')
10:24:15.332 [main] DEBUG org.hibernate.boot.model.internal.AnnotatedColumn - Binding column: AnnotatedColumn()
10:24:15.332 [main] DEBUG org.hibernate.boot.internal.ClassLoaderAccessImpl - Not known whether passed class name [org.frcpm.models.Subsystem] is safe
10:24:15.332 [main] DEBUG org.hibernate.boot.internal.ClassLoaderAccessImpl - No temp ClassLoader provided; using live ClassLoader for loading potentially unsafe class : org.frcpm.models.Subsystem
10:24:15.332 [main] DEBUG org.hibernate.boot.model.internal.PropertyBinder - MetadataSourceProcessor property id with lazy=false
10:24:15.332 [main] DEBUG org.hibernate.boot.model.internal.AbstractPropertyHolder - Attempting to locate auto-apply AttributeConverter for property [org.frcpm.models.Subsystem:id]
10:24:15.332 [main] DEBUG org.hibernate.boot.model.internal.BasicValueBinder - building BasicValue for id
10:24:15.332 [main] DEBUG org.hibernate.mapping.BasicValue - Skipping column re-registration: subsystems.id
10:24:15.332 [main] DEBUG org.hibernate.boot.model.internal.PropertyBinder - Building property id
10:24:15.332 [main] DEBUG org.hibernate.boot.model.internal.BinderHelper - #makeIdGenerator(BasicValue([Column(id)]), id, identity, , ...)
10:24:15.333 [main] DEBUG org.hibernate.boot.model.internal.AnnotatedColumn - Binding column: AnnotatedColumn(column='description')
10:24:15.333 [main] DEBUG org.hibernate.boot.model.internal.PropertyBinder - MetadataSourceProcessor property description with lazy=false
10:24:15.333 [main] DEBUG org.hibernate.boot.model.internal.AbstractPropertyHolder - Attempting to locate auto-apply AttributeConverter for property [org.frcpm.models.Subsystem:description]
10:24:15.333 [main] DEBUG org.hibernate.boot.model.internal.BasicValueBinder - building BasicValue for description
10:24:15.333 [main] DEBUG org.hibernate.mapping.BasicValue - Skipping column re-registration: subsystems.description
10:24:15.333 [main] DEBUG org.hibernate.boot.model.internal.PropertyBinder - Building property description
10:24:15.333 [main] DEBUG org.hibernate.boot.model.internal.AnnotatedColumn - Binding column: AnnotatedColumn(column='name')
10:24:15.333 [main] DEBUG org.hibernate.boot.model.internal.PropertyBinder - MetadataSourceProcessor property name with lazy=false
10:24:15.333 [main] DEBUG org.hibernate.boot.model.internal.AbstractPropertyHolder - Attempting to locate auto-apply AttributeConverter for property [org.frcpm.models.Subsystem:name]
10:24:15.333 [main] DEBUG org.hibernate.boot.model.internal.BasicValueBinder - building BasicValue for name
10:24:15.333 [main] DEBUG org.hibernate.mapping.BasicValue - Skipping column re-registration: subsystems.name
10:24:15.333 [main] DEBUG org.hibernate.boot.model.internal.PropertyBinder - Building property name
10:24:15.333 [main] DEBUG org.hibernate.boot.model.internal.AnnotatedColumn - Binding column: AnnotatedJoinColumn(column='responsible_subteam_id')
10:24:15.333 [main] DEBUG org.hibernate.boot.model.internal.AnnotatedColumn - Binding column: AnnotatedColumn()
10:24:15.333 [main] DEBUG org.hibernate.boot.model.internal.PropertyBinder - Building property responsibleSubteam
10:24:15.333 [main] DEBUG org.hibernate.boot.model.internal.AnnotatedColumn - Binding column: AnnotatedColumn(column='status')
10:24:15.333 [main] DEBUG org.hibernate.boot.model.internal.PropertyBinder - MetadataSourceProcessor property status with lazy=false
10:24:15.333 [main] DEBUG org.hibernate.boot.model.internal.AbstractPropertyHolder - Attempting to locate auto-apply AttributeConverter for property [org.frcpm.models.Subsystem:status]
10:24:15.333 [main] DEBUG org.hibernate.boot.model.internal.BasicValueBinder - building BasicValue for status
10:24:15.333 [main] DEBUG org.hibernate.mapping.BasicValue - Skipping column re-registration: subsystems.status
10:24:15.333 [main] DEBUG org.hibernate.boot.model.internal.PropertyBinder - Building property status
10:24:15.333 [main] DEBUG org.hibernate.boot.model.internal.AnnotatedColumn - Binding column: AnnotatedJoinColumn()
10:24:15.333 [main] DEBUG org.hibernate.boot.model.internal.AnnotatedColumn - Binding column: AnnotatedColumn()
10:24:15.333 [main] DEBUG org.hibernate.boot.model.internal.AnnotatedColumn - Binding column: IndexColumn(column='tasks_ORDER')
10:24:15.333 [main] DEBUG org.hibernate.boot.model.internal.AnnotatedColumn - Binding column: AnnotatedColumn()
10:24:15.333 [main] DEBUG org.hibernate.boot.model.internal.AnnotatedColumn - Binding column: AnnotatedColumn(column='tasks_KEY')
10:24:15.334 [main] DEBUG org.hibernate.boot.model.internal.AnnotatedColumn - Binding column: AnnotatedJoinColumn(column='tasks_KEY')
10:24:15.334 [main] DEBUG org.hibernate.boot.model.internal.AnnotatedColumn - Binding column: AnnotatedJoinColumn()
10:24:15.334 [main] DEBUG org.hibernate.boot.model.internal.AnnotatedColumn - Binding column: AnnotatedJoinColumn()
10:24:15.334 [main] DEBUG org.hibernate.boot.model.internal.CollectionBinder - Collection role: org.frcpm.models.Subsystem.tasks
10:24:15.334 [main] DEBUG org.hibernate.boot.model.internal.PropertyBinder - Building property tasks
10:24:15.335 [main] DEBUG org.hibernate.boot.registry.classloading.internal.ClassLoaderServiceImpl - HHH000194: Package not found or no package-info.java: org.frcpm.models
10:24:15.335 [main] DEBUG org.hibernate.boot.model.internal.EntityBinder - Binding entity from annotated class: org.frcpm.models.Component
10:24:15.335 [main] DEBUG org.hibernate.boot.model.internal.EntityBinder - Import with entity name Component
10:24:15.335 [main] DEBUG org.hibernate.boot.model.internal.EntityBinder - Bind entity org.frcpm.models.Component on table components
10:24:15.335 [main] DEBUG org.hibernate.boot.model.internal.AnnotatedColumn - Binding column: AnnotatedDiscriminatorColumn(column='DTYPE')
10:24:15.336 [main] DEBUG org.hibernate.boot.model.internal.AnnotatedColumn - Binding column: AnnotatedColumn()
10:24:15.336 [main] DEBUG org.hibernate.boot.internal.ClassLoaderAccessImpl - Not known whether passed class name [org.frcpm.models.Component] is safe
10:24:15.336 [main] DEBUG org.hibernate.boot.internal.ClassLoaderAccessImpl - No temp ClassLoader provided; using live ClassLoader for loading potentially unsafe class : org.frcpm.models.Component
10:24:15.336 [main] DEBUG org.hibernate.boot.model.internal.PropertyBinder - MetadataSourceProcessor property id with lazy=false
10:24:15.336 [main] DEBUG org.hibernate.boot.model.internal.AbstractPropertyHolder - Attempting to locate auto-apply AttributeConverter for property [org.frcpm.models.Component:id]
10:24:15.336 [main] DEBUG org.hibernate.boot.model.internal.BasicValueBinder - building BasicValue for id
10:24:15.336 [main] DEBUG org.hibernate.mapping.BasicValue - Skipping column re-registration: components.id
10:24:15.336 [main] DEBUG org.hibernate.boot.model.internal.PropertyBinder - Building property id
10:24:15.336 [main] DEBUG org.hibernate.boot.model.internal.BinderHelper - #makeIdGenerator(BasicValue([Column(id)]), id, identity, , ...)
10:24:15.336 [main] DEBUG org.hibernate.boot.model.internal.AnnotatedColumn - Binding column: AnnotatedColumn(column='actual_delivery')
10:24:15.336 [main] DEBUG org.hibernate.boot.model.internal.PropertyBinder - MetadataSourceProcessor property actualDelivery with lazy=false
10:24:15.336 [main] DEBUG org.hibernate.boot.model.internal.AbstractPropertyHolder - Attempting to locate auto-apply AttributeConverter for property [org.frcpm.models.Component:actualDelivery]
10:24:15.336 [main] DEBUG org.hibernate.boot.model.internal.BasicValueBinder - building BasicValue for actualDelivery
10:24:15.336 [main] DEBUG org.hibernate.mapping.BasicValue - Skipping column re-registration: components.actual_delivery
10:24:15.336 [main] DEBUG org.hibernate.boot.model.internal.PropertyBinder - Building property actualDelivery
10:24:15.336 [main] DEBUG org.hibernate.boot.model.internal.AnnotatedColumn - Binding column: AnnotatedColumn(column='is_delivered')
10:24:15.336 [main] DEBUG org.hibernate.boot.model.internal.PropertyBinder - MetadataSourceProcessor property delivered with lazy=false
10:24:15.336 [main] DEBUG org.hibernate.boot.model.internal.AbstractPropertyHolder - Attempting to locate auto-apply AttributeConverter for property [org.frcpm.models.Component:delivered]
10:24:15.336 [main] DEBUG org.hibernate.boot.model.internal.BasicValueBinder - building BasicValue for delivered
10:24:15.336 [main] DEBUG org.hibernate.mapping.BasicValue - Skipping column re-registration: components.is_delivered
10:24:15.336 [main] DEBUG org.hibernate.boot.model.internal.PropertyBinder - Building property delivered
10:24:15.336 [main] DEBUG org.hibernate.boot.model.internal.AnnotatedColumn - Binding column: AnnotatedColumn(column='description')
10:24:15.336 [main] DEBUG org.hibernate.boot.model.internal.PropertyBinder - MetadataSourceProcessor property description with lazy=false
10:24:15.336 [main] DEBUG org.hibernate.boot.model.internal.AbstractPropertyHolder - Attempting to locate auto-apply AttributeConverter for property [org.frcpm.models.Component:description]
10:24:15.336 [main] DEBUG org.hibernate.boot.model.internal.BasicValueBinder - building BasicValue for description
10:24:15.336 [main] DEBUG org.hibernate.mapping.BasicValue - Skipping column re-registration: components.description
10:24:15.336 [main] DEBUG org.hibernate.boot.model.internal.PropertyBinder - Building property description
10:24:15.336 [main] DEBUG org.hibernate.boot.model.internal.AnnotatedColumn - Binding column: AnnotatedColumn(column='expected_delivery')
10:24:15.336 [main] DEBUG org.hibernate.boot.model.internal.PropertyBinder - MetadataSourceProcessor property expectedDelivery with lazy=false
10:24:15.336 [main] DEBUG org.hibernate.boot.model.internal.AbstractPropertyHolder - Attempting to locate auto-apply AttributeConverter for property [org.frcpm.models.Component:expectedDelivery]
10:24:15.337 [main] DEBUG org.hibernate.boot.model.internal.BasicValueBinder - building BasicValue for expectedDelivery
10:24:15.337 [main] DEBUG org.hibernate.mapping.BasicValue - Skipping column re-registration: components.expected_delivery
10:24:15.337 [main] DEBUG org.hibernate.boot.model.internal.PropertyBinder - Building property expectedDelivery
10:24:15.337 [main] DEBUG org.hibernate.boot.model.internal.AnnotatedColumn - Binding column: AnnotatedColumn(column='name')
10:24:15.337 [main] DEBUG org.hibernate.boot.model.internal.PropertyBinder - MetadataSourceProcessor property name with lazy=false
10:24:15.337 [main] DEBUG org.hibernate.boot.model.internal.AbstractPropertyHolder - Attempting to locate auto-apply AttributeConverter for property [org.frcpm.models.Component:name]
10:24:15.337 [main] DEBUG org.hibernate.boot.model.internal.BasicValueBinder - building BasicValue for name
10:24:15.337 [main] DEBUG org.hibernate.mapping.BasicValue - Skipping column re-registration: components.name
10:24:15.337 [main] DEBUG org.hibernate.boot.model.internal.PropertyBinder - Building property name
10:24:15.337 [main] DEBUG org.hibernate.boot.model.internal.AnnotatedColumn - Binding column: AnnotatedColumn(column='part_number')
10:24:15.337 [main] DEBUG org.hibernate.boot.model.internal.PropertyBinder - MetadataSourceProcessor property partNumber with lazy=false
10:24:15.337 [main] DEBUG org.hibernate.boot.model.internal.AbstractPropertyHolder - Attempting to locate auto-apply AttributeConverter for property [org.frcpm.models.Component:partNumber]
10:24:15.337 [main] DEBUG org.hibernate.boot.model.internal.BasicValueBinder - building BasicValue for partNumber
10:24:15.337 [main] DEBUG org.hibernate.mapping.BasicValue - Skipping column re-registration: components.part_number
10:24:15.337 [main] DEBUG org.hibernate.boot.model.internal.PropertyBinder - Building property partNumber
10:24:15.337 [main] DEBUG org.hibernate.boot.model.internal.AnnotatedColumn - Binding column: IndexColumn(column='requiredForTasks_ORDER')
10:24:15.337 [main] DEBUG org.hibernate.boot.model.internal.AnnotatedColumn - Binding column: AnnotatedColumn()
10:24:15.337 [main] DEBUG org.hibernate.boot.model.internal.AnnotatedColumn - Binding column: AnnotatedColumn(column='requiredForTasks_KEY')
10:24:15.337 [main] DEBUG org.hibernate.boot.model.internal.AnnotatedColumn - Binding column: AnnotatedJoinColumn(column='requiredForTasks_KEY')
10:24:15.337 [main] DEBUG org.hibernate.boot.model.internal.AnnotatedColumn - Binding column: AnnotatedJoinColumn()
10:24:15.337 [main] DEBUG org.hibernate.boot.model.internal.AnnotatedColumn - Binding column: AnnotatedJoinColumn()
10:24:15.337 [main] DEBUG org.hibernate.boot.model.internal.CollectionBinder - Collection role: org.frcpm.models.Component.requiredForTasks
10:24:15.338 [main] DEBUG org.hibernate.boot.model.internal.PropertyBinder - Building property requiredForTasks
10:24:15.340 [main] DEBUG org.hibernate.boot.registry.classloading.internal.ClassLoaderServiceImpl - HHH000194: Package not found or no package-info.java: org.frcpm.models
10:24:15.340 [main] DEBUG org.hibernate.boot.model.internal.EntityBinder - Binding entity from annotated class: org.frcpm.models.Milestone
10:24:15.340 [main] DEBUG org.hibernate.boot.model.internal.EntityBinder - Import with entity name Milestone
10:24:15.341 [main] DEBUG org.hibernate.boot.model.internal.EntityBinder - Bind entity org.frcpm.models.Milestone on table milestones
10:24:15.341 [main] DEBUG org.hibernate.boot.model.internal.AnnotatedColumn - Binding column: AnnotatedDiscriminatorColumn(column='DTYPE')
10:24:15.341 [main] DEBUG org.hibernate.boot.model.internal.AnnotatedColumn - Binding column: AnnotatedColumn()
10:24:15.341 [main] DEBUG org.hibernate.boot.internal.ClassLoaderAccessImpl - Not known whether passed class name [org.frcpm.models.Milestone] is safe
10:24:15.341 [main] DEBUG org.hibernate.boot.internal.ClassLoaderAccessImpl - No temp ClassLoader provided; using live ClassLoader for loading potentially unsafe class : org.frcpm.models.Milestone
10:24:15.341 [main] DEBUG org.hibernate.boot.model.internal.PropertyBinder - MetadataSourceProcessor property id with lazy=false
10:24:15.341 [main] DEBUG org.hibernate.boot.model.internal.AbstractPropertyHolder - Attempting to locate auto-apply AttributeConverter for property [org.frcpm.models.Milestone:id]
10:24:15.341 [main] DEBUG org.hibernate.boot.model.internal.BasicValueBinder - building BasicValue for id
10:24:15.341 [main] DEBUG org.hibernate.mapping.BasicValue - Skipping column re-registration: milestones.id
10:24:15.342 [main] DEBUG org.hibernate.boot.model.internal.PropertyBinder - Building property id
10:24:15.342 [main] DEBUG org.hibernate.boot.model.internal.BinderHelper - #makeIdGenerator(BasicValue([Column(id)]), id, identity, , ...)
10:24:15.342 [main] DEBUG org.hibernate.boot.model.internal.AnnotatedColumn - Binding column: AnnotatedColumn(column='date')
10:24:15.342 [main] DEBUG org.hibernate.boot.model.internal.PropertyBinder - MetadataSourceProcessor property date with lazy=false
10:24:15.342 [main] DEBUG org.hibernate.boot.model.internal.AbstractPropertyHolder - Attempting to locate auto-apply AttributeConverter for property [org.frcpm.models.Milestone:date]
10:24:15.342 [main] DEBUG org.hibernate.boot.model.internal.BasicValueBinder - building BasicValue for date
10:24:15.342 [main] DEBUG org.hibernate.mapping.BasicValue - Skipping column re-registration: milestones.date
10:24:15.342 [main] DEBUG org.hibernate.boot.model.internal.PropertyBinder - Building property date
10:24:15.342 [main] DEBUG org.hibernate.boot.model.internal.AnnotatedColumn - Binding column: AnnotatedColumn(column='description')
10:24:15.342 [main] DEBUG org.hibernate.boot.model.internal.PropertyBinder - MetadataSourceProcessor property description with lazy=false
10:24:15.342 [main] DEBUG org.hibernate.boot.model.internal.AbstractPropertyHolder - Attempting to locate auto-apply AttributeConverter for property [org.frcpm.models.Milestone:description]
10:24:15.342 [main] DEBUG org.hibernate.boot.model.internal.BasicValueBinder - building BasicValue for description
10:24:15.342 [main] DEBUG org.hibernate.mapping.BasicValue - Skipping column re-registration: milestones.description
10:24:15.342 [main] DEBUG org.hibernate.boot.model.internal.PropertyBinder - Building property description
10:24:15.343 [main] DEBUG org.hibernate.boot.model.internal.AnnotatedColumn - Binding column: AnnotatedColumn(column='name')
10:24:15.343 [main] DEBUG org.hibernate.boot.model.internal.PropertyBinder - MetadataSourceProcessor property name with lazy=false
10:24:15.343 [main] DEBUG org.hibernate.boot.model.internal.AbstractPropertyHolder - Attempting to locate auto-apply AttributeConverter for property [org.frcpm.models.Milestone:name]
10:24:15.343 [main] DEBUG org.hibernate.boot.model.internal.BasicValueBinder - building BasicValue for name
10:24:15.343 [main] DEBUG org.hibernate.mapping.BasicValue - Skipping column re-registration: milestones.name
10:24:15.343 [main] DEBUG org.hibernate.boot.model.internal.PropertyBinder - Building property name
10:24:15.343 [main] DEBUG org.hibernate.boot.model.internal.AnnotatedColumn - Binding column: AnnotatedJoinColumn(column='project_id')
10:24:15.343 [main] DEBUG org.hibernate.boot.model.internal.AnnotatedColumn - Binding column: AnnotatedColumn()
10:24:15.343 [main] DEBUG org.hibernate.boot.model.internal.PropertyBinder - Building property project
10:24:15.345 [main] DEBUG org.hibernate.boot.registry.classloading.internal.ClassLoaderServiceImpl - HHH000194: Package not found or no package-info.java: org.frcpm.models
10:24:15.345 [main] DEBUG org.hibernate.boot.model.internal.EntityBinder - Binding entity from annotated class: org.frcpm.models.Project
10:24:15.346 [main] DEBUG org.hibernate.boot.model.internal.EntityBinder - Import with entity name Project
10:24:15.346 [main] DEBUG org.hibernate.boot.model.internal.EntityBinder - Bind entity org.frcpm.models.Project on table projects
10:24:15.346 [main] DEBUG org.hibernate.boot.model.internal.AnnotatedColumn - Binding column: AnnotatedDiscriminatorColumn(column='DTYPE')
10:24:15.347 [main] DEBUG org.hibernate.boot.model.internal.AnnotatedColumn - Binding column: AnnotatedColumn()
10:24:15.347 [main] DEBUG org.hibernate.boot.internal.ClassLoaderAccessImpl - Not known whether passed class name [org.frcpm.models.Project] is safe
10:24:15.347 [main] DEBUG org.hibernate.boot.internal.ClassLoaderAccessImpl - No temp ClassLoader provided; using live ClassLoader for loading potentially unsafe class : org.frcpm.models.Project
10:24:15.347 [main] DEBUG org.hibernate.boot.model.internal.PropertyBinder - MetadataSourceProcessor property id with lazy=false
10:24:15.347 [main] DEBUG org.hibernate.boot.model.internal.AbstractPropertyHolder - Attempting to locate auto-apply AttributeConverter for property [org.frcpm.models.Project:id]
10:24:15.347 [main] DEBUG org.hibernate.boot.model.internal.BasicValueBinder - building BasicValue for id
10:24:15.347 [main] DEBUG org.hibernate.mapping.BasicValue - Skipping column re-registration: projects.id
10:24:15.347 [main] DEBUG org.hibernate.boot.model.internal.PropertyBinder - Building property id
10:24:15.347 [main] DEBUG org.hibernate.boot.model.internal.BinderHelper - #makeIdGenerator(BasicValue([Column(id)]), id, identity, , ...)
10:24:15.348 [main] DEBUG org.hibernate.boot.model.internal.AnnotatedColumn - Binding column: AnnotatedColumn(column='description')
10:24:15.348 [main] DEBUG org.hibernate.boot.model.internal.PropertyBinder - MetadataSourceProcessor property description with lazy=false
10:24:15.348 [main] DEBUG org.hibernate.boot.model.internal.AbstractPropertyHolder - Attempting to locate auto-apply AttributeConverter for property [org.frcpm.models.Project:description]
10:24:15.348 [main] DEBUG org.hibernate.boot.model.internal.BasicValueBinder - building BasicValue for description
10:24:15.348 [main] DEBUG org.hibernate.mapping.BasicValue - Skipping column re-registration: projects.description
10:24:15.348 [main] DEBUG org.hibernate.boot.model.internal.PropertyBinder - Building property description
10:24:15.348 [main] DEBUG org.hibernate.boot.model.internal.AnnotatedColumn - Binding column: AnnotatedColumn(column='goal_end_date')
10:24:15.348 [main] DEBUG org.hibernate.boot.model.internal.PropertyBinder - MetadataSourceProcessor property goalEndDate with lazy=false
10:24:15.348 [main] DEBUG org.hibernate.boot.model.internal.AbstractPropertyHolder - Attempting to locate auto-apply AttributeConverter for property [org.frcpm.models.Project:goalEndDate]
10:24:15.348 [main] DEBUG org.hibernate.boot.model.internal.BasicValueBinder - building BasicValue for goalEndDate
10:24:15.348 [main] DEBUG org.hibernate.mapping.BasicValue - Skipping column re-registration: projects.goal_end_date
10:24:15.348 [main] DEBUG org.hibernate.boot.model.internal.PropertyBinder - Building property goalEndDate
10:24:15.348 [main] DEBUG org.hibernate.boot.model.internal.AnnotatedColumn - Binding column: AnnotatedColumn(column='hard_deadline')
10:24:15.348 [main] DEBUG org.hibernate.boot.model.internal.PropertyBinder - MetadataSourceProcessor property hardDeadline with lazy=false
10:24:15.348 [main] DEBUG org.hibernate.boot.model.internal.AbstractPropertyHolder - Attempting to locate auto-apply AttributeConverter for property [org.frcpm.models.Project:hardDeadline]
10:24:15.348 [main] DEBUG org.hibernate.boot.model.internal.BasicValueBinder - building BasicValue for hardDeadline
10:24:15.348 [main] DEBUG org.hibernate.mapping.BasicValue - Skipping column re-registration: projects.hard_deadline
10:24:15.348 [main] DEBUG org.hibernate.boot.model.internal.PropertyBinder - Building property hardDeadline
10:24:15.348 [main] DEBUG org.hibernate.boot.model.internal.AnnotatedColumn - Binding column: AnnotatedJoinColumn()
10:24:15.349 [main] DEBUG org.hibernate.boot.model.internal.AnnotatedColumn - Binding column: AnnotatedColumn()
10:24:15.349 [main] DEBUG org.hibernate.boot.model.internal.AnnotatedColumn - Binding column: IndexColumn(column='meetings_ORDER')
10:24:15.349 [main] DEBUG org.hibernate.boot.model.internal.AnnotatedColumn - Binding column: AnnotatedColumn()
10:24:15.349 [main] DEBUG org.hibernate.boot.model.internal.AnnotatedColumn - Binding column: AnnotatedColumn(column='meetings_KEY')
10:24:15.349 [main] DEBUG org.hibernate.boot.model.internal.AnnotatedColumn - Binding column: AnnotatedJoinColumn(column='meetings_KEY')
10:24:15.349 [main] DEBUG org.hibernate.boot.model.internal.AnnotatedColumn - Binding column: AnnotatedJoinColumn()
10:24:15.349 [main] DEBUG org.hibernate.boot.model.internal.AnnotatedColumn - Binding column: AnnotatedJoinColumn()
10:24:15.349 [main] DEBUG org.hibernate.boot.model.internal.CollectionBinder - Collection role: org.frcpm.models.Project.meetings
10:24:15.349 [main] DEBUG org.hibernate.boot.model.internal.PropertyBinder - Building property meetings
10:24:15.349 [main] DEBUG org.hibernate.boot.model.internal.AnnotatedColumn - Binding column: AnnotatedJoinColumn()
10:24:15.349 [main] DEBUG org.hibernate.boot.model.internal.AnnotatedColumn - Binding column: AnnotatedColumn()
10:24:15.349 [main] DEBUG org.hibernate.boot.model.internal.AnnotatedColumn - Binding column: IndexColumn(column='milestones_ORDER')
10:24:15.350 [main] DEBUG org.hibernate.boot.model.internal.AnnotatedColumn - Binding column: AnnotatedColumn()
10:24:15.350 [main] DEBUG org.hibernate.boot.model.internal.AnnotatedColumn - Binding column: AnnotatedColumn(column='milestones_KEY')
10:24:15.350 [main] DEBUG org.hibernate.boot.model.internal.AnnotatedColumn - Binding column: AnnotatedJoinColumn(column='milestones_KEY')
10:24:15.350 [main] DEBUG org.hibernate.boot.model.internal.AnnotatedColumn - Binding column: AnnotatedJoinColumn()
10:24:15.350 [main] DEBUG org.hibernate.boot.model.internal.AnnotatedColumn - Binding column: AnnotatedJoinColumn()
10:24:15.350 [main] DEBUG org.hibernate.boot.model.internal.CollectionBinder - Collection role: org.frcpm.models.Project.milestones
10:24:15.350 [main] DEBUG org.hibernate.boot.model.internal.PropertyBinder - Building property milestones
10:24:15.350 [main] DEBUG org.hibernate.boot.model.internal.AnnotatedColumn - Binding column: AnnotatedColumn(column='name')
10:24:15.350 [main] DEBUG org.hibernate.boot.model.internal.PropertyBinder - MetadataSourceProcessor property name with lazy=false
10:24:15.350 [main] DEBUG org.hibernate.boot.model.internal.AbstractPropertyHolder - Attempting to locate auto-apply AttributeConverter for property [org.frcpm.models.Project:name]
10:24:15.350 [main] DEBUG org.hibernate.boot.model.internal.BasicValueBinder - building BasicValue for name
10:24:15.351 [main] DEBUG org.hibernate.mapping.BasicValue - Skipping column re-registration: projects.name
10:24:15.351 [main] DEBUG org.hibernate.boot.model.internal.PropertyBinder - Building property name
10:24:15.351 [main] DEBUG org.hibernate.boot.model.internal.AnnotatedColumn - Binding column: AnnotatedColumn(column='start_date')
10:24:15.351 [main] DEBUG org.hibernate.boot.model.internal.PropertyBinder - MetadataSourceProcessor property startDate with lazy=false
10:24:15.351 [main] DEBUG org.hibernate.boot.model.internal.AbstractPropertyHolder - Attempting to locate auto-apply AttributeConverter for property [org.frcpm.models.Project:startDate]
10:24:15.351 [main] DEBUG org.hibernate.boot.model.internal.BasicValueBinder - building BasicValue for startDate
10:24:15.351 [main] DEBUG org.hibernate.mapping.BasicValue - Skipping column re-registration: projects.start_date
10:24:15.351 [main] DEBUG org.hibernate.boot.model.internal.PropertyBinder - Building property startDate
10:24:15.351 [main] DEBUG org.hibernate.boot.model.internal.AnnotatedColumn - Binding column: AnnotatedJoinColumn()
10:24:15.351 [main] DEBUG org.hibernate.boot.model.internal.AnnotatedColumn - Binding column: AnnotatedColumn()
10:24:15.351 [main] DEBUG org.hibernate.boot.model.internal.AnnotatedColumn - Binding column: IndexColumn(column='tasks_ORDER')
10:24:15.351 [main] DEBUG org.hibernate.boot.model.internal.AnnotatedColumn - Binding column: AnnotatedColumn()
10:24:15.351 [main] DEBUG org.hibernate.boot.model.internal.AnnotatedColumn - Binding column: AnnotatedColumn(column='tasks_KEY')
10:24:15.351 [main] DEBUG org.hibernate.boot.model.internal.AnnotatedColumn - Binding column: AnnotatedJoinColumn(column='tasks_KEY')
10:24:15.351 [main] DEBUG org.hibernate.boot.model.internal.AnnotatedColumn - Binding column: AnnotatedJoinColumn()
10:24:15.351 [main] DEBUG org.hibernate.boot.model.internal.AnnotatedColumn - Binding column: AnnotatedJoinColumn()
10:24:15.351 [main] DEBUG org.hibernate.boot.model.internal.CollectionBinder - Collection role: org.frcpm.models.Project.tasks
10:24:15.351 [main] DEBUG org.hibernate.boot.model.internal.PropertyBinder - Building property tasks
10:24:15.353 [main] DEBUG org.hibernate.boot.registry.classloading.internal.ClassLoaderServiceImpl - HHH000194: Package not found or no package-info.java: org.frcpm.models
10:24:15.353 [main] DEBUG org.hibernate.boot.model.internal.EntityBinder - Binding entity from annotated class: org.frcpm.models.Subteam
10:24:15.353 [main] DEBUG org.hibernate.boot.model.internal.EntityBinder - Import with entity name Subteam
10:24:15.353 [main] DEBUG org.hibernate.boot.model.internal.EntityBinder - Bind entity org.frcpm.models.Subteam on table subteams
10:24:15.353 [main] DEBUG org.hibernate.boot.model.internal.AnnotatedColumn - Binding column: AnnotatedDiscriminatorColumn(column='DTYPE')
10:24:15.354 [main] DEBUG org.hibernate.boot.model.internal.AnnotatedColumn - Binding column: AnnotatedColumn()
10:24:15.354 [main] DEBUG org.hibernate.boot.internal.ClassLoaderAccessImpl - Not known whether passed class name [org.frcpm.models.Subteam] is safe
10:24:15.354 [main] DEBUG org.hibernate.boot.internal.ClassLoaderAccessImpl - No temp ClassLoader provided; using live ClassLoader for loading potentially unsafe class : org.frcpm.models.Subteam
10:24:15.354 [main] DEBUG org.hibernate.boot.model.internal.PropertyBinder - MetadataSourceProcessor property id with lazy=false
10:24:15.354 [main] DEBUG org.hibernate.boot.model.internal.AbstractPropertyHolder - Attempting to locate auto-apply AttributeConverter for property [org.frcpm.models.Subteam:id]
10:24:15.354 [main] DEBUG org.hibernate.boot.model.internal.BasicValueBinder - building BasicValue for id
10:24:15.354 [main] DEBUG org.hibernate.mapping.BasicValue - Skipping column re-registration: subteams.id
10:24:15.354 [main] DEBUG org.hibernate.boot.model.internal.PropertyBinder - Building property id
10:24:15.354 [main] DEBUG org.hibernate.boot.model.internal.BinderHelper - #makeIdGenerator(BasicValue([Column(id)]), id, identity, , ...)
10:24:15.354 [main] DEBUG org.hibernate.boot.model.internal.AnnotatedColumn - Binding column: AnnotatedColumn(column='color_code')
10:24:15.354 [main] DEBUG org.hibernate.boot.model.internal.PropertyBinder - MetadataSourceProcessor property colorCode with lazy=false
10:24:15.354 [main] DEBUG org.hibernate.boot.model.internal.AbstractPropertyHolder - Attempting to locate auto-apply AttributeConverter for property [org.frcpm.models.Subteam:colorCode]
10:24:15.354 [main] DEBUG org.hibernate.boot.model.internal.BasicValueBinder - building BasicValue for colorCode
10:24:15.354 [main] DEBUG org.hibernate.mapping.BasicValue - Skipping column re-registration: subteams.color_code
10:24:15.354 [main] DEBUG org.hibernate.boot.model.internal.PropertyBinder - Building property colorCode
10:24:15.354 [main] DEBUG org.hibernate.boot.model.internal.AnnotatedColumn - Binding column: AnnotatedJoinColumn()
10:24:15.354 [main] DEBUG org.hibernate.boot.model.internal.AnnotatedColumn - Binding column: AnnotatedColumn()
10:24:15.355 [main] DEBUG org.hibernate.boot.model.internal.AnnotatedColumn - Binding column: IndexColumn(column='members_ORDER')
10:24:15.355 [main] DEBUG org.hibernate.boot.model.internal.AnnotatedColumn - Binding column: AnnotatedColumn()
10:24:15.355 [main] DEBUG org.hibernate.boot.model.internal.AnnotatedColumn - Binding column: AnnotatedColumn(column='members_KEY')
10:24:15.355 [main] DEBUG org.hibernate.boot.model.internal.AnnotatedColumn - Binding column: AnnotatedJoinColumn(column='members_KEY')
10:24:15.355 [main] DEBUG org.hibernate.boot.model.internal.AnnotatedColumn - Binding column: AnnotatedJoinColumn()
10:24:15.355 [main] DEBUG org.hibernate.boot.model.internal.AnnotatedColumn - Binding column: AnnotatedJoinColumn()
10:24:15.355 [main] DEBUG org.hibernate.boot.model.internal.CollectionBinder - Collection role: org.frcpm.models.Subteam.members
10:24:15.355 [main] DEBUG org.hibernate.boot.model.internal.PropertyBinder - Building property members
10:24:15.355 [main] DEBUG org.hibernate.boot.model.internal.AnnotatedColumn - Binding column: AnnotatedColumn(column='name')
10:24:15.355 [main] DEBUG org.hibernate.boot.model.internal.PropertyBinder - MetadataSourceProcessor property name with lazy=false
10:24:15.355 [main] DEBUG org.hibernate.boot.model.internal.AbstractPropertyHolder - Attempting to locate auto-apply AttributeConverter for property [org.frcpm.models.Subteam:name]
10:24:15.355 [main] DEBUG org.hibernate.boot.model.internal.BasicValueBinder - building BasicValue for name
10:24:15.355 [main] DEBUG org.hibernate.mapping.BasicValue - Skipping column re-registration: subteams.name
10:24:15.355 [main] DEBUG org.hibernate.boot.model.internal.PropertyBinder - Building property name
10:24:15.355 [main] DEBUG org.hibernate.boot.model.internal.AnnotatedColumn - Binding column: AnnotatedColumn(column='specialties')
10:24:15.355 [main] DEBUG org.hibernate.boot.model.internal.PropertyBinder - MetadataSourceProcessor property specialties with lazy=false
10:24:15.355 [main] DEBUG org.hibernate.boot.model.internal.AbstractPropertyHolder - Attempting to locate auto-apply AttributeConverter for property [org.frcpm.models.Subteam:specialties]
10:24:15.355 [main] DEBUG org.hibernate.boot.model.internal.BasicValueBinder - building BasicValue for specialties
10:24:15.355 [main] DEBUG org.hibernate.mapping.BasicValue - Skipping column re-registration: subteams.specialties
10:24:15.355 [main] DEBUG org.hibernate.boot.model.internal.PropertyBinder - Building property specialties
10:24:15.355 [main] DEBUG org.hibernate.boot.model.internal.AnnotatedColumn - Binding column: AnnotatedJoinColumn()
10:24:15.355 [main] DEBUG org.hibernate.boot.model.internal.AnnotatedColumn - Binding column: AnnotatedColumn()
10:24:15.355 [main] DEBUG org.hibernate.boot.model.internal.AnnotatedColumn - Binding column: IndexColumn(column='subsystems_ORDER')
10:24:15.355 [main] DEBUG org.hibernate.boot.model.internal.AnnotatedColumn - Binding column: AnnotatedColumn()
10:24:15.355 [main] DEBUG org.hibernate.boot.model.internal.AnnotatedColumn - Binding column: AnnotatedColumn(column='subsystems_KEY')
10:24:15.355 [main] DEBUG org.hibernate.boot.model.internal.AnnotatedColumn - Binding column: AnnotatedJoinColumn(column='subsystems_KEY')
10:24:15.355 [main] DEBUG org.hibernate.boot.model.internal.AnnotatedColumn - Binding column: AnnotatedJoinColumn()
10:24:15.355 [main] DEBUG org.hibernate.boot.model.internal.AnnotatedColumn - Binding column: AnnotatedJoinColumn()
10:24:15.355 [main] DEBUG org.hibernate.boot.model.internal.CollectionBinder - Collection role: org.frcpm.models.Subteam.subsystems
10:24:15.355 [main] DEBUG org.hibernate.boot.model.internal.PropertyBinder - Building property subsystems
10:24:15.356 [main] DEBUG org.hibernate.boot.registry.classloading.internal.ClassLoaderServiceImpl - HHH000194: Package not found or no package-info.java: org.frcpm.models
10:24:15.356 [main] DEBUG org.hibernate.boot.model.internal.EntityBinder - Binding entity from annotated class: org.frcpm.models.Task
10:24:15.356 [main] DEBUG org.hibernate.boot.model.internal.EntityBinder - Import with entity name Task
10:24:15.357 [main] DEBUG org.hibernate.boot.model.internal.EntityBinder - Bind entity org.frcpm.models.Task on table tasks
10:24:15.357 [main] DEBUG org.hibernate.boot.model.internal.AnnotatedColumn - Binding column: AnnotatedDiscriminatorColumn(column='DTYPE')
10:24:15.358 [main] DEBUG org.hibernate.boot.model.internal.AnnotatedColumn - Binding column: AnnotatedColumn()
10:24:15.358 [main] DEBUG org.hibernate.boot.internal.ClassLoaderAccessImpl - Not known whether passed class name [org.frcpm.models.Task] is safe
10:24:15.358 [main] DEBUG org.hibernate.boot.internal.ClassLoaderAccessImpl - No temp ClassLoader provided; using live ClassLoader for loading potentially unsafe class : org.frcpm.models.Task
10:24:15.358 [main] DEBUG org.hibernate.boot.model.internal.PropertyBinder - MetadataSourceProcessor property id with lazy=false
10:24:15.358 [main] DEBUG org.hibernate.boot.model.internal.AbstractPropertyHolder - Attempting to locate auto-apply AttributeConverter for property [org.frcpm.models.Task:id]
10:24:15.358 [main] DEBUG org.hibernate.boot.model.internal.BasicValueBinder - building BasicValue for id
10:24:15.358 [main] DEBUG org.hibernate.mapping.BasicValue - Skipping column re-registration: tasks.id
10:24:15.358 [main] DEBUG org.hibernate.boot.model.internal.PropertyBinder - Building property id
10:24:15.358 [main] DEBUG org.hibernate.boot.model.internal.BinderHelper - #makeIdGenerator(BasicValue([Column(id)]), id, identity, , ...)
10:24:15.358 [main] DEBUG org.hibernate.boot.model.internal.AnnotatedColumn - Binding column: AnnotatedColumn(column='actual_duration_seconds')
10:24:15.358 [main] DEBUG org.hibernate.boot.model.internal.PropertyBinder - MetadataSourceProcessor property actualDurationSeconds with lazy=false
10:24:15.358 [main] DEBUG org.hibernate.boot.model.internal.AbstractPropertyHolder - Attempting to locate auto-apply AttributeConverter for property [org.frcpm.models.Task:actualDurationSeconds]
10:24:15.358 [main] DEBUG org.hibernate.boot.model.internal.BasicValueBinder - building BasicValue for actualDurationSeconds
10:24:15.358 [main] DEBUG org.hibernate.mapping.BasicValue - Skipping column re-registration: tasks.actual_duration_seconds
10:24:15.358 [main] DEBUG org.hibernate.boot.model.internal.PropertyBinder - Building property actualDurationSeconds
10:24:15.358 [main] DEBUG org.hibernate.boot.model.internal.AnnotatedColumn - Binding column: IndexColumn(column='assignedTo_ORDER')
10:24:15.358 [main] DEBUG org.hibernate.boot.model.internal.AnnotatedColumn - Binding column: AnnotatedColumn()
10:24:15.358 [main] DEBUG org.hibernate.boot.model.internal.AnnotatedColumn - Binding column: AnnotatedColumn(column='assignedTo_KEY')
10:24:15.358 [main] DEBUG org.hibernate.boot.model.internal.AnnotatedColumn - Binding column: AnnotatedJoinColumn(column='assignedTo_KEY')
10:24:15.358 [main] DEBUG org.hibernate.boot.model.internal.AnnotatedColumn - Binding column: AnnotatedJoinColumn(column='task_id')
10:24:15.358 [main] DEBUG org.hibernate.boot.model.internal.AnnotatedColumn - Binding column: AnnotatedJoinColumn(column='team_member_id')
10:24:15.358 [main] DEBUG org.hibernate.boot.model.internal.CollectionBinder - Collection role: org.frcpm.models.Task.assignedTo
10:24:15.358 [main] DEBUG org.hibernate.boot.model.internal.PropertyBinder - Building property assignedTo
10:24:15.358 [main] DEBUG org.hibernate.boot.model.internal.AnnotatedColumn - Binding column: AnnotatedColumn(column='completed')
10:24:15.358 [main] DEBUG org.hibernate.boot.model.internal.PropertyBinder - MetadataSourceProcessor property completed with lazy=false
10:24:15.358 [main] DEBUG org.hibernate.boot.model.internal.AbstractPropertyHolder - Attempting to locate auto-apply AttributeConverter for property [org.frcpm.models.Task:completed]
10:24:15.358 [main] DEBUG org.hibernate.boot.model.internal.BasicValueBinder - building BasicValue for completed
10:24:15.358 [main] DEBUG org.hibernate.mapping.BasicValue - Skipping column re-registration: tasks.completed
10:24:15.358 [main] DEBUG org.hibernate.boot.model.internal.PropertyBinder - Building property completed
10:24:15.358 [main] DEBUG org.hibernate.boot.model.internal.AnnotatedColumn - Binding column: AnnotatedColumn(column='description')
10:24:15.358 [main] DEBUG org.hibernate.boot.model.internal.PropertyBinder - MetadataSourceProcessor property description with lazy=false
10:24:15.358 [main] DEBUG org.hibernate.boot.model.internal.AbstractPropertyHolder - Attempting to locate auto-apply AttributeConverter for property [org.frcpm.models.Task:description]
10:24:15.358 [main] DEBUG org.hibernate.boot.model.internal.BasicValueBinder - building BasicValue for description
10:24:15.358 [main] DEBUG org.hibernate.mapping.BasicValue - Skipping column re-registration: tasks.description
10:24:15.358 [main] DEBUG org.hibernate.boot.model.internal.PropertyBinder - Building property description
10:24:15.358 [main] DEBUG org.hibernate.boot.model.internal.AnnotatedColumn - Binding column: AnnotatedColumn(column='end_date')
10:24:15.359 [main] DEBUG org.hibernate.boot.model.internal.PropertyBinder - MetadataSourceProcessor property endDate with lazy=false
10:24:15.359 [main] DEBUG org.hibernate.boot.model.internal.AbstractPropertyHolder - Attempting to locate auto-apply AttributeConverter for property [org.frcpm.models.Task:endDate]
10:24:15.359 [main] DEBUG org.hibernate.boot.model.internal.BasicValueBinder - building BasicValue for endDate
10:24:15.359 [main] DEBUG org.hibernate.mapping.BasicValue - Skipping column re-registration: tasks.end_date
10:24:15.359 [main] DEBUG org.hibernate.boot.model.internal.PropertyBinder - Building property endDate
10:24:15.359 [main] DEBUG org.hibernate.boot.model.internal.AnnotatedColumn - Binding column: AnnotatedColumn(column='estimated_duration_seconds')
10:24:15.359 [main] DEBUG org.hibernate.boot.model.internal.PropertyBinder - MetadataSourceProcessor property estimatedDurationSeconds with lazy=false
10:24:15.359 [main] DEBUG org.hibernate.boot.model.internal.AbstractPropertyHolder - Attempting to locate auto-apply AttributeConverter for property [org.frcpm.models.Task:estimatedDurationSeconds]
10:24:15.359 [main] DEBUG org.hibernate.boot.model.internal.BasicValueBinder - building BasicValue for estimatedDurationSeconds
10:24:15.359 [main] DEBUG org.hibernate.mapping.BasicValue - Skipping column re-registration: tasks.estimated_duration_seconds
10:24:15.359 [main] DEBUG org.hibernate.boot.model.internal.PropertyBinder - Building property estimatedDurationSeconds
10:24:15.359 [main] DEBUG org.hibernate.boot.model.internal.AnnotatedColumn - Binding column: IndexColumn(column='postDependencies_ORDER')
10:24:15.359 [main] DEBUG org.hibernate.boot.model.internal.AnnotatedColumn - Binding column: AnnotatedColumn()
10:24:15.359 [main] DEBUG org.hibernate.boot.model.internal.AnnotatedColumn - Binding column: AnnotatedColumn(column='postDependencies_KEY')
10:24:15.359 [main] DEBUG org.hibernate.boot.model.internal.AnnotatedColumn - Binding column: AnnotatedJoinColumn(column='postDependencies_KEY')
10:24:15.359 [main] DEBUG org.hibernate.boot.model.internal.AnnotatedColumn - Binding column: AnnotatedJoinColumn()
10:24:15.359 [main] DEBUG org.hibernate.boot.model.internal.AnnotatedColumn - Binding column: AnnotatedJoinColumn()
10:24:15.359 [main] DEBUG org.hibernate.boot.model.internal.CollectionBinder - Collection role: org.frcpm.models.Task.postDependencies
10:24:15.359 [main] DEBUG org.hibernate.boot.model.internal.PropertyBinder - Building property postDependencies
10:24:15.359 [main] DEBUG org.hibernate.boot.model.internal.AnnotatedColumn - Binding column: IndexColumn(column='preDependencies_ORDER')
10:24:15.359 [main] DEBUG org.hibernate.boot.model.internal.AnnotatedColumn - Binding column: AnnotatedColumn()
10:24:15.359 [main] DEBUG org.hibernate.boot.model.internal.AnnotatedColumn - Binding column: AnnotatedColumn(column='preDependencies_KEY')
10:24:15.359 [main] DEBUG org.hibernate.boot.model.internal.AnnotatedColumn - Binding column: AnnotatedJoinColumn(column='preDependencies_KEY')
10:24:15.359 [main] DEBUG org.hibernate.boot.model.internal.AnnotatedColumn - Binding column: AnnotatedJoinColumn(column='task_id')
10:24:15.359 [main] DEBUG org.hibernate.boot.model.internal.AnnotatedColumn - Binding column: AnnotatedJoinColumn(column='dependency_id')
10:24:15.359 [main] DEBUG org.hibernate.boot.model.internal.CollectionBinder - Collection role: org.frcpm.models.Task.preDependencies
10:24:15.359 [main] DEBUG org.hibernate.boot.model.internal.PropertyBinder - Building property preDependencies
10:24:15.359 [main] DEBUG org.hibernate.boot.model.internal.AnnotatedColumn - Binding column: AnnotatedColumn(column='priority')
10:24:15.359 [main] DEBUG org.hibernate.boot.model.internal.PropertyBinder - MetadataSourceProcessor property priority with lazy=false
10:24:15.359 [main] DEBUG org.hibernate.boot.model.internal.AbstractPropertyHolder - Attempting to locate auto-apply AttributeConverter for property [org.frcpm.models.Task:priority]
10:24:15.359 [main] DEBUG org.hibernate.boot.model.internal.BasicValueBinder - building BasicValue for priority
10:24:15.359 [main] DEBUG org.hibernate.mapping.BasicValue - Skipping column re-registration: tasks.priority
10:24:15.359 [main] DEBUG org.hibernate.boot.model.internal.PropertyBinder - Building property priority
10:24:15.359 [main] DEBUG org.hibernate.boot.model.internal.AnnotatedColumn - Binding column: AnnotatedColumn(column='progress')
10:24:15.359 [main] DEBUG org.hibernate.boot.model.internal.PropertyBinder - MetadataSourceProcessor property progress with lazy=false
10:24:15.359 [main] DEBUG org.hibernate.boot.model.internal.AbstractPropertyHolder - Attempting to locate auto-apply AttributeConverter for property [org.frcpm.models.Task:progress]
10:24:15.359 [main] DEBUG org.hibernate.boot.model.internal.BasicValueBinder - building BasicValue for progress
10:24:15.359 [main] DEBUG org.hibernate.mapping.BasicValue - Skipping column re-registration: tasks.progress
10:24:15.359 [main] DEBUG org.hibernate.boot.model.internal.PropertyBinder - Building property progress
10:24:15.359 [main] DEBUG org.hibernate.boot.model.internal.AnnotatedColumn - Binding column: AnnotatedJoinColumn(column='project_id')
10:24:15.359 [main] DEBUG org.hibernate.boot.model.internal.AnnotatedColumn - Binding column: AnnotatedColumn()
10:24:15.359 [main] DEBUG org.hibernate.boot.model.internal.PropertyBinder - Building property project
10:24:15.359 [main] DEBUG org.hibernate.boot.model.internal.AnnotatedColumn - Binding column: IndexColumn(column='requiredComponents_ORDER')
10:24:15.359 [main] DEBUG org.hibernate.boot.model.internal.AnnotatedColumn - Binding column: AnnotatedColumn()
10:24:15.359 [main] DEBUG org.hibernate.boot.model.internal.AnnotatedColumn - Binding column: AnnotatedColumn(column='requiredComponents_KEY')
10:24:15.359 [main] DEBUG org.hibernate.boot.model.internal.AnnotatedColumn - Binding column: AnnotatedJoinColumn(column='requiredComponents_KEY')
10:24:15.359 [main] DEBUG org.hibernate.boot.model.internal.AnnotatedColumn - Binding column: AnnotatedJoinColumn(column='task_id')
10:24:15.359 [main] DEBUG org.hibernate.boot.model.internal.AnnotatedColumn - Binding column: AnnotatedJoinColumn(column='component_id')
10:24:15.359 [main] DEBUG org.hibernate.boot.model.internal.CollectionBinder - Collection role: org.frcpm.models.Task.requiredComponents
10:24:15.359 [main] DEBUG org.hibernate.boot.model.internal.PropertyBinder - Building property requiredComponents
10:24:15.359 [main] DEBUG org.hibernate.boot.model.internal.AnnotatedColumn - Binding column: AnnotatedColumn(column='start_date')
10:24:15.359 [main] DEBUG org.hibernate.boot.model.internal.PropertyBinder - MetadataSourceProcessor property startDate with lazy=false
10:24:15.359 [main] DEBUG org.hibernate.boot.model.internal.AbstractPropertyHolder - Attempting to locate auto-apply AttributeConverter for property [org.frcpm.models.Task:startDate]
10:24:15.359 [main] DEBUG org.hibernate.boot.model.internal.BasicValueBinder - building BasicValue for startDate
10:24:15.359 [main] DEBUG org.hibernate.mapping.BasicValue - Skipping column re-registration: tasks.start_date
10:24:15.359 [main] DEBUG org.hibernate.boot.model.internal.PropertyBinder - Building property startDate
10:24:15.359 [main] DEBUG org.hibernate.boot.model.internal.AnnotatedColumn - Binding column: AnnotatedJoinColumn(column='subsystem_id')
10:24:15.360 [main] DEBUG org.hibernate.boot.model.internal.AnnotatedColumn - Binding column: AnnotatedColumn()
10:24:15.360 [main] DEBUG org.hibernate.boot.model.internal.PropertyBinder - Building property subsystem
10:24:15.360 [main] DEBUG org.hibernate.boot.model.internal.AnnotatedColumn - Binding column: AnnotatedColumn(column='title')
10:24:15.360 [main] DEBUG org.hibernate.boot.model.internal.PropertyBinder - MetadataSourceProcessor property title with lazy=false
10:24:15.360 [main] DEBUG org.hibernate.boot.model.internal.AbstractPropertyHolder - Attempting to locate auto-apply AttributeConverter for property [org.frcpm.models.Task:title]
10:24:15.360 [main] DEBUG org.hibernate.boot.model.internal.BasicValueBinder - building BasicValue for title
10:24:15.360 [main] DEBUG org.hibernate.mapping.BasicValue - Skipping column re-registration: tasks.title
10:24:15.360 [main] DEBUG org.hibernate.boot.model.internal.PropertyBinder - Building property title
10:24:15.360 [main] DEBUG org.hibernate.boot.registry.classloading.internal.ClassLoaderServiceImpl - HHH000194: Package not found or no package-info.java: org.frcpm.models
10:24:15.360 [main] DEBUG org.hibernate.boot.model.internal.EntityBinder - Binding entity from annotated class: org.frcpm.models.TeamMember
10:24:15.360 [main] DEBUG org.hibernate.boot.model.internal.EntityBinder - Import with entity name TeamMember
10:24:15.361 [main] DEBUG org.hibernate.boot.model.internal.EntityBinder - Bind entity org.frcpm.models.TeamMember on table team_members
10:24:15.361 [main] DEBUG org.hibernate.boot.model.internal.AnnotatedColumn - Binding column: AnnotatedDiscriminatorColumn(column='DTYPE')
10:24:15.361 [main] DEBUG org.hibernate.boot.model.internal.AnnotatedColumn - Binding column: AnnotatedColumn()
10:24:15.361 [main] DEBUG org.hibernate.boot.internal.ClassLoaderAccessImpl - Not known whether passed class name [org.frcpm.models.TeamMember] is safe
10:24:15.361 [main] DEBUG org.hibernate.boot.internal.ClassLoaderAccessImpl - No temp ClassLoader provided; using live ClassLoader for loading potentially unsafe class : org.frcpm.models.TeamMember
10:24:15.361 [main] DEBUG org.hibernate.boot.model.internal.PropertyBinder - MetadataSourceProcessor property id with lazy=false
10:24:15.361 [main] DEBUG org.hibernate.boot.model.internal.AbstractPropertyHolder - Attempting to locate auto-apply AttributeConverter for property [org.frcpm.models.TeamMember:id]
10:24:15.361 [main] DEBUG org.hibernate.boot.model.internal.BasicValueBinder - building BasicValue for id
10:24:15.361 [main] DEBUG org.hibernate.mapping.BasicValue - Skipping column re-registration: team_members.id
10:24:15.361 [main] DEBUG org.hibernate.boot.model.internal.PropertyBinder - Building property id
10:24:15.361 [main] DEBUG org.hibernate.boot.model.internal.BinderHelper - #makeIdGenerator(BasicValue([Column(id)]), id, identity, , ...)
10:24:15.361 [main] DEBUG org.hibernate.boot.model.internal.AnnotatedColumn - Binding column: IndexColumn(column='assignedTasks_ORDER')
10:24:15.361 [main] DEBUG org.hibernate.boot.model.internal.AnnotatedColumn - Binding column: AnnotatedColumn()
10:24:15.361 [main] DEBUG org.hibernate.boot.model.internal.AnnotatedColumn - Binding column: AnnotatedColumn(column='assignedTasks_KEY')
10:24:15.361 [main] DEBUG org.hibernate.boot.model.internal.AnnotatedColumn - Binding column: AnnotatedJoinColumn(column='assignedTasks_KEY')
10:24:15.361 [main] DEBUG org.hibernate.boot.model.internal.AnnotatedColumn - Binding column: AnnotatedJoinColumn()
10:24:15.361 [main] DEBUG org.hibernate.boot.model.internal.AnnotatedColumn - Binding column: AnnotatedJoinColumn()
10:24:15.361 [main] DEBUG org.hibernate.boot.model.internal.CollectionBinder - Collection role: org.frcpm.models.TeamMember.assignedTasks
10:24:15.361 [main] DEBUG org.hibernate.boot.model.internal.PropertyBinder - Building property assignedTasks
10:24:15.361 [main] DEBUG org.hibernate.boot.model.internal.AnnotatedColumn - Binding column: AnnotatedJoinColumn()
10:24:15.362 [main] DEBUG org.hibernate.boot.model.internal.AnnotatedColumn - Binding column: AnnotatedColumn()
10:24:15.362 [main] DEBUG org.hibernate.boot.model.internal.AnnotatedColumn - Binding column: IndexColumn(column='attendances_ORDER')
10:24:15.362 [main] DEBUG org.hibernate.boot.model.internal.AnnotatedColumn - Binding column: AnnotatedColumn()
10:24:15.362 [main] DEBUG org.hibernate.boot.model.internal.AnnotatedColumn - Binding column: AnnotatedColumn(column='attendances_KEY')
10:24:15.362 [main] DEBUG org.hibernate.boot.model.internal.AnnotatedColumn - Binding column: AnnotatedJoinColumn(column='attendances_KEY')
10:24:15.362 [main] DEBUG org.hibernate.boot.model.internal.AnnotatedColumn - Binding column: AnnotatedJoinColumn()
10:24:15.362 [main] DEBUG org.hibernate.boot.model.internal.AnnotatedColumn - Binding column: AnnotatedJoinColumn()
10:24:15.362 [main] DEBUG org.hibernate.boot.model.internal.CollectionBinder - Collection role: org.frcpm.models.TeamMember.attendances
10:24:15.362 [main] DEBUG org.hibernate.boot.model.internal.PropertyBinder - Building property attendances
10:24:15.362 [main] DEBUG org.hibernate.boot.model.internal.AnnotatedColumn - Binding column: AnnotatedColumn(column='email')
10:24:15.362 [main] DEBUG org.hibernate.boot.model.internal.PropertyBinder - MetadataSourceProcessor property email with lazy=false
10:24:15.362 [main] DEBUG org.hibernate.boot.model.internal.AbstractPropertyHolder - Attempting to locate auto-apply AttributeConverter for property [org.frcpm.models.TeamMember:email]
10:24:15.362 [main] DEBUG org.hibernate.boot.model.internal.BasicValueBinder - building BasicValue for email
10:24:15.362 [main] DEBUG org.hibernate.mapping.BasicValue - Skipping column re-registration: team_members.email
10:24:15.362 [main] DEBUG org.hibernate.boot.model.internal.PropertyBinder - Building property email
10:24:15.362 [main] DEBUG org.hibernate.boot.model.internal.AnnotatedColumn - Binding column: AnnotatedColumn(column='first_name')
10:24:15.362 [main] DEBUG org.hibernate.boot.model.internal.PropertyBinder - MetadataSourceProcessor property firstName with lazy=false
10:24:15.362 [main] DEBUG org.hibernate.boot.model.internal.AbstractPropertyHolder - Attempting to locate auto-apply AttributeConverter for property [org.frcpm.models.TeamMember:firstName]
10:24:15.362 [main] DEBUG org.hibernate.boot.model.internal.BasicValueBinder - building BasicValue for firstName
10:24:15.362 [main] DEBUG org.hibernate.mapping.BasicValue - Skipping column re-registration: team_members.first_name
10:24:15.362 [main] DEBUG org.hibernate.boot.model.internal.PropertyBinder - Building property firstName
10:24:15.362 [main] DEBUG org.hibernate.boot.model.internal.AnnotatedColumn - Binding column: AnnotatedColumn(column='last_name')
10:24:15.362 [main] DEBUG org.hibernate.boot.model.internal.PropertyBinder - MetadataSourceProcessor property lastName with lazy=false
10:24:15.362 [main] DEBUG org.hibernate.boot.model.internal.AbstractPropertyHolder - Attempting to locate auto-apply AttributeConverter for property [org.frcpm.models.TeamMember:lastName]
10:24:15.362 [main] DEBUG org.hibernate.boot.model.internal.BasicValueBinder - building BasicValue for lastName
10:24:15.362 [main] DEBUG org.hibernate.mapping.BasicValue - Skipping column re-registration: team_members.last_name
10:24:15.362 [main] DEBUG org.hibernate.boot.model.internal.PropertyBinder - Building property lastName
10:24:15.362 [main] DEBUG org.hibernate.boot.model.internal.AnnotatedColumn - Binding column: AnnotatedColumn(column='is_leader')
10:24:15.362 [main] DEBUG org.hibernate.boot.model.internal.PropertyBinder - MetadataSourceProcessor property leader with lazy=false
10:24:15.362 [main] DEBUG org.hibernate.boot.model.internal.AbstractPropertyHolder - Attempting to locate auto-apply AttributeConverter for property [org.frcpm.models.TeamMember:leader]
10:24:15.362 [main] DEBUG org.hibernate.boot.model.internal.BasicValueBinder - building BasicValue for leader
10:24:15.362 [main] DEBUG org.hibernate.mapping.BasicValue - Skipping column re-registration: team_members.is_leader
10:24:15.362 [main] DEBUG org.hibernate.boot.model.internal.PropertyBinder - Building property leader
10:24:15.362 [main] DEBUG org.hibernate.boot.model.internal.AnnotatedColumn - Binding column: AnnotatedColumn(column='phone')
10:24:15.362 [main] DEBUG org.hibernate.boot.model.internal.PropertyBinder - MetadataSourceProcessor property phone with lazy=false
10:24:15.362 [main] DEBUG org.hibernate.boot.model.internal.AbstractPropertyHolder - Attempting to locate auto-apply AttributeConverter for property [org.frcpm.models.TeamMember:phone]
10:24:15.362 [main] DEBUG org.hibernate.boot.model.internal.BasicValueBinder - building BasicValue for phone
10:24:15.362 [main] DEBUG org.hibernate.mapping.BasicValue - Skipping column re-registration: team_members.phone
10:24:15.362 [main] DEBUG org.hibernate.boot.model.internal.PropertyBinder - Building property phone
10:24:15.362 [main] DEBUG org.hibernate.boot.model.internal.AnnotatedColumn - Binding column: AnnotatedColumn(column='skills')
10:24:15.362 [main] DEBUG org.hibernate.boot.model.internal.PropertyBinder - MetadataSourceProcessor property skills with lazy=false
10:24:15.362 [main] DEBUG org.hibernate.boot.model.internal.AbstractPropertyHolder - Attempting to locate auto-apply AttributeConverter for property [org.frcpm.models.TeamMember:skills]
10:24:15.362 [main] DEBUG org.hibernate.boot.model.internal.BasicValueBinder - building BasicValue for skills
10:24:15.362 [main] DEBUG org.hibernate.mapping.BasicValue - Skipping column re-registration: team_members.skills
10:24:15.362 [main] DEBUG org.hibernate.boot.model.internal.PropertyBinder - Building property skills
10:24:15.363 [main] DEBUG org.hibernate.boot.model.internal.AnnotatedColumn - Binding column: AnnotatedJoinColumn(column='subteam_id')
10:24:15.363 [main] DEBUG org.hibernate.boot.model.internal.AnnotatedColumn - Binding column: AnnotatedColumn()
10:24:15.363 [main] DEBUG org.hibernate.boot.model.internal.PropertyBinder - Building property subteam
10:24:15.363 [main] DEBUG org.hibernate.boot.model.internal.AnnotatedColumn - Binding column: AnnotatedColumn(column='username')
10:24:15.363 [main] DEBUG org.hibernate.boot.model.internal.PropertyBinder - MetadataSourceProcessor property username with lazy=false
10:24:15.363 [main] DEBUG org.hibernate.boot.model.internal.AbstractPropertyHolder - Attempting to locate auto-apply AttributeConverter for property [org.frcpm.models.TeamMember:username]
10:24:15.363 [main] DEBUG org.hibernate.boot.model.internal.BasicValueBinder - building BasicValue for username
10:24:15.363 [main] DEBUG org.hibernate.mapping.BasicValue - Skipping column re-registration: team_members.username
10:24:15.363 [main] DEBUG org.hibernate.boot.model.internal.PropertyBinder - Building property username
10:24:15.364 [main] DEBUG org.hibernate.boot.registry.classloading.internal.ClassLoaderServiceImpl - HHH000194: Package not found or no package-info.java: org.frcpm.models
10:24:15.366 [main] DEBUG org.hibernate.boot.model.internal.BasicValueBinder - Starting `BasicValueBinder#fillSimpleValue` for id
10:24:15.366 [main] DEBUG org.hibernate.boot.model.internal.BasicValueBinder - Starting `BasicValueBinder#fillSimpleValue` for arrivalTime
10:24:15.366 [main] DEBUG org.hibernate.boot.model.internal.BasicValueBinder - Starting `BasicValueBinder#fillSimpleValue` for departureTime
10:24:15.366 [main] DEBUG org.hibernate.boot.model.internal.BasicValueBinder - Starting `BasicValueBinder#fillSimpleValue` for present
10:24:15.366 [main] DEBUG org.hibernate.boot.model.internal.BasicValueBinder - Starting `BasicValueBinder#fillSimpleValue` for id
10:24:15.366 [main] DEBUG org.hibernate.boot.model.internal.BasicValueBinder - Starting `BasicValueBinder#fillSimpleValue` for date
10:24:15.366 [main] DEBUG org.hibernate.boot.model.internal.BasicValueBinder - Starting `BasicValueBinder#fillSimpleValue` for endTime
10:24:15.366 [main] DEBUG org.hibernate.boot.model.internal.BasicValueBinder - Starting `BasicValueBinder#fillSimpleValue` for notes
10:24:15.366 [main] DEBUG org.hibernate.boot.model.internal.BasicValueBinder - Starting `BasicValueBinder#fillSimpleValue` for startTime
10:24:15.366 [main] DEBUG org.hibernate.boot.model.internal.BasicValueBinder - Starting `BasicValueBinder#fillSimpleValue` for id
10:24:15.366 [main] DEBUG org.hibernate.boot.model.internal.BasicValueBinder - Starting `BasicValueBinder#fillSimpleValue` for description
10:24:15.366 [main] DEBUG org.hibernate.boot.model.internal.BasicValueBinder - Starting `BasicValueBinder#fillSimpleValue` for name
10:24:15.366 [main] DEBUG org.hibernate.boot.model.internal.BasicValueBinder - Starting `BasicValueBinder#fillSimpleValue` for status
10:24:15.366 [main] DEBUG org.hibernate.boot.model.internal.BasicValueBinder - Starting `BasicValueBinder#fillSimpleValue` for id
10:24:15.366 [main] DEBUG org.hibernate.boot.model.internal.BasicValueBinder - Starting `BasicValueBinder#fillSimpleValue` for actualDelivery
10:24:15.366 [main] DEBUG org.hibernate.boot.model.internal.BasicValueBinder - Starting `BasicValueBinder#fillSimpleValue` for delivered
10:24:15.366 [main] DEBUG org.hibernate.boot.model.internal.BasicValueBinder - Starting `BasicValueBinder#fillSimpleValue` for description
10:24:15.366 [main] DEBUG org.hibernate.boot.model.internal.BasicValueBinder - Starting `BasicValueBinder#fillSimpleValue` for expectedDelivery
10:24:15.366 [main] DEBUG org.hibernate.boot.model.internal.BasicValueBinder - Starting `BasicValueBinder#fillSimpleValue` for name
10:24:15.366 [main] DEBUG org.hibernate.boot.model.internal.BasicValueBinder - Starting `BasicValueBinder#fillSimpleValue` for partNumber
10:24:15.367 [main] DEBUG org.hibernate.boot.model.internal.BasicValueBinder - Starting `BasicValueBinder#fillSimpleValue` for id
10:24:15.367 [main] DEBUG org.hibernate.boot.model.internal.BasicValueBinder - Starting `BasicValueBinder#fillSimpleValue` for date
10:24:15.367 [main] DEBUG org.hibernate.boot.model.internal.BasicValueBinder - Starting `BasicValueBinder#fillSimpleValue` for description
10:24:15.367 [main] DEBUG org.hibernate.boot.model.internal.BasicValueBinder - Starting `BasicValueBinder#fillSimpleValue` for name
10:24:15.367 [main] DEBUG org.hibernate.boot.model.internal.BasicValueBinder - Starting `BasicValueBinder#fillSimpleValue` for id
10:24:15.367 [main] DEBUG org.hibernate.boot.model.internal.BasicValueBinder - Starting `BasicValueBinder#fillSimpleValue` for description
10:24:15.367 [main] DEBUG org.hibernate.boot.model.internal.BasicValueBinder - Starting `BasicValueBinder#fillSimpleValue` for goalEndDate
10:24:15.367 [main] DEBUG org.hibernate.boot.model.internal.BasicValueBinder - Starting `BasicValueBinder#fillSimpleValue` for hardDeadline
10:24:15.367 [main] DEBUG org.hibernate.boot.model.internal.BasicValueBinder - Starting `BasicValueBinder#fillSimpleValue` for name
10:24:15.367 [main] DEBUG org.hibernate.boot.model.internal.BasicValueBinder - Starting `BasicValueBinder#fillSimpleValue` for startDate
10:24:15.367 [main] DEBUG org.hibernate.boot.model.internal.BasicValueBinder - Starting `BasicValueBinder#fillSimpleValue` for id
10:24:15.367 [main] DEBUG org.hibernate.boot.model.internal.BasicValueBinder - Starting `BasicValueBinder#fillSimpleValue` for colorCode
10:24:15.367 [main] DEBUG org.hibernate.boot.model.internal.BasicValueBinder - Starting `BasicValueBinder#fillSimpleValue` for name
10:24:15.367 [main] DEBUG org.hibernate.boot.model.internal.BasicValueBinder - Starting `BasicValueBinder#fillSimpleValue` for specialties
10:24:15.367 [main] DEBUG org.hibernate.boot.model.internal.BasicValueBinder - Starting `BasicValueBinder#fillSimpleValue` for id
10:24:15.367 [main] DEBUG org.hibernate.boot.model.internal.BasicValueBinder - Starting `BasicValueBinder#fillSimpleValue` for actualDurationSeconds
10:24:15.367 [main] DEBUG org.hibernate.boot.model.internal.BasicValueBinder - Starting `BasicValueBinder#fillSimpleValue` for completed
10:24:15.367 [main] DEBUG org.hibernate.boot.model.internal.BasicValueBinder - Starting `BasicValueBinder#fillSimpleValue` for description
10:24:15.367 [main] DEBUG org.hibernate.boot.model.internal.BasicValueBinder - Starting `BasicValueBinder#fillSimpleValue` for endDate
10:24:15.367 [main] DEBUG org.hibernate.boot.model.internal.BasicValueBinder - Starting `BasicValueBinder#fillSimpleValue` for estimatedDurationSeconds
10:24:15.367 [main] DEBUG org.hibernate.boot.model.internal.BasicValueBinder - Starting `BasicValueBinder#fillSimpleValue` for priority
10:24:15.367 [main] DEBUG org.hibernate.boot.model.internal.BasicValueBinder - Starting `BasicValueBinder#fillSimpleValue` for progress
10:24:15.367 [main] DEBUG org.hibernate.boot.model.internal.BasicValueBinder - Starting `BasicValueBinder#fillSimpleValue` for startDate
10:24:15.367 [main] DEBUG org.hibernate.boot.model.internal.BasicValueBinder - Starting `BasicValueBinder#fillSimpleValue` for title
10:24:15.367 [main] DEBUG org.hibernate.boot.model.internal.BasicValueBinder - Starting `BasicValueBinder#fillSimpleValue` for id
10:24:15.367 [main] DEBUG org.hibernate.boot.model.internal.BasicValueBinder - Starting `BasicValueBinder#fillSimpleValue` for email
10:24:15.367 [main] DEBUG org.hibernate.boot.model.internal.BasicValueBinder - Starting `BasicValueBinder#fillSimpleValue` for firstName
10:24:15.367 [main] DEBUG org.hibernate.boot.model.internal.BasicValueBinder - Starting `BasicValueBinder#fillSimpleValue` for lastName
10:24:15.367 [main] DEBUG org.hibernate.boot.model.internal.BasicValueBinder - Starting `BasicValueBinder#fillSimpleValue` for leader
10:24:15.367 [main] DEBUG org.hibernate.boot.model.internal.BasicValueBinder - Starting `BasicValueBinder#fillSimpleValue` for phone
10:24:15.367 [main] DEBUG org.hibernate.boot.model.internal.BasicValueBinder - Starting `BasicValueBinder#fillSimpleValue` for skills
10:24:15.367 [main] DEBUG org.hibernate.boot.model.internal.BasicValueBinder - Starting `BasicValueBinder#fillSimpleValue` for username
10:24:15.367 [main] DEBUG org.hibernate.mapping.PrimaryKey - Forcing column [id] to be non-null as it is part of the primary key for table [attendances]
10:24:15.367 [main] DEBUG org.hibernate.mapping.PrimaryKey - Forcing column [id] to be non-null as it is part of the primary key for table [meetings]
10:24:15.367 [main] DEBUG org.hibernate.mapping.PrimaryKey - Forcing column [id] to be non-null as it is part of the primary key for table [subsystems]
10:24:15.367 [main] DEBUG org.hibernate.mapping.PrimaryKey - Forcing column [id] to be non-null as it is part of the primary key for table [components]
10:24:15.367 [main] DEBUG org.hibernate.mapping.PrimaryKey - Forcing column [id] to be non-null as it is part of the primary key for table [milestones]
10:24:15.367 [main] DEBUG org.hibernate.mapping.PrimaryKey - Forcing column [id] to be non-null as it is part of the primary key for table [projects]
10:24:15.367 [main] DEBUG org.hibernate.mapping.PrimaryKey - Forcing column [id] to be non-null as it is part of the primary key for table [subteams]
10:24:15.367 [main] DEBUG org.hibernate.mapping.PrimaryKey - Forcing column [id] to be non-null as it is part of the primary key for table [tasks]
10:24:15.367 [main] DEBUG org.hibernate.mapping.PrimaryKey - Forcing column [id] to be non-null as it is part of the primary key for table [team_members]
10:24:15.367 [main] DEBUG org.hibernate.boot.model.internal.CollectionSecondPass - Second pass for collection: org.frcpm.models.Task.requiredComponents
10:24:15.367 [main] DEBUG org.hibernate.boot.model.internal.CollectionBinder - Binding a ManyToMany: org.frcpm.models.Task.requiredComponents
10:24:15.368 [main] DEBUG org.hibernate.boot.registry.classloading.internal.ClassLoaderServiceImpl - HHH000194: Package not found or no package-info.java: org.frcpm.models
10:24:15.369 [main] DEBUG org.hibernate.mapping.PrimaryKey - Forcing column [task_id] to be non-null as it is part of the primary key for table [task_components]
10:24:15.369 [main] DEBUG org.hibernate.mapping.PrimaryKey - Forcing column [component_id] to be non-null as it is part of the primary key for table [task_components]
10:24:15.369 [main] DEBUG org.hibernate.boot.model.internal.CollectionSecondPass - Mapped collection key: task_id, element: component_id
10:24:15.369 [main] DEBUG org.hibernate.boot.model.internal.CollectionSecondPass - Second pass for collection: org.frcpm.models.Task.preDependencies
10:24:15.369 [main] DEBUG org.hibernate.boot.model.internal.CollectionBinder - Binding a ManyToMany: org.frcpm.models.Task.preDependencies
10:24:15.370 [main] DEBUG org.hibernate.boot.registry.classloading.internal.ClassLoaderServiceImpl - HHH000194: Package not found or no package-info.java: org.frcpm.models
10:24:15.370 [main] DEBUG org.hibernate.mapping.PrimaryKey - Forcing column [task_id] to be non-null as it is part of the primary key for table [task_dependencies]
10:24:15.370 [main] DEBUG org.hibernate.mapping.PrimaryKey - Forcing column [dependency_id] to be non-null as it is part of the primary key for table [task_dependencies]
10:24:15.370 [main] DEBUG org.hibernate.boot.model.internal.CollectionSecondPass - Mapped collection key: task_id, element: dependency_id
10:24:15.370 [main] DEBUG org.hibernate.boot.model.internal.CollectionSecondPass - Second pass for collection: org.frcpm.models.Task.assignedTo
10:24:15.370 [main] DEBUG org.hibernate.boot.model.internal.CollectionBinder - Binding a ManyToMany: org.frcpm.models.Task.assignedTo
10:24:15.373 [main] DEBUG org.hibernate.boot.registry.classloading.internal.ClassLoaderServiceImpl - HHH000194: Package not found or no package-info.java: org.frcpm.models
10:24:15.373 [main] DEBUG org.hibernate.mapping.PrimaryKey - Forcing column [task_id] to be non-null as it is part of the primary key for table [task_assignments]
10:24:15.373 [main] DEBUG org.hibernate.mapping.PrimaryKey - Forcing column [team_member_id] to be non-null as it is part of the primary key for table [task_assignments]
10:24:15.373 [main] DEBUG org.hibernate.boot.model.internal.CollectionSecondPass - Mapped collection key: task_id, element: team_member_id
10:24:15.373 [main] DEBUG org.hibernate.boot.model.internal.CollectionSecondPass - Second pass for collection: org.frcpm.models.Meeting.attendances
10:24:15.373 [main] DEBUG org.hibernate.boot.model.internal.CollectionBinder - Binding a OneToMany: org.frcpm.models.Meeting.attendances through a foreign key
10:24:15.374 [main] DEBUG org.hibernate.boot.model.internal.CollectionBinder - Mapping collection: org.frcpm.models.Meeting.attendances -> attendances
10:24:15.374 [main] DEBUG org.hibernate.boot.model.internal.TableBinder - Retrieving property org.frcpm.models.Attendance.meeting
10:24:15.374 [main] DEBUG org.hibernate.boot.model.internal.CollectionSecondPass - Mapped collection key: meeting_id, one-to-many: org.frcpm.models.Attendance
10:24:15.374 [main] DEBUG org.hibernate.boot.model.internal.CollectionSecondPass - Second pass for collection: org.frcpm.models.Subsystem.tasks
10:24:15.374 [main] DEBUG org.hibernate.boot.model.internal.CollectionBinder - Binding a OneToMany: org.frcpm.models.Subsystem.tasks through a foreign key
10:24:15.374 [main] DEBUG org.hibernate.boot.model.internal.CollectionBinder - Mapping collection: org.frcpm.models.Subsystem.tasks -> tasks
10:24:15.374 [main] DEBUG org.hibernate.boot.model.internal.TableBinder - Retrieving property org.frcpm.models.Task.subsystem
10:24:15.374 [main] DEBUG org.hibernate.boot.model.internal.CollectionSecondPass - Mapped collection key: subsystem_id, one-to-many: org.frcpm.models.Task
10:24:15.374 [main] DEBUG org.hibernate.boot.model.internal.CollectionSecondPass - Second pass for collection: org.frcpm.models.Component.requiredForTasks
10:24:15.374 [main] DEBUG org.hibernate.boot.model.internal.CollectionBinder - Binding a ManyToMany: org.frcpm.models.Component.requiredForTasks
10:24:15.375 [main] DEBUG org.hibernate.boot.registry.classloading.internal.ClassLoaderServiceImpl - HHH000194: Package not found or no package-info.java: org.frcpm.models
10:24:15.375 [main] DEBUG org.hibernate.boot.model.internal.TableBinder - Retrieving property org.frcpm.models.Task.requiredComponents
10:24:15.376 [main] DEBUG org.hibernate.boot.model.internal.CollectionSecondPass - Mapped collection key: component_id, element: task_id
10:24:15.376 [main] DEBUG org.hibernate.boot.model.internal.CollectionSecondPass - Second pass for collection: org.frcpm.models.Project.meetings
10:24:15.376 [main] DEBUG org.hibernate.boot.model.internal.CollectionBinder - Binding a OneToMany: org.frcpm.models.Project.meetings through a foreign key
10:24:15.376 [main] DEBUG org.hibernate.boot.model.internal.CollectionBinder - Mapping collection: org.frcpm.models.Project.meetings -> meetings
10:24:15.376 [main] DEBUG org.hibernate.boot.model.internal.TableBinder - Retrieving property org.frcpm.models.Meeting.project
10:24:15.376 [main] DEBUG org.hibernate.boot.model.internal.CollectionSecondPass - Mapped collection key: project_id, one-to-many: org.frcpm.models.Meeting
10:24:15.376 [main] DEBUG org.hibernate.boot.model.internal.CollectionSecondPass - Second pass for collection: org.frcpm.models.Project.milestones
10:24:15.376 [main] DEBUG org.hibernate.boot.model.internal.CollectionBinder - Binding a OneToMany: org.frcpm.models.Project.milestones through a foreign key
10:24:15.376 [main] DEBUG org.hibernate.boot.model.internal.CollectionBinder - Mapping collection: org.frcpm.models.Project.milestones -> milestones
10:24:15.376 [main] DEBUG org.hibernate.boot.model.internal.TableBinder - Retrieving property org.frcpm.models.Milestone.project
10:24:15.376 [main] DEBUG org.hibernate.boot.model.internal.CollectionSecondPass - Mapped collection key: project_id, one-to-many: org.frcpm.models.Milestone
10:24:15.376 [main] DEBUG org.hibernate.boot.model.internal.CollectionSecondPass - Second pass for collection: org.frcpm.models.Project.tasks
10:24:15.376 [main] DEBUG org.hibernate.boot.model.internal.CollectionBinder - Binding a OneToMany: org.frcpm.models.Project.tasks through a foreign key
10:24:15.376 [main] DEBUG org.hibernate.boot.model.internal.CollectionBinder - Mapping collection: org.frcpm.models.Project.tasks -> tasks
10:24:15.376 [main] DEBUG org.hibernate.boot.model.internal.TableBinder - Retrieving property org.frcpm.models.Task.project
10:24:15.376 [main] DEBUG org.hibernate.boot.model.internal.CollectionSecondPass - Mapped collection key: project_id, one-to-many: org.frcpm.models.Task
10:24:15.376 [main] DEBUG org.hibernate.boot.model.internal.CollectionSecondPass - Second pass for collection: org.frcpm.models.Subteam.members
10:24:15.376 [main] DEBUG org.hibernate.boot.model.internal.CollectionBinder - Binding a OneToMany: org.frcpm.models.Subteam.members through a foreign key
10:24:15.376 [main] DEBUG org.hibernate.boot.model.internal.CollectionBinder - Mapping collection: org.frcpm.models.Subteam.members -> team_members
10:24:15.376 [main] DEBUG org.hibernate.boot.model.internal.TableBinder - Retrieving property org.frcpm.models.TeamMember.subteam
10:24:15.376 [main] DEBUG org.hibernate.boot.model.internal.CollectionSecondPass - Mapped collection key: subteam_id, one-to-many: org.frcpm.models.TeamMember
10:24:15.376 [main] DEBUG org.hibernate.boot.model.internal.CollectionSecondPass - Second pass for collection: org.frcpm.models.Subteam.subsystems
10:24:15.376 [main] DEBUG org.hibernate.boot.model.internal.CollectionBinder - Binding a OneToMany: org.frcpm.models.Subteam.subsystems through a foreign key
10:24:15.376 [main] DEBUG org.hibernate.boot.model.internal.CollectionBinder - Mapping collection: org.frcpm.models.Subteam.subsystems -> subsystems
10:24:15.376 [main] DEBUG org.hibernate.boot.model.internal.TableBinder - Retrieving property org.frcpm.models.Subsystem.responsibleSubteam
10:24:15.376 [main] DEBUG org.hibernate.boot.model.internal.CollectionSecondPass - Mapped collection key: responsible_subteam_id, one-to-many: org.frcpm.models.Subsystem
10:24:15.376 [main] DEBUG org.hibernate.boot.model.internal.CollectionSecondPass - Second pass for collection: org.frcpm.models.Task.postDependencies
10:24:15.376 [main] DEBUG org.hibernate.boot.model.internal.CollectionBinder - Binding a ManyToMany: org.frcpm.models.Task.postDependencies
10:24:15.377 [main] DEBUG org.hibernate.boot.registry.classloading.internal.ClassLoaderServiceImpl - HHH000194: Package not found or no package-info.java: org.frcpm.models
10:24:15.377 [main] DEBUG org.hibernate.boot.model.internal.TableBinder - Retrieving property org.frcpm.models.Task.preDependencies
10:24:15.378 [main] DEBUG org.hibernate.boot.model.internal.CollectionSecondPass - Mapped collection key: dependency_id, element: task_id
10:24:15.378 [main] DEBUG org.hibernate.boot.model.internal.CollectionSecondPass - Second pass for collection: org.frcpm.models.TeamMember.assignedTasks
10:24:15.378 [main] DEBUG org.hibernate.boot.model.internal.CollectionBinder - Binding a ManyToMany: org.frcpm.models.TeamMember.assignedTasks
10:24:15.379 [main] DEBUG org.hibernate.boot.registry.classloading.internal.ClassLoaderServiceImpl - HHH000194: Package not found or no package-info.java: org.frcpm.models
10:24:15.379 [main] DEBUG org.hibernate.boot.model.internal.TableBinder - Retrieving property org.frcpm.models.Task.assignedTo
10:24:15.379 [main] DEBUG org.hibernate.boot.model.internal.CollectionSecondPass - Mapped collection key: team_member_id, element: task_id
10:24:15.379 [main] DEBUG org.hibernate.boot.model.internal.CollectionSecondPass - Second pass for collection: org.frcpm.models.TeamMember.attendances
10:24:15.379 [main] DEBUG org.hibernate.boot.model.internal.CollectionBinder - Binding a OneToMany: org.frcpm.models.TeamMember.attendances through a foreign key
10:24:15.379 [main] DEBUG org.hibernate.boot.model.internal.CollectionBinder - Mapping collection: org.frcpm.models.TeamMember.attendances -> attendances
10:24:15.379 [main] DEBUG org.hibernate.boot.model.internal.TableBinder - Retrieving property org.frcpm.models.Attendance.member
10:24:15.379 [main] DEBUG org.hibernate.boot.model.internal.CollectionSecondPass - Mapped collection key: member_id, one-to-many: org.frcpm.models.Attendance
10:24:15.393 [main] DEBUG org.hibernate.internal.SessionFactoryImpl - Building session factory
10:24:15.393 [main] DEBUG org.hibernate.service.internal.SessionFactoryServiceRegistryImpl - EventListenerRegistry access via ServiceRegistry is deprecated.  Use `sessionFactory.getEventEngine().getListenerRegistry()` instead
10:24:15.394 [main] DEBUG org.hibernate.internal.SessionFactoryImpl - Instantiating SessionFactory with settings: {hibernate.format_sql=false, java.specification.version=21, sun.cpu.isalist=amd64, hibernate.connection.handling_mode=DELAYED_ACQUISITION_AND_RELEASE_AFTER_STATEMENT, sun.jnu.encoding=Cp1252, hibernate.dialect=org.hibernate.dialect.H2Dialect, java.class.path=C:\Users\dhiebert\Local Repositories\Project Management 2.0\target\test-classes;C:\Users\dhiebert\Local Repositories\Project Management 2.0\target\classes;C:\Users\dhiebert\.m2\repository\org\openjfx\javafx-controls\21.0.2\javafx-controls-21.0.2.jar;C:\Users\dhiebert\.m2\repository\org\openjfx\javafx-controls\21.0.2\javafx-controls-21.0.2-win.jar;C:\Users\dhiebert\.m2\repository\org\openjfx\javafx-fxml\21.0.2\javafx-fxml-21.0.2.jar;C:\Users\dhiebert\.m2\repository\org\openjfx\javafx-fxml\21.0.2\javafx-fxml-21.0.2-win.jar;C:\Users\dhiebert\.m2\repository\org\openjfx\javafx-graphics\21.0.2\javafx-graphics-21.0.2.jar;C:\Users\dhiebert\.m2\repository\org\openjfx\javafx-graphics\21.0.2\javafx-graphics-21.0.2-win.jar;C:\Users\dhiebert\.m2\repository\org\openjfx\javafx-base\21.0.2\javafx-base-21.0.2.jar;C:\Users\dhiebert\.m2\repository\org\openjfx\javafx-base\21.0.2\javafx-base-21.0.2-win.jar;C:\Users\dhiebert\.m2\repository\com\h2database\h2\2.2.224\h2-2.2.224.jar;C:\Users\dhiebert\.m2\repository\com\zaxxer\HikariCP\5.1.0\HikariCP-5.1.0.jar;C:\Users\dhiebert\.m2\repository\org\slf4j\slf4j-api\1.7.36\slf4j-api-1.7.36.jar;C:\Users\dhiebert\.m2\repository\org\hibernate\orm\hibernate-core\6.5.0.Final\hibernate-core-6.5.0.Final.jar;C:\Users\dhiebert\.m2\repository\jakarta\persistence\jakarta.persistence-api\3.1.0\jakarta.persistence-api-3.1.0.jar;C:\Users\dhiebert\.m2\repository\jakarta\transaction\jakarta.transaction-api\2.0.1\jakarta.transaction-api-2.0.1.jar;C:\Users\dhiebert\.m2\repository\org\jboss\logging\jboss-logging\3.5.0.Final\jboss-logging-3.5.0.Final.jar;C:\Users\dhiebert\.m2\repository\org\hibernate\common\hibernate-commons-annotations\6.0.6.Final\hibernate-commons-annotations-6.0.6.Final.jar;C:\Users\dhiebert\.m2\repository\io\smallrye\jandex\3.1.2\jandex-3.1.2.jar;C:\Users\dhiebert\.m2\repository\com\fasterxml\classmate\1.5.1\classmate-1.5.1.jar;C:\Users\dhiebert\.m2\repository\net\bytebuddy\byte-buddy\1.14.12\byte-buddy-1.14.12.jar;C:\Users\dhiebert\.m2\repository\jakarta\xml\bind\jakarta.xml.bind-api\4.0.0\jakarta.xml.bind-api-4.0.0.jar;C:\Users\dhiebert\.m2\repository\jakarta\activation\jakarta.activation-api\2.1.0\jakarta.activation-api-2.1.0.jar;C:\Users\dhiebert\.m2\repository\org\glassfish\jaxb\jaxb-runtime\4.0.2\jaxb-runtime-4.0.2.jar;C:\Users\dhiebert\.m2\repository\org\glassfish\jaxb\jaxb-core\4.0.2\jaxb-core-4.0.2.jar;C:\Users\dhiebert\.m2\repository\org\eclipse\angus\angus-activation\2.0.0\angus-activation-2.0.0.jar;C:\Users\dhiebert\.m2\repository\org\glassfish\jaxb\txw2\4.0.2\txw2-4.0.2.jar;C:\Users\dhiebert\.m2\repository\com\sun\istack\istack-commons-runtime\4.1.1\istack-commons-runtime-4.1.1.jar;C:\Users\dhiebert\.m2\repository\jakarta\inject\jakarta.inject-api\2.0.1\jakarta.inject-api-2.0.1.jar;C:\Users\dhiebert\.m2\repository\org\antlr\antlr4-runtime\4.13.0\antlr4-runtime-4.13.0.jar;C:\Users\dhiebert\.m2\repository\org\hibernate\validator\hibernate-validator\8.0.1.Final\hibernate-validator-8.0.1.Final.jar;C:\Users\dhiebert\.m2\repository\jakarta\validation\jakarta.validation-api\3.0.2\jakarta.validation-api-3.0.2.jar;C:\Users\dhiebert\.m2\repository\org\junit\jupiter\junit-jupiter-api\5.10.2\junit-jupiter-api-5.10.2.jar;C:\Users\dhiebert\.m2\repository\org\opentest4j\opentest4j\1.3.0\opentest4j-1.3.0.jar;C:\Users\dhiebert\.m2\repository\org\junit\platform\junit-platform-commons\1.10.2\junit-platform-commons-1.10.2.jar;C:\Users\dhiebert\.m2\repository\org\apiguardian\apiguardian-api\1.1.2\apiguardian-api-1.1.2.jar;C:\Users\dhiebert\.m2\repository\org\junit\jupiter\junit-jupiter-engine\5.10.2\junit-jupiter-engine-5.10.2.jar;C:\Users\dhiebert\.m2\repository\org\junit\platform\junit-platform-engine\1.10.2\junit-platform-engine-1.10.2.jar;C:\Users\dhiebert\.m2\repository\org\mockito\mockito-junit-jupiter\5.10.0\mockito-junit-jupiter-5.10.0.jar;C:\Users\dhiebert\.m2\repository\org\mockito\mockito-core\5.10.0\mockito-core-5.10.0.jar;C:\Users\dhiebert\.m2\repository\net\bytebuddy\byte-buddy-agent\1.14.11\byte-buddy-agent-1.14.11.jar;C:\Users\dhiebert\.m2\repository\org\objenesis\objenesis\3.3\objenesis-3.3.jar;C:\Users\dhiebert\.m2\repository\org\hibernate\orm\hibernate-hikaricp\6.5.0.Final\hibernate-hikaricp-6.5.0.Final.jar;C:\Users\dhiebert\.m2\repository\ch\qos\logback\logback-classic\1.2.11\logback-classic-1.2.11.jar;C:\Users\dhiebert\.m2\repository\ch\qos\logback\logback-core\1.2.11\logback-core-1.2.11.jar;C:\Users\dhiebert\.m2\repository\org\testfx\testfx-core\4.0.18\testfx-core-4.0.18.jar;C:\Users\dhiebert\.m2\repository\org\hamcrest\hamcrest\2.1\hamcrest-2.1.jar;C:\Users\dhiebert\.m2\repository\org\assertj\assertj-core\3.13.2\assertj-core-3.13.2.jar;C:\Users\dhiebert\.m2\repository\org\osgi\org.osgi.core\6.0.0\org.osgi.core-6.0.0.jar;C:\Users\dhiebert\.m2\repository\org\testfx\testfx-junit5\4.0.18\testfx-junit5-4.0.18.jar;C:\Users\dhiebert\.m2\repository\org\openjfx\javafx-web\17.0.2\javafx-web-17.0.2.jar;C:\Users\dhiebert\.m2\repository\org\openjfx\javafx-web\17.0.2\javafx-web-17.0.2-win.jar;C:\Users\dhiebert\.m2\repository\org\openjfx\javafx-media\17.0.2\javafx-media-17.0.2.jar;C:\Users\dhiebert\.m2\repository\org\openjfx\javafx-media\17.0.2\javafx-media-17.0.2-win.jar;C:\Users\dhiebert\.m2\repository\org\apache\pdfbox\pdfbox\2.0.27\pdfbox-2.0.27.jar;C:\Users\dhiebert\.m2\repository\org\apache\pdfbox\fontbox\2.0.27\fontbox-2.0.27.jar;C:\Users\dhiebert\.m2\repository\commons-logging\commons-logging\1.2\commons-logging-1.2.jar;C:\Users\dhiebert\.m2\repository\com\fasterxml\jackson\core\jackson-databind\2.15.0\jackson-databind-2.15.0.jar;C:\Users\dhiebert\.m2\repository\com\fasterxml\jackson\core\jackson-annotations\2.15.0\jackson-annotations-2.15.0.jar;C:\Users\dhiebert\.m2\repository\com\fasterxml\jackson\core\jackson-core\2.15.0\jackson-core-2.15.0.jar;C:\Users\dhiebert\.m2\repository\org\apache\xmlgraphics\batik-all\1.16\batik-all-1.16.jar;C:\Users\dhiebert\.m2\repository\xml-apis\xml-apis\1.4.01\xml-apis-1.4.01.jar;C:\Users\dhiebert\.m2\repository\xml-apis\xml-apis-ext\1.3.04\xml-apis-ext-1.3.04.jar;C:\Users\dhiebert\.m2\repository\org\apache\xmlgraphics\xmlgraphics-commons\2.7\xmlgraphics-commons-2.7.jar;C:\Users\dhiebert\.m2\repository\commons-io\commons-io\1.3.1\commons-io-1.3.1.jar;C:\Users\dhiebert\.m2\repository\org\jgrapht\jgrapht-core\1.5.2\jgrapht-core-1.5.2.jar;C:\Users\dhiebert\.m2\repository\org\jheaps\jheaps\0.14\jheaps-0.14.jar;C:\Users\dhiebert\.m2\repository\org\apfloat\apfloat\1.10.1\apfloat-1.10.1.jar;, java.vm.vendor=Eclipse Adoptium, sun.arch.data.model=64, hibernate.order_inserts=true, user.variant=, java.vendor.url=https://adoptium.net/, user.timezone=America/Chicago, javax.persistence.jdbc.user=****, javax.persistence.jdbc.url=jdbc:h2:file:C:\Users\dhiebert\.frcpm\frcpm, java.vm.specification.version=21, os.name=Windows 11, hibernate.generate_statistics=false, hibernate.hikari.connectionTimeout=10000, hibernate.order_updates=true, hibernate.jdbc.batch_versioned_data=true, jakarta.persistence.jdbc.password=****, hibernate.jdbc.batch_size=30, sun.java.launcher=SUN_STANDARD, user.country=US, local.setting.IS_JTA_TXN_COORD=false, sun.boot.library.path=C:\Program Files\Eclipse Adoptium\jdk-21.0.6.7-hotspot\bin, sun.java.command=C:\Users\dhiebert\AppData\Local\Temp\surefire9513985487531586668\surefirebooter-20250425102356946_3.jar C:\Users\dhiebert\AppData\Local\Temp\surefire9513985487531586668 2025-04-25T10-23-56_800-jvmRun1 surefire-20250425102356946_1tmp surefire_0-20250425102356946_2tmp, hibernate.use_sql_comments=false, hibernate.connection.provider_class=org.hibernate.hikaricp.internal.HikariCPConnectionProvider, jdk.debug=release, surefire.test.class.path=C:\Users\dhiebert\Local Repositories\Project Management 2.0\target\test-classes;C:\Users\dhiebert\Local Repositories\Project Management 2.0\target\classes;C:\Users\dhiebert\.m2\repository\org\openjfx\javafx-controls\21.0.2\javafx-controls-21.0.2.jar;C:\Users\dhiebert\.m2\repository\org\openjfx\javafx-controls\21.0.2\javafx-controls-21.0.2-win.jar;C:\Users\dhiebert\.m2\repository\org\openjfx\javafx-fxml\21.0.2\javafx-fxml-21.0.2.jar;C:\Users\dhiebert\.m2\repository\org\openjfx\javafx-fxml\21.0.2\javafx-fxml-21.0.2-win.jar;C:\Users\dhiebert\.m2\repository\org\openjfx\javafx-graphics\21.0.2\javafx-graphics-21.0.2.jar;C:\Users\dhiebert\.m2\repository\org\openjfx\javafx-graphics\21.0.2\javafx-graphics-21.0.2-win.jar;C:\Users\dhiebert\.m2\repository\org\openjfx\javafx-base\21.0.2\javafx-base-21.0.2.jar;C:\Users\dhiebert\.m2\repository\org\openjfx\javafx-base\21.0.2\javafx-base-21.0.2-win.jar;C:\Users\dhiebert\.m2\repository\com\h2database\h2\2.2.224\h2-2.2.224.jar;C:\Users\dhiebert\.m2\repository\com\zaxxer\HikariCP\5.1.0\HikariCP-5.1.0.jar;C:\Users\dhiebert\.m2\repository\org\slf4j\slf4j-api\1.7.36\slf4j-api-1.7.36.jar;C:\Users\dhiebert\.m2\repository\org\hibernate\orm\hibernate-core\6.5.0.Final\hibernate-core-6.5.0.Final.jar;C:\Users\dhiebert\.m2\repository\jakarta\persistence\jakarta.persistence-api\3.1.0\jakarta.persistence-api-3.1.0.jar;C:\Users\dhiebert\.m2\repository\jakarta\transaction\jakarta.transaction-api\2.0.1\jakarta.transaction-api-2.0.1.jar;C:\Users\dhiebert\.m2\repository\org\jboss\logging\jboss-logging\3.5.0.Final\jboss-logging-3.5.0.Final.jar;C:\Users\dhiebert\.m2\repository\org\hibernate\common\hibernate-commons-annotations\6.0.6.Final\hibernate-commons-annotations-6.0.6.Final.jar;C:\Users\dhiebert\.m2\repository\io\smallrye\jandex\3.1.2\jandex-3.1.2.jar;C:\Users\dhiebert\.m2\repository\com\fasterxml\classmate\1.5.1\classmate-1.5.1.jar;C:\Users\dhiebert\.m2\repository\net\bytebuddy\byte-buddy\1.14.12\byte-buddy-1.14.12.jar;C:\Users\dhiebert\.m2\repository\jakarta\xml\bind\jakarta.xml.bind-api\4.0.0\jakarta.xml.bind-api-4.0.0.jar;C:\Users\dhiebert\.m2\repository\jakarta\activation\jakarta.activation-api\2.1.0\jakarta.activation-api-2.1.0.jar;C:\Users\dhiebert\.m2\repository\org\glassfish\jaxb\jaxb-runtime\4.0.2\jaxb-runtime-4.0.2.jar;C:\Users\dhiebert\.m2\repository\org\glassfish\jaxb\jaxb-core\4.0.2\jaxb-core-4.0.2.jar;C:\Users\dhiebert\.m2\repository\org\eclipse\angus\angus-activation\2.0.0\angus-activation-2.0.0.jar;C:\Users\dhiebert\.m2\repository\org\glassfish\jaxb\txw2\4.0.2\txw2-4.0.2.jar;C:\Users\dhiebert\.m2\repository\com\sun\istack\istack-commons-runtime\4.1.1\istack-commons-runtime-4.1.1.jar;C:\Users\dhiebert\.m2\repository\jakarta\inject\jakarta.inject-api\2.0.1\jakarta.inject-api-2.0.1.jar;C:\Users\dhiebert\.m2\repository\org\antlr\antlr4-runtime\4.13.0\antlr4-runtime-4.13.0.jar;C:\Users\dhiebert\.m2\repository\org\hibernate\validator\hibernate-validator\8.0.1.Final\hibernate-validator-8.0.1.Final.jar;C:\Users\dhiebert\.m2\repository\jakarta\validation\jakarta.validation-api\3.0.2\jakarta.validation-api-3.0.2.jar;C:\Users\dhiebert\.m2\repository\org\junit\jupiter\junit-jupiter-api\5.10.2\junit-jupiter-api-5.10.2.jar;C:\Users\dhiebert\.m2\repository\org\opentest4j\opentest4j\1.3.0\opentest4j-1.3.0.jar;C:\Users\dhiebert\.m2\repository\org\junit\platform\junit-platform-commons\1.10.2\junit-platform-commons-1.10.2.jar;C:\Users\dhiebert\.m2\repository\org\apiguardian\apiguardian-api\1.1.2\apiguardian-api-1.1.2.jar;C:\Users\dhiebert\.m2\repository\org\junit\jupiter\junit-jupiter-engine\5.10.2\junit-jupiter-engine-5.10.2.jar;C:\Users\dhiebert\.m2\repository\org\junit\platform\junit-platform-engine\1.10.2\junit-platform-engine-1.10.2.jar;C:\Users\dhiebert\.m2\repository\org\mockito\mockito-junit-jupiter\5.10.0\mockito-junit-jupiter-5.10.0.jar;C:\Users\dhiebert\.m2\repository\org\mockito\mockito-core\5.10.0\mockito-core-5.10.0.jar;C:\Users\dhiebert\.m2\repository\net\bytebuddy\byte-buddy-agent\1.14.11\byte-buddy-agent-1.14.11.jar;C:\Users\dhiebert\.m2\repository\org\objenesis\objenesis\3.3\objenesis-3.3.jar;C:\Users\dhiebert\.m2\repository\org\hibernate\orm\hibernate-hikaricp\6.5.0.Final\hibernate-hikaricp-6.5.0.Final.jar;C:\Users\dhiebert\.m2\repository\ch\qos\logback\logback-classic\1.2.11\logback-classic-1.2.11.jar;C:\Users\dhiebert\.m2\repository\ch\qos\logback\logback-core\1.2.11\logback-core-1.2.11.jar;C:\Users\dhiebert\.m2\repository\org\testfx\testfx-core\4.0.18\testfx-core-4.0.18.jar;C:\Users\dhiebert\.m2\repository\org\hamcrest\hamcrest\2.1\hamcrest-2.1.jar;C:\Users\dhiebert\.m2\repository\org\assertj\assertj-core\3.13.2\assertj-core-3.13.2.jar;C:\Users\dhiebert\.m2\repository\org\osgi\org.osgi.core\6.0.0\org.osgi.core-6.0.0.jar;C:\Users\dhiebert\.m2\repository\org\testfx\testfx-junit5\4.0.18\testfx-junit5-4.0.18.jar;C:\Users\dhiebert\.m2\repository\org\openjfx\javafx-web\17.0.2\javafx-web-17.0.2.jar;C:\Users\dhiebert\.m2\repository\org\openjfx\javafx-web\17.0.2\javafx-web-17.0.2-win.jar;C:\Users\dhiebert\.m2\repository\org\openjfx\javafx-media\17.0.2\javafx-media-17.0.2.jar;C:\Users\dhiebert\.m2\repository\org\openjfx\javafx-media\17.0.2\javafx-media-17.0.2-win.jar;C:\Users\dhiebert\.m2\repository\org\apache\pdfbox\pdfbox\2.0.27\pdfbox-2.0.27.jar;C:\Users\dhiebert\.m2\repository\org\apache\pdfbox\fontbox\2.0.27\fontbox-2.0.27.jar;C:\Users\dhiebert\.m2\repository\commons-logging\commons-logging\1.2\commons-logging-1.2.jar;C:\Users\dhiebert\.m2\repository\com\fasterxml\jackson\core\jackson-databind\2.15.0\jackson-databind-2.15.0.jar;C:\Users\dhiebert\.m2\repository\com\fasterxml\jackson\core\jackson-annotations\2.15.0\jackson-annotations-2.15.0.jar;C:\Users\dhiebert\.m2\repository\com\fasterxml\jackson\core\jackson-core\2.15.0\jackson-core-2.15.0.jar;C:\Users\dhiebert\.m2\repository\org\apache\xmlgraphics\batik-all\1.16\batik-all-1.16.jar;C:\Users\dhiebert\.m2\repository\xml-apis\xml-apis\1.4.01\xml-apis-1.4.01.jar;C:\Users\dhiebert\.m2\repository\xml-apis\xml-apis-ext\1.3.04\xml-apis-ext-1.3.04.jar;C:\Users\dhiebert\.m2\repository\org\apache\xmlgraphics\xmlgraphics-commons\2.7\xmlgraphics-commons-2.7.jar;C:\Users\dhiebert\.m2\repository\commons-io\commons-io\1.3.1\commons-io-1.3.1.jar;C:\Users\dhiebert\.m2\repository\org\jgrapht\jgrapht-core\1.5.2\jgrapht-core-1.5.2.jar;C:\Users\dhiebert\.m2\repository\org\jheaps\jheaps\0.14\jheaps-0.14.jar;C:\Users\dhiebert\.m2\repository\org\apfloat\apfloat\1.10.1\apfloat-1.10.1.jar;, jakarta.persistence.jdbc.driver=org.h2.Driver, sun.cpu.endian=little, user.home=C:\Users\dhiebert, user.language=en, java.specification.vendor=Oracle Corporation, java.version.date=2025-01-21, java.home=C:\Program Files\Eclipse Adoptium\jdk-21.0.6.7-hotspot, file.separator=\, basedir=C:\Users\dhiebert\Local Repositories\Project Management 2.0, java.vm.compressedOopsMode=Zero based, jakarta.persistence.jdbc.user=****, line.separator=
, hibernate.persistenceUnitName=frcpm, java.vm.specification.vendor=Oracle Corporation, java.specification.name=Java Platform API Specification, hibernate.transaction.coordinator_class=class org.hibernate.resource.transaction.backend.jdbc.internal.JdbcResourceLocalTransactionCoordinatorBuilderImpl, javax.persistence.jdbc.driver=org.h2.Driver, hibernate.hikari.maximumPoolSize=10, surefire.real.class.path=C:\Users\dhiebert\AppData\Local\Temp\surefire9513985487531586668\surefirebooter-20250425102356946_3.jar, hibernate.hbm2ddl.auto=update, user.script=, sun.management.compiler=HotSpot 64-Bit Tiered Compilers, java.runtime.version=21.0.6+7-LTS, user.name=dhiebert, hibernate.cache.use_query_cache=false, stdout.encoding=Cp1252, path.separator=;, hibernate.connection.username=****, os.version=10.0, java.runtime.name=OpenJDK Runtime Environment, hibernate.connection.url=jdbc:h2:file:C:\Users\dhiebert\.frcpm\frcpm, file.encoding=UTF-8, hibernate.hikari.minimumIdle=2, hibernate.hikari.idleTimeout=30000, java.vm.name=OpenJDK 64-Bit Server VM, hibernate.show_sql=false, java.vendor.version=Temurin-21.0.6+7, hibernate.hikari.poolName=FRC-PM-HikariCP, hibernate.current_session_context_class=thread, localRepository=C:\Users\dhiebert\.m2\repository, hibernate.connection.driver_class=org.h2.Driver, java.vendor.url.bug=https://github.com/adoptium/adoptium-support/issues, java.io.tmpdir=C:\Users\dhiebert\AppData\Local\Temp\, java.version=21.0.6, user.dir=C:\Users\dhiebert\Local Repositories\Project Management 2.0, os.arch=amd64, java.vm.specification.name=Java Virtual Machine Specification, hibernate.connection.password=****, sun.os.patch.level=, jakarta.persistence.jdbc.url=jdbc:h2:file:C:\Users\dhiebert\.frcpm\frcpm, hibernate.boot.CfgXmlAccessService.key=org.hibernate.boot.registry.StandardServiceRegistryBuilder$1@2dc50af2, native.encoding=Cp1252, hibernate.cache.use_second_level_cache=false, java.library.path=C:\Program Files\Eclipse Adoptium\jdk-21.0.6.7-hotspot\bin;C:\WINDOWS\Sun\Java\bin;C:\WINDOWS\system32;C:\WINDOWS;C:\Program Files\apache-maven-3.9.9\bin;C:\Program Files\Eclipse Adoptium\jdk-21.0.6.7-hotspot\bin;C:\Program Files\National Instruments\Shared\OpenVINO\;C:\Program Files\Common Files\Oracle\Java\javapath;C:\WINDOWS\system32;C:\WINDOWS;C:\WINDOWS\System32\Wbem;C:\WINDOWS\System32\WindowsPowerShell\v1.0\;C:\WINDOWS\System32\OpenSSH\;C:\Program Files\dotnet\;C:\Program Files (x86)\Windows Live\Shared;C:\Program Files\Git\cmd;C:\Program Files\Common Files\Autodesk Shared\;C:\Program Files\Microsoft SQL Server\150\Tools\Binn\;C:\Program Files\nodejs\;C:\Program Files\Eclipse Adoptium\jdk-21.0.6.7-hotspot\bin;C:\Program Files\apache-maven-3.9.9\bin;%MAVEN_HOME%\bin;C:\Users\dhiebert\AppData\Local\Microsoft\WindowsApps;C:\Users\dhiebert\AppData\Local\GitHubDesktop\bin;C:\Users\dhiebert\AppData\Roaming\npm;C:\Users\dhiebert\AppData\Local\Packages\PythonSoftwareFoundation.Python.3.11_qbz5n2kfra8p0\LocalCache\local-packages\Python311\Scripts;C:\Users\dhiebert\AppData\Local\Packages\PythonSoftwareFoundation.Python.3.11_qbz5n2kfra8p0\LocalCache\local-packages\Python311\site-packages\maven;;c:\Users\Public\wpilib\2025\vscode\data\user-data\User\globalStorage\github.copilot-chat\debugCommand;c:\Users\Public\wpilib\2025\vscode\data\extensions\ms-python.debugpy-2025.4.1-win32-x64\bundled\scripts\noConfigScripts;., stderr.encoding=Cp1252, java.vendor=Eclipse Adoptium, java.vm.info=mixed mode, sharing, java.vm.version=21.0.6+7-LTS, sun.io.unicode.encoding=UnicodeLittle, javax.persistence.jdbc.password=****, java.class.version=65.0}
10:24:15.394 [main] DEBUG org.hibernate.internal.SessionFactoryImpl - Session factory constructed with filter configurations : {}
10:24:15.394 [main] DEBUG org.hibernate.validator.internal.xml.config.ValidationXmlParser - Trying to load META-INF/validation.xml for XML based Validator configuration.
10:24:15.394 [main] DEBUG org.hibernate.validator.internal.xml.config.ResourceLoaderHelper - Trying to load META-INF/validation.xml via TCCL
10:24:15.394 [main] DEBUG org.hibernate.validator.internal.xml.config.ResourceLoaderHelper - Trying to load META-INF/validation.xml via Hibernate Validator's class loader
10:24:15.395 [main] DEBUG org.hibernate.validator.internal.xml.config.ValidationXmlParser - No META-INF/validation.xml found. Using annotation based configuration only.
10:24:15.395 [main] DEBUG org.hibernate.validator.internal.engine.resolver.TraversableResolvers - Found jakarta.persistence.Persistence on classpath containing 'getPersistenceUtil'. Assuming JPA 2 environment. Trying to instantiate JPA aware TraversableResolver
10:24:15.395 [main] DEBUG org.hibernate.validator.internal.engine.resolver.TraversableResolvers - Instantiated JPA aware TraversableResolver of type org.hibernate.validator.internal.engine.resolver.JPATraversableResolver.
10:24:15.395 [main] DEBUG org.hibernate.validator.messageinterpolation.ResourceBundleMessageInterpolator - Failed to load expression factory via classloader jdk.internal.loader.ClassLoaders$AppClassLoader@70dea4e
java.lang.NoClassDefFoundError: jakarta/el/ExpressionFactory
	at org.hibernate.validator.messageinterpolation.ResourceBundleMessageInterpolator.canLoadExpressionFactory(ResourceBundleMessageInterpolator.java:228)
	at org.hibernate.validator.messageinterpolation.ResourceBundleMessageInterpolator.buildExpressionFactory(ResourceBundleMessageInterpolator.java:173)
	at org.hibernate.validator.messageinterpolation.ResourceBundleMessageInterpolator.<init>(ResourceBundleMessageInterpolator.java:97)
	at org.hibernate.validator.internal.engine.AbstractConfigurationImpl.getDefaultMessageInterpolator(AbstractConfigurationImpl.java:575)
	at org.hibernate.validator.internal.engine.AbstractConfigurationImpl.getDefaultMessageInterpolatorConfiguredWithClassLoader(AbstractConfigurationImpl.java:834)
	at org.hibernate.validator.internal.engine.AbstractConfigurationImpl.getMessageInterpolator(AbstractConfigurationImpl.java:485)
	at org.hibernate.validator.internal.engine.ValidatorFactoryImpl.<init>(ValidatorFactoryImpl.java:157)
	at org.hibernate.validator.HibernateValidator.buildValidatorFactory(HibernateValidator.java:38)
	at org.hibernate.validator.internal.engine.AbstractConfigurationImpl.buildValidatorFactory(AbstractConfigurationImpl.java:453)
	at jakarta.validation.Validation.buildDefaultValidatorFactory(Validation.java:103)
	at org.hibernate.boot.beanvalidation.TypeSafeActivator.getValidatorFactory(TypeSafeActivator.java:482)
	at org.hibernate.boot.beanvalidation.TypeSafeActivator.activate(TypeSafeActivator.java:79)
	at java.base/jdk.internal.reflect.DirectMethodHandleAccessor.invoke(DirectMethodHandleAccessor.java:103)
	at java.base/java.lang.reflect.Method.invoke(Method.java:580)
	at org.hibernate.boot.beanvalidation.BeanValidationIntegrator.integrate(BeanValidationIntegrator.java:139)
	at org.hibernate.internal.SessionFactoryImpl.integrate(SessionFactoryImpl.java:517)
	at org.hibernate.internal.SessionFactoryImpl.<init>(SessionFactoryImpl.java:276)
	at org.hibernate.boot.internal.SessionFactoryBuilderImpl.build(SessionFactoryBuilderImpl.java:457)
	at org.hibernate.jpa.boot.internal.EntityManagerFactoryBuilderImpl.build(EntityManagerFactoryBuilderImpl.java:1506)
	at org.hibernate.jpa.HibernatePersistenceProvider.createEntityManagerFactory(HibernatePersistenceProvider.java:55)
	at jakarta.persistence.Persistence.createEntityManagerFactory(Persistence.java:80)
	at org.frcpm.config.DatabaseConfig.initialize(DatabaseConfig.java:114)
	at org.frcpm.config.DatabaseConfig.initialize(DatabaseConfig.java:28)
	at org.frcpm.repositories.AttendanceRepositoryTest.setUp(AttendanceRepositoryTest.java:40)
	at java.base/jdk.internal.reflect.DirectMethodHandleAccessor.invoke(DirectMethodHandleAccessor.java:103)
	at java.base/java.lang.reflect.Method.invoke(Method.java:580)
	at org.junit.platform.commons.util.ReflectionUtils.invokeMethod(ReflectionUtils.java:728)
	at org.junit.jupiter.engine.execution.MethodInvocation.proceed(MethodInvocation.java:60)
	at org.junit.jupiter.engine.execution.InvocationInterceptorChain$ValidatingInvocation.proceed(InvocationInterceptorChain.java:131)
	at org.junit.jupiter.engine.extension.TimeoutExtension.intercept(TimeoutExtension.java:156)
	at org.junit.jupiter.engine.extension.TimeoutExtension.interceptLifecycleMethod(TimeoutExtension.java:128)
	at org.junit.jupiter.engine.extension.TimeoutExtension.interceptBeforeEachMethod(TimeoutExtension.java:78)
	at org.junit.jupiter.engine.execution.InterceptingExecutableInvoker$ReflectiveInterceptorCall.lambda$ofVoidMethod$0(InterceptingExecutableInvoker.java:103)
	at org.junit.jupiter.engine.execution.InterceptingExecutableInvoker.lambda$invoke$0(InterceptingExecutableInvoker.java:93)
	at org.junit.jupiter.engine.execution.InvocationInterceptorChain$InterceptedInvocation.proceed(InvocationInterceptorChain.java:106)
	at org.junit.jupiter.engine.execution.InvocationInterceptorChain.proceed(InvocationInterceptorChain.java:64)
	at org.junit.jupiter.engine.execution.InvocationInterceptorChain.chainAndInvoke(InvocationInterceptorChain.java:45)
	at org.junit.jupiter.engine.execution.InvocationInterceptorChain.invoke(InvocationInterceptorChain.java:37)
	at org.junit.jupiter.engine.execution.InterceptingExecutableInvoker.invoke(InterceptingExecutableInvoker.java:92)
	at org.junit.jupiter.engine.execution.InterceptingExecutableInvoker.invoke(InterceptingExecutableInvoker.java:86)
	at org.junit.jupiter.engine.descriptor.ClassBasedTestDescriptor.invokeMethodInExtensionContext(ClassBasedTestDescriptor.java:521)
	at org.junit.jupiter.engine.descriptor.ClassBasedTestDescriptor.lambda$synthesizeBeforeEachMethodAdapter$23(ClassBasedTestDescriptor.java:506)
	at org.junit.jupiter.engine.descriptor.TestMethodTestDescriptor.lambda$invokeBeforeEachMethods$3(TestMethodTestDescriptor.java:175)
	at org.junit.jupiter.engine.descriptor.TestMethodTestDescriptor.lambda$invokeBeforeMethodsOrCallbacksUntilExceptionOccurs$6(TestMethodTestDescriptor.java:203)
	at org.junit.platform.engine.support.hierarchical.ThrowableCollector.execute(ThrowableCollector.java:73)
	at org.junit.jupiter.engine.descriptor.TestMethodTestDescriptor.invokeBeforeMethodsOrCallbacksUntilExceptionOccurs(TestMethodTestDescriptor.java:203)
	at org.junit.jupiter.engine.descriptor.TestMethodTestDescriptor.invokeBeforeEachMethods(TestMethodTestDescriptor.java:172)
	at org.junit.jupiter.engine.descriptor.TestMethodTestDescriptor.execute(TestMethodTestDescriptor.java:135)
	at org.junit.jupiter.engine.descriptor.TestMethodTestDescriptor.execute(TestMethodTestDescriptor.java:69)
	at org.junit.platform.engine.support.hierarchical.NodeTestTask.lambda$executeRecursively$6(NodeTestTask.java:151)
	at org.junit.platform.engine.support.hierarchical.ThrowableCollector.execute(ThrowableCollector.java:73)
	at org.junit.platform.engine.support.hierarchical.NodeTestTask.lambda$executeRecursively$8(NodeTestTask.java:141)
	at org.junit.platform.engine.support.hierarchical.Node.around(Node.java:137)
	at org.junit.platform.engine.support.hierarchical.NodeTestTask.lambda$executeRecursively$9(NodeTestTask.java:139)
	at org.junit.platform.engine.support.hierarchical.ThrowableCollector.execute(ThrowableCollector.java:73)
	at org.junit.platform.engine.support.hierarchical.NodeTestTask.executeRecursively(NodeTestTask.java:138)
	at org.junit.platform.engine.support.hierarchical.NodeTestTask.execute(NodeTestTask.java:95)
	at java.base/java.util.ArrayList.forEach(ArrayList.java:1596)
	at org.junit.platform.engine.support.hierarchical.SameThreadHierarchicalTestExecutorService.invokeAll(SameThreadHierarchicalTestExecutorService.java:41)
	at org.junit.platform.engine.support.hierarchical.NodeTestTask.lambda$executeRecursively$6(NodeTestTask.java:155)
	at org.junit.platform.engine.support.hierarchical.ThrowableCollector.execute(ThrowableCollector.java:73)
	at org.junit.platform.engine.support.hierarchical.NodeTestTask.lambda$executeRecursively$8(NodeTestTask.java:141)
	at org.junit.platform.engine.support.hierarchical.Node.around(Node.java:137)
	at org.junit.platform.engine.support.hierarchical.NodeTestTask.lambda$executeRecursively$9(NodeTestTask.java:139)
	at org.junit.platform.engine.support.hierarchical.ThrowableCollector.execute(ThrowableCollector.java:73)
	at org.junit.platform.engine.support.hierarchical.NodeTestTask.executeRecursively(NodeTestTask.java:138)
	at org.junit.platform.engine.support.hierarchical.NodeTestTask.execute(NodeTestTask.java:95)
	at java.base/java.util.ArrayList.forEach(ArrayList.java:1596)
	at org.junit.platform.engine.support.hierarchical.SameThreadHierarchicalTestExecutorService.invokeAll(SameThreadHierarchicalTestExecutorService.java:41)
	at org.junit.platform.engine.support.hierarchical.NodeTestTask.lambda$executeRecursively$6(NodeTestTask.java:155)
	at org.junit.platform.engine.support.hierarchical.ThrowableCollector.execute(ThrowableCollector.java:73)
	at org.junit.platform.engine.support.hierarchical.NodeTestTask.lambda$executeRecursively$8(NodeTestTask.java:141)
	at org.junit.platform.engine.support.hierarchical.Node.around(Node.java:137)
	at org.junit.platform.engine.support.hierarchical.NodeTestTask.lambda$executeRecursively$9(NodeTestTask.java:139)
	at org.junit.platform.engine.support.hierarchical.ThrowableCollector.execute(ThrowableCollector.java:73)
	at org.junit.platform.engine.support.hierarchical.NodeTestTask.executeRecursively(NodeTestTask.java:138)
	at org.junit.platform.engine.support.hierarchical.NodeTestTask.execute(NodeTestTask.java:95)
	at org.junit.platform.engine.support.hierarchical.SameThreadHierarchicalTestExecutorService.submit(SameThreadHierarchicalTestExecutorService.java:35)
	at org.junit.platform.engine.support.hierarchical.HierarchicalTestExecutor.execute(HierarchicalTestExecutor.java:57)
	at org.junit.platform.engine.support.hierarchical.HierarchicalTestEngine.execute(HierarchicalTestEngine.java:54)
	at org.junit.platform.launcher.core.EngineExecutionOrchestrator.execute(EngineExecutionOrchestrator.java:198)
	at org.junit.platform.launcher.core.EngineExecutionOrchestrator.execute(EngineExecutionOrchestrator.java:169)
	at org.junit.platform.launcher.core.EngineExecutionOrchestrator.execute(EngineExecutionOrchestrator.java:93)
	at org.junit.platform.launcher.core.EngineExecutionOrchestrator.lambda$execute$0(EngineExecutionOrchestrator.java:58)
	at org.junit.platform.launcher.core.EngineExecutionOrchestrator.withInterceptedStreams(EngineExecutionOrchestrator.java:141)
	at org.junit.platform.launcher.core.EngineExecutionOrchestrator.execute(EngineExecutionOrchestrator.java:57)
	at org.junit.platform.launcher.core.DefaultLauncher.execute(DefaultLauncher.java:103)
	at org.junit.platform.launcher.core.DefaultLauncher.execute(DefaultLauncher.java:85)
	at org.junit.platform.launcher.core.DelegatingLauncher.execute(DelegatingLauncher.java:47)
	at org.apache.maven.surefire.junitplatform.LazyLauncher.execute(LazyLauncher.java:56)
	at org.apache.maven.surefire.junitplatform.JUnitPlatformProvider.execute(JUnitPlatformProvider.java:184)
	at org.apache.maven.surefire.junitplatform.JUnitPlatformProvider.invokeAllTests(JUnitPlatformProvider.java:148)
	at org.apache.maven.surefire.junitplatform.JUnitPlatformProvider.invoke(JUnitPlatformProvider.java:122)
	at org.apache.maven.surefire.booter.ForkedBooter.runSuitesInProcess(ForkedBooter.java:385)
	at org.apache.maven.surefire.booter.ForkedBooter.execute(ForkedBooter.java:162)
	at org.apache.maven.surefire.booter.ForkedBooter.run(ForkedBooter.java:507)
	at org.apache.maven.surefire.booter.ForkedBooter.main(ForkedBooter.java:495)
Caused by: java.lang.ClassNotFoundException: jakarta.el.ExpressionFactory
	... 97 common frames omitted
10:24:15.396 [main] DEBUG org.hibernate.validator.messageinterpolation.ResourceBundleMessageInterpolator - Failed to load expression factory via classloader jdk.internal.loader.ClassLoaders$AppClassLoader@70dea4e
java.lang.NoClassDefFoundError: jakarta/el/ExpressionFactory
	at org.hibernate.validator.messageinterpolation.ResourceBundleMessageInterpolator.canLoadExpressionFactory(ResourceBundleMessageInterpolator.java:228)
	at org.hibernate.validator.messageinterpolation.ResourceBundleMessageInterpolator.buildExpressionFactory(ResourceBundleMessageInterpolator.java:186)
	at org.hibernate.validator.messageinterpolation.ResourceBundleMessageInterpolator.<init>(ResourceBundleMessageInterpolator.java:97)
	at org.hibernate.validator.internal.engine.AbstractConfigurationImpl.getDefaultMessageInterpolator(AbstractConfigurationImpl.java:575)
	at org.hibernate.validator.internal.engine.AbstractConfigurationImpl.getDefaultMessageInterpolatorConfiguredWithClassLoader(AbstractConfigurationImpl.java:834)
	at org.hibernate.validator.internal.engine.AbstractConfigurationImpl.getMessageInterpolator(AbstractConfigurationImpl.java:485)
	at org.hibernate.validator.internal.engine.ValidatorFactoryImpl.<init>(ValidatorFactoryImpl.java:157)
	at org.hibernate.validator.HibernateValidator.buildValidatorFactory(HibernateValidator.java:38)
	at org.hibernate.validator.internal.engine.AbstractConfigurationImpl.buildValidatorFactory(AbstractConfigurationImpl.java:453)
	at jakarta.validation.Validation.buildDefaultValidatorFactory(Validation.java:103)
	at org.hibernate.boot.beanvalidation.TypeSafeActivator.getValidatorFactory(TypeSafeActivator.java:482)
	at org.hibernate.boot.beanvalidation.TypeSafeActivator.activate(TypeSafeActivator.java:79)
	at java.base/jdk.internal.reflect.DirectMethodHandleAccessor.invoke(DirectMethodHandleAccessor.java:103)
	at java.base/java.lang.reflect.Method.invoke(Method.java:580)
	at org.hibernate.boot.beanvalidation.BeanValidationIntegrator.integrate(BeanValidationIntegrator.java:139)
	at org.hibernate.internal.SessionFactoryImpl.integrate(SessionFactoryImpl.java:517)
	at org.hibernate.internal.SessionFactoryImpl.<init>(SessionFactoryImpl.java:276)
	at org.hibernate.boot.internal.SessionFactoryBuilderImpl.build(SessionFactoryBuilderImpl.java:457)
	at org.hibernate.jpa.boot.internal.EntityManagerFactoryBuilderImpl.build(EntityManagerFactoryBuilderImpl.java:1506)
	at org.hibernate.jpa.HibernatePersistenceProvider.createEntityManagerFactory(HibernatePersistenceProvider.java:55)
	at jakarta.persistence.Persistence.createEntityManagerFactory(Persistence.java:80)
	at org.frcpm.config.DatabaseConfig.initialize(DatabaseConfig.java:114)
	at org.frcpm.config.DatabaseConfig.initialize(DatabaseConfig.java:28)
	at org.frcpm.repositories.AttendanceRepositoryTest.setUp(AttendanceRepositoryTest.java:40)
	at java.base/jdk.internal.reflect.DirectMethodHandleAccessor.invoke(DirectMethodHandleAccessor.java:103)
	at java.base/java.lang.reflect.Method.invoke(Method.java:580)
	at org.junit.platform.commons.util.ReflectionUtils.invokeMethod(ReflectionUtils.java:728)
	at org.junit.jupiter.engine.execution.MethodInvocation.proceed(MethodInvocation.java:60)
	at org.junit.jupiter.engine.execution.InvocationInterceptorChain$ValidatingInvocation.proceed(InvocationInterceptorChain.java:131)
	at org.junit.jupiter.engine.extension.TimeoutExtension.intercept(TimeoutExtension.java:156)
	at org.junit.jupiter.engine.extension.TimeoutExtension.interceptLifecycleMethod(TimeoutExtension.java:128)
	at org.junit.jupiter.engine.extension.TimeoutExtension.interceptBeforeEachMethod(TimeoutExtension.java:78)
	at org.junit.jupiter.engine.execution.InterceptingExecutableInvoker$ReflectiveInterceptorCall.lambda$ofVoidMethod$0(InterceptingExecutableInvoker.java:103)
	at org.junit.jupiter.engine.execution.InterceptingExecutableInvoker.lambda$invoke$0(InterceptingExecutableInvoker.java:93)
	at org.junit.jupiter.engine.execution.InvocationInterceptorChain$InterceptedInvocation.proceed(InvocationInterceptorChain.java:106)
	at org.junit.jupiter.engine.execution.InvocationInterceptorChain.proceed(InvocationInterceptorChain.java:64)
	at org.junit.jupiter.engine.execution.InvocationInterceptorChain.chainAndInvoke(InvocationInterceptorChain.java:45)
	at org.junit.jupiter.engine.execution.InvocationInterceptorChain.invoke(InvocationInterceptorChain.java:37)
	at org.junit.jupiter.engine.execution.InterceptingExecutableInvoker.invoke(InterceptingExecutableInvoker.java:92)
	at org.junit.jupiter.engine.execution.InterceptingExecutableInvoker.invoke(InterceptingExecutableInvoker.java:86)
	at org.junit.jupiter.engine.descriptor.ClassBasedTestDescriptor.invokeMethodInExtensionContext(ClassBasedTestDescriptor.java:521)
	at org.junit.jupiter.engine.descriptor.ClassBasedTestDescriptor.lambda$synthesizeBeforeEachMethodAdapter$23(ClassBasedTestDescriptor.java:506)
	at org.junit.jupiter.engine.descriptor.TestMethodTestDescriptor.lambda$invokeBeforeEachMethods$3(TestMethodTestDescriptor.java:175)
	at org.junit.jupiter.engine.descriptor.TestMethodTestDescriptor.lambda$invokeBeforeMethodsOrCallbacksUntilExceptionOccurs$6(TestMethodTestDescriptor.java:203)
	at org.junit.platform.engine.support.hierarchical.ThrowableCollector.execute(ThrowableCollector.java:73)
	at org.junit.jupiter.engine.descriptor.TestMethodTestDescriptor.invokeBeforeMethodsOrCallbacksUntilExceptionOccurs(TestMethodTestDescriptor.java:203)
	at org.junit.jupiter.engine.descriptor.TestMethodTestDescriptor.invokeBeforeEachMethods(TestMethodTestDescriptor.java:172)
	at org.junit.jupiter.engine.descriptor.TestMethodTestDescriptor.execute(TestMethodTestDescriptor.java:135)
	at org.junit.jupiter.engine.descriptor.TestMethodTestDescriptor.execute(TestMethodTestDescriptor.java:69)
	at org.junit.platform.engine.support.hierarchical.NodeTestTask.lambda$executeRecursively$6(NodeTestTask.java:151)
	at org.junit.platform.engine.support.hierarchical.ThrowableCollector.execute(ThrowableCollector.java:73)
	at org.junit.platform.engine.support.hierarchical.NodeTestTask.lambda$executeRecursively$8(NodeTestTask.java:141)
	at org.junit.platform.engine.support.hierarchical.Node.around(Node.java:137)
	at org.junit.platform.engine.support.hierarchical.NodeTestTask.lambda$executeRecursively$9(NodeTestTask.java:139)
	at org.junit.platform.engine.support.hierarchical.ThrowableCollector.execute(ThrowableCollector.java:73)
	at org.junit.platform.engine.support.hierarchical.NodeTestTask.executeRecursively(NodeTestTask.java:138)
	at org.junit.platform.engine.support.hierarchical.NodeTestTask.execute(NodeTestTask.java:95)
	at java.base/java.util.ArrayList.forEach(ArrayList.java:1596)
	at org.junit.platform.engine.support.hierarchical.SameThreadHierarchicalTestExecutorService.invokeAll(SameThreadHierarchicalTestExecutorService.java:41)
	at org.junit.platform.engine.support.hierarchical.NodeTestTask.lambda$executeRecursively$6(NodeTestTask.java:155)
	at org.junit.platform.engine.support.hierarchical.ThrowableCollector.execute(ThrowableCollector.java:73)
	at org.junit.platform.engine.support.hierarchical.NodeTestTask.lambda$executeRecursively$8(NodeTestTask.java:141)
	at org.junit.platform.engine.support.hierarchical.Node.around(Node.java:137)
	at org.junit.platform.engine.support.hierarchical.NodeTestTask.lambda$executeRecursively$9(NodeTestTask.java:139)
	at org.junit.platform.engine.support.hierarchical.ThrowableCollector.execute(ThrowableCollector.java:73)
	at org.junit.platform.engine.support.hierarchical.NodeTestTask.executeRecursively(NodeTestTask.java:138)
	at org.junit.platform.engine.support.hierarchical.NodeTestTask.execute(NodeTestTask.java:95)
	at java.base/java.util.ArrayList.forEach(ArrayList.java:1596)
	at org.junit.platform.engine.support.hierarchical.SameThreadHierarchicalTestExecutorService.invokeAll(SameThreadHierarchicalTestExecutorService.java:41)
	at org.junit.platform.engine.support.hierarchical.NodeTestTask.lambda$executeRecursively$6(NodeTestTask.java:155)
	at org.junit.platform.engine.support.hierarchical.ThrowableCollector.execute(ThrowableCollector.java:73)
	at org.junit.platform.engine.support.hierarchical.NodeTestTask.lambda$executeRecursively$8(NodeTestTask.java:141)
	at org.junit.platform.engine.support.hierarchical.Node.around(Node.java:137)
	at org.junit.platform.engine.support.hierarchical.NodeTestTask.lambda$executeRecursively$9(NodeTestTask.java:139)
	at org.junit.platform.engine.support.hierarchical.ThrowableCollector.execute(ThrowableCollector.java:73)
	at org.junit.platform.engine.support.hierarchical.NodeTestTask.executeRecursively(NodeTestTask.java:138)
	at org.junit.platform.engine.support.hierarchical.NodeTestTask.execute(NodeTestTask.java:95)
	at org.junit.platform.engine.support.hierarchical.SameThreadHierarchicalTestExecutorService.submit(SameThreadHierarchicalTestExecutorService.java:35)
	at org.junit.platform.engine.support.hierarchical.HierarchicalTestExecutor.execute(HierarchicalTestExecutor.java:57)
	at org.junit.platform.engine.support.hierarchical.HierarchicalTestEngine.execute(HierarchicalTestEngine.java:54)
	at org.junit.platform.launcher.core.EngineExecutionOrchestrator.execute(EngineExecutionOrchestrator.java:198)
	at org.junit.platform.launcher.core.EngineExecutionOrchestrator.execute(EngineExecutionOrchestrator.java:169)
	at org.junit.platform.launcher.core.EngineExecutionOrchestrator.execute(EngineExecutionOrchestrator.java:93)
	at org.junit.platform.launcher.core.EngineExecutionOrchestrator.lambda$execute$0(EngineExecutionOrchestrator.java:58)
	at org.junit.platform.launcher.core.EngineExecutionOrchestrator.withInterceptedStreams(EngineExecutionOrchestrator.java:141)
	at org.junit.platform.launcher.core.EngineExecutionOrchestrator.execute(EngineExecutionOrchestrator.java:57)
	at org.junit.platform.launcher.core.DefaultLauncher.execute(DefaultLauncher.java:103)
	at org.junit.platform.launcher.core.DefaultLauncher.execute(DefaultLauncher.java:85)
	at org.junit.platform.launcher.core.DelegatingLauncher.execute(DelegatingLauncher.java:47)
	at org.apache.maven.surefire.junitplatform.LazyLauncher.execute(LazyLauncher.java:56)
	at org.apache.maven.surefire.junitplatform.JUnitPlatformProvider.execute(JUnitPlatformProvider.java:184)
	at org.apache.maven.surefire.junitplatform.JUnitPlatformProvider.invokeAllTests(JUnitPlatformProvider.java:148)
	at org.apache.maven.surefire.junitplatform.JUnitPlatformProvider.invoke(JUnitPlatformProvider.java:122)
	at org.apache.maven.surefire.booter.ForkedBooter.runSuitesInProcess(ForkedBooter.java:385)
	at org.apache.maven.surefire.booter.ForkedBooter.execute(ForkedBooter.java:162)
	at org.apache.maven.surefire.booter.ForkedBooter.run(ForkedBooter.java:507)
	at org.apache.maven.surefire.booter.ForkedBooter.main(ForkedBooter.java:495)
Caused by: java.lang.ClassNotFoundException: jakarta.el.ExpressionFactory
	... 97 common frames omitted
10:24:15.396 [main] DEBUG org.hibernate.boot.beanvalidation.TypeSafeActivator - Unable to acquire Bean Validation ValidatorFactory, skipping activation
10:24:15.398 [main] DEBUG org.hibernate.query.sqm.function.SqmFunctionRegistry - Registered SqmFunctionTemplate [NamedSqmFunctionTemplate(max)] under max; prior registration was null
10:24:15.398 [main] DEBUG org.hibernate.query.sqm.function.SqmFunctionRegistry - Registered SqmFunctionTemplate [NamedSqmFunctionTemplate(min)] under min; prior registration was null
10:24:15.398 [main] DEBUG org.hibernate.query.sqm.function.SqmFunctionRegistry - Registered SqmFunctionTemplate [NamedSqmFunctionTemplate(sum)] under sum; prior registration was null
10:24:15.398 [main] DEBUG org.hibernate.query.sqm.function.SqmFunctionRegistry - Registered SqmFunctionTemplate [NamedSqmFunctionTemplate(avg)] under avg; prior registration was null
10:24:15.398 [main] DEBUG org.hibernate.query.sqm.function.SqmFunctionRegistry - Registered SqmFunctionTemplate [org.hibernate.dialect.function.CountFunction@19e5048] under count; prior registration was null
10:24:15.398 [main] DEBUG org.hibernate.query.sqm.function.SqmFunctionRegistry - Registered SqmFunctionTemplate [org.hibernate.dialect.function.EveryAnyEmulation@d0e6db0] under every; prior registration was null
10:24:15.398 [main] DEBUG org.hibernate.query.sqm.function.SqmFunctionRegistry - Registered SqmFunctionTemplate [org.hibernate.dialect.function.EveryAnyEmulation@5753977b] under any; prior registration was null
10:24:15.398 [main] DEBUG org.hibernate.query.sqm.function.SqmFunctionRegistry - Registered SqmFunctionTemplate [NamedSqmFunctionTemplate(floor)] under floor; prior registration was null
10:24:15.398 [main] DEBUG org.hibernate.query.sqm.function.SqmFunctionRegistry - Registered SqmFunctionTemplate [NamedSqmFunctionTemplate(ceiling)] under ceiling; prior registration was null
10:24:15.398 [main] DEBUG org.hibernate.query.sqm.function.SqmFunctionRegistry - Registered SqmFunctionTemplate [NamedSqmFunctionTemplate(mod)] under mod; prior registration was null
10:24:15.398 [main] DEBUG org.hibernate.query.sqm.function.SqmFunctionRegistry - Registered SqmFunctionTemplate [NamedSqmFunctionTemplate(abs)] under abs; prior registration was null
10:24:15.398 [main] DEBUG org.hibernate.query.sqm.function.SqmFunctionRegistry - Registered SqmFunctionTemplate [NamedSqmFunctionTemplate(sign)] under sign; prior registration was null
10:24:15.398 [main] DEBUG org.hibernate.query.sqm.function.SqmFunctionRegistry - Registered SqmFunctionTemplate [NamedSqmFunctionTemplate(sqrt)] under sqrt; prior registration was null
10:24:15.398 [main] DEBUG org.hibernate.query.sqm.function.SqmFunctionRegistry - Registered SqmFunctionTemplate [NamedSqmFunctionTemplate(ln)] under ln; prior registration was null
10:24:15.398 [main] DEBUG org.hibernate.query.sqm.function.SqmFunctionRegistry - Registered SqmFunctionTemplate [NamedSqmFunctionTemplate(exp)] under exp; prior registration was null
10:24:15.398 [main] DEBUG org.hibernate.query.sqm.function.SqmFunctionRegistry - Registered SqmFunctionTemplate [NamedSqmFunctionTemplate(power)] under power; prior registration was null
10:24:15.398 [main] DEBUG org.hibernate.query.sqm.function.SqmFunctionRegistry - Registered SqmFunctionTemplate [NamedSqmFunctionTemplate(round)] under round; prior registration was null
10:24:15.398 [main] DEBUG org.hibernate.query.sqm.function.SqmFunctionRegistry - Registered SqmFunctionTemplate [NamedSqmFunctionTemplate(sin)] under sin; prior registration was null
10:24:15.398 [main] DEBUG org.hibernate.query.sqm.function.SqmFunctionRegistry - Registered SqmFunctionTemplate [NamedSqmFunctionTemplate(cos)] under cos; prior registration was null
10:24:15.398 [main] DEBUG org.hibernate.query.sqm.function.SqmFunctionRegistry - Registered SqmFunctionTemplate [NamedSqmFunctionTemplate(tan)] under tan; prior registration was null
10:24:15.398 [main] DEBUG org.hibernate.query.sqm.function.SqmFunctionRegistry - Registered SqmFunctionTemplate [NamedSqmFunctionTemplate(asin)] under asin; prior registration was null
10:24:15.398 [main] DEBUG org.hibernate.query.sqm.function.SqmFunctionRegistry - Registered SqmFunctionTemplate [NamedSqmFunctionTemplate(acos)] under acos; prior registration was null
10:24:15.398 [main] DEBUG org.hibernate.query.sqm.function.SqmFunctionRegistry - Registered SqmFunctionTemplate [NamedSqmFunctionTemplate(atan)] under atan; prior registration was null
10:24:15.398 [main] DEBUG org.hibernate.query.sqm.function.SqmFunctionRegistry - Registered SqmFunctionTemplate [NamedSqmFunctionTemplate(atan2)] under atan2; prior registration was null
10:24:15.398 [main] DEBUG org.hibernate.query.sqm.function.SqmFunctionRegistry - Registered SqmFunctionTemplate [org.hibernate.query.sqm.function.PatternBasedSqmFunctionDescriptor@3461ad50] under sinh; prior registration was null
10:24:15.398 [main] DEBUG org.hibernate.query.sqm.function.SqmFunctionRegistry - Registered SqmFunctionTemplate [org.hibernate.query.sqm.function.PatternBasedSqmFunctionDescriptor@470ea784] under cosh; prior registration was null
10:24:15.398 [main] DEBUG org.hibernate.query.sqm.function.SqmFunctionRegistry - Registered SqmFunctionTemplate [org.hibernate.query.sqm.function.PatternBasedSqmFunctionDescriptor@39132138] under tanh; prior registration was null
10:24:15.398 [main] DEBUG org.hibernate.query.sqm.function.SqmFunctionRegistry - Registered SqmFunctionTemplate [org.hibernate.query.sqm.function.PatternBasedSqmFunctionDescriptor@7230812e] under pi; prior registration was null
10:24:15.398 [main] DEBUG org.hibernate.query.sqm.function.SqmFunctionRegistry - Registered SqmFunctionTemplate [org.hibernate.query.sqm.function.PatternBasedSqmFunctionDescriptor@4b02b915] under log; prior registration was null
10:24:15.398 [main] DEBUG org.hibernate.query.sqm.function.SqmFunctionRegistry - Registered SqmFunctionTemplate [NamedSqmFunctionTemplate(coalesce)] under coalesce; prior registration was null
10:24:15.398 [main] DEBUG org.hibernate.query.sqm.function.SqmFunctionRegistry - Registered SqmFunctionTemplate [NamedSqmFunctionTemplate(nullif)] under nullif; prior registration was null
10:24:15.398 [main] DEBUG org.hibernate.query.sqm.function.SqmFunctionRegistry - Registered SqmFunctionTemplate [NamedSqmFunctionTemplate(left)] under left; prior registration was null
10:24:15.398 [main] DEBUG org.hibernate.query.sqm.function.SqmFunctionRegistry - Registered SqmFunctionTemplate [NamedSqmFunctionTemplate(right)] under right; prior registration was null
10:24:15.398 [main] DEBUG org.hibernate.query.sqm.function.SqmFunctionRegistry - Registered SqmFunctionTemplate [NamedSqmFunctionTemplate(replace)] under replace; prior registration was null
10:24:15.398 [main] DEBUG org.hibernate.query.sqm.function.SqmFunctionRegistry - Registered SqmFunctionTemplate [NamedSqmFunctionTemplate(concat)] under concat; prior registration was null
10:24:15.398 [main] DEBUG org.hibernate.query.sqm.function.SqmFunctionRegistry - Registered SqmFunctionTemplate [NamedSqmFunctionTemplate(lower)] under lower; prior registration was null
10:24:15.398 [main] DEBUG org.hibernate.query.sqm.function.SqmFunctionRegistry - Registered SqmFunctionTemplate [NamedSqmFunctionTemplate(upper)] under upper; prior registration was null
10:24:15.398 [main] DEBUG org.hibernate.query.sqm.function.SqmFunctionRegistry - Registered SqmFunctionTemplate [NamedSqmFunctionTemplate(substring)] under substring; prior registration was null
10:24:15.398 [main] DEBUG org.hibernate.query.sqm.function.SqmFunctionRegistry - Registered SqmFunctionTemplate [NamedSqmFunctionTemplate(locate)] under locate; prior registration was null
10:24:15.398 [main] DEBUG org.hibernate.query.sqm.function.SqmFunctionRegistry - Registered SqmFunctionTemplate [NamedSqmFunctionTemplate(character_length)] under character_length; prior registration was null
10:24:15.398 [main] DEBUG org.hibernate.query.sqm.function.SqmFunctionRegistry - Registering alternate key : length -> character_length
10:24:15.398 [main] DEBUG org.hibernate.query.sqm.function.SqmFunctionRegistry - Registered SqmFunctionTemplate [org.hibernate.dialect.function.LocatePositionEmulation@79021576] under position; prior registration was null
10:24:15.398 [main] DEBUG org.hibernate.query.sqm.function.SqmFunctionRegistry - Registered SqmFunctionTemplate [org.hibernate.dialect.function.InsertSubstringOverlayEmulation@59b8f18f] under overlay; prior registration was null
10:24:15.398 [main] DEBUG org.hibernate.query.sqm.function.SqmFunctionRegistry - Registered SqmFunctionTemplate [org.hibernate.dialect.function.TrimFunction@2ff73267] under trim; prior registration was null
10:24:15.398 [main] DEBUG org.hibernate.query.sqm.function.SqmFunctionRegistry - Registered SqmFunctionTemplate [org.hibernate.dialect.function.CastFunction@71e3ec9d] under cast; prior registration was null
10:24:15.398 [main] DEBUG org.hibernate.query.sqm.function.SqmFunctionRegistry - Registered SqmFunctionTemplate [org.hibernate.query.sqm.function.PatternBasedSqmFunctionDescriptor@18a3fe72] under collate; prior registration was null
10:24:15.398 [main] DEBUG org.hibernate.query.sqm.function.SqmFunctionRegistry - Registered SqmFunctionTemplate [org.hibernate.dialect.function.ExtractFunction@6094060] under extract; prior registration was null
10:24:15.398 [main] DEBUG org.hibernate.query.sqm.function.SqmFunctionRegistry - Registered SqmFunctionTemplate [NamedSqmFunctionTemplate(least)] under least; prior registration was null
10:24:15.398 [main] DEBUG org.hibernate.query.sqm.function.SqmFunctionRegistry - Registered SqmFunctionTemplate [NamedSqmFunctionTemplate(greatest)] under greatest; prior registration was null
10:24:15.398 [main] DEBUG org.hibernate.query.sqm.function.SqmFunctionRegistry - Registered SqmFunctionTemplate [org.hibernate.dialect.function.CoalesceIfnullEmulation@10fb3ecc] under ifnull; prior registration was null
10:24:15.398 [main] DEBUG org.hibernate.query.sqm.function.SqmFunctionRegistry - Registered SqmFunctionTemplate [NamedSqmFunctionTemplate(lpad)] under lpad; prior registration was null
10:24:15.398 [main] DEBUG org.hibernate.query.sqm.function.SqmFunctionRegistry - Registered SqmFunctionTemplate [NamedSqmFunctionTemplate(rpad)] under rpad; prior registration was null
10:24:15.398 [main] DEBUG org.hibernate.query.sqm.function.SqmFunctionRegistry - Registered SqmFunctionTemplate [org.hibernate.dialect.function.LpadRpadPadEmulation@7e92bf4a] under pad; prior registration was null
10:24:15.398 [main] DEBUG org.hibernate.query.sqm.function.SqmFunctionRegistry - Registered SqmFunctionTemplate [org.hibernate.dialect.function.CastStrEmulation@79c59e84] under str; prior registration was null
10:24:15.398 [main] DEBUG org.hibernate.query.sqm.function.SqmFunctionRegistry - Registered SqmFunctionTemplate [org.hibernate.dialect.function.FormatFunction@3503cb9c] under format; prior registration was null
10:24:15.398 [main] DEBUG org.hibernate.query.sqm.function.SqmFunctionRegistry - Registered SqmFunctionTemplate [org.hibernate.dialect.function.TimestampaddFunction@7cc79eae] under timestampadd; prior registration was null
10:24:15.399 [main] DEBUG org.hibernate.query.sqm.function.SqmFunctionRegistry - Registered SqmFunctionTemplate [org.hibernate.dialect.function.TimestampdiffFunction@17c40693] under timestampdiff; prior registration was null
10:24:15.399 [main] DEBUG org.hibernate.query.sqm.function.SqmFunctionRegistry - Registering alternate key : dateadd -> timestampadd
10:24:15.399 [main] DEBUG org.hibernate.query.sqm.function.SqmFunctionRegistry - Registering alternate key : datediff -> timestampdiff
10:24:15.399 [main] DEBUG org.hibernate.query.sqm.function.SqmFunctionRegistry - Registered SqmFunctionTemplate [org.hibernate.dialect.function.CurrentFunction@42209b51] under current_date; prior registration was null
10:24:15.399 [main] DEBUG org.hibernate.query.sqm.function.SqmFunctionRegistry - Registered SqmFunctionTemplate [org.hibernate.dialect.function.CurrentFunction@6954e7a2] under current_time; prior registration was null
10:24:15.399 [main] DEBUG org.hibernate.query.sqm.function.SqmFunctionRegistry - Registered SqmFunctionTemplate [org.hibernate.dialect.function.CurrentFunction@29a636c8] under current_timestamp; prior registration was null
10:24:15.399 [main] DEBUG org.hibernate.query.sqm.function.SqmFunctionRegistry - Registering alternate key : current date -> current_date
10:24:15.399 [main] DEBUG org.hibernate.query.sqm.function.SqmFunctionRegistry - Registering alternate key : current time -> current_time
10:24:15.399 [main] DEBUG org.hibernate.query.sqm.function.SqmFunctionRegistry - Registering alternate key : current timestamp -> current_timestamp
10:24:15.399 [main] DEBUG org.hibernate.query.sqm.function.SqmFunctionRegistry - Registered SqmFunctionTemplate [org.hibernate.dialect.function.CurrentFunction@1ee14df1] under local_date; prior registration was null
10:24:15.399 [main] DEBUG org.hibernate.query.sqm.function.SqmFunctionRegistry - Registered SqmFunctionTemplate [org.hibernate.dialect.function.CurrentFunction@585da76f] under local_time; prior registration was null
10:24:15.399 [main] DEBUG org.hibernate.query.sqm.function.SqmFunctionRegistry - Registered SqmFunctionTemplate [org.hibernate.dialect.function.CurrentFunction@16fa3231] under local_datetime; prior registration was null
10:24:15.399 [main] DEBUG org.hibernate.query.sqm.function.SqmFunctionRegistry - Registered SqmFunctionTemplate [org.hibernate.dialect.function.CurrentFunction@e724650] under offset_datetime; prior registration was null
10:24:15.399 [main] DEBUG org.hibernate.query.sqm.function.SqmFunctionRegistry - Registering alternate key : local date -> local_date
10:24:15.399 [main] DEBUG org.hibernate.query.sqm.function.SqmFunctionRegistry - Registering alternate key : local time -> local_time
10:24:15.399 [main] DEBUG org.hibernate.query.sqm.function.SqmFunctionRegistry - Registering alternate key : local datetime -> local_datetime
10:24:15.399 [main] DEBUG org.hibernate.query.sqm.function.SqmFunctionRegistry - Registering alternate key : offset datetime -> offset_datetime
10:24:15.399 [main] DEBUG org.hibernate.query.sqm.function.SqmFunctionRegistry - Registered SqmFunctionTemplate [org.hibernate.dialect.function.CurrentFunction@1ae80caa] under instant; prior registration was null
10:24:15.399 [main] DEBUG org.hibernate.query.sqm.function.SqmFunctionRegistry - Registering alternate key : current_instant -> instant
10:24:15.399 [main] DEBUG org.hibernate.query.sqm.function.SqmFunctionRegistry - Registered SqmFunctionTemplate [org.hibernate.dialect.function.SqlFunction@2f3bb647] under sql; prior registration was null
10:24:15.399 [main] DEBUG org.hibernate.query.sqm.function.SqmFunctionRegistry - Registered SqmFunctionTemplate [NamedSqmFunctionTemplate(max)] under max; prior registration was NamedSqmFunctionTemplate(max)
10:24:15.399 [main] DEBUG org.hibernate.query.sqm.function.SqmFunctionRegistry - Registered SqmFunctionTemplate [NamedSqmFunctionTemplate(min)] under min; prior registration was NamedSqmFunctionTemplate(min)
10:24:15.399 [main] DEBUG org.hibernate.query.sqm.function.SqmFunctionRegistry - Registered SqmFunctionTemplate [NamedSqmFunctionTemplate(sum)] under sum; prior registration was NamedSqmFunctionTemplate(sum)
10:24:15.399 [main] DEBUG org.hibernate.query.sqm.function.SqmFunctionRegistry - Registered SqmFunctionTemplate [NamedSqmFunctionTemplate(avg)] under avg; prior registration was NamedSqmFunctionTemplate(avg)
10:24:15.399 [main] DEBUG org.hibernate.query.sqm.function.SqmFunctionRegistry - Registered SqmFunctionTemplate [org.hibernate.dialect.function.CountFunction@6817722b] under count; prior registration was org.hibernate.dialect.function.CountFunction@19e5048
10:24:15.399 [main] DEBUG org.hibernate.query.sqm.function.SqmFunctionRegistry - Registered SqmFunctionTemplate [org.hibernate.dialect.function.AvgFunction@74cbe9bf] under avg; prior registration was NamedSqmFunctionTemplate(avg)
10:24:15.399 [main] DEBUG org.hibernate.query.sqm.function.SqmFunctionRegistry - Registered SqmFunctionTemplate [NamedSqmFunctionTemplate(pi)] under pi; prior registration was org.hibernate.query.sqm.function.PatternBasedSqmFunctionDescriptor@7230812e
10:24:15.399 [main] DEBUG org.hibernate.query.sqm.function.SqmFunctionRegistry - Registered SqmFunctionTemplate [NamedSqmFunctionTemplate(cot)] under cot; prior registration was null
10:24:15.399 [main] DEBUG org.hibernate.query.sqm.function.SqmFunctionRegistry - Registered SqmFunctionTemplate [NamedSqmFunctionTemplate(radians)] under radians; prior registration was null
10:24:15.399 [main] DEBUG org.hibernate.query.sqm.function.SqmFunctionRegistry - Registered SqmFunctionTemplate [NamedSqmFunctionTemplate(degrees)] under degrees; prior registration was null
10:24:15.399 [main] DEBUG org.hibernate.query.sqm.function.SqmFunctionRegistry - Registered SqmFunctionTemplate [NamedSqmFunctionTemplate(log10)] under log10; prior registration was null
10:24:15.399 [main] DEBUG org.hibernate.query.sqm.function.SqmFunctionRegistry - Registered SqmFunctionTemplate [org.hibernate.query.sqm.function.PatternBasedSqmFunctionDescriptor@2e1c36d0] under mod; prior registration was NamedSqmFunctionTemplate(mod)
10:24:15.399 [main] DEBUG org.hibernate.query.sqm.function.SqmFunctionRegistry - Registered SqmFunctionTemplate [NamedSqmFunctionTemplate(rand)] under rand; prior registration was null
10:24:15.399 [main] DEBUG org.hibernate.query.sqm.function.SqmFunctionRegistry - Registered SqmFunctionTemplate [NamedSqmFunctionTemplate(soundex)] under soundex; prior registration was null
10:24:15.399 [main] DEBUG org.hibernate.query.sqm.function.SqmFunctionRegistry - Registered SqmFunctionTemplate [NamedSqmFunctionTemplate(translate)] under translate; prior registration was null
10:24:15.399 [main] DEBUG org.hibernate.query.sqm.function.SqmFunctionRegistry - Registered SqmFunctionTemplate [NamedSqmFunctionTemplate(bitand)] under bitand; prior registration was null
10:24:15.399 [main] DEBUG org.hibernate.query.sqm.function.SqmFunctionRegistry - Registered SqmFunctionTemplate [NamedSqmFunctionTemplate(bitor)] under bitor; prior registration was null
10:24:15.399 [main] DEBUG org.hibernate.query.sqm.function.SqmFunctionRegistry - Registered SqmFunctionTemplate [NamedSqmFunctionTemplate(bitxor)] under bitxor; prior registration was null
10:24:15.399 [main] DEBUG org.hibernate.query.sqm.function.SqmFunctionRegistry - Registered SqmFunctionTemplate [NamedSqmFunctionTemplate(bitnot)] under bitnot; prior registration was null
10:24:15.399 [main] DEBUG org.hibernate.query.sqm.function.SqmFunctionRegistry - Registered SqmFunctionTemplate [NamedSqmFunctionTemplate(bit_and)] under bit_and; prior registration was null
10:24:15.399 [main] DEBUG org.hibernate.query.sqm.function.SqmFunctionRegistry - Registered SqmFunctionTemplate [NamedSqmFunctionTemplate(bit_or)] under bit_or; prior registration was null
10:24:15.399 [main] DEBUG org.hibernate.query.sqm.function.SqmFunctionRegistry - Registered SqmFunctionTemplate [NamedSqmFunctionTemplate(day)] under day; prior registration was null
10:24:15.399 [main] DEBUG org.hibernate.query.sqm.function.SqmFunctionRegistry - Registered SqmFunctionTemplate [NamedSqmFunctionTemplate(month)] under month; prior registration was null
10:24:15.399 [main] DEBUG org.hibernate.query.sqm.function.SqmFunctionRegistry - Registered SqmFunctionTemplate [NamedSqmFunctionTemplate(year)] under year; prior registration was null
10:24:15.399 [main] DEBUG org.hibernate.query.sqm.function.SqmFunctionRegistry - Registered SqmFunctionTemplate [NamedSqmFunctionTemplate(hour)] under hour; prior registration was null
10:24:15.399 [main] DEBUG org.hibernate.query.sqm.function.SqmFunctionRegistry - Registered SqmFunctionTemplate [NamedSqmFunctionTemplate(minute)] under minute; prior registration was null
10:24:15.399 [main] DEBUG org.hibernate.query.sqm.function.SqmFunctionRegistry - Registered SqmFunctionTemplate [NamedSqmFunctionTemplate(second)] under second; prior registration was null
10:24:15.399 [main] DEBUG org.hibernate.query.sqm.function.SqmFunctionRegistry - Registered SqmFunctionTemplate [NamedSqmFunctionTemplate(microsecond)] under microsecond; prior registration was null
10:24:15.399 [main] DEBUG org.hibernate.query.sqm.function.SqmFunctionRegistry - Registered SqmFunctionTemplate [NamedSqmFunctionTemplate(day_of_week)] under day_of_week; prior registration was null
10:24:15.399 [main] DEBUG org.hibernate.query.sqm.function.SqmFunctionRegistry - Registered SqmFunctionTemplate [NamedSqmFunctionTemplate(day_of_month)] under day_of_month; prior registration was null
10:24:15.399 [main] DEBUG org.hibernate.query.sqm.function.SqmFunctionRegistry - Registering alternate key : day -> day_of_month
10:24:15.399 [main] DEBUG org.hibernate.query.sqm.function.SqmFunctionRegistry - Registered SqmFunctionTemplate [NamedSqmFunctionTemplate(day_of_year)] under day_of_year; prior registration was null
10:24:15.399 [main] DEBUG org.hibernate.query.sqm.function.SqmFunctionRegistry - Registered SqmFunctionTemplate [NamedSqmFunctionTemplate(week)] under week; prior registration was null
10:24:15.399 [main] DEBUG org.hibernate.query.sqm.function.SqmFunctionRegistry - Registered SqmFunctionTemplate [NamedSqmFunctionTemplate(quarter)] under quarter; prior registration was null
10:24:15.399 [main] DEBUG org.hibernate.query.sqm.function.SqmFunctionRegistry - Registered SqmFunctionTemplate [NamedSqmFunctionTemplate(monthname)] under monthname; prior registration was null
10:24:15.399 [main] DEBUG org.hibernate.query.sqm.function.SqmFunctionRegistry - Registered SqmFunctionTemplate [NamedSqmFunctionTemplate(dayname)] under dayname; prior registration was null
10:24:15.399 [main] DEBUG org.hibernate.query.sqm.function.SqmFunctionRegistry - Registered SqmFunctionTemplate [NamedSqmFunctionTemplate(localtime)] under localtime; prior registration was null
10:24:15.399 [main] DEBUG org.hibernate.query.sqm.function.SqmFunctionRegistry - Registered SqmFunctionTemplate [NamedSqmFunctionTemplate(localtimestamp)] under localtimestamp; prior registration was null
10:24:15.399 [main] DEBUG org.hibernate.query.sqm.function.SqmFunctionRegistry - Registered SqmFunctionTemplate [NamedSqmFunctionTemplate(localtime)] under local_time; prior registration was org.hibernate.dialect.function.CurrentFunction@585da76f
10:24:15.399 [main] DEBUG org.hibernate.query.sqm.function.SqmFunctionRegistry - Registered SqmFunctionTemplate [NamedSqmFunctionTemplate(localtimestamp)] under local_datetime; prior registration was org.hibernate.dialect.function.CurrentFunction@16fa3231
10:24:15.399 [main] DEBUG org.hibernate.query.sqm.function.SqmFunctionRegistry - Registered SqmFunctionTemplate [org.hibernate.dialect.function.TruncFunction@5ce734da] under trunc; prior registration was null
10:24:15.399 [main] DEBUG org.hibernate.query.sqm.function.SqmFunctionRegistry - Registering alternate key : truncate -> trunc
10:24:15.399 [main] DEBUG org.hibernate.query.sqm.function.SqmFunctionRegistry - Registered SqmFunctionTemplate [org.hibernate.query.sqm.function.PatternBasedSqmFunctionDescriptor@f329347] under date_trunc; prior registration was null
10:24:15.399 [main] DEBUG org.hibernate.query.sqm.function.SqmFunctionRegistry - Registered SqmFunctionTemplate [NamedSqmFunctionTemplate(bit_length)] under bit_length; prior registration was null
10:24:15.399 [main] DEBUG org.hibernate.query.sqm.function.SqmFunctionRegistry - Registered SqmFunctionTemplate [NamedSqmFunctionTemplate(octet_length)] under octet_length; prior registration was null
10:24:15.399 [main] DEBUG org.hibernate.query.sqm.function.SqmFunctionRegistry - Registered SqmFunctionTemplate [NamedSqmFunctionTemplate(ascii)] under ascii; prior registration was null
10:24:15.399 [main] DEBUG org.hibernate.query.sqm.function.SqmFunctionRegistry - Registered SqmFunctionTemplate [NamedSqmFunctionTemplate(octet_length)] under octet_length; prior registration was NamedSqmFunctionTemplate(octet_length)
10:24:15.399 [main] DEBUG org.hibernate.query.sqm.function.SqmFunctionRegistry - Registered SqmFunctionTemplate [NamedSqmFunctionTemplate(space)] under space; prior registration was null
10:24:15.399 [main] DEBUG org.hibernate.query.sqm.function.SqmFunctionRegistry - Registered SqmFunctionTemplate [NamedSqmFunctionTemplate(repeat)] under repeat; prior registration was null
10:24:15.399 [main] DEBUG org.hibernate.query.sqm.function.SqmFunctionRegistry - Registered SqmFunctionTemplate [NamedSqmFunctionTemplate(char)] under char; prior registration was null
10:24:15.399 [main] DEBUG org.hibernate.query.sqm.function.SqmFunctionRegistry - Registering alternate key : chr -> char
10:24:15.399 [main] DEBUG org.hibernate.query.sqm.function.SqmFunctionRegistry - Registered SqmFunctionTemplate [NamedSqmFunctionTemplate(instr)] under instr; prior registration was null
10:24:15.399 [main] DEBUG org.hibernate.query.sqm.function.SqmFunctionRegistry - Registered SqmFunctionTemplate [NamedSqmFunctionTemplate(substr)] under substr; prior registration was null
10:24:15.399 [main] DEBUG org.hibernate.query.sqm.function.SqmFunctionRegistry - Registered SqmFunctionTemplate [org.hibernate.query.sqm.function.PatternBasedSqmFunctionDescriptor@249f050f] under position; prior registration was org.hibernate.dialect.function.LocatePositionEmulation@79021576
10:24:15.399 [main] DEBUG org.hibernate.query.sqm.function.SqmFunctionRegistry - Registered SqmFunctionTemplate [NamedSqmFunctionTemplate(ltrim)] under ltrim; prior registration was null
10:24:15.399 [main] DEBUG org.hibernate.query.sqm.function.SqmFunctionRegistry - Registered SqmFunctionTemplate [NamedSqmFunctionTemplate(rtrim)] under rtrim; prior registration was null
10:24:15.399 [main] DEBUG org.hibernate.query.sqm.function.SqmFunctionRegistry - Registered SqmFunctionTemplate [org.hibernate.query.sqm.function.PatternBasedSqmFunctionDescriptor@6bfa1dfa] under concat; prior registration was NamedSqmFunctionTemplate(concat)
10:24:15.399 [main] DEBUG org.hibernate.query.sqm.function.SqmFunctionRegistry - Registered SqmFunctionTemplate [NamedSqmFunctionTemplate(curtime)] under curtime; prior registration was null
10:24:15.399 [main] DEBUG org.hibernate.query.sqm.function.SqmFunctionRegistry - Registered SqmFunctionTemplate [NamedSqmFunctionTemplate(curdate)] under curdate; prior registration was null
10:24:15.399 [main] DEBUG org.hibernate.query.sqm.function.SqmFunctionRegistry - Registered SqmFunctionTemplate [NamedSqmFunctionTemplate(now)] under now; prior registration was null
10:24:15.399 [main] DEBUG org.hibernate.query.sqm.function.SqmFunctionRegistry - Registered SqmFunctionTemplate [NamedSqmFunctionTemplate(sysdate)] under sysdate; prior registration was null
10:24:15.399 [main] DEBUG org.hibernate.query.sqm.function.SqmFunctionRegistry - Registered SqmFunctionTemplate [NamedSqmFunctionTemplate(insert)] under insert; prior registration was null
10:24:15.399 [main] DEBUG org.hibernate.query.sqm.function.SqmFunctionRegistry - Registered SqmFunctionTemplate [NamedSqmFunctionTemplate(bool_and)] under bool_and; prior registration was null
10:24:15.399 [main] DEBUG org.hibernate.query.sqm.function.SqmFunctionRegistry - Registering alternate key : every -> bool_and
10:24:15.399 [main] DEBUG org.hibernate.query.sqm.function.SqmFunctionRegistry - Registered SqmFunctionTemplate [NamedSqmFunctionTemplate(bool_or)] under bool_or; prior registration was null
10:24:15.399 [main] DEBUG org.hibernate.query.sqm.function.SqmFunctionRegistry - Registering alternate key : any -> bool_or
10:24:15.399 [main] DEBUG org.hibernate.query.sqm.function.SqmFunctionRegistry - Registered SqmFunctionTemplate [NamedSqmFunctionTemplate(median)] under median; prior registration was null
10:24:15.399 [main] DEBUG org.hibernate.query.sqm.function.SqmFunctionRegistry - Registered SqmFunctionTemplate [NamedSqmFunctionTemplate(stddev_pop)] under stddev_pop; prior registration was null
10:24:15.399 [main] DEBUG org.hibernate.query.sqm.function.SqmFunctionRegistry - Registered SqmFunctionTemplate [NamedSqmFunctionTemplate(stddev_samp)] under stddev_samp; prior registration was null
10:24:15.399 [main] DEBUG org.hibernate.query.sqm.function.SqmFunctionRegistry - Registered SqmFunctionTemplate [NamedSqmFunctionTemplate(var_pop)] under var_pop; prior registration was null
10:24:15.399 [main] DEBUG org.hibernate.query.sqm.function.SqmFunctionRegistry - Registered SqmFunctionTemplate [NamedSqmFunctionTemplate(var_samp)] under var_samp; prior registration was null
10:24:15.399 [main] DEBUG org.hibernate.query.sqm.function.SqmFunctionRegistry - Registered SqmFunctionTemplate [org.hibernate.dialect.function.FormatFunction@edea5bb] under format; prior registration was org.hibernate.dialect.function.FormatFunction@3503cb9c
10:24:15.399 [main] DEBUG org.hibernate.query.sqm.function.SqmFunctionRegistry - Registered SqmFunctionTemplate [NamedSqmFunctionTemplate(rownum)] under rownum; prior registration was null
10:24:15.399 [main] DEBUG org.hibernate.query.sqm.function.SqmFunctionRegistry - Registered SqmFunctionTemplate [NamedSqmFunctionTemplate(row_number)] under row_number; prior registration was null
10:24:15.399 [main] DEBUG org.hibernate.query.sqm.function.SqmFunctionRegistry - Registered SqmFunctionTemplate [NamedSqmFunctionTemplate(lag)] under lag; prior registration was null
10:24:15.399 [main] DEBUG org.hibernate.query.sqm.function.SqmFunctionRegistry - Registered SqmFunctionTemplate [NamedSqmFunctionTemplate(lead)] under lead; prior registration was null
10:24:15.399 [main] DEBUG org.hibernate.query.sqm.function.SqmFunctionRegistry - Registered SqmFunctionTemplate [NamedSqmFunctionTemplate(first_value)] under first_value; prior registration was null
10:24:15.399 [main] DEBUG org.hibernate.query.sqm.function.SqmFunctionRegistry - Registered SqmFunctionTemplate [NamedSqmFunctionTemplate(last_value)] under last_value; prior registration was null
10:24:15.399 [main] DEBUG org.hibernate.query.sqm.function.SqmFunctionRegistry - Registered SqmFunctionTemplate [NamedSqmFunctionTemplate(nth_value)] under nth_value; prior registration was null
10:24:15.399 [main] DEBUG org.hibernate.query.sqm.function.SqmFunctionRegistry - Registered SqmFunctionTemplate [org.hibernate.dialect.function.ListaggFunction@15edb78c] under listagg; prior registration was null
10:24:15.399 [main] DEBUG org.hibernate.query.sqm.function.SqmFunctionRegistry - Registered SqmFunctionTemplate [org.hibernate.dialect.function.InverseDistributionFunction@49867f43] under mode; prior registration was null
10:24:15.399 [main] DEBUG org.hibernate.query.sqm.function.SqmFunctionRegistry - Registered SqmFunctionTemplate [org.hibernate.dialect.function.InverseDistributionFunction@72a8be44] under percentile_cont; prior registration was null
10:24:15.399 [main] DEBUG org.hibernate.query.sqm.function.SqmFunctionRegistry - Registered SqmFunctionTemplate [org.hibernate.dialect.function.InverseDistributionFunction@9202ed7] under percentile_disc; prior registration was null
10:24:15.399 [main] DEBUG org.hibernate.query.sqm.function.SqmFunctionRegistry - Registered SqmFunctionTemplate [org.hibernate.dialect.function.HypotheticalSetFunction@7109b9a8] under rank; prior registration was null
10:24:15.399 [main] DEBUG org.hibernate.query.sqm.function.SqmFunctionRegistry - Registered SqmFunctionTemplate [org.hibernate.dialect.function.HypotheticalSetFunction@b8fbcad] under dense_rank; prior registration was null
10:24:15.399 [main] DEBUG org.hibernate.query.sqm.function.SqmFunctionRegistry - Registered SqmFunctionTemplate [org.hibernate.dialect.function.HypotheticalSetFunction@3c627906] under percent_rank; prior registration was null
10:24:15.399 [main] DEBUG org.hibernate.query.sqm.function.SqmFunctionRegistry - Registered SqmFunctionTemplate [org.hibernate.dialect.function.HypotheticalSetFunction@34bcaecb] under cume_dist; prior registration was null
10:24:15.399 [main] DEBUG org.hibernate.query.sqm.function.SqmFunctionRegistry - Registered SqmFunctionTemplate [org.hibernate.dialect.function.array.ArrayConstructorFunction@8c4950d] under array; prior registration was null
10:24:15.399 [main] DEBUG org.hibernate.query.sqm.function.SqmFunctionRegistry - Registered SqmFunctionTemplate [org.hibernate.dialect.function.array.ArrayConstructorFunction@7ed83a6c] under array_list; prior registration was null
10:24:15.399 [main] DEBUG org.hibernate.query.sqm.function.SqmFunctionRegistry - Registered SqmFunctionTemplate [org.hibernate.dialect.function.array.ArrayAggFunction@51ddc6f8] under array_agg; prior registration was null
10:24:15.399 [main] DEBUG org.hibernate.query.sqm.function.SqmFunctionRegistry - Registered SqmFunctionTemplate [org.hibernate.dialect.function.array.H2ArrayPositionFunction@c6f0fe] under array_position; prior registration was null
10:24:15.399 [main] DEBUG org.hibernate.query.sqm.function.SqmFunctionRegistry - Registered SqmFunctionTemplate [org.hibernate.dialect.function.array.H2ArrayPositionsFunction@133225a0] under array_positions; prior registration was null
10:24:15.399 [main] DEBUG org.hibernate.query.sqm.function.SqmFunctionRegistry - Registered SqmFunctionTemplate [org.hibernate.dialect.function.array.H2ArrayPositionsFunction@1b919f4a] under array_positions_list; prior registration was null
10:24:15.399 [main] DEBUG org.hibernate.query.sqm.function.SqmFunctionRegistry - Registered SqmFunctionTemplate [org.hibernate.query.sqm.function.PatternBasedSqmFunctionDescriptor@400d3ef] under array_length; prior registration was null
10:24:15.399 [main] DEBUG org.hibernate.query.sqm.function.SqmFunctionRegistry - Registered SqmFunctionTemplate [org.hibernate.dialect.function.array.ArrayConcatFunction@69de9ea] under array_concat; prior registration was null
10:24:15.399 [main] DEBUG org.hibernate.query.sqm.function.SqmFunctionRegistry - Registered SqmFunctionTemplate [org.hibernate.dialect.function.array.ArrayConcatElementFunction@1431cc0a] under array_prepend; prior registration was null
10:24:15.399 [main] DEBUG org.hibernate.query.sqm.function.SqmFunctionRegistry - Registered SqmFunctionTemplate [org.hibernate.dialect.function.array.ArrayConcatElementFunction@3cd6a09] under array_append; prior registration was null
10:24:15.399 [main] DEBUG org.hibernate.query.sqm.function.SqmFunctionRegistry - Registered SqmFunctionTemplate [org.hibernate.dialect.function.array.H2ArrayContainsFunction@1504e34] under array_contains; prior registration was null
10:24:15.399 [main] DEBUG org.hibernate.query.sqm.function.SqmFunctionRegistry - Registered SqmFunctionTemplate [org.hibernate.dialect.function.array.H2ArrayContainsFunction@68eb354d] under array_contains_nullable; prior registration was null
10:24:15.400 [main] DEBUG org.hibernate.query.sqm.function.SqmFunctionRegistry - Registered SqmFunctionTemplate [org.hibernate.dialect.function.array.H2ArrayOverlapsFunction@7220e5c6] under array_overlaps; prior registration was null
10:24:15.400 [main] DEBUG org.hibernate.query.sqm.function.SqmFunctionRegistry - Registered SqmFunctionTemplate [org.hibernate.dialect.function.array.H2ArrayOverlapsFunction@1a5554a9] under array_overlaps_nullable; prior registration was null
10:24:15.400 [main] DEBUG org.hibernate.query.sqm.function.SqmFunctionRegistry - Registered SqmFunctionTemplate [org.hibernate.query.sqm.function.PatternBasedSqmFunctionDescriptor@19778839] under array_get; prior registration was null
10:24:15.400 [main] DEBUG org.hibernate.query.sqm.function.SqmFunctionRegistry - Registered SqmFunctionTemplate [org.hibernate.dialect.function.array.H2ArraySetFunction@28878707] under array_set; prior registration was null
10:24:15.400 [main] DEBUG org.hibernate.query.sqm.function.SqmFunctionRegistry - Registered SqmFunctionTemplate [org.hibernate.dialect.function.array.H2ArrayRemoveFunction@5dfc5904] under array_remove; prior registration was null
10:24:15.400 [main] DEBUG org.hibernate.query.sqm.function.SqmFunctionRegistry - Registered SqmFunctionTemplate [org.hibernate.dialect.function.array.H2ArrayRemoveIndexFunction@6d3cbe0e] under array_remove_index; prior registration was null
10:24:15.400 [main] DEBUG org.hibernate.query.sqm.function.SqmFunctionRegistry - Registered SqmFunctionTemplate [org.hibernate.query.sqm.function.PatternBasedSqmFunctionDescriptor@482fc5d0] under array_slice; prior registration was null
10:24:15.400 [main] DEBUG org.hibernate.query.sqm.function.SqmFunctionRegistry - Registered SqmFunctionTemplate [org.hibernate.dialect.function.array.H2ArrayReplaceFunction@5c84cc6d] under array_replace; prior registration was null
10:24:15.400 [main] DEBUG org.hibernate.query.sqm.function.SqmFunctionRegistry - Registered SqmFunctionTemplate [org.hibernate.query.sqm.function.PatternBasedSqmFunctionDescriptor@630f8a80] under array_trim; prior registration was null
10:24:15.400 [main] DEBUG org.hibernate.query.sqm.function.SqmFunctionRegistry - Registered SqmFunctionTemplate [org.hibernate.dialect.function.array.H2ArrayFillFunction@6b4b9421] under array_fill; prior registration was null
10:24:15.400 [main] DEBUG org.hibernate.query.sqm.function.SqmFunctionRegistry - Registered SqmFunctionTemplate [org.hibernate.dialect.function.array.H2ArrayFillFunction@5d7cdddd] under array_fill_list; prior registration was null
10:24:15.400 [main] DEBUG org.hibernate.query.sqm.function.SqmFunctionRegistry - Registered SqmFunctionTemplate [org.hibernate.dialect.function.array.H2ArrayToStringFunction@27e195bb] under array_to_string; prior registration was null
10:24:15.400 [main] DEBUG org.hibernate.HQL_FUNCTIONS - abs(NUMERIC arg)
10:24:15.400 [main] DEBUG org.hibernate.HQL_FUNCTIONS - Double acos(NUMERIC arg)
10:24:15.400 [main] DEBUG org.hibernate.HQL_FUNCTIONS - Boolean any(BOOLEAN predicate)
10:24:15.400 [main] DEBUG org.hibernate.HQL_FUNCTIONS - array( ... )
10:24:15.400 [main] DEBUG org.hibernate.HQL_FUNCTIONS - array_agg(arg)
10:24:15.400 [main] DEBUG org.hibernate.HQL_FUNCTIONS - array_append( ... )
10:24:15.400 [main] DEBUG org.hibernate.HQL_FUNCTIONS - array_concat( ... )
10:24:15.400 [main] DEBUG org.hibernate.HQL_FUNCTIONS - Boolean array_contains(ARRAY haystackArray, OBJECT needleElementOrArray)
10:24:15.400 [main] DEBUG org.hibernate.HQL_FUNCTIONS - Boolean array_contains_nullable(ARRAY haystackArray, OBJECT needleElementOrArray)
10:24:15.400 [main] DEBUG org.hibernate.HQL_FUNCTIONS - array_fill(OBJECT element, INTEGER elementCount)
10:24:15.400 [main] DEBUG org.hibernate.HQL_FUNCTIONS - array_fill_list(OBJECT element, INTEGER elementCount)
10:24:15.400 [main] DEBUG org.hibernate.HQL_FUNCTIONS - array_get(ARRAY array, INTEGER index)
10:24:15.400 [main] DEBUG org.hibernate.HQL_FUNCTIONS - Integer array_length(ARRAY array)
10:24:15.400 [main] DEBUG org.hibernate.HQL_FUNCTIONS - array_list( ... )
10:24:15.400 [main] DEBUG org.hibernate.HQL_FUNCTIONS - Boolean array_overlaps(ARRAY array0, OBJECT array1)
10:24:15.400 [main] DEBUG org.hibernate.HQL_FUNCTIONS - Boolean array_overlaps_nullable(ARRAY array0, OBJECT array1)
10:24:15.400 [main] DEBUG org.hibernate.HQL_FUNCTIONS - Integer array_position(ARRAY array, OBJECT element[, INTEGER startPosition])
10:24:15.400 [main] DEBUG org.hibernate.HQL_FUNCTIONS - int[] array_positions(ARRAY array, OBJECT element)
10:24:15.400 [main] DEBUG org.hibernate.HQL_FUNCTIONS - List array_positions_list(ARRAY array, OBJECT element)
10:24:15.400 [main] DEBUG org.hibernate.HQL_FUNCTIONS - array_prepend( ... )
10:24:15.400 [main] DEBUG org.hibernate.HQL_FUNCTIONS - array_remove( ... )
10:24:15.400 [main] DEBUG org.hibernate.HQL_FUNCTIONS - array_remove_index( ... )
10:24:15.400 [main] DEBUG org.hibernate.HQL_FUNCTIONS - array_replace( ... )
10:24:15.400 [main] DEBUG org.hibernate.HQL_FUNCTIONS - array_set( ... )
10:24:15.400 [main] DEBUG org.hibernate.HQL_FUNCTIONS - array_slice(ARRAY array, INTEGER start, INTEGER end)
10:24:15.400 [main] DEBUG org.hibernate.HQL_FUNCTIONS - String array_to_string( ... )
10:24:15.400 [main] DEBUG org.hibernate.HQL_FUNCTIONS - array_trim(ARRAY array, INTEGER elementsToRemove)
10:24:15.400 [main] DEBUG org.hibernate.HQL_FUNCTIONS - Integer ascii(STRING arg)
10:24:15.400 [main] DEBUG org.hibernate.HQL_FUNCTIONS - Double asin(NUMERIC arg)
10:24:15.400 [main] DEBUG org.hibernate.HQL_FUNCTIONS - Double atan(NUMERIC arg)
10:24:15.400 [main] DEBUG org.hibernate.HQL_FUNCTIONS - Double atan2(NUMERIC arg0, NUMERIC arg1)
10:24:15.400 [main] DEBUG org.hibernate.HQL_FUNCTIONS - avg(NUMERIC arg)
10:24:15.400 [main] DEBUG org.hibernate.HQL_FUNCTIONS - bit_and(arg)
10:24:15.400 [main] DEBUG org.hibernate.HQL_FUNCTIONS - Integer bit_length(STRING_OR_CLOB arg)
10:24:15.400 [main] DEBUG org.hibernate.HQL_FUNCTIONS - bit_or(arg)
10:24:15.400 [main] DEBUG org.hibernate.HQL_FUNCTIONS - bitand(arg0, arg1)
10:24:15.400 [main] DEBUG org.hibernate.HQL_FUNCTIONS - bitnot(arg)
10:24:15.400 [main] DEBUG org.hibernate.HQL_FUNCTIONS - bitor(arg0, arg1)
10:24:15.400 [main] DEBUG org.hibernate.HQL_FUNCTIONS - bitxor(arg0, arg1)
10:24:15.400 [main] DEBUG org.hibernate.HQL_FUNCTIONS - Boolean bool_and(BOOLEAN predicate)
10:24:15.400 [main] DEBUG org.hibernate.HQL_FUNCTIONS - Boolean bool_or(BOOLEAN predicate)
10:24:15.400 [main] DEBUG org.hibernate.HQL_FUNCTIONS - cast(arg as Type)
10:24:15.400 [main] DEBUG org.hibernate.HQL_FUNCTIONS - ceiling(NUMERIC arg)
10:24:15.400 [main] DEBUG org.hibernate.HQL_FUNCTIONS - Character char(INTEGER arg)
10:24:15.400 [main] DEBUG org.hibernate.HQL_FUNCTIONS - Integer character_length(STRING_OR_CLOB arg)
10:24:15.400 [main] DEBUG org.hibernate.HQL_FUNCTIONS - Character chr(INTEGER arg)
10:24:15.400 [main] DEBUG org.hibernate.HQL_FUNCTIONS - coalesce(arg0[, arg1[, ...]])
10:24:15.400 [main] DEBUG org.hibernate.HQL_FUNCTIONS - String collate(STRING string as COLLATION collation)
10:24:15.400 [main] DEBUG org.hibernate.HQL_FUNCTIONS - String concat(STRING string0[, STRING string1[, ...]])
10:24:15.400 [main] DEBUG org.hibernate.HQL_FUNCTIONS - Double cos(NUMERIC arg)
10:24:15.400 [main] DEBUG org.hibernate.HQL_FUNCTIONS - Double cosh(NUMERIC arg)
10:24:15.400 [main] DEBUG org.hibernate.HQL_FUNCTIONS - Double cot(NUMERIC arg)
10:24:15.400 [main] DEBUG org.hibernate.HQL_FUNCTIONS - Long count([distinct ]{arg|*})
10:24:15.400 [main] DEBUG org.hibernate.HQL_FUNCTIONS - Double cume_dist([arg0[, ...]])
10:24:15.400 [main] DEBUG org.hibernate.HQL_FUNCTIONS - Date curdate()
10:24:15.400 [main] DEBUG org.hibernate.HQL_FUNCTIONS - Date current date
10:24:15.400 [main] DEBUG org.hibernate.HQL_FUNCTIONS - Time current time
10:24:15.400 [main] DEBUG org.hibernate.HQL_FUNCTIONS - Timestamp current timestamp
10:24:15.400 [main] DEBUG org.hibernate.HQL_FUNCTIONS - Date current_date
10:24:15.400 [main] DEBUG org.hibernate.HQL_FUNCTIONS - Instant current_instant
10:24:15.400 [main] DEBUG org.hibernate.HQL_FUNCTIONS - Time current_time
10:24:15.400 [main] DEBUG org.hibernate.HQL_FUNCTIONS - Timestamp current_timestamp
10:24:15.400 [main] DEBUG org.hibernate.HQL_FUNCTIONS - Time curtime()
10:24:15.400 [main] DEBUG org.hibernate.HQL_FUNCTIONS - date_trunc(STRING field, TEMPORAL datetime)
10:24:15.400 [main] DEBUG org.hibernate.HQL_FUNCTIONS - dateadd(TEMPORAL_UNIT field, INTEGER magnitude, TEMPORAL datetime)
10:24:15.400 [main] DEBUG org.hibernate.HQL_FUNCTIONS - Long|Double datediff(TEMPORAL_UNIT field, TEMPORAL start, TEMPORAL end)
10:24:15.400 [main] DEBUG org.hibernate.HQL_FUNCTIONS - Integer day(DATE arg)
10:24:15.400 [main] DEBUG org.hibernate.HQL_FUNCTIONS - Integer day_of_month(DATE arg)
10:24:15.400 [main] DEBUG org.hibernate.HQL_FUNCTIONS - Integer day_of_week(DATE arg)
10:24:15.400 [main] DEBUG org.hibernate.HQL_FUNCTIONS - Integer day_of_year(DATE arg)
10:24:15.400 [main] DEBUG org.hibernate.HQL_FUNCTIONS - String dayname(DATE arg)
10:24:15.400 [main] DEBUG org.hibernate.HQL_FUNCTIONS - Double degrees(NUMERIC arg)
10:24:15.400 [main] DEBUG org.hibernate.HQL_FUNCTIONS - Long dense_rank([arg0[, ...]])
10:24:15.400 [main] DEBUG org.hibernate.HQL_FUNCTIONS - Boolean every(BOOLEAN predicate)
10:24:15.400 [main] DEBUG org.hibernate.HQL_FUNCTIONS - Double exp(NUMERIC arg)
10:24:15.400 [main] DEBUG org.hibernate.HQL_FUNCTIONS - extract(TEMPORAL_UNIT field from TEMPORAL arg)
10:24:15.400 [main] DEBUG org.hibernate.HQL_FUNCTIONS - first_valueANY value
10:24:15.400 [main] DEBUG org.hibernate.HQL_FUNCTIONS - floor(NUMERIC arg)
10:24:15.400 [main] DEBUG org.hibernate.HQL_FUNCTIONS - String format(TEMPORAL datetime as STRING pattern)
10:24:15.400 [main] DEBUG org.hibernate.HQL_FUNCTIONS - greatest(COMPARABLE arg0, COMPARABLE arg1[, arg2[, ...]])
10:24:15.400 [main] DEBUG org.hibernate.HQL_FUNCTIONS - Integer hour(TIME arg)
10:24:15.400 [main] DEBUG org.hibernate.HQL_FUNCTIONS - ifnull(arg0, arg1)
10:24:15.400 [main] DEBUG org.hibernate.HQL_FUNCTIONS - String insert(STRING string, INTEGER start, INTEGER length, STRING replacement)
10:24:15.400 [main] DEBUG org.hibernate.HQL_FUNCTIONS - Instant instant
10:24:15.400 [main] DEBUG org.hibernate.HQL_FUNCTIONS - Integer instr(STRING string, STRING pattern[, INTEGER start[, INTEGER occurrence]])
10:24:15.400 [main] DEBUG org.hibernate.HQL_FUNCTIONS - lagANY value[, INTEGER offset[, ANY default]]
10:24:15.400 [main] DEBUG org.hibernate.HQL_FUNCTIONS - last_valueANY value
10:24:15.400 [main] DEBUG org.hibernate.HQL_FUNCTIONS - leadANY value[, INTEGER offset[, ANY default]]
10:24:15.400 [main] DEBUG org.hibernate.HQL_FUNCTIONS - least(COMPARABLE arg0, COMPARABLE arg1[, arg2[, ...]])
10:24:15.400 [main] DEBUG org.hibernate.HQL_FUNCTIONS - String left(STRING string, INTEGER length)
10:24:15.400 [main] DEBUG org.hibernate.HQL_FUNCTIONS - Integer length(STRING_OR_CLOB arg)
10:24:15.400 [main] DEBUG org.hibernate.HQL_FUNCTIONS - String listagg(STRING arg0, STRING arg1)
10:24:15.400 [main] DEBUG org.hibernate.HQL_FUNCTIONS - Double ln(NUMERIC arg)
10:24:15.400 [main] DEBUG org.hibernate.HQL_FUNCTIONS - LocalDate local date
10:24:15.400 [main] DEBUG org.hibernate.HQL_FUNCTIONS - LocalDateTime local datetime
10:24:15.400 [main] DEBUG org.hibernate.HQL_FUNCTIONS - LocalTime local time
10:24:15.400 [main] DEBUG org.hibernate.HQL_FUNCTIONS - LocalDate local_date
10:24:15.400 [main] DEBUG org.hibernate.HQL_FUNCTIONS - LocalDateTime local_datetime
10:24:15.400 [main] DEBUG org.hibernate.HQL_FUNCTIONS - LocalTime local_time
10:24:15.400 [main] DEBUG org.hibernate.HQL_FUNCTIONS - Time localtime
10:24:15.400 [main] DEBUG org.hibernate.HQL_FUNCTIONS - Timestamp localtimestamp
10:24:15.400 [main] DEBUG org.hibernate.HQL_FUNCTIONS - Integer locate(STRING pattern, STRING string[, INTEGER start])
10:24:15.400 [main] DEBUG org.hibernate.HQL_FUNCTIONS - Double log(NUMERIC base, NUMERIC arg)
10:24:15.400 [main] DEBUG org.hibernate.HQL_FUNCTIONS - Double log10(NUMERIC arg)
10:24:15.400 [main] DEBUG org.hibernate.HQL_FUNCTIONS - String lower(STRING string)
10:24:15.400 [main] DEBUG org.hibernate.HQL_FUNCTIONS - String lpad(STRING string, INTEGER length[, STRING padding])
10:24:15.400 [main] DEBUG org.hibernate.HQL_FUNCTIONS - String ltrim(STRING string)
10:24:15.400 [main] DEBUG org.hibernate.HQL_FUNCTIONS - max(COMPARABLE arg)
10:24:15.400 [main] DEBUG org.hibernate.HQL_FUNCTIONS - Double median(NUMERIC arg)
10:24:15.400 [main] DEBUG org.hibernate.HQL_FUNCTIONS - Integer microsecond(TIME arg)
10:24:15.400 [main] DEBUG org.hibernate.HQL_FUNCTIONS - min(COMPARABLE arg)
10:24:15.400 [main] DEBUG org.hibernate.HQL_FUNCTIONS - Integer minute(TIME arg)
10:24:15.400 [main] DEBUG org.hibernate.HQL_FUNCTIONS - Integer mod(INTEGER arg0, INTEGER arg1)
10:24:15.400 [main] DEBUG org.hibernate.HQL_FUNCTIONS - mode()
10:24:15.400 [main] DEBUG org.hibernate.HQL_FUNCTIONS - Integer month(DATE arg)
10:24:15.400 [main] DEBUG org.hibernate.HQL_FUNCTIONS - String monthname(DATE arg)
10:24:15.400 [main] DEBUG org.hibernate.HQL_FUNCTIONS - Timestamp now()
10:24:15.400 [main] DEBUG org.hibernate.HQL_FUNCTIONS - nth_valueANY value, INTEGER nth
10:24:15.400 [main] DEBUG org.hibernate.HQL_FUNCTIONS - nullif(arg0, arg1)
10:24:15.400 [main] DEBUG org.hibernate.HQL_FUNCTIONS - Integer octet_length(STRING_OR_CLOB arg)
10:24:15.400 [main] DEBUG org.hibernate.HQL_FUNCTIONS - OffsetDateTime offset datetime
10:24:15.400 [main] DEBUG org.hibernate.HQL_FUNCTIONS - OffsetDateTime offset_datetime
10:24:15.400 [main] DEBUG org.hibernate.HQL_FUNCTIONS - String overlay(STRING string placing STRING replacement from INTEGER start[ for INTEGER length])
10:24:15.400 [main] DEBUG org.hibernate.HQL_FUNCTIONS - String pad(STRING string with INTEGER length {leading|trailing}[ STRING character])
10:24:15.400 [main] DEBUG org.hibernate.HQL_FUNCTIONS - Double percent_rank([arg0[, ...]])
10:24:15.400 [main] DEBUG org.hibernate.HQL_FUNCTIONS - percentile_cont(NUMERIC arg)
10:24:15.400 [main] DEBUG org.hibernate.HQL_FUNCTIONS - percentile_disc(NUMERIC arg)
10:24:15.400 [main] DEBUG org.hibernate.HQL_FUNCTIONS - Double pi
10:24:15.400 [main] DEBUG org.hibernate.HQL_FUNCTIONS - Integer position(STRING pattern in STRING string)
10:24:15.400 [main] DEBUG org.hibernate.HQL_FUNCTIONS - Double power(NUMERIC arg0, NUMERIC arg1)
10:24:15.400 [main] DEBUG org.hibernate.HQL_FUNCTIONS - Integer quarter(DATE arg)
10:24:15.400 [main] DEBUG org.hibernate.HQL_FUNCTIONS - Double radians(NUMERIC arg)
10:24:15.400 [main] DEBUG org.hibernate.HQL_FUNCTIONS - Double rand([INTEGER seed])
10:24:15.400 [main] DEBUG org.hibernate.HQL_FUNCTIONS - Long rank([arg0[, ...]])
10:24:15.400 [main] DEBUG org.hibernate.HQL_FUNCTIONS - String repeat(STRING string, INTEGER times)
10:24:15.400 [main] DEBUG org.hibernate.HQL_FUNCTIONS - String replace(STRING string, STRING pattern, STRING replacement)
10:24:15.400 [main] DEBUG org.hibernate.HQL_FUNCTIONS - String right(STRING string, INTEGER length)
10:24:15.400 [main] DEBUG org.hibernate.HQL_FUNCTIONS - round(NUMERIC number[, INTEGER places])
10:24:15.400 [main] DEBUG org.hibernate.HQL_FUNCTIONS - Long row_number()
10:24:15.400 [main] DEBUG org.hibernate.HQL_FUNCTIONS - Long rownum()
10:24:15.400 [main] DEBUG org.hibernate.HQL_FUNCTIONS - String rpad(STRING string, INTEGER length[, STRING padding])
10:24:15.400 [main] DEBUG org.hibernate.HQL_FUNCTIONS - String rtrim(STRING string)
10:24:15.400 [main] DEBUG org.hibernate.HQL_FUNCTIONS - Integer second(TIME arg)
10:24:15.400 [main] DEBUG org.hibernate.HQL_FUNCTIONS - Integer sign(NUMERIC arg)
10:24:15.400 [main] DEBUG org.hibernate.HQL_FUNCTIONS - Double sin(NUMERIC arg)
10:24:15.400 [main] DEBUG org.hibernate.HQL_FUNCTIONS - Double sinh(NUMERIC arg)
10:24:15.400 [main] DEBUG org.hibernate.HQL_FUNCTIONS - String soundex(arg)
10:24:15.400 [main] DEBUG org.hibernate.HQL_FUNCTIONS - String space(INTEGER arg)
10:24:15.400 [main] DEBUG org.hibernate.HQL_FUNCTIONS - Object sql
10:24:15.400 [main] DEBUG org.hibernate.HQL_FUNCTIONS - Double sqrt(NUMERIC arg)
10:24:15.400 [main] DEBUG org.hibernate.HQL_FUNCTIONS - Double stddev_pop(NUMERIC arg)
10:24:15.400 [main] DEBUG org.hibernate.HQL_FUNCTIONS - Double stddev_samp(NUMERIC arg)
10:24:15.400 [main] DEBUG org.hibernate.HQL_FUNCTIONS - String str(arg)
10:24:15.400 [main] DEBUG org.hibernate.HQL_FUNCTIONS - String substr(STRING string, INTEGER start[, INTEGER length])
10:24:15.400 [main] DEBUG org.hibernate.HQL_FUNCTIONS - String substring(STRING string{ from|,} INTEGER start[{ for|,} INTEGER length])
10:24:15.400 [main] DEBUG org.hibernate.HQL_FUNCTIONS - sum(arg)
10:24:15.400 [main] DEBUG org.hibernate.HQL_FUNCTIONS - Timestamp sysdate
10:24:15.400 [main] DEBUG org.hibernate.HQL_FUNCTIONS - Double tan(NUMERIC arg)
10:24:15.400 [main] DEBUG org.hibernate.HQL_FUNCTIONS - Double tanh(NUMERIC arg)
10:24:15.400 [main] DEBUG org.hibernate.HQL_FUNCTIONS - timestampadd(TEMPORAL_UNIT field, INTEGER magnitude, TEMPORAL datetime)
10:24:15.400 [main] DEBUG org.hibernate.HQL_FUNCTIONS - Long|Double timestampdiff(TEMPORAL_UNIT field, TEMPORAL start, TEMPORAL end)
10:24:15.400 [main] DEBUG org.hibernate.HQL_FUNCTIONS - String translate(STRING arg0, STRING arg1, STRING arg2)
10:24:15.400 [main] DEBUG org.hibernate.HQL_FUNCTIONS - String trim([[{leading|trailing|both} ][STRING arg0 ]from] STRING arg1)
10:24:15.400 [main] DEBUG org.hibernate.HQL_FUNCTIONS - trunc( ... )
10:24:15.400 [main] DEBUG org.hibernate.HQL_FUNCTIONS - truncate( ... )
10:24:15.400 [main] DEBUG org.hibernate.HQL_FUNCTIONS - String upper(STRING string)
10:24:15.400 [main] DEBUG org.hibernate.HQL_FUNCTIONS - Double var_pop(NUMERIC arg)
10:24:15.400 [main] DEBUG org.hibernate.HQL_FUNCTIONS - Double var_samp(NUMERIC arg)
10:24:15.400 [main] DEBUG org.hibernate.HQL_FUNCTIONS - Integer week(DATE arg)
10:24:15.400 [main] DEBUG org.hibernate.HQL_FUNCTIONS - Integer year(DATE arg)
10:24:15.400 [main] DEBUG org.hibernate.orm.query.plan.cache - Starting QueryInterpretationCache(2048)
10:24:15.400 [main] DEBUG org.hibernate.service.internal.SessionFactoryServiceRegistryImpl - EventListenerRegistry access via ServiceRegistry is deprecated.  Use `sessionFactory.getEventEngine().getListenerRegistry()` instead
10:24:15.400 [main] DEBUG org.hibernate.event.internal.EntityCopyObserverFactoryInitiator - Configured EntityCopyObserver strategy: disallow
10:24:15.402 [main] DEBUG org.hibernate.boot.internal.ClassLoaderAccessImpl - Not known whether passed class name [org.frcpm.models.Attendance] is safe
10:24:15.402 [main] DEBUG org.hibernate.boot.internal.ClassLoaderAccessImpl - No temp ClassLoader provided; using live ClassLoader for loading potentially unsafe class : org.frcpm.models.Attendance
10:24:15.408 [main] DEBUG org.hibernate.bytecode.internal.bytebuddy.BytecodeProviderImpl - HHH000513: Unable to create the ReflectionOptimizer for [org.frcpm.models.Attendance]: private accessor [arrivalTime]
10:24:15.409 [main] DEBUG org.hibernate.boot.internal.ClassLoaderAccessImpl - Not known whether passed class name [org.frcpm.models.Meeting] is safe
10:24:15.409 [main] DEBUG org.hibernate.boot.internal.ClassLoaderAccessImpl - No temp ClassLoader provided; using live ClassLoader for loading potentially unsafe class : org.frcpm.models.Meeting
10:24:15.419 [main] DEBUG org.hibernate.bytecode.internal.bytebuddy.BytecodeProviderImpl - HHH000513: Unable to create the ReflectionOptimizer for [org.frcpm.models.Meeting]: private accessor [attendances]
10:24:15.420 [main] DEBUG org.hibernate.boot.internal.ClassLoaderAccessImpl - Not known whether passed class name [org.frcpm.models.Subsystem] is safe
10:24:15.420 [main] DEBUG org.hibernate.boot.internal.ClassLoaderAccessImpl - No temp ClassLoader provided; using live ClassLoader for loading potentially unsafe class : org.frcpm.models.Subsystem
10:24:15.431 [main] DEBUG org.hibernate.bytecode.internal.bytebuddy.BytecodeProviderImpl - HHH000513: Unable to create the ReflectionOptimizer for [org.frcpm.models.Subsystem]: private accessor [description]
10:24:15.432 [main] DEBUG org.hibernate.boot.internal.ClassLoaderAccessImpl - Not known whether passed class name [org.frcpm.models.Component] is safe
10:24:15.432 [main] DEBUG org.hibernate.boot.internal.ClassLoaderAccessImpl - No temp ClassLoader provided; using live ClassLoader for loading potentially unsafe class : org.frcpm.models.Component
10:24:15.460 [main] DEBUG org.hibernate.bytecode.internal.bytebuddy.BytecodeProviderImpl - HHH000513: Unable to create the ReflectionOptimizer for [org.frcpm.models.Component]: private accessor [actualDelivery]
10:24:15.461 [main] DEBUG org.hibernate.boot.internal.ClassLoaderAccessImpl - Not known whether passed class name [org.frcpm.models.Milestone] is safe
10:24:15.461 [main] DEBUG org.hibernate.boot.internal.ClassLoaderAccessImpl - No temp ClassLoader provided; using live ClassLoader for loading potentially unsafe class : org.frcpm.models.Milestone
10:24:15.469 [main] DEBUG org.hibernate.bytecode.internal.bytebuddy.BytecodeProviderImpl - HHH000513: Unable to create the ReflectionOptimizer for [org.frcpm.models.Milestone]: private accessor [date]
10:24:15.469 [main] DEBUG org.hibernate.boot.internal.ClassLoaderAccessImpl - Not known whether passed class name [org.frcpm.models.Project] is safe
10:24:15.469 [main] DEBUG org.hibernate.boot.internal.ClassLoaderAccessImpl - No temp ClassLoader provided; using live ClassLoader for loading potentially unsafe class : org.frcpm.models.Project
10:24:15.479 [main] DEBUG org.hibernate.bytecode.internal.bytebuddy.BytecodeProviderImpl - HHH000513: Unable to create the ReflectionOptimizer for [org.frcpm.models.Project]: private accessor [description]
10:24:15.480 [main] DEBUG org.hibernate.boot.internal.ClassLoaderAccessImpl - Not known whether passed class name [org.frcpm.models.Subteam] is safe
10:24:15.480 [main] DEBUG org.hibernate.boot.internal.ClassLoaderAccessImpl - No temp ClassLoader provided; using live ClassLoader for loading potentially unsafe class : org.frcpm.models.Subteam
10:24:15.487 [main] DEBUG org.hibernate.bytecode.internal.bytebuddy.BytecodeProviderImpl - HHH000513: Unable to create the ReflectionOptimizer for [org.frcpm.models.Subteam]: private accessor [colorCode]
10:24:15.488 [main] DEBUG org.hibernate.boot.internal.ClassLoaderAccessImpl - Not known whether passed class name [org.frcpm.models.Task] is safe
10:24:15.488 [main] DEBUG org.hibernate.boot.internal.ClassLoaderAccessImpl - No temp ClassLoader provided; using live ClassLoader for loading potentially unsafe class : org.frcpm.models.Task
10:24:15.501 [FRC-PM-HikariCP housekeeper] DEBUG com.zaxxer.hikari.pool.HikariPool - FRC-PM-HikariCP - Before cleanup stats (total=1, active=0, idle=1, waiting=0)
10:24:15.502 [FRC-PM-HikariCP housekeeper] DEBUG com.zaxxer.hikari.pool.HikariPool - FRC-PM-HikariCP - After cleanup  stats (total=1, active=0, idle=1, waiting=0)
10:24:15.506 [FRC-PM-HikariCP connection adder] DEBUG com.zaxxer.hikari.pool.HikariPool - FRC-PM-HikariCP - Added connection conn17: url=jdbc:h2:file:C:\Users\dhiebert\.frcpm\frcpm user=SA
10:24:15.512 [main] DEBUG org.hibernate.bytecode.internal.bytebuddy.BytecodeProviderImpl - HHH000513: Unable to create the ReflectionOptimizer for [org.frcpm.models.Task]: private accessor [actualDurationSeconds]
10:24:15.513 [main] DEBUG org.hibernate.boot.internal.ClassLoaderAccessImpl - Not known whether passed class name [org.frcpm.models.TeamMember] is safe
10:24:15.513 [main] DEBUG org.hibernate.boot.internal.ClassLoaderAccessImpl - No temp ClassLoader provided; using live ClassLoader for loading potentially unsafe class : org.frcpm.models.TeamMember
10:24:15.526 [main] DEBUG org.hibernate.bytecode.internal.bytebuddy.BytecodeProviderImpl - HHH000513: Unable to create the ReflectionOptimizer for [org.frcpm.models.TeamMember]: private accessor [assignedTasks]
10:24:15.527 [main] DEBUG org.hibernate.orm.jdbc.mutation - Skipping collection row updates - org.frcpm.models.Task.assignedTo
10:24:15.527 [main] DEBUG org.hibernate.orm.jdbc.mutation - Skipping collection (re)creation - org.frcpm.models.Subsystem.tasks
10:24:15.527 [main] DEBUG org.hibernate.orm.jdbc.mutation - Skipping collection row deletions - org.frcpm.models.Subsystem.tasks
10:24:15.527 [main] DEBUG org.hibernate.orm.jdbc.mutation - Skipping collection removals - org.frcpm.models.Subsystem.tasks
10:24:15.527 [main] DEBUG org.hibernate.orm.jdbc.mutation - Skipping collection (re)creation - org.frcpm.models.Subteam.members
10:24:15.527 [main] DEBUG org.hibernate.orm.jdbc.mutation - Skipping collection row deletions - org.frcpm.models.Subteam.members
10:24:15.527 [main] DEBUG org.hibernate.orm.jdbc.mutation - Skipping collection removals - org.frcpm.models.Subteam.members
10:24:15.527 [main] DEBUG org.hibernate.orm.jdbc.mutation - Skipping collection (re)creation - org.frcpm.models.TeamMember.attendances
10:24:15.527 [main] DEBUG org.hibernate.orm.jdbc.mutation - Skipping collection row deletions - org.frcpm.models.TeamMember.attendances
10:24:15.527 [main] DEBUG org.hibernate.orm.jdbc.mutation - Skipping collection removals - org.frcpm.models.TeamMember.attendances
10:24:15.527 [main] DEBUG org.hibernate.orm.jdbc.mutation - Skipping collection row updates - org.frcpm.models.Task.requiredComponents
10:24:15.527 [main] DEBUG org.hibernate.orm.jdbc.mutation - Skipping collection (re)creation - org.frcpm.models.Subteam.subsystems
10:24:15.527 [main] DEBUG org.hibernate.orm.jdbc.mutation - Skipping collection row deletions - org.frcpm.models.Subteam.subsystems
10:24:15.527 [main] DEBUG org.hibernate.orm.jdbc.mutation - Skipping collection removals - org.frcpm.models.Subteam.subsystems
10:24:15.527 [main] DEBUG org.hibernate.orm.jdbc.mutation - Skipping collection row updates - org.frcpm.models.Task.preDependencies
10:24:15.527 [main] DEBUG org.hibernate.orm.jdbc.mutation - Skipping collection (re)creation - org.frcpm.models.Project.milestones
10:24:15.527 [main] DEBUG org.hibernate.orm.jdbc.mutation - Skipping collection row deletions - org.frcpm.models.Project.milestones
10:24:15.527 [main] DEBUG org.hibernate.orm.jdbc.mutation - Skipping collection removals - org.frcpm.models.Project.milestones
10:24:15.527 [main] DEBUG org.hibernate.orm.jdbc.mutation - Skipping collection inserts - org.frcpm.models.Component.requiredForTasks
10:24:15.527 [main] DEBUG org.hibernate.orm.jdbc.mutation - Skipping collection row updates - org.frcpm.models.Component.requiredForTasks
10:24:15.527 [main] DEBUG org.hibernate.orm.jdbc.mutation - Skipping collection row deletions - org.frcpm.models.Component.requiredForTasks
10:24:15.527 [main] DEBUG org.hibernate.orm.jdbc.mutation - Skipping collection removals - org.frcpm.models.Component.requiredForTasks
10:24:15.527 [main] DEBUG org.hibernate.orm.jdbc.mutation - Skipping collection (re)creation - org.frcpm.models.Project.meetings
10:24:15.527 [main] DEBUG org.hibernate.orm.jdbc.mutation - Skipping collection row deletions - org.frcpm.models.Project.meetings
10:24:15.527 [main] DEBUG org.hibernate.orm.jdbc.mutation - Skipping collection removals - org.frcpm.models.Project.meetings
10:24:15.527 [main] DEBUG org.hibernate.orm.jdbc.mutation - Skipping collection inserts - org.frcpm.models.TeamMember.assignedTasks
10:24:15.528 [main] DEBUG org.hibernate.orm.jdbc.mutation - Skipping collection row updates - org.frcpm.models.TeamMember.assignedTasks
10:24:15.528 [main] DEBUG org.hibernate.orm.jdbc.mutation - Skipping collection row deletions - org.frcpm.models.TeamMember.assignedTasks
10:24:15.528 [main] DEBUG org.hibernate.orm.jdbc.mutation - Skipping collection removals - org.frcpm.models.TeamMember.assignedTasks
10:24:15.528 [main] DEBUG org.hibernate.orm.jdbc.mutation - Skipping collection (re)creation - org.frcpm.models.Meeting.attendances
10:24:15.528 [main] DEBUG org.hibernate.orm.jdbc.mutation - Skipping collection row deletions - org.frcpm.models.Meeting.attendances
10:24:15.528 [main] DEBUG org.hibernate.orm.jdbc.mutation - Skipping collection removals - org.frcpm.models.Meeting.attendances
10:24:15.528 [main] DEBUG org.hibernate.orm.jdbc.mutation - Skipping collection inserts - org.frcpm.models.Task.postDependencies
10:24:15.528 [main] DEBUG org.hibernate.orm.jdbc.mutation - Skipping collection row updates - org.frcpm.models.Task.postDependencies
10:24:15.528 [main] DEBUG org.hibernate.orm.jdbc.mutation - Skipping collection row deletions - org.frcpm.models.Task.postDependencies
10:24:15.528 [main] DEBUG org.hibernate.orm.jdbc.mutation - Skipping collection removals - org.frcpm.models.Task.postDependencies
10:24:15.528 [main] DEBUG org.hibernate.orm.jdbc.mutation - Skipping collection (re)creation - org.frcpm.models.Project.tasks
10:24:15.528 [main] DEBUG org.hibernate.orm.jdbc.mutation - Skipping collection row deletions - org.frcpm.models.Project.tasks
10:24:15.528 [main] DEBUG org.hibernate.orm.jdbc.mutation - Skipping collection removals - org.frcpm.models.Project.tasks
10:24:15.532 [main] DEBUG org.hibernate.orm.model.mapping.creation - Starting post-init callbacks
10:24:15.532 [main] DEBUG org.hibernate.orm.model.mapping.creation - Starting PostInitCallbackEntry : To-one key - NavigableRole[org.frcpm.models.Attendance.meeting]
10:24:15.532 [main] DEBUG org.hibernate.orm.model.mapping.creation - Starting PostInitCallbackEntry : To-one key - NavigableRole[org.frcpm.models.Attendance.member]
10:24:15.532 [main] DEBUG org.hibernate.orm.model.mapping.creation - Starting PostInitCallbackEntry : Entity(org.frcpm.models.Attendance) `staticFetchableList` generator
10:24:15.532 [main] DEBUG org.hibernate.orm.model.mapping.creation - Starting PostInitCallbackEntry : PluralAttributeMapping( NavigableRole[org.frcpm.models.Meeting.attendances#{element}]) - element descriptor
10:24:15.532 [main] DEBUG org.hibernate.orm.model.mapping.creation - Starting PostInitCallbackEntry : PluralAttributeMapping(org.frcpm.models.Meeting.attendances)#finishInitialization
10:24:15.532 [main] DEBUG org.hibernate.orm.model.mapping.creation - Starting PostInitCallbackEntry : PluralAttributeMapping(org.frcpm.models.Meeting.attendances) - key descriptor
10:24:15.532 [main] DEBUG org.hibernate.orm.model.mapping.creation - Starting PostInitCallbackEntry : To-one key - NavigableRole[org.frcpm.models.Meeting.project]
10:24:15.532 [main] DEBUG org.hibernate.orm.model.mapping.creation - Starting PostInitCallbackEntry : Entity(org.frcpm.models.Meeting) `staticFetchableList` generator
10:24:15.532 [main] DEBUG org.hibernate.orm.model.mapping.creation - Starting PostInitCallbackEntry : To-one key - NavigableRole[org.frcpm.models.Subsystem.responsibleSubteam]
10:24:15.532 [main] DEBUG org.hibernate.orm.model.mapping.creation - Starting PostInitCallbackEntry : PluralAttributeMapping( NavigableRole[org.frcpm.models.Subsystem.tasks#{element}]) - element descriptor
10:24:15.532 [main] DEBUG org.hibernate.orm.model.mapping.creation - Starting PostInitCallbackEntry : PluralAttributeMapping(org.frcpm.models.Subsystem.tasks)#finishInitialization
10:24:15.532 [main] DEBUG org.hibernate.orm.model.mapping.creation - Starting PostInitCallbackEntry : PluralAttributeMapping(org.frcpm.models.Subsystem.tasks) - key descriptor
10:24:15.532 [main] DEBUG org.hibernate.orm.model.mapping.creation - Starting PostInitCallbackEntry : Entity(org.frcpm.models.Subsystem) `staticFetchableList` generator
10:24:15.532 [main] DEBUG org.hibernate.orm.model.mapping.creation - Starting PostInitCallbackEntry : PluralAttributeMapping( NavigableRole[org.frcpm.models.Component.requiredForTasks#{element}]) - element descriptor
10:24:15.532 [main] DEBUG org.hibernate.orm.model.mapping.creation - Starting PostInitCallbackEntry : PluralAttributeMapping(org.frcpm.models.Component.requiredForTasks)#finishInitialization
10:24:15.532 [main] DEBUG org.hibernate.orm.model.mapping.creation - Starting PostInitCallbackEntry : PluralAttributeMapping(org.frcpm.models.Component.requiredForTasks) - key descriptor
10:24:15.532 [main] DEBUG org.hibernate.orm.model.mapping.creation - Starting PostInitCallbackEntry : Entity(org.frcpm.models.Component) `staticFetchableList` generator
10:24:15.532 [main] DEBUG org.hibernate.orm.model.mapping.creation - Starting PostInitCallbackEntry : To-one key - NavigableRole[org.frcpm.models.Milestone.project]
10:24:15.532 [main] DEBUG org.hibernate.orm.model.mapping.creation - Starting PostInitCallbackEntry : Entity(org.frcpm.models.Milestone) `staticFetchableList` generator
10:24:15.532 [main] DEBUG org.hibernate.orm.model.mapping.creation - Starting PostInitCallbackEntry : PluralAttributeMapping( NavigableRole[org.frcpm.models.Project.meetings#{element}]) - element descriptor
10:24:15.532 [main] DEBUG org.hibernate.orm.model.mapping.creation - Starting PostInitCallbackEntry : PluralAttributeMapping(org.frcpm.models.Project.meetings)#finishInitialization
10:24:15.532 [main] DEBUG org.hibernate.orm.model.mapping.creation - Starting PostInitCallbackEntry : PluralAttributeMapping(org.frcpm.models.Project.meetings) - key descriptor
10:24:15.532 [main] DEBUG org.hibernate.orm.model.mapping.creation - Starting PostInitCallbackEntry : PluralAttributeMapping( NavigableRole[org.frcpm.models.Project.milestones#{element}]) - element descriptor
10:24:15.532 [main] DEBUG org.hibernate.orm.model.mapping.creation - Starting PostInitCallbackEntry : PluralAttributeMapping(org.frcpm.models.Project.milestones)#finishInitialization
10:24:15.532 [main] DEBUG org.hibernate.orm.model.mapping.creation - Starting PostInitCallbackEntry : PluralAttributeMapping(org.frcpm.models.Project.milestones) - key descriptor
10:24:15.532 [main] DEBUG org.hibernate.orm.model.mapping.creation - Starting PostInitCallbackEntry : PluralAttributeMapping( NavigableRole[org.frcpm.models.Project.tasks#{element}]) - element descriptor
10:24:15.532 [main] DEBUG org.hibernate.orm.model.mapping.creation - Starting PostInitCallbackEntry : PluralAttributeMapping(org.frcpm.models.Project.tasks)#finishInitialization
10:24:15.532 [main] DEBUG org.hibernate.orm.model.mapping.creation - Starting PostInitCallbackEntry : PluralAttributeMapping(org.frcpm.models.Project.tasks) - key descriptor
10:24:15.532 [main] DEBUG org.hibernate.orm.model.mapping.creation - Starting PostInitCallbackEntry : Entity(org.frcpm.models.Project) `staticFetchableList` generator
10:24:15.532 [main] DEBUG org.hibernate.orm.model.mapping.creation - Starting PostInitCallbackEntry : PluralAttributeMapping( NavigableRole[org.frcpm.models.Subteam.members#{element}]) - element descriptor
10:24:15.532 [main] DEBUG org.hibernate.orm.model.mapping.creation - Starting PostInitCallbackEntry : PluralAttributeMapping(org.frcpm.models.Subteam.members)#finishInitialization
10:24:15.532 [main] DEBUG org.hibernate.orm.model.mapping.creation - Starting PostInitCallbackEntry : PluralAttributeMapping(org.frcpm.models.Subteam.members) - key descriptor
10:24:15.532 [main] DEBUG org.hibernate.orm.model.mapping.creation - Starting PostInitCallbackEntry : PluralAttributeMapping( NavigableRole[org.frcpm.models.Subteam.subsystems#{element}]) - element descriptor
10:24:15.532 [main] DEBUG org.hibernate.orm.model.mapping.creation - Starting PostInitCallbackEntry : PluralAttributeMapping(org.frcpm.models.Subteam.subsystems)#finishInitialization
10:24:15.532 [main] DEBUG org.hibernate.orm.model.mapping.creation - Starting PostInitCallbackEntry : PluralAttributeMapping(org.frcpm.models.Subteam.subsystems) - key descriptor
10:24:15.532 [main] DEBUG org.hibernate.orm.model.mapping.creation - Starting PostInitCallbackEntry : Entity(org.frcpm.models.Subteam) `staticFetchableList` generator
10:24:15.532 [main] DEBUG org.hibernate.orm.model.mapping.creation - Starting PostInitCallbackEntry : PluralAttributeMapping( NavigableRole[org.frcpm.models.Task.assignedTo#{element}]) - element descriptor
10:24:15.532 [main] DEBUG org.hibernate.orm.model.mapping.creation - Starting PostInitCallbackEntry : PluralAttributeMapping(org.frcpm.models.Task.assignedTo)#finishInitialization
10:24:15.532 [main] DEBUG org.hibernate.orm.model.mapping.creation - Starting PostInitCallbackEntry : PluralAttributeMapping(org.frcpm.models.Task.assignedTo) - key descriptor
10:24:15.533 [main] DEBUG org.hibernate.orm.model.mapping.creation - Starting PostInitCallbackEntry : PluralAttributeMapping( NavigableRole[org.frcpm.models.Task.postDependencies#{element}]) - element descriptor
10:24:15.533 [main] DEBUG org.hibernate.orm.model.mapping.creation - Starting PostInitCallbackEntry : PluralAttributeMapping(org.frcpm.models.Task.postDependencies)#finishInitialization
10:24:15.533 [main] DEBUG org.hibernate.orm.model.mapping.creation - Starting PostInitCallbackEntry : PluralAttributeMapping(org.frcpm.models.Task.postDependencies) - key descriptor
10:24:15.533 [main] DEBUG org.hibernate.orm.model.mapping.creation - Starting PostInitCallbackEntry : PluralAttributeMapping( NavigableRole[org.frcpm.models.Task.preDependencies#{element}]) - element descriptor
10:24:15.533 [main] DEBUG org.hibernate.orm.model.mapping.creation - Starting PostInitCallbackEntry : PluralAttributeMapping(org.frcpm.models.Task.preDependencies)#finishInitialization
10:24:15.533 [main] DEBUG org.hibernate.orm.model.mapping.creation - Starting PostInitCallbackEntry : PluralAttributeMapping(org.frcpm.models.Task.preDependencies) - key descriptor
10:24:15.533 [main] DEBUG org.hibernate.orm.model.mapping.creation - Starting PostInitCallbackEntry : To-one key - NavigableRole[org.frcpm.models.Task.project]
10:24:15.533 [main] DEBUG org.hibernate.orm.model.mapping.creation - Starting PostInitCallbackEntry : PluralAttributeMapping( NavigableRole[org.frcpm.models.Task.requiredComponents#{element}]) - element descriptor
10:24:15.533 [main] DEBUG org.hibernate.orm.model.mapping.creation - Starting PostInitCallbackEntry : PluralAttributeMapping(org.frcpm.models.Task.requiredComponents)#finishInitialization
10:24:15.533 [main] DEBUG org.hibernate.orm.model.mapping.creation - Starting PostInitCallbackEntry : PluralAttributeMapping(org.frcpm.models.Task.requiredComponents) - key descriptor
10:24:15.533 [main] DEBUG org.hibernate.orm.model.mapping.creation - Starting PostInitCallbackEntry : To-one key - NavigableRole[org.frcpm.models.Task.subsystem]
10:24:15.533 [main] DEBUG org.hibernate.orm.model.mapping.creation - Starting PostInitCallbackEntry : Entity(org.frcpm.models.Task) `staticFetchableList` generator
10:24:15.533 [main] DEBUG org.hibernate.orm.model.mapping.creation - Starting PostInitCallbackEntry : PluralAttributeMapping( NavigableRole[org.frcpm.models.TeamMember.assignedTasks#{element}]) - element descriptor
10:24:15.533 [main] DEBUG org.hibernate.orm.model.mapping.creation - Starting PostInitCallbackEntry : PluralAttributeMapping(org.frcpm.models.TeamMember.assignedTasks)#finishInitialization
10:24:15.533 [main] DEBUG org.hibernate.orm.model.mapping.creation - Starting PostInitCallbackEntry : PluralAttributeMapping(org.frcpm.models.TeamMember.assignedTasks) - key descriptor
10:24:15.533 [main] DEBUG org.hibernate.orm.model.mapping.creation - Starting PostInitCallbackEntry : PluralAttributeMapping( NavigableRole[org.frcpm.models.TeamMember.attendances#{element}]) - element descriptor
10:24:15.533 [main] DEBUG org.hibernate.orm.model.mapping.creation - Starting PostInitCallbackEntry : PluralAttributeMapping(org.frcpm.models.TeamMember.attendances)#finishInitialization
10:24:15.533 [main] DEBUG org.hibernate.orm.model.mapping.creation - Starting PostInitCallbackEntry : PluralAttributeMapping(org.frcpm.models.TeamMember.attendances) - key descriptor
10:24:15.533 [main] DEBUG org.hibernate.orm.model.mapping.creation - Starting PostInitCallbackEntry : To-one key - NavigableRole[org.frcpm.models.TeamMember.subteam]
10:24:15.533 [main] DEBUG org.hibernate.orm.model.mapping.creation - Starting PostInitCallbackEntry : Entity(org.frcpm.models.TeamMember) `staticFetchableList` generator
10:24:15.533 [main] DEBUG org.hibernate.orm.model.mapping.creation - Starting PostInitCallbackEntry : PluralAttributeMapping( NavigableRole[org.frcpm.models.Meeting.attendances#{element}]) - element descriptor
10:24:15.533 [main] DEBUG org.hibernate.orm.model.mapping.creation - Starting PostInitCallbackEntry : PluralAttributeMapping( NavigableRole[org.frcpm.models.Subsystem.tasks#{element}]) - element descriptor
10:24:15.533 [main] DEBUG org.hibernate.orm.model.mapping.creation - Starting PostInitCallbackEntry : PluralAttributeMapping( NavigableRole[org.frcpm.models.Component.requiredForTasks#{element}]) - element descriptor
10:24:15.533 [main] DEBUG org.hibernate.orm.model.mapping.creation - Starting PostInitCallbackEntry : PluralAttributeMapping( NavigableRole[org.frcpm.models.Project.meetings#{element}]) - element descriptor
10:24:15.533 [main] DEBUG org.hibernate.orm.model.mapping.creation - Starting PostInitCallbackEntry : PluralAttributeMapping( NavigableRole[org.frcpm.models.Project.milestones#{element}]) - element descriptor
10:24:15.533 [main] DEBUG org.hibernate.orm.model.mapping.creation - Starting PostInitCallbackEntry : PluralAttributeMapping( NavigableRole[org.frcpm.models.Project.tasks#{element}]) - element descriptor
10:24:15.533 [main] DEBUG org.hibernate.orm.model.mapping.creation - Starting PostInitCallbackEntry : PluralAttributeMapping( NavigableRole[org.frcpm.models.Subteam.members#{element}]) - element descriptor
10:24:15.533 [main] DEBUG org.hibernate.orm.model.mapping.creation - Starting PostInitCallbackEntry : PluralAttributeMapping( NavigableRole[org.frcpm.models.Subteam.subsystems#{element}]) - element descriptor
10:24:15.533 [main] DEBUG org.hibernate.orm.model.mapping.creation - Starting PostInitCallbackEntry : PluralAttributeMapping( NavigableRole[org.frcpm.models.Task.postDependencies#{element}]) - element descriptor
10:24:15.533 [main] DEBUG org.hibernate.orm.model.mapping.creation - Starting PostInitCallbackEntry : PluralAttributeMapping( NavigableRole[org.frcpm.models.TeamMember.attendances#{element}]) - element descriptor
10:24:15.542 [main] DEBUG org.hibernate.orm.sql.ast.create - Created new SQL alias : a1_0
10:24:15.542 [main] DEBUG org.hibernate.orm.sql.ast.create - Registration of TableGroup [StandardTableGroup(org.frcpm.models.Attendance)] with identifierForTableGroup [org.frcpm.models.Attendance] for NavigablePath [org.frcpm.models.Attendance] 
10:24:15.542 [main] DEBUG org.hibernate.orm.sql.ast.create - Registration of TableGroup [org.hibernate.sql.ast.tree.from.LazyTableGroup@59b694ec] with identifierForTableGroup [org.frcpm.models.Attendance.meeting] for NavigablePath [org.frcpm.models.Attendance.meeting] 
10:24:15.543 [main] DEBUG org.hibernate.orm.sql.ast.create - Registration of TableGroup [org.hibernate.sql.ast.tree.from.LazyTableGroup@59f3cdc] with identifierForTableGroup [org.frcpm.models.Attendance.member] for NavigablePath [org.frcpm.models.Attendance.member] 
10:24:15.543 [main] DEBUG org.hibernate.orm.results.graph.AST - DomainResult Graph:
 \-EntityResultImpl [org.frcpm.models.Attendance]
 |  +-BasicFetch [org.frcpm.models.Attendance.arrivalTime]
 |  +-BasicFetch [org.frcpm.models.Attendance.departureTime]
 |  +-EntityDelayedFetchImpl [org.frcpm.models.Attendance.meeting]
 |  +-EntityDelayedFetchImpl [org.frcpm.models.Attendance.member]
 |  \-BasicFetch [org.frcpm.models.Attendance.present]

10:24:15.543 [main] DEBUG org.hibernate.orm.sql.ast.tree - SQL AST Tree:
    SelectStatement {
      FromClause {
        StandardTableGroup (a1 : org.frcpm.models.Attendance) {
          primaryTableReference : attendances as a1_0
          TableGroupJoins {
            left  join LazyTableGroup (m1 : org.frcpm.models.Attendance.meeting) {
            }
            left  join LazyTableGroup (m2 : org.frcpm.models.Attendance.member) {
            }
          }
        }
      }
    }

10:24:15.543 [main] DEBUG org.hibernate.persister.entity.AbstractEntityPersister - Static SQL for entity: org.frcpm.models.Attendance
10:24:15.543 [main] DEBUG org.hibernate.persister.entity.AbstractEntityPersister -  Version select: select id from attendances where id=?
10:24:15.543 [main] DEBUG org.hibernate.persister.entity.AbstractEntityPersister -  Insert (0): insert into attendances (arrival_time,departure_time,meeting_id,member_id,present,id) values (?,?,?,?,?,default)
10:24:15.543 [main] DEBUG org.hibernate.persister.entity.AbstractEntityPersister -  Update (0): update attendances set arrival_time=?,departure_time=?,meeting_id=?,member_id=?,present=? where id=?
10:24:15.543 [main] DEBUG org.hibernate.persister.entity.AbstractEntityPersister -  Delete (0): delete from attendances where id=?
10:24:15.543 [main] DEBUG org.hibernate.orm.sql.ast.create - Created new SQL alias : m1_0
10:24:15.543 [main] DEBUG org.hibernate.orm.sql.ast.create - Registration of TableGroup [StandardTableGroup(org.frcpm.models.Meeting)] with identifierForTableGroup [org.frcpm.models.Meeting] for NavigablePath [org.frcpm.models.Meeting] 
10:24:15.543 [main] DEBUG org.hibernate.orm.sql.ast.create - Registration of TableGroup [org.hibernate.sql.ast.tree.from.LazyTableGroup@3d408c00] with identifierForTableGroup [org.frcpm.models.Meeting.project] for NavigablePath [org.frcpm.models.Meeting.project] 
10:24:15.543 [main] DEBUG org.hibernate.orm.results.graph.AST - DomainResult Graph:
 \-EntityResultImpl [org.frcpm.models.Meeting]
 |  +-DelayedCollectionFetch [org.frcpm.models.Meeting.attendances]
 |  +-BasicFetch [org.frcpm.models.Meeting.date]
 |  +-BasicFetch [org.frcpm.models.Meeting.endTime]
 |  +-BasicFetch [org.frcpm.models.Meeting.notes]
 |  +-EntityDelayedFetchImpl [org.frcpm.models.Meeting.project]
 |  \-BasicFetch [org.frcpm.models.Meeting.startTime]

10:24:15.544 [main] DEBUG org.hibernate.orm.sql.ast.tree - SQL AST Tree:
    SelectStatement {
      FromClause {
        StandardTableGroup (m1 : org.frcpm.models.Meeting) {
          primaryTableReference : meetings as m1_0
          TableGroupJoins {
            left  join LazyTableGroup (p1 : org.frcpm.models.Meeting.project) {
            }
          }
        }
      }
    }

10:24:15.544 [main] DEBUG org.hibernate.persister.entity.AbstractEntityPersister - Static SQL for entity: org.frcpm.models.Meeting
10:24:15.544 [main] DEBUG org.hibernate.persister.entity.AbstractEntityPersister -  Version select: select id from meetings where id=?
10:24:15.544 [main] DEBUG org.hibernate.persister.entity.AbstractEntityPersister -  Insert (0): insert into meetings (date,end_time,notes,project_id,start_time,id) values (?,?,?,?,?,default)
10:24:15.544 [main] DEBUG org.hibernate.persister.entity.AbstractEntityPersister -  Update (0): update meetings set date=?,end_time=?,notes=?,project_id=?,start_time=? where id=?
10:24:15.544 [main] DEBUG org.hibernate.persister.entity.AbstractEntityPersister -  Delete (0): delete from meetings where id=?
10:24:15.544 [main] DEBUG org.hibernate.orm.sql.ast.create - Created new SQL alias : s1_0
10:24:15.544 [main] DEBUG org.hibernate.orm.sql.ast.create - Registration of TableGroup [StandardTableGroup(org.frcpm.models.Subsystem)] with identifierForTableGroup [org.frcpm.models.Subsystem] for NavigablePath [org.frcpm.models.Subsystem] 
10:24:15.544 [main] DEBUG org.hibernate.orm.sql.ast.create - Registration of TableGroup [org.hibernate.sql.ast.tree.from.LazyTableGroup@19c0a119] with identifierForTableGroup [org.frcpm.models.Subsystem.responsibleSubteam] for NavigablePath [org.frcpm.models.Subsystem.responsibleSubteam] 
10:24:15.544 [main] DEBUG org.hibernate.orm.results.graph.AST - DomainResult Graph:
 \-EntityResultImpl [org.frcpm.models.Subsystem]
 |  +-BasicFetch [org.frcpm.models.Subsystem.description]
 |  +-BasicFetch [org.frcpm.models.Subsystem.name]
 |  +-EntityDelayedFetchImpl [org.frcpm.models.Subsystem.responsibleSubteam]
 |  +-BasicFetch [org.frcpm.models.Subsystem.status]
 |  \-DelayedCollectionFetch [org.frcpm.models.Subsystem.tasks]

10:24:15.544 [main] DEBUG org.hibernate.orm.sql.ast.tree - SQL AST Tree:
    SelectStatement {
      FromClause {
        StandardTableGroup (s1 : org.frcpm.models.Subsystem) {
          primaryTableReference : subsystems as s1_0
          TableGroupJoins {
            left  join LazyTableGroup (rs1 : org.frcpm.models.Subsystem.responsibleSubteam) {
            }
          }
        }
      }
    }

10:24:15.544 [main] DEBUG org.hibernate.persister.entity.AbstractEntityPersister - Static SQL for entity: org.frcpm.models.Subsystem
10:24:15.544 [main] DEBUG org.hibernate.persister.entity.AbstractEntityPersister -  Version select: select id from subsystems where id=?
10:24:15.544 [main] DEBUG org.hibernate.persister.entity.AbstractEntityPersister -  Insert (0): insert into subsystems (description,name,responsible_subteam_id,status,id) values (?,?,?,?,default)
10:24:15.544 [main] DEBUG org.hibernate.persister.entity.AbstractEntityPersister -  Update (0): update subsystems set description=?,name=?,responsible_subteam_id=?,status=? where id=?
10:24:15.544 [main] DEBUG org.hibernate.persister.entity.AbstractEntityPersister -  Delete (0): delete from subsystems where id=?
10:24:15.544 [main] DEBUG org.hibernate.orm.sql.ast.create - Created new SQL alias : c1_0
10:24:15.544 [main] DEBUG org.hibernate.orm.sql.ast.create - Registration of TableGroup [StandardTableGroup(org.frcpm.models.Component)] with identifierForTableGroup [org.frcpm.models.Component] for NavigablePath [org.frcpm.models.Component] 
10:24:15.544 [main] DEBUG org.hibernate.orm.results.graph.AST - DomainResult Graph:
 \-EntityResultImpl [org.frcpm.models.Component]
 |  +-BasicFetch [org.frcpm.models.Component.actualDelivery]
 |  +-BasicFetch [org.frcpm.models.Component.delivered]
 |  +-BasicFetch [org.frcpm.models.Component.description]
 |  +-BasicFetch [org.frcpm.models.Component.expectedDelivery]
 |  +-BasicFetch [org.frcpm.models.Component.name]
 |  +-BasicFetch [org.frcpm.models.Component.partNumber]
 |  \-DelayedCollectionFetch [org.frcpm.models.Component.requiredForTasks]

10:24:15.544 [main] DEBUG org.hibernate.orm.sql.ast.tree - SQL AST Tree:
    SelectStatement {
      FromClause {
        StandardTableGroup (c1 : org.frcpm.models.Component) {
          primaryTableReference : components as c1_0
        }
      }
    }

10:24:15.544 [main] DEBUG org.hibernate.persister.entity.AbstractEntityPersister - Static SQL for entity: org.frcpm.models.Component
10:24:15.544 [main] DEBUG org.hibernate.persister.entity.AbstractEntityPersister -  Version select: select id from components where id=?
10:24:15.544 [main] DEBUG org.hibernate.persister.entity.AbstractEntityPersister -  Insert (0): insert into components (actual_delivery,is_delivered,description,expected_delivery,name,part_number,id) values (?,?,?,?,?,?,default)
10:24:15.544 [main] DEBUG org.hibernate.persister.entity.AbstractEntityPersister -  Update (0): update components set actual_delivery=?,is_delivered=?,description=?,expected_delivery=?,name=?,part_number=? where id=?
10:24:15.544 [main] DEBUG org.hibernate.persister.entity.AbstractEntityPersister -  Delete (0): delete from components where id=?
10:24:15.544 [main] DEBUG org.hibernate.orm.sql.ast.create - Created new SQL alias : m1_0
10:24:15.544 [main] DEBUG org.hibernate.orm.sql.ast.create - Registration of TableGroup [StandardTableGroup(org.frcpm.models.Milestone)] with identifierForTableGroup [org.frcpm.models.Milestone] for NavigablePath [org.frcpm.models.Milestone] 
10:24:15.544 [main] DEBUG org.hibernate.orm.sql.ast.create - Registration of TableGroup [org.hibernate.sql.ast.tree.from.LazyTableGroup@42e447f7] with identifierForTableGroup [org.frcpm.models.Milestone.project] for NavigablePath [org.frcpm.models.Milestone.project] 
10:24:15.545 [main] DEBUG org.hibernate.orm.results.graph.AST - DomainResult Graph:
 \-EntityResultImpl [org.frcpm.models.Milestone]
 |  +-BasicFetch [org.frcpm.models.Milestone.date]
 |  +-BasicFetch [org.frcpm.models.Milestone.description]
 |  +-BasicFetch [org.frcpm.models.Milestone.name]
 |  \-EntityDelayedFetchImpl [org.frcpm.models.Milestone.project]

10:24:15.545 [main] DEBUG org.hibernate.orm.sql.ast.tree - SQL AST Tree:
    SelectStatement {
      FromClause {
        StandardTableGroup (m1 : org.frcpm.models.Milestone) {
          primaryTableReference : milestones as m1_0
          TableGroupJoins {
            left  join LazyTableGroup (p1 : org.frcpm.models.Milestone.project) {
            }
          }
        }
      }
    }

10:24:15.545 [FRC-PM-HikariCP connection adder] DEBUG com.zaxxer.hikari.pool.HikariPool - FRC-PM-HikariCP - After adding stats (total=2, active=0, idle=2, waiting=0)
10:24:15.545 [main] DEBUG org.hibernate.persister.entity.AbstractEntityPersister - Static SQL for entity: org.frcpm.models.Milestone
10:24:15.545 [main] DEBUG org.hibernate.persister.entity.AbstractEntityPersister -  Version select: select id from milestones where id=?
10:24:15.545 [main] DEBUG org.hibernate.persister.entity.AbstractEntityPersister -  Insert (0): insert into milestones (date,description,name,project_id,id) values (?,?,?,?,default)
10:24:15.545 [main] DEBUG org.hibernate.persister.entity.AbstractEntityPersister -  Update (0): update milestones set date=?,description=?,name=?,project_id=? where id=?
10:24:15.545 [main] DEBUG org.hibernate.persister.entity.AbstractEntityPersister -  Delete (0): delete from milestones where id=?
10:24:15.545 [main] DEBUG org.hibernate.orm.sql.ast.create - Created new SQL alias : p1_0
10:24:15.545 [main] DEBUG org.hibernate.orm.sql.ast.create - Registration of TableGroup [StandardTableGroup(org.frcpm.models.Project)] with identifierForTableGroup [org.frcpm.models.Project] for NavigablePath [org.frcpm.models.Project] 
10:24:15.545 [main] DEBUG org.hibernate.orm.results.graph.AST - DomainResult Graph:
 \-EntityResultImpl [org.frcpm.models.Project]
 |  +-BasicFetch [org.frcpm.models.Project.description]
 |  +-BasicFetch [org.frcpm.models.Project.goalEndDate]
 |  +-BasicFetch [org.frcpm.models.Project.hardDeadline]
 |  +-DelayedCollectionFetch [org.frcpm.models.Project.meetings]
 |  +-DelayedCollectionFetch [org.frcpm.models.Project.milestones]
 |  +-BasicFetch [org.frcpm.models.Project.name]
 |  +-BasicFetch [org.frcpm.models.Project.startDate]
 |  \-DelayedCollectionFetch [org.frcpm.models.Project.tasks]

10:24:15.545 [main] DEBUG org.hibernate.orm.sql.ast.tree - SQL AST Tree:
    SelectStatement {
      FromClause {
        StandardTableGroup (p1 : org.frcpm.models.Project) {
          primaryTableReference : projects as p1_0
        }
      }
    }

10:24:15.545 [main] DEBUG org.hibernate.persister.entity.AbstractEntityPersister - Static SQL for entity: org.frcpm.models.Project
10:24:15.545 [main] DEBUG org.hibernate.persister.entity.AbstractEntityPersister -  Version select: select id from projects where id=?
10:24:15.545 [main] DEBUG org.hibernate.persister.entity.AbstractEntityPersister -  Insert (0): insert into projects (description,goal_end_date,hard_deadline,name,start_date,id) values (?,?,?,?,?,default)
10:24:15.545 [main] DEBUG org.hibernate.persister.entity.AbstractEntityPersister -  Update (0): update projects set description=?,goal_end_date=?,hard_deadline=?,name=?,start_date=? where id=?
10:24:15.545 [main] DEBUG org.hibernate.persister.entity.AbstractEntityPersister -  Delete (0): delete from projects where id=?
10:24:15.545 [main] DEBUG org.hibernate.orm.sql.ast.create - Created new SQL alias : s1_0
10:24:15.545 [main] DEBUG org.hibernate.orm.sql.ast.create - Registration of TableGroup [StandardTableGroup(org.frcpm.models.Subteam)] with identifierForTableGroup [org.frcpm.models.Subteam] for NavigablePath [org.frcpm.models.Subteam] 
10:24:15.545 [main] DEBUG org.hibernate.orm.results.graph.AST - DomainResult Graph:
 \-EntityResultImpl [org.frcpm.models.Subteam]
 |  +-BasicFetch [org.frcpm.models.Subteam.colorCode]
 |  +-DelayedCollectionFetch [org.frcpm.models.Subteam.members]
 |  +-BasicFetch [org.frcpm.models.Subteam.name]
 |  +-BasicFetch [org.frcpm.models.Subteam.specialties]
 |  \-DelayedCollectionFetch [org.frcpm.models.Subteam.subsystems]

10:24:15.545 [main] DEBUG org.hibernate.orm.sql.ast.tree - SQL AST Tree:
    SelectStatement {
      FromClause {
        StandardTableGroup (s1 : org.frcpm.models.Subteam) {
          primaryTableReference : subteams as s1_0
        }
      }
    }

10:24:15.545 [main] DEBUG org.hibernate.persister.entity.AbstractEntityPersister - Static SQL for entity: org.frcpm.models.Subteam
10:24:15.545 [main] DEBUG org.hibernate.persister.entity.AbstractEntityPersister -  Version select: select id from subteams where id=?
10:24:15.545 [main] DEBUG org.hibernate.persister.entity.AbstractEntityPersister -  Insert (0): insert into subteams (color_code,name,specialties,id) values (?,?,?,default)
10:24:15.545 [main] DEBUG org.hibernate.persister.entity.AbstractEntityPersister -  Update (0): update subteams set color_code=?,name=?,specialties=? where id=?
10:24:15.545 [main] DEBUG org.hibernate.persister.entity.AbstractEntityPersister -  Delete (0): delete from subteams where id=?
10:24:15.545 [main] DEBUG org.hibernate.orm.sql.ast.create - Created new SQL alias : t1_0
10:24:15.545 [main] DEBUG org.hibernate.orm.sql.ast.create - Registration of TableGroup [StandardTableGroup(org.frcpm.models.Task)] with identifierForTableGroup [org.frcpm.models.Task] for NavigablePath [org.frcpm.models.Task] 
10:24:15.546 [main] DEBUG org.hibernate.orm.sql.ast.create - Registration of TableGroup [org.hibernate.sql.ast.tree.from.LazyTableGroup@5c343766] with identifierForTableGroup [org.frcpm.models.Task.project] for NavigablePath [org.frcpm.models.Task.project] 
10:24:15.546 [main] DEBUG org.hibernate.orm.sql.ast.create - Registration of TableGroup [org.hibernate.sql.ast.tree.from.LazyTableGroup@6579e6f1] with identifierForTableGroup [org.frcpm.models.Task.subsystem] for NavigablePath [org.frcpm.models.Task.subsystem] 
10:24:15.546 [main] DEBUG org.hibernate.orm.results.graph.AST - DomainResult Graph:
 \-EntityResultImpl [org.frcpm.models.Task]
 |  +-BasicFetch [org.frcpm.models.Task.actualDurationSeconds]
 |  +-DelayedCollectionFetch [org.frcpm.models.Task.assignedTo]
 |  +-BasicFetch [org.frcpm.models.Task.completed]
 |  +-BasicFetch [org.frcpm.models.Task.description]
 |  +-BasicFetch [org.frcpm.models.Task.endDate]
 |  +-BasicFetch [org.frcpm.models.Task.estimatedDurationSeconds]
 |  +-DelayedCollectionFetch [org.frcpm.models.Task.postDependencies]
 |  +-DelayedCollectionFetch [org.frcpm.models.Task.preDependencies]
 |  +-BasicFetch [org.frcpm.models.Task.priority]
 |  +-BasicFetch [org.frcpm.models.Task.progress]
 |  +-EntityDelayedFetchImpl [org.frcpm.models.Task.project]
 |  +-DelayedCollectionFetch [org.frcpm.models.Task.requiredComponents]
 |  +-BasicFetch [org.frcpm.models.Task.startDate]
 |  +-EntityDelayedFetchImpl [org.frcpm.models.Task.subsystem]
 |  \-BasicFetch [org.frcpm.models.Task.title]

10:24:15.546 [main] DEBUG org.hibernate.orm.sql.ast.tree - SQL AST Tree:
    SelectStatement {
      FromClause {
        StandardTableGroup (t1 : org.frcpm.models.Task) {
          primaryTableReference : tasks as t1_0
          TableGroupJoins {
            left  join LazyTableGroup (p1 : org.frcpm.models.Task.project) {
            }
            left  join LazyTableGroup (s1 : org.frcpm.models.Task.subsystem) {
            }
          }
        }
      }
    }

10:24:15.546 [main] DEBUG org.hibernate.persister.entity.AbstractEntityPersister - Static SQL for entity: org.frcpm.models.Task
10:24:15.546 [main] DEBUG org.hibernate.persister.entity.AbstractEntityPersister -  Version select: select id from tasks where id=?
10:24:15.546 [main] DEBUG org.hibernate.persister.entity.AbstractEntityPersister -  Insert (0): insert into tasks (actual_duration_seconds,completed,description,end_date,estimated_duration_seconds,priority,progress,project_id,start_date,subsystem_id,title,id) values (?,?,?,?,?,?,?,?,?,?,?,default)
10:24:15.546 [main] DEBUG org.hibernate.persister.entity.AbstractEntityPersister -  Update (0): update tasks set actual_duration_seconds=?,completed=?,description=?,end_date=?,estimated_duration_seconds=?,priority=?,progress=?,project_id=?,start_date=?,subsystem_id=?,title=? where id=?
10:24:15.546 [main] DEBUG org.hibernate.persister.entity.AbstractEntityPersister -  Delete (0): delete from tasks where id=?
10:24:15.546 [main] DEBUG org.hibernate.orm.sql.ast.create - Created new SQL alias : tm1_0
10:24:15.546 [main] DEBUG org.hibernate.orm.sql.ast.create - Registration of TableGroup [StandardTableGroup(org.frcpm.models.TeamMember)] with identifierForTableGroup [org.frcpm.models.TeamMember] for NavigablePath [org.frcpm.models.TeamMember] 
10:24:15.546 [main] DEBUG org.hibernate.orm.sql.ast.create - Registration of TableGroup [org.hibernate.sql.ast.tree.from.LazyTableGroup@3bf9fd4] with identifierForTableGroup [org.frcpm.models.TeamMember.subteam] for NavigablePath [org.frcpm.models.TeamMember.subteam] 
10:24:15.546 [main] DEBUG org.hibernate.orm.results.graph.AST - DomainResult Graph:
 \-EntityResultImpl [org.frcpm.models.TeamMember]
 |  +-DelayedCollectionFetch [org.frcpm.models.TeamMember.assignedTasks]
 |  +-DelayedCollectionFetch [org.frcpm.models.TeamMember.attendances]
 |  +-BasicFetch [org.frcpm.models.TeamMember.email]
 |  +-BasicFetch [org.frcpm.models.TeamMember.firstName]
 |  +-BasicFetch [org.frcpm.models.TeamMember.lastName]
 |  +-BasicFetch [org.frcpm.models.TeamMember.leader]
 |  +-BasicFetch [org.frcpm.models.TeamMember.phone]
 |  +-BasicFetch [org.frcpm.models.TeamMember.skills]
 |  +-EntityDelayedFetchImpl [org.frcpm.models.TeamMember.subteam]
 |  \-BasicFetch [org.frcpm.models.TeamMember.username]

10:24:15.546 [main] DEBUG org.hibernate.orm.sql.ast.tree - SQL AST Tree:
    SelectStatement {
      FromClause {
        StandardTableGroup (tm1 : org.frcpm.models.TeamMember) {
          primaryTableReference : team_members as tm1_0
          TableGroupJoins {
            left  join LazyTableGroup (s1 : org.frcpm.models.TeamMember.subteam) {
            }
          }
        }
      }
    }

10:24:15.546 [main] DEBUG org.hibernate.persister.entity.AbstractEntityPersister - Static SQL for entity: org.frcpm.models.TeamMember
10:24:15.546 [main] DEBUG org.hibernate.persister.entity.AbstractEntityPersister -  Version select: select id from team_members where id=?
10:24:15.546 [main] DEBUG org.hibernate.persister.entity.AbstractEntityPersister -  Insert (0): insert into team_members (email,first_name,last_name,is_leader,phone,skills,subteam_id,username,id) values (?,?,?,?,?,?,?,?,default)
10:24:15.546 [main] DEBUG org.hibernate.persister.entity.AbstractEntityPersister -  Update (0): update team_members set email=?,first_name=?,last_name=?,is_leader=?,phone=?,skills=?,subteam_id=?,username=? where id=?
10:24:15.546 [main] DEBUG org.hibernate.persister.entity.AbstractEntityPersister -  Delete (0): delete from team_members where id=?
10:24:15.547 [main] DEBUG org.hibernate.orm.sql.ast.create - Created new SQL alias : at1_0
10:24:15.547 [main] DEBUG org.hibernate.orm.sql.ast.create - Registration of TableGroup [CollectionTableGroup(org.frcpm.models.Task.assignedTo)] with identifierForTableGroup [org.frcpm.models.Task.assignedTo] for NavigablePath [org.frcpm.models.Task.assignedTo] 
10:24:15.547 [main] DEBUG org.hibernate.orm.sql.ast.create - Registration of TableGroup [org.hibernate.sql.ast.tree.from.LazyTableGroup@324cb824] with identifierForTableGroup [org.frcpm.models.Task.assignedTo.{element}] for NavigablePath [org.frcpm.models.Task.assignedTo.{element}] 
10:24:15.547 [main] DEBUG org.hibernate.orm.sql.ast.create - Created new SQL alias : at1_1
10:24:15.547 [main] DEBUG org.hibernate.orm.sql.ast.create - Registration of TableGroup [org.hibernate.sql.ast.tree.from.LazyTableGroup@2454c879] with identifierForTableGroup [org.frcpm.models.Task.assignedTo.{element}.subteam] for NavigablePath [org.frcpm.models.Task.assignedTo.{element}.subteam] 
10:24:15.547 [main] DEBUG org.hibernate.orm.results.graph.AST - DomainResult Graph:
 \-CollectionDomainResult [org.frcpm.models.Task.assignedTo]

10:24:15.547 [main] DEBUG org.hibernate.orm.sql.ast.tree - SQL AST Tree:
    SelectStatement {
      FromClause {
        CollectionTableGroup (at1 : org.frcpm.models.Task.assignedTo) {
          primaryTableReference : task_assignments as at1_0
          TableGroupJoins {
             join LazyTableGroup (at1 : org.frcpm.models.Task.assignedTo.{element}) {
              primaryTableReference : team_members as at1_1
              TableGroupJoins {
                left  join LazyTableGroup (s1 : org.frcpm.models.Task.assignedTo.{element}.subteam) {
                }
              }
            }
          }
        }
      }
    }

10:24:15.547 [main] DEBUG org.hibernate.orm.jdbc.mutation - Static SQL for collection: org.frcpm.models.Task.assignedTo
10:24:15.547 [main] DEBUG org.hibernate.orm.jdbc.mutation -  Row insert: insert into task_assignments (task_id,team_member_id) values (?,?)
10:24:15.547 [main] DEBUG org.hibernate.orm.jdbc.mutation -  Row delete: delete from task_assignments where task_id=? and team_member_id=?
10:24:15.548 [main] DEBUG org.hibernate.orm.jdbc.mutation -  One-shot delete: delete from task_assignments where task_id=?
10:24:15.548 [main] DEBUG org.hibernate.orm.sql.ast.create - Created new SQL alias : t1_0
10:24:15.548 [main] DEBUG org.hibernate.orm.sql.ast.create - Registration of TableGroup [org.hibernate.sql.ast.tree.from.OneToManyTableGroup@5b8f7b88] with identifierForTableGroup [org.frcpm.models.Subsystem.tasks] for NavigablePath [org.frcpm.models.Subsystem.tasks] 
10:24:15.548 [main] DEBUG org.hibernate.orm.sql.ast.create - Registration of TableGroup [StandardTableGroup(org.frcpm.models.Subsystem.tasks.{element})] with identifierForTableGroup [org.frcpm.models.Subsystem.tasks.{element}] for NavigablePath [org.frcpm.models.Subsystem.tasks.{element}] 
10:24:15.548 [main] DEBUG org.hibernate.orm.sql.ast.create - Registration of TableGroup [org.hibernate.sql.ast.tree.from.LazyTableGroup@6c4cdba8] with identifierForTableGroup [org.frcpm.models.Subsystem.tasks.{element}.project] for NavigablePath [org.frcpm.models.Subsystem.tasks.{element}.project] 
10:24:15.548 [main] DEBUG org.hibernate.orm.sql.ast.create - Registration of TableGroup [org.hibernate.sql.ast.tree.from.LazyTableGroup@74849e17] with identifierForTableGroup [org.frcpm.models.Subsystem.tasks.{element}.subsystem] for NavigablePath [org.frcpm.models.Subsystem.tasks.{element}.subsystem] 
10:24:15.548 [main] DEBUG org.hibernate.orm.results.graph.AST - DomainResult Graph:
 \-CollectionDomainResult [org.frcpm.models.Subsystem.tasks]

10:24:15.548 [main] DEBUG org.hibernate.orm.sql.ast.tree - SQL AST Tree:
    SelectStatement {
      FromClause {
        OneToManyTableGroup (t1 : org.frcpm.models.Subsystem.tasks) {
          primaryTableReference : tasks as t1_0
          TableGroupJoins {
            left  join LazyTableGroup (p1 : org.frcpm.models.Subsystem.tasks.{element}.project) {
            }
            left  join LazyTableGroup (s1 : org.frcpm.models.Subsystem.tasks.{element}.subsystem) {
            }
          }
        }
      }
    }

10:24:15.549 [main] DEBUG org.hibernate.orm.jdbc.mutation - Static SQL for collection: org.frcpm.models.Subsystem.tasks
10:24:15.549 [main] DEBUG org.hibernate.orm.sql.ast.create - Created new SQL alias : m1_0
10:24:15.549 [main] DEBUG org.hibernate.orm.sql.ast.create - Registration of TableGroup [org.hibernate.sql.ast.tree.from.OneToManyTableGroup@5e6ce889] with identifierForTableGroup [org.frcpm.models.Subteam.members] for NavigablePath [org.frcpm.models.Subteam.members] 
10:24:15.549 [main] DEBUG org.hibernate.orm.sql.ast.create - Registration of TableGroup [StandardTableGroup(org.frcpm.models.Subteam.members.{element})] with identifierForTableGroup [org.frcpm.models.Subteam.members.{element}] for NavigablePath [org.frcpm.models.Subteam.members.{element}] 
10:24:15.549 [main] DEBUG org.hibernate.orm.sql.ast.create - Registration of TableGroup [org.hibernate.sql.ast.tree.from.LazyTableGroup@2dcb7d8f] with identifierForTableGroup [org.frcpm.models.Subteam.members.{element}.subteam] for NavigablePath [org.frcpm.models.Subteam.members.{element}.subteam] 
10:24:15.549 [main] DEBUG org.hibernate.orm.results.graph.AST - DomainResult Graph:
 \-CollectionDomainResult [org.frcpm.models.Subteam.members]

10:24:15.549 [main] DEBUG org.hibernate.orm.sql.ast.tree - SQL AST Tree:
    SelectStatement {
      FromClause {
        OneToManyTableGroup (m1 : org.frcpm.models.Subteam.members) {
          primaryTableReference : team_members as m1_0
          TableGroupJoins {
            left  join LazyTableGroup (s1 : org.frcpm.models.Subteam.members.{element}.subteam) {
            }
          }
        }
      }
    }

10:24:15.549 [main] DEBUG org.hibernate.orm.jdbc.mutation - Static SQL for collection: org.frcpm.models.Subteam.members
10:24:15.549 [main] DEBUG org.hibernate.orm.sql.ast.create - Created new SQL alias : a1_0
10:24:15.550 [main] DEBUG org.hibernate.orm.sql.ast.create - Registration of TableGroup [org.hibernate.sql.ast.tree.from.OneToManyTableGroup@1632cbd6] with identifierForTableGroup [org.frcpm.models.TeamMember.attendances] for NavigablePath [org.frcpm.models.TeamMember.attendances] 
10:24:15.550 [main] DEBUG org.hibernate.orm.sql.ast.create - Registration of TableGroup [StandardTableGroup(org.frcpm.models.TeamMember.attendances.{element})] with identifierForTableGroup [org.frcpm.models.TeamMember.attendances.{element}] for NavigablePath [org.frcpm.models.TeamMember.attendances.{element}] 
10:24:15.550 [main] DEBUG org.hibernate.orm.sql.ast.create - Registration of TableGroup [org.hibernate.sql.ast.tree.from.LazyTableGroup@2f234139] with identifierForTableGroup [org.frcpm.models.TeamMember.attendances.{element}.meeting] for NavigablePath [org.frcpm.models.TeamMember.attendances.{element}.meeting] 
10:24:15.550 [main] DEBUG org.hibernate.orm.sql.ast.create - Registration of TableGroup [org.hibernate.sql.ast.tree.from.LazyTableGroup@5dc9c06c] with identifierForTableGroup [org.frcpm.models.TeamMember.attendances.{element}.member] for NavigablePath [org.frcpm.models.TeamMember.attendances.{element}.member] 
10:24:15.550 [main] DEBUG org.hibernate.orm.results.graph.AST - DomainResult Graph:
 \-CollectionDomainResult [org.frcpm.models.TeamMember.attendances]

10:24:15.551 [main] DEBUG org.hibernate.orm.sql.ast.tree - SQL AST Tree:
    SelectStatement {
      FromClause {
        OneToManyTableGroup (a1 : org.frcpm.models.TeamMember.attendances) {
          primaryTableReference : attendances as a1_0
          TableGroupJoins {
            left  join LazyTableGroup (m1 : org.frcpm.models.TeamMember.attendances.{element}.meeting) {
            }
            left  join LazyTableGroup (m2 : org.frcpm.models.TeamMember.attendances.{element}.member) {
            }
          }
        }
      }
    }

10:24:15.551 [main] DEBUG org.hibernate.orm.jdbc.mutation - Static SQL for collection: org.frcpm.models.TeamMember.attendances
10:24:15.551 [main] DEBUG org.hibernate.orm.sql.ast.create - Created new SQL alias : rc1_0
10:24:15.551 [main] DEBUG org.hibernate.orm.sql.ast.create - Registration of TableGroup [CollectionTableGroup(org.frcpm.models.Task.requiredComponents)] with identifierForTableGroup [org.frcpm.models.Task.requiredComponents] for NavigablePath [org.frcpm.models.Task.requiredComponents] 
10:24:15.551 [main] DEBUG org.hibernate.orm.sql.ast.create - Registration of TableGroup [org.hibernate.sql.ast.tree.from.LazyTableGroup@683a646c] with identifierForTableGroup [org.frcpm.models.Task.requiredComponents.{element}] for NavigablePath [org.frcpm.models.Task.requiredComponents.{element}] 
10:24:15.551 [main] DEBUG org.hibernate.orm.sql.ast.create - Created new SQL alias : rc1_1
10:24:15.551 [main] DEBUG org.hibernate.orm.results.graph.AST - DomainResult Graph:
 \-CollectionDomainResult [org.frcpm.models.Task.requiredComponents]

10:24:15.551 [main] DEBUG org.hibernate.orm.sql.ast.tree - SQL AST Tree:
    SelectStatement {
      FromClause {
        CollectionTableGroup (rc1 : org.frcpm.models.Task.requiredComponents) {
          primaryTableReference : task_components as rc1_0
          TableGroupJoins {
             join LazyTableGroup (rc1 : org.frcpm.models.Task.requiredComponents.{element}) {
              primaryTableReference : components as rc1_1
            }
          }
        }
      }
    }

10:24:15.552 [main] DEBUG org.hibernate.orm.jdbc.mutation - Static SQL for collection: org.frcpm.models.Task.requiredComponents
10:24:15.552 [main] DEBUG org.hibernate.orm.jdbc.mutation -  Row insert: insert into task_components (task_id,component_id) values (?,?)
10:24:15.552 [main] DEBUG org.hibernate.orm.jdbc.mutation -  Row delete: delete from task_components where task_id=? and component_id=?
10:24:15.552 [main] DEBUG org.hibernate.orm.jdbc.mutation -  One-shot delete: delete from task_components where task_id=?
10:24:15.552 [main] DEBUG org.hibernate.orm.sql.ast.create - Created new SQL alias : s1_0
10:24:15.552 [main] DEBUG org.hibernate.orm.sql.ast.create - Registration of TableGroup [org.hibernate.sql.ast.tree.from.OneToManyTableGroup@1de7b5e] with identifierForTableGroup [org.frcpm.models.Subteam.subsystems] for NavigablePath [org.frcpm.models.Subteam.subsystems] 
10:24:15.552 [main] DEBUG org.hibernate.orm.sql.ast.create - Registration of TableGroup [StandardTableGroup(org.frcpm.models.Subteam.subsystems.{element})] with identifierForTableGroup [org.frcpm.models.Subteam.subsystems.{element}] for NavigablePath [org.frcpm.models.Subteam.subsystems.{element}] 
10:24:15.552 [main] DEBUG org.hibernate.orm.sql.ast.create - Registration of TableGroup [org.hibernate.sql.ast.tree.from.LazyTableGroup@a2b45b7] with identifierForTableGroup [org.frcpm.models.Subteam.subsystems.{element}.responsibleSubteam] for NavigablePath [org.frcpm.models.Subteam.subsystems.{element}.responsibleSubteam] 
10:24:15.553 [main] DEBUG org.hibernate.orm.results.graph.AST - DomainResult Graph:
 \-CollectionDomainResult [org.frcpm.models.Subteam.subsystems]

10:24:15.553 [main] DEBUG org.hibernate.orm.sql.ast.tree - SQL AST Tree:
    SelectStatement {
      FromClause {
        OneToManyTableGroup (s1 : org.frcpm.models.Subteam.subsystems) {
          primaryTableReference : subsystems as s1_0
          TableGroupJoins {
            left  join LazyTableGroup (rs1 : org.frcpm.models.Subteam.subsystems.{element}.responsibleSubteam) {
            }
          }
        }
      }
    }

10:24:15.553 [main] DEBUG org.hibernate.orm.jdbc.mutation - Static SQL for collection: org.frcpm.models.Subteam.subsystems
10:24:15.553 [main] DEBUG org.hibernate.orm.sql.ast.create - Created new SQL alias : pd1_0
10:24:15.553 [main] DEBUG org.hibernate.orm.sql.ast.create - Registration of TableGroup [CollectionTableGroup(org.frcpm.models.Task.preDependencies)] with identifierForTableGroup [org.frcpm.models.Task.preDependencies] for NavigablePath [org.frcpm.models.Task.preDependencies] 
10:24:15.553 [main] DEBUG org.hibernate.orm.sql.ast.create - Registration of TableGroup [org.hibernate.sql.ast.tree.from.LazyTableGroup@cf7b816] with identifierForTableGroup [org.frcpm.models.Task.preDependencies.{element}] for NavigablePath [org.frcpm.models.Task.preDependencies.{element}] 
10:24:15.553 [main] DEBUG org.hibernate.orm.sql.ast.create - Created new SQL alias : pd1_1
10:24:15.553 [main] DEBUG org.hibernate.orm.sql.ast.create - Registration of TableGroup [org.hibernate.sql.ast.tree.from.LazyTableGroup@7e01265d] with identifierForTableGroup [org.frcpm.models.Task.preDependencies.{element}.project] for NavigablePath [org.frcpm.models.Task.preDependencies.{element}.project] 
10:24:15.553 [main] DEBUG org.hibernate.orm.sql.ast.create - Registration of TableGroup [org.hibernate.sql.ast.tree.from.LazyTableGroup@7b0af06] with identifierForTableGroup [org.frcpm.models.Task.preDependencies.{element}.subsystem] for NavigablePath [org.frcpm.models.Task.preDependencies.{element}.subsystem] 
10:24:15.553 [main] DEBUG org.hibernate.orm.results.graph.AST - DomainResult Graph:
 \-CollectionDomainResult [org.frcpm.models.Task.preDependencies]

10:24:15.553 [main] DEBUG org.hibernate.orm.sql.ast.tree - SQL AST Tree:
    SelectStatement {
      FromClause {
        CollectionTableGroup (pd1 : org.frcpm.models.Task.preDependencies) {
          primaryTableReference : task_dependencies as pd1_0
          TableGroupJoins {
             join LazyTableGroup (pd1 : org.frcpm.models.Task.preDependencies.{element}) {
              primaryTableReference : tasks as pd1_1
              TableGroupJoins {
                left  join LazyTableGroup (p1 : org.frcpm.models.Task.preDependencies.{element}.project) {
                }
                left  join LazyTableGroup (s1 : org.frcpm.models.Task.preDependencies.{element}.subsystem) {
                }
              }
            }
          }
        }
      }
    }

10:24:15.553 [main] DEBUG org.hibernate.orm.jdbc.mutation - Static SQL for collection: org.frcpm.models.Task.preDependencies
10:24:15.554 [main] DEBUG org.hibernate.orm.jdbc.mutation -  Row insert: insert into task_dependencies (task_id,dependency_id) values (?,?)
10:24:15.554 [main] DEBUG org.hibernate.orm.jdbc.mutation -  Row delete: delete from task_dependencies where task_id=? and dependency_id=?
10:24:15.554 [main] DEBUG org.hibernate.orm.jdbc.mutation -  One-shot delete: delete from task_dependencies where task_id=?
10:24:15.554 [main] DEBUG org.hibernate.orm.sql.ast.create - Created new SQL alias : m1_0
10:24:15.554 [main] DEBUG org.hibernate.orm.sql.ast.create - Registration of TableGroup [org.hibernate.sql.ast.tree.from.OneToManyTableGroup@4c0ab281] with identifierForTableGroup [org.frcpm.models.Project.milestones] for NavigablePath [org.frcpm.models.Project.milestones] 
10:24:15.554 [main] DEBUG org.hibernate.orm.sql.ast.create - Registration of TableGroup [StandardTableGroup(org.frcpm.models.Project.milestones.{element})] with identifierForTableGroup [org.frcpm.models.Project.milestones.{element}] for NavigablePath [org.frcpm.models.Project.milestones.{element}] 
10:24:15.554 [main] DEBUG org.hibernate.orm.sql.ast.create - Registration of TableGroup [org.hibernate.sql.ast.tree.from.LazyTableGroup@53d0c328] with identifierForTableGroup [org.frcpm.models.Project.milestones.{element}.project] for NavigablePath [org.frcpm.models.Project.milestones.{element}.project] 
10:24:15.554 [main] DEBUG org.hibernate.orm.results.graph.AST - DomainResult Graph:
 \-CollectionDomainResult [org.frcpm.models.Project.milestones]

10:24:15.554 [main] DEBUG org.hibernate.orm.sql.ast.tree - SQL AST Tree:
    SelectStatement {
      FromClause {
        OneToManyTableGroup (m1 : org.frcpm.models.Project.milestones) {
          primaryTableReference : milestones as m1_0
          TableGroupJoins {
            left  join LazyTableGroup (p1 : org.frcpm.models.Project.milestones.{element}.project) {
            }
          }
        }
      }
    }

10:24:15.554 [main] DEBUG org.hibernate.orm.jdbc.mutation - Static SQL for collection: org.frcpm.models.Project.milestones
10:24:15.554 [main] DEBUG org.hibernate.orm.sql.ast.create - Created new SQL alias : rft1_0
10:24:15.554 [main] DEBUG org.hibernate.orm.sql.ast.create - Registration of TableGroup [CollectionTableGroup(org.frcpm.models.Component.requiredForTasks)] with identifierForTableGroup [org.frcpm.models.Component.requiredForTasks] for NavigablePath [org.frcpm.models.Component.requiredForTasks] 
10:24:15.554 [main] DEBUG org.hibernate.orm.sql.ast.create - Registration of TableGroup [org.hibernate.sql.ast.tree.from.LazyTableGroup@6da695f0] with identifierForTableGroup [org.frcpm.models.Component.requiredForTasks.{element}] for NavigablePath [org.frcpm.models.Component.requiredForTasks.{element}] 
10:24:15.554 [main] DEBUG org.hibernate.orm.sql.ast.create - Created new SQL alias : rft1_1
10:24:15.555 [main] DEBUG org.hibernate.orm.sql.ast.create - Registration of TableGroup [org.hibernate.sql.ast.tree.from.LazyTableGroup@74a1ac7f] with identifierForTableGroup [org.frcpm.models.Component.requiredForTasks.{element}.project] for NavigablePath [org.frcpm.models.Component.requiredForTasks.{element}.project] 
10:24:15.555 [main] DEBUG org.hibernate.orm.sql.ast.create - Registration of TableGroup [org.hibernate.sql.ast.tree.from.LazyTableGroup@5b58ae7] with identifierForTableGroup [org.frcpm.models.Component.requiredForTasks.{element}.subsystem] for NavigablePath [org.frcpm.models.Component.requiredForTasks.{element}.subsystem] 
10:24:15.555 [main] DEBUG org.hibernate.orm.results.graph.AST - DomainResult Graph:
 \-CollectionDomainResult [org.frcpm.models.Component.requiredForTasks]

10:24:15.555 [main] DEBUG org.hibernate.orm.sql.ast.tree - SQL AST Tree:
    SelectStatement {
      FromClause {
        CollectionTableGroup (rft1 : org.frcpm.models.Component.requiredForTasks) {
          primaryTableReference : task_components as rft1_0
          TableGroupJoins {
             join LazyTableGroup (rft1 : org.frcpm.models.Component.requiredForTasks.{element}) {
              primaryTableReference : tasks as rft1_1
              TableGroupJoins {
                left  join LazyTableGroup (p1 : org.frcpm.models.Component.requiredForTasks.{element}.project) {
                }
                left  join LazyTableGroup (s1 : org.frcpm.models.Component.requiredForTasks.{element}.subsystem) {
                }
              }
            }
          }
        }
      }
    }

10:24:15.555 [main] DEBUG org.hibernate.orm.jdbc.mutation - Static SQL for collection: org.frcpm.models.Component.requiredForTasks
10:24:15.555 [main] DEBUG org.hibernate.orm.sql.ast.create - Created new SQL alias : m1_0
10:24:15.555 [main] DEBUG org.hibernate.orm.sql.ast.create - Registration of TableGroup [org.hibernate.sql.ast.tree.from.OneToManyTableGroup@25de1b13] with identifierForTableGroup [org.frcpm.models.Project.meetings] for NavigablePath [org.frcpm.models.Project.meetings] 
10:24:15.555 [main] DEBUG org.hibernate.orm.sql.ast.create - Registration of TableGroup [StandardTableGroup(org.frcpm.models.Project.meetings.{element})] with identifierForTableGroup [org.frcpm.models.Project.meetings.{element}] for NavigablePath [org.frcpm.models.Project.meetings.{element}] 
10:24:15.555 [main] DEBUG org.hibernate.orm.sql.ast.create - Registration of TableGroup [org.hibernate.sql.ast.tree.from.LazyTableGroup@6b6f9800] with identifierForTableGroup [org.frcpm.models.Project.meetings.{element}.project] for NavigablePath [org.frcpm.models.Project.meetings.{element}.project] 
10:24:15.555 [main] DEBUG org.hibernate.orm.results.graph.AST - DomainResult Graph:
 \-CollectionDomainResult [org.frcpm.models.Project.meetings]

10:24:15.555 [main] DEBUG org.hibernate.orm.sql.ast.tree - SQL AST Tree:
    SelectStatement {
      FromClause {
        OneToManyTableGroup (m1 : org.frcpm.models.Project.meetings) {
          primaryTableReference : meetings as m1_0
          TableGroupJoins {
            left  join LazyTableGroup (p1 : org.frcpm.models.Project.meetings.{element}.project) {
            }
          }
        }
      }
    }

10:24:15.555 [main] DEBUG org.hibernate.orm.jdbc.mutation - Static SQL for collection: org.frcpm.models.Project.meetings
10:24:15.555 [main] DEBUG org.hibernate.orm.sql.ast.create - Created new SQL alias : at1_0
10:24:15.556 [main] DEBUG org.hibernate.orm.sql.ast.create - Registration of TableGroup [CollectionTableGroup(org.frcpm.models.TeamMember.assignedTasks)] with identifierForTableGroup [org.frcpm.models.TeamMember.assignedTasks] for NavigablePath [org.frcpm.models.TeamMember.assignedTasks] 
10:24:15.556 [main] DEBUG org.hibernate.orm.sql.ast.create - Registration of TableGroup [org.hibernate.sql.ast.tree.from.LazyTableGroup@32043bfe] with identifierForTableGroup [org.frcpm.models.TeamMember.assignedTasks.{element}] for NavigablePath [org.frcpm.models.TeamMember.assignedTasks.{element}] 
10:24:15.556 [main] DEBUG org.hibernate.orm.sql.ast.create - Created new SQL alias : at1_1
10:24:15.556 [main] DEBUG org.hibernate.orm.sql.ast.create - Registration of TableGroup [org.hibernate.sql.ast.tree.from.LazyTableGroup@6757b82e] with identifierForTableGroup [org.frcpm.models.TeamMember.assignedTasks.{element}.project] for NavigablePath [org.frcpm.models.TeamMember.assignedTasks.{element}.project] 
10:24:15.556 [main] DEBUG org.hibernate.orm.sql.ast.create - Registration of TableGroup [org.hibernate.sql.ast.tree.from.LazyTableGroup@1406857c] with identifierForTableGroup [org.frcpm.models.TeamMember.assignedTasks.{element}.subsystem] for NavigablePath [org.frcpm.models.TeamMember.assignedTasks.{element}.subsystem] 
10:24:15.556 [main] DEBUG org.hibernate.orm.results.graph.AST - DomainResult Graph:
 \-CollectionDomainResult [org.frcpm.models.TeamMember.assignedTasks]

10:24:15.556 [main] DEBUG org.hibernate.orm.sql.ast.tree - SQL AST Tree:
    SelectStatement {
      FromClause {
        CollectionTableGroup (at1 : org.frcpm.models.TeamMember.assignedTasks) {
          primaryTableReference : task_assignments as at1_0
          TableGroupJoins {
             join LazyTableGroup (at1 : org.frcpm.models.TeamMember.assignedTasks.{element}) {
              primaryTableReference : tasks as at1_1
              TableGroupJoins {
                left  join LazyTableGroup (p1 : org.frcpm.models.TeamMember.assignedTasks.{element}.project) {
                }
                left  join LazyTableGroup (s1 : org.frcpm.models.TeamMember.assignedTasks.{element}.subsystem) {
                }
              }
            }
          }
        }
      }
    }

10:24:15.556 [main] DEBUG org.hibernate.orm.jdbc.mutation - Static SQL for collection: org.frcpm.models.TeamMember.assignedTasks
10:24:15.556 [main] DEBUG org.hibernate.orm.sql.ast.create - Created new SQL alias : a1_0
10:24:15.556 [main] DEBUG org.hibernate.orm.sql.ast.create - Registration of TableGroup [org.hibernate.sql.ast.tree.from.OneToManyTableGroup@5d82c9d6] with identifierForTableGroup [org.frcpm.models.Meeting.attendances] for NavigablePath [org.frcpm.models.Meeting.attendances] 
10:24:15.556 [main] DEBUG org.hibernate.orm.sql.ast.create - Registration of TableGroup [StandardTableGroup(org.frcpm.models.Meeting.attendances.{element})] with identifierForTableGroup [org.frcpm.models.Meeting.attendances.{element}] for NavigablePath [org.frcpm.models.Meeting.attendances.{element}] 
10:24:15.556 [main] DEBUG org.hibernate.orm.sql.ast.create - Registration of TableGroup [org.hibernate.sql.ast.tree.from.LazyTableGroup@517b5459] with identifierForTableGroup [org.frcpm.models.Meeting.attendances.{element}.meeting] for NavigablePath [org.frcpm.models.Meeting.attendances.{element}.meeting] 
10:24:15.556 [main] DEBUG org.hibernate.orm.sql.ast.create - Registration of TableGroup [org.hibernate.sql.ast.tree.from.LazyTableGroup@2f53757] with identifierForTableGroup [org.frcpm.models.Meeting.attendances.{element}.member] for NavigablePath [org.frcpm.models.Meeting.attendances.{element}.member] 
10:24:15.557 [main] DEBUG org.hibernate.orm.results.graph.AST - DomainResult Graph:
 \-CollectionDomainResult [org.frcpm.models.Meeting.attendances]

10:24:15.557 [main] DEBUG org.hibernate.orm.sql.ast.tree - SQL AST Tree:
    SelectStatement {
      FromClause {
        OneToManyTableGroup (a1 : org.frcpm.models.Meeting.attendances) {
          primaryTableReference : attendances as a1_0
          TableGroupJoins {
            left  join LazyTableGroup (m1 : org.frcpm.models.Meeting.attendances.{element}.meeting) {
            }
            left  join LazyTableGroup (m2 : org.frcpm.models.Meeting.attendances.{element}.member) {
            }
          }
        }
      }
    }

10:24:15.557 [main] DEBUG org.hibernate.orm.jdbc.mutation - Static SQL for collection: org.frcpm.models.Meeting.attendances
10:24:15.557 [main] DEBUG org.hibernate.orm.sql.ast.create - Created new SQL alias : pd1_0
10:24:15.557 [main] DEBUG org.hibernate.orm.sql.ast.create - Registration of TableGroup [CollectionTableGroup(org.frcpm.models.Task.postDependencies)] with identifierForTableGroup [org.frcpm.models.Task.postDependencies] for NavigablePath [org.frcpm.models.Task.postDependencies] 
10:24:15.557 [main] DEBUG org.hibernate.orm.sql.ast.create - Registration of TableGroup [org.hibernate.sql.ast.tree.from.LazyTableGroup@4220ce4d] with identifierForTableGroup [org.frcpm.models.Task.postDependencies.{element}] for NavigablePath [org.frcpm.models.Task.postDependencies.{element}] 
10:24:15.557 [main] DEBUG org.hibernate.orm.sql.ast.create - Created new SQL alias : pd1_1
10:24:15.557 [main] DEBUG org.hibernate.orm.sql.ast.create - Registration of TableGroup [org.hibernate.sql.ast.tree.from.LazyTableGroup@324fd08] with identifierForTableGroup [org.frcpm.models.Task.postDependencies.{element}.project] for NavigablePath [org.frcpm.models.Task.postDependencies.{element}.project] 
10:24:15.557 [main] DEBUG org.hibernate.orm.sql.ast.create - Registration of TableGroup [org.hibernate.sql.ast.tree.from.LazyTableGroup@757afdb8] with identifierForTableGroup [org.frcpm.models.Task.postDependencies.{element}.subsystem] for NavigablePath [org.frcpm.models.Task.postDependencies.{element}.subsystem] 
10:24:15.557 [main] DEBUG org.hibernate.orm.results.graph.AST - DomainResult Graph:
 \-CollectionDomainResult [org.frcpm.models.Task.postDependencies]

10:24:15.557 [main] DEBUG org.hibernate.orm.sql.ast.tree - SQL AST Tree:
    SelectStatement {
      FromClause {
        CollectionTableGroup (pd1 : org.frcpm.models.Task.postDependencies) {
          primaryTableReference : task_dependencies as pd1_0
          TableGroupJoins {
             join LazyTableGroup (pd1 : org.frcpm.models.Task.postDependencies.{element}) {
              primaryTableReference : tasks as pd1_1
              TableGroupJoins {
                left  join LazyTableGroup (p1 : org.frcpm.models.Task.postDependencies.{element}.project) {
                }
                left  join LazyTableGroup (s1 : org.frcpm.models.Task.postDependencies.{element}.subsystem) {
                }
              }
            }
          }
        }
      }
    }

10:24:15.557 [main] DEBUG org.hibernate.orm.jdbc.mutation - Static SQL for collection: org.frcpm.models.Task.postDependencies
10:24:15.557 [main] DEBUG org.hibernate.orm.sql.ast.create - Created new SQL alias : t1_0
10:24:15.557 [main] DEBUG org.hibernate.orm.sql.ast.create - Registration of TableGroup [org.hibernate.sql.ast.tree.from.OneToManyTableGroup@15846074] with identifierForTableGroup [org.frcpm.models.Project.tasks] for NavigablePath [org.frcpm.models.Project.tasks] 
10:24:15.557 [main] DEBUG org.hibernate.orm.sql.ast.create - Registration of TableGroup [StandardTableGroup(org.frcpm.models.Project.tasks.{element})] with identifierForTableGroup [org.frcpm.models.Project.tasks.{element}] for NavigablePath [org.frcpm.models.Project.tasks.{element}] 
10:24:15.558 [main] DEBUG org.hibernate.orm.sql.ast.create - Registration of TableGroup [org.hibernate.sql.ast.tree.from.LazyTableGroup@3c0052fd] with identifierForTableGroup [org.frcpm.models.Project.tasks.{element}.project] for NavigablePath [org.frcpm.models.Project.tasks.{element}.project] 
10:24:15.558 [main] DEBUG org.hibernate.orm.sql.ast.create - Registration of TableGroup [org.hibernate.sql.ast.tree.from.LazyTableGroup@4fb75825] with identifierForTableGroup [org.frcpm.models.Project.tasks.{element}.subsystem] for NavigablePath [org.frcpm.models.Project.tasks.{element}.subsystem] 
10:24:15.558 [main] DEBUG org.hibernate.orm.results.graph.AST - DomainResult Graph:
 \-CollectionDomainResult [org.frcpm.models.Project.tasks]

10:24:15.558 [main] DEBUG org.hibernate.orm.sql.ast.tree - SQL AST Tree:
    SelectStatement {
      FromClause {
        OneToManyTableGroup (t1 : org.frcpm.models.Project.tasks) {
          primaryTableReference : tasks as t1_0
          TableGroupJoins {
            left  join LazyTableGroup (p1 : org.frcpm.models.Project.tasks.{element}.project) {
            }
            left  join LazyTableGroup (s1 : org.frcpm.models.Project.tasks.{element}.subsystem) {
            }
          }
        }
      }
    }

10:24:15.558 [main] DEBUG org.hibernate.orm.jdbc.mutation - Static SQL for collection: org.frcpm.models.Project.tasks
10:24:15.569 [main] DEBUG org.hibernate.type.spi.TypeConfiguration$Scope - Scoping TypeConfiguration [org.hibernate.type.spi.TypeConfiguration@602673d9] to SessionFactoryImplementor [org.hibernate.internal.SessionFactoryImpl@71d92887]
10:24:15.569 [main] DEBUG org.hibernate.query.named.NamedObjectRepository - Checking 0 named HQL queries
10:24:15.569 [main] DEBUG org.hibernate.query.named.NamedObjectRepository - Checking 0 named SQL queries
10:24:15.571 [main] DEBUG org.hibernate.mapping.Table - No alter strings for table : attendances
10:24:15.572 [main] DEBUG org.hibernate.SQL - alter table if exists components alter column description set data type TEXT
10:24:15.572 [main] DEBUG org.hibernate.SQL - alter table if exists meetings alter column notes set data type TEXT
10:24:15.572 [main] DEBUG org.hibernate.SQL - alter table if exists milestones alter column description set data type TEXT
10:24:15.572 [main] DEBUG org.hibernate.SQL - alter table if exists projects alter column description set data type TEXT
10:24:15.572 [main] DEBUG org.hibernate.SQL - alter table if exists subsystems alter column description set data type TEXT
10:24:15.574 [main] DEBUG org.hibernate.SQL - alter table if exists subteams alter column specialties set data type TEXT
10:24:15.574 [main] DEBUG org.hibernate.mapping.Table - No alter strings for table : task_assignments
10:24:15.574 [main] DEBUG org.hibernate.mapping.Table - No alter strings for table : task_components
10:24:15.574 [main] DEBUG org.hibernate.mapping.Table - No alter strings for table : task_dependencies
10:24:15.574 [main] DEBUG org.hibernate.SQL - alter table if exists tasks alter column description set data type TEXT
10:24:15.574 [main] DEBUG org.hibernate.SQL - alter table if exists team_members alter column skills set data type TEXT
10:24:15.576 [main] DEBUG org.hibernate.SQL - alter table if exists attendances drop constraint if exists UKa8ydr6vrgbux3a27v7enb0y3x
10:24:15.576 [main] DEBUG org.hibernate.SQL - alter table if exists attendances add constraint UKa8ydr6vrgbux3a27v7enb0y3x unique (meeting_id, member_id)
10:24:15.587 [main] DEBUG org.hibernate.internal.SessionFactoryRegistry - Registering SessionFactory: 83752bb9-3c8a-4e8b-9ba0-14b9aa006d9c (<unnamed>)
10:24:15.587 [main] DEBUG org.hibernate.internal.SessionFactoryRegistry - Not binding SessionFactory to JNDI, no JNDI name configured
10:24:15.587 [main] DEBUG org.hibernate.internal.SessionFactoryImpl - Instantiated SessionFactory
10:24:15.587 [main] DEBUG org.hibernate.stat.internal.StatisticsInitiator - Statistics initialized [enabled=false]
10:24:15.588 [main] DEBUG org.hibernate.engine.transaction.internal.TransactionImpl - On TransactionImpl creation, JpaCompliance#isJpaTransactionComplianceEnabled == false
10:24:15.588 [main] DEBUG org.hibernate.engine.transaction.internal.TransactionImpl - begin
10:24:15.588 [main] DEBUG org.hibernate.engine.spi.ActionQueue - Executing identity-insert immediately
10:24:15.588 [main] DEBUG org.hibernate.SQL - insert into projects (description,goal_end_date,hard_deadline,name,start_date,id) values (?,?,?,?,?,default)
10:24:15.589 [main] DEBUG org.hibernate.orm.results - Initializer list is empty
10:24:15.589 [main] DEBUG org.hibernate.orm.results.loading - Calling top-level assembler (0 / 1) : org.hibernate.sql.results.graph.basic.BasicResultAssembler@296e1241
10:24:15.589 [main] DEBUG org.hibernate.orm.results - Extracted JDBC value [0] - [165]
10:24:15.589 [main] DEBUG org.hibernate.id.IdentifierGeneratorHelper - Extracted generated values [org.frcpm.models.Project]: [Ljava.lang.Object;@771668d6
10:24:15.590 [main] DEBUG org.hibernate.event.internal.AbstractFlushingEventListener - Processing flush-time cascades
10:24:15.590 [main] DEBUG org.hibernate.event.internal.AbstractFlushingEventListener - Dirty checking collections
10:24:15.591 [main] DEBUG org.hibernate.engine.internal.Collections - Collection found: [org.frcpm.models.Project.meetings#165], was: [<unreferenced>] (initialized)
10:24:15.591 [main] DEBUG org.hibernate.engine.internal.Collections - Collection found: [org.frcpm.models.Project.milestones#165], was: [<unreferenced>] (initialized)
10:24:15.591 [main] DEBUG org.hibernate.engine.internal.Collections - Collection found: [org.frcpm.models.Project.tasks#165], was: [<unreferenced>] (initialized)
10:24:15.591 [main] DEBUG org.hibernate.event.internal.AbstractFlushingEventListener - Flushed: 0 insertions, 0 updates, 0 deletions to 1 objects
10:24:15.591 [main] DEBUG org.hibernate.event.internal.AbstractFlushingEventListener - Flushed: 3 (re)creations, 0 updates, 0 removals to 3 collections
10:24:15.591 [main] DEBUG org.hibernate.internal.util.EntityPrinter - Listing entities:
10:24:15.591 [main] DEBUG org.hibernate.internal.util.EntityPrinter - org.frcpm.models.Project{hardDeadline=2025-06-20, name=Test Attendance Project, description=null, meetings=[], id=165, goalEndDate=2025-06-06, milestones=[], startDate=2025-04-25, tasks=[]}
10:24:15.591 [main] DEBUG org.hibernate.engine.transaction.internal.TransactionImpl - committing
10:24:15.591 [main] DEBUG org.hibernate.event.internal.AbstractFlushingEventListener - Processing flush-time cascades
10:24:15.591 [main] DEBUG org.hibernate.event.internal.AbstractFlushingEventListener - Dirty checking collections
10:24:15.591 [main] DEBUG org.hibernate.engine.internal.Collections - Collection found: [org.frcpm.models.Project.meetings#165], was: [org.frcpm.models.Project.meetings#165] (initialized)
10:24:15.591 [main] DEBUG org.hibernate.engine.internal.Collections - Collection found: [org.frcpm.models.Project.milestones#165], was: [org.frcpm.models.Project.milestones#165] (initialized)
10:24:15.591 [main] DEBUG org.hibernate.engine.internal.Collections - Collection found: [org.frcpm.models.Project.tasks#165], was: [org.frcpm.models.Project.tasks#165] (initialized)
10:24:15.591 [main] DEBUG org.hibernate.event.internal.AbstractFlushingEventListener - Flushed: 0 insertions, 0 updates, 0 deletions to 1 objects
10:24:15.591 [main] DEBUG org.hibernate.event.internal.AbstractFlushingEventListener - Flushed: 0 (re)creations, 0 updates, 0 removals to 3 collections
10:24:15.591 [main] DEBUG org.hibernate.internal.util.EntityPrinter - Listing entities:
10:24:15.591 [main] DEBUG org.hibernate.internal.util.EntityPrinter - org.frcpm.models.Project{hardDeadline=2025-06-20, name=Test Attendance Project, description=null, meetings=[], id=165, goalEndDate=2025-06-06, milestones=[], startDate=2025-04-25, tasks=[]}
10:24:15.592 [main] DEBUG org.hibernate.resource.jdbc.internal.LogicalConnectionManagedImpl - Initiating JDBC connection release from afterTransaction
10:24:15.592 [main] DEBUG org.hibernate.resource.jdbc.internal.LogicalConnectionManagedImpl - Initiating JDBC connection release from afterTransaction
10:24:15.592 [main] DEBUG org.hibernate.engine.transaction.internal.TransactionImpl - On TransactionImpl creation, JpaCompliance#isJpaTransactionComplianceEnabled == false
10:24:15.592 [main] DEBUG org.hibernate.engine.transaction.internal.TransactionImpl - begin
10:24:15.593 [main] DEBUG org.hibernate.engine.spi.ActionQueue - Executing identity-insert immediately
10:24:15.593 [main] DEBUG org.hibernate.SQL - insert into meetings (date,end_time,notes,project_id,start_time,id) values (?,?,?,?,?,default)
10:24:15.594 [main] DEBUG org.hibernate.orm.results - Initializer list is empty
10:24:15.594 [main] DEBUG org.hibernate.orm.results.loading - Calling top-level assembler (0 / 1) : org.hibernate.sql.results.graph.basic.BasicResultAssembler@5ac30d51
10:24:15.594 [main] DEBUG org.hibernate.orm.results - Extracted JDBC value [0] - [99]
10:24:15.594 [main] DEBUG org.hibernate.id.IdentifierGeneratorHelper - Extracted generated values [org.frcpm.models.Meeting]: [Ljava.lang.Object;@39fc629a
10:24:15.595 [main] DEBUG org.hibernate.event.internal.AbstractFlushingEventListener - Processing flush-time cascades
10:24:15.595 [main] DEBUG org.hibernate.event.internal.AbstractFlushingEventListener - Dirty checking collections
10:24:15.595 [main] DEBUG org.hibernate.engine.internal.Collections - Collection found: [org.frcpm.models.Meeting.attendances#99], was: [<unreferenced>] (initialized)
10:24:15.595 [main] DEBUG org.hibernate.event.internal.AbstractFlushingEventListener - Flushed: 0 insertions, 0 updates, 0 deletions to 1 objects
10:24:15.595 [main] DEBUG org.hibernate.event.internal.AbstractFlushingEventListener - Flushed: 1 (re)creations, 0 updates, 0 removals to 1 collections
10:24:15.595 [main] DEBUG org.hibernate.internal.util.EntityPrinter - Listing entities:
10:24:15.595 [main] DEBUG org.hibernate.internal.util.EntityPrinter - org.frcpm.models.Meeting{date=2025-04-26, notes=null, project=org.frcpm.models.Project#165, startTime=18:00, id=99, endTime=20:00, attendances=[]}
10:24:15.595 [main] DEBUG org.hibernate.engine.transaction.internal.TransactionImpl - committing
10:24:15.595 [main] DEBUG org.hibernate.event.internal.AbstractFlushingEventListener - Processing flush-time cascades
10:24:15.595 [main] DEBUG org.hibernate.event.internal.AbstractFlushingEventListener - Dirty checking collections
10:24:15.596 [main] DEBUG org.hibernate.engine.internal.Collections - Collection found: [org.frcpm.models.Meeting.attendances#99], was: [org.frcpm.models.Meeting.attendances#99] (initialized)
10:24:15.596 [main] DEBUG org.hibernate.event.internal.AbstractFlushingEventListener - Flushed: 0 insertions, 0 updates, 0 deletions to 1 objects
10:24:15.596 [main] DEBUG org.hibernate.event.internal.AbstractFlushingEventListener - Flushed: 0 (re)creations, 0 updates, 0 removals to 1 collections
10:24:15.596 [main] DEBUG org.hibernate.internal.util.EntityPrinter - Listing entities:
10:24:15.596 [main] DEBUG org.hibernate.internal.util.EntityPrinter - org.frcpm.models.Meeting{date=2025-04-26, notes=null, project=org.frcpm.models.Project#165, startTime=18:00, id=99, endTime=20:00, attendances=[]}
10:24:15.597 [main] DEBUG org.hibernate.resource.jdbc.internal.LogicalConnectionManagedImpl - Initiating JDBC connection release from afterTransaction
10:24:15.597 [main] DEBUG org.hibernate.resource.jdbc.internal.LogicalConnectionManagedImpl - Initiating JDBC connection release from afterTransaction
10:24:15.597 [main] DEBUG org.hibernate.engine.transaction.internal.TransactionImpl - On TransactionImpl creation, JpaCompliance#isJpaTransactionComplianceEnabled == false
10:24:15.597 [main] DEBUG org.hibernate.engine.transaction.internal.TransactionImpl - begin
10:24:15.598 [main] DEBUG org.hibernate.engine.spi.ActionQueue - Executing identity-insert immediately
10:24:15.598 [main] DEBUG org.hibernate.SQL - insert into team_members (email,first_name,last_name,is_leader,phone,skills,subteam_id,username,id) values (?,?,?,?,?,?,?,?,default)
10:24:15.599 [main] DEBUG org.hibernate.orm.results - Initializer list is empty
10:24:15.599 [main] DEBUG org.hibernate.orm.results.loading - Calling top-level assembler (0 / 1) : org.hibernate.sql.results.graph.basic.BasicResultAssembler@56a57a3d
10:24:15.599 [main] DEBUG org.hibernate.orm.results - Extracted JDBC value [0] - [153]
10:24:15.599 [main] DEBUG org.hibernate.id.IdentifierGeneratorHelper - Extracted generated values [org.frcpm.models.TeamMember]: [Ljava.lang.Object;@1321e961
10:24:15.600 [main] DEBUG org.hibernate.event.internal.AbstractFlushingEventListener - Processing flush-time cascades
10:24:15.600 [main] DEBUG org.hibernate.event.internal.AbstractFlushingEventListener - Dirty checking collections
10:24:15.600 [main] DEBUG org.hibernate.engine.internal.Collections - Collection found: [org.frcpm.models.TeamMember.assignedTasks#153], was: [<unreferenced>] (initialized)
10:24:15.600 [main] DEBUG org.hibernate.engine.internal.Collections - Collection found: [org.frcpm.models.TeamMember.attendances#153], was: [<unreferenced>] (initialized)
10:24:15.600 [main] DEBUG org.hibernate.event.internal.AbstractFlushingEventListener - Flushed: 0 insertions, 0 updates, 0 deletions to 1 objects
10:24:15.600 [main] DEBUG org.hibernate.event.internal.AbstractFlushingEventListener - Flushed: 2 (re)creations, 0 updates, 0 removals to 2 collections
10:24:15.600 [main] DEBUG org.hibernate.internal.util.EntityPrinter - Listing entities:
10:24:15.601 [main] DEBUG org.hibernate.internal.util.EntityPrinter - org.frcpm.models.TeamMember{skills=null, firstName=Attendance, lastName=Test1, leader=false, subteam=null, phone=null, id=153, attendances=[], email=attendance1@example.com, assignedTasks=[], username=attendancetest1}
10:24:15.601 [main] DEBUG org.hibernate.engine.transaction.internal.TransactionImpl - committing
10:24:15.601 [main] DEBUG org.hibernate.event.internal.AbstractFlushingEventListener - Processing flush-time cascades
10:24:15.601 [main] DEBUG org.hibernate.event.internal.AbstractFlushingEventListener - Dirty checking collections
10:24:15.601 [main] DEBUG org.hibernate.engine.internal.Collections - Collection found: [org.frcpm.models.TeamMember.assignedTasks#153], was: [org.frcpm.models.TeamMember.assignedTasks#153] (initialized)
10:24:15.601 [main] DEBUG org.hibernate.engine.internal.Collections - Collection found: [org.frcpm.models.TeamMember.attendances#153], was: [org.frcpm.models.TeamMember.attendances#153] (initialized)
10:24:15.601 [main] DEBUG org.hibernate.event.internal.AbstractFlushingEventListener - Flushed: 0 insertions, 0 updates, 0 deletions to 1 objects
10:24:15.601 [main] DEBUG org.hibernate.event.internal.AbstractFlushingEventListener - Flushed: 0 (re)creations, 0 updates, 0 removals to 2 collections
10:24:15.601 [main] DEBUG org.hibernate.internal.util.EntityPrinter - Listing entities:
10:24:15.601 [main] DEBUG org.hibernate.internal.util.EntityPrinter - org.frcpm.models.TeamMember{skills=null, firstName=Attendance, lastName=Test1, leader=false, subteam=null, phone=null, id=153, attendances=[], email=attendance1@example.com, assignedTasks=[], username=attendancetest1}
10:24:15.601 [main] DEBUG org.hibernate.resource.jdbc.internal.LogicalConnectionManagedImpl - Initiating JDBC connection release from afterTransaction
10:24:15.601 [main] DEBUG org.hibernate.resource.jdbc.internal.LogicalConnectionManagedImpl - Initiating JDBC connection release from afterTransaction
10:24:15.601 [main] DEBUG org.hibernate.engine.transaction.internal.TransactionImpl - On TransactionImpl creation, JpaCompliance#isJpaTransactionComplianceEnabled == false
10:24:15.601 [main] DEBUG org.hibernate.engine.transaction.internal.TransactionImpl - begin
10:24:15.602 [main] DEBUG org.hibernate.engine.spi.ActionQueue - Executing identity-insert immediately
10:24:15.602 [main] DEBUG org.hibernate.SQL - insert into team_members (email,first_name,last_name,is_leader,phone,skills,subteam_id,username,id) values (?,?,?,?,?,?,?,?,default)
10:24:15.603 [main] DEBUG org.hibernate.orm.results - Initializer list is empty
10:24:15.603 [main] DEBUG org.hibernate.orm.results.loading - Calling top-level assembler (0 / 1) : org.hibernate.sql.results.graph.basic.BasicResultAssembler@21f0b4f
10:24:15.603 [main] DEBUG org.hibernate.orm.results - Extracted JDBC value [0] - [154]
10:24:15.603 [main] DEBUG org.hibernate.id.IdentifierGeneratorHelper - Extracted generated values [org.frcpm.models.TeamMember]: [Ljava.lang.Object;@73a95ff8
10:24:15.603 [main] DEBUG org.hibernate.event.internal.AbstractFlushingEventListener - Processing flush-time cascades
10:24:15.603 [main] DEBUG org.hibernate.event.internal.AbstractFlushingEventListener - Dirty checking collections
10:24:15.603 [main] DEBUG org.hibernate.engine.internal.Collections - Collection found: [org.frcpm.models.TeamMember.assignedTasks#154], was: [<unreferenced>] (initialized)
10:24:15.603 [main] DEBUG org.hibernate.engine.internal.Collections - Collection found: [org.frcpm.models.TeamMember.attendances#154], was: [<unreferenced>] (initialized)
10:24:15.603 [main] DEBUG org.hibernate.event.internal.AbstractFlushingEventListener - Flushed: 0 insertions, 0 updates, 0 deletions to 1 objects
10:24:15.603 [main] DEBUG org.hibernate.event.internal.AbstractFlushingEventListener - Flushed: 2 (re)creations, 0 updates, 0 removals to 2 collections
10:24:15.603 [main] DEBUG org.hibernate.internal.util.EntityPrinter - Listing entities:
10:24:15.605 [main] DEBUG org.hibernate.internal.util.EntityPrinter - org.frcpm.models.TeamMember{skills=null, firstName=Attendance, lastName=Test2, leader=false, subteam=null, phone=null, id=154, attendances=[], email=attendance2@example.com, assignedTasks=[], username=attendancetest2}
10:24:15.605 [main] DEBUG org.hibernate.engine.transaction.internal.TransactionImpl - committing
10:24:15.605 [main] DEBUG org.hibernate.event.internal.AbstractFlushingEventListener - Processing flush-time cascades
10:24:15.605 [main] DEBUG org.hibernate.event.internal.AbstractFlushingEventListener - Dirty checking collections
10:24:15.605 [main] DEBUG org.hibernate.engine.internal.Collections - Collection found: [org.frcpm.models.TeamMember.assignedTasks#154], was: [org.frcpm.models.TeamMember.assignedTasks#154] (initialized)
10:24:15.605 [main] DEBUG org.hibernate.engine.internal.Collections - Collection found: [org.frcpm.models.TeamMember.attendances#154], was: [org.frcpm.models.TeamMember.attendances#154] (initialized)
10:24:15.605 [main] DEBUG org.hibernate.event.internal.AbstractFlushingEventListener - Flushed: 0 insertions, 0 updates, 0 deletions to 1 objects
10:24:15.605 [main] DEBUG org.hibernate.event.internal.AbstractFlushingEventListener - Flushed: 0 (re)creations, 0 updates, 0 removals to 2 collections
10:24:15.605 [main] DEBUG org.hibernate.internal.util.EntityPrinter - Listing entities:
10:24:15.605 [main] DEBUG org.hibernate.internal.util.EntityPrinter - org.frcpm.models.TeamMember{skills=null, firstName=Attendance, lastName=Test2, leader=false, subteam=null, phone=null, id=154, attendances=[], email=attendance2@example.com, assignedTasks=[], username=attendancetest2}
10:24:15.605 [main] DEBUG org.hibernate.resource.jdbc.internal.LogicalConnectionManagedImpl - Initiating JDBC connection release from afterTransaction
10:24:15.605 [main] DEBUG org.hibernate.resource.jdbc.internal.LogicalConnectionManagedImpl - Initiating JDBC connection release from afterTransaction
10:24:15.606 [main] DEBUG org.hibernate.engine.transaction.internal.TransactionImpl - On TransactionImpl creation, JpaCompliance#isJpaTransactionComplianceEnabled == false
10:24:15.606 [main] DEBUG org.hibernate.engine.transaction.internal.TransactionImpl - begin
10:24:15.606 [main] DEBUG org.hibernate.engine.spi.ActionQueue - Executing identity-insert immediately
10:24:15.606 [main] DEBUG org.hibernate.SQL - insert into attendances (arrival_time,departure_time,meeting_id,member_id,present,id) values (?,?,?,?,?,default)
10:24:15.607 [main] DEBUG org.hibernate.orm.results - Initializer list is empty
10:24:15.608 [main] DEBUG org.hibernate.orm.results.loading - Calling top-level assembler (0 / 1) : org.hibernate.sql.results.graph.basic.BasicResultAssembler@2aee464e
10:24:15.608 [main] DEBUG org.hibernate.orm.results - Extracted JDBC value [0] - [96]
10:24:15.608 [main] DEBUG org.hibernate.id.IdentifierGeneratorHelper - Extracted generated values [org.frcpm.models.Attendance]: [Ljava.lang.Object;@155e709f
10:24:15.608 [main] DEBUG org.hibernate.event.internal.AbstractFlushingEventListener - Processing flush-time cascades
10:24:15.608 [main] DEBUG org.hibernate.event.internal.AbstractFlushingEventListener - Dirty checking collections
10:24:15.608 [main] DEBUG org.hibernate.event.internal.AbstractFlushingEventListener - Flushed: 0 insertions, 0 updates, 0 deletions to 1 objects
10:24:15.608 [main] DEBUG org.hibernate.event.internal.AbstractFlushingEventListener - Flushed: 0 (re)creations, 0 updates, 0 removals to 0 collections
10:24:15.608 [main] DEBUG org.hibernate.internal.util.EntityPrinter - Listing entities:
10:24:15.608 [main] DEBUG org.hibernate.internal.util.EntityPrinter - org.frcpm.models.Attendance{departureTime=20:00, arrivalTime=18:00, member=org.frcpm.models.TeamMember#153, id=96, present=true, meeting=org.frcpm.models.Meeting#99}
10:24:15.608 [main] DEBUG org.hibernate.engine.transaction.internal.TransactionImpl - committing
10:24:15.608 [main] DEBUG org.hibernate.event.internal.AbstractFlushingEventListener - Processing flush-time cascades
10:24:15.608 [main] DEBUG org.hibernate.event.internal.AbstractFlushingEventListener - Dirty checking collections
10:24:15.608 [main] DEBUG org.hibernate.event.internal.AbstractFlushingEventListener - Flushed: 0 insertions, 0 updates, 0 deletions to 1 objects
10:24:15.608 [main] DEBUG org.hibernate.event.internal.AbstractFlushingEventListener - Flushed: 0 (re)creations, 0 updates, 0 removals to 0 collections
10:24:15.608 [main] DEBUG org.hibernate.internal.util.EntityPrinter - Listing entities:
10:24:15.608 [main] DEBUG org.hibernate.internal.util.EntityPrinter - org.frcpm.models.Attendance{departureTime=20:00, arrivalTime=18:00, member=org.frcpm.models.TeamMember#153, id=96, present=true, meeting=org.frcpm.models.Meeting#99}
10:24:15.608 [main] DEBUG org.hibernate.resource.jdbc.internal.LogicalConnectionManagedImpl - Initiating JDBC connection release from afterTransaction
10:24:15.608 [main] DEBUG org.hibernate.resource.jdbc.internal.LogicalConnectionManagedImpl - Initiating JDBC connection release from afterTransaction
10:24:15.609 [main] DEBUG org.hibernate.engine.transaction.internal.TransactionImpl - On TransactionImpl creation, JpaCompliance#isJpaTransactionComplianceEnabled == false
10:24:15.609 [main] DEBUG org.hibernate.engine.transaction.internal.TransactionImpl - begin
10:24:15.609 [main] DEBUG org.hibernate.engine.spi.ActionQueue - Executing identity-insert immediately
10:24:15.609 [main] DEBUG org.hibernate.SQL - insert into attendances (arrival_time,departure_time,meeting_id,member_id,present,id) values (?,?,?,?,?,default)
10:24:15.609 [main] DEBUG org.hibernate.orm.results - Initializer list is empty
10:24:15.609 [main] DEBUG org.hibernate.orm.results.loading - Calling top-level assembler (0 / 1) : org.hibernate.sql.results.graph.basic.BasicResultAssembler@57f11502
10:24:15.609 [main] DEBUG org.hibernate.orm.results - Extracted JDBC value [0] - [97]
10:24:15.609 [main] DEBUG org.hibernate.id.IdentifierGeneratorHelper - Extracted generated values [org.frcpm.models.Attendance]: [Ljava.lang.Object;@16b545d6
10:24:15.609 [main] DEBUG org.hibernate.event.internal.AbstractFlushingEventListener - Processing flush-time cascades
10:24:15.609 [main] DEBUG org.hibernate.event.internal.AbstractFlushingEventListener - Dirty checking collections
10:24:15.610 [main] DEBUG org.hibernate.event.internal.AbstractFlushingEventListener - Flushed: 0 insertions, 0 updates, 0 deletions to 1 objects
10:24:15.610 [main] DEBUG org.hibernate.event.internal.AbstractFlushingEventListener - Flushed: 0 (re)creations, 0 updates, 0 removals to 0 collections
10:24:15.610 [main] DEBUG org.hibernate.internal.util.EntityPrinter - Listing entities:
10:24:15.610 [main] DEBUG org.hibernate.internal.util.EntityPrinter - org.frcpm.models.Attendance{departureTime=null, arrivalTime=null, member=org.frcpm.models.TeamMember#154, id=97, present=false, meeting=org.frcpm.models.Meeting#99}
10:24:15.610 [main] DEBUG org.hibernate.engine.transaction.internal.TransactionImpl - committing
10:24:15.610 [main] DEBUG org.hibernate.event.internal.AbstractFlushingEventListener - Processing flush-time cascades
10:24:15.610 [main] DEBUG org.hibernate.event.internal.AbstractFlushingEventListener - Dirty checking collections
10:24:15.610 [main] DEBUG org.hibernate.event.internal.AbstractFlushingEventListener - Flushed: 0 insertions, 0 updates, 0 deletions to 1 objects
10:24:15.610 [main] DEBUG org.hibernate.event.internal.AbstractFlushingEventListener - Flushed: 0 (re)creations, 0 updates, 0 removals to 0 collections
10:24:15.610 [main] DEBUG org.hibernate.internal.util.EntityPrinter - Listing entities:
10:24:15.610 [main] DEBUG org.hibernate.internal.util.EntityPrinter - org.frcpm.models.Attendance{departureTime=null, arrivalTime=null, member=org.frcpm.models.TeamMember#154, id=97, present=false, meeting=org.frcpm.models.Meeting#99}
10:24:15.610 [main] DEBUG org.hibernate.resource.jdbc.internal.LogicalConnectionManagedImpl - Initiating JDBC connection release from afterTransaction
10:24:15.610 [main] DEBUG org.hibernate.resource.jdbc.internal.LogicalConnectionManagedImpl - Initiating JDBC connection release from afterTransaction
10:24:15.611 [main] DEBUG org.hibernate.orm.query.hql - HQL : SELECT a FROM Attendance a WHERE a.meeting = :meeting
10:24:15.612 [main] DEBUG org.hibernate.orm.query.sqm.creation - Applying inferable type to SqmExpression [SqmNamedParameter(meeting)] : null -> org.frcpm.models.Attendance#meeting(MANY_TO_ONE)
10:24:15.612 [main] DEBUG org.hibernate.orm.query.sqm.ast - SqmStatement Tree :
    -> [select]
      -> [query-spec]
        -> [select]
          -> [selection]
            -> [root] - `org.frcpm.models.Attendance(a)`
            <- [root] - `org.frcpm.models.Attendance(a)`
          <- [selection]
        <- [select]
        -> [from]
          -> [root] - `org.frcpm.models.Attendance(a)`
          <- [root] - `org.frcpm.models.Attendance(a)`
        <- [from]
        -> [where]
          -> [EQUAL]
              -> [entity-path] - `org.frcpm.models.Attendance(a).meeting`
              :meeting
          <- [EQUAL]
        <- [where]
      <- [query-spec]
    <- [select]

10:24:15.613 [main] DEBUG org.hibernate.orm.sql.ast.create - Created new SQL alias : a1_0
10:24:15.613 [main] DEBUG org.hibernate.orm.sql.ast.create - Registration of TableGroup [StandardTableGroup(org.frcpm.models.Attendance(a))] with identifierForTableGroup [org.frcpm.models.Attendance] for NavigablePath [org.frcpm.models.Attendance] 
10:24:15.613 [main] DEBUG org.hibernate.orm.sql.ast.create - Registration of TableGroup [org.hibernate.sql.ast.tree.from.LazyTableGroup@7172d2c6] with identifierForTableGroup [org.frcpm.models.Attendance.meeting] for NavigablePath [org.frcpm.models.Attendance.meeting] 
10:24:15.614 [main] DEBUG org.hibernate.orm.sql.ast.create - Registration of TableGroup [org.hibernate.sql.ast.tree.from.LazyTableGroup@2e096391] with identifierForTableGroup [org.frcpm.models.Attendance.member] for NavigablePath [org.frcpm.models.Attendance.member] 
10:24:15.614 [main] DEBUG org.hibernate.orm.sql.ast.create - Registration of TableGroup [org.hibernate.sql.ast.tree.from.LazyTableGroup@2915cb24] with identifierForTableGroup [org.frcpm.models.Attendance.meeting] for NavigablePath [org.frcpm.models.Attendance.meeting] 
10:24:15.614 [main] DEBUG org.hibernate.orm.sql.ast.create - Registration of TableGroup [org.hibernate.sql.ast.tree.from.LazyTableGroup@2915cb24] for NavigablePath [org.frcpm.models.Attendance(a).meeting] overrode previous registration : org.hibernate.sql.ast.tree.from.LazyTableGroup@7172d2c6
10:24:15.614 [main] DEBUG org.hibernate.query.sqm.sql.BaseSqmToSqlAstConverter - Determining mapping-model type for SqmParameter : SqmNamedParameter(meeting)
10:24:15.614 [main] DEBUG org.hibernate.query.sqm.sql.BaseSqmToSqlAstConverter - Determining mapping-model type for SqmParameter : SqmNamedParameter(meeting)
10:24:15.614 [main] DEBUG org.hibernate.query.sqm.sql.BaseSqmToSqlAstConverter - Determining mapping-model type for SqmPath : SqmEntityValuedSimplePath(org.frcpm.models.Attendance(a).meeting) 
10:24:15.614 [main] DEBUG org.hibernate.orm.results.graph.AST - DomainResult Graph:
 \-EntityResultImpl [org.frcpm.models.Attendance(a)]
 |  +-BasicFetch [org.frcpm.models.Attendance(a).arrivalTime]
 |  +-BasicFetch [org.frcpm.models.Attendance(a).departureTime]
 |  +-CircularFetchImpl [org.frcpm.models.Attendance(a).meeting]
 |  +-CircularFetchImpl [org.frcpm.models.Attendance(a).member]
 |  \-BasicFetch [org.frcpm.models.Attendance(a).present]

10:24:15.614 [main] DEBUG org.hibernate.orm.sql.ast.tree - SQL AST Tree:
    SelectStatement {
      FromClause {
        StandardTableGroup (a1 : org.frcpm.models.Attendance(a)) {
          primaryTableReference : attendances as a1_0
          TableGroupJoins {
            left  join LazyTableGroup (m1 : org.frcpm.models.Attendance(a).meeting) {
            }
            left  join LazyTableGroup (m2 : org.frcpm.models.Attendance(a).member) {
            }
             join LazyTableGroup (m3 : org.frcpm.models.Attendance(a).meeting) {
            }
          }
        }
      }
    }

10:24:15.615 [main] DEBUG org.hibernate.orm.sql.exec - Skipping reading Query result cache data: cache-enabled = false, cache-mode = NORMAL
10:24:15.615 [main] DEBUG org.hibernate.orm.results - Initializer list:
	  org.frcpm.models.Attendance(a) -> EntityResultInitializer(org.frcpm.models.Attendance(a))@319673957 (SingleTableEntityPersister(org.frcpm.models.Attendance))
	  org.frcpm.models.Attendance(a).meeting -> EntityDelayedFetchInitializer(org.frcpm.models.Attendance(a).meeting)@1808113666 (ToOneAttributeMapping(NavigableRole[org.frcpm.models.Attendance.meeting])@1812859573)
	  org.frcpm.models.Attendance(a).member -> EntityDelayedFetchInitializer(org.frcpm.models.Attendance(a).member)@1935305410 (ToOneAttributeMapping(NavigableRole[org.frcpm.models.Attendance.member])@244921394)

10:24:15.615 [main] DEBUG org.hibernate.SQL - select a1_0.id,a1_0.arrival_time,a1_0.departure_time,a1_0.meeting_id,a1_0.member_id,a1_0.present from attendances a1_0 where a1_0.meeting_id=?
10:24:15.616 [main] DEBUG org.hibernate.orm.results - Extracted JDBC value [0] - [96]
10:24:15.616 [main] DEBUG org.hibernate.orm.results.loading.entity - (EntityResultInitializer) Hydrated EntityKey (org.frcpm.models.Attendance(a)): 96
10:24:15.616 [main] DEBUG org.hibernate.orm.results.loading.entity - (EntityResultInitializer) Created new entity instance [org.frcpm.models.Attendance(a)#96] : 1962003556
10:24:15.616 [main] DEBUG org.hibernate.orm.results - Extracted JDBC value [3] - [99]
10:24:15.617 [main] DEBUG org.hibernate.orm.results - Extracted JDBC value [4] - [153]
10:24:15.617 [main] DEBUG org.hibernate.orm.results - Extracted JDBC value [1] - [18:00]
10:24:15.617 [main] DEBUG org.hibernate.orm.results - Extracted JDBC value [2] - [20:00]
10:24:15.618 [main] DEBUG org.hibernate.orm.results - Extracted JDBC value [5] - [true]
10:24:15.618 [main] DEBUG org.hibernate.orm.results.loading.entity - (EntityResultInitializer) Done materializing entityInstance : org.frcpm.models.Attendance(a)#96
10:24:15.618 [main] DEBUG org.hibernate.orm.results.loading - Calling top-level assembler (0 / 1) : org.hibernate.sql.results.graph.entity.internal.EntityAssembler@338e5e6c
10:24:15.618 [main] DEBUG org.hibernate.orm.results - Extracted JDBC value [0] - [97]
10:24:15.618 [main] DEBUG org.hibernate.orm.results.loading.entity - (EntityResultInitializer) Hydrated EntityKey (org.frcpm.models.Attendance(a)): 97
10:24:15.618 [main] DEBUG org.hibernate.orm.results.loading.entity - (EntityResultInitializer) Created new entity instance [org.frcpm.models.Attendance(a)#97] : 688654470
10:24:15.618 [main] DEBUG org.hibernate.orm.results - Extracted JDBC value [3] - [99]
10:24:15.618 [main] DEBUG org.hibernate.orm.results - Extracted JDBC value [4] - [154]
10:24:15.618 [main] DEBUG org.hibernate.orm.results - Extracted JDBC value [1] - [null]
10:24:15.618 [main] DEBUG org.hibernate.orm.results - Extracted JDBC value [2] - [null]
10:24:15.618 [main] DEBUG org.hibernate.orm.results - Extracted JDBC value [5] - [false]
10:24:15.618 [main] DEBUG org.hibernate.orm.results.loading.entity - (EntityResultInitializer) Done materializing entityInstance : org.frcpm.models.Attendance(a)#97
10:24:15.618 [main] DEBUG org.hibernate.orm.results.loading - Calling top-level assembler (0 / 1) : org.hibernate.sql.results.graph.entity.internal.EntityAssembler@338e5e6c
10:24:15.618 [main] DEBUG org.hibernate.resource.jdbc.internal.LogicalConnectionManagedImpl - Initiating JDBC connection release from afterTransaction
10:24:15.618 [main] DEBUG org.hibernate.resource.jdbc.internal.LogicalConnectionManagedImpl - Initiating JDBC connection release from afterTransaction
10:24:15.619 [main] DEBUG org.hibernate.orm.sql.exec - Skipping reading Query result cache data: cache-enabled = false, cache-mode = NORMAL
10:24:15.619 [main] DEBUG org.hibernate.orm.results - Initializer list:
	  org.frcpm.models.Attendance(a) -> EntityResultInitializer(org.frcpm.models.Attendance(a))@1786951421 (SingleTableEntityPersister(org.frcpm.models.Attendance))
	  org.frcpm.models.Attendance(a).meeting -> EntityDelayedFetchInitializer(org.frcpm.models.Attendance(a).meeting)@733935871 (ToOneAttributeMapping(NavigableRole[org.frcpm.models.Attendance.meeting])@1812859573)
	  org.frcpm.models.Attendance(a).member -> EntityDelayedFetchInitializer(org.frcpm.models.Attendance(a).member)@1656720694 (ToOneAttributeMapping(NavigableRole[org.frcpm.models.Attendance.member])@244921394)

10:24:15.619 [main] DEBUG org.hibernate.SQL - select a1_0.id,a1_0.arrival_time,a1_0.departure_time,a1_0.meeting_id,a1_0.member_id,a1_0.present from attendances a1_0 where a1_0.meeting_id=?
10:24:15.619 [main] DEBUG org.hibernate.orm.results - Extracted JDBC value [0] - [96]
10:24:15.619 [main] DEBUG org.hibernate.orm.results.loading.entity - (EntityResultInitializer) Hydrated EntityKey (org.frcpm.models.Attendance(a)): 96
10:24:15.619 [main] DEBUG org.hibernate.orm.results.loading.entity - (EntityResultInitializer) Created new entity instance [org.frcpm.models.Attendance(a)#96] : 128925478
10:24:15.619 [main] DEBUG org.hibernate.orm.results - Extracted JDBC value [3] - [99]
10:24:15.619 [main] DEBUG org.hibernate.orm.results - Extracted JDBC value [4] - [153]
10:24:15.619 [main] DEBUG org.hibernate.orm.results - Extracted JDBC value [1] - [18:00]
10:24:15.619 [main] DEBUG org.hibernate.orm.results - Extracted JDBC value [2] - [20:00]
10:24:15.619 [main] DEBUG org.hibernate.orm.results - Extracted JDBC value [5] - [true]
10:24:15.619 [main] DEBUG org.hibernate.orm.results.loading.entity - (EntityResultInitializer) Done materializing entityInstance : org.frcpm.models.Attendance(a)#96
10:24:15.619 [main] DEBUG org.hibernate.orm.results.loading - Calling top-level assembler (0 / 1) : org.hibernate.sql.results.graph.entity.internal.EntityAssembler@19e7d4d8
10:24:15.619 [main] DEBUG org.hibernate.orm.results - Extracted JDBC value [0] - [97]
10:24:15.619 [main] DEBUG org.hibernate.orm.results.loading.entity - (EntityResultInitializer) Hydrated EntityKey (org.frcpm.models.Attendance(a)): 97
10:24:15.619 [main] DEBUG org.hibernate.orm.results.loading.entity - (EntityResultInitializer) Created new entity instance [org.frcpm.models.Attendance(a)#97] : 1008085453
10:24:15.619 [main] DEBUG org.hibernate.orm.results - Extracted JDBC value [3] - [99]
10:24:15.619 [main] DEBUG org.hibernate.orm.results - Extracted JDBC value [4] - [154]
10:24:15.619 [main] DEBUG org.hibernate.orm.results - Extracted JDBC value [1] - [null]
10:24:15.619 [main] DEBUG org.hibernate.orm.results - Extracted JDBC value [2] - [null]
10:24:15.619 [main] DEBUG org.hibernate.orm.results - Extracted JDBC value [5] - [false]
10:24:15.619 [main] DEBUG org.hibernate.orm.results.loading.entity - (EntityResultInitializer) Done materializing entityInstance : org.frcpm.models.Attendance(a)#97
10:24:15.620 [main] DEBUG org.hibernate.orm.results.loading - Calling top-level assembler (0 / 1) : org.hibernate.sql.results.graph.entity.internal.EntityAssembler@19e7d4d8
10:24:15.620 [main] DEBUG org.hibernate.resource.jdbc.internal.LogicalConnectionManagedImpl - Initiating JDBC connection release from afterTransaction
10:24:15.620 [main] DEBUG org.hibernate.resource.jdbc.internal.LogicalConnectionManagedImpl - Initiating JDBC connection release from afterTransaction
10:24:15.620 [main] DEBUG org.hibernate.engine.transaction.internal.TransactionImpl - On TransactionImpl creation, JpaCompliance#isJpaTransactionComplianceEnabled == false
10:24:15.620 [main] DEBUG org.hibernate.engine.transaction.internal.TransactionImpl - begin
10:24:15.620 [main] DEBUG org.hibernate.orm.sql.ast.create - Created new SQL alias : a1_0
10:24:15.620 [main] DEBUG org.hibernate.orm.sql.ast.create - Registration of TableGroup [StandardTableGroup(org.frcpm.models.Attendance)] with identifierForTableGroup [org.frcpm.models.Attendance] for NavigablePath [org.frcpm.models.Attendance] 
10:24:15.620 [main] DEBUG org.hibernate.orm.sql.ast.create - Registration of TableGroup [org.hibernate.sql.ast.tree.from.LazyTableGroup@3578546a] with identifierForTableGroup [org.frcpm.models.Attendance.meeting] for NavigablePath [org.frcpm.models.Attendance.meeting] 
10:24:15.620 [main] DEBUG org.hibernate.orm.sql.ast.create - Registration of TableGroup [org.hibernate.sql.ast.tree.from.LazyTableGroup@6cb6574a] with identifierForTableGroup [org.frcpm.models.Attendance.member] for NavigablePath [org.frcpm.models.Attendance.member] 
10:24:15.620 [main] DEBUG org.hibernate.orm.results.graph.AST - DomainResult Graph:
 \-EntityResultImpl [org.frcpm.models.Attendance]
 |  +-BasicFetch [org.frcpm.models.Attendance.arrivalTime]
 |  +-BasicFetch [org.frcpm.models.Attendance.departureTime]
 |  +-EntityDelayedFetchImpl [org.frcpm.models.Attendance.meeting]
 |  +-EntityDelayedFetchImpl [org.frcpm.models.Attendance.member]
 |  \-BasicFetch [org.frcpm.models.Attendance.present]

10:24:15.620 [main] DEBUG org.hibernate.orm.sql.ast.tree - SQL AST Tree:
    SelectStatement {
      FromClause {
        StandardTableGroup (a1 : org.frcpm.models.Attendance) {
          primaryTableReference : attendances as a1_0
          TableGroupJoins {
            left  join LazyTableGroup (m1 : org.frcpm.models.Attendance.meeting) {
            }
            left  join LazyTableGroup (m2 : org.frcpm.models.Attendance.member) {
            }
          }
        }
      }
    }

10:24:15.621 [main] DEBUG org.hibernate.orm.sql.exec - Skipping reading Query result cache data: cache-enabled = false, cache-mode = IGNORE
10:24:15.621 [main] DEBUG org.hibernate.orm.results - Initializer list:
	  org.frcpm.models.Attendance -> EntityResultInitializer(org.frcpm.models.Attendance)@382697490 (SingleTableEntityPersister(org.frcpm.models.Attendance))
	  org.frcpm.models.Attendance.meeting -> EntityDelayedFetchInitializer(org.frcpm.models.Attendance.meeting)@1561028188 (ToOneAttributeMapping(NavigableRole[org.frcpm.models.Attendance.meeting])@1812859573)
	  org.frcpm.models.Attendance.member -> EntityDelayedFetchInitializer(org.frcpm.models.Attendance.member)@64583344 (ToOneAttributeMapping(NavigableRole[org.frcpm.models.Attendance.member])@244921394)

10:24:15.621 [main] DEBUG org.hibernate.SQL - select a1_0.id,a1_0.arrival_time,a1_0.departure_time,a1_0.meeting_id,a1_0.member_id,a1_0.present from attendances a1_0 where a1_0.id=?
10:24:15.622 [main] DEBUG org.hibernate.orm.results.loading.entity - (EntityResultInitializer) Hydrated EntityKey (org.frcpm.models.Attendance): 96
10:24:15.622 [main] DEBUG org.hibernate.orm.results.loading.entity - (EntityResultInitializer) Created new entity instance [org.frcpm.models.Attendance#96] : 348238276
10:24:15.622 [main] DEBUG org.hibernate.orm.results - Extracted JDBC value [3] - [99]
10:24:15.622 [main] DEBUG org.hibernate.orm.results - Extracted JDBC value [4] - [153]
10:24:15.622 [main] DEBUG org.hibernate.orm.results - Extracted JDBC value [1] - [18:00]
10:24:15.622 [main] DEBUG org.hibernate.orm.results - Extracted JDBC value [2] - [20:00]
10:24:15.622 [main] DEBUG org.hibernate.orm.results - Extracted JDBC value [5] - [true]
10:24:15.622 [main] DEBUG org.hibernate.orm.results.loading.entity - (EntityResultInitializer) Done materializing entityInstance : org.frcpm.models.Attendance#96
10:24:15.622 [main] DEBUG org.hibernate.orm.results.loading - Calling top-level assembler (0 / 1) : org.hibernate.sql.results.graph.entity.internal.EntityAssembler@5c65391a
10:24:15.622 [main] DEBUG org.hibernate.engine.transaction.internal.TransactionImpl - committing
10:24:15.622 [main] DEBUG org.hibernate.event.internal.AbstractFlushingEventListener - Processing flush-time cascades
10:24:15.623 [main] DEBUG org.hibernate.event.internal.AbstractFlushingEventListener - Dirty checking collections
10:24:15.623 [main] DEBUG org.hibernate.event.internal.AbstractFlushingEventListener - Flushed: 0 insertions, 0 updates, 1 deletions to 1 objects
10:24:15.623 [main] DEBUG org.hibernate.event.internal.AbstractFlushingEventListener - Flushed: 0 (re)creations, 0 updates, 0 removals to 0 collections
10:24:15.623 [main] DEBUG org.hibernate.internal.util.EntityPrinter - Listing entities:
10:24:15.623 [main] DEBUG org.hibernate.internal.util.EntityPrinter - org.frcpm.models.Attendance{departureTime=20:00, arrivalTime=18:00, member=<uninitialized>, id=96, present=true, meeting=<uninitialized>}
10:24:15.623 [main] DEBUG org.hibernate.SQL - delete from attendances where id=?
10:24:15.624 [main] DEBUG org.hibernate.orm.jdbc.batch - PreparedStatementDetails did not contain PreparedStatement on #releaseStatements : delete from attendances where id=?
10:24:15.624 [main] DEBUG org.hibernate.orm.jdbc.batch - PreparedStatementDetails did not contain PreparedStatement on #releaseStatements : delete from attendances where id=?
10:24:15.624 [main] DEBUG org.hibernate.resource.jdbc.internal.LogicalConnectionManagedImpl - Initiating JDBC connection release from afterTransaction
10:24:15.624 [main] DEBUG org.hibernate.orm.jdbc.batch - PreparedStatementDetails did not contain PreparedStatement on #releaseStatements : delete from attendances where id=?
10:24:15.624 [main] DEBUG org.hibernate.orm.jdbc.batch - PreparedStatementDetails did not contain PreparedStatement on #releaseStatements : delete from attendances where id=?
10:24:15.624 [main] DEBUG org.hibernate.resource.jdbc.internal.LogicalConnectionManagedImpl - Initiating JDBC connection release from afterTransaction
10:24:15.624 [main] DEBUG org.hibernate.engine.jdbc.internal.JdbcCoordinatorImpl - HHH000420: Closing un-released batch
10:24:15.624 [main] DEBUG org.hibernate.orm.jdbc.batch - PreparedStatementDetails did not contain PreparedStatement on #releaseStatements : delete from attendances where id=?
10:24:15.624 [main] DEBUG org.hibernate.orm.jdbc.batch - PreparedStatementDetails did not contain PreparedStatement on #releaseStatements : delete from attendances where id=?
10:24:15.624 [main] DEBUG org.hibernate.engine.transaction.internal.TransactionImpl - On TransactionImpl creation, JpaCompliance#isJpaTransactionComplianceEnabled == false
10:24:15.624 [main] DEBUG org.hibernate.engine.transaction.internal.TransactionImpl - begin
10:24:15.625 [main] DEBUG org.hibernate.orm.sql.exec - Skipping reading Query result cache data: cache-enabled = false, cache-mode = IGNORE
10:24:15.625 [main] DEBUG org.hibernate.orm.results - Initializer list:
	  org.frcpm.models.Attendance -> EntityResultInitializer(org.frcpm.models.Attendance)@1955207620 (SingleTableEntityPersister(org.frcpm.models.Attendance))
	  org.frcpm.models.Attendance.meeting -> EntityDelayedFetchInitializer(org.frcpm.models.Attendance.meeting)@1583629440 (ToOneAttributeMapping(NavigableRole[org.frcpm.models.Attendance.meeting])@1812859573)
	  org.frcpm.models.Attendance.member -> EntityDelayedFetchInitializer(org.frcpm.models.Attendance.member)@1658718532 (ToOneAttributeMapping(NavigableRole[org.frcpm.models.Attendance.member])@244921394)

10:24:15.625 [main] DEBUG org.hibernate.SQL - select a1_0.id,a1_0.arrival_time,a1_0.departure_time,a1_0.meeting_id,a1_0.member_id,a1_0.present from attendances a1_0 where a1_0.id=?
10:24:15.625 [main] DEBUG org.hibernate.orm.results.loading.entity - (EntityResultInitializer) Hydrated EntityKey (org.frcpm.models.Attendance): 97
10:24:15.625 [main] DEBUG org.hibernate.orm.results.loading.entity - (EntityResultInitializer) Created new entity instance [org.frcpm.models.Attendance#97] : 690714370
10:24:15.625 [main] DEBUG org.hibernate.orm.results - Extracted JDBC value [3] - [99]
10:24:15.626 [main] DEBUG org.hibernate.orm.results - Extracted JDBC value [4] - [154]
10:24:15.626 [main] DEBUG org.hibernate.orm.results - Extracted JDBC value [1] - [null]
10:24:15.626 [main] DEBUG org.hibernate.orm.results - Extracted JDBC value [2] - [null]
10:24:15.626 [main] DEBUG org.hibernate.orm.results - Extracted JDBC value [5] - [false]
10:24:15.626 [main] DEBUG org.hibernate.orm.results.loading.entity - (EntityResultInitializer) Done materializing entityInstance : org.frcpm.models.Attendance#97
10:24:15.626 [main] DEBUG org.hibernate.orm.results.loading - Calling top-level assembler (0 / 1) : org.hibernate.sql.results.graph.entity.internal.EntityAssembler@3b2dcf4a
10:24:15.626 [main] DEBUG org.hibernate.engine.transaction.internal.TransactionImpl - committing
10:24:15.626 [main] DEBUG org.hibernate.event.internal.AbstractFlushingEventListener - Processing flush-time cascades
10:24:15.626 [main] DEBUG org.hibernate.event.internal.AbstractFlushingEventListener - Dirty checking collections
10:24:15.626 [main] DEBUG org.hibernate.event.internal.AbstractFlushingEventListener - Flushed: 0 insertions, 0 updates, 1 deletions to 1 objects
10:24:15.626 [main] DEBUG org.hibernate.event.internal.AbstractFlushingEventListener - Flushed: 0 (re)creations, 0 updates, 0 removals to 0 collections
10:24:15.626 [main] DEBUG org.hibernate.internal.util.EntityPrinter - Listing entities:
10:24:15.627 [main] DEBUG org.hibernate.internal.util.EntityPrinter - org.frcpm.models.Attendance{departureTime=null, arrivalTime=null, member=<uninitialized>, id=97, present=false, meeting=<uninitialized>}
10:24:15.627 [main] DEBUG org.hibernate.SQL - delete from attendances where id=?
10:24:15.627 [main] DEBUG org.hibernate.orm.jdbc.batch - PreparedStatementDetails did not contain PreparedStatement on #releaseStatements : delete from attendances where id=?
10:24:15.628 [main] DEBUG org.hibernate.orm.jdbc.batch - PreparedStatementDetails did not contain PreparedStatement on #releaseStatements : delete from attendances where id=?
10:24:15.628 [main] DEBUG org.hibernate.resource.jdbc.internal.LogicalConnectionManagedImpl - Initiating JDBC connection release from afterTransaction
10:24:15.628 [main] DEBUG org.hibernate.orm.jdbc.batch - PreparedStatementDetails did not contain PreparedStatement on #releaseStatements : delete from attendances where id=?
10:24:15.628 [main] DEBUG org.hibernate.orm.jdbc.batch - PreparedStatementDetails did not contain PreparedStatement on #releaseStatements : delete from attendances where id=?
10:24:15.628 [main] DEBUG org.hibernate.resource.jdbc.internal.LogicalConnectionManagedImpl - Initiating JDBC connection release from afterTransaction
10:24:15.628 [main] DEBUG org.hibernate.engine.jdbc.internal.JdbcCoordinatorImpl - HHH000420: Closing un-released batch
10:24:15.628 [main] DEBUG org.hibernate.orm.jdbc.batch - PreparedStatementDetails did not contain PreparedStatement on #releaseStatements : delete from attendances where id=?
10:24:15.628 [main] DEBUG org.hibernate.orm.jdbc.batch - PreparedStatementDetails did not contain PreparedStatement on #releaseStatements : delete from attendances where id=?
10:24:15.628 [main] DEBUG org.hibernate.engine.transaction.internal.TransactionImpl - On TransactionImpl creation, JpaCompliance#isJpaTransactionComplianceEnabled == false
10:24:15.628 [main] DEBUG org.hibernate.engine.transaction.internal.TransactionImpl - begin
10:24:15.628 [main] DEBUG org.hibernate.orm.sql.ast.create - Created new SQL alias : m1_0
10:24:15.628 [main] DEBUG org.hibernate.orm.sql.ast.create - Registration of TableGroup [StandardTableGroup(org.frcpm.models.Meeting)] with identifierForTableGroup [org.frcpm.models.Meeting] for NavigablePath [org.frcpm.models.Meeting] 
10:24:15.629 [main] DEBUG org.hibernate.orm.sql.ast.create - Registration of TableGroup [org.hibernate.sql.ast.tree.from.LazyTableGroup@4504276d] with identifierForTableGroup [org.frcpm.models.Meeting.project] for NavigablePath [org.frcpm.models.Meeting.project] 
10:24:15.629 [main] DEBUG org.hibernate.orm.sql.ast.create - Created new SQL alias : a1_0
10:24:15.629 [main] DEBUG org.hibernate.orm.sql.ast.create - Registration of TableGroup [org.hibernate.sql.ast.tree.from.OneToManyTableGroup@6ede879] with identifierForTableGroup [org.frcpm.models.Meeting.attendances] for NavigablePath [org.frcpm.models.Meeting.attendances] 
10:24:15.629 [main] DEBUG org.hibernate.orm.sql.ast.create - Registration of TableGroup [StandardTableGroup(org.frcpm.models.Meeting.attendances.{element})] with identifierForTableGroup [org.frcpm.models.Meeting.attendances.{element}] for NavigablePath [org.frcpm.models.Meeting.attendances.{element}] 
10:24:15.629 [main] DEBUG org.hibernate.orm.sql.ast.create - Registration of TableGroup [org.hibernate.sql.ast.tree.from.LazyTableGroup@5eae8226] with identifierForTableGroup [org.frcpm.models.Meeting.attendances.{element}.meeting] for NavigablePath [org.frcpm.models.Meeting.attendances.{element}.meeting] 
10:24:15.629 [main] DEBUG org.hibernate.orm.sql.ast.create - Registration of TableGroup [org.hibernate.sql.ast.tree.from.LazyTableGroup@4c38195] with identifierForTableGroup [org.frcpm.models.Meeting.attendances.{element}.member] for NavigablePath [org.frcpm.models.Meeting.attendances.{element}.member] 
10:24:15.629 [main] DEBUG org.hibernate.orm.results.graph.AST - DomainResult Graph:
 \-EntityResultImpl [org.frcpm.models.Meeting]
 |  +-EagerCollectionFetch [org.frcpm.models.Meeting.attendances]
 |  |  \-EntityFetchJoinedImpl [org.frcpm.models.Meeting.attendances.{element}]
 |  +-BasicFetch [org.frcpm.models.Meeting.date]
 |  +-BasicFetch [org.frcpm.models.Meeting.endTime]
 |  +-BasicFetch [org.frcpm.models.Meeting.notes]
 |  +-EntityDelayedFetchImpl [org.frcpm.models.Meeting.project]
 |  \-BasicFetch [org.frcpm.models.Meeting.startTime]

10:24:15.629 [main] DEBUG org.hibernate.orm.sql.ast.tree - SQL AST Tree:
    SelectStatement {
      FromClause {
        StandardTableGroup (m1 : org.frcpm.models.Meeting) {
          primaryTableReference : meetings as m1_0
          TableGroupJoins {
            left  join LazyTableGroup (p1 : org.frcpm.models.Meeting.project) {
            }
            left  join OneToManyTableGroup (a1 : org.frcpm.models.Meeting.attendances) {
              primaryTableReference : attendances as a1_0
              TableGroupJoins {
                left  join LazyTableGroup (m2 : org.frcpm.models.Meeting.attendances.{element}.meeting) {
                }
                left  join LazyTableGroup (m3 : org.frcpm.models.Meeting.attendances.{element}.member) {
                }
              }
            }
          }
        }
      }
    }

10:24:15.630 [main] DEBUG org.hibernate.orm.sql.exec - Skipping reading Query result cache data: cache-enabled = false, cache-mode = IGNORE
10:24:15.630 [main] DEBUG org.hibernate.orm.results - Initializer list:
	  org.frcpm.models.Meeting -> EntityResultInitializer(org.frcpm.models.Meeting)@1200688992 (SingleTableEntityPersister(org.frcpm.models.Meeting))
	  org.frcpm.models.Meeting.attendances -> BagInitializer(org.frcpm.models.Meeting.attendances)@1379917106 (PluralAttribute(org.frcpm.models.Meeting.attendances))
	  org.frcpm.models.Meeting.attendances.{element}.member -> EntityDelayedFetchInitializer(org.frcpm.models.Meeting.attendances.{element}.member)@1248338377 (ToOneAttributeMapping(NavigableRole[org.frcpm.models.Attendance.member])@244921394)
	  org.frcpm.models.Meeting.project -> EntityDelayedFetchInitializer(org.frcpm.models.Meeting.project)@123431279 (ToOneAttributeMapping(NavigableRole[org.frcpm.models.Meeting.project])@1224645867)
	  org.frcpm.models.Meeting.attendances.{element} -> EntityJoinedFetchInitializer(org.frcpm.models.Meeting.attendances.{element})@1677991563 (EntityCollectionPart(org.frcpm.models.Meeting.attendances#{element})@1869155755)

10:24:15.630 [main] DEBUG org.hibernate.SQL - select m1_0.id,m1_0.date,m1_0.end_time,m1_0.notes,m1_0.project_id,m1_0.start_time,a1_0.meeting_id,a1_0.id,a1_0.arrival_time,a1_0.departure_time,a1_0.member_id,a1_0.present from meetings m1_0 left join attendances a1_0 on m1_0.id=a1_0.meeting_id where m1_0.id=?
10:24:15.631 [main] DEBUG org.hibernate.orm.results.loading.entity - (EntityResultInitializer) Hydrated EntityKey (org.frcpm.models.Meeting): 99
10:24:15.631 [main] DEBUG org.hibernate.orm.results.loading.org.hibernate.orm.results.loading.collection - (BagInitializer) Current row collection key : org.frcpm.models.Meeting.attendances#99
10:24:15.631 [main] DEBUG org.hibernate.orm.results - Extracted JDBC value [6] - [null]
10:24:15.631 [main] DEBUG org.hibernate.orm.results - Extracted JDBC value [7] - [null]
10:24:15.631 [main] DEBUG org.hibernate.orm.results.loading.entity - (EntityJoinedFetchInitializer) EntityKey (org.frcpm.models.Meeting.attendances.{element}) is null
10:24:15.631 [main] DEBUG org.hibernate.orm.results.loading.entity - (EntityResultInitializer) Created new entity instance [org.frcpm.models.Meeting#99] : 1261731166
10:24:15.631 [main] DEBUG org.hibernate.orm.results.loading.org.hibernate.orm.results.loading.collection - (BagInitializer) Created new collection wrapper [org.frcpm.models.Meeting.attendances#99] : org.hibernate.collection.spi.PersistentBag@1821844934
10:24:15.631 [main] DEBUG org.hibernate.orm.results.loading.org.hibernate.orm.results.loading.collection - (BagInitializer) Responsible for loading collection [org.frcpm.models.Meeting.attendances#99] : org.hibernate.collection.spi.PersistentBag@1821844934
10:24:15.631 [main] DEBUG org.hibernate.orm.results - Extracted JDBC value [4] - [165]
10:24:15.632 [main] DEBUG org.hibernate.orm.results - Extracted JDBC value [1] - [2025-04-26]
10:24:15.633 [main] DEBUG org.hibernate.orm.results - Extracted JDBC value [2] - [20:00]
10:24:15.633 [main] DEBUG org.hibernate.orm.results - Extracted JDBC value [3] - [null]
10:24:15.633 [main] DEBUG org.hibernate.orm.results - Extracted JDBC value [5] - [18:00]
10:24:15.633 [main] DEBUG org.hibernate.orm.results.loading.entity - (EntityResultInitializer) Done materializing entityInstance : org.frcpm.models.Meeting#99
10:24:15.633 [main] DEBUG org.hibernate.orm.results.loading - Calling top-level assembler (0 / 1) : org.hibernate.sql.results.graph.entity.internal.EntityAssembler@77a045bd
10:24:15.633 [main] DEBUG org.hibernate.sql.results.internal.ResultsHelper - Collection fully initialized: [org.frcpm.models.Meeting.attendances#99]
10:24:15.633 [main] DEBUG org.hibernate.engine.spi.CollectionEntry - Reset storedSnapshot to [] for CollectionEntry[org.frcpm.models.Meeting.attendances#99]
10:24:15.634 [main] DEBUG org.hibernate.engine.transaction.internal.TransactionImpl - committing
10:24:15.634 [main] DEBUG org.hibernate.event.internal.AbstractFlushingEventListener - Processing flush-time cascades
10:24:15.634 [main] DEBUG org.hibernate.event.internal.AbstractFlushingEventListener - Dirty checking collections
10:24:15.634 [main] DEBUG org.hibernate.engine.internal.Collections - Collection dereferenced: [org.frcpm.models.Meeting.attendances#99]
10:24:15.634 [main] DEBUG org.hibernate.event.internal.AbstractFlushingEventListener - Flushed: 0 insertions, 0 updates, 1 deletions to 1 objects
10:24:15.634 [main] DEBUG org.hibernate.event.internal.AbstractFlushingEventListener - Flushed: 0 (re)creations, 0 updates, 1 removals to 1 collections
10:24:15.634 [main] DEBUG org.hibernate.internal.util.EntityPrinter - Listing entities:
10:24:15.634 [main] DEBUG org.hibernate.internal.util.EntityPrinter - org.frcpm.models.Meeting{date=2025-04-26, notes=null, project=<uninitialized>, startTime=18:00, id=99, endTime=20:00, attendances=[]}
10:24:15.634 [main] DEBUG org.hibernate.SQL - delete from meetings where id=?
10:24:15.635 [main] DEBUG org.hibernate.orm.jdbc.batch - PreparedStatementDetails did not contain PreparedStatement on #releaseStatements : delete from meetings where id=?
10:24:15.635 [main] DEBUG org.hibernate.orm.jdbc.batch - PreparedStatementDetails did not contain PreparedStatement on #releaseStatements : delete from meetings where id=?
10:24:15.635 [main] DEBUG org.hibernate.resource.jdbc.internal.LogicalConnectionManagedImpl - Initiating JDBC connection release from afterTransaction
10:24:15.635 [main] DEBUG org.hibernate.orm.jdbc.batch - PreparedStatementDetails did not contain PreparedStatement on #releaseStatements : delete from meetings where id=?
10:24:15.635 [main] DEBUG org.hibernate.orm.jdbc.batch - PreparedStatementDetails did not contain PreparedStatement on #releaseStatements : delete from meetings where id=?
10:24:15.635 [main] DEBUG org.hibernate.resource.jdbc.internal.LogicalConnectionManagedImpl - Initiating JDBC connection release from afterTransaction
10:24:15.635 [main] DEBUG org.hibernate.engine.jdbc.internal.JdbcCoordinatorImpl - HHH000420: Closing un-released batch
10:24:15.635 [main] DEBUG org.hibernate.orm.jdbc.batch - PreparedStatementDetails did not contain PreparedStatement on #releaseStatements : delete from meetings where id=?
10:24:15.635 [main] DEBUG org.hibernate.orm.jdbc.batch - PreparedStatementDetails did not contain PreparedStatement on #releaseStatements : delete from meetings where id=?
10:24:15.635 [main] DEBUG org.hibernate.engine.transaction.internal.TransactionImpl - On TransactionImpl creation, JpaCompliance#isJpaTransactionComplianceEnabled == false
10:24:15.635 [main] DEBUG org.hibernate.engine.transaction.internal.TransactionImpl - begin
10:24:15.636 [main] DEBUG org.hibernate.orm.sql.ast.create - Created new SQL alias : tm1_0
10:24:15.636 [main] DEBUG org.hibernate.orm.sql.ast.create - Registration of TableGroup [StandardTableGroup(org.frcpm.models.TeamMember)] with identifierForTableGroup [org.frcpm.models.TeamMember] for NavigablePath [org.frcpm.models.TeamMember] 
10:24:15.637 [main] DEBUG org.hibernate.orm.sql.ast.create - Created new SQL alias : a1_0
10:24:15.637 [main] DEBUG org.hibernate.orm.sql.ast.create - Registration of TableGroup [org.hibernate.sql.ast.tree.from.OneToManyTableGroup@16cc9674] with identifierForTableGroup [org.frcpm.models.TeamMember.attendances] for NavigablePath [org.frcpm.models.TeamMember.attendances] 
10:24:15.637 [main] DEBUG org.hibernate.orm.sql.ast.create - Registration of TableGroup [StandardTableGroup(org.frcpm.models.TeamMember.attendances.{element})] with identifierForTableGroup [org.frcpm.models.TeamMember.attendances.{element}] for NavigablePath [org.frcpm.models.TeamMember.attendances.{element}] 
10:24:15.637 [main] DEBUG org.hibernate.orm.sql.ast.create - Registration of TableGroup [org.hibernate.sql.ast.tree.from.LazyTableGroup@4320387e] with identifierForTableGroup [org.frcpm.models.TeamMember.attendances.{element}.meeting] for NavigablePath [org.frcpm.models.TeamMember.attendances.{element}.meeting] 
10:24:15.637 [main] DEBUG org.hibernate.orm.sql.ast.create - Registration of TableGroup [org.hibernate.sql.ast.tree.from.LazyTableGroup@1ed925b3] with identifierForTableGroup [org.frcpm.models.TeamMember.attendances.{element}.member] for NavigablePath [org.frcpm.models.TeamMember.attendances.{element}.member] 
10:24:15.638 [main] DEBUG org.hibernate.orm.sql.ast.create - Registration of TableGroup [org.hibernate.sql.ast.tree.from.LazyTableGroup@2e754906] with identifierForTableGroup [org.frcpm.models.TeamMember.subteam] for NavigablePath [org.frcpm.models.TeamMember.subteam] 
10:24:15.638 [main] DEBUG org.hibernate.orm.results.graph.AST - DomainResult Graph:
 \-EntityResultImpl [org.frcpm.models.TeamMember]
 |  +-DelayedCollectionFetch [org.frcpm.models.TeamMember.assignedTasks]
 |  +-EagerCollectionFetch [org.frcpm.models.TeamMember.attendances]
 |  |  \-EntityFetchJoinedImpl [org.frcpm.models.TeamMember.attendances.{element}]
 |  +-BasicFetch [org.frcpm.models.TeamMember.email]
 |  +-BasicFetch [org.frcpm.models.TeamMember.firstName]
 |  +-BasicFetch [org.frcpm.models.TeamMember.lastName]
 |  +-BasicFetch [org.frcpm.models.TeamMember.leader]
 |  +-BasicFetch [org.frcpm.models.TeamMember.phone]
 |  +-BasicFetch [org.frcpm.models.TeamMember.skills]
 |  +-EntityDelayedFetchImpl [org.frcpm.models.TeamMember.subteam]
 |  \-BasicFetch [org.frcpm.models.TeamMember.username]

10:24:15.639 [main] DEBUG org.hibernate.orm.sql.ast.tree - SQL AST Tree:
    SelectStatement {
      FromClause {
        StandardTableGroup (tm1 : org.frcpm.models.TeamMember) {
          primaryTableReference : team_members as tm1_0
          TableGroupJoins {
            left  join OneToManyTableGroup (a1 : org.frcpm.models.TeamMember.attendances) {
              primaryTableReference : attendances as a1_0
              TableGroupJoins {
                left  join LazyTableGroup (m1 : org.frcpm.models.TeamMember.attendances.{element}.meeting) {
                }
                left  join LazyTableGroup (m2 : org.frcpm.models.TeamMember.attendances.{element}.member) {
                }
              }
            }
            left  join LazyTableGroup (s1 : org.frcpm.models.TeamMember.subteam) {
            }
          }
        }
      }
    }

10:24:15.639 [main] DEBUG org.hibernate.orm.sql.exec - Skipping reading Query result cache data: cache-enabled = false, cache-mode = IGNORE
10:24:15.639 [main] DEBUG org.hibernate.orm.results - Initializer list:
	  org.frcpm.models.TeamMember.subteam -> EntityDelayedFetchInitializer(org.frcpm.models.TeamMember.subteam)@267912855 (ToOneAttributeMapping(NavigableRole[org.frcpm.models.TeamMember.subteam])@1083872637)
	  org.frcpm.models.TeamMember.attendances.{element} -> EntityJoinedFetchInitializer(org.frcpm.models.TeamMember.attendances.{element})@1143195921 (EntityCollectionPart(org.frcpm.models.TeamMember.attendances#{element})@1180629587)
	  org.frcpm.models.TeamMember.assignedTasks -> DelayedCollectionInitializer(org.frcpm.models.TeamMember.assignedTasks)@157122737 (PluralAttribute(org.frcpm.models.TeamMember.assignedTasks))
	  org.frcpm.models.TeamMember.attendances.{element}.meeting -> EntityDelayedFetchInitializer(org.frcpm.models.TeamMember.attendances.{element}.meeting)@494460314 (ToOneAttributeMapping(NavigableRole[org.frcpm.models.Attendance.meeting])@1812859573)
	  org.frcpm.models.TeamMember -> EntityResultInitializer(org.frcpm.models.TeamMember)@1196024933 (SingleTableEntityPersister(org.frcpm.models.TeamMember))
	  org.frcpm.models.TeamMember.attendances -> SetInitializer(org.frcpm.models.TeamMember.attendances)@1987318461 (PluralAttribute(org.frcpm.models.TeamMember.attendances))

10:24:15.639 [main] DEBUG org.hibernate.SQL - select tm1_0.id,a1_0.member_id,a1_0.id,a1_0.arrival_time,a1_0.departure_time,a1_0.meeting_id,a1_0.present,tm1_0.email,tm1_0.first_name,tm1_0.last_name,tm1_0.is_leader,tm1_0.phone,tm1_0.skills,tm1_0.subteam_id,tm1_0.username from team_members tm1_0 left join attendances a1_0 on tm1_0.id=a1_0.member_id where tm1_0.id=?
10:24:15.640 [main] DEBUG org.hibernate.orm.results.loading.entity - (EntityResultInitializer) Hydrated EntityKey (org.frcpm.models.TeamMember): 153
10:24:15.640 [main] DEBUG org.hibernate.orm.results.loading.org.hibernate.orm.results.loading.collection - (SetInitializer) Current row collection key : org.frcpm.models.TeamMember.attendances#153
10:24:15.640 [main] DEBUG org.hibernate.orm.results - Extracted JDBC value [1] - [null]
10:24:15.640 [main] DEBUG org.hibernate.orm.results - Extracted JDBC value [2] - [null]
10:24:15.640 [main] DEBUG org.hibernate.orm.results.loading.entity - (EntityJoinedFetchInitializer) EntityKey (org.frcpm.models.TeamMember.attendances.{element}) is null
10:24:15.640 [main] DEBUG org.hibernate.orm.results.loading.org.hibernate.orm.results.loading.collection - (DelayedCollectionInitializer) Current row collection key : org.frcpm.models.TeamMember.assignedTasks#153
10:24:15.641 [main] DEBUG org.hibernate.orm.results.loading.entity - (EntityResultInitializer) Created new entity instance [org.frcpm.models.TeamMember#153] : 1080326285
10:24:15.641 [main] DEBUG org.hibernate.orm.results.loading.org.hibernate.orm.results.loading.collection - (SetInitializer) Created new collection wrapper [org.frcpm.models.TeamMember.attendances#153] : org.hibernate.collection.spi.PersistentSet@1327844058
10:24:15.641 [main] DEBUG org.hibernate.orm.results.loading.org.hibernate.orm.results.loading.collection - (SetInitializer) Responsible for loading collection [org.frcpm.models.TeamMember.attendances#153] : org.hibernate.collection.spi.PersistentSet@1327844058
10:24:15.641 [main] DEBUG org.hibernate.orm.results - Extracted JDBC value [13] - [null]
10:24:15.641 [main] DEBUG org.hibernate.orm.results - Extracted JDBC value [7] - [attendance1@example.com]
10:24:15.641 [main] DEBUG org.hibernate.orm.results - Extracted JDBC value [8] - [Attendance]
10:24:15.641 [main] DEBUG org.hibernate.orm.results - Extracted JDBC value [9] - [Test1]
10:24:15.641 [main] DEBUG org.hibernate.orm.results - Extracted JDBC value [10] - [false]
10:24:15.641 [main] DEBUG org.hibernate.orm.results - Extracted JDBC value [11] - [null]
10:24:15.641 [main] DEBUG org.hibernate.orm.results - Extracted JDBC value [12] - [null]
10:24:15.641 [main] DEBUG org.hibernate.orm.results - Extracted JDBC value [14] - [attendancetest1]
10:24:15.641 [main] DEBUG org.hibernate.orm.results.loading.entity - (EntityResultInitializer) Done materializing entityInstance : org.frcpm.models.TeamMember#153
10:24:15.641 [main] DEBUG org.hibernate.orm.results.loading - Calling top-level assembler (0 / 1) : org.hibernate.sql.results.graph.entity.internal.EntityAssembler@31640b7d
10:24:15.641 [main] DEBUG org.hibernate.sql.results.internal.ResultsHelper - Collection fully initialized: [org.frcpm.models.TeamMember.attendances#153]
10:24:15.642 [main] DEBUG org.hibernate.engine.spi.CollectionEntry - Reset storedSnapshot to {} for CollectionEntry[org.frcpm.models.TeamMember.assignedTasks#153]
10:24:15.642 [main] DEBUG org.hibernate.engine.spi.CollectionEntry - Reset storedSnapshot to {} for CollectionEntry[org.frcpm.models.TeamMember.attendances#153]
10:24:15.642 [main] DEBUG org.hibernate.engine.transaction.internal.TransactionImpl - committing
10:24:15.642 [main] DEBUG org.hibernate.event.internal.AbstractFlushingEventListener - Processing flush-time cascades
10:24:15.642 [main] DEBUG org.hibernate.event.internal.AbstractFlushingEventListener - Dirty checking collections
10:24:15.642 [main] DEBUG org.hibernate.engine.internal.Collections - Collection dereferenced: [org.frcpm.models.TeamMember.assignedTasks#153]
10:24:15.642 [main] DEBUG org.hibernate.engine.internal.Collections - Collection dereferenced: [org.frcpm.models.TeamMember.attendances#153]
10:24:15.642 [main] DEBUG org.hibernate.event.internal.AbstractFlushingEventListener - Flushed: 0 insertions, 0 updates, 1 deletions to 1 objects
10:24:15.642 [main] DEBUG org.hibernate.event.internal.AbstractFlushingEventListener - Flushed: 0 (re)creations, 0 updates, 2 removals to 2 collections
10:24:15.642 [main] DEBUG org.hibernate.internal.util.EntityPrinter - Listing entities:
10:24:15.642 [main] DEBUG org.hibernate.internal.util.EntityPrinter - org.frcpm.models.TeamMember{skills=null, firstName=Attendance, lastName=Test1, leader=false, subteam=null, phone=null, id=153, attendances=[], email=attendance1@example.com, assignedTasks=<uninitialized>, username=attendancetest1}
10:24:15.642 [main] DEBUG org.hibernate.SQL - delete from team_members where id=?
10:24:15.643 [main] DEBUG org.hibernate.orm.jdbc.batch - PreparedStatementDetails did not contain PreparedStatement on #releaseStatements : delete from team_members where id=?
10:24:15.643 [main] DEBUG org.hibernate.orm.jdbc.batch - PreparedStatementDetails did not contain PreparedStatement on #releaseStatements : delete from team_members where id=?
10:24:15.643 [main] DEBUG org.hibernate.resource.jdbc.internal.LogicalConnectionManagedImpl - Initiating JDBC connection release from afterTransaction
10:24:15.643 [main] DEBUG org.hibernate.orm.jdbc.batch - PreparedStatementDetails did not contain PreparedStatement on #releaseStatements : delete from team_members where id=?
10:24:15.643 [main] DEBUG org.hibernate.orm.jdbc.batch - PreparedStatementDetails did not contain PreparedStatement on #releaseStatements : delete from team_members where id=?
10:24:15.643 [main] DEBUG org.hibernate.resource.jdbc.internal.LogicalConnectionManagedImpl - Initiating JDBC connection release from afterTransaction
10:24:15.643 [main] DEBUG org.hibernate.engine.jdbc.internal.JdbcCoordinatorImpl - HHH000420: Closing un-released batch
10:24:15.643 [main] DEBUG org.hibernate.orm.jdbc.batch - PreparedStatementDetails did not contain PreparedStatement on #releaseStatements : delete from team_members where id=?
10:24:15.643 [main] DEBUG org.hibernate.orm.jdbc.batch - PreparedStatementDetails did not contain PreparedStatement on #releaseStatements : delete from team_members where id=?
10:24:15.643 [main] DEBUG org.hibernate.engine.transaction.internal.TransactionImpl - On TransactionImpl creation, JpaCompliance#isJpaTransactionComplianceEnabled == false
10:24:15.643 [main] DEBUG org.hibernate.engine.transaction.internal.TransactionImpl - begin
10:24:15.643 [main] DEBUG org.hibernate.orm.sql.exec - Skipping reading Query result cache data: cache-enabled = false, cache-mode = IGNORE
10:24:15.644 [main] DEBUG org.hibernate.orm.results - Initializer list:
	  org.frcpm.models.TeamMember.subteam -> EntityDelayedFetchInitializer(org.frcpm.models.TeamMember.subteam)@1596416261 (ToOneAttributeMapping(NavigableRole[org.frcpm.models.TeamMember.subteam])@1083872637)
	  org.frcpm.models.TeamMember.attendances.{element} -> EntityJoinedFetchInitializer(org.frcpm.models.TeamMember.attendances.{element})@976323489 (EntityCollectionPart(org.frcpm.models.TeamMember.attendances#{element})@1180629587)
	  org.frcpm.models.TeamMember.assignedTasks -> DelayedCollectionInitializer(org.frcpm.models.TeamMember.assignedTasks)@723474553 (PluralAttribute(org.frcpm.models.TeamMember.assignedTasks))
	  org.frcpm.models.TeamMember.attendances.{element}.meeting -> EntityDelayedFetchInitializer(org.frcpm.models.TeamMember.attendances.{element}.meeting)@1144604939 (ToOneAttributeMapping(NavigableRole[org.frcpm.models.Attendance.meeting])@1812859573)
	  org.frcpm.models.TeamMember -> EntityResultInitializer(org.frcpm.models.TeamMember)@544356288 (SingleTableEntityPersister(org.frcpm.models.TeamMember))
	  org.frcpm.models.TeamMember.attendances -> SetInitializer(org.frcpm.models.TeamMember.attendances)@384337124 (PluralAttribute(org.frcpm.models.TeamMember.attendances))

10:24:15.644 [main] DEBUG org.hibernate.SQL - select tm1_0.id,a1_0.member_id,a1_0.id,a1_0.arrival_time,a1_0.departure_time,a1_0.meeting_id,a1_0.present,tm1_0.email,tm1_0.first_name,tm1_0.last_name,tm1_0.is_leader,tm1_0.phone,tm1_0.skills,tm1_0.subteam_id,tm1_0.username from team_members tm1_0 left join attendances a1_0 on tm1_0.id=a1_0.member_id where tm1_0.id=?
10:24:15.644 [main] DEBUG org.hibernate.orm.results.loading.entity - (EntityResultInitializer) Hydrated EntityKey (org.frcpm.models.TeamMember): 154
10:24:15.644 [main] DEBUG org.hibernate.orm.results.loading.org.hibernate.orm.results.loading.collection - (SetInitializer) Current row collection key : org.frcpm.models.TeamMember.attendances#154
10:24:15.644 [main] DEBUG org.hibernate.orm.results - Extracted JDBC value [1] - [null]
10:24:15.644 [main] DEBUG org.hibernate.orm.results - Extracted JDBC value [2] - [null]
10:24:15.644 [main] DEBUG org.hibernate.orm.results.loading.entity - (EntityJoinedFetchInitializer) EntityKey (org.frcpm.models.TeamMember.attendances.{element}) is null
10:24:15.644 [main] DEBUG org.hibernate.orm.results.loading.org.hibernate.orm.results.loading.collection - (DelayedCollectionInitializer) Current row collection key : org.frcpm.models.TeamMember.assignedTasks#154
10:24:15.644 [main] DEBUG org.hibernate.orm.results.loading.entity - (EntityResultInitializer) Created new entity instance [org.frcpm.models.TeamMember#154] : 2020036850
10:24:15.644 [main] DEBUG org.hibernate.orm.results.loading.org.hibernate.orm.results.loading.collection - (SetInitializer) Created new collection wrapper [org.frcpm.models.TeamMember.attendances#154] : org.hibernate.collection.spi.PersistentSet@1134610555
10:24:15.644 [main] DEBUG org.hibernate.orm.results.loading.org.hibernate.orm.results.loading.collection - (SetInitializer) Responsible for loading collection [org.frcpm.models.TeamMember.attendances#154] : org.hibernate.collection.spi.PersistentSet@1134610555
10:24:15.644 [main] DEBUG org.hibernate.orm.results - Extracted JDBC value [13] - [null]
10:24:15.644 [main] DEBUG org.hibernate.orm.results - Extracted JDBC value [7] - [attendance2@example.com]
10:24:15.644 [main] DEBUG org.hibernate.orm.results - Extracted JDBC value [8] - [Attendance]
10:24:15.644 [main] DEBUG org.hibernate.orm.results - Extracted JDBC value [9] - [Test2]
10:24:15.644 [main] DEBUG org.hibernate.orm.results - Extracted JDBC value [10] - [false]
10:24:15.644 [main] DEBUG org.hibernate.orm.results - Extracted JDBC value [11] - [null]
10:24:15.644 [main] DEBUG org.hibernate.orm.results - Extracted JDBC value [12] - [null]
10:24:15.644 [main] DEBUG org.hibernate.orm.results - Extracted JDBC value [14] - [attendancetest2]
10:24:15.644 [main] DEBUG org.hibernate.orm.results.loading.entity - (EntityResultInitializer) Done materializing entityInstance : org.frcpm.models.TeamMember#154
10:24:15.644 [main] DEBUG org.hibernate.orm.results.loading - Calling top-level assembler (0 / 1) : org.hibernate.sql.results.graph.entity.internal.EntityAssembler@5fb7c93b
10:24:15.644 [main] DEBUG org.hibernate.sql.results.internal.ResultsHelper - Collection fully initialized: [org.frcpm.models.TeamMember.attendances#154]
10:24:15.645 [main] DEBUG org.hibernate.engine.spi.CollectionEntry - Reset storedSnapshot to {} for CollectionEntry[org.frcpm.models.TeamMember.assignedTasks#154]
10:24:15.645 [main] DEBUG org.hibernate.engine.spi.CollectionEntry - Reset storedSnapshot to {} for CollectionEntry[org.frcpm.models.TeamMember.attendances#154]
10:24:15.645 [main] DEBUG org.hibernate.engine.transaction.internal.TransactionImpl - committing
10:24:15.646 [main] DEBUG org.hibernate.event.internal.AbstractFlushingEventListener - Processing flush-time cascades
10:24:15.646 [main] DEBUG org.hibernate.event.internal.AbstractFlushingEventListener - Dirty checking collections
10:24:15.646 [main] DEBUG org.hibernate.engine.internal.Collections - Collection dereferenced: [org.frcpm.models.TeamMember.assignedTasks#154]
10:24:15.646 [main] DEBUG org.hibernate.engine.internal.Collections - Collection dereferenced: [org.frcpm.models.TeamMember.attendances#154]
10:24:15.646 [main] DEBUG org.hibernate.event.internal.AbstractFlushingEventListener - Flushed: 0 insertions, 0 updates, 1 deletions to 1 objects
10:24:15.646 [main] DEBUG org.hibernate.event.internal.AbstractFlushingEventListener - Flushed: 0 (re)creations, 0 updates, 2 removals to 2 collections
10:24:15.646 [main] DEBUG org.hibernate.internal.util.EntityPrinter - Listing entities:
10:24:15.646 [main] DEBUG org.hibernate.internal.util.EntityPrinter - org.frcpm.models.TeamMember{skills=null, firstName=Attendance, lastName=Test2, leader=false, subteam=null, phone=null, id=154, attendances=[], email=attendance2@example.com, assignedTasks=<uninitialized>, username=attendancetest2}
10:24:15.646 [main] DEBUG org.hibernate.SQL - delete from team_members where id=?
10:24:15.647 [main] DEBUG org.hibernate.orm.jdbc.batch - PreparedStatementDetails did not contain PreparedStatement on #releaseStatements : delete from team_members where id=?
10:24:15.648 [main] DEBUG org.hibernate.orm.jdbc.batch - PreparedStatementDetails did not contain PreparedStatement on #releaseStatements : delete from team_members where id=?
10:24:15.648 [main] DEBUG org.hibernate.resource.jdbc.internal.LogicalConnectionManagedImpl - Initiating JDBC connection release from afterTransaction
10:24:15.648 [main] DEBUG org.hibernate.orm.jdbc.batch - PreparedStatementDetails did not contain PreparedStatement on #releaseStatements : delete from team_members where id=?
10:24:15.648 [main] DEBUG org.hibernate.orm.jdbc.batch - PreparedStatementDetails did not contain PreparedStatement on #releaseStatements : delete from team_members where id=?
10:24:15.648 [main] DEBUG org.hibernate.resource.jdbc.internal.LogicalConnectionManagedImpl - Initiating JDBC connection release from afterTransaction
10:24:15.648 [main] DEBUG org.hibernate.engine.jdbc.internal.JdbcCoordinatorImpl - HHH000420: Closing un-released batch
10:24:15.648 [main] DEBUG org.hibernate.orm.jdbc.batch - PreparedStatementDetails did not contain PreparedStatement on #releaseStatements : delete from team_members where id=?
10:24:15.648 [main] DEBUG org.hibernate.orm.jdbc.batch - PreparedStatementDetails did not contain PreparedStatement on #releaseStatements : delete from team_members where id=?
10:24:15.648 [main] DEBUG org.hibernate.engine.transaction.internal.TransactionImpl - On TransactionImpl creation, JpaCompliance#isJpaTransactionComplianceEnabled == false
10:24:15.648 [main] DEBUG org.hibernate.engine.transaction.internal.TransactionImpl - begin
10:24:15.649 [main] DEBUG org.hibernate.orm.sql.ast.create - Created new SQL alias : p1_0
10:24:15.649 [main] DEBUG org.hibernate.orm.sql.ast.create - Registration of TableGroup [StandardTableGroup(org.frcpm.models.Project)] with identifierForTableGroup [org.frcpm.models.Project] for NavigablePath [org.frcpm.models.Project] 
10:24:15.649 [main] DEBUG org.hibernate.orm.sql.ast.create - Created new SQL alias : m1_0
10:24:15.649 [main] DEBUG org.hibernate.orm.sql.ast.create - Registration of TableGroup [org.hibernate.sql.ast.tree.from.OneToManyTableGroup@6631fa27] with identifierForTableGroup [org.frcpm.models.Project.meetings] for NavigablePath [org.frcpm.models.Project.meetings] 
10:24:15.649 [main] DEBUG org.hibernate.orm.sql.ast.create - Registration of TableGroup [StandardTableGroup(org.frcpm.models.Project.meetings.{element})] with identifierForTableGroup [org.frcpm.models.Project.meetings.{element}] for NavigablePath [org.frcpm.models.Project.meetings.{element}] 
10:24:15.650 [main] DEBUG org.hibernate.orm.sql.ast.create - Registration of TableGroup [org.hibernate.sql.ast.tree.from.LazyTableGroup@2397158a] with identifierForTableGroup [org.frcpm.models.Project.meetings.{element}.project] for NavigablePath [org.frcpm.models.Project.meetings.{element}.project] 
10:24:15.650 [main] DEBUG org.hibernate.orm.results.graph.AST - DomainResult Graph:
 \-EntityResultImpl [org.frcpm.models.Project]
 |  +-BasicFetch [org.frcpm.models.Project.description]
 |  +-BasicFetch [org.frcpm.models.Project.goalEndDate]
 |  +-BasicFetch [org.frcpm.models.Project.hardDeadline]
 |  +-EagerCollectionFetch [org.frcpm.models.Project.meetings]
 |  |  \-EntityFetchJoinedImpl [org.frcpm.models.Project.meetings.{element}]
 |  +-SelectEagerCollectionFetch [org.frcpm.models.Project.milestones]
 |  +-BasicFetch [org.frcpm.models.Project.name]
 |  +-BasicFetch [org.frcpm.models.Project.startDate]
 |  \-SelectEagerCollectionFetch [org.frcpm.models.Project.tasks]

10:24:15.650 [main] DEBUG org.hibernate.orm.sql.ast.tree - SQL AST Tree:
    SelectStatement {
      FromClause {
        StandardTableGroup (p1 : org.frcpm.models.Project) {
          primaryTableReference : projects as p1_0
          TableGroupJoins {
            left  join OneToManyTableGroup (m1 : org.frcpm.models.Project.meetings) {
              primaryTableReference : meetings as m1_0
              TableGroupJoins {
                left  join LazyTableGroup (p2 : org.frcpm.models.Project.meetings.{element}.project) {
                }
              }
            }
          }
        }
      }
    }

10:24:15.650 [main] DEBUG org.hibernate.orm.sql.exec - Skipping reading Query result cache data: cache-enabled = false, cache-mode = IGNORE
10:24:15.652 [main] DEBUG org.hibernate.orm.results - Initializer list:
	  org.frcpm.models.Project.meetings -> BagInitializer(org.frcpm.models.Project.meetings)@1882750566 (PluralAttribute(org.frcpm.models.Project.meetings))
	  org.frcpm.models.Project.tasks -> SelectEagerCollectionInitializer(org.frcpm.models.Project.tasks)@431051396 (PluralAttribute(org.frcpm.models.Project.tasks))
	  org.frcpm.models.Project.meetings.{element} -> EntityJoinedFetchInitializer(org.frcpm.models.Project.meetings.{element})@43069309 (EntityCollectionPart(org.frcpm.models.Project.meetings#{element})@124432259)
	  org.frcpm.models.Project.meetings.{element}.attendances -> SelectEagerCollectionInitializer(org.frcpm.models.Project.meetings.{element}.attendances)@873605702 (PluralAttribute(org.frcpm.models.Meeting.attendances))
	  org.frcpm.models.Project -> EntityResultInitializer(org.frcpm.models.Project)@665086770 (SingleTableEntityPersister(org.frcpm.models.Project))
	  org.frcpm.models.Project.milestones -> SelectEagerCollectionInitializer(org.frcpm.models.Project.milestones)@751125116 (PluralAttribute(org.frcpm.models.Project.milestones))

10:24:15.652 [main] DEBUG org.hibernate.SQL - select p1_0.id,p1_0.description,p1_0.goal_end_date,p1_0.hard_deadline,p1_0.name,p1_0.start_date,m1_0.project_id,m1_0.id,m1_0.date,m1_0.end_time,m1_0.notes,m1_0.start_time from projects p1_0 left join meetings m1_0 on p1_0.id=m1_0.project_id where p1_0.id=?
10:24:15.652 [main] DEBUG org.hibernate.orm.results.loading.entity - (EntityResultInitializer) Hydrated EntityKey (org.frcpm.models.Project): 165
10:24:15.652 [main] DEBUG org.hibernate.orm.results.loading.org.hibernate.orm.results.loading.collection - (BagInitializer) Current row collection key : org.frcpm.models.Project.meetings#165
10:24:15.652 [main] DEBUG org.hibernate.orm.results - Extracted JDBC value [6] - [null]
10:24:15.652 [main] DEBUG org.hibernate.orm.results - Extracted JDBC value [7] - [null]
10:24:15.652 [main] DEBUG org.hibernate.orm.results.loading.entity - (EntityJoinedFetchInitializer) EntityKey (org.frcpm.models.Project.meetings.{element}) is null
10:24:15.652 [main] DEBUG org.hibernate.orm.results.loading.org.hibernate.orm.results.loading.collection - (SelectEagerCollectionInitializer) Current row collection key : org.frcpm.models.Project.milestones#165
10:24:15.652 [main] DEBUG org.hibernate.orm.results.loading.org.hibernate.orm.results.loading.collection - (SelectEagerCollectionInitializer) Current row collection key : org.frcpm.models.Project.tasks#165
10:24:15.653 [main] DEBUG org.hibernate.orm.results.loading.entity - (EntityResultInitializer) Created new entity instance [org.frcpm.models.Project#165] : 1595780841
10:24:15.653 [main] DEBUG org.hibernate.orm.results.loading.org.hibernate.orm.results.loading.collection - (BagInitializer) Created new collection wrapper [org.frcpm.models.Project.meetings#165] : org.hibernate.collection.spi.PersistentBag@1498268116
10:24:15.653 [main] DEBUG org.hibernate.orm.results.loading.org.hibernate.orm.results.loading.collection - (BagInitializer) Responsible for loading collection [org.frcpm.models.Project.meetings#165] : org.hibernate.collection.spi.PersistentBag@1498268116
10:24:15.653 [main] DEBUG org.hibernate.orm.results - Extracted JDBC value [1] - [null]
10:24:15.653 [main] DEBUG org.hibernate.orm.results - Extracted JDBC value [2] - [2025-06-06]
10:24:15.653 [main] DEBUG org.hibernate.orm.results - Extracted JDBC value [3] - [2025-06-20]
10:24:15.653 [main] DEBUG org.hibernate.orm.results - Extracted JDBC value [4] - [Test Attendance Project]
10:24:15.653 [main] DEBUG org.hibernate.orm.results - Extracted JDBC value [5] - [2025-04-25]
10:24:15.653 [main] DEBUG org.hibernate.orm.results.loading.entity - (EntityResultInitializer) Done materializing entityInstance : org.frcpm.models.Project#165
10:24:15.653 [main] DEBUG org.hibernate.orm.results.loading - Calling top-level assembler (0 / 1) : org.hibernate.sql.results.graph.entity.internal.EntityAssembler@6453358b
10:24:15.653 [main] DEBUG org.hibernate.sql.results.internal.ResultsHelper - Collection fully initialized: [org.frcpm.models.Project.meetings#165]
10:24:15.653 [main] DEBUG org.hibernate.orm.sql.exec - Skipping reading Query result cache data: cache-enabled = false, cache-mode = IGNORE
10:24:15.653 [main] DEBUG org.hibernate.orm.results - Initializer list:
	  org.frcpm.models.Project.tasks.{element}.assignedTo -> DelayedCollectionInitializer(org.frcpm.models.Project.tasks.{element}.assignedTo)@1395071924 (PluralAttribute(org.frcpm.models.Task.assignedTo))
	  org.frcpm.models.Project.tasks.{element}.postDependencies -> DelayedCollectionInitializer(org.frcpm.models.Project.tasks.{element}.postDependencies)@654480344 (PluralAttribute(org.frcpm.models.Task.postDependencies))
	  org.frcpm.models.Project.tasks.{element} -> EntityJoinedFetchInitializer(org.frcpm.models.Project.tasks.{element})@748195302 (EntityCollectionPart(org.frcpm.models.Project.tasks#{element})@1369049747)
	  org.frcpm.models.Project.tasks.{element}.requiredComponents -> DelayedCollectionInitializer(org.frcpm.models.Project.tasks.{element}.requiredComponents)@973816239 (PluralAttribute(org.frcpm.models.Task.requiredComponents))
	  org.frcpm.models.Project.tasks.{element}.project -> EntityDelayedFetchInitializer(org.frcpm.models.Project.tasks.{element}.project)@153389413 (ToOneAttributeMapping(NavigableRole[org.frcpm.models.Task.project])@1639698970)
	  org.frcpm.models.Project.tasks.{element}.subsystem -> EntityDelayedFetchInitializer(org.frcpm.models.Project.tasks.{element}.subsystem)@1626640940 (ToOneAttributeMapping(NavigableRole[org.frcpm.models.Task.subsystem])@9609636)
	  org.frcpm.models.Project.tasks.{element}.preDependencies -> DelayedCollectionInitializer(org.frcpm.models.Project.tasks.{element}.preDependencies)@760246130 (PluralAttribute(org.frcpm.models.Task.preDependencies))
	  org.frcpm.models.Project.tasks -> BagInitializer(org.frcpm.models.Project.tasks)@306467776 (PluralAttribute(org.frcpm.models.Project.tasks))

10:24:15.653 [main] DEBUG org.hibernate.SQL - select t1_0.project_id,t1_0.id,t1_0.actual_duration_seconds,t1_0.completed,t1_0.description,t1_0.end_date,t1_0.estimated_duration_seconds,t1_0.priority,t1_0.progress,t1_0.start_date,t1_0.subsystem_id,t1_0.title from tasks t1_0 where t1_0.project_id=?
10:24:15.654 [main] DEBUG org.hibernate.sql.results.internal.ResultsHelper - Collection fully initialized: [org.frcpm.models.Project.tasks#165]
10:24:15.654 [main] DEBUG org.hibernate.orm.sql.exec - Skipping reading Query result cache data: cache-enabled = false, cache-mode = IGNORE
10:24:15.654 [main] DEBUG org.hibernate.orm.results - Initializer list:
	  org.frcpm.models.Project.milestones.{element}.project -> EntityDelayedFetchInitializer(org.frcpm.models.Project.milestones.{element}.project)@1844055647 (ToOneAttributeMapping(NavigableRole[org.frcpm.models.Milestone.project])@1568709233)
	  org.frcpm.models.Project.milestones.{element} -> EntityJoinedFetchInitializer(org.frcpm.models.Project.milestones.{element})@632266993 (EntityCollectionPart(org.frcpm.models.Project.milestones#{element})@417915985)
	  org.frcpm.models.Project.milestones -> BagInitializer(org.frcpm.models.Project.milestones)@634231269 (PluralAttribute(org.frcpm.models.Project.milestones))

10:24:15.654 [main] DEBUG org.hibernate.SQL - select m1_0.project_id,m1_0.id,m1_0.date,m1_0.description,m1_0.name from milestones m1_0 where m1_0.project_id=?
10:24:15.654 [main] DEBUG org.hibernate.sql.results.internal.ResultsHelper - Collection fully initialized: [org.frcpm.models.Project.milestones#165]
10:24:15.655 [main] DEBUG org.hibernate.engine.spi.CollectionEntry - Reset storedSnapshot to [] for CollectionEntry[org.frcpm.models.Project.meetings#165]
10:24:15.655 [main] DEBUG org.hibernate.engine.spi.CollectionEntry - Reset storedSnapshot to [] for CollectionEntry[org.frcpm.models.Project.milestones#165]
10:24:15.655 [main] DEBUG org.hibernate.engine.spi.CollectionEntry - Reset storedSnapshot to [] for CollectionEntry[org.frcpm.models.Project.tasks#165]
10:24:15.655 [main] DEBUG org.hibernate.engine.transaction.internal.TransactionImpl - committing
10:24:15.655 [main] DEBUG org.hibernate.event.internal.AbstractFlushingEventListener - Processing flush-time cascades
10:24:15.655 [main] DEBUG org.hibernate.event.internal.AbstractFlushingEventListener - Dirty checking collections
10:24:15.655 [main] DEBUG org.hibernate.engine.internal.Collections - Collection dereferenced: [org.frcpm.models.Project.meetings#165]
10:24:15.655 [main] DEBUG org.hibernate.engine.internal.Collections - Collection dereferenced: [org.frcpm.models.Project.milestones#165]
10:24:15.655 [main] DEBUG org.hibernate.engine.internal.Collections - Collection dereferenced: [org.frcpm.models.Project.tasks#165]
10:24:15.655 [main] DEBUG org.hibernate.event.internal.AbstractFlushingEventListener - Flushed: 0 insertions, 0 updates, 1 deletions to 1 objects
10:24:15.655 [main] DEBUG org.hibernate.event.internal.AbstractFlushingEventListener - Flushed: 0 (re)creations, 0 updates, 3 removals to 3 collections
10:24:15.655 [main] DEBUG org.hibernate.internal.util.EntityPrinter - Listing entities:
10:24:15.655 [main] DEBUG org.hibernate.internal.util.EntityPrinter - org.frcpm.models.Project{hardDeadline=2025-06-20, name=Test Attendance Project, description=null, meetings=[], id=165, goalEndDate=2025-06-06, milestones=[], startDate=2025-04-25, tasks=[]}
10:24:15.655 [main] DEBUG org.hibernate.SQL - delete from projects where id=?
10:24:15.656 [main] DEBUG org.hibernate.orm.jdbc.batch - PreparedStatementDetails did not contain PreparedStatement on #releaseStatements : delete from projects where id=?
10:24:15.656 [main] DEBUG org.hibernate.orm.jdbc.batch - PreparedStatementDetails did not contain PreparedStatement on #releaseStatements : delete from projects where id=?
10:24:15.656 [main] DEBUG org.hibernate.resource.jdbc.internal.LogicalConnectionManagedImpl - Initiating JDBC connection release from afterTransaction
10:24:15.656 [main] DEBUG org.hibernate.orm.jdbc.batch - PreparedStatementDetails did not contain PreparedStatement on #releaseStatements : delete from projects where id=?
10:24:15.656 [main] DEBUG org.hibernate.orm.jdbc.batch - PreparedStatementDetails did not contain PreparedStatement on #releaseStatements : delete from projects where id=?
10:24:15.656 [main] DEBUG org.hibernate.resource.jdbc.internal.LogicalConnectionManagedImpl - Initiating JDBC connection release from afterTransaction
10:24:15.656 [main] DEBUG org.hibernate.engine.jdbc.internal.JdbcCoordinatorImpl - HHH000420: Closing un-released batch
10:24:15.656 [main] DEBUG org.hibernate.orm.jdbc.batch - PreparedStatementDetails did not contain PreparedStatement on #releaseStatements : delete from projects where id=?
10:24:15.656 [main] DEBUG org.hibernate.orm.jdbc.batch - PreparedStatementDetails did not contain PreparedStatement on #releaseStatements : delete from projects where id=?
10:24:15.656 [main] DEBUG org.hibernate.internal.SessionFactoryImpl - HHH000031: Closing
10:24:15.656 [main] DEBUG org.hibernate.type.spi.TypeConfiguration$Scope - Un-scoping TypeConfiguration [org.hibernate.type.spi.TypeConfiguration$Scope@32695df5] from SessionFactory [org.hibernate.internal.SessionFactoryImpl@71d92887]
10:24:15.656 [main] DEBUG org.hibernate.service.internal.AbstractServiceRegistryImpl - Implicitly destroying ServiceRegistry on de-registration of all child ServiceRegistries
10:24:15.656 [main] INFO com.zaxxer.hikari.HikariDataSource - FRC-PM-HikariCP - Shutdown initiated...
10:24:15.656 [main] DEBUG com.zaxxer.hikari.pool.HikariPool - FRC-PM-HikariCP - Before shutdown stats (total=2, active=0, idle=2, waiting=0)
10:24:15.658 [FRC-PM-HikariCP connection closer] DEBUG com.zaxxer.hikari.pool.PoolBase - FRC-PM-HikariCP - Closing connection conn16: url=jdbc:h2:file:C:\Users\dhiebert\.frcpm\frcpm user=SA: (connection evicted)
10:24:15.658 [FRC-PM-HikariCP connection closer] DEBUG com.zaxxer.hikari.pool.PoolBase - FRC-PM-HikariCP - Closing connection conn17: url=jdbc:h2:file:C:\Users\dhiebert\.frcpm\frcpm user=SA: (connection evicted)
10:24:15.865 [main] DEBUG com.zaxxer.hikari.pool.HikariPool - FRC-PM-HikariCP - After shutdown stats (total=0, active=0, idle=0, waiting=0)
10:24:15.865 [main] INFO com.zaxxer.hikari.HikariDataSource - FRC-PM-HikariCP - Shutdown completed.
10:24:15.865 [main] DEBUG org.hibernate.boot.registry.internal.BootstrapServiceRegistryImpl - Implicitly destroying Boot-strap registry on de-registration of all child ServiceRegistries
]]></system-out>
    <system-err><![CDATA[Apr 25, 2025 10:24:15 AM org.frcpm.config.DatabaseConfig initialize
INFO: Initializing database configuration...
Apr 25, 2025 10:24:15 AM org.frcpm.config.DatabaseConfig initialize
INFO: Using FILE-BASED database at: file:C:\Users\dhiebert\.frcpm\frcpm
Apr 25, 2025 10:24:15 AM org.frcpm.config.DatabaseConfig initialize
INFO: Using JDBC URL: jdbc:h2:file:C:\Users\dhiebert\.frcpm\frcpm
Apr 25, 2025 10:24:15 AM org.frcpm.config.DatabaseConfig initialize
INFO: Using schema mode: update
Apr 25, 2025 10:24:15 AM org.frcpm.config.DatabaseConfig initialize
INFO: Database configuration initialized successfully in PRODUCTION mode
Apr 25, 2025 10:24:15 AM org.frcpm.config.DatabaseConfig shutdown
INFO: Database configuration shut down
]]></system-err>
  </testcase>
  <testcase name="testFindById" classname="org.frcpm.repositories.AttendanceRepositoryTest" time="0.472">
    <system-out><![CDATA[10:24:15.871 [main] DEBUG org.hibernate.jpa.HibernatePersistenceProvider - Located and parsed 1 persistence units; checking each
10:24:15.871 [main] DEBUG org.hibernate.jpa.HibernatePersistenceProvider - Checking persistence-unit [name=frcpm, explicit-provider=org.hibernate.jpa.HibernatePersistenceProvider] against incoming persistence unit name [frcpm]
10:24:15.871 [main] DEBUG org.hibernate.jpa.boot.spi.ProviderChecker - Persistence-unit [frcpm] requested PersistenceProvider [org.hibernate.jpa.HibernatePersistenceProvider]
10:24:15.871 [main] DEBUG org.hibernate.jpa.internal.util.LogHelper - PersistenceUnitInfo [
	name: frcpm
	persistence provider classname: org.hibernate.jpa.HibernatePersistenceProvider
	classloader: null
	excludeUnlistedClasses: false
	JTA datasource: null
	Non JTA datasource: null
	Transaction type: RESOURCE_LOCAL
	PU root URL: file:/C:/Users/dhiebert/Local%20Repositories/Project%20Management%202.0/target/classes
	Shared Cache Mode: null
	Validation Mode: null
	Jar files URLs []
	Managed classes names [
		org.frcpm.models.Project
		org.frcpm.models.Subteam
		org.frcpm.models.TeamMember
		org.frcpm.models.Subsystem
		org.frcpm.models.Task
		org.frcpm.models.Component
		org.frcpm.models.Meeting
		org.frcpm.models.Attendance
		org.frcpm.models.Milestone]
	Mapping files names []
	Properties [
		hibernate.connection.handling_mode: DELAYED_ACQUISITION_AND_RELEASE_AFTER_STATEMENT
		jakarta.persistence.jdbc.url: jdbc:h2:file:C:\Users\dhiebert\.frcpm\frcpm
		hibernate.jdbc.batch_versioned_data: null
		hibernate.cache.use_second_level_cache: null
		hibernate.show_sql: null
		jakarta.persistence.jdbc.driver: org.h2.Driver
		hibernate.jdbc.batch_size: 30
		jakarta.persistence.jdbc.user: sa
		hibernate.generate_statistics: null
		hibernate.hbm2ddl.auto: update
		hibernate.cache.use_query_cache: null
		hibernate.hikari.maximumPoolSize: 10
		hibernate.hikari.idleTimeout: 30000
		hibernate.format_sql: null
		hibernate.hikari.minimumIdle: 2
		hibernate.use_sql_comments: null
		hibernate.order_inserts: null
		hibernate.current_session_context_class: thread
		hibernate.connection.provider_class: org.hibernate.hikaricp.internal.HikariCPConnectionProvider
		hibernate.hikari.connectionTimeout: 10000
		hibernate.hikari.poolName: FRC-PM-HikariCP
		hibernate.order_updates: null
		hibernate.dialect: org.hibernate.dialect.H2Dialect
		jakarta.persistence.jdbc.password: ]
10:24:15.871 [main] DEBUG org.hibernate.integrator.internal.IntegratorServiceImpl - Adding Integrator [org.hibernate.boot.beanvalidation.BeanValidationIntegrator].
10:24:15.871 [main] DEBUG org.hibernate.integrator.internal.IntegratorServiceImpl - Adding Integrator [org.hibernate.cache.internal.CollectionCacheInvalidator].
10:24:15.873 [main] DEBUG org.hibernate.orm.idgen.factory - Ignoring CDI for resolving IdentifierGenerator instances as extended or delayed CDI support was enabled
10:24:15.874 [main] DEBUG org.hibernate.orm.idgen.factory - Registering IdentifierGenerator strategy [uuid2] -> [org.hibernate.id.UUIDGenerator]
10:24:15.874 [main] DEBUG org.hibernate.orm.idgen.factory - Registering IdentifierGenerator strategy [guid] -> [org.hibernate.id.GUIDGenerator]
10:24:15.874 [main] DEBUG org.hibernate.orm.idgen.factory - Registering IdentifierGenerator strategy [uuid] -> [org.hibernate.id.UUIDHexGenerator]
10:24:15.874 [main] DEBUG org.hibernate.orm.idgen.factory - Registering IdentifierGenerator strategy [uuid.hex] -> [org.hibernate.id.UUIDHexGenerator]
10:24:15.874 [main] DEBUG org.hibernate.orm.idgen.factory - Registering IdentifierGenerator strategy [assigned] -> [org.hibernate.id.Assigned]
10:24:15.874 [main] DEBUG org.hibernate.orm.idgen.factory - Registering IdentifierGenerator strategy [identity] -> [org.hibernate.id.IdentityGenerator]
10:24:15.874 [main] DEBUG org.hibernate.orm.idgen.factory - Registering IdentifierGenerator strategy [select] -> [org.hibernate.id.SelectGenerator]
10:24:15.874 [main] DEBUG org.hibernate.orm.idgen.factory - Registering IdentifierGenerator strategy [sequence] -> [org.hibernate.id.enhanced.SequenceStyleGenerator]
10:24:15.874 [main] DEBUG org.hibernate.orm.idgen.factory - Registering IdentifierGenerator strategy [increment] -> [org.hibernate.id.IncrementGenerator]
10:24:15.874 [main] DEBUG org.hibernate.orm.idgen.factory - Registering IdentifierGenerator strategy [foreign] -> [org.hibernate.id.ForeignGenerator]
10:24:15.874 [main] DEBUG org.hibernate.orm.idgen.factory - Registering IdentifierGenerator strategy [enhanced-sequence] -> [org.hibernate.id.enhanced.SequenceStyleGenerator]
10:24:15.874 [main] DEBUG org.hibernate.orm.idgen.factory - Registering IdentifierGenerator strategy [enhanced-table] -> [org.hibernate.id.enhanced.TableGenerator]
10:24:15.874 [main] INFO org.hibernate.cache.internal.RegionFactoryInitiator - HHH000026: Second-level cache disabled
10:24:15.874 [main] DEBUG org.hibernate.type.BasicTypeRegistry - Adding type registration boolean -> org.hibernate.type.BasicTypeReference@2f4919b0
10:24:15.874 [main] DEBUG org.hibernate.type.BasicTypeRegistry - Adding type registration boolean -> org.hibernate.type.BasicTypeReference@2f4919b0
10:24:15.874 [main] DEBUG org.hibernate.type.BasicTypeRegistry - Adding type registration java.lang.Boolean -> org.hibernate.type.BasicTypeReference@2f4919b0
10:24:15.874 [main] DEBUG org.hibernate.type.BasicTypeRegistry - Adding type registration numeric_boolean -> org.hibernate.type.BasicTypeReference@a8a8b75
10:24:15.874 [main] DEBUG org.hibernate.type.BasicTypeRegistry - Adding type registration org.hibernate.type.NumericBooleanConverter -> org.hibernate.type.BasicTypeReference@a8a8b75
10:24:15.874 [main] DEBUG org.hibernate.type.BasicTypeRegistry - Adding type registration true_false -> org.hibernate.type.BasicTypeReference@75b21c3b
10:24:15.874 [main] DEBUG org.hibernate.type.BasicTypeRegistry - Adding type registration org.hibernate.type.TrueFalseConverter -> org.hibernate.type.BasicTypeReference@75b21c3b
10:24:15.874 [main] DEBUG org.hibernate.type.BasicTypeRegistry - Adding type registration yes_no -> org.hibernate.type.BasicTypeReference@72be135f
10:24:15.874 [main] DEBUG org.hibernate.type.BasicTypeRegistry - Adding type registration org.hibernate.type.YesNoConverter -> org.hibernate.type.BasicTypeReference@72be135f
10:24:15.874 [main] DEBUG org.hibernate.type.BasicTypeRegistry - Adding type registration byte -> org.hibernate.type.BasicTypeReference@155d1021
10:24:15.874 [main] DEBUG org.hibernate.type.BasicTypeRegistry - Adding type registration byte -> org.hibernate.type.BasicTypeReference@155d1021
10:24:15.874 [main] DEBUG org.hibernate.type.BasicTypeRegistry - Adding type registration java.lang.Byte -> org.hibernate.type.BasicTypeReference@155d1021
10:24:15.874 [main] DEBUG org.hibernate.type.BasicTypeRegistry - Adding type registration binary -> org.hibernate.type.BasicTypeReference@4bd2f0dc
10:24:15.874 [main] DEBUG org.hibernate.type.BasicTypeRegistry - Adding type registration byte[] -> org.hibernate.type.BasicTypeReference@4bd2f0dc
10:24:15.874 [main] DEBUG org.hibernate.type.BasicTypeRegistry - Adding type registration [B -> org.hibernate.type.BasicTypeReference@4bd2f0dc
10:24:15.874 [main] DEBUG org.hibernate.type.BasicTypeRegistry - Adding type registration binary_wrapper -> org.hibernate.type.BasicTypeReference@2e647e59
10:24:15.874 [main] DEBUG org.hibernate.type.BasicTypeRegistry - Adding type registration wrapper-binary -> org.hibernate.type.BasicTypeReference@2e647e59
10:24:15.874 [main] DEBUG org.hibernate.type.BasicTypeRegistry - Adding type registration image -> org.hibernate.type.BasicTypeReference@2c42b421
10:24:15.874 [main] DEBUG org.hibernate.type.BasicTypeRegistry - Adding type registration blob -> org.hibernate.type.BasicTypeReference@51e37590
10:24:15.874 [main] DEBUG org.hibernate.type.BasicTypeRegistry - Adding type registration java.sql.Blob -> org.hibernate.type.BasicTypeReference@51e37590
10:24:15.874 [main] DEBUG org.hibernate.type.BasicTypeRegistry - Adding type registration materialized_blob -> org.hibernate.type.BasicTypeReference@deb3b60
10:24:15.874 [main] DEBUG org.hibernate.type.BasicTypeRegistry - Adding type registration materialized_blob_wrapper -> org.hibernate.type.BasicTypeReference@701a32
10:24:15.874 [main] DEBUG org.hibernate.type.BasicTypeRegistry - Adding type registration short -> org.hibernate.type.BasicTypeReference@39aa45a1
10:24:15.874 [main] DEBUG org.hibernate.type.BasicTypeRegistry - Adding type registration short -> org.hibernate.type.BasicTypeReference@39aa45a1
10:24:15.874 [main] DEBUG org.hibernate.type.BasicTypeRegistry - Adding type registration java.lang.Short -> org.hibernate.type.BasicTypeReference@39aa45a1
10:24:15.874 [main] DEBUG org.hibernate.type.BasicTypeRegistry - Adding type registration integer -> org.hibernate.type.BasicTypeReference@73aff8f1
10:24:15.874 [main] DEBUG org.hibernate.type.BasicTypeRegistry - Adding type registration int -> org.hibernate.type.BasicTypeReference@73aff8f1
10:24:15.874 [main] DEBUG org.hibernate.type.BasicTypeRegistry - Adding type registration java.lang.Integer -> org.hibernate.type.BasicTypeReference@73aff8f1
10:24:15.874 [main] DEBUG org.hibernate.type.BasicTypeRegistry - Adding type registration long -> org.hibernate.type.BasicTypeReference@27cbfddf
10:24:15.874 [main] DEBUG org.hibernate.type.BasicTypeRegistry - Adding type registration long -> org.hibernate.type.BasicTypeReference@27cbfddf
10:24:15.874 [main] DEBUG org.hibernate.type.BasicTypeRegistry - Adding type registration java.lang.Long -> org.hibernate.type.BasicTypeReference@27cbfddf
10:24:15.874 [main] DEBUG org.hibernate.type.BasicTypeRegistry - Adding type registration float -> org.hibernate.type.BasicTypeReference@27ead29e
10:24:15.874 [main] DEBUG org.hibernate.type.BasicTypeRegistry - Adding type registration float -> org.hibernate.type.BasicTypeReference@27ead29e
10:24:15.874 [main] DEBUG org.hibernate.type.BasicTypeRegistry - Adding type registration java.lang.Float -> org.hibernate.type.BasicTypeReference@27ead29e
10:24:15.874 [main] DEBUG org.hibernate.type.BasicTypeRegistry - Adding type registration double -> org.hibernate.type.BasicTypeReference@4c060c8f
10:24:15.874 [main] DEBUG org.hibernate.type.BasicTypeRegistry - Adding type registration double -> org.hibernate.type.BasicTypeReference@4c060c8f
10:24:15.874 [main] DEBUG org.hibernate.type.BasicTypeRegistry - Adding type registration java.lang.Double -> org.hibernate.type.BasicTypeReference@4c060c8f
10:24:15.874 [main] DEBUG org.hibernate.type.BasicTypeRegistry - Adding type registration big_integer -> org.hibernate.type.BasicTypeReference@40620d8e
10:24:15.874 [main] DEBUG org.hibernate.type.BasicTypeRegistry - Adding type registration java.math.BigInteger -> org.hibernate.type.BasicTypeReference@40620d8e
10:24:15.874 [main] DEBUG org.hibernate.type.BasicTypeRegistry - Adding type registration big_decimal -> org.hibernate.type.BasicTypeReference@383f3558
10:24:15.874 [main] DEBUG org.hibernate.type.BasicTypeRegistry - Adding type registration java.math.BigDecimal -> org.hibernate.type.BasicTypeReference@383f3558
10:24:15.874 [main] DEBUG org.hibernate.type.BasicTypeRegistry - Adding type registration character -> org.hibernate.type.BasicTypeReference@49b07ee3
10:24:15.874 [main] DEBUG org.hibernate.type.BasicTypeRegistry - Adding type registration char -> org.hibernate.type.BasicTypeReference@49b07ee3
10:24:15.874 [main] DEBUG org.hibernate.type.BasicTypeRegistry - Adding type registration java.lang.Character -> org.hibernate.type.BasicTypeReference@49b07ee3
10:24:15.874 [main] DEBUG org.hibernate.type.BasicTypeRegistry - Adding type registration character_nchar -> org.hibernate.type.BasicTypeReference@352e612e
10:24:15.874 [main] DEBUG org.hibernate.type.BasicTypeRegistry - Adding type registration string -> org.hibernate.type.BasicTypeReference@65f00478
10:24:15.874 [main] DEBUG org.hibernate.type.BasicTypeRegistry - Adding type registration java.lang.String -> org.hibernate.type.BasicTypeReference@65f00478
10:24:15.874 [main] DEBUG org.hibernate.type.BasicTypeRegistry - Adding type registration nstring -> org.hibernate.type.BasicTypeReference@2424686b
10:24:15.874 [main] DEBUG org.hibernate.type.BasicTypeRegistry - Adding type registration characters -> org.hibernate.type.BasicTypeReference@6ea94d6a
10:24:15.874 [main] DEBUG org.hibernate.type.BasicTypeRegistry - Adding type registration char[] -> org.hibernate.type.BasicTypeReference@6ea94d6a
10:24:15.874 [main] DEBUG org.hibernate.type.BasicTypeRegistry - Adding type registration [C -> org.hibernate.type.BasicTypeReference@6ea94d6a
10:24:15.874 [main] DEBUG org.hibernate.type.BasicTypeRegistry - Adding type registration wrapper-characters -> org.hibernate.type.BasicTypeReference@28486680
10:24:15.874 [main] DEBUG org.hibernate.type.BasicTypeRegistry - Adding type registration text -> org.hibernate.type.BasicTypeReference@4d7e7435
10:24:15.874 [main] DEBUG org.hibernate.type.BasicTypeRegistry - Adding type registration ntext -> org.hibernate.type.BasicTypeReference@4a1e3ac1
10:24:15.874 [main] DEBUG org.hibernate.type.BasicTypeRegistry - Adding type registration clob -> org.hibernate.type.BasicTypeReference@6e78fcf5
10:24:15.874 [main] DEBUG org.hibernate.type.BasicTypeRegistry - Adding type registration java.sql.Clob -> org.hibernate.type.BasicTypeReference@6e78fcf5
10:24:15.874 [main] DEBUG org.hibernate.type.BasicTypeRegistry - Adding type registration nclob -> org.hibernate.type.BasicTypeReference@56febdc
10:24:15.874 [main] DEBUG org.hibernate.type.BasicTypeRegistry - Adding type registration java.sql.NClob -> org.hibernate.type.BasicTypeReference@56febdc
10:24:15.874 [main] DEBUG org.hibernate.type.BasicTypeRegistry - Adding type registration materialized_clob -> org.hibernate.type.BasicTypeReference@3b8ee898
10:24:15.874 [main] DEBUG org.hibernate.type.BasicTypeRegistry - Adding type registration materialized_clob_char_array -> org.hibernate.type.BasicTypeReference@7d151a
10:24:15.874 [main] DEBUG org.hibernate.type.BasicTypeRegistry - Adding type registration materialized_clob_character_array -> org.hibernate.type.BasicTypeReference@294bdeb4
10:24:15.874 [main] DEBUG org.hibernate.type.BasicTypeRegistry - Adding type registration materialized_nclob -> org.hibernate.type.BasicTypeReference@5300f14a
10:24:15.874 [main] DEBUG org.hibernate.type.BasicTypeRegistry - Adding type registration materialized_nclob_character_array -> org.hibernate.type.BasicTypeReference@1f86099a
10:24:15.874 [main] DEBUG org.hibernate.type.BasicTypeRegistry - Adding type registration materialized_nclob_char_array -> org.hibernate.type.BasicTypeReference@77bb0ab5
10:24:15.874 [main] DEBUG org.hibernate.type.BasicTypeRegistry - Adding type registration Duration -> org.hibernate.type.BasicTypeReference@f2c488
10:24:15.874 [main] DEBUG org.hibernate.type.BasicTypeRegistry - Adding type registration java.time.Duration -> org.hibernate.type.BasicTypeReference@f2c488
10:24:15.874 [main] DEBUG org.hibernate.type.BasicTypeRegistry - Adding type registration LocalDateTime -> org.hibernate.type.BasicTypeReference@54acff7d
10:24:15.874 [main] DEBUG org.hibernate.type.BasicTypeRegistry - Adding type registration java.time.LocalDateTime -> org.hibernate.type.BasicTypeReference@54acff7d
10:24:15.874 [main] DEBUG org.hibernate.type.BasicTypeRegistry - Adding type registration LocalDate -> org.hibernate.type.BasicTypeReference@7bc9e6ab
10:24:15.874 [main] DEBUG org.hibernate.type.BasicTypeRegistry - Adding type registration java.time.LocalDate -> org.hibernate.type.BasicTypeReference@7bc9e6ab
10:24:15.874 [main] DEBUG org.hibernate.type.BasicTypeRegistry - Adding type registration LocalTime -> org.hibernate.type.BasicTypeReference@5488b5c5
10:24:15.874 [main] DEBUG org.hibernate.type.BasicTypeRegistry - Adding type registration java.time.LocalTime -> org.hibernate.type.BasicTypeReference@5488b5c5
10:24:15.874 [main] DEBUG org.hibernate.type.BasicTypeRegistry - Adding type registration OffsetDateTime -> org.hibernate.type.BasicTypeReference@4248ed58
10:24:15.874 [main] DEBUG org.hibernate.type.BasicTypeRegistry - Adding type registration java.time.OffsetDateTime -> org.hibernate.type.BasicTypeReference@4248ed58
10:24:15.874 [main] DEBUG org.hibernate.type.BasicTypeRegistry - Adding type registration OffsetDateTimeWithTimezone -> org.hibernate.type.BasicTypeReference@712ca57b
10:24:15.874 [main] DEBUG org.hibernate.type.BasicTypeRegistry - Adding type registration OffsetDateTimeWithoutTimezone -> org.hibernate.type.BasicTypeReference@4564e94b
10:24:15.874 [main] DEBUG org.hibernate.type.BasicTypeRegistry - Adding type registration OffsetTime -> org.hibernate.type.BasicTypeReference@54534abf
10:24:15.874 [main] DEBUG org.hibernate.type.BasicTypeRegistry - Adding type registration java.time.OffsetTime -> org.hibernate.type.BasicTypeReference@54534abf
10:24:15.874 [main] DEBUG org.hibernate.type.BasicTypeRegistry - Adding type registration OffsetTimeUtc -> org.hibernate.type.BasicTypeReference@51745f40
10:24:15.874 [main] DEBUG org.hibernate.type.BasicTypeRegistry - Adding type registration OffsetTimeWithTimezone -> org.hibernate.type.BasicTypeReference@45673f68
10:24:15.874 [main] DEBUG org.hibernate.type.BasicTypeRegistry - Adding type registration OffsetTimeWithoutTimezone -> org.hibernate.type.BasicTypeReference@27abb83e
10:24:15.874 [main] DEBUG org.hibernate.type.BasicTypeRegistry - Adding type registration ZonedDateTime -> org.hibernate.type.BasicTypeReference@69e308c6
10:24:15.874 [main] DEBUG org.hibernate.type.BasicTypeRegistry - Adding type registration java.time.ZonedDateTime -> org.hibernate.type.BasicTypeReference@69e308c6
10:24:15.874 [main] DEBUG org.hibernate.type.BasicTypeRegistry - Adding type registration ZonedDateTimeWithTimezone -> org.hibernate.type.BasicTypeReference@1a1ed4e5
10:24:15.874 [main] DEBUG org.hibernate.type.BasicTypeRegistry - Adding type registration ZonedDateTimeWithoutTimezone -> org.hibernate.type.BasicTypeReference@667e34b1
10:24:15.874 [main] DEBUG org.hibernate.type.BasicTypeRegistry - Adding type registration date -> org.hibernate.type.BasicTypeReference@1c6e0a08
10:24:15.874 [main] DEBUG org.hibernate.type.BasicTypeRegistry - Adding type registration java.sql.Date -> org.hibernate.type.BasicTypeReference@1c6e0a08
10:24:15.874 [main] DEBUG org.hibernate.type.BasicTypeRegistry - Adding type registration time -> org.hibernate.type.BasicTypeReference@6dba847b
10:24:15.874 [main] DEBUG org.hibernate.type.BasicTypeRegistry - Adding type registration java.sql.Time -> org.hibernate.type.BasicTypeReference@6dba847b
10:24:15.874 [main] DEBUG org.hibernate.type.BasicTypeRegistry - Adding type registration timestamp -> org.hibernate.type.BasicTypeReference@1efdcd5
10:24:15.874 [main] DEBUG org.hibernate.type.BasicTypeRegistry - Adding type registration java.sql.Timestamp -> org.hibernate.type.BasicTypeReference@1efdcd5
10:24:15.874 [main] DEBUG org.hibernate.type.BasicTypeRegistry - Adding type registration java.util.Date -> org.hibernate.type.BasicTypeReference@1efdcd5
10:24:15.874 [main] DEBUG org.hibernate.type.BasicTypeRegistry - Adding type registration calendar -> org.hibernate.type.BasicTypeReference@1623bbe5
10:24:15.874 [main] DEBUG org.hibernate.type.BasicTypeRegistry - Adding type registration java.util.Calendar -> org.hibernate.type.BasicTypeReference@1623bbe5
10:24:15.874 [main] DEBUG org.hibernate.type.BasicTypeRegistry - Adding type registration java.util.GregorianCalendar -> org.hibernate.type.BasicTypeReference@1623bbe5
10:24:15.874 [main] DEBUG org.hibernate.type.BasicTypeRegistry - Adding type registration calendar_date -> org.hibernate.type.BasicTypeReference@7af1cd63
10:24:15.874 [main] DEBUG org.hibernate.type.BasicTypeRegistry - Adding type registration calendar_time -> org.hibernate.type.BasicTypeReference@4351171a
10:24:15.874 [main] DEBUG org.hibernate.type.BasicTypeRegistry - Adding type registration instant -> org.hibernate.type.BasicTypeReference@3c2772d1
10:24:15.874 [main] DEBUG org.hibernate.type.BasicTypeRegistry - Adding type registration java.time.Instant -> org.hibernate.type.BasicTypeReference@3c2772d1
10:24:15.874 [main] DEBUG org.hibernate.type.BasicTypeRegistry - Adding type registration uuid -> org.hibernate.type.BasicTypeReference@37d00a23
10:24:15.874 [main] DEBUG org.hibernate.type.BasicTypeRegistry - Adding type registration java.util.UUID -> org.hibernate.type.BasicTypeReference@37d00a23
10:24:15.874 [main] DEBUG org.hibernate.type.BasicTypeRegistry - Adding type registration pg-uuid -> org.hibernate.type.BasicTypeReference@37d00a23
10:24:15.874 [main] DEBUG org.hibernate.type.BasicTypeRegistry - Adding type registration uuid-binary -> org.hibernate.type.BasicTypeReference@433e536f
10:24:15.874 [main] DEBUG org.hibernate.type.BasicTypeRegistry - Adding type registration uuid-char -> org.hibernate.type.BasicTypeReference@89c65d5
10:24:15.874 [main] DEBUG org.hibernate.type.BasicTypeRegistry - Adding type registration class -> org.hibernate.type.BasicTypeReference@faa3fed
10:24:15.874 [main] DEBUG org.hibernate.type.BasicTypeRegistry - Adding type registration java.lang.Class -> org.hibernate.type.BasicTypeReference@faa3fed
10:24:15.874 [main] DEBUG org.hibernate.type.BasicTypeRegistry - Adding type registration currency -> org.hibernate.type.BasicTypeReference@988246e
10:24:15.874 [main] DEBUG org.hibernate.type.BasicTypeRegistry - Adding type registration Currency -> org.hibernate.type.BasicTypeReference@988246e
10:24:15.874 [main] DEBUG org.hibernate.type.BasicTypeRegistry - Adding type registration java.util.Currency -> org.hibernate.type.BasicTypeReference@988246e
10:24:15.874 [main] DEBUG org.hibernate.type.BasicTypeRegistry - Adding type registration locale -> org.hibernate.type.BasicTypeReference@62515a47
10:24:15.874 [main] DEBUG org.hibernate.type.BasicTypeRegistry - Adding type registration java.util.Locale -> org.hibernate.type.BasicTypeReference@62515a47
10:24:15.874 [main] DEBUG org.hibernate.type.BasicTypeRegistry - Adding type registration serializable -> org.hibernate.type.BasicTypeReference@3c5a54b7
10:24:15.874 [main] DEBUG org.hibernate.type.BasicTypeRegistry - Adding type registration java.io.Serializable -> org.hibernate.type.BasicTypeReference@3c5a54b7
10:24:15.874 [main] DEBUG org.hibernate.type.BasicTypeRegistry - Adding type registration timezone -> org.hibernate.type.BasicTypeReference@61f2c3f0
10:24:15.874 [main] DEBUG org.hibernate.type.BasicTypeRegistry - Adding type registration java.util.TimeZone -> org.hibernate.type.BasicTypeReference@61f2c3f0
10:24:15.874 [main] DEBUG org.hibernate.type.BasicTypeRegistry - Adding type registration ZoneOffset -> org.hibernate.type.BasicTypeReference@291120f4
10:24:15.874 [main] DEBUG org.hibernate.type.BasicTypeRegistry - Adding type registration java.time.ZoneOffset -> org.hibernate.type.BasicTypeReference@291120f4
10:24:15.874 [main] DEBUG org.hibernate.type.BasicTypeRegistry - Adding type registration url -> org.hibernate.type.BasicTypeReference@417ad4f3
10:24:15.874 [main] DEBUG org.hibernate.type.BasicTypeRegistry - Adding type registration java.net.URL -> org.hibernate.type.BasicTypeReference@417ad4f3
10:24:15.874 [main] DEBUG org.hibernate.type.BasicTypeRegistry - Adding type registration vector -> org.hibernate.type.BasicTypeReference@2f6bcf87
10:24:15.874 [main] DEBUG org.hibernate.type.BasicTypeRegistry - Adding type registration row_version -> org.hibernate.type.BasicTypeReference@58f174d9
10:24:15.874 [main] DEBUG org.hibernate.type.BasicTypeRegistry - Adding type registration object -> org.hibernate.type.JavaObjectType@34237b90
10:24:15.874 [main] DEBUG org.hibernate.type.BasicTypeRegistry - Adding type registration java.lang.Object -> org.hibernate.type.JavaObjectType@34237b90
10:24:15.874 [main] DEBUG org.hibernate.type.BasicTypeRegistry - Adding type registration null -> org.hibernate.type.NullType@267bbe1a
10:24:15.874 [main] DEBUG org.hibernate.type.BasicTypeRegistry - Adding type registration imm_date -> org.hibernate.type.BasicTypeReference@4e15caa
10:24:15.874 [main] DEBUG org.hibernate.type.BasicTypeRegistry - Adding type registration imm_time -> org.hibernate.type.BasicTypeReference@57f34627
10:24:15.874 [main] DEBUG org.hibernate.type.BasicTypeRegistry - Adding type registration imm_timestamp -> org.hibernate.type.BasicTypeReference@1df24a6e
10:24:15.874 [main] DEBUG org.hibernate.type.BasicTypeRegistry - Adding type registration imm_calendar -> org.hibernate.type.BasicTypeReference@637f181b
10:24:15.874 [main] DEBUG org.hibernate.type.BasicTypeRegistry - Adding type registration imm_calendar_date -> org.hibernate.type.BasicTypeReference@6d750cd2
10:24:15.874 [main] DEBUG org.hibernate.type.BasicTypeRegistry - Adding type registration imm_calendar_time -> org.hibernate.type.BasicTypeReference@20faad25
10:24:15.874 [main] DEBUG org.hibernate.type.BasicTypeRegistry - Adding type registration imm_binary -> org.hibernate.type.BasicTypeReference@2fd4226e
10:24:15.874 [main] DEBUG org.hibernate.type.BasicTypeRegistry - Adding type registration imm_serializable -> org.hibernate.type.BasicTypeReference@3470584f
10:24:15.875 [main] DEBUG org.hibernate.boot.internal.BootstrapContextImpl - Injecting ScanEnvironment [org.hibernate.jpa.boot.internal.StandardJpaScanEnvironmentImpl@7126d18f] into BootstrapContext; was [null]
10:24:15.875 [main] DEBUG org.hibernate.boot.internal.BootstrapContextImpl - Injecting ScanOptions [org.hibernate.boot.archive.scan.internal.StandardScanOptions@4c0c90b] into BootstrapContext; was [org.hibernate.boot.archive.scan.internal.StandardScanOptions@a895caf]
10:24:15.912 [main] DEBUG org.hibernate.boot.internal.BootstrapContextImpl - Injecting JPA temp ClassLoader [null] into BootstrapContext; was [null]
10:24:15.912 [main] DEBUG org.hibernate.boot.internal.ClassLoaderAccessImpl - ClassLoaderAccessImpl#injectTempClassLoader(null) [was null]
10:24:15.914 [main] INFO org.hibernate.engine.jdbc.connections.internal.ConnectionProviderInitiator - HHH000130: Instantiating explicit connection provider: org.hibernate.hikaricp.internal.HikariCPConnectionProvider
10:24:15.914 [main] DEBUG org.hibernate.hikaricp.internal.HikariCPConnectionProvider - Configuring HikariCP
10:24:15.914 [main] DEBUG com.zaxxer.hikari.HikariConfig - Driver class org.h2.Driver found in Thread context class loader jdk.internal.loader.ClassLoaders$AppClassLoader@70dea4e
10:24:15.914 [main] DEBUG com.zaxxer.hikari.HikariConfig - FRC-PM-HikariCP - configuration:
10:24:15.915 [main] DEBUG com.zaxxer.hikari.HikariConfig - allowPoolSuspension.............false
10:24:15.915 [main] DEBUG com.zaxxer.hikari.HikariConfig - autoCommit......................true
10:24:15.915 [main] DEBUG com.zaxxer.hikari.HikariConfig - catalog.........................none
10:24:15.915 [main] DEBUG com.zaxxer.hikari.HikariConfig - connectionInitSql...............none
10:24:15.915 [main] DEBUG com.zaxxer.hikari.HikariConfig - connectionTestQuery.............none
10:24:15.915 [main] DEBUG com.zaxxer.hikari.HikariConfig - connectionTimeout...............10000
10:24:15.915 [main] DEBUG com.zaxxer.hikari.HikariConfig - dataSource......................none
10:24:15.915 [main] DEBUG com.zaxxer.hikari.HikariConfig - dataSourceClassName.............none
10:24:15.915 [main] DEBUG com.zaxxer.hikari.HikariConfig - dataSourceJNDI..................none
10:24:15.915 [main] DEBUG com.zaxxer.hikari.HikariConfig - dataSourceProperties............{password=<masked>}
10:24:15.915 [main] DEBUG com.zaxxer.hikari.HikariConfig - driverClassName................."org.h2.Driver"
10:24:15.915 [main] DEBUG com.zaxxer.hikari.HikariConfig - exceptionOverrideClassName......none
10:24:15.915 [main] DEBUG com.zaxxer.hikari.HikariConfig - healthCheckProperties...........{}
10:24:15.915 [main] DEBUG com.zaxxer.hikari.HikariConfig - healthCheckRegistry.............none
10:24:15.915 [main] DEBUG com.zaxxer.hikari.HikariConfig - idleTimeout.....................30000
10:24:15.915 [main] DEBUG com.zaxxer.hikari.HikariConfig - initializationFailTimeout.......1
10:24:15.915 [main] DEBUG com.zaxxer.hikari.HikariConfig - isolateInternalQueries..........false
10:24:15.915 [main] DEBUG com.zaxxer.hikari.HikariConfig - jdbcUrl.........................jdbc:h2:file:C:\Users\dhiebert\.frcpm\frcpm
10:24:15.915 [main] DEBUG com.zaxxer.hikari.HikariConfig - keepaliveTime...................0
10:24:15.915 [main] DEBUG com.zaxxer.hikari.HikariConfig - leakDetectionThreshold..........0
10:24:15.915 [main] DEBUG com.zaxxer.hikari.HikariConfig - maxLifetime.....................1800000
10:24:15.915 [main] DEBUG com.zaxxer.hikari.HikariConfig - maximumPoolSize.................10
10:24:15.915 [main] DEBUG com.zaxxer.hikari.HikariConfig - metricRegistry..................none
10:24:15.915 [main] DEBUG com.zaxxer.hikari.HikariConfig - metricsTrackerFactory...........none
10:24:15.915 [main] DEBUG com.zaxxer.hikari.HikariConfig - minimumIdle.....................2
10:24:15.915 [main] DEBUG com.zaxxer.hikari.HikariConfig - password........................<masked>
10:24:15.915 [main] DEBUG com.zaxxer.hikari.HikariConfig - poolName........................"FRC-PM-HikariCP"
10:24:15.915 [main] DEBUG com.zaxxer.hikari.HikariConfig - readOnly........................false
10:24:15.915 [main] DEBUG com.zaxxer.hikari.HikariConfig - registerMbeans..................false
10:24:15.915 [main] DEBUG com.zaxxer.hikari.HikariConfig - scheduledExecutor...............none
10:24:15.915 [main] DEBUG com.zaxxer.hikari.HikariConfig - schema..........................none
10:24:15.915 [main] DEBUG com.zaxxer.hikari.HikariConfig - threadFactory...................internal
10:24:15.915 [main] DEBUG com.zaxxer.hikari.HikariConfig - transactionIsolation............default
10:24:15.915 [main] DEBUG com.zaxxer.hikari.HikariConfig - username........................"sa"
10:24:15.915 [main] DEBUG com.zaxxer.hikari.HikariConfig - validationTimeout...............5000
10:24:15.915 [main] INFO com.zaxxer.hikari.HikariDataSource - FRC-PM-HikariCP - Starting...
10:24:15.930 [main] INFO com.zaxxer.hikari.pool.HikariPool - FRC-PM-HikariCP - Added connection conn18: url=jdbc:h2:file:C:\Users\dhiebert\.frcpm\frcpm user=SA
10:24:15.930 [main] INFO com.zaxxer.hikari.HikariDataSource - FRC-PM-HikariCP - Start completed.
10:24:15.930 [main] DEBUG org.hibernate.hikaricp.internal.HikariCPConnectionProvider - HikariCP Configured
10:24:15.930 [main] DEBUG org.hibernate.engine.jdbc.env.internal.JdbcEnvironmentInitiator - Database ->
	   name : H2
	version : 2.2.224 (2023-09-17)
	  major : 2
	  minor : 2
10:24:15.930 [main] DEBUG org.hibernate.engine.jdbc.env.internal.JdbcEnvironmentInitiator - Driver ->
	   name : H2 JDBC Driver
	version : 2.2.224 (2023-09-17)
	  major : 2
	  minor : 2
10:24:15.930 [main] DEBUG org.hibernate.engine.jdbc.env.internal.JdbcEnvironmentInitiator - JDBC version : 4.2
10:24:15.930 [main] WARN org.hibernate.orm.deprecation - HHH90000025: H2Dialect does not need to be specified explicitly using 'hibernate.dialect' (remove the property setting and it will be selected by default)
10:24:15.931 [main] DEBUG org.hibernate.orm.dialect - HHH035001: Using dialect: org.hibernate.dialect.H2Dialect, version: 2.2.224
10:24:15.931 [main] DEBUG org.hibernate.engine.jdbc.env.spi.IdentifierHelperBuilder - JDBC driver metadata reported database stores quoted identifiers in neither upper, lower nor mixed case
10:24:15.931 [main] DEBUG org.hibernate.type.descriptor.jdbc.spi.JdbcTypeRegistry - addDescriptor(NCharTypeDescriptor) replaced previous registration(CharTypeDescriptor)
10:24:15.931 [main] DEBUG org.hibernate.type.descriptor.jdbc.spi.JdbcTypeRegistry - addDescriptor(NVarcharTypeDescriptor) replaced previous registration(VarcharTypeDescriptor)
10:24:15.931 [main] DEBUG org.hibernate.type.descriptor.jdbc.spi.JdbcTypeRegistry - addDescriptor(LongNVarcharTypeDescriptor) replaced previous registration(LongVarcharTypeDescriptor)
10:24:15.931 [main] DEBUG org.hibernate.type.descriptor.jdbc.spi.JdbcTypeRegistry - addDescriptor(NClobTypeDescriptor(DEFAULT)) replaced previous registration(ClobTypeDescriptor(DEFAULT))
10:24:15.931 [main] DEBUG org.hibernate.type.descriptor.jdbc.spi.JdbcTypeRegistry - addDescriptor(2005, ClobTypeDescriptor(STREAM_BINDING)) replaced previous registration(ClobTypeDescriptor(DEFAULT))
10:24:15.931 [main] DEBUG org.hibernate.type.descriptor.jdbc.spi.JdbcTypeRegistry - addDescriptor(TimestampUtcDescriptor) replaced previous registration(TimestampUtcDescriptor)
10:24:15.931 [main] DEBUG org.hibernate.type.BasicTypeRegistry - Adding type registration org.hibernate.type.DurationType -> basicType@209(java.time.Duration,3015)
10:24:15.931 [main] DEBUG org.hibernate.type.BasicTypeRegistry - Adding type registration Duration -> basicType@209(java.time.Duration,3015)
10:24:15.931 [main] DEBUG org.hibernate.type.BasicTypeRegistry - Adding type registration java.time.Duration -> basicType@209(java.time.Duration,3015)
10:24:15.931 [main] DEBUG org.hibernate.type.spi.TypeConfiguration$Scope - Scoping TypeConfiguration [org.hibernate.type.spi.TypeConfiguration@47b858bd] to MetadataBuildingContext [org.hibernate.boot.internal.MetadataBuildingContextRootImpl@c8534ce]
10:24:15.931 [main] DEBUG org.hibernate.boot.model.relational.Namespace - Created database namespace [logicalName=Name{catalog=null, schema=null}, physicalName=Name{catalog=null, schema=null}]
10:24:15.933 [main] DEBUG org.hibernate.boot.model.internal.EntityBinder - Binding entity from annotated class: org.frcpm.models.Attendance
10:24:15.933 [main] DEBUG org.hibernate.boot.model.internal.EntityBinder - Import with entity name Attendance
10:24:15.933 [main] DEBUG org.hibernate.boot.model.internal.EntityBinder - Bind entity org.frcpm.models.Attendance on table attendances
10:24:15.933 [main] DEBUG org.hibernate.boot.model.internal.AnnotatedColumn - Binding column: AnnotatedDiscriminatorColumn(column='DTYPE')
10:24:15.933 [main] DEBUG org.hibernate.boot.model.internal.AnnotatedColumn - Binding column: AnnotatedColumn()
10:24:15.933 [main] DEBUG org.hibernate.boot.internal.ClassLoaderAccessImpl - Not known whether passed class name [org.frcpm.models.Attendance] is safe
10:24:15.933 [main] DEBUG org.hibernate.boot.internal.ClassLoaderAccessImpl - No temp ClassLoader provided; using live ClassLoader for loading potentially unsafe class : org.frcpm.models.Attendance
10:24:15.933 [main] DEBUG org.hibernate.boot.model.internal.PropertyBinder - MetadataSourceProcessor property id with lazy=false
10:24:15.933 [main] DEBUG org.hibernate.boot.model.internal.AbstractPropertyHolder - Attempting to locate auto-apply AttributeConverter for property [org.frcpm.models.Attendance:id]
10:24:15.933 [main] DEBUG org.hibernate.boot.model.internal.BasicValueBinder - building BasicValue for id
10:24:15.933 [main] DEBUG org.hibernate.mapping.BasicValue - Skipping column re-registration: attendances.id
10:24:15.933 [main] DEBUG org.hibernate.boot.model.internal.PropertyBinder - Building property id
10:24:15.933 [main] DEBUG org.hibernate.boot.model.internal.BinderHelper - #makeIdGenerator(BasicValue([Column(id)]), id, identity, , ...)
10:24:15.933 [main] DEBUG org.hibernate.boot.model.internal.AnnotatedColumn - Binding column: AnnotatedColumn(column='arrival_time')
10:24:15.933 [main] DEBUG org.hibernate.boot.model.internal.PropertyBinder - MetadataSourceProcessor property arrivalTime with lazy=false
10:24:15.933 [main] DEBUG org.hibernate.boot.model.internal.AbstractPropertyHolder - Attempting to locate auto-apply AttributeConverter for property [org.frcpm.models.Attendance:arrivalTime]
10:24:15.934 [main] DEBUG org.hibernate.boot.model.internal.BasicValueBinder - building BasicValue for arrivalTime
10:24:15.934 [main] DEBUG org.hibernate.mapping.BasicValue - Skipping column re-registration: attendances.arrival_time
10:24:15.934 [main] DEBUG org.hibernate.boot.model.internal.PropertyBinder - Building property arrivalTime
10:24:15.934 [main] DEBUG org.hibernate.boot.model.internal.AnnotatedColumn - Binding column: AnnotatedColumn(column='departure_time')
10:24:15.934 [main] DEBUG org.hibernate.boot.model.internal.PropertyBinder - MetadataSourceProcessor property departureTime with lazy=false
10:24:15.934 [main] DEBUG org.hibernate.boot.model.internal.AbstractPropertyHolder - Attempting to locate auto-apply AttributeConverter for property [org.frcpm.models.Attendance:departureTime]
10:24:15.934 [main] DEBUG org.hibernate.boot.model.internal.BasicValueBinder - building BasicValue for departureTime
10:24:15.934 [main] DEBUG org.hibernate.mapping.BasicValue - Skipping column re-registration: attendances.departure_time
10:24:15.934 [main] DEBUG org.hibernate.boot.model.internal.PropertyBinder - Building property departureTime
10:24:15.934 [main] DEBUG org.hibernate.boot.model.internal.AnnotatedColumn - Binding column: AnnotatedJoinColumn(column='meeting_id')
10:24:15.934 [main] DEBUG org.hibernate.boot.model.internal.AnnotatedColumn - Binding column: AnnotatedColumn()
10:24:15.934 [main] DEBUG org.hibernate.boot.model.internal.PropertyBinder - Building property meeting
10:24:15.934 [main] DEBUG org.hibernate.boot.model.internal.AnnotatedColumn - Binding column: AnnotatedJoinColumn(column='member_id')
10:24:15.934 [main] DEBUG org.hibernate.boot.model.internal.AnnotatedColumn - Binding column: AnnotatedColumn()
10:24:15.934 [main] DEBUG org.hibernate.boot.model.internal.PropertyBinder - Building property member
10:24:15.934 [main] DEBUG org.hibernate.boot.model.internal.AnnotatedColumn - Binding column: AnnotatedColumn(column='present')
10:24:15.934 [main] DEBUG org.hibernate.boot.model.internal.PropertyBinder - MetadataSourceProcessor property present with lazy=false
10:24:15.934 [main] DEBUG org.hibernate.boot.model.internal.AbstractPropertyHolder - Attempting to locate auto-apply AttributeConverter for property [org.frcpm.models.Attendance:present]
10:24:15.934 [main] DEBUG org.hibernate.boot.model.internal.BasicValueBinder - building BasicValue for present
10:24:15.934 [main] DEBUG org.hibernate.mapping.BasicValue - Skipping column re-registration: attendances.present
10:24:15.934 [main] DEBUG org.hibernate.boot.model.internal.PropertyBinder - Building property present
10:24:15.935 [main] DEBUG org.hibernate.boot.registry.classloading.internal.ClassLoaderServiceImpl - HHH000194: Package not found or no package-info.java: org.frcpm.models
10:24:15.936 [main] DEBUG org.hibernate.boot.model.internal.EntityBinder - Binding entity from annotated class: org.frcpm.models.Meeting
10:24:15.936 [main] DEBUG org.hibernate.boot.model.internal.EntityBinder - Import with entity name Meeting
10:24:15.936 [main] DEBUG org.hibernate.boot.model.internal.EntityBinder - Bind entity org.frcpm.models.Meeting on table meetings
10:24:15.936 [main] DEBUG org.hibernate.boot.model.internal.AnnotatedColumn - Binding column: AnnotatedDiscriminatorColumn(column='DTYPE')
10:24:15.936 [main] DEBUG org.hibernate.boot.model.internal.AnnotatedColumn - Binding column: AnnotatedColumn()
10:24:15.936 [main] DEBUG org.hibernate.boot.internal.ClassLoaderAccessImpl - Not known whether passed class name [org.frcpm.models.Meeting] is safe
10:24:15.936 [main] DEBUG org.hibernate.boot.internal.ClassLoaderAccessImpl - No temp ClassLoader provided; using live ClassLoader for loading potentially unsafe class : org.frcpm.models.Meeting
10:24:15.936 [main] DEBUG org.hibernate.boot.model.internal.PropertyBinder - MetadataSourceProcessor property id with lazy=false
10:24:15.936 [main] DEBUG org.hibernate.boot.model.internal.AbstractPropertyHolder - Attempting to locate auto-apply AttributeConverter for property [org.frcpm.models.Meeting:id]
10:24:15.937 [main] DEBUG org.hibernate.boot.model.internal.BasicValueBinder - building BasicValue for id
10:24:15.937 [main] DEBUG org.hibernate.mapping.BasicValue - Skipping column re-registration: meetings.id
10:24:15.937 [main] DEBUG org.hibernate.boot.model.internal.PropertyBinder - Building property id
10:24:15.937 [main] DEBUG org.hibernate.boot.model.internal.BinderHelper - #makeIdGenerator(BasicValue([Column(id)]), id, identity, , ...)
10:24:15.937 [main] DEBUG org.hibernate.boot.model.internal.AnnotatedColumn - Binding column: AnnotatedJoinColumn()
10:24:15.937 [main] DEBUG org.hibernate.boot.model.internal.AnnotatedColumn - Binding column: AnnotatedColumn()
10:24:15.937 [main] DEBUG org.hibernate.boot.model.internal.AnnotatedColumn - Binding column: IndexColumn(column='attendances_ORDER')
10:24:15.937 [main] DEBUG org.hibernate.boot.model.internal.AnnotatedColumn - Binding column: AnnotatedColumn()
10:24:15.937 [main] DEBUG org.hibernate.boot.model.internal.AnnotatedColumn - Binding column: AnnotatedColumn(column='attendances_KEY')
10:24:15.937 [main] DEBUG org.hibernate.boot.model.internal.AnnotatedColumn - Binding column: AnnotatedJoinColumn(column='attendances_KEY')
10:24:15.937 [main] DEBUG org.hibernate.boot.model.internal.AnnotatedColumn - Binding column: AnnotatedJoinColumn()
10:24:15.937 [main] DEBUG org.hibernate.boot.model.internal.AnnotatedColumn - Binding column: AnnotatedJoinColumn()
10:24:15.937 [main] DEBUG org.hibernate.boot.model.internal.CollectionBinder - Collection role: org.frcpm.models.Meeting.attendances
10:24:15.937 [main] DEBUG org.hibernate.boot.model.internal.PropertyBinder - Building property attendances
10:24:15.937 [main] DEBUG org.hibernate.boot.model.internal.AnnotatedColumn - Binding column: AnnotatedColumn(column='date')
10:24:15.937 [main] DEBUG org.hibernate.boot.model.internal.PropertyBinder - MetadataSourceProcessor property date with lazy=false
10:24:15.937 [main] DEBUG org.hibernate.boot.model.internal.AbstractPropertyHolder - Attempting to locate auto-apply AttributeConverter for property [org.frcpm.models.Meeting:date]
10:24:15.937 [main] DEBUG org.hibernate.boot.model.internal.BasicValueBinder - building BasicValue for date
10:24:15.937 [main] DEBUG org.hibernate.mapping.BasicValue - Skipping column re-registration: meetings.date
10:24:15.937 [main] DEBUG org.hibernate.boot.model.internal.PropertyBinder - Building property date
10:24:15.937 [main] DEBUG org.hibernate.boot.model.internal.AnnotatedColumn - Binding column: AnnotatedColumn(column='end_time')
10:24:15.937 [main] DEBUG org.hibernate.boot.model.internal.PropertyBinder - MetadataSourceProcessor property endTime with lazy=false
10:24:15.937 [main] DEBUG org.hibernate.boot.model.internal.AbstractPropertyHolder - Attempting to locate auto-apply AttributeConverter for property [org.frcpm.models.Meeting:endTime]
10:24:15.937 [main] DEBUG org.hibernate.boot.model.internal.BasicValueBinder - building BasicValue for endTime
10:24:15.937 [main] DEBUG org.hibernate.mapping.BasicValue - Skipping column re-registration: meetings.end_time
10:24:15.938 [main] DEBUG org.hibernate.boot.model.internal.PropertyBinder - Building property endTime
10:24:15.938 [main] DEBUG org.hibernate.boot.model.internal.AnnotatedColumn - Binding column: AnnotatedColumn(column='notes')
10:24:15.938 [main] DEBUG org.hibernate.boot.model.internal.PropertyBinder - MetadataSourceProcessor property notes with lazy=false
10:24:15.938 [main] DEBUG org.hibernate.boot.model.internal.AbstractPropertyHolder - Attempting to locate auto-apply AttributeConverter for property [org.frcpm.models.Meeting:notes]
10:24:15.938 [main] DEBUG org.hibernate.boot.model.internal.BasicValueBinder - building BasicValue for notes
10:24:15.938 [main] DEBUG org.hibernate.mapping.BasicValue - Skipping column re-registration: meetings.notes
10:24:15.938 [main] DEBUG org.hibernate.boot.model.internal.PropertyBinder - Building property notes
10:24:15.938 [main] DEBUG org.hibernate.boot.model.internal.AnnotatedColumn - Binding column: AnnotatedJoinColumn(column='project_id')
10:24:15.938 [main] DEBUG org.hibernate.boot.model.internal.AnnotatedColumn - Binding column: AnnotatedColumn()
10:24:15.938 [main] DEBUG org.hibernate.boot.model.internal.PropertyBinder - Building property project
10:24:15.938 [main] DEBUG org.hibernate.boot.model.internal.AnnotatedColumn - Binding column: AnnotatedColumn(column='start_time')
10:24:15.938 [main] DEBUG org.hibernate.boot.model.internal.PropertyBinder - MetadataSourceProcessor property startTime with lazy=false
10:24:15.938 [main] DEBUG org.hibernate.boot.model.internal.AbstractPropertyHolder - Attempting to locate auto-apply AttributeConverter for property [org.frcpm.models.Meeting:startTime]
10:24:15.938 [main] DEBUG org.hibernate.boot.model.internal.BasicValueBinder - building BasicValue for startTime
10:24:15.938 [main] DEBUG org.hibernate.mapping.BasicValue - Skipping column re-registration: meetings.start_time
10:24:15.938 [main] DEBUG org.hibernate.boot.model.internal.PropertyBinder - Building property startTime
10:24:15.938 [main] DEBUG org.hibernate.boot.registry.classloading.internal.ClassLoaderServiceImpl - HHH000194: Package not found or no package-info.java: org.frcpm.models
10:24:15.938 [main] DEBUG org.hibernate.boot.model.internal.EntityBinder - Binding entity from annotated class: org.frcpm.models.Subsystem
10:24:15.938 [main] DEBUG org.hibernate.boot.model.internal.EntityBinder - Import with entity name Subsystem
10:24:15.939 [main] DEBUG org.hibernate.boot.model.internal.EntityBinder - Bind entity org.frcpm.models.Subsystem on table subsystems
10:24:15.939 [main] DEBUG org.hibernate.boot.model.internal.AnnotatedColumn - Binding column: AnnotatedDiscriminatorColumn(column='DTYPE')
10:24:15.939 [main] DEBUG org.hibernate.boot.model.internal.AnnotatedColumn - Binding column: AnnotatedColumn()
10:24:15.939 [main] DEBUG org.hibernate.boot.internal.ClassLoaderAccessImpl - Not known whether passed class name [org.frcpm.models.Subsystem] is safe
10:24:15.939 [main] DEBUG org.hibernate.boot.internal.ClassLoaderAccessImpl - No temp ClassLoader provided; using live ClassLoader for loading potentially unsafe class : org.frcpm.models.Subsystem
10:24:15.939 [main] DEBUG org.hibernate.boot.model.internal.PropertyBinder - MetadataSourceProcessor property id with lazy=false
10:24:15.939 [main] DEBUG org.hibernate.boot.model.internal.AbstractPropertyHolder - Attempting to locate auto-apply AttributeConverter for property [org.frcpm.models.Subsystem:id]
10:24:15.939 [main] DEBUG org.hibernate.boot.model.internal.BasicValueBinder - building BasicValue for id
10:24:15.939 [main] DEBUG org.hibernate.mapping.BasicValue - Skipping column re-registration: subsystems.id
10:24:15.939 [main] DEBUG org.hibernate.boot.model.internal.PropertyBinder - Building property id
10:24:15.939 [main] DEBUG org.hibernate.boot.model.internal.BinderHelper - #makeIdGenerator(BasicValue([Column(id)]), id, identity, , ...)
10:24:15.939 [main] DEBUG org.hibernate.boot.model.internal.AnnotatedColumn - Binding column: AnnotatedColumn(column='description')
10:24:15.939 [main] DEBUG org.hibernate.boot.model.internal.PropertyBinder - MetadataSourceProcessor property description with lazy=false
10:24:15.939 [main] DEBUG org.hibernate.boot.model.internal.AbstractPropertyHolder - Attempting to locate auto-apply AttributeConverter for property [org.frcpm.models.Subsystem:description]
10:24:15.939 [main] DEBUG org.hibernate.boot.model.internal.BasicValueBinder - building BasicValue for description
10:24:15.939 [main] DEBUG org.hibernate.mapping.BasicValue - Skipping column re-registration: subsystems.description
10:24:15.939 [main] DEBUG org.hibernate.boot.model.internal.PropertyBinder - Building property description
10:24:15.939 [main] DEBUG org.hibernate.boot.model.internal.AnnotatedColumn - Binding column: AnnotatedColumn(column='name')
10:24:15.939 [main] DEBUG org.hibernate.boot.model.internal.PropertyBinder - MetadataSourceProcessor property name with lazy=false
10:24:15.939 [main] DEBUG org.hibernate.boot.model.internal.AbstractPropertyHolder - Attempting to locate auto-apply AttributeConverter for property [org.frcpm.models.Subsystem:name]
10:24:15.939 [main] DEBUG org.hibernate.boot.model.internal.BasicValueBinder - building BasicValue for name
10:24:15.939 [main] DEBUG org.hibernate.mapping.BasicValue - Skipping column re-registration: subsystems.name
10:24:15.939 [main] DEBUG org.hibernate.boot.model.internal.PropertyBinder - Building property name
10:24:15.939 [main] DEBUG org.hibernate.boot.model.internal.AnnotatedColumn - Binding column: AnnotatedJoinColumn(column='responsible_subteam_id')
10:24:15.939 [main] DEBUG org.hibernate.boot.model.internal.AnnotatedColumn - Binding column: AnnotatedColumn()
10:24:15.939 [main] DEBUG org.hibernate.boot.model.internal.PropertyBinder - Building property responsibleSubteam
10:24:15.939 [main] DEBUG org.hibernate.boot.model.internal.AnnotatedColumn - Binding column: AnnotatedColumn(column='status')
10:24:15.939 [main] DEBUG org.hibernate.boot.model.internal.PropertyBinder - MetadataSourceProcessor property status with lazy=false
10:24:15.939 [main] DEBUG org.hibernate.boot.model.internal.AbstractPropertyHolder - Attempting to locate auto-apply AttributeConverter for property [org.frcpm.models.Subsystem:status]
10:24:15.939 [main] DEBUG org.hibernate.boot.model.internal.BasicValueBinder - building BasicValue for status
10:24:15.939 [main] DEBUG org.hibernate.mapping.BasicValue - Skipping column re-registration: subsystems.status
10:24:15.939 [main] DEBUG org.hibernate.boot.model.internal.PropertyBinder - Building property status
10:24:15.939 [main] DEBUG org.hibernate.boot.model.internal.AnnotatedColumn - Binding column: AnnotatedJoinColumn()
10:24:15.939 [main] DEBUG org.hibernate.boot.model.internal.AnnotatedColumn - Binding column: AnnotatedColumn()
10:24:15.939 [main] DEBUG org.hibernate.boot.model.internal.AnnotatedColumn - Binding column: IndexColumn(column='tasks_ORDER')
10:24:15.939 [main] DEBUG org.hibernate.boot.model.internal.AnnotatedColumn - Binding column: AnnotatedColumn()
10:24:15.939 [main] DEBUG org.hibernate.boot.model.internal.AnnotatedColumn - Binding column: AnnotatedColumn(column='tasks_KEY')
10:24:15.939 [main] DEBUG org.hibernate.boot.model.internal.AnnotatedColumn - Binding column: AnnotatedJoinColumn(column='tasks_KEY')
10:24:15.939 [main] DEBUG org.hibernate.boot.model.internal.AnnotatedColumn - Binding column: AnnotatedJoinColumn()
10:24:15.939 [main] DEBUG org.hibernate.boot.model.internal.AnnotatedColumn - Binding column: AnnotatedJoinColumn()
10:24:15.939 [main] DEBUG org.hibernate.boot.model.internal.CollectionBinder - Collection role: org.frcpm.models.Subsystem.tasks
10:24:15.939 [main] DEBUG org.hibernate.boot.model.internal.PropertyBinder - Building property tasks
10:24:15.940 [main] DEBUG org.hibernate.boot.registry.classloading.internal.ClassLoaderServiceImpl - HHH000194: Package not found or no package-info.java: org.frcpm.models
10:24:15.940 [main] DEBUG org.hibernate.boot.model.internal.EntityBinder - Binding entity from annotated class: org.frcpm.models.Component
10:24:15.940 [main] DEBUG org.hibernate.boot.model.internal.EntityBinder - Import with entity name Component
10:24:15.940 [main] DEBUG org.hibernate.boot.model.internal.EntityBinder - Bind entity org.frcpm.models.Component on table components
10:24:15.940 [main] DEBUG org.hibernate.boot.model.internal.AnnotatedColumn - Binding column: AnnotatedDiscriminatorColumn(column='DTYPE')
10:24:15.941 [main] DEBUG org.hibernate.boot.model.internal.AnnotatedColumn - Binding column: AnnotatedColumn()
10:24:15.941 [main] DEBUG org.hibernate.boot.internal.ClassLoaderAccessImpl - Not known whether passed class name [org.frcpm.models.Component] is safe
10:24:15.941 [main] DEBUG org.hibernate.boot.internal.ClassLoaderAccessImpl - No temp ClassLoader provided; using live ClassLoader for loading potentially unsafe class : org.frcpm.models.Component
10:24:15.941 [main] DEBUG org.hibernate.boot.model.internal.PropertyBinder - MetadataSourceProcessor property id with lazy=false
10:24:15.941 [main] DEBUG org.hibernate.boot.model.internal.AbstractPropertyHolder - Attempting to locate auto-apply AttributeConverter for property [org.frcpm.models.Component:id]
10:24:15.941 [main] DEBUG org.hibernate.boot.model.internal.BasicValueBinder - building BasicValue for id
10:24:15.941 [main] DEBUG org.hibernate.mapping.BasicValue - Skipping column re-registration: components.id
10:24:15.941 [main] DEBUG org.hibernate.boot.model.internal.PropertyBinder - Building property id
10:24:15.941 [main] DEBUG org.hibernate.boot.model.internal.BinderHelper - #makeIdGenerator(BasicValue([Column(id)]), id, identity, , ...)
10:24:15.942 [main] DEBUG org.hibernate.boot.model.internal.AnnotatedColumn - Binding column: AnnotatedColumn(column='actual_delivery')
10:24:15.942 [main] DEBUG org.hibernate.boot.model.internal.PropertyBinder - MetadataSourceProcessor property actualDelivery with lazy=false
10:24:15.942 [main] DEBUG org.hibernate.boot.model.internal.AbstractPropertyHolder - Attempting to locate auto-apply AttributeConverter for property [org.frcpm.models.Component:actualDelivery]
10:24:15.942 [main] DEBUG org.hibernate.boot.model.internal.BasicValueBinder - building BasicValue for actualDelivery
10:24:15.942 [main] DEBUG org.hibernate.mapping.BasicValue - Skipping column re-registration: components.actual_delivery
10:24:15.942 [main] DEBUG org.hibernate.boot.model.internal.PropertyBinder - Building property actualDelivery
10:24:15.942 [main] DEBUG org.hibernate.boot.model.internal.AnnotatedColumn - Binding column: AnnotatedColumn(column='is_delivered')
10:24:15.942 [main] DEBUG org.hibernate.boot.model.internal.PropertyBinder - MetadataSourceProcessor property delivered with lazy=false
10:24:15.942 [main] DEBUG org.hibernate.boot.model.internal.AbstractPropertyHolder - Attempting to locate auto-apply AttributeConverter for property [org.frcpm.models.Component:delivered]
10:24:15.942 [main] DEBUG org.hibernate.boot.model.internal.BasicValueBinder - building BasicValue for delivered
10:24:15.942 [main] DEBUG org.hibernate.mapping.BasicValue - Skipping column re-registration: components.is_delivered
10:24:15.942 [main] DEBUG org.hibernate.boot.model.internal.PropertyBinder - Building property delivered
10:24:15.942 [main] DEBUG org.hibernate.boot.model.internal.AnnotatedColumn - Binding column: AnnotatedColumn(column='description')
10:24:15.942 [main] DEBUG org.hibernate.boot.model.internal.PropertyBinder - MetadataSourceProcessor property description with lazy=false
10:24:15.942 [main] DEBUG org.hibernate.boot.model.internal.AbstractPropertyHolder - Attempting to locate auto-apply AttributeConverter for property [org.frcpm.models.Component:description]
10:24:15.942 [main] DEBUG org.hibernate.boot.model.internal.BasicValueBinder - building BasicValue for description
10:24:15.942 [main] DEBUG org.hibernate.mapping.BasicValue - Skipping column re-registration: components.description
10:24:15.942 [main] DEBUG org.hibernate.boot.model.internal.PropertyBinder - Building property description
10:24:15.942 [main] DEBUG org.hibernate.boot.model.internal.AnnotatedColumn - Binding column: AnnotatedColumn(column='expected_delivery')
10:24:15.942 [main] DEBUG org.hibernate.boot.model.internal.PropertyBinder - MetadataSourceProcessor property expectedDelivery with lazy=false
10:24:15.942 [main] DEBUG org.hibernate.boot.model.internal.AbstractPropertyHolder - Attempting to locate auto-apply AttributeConverter for property [org.frcpm.models.Component:expectedDelivery]
10:24:15.942 [main] DEBUG org.hibernate.boot.model.internal.BasicValueBinder - building BasicValue for expectedDelivery
10:24:15.942 [main] DEBUG org.hibernate.mapping.BasicValue - Skipping column re-registration: components.expected_delivery
10:24:15.942 [main] DEBUG org.hibernate.boot.model.internal.PropertyBinder - Building property expectedDelivery
10:24:15.942 [main] DEBUG org.hibernate.boot.model.internal.AnnotatedColumn - Binding column: AnnotatedColumn(column='name')
10:24:15.942 [main] DEBUG org.hibernate.boot.model.internal.PropertyBinder - MetadataSourceProcessor property name with lazy=false
10:24:15.942 [main] DEBUG org.hibernate.boot.model.internal.AbstractPropertyHolder - Attempting to locate auto-apply AttributeConverter for property [org.frcpm.models.Component:name]
10:24:15.942 [main] DEBUG org.hibernate.boot.model.internal.BasicValueBinder - building BasicValue for name
10:24:15.942 [main] DEBUG org.hibernate.mapping.BasicValue - Skipping column re-registration: components.name
10:24:15.942 [main] DEBUG org.hibernate.boot.model.internal.PropertyBinder - Building property name
10:24:15.942 [main] DEBUG org.hibernate.boot.model.internal.AnnotatedColumn - Binding column: AnnotatedColumn(column='part_number')
10:24:15.942 [main] DEBUG org.hibernate.boot.model.internal.PropertyBinder - MetadataSourceProcessor property partNumber with lazy=false
10:24:15.942 [main] DEBUG org.hibernate.boot.model.internal.AbstractPropertyHolder - Attempting to locate auto-apply AttributeConverter for property [org.frcpm.models.Component:partNumber]
10:24:15.942 [main] DEBUG org.hibernate.boot.model.internal.BasicValueBinder - building BasicValue for partNumber
10:24:15.942 [main] DEBUG org.hibernate.mapping.BasicValue - Skipping column re-registration: components.part_number
10:24:15.942 [main] DEBUG org.hibernate.boot.model.internal.PropertyBinder - Building property partNumber
10:24:15.943 [main] DEBUG org.hibernate.boot.model.internal.AnnotatedColumn - Binding column: IndexColumn(column='requiredForTasks_ORDER')
10:24:15.943 [main] DEBUG org.hibernate.boot.model.internal.AnnotatedColumn - Binding column: AnnotatedColumn()
10:24:15.943 [main] DEBUG org.hibernate.boot.model.internal.AnnotatedColumn - Binding column: AnnotatedColumn(column='requiredForTasks_KEY')
10:24:15.943 [main] DEBUG org.hibernate.boot.model.internal.AnnotatedColumn - Binding column: AnnotatedJoinColumn(column='requiredForTasks_KEY')
10:24:15.943 [main] DEBUG org.hibernate.boot.model.internal.AnnotatedColumn - Binding column: AnnotatedJoinColumn()
10:24:15.943 [main] DEBUG org.hibernate.boot.model.internal.AnnotatedColumn - Binding column: AnnotatedJoinColumn()
10:24:15.943 [main] DEBUG org.hibernate.boot.model.internal.CollectionBinder - Collection role: org.frcpm.models.Component.requiredForTasks
10:24:15.943 [main] DEBUG org.hibernate.boot.model.internal.PropertyBinder - Building property requiredForTasks
10:24:15.944 [main] DEBUG org.hibernate.boot.registry.classloading.internal.ClassLoaderServiceImpl - HHH000194: Package not found or no package-info.java: org.frcpm.models
10:24:15.944 [main] DEBUG org.hibernate.boot.model.internal.EntityBinder - Binding entity from annotated class: org.frcpm.models.Milestone
10:24:15.944 [main] DEBUG org.hibernate.boot.model.internal.EntityBinder - Import with entity name Milestone
10:24:15.944 [main] DEBUG org.hibernate.boot.model.internal.EntityBinder - Bind entity org.frcpm.models.Milestone on table milestones
10:24:15.944 [main] DEBUG org.hibernate.boot.model.internal.AnnotatedColumn - Binding column: AnnotatedDiscriminatorColumn(column='DTYPE')
10:24:15.945 [main] DEBUG org.hibernate.boot.model.internal.AnnotatedColumn - Binding column: AnnotatedColumn()
10:24:15.945 [main] DEBUG org.hibernate.boot.internal.ClassLoaderAccessImpl - Not known whether passed class name [org.frcpm.models.Milestone] is safe
10:24:15.945 [main] DEBUG org.hibernate.boot.internal.ClassLoaderAccessImpl - No temp ClassLoader provided; using live ClassLoader for loading potentially unsafe class : org.frcpm.models.Milestone
10:24:15.945 [main] DEBUG org.hibernate.boot.model.internal.PropertyBinder - MetadataSourceProcessor property id with lazy=false
10:24:15.945 [main] DEBUG org.hibernate.boot.model.internal.AbstractPropertyHolder - Attempting to locate auto-apply AttributeConverter for property [org.frcpm.models.Milestone:id]
10:24:15.945 [main] DEBUG org.hibernate.boot.model.internal.BasicValueBinder - building BasicValue for id
10:24:15.945 [main] DEBUG org.hibernate.mapping.BasicValue - Skipping column re-registration: milestones.id
10:24:15.945 [main] DEBUG org.hibernate.boot.model.internal.PropertyBinder - Building property id
10:24:15.945 [main] DEBUG org.hibernate.boot.model.internal.BinderHelper - #makeIdGenerator(BasicValue([Column(id)]), id, identity, , ...)
10:24:15.945 [main] DEBUG org.hibernate.boot.model.internal.AnnotatedColumn - Binding column: AnnotatedColumn(column='date')
10:24:15.945 [main] DEBUG org.hibernate.boot.model.internal.PropertyBinder - MetadataSourceProcessor property date with lazy=false
10:24:15.946 [main] DEBUG org.hibernate.boot.model.internal.AbstractPropertyHolder - Attempting to locate auto-apply AttributeConverter for property [org.frcpm.models.Milestone:date]
10:24:15.946 [main] DEBUG org.hibernate.boot.model.internal.BasicValueBinder - building BasicValue for date
10:24:15.946 [main] DEBUG org.hibernate.mapping.BasicValue - Skipping column re-registration: milestones.date
10:24:15.946 [main] DEBUG org.hibernate.boot.model.internal.PropertyBinder - Building property date
10:24:15.946 [main] DEBUG org.hibernate.boot.model.internal.AnnotatedColumn - Binding column: AnnotatedColumn(column='description')
10:24:15.946 [main] DEBUG org.hibernate.boot.model.internal.PropertyBinder - MetadataSourceProcessor property description with lazy=false
10:24:15.946 [main] DEBUG org.hibernate.boot.model.internal.AbstractPropertyHolder - Attempting to locate auto-apply AttributeConverter for property [org.frcpm.models.Milestone:description]
10:24:15.946 [main] DEBUG org.hibernate.boot.model.internal.BasicValueBinder - building BasicValue for description
10:24:15.946 [main] DEBUG org.hibernate.mapping.BasicValue - Skipping column re-registration: milestones.description
10:24:15.946 [main] DEBUG org.hibernate.boot.model.internal.PropertyBinder - Building property description
10:24:15.946 [main] DEBUG org.hibernate.boot.model.internal.AnnotatedColumn - Binding column: AnnotatedColumn(column='name')
10:24:15.946 [main] DEBUG org.hibernate.boot.model.internal.PropertyBinder - MetadataSourceProcessor property name with lazy=false
10:24:15.946 [main] DEBUG org.hibernate.boot.model.internal.AbstractPropertyHolder - Attempting to locate auto-apply AttributeConverter for property [org.frcpm.models.Milestone:name]
10:24:15.946 [main] DEBUG org.hibernate.boot.model.internal.BasicValueBinder - building BasicValue for name
10:24:15.946 [main] DEBUG org.hibernate.mapping.BasicValue - Skipping column re-registration: milestones.name
10:24:15.946 [main] DEBUG org.hibernate.boot.model.internal.PropertyBinder - Building property name
10:24:15.946 [main] DEBUG org.hibernate.boot.model.internal.AnnotatedColumn - Binding column: AnnotatedJoinColumn(column='project_id')
10:24:15.946 [main] DEBUG org.hibernate.boot.model.internal.AnnotatedColumn - Binding column: AnnotatedColumn()
10:24:15.947 [main] DEBUG org.hibernate.boot.model.internal.PropertyBinder - Building property project
10:24:15.947 [main] DEBUG org.hibernate.boot.registry.classloading.internal.ClassLoaderServiceImpl - HHH000194: Package not found or no package-info.java: org.frcpm.models
10:24:15.947 [main] DEBUG org.hibernate.boot.model.internal.EntityBinder - Binding entity from annotated class: org.frcpm.models.Project
10:24:15.947 [main] DEBUG org.hibernate.boot.model.internal.EntityBinder - Import with entity name Project
10:24:15.947 [main] DEBUG org.hibernate.boot.model.internal.EntityBinder - Bind entity org.frcpm.models.Project on table projects
10:24:15.947 [main] DEBUG org.hibernate.boot.model.internal.AnnotatedColumn - Binding column: AnnotatedDiscriminatorColumn(column='DTYPE')
10:24:15.948 [main] DEBUG org.hibernate.boot.model.internal.AnnotatedColumn - Binding column: AnnotatedColumn()
10:24:15.948 [main] DEBUG org.hibernate.boot.internal.ClassLoaderAccessImpl - Not known whether passed class name [org.frcpm.models.Project] is safe
10:24:15.948 [main] DEBUG org.hibernate.boot.internal.ClassLoaderAccessImpl - No temp ClassLoader provided; using live ClassLoader for loading potentially unsafe class : org.frcpm.models.Project
10:24:15.948 [main] DEBUG org.hibernate.boot.model.internal.PropertyBinder - MetadataSourceProcessor property id with lazy=false
10:24:15.948 [main] DEBUG org.hibernate.boot.model.internal.AbstractPropertyHolder - Attempting to locate auto-apply AttributeConverter for property [org.frcpm.models.Project:id]
10:24:15.948 [main] DEBUG org.hibernate.boot.model.internal.BasicValueBinder - building BasicValue for id
10:24:15.948 [main] DEBUG org.hibernate.mapping.BasicValue - Skipping column re-registration: projects.id
10:24:15.948 [main] DEBUG org.hibernate.boot.model.internal.PropertyBinder - Building property id
10:24:15.948 [main] DEBUG org.hibernate.boot.model.internal.BinderHelper - #makeIdGenerator(BasicValue([Column(id)]), id, identity, , ...)
10:24:15.948 [main] DEBUG org.hibernate.boot.model.internal.AnnotatedColumn - Binding column: AnnotatedColumn(column='description')
10:24:15.948 [main] DEBUG org.hibernate.boot.model.internal.PropertyBinder - MetadataSourceProcessor property description with lazy=false
10:24:15.948 [main] DEBUG org.hibernate.boot.model.internal.AbstractPropertyHolder - Attempting to locate auto-apply AttributeConverter for property [org.frcpm.models.Project:description]
10:24:15.948 [main] DEBUG org.hibernate.boot.model.internal.BasicValueBinder - building BasicValue for description
10:24:15.948 [main] DEBUG org.hibernate.mapping.BasicValue - Skipping column re-registration: projects.description
10:24:15.948 [main] DEBUG org.hibernate.boot.model.internal.PropertyBinder - Building property description
10:24:15.948 [main] DEBUG org.hibernate.boot.model.internal.AnnotatedColumn - Binding column: AnnotatedColumn(column='goal_end_date')
10:24:15.948 [main] DEBUG org.hibernate.boot.model.internal.PropertyBinder - MetadataSourceProcessor property goalEndDate with lazy=false
10:24:15.948 [main] DEBUG org.hibernate.boot.model.internal.AbstractPropertyHolder - Attempting to locate auto-apply AttributeConverter for property [org.frcpm.models.Project:goalEndDate]
10:24:15.948 [main] DEBUG org.hibernate.boot.model.internal.BasicValueBinder - building BasicValue for goalEndDate
10:24:15.948 [main] DEBUG org.hibernate.mapping.BasicValue - Skipping column re-registration: projects.goal_end_date
10:24:15.948 [main] DEBUG org.hibernate.boot.model.internal.PropertyBinder - Building property goalEndDate
10:24:15.948 [main] DEBUG org.hibernate.boot.model.internal.AnnotatedColumn - Binding column: AnnotatedColumn(column='hard_deadline')
10:24:15.948 [main] DEBUG org.hibernate.boot.model.internal.PropertyBinder - MetadataSourceProcessor property hardDeadline with lazy=false
10:24:15.948 [main] DEBUG org.hibernate.boot.model.internal.AbstractPropertyHolder - Attempting to locate auto-apply AttributeConverter for property [org.frcpm.models.Project:hardDeadline]
10:24:15.948 [main] DEBUG org.hibernate.boot.model.internal.BasicValueBinder - building BasicValue for hardDeadline
10:24:15.948 [main] DEBUG org.hibernate.mapping.BasicValue - Skipping column re-registration: projects.hard_deadline
10:24:15.948 [main] DEBUG org.hibernate.boot.model.internal.PropertyBinder - Building property hardDeadline
10:24:15.948 [main] DEBUG org.hibernate.boot.model.internal.AnnotatedColumn - Binding column: AnnotatedJoinColumn()
10:24:15.948 [main] DEBUG org.hibernate.boot.model.internal.AnnotatedColumn - Binding column: AnnotatedColumn()
10:24:15.948 [main] DEBUG org.hibernate.boot.model.internal.AnnotatedColumn - Binding column: IndexColumn(column='meetings_ORDER')
10:24:15.948 [main] DEBUG org.hibernate.boot.model.internal.AnnotatedColumn - Binding column: AnnotatedColumn()
10:24:15.948 [main] DEBUG org.hibernate.boot.model.internal.AnnotatedColumn - Binding column: AnnotatedColumn(column='meetings_KEY')
10:24:15.948 [main] DEBUG org.hibernate.boot.model.internal.AnnotatedColumn - Binding column: AnnotatedJoinColumn(column='meetings_KEY')
10:24:15.948 [main] DEBUG org.hibernate.boot.model.internal.AnnotatedColumn - Binding column: AnnotatedJoinColumn()
10:24:15.948 [main] DEBUG org.hibernate.boot.model.internal.AnnotatedColumn - Binding column: AnnotatedJoinColumn()
10:24:15.948 [main] DEBUG org.hibernate.boot.model.internal.CollectionBinder - Collection role: org.frcpm.models.Project.meetings
10:24:15.948 [main] DEBUG org.hibernate.boot.model.internal.PropertyBinder - Building property meetings
10:24:15.948 [main] DEBUG org.hibernate.boot.model.internal.AnnotatedColumn - Binding column: AnnotatedJoinColumn()
10:24:15.948 [main] DEBUG org.hibernate.boot.model.internal.AnnotatedColumn - Binding column: AnnotatedColumn()
10:24:15.948 [main] DEBUG org.hibernate.boot.model.internal.AnnotatedColumn - Binding column: IndexColumn(column='milestones_ORDER')
10:24:15.948 [main] DEBUG org.hibernate.boot.model.internal.AnnotatedColumn - Binding column: AnnotatedColumn()
10:24:15.948 [main] DEBUG org.hibernate.boot.model.internal.AnnotatedColumn - Binding column: AnnotatedColumn(column='milestones_KEY')
10:24:15.948 [main] DEBUG org.hibernate.boot.model.internal.AnnotatedColumn - Binding column: AnnotatedJoinColumn(column='milestones_KEY')
10:24:15.948 [main] DEBUG org.hibernate.boot.model.internal.AnnotatedColumn - Binding column: AnnotatedJoinColumn()
10:24:15.948 [main] DEBUG org.hibernate.boot.model.internal.AnnotatedColumn - Binding column: AnnotatedJoinColumn()
10:24:15.948 [main] DEBUG org.hibernate.boot.model.internal.CollectionBinder - Collection role: org.frcpm.models.Project.milestones
10:24:15.948 [main] DEBUG org.hibernate.boot.model.internal.PropertyBinder - Building property milestones
10:24:15.948 [main] DEBUG org.hibernate.boot.model.internal.AnnotatedColumn - Binding column: AnnotatedColumn(column='name')
10:24:15.948 [main] DEBUG org.hibernate.boot.model.internal.PropertyBinder - MetadataSourceProcessor property name with lazy=false
10:24:15.948 [main] DEBUG org.hibernate.boot.model.internal.AbstractPropertyHolder - Attempting to locate auto-apply AttributeConverter for property [org.frcpm.models.Project:name]
10:24:15.948 [main] DEBUG org.hibernate.boot.model.internal.BasicValueBinder - building BasicValue for name
10:24:15.948 [main] DEBUG org.hibernate.mapping.BasicValue - Skipping column re-registration: projects.name
10:24:15.948 [main] DEBUG org.hibernate.boot.model.internal.PropertyBinder - Building property name
10:24:15.948 [main] DEBUG org.hibernate.boot.model.internal.AnnotatedColumn - Binding column: AnnotatedColumn(column='start_date')
10:24:15.948 [main] DEBUG org.hibernate.boot.model.internal.PropertyBinder - MetadataSourceProcessor property startDate with lazy=false
10:24:15.948 [main] DEBUG org.hibernate.boot.model.internal.AbstractPropertyHolder - Attempting to locate auto-apply AttributeConverter for property [org.frcpm.models.Project:startDate]
10:24:15.948 [main] DEBUG org.hibernate.boot.model.internal.BasicValueBinder - building BasicValue for startDate
10:24:15.948 [main] DEBUG org.hibernate.mapping.BasicValue - Skipping column re-registration: projects.start_date
10:24:15.948 [main] DEBUG org.hibernate.boot.model.internal.PropertyBinder - Building property startDate
10:24:15.948 [main] DEBUG org.hibernate.boot.model.internal.AnnotatedColumn - Binding column: AnnotatedJoinColumn()
10:24:15.948 [main] DEBUG org.hibernate.boot.model.internal.AnnotatedColumn - Binding column: AnnotatedColumn()
10:24:15.948 [main] DEBUG org.hibernate.boot.model.internal.AnnotatedColumn - Binding column: IndexColumn(column='tasks_ORDER')
10:24:15.948 [main] DEBUG org.hibernate.boot.model.internal.AnnotatedColumn - Binding column: AnnotatedColumn()
10:24:15.948 [main] DEBUG org.hibernate.boot.model.internal.AnnotatedColumn - Binding column: AnnotatedColumn(column='tasks_KEY')
10:24:15.948 [main] DEBUG org.hibernate.boot.model.internal.AnnotatedColumn - Binding column: AnnotatedJoinColumn(column='tasks_KEY')
10:24:15.948 [main] DEBUG org.hibernate.boot.model.internal.AnnotatedColumn - Binding column: AnnotatedJoinColumn()
10:24:15.948 [main] DEBUG org.hibernate.boot.model.internal.AnnotatedColumn - Binding column: AnnotatedJoinColumn()
10:24:15.948 [main] DEBUG org.hibernate.boot.model.internal.CollectionBinder - Collection role: org.frcpm.models.Project.tasks
10:24:15.948 [main] DEBUG org.hibernate.boot.model.internal.PropertyBinder - Building property tasks
10:24:15.949 [main] DEBUG org.hibernate.boot.registry.classloading.internal.ClassLoaderServiceImpl - HHH000194: Package not found or no package-info.java: org.frcpm.models
10:24:15.949 [main] DEBUG org.hibernate.boot.model.internal.EntityBinder - Binding entity from annotated class: org.frcpm.models.Subteam
10:24:15.949 [main] DEBUG org.hibernate.boot.model.internal.EntityBinder - Import with entity name Subteam
10:24:15.949 [main] DEBUG org.hibernate.boot.model.internal.EntityBinder - Bind entity org.frcpm.models.Subteam on table subteams
10:24:15.949 [main] DEBUG org.hibernate.boot.model.internal.AnnotatedColumn - Binding column: AnnotatedDiscriminatorColumn(column='DTYPE')
10:24:15.949 [main] DEBUG org.hibernate.boot.model.internal.AnnotatedColumn - Binding column: AnnotatedColumn()
10:24:15.949 [main] DEBUG org.hibernate.boot.internal.ClassLoaderAccessImpl - Not known whether passed class name [org.frcpm.models.Subteam] is safe
10:24:15.949 [main] DEBUG org.hibernate.boot.internal.ClassLoaderAccessImpl - No temp ClassLoader provided; using live ClassLoader for loading potentially unsafe class : org.frcpm.models.Subteam
10:24:15.949 [main] DEBUG org.hibernate.boot.model.internal.PropertyBinder - MetadataSourceProcessor property id with lazy=false
10:24:15.949 [main] DEBUG org.hibernate.boot.model.internal.AbstractPropertyHolder - Attempting to locate auto-apply AttributeConverter for property [org.frcpm.models.Subteam:id]
10:24:15.949 [main] DEBUG org.hibernate.boot.model.internal.BasicValueBinder - building BasicValue for id
10:24:15.949 [main] DEBUG org.hibernate.mapping.BasicValue - Skipping column re-registration: subteams.id
10:24:15.949 [main] DEBUG org.hibernate.boot.model.internal.PropertyBinder - Building property id
10:24:15.950 [main] DEBUG org.hibernate.boot.model.internal.BinderHelper - #makeIdGenerator(BasicValue([Column(id)]), id, identity, , ...)
10:24:15.950 [main] DEBUG org.hibernate.boot.model.internal.AnnotatedColumn - Binding column: AnnotatedColumn(column='color_code')
10:24:15.950 [main] DEBUG org.hibernate.boot.model.internal.PropertyBinder - MetadataSourceProcessor property colorCode with lazy=false
10:24:15.950 [main] DEBUG org.hibernate.boot.model.internal.AbstractPropertyHolder - Attempting to locate auto-apply AttributeConverter for property [org.frcpm.models.Subteam:colorCode]
10:24:15.950 [main] DEBUG org.hibernate.boot.model.internal.BasicValueBinder - building BasicValue for colorCode
10:24:15.950 [main] DEBUG org.hibernate.mapping.BasicValue - Skipping column re-registration: subteams.color_code
10:24:15.950 [main] DEBUG org.hibernate.boot.model.internal.PropertyBinder - Building property colorCode
10:24:15.950 [main] DEBUG org.hibernate.boot.model.internal.AnnotatedColumn - Binding column: AnnotatedJoinColumn()
10:24:15.950 [main] DEBUG org.hibernate.boot.model.internal.AnnotatedColumn - Binding column: AnnotatedColumn()
10:24:15.950 [main] DEBUG org.hibernate.boot.model.internal.AnnotatedColumn - Binding column: IndexColumn(column='members_ORDER')
10:24:15.950 [main] DEBUG org.hibernate.boot.model.internal.AnnotatedColumn - Binding column: AnnotatedColumn()
10:24:15.950 [main] DEBUG org.hibernate.boot.model.internal.AnnotatedColumn - Binding column: AnnotatedColumn(column='members_KEY')
10:24:15.950 [main] DEBUG org.hibernate.boot.model.internal.AnnotatedColumn - Binding column: AnnotatedJoinColumn(column='members_KEY')
10:24:15.950 [main] DEBUG org.hibernate.boot.model.internal.AnnotatedColumn - Binding column: AnnotatedJoinColumn()
10:24:15.950 [main] DEBUG org.hibernate.boot.model.internal.AnnotatedColumn - Binding column: AnnotatedJoinColumn()
10:24:15.950 [main] DEBUG org.hibernate.boot.model.internal.CollectionBinder - Collection role: org.frcpm.models.Subteam.members
10:24:15.950 [main] DEBUG org.hibernate.boot.model.internal.PropertyBinder - Building property members
10:24:15.950 [main] DEBUG org.hibernate.boot.model.internal.AnnotatedColumn - Binding column: AnnotatedColumn(column='name')
10:24:15.950 [main] DEBUG org.hibernate.boot.model.internal.PropertyBinder - MetadataSourceProcessor property name with lazy=false
10:24:15.950 [main] DEBUG org.hibernate.boot.model.internal.AbstractPropertyHolder - Attempting to locate auto-apply AttributeConverter for property [org.frcpm.models.Subteam:name]
10:24:15.950 [main] DEBUG org.hibernate.boot.model.internal.BasicValueBinder - building BasicValue for name
10:24:15.950 [main] DEBUG org.hibernate.mapping.BasicValue - Skipping column re-registration: subteams.name
10:24:15.950 [main] DEBUG org.hibernate.boot.model.internal.PropertyBinder - Building property name
10:24:15.950 [main] DEBUG org.hibernate.boot.model.internal.AnnotatedColumn - Binding column: AnnotatedColumn(column='specialties')
10:24:15.950 [main] DEBUG org.hibernate.boot.model.internal.PropertyBinder - MetadataSourceProcessor property specialties with lazy=false
10:24:15.950 [main] DEBUG org.hibernate.boot.model.internal.AbstractPropertyHolder - Attempting to locate auto-apply AttributeConverter for property [org.frcpm.models.Subteam:specialties]
10:24:15.950 [main] DEBUG org.hibernate.boot.model.internal.BasicValueBinder - building BasicValue for specialties
10:24:15.950 [main] DEBUG org.hibernate.mapping.BasicValue - Skipping column re-registration: subteams.specialties
10:24:15.950 [main] DEBUG org.hibernate.boot.model.internal.PropertyBinder - Building property specialties
10:24:15.950 [main] DEBUG org.hibernate.boot.model.internal.AnnotatedColumn - Binding column: AnnotatedJoinColumn()
10:24:15.950 [main] DEBUG org.hibernate.boot.model.internal.AnnotatedColumn - Binding column: AnnotatedColumn()
10:24:15.950 [main] DEBUG org.hibernate.boot.model.internal.AnnotatedColumn - Binding column: IndexColumn(column='subsystems_ORDER')
10:24:15.950 [main] DEBUG org.hibernate.boot.model.internal.AnnotatedColumn - Binding column: AnnotatedColumn()
10:24:15.950 [main] DEBUG org.hibernate.boot.model.internal.AnnotatedColumn - Binding column: AnnotatedColumn(column='subsystems_KEY')
10:24:15.950 [main] DEBUG org.hibernate.boot.model.internal.AnnotatedColumn - Binding column: AnnotatedJoinColumn(column='subsystems_KEY')
10:24:15.950 [main] DEBUG org.hibernate.boot.model.internal.AnnotatedColumn - Binding column: AnnotatedJoinColumn()
10:24:15.950 [main] DEBUG org.hibernate.boot.model.internal.AnnotatedColumn - Binding column: AnnotatedJoinColumn()
10:24:15.950 [main] DEBUG org.hibernate.boot.model.internal.CollectionBinder - Collection role: org.frcpm.models.Subteam.subsystems
10:24:15.950 [main] DEBUG org.hibernate.boot.model.internal.PropertyBinder - Building property subsystems
10:24:15.951 [main] DEBUG org.hibernate.boot.registry.classloading.internal.ClassLoaderServiceImpl - HHH000194: Package not found or no package-info.java: org.frcpm.models
10:24:15.951 [main] DEBUG org.hibernate.boot.model.internal.EntityBinder - Binding entity from annotated class: org.frcpm.models.Task
10:24:15.951 [main] DEBUG org.hibernate.boot.model.internal.EntityBinder - Import with entity name Task
10:24:15.951 [main] DEBUG org.hibernate.boot.model.internal.EntityBinder - Bind entity org.frcpm.models.Task on table tasks
10:24:15.952 [main] DEBUG org.hibernate.boot.model.internal.AnnotatedColumn - Binding column: AnnotatedDiscriminatorColumn(column='DTYPE')
10:24:15.952 [main] DEBUG org.hibernate.boot.model.internal.AnnotatedColumn - Binding column: AnnotatedColumn()
10:24:15.952 [main] DEBUG org.hibernate.boot.internal.ClassLoaderAccessImpl - Not known whether passed class name [org.frcpm.models.Task] is safe
10:24:15.952 [main] DEBUG org.hibernate.boot.internal.ClassLoaderAccessImpl - No temp ClassLoader provided; using live ClassLoader for loading potentially unsafe class : org.frcpm.models.Task
10:24:15.952 [main] DEBUG org.hibernate.boot.model.internal.PropertyBinder - MetadataSourceProcessor property id with lazy=false
10:24:15.952 [main] DEBUG org.hibernate.boot.model.internal.AbstractPropertyHolder - Attempting to locate auto-apply AttributeConverter for property [org.frcpm.models.Task:id]
10:24:15.952 [main] DEBUG org.hibernate.boot.model.internal.BasicValueBinder - building BasicValue for id
10:24:15.953 [main] DEBUG org.hibernate.mapping.BasicValue - Skipping column re-registration: tasks.id
10:24:15.953 [main] DEBUG org.hibernate.boot.model.internal.PropertyBinder - Building property id
10:24:15.953 [main] DEBUG org.hibernate.boot.model.internal.BinderHelper - #makeIdGenerator(BasicValue([Column(id)]), id, identity, , ...)
10:24:15.953 [main] DEBUG org.hibernate.boot.model.internal.AnnotatedColumn - Binding column: AnnotatedColumn(column='actual_duration_seconds')
10:24:15.953 [main] DEBUG org.hibernate.boot.model.internal.PropertyBinder - MetadataSourceProcessor property actualDurationSeconds with lazy=false
10:24:15.953 [main] DEBUG org.hibernate.boot.model.internal.AbstractPropertyHolder - Attempting to locate auto-apply AttributeConverter for property [org.frcpm.models.Task:actualDurationSeconds]
10:24:15.953 [main] DEBUG org.hibernate.boot.model.internal.BasicValueBinder - building BasicValue for actualDurationSeconds
10:24:15.953 [main] DEBUG org.hibernate.mapping.BasicValue - Skipping column re-registration: tasks.actual_duration_seconds
10:24:15.953 [main] DEBUG org.hibernate.boot.model.internal.PropertyBinder - Building property actualDurationSeconds
10:24:15.953 [main] DEBUG org.hibernate.boot.model.internal.AnnotatedColumn - Binding column: IndexColumn(column='assignedTo_ORDER')
10:24:15.954 [main] DEBUG org.hibernate.boot.model.internal.AnnotatedColumn - Binding column: AnnotatedColumn()
10:24:15.954 [main] DEBUG org.hibernate.boot.model.internal.AnnotatedColumn - Binding column: AnnotatedColumn(column='assignedTo_KEY')
10:24:15.954 [main] DEBUG org.hibernate.boot.model.internal.AnnotatedColumn - Binding column: AnnotatedJoinColumn(column='assignedTo_KEY')
10:24:15.954 [main] DEBUG org.hibernate.boot.model.internal.AnnotatedColumn - Binding column: AnnotatedJoinColumn(column='task_id')
10:24:15.954 [main] DEBUG org.hibernate.boot.model.internal.AnnotatedColumn - Binding column: AnnotatedJoinColumn(column='team_member_id')
10:24:15.954 [main] DEBUG org.hibernate.boot.model.internal.CollectionBinder - Collection role: org.frcpm.models.Task.assignedTo
10:24:15.954 [main] DEBUG org.hibernate.boot.model.internal.PropertyBinder - Building property assignedTo
10:24:15.954 [main] DEBUG org.hibernate.boot.model.internal.AnnotatedColumn - Binding column: AnnotatedColumn(column='completed')
10:24:15.954 [main] DEBUG org.hibernate.boot.model.internal.PropertyBinder - MetadataSourceProcessor property completed with lazy=false
10:24:15.954 [main] DEBUG org.hibernate.boot.model.internal.AbstractPropertyHolder - Attempting to locate auto-apply AttributeConverter for property [org.frcpm.models.Task:completed]
10:24:15.954 [main] DEBUG org.hibernate.boot.model.internal.BasicValueBinder - building BasicValue for completed
10:24:15.954 [main] DEBUG org.hibernate.mapping.BasicValue - Skipping column re-registration: tasks.completed
10:24:15.954 [main] DEBUG org.hibernate.boot.model.internal.PropertyBinder - Building property completed
10:24:15.954 [main] DEBUG org.hibernate.boot.model.internal.AnnotatedColumn - Binding column: AnnotatedColumn(column='description')
10:24:15.954 [main] DEBUG org.hibernate.boot.model.internal.PropertyBinder - MetadataSourceProcessor property description with lazy=false
10:24:15.954 [main] DEBUG org.hibernate.boot.model.internal.AbstractPropertyHolder - Attempting to locate auto-apply AttributeConverter for property [org.frcpm.models.Task:description]
10:24:15.954 [main] DEBUG org.hibernate.boot.model.internal.BasicValueBinder - building BasicValue for description
10:24:15.954 [main] DEBUG org.hibernate.mapping.BasicValue - Skipping column re-registration: tasks.description
10:24:15.954 [main] DEBUG org.hibernate.boot.model.internal.PropertyBinder - Building property description
10:24:15.954 [main] DEBUG org.hibernate.boot.model.internal.AnnotatedColumn - Binding column: AnnotatedColumn(column='end_date')
10:24:15.954 [main] DEBUG org.hibernate.boot.model.internal.PropertyBinder - MetadataSourceProcessor property endDate with lazy=false
10:24:15.954 [main] DEBUG org.hibernate.boot.model.internal.AbstractPropertyHolder - Attempting to locate auto-apply AttributeConverter for property [org.frcpm.models.Task:endDate]
10:24:15.954 [main] DEBUG org.hibernate.boot.model.internal.BasicValueBinder - building BasicValue for endDate
10:24:15.954 [main] DEBUG org.hibernate.mapping.BasicValue - Skipping column re-registration: tasks.end_date
10:24:15.954 [main] DEBUG org.hibernate.boot.model.internal.PropertyBinder - Building property endDate
10:24:15.954 [main] DEBUG org.hibernate.boot.model.internal.AnnotatedColumn - Binding column: AnnotatedColumn(column='estimated_duration_seconds')
10:24:15.954 [main] DEBUG org.hibernate.boot.model.internal.PropertyBinder - MetadataSourceProcessor property estimatedDurationSeconds with lazy=false
10:24:15.954 [main] DEBUG org.hibernate.boot.model.internal.AbstractPropertyHolder - Attempting to locate auto-apply AttributeConverter for property [org.frcpm.models.Task:estimatedDurationSeconds]
10:24:15.954 [main] DEBUG org.hibernate.boot.model.internal.BasicValueBinder - building BasicValue for estimatedDurationSeconds
10:24:15.954 [main] DEBUG org.hibernate.mapping.BasicValue - Skipping column re-registration: tasks.estimated_duration_seconds
10:24:15.954 [main] DEBUG org.hibernate.boot.model.internal.PropertyBinder - Building property estimatedDurationSeconds
10:24:15.954 [main] DEBUG org.hibernate.boot.model.internal.AnnotatedColumn - Binding column: IndexColumn(column='postDependencies_ORDER')
10:24:15.954 [main] DEBUG org.hibernate.boot.model.internal.AnnotatedColumn - Binding column: AnnotatedColumn()
10:24:15.954 [main] DEBUG org.hibernate.boot.model.internal.AnnotatedColumn - Binding column: AnnotatedColumn(column='postDependencies_KEY')
10:24:15.954 [main] DEBUG org.hibernate.boot.model.internal.AnnotatedColumn - Binding column: AnnotatedJoinColumn(column='postDependencies_KEY')
10:24:15.954 [main] DEBUG org.hibernate.boot.model.internal.AnnotatedColumn - Binding column: AnnotatedJoinColumn()
10:24:15.954 [main] DEBUG org.hibernate.boot.model.internal.AnnotatedColumn - Binding column: AnnotatedJoinColumn()
10:24:15.954 [main] DEBUG org.hibernate.boot.model.internal.CollectionBinder - Collection role: org.frcpm.models.Task.postDependencies
10:24:15.954 [main] DEBUG org.hibernate.boot.model.internal.PropertyBinder - Building property postDependencies
10:24:15.955 [main] DEBUG org.hibernate.boot.model.internal.AnnotatedColumn - Binding column: IndexColumn(column='preDependencies_ORDER')
10:24:15.955 [main] DEBUG org.hibernate.boot.model.internal.AnnotatedColumn - Binding column: AnnotatedColumn()
10:24:15.955 [main] DEBUG org.hibernate.boot.model.internal.AnnotatedColumn - Binding column: AnnotatedColumn(column='preDependencies_KEY')
10:24:15.955 [main] DEBUG org.hibernate.boot.model.internal.AnnotatedColumn - Binding column: AnnotatedJoinColumn(column='preDependencies_KEY')
10:24:15.955 [main] DEBUG org.hibernate.boot.model.internal.AnnotatedColumn - Binding column: AnnotatedJoinColumn(column='task_id')
10:24:15.955 [main] DEBUG org.hibernate.boot.model.internal.AnnotatedColumn - Binding column: AnnotatedJoinColumn(column='dependency_id')
10:24:15.955 [main] DEBUG org.hibernate.boot.model.internal.CollectionBinder - Collection role: org.frcpm.models.Task.preDependencies
10:24:15.955 [main] DEBUG org.hibernate.boot.model.internal.PropertyBinder - Building property preDependencies
10:24:15.955 [main] DEBUG org.hibernate.boot.model.internal.AnnotatedColumn - Binding column: AnnotatedColumn(column='priority')
10:24:15.955 [main] DEBUG org.hibernate.boot.model.internal.PropertyBinder - MetadataSourceProcessor property priority with lazy=false
10:24:15.955 [main] DEBUG org.hibernate.boot.model.internal.AbstractPropertyHolder - Attempting to locate auto-apply AttributeConverter for property [org.frcpm.models.Task:priority]
10:24:15.955 [main] DEBUG org.hibernate.boot.model.internal.BasicValueBinder - building BasicValue for priority
10:24:15.955 [main] DEBUG org.hibernate.mapping.BasicValue - Skipping column re-registration: tasks.priority
10:24:15.955 [main] DEBUG org.hibernate.boot.model.internal.PropertyBinder - Building property priority
10:24:15.955 [main] DEBUG org.hibernate.boot.model.internal.AnnotatedColumn - Binding column: AnnotatedColumn(column='progress')
10:24:15.955 [main] DEBUG org.hibernate.boot.model.internal.PropertyBinder - MetadataSourceProcessor property progress with lazy=false
10:24:15.955 [main] DEBUG org.hibernate.boot.model.internal.AbstractPropertyHolder - Attempting to locate auto-apply AttributeConverter for property [org.frcpm.models.Task:progress]
10:24:15.955 [main] DEBUG org.hibernate.boot.model.internal.BasicValueBinder - building BasicValue for progress
10:24:15.955 [main] DEBUG org.hibernate.mapping.BasicValue - Skipping column re-registration: tasks.progress
10:24:15.955 [main] DEBUG org.hibernate.boot.model.internal.PropertyBinder - Building property progress
10:24:15.955 [main] DEBUG org.hibernate.boot.model.internal.AnnotatedColumn - Binding column: AnnotatedJoinColumn(column='project_id')
10:24:15.955 [main] DEBUG org.hibernate.boot.model.internal.AnnotatedColumn - Binding column: AnnotatedColumn()
10:24:15.955 [main] DEBUG org.hibernate.boot.model.internal.PropertyBinder - Building property project
10:24:15.955 [main] DEBUG org.hibernate.boot.model.internal.AnnotatedColumn - Binding column: IndexColumn(column='requiredComponents_ORDER')
10:24:15.955 [main] DEBUG org.hibernate.boot.model.internal.AnnotatedColumn - Binding column: AnnotatedColumn()
10:24:15.955 [main] DEBUG org.hibernate.boot.model.internal.AnnotatedColumn - Binding column: AnnotatedColumn(column='requiredComponents_KEY')
10:24:15.955 [main] DEBUG org.hibernate.boot.model.internal.AnnotatedColumn - Binding column: AnnotatedJoinColumn(column='requiredComponents_KEY')
10:24:15.955 [main] DEBUG org.hibernate.boot.model.internal.AnnotatedColumn - Binding column: AnnotatedJoinColumn(column='task_id')
10:24:15.955 [main] DEBUG org.hibernate.boot.model.internal.AnnotatedColumn - Binding column: AnnotatedJoinColumn(column='component_id')
10:24:15.955 [main] DEBUG org.hibernate.boot.model.internal.CollectionBinder - Collection role: org.frcpm.models.Task.requiredComponents
10:24:15.955 [main] DEBUG org.hibernate.boot.model.internal.PropertyBinder - Building property requiredComponents
10:24:15.955 [main] DEBUG org.hibernate.boot.model.internal.AnnotatedColumn - Binding column: AnnotatedColumn(column='start_date')
10:24:15.955 [main] DEBUG org.hibernate.boot.model.internal.PropertyBinder - MetadataSourceProcessor property startDate with lazy=false
10:24:15.955 [main] DEBUG org.hibernate.boot.model.internal.AbstractPropertyHolder - Attempting to locate auto-apply AttributeConverter for property [org.frcpm.models.Task:startDate]
10:24:15.955 [main] DEBUG org.hibernate.boot.model.internal.BasicValueBinder - building BasicValue for startDate
10:24:15.955 [main] DEBUG org.hibernate.mapping.BasicValue - Skipping column re-registration: tasks.start_date
10:24:15.955 [main] DEBUG org.hibernate.boot.model.internal.PropertyBinder - Building property startDate
10:24:15.955 [main] DEBUG org.hibernate.boot.model.internal.AnnotatedColumn - Binding column: AnnotatedJoinColumn(column='subsystem_id')
10:24:15.955 [main] DEBUG org.hibernate.boot.model.internal.AnnotatedColumn - Binding column: AnnotatedColumn()
10:24:15.955 [main] DEBUG org.hibernate.boot.model.internal.PropertyBinder - Building property subsystem
10:24:15.955 [main] DEBUG org.hibernate.boot.model.internal.AnnotatedColumn - Binding column: AnnotatedColumn(column='title')
10:24:15.955 [main] DEBUG org.hibernate.boot.model.internal.PropertyBinder - MetadataSourceProcessor property title with lazy=false
10:24:15.955 [main] DEBUG org.hibernate.boot.model.internal.AbstractPropertyHolder - Attempting to locate auto-apply AttributeConverter for property [org.frcpm.models.Task:title]
10:24:15.955 [main] DEBUG org.hibernate.boot.model.internal.BasicValueBinder - building BasicValue for title
10:24:15.955 [main] DEBUG org.hibernate.mapping.BasicValue - Skipping column re-registration: tasks.title
10:24:15.955 [main] DEBUG org.hibernate.boot.model.internal.PropertyBinder - Building property title
10:24:15.956 [main] DEBUG org.hibernate.boot.registry.classloading.internal.ClassLoaderServiceImpl - HHH000194: Package not found or no package-info.java: org.frcpm.models
10:24:15.956 [main] DEBUG org.hibernate.boot.model.internal.EntityBinder - Binding entity from annotated class: org.frcpm.models.TeamMember
10:24:15.956 [main] DEBUG org.hibernate.boot.model.internal.EntityBinder - Import with entity name TeamMember
10:24:15.956 [main] DEBUG org.hibernate.boot.model.internal.EntityBinder - Bind entity org.frcpm.models.TeamMember on table team_members
10:24:15.956 [main] DEBUG org.hibernate.boot.model.internal.AnnotatedColumn - Binding column: AnnotatedDiscriminatorColumn(column='DTYPE')
10:24:15.956 [main] DEBUG org.hibernate.boot.model.internal.AnnotatedColumn - Binding column: AnnotatedColumn()
10:24:15.956 [main] DEBUG org.hibernate.boot.internal.ClassLoaderAccessImpl - Not known whether passed class name [org.frcpm.models.TeamMember] is safe
10:24:15.956 [main] DEBUG org.hibernate.boot.internal.ClassLoaderAccessImpl - No temp ClassLoader provided; using live ClassLoader for loading potentially unsafe class : org.frcpm.models.TeamMember
10:24:15.956 [main] DEBUG org.hibernate.boot.model.internal.PropertyBinder - MetadataSourceProcessor property id with lazy=false
10:24:15.956 [main] DEBUG org.hibernate.boot.model.internal.AbstractPropertyHolder - Attempting to locate auto-apply AttributeConverter for property [org.frcpm.models.TeamMember:id]
10:24:15.956 [main] DEBUG org.hibernate.boot.model.internal.BasicValueBinder - building BasicValue for id
10:24:15.956 [main] DEBUG org.hibernate.mapping.BasicValue - Skipping column re-registration: team_members.id
10:24:15.956 [main] DEBUG org.hibernate.boot.model.internal.PropertyBinder - Building property id
10:24:15.957 [main] DEBUG org.hibernate.boot.model.internal.BinderHelper - #makeIdGenerator(BasicValue([Column(id)]), id, identity, , ...)
10:24:15.957 [main] DEBUG org.hibernate.boot.model.internal.AnnotatedColumn - Binding column: IndexColumn(column='assignedTasks_ORDER')
10:24:15.957 [main] DEBUG org.hibernate.boot.model.internal.AnnotatedColumn - Binding column: AnnotatedColumn()
10:24:15.957 [main] DEBUG org.hibernate.boot.model.internal.AnnotatedColumn - Binding column: AnnotatedColumn(column='assignedTasks_KEY')
10:24:15.957 [main] DEBUG org.hibernate.boot.model.internal.AnnotatedColumn - Binding column: AnnotatedJoinColumn(column='assignedTasks_KEY')
10:24:15.957 [main] DEBUG org.hibernate.boot.model.internal.AnnotatedColumn - Binding column: AnnotatedJoinColumn()
10:24:15.957 [main] DEBUG org.hibernate.boot.model.internal.AnnotatedColumn - Binding column: AnnotatedJoinColumn()
10:24:15.957 [main] DEBUG org.hibernate.boot.model.internal.CollectionBinder - Collection role: org.frcpm.models.TeamMember.assignedTasks
10:24:15.957 [main] DEBUG org.hibernate.boot.model.internal.PropertyBinder - Building property assignedTasks
10:24:15.957 [main] DEBUG org.hibernate.boot.model.internal.AnnotatedColumn - Binding column: AnnotatedJoinColumn()
10:24:15.957 [main] DEBUG org.hibernate.boot.model.internal.AnnotatedColumn - Binding column: AnnotatedColumn()
10:24:15.957 [main] DEBUG org.hibernate.boot.model.internal.AnnotatedColumn - Binding column: IndexColumn(column='attendances_ORDER')
10:24:15.957 [main] DEBUG org.hibernate.boot.model.internal.AnnotatedColumn - Binding column: AnnotatedColumn()
10:24:15.957 [main] DEBUG org.hibernate.boot.model.internal.AnnotatedColumn - Binding column: AnnotatedColumn(column='attendances_KEY')
10:24:15.957 [main] DEBUG org.hibernate.boot.model.internal.AnnotatedColumn - Binding column: AnnotatedJoinColumn(column='attendances_KEY')
10:24:15.957 [main] DEBUG org.hibernate.boot.model.internal.AnnotatedColumn - Binding column: AnnotatedJoinColumn()
10:24:15.957 [main] DEBUG org.hibernate.boot.model.internal.AnnotatedColumn - Binding column: AnnotatedJoinColumn()
10:24:15.957 [main] DEBUG org.hibernate.boot.model.internal.CollectionBinder - Collection role: org.frcpm.models.TeamMember.attendances
10:24:15.957 [main] DEBUG org.hibernate.boot.model.internal.PropertyBinder - Building property attendances
10:24:15.957 [main] DEBUG org.hibernate.boot.model.internal.AnnotatedColumn - Binding column: AnnotatedColumn(column='email')
10:24:15.957 [main] DEBUG org.hibernate.boot.model.internal.PropertyBinder - MetadataSourceProcessor property email with lazy=false
10:24:15.957 [main] DEBUG org.hibernate.boot.model.internal.AbstractPropertyHolder - Attempting to locate auto-apply AttributeConverter for property [org.frcpm.models.TeamMember:email]
10:24:15.957 [main] DEBUG org.hibernate.boot.model.internal.BasicValueBinder - building BasicValue for email
10:24:15.957 [main] DEBUG org.hibernate.mapping.BasicValue - Skipping column re-registration: team_members.email
10:24:15.957 [main] DEBUG org.hibernate.boot.model.internal.PropertyBinder - Building property email
10:24:15.957 [main] DEBUG org.hibernate.boot.model.internal.AnnotatedColumn - Binding column: AnnotatedColumn(column='first_name')
10:24:15.958 [main] DEBUG org.hibernate.boot.model.internal.PropertyBinder - MetadataSourceProcessor property firstName with lazy=false
10:24:15.958 [main] DEBUG org.hibernate.boot.model.internal.AbstractPropertyHolder - Attempting to locate auto-apply AttributeConverter for property [org.frcpm.models.TeamMember:firstName]
10:24:15.958 [main] DEBUG org.hibernate.boot.model.internal.BasicValueBinder - building BasicValue for firstName
10:24:15.958 [main] DEBUG org.hibernate.mapping.BasicValue - Skipping column re-registration: team_members.first_name
10:24:15.958 [main] DEBUG org.hibernate.boot.model.internal.PropertyBinder - Building property firstName
10:24:15.958 [main] DEBUG org.hibernate.boot.model.internal.AnnotatedColumn - Binding column: AnnotatedColumn(column='last_name')
10:24:15.958 [main] DEBUG org.hibernate.boot.model.internal.PropertyBinder - MetadataSourceProcessor property lastName with lazy=false
10:24:15.958 [main] DEBUG org.hibernate.boot.model.internal.AbstractPropertyHolder - Attempting to locate auto-apply AttributeConverter for property [org.frcpm.models.TeamMember:lastName]
10:24:15.958 [main] DEBUG org.hibernate.boot.model.internal.BasicValueBinder - building BasicValue for lastName
10:24:15.958 [main] DEBUG org.hibernate.mapping.BasicValue - Skipping column re-registration: team_members.last_name
10:24:15.958 [main] DEBUG org.hibernate.boot.model.internal.PropertyBinder - Building property lastName
10:24:15.958 [main] DEBUG org.hibernate.boot.model.internal.AnnotatedColumn - Binding column: AnnotatedColumn(column='is_leader')
10:24:15.958 [main] DEBUG org.hibernate.boot.model.internal.PropertyBinder - MetadataSourceProcessor property leader with lazy=false
10:24:15.958 [main] DEBUG org.hibernate.boot.model.internal.AbstractPropertyHolder - Attempting to locate auto-apply AttributeConverter for property [org.frcpm.models.TeamMember:leader]
10:24:15.958 [main] DEBUG org.hibernate.boot.model.internal.BasicValueBinder - building BasicValue for leader
10:24:15.958 [main] DEBUG org.hibernate.mapping.BasicValue - Skipping column re-registration: team_members.is_leader
10:24:15.958 [main] DEBUG org.hibernate.boot.model.internal.PropertyBinder - Building property leader
10:24:15.958 [main] DEBUG org.hibernate.boot.model.internal.AnnotatedColumn - Binding column: AnnotatedColumn(column='phone')
10:24:15.958 [main] DEBUG org.hibernate.boot.model.internal.PropertyBinder - MetadataSourceProcessor property phone with lazy=false
10:24:15.958 [main] DEBUG org.hibernate.boot.model.internal.AbstractPropertyHolder - Attempting to locate auto-apply AttributeConverter for property [org.frcpm.models.TeamMember:phone]
10:24:15.958 [main] DEBUG org.hibernate.boot.model.internal.BasicValueBinder - building BasicValue for phone
10:24:15.958 [main] DEBUG org.hibernate.mapping.BasicValue - Skipping column re-registration: team_members.phone
10:24:15.958 [main] DEBUG org.hibernate.boot.model.internal.PropertyBinder - Building property phone
10:24:15.958 [main] DEBUG org.hibernate.boot.model.internal.AnnotatedColumn - Binding column: AnnotatedColumn(column='skills')
10:24:15.958 [main] DEBUG org.hibernate.boot.model.internal.PropertyBinder - MetadataSourceProcessor property skills with lazy=false
10:24:15.958 [main] DEBUG org.hibernate.boot.model.internal.AbstractPropertyHolder - Attempting to locate auto-apply AttributeConverter for property [org.frcpm.models.TeamMember:skills]
10:24:15.958 [main] DEBUG org.hibernate.boot.model.internal.BasicValueBinder - building BasicValue for skills
10:24:15.958 [main] DEBUG org.hibernate.mapping.BasicValue - Skipping column re-registration: team_members.skills
10:24:15.958 [main] DEBUG org.hibernate.boot.model.internal.PropertyBinder - Building property skills
10:24:15.958 [main] DEBUG org.hibernate.boot.model.internal.AnnotatedColumn - Binding column: AnnotatedJoinColumn(column='subteam_id')
10:24:15.958 [main] DEBUG org.hibernate.boot.model.internal.AnnotatedColumn - Binding column: AnnotatedColumn()
10:24:15.958 [main] DEBUG org.hibernate.boot.model.internal.PropertyBinder - Building property subteam
10:24:15.959 [main] DEBUG org.hibernate.boot.model.internal.AnnotatedColumn - Binding column: AnnotatedColumn(column='username')
10:24:15.959 [main] DEBUG org.hibernate.boot.model.internal.PropertyBinder - MetadataSourceProcessor property username with lazy=false
10:24:15.959 [main] DEBUG org.hibernate.boot.model.internal.AbstractPropertyHolder - Attempting to locate auto-apply AttributeConverter for property [org.frcpm.models.TeamMember:username]
10:24:15.959 [main] DEBUG org.hibernate.boot.model.internal.BasicValueBinder - building BasicValue for username
10:24:15.959 [main] DEBUG org.hibernate.mapping.BasicValue - Skipping column re-registration: team_members.username
10:24:15.959 [main] DEBUG org.hibernate.boot.model.internal.PropertyBinder - Building property username
10:24:15.960 [main] DEBUG org.hibernate.boot.registry.classloading.internal.ClassLoaderServiceImpl - HHH000194: Package not found or no package-info.java: org.frcpm.models
10:24:15.960 [main] DEBUG org.hibernate.boot.model.internal.BasicValueBinder - Starting `BasicValueBinder#fillSimpleValue` for id
10:24:15.960 [main] DEBUG org.hibernate.boot.model.internal.BasicValueBinder - Starting `BasicValueBinder#fillSimpleValue` for arrivalTime
10:24:15.960 [main] DEBUG org.hibernate.boot.model.internal.BasicValueBinder - Starting `BasicValueBinder#fillSimpleValue` for departureTime
10:24:15.960 [main] DEBUG org.hibernate.boot.model.internal.BasicValueBinder - Starting `BasicValueBinder#fillSimpleValue` for present
10:24:15.960 [main] DEBUG org.hibernate.boot.model.internal.BasicValueBinder - Starting `BasicValueBinder#fillSimpleValue` for id
10:24:15.960 [main] DEBUG org.hibernate.boot.model.internal.BasicValueBinder - Starting `BasicValueBinder#fillSimpleValue` for date
10:24:15.960 [main] DEBUG org.hibernate.boot.model.internal.BasicValueBinder - Starting `BasicValueBinder#fillSimpleValue` for endTime
10:24:15.960 [main] DEBUG org.hibernate.boot.model.internal.BasicValueBinder - Starting `BasicValueBinder#fillSimpleValue` for notes
10:24:15.960 [main] DEBUG org.hibernate.boot.model.internal.BasicValueBinder - Starting `BasicValueBinder#fillSimpleValue` for startTime
10:24:15.960 [main] DEBUG org.hibernate.boot.model.internal.BasicValueBinder - Starting `BasicValueBinder#fillSimpleValue` for id
10:24:15.960 [main] DEBUG org.hibernate.boot.model.internal.BasicValueBinder - Starting `BasicValueBinder#fillSimpleValue` for description
10:24:15.960 [main] DEBUG org.hibernate.boot.model.internal.BasicValueBinder - Starting `BasicValueBinder#fillSimpleValue` for name
10:24:15.960 [main] DEBUG org.hibernate.boot.model.internal.BasicValueBinder - Starting `BasicValueBinder#fillSimpleValue` for status
10:24:15.960 [main] DEBUG org.hibernate.boot.model.internal.BasicValueBinder - Starting `BasicValueBinder#fillSimpleValue` for id
10:24:15.960 [main] DEBUG org.hibernate.boot.model.internal.BasicValueBinder - Starting `BasicValueBinder#fillSimpleValue` for actualDelivery
10:24:15.960 [main] DEBUG org.hibernate.boot.model.internal.BasicValueBinder - Starting `BasicValueBinder#fillSimpleValue` for delivered
10:24:15.960 [main] DEBUG org.hibernate.boot.model.internal.BasicValueBinder - Starting `BasicValueBinder#fillSimpleValue` for description
10:24:15.960 [main] DEBUG org.hibernate.boot.model.internal.BasicValueBinder - Starting `BasicValueBinder#fillSimpleValue` for expectedDelivery
10:24:15.960 [main] DEBUG org.hibernate.boot.model.internal.BasicValueBinder - Starting `BasicValueBinder#fillSimpleValue` for name
10:24:15.960 [main] DEBUG org.hibernate.boot.model.internal.BasicValueBinder - Starting `BasicValueBinder#fillSimpleValue` for partNumber
10:24:15.960 [main] DEBUG org.hibernate.boot.model.internal.BasicValueBinder - Starting `BasicValueBinder#fillSimpleValue` for id
10:24:15.960 [main] DEBUG org.hibernate.boot.model.internal.BasicValueBinder - Starting `BasicValueBinder#fillSimpleValue` for date
10:24:15.960 [main] DEBUG org.hibernate.boot.model.internal.BasicValueBinder - Starting `BasicValueBinder#fillSimpleValue` for description
10:24:15.960 [main] DEBUG org.hibernate.boot.model.internal.BasicValueBinder - Starting `BasicValueBinder#fillSimpleValue` for name
10:24:15.960 [main] DEBUG org.hibernate.boot.model.internal.BasicValueBinder - Starting `BasicValueBinder#fillSimpleValue` for id
10:24:15.960 [main] DEBUG org.hibernate.boot.model.internal.BasicValueBinder - Starting `BasicValueBinder#fillSimpleValue` for description
10:24:15.960 [main] DEBUG org.hibernate.boot.model.internal.BasicValueBinder - Starting `BasicValueBinder#fillSimpleValue` for goalEndDate
10:24:15.960 [main] DEBUG org.hibernate.boot.model.internal.BasicValueBinder - Starting `BasicValueBinder#fillSimpleValue` for hardDeadline
10:24:15.960 [main] DEBUG org.hibernate.boot.model.internal.BasicValueBinder - Starting `BasicValueBinder#fillSimpleValue` for name
10:24:15.960 [main] DEBUG org.hibernate.boot.model.internal.BasicValueBinder - Starting `BasicValueBinder#fillSimpleValue` for startDate
10:24:15.960 [main] DEBUG org.hibernate.boot.model.internal.BasicValueBinder - Starting `BasicValueBinder#fillSimpleValue` for id
10:24:15.960 [main] DEBUG org.hibernate.boot.model.internal.BasicValueBinder - Starting `BasicValueBinder#fillSimpleValue` for colorCode
10:24:15.960 [main] DEBUG org.hibernate.boot.model.internal.BasicValueBinder - Starting `BasicValueBinder#fillSimpleValue` for name
10:24:15.960 [main] DEBUG org.hibernate.boot.model.internal.BasicValueBinder - Starting `BasicValueBinder#fillSimpleValue` for specialties
10:24:15.960 [main] DEBUG org.hibernate.boot.model.internal.BasicValueBinder - Starting `BasicValueBinder#fillSimpleValue` for id
10:24:15.960 [main] DEBUG org.hibernate.boot.model.internal.BasicValueBinder - Starting `BasicValueBinder#fillSimpleValue` for actualDurationSeconds
10:24:15.960 [main] DEBUG org.hibernate.boot.model.internal.BasicValueBinder - Starting `BasicValueBinder#fillSimpleValue` for completed
10:24:15.960 [main] DEBUG org.hibernate.boot.model.internal.BasicValueBinder - Starting `BasicValueBinder#fillSimpleValue` for description
10:24:15.960 [main] DEBUG org.hibernate.boot.model.internal.BasicValueBinder - Starting `BasicValueBinder#fillSimpleValue` for endDate
10:24:15.960 [main] DEBUG org.hibernate.boot.model.internal.BasicValueBinder - Starting `BasicValueBinder#fillSimpleValue` for estimatedDurationSeconds
10:24:15.960 [main] DEBUG org.hibernate.boot.model.internal.BasicValueBinder - Starting `BasicValueBinder#fillSimpleValue` for priority
10:24:15.960 [main] DEBUG org.hibernate.boot.model.internal.BasicValueBinder - Starting `BasicValueBinder#fillSimpleValue` for progress
10:24:15.960 [main] DEBUG org.hibernate.boot.model.internal.BasicValueBinder - Starting `BasicValueBinder#fillSimpleValue` for startDate
10:24:15.960 [main] DEBUG org.hibernate.boot.model.internal.BasicValueBinder - Starting `BasicValueBinder#fillSimpleValue` for title
10:24:15.960 [main] DEBUG org.hibernate.boot.model.internal.BasicValueBinder - Starting `BasicValueBinder#fillSimpleValue` for id
10:24:15.960 [main] DEBUG org.hibernate.boot.model.internal.BasicValueBinder - Starting `BasicValueBinder#fillSimpleValue` for email
10:24:15.960 [main] DEBUG org.hibernate.boot.model.internal.BasicValueBinder - Starting `BasicValueBinder#fillSimpleValue` for firstName
10:24:15.960 [main] DEBUG org.hibernate.boot.model.internal.BasicValueBinder - Starting `BasicValueBinder#fillSimpleValue` for lastName
10:24:15.960 [main] DEBUG org.hibernate.boot.model.internal.BasicValueBinder - Starting `BasicValueBinder#fillSimpleValue` for leader
10:24:15.960 [main] DEBUG org.hibernate.boot.model.internal.BasicValueBinder - Starting `BasicValueBinder#fillSimpleValue` for phone
10:24:15.960 [main] DEBUG org.hibernate.boot.model.internal.BasicValueBinder - Starting `BasicValueBinder#fillSimpleValue` for skills
10:24:15.960 [main] DEBUG org.hibernate.boot.model.internal.BasicValueBinder - Starting `BasicValueBinder#fillSimpleValue` for username
10:24:15.960 [main] DEBUG org.hibernate.mapping.PrimaryKey - Forcing column [id] to be non-null as it is part of the primary key for table [attendances]
10:24:15.960 [main] DEBUG org.hibernate.mapping.PrimaryKey - Forcing column [id] to be non-null as it is part of the primary key for table [meetings]
10:24:15.960 [main] DEBUG org.hibernate.mapping.PrimaryKey - Forcing column [id] to be non-null as it is part of the primary key for table [subsystems]
10:24:15.960 [main] DEBUG org.hibernate.mapping.PrimaryKey - Forcing column [id] to be non-null as it is part of the primary key for table [components]
10:24:15.960 [main] DEBUG org.hibernate.mapping.PrimaryKey - Forcing column [id] to be non-null as it is part of the primary key for table [milestones]
10:24:15.961 [main] DEBUG org.hibernate.mapping.PrimaryKey - Forcing column [id] to be non-null as it is part of the primary key for table [projects]
10:24:15.961 [main] DEBUG org.hibernate.mapping.PrimaryKey - Forcing column [id] to be non-null as it is part of the primary key for table [subteams]
10:24:15.961 [main] DEBUG org.hibernate.mapping.PrimaryKey - Forcing column [id] to be non-null as it is part of the primary key for table [tasks]
10:24:15.961 [main] DEBUG org.hibernate.mapping.PrimaryKey - Forcing column [id] to be non-null as it is part of the primary key for table [team_members]
10:24:15.961 [main] DEBUG org.hibernate.boot.model.internal.CollectionSecondPass - Second pass for collection: org.frcpm.models.Task.requiredComponents
10:24:15.961 [main] DEBUG org.hibernate.boot.model.internal.CollectionBinder - Binding a ManyToMany: org.frcpm.models.Task.requiredComponents
10:24:15.961 [main] DEBUG org.hibernate.boot.registry.classloading.internal.ClassLoaderServiceImpl - HHH000194: Package not found or no package-info.java: org.frcpm.models
10:24:15.962 [main] DEBUG org.hibernate.mapping.PrimaryKey - Forcing column [task_id] to be non-null as it is part of the primary key for table [task_components]
10:24:15.962 [main] DEBUG org.hibernate.mapping.PrimaryKey - Forcing column [component_id] to be non-null as it is part of the primary key for table [task_components]
10:24:15.962 [main] DEBUG org.hibernate.boot.model.internal.CollectionSecondPass - Mapped collection key: task_id, element: component_id
10:24:15.962 [main] DEBUG org.hibernate.boot.model.internal.CollectionSecondPass - Second pass for collection: org.frcpm.models.Task.preDependencies
10:24:15.962 [main] DEBUG org.hibernate.boot.model.internal.CollectionBinder - Binding a ManyToMany: org.frcpm.models.Task.preDependencies
10:24:15.962 [main] DEBUG org.hibernate.boot.registry.classloading.internal.ClassLoaderServiceImpl - HHH000194: Package not found or no package-info.java: org.frcpm.models
10:24:15.962 [main] DEBUG org.hibernate.mapping.PrimaryKey - Forcing column [task_id] to be non-null as it is part of the primary key for table [task_dependencies]
10:24:15.962 [main] DEBUG org.hibernate.mapping.PrimaryKey - Forcing column [dependency_id] to be non-null as it is part of the primary key for table [task_dependencies]
10:24:15.962 [main] DEBUG org.hibernate.boot.model.internal.CollectionSecondPass - Mapped collection key: task_id, element: dependency_id
10:24:15.962 [main] DEBUG org.hibernate.boot.model.internal.CollectionSecondPass - Second pass for collection: org.frcpm.models.Task.assignedTo
10:24:15.962 [main] DEBUG org.hibernate.boot.model.internal.CollectionBinder - Binding a ManyToMany: org.frcpm.models.Task.assignedTo
10:24:15.963 [main] DEBUG org.hibernate.boot.registry.classloading.internal.ClassLoaderServiceImpl - HHH000194: Package not found or no package-info.java: org.frcpm.models
10:24:15.964 [main] DEBUG org.hibernate.mapping.PrimaryKey - Forcing column [task_id] to be non-null as it is part of the primary key for table [task_assignments]
10:24:15.964 [main] DEBUG org.hibernate.mapping.PrimaryKey - Forcing column [team_member_id] to be non-null as it is part of the primary key for table [task_assignments]
10:24:15.964 [main] DEBUG org.hibernate.boot.model.internal.CollectionSecondPass - Mapped collection key: task_id, element: team_member_id
10:24:15.964 [main] DEBUG org.hibernate.boot.model.internal.CollectionSecondPass - Second pass for collection: org.frcpm.models.Meeting.attendances
10:24:15.964 [main] DEBUG org.hibernate.boot.model.internal.CollectionBinder - Binding a OneToMany: org.frcpm.models.Meeting.attendances through a foreign key
10:24:15.964 [main] DEBUG org.hibernate.boot.model.internal.CollectionBinder - Mapping collection: org.frcpm.models.Meeting.attendances -> attendances
10:24:15.964 [main] DEBUG org.hibernate.boot.model.internal.TableBinder - Retrieving property org.frcpm.models.Attendance.meeting
10:24:15.964 [main] DEBUG org.hibernate.boot.model.internal.CollectionSecondPass - Mapped collection key: meeting_id, one-to-many: org.frcpm.models.Attendance
10:24:15.964 [main] DEBUG org.hibernate.boot.model.internal.CollectionSecondPass - Second pass for collection: org.frcpm.models.Subsystem.tasks
10:24:15.964 [main] DEBUG org.hibernate.boot.model.internal.CollectionBinder - Binding a OneToMany: org.frcpm.models.Subsystem.tasks through a foreign key
10:24:15.964 [main] DEBUG org.hibernate.boot.model.internal.CollectionBinder - Mapping collection: org.frcpm.models.Subsystem.tasks -> tasks
10:24:15.964 [main] DEBUG org.hibernate.boot.model.internal.TableBinder - Retrieving property org.frcpm.models.Task.subsystem
10:24:15.964 [main] DEBUG org.hibernate.boot.model.internal.CollectionSecondPass - Mapped collection key: subsystem_id, one-to-many: org.frcpm.models.Task
10:24:15.964 [main] DEBUG org.hibernate.boot.model.internal.CollectionSecondPass - Second pass for collection: org.frcpm.models.Component.requiredForTasks
10:24:15.964 [main] DEBUG org.hibernate.boot.model.internal.CollectionBinder - Binding a ManyToMany: org.frcpm.models.Component.requiredForTasks
10:24:15.965 [main] DEBUG org.hibernate.boot.registry.classloading.internal.ClassLoaderServiceImpl - HHH000194: Package not found or no package-info.java: org.frcpm.models
10:24:15.966 [main] DEBUG org.hibernate.boot.model.internal.TableBinder - Retrieving property org.frcpm.models.Task.requiredComponents
10:24:15.966 [main] DEBUG org.hibernate.boot.model.internal.CollectionSecondPass - Mapped collection key: component_id, element: task_id
10:24:15.966 [main] DEBUG org.hibernate.boot.model.internal.CollectionSecondPass - Second pass for collection: org.frcpm.models.Project.meetings
10:24:15.966 [main] DEBUG org.hibernate.boot.model.internal.CollectionBinder - Binding a OneToMany: org.frcpm.models.Project.meetings through a foreign key
10:24:15.966 [main] DEBUG org.hibernate.boot.model.internal.CollectionBinder - Mapping collection: org.frcpm.models.Project.meetings -> meetings
10:24:15.966 [main] DEBUG org.hibernate.boot.model.internal.TableBinder - Retrieving property org.frcpm.models.Meeting.project
10:24:15.966 [main] DEBUG org.hibernate.boot.model.internal.CollectionSecondPass - Mapped collection key: project_id, one-to-many: org.frcpm.models.Meeting
10:24:15.966 [main] DEBUG org.hibernate.boot.model.internal.CollectionSecondPass - Second pass for collection: org.frcpm.models.Project.milestones
10:24:15.966 [main] DEBUG org.hibernate.boot.model.internal.CollectionBinder - Binding a OneToMany: org.frcpm.models.Project.milestones through a foreign key
10:24:15.966 [main] DEBUG org.hibernate.boot.model.internal.CollectionBinder - Mapping collection: org.frcpm.models.Project.milestones -> milestones
10:24:15.966 [main] DEBUG org.hibernate.boot.model.internal.TableBinder - Retrieving property org.frcpm.models.Milestone.project
10:24:15.967 [main] DEBUG org.hibernate.boot.model.internal.CollectionSecondPass - Mapped collection key: project_id, one-to-many: org.frcpm.models.Milestone
10:24:15.967 [main] DEBUG org.hibernate.boot.model.internal.CollectionSecondPass - Second pass for collection: org.frcpm.models.Project.tasks
10:24:15.967 [main] DEBUG org.hibernate.boot.model.internal.CollectionBinder - Binding a OneToMany: org.frcpm.models.Project.tasks through a foreign key
10:24:15.967 [main] DEBUG org.hibernate.boot.model.internal.CollectionBinder - Mapping collection: org.frcpm.models.Project.tasks -> tasks
10:24:15.967 [main] DEBUG org.hibernate.boot.model.internal.TableBinder - Retrieving property org.frcpm.models.Task.project
10:24:15.967 [main] DEBUG org.hibernate.boot.model.internal.CollectionSecondPass - Mapped collection key: project_id, one-to-many: org.frcpm.models.Task
10:24:15.967 [main] DEBUG org.hibernate.boot.model.internal.CollectionSecondPass - Second pass for collection: org.frcpm.models.Subteam.members
10:24:15.967 [main] DEBUG org.hibernate.boot.model.internal.CollectionBinder - Binding a OneToMany: org.frcpm.models.Subteam.members through a foreign key
10:24:15.967 [main] DEBUG org.hibernate.boot.model.internal.CollectionBinder - Mapping collection: org.frcpm.models.Subteam.members -> team_members
10:24:15.967 [main] DEBUG org.hibernate.boot.model.internal.TableBinder - Retrieving property org.frcpm.models.TeamMember.subteam
10:24:15.967 [main] DEBUG org.hibernate.boot.model.internal.CollectionSecondPass - Mapped collection key: subteam_id, one-to-many: org.frcpm.models.TeamMember
10:24:15.967 [main] DEBUG org.hibernate.boot.model.internal.CollectionSecondPass - Second pass for collection: org.frcpm.models.Subteam.subsystems
10:24:15.967 [main] DEBUG org.hibernate.boot.model.internal.CollectionBinder - Binding a OneToMany: org.frcpm.models.Subteam.subsystems through a foreign key
10:24:15.967 [main] DEBUG org.hibernate.boot.model.internal.CollectionBinder - Mapping collection: org.frcpm.models.Subteam.subsystems -> subsystems
10:24:15.967 [main] DEBUG org.hibernate.boot.model.internal.TableBinder - Retrieving property org.frcpm.models.Subsystem.responsibleSubteam
10:24:15.967 [main] DEBUG org.hibernate.boot.model.internal.CollectionSecondPass - Mapped collection key: responsible_subteam_id, one-to-many: org.frcpm.models.Subsystem
10:24:15.967 [main] DEBUG org.hibernate.boot.model.internal.CollectionSecondPass - Second pass for collection: org.frcpm.models.Task.postDependencies
10:24:15.967 [main] DEBUG org.hibernate.boot.model.internal.CollectionBinder - Binding a ManyToMany: org.frcpm.models.Task.postDependencies
10:24:15.968 [main] DEBUG org.hibernate.boot.registry.classloading.internal.ClassLoaderServiceImpl - HHH000194: Package not found or no package-info.java: org.frcpm.models
10:24:15.968 [main] DEBUG org.hibernate.boot.model.internal.TableBinder - Retrieving property org.frcpm.models.Task.preDependencies
10:24:15.968 [main] DEBUG org.hibernate.boot.model.internal.CollectionSecondPass - Mapped collection key: dependency_id, element: task_id
10:24:15.968 [main] DEBUG org.hibernate.boot.model.internal.CollectionSecondPass - Second pass for collection: org.frcpm.models.TeamMember.assignedTasks
10:24:15.968 [main] DEBUG org.hibernate.boot.model.internal.CollectionBinder - Binding a ManyToMany: org.frcpm.models.TeamMember.assignedTasks
10:24:15.969 [main] DEBUG org.hibernate.boot.registry.classloading.internal.ClassLoaderServiceImpl - HHH000194: Package not found or no package-info.java: org.frcpm.models
10:24:15.969 [main] DEBUG org.hibernate.boot.model.internal.TableBinder - Retrieving property org.frcpm.models.Task.assignedTo
10:24:15.970 [main] DEBUG org.hibernate.boot.model.internal.CollectionSecondPass - Mapped collection key: team_member_id, element: task_id
10:24:15.970 [main] DEBUG org.hibernate.boot.model.internal.CollectionSecondPass - Second pass for collection: org.frcpm.models.TeamMember.attendances
10:24:15.970 [main] DEBUG org.hibernate.boot.model.internal.CollectionBinder - Binding a OneToMany: org.frcpm.models.TeamMember.attendances through a foreign key
10:24:15.970 [main] DEBUG org.hibernate.boot.model.internal.CollectionBinder - Mapping collection: org.frcpm.models.TeamMember.attendances -> attendances
10:24:15.970 [main] DEBUG org.hibernate.boot.model.internal.TableBinder - Retrieving property org.frcpm.models.Attendance.member
10:24:15.970 [main] DEBUG org.hibernate.boot.model.internal.CollectionSecondPass - Mapped collection key: member_id, one-to-many: org.frcpm.models.Attendance
10:24:15.985 [main] DEBUG org.hibernate.internal.SessionFactoryImpl - Building session factory
10:24:15.987 [main] DEBUG org.hibernate.service.internal.SessionFactoryServiceRegistryImpl - EventListenerRegistry access via ServiceRegistry is deprecated.  Use `sessionFactory.getEventEngine().getListenerRegistry()` instead
10:24:15.988 [main] DEBUG org.hibernate.internal.SessionFactoryImpl - Instantiating SessionFactory with settings: {hibernate.format_sql=false, java.specification.version=21, sun.cpu.isalist=amd64, hibernate.connection.handling_mode=DELAYED_ACQUISITION_AND_RELEASE_AFTER_STATEMENT, sun.jnu.encoding=Cp1252, hibernate.dialect=org.hibernate.dialect.H2Dialect, java.class.path=C:\Users\dhiebert\Local Repositories\Project Management 2.0\target\test-classes;C:\Users\dhiebert\Local Repositories\Project Management 2.0\target\classes;C:\Users\dhiebert\.m2\repository\org\openjfx\javafx-controls\21.0.2\javafx-controls-21.0.2.jar;C:\Users\dhiebert\.m2\repository\org\openjfx\javafx-controls\21.0.2\javafx-controls-21.0.2-win.jar;C:\Users\dhiebert\.m2\repository\org\openjfx\javafx-fxml\21.0.2\javafx-fxml-21.0.2.jar;C:\Users\dhiebert\.m2\repository\org\openjfx\javafx-fxml\21.0.2\javafx-fxml-21.0.2-win.jar;C:\Users\dhiebert\.m2\repository\org\openjfx\javafx-graphics\21.0.2\javafx-graphics-21.0.2.jar;C:\Users\dhiebert\.m2\repository\org\openjfx\javafx-graphics\21.0.2\javafx-graphics-21.0.2-win.jar;C:\Users\dhiebert\.m2\repository\org\openjfx\javafx-base\21.0.2\javafx-base-21.0.2.jar;C:\Users\dhiebert\.m2\repository\org\openjfx\javafx-base\21.0.2\javafx-base-21.0.2-win.jar;C:\Users\dhiebert\.m2\repository\com\h2database\h2\2.2.224\h2-2.2.224.jar;C:\Users\dhiebert\.m2\repository\com\zaxxer\HikariCP\5.1.0\HikariCP-5.1.0.jar;C:\Users\dhiebert\.m2\repository\org\slf4j\slf4j-api\1.7.36\slf4j-api-1.7.36.jar;C:\Users\dhiebert\.m2\repository\org\hibernate\orm\hibernate-core\6.5.0.Final\hibernate-core-6.5.0.Final.jar;C:\Users\dhiebert\.m2\repository\jakarta\persistence\jakarta.persistence-api\3.1.0\jakarta.persistence-api-3.1.0.jar;C:\Users\dhiebert\.m2\repository\jakarta\transaction\jakarta.transaction-api\2.0.1\jakarta.transaction-api-2.0.1.jar;C:\Users\dhiebert\.m2\repository\org\jboss\logging\jboss-logging\3.5.0.Final\jboss-logging-3.5.0.Final.jar;C:\Users\dhiebert\.m2\repository\org\hibernate\common\hibernate-commons-annotations\6.0.6.Final\hibernate-commons-annotations-6.0.6.Final.jar;C:\Users\dhiebert\.m2\repository\io\smallrye\jandex\3.1.2\jandex-3.1.2.jar;C:\Users\dhiebert\.m2\repository\com\fasterxml\classmate\1.5.1\classmate-1.5.1.jar;C:\Users\dhiebert\.m2\repository\net\bytebuddy\byte-buddy\1.14.12\byte-buddy-1.14.12.jar;C:\Users\dhiebert\.m2\repository\jakarta\xml\bind\jakarta.xml.bind-api\4.0.0\jakarta.xml.bind-api-4.0.0.jar;C:\Users\dhiebert\.m2\repository\jakarta\activation\jakarta.activation-api\2.1.0\jakarta.activation-api-2.1.0.jar;C:\Users\dhiebert\.m2\repository\org\glassfish\jaxb\jaxb-runtime\4.0.2\jaxb-runtime-4.0.2.jar;C:\Users\dhiebert\.m2\repository\org\glassfish\jaxb\jaxb-core\4.0.2\jaxb-core-4.0.2.jar;C:\Users\dhiebert\.m2\repository\org\eclipse\angus\angus-activation\2.0.0\angus-activation-2.0.0.jar;C:\Users\dhiebert\.m2\repository\org\glassfish\jaxb\txw2\4.0.2\txw2-4.0.2.jar;C:\Users\dhiebert\.m2\repository\com\sun\istack\istack-commons-runtime\4.1.1\istack-commons-runtime-4.1.1.jar;C:\Users\dhiebert\.m2\repository\jakarta\inject\jakarta.inject-api\2.0.1\jakarta.inject-api-2.0.1.jar;C:\Users\dhiebert\.m2\repository\org\antlr\antlr4-runtime\4.13.0\antlr4-runtime-4.13.0.jar;C:\Users\dhiebert\.m2\repository\org\hibernate\validator\hibernate-validator\8.0.1.Final\hibernate-validator-8.0.1.Final.jar;C:\Users\dhiebert\.m2\repository\jakarta\validation\jakarta.validation-api\3.0.2\jakarta.validation-api-3.0.2.jar;C:\Users\dhiebert\.m2\repository\org\junit\jupiter\junit-jupiter-api\5.10.2\junit-jupiter-api-5.10.2.jar;C:\Users\dhiebert\.m2\repository\org\opentest4j\opentest4j\1.3.0\opentest4j-1.3.0.jar;C:\Users\dhiebert\.m2\repository\org\junit\platform\junit-platform-commons\1.10.2\junit-platform-commons-1.10.2.jar;C:\Users\dhiebert\.m2\repository\org\apiguardian\apiguardian-api\1.1.2\apiguardian-api-1.1.2.jar;C:\Users\dhiebert\.m2\repository\org\junit\jupiter\junit-jupiter-engine\5.10.2\junit-jupiter-engine-5.10.2.jar;C:\Users\dhiebert\.m2\repository\org\junit\platform\junit-platform-engine\1.10.2\junit-platform-engine-1.10.2.jar;C:\Users\dhiebert\.m2\repository\org\mockito\mockito-junit-jupiter\5.10.0\mockito-junit-jupiter-5.10.0.jar;C:\Users\dhiebert\.m2\repository\org\mockito\mockito-core\5.10.0\mockito-core-5.10.0.jar;C:\Users\dhiebert\.m2\repository\net\bytebuddy\byte-buddy-agent\1.14.11\byte-buddy-agent-1.14.11.jar;C:\Users\dhiebert\.m2\repository\org\objenesis\objenesis\3.3\objenesis-3.3.jar;C:\Users\dhiebert\.m2\repository\org\hibernate\orm\hibernate-hikaricp\6.5.0.Final\hibernate-hikaricp-6.5.0.Final.jar;C:\Users\dhiebert\.m2\repository\ch\qos\logback\logback-classic\1.2.11\logback-classic-1.2.11.jar;C:\Users\dhiebert\.m2\repository\ch\qos\logback\logback-core\1.2.11\logback-core-1.2.11.jar;C:\Users\dhiebert\.m2\repository\org\testfx\testfx-core\4.0.18\testfx-core-4.0.18.jar;C:\Users\dhiebert\.m2\repository\org\hamcrest\hamcrest\2.1\hamcrest-2.1.jar;C:\Users\dhiebert\.m2\repository\org\assertj\assertj-core\3.13.2\assertj-core-3.13.2.jar;C:\Users\dhiebert\.m2\repository\org\osgi\org.osgi.core\6.0.0\org.osgi.core-6.0.0.jar;C:\Users\dhiebert\.m2\repository\org\testfx\testfx-junit5\4.0.18\testfx-junit5-4.0.18.jar;C:\Users\dhiebert\.m2\repository\org\openjfx\javafx-web\17.0.2\javafx-web-17.0.2.jar;C:\Users\dhiebert\.m2\repository\org\openjfx\javafx-web\17.0.2\javafx-web-17.0.2-win.jar;C:\Users\dhiebert\.m2\repository\org\openjfx\javafx-media\17.0.2\javafx-media-17.0.2.jar;C:\Users\dhiebert\.m2\repository\org\openjfx\javafx-media\17.0.2\javafx-media-17.0.2-win.jar;C:\Users\dhiebert\.m2\repository\org\apache\pdfbox\pdfbox\2.0.27\pdfbox-2.0.27.jar;C:\Users\dhiebert\.m2\repository\org\apache\pdfbox\fontbox\2.0.27\fontbox-2.0.27.jar;C:\Users\dhiebert\.m2\repository\commons-logging\commons-logging\1.2\commons-logging-1.2.jar;C:\Users\dhiebert\.m2\repository\com\fasterxml\jackson\core\jackson-databind\2.15.0\jackson-databind-2.15.0.jar;C:\Users\dhiebert\.m2\repository\com\fasterxml\jackson\core\jackson-annotations\2.15.0\jackson-annotations-2.15.0.jar;C:\Users\dhiebert\.m2\repository\com\fasterxml\jackson\core\jackson-core\2.15.0\jackson-core-2.15.0.jar;C:\Users\dhiebert\.m2\repository\org\apache\xmlgraphics\batik-all\1.16\batik-all-1.16.jar;C:\Users\dhiebert\.m2\repository\xml-apis\xml-apis\1.4.01\xml-apis-1.4.01.jar;C:\Users\dhiebert\.m2\repository\xml-apis\xml-apis-ext\1.3.04\xml-apis-ext-1.3.04.jar;C:\Users\dhiebert\.m2\repository\org\apache\xmlgraphics\xmlgraphics-commons\2.7\xmlgraphics-commons-2.7.jar;C:\Users\dhiebert\.m2\repository\commons-io\commons-io\1.3.1\commons-io-1.3.1.jar;C:\Users\dhiebert\.m2\repository\org\jgrapht\jgrapht-core\1.5.2\jgrapht-core-1.5.2.jar;C:\Users\dhiebert\.m2\repository\org\jheaps\jheaps\0.14\jheaps-0.14.jar;C:\Users\dhiebert\.m2\repository\org\apfloat\apfloat\1.10.1\apfloat-1.10.1.jar;, java.vm.vendor=Eclipse Adoptium, sun.arch.data.model=64, hibernate.order_inserts=true, user.variant=, java.vendor.url=https://adoptium.net/, user.timezone=America/Chicago, javax.persistence.jdbc.user=****, javax.persistence.jdbc.url=jdbc:h2:file:C:\Users\dhiebert\.frcpm\frcpm, java.vm.specification.version=21, os.name=Windows 11, hibernate.generate_statistics=false, hibernate.hikari.connectionTimeout=10000, hibernate.order_updates=true, hibernate.jdbc.batch_versioned_data=true, jakarta.persistence.jdbc.password=****, hibernate.jdbc.batch_size=30, sun.java.launcher=SUN_STANDARD, user.country=US, local.setting.IS_JTA_TXN_COORD=false, sun.boot.library.path=C:\Program Files\Eclipse Adoptium\jdk-21.0.6.7-hotspot\bin, sun.java.command=C:\Users\dhiebert\AppData\Local\Temp\surefire9513985487531586668\surefirebooter-20250425102356946_3.jar C:\Users\dhiebert\AppData\Local\Temp\surefire9513985487531586668 2025-04-25T10-23-56_800-jvmRun1 surefire-20250425102356946_1tmp surefire_0-20250425102356946_2tmp, hibernate.use_sql_comments=false, hibernate.connection.provider_class=org.hibernate.hikaricp.internal.HikariCPConnectionProvider, jdk.debug=release, surefire.test.class.path=C:\Users\dhiebert\Local Repositories\Project Management 2.0\target\test-classes;C:\Users\dhiebert\Local Repositories\Project Management 2.0\target\classes;C:\Users\dhiebert\.m2\repository\org\openjfx\javafx-controls\21.0.2\javafx-controls-21.0.2.jar;C:\Users\dhiebert\.m2\repository\org\openjfx\javafx-controls\21.0.2\javafx-controls-21.0.2-win.jar;C:\Users\dhiebert\.m2\repository\org\openjfx\javafx-fxml\21.0.2\javafx-fxml-21.0.2.jar;C:\Users\dhiebert\.m2\repository\org\openjfx\javafx-fxml\21.0.2\javafx-fxml-21.0.2-win.jar;C:\Users\dhiebert\.m2\repository\org\openjfx\javafx-graphics\21.0.2\javafx-graphics-21.0.2.jar;C:\Users\dhiebert\.m2\repository\org\openjfx\javafx-graphics\21.0.2\javafx-graphics-21.0.2-win.jar;C:\Users\dhiebert\.m2\repository\org\openjfx\javafx-base\21.0.2\javafx-base-21.0.2.jar;C:\Users\dhiebert\.m2\repository\org\openjfx\javafx-base\21.0.2\javafx-base-21.0.2-win.jar;C:\Users\dhiebert\.m2\repository\com\h2database\h2\2.2.224\h2-2.2.224.jar;C:\Users\dhiebert\.m2\repository\com\zaxxer\HikariCP\5.1.0\HikariCP-5.1.0.jar;C:\Users\dhiebert\.m2\repository\org\slf4j\slf4j-api\1.7.36\slf4j-api-1.7.36.jar;C:\Users\dhiebert\.m2\repository\org\hibernate\orm\hibernate-core\6.5.0.Final\hibernate-core-6.5.0.Final.jar;C:\Users\dhiebert\.m2\repository\jakarta\persistence\jakarta.persistence-api\3.1.0\jakarta.persistence-api-3.1.0.jar;C:\Users\dhiebert\.m2\repository\jakarta\transaction\jakarta.transaction-api\2.0.1\jakarta.transaction-api-2.0.1.jar;C:\Users\dhiebert\.m2\repository\org\jboss\logging\jboss-logging\3.5.0.Final\jboss-logging-3.5.0.Final.jar;C:\Users\dhiebert\.m2\repository\org\hibernate\common\hibernate-commons-annotations\6.0.6.Final\hibernate-commons-annotations-6.0.6.Final.jar;C:\Users\dhiebert\.m2\repository\io\smallrye\jandex\3.1.2\jandex-3.1.2.jar;C:\Users\dhiebert\.m2\repository\com\fasterxml\classmate\1.5.1\classmate-1.5.1.jar;C:\Users\dhiebert\.m2\repository\net\bytebuddy\byte-buddy\1.14.12\byte-buddy-1.14.12.jar;C:\Users\dhiebert\.m2\repository\jakarta\xml\bind\jakarta.xml.bind-api\4.0.0\jakarta.xml.bind-api-4.0.0.jar;C:\Users\dhiebert\.m2\repository\jakarta\activation\jakarta.activation-api\2.1.0\jakarta.activation-api-2.1.0.jar;C:\Users\dhiebert\.m2\repository\org\glassfish\jaxb\jaxb-runtime\4.0.2\jaxb-runtime-4.0.2.jar;C:\Users\dhiebert\.m2\repository\org\glassfish\jaxb\jaxb-core\4.0.2\jaxb-core-4.0.2.jar;C:\Users\dhiebert\.m2\repository\org\eclipse\angus\angus-activation\2.0.0\angus-activation-2.0.0.jar;C:\Users\dhiebert\.m2\repository\org\glassfish\jaxb\txw2\4.0.2\txw2-4.0.2.jar;C:\Users\dhiebert\.m2\repository\com\sun\istack\istack-commons-runtime\4.1.1\istack-commons-runtime-4.1.1.jar;C:\Users\dhiebert\.m2\repository\jakarta\inject\jakarta.inject-api\2.0.1\jakarta.inject-api-2.0.1.jar;C:\Users\dhiebert\.m2\repository\org\antlr\antlr4-runtime\4.13.0\antlr4-runtime-4.13.0.jar;C:\Users\dhiebert\.m2\repository\org\hibernate\validator\hibernate-validator\8.0.1.Final\hibernate-validator-8.0.1.Final.jar;C:\Users\dhiebert\.m2\repository\jakarta\validation\jakarta.validation-api\3.0.2\jakarta.validation-api-3.0.2.jar;C:\Users\dhiebert\.m2\repository\org\junit\jupiter\junit-jupiter-api\5.10.2\junit-jupiter-api-5.10.2.jar;C:\Users\dhiebert\.m2\repository\org\opentest4j\opentest4j\1.3.0\opentest4j-1.3.0.jar;C:\Users\dhiebert\.m2\repository\org\junit\platform\junit-platform-commons\1.10.2\junit-platform-commons-1.10.2.jar;C:\Users\dhiebert\.m2\repository\org\apiguardian\apiguardian-api\1.1.2\apiguardian-api-1.1.2.jar;C:\Users\dhiebert\.m2\repository\org\junit\jupiter\junit-jupiter-engine\5.10.2\junit-jupiter-engine-5.10.2.jar;C:\Users\dhiebert\.m2\repository\org\junit\platform\junit-platform-engine\1.10.2\junit-platform-engine-1.10.2.jar;C:\Users\dhiebert\.m2\repository\org\mockito\mockito-junit-jupiter\5.10.0\mockito-junit-jupiter-5.10.0.jar;C:\Users\dhiebert\.m2\repository\org\mockito\mockito-core\5.10.0\mockito-core-5.10.0.jar;C:\Users\dhiebert\.m2\repository\net\bytebuddy\byte-buddy-agent\1.14.11\byte-buddy-agent-1.14.11.jar;C:\Users\dhiebert\.m2\repository\org\objenesis\objenesis\3.3\objenesis-3.3.jar;C:\Users\dhiebert\.m2\repository\org\hibernate\orm\hibernate-hikaricp\6.5.0.Final\hibernate-hikaricp-6.5.0.Final.jar;C:\Users\dhiebert\.m2\repository\ch\qos\logback\logback-classic\1.2.11\logback-classic-1.2.11.jar;C:\Users\dhiebert\.m2\repository\ch\qos\logback\logback-core\1.2.11\logback-core-1.2.11.jar;C:\Users\dhiebert\.m2\repository\org\testfx\testfx-core\4.0.18\testfx-core-4.0.18.jar;C:\Users\dhiebert\.m2\repository\org\hamcrest\hamcrest\2.1\hamcrest-2.1.jar;C:\Users\dhiebert\.m2\repository\org\assertj\assertj-core\3.13.2\assertj-core-3.13.2.jar;C:\Users\dhiebert\.m2\repository\org\osgi\org.osgi.core\6.0.0\org.osgi.core-6.0.0.jar;C:\Users\dhiebert\.m2\repository\org\testfx\testfx-junit5\4.0.18\testfx-junit5-4.0.18.jar;C:\Users\dhiebert\.m2\repository\org\openjfx\javafx-web\17.0.2\javafx-web-17.0.2.jar;C:\Users\dhiebert\.m2\repository\org\openjfx\javafx-web\17.0.2\javafx-web-17.0.2-win.jar;C:\Users\dhiebert\.m2\repository\org\openjfx\javafx-media\17.0.2\javafx-media-17.0.2.jar;C:\Users\dhiebert\.m2\repository\org\openjfx\javafx-media\17.0.2\javafx-media-17.0.2-win.jar;C:\Users\dhiebert\.m2\repository\org\apache\pdfbox\pdfbox\2.0.27\pdfbox-2.0.27.jar;C:\Users\dhiebert\.m2\repository\org\apache\pdfbox\fontbox\2.0.27\fontbox-2.0.27.jar;C:\Users\dhiebert\.m2\repository\commons-logging\commons-logging\1.2\commons-logging-1.2.jar;C:\Users\dhiebert\.m2\repository\com\fasterxml\jackson\core\jackson-databind\2.15.0\jackson-databind-2.15.0.jar;C:\Users\dhiebert\.m2\repository\com\fasterxml\jackson\core\jackson-annotations\2.15.0\jackson-annotations-2.15.0.jar;C:\Users\dhiebert\.m2\repository\com\fasterxml\jackson\core\jackson-core\2.15.0\jackson-core-2.15.0.jar;C:\Users\dhiebert\.m2\repository\org\apache\xmlgraphics\batik-all\1.16\batik-all-1.16.jar;C:\Users\dhiebert\.m2\repository\xml-apis\xml-apis\1.4.01\xml-apis-1.4.01.jar;C:\Users\dhiebert\.m2\repository\xml-apis\xml-apis-ext\1.3.04\xml-apis-ext-1.3.04.jar;C:\Users\dhiebert\.m2\repository\org\apache\xmlgraphics\xmlgraphics-commons\2.7\xmlgraphics-commons-2.7.jar;C:\Users\dhiebert\.m2\repository\commons-io\commons-io\1.3.1\commons-io-1.3.1.jar;C:\Users\dhiebert\.m2\repository\org\jgrapht\jgrapht-core\1.5.2\jgrapht-core-1.5.2.jar;C:\Users\dhiebert\.m2\repository\org\jheaps\jheaps\0.14\jheaps-0.14.jar;C:\Users\dhiebert\.m2\repository\org\apfloat\apfloat\1.10.1\apfloat-1.10.1.jar;, jakarta.persistence.jdbc.driver=org.h2.Driver, sun.cpu.endian=little, user.home=C:\Users\dhiebert, user.language=en, java.specification.vendor=Oracle Corporation, java.version.date=2025-01-21, java.home=C:\Program Files\Eclipse Adoptium\jdk-21.0.6.7-hotspot, file.separator=\, basedir=C:\Users\dhiebert\Local Repositories\Project Management 2.0, java.vm.compressedOopsMode=Zero based, jakarta.persistence.jdbc.user=****, line.separator=
, hibernate.persistenceUnitName=frcpm, java.vm.specification.vendor=Oracle Corporation, java.specification.name=Java Platform API Specification, hibernate.transaction.coordinator_class=class org.hibernate.resource.transaction.backend.jdbc.internal.JdbcResourceLocalTransactionCoordinatorBuilderImpl, javax.persistence.jdbc.driver=org.h2.Driver, hibernate.hikari.maximumPoolSize=10, surefire.real.class.path=C:\Users\dhiebert\AppData\Local\Temp\surefire9513985487531586668\surefirebooter-20250425102356946_3.jar, hibernate.hbm2ddl.auto=update, user.script=, sun.management.compiler=HotSpot 64-Bit Tiered Compilers, java.runtime.version=21.0.6+7-LTS, user.name=dhiebert, hibernate.cache.use_query_cache=false, stdout.encoding=Cp1252, path.separator=;, hibernate.connection.username=****, os.version=10.0, java.runtime.name=OpenJDK Runtime Environment, hibernate.connection.url=jdbc:h2:file:C:\Users\dhiebert\.frcpm\frcpm, file.encoding=UTF-8, hibernate.hikari.minimumIdle=2, hibernate.hikari.idleTimeout=30000, java.vm.name=OpenJDK 64-Bit Server VM, hibernate.show_sql=false, java.vendor.version=Temurin-21.0.6+7, hibernate.hikari.poolName=FRC-PM-HikariCP, hibernate.current_session_context_class=thread, localRepository=C:\Users\dhiebert\.m2\repository, hibernate.connection.driver_class=org.h2.Driver, java.vendor.url.bug=https://github.com/adoptium/adoptium-support/issues, java.io.tmpdir=C:\Users\dhiebert\AppData\Local\Temp\, java.version=21.0.6, user.dir=C:\Users\dhiebert\Local Repositories\Project Management 2.0, os.arch=amd64, java.vm.specification.name=Java Virtual Machine Specification, hibernate.connection.password=****, sun.os.patch.level=, jakarta.persistence.jdbc.url=jdbc:h2:file:C:\Users\dhiebert\.frcpm\frcpm, hibernate.boot.CfgXmlAccessService.key=org.hibernate.boot.registry.StandardServiceRegistryBuilder$1@61bce07f, native.encoding=Cp1252, hibernate.cache.use_second_level_cache=false, java.library.path=C:\Program Files\Eclipse Adoptium\jdk-21.0.6.7-hotspot\bin;C:\WINDOWS\Sun\Java\bin;C:\WINDOWS\system32;C:\WINDOWS;C:\Program Files\apache-maven-3.9.9\bin;C:\Program Files\Eclipse Adoptium\jdk-21.0.6.7-hotspot\bin;C:\Program Files\National Instruments\Shared\OpenVINO\;C:\Program Files\Common Files\Oracle\Java\javapath;C:\WINDOWS\system32;C:\WINDOWS;C:\WINDOWS\System32\Wbem;C:\WINDOWS\System32\WindowsPowerShell\v1.0\;C:\WINDOWS\System32\OpenSSH\;C:\Program Files\dotnet\;C:\Program Files (x86)\Windows Live\Shared;C:\Program Files\Git\cmd;C:\Program Files\Common Files\Autodesk Shared\;C:\Program Files\Microsoft SQL Server\150\Tools\Binn\;C:\Program Files\nodejs\;C:\Program Files\Eclipse Adoptium\jdk-21.0.6.7-hotspot\bin;C:\Program Files\apache-maven-3.9.9\bin;%MAVEN_HOME%\bin;C:\Users\dhiebert\AppData\Local\Microsoft\WindowsApps;C:\Users\dhiebert\AppData\Local\GitHubDesktop\bin;C:\Users\dhiebert\AppData\Roaming\npm;C:\Users\dhiebert\AppData\Local\Packages\PythonSoftwareFoundation.Python.3.11_qbz5n2kfra8p0\LocalCache\local-packages\Python311\Scripts;C:\Users\dhiebert\AppData\Local\Packages\PythonSoftwareFoundation.Python.3.11_qbz5n2kfra8p0\LocalCache\local-packages\Python311\site-packages\maven;;c:\Users\Public\wpilib\2025\vscode\data\user-data\User\globalStorage\github.copilot-chat\debugCommand;c:\Users\Public\wpilib\2025\vscode\data\extensions\ms-python.debugpy-2025.4.1-win32-x64\bundled\scripts\noConfigScripts;., stderr.encoding=Cp1252, java.vendor=Eclipse Adoptium, java.vm.info=mixed mode, sharing, java.vm.version=21.0.6+7-LTS, sun.io.unicode.encoding=UnicodeLittle, javax.persistence.jdbc.password=****, java.class.version=65.0}
10:24:15.988 [main] DEBUG org.hibernate.internal.SessionFactoryImpl - Session factory constructed with filter configurations : {}
10:24:15.988 [main] DEBUG org.hibernate.validator.internal.xml.config.ValidationXmlParser - Trying to load META-INF/validation.xml for XML based Validator configuration.
10:24:15.988 [main] DEBUG org.hibernate.validator.internal.xml.config.ResourceLoaderHelper - Trying to load META-INF/validation.xml via TCCL
10:24:15.988 [main] DEBUG org.hibernate.validator.internal.xml.config.ResourceLoaderHelper - Trying to load META-INF/validation.xml via Hibernate Validator's class loader
10:24:15.989 [main] DEBUG org.hibernate.validator.internal.xml.config.ValidationXmlParser - No META-INF/validation.xml found. Using annotation based configuration only.
10:24:15.989 [main] DEBUG org.hibernate.validator.internal.engine.resolver.TraversableResolvers - Found jakarta.persistence.Persistence on classpath containing 'getPersistenceUtil'. Assuming JPA 2 environment. Trying to instantiate JPA aware TraversableResolver
10:24:15.989 [main] DEBUG org.hibernate.validator.internal.engine.resolver.TraversableResolvers - Instantiated JPA aware TraversableResolver of type org.hibernate.validator.internal.engine.resolver.JPATraversableResolver.
10:24:15.989 [main] DEBUG org.hibernate.validator.messageinterpolation.ResourceBundleMessageInterpolator - Failed to load expression factory via classloader jdk.internal.loader.ClassLoaders$AppClassLoader@70dea4e
java.lang.NoClassDefFoundError: jakarta/el/ExpressionFactory
	at org.hibernate.validator.messageinterpolation.ResourceBundleMessageInterpolator.canLoadExpressionFactory(ResourceBundleMessageInterpolator.java:228)
	at org.hibernate.validator.messageinterpolation.ResourceBundleMessageInterpolator.buildExpressionFactory(ResourceBundleMessageInterpolator.java:173)
	at org.hibernate.validator.messageinterpolation.ResourceBundleMessageInterpolator.<init>(ResourceBundleMessageInterpolator.java:97)
	at org.hibernate.validator.internal.engine.AbstractConfigurationImpl.getDefaultMessageInterpolator(AbstractConfigurationImpl.java:575)
	at org.hibernate.validator.internal.engine.AbstractConfigurationImpl.getDefaultMessageInterpolatorConfiguredWithClassLoader(AbstractConfigurationImpl.java:834)
	at org.hibernate.validator.internal.engine.AbstractConfigurationImpl.getMessageInterpolator(AbstractConfigurationImpl.java:485)
	at org.hibernate.validator.internal.engine.ValidatorFactoryImpl.<init>(ValidatorFactoryImpl.java:157)
	at org.hibernate.validator.HibernateValidator.buildValidatorFactory(HibernateValidator.java:38)
	at org.hibernate.validator.internal.engine.AbstractConfigurationImpl.buildValidatorFactory(AbstractConfigurationImpl.java:453)
	at jakarta.validation.Validation.buildDefaultValidatorFactory(Validation.java:103)
	at org.hibernate.boot.beanvalidation.TypeSafeActivator.getValidatorFactory(TypeSafeActivator.java:482)
	at org.hibernate.boot.beanvalidation.TypeSafeActivator.activate(TypeSafeActivator.java:79)
	at java.base/jdk.internal.reflect.DirectMethodHandleAccessor.invoke(DirectMethodHandleAccessor.java:103)
	at java.base/java.lang.reflect.Method.invoke(Method.java:580)
	at org.hibernate.boot.beanvalidation.BeanValidationIntegrator.integrate(BeanValidationIntegrator.java:139)
	at org.hibernate.internal.SessionFactoryImpl.integrate(SessionFactoryImpl.java:517)
	at org.hibernate.internal.SessionFactoryImpl.<init>(SessionFactoryImpl.java:276)
	at org.hibernate.boot.internal.SessionFactoryBuilderImpl.build(SessionFactoryBuilderImpl.java:457)
	at org.hibernate.jpa.boot.internal.EntityManagerFactoryBuilderImpl.build(EntityManagerFactoryBuilderImpl.java:1506)
	at org.hibernate.jpa.HibernatePersistenceProvider.createEntityManagerFactory(HibernatePersistenceProvider.java:55)
	at jakarta.persistence.Persistence.createEntityManagerFactory(Persistence.java:80)
	at org.frcpm.config.DatabaseConfig.initialize(DatabaseConfig.java:114)
	at org.frcpm.config.DatabaseConfig.initialize(DatabaseConfig.java:28)
	at org.frcpm.repositories.AttendanceRepositoryTest.setUp(AttendanceRepositoryTest.java:40)
	at java.base/jdk.internal.reflect.DirectMethodHandleAccessor.invoke(DirectMethodHandleAccessor.java:103)
	at java.base/java.lang.reflect.Method.invoke(Method.java:580)
	at org.junit.platform.commons.util.ReflectionUtils.invokeMethod(ReflectionUtils.java:728)
	at org.junit.jupiter.engine.execution.MethodInvocation.proceed(MethodInvocation.java:60)
	at org.junit.jupiter.engine.execution.InvocationInterceptorChain$ValidatingInvocation.proceed(InvocationInterceptorChain.java:131)
	at org.junit.jupiter.engine.extension.TimeoutExtension.intercept(TimeoutExtension.java:156)
	at org.junit.jupiter.engine.extension.TimeoutExtension.interceptLifecycleMethod(TimeoutExtension.java:128)
	at org.junit.jupiter.engine.extension.TimeoutExtension.interceptBeforeEachMethod(TimeoutExtension.java:78)
	at org.junit.jupiter.engine.execution.InterceptingExecutableInvoker$ReflectiveInterceptorCall.lambda$ofVoidMethod$0(InterceptingExecutableInvoker.java:103)
	at org.junit.jupiter.engine.execution.InterceptingExecutableInvoker.lambda$invoke$0(InterceptingExecutableInvoker.java:93)
	at org.junit.jupiter.engine.execution.InvocationInterceptorChain$InterceptedInvocation.proceed(InvocationInterceptorChain.java:106)
	at org.junit.jupiter.engine.execution.InvocationInterceptorChain.proceed(InvocationInterceptorChain.java:64)
	at org.junit.jupiter.engine.execution.InvocationInterceptorChain.chainAndInvoke(InvocationInterceptorChain.java:45)
	at org.junit.jupiter.engine.execution.InvocationInterceptorChain.invoke(InvocationInterceptorChain.java:37)
	at org.junit.jupiter.engine.execution.InterceptingExecutableInvoker.invoke(InterceptingExecutableInvoker.java:92)
	at org.junit.jupiter.engine.execution.InterceptingExecutableInvoker.invoke(InterceptingExecutableInvoker.java:86)
	at org.junit.jupiter.engine.descriptor.ClassBasedTestDescriptor.invokeMethodInExtensionContext(ClassBasedTestDescriptor.java:521)
	at org.junit.jupiter.engine.descriptor.ClassBasedTestDescriptor.lambda$synthesizeBeforeEachMethodAdapter$23(ClassBasedTestDescriptor.java:506)
	at org.junit.jupiter.engine.descriptor.TestMethodTestDescriptor.lambda$invokeBeforeEachMethods$3(TestMethodTestDescriptor.java:175)
	at org.junit.jupiter.engine.descriptor.TestMethodTestDescriptor.lambda$invokeBeforeMethodsOrCallbacksUntilExceptionOccurs$6(TestMethodTestDescriptor.java:203)
	at org.junit.platform.engine.support.hierarchical.ThrowableCollector.execute(ThrowableCollector.java:73)
	at org.junit.jupiter.engine.descriptor.TestMethodTestDescriptor.invokeBeforeMethodsOrCallbacksUntilExceptionOccurs(TestMethodTestDescriptor.java:203)
	at org.junit.jupiter.engine.descriptor.TestMethodTestDescriptor.invokeBeforeEachMethods(TestMethodTestDescriptor.java:172)
	at org.junit.jupiter.engine.descriptor.TestMethodTestDescriptor.execute(TestMethodTestDescriptor.java:135)
	at org.junit.jupiter.engine.descriptor.TestMethodTestDescriptor.execute(TestMethodTestDescriptor.java:69)
	at org.junit.platform.engine.support.hierarchical.NodeTestTask.lambda$executeRecursively$6(NodeTestTask.java:151)
	at org.junit.platform.engine.support.hierarchical.ThrowableCollector.execute(ThrowableCollector.java:73)
	at org.junit.platform.engine.support.hierarchical.NodeTestTask.lambda$executeRecursively$8(NodeTestTask.java:141)
	at org.junit.platform.engine.support.hierarchical.Node.around(Node.java:137)
	at org.junit.platform.engine.support.hierarchical.NodeTestTask.lambda$executeRecursively$9(NodeTestTask.java:139)
	at org.junit.platform.engine.support.hierarchical.ThrowableCollector.execute(ThrowableCollector.java:73)
	at org.junit.platform.engine.support.hierarchical.NodeTestTask.executeRecursively(NodeTestTask.java:138)
	at org.junit.platform.engine.support.hierarchical.NodeTestTask.execute(NodeTestTask.java:95)
	at java.base/java.util.ArrayList.forEach(ArrayList.java:1596)
	at org.junit.platform.engine.support.hierarchical.SameThreadHierarchicalTestExecutorService.invokeAll(SameThreadHierarchicalTestExecutorService.java:41)
	at org.junit.platform.engine.support.hierarchical.NodeTestTask.lambda$executeRecursively$6(NodeTestTask.java:155)
	at org.junit.platform.engine.support.hierarchical.ThrowableCollector.execute(ThrowableCollector.java:73)
	at org.junit.platform.engine.support.hierarchical.NodeTestTask.lambda$executeRecursively$8(NodeTestTask.java:141)
	at org.junit.platform.engine.support.hierarchical.Node.around(Node.java:137)
	at org.junit.platform.engine.support.hierarchical.NodeTestTask.lambda$executeRecursively$9(NodeTestTask.java:139)
	at org.junit.platform.engine.support.hierarchical.ThrowableCollector.execute(ThrowableCollector.java:73)
	at org.junit.platform.engine.support.hierarchical.NodeTestTask.executeRecursively(NodeTestTask.java:138)
	at org.junit.platform.engine.support.hierarchical.NodeTestTask.execute(NodeTestTask.java:95)
	at java.base/java.util.ArrayList.forEach(ArrayList.java:1596)
	at org.junit.platform.engine.support.hierarchical.SameThreadHierarchicalTestExecutorService.invokeAll(SameThreadHierarchicalTestExecutorService.java:41)
	at org.junit.platform.engine.support.hierarchical.NodeTestTask.lambda$executeRecursively$6(NodeTestTask.java:155)
	at org.junit.platform.engine.support.hierarchical.ThrowableCollector.execute(ThrowableCollector.java:73)
	at org.junit.platform.engine.support.hierarchical.NodeTestTask.lambda$executeRecursively$8(NodeTestTask.java:141)
	at org.junit.platform.engine.support.hierarchical.Node.around(Node.java:137)
	at org.junit.platform.engine.support.hierarchical.NodeTestTask.lambda$executeRecursively$9(NodeTestTask.java:139)
	at org.junit.platform.engine.support.hierarchical.ThrowableCollector.execute(ThrowableCollector.java:73)
	at org.junit.platform.engine.support.hierarchical.NodeTestTask.executeRecursively(NodeTestTask.java:138)
	at org.junit.platform.engine.support.hierarchical.NodeTestTask.execute(NodeTestTask.java:95)
	at org.junit.platform.engine.support.hierarchical.SameThreadHierarchicalTestExecutorService.submit(SameThreadHierarchicalTestExecutorService.java:35)
	at org.junit.platform.engine.support.hierarchical.HierarchicalTestExecutor.execute(HierarchicalTestExecutor.java:57)
	at org.junit.platform.engine.support.hierarchical.HierarchicalTestEngine.execute(HierarchicalTestEngine.java:54)
	at org.junit.platform.launcher.core.EngineExecutionOrchestrator.execute(EngineExecutionOrchestrator.java:198)
	at org.junit.platform.launcher.core.EngineExecutionOrchestrator.execute(EngineExecutionOrchestrator.java:169)
	at org.junit.platform.launcher.core.EngineExecutionOrchestrator.execute(EngineExecutionOrchestrator.java:93)
	at org.junit.platform.launcher.core.EngineExecutionOrchestrator.lambda$execute$0(EngineExecutionOrchestrator.java:58)
	at org.junit.platform.launcher.core.EngineExecutionOrchestrator.withInterceptedStreams(EngineExecutionOrchestrator.java:141)
	at org.junit.platform.launcher.core.EngineExecutionOrchestrator.execute(EngineExecutionOrchestrator.java:57)
	at org.junit.platform.launcher.core.DefaultLauncher.execute(DefaultLauncher.java:103)
	at org.junit.platform.launcher.core.DefaultLauncher.execute(DefaultLauncher.java:85)
	at org.junit.platform.launcher.core.DelegatingLauncher.execute(DelegatingLauncher.java:47)
	at org.apache.maven.surefire.junitplatform.LazyLauncher.execute(LazyLauncher.java:56)
	at org.apache.maven.surefire.junitplatform.JUnitPlatformProvider.execute(JUnitPlatformProvider.java:184)
	at org.apache.maven.surefire.junitplatform.JUnitPlatformProvider.invokeAllTests(JUnitPlatformProvider.java:148)
	at org.apache.maven.surefire.junitplatform.JUnitPlatformProvider.invoke(JUnitPlatformProvider.java:122)
	at org.apache.maven.surefire.booter.ForkedBooter.runSuitesInProcess(ForkedBooter.java:385)
	at org.apache.maven.surefire.booter.ForkedBooter.execute(ForkedBooter.java:162)
	at org.apache.maven.surefire.booter.ForkedBooter.run(ForkedBooter.java:507)
	at org.apache.maven.surefire.booter.ForkedBooter.main(ForkedBooter.java:495)
Caused by: java.lang.ClassNotFoundException: jakarta.el.ExpressionFactory
	... 97 common frames omitted
10:24:15.990 [main] DEBUG org.hibernate.validator.messageinterpolation.ResourceBundleMessageInterpolator - Failed to load expression factory via classloader jdk.internal.loader.ClassLoaders$AppClassLoader@70dea4e
java.lang.NoClassDefFoundError: jakarta/el/ExpressionFactory
	at org.hibernate.validator.messageinterpolation.ResourceBundleMessageInterpolator.canLoadExpressionFactory(ResourceBundleMessageInterpolator.java:228)
	at org.hibernate.validator.messageinterpolation.ResourceBundleMessageInterpolator.buildExpressionFactory(ResourceBundleMessageInterpolator.java:186)
	at org.hibernate.validator.messageinterpolation.ResourceBundleMessageInterpolator.<init>(ResourceBundleMessageInterpolator.java:97)
	at org.hibernate.validator.internal.engine.AbstractConfigurationImpl.getDefaultMessageInterpolator(AbstractConfigurationImpl.java:575)
	at org.hibernate.validator.internal.engine.AbstractConfigurationImpl.getDefaultMessageInterpolatorConfiguredWithClassLoader(AbstractConfigurationImpl.java:834)
	at org.hibernate.validator.internal.engine.AbstractConfigurationImpl.getMessageInterpolator(AbstractConfigurationImpl.java:485)
	at org.hibernate.validator.internal.engine.ValidatorFactoryImpl.<init>(ValidatorFactoryImpl.java:157)
	at org.hibernate.validator.HibernateValidator.buildValidatorFactory(HibernateValidator.java:38)
	at org.hibernate.validator.internal.engine.AbstractConfigurationImpl.buildValidatorFactory(AbstractConfigurationImpl.java:453)
	at jakarta.validation.Validation.buildDefaultValidatorFactory(Validation.java:103)
	at org.hibernate.boot.beanvalidation.TypeSafeActivator.getValidatorFactory(TypeSafeActivator.java:482)
	at org.hibernate.boot.beanvalidation.TypeSafeActivator.activate(TypeSafeActivator.java:79)
	at java.base/jdk.internal.reflect.DirectMethodHandleAccessor.invoke(DirectMethodHandleAccessor.java:103)
	at java.base/java.lang.reflect.Method.invoke(Method.java:580)
	at org.hibernate.boot.beanvalidation.BeanValidationIntegrator.integrate(BeanValidationIntegrator.java:139)
	at org.hibernate.internal.SessionFactoryImpl.integrate(SessionFactoryImpl.java:517)
	at org.hibernate.internal.SessionFactoryImpl.<init>(SessionFactoryImpl.java:276)
	at org.hibernate.boot.internal.SessionFactoryBuilderImpl.build(SessionFactoryBuilderImpl.java:457)
	at org.hibernate.jpa.boot.internal.EntityManagerFactoryBuilderImpl.build(EntityManagerFactoryBuilderImpl.java:1506)
	at org.hibernate.jpa.HibernatePersistenceProvider.createEntityManagerFactory(HibernatePersistenceProvider.java:55)
	at jakarta.persistence.Persistence.createEntityManagerFactory(Persistence.java:80)
	at org.frcpm.config.DatabaseConfig.initialize(DatabaseConfig.java:114)
	at org.frcpm.config.DatabaseConfig.initialize(DatabaseConfig.java:28)
	at org.frcpm.repositories.AttendanceRepositoryTest.setUp(AttendanceRepositoryTest.java:40)
	at java.base/jdk.internal.reflect.DirectMethodHandleAccessor.invoke(DirectMethodHandleAccessor.java:103)
	at java.base/java.lang.reflect.Method.invoke(Method.java:580)
	at org.junit.platform.commons.util.ReflectionUtils.invokeMethod(ReflectionUtils.java:728)
	at org.junit.jupiter.engine.execution.MethodInvocation.proceed(MethodInvocation.java:60)
	at org.junit.jupiter.engine.execution.InvocationInterceptorChain$ValidatingInvocation.proceed(InvocationInterceptorChain.java:131)
	at org.junit.jupiter.engine.extension.TimeoutExtension.intercept(TimeoutExtension.java:156)
	at org.junit.jupiter.engine.extension.TimeoutExtension.interceptLifecycleMethod(TimeoutExtension.java:128)
	at org.junit.jupiter.engine.extension.TimeoutExtension.interceptBeforeEachMethod(TimeoutExtension.java:78)
	at org.junit.jupiter.engine.execution.InterceptingExecutableInvoker$ReflectiveInterceptorCall.lambda$ofVoidMethod$0(InterceptingExecutableInvoker.java:103)
	at org.junit.jupiter.engine.execution.InterceptingExecutableInvoker.lambda$invoke$0(InterceptingExecutableInvoker.java:93)
	at org.junit.jupiter.engine.execution.InvocationInterceptorChain$InterceptedInvocation.proceed(InvocationInterceptorChain.java:106)
	at org.junit.jupiter.engine.execution.InvocationInterceptorChain.proceed(InvocationInterceptorChain.java:64)
	at org.junit.jupiter.engine.execution.InvocationInterceptorChain.chainAndInvoke(InvocationInterceptorChain.java:45)
	at org.junit.jupiter.engine.execution.InvocationInterceptorChain.invoke(InvocationInterceptorChain.java:37)
	at org.junit.jupiter.engine.execution.InterceptingExecutableInvoker.invoke(InterceptingExecutableInvoker.java:92)
	at org.junit.jupiter.engine.execution.InterceptingExecutableInvoker.invoke(InterceptingExecutableInvoker.java:86)
	at org.junit.jupiter.engine.descriptor.ClassBasedTestDescriptor.invokeMethodInExtensionContext(ClassBasedTestDescriptor.java:521)
	at org.junit.jupiter.engine.descriptor.ClassBasedTestDescriptor.lambda$synthesizeBeforeEachMethodAdapter$23(ClassBasedTestDescriptor.java:506)
	at org.junit.jupiter.engine.descriptor.TestMethodTestDescriptor.lambda$invokeBeforeEachMethods$3(TestMethodTestDescriptor.java:175)
	at org.junit.jupiter.engine.descriptor.TestMethodTestDescriptor.lambda$invokeBeforeMethodsOrCallbacksUntilExceptionOccurs$6(TestMethodTestDescriptor.java:203)
	at org.junit.platform.engine.support.hierarchical.ThrowableCollector.execute(ThrowableCollector.java:73)
	at org.junit.jupiter.engine.descriptor.TestMethodTestDescriptor.invokeBeforeMethodsOrCallbacksUntilExceptionOccurs(TestMethodTestDescriptor.java:203)
	at org.junit.jupiter.engine.descriptor.TestMethodTestDescriptor.invokeBeforeEachMethods(TestMethodTestDescriptor.java:172)
	at org.junit.jupiter.engine.descriptor.TestMethodTestDescriptor.execute(TestMethodTestDescriptor.java:135)
	at org.junit.jupiter.engine.descriptor.TestMethodTestDescriptor.execute(TestMethodTestDescriptor.java:69)
	at org.junit.platform.engine.support.hierarchical.NodeTestTask.lambda$executeRecursively$6(NodeTestTask.java:151)
	at org.junit.platform.engine.support.hierarchical.ThrowableCollector.execute(ThrowableCollector.java:73)
	at org.junit.platform.engine.support.hierarchical.NodeTestTask.lambda$executeRecursively$8(NodeTestTask.java:141)
	at org.junit.platform.engine.support.hierarchical.Node.around(Node.java:137)
	at org.junit.platform.engine.support.hierarchical.NodeTestTask.lambda$executeRecursively$9(NodeTestTask.java:139)
	at org.junit.platform.engine.support.hierarchical.ThrowableCollector.execute(ThrowableCollector.java:73)
	at org.junit.platform.engine.support.hierarchical.NodeTestTask.executeRecursively(NodeTestTask.java:138)
	at org.junit.platform.engine.support.hierarchical.NodeTestTask.execute(NodeTestTask.java:95)
	at java.base/java.util.ArrayList.forEach(ArrayList.java:1596)
	at org.junit.platform.engine.support.hierarchical.SameThreadHierarchicalTestExecutorService.invokeAll(SameThreadHierarchicalTestExecutorService.java:41)
	at org.junit.platform.engine.support.hierarchical.NodeTestTask.lambda$executeRecursively$6(NodeTestTask.java:155)
	at org.junit.platform.engine.support.hierarchical.ThrowableCollector.execute(ThrowableCollector.java:73)
	at org.junit.platform.engine.support.hierarchical.NodeTestTask.lambda$executeRecursively$8(NodeTestTask.java:141)
	at org.junit.platform.engine.support.hierarchical.Node.around(Node.java:137)
	at org.junit.platform.engine.support.hierarchical.NodeTestTask.lambda$executeRecursively$9(NodeTestTask.java:139)
	at org.junit.platform.engine.support.hierarchical.ThrowableCollector.execute(ThrowableCollector.java:73)
	at org.junit.platform.engine.support.hierarchical.NodeTestTask.executeRecursively(NodeTestTask.java:138)
	at org.junit.platform.engine.support.hierarchical.NodeTestTask.execute(NodeTestTask.java:95)
	at java.base/java.util.ArrayList.forEach(ArrayList.java:1596)
	at org.junit.platform.engine.support.hierarchical.SameThreadHierarchicalTestExecutorService.invokeAll(SameThreadHierarchicalTestExecutorService.java:41)
	at org.junit.platform.engine.support.hierarchical.NodeTestTask.lambda$executeRecursively$6(NodeTestTask.java:155)
	at org.junit.platform.engine.support.hierarchical.ThrowableCollector.execute(ThrowableCollector.java:73)
	at org.junit.platform.engine.support.hierarchical.NodeTestTask.lambda$executeRecursively$8(NodeTestTask.java:141)
	at org.junit.platform.engine.support.hierarchical.Node.around(Node.java:137)
	at org.junit.platform.engine.support.hierarchical.NodeTestTask.lambda$executeRecursively$9(NodeTestTask.java:139)
	at org.junit.platform.engine.support.hierarchical.ThrowableCollector.execute(ThrowableCollector.java:73)
	at org.junit.platform.engine.support.hierarchical.NodeTestTask.executeRecursively(NodeTestTask.java:138)
	at org.junit.platform.engine.support.hierarchical.NodeTestTask.execute(NodeTestTask.java:95)
	at org.junit.platform.engine.support.hierarchical.SameThreadHierarchicalTestExecutorService.submit(SameThreadHierarchicalTestExecutorService.java:35)
	at org.junit.platform.engine.support.hierarchical.HierarchicalTestExecutor.execute(HierarchicalTestExecutor.java:57)
	at org.junit.platform.engine.support.hierarchical.HierarchicalTestEngine.execute(HierarchicalTestEngine.java:54)
	at org.junit.platform.launcher.core.EngineExecutionOrchestrator.execute(EngineExecutionOrchestrator.java:198)
	at org.junit.platform.launcher.core.EngineExecutionOrchestrator.execute(EngineExecutionOrchestrator.java:169)
	at org.junit.platform.launcher.core.EngineExecutionOrchestrator.execute(EngineExecutionOrchestrator.java:93)
	at org.junit.platform.launcher.core.EngineExecutionOrchestrator.lambda$execute$0(EngineExecutionOrchestrator.java:58)
	at org.junit.platform.launcher.core.EngineExecutionOrchestrator.withInterceptedStreams(EngineExecutionOrchestrator.java:141)
	at org.junit.platform.launcher.core.EngineExecutionOrchestrator.execute(EngineExecutionOrchestrator.java:57)
	at org.junit.platform.launcher.core.DefaultLauncher.execute(DefaultLauncher.java:103)
	at org.junit.platform.launcher.core.DefaultLauncher.execute(DefaultLauncher.java:85)
	at org.junit.platform.launcher.core.DelegatingLauncher.execute(DelegatingLauncher.java:47)
	at org.apache.maven.surefire.junitplatform.LazyLauncher.execute(LazyLauncher.java:56)
	at org.apache.maven.surefire.junitplatform.JUnitPlatformProvider.execute(JUnitPlatformProvider.java:184)
	at org.apache.maven.surefire.junitplatform.JUnitPlatformProvider.invokeAllTests(JUnitPlatformProvider.java:148)
	at org.apache.maven.surefire.junitplatform.JUnitPlatformProvider.invoke(JUnitPlatformProvider.java:122)
	at org.apache.maven.surefire.booter.ForkedBooter.runSuitesInProcess(ForkedBooter.java:385)
	at org.apache.maven.surefire.booter.ForkedBooter.execute(ForkedBooter.java:162)
	at org.apache.maven.surefire.booter.ForkedBooter.run(ForkedBooter.java:507)
	at org.apache.maven.surefire.booter.ForkedBooter.main(ForkedBooter.java:495)
Caused by: java.lang.ClassNotFoundException: jakarta.el.ExpressionFactory
	... 97 common frames omitted
10:24:15.990 [main] DEBUG org.hibernate.boot.beanvalidation.TypeSafeActivator - Unable to acquire Bean Validation ValidatorFactory, skipping activation
10:24:15.992 [main] DEBUG org.hibernate.query.sqm.function.SqmFunctionRegistry - Registered SqmFunctionTemplate [NamedSqmFunctionTemplate(max)] under max; prior registration was null
10:24:15.992 [main] DEBUG org.hibernate.query.sqm.function.SqmFunctionRegistry - Registered SqmFunctionTemplate [NamedSqmFunctionTemplate(min)] under min; prior registration was null
10:24:15.992 [main] DEBUG org.hibernate.query.sqm.function.SqmFunctionRegistry - Registered SqmFunctionTemplate [NamedSqmFunctionTemplate(sum)] under sum; prior registration was null
10:24:15.992 [main] DEBUG org.hibernate.query.sqm.function.SqmFunctionRegistry - Registered SqmFunctionTemplate [NamedSqmFunctionTemplate(avg)] under avg; prior registration was null
10:24:15.992 [main] DEBUG org.hibernate.query.sqm.function.SqmFunctionRegistry - Registered SqmFunctionTemplate [org.hibernate.dialect.function.CountFunction@3d08cabe] under count; prior registration was null
10:24:15.992 [main] DEBUG org.hibernate.query.sqm.function.SqmFunctionRegistry - Registered SqmFunctionTemplate [org.hibernate.dialect.function.EveryAnyEmulation@5ff270aa] under every; prior registration was null
10:24:15.992 [main] DEBUG org.hibernate.query.sqm.function.SqmFunctionRegistry - Registered SqmFunctionTemplate [org.hibernate.dialect.function.EveryAnyEmulation@3a1b8d28] under any; prior registration was null
10:24:15.992 [main] DEBUG org.hibernate.query.sqm.function.SqmFunctionRegistry - Registered SqmFunctionTemplate [NamedSqmFunctionTemplate(floor)] under floor; prior registration was null
10:24:15.992 [main] DEBUG org.hibernate.query.sqm.function.SqmFunctionRegistry - Registered SqmFunctionTemplate [NamedSqmFunctionTemplate(ceiling)] under ceiling; prior registration was null
10:24:15.992 [main] DEBUG org.hibernate.query.sqm.function.SqmFunctionRegistry - Registered SqmFunctionTemplate [NamedSqmFunctionTemplate(mod)] under mod; prior registration was null
10:24:15.992 [main] DEBUG org.hibernate.query.sqm.function.SqmFunctionRegistry - Registered SqmFunctionTemplate [NamedSqmFunctionTemplate(abs)] under abs; prior registration was null
10:24:15.992 [main] DEBUG org.hibernate.query.sqm.function.SqmFunctionRegistry - Registered SqmFunctionTemplate [NamedSqmFunctionTemplate(sign)] under sign; prior registration was null
10:24:15.992 [main] DEBUG org.hibernate.query.sqm.function.SqmFunctionRegistry - Registered SqmFunctionTemplate [NamedSqmFunctionTemplate(sqrt)] under sqrt; prior registration was null
10:24:15.992 [main] DEBUG org.hibernate.query.sqm.function.SqmFunctionRegistry - Registered SqmFunctionTemplate [NamedSqmFunctionTemplate(ln)] under ln; prior registration was null
10:24:15.992 [main] DEBUG org.hibernate.query.sqm.function.SqmFunctionRegistry - Registered SqmFunctionTemplate [NamedSqmFunctionTemplate(exp)] under exp; prior registration was null
10:24:15.992 [main] DEBUG org.hibernate.query.sqm.function.SqmFunctionRegistry - Registered SqmFunctionTemplate [NamedSqmFunctionTemplate(power)] under power; prior registration was null
10:24:15.992 [main] DEBUG org.hibernate.query.sqm.function.SqmFunctionRegistry - Registered SqmFunctionTemplate [NamedSqmFunctionTemplate(round)] under round; prior registration was null
10:24:15.992 [main] DEBUG org.hibernate.query.sqm.function.SqmFunctionRegistry - Registered SqmFunctionTemplate [NamedSqmFunctionTemplate(sin)] under sin; prior registration was null
10:24:15.992 [main] DEBUG org.hibernate.query.sqm.function.SqmFunctionRegistry - Registered SqmFunctionTemplate [NamedSqmFunctionTemplate(cos)] under cos; prior registration was null
10:24:15.992 [main] DEBUG org.hibernate.query.sqm.function.SqmFunctionRegistry - Registered SqmFunctionTemplate [NamedSqmFunctionTemplate(tan)] under tan; prior registration was null
10:24:15.992 [main] DEBUG org.hibernate.query.sqm.function.SqmFunctionRegistry - Registered SqmFunctionTemplate [NamedSqmFunctionTemplate(asin)] under asin; prior registration was null
10:24:15.992 [main] DEBUG org.hibernate.query.sqm.function.SqmFunctionRegistry - Registered SqmFunctionTemplate [NamedSqmFunctionTemplate(acos)] under acos; prior registration was null
10:24:15.992 [main] DEBUG org.hibernate.query.sqm.function.SqmFunctionRegistry - Registered SqmFunctionTemplate [NamedSqmFunctionTemplate(atan)] under atan; prior registration was null
10:24:15.992 [main] DEBUG org.hibernate.query.sqm.function.SqmFunctionRegistry - Registered SqmFunctionTemplate [NamedSqmFunctionTemplate(atan2)] under atan2; prior registration was null
10:24:15.992 [main] DEBUG org.hibernate.query.sqm.function.SqmFunctionRegistry - Registered SqmFunctionTemplate [org.hibernate.query.sqm.function.PatternBasedSqmFunctionDescriptor@116c0486] under sinh; prior registration was null
10:24:15.992 [main] DEBUG org.hibernate.query.sqm.function.SqmFunctionRegistry - Registered SqmFunctionTemplate [org.hibernate.query.sqm.function.PatternBasedSqmFunctionDescriptor@6aca612f] under cosh; prior registration was null
10:24:15.992 [main] DEBUG org.hibernate.query.sqm.function.SqmFunctionRegistry - Registered SqmFunctionTemplate [org.hibernate.query.sqm.function.PatternBasedSqmFunctionDescriptor@26f12bfc] under tanh; prior registration was null
10:24:15.992 [main] DEBUG org.hibernate.query.sqm.function.SqmFunctionRegistry - Registered SqmFunctionTemplate [org.hibernate.query.sqm.function.PatternBasedSqmFunctionDescriptor@406580c7] under pi; prior registration was null
10:24:15.992 [main] DEBUG org.hibernate.query.sqm.function.SqmFunctionRegistry - Registered SqmFunctionTemplate [org.hibernate.query.sqm.function.PatternBasedSqmFunctionDescriptor@315cf479] under log; prior registration was null
10:24:15.992 [main] DEBUG org.hibernate.query.sqm.function.SqmFunctionRegistry - Registered SqmFunctionTemplate [NamedSqmFunctionTemplate(coalesce)] under coalesce; prior registration was null
10:24:15.992 [main] DEBUG org.hibernate.query.sqm.function.SqmFunctionRegistry - Registered SqmFunctionTemplate [NamedSqmFunctionTemplate(nullif)] under nullif; prior registration was null
10:24:15.992 [main] DEBUG org.hibernate.query.sqm.function.SqmFunctionRegistry - Registered SqmFunctionTemplate [NamedSqmFunctionTemplate(left)] under left; prior registration was null
10:24:15.992 [main] DEBUG org.hibernate.query.sqm.function.SqmFunctionRegistry - Registered SqmFunctionTemplate [NamedSqmFunctionTemplate(right)] under right; prior registration was null
10:24:15.992 [main] DEBUG org.hibernate.query.sqm.function.SqmFunctionRegistry - Registered SqmFunctionTemplate [NamedSqmFunctionTemplate(replace)] under replace; prior registration was null
10:24:15.992 [main] DEBUG org.hibernate.query.sqm.function.SqmFunctionRegistry - Registered SqmFunctionTemplate [NamedSqmFunctionTemplate(concat)] under concat; prior registration was null
10:24:15.992 [main] DEBUG org.hibernate.query.sqm.function.SqmFunctionRegistry - Registered SqmFunctionTemplate [NamedSqmFunctionTemplate(lower)] under lower; prior registration was null
10:24:15.992 [main] DEBUG org.hibernate.query.sqm.function.SqmFunctionRegistry - Registered SqmFunctionTemplate [NamedSqmFunctionTemplate(upper)] under upper; prior registration was null
10:24:15.992 [main] DEBUG org.hibernate.query.sqm.function.SqmFunctionRegistry - Registered SqmFunctionTemplate [NamedSqmFunctionTemplate(substring)] under substring; prior registration was null
10:24:15.992 [main] DEBUG org.hibernate.query.sqm.function.SqmFunctionRegistry - Registered SqmFunctionTemplate [NamedSqmFunctionTemplate(locate)] under locate; prior registration was null
10:24:15.992 [main] DEBUG org.hibernate.query.sqm.function.SqmFunctionRegistry - Registered SqmFunctionTemplate [NamedSqmFunctionTemplate(character_length)] under character_length; prior registration was null
10:24:15.992 [main] DEBUG org.hibernate.query.sqm.function.SqmFunctionRegistry - Registering alternate key : length -> character_length
10:24:15.992 [main] DEBUG org.hibernate.query.sqm.function.SqmFunctionRegistry - Registered SqmFunctionTemplate [org.hibernate.dialect.function.LocatePositionEmulation@8262864] under position; prior registration was null
10:24:15.992 [main] DEBUG org.hibernate.query.sqm.function.SqmFunctionRegistry - Registered SqmFunctionTemplate [org.hibernate.dialect.function.InsertSubstringOverlayEmulation@27a75c57] under overlay; prior registration was null
10:24:15.992 [main] DEBUG org.hibernate.query.sqm.function.SqmFunctionRegistry - Registered SqmFunctionTemplate [org.hibernate.dialect.function.TrimFunction@4ba893dc] under trim; prior registration was null
10:24:15.992 [main] DEBUG org.hibernate.query.sqm.function.SqmFunctionRegistry - Registered SqmFunctionTemplate [org.hibernate.dialect.function.CastFunction@1d8149ec] under cast; prior registration was null
10:24:15.992 [main] DEBUG org.hibernate.query.sqm.function.SqmFunctionRegistry - Registered SqmFunctionTemplate [org.hibernate.query.sqm.function.PatternBasedSqmFunctionDescriptor@245d2730] under collate; prior registration was null
10:24:15.992 [main] DEBUG org.hibernate.query.sqm.function.SqmFunctionRegistry - Registered SqmFunctionTemplate [org.hibernate.dialect.function.ExtractFunction@39859208] under extract; prior registration was null
10:24:15.992 [main] DEBUG org.hibernate.query.sqm.function.SqmFunctionRegistry - Registered SqmFunctionTemplate [NamedSqmFunctionTemplate(least)] under least; prior registration was null
10:24:15.992 [main] DEBUG org.hibernate.query.sqm.function.SqmFunctionRegistry - Registered SqmFunctionTemplate [NamedSqmFunctionTemplate(greatest)] under greatest; prior registration was null
10:24:15.992 [main] DEBUG org.hibernate.query.sqm.function.SqmFunctionRegistry - Registered SqmFunctionTemplate [org.hibernate.dialect.function.CoalesceIfnullEmulation@363cd097] under ifnull; prior registration was null
10:24:15.992 [main] DEBUG org.hibernate.query.sqm.function.SqmFunctionRegistry - Registered SqmFunctionTemplate [NamedSqmFunctionTemplate(lpad)] under lpad; prior registration was null
10:24:15.992 [main] DEBUG org.hibernate.query.sqm.function.SqmFunctionRegistry - Registered SqmFunctionTemplate [NamedSqmFunctionTemplate(rpad)] under rpad; prior registration was null
10:24:15.992 [main] DEBUG org.hibernate.query.sqm.function.SqmFunctionRegistry - Registered SqmFunctionTemplate [org.hibernate.dialect.function.LpadRpadPadEmulation@21e52195] under pad; prior registration was null
10:24:15.992 [main] DEBUG org.hibernate.query.sqm.function.SqmFunctionRegistry - Registered SqmFunctionTemplate [org.hibernate.dialect.function.CastStrEmulation@6cccf63e] under str; prior registration was null
10:24:15.992 [main] DEBUG org.hibernate.query.sqm.function.SqmFunctionRegistry - Registered SqmFunctionTemplate [org.hibernate.dialect.function.FormatFunction@79cc2c7d] under format; prior registration was null
10:24:15.992 [main] DEBUG org.hibernate.query.sqm.function.SqmFunctionRegistry - Registered SqmFunctionTemplate [org.hibernate.dialect.function.TimestampaddFunction@2924e3bb] under timestampadd; prior registration was null
10:24:15.992 [main] DEBUG org.hibernate.query.sqm.function.SqmFunctionRegistry - Registered SqmFunctionTemplate [org.hibernate.dialect.function.TimestampdiffFunction@21459683] under timestampdiff; prior registration was null
10:24:15.992 [main] DEBUG org.hibernate.query.sqm.function.SqmFunctionRegistry - Registering alternate key : dateadd -> timestampadd
10:24:15.992 [main] DEBUG org.hibernate.query.sqm.function.SqmFunctionRegistry - Registering alternate key : datediff -> timestampdiff
10:24:15.992 [main] DEBUG org.hibernate.query.sqm.function.SqmFunctionRegistry - Registered SqmFunctionTemplate [org.hibernate.dialect.function.CurrentFunction@2ab3e993] under current_date; prior registration was null
10:24:15.992 [main] DEBUG org.hibernate.query.sqm.function.SqmFunctionRegistry - Registered SqmFunctionTemplate [org.hibernate.dialect.function.CurrentFunction@3284977c] under current_time; prior registration was null
10:24:15.992 [main] DEBUG org.hibernate.query.sqm.function.SqmFunctionRegistry - Registered SqmFunctionTemplate [org.hibernate.dialect.function.CurrentFunction@3c3393ac] under current_timestamp; prior registration was null
10:24:15.992 [main] DEBUG org.hibernate.query.sqm.function.SqmFunctionRegistry - Registering alternate key : current date -> current_date
10:24:15.992 [main] DEBUG org.hibernate.query.sqm.function.SqmFunctionRegistry - Registering alternate key : current time -> current_time
10:24:15.992 [main] DEBUG org.hibernate.query.sqm.function.SqmFunctionRegistry - Registering alternate key : current timestamp -> current_timestamp
10:24:15.992 [main] DEBUG org.hibernate.query.sqm.function.SqmFunctionRegistry - Registered SqmFunctionTemplate [org.hibernate.dialect.function.CurrentFunction@31cffb27] under local_date; prior registration was null
10:24:15.992 [main] DEBUG org.hibernate.query.sqm.function.SqmFunctionRegistry - Registered SqmFunctionTemplate [org.hibernate.dialect.function.CurrentFunction@40563fc] under local_time; prior registration was null
10:24:15.992 [main] DEBUG org.hibernate.query.sqm.function.SqmFunctionRegistry - Registered SqmFunctionTemplate [org.hibernate.dialect.function.CurrentFunction@122c3b77] under local_datetime; prior registration was null
10:24:15.992 [main] DEBUG org.hibernate.query.sqm.function.SqmFunctionRegistry - Registered SqmFunctionTemplate [org.hibernate.dialect.function.CurrentFunction@32a2746d] under offset_datetime; prior registration was null
10:24:15.992 [main] DEBUG org.hibernate.query.sqm.function.SqmFunctionRegistry - Registering alternate key : local date -> local_date
10:24:15.992 [main] DEBUG org.hibernate.query.sqm.function.SqmFunctionRegistry - Registering alternate key : local time -> local_time
10:24:15.992 [main] DEBUG org.hibernate.query.sqm.function.SqmFunctionRegistry - Registering alternate key : local datetime -> local_datetime
10:24:15.992 [main] DEBUG org.hibernate.query.sqm.function.SqmFunctionRegistry - Registering alternate key : offset datetime -> offset_datetime
10:24:15.992 [main] DEBUG org.hibernate.query.sqm.function.SqmFunctionRegistry - Registered SqmFunctionTemplate [org.hibernate.dialect.function.CurrentFunction@7c7ab7dd] under instant; prior registration was null
10:24:15.992 [main] DEBUG org.hibernate.query.sqm.function.SqmFunctionRegistry - Registering alternate key : current_instant -> instant
10:24:15.992 [main] DEBUG org.hibernate.query.sqm.function.SqmFunctionRegistry - Registered SqmFunctionTemplate [org.hibernate.dialect.function.SqlFunction@53cf212d] under sql; prior registration was null
10:24:15.992 [main] DEBUG org.hibernate.query.sqm.function.SqmFunctionRegistry - Registered SqmFunctionTemplate [NamedSqmFunctionTemplate(max)] under max; prior registration was NamedSqmFunctionTemplate(max)
10:24:15.992 [main] DEBUG org.hibernate.query.sqm.function.SqmFunctionRegistry - Registered SqmFunctionTemplate [NamedSqmFunctionTemplate(min)] under min; prior registration was NamedSqmFunctionTemplate(min)
10:24:15.992 [main] DEBUG org.hibernate.query.sqm.function.SqmFunctionRegistry - Registered SqmFunctionTemplate [NamedSqmFunctionTemplate(sum)] under sum; prior registration was NamedSqmFunctionTemplate(sum)
10:24:15.992 [main] DEBUG org.hibernate.query.sqm.function.SqmFunctionRegistry - Registered SqmFunctionTemplate [NamedSqmFunctionTemplate(avg)] under avg; prior registration was NamedSqmFunctionTemplate(avg)
10:24:15.992 [main] DEBUG org.hibernate.query.sqm.function.SqmFunctionRegistry - Registered SqmFunctionTemplate [org.hibernate.dialect.function.CountFunction@20cb4fa0] under count; prior registration was org.hibernate.dialect.function.CountFunction@3d08cabe
10:24:15.992 [main] DEBUG org.hibernate.query.sqm.function.SqmFunctionRegistry - Registered SqmFunctionTemplate [org.hibernate.dialect.function.AvgFunction@16b56c8] under avg; prior registration was NamedSqmFunctionTemplate(avg)
10:24:15.992 [main] DEBUG org.hibernate.query.sqm.function.SqmFunctionRegistry - Registered SqmFunctionTemplate [NamedSqmFunctionTemplate(pi)] under pi; prior registration was org.hibernate.query.sqm.function.PatternBasedSqmFunctionDescriptor@406580c7
10:24:15.992 [main] DEBUG org.hibernate.query.sqm.function.SqmFunctionRegistry - Registered SqmFunctionTemplate [NamedSqmFunctionTemplate(cot)] under cot; prior registration was null
10:24:15.992 [main] DEBUG org.hibernate.query.sqm.function.SqmFunctionRegistry - Registered SqmFunctionTemplate [NamedSqmFunctionTemplate(radians)] under radians; prior registration was null
10:24:15.992 [main] DEBUG org.hibernate.query.sqm.function.SqmFunctionRegistry - Registered SqmFunctionTemplate [NamedSqmFunctionTemplate(degrees)] under degrees; prior registration was null
10:24:15.992 [main] DEBUG org.hibernate.query.sqm.function.SqmFunctionRegistry - Registered SqmFunctionTemplate [NamedSqmFunctionTemplate(log10)] under log10; prior registration was null
10:24:15.992 [main] DEBUG org.hibernate.query.sqm.function.SqmFunctionRegistry - Registered SqmFunctionTemplate [org.hibernate.query.sqm.function.PatternBasedSqmFunctionDescriptor@2806dd67] under mod; prior registration was NamedSqmFunctionTemplate(mod)
10:24:15.992 [main] DEBUG org.hibernate.query.sqm.function.SqmFunctionRegistry - Registered SqmFunctionTemplate [NamedSqmFunctionTemplate(rand)] under rand; prior registration was null
10:24:15.992 [main] DEBUG org.hibernate.query.sqm.function.SqmFunctionRegistry - Registered SqmFunctionTemplate [NamedSqmFunctionTemplate(soundex)] under soundex; prior registration was null
10:24:15.992 [main] DEBUG org.hibernate.query.sqm.function.SqmFunctionRegistry - Registered SqmFunctionTemplate [NamedSqmFunctionTemplate(translate)] under translate; prior registration was null
10:24:15.992 [main] DEBUG org.hibernate.query.sqm.function.SqmFunctionRegistry - Registered SqmFunctionTemplate [NamedSqmFunctionTemplate(bitand)] under bitand; prior registration was null
10:24:15.992 [main] DEBUG org.hibernate.query.sqm.function.SqmFunctionRegistry - Registered SqmFunctionTemplate [NamedSqmFunctionTemplate(bitor)] under bitor; prior registration was null
10:24:15.992 [main] DEBUG org.hibernate.query.sqm.function.SqmFunctionRegistry - Registered SqmFunctionTemplate [NamedSqmFunctionTemplate(bitxor)] under bitxor; prior registration was null
10:24:15.992 [main] DEBUG org.hibernate.query.sqm.function.SqmFunctionRegistry - Registered SqmFunctionTemplate [NamedSqmFunctionTemplate(bitnot)] under bitnot; prior registration was null
10:24:15.992 [main] DEBUG org.hibernate.query.sqm.function.SqmFunctionRegistry - Registered SqmFunctionTemplate [NamedSqmFunctionTemplate(bit_and)] under bit_and; prior registration was null
10:24:15.992 [main] DEBUG org.hibernate.query.sqm.function.SqmFunctionRegistry - Registered SqmFunctionTemplate [NamedSqmFunctionTemplate(bit_or)] under bit_or; prior registration was null
10:24:15.992 [main] DEBUG org.hibernate.query.sqm.function.SqmFunctionRegistry - Registered SqmFunctionTemplate [NamedSqmFunctionTemplate(day)] under day; prior registration was null
10:24:15.992 [main] DEBUG org.hibernate.query.sqm.function.SqmFunctionRegistry - Registered SqmFunctionTemplate [NamedSqmFunctionTemplate(month)] under month; prior registration was null
10:24:15.992 [main] DEBUG org.hibernate.query.sqm.function.SqmFunctionRegistry - Registered SqmFunctionTemplate [NamedSqmFunctionTemplate(year)] under year; prior registration was null
10:24:15.992 [main] DEBUG org.hibernate.query.sqm.function.SqmFunctionRegistry - Registered SqmFunctionTemplate [NamedSqmFunctionTemplate(hour)] under hour; prior registration was null
10:24:15.992 [main] DEBUG org.hibernate.query.sqm.function.SqmFunctionRegistry - Registered SqmFunctionTemplate [NamedSqmFunctionTemplate(minute)] under minute; prior registration was null
10:24:15.992 [main] DEBUG org.hibernate.query.sqm.function.SqmFunctionRegistry - Registered SqmFunctionTemplate [NamedSqmFunctionTemplate(second)] under second; prior registration was null
10:24:15.992 [main] DEBUG org.hibernate.query.sqm.function.SqmFunctionRegistry - Registered SqmFunctionTemplate [NamedSqmFunctionTemplate(microsecond)] under microsecond; prior registration was null
10:24:15.992 [main] DEBUG org.hibernate.query.sqm.function.SqmFunctionRegistry - Registered SqmFunctionTemplate [NamedSqmFunctionTemplate(day_of_week)] under day_of_week; prior registration was null
10:24:15.992 [main] DEBUG org.hibernate.query.sqm.function.SqmFunctionRegistry - Registered SqmFunctionTemplate [NamedSqmFunctionTemplate(day_of_month)] under day_of_month; prior registration was null
10:24:15.992 [main] DEBUG org.hibernate.query.sqm.function.SqmFunctionRegistry - Registering alternate key : day -> day_of_month
10:24:15.992 [main] DEBUG org.hibernate.query.sqm.function.SqmFunctionRegistry - Registered SqmFunctionTemplate [NamedSqmFunctionTemplate(day_of_year)] under day_of_year; prior registration was null
10:24:15.992 [main] DEBUG org.hibernate.query.sqm.function.SqmFunctionRegistry - Registered SqmFunctionTemplate [NamedSqmFunctionTemplate(week)] under week; prior registration was null
10:24:15.992 [main] DEBUG org.hibernate.query.sqm.function.SqmFunctionRegistry - Registered SqmFunctionTemplate [NamedSqmFunctionTemplate(quarter)] under quarter; prior registration was null
10:24:15.992 [main] DEBUG org.hibernate.query.sqm.function.SqmFunctionRegistry - Registered SqmFunctionTemplate [NamedSqmFunctionTemplate(monthname)] under monthname; prior registration was null
10:24:15.992 [main] DEBUG org.hibernate.query.sqm.function.SqmFunctionRegistry - Registered SqmFunctionTemplate [NamedSqmFunctionTemplate(dayname)] under dayname; prior registration was null
10:24:15.992 [main] DEBUG org.hibernate.query.sqm.function.SqmFunctionRegistry - Registered SqmFunctionTemplate [NamedSqmFunctionTemplate(localtime)] under localtime; prior registration was null
10:24:15.992 [main] DEBUG org.hibernate.query.sqm.function.SqmFunctionRegistry - Registered SqmFunctionTemplate [NamedSqmFunctionTemplate(localtimestamp)] under localtimestamp; prior registration was null
10:24:15.992 [main] DEBUG org.hibernate.query.sqm.function.SqmFunctionRegistry - Registered SqmFunctionTemplate [NamedSqmFunctionTemplate(localtime)] under local_time; prior registration was org.hibernate.dialect.function.CurrentFunction@40563fc
10:24:15.992 [main] DEBUG org.hibernate.query.sqm.function.SqmFunctionRegistry - Registered SqmFunctionTemplate [NamedSqmFunctionTemplate(localtimestamp)] under local_datetime; prior registration was org.hibernate.dialect.function.CurrentFunction@122c3b77
10:24:15.992 [main] DEBUG org.hibernate.query.sqm.function.SqmFunctionRegistry - Registered SqmFunctionTemplate [org.hibernate.dialect.function.TruncFunction@26a5703] under trunc; prior registration was null
10:24:15.992 [main] DEBUG org.hibernate.query.sqm.function.SqmFunctionRegistry - Registering alternate key : truncate -> trunc
10:24:15.992 [main] DEBUG org.hibernate.query.sqm.function.SqmFunctionRegistry - Registered SqmFunctionTemplate [org.hibernate.query.sqm.function.PatternBasedSqmFunctionDescriptor@78a6bea1] under date_trunc; prior registration was null
10:24:15.992 [main] DEBUG org.hibernate.query.sqm.function.SqmFunctionRegistry - Registered SqmFunctionTemplate [NamedSqmFunctionTemplate(bit_length)] under bit_length; prior registration was null
10:24:15.992 [main] DEBUG org.hibernate.query.sqm.function.SqmFunctionRegistry - Registered SqmFunctionTemplate [NamedSqmFunctionTemplate(octet_length)] under octet_length; prior registration was null
10:24:15.992 [main] DEBUG org.hibernate.query.sqm.function.SqmFunctionRegistry - Registered SqmFunctionTemplate [NamedSqmFunctionTemplate(ascii)] under ascii; prior registration was null
10:24:15.992 [main] DEBUG org.hibernate.query.sqm.function.SqmFunctionRegistry - Registered SqmFunctionTemplate [NamedSqmFunctionTemplate(octet_length)] under octet_length; prior registration was NamedSqmFunctionTemplate(octet_length)
10:24:15.992 [main] DEBUG org.hibernate.query.sqm.function.SqmFunctionRegistry - Registered SqmFunctionTemplate [NamedSqmFunctionTemplate(space)] under space; prior registration was null
10:24:15.992 [main] DEBUG org.hibernate.query.sqm.function.SqmFunctionRegistry - Registered SqmFunctionTemplate [NamedSqmFunctionTemplate(repeat)] under repeat; prior registration was null
10:24:15.992 [main] DEBUG org.hibernate.query.sqm.function.SqmFunctionRegistry - Registered SqmFunctionTemplate [NamedSqmFunctionTemplate(char)] under char; prior registration was null
10:24:15.992 [main] DEBUG org.hibernate.query.sqm.function.SqmFunctionRegistry - Registering alternate key : chr -> char
10:24:15.992 [main] DEBUG org.hibernate.query.sqm.function.SqmFunctionRegistry - Registered SqmFunctionTemplate [NamedSqmFunctionTemplate(instr)] under instr; prior registration was null
10:24:15.992 [main] DEBUG org.hibernate.query.sqm.function.SqmFunctionRegistry - Registered SqmFunctionTemplate [NamedSqmFunctionTemplate(substr)] under substr; prior registration was null
10:24:15.992 [main] DEBUG org.hibernate.query.sqm.function.SqmFunctionRegistry - Registered SqmFunctionTemplate [org.hibernate.query.sqm.function.PatternBasedSqmFunctionDescriptor@23a06a6b] under position; prior registration was org.hibernate.dialect.function.LocatePositionEmulation@8262864
10:24:15.992 [main] DEBUG org.hibernate.query.sqm.function.SqmFunctionRegistry - Registered SqmFunctionTemplate [NamedSqmFunctionTemplate(ltrim)] under ltrim; prior registration was null
10:24:15.992 [main] DEBUG org.hibernate.query.sqm.function.SqmFunctionRegistry - Registered SqmFunctionTemplate [NamedSqmFunctionTemplate(rtrim)] under rtrim; prior registration was null
10:24:15.992 [main] DEBUG org.hibernate.query.sqm.function.SqmFunctionRegistry - Registered SqmFunctionTemplate [org.hibernate.query.sqm.function.PatternBasedSqmFunctionDescriptor@3d53669d] under concat; prior registration was NamedSqmFunctionTemplate(concat)
10:24:15.992 [main] DEBUG org.hibernate.query.sqm.function.SqmFunctionRegistry - Registered SqmFunctionTemplate [NamedSqmFunctionTemplate(curtime)] under curtime; prior registration was null
10:24:15.992 [main] DEBUG org.hibernate.query.sqm.function.SqmFunctionRegistry - Registered SqmFunctionTemplate [NamedSqmFunctionTemplate(curdate)] under curdate; prior registration was null
10:24:15.992 [main] DEBUG org.hibernate.query.sqm.function.SqmFunctionRegistry - Registered SqmFunctionTemplate [NamedSqmFunctionTemplate(now)] under now; prior registration was null
10:24:15.992 [main] DEBUG org.hibernate.query.sqm.function.SqmFunctionRegistry - Registered SqmFunctionTemplate [NamedSqmFunctionTemplate(sysdate)] under sysdate; prior registration was null
10:24:15.992 [main] DEBUG org.hibernate.query.sqm.function.SqmFunctionRegistry - Registered SqmFunctionTemplate [NamedSqmFunctionTemplate(insert)] under insert; prior registration was null
10:24:15.992 [main] DEBUG org.hibernate.query.sqm.function.SqmFunctionRegistry - Registered SqmFunctionTemplate [NamedSqmFunctionTemplate(bool_and)] under bool_and; prior registration was null
10:24:15.992 [main] DEBUG org.hibernate.query.sqm.function.SqmFunctionRegistry - Registering alternate key : every -> bool_and
10:24:15.992 [main] DEBUG org.hibernate.query.sqm.function.SqmFunctionRegistry - Registered SqmFunctionTemplate [NamedSqmFunctionTemplate(bool_or)] under bool_or; prior registration was null
10:24:15.992 [main] DEBUG org.hibernate.query.sqm.function.SqmFunctionRegistry - Registering alternate key : any -> bool_or
10:24:15.992 [main] DEBUG org.hibernate.query.sqm.function.SqmFunctionRegistry - Registered SqmFunctionTemplate [NamedSqmFunctionTemplate(median)] under median; prior registration was null
10:24:15.992 [main] DEBUG org.hibernate.query.sqm.function.SqmFunctionRegistry - Registered SqmFunctionTemplate [NamedSqmFunctionTemplate(stddev_pop)] under stddev_pop; prior registration was null
10:24:15.992 [main] DEBUG org.hibernate.query.sqm.function.SqmFunctionRegistry - Registered SqmFunctionTemplate [NamedSqmFunctionTemplate(stddev_samp)] under stddev_samp; prior registration was null
10:24:15.992 [main] DEBUG org.hibernate.query.sqm.function.SqmFunctionRegistry - Registered SqmFunctionTemplate [NamedSqmFunctionTemplate(var_pop)] under var_pop; prior registration was null
10:24:15.992 [main] DEBUG org.hibernate.query.sqm.function.SqmFunctionRegistry - Registered SqmFunctionTemplate [NamedSqmFunctionTemplate(var_samp)] under var_samp; prior registration was null
10:24:15.992 [main] DEBUG org.hibernate.query.sqm.function.SqmFunctionRegistry - Registered SqmFunctionTemplate [org.hibernate.dialect.function.FormatFunction@6d51fc7b] under format; prior registration was org.hibernate.dialect.function.FormatFunction@79cc2c7d
10:24:15.992 [main] DEBUG org.hibernate.query.sqm.function.SqmFunctionRegistry - Registered SqmFunctionTemplate [NamedSqmFunctionTemplate(rownum)] under rownum; prior registration was null
10:24:15.992 [main] DEBUG org.hibernate.query.sqm.function.SqmFunctionRegistry - Registered SqmFunctionTemplate [NamedSqmFunctionTemplate(row_number)] under row_number; prior registration was null
10:24:15.992 [main] DEBUG org.hibernate.query.sqm.function.SqmFunctionRegistry - Registered SqmFunctionTemplate [NamedSqmFunctionTemplate(lag)] under lag; prior registration was null
10:24:15.992 [main] DEBUG org.hibernate.query.sqm.function.SqmFunctionRegistry - Registered SqmFunctionTemplate [NamedSqmFunctionTemplate(lead)] under lead; prior registration was null
10:24:15.992 [main] DEBUG org.hibernate.query.sqm.function.SqmFunctionRegistry - Registered SqmFunctionTemplate [NamedSqmFunctionTemplate(first_value)] under first_value; prior registration was null
10:24:15.992 [main] DEBUG org.hibernate.query.sqm.function.SqmFunctionRegistry - Registered SqmFunctionTemplate [NamedSqmFunctionTemplate(last_value)] under last_value; prior registration was null
10:24:15.992 [main] DEBUG org.hibernate.query.sqm.function.SqmFunctionRegistry - Registered SqmFunctionTemplate [NamedSqmFunctionTemplate(nth_value)] under nth_value; prior registration was null
10:24:15.992 [main] DEBUG org.hibernate.query.sqm.function.SqmFunctionRegistry - Registered SqmFunctionTemplate [org.hibernate.dialect.function.ListaggFunction@20cf04c6] under listagg; prior registration was null
10:24:15.992 [main] DEBUG org.hibernate.query.sqm.function.SqmFunctionRegistry - Registered SqmFunctionTemplate [org.hibernate.dialect.function.InverseDistributionFunction@1cc186] under mode; prior registration was null
10:24:15.992 [main] DEBUG org.hibernate.query.sqm.function.SqmFunctionRegistry - Registered SqmFunctionTemplate [org.hibernate.dialect.function.InverseDistributionFunction@26dd2896] under percentile_cont; prior registration was null
10:24:15.992 [main] DEBUG org.hibernate.query.sqm.function.SqmFunctionRegistry - Registered SqmFunctionTemplate [org.hibernate.dialect.function.InverseDistributionFunction@440daa12] under percentile_disc; prior registration was null
10:24:15.992 [main] DEBUG org.hibernate.query.sqm.function.SqmFunctionRegistry - Registered SqmFunctionTemplate [org.hibernate.dialect.function.HypotheticalSetFunction@1cbc6f61] under rank; prior registration was null
10:24:15.992 [main] DEBUG org.hibernate.query.sqm.function.SqmFunctionRegistry - Registered SqmFunctionTemplate [org.hibernate.dialect.function.HypotheticalSetFunction@7a4a9d81] under dense_rank; prior registration was null
10:24:15.992 [main] DEBUG org.hibernate.query.sqm.function.SqmFunctionRegistry - Registered SqmFunctionTemplate [org.hibernate.dialect.function.HypotheticalSetFunction@359c93c6] under percent_rank; prior registration was null
10:24:15.992 [main] DEBUG org.hibernate.query.sqm.function.SqmFunctionRegistry - Registered SqmFunctionTemplate [org.hibernate.dialect.function.HypotheticalSetFunction@1c68f25d] under cume_dist; prior registration was null
10:24:15.992 [main] DEBUG org.hibernate.query.sqm.function.SqmFunctionRegistry - Registered SqmFunctionTemplate [org.hibernate.dialect.function.array.ArrayConstructorFunction@63d041d6] under array; prior registration was null
10:24:15.992 [main] DEBUG org.hibernate.query.sqm.function.SqmFunctionRegistry - Registered SqmFunctionTemplate [org.hibernate.dialect.function.array.ArrayConstructorFunction@4d586eb8] under array_list; prior registration was null
10:24:15.992 [main] DEBUG org.hibernate.query.sqm.function.SqmFunctionRegistry - Registered SqmFunctionTemplate [org.hibernate.dialect.function.array.ArrayAggFunction@1c8bd676] under array_agg; prior registration was null
10:24:15.992 [main] DEBUG org.hibernate.query.sqm.function.SqmFunctionRegistry - Registered SqmFunctionTemplate [org.hibernate.dialect.function.array.H2ArrayPositionFunction@47aa35a0] under array_position; prior registration was null
10:24:15.992 [main] DEBUG org.hibernate.query.sqm.function.SqmFunctionRegistry - Registered SqmFunctionTemplate [org.hibernate.dialect.function.array.H2ArrayPositionsFunction@283695a6] under array_positions; prior registration was null
10:24:15.992 [main] DEBUG org.hibernate.query.sqm.function.SqmFunctionRegistry - Registered SqmFunctionTemplate [org.hibernate.dialect.function.array.H2ArrayPositionsFunction@7cddf16c] under array_positions_list; prior registration was null
10:24:15.992 [main] DEBUG org.hibernate.query.sqm.function.SqmFunctionRegistry - Registered SqmFunctionTemplate [org.hibernate.query.sqm.function.PatternBasedSqmFunctionDescriptor@72d56a17] under array_length; prior registration was null
10:24:15.992 [main] DEBUG org.hibernate.query.sqm.function.SqmFunctionRegistry - Registered SqmFunctionTemplate [org.hibernate.dialect.function.array.ArrayConcatFunction@6e525a4e] under array_concat; prior registration was null
10:24:15.992 [main] DEBUG org.hibernate.query.sqm.function.SqmFunctionRegistry - Registered SqmFunctionTemplate [org.hibernate.dialect.function.array.ArrayConcatElementFunction@6267b06a] under array_prepend; prior registration was null
10:24:15.992 [main] DEBUG org.hibernate.query.sqm.function.SqmFunctionRegistry - Registered SqmFunctionTemplate [org.hibernate.dialect.function.array.ArrayConcatElementFunction@71a26bdb] under array_append; prior registration was null
10:24:15.992 [main] DEBUG org.hibernate.query.sqm.function.SqmFunctionRegistry - Registered SqmFunctionTemplate [org.hibernate.dialect.function.array.H2ArrayContainsFunction@28fe322a] under array_contains; prior registration was null
10:24:15.992 [main] DEBUG org.hibernate.query.sqm.function.SqmFunctionRegistry - Registered SqmFunctionTemplate [org.hibernate.dialect.function.array.H2ArrayContainsFunction@54828d51] under array_contains_nullable; prior registration was null
10:24:15.992 [main] DEBUG org.hibernate.query.sqm.function.SqmFunctionRegistry - Registered SqmFunctionTemplate [org.hibernate.dialect.function.array.H2ArrayOverlapsFunction@bb9834b] under array_overlaps; prior registration was null
10:24:15.992 [main] DEBUG org.hibernate.query.sqm.function.SqmFunctionRegistry - Registered SqmFunctionTemplate [org.hibernate.dialect.function.array.H2ArrayOverlapsFunction@6927dd54] under array_overlaps_nullable; prior registration was null
10:24:15.992 [main] DEBUG org.hibernate.query.sqm.function.SqmFunctionRegistry - Registered SqmFunctionTemplate [org.hibernate.query.sqm.function.PatternBasedSqmFunctionDescriptor@3011cd38] under array_get; prior registration was null
10:24:15.992 [main] DEBUG org.hibernate.query.sqm.function.SqmFunctionRegistry - Registered SqmFunctionTemplate [org.hibernate.dialect.function.array.H2ArraySetFunction@70b9366e] under array_set; prior registration was null
10:24:15.992 [main] DEBUG org.hibernate.query.sqm.function.SqmFunctionRegistry - Registered SqmFunctionTemplate [org.hibernate.dialect.function.array.H2ArrayRemoveFunction@375d50e9] under array_remove; prior registration was null
10:24:15.992 [main] DEBUG org.hibernate.query.sqm.function.SqmFunctionRegistry - Registered SqmFunctionTemplate [org.hibernate.dialect.function.array.H2ArrayRemoveIndexFunction@6047f62b] under array_remove_index; prior registration was null
10:24:15.992 [main] DEBUG org.hibernate.query.sqm.function.SqmFunctionRegistry - Registered SqmFunctionTemplate [org.hibernate.query.sqm.function.PatternBasedSqmFunctionDescriptor@5e018f16] under array_slice; prior registration was null
10:24:15.992 [main] DEBUG org.hibernate.query.sqm.function.SqmFunctionRegistry - Registered SqmFunctionTemplate [org.hibernate.dialect.function.array.H2ArrayReplaceFunction@6732c8fe] under array_replace; prior registration was null
10:24:15.992 [main] DEBUG org.hibernate.query.sqm.function.SqmFunctionRegistry - Registered SqmFunctionTemplate [org.hibernate.query.sqm.function.PatternBasedSqmFunctionDescriptor@3ab506e9] under array_trim; prior registration was null
10:24:15.992 [main] DEBUG org.hibernate.query.sqm.function.SqmFunctionRegistry - Registered SqmFunctionTemplate [org.hibernate.dialect.function.array.H2ArrayFillFunction@651c593a] under array_fill; prior registration was null
10:24:15.992 [main] DEBUG org.hibernate.query.sqm.function.SqmFunctionRegistry - Registered SqmFunctionTemplate [org.hibernate.dialect.function.array.H2ArrayFillFunction@373713b0] under array_fill_list; prior registration was null
10:24:15.992 [main] DEBUG org.hibernate.query.sqm.function.SqmFunctionRegistry - Registered SqmFunctionTemplate [org.hibernate.dialect.function.array.H2ArrayToStringFunction@46b35890] under array_to_string; prior registration was null
10:24:15.992 [main] DEBUG org.hibernate.HQL_FUNCTIONS - abs(NUMERIC arg)
10:24:15.992 [main] DEBUG org.hibernate.HQL_FUNCTIONS - Double acos(NUMERIC arg)
10:24:15.992 [main] DEBUG org.hibernate.HQL_FUNCTIONS - Boolean any(BOOLEAN predicate)
10:24:15.992 [main] DEBUG org.hibernate.HQL_FUNCTIONS - array( ... )
10:24:15.992 [main] DEBUG org.hibernate.HQL_FUNCTIONS - array_agg(arg)
10:24:15.993 [main] DEBUG org.hibernate.HQL_FUNCTIONS - array_append( ... )
10:24:15.993 [main] DEBUG org.hibernate.HQL_FUNCTIONS - array_concat( ... )
10:24:15.993 [main] DEBUG org.hibernate.HQL_FUNCTIONS - Boolean array_contains(ARRAY haystackArray, OBJECT needleElementOrArray)
10:24:15.993 [main] DEBUG org.hibernate.HQL_FUNCTIONS - Boolean array_contains_nullable(ARRAY haystackArray, OBJECT needleElementOrArray)
10:24:15.993 [main] DEBUG org.hibernate.HQL_FUNCTIONS - array_fill(OBJECT element, INTEGER elementCount)
10:24:15.993 [main] DEBUG org.hibernate.HQL_FUNCTIONS - array_fill_list(OBJECT element, INTEGER elementCount)
10:24:15.993 [main] DEBUG org.hibernate.HQL_FUNCTIONS - array_get(ARRAY array, INTEGER index)
10:24:15.993 [main] DEBUG org.hibernate.HQL_FUNCTIONS - Integer array_length(ARRAY array)
10:24:15.993 [main] DEBUG org.hibernate.HQL_FUNCTIONS - array_list( ... )
10:24:15.993 [main] DEBUG org.hibernate.HQL_FUNCTIONS - Boolean array_overlaps(ARRAY array0, OBJECT array1)
10:24:15.993 [main] DEBUG org.hibernate.HQL_FUNCTIONS - Boolean array_overlaps_nullable(ARRAY array0, OBJECT array1)
10:24:15.993 [main] DEBUG org.hibernate.HQL_FUNCTIONS - Integer array_position(ARRAY array, OBJECT element[, INTEGER startPosition])
10:24:15.993 [main] DEBUG org.hibernate.HQL_FUNCTIONS - int[] array_positions(ARRAY array, OBJECT element)
10:24:15.993 [main] DEBUG org.hibernate.HQL_FUNCTIONS - List array_positions_list(ARRAY array, OBJECT element)
10:24:15.993 [main] DEBUG org.hibernate.HQL_FUNCTIONS - array_prepend( ... )
10:24:15.993 [main] DEBUG org.hibernate.HQL_FUNCTIONS - array_remove( ... )
10:24:15.993 [main] DEBUG org.hibernate.HQL_FUNCTIONS - array_remove_index( ... )
10:24:15.993 [main] DEBUG org.hibernate.HQL_FUNCTIONS - array_replace( ... )
10:24:15.993 [main] DEBUG org.hibernate.HQL_FUNCTIONS - array_set( ... )
10:24:15.993 [main] DEBUG org.hibernate.HQL_FUNCTIONS - array_slice(ARRAY array, INTEGER start, INTEGER end)
10:24:15.993 [main] DEBUG org.hibernate.HQL_FUNCTIONS - String array_to_string( ... )
10:24:15.993 [main] DEBUG org.hibernate.HQL_FUNCTIONS - array_trim(ARRAY array, INTEGER elementsToRemove)
10:24:15.993 [main] DEBUG org.hibernate.HQL_FUNCTIONS - Integer ascii(STRING arg)
10:24:15.993 [main] DEBUG org.hibernate.HQL_FUNCTIONS - Double asin(NUMERIC arg)
10:24:15.993 [main] DEBUG org.hibernate.HQL_FUNCTIONS - Double atan(NUMERIC arg)
10:24:15.993 [main] DEBUG org.hibernate.HQL_FUNCTIONS - Double atan2(NUMERIC arg0, NUMERIC arg1)
10:24:15.993 [main] DEBUG org.hibernate.HQL_FUNCTIONS - avg(NUMERIC arg)
10:24:15.993 [main] DEBUG org.hibernate.HQL_FUNCTIONS - bit_and(arg)
10:24:15.993 [main] DEBUG org.hibernate.HQL_FUNCTIONS - Integer bit_length(STRING_OR_CLOB arg)
10:24:15.993 [main] DEBUG org.hibernate.HQL_FUNCTIONS - bit_or(arg)
10:24:15.993 [main] DEBUG org.hibernate.HQL_FUNCTIONS - bitand(arg0, arg1)
10:24:15.993 [main] DEBUG org.hibernate.HQL_FUNCTIONS - bitnot(arg)
10:24:15.993 [main] DEBUG org.hibernate.HQL_FUNCTIONS - bitor(arg0, arg1)
10:24:15.993 [main] DEBUG org.hibernate.HQL_FUNCTIONS - bitxor(arg0, arg1)
10:24:15.993 [main] DEBUG org.hibernate.HQL_FUNCTIONS - Boolean bool_and(BOOLEAN predicate)
10:24:15.993 [main] DEBUG org.hibernate.HQL_FUNCTIONS - Boolean bool_or(BOOLEAN predicate)
10:24:15.993 [main] DEBUG org.hibernate.HQL_FUNCTIONS - cast(arg as Type)
10:24:15.993 [main] DEBUG org.hibernate.HQL_FUNCTIONS - ceiling(NUMERIC arg)
10:24:15.993 [main] DEBUG org.hibernate.HQL_FUNCTIONS - Character char(INTEGER arg)
10:24:15.993 [main] DEBUG org.hibernate.HQL_FUNCTIONS - Integer character_length(STRING_OR_CLOB arg)
10:24:15.993 [main] DEBUG org.hibernate.HQL_FUNCTIONS - Character chr(INTEGER arg)
10:24:15.993 [main] DEBUG org.hibernate.HQL_FUNCTIONS - coalesce(arg0[, arg1[, ...]])
10:24:15.993 [main] DEBUG org.hibernate.HQL_FUNCTIONS - String collate(STRING string as COLLATION collation)
10:24:15.993 [main] DEBUG org.hibernate.HQL_FUNCTIONS - String concat(STRING string0[, STRING string1[, ...]])
10:24:15.993 [main] DEBUG org.hibernate.HQL_FUNCTIONS - Double cos(NUMERIC arg)
10:24:15.993 [main] DEBUG org.hibernate.HQL_FUNCTIONS - Double cosh(NUMERIC arg)
10:24:15.993 [main] DEBUG org.hibernate.HQL_FUNCTIONS - Double cot(NUMERIC arg)
10:24:15.993 [main] DEBUG org.hibernate.HQL_FUNCTIONS - Long count([distinct ]{arg|*})
10:24:15.993 [main] DEBUG org.hibernate.HQL_FUNCTIONS - Double cume_dist([arg0[, ...]])
10:24:15.993 [main] DEBUG org.hibernate.HQL_FUNCTIONS - Date curdate()
10:24:15.993 [main] DEBUG org.hibernate.HQL_FUNCTIONS - Date current date
10:24:15.993 [main] DEBUG org.hibernate.HQL_FUNCTIONS - Time current time
10:24:15.993 [main] DEBUG org.hibernate.HQL_FUNCTIONS - Timestamp current timestamp
10:24:15.993 [main] DEBUG org.hibernate.HQL_FUNCTIONS - Date current_date
10:24:15.993 [main] DEBUG org.hibernate.HQL_FUNCTIONS - Instant current_instant
10:24:15.993 [main] DEBUG org.hibernate.HQL_FUNCTIONS - Time current_time
10:24:15.993 [main] DEBUG org.hibernate.HQL_FUNCTIONS - Timestamp current_timestamp
10:24:15.993 [main] DEBUG org.hibernate.HQL_FUNCTIONS - Time curtime()
10:24:15.993 [main] DEBUG org.hibernate.HQL_FUNCTIONS - date_trunc(STRING field, TEMPORAL datetime)
10:24:15.993 [main] DEBUG org.hibernate.HQL_FUNCTIONS - dateadd(TEMPORAL_UNIT field, INTEGER magnitude, TEMPORAL datetime)
10:24:15.993 [main] DEBUG org.hibernate.HQL_FUNCTIONS - Long|Double datediff(TEMPORAL_UNIT field, TEMPORAL start, TEMPORAL end)
10:24:15.993 [main] DEBUG org.hibernate.HQL_FUNCTIONS - Integer day(DATE arg)
10:24:15.993 [main] DEBUG org.hibernate.HQL_FUNCTIONS - Integer day_of_month(DATE arg)
10:24:15.993 [main] DEBUG org.hibernate.HQL_FUNCTIONS - Integer day_of_week(DATE arg)
10:24:15.993 [main] DEBUG org.hibernate.HQL_FUNCTIONS - Integer day_of_year(DATE arg)
10:24:15.993 [main] DEBUG org.hibernate.HQL_FUNCTIONS - String dayname(DATE arg)
10:24:15.993 [main] DEBUG org.hibernate.HQL_FUNCTIONS - Double degrees(NUMERIC arg)
10:24:15.993 [main] DEBUG org.hibernate.HQL_FUNCTIONS - Long dense_rank([arg0[, ...]])
10:24:15.993 [main] DEBUG org.hibernate.HQL_FUNCTIONS - Boolean every(BOOLEAN predicate)
10:24:15.993 [main] DEBUG org.hibernate.HQL_FUNCTIONS - Double exp(NUMERIC arg)
10:24:15.993 [main] DEBUG org.hibernate.HQL_FUNCTIONS - extract(TEMPORAL_UNIT field from TEMPORAL arg)
10:24:15.993 [main] DEBUG org.hibernate.HQL_FUNCTIONS - first_valueANY value
10:24:15.993 [main] DEBUG org.hibernate.HQL_FUNCTIONS - floor(NUMERIC arg)
10:24:15.993 [main] DEBUG org.hibernate.HQL_FUNCTIONS - String format(TEMPORAL datetime as STRING pattern)
10:24:15.993 [main] DEBUG org.hibernate.HQL_FUNCTIONS - greatest(COMPARABLE arg0, COMPARABLE arg1[, arg2[, ...]])
10:24:15.993 [main] DEBUG org.hibernate.HQL_FUNCTIONS - Integer hour(TIME arg)
10:24:15.993 [main] DEBUG org.hibernate.HQL_FUNCTIONS - ifnull(arg0, arg1)
10:24:15.993 [main] DEBUG org.hibernate.HQL_FUNCTIONS - String insert(STRING string, INTEGER start, INTEGER length, STRING replacement)
10:24:15.993 [main] DEBUG org.hibernate.HQL_FUNCTIONS - Instant instant
10:24:15.993 [main] DEBUG org.hibernate.HQL_FUNCTIONS - Integer instr(STRING string, STRING pattern[, INTEGER start[, INTEGER occurrence]])
10:24:15.993 [main] DEBUG org.hibernate.HQL_FUNCTIONS - lagANY value[, INTEGER offset[, ANY default]]
10:24:15.993 [main] DEBUG org.hibernate.HQL_FUNCTIONS - last_valueANY value
10:24:15.993 [main] DEBUG org.hibernate.HQL_FUNCTIONS - leadANY value[, INTEGER offset[, ANY default]]
10:24:15.993 [main] DEBUG org.hibernate.HQL_FUNCTIONS - least(COMPARABLE arg0, COMPARABLE arg1[, arg2[, ...]])
10:24:15.993 [main] DEBUG org.hibernate.HQL_FUNCTIONS - String left(STRING string, INTEGER length)
10:24:15.993 [main] DEBUG org.hibernate.HQL_FUNCTIONS - Integer length(STRING_OR_CLOB arg)
10:24:15.993 [main] DEBUG org.hibernate.HQL_FUNCTIONS - String listagg(STRING arg0, STRING arg1)
10:24:15.993 [main] DEBUG org.hibernate.HQL_FUNCTIONS - Double ln(NUMERIC arg)
10:24:15.993 [main] DEBUG org.hibernate.HQL_FUNCTIONS - LocalDate local date
10:24:15.993 [main] DEBUG org.hibernate.HQL_FUNCTIONS - LocalDateTime local datetime
10:24:15.993 [main] DEBUG org.hibernate.HQL_FUNCTIONS - LocalTime local time
10:24:15.993 [main] DEBUG org.hibernate.HQL_FUNCTIONS - LocalDate local_date
10:24:15.993 [main] DEBUG org.hibernate.HQL_FUNCTIONS - LocalDateTime local_datetime
10:24:15.993 [main] DEBUG org.hibernate.HQL_FUNCTIONS - LocalTime local_time
10:24:15.993 [main] DEBUG org.hibernate.HQL_FUNCTIONS - Time localtime
10:24:15.993 [main] DEBUG org.hibernate.HQL_FUNCTIONS - Timestamp localtimestamp
10:24:15.993 [main] DEBUG org.hibernate.HQL_FUNCTIONS - Integer locate(STRING pattern, STRING string[, INTEGER start])
10:24:15.993 [main] DEBUG org.hibernate.HQL_FUNCTIONS - Double log(NUMERIC base, NUMERIC arg)
10:24:15.993 [main] DEBUG org.hibernate.HQL_FUNCTIONS - Double log10(NUMERIC arg)
10:24:15.993 [main] DEBUG org.hibernate.HQL_FUNCTIONS - String lower(STRING string)
10:24:15.993 [main] DEBUG org.hibernate.HQL_FUNCTIONS - String lpad(STRING string, INTEGER length[, STRING padding])
10:24:15.993 [main] DEBUG org.hibernate.HQL_FUNCTIONS - String ltrim(STRING string)
10:24:15.993 [main] DEBUG org.hibernate.HQL_FUNCTIONS - max(COMPARABLE arg)
10:24:15.993 [main] DEBUG org.hibernate.HQL_FUNCTIONS - Double median(NUMERIC arg)
10:24:15.993 [main] DEBUG org.hibernate.HQL_FUNCTIONS - Integer microsecond(TIME arg)
10:24:15.993 [main] DEBUG org.hibernate.HQL_FUNCTIONS - min(COMPARABLE arg)
10:24:15.993 [main] DEBUG org.hibernate.HQL_FUNCTIONS - Integer minute(TIME arg)
10:24:15.993 [main] DEBUG org.hibernate.HQL_FUNCTIONS - Integer mod(INTEGER arg0, INTEGER arg1)
10:24:15.993 [main] DEBUG org.hibernate.HQL_FUNCTIONS - mode()
10:24:15.993 [main] DEBUG org.hibernate.HQL_FUNCTIONS - Integer month(DATE arg)
10:24:15.993 [main] DEBUG org.hibernate.HQL_FUNCTIONS - String monthname(DATE arg)
10:24:15.993 [main] DEBUG org.hibernate.HQL_FUNCTIONS - Timestamp now()
10:24:15.993 [main] DEBUG org.hibernate.HQL_FUNCTIONS - nth_valueANY value, INTEGER nth
10:24:15.993 [main] DEBUG org.hibernate.HQL_FUNCTIONS - nullif(arg0, arg1)
10:24:15.993 [main] DEBUG org.hibernate.HQL_FUNCTIONS - Integer octet_length(STRING_OR_CLOB arg)
10:24:15.993 [main] DEBUG org.hibernate.HQL_FUNCTIONS - OffsetDateTime offset datetime
10:24:15.993 [main] DEBUG org.hibernate.HQL_FUNCTIONS - OffsetDateTime offset_datetime
10:24:15.993 [main] DEBUG org.hibernate.HQL_FUNCTIONS - String overlay(STRING string placing STRING replacement from INTEGER start[ for INTEGER length])
10:24:15.993 [main] DEBUG org.hibernate.HQL_FUNCTIONS - String pad(STRING string with INTEGER length {leading|trailing}[ STRING character])
10:24:15.993 [main] DEBUG org.hibernate.HQL_FUNCTIONS - Double percent_rank([arg0[, ...]])
10:24:15.993 [main] DEBUG org.hibernate.HQL_FUNCTIONS - percentile_cont(NUMERIC arg)
10:24:15.993 [main] DEBUG org.hibernate.HQL_FUNCTIONS - percentile_disc(NUMERIC arg)
10:24:15.993 [main] DEBUG org.hibernate.HQL_FUNCTIONS - Double pi
10:24:15.993 [main] DEBUG org.hibernate.HQL_FUNCTIONS - Integer position(STRING pattern in STRING string)
10:24:15.993 [main] DEBUG org.hibernate.HQL_FUNCTIONS - Double power(NUMERIC arg0, NUMERIC arg1)
10:24:15.993 [main] DEBUG org.hibernate.HQL_FUNCTIONS - Integer quarter(DATE arg)
10:24:15.993 [main] DEBUG org.hibernate.HQL_FUNCTIONS - Double radians(NUMERIC arg)
10:24:15.993 [main] DEBUG org.hibernate.HQL_FUNCTIONS - Double rand([INTEGER seed])
10:24:15.993 [main] DEBUG org.hibernate.HQL_FUNCTIONS - Long rank([arg0[, ...]])
10:24:15.993 [main] DEBUG org.hibernate.HQL_FUNCTIONS - String repeat(STRING string, INTEGER times)
10:24:15.993 [main] DEBUG org.hibernate.HQL_FUNCTIONS - String replace(STRING string, STRING pattern, STRING replacement)
10:24:15.993 [main] DEBUG org.hibernate.HQL_FUNCTIONS - String right(STRING string, INTEGER length)
10:24:15.993 [main] DEBUG org.hibernate.HQL_FUNCTIONS - round(NUMERIC number[, INTEGER places])
10:24:15.993 [main] DEBUG org.hibernate.HQL_FUNCTIONS - Long row_number()
10:24:15.993 [main] DEBUG org.hibernate.HQL_FUNCTIONS - Long rownum()
10:24:15.993 [main] DEBUG org.hibernate.HQL_FUNCTIONS - String rpad(STRING string, INTEGER length[, STRING padding])
10:24:15.993 [main] DEBUG org.hibernate.HQL_FUNCTIONS - String rtrim(STRING string)
10:24:15.993 [main] DEBUG org.hibernate.HQL_FUNCTIONS - Integer second(TIME arg)
10:24:15.993 [main] DEBUG org.hibernate.HQL_FUNCTIONS - Integer sign(NUMERIC arg)
10:24:15.993 [main] DEBUG org.hibernate.HQL_FUNCTIONS - Double sin(NUMERIC arg)
10:24:15.993 [main] DEBUG org.hibernate.HQL_FUNCTIONS - Double sinh(NUMERIC arg)
10:24:15.993 [main] DEBUG org.hibernate.HQL_FUNCTIONS - String soundex(arg)
10:24:15.993 [main] DEBUG org.hibernate.HQL_FUNCTIONS - String space(INTEGER arg)
10:24:15.993 [main] DEBUG org.hibernate.HQL_FUNCTIONS - Object sql
10:24:15.993 [main] DEBUG org.hibernate.HQL_FUNCTIONS - Double sqrt(NUMERIC arg)
10:24:15.993 [main] DEBUG org.hibernate.HQL_FUNCTIONS - Double stddev_pop(NUMERIC arg)
10:24:15.993 [main] DEBUG org.hibernate.HQL_FUNCTIONS - Double stddev_samp(NUMERIC arg)
10:24:15.993 [main] DEBUG org.hibernate.HQL_FUNCTIONS - String str(arg)
10:24:15.993 [main] DEBUG org.hibernate.HQL_FUNCTIONS - String substr(STRING string, INTEGER start[, INTEGER length])
10:24:15.993 [main] DEBUG org.hibernate.HQL_FUNCTIONS - String substring(STRING string{ from|,} INTEGER start[{ for|,} INTEGER length])
10:24:15.993 [main] DEBUG org.hibernate.HQL_FUNCTIONS - sum(arg)
10:24:15.993 [main] DEBUG org.hibernate.HQL_FUNCTIONS - Timestamp sysdate
10:24:15.993 [main] DEBUG org.hibernate.HQL_FUNCTIONS - Double tan(NUMERIC arg)
10:24:15.993 [main] DEBUG org.hibernate.HQL_FUNCTIONS - Double tanh(NUMERIC arg)
10:24:15.993 [main] DEBUG org.hibernate.HQL_FUNCTIONS - timestampadd(TEMPORAL_UNIT field, INTEGER magnitude, TEMPORAL datetime)
10:24:15.993 [main] DEBUG org.hibernate.HQL_FUNCTIONS - Long|Double timestampdiff(TEMPORAL_UNIT field, TEMPORAL start, TEMPORAL end)
10:24:15.993 [main] DEBUG org.hibernate.HQL_FUNCTIONS - String translate(STRING arg0, STRING arg1, STRING arg2)
10:24:15.993 [main] DEBUG org.hibernate.HQL_FUNCTIONS - String trim([[{leading|trailing|both} ][STRING arg0 ]from] STRING arg1)
10:24:15.993 [main] DEBUG org.hibernate.HQL_FUNCTIONS - trunc( ... )
10:24:15.993 [main] DEBUG org.hibernate.HQL_FUNCTIONS - truncate( ... )
10:24:15.993 [main] DEBUG org.hibernate.HQL_FUNCTIONS - String upper(STRING string)
10:24:15.993 [main] DEBUG org.hibernate.HQL_FUNCTIONS - Double var_pop(NUMERIC arg)
10:24:15.993 [main] DEBUG org.hibernate.HQL_FUNCTIONS - Double var_samp(NUMERIC arg)
10:24:15.993 [main] DEBUG org.hibernate.HQL_FUNCTIONS - Integer week(DATE arg)
10:24:15.993 [main] DEBUG org.hibernate.HQL_FUNCTIONS - Integer year(DATE arg)
10:24:15.993 [main] DEBUG org.hibernate.orm.query.plan.cache - Starting QueryInterpretationCache(2048)
10:24:15.993 [main] DEBUG org.hibernate.service.internal.SessionFactoryServiceRegistryImpl - EventListenerRegistry access via ServiceRegistry is deprecated.  Use `sessionFactory.getEventEngine().getListenerRegistry()` instead
10:24:15.993 [main] DEBUG org.hibernate.event.internal.EntityCopyObserverFactoryInitiator - Configured EntityCopyObserver strategy: disallow
10:24:15.994 [main] DEBUG org.hibernate.boot.internal.ClassLoaderAccessImpl - Not known whether passed class name [org.frcpm.models.Attendance] is safe
10:24:15.994 [main] DEBUG org.hibernate.boot.internal.ClassLoaderAccessImpl - No temp ClassLoader provided; using live ClassLoader for loading potentially unsafe class : org.frcpm.models.Attendance
10:24:16.000 [main] DEBUG org.hibernate.bytecode.internal.bytebuddy.BytecodeProviderImpl - HHH000513: Unable to create the ReflectionOptimizer for [org.frcpm.models.Attendance]: private accessor [arrivalTime]
10:24:16.001 [main] DEBUG org.hibernate.boot.internal.ClassLoaderAccessImpl - Not known whether passed class name [org.frcpm.models.Meeting] is safe
10:24:16.001 [main] DEBUG org.hibernate.boot.internal.ClassLoaderAccessImpl - No temp ClassLoader provided; using live ClassLoader for loading potentially unsafe class : org.frcpm.models.Meeting
10:24:16.003 [main] DEBUG org.hibernate.bytecode.internal.bytebuddy.BytecodeProviderImpl - HHH000513: Unable to create the ReflectionOptimizer for [org.frcpm.models.Meeting]: private accessor [attendances]
10:24:16.004 [main] DEBUG org.hibernate.boot.internal.ClassLoaderAccessImpl - Not known whether passed class name [org.frcpm.models.Subsystem] is safe
10:24:16.004 [main] DEBUG org.hibernate.boot.internal.ClassLoaderAccessImpl - No temp ClassLoader provided; using live ClassLoader for loading potentially unsafe class : org.frcpm.models.Subsystem
10:24:16.014 [main] DEBUG org.hibernate.bytecode.internal.bytebuddy.BytecodeProviderImpl - HHH000513: Unable to create the ReflectionOptimizer for [org.frcpm.models.Subsystem]: private accessor [description]
10:24:16.015 [main] DEBUG org.hibernate.boot.internal.ClassLoaderAccessImpl - Not known whether passed class name [org.frcpm.models.Component] is safe
10:24:16.015 [main] DEBUG org.hibernate.boot.internal.ClassLoaderAccessImpl - No temp ClassLoader provided; using live ClassLoader for loading potentially unsafe class : org.frcpm.models.Component
10:24:16.020 [main] DEBUG org.hibernate.bytecode.internal.bytebuddy.BytecodeProviderImpl - HHH000513: Unable to create the ReflectionOptimizer for [org.frcpm.models.Component]: private accessor [actualDelivery]
10:24:16.021 [main] DEBUG org.hibernate.boot.internal.ClassLoaderAccessImpl - Not known whether passed class name [org.frcpm.models.Milestone] is safe
10:24:16.021 [main] DEBUG org.hibernate.boot.internal.ClassLoaderAccessImpl - No temp ClassLoader provided; using live ClassLoader for loading potentially unsafe class : org.frcpm.models.Milestone
10:24:16.026 [main] DEBUG org.hibernate.bytecode.internal.bytebuddy.BytecodeProviderImpl - HHH000513: Unable to create the ReflectionOptimizer for [org.frcpm.models.Milestone]: private accessor [date]
10:24:16.027 [main] DEBUG org.hibernate.boot.internal.ClassLoaderAccessImpl - Not known whether passed class name [org.frcpm.models.Project] is safe
10:24:16.027 [main] DEBUG org.hibernate.boot.internal.ClassLoaderAccessImpl - No temp ClassLoader provided; using live ClassLoader for loading potentially unsafe class : org.frcpm.models.Project
10:24:16.035 [main] DEBUG org.hibernate.bytecode.internal.bytebuddy.BytecodeProviderImpl - HHH000513: Unable to create the ReflectionOptimizer for [org.frcpm.models.Project]: private accessor [description]
10:24:16.035 [main] DEBUG org.hibernate.boot.internal.ClassLoaderAccessImpl - Not known whether passed class name [org.frcpm.models.Subteam] is safe
10:24:16.035 [main] DEBUG org.hibernate.boot.internal.ClassLoaderAccessImpl - No temp ClassLoader provided; using live ClassLoader for loading potentially unsafe class : org.frcpm.models.Subteam
10:24:16.040 [main] DEBUG org.hibernate.bytecode.internal.bytebuddy.BytecodeProviderImpl - HHH000513: Unable to create the ReflectionOptimizer for [org.frcpm.models.Subteam]: private accessor [colorCode]
10:24:16.040 [main] DEBUG org.hibernate.boot.internal.ClassLoaderAccessImpl - Not known whether passed class name [org.frcpm.models.Task] is safe
10:24:16.040 [main] DEBUG org.hibernate.boot.internal.ClassLoaderAccessImpl - No temp ClassLoader provided; using live ClassLoader for loading potentially unsafe class : org.frcpm.models.Task
10:24:16.046 [FRC-PM-HikariCP housekeeper] DEBUG com.zaxxer.hikari.pool.HikariPool - FRC-PM-HikariCP - Before cleanup stats (total=1, active=0, idle=1, waiting=0)
10:24:16.046 [FRC-PM-HikariCP housekeeper] DEBUG com.zaxxer.hikari.pool.HikariPool - FRC-PM-HikariCP - After cleanup  stats (total=1, active=0, idle=1, waiting=0)
10:24:16.050 [FRC-PM-HikariCP connection adder] DEBUG com.zaxxer.hikari.pool.HikariPool - FRC-PM-HikariCP - Added connection conn19: url=jdbc:h2:file:C:\Users\dhiebert\.frcpm\frcpm user=SA
10:24:16.051 [main] DEBUG org.hibernate.bytecode.internal.bytebuddy.BytecodeProviderImpl - HHH000513: Unable to create the ReflectionOptimizer for [org.frcpm.models.Task]: private accessor [actualDurationSeconds]
10:24:16.051 [main] DEBUG org.hibernate.boot.internal.ClassLoaderAccessImpl - Not known whether passed class name [org.frcpm.models.TeamMember] is safe
10:24:16.051 [main] DEBUG org.hibernate.boot.internal.ClassLoaderAccessImpl - No temp ClassLoader provided; using live ClassLoader for loading potentially unsafe class : org.frcpm.models.TeamMember
10:24:16.055 [main] DEBUG org.hibernate.bytecode.internal.bytebuddy.BytecodeProviderImpl - HHH000513: Unable to create the ReflectionOptimizer for [org.frcpm.models.TeamMember]: private accessor [assignedTasks]
10:24:16.056 [main] DEBUG org.hibernate.orm.jdbc.mutation - Skipping collection row updates - org.frcpm.models.Task.assignedTo
10:24:16.056 [main] DEBUG org.hibernate.orm.jdbc.mutation - Skipping collection (re)creation - org.frcpm.models.Subsystem.tasks
10:24:16.056 [main] DEBUG org.hibernate.orm.jdbc.mutation - Skipping collection row deletions - org.frcpm.models.Subsystem.tasks
10:24:16.056 [main] DEBUG org.hibernate.orm.jdbc.mutation - Skipping collection removals - org.frcpm.models.Subsystem.tasks
10:24:16.056 [main] DEBUG org.hibernate.orm.jdbc.mutation - Skipping collection (re)creation - org.frcpm.models.Subteam.members
10:24:16.056 [main] DEBUG org.hibernate.orm.jdbc.mutation - Skipping collection row deletions - org.frcpm.models.Subteam.members
10:24:16.056 [main] DEBUG org.hibernate.orm.jdbc.mutation - Skipping collection removals - org.frcpm.models.Subteam.members
10:24:16.056 [main] DEBUG org.hibernate.orm.jdbc.mutation - Skipping collection (re)creation - org.frcpm.models.TeamMember.attendances
10:24:16.056 [main] DEBUG org.hibernate.orm.jdbc.mutation - Skipping collection row deletions - org.frcpm.models.TeamMember.attendances
10:24:16.056 [main] DEBUG org.hibernate.orm.jdbc.mutation - Skipping collection removals - org.frcpm.models.TeamMember.attendances
10:24:16.056 [main] DEBUG org.hibernate.orm.jdbc.mutation - Skipping collection row updates - org.frcpm.models.Task.requiredComponents
10:24:16.056 [main] DEBUG org.hibernate.orm.jdbc.mutation - Skipping collection (re)creation - org.frcpm.models.Subteam.subsystems
10:24:16.056 [main] DEBUG org.hibernate.orm.jdbc.mutation - Skipping collection row deletions - org.frcpm.models.Subteam.subsystems
10:24:16.056 [main] DEBUG org.hibernate.orm.jdbc.mutation - Skipping collection removals - org.frcpm.models.Subteam.subsystems
10:24:16.057 [main] DEBUG org.hibernate.orm.jdbc.mutation - Skipping collection row updates - org.frcpm.models.Task.preDependencies
10:24:16.057 [main] DEBUG org.hibernate.orm.jdbc.mutation - Skipping collection (re)creation - org.frcpm.models.Project.milestones
10:24:16.057 [main] DEBUG org.hibernate.orm.jdbc.mutation - Skipping collection row deletions - org.frcpm.models.Project.milestones
10:24:16.057 [main] DEBUG org.hibernate.orm.jdbc.mutation - Skipping collection removals - org.frcpm.models.Project.milestones
10:24:16.057 [main] DEBUG org.hibernate.orm.jdbc.mutation - Skipping collection inserts - org.frcpm.models.Component.requiredForTasks
10:24:16.057 [main] DEBUG org.hibernate.orm.jdbc.mutation - Skipping collection row updates - org.frcpm.models.Component.requiredForTasks
10:24:16.057 [main] DEBUG org.hibernate.orm.jdbc.mutation - Skipping collection row deletions - org.frcpm.models.Component.requiredForTasks
10:24:16.057 [main] DEBUG org.hibernate.orm.jdbc.mutation - Skipping collection removals - org.frcpm.models.Component.requiredForTasks
10:24:16.057 [main] DEBUG org.hibernate.orm.jdbc.mutation - Skipping collection (re)creation - org.frcpm.models.Project.meetings
10:24:16.057 [main] DEBUG org.hibernate.orm.jdbc.mutation - Skipping collection row deletions - org.frcpm.models.Project.meetings
10:24:16.057 [main] DEBUG org.hibernate.orm.jdbc.mutation - Skipping collection removals - org.frcpm.models.Project.meetings
10:24:16.057 [main] DEBUG org.hibernate.orm.jdbc.mutation - Skipping collection inserts - org.frcpm.models.TeamMember.assignedTasks
10:24:16.057 [main] DEBUG org.hibernate.orm.jdbc.mutation - Skipping collection row updates - org.frcpm.models.TeamMember.assignedTasks
10:24:16.057 [main] DEBUG org.hibernate.orm.jdbc.mutation - Skipping collection row deletions - org.frcpm.models.TeamMember.assignedTasks
10:24:16.057 [main] DEBUG org.hibernate.orm.jdbc.mutation - Skipping collection removals - org.frcpm.models.TeamMember.assignedTasks
10:24:16.057 [main] DEBUG org.hibernate.orm.jdbc.mutation - Skipping collection (re)creation - org.frcpm.models.Meeting.attendances
10:24:16.057 [main] DEBUG org.hibernate.orm.jdbc.mutation - Skipping collection row deletions - org.frcpm.models.Meeting.attendances
10:24:16.057 [main] DEBUG org.hibernate.orm.jdbc.mutation - Skipping collection removals - org.frcpm.models.Meeting.attendances
10:24:16.057 [main] DEBUG org.hibernate.orm.jdbc.mutation - Skipping collection inserts - org.frcpm.models.Task.postDependencies
10:24:16.057 [main] DEBUG org.hibernate.orm.jdbc.mutation - Skipping collection row updates - org.frcpm.models.Task.postDependencies
10:24:16.057 [main] DEBUG org.hibernate.orm.jdbc.mutation - Skipping collection row deletions - org.frcpm.models.Task.postDependencies
10:24:16.057 [main] DEBUG org.hibernate.orm.jdbc.mutation - Skipping collection removals - org.frcpm.models.Task.postDependencies
10:24:16.057 [main] DEBUG org.hibernate.orm.jdbc.mutation - Skipping collection (re)creation - org.frcpm.models.Project.tasks
10:24:16.057 [main] DEBUG org.hibernate.orm.jdbc.mutation - Skipping collection row deletions - org.frcpm.models.Project.tasks
10:24:16.057 [main] DEBUG org.hibernate.orm.jdbc.mutation - Skipping collection removals - org.frcpm.models.Project.tasks
10:24:16.058 [main] DEBUG org.hibernate.orm.model.mapping.creation - Starting post-init callbacks
10:24:16.058 [main] DEBUG org.hibernate.orm.model.mapping.creation - Starting PostInitCallbackEntry : To-one key - NavigableRole[org.frcpm.models.Attendance.meeting]
10:24:16.058 [main] DEBUG org.hibernate.orm.model.mapping.creation - Starting PostInitCallbackEntry : To-one key - NavigableRole[org.frcpm.models.Attendance.member]
10:24:16.058 [main] DEBUG org.hibernate.orm.model.mapping.creation - Starting PostInitCallbackEntry : Entity(org.frcpm.models.Attendance) `staticFetchableList` generator
10:24:16.058 [main] DEBUG org.hibernate.orm.model.mapping.creation - Starting PostInitCallbackEntry : PluralAttributeMapping( NavigableRole[org.frcpm.models.Meeting.attendances#{element}]) - element descriptor
10:24:16.058 [main] DEBUG org.hibernate.orm.model.mapping.creation - Starting PostInitCallbackEntry : PluralAttributeMapping(org.frcpm.models.Meeting.attendances)#finishInitialization
10:24:16.058 [main] DEBUG org.hibernate.orm.model.mapping.creation - Starting PostInitCallbackEntry : PluralAttributeMapping(org.frcpm.models.Meeting.attendances) - key descriptor
10:24:16.058 [main] DEBUG org.hibernate.orm.model.mapping.creation - Starting PostInitCallbackEntry : To-one key - NavigableRole[org.frcpm.models.Meeting.project]
10:24:16.058 [main] DEBUG org.hibernate.orm.model.mapping.creation - Starting PostInitCallbackEntry : Entity(org.frcpm.models.Meeting) `staticFetchableList` generator
10:24:16.058 [main] DEBUG org.hibernate.orm.model.mapping.creation - Starting PostInitCallbackEntry : To-one key - NavigableRole[org.frcpm.models.Subsystem.responsibleSubteam]
10:24:16.058 [main] DEBUG org.hibernate.orm.model.mapping.creation - Starting PostInitCallbackEntry : PluralAttributeMapping( NavigableRole[org.frcpm.models.Subsystem.tasks#{element}]) - element descriptor
10:24:16.058 [main] DEBUG org.hibernate.orm.model.mapping.creation - Starting PostInitCallbackEntry : PluralAttributeMapping(org.frcpm.models.Subsystem.tasks)#finishInitialization
10:24:16.058 [main] DEBUG org.hibernate.orm.model.mapping.creation - Starting PostInitCallbackEntry : PluralAttributeMapping(org.frcpm.models.Subsystem.tasks) - key descriptor
10:24:16.058 [main] DEBUG org.hibernate.orm.model.mapping.creation - Starting PostInitCallbackEntry : Entity(org.frcpm.models.Subsystem) `staticFetchableList` generator
10:24:16.058 [main] DEBUG org.hibernate.orm.model.mapping.creation - Starting PostInitCallbackEntry : PluralAttributeMapping( NavigableRole[org.frcpm.models.Component.requiredForTasks#{element}]) - element descriptor
10:24:16.058 [main] DEBUG org.hibernate.orm.model.mapping.creation - Starting PostInitCallbackEntry : PluralAttributeMapping(org.frcpm.models.Component.requiredForTasks)#finishInitialization
10:24:16.058 [main] DEBUG org.hibernate.orm.model.mapping.creation - Starting PostInitCallbackEntry : PluralAttributeMapping(org.frcpm.models.Component.requiredForTasks) - key descriptor
10:24:16.058 [main] DEBUG org.hibernate.orm.model.mapping.creation - Starting PostInitCallbackEntry : Entity(org.frcpm.models.Component) `staticFetchableList` generator
10:24:16.058 [main] DEBUG org.hibernate.orm.model.mapping.creation - Starting PostInitCallbackEntry : To-one key - NavigableRole[org.frcpm.models.Milestone.project]
10:24:16.058 [main] DEBUG org.hibernate.orm.model.mapping.creation - Starting PostInitCallbackEntry : Entity(org.frcpm.models.Milestone) `staticFetchableList` generator
10:24:16.058 [main] DEBUG org.hibernate.orm.model.mapping.creation - Starting PostInitCallbackEntry : PluralAttributeMapping( NavigableRole[org.frcpm.models.Project.meetings#{element}]) - element descriptor
10:24:16.058 [main] DEBUG org.hibernate.orm.model.mapping.creation - Starting PostInitCallbackEntry : PluralAttributeMapping(org.frcpm.models.Project.meetings)#finishInitialization
10:24:16.058 [main] DEBUG org.hibernate.orm.model.mapping.creation - Starting PostInitCallbackEntry : PluralAttributeMapping(org.frcpm.models.Project.meetings) - key descriptor
10:24:16.058 [main] DEBUG org.hibernate.orm.model.mapping.creation - Starting PostInitCallbackEntry : PluralAttributeMapping( NavigableRole[org.frcpm.models.Project.milestones#{element}]) - element descriptor
10:24:16.058 [main] DEBUG org.hibernate.orm.model.mapping.creation - Starting PostInitCallbackEntry : PluralAttributeMapping(org.frcpm.models.Project.milestones)#finishInitialization
10:24:16.058 [main] DEBUG org.hibernate.orm.model.mapping.creation - Starting PostInitCallbackEntry : PluralAttributeMapping(org.frcpm.models.Project.milestones) - key descriptor
10:24:16.058 [main] DEBUG org.hibernate.orm.model.mapping.creation - Starting PostInitCallbackEntry : PluralAttributeMapping( NavigableRole[org.frcpm.models.Project.tasks#{element}]) - element descriptor
10:24:16.058 [main] DEBUG org.hibernate.orm.model.mapping.creation - Starting PostInitCallbackEntry : PluralAttributeMapping(org.frcpm.models.Project.tasks)#finishInitialization
10:24:16.058 [main] DEBUG org.hibernate.orm.model.mapping.creation - Starting PostInitCallbackEntry : PluralAttributeMapping(org.frcpm.models.Project.tasks) - key descriptor
10:24:16.059 [main] DEBUG org.hibernate.orm.model.mapping.creation - Starting PostInitCallbackEntry : Entity(org.frcpm.models.Project) `staticFetchableList` generator
10:24:16.059 [main] DEBUG org.hibernate.orm.model.mapping.creation - Starting PostInitCallbackEntry : PluralAttributeMapping( NavigableRole[org.frcpm.models.Subteam.members#{element}]) - element descriptor
10:24:16.059 [main] DEBUG org.hibernate.orm.model.mapping.creation - Starting PostInitCallbackEntry : PluralAttributeMapping(org.frcpm.models.Subteam.members)#finishInitialization
10:24:16.059 [main] DEBUG org.hibernate.orm.model.mapping.creation - Starting PostInitCallbackEntry : PluralAttributeMapping(org.frcpm.models.Subteam.members) - key descriptor
10:24:16.059 [main] DEBUG org.hibernate.orm.model.mapping.creation - Starting PostInitCallbackEntry : PluralAttributeMapping( NavigableRole[org.frcpm.models.Subteam.subsystems#{element}]) - element descriptor
10:24:16.059 [main] DEBUG org.hibernate.orm.model.mapping.creation - Starting PostInitCallbackEntry : PluralAttributeMapping(org.frcpm.models.Subteam.subsystems)#finishInitialization
10:24:16.059 [main] DEBUG org.hibernate.orm.model.mapping.creation - Starting PostInitCallbackEntry : PluralAttributeMapping(org.frcpm.models.Subteam.subsystems) - key descriptor
10:24:16.059 [main] DEBUG org.hibernate.orm.model.mapping.creation - Starting PostInitCallbackEntry : Entity(org.frcpm.models.Subteam) `staticFetchableList` generator
10:24:16.059 [main] DEBUG org.hibernate.orm.model.mapping.creation - Starting PostInitCallbackEntry : PluralAttributeMapping( NavigableRole[org.frcpm.models.Task.assignedTo#{element}]) - element descriptor
10:24:16.059 [main] DEBUG org.hibernate.orm.model.mapping.creation - Starting PostInitCallbackEntry : PluralAttributeMapping(org.frcpm.models.Task.assignedTo)#finishInitialization
10:24:16.059 [main] DEBUG org.hibernate.orm.model.mapping.creation - Starting PostInitCallbackEntry : PluralAttributeMapping(org.frcpm.models.Task.assignedTo) - key descriptor
10:24:16.059 [main] DEBUG org.hibernate.orm.model.mapping.creation - Starting PostInitCallbackEntry : PluralAttributeMapping( NavigableRole[org.frcpm.models.Task.postDependencies#{element}]) - element descriptor
10:24:16.059 [main] DEBUG org.hibernate.orm.model.mapping.creation - Starting PostInitCallbackEntry : PluralAttributeMapping(org.frcpm.models.Task.postDependencies)#finishInitialization
10:24:16.059 [main] DEBUG org.hibernate.orm.model.mapping.creation - Starting PostInitCallbackEntry : PluralAttributeMapping(org.frcpm.models.Task.postDependencies) - key descriptor
10:24:16.059 [main] DEBUG org.hibernate.orm.model.mapping.creation - Starting PostInitCallbackEntry : PluralAttributeMapping( NavigableRole[org.frcpm.models.Task.preDependencies#{element}]) - element descriptor
10:24:16.059 [main] DEBUG org.hibernate.orm.model.mapping.creation - Starting PostInitCallbackEntry : PluralAttributeMapping(org.frcpm.models.Task.preDependencies)#finishInitialization
10:24:16.059 [main] DEBUG org.hibernate.orm.model.mapping.creation - Starting PostInitCallbackEntry : PluralAttributeMapping(org.frcpm.models.Task.preDependencies) - key descriptor
10:24:16.059 [main] DEBUG org.hibernate.orm.model.mapping.creation - Starting PostInitCallbackEntry : To-one key - NavigableRole[org.frcpm.models.Task.project]
10:24:16.059 [main] DEBUG org.hibernate.orm.model.mapping.creation - Starting PostInitCallbackEntry : PluralAttributeMapping( NavigableRole[org.frcpm.models.Task.requiredComponents#{element}]) - element descriptor
10:24:16.059 [main] DEBUG org.hibernate.orm.model.mapping.creation - Starting PostInitCallbackEntry : PluralAttributeMapping(org.frcpm.models.Task.requiredComponents)#finishInitialization
10:24:16.059 [main] DEBUG org.hibernate.orm.model.mapping.creation - Starting PostInitCallbackEntry : PluralAttributeMapping(org.frcpm.models.Task.requiredComponents) - key descriptor
10:24:16.059 [main] DEBUG org.hibernate.orm.model.mapping.creation - Starting PostInitCallbackEntry : To-one key - NavigableRole[org.frcpm.models.Task.subsystem]
10:24:16.059 [main] DEBUG org.hibernate.orm.model.mapping.creation - Starting PostInitCallbackEntry : Entity(org.frcpm.models.Task) `staticFetchableList` generator
10:24:16.059 [main] DEBUG org.hibernate.orm.model.mapping.creation - Starting PostInitCallbackEntry : PluralAttributeMapping( NavigableRole[org.frcpm.models.TeamMember.assignedTasks#{element}]) - element descriptor
10:24:16.059 [main] DEBUG org.hibernate.orm.model.mapping.creation - Starting PostInitCallbackEntry : PluralAttributeMapping(org.frcpm.models.TeamMember.assignedTasks)#finishInitialization
10:24:16.059 [main] DEBUG org.hibernate.orm.model.mapping.creation - Starting PostInitCallbackEntry : PluralAttributeMapping(org.frcpm.models.TeamMember.assignedTasks) - key descriptor
10:24:16.059 [main] DEBUG org.hibernate.orm.model.mapping.creation - Starting PostInitCallbackEntry : PluralAttributeMapping( NavigableRole[org.frcpm.models.TeamMember.attendances#{element}]) - element descriptor
10:24:16.059 [main] DEBUG org.hibernate.orm.model.mapping.creation - Starting PostInitCallbackEntry : PluralAttributeMapping(org.frcpm.models.TeamMember.attendances)#finishInitialization
10:24:16.059 [main] DEBUG org.hibernate.orm.model.mapping.creation - Starting PostInitCallbackEntry : PluralAttributeMapping(org.frcpm.models.TeamMember.attendances) - key descriptor
10:24:16.059 [main] DEBUG org.hibernate.orm.model.mapping.creation - Starting PostInitCallbackEntry : To-one key - NavigableRole[org.frcpm.models.TeamMember.subteam]
10:24:16.059 [main] DEBUG org.hibernate.orm.model.mapping.creation - Starting PostInitCallbackEntry : Entity(org.frcpm.models.TeamMember) `staticFetchableList` generator
10:24:16.059 [main] DEBUG org.hibernate.orm.model.mapping.creation - Starting PostInitCallbackEntry : PluralAttributeMapping( NavigableRole[org.frcpm.models.Meeting.attendances#{element}]) - element descriptor
10:24:16.059 [main] DEBUG org.hibernate.orm.model.mapping.creation - Starting PostInitCallbackEntry : PluralAttributeMapping( NavigableRole[org.frcpm.models.Subsystem.tasks#{element}]) - element descriptor
10:24:16.059 [main] DEBUG org.hibernate.orm.model.mapping.creation - Starting PostInitCallbackEntry : PluralAttributeMapping( NavigableRole[org.frcpm.models.Component.requiredForTasks#{element}]) - element descriptor
10:24:16.059 [main] DEBUG org.hibernate.orm.model.mapping.creation - Starting PostInitCallbackEntry : PluralAttributeMapping( NavigableRole[org.frcpm.models.Project.meetings#{element}]) - element descriptor
10:24:16.059 [main] DEBUG org.hibernate.orm.model.mapping.creation - Starting PostInitCallbackEntry : PluralAttributeMapping( NavigableRole[org.frcpm.models.Project.milestones#{element}]) - element descriptor
10:24:16.059 [main] DEBUG org.hibernate.orm.model.mapping.creation - Starting PostInitCallbackEntry : PluralAttributeMapping( NavigableRole[org.frcpm.models.Project.tasks#{element}]) - element descriptor
10:24:16.059 [main] DEBUG org.hibernate.orm.model.mapping.creation - Starting PostInitCallbackEntry : PluralAttributeMapping( NavigableRole[org.frcpm.models.Subteam.members#{element}]) - element descriptor
10:24:16.059 [main] DEBUG org.hibernate.orm.model.mapping.creation - Starting PostInitCallbackEntry : PluralAttributeMapping( NavigableRole[org.frcpm.models.Subteam.subsystems#{element}]) - element descriptor
10:24:16.059 [main] DEBUG org.hibernate.orm.model.mapping.creation - Starting PostInitCallbackEntry : PluralAttributeMapping( NavigableRole[org.frcpm.models.Task.postDependencies#{element}]) - element descriptor
10:24:16.059 [main] DEBUG org.hibernate.orm.model.mapping.creation - Starting PostInitCallbackEntry : PluralAttributeMapping( NavigableRole[org.frcpm.models.TeamMember.attendances#{element}]) - element descriptor
10:24:16.062 [main] DEBUG org.hibernate.orm.sql.ast.create - Created new SQL alias : a1_0
10:24:16.063 [main] DEBUG org.hibernate.orm.sql.ast.create - Registration of TableGroup [StandardTableGroup(org.frcpm.models.Attendance)] with identifierForTableGroup [org.frcpm.models.Attendance] for NavigablePath [org.frcpm.models.Attendance] 
10:24:16.063 [main] DEBUG org.hibernate.orm.sql.ast.create - Registration of TableGroup [org.hibernate.sql.ast.tree.from.LazyTableGroup@3429aefc] with identifierForTableGroup [org.frcpm.models.Attendance.meeting] for NavigablePath [org.frcpm.models.Attendance.meeting] 
10:24:16.063 [main] DEBUG org.hibernate.orm.sql.ast.create - Registration of TableGroup [org.hibernate.sql.ast.tree.from.LazyTableGroup@3cd76591] with identifierForTableGroup [org.frcpm.models.Attendance.member] for NavigablePath [org.frcpm.models.Attendance.member] 
10:24:16.063 [main] DEBUG org.hibernate.orm.results.graph.AST - DomainResult Graph:
 \-EntityResultImpl [org.frcpm.models.Attendance]
 |  +-BasicFetch [org.frcpm.models.Attendance.arrivalTime]
 |  +-BasicFetch [org.frcpm.models.Attendance.departureTime]
 |  +-EntityDelayedFetchImpl [org.frcpm.models.Attendance.meeting]
 |  +-EntityDelayedFetchImpl [org.frcpm.models.Attendance.member]
 |  \-BasicFetch [org.frcpm.models.Attendance.present]

10:24:16.063 [main] DEBUG org.hibernate.orm.sql.ast.tree - SQL AST Tree:
    SelectStatement {
      FromClause {
        StandardTableGroup (a1 : org.frcpm.models.Attendance) {
          primaryTableReference : attendances as a1_0
          TableGroupJoins {
            left  join LazyTableGroup (m1 : org.frcpm.models.Attendance.meeting) {
            }
            left  join LazyTableGroup (m2 : org.frcpm.models.Attendance.member) {
            }
          }
        }
      }
    }

10:24:16.063 [main] DEBUG org.hibernate.persister.entity.AbstractEntityPersister - Static SQL for entity: org.frcpm.models.Attendance
10:24:16.063 [main] DEBUG org.hibernate.persister.entity.AbstractEntityPersister -  Version select: select id from attendances where id=?
10:24:16.063 [main] DEBUG org.hibernate.persister.entity.AbstractEntityPersister -  Insert (0): insert into attendances (arrival_time,departure_time,meeting_id,member_id,present,id) values (?,?,?,?,?,default)
10:24:16.063 [main] DEBUG org.hibernate.persister.entity.AbstractEntityPersister -  Update (0): update attendances set arrival_time=?,departure_time=?,meeting_id=?,member_id=?,present=? where id=?
10:24:16.063 [main] DEBUG org.hibernate.persister.entity.AbstractEntityPersister -  Delete (0): delete from attendances where id=?
10:24:16.064 [main] DEBUG org.hibernate.orm.sql.ast.create - Created new SQL alias : m1_0
10:24:16.064 [main] DEBUG org.hibernate.orm.sql.ast.create - Registration of TableGroup [StandardTableGroup(org.frcpm.models.Meeting)] with identifierForTableGroup [org.frcpm.models.Meeting] for NavigablePath [org.frcpm.models.Meeting] 
10:24:16.064 [main] DEBUG org.hibernate.orm.sql.ast.create - Registration of TableGroup [org.hibernate.sql.ast.tree.from.LazyTableGroup@19845e7c] with identifierForTableGroup [org.frcpm.models.Meeting.project] for NavigablePath [org.frcpm.models.Meeting.project] 
10:24:16.064 [main] DEBUG org.hibernate.orm.results.graph.AST - DomainResult Graph:
 \-EntityResultImpl [org.frcpm.models.Meeting]
 |  +-DelayedCollectionFetch [org.frcpm.models.Meeting.attendances]
 |  +-BasicFetch [org.frcpm.models.Meeting.date]
 |  +-BasicFetch [org.frcpm.models.Meeting.endTime]
 |  +-BasicFetch [org.frcpm.models.Meeting.notes]
 |  +-EntityDelayedFetchImpl [org.frcpm.models.Meeting.project]
 |  \-BasicFetch [org.frcpm.models.Meeting.startTime]

10:24:16.064 [main] DEBUG org.hibernate.orm.sql.ast.tree - SQL AST Tree:
    SelectStatement {
      FromClause {
        StandardTableGroup (m1 : org.frcpm.models.Meeting) {
          primaryTableReference : meetings as m1_0
          TableGroupJoins {
            left  join LazyTableGroup (p1 : org.frcpm.models.Meeting.project) {
            }
          }
        }
      }
    }

10:24:16.064 [main] DEBUG org.hibernate.persister.entity.AbstractEntityPersister - Static SQL for entity: org.frcpm.models.Meeting
10:24:16.064 [main] DEBUG org.hibernate.persister.entity.AbstractEntityPersister -  Version select: select id from meetings where id=?
10:24:16.064 [main] DEBUG org.hibernate.persister.entity.AbstractEntityPersister -  Insert (0): insert into meetings (date,end_time,notes,project_id,start_time,id) values (?,?,?,?,?,default)
10:24:16.064 [main] DEBUG org.hibernate.persister.entity.AbstractEntityPersister -  Update (0): update meetings set date=?,end_time=?,notes=?,project_id=?,start_time=? where id=?
10:24:16.064 [main] DEBUG org.hibernate.persister.entity.AbstractEntityPersister -  Delete (0): delete from meetings where id=?
10:24:16.065 [main] DEBUG org.hibernate.orm.sql.ast.create - Created new SQL alias : s1_0
10:24:16.065 [main] DEBUG org.hibernate.orm.sql.ast.create - Registration of TableGroup [StandardTableGroup(org.frcpm.models.Subsystem)] with identifierForTableGroup [org.frcpm.models.Subsystem] for NavigablePath [org.frcpm.models.Subsystem] 
10:24:16.065 [main] DEBUG org.hibernate.orm.sql.ast.create - Registration of TableGroup [org.hibernate.sql.ast.tree.from.LazyTableGroup@6a5d596d] with identifierForTableGroup [org.frcpm.models.Subsystem.responsibleSubteam] for NavigablePath [org.frcpm.models.Subsystem.responsibleSubteam] 
10:24:16.065 [main] DEBUG org.hibernate.orm.results.graph.AST - DomainResult Graph:
 \-EntityResultImpl [org.frcpm.models.Subsystem]
 |  +-BasicFetch [org.frcpm.models.Subsystem.description]
 |  +-BasicFetch [org.frcpm.models.Subsystem.name]
 |  +-EntityDelayedFetchImpl [org.frcpm.models.Subsystem.responsibleSubteam]
 |  +-BasicFetch [org.frcpm.models.Subsystem.status]
 |  \-DelayedCollectionFetch [org.frcpm.models.Subsystem.tasks]

10:24:16.065 [main] DEBUG org.hibernate.orm.sql.ast.tree - SQL AST Tree:
    SelectStatement {
      FromClause {
        StandardTableGroup (s1 : org.frcpm.models.Subsystem) {
          primaryTableReference : subsystems as s1_0
          TableGroupJoins {
            left  join LazyTableGroup (rs1 : org.frcpm.models.Subsystem.responsibleSubteam) {
            }
          }
        }
      }
    }

10:24:16.065 [main] DEBUG org.hibernate.persister.entity.AbstractEntityPersister - Static SQL for entity: org.frcpm.models.Subsystem
10:24:16.065 [main] DEBUG org.hibernate.persister.entity.AbstractEntityPersister -  Version select: select id from subsystems where id=?
10:24:16.065 [main] DEBUG org.hibernate.persister.entity.AbstractEntityPersister -  Insert (0): insert into subsystems (description,name,responsible_subteam_id,status,id) values (?,?,?,?,default)
10:24:16.065 [main] DEBUG org.hibernate.persister.entity.AbstractEntityPersister -  Update (0): update subsystems set description=?,name=?,responsible_subteam_id=?,status=? where id=?
10:24:16.065 [main] DEBUG org.hibernate.persister.entity.AbstractEntityPersister -  Delete (0): delete from subsystems where id=?
10:24:16.065 [main] DEBUG org.hibernate.orm.sql.ast.create - Created new SQL alias : c1_0
10:24:16.065 [main] DEBUG org.hibernate.orm.sql.ast.create - Registration of TableGroup [StandardTableGroup(org.frcpm.models.Component)] with identifierForTableGroup [org.frcpm.models.Component] for NavigablePath [org.frcpm.models.Component] 
10:24:16.065 [main] DEBUG org.hibernate.orm.results.graph.AST - DomainResult Graph:
 \-EntityResultImpl [org.frcpm.models.Component]
 |  +-BasicFetch [org.frcpm.models.Component.actualDelivery]
 |  +-BasicFetch [org.frcpm.models.Component.delivered]
 |  +-BasicFetch [org.frcpm.models.Component.description]
 |  +-BasicFetch [org.frcpm.models.Component.expectedDelivery]
 |  +-BasicFetch [org.frcpm.models.Component.name]
 |  +-BasicFetch [org.frcpm.models.Component.partNumber]
 |  \-DelayedCollectionFetch [org.frcpm.models.Component.requiredForTasks]

10:24:16.065 [main] DEBUG org.hibernate.orm.sql.ast.tree - SQL AST Tree:
    SelectStatement {
      FromClause {
        StandardTableGroup (c1 : org.frcpm.models.Component) {
          primaryTableReference : components as c1_0
        }
      }
    }

10:24:16.065 [main] DEBUG org.hibernate.persister.entity.AbstractEntityPersister - Static SQL for entity: org.frcpm.models.Component
10:24:16.065 [main] DEBUG org.hibernate.persister.entity.AbstractEntityPersister -  Version select: select id from components where id=?
10:24:16.065 [main] DEBUG org.hibernate.persister.entity.AbstractEntityPersister -  Insert (0): insert into components (actual_delivery,is_delivered,description,expected_delivery,name,part_number,id) values (?,?,?,?,?,?,default)
10:24:16.065 [main] DEBUG org.hibernate.persister.entity.AbstractEntityPersister -  Update (0): update components set actual_delivery=?,is_delivered=?,description=?,expected_delivery=?,name=?,part_number=? where id=?
10:24:16.065 [main] DEBUG org.hibernate.persister.entity.AbstractEntityPersister -  Delete (0): delete from components where id=?
10:24:16.065 [main] DEBUG org.hibernate.orm.sql.ast.create - Created new SQL alias : m1_0
10:24:16.065 [main] DEBUG org.hibernate.orm.sql.ast.create - Registration of TableGroup [StandardTableGroup(org.frcpm.models.Milestone)] with identifierForTableGroup [org.frcpm.models.Milestone] for NavigablePath [org.frcpm.models.Milestone] 
10:24:16.065 [main] DEBUG org.hibernate.orm.sql.ast.create - Registration of TableGroup [org.hibernate.sql.ast.tree.from.LazyTableGroup@6570e3cb] with identifierForTableGroup [org.frcpm.models.Milestone.project] for NavigablePath [org.frcpm.models.Milestone.project] 
10:24:16.065 [main] DEBUG org.hibernate.orm.results.graph.AST - DomainResult Graph:
 \-EntityResultImpl [org.frcpm.models.Milestone]
 |  +-BasicFetch [org.frcpm.models.Milestone.date]
 |  +-BasicFetch [org.frcpm.models.Milestone.description]
 |  +-BasicFetch [org.frcpm.models.Milestone.name]
 |  \-EntityDelayedFetchImpl [org.frcpm.models.Milestone.project]

10:24:16.065 [main] DEBUG org.hibernate.orm.sql.ast.tree - SQL AST Tree:
    SelectStatement {
      FromClause {
        StandardTableGroup (m1 : org.frcpm.models.Milestone) {
          primaryTableReference : milestones as m1_0
          TableGroupJoins {
            left  join LazyTableGroup (p1 : org.frcpm.models.Milestone.project) {
            }
          }
        }
      }
    }

10:24:16.066 [main] DEBUG org.hibernate.persister.entity.AbstractEntityPersister - Static SQL for entity: org.frcpm.models.Milestone
10:24:16.066 [main] DEBUG org.hibernate.persister.entity.AbstractEntityPersister -  Version select: select id from milestones where id=?
10:24:16.066 [main] DEBUG org.hibernate.persister.entity.AbstractEntityPersister -  Insert (0): insert into milestones (date,description,name,project_id,id) values (?,?,?,?,default)
10:24:16.066 [main] DEBUG org.hibernate.persister.entity.AbstractEntityPersister -  Update (0): update milestones set date=?,description=?,name=?,project_id=? where id=?
10:24:16.066 [main] DEBUG org.hibernate.persister.entity.AbstractEntityPersister -  Delete (0): delete from milestones where id=?
10:24:16.066 [main] DEBUG org.hibernate.orm.sql.ast.create - Created new SQL alias : p1_0
10:24:16.066 [main] DEBUG org.hibernate.orm.sql.ast.create - Registration of TableGroup [StandardTableGroup(org.frcpm.models.Project)] with identifierForTableGroup [org.frcpm.models.Project] for NavigablePath [org.frcpm.models.Project] 
10:24:16.066 [main] DEBUG org.hibernate.orm.results.graph.AST - DomainResult Graph:
 \-EntityResultImpl [org.frcpm.models.Project]
 |  +-BasicFetch [org.frcpm.models.Project.description]
 |  +-BasicFetch [org.frcpm.models.Project.goalEndDate]
 |  +-BasicFetch [org.frcpm.models.Project.hardDeadline]
 |  +-DelayedCollectionFetch [org.frcpm.models.Project.meetings]
 |  +-DelayedCollectionFetch [org.frcpm.models.Project.milestones]
 |  +-BasicFetch [org.frcpm.models.Project.name]
 |  +-BasicFetch [org.frcpm.models.Project.startDate]
 |  \-DelayedCollectionFetch [org.frcpm.models.Project.tasks]

10:24:16.066 [main] DEBUG org.hibernate.orm.sql.ast.tree - SQL AST Tree:
    SelectStatement {
      FromClause {
        StandardTableGroup (p1 : org.frcpm.models.Project) {
          primaryTableReference : projects as p1_0
        }
      }
    }

10:24:16.066 [main] DEBUG org.hibernate.persister.entity.AbstractEntityPersister - Static SQL for entity: org.frcpm.models.Project
10:24:16.066 [main] DEBUG org.hibernate.persister.entity.AbstractEntityPersister -  Version select: select id from projects where id=?
10:24:16.066 [main] DEBUG org.hibernate.persister.entity.AbstractEntityPersister -  Insert (0): insert into projects (description,goal_end_date,hard_deadline,name,start_date,id) values (?,?,?,?,?,default)
10:24:16.066 [main] DEBUG org.hibernate.persister.entity.AbstractEntityPersister -  Update (0): update projects set description=?,goal_end_date=?,hard_deadline=?,name=?,start_date=? where id=?
10:24:16.066 [main] DEBUG org.hibernate.persister.entity.AbstractEntityPersister -  Delete (0): delete from projects where id=?
10:24:16.066 [main] DEBUG org.hibernate.orm.sql.ast.create - Created new SQL alias : s1_0
10:24:16.066 [main] DEBUG org.hibernate.orm.sql.ast.create - Registration of TableGroup [StandardTableGroup(org.frcpm.models.Subteam)] with identifierForTableGroup [org.frcpm.models.Subteam] for NavigablePath [org.frcpm.models.Subteam] 
10:24:16.066 [main] DEBUG org.hibernate.orm.results.graph.AST - DomainResult Graph:
 \-EntityResultImpl [org.frcpm.models.Subteam]
 |  +-BasicFetch [org.frcpm.models.Subteam.colorCode]
 |  +-DelayedCollectionFetch [org.frcpm.models.Subteam.members]
 |  +-BasicFetch [org.frcpm.models.Subteam.name]
 |  +-BasicFetch [org.frcpm.models.Subteam.specialties]
 |  \-DelayedCollectionFetch [org.frcpm.models.Subteam.subsystems]

10:24:16.066 [main] DEBUG org.hibernate.orm.sql.ast.tree - SQL AST Tree:
    SelectStatement {
      FromClause {
        StandardTableGroup (s1 : org.frcpm.models.Subteam) {
          primaryTableReference : subteams as s1_0
        }
      }
    }

10:24:16.066 [main] DEBUG org.hibernate.persister.entity.AbstractEntityPersister - Static SQL for entity: org.frcpm.models.Subteam
10:24:16.066 [main] DEBUG org.hibernate.persister.entity.AbstractEntityPersister -  Version select: select id from subteams where id=?
10:24:16.066 [main] DEBUG org.hibernate.persister.entity.AbstractEntityPersister -  Insert (0): insert into subteams (color_code,name,specialties,id) values (?,?,?,default)
10:24:16.066 [main] DEBUG org.hibernate.persister.entity.AbstractEntityPersister -  Update (0): update subteams set color_code=?,name=?,specialties=? where id=?
10:24:16.066 [main] DEBUG org.hibernate.persister.entity.AbstractEntityPersister -  Delete (0): delete from subteams where id=?
10:24:16.066 [main] DEBUG org.hibernate.orm.sql.ast.create - Created new SQL alias : t1_0
10:24:16.066 [main] DEBUG org.hibernate.orm.sql.ast.create - Registration of TableGroup [StandardTableGroup(org.frcpm.models.Task)] with identifierForTableGroup [org.frcpm.models.Task] for NavigablePath [org.frcpm.models.Task] 
10:24:16.066 [main] DEBUG org.hibernate.orm.sql.ast.create - Registration of TableGroup [org.hibernate.sql.ast.tree.from.LazyTableGroup@5e3f61] with identifierForTableGroup [org.frcpm.models.Task.project] for NavigablePath [org.frcpm.models.Task.project] 
10:24:16.066 [main] DEBUG org.hibernate.orm.sql.ast.create - Registration of TableGroup [org.hibernate.sql.ast.tree.from.LazyTableGroup@492c44c] with identifierForTableGroup [org.frcpm.models.Task.subsystem] for NavigablePath [org.frcpm.models.Task.subsystem] 
10:24:16.066 [main] DEBUG org.hibernate.orm.results.graph.AST - DomainResult Graph:
 \-EntityResultImpl [org.frcpm.models.Task]
 |  +-BasicFetch [org.frcpm.models.Task.actualDurationSeconds]
 |  +-DelayedCollectionFetch [org.frcpm.models.Task.assignedTo]
 |  +-BasicFetch [org.frcpm.models.Task.completed]
 |  +-BasicFetch [org.frcpm.models.Task.description]
 |  +-BasicFetch [org.frcpm.models.Task.endDate]
 |  +-BasicFetch [org.frcpm.models.Task.estimatedDurationSeconds]
 |  +-DelayedCollectionFetch [org.frcpm.models.Task.postDependencies]
 |  +-DelayedCollectionFetch [org.frcpm.models.Task.preDependencies]
 |  +-BasicFetch [org.frcpm.models.Task.priority]
 |  +-BasicFetch [org.frcpm.models.Task.progress]
 |  +-EntityDelayedFetchImpl [org.frcpm.models.Task.project]
 |  +-DelayedCollectionFetch [org.frcpm.models.Task.requiredComponents]
 |  +-BasicFetch [org.frcpm.models.Task.startDate]
 |  +-EntityDelayedFetchImpl [org.frcpm.models.Task.subsystem]
 |  \-BasicFetch [org.frcpm.models.Task.title]

10:24:16.066 [main] DEBUG org.hibernate.orm.sql.ast.tree - SQL AST Tree:
    SelectStatement {
      FromClause {
        StandardTableGroup (t1 : org.frcpm.models.Task) {
          primaryTableReference : tasks as t1_0
          TableGroupJoins {
            left  join LazyTableGroup (p1 : org.frcpm.models.Task.project) {
            }
            left  join LazyTableGroup (s1 : org.frcpm.models.Task.subsystem) {
            }
          }
        }
      }
    }

10:24:16.066 [main] DEBUG org.hibernate.persister.entity.AbstractEntityPersister - Static SQL for entity: org.frcpm.models.Task
10:24:16.066 [main] DEBUG org.hibernate.persister.entity.AbstractEntityPersister -  Version select: select id from tasks where id=?
10:24:16.066 [main] DEBUG org.hibernate.persister.entity.AbstractEntityPersister -  Insert (0): insert into tasks (actual_duration_seconds,completed,description,end_date,estimated_duration_seconds,priority,progress,project_id,start_date,subsystem_id,title,id) values (?,?,?,?,?,?,?,?,?,?,?,default)
10:24:16.066 [main] DEBUG org.hibernate.persister.entity.AbstractEntityPersister -  Update (0): update tasks set actual_duration_seconds=?,completed=?,description=?,end_date=?,estimated_duration_seconds=?,priority=?,progress=?,project_id=?,start_date=?,subsystem_id=?,title=? where id=?
10:24:16.066 [main] DEBUG org.hibernate.persister.entity.AbstractEntityPersister -  Delete (0): delete from tasks where id=?
10:24:16.066 [main] DEBUG org.hibernate.orm.sql.ast.create - Created new SQL alias : tm1_0
10:24:16.066 [main] DEBUG org.hibernate.orm.sql.ast.create - Registration of TableGroup [StandardTableGroup(org.frcpm.models.TeamMember)] with identifierForTableGroup [org.frcpm.models.TeamMember] for NavigablePath [org.frcpm.models.TeamMember] 
10:24:16.066 [main] DEBUG org.hibernate.orm.sql.ast.create - Registration of TableGroup [org.hibernate.sql.ast.tree.from.LazyTableGroup@6aa12f32] with identifierForTableGroup [org.frcpm.models.TeamMember.subteam] for NavigablePath [org.frcpm.models.TeamMember.subteam] 
10:24:16.066 [main] DEBUG org.hibernate.orm.results.graph.AST - DomainResult Graph:
 \-EntityResultImpl [org.frcpm.models.TeamMember]
 |  +-DelayedCollectionFetch [org.frcpm.models.TeamMember.assignedTasks]
 |  +-DelayedCollectionFetch [org.frcpm.models.TeamMember.attendances]
 |  +-BasicFetch [org.frcpm.models.TeamMember.email]
 |  +-BasicFetch [org.frcpm.models.TeamMember.firstName]
 |  +-BasicFetch [org.frcpm.models.TeamMember.lastName]
 |  +-BasicFetch [org.frcpm.models.TeamMember.leader]
 |  +-BasicFetch [org.frcpm.models.TeamMember.phone]
 |  +-BasicFetch [org.frcpm.models.TeamMember.skills]
 |  +-EntityDelayedFetchImpl [org.frcpm.models.TeamMember.subteam]
 |  \-BasicFetch [org.frcpm.models.TeamMember.username]

10:24:16.066 [main] DEBUG org.hibernate.orm.sql.ast.tree - SQL AST Tree:
    SelectStatement {
      FromClause {
        StandardTableGroup (tm1 : org.frcpm.models.TeamMember) {
          primaryTableReference : team_members as tm1_0
          TableGroupJoins {
            left  join LazyTableGroup (s1 : org.frcpm.models.TeamMember.subteam) {
            }
          }
        }
      }
    }

10:24:16.066 [main] DEBUG org.hibernate.persister.entity.AbstractEntityPersister - Static SQL for entity: org.frcpm.models.TeamMember
10:24:16.066 [main] DEBUG org.hibernate.persister.entity.AbstractEntityPersister -  Version select: select id from team_members where id=?
10:24:16.066 [main] DEBUG org.hibernate.persister.entity.AbstractEntityPersister -  Insert (0): insert into team_members (email,first_name,last_name,is_leader,phone,skills,subteam_id,username,id) values (?,?,?,?,?,?,?,?,default)
10:24:16.066 [main] DEBUG org.hibernate.persister.entity.AbstractEntityPersister -  Update (0): update team_members set email=?,first_name=?,last_name=?,is_leader=?,phone=?,skills=?,subteam_id=?,username=? where id=?
10:24:16.066 [main] DEBUG org.hibernate.persister.entity.AbstractEntityPersister -  Delete (0): delete from team_members where id=?
10:24:16.067 [main] DEBUG org.hibernate.orm.sql.ast.create - Created new SQL alias : at1_0
10:24:16.067 [main] DEBUG org.hibernate.orm.sql.ast.create - Registration of TableGroup [CollectionTableGroup(org.frcpm.models.Task.assignedTo)] with identifierForTableGroup [org.frcpm.models.Task.assignedTo] for NavigablePath [org.frcpm.models.Task.assignedTo] 
10:24:16.067 [main] DEBUG org.hibernate.orm.sql.ast.create - Registration of TableGroup [org.hibernate.sql.ast.tree.from.LazyTableGroup@2dede4d3] with identifierForTableGroup [org.frcpm.models.Task.assignedTo.{element}] for NavigablePath [org.frcpm.models.Task.assignedTo.{element}] 
10:24:16.067 [main] DEBUG org.hibernate.orm.sql.ast.create - Created new SQL alias : at1_1
10:24:16.067 [main] DEBUG org.hibernate.orm.sql.ast.create - Registration of TableGroup [org.hibernate.sql.ast.tree.from.LazyTableGroup@1b5e8a1a] with identifierForTableGroup [org.frcpm.models.Task.assignedTo.{element}.subteam] for NavigablePath [org.frcpm.models.Task.assignedTo.{element}.subteam] 
10:24:16.067 [main] DEBUG org.hibernate.orm.results.graph.AST - DomainResult Graph:
 \-CollectionDomainResult [org.frcpm.models.Task.assignedTo]

10:24:16.067 [main] DEBUG org.hibernate.orm.sql.ast.tree - SQL AST Tree:
    SelectStatement {
      FromClause {
        CollectionTableGroup (at1 : org.frcpm.models.Task.assignedTo) {
          primaryTableReference : task_assignments as at1_0
          TableGroupJoins {
             join LazyTableGroup (at1 : org.frcpm.models.Task.assignedTo.{element}) {
              primaryTableReference : team_members as at1_1
              TableGroupJoins {
                left  join LazyTableGroup (s1 : org.frcpm.models.Task.assignedTo.{element}.subteam) {
                }
              }
            }
          }
        }
      }
    }

10:24:16.067 [main] DEBUG org.hibernate.orm.jdbc.mutation - Static SQL for collection: org.frcpm.models.Task.assignedTo
10:24:16.067 [main] DEBUG org.hibernate.orm.jdbc.mutation -  Row insert: insert into task_assignments (task_id,team_member_id) values (?,?)
10:24:16.067 [main] DEBUG org.hibernate.orm.jdbc.mutation -  Row delete: delete from task_assignments where task_id=? and team_member_id=?
10:24:16.067 [main] DEBUG org.hibernate.orm.jdbc.mutation -  One-shot delete: delete from task_assignments where task_id=?
10:24:16.067 [main] DEBUG org.hibernate.orm.sql.ast.create - Created new SQL alias : t1_0
10:24:16.067 [main] DEBUG org.hibernate.orm.sql.ast.create - Registration of TableGroup [org.hibernate.sql.ast.tree.from.OneToManyTableGroup@4dfa057d] with identifierForTableGroup [org.frcpm.models.Subsystem.tasks] for NavigablePath [org.frcpm.models.Subsystem.tasks] 
10:24:16.067 [main] DEBUG org.hibernate.orm.sql.ast.create - Registration of TableGroup [StandardTableGroup(org.frcpm.models.Subsystem.tasks.{element})] with identifierForTableGroup [org.frcpm.models.Subsystem.tasks.{element}] for NavigablePath [org.frcpm.models.Subsystem.tasks.{element}] 
10:24:16.067 [main] DEBUG org.hibernate.orm.sql.ast.create - Registration of TableGroup [org.hibernate.sql.ast.tree.from.LazyTableGroup@3c50036d] with identifierForTableGroup [org.frcpm.models.Subsystem.tasks.{element}.project] for NavigablePath [org.frcpm.models.Subsystem.tasks.{element}.project] 
10:24:16.067 [main] DEBUG org.hibernate.orm.sql.ast.create - Registration of TableGroup [org.hibernate.sql.ast.tree.from.LazyTableGroup@a592c75] with identifierForTableGroup [org.frcpm.models.Subsystem.tasks.{element}.subsystem] for NavigablePath [org.frcpm.models.Subsystem.tasks.{element}.subsystem] 
10:24:16.067 [main] DEBUG org.hibernate.orm.results.graph.AST - DomainResult Graph:
 \-CollectionDomainResult [org.frcpm.models.Subsystem.tasks]

10:24:16.067 [main] DEBUG org.hibernate.orm.sql.ast.tree - SQL AST Tree:
    SelectStatement {
      FromClause {
        OneToManyTableGroup (t1 : org.frcpm.models.Subsystem.tasks) {
          primaryTableReference : tasks as t1_0
          TableGroupJoins {
            left  join LazyTableGroup (p1 : org.frcpm.models.Subsystem.tasks.{element}.project) {
            }
            left  join LazyTableGroup (s1 : org.frcpm.models.Subsystem.tasks.{element}.subsystem) {
            }
          }
        }
      }
    }

10:24:16.067 [main] DEBUG org.hibernate.orm.jdbc.mutation - Static SQL for collection: org.frcpm.models.Subsystem.tasks
10:24:16.067 [main] DEBUG org.hibernate.orm.sql.ast.create - Created new SQL alias : m1_0
10:24:16.067 [main] DEBUG org.hibernate.orm.sql.ast.create - Registration of TableGroup [org.hibernate.sql.ast.tree.from.OneToManyTableGroup@2b62234a] with identifierForTableGroup [org.frcpm.models.Subteam.members] for NavigablePath [org.frcpm.models.Subteam.members] 
10:24:16.067 [main] DEBUG org.hibernate.orm.sql.ast.create - Registration of TableGroup [StandardTableGroup(org.frcpm.models.Subteam.members.{element})] with identifierForTableGroup [org.frcpm.models.Subteam.members.{element}] for NavigablePath [org.frcpm.models.Subteam.members.{element}] 
10:24:16.068 [main] DEBUG org.hibernate.orm.sql.ast.create - Registration of TableGroup [org.hibernate.sql.ast.tree.from.LazyTableGroup@2d8717df] with identifierForTableGroup [org.frcpm.models.Subteam.members.{element}.subteam] for NavigablePath [org.frcpm.models.Subteam.members.{element}.subteam] 
10:24:16.068 [main] DEBUG org.hibernate.orm.results.graph.AST - DomainResult Graph:
 \-CollectionDomainResult [org.frcpm.models.Subteam.members]

10:24:16.068 [main] DEBUG org.hibernate.orm.sql.ast.tree - SQL AST Tree:
    SelectStatement {
      FromClause {
        OneToManyTableGroup (m1 : org.frcpm.models.Subteam.members) {
          primaryTableReference : team_members as m1_0
          TableGroupJoins {
            left  join LazyTableGroup (s1 : org.frcpm.models.Subteam.members.{element}.subteam) {
            }
          }
        }
      }
    }

10:24:16.068 [main] DEBUG org.hibernate.orm.jdbc.mutation - Static SQL for collection: org.frcpm.models.Subteam.members
10:24:16.068 [main] DEBUG org.hibernate.orm.sql.ast.create - Created new SQL alias : a1_0
10:24:16.068 [main] DEBUG org.hibernate.orm.sql.ast.create - Registration of TableGroup [org.hibernate.sql.ast.tree.from.OneToManyTableGroup@5159c89e] with identifierForTableGroup [org.frcpm.models.TeamMember.attendances] for NavigablePath [org.frcpm.models.TeamMember.attendances] 
10:24:16.068 [main] DEBUG org.hibernate.orm.sql.ast.create - Registration of TableGroup [StandardTableGroup(org.frcpm.models.TeamMember.attendances.{element})] with identifierForTableGroup [org.frcpm.models.TeamMember.attendances.{element}] for NavigablePath [org.frcpm.models.TeamMember.attendances.{element}] 
10:24:16.068 [main] DEBUG org.hibernate.orm.sql.ast.create - Registration of TableGroup [org.hibernate.sql.ast.tree.from.LazyTableGroup@6b1bc98c] with identifierForTableGroup [org.frcpm.models.TeamMember.attendances.{element}.meeting] for NavigablePath [org.frcpm.models.TeamMember.attendances.{element}.meeting] 
10:24:16.068 [main] DEBUG org.hibernate.orm.sql.ast.create - Registration of TableGroup [org.hibernate.sql.ast.tree.from.LazyTableGroup@65b65bdb] with identifierForTableGroup [org.frcpm.models.TeamMember.attendances.{element}.member] for NavigablePath [org.frcpm.models.TeamMember.attendances.{element}.member] 
10:24:16.068 [main] DEBUG org.hibernate.orm.results.graph.AST - DomainResult Graph:
 \-CollectionDomainResult [org.frcpm.models.TeamMember.attendances]

10:24:16.068 [main] DEBUG org.hibernate.orm.sql.ast.tree - SQL AST Tree:
    SelectStatement {
      FromClause {
        OneToManyTableGroup (a1 : org.frcpm.models.TeamMember.attendances) {
          primaryTableReference : attendances as a1_0
          TableGroupJoins {
            left  join LazyTableGroup (m1 : org.frcpm.models.TeamMember.attendances.{element}.meeting) {
            }
            left  join LazyTableGroup (m2 : org.frcpm.models.TeamMember.attendances.{element}.member) {
            }
          }
        }
      }
    }

10:24:16.068 [main] DEBUG org.hibernate.orm.jdbc.mutation - Static SQL for collection: org.frcpm.models.TeamMember.attendances
10:24:16.068 [main] DEBUG org.hibernate.orm.sql.ast.create - Created new SQL alias : rc1_0
10:24:16.068 [main] DEBUG org.hibernate.orm.sql.ast.create - Registration of TableGroup [CollectionTableGroup(org.frcpm.models.Task.requiredComponents)] with identifierForTableGroup [org.frcpm.models.Task.requiredComponents] for NavigablePath [org.frcpm.models.Task.requiredComponents] 
10:24:16.068 [main] DEBUG org.hibernate.orm.sql.ast.create - Registration of TableGroup [org.hibernate.sql.ast.tree.from.LazyTableGroup@4fd693a8] with identifierForTableGroup [org.frcpm.models.Task.requiredComponents.{element}] for NavigablePath [org.frcpm.models.Task.requiredComponents.{element}] 
10:24:16.068 [main] DEBUG org.hibernate.orm.sql.ast.create - Created new SQL alias : rc1_1
10:24:16.068 [main] DEBUG org.hibernate.orm.results.graph.AST - DomainResult Graph:
 \-CollectionDomainResult [org.frcpm.models.Task.requiredComponents]

10:24:16.068 [main] DEBUG org.hibernate.orm.sql.ast.tree - SQL AST Tree:
    SelectStatement {
      FromClause {
        CollectionTableGroup (rc1 : org.frcpm.models.Task.requiredComponents) {
          primaryTableReference : task_components as rc1_0
          TableGroupJoins {
             join LazyTableGroup (rc1 : org.frcpm.models.Task.requiredComponents.{element}) {
              primaryTableReference : components as rc1_1
            }
          }
        }
      }
    }

10:24:16.068 [main] DEBUG org.hibernate.orm.jdbc.mutation - Static SQL for collection: org.frcpm.models.Task.requiredComponents
10:24:16.069 [main] DEBUG org.hibernate.orm.jdbc.mutation -  Row insert: insert into task_components (task_id,component_id) values (?,?)
10:24:16.069 [main] DEBUG org.hibernate.orm.jdbc.mutation -  Row delete: delete from task_components where task_id=? and component_id=?
10:24:16.069 [main] DEBUG org.hibernate.orm.jdbc.mutation -  One-shot delete: delete from task_components where task_id=?
10:24:16.069 [main] DEBUG org.hibernate.orm.sql.ast.create - Created new SQL alias : s1_0
10:24:16.069 [main] DEBUG org.hibernate.orm.sql.ast.create - Registration of TableGroup [org.hibernate.sql.ast.tree.from.OneToManyTableGroup@7e1f1876] with identifierForTableGroup [org.frcpm.models.Subteam.subsystems] for NavigablePath [org.frcpm.models.Subteam.subsystems] 
10:24:16.069 [main] DEBUG org.hibernate.orm.sql.ast.create - Registration of TableGroup [StandardTableGroup(org.frcpm.models.Subteam.subsystems.{element})] with identifierForTableGroup [org.frcpm.models.Subteam.subsystems.{element}] for NavigablePath [org.frcpm.models.Subteam.subsystems.{element}] 
10:24:16.069 [main] DEBUG org.hibernate.orm.sql.ast.create - Registration of TableGroup [org.hibernate.sql.ast.tree.from.LazyTableGroup@2b0a97c9] with identifierForTableGroup [org.frcpm.models.Subteam.subsystems.{element}.responsibleSubteam] for NavigablePath [org.frcpm.models.Subteam.subsystems.{element}.responsibleSubteam] 
10:24:16.069 [main] DEBUG org.hibernate.orm.results.graph.AST - DomainResult Graph:
 \-CollectionDomainResult [org.frcpm.models.Subteam.subsystems]

10:24:16.069 [main] DEBUG org.hibernate.orm.sql.ast.tree - SQL AST Tree:
    SelectStatement {
      FromClause {
        OneToManyTableGroup (s1 : org.frcpm.models.Subteam.subsystems) {
          primaryTableReference : subsystems as s1_0
          TableGroupJoins {
            left  join LazyTableGroup (rs1 : org.frcpm.models.Subteam.subsystems.{element}.responsibleSubteam) {
            }
          }
        }
      }
    }

10:24:16.069 [main] DEBUG org.hibernate.orm.jdbc.mutation - Static SQL for collection: org.frcpm.models.Subteam.subsystems
10:24:16.069 [main] DEBUG org.hibernate.orm.sql.ast.create - Created new SQL alias : pd1_0
10:24:16.069 [main] DEBUG org.hibernate.orm.sql.ast.create - Registration of TableGroup [CollectionTableGroup(org.frcpm.models.Task.preDependencies)] with identifierForTableGroup [org.frcpm.models.Task.preDependencies] for NavigablePath [org.frcpm.models.Task.preDependencies] 
10:24:16.069 [main] DEBUG org.hibernate.orm.sql.ast.create - Registration of TableGroup [org.hibernate.sql.ast.tree.from.LazyTableGroup@6de1ab4e] with identifierForTableGroup [org.frcpm.models.Task.preDependencies.{element}] for NavigablePath [org.frcpm.models.Task.preDependencies.{element}] 
10:24:16.069 [main] DEBUG org.hibernate.orm.sql.ast.create - Created new SQL alias : pd1_1
10:24:16.069 [main] DEBUG org.hibernate.orm.sql.ast.create - Registration of TableGroup [org.hibernate.sql.ast.tree.from.LazyTableGroup@6bbbd22c] with identifierForTableGroup [org.frcpm.models.Task.preDependencies.{element}.project] for NavigablePath [org.frcpm.models.Task.preDependencies.{element}.project] 
10:24:16.069 [main] DEBUG org.hibernate.orm.sql.ast.create - Registration of TableGroup [org.hibernate.sql.ast.tree.from.LazyTableGroup@5a2863be] with identifierForTableGroup [org.frcpm.models.Task.preDependencies.{element}.subsystem] for NavigablePath [org.frcpm.models.Task.preDependencies.{element}.subsystem] 
10:24:16.069 [main] DEBUG org.hibernate.orm.results.graph.AST - DomainResult Graph:
 \-CollectionDomainResult [org.frcpm.models.Task.preDependencies]

10:24:16.069 [main] DEBUG org.hibernate.orm.sql.ast.tree - SQL AST Tree:
    SelectStatement {
      FromClause {
        CollectionTableGroup (pd1 : org.frcpm.models.Task.preDependencies) {
          primaryTableReference : task_dependencies as pd1_0
          TableGroupJoins {
             join LazyTableGroup (pd1 : org.frcpm.models.Task.preDependencies.{element}) {
              primaryTableReference : tasks as pd1_1
              TableGroupJoins {
                left  join LazyTableGroup (p1 : org.frcpm.models.Task.preDependencies.{element}.project) {
                }
                left  join LazyTableGroup (s1 : org.frcpm.models.Task.preDependencies.{element}.subsystem) {
                }
              }
            }
          }
        }
      }
    }

10:24:16.069 [main] DEBUG org.hibernate.orm.jdbc.mutation - Static SQL for collection: org.frcpm.models.Task.preDependencies
10:24:16.069 [main] DEBUG org.hibernate.orm.jdbc.mutation -  Row insert: insert into task_dependencies (task_id,dependency_id) values (?,?)
10:24:16.069 [main] DEBUG org.hibernate.orm.jdbc.mutation -  Row delete: delete from task_dependencies where task_id=? and dependency_id=?
10:24:16.069 [main] DEBUG org.hibernate.orm.jdbc.mutation -  One-shot delete: delete from task_dependencies where task_id=?
10:24:16.069 [main] DEBUG org.hibernate.orm.sql.ast.create - Created new SQL alias : m1_0
10:24:16.069 [main] DEBUG org.hibernate.orm.sql.ast.create - Registration of TableGroup [org.hibernate.sql.ast.tree.from.OneToManyTableGroup@2824afa8] with identifierForTableGroup [org.frcpm.models.Project.milestones] for NavigablePath [org.frcpm.models.Project.milestones] 
10:24:16.069 [main] DEBUG org.hibernate.orm.sql.ast.create - Registration of TableGroup [StandardTableGroup(org.frcpm.models.Project.milestones.{element})] with identifierForTableGroup [org.frcpm.models.Project.milestones.{element}] for NavigablePath [org.frcpm.models.Project.milestones.{element}] 
10:24:16.069 [main] DEBUG org.hibernate.orm.sql.ast.create - Registration of TableGroup [org.hibernate.sql.ast.tree.from.LazyTableGroup@32d4ad7b] with identifierForTableGroup [org.frcpm.models.Project.milestones.{element}.project] for NavigablePath [org.frcpm.models.Project.milestones.{element}.project] 
10:24:16.069 [main] DEBUG org.hibernate.orm.results.graph.AST - DomainResult Graph:
 \-CollectionDomainResult [org.frcpm.models.Project.milestones]

10:24:16.069 [main] DEBUG org.hibernate.orm.sql.ast.tree - SQL AST Tree:
    SelectStatement {
      FromClause {
        OneToManyTableGroup (m1 : org.frcpm.models.Project.milestones) {
          primaryTableReference : milestones as m1_0
          TableGroupJoins {
            left  join LazyTableGroup (p1 : org.frcpm.models.Project.milestones.{element}.project) {
            }
          }
        }
      }
    }

10:24:16.069 [main] DEBUG org.hibernate.orm.jdbc.mutation - Static SQL for collection: org.frcpm.models.Project.milestones
10:24:16.069 [main] DEBUG org.hibernate.orm.sql.ast.create - Created new SQL alias : rft1_0
10:24:16.069 [main] DEBUG org.hibernate.orm.sql.ast.create - Registration of TableGroup [CollectionTableGroup(org.frcpm.models.Component.requiredForTasks)] with identifierForTableGroup [org.frcpm.models.Component.requiredForTasks] for NavigablePath [org.frcpm.models.Component.requiredForTasks] 
10:24:16.069 [main] DEBUG org.hibernate.orm.sql.ast.create - Registration of TableGroup [org.hibernate.sql.ast.tree.from.LazyTableGroup@c47ff28] with identifierForTableGroup [org.frcpm.models.Component.requiredForTasks.{element}] for NavigablePath [org.frcpm.models.Component.requiredForTasks.{element}] 
10:24:16.069 [main] DEBUG org.hibernate.orm.sql.ast.create - Created new SQL alias : rft1_1
10:24:16.069 [main] DEBUG org.hibernate.orm.sql.ast.create - Registration of TableGroup [org.hibernate.sql.ast.tree.from.LazyTableGroup@19348e7] with identifierForTableGroup [org.frcpm.models.Component.requiredForTasks.{element}.project] for NavigablePath [org.frcpm.models.Component.requiredForTasks.{element}.project] 
10:24:16.070 [main] DEBUG org.hibernate.orm.sql.ast.create - Registration of TableGroup [org.hibernate.sql.ast.tree.from.LazyTableGroup@22c58bb5] with identifierForTableGroup [org.frcpm.models.Component.requiredForTasks.{element}.subsystem] for NavigablePath [org.frcpm.models.Component.requiredForTasks.{element}.subsystem] 
10:24:16.070 [main] DEBUG org.hibernate.orm.results.graph.AST - DomainResult Graph:
 \-CollectionDomainResult [org.frcpm.models.Component.requiredForTasks]

10:24:16.070 [main] DEBUG org.hibernate.orm.sql.ast.tree - SQL AST Tree:
    SelectStatement {
      FromClause {
        CollectionTableGroup (rft1 : org.frcpm.models.Component.requiredForTasks) {
          primaryTableReference : task_components as rft1_0
          TableGroupJoins {
             join LazyTableGroup (rft1 : org.frcpm.models.Component.requiredForTasks.{element}) {
              primaryTableReference : tasks as rft1_1
              TableGroupJoins {
                left  join LazyTableGroup (p1 : org.frcpm.models.Component.requiredForTasks.{element}.project) {
                }
                left  join LazyTableGroup (s1 : org.frcpm.models.Component.requiredForTasks.{element}.subsystem) {
                }
              }
            }
          }
        }
      }
    }

10:24:16.070 [main] DEBUG org.hibernate.orm.jdbc.mutation - Static SQL for collection: org.frcpm.models.Component.requiredForTasks
10:24:16.070 [main] DEBUG org.hibernate.orm.sql.ast.create - Created new SQL alias : m1_0
10:24:16.070 [main] DEBUG org.hibernate.orm.sql.ast.create - Registration of TableGroup [org.hibernate.sql.ast.tree.from.OneToManyTableGroup@a8728c4] with identifierForTableGroup [org.frcpm.models.Project.meetings] for NavigablePath [org.frcpm.models.Project.meetings] 
10:24:16.070 [main] DEBUG org.hibernate.orm.sql.ast.create - Registration of TableGroup [StandardTableGroup(org.frcpm.models.Project.meetings.{element})] with identifierForTableGroup [org.frcpm.models.Project.meetings.{element}] for NavigablePath [org.frcpm.models.Project.meetings.{element}] 
10:24:16.070 [main] DEBUG org.hibernate.orm.sql.ast.create - Registration of TableGroup [org.hibernate.sql.ast.tree.from.LazyTableGroup@4060ce05] with identifierForTableGroup [org.frcpm.models.Project.meetings.{element}.project] for NavigablePath [org.frcpm.models.Project.meetings.{element}.project] 
10:24:16.070 [main] DEBUG org.hibernate.orm.results.graph.AST - DomainResult Graph:
 \-CollectionDomainResult [org.frcpm.models.Project.meetings]

10:24:16.070 [main] DEBUG org.hibernate.orm.sql.ast.tree - SQL AST Tree:
    SelectStatement {
      FromClause {
        OneToManyTableGroup (m1 : org.frcpm.models.Project.meetings) {
          primaryTableReference : meetings as m1_0
          TableGroupJoins {
            left  join LazyTableGroup (p1 : org.frcpm.models.Project.meetings.{element}.project) {
            }
          }
        }
      }
    }

10:24:16.070 [main] DEBUG org.hibernate.orm.jdbc.mutation - Static SQL for collection: org.frcpm.models.Project.meetings
10:24:16.070 [main] DEBUG org.hibernate.orm.sql.ast.create - Created new SQL alias : at1_0
10:24:16.070 [main] DEBUG org.hibernate.orm.sql.ast.create - Registration of TableGroup [CollectionTableGroup(org.frcpm.models.TeamMember.assignedTasks)] with identifierForTableGroup [org.frcpm.models.TeamMember.assignedTasks] for NavigablePath [org.frcpm.models.TeamMember.assignedTasks] 
10:24:16.070 [main] DEBUG org.hibernate.orm.sql.ast.create - Registration of TableGroup [org.hibernate.sql.ast.tree.from.LazyTableGroup@1b981165] with identifierForTableGroup [org.frcpm.models.TeamMember.assignedTasks.{element}] for NavigablePath [org.frcpm.models.TeamMember.assignedTasks.{element}] 
10:24:16.070 [main] DEBUG org.hibernate.orm.sql.ast.create - Created new SQL alias : at1_1
10:24:16.070 [main] DEBUG org.hibernate.orm.sql.ast.create - Registration of TableGroup [org.hibernate.sql.ast.tree.from.LazyTableGroup@286adbda] with identifierForTableGroup [org.frcpm.models.TeamMember.assignedTasks.{element}.project] for NavigablePath [org.frcpm.models.TeamMember.assignedTasks.{element}.project] 
10:24:16.070 [main] DEBUG org.hibernate.orm.sql.ast.create - Registration of TableGroup [org.hibernate.sql.ast.tree.from.LazyTableGroup@13dbbae9] with identifierForTableGroup [org.frcpm.models.TeamMember.assignedTasks.{element}.subsystem] for NavigablePath [org.frcpm.models.TeamMember.assignedTasks.{element}.subsystem] 
10:24:16.070 [main] DEBUG org.hibernate.orm.results.graph.AST - DomainResult Graph:
 \-CollectionDomainResult [org.frcpm.models.TeamMember.assignedTasks]

10:24:16.070 [main] DEBUG org.hibernate.orm.sql.ast.tree - SQL AST Tree:
    SelectStatement {
      FromClause {
        CollectionTableGroup (at1 : org.frcpm.models.TeamMember.assignedTasks) {
          primaryTableReference : task_assignments as at1_0
          TableGroupJoins {
             join LazyTableGroup (at1 : org.frcpm.models.TeamMember.assignedTasks.{element}) {
              primaryTableReference : tasks as at1_1
              TableGroupJoins {
                left  join LazyTableGroup (p1 : org.frcpm.models.TeamMember.assignedTasks.{element}.project) {
                }
                left  join LazyTableGroup (s1 : org.frcpm.models.TeamMember.assignedTasks.{element}.subsystem) {
                }
              }
            }
          }
        }
      }
    }

10:24:16.070 [main] DEBUG org.hibernate.orm.jdbc.mutation - Static SQL for collection: org.frcpm.models.TeamMember.assignedTasks
10:24:16.070 [main] DEBUG org.hibernate.orm.sql.ast.create - Created new SQL alias : a1_0
10:24:16.070 [main] DEBUG org.hibernate.orm.sql.ast.create - Registration of TableGroup [org.hibernate.sql.ast.tree.from.OneToManyTableGroup@36d9341d] with identifierForTableGroup [org.frcpm.models.Meeting.attendances] for NavigablePath [org.frcpm.models.Meeting.attendances] 
10:24:16.070 [main] DEBUG org.hibernate.orm.sql.ast.create - Registration of TableGroup [StandardTableGroup(org.frcpm.models.Meeting.attendances.{element})] with identifierForTableGroup [org.frcpm.models.Meeting.attendances.{element}] for NavigablePath [org.frcpm.models.Meeting.attendances.{element}] 
10:24:16.070 [main] DEBUG org.hibernate.orm.sql.ast.create - Registration of TableGroup [org.hibernate.sql.ast.tree.from.LazyTableGroup@392bc77a] with identifierForTableGroup [org.frcpm.models.Meeting.attendances.{element}.meeting] for NavigablePath [org.frcpm.models.Meeting.attendances.{element}.meeting] 
10:24:16.070 [main] DEBUG org.hibernate.orm.sql.ast.create - Registration of TableGroup [org.hibernate.sql.ast.tree.from.LazyTableGroup@23b8c795] with identifierForTableGroup [org.frcpm.models.Meeting.attendances.{element}.member] for NavigablePath [org.frcpm.models.Meeting.attendances.{element}.member] 
10:24:16.070 [main] DEBUG org.hibernate.orm.results.graph.AST - DomainResult Graph:
 \-CollectionDomainResult [org.frcpm.models.Meeting.attendances]

10:24:16.070 [main] DEBUG org.hibernate.orm.sql.ast.tree - SQL AST Tree:
    SelectStatement {
      FromClause {
        OneToManyTableGroup (a1 : org.frcpm.models.Meeting.attendances) {
          primaryTableReference : attendances as a1_0
          TableGroupJoins {
            left  join LazyTableGroup (m1 : org.frcpm.models.Meeting.attendances.{element}.meeting) {
            }
            left  join LazyTableGroup (m2 : org.frcpm.models.Meeting.attendances.{element}.member) {
            }
          }
        }
      }
    }

10:24:16.070 [main] DEBUG org.hibernate.orm.jdbc.mutation - Static SQL for collection: org.frcpm.models.Meeting.attendances
10:24:16.070 [main] DEBUG org.hibernate.orm.sql.ast.create - Created new SQL alias : pd1_0
10:24:16.070 [main] DEBUG org.hibernate.orm.sql.ast.create - Registration of TableGroup [CollectionTableGroup(org.frcpm.models.Task.postDependencies)] with identifierForTableGroup [org.frcpm.models.Task.postDependencies] for NavigablePath [org.frcpm.models.Task.postDependencies] 
10:24:16.070 [main] DEBUG org.hibernate.orm.sql.ast.create - Registration of TableGroup [org.hibernate.sql.ast.tree.from.LazyTableGroup@3bc97ac9] with identifierForTableGroup [org.frcpm.models.Task.postDependencies.{element}] for NavigablePath [org.frcpm.models.Task.postDependencies.{element}] 
10:24:16.070 [main] DEBUG org.hibernate.orm.sql.ast.create - Created new SQL alias : pd1_1
10:24:16.070 [main] DEBUG org.hibernate.orm.sql.ast.create - Registration of TableGroup [org.hibernate.sql.ast.tree.from.LazyTableGroup@56c68fa] with identifierForTableGroup [org.frcpm.models.Task.postDependencies.{element}.project] for NavigablePath [org.frcpm.models.Task.postDependencies.{element}.project] 
10:24:16.070 [main] DEBUG org.hibernate.orm.sql.ast.create - Registration of TableGroup [org.hibernate.sql.ast.tree.from.LazyTableGroup@4f2deef1] with identifierForTableGroup [org.frcpm.models.Task.postDependencies.{element}.subsystem] for NavigablePath [org.frcpm.models.Task.postDependencies.{element}.subsystem] 
10:24:16.070 [main] DEBUG org.hibernate.orm.results.graph.AST - DomainResult Graph:
 \-CollectionDomainResult [org.frcpm.models.Task.postDependencies]

10:24:16.070 [main] DEBUG org.hibernate.orm.sql.ast.tree - SQL AST Tree:
    SelectStatement {
      FromClause {
        CollectionTableGroup (pd1 : org.frcpm.models.Task.postDependencies) {
          primaryTableReference : task_dependencies as pd1_0
          TableGroupJoins {
             join LazyTableGroup (pd1 : org.frcpm.models.Task.postDependencies.{element}) {
              primaryTableReference : tasks as pd1_1
              TableGroupJoins {
                left  join LazyTableGroup (p1 : org.frcpm.models.Task.postDependencies.{element}.project) {
                }
                left  join LazyTableGroup (s1 : org.frcpm.models.Task.postDependencies.{element}.subsystem) {
                }
              }
            }
          }
        }
      }
    }

10:24:16.070 [main] DEBUG org.hibernate.orm.jdbc.mutation - Static SQL for collection: org.frcpm.models.Task.postDependencies
10:24:16.070 [main] DEBUG org.hibernate.orm.sql.ast.create - Created new SQL alias : t1_0
10:24:16.070 [main] DEBUG org.hibernate.orm.sql.ast.create - Registration of TableGroup [org.hibernate.sql.ast.tree.from.OneToManyTableGroup@598f5e45] with identifierForTableGroup [org.frcpm.models.Project.tasks] for NavigablePath [org.frcpm.models.Project.tasks] 
10:24:16.071 [main] DEBUG org.hibernate.orm.sql.ast.create - Registration of TableGroup [StandardTableGroup(org.frcpm.models.Project.tasks.{element})] with identifierForTableGroup [org.frcpm.models.Project.tasks.{element}] for NavigablePath [org.frcpm.models.Project.tasks.{element}] 
10:24:16.071 [main] DEBUG org.hibernate.orm.sql.ast.create - Registration of TableGroup [org.hibernate.sql.ast.tree.from.LazyTableGroup@55132e22] with identifierForTableGroup [org.frcpm.models.Project.tasks.{element}.project] for NavigablePath [org.frcpm.models.Project.tasks.{element}.project] 
10:24:16.071 [main] DEBUG org.hibernate.orm.sql.ast.create - Registration of TableGroup [org.hibernate.sql.ast.tree.from.LazyTableGroup@5c55b1e7] with identifierForTableGroup [org.frcpm.models.Project.tasks.{element}.subsystem] for NavigablePath [org.frcpm.models.Project.tasks.{element}.subsystem] 
10:24:16.071 [main] DEBUG org.hibernate.orm.results.graph.AST - DomainResult Graph:
 \-CollectionDomainResult [org.frcpm.models.Project.tasks]

10:24:16.071 [main] DEBUG org.hibernate.orm.sql.ast.tree - SQL AST Tree:
    SelectStatement {
      FromClause {
        OneToManyTableGroup (t1 : org.frcpm.models.Project.tasks) {
          primaryTableReference : tasks as t1_0
          TableGroupJoins {
            left  join LazyTableGroup (p1 : org.frcpm.models.Project.tasks.{element}.project) {
            }
            left  join LazyTableGroup (s1 : org.frcpm.models.Project.tasks.{element}.subsystem) {
            }
          }
        }
      }
    }

10:24:16.071 [main] DEBUG org.hibernate.orm.jdbc.mutation - Static SQL for collection: org.frcpm.models.Project.tasks
10:24:16.075 [main] DEBUG org.hibernate.type.spi.TypeConfiguration$Scope - Scoping TypeConfiguration [org.hibernate.type.spi.TypeConfiguration@47b858bd] to SessionFactoryImplementor [org.hibernate.internal.SessionFactoryImpl@3a631ce]
10:24:16.075 [main] DEBUG org.hibernate.query.named.NamedObjectRepository - Checking 0 named HQL queries
10:24:16.075 [main] DEBUG org.hibernate.query.named.NamedObjectRepository - Checking 0 named SQL queries
10:24:16.076 [main] DEBUG org.hibernate.mapping.Table - No alter strings for table : attendances
10:24:16.076 [main] DEBUG org.hibernate.SQL - alter table if exists components alter column description set data type TEXT
10:24:16.076 [main] DEBUG org.hibernate.SQL - alter table if exists meetings alter column notes set data type TEXT
10:24:16.076 [main] DEBUG org.hibernate.SQL - alter table if exists milestones alter column description set data type TEXT
10:24:16.076 [main] DEBUG org.hibernate.SQL - alter table if exists projects alter column description set data type TEXT
10:24:16.076 [main] DEBUG org.hibernate.SQL - alter table if exists subsystems alter column description set data type TEXT
10:24:16.077 [main] DEBUG org.hibernate.SQL - alter table if exists subteams alter column specialties set data type TEXT
10:24:16.077 [main] DEBUG org.hibernate.mapping.Table - No alter strings for table : task_assignments
10:24:16.077 [main] DEBUG org.hibernate.mapping.Table - No alter strings for table : task_components
10:24:16.077 [main] DEBUG org.hibernate.mapping.Table - No alter strings for table : task_dependencies
10:24:16.078 [main] DEBUG org.hibernate.SQL - alter table if exists tasks alter column description set data type TEXT
10:24:16.079 [main] DEBUG org.hibernate.SQL - alter table if exists team_members alter column skills set data type TEXT
10:24:16.080 [main] DEBUG org.hibernate.SQL - alter table if exists attendances drop constraint if exists UKa8ydr6vrgbux3a27v7enb0y3x
10:24:16.081 [main] DEBUG org.hibernate.SQL - alter table if exists attendances add constraint UKa8ydr6vrgbux3a27v7enb0y3x unique (meeting_id, member_id)
10:24:16.085 [main] DEBUG org.hibernate.internal.SessionFactoryRegistry - Registering SessionFactory: bc6c6230-2aba-4447-9289-12a650ae706e (<unnamed>)
10:24:16.085 [main] DEBUG org.hibernate.internal.SessionFactoryRegistry - Not binding SessionFactory to JNDI, no JNDI name configured
10:24:16.085 [main] DEBUG org.hibernate.internal.SessionFactoryImpl - Instantiated SessionFactory
10:24:16.085 [main] DEBUG org.hibernate.stat.internal.StatisticsInitiator - Statistics initialized [enabled=false]
10:24:16.085 [main] DEBUG org.hibernate.engine.transaction.internal.TransactionImpl - On TransactionImpl creation, JpaCompliance#isJpaTransactionComplianceEnabled == false
10:24:16.085 [main] DEBUG org.hibernate.engine.transaction.internal.TransactionImpl - begin
10:24:16.086 [main] DEBUG org.hibernate.engine.spi.ActionQueue - Executing identity-insert immediately
10:24:16.086 [main] DEBUG org.hibernate.SQL - insert into projects (description,goal_end_date,hard_deadline,name,start_date,id) values (?,?,?,?,?,default)
10:24:16.086 [main] DEBUG org.hibernate.orm.results - Initializer list is empty
10:24:16.086 [main] DEBUG org.hibernate.orm.results.loading - Calling top-level assembler (0 / 1) : org.hibernate.sql.results.graph.basic.BasicResultAssembler@48d72144
10:24:16.086 [main] DEBUG org.hibernate.orm.results - Extracted JDBC value [0] - [166]
10:24:16.086 [main] DEBUG org.hibernate.id.IdentifierGeneratorHelper - Extracted generated values [org.frcpm.models.Project]: [Ljava.lang.Object;@43cabf8d
10:24:16.087 [main] DEBUG org.hibernate.event.internal.AbstractFlushingEventListener - Processing flush-time cascades
10:24:16.087 [main] DEBUG org.hibernate.event.internal.AbstractFlushingEventListener - Dirty checking collections
10:24:16.087 [main] DEBUG org.hibernate.engine.internal.Collections - Collection found: [org.frcpm.models.Project.meetings#166], was: [<unreferenced>] (initialized)
10:24:16.087 [main] DEBUG org.hibernate.engine.internal.Collections - Collection found: [org.frcpm.models.Project.milestones#166], was: [<unreferenced>] (initialized)
10:24:16.087 [main] DEBUG org.hibernate.engine.internal.Collections - Collection found: [org.frcpm.models.Project.tasks#166], was: [<unreferenced>] (initialized)
10:24:16.087 [main] DEBUG org.hibernate.event.internal.AbstractFlushingEventListener - Flushed: 0 insertions, 0 updates, 0 deletions to 1 objects
10:24:16.087 [main] DEBUG org.hibernate.event.internal.AbstractFlushingEventListener - Flushed: 3 (re)creations, 0 updates, 0 removals to 3 collections
10:24:16.087 [main] DEBUG org.hibernate.internal.util.EntityPrinter - Listing entities:
10:24:16.087 [main] DEBUG org.hibernate.internal.util.EntityPrinter - org.frcpm.models.Project{hardDeadline=2025-06-20, name=Test Attendance Project, description=null, meetings=[], id=166, goalEndDate=2025-06-06, milestones=[], startDate=2025-04-25, tasks=[]}
10:24:16.087 [main] DEBUG org.hibernate.engine.transaction.internal.TransactionImpl - committing
10:24:16.087 [main] DEBUG org.hibernate.event.internal.AbstractFlushingEventListener - Processing flush-time cascades
10:24:16.087 [main] DEBUG org.hibernate.event.internal.AbstractFlushingEventListener - Dirty checking collections
10:24:16.088 [main] DEBUG org.hibernate.engine.internal.Collections - Collection found: [org.frcpm.models.Project.meetings#166], was: [org.frcpm.models.Project.meetings#166] (initialized)
10:24:16.088 [main] DEBUG org.hibernate.engine.internal.Collections - Collection found: [org.frcpm.models.Project.milestones#166], was: [org.frcpm.models.Project.milestones#166] (initialized)
10:24:16.088 [main] DEBUG org.hibernate.engine.internal.Collections - Collection found: [org.frcpm.models.Project.tasks#166], was: [org.frcpm.models.Project.tasks#166] (initialized)
10:24:16.088 [main] DEBUG org.hibernate.event.internal.AbstractFlushingEventListener - Flushed: 0 insertions, 0 updates, 0 deletions to 1 objects
10:24:16.088 [main] DEBUG org.hibernate.event.internal.AbstractFlushingEventListener - Flushed: 0 (re)creations, 0 updates, 0 removals to 3 collections
10:24:16.088 [main] DEBUG org.hibernate.internal.util.EntityPrinter - Listing entities:
10:24:16.088 [main] DEBUG org.hibernate.internal.util.EntityPrinter - org.frcpm.models.Project{hardDeadline=2025-06-20, name=Test Attendance Project, description=null, meetings=[], id=166, goalEndDate=2025-06-06, milestones=[], startDate=2025-04-25, tasks=[]}
10:24:16.088 [main] DEBUG org.hibernate.resource.jdbc.internal.LogicalConnectionManagedImpl - Initiating JDBC connection release from afterTransaction
10:24:16.088 [main] DEBUG org.hibernate.resource.jdbc.internal.LogicalConnectionManagedImpl - Initiating JDBC connection release from afterTransaction
10:24:16.088 [main] DEBUG org.hibernate.engine.transaction.internal.TransactionImpl - On TransactionImpl creation, JpaCompliance#isJpaTransactionComplianceEnabled == false
10:24:16.088 [main] DEBUG org.hibernate.engine.transaction.internal.TransactionImpl - begin
10:24:16.088 [main] DEBUG org.hibernate.engine.spi.ActionQueue - Executing identity-insert immediately
10:24:16.088 [main] DEBUG org.hibernate.SQL - insert into meetings (date,end_time,notes,project_id,start_time,id) values (?,?,?,?,?,default)
10:24:16.089 [main] DEBUG org.hibernate.orm.results - Initializer list is empty
10:24:16.089 [main] DEBUG org.hibernate.orm.results.loading - Calling top-level assembler (0 / 1) : org.hibernate.sql.results.graph.basic.BasicResultAssembler@3bef36af
10:24:16.089 [main] DEBUG org.hibernate.orm.results - Extracted JDBC value [0] - [100]
10:24:16.089 [main] DEBUG org.hibernate.id.IdentifierGeneratorHelper - Extracted generated values [org.frcpm.models.Meeting]: [Ljava.lang.Object;@1f0c054a
10:24:16.089 [main] DEBUG org.hibernate.event.internal.AbstractFlushingEventListener - Processing flush-time cascades
10:24:16.089 [main] DEBUG org.hibernate.event.internal.AbstractFlushingEventListener - Dirty checking collections
10:24:16.089 [main] DEBUG org.hibernate.engine.internal.Collections - Collection found: [org.frcpm.models.Meeting.attendances#100], was: [<unreferenced>] (initialized)
10:24:16.089 [main] DEBUG org.hibernate.event.internal.AbstractFlushingEventListener - Flushed: 0 insertions, 0 updates, 0 deletions to 1 objects
10:24:16.089 [main] DEBUG org.hibernate.event.internal.AbstractFlushingEventListener - Flushed: 1 (re)creations, 0 updates, 0 removals to 1 collections
10:24:16.089 [main] DEBUG org.hibernate.internal.util.EntityPrinter - Listing entities:
10:24:16.089 [main] DEBUG org.hibernate.internal.util.EntityPrinter - org.frcpm.models.Meeting{date=2025-04-26, notes=null, project=org.frcpm.models.Project#166, startTime=18:00, id=100, endTime=20:00, attendances=[]}
10:24:16.089 [main] DEBUG org.hibernate.engine.transaction.internal.TransactionImpl - committing
10:24:16.089 [main] DEBUG org.hibernate.event.internal.AbstractFlushingEventListener - Processing flush-time cascades
10:24:16.089 [main] DEBUG org.hibernate.event.internal.AbstractFlushingEventListener - Dirty checking collections
10:24:16.089 [main] DEBUG org.hibernate.engine.internal.Collections - Collection found: [org.frcpm.models.Meeting.attendances#100], was: [org.frcpm.models.Meeting.attendances#100] (initialized)
10:24:16.089 [main] DEBUG org.hibernate.event.internal.AbstractFlushingEventListener - Flushed: 0 insertions, 0 updates, 0 deletions to 1 objects
10:24:16.089 [main] DEBUG org.hibernate.event.internal.AbstractFlushingEventListener - Flushed: 0 (re)creations, 0 updates, 0 removals to 1 collections
10:24:16.089 [main] DEBUG org.hibernate.internal.util.EntityPrinter - Listing entities:
10:24:16.089 [main] DEBUG org.hibernate.internal.util.EntityPrinter - org.frcpm.models.Meeting{date=2025-04-26, notes=null, project=org.frcpm.models.Project#166, startTime=18:00, id=100, endTime=20:00, attendances=[]}
10:24:16.090 [main] DEBUG org.hibernate.resource.jdbc.internal.LogicalConnectionManagedImpl - Initiating JDBC connection release from afterTransaction
10:24:16.090 [main] DEBUG org.hibernate.resource.jdbc.internal.LogicalConnectionManagedImpl - Initiating JDBC connection release from afterTransaction
10:24:16.090 [main] DEBUG org.hibernate.engine.transaction.internal.TransactionImpl - On TransactionImpl creation, JpaCompliance#isJpaTransactionComplianceEnabled == false
10:24:16.090 [main] DEBUG org.hibernate.engine.transaction.internal.TransactionImpl - begin
10:24:16.090 [main] DEBUG org.hibernate.engine.spi.ActionQueue - Executing identity-insert immediately
10:24:16.090 [main] DEBUG org.hibernate.SQL - insert into team_members (email,first_name,last_name,is_leader,phone,skills,subteam_id,username,id) values (?,?,?,?,?,?,?,?,default)
10:24:16.090 [main] DEBUG org.hibernate.orm.results - Initializer list is empty
10:24:16.090 [main] DEBUG org.hibernate.orm.results.loading - Calling top-level assembler (0 / 1) : org.hibernate.sql.results.graph.basic.BasicResultAssembler@14b041fb
10:24:16.090 [main] DEBUG org.hibernate.orm.results - Extracted JDBC value [0] - [155]
10:24:16.090 [main] DEBUG org.hibernate.id.IdentifierGeneratorHelper - Extracted generated values [org.frcpm.models.TeamMember]: [Ljava.lang.Object;@28d9d8f1
10:24:16.090 [main] DEBUG org.hibernate.event.internal.AbstractFlushingEventListener - Processing flush-time cascades
10:24:16.090 [main] DEBUG org.hibernate.event.internal.AbstractFlushingEventListener - Dirty checking collections
10:24:16.091 [main] DEBUG org.hibernate.engine.internal.Collections - Collection found: [org.frcpm.models.TeamMember.assignedTasks#155], was: [<unreferenced>] (initialized)
10:24:16.091 [main] DEBUG org.hibernate.engine.internal.Collections - Collection found: [org.frcpm.models.TeamMember.attendances#155], was: [<unreferenced>] (initialized)
10:24:16.091 [main] DEBUG org.hibernate.event.internal.AbstractFlushingEventListener - Flushed: 0 insertions, 0 updates, 0 deletions to 1 objects
10:24:16.091 [main] DEBUG org.hibernate.event.internal.AbstractFlushingEventListener - Flushed: 2 (re)creations, 0 updates, 0 removals to 2 collections
10:24:16.091 [main] DEBUG org.hibernate.internal.util.EntityPrinter - Listing entities:
10:24:16.091 [main] DEBUG org.hibernate.internal.util.EntityPrinter - org.frcpm.models.TeamMember{skills=null, firstName=Attendance, lastName=Test1, leader=false, subteam=null, phone=null, id=155, attendances=[], email=attendance1@example.com, assignedTasks=[], username=attendancetest1}
10:24:16.091 [main] DEBUG org.hibernate.engine.transaction.internal.TransactionImpl - committing
10:24:16.091 [main] DEBUG org.hibernate.event.internal.AbstractFlushingEventListener - Processing flush-time cascades
10:24:16.091 [main] DEBUG org.hibernate.event.internal.AbstractFlushingEventListener - Dirty checking collections
10:24:16.091 [main] DEBUG org.hibernate.engine.internal.Collections - Collection found: [org.frcpm.models.TeamMember.assignedTasks#155], was: [org.frcpm.models.TeamMember.assignedTasks#155] (initialized)
10:24:16.091 [main] DEBUG org.hibernate.engine.internal.Collections - Collection found: [org.frcpm.models.TeamMember.attendances#155], was: [org.frcpm.models.TeamMember.attendances#155] (initialized)
10:24:16.091 [main] DEBUG org.hibernate.event.internal.AbstractFlushingEventListener - Flushed: 0 insertions, 0 updates, 0 deletions to 1 objects
10:24:16.091 [main] DEBUG org.hibernate.event.internal.AbstractFlushingEventListener - Flushed: 0 (re)creations, 0 updates, 0 removals to 2 collections
10:24:16.091 [main] DEBUG org.hibernate.internal.util.EntityPrinter - Listing entities:
10:24:16.091 [main] DEBUG org.hibernate.internal.util.EntityPrinter - org.frcpm.models.TeamMember{skills=null, firstName=Attendance, lastName=Test1, leader=false, subteam=null, phone=null, id=155, attendances=[], email=attendance1@example.com, assignedTasks=[], username=attendancetest1}
10:24:16.091 [main] DEBUG org.hibernate.resource.jdbc.internal.LogicalConnectionManagedImpl - Initiating JDBC connection release from afterTransaction
10:24:16.091 [main] DEBUG org.hibernate.resource.jdbc.internal.LogicalConnectionManagedImpl - Initiating JDBC connection release from afterTransaction
10:24:16.091 [main] DEBUG org.hibernate.engine.transaction.internal.TransactionImpl - On TransactionImpl creation, JpaCompliance#isJpaTransactionComplianceEnabled == false
10:24:16.091 [main] DEBUG org.hibernate.engine.transaction.internal.TransactionImpl - begin
10:24:16.091 [main] DEBUG org.hibernate.engine.spi.ActionQueue - Executing identity-insert immediately
10:24:16.091 [main] DEBUG org.hibernate.SQL - insert into team_members (email,first_name,last_name,is_leader,phone,skills,subteam_id,username,id) values (?,?,?,?,?,?,?,?,default)
10:24:16.092 [main] DEBUG org.hibernate.orm.results - Initializer list is empty
10:24:16.092 [main] DEBUG org.hibernate.orm.results.loading - Calling top-level assembler (0 / 1) : org.hibernate.sql.results.graph.basic.BasicResultAssembler@2f288883
10:24:16.092 [main] DEBUG org.hibernate.orm.results - Extracted JDBC value [0] - [156]
10:24:16.092 [main] DEBUG org.hibernate.id.IdentifierGeneratorHelper - Extracted generated values [org.frcpm.models.TeamMember]: [Ljava.lang.Object;@1f75d01e
10:24:16.092 [main] DEBUG org.hibernate.event.internal.AbstractFlushingEventListener - Processing flush-time cascades
10:24:16.092 [main] DEBUG org.hibernate.event.internal.AbstractFlushingEventListener - Dirty checking collections
10:24:16.092 [main] DEBUG org.hibernate.engine.internal.Collections - Collection found: [org.frcpm.models.TeamMember.assignedTasks#156], was: [<unreferenced>] (initialized)
10:24:16.092 [main] DEBUG org.hibernate.engine.internal.Collections - Collection found: [org.frcpm.models.TeamMember.attendances#156], was: [<unreferenced>] (initialized)
10:24:16.092 [main] DEBUG org.hibernate.event.internal.AbstractFlushingEventListener - Flushed: 0 insertions, 0 updates, 0 deletions to 1 objects
10:24:16.092 [main] DEBUG org.hibernate.event.internal.AbstractFlushingEventListener - Flushed: 2 (re)creations, 0 updates, 0 removals to 2 collections
10:24:16.092 [main] DEBUG org.hibernate.internal.util.EntityPrinter - Listing entities:
10:24:16.092 [main] DEBUG org.hibernate.internal.util.EntityPrinter - org.frcpm.models.TeamMember{skills=null, firstName=Attendance, lastName=Test2, leader=false, subteam=null, phone=null, id=156, attendances=[], email=attendance2@example.com, assignedTasks=[], username=attendancetest2}
10:24:16.092 [main] DEBUG org.hibernate.engine.transaction.internal.TransactionImpl - committing
10:24:16.092 [main] DEBUG org.hibernate.event.internal.AbstractFlushingEventListener - Processing flush-time cascades
10:24:16.092 [main] DEBUG org.hibernate.event.internal.AbstractFlushingEventListener - Dirty checking collections
10:24:16.092 [main] DEBUG org.hibernate.engine.internal.Collections - Collection found: [org.frcpm.models.TeamMember.assignedTasks#156], was: [org.frcpm.models.TeamMember.assignedTasks#156] (initialized)
10:24:16.092 [main] DEBUG org.hibernate.engine.internal.Collections - Collection found: [org.frcpm.models.TeamMember.attendances#156], was: [org.frcpm.models.TeamMember.attendances#156] (initialized)
10:24:16.092 [main] DEBUG org.hibernate.event.internal.AbstractFlushingEventListener - Flushed: 0 insertions, 0 updates, 0 deletions to 1 objects
10:24:16.092 [main] DEBUG org.hibernate.event.internal.AbstractFlushingEventListener - Flushed: 0 (re)creations, 0 updates, 0 removals to 2 collections
10:24:16.092 [main] DEBUG org.hibernate.internal.util.EntityPrinter - Listing entities:
10:24:16.092 [main] DEBUG org.hibernate.internal.util.EntityPrinter - org.frcpm.models.TeamMember{skills=null, firstName=Attendance, lastName=Test2, leader=false, subteam=null, phone=null, id=156, attendances=[], email=attendance2@example.com, assignedTasks=[], username=attendancetest2}
10:24:16.092 [main] DEBUG org.hibernate.resource.jdbc.internal.LogicalConnectionManagedImpl - Initiating JDBC connection release from afterTransaction
10:24:16.092 [main] DEBUG org.hibernate.resource.jdbc.internal.LogicalConnectionManagedImpl - Initiating JDBC connection release from afterTransaction
10:24:16.093 [main] DEBUG org.hibernate.engine.transaction.internal.TransactionImpl - On TransactionImpl creation, JpaCompliance#isJpaTransactionComplianceEnabled == false
10:24:16.093 [main] DEBUG org.hibernate.engine.transaction.internal.TransactionImpl - begin
10:24:16.093 [FRC-PM-HikariCP connection adder] DEBUG com.zaxxer.hikari.pool.HikariPool - FRC-PM-HikariCP - After adding stats (total=2, active=0, idle=2, waiting=0)
10:24:16.093 [main] DEBUG org.hibernate.engine.spi.ActionQueue - Executing identity-insert immediately
10:24:16.093 [main] DEBUG org.hibernate.SQL - insert into attendances (arrival_time,departure_time,meeting_id,member_id,present,id) values (?,?,?,?,?,default)
10:24:16.094 [main] DEBUG org.hibernate.orm.results - Initializer list is empty
10:24:16.094 [main] DEBUG org.hibernate.orm.results.loading - Calling top-level assembler (0 / 1) : org.hibernate.sql.results.graph.basic.BasicResultAssembler@36a7f23e
10:24:16.094 [main] DEBUG org.hibernate.orm.results - Extracted JDBC value [0] - [98]
10:24:16.094 [main] DEBUG org.hibernate.id.IdentifierGeneratorHelper - Extracted generated values [org.frcpm.models.Attendance]: [Ljava.lang.Object;@20c7f96f
10:24:16.094 [main] DEBUG org.hibernate.event.internal.AbstractFlushingEventListener - Processing flush-time cascades
10:24:16.094 [main] DEBUG org.hibernate.event.internal.AbstractFlushingEventListener - Dirty checking collections
10:24:16.094 [main] DEBUG org.hibernate.event.internal.AbstractFlushingEventListener - Flushed: 0 insertions, 0 updates, 0 deletions to 1 objects
10:24:16.094 [main] DEBUG org.hibernate.event.internal.AbstractFlushingEventListener - Flushed: 0 (re)creations, 0 updates, 0 removals to 0 collections
10:24:16.094 [main] DEBUG org.hibernate.internal.util.EntityPrinter - Listing entities:
10:24:16.094 [main] DEBUG org.hibernate.internal.util.EntityPrinter - org.frcpm.models.Attendance{departureTime=20:00, arrivalTime=18:00, member=org.frcpm.models.TeamMember#155, id=98, present=true, meeting=org.frcpm.models.Meeting#100}
10:24:16.094 [main] DEBUG org.hibernate.engine.transaction.internal.TransactionImpl - committing
10:24:16.094 [main] DEBUG org.hibernate.event.internal.AbstractFlushingEventListener - Processing flush-time cascades
10:24:16.094 [main] DEBUG org.hibernate.event.internal.AbstractFlushingEventListener - Dirty checking collections
10:24:16.095 [main] DEBUG org.hibernate.event.internal.AbstractFlushingEventListener - Flushed: 0 insertions, 0 updates, 0 deletions to 1 objects
10:24:16.095 [main] DEBUG org.hibernate.event.internal.AbstractFlushingEventListener - Flushed: 0 (re)creations, 0 updates, 0 removals to 0 collections
10:24:16.095 [main] DEBUG org.hibernate.internal.util.EntityPrinter - Listing entities:
10:24:16.095 [main] DEBUG org.hibernate.internal.util.EntityPrinter - org.frcpm.models.Attendance{departureTime=20:00, arrivalTime=18:00, member=org.frcpm.models.TeamMember#155, id=98, present=true, meeting=org.frcpm.models.Meeting#100}
10:24:16.095 [main] DEBUG org.hibernate.resource.jdbc.internal.LogicalConnectionManagedImpl - Initiating JDBC connection release from afterTransaction
10:24:16.095 [main] DEBUG org.hibernate.resource.jdbc.internal.LogicalConnectionManagedImpl - Initiating JDBC connection release from afterTransaction
10:24:16.095 [main] DEBUG org.hibernate.engine.transaction.internal.TransactionImpl - On TransactionImpl creation, JpaCompliance#isJpaTransactionComplianceEnabled == false
10:24:16.095 [main] DEBUG org.hibernate.engine.transaction.internal.TransactionImpl - begin
10:24:16.096 [main] DEBUG org.hibernate.engine.spi.ActionQueue - Executing identity-insert immediately
10:24:16.096 [main] DEBUG org.hibernate.SQL - insert into attendances (arrival_time,departure_time,meeting_id,member_id,present,id) values (?,?,?,?,?,default)
10:24:16.096 [main] DEBUG org.hibernate.orm.results - Initializer list is empty
10:24:16.096 [main] DEBUG org.hibernate.orm.results.loading - Calling top-level assembler (0 / 1) : org.hibernate.sql.results.graph.basic.BasicResultAssembler@5ff58ee7
10:24:16.096 [main] DEBUG org.hibernate.orm.results - Extracted JDBC value [0] - [99]
10:24:16.096 [main] DEBUG org.hibernate.id.IdentifierGeneratorHelper - Extracted generated values [org.frcpm.models.Attendance]: [Ljava.lang.Object;@684bbe81
10:24:16.097 [main] DEBUG org.hibernate.event.internal.AbstractFlushingEventListener - Processing flush-time cascades
10:24:16.097 [main] DEBUG org.hibernate.event.internal.AbstractFlushingEventListener - Dirty checking collections
10:24:16.097 [main] DEBUG org.hibernate.event.internal.AbstractFlushingEventListener - Flushed: 0 insertions, 0 updates, 0 deletions to 1 objects
10:24:16.097 [main] DEBUG org.hibernate.event.internal.AbstractFlushingEventListener - Flushed: 0 (re)creations, 0 updates, 0 removals to 0 collections
10:24:16.097 [main] DEBUG org.hibernate.internal.util.EntityPrinter - Listing entities:
10:24:16.097 [main] DEBUG org.hibernate.internal.util.EntityPrinter - org.frcpm.models.Attendance{departureTime=null, arrivalTime=null, member=org.frcpm.models.TeamMember#156, id=99, present=false, meeting=org.frcpm.models.Meeting#100}
10:24:16.097 [main] DEBUG org.hibernate.engine.transaction.internal.TransactionImpl - committing
10:24:16.097 [main] DEBUG org.hibernate.event.internal.AbstractFlushingEventListener - Processing flush-time cascades
10:24:16.097 [main] DEBUG org.hibernate.event.internal.AbstractFlushingEventListener - Dirty checking collections
10:24:16.097 [main] DEBUG org.hibernate.event.internal.AbstractFlushingEventListener - Flushed: 0 insertions, 0 updates, 0 deletions to 1 objects
10:24:16.098 [main] DEBUG org.hibernate.event.internal.AbstractFlushingEventListener - Flushed: 0 (re)creations, 0 updates, 0 removals to 0 collections
10:24:16.098 [main] DEBUG org.hibernate.internal.util.EntityPrinter - Listing entities:
10:24:16.098 [main] DEBUG org.hibernate.internal.util.EntityPrinter - org.frcpm.models.Attendance{departureTime=null, arrivalTime=null, member=org.frcpm.models.TeamMember#156, id=99, present=false, meeting=org.frcpm.models.Meeting#100}
10:24:16.098 [main] DEBUG org.hibernate.resource.jdbc.internal.LogicalConnectionManagedImpl - Initiating JDBC connection release from afterTransaction
10:24:16.098 [main] DEBUG org.hibernate.resource.jdbc.internal.LogicalConnectionManagedImpl - Initiating JDBC connection release from afterTransaction
10:24:16.099 [main] DEBUG org.hibernate.orm.query.hql - HQL : SELECT a FROM Attendance a WHERE a.meeting = :meeting
10:24:16.100 [main] DEBUG org.hibernate.orm.query.sqm.creation - Applying inferable type to SqmExpression [SqmNamedParameter(meeting)] : null -> org.frcpm.models.Attendance#meeting(MANY_TO_ONE)
10:24:16.100 [main] DEBUG org.hibernate.orm.query.sqm.ast - SqmStatement Tree :
    -> [select]
      -> [query-spec]
        -> [select]
          -> [selection]
            -> [root] - `org.frcpm.models.Attendance(a)`
            <- [root] - `org.frcpm.models.Attendance(a)`
          <- [selection]
        <- [select]
        -> [from]
          -> [root] - `org.frcpm.models.Attendance(a)`
          <- [root] - `org.frcpm.models.Attendance(a)`
        <- [from]
        -> [where]
          -> [EQUAL]
              -> [entity-path] - `org.frcpm.models.Attendance(a).meeting`
              :meeting
          <- [EQUAL]
        <- [where]
      <- [query-spec]
    <- [select]

10:24:16.100 [main] DEBUG org.hibernate.orm.sql.ast.create - Created new SQL alias : a1_0
10:24:16.101 [main] DEBUG org.hibernate.orm.sql.ast.create - Registration of TableGroup [StandardTableGroup(org.frcpm.models.Attendance(a))] with identifierForTableGroup [org.frcpm.models.Attendance] for NavigablePath [org.frcpm.models.Attendance] 
10:24:16.101 [main] DEBUG org.hibernate.orm.sql.ast.create - Registration of TableGroup [org.hibernate.sql.ast.tree.from.LazyTableGroup@2d32d675] with identifierForTableGroup [org.frcpm.models.Attendance.meeting] for NavigablePath [org.frcpm.models.Attendance.meeting] 
10:24:16.101 [main] DEBUG org.hibernate.orm.sql.ast.create - Registration of TableGroup [org.hibernate.sql.ast.tree.from.LazyTableGroup@5bca17f7] with identifierForTableGroup [org.frcpm.models.Attendance.member] for NavigablePath [org.frcpm.models.Attendance.member] 
10:24:16.101 [main] DEBUG org.hibernate.orm.sql.ast.create - Registration of TableGroup [org.hibernate.sql.ast.tree.from.LazyTableGroup@3e74dd8d] with identifierForTableGroup [org.frcpm.models.Attendance.meeting] for NavigablePath [org.frcpm.models.Attendance.meeting] 
10:24:16.101 [main] DEBUG org.hibernate.orm.sql.ast.create - Registration of TableGroup [org.hibernate.sql.ast.tree.from.LazyTableGroup@3e74dd8d] for NavigablePath [org.frcpm.models.Attendance(a).meeting] overrode previous registration : org.hibernate.sql.ast.tree.from.LazyTableGroup@2d32d675
10:24:16.101 [main] DEBUG org.hibernate.query.sqm.sql.BaseSqmToSqlAstConverter - Determining mapping-model type for SqmParameter : SqmNamedParameter(meeting)
10:24:16.101 [main] DEBUG org.hibernate.query.sqm.sql.BaseSqmToSqlAstConverter - Determining mapping-model type for SqmParameter : SqmNamedParameter(meeting)
10:24:16.101 [main] DEBUG org.hibernate.query.sqm.sql.BaseSqmToSqlAstConverter - Determining mapping-model type for SqmPath : SqmEntityValuedSimplePath(org.frcpm.models.Attendance(a).meeting) 
10:24:16.101 [main] DEBUG org.hibernate.orm.results.graph.AST - DomainResult Graph:
 \-EntityResultImpl [org.frcpm.models.Attendance(a)]
 |  +-BasicFetch [org.frcpm.models.Attendance(a).arrivalTime]
 |  +-BasicFetch [org.frcpm.models.Attendance(a).departureTime]
 |  +-CircularFetchImpl [org.frcpm.models.Attendance(a).meeting]
 |  +-CircularFetchImpl [org.frcpm.models.Attendance(a).member]
 |  \-BasicFetch [org.frcpm.models.Attendance(a).present]

10:24:16.101 [main] DEBUG org.hibernate.orm.sql.ast.tree - SQL AST Tree:
    SelectStatement {
      FromClause {
        StandardTableGroup (a1 : org.frcpm.models.Attendance(a)) {
          primaryTableReference : attendances as a1_0
          TableGroupJoins {
            left  join LazyTableGroup (m1 : org.frcpm.models.Attendance(a).meeting) {
            }
            left  join LazyTableGroup (m2 : org.frcpm.models.Attendance(a).member) {
            }
             join LazyTableGroup (m3 : org.frcpm.models.Attendance(a).meeting) {
            }
          }
        }
      }
    }

10:24:16.101 [main] DEBUG org.hibernate.orm.sql.exec - Skipping reading Query result cache data: cache-enabled = false, cache-mode = NORMAL
10:24:16.101 [main] DEBUG org.hibernate.orm.results - Initializer list:
	  org.frcpm.models.Attendance(a) -> EntityResultInitializer(org.frcpm.models.Attendance(a))@698708081 (SingleTableEntityPersister(org.frcpm.models.Attendance))
	  org.frcpm.models.Attendance(a).meeting -> EntityDelayedFetchInitializer(org.frcpm.models.Attendance(a).meeting)@1561260208 (ToOneAttributeMapping(NavigableRole[org.frcpm.models.Attendance.meeting])@1166988841)
	  org.frcpm.models.Attendance(a).member -> EntityDelayedFetchInitializer(org.frcpm.models.Attendance(a).member)@987355332 (ToOneAttributeMapping(NavigableRole[org.frcpm.models.Attendance.member])@947716374)

10:24:16.101 [main] DEBUG org.hibernate.SQL - select a1_0.id,a1_0.arrival_time,a1_0.departure_time,a1_0.meeting_id,a1_0.member_id,a1_0.present from attendances a1_0 where a1_0.meeting_id=?
10:24:16.102 [main] DEBUG org.hibernate.orm.results - Extracted JDBC value [0] - [98]
10:24:16.102 [main] DEBUG org.hibernate.orm.results.loading.entity - (EntityResultInitializer) Hydrated EntityKey (org.frcpm.models.Attendance(a)): 98
10:24:16.102 [main] DEBUG org.hibernate.orm.results.loading.entity - (EntityResultInitializer) Created new entity instance [org.frcpm.models.Attendance(a)#98] : 1429974323
10:24:16.102 [main] DEBUG org.hibernate.orm.results - Extracted JDBC value [3] - [100]
10:24:16.102 [main] DEBUG org.hibernate.orm.results - Extracted JDBC value [4] - [155]
10:24:16.102 [main] DEBUG org.hibernate.orm.results - Extracted JDBC value [1] - [18:00]
10:24:16.102 [main] DEBUG org.hibernate.orm.results - Extracted JDBC value [2] - [20:00]
10:24:16.102 [main] DEBUG org.hibernate.orm.results - Extracted JDBC value [5] - [true]
10:24:16.102 [main] DEBUG org.hibernate.orm.results.loading.entity - (EntityResultInitializer) Done materializing entityInstance : org.frcpm.models.Attendance(a)#98
10:24:16.102 [main] DEBUG org.hibernate.orm.results.loading - Calling top-level assembler (0 / 1) : org.hibernate.sql.results.graph.entity.internal.EntityAssembler@51e6333
10:24:16.102 [main] DEBUG org.hibernate.orm.results - Extracted JDBC value [0] - [99]
10:24:16.102 [main] DEBUG org.hibernate.orm.results.loading.entity - (EntityResultInitializer) Hydrated EntityKey (org.frcpm.models.Attendance(a)): 99
10:24:16.102 [main] DEBUG org.hibernate.orm.results.loading.entity - (EntityResultInitializer) Created new entity instance [org.frcpm.models.Attendance(a)#99] : 1893332076
10:24:16.102 [main] DEBUG org.hibernate.orm.results - Extracted JDBC value [3] - [100]
10:24:16.102 [main] DEBUG org.hibernate.orm.results - Extracted JDBC value [4] - [156]
10:24:16.102 [main] DEBUG org.hibernate.orm.results - Extracted JDBC value [1] - [null]
10:24:16.102 [main] DEBUG org.hibernate.orm.results - Extracted JDBC value [2] - [null]
10:24:16.102 [main] DEBUG org.hibernate.orm.results - Extracted JDBC value [5] - [false]
10:24:16.102 [main] DEBUG org.hibernate.orm.results.loading.entity - (EntityResultInitializer) Done materializing entityInstance : org.frcpm.models.Attendance(a)#99
10:24:16.102 [main] DEBUG org.hibernate.orm.results.loading - Calling top-level assembler (0 / 1) : org.hibernate.sql.results.graph.entity.internal.EntityAssembler@51e6333
10:24:16.102 [main] DEBUG org.hibernate.resource.jdbc.internal.LogicalConnectionManagedImpl - Initiating JDBC connection release from afterTransaction
10:24:16.102 [main] DEBUG org.hibernate.resource.jdbc.internal.LogicalConnectionManagedImpl - Initiating JDBC connection release from afterTransaction
10:24:16.102 [main] DEBUG org.hibernate.orm.sql.exec - Skipping reading Query result cache data: cache-enabled = false, cache-mode = IGNORE
10:24:16.102 [main] DEBUG org.hibernate.orm.results - Initializer list:
	  org.frcpm.models.Attendance -> EntityResultInitializer(org.frcpm.models.Attendance)@1406873012 (SingleTableEntityPersister(org.frcpm.models.Attendance))
	  org.frcpm.models.Attendance.meeting -> EntityDelayedFetchInitializer(org.frcpm.models.Attendance.meeting)@1526808777 (ToOneAttributeMapping(NavigableRole[org.frcpm.models.Attendance.meeting])@1166988841)
	  org.frcpm.models.Attendance.member -> EntityDelayedFetchInitializer(org.frcpm.models.Attendance.member)@770746209 (ToOneAttributeMapping(NavigableRole[org.frcpm.models.Attendance.member])@947716374)

10:24:16.102 [main] DEBUG org.hibernate.SQL - select a1_0.id,a1_0.arrival_time,a1_0.departure_time,a1_0.meeting_id,a1_0.member_id,a1_0.present from attendances a1_0 where a1_0.id=?
10:24:16.103 [main] DEBUG org.hibernate.orm.results.loading.entity - (EntityResultInitializer) Hydrated EntityKey (org.frcpm.models.Attendance): 98
10:24:16.103 [main] DEBUG org.hibernate.orm.results.loading.entity - (EntityResultInitializer) Created new entity instance [org.frcpm.models.Attendance#98] : 1239378328
10:24:16.103 [main] DEBUG org.hibernate.orm.results - Extracted JDBC value [3] - [100]
10:24:16.103 [main] DEBUG org.hibernate.orm.results - Extracted JDBC value [4] - [155]
10:24:16.103 [main] DEBUG org.hibernate.orm.results - Extracted JDBC value [1] - [18:00]
10:24:16.103 [main] DEBUG org.hibernate.orm.results - Extracted JDBC value [2] - [20:00]
10:24:16.103 [main] DEBUG org.hibernate.orm.results - Extracted JDBC value [5] - [true]
10:24:16.103 [main] DEBUG org.hibernate.orm.results.loading.entity - (EntityResultInitializer) Done materializing entityInstance : org.frcpm.models.Attendance#98
10:24:16.103 [main] DEBUG org.hibernate.orm.results.loading - Calling top-level assembler (0 / 1) : org.hibernate.sql.results.graph.entity.internal.EntityAssembler@61bc146d
10:24:16.103 [main] DEBUG org.hibernate.resource.jdbc.internal.LogicalConnectionManagedImpl - Initiating JDBC connection release from afterTransaction
10:24:16.103 [main] DEBUG org.hibernate.orm.sql.exec - Skipping reading Query result cache data: cache-enabled = false, cache-mode = NORMAL
10:24:16.103 [main] DEBUG org.hibernate.orm.results - Initializer list:
	  org.frcpm.models.Attendance(a) -> EntityResultInitializer(org.frcpm.models.Attendance(a))@1506818057 (SingleTableEntityPersister(org.frcpm.models.Attendance))
	  org.frcpm.models.Attendance(a).meeting -> EntityDelayedFetchInitializer(org.frcpm.models.Attendance(a).meeting)@178304462 (ToOneAttributeMapping(NavigableRole[org.frcpm.models.Attendance.meeting])@1166988841)
	  org.frcpm.models.Attendance(a).member -> EntityDelayedFetchInitializer(org.frcpm.models.Attendance(a).member)@939626155 (ToOneAttributeMapping(NavigableRole[org.frcpm.models.Attendance.member])@947716374)

10:24:16.103 [main] DEBUG org.hibernate.SQL - select a1_0.id,a1_0.arrival_time,a1_0.departure_time,a1_0.meeting_id,a1_0.member_id,a1_0.present from attendances a1_0 where a1_0.meeting_id=?
10:24:16.103 [main] DEBUG org.hibernate.orm.results - Extracted JDBC value [0] - [98]
10:24:16.103 [main] DEBUG org.hibernate.orm.results.loading.entity - (EntityResultInitializer) Hydrated EntityKey (org.frcpm.models.Attendance(a)): 98
10:24:16.103 [main] DEBUG org.hibernate.orm.results.loading.entity - (EntityResultInitializer) Created new entity instance [org.frcpm.models.Attendance(a)#98] : 1851153105
10:24:16.103 [main] DEBUG org.hibernate.orm.results - Extracted JDBC value [3] - [100]
10:24:16.103 [main] DEBUG org.hibernate.orm.results - Extracted JDBC value [4] - [155]
10:24:16.103 [main] DEBUG org.hibernate.orm.results - Extracted JDBC value [1] - [18:00]
10:24:16.103 [main] DEBUG org.hibernate.orm.results - Extracted JDBC value [2] - [20:00]
10:24:16.103 [main] DEBUG org.hibernate.orm.results - Extracted JDBC value [5] - [true]
10:24:16.103 [main] DEBUG org.hibernate.orm.results.loading.entity - (EntityResultInitializer) Done materializing entityInstance : org.frcpm.models.Attendance(a)#98
10:24:16.103 [main] DEBUG org.hibernate.orm.results.loading - Calling top-level assembler (0 / 1) : org.hibernate.sql.results.graph.entity.internal.EntityAssembler@5a16f566
10:24:16.103 [main] DEBUG org.hibernate.orm.results - Extracted JDBC value [0] - [99]
10:24:16.103 [main] DEBUG org.hibernate.orm.results.loading.entity - (EntityResultInitializer) Hydrated EntityKey (org.frcpm.models.Attendance(a)): 99
10:24:16.103 [main] DEBUG org.hibernate.orm.results.loading.entity - (EntityResultInitializer) Created new entity instance [org.frcpm.models.Attendance(a)#99] : 479858340
10:24:16.103 [main] DEBUG org.hibernate.orm.results - Extracted JDBC value [3] - [100]
10:24:16.103 [main] DEBUG org.hibernate.orm.results - Extracted JDBC value [4] - [156]
10:24:16.104 [main] DEBUG org.hibernate.orm.results - Extracted JDBC value [1] - [null]
10:24:16.104 [main] DEBUG org.hibernate.orm.results - Extracted JDBC value [2] - [null]
10:24:16.104 [main] DEBUG org.hibernate.orm.results - Extracted JDBC value [5] - [false]
10:24:16.104 [main] DEBUG org.hibernate.orm.results.loading.entity - (EntityResultInitializer) Done materializing entityInstance : org.frcpm.models.Attendance(a)#99
10:24:16.104 [main] DEBUG org.hibernate.orm.results.loading - Calling top-level assembler (0 / 1) : org.hibernate.sql.results.graph.entity.internal.EntityAssembler@5a16f566
10:24:16.104 [main] DEBUG org.hibernate.resource.jdbc.internal.LogicalConnectionManagedImpl - Initiating JDBC connection release from afterTransaction
10:24:16.104 [main] DEBUG org.hibernate.resource.jdbc.internal.LogicalConnectionManagedImpl - Initiating JDBC connection release from afterTransaction
10:24:16.104 [main] DEBUG org.hibernate.engine.transaction.internal.TransactionImpl - On TransactionImpl creation, JpaCompliance#isJpaTransactionComplianceEnabled == false
10:24:16.104 [main] DEBUG org.hibernate.engine.transaction.internal.TransactionImpl - begin
10:24:16.104 [main] DEBUG org.hibernate.orm.sql.ast.create - Created new SQL alias : a1_0
10:24:16.104 [main] DEBUG org.hibernate.orm.sql.ast.create - Registration of TableGroup [StandardTableGroup(org.frcpm.models.Attendance)] with identifierForTableGroup [org.frcpm.models.Attendance] for NavigablePath [org.frcpm.models.Attendance] 
10:24:16.104 [main] DEBUG org.hibernate.orm.sql.ast.create - Registration of TableGroup [org.hibernate.sql.ast.tree.from.LazyTableGroup@41ffa8da] with identifierForTableGroup [org.frcpm.models.Attendance.meeting] for NavigablePath [org.frcpm.models.Attendance.meeting] 
10:24:16.104 [main] DEBUG org.hibernate.orm.sql.ast.create - Registration of TableGroup [org.hibernate.sql.ast.tree.from.LazyTableGroup@70f399f1] with identifierForTableGroup [org.frcpm.models.Attendance.member] for NavigablePath [org.frcpm.models.Attendance.member] 
10:24:16.104 [main] DEBUG org.hibernate.orm.results.graph.AST - DomainResult Graph:
 \-EntityResultImpl [org.frcpm.models.Attendance]
 |  +-BasicFetch [org.frcpm.models.Attendance.arrivalTime]
 |  +-BasicFetch [org.frcpm.models.Attendance.departureTime]
 |  +-EntityDelayedFetchImpl [org.frcpm.models.Attendance.meeting]
 |  +-EntityDelayedFetchImpl [org.frcpm.models.Attendance.member]
 |  \-BasicFetch [org.frcpm.models.Attendance.present]

10:24:16.104 [main] DEBUG org.hibernate.orm.sql.ast.tree - SQL AST Tree:
    SelectStatement {
      FromClause {
        StandardTableGroup (a1 : org.frcpm.models.Attendance) {
          primaryTableReference : attendances as a1_0
          TableGroupJoins {
            left  join LazyTableGroup (m1 : org.frcpm.models.Attendance.meeting) {
            }
            left  join LazyTableGroup (m2 : org.frcpm.models.Attendance.member) {
            }
          }
        }
      }
    }

10:24:16.105 [main] DEBUG org.hibernate.orm.sql.exec - Skipping reading Query result cache data: cache-enabled = false, cache-mode = IGNORE
10:24:16.105 [main] DEBUG org.hibernate.orm.results - Initializer list:
	  org.frcpm.models.Attendance -> EntityResultInitializer(org.frcpm.models.Attendance)@5603421 (SingleTableEntityPersister(org.frcpm.models.Attendance))
	  org.frcpm.models.Attendance.meeting -> EntityDelayedFetchInitializer(org.frcpm.models.Attendance.meeting)@48490083 (ToOneAttributeMapping(NavigableRole[org.frcpm.models.Attendance.meeting])@1166988841)
	  org.frcpm.models.Attendance.member -> EntityDelayedFetchInitializer(org.frcpm.models.Attendance.member)@1857276895 (ToOneAttributeMapping(NavigableRole[org.frcpm.models.Attendance.member])@947716374)

10:24:16.105 [main] DEBUG org.hibernate.SQL - select a1_0.id,a1_0.arrival_time,a1_0.departure_time,a1_0.meeting_id,a1_0.member_id,a1_0.present from attendances a1_0 where a1_0.id=?
10:24:16.105 [main] DEBUG org.hibernate.orm.results.loading.entity - (EntityResultInitializer) Hydrated EntityKey (org.frcpm.models.Attendance): 98
10:24:16.105 [main] DEBUG org.hibernate.orm.results.loading.entity - (EntityResultInitializer) Created new entity instance [org.frcpm.models.Attendance#98] : 1641566005
10:24:16.105 [main] DEBUG org.hibernate.orm.results - Extracted JDBC value [3] - [100]
10:24:16.105 [main] DEBUG org.hibernate.orm.results - Extracted JDBC value [4] - [155]
10:24:16.105 [main] DEBUG org.hibernate.orm.results - Extracted JDBC value [1] - [18:00]
10:24:16.105 [main] DEBUG org.hibernate.orm.results - Extracted JDBC value [2] - [20:00]
10:24:16.105 [main] DEBUG org.hibernate.orm.results - Extracted JDBC value [5] - [true]
10:24:16.105 [main] DEBUG org.hibernate.orm.results.loading.entity - (EntityResultInitializer) Done materializing entityInstance : org.frcpm.models.Attendance#98
10:24:16.105 [main] DEBUG org.hibernate.orm.results.loading - Calling top-level assembler (0 / 1) : org.hibernate.sql.results.graph.entity.internal.EntityAssembler@11c59de2
10:24:16.106 [main] DEBUG org.hibernate.engine.transaction.internal.TransactionImpl - committing
10:24:16.106 [main] DEBUG org.hibernate.event.internal.AbstractFlushingEventListener - Processing flush-time cascades
10:24:16.106 [main] DEBUG org.hibernate.event.internal.AbstractFlushingEventListener - Dirty checking collections
10:24:16.106 [main] DEBUG org.hibernate.event.internal.AbstractFlushingEventListener - Flushed: 0 insertions, 0 updates, 1 deletions to 1 objects
10:24:16.106 [main] DEBUG org.hibernate.event.internal.AbstractFlushingEventListener - Flushed: 0 (re)creations, 0 updates, 0 removals to 0 collections
10:24:16.106 [main] DEBUG org.hibernate.internal.util.EntityPrinter - Listing entities:
10:24:16.106 [main] DEBUG org.hibernate.internal.util.EntityPrinter - org.frcpm.models.Attendance{departureTime=20:00, arrivalTime=18:00, member=<uninitialized>, id=98, present=true, meeting=<uninitialized>}
10:24:16.107 [main] DEBUG org.hibernate.SQL - delete from attendances where id=?
10:24:16.107 [main] DEBUG org.hibernate.orm.jdbc.batch - PreparedStatementDetails did not contain PreparedStatement on #releaseStatements : delete from attendances where id=?
10:24:16.107 [main] DEBUG org.hibernate.orm.jdbc.batch - PreparedStatementDetails did not contain PreparedStatement on #releaseStatements : delete from attendances where id=?
10:24:16.107 [main] DEBUG org.hibernate.resource.jdbc.internal.LogicalConnectionManagedImpl - Initiating JDBC connection release from afterTransaction
10:24:16.107 [main] DEBUG org.hibernate.orm.jdbc.batch - PreparedStatementDetails did not contain PreparedStatement on #releaseStatements : delete from attendances where id=?
10:24:16.107 [main] DEBUG org.hibernate.orm.jdbc.batch - PreparedStatementDetails did not contain PreparedStatement on #releaseStatements : delete from attendances where id=?
10:24:16.107 [main] DEBUG org.hibernate.resource.jdbc.internal.LogicalConnectionManagedImpl - Initiating JDBC connection release from afterTransaction
10:24:16.107 [main] DEBUG org.hibernate.engine.jdbc.internal.JdbcCoordinatorImpl - HHH000420: Closing un-released batch
10:24:16.107 [main] DEBUG org.hibernate.orm.jdbc.batch - PreparedStatementDetails did not contain PreparedStatement on #releaseStatements : delete from attendances where id=?
10:24:16.107 [main] DEBUG org.hibernate.orm.jdbc.batch - PreparedStatementDetails did not contain PreparedStatement on #releaseStatements : delete from attendances where id=?
10:24:16.108 [main] DEBUG org.hibernate.engine.transaction.internal.TransactionImpl - On TransactionImpl creation, JpaCompliance#isJpaTransactionComplianceEnabled == false
10:24:16.108 [main] DEBUG org.hibernate.engine.transaction.internal.TransactionImpl - begin
10:24:16.108 [main] DEBUG org.hibernate.orm.sql.exec - Skipping reading Query result cache data: cache-enabled = false, cache-mode = IGNORE
10:24:16.108 [main] DEBUG org.hibernate.orm.results - Initializer list:
	  org.frcpm.models.Attendance -> EntityResultInitializer(org.frcpm.models.Attendance)@2063059760 (SingleTableEntityPersister(org.frcpm.models.Attendance))
	  org.frcpm.models.Attendance.meeting -> EntityDelayedFetchInitializer(org.frcpm.models.Attendance.meeting)@1116367767 (ToOneAttributeMapping(NavigableRole[org.frcpm.models.Attendance.meeting])@1166988841)
	  org.frcpm.models.Attendance.member -> EntityDelayedFetchInitializer(org.frcpm.models.Attendance.member)@938123389 (ToOneAttributeMapping(NavigableRole[org.frcpm.models.Attendance.member])@947716374)

10:24:16.108 [main] DEBUG org.hibernate.SQL - select a1_0.id,a1_0.arrival_time,a1_0.departure_time,a1_0.meeting_id,a1_0.member_id,a1_0.present from attendances a1_0 where a1_0.id=?
10:24:16.108 [main] DEBUG org.hibernate.orm.results.loading.entity - (EntityResultInitializer) Hydrated EntityKey (org.frcpm.models.Attendance): 99
10:24:16.108 [main] DEBUG org.hibernate.orm.results.loading.entity - (EntityResultInitializer) Created new entity instance [org.frcpm.models.Attendance#99] : 650569581
10:24:16.108 [main] DEBUG org.hibernate.orm.results - Extracted JDBC value [3] - [100]
10:24:16.108 [main] DEBUG org.hibernate.orm.results - Extracted JDBC value [4] - [156]
10:24:16.108 [main] DEBUG org.hibernate.orm.results - Extracted JDBC value [1] - [null]
10:24:16.108 [main] DEBUG org.hibernate.orm.results - Extracted JDBC value [2] - [null]
10:24:16.108 [main] DEBUG org.hibernate.orm.results - Extracted JDBC value [5] - [false]
10:24:16.108 [main] DEBUG org.hibernate.orm.results.loading.entity - (EntityResultInitializer) Done materializing entityInstance : org.frcpm.models.Attendance#99
10:24:16.108 [main] DEBUG org.hibernate.orm.results.loading - Calling top-level assembler (0 / 1) : org.hibernate.sql.results.graph.entity.internal.EntityAssembler@44cd5280
10:24:16.109 [main] DEBUG org.hibernate.engine.transaction.internal.TransactionImpl - committing
10:24:16.109 [main] DEBUG org.hibernate.event.internal.AbstractFlushingEventListener - Processing flush-time cascades
10:24:16.109 [main] DEBUG org.hibernate.event.internal.AbstractFlushingEventListener - Dirty checking collections
10:24:16.109 [main] DEBUG org.hibernate.event.internal.AbstractFlushingEventListener - Flushed: 0 insertions, 0 updates, 1 deletions to 1 objects
10:24:16.109 [main] DEBUG org.hibernate.event.internal.AbstractFlushingEventListener - Flushed: 0 (re)creations, 0 updates, 0 removals to 0 collections
10:24:16.109 [main] DEBUG org.hibernate.internal.util.EntityPrinter - Listing entities:
10:24:16.109 [main] DEBUG org.hibernate.internal.util.EntityPrinter - org.frcpm.models.Attendance{departureTime=null, arrivalTime=null, member=<uninitialized>, id=99, present=false, meeting=<uninitialized>}
10:24:16.109 [main] DEBUG org.hibernate.SQL - delete from attendances where id=?
10:24:16.110 [main] DEBUG org.hibernate.orm.jdbc.batch - PreparedStatementDetails did not contain PreparedStatement on #releaseStatements : delete from attendances where id=?
10:24:16.110 [main] DEBUG org.hibernate.orm.jdbc.batch - PreparedStatementDetails did not contain PreparedStatement on #releaseStatements : delete from attendances where id=?
10:24:16.110 [main] DEBUG org.hibernate.resource.jdbc.internal.LogicalConnectionManagedImpl - Initiating JDBC connection release from afterTransaction
10:24:16.110 [main] DEBUG org.hibernate.orm.jdbc.batch - PreparedStatementDetails did not contain PreparedStatement on #releaseStatements : delete from attendances where id=?
10:24:16.110 [main] DEBUG org.hibernate.orm.jdbc.batch - PreparedStatementDetails did not contain PreparedStatement on #releaseStatements : delete from attendances where id=?
10:24:16.110 [main] DEBUG org.hibernate.resource.jdbc.internal.LogicalConnectionManagedImpl - Initiating JDBC connection release from afterTransaction
10:24:16.110 [main] DEBUG org.hibernate.engine.jdbc.internal.JdbcCoordinatorImpl - HHH000420: Closing un-released batch
10:24:16.110 [main] DEBUG org.hibernate.orm.jdbc.batch - PreparedStatementDetails did not contain PreparedStatement on #releaseStatements : delete from attendances where id=?
10:24:16.110 [main] DEBUG org.hibernate.orm.jdbc.batch - PreparedStatementDetails did not contain PreparedStatement on #releaseStatements : delete from attendances where id=?
10:24:16.110 [main] DEBUG org.hibernate.engine.transaction.internal.TransactionImpl - On TransactionImpl creation, JpaCompliance#isJpaTransactionComplianceEnabled == false
10:24:16.110 [main] DEBUG org.hibernate.engine.transaction.internal.TransactionImpl - begin
10:24:16.110 [main] DEBUG org.hibernate.orm.sql.ast.create - Created new SQL alias : m1_0
10:24:16.110 [main] DEBUG org.hibernate.orm.sql.ast.create - Registration of TableGroup [StandardTableGroup(org.frcpm.models.Meeting)] with identifierForTableGroup [org.frcpm.models.Meeting] for NavigablePath [org.frcpm.models.Meeting] 
10:24:16.110 [main] DEBUG org.hibernate.orm.sql.ast.create - Registration of TableGroup [org.hibernate.sql.ast.tree.from.LazyTableGroup@4680c635] with identifierForTableGroup [org.frcpm.models.Meeting.project] for NavigablePath [org.frcpm.models.Meeting.project] 
10:24:16.110 [main] DEBUG org.hibernate.orm.sql.ast.create - Created new SQL alias : a1_0
10:24:16.111 [main] DEBUG org.hibernate.orm.sql.ast.create - Registration of TableGroup [org.hibernate.sql.ast.tree.from.OneToManyTableGroup@1ab34e38] with identifierForTableGroup [org.frcpm.models.Meeting.attendances] for NavigablePath [org.frcpm.models.Meeting.attendances] 
10:24:16.111 [main] DEBUG org.hibernate.orm.sql.ast.create - Registration of TableGroup [StandardTableGroup(org.frcpm.models.Meeting.attendances.{element})] with identifierForTableGroup [org.frcpm.models.Meeting.attendances.{element}] for NavigablePath [org.frcpm.models.Meeting.attendances.{element}] 
10:24:16.111 [main] DEBUG org.hibernate.orm.sql.ast.create - Registration of TableGroup [org.hibernate.sql.ast.tree.from.LazyTableGroup@289caeaa] with identifierForTableGroup [org.frcpm.models.Meeting.attendances.{element}.meeting] for NavigablePath [org.frcpm.models.Meeting.attendances.{element}.meeting] 
10:24:16.111 [main] DEBUG org.hibernate.orm.sql.ast.create - Registration of TableGroup [org.hibernate.sql.ast.tree.from.LazyTableGroup@3ee55aa5] with identifierForTableGroup [org.frcpm.models.Meeting.attendances.{element}.member] for NavigablePath [org.frcpm.models.Meeting.attendances.{element}.member] 
10:24:16.111 [main] DEBUG org.hibernate.orm.results.graph.AST - DomainResult Graph:
 \-EntityResultImpl [org.frcpm.models.Meeting]
 |  +-EagerCollectionFetch [org.frcpm.models.Meeting.attendances]
 |  |  \-EntityFetchJoinedImpl [org.frcpm.models.Meeting.attendances.{element}]
 |  +-BasicFetch [org.frcpm.models.Meeting.date]
 |  +-BasicFetch [org.frcpm.models.Meeting.endTime]
 |  +-BasicFetch [org.frcpm.models.Meeting.notes]
 |  +-EntityDelayedFetchImpl [org.frcpm.models.Meeting.project]
 |  \-BasicFetch [org.frcpm.models.Meeting.startTime]

10:24:16.111 [main] DEBUG org.hibernate.orm.sql.ast.tree - SQL AST Tree:
    SelectStatement {
      FromClause {
        StandardTableGroup (m1 : org.frcpm.models.Meeting) {
          primaryTableReference : meetings as m1_0
          TableGroupJoins {
            left  join LazyTableGroup (p1 : org.frcpm.models.Meeting.project) {
            }
            left  join OneToManyTableGroup (a1 : org.frcpm.models.Meeting.attendances) {
              primaryTableReference : attendances as a1_0
              TableGroupJoins {
                left  join LazyTableGroup (m2 : org.frcpm.models.Meeting.attendances.{element}.meeting) {
                }
                left  join LazyTableGroup (m3 : org.frcpm.models.Meeting.attendances.{element}.member) {
                }
              }
            }
          }
        }
      }
    }

10:24:16.112 [main] DEBUG org.hibernate.orm.sql.exec - Skipping reading Query result cache data: cache-enabled = false, cache-mode = IGNORE
10:24:16.112 [main] DEBUG org.hibernate.orm.results - Initializer list:
	  org.frcpm.models.Meeting -> EntityResultInitializer(org.frcpm.models.Meeting)@1937965407 (SingleTableEntityPersister(org.frcpm.models.Meeting))
	  org.frcpm.models.Meeting.attendances -> BagInitializer(org.frcpm.models.Meeting.attendances)@1883943353 (PluralAttribute(org.frcpm.models.Meeting.attendances))
	  org.frcpm.models.Meeting.attendances.{element}.member -> EntityDelayedFetchInitializer(org.frcpm.models.Meeting.attendances.{element}.member)@1684995431 (ToOneAttributeMapping(NavigableRole[org.frcpm.models.Attendance.member])@947716374)
	  org.frcpm.models.Meeting.project -> EntityDelayedFetchInitializer(org.frcpm.models.Meeting.project)@1656828236 (ToOneAttributeMapping(NavigableRole[org.frcpm.models.Meeting.project])@153308594)
	  org.frcpm.models.Meeting.attendances.{element} -> EntityJoinedFetchInitializer(org.frcpm.models.Meeting.attendances.{element})@750907990 (EntityCollectionPart(org.frcpm.models.Meeting.attendances#{element})@1062713196)

10:24:16.112 [main] DEBUG org.hibernate.SQL - select m1_0.id,m1_0.date,m1_0.end_time,m1_0.notes,m1_0.project_id,m1_0.start_time,a1_0.meeting_id,a1_0.id,a1_0.arrival_time,a1_0.departure_time,a1_0.member_id,a1_0.present from meetings m1_0 left join attendances a1_0 on m1_0.id=a1_0.meeting_id where m1_0.id=?
10:24:16.113 [main] DEBUG org.hibernate.orm.results.loading.entity - (EntityResultInitializer) Hydrated EntityKey (org.frcpm.models.Meeting): 100
10:24:16.113 [main] DEBUG org.hibernate.orm.results.loading.org.hibernate.orm.results.loading.collection - (BagInitializer) Current row collection key : org.frcpm.models.Meeting.attendances#100
10:24:16.113 [main] DEBUG org.hibernate.orm.results - Extracted JDBC value [6] - [null]
10:24:16.113 [main] DEBUG org.hibernate.orm.results - Extracted JDBC value [7] - [null]
10:24:16.113 [main] DEBUG org.hibernate.orm.results.loading.entity - (EntityJoinedFetchInitializer) EntityKey (org.frcpm.models.Meeting.attendances.{element}) is null
10:24:16.113 [main] DEBUG org.hibernate.orm.results.loading.entity - (EntityResultInitializer) Created new entity instance [org.frcpm.models.Meeting#100] : 1683630731
10:24:16.113 [main] DEBUG org.hibernate.orm.results.loading.org.hibernate.orm.results.loading.collection - (BagInitializer) Created new collection wrapper [org.frcpm.models.Meeting.attendances#100] : org.hibernate.collection.spi.PersistentBag@1714691515
10:24:16.113 [main] DEBUG org.hibernate.orm.results.loading.org.hibernate.orm.results.loading.collection - (BagInitializer) Responsible for loading collection [org.frcpm.models.Meeting.attendances#100] : org.hibernate.collection.spi.PersistentBag@1714691515
10:24:16.113 [main] DEBUG org.hibernate.orm.results - Extracted JDBC value [4] - [166]
10:24:16.113 [main] DEBUG org.hibernate.orm.results - Extracted JDBC value [1] - [2025-04-26]
10:24:16.113 [main] DEBUG org.hibernate.orm.results - Extracted JDBC value [2] - [20:00]
10:24:16.113 [main] DEBUG org.hibernate.orm.results - Extracted JDBC value [3] - [null]
10:24:16.113 [main] DEBUG org.hibernate.orm.results - Extracted JDBC value [5] - [18:00]
10:24:16.114 [main] DEBUG org.hibernate.orm.results.loading.entity - (EntityResultInitializer) Done materializing entityInstance : org.frcpm.models.Meeting#100
10:24:16.114 [main] DEBUG org.hibernate.orm.results.loading - Calling top-level assembler (0 / 1) : org.hibernate.sql.results.graph.entity.internal.EntityAssembler@ffe5094
10:24:16.114 [main] DEBUG org.hibernate.sql.results.internal.ResultsHelper - Collection fully initialized: [org.frcpm.models.Meeting.attendances#100]
10:24:16.114 [main] DEBUG org.hibernate.engine.spi.CollectionEntry - Reset storedSnapshot to [] for CollectionEntry[org.frcpm.models.Meeting.attendances#100]
10:24:16.114 [main] DEBUG org.hibernate.engine.transaction.internal.TransactionImpl - committing
10:24:16.114 [main] DEBUG org.hibernate.event.internal.AbstractFlushingEventListener - Processing flush-time cascades
10:24:16.114 [main] DEBUG org.hibernate.event.internal.AbstractFlushingEventListener - Dirty checking collections
10:24:16.114 [main] DEBUG org.hibernate.engine.internal.Collections - Collection dereferenced: [org.frcpm.models.Meeting.attendances#100]
10:24:16.114 [main] DEBUG org.hibernate.event.internal.AbstractFlushingEventListener - Flushed: 0 insertions, 0 updates, 1 deletions to 1 objects
10:24:16.114 [main] DEBUG org.hibernate.event.internal.AbstractFlushingEventListener - Flushed: 0 (re)creations, 0 updates, 1 removals to 1 collections
10:24:16.114 [main] DEBUG org.hibernate.internal.util.EntityPrinter - Listing entities:
10:24:16.114 [main] DEBUG org.hibernate.internal.util.EntityPrinter - org.frcpm.models.Meeting{date=2025-04-26, notes=null, project=<uninitialized>, startTime=18:00, id=100, endTime=20:00, attendances=[]}
10:24:16.115 [main] DEBUG org.hibernate.SQL - delete from meetings where id=?
10:24:16.115 [main] DEBUG org.hibernate.orm.jdbc.batch - PreparedStatementDetails did not contain PreparedStatement on #releaseStatements : delete from meetings where id=?
10:24:16.116 [main] DEBUG org.hibernate.orm.jdbc.batch - PreparedStatementDetails did not contain PreparedStatement on #releaseStatements : delete from meetings where id=?
10:24:16.116 [main] DEBUG org.hibernate.resource.jdbc.internal.LogicalConnectionManagedImpl - Initiating JDBC connection release from afterTransaction
10:24:16.116 [main] DEBUG org.hibernate.orm.jdbc.batch - PreparedStatementDetails did not contain PreparedStatement on #releaseStatements : delete from meetings where id=?
10:24:16.116 [main] DEBUG org.hibernate.orm.jdbc.batch - PreparedStatementDetails did not contain PreparedStatement on #releaseStatements : delete from meetings where id=?
10:24:16.116 [main] DEBUG org.hibernate.resource.jdbc.internal.LogicalConnectionManagedImpl - Initiating JDBC connection release from afterTransaction
10:24:16.116 [main] DEBUG org.hibernate.engine.jdbc.internal.JdbcCoordinatorImpl - HHH000420: Closing un-released batch
10:24:16.116 [main] DEBUG org.hibernate.orm.jdbc.batch - PreparedStatementDetails did not contain PreparedStatement on #releaseStatements : delete from meetings where id=?
10:24:16.116 [main] DEBUG org.hibernate.orm.jdbc.batch - PreparedStatementDetails did not contain PreparedStatement on #releaseStatements : delete from meetings where id=?
10:24:16.116 [main] DEBUG org.hibernate.engine.transaction.internal.TransactionImpl - On TransactionImpl creation, JpaCompliance#isJpaTransactionComplianceEnabled == false
10:24:16.116 [main] DEBUG org.hibernate.engine.transaction.internal.TransactionImpl - begin
10:24:16.116 [main] DEBUG org.hibernate.orm.sql.ast.create - Created new SQL alias : tm1_0
10:24:16.116 [main] DEBUG org.hibernate.orm.sql.ast.create - Registration of TableGroup [StandardTableGroup(org.frcpm.models.TeamMember)] with identifierForTableGroup [org.frcpm.models.TeamMember] for NavigablePath [org.frcpm.models.TeamMember] 
10:24:16.116 [main] DEBUG org.hibernate.orm.sql.ast.create - Created new SQL alias : a1_0
10:24:16.116 [main] DEBUG org.hibernate.orm.sql.ast.create - Registration of TableGroup [org.hibernate.sql.ast.tree.from.OneToManyTableGroup@2ce27c20] with identifierForTableGroup [org.frcpm.models.TeamMember.attendances] for NavigablePath [org.frcpm.models.TeamMember.attendances] 
10:24:16.116 [main] DEBUG org.hibernate.orm.sql.ast.create - Registration of TableGroup [StandardTableGroup(org.frcpm.models.TeamMember.attendances.{element})] with identifierForTableGroup [org.frcpm.models.TeamMember.attendances.{element}] for NavigablePath [org.frcpm.models.TeamMember.attendances.{element}] 
10:24:16.116 [main] DEBUG org.hibernate.orm.sql.ast.create - Registration of TableGroup [org.hibernate.sql.ast.tree.from.LazyTableGroup@6a7d75c2] with identifierForTableGroup [org.frcpm.models.TeamMember.attendances.{element}.meeting] for NavigablePath [org.frcpm.models.TeamMember.attendances.{element}.meeting] 
10:24:16.116 [main] DEBUG org.hibernate.orm.sql.ast.create - Registration of TableGroup [org.hibernate.sql.ast.tree.from.LazyTableGroup@466d3577] with identifierForTableGroup [org.frcpm.models.TeamMember.attendances.{element}.member] for NavigablePath [org.frcpm.models.TeamMember.attendances.{element}.member] 
10:24:16.116 [main] DEBUG org.hibernate.orm.sql.ast.create - Registration of TableGroup [org.hibernate.sql.ast.tree.from.LazyTableGroup@7803eb7b] with identifierForTableGroup [org.frcpm.models.TeamMember.subteam] for NavigablePath [org.frcpm.models.TeamMember.subteam] 
10:24:16.116 [main] DEBUG org.hibernate.orm.results.graph.AST - DomainResult Graph:
 \-EntityResultImpl [org.frcpm.models.TeamMember]
 |  +-DelayedCollectionFetch [org.frcpm.models.TeamMember.assignedTasks]
 |  +-EagerCollectionFetch [org.frcpm.models.TeamMember.attendances]
 |  |  \-EntityFetchJoinedImpl [org.frcpm.models.TeamMember.attendances.{element}]
 |  +-BasicFetch [org.frcpm.models.TeamMember.email]
 |  +-BasicFetch [org.frcpm.models.TeamMember.firstName]
 |  +-BasicFetch [org.frcpm.models.TeamMember.lastName]
 |  +-BasicFetch [org.frcpm.models.TeamMember.leader]
 |  +-BasicFetch [org.frcpm.models.TeamMember.phone]
 |  +-BasicFetch [org.frcpm.models.TeamMember.skills]
 |  +-EntityDelayedFetchImpl [org.frcpm.models.TeamMember.subteam]
 |  \-BasicFetch [org.frcpm.models.TeamMember.username]

10:24:16.117 [main] DEBUG org.hibernate.orm.sql.ast.tree - SQL AST Tree:
    SelectStatement {
      FromClause {
        StandardTableGroup (tm1 : org.frcpm.models.TeamMember) {
          primaryTableReference : team_members as tm1_0
          TableGroupJoins {
            left  join OneToManyTableGroup (a1 : org.frcpm.models.TeamMember.attendances) {
              primaryTableReference : attendances as a1_0
              TableGroupJoins {
                left  join LazyTableGroup (m1 : org.frcpm.models.TeamMember.attendances.{element}.meeting) {
                }
                left  join LazyTableGroup (m2 : org.frcpm.models.TeamMember.attendances.{element}.member) {
                }
              }
            }
            left  join LazyTableGroup (s1 : org.frcpm.models.TeamMember.subteam) {
            }
          }
        }
      }
    }

10:24:16.117 [main] DEBUG org.hibernate.orm.sql.exec - Skipping reading Query result cache data: cache-enabled = false, cache-mode = IGNORE
10:24:16.117 [main] DEBUG org.hibernate.orm.results - Initializer list:
	  org.frcpm.models.TeamMember.subteam -> EntityDelayedFetchInitializer(org.frcpm.models.TeamMember.subteam)@390594503 (ToOneAttributeMapping(NavigableRole[org.frcpm.models.TeamMember.subteam])@1693637035)
	  org.frcpm.models.TeamMember.attendances.{element} -> EntityJoinedFetchInitializer(org.frcpm.models.TeamMember.attendances.{element})@63811197 (EntityCollectionPart(org.frcpm.models.TeamMember.attendances#{element})@1312287327)
	  org.frcpm.models.TeamMember.assignedTasks -> DelayedCollectionInitializer(org.frcpm.models.TeamMember.assignedTasks)@1722195353 (PluralAttribute(org.frcpm.models.TeamMember.assignedTasks))
	  org.frcpm.models.TeamMember.attendances.{element}.meeting -> EntityDelayedFetchInitializer(org.frcpm.models.TeamMember.attendances.{element}.meeting)@350957415 (ToOneAttributeMapping(NavigableRole[org.frcpm.models.Attendance.meeting])@1166988841)
	  org.frcpm.models.TeamMember -> EntityResultInitializer(org.frcpm.models.TeamMember)@2059130305 (SingleTableEntityPersister(org.frcpm.models.TeamMember))
	  org.frcpm.models.TeamMember.attendances -> SetInitializer(org.frcpm.models.TeamMember.attendances)@187678171 (PluralAttribute(org.frcpm.models.TeamMember.attendances))

10:24:16.117 [main] DEBUG org.hibernate.SQL - select tm1_0.id,a1_0.member_id,a1_0.id,a1_0.arrival_time,a1_0.departure_time,a1_0.meeting_id,a1_0.present,tm1_0.email,tm1_0.first_name,tm1_0.last_name,tm1_0.is_leader,tm1_0.phone,tm1_0.skills,tm1_0.subteam_id,tm1_0.username from team_members tm1_0 left join attendances a1_0 on tm1_0.id=a1_0.member_id where tm1_0.id=?
10:24:16.117 [main] DEBUG org.hibernate.orm.results.loading.entity - (EntityResultInitializer) Hydrated EntityKey (org.frcpm.models.TeamMember): 155
10:24:16.117 [main] DEBUG org.hibernate.orm.results.loading.org.hibernate.orm.results.loading.collection - (SetInitializer) Current row collection key : org.frcpm.models.TeamMember.attendances#155
10:24:16.117 [main] DEBUG org.hibernate.orm.results - Extracted JDBC value [1] - [null]
10:24:16.117 [main] DEBUG org.hibernate.orm.results - Extracted JDBC value [2] - [null]
10:24:16.117 [main] DEBUG org.hibernate.orm.results.loading.entity - (EntityJoinedFetchInitializer) EntityKey (org.frcpm.models.TeamMember.attendances.{element}) is null
10:24:16.117 [main] DEBUG org.hibernate.orm.results.loading.org.hibernate.orm.results.loading.collection - (DelayedCollectionInitializer) Current row collection key : org.frcpm.models.TeamMember.assignedTasks#155
10:24:16.117 [main] DEBUG org.hibernate.orm.results.loading.entity - (EntityResultInitializer) Created new entity instance [org.frcpm.models.TeamMember#155] : 819717541
10:24:16.117 [main] DEBUG org.hibernate.orm.results.loading.org.hibernate.orm.results.loading.collection - (SetInitializer) Created new collection wrapper [org.frcpm.models.TeamMember.attendances#155] : org.hibernate.collection.spi.PersistentSet@581193868
10:24:16.117 [main] DEBUG org.hibernate.orm.results.loading.org.hibernate.orm.results.loading.collection - (SetInitializer) Responsible for loading collection [org.frcpm.models.TeamMember.attendances#155] : org.hibernate.collection.spi.PersistentSet@581193868
10:24:16.117 [main] DEBUG org.hibernate.orm.results - Extracted JDBC value [13] - [null]
10:24:16.117 [main] DEBUG org.hibernate.orm.results - Extracted JDBC value [7] - [attendance1@example.com]
10:24:16.117 [main] DEBUG org.hibernate.orm.results - Extracted JDBC value [8] - [Attendance]
10:24:16.117 [main] DEBUG org.hibernate.orm.results - Extracted JDBC value [9] - [Test1]
10:24:16.117 [main] DEBUG org.hibernate.orm.results - Extracted JDBC value [10] - [false]
10:24:16.117 [main] DEBUG org.hibernate.orm.results - Extracted JDBC value [11] - [null]
10:24:16.117 [main] DEBUG org.hibernate.orm.results - Extracted JDBC value [12] - [null]
10:24:16.117 [main] DEBUG org.hibernate.orm.results - Extracted JDBC value [14] - [attendancetest1]
10:24:16.117 [main] DEBUG org.hibernate.orm.results.loading.entity - (EntityResultInitializer) Done materializing entityInstance : org.frcpm.models.TeamMember#155
10:24:16.117 [main] DEBUG org.hibernate.orm.results.loading - Calling top-level assembler (0 / 1) : org.hibernate.sql.results.graph.entity.internal.EntityAssembler@6772d8f3
10:24:16.117 [main] DEBUG org.hibernate.sql.results.internal.ResultsHelper - Collection fully initialized: [org.frcpm.models.TeamMember.attendances#155]
10:24:16.117 [main] DEBUG org.hibernate.engine.spi.CollectionEntry - Reset storedSnapshot to {} for CollectionEntry[org.frcpm.models.TeamMember.assignedTasks#155]
10:24:16.117 [main] DEBUG org.hibernate.engine.spi.CollectionEntry - Reset storedSnapshot to {} for CollectionEntry[org.frcpm.models.TeamMember.attendances#155]
10:24:16.118 [main] DEBUG org.hibernate.engine.transaction.internal.TransactionImpl - committing
10:24:16.118 [main] DEBUG org.hibernate.event.internal.AbstractFlushingEventListener - Processing flush-time cascades
10:24:16.118 [main] DEBUG org.hibernate.event.internal.AbstractFlushingEventListener - Dirty checking collections
10:24:16.118 [main] DEBUG org.hibernate.engine.internal.Collections - Collection dereferenced: [org.frcpm.models.TeamMember.assignedTasks#155]
10:24:16.118 [main] DEBUG org.hibernate.engine.internal.Collections - Collection dereferenced: [org.frcpm.models.TeamMember.attendances#155]
10:24:16.118 [main] DEBUG org.hibernate.event.internal.AbstractFlushingEventListener - Flushed: 0 insertions, 0 updates, 1 deletions to 1 objects
10:24:16.118 [main] DEBUG org.hibernate.event.internal.AbstractFlushingEventListener - Flushed: 0 (re)creations, 0 updates, 2 removals to 2 collections
10:24:16.118 [main] DEBUG org.hibernate.internal.util.EntityPrinter - Listing entities:
10:24:16.118 [main] DEBUG org.hibernate.internal.util.EntityPrinter - org.frcpm.models.TeamMember{skills=null, firstName=Attendance, lastName=Test1, leader=false, subteam=null, phone=null, id=155, attendances=[], email=attendance1@example.com, assignedTasks=<uninitialized>, username=attendancetest1}
10:24:16.118 [main] DEBUG org.hibernate.SQL - delete from team_members where id=?
10:24:16.118 [main] DEBUG org.hibernate.orm.jdbc.batch - PreparedStatementDetails did not contain PreparedStatement on #releaseStatements : delete from team_members where id=?
10:24:16.118 [main] DEBUG org.hibernate.orm.jdbc.batch - PreparedStatementDetails did not contain PreparedStatement on #releaseStatements : delete from team_members where id=?
10:24:16.118 [main] DEBUG org.hibernate.resource.jdbc.internal.LogicalConnectionManagedImpl - Initiating JDBC connection release from afterTransaction
10:24:16.118 [main] DEBUG org.hibernate.orm.jdbc.batch - PreparedStatementDetails did not contain PreparedStatement on #releaseStatements : delete from team_members where id=?
10:24:16.118 [main] DEBUG org.hibernate.orm.jdbc.batch - PreparedStatementDetails did not contain PreparedStatement on #releaseStatements : delete from team_members where id=?
10:24:16.118 [main] DEBUG org.hibernate.resource.jdbc.internal.LogicalConnectionManagedImpl - Initiating JDBC connection release from afterTransaction
10:24:16.118 [main] DEBUG org.hibernate.engine.jdbc.internal.JdbcCoordinatorImpl - HHH000420: Closing un-released batch
10:24:16.118 [main] DEBUG org.hibernate.orm.jdbc.batch - PreparedStatementDetails did not contain PreparedStatement on #releaseStatements : delete from team_members where id=?
10:24:16.118 [main] DEBUG org.hibernate.orm.jdbc.batch - PreparedStatementDetails did not contain PreparedStatement on #releaseStatements : delete from team_members where id=?
10:24:16.118 [main] DEBUG org.hibernate.engine.transaction.internal.TransactionImpl - On TransactionImpl creation, JpaCompliance#isJpaTransactionComplianceEnabled == false
10:24:16.118 [main] DEBUG org.hibernate.engine.transaction.internal.TransactionImpl - begin
10:24:16.118 [main] DEBUG org.hibernate.orm.sql.exec - Skipping reading Query result cache data: cache-enabled = false, cache-mode = IGNORE
10:24:16.118 [main] DEBUG org.hibernate.orm.results - Initializer list:
	  org.frcpm.models.TeamMember.subteam -> EntityDelayedFetchInitializer(org.frcpm.models.TeamMember.subteam)@740027711 (ToOneAttributeMapping(NavigableRole[org.frcpm.models.TeamMember.subteam])@1693637035)
	  org.frcpm.models.TeamMember.attendances.{element} -> EntityJoinedFetchInitializer(org.frcpm.models.TeamMember.attendances.{element})@750516224 (EntityCollectionPart(org.frcpm.models.TeamMember.attendances#{element})@1312287327)
	  org.frcpm.models.TeamMember.assignedTasks -> DelayedCollectionInitializer(org.frcpm.models.TeamMember.assignedTasks)@1568610340 (PluralAttribute(org.frcpm.models.TeamMember.assignedTasks))
	  org.frcpm.models.TeamMember.attendances.{element}.meeting -> EntityDelayedFetchInitializer(org.frcpm.models.TeamMember.attendances.{element}.meeting)@179881129 (ToOneAttributeMapping(NavigableRole[org.frcpm.models.Attendance.meeting])@1166988841)
	  org.frcpm.models.TeamMember -> EntityResultInitializer(org.frcpm.models.TeamMember)@2033824468 (SingleTableEntityPersister(org.frcpm.models.TeamMember))
	  org.frcpm.models.TeamMember.attendances -> SetInitializer(org.frcpm.models.TeamMember.attendances)@170999307 (PluralAttribute(org.frcpm.models.TeamMember.attendances))

10:24:16.118 [main] DEBUG org.hibernate.SQL - select tm1_0.id,a1_0.member_id,a1_0.id,a1_0.arrival_time,a1_0.departure_time,a1_0.meeting_id,a1_0.present,tm1_0.email,tm1_0.first_name,tm1_0.last_name,tm1_0.is_leader,tm1_0.phone,tm1_0.skills,tm1_0.subteam_id,tm1_0.username from team_members tm1_0 left join attendances a1_0 on tm1_0.id=a1_0.member_id where tm1_0.id=?
10:24:16.118 [main] DEBUG org.hibernate.orm.results.loading.entity - (EntityResultInitializer) Hydrated EntityKey (org.frcpm.models.TeamMember): 156
10:24:16.118 [main] DEBUG org.hibernate.orm.results.loading.org.hibernate.orm.results.loading.collection - (SetInitializer) Current row collection key : org.frcpm.models.TeamMember.attendances#156
10:24:16.118 [main] DEBUG org.hibernate.orm.results - Extracted JDBC value [1] - [null]
10:24:16.118 [main] DEBUG org.hibernate.orm.results - Extracted JDBC value [2] - [null]
10:24:16.118 [main] DEBUG org.hibernate.orm.results.loading.entity - (EntityJoinedFetchInitializer) EntityKey (org.frcpm.models.TeamMember.attendances.{element}) is null
10:24:16.118 [main] DEBUG org.hibernate.orm.results.loading.org.hibernate.orm.results.loading.collection - (DelayedCollectionInitializer) Current row collection key : org.frcpm.models.TeamMember.assignedTasks#156
10:24:16.118 [main] DEBUG org.hibernate.orm.results.loading.entity - (EntityResultInitializer) Created new entity instance [org.frcpm.models.TeamMember#156] : 1465916456
10:24:16.118 [main] DEBUG org.hibernate.orm.results.loading.org.hibernate.orm.results.loading.collection - (SetInitializer) Created new collection wrapper [org.frcpm.models.TeamMember.attendances#156] : org.hibernate.collection.spi.PersistentSet@775486029
10:24:16.118 [main] DEBUG org.hibernate.orm.results.loading.org.hibernate.orm.results.loading.collection - (SetInitializer) Responsible for loading collection [org.frcpm.models.TeamMember.attendances#156] : org.hibernate.collection.spi.PersistentSet@775486029
10:24:16.118 [main] DEBUG org.hibernate.orm.results - Extracted JDBC value [13] - [null]
10:24:16.118 [main] DEBUG org.hibernate.orm.results - Extracted JDBC value [7] - [attendance2@example.com]
10:24:16.118 [main] DEBUG org.hibernate.orm.results - Extracted JDBC value [8] - [Attendance]
10:24:16.118 [main] DEBUG org.hibernate.orm.results - Extracted JDBC value [9] - [Test2]
10:24:16.118 [main] DEBUG org.hibernate.orm.results - Extracted JDBC value [10] - [false]
10:24:16.118 [main] DEBUG org.hibernate.orm.results - Extracted JDBC value [11] - [null]
10:24:16.118 [main] DEBUG org.hibernate.orm.results - Extracted JDBC value [12] - [null]
10:24:16.118 [main] DEBUG org.hibernate.orm.results - Extracted JDBC value [14] - [attendancetest2]
10:24:16.118 [main] DEBUG org.hibernate.orm.results.loading.entity - (EntityResultInitializer) Done materializing entityInstance : org.frcpm.models.TeamMember#156
10:24:16.118 [main] DEBUG org.hibernate.orm.results.loading - Calling top-level assembler (0 / 1) : org.hibernate.sql.results.graph.entity.internal.EntityAssembler@10914dae
10:24:16.118 [main] DEBUG org.hibernate.sql.results.internal.ResultsHelper - Collection fully initialized: [org.frcpm.models.TeamMember.attendances#156]
10:24:16.118 [main] DEBUG org.hibernate.engine.spi.CollectionEntry - Reset storedSnapshot to {} for CollectionEntry[org.frcpm.models.TeamMember.assignedTasks#156]
10:24:16.118 [main] DEBUG org.hibernate.engine.spi.CollectionEntry - Reset storedSnapshot to {} for CollectionEntry[org.frcpm.models.TeamMember.attendances#156]
10:24:16.118 [main] DEBUG org.hibernate.engine.transaction.internal.TransactionImpl - committing
10:24:16.118 [main] DEBUG org.hibernate.event.internal.AbstractFlushingEventListener - Processing flush-time cascades
10:24:16.118 [main] DEBUG org.hibernate.event.internal.AbstractFlushingEventListener - Dirty checking collections
10:24:16.120 [main] DEBUG org.hibernate.engine.internal.Collections - Collection dereferenced: [org.frcpm.models.TeamMember.assignedTasks#156]
10:24:16.120 [main] DEBUG org.hibernate.engine.internal.Collections - Collection dereferenced: [org.frcpm.models.TeamMember.attendances#156]
10:24:16.120 [main] DEBUG org.hibernate.event.internal.AbstractFlushingEventListener - Flushed: 0 insertions, 0 updates, 1 deletions to 1 objects
10:24:16.120 [main] DEBUG org.hibernate.event.internal.AbstractFlushingEventListener - Flushed: 0 (re)creations, 0 updates, 2 removals to 2 collections
10:24:16.120 [main] DEBUG org.hibernate.internal.util.EntityPrinter - Listing entities:
10:24:16.122 [main] DEBUG org.hibernate.internal.util.EntityPrinter - org.frcpm.models.TeamMember{skills=null, firstName=Attendance, lastName=Test2, leader=false, subteam=null, phone=null, id=156, attendances=[], email=attendance2@example.com, assignedTasks=<uninitialized>, username=attendancetest2}
10:24:16.122 [main] DEBUG org.hibernate.SQL - delete from team_members where id=?
10:24:16.123 [main] DEBUG org.hibernate.orm.jdbc.batch - PreparedStatementDetails did not contain PreparedStatement on #releaseStatements : delete from team_members where id=?
10:24:16.123 [main] DEBUG org.hibernate.orm.jdbc.batch - PreparedStatementDetails did not contain PreparedStatement on #releaseStatements : delete from team_members where id=?
10:24:16.123 [main] DEBUG org.hibernate.resource.jdbc.internal.LogicalConnectionManagedImpl - Initiating JDBC connection release from afterTransaction
10:24:16.123 [main] DEBUG org.hibernate.orm.jdbc.batch - PreparedStatementDetails did not contain PreparedStatement on #releaseStatements : delete from team_members where id=?
10:24:16.123 [main] DEBUG org.hibernate.orm.jdbc.batch - PreparedStatementDetails did not contain PreparedStatement on #releaseStatements : delete from team_members where id=?
10:24:16.123 [main] DEBUG org.hibernate.resource.jdbc.internal.LogicalConnectionManagedImpl - Initiating JDBC connection release from afterTransaction
10:24:16.123 [main] DEBUG org.hibernate.engine.jdbc.internal.JdbcCoordinatorImpl - HHH000420: Closing un-released batch
10:24:16.123 [main] DEBUG org.hibernate.orm.jdbc.batch - PreparedStatementDetails did not contain PreparedStatement on #releaseStatements : delete from team_members where id=?
10:24:16.123 [main] DEBUG org.hibernate.orm.jdbc.batch - PreparedStatementDetails did not contain PreparedStatement on #releaseStatements : delete from team_members where id=?
10:24:16.123 [main] DEBUG org.hibernate.engine.transaction.internal.TransactionImpl - On TransactionImpl creation, JpaCompliance#isJpaTransactionComplianceEnabled == false
10:24:16.123 [main] DEBUG org.hibernate.engine.transaction.internal.TransactionImpl - begin
10:24:16.123 [main] DEBUG org.hibernate.orm.sql.ast.create - Created new SQL alias : p1_0
10:24:16.123 [main] DEBUG org.hibernate.orm.sql.ast.create - Registration of TableGroup [StandardTableGroup(org.frcpm.models.Project)] with identifierForTableGroup [org.frcpm.models.Project] for NavigablePath [org.frcpm.models.Project] 
10:24:16.123 [main] DEBUG org.hibernate.orm.sql.ast.create - Created new SQL alias : m1_0
10:24:16.123 [main] DEBUG org.hibernate.orm.sql.ast.create - Registration of TableGroup [org.hibernate.sql.ast.tree.from.OneToManyTableGroup@120831da] with identifierForTableGroup [org.frcpm.models.Project.meetings] for NavigablePath [org.frcpm.models.Project.meetings] 
10:24:16.123 [main] DEBUG org.hibernate.orm.sql.ast.create - Registration of TableGroup [StandardTableGroup(org.frcpm.models.Project.meetings.{element})] with identifierForTableGroup [org.frcpm.models.Project.meetings.{element}] for NavigablePath [org.frcpm.models.Project.meetings.{element}] 
10:24:16.123 [main] DEBUG org.hibernate.orm.sql.ast.create - Registration of TableGroup [org.hibernate.sql.ast.tree.from.LazyTableGroup@5623a3f9] with identifierForTableGroup [org.frcpm.models.Project.meetings.{element}.project] for NavigablePath [org.frcpm.models.Project.meetings.{element}.project] 
10:24:16.123 [main] DEBUG org.hibernate.orm.results.graph.AST - DomainResult Graph:
 \-EntityResultImpl [org.frcpm.models.Project]
 |  +-BasicFetch [org.frcpm.models.Project.description]
 |  +-BasicFetch [org.frcpm.models.Project.goalEndDate]
 |  +-BasicFetch [org.frcpm.models.Project.hardDeadline]
 |  +-EagerCollectionFetch [org.frcpm.models.Project.meetings]
 |  |  \-EntityFetchJoinedImpl [org.frcpm.models.Project.meetings.{element}]
 |  +-SelectEagerCollectionFetch [org.frcpm.models.Project.milestones]
 |  +-BasicFetch [org.frcpm.models.Project.name]
 |  +-BasicFetch [org.frcpm.models.Project.startDate]
 |  \-SelectEagerCollectionFetch [org.frcpm.models.Project.tasks]

10:24:16.124 [main] DEBUG org.hibernate.orm.sql.ast.tree - SQL AST Tree:
    SelectStatement {
      FromClause {
        StandardTableGroup (p1 : org.frcpm.models.Project) {
          primaryTableReference : projects as p1_0
          TableGroupJoins {
            left  join OneToManyTableGroup (m1 : org.frcpm.models.Project.meetings) {
              primaryTableReference : meetings as m1_0
              TableGroupJoins {
                left  join LazyTableGroup (p2 : org.frcpm.models.Project.meetings.{element}.project) {
                }
              }
            }
          }
        }
      }
    }

10:24:16.124 [main] DEBUG org.hibernate.orm.sql.exec - Skipping reading Query result cache data: cache-enabled = false, cache-mode = IGNORE
10:24:16.124 [main] DEBUG org.hibernate.orm.results - Initializer list:
	  org.frcpm.models.Project.meetings -> BagInitializer(org.frcpm.models.Project.meetings)@2032471504 (PluralAttribute(org.frcpm.models.Project.meetings))
	  org.frcpm.models.Project.tasks -> SelectEagerCollectionInitializer(org.frcpm.models.Project.tasks)@712009167 (PluralAttribute(org.frcpm.models.Project.tasks))
	  org.frcpm.models.Project.meetings.{element} -> EntityJoinedFetchInitializer(org.frcpm.models.Project.meetings.{element})@1627858707 (EntityCollectionPart(org.frcpm.models.Project.meetings#{element})@1436472921)
	  org.frcpm.models.Project.meetings.{element}.attendances -> SelectEagerCollectionInitializer(org.frcpm.models.Project.meetings.{element}.attendances)@75766455 (PluralAttribute(org.frcpm.models.Meeting.attendances))
	  org.frcpm.models.Project -> EntityResultInitializer(org.frcpm.models.Project)@770922997 (SingleTableEntityPersister(org.frcpm.models.Project))
	  org.frcpm.models.Project.milestones -> SelectEagerCollectionInitializer(org.frcpm.models.Project.milestones)@1964301543 (PluralAttribute(org.frcpm.models.Project.milestones))

10:24:16.124 [main] DEBUG org.hibernate.SQL - select p1_0.id,p1_0.description,p1_0.goal_end_date,p1_0.hard_deadline,p1_0.name,p1_0.start_date,m1_0.project_id,m1_0.id,m1_0.date,m1_0.end_time,m1_0.notes,m1_0.start_time from projects p1_0 left join meetings m1_0 on p1_0.id=m1_0.project_id where p1_0.id=?
10:24:16.124 [main] DEBUG org.hibernate.orm.results.loading.entity - (EntityResultInitializer) Hydrated EntityKey (org.frcpm.models.Project): 166
10:24:16.124 [main] DEBUG org.hibernate.orm.results.loading.org.hibernate.orm.results.loading.collection - (BagInitializer) Current row collection key : org.frcpm.models.Project.meetings#166
10:24:16.124 [main] DEBUG org.hibernate.orm.results - Extracted JDBC value [6] - [null]
10:24:16.124 [main] DEBUG org.hibernate.orm.results - Extracted JDBC value [7] - [null]
10:24:16.124 [main] DEBUG org.hibernate.orm.results.loading.entity - (EntityJoinedFetchInitializer) EntityKey (org.frcpm.models.Project.meetings.{element}) is null
10:24:16.124 [main] DEBUG org.hibernate.orm.results.loading.org.hibernate.orm.results.loading.collection - (SelectEagerCollectionInitializer) Current row collection key : org.frcpm.models.Project.milestones#166
10:24:16.124 [main] DEBUG org.hibernate.orm.results.loading.org.hibernate.orm.results.loading.collection - (SelectEagerCollectionInitializer) Current row collection key : org.frcpm.models.Project.tasks#166
10:24:16.124 [main] DEBUG org.hibernate.orm.results.loading.entity - (EntityResultInitializer) Created new entity instance [org.frcpm.models.Project#166] : 1164298909
10:24:16.124 [main] DEBUG org.hibernate.orm.results.loading.org.hibernate.orm.results.loading.collection - (BagInitializer) Created new collection wrapper [org.frcpm.models.Project.meetings#166] : org.hibernate.collection.spi.PersistentBag@382059826
10:24:16.124 [main] DEBUG org.hibernate.orm.results.loading.org.hibernate.orm.results.loading.collection - (BagInitializer) Responsible for loading collection [org.frcpm.models.Project.meetings#166] : org.hibernate.collection.spi.PersistentBag@382059826
10:24:16.124 [main] DEBUG org.hibernate.orm.results - Extracted JDBC value [1] - [null]
10:24:16.124 [main] DEBUG org.hibernate.orm.results - Extracted JDBC value [2] - [2025-06-06]
10:24:16.124 [main] DEBUG org.hibernate.orm.results - Extracted JDBC value [3] - [2025-06-20]
10:24:16.124 [main] DEBUG org.hibernate.orm.results - Extracted JDBC value [4] - [Test Attendance Project]
10:24:16.124 [main] DEBUG org.hibernate.orm.results - Extracted JDBC value [5] - [2025-04-25]
10:24:16.124 [main] DEBUG org.hibernate.orm.results.loading.entity - (EntityResultInitializer) Done materializing entityInstance : org.frcpm.models.Project#166
10:24:16.124 [main] DEBUG org.hibernate.orm.results.loading - Calling top-level assembler (0 / 1) : org.hibernate.sql.results.graph.entity.internal.EntityAssembler@762fb60e
10:24:16.124 [main] DEBUG org.hibernate.sql.results.internal.ResultsHelper - Collection fully initialized: [org.frcpm.models.Project.meetings#166]
10:24:16.125 [main] DEBUG org.hibernate.orm.sql.exec - Skipping reading Query result cache data: cache-enabled = false, cache-mode = IGNORE
10:24:16.125 [main] DEBUG org.hibernate.orm.results - Initializer list:
	  org.frcpm.models.Project.tasks.{element}.assignedTo -> DelayedCollectionInitializer(org.frcpm.models.Project.tasks.{element}.assignedTo)@1316688300 (PluralAttribute(org.frcpm.models.Task.assignedTo))
	  org.frcpm.models.Project.tasks.{element}.postDependencies -> DelayedCollectionInitializer(org.frcpm.models.Project.tasks.{element}.postDependencies)@1760183047 (PluralAttribute(org.frcpm.models.Task.postDependencies))
	  org.frcpm.models.Project.tasks.{element} -> EntityJoinedFetchInitializer(org.frcpm.models.Project.tasks.{element})@1486833099 (EntityCollectionPart(org.frcpm.models.Project.tasks#{element})@1401624336)
	  org.frcpm.models.Project.tasks.{element}.requiredComponents -> DelayedCollectionInitializer(org.frcpm.models.Project.tasks.{element}.requiredComponents)@1173064380 (PluralAttribute(org.frcpm.models.Task.requiredComponents))
	  org.frcpm.models.Project.tasks.{element}.project -> EntityDelayedFetchInitializer(org.frcpm.models.Project.tasks.{element}.project)@2141391741 (ToOneAttributeMapping(NavigableRole[org.frcpm.models.Task.project])@1571862623)
	  org.frcpm.models.Project.tasks.{element}.subsystem -> EntityDelayedFetchInitializer(org.frcpm.models.Project.tasks.{element}.subsystem)@1443370862 (ToOneAttributeMapping(NavigableRole[org.frcpm.models.Task.subsystem])@1336924537)
	  org.frcpm.models.Project.tasks.{element}.preDependencies -> DelayedCollectionInitializer(org.frcpm.models.Project.tasks.{element}.preDependencies)@682679058 (PluralAttribute(org.frcpm.models.Task.preDependencies))
	  org.frcpm.models.Project.tasks -> BagInitializer(org.frcpm.models.Project.tasks)@1880812571 (PluralAttribute(org.frcpm.models.Project.tasks))

10:24:16.125 [main] DEBUG org.hibernate.SQL - select t1_0.project_id,t1_0.id,t1_0.actual_duration_seconds,t1_0.completed,t1_0.description,t1_0.end_date,t1_0.estimated_duration_seconds,t1_0.priority,t1_0.progress,t1_0.start_date,t1_0.subsystem_id,t1_0.title from tasks t1_0 where t1_0.project_id=?
10:24:16.126 [main] DEBUG org.hibernate.sql.results.internal.ResultsHelper - Collection fully initialized: [org.frcpm.models.Project.tasks#166]
10:24:16.127 [main] DEBUG org.hibernate.orm.sql.exec - Skipping reading Query result cache data: cache-enabled = false, cache-mode = IGNORE
10:24:16.127 [main] DEBUG org.hibernate.orm.results - Initializer list:
	  org.frcpm.models.Project.milestones.{element}.project -> EntityDelayedFetchInitializer(org.frcpm.models.Project.milestones.{element}.project)@2032952858 (ToOneAttributeMapping(NavigableRole[org.frcpm.models.Milestone.project])@1584473872)
	  org.frcpm.models.Project.milestones.{element} -> EntityJoinedFetchInitializer(org.frcpm.models.Project.milestones.{element})@1105300833 (EntityCollectionPart(org.frcpm.models.Project.milestones#{element})@1148398924)
	  org.frcpm.models.Project.milestones -> BagInitializer(org.frcpm.models.Project.milestones)@1584762734 (PluralAttribute(org.frcpm.models.Project.milestones))

10:24:16.127 [main] DEBUG org.hibernate.SQL - select m1_0.project_id,m1_0.id,m1_0.date,m1_0.description,m1_0.name from milestones m1_0 where m1_0.project_id=?
10:24:16.127 [main] DEBUG org.hibernate.sql.results.internal.ResultsHelper - Collection fully initialized: [org.frcpm.models.Project.milestones#166]
10:24:16.128 [main] DEBUG org.hibernate.engine.spi.CollectionEntry - Reset storedSnapshot to [] for CollectionEntry[org.frcpm.models.Project.meetings#166]
10:24:16.128 [main] DEBUG org.hibernate.engine.spi.CollectionEntry - Reset storedSnapshot to [] for CollectionEntry[org.frcpm.models.Project.milestones#166]
10:24:16.128 [main] DEBUG org.hibernate.engine.spi.CollectionEntry - Reset storedSnapshot to [] for CollectionEntry[org.frcpm.models.Project.tasks#166]
10:24:16.128 [main] DEBUG org.hibernate.engine.transaction.internal.TransactionImpl - committing
10:24:16.128 [main] DEBUG org.hibernate.event.internal.AbstractFlushingEventListener - Processing flush-time cascades
10:24:16.128 [main] DEBUG org.hibernate.event.internal.AbstractFlushingEventListener - Dirty checking collections
10:24:16.128 [main] DEBUG org.hibernate.engine.internal.Collections - Collection dereferenced: [org.frcpm.models.Project.meetings#166]
10:24:16.128 [main] DEBUG org.hibernate.engine.internal.Collections - Collection dereferenced: [org.frcpm.models.Project.milestones#166]
10:24:16.128 [main] DEBUG org.hibernate.engine.internal.Collections - Collection dereferenced: [org.frcpm.models.Project.tasks#166]
10:24:16.128 [main] DEBUG org.hibernate.event.internal.AbstractFlushingEventListener - Flushed: 0 insertions, 0 updates, 1 deletions to 1 objects
10:24:16.128 [main] DEBUG org.hibernate.event.internal.AbstractFlushingEventListener - Flushed: 0 (re)creations, 0 updates, 3 removals to 3 collections
10:24:16.128 [main] DEBUG org.hibernate.internal.util.EntityPrinter - Listing entities:
10:24:16.128 [main] DEBUG org.hibernate.internal.util.EntityPrinter - org.frcpm.models.Project{hardDeadline=2025-06-20, name=Test Attendance Project, description=null, meetings=[], id=166, goalEndDate=2025-06-06, milestones=[], startDate=2025-04-25, tasks=[]}
10:24:16.128 [main] DEBUG org.hibernate.SQL - delete from projects where id=?
10:24:16.129 [main] DEBUG org.hibernate.orm.jdbc.batch - PreparedStatementDetails did not contain PreparedStatement on #releaseStatements : delete from projects where id=?
10:24:16.129 [main] DEBUG org.hibernate.orm.jdbc.batch - PreparedStatementDetails did not contain PreparedStatement on #releaseStatements : delete from projects where id=?
10:24:16.129 [main] DEBUG org.hibernate.resource.jdbc.internal.LogicalConnectionManagedImpl - Initiating JDBC connection release from afterTransaction
10:24:16.129 [main] DEBUG org.hibernate.orm.jdbc.batch - PreparedStatementDetails did not contain PreparedStatement on #releaseStatements : delete from projects where id=?
10:24:16.130 [main] DEBUG org.hibernate.orm.jdbc.batch - PreparedStatementDetails did not contain PreparedStatement on #releaseStatements : delete from projects where id=?
10:24:16.130 [main] DEBUG org.hibernate.resource.jdbc.internal.LogicalConnectionManagedImpl - Initiating JDBC connection release from afterTransaction
10:24:16.130 [main] DEBUG org.hibernate.engine.jdbc.internal.JdbcCoordinatorImpl - HHH000420: Closing un-released batch
10:24:16.130 [main] DEBUG org.hibernate.orm.jdbc.batch - PreparedStatementDetails did not contain PreparedStatement on #releaseStatements : delete from projects where id=?
10:24:16.130 [main] DEBUG org.hibernate.orm.jdbc.batch - PreparedStatementDetails did not contain PreparedStatement on #releaseStatements : delete from projects where id=?
10:24:16.130 [main] DEBUG org.hibernate.internal.SessionFactoryImpl - HHH000031: Closing
10:24:16.130 [main] DEBUG org.hibernate.type.spi.TypeConfiguration$Scope - Un-scoping TypeConfiguration [org.hibernate.type.spi.TypeConfiguration$Scope@6b94cae6] from SessionFactory [org.hibernate.internal.SessionFactoryImpl@3a631ce]
10:24:16.130 [main] DEBUG org.hibernate.service.internal.AbstractServiceRegistryImpl - Implicitly destroying ServiceRegistry on de-registration of all child ServiceRegistries
10:24:16.130 [main] INFO com.zaxxer.hikari.HikariDataSource - FRC-PM-HikariCP - Shutdown initiated...
10:24:16.130 [main] DEBUG com.zaxxer.hikari.pool.HikariPool - FRC-PM-HikariCP - Before shutdown stats (total=2, active=0, idle=2, waiting=0)
10:24:16.131 [FRC-PM-HikariCP connection closer] DEBUG com.zaxxer.hikari.pool.PoolBase - FRC-PM-HikariCP - Closing connection conn18: url=jdbc:h2:file:C:\Users\dhiebert\.frcpm\frcpm user=SA: (connection evicted)
10:24:16.131 [FRC-PM-HikariCP connection closer] DEBUG com.zaxxer.hikari.pool.PoolBase - FRC-PM-HikariCP - Closing connection conn19: url=jdbc:h2:file:C:\Users\dhiebert\.frcpm\frcpm user=SA: (connection evicted)
10:24:16.337 [main] DEBUG com.zaxxer.hikari.pool.HikariPool - FRC-PM-HikariCP - After shutdown stats (total=0, active=0, idle=0, waiting=0)
10:24:16.337 [main] INFO com.zaxxer.hikari.HikariDataSource - FRC-PM-HikariCP - Shutdown completed.
10:24:16.337 [main] DEBUG org.hibernate.boot.registry.internal.BootstrapServiceRegistryImpl - Implicitly destroying Boot-strap registry on de-registration of all child ServiceRegistries
]]></system-out>
    <system-err><![CDATA[Apr 25, 2025 10:24:15 AM org.frcpm.config.DatabaseConfig initialize
INFO: Initializing database configuration...
Apr 25, 2025 10:24:15 AM org.frcpm.config.DatabaseConfig initialize
INFO: Using FILE-BASED database at: file:C:\Users\dhiebert\.frcpm\frcpm
Apr 25, 2025 10:24:15 AM org.frcpm.config.DatabaseConfig initialize
INFO: Using JDBC URL: jdbc:h2:file:C:\Users\dhiebert\.frcpm\frcpm
Apr 25, 2025 10:24:15 AM org.frcpm.config.DatabaseConfig initialize
INFO: Using schema mode: update
Apr 25, 2025 10:24:16 AM org.frcpm.config.DatabaseConfig initialize
INFO: Database configuration initialized successfully in PRODUCTION mode
Apr 25, 2025 10:24:16 AM org.frcpm.config.DatabaseConfig shutdown
INFO: Database configuration shut down
]]></system-err>
  </testcase>
  <testcase name="testDeleteById" classname="org.frcpm.repositories.AttendanceRepositoryTest" time="0.437">
    <system-out><![CDATA[10:24:16.341 [main] DEBUG org.hibernate.jpa.HibernatePersistenceProvider - Located and parsed 1 persistence units; checking each
10:24:16.341 [main] DEBUG org.hibernate.jpa.HibernatePersistenceProvider - Checking persistence-unit [name=frcpm, explicit-provider=org.hibernate.jpa.HibernatePersistenceProvider] against incoming persistence unit name [frcpm]
10:24:16.341 [main] DEBUG org.hibernate.jpa.boot.spi.ProviderChecker - Persistence-unit [frcpm] requested PersistenceProvider [org.hibernate.jpa.HibernatePersistenceProvider]
10:24:16.341 [main] DEBUG org.hibernate.jpa.internal.util.LogHelper - PersistenceUnitInfo [
	name: frcpm
	persistence provider classname: org.hibernate.jpa.HibernatePersistenceProvider
	classloader: null
	excludeUnlistedClasses: false
	JTA datasource: null
	Non JTA datasource: null
	Transaction type: RESOURCE_LOCAL
	PU root URL: file:/C:/Users/dhiebert/Local%20Repositories/Project%20Management%202.0/target/classes
	Shared Cache Mode: null
	Validation Mode: null
	Jar files URLs []
	Managed classes names [
		org.frcpm.models.Project
		org.frcpm.models.Subteam
		org.frcpm.models.TeamMember
		org.frcpm.models.Subsystem
		org.frcpm.models.Task
		org.frcpm.models.Component
		org.frcpm.models.Meeting
		org.frcpm.models.Attendance
		org.frcpm.models.Milestone]
	Mapping files names []
	Properties [
		hibernate.connection.handling_mode: DELAYED_ACQUISITION_AND_RELEASE_AFTER_STATEMENT
		jakarta.persistence.jdbc.url: jdbc:h2:file:C:\Users\dhiebert\.frcpm\frcpm
		hibernate.jdbc.batch_versioned_data: null
		hibernate.cache.use_second_level_cache: null
		hibernate.show_sql: null
		jakarta.persistence.jdbc.driver: org.h2.Driver
		hibernate.jdbc.batch_size: 30
		jakarta.persistence.jdbc.user: sa
		hibernate.generate_statistics: null
		hibernate.hbm2ddl.auto: update
		hibernate.cache.use_query_cache: null
		hibernate.hikari.maximumPoolSize: 10
		hibernate.hikari.idleTimeout: 30000
		hibernate.format_sql: null
		hibernate.hikari.minimumIdle: 2
		hibernate.use_sql_comments: null
		hibernate.order_inserts: null
		hibernate.current_session_context_class: thread
		hibernate.connection.provider_class: org.hibernate.hikaricp.internal.HikariCPConnectionProvider
		hibernate.hikari.connectionTimeout: 10000
		hibernate.hikari.poolName: FRC-PM-HikariCP
		hibernate.order_updates: null
		hibernate.dialect: org.hibernate.dialect.H2Dialect
		jakarta.persistence.jdbc.password: ]
10:24:16.341 [main] DEBUG org.hibernate.integrator.internal.IntegratorServiceImpl - Adding Integrator [org.hibernate.boot.beanvalidation.BeanValidationIntegrator].
10:24:16.341 [main] DEBUG org.hibernate.integrator.internal.IntegratorServiceImpl - Adding Integrator [org.hibernate.cache.internal.CollectionCacheInvalidator].
10:24:16.346 [main] DEBUG org.hibernate.orm.idgen.factory - Ignoring CDI for resolving IdentifierGenerator instances as extended or delayed CDI support was enabled
10:24:16.347 [main] DEBUG org.hibernate.orm.idgen.factory - Registering IdentifierGenerator strategy [uuid2] -> [org.hibernate.id.UUIDGenerator]
10:24:16.347 [main] DEBUG org.hibernate.orm.idgen.factory - Registering IdentifierGenerator strategy [guid] -> [org.hibernate.id.GUIDGenerator]
10:24:16.347 [main] DEBUG org.hibernate.orm.idgen.factory - Registering IdentifierGenerator strategy [uuid] -> [org.hibernate.id.UUIDHexGenerator]
10:24:16.347 [main] DEBUG org.hibernate.orm.idgen.factory - Registering IdentifierGenerator strategy [uuid.hex] -> [org.hibernate.id.UUIDHexGenerator]
10:24:16.347 [main] DEBUG org.hibernate.orm.idgen.factory - Registering IdentifierGenerator strategy [assigned] -> [org.hibernate.id.Assigned]
10:24:16.347 [main] DEBUG org.hibernate.orm.idgen.factory - Registering IdentifierGenerator strategy [identity] -> [org.hibernate.id.IdentityGenerator]
10:24:16.347 [main] DEBUG org.hibernate.orm.idgen.factory - Registering IdentifierGenerator strategy [select] -> [org.hibernate.id.SelectGenerator]
10:24:16.347 [main] DEBUG org.hibernate.orm.idgen.factory - Registering IdentifierGenerator strategy [sequence] -> [org.hibernate.id.enhanced.SequenceStyleGenerator]
10:24:16.347 [main] DEBUG org.hibernate.orm.idgen.factory - Registering IdentifierGenerator strategy [increment] -> [org.hibernate.id.IncrementGenerator]
10:24:16.347 [main] DEBUG org.hibernate.orm.idgen.factory - Registering IdentifierGenerator strategy [foreign] -> [org.hibernate.id.ForeignGenerator]
10:24:16.347 [main] DEBUG org.hibernate.orm.idgen.factory - Registering IdentifierGenerator strategy [enhanced-sequence] -> [org.hibernate.id.enhanced.SequenceStyleGenerator]
10:24:16.347 [main] DEBUG org.hibernate.orm.idgen.factory - Registering IdentifierGenerator strategy [enhanced-table] -> [org.hibernate.id.enhanced.TableGenerator]
10:24:16.347 [main] INFO org.hibernate.cache.internal.RegionFactoryInitiator - HHH000026: Second-level cache disabled
10:24:16.348 [main] DEBUG org.hibernate.type.BasicTypeRegistry - Adding type registration boolean -> org.hibernate.type.BasicTypeReference@2f4919b0
10:24:16.348 [main] DEBUG org.hibernate.type.BasicTypeRegistry - Adding type registration boolean -> org.hibernate.type.BasicTypeReference@2f4919b0
10:24:16.348 [main] DEBUG org.hibernate.type.BasicTypeRegistry - Adding type registration java.lang.Boolean -> org.hibernate.type.BasicTypeReference@2f4919b0
10:24:16.348 [main] DEBUG org.hibernate.type.BasicTypeRegistry - Adding type registration numeric_boolean -> org.hibernate.type.BasicTypeReference@a8a8b75
10:24:16.348 [main] DEBUG org.hibernate.type.BasicTypeRegistry - Adding type registration org.hibernate.type.NumericBooleanConverter -> org.hibernate.type.BasicTypeReference@a8a8b75
10:24:16.348 [main] DEBUG org.hibernate.type.BasicTypeRegistry - Adding type registration true_false -> org.hibernate.type.BasicTypeReference@75b21c3b
10:24:16.348 [main] DEBUG org.hibernate.type.BasicTypeRegistry - Adding type registration org.hibernate.type.TrueFalseConverter -> org.hibernate.type.BasicTypeReference@75b21c3b
10:24:16.348 [main] DEBUG org.hibernate.type.BasicTypeRegistry - Adding type registration yes_no -> org.hibernate.type.BasicTypeReference@72be135f
10:24:16.348 [main] DEBUG org.hibernate.type.BasicTypeRegistry - Adding type registration org.hibernate.type.YesNoConverter -> org.hibernate.type.BasicTypeReference@72be135f
10:24:16.348 [main] DEBUG org.hibernate.type.BasicTypeRegistry - Adding type registration byte -> org.hibernate.type.BasicTypeReference@155d1021
10:24:16.348 [main] DEBUG org.hibernate.type.BasicTypeRegistry - Adding type registration byte -> org.hibernate.type.BasicTypeReference@155d1021
10:24:16.348 [main] DEBUG org.hibernate.type.BasicTypeRegistry - Adding type registration java.lang.Byte -> org.hibernate.type.BasicTypeReference@155d1021
10:24:16.348 [main] DEBUG org.hibernate.type.BasicTypeRegistry - Adding type registration binary -> org.hibernate.type.BasicTypeReference@4bd2f0dc
10:24:16.348 [main] DEBUG org.hibernate.type.BasicTypeRegistry - Adding type registration byte[] -> org.hibernate.type.BasicTypeReference@4bd2f0dc
10:24:16.348 [main] DEBUG org.hibernate.type.BasicTypeRegistry - Adding type registration [B -> org.hibernate.type.BasicTypeReference@4bd2f0dc
10:24:16.348 [main] DEBUG org.hibernate.type.BasicTypeRegistry - Adding type registration binary_wrapper -> org.hibernate.type.BasicTypeReference@2e647e59
10:24:16.348 [main] DEBUG org.hibernate.type.BasicTypeRegistry - Adding type registration wrapper-binary -> org.hibernate.type.BasicTypeReference@2e647e59
10:24:16.348 [main] DEBUG org.hibernate.type.BasicTypeRegistry - Adding type registration image -> org.hibernate.type.BasicTypeReference@2c42b421
10:24:16.348 [main] DEBUG org.hibernate.type.BasicTypeRegistry - Adding type registration blob -> org.hibernate.type.BasicTypeReference@51e37590
10:24:16.348 [main] DEBUG org.hibernate.type.BasicTypeRegistry - Adding type registration java.sql.Blob -> org.hibernate.type.BasicTypeReference@51e37590
10:24:16.348 [main] DEBUG org.hibernate.type.BasicTypeRegistry - Adding type registration materialized_blob -> org.hibernate.type.BasicTypeReference@deb3b60
10:24:16.348 [main] DEBUG org.hibernate.type.BasicTypeRegistry - Adding type registration materialized_blob_wrapper -> org.hibernate.type.BasicTypeReference@701a32
10:24:16.348 [main] DEBUG org.hibernate.type.BasicTypeRegistry - Adding type registration short -> org.hibernate.type.BasicTypeReference@39aa45a1
10:24:16.348 [main] DEBUG org.hibernate.type.BasicTypeRegistry - Adding type registration short -> org.hibernate.type.BasicTypeReference@39aa45a1
10:24:16.348 [main] DEBUG org.hibernate.type.BasicTypeRegistry - Adding type registration java.lang.Short -> org.hibernate.type.BasicTypeReference@39aa45a1
10:24:16.348 [main] DEBUG org.hibernate.type.BasicTypeRegistry - Adding type registration integer -> org.hibernate.type.BasicTypeReference@73aff8f1
10:24:16.348 [main] DEBUG org.hibernate.type.BasicTypeRegistry - Adding type registration int -> org.hibernate.type.BasicTypeReference@73aff8f1
10:24:16.348 [main] DEBUG org.hibernate.type.BasicTypeRegistry - Adding type registration java.lang.Integer -> org.hibernate.type.BasicTypeReference@73aff8f1
10:24:16.348 [main] DEBUG org.hibernate.type.BasicTypeRegistry - Adding type registration long -> org.hibernate.type.BasicTypeReference@27cbfddf
10:24:16.348 [main] DEBUG org.hibernate.type.BasicTypeRegistry - Adding type registration long -> org.hibernate.type.BasicTypeReference@27cbfddf
10:24:16.348 [main] DEBUG org.hibernate.type.BasicTypeRegistry - Adding type registration java.lang.Long -> org.hibernate.type.BasicTypeReference@27cbfddf
10:24:16.348 [main] DEBUG org.hibernate.type.BasicTypeRegistry - Adding type registration float -> org.hibernate.type.BasicTypeReference@27ead29e
10:24:16.348 [main] DEBUG org.hibernate.type.BasicTypeRegistry - Adding type registration float -> org.hibernate.type.BasicTypeReference@27ead29e
10:24:16.348 [main] DEBUG org.hibernate.type.BasicTypeRegistry - Adding type registration java.lang.Float -> org.hibernate.type.BasicTypeReference@27ead29e
10:24:16.348 [main] DEBUG org.hibernate.type.BasicTypeRegistry - Adding type registration double -> org.hibernate.type.BasicTypeReference@4c060c8f
10:24:16.348 [main] DEBUG org.hibernate.type.BasicTypeRegistry - Adding type registration double -> org.hibernate.type.BasicTypeReference@4c060c8f
10:24:16.348 [main] DEBUG org.hibernate.type.BasicTypeRegistry - Adding type registration java.lang.Double -> org.hibernate.type.BasicTypeReference@4c060c8f
10:24:16.348 [main] DEBUG org.hibernate.type.BasicTypeRegistry - Adding type registration big_integer -> org.hibernate.type.BasicTypeReference@40620d8e
10:24:16.348 [main] DEBUG org.hibernate.type.BasicTypeRegistry - Adding type registration java.math.BigInteger -> org.hibernate.type.BasicTypeReference@40620d8e
10:24:16.348 [main] DEBUG org.hibernate.type.BasicTypeRegistry - Adding type registration big_decimal -> org.hibernate.type.BasicTypeReference@383f3558
10:24:16.348 [main] DEBUG org.hibernate.type.BasicTypeRegistry - Adding type registration java.math.BigDecimal -> org.hibernate.type.BasicTypeReference@383f3558
10:24:16.348 [main] DEBUG org.hibernate.type.BasicTypeRegistry - Adding type registration character -> org.hibernate.type.BasicTypeReference@49b07ee3
10:24:16.348 [main] DEBUG org.hibernate.type.BasicTypeRegistry - Adding type registration char -> org.hibernate.type.BasicTypeReference@49b07ee3
10:24:16.348 [main] DEBUG org.hibernate.type.BasicTypeRegistry - Adding type registration java.lang.Character -> org.hibernate.type.BasicTypeReference@49b07ee3
10:24:16.348 [main] DEBUG org.hibernate.type.BasicTypeRegistry - Adding type registration character_nchar -> org.hibernate.type.BasicTypeReference@352e612e
10:24:16.348 [main] DEBUG org.hibernate.type.BasicTypeRegistry - Adding type registration string -> org.hibernate.type.BasicTypeReference@65f00478
10:24:16.348 [main] DEBUG org.hibernate.type.BasicTypeRegistry - Adding type registration java.lang.String -> org.hibernate.type.BasicTypeReference@65f00478
10:24:16.348 [main] DEBUG org.hibernate.type.BasicTypeRegistry - Adding type registration nstring -> org.hibernate.type.BasicTypeReference@2424686b
10:24:16.348 [main] DEBUG org.hibernate.type.BasicTypeRegistry - Adding type registration characters -> org.hibernate.type.BasicTypeReference@6ea94d6a
10:24:16.348 [main] DEBUG org.hibernate.type.BasicTypeRegistry - Adding type registration char[] -> org.hibernate.type.BasicTypeReference@6ea94d6a
10:24:16.348 [main] DEBUG org.hibernate.type.BasicTypeRegistry - Adding type registration [C -> org.hibernate.type.BasicTypeReference@6ea94d6a
10:24:16.348 [main] DEBUG org.hibernate.type.BasicTypeRegistry - Adding type registration wrapper-characters -> org.hibernate.type.BasicTypeReference@28486680
10:24:16.348 [main] DEBUG org.hibernate.type.BasicTypeRegistry - Adding type registration text -> org.hibernate.type.BasicTypeReference@4d7e7435
10:24:16.348 [main] DEBUG org.hibernate.type.BasicTypeRegistry - Adding type registration ntext -> org.hibernate.type.BasicTypeReference@4a1e3ac1
10:24:16.348 [main] DEBUG org.hibernate.type.BasicTypeRegistry - Adding type registration clob -> org.hibernate.type.BasicTypeReference@6e78fcf5
10:24:16.348 [main] DEBUG org.hibernate.type.BasicTypeRegistry - Adding type registration java.sql.Clob -> org.hibernate.type.BasicTypeReference@6e78fcf5
10:24:16.348 [main] DEBUG org.hibernate.type.BasicTypeRegistry - Adding type registration nclob -> org.hibernate.type.BasicTypeReference@56febdc
10:24:16.348 [main] DEBUG org.hibernate.type.BasicTypeRegistry - Adding type registration java.sql.NClob -> org.hibernate.type.BasicTypeReference@56febdc
10:24:16.348 [main] DEBUG org.hibernate.type.BasicTypeRegistry - Adding type registration materialized_clob -> org.hibernate.type.BasicTypeReference@3b8ee898
10:24:16.348 [main] DEBUG org.hibernate.type.BasicTypeRegistry - Adding type registration materialized_clob_char_array -> org.hibernate.type.BasicTypeReference@7d151a
10:24:16.348 [main] DEBUG org.hibernate.type.BasicTypeRegistry - Adding type registration materialized_clob_character_array -> org.hibernate.type.BasicTypeReference@294bdeb4
10:24:16.348 [main] DEBUG org.hibernate.type.BasicTypeRegistry - Adding type registration materialized_nclob -> org.hibernate.type.BasicTypeReference@5300f14a
10:24:16.348 [main] DEBUG org.hibernate.type.BasicTypeRegistry - Adding type registration materialized_nclob_character_array -> org.hibernate.type.BasicTypeReference@1f86099a
10:24:16.348 [main] DEBUG org.hibernate.type.BasicTypeRegistry - Adding type registration materialized_nclob_char_array -> org.hibernate.type.BasicTypeReference@77bb0ab5
10:24:16.348 [main] DEBUG org.hibernate.type.BasicTypeRegistry - Adding type registration Duration -> org.hibernate.type.BasicTypeReference@f2c488
10:24:16.348 [main] DEBUG org.hibernate.type.BasicTypeRegistry - Adding type registration java.time.Duration -> org.hibernate.type.BasicTypeReference@f2c488
10:24:16.348 [main] DEBUG org.hibernate.type.BasicTypeRegistry - Adding type registration LocalDateTime -> org.hibernate.type.BasicTypeReference@54acff7d
10:24:16.348 [main] DEBUG org.hibernate.type.BasicTypeRegistry - Adding type registration java.time.LocalDateTime -> org.hibernate.type.BasicTypeReference@54acff7d
10:24:16.348 [main] DEBUG org.hibernate.type.BasicTypeRegistry - Adding type registration LocalDate -> org.hibernate.type.BasicTypeReference@7bc9e6ab
10:24:16.348 [main] DEBUG org.hibernate.type.BasicTypeRegistry - Adding type registration java.time.LocalDate -> org.hibernate.type.BasicTypeReference@7bc9e6ab
10:24:16.348 [main] DEBUG org.hibernate.type.BasicTypeRegistry - Adding type registration LocalTime -> org.hibernate.type.BasicTypeReference@5488b5c5
10:24:16.348 [main] DEBUG org.hibernate.type.BasicTypeRegistry - Adding type registration java.time.LocalTime -> org.hibernate.type.BasicTypeReference@5488b5c5
10:24:16.348 [main] DEBUG org.hibernate.type.BasicTypeRegistry - Adding type registration OffsetDateTime -> org.hibernate.type.BasicTypeReference@4248ed58
10:24:16.348 [main] DEBUG org.hibernate.type.BasicTypeRegistry - Adding type registration java.time.OffsetDateTime -> org.hibernate.type.BasicTypeReference@4248ed58
10:24:16.348 [main] DEBUG org.hibernate.type.BasicTypeRegistry - Adding type registration OffsetDateTimeWithTimezone -> org.hibernate.type.BasicTypeReference@712ca57b
10:24:16.348 [main] DEBUG org.hibernate.type.BasicTypeRegistry - Adding type registration OffsetDateTimeWithoutTimezone -> org.hibernate.type.BasicTypeReference@4564e94b
10:24:16.348 [main] DEBUG org.hibernate.type.BasicTypeRegistry - Adding type registration OffsetTime -> org.hibernate.type.BasicTypeReference@54534abf
10:24:16.348 [main] DEBUG org.hibernate.type.BasicTypeRegistry - Adding type registration java.time.OffsetTime -> org.hibernate.type.BasicTypeReference@54534abf
10:24:16.348 [main] DEBUG org.hibernate.type.BasicTypeRegistry - Adding type registration OffsetTimeUtc -> org.hibernate.type.BasicTypeReference@51745f40
10:24:16.348 [main] DEBUG org.hibernate.type.BasicTypeRegistry - Adding type registration OffsetTimeWithTimezone -> org.hibernate.type.BasicTypeReference@45673f68
10:24:16.348 [main] DEBUG org.hibernate.type.BasicTypeRegistry - Adding type registration OffsetTimeWithoutTimezone -> org.hibernate.type.BasicTypeReference@27abb83e
10:24:16.348 [main] DEBUG org.hibernate.type.BasicTypeRegistry - Adding type registration ZonedDateTime -> org.hibernate.type.BasicTypeReference@69e308c6
10:24:16.348 [main] DEBUG org.hibernate.type.BasicTypeRegistry - Adding type registration java.time.ZonedDateTime -> org.hibernate.type.BasicTypeReference@69e308c6
10:24:16.348 [main] DEBUG org.hibernate.type.BasicTypeRegistry - Adding type registration ZonedDateTimeWithTimezone -> org.hibernate.type.BasicTypeReference@1a1ed4e5
10:24:16.348 [main] DEBUG org.hibernate.type.BasicTypeRegistry - Adding type registration ZonedDateTimeWithoutTimezone -> org.hibernate.type.BasicTypeReference@667e34b1
10:24:16.348 [main] DEBUG org.hibernate.type.BasicTypeRegistry - Adding type registration date -> org.hibernate.type.BasicTypeReference@1c6e0a08
10:24:16.348 [main] DEBUG org.hibernate.type.BasicTypeRegistry - Adding type registration java.sql.Date -> org.hibernate.type.BasicTypeReference@1c6e0a08
10:24:16.348 [main] DEBUG org.hibernate.type.BasicTypeRegistry - Adding type registration time -> org.hibernate.type.BasicTypeReference@6dba847b
10:24:16.348 [main] DEBUG org.hibernate.type.BasicTypeRegistry - Adding type registration java.sql.Time -> org.hibernate.type.BasicTypeReference@6dba847b
10:24:16.348 [main] DEBUG org.hibernate.type.BasicTypeRegistry - Adding type registration timestamp -> org.hibernate.type.BasicTypeReference@1efdcd5
10:24:16.348 [main] DEBUG org.hibernate.type.BasicTypeRegistry - Adding type registration java.sql.Timestamp -> org.hibernate.type.BasicTypeReference@1efdcd5
10:24:16.348 [main] DEBUG org.hibernate.type.BasicTypeRegistry - Adding type registration java.util.Date -> org.hibernate.type.BasicTypeReference@1efdcd5
10:24:16.348 [main] DEBUG org.hibernate.type.BasicTypeRegistry - Adding type registration calendar -> org.hibernate.type.BasicTypeReference@1623bbe5
10:24:16.348 [main] DEBUG org.hibernate.type.BasicTypeRegistry - Adding type registration java.util.Calendar -> org.hibernate.type.BasicTypeReference@1623bbe5
10:24:16.348 [main] DEBUG org.hibernate.type.BasicTypeRegistry - Adding type registration java.util.GregorianCalendar -> org.hibernate.type.BasicTypeReference@1623bbe5
10:24:16.348 [main] DEBUG org.hibernate.type.BasicTypeRegistry - Adding type registration calendar_date -> org.hibernate.type.BasicTypeReference@7af1cd63
10:24:16.348 [main] DEBUG org.hibernate.type.BasicTypeRegistry - Adding type registration calendar_time -> org.hibernate.type.BasicTypeReference@4351171a
10:24:16.348 [main] DEBUG org.hibernate.type.BasicTypeRegistry - Adding type registration instant -> org.hibernate.type.BasicTypeReference@3c2772d1
10:24:16.348 [main] DEBUG org.hibernate.type.BasicTypeRegistry - Adding type registration java.time.Instant -> org.hibernate.type.BasicTypeReference@3c2772d1
10:24:16.348 [main] DEBUG org.hibernate.type.BasicTypeRegistry - Adding type registration uuid -> org.hibernate.type.BasicTypeReference@37d00a23
10:24:16.348 [main] DEBUG org.hibernate.type.BasicTypeRegistry - Adding type registration java.util.UUID -> org.hibernate.type.BasicTypeReference@37d00a23
10:24:16.348 [main] DEBUG org.hibernate.type.BasicTypeRegistry - Adding type registration pg-uuid -> org.hibernate.type.BasicTypeReference@37d00a23
10:24:16.348 [main] DEBUG org.hibernate.type.BasicTypeRegistry - Adding type registration uuid-binary -> org.hibernate.type.BasicTypeReference@433e536f
10:24:16.348 [main] DEBUG org.hibernate.type.BasicTypeRegistry - Adding type registration uuid-char -> org.hibernate.type.BasicTypeReference@89c65d5
10:24:16.348 [main] DEBUG org.hibernate.type.BasicTypeRegistry - Adding type registration class -> org.hibernate.type.BasicTypeReference@faa3fed
10:24:16.348 [main] DEBUG org.hibernate.type.BasicTypeRegistry - Adding type registration java.lang.Class -> org.hibernate.type.BasicTypeReference@faa3fed
10:24:16.348 [main] DEBUG org.hibernate.type.BasicTypeRegistry - Adding type registration currency -> org.hibernate.type.BasicTypeReference@988246e
10:24:16.348 [main] DEBUG org.hibernate.type.BasicTypeRegistry - Adding type registration Currency -> org.hibernate.type.BasicTypeReference@988246e
10:24:16.348 [main] DEBUG org.hibernate.type.BasicTypeRegistry - Adding type registration java.util.Currency -> org.hibernate.type.BasicTypeReference@988246e
10:24:16.348 [main] DEBUG org.hibernate.type.BasicTypeRegistry - Adding type registration locale -> org.hibernate.type.BasicTypeReference@62515a47
10:24:16.348 [main] DEBUG org.hibernate.type.BasicTypeRegistry - Adding type registration java.util.Locale -> org.hibernate.type.BasicTypeReference@62515a47
10:24:16.348 [main] DEBUG org.hibernate.type.BasicTypeRegistry - Adding type registration serializable -> org.hibernate.type.BasicTypeReference@3c5a54b7
10:24:16.348 [main] DEBUG org.hibernate.type.BasicTypeRegistry - Adding type registration java.io.Serializable -> org.hibernate.type.BasicTypeReference@3c5a54b7
10:24:16.348 [main] DEBUG org.hibernate.type.BasicTypeRegistry - Adding type registration timezone -> org.hibernate.type.BasicTypeReference@61f2c3f0
10:24:16.348 [main] DEBUG org.hibernate.type.BasicTypeRegistry - Adding type registration java.util.TimeZone -> org.hibernate.type.BasicTypeReference@61f2c3f0
10:24:16.348 [main] DEBUG org.hibernate.type.BasicTypeRegistry - Adding type registration ZoneOffset -> org.hibernate.type.BasicTypeReference@291120f4
10:24:16.348 [main] DEBUG org.hibernate.type.BasicTypeRegistry - Adding type registration java.time.ZoneOffset -> org.hibernate.type.BasicTypeReference@291120f4
10:24:16.348 [main] DEBUG org.hibernate.type.BasicTypeRegistry - Adding type registration url -> org.hibernate.type.BasicTypeReference@417ad4f3
10:24:16.348 [main] DEBUG org.hibernate.type.BasicTypeRegistry - Adding type registration java.net.URL -> org.hibernate.type.BasicTypeReference@417ad4f3
10:24:16.348 [main] DEBUG org.hibernate.type.BasicTypeRegistry - Adding type registration vector -> org.hibernate.type.BasicTypeReference@2f6bcf87
10:24:16.348 [main] DEBUG org.hibernate.type.BasicTypeRegistry - Adding type registration row_version -> org.hibernate.type.BasicTypeReference@58f174d9
10:24:16.348 [main] DEBUG org.hibernate.type.BasicTypeRegistry - Adding type registration object -> org.hibernate.type.JavaObjectType@34237b90
10:24:16.348 [main] DEBUG org.hibernate.type.BasicTypeRegistry - Adding type registration java.lang.Object -> org.hibernate.type.JavaObjectType@34237b90
10:24:16.348 [main] DEBUG org.hibernate.type.BasicTypeRegistry - Adding type registration null -> org.hibernate.type.NullType@267bbe1a
10:24:16.348 [main] DEBUG org.hibernate.type.BasicTypeRegistry - Adding type registration imm_date -> org.hibernate.type.BasicTypeReference@3b185d98
10:24:16.348 [main] DEBUG org.hibernate.type.BasicTypeRegistry - Adding type registration imm_time -> org.hibernate.type.BasicTypeReference@5f332047
10:24:16.348 [main] DEBUG org.hibernate.type.BasicTypeRegistry - Adding type registration imm_timestamp -> org.hibernate.type.BasicTypeReference@5b7d2535
10:24:16.348 [main] DEBUG org.hibernate.type.BasicTypeRegistry - Adding type registration imm_calendar -> org.hibernate.type.BasicTypeReference@73b3366b
10:24:16.348 [main] DEBUG org.hibernate.type.BasicTypeRegistry - Adding type registration imm_calendar_date -> org.hibernate.type.BasicTypeReference@a3e4118
10:24:16.348 [main] DEBUG org.hibernate.type.BasicTypeRegistry - Adding type registration imm_calendar_time -> org.hibernate.type.BasicTypeReference@4c497900
10:24:16.348 [main] DEBUG org.hibernate.type.BasicTypeRegistry - Adding type registration imm_binary -> org.hibernate.type.BasicTypeReference@7e2fb931
10:24:16.348 [main] DEBUG org.hibernate.type.BasicTypeRegistry - Adding type registration imm_serializable -> org.hibernate.type.BasicTypeReference@1445c8f1
10:24:16.349 [main] DEBUG org.hibernate.boot.internal.BootstrapContextImpl - Injecting ScanEnvironment [org.hibernate.jpa.boot.internal.StandardJpaScanEnvironmentImpl@6c0b6de0] into BootstrapContext; was [null]
10:24:16.349 [main] DEBUG org.hibernate.boot.internal.BootstrapContextImpl - Injecting ScanOptions [org.hibernate.boot.archive.scan.internal.StandardScanOptions@6b0d8818] into BootstrapContext; was [org.hibernate.boot.archive.scan.internal.StandardScanOptions@68685279]
10:24:16.385 [main] DEBUG org.hibernate.boot.internal.BootstrapContextImpl - Injecting JPA temp ClassLoader [null] into BootstrapContext; was [null]
10:24:16.385 [main] DEBUG org.hibernate.boot.internal.ClassLoaderAccessImpl - ClassLoaderAccessImpl#injectTempClassLoader(null) [was null]
10:24:16.385 [main] INFO org.hibernate.engine.jdbc.connections.internal.ConnectionProviderInitiator - HHH000130: Instantiating explicit connection provider: org.hibernate.hikaricp.internal.HikariCPConnectionProvider
10:24:16.385 [main] DEBUG org.hibernate.hikaricp.internal.HikariCPConnectionProvider - Configuring HikariCP
10:24:16.385 [main] DEBUG com.zaxxer.hikari.HikariConfig - Driver class org.h2.Driver found in Thread context class loader jdk.internal.loader.ClassLoaders$AppClassLoader@70dea4e
10:24:16.385 [main] DEBUG com.zaxxer.hikari.HikariConfig - FRC-PM-HikariCP - configuration:
10:24:16.385 [main] DEBUG com.zaxxer.hikari.HikariConfig - allowPoolSuspension.............false
10:24:16.385 [main] DEBUG com.zaxxer.hikari.HikariConfig - autoCommit......................true
10:24:16.385 [main] DEBUG com.zaxxer.hikari.HikariConfig - catalog.........................none
10:24:16.385 [main] DEBUG com.zaxxer.hikari.HikariConfig - connectionInitSql...............none
10:24:16.385 [main] DEBUG com.zaxxer.hikari.HikariConfig - connectionTestQuery.............none
10:24:16.385 [main] DEBUG com.zaxxer.hikari.HikariConfig - connectionTimeout...............10000
10:24:16.385 [main] DEBUG com.zaxxer.hikari.HikariConfig - dataSource......................none
10:24:16.385 [main] DEBUG com.zaxxer.hikari.HikariConfig - dataSourceClassName.............none
10:24:16.385 [main] DEBUG com.zaxxer.hikari.HikariConfig - dataSourceJNDI..................none
10:24:16.385 [main] DEBUG com.zaxxer.hikari.HikariConfig - dataSourceProperties............{password=<masked>}
10:24:16.385 [main] DEBUG com.zaxxer.hikari.HikariConfig - driverClassName................."org.h2.Driver"
10:24:16.385 [main] DEBUG com.zaxxer.hikari.HikariConfig - exceptionOverrideClassName......none
10:24:16.385 [main] DEBUG com.zaxxer.hikari.HikariConfig - healthCheckProperties...........{}
10:24:16.385 [main] DEBUG com.zaxxer.hikari.HikariConfig - healthCheckRegistry.............none
10:24:16.385 [main] DEBUG com.zaxxer.hikari.HikariConfig - idleTimeout.....................30000
10:24:16.385 [main] DEBUG com.zaxxer.hikari.HikariConfig - initializationFailTimeout.......1
10:24:16.385 [main] DEBUG com.zaxxer.hikari.HikariConfig - isolateInternalQueries..........false
10:24:16.385 [main] DEBUG com.zaxxer.hikari.HikariConfig - jdbcUrl.........................jdbc:h2:file:C:\Users\dhiebert\.frcpm\frcpm
10:24:16.385 [main] DEBUG com.zaxxer.hikari.HikariConfig - keepaliveTime...................0
10:24:16.385 [main] DEBUG com.zaxxer.hikari.HikariConfig - leakDetectionThreshold..........0
10:24:16.385 [main] DEBUG com.zaxxer.hikari.HikariConfig - maxLifetime.....................1800000
10:24:16.385 [main] DEBUG com.zaxxer.hikari.HikariConfig - maximumPoolSize.................10
10:24:16.386 [main] DEBUG com.zaxxer.hikari.HikariConfig - metricRegistry..................none
10:24:16.386 [main] DEBUG com.zaxxer.hikari.HikariConfig - metricsTrackerFactory...........none
10:24:16.386 [main] DEBUG com.zaxxer.hikari.HikariConfig - minimumIdle.....................2
10:24:16.386 [main] DEBUG com.zaxxer.hikari.HikariConfig - password........................<masked>
10:24:16.386 [main] DEBUG com.zaxxer.hikari.HikariConfig - poolName........................"FRC-PM-HikariCP"
10:24:16.386 [main] DEBUG com.zaxxer.hikari.HikariConfig - readOnly........................false
10:24:16.386 [main] DEBUG com.zaxxer.hikari.HikariConfig - registerMbeans..................false
10:24:16.386 [main] DEBUG com.zaxxer.hikari.HikariConfig - scheduledExecutor...............none
10:24:16.386 [main] DEBUG com.zaxxer.hikari.HikariConfig - schema..........................none
10:24:16.386 [main] DEBUG com.zaxxer.hikari.HikariConfig - threadFactory...................internal
10:24:16.386 [main] DEBUG com.zaxxer.hikari.HikariConfig - transactionIsolation............default
10:24:16.386 [main] DEBUG com.zaxxer.hikari.HikariConfig - username........................"sa"
10:24:16.386 [main] DEBUG com.zaxxer.hikari.HikariConfig - validationTimeout...............5000
10:24:16.386 [main] INFO com.zaxxer.hikari.HikariDataSource - FRC-PM-HikariCP - Starting...
10:24:16.393 [main] INFO com.zaxxer.hikari.pool.HikariPool - FRC-PM-HikariCP - Added connection conn20: url=jdbc:h2:file:C:\Users\dhiebert\.frcpm\frcpm user=SA
10:24:16.393 [main] INFO com.zaxxer.hikari.HikariDataSource - FRC-PM-HikariCP - Start completed.
10:24:16.393 [main] DEBUG org.hibernate.hikaricp.internal.HikariCPConnectionProvider - HikariCP Configured
10:24:16.393 [main] DEBUG org.hibernate.engine.jdbc.env.internal.JdbcEnvironmentInitiator - Database ->
	   name : H2
	version : 2.2.224 (2023-09-17)
	  major : 2
	  minor : 2
10:24:16.393 [main] DEBUG org.hibernate.engine.jdbc.env.internal.JdbcEnvironmentInitiator - Driver ->
	   name : H2 JDBC Driver
	version : 2.2.224 (2023-09-17)
	  major : 2
	  minor : 2
10:24:16.393 [main] DEBUG org.hibernate.engine.jdbc.env.internal.JdbcEnvironmentInitiator - JDBC version : 4.2
10:24:16.393 [main] WARN org.hibernate.orm.deprecation - HHH90000025: H2Dialect does not need to be specified explicitly using 'hibernate.dialect' (remove the property setting and it will be selected by default)
10:24:16.393 [main] DEBUG org.hibernate.orm.dialect - HHH035001: Using dialect: org.hibernate.dialect.H2Dialect, version: 2.2.224
10:24:16.393 [main] DEBUG org.hibernate.engine.jdbc.env.spi.IdentifierHelperBuilder - JDBC driver metadata reported database stores quoted identifiers in neither upper, lower nor mixed case
10:24:16.394 [main] DEBUG org.hibernate.type.descriptor.jdbc.spi.JdbcTypeRegistry - addDescriptor(NCharTypeDescriptor) replaced previous registration(CharTypeDescriptor)
10:24:16.394 [main] DEBUG org.hibernate.type.descriptor.jdbc.spi.JdbcTypeRegistry - addDescriptor(NVarcharTypeDescriptor) replaced previous registration(VarcharTypeDescriptor)
10:24:16.394 [main] DEBUG org.hibernate.type.descriptor.jdbc.spi.JdbcTypeRegistry - addDescriptor(LongNVarcharTypeDescriptor) replaced previous registration(LongVarcharTypeDescriptor)
10:24:16.394 [main] DEBUG org.hibernate.type.descriptor.jdbc.spi.JdbcTypeRegistry - addDescriptor(NClobTypeDescriptor(DEFAULT)) replaced previous registration(ClobTypeDescriptor(DEFAULT))
10:24:16.394 [main] DEBUG org.hibernate.type.descriptor.jdbc.spi.JdbcTypeRegistry - addDescriptor(2005, ClobTypeDescriptor(STREAM_BINDING)) replaced previous registration(ClobTypeDescriptor(DEFAULT))
10:24:16.394 [main] DEBUG org.hibernate.type.descriptor.jdbc.spi.JdbcTypeRegistry - addDescriptor(TimestampUtcDescriptor) replaced previous registration(TimestampUtcDescriptor)
10:24:16.394 [main] DEBUG org.hibernate.type.BasicTypeRegistry - Adding type registration org.hibernate.type.DurationType -> basicType@232(java.time.Duration,3015)
10:24:16.394 [main] DEBUG org.hibernate.type.BasicTypeRegistry - Adding type registration Duration -> basicType@232(java.time.Duration,3015)
10:24:16.394 [main] DEBUG org.hibernate.type.BasicTypeRegistry - Adding type registration java.time.Duration -> basicType@232(java.time.Duration,3015)
10:24:16.394 [main] DEBUG org.hibernate.type.spi.TypeConfiguration$Scope - Scoping TypeConfiguration [org.hibernate.type.spi.TypeConfiguration@1429d048] to MetadataBuildingContext [org.hibernate.boot.internal.MetadataBuildingContextRootImpl@47846204]
10:24:16.394 [main] DEBUG org.hibernate.boot.model.relational.Namespace - Created database namespace [logicalName=Name{catalog=null, schema=null}, physicalName=Name{catalog=null, schema=null}]
10:24:16.396 [main] DEBUG org.hibernate.boot.model.internal.EntityBinder - Binding entity from annotated class: org.frcpm.models.Attendance
10:24:16.396 [main] DEBUG org.hibernate.boot.model.internal.EntityBinder - Import with entity name Attendance
10:24:16.396 [main] DEBUG org.hibernate.boot.model.internal.EntityBinder - Bind entity org.frcpm.models.Attendance on table attendances
10:24:16.396 [main] DEBUG org.hibernate.boot.model.internal.AnnotatedColumn - Binding column: AnnotatedDiscriminatorColumn(column='DTYPE')
10:24:16.396 [main] DEBUG org.hibernate.boot.model.internal.AnnotatedColumn - Binding column: AnnotatedColumn()
10:24:16.396 [main] DEBUG org.hibernate.boot.internal.ClassLoaderAccessImpl - Not known whether passed class name [org.frcpm.models.Attendance] is safe
10:24:16.396 [main] DEBUG org.hibernate.boot.internal.ClassLoaderAccessImpl - No temp ClassLoader provided; using live ClassLoader for loading potentially unsafe class : org.frcpm.models.Attendance
10:24:16.396 [main] DEBUG org.hibernate.boot.model.internal.PropertyBinder - MetadataSourceProcessor property id with lazy=false
10:24:16.396 [main] DEBUG org.hibernate.boot.model.internal.AbstractPropertyHolder - Attempting to locate auto-apply AttributeConverter for property [org.frcpm.models.Attendance:id]
10:24:16.396 [main] DEBUG org.hibernate.boot.model.internal.BasicValueBinder - building BasicValue for id
10:24:16.396 [main] DEBUG org.hibernate.mapping.BasicValue - Skipping column re-registration: attendances.id
10:24:16.396 [main] DEBUG org.hibernate.boot.model.internal.PropertyBinder - Building property id
10:24:16.396 [main] DEBUG org.hibernate.boot.model.internal.BinderHelper - #makeIdGenerator(BasicValue([Column(id)]), id, identity, , ...)
10:24:16.396 [main] DEBUG org.hibernate.boot.model.internal.AnnotatedColumn - Binding column: AnnotatedColumn(column='arrival_time')
10:24:16.396 [main] DEBUG org.hibernate.boot.model.internal.PropertyBinder - MetadataSourceProcessor property arrivalTime with lazy=false
10:24:16.396 [main] DEBUG org.hibernate.boot.model.internal.AbstractPropertyHolder - Attempting to locate auto-apply AttributeConverter for property [org.frcpm.models.Attendance:arrivalTime]
10:24:16.396 [main] DEBUG org.hibernate.boot.model.internal.BasicValueBinder - building BasicValue for arrivalTime
10:24:16.397 [main] DEBUG org.hibernate.mapping.BasicValue - Skipping column re-registration: attendances.arrival_time
10:24:16.397 [main] DEBUG org.hibernate.boot.model.internal.PropertyBinder - Building property arrivalTime
10:24:16.397 [main] DEBUG org.hibernate.boot.model.internal.AnnotatedColumn - Binding column: AnnotatedColumn(column='departure_time')
10:24:16.397 [main] DEBUG org.hibernate.boot.model.internal.PropertyBinder - MetadataSourceProcessor property departureTime with lazy=false
10:24:16.397 [main] DEBUG org.hibernate.boot.model.internal.AbstractPropertyHolder - Attempting to locate auto-apply AttributeConverter for property [org.frcpm.models.Attendance:departureTime]
10:24:16.397 [main] DEBUG org.hibernate.boot.model.internal.BasicValueBinder - building BasicValue for departureTime
10:24:16.397 [main] DEBUG org.hibernate.mapping.BasicValue - Skipping column re-registration: attendances.departure_time
10:24:16.397 [main] DEBUG org.hibernate.boot.model.internal.PropertyBinder - Building property departureTime
10:24:16.397 [main] DEBUG org.hibernate.boot.model.internal.AnnotatedColumn - Binding column: AnnotatedJoinColumn(column='meeting_id')
10:24:16.397 [main] DEBUG org.hibernate.boot.model.internal.AnnotatedColumn - Binding column: AnnotatedColumn()
10:24:16.397 [main] DEBUG org.hibernate.boot.model.internal.PropertyBinder - Building property meeting
10:24:16.397 [main] DEBUG org.hibernate.boot.model.internal.AnnotatedColumn - Binding column: AnnotatedJoinColumn(column='member_id')
10:24:16.397 [main] DEBUG org.hibernate.boot.model.internal.AnnotatedColumn - Binding column: AnnotatedColumn()
10:24:16.397 [main] DEBUG org.hibernate.boot.model.internal.PropertyBinder - Building property member
10:24:16.397 [main] DEBUG org.hibernate.boot.model.internal.AnnotatedColumn - Binding column: AnnotatedColumn(column='present')
10:24:16.397 [main] DEBUG org.hibernate.boot.model.internal.PropertyBinder - MetadataSourceProcessor property present with lazy=false
10:24:16.397 [main] DEBUG org.hibernate.boot.model.internal.AbstractPropertyHolder - Attempting to locate auto-apply AttributeConverter for property [org.frcpm.models.Attendance:present]
10:24:16.397 [main] DEBUG org.hibernate.boot.model.internal.BasicValueBinder - building BasicValue for present
10:24:16.397 [main] DEBUG org.hibernate.mapping.BasicValue - Skipping column re-registration: attendances.present
10:24:16.397 [main] DEBUG org.hibernate.boot.model.internal.PropertyBinder - Building property present
10:24:16.398 [main] DEBUG org.hibernate.boot.registry.classloading.internal.ClassLoaderServiceImpl - HHH000194: Package not found or no package-info.java: org.frcpm.models
10:24:16.398 [main] DEBUG org.hibernate.boot.model.internal.EntityBinder - Binding entity from annotated class: org.frcpm.models.Meeting
10:24:16.398 [main] DEBUG org.hibernate.boot.model.internal.EntityBinder - Import with entity name Meeting
10:24:16.398 [main] DEBUG org.hibernate.boot.model.internal.EntityBinder - Bind entity org.frcpm.models.Meeting on table meetings
10:24:16.398 [main] DEBUG org.hibernate.boot.model.internal.AnnotatedColumn - Binding column: AnnotatedDiscriminatorColumn(column='DTYPE')
10:24:16.398 [main] DEBUG org.hibernate.boot.model.internal.AnnotatedColumn - Binding column: AnnotatedColumn()
10:24:16.398 [main] DEBUG org.hibernate.boot.internal.ClassLoaderAccessImpl - Not known whether passed class name [org.frcpm.models.Meeting] is safe
10:24:16.398 [main] DEBUG org.hibernate.boot.internal.ClassLoaderAccessImpl - No temp ClassLoader provided; using live ClassLoader for loading potentially unsafe class : org.frcpm.models.Meeting
10:24:16.398 [main] DEBUG org.hibernate.boot.model.internal.PropertyBinder - MetadataSourceProcessor property id with lazy=false
10:24:16.398 [main] DEBUG org.hibernate.boot.model.internal.AbstractPropertyHolder - Attempting to locate auto-apply AttributeConverter for property [org.frcpm.models.Meeting:id]
10:24:16.398 [main] DEBUG org.hibernate.boot.model.internal.BasicValueBinder - building BasicValue for id
10:24:16.398 [main] DEBUG org.hibernate.mapping.BasicValue - Skipping column re-registration: meetings.id
10:24:16.398 [main] DEBUG org.hibernate.boot.model.internal.PropertyBinder - Building property id
10:24:16.398 [main] DEBUG org.hibernate.boot.model.internal.BinderHelper - #makeIdGenerator(BasicValue([Column(id)]), id, identity, , ...)
10:24:16.398 [main] DEBUG org.hibernate.boot.model.internal.AnnotatedColumn - Binding column: AnnotatedJoinColumn()
10:24:16.398 [main] DEBUG org.hibernate.boot.model.internal.AnnotatedColumn - Binding column: AnnotatedColumn()
10:24:16.398 [main] DEBUG org.hibernate.boot.model.internal.AnnotatedColumn - Binding column: IndexColumn(column='attendances_ORDER')
10:24:16.399 [main] DEBUG org.hibernate.boot.model.internal.AnnotatedColumn - Binding column: AnnotatedColumn()
10:24:16.399 [main] DEBUG org.hibernate.boot.model.internal.AnnotatedColumn - Binding column: AnnotatedColumn(column='attendances_KEY')
10:24:16.399 [main] DEBUG org.hibernate.boot.model.internal.AnnotatedColumn - Binding column: AnnotatedJoinColumn(column='attendances_KEY')
10:24:16.399 [main] DEBUG org.hibernate.boot.model.internal.AnnotatedColumn - Binding column: AnnotatedJoinColumn()
10:24:16.399 [main] DEBUG org.hibernate.boot.model.internal.AnnotatedColumn - Binding column: AnnotatedJoinColumn()
10:24:16.399 [main] DEBUG org.hibernate.boot.model.internal.CollectionBinder - Collection role: org.frcpm.models.Meeting.attendances
10:24:16.399 [main] DEBUG org.hibernate.boot.model.internal.PropertyBinder - Building property attendances
10:24:16.399 [main] DEBUG org.hibernate.boot.model.internal.AnnotatedColumn - Binding column: AnnotatedColumn(column='date')
10:24:16.399 [main] DEBUG org.hibernate.boot.model.internal.PropertyBinder - MetadataSourceProcessor property date with lazy=false
10:24:16.399 [main] DEBUG org.hibernate.boot.model.internal.AbstractPropertyHolder - Attempting to locate auto-apply AttributeConverter for property [org.frcpm.models.Meeting:date]
10:24:16.399 [main] DEBUG org.hibernate.boot.model.internal.BasicValueBinder - building BasicValue for date
10:24:16.399 [main] DEBUG org.hibernate.mapping.BasicValue - Skipping column re-registration: meetings.date
10:24:16.399 [main] DEBUG org.hibernate.boot.model.internal.PropertyBinder - Building property date
10:24:16.399 [main] DEBUG org.hibernate.boot.model.internal.AnnotatedColumn - Binding column: AnnotatedColumn(column='end_time')
10:24:16.399 [main] DEBUG org.hibernate.boot.model.internal.PropertyBinder - MetadataSourceProcessor property endTime with lazy=false
10:24:16.399 [main] DEBUG org.hibernate.boot.model.internal.AbstractPropertyHolder - Attempting to locate auto-apply AttributeConverter for property [org.frcpm.models.Meeting:endTime]
10:24:16.399 [main] DEBUG org.hibernate.boot.model.internal.BasicValueBinder - building BasicValue for endTime
10:24:16.399 [main] DEBUG org.hibernate.mapping.BasicValue - Skipping column re-registration: meetings.end_time
10:24:16.399 [main] DEBUG org.hibernate.boot.model.internal.PropertyBinder - Building property endTime
10:24:16.399 [main] DEBUG org.hibernate.boot.model.internal.AnnotatedColumn - Binding column: AnnotatedColumn(column='notes')
10:24:16.399 [main] DEBUG org.hibernate.boot.model.internal.PropertyBinder - MetadataSourceProcessor property notes with lazy=false
10:24:16.399 [main] DEBUG org.hibernate.boot.model.internal.AbstractPropertyHolder - Attempting to locate auto-apply AttributeConverter for property [org.frcpm.models.Meeting:notes]
10:24:16.399 [main] DEBUG org.hibernate.boot.model.internal.BasicValueBinder - building BasicValue for notes
10:24:16.399 [main] DEBUG org.hibernate.mapping.BasicValue - Skipping column re-registration: meetings.notes
10:24:16.399 [main] DEBUG org.hibernate.boot.model.internal.PropertyBinder - Building property notes
10:24:16.399 [main] DEBUG org.hibernate.boot.model.internal.AnnotatedColumn - Binding column: AnnotatedJoinColumn(column='project_id')
10:24:16.399 [main] DEBUG org.hibernate.boot.model.internal.AnnotatedColumn - Binding column: AnnotatedColumn()
10:24:16.399 [main] DEBUG org.hibernate.boot.model.internal.PropertyBinder - Building property project
10:24:16.399 [main] DEBUG org.hibernate.boot.model.internal.AnnotatedColumn - Binding column: AnnotatedColumn(column='start_time')
10:24:16.399 [main] DEBUG org.hibernate.boot.model.internal.PropertyBinder - MetadataSourceProcessor property startTime with lazy=false
10:24:16.399 [main] DEBUG org.hibernate.boot.model.internal.AbstractPropertyHolder - Attempting to locate auto-apply AttributeConverter for property [org.frcpm.models.Meeting:startTime]
10:24:16.399 [main] DEBUG org.hibernate.boot.model.internal.BasicValueBinder - building BasicValue for startTime
10:24:16.399 [main] DEBUG org.hibernate.mapping.BasicValue - Skipping column re-registration: meetings.start_time
10:24:16.399 [main] DEBUG org.hibernate.boot.model.internal.PropertyBinder - Building property startTime
10:24:16.399 [main] DEBUG org.hibernate.boot.registry.classloading.internal.ClassLoaderServiceImpl - HHH000194: Package not found or no package-info.java: org.frcpm.models
10:24:16.399 [main] DEBUG org.hibernate.boot.model.internal.EntityBinder - Binding entity from annotated class: org.frcpm.models.Subsystem
10:24:16.399 [main] DEBUG org.hibernate.boot.model.internal.EntityBinder - Import with entity name Subsystem
10:24:16.399 [main] DEBUG org.hibernate.boot.model.internal.EntityBinder - Bind entity org.frcpm.models.Subsystem on table subsystems
10:24:16.399 [main] DEBUG org.hibernate.boot.model.internal.AnnotatedColumn - Binding column: AnnotatedDiscriminatorColumn(column='DTYPE')
10:24:16.400 [main] DEBUG org.hibernate.boot.model.internal.AnnotatedColumn - Binding column: AnnotatedColumn()
10:24:16.400 [main] DEBUG org.hibernate.boot.internal.ClassLoaderAccessImpl - Not known whether passed class name [org.frcpm.models.Subsystem] is safe
10:24:16.400 [main] DEBUG org.hibernate.boot.internal.ClassLoaderAccessImpl - No temp ClassLoader provided; using live ClassLoader for loading potentially unsafe class : org.frcpm.models.Subsystem
10:24:16.400 [main] DEBUG org.hibernate.boot.model.internal.PropertyBinder - MetadataSourceProcessor property id with lazy=false
10:24:16.400 [main] DEBUG org.hibernate.boot.model.internal.AbstractPropertyHolder - Attempting to locate auto-apply AttributeConverter for property [org.frcpm.models.Subsystem:id]
10:24:16.400 [main] DEBUG org.hibernate.boot.model.internal.BasicValueBinder - building BasicValue for id
10:24:16.400 [main] DEBUG org.hibernate.mapping.BasicValue - Skipping column re-registration: subsystems.id
10:24:16.400 [main] DEBUG org.hibernate.boot.model.internal.PropertyBinder - Building property id
10:24:16.400 [main] DEBUG org.hibernate.boot.model.internal.BinderHelper - #makeIdGenerator(BasicValue([Column(id)]), id, identity, , ...)
10:24:16.400 [main] DEBUG org.hibernate.boot.model.internal.AnnotatedColumn - Binding column: AnnotatedColumn(column='description')
10:24:16.400 [main] DEBUG org.hibernate.boot.model.internal.PropertyBinder - MetadataSourceProcessor property description with lazy=false
10:24:16.400 [main] DEBUG org.hibernate.boot.model.internal.AbstractPropertyHolder - Attempting to locate auto-apply AttributeConverter for property [org.frcpm.models.Subsystem:description]
10:24:16.400 [main] DEBUG org.hibernate.boot.model.internal.BasicValueBinder - building BasicValue for description
10:24:16.400 [main] DEBUG org.hibernate.mapping.BasicValue - Skipping column re-registration: subsystems.description
10:24:16.400 [main] DEBUG org.hibernate.boot.model.internal.PropertyBinder - Building property description
10:24:16.400 [main] DEBUG org.hibernate.boot.model.internal.AnnotatedColumn - Binding column: AnnotatedColumn(column='name')
10:24:16.400 [main] DEBUG org.hibernate.boot.model.internal.PropertyBinder - MetadataSourceProcessor property name with lazy=false
10:24:16.400 [main] DEBUG org.hibernate.boot.model.internal.AbstractPropertyHolder - Attempting to locate auto-apply AttributeConverter for property [org.frcpm.models.Subsystem:name]
10:24:16.400 [main] DEBUG org.hibernate.boot.model.internal.BasicValueBinder - building BasicValue for name
10:24:16.400 [main] DEBUG org.hibernate.mapping.BasicValue - Skipping column re-registration: subsystems.name
10:24:16.400 [main] DEBUG org.hibernate.boot.model.internal.PropertyBinder - Building property name
10:24:16.400 [main] DEBUG org.hibernate.boot.model.internal.AnnotatedColumn - Binding column: AnnotatedJoinColumn(column='responsible_subteam_id')
10:24:16.400 [main] DEBUG org.hibernate.boot.model.internal.AnnotatedColumn - Binding column: AnnotatedColumn()
10:24:16.400 [main] DEBUG org.hibernate.boot.model.internal.PropertyBinder - Building property responsibleSubteam
10:24:16.400 [main] DEBUG org.hibernate.boot.model.internal.AnnotatedColumn - Binding column: AnnotatedColumn(column='status')
10:24:16.400 [main] DEBUG org.hibernate.boot.model.internal.PropertyBinder - MetadataSourceProcessor property status with lazy=false
10:24:16.400 [main] DEBUG org.hibernate.boot.model.internal.AbstractPropertyHolder - Attempting to locate auto-apply AttributeConverter for property [org.frcpm.models.Subsystem:status]
10:24:16.400 [main] DEBUG org.hibernate.boot.model.internal.BasicValueBinder - building BasicValue for status
10:24:16.400 [main] DEBUG org.hibernate.mapping.BasicValue - Skipping column re-registration: subsystems.status
10:24:16.400 [main] DEBUG org.hibernate.boot.model.internal.PropertyBinder - Building property status
10:24:16.400 [main] DEBUG org.hibernate.boot.model.internal.AnnotatedColumn - Binding column: AnnotatedJoinColumn()
10:24:16.400 [main] DEBUG org.hibernate.boot.model.internal.AnnotatedColumn - Binding column: AnnotatedColumn()
10:24:16.400 [main] DEBUG org.hibernate.boot.model.internal.AnnotatedColumn - Binding column: IndexColumn(column='tasks_ORDER')
10:24:16.400 [main] DEBUG org.hibernate.boot.model.internal.AnnotatedColumn - Binding column: AnnotatedColumn()
10:24:16.400 [main] DEBUG org.hibernate.boot.model.internal.AnnotatedColumn - Binding column: AnnotatedColumn(column='tasks_KEY')
10:24:16.400 [main] DEBUG org.hibernate.boot.model.internal.AnnotatedColumn - Binding column: AnnotatedJoinColumn(column='tasks_KEY')
10:24:16.400 [main] DEBUG org.hibernate.boot.model.internal.AnnotatedColumn - Binding column: AnnotatedJoinColumn()
10:24:16.400 [main] DEBUG org.hibernate.boot.model.internal.AnnotatedColumn - Binding column: AnnotatedJoinColumn()
10:24:16.400 [main] DEBUG org.hibernate.boot.model.internal.CollectionBinder - Collection role: org.frcpm.models.Subsystem.tasks
10:24:16.400 [main] DEBUG org.hibernate.boot.model.internal.PropertyBinder - Building property tasks
10:24:16.400 [main] DEBUG org.hibernate.boot.registry.classloading.internal.ClassLoaderServiceImpl - HHH000194: Package not found or no package-info.java: org.frcpm.models
10:24:16.400 [main] DEBUG org.hibernate.boot.model.internal.EntityBinder - Binding entity from annotated class: org.frcpm.models.Component
10:24:16.400 [main] DEBUG org.hibernate.boot.model.internal.EntityBinder - Import with entity name Component
10:24:16.400 [main] DEBUG org.hibernate.boot.model.internal.EntityBinder - Bind entity org.frcpm.models.Component on table components
10:24:16.400 [main] DEBUG org.hibernate.boot.model.internal.AnnotatedColumn - Binding column: AnnotatedDiscriminatorColumn(column='DTYPE')
10:24:16.400 [main] DEBUG org.hibernate.boot.model.internal.AnnotatedColumn - Binding column: AnnotatedColumn()
10:24:16.400 [main] DEBUG org.hibernate.boot.internal.ClassLoaderAccessImpl - Not known whether passed class name [org.frcpm.models.Component] is safe
10:24:16.400 [main] DEBUG org.hibernate.boot.internal.ClassLoaderAccessImpl - No temp ClassLoader provided; using live ClassLoader for loading potentially unsafe class : org.frcpm.models.Component
10:24:16.400 [main] DEBUG org.hibernate.boot.model.internal.PropertyBinder - MetadataSourceProcessor property id with lazy=false
10:24:16.400 [main] DEBUG org.hibernate.boot.model.internal.AbstractPropertyHolder - Attempting to locate auto-apply AttributeConverter for property [org.frcpm.models.Component:id]
10:24:16.400 [main] DEBUG org.hibernate.boot.model.internal.BasicValueBinder - building BasicValue for id
10:24:16.400 [main] DEBUG org.hibernate.mapping.BasicValue - Skipping column re-registration: components.id
10:24:16.400 [main] DEBUG org.hibernate.boot.model.internal.PropertyBinder - Building property id
10:24:16.400 [main] DEBUG org.hibernate.boot.model.internal.BinderHelper - #makeIdGenerator(BasicValue([Column(id)]), id, identity, , ...)
10:24:16.400 [main] DEBUG org.hibernate.boot.model.internal.AnnotatedColumn - Binding column: AnnotatedColumn(column='actual_delivery')
10:24:16.400 [main] DEBUG org.hibernate.boot.model.internal.PropertyBinder - MetadataSourceProcessor property actualDelivery with lazy=false
10:24:16.400 [main] DEBUG org.hibernate.boot.model.internal.AbstractPropertyHolder - Attempting to locate auto-apply AttributeConverter for property [org.frcpm.models.Component:actualDelivery]
10:24:16.401 [main] DEBUG org.hibernate.boot.model.internal.BasicValueBinder - building BasicValue for actualDelivery
10:24:16.401 [main] DEBUG org.hibernate.mapping.BasicValue - Skipping column re-registration: components.actual_delivery
10:24:16.401 [main] DEBUG org.hibernate.boot.model.internal.PropertyBinder - Building property actualDelivery
10:24:16.401 [main] DEBUG org.hibernate.boot.model.internal.AnnotatedColumn - Binding column: AnnotatedColumn(column='is_delivered')
10:24:16.401 [main] DEBUG org.hibernate.boot.model.internal.PropertyBinder - MetadataSourceProcessor property delivered with lazy=false
10:24:16.401 [main] DEBUG org.hibernate.boot.model.internal.AbstractPropertyHolder - Attempting to locate auto-apply AttributeConverter for property [org.frcpm.models.Component:delivered]
10:24:16.401 [main] DEBUG org.hibernate.boot.model.internal.BasicValueBinder - building BasicValue for delivered
10:24:16.401 [main] DEBUG org.hibernate.mapping.BasicValue - Skipping column re-registration: components.is_delivered
10:24:16.401 [main] DEBUG org.hibernate.boot.model.internal.PropertyBinder - Building property delivered
10:24:16.401 [main] DEBUG org.hibernate.boot.model.internal.AnnotatedColumn - Binding column: AnnotatedColumn(column='description')
10:24:16.401 [main] DEBUG org.hibernate.boot.model.internal.PropertyBinder - MetadataSourceProcessor property description with lazy=false
10:24:16.401 [main] DEBUG org.hibernate.boot.model.internal.AbstractPropertyHolder - Attempting to locate auto-apply AttributeConverter for property [org.frcpm.models.Component:description]
10:24:16.401 [main] DEBUG org.hibernate.boot.model.internal.BasicValueBinder - building BasicValue for description
10:24:16.401 [main] DEBUG org.hibernate.mapping.BasicValue - Skipping column re-registration: components.description
10:24:16.401 [main] DEBUG org.hibernate.boot.model.internal.PropertyBinder - Building property description
10:24:16.401 [main] DEBUG org.hibernate.boot.model.internal.AnnotatedColumn - Binding column: AnnotatedColumn(column='expected_delivery')
10:24:16.401 [main] DEBUG org.hibernate.boot.model.internal.PropertyBinder - MetadataSourceProcessor property expectedDelivery with lazy=false
10:24:16.401 [main] DEBUG org.hibernate.boot.model.internal.AbstractPropertyHolder - Attempting to locate auto-apply AttributeConverter for property [org.frcpm.models.Component:expectedDelivery]
10:24:16.401 [main] DEBUG org.hibernate.boot.model.internal.BasicValueBinder - building BasicValue for expectedDelivery
10:24:16.401 [main] DEBUG org.hibernate.mapping.BasicValue - Skipping column re-registration: components.expected_delivery
10:24:16.401 [main] DEBUG org.hibernate.boot.model.internal.PropertyBinder - Building property expectedDelivery
10:24:16.401 [main] DEBUG org.hibernate.boot.model.internal.AnnotatedColumn - Binding column: AnnotatedColumn(column='name')
10:24:16.401 [main] DEBUG org.hibernate.boot.model.internal.PropertyBinder - MetadataSourceProcessor property name with lazy=false
10:24:16.401 [main] DEBUG org.hibernate.boot.model.internal.AbstractPropertyHolder - Attempting to locate auto-apply AttributeConverter for property [org.frcpm.models.Component:name]
10:24:16.401 [main] DEBUG org.hibernate.boot.model.internal.BasicValueBinder - building BasicValue for name
10:24:16.401 [main] DEBUG org.hibernate.mapping.BasicValue - Skipping column re-registration: components.name
10:24:16.401 [main] DEBUG org.hibernate.boot.model.internal.PropertyBinder - Building property name
10:24:16.401 [main] DEBUG org.hibernate.boot.model.internal.AnnotatedColumn - Binding column: AnnotatedColumn(column='part_number')
10:24:16.401 [main] DEBUG org.hibernate.boot.model.internal.PropertyBinder - MetadataSourceProcessor property partNumber with lazy=false
10:24:16.401 [main] DEBUG org.hibernate.boot.model.internal.AbstractPropertyHolder - Attempting to locate auto-apply AttributeConverter for property [org.frcpm.models.Component:partNumber]
10:24:16.401 [main] DEBUG org.hibernate.boot.model.internal.BasicValueBinder - building BasicValue for partNumber
10:24:16.401 [main] DEBUG org.hibernate.mapping.BasicValue - Skipping column re-registration: components.part_number
10:24:16.401 [main] DEBUG org.hibernate.boot.model.internal.PropertyBinder - Building property partNumber
10:24:16.401 [main] DEBUG org.hibernate.boot.model.internal.AnnotatedColumn - Binding column: IndexColumn(column='requiredForTasks_ORDER')
10:24:16.401 [main] DEBUG org.hibernate.boot.model.internal.AnnotatedColumn - Binding column: AnnotatedColumn()
10:24:16.401 [main] DEBUG org.hibernate.boot.model.internal.AnnotatedColumn - Binding column: AnnotatedColumn(column='requiredForTasks_KEY')
10:24:16.401 [main] DEBUG org.hibernate.boot.model.internal.AnnotatedColumn - Binding column: AnnotatedJoinColumn(column='requiredForTasks_KEY')
10:24:16.401 [main] DEBUG org.hibernate.boot.model.internal.AnnotatedColumn - Binding column: AnnotatedJoinColumn()
10:24:16.401 [main] DEBUG org.hibernate.boot.model.internal.AnnotatedColumn - Binding column: AnnotatedJoinColumn()
10:24:16.401 [main] DEBUG org.hibernate.boot.model.internal.CollectionBinder - Collection role: org.frcpm.models.Component.requiredForTasks
10:24:16.401 [main] DEBUG org.hibernate.boot.model.internal.PropertyBinder - Building property requiredForTasks
10:24:16.401 [main] DEBUG org.hibernate.boot.registry.classloading.internal.ClassLoaderServiceImpl - HHH000194: Package not found or no package-info.java: org.frcpm.models
10:24:16.401 [main] DEBUG org.hibernate.boot.model.internal.EntityBinder - Binding entity from annotated class: org.frcpm.models.Milestone
10:24:16.401 [main] DEBUG org.hibernate.boot.model.internal.EntityBinder - Import with entity name Milestone
10:24:16.401 [main] DEBUG org.hibernate.boot.model.internal.EntityBinder - Bind entity org.frcpm.models.Milestone on table milestones
10:24:16.401 [main] DEBUG org.hibernate.boot.model.internal.AnnotatedColumn - Binding column: AnnotatedDiscriminatorColumn(column='DTYPE')
10:24:16.401 [main] DEBUG org.hibernate.boot.model.internal.AnnotatedColumn - Binding column: AnnotatedColumn()
10:24:16.401 [main] DEBUG org.hibernate.boot.internal.ClassLoaderAccessImpl - Not known whether passed class name [org.frcpm.models.Milestone] is safe
10:24:16.401 [main] DEBUG org.hibernate.boot.internal.ClassLoaderAccessImpl - No temp ClassLoader provided; using live ClassLoader for loading potentially unsafe class : org.frcpm.models.Milestone
10:24:16.401 [main] DEBUG org.hibernate.boot.model.internal.PropertyBinder - MetadataSourceProcessor property id with lazy=false
10:24:16.401 [main] DEBUG org.hibernate.boot.model.internal.AbstractPropertyHolder - Attempting to locate auto-apply AttributeConverter for property [org.frcpm.models.Milestone:id]
10:24:16.401 [main] DEBUG org.hibernate.boot.model.internal.BasicValueBinder - building BasicValue for id
10:24:16.401 [main] DEBUG org.hibernate.mapping.BasicValue - Skipping column re-registration: milestones.id
10:24:16.401 [main] DEBUG org.hibernate.boot.model.internal.PropertyBinder - Building property id
10:24:16.401 [main] DEBUG org.hibernate.boot.model.internal.BinderHelper - #makeIdGenerator(BasicValue([Column(id)]), id, identity, , ...)
10:24:16.401 [main] DEBUG org.hibernate.boot.model.internal.AnnotatedColumn - Binding column: AnnotatedColumn(column='date')
10:24:16.401 [main] DEBUG org.hibernate.boot.model.internal.PropertyBinder - MetadataSourceProcessor property date with lazy=false
10:24:16.401 [main] DEBUG org.hibernate.boot.model.internal.AbstractPropertyHolder - Attempting to locate auto-apply AttributeConverter for property [org.frcpm.models.Milestone:date]
10:24:16.401 [main] DEBUG org.hibernate.boot.model.internal.BasicValueBinder - building BasicValue for date
10:24:16.401 [main] DEBUG org.hibernate.mapping.BasicValue - Skipping column re-registration: milestones.date
10:24:16.401 [main] DEBUG org.hibernate.boot.model.internal.PropertyBinder - Building property date
10:24:16.401 [main] DEBUG org.hibernate.boot.model.internal.AnnotatedColumn - Binding column: AnnotatedColumn(column='description')
10:24:16.401 [main] DEBUG org.hibernate.boot.model.internal.PropertyBinder - MetadataSourceProcessor property description with lazy=false
10:24:16.401 [main] DEBUG org.hibernate.boot.model.internal.AbstractPropertyHolder - Attempting to locate auto-apply AttributeConverter for property [org.frcpm.models.Milestone:description]
10:24:16.401 [main] DEBUG org.hibernate.boot.model.internal.BasicValueBinder - building BasicValue for description
10:24:16.401 [main] DEBUG org.hibernate.mapping.BasicValue - Skipping column re-registration: milestones.description
10:24:16.401 [main] DEBUG org.hibernate.boot.model.internal.PropertyBinder - Building property description
10:24:16.401 [main] DEBUG org.hibernate.boot.model.internal.AnnotatedColumn - Binding column: AnnotatedColumn(column='name')
10:24:16.401 [main] DEBUG org.hibernate.boot.model.internal.PropertyBinder - MetadataSourceProcessor property name with lazy=false
10:24:16.401 [main] DEBUG org.hibernate.boot.model.internal.AbstractPropertyHolder - Attempting to locate auto-apply AttributeConverter for property [org.frcpm.models.Milestone:name]
10:24:16.401 [main] DEBUG org.hibernate.boot.model.internal.BasicValueBinder - building BasicValue for name
10:24:16.402 [main] DEBUG org.hibernate.mapping.BasicValue - Skipping column re-registration: milestones.name
10:24:16.402 [main] DEBUG org.hibernate.boot.model.internal.PropertyBinder - Building property name
10:24:16.402 [main] DEBUG org.hibernate.boot.model.internal.AnnotatedColumn - Binding column: AnnotatedJoinColumn(column='project_id')
10:24:16.402 [main] DEBUG org.hibernate.boot.model.internal.AnnotatedColumn - Binding column: AnnotatedColumn()
10:24:16.402 [main] DEBUG org.hibernate.boot.model.internal.PropertyBinder - Building property project
10:24:16.402 [main] DEBUG org.hibernate.boot.registry.classloading.internal.ClassLoaderServiceImpl - HHH000194: Package not found or no package-info.java: org.frcpm.models
10:24:16.402 [main] DEBUG org.hibernate.boot.model.internal.EntityBinder - Binding entity from annotated class: org.frcpm.models.Project
10:24:16.402 [main] DEBUG org.hibernate.boot.model.internal.EntityBinder - Import with entity name Project
10:24:16.402 [main] DEBUG org.hibernate.boot.model.internal.EntityBinder - Bind entity org.frcpm.models.Project on table projects
10:24:16.402 [main] DEBUG org.hibernate.boot.model.internal.AnnotatedColumn - Binding column: AnnotatedDiscriminatorColumn(column='DTYPE')
10:24:16.402 [main] DEBUG org.hibernate.boot.model.internal.AnnotatedColumn - Binding column: AnnotatedColumn()
10:24:16.402 [main] DEBUG org.hibernate.boot.internal.ClassLoaderAccessImpl - Not known whether passed class name [org.frcpm.models.Project] is safe
10:24:16.402 [main] DEBUG org.hibernate.boot.internal.ClassLoaderAccessImpl - No temp ClassLoader provided; using live ClassLoader for loading potentially unsafe class : org.frcpm.models.Project
10:24:16.402 [main] DEBUG org.hibernate.boot.model.internal.PropertyBinder - MetadataSourceProcessor property id with lazy=false
10:24:16.402 [main] DEBUG org.hibernate.boot.model.internal.AbstractPropertyHolder - Attempting to locate auto-apply AttributeConverter for property [org.frcpm.models.Project:id]
10:24:16.402 [main] DEBUG org.hibernate.boot.model.internal.BasicValueBinder - building BasicValue for id
10:24:16.402 [main] DEBUG org.hibernate.mapping.BasicValue - Skipping column re-registration: projects.id
10:24:16.402 [main] DEBUG org.hibernate.boot.model.internal.PropertyBinder - Building property id
10:24:16.402 [main] DEBUG org.hibernate.boot.model.internal.BinderHelper - #makeIdGenerator(BasicValue([Column(id)]), id, identity, , ...)
10:24:16.402 [main] DEBUG org.hibernate.boot.model.internal.AnnotatedColumn - Binding column: AnnotatedColumn(column='description')
10:24:16.402 [main] DEBUG org.hibernate.boot.model.internal.PropertyBinder - MetadataSourceProcessor property description with lazy=false
10:24:16.402 [main] DEBUG org.hibernate.boot.model.internal.AbstractPropertyHolder - Attempting to locate auto-apply AttributeConverter for property [org.frcpm.models.Project:description]
10:24:16.402 [main] DEBUG org.hibernate.boot.model.internal.BasicValueBinder - building BasicValue for description
10:24:16.402 [main] DEBUG org.hibernate.mapping.BasicValue - Skipping column re-registration: projects.description
10:24:16.402 [main] DEBUG org.hibernate.boot.model.internal.PropertyBinder - Building property description
10:24:16.402 [main] DEBUG org.hibernate.boot.model.internal.AnnotatedColumn - Binding column: AnnotatedColumn(column='goal_end_date')
10:24:16.402 [main] DEBUG org.hibernate.boot.model.internal.PropertyBinder - MetadataSourceProcessor property goalEndDate with lazy=false
10:24:16.402 [main] DEBUG org.hibernate.boot.model.internal.AbstractPropertyHolder - Attempting to locate auto-apply AttributeConverter for property [org.frcpm.models.Project:goalEndDate]
10:24:16.402 [main] DEBUG org.hibernate.boot.model.internal.BasicValueBinder - building BasicValue for goalEndDate
10:24:16.402 [main] DEBUG org.hibernate.mapping.BasicValue - Skipping column re-registration: projects.goal_end_date
10:24:16.402 [main] DEBUG org.hibernate.boot.model.internal.PropertyBinder - Building property goalEndDate
10:24:16.402 [main] DEBUG org.hibernate.boot.model.internal.AnnotatedColumn - Binding column: AnnotatedColumn(column='hard_deadline')
10:24:16.402 [main] DEBUG org.hibernate.boot.model.internal.PropertyBinder - MetadataSourceProcessor property hardDeadline with lazy=false
10:24:16.402 [main] DEBUG org.hibernate.boot.model.internal.AbstractPropertyHolder - Attempting to locate auto-apply AttributeConverter for property [org.frcpm.models.Project:hardDeadline]
10:24:16.402 [main] DEBUG org.hibernate.boot.model.internal.BasicValueBinder - building BasicValue for hardDeadline
10:24:16.402 [main] DEBUG org.hibernate.mapping.BasicValue - Skipping column re-registration: projects.hard_deadline
10:24:16.402 [main] DEBUG org.hibernate.boot.model.internal.PropertyBinder - Building property hardDeadline
10:24:16.402 [main] DEBUG org.hibernate.boot.model.internal.AnnotatedColumn - Binding column: AnnotatedJoinColumn()
10:24:16.402 [main] DEBUG org.hibernate.boot.model.internal.AnnotatedColumn - Binding column: AnnotatedColumn()
10:24:16.402 [main] DEBUG org.hibernate.boot.model.internal.AnnotatedColumn - Binding column: IndexColumn(column='meetings_ORDER')
10:24:16.402 [main] DEBUG org.hibernate.boot.model.internal.AnnotatedColumn - Binding column: AnnotatedColumn()
10:24:16.402 [main] DEBUG org.hibernate.boot.model.internal.AnnotatedColumn - Binding column: AnnotatedColumn(column='meetings_KEY')
10:24:16.402 [main] DEBUG org.hibernate.boot.model.internal.AnnotatedColumn - Binding column: AnnotatedJoinColumn(column='meetings_KEY')
10:24:16.402 [main] DEBUG org.hibernate.boot.model.internal.AnnotatedColumn - Binding column: AnnotatedJoinColumn()
10:24:16.402 [main] DEBUG org.hibernate.boot.model.internal.AnnotatedColumn - Binding column: AnnotatedJoinColumn()
10:24:16.402 [main] DEBUG org.hibernate.boot.model.internal.CollectionBinder - Collection role: org.frcpm.models.Project.meetings
10:24:16.402 [main] DEBUG org.hibernate.boot.model.internal.PropertyBinder - Building property meetings
10:24:16.402 [main] DEBUG org.hibernate.boot.model.internal.AnnotatedColumn - Binding column: AnnotatedJoinColumn()
10:24:16.402 [main] DEBUG org.hibernate.boot.model.internal.AnnotatedColumn - Binding column: AnnotatedColumn()
10:24:16.402 [main] DEBUG org.hibernate.boot.model.internal.AnnotatedColumn - Binding column: IndexColumn(column='milestones_ORDER')
10:24:16.402 [main] DEBUG org.hibernate.boot.model.internal.AnnotatedColumn - Binding column: AnnotatedColumn()
10:24:16.402 [main] DEBUG org.hibernate.boot.model.internal.AnnotatedColumn - Binding column: AnnotatedColumn(column='milestones_KEY')
10:24:16.402 [main] DEBUG org.hibernate.boot.model.internal.AnnotatedColumn - Binding column: AnnotatedJoinColumn(column='milestones_KEY')
10:24:16.402 [main] DEBUG org.hibernate.boot.model.internal.AnnotatedColumn - Binding column: AnnotatedJoinColumn()
10:24:16.402 [main] DEBUG org.hibernate.boot.model.internal.AnnotatedColumn - Binding column: AnnotatedJoinColumn()
10:24:16.402 [main] DEBUG org.hibernate.boot.model.internal.CollectionBinder - Collection role: org.frcpm.models.Project.milestones
10:24:16.402 [main] DEBUG org.hibernate.boot.model.internal.PropertyBinder - Building property milestones
10:24:16.402 [main] DEBUG org.hibernate.boot.model.internal.AnnotatedColumn - Binding column: AnnotatedColumn(column='name')
10:24:16.402 [main] DEBUG org.hibernate.boot.model.internal.PropertyBinder - MetadataSourceProcessor property name with lazy=false
10:24:16.402 [main] DEBUG org.hibernate.boot.model.internal.AbstractPropertyHolder - Attempting to locate auto-apply AttributeConverter for property [org.frcpm.models.Project:name]
10:24:16.402 [main] DEBUG org.hibernate.boot.model.internal.BasicValueBinder - building BasicValue for name
10:24:16.402 [main] DEBUG org.hibernate.mapping.BasicValue - Skipping column re-registration: projects.name
10:24:16.403 [main] DEBUG org.hibernate.boot.model.internal.PropertyBinder - Building property name
10:24:16.403 [main] DEBUG org.hibernate.boot.model.internal.AnnotatedColumn - Binding column: AnnotatedColumn(column='start_date')
10:24:16.403 [main] DEBUG org.hibernate.boot.model.internal.PropertyBinder - MetadataSourceProcessor property startDate with lazy=false
10:24:16.403 [main] DEBUG org.hibernate.boot.model.internal.AbstractPropertyHolder - Attempting to locate auto-apply AttributeConverter for property [org.frcpm.models.Project:startDate]
10:24:16.403 [main] DEBUG org.hibernate.boot.model.internal.BasicValueBinder - building BasicValue for startDate
10:24:16.403 [main] DEBUG org.hibernate.mapping.BasicValue - Skipping column re-registration: projects.start_date
10:24:16.403 [main] DEBUG org.hibernate.boot.model.internal.PropertyBinder - Building property startDate
10:24:16.403 [main] DEBUG org.hibernate.boot.model.internal.AnnotatedColumn - Binding column: AnnotatedJoinColumn()
10:24:16.403 [main] DEBUG org.hibernate.boot.model.internal.AnnotatedColumn - Binding column: AnnotatedColumn()
10:24:16.403 [main] DEBUG org.hibernate.boot.model.internal.AnnotatedColumn - Binding column: IndexColumn(column='tasks_ORDER')
10:24:16.403 [main] DEBUG org.hibernate.boot.model.internal.AnnotatedColumn - Binding column: AnnotatedColumn()
10:24:16.403 [main] DEBUG org.hibernate.boot.model.internal.AnnotatedColumn - Binding column: AnnotatedColumn(column='tasks_KEY')
10:24:16.403 [main] DEBUG org.hibernate.boot.model.internal.AnnotatedColumn - Binding column: AnnotatedJoinColumn(column='tasks_KEY')
10:24:16.403 [main] DEBUG org.hibernate.boot.model.internal.AnnotatedColumn - Binding column: AnnotatedJoinColumn()
10:24:16.403 [main] DEBUG org.hibernate.boot.model.internal.AnnotatedColumn - Binding column: AnnotatedJoinColumn()
10:24:16.403 [main] DEBUG org.hibernate.boot.model.internal.CollectionBinder - Collection role: org.frcpm.models.Project.tasks
10:24:16.403 [main] DEBUG org.hibernate.boot.model.internal.PropertyBinder - Building property tasks
10:24:16.403 [main] DEBUG org.hibernate.boot.registry.classloading.internal.ClassLoaderServiceImpl - HHH000194: Package not found or no package-info.java: org.frcpm.models
10:24:16.403 [main] DEBUG org.hibernate.boot.model.internal.EntityBinder - Binding entity from annotated class: org.frcpm.models.Subteam
10:24:16.403 [main] DEBUG org.hibernate.boot.model.internal.EntityBinder - Import with entity name Subteam
10:24:16.403 [main] DEBUG org.hibernate.boot.model.internal.EntityBinder - Bind entity org.frcpm.models.Subteam on table subteams
10:24:16.403 [main] DEBUG org.hibernate.boot.model.internal.AnnotatedColumn - Binding column: AnnotatedDiscriminatorColumn(column='DTYPE')
10:24:16.403 [main] DEBUG org.hibernate.boot.model.internal.AnnotatedColumn - Binding column: AnnotatedColumn()
10:24:16.403 [main] DEBUG org.hibernate.boot.internal.ClassLoaderAccessImpl - Not known whether passed class name [org.frcpm.models.Subteam] is safe
10:24:16.403 [main] DEBUG org.hibernate.boot.internal.ClassLoaderAccessImpl - No temp ClassLoader provided; using live ClassLoader for loading potentially unsafe class : org.frcpm.models.Subteam
10:24:16.403 [main] DEBUG org.hibernate.boot.model.internal.PropertyBinder - MetadataSourceProcessor property id with lazy=false
10:24:16.403 [main] DEBUG org.hibernate.boot.model.internal.AbstractPropertyHolder - Attempting to locate auto-apply AttributeConverter for property [org.frcpm.models.Subteam:id]
10:24:16.403 [main] DEBUG org.hibernate.boot.model.internal.BasicValueBinder - building BasicValue for id
10:24:16.403 [main] DEBUG org.hibernate.mapping.BasicValue - Skipping column re-registration: subteams.id
10:24:16.403 [main] DEBUG org.hibernate.boot.model.internal.PropertyBinder - Building property id
10:24:16.403 [main] DEBUG org.hibernate.boot.model.internal.BinderHelper - #makeIdGenerator(BasicValue([Column(id)]), id, identity, , ...)
10:24:16.403 [main] DEBUG org.hibernate.boot.model.internal.AnnotatedColumn - Binding column: AnnotatedColumn(column='color_code')
10:24:16.403 [main] DEBUG org.hibernate.boot.model.internal.PropertyBinder - MetadataSourceProcessor property colorCode with lazy=false
10:24:16.403 [main] DEBUG org.hibernate.boot.model.internal.AbstractPropertyHolder - Attempting to locate auto-apply AttributeConverter for property [org.frcpm.models.Subteam:colorCode]
10:24:16.403 [main] DEBUG org.hibernate.boot.model.internal.BasicValueBinder - building BasicValue for colorCode
10:24:16.403 [main] DEBUG org.hibernate.mapping.BasicValue - Skipping column re-registration: subteams.color_code
10:24:16.403 [main] DEBUG org.hibernate.boot.model.internal.PropertyBinder - Building property colorCode
10:24:16.403 [main] DEBUG org.hibernate.boot.model.internal.AnnotatedColumn - Binding column: AnnotatedJoinColumn()
10:24:16.403 [main] DEBUG org.hibernate.boot.model.internal.AnnotatedColumn - Binding column: AnnotatedColumn()
10:24:16.403 [main] DEBUG org.hibernate.boot.model.internal.AnnotatedColumn - Binding column: IndexColumn(column='members_ORDER')
10:24:16.403 [main] DEBUG org.hibernate.boot.model.internal.AnnotatedColumn - Binding column: AnnotatedColumn()
10:24:16.403 [main] DEBUG org.hibernate.boot.model.internal.AnnotatedColumn - Binding column: AnnotatedColumn(column='members_KEY')
10:24:16.403 [main] DEBUG org.hibernate.boot.model.internal.AnnotatedColumn - Binding column: AnnotatedJoinColumn(column='members_KEY')
10:24:16.404 [main] DEBUG org.hibernate.boot.model.internal.AnnotatedColumn - Binding column: AnnotatedJoinColumn()
10:24:16.404 [main] DEBUG org.hibernate.boot.model.internal.AnnotatedColumn - Binding column: AnnotatedJoinColumn()
10:24:16.404 [main] DEBUG org.hibernate.boot.model.internal.CollectionBinder - Collection role: org.frcpm.models.Subteam.members
10:24:16.404 [main] DEBUG org.hibernate.boot.model.internal.PropertyBinder - Building property members
10:24:16.404 [main] DEBUG org.hibernate.boot.model.internal.AnnotatedColumn - Binding column: AnnotatedColumn(column='name')
10:24:16.404 [main] DEBUG org.hibernate.boot.model.internal.PropertyBinder - MetadataSourceProcessor property name with lazy=false
10:24:16.404 [main] DEBUG org.hibernate.boot.model.internal.AbstractPropertyHolder - Attempting to locate auto-apply AttributeConverter for property [org.frcpm.models.Subteam:name]
10:24:16.404 [main] DEBUG org.hibernate.boot.model.internal.BasicValueBinder - building BasicValue for name
10:24:16.404 [main] DEBUG org.hibernate.mapping.BasicValue - Skipping column re-registration: subteams.name
10:24:16.404 [main] DEBUG org.hibernate.boot.model.internal.PropertyBinder - Building property name
10:24:16.404 [main] DEBUG org.hibernate.boot.model.internal.AnnotatedColumn - Binding column: AnnotatedColumn(column='specialties')
10:24:16.404 [main] DEBUG org.hibernate.boot.model.internal.PropertyBinder - MetadataSourceProcessor property specialties with lazy=false
10:24:16.404 [main] DEBUG org.hibernate.boot.model.internal.AbstractPropertyHolder - Attempting to locate auto-apply AttributeConverter for property [org.frcpm.models.Subteam:specialties]
10:24:16.404 [main] DEBUG org.hibernate.boot.model.internal.BasicValueBinder - building BasicValue for specialties
10:24:16.404 [main] DEBUG org.hibernate.mapping.BasicValue - Skipping column re-registration: subteams.specialties
10:24:16.404 [main] DEBUG org.hibernate.boot.model.internal.PropertyBinder - Building property specialties
10:24:16.404 [main] DEBUG org.hibernate.boot.model.internal.AnnotatedColumn - Binding column: AnnotatedJoinColumn()
10:24:16.404 [main] DEBUG org.hibernate.boot.model.internal.AnnotatedColumn - Binding column: AnnotatedColumn()
10:24:16.404 [main] DEBUG org.hibernate.boot.model.internal.AnnotatedColumn - Binding column: IndexColumn(column='subsystems_ORDER')
10:24:16.404 [main] DEBUG org.hibernate.boot.model.internal.AnnotatedColumn - Binding column: AnnotatedColumn()
10:24:16.404 [main] DEBUG org.hibernate.boot.model.internal.AnnotatedColumn - Binding column: AnnotatedColumn(column='subsystems_KEY')
10:24:16.404 [main] DEBUG org.hibernate.boot.model.internal.AnnotatedColumn - Binding column: AnnotatedJoinColumn(column='subsystems_KEY')
10:24:16.404 [main] DEBUG org.hibernate.boot.model.internal.AnnotatedColumn - Binding column: AnnotatedJoinColumn()
10:24:16.404 [main] DEBUG org.hibernate.boot.model.internal.AnnotatedColumn - Binding column: AnnotatedJoinColumn()
10:24:16.404 [main] DEBUG org.hibernate.boot.model.internal.CollectionBinder - Collection role: org.frcpm.models.Subteam.subsystems
10:24:16.404 [main] DEBUG org.hibernate.boot.model.internal.PropertyBinder - Building property subsystems
10:24:16.405 [main] DEBUG org.hibernate.boot.registry.classloading.internal.ClassLoaderServiceImpl - HHH000194: Package not found or no package-info.java: org.frcpm.models
10:24:16.406 [main] DEBUG org.hibernate.boot.model.internal.EntityBinder - Binding entity from annotated class: org.frcpm.models.Task
10:24:16.406 [main] DEBUG org.hibernate.boot.model.internal.EntityBinder - Import with entity name Task
10:24:16.406 [main] DEBUG org.hibernate.boot.model.internal.EntityBinder - Bind entity org.frcpm.models.Task on table tasks
10:24:16.406 [main] DEBUG org.hibernate.boot.model.internal.AnnotatedColumn - Binding column: AnnotatedDiscriminatorColumn(column='DTYPE')
10:24:16.407 [main] DEBUG org.hibernate.boot.model.internal.AnnotatedColumn - Binding column: AnnotatedColumn()
10:24:16.407 [main] DEBUG org.hibernate.boot.internal.ClassLoaderAccessImpl - Not known whether passed class name [org.frcpm.models.Task] is safe
10:24:16.407 [main] DEBUG org.hibernate.boot.internal.ClassLoaderAccessImpl - No temp ClassLoader provided; using live ClassLoader for loading potentially unsafe class : org.frcpm.models.Task
10:24:16.407 [main] DEBUG org.hibernate.boot.model.internal.PropertyBinder - MetadataSourceProcessor property id with lazy=false
10:24:16.407 [main] DEBUG org.hibernate.boot.model.internal.AbstractPropertyHolder - Attempting to locate auto-apply AttributeConverter for property [org.frcpm.models.Task:id]
10:24:16.407 [main] DEBUG org.hibernate.boot.model.internal.BasicValueBinder - building BasicValue for id
10:24:16.407 [main] DEBUG org.hibernate.mapping.BasicValue - Skipping column re-registration: tasks.id
10:24:16.407 [main] DEBUG org.hibernate.boot.model.internal.PropertyBinder - Building property id
10:24:16.407 [main] DEBUG org.hibernate.boot.model.internal.BinderHelper - #makeIdGenerator(BasicValue([Column(id)]), id, identity, , ...)
10:24:16.408 [main] DEBUG org.hibernate.boot.model.internal.AnnotatedColumn - Binding column: AnnotatedColumn(column='actual_duration_seconds')
10:24:16.408 [main] DEBUG org.hibernate.boot.model.internal.PropertyBinder - MetadataSourceProcessor property actualDurationSeconds with lazy=false
10:24:16.408 [main] DEBUG org.hibernate.boot.model.internal.AbstractPropertyHolder - Attempting to locate auto-apply AttributeConverter for property [org.frcpm.models.Task:actualDurationSeconds]
10:24:16.408 [main] DEBUG org.hibernate.boot.model.internal.BasicValueBinder - building BasicValue for actualDurationSeconds
10:24:16.408 [main] DEBUG org.hibernate.mapping.BasicValue - Skipping column re-registration: tasks.actual_duration_seconds
10:24:16.408 [main] DEBUG org.hibernate.boot.model.internal.PropertyBinder - Building property actualDurationSeconds
10:24:16.408 [main] DEBUG org.hibernate.boot.model.internal.AnnotatedColumn - Binding column: IndexColumn(column='assignedTo_ORDER')
10:24:16.408 [main] DEBUG org.hibernate.boot.model.internal.AnnotatedColumn - Binding column: AnnotatedColumn()
10:24:16.408 [main] DEBUG org.hibernate.boot.model.internal.AnnotatedColumn - Binding column: AnnotatedColumn(column='assignedTo_KEY')
10:24:16.408 [main] DEBUG org.hibernate.boot.model.internal.AnnotatedColumn - Binding column: AnnotatedJoinColumn(column='assignedTo_KEY')
10:24:16.408 [main] DEBUG org.hibernate.boot.model.internal.AnnotatedColumn - Binding column: AnnotatedJoinColumn(column='task_id')
10:24:16.408 [main] DEBUG org.hibernate.boot.model.internal.AnnotatedColumn - Binding column: AnnotatedJoinColumn(column='team_member_id')
10:24:16.408 [main] DEBUG org.hibernate.boot.model.internal.CollectionBinder - Collection role: org.frcpm.models.Task.assignedTo
10:24:16.408 [main] DEBUG org.hibernate.boot.model.internal.PropertyBinder - Building property assignedTo
10:24:16.408 [main] DEBUG org.hibernate.boot.model.internal.AnnotatedColumn - Binding column: AnnotatedColumn(column='completed')
10:24:16.408 [main] DEBUG org.hibernate.boot.model.internal.PropertyBinder - MetadataSourceProcessor property completed with lazy=false
10:24:16.408 [main] DEBUG org.hibernate.boot.model.internal.AbstractPropertyHolder - Attempting to locate auto-apply AttributeConverter for property [org.frcpm.models.Task:completed]
10:24:16.408 [main] DEBUG org.hibernate.boot.model.internal.BasicValueBinder - building BasicValue for completed
10:24:16.408 [main] DEBUG org.hibernate.mapping.BasicValue - Skipping column re-registration: tasks.completed
10:24:16.408 [main] DEBUG org.hibernate.boot.model.internal.PropertyBinder - Building property completed
10:24:16.408 [main] DEBUG org.hibernate.boot.model.internal.AnnotatedColumn - Binding column: AnnotatedColumn(column='description')
10:24:16.408 [main] DEBUG org.hibernate.boot.model.internal.PropertyBinder - MetadataSourceProcessor property description with lazy=false
10:24:16.408 [main] DEBUG org.hibernate.boot.model.internal.AbstractPropertyHolder - Attempting to locate auto-apply AttributeConverter for property [org.frcpm.models.Task:description]
10:24:16.408 [main] DEBUG org.hibernate.boot.model.internal.BasicValueBinder - building BasicValue for description
10:24:16.408 [main] DEBUG org.hibernate.mapping.BasicValue - Skipping column re-registration: tasks.description
10:24:16.408 [main] DEBUG org.hibernate.boot.model.internal.PropertyBinder - Building property description
10:24:16.408 [main] DEBUG org.hibernate.boot.model.internal.AnnotatedColumn - Binding column: AnnotatedColumn(column='end_date')
10:24:16.408 [main] DEBUG org.hibernate.boot.model.internal.PropertyBinder - MetadataSourceProcessor property endDate with lazy=false
10:24:16.409 [main] DEBUG org.hibernate.boot.model.internal.AbstractPropertyHolder - Attempting to locate auto-apply AttributeConverter for property [org.frcpm.models.Task:endDate]
10:24:16.409 [main] DEBUG org.hibernate.boot.model.internal.BasicValueBinder - building BasicValue for endDate
10:24:16.409 [main] DEBUG org.hibernate.mapping.BasicValue - Skipping column re-registration: tasks.end_date
10:24:16.409 [main] DEBUG org.hibernate.boot.model.internal.PropertyBinder - Building property endDate
10:24:16.409 [main] DEBUG org.hibernate.boot.model.internal.AnnotatedColumn - Binding column: AnnotatedColumn(column='estimated_duration_seconds')
10:24:16.409 [main] DEBUG org.hibernate.boot.model.internal.PropertyBinder - MetadataSourceProcessor property estimatedDurationSeconds with lazy=false
10:24:16.409 [main] DEBUG org.hibernate.boot.model.internal.AbstractPropertyHolder - Attempting to locate auto-apply AttributeConverter for property [org.frcpm.models.Task:estimatedDurationSeconds]
10:24:16.409 [main] DEBUG org.hibernate.boot.model.internal.BasicValueBinder - building BasicValue for estimatedDurationSeconds
10:24:16.409 [main] DEBUG org.hibernate.mapping.BasicValue - Skipping column re-registration: tasks.estimated_duration_seconds
10:24:16.409 [main] DEBUG org.hibernate.boot.model.internal.PropertyBinder - Building property estimatedDurationSeconds
10:24:16.409 [main] DEBUG org.hibernate.boot.model.internal.AnnotatedColumn - Binding column: IndexColumn(column='postDependencies_ORDER')
10:24:16.409 [main] DEBUG org.hibernate.boot.model.internal.AnnotatedColumn - Binding column: AnnotatedColumn()
10:24:16.409 [main] DEBUG org.hibernate.boot.model.internal.AnnotatedColumn - Binding column: AnnotatedColumn(column='postDependencies_KEY')
10:24:16.409 [main] DEBUG org.hibernate.boot.model.internal.AnnotatedColumn - Binding column: AnnotatedJoinColumn(column='postDependencies_KEY')
10:24:16.409 [main] DEBUG org.hibernate.boot.model.internal.AnnotatedColumn - Binding column: AnnotatedJoinColumn()
10:24:16.409 [main] DEBUG org.hibernate.boot.model.internal.AnnotatedColumn - Binding column: AnnotatedJoinColumn()
10:24:16.409 [main] DEBUG org.hibernate.boot.model.internal.CollectionBinder - Collection role: org.frcpm.models.Task.postDependencies
10:24:16.409 [main] DEBUG org.hibernate.boot.model.internal.PropertyBinder - Building property postDependencies
10:24:16.409 [main] DEBUG org.hibernate.boot.model.internal.AnnotatedColumn - Binding column: IndexColumn(column='preDependencies_ORDER')
10:24:16.409 [main] DEBUG org.hibernate.boot.model.internal.AnnotatedColumn - Binding column: AnnotatedColumn()
10:24:16.409 [main] DEBUG org.hibernate.boot.model.internal.AnnotatedColumn - Binding column: AnnotatedColumn(column='preDependencies_KEY')
10:24:16.409 [main] DEBUG org.hibernate.boot.model.internal.AnnotatedColumn - Binding column: AnnotatedJoinColumn(column='preDependencies_KEY')
10:24:16.409 [main] DEBUG org.hibernate.boot.model.internal.AnnotatedColumn - Binding column: AnnotatedJoinColumn(column='task_id')
10:24:16.409 [main] DEBUG org.hibernate.boot.model.internal.AnnotatedColumn - Binding column: AnnotatedJoinColumn(column='dependency_id')
10:24:16.409 [main] DEBUG org.hibernate.boot.model.internal.CollectionBinder - Collection role: org.frcpm.models.Task.preDependencies
10:24:16.409 [main] DEBUG org.hibernate.boot.model.internal.PropertyBinder - Building property preDependencies
10:24:16.409 [main] DEBUG org.hibernate.boot.model.internal.AnnotatedColumn - Binding column: AnnotatedColumn(column='priority')
10:24:16.409 [main] DEBUG org.hibernate.boot.model.internal.PropertyBinder - MetadataSourceProcessor property priority with lazy=false
10:24:16.409 [main] DEBUG org.hibernate.boot.model.internal.AbstractPropertyHolder - Attempting to locate auto-apply AttributeConverter for property [org.frcpm.models.Task:priority]
10:24:16.409 [main] DEBUG org.hibernate.boot.model.internal.BasicValueBinder - building BasicValue for priority
10:24:16.409 [main] DEBUG org.hibernate.mapping.BasicValue - Skipping column re-registration: tasks.priority
10:24:16.409 [main] DEBUG org.hibernate.boot.model.internal.PropertyBinder - Building property priority
10:24:16.409 [main] DEBUG org.hibernate.boot.model.internal.AnnotatedColumn - Binding column: AnnotatedColumn(column='progress')
10:24:16.409 [main] DEBUG org.hibernate.boot.model.internal.PropertyBinder - MetadataSourceProcessor property progress with lazy=false
10:24:16.409 [main] DEBUG org.hibernate.boot.model.internal.AbstractPropertyHolder - Attempting to locate auto-apply AttributeConverter for property [org.frcpm.models.Task:progress]
10:24:16.409 [main] DEBUG org.hibernate.boot.model.internal.BasicValueBinder - building BasicValue for progress
10:24:16.409 [main] DEBUG org.hibernate.mapping.BasicValue - Skipping column re-registration: tasks.progress
10:24:16.409 [main] DEBUG org.hibernate.boot.model.internal.PropertyBinder - Building property progress
10:24:16.409 [main] DEBUG org.hibernate.boot.model.internal.AnnotatedColumn - Binding column: AnnotatedJoinColumn(column='project_id')
10:24:16.409 [main] DEBUG org.hibernate.boot.model.internal.AnnotatedColumn - Binding column: AnnotatedColumn()
10:24:16.410 [main] DEBUG org.hibernate.boot.model.internal.PropertyBinder - Building property project
10:24:16.410 [main] DEBUG org.hibernate.boot.model.internal.AnnotatedColumn - Binding column: IndexColumn(column='requiredComponents_ORDER')
10:24:16.410 [main] DEBUG org.hibernate.boot.model.internal.AnnotatedColumn - Binding column: AnnotatedColumn()
10:24:16.410 [main] DEBUG org.hibernate.boot.model.internal.AnnotatedColumn - Binding column: AnnotatedColumn(column='requiredComponents_KEY')
10:24:16.410 [main] DEBUG org.hibernate.boot.model.internal.AnnotatedColumn - Binding column: AnnotatedJoinColumn(column='requiredComponents_KEY')
10:24:16.410 [main] DEBUG org.hibernate.boot.model.internal.AnnotatedColumn - Binding column: AnnotatedJoinColumn(column='task_id')
10:24:16.410 [main] DEBUG org.hibernate.boot.model.internal.AnnotatedColumn - Binding column: AnnotatedJoinColumn(column='component_id')
10:24:16.410 [main] DEBUG org.hibernate.boot.model.internal.CollectionBinder - Collection role: org.frcpm.models.Task.requiredComponents
10:24:16.410 [main] DEBUG org.hibernate.boot.model.internal.PropertyBinder - Building property requiredComponents
10:24:16.410 [main] DEBUG org.hibernate.boot.model.internal.AnnotatedColumn - Binding column: AnnotatedColumn(column='start_date')
10:24:16.410 [main] DEBUG org.hibernate.boot.model.internal.PropertyBinder - MetadataSourceProcessor property startDate with lazy=false
10:24:16.410 [main] DEBUG org.hibernate.boot.model.internal.AbstractPropertyHolder - Attempting to locate auto-apply AttributeConverter for property [org.frcpm.models.Task:startDate]
10:24:16.410 [main] DEBUG org.hibernate.boot.model.internal.BasicValueBinder - building BasicValue for startDate
10:24:16.410 [main] DEBUG org.hibernate.mapping.BasicValue - Skipping column re-registration: tasks.start_date
10:24:16.410 [main] DEBUG org.hibernate.boot.model.internal.PropertyBinder - Building property startDate
10:24:16.411 [main] DEBUG org.hibernate.boot.model.internal.AnnotatedColumn - Binding column: AnnotatedJoinColumn(column='subsystem_id')
10:24:16.411 [main] DEBUG org.hibernate.boot.model.internal.AnnotatedColumn - Binding column: AnnotatedColumn()
10:24:16.411 [main] DEBUG org.hibernate.boot.model.internal.PropertyBinder - Building property subsystem
10:24:16.411 [main] DEBUG org.hibernate.boot.model.internal.AnnotatedColumn - Binding column: AnnotatedColumn(column='title')
10:24:16.411 [main] DEBUG org.hibernate.boot.model.internal.PropertyBinder - MetadataSourceProcessor property title with lazy=false
10:24:16.411 [main] DEBUG org.hibernate.boot.model.internal.AbstractPropertyHolder - Attempting to locate auto-apply AttributeConverter for property [org.frcpm.models.Task:title]
10:24:16.411 [main] DEBUG org.hibernate.boot.model.internal.BasicValueBinder - building BasicValue for title
10:24:16.411 [main] DEBUG org.hibernate.mapping.BasicValue - Skipping column re-registration: tasks.title
10:24:16.411 [main] DEBUG org.hibernate.boot.model.internal.PropertyBinder - Building property title
10:24:16.412 [main] DEBUG org.hibernate.boot.registry.classloading.internal.ClassLoaderServiceImpl - HHH000194: Package not found or no package-info.java: org.frcpm.models
10:24:16.413 [main] DEBUG org.hibernate.boot.model.internal.EntityBinder - Binding entity from annotated class: org.frcpm.models.TeamMember
10:24:16.413 [main] DEBUG org.hibernate.boot.model.internal.EntityBinder - Import with entity name TeamMember
10:24:16.413 [main] DEBUG org.hibernate.boot.model.internal.EntityBinder - Bind entity org.frcpm.models.TeamMember on table team_members
10:24:16.413 [main] DEBUG org.hibernate.boot.model.internal.AnnotatedColumn - Binding column: AnnotatedDiscriminatorColumn(column='DTYPE')
10:24:16.414 [main] DEBUG org.hibernate.boot.model.internal.AnnotatedColumn - Binding column: AnnotatedColumn()
10:24:16.414 [main] DEBUG org.hibernate.boot.internal.ClassLoaderAccessImpl - Not known whether passed class name [org.frcpm.models.TeamMember] is safe
10:24:16.414 [main] DEBUG org.hibernate.boot.internal.ClassLoaderAccessImpl - No temp ClassLoader provided; using live ClassLoader for loading potentially unsafe class : org.frcpm.models.TeamMember
10:24:16.414 [main] DEBUG org.hibernate.boot.model.internal.PropertyBinder - MetadataSourceProcessor property id with lazy=false
10:24:16.414 [main] DEBUG org.hibernate.boot.model.internal.AbstractPropertyHolder - Attempting to locate auto-apply AttributeConverter for property [org.frcpm.models.TeamMember:id]
10:24:16.414 [main] DEBUG org.hibernate.boot.model.internal.BasicValueBinder - building BasicValue for id
10:24:16.414 [main] DEBUG org.hibernate.mapping.BasicValue - Skipping column re-registration: team_members.id
10:24:16.414 [main] DEBUG org.hibernate.boot.model.internal.PropertyBinder - Building property id
10:24:16.414 [main] DEBUG org.hibernate.boot.model.internal.BinderHelper - #makeIdGenerator(BasicValue([Column(id)]), id, identity, , ...)
10:24:16.414 [main] DEBUG org.hibernate.boot.model.internal.AnnotatedColumn - Binding column: IndexColumn(column='assignedTasks_ORDER')
10:24:16.414 [main] DEBUG org.hibernate.boot.model.internal.AnnotatedColumn - Binding column: AnnotatedColumn()
10:24:16.414 [main] DEBUG org.hibernate.boot.model.internal.AnnotatedColumn - Binding column: AnnotatedColumn(column='assignedTasks_KEY')
10:24:16.414 [main] DEBUG org.hibernate.boot.model.internal.AnnotatedColumn - Binding column: AnnotatedJoinColumn(column='assignedTasks_KEY')
10:24:16.414 [main] DEBUG org.hibernate.boot.model.internal.AnnotatedColumn - Binding column: AnnotatedJoinColumn()
10:24:16.414 [main] DEBUG org.hibernate.boot.model.internal.AnnotatedColumn - Binding column: AnnotatedJoinColumn()
10:24:16.414 [main] DEBUG org.hibernate.boot.model.internal.CollectionBinder - Collection role: org.frcpm.models.TeamMember.assignedTasks
10:24:16.414 [main] DEBUG org.hibernate.boot.model.internal.PropertyBinder - Building property assignedTasks
10:24:16.414 [main] DEBUG org.hibernate.boot.model.internal.AnnotatedColumn - Binding column: AnnotatedJoinColumn()
10:24:16.414 [main] DEBUG org.hibernate.boot.model.internal.AnnotatedColumn - Binding column: AnnotatedColumn()
10:24:16.414 [main] DEBUG org.hibernate.boot.model.internal.AnnotatedColumn - Binding column: IndexColumn(column='attendances_ORDER')
10:24:16.414 [main] DEBUG org.hibernate.boot.model.internal.AnnotatedColumn - Binding column: AnnotatedColumn()
10:24:16.414 [main] DEBUG org.hibernate.boot.model.internal.AnnotatedColumn - Binding column: AnnotatedColumn(column='attendances_KEY')
10:24:16.414 [main] DEBUG org.hibernate.boot.model.internal.AnnotatedColumn - Binding column: AnnotatedJoinColumn(column='attendances_KEY')
10:24:16.414 [main] DEBUG org.hibernate.boot.model.internal.AnnotatedColumn - Binding column: AnnotatedJoinColumn()
10:24:16.414 [main] DEBUG org.hibernate.boot.model.internal.AnnotatedColumn - Binding column: AnnotatedJoinColumn()
10:24:16.414 [main] DEBUG org.hibernate.boot.model.internal.CollectionBinder - Collection role: org.frcpm.models.TeamMember.attendances
10:24:16.414 [main] DEBUG org.hibernate.boot.model.internal.PropertyBinder - Building property attendances
10:24:16.414 [main] DEBUG org.hibernate.boot.model.internal.AnnotatedColumn - Binding column: AnnotatedColumn(column='email')
10:24:16.414 [main] DEBUG org.hibernate.boot.model.internal.PropertyBinder - MetadataSourceProcessor property email with lazy=false
10:24:16.414 [main] DEBUG org.hibernate.boot.model.internal.AbstractPropertyHolder - Attempting to locate auto-apply AttributeConverter for property [org.frcpm.models.TeamMember:email]
10:24:16.414 [main] DEBUG org.hibernate.boot.model.internal.BasicValueBinder - building BasicValue for email
10:24:16.414 [main] DEBUG org.hibernate.mapping.BasicValue - Skipping column re-registration: team_members.email
10:24:16.414 [main] DEBUG org.hibernate.boot.model.internal.PropertyBinder - Building property email
10:24:16.414 [main] DEBUG org.hibernate.boot.model.internal.AnnotatedColumn - Binding column: AnnotatedColumn(column='first_name')
10:24:16.414 [main] DEBUG org.hibernate.boot.model.internal.PropertyBinder - MetadataSourceProcessor property firstName with lazy=false
10:24:16.414 [main] DEBUG org.hibernate.boot.model.internal.AbstractPropertyHolder - Attempting to locate auto-apply AttributeConverter for property [org.frcpm.models.TeamMember:firstName]
10:24:16.414 [main] DEBUG org.hibernate.boot.model.internal.BasicValueBinder - building BasicValue for firstName
10:24:16.414 [main] DEBUG org.hibernate.mapping.BasicValue - Skipping column re-registration: team_members.first_name
10:24:16.414 [main] DEBUG org.hibernate.boot.model.internal.PropertyBinder - Building property firstName
10:24:16.414 [main] DEBUG org.hibernate.boot.model.internal.AnnotatedColumn - Binding column: AnnotatedColumn(column='last_name')
10:24:16.414 [main] DEBUG org.hibernate.boot.model.internal.PropertyBinder - MetadataSourceProcessor property lastName with lazy=false
10:24:16.414 [main] DEBUG org.hibernate.boot.model.internal.AbstractPropertyHolder - Attempting to locate auto-apply AttributeConverter for property [org.frcpm.models.TeamMember:lastName]
10:24:16.414 [main] DEBUG org.hibernate.boot.model.internal.BasicValueBinder - building BasicValue for lastName
10:24:16.414 [main] DEBUG org.hibernate.mapping.BasicValue - Skipping column re-registration: team_members.last_name
10:24:16.414 [main] DEBUG org.hibernate.boot.model.internal.PropertyBinder - Building property lastName
10:24:16.414 [main] DEBUG org.hibernate.boot.model.internal.AnnotatedColumn - Binding column: AnnotatedColumn(column='is_leader')
10:24:16.414 [main] DEBUG org.hibernate.boot.model.internal.PropertyBinder - MetadataSourceProcessor property leader with lazy=false
10:24:16.414 [main] DEBUG org.hibernate.boot.model.internal.AbstractPropertyHolder - Attempting to locate auto-apply AttributeConverter for property [org.frcpm.models.TeamMember:leader]
10:24:16.414 [main] DEBUG org.hibernate.boot.model.internal.BasicValueBinder - building BasicValue for leader
10:24:16.414 [main] DEBUG org.hibernate.mapping.BasicValue - Skipping column re-registration: team_members.is_leader
10:24:16.414 [main] DEBUG org.hibernate.boot.model.internal.PropertyBinder - Building property leader
10:24:16.414 [main] DEBUG org.hibernate.boot.model.internal.AnnotatedColumn - Binding column: AnnotatedColumn(column='phone')
10:24:16.414 [main] DEBUG org.hibernate.boot.model.internal.PropertyBinder - MetadataSourceProcessor property phone with lazy=false
10:24:16.414 [main] DEBUG org.hibernate.boot.model.internal.AbstractPropertyHolder - Attempting to locate auto-apply AttributeConverter for property [org.frcpm.models.TeamMember:phone]
10:24:16.414 [main] DEBUG org.hibernate.boot.model.internal.BasicValueBinder - building BasicValue for phone
10:24:16.414 [main] DEBUG org.hibernate.mapping.BasicValue - Skipping column re-registration: team_members.phone
10:24:16.414 [main] DEBUG org.hibernate.boot.model.internal.PropertyBinder - Building property phone
10:24:16.416 [main] DEBUG org.hibernate.boot.model.internal.AnnotatedColumn - Binding column: AnnotatedColumn(column='skills')
10:24:16.416 [main] DEBUG org.hibernate.boot.model.internal.PropertyBinder - MetadataSourceProcessor property skills with lazy=false
10:24:16.416 [main] DEBUG org.hibernate.boot.model.internal.AbstractPropertyHolder - Attempting to locate auto-apply AttributeConverter for property [org.frcpm.models.TeamMember:skills]
10:24:16.416 [main] DEBUG org.hibernate.boot.model.internal.BasicValueBinder - building BasicValue for skills
10:24:16.416 [main] DEBUG org.hibernate.mapping.BasicValue - Skipping column re-registration: team_members.skills
10:24:16.416 [main] DEBUG org.hibernate.boot.model.internal.PropertyBinder - Building property skills
10:24:16.416 [main] DEBUG org.hibernate.boot.model.internal.AnnotatedColumn - Binding column: AnnotatedJoinColumn(column='subteam_id')
10:24:16.416 [main] DEBUG org.hibernate.boot.model.internal.AnnotatedColumn - Binding column: AnnotatedColumn()
10:24:16.416 [main] DEBUG org.hibernate.boot.model.internal.PropertyBinder - Building property subteam
10:24:16.416 [main] DEBUG org.hibernate.boot.model.internal.AnnotatedColumn - Binding column: AnnotatedColumn(column='username')
10:24:16.416 [main] DEBUG org.hibernate.boot.model.internal.PropertyBinder - MetadataSourceProcessor property username with lazy=false
10:24:16.416 [main] DEBUG org.hibernate.boot.model.internal.AbstractPropertyHolder - Attempting to locate auto-apply AttributeConverter for property [org.frcpm.models.TeamMember:username]
10:24:16.416 [main] DEBUG org.hibernate.boot.model.internal.BasicValueBinder - building BasicValue for username
10:24:16.416 [main] DEBUG org.hibernate.mapping.BasicValue - Skipping column re-registration: team_members.username
10:24:16.416 [main] DEBUG org.hibernate.boot.model.internal.PropertyBinder - Building property username
10:24:16.417 [main] DEBUG org.hibernate.boot.registry.classloading.internal.ClassLoaderServiceImpl - HHH000194: Package not found or no package-info.java: org.frcpm.models
10:24:16.417 [main] DEBUG org.hibernate.boot.model.internal.BasicValueBinder - Starting `BasicValueBinder#fillSimpleValue` for id
10:24:16.417 [main] DEBUG org.hibernate.boot.model.internal.BasicValueBinder - Starting `BasicValueBinder#fillSimpleValue` for arrivalTime
10:24:16.417 [main] DEBUG org.hibernate.boot.model.internal.BasicValueBinder - Starting `BasicValueBinder#fillSimpleValue` for departureTime
10:24:16.417 [main] DEBUG org.hibernate.boot.model.internal.BasicValueBinder - Starting `BasicValueBinder#fillSimpleValue` for present
10:24:16.417 [main] DEBUG org.hibernate.boot.model.internal.BasicValueBinder - Starting `BasicValueBinder#fillSimpleValue` for id
10:24:16.417 [main] DEBUG org.hibernate.boot.model.internal.BasicValueBinder - Starting `BasicValueBinder#fillSimpleValue` for date
10:24:16.417 [main] DEBUG org.hibernate.boot.model.internal.BasicValueBinder - Starting `BasicValueBinder#fillSimpleValue` for endTime
10:24:16.417 [main] DEBUG org.hibernate.boot.model.internal.BasicValueBinder - Starting `BasicValueBinder#fillSimpleValue` for notes
10:24:16.417 [main] DEBUG org.hibernate.boot.model.internal.BasicValueBinder - Starting `BasicValueBinder#fillSimpleValue` for startTime
10:24:16.417 [main] DEBUG org.hibernate.boot.model.internal.BasicValueBinder - Starting `BasicValueBinder#fillSimpleValue` for id
10:24:16.417 [main] DEBUG org.hibernate.boot.model.internal.BasicValueBinder - Starting `BasicValueBinder#fillSimpleValue` for description
10:24:16.417 [main] DEBUG org.hibernate.boot.model.internal.BasicValueBinder - Starting `BasicValueBinder#fillSimpleValue` for name
10:24:16.417 [main] DEBUG org.hibernate.boot.model.internal.BasicValueBinder - Starting `BasicValueBinder#fillSimpleValue` for status
10:24:16.417 [main] DEBUG org.hibernate.boot.model.internal.BasicValueBinder - Starting `BasicValueBinder#fillSimpleValue` for id
10:24:16.417 [main] DEBUG org.hibernate.boot.model.internal.BasicValueBinder - Starting `BasicValueBinder#fillSimpleValue` for actualDelivery
10:24:16.417 [main] DEBUG org.hibernate.boot.model.internal.BasicValueBinder - Starting `BasicValueBinder#fillSimpleValue` for delivered
10:24:16.417 [main] DEBUG org.hibernate.boot.model.internal.BasicValueBinder - Starting `BasicValueBinder#fillSimpleValue` for description
10:24:16.417 [main] DEBUG org.hibernate.boot.model.internal.BasicValueBinder - Starting `BasicValueBinder#fillSimpleValue` for expectedDelivery
10:24:16.417 [main] DEBUG org.hibernate.boot.model.internal.BasicValueBinder - Starting `BasicValueBinder#fillSimpleValue` for name
10:24:16.417 [main] DEBUG org.hibernate.boot.model.internal.BasicValueBinder - Starting `BasicValueBinder#fillSimpleValue` for partNumber
10:24:16.417 [main] DEBUG org.hibernate.boot.model.internal.BasicValueBinder - Starting `BasicValueBinder#fillSimpleValue` for id
10:24:16.417 [main] DEBUG org.hibernate.boot.model.internal.BasicValueBinder - Starting `BasicValueBinder#fillSimpleValue` for date
10:24:16.417 [main] DEBUG org.hibernate.boot.model.internal.BasicValueBinder - Starting `BasicValueBinder#fillSimpleValue` for description
10:24:16.417 [main] DEBUG org.hibernate.boot.model.internal.BasicValueBinder - Starting `BasicValueBinder#fillSimpleValue` for name
10:24:16.417 [main] DEBUG org.hibernate.boot.model.internal.BasicValueBinder - Starting `BasicValueBinder#fillSimpleValue` for id
10:24:16.417 [main] DEBUG org.hibernate.boot.model.internal.BasicValueBinder - Starting `BasicValueBinder#fillSimpleValue` for description
10:24:16.417 [main] DEBUG org.hibernate.boot.model.internal.BasicValueBinder - Starting `BasicValueBinder#fillSimpleValue` for goalEndDate
10:24:16.417 [main] DEBUG org.hibernate.boot.model.internal.BasicValueBinder - Starting `BasicValueBinder#fillSimpleValue` for hardDeadline
10:24:16.417 [main] DEBUG org.hibernate.boot.model.internal.BasicValueBinder - Starting `BasicValueBinder#fillSimpleValue` for name
10:24:16.417 [main] DEBUG org.hibernate.boot.model.internal.BasicValueBinder - Starting `BasicValueBinder#fillSimpleValue` for startDate
10:24:16.417 [main] DEBUG org.hibernate.boot.model.internal.BasicValueBinder - Starting `BasicValueBinder#fillSimpleValue` for id
10:24:16.417 [main] DEBUG org.hibernate.boot.model.internal.BasicValueBinder - Starting `BasicValueBinder#fillSimpleValue` for colorCode
10:24:16.417 [main] DEBUG org.hibernate.boot.model.internal.BasicValueBinder - Starting `BasicValueBinder#fillSimpleValue` for name
10:24:16.417 [main] DEBUG org.hibernate.boot.model.internal.BasicValueBinder - Starting `BasicValueBinder#fillSimpleValue` for specialties
10:24:16.417 [main] DEBUG org.hibernate.boot.model.internal.BasicValueBinder - Starting `BasicValueBinder#fillSimpleValue` for id
10:24:16.417 [main] DEBUG org.hibernate.boot.model.internal.BasicValueBinder - Starting `BasicValueBinder#fillSimpleValue` for actualDurationSeconds
10:24:16.417 [main] DEBUG org.hibernate.boot.model.internal.BasicValueBinder - Starting `BasicValueBinder#fillSimpleValue` for completed
10:24:16.417 [main] DEBUG org.hibernate.boot.model.internal.BasicValueBinder - Starting `BasicValueBinder#fillSimpleValue` for description
10:24:16.417 [main] DEBUG org.hibernate.boot.model.internal.BasicValueBinder - Starting `BasicValueBinder#fillSimpleValue` for endDate
10:24:16.418 [main] DEBUG org.hibernate.boot.model.internal.BasicValueBinder - Starting `BasicValueBinder#fillSimpleValue` for estimatedDurationSeconds
10:24:16.418 [main] DEBUG org.hibernate.boot.model.internal.BasicValueBinder - Starting `BasicValueBinder#fillSimpleValue` for priority
10:24:16.418 [main] DEBUG org.hibernate.boot.model.internal.BasicValueBinder - Starting `BasicValueBinder#fillSimpleValue` for progress
10:24:16.418 [main] DEBUG org.hibernate.boot.model.internal.BasicValueBinder - Starting `BasicValueBinder#fillSimpleValue` for startDate
10:24:16.418 [main] DEBUG org.hibernate.boot.model.internal.BasicValueBinder - Starting `BasicValueBinder#fillSimpleValue` for title
10:24:16.418 [main] DEBUG org.hibernate.boot.model.internal.BasicValueBinder - Starting `BasicValueBinder#fillSimpleValue` for id
10:24:16.418 [main] DEBUG org.hibernate.boot.model.internal.BasicValueBinder - Starting `BasicValueBinder#fillSimpleValue` for email
10:24:16.418 [main] DEBUG org.hibernate.boot.model.internal.BasicValueBinder - Starting `BasicValueBinder#fillSimpleValue` for firstName
10:24:16.418 [main] DEBUG org.hibernate.boot.model.internal.BasicValueBinder - Starting `BasicValueBinder#fillSimpleValue` for lastName
10:24:16.418 [main] DEBUG org.hibernate.boot.model.internal.BasicValueBinder - Starting `BasicValueBinder#fillSimpleValue` for leader
10:24:16.418 [main] DEBUG org.hibernate.boot.model.internal.BasicValueBinder - Starting `BasicValueBinder#fillSimpleValue` for phone
10:24:16.418 [main] DEBUG org.hibernate.boot.model.internal.BasicValueBinder - Starting `BasicValueBinder#fillSimpleValue` for skills
10:24:16.418 [main] DEBUG org.hibernate.boot.model.internal.BasicValueBinder - Starting `BasicValueBinder#fillSimpleValue` for username
10:24:16.418 [main] DEBUG org.hibernate.mapping.PrimaryKey - Forcing column [id] to be non-null as it is part of the primary key for table [attendances]
10:24:16.418 [main] DEBUG org.hibernate.mapping.PrimaryKey - Forcing column [id] to be non-null as it is part of the primary key for table [meetings]
10:24:16.418 [main] DEBUG org.hibernate.mapping.PrimaryKey - Forcing column [id] to be non-null as it is part of the primary key for table [subsystems]
10:24:16.418 [main] DEBUG org.hibernate.mapping.PrimaryKey - Forcing column [id] to be non-null as it is part of the primary key for table [components]
10:24:16.418 [main] DEBUG org.hibernate.mapping.PrimaryKey - Forcing column [id] to be non-null as it is part of the primary key for table [milestones]
10:24:16.418 [main] DEBUG org.hibernate.mapping.PrimaryKey - Forcing column [id] to be non-null as it is part of the primary key for table [projects]
10:24:16.418 [main] DEBUG org.hibernate.mapping.PrimaryKey - Forcing column [id] to be non-null as it is part of the primary key for table [subteams]
10:24:16.418 [main] DEBUG org.hibernate.mapping.PrimaryKey - Forcing column [id] to be non-null as it is part of the primary key for table [tasks]
10:24:16.418 [main] DEBUG org.hibernate.mapping.PrimaryKey - Forcing column [id] to be non-null as it is part of the primary key for table [team_members]
10:24:16.418 [main] DEBUG org.hibernate.boot.model.internal.CollectionSecondPass - Second pass for collection: org.frcpm.models.Task.requiredComponents
10:24:16.418 [main] DEBUG org.hibernate.boot.model.internal.CollectionBinder - Binding a ManyToMany: org.frcpm.models.Task.requiredComponents
10:24:16.418 [main] DEBUG org.hibernate.boot.registry.classloading.internal.ClassLoaderServiceImpl - HHH000194: Package not found or no package-info.java: org.frcpm.models
10:24:16.418 [main] DEBUG org.hibernate.mapping.PrimaryKey - Forcing column [task_id] to be non-null as it is part of the primary key for table [task_components]
10:24:16.418 [main] DEBUG org.hibernate.mapping.PrimaryKey - Forcing column [component_id] to be non-null as it is part of the primary key for table [task_components]
10:24:16.418 [main] DEBUG org.hibernate.boot.model.internal.CollectionSecondPass - Mapped collection key: task_id, element: component_id
10:24:16.418 [main] DEBUG org.hibernate.boot.model.internal.CollectionSecondPass - Second pass for collection: org.frcpm.models.Task.preDependencies
10:24:16.418 [main] DEBUG org.hibernate.boot.model.internal.CollectionBinder - Binding a ManyToMany: org.frcpm.models.Task.preDependencies
10:24:16.418 [main] DEBUG org.hibernate.boot.registry.classloading.internal.ClassLoaderServiceImpl - HHH000194: Package not found or no package-info.java: org.frcpm.models
10:24:16.418 [main] DEBUG org.hibernate.mapping.PrimaryKey - Forcing column [task_id] to be non-null as it is part of the primary key for table [task_dependencies]
10:24:16.418 [main] DEBUG org.hibernate.mapping.PrimaryKey - Forcing column [dependency_id] to be non-null as it is part of the primary key for table [task_dependencies]
10:24:16.419 [main] DEBUG org.hibernate.boot.model.internal.CollectionSecondPass - Mapped collection key: task_id, element: dependency_id
10:24:16.419 [main] DEBUG org.hibernate.boot.model.internal.CollectionSecondPass - Second pass for collection: org.frcpm.models.Task.assignedTo
10:24:16.419 [main] DEBUG org.hibernate.boot.model.internal.CollectionBinder - Binding a ManyToMany: org.frcpm.models.Task.assignedTo
10:24:16.419 [main] DEBUG org.hibernate.boot.registry.classloading.internal.ClassLoaderServiceImpl - HHH000194: Package not found or no package-info.java: org.frcpm.models
10:24:16.419 [main] DEBUG org.hibernate.mapping.PrimaryKey - Forcing column [task_id] to be non-null as it is part of the primary key for table [task_assignments]
10:24:16.419 [main] DEBUG org.hibernate.mapping.PrimaryKey - Forcing column [team_member_id] to be non-null as it is part of the primary key for table [task_assignments]
10:24:16.419 [main] DEBUG org.hibernate.boot.model.internal.CollectionSecondPass - Mapped collection key: task_id, element: team_member_id
10:24:16.419 [main] DEBUG org.hibernate.boot.model.internal.CollectionSecondPass - Second pass for collection: org.frcpm.models.Meeting.attendances
10:24:16.419 [main] DEBUG org.hibernate.boot.model.internal.CollectionBinder - Binding a OneToMany: org.frcpm.models.Meeting.attendances through a foreign key
10:24:16.419 [main] DEBUG org.hibernate.boot.model.internal.CollectionBinder - Mapping collection: org.frcpm.models.Meeting.attendances -> attendances
10:24:16.419 [main] DEBUG org.hibernate.boot.model.internal.TableBinder - Retrieving property org.frcpm.models.Attendance.meeting
10:24:16.419 [main] DEBUG org.hibernate.boot.model.internal.CollectionSecondPass - Mapped collection key: meeting_id, one-to-many: org.frcpm.models.Attendance
10:24:16.419 [main] DEBUG org.hibernate.boot.model.internal.CollectionSecondPass - Second pass for collection: org.frcpm.models.Subsystem.tasks
10:24:16.419 [main] DEBUG org.hibernate.boot.model.internal.CollectionBinder - Binding a OneToMany: org.frcpm.models.Subsystem.tasks through a foreign key
10:24:16.419 [main] DEBUG org.hibernate.boot.model.internal.CollectionBinder - Mapping collection: org.frcpm.models.Subsystem.tasks -> tasks
10:24:16.419 [main] DEBUG org.hibernate.boot.model.internal.TableBinder - Retrieving property org.frcpm.models.Task.subsystem
10:24:16.419 [main] DEBUG org.hibernate.boot.model.internal.CollectionSecondPass - Mapped collection key: subsystem_id, one-to-many: org.frcpm.models.Task
10:24:16.419 [main] DEBUG org.hibernate.boot.model.internal.CollectionSecondPass - Second pass for collection: org.frcpm.models.Component.requiredForTasks
10:24:16.419 [main] DEBUG org.hibernate.boot.model.internal.CollectionBinder - Binding a ManyToMany: org.frcpm.models.Component.requiredForTasks
10:24:16.419 [main] DEBUG org.hibernate.boot.registry.classloading.internal.ClassLoaderServiceImpl - HHH000194: Package not found or no package-info.java: org.frcpm.models
10:24:16.419 [main] DEBUG org.hibernate.boot.model.internal.TableBinder - Retrieving property org.frcpm.models.Task.requiredComponents
10:24:16.419 [main] DEBUG org.hibernate.boot.model.internal.CollectionSecondPass - Mapped collection key: component_id, element: task_id
10:24:16.419 [main] DEBUG org.hibernate.boot.model.internal.CollectionSecondPass - Second pass for collection: org.frcpm.models.Project.meetings
10:24:16.419 [main] DEBUG org.hibernate.boot.model.internal.CollectionBinder - Binding a OneToMany: org.frcpm.models.Project.meetings through a foreign key
10:24:16.419 [main] DEBUG org.hibernate.boot.model.internal.CollectionBinder - Mapping collection: org.frcpm.models.Project.meetings -> meetings
10:24:16.419 [main] DEBUG org.hibernate.boot.model.internal.TableBinder - Retrieving property org.frcpm.models.Meeting.project
10:24:16.419 [main] DEBUG org.hibernate.boot.model.internal.CollectionSecondPass - Mapped collection key: project_id, one-to-many: org.frcpm.models.Meeting
10:24:16.419 [main] DEBUG org.hibernate.boot.model.internal.CollectionSecondPass - Second pass for collection: org.frcpm.models.Project.milestones
10:24:16.419 [main] DEBUG org.hibernate.boot.model.internal.CollectionBinder - Binding a OneToMany: org.frcpm.models.Project.milestones through a foreign key
10:24:16.419 [main] DEBUG org.hibernate.boot.model.internal.CollectionBinder - Mapping collection: org.frcpm.models.Project.milestones -> milestones
10:24:16.419 [main] DEBUG org.hibernate.boot.model.internal.TableBinder - Retrieving property org.frcpm.models.Milestone.project
10:24:16.419 [main] DEBUG org.hibernate.boot.model.internal.CollectionSecondPass - Mapped collection key: project_id, one-to-many: org.frcpm.models.Milestone
10:24:16.419 [main] DEBUG org.hibernate.boot.model.internal.CollectionSecondPass - Second pass for collection: org.frcpm.models.Project.tasks
10:24:16.419 [main] DEBUG org.hibernate.boot.model.internal.CollectionBinder - Binding a OneToMany: org.frcpm.models.Project.tasks through a foreign key
10:24:16.419 [main] DEBUG org.hibernate.boot.model.internal.CollectionBinder - Mapping collection: org.frcpm.models.Project.tasks -> tasks
10:24:16.419 [main] DEBUG org.hibernate.boot.model.internal.TableBinder - Retrieving property org.frcpm.models.Task.project
10:24:16.419 [main] DEBUG org.hibernate.boot.model.internal.CollectionSecondPass - Mapped collection key: project_id, one-to-many: org.frcpm.models.Task
10:24:16.419 [main] DEBUG org.hibernate.boot.model.internal.CollectionSecondPass - Second pass for collection: org.frcpm.models.Subteam.members
10:24:16.419 [main] DEBUG org.hibernate.boot.model.internal.CollectionBinder - Binding a OneToMany: org.frcpm.models.Subteam.members through a foreign key
10:24:16.419 [main] DEBUG org.hibernate.boot.model.internal.CollectionBinder - Mapping collection: org.frcpm.models.Subteam.members -> team_members
10:24:16.419 [main] DEBUG org.hibernate.boot.model.internal.TableBinder - Retrieving property org.frcpm.models.TeamMember.subteam
10:24:16.419 [main] DEBUG org.hibernate.boot.model.internal.CollectionSecondPass - Mapped collection key: subteam_id, one-to-many: org.frcpm.models.TeamMember
10:24:16.419 [main] DEBUG org.hibernate.boot.model.internal.CollectionSecondPass - Second pass for collection: org.frcpm.models.Subteam.subsystems
10:24:16.419 [main] DEBUG org.hibernate.boot.model.internal.CollectionBinder - Binding a OneToMany: org.frcpm.models.Subteam.subsystems through a foreign key
10:24:16.419 [main] DEBUG org.hibernate.boot.model.internal.CollectionBinder - Mapping collection: org.frcpm.models.Subteam.subsystems -> subsystems
10:24:16.419 [main] DEBUG org.hibernate.boot.model.internal.TableBinder - Retrieving property org.frcpm.models.Subsystem.responsibleSubteam
10:24:16.419 [main] DEBUG org.hibernate.boot.model.internal.CollectionSecondPass - Mapped collection key: responsible_subteam_id, one-to-many: org.frcpm.models.Subsystem
10:24:16.419 [main] DEBUG org.hibernate.boot.model.internal.CollectionSecondPass - Second pass for collection: org.frcpm.models.Task.postDependencies
10:24:16.419 [main] DEBUG org.hibernate.boot.model.internal.CollectionBinder - Binding a ManyToMany: org.frcpm.models.Task.postDependencies
10:24:16.420 [main] DEBUG org.hibernate.boot.registry.classloading.internal.ClassLoaderServiceImpl - HHH000194: Package not found or no package-info.java: org.frcpm.models
10:24:16.420 [main] DEBUG org.hibernate.boot.model.internal.TableBinder - Retrieving property org.frcpm.models.Task.preDependencies
10:24:16.420 [main] DEBUG org.hibernate.boot.model.internal.CollectionSecondPass - Mapped collection key: dependency_id, element: task_id
10:24:16.420 [main] DEBUG org.hibernate.boot.model.internal.CollectionSecondPass - Second pass for collection: org.frcpm.models.TeamMember.assignedTasks
10:24:16.420 [main] DEBUG org.hibernate.boot.model.internal.CollectionBinder - Binding a ManyToMany: org.frcpm.models.TeamMember.assignedTasks
10:24:16.420 [main] DEBUG org.hibernate.boot.registry.classloading.internal.ClassLoaderServiceImpl - HHH000194: Package not found or no package-info.java: org.frcpm.models
10:24:16.420 [main] DEBUG org.hibernate.boot.model.internal.TableBinder - Retrieving property org.frcpm.models.Task.assignedTo
10:24:16.420 [main] DEBUG org.hibernate.boot.model.internal.CollectionSecondPass - Mapped collection key: team_member_id, element: task_id
10:24:16.420 [main] DEBUG org.hibernate.boot.model.internal.CollectionSecondPass - Second pass for collection: org.frcpm.models.TeamMember.attendances
10:24:16.420 [main] DEBUG org.hibernate.boot.model.internal.CollectionBinder - Binding a OneToMany: org.frcpm.models.TeamMember.attendances through a foreign key
10:24:16.420 [main] DEBUG org.hibernate.boot.model.internal.CollectionBinder - Mapping collection: org.frcpm.models.TeamMember.attendances -> attendances
10:24:16.420 [main] DEBUG org.hibernate.boot.model.internal.TableBinder - Retrieving property org.frcpm.models.Attendance.member
10:24:16.420 [main] DEBUG org.hibernate.boot.model.internal.CollectionSecondPass - Mapped collection key: member_id, one-to-many: org.frcpm.models.Attendance
10:24:16.427 [main] DEBUG org.hibernate.internal.SessionFactoryImpl - Building session factory
10:24:16.428 [main] DEBUG org.hibernate.service.internal.SessionFactoryServiceRegistryImpl - EventListenerRegistry access via ServiceRegistry is deprecated.  Use `sessionFactory.getEventEngine().getListenerRegistry()` instead
10:24:16.428 [main] DEBUG org.hibernate.internal.SessionFactoryImpl - Instantiating SessionFactory with settings: {hibernate.format_sql=false, java.specification.version=21, sun.cpu.isalist=amd64, hibernate.connection.handling_mode=DELAYED_ACQUISITION_AND_RELEASE_AFTER_STATEMENT, sun.jnu.encoding=Cp1252, hibernate.dialect=org.hibernate.dialect.H2Dialect, java.class.path=C:\Users\dhiebert\Local Repositories\Project Management 2.0\target\test-classes;C:\Users\dhiebert\Local Repositories\Project Management 2.0\target\classes;C:\Users\dhiebert\.m2\repository\org\openjfx\javafx-controls\21.0.2\javafx-controls-21.0.2.jar;C:\Users\dhiebert\.m2\repository\org\openjfx\javafx-controls\21.0.2\javafx-controls-21.0.2-win.jar;C:\Users\dhiebert\.m2\repository\org\openjfx\javafx-fxml\21.0.2\javafx-fxml-21.0.2.jar;C:\Users\dhiebert\.m2\repository\org\openjfx\javafx-fxml\21.0.2\javafx-fxml-21.0.2-win.jar;C:\Users\dhiebert\.m2\repository\org\openjfx\javafx-graphics\21.0.2\javafx-graphics-21.0.2.jar;C:\Users\dhiebert\.m2\repository\org\openjfx\javafx-graphics\21.0.2\javafx-graphics-21.0.2-win.jar;C:\Users\dhiebert\.m2\repository\org\openjfx\javafx-base\21.0.2\javafx-base-21.0.2.jar;C:\Users\dhiebert\.m2\repository\org\openjfx\javafx-base\21.0.2\javafx-base-21.0.2-win.jar;C:\Users\dhiebert\.m2\repository\com\h2database\h2\2.2.224\h2-2.2.224.jar;C:\Users\dhiebert\.m2\repository\com\zaxxer\HikariCP\5.1.0\HikariCP-5.1.0.jar;C:\Users\dhiebert\.m2\repository\org\slf4j\slf4j-api\1.7.36\slf4j-api-1.7.36.jar;C:\Users\dhiebert\.m2\repository\org\hibernate\orm\hibernate-core\6.5.0.Final\hibernate-core-6.5.0.Final.jar;C:\Users\dhiebert\.m2\repository\jakarta\persistence\jakarta.persistence-api\3.1.0\jakarta.persistence-api-3.1.0.jar;C:\Users\dhiebert\.m2\repository\jakarta\transaction\jakarta.transaction-api\2.0.1\jakarta.transaction-api-2.0.1.jar;C:\Users\dhiebert\.m2\repository\org\jboss\logging\jboss-logging\3.5.0.Final\jboss-logging-3.5.0.Final.jar;C:\Users\dhiebert\.m2\repository\org\hibernate\common\hibernate-commons-annotations\6.0.6.Final\hibernate-commons-annotations-6.0.6.Final.jar;C:\Users\dhiebert\.m2\repository\io\smallrye\jandex\3.1.2\jandex-3.1.2.jar;C:\Users\dhiebert\.m2\repository\com\fasterxml\classmate\1.5.1\classmate-1.5.1.jar;C:\Users\dhiebert\.m2\repository\net\bytebuddy\byte-buddy\1.14.12\byte-buddy-1.14.12.jar;C:\Users\dhiebert\.m2\repository\jakarta\xml\bind\jakarta.xml.bind-api\4.0.0\jakarta.xml.bind-api-4.0.0.jar;C:\Users\dhiebert\.m2\repository\jakarta\activation\jakarta.activation-api\2.1.0\jakarta.activation-api-2.1.0.jar;C:\Users\dhiebert\.m2\repository\org\glassfish\jaxb\jaxb-runtime\4.0.2\jaxb-runtime-4.0.2.jar;C:\Users\dhiebert\.m2\repository\org\glassfish\jaxb\jaxb-core\4.0.2\jaxb-core-4.0.2.jar;C:\Users\dhiebert\.m2\repository\org\eclipse\angus\angus-activation\2.0.0\angus-activation-2.0.0.jar;C:\Users\dhiebert\.m2\repository\org\glassfish\jaxb\txw2\4.0.2\txw2-4.0.2.jar;C:\Users\dhiebert\.m2\repository\com\sun\istack\istack-commons-runtime\4.1.1\istack-commons-runtime-4.1.1.jar;C:\Users\dhiebert\.m2\repository\jakarta\inject\jakarta.inject-api\2.0.1\jakarta.inject-api-2.0.1.jar;C:\Users\dhiebert\.m2\repository\org\antlr\antlr4-runtime\4.13.0\antlr4-runtime-4.13.0.jar;C:\Users\dhiebert\.m2\repository\org\hibernate\validator\hibernate-validator\8.0.1.Final\hibernate-validator-8.0.1.Final.jar;C:\Users\dhiebert\.m2\repository\jakarta\validation\jakarta.validation-api\3.0.2\jakarta.validation-api-3.0.2.jar;C:\Users\dhiebert\.m2\repository\org\junit\jupiter\junit-jupiter-api\5.10.2\junit-jupiter-api-5.10.2.jar;C:\Users\dhiebert\.m2\repository\org\opentest4j\opentest4j\1.3.0\opentest4j-1.3.0.jar;C:\Users\dhiebert\.m2\repository\org\junit\platform\junit-platform-commons\1.10.2\junit-platform-commons-1.10.2.jar;C:\Users\dhiebert\.m2\repository\org\apiguardian\apiguardian-api\1.1.2\apiguardian-api-1.1.2.jar;C:\Users\dhiebert\.m2\repository\org\junit\jupiter\junit-jupiter-engine\5.10.2\junit-jupiter-engine-5.10.2.jar;C:\Users\dhiebert\.m2\repository\org\junit\platform\junit-platform-engine\1.10.2\junit-platform-engine-1.10.2.jar;C:\Users\dhiebert\.m2\repository\org\mockito\mockito-junit-jupiter\5.10.0\mockito-junit-jupiter-5.10.0.jar;C:\Users\dhiebert\.m2\repository\org\mockito\mockito-core\5.10.0\mockito-core-5.10.0.jar;C:\Users\dhiebert\.m2\repository\net\bytebuddy\byte-buddy-agent\1.14.11\byte-buddy-agent-1.14.11.jar;C:\Users\dhiebert\.m2\repository\org\objenesis\objenesis\3.3\objenesis-3.3.jar;C:\Users\dhiebert\.m2\repository\org\hibernate\orm\hibernate-hikaricp\6.5.0.Final\hibernate-hikaricp-6.5.0.Final.jar;C:\Users\dhiebert\.m2\repository\ch\qos\logback\logback-classic\1.2.11\logback-classic-1.2.11.jar;C:\Users\dhiebert\.m2\repository\ch\qos\logback\logback-core\1.2.11\logback-core-1.2.11.jar;C:\Users\dhiebert\.m2\repository\org\testfx\testfx-core\4.0.18\testfx-core-4.0.18.jar;C:\Users\dhiebert\.m2\repository\org\hamcrest\hamcrest\2.1\hamcrest-2.1.jar;C:\Users\dhiebert\.m2\repository\org\assertj\assertj-core\3.13.2\assertj-core-3.13.2.jar;C:\Users\dhiebert\.m2\repository\org\osgi\org.osgi.core\6.0.0\org.osgi.core-6.0.0.jar;C:\Users\dhiebert\.m2\repository\org\testfx\testfx-junit5\4.0.18\testfx-junit5-4.0.18.jar;C:\Users\dhiebert\.m2\repository\org\openjfx\javafx-web\17.0.2\javafx-web-17.0.2.jar;C:\Users\dhiebert\.m2\repository\org\openjfx\javafx-web\17.0.2\javafx-web-17.0.2-win.jar;C:\Users\dhiebert\.m2\repository\org\openjfx\javafx-media\17.0.2\javafx-media-17.0.2.jar;C:\Users\dhiebert\.m2\repository\org\openjfx\javafx-media\17.0.2\javafx-media-17.0.2-win.jar;C:\Users\dhiebert\.m2\repository\org\apache\pdfbox\pdfbox\2.0.27\pdfbox-2.0.27.jar;C:\Users\dhiebert\.m2\repository\org\apache\pdfbox\fontbox\2.0.27\fontbox-2.0.27.jar;C:\Users\dhiebert\.m2\repository\commons-logging\commons-logging\1.2\commons-logging-1.2.jar;C:\Users\dhiebert\.m2\repository\com\fasterxml\jackson\core\jackson-databind\2.15.0\jackson-databind-2.15.0.jar;C:\Users\dhiebert\.m2\repository\com\fasterxml\jackson\core\jackson-annotations\2.15.0\jackson-annotations-2.15.0.jar;C:\Users\dhiebert\.m2\repository\com\fasterxml\jackson\core\jackson-core\2.15.0\jackson-core-2.15.0.jar;C:\Users\dhiebert\.m2\repository\org\apache\xmlgraphics\batik-all\1.16\batik-all-1.16.jar;C:\Users\dhiebert\.m2\repository\xml-apis\xml-apis\1.4.01\xml-apis-1.4.01.jar;C:\Users\dhiebert\.m2\repository\xml-apis\xml-apis-ext\1.3.04\xml-apis-ext-1.3.04.jar;C:\Users\dhiebert\.m2\repository\org\apache\xmlgraphics\xmlgraphics-commons\2.7\xmlgraphics-commons-2.7.jar;C:\Users\dhiebert\.m2\repository\commons-io\commons-io\1.3.1\commons-io-1.3.1.jar;C:\Users\dhiebert\.m2\repository\org\jgrapht\jgrapht-core\1.5.2\jgrapht-core-1.5.2.jar;C:\Users\dhiebert\.m2\repository\org\jheaps\jheaps\0.14\jheaps-0.14.jar;C:\Users\dhiebert\.m2\repository\org\apfloat\apfloat\1.10.1\apfloat-1.10.1.jar;, java.vm.vendor=Eclipse Adoptium, sun.arch.data.model=64, hibernate.order_inserts=true, user.variant=, java.vendor.url=https://adoptium.net/, user.timezone=America/Chicago, javax.persistence.jdbc.user=****, javax.persistence.jdbc.url=jdbc:h2:file:C:\Users\dhiebert\.frcpm\frcpm, java.vm.specification.version=21, os.name=Windows 11, hibernate.generate_statistics=false, hibernate.hikari.connectionTimeout=10000, hibernate.order_updates=true, hibernate.jdbc.batch_versioned_data=true, jakarta.persistence.jdbc.password=****, hibernate.jdbc.batch_size=30, sun.java.launcher=SUN_STANDARD, user.country=US, local.setting.IS_JTA_TXN_COORD=false, sun.boot.library.path=C:\Program Files\Eclipse Adoptium\jdk-21.0.6.7-hotspot\bin, sun.java.command=C:\Users\dhiebert\AppData\Local\Temp\surefire9513985487531586668\surefirebooter-20250425102356946_3.jar C:\Users\dhiebert\AppData\Local\Temp\surefire9513985487531586668 2025-04-25T10-23-56_800-jvmRun1 surefire-20250425102356946_1tmp surefire_0-20250425102356946_2tmp, hibernate.use_sql_comments=false, hibernate.connection.provider_class=org.hibernate.hikaricp.internal.HikariCPConnectionProvider, jdk.debug=release, surefire.test.class.path=C:\Users\dhiebert\Local Repositories\Project Management 2.0\target\test-classes;C:\Users\dhiebert\Local Repositories\Project Management 2.0\target\classes;C:\Users\dhiebert\.m2\repository\org\openjfx\javafx-controls\21.0.2\javafx-controls-21.0.2.jar;C:\Users\dhiebert\.m2\repository\org\openjfx\javafx-controls\21.0.2\javafx-controls-21.0.2-win.jar;C:\Users\dhiebert\.m2\repository\org\openjfx\javafx-fxml\21.0.2\javafx-fxml-21.0.2.jar;C:\Users\dhiebert\.m2\repository\org\openjfx\javafx-fxml\21.0.2\javafx-fxml-21.0.2-win.jar;C:\Users\dhiebert\.m2\repository\org\openjfx\javafx-graphics\21.0.2\javafx-graphics-21.0.2.jar;C:\Users\dhiebert\.m2\repository\org\openjfx\javafx-graphics\21.0.2\javafx-graphics-21.0.2-win.jar;C:\Users\dhiebert\.m2\repository\org\openjfx\javafx-base\21.0.2\javafx-base-21.0.2.jar;C:\Users\dhiebert\.m2\repository\org\openjfx\javafx-base\21.0.2\javafx-base-21.0.2-win.jar;C:\Users\dhiebert\.m2\repository\com\h2database\h2\2.2.224\h2-2.2.224.jar;C:\Users\dhiebert\.m2\repository\com\zaxxer\HikariCP\5.1.0\HikariCP-5.1.0.jar;C:\Users\dhiebert\.m2\repository\org\slf4j\slf4j-api\1.7.36\slf4j-api-1.7.36.jar;C:\Users\dhiebert\.m2\repository\org\hibernate\orm\hibernate-core\6.5.0.Final\hibernate-core-6.5.0.Final.jar;C:\Users\dhiebert\.m2\repository\jakarta\persistence\jakarta.persistence-api\3.1.0\jakarta.persistence-api-3.1.0.jar;C:\Users\dhiebert\.m2\repository\jakarta\transaction\jakarta.transaction-api\2.0.1\jakarta.transaction-api-2.0.1.jar;C:\Users\dhiebert\.m2\repository\org\jboss\logging\jboss-logging\3.5.0.Final\jboss-logging-3.5.0.Final.jar;C:\Users\dhiebert\.m2\repository\org\hibernate\common\hibernate-commons-annotations\6.0.6.Final\hibernate-commons-annotations-6.0.6.Final.jar;C:\Users\dhiebert\.m2\repository\io\smallrye\jandex\3.1.2\jandex-3.1.2.jar;C:\Users\dhiebert\.m2\repository\com\fasterxml\classmate\1.5.1\classmate-1.5.1.jar;C:\Users\dhiebert\.m2\repository\net\bytebuddy\byte-buddy\1.14.12\byte-buddy-1.14.12.jar;C:\Users\dhiebert\.m2\repository\jakarta\xml\bind\jakarta.xml.bind-api\4.0.0\jakarta.xml.bind-api-4.0.0.jar;C:\Users\dhiebert\.m2\repository\jakarta\activation\jakarta.activation-api\2.1.0\jakarta.activation-api-2.1.0.jar;C:\Users\dhiebert\.m2\repository\org\glassfish\jaxb\jaxb-runtime\4.0.2\jaxb-runtime-4.0.2.jar;C:\Users\dhiebert\.m2\repository\org\glassfish\jaxb\jaxb-core\4.0.2\jaxb-core-4.0.2.jar;C:\Users\dhiebert\.m2\repository\org\eclipse\angus\angus-activation\2.0.0\angus-activation-2.0.0.jar;C:\Users\dhiebert\.m2\repository\org\glassfish\jaxb\txw2\4.0.2\txw2-4.0.2.jar;C:\Users\dhiebert\.m2\repository\com\sun\istack\istack-commons-runtime\4.1.1\istack-commons-runtime-4.1.1.jar;C:\Users\dhiebert\.m2\repository\jakarta\inject\jakarta.inject-api\2.0.1\jakarta.inject-api-2.0.1.jar;C:\Users\dhiebert\.m2\repository\org\antlr\antlr4-runtime\4.13.0\antlr4-runtime-4.13.0.jar;C:\Users\dhiebert\.m2\repository\org\hibernate\validator\hibernate-validator\8.0.1.Final\hibernate-validator-8.0.1.Final.jar;C:\Users\dhiebert\.m2\repository\jakarta\validation\jakarta.validation-api\3.0.2\jakarta.validation-api-3.0.2.jar;C:\Users\dhiebert\.m2\repository\org\junit\jupiter\junit-jupiter-api\5.10.2\junit-jupiter-api-5.10.2.jar;C:\Users\dhiebert\.m2\repository\org\opentest4j\opentest4j\1.3.0\opentest4j-1.3.0.jar;C:\Users\dhiebert\.m2\repository\org\junit\platform\junit-platform-commons\1.10.2\junit-platform-commons-1.10.2.jar;C:\Users\dhiebert\.m2\repository\org\apiguardian\apiguardian-api\1.1.2\apiguardian-api-1.1.2.jar;C:\Users\dhiebert\.m2\repository\org\junit\jupiter\junit-jupiter-engine\5.10.2\junit-jupiter-engine-5.10.2.jar;C:\Users\dhiebert\.m2\repository\org\junit\platform\junit-platform-engine\1.10.2\junit-platform-engine-1.10.2.jar;C:\Users\dhiebert\.m2\repository\org\mockito\mockito-junit-jupiter\5.10.0\mockito-junit-jupiter-5.10.0.jar;C:\Users\dhiebert\.m2\repository\org\mockito\mockito-core\5.10.0\mockito-core-5.10.0.jar;C:\Users\dhiebert\.m2\repository\net\bytebuddy\byte-buddy-agent\1.14.11\byte-buddy-agent-1.14.11.jar;C:\Users\dhiebert\.m2\repository\org\objenesis\objenesis\3.3\objenesis-3.3.jar;C:\Users\dhiebert\.m2\repository\org\hibernate\orm\hibernate-hikaricp\6.5.0.Final\hibernate-hikaricp-6.5.0.Final.jar;C:\Users\dhiebert\.m2\repository\ch\qos\logback\logback-classic\1.2.11\logback-classic-1.2.11.jar;C:\Users\dhiebert\.m2\repository\ch\qos\logback\logback-core\1.2.11\logback-core-1.2.11.jar;C:\Users\dhiebert\.m2\repository\org\testfx\testfx-core\4.0.18\testfx-core-4.0.18.jar;C:\Users\dhiebert\.m2\repository\org\hamcrest\hamcrest\2.1\hamcrest-2.1.jar;C:\Users\dhiebert\.m2\repository\org\assertj\assertj-core\3.13.2\assertj-core-3.13.2.jar;C:\Users\dhiebert\.m2\repository\org\osgi\org.osgi.core\6.0.0\org.osgi.core-6.0.0.jar;C:\Users\dhiebert\.m2\repository\org\testfx\testfx-junit5\4.0.18\testfx-junit5-4.0.18.jar;C:\Users\dhiebert\.m2\repository\org\openjfx\javafx-web\17.0.2\javafx-web-17.0.2.jar;C:\Users\dhiebert\.m2\repository\org\openjfx\javafx-web\17.0.2\javafx-web-17.0.2-win.jar;C:\Users\dhiebert\.m2\repository\org\openjfx\javafx-media\17.0.2\javafx-media-17.0.2.jar;C:\Users\dhiebert\.m2\repository\org\openjfx\javafx-media\17.0.2\javafx-media-17.0.2-win.jar;C:\Users\dhiebert\.m2\repository\org\apache\pdfbox\pdfbox\2.0.27\pdfbox-2.0.27.jar;C:\Users\dhiebert\.m2\repository\org\apache\pdfbox\fontbox\2.0.27\fontbox-2.0.27.jar;C:\Users\dhiebert\.m2\repository\commons-logging\commons-logging\1.2\commons-logging-1.2.jar;C:\Users\dhiebert\.m2\repository\com\fasterxml\jackson\core\jackson-databind\2.15.0\jackson-databind-2.15.0.jar;C:\Users\dhiebert\.m2\repository\com\fasterxml\jackson\core\jackson-annotations\2.15.0\jackson-annotations-2.15.0.jar;C:\Users\dhiebert\.m2\repository\com\fasterxml\jackson\core\jackson-core\2.15.0\jackson-core-2.15.0.jar;C:\Users\dhiebert\.m2\repository\org\apache\xmlgraphics\batik-all\1.16\batik-all-1.16.jar;C:\Users\dhiebert\.m2\repository\xml-apis\xml-apis\1.4.01\xml-apis-1.4.01.jar;C:\Users\dhiebert\.m2\repository\xml-apis\xml-apis-ext\1.3.04\xml-apis-ext-1.3.04.jar;C:\Users\dhiebert\.m2\repository\org\apache\xmlgraphics\xmlgraphics-commons\2.7\xmlgraphics-commons-2.7.jar;C:\Users\dhiebert\.m2\repository\commons-io\commons-io\1.3.1\commons-io-1.3.1.jar;C:\Users\dhiebert\.m2\repository\org\jgrapht\jgrapht-core\1.5.2\jgrapht-core-1.5.2.jar;C:\Users\dhiebert\.m2\repository\org\jheaps\jheaps\0.14\jheaps-0.14.jar;C:\Users\dhiebert\.m2\repository\org\apfloat\apfloat\1.10.1\apfloat-1.10.1.jar;, jakarta.persistence.jdbc.driver=org.h2.Driver, sun.cpu.endian=little, user.home=C:\Users\dhiebert, user.language=en, java.specification.vendor=Oracle Corporation, java.version.date=2025-01-21, java.home=C:\Program Files\Eclipse Adoptium\jdk-21.0.6.7-hotspot, file.separator=\, basedir=C:\Users\dhiebert\Local Repositories\Project Management 2.0, java.vm.compressedOopsMode=Zero based, jakarta.persistence.jdbc.user=****, line.separator=
, hibernate.persistenceUnitName=frcpm, java.vm.specification.vendor=Oracle Corporation, java.specification.name=Java Platform API Specification, hibernate.transaction.coordinator_class=class org.hibernate.resource.transaction.backend.jdbc.internal.JdbcResourceLocalTransactionCoordinatorBuilderImpl, javax.persistence.jdbc.driver=org.h2.Driver, hibernate.hikari.maximumPoolSize=10, surefire.real.class.path=C:\Users\dhiebert\AppData\Local\Temp\surefire9513985487531586668\surefirebooter-20250425102356946_3.jar, hibernate.hbm2ddl.auto=update, user.script=, sun.management.compiler=HotSpot 64-Bit Tiered Compilers, java.runtime.version=21.0.6+7-LTS, user.name=dhiebert, hibernate.cache.use_query_cache=false, stdout.encoding=Cp1252, path.separator=;, hibernate.connection.username=****, os.version=10.0, java.runtime.name=OpenJDK Runtime Environment, hibernate.connection.url=jdbc:h2:file:C:\Users\dhiebert\.frcpm\frcpm, file.encoding=UTF-8, hibernate.hikari.minimumIdle=2, hibernate.hikari.idleTimeout=30000, java.vm.name=OpenJDK 64-Bit Server VM, hibernate.show_sql=false, java.vendor.version=Temurin-21.0.6+7, hibernate.hikari.poolName=FRC-PM-HikariCP, hibernate.current_session_context_class=thread, localRepository=C:\Users\dhiebert\.m2\repository, hibernate.connection.driver_class=org.h2.Driver, java.vendor.url.bug=https://github.com/adoptium/adoptium-support/issues, java.io.tmpdir=C:\Users\dhiebert\AppData\Local\Temp\, java.version=21.0.6, user.dir=C:\Users\dhiebert\Local Repositories\Project Management 2.0, os.arch=amd64, java.vm.specification.name=Java Virtual Machine Specification, hibernate.connection.password=****, sun.os.patch.level=, jakarta.persistence.jdbc.url=jdbc:h2:file:C:\Users\dhiebert\.frcpm\frcpm, hibernate.boot.CfgXmlAccessService.key=org.hibernate.boot.registry.StandardServiceRegistryBuilder$1@10b9de89, native.encoding=Cp1252, hibernate.cache.use_second_level_cache=false, java.library.path=C:\Program Files\Eclipse Adoptium\jdk-21.0.6.7-hotspot\bin;C:\WINDOWS\Sun\Java\bin;C:\WINDOWS\system32;C:\WINDOWS;C:\Program Files\apache-maven-3.9.9\bin;C:\Program Files\Eclipse Adoptium\jdk-21.0.6.7-hotspot\bin;C:\Program Files\National Instruments\Shared\OpenVINO\;C:\Program Files\Common Files\Oracle\Java\javapath;C:\WINDOWS\system32;C:\WINDOWS;C:\WINDOWS\System32\Wbem;C:\WINDOWS\System32\WindowsPowerShell\v1.0\;C:\WINDOWS\System32\OpenSSH\;C:\Program Files\dotnet\;C:\Program Files (x86)\Windows Live\Shared;C:\Program Files\Git\cmd;C:\Program Files\Common Files\Autodesk Shared\;C:\Program Files\Microsoft SQL Server\150\Tools\Binn\;C:\Program Files\nodejs\;C:\Program Files\Eclipse Adoptium\jdk-21.0.6.7-hotspot\bin;C:\Program Files\apache-maven-3.9.9\bin;%MAVEN_HOME%\bin;C:\Users\dhiebert\AppData\Local\Microsoft\WindowsApps;C:\Users\dhiebert\AppData\Local\GitHubDesktop\bin;C:\Users\dhiebert\AppData\Roaming\npm;C:\Users\dhiebert\AppData\Local\Packages\PythonSoftwareFoundation.Python.3.11_qbz5n2kfra8p0\LocalCache\local-packages\Python311\Scripts;C:\Users\dhiebert\AppData\Local\Packages\PythonSoftwareFoundation.Python.3.11_qbz5n2kfra8p0\LocalCache\local-packages\Python311\site-packages\maven;;c:\Users\Public\wpilib\2025\vscode\data\user-data\User\globalStorage\github.copilot-chat\debugCommand;c:\Users\Public\wpilib\2025\vscode\data\extensions\ms-python.debugpy-2025.4.1-win32-x64\bundled\scripts\noConfigScripts;., stderr.encoding=Cp1252, java.vendor=Eclipse Adoptium, java.vm.info=mixed mode, sharing, java.vm.version=21.0.6+7-LTS, sun.io.unicode.encoding=UnicodeLittle, javax.persistence.jdbc.password=****, java.class.version=65.0}
10:24:16.428 [main] DEBUG org.hibernate.internal.SessionFactoryImpl - Session factory constructed with filter configurations : {}
10:24:16.429 [main] DEBUG org.hibernate.validator.internal.xml.config.ValidationXmlParser - Trying to load META-INF/validation.xml for XML based Validator configuration.
10:24:16.429 [main] DEBUG org.hibernate.validator.internal.xml.config.ResourceLoaderHelper - Trying to load META-INF/validation.xml via TCCL
10:24:16.429 [main] DEBUG org.hibernate.validator.internal.xml.config.ResourceLoaderHelper - Trying to load META-INF/validation.xml via Hibernate Validator's class loader
10:24:16.430 [main] DEBUG org.hibernate.validator.internal.xml.config.ValidationXmlParser - No META-INF/validation.xml found. Using annotation based configuration only.
10:24:16.430 [main] DEBUG org.hibernate.validator.internal.engine.resolver.TraversableResolvers - Found jakarta.persistence.Persistence on classpath containing 'getPersistenceUtil'. Assuming JPA 2 environment. Trying to instantiate JPA aware TraversableResolver
10:24:16.430 [main] DEBUG org.hibernate.validator.internal.engine.resolver.TraversableResolvers - Instantiated JPA aware TraversableResolver of type org.hibernate.validator.internal.engine.resolver.JPATraversableResolver.
10:24:16.431 [main] DEBUG org.hibernate.validator.messageinterpolation.ResourceBundleMessageInterpolator - Failed to load expression factory via classloader jdk.internal.loader.ClassLoaders$AppClassLoader@70dea4e
java.lang.NoClassDefFoundError: jakarta/el/ExpressionFactory
	at org.hibernate.validator.messageinterpolation.ResourceBundleMessageInterpolator.canLoadExpressionFactory(ResourceBundleMessageInterpolator.java:228)
	at org.hibernate.validator.messageinterpolation.ResourceBundleMessageInterpolator.buildExpressionFactory(ResourceBundleMessageInterpolator.java:173)
	at org.hibernate.validator.messageinterpolation.ResourceBundleMessageInterpolator.<init>(ResourceBundleMessageInterpolator.java:97)
	at org.hibernate.validator.internal.engine.AbstractConfigurationImpl.getDefaultMessageInterpolator(AbstractConfigurationImpl.java:575)
	at org.hibernate.validator.internal.engine.AbstractConfigurationImpl.getDefaultMessageInterpolatorConfiguredWithClassLoader(AbstractConfigurationImpl.java:834)
	at org.hibernate.validator.internal.engine.AbstractConfigurationImpl.getMessageInterpolator(AbstractConfigurationImpl.java:485)
	at org.hibernate.validator.internal.engine.ValidatorFactoryImpl.<init>(ValidatorFactoryImpl.java:157)
	at org.hibernate.validator.HibernateValidator.buildValidatorFactory(HibernateValidator.java:38)
	at org.hibernate.validator.internal.engine.AbstractConfigurationImpl.buildValidatorFactory(AbstractConfigurationImpl.java:453)
	at jakarta.validation.Validation.buildDefaultValidatorFactory(Validation.java:103)
	at org.hibernate.boot.beanvalidation.TypeSafeActivator.getValidatorFactory(TypeSafeActivator.java:482)
	at org.hibernate.boot.beanvalidation.TypeSafeActivator.activate(TypeSafeActivator.java:79)
	at java.base/jdk.internal.reflect.DirectMethodHandleAccessor.invoke(DirectMethodHandleAccessor.java:103)
	at java.base/java.lang.reflect.Method.invoke(Method.java:580)
	at org.hibernate.boot.beanvalidation.BeanValidationIntegrator.integrate(BeanValidationIntegrator.java:139)
	at org.hibernate.internal.SessionFactoryImpl.integrate(SessionFactoryImpl.java:517)
	at org.hibernate.internal.SessionFactoryImpl.<init>(SessionFactoryImpl.java:276)
	at org.hibernate.boot.internal.SessionFactoryBuilderImpl.build(SessionFactoryBuilderImpl.java:457)
	at org.hibernate.jpa.boot.internal.EntityManagerFactoryBuilderImpl.build(EntityManagerFactoryBuilderImpl.java:1506)
	at org.hibernate.jpa.HibernatePersistenceProvider.createEntityManagerFactory(HibernatePersistenceProvider.java:55)
	at jakarta.persistence.Persistence.createEntityManagerFactory(Persistence.java:80)
	at org.frcpm.config.DatabaseConfig.initialize(DatabaseConfig.java:114)
	at org.frcpm.config.DatabaseConfig.initialize(DatabaseConfig.java:28)
	at org.frcpm.repositories.AttendanceRepositoryTest.setUp(AttendanceRepositoryTest.java:40)
	at java.base/jdk.internal.reflect.DirectMethodHandleAccessor.invoke(DirectMethodHandleAccessor.java:103)
	at java.base/java.lang.reflect.Method.invoke(Method.java:580)
	at org.junit.platform.commons.util.ReflectionUtils.invokeMethod(ReflectionUtils.java:728)
	at org.junit.jupiter.engine.execution.MethodInvocation.proceed(MethodInvocation.java:60)
	at org.junit.jupiter.engine.execution.InvocationInterceptorChain$ValidatingInvocation.proceed(InvocationInterceptorChain.java:131)
	at org.junit.jupiter.engine.extension.TimeoutExtension.intercept(TimeoutExtension.java:156)
	at org.junit.jupiter.engine.extension.TimeoutExtension.interceptLifecycleMethod(TimeoutExtension.java:128)
	at org.junit.jupiter.engine.extension.TimeoutExtension.interceptBeforeEachMethod(TimeoutExtension.java:78)
	at org.junit.jupiter.engine.execution.InterceptingExecutableInvoker$ReflectiveInterceptorCall.lambda$ofVoidMethod$0(InterceptingExecutableInvoker.java:103)
	at org.junit.jupiter.engine.execution.InterceptingExecutableInvoker.lambda$invoke$0(InterceptingExecutableInvoker.java:93)
	at org.junit.jupiter.engine.execution.InvocationInterceptorChain$InterceptedInvocation.proceed(InvocationInterceptorChain.java:106)
	at org.junit.jupiter.engine.execution.InvocationInterceptorChain.proceed(InvocationInterceptorChain.java:64)
	at org.junit.jupiter.engine.execution.InvocationInterceptorChain.chainAndInvoke(InvocationInterceptorChain.java:45)
	at org.junit.jupiter.engine.execution.InvocationInterceptorChain.invoke(InvocationInterceptorChain.java:37)
	at org.junit.jupiter.engine.execution.InterceptingExecutableInvoker.invoke(InterceptingExecutableInvoker.java:92)
	at org.junit.jupiter.engine.execution.InterceptingExecutableInvoker.invoke(InterceptingExecutableInvoker.java:86)
	at org.junit.jupiter.engine.descriptor.ClassBasedTestDescriptor.invokeMethodInExtensionContext(ClassBasedTestDescriptor.java:521)
	at org.junit.jupiter.engine.descriptor.ClassBasedTestDescriptor.lambda$synthesizeBeforeEachMethodAdapter$23(ClassBasedTestDescriptor.java:506)
	at org.junit.jupiter.engine.descriptor.TestMethodTestDescriptor.lambda$invokeBeforeEachMethods$3(TestMethodTestDescriptor.java:175)
	at org.junit.jupiter.engine.descriptor.TestMethodTestDescriptor.lambda$invokeBeforeMethodsOrCallbacksUntilExceptionOccurs$6(TestMethodTestDescriptor.java:203)
	at org.junit.platform.engine.support.hierarchical.ThrowableCollector.execute(ThrowableCollector.java:73)
	at org.junit.jupiter.engine.descriptor.TestMethodTestDescriptor.invokeBeforeMethodsOrCallbacksUntilExceptionOccurs(TestMethodTestDescriptor.java:203)
	at org.junit.jupiter.engine.descriptor.TestMethodTestDescriptor.invokeBeforeEachMethods(TestMethodTestDescriptor.java:172)
	at org.junit.jupiter.engine.descriptor.TestMethodTestDescriptor.execute(TestMethodTestDescriptor.java:135)
	at org.junit.jupiter.engine.descriptor.TestMethodTestDescriptor.execute(TestMethodTestDescriptor.java:69)
	at org.junit.platform.engine.support.hierarchical.NodeTestTask.lambda$executeRecursively$6(NodeTestTask.java:151)
	at org.junit.platform.engine.support.hierarchical.ThrowableCollector.execute(ThrowableCollector.java:73)
	at org.junit.platform.engine.support.hierarchical.NodeTestTask.lambda$executeRecursively$8(NodeTestTask.java:141)
	at org.junit.platform.engine.support.hierarchical.Node.around(Node.java:137)
	at org.junit.platform.engine.support.hierarchical.NodeTestTask.lambda$executeRecursively$9(NodeTestTask.java:139)
	at org.junit.platform.engine.support.hierarchical.ThrowableCollector.execute(ThrowableCollector.java:73)
	at org.junit.platform.engine.support.hierarchical.NodeTestTask.executeRecursively(NodeTestTask.java:138)
	at org.junit.platform.engine.support.hierarchical.NodeTestTask.execute(NodeTestTask.java:95)
	at java.base/java.util.ArrayList.forEach(ArrayList.java:1596)
	at org.junit.platform.engine.support.hierarchical.SameThreadHierarchicalTestExecutorService.invokeAll(SameThreadHierarchicalTestExecutorService.java:41)
	at org.junit.platform.engine.support.hierarchical.NodeTestTask.lambda$executeRecursively$6(NodeTestTask.java:155)
	at org.junit.platform.engine.support.hierarchical.ThrowableCollector.execute(ThrowableCollector.java:73)
	at org.junit.platform.engine.support.hierarchical.NodeTestTask.lambda$executeRecursively$8(NodeTestTask.java:141)
	at org.junit.platform.engine.support.hierarchical.Node.around(Node.java:137)
	at org.junit.platform.engine.support.hierarchical.NodeTestTask.lambda$executeRecursively$9(NodeTestTask.java:139)
	at org.junit.platform.engine.support.hierarchical.ThrowableCollector.execute(ThrowableCollector.java:73)
	at org.junit.platform.engine.support.hierarchical.NodeTestTask.executeRecursively(NodeTestTask.java:138)
	at org.junit.platform.engine.support.hierarchical.NodeTestTask.execute(NodeTestTask.java:95)
	at java.base/java.util.ArrayList.forEach(ArrayList.java:1596)
	at org.junit.platform.engine.support.hierarchical.SameThreadHierarchicalTestExecutorService.invokeAll(SameThreadHierarchicalTestExecutorService.java:41)
	at org.junit.platform.engine.support.hierarchical.NodeTestTask.lambda$executeRecursively$6(NodeTestTask.java:155)
	at org.junit.platform.engine.support.hierarchical.ThrowableCollector.execute(ThrowableCollector.java:73)
	at org.junit.platform.engine.support.hierarchical.NodeTestTask.lambda$executeRecursively$8(NodeTestTask.java:141)
	at org.junit.platform.engine.support.hierarchical.Node.around(Node.java:137)
	at org.junit.platform.engine.support.hierarchical.NodeTestTask.lambda$executeRecursively$9(NodeTestTask.java:139)
	at org.junit.platform.engine.support.hierarchical.ThrowableCollector.execute(ThrowableCollector.java:73)
	at org.junit.platform.engine.support.hierarchical.NodeTestTask.executeRecursively(NodeTestTask.java:138)
	at org.junit.platform.engine.support.hierarchical.NodeTestTask.execute(NodeTestTask.java:95)
	at org.junit.platform.engine.support.hierarchical.SameThreadHierarchicalTestExecutorService.submit(SameThreadHierarchicalTestExecutorService.java:35)
	at org.junit.platform.engine.support.hierarchical.HierarchicalTestExecutor.execute(HierarchicalTestExecutor.java:57)
	at org.junit.platform.engine.support.hierarchical.HierarchicalTestEngine.execute(HierarchicalTestEngine.java:54)
	at org.junit.platform.launcher.core.EngineExecutionOrchestrator.execute(EngineExecutionOrchestrator.java:198)
	at org.junit.platform.launcher.core.EngineExecutionOrchestrator.execute(EngineExecutionOrchestrator.java:169)
	at org.junit.platform.launcher.core.EngineExecutionOrchestrator.execute(EngineExecutionOrchestrator.java:93)
	at org.junit.platform.launcher.core.EngineExecutionOrchestrator.lambda$execute$0(EngineExecutionOrchestrator.java:58)
	at org.junit.platform.launcher.core.EngineExecutionOrchestrator.withInterceptedStreams(EngineExecutionOrchestrator.java:141)
	at org.junit.platform.launcher.core.EngineExecutionOrchestrator.execute(EngineExecutionOrchestrator.java:57)
	at org.junit.platform.launcher.core.DefaultLauncher.execute(DefaultLauncher.java:103)
	at org.junit.platform.launcher.core.DefaultLauncher.execute(DefaultLauncher.java:85)
	at org.junit.platform.launcher.core.DelegatingLauncher.execute(DelegatingLauncher.java:47)
	at org.apache.maven.surefire.junitplatform.LazyLauncher.execute(LazyLauncher.java:56)
	at org.apache.maven.surefire.junitplatform.JUnitPlatformProvider.execute(JUnitPlatformProvider.java:184)
	at org.apache.maven.surefire.junitplatform.JUnitPlatformProvider.invokeAllTests(JUnitPlatformProvider.java:148)
	at org.apache.maven.surefire.junitplatform.JUnitPlatformProvider.invoke(JUnitPlatformProvider.java:122)
	at org.apache.maven.surefire.booter.ForkedBooter.runSuitesInProcess(ForkedBooter.java:385)
	at org.apache.maven.surefire.booter.ForkedBooter.execute(ForkedBooter.java:162)
	at org.apache.maven.surefire.booter.ForkedBooter.run(ForkedBooter.java:507)
	at org.apache.maven.surefire.booter.ForkedBooter.main(ForkedBooter.java:495)
Caused by: java.lang.ClassNotFoundException: jakarta.el.ExpressionFactory
	... 97 common frames omitted
10:24:16.432 [main] DEBUG org.hibernate.validator.messageinterpolation.ResourceBundleMessageInterpolator - Failed to load expression factory via classloader jdk.internal.loader.ClassLoaders$AppClassLoader@70dea4e
java.lang.NoClassDefFoundError: jakarta/el/ExpressionFactory
	at org.hibernate.validator.messageinterpolation.ResourceBundleMessageInterpolator.canLoadExpressionFactory(ResourceBundleMessageInterpolator.java:228)
	at org.hibernate.validator.messageinterpolation.ResourceBundleMessageInterpolator.buildExpressionFactory(ResourceBundleMessageInterpolator.java:186)
	at org.hibernate.validator.messageinterpolation.ResourceBundleMessageInterpolator.<init>(ResourceBundleMessageInterpolator.java:97)
	at org.hibernate.validator.internal.engine.AbstractConfigurationImpl.getDefaultMessageInterpolator(AbstractConfigurationImpl.java:575)
	at org.hibernate.validator.internal.engine.AbstractConfigurationImpl.getDefaultMessageInterpolatorConfiguredWithClassLoader(AbstractConfigurationImpl.java:834)
	at org.hibernate.validator.internal.engine.AbstractConfigurationImpl.getMessageInterpolator(AbstractConfigurationImpl.java:485)
	at org.hibernate.validator.internal.engine.ValidatorFactoryImpl.<init>(ValidatorFactoryImpl.java:157)
	at org.hibernate.validator.HibernateValidator.buildValidatorFactory(HibernateValidator.java:38)
	at org.hibernate.validator.internal.engine.AbstractConfigurationImpl.buildValidatorFactory(AbstractConfigurationImpl.java:453)
	at jakarta.validation.Validation.buildDefaultValidatorFactory(Validation.java:103)
	at org.hibernate.boot.beanvalidation.TypeSafeActivator.getValidatorFactory(TypeSafeActivator.java:482)
	at org.hibernate.boot.beanvalidation.TypeSafeActivator.activate(TypeSafeActivator.java:79)
	at java.base/jdk.internal.reflect.DirectMethodHandleAccessor.invoke(DirectMethodHandleAccessor.java:103)
	at java.base/java.lang.reflect.Method.invoke(Method.java:580)
	at org.hibernate.boot.beanvalidation.BeanValidationIntegrator.integrate(BeanValidationIntegrator.java:139)
	at org.hibernate.internal.SessionFactoryImpl.integrate(SessionFactoryImpl.java:517)
	at org.hibernate.internal.SessionFactoryImpl.<init>(SessionFactoryImpl.java:276)
	at org.hibernate.boot.internal.SessionFactoryBuilderImpl.build(SessionFactoryBuilderImpl.java:457)
	at org.hibernate.jpa.boot.internal.EntityManagerFactoryBuilderImpl.build(EntityManagerFactoryBuilderImpl.java:1506)
	at org.hibernate.jpa.HibernatePersistenceProvider.createEntityManagerFactory(HibernatePersistenceProvider.java:55)
	at jakarta.persistence.Persistence.createEntityManagerFactory(Persistence.java:80)
	at org.frcpm.config.DatabaseConfig.initialize(DatabaseConfig.java:114)
	at org.frcpm.config.DatabaseConfig.initialize(DatabaseConfig.java:28)
	at org.frcpm.repositories.AttendanceRepositoryTest.setUp(AttendanceRepositoryTest.java:40)
	at java.base/jdk.internal.reflect.DirectMethodHandleAccessor.invoke(DirectMethodHandleAccessor.java:103)
	at java.base/java.lang.reflect.Method.invoke(Method.java:580)
	at org.junit.platform.commons.util.ReflectionUtils.invokeMethod(ReflectionUtils.java:728)
	at org.junit.jupiter.engine.execution.MethodInvocation.proceed(MethodInvocation.java:60)
	at org.junit.jupiter.engine.execution.InvocationInterceptorChain$ValidatingInvocation.proceed(InvocationInterceptorChain.java:131)
	at org.junit.jupiter.engine.extension.TimeoutExtension.intercept(TimeoutExtension.java:156)
	at org.junit.jupiter.engine.extension.TimeoutExtension.interceptLifecycleMethod(TimeoutExtension.java:128)
	at org.junit.jupiter.engine.extension.TimeoutExtension.interceptBeforeEachMethod(TimeoutExtension.java:78)
	at org.junit.jupiter.engine.execution.InterceptingExecutableInvoker$ReflectiveInterceptorCall.lambda$ofVoidMethod$0(InterceptingExecutableInvoker.java:103)
	at org.junit.jupiter.engine.execution.InterceptingExecutableInvoker.lambda$invoke$0(InterceptingExecutableInvoker.java:93)
	at org.junit.jupiter.engine.execution.InvocationInterceptorChain$InterceptedInvocation.proceed(InvocationInterceptorChain.java:106)
	at org.junit.jupiter.engine.execution.InvocationInterceptorChain.proceed(InvocationInterceptorChain.java:64)
	at org.junit.jupiter.engine.execution.InvocationInterceptorChain.chainAndInvoke(InvocationInterceptorChain.java:45)
	at org.junit.jupiter.engine.execution.InvocationInterceptorChain.invoke(InvocationInterceptorChain.java:37)
	at org.junit.jupiter.engine.execution.InterceptingExecutableInvoker.invoke(InterceptingExecutableInvoker.java:92)
	at org.junit.jupiter.engine.execution.InterceptingExecutableInvoker.invoke(InterceptingExecutableInvoker.java:86)
	at org.junit.jupiter.engine.descriptor.ClassBasedTestDescriptor.invokeMethodInExtensionContext(ClassBasedTestDescriptor.java:521)
	at org.junit.jupiter.engine.descriptor.ClassBasedTestDescriptor.lambda$synthesizeBeforeEachMethodAdapter$23(ClassBasedTestDescriptor.java:506)
	at org.junit.jupiter.engine.descriptor.TestMethodTestDescriptor.lambda$invokeBeforeEachMethods$3(TestMethodTestDescriptor.java:175)
	at org.junit.jupiter.engine.descriptor.TestMethodTestDescriptor.lambda$invokeBeforeMethodsOrCallbacksUntilExceptionOccurs$6(TestMethodTestDescriptor.java:203)
	at org.junit.platform.engine.support.hierarchical.ThrowableCollector.execute(ThrowableCollector.java:73)
	at org.junit.jupiter.engine.descriptor.TestMethodTestDescriptor.invokeBeforeMethodsOrCallbacksUntilExceptionOccurs(TestMethodTestDescriptor.java:203)
	at org.junit.jupiter.engine.descriptor.TestMethodTestDescriptor.invokeBeforeEachMethods(TestMethodTestDescriptor.java:172)
	at org.junit.jupiter.engine.descriptor.TestMethodTestDescriptor.execute(TestMethodTestDescriptor.java:135)
	at org.junit.jupiter.engine.descriptor.TestMethodTestDescriptor.execute(TestMethodTestDescriptor.java:69)
	at org.junit.platform.engine.support.hierarchical.NodeTestTask.lambda$executeRecursively$6(NodeTestTask.java:151)
	at org.junit.platform.engine.support.hierarchical.ThrowableCollector.execute(ThrowableCollector.java:73)
	at org.junit.platform.engine.support.hierarchical.NodeTestTask.lambda$executeRecursively$8(NodeTestTask.java:141)
	at org.junit.platform.engine.support.hierarchical.Node.around(Node.java:137)
	at org.junit.platform.engine.support.hierarchical.NodeTestTask.lambda$executeRecursively$9(NodeTestTask.java:139)
	at org.junit.platform.engine.support.hierarchical.ThrowableCollector.execute(ThrowableCollector.java:73)
	at org.junit.platform.engine.support.hierarchical.NodeTestTask.executeRecursively(NodeTestTask.java:138)
	at org.junit.platform.engine.support.hierarchical.NodeTestTask.execute(NodeTestTask.java:95)
	at java.base/java.util.ArrayList.forEach(ArrayList.java:1596)
	at org.junit.platform.engine.support.hierarchical.SameThreadHierarchicalTestExecutorService.invokeAll(SameThreadHierarchicalTestExecutorService.java:41)
	at org.junit.platform.engine.support.hierarchical.NodeTestTask.lambda$executeRecursively$6(NodeTestTask.java:155)
	at org.junit.platform.engine.support.hierarchical.ThrowableCollector.execute(ThrowableCollector.java:73)
	at org.junit.platform.engine.support.hierarchical.NodeTestTask.lambda$executeRecursively$8(NodeTestTask.java:141)
	at org.junit.platform.engine.support.hierarchical.Node.around(Node.java:137)
	at org.junit.platform.engine.support.hierarchical.NodeTestTask.lambda$executeRecursively$9(NodeTestTask.java:139)
	at org.junit.platform.engine.support.hierarchical.ThrowableCollector.execute(ThrowableCollector.java:73)
	at org.junit.platform.engine.support.hierarchical.NodeTestTask.executeRecursively(NodeTestTask.java:138)
	at org.junit.platform.engine.support.hierarchical.NodeTestTask.execute(NodeTestTask.java:95)
	at java.base/java.util.ArrayList.forEach(ArrayList.java:1596)
	at org.junit.platform.engine.support.hierarchical.SameThreadHierarchicalTestExecutorService.invokeAll(SameThreadHierarchicalTestExecutorService.java:41)
	at org.junit.platform.engine.support.hierarchical.NodeTestTask.lambda$executeRecursively$6(NodeTestTask.java:155)
	at org.junit.platform.engine.support.hierarchical.ThrowableCollector.execute(ThrowableCollector.java:73)
	at org.junit.platform.engine.support.hierarchical.NodeTestTask.lambda$executeRecursively$8(NodeTestTask.java:141)
	at org.junit.platform.engine.support.hierarchical.Node.around(Node.java:137)
	at org.junit.platform.engine.support.hierarchical.NodeTestTask.lambda$executeRecursively$9(NodeTestTask.java:139)
	at org.junit.platform.engine.support.hierarchical.ThrowableCollector.execute(ThrowableCollector.java:73)
	at org.junit.platform.engine.support.hierarchical.NodeTestTask.executeRecursively(NodeTestTask.java:138)
	at org.junit.platform.engine.support.hierarchical.NodeTestTask.execute(NodeTestTask.java:95)
	at org.junit.platform.engine.support.hierarchical.SameThreadHierarchicalTestExecutorService.submit(SameThreadHierarchicalTestExecutorService.java:35)
	at org.junit.platform.engine.support.hierarchical.HierarchicalTestExecutor.execute(HierarchicalTestExecutor.java:57)
	at org.junit.platform.engine.support.hierarchical.HierarchicalTestEngine.execute(HierarchicalTestEngine.java:54)
	at org.junit.platform.launcher.core.EngineExecutionOrchestrator.execute(EngineExecutionOrchestrator.java:198)
	at org.junit.platform.launcher.core.EngineExecutionOrchestrator.execute(EngineExecutionOrchestrator.java:169)
	at org.junit.platform.launcher.core.EngineExecutionOrchestrator.execute(EngineExecutionOrchestrator.java:93)
	at org.junit.platform.launcher.core.EngineExecutionOrchestrator.lambda$execute$0(EngineExecutionOrchestrator.java:58)
	at org.junit.platform.launcher.core.EngineExecutionOrchestrator.withInterceptedStreams(EngineExecutionOrchestrator.java:141)
	at org.junit.platform.launcher.core.EngineExecutionOrchestrator.execute(EngineExecutionOrchestrator.java:57)
	at org.junit.platform.launcher.core.DefaultLauncher.execute(DefaultLauncher.java:103)
	at org.junit.platform.launcher.core.DefaultLauncher.execute(DefaultLauncher.java:85)
	at org.junit.platform.launcher.core.DelegatingLauncher.execute(DelegatingLauncher.java:47)
	at org.apache.maven.surefire.junitplatform.LazyLauncher.execute(LazyLauncher.java:56)
	at org.apache.maven.surefire.junitplatform.JUnitPlatformProvider.execute(JUnitPlatformProvider.java:184)
	at org.apache.maven.surefire.junitplatform.JUnitPlatformProvider.invokeAllTests(JUnitPlatformProvider.java:148)
	at org.apache.maven.surefire.junitplatform.JUnitPlatformProvider.invoke(JUnitPlatformProvider.java:122)
	at org.apache.maven.surefire.booter.ForkedBooter.runSuitesInProcess(ForkedBooter.java:385)
	at org.apache.maven.surefire.booter.ForkedBooter.execute(ForkedBooter.java:162)
	at org.apache.maven.surefire.booter.ForkedBooter.run(ForkedBooter.java:507)
	at org.apache.maven.surefire.booter.ForkedBooter.main(ForkedBooter.java:495)
Caused by: java.lang.ClassNotFoundException: jakarta.el.ExpressionFactory
	... 97 common frames omitted
10:24:16.432 [main] DEBUG org.hibernate.boot.beanvalidation.TypeSafeActivator - Unable to acquire Bean Validation ValidatorFactory, skipping activation
10:24:16.433 [main] DEBUG org.hibernate.query.sqm.function.SqmFunctionRegistry - Registered SqmFunctionTemplate [NamedSqmFunctionTemplate(max)] under max; prior registration was null
10:24:16.433 [main] DEBUG org.hibernate.query.sqm.function.SqmFunctionRegistry - Registered SqmFunctionTemplate [NamedSqmFunctionTemplate(min)] under min; prior registration was null
10:24:16.433 [main] DEBUG org.hibernate.query.sqm.function.SqmFunctionRegistry - Registered SqmFunctionTemplate [NamedSqmFunctionTemplate(sum)] under sum; prior registration was null
10:24:16.433 [main] DEBUG org.hibernate.query.sqm.function.SqmFunctionRegistry - Registered SqmFunctionTemplate [NamedSqmFunctionTemplate(avg)] under avg; prior registration was null
10:24:16.433 [main] DEBUG org.hibernate.query.sqm.function.SqmFunctionRegistry - Registered SqmFunctionTemplate [org.hibernate.dialect.function.CountFunction@1bd1f19c] under count; prior registration was null
10:24:16.433 [main] DEBUG org.hibernate.query.sqm.function.SqmFunctionRegistry - Registered SqmFunctionTemplate [org.hibernate.dialect.function.EveryAnyEmulation@2aac2175] under every; prior registration was null
10:24:16.433 [main] DEBUG org.hibernate.query.sqm.function.SqmFunctionRegistry - Registered SqmFunctionTemplate [org.hibernate.dialect.function.EveryAnyEmulation@3b2be386] under any; prior registration was null
10:24:16.433 [main] DEBUG org.hibernate.query.sqm.function.SqmFunctionRegistry - Registered SqmFunctionTemplate [NamedSqmFunctionTemplate(floor)] under floor; prior registration was null
10:24:16.433 [main] DEBUG org.hibernate.query.sqm.function.SqmFunctionRegistry - Registered SqmFunctionTemplate [NamedSqmFunctionTemplate(ceiling)] under ceiling; prior registration was null
10:24:16.433 [main] DEBUG org.hibernate.query.sqm.function.SqmFunctionRegistry - Registered SqmFunctionTemplate [NamedSqmFunctionTemplate(mod)] under mod; prior registration was null
10:24:16.433 [main] DEBUG org.hibernate.query.sqm.function.SqmFunctionRegistry - Registered SqmFunctionTemplate [NamedSqmFunctionTemplate(abs)] under abs; prior registration was null
10:24:16.433 [main] DEBUG org.hibernate.query.sqm.function.SqmFunctionRegistry - Registered SqmFunctionTemplate [NamedSqmFunctionTemplate(sign)] under sign; prior registration was null
10:24:16.433 [main] DEBUG org.hibernate.query.sqm.function.SqmFunctionRegistry - Registered SqmFunctionTemplate [NamedSqmFunctionTemplate(sqrt)] under sqrt; prior registration was null
10:24:16.433 [main] DEBUG org.hibernate.query.sqm.function.SqmFunctionRegistry - Registered SqmFunctionTemplate [NamedSqmFunctionTemplate(ln)] under ln; prior registration was null
10:24:16.433 [main] DEBUG org.hibernate.query.sqm.function.SqmFunctionRegistry - Registered SqmFunctionTemplate [NamedSqmFunctionTemplate(exp)] under exp; prior registration was null
10:24:16.433 [main] DEBUG org.hibernate.query.sqm.function.SqmFunctionRegistry - Registered SqmFunctionTemplate [NamedSqmFunctionTemplate(power)] under power; prior registration was null
10:24:16.433 [main] DEBUG org.hibernate.query.sqm.function.SqmFunctionRegistry - Registered SqmFunctionTemplate [NamedSqmFunctionTemplate(round)] under round; prior registration was null
10:24:16.433 [main] DEBUG org.hibernate.query.sqm.function.SqmFunctionRegistry - Registered SqmFunctionTemplate [NamedSqmFunctionTemplate(sin)] under sin; prior registration was null
10:24:16.433 [main] DEBUG org.hibernate.query.sqm.function.SqmFunctionRegistry - Registered SqmFunctionTemplate [NamedSqmFunctionTemplate(cos)] under cos; prior registration was null
10:24:16.433 [main] DEBUG org.hibernate.query.sqm.function.SqmFunctionRegistry - Registered SqmFunctionTemplate [NamedSqmFunctionTemplate(tan)] under tan; prior registration was null
10:24:16.433 [main] DEBUG org.hibernate.query.sqm.function.SqmFunctionRegistry - Registered SqmFunctionTemplate [NamedSqmFunctionTemplate(asin)] under asin; prior registration was null
10:24:16.433 [main] DEBUG org.hibernate.query.sqm.function.SqmFunctionRegistry - Registered SqmFunctionTemplate [NamedSqmFunctionTemplate(acos)] under acos; prior registration was null
10:24:16.433 [main] DEBUG org.hibernate.query.sqm.function.SqmFunctionRegistry - Registered SqmFunctionTemplate [NamedSqmFunctionTemplate(atan)] under atan; prior registration was null
10:24:16.433 [main] DEBUG org.hibernate.query.sqm.function.SqmFunctionRegistry - Registered SqmFunctionTemplate [NamedSqmFunctionTemplate(atan2)] under atan2; prior registration was null
10:24:16.433 [main] DEBUG org.hibernate.query.sqm.function.SqmFunctionRegistry - Registered SqmFunctionTemplate [org.hibernate.query.sqm.function.PatternBasedSqmFunctionDescriptor@3ca687c8] under sinh; prior registration was null
10:24:16.433 [main] DEBUG org.hibernate.query.sqm.function.SqmFunctionRegistry - Registered SqmFunctionTemplate [org.hibernate.query.sqm.function.PatternBasedSqmFunctionDescriptor@28efdcd1] under cosh; prior registration was null
10:24:16.433 [main] DEBUG org.hibernate.query.sqm.function.SqmFunctionRegistry - Registered SqmFunctionTemplate [org.hibernate.query.sqm.function.PatternBasedSqmFunctionDescriptor@6303e730] under tanh; prior registration was null
10:24:16.433 [main] DEBUG org.hibernate.query.sqm.function.SqmFunctionRegistry - Registered SqmFunctionTemplate [org.hibernate.query.sqm.function.PatternBasedSqmFunctionDescriptor@7501f05] under pi; prior registration was null
10:24:16.433 [main] DEBUG org.hibernate.query.sqm.function.SqmFunctionRegistry - Registered SqmFunctionTemplate [org.hibernate.query.sqm.function.PatternBasedSqmFunctionDescriptor@f4050e0] under log; prior registration was null
10:24:16.433 [main] DEBUG org.hibernate.query.sqm.function.SqmFunctionRegistry - Registered SqmFunctionTemplate [NamedSqmFunctionTemplate(coalesce)] under coalesce; prior registration was null
10:24:16.433 [main] DEBUG org.hibernate.query.sqm.function.SqmFunctionRegistry - Registered SqmFunctionTemplate [NamedSqmFunctionTemplate(nullif)] under nullif; prior registration was null
10:24:16.433 [main] DEBUG org.hibernate.query.sqm.function.SqmFunctionRegistry - Registered SqmFunctionTemplate [NamedSqmFunctionTemplate(left)] under left; prior registration was null
10:24:16.433 [main] DEBUG org.hibernate.query.sqm.function.SqmFunctionRegistry - Registered SqmFunctionTemplate [NamedSqmFunctionTemplate(right)] under right; prior registration was null
10:24:16.433 [main] DEBUG org.hibernate.query.sqm.function.SqmFunctionRegistry - Registered SqmFunctionTemplate [NamedSqmFunctionTemplate(replace)] under replace; prior registration was null
10:24:16.433 [main] DEBUG org.hibernate.query.sqm.function.SqmFunctionRegistry - Registered SqmFunctionTemplate [NamedSqmFunctionTemplate(concat)] under concat; prior registration was null
10:24:16.433 [main] DEBUG org.hibernate.query.sqm.function.SqmFunctionRegistry - Registered SqmFunctionTemplate [NamedSqmFunctionTemplate(lower)] under lower; prior registration was null
10:24:16.433 [main] DEBUG org.hibernate.query.sqm.function.SqmFunctionRegistry - Registered SqmFunctionTemplate [NamedSqmFunctionTemplate(upper)] under upper; prior registration was null
10:24:16.433 [main] DEBUG org.hibernate.query.sqm.function.SqmFunctionRegistry - Registered SqmFunctionTemplate [NamedSqmFunctionTemplate(substring)] under substring; prior registration was null
10:24:16.433 [main] DEBUG org.hibernate.query.sqm.function.SqmFunctionRegistry - Registered SqmFunctionTemplate [NamedSqmFunctionTemplate(locate)] under locate; prior registration was null
10:24:16.433 [main] DEBUG org.hibernate.query.sqm.function.SqmFunctionRegistry - Registered SqmFunctionTemplate [NamedSqmFunctionTemplate(character_length)] under character_length; prior registration was null
10:24:16.433 [main] DEBUG org.hibernate.query.sqm.function.SqmFunctionRegistry - Registering alternate key : length -> character_length
10:24:16.433 [main] DEBUG org.hibernate.query.sqm.function.SqmFunctionRegistry - Registered SqmFunctionTemplate [org.hibernate.dialect.function.LocatePositionEmulation@599f0c8d] under position; prior registration was null
10:24:16.433 [main] DEBUG org.hibernate.query.sqm.function.SqmFunctionRegistry - Registered SqmFunctionTemplate [org.hibernate.dialect.function.InsertSubstringOverlayEmulation@25594ae9] under overlay; prior registration was null
10:24:16.433 [main] DEBUG org.hibernate.query.sqm.function.SqmFunctionRegistry - Registered SqmFunctionTemplate [org.hibernate.dialect.function.TrimFunction@22f6d170] under trim; prior registration was null
10:24:16.433 [main] DEBUG org.hibernate.query.sqm.function.SqmFunctionRegistry - Registered SqmFunctionTemplate [org.hibernate.dialect.function.CastFunction@2f3c429e] under cast; prior registration was null
10:24:16.433 [main] DEBUG org.hibernate.query.sqm.function.SqmFunctionRegistry - Registered SqmFunctionTemplate [org.hibernate.query.sqm.function.PatternBasedSqmFunctionDescriptor@ee6d890] under collate; prior registration was null
10:24:16.433 [main] DEBUG org.hibernate.query.sqm.function.SqmFunctionRegistry - Registered SqmFunctionTemplate [org.hibernate.dialect.function.ExtractFunction@6107d5a7] under extract; prior registration was null
10:24:16.433 [main] DEBUG org.hibernate.query.sqm.function.SqmFunctionRegistry - Registered SqmFunctionTemplate [NamedSqmFunctionTemplate(least)] under least; prior registration was null
10:24:16.433 [main] DEBUG org.hibernate.query.sqm.function.SqmFunctionRegistry - Registered SqmFunctionTemplate [NamedSqmFunctionTemplate(greatest)] under greatest; prior registration was null
10:24:16.433 [main] DEBUG org.hibernate.query.sqm.function.SqmFunctionRegistry - Registered SqmFunctionTemplate [org.hibernate.dialect.function.CoalesceIfnullEmulation@75eee5a6] under ifnull; prior registration was null
10:24:16.433 [main] DEBUG org.hibernate.query.sqm.function.SqmFunctionRegistry - Registered SqmFunctionTemplate [NamedSqmFunctionTemplate(lpad)] under lpad; prior registration was null
10:24:16.433 [main] DEBUG org.hibernate.query.sqm.function.SqmFunctionRegistry - Registered SqmFunctionTemplate [NamedSqmFunctionTemplate(rpad)] under rpad; prior registration was null
10:24:16.433 [main] DEBUG org.hibernate.query.sqm.function.SqmFunctionRegistry - Registered SqmFunctionTemplate [org.hibernate.dialect.function.LpadRpadPadEmulation@380b7137] under pad; prior registration was null
10:24:16.433 [main] DEBUG org.hibernate.query.sqm.function.SqmFunctionRegistry - Registered SqmFunctionTemplate [org.hibernate.dialect.function.CastStrEmulation@111cfe] under str; prior registration was null
10:24:16.433 [main] DEBUG org.hibernate.query.sqm.function.SqmFunctionRegistry - Registered SqmFunctionTemplate [org.hibernate.dialect.function.FormatFunction@5f644bb6] under format; prior registration was null
10:24:16.433 [main] DEBUG org.hibernate.query.sqm.function.SqmFunctionRegistry - Registered SqmFunctionTemplate [org.hibernate.dialect.function.TimestampaddFunction@5da55629] under timestampadd; prior registration was null
10:24:16.433 [main] DEBUG org.hibernate.query.sqm.function.SqmFunctionRegistry - Registered SqmFunctionTemplate [org.hibernate.dialect.function.TimestampdiffFunction@3ec41663] under timestampdiff; prior registration was null
10:24:16.433 [main] DEBUG org.hibernate.query.sqm.function.SqmFunctionRegistry - Registering alternate key : dateadd -> timestampadd
10:24:16.433 [main] DEBUG org.hibernate.query.sqm.function.SqmFunctionRegistry - Registering alternate key : datediff -> timestampdiff
10:24:16.433 [main] DEBUG org.hibernate.query.sqm.function.SqmFunctionRegistry - Registered SqmFunctionTemplate [org.hibernate.dialect.function.CurrentFunction@363a1ba9] under current_date; prior registration was null
10:24:16.433 [main] DEBUG org.hibernate.query.sqm.function.SqmFunctionRegistry - Registered SqmFunctionTemplate [org.hibernate.dialect.function.CurrentFunction@4b7ecf23] under current_time; prior registration was null
10:24:16.433 [main] DEBUG org.hibernate.query.sqm.function.SqmFunctionRegistry - Registered SqmFunctionTemplate [org.hibernate.dialect.function.CurrentFunction@3c1ddc7b] under current_timestamp; prior registration was null
10:24:16.433 [main] DEBUG org.hibernate.query.sqm.function.SqmFunctionRegistry - Registering alternate key : current date -> current_date
10:24:16.433 [main] DEBUG org.hibernate.query.sqm.function.SqmFunctionRegistry - Registering alternate key : current time -> current_time
10:24:16.433 [main] DEBUG org.hibernate.query.sqm.function.SqmFunctionRegistry - Registering alternate key : current timestamp -> current_timestamp
10:24:16.433 [main] DEBUG org.hibernate.query.sqm.function.SqmFunctionRegistry - Registered SqmFunctionTemplate [org.hibernate.dialect.function.CurrentFunction@22f4b295] under local_date; prior registration was null
10:24:16.433 [main] DEBUG org.hibernate.query.sqm.function.SqmFunctionRegistry - Registered SqmFunctionTemplate [org.hibernate.dialect.function.CurrentFunction@44750231] under local_time; prior registration was null
10:24:16.433 [main] DEBUG org.hibernate.query.sqm.function.SqmFunctionRegistry - Registered SqmFunctionTemplate [org.hibernate.dialect.function.CurrentFunction@794fda4b] under local_datetime; prior registration was null
10:24:16.433 [main] DEBUG org.hibernate.query.sqm.function.SqmFunctionRegistry - Registered SqmFunctionTemplate [org.hibernate.dialect.function.CurrentFunction@2be32f1d] under offset_datetime; prior registration was null
10:24:16.433 [main] DEBUG org.hibernate.query.sqm.function.SqmFunctionRegistry - Registering alternate key : local date -> local_date
10:24:16.433 [main] DEBUG org.hibernate.query.sqm.function.SqmFunctionRegistry - Registering alternate key : local time -> local_time
10:24:16.433 [main] DEBUG org.hibernate.query.sqm.function.SqmFunctionRegistry - Registering alternate key : local datetime -> local_datetime
10:24:16.433 [main] DEBUG org.hibernate.query.sqm.function.SqmFunctionRegistry - Registering alternate key : offset datetime -> offset_datetime
10:24:16.433 [main] DEBUG org.hibernate.query.sqm.function.SqmFunctionRegistry - Registered SqmFunctionTemplate [org.hibernate.dialect.function.CurrentFunction@2c0450ee] under instant; prior registration was null
10:24:16.433 [main] DEBUG org.hibernate.query.sqm.function.SqmFunctionRegistry - Registering alternate key : current_instant -> instant
10:24:16.433 [main] DEBUG org.hibernate.query.sqm.function.SqmFunctionRegistry - Registered SqmFunctionTemplate [org.hibernate.dialect.function.SqlFunction@408cabd5] under sql; prior registration was null
10:24:16.433 [main] DEBUG org.hibernate.query.sqm.function.SqmFunctionRegistry - Registered SqmFunctionTemplate [NamedSqmFunctionTemplate(max)] under max; prior registration was NamedSqmFunctionTemplate(max)
10:24:16.433 [main] DEBUG org.hibernate.query.sqm.function.SqmFunctionRegistry - Registered SqmFunctionTemplate [NamedSqmFunctionTemplate(min)] under min; prior registration was NamedSqmFunctionTemplate(min)
10:24:16.433 [main] DEBUG org.hibernate.query.sqm.function.SqmFunctionRegistry - Registered SqmFunctionTemplate [NamedSqmFunctionTemplate(sum)] under sum; prior registration was NamedSqmFunctionTemplate(sum)
10:24:16.433 [main] DEBUG org.hibernate.query.sqm.function.SqmFunctionRegistry - Registered SqmFunctionTemplate [NamedSqmFunctionTemplate(avg)] under avg; prior registration was NamedSqmFunctionTemplate(avg)
10:24:16.433 [main] DEBUG org.hibernate.query.sqm.function.SqmFunctionRegistry - Registered SqmFunctionTemplate [org.hibernate.dialect.function.CountFunction@4716bc0d] under count; prior registration was org.hibernate.dialect.function.CountFunction@1bd1f19c
10:24:16.433 [main] DEBUG org.hibernate.query.sqm.function.SqmFunctionRegistry - Registered SqmFunctionTemplate [org.hibernate.dialect.function.AvgFunction@75bfe835] under avg; prior registration was NamedSqmFunctionTemplate(avg)
10:24:16.433 [main] DEBUG org.hibernate.query.sqm.function.SqmFunctionRegistry - Registered SqmFunctionTemplate [NamedSqmFunctionTemplate(pi)] under pi; prior registration was org.hibernate.query.sqm.function.PatternBasedSqmFunctionDescriptor@7501f05
10:24:16.433 [main] DEBUG org.hibernate.query.sqm.function.SqmFunctionRegistry - Registered SqmFunctionTemplate [NamedSqmFunctionTemplate(cot)] under cot; prior registration was null
10:24:16.434 [main] DEBUG org.hibernate.query.sqm.function.SqmFunctionRegistry - Registered SqmFunctionTemplate [NamedSqmFunctionTemplate(radians)] under radians; prior registration was null
10:24:16.434 [main] DEBUG org.hibernate.query.sqm.function.SqmFunctionRegistry - Registered SqmFunctionTemplate [NamedSqmFunctionTemplate(degrees)] under degrees; prior registration was null
10:24:16.434 [main] DEBUG org.hibernate.query.sqm.function.SqmFunctionRegistry - Registered SqmFunctionTemplate [NamedSqmFunctionTemplate(log10)] under log10; prior registration was null
10:24:16.434 [main] DEBUG org.hibernate.query.sqm.function.SqmFunctionRegistry - Registered SqmFunctionTemplate [org.hibernate.query.sqm.function.PatternBasedSqmFunctionDescriptor@7bb2454c] under mod; prior registration was NamedSqmFunctionTemplate(mod)
10:24:16.434 [main] DEBUG org.hibernate.query.sqm.function.SqmFunctionRegistry - Registered SqmFunctionTemplate [NamedSqmFunctionTemplate(rand)] under rand; prior registration was null
10:24:16.434 [main] DEBUG org.hibernate.query.sqm.function.SqmFunctionRegistry - Registered SqmFunctionTemplate [NamedSqmFunctionTemplate(soundex)] under soundex; prior registration was null
10:24:16.434 [main] DEBUG org.hibernate.query.sqm.function.SqmFunctionRegistry - Registered SqmFunctionTemplate [NamedSqmFunctionTemplate(translate)] under translate; prior registration was null
10:24:16.434 [main] DEBUG org.hibernate.query.sqm.function.SqmFunctionRegistry - Registered SqmFunctionTemplate [NamedSqmFunctionTemplate(bitand)] under bitand; prior registration was null
10:24:16.434 [main] DEBUG org.hibernate.query.sqm.function.SqmFunctionRegistry - Registered SqmFunctionTemplate [NamedSqmFunctionTemplate(bitor)] under bitor; prior registration was null
10:24:16.434 [main] DEBUG org.hibernate.query.sqm.function.SqmFunctionRegistry - Registered SqmFunctionTemplate [NamedSqmFunctionTemplate(bitxor)] under bitxor; prior registration was null
10:24:16.434 [main] DEBUG org.hibernate.query.sqm.function.SqmFunctionRegistry - Registered SqmFunctionTemplate [NamedSqmFunctionTemplate(bitnot)] under bitnot; prior registration was null
10:24:16.434 [main] DEBUG org.hibernate.query.sqm.function.SqmFunctionRegistry - Registered SqmFunctionTemplate [NamedSqmFunctionTemplate(bit_and)] under bit_and; prior registration was null
10:24:16.434 [main] DEBUG org.hibernate.query.sqm.function.SqmFunctionRegistry - Registered SqmFunctionTemplate [NamedSqmFunctionTemplate(bit_or)] under bit_or; prior registration was null
10:24:16.434 [main] DEBUG org.hibernate.query.sqm.function.SqmFunctionRegistry - Registered SqmFunctionTemplate [NamedSqmFunctionTemplate(day)] under day; prior registration was null
10:24:16.434 [main] DEBUG org.hibernate.query.sqm.function.SqmFunctionRegistry - Registered SqmFunctionTemplate [NamedSqmFunctionTemplate(month)] under month; prior registration was null
10:24:16.434 [main] DEBUG org.hibernate.query.sqm.function.SqmFunctionRegistry - Registered SqmFunctionTemplate [NamedSqmFunctionTemplate(year)] under year; prior registration was null
10:24:16.434 [main] DEBUG org.hibernate.query.sqm.function.SqmFunctionRegistry - Registered SqmFunctionTemplate [NamedSqmFunctionTemplate(hour)] under hour; prior registration was null
10:24:16.434 [main] DEBUG org.hibernate.query.sqm.function.SqmFunctionRegistry - Registered SqmFunctionTemplate [NamedSqmFunctionTemplate(minute)] under minute; prior registration was null
10:24:16.434 [main] DEBUG org.hibernate.query.sqm.function.SqmFunctionRegistry - Registered SqmFunctionTemplate [NamedSqmFunctionTemplate(second)] under second; prior registration was null
10:24:16.434 [main] DEBUG org.hibernate.query.sqm.function.SqmFunctionRegistry - Registered SqmFunctionTemplate [NamedSqmFunctionTemplate(microsecond)] under microsecond; prior registration was null
10:24:16.434 [main] DEBUG org.hibernate.query.sqm.function.SqmFunctionRegistry - Registered SqmFunctionTemplate [NamedSqmFunctionTemplate(day_of_week)] under day_of_week; prior registration was null
10:24:16.434 [main] DEBUG org.hibernate.query.sqm.function.SqmFunctionRegistry - Registered SqmFunctionTemplate [NamedSqmFunctionTemplate(day_of_month)] under day_of_month; prior registration was null
10:24:16.434 [main] DEBUG org.hibernate.query.sqm.function.SqmFunctionRegistry - Registering alternate key : day -> day_of_month
10:24:16.434 [main] DEBUG org.hibernate.query.sqm.function.SqmFunctionRegistry - Registered SqmFunctionTemplate [NamedSqmFunctionTemplate(day_of_year)] under day_of_year; prior registration was null
10:24:16.434 [main] DEBUG org.hibernate.query.sqm.function.SqmFunctionRegistry - Registered SqmFunctionTemplate [NamedSqmFunctionTemplate(week)] under week; prior registration was null
10:24:16.434 [main] DEBUG org.hibernate.query.sqm.function.SqmFunctionRegistry - Registered SqmFunctionTemplate [NamedSqmFunctionTemplate(quarter)] under quarter; prior registration was null
10:24:16.434 [main] DEBUG org.hibernate.query.sqm.function.SqmFunctionRegistry - Registered SqmFunctionTemplate [NamedSqmFunctionTemplate(monthname)] under monthname; prior registration was null
10:24:16.434 [main] DEBUG org.hibernate.query.sqm.function.SqmFunctionRegistry - Registered SqmFunctionTemplate [NamedSqmFunctionTemplate(dayname)] under dayname; prior registration was null
10:24:16.434 [main] DEBUG org.hibernate.query.sqm.function.SqmFunctionRegistry - Registered SqmFunctionTemplate [NamedSqmFunctionTemplate(localtime)] under localtime; prior registration was null
10:24:16.434 [main] DEBUG org.hibernate.query.sqm.function.SqmFunctionRegistry - Registered SqmFunctionTemplate [NamedSqmFunctionTemplate(localtimestamp)] under localtimestamp; prior registration was null
10:24:16.434 [main] DEBUG org.hibernate.query.sqm.function.SqmFunctionRegistry - Registered SqmFunctionTemplate [NamedSqmFunctionTemplate(localtime)] under local_time; prior registration was org.hibernate.dialect.function.CurrentFunction@44750231
10:24:16.434 [main] DEBUG org.hibernate.query.sqm.function.SqmFunctionRegistry - Registered SqmFunctionTemplate [NamedSqmFunctionTemplate(localtimestamp)] under local_datetime; prior registration was org.hibernate.dialect.function.CurrentFunction@794fda4b
10:24:16.434 [main] DEBUG org.hibernate.query.sqm.function.SqmFunctionRegistry - Registered SqmFunctionTemplate [org.hibernate.dialect.function.TruncFunction@5e458bec] under trunc; prior registration was null
10:24:16.434 [main] DEBUG org.hibernate.query.sqm.function.SqmFunctionRegistry - Registering alternate key : truncate -> trunc
10:24:16.434 [main] DEBUG org.hibernate.query.sqm.function.SqmFunctionRegistry - Registered SqmFunctionTemplate [org.hibernate.query.sqm.function.PatternBasedSqmFunctionDescriptor@2c41b2fd] under date_trunc; prior registration was null
10:24:16.434 [main] DEBUG org.hibernate.query.sqm.function.SqmFunctionRegistry - Registered SqmFunctionTemplate [NamedSqmFunctionTemplate(bit_length)] under bit_length; prior registration was null
10:24:16.434 [main] DEBUG org.hibernate.query.sqm.function.SqmFunctionRegistry - Registered SqmFunctionTemplate [NamedSqmFunctionTemplate(octet_length)] under octet_length; prior registration was null
10:24:16.434 [main] DEBUG org.hibernate.query.sqm.function.SqmFunctionRegistry - Registered SqmFunctionTemplate [NamedSqmFunctionTemplate(ascii)] under ascii; prior registration was null
10:24:16.434 [main] DEBUG org.hibernate.query.sqm.function.SqmFunctionRegistry - Registered SqmFunctionTemplate [NamedSqmFunctionTemplate(octet_length)] under octet_length; prior registration was NamedSqmFunctionTemplate(octet_length)
10:24:16.434 [main] DEBUG org.hibernate.query.sqm.function.SqmFunctionRegistry - Registered SqmFunctionTemplate [NamedSqmFunctionTemplate(space)] under space; prior registration was null
10:24:16.434 [main] DEBUG org.hibernate.query.sqm.function.SqmFunctionRegistry - Registered SqmFunctionTemplate [NamedSqmFunctionTemplate(repeat)] under repeat; prior registration was null
10:24:16.434 [main] DEBUG org.hibernate.query.sqm.function.SqmFunctionRegistry - Registered SqmFunctionTemplate [NamedSqmFunctionTemplate(char)] under char; prior registration was null
10:24:16.434 [main] DEBUG org.hibernate.query.sqm.function.SqmFunctionRegistry - Registering alternate key : chr -> char
10:24:16.434 [main] DEBUG org.hibernate.query.sqm.function.SqmFunctionRegistry - Registered SqmFunctionTemplate [NamedSqmFunctionTemplate(instr)] under instr; prior registration was null
10:24:16.434 [main] DEBUG org.hibernate.query.sqm.function.SqmFunctionRegistry - Registered SqmFunctionTemplate [NamedSqmFunctionTemplate(substr)] under substr; prior registration was null
10:24:16.434 [main] DEBUG org.hibernate.query.sqm.function.SqmFunctionRegistry - Registered SqmFunctionTemplate [org.hibernate.query.sqm.function.PatternBasedSqmFunctionDescriptor@26350900] under position; prior registration was org.hibernate.dialect.function.LocatePositionEmulation@599f0c8d
10:24:16.434 [main] DEBUG org.hibernate.query.sqm.function.SqmFunctionRegistry - Registered SqmFunctionTemplate [NamedSqmFunctionTemplate(ltrim)] under ltrim; prior registration was null
10:24:16.434 [main] DEBUG org.hibernate.query.sqm.function.SqmFunctionRegistry - Registered SqmFunctionTemplate [NamedSqmFunctionTemplate(rtrim)] under rtrim; prior registration was null
10:24:16.434 [main] DEBUG org.hibernate.query.sqm.function.SqmFunctionRegistry - Registered SqmFunctionTemplate [org.hibernate.query.sqm.function.PatternBasedSqmFunctionDescriptor@4fc4a0af] under concat; prior registration was NamedSqmFunctionTemplate(concat)
10:24:16.434 [main] DEBUG org.hibernate.query.sqm.function.SqmFunctionRegistry - Registered SqmFunctionTemplate [NamedSqmFunctionTemplate(curtime)] under curtime; prior registration was null
10:24:16.434 [main] DEBUG org.hibernate.query.sqm.function.SqmFunctionRegistry - Registered SqmFunctionTemplate [NamedSqmFunctionTemplate(curdate)] under curdate; prior registration was null
10:24:16.434 [main] DEBUG org.hibernate.query.sqm.function.SqmFunctionRegistry - Registered SqmFunctionTemplate [NamedSqmFunctionTemplate(now)] under now; prior registration was null
10:24:16.434 [main] DEBUG org.hibernate.query.sqm.function.SqmFunctionRegistry - Registered SqmFunctionTemplate [NamedSqmFunctionTemplate(sysdate)] under sysdate; prior registration was null
10:24:16.434 [main] DEBUG org.hibernate.query.sqm.function.SqmFunctionRegistry - Registered SqmFunctionTemplate [NamedSqmFunctionTemplate(insert)] under insert; prior registration was null
10:24:16.434 [main] DEBUG org.hibernate.query.sqm.function.SqmFunctionRegistry - Registered SqmFunctionTemplate [NamedSqmFunctionTemplate(bool_and)] under bool_and; prior registration was null
10:24:16.434 [main] DEBUG org.hibernate.query.sqm.function.SqmFunctionRegistry - Registering alternate key : every -> bool_and
10:24:16.434 [main] DEBUG org.hibernate.query.sqm.function.SqmFunctionRegistry - Registered SqmFunctionTemplate [NamedSqmFunctionTemplate(bool_or)] under bool_or; prior registration was null
10:24:16.434 [main] DEBUG org.hibernate.query.sqm.function.SqmFunctionRegistry - Registering alternate key : any -> bool_or
10:24:16.434 [main] DEBUG org.hibernate.query.sqm.function.SqmFunctionRegistry - Registered SqmFunctionTemplate [NamedSqmFunctionTemplate(median)] under median; prior registration was null
10:24:16.434 [main] DEBUG org.hibernate.query.sqm.function.SqmFunctionRegistry - Registered SqmFunctionTemplate [NamedSqmFunctionTemplate(stddev_pop)] under stddev_pop; prior registration was null
10:24:16.434 [main] DEBUG org.hibernate.query.sqm.function.SqmFunctionRegistry - Registered SqmFunctionTemplate [NamedSqmFunctionTemplate(stddev_samp)] under stddev_samp; prior registration was null
10:24:16.434 [main] DEBUG org.hibernate.query.sqm.function.SqmFunctionRegistry - Registered SqmFunctionTemplate [NamedSqmFunctionTemplate(var_pop)] under var_pop; prior registration was null
10:24:16.434 [main] DEBUG org.hibernate.query.sqm.function.SqmFunctionRegistry - Registered SqmFunctionTemplate [NamedSqmFunctionTemplate(var_samp)] under var_samp; prior registration was null
10:24:16.434 [main] DEBUG org.hibernate.query.sqm.function.SqmFunctionRegistry - Registered SqmFunctionTemplate [org.hibernate.dialect.function.FormatFunction@3d2c4850] under format; prior registration was org.hibernate.dialect.function.FormatFunction@5f644bb6
10:24:16.434 [main] DEBUG org.hibernate.query.sqm.function.SqmFunctionRegistry - Registered SqmFunctionTemplate [NamedSqmFunctionTemplate(rownum)] under rownum; prior registration was null
10:24:16.434 [main] DEBUG org.hibernate.query.sqm.function.SqmFunctionRegistry - Registered SqmFunctionTemplate [NamedSqmFunctionTemplate(row_number)] under row_number; prior registration was null
10:24:16.434 [main] DEBUG org.hibernate.query.sqm.function.SqmFunctionRegistry - Registered SqmFunctionTemplate [NamedSqmFunctionTemplate(lag)] under lag; prior registration was null
10:24:16.434 [main] DEBUG org.hibernate.query.sqm.function.SqmFunctionRegistry - Registered SqmFunctionTemplate [NamedSqmFunctionTemplate(lead)] under lead; prior registration was null
10:24:16.434 [main] DEBUG org.hibernate.query.sqm.function.SqmFunctionRegistry - Registered SqmFunctionTemplate [NamedSqmFunctionTemplate(first_value)] under first_value; prior registration was null
10:24:16.434 [main] DEBUG org.hibernate.query.sqm.function.SqmFunctionRegistry - Registered SqmFunctionTemplate [NamedSqmFunctionTemplate(last_value)] under last_value; prior registration was null
10:24:16.434 [main] DEBUG org.hibernate.query.sqm.function.SqmFunctionRegistry - Registered SqmFunctionTemplate [NamedSqmFunctionTemplate(nth_value)] under nth_value; prior registration was null
10:24:16.434 [main] DEBUG org.hibernate.query.sqm.function.SqmFunctionRegistry - Registered SqmFunctionTemplate [org.hibernate.dialect.function.ListaggFunction@1cdbc352] under listagg; prior registration was null
10:24:16.434 [main] DEBUG org.hibernate.query.sqm.function.SqmFunctionRegistry - Registered SqmFunctionTemplate [org.hibernate.dialect.function.InverseDistributionFunction@12a8b4c0] under mode; prior registration was null
10:24:16.434 [main] DEBUG org.hibernate.query.sqm.function.SqmFunctionRegistry - Registered SqmFunctionTemplate [org.hibernate.dialect.function.InverseDistributionFunction@7883afe2] under percentile_cont; prior registration was null
10:24:16.434 [main] DEBUG org.hibernate.query.sqm.function.SqmFunctionRegistry - Registered SqmFunctionTemplate [org.hibernate.dialect.function.InverseDistributionFunction@27b2166a] under percentile_disc; prior registration was null
10:24:16.434 [main] DEBUG org.hibernate.query.sqm.function.SqmFunctionRegistry - Registered SqmFunctionTemplate [org.hibernate.dialect.function.HypotheticalSetFunction@65b1909d] under rank; prior registration was null
10:24:16.434 [main] DEBUG org.hibernate.query.sqm.function.SqmFunctionRegistry - Registered SqmFunctionTemplate [org.hibernate.dialect.function.HypotheticalSetFunction@32e8265f] under dense_rank; prior registration was null
10:24:16.434 [main] DEBUG org.hibernate.query.sqm.function.SqmFunctionRegistry - Registered SqmFunctionTemplate [org.hibernate.dialect.function.HypotheticalSetFunction@57f1635f] under percent_rank; prior registration was null
10:24:16.434 [main] DEBUG org.hibernate.query.sqm.function.SqmFunctionRegistry - Registered SqmFunctionTemplate [org.hibernate.dialect.function.HypotheticalSetFunction@60c73e8d] under cume_dist; prior registration was null
10:24:16.434 [main] DEBUG org.hibernate.query.sqm.function.SqmFunctionRegistry - Registered SqmFunctionTemplate [org.hibernate.dialect.function.array.ArrayConstructorFunction@91b6f70] under array; prior registration was null
10:24:16.434 [main] DEBUG org.hibernate.query.sqm.function.SqmFunctionRegistry - Registered SqmFunctionTemplate [org.hibernate.dialect.function.array.ArrayConstructorFunction@7ab26ad2] under array_list; prior registration was null
10:24:16.434 [main] DEBUG org.hibernate.query.sqm.function.SqmFunctionRegistry - Registered SqmFunctionTemplate [org.hibernate.dialect.function.array.ArrayAggFunction@26051540] under array_agg; prior registration was null
10:24:16.434 [main] DEBUG org.hibernate.query.sqm.function.SqmFunctionRegistry - Registered SqmFunctionTemplate [org.hibernate.dialect.function.array.H2ArrayPositionFunction@7fef745b] under array_position; prior registration was null
10:24:16.434 [main] DEBUG org.hibernate.query.sqm.function.SqmFunctionRegistry - Registered SqmFunctionTemplate [org.hibernate.dialect.function.array.H2ArrayPositionsFunction@4450ffba] under array_positions; prior registration was null
10:24:16.434 [main] DEBUG org.hibernate.query.sqm.function.SqmFunctionRegistry - Registered SqmFunctionTemplate [org.hibernate.dialect.function.array.H2ArrayPositionsFunction@4e38a5cc] under array_positions_list; prior registration was null
10:24:16.434 [main] DEBUG org.hibernate.query.sqm.function.SqmFunctionRegistry - Registered SqmFunctionTemplate [org.hibernate.query.sqm.function.PatternBasedSqmFunctionDescriptor@c86fc1e] under array_length; prior registration was null
10:24:16.434 [main] DEBUG org.hibernate.query.sqm.function.SqmFunctionRegistry - Registered SqmFunctionTemplate [org.hibernate.dialect.function.array.ArrayConcatFunction@4f686f1b] under array_concat; prior registration was null
10:24:16.434 [main] DEBUG org.hibernate.query.sqm.function.SqmFunctionRegistry - Registered SqmFunctionTemplate [org.hibernate.dialect.function.array.ArrayConcatElementFunction@f3219e6] under array_prepend; prior registration was null
10:24:16.434 [main] DEBUG org.hibernate.query.sqm.function.SqmFunctionRegistry - Registered SqmFunctionTemplate [org.hibernate.dialect.function.array.ArrayConcatElementFunction@4afdb09] under array_append; prior registration was null
10:24:16.434 [main] DEBUG org.hibernate.query.sqm.function.SqmFunctionRegistry - Registered SqmFunctionTemplate [org.hibernate.dialect.function.array.H2ArrayContainsFunction@3f72b18e] under array_contains; prior registration was null
10:24:16.434 [main] DEBUG org.hibernate.query.sqm.function.SqmFunctionRegistry - Registered SqmFunctionTemplate [org.hibernate.dialect.function.array.H2ArrayContainsFunction@33ee01cc] under array_contains_nullable; prior registration was null
10:24:16.434 [main] DEBUG org.hibernate.query.sqm.function.SqmFunctionRegistry - Registered SqmFunctionTemplate [org.hibernate.dialect.function.array.H2ArrayOverlapsFunction@2c0cd37e] under array_overlaps; prior registration was null
10:24:16.434 [main] DEBUG org.hibernate.query.sqm.function.SqmFunctionRegistry - Registered SqmFunctionTemplate [org.hibernate.dialect.function.array.H2ArrayOverlapsFunction@56013265] under array_overlaps_nullable; prior registration was null
10:24:16.434 [main] DEBUG org.hibernate.query.sqm.function.SqmFunctionRegistry - Registered SqmFunctionTemplate [org.hibernate.query.sqm.function.PatternBasedSqmFunctionDescriptor@7cd507ea] under array_get; prior registration was null
10:24:16.434 [main] DEBUG org.hibernate.query.sqm.function.SqmFunctionRegistry - Registered SqmFunctionTemplate [org.hibernate.dialect.function.array.H2ArraySetFunction@3f7689dd] under array_set; prior registration was null
10:24:16.434 [main] DEBUG org.hibernate.query.sqm.function.SqmFunctionRegistry - Registered SqmFunctionTemplate [org.hibernate.dialect.function.array.H2ArrayRemoveFunction@75ab3a6e] under array_remove; prior registration was null
10:24:16.434 [main] DEBUG org.hibernate.query.sqm.function.SqmFunctionRegistry - Registered SqmFunctionTemplate [org.hibernate.dialect.function.array.H2ArrayRemoveIndexFunction@2a66bca4] under array_remove_index; prior registration was null
10:24:16.434 [main] DEBUG org.hibernate.query.sqm.function.SqmFunctionRegistry - Registered SqmFunctionTemplate [org.hibernate.query.sqm.function.PatternBasedSqmFunctionDescriptor@7e580455] under array_slice; prior registration was null
10:24:16.434 [main] DEBUG org.hibernate.query.sqm.function.SqmFunctionRegistry - Registered SqmFunctionTemplate [org.hibernate.dialect.function.array.H2ArrayReplaceFunction@75eb4222] under array_replace; prior registration was null
10:24:16.434 [main] DEBUG org.hibernate.query.sqm.function.SqmFunctionRegistry - Registered SqmFunctionTemplate [org.hibernate.query.sqm.function.PatternBasedSqmFunctionDescriptor@59bf7ebb] under array_trim; prior registration was null
10:24:16.434 [main] DEBUG org.hibernate.query.sqm.function.SqmFunctionRegistry - Registered SqmFunctionTemplate [org.hibernate.dialect.function.array.H2ArrayFillFunction@46236ab4] under array_fill; prior registration was null
10:24:16.434 [main] DEBUG org.hibernate.query.sqm.function.SqmFunctionRegistry - Registered SqmFunctionTemplate [org.hibernate.dialect.function.array.H2ArrayFillFunction@7867b489] under array_fill_list; prior registration was null
10:24:16.434 [main] DEBUG org.hibernate.query.sqm.function.SqmFunctionRegistry - Registered SqmFunctionTemplate [org.hibernate.dialect.function.array.H2ArrayToStringFunction@57b213f5] under array_to_string; prior registration was null
10:24:16.434 [main] DEBUG org.hibernate.HQL_FUNCTIONS - abs(NUMERIC arg)
10:24:16.434 [main] DEBUG org.hibernate.HQL_FUNCTIONS - Double acos(NUMERIC arg)
10:24:16.434 [main] DEBUG org.hibernate.HQL_FUNCTIONS - Boolean any(BOOLEAN predicate)
10:24:16.434 [main] DEBUG org.hibernate.HQL_FUNCTIONS - array( ... )
10:24:16.434 [main] DEBUG org.hibernate.HQL_FUNCTIONS - array_agg(arg)
10:24:16.434 [main] DEBUG org.hibernate.HQL_FUNCTIONS - array_append( ... )
10:24:16.434 [main] DEBUG org.hibernate.HQL_FUNCTIONS - array_concat( ... )
10:24:16.434 [main] DEBUG org.hibernate.HQL_FUNCTIONS - Boolean array_contains(ARRAY haystackArray, OBJECT needleElementOrArray)
10:24:16.434 [main] DEBUG org.hibernate.HQL_FUNCTIONS - Boolean array_contains_nullable(ARRAY haystackArray, OBJECT needleElementOrArray)
10:24:16.434 [main] DEBUG org.hibernate.HQL_FUNCTIONS - array_fill(OBJECT element, INTEGER elementCount)
10:24:16.434 [main] DEBUG org.hibernate.HQL_FUNCTIONS - array_fill_list(OBJECT element, INTEGER elementCount)
10:24:16.434 [main] DEBUG org.hibernate.HQL_FUNCTIONS - array_get(ARRAY array, INTEGER index)
10:24:16.434 [main] DEBUG org.hibernate.HQL_FUNCTIONS - Integer array_length(ARRAY array)
10:24:16.434 [main] DEBUG org.hibernate.HQL_FUNCTIONS - array_list( ... )
10:24:16.434 [main] DEBUG org.hibernate.HQL_FUNCTIONS - Boolean array_overlaps(ARRAY array0, OBJECT array1)
10:24:16.434 [main] DEBUG org.hibernate.HQL_FUNCTIONS - Boolean array_overlaps_nullable(ARRAY array0, OBJECT array1)
10:24:16.434 [main] DEBUG org.hibernate.HQL_FUNCTIONS - Integer array_position(ARRAY array, OBJECT element[, INTEGER startPosition])
10:24:16.434 [main] DEBUG org.hibernate.HQL_FUNCTIONS - int[] array_positions(ARRAY array, OBJECT element)
10:24:16.434 [main] DEBUG org.hibernate.HQL_FUNCTIONS - List array_positions_list(ARRAY array, OBJECT element)
10:24:16.434 [main] DEBUG org.hibernate.HQL_FUNCTIONS - array_prepend( ... )
10:24:16.434 [main] DEBUG org.hibernate.HQL_FUNCTIONS - array_remove( ... )
10:24:16.434 [main] DEBUG org.hibernate.HQL_FUNCTIONS - array_remove_index( ... )
10:24:16.434 [main] DEBUG org.hibernate.HQL_FUNCTIONS - array_replace( ... )
10:24:16.434 [main] DEBUG org.hibernate.HQL_FUNCTIONS - array_set( ... )
10:24:16.434 [main] DEBUG org.hibernate.HQL_FUNCTIONS - array_slice(ARRAY array, INTEGER start, INTEGER end)
10:24:16.434 [main] DEBUG org.hibernate.HQL_FUNCTIONS - String array_to_string( ... )
10:24:16.434 [main] DEBUG org.hibernate.HQL_FUNCTIONS - array_trim(ARRAY array, INTEGER elementsToRemove)
10:24:16.434 [main] DEBUG org.hibernate.HQL_FUNCTIONS - Integer ascii(STRING arg)
10:24:16.434 [main] DEBUG org.hibernate.HQL_FUNCTIONS - Double asin(NUMERIC arg)
10:24:16.434 [main] DEBUG org.hibernate.HQL_FUNCTIONS - Double atan(NUMERIC arg)
10:24:16.434 [main] DEBUG org.hibernate.HQL_FUNCTIONS - Double atan2(NUMERIC arg0, NUMERIC arg1)
10:24:16.434 [main] DEBUG org.hibernate.HQL_FUNCTIONS - avg(NUMERIC arg)
10:24:16.434 [main] DEBUG org.hibernate.HQL_FUNCTIONS - bit_and(arg)
10:24:16.434 [main] DEBUG org.hibernate.HQL_FUNCTIONS - Integer bit_length(STRING_OR_CLOB arg)
10:24:16.434 [main] DEBUG org.hibernate.HQL_FUNCTIONS - bit_or(arg)
10:24:16.434 [main] DEBUG org.hibernate.HQL_FUNCTIONS - bitand(arg0, arg1)
10:24:16.434 [main] DEBUG org.hibernate.HQL_FUNCTIONS - bitnot(arg)
10:24:16.434 [main] DEBUG org.hibernate.HQL_FUNCTIONS - bitor(arg0, arg1)
10:24:16.434 [main] DEBUG org.hibernate.HQL_FUNCTIONS - bitxor(arg0, arg1)
10:24:16.434 [main] DEBUG org.hibernate.HQL_FUNCTIONS - Boolean bool_and(BOOLEAN predicate)
10:24:16.434 [main] DEBUG org.hibernate.HQL_FUNCTIONS - Boolean bool_or(BOOLEAN predicate)
10:24:16.434 [main] DEBUG org.hibernate.HQL_FUNCTIONS - cast(arg as Type)
10:24:16.434 [main] DEBUG org.hibernate.HQL_FUNCTIONS - ceiling(NUMERIC arg)
10:24:16.434 [main] DEBUG org.hibernate.HQL_FUNCTIONS - Character char(INTEGER arg)
10:24:16.434 [main] DEBUG org.hibernate.HQL_FUNCTIONS - Integer character_length(STRING_OR_CLOB arg)
10:24:16.434 [main] DEBUG org.hibernate.HQL_FUNCTIONS - Character chr(INTEGER arg)
10:24:16.434 [main] DEBUG org.hibernate.HQL_FUNCTIONS - coalesce(arg0[, arg1[, ...]])
10:24:16.434 [main] DEBUG org.hibernate.HQL_FUNCTIONS - String collate(STRING string as COLLATION collation)
10:24:16.434 [main] DEBUG org.hibernate.HQL_FUNCTIONS - String concat(STRING string0[, STRING string1[, ...]])
10:24:16.434 [main] DEBUG org.hibernate.HQL_FUNCTIONS - Double cos(NUMERIC arg)
10:24:16.434 [main] DEBUG org.hibernate.HQL_FUNCTIONS - Double cosh(NUMERIC arg)
10:24:16.434 [main] DEBUG org.hibernate.HQL_FUNCTIONS - Double cot(NUMERIC arg)
10:24:16.434 [main] DEBUG org.hibernate.HQL_FUNCTIONS - Long count([distinct ]{arg|*})
10:24:16.434 [main] DEBUG org.hibernate.HQL_FUNCTIONS - Double cume_dist([arg0[, ...]])
10:24:16.434 [main] DEBUG org.hibernate.HQL_FUNCTIONS - Date curdate()
10:24:16.434 [main] DEBUG org.hibernate.HQL_FUNCTIONS - Date current date
10:24:16.434 [main] DEBUG org.hibernate.HQL_FUNCTIONS - Time current time
10:24:16.434 [main] DEBUG org.hibernate.HQL_FUNCTIONS - Timestamp current timestamp
10:24:16.434 [main] DEBUG org.hibernate.HQL_FUNCTIONS - Date current_date
10:24:16.434 [main] DEBUG org.hibernate.HQL_FUNCTIONS - Instant current_instant
10:24:16.434 [main] DEBUG org.hibernate.HQL_FUNCTIONS - Time current_time
10:24:16.434 [main] DEBUG org.hibernate.HQL_FUNCTIONS - Timestamp current_timestamp
10:24:16.434 [main] DEBUG org.hibernate.HQL_FUNCTIONS - Time curtime()
10:24:16.434 [main] DEBUG org.hibernate.HQL_FUNCTIONS - date_trunc(STRING field, TEMPORAL datetime)
10:24:16.434 [main] DEBUG org.hibernate.HQL_FUNCTIONS - dateadd(TEMPORAL_UNIT field, INTEGER magnitude, TEMPORAL datetime)
10:24:16.434 [main] DEBUG org.hibernate.HQL_FUNCTIONS - Long|Double datediff(TEMPORAL_UNIT field, TEMPORAL start, TEMPORAL end)
10:24:16.434 [main] DEBUG org.hibernate.HQL_FUNCTIONS - Integer day(DATE arg)
10:24:16.434 [main] DEBUG org.hibernate.HQL_FUNCTIONS - Integer day_of_month(DATE arg)
10:24:16.434 [main] DEBUG org.hibernate.HQL_FUNCTIONS - Integer day_of_week(DATE arg)
10:24:16.434 [main] DEBUG org.hibernate.HQL_FUNCTIONS - Integer day_of_year(DATE arg)
10:24:16.434 [main] DEBUG org.hibernate.HQL_FUNCTIONS - String dayname(DATE arg)
10:24:16.434 [main] DEBUG org.hibernate.HQL_FUNCTIONS - Double degrees(NUMERIC arg)
10:24:16.434 [main] DEBUG org.hibernate.HQL_FUNCTIONS - Long dense_rank([arg0[, ...]])
10:24:16.434 [main] DEBUG org.hibernate.HQL_FUNCTIONS - Boolean every(BOOLEAN predicate)
10:24:16.434 [main] DEBUG org.hibernate.HQL_FUNCTIONS - Double exp(NUMERIC arg)
10:24:16.434 [main] DEBUG org.hibernate.HQL_FUNCTIONS - extract(TEMPORAL_UNIT field from TEMPORAL arg)
10:24:16.434 [main] DEBUG org.hibernate.HQL_FUNCTIONS - first_valueANY value
10:24:16.434 [main] DEBUG org.hibernate.HQL_FUNCTIONS - floor(NUMERIC arg)
10:24:16.434 [main] DEBUG org.hibernate.HQL_FUNCTIONS - String format(TEMPORAL datetime as STRING pattern)
10:24:16.434 [main] DEBUG org.hibernate.HQL_FUNCTIONS - greatest(COMPARABLE arg0, COMPARABLE arg1[, arg2[, ...]])
10:24:16.434 [main] DEBUG org.hibernate.HQL_FUNCTIONS - Integer hour(TIME arg)
10:24:16.434 [main] DEBUG org.hibernate.HQL_FUNCTIONS - ifnull(arg0, arg1)
10:24:16.434 [main] DEBUG org.hibernate.HQL_FUNCTIONS - String insert(STRING string, INTEGER start, INTEGER length, STRING replacement)
10:24:16.434 [main] DEBUG org.hibernate.HQL_FUNCTIONS - Instant instant
10:24:16.434 [main] DEBUG org.hibernate.HQL_FUNCTIONS - Integer instr(STRING string, STRING pattern[, INTEGER start[, INTEGER occurrence]])
10:24:16.434 [main] DEBUG org.hibernate.HQL_FUNCTIONS - lagANY value[, INTEGER offset[, ANY default]]
10:24:16.434 [main] DEBUG org.hibernate.HQL_FUNCTIONS - last_valueANY value
10:24:16.434 [main] DEBUG org.hibernate.HQL_FUNCTIONS - leadANY value[, INTEGER offset[, ANY default]]
10:24:16.434 [main] DEBUG org.hibernate.HQL_FUNCTIONS - least(COMPARABLE arg0, COMPARABLE arg1[, arg2[, ...]])
10:24:16.434 [main] DEBUG org.hibernate.HQL_FUNCTIONS - String left(STRING string, INTEGER length)
10:24:16.434 [main] DEBUG org.hibernate.HQL_FUNCTIONS - Integer length(STRING_OR_CLOB arg)
10:24:16.434 [main] DEBUG org.hibernate.HQL_FUNCTIONS - String listagg(STRING arg0, STRING arg1)
10:24:16.434 [main] DEBUG org.hibernate.HQL_FUNCTIONS - Double ln(NUMERIC arg)
10:24:16.434 [main] DEBUG org.hibernate.HQL_FUNCTIONS - LocalDate local date
10:24:16.434 [main] DEBUG org.hibernate.HQL_FUNCTIONS - LocalDateTime local datetime
10:24:16.434 [main] DEBUG org.hibernate.HQL_FUNCTIONS - LocalTime local time
10:24:16.434 [main] DEBUG org.hibernate.HQL_FUNCTIONS - LocalDate local_date
10:24:16.434 [main] DEBUG org.hibernate.HQL_FUNCTIONS - LocalDateTime local_datetime
10:24:16.434 [main] DEBUG org.hibernate.HQL_FUNCTIONS - LocalTime local_time
10:24:16.434 [main] DEBUG org.hibernate.HQL_FUNCTIONS - Time localtime
10:24:16.434 [main] DEBUG org.hibernate.HQL_FUNCTIONS - Timestamp localtimestamp
10:24:16.434 [main] DEBUG org.hibernate.HQL_FUNCTIONS - Integer locate(STRING pattern, STRING string[, INTEGER start])
10:24:16.434 [main] DEBUG org.hibernate.HQL_FUNCTIONS - Double log(NUMERIC base, NUMERIC arg)
10:24:16.434 [main] DEBUG org.hibernate.HQL_FUNCTIONS - Double log10(NUMERIC arg)
10:24:16.434 [main] DEBUG org.hibernate.HQL_FUNCTIONS - String lower(STRING string)
10:24:16.434 [main] DEBUG org.hibernate.HQL_FUNCTIONS - String lpad(STRING string, INTEGER length[, STRING padding])
10:24:16.434 [main] DEBUG org.hibernate.HQL_FUNCTIONS - String ltrim(STRING string)
10:24:16.434 [main] DEBUG org.hibernate.HQL_FUNCTIONS - max(COMPARABLE arg)
10:24:16.434 [main] DEBUG org.hibernate.HQL_FUNCTIONS - Double median(NUMERIC arg)
10:24:16.434 [main] DEBUG org.hibernate.HQL_FUNCTIONS - Integer microsecond(TIME arg)
10:24:16.434 [main] DEBUG org.hibernate.HQL_FUNCTIONS - min(COMPARABLE arg)
10:24:16.434 [main] DEBUG org.hibernate.HQL_FUNCTIONS - Integer minute(TIME arg)
10:24:16.434 [main] DEBUG org.hibernate.HQL_FUNCTIONS - Integer mod(INTEGER arg0, INTEGER arg1)
10:24:16.434 [main] DEBUG org.hibernate.HQL_FUNCTIONS - mode()
10:24:16.434 [main] DEBUG org.hibernate.HQL_FUNCTIONS - Integer month(DATE arg)
10:24:16.434 [main] DEBUG org.hibernate.HQL_FUNCTIONS - String monthname(DATE arg)
10:24:16.434 [main] DEBUG org.hibernate.HQL_FUNCTIONS - Timestamp now()
10:24:16.434 [main] DEBUG org.hibernate.HQL_FUNCTIONS - nth_valueANY value, INTEGER nth
10:24:16.434 [main] DEBUG org.hibernate.HQL_FUNCTIONS - nullif(arg0, arg1)
10:24:16.434 [main] DEBUG org.hibernate.HQL_FUNCTIONS - Integer octet_length(STRING_OR_CLOB arg)
10:24:16.434 [main] DEBUG org.hibernate.HQL_FUNCTIONS - OffsetDateTime offset datetime
10:24:16.434 [main] DEBUG org.hibernate.HQL_FUNCTIONS - OffsetDateTime offset_datetime
10:24:16.434 [main] DEBUG org.hibernate.HQL_FUNCTIONS - String overlay(STRING string placing STRING replacement from INTEGER start[ for INTEGER length])
10:24:16.434 [main] DEBUG org.hibernate.HQL_FUNCTIONS - String pad(STRING string with INTEGER length {leading|trailing}[ STRING character])
10:24:16.434 [main] DEBUG org.hibernate.HQL_FUNCTIONS - Double percent_rank([arg0[, ...]])
10:24:16.434 [main] DEBUG org.hibernate.HQL_FUNCTIONS - percentile_cont(NUMERIC arg)
10:24:16.434 [main] DEBUG org.hibernate.HQL_FUNCTIONS - percentile_disc(NUMERIC arg)
10:24:16.434 [main] DEBUG org.hibernate.HQL_FUNCTIONS - Double pi
10:24:16.434 [main] DEBUG org.hibernate.HQL_FUNCTIONS - Integer position(STRING pattern in STRING string)
10:24:16.434 [main] DEBUG org.hibernate.HQL_FUNCTIONS - Double power(NUMERIC arg0, NUMERIC arg1)
10:24:16.434 [main] DEBUG org.hibernate.HQL_FUNCTIONS - Integer quarter(DATE arg)
10:24:16.434 [main] DEBUG org.hibernate.HQL_FUNCTIONS - Double radians(NUMERIC arg)
10:24:16.434 [main] DEBUG org.hibernate.HQL_FUNCTIONS - Double rand([INTEGER seed])
10:24:16.434 [main] DEBUG org.hibernate.HQL_FUNCTIONS - Long rank([arg0[, ...]])
10:24:16.434 [main] DEBUG org.hibernate.HQL_FUNCTIONS - String repeat(STRING string, INTEGER times)
10:24:16.434 [main] DEBUG org.hibernate.HQL_FUNCTIONS - String replace(STRING string, STRING pattern, STRING replacement)
10:24:16.434 [main] DEBUG org.hibernate.HQL_FUNCTIONS - String right(STRING string, INTEGER length)
10:24:16.434 [main] DEBUG org.hibernate.HQL_FUNCTIONS - round(NUMERIC number[, INTEGER places])
10:24:16.434 [main] DEBUG org.hibernate.HQL_FUNCTIONS - Long row_number()
10:24:16.434 [main] DEBUG org.hibernate.HQL_FUNCTIONS - Long rownum()
10:24:16.434 [main] DEBUG org.hibernate.HQL_FUNCTIONS - String rpad(STRING string, INTEGER length[, STRING padding])
10:24:16.434 [main] DEBUG org.hibernate.HQL_FUNCTIONS - String rtrim(STRING string)
10:24:16.434 [main] DEBUG org.hibernate.HQL_FUNCTIONS - Integer second(TIME arg)
10:24:16.434 [main] DEBUG org.hibernate.HQL_FUNCTIONS - Integer sign(NUMERIC arg)
10:24:16.434 [main] DEBUG org.hibernate.HQL_FUNCTIONS - Double sin(NUMERIC arg)
10:24:16.434 [main] DEBUG org.hibernate.HQL_FUNCTIONS - Double sinh(NUMERIC arg)
10:24:16.434 [main] DEBUG org.hibernate.HQL_FUNCTIONS - String soundex(arg)
10:24:16.434 [main] DEBUG org.hibernate.HQL_FUNCTIONS - String space(INTEGER arg)
10:24:16.434 [main] DEBUG org.hibernate.HQL_FUNCTIONS - Object sql
10:24:16.434 [main] DEBUG org.hibernate.HQL_FUNCTIONS - Double sqrt(NUMERIC arg)
10:24:16.434 [main] DEBUG org.hibernate.HQL_FUNCTIONS - Double stddev_pop(NUMERIC arg)
10:24:16.434 [main] DEBUG org.hibernate.HQL_FUNCTIONS - Double stddev_samp(NUMERIC arg)
10:24:16.434 [main] DEBUG org.hibernate.HQL_FUNCTIONS - String str(arg)
10:24:16.434 [main] DEBUG org.hibernate.HQL_FUNCTIONS - String substr(STRING string, INTEGER start[, INTEGER length])
10:24:16.434 [main] DEBUG org.hibernate.HQL_FUNCTIONS - String substring(STRING string{ from|,} INTEGER start[{ for|,} INTEGER length])
10:24:16.434 [main] DEBUG org.hibernate.HQL_FUNCTIONS - sum(arg)
10:24:16.434 [main] DEBUG org.hibernate.HQL_FUNCTIONS - Timestamp sysdate
10:24:16.434 [main] DEBUG org.hibernate.HQL_FUNCTIONS - Double tan(NUMERIC arg)
10:24:16.434 [main] DEBUG org.hibernate.HQL_FUNCTIONS - Double tanh(NUMERIC arg)
10:24:16.434 [main] DEBUG org.hibernate.HQL_FUNCTIONS - timestampadd(TEMPORAL_UNIT field, INTEGER magnitude, TEMPORAL datetime)
10:24:16.434 [main] DEBUG org.hibernate.HQL_FUNCTIONS - Long|Double timestampdiff(TEMPORAL_UNIT field, TEMPORAL start, TEMPORAL end)
10:24:16.434 [main] DEBUG org.hibernate.HQL_FUNCTIONS - String translate(STRING arg0, STRING arg1, STRING arg2)
10:24:16.434 [main] DEBUG org.hibernate.HQL_FUNCTIONS - String trim([[{leading|trailing|both} ][STRING arg0 ]from] STRING arg1)
10:24:16.434 [main] DEBUG org.hibernate.HQL_FUNCTIONS - trunc( ... )
10:24:16.434 [main] DEBUG org.hibernate.HQL_FUNCTIONS - truncate( ... )
10:24:16.434 [main] DEBUG org.hibernate.HQL_FUNCTIONS - String upper(STRING string)
10:24:16.434 [main] DEBUG org.hibernate.HQL_FUNCTIONS - Double var_pop(NUMERIC arg)
10:24:16.434 [main] DEBUG org.hibernate.HQL_FUNCTIONS - Double var_samp(NUMERIC arg)
10:24:16.434 [main] DEBUG org.hibernate.HQL_FUNCTIONS - Integer week(DATE arg)
10:24:16.434 [main] DEBUG org.hibernate.HQL_FUNCTIONS - Integer year(DATE arg)
10:24:16.435 [main] DEBUG org.hibernate.orm.query.plan.cache - Starting QueryInterpretationCache(2048)
10:24:16.435 [main] DEBUG org.hibernate.service.internal.SessionFactoryServiceRegistryImpl - EventListenerRegistry access via ServiceRegistry is deprecated.  Use `sessionFactory.getEventEngine().getListenerRegistry()` instead
10:24:16.435 [main] DEBUG org.hibernate.event.internal.EntityCopyObserverFactoryInitiator - Configured EntityCopyObserver strategy: disallow
10:24:16.435 [main] DEBUG org.hibernate.boot.internal.ClassLoaderAccessImpl - Not known whether passed class name [org.frcpm.models.Attendance] is safe
10:24:16.435 [main] DEBUG org.hibernate.boot.internal.ClassLoaderAccessImpl - No temp ClassLoader provided; using live ClassLoader for loading potentially unsafe class : org.frcpm.models.Attendance
10:24:16.439 [main] DEBUG org.hibernate.bytecode.internal.bytebuddy.BytecodeProviderImpl - HHH000513: Unable to create the ReflectionOptimizer for [org.frcpm.models.Attendance]: private accessor [arrivalTime]
10:24:16.440 [main] DEBUG org.hibernate.boot.internal.ClassLoaderAccessImpl - Not known whether passed class name [org.frcpm.models.Meeting] is safe
10:24:16.440 [main] DEBUG org.hibernate.boot.internal.ClassLoaderAccessImpl - No temp ClassLoader provided; using live ClassLoader for loading potentially unsafe class : org.frcpm.models.Meeting
10:24:16.443 [main] DEBUG org.hibernate.bytecode.internal.bytebuddy.BytecodeProviderImpl - HHH000513: Unable to create the ReflectionOptimizer for [org.frcpm.models.Meeting]: private accessor [attendances]
10:24:16.443 [main] DEBUG org.hibernate.boot.internal.ClassLoaderAccessImpl - Not known whether passed class name [org.frcpm.models.Subsystem] is safe
10:24:16.443 [main] DEBUG org.hibernate.boot.internal.ClassLoaderAccessImpl - No temp ClassLoader provided; using live ClassLoader for loading potentially unsafe class : org.frcpm.models.Subsystem
10:24:16.446 [main] DEBUG org.hibernate.bytecode.internal.bytebuddy.BytecodeProviderImpl - HHH000513: Unable to create the ReflectionOptimizer for [org.frcpm.models.Subsystem]: private accessor [description]
10:24:16.447 [main] DEBUG org.hibernate.boot.internal.ClassLoaderAccessImpl - Not known whether passed class name [org.frcpm.models.Component] is safe
10:24:16.447 [main] DEBUG org.hibernate.boot.internal.ClassLoaderAccessImpl - No temp ClassLoader provided; using live ClassLoader for loading potentially unsafe class : org.frcpm.models.Component
10:24:16.452 [main] DEBUG org.hibernate.bytecode.internal.bytebuddy.BytecodeProviderImpl - HHH000513: Unable to create the ReflectionOptimizer for [org.frcpm.models.Component]: private accessor [actualDelivery]
10:24:16.452 [main] DEBUG org.hibernate.boot.internal.ClassLoaderAccessImpl - Not known whether passed class name [org.frcpm.models.Milestone] is safe
10:24:16.452 [main] DEBUG org.hibernate.boot.internal.ClassLoaderAccessImpl - No temp ClassLoader provided; using live ClassLoader for loading potentially unsafe class : org.frcpm.models.Milestone
10:24:16.456 [main] DEBUG org.hibernate.bytecode.internal.bytebuddy.BytecodeProviderImpl - HHH000513: Unable to create the ReflectionOptimizer for [org.frcpm.models.Milestone]: private accessor [date]
10:24:16.456 [main] DEBUG org.hibernate.boot.internal.ClassLoaderAccessImpl - Not known whether passed class name [org.frcpm.models.Project] is safe
10:24:16.456 [main] DEBUG org.hibernate.boot.internal.ClassLoaderAccessImpl - No temp ClassLoader provided; using live ClassLoader for loading potentially unsafe class : org.frcpm.models.Project
10:24:16.459 [main] DEBUG org.hibernate.bytecode.internal.bytebuddy.BytecodeProviderImpl - HHH000513: Unable to create the ReflectionOptimizer for [org.frcpm.models.Project]: private accessor [description]
10:24:16.459 [main] DEBUG org.hibernate.boot.internal.ClassLoaderAccessImpl - Not known whether passed class name [org.frcpm.models.Subteam] is safe
10:24:16.459 [main] DEBUG org.hibernate.boot.internal.ClassLoaderAccessImpl - No temp ClassLoader provided; using live ClassLoader for loading potentially unsafe class : org.frcpm.models.Subteam
10:24:16.466 [main] DEBUG org.hibernate.bytecode.internal.bytebuddy.BytecodeProviderImpl - HHH000513: Unable to create the ReflectionOptimizer for [org.frcpm.models.Subteam]: private accessor [colorCode]
10:24:16.466 [main] DEBUG org.hibernate.boot.internal.ClassLoaderAccessImpl - Not known whether passed class name [org.frcpm.models.Task] is safe
10:24:16.466 [main] DEBUG org.hibernate.boot.internal.ClassLoaderAccessImpl - No temp ClassLoader provided; using live ClassLoader for loading potentially unsafe class : org.frcpm.models.Task
10:24:16.475 [main] DEBUG org.hibernate.bytecode.internal.bytebuddy.BytecodeProviderImpl - HHH000513: Unable to create the ReflectionOptimizer for [org.frcpm.models.Task]: private accessor [actualDurationSeconds]
10:24:16.475 [main] DEBUG org.hibernate.boot.internal.ClassLoaderAccessImpl - Not known whether passed class name [org.frcpm.models.TeamMember] is safe
10:24:16.475 [main] DEBUG org.hibernate.boot.internal.ClassLoaderAccessImpl - No temp ClassLoader provided; using live ClassLoader for loading potentially unsafe class : org.frcpm.models.TeamMember
10:24:16.483 [main] DEBUG org.hibernate.bytecode.internal.bytebuddy.BytecodeProviderImpl - HHH000513: Unable to create the ReflectionOptimizer for [org.frcpm.models.TeamMember]: private accessor [assignedTasks]
10:24:16.485 [main] DEBUG org.hibernate.orm.jdbc.mutation - Skipping collection row updates - org.frcpm.models.Task.assignedTo
10:24:16.485 [main] DEBUG org.hibernate.orm.jdbc.mutation - Skipping collection (re)creation - org.frcpm.models.Subsystem.tasks
10:24:16.485 [main] DEBUG org.hibernate.orm.jdbc.mutation - Skipping collection row deletions - org.frcpm.models.Subsystem.tasks
10:24:16.485 [main] DEBUG org.hibernate.orm.jdbc.mutation - Skipping collection removals - org.frcpm.models.Subsystem.tasks
10:24:16.485 [main] DEBUG org.hibernate.orm.jdbc.mutation - Skipping collection (re)creation - org.frcpm.models.Subteam.members
10:24:16.485 [main] DEBUG org.hibernate.orm.jdbc.mutation - Skipping collection row deletions - org.frcpm.models.Subteam.members
10:24:16.485 [main] DEBUG org.hibernate.orm.jdbc.mutation - Skipping collection removals - org.frcpm.models.Subteam.members
10:24:16.485 [main] DEBUG org.hibernate.orm.jdbc.mutation - Skipping collection (re)creation - org.frcpm.models.TeamMember.attendances
10:24:16.485 [main] DEBUG org.hibernate.orm.jdbc.mutation - Skipping collection row deletions - org.frcpm.models.TeamMember.attendances
10:24:16.485 [main] DEBUG org.hibernate.orm.jdbc.mutation - Skipping collection removals - org.frcpm.models.TeamMember.attendances
10:24:16.485 [main] DEBUG org.hibernate.orm.jdbc.mutation - Skipping collection row updates - org.frcpm.models.Task.requiredComponents
10:24:16.485 [main] DEBUG org.hibernate.orm.jdbc.mutation - Skipping collection (re)creation - org.frcpm.models.Subteam.subsystems
10:24:16.485 [main] DEBUG org.hibernate.orm.jdbc.mutation - Skipping collection row deletions - org.frcpm.models.Subteam.subsystems
10:24:16.485 [main] DEBUG org.hibernate.orm.jdbc.mutation - Skipping collection removals - org.frcpm.models.Subteam.subsystems
10:24:16.485 [main] DEBUG org.hibernate.orm.jdbc.mutation - Skipping collection row updates - org.frcpm.models.Task.preDependencies
10:24:16.485 [main] DEBUG org.hibernate.orm.jdbc.mutation - Skipping collection (re)creation - org.frcpm.models.Project.milestones
10:24:16.485 [main] DEBUG org.hibernate.orm.jdbc.mutation - Skipping collection row deletions - org.frcpm.models.Project.milestones
10:24:16.485 [main] DEBUG org.hibernate.orm.jdbc.mutation - Skipping collection removals - org.frcpm.models.Project.milestones
10:24:16.485 [main] DEBUG org.hibernate.orm.jdbc.mutation - Skipping collection inserts - org.frcpm.models.Component.requiredForTasks
10:24:16.485 [main] DEBUG org.hibernate.orm.jdbc.mutation - Skipping collection row updates - org.frcpm.models.Component.requiredForTasks
10:24:16.485 [main] DEBUG org.hibernate.orm.jdbc.mutation - Skipping collection row deletions - org.frcpm.models.Component.requiredForTasks
10:24:16.485 [main] DEBUG org.hibernate.orm.jdbc.mutation - Skipping collection removals - org.frcpm.models.Component.requiredForTasks
10:24:16.485 [main] DEBUG org.hibernate.orm.jdbc.mutation - Skipping collection (re)creation - org.frcpm.models.Project.meetings
10:24:16.485 [main] DEBUG org.hibernate.orm.jdbc.mutation - Skipping collection row deletions - org.frcpm.models.Project.meetings
10:24:16.485 [main] DEBUG org.hibernate.orm.jdbc.mutation - Skipping collection removals - org.frcpm.models.Project.meetings
10:24:16.485 [main] DEBUG org.hibernate.orm.jdbc.mutation - Skipping collection inserts - org.frcpm.models.TeamMember.assignedTasks
10:24:16.485 [main] DEBUG org.hibernate.orm.jdbc.mutation - Skipping collection row updates - org.frcpm.models.TeamMember.assignedTasks
10:24:16.485 [main] DEBUG org.hibernate.orm.jdbc.mutation - Skipping collection row deletions - org.frcpm.models.TeamMember.assignedTasks
10:24:16.485 [main] DEBUG org.hibernate.orm.jdbc.mutation - Skipping collection removals - org.frcpm.models.TeamMember.assignedTasks
10:24:16.485 [main] DEBUG org.hibernate.orm.jdbc.mutation - Skipping collection (re)creation - org.frcpm.models.Meeting.attendances
10:24:16.485 [main] DEBUG org.hibernate.orm.jdbc.mutation - Skipping collection row deletions - org.frcpm.models.Meeting.attendances
10:24:16.485 [main] DEBUG org.hibernate.orm.jdbc.mutation - Skipping collection removals - org.frcpm.models.Meeting.attendances
10:24:16.485 [main] DEBUG org.hibernate.orm.jdbc.mutation - Skipping collection inserts - org.frcpm.models.Task.postDependencies
10:24:16.485 [main] DEBUG org.hibernate.orm.jdbc.mutation - Skipping collection row updates - org.frcpm.models.Task.postDependencies
10:24:16.485 [main] DEBUG org.hibernate.orm.jdbc.mutation - Skipping collection row deletions - org.frcpm.models.Task.postDependencies
10:24:16.485 [main] DEBUG org.hibernate.orm.jdbc.mutation - Skipping collection removals - org.frcpm.models.Task.postDependencies
10:24:16.485 [main] DEBUG org.hibernate.orm.jdbc.mutation - Skipping collection (re)creation - org.frcpm.models.Project.tasks
10:24:16.485 [main] DEBUG org.hibernate.orm.jdbc.mutation - Skipping collection row deletions - org.frcpm.models.Project.tasks
10:24:16.485 [main] DEBUG org.hibernate.orm.jdbc.mutation - Skipping collection removals - org.frcpm.models.Project.tasks
10:24:16.488 [main] DEBUG org.hibernate.orm.model.mapping.creation - Starting post-init callbacks
10:24:16.489 [main] DEBUG org.hibernate.orm.model.mapping.creation - Starting PostInitCallbackEntry : To-one key - NavigableRole[org.frcpm.models.Attendance.meeting]
10:24:16.489 [main] DEBUG org.hibernate.orm.model.mapping.creation - Starting PostInitCallbackEntry : To-one key - NavigableRole[org.frcpm.models.Attendance.member]
10:24:16.489 [main] DEBUG org.hibernate.orm.model.mapping.creation - Starting PostInitCallbackEntry : Entity(org.frcpm.models.Attendance) `staticFetchableList` generator
10:24:16.489 [main] DEBUG org.hibernate.orm.model.mapping.creation - Starting PostInitCallbackEntry : PluralAttributeMapping( NavigableRole[org.frcpm.models.Meeting.attendances#{element}]) - element descriptor
10:24:16.489 [main] DEBUG org.hibernate.orm.model.mapping.creation - Starting PostInitCallbackEntry : PluralAttributeMapping(org.frcpm.models.Meeting.attendances)#finishInitialization
10:24:16.489 [main] DEBUG org.hibernate.orm.model.mapping.creation - Starting PostInitCallbackEntry : PluralAttributeMapping(org.frcpm.models.Meeting.attendances) - key descriptor
10:24:16.489 [main] DEBUG org.hibernate.orm.model.mapping.creation - Starting PostInitCallbackEntry : To-one key - NavigableRole[org.frcpm.models.Meeting.project]
10:24:16.489 [main] DEBUG org.hibernate.orm.model.mapping.creation - Starting PostInitCallbackEntry : Entity(org.frcpm.models.Meeting) `staticFetchableList` generator
10:24:16.489 [main] DEBUG org.hibernate.orm.model.mapping.creation - Starting PostInitCallbackEntry : To-one key - NavigableRole[org.frcpm.models.Subsystem.responsibleSubteam]
10:24:16.489 [main] DEBUG org.hibernate.orm.model.mapping.creation - Starting PostInitCallbackEntry : PluralAttributeMapping( NavigableRole[org.frcpm.models.Subsystem.tasks#{element}]) - element descriptor
10:24:16.489 [main] DEBUG org.hibernate.orm.model.mapping.creation - Starting PostInitCallbackEntry : PluralAttributeMapping(org.frcpm.models.Subsystem.tasks)#finishInitialization
10:24:16.489 [main] DEBUG org.hibernate.orm.model.mapping.creation - Starting PostInitCallbackEntry : PluralAttributeMapping(org.frcpm.models.Subsystem.tasks) - key descriptor
10:24:16.489 [main] DEBUG org.hibernate.orm.model.mapping.creation - Starting PostInitCallbackEntry : Entity(org.frcpm.models.Subsystem) `staticFetchableList` generator
10:24:16.489 [main] DEBUG org.hibernate.orm.model.mapping.creation - Starting PostInitCallbackEntry : PluralAttributeMapping( NavigableRole[org.frcpm.models.Component.requiredForTasks#{element}]) - element descriptor
10:24:16.489 [main] DEBUG org.hibernate.orm.model.mapping.creation - Starting PostInitCallbackEntry : PluralAttributeMapping(org.frcpm.models.Component.requiredForTasks)#finishInitialization
10:24:16.489 [main] DEBUG org.hibernate.orm.model.mapping.creation - Starting PostInitCallbackEntry : PluralAttributeMapping(org.frcpm.models.Component.requiredForTasks) - key descriptor
10:24:16.489 [main] DEBUG org.hibernate.orm.model.mapping.creation - Starting PostInitCallbackEntry : Entity(org.frcpm.models.Component) `staticFetchableList` generator
10:24:16.489 [main] DEBUG org.hibernate.orm.model.mapping.creation - Starting PostInitCallbackEntry : To-one key - NavigableRole[org.frcpm.models.Milestone.project]
10:24:16.489 [main] DEBUG org.hibernate.orm.model.mapping.creation - Starting PostInitCallbackEntry : Entity(org.frcpm.models.Milestone) `staticFetchableList` generator
10:24:16.489 [main] DEBUG org.hibernate.orm.model.mapping.creation - Starting PostInitCallbackEntry : PluralAttributeMapping( NavigableRole[org.frcpm.models.Project.meetings#{element}]) - element descriptor
10:24:16.489 [main] DEBUG org.hibernate.orm.model.mapping.creation - Starting PostInitCallbackEntry : PluralAttributeMapping(org.frcpm.models.Project.meetings)#finishInitialization
10:24:16.489 [main] DEBUG org.hibernate.orm.model.mapping.creation - Starting PostInitCallbackEntry : PluralAttributeMapping(org.frcpm.models.Project.meetings) - key descriptor
10:24:16.489 [main] DEBUG org.hibernate.orm.model.mapping.creation - Starting PostInitCallbackEntry : PluralAttributeMapping( NavigableRole[org.frcpm.models.Project.milestones#{element}]) - element descriptor
10:24:16.489 [main] DEBUG org.hibernate.orm.model.mapping.creation - Starting PostInitCallbackEntry : PluralAttributeMapping(org.frcpm.models.Project.milestones)#finishInitialization
10:24:16.489 [main] DEBUG org.hibernate.orm.model.mapping.creation - Starting PostInitCallbackEntry : PluralAttributeMapping(org.frcpm.models.Project.milestones) - key descriptor
10:24:16.489 [main] DEBUG org.hibernate.orm.model.mapping.creation - Starting PostInitCallbackEntry : PluralAttributeMapping( NavigableRole[org.frcpm.models.Project.tasks#{element}]) - element descriptor
10:24:16.489 [main] DEBUG org.hibernate.orm.model.mapping.creation - Starting PostInitCallbackEntry : PluralAttributeMapping(org.frcpm.models.Project.tasks)#finishInitialization
10:24:16.489 [main] DEBUG org.hibernate.orm.model.mapping.creation - Starting PostInitCallbackEntry : PluralAttributeMapping(org.frcpm.models.Project.tasks) - key descriptor
10:24:16.489 [main] DEBUG org.hibernate.orm.model.mapping.creation - Starting PostInitCallbackEntry : Entity(org.frcpm.models.Project) `staticFetchableList` generator
10:24:16.489 [main] DEBUG org.hibernate.orm.model.mapping.creation - Starting PostInitCallbackEntry : PluralAttributeMapping( NavigableRole[org.frcpm.models.Subteam.members#{element}]) - element descriptor
10:24:16.489 [main] DEBUG org.hibernate.orm.model.mapping.creation - Starting PostInitCallbackEntry : PluralAttributeMapping(org.frcpm.models.Subteam.members)#finishInitialization
10:24:16.489 [main] DEBUG org.hibernate.orm.model.mapping.creation - Starting PostInitCallbackEntry : PluralAttributeMapping(org.frcpm.models.Subteam.members) - key descriptor
10:24:16.489 [main] DEBUG org.hibernate.orm.model.mapping.creation - Starting PostInitCallbackEntry : PluralAttributeMapping( NavigableRole[org.frcpm.models.Subteam.subsystems#{element}]) - element descriptor
10:24:16.489 [main] DEBUG org.hibernate.orm.model.mapping.creation - Starting PostInitCallbackEntry : PluralAttributeMapping(org.frcpm.models.Subteam.subsystems)#finishInitialization
10:24:16.489 [main] DEBUG org.hibernate.orm.model.mapping.creation - Starting PostInitCallbackEntry : PluralAttributeMapping(org.frcpm.models.Subteam.subsystems) - key descriptor
10:24:16.489 [main] DEBUG org.hibernate.orm.model.mapping.creation - Starting PostInitCallbackEntry : Entity(org.frcpm.models.Subteam) `staticFetchableList` generator
10:24:16.489 [main] DEBUG org.hibernate.orm.model.mapping.creation - Starting PostInitCallbackEntry : PluralAttributeMapping( NavigableRole[org.frcpm.models.Task.assignedTo#{element}]) - element descriptor
10:24:16.489 [main] DEBUG org.hibernate.orm.model.mapping.creation - Starting PostInitCallbackEntry : PluralAttributeMapping(org.frcpm.models.Task.assignedTo)#finishInitialization
10:24:16.489 [main] DEBUG org.hibernate.orm.model.mapping.creation - Starting PostInitCallbackEntry : PluralAttributeMapping(org.frcpm.models.Task.assignedTo) - key descriptor
10:24:16.489 [main] DEBUG org.hibernate.orm.model.mapping.creation - Starting PostInitCallbackEntry : PluralAttributeMapping( NavigableRole[org.frcpm.models.Task.postDependencies#{element}]) - element descriptor
10:24:16.489 [main] DEBUG org.hibernate.orm.model.mapping.creation - Starting PostInitCallbackEntry : PluralAttributeMapping(org.frcpm.models.Task.postDependencies)#finishInitialization
10:24:16.489 [main] DEBUG org.hibernate.orm.model.mapping.creation - Starting PostInitCallbackEntry : PluralAttributeMapping(org.frcpm.models.Task.postDependencies) - key descriptor
10:24:16.489 [main] DEBUG org.hibernate.orm.model.mapping.creation - Starting PostInitCallbackEntry : PluralAttributeMapping( NavigableRole[org.frcpm.models.Task.preDependencies#{element}]) - element descriptor
10:24:16.489 [main] DEBUG org.hibernate.orm.model.mapping.creation - Starting PostInitCallbackEntry : PluralAttributeMapping(org.frcpm.models.Task.preDependencies)#finishInitialization
10:24:16.489 [main] DEBUG org.hibernate.orm.model.mapping.creation - Starting PostInitCallbackEntry : PluralAttributeMapping(org.frcpm.models.Task.preDependencies) - key descriptor
10:24:16.489 [main] DEBUG org.hibernate.orm.model.mapping.creation - Starting PostInitCallbackEntry : To-one key - NavigableRole[org.frcpm.models.Task.project]
10:24:16.489 [main] DEBUG org.hibernate.orm.model.mapping.creation - Starting PostInitCallbackEntry : PluralAttributeMapping( NavigableRole[org.frcpm.models.Task.requiredComponents#{element}]) - element descriptor
10:24:16.489 [main] DEBUG org.hibernate.orm.model.mapping.creation - Starting PostInitCallbackEntry : PluralAttributeMapping(org.frcpm.models.Task.requiredComponents)#finishInitialization
10:24:16.489 [main] DEBUG org.hibernate.orm.model.mapping.creation - Starting PostInitCallbackEntry : PluralAttributeMapping(org.frcpm.models.Task.requiredComponents) - key descriptor
10:24:16.489 [main] DEBUG org.hibernate.orm.model.mapping.creation - Starting PostInitCallbackEntry : To-one key - NavigableRole[org.frcpm.models.Task.subsystem]
10:24:16.489 [main] DEBUG org.hibernate.orm.model.mapping.creation - Starting PostInitCallbackEntry : Entity(org.frcpm.models.Task) `staticFetchableList` generator
10:24:16.489 [main] DEBUG org.hibernate.orm.model.mapping.creation - Starting PostInitCallbackEntry : PluralAttributeMapping( NavigableRole[org.frcpm.models.TeamMember.assignedTasks#{element}]) - element descriptor
10:24:16.489 [main] DEBUG org.hibernate.orm.model.mapping.creation - Starting PostInitCallbackEntry : PluralAttributeMapping(org.frcpm.models.TeamMember.assignedTasks)#finishInitialization
10:24:16.489 [main] DEBUG org.hibernate.orm.model.mapping.creation - Starting PostInitCallbackEntry : PluralAttributeMapping(org.frcpm.models.TeamMember.assignedTasks) - key descriptor
10:24:16.489 [main] DEBUG org.hibernate.orm.model.mapping.creation - Starting PostInitCallbackEntry : PluralAttributeMapping( NavigableRole[org.frcpm.models.TeamMember.attendances#{element}]) - element descriptor
10:24:16.489 [main] DEBUG org.hibernate.orm.model.mapping.creation - Starting PostInitCallbackEntry : PluralAttributeMapping(org.frcpm.models.TeamMember.attendances)#finishInitialization
10:24:16.489 [main] DEBUG org.hibernate.orm.model.mapping.creation - Starting PostInitCallbackEntry : PluralAttributeMapping(org.frcpm.models.TeamMember.attendances) - key descriptor
10:24:16.489 [main] DEBUG org.hibernate.orm.model.mapping.creation - Starting PostInitCallbackEntry : To-one key - NavigableRole[org.frcpm.models.TeamMember.subteam]
10:24:16.489 [main] DEBUG org.hibernate.orm.model.mapping.creation - Starting PostInitCallbackEntry : Entity(org.frcpm.models.TeamMember) `staticFetchableList` generator
10:24:16.489 [main] DEBUG org.hibernate.orm.model.mapping.creation - Starting PostInitCallbackEntry : PluralAttributeMapping( NavigableRole[org.frcpm.models.Meeting.attendances#{element}]) - element descriptor
10:24:16.489 [main] DEBUG org.hibernate.orm.model.mapping.creation - Starting PostInitCallbackEntry : PluralAttributeMapping( NavigableRole[org.frcpm.models.Subsystem.tasks#{element}]) - element descriptor
10:24:16.489 [main] DEBUG org.hibernate.orm.model.mapping.creation - Starting PostInitCallbackEntry : PluralAttributeMapping( NavigableRole[org.frcpm.models.Component.requiredForTasks#{element}]) - element descriptor
10:24:16.489 [main] DEBUG org.hibernate.orm.model.mapping.creation - Starting PostInitCallbackEntry : PluralAttributeMapping( NavigableRole[org.frcpm.models.Project.meetings#{element}]) - element descriptor
10:24:16.489 [main] DEBUG org.hibernate.orm.model.mapping.creation - Starting PostInitCallbackEntry : PluralAttributeMapping( NavigableRole[org.frcpm.models.Project.milestones#{element}]) - element descriptor
10:24:16.489 [main] DEBUG org.hibernate.orm.model.mapping.creation - Starting PostInitCallbackEntry : PluralAttributeMapping( NavigableRole[org.frcpm.models.Project.tasks#{element}]) - element descriptor
10:24:16.489 [main] DEBUG org.hibernate.orm.model.mapping.creation - Starting PostInitCallbackEntry : PluralAttributeMapping( NavigableRole[org.frcpm.models.Subteam.members#{element}]) - element descriptor
10:24:16.489 [main] DEBUG org.hibernate.orm.model.mapping.creation - Starting PostInitCallbackEntry : PluralAttributeMapping( NavigableRole[org.frcpm.models.Subteam.subsystems#{element}]) - element descriptor
10:24:16.489 [main] DEBUG org.hibernate.orm.model.mapping.creation - Starting PostInitCallbackEntry : PluralAttributeMapping( NavigableRole[org.frcpm.models.Task.postDependencies#{element}]) - element descriptor
10:24:16.489 [main] DEBUG org.hibernate.orm.model.mapping.creation - Starting PostInitCallbackEntry : PluralAttributeMapping( NavigableRole[org.frcpm.models.TeamMember.attendances#{element}]) - element descriptor
10:24:16.492 [main] DEBUG org.hibernate.orm.sql.ast.create - Created new SQL alias : a1_0
10:24:16.492 [main] DEBUG org.hibernate.orm.sql.ast.create - Registration of TableGroup [StandardTableGroup(org.frcpm.models.Attendance)] with identifierForTableGroup [org.frcpm.models.Attendance] for NavigablePath [org.frcpm.models.Attendance] 
10:24:16.492 [main] DEBUG org.hibernate.orm.sql.ast.create - Registration of TableGroup [org.hibernate.sql.ast.tree.from.LazyTableGroup@54a6188a] with identifierForTableGroup [org.frcpm.models.Attendance.meeting] for NavigablePath [org.frcpm.models.Attendance.meeting] 
10:24:16.492 [main] DEBUG org.hibernate.orm.sql.ast.create - Registration of TableGroup [org.hibernate.sql.ast.tree.from.LazyTableGroup@7c6117e9] with identifierForTableGroup [org.frcpm.models.Attendance.member] for NavigablePath [org.frcpm.models.Attendance.member] 
10:24:16.492 [main] DEBUG org.hibernate.orm.results.graph.AST - DomainResult Graph:
 \-EntityResultImpl [org.frcpm.models.Attendance]
 |  +-BasicFetch [org.frcpm.models.Attendance.arrivalTime]
 |  +-BasicFetch [org.frcpm.models.Attendance.departureTime]
 |  +-EntityDelayedFetchImpl [org.frcpm.models.Attendance.meeting]
 |  +-EntityDelayedFetchImpl [org.frcpm.models.Attendance.member]
 |  \-BasicFetch [org.frcpm.models.Attendance.present]

10:24:16.492 [main] DEBUG org.hibernate.orm.sql.ast.tree - SQL AST Tree:
    SelectStatement {
      FromClause {
        StandardTableGroup (a1 : org.frcpm.models.Attendance) {
          primaryTableReference : attendances as a1_0
          TableGroupJoins {
            left  join LazyTableGroup (m1 : org.frcpm.models.Attendance.meeting) {
            }
            left  join LazyTableGroup (m2 : org.frcpm.models.Attendance.member) {
            }
          }
        }
      }
    }

10:24:16.492 [main] DEBUG org.hibernate.persister.entity.AbstractEntityPersister - Static SQL for entity: org.frcpm.models.Attendance
10:24:16.492 [main] DEBUG org.hibernate.persister.entity.AbstractEntityPersister -  Version select: select id from attendances where id=?
10:24:16.492 [main] DEBUG org.hibernate.persister.entity.AbstractEntityPersister -  Insert (0): insert into attendances (arrival_time,departure_time,meeting_id,member_id,present,id) values (?,?,?,?,?,default)
10:24:16.492 [main] DEBUG org.hibernate.persister.entity.AbstractEntityPersister -  Update (0): update attendances set arrival_time=?,departure_time=?,meeting_id=?,member_id=?,present=? where id=?
10:24:16.492 [main] DEBUG org.hibernate.persister.entity.AbstractEntityPersister -  Delete (0): delete from attendances where id=?
10:24:16.492 [main] DEBUG org.hibernate.orm.sql.ast.create - Created new SQL alias : m1_0
10:24:16.492 [main] DEBUG org.hibernate.orm.sql.ast.create - Registration of TableGroup [StandardTableGroup(org.frcpm.models.Meeting)] with identifierForTableGroup [org.frcpm.models.Meeting] for NavigablePath [org.frcpm.models.Meeting] 
10:24:16.492 [main] DEBUG org.hibernate.orm.sql.ast.create - Registration of TableGroup [org.hibernate.sql.ast.tree.from.LazyTableGroup@14503b28] with identifierForTableGroup [org.frcpm.models.Meeting.project] for NavigablePath [org.frcpm.models.Meeting.project] 
10:24:16.492 [main] DEBUG org.hibernate.orm.results.graph.AST - DomainResult Graph:
 \-EntityResultImpl [org.frcpm.models.Meeting]
 |  +-DelayedCollectionFetch [org.frcpm.models.Meeting.attendances]
 |  +-BasicFetch [org.frcpm.models.Meeting.date]
 |  +-BasicFetch [org.frcpm.models.Meeting.endTime]
 |  +-BasicFetch [org.frcpm.models.Meeting.notes]
 |  +-EntityDelayedFetchImpl [org.frcpm.models.Meeting.project]
 |  \-BasicFetch [org.frcpm.models.Meeting.startTime]

10:24:16.492 [main] DEBUG org.hibernate.orm.sql.ast.tree - SQL AST Tree:
    SelectStatement {
      FromClause {
        StandardTableGroup (m1 : org.frcpm.models.Meeting) {
          primaryTableReference : meetings as m1_0
          TableGroupJoins {
            left  join LazyTableGroup (p1 : org.frcpm.models.Meeting.project) {
            }
          }
        }
      }
    }

10:24:16.493 [main] DEBUG org.hibernate.persister.entity.AbstractEntityPersister - Static SQL for entity: org.frcpm.models.Meeting
10:24:16.493 [main] DEBUG org.hibernate.persister.entity.AbstractEntityPersister -  Version select: select id from meetings where id=?
10:24:16.493 [main] DEBUG org.hibernate.persister.entity.AbstractEntityPersister -  Insert (0): insert into meetings (date,end_time,notes,project_id,start_time,id) values (?,?,?,?,?,default)
10:24:16.493 [main] DEBUG org.hibernate.persister.entity.AbstractEntityPersister -  Update (0): update meetings set date=?,end_time=?,notes=?,project_id=?,start_time=? where id=?
10:24:16.493 [main] DEBUG org.hibernate.persister.entity.AbstractEntityPersister -  Delete (0): delete from meetings where id=?
10:24:16.493 [main] DEBUG org.hibernate.orm.sql.ast.create - Created new SQL alias : s1_0
10:24:16.493 [main] DEBUG org.hibernate.orm.sql.ast.create - Registration of TableGroup [StandardTableGroup(org.frcpm.models.Subsystem)] with identifierForTableGroup [org.frcpm.models.Subsystem] for NavigablePath [org.frcpm.models.Subsystem] 
10:24:16.493 [main] DEBUG org.hibernate.orm.sql.ast.create - Registration of TableGroup [org.hibernate.sql.ast.tree.from.LazyTableGroup@302b351c] with identifierForTableGroup [org.frcpm.models.Subsystem.responsibleSubteam] for NavigablePath [org.frcpm.models.Subsystem.responsibleSubteam] 
10:24:16.493 [main] DEBUG org.hibernate.orm.results.graph.AST - DomainResult Graph:
 \-EntityResultImpl [org.frcpm.models.Subsystem]
 |  +-BasicFetch [org.frcpm.models.Subsystem.description]
 |  +-BasicFetch [org.frcpm.models.Subsystem.name]
 |  +-EntityDelayedFetchImpl [org.frcpm.models.Subsystem.responsibleSubteam]
 |  +-BasicFetch [org.frcpm.models.Subsystem.status]
 |  \-DelayedCollectionFetch [org.frcpm.models.Subsystem.tasks]

10:24:16.493 [main] DEBUG org.hibernate.orm.sql.ast.tree - SQL AST Tree:
    SelectStatement {
      FromClause {
        StandardTableGroup (s1 : org.frcpm.models.Subsystem) {
          primaryTableReference : subsystems as s1_0
          TableGroupJoins {
            left  join LazyTableGroup (rs1 : org.frcpm.models.Subsystem.responsibleSubteam) {
            }
          }
        }
      }
    }

10:24:16.493 [main] DEBUG org.hibernate.persister.entity.AbstractEntityPersister - Static SQL for entity: org.frcpm.models.Subsystem
10:24:16.493 [main] DEBUG org.hibernate.persister.entity.AbstractEntityPersister -  Version select: select id from subsystems where id=?
10:24:16.493 [main] DEBUG org.hibernate.persister.entity.AbstractEntityPersister -  Insert (0): insert into subsystems (description,name,responsible_subteam_id,status,id) values (?,?,?,?,default)
10:24:16.493 [main] DEBUG org.hibernate.persister.entity.AbstractEntityPersister -  Update (0): update subsystems set description=?,name=?,responsible_subteam_id=?,status=? where id=?
10:24:16.493 [main] DEBUG org.hibernate.persister.entity.AbstractEntityPersister -  Delete (0): delete from subsystems where id=?
10:24:16.493 [main] DEBUG org.hibernate.orm.sql.ast.create - Created new SQL alias : c1_0
10:24:16.493 [main] DEBUG org.hibernate.orm.sql.ast.create - Registration of TableGroup [StandardTableGroup(org.frcpm.models.Component)] with identifierForTableGroup [org.frcpm.models.Component] for NavigablePath [org.frcpm.models.Component] 
10:24:16.493 [main] DEBUG org.hibernate.orm.results.graph.AST - DomainResult Graph:
 \-EntityResultImpl [org.frcpm.models.Component]
 |  +-BasicFetch [org.frcpm.models.Component.actualDelivery]
 |  +-BasicFetch [org.frcpm.models.Component.delivered]
 |  +-BasicFetch [org.frcpm.models.Component.description]
 |  +-BasicFetch [org.frcpm.models.Component.expectedDelivery]
 |  +-BasicFetch [org.frcpm.models.Component.name]
 |  +-BasicFetch [org.frcpm.models.Component.partNumber]
 |  \-DelayedCollectionFetch [org.frcpm.models.Component.requiredForTasks]

10:24:16.493 [main] DEBUG org.hibernate.orm.sql.ast.tree - SQL AST Tree:
    SelectStatement {
      FromClause {
        StandardTableGroup (c1 : org.frcpm.models.Component) {
          primaryTableReference : components as c1_0
        }
      }
    }

10:24:16.493 [main] DEBUG org.hibernate.persister.entity.AbstractEntityPersister - Static SQL for entity: org.frcpm.models.Component
10:24:16.493 [main] DEBUG org.hibernate.persister.entity.AbstractEntityPersister -  Version select: select id from components where id=?
10:24:16.493 [main] DEBUG org.hibernate.persister.entity.AbstractEntityPersister -  Insert (0): insert into components (actual_delivery,is_delivered,description,expected_delivery,name,part_number,id) values (?,?,?,?,?,?,default)
10:24:16.493 [main] DEBUG org.hibernate.persister.entity.AbstractEntityPersister -  Update (0): update components set actual_delivery=?,is_delivered=?,description=?,expected_delivery=?,name=?,part_number=? where id=?
10:24:16.493 [main] DEBUG org.hibernate.persister.entity.AbstractEntityPersister -  Delete (0): delete from components where id=?
10:24:16.493 [main] DEBUG org.hibernate.orm.sql.ast.create - Created new SQL alias : m1_0
10:24:16.493 [main] DEBUG org.hibernate.orm.sql.ast.create - Registration of TableGroup [StandardTableGroup(org.frcpm.models.Milestone)] with identifierForTableGroup [org.frcpm.models.Milestone] for NavigablePath [org.frcpm.models.Milestone] 
10:24:16.493 [main] DEBUG org.hibernate.orm.sql.ast.create - Registration of TableGroup [org.hibernate.sql.ast.tree.from.LazyTableGroup@345aa893] with identifierForTableGroup [org.frcpm.models.Milestone.project] for NavigablePath [org.frcpm.models.Milestone.project] 
10:24:16.493 [main] DEBUG org.hibernate.orm.results.graph.AST - DomainResult Graph:
 \-EntityResultImpl [org.frcpm.models.Milestone]
 |  +-BasicFetch [org.frcpm.models.Milestone.date]
 |  +-BasicFetch [org.frcpm.models.Milestone.description]
 |  +-BasicFetch [org.frcpm.models.Milestone.name]
 |  \-EntityDelayedFetchImpl [org.frcpm.models.Milestone.project]

10:24:16.493 [main] DEBUG org.hibernate.orm.sql.ast.tree - SQL AST Tree:
    SelectStatement {
      FromClause {
        StandardTableGroup (m1 : org.frcpm.models.Milestone) {
          primaryTableReference : milestones as m1_0
          TableGroupJoins {
            left  join LazyTableGroup (p1 : org.frcpm.models.Milestone.project) {
            }
          }
        }
      }
    }

10:24:16.493 [main] DEBUG org.hibernate.persister.entity.AbstractEntityPersister - Static SQL for entity: org.frcpm.models.Milestone
10:24:16.493 [main] DEBUG org.hibernate.persister.entity.AbstractEntityPersister -  Version select: select id from milestones where id=?
10:24:16.493 [main] DEBUG org.hibernate.persister.entity.AbstractEntityPersister -  Insert (0): insert into milestones (date,description,name,project_id,id) values (?,?,?,?,default)
10:24:16.493 [main] DEBUG org.hibernate.persister.entity.AbstractEntityPersister -  Update (0): update milestones set date=?,description=?,name=?,project_id=? where id=?
10:24:16.493 [main] DEBUG org.hibernate.persister.entity.AbstractEntityPersister -  Delete (0): delete from milestones where id=?
10:24:16.493 [main] DEBUG org.hibernate.orm.sql.ast.create - Created new SQL alias : p1_0
10:24:16.493 [main] DEBUG org.hibernate.orm.sql.ast.create - Registration of TableGroup [StandardTableGroup(org.frcpm.models.Project)] with identifierForTableGroup [org.frcpm.models.Project] for NavigablePath [org.frcpm.models.Project] 
10:24:16.493 [main] DEBUG org.hibernate.orm.results.graph.AST - DomainResult Graph:
 \-EntityResultImpl [org.frcpm.models.Project]
 |  +-BasicFetch [org.frcpm.models.Project.description]
 |  +-BasicFetch [org.frcpm.models.Project.goalEndDate]
 |  +-BasicFetch [org.frcpm.models.Project.hardDeadline]
 |  +-DelayedCollectionFetch [org.frcpm.models.Project.meetings]
 |  +-DelayedCollectionFetch [org.frcpm.models.Project.milestones]
 |  +-BasicFetch [org.frcpm.models.Project.name]
 |  +-BasicFetch [org.frcpm.models.Project.startDate]
 |  \-DelayedCollectionFetch [org.frcpm.models.Project.tasks]

10:24:16.493 [main] DEBUG org.hibernate.orm.sql.ast.tree - SQL AST Tree:
    SelectStatement {
      FromClause {
        StandardTableGroup (p1 : org.frcpm.models.Project) {
          primaryTableReference : projects as p1_0
        }
      }
    }

10:24:16.493 [main] DEBUG org.hibernate.persister.entity.AbstractEntityPersister - Static SQL for entity: org.frcpm.models.Project
10:24:16.493 [main] DEBUG org.hibernate.persister.entity.AbstractEntityPersister -  Version select: select id from projects where id=?
10:24:16.493 [main] DEBUG org.hibernate.persister.entity.AbstractEntityPersister -  Insert (0): insert into projects (description,goal_end_date,hard_deadline,name,start_date,id) values (?,?,?,?,?,default)
10:24:16.493 [main] DEBUG org.hibernate.persister.entity.AbstractEntityPersister -  Update (0): update projects set description=?,goal_end_date=?,hard_deadline=?,name=?,start_date=? where id=?
10:24:16.493 [main] DEBUG org.hibernate.persister.entity.AbstractEntityPersister -  Delete (0): delete from projects where id=?
10:24:16.493 [main] DEBUG org.hibernate.orm.sql.ast.create - Created new SQL alias : s1_0
10:24:16.493 [main] DEBUG org.hibernate.orm.sql.ast.create - Registration of TableGroup [StandardTableGroup(org.frcpm.models.Subteam)] with identifierForTableGroup [org.frcpm.models.Subteam] for NavigablePath [org.frcpm.models.Subteam] 
10:24:16.493 [main] DEBUG org.hibernate.orm.results.graph.AST - DomainResult Graph:
 \-EntityResultImpl [org.frcpm.models.Subteam]
 |  +-BasicFetch [org.frcpm.models.Subteam.colorCode]
 |  +-DelayedCollectionFetch [org.frcpm.models.Subteam.members]
 |  +-BasicFetch [org.frcpm.models.Subteam.name]
 |  +-BasicFetch [org.frcpm.models.Subteam.specialties]
 |  \-DelayedCollectionFetch [org.frcpm.models.Subteam.subsystems]

10:24:16.493 [main] DEBUG org.hibernate.orm.sql.ast.tree - SQL AST Tree:
    SelectStatement {
      FromClause {
        StandardTableGroup (s1 : org.frcpm.models.Subteam) {
          primaryTableReference : subteams as s1_0
        }
      }
    }

10:24:16.493 [main] DEBUG org.hibernate.persister.entity.AbstractEntityPersister - Static SQL for entity: org.frcpm.models.Subteam
10:24:16.493 [main] DEBUG org.hibernate.persister.entity.AbstractEntityPersister -  Version select: select id from subteams where id=?
10:24:16.493 [main] DEBUG org.hibernate.persister.entity.AbstractEntityPersister -  Insert (0): insert into subteams (color_code,name,specialties,id) values (?,?,?,default)
10:24:16.493 [main] DEBUG org.hibernate.persister.entity.AbstractEntityPersister -  Update (0): update subteams set color_code=?,name=?,specialties=? where id=?
10:24:16.493 [main] DEBUG org.hibernate.persister.entity.AbstractEntityPersister -  Delete (0): delete from subteams where id=?
10:24:16.493 [main] DEBUG org.hibernate.orm.sql.ast.create - Created new SQL alias : t1_0
10:24:16.493 [main] DEBUG org.hibernate.orm.sql.ast.create - Registration of TableGroup [StandardTableGroup(org.frcpm.models.Task)] with identifierForTableGroup [org.frcpm.models.Task] for NavigablePath [org.frcpm.models.Task] 
10:24:16.493 [main] DEBUG org.hibernate.orm.sql.ast.create - Registration of TableGroup [org.hibernate.sql.ast.tree.from.LazyTableGroup@59c969e0] with identifierForTableGroup [org.frcpm.models.Task.project] for NavigablePath [org.frcpm.models.Task.project] 
10:24:16.493 [main] DEBUG org.hibernate.orm.sql.ast.create - Registration of TableGroup [org.hibernate.sql.ast.tree.from.LazyTableGroup@41c7ad14] with identifierForTableGroup [org.frcpm.models.Task.subsystem] for NavigablePath [org.frcpm.models.Task.subsystem] 
10:24:16.493 [main] DEBUG org.hibernate.orm.results.graph.AST - DomainResult Graph:
 \-EntityResultImpl [org.frcpm.models.Task]
 |  +-BasicFetch [org.frcpm.models.Task.actualDurationSeconds]
 |  +-DelayedCollectionFetch [org.frcpm.models.Task.assignedTo]
 |  +-BasicFetch [org.frcpm.models.Task.completed]
 |  +-BasicFetch [org.frcpm.models.Task.description]
 |  +-BasicFetch [org.frcpm.models.Task.endDate]
 |  +-BasicFetch [org.frcpm.models.Task.estimatedDurationSeconds]
 |  +-DelayedCollectionFetch [org.frcpm.models.Task.postDependencies]
 |  +-DelayedCollectionFetch [org.frcpm.models.Task.preDependencies]
 |  +-BasicFetch [org.frcpm.models.Task.priority]
 |  +-BasicFetch [org.frcpm.models.Task.progress]
 |  +-EntityDelayedFetchImpl [org.frcpm.models.Task.project]
 |  +-DelayedCollectionFetch [org.frcpm.models.Task.requiredComponents]
 |  +-BasicFetch [org.frcpm.models.Task.startDate]
 |  +-EntityDelayedFetchImpl [org.frcpm.models.Task.subsystem]
 |  \-BasicFetch [org.frcpm.models.Task.title]

10:24:16.493 [main] DEBUG org.hibernate.orm.sql.ast.tree - SQL AST Tree:
    SelectStatement {
      FromClause {
        StandardTableGroup (t1 : org.frcpm.models.Task) {
          primaryTableReference : tasks as t1_0
          TableGroupJoins {
            left  join LazyTableGroup (p1 : org.frcpm.models.Task.project) {
            }
            left  join LazyTableGroup (s1 : org.frcpm.models.Task.subsystem) {
            }
          }
        }
      }
    }

10:24:16.493 [main] DEBUG org.hibernate.persister.entity.AbstractEntityPersister - Static SQL for entity: org.frcpm.models.Task
10:24:16.493 [main] DEBUG org.hibernate.persister.entity.AbstractEntityPersister -  Version select: select id from tasks where id=?
10:24:16.493 [main] DEBUG org.hibernate.persister.entity.AbstractEntityPersister -  Insert (0): insert into tasks (actual_duration_seconds,completed,description,end_date,estimated_duration_seconds,priority,progress,project_id,start_date,subsystem_id,title,id) values (?,?,?,?,?,?,?,?,?,?,?,default)
10:24:16.493 [main] DEBUG org.hibernate.persister.entity.AbstractEntityPersister -  Update (0): update tasks set actual_duration_seconds=?,completed=?,description=?,end_date=?,estimated_duration_seconds=?,priority=?,progress=?,project_id=?,start_date=?,subsystem_id=?,title=? where id=?
10:24:16.493 [main] DEBUG org.hibernate.persister.entity.AbstractEntityPersister -  Delete (0): delete from tasks where id=?
10:24:16.493 [main] DEBUG org.hibernate.orm.sql.ast.create - Created new SQL alias : tm1_0
10:24:16.493 [main] DEBUG org.hibernate.orm.sql.ast.create - Registration of TableGroup [StandardTableGroup(org.frcpm.models.TeamMember)] with identifierForTableGroup [org.frcpm.models.TeamMember] for NavigablePath [org.frcpm.models.TeamMember] 
10:24:16.493 [main] DEBUG org.hibernate.orm.sql.ast.create - Registration of TableGroup [org.hibernate.sql.ast.tree.from.LazyTableGroup@396d93a7] with identifierForTableGroup [org.frcpm.models.TeamMember.subteam] for NavigablePath [org.frcpm.models.TeamMember.subteam] 
10:24:16.493 [main] DEBUG org.hibernate.orm.results.graph.AST - DomainResult Graph:
 \-EntityResultImpl [org.frcpm.models.TeamMember]
 |  +-DelayedCollectionFetch [org.frcpm.models.TeamMember.assignedTasks]
 |  +-DelayedCollectionFetch [org.frcpm.models.TeamMember.attendances]
 |  +-BasicFetch [org.frcpm.models.TeamMember.email]
 |  +-BasicFetch [org.frcpm.models.TeamMember.firstName]
 |  +-BasicFetch [org.frcpm.models.TeamMember.lastName]
 |  +-BasicFetch [org.frcpm.models.TeamMember.leader]
 |  +-BasicFetch [org.frcpm.models.TeamMember.phone]
 |  +-BasicFetch [org.frcpm.models.TeamMember.skills]
 |  +-EntityDelayedFetchImpl [org.frcpm.models.TeamMember.subteam]
 |  \-BasicFetch [org.frcpm.models.TeamMember.username]

10:24:16.493 [main] DEBUG org.hibernate.orm.sql.ast.tree - SQL AST Tree:
    SelectStatement {
      FromClause {
        StandardTableGroup (tm1 : org.frcpm.models.TeamMember) {
          primaryTableReference : team_members as tm1_0
          TableGroupJoins {
            left  join LazyTableGroup (s1 : org.frcpm.models.TeamMember.subteam) {
            }
          }
        }
      }
    }

10:24:16.493 [main] DEBUG org.hibernate.persister.entity.AbstractEntityPersister - Static SQL for entity: org.frcpm.models.TeamMember
10:24:16.493 [main] DEBUG org.hibernate.persister.entity.AbstractEntityPersister -  Version select: select id from team_members where id=?
10:24:16.493 [main] DEBUG org.hibernate.persister.entity.AbstractEntityPersister -  Insert (0): insert into team_members (email,first_name,last_name,is_leader,phone,skills,subteam_id,username,id) values (?,?,?,?,?,?,?,?,default)
10:24:16.493 [main] DEBUG org.hibernate.persister.entity.AbstractEntityPersister -  Update (0): update team_members set email=?,first_name=?,last_name=?,is_leader=?,phone=?,skills=?,subteam_id=?,username=? where id=?
10:24:16.493 [main] DEBUG org.hibernate.persister.entity.AbstractEntityPersister -  Delete (0): delete from team_members where id=?
10:24:16.494 [main] DEBUG org.hibernate.orm.sql.ast.create - Created new SQL alias : at1_0
10:24:16.494 [main] DEBUG org.hibernate.orm.sql.ast.create - Registration of TableGroup [CollectionTableGroup(org.frcpm.models.Task.assignedTo)] with identifierForTableGroup [org.frcpm.models.Task.assignedTo] for NavigablePath [org.frcpm.models.Task.assignedTo] 
10:24:16.494 [main] DEBUG org.hibernate.orm.sql.ast.create - Registration of TableGroup [org.hibernate.sql.ast.tree.from.LazyTableGroup@4cfd3da9] with identifierForTableGroup [org.frcpm.models.Task.assignedTo.{element}] for NavigablePath [org.frcpm.models.Task.assignedTo.{element}] 
10:24:16.494 [main] DEBUG org.hibernate.orm.sql.ast.create - Created new SQL alias : at1_1
10:24:16.494 [main] DEBUG org.hibernate.orm.sql.ast.create - Registration of TableGroup [org.hibernate.sql.ast.tree.from.LazyTableGroup@2caef606] with identifierForTableGroup [org.frcpm.models.Task.assignedTo.{element}.subteam] for NavigablePath [org.frcpm.models.Task.assignedTo.{element}.subteam] 
10:24:16.494 [main] DEBUG org.hibernate.orm.results.graph.AST - DomainResult Graph:
 \-CollectionDomainResult [org.frcpm.models.Task.assignedTo]

10:24:16.494 [main] DEBUG org.hibernate.orm.sql.ast.tree - SQL AST Tree:
    SelectStatement {
      FromClause {
        CollectionTableGroup (at1 : org.frcpm.models.Task.assignedTo) {
          primaryTableReference : task_assignments as at1_0
          TableGroupJoins {
             join LazyTableGroup (at1 : org.frcpm.models.Task.assignedTo.{element}) {
              primaryTableReference : team_members as at1_1
              TableGroupJoins {
                left  join LazyTableGroup (s1 : org.frcpm.models.Task.assignedTo.{element}.subteam) {
                }
              }
            }
          }
        }
      }
    }

10:24:16.494 [main] DEBUG org.hibernate.orm.jdbc.mutation - Static SQL for collection: org.frcpm.models.Task.assignedTo
10:24:16.494 [main] DEBUG org.hibernate.orm.jdbc.mutation -  Row insert: insert into task_assignments (task_id,team_member_id) values (?,?)
10:24:16.494 [main] DEBUG org.hibernate.orm.jdbc.mutation -  Row delete: delete from task_assignments where task_id=? and team_member_id=?
10:24:16.494 [main] DEBUG org.hibernate.orm.jdbc.mutation -  One-shot delete: delete from task_assignments where task_id=?
10:24:16.494 [main] DEBUG org.hibernate.orm.sql.ast.create - Created new SQL alias : t1_0
10:24:16.494 [main] DEBUG org.hibernate.orm.sql.ast.create - Registration of TableGroup [org.hibernate.sql.ast.tree.from.OneToManyTableGroup@699fcc2c] with identifierForTableGroup [org.frcpm.models.Subsystem.tasks] for NavigablePath [org.frcpm.models.Subsystem.tasks] 
10:24:16.494 [main] DEBUG org.hibernate.orm.sql.ast.create - Registration of TableGroup [StandardTableGroup(org.frcpm.models.Subsystem.tasks.{element})] with identifierForTableGroup [org.frcpm.models.Subsystem.tasks.{element}] for NavigablePath [org.frcpm.models.Subsystem.tasks.{element}] 
10:24:16.494 [main] DEBUG org.hibernate.orm.sql.ast.create - Registration of TableGroup [org.hibernate.sql.ast.tree.from.LazyTableGroup@4c023553] with identifierForTableGroup [org.frcpm.models.Subsystem.tasks.{element}.project] for NavigablePath [org.frcpm.models.Subsystem.tasks.{element}.project] 
10:24:16.494 [main] DEBUG org.hibernate.orm.sql.ast.create - Registration of TableGroup [org.hibernate.sql.ast.tree.from.LazyTableGroup@4b396668] with identifierForTableGroup [org.frcpm.models.Subsystem.tasks.{element}.subsystem] for NavigablePath [org.frcpm.models.Subsystem.tasks.{element}.subsystem] 
10:24:16.495 [main] DEBUG org.hibernate.orm.results.graph.AST - DomainResult Graph:
 \-CollectionDomainResult [org.frcpm.models.Subsystem.tasks]

10:24:16.495 [main] DEBUG org.hibernate.orm.sql.ast.tree - SQL AST Tree:
    SelectStatement {
      FromClause {
        OneToManyTableGroup (t1 : org.frcpm.models.Subsystem.tasks) {
          primaryTableReference : tasks as t1_0
          TableGroupJoins {
            left  join LazyTableGroup (p1 : org.frcpm.models.Subsystem.tasks.{element}.project) {
            }
            left  join LazyTableGroup (s1 : org.frcpm.models.Subsystem.tasks.{element}.subsystem) {
            }
          }
        }
      }
    }

10:24:16.495 [main] DEBUG org.hibernate.orm.jdbc.mutation - Static SQL for collection: org.frcpm.models.Subsystem.tasks
10:24:16.495 [main] DEBUG org.hibernate.orm.sql.ast.create - Created new SQL alias : m1_0
10:24:16.495 [main] DEBUG org.hibernate.orm.sql.ast.create - Registration of TableGroup [org.hibernate.sql.ast.tree.from.OneToManyTableGroup@12523fb] with identifierForTableGroup [org.frcpm.models.Subteam.members] for NavigablePath [org.frcpm.models.Subteam.members] 
10:24:16.495 [main] DEBUG org.hibernate.orm.sql.ast.create - Registration of TableGroup [StandardTableGroup(org.frcpm.models.Subteam.members.{element})] with identifierForTableGroup [org.frcpm.models.Subteam.members.{element}] for NavigablePath [org.frcpm.models.Subteam.members.{element}] 
10:24:16.496 [main] DEBUG org.hibernate.orm.sql.ast.create - Registration of TableGroup [org.hibernate.sql.ast.tree.from.LazyTableGroup@3d60931a] with identifierForTableGroup [org.frcpm.models.Subteam.members.{element}.subteam] for NavigablePath [org.frcpm.models.Subteam.members.{element}.subteam] 
10:24:16.496 [main] DEBUG org.hibernate.orm.results.graph.AST - DomainResult Graph:
 \-CollectionDomainResult [org.frcpm.models.Subteam.members]

10:24:16.496 [main] DEBUG org.hibernate.orm.sql.ast.tree - SQL AST Tree:
    SelectStatement {
      FromClause {
        OneToManyTableGroup (m1 : org.frcpm.models.Subteam.members) {
          primaryTableReference : team_members as m1_0
          TableGroupJoins {
            left  join LazyTableGroup (s1 : org.frcpm.models.Subteam.members.{element}.subteam) {
            }
          }
        }
      }
    }

10:24:16.497 [main] DEBUG org.hibernate.orm.jdbc.mutation - Static SQL for collection: org.frcpm.models.Subteam.members
10:24:16.497 [main] DEBUG org.hibernate.orm.sql.ast.create - Created new SQL alias : a1_0
10:24:16.497 [main] DEBUG org.hibernate.orm.sql.ast.create - Registration of TableGroup [org.hibernate.sql.ast.tree.from.OneToManyTableGroup@600b568f] with identifierForTableGroup [org.frcpm.models.TeamMember.attendances] for NavigablePath [org.frcpm.models.TeamMember.attendances] 
10:24:16.497 [main] DEBUG org.hibernate.orm.sql.ast.create - Registration of TableGroup [StandardTableGroup(org.frcpm.models.TeamMember.attendances.{element})] with identifierForTableGroup [org.frcpm.models.TeamMember.attendances.{element}] for NavigablePath [org.frcpm.models.TeamMember.attendances.{element}] 
10:24:16.497 [main] DEBUG org.hibernate.orm.sql.ast.create - Registration of TableGroup [org.hibernate.sql.ast.tree.from.LazyTableGroup@48199b8e] with identifierForTableGroup [org.frcpm.models.TeamMember.attendances.{element}.meeting] for NavigablePath [org.frcpm.models.TeamMember.attendances.{element}.meeting] 
10:24:16.497 [main] DEBUG org.hibernate.orm.sql.ast.create - Registration of TableGroup [org.hibernate.sql.ast.tree.from.LazyTableGroup@199df26f] with identifierForTableGroup [org.frcpm.models.TeamMember.attendances.{element}.member] for NavigablePath [org.frcpm.models.TeamMember.attendances.{element}.member] 
10:24:16.498 [main] DEBUG org.hibernate.orm.results.graph.AST - DomainResult Graph:
 \-CollectionDomainResult [org.frcpm.models.TeamMember.attendances]

10:24:16.498 [main] DEBUG org.hibernate.orm.sql.ast.tree - SQL AST Tree:
    SelectStatement {
      FromClause {
        OneToManyTableGroup (a1 : org.frcpm.models.TeamMember.attendances) {
          primaryTableReference : attendances as a1_0
          TableGroupJoins {
            left  join LazyTableGroup (m1 : org.frcpm.models.TeamMember.attendances.{element}.meeting) {
            }
            left  join LazyTableGroup (m2 : org.frcpm.models.TeamMember.attendances.{element}.member) {
            }
          }
        }
      }
    }

10:24:16.498 [main] DEBUG org.hibernate.orm.jdbc.mutation - Static SQL for collection: org.frcpm.models.TeamMember.attendances
10:24:16.498 [main] DEBUG org.hibernate.orm.sql.ast.create - Created new SQL alias : rc1_0
10:24:16.498 [main] DEBUG org.hibernate.orm.sql.ast.create - Registration of TableGroup [CollectionTableGroup(org.frcpm.models.Task.requiredComponents)] with identifierForTableGroup [org.frcpm.models.Task.requiredComponents] for NavigablePath [org.frcpm.models.Task.requiredComponents] 
10:24:16.498 [main] DEBUG org.hibernate.orm.sql.ast.create - Registration of TableGroup [org.hibernate.sql.ast.tree.from.LazyTableGroup@27594afb] with identifierForTableGroup [org.frcpm.models.Task.requiredComponents.{element}] for NavigablePath [org.frcpm.models.Task.requiredComponents.{element}] 
10:24:16.499 [main] DEBUG org.hibernate.orm.sql.ast.create - Created new SQL alias : rc1_1
10:24:16.499 [main] DEBUG org.hibernate.orm.results.graph.AST - DomainResult Graph:
 \-CollectionDomainResult [org.frcpm.models.Task.requiredComponents]

10:24:16.499 [main] DEBUG org.hibernate.orm.sql.ast.tree - SQL AST Tree:
    SelectStatement {
      FromClause {
        CollectionTableGroup (rc1 : org.frcpm.models.Task.requiredComponents) {
          primaryTableReference : task_components as rc1_0
          TableGroupJoins {
             join LazyTableGroup (rc1 : org.frcpm.models.Task.requiredComponents.{element}) {
              primaryTableReference : components as rc1_1
            }
          }
        }
      }
    }

10:24:16.499 [main] DEBUG org.hibernate.orm.jdbc.mutation - Static SQL for collection: org.frcpm.models.Task.requiredComponents
10:24:16.499 [main] DEBUG org.hibernate.orm.jdbc.mutation -  Row insert: insert into task_components (task_id,component_id) values (?,?)
10:24:16.499 [main] DEBUG org.hibernate.orm.jdbc.mutation -  Row delete: delete from task_components where task_id=? and component_id=?
10:24:16.499 [main] DEBUG org.hibernate.orm.jdbc.mutation -  One-shot delete: delete from task_components where task_id=?
10:24:16.499 [main] DEBUG org.hibernate.orm.sql.ast.create - Created new SQL alias : s1_0
10:24:16.499 [main] DEBUG org.hibernate.orm.sql.ast.create - Registration of TableGroup [org.hibernate.sql.ast.tree.from.OneToManyTableGroup@1d3a1c39] with identifierForTableGroup [org.frcpm.models.Subteam.subsystems] for NavigablePath [org.frcpm.models.Subteam.subsystems] 
10:24:16.499 [main] DEBUG org.hibernate.orm.sql.ast.create - Registration of TableGroup [StandardTableGroup(org.frcpm.models.Subteam.subsystems.{element})] with identifierForTableGroup [org.frcpm.models.Subteam.subsystems.{element}] for NavigablePath [org.frcpm.models.Subteam.subsystems.{element}] 
10:24:16.499 [main] DEBUG org.hibernate.orm.sql.ast.create - Registration of TableGroup [org.hibernate.sql.ast.tree.from.LazyTableGroup@2f1176aa] with identifierForTableGroup [org.frcpm.models.Subteam.subsystems.{element}.responsibleSubteam] for NavigablePath [org.frcpm.models.Subteam.subsystems.{element}.responsibleSubteam] 
10:24:16.499 [main] DEBUG org.hibernate.orm.results.graph.AST - DomainResult Graph:
 \-CollectionDomainResult [org.frcpm.models.Subteam.subsystems]

10:24:16.499 [main] DEBUG org.hibernate.orm.sql.ast.tree - SQL AST Tree:
    SelectStatement {
      FromClause {
        OneToManyTableGroup (s1 : org.frcpm.models.Subteam.subsystems) {
          primaryTableReference : subsystems as s1_0
          TableGroupJoins {
            left  join LazyTableGroup (rs1 : org.frcpm.models.Subteam.subsystems.{element}.responsibleSubteam) {
            }
          }
        }
      }
    }

10:24:16.499 [main] DEBUG org.hibernate.orm.jdbc.mutation - Static SQL for collection: org.frcpm.models.Subteam.subsystems
10:24:16.499 [main] DEBUG org.hibernate.orm.sql.ast.create - Created new SQL alias : pd1_0
10:24:16.499 [main] DEBUG org.hibernate.orm.sql.ast.create - Registration of TableGroup [CollectionTableGroup(org.frcpm.models.Task.preDependencies)] with identifierForTableGroup [org.frcpm.models.Task.preDependencies] for NavigablePath [org.frcpm.models.Task.preDependencies] 
10:24:16.499 [main] DEBUG org.hibernate.orm.sql.ast.create - Registration of TableGroup [org.hibernate.sql.ast.tree.from.LazyTableGroup@420e9186] with identifierForTableGroup [org.frcpm.models.Task.preDependencies.{element}] for NavigablePath [org.frcpm.models.Task.preDependencies.{element}] 
10:24:16.499 [main] DEBUG org.hibernate.orm.sql.ast.create - Created new SQL alias : pd1_1
10:24:16.499 [main] DEBUG org.hibernate.orm.sql.ast.create - Registration of TableGroup [org.hibernate.sql.ast.tree.from.LazyTableGroup@f98862a] with identifierForTableGroup [org.frcpm.models.Task.preDependencies.{element}.project] for NavigablePath [org.frcpm.models.Task.preDependencies.{element}.project] 
10:24:16.500 [main] DEBUG org.hibernate.orm.sql.ast.create - Registration of TableGroup [org.hibernate.sql.ast.tree.from.LazyTableGroup@e3cf5a0] with identifierForTableGroup [org.frcpm.models.Task.preDependencies.{element}.subsystem] for NavigablePath [org.frcpm.models.Task.preDependencies.{element}.subsystem] 
10:24:16.500 [main] DEBUG org.hibernate.orm.results.graph.AST - DomainResult Graph:
 \-CollectionDomainResult [org.frcpm.models.Task.preDependencies]

10:24:16.500 [main] DEBUG org.hibernate.orm.sql.ast.tree - SQL AST Tree:
    SelectStatement {
      FromClause {
        CollectionTableGroup (pd1 : org.frcpm.models.Task.preDependencies) {
          primaryTableReference : task_dependencies as pd1_0
          TableGroupJoins {
             join LazyTableGroup (pd1 : org.frcpm.models.Task.preDependencies.{element}) {
              primaryTableReference : tasks as pd1_1
              TableGroupJoins {
                left  join LazyTableGroup (p1 : org.frcpm.models.Task.preDependencies.{element}.project) {
                }
                left  join LazyTableGroup (s1 : org.frcpm.models.Task.preDependencies.{element}.subsystem) {
                }
              }
            }
          }
        }
      }
    }

10:24:16.500 [FRC-PM-HikariCP housekeeper] DEBUG com.zaxxer.hikari.pool.HikariPool - FRC-PM-HikariCP - Before cleanup stats (total=1, active=0, idle=1, waiting=0)
10:24:16.500 [main] DEBUG org.hibernate.orm.jdbc.mutation - Static SQL for collection: org.frcpm.models.Task.preDependencies
10:24:16.500 [FRC-PM-HikariCP housekeeper] DEBUG com.zaxxer.hikari.pool.HikariPool - FRC-PM-HikariCP - After cleanup  stats (total=1, active=0, idle=1, waiting=0)
10:24:16.500 [main] DEBUG org.hibernate.orm.jdbc.mutation -  Row insert: insert into task_dependencies (task_id,dependency_id) values (?,?)
10:24:16.500 [main] DEBUG org.hibernate.orm.jdbc.mutation -  Row delete: delete from task_dependencies where task_id=? and dependency_id=?
10:24:16.500 [main] DEBUG org.hibernate.orm.jdbc.mutation -  One-shot delete: delete from task_dependencies where task_id=?
10:24:16.500 [main] DEBUG org.hibernate.orm.sql.ast.create - Created new SQL alias : m1_0
10:24:16.500 [main] DEBUG org.hibernate.orm.sql.ast.create - Registration of TableGroup [org.hibernate.sql.ast.tree.from.OneToManyTableGroup@2cf14a3f] with identifierForTableGroup [org.frcpm.models.Project.milestones] for NavigablePath [org.frcpm.models.Project.milestones] 
10:24:16.500 [main] DEBUG org.hibernate.orm.sql.ast.create - Registration of TableGroup [StandardTableGroup(org.frcpm.models.Project.milestones.{element})] with identifierForTableGroup [org.frcpm.models.Project.milestones.{element}] for NavigablePath [org.frcpm.models.Project.milestones.{element}] 
10:24:16.500 [main] DEBUG org.hibernate.orm.sql.ast.create - Registration of TableGroup [org.hibernate.sql.ast.tree.from.LazyTableGroup@35ecedb] with identifierForTableGroup [org.frcpm.models.Project.milestones.{element}.project] for NavigablePath [org.frcpm.models.Project.milestones.{element}.project] 
10:24:16.500 [main] DEBUG org.hibernate.orm.results.graph.AST - DomainResult Graph:
 \-CollectionDomainResult [org.frcpm.models.Project.milestones]

10:24:16.500 [main] DEBUG org.hibernate.orm.sql.ast.tree - SQL AST Tree:
    SelectStatement {
      FromClause {
        OneToManyTableGroup (m1 : org.frcpm.models.Project.milestones) {
          primaryTableReference : milestones as m1_0
          TableGroupJoins {
            left  join LazyTableGroup (p1 : org.frcpm.models.Project.milestones.{element}.project) {
            }
          }
        }
      }
    }

10:24:16.500 [main] DEBUG org.hibernate.orm.jdbc.mutation - Static SQL for collection: org.frcpm.models.Project.milestones
10:24:16.500 [main] DEBUG org.hibernate.orm.sql.ast.create - Created new SQL alias : rft1_0
10:24:16.500 [main] DEBUG org.hibernate.orm.sql.ast.create - Registration of TableGroup [CollectionTableGroup(org.frcpm.models.Component.requiredForTasks)] with identifierForTableGroup [org.frcpm.models.Component.requiredForTasks] for NavigablePath [org.frcpm.models.Component.requiredForTasks] 
10:24:16.500 [main] DEBUG org.hibernate.orm.sql.ast.create - Registration of TableGroup [org.hibernate.sql.ast.tree.from.LazyTableGroup@2f4be094] with identifierForTableGroup [org.frcpm.models.Component.requiredForTasks.{element}] for NavigablePath [org.frcpm.models.Component.requiredForTasks.{element}] 
10:24:16.500 [main] DEBUG org.hibernate.orm.sql.ast.create - Created new SQL alias : rft1_1
10:24:16.500 [main] DEBUG org.hibernate.orm.sql.ast.create - Registration of TableGroup [org.hibernate.sql.ast.tree.from.LazyTableGroup@94df7f0] with identifierForTableGroup [org.frcpm.models.Component.requiredForTasks.{element}.project] for NavigablePath [org.frcpm.models.Component.requiredForTasks.{element}.project] 
10:24:16.500 [main] DEBUG org.hibernate.orm.sql.ast.create - Registration of TableGroup [org.hibernate.sql.ast.tree.from.LazyTableGroup@239d38d4] with identifierForTableGroup [org.frcpm.models.Component.requiredForTasks.{element}.subsystem] for NavigablePath [org.frcpm.models.Component.requiredForTasks.{element}.subsystem] 
10:24:16.500 [main] DEBUG org.hibernate.orm.results.graph.AST - DomainResult Graph:
 \-CollectionDomainResult [org.frcpm.models.Component.requiredForTasks]

10:24:16.500 [main] DEBUG org.hibernate.orm.sql.ast.tree - SQL AST Tree:
    SelectStatement {
      FromClause {
        CollectionTableGroup (rft1 : org.frcpm.models.Component.requiredForTasks) {
          primaryTableReference : task_components as rft1_0
          TableGroupJoins {
             join LazyTableGroup (rft1 : org.frcpm.models.Component.requiredForTasks.{element}) {
              primaryTableReference : tasks as rft1_1
              TableGroupJoins {
                left  join LazyTableGroup (p1 : org.frcpm.models.Component.requiredForTasks.{element}.project) {
                }
                left  join LazyTableGroup (s1 : org.frcpm.models.Component.requiredForTasks.{element}.subsystem) {
                }
              }
            }
          }
        }
      }
    }

10:24:16.500 [main] DEBUG org.hibernate.orm.jdbc.mutation - Static SQL for collection: org.frcpm.models.Component.requiredForTasks
10:24:16.500 [main] DEBUG org.hibernate.orm.sql.ast.create - Created new SQL alias : m1_0
10:24:16.500 [main] DEBUG org.hibernate.orm.sql.ast.create - Registration of TableGroup [org.hibernate.sql.ast.tree.from.OneToManyTableGroup@35b6bc80] with identifierForTableGroup [org.frcpm.models.Project.meetings] for NavigablePath [org.frcpm.models.Project.meetings] 
10:24:16.500 [main] DEBUG org.hibernate.orm.sql.ast.create - Registration of TableGroup [StandardTableGroup(org.frcpm.models.Project.meetings.{element})] with identifierForTableGroup [org.frcpm.models.Project.meetings.{element}] for NavigablePath [org.frcpm.models.Project.meetings.{element}] 
10:24:16.500 [main] DEBUG org.hibernate.orm.sql.ast.create - Registration of TableGroup [org.hibernate.sql.ast.tree.from.LazyTableGroup@4f1c825a] with identifierForTableGroup [org.frcpm.models.Project.meetings.{element}.project] for NavigablePath [org.frcpm.models.Project.meetings.{element}.project] 
10:24:16.500 [main] DEBUG org.hibernate.orm.results.graph.AST - DomainResult Graph:
 \-CollectionDomainResult [org.frcpm.models.Project.meetings]

10:24:16.501 [main] DEBUG org.hibernate.orm.sql.ast.tree - SQL AST Tree:
    SelectStatement {
      FromClause {
        OneToManyTableGroup (m1 : org.frcpm.models.Project.meetings) {
          primaryTableReference : meetings as m1_0
          TableGroupJoins {
            left  join LazyTableGroup (p1 : org.frcpm.models.Project.meetings.{element}.project) {
            }
          }
        }
      }
    }

10:24:16.501 [main] DEBUG org.hibernate.orm.jdbc.mutation - Static SQL for collection: org.frcpm.models.Project.meetings
10:24:16.501 [main] DEBUG org.hibernate.orm.sql.ast.create - Created new SQL alias : at1_0
10:24:16.501 [main] DEBUG org.hibernate.orm.sql.ast.create - Registration of TableGroup [CollectionTableGroup(org.frcpm.models.TeamMember.assignedTasks)] with identifierForTableGroup [org.frcpm.models.TeamMember.assignedTasks] for NavigablePath [org.frcpm.models.TeamMember.assignedTasks] 
10:24:16.501 [main] DEBUG org.hibernate.orm.sql.ast.create - Registration of TableGroup [org.hibernate.sql.ast.tree.from.LazyTableGroup@47f6ca9c] with identifierForTableGroup [org.frcpm.models.TeamMember.assignedTasks.{element}] for NavigablePath [org.frcpm.models.TeamMember.assignedTasks.{element}] 
10:24:16.501 [main] DEBUG org.hibernate.orm.sql.ast.create - Created new SQL alias : at1_1
10:24:16.501 [main] DEBUG org.hibernate.orm.sql.ast.create - Registration of TableGroup [org.hibernate.sql.ast.tree.from.LazyTableGroup@47a43c5e] with identifierForTableGroup [org.frcpm.models.TeamMember.assignedTasks.{element}.project] for NavigablePath [org.frcpm.models.TeamMember.assignedTasks.{element}.project] 
10:24:16.501 [main] DEBUG org.hibernate.orm.sql.ast.create - Registration of TableGroup [org.hibernate.sql.ast.tree.from.LazyTableGroup@3245f37] with identifierForTableGroup [org.frcpm.models.TeamMember.assignedTasks.{element}.subsystem] for NavigablePath [org.frcpm.models.TeamMember.assignedTasks.{element}.subsystem] 
10:24:16.501 [main] DEBUG org.hibernate.orm.results.graph.AST - DomainResult Graph:
 \-CollectionDomainResult [org.frcpm.models.TeamMember.assignedTasks]

10:24:16.501 [main] DEBUG org.hibernate.orm.sql.ast.tree - SQL AST Tree:
    SelectStatement {
      FromClause {
        CollectionTableGroup (at1 : org.frcpm.models.TeamMember.assignedTasks) {
          primaryTableReference : task_assignments as at1_0
          TableGroupJoins {
             join LazyTableGroup (at1 : org.frcpm.models.TeamMember.assignedTasks.{element}) {
              primaryTableReference : tasks as at1_1
              TableGroupJoins {
                left  join LazyTableGroup (p1 : org.frcpm.models.TeamMember.assignedTasks.{element}.project) {
                }
                left  join LazyTableGroup (s1 : org.frcpm.models.TeamMember.assignedTasks.{element}.subsystem) {
                }
              }
            }
          }
        }
      }
    }

10:24:16.501 [main] DEBUG org.hibernate.orm.jdbc.mutation - Static SQL for collection: org.frcpm.models.TeamMember.assignedTasks
10:24:16.501 [main] DEBUG org.hibernate.orm.sql.ast.create - Created new SQL alias : a1_0
10:24:16.501 [main] DEBUG org.hibernate.orm.sql.ast.create - Registration of TableGroup [org.hibernate.sql.ast.tree.from.OneToManyTableGroup@14575329] with identifierForTableGroup [org.frcpm.models.Meeting.attendances] for NavigablePath [org.frcpm.models.Meeting.attendances] 
10:24:16.501 [main] DEBUG org.hibernate.orm.sql.ast.create - Registration of TableGroup [StandardTableGroup(org.frcpm.models.Meeting.attendances.{element})] with identifierForTableGroup [org.frcpm.models.Meeting.attendances.{element}] for NavigablePath [org.frcpm.models.Meeting.attendances.{element}] 
10:24:16.501 [main] DEBUG org.hibernate.orm.sql.ast.create - Registration of TableGroup [org.hibernate.sql.ast.tree.from.LazyTableGroup@73f4fd69] with identifierForTableGroup [org.frcpm.models.Meeting.attendances.{element}.meeting] for NavigablePath [org.frcpm.models.Meeting.attendances.{element}.meeting] 
10:24:16.501 [main] DEBUG org.hibernate.orm.sql.ast.create - Registration of TableGroup [org.hibernate.sql.ast.tree.from.LazyTableGroup@1e0cf49c] with identifierForTableGroup [org.frcpm.models.Meeting.attendances.{element}.member] for NavigablePath [org.frcpm.models.Meeting.attendances.{element}.member] 
10:24:16.501 [main] DEBUG org.hibernate.orm.results.graph.AST - DomainResult Graph:
 \-CollectionDomainResult [org.frcpm.models.Meeting.attendances]

10:24:16.501 [main] DEBUG org.hibernate.orm.sql.ast.tree - SQL AST Tree:
    SelectStatement {
      FromClause {
        OneToManyTableGroup (a1 : org.frcpm.models.Meeting.attendances) {
          primaryTableReference : attendances as a1_0
          TableGroupJoins {
            left  join LazyTableGroup (m1 : org.frcpm.models.Meeting.attendances.{element}.meeting) {
            }
            left  join LazyTableGroup (m2 : org.frcpm.models.Meeting.attendances.{element}.member) {
            }
          }
        }
      }
    }

10:24:16.501 [main] DEBUG org.hibernate.orm.jdbc.mutation - Static SQL for collection: org.frcpm.models.Meeting.attendances
10:24:16.501 [main] DEBUG org.hibernate.orm.sql.ast.create - Created new SQL alias : pd1_0
10:24:16.501 [main] DEBUG org.hibernate.orm.sql.ast.create - Registration of TableGroup [CollectionTableGroup(org.frcpm.models.Task.postDependencies)] with identifierForTableGroup [org.frcpm.models.Task.postDependencies] for NavigablePath [org.frcpm.models.Task.postDependencies] 
10:24:16.501 [main] DEBUG org.hibernate.orm.sql.ast.create - Registration of TableGroup [org.hibernate.sql.ast.tree.from.LazyTableGroup@64a79ebe] with identifierForTableGroup [org.frcpm.models.Task.postDependencies.{element}] for NavigablePath [org.frcpm.models.Task.postDependencies.{element}] 
10:24:16.501 [main] DEBUG org.hibernate.orm.sql.ast.create - Created new SQL alias : pd1_1
10:24:16.501 [main] DEBUG org.hibernate.orm.sql.ast.create - Registration of TableGroup [org.hibernate.sql.ast.tree.from.LazyTableGroup@70f5b51c] with identifierForTableGroup [org.frcpm.models.Task.postDependencies.{element}.project] for NavigablePath [org.frcpm.models.Task.postDependencies.{element}.project] 
10:24:16.501 [main] DEBUG org.hibernate.orm.sql.ast.create - Registration of TableGroup [org.hibernate.sql.ast.tree.from.LazyTableGroup@580aa39b] with identifierForTableGroup [org.frcpm.models.Task.postDependencies.{element}.subsystem] for NavigablePath [org.frcpm.models.Task.postDependencies.{element}.subsystem] 
10:24:16.501 [main] DEBUG org.hibernate.orm.results.graph.AST - DomainResult Graph:
 \-CollectionDomainResult [org.frcpm.models.Task.postDependencies]

10:24:16.501 [main] DEBUG org.hibernate.orm.sql.ast.tree - SQL AST Tree:
    SelectStatement {
      FromClause {
        CollectionTableGroup (pd1 : org.frcpm.models.Task.postDependencies) {
          primaryTableReference : task_dependencies as pd1_0
          TableGroupJoins {
             join LazyTableGroup (pd1 : org.frcpm.models.Task.postDependencies.{element}) {
              primaryTableReference : tasks as pd1_1
              TableGroupJoins {
                left  join LazyTableGroup (p1 : org.frcpm.models.Task.postDependencies.{element}.project) {
                }
                left  join LazyTableGroup (s1 : org.frcpm.models.Task.postDependencies.{element}.subsystem) {
                }
              }
            }
          }
        }
      }
    }

10:24:16.501 [main] DEBUG org.hibernate.orm.jdbc.mutation - Static SQL for collection: org.frcpm.models.Task.postDependencies
10:24:16.501 [main] DEBUG org.hibernate.orm.sql.ast.create - Created new SQL alias : t1_0
10:24:16.501 [main] DEBUG org.hibernate.orm.sql.ast.create - Registration of TableGroup [org.hibernate.sql.ast.tree.from.OneToManyTableGroup@5d008c13] with identifierForTableGroup [org.frcpm.models.Project.tasks] for NavigablePath [org.frcpm.models.Project.tasks] 
10:24:16.501 [main] DEBUG org.hibernate.orm.sql.ast.create - Registration of TableGroup [StandardTableGroup(org.frcpm.models.Project.tasks.{element})] with identifierForTableGroup [org.frcpm.models.Project.tasks.{element}] for NavigablePath [org.frcpm.models.Project.tasks.{element}] 
10:24:16.501 [main] DEBUG org.hibernate.orm.sql.ast.create - Registration of TableGroup [org.hibernate.sql.ast.tree.from.LazyTableGroup@7431586e] with identifierForTableGroup [org.frcpm.models.Project.tasks.{element}.project] for NavigablePath [org.frcpm.models.Project.tasks.{element}.project] 
10:24:16.501 [main] DEBUG org.hibernate.orm.sql.ast.create - Registration of TableGroup [org.hibernate.sql.ast.tree.from.LazyTableGroup@7d0c52a3] with identifierForTableGroup [org.frcpm.models.Project.tasks.{element}.subsystem] for NavigablePath [org.frcpm.models.Project.tasks.{element}.subsystem] 
10:24:16.501 [main] DEBUG org.hibernate.orm.results.graph.AST - DomainResult Graph:
 \-CollectionDomainResult [org.frcpm.models.Project.tasks]

10:24:16.501 [main] DEBUG org.hibernate.orm.sql.ast.tree - SQL AST Tree:
    SelectStatement {
      FromClause {
        OneToManyTableGroup (t1 : org.frcpm.models.Project.tasks) {
          primaryTableReference : tasks as t1_0
          TableGroupJoins {
            left  join LazyTableGroup (p1 : org.frcpm.models.Project.tasks.{element}.project) {
            }
            left  join LazyTableGroup (s1 : org.frcpm.models.Project.tasks.{element}.subsystem) {
            }
          }
        }
      }
    }

10:24:16.501 [main] DEBUG org.hibernate.orm.jdbc.mutation - Static SQL for collection: org.frcpm.models.Project.tasks
10:24:16.502 [FRC-PM-HikariCP connection adder] DEBUG com.zaxxer.hikari.pool.HikariPool - FRC-PM-HikariCP - Added connection conn21: url=jdbc:h2:file:C:\Users\dhiebert\.frcpm\frcpm user=SA
10:24:16.504 [main] DEBUG org.hibernate.type.spi.TypeConfiguration$Scope - Scoping TypeConfiguration [org.hibernate.type.spi.TypeConfiguration@1429d048] to SessionFactoryImplementor [org.hibernate.internal.SessionFactoryImpl@154a1ee4]
10:24:16.504 [main] DEBUG org.hibernate.query.named.NamedObjectRepository - Checking 0 named HQL queries
10:24:16.504 [main] DEBUG org.hibernate.query.named.NamedObjectRepository - Checking 0 named SQL queries
10:24:16.505 [main] DEBUG org.hibernate.mapping.Table - No alter strings for table : attendances
10:24:16.505 [main] DEBUG org.hibernate.SQL - alter table if exists components alter column description set data type TEXT
10:24:16.505 [main] DEBUG org.hibernate.SQL - alter table if exists meetings alter column notes set data type TEXT
10:24:16.505 [main] DEBUG org.hibernate.SQL - alter table if exists milestones alter column description set data type TEXT
10:24:16.505 [main] DEBUG org.hibernate.SQL - alter table if exists projects alter column description set data type TEXT
10:24:16.505 [main] DEBUG org.hibernate.SQL - alter table if exists subsystems alter column description set data type TEXT
10:24:16.506 [main] DEBUG org.hibernate.SQL - alter table if exists subteams alter column specialties set data type TEXT
10:24:16.506 [main] DEBUG org.hibernate.mapping.Table - No alter strings for table : task_assignments
10:24:16.506 [main] DEBUG org.hibernate.mapping.Table - No alter strings for table : task_components
10:24:16.506 [main] DEBUG org.hibernate.mapping.Table - No alter strings for table : task_dependencies
10:24:16.506 [main] DEBUG org.hibernate.SQL - alter table if exists tasks alter column description set data type TEXT
10:24:16.506 [main] DEBUG org.hibernate.SQL - alter table if exists team_members alter column skills set data type TEXT
10:24:16.506 [main] DEBUG org.hibernate.SQL - alter table if exists attendances drop constraint if exists UKa8ydr6vrgbux3a27v7enb0y3x
10:24:16.506 [main] DEBUG org.hibernate.SQL - alter table if exists attendances add constraint UKa8ydr6vrgbux3a27v7enb0y3x unique (meeting_id, member_id)
10:24:16.510 [main] DEBUG org.hibernate.internal.SessionFactoryRegistry - Registering SessionFactory: 92158688-a5e6-4bb7-9db9-330e11ff7ba8 (<unnamed>)
10:24:16.510 [main] DEBUG org.hibernate.internal.SessionFactoryRegistry - Not binding SessionFactory to JNDI, no JNDI name configured
10:24:16.510 [main] DEBUG org.hibernate.internal.SessionFactoryImpl - Instantiated SessionFactory
10:24:16.512 [main] DEBUG org.hibernate.stat.internal.StatisticsInitiator - Statistics initialized [enabled=false]
10:24:16.512 [main] DEBUG org.hibernate.engine.transaction.internal.TransactionImpl - On TransactionImpl creation, JpaCompliance#isJpaTransactionComplianceEnabled == false
10:24:16.512 [main] DEBUG org.hibernate.engine.transaction.internal.TransactionImpl - begin
10:24:16.512 [main] DEBUG org.hibernate.engine.spi.ActionQueue - Executing identity-insert immediately
10:24:16.512 [main] DEBUG org.hibernate.SQL - insert into projects (description,goal_end_date,hard_deadline,name,start_date,id) values (?,?,?,?,?,default)
10:24:16.513 [main] DEBUG org.hibernate.orm.results - Initializer list is empty
10:24:16.514 [main] DEBUG org.hibernate.orm.results.loading - Calling top-level assembler (0 / 1) : org.hibernate.sql.results.graph.basic.BasicResultAssembler@68ad586f
10:24:16.514 [main] DEBUG org.hibernate.orm.results - Extracted JDBC value [0] - [167]
10:24:16.514 [main] DEBUG org.hibernate.id.IdentifierGeneratorHelper - Extracted generated values [org.frcpm.models.Project]: [Ljava.lang.Object;@784fad36
10:24:16.515 [main] DEBUG org.hibernate.event.internal.AbstractFlushingEventListener - Processing flush-time cascades
10:24:16.515 [main] DEBUG org.hibernate.event.internal.AbstractFlushingEventListener - Dirty checking collections
10:24:16.515 [main] DEBUG org.hibernate.engine.internal.Collections - Collection found: [org.frcpm.models.Project.meetings#167], was: [<unreferenced>] (initialized)
10:24:16.515 [main] DEBUG org.hibernate.engine.internal.Collections - Collection found: [org.frcpm.models.Project.milestones#167], was: [<unreferenced>] (initialized)
10:24:16.515 [main] DEBUG org.hibernate.engine.internal.Collections - Collection found: [org.frcpm.models.Project.tasks#167], was: [<unreferenced>] (initialized)
10:24:16.516 [main] DEBUG org.hibernate.event.internal.AbstractFlushingEventListener - Flushed: 0 insertions, 0 updates, 0 deletions to 1 objects
10:24:16.516 [main] DEBUG org.hibernate.event.internal.AbstractFlushingEventListener - Flushed: 3 (re)creations, 0 updates, 0 removals to 3 collections
10:24:16.516 [main] DEBUG org.hibernate.internal.util.EntityPrinter - Listing entities:
10:24:16.517 [main] DEBUG org.hibernate.internal.util.EntityPrinter - org.frcpm.models.Project{hardDeadline=2025-06-20, name=Test Attendance Project, description=null, meetings=[], id=167, goalEndDate=2025-06-06, milestones=[], startDate=2025-04-25, tasks=[]}
10:24:16.517 [main] DEBUG org.hibernate.engine.transaction.internal.TransactionImpl - committing
10:24:16.517 [main] DEBUG org.hibernate.event.internal.AbstractFlushingEventListener - Processing flush-time cascades
10:24:16.517 [main] DEBUG org.hibernate.event.internal.AbstractFlushingEventListener - Dirty checking collections
10:24:16.518 [main] DEBUG org.hibernate.engine.internal.Collections - Collection found: [org.frcpm.models.Project.meetings#167], was: [org.frcpm.models.Project.meetings#167] (initialized)
10:24:16.518 [main] DEBUG org.hibernate.engine.internal.Collections - Collection found: [org.frcpm.models.Project.milestones#167], was: [org.frcpm.models.Project.milestones#167] (initialized)
10:24:16.518 [main] DEBUG org.hibernate.engine.internal.Collections - Collection found: [org.frcpm.models.Project.tasks#167], was: [org.frcpm.models.Project.tasks#167] (initialized)
10:24:16.518 [main] DEBUG org.hibernate.event.internal.AbstractFlushingEventListener - Flushed: 0 insertions, 0 updates, 0 deletions to 1 objects
10:24:16.518 [main] DEBUG org.hibernate.event.internal.AbstractFlushingEventListener - Flushed: 0 (re)creations, 0 updates, 0 removals to 3 collections
10:24:16.518 [main] DEBUG org.hibernate.internal.util.EntityPrinter - Listing entities:
10:24:16.518 [main] DEBUG org.hibernate.internal.util.EntityPrinter - org.frcpm.models.Project{hardDeadline=2025-06-20, name=Test Attendance Project, description=null, meetings=[], id=167, goalEndDate=2025-06-06, milestones=[], startDate=2025-04-25, tasks=[]}
10:24:16.518 [main] DEBUG org.hibernate.resource.jdbc.internal.LogicalConnectionManagedImpl - Initiating JDBC connection release from afterTransaction
10:24:16.518 [main] DEBUG org.hibernate.resource.jdbc.internal.LogicalConnectionManagedImpl - Initiating JDBC connection release from afterTransaction
10:24:16.518 [main] DEBUG org.hibernate.engine.transaction.internal.TransactionImpl - On TransactionImpl creation, JpaCompliance#isJpaTransactionComplianceEnabled == false
10:24:16.518 [main] DEBUG org.hibernate.engine.transaction.internal.TransactionImpl - begin
10:24:16.519 [main] DEBUG org.hibernate.engine.spi.ActionQueue - Executing identity-insert immediately
10:24:16.519 [main] DEBUG org.hibernate.SQL - insert into meetings (date,end_time,notes,project_id,start_time,id) values (?,?,?,?,?,default)
10:24:16.520 [main] DEBUG org.hibernate.orm.results - Initializer list is empty
10:24:16.520 [main] DEBUG org.hibernate.orm.results.loading - Calling top-level assembler (0 / 1) : org.hibernate.sql.results.graph.basic.BasicResultAssembler@433c1f40
10:24:16.520 [main] DEBUG org.hibernate.orm.results - Extracted JDBC value [0] - [101]
10:24:16.520 [main] DEBUG org.hibernate.id.IdentifierGeneratorHelper - Extracted generated values [org.frcpm.models.Meeting]: [Ljava.lang.Object;@7bc12bc7
10:24:16.520 [main] DEBUG org.hibernate.event.internal.AbstractFlushingEventListener - Processing flush-time cascades
10:24:16.520 [main] DEBUG org.hibernate.event.internal.AbstractFlushingEventListener - Dirty checking collections
10:24:16.520 [main] DEBUG org.hibernate.engine.internal.Collections - Collection found: [org.frcpm.models.Meeting.attendances#101], was: [<unreferenced>] (initialized)
10:24:16.520 [main] DEBUG org.hibernate.event.internal.AbstractFlushingEventListener - Flushed: 0 insertions, 0 updates, 0 deletions to 1 objects
10:24:16.520 [main] DEBUG org.hibernate.event.internal.AbstractFlushingEventListener - Flushed: 1 (re)creations, 0 updates, 0 removals to 1 collections
10:24:16.520 [main] DEBUG org.hibernate.internal.util.EntityPrinter - Listing entities:
10:24:16.520 [main] DEBUG org.hibernate.internal.util.EntityPrinter - org.frcpm.models.Meeting{date=2025-04-26, notes=null, project=org.frcpm.models.Project#167, startTime=18:00, id=101, endTime=20:00, attendances=[]}
10:24:16.520 [main] DEBUG org.hibernate.engine.transaction.internal.TransactionImpl - committing
10:24:16.520 [main] DEBUG org.hibernate.event.internal.AbstractFlushingEventListener - Processing flush-time cascades
10:24:16.520 [main] DEBUG org.hibernate.event.internal.AbstractFlushingEventListener - Dirty checking collections
10:24:16.520 [main] DEBUG org.hibernate.engine.internal.Collections - Collection found: [org.frcpm.models.Meeting.attendances#101], was: [org.frcpm.models.Meeting.attendances#101] (initialized)
10:24:16.520 [main] DEBUG org.hibernate.event.internal.AbstractFlushingEventListener - Flushed: 0 insertions, 0 updates, 0 deletions to 1 objects
10:24:16.520 [main] DEBUG org.hibernate.event.internal.AbstractFlushingEventListener - Flushed: 0 (re)creations, 0 updates, 0 removals to 1 collections
10:24:16.520 [main] DEBUG org.hibernate.internal.util.EntityPrinter - Listing entities:
10:24:16.520 [main] DEBUG org.hibernate.internal.util.EntityPrinter - org.frcpm.models.Meeting{date=2025-04-26, notes=null, project=org.frcpm.models.Project#167, startTime=18:00, id=101, endTime=20:00, attendances=[]}
10:24:16.521 [main] DEBUG org.hibernate.resource.jdbc.internal.LogicalConnectionManagedImpl - Initiating JDBC connection release from afterTransaction
10:24:16.521 [main] DEBUG org.hibernate.resource.jdbc.internal.LogicalConnectionManagedImpl - Initiating JDBC connection release from afterTransaction
10:24:16.521 [main] DEBUG org.hibernate.engine.transaction.internal.TransactionImpl - On TransactionImpl creation, JpaCompliance#isJpaTransactionComplianceEnabled == false
10:24:16.521 [main] DEBUG org.hibernate.engine.transaction.internal.TransactionImpl - begin
10:24:16.521 [main] DEBUG org.hibernate.engine.spi.ActionQueue - Executing identity-insert immediately
10:24:16.521 [main] DEBUG org.hibernate.SQL - insert into team_members (email,first_name,last_name,is_leader,phone,skills,subteam_id,username,id) values (?,?,?,?,?,?,?,?,default)
10:24:16.522 [main] DEBUG org.hibernate.orm.results - Initializer list is empty
10:24:16.522 [main] DEBUG org.hibernate.orm.results.loading - Calling top-level assembler (0 / 1) : org.hibernate.sql.results.graph.basic.BasicResultAssembler@43d2de72
10:24:16.522 [main] DEBUG org.hibernate.orm.results - Extracted JDBC value [0] - [157]
10:24:16.522 [main] DEBUG org.hibernate.id.IdentifierGeneratorHelper - Extracted generated values [org.frcpm.models.TeamMember]: [Ljava.lang.Object;@6fc51536
10:24:16.522 [main] DEBUG org.hibernate.event.internal.AbstractFlushingEventListener - Processing flush-time cascades
10:24:16.522 [main] DEBUG org.hibernate.event.internal.AbstractFlushingEventListener - Dirty checking collections
10:24:16.522 [main] DEBUG org.hibernate.engine.internal.Collections - Collection found: [org.frcpm.models.TeamMember.assignedTasks#157], was: [<unreferenced>] (initialized)
10:24:16.522 [main] DEBUG org.hibernate.engine.internal.Collections - Collection found: [org.frcpm.models.TeamMember.attendances#157], was: [<unreferenced>] (initialized)
10:24:16.522 [main] DEBUG org.hibernate.event.internal.AbstractFlushingEventListener - Flushed: 0 insertions, 0 updates, 0 deletions to 1 objects
10:24:16.522 [main] DEBUG org.hibernate.event.internal.AbstractFlushingEventListener - Flushed: 2 (re)creations, 0 updates, 0 removals to 2 collections
10:24:16.522 [main] DEBUG org.hibernate.internal.util.EntityPrinter - Listing entities:
10:24:16.522 [main] DEBUG org.hibernate.internal.util.EntityPrinter - org.frcpm.models.TeamMember{skills=null, firstName=Attendance, lastName=Test1, leader=false, subteam=null, phone=null, id=157, attendances=[], email=attendance1@example.com, assignedTasks=[], username=attendancetest1}
10:24:16.522 [main] DEBUG org.hibernate.engine.transaction.internal.TransactionImpl - committing
10:24:16.522 [main] DEBUG org.hibernate.event.internal.AbstractFlushingEventListener - Processing flush-time cascades
10:24:16.522 [main] DEBUG org.hibernate.event.internal.AbstractFlushingEventListener - Dirty checking collections
10:24:16.522 [main] DEBUG org.hibernate.engine.internal.Collections - Collection found: [org.frcpm.models.TeamMember.assignedTasks#157], was: [org.frcpm.models.TeamMember.assignedTasks#157] (initialized)
10:24:16.522 [main] DEBUG org.hibernate.engine.internal.Collections - Collection found: [org.frcpm.models.TeamMember.attendances#157], was: [org.frcpm.models.TeamMember.attendances#157] (initialized)
10:24:16.522 [main] DEBUG org.hibernate.event.internal.AbstractFlushingEventListener - Flushed: 0 insertions, 0 updates, 0 deletions to 1 objects
10:24:16.522 [main] DEBUG org.hibernate.event.internal.AbstractFlushingEventListener - Flushed: 0 (re)creations, 0 updates, 0 removals to 2 collections
10:24:16.522 [main] DEBUG org.hibernate.internal.util.EntityPrinter - Listing entities:
10:24:16.523 [main] DEBUG org.hibernate.internal.util.EntityPrinter - org.frcpm.models.TeamMember{skills=null, firstName=Attendance, lastName=Test1, leader=false, subteam=null, phone=null, id=157, attendances=[], email=attendance1@example.com, assignedTasks=[], username=attendancetest1}
10:24:16.523 [main] DEBUG org.hibernate.resource.jdbc.internal.LogicalConnectionManagedImpl - Initiating JDBC connection release from afterTransaction
10:24:16.523 [main] DEBUG org.hibernate.resource.jdbc.internal.LogicalConnectionManagedImpl - Initiating JDBC connection release from afterTransaction
10:24:16.523 [main] DEBUG org.hibernate.engine.transaction.internal.TransactionImpl - On TransactionImpl creation, JpaCompliance#isJpaTransactionComplianceEnabled == false
10:24:16.523 [main] DEBUG org.hibernate.engine.transaction.internal.TransactionImpl - begin
10:24:16.523 [main] DEBUG org.hibernate.engine.spi.ActionQueue - Executing identity-insert immediately
10:24:16.523 [main] DEBUG org.hibernate.SQL - insert into team_members (email,first_name,last_name,is_leader,phone,skills,subteam_id,username,id) values (?,?,?,?,?,?,?,?,default)
10:24:16.524 [main] DEBUG org.hibernate.orm.results - Initializer list is empty
10:24:16.524 [main] DEBUG org.hibernate.orm.results.loading - Calling top-level assembler (0 / 1) : org.hibernate.sql.results.graph.basic.BasicResultAssembler@27b6fcb1
10:24:16.524 [main] DEBUG org.hibernate.orm.results - Extracted JDBC value [0] - [158]
10:24:16.524 [main] DEBUG org.hibernate.id.IdentifierGeneratorHelper - Extracted generated values [org.frcpm.models.TeamMember]: [Ljava.lang.Object;@3aa8d093
10:24:16.524 [main] DEBUG org.hibernate.event.internal.AbstractFlushingEventListener - Processing flush-time cascades
10:24:16.524 [main] DEBUG org.hibernate.event.internal.AbstractFlushingEventListener - Dirty checking collections
10:24:16.524 [main] DEBUG org.hibernate.engine.internal.Collections - Collection found: [org.frcpm.models.TeamMember.assignedTasks#158], was: [<unreferenced>] (initialized)
10:24:16.524 [main] DEBUG org.hibernate.engine.internal.Collections - Collection found: [org.frcpm.models.TeamMember.attendances#158], was: [<unreferenced>] (initialized)
10:24:16.524 [main] DEBUG org.hibernate.event.internal.AbstractFlushingEventListener - Flushed: 0 insertions, 0 updates, 0 deletions to 1 objects
10:24:16.524 [main] DEBUG org.hibernate.event.internal.AbstractFlushingEventListener - Flushed: 2 (re)creations, 0 updates, 0 removals to 2 collections
10:24:16.524 [main] DEBUG org.hibernate.internal.util.EntityPrinter - Listing entities:
10:24:16.524 [main] DEBUG org.hibernate.internal.util.EntityPrinter - org.frcpm.models.TeamMember{skills=null, firstName=Attendance, lastName=Test2, leader=false, subteam=null, phone=null, id=158, attendances=[], email=attendance2@example.com, assignedTasks=[], username=attendancetest2}
10:24:16.524 [main] DEBUG org.hibernate.engine.transaction.internal.TransactionImpl - committing
10:24:16.524 [main] DEBUG org.hibernate.event.internal.AbstractFlushingEventListener - Processing flush-time cascades
10:24:16.524 [main] DEBUG org.hibernate.event.internal.AbstractFlushingEventListener - Dirty checking collections
10:24:16.524 [main] DEBUG org.hibernate.engine.internal.Collections - Collection found: [org.frcpm.models.TeamMember.assignedTasks#158], was: [org.frcpm.models.TeamMember.assignedTasks#158] (initialized)
10:24:16.524 [main] DEBUG org.hibernate.engine.internal.Collections - Collection found: [org.frcpm.models.TeamMember.attendances#158], was: [org.frcpm.models.TeamMember.attendances#158] (initialized)
10:24:16.524 [main] DEBUG org.hibernate.event.internal.AbstractFlushingEventListener - Flushed: 0 insertions, 0 updates, 0 deletions to 1 objects
10:24:16.524 [main] DEBUG org.hibernate.event.internal.AbstractFlushingEventListener - Flushed: 0 (re)creations, 0 updates, 0 removals to 2 collections
10:24:16.524 [main] DEBUG org.hibernate.internal.util.EntityPrinter - Listing entities:
10:24:16.524 [main] DEBUG org.hibernate.internal.util.EntityPrinter - org.frcpm.models.TeamMember{skills=null, firstName=Attendance, lastName=Test2, leader=false, subteam=null, phone=null, id=158, attendances=[], email=attendance2@example.com, assignedTasks=[], username=attendancetest2}
10:24:16.524 [main] DEBUG org.hibernate.resource.jdbc.internal.LogicalConnectionManagedImpl - Initiating JDBC connection release from afterTransaction
10:24:16.524 [main] DEBUG org.hibernate.resource.jdbc.internal.LogicalConnectionManagedImpl - Initiating JDBC connection release from afterTransaction
10:24:16.524 [main] DEBUG org.hibernate.engine.transaction.internal.TransactionImpl - On TransactionImpl creation, JpaCompliance#isJpaTransactionComplianceEnabled == false
10:24:16.524 [main] DEBUG org.hibernate.engine.transaction.internal.TransactionImpl - begin
10:24:16.524 [main] DEBUG org.hibernate.engine.spi.ActionQueue - Executing identity-insert immediately
10:24:16.525 [main] DEBUG org.hibernate.SQL - insert into attendances (arrival_time,departure_time,meeting_id,member_id,present,id) values (?,?,?,?,?,default)
10:24:16.525 [main] DEBUG org.hibernate.orm.results - Initializer list is empty
10:24:16.525 [main] DEBUG org.hibernate.orm.results.loading - Calling top-level assembler (0 / 1) : org.hibernate.sql.results.graph.basic.BasicResultAssembler@55bc3eab
10:24:16.525 [main] DEBUG org.hibernate.orm.results - Extracted JDBC value [0] - [100]
10:24:16.525 [main] DEBUG org.hibernate.id.IdentifierGeneratorHelper - Extracted generated values [org.frcpm.models.Attendance]: [Ljava.lang.Object;@6747ffc6
10:24:16.525 [main] DEBUG org.hibernate.event.internal.AbstractFlushingEventListener - Processing flush-time cascades
10:24:16.525 [main] DEBUG org.hibernate.event.internal.AbstractFlushingEventListener - Dirty checking collections
10:24:16.525 [main] DEBUG org.hibernate.event.internal.AbstractFlushingEventListener - Flushed: 0 insertions, 0 updates, 0 deletions to 1 objects
10:24:16.525 [main] DEBUG org.hibernate.event.internal.AbstractFlushingEventListener - Flushed: 0 (re)creations, 0 updates, 0 removals to 0 collections
10:24:16.525 [main] DEBUG org.hibernate.internal.util.EntityPrinter - Listing entities:
10:24:16.525 [main] DEBUG org.hibernate.internal.util.EntityPrinter - org.frcpm.models.Attendance{departureTime=20:00, arrivalTime=18:00, member=org.frcpm.models.TeamMember#157, id=100, present=true, meeting=org.frcpm.models.Meeting#101}
10:24:16.525 [main] DEBUG org.hibernate.engine.transaction.internal.TransactionImpl - committing
10:24:16.525 [main] DEBUG org.hibernate.event.internal.AbstractFlushingEventListener - Processing flush-time cascades
10:24:16.525 [main] DEBUG org.hibernate.event.internal.AbstractFlushingEventListener - Dirty checking collections
10:24:16.525 [main] DEBUG org.hibernate.event.internal.AbstractFlushingEventListener - Flushed: 0 insertions, 0 updates, 0 deletions to 1 objects
10:24:16.525 [main] DEBUG org.hibernate.event.internal.AbstractFlushingEventListener - Flushed: 0 (re)creations, 0 updates, 0 removals to 0 collections
10:24:16.525 [main] DEBUG org.hibernate.internal.util.EntityPrinter - Listing entities:
10:24:16.525 [main] DEBUG org.hibernate.internal.util.EntityPrinter - org.frcpm.models.Attendance{departureTime=20:00, arrivalTime=18:00, member=org.frcpm.models.TeamMember#157, id=100, present=true, meeting=org.frcpm.models.Meeting#101}
10:24:16.525 [main] DEBUG org.hibernate.resource.jdbc.internal.LogicalConnectionManagedImpl - Initiating JDBC connection release from afterTransaction
10:24:16.525 [main] DEBUG org.hibernate.resource.jdbc.internal.LogicalConnectionManagedImpl - Initiating JDBC connection release from afterTransaction
10:24:16.525 [main] DEBUG org.hibernate.engine.transaction.internal.TransactionImpl - On TransactionImpl creation, JpaCompliance#isJpaTransactionComplianceEnabled == false
10:24:16.525 [main] DEBUG org.hibernate.engine.transaction.internal.TransactionImpl - begin
10:24:16.525 [main] DEBUG org.hibernate.engine.spi.ActionQueue - Executing identity-insert immediately
10:24:16.525 [main] DEBUG org.hibernate.SQL - insert into attendances (arrival_time,departure_time,meeting_id,member_id,present,id) values (?,?,?,?,?,default)
10:24:16.525 [main] DEBUG org.hibernate.orm.results - Initializer list is empty
10:24:16.525 [main] DEBUG org.hibernate.orm.results.loading - Calling top-level assembler (0 / 1) : org.hibernate.sql.results.graph.basic.BasicResultAssembler@1ee9a95f
10:24:16.525 [main] DEBUG org.hibernate.orm.results - Extracted JDBC value [0] - [101]
10:24:16.525 [main] DEBUG org.hibernate.id.IdentifierGeneratorHelper - Extracted generated values [org.frcpm.models.Attendance]: [Ljava.lang.Object;@24478df5
10:24:16.525 [main] DEBUG org.hibernate.event.internal.AbstractFlushingEventListener - Processing flush-time cascades
10:24:16.525 [main] DEBUG org.hibernate.event.internal.AbstractFlushingEventListener - Dirty checking collections
10:24:16.525 [main] DEBUG org.hibernate.event.internal.AbstractFlushingEventListener - Flushed: 0 insertions, 0 updates, 0 deletions to 1 objects
10:24:16.525 [main] DEBUG org.hibernate.event.internal.AbstractFlushingEventListener - Flushed: 0 (re)creations, 0 updates, 0 removals to 0 collections
10:24:16.525 [main] DEBUG org.hibernate.internal.util.EntityPrinter - Listing entities:
10:24:16.525 [main] DEBUG org.hibernate.internal.util.EntityPrinter - org.frcpm.models.Attendance{departureTime=null, arrivalTime=null, member=org.frcpm.models.TeamMember#158, id=101, present=false, meeting=org.frcpm.models.Meeting#101}
10:24:16.525 [main] DEBUG org.hibernate.engine.transaction.internal.TransactionImpl - committing
10:24:16.525 [main] DEBUG org.hibernate.event.internal.AbstractFlushingEventListener - Processing flush-time cascades
10:24:16.525 [main] DEBUG org.hibernate.event.internal.AbstractFlushingEventListener - Dirty checking collections
10:24:16.527 [main] DEBUG org.hibernate.event.internal.AbstractFlushingEventListener - Flushed: 0 insertions, 0 updates, 0 deletions to 1 objects
10:24:16.527 [main] DEBUG org.hibernate.event.internal.AbstractFlushingEventListener - Flushed: 0 (re)creations, 0 updates, 0 removals to 0 collections
10:24:16.527 [main] DEBUG org.hibernate.internal.util.EntityPrinter - Listing entities:
10:24:16.527 [main] DEBUG org.hibernate.internal.util.EntityPrinter - org.frcpm.models.Attendance{departureTime=null, arrivalTime=null, member=org.frcpm.models.TeamMember#158, id=101, present=false, meeting=org.frcpm.models.Meeting#101}
10:24:16.527 [main] DEBUG org.hibernate.resource.jdbc.internal.LogicalConnectionManagedImpl - Initiating JDBC connection release from afterTransaction
10:24:16.527 [main] DEBUG org.hibernate.resource.jdbc.internal.LogicalConnectionManagedImpl - Initiating JDBC connection release from afterTransaction
10:24:16.527 [main] DEBUG org.hibernate.engine.transaction.internal.TransactionImpl - On TransactionImpl creation, JpaCompliance#isJpaTransactionComplianceEnabled == false
10:24:16.527 [main] DEBUG org.hibernate.engine.transaction.internal.TransactionImpl - begin
10:24:16.527 [main] DEBUG org.hibernate.engine.spi.ActionQueue - Executing identity-insert immediately
10:24:16.527 [main] DEBUG org.hibernate.SQL - insert into meetings (date,end_time,notes,project_id,start_time,id) values (?,?,?,?,?,default)
10:24:16.528 [main] DEBUG org.hibernate.orm.results - Initializer list is empty
10:24:16.528 [main] DEBUG org.hibernate.orm.results.loading - Calling top-level assembler (0 / 1) : org.hibernate.sql.results.graph.basic.BasicResultAssembler@3787cfda
10:24:16.528 [main] DEBUG org.hibernate.orm.results - Extracted JDBC value [0] - [102]
10:24:16.528 [main] DEBUG org.hibernate.id.IdentifierGeneratorHelper - Extracted generated values [org.frcpm.models.Meeting]: [Ljava.lang.Object;@3ae95541
10:24:16.528 [main] DEBUG org.hibernate.event.internal.AbstractFlushingEventListener - Processing flush-time cascades
10:24:16.528 [main] DEBUG org.hibernate.event.internal.AbstractFlushingEventListener - Dirty checking collections
10:24:16.528 [main] DEBUG org.hibernate.engine.internal.Collections - Collection found: [org.frcpm.models.Meeting.attendances#102], was: [<unreferenced>] (initialized)
10:24:16.528 [main] DEBUG org.hibernate.event.internal.AbstractFlushingEventListener - Flushed: 0 insertions, 0 updates, 0 deletions to 1 objects
10:24:16.528 [main] DEBUG org.hibernate.event.internal.AbstractFlushingEventListener - Flushed: 1 (re)creations, 0 updates, 0 removals to 1 collections
10:24:16.529 [main] DEBUG org.hibernate.internal.util.EntityPrinter - Listing entities:
10:24:16.529 [main] DEBUG org.hibernate.internal.util.EntityPrinter - org.frcpm.models.Meeting{date=2025-05-10, notes=null, project=org.frcpm.models.Project#167, startTime=18:00, id=102, endTime=20:00, attendances=[]}
10:24:16.529 [main] DEBUG org.hibernate.engine.transaction.internal.TransactionImpl - committing
10:24:16.529 [main] DEBUG org.hibernate.event.internal.AbstractFlushingEventListener - Processing flush-time cascades
10:24:16.529 [main] DEBUG org.hibernate.event.internal.AbstractFlushingEventListener - Dirty checking collections
10:24:16.529 [main] DEBUG org.hibernate.engine.internal.Collections - Collection found: [org.frcpm.models.Meeting.attendances#102], was: [org.frcpm.models.Meeting.attendances#102] (initialized)
10:24:16.529 [main] DEBUG org.hibernate.event.internal.AbstractFlushingEventListener - Flushed: 0 insertions, 0 updates, 0 deletions to 1 objects
10:24:16.529 [main] DEBUG org.hibernate.event.internal.AbstractFlushingEventListener - Flushed: 0 (re)creations, 0 updates, 0 removals to 1 collections
10:24:16.529 [main] DEBUG org.hibernate.internal.util.EntityPrinter - Listing entities:
10:24:16.529 [main] DEBUG org.hibernate.internal.util.EntityPrinter - org.frcpm.models.Meeting{date=2025-05-10, notes=null, project=org.frcpm.models.Project#167, startTime=18:00, id=102, endTime=20:00, attendances=[]}
10:24:16.530 [main] DEBUG org.hibernate.resource.jdbc.internal.LogicalConnectionManagedImpl - Initiating JDBC connection release from afterTransaction
10:24:16.530 [main] DEBUG org.hibernate.resource.jdbc.internal.LogicalConnectionManagedImpl - Initiating JDBC connection release from afterTransaction
10:24:16.530 [main] DEBUG org.hibernate.engine.transaction.internal.TransactionImpl - On TransactionImpl creation, JpaCompliance#isJpaTransactionComplianceEnabled == false
10:24:16.530 [main] DEBUG org.hibernate.engine.transaction.internal.TransactionImpl - begin
10:24:16.530 [main] DEBUG org.hibernate.engine.spi.ActionQueue - Executing identity-insert immediately
10:24:16.531 [main] DEBUG org.hibernate.SQL - insert into team_members (email,first_name,last_name,is_leader,phone,skills,subteam_id,username,id) values (?,?,?,?,?,?,?,?,default)
10:24:16.531 [main] DEBUG org.hibernate.orm.results - Initializer list is empty
10:24:16.531 [main] DEBUG org.hibernate.orm.results.loading - Calling top-level assembler (0 / 1) : org.hibernate.sql.results.graph.basic.BasicResultAssembler@62fc017c
10:24:16.531 [main] DEBUG org.hibernate.orm.results - Extracted JDBC value [0] - [159]
10:24:16.531 [main] DEBUG org.hibernate.id.IdentifierGeneratorHelper - Extracted generated values [org.frcpm.models.TeamMember]: [Ljava.lang.Object;@144b8b28
10:24:16.531 [main] DEBUG org.hibernate.event.internal.AbstractFlushingEventListener - Processing flush-time cascades
10:24:16.532 [main] DEBUG org.hibernate.event.internal.AbstractFlushingEventListener - Dirty checking collections
10:24:16.532 [main] DEBUG org.hibernate.engine.internal.Collections - Collection found: [org.frcpm.models.TeamMember.assignedTasks#159], was: [<unreferenced>] (initialized)
10:24:16.532 [main] DEBUG org.hibernate.engine.internal.Collections - Collection found: [org.frcpm.models.TeamMember.attendances#159], was: [<unreferenced>] (initialized)
10:24:16.532 [main] DEBUG org.hibernate.event.internal.AbstractFlushingEventListener - Flushed: 0 insertions, 0 updates, 0 deletions to 1 objects
10:24:16.532 [main] DEBUG org.hibernate.event.internal.AbstractFlushingEventListener - Flushed: 2 (re)creations, 0 updates, 0 removals to 2 collections
10:24:16.532 [main] DEBUG org.hibernate.internal.util.EntityPrinter - Listing entities:
10:24:16.532 [main] DEBUG org.hibernate.internal.util.EntityPrinter - org.frcpm.models.TeamMember{skills=null, firstName=DeleteById, lastName=Test, leader=false, subteam=null, phone=null, id=159, attendances=[], email=deletebyid@example.com, assignedTasks=[], username=attendancedeletebyid}
10:24:16.532 [main] DEBUG org.hibernate.engine.transaction.internal.TransactionImpl - committing
10:24:16.532 [main] DEBUG org.hibernate.event.internal.AbstractFlushingEventListener - Processing flush-time cascades
10:24:16.532 [main] DEBUG org.hibernate.event.internal.AbstractFlushingEventListener - Dirty checking collections
10:24:16.532 [main] DEBUG org.hibernate.engine.internal.Collections - Collection found: [org.frcpm.models.TeamMember.assignedTasks#159], was: [org.frcpm.models.TeamMember.assignedTasks#159] (initialized)
10:24:16.532 [main] DEBUG org.hibernate.engine.internal.Collections - Collection found: [org.frcpm.models.TeamMember.attendances#159], was: [org.frcpm.models.TeamMember.attendances#159] (initialized)
10:24:16.532 [main] DEBUG org.hibernate.event.internal.AbstractFlushingEventListener - Flushed: 0 insertions, 0 updates, 0 deletions to 1 objects
10:24:16.532 [main] DEBUG org.hibernate.event.internal.AbstractFlushingEventListener - Flushed: 0 (re)creations, 0 updates, 0 removals to 2 collections
10:24:16.532 [main] DEBUG org.hibernate.internal.util.EntityPrinter - Listing entities:
10:24:16.533 [main] DEBUG org.hibernate.internal.util.EntityPrinter - org.frcpm.models.TeamMember{skills=null, firstName=DeleteById, lastName=Test, leader=false, subteam=null, phone=null, id=159, attendances=[], email=deletebyid@example.com, assignedTasks=[], username=attendancedeletebyid}
10:24:16.533 [main] DEBUG org.hibernate.resource.jdbc.internal.LogicalConnectionManagedImpl - Initiating JDBC connection release from afterTransaction
10:24:16.533 [main] DEBUG org.hibernate.resource.jdbc.internal.LogicalConnectionManagedImpl - Initiating JDBC connection release from afterTransaction
10:24:16.533 [main] DEBUG org.hibernate.engine.transaction.internal.TransactionImpl - On TransactionImpl creation, JpaCompliance#isJpaTransactionComplianceEnabled == false
10:24:16.533 [main] DEBUG org.hibernate.engine.transaction.internal.TransactionImpl - begin
10:24:16.533 [main] DEBUG org.hibernate.engine.spi.ActionQueue - Executing identity-insert immediately
10:24:16.534 [main] DEBUG org.hibernate.SQL - insert into attendances (arrival_time,departure_time,meeting_id,member_id,present,id) values (?,?,?,?,?,default)
10:24:16.534 [main] DEBUG org.hibernate.orm.results - Initializer list is empty
10:24:16.534 [main] DEBUG org.hibernate.orm.results.loading - Calling top-level assembler (0 / 1) : org.hibernate.sql.results.graph.basic.BasicResultAssembler@57f2064a
10:24:16.534 [main] DEBUG org.hibernate.orm.results - Extracted JDBC value [0] - [102]
10:24:16.534 [main] DEBUG org.hibernate.id.IdentifierGeneratorHelper - Extracted generated values [org.frcpm.models.Attendance]: [Ljava.lang.Object;@3ac1665a
10:24:16.535 [main] DEBUG org.hibernate.event.internal.AbstractFlushingEventListener - Processing flush-time cascades
10:24:16.535 [main] DEBUG org.hibernate.event.internal.AbstractFlushingEventListener - Dirty checking collections
10:24:16.535 [main] DEBUG org.hibernate.event.internal.AbstractFlushingEventListener - Flushed: 0 insertions, 0 updates, 0 deletions to 1 objects
10:24:16.535 [main] DEBUG org.hibernate.event.internal.AbstractFlushingEventListener - Flushed: 0 (re)creations, 0 updates, 0 removals to 0 collections
10:24:16.535 [main] DEBUG org.hibernate.internal.util.EntityPrinter - Listing entities:
10:24:16.535 [main] DEBUG org.hibernate.internal.util.EntityPrinter - org.frcpm.models.Attendance{departureTime=null, arrivalTime=18:00, member=org.frcpm.models.TeamMember#159, id=102, present=true, meeting=org.frcpm.models.Meeting#102}
10:24:16.535 [main] DEBUG org.hibernate.engine.transaction.internal.TransactionImpl - committing
10:24:16.535 [main] DEBUG org.hibernate.event.internal.AbstractFlushingEventListener - Processing flush-time cascades
10:24:16.535 [main] DEBUG org.hibernate.event.internal.AbstractFlushingEventListener - Dirty checking collections
10:24:16.535 [main] DEBUG org.hibernate.event.internal.AbstractFlushingEventListener - Flushed: 0 insertions, 0 updates, 0 deletions to 1 objects
10:24:16.535 [main] DEBUG org.hibernate.event.internal.AbstractFlushingEventListener - Flushed: 0 (re)creations, 0 updates, 0 removals to 0 collections
10:24:16.535 [main] DEBUG org.hibernate.internal.util.EntityPrinter - Listing entities:
10:24:16.535 [main] DEBUG org.hibernate.internal.util.EntityPrinter - org.frcpm.models.Attendance{departureTime=null, arrivalTime=18:00, member=org.frcpm.models.TeamMember#159, id=102, present=true, meeting=org.frcpm.models.Meeting#102}
10:24:16.535 [main] DEBUG org.hibernate.resource.jdbc.internal.LogicalConnectionManagedImpl - Initiating JDBC connection release from afterTransaction
10:24:16.535 [main] DEBUG org.hibernate.resource.jdbc.internal.LogicalConnectionManagedImpl - Initiating JDBC connection release from afterTransaction
10:24:16.535 [main] DEBUG org.hibernate.engine.transaction.internal.TransactionImpl - On TransactionImpl creation, JpaCompliance#isJpaTransactionComplianceEnabled == false
10:24:16.535 [main] DEBUG org.hibernate.engine.transaction.internal.TransactionImpl - begin
10:24:16.535 [main] DEBUG org.hibernate.orm.sql.exec - Skipping reading Query result cache data: cache-enabled = false, cache-mode = IGNORE
10:24:16.535 [main] DEBUG org.hibernate.orm.results - Initializer list:
	  org.frcpm.models.Attendance -> EntityResultInitializer(org.frcpm.models.Attendance)@1235513073 (SingleTableEntityPersister(org.frcpm.models.Attendance))
	  org.frcpm.models.Attendance.meeting -> EntityDelayedFetchInitializer(org.frcpm.models.Attendance.meeting)@272040245 (ToOneAttributeMapping(NavigableRole[org.frcpm.models.Attendance.meeting])@1471186223)
	  org.frcpm.models.Attendance.member -> EntityDelayedFetchInitializer(org.frcpm.models.Attendance.member)@1718802997 (ToOneAttributeMapping(NavigableRole[org.frcpm.models.Attendance.member])@206304236)

10:24:16.535 [main] DEBUG org.hibernate.SQL - select a1_0.id,a1_0.arrival_time,a1_0.departure_time,a1_0.meeting_id,a1_0.member_id,a1_0.present from attendances a1_0 where a1_0.id=?
10:24:16.536 [main] DEBUG org.hibernate.orm.results.loading.entity - (EntityResultInitializer) Hydrated EntityKey (org.frcpm.models.Attendance): 102
10:24:16.536 [main] DEBUG org.hibernate.orm.results.loading.entity - (EntityResultInitializer) Created new entity instance [org.frcpm.models.Attendance#102] : 121952789
10:24:16.536 [main] DEBUG org.hibernate.orm.results - Extracted JDBC value [3] - [102]
10:24:16.536 [main] DEBUG org.hibernate.orm.results - Extracted JDBC value [4] - [159]
10:24:16.536 [main] DEBUG org.hibernate.orm.results - Extracted JDBC value [1] - [18:00]
10:24:16.536 [main] DEBUG org.hibernate.orm.results - Extracted JDBC value [2] - [null]
10:24:16.536 [main] DEBUG org.hibernate.orm.results - Extracted JDBC value [5] - [true]
10:24:16.536 [main] DEBUG org.hibernate.orm.results.loading.entity - (EntityResultInitializer) Done materializing entityInstance : org.frcpm.models.Attendance#102
10:24:16.536 [main] DEBUG org.hibernate.orm.results.loading - Calling top-level assembler (0 / 1) : org.hibernate.sql.results.graph.entity.internal.EntityAssembler@54c39d82
10:24:16.536 [main] DEBUG org.hibernate.engine.transaction.internal.TransactionImpl - committing
10:24:16.536 [main] DEBUG org.hibernate.event.internal.AbstractFlushingEventListener - Processing flush-time cascades
10:24:16.536 [main] DEBUG org.hibernate.event.internal.AbstractFlushingEventListener - Dirty checking collections
10:24:16.536 [main] DEBUG org.hibernate.event.internal.AbstractFlushingEventListener - Flushed: 0 insertions, 0 updates, 1 deletions to 1 objects
10:24:16.536 [main] DEBUG org.hibernate.event.internal.AbstractFlushingEventListener - Flushed: 0 (re)creations, 0 updates, 0 removals to 0 collections
10:24:16.536 [main] DEBUG org.hibernate.internal.util.EntityPrinter - Listing entities:
10:24:16.536 [main] DEBUG org.hibernate.internal.util.EntityPrinter - org.frcpm.models.Attendance{departureTime=null, arrivalTime=18:00, member=<uninitialized>, id=102, present=true, meeting=<uninitialized>}
10:24:16.537 [main] DEBUG org.hibernate.SQL - delete from attendances where id=?
10:24:16.537 [main] DEBUG org.hibernate.orm.jdbc.batch - PreparedStatementDetails did not contain PreparedStatement on #releaseStatements : delete from attendances where id=?
10:24:16.537 [main] DEBUG org.hibernate.orm.jdbc.batch - PreparedStatementDetails did not contain PreparedStatement on #releaseStatements : delete from attendances where id=?
10:24:16.537 [main] DEBUG org.hibernate.resource.jdbc.internal.LogicalConnectionManagedImpl - Initiating JDBC connection release from afterTransaction
10:24:16.537 [main] DEBUG org.hibernate.orm.jdbc.batch - PreparedStatementDetails did not contain PreparedStatement on #releaseStatements : delete from attendances where id=?
10:24:16.537 [main] DEBUG org.hibernate.orm.jdbc.batch - PreparedStatementDetails did not contain PreparedStatement on #releaseStatements : delete from attendances where id=?
10:24:16.537 [main] DEBUG org.hibernate.resource.jdbc.internal.LogicalConnectionManagedImpl - Initiating JDBC connection release from afterTransaction
10:24:16.537 [main] DEBUG org.hibernate.engine.jdbc.internal.JdbcCoordinatorImpl - HHH000420: Closing un-released batch
10:24:16.537 [main] DEBUG org.hibernate.orm.jdbc.batch - PreparedStatementDetails did not contain PreparedStatement on #releaseStatements : delete from attendances where id=?
10:24:16.537 [main] DEBUG org.hibernate.orm.jdbc.batch - PreparedStatementDetails did not contain PreparedStatement on #releaseStatements : delete from attendances where id=?
10:24:16.537 [main] DEBUG org.hibernate.orm.sql.exec - Skipping reading Query result cache data: cache-enabled = false, cache-mode = IGNORE
10:24:16.537 [main] DEBUG org.hibernate.orm.results - Initializer list:
	  org.frcpm.models.Attendance -> EntityResultInitializer(org.frcpm.models.Attendance)@1410065540 (SingleTableEntityPersister(org.frcpm.models.Attendance))
	  org.frcpm.models.Attendance.meeting -> EntityDelayedFetchInitializer(org.frcpm.models.Attendance.meeting)@1975388258 (ToOneAttributeMapping(NavigableRole[org.frcpm.models.Attendance.meeting])@1471186223)
	  org.frcpm.models.Attendance.member -> EntityDelayedFetchInitializer(org.frcpm.models.Attendance.member)@1037673690 (ToOneAttributeMapping(NavigableRole[org.frcpm.models.Attendance.member])@206304236)

10:24:16.537 [main] DEBUG org.hibernate.SQL - select a1_0.id,a1_0.arrival_time,a1_0.departure_time,a1_0.meeting_id,a1_0.member_id,a1_0.present from attendances a1_0 where a1_0.id=?
10:24:16.537 [main] DEBUG org.hibernate.resource.jdbc.internal.LogicalConnectionManagedImpl - Initiating JDBC connection release from afterTransaction
10:24:16.538 [main] DEBUG org.hibernate.engine.transaction.internal.TransactionImpl - On TransactionImpl creation, JpaCompliance#isJpaTransactionComplianceEnabled == false
10:24:16.538 [main] DEBUG org.hibernate.engine.transaction.internal.TransactionImpl - begin
10:24:16.538 [main] DEBUG org.hibernate.orm.sql.ast.create - Created new SQL alias : m1_0
10:24:16.538 [main] DEBUG org.hibernate.orm.sql.ast.create - Registration of TableGroup [StandardTableGroup(org.frcpm.models.Meeting)] with identifierForTableGroup [org.frcpm.models.Meeting] for NavigablePath [org.frcpm.models.Meeting] 
10:24:16.538 [main] DEBUG org.hibernate.orm.sql.ast.create - Registration of TableGroup [org.hibernate.sql.ast.tree.from.LazyTableGroup@5ad0a849] with identifierForTableGroup [org.frcpm.models.Meeting.project] for NavigablePath [org.frcpm.models.Meeting.project] 
10:24:16.538 [main] DEBUG org.hibernate.orm.sql.ast.create - Created new SQL alias : a1_0
10:24:16.538 [main] DEBUG org.hibernate.orm.sql.ast.create - Registration of TableGroup [org.hibernate.sql.ast.tree.from.OneToManyTableGroup@1b5a96ee] with identifierForTableGroup [org.frcpm.models.Meeting.attendances] for NavigablePath [org.frcpm.models.Meeting.attendances] 
10:24:16.538 [main] DEBUG org.hibernate.orm.sql.ast.create - Registration of TableGroup [StandardTableGroup(org.frcpm.models.Meeting.attendances.{element})] with identifierForTableGroup [org.frcpm.models.Meeting.attendances.{element}] for NavigablePath [org.frcpm.models.Meeting.attendances.{element}] 
10:24:16.539 [main] DEBUG org.hibernate.orm.sql.ast.create - Registration of TableGroup [org.hibernate.sql.ast.tree.from.LazyTableGroup@6d97d35] with identifierForTableGroup [org.frcpm.models.Meeting.attendances.{element}.meeting] for NavigablePath [org.frcpm.models.Meeting.attendances.{element}.meeting] 
10:24:16.539 [main] DEBUG org.hibernate.orm.sql.ast.create - Registration of TableGroup [org.hibernate.sql.ast.tree.from.LazyTableGroup@addce08] with identifierForTableGroup [org.frcpm.models.Meeting.attendances.{element}.member] for NavigablePath [org.frcpm.models.Meeting.attendances.{element}.member] 
10:24:16.539 [main] DEBUG org.hibernate.orm.results.graph.AST - DomainResult Graph:
 \-EntityResultImpl [org.frcpm.models.Meeting]
 |  +-EagerCollectionFetch [org.frcpm.models.Meeting.attendances]
 |  |  \-EntityFetchJoinedImpl [org.frcpm.models.Meeting.attendances.{element}]
 |  +-BasicFetch [org.frcpm.models.Meeting.date]
 |  +-BasicFetch [org.frcpm.models.Meeting.endTime]
 |  +-BasicFetch [org.frcpm.models.Meeting.notes]
 |  +-EntityDelayedFetchImpl [org.frcpm.models.Meeting.project]
 |  \-BasicFetch [org.frcpm.models.Meeting.startTime]

10:24:16.539 [main] DEBUG org.hibernate.orm.sql.ast.tree - SQL AST Tree:
    SelectStatement {
      FromClause {
        StandardTableGroup (m1 : org.frcpm.models.Meeting) {
          primaryTableReference : meetings as m1_0
          TableGroupJoins {
            left  join LazyTableGroup (p1 : org.frcpm.models.Meeting.project) {
            }
            left  join OneToManyTableGroup (a1 : org.frcpm.models.Meeting.attendances) {
              primaryTableReference : attendances as a1_0
              TableGroupJoins {
                left  join LazyTableGroup (m2 : org.frcpm.models.Meeting.attendances.{element}.meeting) {
                }
                left  join LazyTableGroup (m3 : org.frcpm.models.Meeting.attendances.{element}.member) {
                }
              }
            }
          }
        }
      }
    }

10:24:16.539 [main] DEBUG org.hibernate.orm.sql.exec - Skipping reading Query result cache data: cache-enabled = false, cache-mode = IGNORE
10:24:16.539 [main] DEBUG org.hibernate.orm.results - Initializer list:
	  org.frcpm.models.Meeting -> EntityResultInitializer(org.frcpm.models.Meeting)@134363396 (SingleTableEntityPersister(org.frcpm.models.Meeting))
	  org.frcpm.models.Meeting.attendances -> BagInitializer(org.frcpm.models.Meeting.attendances)@1905619316 (PluralAttribute(org.frcpm.models.Meeting.attendances))
	  org.frcpm.models.Meeting.attendances.{element}.member -> EntityDelayedFetchInitializer(org.frcpm.models.Meeting.attendances.{element}.member)@358374592 (ToOneAttributeMapping(NavigableRole[org.frcpm.models.Attendance.member])@206304236)
	  org.frcpm.models.Meeting.project -> EntityDelayedFetchInitializer(org.frcpm.models.Meeting.project)@783945532 (ToOneAttributeMapping(NavigableRole[org.frcpm.models.Meeting.project])@938068470)
	  org.frcpm.models.Meeting.attendances.{element} -> EntityJoinedFetchInitializer(org.frcpm.models.Meeting.attendances.{element})@1831665838 (EntityCollectionPart(org.frcpm.models.Meeting.attendances#{element})@442563479)

10:24:16.539 [main] DEBUG org.hibernate.SQL - select m1_0.id,m1_0.date,m1_0.end_time,m1_0.notes,m1_0.project_id,m1_0.start_time,a1_0.meeting_id,a1_0.id,a1_0.arrival_time,a1_0.departure_time,a1_0.member_id,a1_0.present from meetings m1_0 left join attendances a1_0 on m1_0.id=a1_0.meeting_id where m1_0.id=?
10:24:16.539 [main] DEBUG org.hibernate.orm.results.loading.entity - (EntityResultInitializer) Hydrated EntityKey (org.frcpm.models.Meeting): 102
10:24:16.540 [main] DEBUG org.hibernate.orm.results.loading.org.hibernate.orm.results.loading.collection - (BagInitializer) Current row collection key : org.frcpm.models.Meeting.attendances#102
10:24:16.540 [main] DEBUG org.hibernate.orm.results - Extracted JDBC value [6] - [null]
10:24:16.540 [main] DEBUG org.hibernate.orm.results - Extracted JDBC value [7] - [null]
10:24:16.540 [main] DEBUG org.hibernate.orm.results.loading.entity - (EntityJoinedFetchInitializer) EntityKey (org.frcpm.models.Meeting.attendances.{element}) is null
10:24:16.540 [main] DEBUG org.hibernate.orm.results.loading.entity - (EntityResultInitializer) Created new entity instance [org.frcpm.models.Meeting#102] : 414145634
10:24:16.540 [main] DEBUG org.hibernate.orm.results.loading.org.hibernate.orm.results.loading.collection - (BagInitializer) Created new collection wrapper [org.frcpm.models.Meeting.attendances#102] : org.hibernate.collection.spi.PersistentBag@84848803
10:24:16.540 [main] DEBUG org.hibernate.orm.results.loading.org.hibernate.orm.results.loading.collection - (BagInitializer) Responsible for loading collection [org.frcpm.models.Meeting.attendances#102] : org.hibernate.collection.spi.PersistentBag@84848803
10:24:16.540 [main] DEBUG org.hibernate.orm.results - Extracted JDBC value [4] - [167]
10:24:16.540 [main] DEBUG org.hibernate.orm.results - Extracted JDBC value [1] - [2025-05-10]
10:24:16.540 [main] DEBUG org.hibernate.orm.results - Extracted JDBC value [2] - [20:00]
10:24:16.540 [main] DEBUG org.hibernate.orm.results - Extracted JDBC value [3] - [null]
10:24:16.540 [main] DEBUG org.hibernate.orm.results - Extracted JDBC value [5] - [18:00]
10:24:16.540 [main] DEBUG org.hibernate.orm.results.loading.entity - (EntityResultInitializer) Done materializing entityInstance : org.frcpm.models.Meeting#102
10:24:16.540 [main] DEBUG org.hibernate.orm.results.loading - Calling top-level assembler (0 / 1) : org.hibernate.sql.results.graph.entity.internal.EntityAssembler@ff9499e
10:24:16.540 [main] DEBUG org.hibernate.sql.results.internal.ResultsHelper - Collection fully initialized: [org.frcpm.models.Meeting.attendances#102]
10:24:16.540 [main] DEBUG org.hibernate.engine.spi.CollectionEntry - Reset storedSnapshot to [] for CollectionEntry[org.frcpm.models.Meeting.attendances#102]
10:24:16.540 [main] DEBUG org.hibernate.engine.transaction.internal.TransactionImpl - committing
10:24:16.540 [main] DEBUG org.hibernate.event.internal.AbstractFlushingEventListener - Processing flush-time cascades
10:24:16.540 [main] DEBUG org.hibernate.event.internal.AbstractFlushingEventListener - Dirty checking collections
10:24:16.540 [main] DEBUG org.hibernate.engine.internal.Collections - Collection dereferenced: [org.frcpm.models.Meeting.attendances#102]
10:24:16.541 [main] DEBUG org.hibernate.event.internal.AbstractFlushingEventListener - Flushed: 0 insertions, 0 updates, 1 deletions to 1 objects
10:24:16.541 [main] DEBUG org.hibernate.event.internal.AbstractFlushingEventListener - Flushed: 0 (re)creations, 0 updates, 1 removals to 1 collections
10:24:16.541 [main] DEBUG org.hibernate.internal.util.EntityPrinter - Listing entities:
10:24:16.541 [main] DEBUG org.hibernate.internal.util.EntityPrinter - org.frcpm.models.Meeting{date=2025-05-10, notes=null, project=<uninitialized>, startTime=18:00, id=102, endTime=20:00, attendances=[]}
10:24:16.541 [main] DEBUG org.hibernate.SQL - delete from meetings where id=?
10:24:16.541 [main] DEBUG org.hibernate.orm.jdbc.batch - PreparedStatementDetails did not contain PreparedStatement on #releaseStatements : delete from meetings where id=?
10:24:16.541 [main] DEBUG org.hibernate.orm.jdbc.batch - PreparedStatementDetails did not contain PreparedStatement on #releaseStatements : delete from meetings where id=?
10:24:16.541 [main] DEBUG org.hibernate.resource.jdbc.internal.LogicalConnectionManagedImpl - Initiating JDBC connection release from afterTransaction
10:24:16.541 [main] DEBUG org.hibernate.orm.jdbc.batch - PreparedStatementDetails did not contain PreparedStatement on #releaseStatements : delete from meetings where id=?
10:24:16.541 [main] DEBUG org.hibernate.orm.jdbc.batch - PreparedStatementDetails did not contain PreparedStatement on #releaseStatements : delete from meetings where id=?
10:24:16.541 [main] DEBUG org.hibernate.resource.jdbc.internal.LogicalConnectionManagedImpl - Initiating JDBC connection release from afterTransaction
10:24:16.541 [main] DEBUG org.hibernate.engine.jdbc.internal.JdbcCoordinatorImpl - HHH000420: Closing un-released batch
10:24:16.541 [main] DEBUG org.hibernate.orm.jdbc.batch - PreparedStatementDetails did not contain PreparedStatement on #releaseStatements : delete from meetings where id=?
10:24:16.541 [main] DEBUG org.hibernate.orm.jdbc.batch - PreparedStatementDetails did not contain PreparedStatement on #releaseStatements : delete from meetings where id=?
10:24:16.541 [main] DEBUG org.hibernate.engine.transaction.internal.TransactionImpl - On TransactionImpl creation, JpaCompliance#isJpaTransactionComplianceEnabled == false
10:24:16.541 [main] DEBUG org.hibernate.engine.transaction.internal.TransactionImpl - begin
10:24:16.541 [main] DEBUG org.hibernate.orm.sql.ast.create - Created new SQL alias : tm1_0
10:24:16.541 [main] DEBUG org.hibernate.orm.sql.ast.create - Registration of TableGroup [StandardTableGroup(org.frcpm.models.TeamMember)] with identifierForTableGroup [org.frcpm.models.TeamMember] for NavigablePath [org.frcpm.models.TeamMember] 
10:24:16.542 [main] DEBUG org.hibernate.orm.sql.ast.create - Created new SQL alias : a1_0
10:24:16.542 [main] DEBUG org.hibernate.orm.sql.ast.create - Registration of TableGroup [org.hibernate.sql.ast.tree.from.OneToManyTableGroup@606095ed] with identifierForTableGroup [org.frcpm.models.TeamMember.attendances] for NavigablePath [org.frcpm.models.TeamMember.attendances] 
10:24:16.542 [main] DEBUG org.hibernate.orm.sql.ast.create - Registration of TableGroup [StandardTableGroup(org.frcpm.models.TeamMember.attendances.{element})] with identifierForTableGroup [org.frcpm.models.TeamMember.attendances.{element}] for NavigablePath [org.frcpm.models.TeamMember.attendances.{element}] 
10:24:16.542 [main] DEBUG org.hibernate.orm.sql.ast.create - Registration of TableGroup [org.hibernate.sql.ast.tree.from.LazyTableGroup@101baaea] with identifierForTableGroup [org.frcpm.models.TeamMember.attendances.{element}.meeting] for NavigablePath [org.frcpm.models.TeamMember.attendances.{element}.meeting] 
10:24:16.542 [main] DEBUG org.hibernate.orm.sql.ast.create - Registration of TableGroup [org.hibernate.sql.ast.tree.from.LazyTableGroup@237f99bc] with identifierForTableGroup [org.frcpm.models.TeamMember.attendances.{element}.member] for NavigablePath [org.frcpm.models.TeamMember.attendances.{element}.member] 
10:24:16.542 [main] DEBUG org.hibernate.orm.sql.ast.create - Registration of TableGroup [org.hibernate.sql.ast.tree.from.LazyTableGroup@ad50139] with identifierForTableGroup [org.frcpm.models.TeamMember.subteam] for NavigablePath [org.frcpm.models.TeamMember.subteam] 
10:24:16.542 [main] DEBUG org.hibernate.orm.results.graph.AST - DomainResult Graph:
 \-EntityResultImpl [org.frcpm.models.TeamMember]
 |  +-DelayedCollectionFetch [org.frcpm.models.TeamMember.assignedTasks]
 |  +-EagerCollectionFetch [org.frcpm.models.TeamMember.attendances]
 |  |  \-EntityFetchJoinedImpl [org.frcpm.models.TeamMember.attendances.{element}]
 |  +-BasicFetch [org.frcpm.models.TeamMember.email]
 |  +-BasicFetch [org.frcpm.models.TeamMember.firstName]
 |  +-BasicFetch [org.frcpm.models.TeamMember.lastName]
 |  +-BasicFetch [org.frcpm.models.TeamMember.leader]
 |  +-BasicFetch [org.frcpm.models.TeamMember.phone]
 |  +-BasicFetch [org.frcpm.models.TeamMember.skills]
 |  +-EntityDelayedFetchImpl [org.frcpm.models.TeamMember.subteam]
 |  \-BasicFetch [org.frcpm.models.TeamMember.username]

10:24:16.542 [main] DEBUG org.hibernate.orm.sql.ast.tree - SQL AST Tree:
    SelectStatement {
      FromClause {
        StandardTableGroup (tm1 : org.frcpm.models.TeamMember) {
          primaryTableReference : team_members as tm1_0
          TableGroupJoins {
            left  join OneToManyTableGroup (a1 : org.frcpm.models.TeamMember.attendances) {
              primaryTableReference : attendances as a1_0
              TableGroupJoins {
                left  join LazyTableGroup (m1 : org.frcpm.models.TeamMember.attendances.{element}.meeting) {
                }
                left  join LazyTableGroup (m2 : org.frcpm.models.TeamMember.attendances.{element}.member) {
                }
              }
            }
            left  join LazyTableGroup (s1 : org.frcpm.models.TeamMember.subteam) {
            }
          }
        }
      }
    }

10:24:16.542 [main] DEBUG org.hibernate.orm.sql.exec - Skipping reading Query result cache data: cache-enabled = false, cache-mode = IGNORE
10:24:16.542 [main] DEBUG org.hibernate.orm.results - Initializer list:
	  org.frcpm.models.TeamMember.subteam -> EntityDelayedFetchInitializer(org.frcpm.models.TeamMember.subteam)@1576878846 (ToOneAttributeMapping(NavigableRole[org.frcpm.models.TeamMember.subteam])@1068844069)
	  org.frcpm.models.TeamMember.attendances.{element} -> EntityJoinedFetchInitializer(org.frcpm.models.TeamMember.attendances.{element})@491472419 (EntityCollectionPart(org.frcpm.models.TeamMember.attendances#{element})@462835634)
	  org.frcpm.models.TeamMember.assignedTasks -> DelayedCollectionInitializer(org.frcpm.models.TeamMember.assignedTasks)@751506572 (PluralAttribute(org.frcpm.models.TeamMember.assignedTasks))
	  org.frcpm.models.TeamMember.attendances.{element}.meeting -> EntityDelayedFetchInitializer(org.frcpm.models.TeamMember.attendances.{element}.meeting)@961214812 (ToOneAttributeMapping(NavigableRole[org.frcpm.models.Attendance.meeting])@1471186223)
	  org.frcpm.models.TeamMember -> EntityResultInitializer(org.frcpm.models.TeamMember)@2130168328 (SingleTableEntityPersister(org.frcpm.models.TeamMember))
	  org.frcpm.models.TeamMember.attendances -> SetInitializer(org.frcpm.models.TeamMember.attendances)@1471541691 (PluralAttribute(org.frcpm.models.TeamMember.attendances))

10:24:16.542 [main] DEBUG org.hibernate.SQL - select tm1_0.id,a1_0.member_id,a1_0.id,a1_0.arrival_time,a1_0.departure_time,a1_0.meeting_id,a1_0.present,tm1_0.email,tm1_0.first_name,tm1_0.last_name,tm1_0.is_leader,tm1_0.phone,tm1_0.skills,tm1_0.subteam_id,tm1_0.username from team_members tm1_0 left join attendances a1_0 on tm1_0.id=a1_0.member_id where tm1_0.id=?
10:24:16.543 [main] DEBUG org.hibernate.orm.results.loading.entity - (EntityResultInitializer) Hydrated EntityKey (org.frcpm.models.TeamMember): 159
10:24:16.543 [main] DEBUG org.hibernate.orm.results.loading.org.hibernate.orm.results.loading.collection - (SetInitializer) Current row collection key : org.frcpm.models.TeamMember.attendances#159
10:24:16.543 [main] DEBUG org.hibernate.orm.results - Extracted JDBC value [1] - [null]
10:24:16.543 [main] DEBUG org.hibernate.orm.results - Extracted JDBC value [2] - [null]
10:24:16.543 [main] DEBUG org.hibernate.orm.results.loading.entity - (EntityJoinedFetchInitializer) EntityKey (org.frcpm.models.TeamMember.attendances.{element}) is null
10:24:16.543 [main] DEBUG org.hibernate.orm.results.loading.org.hibernate.orm.results.loading.collection - (DelayedCollectionInitializer) Current row collection key : org.frcpm.models.TeamMember.assignedTasks#159
10:24:16.543 [main] DEBUG org.hibernate.orm.results.loading.entity - (EntityResultInitializer) Created new entity instance [org.frcpm.models.TeamMember#159] : 220682687
10:24:16.543 [main] DEBUG org.hibernate.orm.results.loading.org.hibernate.orm.results.loading.collection - (SetInitializer) Created new collection wrapper [org.frcpm.models.TeamMember.attendances#159] : org.hibernate.collection.spi.PersistentSet@563655880
10:24:16.543 [main] DEBUG org.hibernate.orm.results.loading.org.hibernate.orm.results.loading.collection - (SetInitializer) Responsible for loading collection [org.frcpm.models.TeamMember.attendances#159] : org.hibernate.collection.spi.PersistentSet@563655880
10:24:16.543 [main] DEBUG org.hibernate.orm.results - Extracted JDBC value [13] - [null]
10:24:16.543 [main] DEBUG org.hibernate.orm.results - Extracted JDBC value [7] - [deletebyid@example.com]
10:24:16.543 [main] DEBUG org.hibernate.orm.results - Extracted JDBC value [8] - [DeleteById]
10:24:16.543 [main] DEBUG org.hibernate.orm.results - Extracted JDBC value [9] - [Test]
10:24:16.543 [main] DEBUG org.hibernate.orm.results - Extracted JDBC value [10] - [false]
10:24:16.543 [main] DEBUG org.hibernate.orm.results - Extracted JDBC value [11] - [null]
10:24:16.543 [main] DEBUG org.hibernate.orm.results - Extracted JDBC value [12] - [null]
10:24:16.543 [main] DEBUG org.hibernate.orm.results - Extracted JDBC value [14] - [attendancedeletebyid]
10:24:16.543 [main] DEBUG org.hibernate.orm.results.loading.entity - (EntityResultInitializer) Done materializing entityInstance : org.frcpm.models.TeamMember#159
10:24:16.543 [main] DEBUG org.hibernate.orm.results.loading - Calling top-level assembler (0 / 1) : org.hibernate.sql.results.graph.entity.internal.EntityAssembler@6f7a59ab
10:24:16.543 [main] DEBUG org.hibernate.sql.results.internal.ResultsHelper - Collection fully initialized: [org.frcpm.models.TeamMember.attendances#159]
10:24:16.543 [main] DEBUG org.hibernate.engine.spi.CollectionEntry - Reset storedSnapshot to {} for CollectionEntry[org.frcpm.models.TeamMember.assignedTasks#159]
10:24:16.543 [main] DEBUG org.hibernate.engine.spi.CollectionEntry - Reset storedSnapshot to {} for CollectionEntry[org.frcpm.models.TeamMember.attendances#159]
10:24:16.544 [main] DEBUG org.hibernate.engine.transaction.internal.TransactionImpl - committing
10:24:16.544 [main] DEBUG org.hibernate.event.internal.AbstractFlushingEventListener - Processing flush-time cascades
10:24:16.544 [main] DEBUG org.hibernate.event.internal.AbstractFlushingEventListener - Dirty checking collections
10:24:16.544 [main] DEBUG org.hibernate.engine.internal.Collections - Collection dereferenced: [org.frcpm.models.TeamMember.assignedTasks#159]
10:24:16.544 [main] DEBUG org.hibernate.engine.internal.Collections - Collection dereferenced: [org.frcpm.models.TeamMember.attendances#159]
10:24:16.544 [main] DEBUG org.hibernate.event.internal.AbstractFlushingEventListener - Flushed: 0 insertions, 0 updates, 1 deletions to 1 objects
10:24:16.544 [main] DEBUG org.hibernate.event.internal.AbstractFlushingEventListener - Flushed: 0 (re)creations, 0 updates, 2 removals to 2 collections
10:24:16.544 [main] DEBUG org.hibernate.internal.util.EntityPrinter - Listing entities:
10:24:16.544 [main] DEBUG org.hibernate.internal.util.EntityPrinter - org.frcpm.models.TeamMember{skills=null, firstName=DeleteById, lastName=Test, leader=false, subteam=null, phone=null, id=159, attendances=[], email=deletebyid@example.com, assignedTasks=<uninitialized>, username=attendancedeletebyid}
10:24:16.544 [main] DEBUG org.hibernate.SQL - delete from team_members where id=?
10:24:16.544 [main] DEBUG org.hibernate.orm.jdbc.batch - PreparedStatementDetails did not contain PreparedStatement on #releaseStatements : delete from team_members where id=?
10:24:16.544 [main] DEBUG org.hibernate.orm.jdbc.batch - PreparedStatementDetails did not contain PreparedStatement on #releaseStatements : delete from team_members where id=?
10:24:16.544 [main] DEBUG org.hibernate.resource.jdbc.internal.LogicalConnectionManagedImpl - Initiating JDBC connection release from afterTransaction
10:24:16.544 [main] DEBUG org.hibernate.orm.jdbc.batch - PreparedStatementDetails did not contain PreparedStatement on #releaseStatements : delete from team_members where id=?
10:24:16.544 [main] DEBUG org.hibernate.orm.jdbc.batch - PreparedStatementDetails did not contain PreparedStatement on #releaseStatements : delete from team_members where id=?
10:24:16.544 [main] DEBUG org.hibernate.resource.jdbc.internal.LogicalConnectionManagedImpl - Initiating JDBC connection release from afterTransaction
10:24:16.544 [main] DEBUG org.hibernate.engine.jdbc.internal.JdbcCoordinatorImpl - HHH000420: Closing un-released batch
10:24:16.544 [main] DEBUG org.hibernate.orm.jdbc.batch - PreparedStatementDetails did not contain PreparedStatement on #releaseStatements : delete from team_members where id=?
10:24:16.544 [main] DEBUG org.hibernate.orm.jdbc.batch - PreparedStatementDetails did not contain PreparedStatement on #releaseStatements : delete from team_members where id=?
10:24:16.544 [main] DEBUG org.hibernate.orm.query.hql - HQL : SELECT a FROM Attendance a WHERE a.meeting = :meeting
10:24:16.546 [main] DEBUG org.hibernate.orm.query.sqm.creation - Applying inferable type to SqmExpression [SqmNamedParameter(meeting)] : null -> org.frcpm.models.Attendance#meeting(MANY_TO_ONE)
10:24:16.546 [main] DEBUG org.hibernate.orm.query.sqm.ast - SqmStatement Tree :
    -> [select]
      -> [query-spec]
        -> [select]
          -> [selection]
            -> [root] - `org.frcpm.models.Attendance(a)`
            <- [root] - `org.frcpm.models.Attendance(a)`
          <- [selection]
        <- [select]
        -> [from]
          -> [root] - `org.frcpm.models.Attendance(a)`
          <- [root] - `org.frcpm.models.Attendance(a)`
        <- [from]
        -> [where]
          -> [EQUAL]
              -> [entity-path] - `org.frcpm.models.Attendance(a).meeting`
              :meeting
          <- [EQUAL]
        <- [where]
      <- [query-spec]
    <- [select]

10:24:16.546 [main] DEBUG org.hibernate.orm.sql.ast.create - Created new SQL alias : a1_0
10:24:16.546 [main] DEBUG org.hibernate.orm.sql.ast.create - Registration of TableGroup [StandardTableGroup(org.frcpm.models.Attendance(a))] with identifierForTableGroup [org.frcpm.models.Attendance] for NavigablePath [org.frcpm.models.Attendance] 
10:24:16.547 [main] DEBUG org.hibernate.orm.sql.ast.create - Registration of TableGroup [org.hibernate.sql.ast.tree.from.LazyTableGroup@2eae559c] with identifierForTableGroup [org.frcpm.models.Attendance.meeting] for NavigablePath [org.frcpm.models.Attendance.meeting] 
10:24:16.547 [main] DEBUG org.hibernate.orm.sql.ast.create - Registration of TableGroup [org.hibernate.sql.ast.tree.from.LazyTableGroup@1c80a077] with identifierForTableGroup [org.frcpm.models.Attendance.member] for NavigablePath [org.frcpm.models.Attendance.member] 
10:24:16.547 [main] DEBUG org.hibernate.orm.sql.ast.create - Registration of TableGroup [org.hibernate.sql.ast.tree.from.LazyTableGroup@14ef6e05] with identifierForTableGroup [org.frcpm.models.Attendance.meeting] for NavigablePath [org.frcpm.models.Attendance.meeting] 
10:24:16.547 [FRC-PM-HikariCP connection adder] DEBUG com.zaxxer.hikari.pool.HikariPool - FRC-PM-HikariCP - After adding stats (total=2, active=0, idle=2, waiting=0)
10:24:16.547 [main] DEBUG org.hibernate.orm.sql.ast.create - Registration of TableGroup [org.hibernate.sql.ast.tree.from.LazyTableGroup@14ef6e05] for NavigablePath [org.frcpm.models.Attendance(a).meeting] overrode previous registration : org.hibernate.sql.ast.tree.from.LazyTableGroup@2eae559c
10:24:16.547 [main] DEBUG org.hibernate.query.sqm.sql.BaseSqmToSqlAstConverter - Determining mapping-model type for SqmParameter : SqmNamedParameter(meeting)
10:24:16.547 [main] DEBUG org.hibernate.query.sqm.sql.BaseSqmToSqlAstConverter - Determining mapping-model type for SqmParameter : SqmNamedParameter(meeting)
10:24:16.547 [main] DEBUG org.hibernate.query.sqm.sql.BaseSqmToSqlAstConverter - Determining mapping-model type for SqmPath : SqmEntityValuedSimplePath(org.frcpm.models.Attendance(a).meeting) 
10:24:16.547 [main] DEBUG org.hibernate.orm.results.graph.AST - DomainResult Graph:
 \-EntityResultImpl [org.frcpm.models.Attendance(a)]
 |  +-BasicFetch [org.frcpm.models.Attendance(a).arrivalTime]
 |  +-BasicFetch [org.frcpm.models.Attendance(a).departureTime]
 |  +-CircularFetchImpl [org.frcpm.models.Attendance(a).meeting]
 |  +-CircularFetchImpl [org.frcpm.models.Attendance(a).member]
 |  \-BasicFetch [org.frcpm.models.Attendance(a).present]

10:24:16.547 [main] DEBUG org.hibernate.orm.sql.ast.tree - SQL AST Tree:
    SelectStatement {
      FromClause {
        StandardTableGroup (a1 : org.frcpm.models.Attendance(a)) {
          primaryTableReference : attendances as a1_0
          TableGroupJoins {
            left  join LazyTableGroup (m1 : org.frcpm.models.Attendance(a).meeting) {
            }
            left  join LazyTableGroup (m2 : org.frcpm.models.Attendance(a).member) {
            }
             join LazyTableGroup (m3 : org.frcpm.models.Attendance(a).meeting) {
            }
          }
        }
      }
    }

10:24:16.548 [main] DEBUG org.hibernate.orm.sql.exec - Skipping reading Query result cache data: cache-enabled = false, cache-mode = NORMAL
10:24:16.548 [main] DEBUG org.hibernate.orm.results - Initializer list:
	  org.frcpm.models.Attendance(a) -> EntityResultInitializer(org.frcpm.models.Attendance(a))@112680688 (SingleTableEntityPersister(org.frcpm.models.Attendance))
	  org.frcpm.models.Attendance(a).meeting -> EntityDelayedFetchInitializer(org.frcpm.models.Attendance(a).meeting)@1086422668 (ToOneAttributeMapping(NavigableRole[org.frcpm.models.Attendance.meeting])@1471186223)
	  org.frcpm.models.Attendance(a).member -> EntityDelayedFetchInitializer(org.frcpm.models.Attendance(a).member)@800174039 (ToOneAttributeMapping(NavigableRole[org.frcpm.models.Attendance.member])@206304236)

10:24:16.548 [main] DEBUG org.hibernate.SQL - select a1_0.id,a1_0.arrival_time,a1_0.departure_time,a1_0.meeting_id,a1_0.member_id,a1_0.present from attendances a1_0 where a1_0.meeting_id=?
10:24:16.549 [main] DEBUG org.hibernate.orm.results - Extracted JDBC value [0] - [100]
10:24:16.549 [main] DEBUG org.hibernate.orm.results.loading.entity - (EntityResultInitializer) Hydrated EntityKey (org.frcpm.models.Attendance(a)): 100
10:24:16.549 [main] DEBUG org.hibernate.orm.results.loading.entity - (EntityResultInitializer) Created new entity instance [org.frcpm.models.Attendance(a)#100] : 693895406
10:24:16.549 [main] DEBUG org.hibernate.orm.results - Extracted JDBC value [3] - [101]
10:24:16.549 [main] DEBUG org.hibernate.orm.results - Extracted JDBC value [4] - [157]
10:24:16.549 [main] DEBUG org.hibernate.orm.results - Extracted JDBC value [1] - [18:00]
10:24:16.549 [main] DEBUG org.hibernate.orm.results - Extracted JDBC value [2] - [20:00]
10:24:16.549 [main] DEBUG org.hibernate.orm.results - Extracted JDBC value [5] - [true]
10:24:16.549 [main] DEBUG org.hibernate.orm.results.loading.entity - (EntityResultInitializer) Done materializing entityInstance : org.frcpm.models.Attendance(a)#100
10:24:16.549 [main] DEBUG org.hibernate.orm.results.loading - Calling top-level assembler (0 / 1) : org.hibernate.sql.results.graph.entity.internal.EntityAssembler@bb1cd05
10:24:16.549 [main] DEBUG org.hibernate.orm.results - Extracted JDBC value [0] - [101]
10:24:16.549 [main] DEBUG org.hibernate.orm.results.loading.entity - (EntityResultInitializer) Hydrated EntityKey (org.frcpm.models.Attendance(a)): 101
10:24:16.549 [main] DEBUG org.hibernate.orm.results.loading.entity - (EntityResultInitializer) Created new entity instance [org.frcpm.models.Attendance(a)#101] : 542265076
10:24:16.549 [main] DEBUG org.hibernate.orm.results - Extracted JDBC value [3] - [101]
10:24:16.549 [main] DEBUG org.hibernate.orm.results - Extracted JDBC value [4] - [158]
10:24:16.549 [main] DEBUG org.hibernate.orm.results - Extracted JDBC value [1] - [null]
10:24:16.549 [main] DEBUG org.hibernate.orm.results - Extracted JDBC value [2] - [null]
10:24:16.550 [main] DEBUG org.hibernate.orm.results - Extracted JDBC value [5] - [false]
10:24:16.550 [main] DEBUG org.hibernate.orm.results.loading.entity - (EntityResultInitializer) Done materializing entityInstance : org.frcpm.models.Attendance(a)#101
10:24:16.550 [main] DEBUG org.hibernate.orm.results.loading - Calling top-level assembler (0 / 1) : org.hibernate.sql.results.graph.entity.internal.EntityAssembler@bb1cd05
10:24:16.550 [main] DEBUG org.hibernate.resource.jdbc.internal.LogicalConnectionManagedImpl - Initiating JDBC connection release from afterTransaction
10:24:16.550 [main] DEBUG org.hibernate.resource.jdbc.internal.LogicalConnectionManagedImpl - Initiating JDBC connection release from afterTransaction
10:24:16.550 [main] DEBUG org.hibernate.engine.transaction.internal.TransactionImpl - On TransactionImpl creation, JpaCompliance#isJpaTransactionComplianceEnabled == false
10:24:16.550 [main] DEBUG org.hibernate.engine.transaction.internal.TransactionImpl - begin
10:24:16.550 [main] DEBUG org.hibernate.orm.sql.ast.create - Created new SQL alias : a1_0
10:24:16.550 [main] DEBUG org.hibernate.orm.sql.ast.create - Registration of TableGroup [StandardTableGroup(org.frcpm.models.Attendance)] with identifierForTableGroup [org.frcpm.models.Attendance] for NavigablePath [org.frcpm.models.Attendance] 
10:24:16.550 [main] DEBUG org.hibernate.orm.sql.ast.create - Registration of TableGroup [org.hibernate.sql.ast.tree.from.LazyTableGroup@533a3631] with identifierForTableGroup [org.frcpm.models.Attendance.meeting] for NavigablePath [org.frcpm.models.Attendance.meeting] 
10:24:16.550 [main] DEBUG org.hibernate.orm.sql.ast.create - Registration of TableGroup [org.hibernate.sql.ast.tree.from.LazyTableGroup@1ff4286d] with identifierForTableGroup [org.frcpm.models.Attendance.member] for NavigablePath [org.frcpm.models.Attendance.member] 
10:24:16.550 [main] DEBUG org.hibernate.orm.results.graph.AST - DomainResult Graph:
 \-EntityResultImpl [org.frcpm.models.Attendance]
 |  +-BasicFetch [org.frcpm.models.Attendance.arrivalTime]
 |  +-BasicFetch [org.frcpm.models.Attendance.departureTime]
 |  +-EntityDelayedFetchImpl [org.frcpm.models.Attendance.meeting]
 |  +-EntityDelayedFetchImpl [org.frcpm.models.Attendance.member]
 |  \-BasicFetch [org.frcpm.models.Attendance.present]

10:24:16.550 [main] DEBUG org.hibernate.orm.sql.ast.tree - SQL AST Tree:
    SelectStatement {
      FromClause {
        StandardTableGroup (a1 : org.frcpm.models.Attendance) {
          primaryTableReference : attendances as a1_0
          TableGroupJoins {
            left  join LazyTableGroup (m1 : org.frcpm.models.Attendance.meeting) {
            }
            left  join LazyTableGroup (m2 : org.frcpm.models.Attendance.member) {
            }
          }
        }
      }
    }

10:24:16.550 [main] DEBUG org.hibernate.orm.sql.exec - Skipping reading Query result cache data: cache-enabled = false, cache-mode = IGNORE
10:24:16.551 [main] DEBUG org.hibernate.orm.results - Initializer list:
	  org.frcpm.models.Attendance -> EntityResultInitializer(org.frcpm.models.Attendance)@803918010 (SingleTableEntityPersister(org.frcpm.models.Attendance))
	  org.frcpm.models.Attendance.meeting -> EntityDelayedFetchInitializer(org.frcpm.models.Attendance.meeting)@1965425880 (ToOneAttributeMapping(NavigableRole[org.frcpm.models.Attendance.meeting])@1471186223)
	  org.frcpm.models.Attendance.member -> EntityDelayedFetchInitializer(org.frcpm.models.Attendance.member)@1261432145 (ToOneAttributeMapping(NavigableRole[org.frcpm.models.Attendance.member])@206304236)

10:24:16.551 [main] DEBUG org.hibernate.SQL - select a1_0.id,a1_0.arrival_time,a1_0.departure_time,a1_0.meeting_id,a1_0.member_id,a1_0.present from attendances a1_0 where a1_0.id=?
10:24:16.551 [main] DEBUG org.hibernate.orm.results.loading.entity - (EntityResultInitializer) Hydrated EntityKey (org.frcpm.models.Attendance): 100
10:24:16.551 [main] DEBUG org.hibernate.orm.results.loading.entity - (EntityResultInitializer) Created new entity instance [org.frcpm.models.Attendance#100] : 1168711553
10:24:16.551 [main] DEBUG org.hibernate.orm.results - Extracted JDBC value [3] - [101]
10:24:16.551 [main] DEBUG org.hibernate.orm.results - Extracted JDBC value [4] - [157]
10:24:16.551 [main] DEBUG org.hibernate.orm.results - Extracted JDBC value [1] - [18:00]
10:24:16.551 [main] DEBUG org.hibernate.orm.results - Extracted JDBC value [2] - [20:00]
10:24:16.551 [main] DEBUG org.hibernate.orm.results - Extracted JDBC value [5] - [true]
10:24:16.551 [main] DEBUG org.hibernate.orm.results.loading.entity - (EntityResultInitializer) Done materializing entityInstance : org.frcpm.models.Attendance#100
10:24:16.551 [main] DEBUG org.hibernate.orm.results.loading - Calling top-level assembler (0 / 1) : org.hibernate.sql.results.graph.entity.internal.EntityAssembler@71d83700
10:24:16.551 [main] DEBUG org.hibernate.engine.transaction.internal.TransactionImpl - committing
10:24:16.551 [main] DEBUG org.hibernate.event.internal.AbstractFlushingEventListener - Processing flush-time cascades
10:24:16.551 [main] DEBUG org.hibernate.event.internal.AbstractFlushingEventListener - Dirty checking collections
10:24:16.551 [main] DEBUG org.hibernate.event.internal.AbstractFlushingEventListener - Flushed: 0 insertions, 0 updates, 1 deletions to 1 objects
10:24:16.551 [main] DEBUG org.hibernate.event.internal.AbstractFlushingEventListener - Flushed: 0 (re)creations, 0 updates, 0 removals to 0 collections
10:24:16.551 [main] DEBUG org.hibernate.internal.util.EntityPrinter - Listing entities:
10:24:16.551 [main] DEBUG org.hibernate.internal.util.EntityPrinter - org.frcpm.models.Attendance{departureTime=20:00, arrivalTime=18:00, member=<uninitialized>, id=100, present=true, meeting=<uninitialized>}
10:24:16.551 [main] DEBUG org.hibernate.SQL - delete from attendances where id=?
10:24:16.551 [main] DEBUG org.hibernate.orm.jdbc.batch - PreparedStatementDetails did not contain PreparedStatement on #releaseStatements : delete from attendances where id=?
10:24:16.552 [main] DEBUG org.hibernate.orm.jdbc.batch - PreparedStatementDetails did not contain PreparedStatement on #releaseStatements : delete from attendances where id=?
10:24:16.552 [main] DEBUG org.hibernate.resource.jdbc.internal.LogicalConnectionManagedImpl - Initiating JDBC connection release from afterTransaction
10:24:16.552 [main] DEBUG org.hibernate.orm.jdbc.batch - PreparedStatementDetails did not contain PreparedStatement on #releaseStatements : delete from attendances where id=?
10:24:16.552 [main] DEBUG org.hibernate.orm.jdbc.batch - PreparedStatementDetails did not contain PreparedStatement on #releaseStatements : delete from attendances where id=?
10:24:16.552 [main] DEBUG org.hibernate.resource.jdbc.internal.LogicalConnectionManagedImpl - Initiating JDBC connection release from afterTransaction
10:24:16.552 [main] DEBUG org.hibernate.engine.jdbc.internal.JdbcCoordinatorImpl - HHH000420: Closing un-released batch
10:24:16.552 [main] DEBUG org.hibernate.orm.jdbc.batch - PreparedStatementDetails did not contain PreparedStatement on #releaseStatements : delete from attendances where id=?
10:24:16.552 [main] DEBUG org.hibernate.orm.jdbc.batch - PreparedStatementDetails did not contain PreparedStatement on #releaseStatements : delete from attendances where id=?
10:24:16.552 [main] DEBUG org.hibernate.engine.transaction.internal.TransactionImpl - On TransactionImpl creation, JpaCompliance#isJpaTransactionComplianceEnabled == false
10:24:16.552 [main] DEBUG org.hibernate.engine.transaction.internal.TransactionImpl - begin
10:24:16.552 [main] DEBUG org.hibernate.orm.sql.exec - Skipping reading Query result cache data: cache-enabled = false, cache-mode = IGNORE
10:24:16.552 [main] DEBUG org.hibernate.orm.results - Initializer list:
	  org.frcpm.models.Attendance -> EntityResultInitializer(org.frcpm.models.Attendance)@109636678 (SingleTableEntityPersister(org.frcpm.models.Attendance))
	  org.frcpm.models.Attendance.meeting -> EntityDelayedFetchInitializer(org.frcpm.models.Attendance.meeting)@1878399818 (ToOneAttributeMapping(NavigableRole[org.frcpm.models.Attendance.meeting])@1471186223)
	  org.frcpm.models.Attendance.member -> EntityDelayedFetchInitializer(org.frcpm.models.Attendance.member)@1393056864 (ToOneAttributeMapping(NavigableRole[org.frcpm.models.Attendance.member])@206304236)

10:24:16.552 [main] DEBUG org.hibernate.SQL - select a1_0.id,a1_0.arrival_time,a1_0.departure_time,a1_0.meeting_id,a1_0.member_id,a1_0.present from attendances a1_0 where a1_0.id=?
10:24:16.552 [main] DEBUG org.hibernate.orm.results.loading.entity - (EntityResultInitializer) Hydrated EntityKey (org.frcpm.models.Attendance): 101
10:24:16.552 [main] DEBUG org.hibernate.orm.results.loading.entity - (EntityResultInitializer) Created new entity instance [org.frcpm.models.Attendance#101] : 1041684328
10:24:16.552 [main] DEBUG org.hibernate.orm.results - Extracted JDBC value [3] - [101]
10:24:16.552 [main] DEBUG org.hibernate.orm.results - Extracted JDBC value [4] - [158]
10:24:16.552 [main] DEBUG org.hibernate.orm.results - Extracted JDBC value [1] - [null]
10:24:16.552 [main] DEBUG org.hibernate.orm.results - Extracted JDBC value [2] - [null]
10:24:16.552 [main] DEBUG org.hibernate.orm.results - Extracted JDBC value [5] - [false]
10:24:16.552 [main] DEBUG org.hibernate.orm.results.loading.entity - (EntityResultInitializer) Done materializing entityInstance : org.frcpm.models.Attendance#101
10:24:16.552 [main] DEBUG org.hibernate.orm.results.loading - Calling top-level assembler (0 / 1) : org.hibernate.sql.results.graph.entity.internal.EntityAssembler@2f6c7796
10:24:16.552 [main] DEBUG org.hibernate.engine.transaction.internal.TransactionImpl - committing
10:24:16.552 [main] DEBUG org.hibernate.event.internal.AbstractFlushingEventListener - Processing flush-time cascades
10:24:16.552 [main] DEBUG org.hibernate.event.internal.AbstractFlushingEventListener - Dirty checking collections
10:24:16.552 [main] DEBUG org.hibernate.event.internal.AbstractFlushingEventListener - Flushed: 0 insertions, 0 updates, 1 deletions to 1 objects
10:24:16.552 [main] DEBUG org.hibernate.event.internal.AbstractFlushingEventListener - Flushed: 0 (re)creations, 0 updates, 0 removals to 0 collections
10:24:16.552 [main] DEBUG org.hibernate.internal.util.EntityPrinter - Listing entities:
10:24:16.552 [main] DEBUG org.hibernate.internal.util.EntityPrinter - org.frcpm.models.Attendance{departureTime=null, arrivalTime=null, member=<uninitialized>, id=101, present=false, meeting=<uninitialized>}
10:24:16.552 [main] DEBUG org.hibernate.SQL - delete from attendances where id=?
10:24:16.552 [main] DEBUG org.hibernate.orm.jdbc.batch - PreparedStatementDetails did not contain PreparedStatement on #releaseStatements : delete from attendances where id=?
10:24:16.552 [main] DEBUG org.hibernate.orm.jdbc.batch - PreparedStatementDetails did not contain PreparedStatement on #releaseStatements : delete from attendances where id=?
10:24:16.552 [main] DEBUG org.hibernate.resource.jdbc.internal.LogicalConnectionManagedImpl - Initiating JDBC connection release from afterTransaction
10:24:16.552 [main] DEBUG org.hibernate.orm.jdbc.batch - PreparedStatementDetails did not contain PreparedStatement on #releaseStatements : delete from attendances where id=?
10:24:16.552 [main] DEBUG org.hibernate.orm.jdbc.batch - PreparedStatementDetails did not contain PreparedStatement on #releaseStatements : delete from attendances where id=?
10:24:16.552 [main] DEBUG org.hibernate.resource.jdbc.internal.LogicalConnectionManagedImpl - Initiating JDBC connection release from afterTransaction
10:24:16.552 [main] DEBUG org.hibernate.engine.jdbc.internal.JdbcCoordinatorImpl - HHH000420: Closing un-released batch
10:24:16.552 [main] DEBUG org.hibernate.orm.jdbc.batch - PreparedStatementDetails did not contain PreparedStatement on #releaseStatements : delete from attendances where id=?
10:24:16.552 [main] DEBUG org.hibernate.orm.jdbc.batch - PreparedStatementDetails did not contain PreparedStatement on #releaseStatements : delete from attendances where id=?
10:24:16.553 [main] DEBUG org.hibernate.engine.transaction.internal.TransactionImpl - On TransactionImpl creation, JpaCompliance#isJpaTransactionComplianceEnabled == false
10:24:16.553 [main] DEBUG org.hibernate.engine.transaction.internal.TransactionImpl - begin
10:24:16.553 [main] DEBUG org.hibernate.orm.sql.exec - Skipping reading Query result cache data: cache-enabled = false, cache-mode = IGNORE
10:24:16.553 [main] DEBUG org.hibernate.orm.results - Initializer list:
	  org.frcpm.models.Meeting -> EntityResultInitializer(org.frcpm.models.Meeting)@1072579620 (SingleTableEntityPersister(org.frcpm.models.Meeting))
	  org.frcpm.models.Meeting.attendances -> BagInitializer(org.frcpm.models.Meeting.attendances)@1936868488 (PluralAttribute(org.frcpm.models.Meeting.attendances))
	  org.frcpm.models.Meeting.attendances.{element}.member -> EntityDelayedFetchInitializer(org.frcpm.models.Meeting.attendances.{element}.member)@262800025 (ToOneAttributeMapping(NavigableRole[org.frcpm.models.Attendance.member])@206304236)
	  org.frcpm.models.Meeting.project -> EntityDelayedFetchInitializer(org.frcpm.models.Meeting.project)@1665982886 (ToOneAttributeMapping(NavigableRole[org.frcpm.models.Meeting.project])@938068470)
	  org.frcpm.models.Meeting.attendances.{element} -> EntityJoinedFetchInitializer(org.frcpm.models.Meeting.attendances.{element})@776881807 (EntityCollectionPart(org.frcpm.models.Meeting.attendances#{element})@442563479)

10:24:16.553 [main] DEBUG org.hibernate.SQL - select m1_0.id,m1_0.date,m1_0.end_time,m1_0.notes,m1_0.project_id,m1_0.start_time,a1_0.meeting_id,a1_0.id,a1_0.arrival_time,a1_0.departure_time,a1_0.member_id,a1_0.present from meetings m1_0 left join attendances a1_0 on m1_0.id=a1_0.meeting_id where m1_0.id=?
10:24:16.553 [main] DEBUG org.hibernate.orm.results.loading.entity - (EntityResultInitializer) Hydrated EntityKey (org.frcpm.models.Meeting): 101
10:24:16.553 [main] DEBUG org.hibernate.orm.results.loading.org.hibernate.orm.results.loading.collection - (BagInitializer) Current row collection key : org.frcpm.models.Meeting.attendances#101
10:24:16.553 [main] DEBUG org.hibernate.orm.results - Extracted JDBC value [6] - [null]
10:24:16.553 [main] DEBUG org.hibernate.orm.results - Extracted JDBC value [7] - [null]
10:24:16.553 [main] DEBUG org.hibernate.orm.results.loading.entity - (EntityJoinedFetchInitializer) EntityKey (org.frcpm.models.Meeting.attendances.{element}) is null
10:24:16.553 [main] DEBUG org.hibernate.orm.results.loading.entity - (EntityResultInitializer) Created new entity instance [org.frcpm.models.Meeting#101] : 341704194
10:24:16.553 [main] DEBUG org.hibernate.orm.results.loading.org.hibernate.orm.results.loading.collection - (BagInitializer) Created new collection wrapper [org.frcpm.models.Meeting.attendances#101] : org.hibernate.collection.spi.PersistentBag@1224456248
10:24:16.553 [main] DEBUG org.hibernate.orm.results.loading.org.hibernate.orm.results.loading.collection - (BagInitializer) Responsible for loading collection [org.frcpm.models.Meeting.attendances#101] : org.hibernate.collection.spi.PersistentBag@1224456248
10:24:16.553 [main] DEBUG org.hibernate.orm.results - Extracted JDBC value [4] - [167]
10:24:16.553 [main] DEBUG org.hibernate.orm.results - Extracted JDBC value [1] - [2025-04-26]
10:24:16.553 [main] DEBUG org.hibernate.orm.results - Extracted JDBC value [2] - [20:00]
10:24:16.553 [main] DEBUG org.hibernate.orm.results - Extracted JDBC value [3] - [null]
10:24:16.553 [main] DEBUG org.hibernate.orm.results - Extracted JDBC value [5] - [18:00]
10:24:16.553 [main] DEBUG org.hibernate.orm.results.loading.entity - (EntityResultInitializer) Done materializing entityInstance : org.frcpm.models.Meeting#101
10:24:16.553 [main] DEBUG org.hibernate.orm.results.loading - Calling top-level assembler (0 / 1) : org.hibernate.sql.results.graph.entity.internal.EntityAssembler@4f8b87bc
10:24:16.553 [main] DEBUG org.hibernate.sql.results.internal.ResultsHelper - Collection fully initialized: [org.frcpm.models.Meeting.attendances#101]
10:24:16.553 [main] DEBUG org.hibernate.engine.spi.CollectionEntry - Reset storedSnapshot to [] for CollectionEntry[org.frcpm.models.Meeting.attendances#101]
10:24:16.553 [main] DEBUG org.hibernate.engine.transaction.internal.TransactionImpl - committing
10:24:16.553 [main] DEBUG org.hibernate.event.internal.AbstractFlushingEventListener - Processing flush-time cascades
10:24:16.553 [main] DEBUG org.hibernate.event.internal.AbstractFlushingEventListener - Dirty checking collections
10:24:16.553 [main] DEBUG org.hibernate.engine.internal.Collections - Collection dereferenced: [org.frcpm.models.Meeting.attendances#101]
10:24:16.553 [main] DEBUG org.hibernate.event.internal.AbstractFlushingEventListener - Flushed: 0 insertions, 0 updates, 1 deletions to 1 objects
10:24:16.553 [main] DEBUG org.hibernate.event.internal.AbstractFlushingEventListener - Flushed: 0 (re)creations, 0 updates, 1 removals to 1 collections
10:24:16.553 [main] DEBUG org.hibernate.internal.util.EntityPrinter - Listing entities:
10:24:16.554 [main] DEBUG org.hibernate.internal.util.EntityPrinter - org.frcpm.models.Meeting{date=2025-04-26, notes=null, project=<uninitialized>, startTime=18:00, id=101, endTime=20:00, attendances=[]}
10:24:16.554 [main] DEBUG org.hibernate.SQL - delete from meetings where id=?
10:24:16.554 [main] DEBUG org.hibernate.orm.jdbc.batch - PreparedStatementDetails did not contain PreparedStatement on #releaseStatements : delete from meetings where id=?
10:24:16.554 [main] DEBUG org.hibernate.orm.jdbc.batch - PreparedStatementDetails did not contain PreparedStatement on #releaseStatements : delete from meetings where id=?
10:24:16.554 [main] DEBUG org.hibernate.resource.jdbc.internal.LogicalConnectionManagedImpl - Initiating JDBC connection release from afterTransaction
10:24:16.554 [main] DEBUG org.hibernate.orm.jdbc.batch - PreparedStatementDetails did not contain PreparedStatement on #releaseStatements : delete from meetings where id=?
10:24:16.554 [main] DEBUG org.hibernate.orm.jdbc.batch - PreparedStatementDetails did not contain PreparedStatement on #releaseStatements : delete from meetings where id=?
10:24:16.554 [main] DEBUG org.hibernate.resource.jdbc.internal.LogicalConnectionManagedImpl - Initiating JDBC connection release from afterTransaction
10:24:16.554 [main] DEBUG org.hibernate.engine.jdbc.internal.JdbcCoordinatorImpl - HHH000420: Closing un-released batch
10:24:16.554 [main] DEBUG org.hibernate.orm.jdbc.batch - PreparedStatementDetails did not contain PreparedStatement on #releaseStatements : delete from meetings where id=?
10:24:16.554 [main] DEBUG org.hibernate.orm.jdbc.batch - PreparedStatementDetails did not contain PreparedStatement on #releaseStatements : delete from meetings where id=?
10:24:16.554 [main] DEBUG org.hibernate.engine.transaction.internal.TransactionImpl - On TransactionImpl creation, JpaCompliance#isJpaTransactionComplianceEnabled == false
10:24:16.554 [main] DEBUG org.hibernate.engine.transaction.internal.TransactionImpl - begin
10:24:16.555 [main] DEBUG org.hibernate.orm.sql.exec - Skipping reading Query result cache data: cache-enabled = false, cache-mode = IGNORE
10:24:16.555 [main] DEBUG org.hibernate.orm.results - Initializer list:
	  org.frcpm.models.TeamMember.subteam -> EntityDelayedFetchInitializer(org.frcpm.models.TeamMember.subteam)@1735752079 (ToOneAttributeMapping(NavigableRole[org.frcpm.models.TeamMember.subteam])@1068844069)
	  org.frcpm.models.TeamMember.attendances.{element} -> EntityJoinedFetchInitializer(org.frcpm.models.TeamMember.attendances.{element})@1918510881 (EntityCollectionPart(org.frcpm.models.TeamMember.attendances#{element})@462835634)
	  org.frcpm.models.TeamMember.assignedTasks -> DelayedCollectionInitializer(org.frcpm.models.TeamMember.assignedTasks)@1635772593 (PluralAttribute(org.frcpm.models.TeamMember.assignedTasks))
	  org.frcpm.models.TeamMember.attendances.{element}.meeting -> EntityDelayedFetchInitializer(org.frcpm.models.TeamMember.attendances.{element}.meeting)@1687554424 (ToOneAttributeMapping(NavigableRole[org.frcpm.models.Attendance.meeting])@1471186223)
	  org.frcpm.models.TeamMember -> EntityResultInitializer(org.frcpm.models.TeamMember)@677625188 (SingleTableEntityPersister(org.frcpm.models.TeamMember))
	  org.frcpm.models.TeamMember.attendances -> SetInitializer(org.frcpm.models.TeamMember.attendances)@186905702 (PluralAttribute(org.frcpm.models.TeamMember.attendances))

10:24:16.555 [main] DEBUG org.hibernate.SQL - select tm1_0.id,a1_0.member_id,a1_0.id,a1_0.arrival_time,a1_0.departure_time,a1_0.meeting_id,a1_0.present,tm1_0.email,tm1_0.first_name,tm1_0.last_name,tm1_0.is_leader,tm1_0.phone,tm1_0.skills,tm1_0.subteam_id,tm1_0.username from team_members tm1_0 left join attendances a1_0 on tm1_0.id=a1_0.member_id where tm1_0.id=?
10:24:16.555 [main] DEBUG org.hibernate.orm.results.loading.entity - (EntityResultInitializer) Hydrated EntityKey (org.frcpm.models.TeamMember): 157
10:24:16.555 [main] DEBUG org.hibernate.orm.results.loading.org.hibernate.orm.results.loading.collection - (SetInitializer) Current row collection key : org.frcpm.models.TeamMember.attendances#157
10:24:16.555 [main] DEBUG org.hibernate.orm.results - Extracted JDBC value [1] - [null]
10:24:16.555 [main] DEBUG org.hibernate.orm.results - Extracted JDBC value [2] - [null]
10:24:16.555 [main] DEBUG org.hibernate.orm.results.loading.entity - (EntityJoinedFetchInitializer) EntityKey (org.frcpm.models.TeamMember.attendances.{element}) is null
10:24:16.555 [main] DEBUG org.hibernate.orm.results.loading.org.hibernate.orm.results.loading.collection - (DelayedCollectionInitializer) Current row collection key : org.frcpm.models.TeamMember.assignedTasks#157
10:24:16.555 [main] DEBUG org.hibernate.orm.results.loading.entity - (EntityResultInitializer) Created new entity instance [org.frcpm.models.TeamMember#157] : 1949545498
10:24:16.555 [main] DEBUG org.hibernate.orm.results.loading.org.hibernate.orm.results.loading.collection - (SetInitializer) Created new collection wrapper [org.frcpm.models.TeamMember.attendances#157] : org.hibernate.collection.spi.PersistentSet@1224096974
10:24:16.555 [main] DEBUG org.hibernate.orm.results.loading.org.hibernate.orm.results.loading.collection - (SetInitializer) Responsible for loading collection [org.frcpm.models.TeamMember.attendances#157] : org.hibernate.collection.spi.PersistentSet@1224096974
10:24:16.555 [main] DEBUG org.hibernate.orm.results - Extracted JDBC value [13] - [null]
10:24:16.555 [main] DEBUG org.hibernate.orm.results - Extracted JDBC value [7] - [attendance1@example.com]
10:24:16.555 [main] DEBUG org.hibernate.orm.results - Extracted JDBC value [8] - [Attendance]
10:24:16.555 [main] DEBUG org.hibernate.orm.results - Extracted JDBC value [9] - [Test1]
10:24:16.555 [main] DEBUG org.hibernate.orm.results - Extracted JDBC value [10] - [false]
10:24:16.555 [main] DEBUG org.hibernate.orm.results - Extracted JDBC value [11] - [null]
10:24:16.555 [main] DEBUG org.hibernate.orm.results - Extracted JDBC value [12] - [null]
10:24:16.555 [main] DEBUG org.hibernate.orm.results - Extracted JDBC value [14] - [attendancetest1]
10:24:16.555 [main] DEBUG org.hibernate.orm.results.loading.entity - (EntityResultInitializer) Done materializing entityInstance : org.frcpm.models.TeamMember#157
10:24:16.555 [main] DEBUG org.hibernate.orm.results.loading - Calling top-level assembler (0 / 1) : org.hibernate.sql.results.graph.entity.internal.EntityAssembler@7c02dc3b
10:24:16.556 [main] DEBUG org.hibernate.sql.results.internal.ResultsHelper - Collection fully initialized: [org.frcpm.models.TeamMember.attendances#157]
10:24:16.556 [main] DEBUG org.hibernate.engine.spi.CollectionEntry - Reset storedSnapshot to {} for CollectionEntry[org.frcpm.models.TeamMember.assignedTasks#157]
10:24:16.556 [main] DEBUG org.hibernate.engine.spi.CollectionEntry - Reset storedSnapshot to {} for CollectionEntry[org.frcpm.models.TeamMember.attendances#157]
10:24:16.556 [main] DEBUG org.hibernate.engine.transaction.internal.TransactionImpl - committing
10:24:16.556 [main] DEBUG org.hibernate.event.internal.AbstractFlushingEventListener - Processing flush-time cascades
10:24:16.556 [main] DEBUG org.hibernate.event.internal.AbstractFlushingEventListener - Dirty checking collections
10:24:16.556 [main] DEBUG org.hibernate.engine.internal.Collections - Collection dereferenced: [org.frcpm.models.TeamMember.assignedTasks#157]
10:24:16.556 [main] DEBUG org.hibernate.engine.internal.Collections - Collection dereferenced: [org.frcpm.models.TeamMember.attendances#157]
10:24:16.556 [main] DEBUG org.hibernate.event.internal.AbstractFlushingEventListener - Flushed: 0 insertions, 0 updates, 1 deletions to 1 objects
10:24:16.556 [main] DEBUG org.hibernate.event.internal.AbstractFlushingEventListener - Flushed: 0 (re)creations, 0 updates, 2 removals to 2 collections
10:24:16.556 [main] DEBUG org.hibernate.internal.util.EntityPrinter - Listing entities:
10:24:16.556 [main] DEBUG org.hibernate.internal.util.EntityPrinter - org.frcpm.models.TeamMember{skills=null, firstName=Attendance, lastName=Test1, leader=false, subteam=null, phone=null, id=157, attendances=[], email=attendance1@example.com, assignedTasks=<uninitialized>, username=attendancetest1}
10:24:16.557 [main] DEBUG org.hibernate.SQL - delete from team_members where id=?
10:24:16.557 [main] DEBUG org.hibernate.orm.jdbc.batch - PreparedStatementDetails did not contain PreparedStatement on #releaseStatements : delete from team_members where id=?
10:24:16.557 [main] DEBUG org.hibernate.orm.jdbc.batch - PreparedStatementDetails did not contain PreparedStatement on #releaseStatements : delete from team_members where id=?
10:24:16.557 [main] DEBUG org.hibernate.resource.jdbc.internal.LogicalConnectionManagedImpl - Initiating JDBC connection release from afterTransaction
10:24:16.557 [main] DEBUG org.hibernate.orm.jdbc.batch - PreparedStatementDetails did not contain PreparedStatement on #releaseStatements : delete from team_members where id=?
10:24:16.557 [main] DEBUG org.hibernate.orm.jdbc.batch - PreparedStatementDetails did not contain PreparedStatement on #releaseStatements : delete from team_members where id=?
10:24:16.557 [main] DEBUG org.hibernate.resource.jdbc.internal.LogicalConnectionManagedImpl - Initiating JDBC connection release from afterTransaction
10:24:16.557 [main] DEBUG org.hibernate.engine.jdbc.internal.JdbcCoordinatorImpl - HHH000420: Closing un-released batch
10:24:16.557 [main] DEBUG org.hibernate.orm.jdbc.batch - PreparedStatementDetails did not contain PreparedStatement on #releaseStatements : delete from team_members where id=?
10:24:16.557 [main] DEBUG org.hibernate.orm.jdbc.batch - PreparedStatementDetails did not contain PreparedStatement on #releaseStatements : delete from team_members where id=?
10:24:16.557 [main] DEBUG org.hibernate.engine.transaction.internal.TransactionImpl - On TransactionImpl creation, JpaCompliance#isJpaTransactionComplianceEnabled == false
10:24:16.557 [main] DEBUG org.hibernate.engine.transaction.internal.TransactionImpl - begin
10:24:16.558 [main] DEBUG org.hibernate.orm.sql.exec - Skipping reading Query result cache data: cache-enabled = false, cache-mode = IGNORE
10:24:16.558 [main] DEBUG org.hibernate.orm.results - Initializer list:
	  org.frcpm.models.TeamMember.subteam -> EntityDelayedFetchInitializer(org.frcpm.models.TeamMember.subteam)@1248947802 (ToOneAttributeMapping(NavigableRole[org.frcpm.models.TeamMember.subteam])@1068844069)
	  org.frcpm.models.TeamMember.attendances.{element} -> EntityJoinedFetchInitializer(org.frcpm.models.TeamMember.attendances.{element})@857226134 (EntityCollectionPart(org.frcpm.models.TeamMember.attendances#{element})@462835634)
	  org.frcpm.models.TeamMember.assignedTasks -> DelayedCollectionInitializer(org.frcpm.models.TeamMember.assignedTasks)@1494342346 (PluralAttribute(org.frcpm.models.TeamMember.assignedTasks))
	  org.frcpm.models.TeamMember.attendances.{element}.meeting -> EntityDelayedFetchInitializer(org.frcpm.models.TeamMember.attendances.{element}.meeting)@219874097 (ToOneAttributeMapping(NavigableRole[org.frcpm.models.Attendance.meeting])@1471186223)
	  org.frcpm.models.TeamMember -> EntityResultInitializer(org.frcpm.models.TeamMember)@1289338742 (SingleTableEntityPersister(org.frcpm.models.TeamMember))
	  org.frcpm.models.TeamMember.attendances -> SetInitializer(org.frcpm.models.TeamMember.attendances)@1055910384 (PluralAttribute(org.frcpm.models.TeamMember.attendances))

10:24:16.558 [main] DEBUG org.hibernate.SQL - select tm1_0.id,a1_0.member_id,a1_0.id,a1_0.arrival_time,a1_0.departure_time,a1_0.meeting_id,a1_0.present,tm1_0.email,tm1_0.first_name,tm1_0.last_name,tm1_0.is_leader,tm1_0.phone,tm1_0.skills,tm1_0.subteam_id,tm1_0.username from team_members tm1_0 left join attendances a1_0 on tm1_0.id=a1_0.member_id where tm1_0.id=?
10:24:16.558 [main] DEBUG org.hibernate.orm.results.loading.entity - (EntityResultInitializer) Hydrated EntityKey (org.frcpm.models.TeamMember): 158
10:24:16.558 [main] DEBUG org.hibernate.orm.results.loading.org.hibernate.orm.results.loading.collection - (SetInitializer) Current row collection key : org.frcpm.models.TeamMember.attendances#158
10:24:16.558 [main] DEBUG org.hibernate.orm.results - Extracted JDBC value [1] - [null]
10:24:16.558 [main] DEBUG org.hibernate.orm.results - Extracted JDBC value [2] - [null]
10:24:16.558 [main] DEBUG org.hibernate.orm.results.loading.entity - (EntityJoinedFetchInitializer) EntityKey (org.frcpm.models.TeamMember.attendances.{element}) is null
10:24:16.558 [main] DEBUG org.hibernate.orm.results.loading.org.hibernate.orm.results.loading.collection - (DelayedCollectionInitializer) Current row collection key : org.frcpm.models.TeamMember.assignedTasks#158
10:24:16.558 [main] DEBUG org.hibernate.orm.results.loading.entity - (EntityResultInitializer) Created new entity instance [org.frcpm.models.TeamMember#158] : 1032527124
10:24:16.558 [main] DEBUG org.hibernate.orm.results.loading.org.hibernate.orm.results.loading.collection - (SetInitializer) Created new collection wrapper [org.frcpm.models.TeamMember.attendances#158] : org.hibernate.collection.spi.PersistentSet@1754952471
10:24:16.558 [main] DEBUG org.hibernate.orm.results.loading.org.hibernate.orm.results.loading.collection - (SetInitializer) Responsible for loading collection [org.frcpm.models.TeamMember.attendances#158] : org.hibernate.collection.spi.PersistentSet@1754952471
10:24:16.558 [main] DEBUG org.hibernate.orm.results - Extracted JDBC value [13] - [null]
10:24:16.558 [main] DEBUG org.hibernate.orm.results - Extracted JDBC value [7] - [attendance2@example.com]
10:24:16.558 [main] DEBUG org.hibernate.orm.results - Extracted JDBC value [8] - [Attendance]
10:24:16.558 [main] DEBUG org.hibernate.orm.results - Extracted JDBC value [9] - [Test2]
10:24:16.558 [main] DEBUG org.hibernate.orm.results - Extracted JDBC value [10] - [false]
10:24:16.558 [main] DEBUG org.hibernate.orm.results - Extracted JDBC value [11] - [null]
10:24:16.558 [main] DEBUG org.hibernate.orm.results - Extracted JDBC value [12] - [null]
10:24:16.558 [main] DEBUG org.hibernate.orm.results - Extracted JDBC value [14] - [attendancetest2]
10:24:16.558 [main] DEBUG org.hibernate.orm.results.loading.entity - (EntityResultInitializer) Done materializing entityInstance : org.frcpm.models.TeamMember#158
10:24:16.558 [main] DEBUG org.hibernate.orm.results.loading - Calling top-level assembler (0 / 1) : org.hibernate.sql.results.graph.entity.internal.EntityAssembler@15f00e1b
10:24:16.559 [main] DEBUG org.hibernate.sql.results.internal.ResultsHelper - Collection fully initialized: [org.frcpm.models.TeamMember.attendances#158]
10:24:16.559 [main] DEBUG org.hibernate.engine.spi.CollectionEntry - Reset storedSnapshot to {} for CollectionEntry[org.frcpm.models.TeamMember.assignedTasks#158]
10:24:16.559 [main] DEBUG org.hibernate.engine.spi.CollectionEntry - Reset storedSnapshot to {} for CollectionEntry[org.frcpm.models.TeamMember.attendances#158]
10:24:16.559 [main] DEBUG org.hibernate.engine.transaction.internal.TransactionImpl - committing
10:24:16.559 [main] DEBUG org.hibernate.event.internal.AbstractFlushingEventListener - Processing flush-time cascades
10:24:16.559 [main] DEBUG org.hibernate.event.internal.AbstractFlushingEventListener - Dirty checking collections
10:24:16.559 [main] DEBUG org.hibernate.engine.internal.Collections - Collection dereferenced: [org.frcpm.models.TeamMember.assignedTasks#158]
10:24:16.559 [main] DEBUG org.hibernate.engine.internal.Collections - Collection dereferenced: [org.frcpm.models.TeamMember.attendances#158]
10:24:16.559 [main] DEBUG org.hibernate.event.internal.AbstractFlushingEventListener - Flushed: 0 insertions, 0 updates, 1 deletions to 1 objects
10:24:16.559 [main] DEBUG org.hibernate.event.internal.AbstractFlushingEventListener - Flushed: 0 (re)creations, 0 updates, 2 removals to 2 collections
10:24:16.559 [main] DEBUG org.hibernate.internal.util.EntityPrinter - Listing entities:
10:24:16.559 [main] DEBUG org.hibernate.internal.util.EntityPrinter - org.frcpm.models.TeamMember{skills=null, firstName=Attendance, lastName=Test2, leader=false, subteam=null, phone=null, id=158, attendances=[], email=attendance2@example.com, assignedTasks=<uninitialized>, username=attendancetest2}
10:24:16.559 [main] DEBUG org.hibernate.SQL - delete from team_members where id=?
10:24:16.560 [main] DEBUG org.hibernate.orm.jdbc.batch - PreparedStatementDetails did not contain PreparedStatement on #releaseStatements : delete from team_members where id=?
10:24:16.560 [main] DEBUG org.hibernate.orm.jdbc.batch - PreparedStatementDetails did not contain PreparedStatement on #releaseStatements : delete from team_members where id=?
10:24:16.560 [main] DEBUG org.hibernate.resource.jdbc.internal.LogicalConnectionManagedImpl - Initiating JDBC connection release from afterTransaction
10:24:16.560 [main] DEBUG org.hibernate.orm.jdbc.batch - PreparedStatementDetails did not contain PreparedStatement on #releaseStatements : delete from team_members where id=?
10:24:16.560 [main] DEBUG org.hibernate.orm.jdbc.batch - PreparedStatementDetails did not contain PreparedStatement on #releaseStatements : delete from team_members where id=?
10:24:16.560 [main] DEBUG org.hibernate.resource.jdbc.internal.LogicalConnectionManagedImpl - Initiating JDBC connection release from afterTransaction
10:24:16.560 [main] DEBUG org.hibernate.engine.jdbc.internal.JdbcCoordinatorImpl - HHH000420: Closing un-released batch
10:24:16.560 [main] DEBUG org.hibernate.orm.jdbc.batch - PreparedStatementDetails did not contain PreparedStatement on #releaseStatements : delete from team_members where id=?
10:24:16.560 [main] DEBUG org.hibernate.orm.jdbc.batch - PreparedStatementDetails did not contain PreparedStatement on #releaseStatements : delete from team_members where id=?
10:24:16.560 [main] DEBUG org.hibernate.engine.transaction.internal.TransactionImpl - On TransactionImpl creation, JpaCompliance#isJpaTransactionComplianceEnabled == false
10:24:16.560 [main] DEBUG org.hibernate.engine.transaction.internal.TransactionImpl - begin
10:24:16.560 [main] DEBUG org.hibernate.orm.sql.ast.create - Created new SQL alias : p1_0
10:24:16.560 [main] DEBUG org.hibernate.orm.sql.ast.create - Registration of TableGroup [StandardTableGroup(org.frcpm.models.Project)] with identifierForTableGroup [org.frcpm.models.Project] for NavigablePath [org.frcpm.models.Project] 
10:24:16.560 [main] DEBUG org.hibernate.orm.sql.ast.create - Created new SQL alias : m1_0
10:24:16.560 [main] DEBUG org.hibernate.orm.sql.ast.create - Registration of TableGroup [org.hibernate.sql.ast.tree.from.OneToManyTableGroup@5aaf9c1d] with identifierForTableGroup [org.frcpm.models.Project.meetings] for NavigablePath [org.frcpm.models.Project.meetings] 
10:24:16.560 [main] DEBUG org.hibernate.orm.sql.ast.create - Registration of TableGroup [StandardTableGroup(org.frcpm.models.Project.meetings.{element})] with identifierForTableGroup [org.frcpm.models.Project.meetings.{element}] for NavigablePath [org.frcpm.models.Project.meetings.{element}] 
10:24:16.561 [main] DEBUG org.hibernate.orm.sql.ast.create - Registration of TableGroup [org.hibernate.sql.ast.tree.from.LazyTableGroup@61164e94] with identifierForTableGroup [org.frcpm.models.Project.meetings.{element}.project] for NavigablePath [org.frcpm.models.Project.meetings.{element}.project] 
10:24:16.561 [main] DEBUG org.hibernate.orm.results.graph.AST - DomainResult Graph:
 \-EntityResultImpl [org.frcpm.models.Project]
 |  +-BasicFetch [org.frcpm.models.Project.description]
 |  +-BasicFetch [org.frcpm.models.Project.goalEndDate]
 |  +-BasicFetch [org.frcpm.models.Project.hardDeadline]
 |  +-EagerCollectionFetch [org.frcpm.models.Project.meetings]
 |  |  \-EntityFetchJoinedImpl [org.frcpm.models.Project.meetings.{element}]
 |  +-SelectEagerCollectionFetch [org.frcpm.models.Project.milestones]
 |  +-BasicFetch [org.frcpm.models.Project.name]
 |  +-BasicFetch [org.frcpm.models.Project.startDate]
 |  \-SelectEagerCollectionFetch [org.frcpm.models.Project.tasks]

10:24:16.561 [main] DEBUG org.hibernate.orm.sql.ast.tree - SQL AST Tree:
    SelectStatement {
      FromClause {
        StandardTableGroup (p1 : org.frcpm.models.Project) {
          primaryTableReference : projects as p1_0
          TableGroupJoins {
            left  join OneToManyTableGroup (m1 : org.frcpm.models.Project.meetings) {
              primaryTableReference : meetings as m1_0
              TableGroupJoins {
                left  join LazyTableGroup (p2 : org.frcpm.models.Project.meetings.{element}.project) {
                }
              }
            }
          }
        }
      }
    }

10:24:16.562 [main] DEBUG org.hibernate.orm.sql.exec - Skipping reading Query result cache data: cache-enabled = false, cache-mode = IGNORE
10:24:16.562 [main] DEBUG org.hibernate.orm.results - Initializer list:
	  org.frcpm.models.Project.meetings -> BagInitializer(org.frcpm.models.Project.meetings)@841211461 (PluralAttribute(org.frcpm.models.Project.meetings))
	  org.frcpm.models.Project.tasks -> SelectEagerCollectionInitializer(org.frcpm.models.Project.tasks)@348844904 (PluralAttribute(org.frcpm.models.Project.tasks))
	  org.frcpm.models.Project.meetings.{element} -> EntityJoinedFetchInitializer(org.frcpm.models.Project.meetings.{element})@1199275403 (EntityCollectionPart(org.frcpm.models.Project.meetings#{element})@725060051)
	  org.frcpm.models.Project.meetings.{element}.attendances -> SelectEagerCollectionInitializer(org.frcpm.models.Project.meetings.{element}.attendances)@122338054 (PluralAttribute(org.frcpm.models.Meeting.attendances))
	  org.frcpm.models.Project -> EntityResultInitializer(org.frcpm.models.Project)@1146640692 (SingleTableEntityPersister(org.frcpm.models.Project))
	  org.frcpm.models.Project.milestones -> SelectEagerCollectionInitializer(org.frcpm.models.Project.milestones)@1490281233 (PluralAttribute(org.frcpm.models.Project.milestones))

10:24:16.562 [main] DEBUG org.hibernate.SQL - select p1_0.id,p1_0.description,p1_0.goal_end_date,p1_0.hard_deadline,p1_0.name,p1_0.start_date,m1_0.project_id,m1_0.id,m1_0.date,m1_0.end_time,m1_0.notes,m1_0.start_time from projects p1_0 left join meetings m1_0 on p1_0.id=m1_0.project_id where p1_0.id=?
10:24:16.563 [main] DEBUG org.hibernate.orm.results.loading.entity - (EntityResultInitializer) Hydrated EntityKey (org.frcpm.models.Project): 167
10:24:16.563 [main] DEBUG org.hibernate.orm.results.loading.org.hibernate.orm.results.loading.collection - (BagInitializer) Current row collection key : org.frcpm.models.Project.meetings#167
10:24:16.563 [main] DEBUG org.hibernate.orm.results - Extracted JDBC value [6] - [null]
10:24:16.563 [main] DEBUG org.hibernate.orm.results - Extracted JDBC value [7] - [null]
10:24:16.563 [main] DEBUG org.hibernate.orm.results.loading.entity - (EntityJoinedFetchInitializer) EntityKey (org.frcpm.models.Project.meetings.{element}) is null
10:24:16.563 [main] DEBUG org.hibernate.orm.results.loading.org.hibernate.orm.results.loading.collection - (SelectEagerCollectionInitializer) Current row collection key : org.frcpm.models.Project.milestones#167
10:24:16.563 [main] DEBUG org.hibernate.orm.results.loading.org.hibernate.orm.results.loading.collection - (SelectEagerCollectionInitializer) Current row collection key : org.frcpm.models.Project.tasks#167
10:24:16.563 [main] DEBUG org.hibernate.orm.results.loading.entity - (EntityResultInitializer) Created new entity instance [org.frcpm.models.Project#167] : 459996113
10:24:16.563 [main] DEBUG org.hibernate.orm.results.loading.org.hibernate.orm.results.loading.collection - (BagInitializer) Created new collection wrapper [org.frcpm.models.Project.meetings#167] : org.hibernate.collection.spi.PersistentBag@1550207174
10:24:16.563 [main] DEBUG org.hibernate.orm.results.loading.org.hibernate.orm.results.loading.collection - (BagInitializer) Responsible for loading collection [org.frcpm.models.Project.meetings#167] : org.hibernate.collection.spi.PersistentBag@1550207174
10:24:16.563 [main] DEBUG org.hibernate.orm.results - Extracted JDBC value [1] - [null]
10:24:16.563 [main] DEBUG org.hibernate.orm.results - Extracted JDBC value [2] - [2025-06-06]
10:24:16.563 [main] DEBUG org.hibernate.orm.results - Extracted JDBC value [3] - [2025-06-20]
10:24:16.563 [main] DEBUG org.hibernate.orm.results - Extracted JDBC value [4] - [Test Attendance Project]
10:24:16.563 [main] DEBUG org.hibernate.orm.results - Extracted JDBC value [5] - [2025-04-25]
10:24:16.563 [main] DEBUG org.hibernate.orm.results.loading.entity - (EntityResultInitializer) Done materializing entityInstance : org.frcpm.models.Project#167
10:24:16.563 [main] DEBUG org.hibernate.orm.results.loading - Calling top-level assembler (0 / 1) : org.hibernate.sql.results.graph.entity.internal.EntityAssembler@420f1973
10:24:16.563 [main] DEBUG org.hibernate.sql.results.internal.ResultsHelper - Collection fully initialized: [org.frcpm.models.Project.meetings#167]
10:24:16.564 [main] DEBUG org.hibernate.orm.sql.exec - Skipping reading Query result cache data: cache-enabled = false, cache-mode = IGNORE
10:24:16.564 [main] DEBUG org.hibernate.orm.results - Initializer list:
	  org.frcpm.models.Project.tasks.{element}.assignedTo -> DelayedCollectionInitializer(org.frcpm.models.Project.tasks.{element}.assignedTo)@742480268 (PluralAttribute(org.frcpm.models.Task.assignedTo))
	  org.frcpm.models.Project.tasks.{element}.postDependencies -> DelayedCollectionInitializer(org.frcpm.models.Project.tasks.{element}.postDependencies)@582211623 (PluralAttribute(org.frcpm.models.Task.postDependencies))
	  org.frcpm.models.Project.tasks.{element} -> EntityJoinedFetchInitializer(org.frcpm.models.Project.tasks.{element})@311190601 (EntityCollectionPart(org.frcpm.models.Project.tasks#{element})@686957546)
	  org.frcpm.models.Project.tasks.{element}.requiredComponents -> DelayedCollectionInitializer(org.frcpm.models.Project.tasks.{element}.requiredComponents)@249135681 (PluralAttribute(org.frcpm.models.Task.requiredComponents))
	  org.frcpm.models.Project.tasks.{element}.project -> EntityDelayedFetchInitializer(org.frcpm.models.Project.tasks.{element}.project)@848761181 (ToOneAttributeMapping(NavigableRole[org.frcpm.models.Task.project])@1128830314)
	  org.frcpm.models.Project.tasks.{element}.subsystem -> EntityDelayedFetchInitializer(org.frcpm.models.Project.tasks.{element}.subsystem)@2057044890 (ToOneAttributeMapping(NavigableRole[org.frcpm.models.Task.subsystem])@949308674)
	  org.frcpm.models.Project.tasks.{element}.preDependencies -> DelayedCollectionInitializer(org.frcpm.models.Project.tasks.{element}.preDependencies)@839040692 (PluralAttribute(org.frcpm.models.Task.preDependencies))
	  org.frcpm.models.Project.tasks -> BagInitializer(org.frcpm.models.Project.tasks)@904306267 (PluralAttribute(org.frcpm.models.Project.tasks))

10:24:16.564 [main] DEBUG org.hibernate.SQL - select t1_0.project_id,t1_0.id,t1_0.actual_duration_seconds,t1_0.completed,t1_0.description,t1_0.end_date,t1_0.estimated_duration_seconds,t1_0.priority,t1_0.progress,t1_0.start_date,t1_0.subsystem_id,t1_0.title from tasks t1_0 where t1_0.project_id=?
10:24:16.565 [main] DEBUG org.hibernate.sql.results.internal.ResultsHelper - Collection fully initialized: [org.frcpm.models.Project.tasks#167]
10:24:16.565 [main] DEBUG org.hibernate.orm.sql.exec - Skipping reading Query result cache data: cache-enabled = false, cache-mode = IGNORE
10:24:16.565 [main] DEBUG org.hibernate.orm.results - Initializer list:
	  org.frcpm.models.Project.milestones.{element}.project -> EntityDelayedFetchInitializer(org.frcpm.models.Project.milestones.{element}.project)@449019910 (ToOneAttributeMapping(NavigableRole[org.frcpm.models.Milestone.project])@467059011)
	  org.frcpm.models.Project.milestones.{element} -> EntityJoinedFetchInitializer(org.frcpm.models.Project.milestones.{element})@1379846188 (EntityCollectionPart(org.frcpm.models.Project.milestones#{element})@1962622827)
	  org.frcpm.models.Project.milestones -> BagInitializer(org.frcpm.models.Project.milestones)@1925075522 (PluralAttribute(org.frcpm.models.Project.milestones))

10:24:16.565 [main] DEBUG org.hibernate.SQL - select m1_0.project_id,m1_0.id,m1_0.date,m1_0.description,m1_0.name from milestones m1_0 where m1_0.project_id=?
10:24:16.566 [main] DEBUG org.hibernate.sql.results.internal.ResultsHelper - Collection fully initialized: [org.frcpm.models.Project.milestones#167]
10:24:16.566 [main] DEBUG org.hibernate.engine.spi.CollectionEntry - Reset storedSnapshot to [] for CollectionEntry[org.frcpm.models.Project.meetings#167]
10:24:16.566 [main] DEBUG org.hibernate.engine.spi.CollectionEntry - Reset storedSnapshot to [] for CollectionEntry[org.frcpm.models.Project.milestones#167]
10:24:16.566 [main] DEBUG org.hibernate.engine.spi.CollectionEntry - Reset storedSnapshot to [] for CollectionEntry[org.frcpm.models.Project.tasks#167]
10:24:16.566 [main] DEBUG org.hibernate.engine.transaction.internal.TransactionImpl - committing
10:24:16.566 [main] DEBUG org.hibernate.event.internal.AbstractFlushingEventListener - Processing flush-time cascades
10:24:16.566 [main] DEBUG org.hibernate.event.internal.AbstractFlushingEventListener - Dirty checking collections
10:24:16.566 [main] DEBUG org.hibernate.engine.internal.Collections - Collection dereferenced: [org.frcpm.models.Project.meetings#167]
10:24:16.567 [main] DEBUG org.hibernate.engine.internal.Collections - Collection dereferenced: [org.frcpm.models.Project.milestones#167]
10:24:16.567 [main] DEBUG org.hibernate.engine.internal.Collections - Collection dereferenced: [org.frcpm.models.Project.tasks#167]
10:24:16.567 [main] DEBUG org.hibernate.event.internal.AbstractFlushingEventListener - Flushed: 0 insertions, 0 updates, 1 deletions to 1 objects
10:24:16.567 [main] DEBUG org.hibernate.event.internal.AbstractFlushingEventListener - Flushed: 0 (re)creations, 0 updates, 3 removals to 3 collections
10:24:16.567 [main] DEBUG org.hibernate.internal.util.EntityPrinter - Listing entities:
10:24:16.567 [main] DEBUG org.hibernate.internal.util.EntityPrinter - org.frcpm.models.Project{hardDeadline=2025-06-20, name=Test Attendance Project, description=null, meetings=[], id=167, goalEndDate=2025-06-06, milestones=[], startDate=2025-04-25, tasks=[]}
10:24:16.567 [main] DEBUG org.hibernate.SQL - delete from projects where id=?
10:24:16.567 [main] DEBUG org.hibernate.orm.jdbc.batch - PreparedStatementDetails did not contain PreparedStatement on #releaseStatements : delete from projects where id=?
10:24:16.567 [main] DEBUG org.hibernate.orm.jdbc.batch - PreparedStatementDetails did not contain PreparedStatement on #releaseStatements : delete from projects where id=?
10:24:16.567 [main] DEBUG org.hibernate.resource.jdbc.internal.LogicalConnectionManagedImpl - Initiating JDBC connection release from afterTransaction
10:24:16.567 [main] DEBUG org.hibernate.orm.jdbc.batch - PreparedStatementDetails did not contain PreparedStatement on #releaseStatements : delete from projects where id=?
10:24:16.567 [main] DEBUG org.hibernate.orm.jdbc.batch - PreparedStatementDetails did not contain PreparedStatement on #releaseStatements : delete from projects where id=?
10:24:16.567 [main] DEBUG org.hibernate.resource.jdbc.internal.LogicalConnectionManagedImpl - Initiating JDBC connection release from afterTransaction
10:24:16.567 [main] DEBUG org.hibernate.engine.jdbc.internal.JdbcCoordinatorImpl - HHH000420: Closing un-released batch
10:24:16.567 [main] DEBUG org.hibernate.orm.jdbc.batch - PreparedStatementDetails did not contain PreparedStatement on #releaseStatements : delete from projects where id=?
10:24:16.567 [main] DEBUG org.hibernate.orm.jdbc.batch - PreparedStatementDetails did not contain PreparedStatement on #releaseStatements : delete from projects where id=?
10:24:16.567 [main] DEBUG org.hibernate.internal.SessionFactoryImpl - HHH000031: Closing
10:24:16.567 [main] DEBUG org.hibernate.type.spi.TypeConfiguration$Scope - Un-scoping TypeConfiguration [org.hibernate.type.spi.TypeConfiguration$Scope@5695894b] from SessionFactory [org.hibernate.internal.SessionFactoryImpl@154a1ee4]
10:24:16.567 [main] DEBUG org.hibernate.service.internal.AbstractServiceRegistryImpl - Implicitly destroying ServiceRegistry on de-registration of all child ServiceRegistries
10:24:16.567 [main] INFO com.zaxxer.hikari.HikariDataSource - FRC-PM-HikariCP - Shutdown initiated...
10:24:16.567 [main] DEBUG com.zaxxer.hikari.pool.HikariPool - FRC-PM-HikariCP - Before shutdown stats (total=2, active=0, idle=2, waiting=0)
10:24:16.568 [FRC-PM-HikariCP connection closer] DEBUG com.zaxxer.hikari.pool.PoolBase - FRC-PM-HikariCP - Closing connection conn20: url=jdbc:h2:file:C:\Users\dhiebert\.frcpm\frcpm user=SA: (connection evicted)
10:24:16.568 [FRC-PM-HikariCP connection closer] DEBUG com.zaxxer.hikari.pool.PoolBase - FRC-PM-HikariCP - Closing connection conn21: url=jdbc:h2:file:C:\Users\dhiebert\.frcpm\frcpm user=SA: (connection evicted)
10:24:16.775 [main] DEBUG com.zaxxer.hikari.pool.HikariPool - FRC-PM-HikariCP - After shutdown stats (total=0, active=0, idle=0, waiting=0)
10:24:16.775 [main] INFO com.zaxxer.hikari.HikariDataSource - FRC-PM-HikariCP - Shutdown completed.
10:24:16.775 [main] DEBUG org.hibernate.boot.registry.internal.BootstrapServiceRegistryImpl - Implicitly destroying Boot-strap registry on de-registration of all child ServiceRegistries
]]></system-out>
    <system-err><![CDATA[Apr 25, 2025 10:24:16 AM org.frcpm.config.DatabaseConfig initialize
INFO: Initializing database configuration...
Apr 25, 2025 10:24:16 AM org.frcpm.config.DatabaseConfig initialize
INFO: Using FILE-BASED database at: file:C:\Users\dhiebert\.frcpm\frcpm
Apr 25, 2025 10:24:16 AM org.frcpm.config.DatabaseConfig initialize
INFO: Using JDBC URL: jdbc:h2:file:C:\Users\dhiebert\.frcpm\frcpm
Apr 25, 2025 10:24:16 AM org.frcpm.config.DatabaseConfig initialize
INFO: Using schema mode: update
Apr 25, 2025 10:24:16 AM org.frcpm.config.DatabaseConfig initialize
INFO: Database configuration initialized successfully in PRODUCTION mode
Apr 25, 2025 10:24:16 AM org.frcpm.config.DatabaseConfig shutdown
INFO: Database configuration shut down
]]></system-err>
  </testcase>
  <testcase name="testDelete" classname="org.frcpm.repositories.AttendanceRepositoryTest" time="0.49">
    <system-out><![CDATA[10:24:16.786 [main] DEBUG org.hibernate.jpa.HibernatePersistenceProvider - Located and parsed 1 persistence units; checking each
10:24:16.786 [main] DEBUG org.hibernate.jpa.HibernatePersistenceProvider - Checking persistence-unit [name=frcpm, explicit-provider=org.hibernate.jpa.HibernatePersistenceProvider] against incoming persistence unit name [frcpm]
10:24:16.786 [main] DEBUG org.hibernate.jpa.boot.spi.ProviderChecker - Persistence-unit [frcpm] requested PersistenceProvider [org.hibernate.jpa.HibernatePersistenceProvider]
10:24:16.786 [main] DEBUG org.hibernate.jpa.internal.util.LogHelper - PersistenceUnitInfo [
	name: frcpm
	persistence provider classname: org.hibernate.jpa.HibernatePersistenceProvider
	classloader: null
	excludeUnlistedClasses: false
	JTA datasource: null
	Non JTA datasource: null
	Transaction type: RESOURCE_LOCAL
	PU root URL: file:/C:/Users/dhiebert/Local%20Repositories/Project%20Management%202.0/target/classes
	Shared Cache Mode: null
	Validation Mode: null
	Jar files URLs []
	Managed classes names [
		org.frcpm.models.Project
		org.frcpm.models.Subteam
		org.frcpm.models.TeamMember
		org.frcpm.models.Subsystem
		org.frcpm.models.Task
		org.frcpm.models.Component
		org.frcpm.models.Meeting
		org.frcpm.models.Attendance
		org.frcpm.models.Milestone]
	Mapping files names []
	Properties [
		hibernate.connection.handling_mode: DELAYED_ACQUISITION_AND_RELEASE_AFTER_STATEMENT
		jakarta.persistence.jdbc.url: jdbc:h2:file:C:\Users\dhiebert\.frcpm\frcpm
		hibernate.jdbc.batch_versioned_data: null
		hibernate.cache.use_second_level_cache: null
		hibernate.show_sql: null
		jakarta.persistence.jdbc.driver: org.h2.Driver
		hibernate.jdbc.batch_size: 30
		jakarta.persistence.jdbc.user: sa
		hibernate.generate_statistics: null
		hibernate.hbm2ddl.auto: update
		hibernate.cache.use_query_cache: null
		hibernate.hikari.maximumPoolSize: 10
		hibernate.hikari.idleTimeout: 30000
		hibernate.format_sql: null
		hibernate.hikari.minimumIdle: 2
		hibernate.use_sql_comments: null
		hibernate.order_inserts: null
		hibernate.current_session_context_class: thread
		hibernate.connection.provider_class: org.hibernate.hikaricp.internal.HikariCPConnectionProvider
		hibernate.hikari.connectionTimeout: 10000
		hibernate.hikari.poolName: FRC-PM-HikariCP
		hibernate.order_updates: null
		hibernate.dialect: org.hibernate.dialect.H2Dialect
		jakarta.persistence.jdbc.password: ]
10:24:16.786 [main] DEBUG org.hibernate.integrator.internal.IntegratorServiceImpl - Adding Integrator [org.hibernate.boot.beanvalidation.BeanValidationIntegrator].
10:24:16.786 [main] DEBUG org.hibernate.integrator.internal.IntegratorServiceImpl - Adding Integrator [org.hibernate.cache.internal.CollectionCacheInvalidator].
10:24:16.790 [main] DEBUG org.hibernate.orm.idgen.factory - Ignoring CDI for resolving IdentifierGenerator instances as extended or delayed CDI support was enabled
10:24:16.790 [main] DEBUG org.hibernate.orm.idgen.factory - Registering IdentifierGenerator strategy [uuid2] -> [org.hibernate.id.UUIDGenerator]
10:24:16.790 [main] DEBUG org.hibernate.orm.idgen.factory - Registering IdentifierGenerator strategy [guid] -> [org.hibernate.id.GUIDGenerator]
10:24:16.790 [main] DEBUG org.hibernate.orm.idgen.factory - Registering IdentifierGenerator strategy [uuid] -> [org.hibernate.id.UUIDHexGenerator]
10:24:16.790 [main] DEBUG org.hibernate.orm.idgen.factory - Registering IdentifierGenerator strategy [uuid.hex] -> [org.hibernate.id.UUIDHexGenerator]
10:24:16.790 [main] DEBUG org.hibernate.orm.idgen.factory - Registering IdentifierGenerator strategy [assigned] -> [org.hibernate.id.Assigned]
10:24:16.790 [main] DEBUG org.hibernate.orm.idgen.factory - Registering IdentifierGenerator strategy [identity] -> [org.hibernate.id.IdentityGenerator]
10:24:16.790 [main] DEBUG org.hibernate.orm.idgen.factory - Registering IdentifierGenerator strategy [select] -> [org.hibernate.id.SelectGenerator]
10:24:16.790 [main] DEBUG org.hibernate.orm.idgen.factory - Registering IdentifierGenerator strategy [sequence] -> [org.hibernate.id.enhanced.SequenceStyleGenerator]
10:24:16.790 [main] DEBUG org.hibernate.orm.idgen.factory - Registering IdentifierGenerator strategy [increment] -> [org.hibernate.id.IncrementGenerator]
10:24:16.790 [main] DEBUG org.hibernate.orm.idgen.factory - Registering IdentifierGenerator strategy [foreign] -> [org.hibernate.id.ForeignGenerator]
10:24:16.790 [main] DEBUG org.hibernate.orm.idgen.factory - Registering IdentifierGenerator strategy [enhanced-sequence] -> [org.hibernate.id.enhanced.SequenceStyleGenerator]
10:24:16.790 [main] DEBUG org.hibernate.orm.idgen.factory - Registering IdentifierGenerator strategy [enhanced-table] -> [org.hibernate.id.enhanced.TableGenerator]
10:24:16.790 [main] INFO org.hibernate.cache.internal.RegionFactoryInitiator - HHH000026: Second-level cache disabled
10:24:16.790 [main] DEBUG org.hibernate.type.BasicTypeRegistry - Adding type registration boolean -> org.hibernate.type.BasicTypeReference@2f4919b0
10:24:16.790 [main] DEBUG org.hibernate.type.BasicTypeRegistry - Adding type registration boolean -> org.hibernate.type.BasicTypeReference@2f4919b0
10:24:16.790 [main] DEBUG org.hibernate.type.BasicTypeRegistry - Adding type registration java.lang.Boolean -> org.hibernate.type.BasicTypeReference@2f4919b0
10:24:16.790 [main] DEBUG org.hibernate.type.BasicTypeRegistry - Adding type registration numeric_boolean -> org.hibernate.type.BasicTypeReference@a8a8b75
10:24:16.790 [main] DEBUG org.hibernate.type.BasicTypeRegistry - Adding type registration org.hibernate.type.NumericBooleanConverter -> org.hibernate.type.BasicTypeReference@a8a8b75
10:24:16.790 [main] DEBUG org.hibernate.type.BasicTypeRegistry - Adding type registration true_false -> org.hibernate.type.BasicTypeReference@75b21c3b
10:24:16.790 [main] DEBUG org.hibernate.type.BasicTypeRegistry - Adding type registration org.hibernate.type.TrueFalseConverter -> org.hibernate.type.BasicTypeReference@75b21c3b
10:24:16.790 [main] DEBUG org.hibernate.type.BasicTypeRegistry - Adding type registration yes_no -> org.hibernate.type.BasicTypeReference@72be135f
10:24:16.790 [main] DEBUG org.hibernate.type.BasicTypeRegistry - Adding type registration org.hibernate.type.YesNoConverter -> org.hibernate.type.BasicTypeReference@72be135f
10:24:16.790 [main] DEBUG org.hibernate.type.BasicTypeRegistry - Adding type registration byte -> org.hibernate.type.BasicTypeReference@155d1021
10:24:16.790 [main] DEBUG org.hibernate.type.BasicTypeRegistry - Adding type registration byte -> org.hibernate.type.BasicTypeReference@155d1021
10:24:16.790 [main] DEBUG org.hibernate.type.BasicTypeRegistry - Adding type registration java.lang.Byte -> org.hibernate.type.BasicTypeReference@155d1021
10:24:16.790 [main] DEBUG org.hibernate.type.BasicTypeRegistry - Adding type registration binary -> org.hibernate.type.BasicTypeReference@4bd2f0dc
10:24:16.790 [main] DEBUG org.hibernate.type.BasicTypeRegistry - Adding type registration byte[] -> org.hibernate.type.BasicTypeReference@4bd2f0dc
10:24:16.790 [main] DEBUG org.hibernate.type.BasicTypeRegistry - Adding type registration [B -> org.hibernate.type.BasicTypeReference@4bd2f0dc
10:24:16.790 [main] DEBUG org.hibernate.type.BasicTypeRegistry - Adding type registration binary_wrapper -> org.hibernate.type.BasicTypeReference@2e647e59
10:24:16.790 [main] DEBUG org.hibernate.type.BasicTypeRegistry - Adding type registration wrapper-binary -> org.hibernate.type.BasicTypeReference@2e647e59
10:24:16.790 [main] DEBUG org.hibernate.type.BasicTypeRegistry - Adding type registration image -> org.hibernate.type.BasicTypeReference@2c42b421
10:24:16.790 [main] DEBUG org.hibernate.type.BasicTypeRegistry - Adding type registration blob -> org.hibernate.type.BasicTypeReference@51e37590
10:24:16.790 [main] DEBUG org.hibernate.type.BasicTypeRegistry - Adding type registration java.sql.Blob -> org.hibernate.type.BasicTypeReference@51e37590
10:24:16.790 [main] DEBUG org.hibernate.type.BasicTypeRegistry - Adding type registration materialized_blob -> org.hibernate.type.BasicTypeReference@deb3b60
10:24:16.790 [main] DEBUG org.hibernate.type.BasicTypeRegistry - Adding type registration materialized_blob_wrapper -> org.hibernate.type.BasicTypeReference@701a32
10:24:16.790 [main] DEBUG org.hibernate.type.BasicTypeRegistry - Adding type registration short -> org.hibernate.type.BasicTypeReference@39aa45a1
10:24:16.790 [main] DEBUG org.hibernate.type.BasicTypeRegistry - Adding type registration short -> org.hibernate.type.BasicTypeReference@39aa45a1
10:24:16.790 [main] DEBUG org.hibernate.type.BasicTypeRegistry - Adding type registration java.lang.Short -> org.hibernate.type.BasicTypeReference@39aa45a1
10:24:16.790 [main] DEBUG org.hibernate.type.BasicTypeRegistry - Adding type registration integer -> org.hibernate.type.BasicTypeReference@73aff8f1
10:24:16.790 [main] DEBUG org.hibernate.type.BasicTypeRegistry - Adding type registration int -> org.hibernate.type.BasicTypeReference@73aff8f1
10:24:16.790 [main] DEBUG org.hibernate.type.BasicTypeRegistry - Adding type registration java.lang.Integer -> org.hibernate.type.BasicTypeReference@73aff8f1
10:24:16.790 [main] DEBUG org.hibernate.type.BasicTypeRegistry - Adding type registration long -> org.hibernate.type.BasicTypeReference@27cbfddf
10:24:16.790 [main] DEBUG org.hibernate.type.BasicTypeRegistry - Adding type registration long -> org.hibernate.type.BasicTypeReference@27cbfddf
10:24:16.790 [main] DEBUG org.hibernate.type.BasicTypeRegistry - Adding type registration java.lang.Long -> org.hibernate.type.BasicTypeReference@27cbfddf
10:24:16.790 [main] DEBUG org.hibernate.type.BasicTypeRegistry - Adding type registration float -> org.hibernate.type.BasicTypeReference@27ead29e
10:24:16.790 [main] DEBUG org.hibernate.type.BasicTypeRegistry - Adding type registration float -> org.hibernate.type.BasicTypeReference@27ead29e
10:24:16.790 [main] DEBUG org.hibernate.type.BasicTypeRegistry - Adding type registration java.lang.Float -> org.hibernate.type.BasicTypeReference@27ead29e
10:24:16.790 [main] DEBUG org.hibernate.type.BasicTypeRegistry - Adding type registration double -> org.hibernate.type.BasicTypeReference@4c060c8f
10:24:16.790 [main] DEBUG org.hibernate.type.BasicTypeRegistry - Adding type registration double -> org.hibernate.type.BasicTypeReference@4c060c8f
10:24:16.790 [main] DEBUG org.hibernate.type.BasicTypeRegistry - Adding type registration java.lang.Double -> org.hibernate.type.BasicTypeReference@4c060c8f
10:24:16.790 [main] DEBUG org.hibernate.type.BasicTypeRegistry - Adding type registration big_integer -> org.hibernate.type.BasicTypeReference@40620d8e
10:24:16.790 [main] DEBUG org.hibernate.type.BasicTypeRegistry - Adding type registration java.math.BigInteger -> org.hibernate.type.BasicTypeReference@40620d8e
10:24:16.790 [main] DEBUG org.hibernate.type.BasicTypeRegistry - Adding type registration big_decimal -> org.hibernate.type.BasicTypeReference@383f3558
10:24:16.790 [main] DEBUG org.hibernate.type.BasicTypeRegistry - Adding type registration java.math.BigDecimal -> org.hibernate.type.BasicTypeReference@383f3558
10:24:16.790 [main] DEBUG org.hibernate.type.BasicTypeRegistry - Adding type registration character -> org.hibernate.type.BasicTypeReference@49b07ee3
10:24:16.790 [main] DEBUG org.hibernate.type.BasicTypeRegistry - Adding type registration char -> org.hibernate.type.BasicTypeReference@49b07ee3
10:24:16.790 [main] DEBUG org.hibernate.type.BasicTypeRegistry - Adding type registration java.lang.Character -> org.hibernate.type.BasicTypeReference@49b07ee3
10:24:16.790 [main] DEBUG org.hibernate.type.BasicTypeRegistry - Adding type registration character_nchar -> org.hibernate.type.BasicTypeReference@352e612e
10:24:16.790 [main] DEBUG org.hibernate.type.BasicTypeRegistry - Adding type registration string -> org.hibernate.type.BasicTypeReference@65f00478
10:24:16.790 [main] DEBUG org.hibernate.type.BasicTypeRegistry - Adding type registration java.lang.String -> org.hibernate.type.BasicTypeReference@65f00478
10:24:16.790 [main] DEBUG org.hibernate.type.BasicTypeRegistry - Adding type registration nstring -> org.hibernate.type.BasicTypeReference@2424686b
10:24:16.790 [main] DEBUG org.hibernate.type.BasicTypeRegistry - Adding type registration characters -> org.hibernate.type.BasicTypeReference@6ea94d6a
10:24:16.790 [main] DEBUG org.hibernate.type.BasicTypeRegistry - Adding type registration char[] -> org.hibernate.type.BasicTypeReference@6ea94d6a
10:24:16.790 [main] DEBUG org.hibernate.type.BasicTypeRegistry - Adding type registration [C -> org.hibernate.type.BasicTypeReference@6ea94d6a
10:24:16.790 [main] DEBUG org.hibernate.type.BasicTypeRegistry - Adding type registration wrapper-characters -> org.hibernate.type.BasicTypeReference@28486680
10:24:16.790 [main] DEBUG org.hibernate.type.BasicTypeRegistry - Adding type registration text -> org.hibernate.type.BasicTypeReference@4d7e7435
10:24:16.790 [main] DEBUG org.hibernate.type.BasicTypeRegistry - Adding type registration ntext -> org.hibernate.type.BasicTypeReference@4a1e3ac1
10:24:16.790 [main] DEBUG org.hibernate.type.BasicTypeRegistry - Adding type registration clob -> org.hibernate.type.BasicTypeReference@6e78fcf5
10:24:16.790 [main] DEBUG org.hibernate.type.BasicTypeRegistry - Adding type registration java.sql.Clob -> org.hibernate.type.BasicTypeReference@6e78fcf5
10:24:16.790 [main] DEBUG org.hibernate.type.BasicTypeRegistry - Adding type registration nclob -> org.hibernate.type.BasicTypeReference@56febdc
10:24:16.790 [main] DEBUG org.hibernate.type.BasicTypeRegistry - Adding type registration java.sql.NClob -> org.hibernate.type.BasicTypeReference@56febdc
10:24:16.790 [main] DEBUG org.hibernate.type.BasicTypeRegistry - Adding type registration materialized_clob -> org.hibernate.type.BasicTypeReference@3b8ee898
10:24:16.790 [main] DEBUG org.hibernate.type.BasicTypeRegistry - Adding type registration materialized_clob_char_array -> org.hibernate.type.BasicTypeReference@7d151a
10:24:16.790 [main] DEBUG org.hibernate.type.BasicTypeRegistry - Adding type registration materialized_clob_character_array -> org.hibernate.type.BasicTypeReference@294bdeb4
10:24:16.790 [main] DEBUG org.hibernate.type.BasicTypeRegistry - Adding type registration materialized_nclob -> org.hibernate.type.BasicTypeReference@5300f14a
10:24:16.790 [main] DEBUG org.hibernate.type.BasicTypeRegistry - Adding type registration materialized_nclob_character_array -> org.hibernate.type.BasicTypeReference@1f86099a
10:24:16.790 [main] DEBUG org.hibernate.type.BasicTypeRegistry - Adding type registration materialized_nclob_char_array -> org.hibernate.type.BasicTypeReference@77bb0ab5
10:24:16.790 [main] DEBUG org.hibernate.type.BasicTypeRegistry - Adding type registration Duration -> org.hibernate.type.BasicTypeReference@f2c488
10:24:16.790 [main] DEBUG org.hibernate.type.BasicTypeRegistry - Adding type registration java.time.Duration -> org.hibernate.type.BasicTypeReference@f2c488
10:24:16.790 [main] DEBUG org.hibernate.type.BasicTypeRegistry - Adding type registration LocalDateTime -> org.hibernate.type.BasicTypeReference@54acff7d
10:24:16.790 [main] DEBUG org.hibernate.type.BasicTypeRegistry - Adding type registration java.time.LocalDateTime -> org.hibernate.type.BasicTypeReference@54acff7d
10:24:16.790 [main] DEBUG org.hibernate.type.BasicTypeRegistry - Adding type registration LocalDate -> org.hibernate.type.BasicTypeReference@7bc9e6ab
10:24:16.790 [main] DEBUG org.hibernate.type.BasicTypeRegistry - Adding type registration java.time.LocalDate -> org.hibernate.type.BasicTypeReference@7bc9e6ab
10:24:16.790 [main] DEBUG org.hibernate.type.BasicTypeRegistry - Adding type registration LocalTime -> org.hibernate.type.BasicTypeReference@5488b5c5
10:24:16.790 [main] DEBUG org.hibernate.type.BasicTypeRegistry - Adding type registration java.time.LocalTime -> org.hibernate.type.BasicTypeReference@5488b5c5
10:24:16.790 [main] DEBUG org.hibernate.type.BasicTypeRegistry - Adding type registration OffsetDateTime -> org.hibernate.type.BasicTypeReference@4248ed58
10:24:16.790 [main] DEBUG org.hibernate.type.BasicTypeRegistry - Adding type registration java.time.OffsetDateTime -> org.hibernate.type.BasicTypeReference@4248ed58
10:24:16.790 [main] DEBUG org.hibernate.type.BasicTypeRegistry - Adding type registration OffsetDateTimeWithTimezone -> org.hibernate.type.BasicTypeReference@712ca57b
10:24:16.790 [main] DEBUG org.hibernate.type.BasicTypeRegistry - Adding type registration OffsetDateTimeWithoutTimezone -> org.hibernate.type.BasicTypeReference@4564e94b
10:24:16.790 [main] DEBUG org.hibernate.type.BasicTypeRegistry - Adding type registration OffsetTime -> org.hibernate.type.BasicTypeReference@54534abf
10:24:16.790 [main] DEBUG org.hibernate.type.BasicTypeRegistry - Adding type registration java.time.OffsetTime -> org.hibernate.type.BasicTypeReference@54534abf
10:24:16.790 [main] DEBUG org.hibernate.type.BasicTypeRegistry - Adding type registration OffsetTimeUtc -> org.hibernate.type.BasicTypeReference@51745f40
10:24:16.790 [main] DEBUG org.hibernate.type.BasicTypeRegistry - Adding type registration OffsetTimeWithTimezone -> org.hibernate.type.BasicTypeReference@45673f68
10:24:16.790 [main] DEBUG org.hibernate.type.BasicTypeRegistry - Adding type registration OffsetTimeWithoutTimezone -> org.hibernate.type.BasicTypeReference@27abb83e
10:24:16.790 [main] DEBUG org.hibernate.type.BasicTypeRegistry - Adding type registration ZonedDateTime -> org.hibernate.type.BasicTypeReference@69e308c6
10:24:16.790 [main] DEBUG org.hibernate.type.BasicTypeRegistry - Adding type registration java.time.ZonedDateTime -> org.hibernate.type.BasicTypeReference@69e308c6
10:24:16.790 [main] DEBUG org.hibernate.type.BasicTypeRegistry - Adding type registration ZonedDateTimeWithTimezone -> org.hibernate.type.BasicTypeReference@1a1ed4e5
10:24:16.790 [main] DEBUG org.hibernate.type.BasicTypeRegistry - Adding type registration ZonedDateTimeWithoutTimezone -> org.hibernate.type.BasicTypeReference@667e34b1
10:24:16.790 [main] DEBUG org.hibernate.type.BasicTypeRegistry - Adding type registration date -> org.hibernate.type.BasicTypeReference@1c6e0a08
10:24:16.790 [main] DEBUG org.hibernate.type.BasicTypeRegistry - Adding type registration java.sql.Date -> org.hibernate.type.BasicTypeReference@1c6e0a08
10:24:16.790 [main] DEBUG org.hibernate.type.BasicTypeRegistry - Adding type registration time -> org.hibernate.type.BasicTypeReference@6dba847b
10:24:16.790 [main] DEBUG org.hibernate.type.BasicTypeRegistry - Adding type registration java.sql.Time -> org.hibernate.type.BasicTypeReference@6dba847b
10:24:16.790 [main] DEBUG org.hibernate.type.BasicTypeRegistry - Adding type registration timestamp -> org.hibernate.type.BasicTypeReference@1efdcd5
10:24:16.790 [main] DEBUG org.hibernate.type.BasicTypeRegistry - Adding type registration java.sql.Timestamp -> org.hibernate.type.BasicTypeReference@1efdcd5
10:24:16.790 [main] DEBUG org.hibernate.type.BasicTypeRegistry - Adding type registration java.util.Date -> org.hibernate.type.BasicTypeReference@1efdcd5
10:24:16.790 [main] DEBUG org.hibernate.type.BasicTypeRegistry - Adding type registration calendar -> org.hibernate.type.BasicTypeReference@1623bbe5
10:24:16.790 [main] DEBUG org.hibernate.type.BasicTypeRegistry - Adding type registration java.util.Calendar -> org.hibernate.type.BasicTypeReference@1623bbe5
10:24:16.790 [main] DEBUG org.hibernate.type.BasicTypeRegistry - Adding type registration java.util.GregorianCalendar -> org.hibernate.type.BasicTypeReference@1623bbe5
10:24:16.790 [main] DEBUG org.hibernate.type.BasicTypeRegistry - Adding type registration calendar_date -> org.hibernate.type.BasicTypeReference@7af1cd63
10:24:16.790 [main] DEBUG org.hibernate.type.BasicTypeRegistry - Adding type registration calendar_time -> org.hibernate.type.BasicTypeReference@4351171a
10:24:16.790 [main] DEBUG org.hibernate.type.BasicTypeRegistry - Adding type registration instant -> org.hibernate.type.BasicTypeReference@3c2772d1
10:24:16.790 [main] DEBUG org.hibernate.type.BasicTypeRegistry - Adding type registration java.time.Instant -> org.hibernate.type.BasicTypeReference@3c2772d1
10:24:16.790 [main] DEBUG org.hibernate.type.BasicTypeRegistry - Adding type registration uuid -> org.hibernate.type.BasicTypeReference@37d00a23
10:24:16.790 [main] DEBUG org.hibernate.type.BasicTypeRegistry - Adding type registration java.util.UUID -> org.hibernate.type.BasicTypeReference@37d00a23
10:24:16.790 [main] DEBUG org.hibernate.type.BasicTypeRegistry - Adding type registration pg-uuid -> org.hibernate.type.BasicTypeReference@37d00a23
10:24:16.790 [main] DEBUG org.hibernate.type.BasicTypeRegistry - Adding type registration uuid-binary -> org.hibernate.type.BasicTypeReference@433e536f
10:24:16.790 [main] DEBUG org.hibernate.type.BasicTypeRegistry - Adding type registration uuid-char -> org.hibernate.type.BasicTypeReference@89c65d5
10:24:16.790 [main] DEBUG org.hibernate.type.BasicTypeRegistry - Adding type registration class -> org.hibernate.type.BasicTypeReference@faa3fed
10:24:16.790 [main] DEBUG org.hibernate.type.BasicTypeRegistry - Adding type registration java.lang.Class -> org.hibernate.type.BasicTypeReference@faa3fed
10:24:16.790 [main] DEBUG org.hibernate.type.BasicTypeRegistry - Adding type registration currency -> org.hibernate.type.BasicTypeReference@988246e
10:24:16.790 [main] DEBUG org.hibernate.type.BasicTypeRegistry - Adding type registration Currency -> org.hibernate.type.BasicTypeReference@988246e
10:24:16.790 [main] DEBUG org.hibernate.type.BasicTypeRegistry - Adding type registration java.util.Currency -> org.hibernate.type.BasicTypeReference@988246e
10:24:16.790 [main] DEBUG org.hibernate.type.BasicTypeRegistry - Adding type registration locale -> org.hibernate.type.BasicTypeReference@62515a47
10:24:16.790 [main] DEBUG org.hibernate.type.BasicTypeRegistry - Adding type registration java.util.Locale -> org.hibernate.type.BasicTypeReference@62515a47
10:24:16.790 [main] DEBUG org.hibernate.type.BasicTypeRegistry - Adding type registration serializable -> org.hibernate.type.BasicTypeReference@3c5a54b7
10:24:16.790 [main] DEBUG org.hibernate.type.BasicTypeRegistry - Adding type registration java.io.Serializable -> org.hibernate.type.BasicTypeReference@3c5a54b7
10:24:16.790 [main] DEBUG org.hibernate.type.BasicTypeRegistry - Adding type registration timezone -> org.hibernate.type.BasicTypeReference@61f2c3f0
10:24:16.790 [main] DEBUG org.hibernate.type.BasicTypeRegistry - Adding type registration java.util.TimeZone -> org.hibernate.type.BasicTypeReference@61f2c3f0
10:24:16.790 [main] DEBUG org.hibernate.type.BasicTypeRegistry - Adding type registration ZoneOffset -> org.hibernate.type.BasicTypeReference@291120f4
10:24:16.790 [main] DEBUG org.hibernate.type.BasicTypeRegistry - Adding type registration java.time.ZoneOffset -> org.hibernate.type.BasicTypeReference@291120f4
10:24:16.790 [main] DEBUG org.hibernate.type.BasicTypeRegistry - Adding type registration url -> org.hibernate.type.BasicTypeReference@417ad4f3
10:24:16.790 [main] DEBUG org.hibernate.type.BasicTypeRegistry - Adding type registration java.net.URL -> org.hibernate.type.BasicTypeReference@417ad4f3
10:24:16.790 [main] DEBUG org.hibernate.type.BasicTypeRegistry - Adding type registration vector -> org.hibernate.type.BasicTypeReference@2f6bcf87
10:24:16.790 [main] DEBUG org.hibernate.type.BasicTypeRegistry - Adding type registration row_version -> org.hibernate.type.BasicTypeReference@58f174d9
10:24:16.790 [main] DEBUG org.hibernate.type.BasicTypeRegistry - Adding type registration object -> org.hibernate.type.JavaObjectType@34237b90
10:24:16.790 [main] DEBUG org.hibernate.type.BasicTypeRegistry - Adding type registration java.lang.Object -> org.hibernate.type.JavaObjectType@34237b90
10:24:16.790 [main] DEBUG org.hibernate.type.BasicTypeRegistry - Adding type registration null -> org.hibernate.type.NullType@267bbe1a
10:24:16.790 [main] DEBUG org.hibernate.type.BasicTypeRegistry - Adding type registration imm_date -> org.hibernate.type.BasicTypeReference@44fb1361
10:24:16.790 [main] DEBUG org.hibernate.type.BasicTypeRegistry - Adding type registration imm_time -> org.hibernate.type.BasicTypeReference@ba1d5fa
10:24:16.790 [main] DEBUG org.hibernate.type.BasicTypeRegistry - Adding type registration imm_timestamp -> org.hibernate.type.BasicTypeReference@587f3ca3
10:24:16.790 [main] DEBUG org.hibernate.type.BasicTypeRegistry - Adding type registration imm_calendar -> org.hibernate.type.BasicTypeReference@1f0d7230
10:24:16.790 [main] DEBUG org.hibernate.type.BasicTypeRegistry - Adding type registration imm_calendar_date -> org.hibernate.type.BasicTypeReference@3f10aab
10:24:16.790 [main] DEBUG org.hibernate.type.BasicTypeRegistry - Adding type registration imm_calendar_time -> org.hibernate.type.BasicTypeReference@6fa112a
10:24:16.790 [main] DEBUG org.hibernate.type.BasicTypeRegistry - Adding type registration imm_binary -> org.hibernate.type.BasicTypeReference@27c1bf72
10:24:16.790 [main] DEBUG org.hibernate.type.BasicTypeRegistry - Adding type registration imm_serializable -> org.hibernate.type.BasicTypeReference@5329d548
10:24:16.791 [main] DEBUG org.hibernate.boot.internal.BootstrapContextImpl - Injecting ScanEnvironment [org.hibernate.jpa.boot.internal.StandardJpaScanEnvironmentImpl@588629d4] into BootstrapContext; was [null]
10:24:16.791 [main] DEBUG org.hibernate.boot.internal.BootstrapContextImpl - Injecting ScanOptions [org.hibernate.boot.archive.scan.internal.StandardScanOptions@ea310af] into BootstrapContext; was [org.hibernate.boot.archive.scan.internal.StandardScanOptions@24b30426]
10:24:16.822 [main] DEBUG org.hibernate.boot.internal.BootstrapContextImpl - Injecting JPA temp ClassLoader [null] into BootstrapContext; was [null]
10:24:16.822 [main] DEBUG org.hibernate.boot.internal.ClassLoaderAccessImpl - ClassLoaderAccessImpl#injectTempClassLoader(null) [was null]
10:24:16.822 [main] INFO org.hibernate.engine.jdbc.connections.internal.ConnectionProviderInitiator - HHH000130: Instantiating explicit connection provider: org.hibernate.hikaricp.internal.HikariCPConnectionProvider
10:24:16.822 [main] DEBUG org.hibernate.hikaricp.internal.HikariCPConnectionProvider - Configuring HikariCP
10:24:16.823 [main] DEBUG com.zaxxer.hikari.HikariConfig - Driver class org.h2.Driver found in Thread context class loader jdk.internal.loader.ClassLoaders$AppClassLoader@70dea4e
10:24:16.823 [main] DEBUG com.zaxxer.hikari.HikariConfig - FRC-PM-HikariCP - configuration:
10:24:16.823 [main] DEBUG com.zaxxer.hikari.HikariConfig - allowPoolSuspension.............false
10:24:16.823 [main] DEBUG com.zaxxer.hikari.HikariConfig - autoCommit......................true
10:24:16.823 [main] DEBUG com.zaxxer.hikari.HikariConfig - catalog.........................none
10:24:16.823 [main] DEBUG com.zaxxer.hikari.HikariConfig - connectionInitSql...............none
10:24:16.823 [main] DEBUG com.zaxxer.hikari.HikariConfig - connectionTestQuery.............none
10:24:16.823 [main] DEBUG com.zaxxer.hikari.HikariConfig - connectionTimeout...............10000
10:24:16.823 [main] DEBUG com.zaxxer.hikari.HikariConfig - dataSource......................none
10:24:16.823 [main] DEBUG com.zaxxer.hikari.HikariConfig - dataSourceClassName.............none
10:24:16.823 [main] DEBUG com.zaxxer.hikari.HikariConfig - dataSourceJNDI..................none
10:24:16.823 [main] DEBUG com.zaxxer.hikari.HikariConfig - dataSourceProperties............{password=<masked>}
10:24:16.823 [main] DEBUG com.zaxxer.hikari.HikariConfig - driverClassName................."org.h2.Driver"
10:24:16.823 [main] DEBUG com.zaxxer.hikari.HikariConfig - exceptionOverrideClassName......none
10:24:16.823 [main] DEBUG com.zaxxer.hikari.HikariConfig - healthCheckProperties...........{}
10:24:16.823 [main] DEBUG com.zaxxer.hikari.HikariConfig - healthCheckRegistry.............none
10:24:16.823 [main] DEBUG com.zaxxer.hikari.HikariConfig - idleTimeout.....................30000
10:24:16.823 [main] DEBUG com.zaxxer.hikari.HikariConfig - initializationFailTimeout.......1
10:24:16.823 [main] DEBUG com.zaxxer.hikari.HikariConfig - isolateInternalQueries..........false
10:24:16.823 [main] DEBUG com.zaxxer.hikari.HikariConfig - jdbcUrl.........................jdbc:h2:file:C:\Users\dhiebert\.frcpm\frcpm
10:24:16.823 [main] DEBUG com.zaxxer.hikari.HikariConfig - keepaliveTime...................0
10:24:16.823 [main] DEBUG com.zaxxer.hikari.HikariConfig - leakDetectionThreshold..........0
10:24:16.823 [main] DEBUG com.zaxxer.hikari.HikariConfig - maxLifetime.....................1800000
10:24:16.823 [main] DEBUG com.zaxxer.hikari.HikariConfig - maximumPoolSize.................10
10:24:16.823 [main] DEBUG com.zaxxer.hikari.HikariConfig - metricRegistry..................none
10:24:16.823 [main] DEBUG com.zaxxer.hikari.HikariConfig - metricsTrackerFactory...........none
10:24:16.823 [main] DEBUG com.zaxxer.hikari.HikariConfig - minimumIdle.....................2
10:24:16.823 [main] DEBUG com.zaxxer.hikari.HikariConfig - password........................<masked>
10:24:16.823 [main] DEBUG com.zaxxer.hikari.HikariConfig - poolName........................"FRC-PM-HikariCP"
10:24:16.823 [main] DEBUG com.zaxxer.hikari.HikariConfig - readOnly........................false
10:24:16.823 [main] DEBUG com.zaxxer.hikari.HikariConfig - registerMbeans..................false
10:24:16.823 [main] DEBUG com.zaxxer.hikari.HikariConfig - scheduledExecutor...............none
10:24:16.823 [main] DEBUG com.zaxxer.hikari.HikariConfig - schema..........................none
10:24:16.823 [main] DEBUG com.zaxxer.hikari.HikariConfig - threadFactory...................internal
10:24:16.823 [main] DEBUG com.zaxxer.hikari.HikariConfig - transactionIsolation............default
10:24:16.823 [main] DEBUG com.zaxxer.hikari.HikariConfig - username........................"sa"
10:24:16.823 [main] DEBUG com.zaxxer.hikari.HikariConfig - validationTimeout...............5000
10:24:16.823 [main] INFO com.zaxxer.hikari.HikariDataSource - FRC-PM-HikariCP - Starting...
10:24:16.833 [main] INFO com.zaxxer.hikari.pool.HikariPool - FRC-PM-HikariCP - Added connection conn22: url=jdbc:h2:file:C:\Users\dhiebert\.frcpm\frcpm user=SA
10:24:16.833 [main] INFO com.zaxxer.hikari.HikariDataSource - FRC-PM-HikariCP - Start completed.
10:24:16.833 [main] DEBUG org.hibernate.hikaricp.internal.HikariCPConnectionProvider - HikariCP Configured
10:24:16.833 [main] DEBUG org.hibernate.engine.jdbc.env.internal.JdbcEnvironmentInitiator - Database ->
	   name : H2
	version : 2.2.224 (2023-09-17)
	  major : 2
	  minor : 2
10:24:16.833 [main] DEBUG org.hibernate.engine.jdbc.env.internal.JdbcEnvironmentInitiator - Driver ->
	   name : H2 JDBC Driver
	version : 2.2.224 (2023-09-17)
	  major : 2
	  minor : 2
10:24:16.833 [main] DEBUG org.hibernate.engine.jdbc.env.internal.JdbcEnvironmentInitiator - JDBC version : 4.2
10:24:16.833 [main] WARN org.hibernate.orm.deprecation - HHH90000025: H2Dialect does not need to be specified explicitly using 'hibernate.dialect' (remove the property setting and it will be selected by default)
10:24:16.833 [main] DEBUG org.hibernate.orm.dialect - HHH035001: Using dialect: org.hibernate.dialect.H2Dialect, version: 2.2.224
10:24:16.833 [main] DEBUG org.hibernate.engine.jdbc.env.spi.IdentifierHelperBuilder - JDBC driver metadata reported database stores quoted identifiers in neither upper, lower nor mixed case
10:24:16.834 [main] DEBUG org.hibernate.type.descriptor.jdbc.spi.JdbcTypeRegistry - addDescriptor(NCharTypeDescriptor) replaced previous registration(CharTypeDescriptor)
10:24:16.834 [main] DEBUG org.hibernate.type.descriptor.jdbc.spi.JdbcTypeRegistry - addDescriptor(NVarcharTypeDescriptor) replaced previous registration(VarcharTypeDescriptor)
10:24:16.834 [main] DEBUG org.hibernate.type.descriptor.jdbc.spi.JdbcTypeRegistry - addDescriptor(LongNVarcharTypeDescriptor) replaced previous registration(LongVarcharTypeDescriptor)
10:24:16.834 [main] DEBUG org.hibernate.type.descriptor.jdbc.spi.JdbcTypeRegistry - addDescriptor(NClobTypeDescriptor(DEFAULT)) replaced previous registration(ClobTypeDescriptor(DEFAULT))
10:24:16.834 [main] DEBUG org.hibernate.type.descriptor.jdbc.spi.JdbcTypeRegistry - addDescriptor(2005, ClobTypeDescriptor(STREAM_BINDING)) replaced previous registration(ClobTypeDescriptor(DEFAULT))
10:24:16.834 [main] DEBUG org.hibernate.type.descriptor.jdbc.spi.JdbcTypeRegistry - addDescriptor(TimestampUtcDescriptor) replaced previous registration(TimestampUtcDescriptor)
10:24:16.834 [main] DEBUG org.hibernate.type.BasicTypeRegistry - Adding type registration org.hibernate.type.DurationType -> basicType@255(java.time.Duration,3015)
10:24:16.834 [main] DEBUG org.hibernate.type.BasicTypeRegistry - Adding type registration Duration -> basicType@255(java.time.Duration,3015)
10:24:16.834 [main] DEBUG org.hibernate.type.BasicTypeRegistry - Adding type registration java.time.Duration -> basicType@255(java.time.Duration,3015)
10:24:16.834 [main] DEBUG org.hibernate.type.spi.TypeConfiguration$Scope - Scoping TypeConfiguration [org.hibernate.type.spi.TypeConfiguration@6ee34510] to MetadataBuildingContext [org.hibernate.boot.internal.MetadataBuildingContextRootImpl@71b2c175]
10:24:16.834 [main] DEBUG org.hibernate.boot.model.relational.Namespace - Created database namespace [logicalName=Name{catalog=null, schema=null}, physicalName=Name{catalog=null, schema=null}]
10:24:16.835 [main] DEBUG org.hibernate.boot.model.internal.EntityBinder - Binding entity from annotated class: org.frcpm.models.Attendance
10:24:16.835 [main] DEBUG org.hibernate.boot.model.internal.EntityBinder - Import with entity name Attendance
10:24:16.835 [main] DEBUG org.hibernate.boot.model.internal.EntityBinder - Bind entity org.frcpm.models.Attendance on table attendances
10:24:16.835 [main] DEBUG org.hibernate.boot.model.internal.AnnotatedColumn - Binding column: AnnotatedDiscriminatorColumn(column='DTYPE')
10:24:16.835 [main] DEBUG org.hibernate.boot.model.internal.AnnotatedColumn - Binding column: AnnotatedColumn()
10:24:16.835 [main] DEBUG org.hibernate.boot.internal.ClassLoaderAccessImpl - Not known whether passed class name [org.frcpm.models.Attendance] is safe
10:24:16.835 [main] DEBUG org.hibernate.boot.internal.ClassLoaderAccessImpl - No temp ClassLoader provided; using live ClassLoader for loading potentially unsafe class : org.frcpm.models.Attendance
10:24:16.835 [main] DEBUG org.hibernate.boot.model.internal.PropertyBinder - MetadataSourceProcessor property id with lazy=false
10:24:16.835 [main] DEBUG org.hibernate.boot.model.internal.AbstractPropertyHolder - Attempting to locate auto-apply AttributeConverter for property [org.frcpm.models.Attendance:id]
10:24:16.835 [main] DEBUG org.hibernate.boot.model.internal.BasicValueBinder - building BasicValue for id
10:24:16.835 [main] DEBUG org.hibernate.mapping.BasicValue - Skipping column re-registration: attendances.id
10:24:16.835 [main] DEBUG org.hibernate.boot.model.internal.PropertyBinder - Building property id
10:24:16.835 [main] DEBUG org.hibernate.boot.model.internal.BinderHelper - #makeIdGenerator(BasicValue([Column(id)]), id, identity, , ...)
10:24:16.835 [main] DEBUG org.hibernate.boot.model.internal.AnnotatedColumn - Binding column: AnnotatedColumn(column='arrival_time')
10:24:16.835 [main] DEBUG org.hibernate.boot.model.internal.PropertyBinder - MetadataSourceProcessor property arrivalTime with lazy=false
10:24:16.835 [main] DEBUG org.hibernate.boot.model.internal.AbstractPropertyHolder - Attempting to locate auto-apply AttributeConverter for property [org.frcpm.models.Attendance:arrivalTime]
10:24:16.835 [main] DEBUG org.hibernate.boot.model.internal.BasicValueBinder - building BasicValue for arrivalTime
10:24:16.835 [main] DEBUG org.hibernate.mapping.BasicValue - Skipping column re-registration: attendances.arrival_time
10:24:16.835 [main] DEBUG org.hibernate.boot.model.internal.PropertyBinder - Building property arrivalTime
10:24:16.835 [main] DEBUG org.hibernate.boot.model.internal.AnnotatedColumn - Binding column: AnnotatedColumn(column='departure_time')
10:24:16.835 [main] DEBUG org.hibernate.boot.model.internal.PropertyBinder - MetadataSourceProcessor property departureTime with lazy=false
10:24:16.835 [main] DEBUG org.hibernate.boot.model.internal.AbstractPropertyHolder - Attempting to locate auto-apply AttributeConverter for property [org.frcpm.models.Attendance:departureTime]
10:24:16.835 [main] DEBUG org.hibernate.boot.model.internal.BasicValueBinder - building BasicValue for departureTime
10:24:16.835 [main] DEBUG org.hibernate.mapping.BasicValue - Skipping column re-registration: attendances.departure_time
10:24:16.835 [main] DEBUG org.hibernate.boot.model.internal.PropertyBinder - Building property departureTime
10:24:16.835 [main] DEBUG org.hibernate.boot.model.internal.AnnotatedColumn - Binding column: AnnotatedJoinColumn(column='meeting_id')
10:24:16.835 [main] DEBUG org.hibernate.boot.model.internal.AnnotatedColumn - Binding column: AnnotatedColumn()
10:24:16.835 [main] DEBUG org.hibernate.boot.model.internal.PropertyBinder - Building property meeting
10:24:16.836 [main] DEBUG org.hibernate.boot.model.internal.AnnotatedColumn - Binding column: AnnotatedJoinColumn(column='member_id')
10:24:16.836 [main] DEBUG org.hibernate.boot.model.internal.AnnotatedColumn - Binding column: AnnotatedColumn()
10:24:16.836 [main] DEBUG org.hibernate.boot.model.internal.PropertyBinder - Building property member
10:24:16.836 [main] DEBUG org.hibernate.boot.model.internal.AnnotatedColumn - Binding column: AnnotatedColumn(column='present')
10:24:16.836 [main] DEBUG org.hibernate.boot.model.internal.PropertyBinder - MetadataSourceProcessor property present with lazy=false
10:24:16.836 [main] DEBUG org.hibernate.boot.model.internal.AbstractPropertyHolder - Attempting to locate auto-apply AttributeConverter for property [org.frcpm.models.Attendance:present]
10:24:16.836 [main] DEBUG org.hibernate.boot.model.internal.BasicValueBinder - building BasicValue for present
10:24:16.836 [main] DEBUG org.hibernate.mapping.BasicValue - Skipping column re-registration: attendances.present
10:24:16.836 [main] DEBUG org.hibernate.boot.model.internal.PropertyBinder - Building property present
10:24:16.836 [main] DEBUG org.hibernate.boot.registry.classloading.internal.ClassLoaderServiceImpl - HHH000194: Package not found or no package-info.java: org.frcpm.models
10:24:16.836 [main] DEBUG org.hibernate.boot.model.internal.EntityBinder - Binding entity from annotated class: org.frcpm.models.Meeting
10:24:16.836 [main] DEBUG org.hibernate.boot.model.internal.EntityBinder - Import with entity name Meeting
10:24:16.836 [main] DEBUG org.hibernate.boot.model.internal.EntityBinder - Bind entity org.frcpm.models.Meeting on table meetings
10:24:16.836 [main] DEBUG org.hibernate.boot.model.internal.AnnotatedColumn - Binding column: AnnotatedDiscriminatorColumn(column='DTYPE')
10:24:16.836 [main] DEBUG org.hibernate.boot.model.internal.AnnotatedColumn - Binding column: AnnotatedColumn()
10:24:16.836 [main] DEBUG org.hibernate.boot.internal.ClassLoaderAccessImpl - Not known whether passed class name [org.frcpm.models.Meeting] is safe
10:24:16.836 [main] DEBUG org.hibernate.boot.internal.ClassLoaderAccessImpl - No temp ClassLoader provided; using live ClassLoader for loading potentially unsafe class : org.frcpm.models.Meeting
10:24:16.837 [main] DEBUG org.hibernate.boot.model.internal.PropertyBinder - MetadataSourceProcessor property id with lazy=false
10:24:16.837 [main] DEBUG org.hibernate.boot.model.internal.AbstractPropertyHolder - Attempting to locate auto-apply AttributeConverter for property [org.frcpm.models.Meeting:id]
10:24:16.837 [main] DEBUG org.hibernate.boot.model.internal.BasicValueBinder - building BasicValue for id
10:24:16.837 [main] DEBUG org.hibernate.mapping.BasicValue - Skipping column re-registration: meetings.id
10:24:16.837 [main] DEBUG org.hibernate.boot.model.internal.PropertyBinder - Building property id
10:24:16.837 [main] DEBUG org.hibernate.boot.model.internal.BinderHelper - #makeIdGenerator(BasicValue([Column(id)]), id, identity, , ...)
10:24:16.837 [main] DEBUG org.hibernate.boot.model.internal.AnnotatedColumn - Binding column: AnnotatedJoinColumn()
10:24:16.837 [main] DEBUG org.hibernate.boot.model.internal.AnnotatedColumn - Binding column: AnnotatedColumn()
10:24:16.837 [main] DEBUG org.hibernate.boot.model.internal.AnnotatedColumn - Binding column: IndexColumn(column='attendances_ORDER')
10:24:16.837 [main] DEBUG org.hibernate.boot.model.internal.AnnotatedColumn - Binding column: AnnotatedColumn()
10:24:16.837 [main] DEBUG org.hibernate.boot.model.internal.AnnotatedColumn - Binding column: AnnotatedColumn(column='attendances_KEY')
10:24:16.837 [main] DEBUG org.hibernate.boot.model.internal.AnnotatedColumn - Binding column: AnnotatedJoinColumn(column='attendances_KEY')
10:24:16.837 [main] DEBUG org.hibernate.boot.model.internal.AnnotatedColumn - Binding column: AnnotatedJoinColumn()
10:24:16.837 [main] DEBUG org.hibernate.boot.model.internal.AnnotatedColumn - Binding column: AnnotatedJoinColumn()
10:24:16.837 [main] DEBUG org.hibernate.boot.model.internal.CollectionBinder - Collection role: org.frcpm.models.Meeting.attendances
10:24:16.837 [main] DEBUG org.hibernate.boot.model.internal.PropertyBinder - Building property attendances
10:24:16.837 [main] DEBUG org.hibernate.boot.model.internal.AnnotatedColumn - Binding column: AnnotatedColumn(column='date')
10:24:16.837 [main] DEBUG org.hibernate.boot.model.internal.PropertyBinder - MetadataSourceProcessor property date with lazy=false
10:24:16.837 [main] DEBUG org.hibernate.boot.model.internal.AbstractPropertyHolder - Attempting to locate auto-apply AttributeConverter for property [org.frcpm.models.Meeting:date]
10:24:16.837 [main] DEBUG org.hibernate.boot.model.internal.BasicValueBinder - building BasicValue for date
10:24:16.837 [main] DEBUG org.hibernate.mapping.BasicValue - Skipping column re-registration: meetings.date
10:24:16.837 [main] DEBUG org.hibernate.boot.model.internal.PropertyBinder - Building property date
10:24:16.837 [main] DEBUG org.hibernate.boot.model.internal.AnnotatedColumn - Binding column: AnnotatedColumn(column='end_time')
10:24:16.837 [main] DEBUG org.hibernate.boot.model.internal.PropertyBinder - MetadataSourceProcessor property endTime with lazy=false
10:24:16.837 [main] DEBUG org.hibernate.boot.model.internal.AbstractPropertyHolder - Attempting to locate auto-apply AttributeConverter for property [org.frcpm.models.Meeting:endTime]
10:24:16.837 [main] DEBUG org.hibernate.boot.model.internal.BasicValueBinder - building BasicValue for endTime
10:24:16.837 [main] DEBUG org.hibernate.mapping.BasicValue - Skipping column re-registration: meetings.end_time
10:24:16.837 [main] DEBUG org.hibernate.boot.model.internal.PropertyBinder - Building property endTime
10:24:16.837 [main] DEBUG org.hibernate.boot.model.internal.AnnotatedColumn - Binding column: AnnotatedColumn(column='notes')
10:24:16.837 [main] DEBUG org.hibernate.boot.model.internal.PropertyBinder - MetadataSourceProcessor property notes with lazy=false
10:24:16.837 [main] DEBUG org.hibernate.boot.model.internal.AbstractPropertyHolder - Attempting to locate auto-apply AttributeConverter for property [org.frcpm.models.Meeting:notes]
10:24:16.837 [main] DEBUG org.hibernate.boot.model.internal.BasicValueBinder - building BasicValue for notes
10:24:16.837 [main] DEBUG org.hibernate.mapping.BasicValue - Skipping column re-registration: meetings.notes
10:24:16.837 [main] DEBUG org.hibernate.boot.model.internal.PropertyBinder - Building property notes
10:24:16.837 [main] DEBUG org.hibernate.boot.model.internal.AnnotatedColumn - Binding column: AnnotatedJoinColumn(column='project_id')
10:24:16.837 [main] DEBUG org.hibernate.boot.model.internal.AnnotatedColumn - Binding column: AnnotatedColumn()
10:24:16.837 [main] DEBUG org.hibernate.boot.model.internal.PropertyBinder - Building property project
10:24:16.837 [main] DEBUG org.hibernate.boot.model.internal.AnnotatedColumn - Binding column: AnnotatedColumn(column='start_time')
10:24:16.837 [main] DEBUG org.hibernate.boot.model.internal.PropertyBinder - MetadataSourceProcessor property startTime with lazy=false
10:24:16.837 [main] DEBUG org.hibernate.boot.model.internal.AbstractPropertyHolder - Attempting to locate auto-apply AttributeConverter for property [org.frcpm.models.Meeting:startTime]
10:24:16.837 [main] DEBUG org.hibernate.boot.model.internal.BasicValueBinder - building BasicValue for startTime
10:24:16.837 [main] DEBUG org.hibernate.mapping.BasicValue - Skipping column re-registration: meetings.start_time
10:24:16.837 [main] DEBUG org.hibernate.boot.model.internal.PropertyBinder - Building property startTime
10:24:16.838 [main] DEBUG org.hibernate.boot.registry.classloading.internal.ClassLoaderServiceImpl - HHH000194: Package not found or no package-info.java: org.frcpm.models
10:24:16.838 [main] DEBUG org.hibernate.boot.model.internal.EntityBinder - Binding entity from annotated class: org.frcpm.models.Subsystem
10:24:16.838 [main] DEBUG org.hibernate.boot.model.internal.EntityBinder - Import with entity name Subsystem
10:24:16.838 [main] DEBUG org.hibernate.boot.model.internal.EntityBinder - Bind entity org.frcpm.models.Subsystem on table subsystems
10:24:16.838 [main] DEBUG org.hibernate.boot.model.internal.AnnotatedColumn - Binding column: AnnotatedDiscriminatorColumn(column='DTYPE')
10:24:16.838 [main] DEBUG org.hibernate.boot.model.internal.AnnotatedColumn - Binding column: AnnotatedColumn()
10:24:16.838 [main] DEBUG org.hibernate.boot.internal.ClassLoaderAccessImpl - Not known whether passed class name [org.frcpm.models.Subsystem] is safe
10:24:16.838 [main] DEBUG org.hibernate.boot.internal.ClassLoaderAccessImpl - No temp ClassLoader provided; using live ClassLoader for loading potentially unsafe class : org.frcpm.models.Subsystem
10:24:16.838 [main] DEBUG org.hibernate.boot.model.internal.PropertyBinder - MetadataSourceProcessor property id with lazy=false
10:24:16.838 [main] DEBUG org.hibernate.boot.model.internal.AbstractPropertyHolder - Attempting to locate auto-apply AttributeConverter for property [org.frcpm.models.Subsystem:id]
10:24:16.838 [main] DEBUG org.hibernate.boot.model.internal.BasicValueBinder - building BasicValue for id
10:24:16.838 [main] DEBUG org.hibernate.mapping.BasicValue - Skipping column re-registration: subsystems.id
10:24:16.838 [main] DEBUG org.hibernate.boot.model.internal.PropertyBinder - Building property id
10:24:16.838 [main] DEBUG org.hibernate.boot.model.internal.BinderHelper - #makeIdGenerator(BasicValue([Column(id)]), id, identity, , ...)
10:24:16.838 [main] DEBUG org.hibernate.boot.model.internal.AnnotatedColumn - Binding column: AnnotatedColumn(column='description')
10:24:16.838 [main] DEBUG org.hibernate.boot.model.internal.PropertyBinder - MetadataSourceProcessor property description with lazy=false
10:24:16.838 [main] DEBUG org.hibernate.boot.model.internal.AbstractPropertyHolder - Attempting to locate auto-apply AttributeConverter for property [org.frcpm.models.Subsystem:description]
10:24:16.838 [main] DEBUG org.hibernate.boot.model.internal.BasicValueBinder - building BasicValue for description
10:24:16.838 [main] DEBUG org.hibernate.mapping.BasicValue - Skipping column re-registration: subsystems.description
10:24:16.838 [main] DEBUG org.hibernate.boot.model.internal.PropertyBinder - Building property description
10:24:16.838 [main] DEBUG org.hibernate.boot.model.internal.AnnotatedColumn - Binding column: AnnotatedColumn(column='name')
10:24:16.838 [main] DEBUG org.hibernate.boot.model.internal.PropertyBinder - MetadataSourceProcessor property name with lazy=false
10:24:16.838 [main] DEBUG org.hibernate.boot.model.internal.AbstractPropertyHolder - Attempting to locate auto-apply AttributeConverter for property [org.frcpm.models.Subsystem:name]
10:24:16.838 [main] DEBUG org.hibernate.boot.model.internal.BasicValueBinder - building BasicValue for name
10:24:16.838 [main] DEBUG org.hibernate.mapping.BasicValue - Skipping column re-registration: subsystems.name
10:24:16.838 [main] DEBUG org.hibernate.boot.model.internal.PropertyBinder - Building property name
10:24:16.838 [main] DEBUG org.hibernate.boot.model.internal.AnnotatedColumn - Binding column: AnnotatedJoinColumn(column='responsible_subteam_id')
10:24:16.838 [main] DEBUG org.hibernate.boot.model.internal.AnnotatedColumn - Binding column: AnnotatedColumn()
10:24:16.838 [main] DEBUG org.hibernate.boot.model.internal.PropertyBinder - Building property responsibleSubteam
10:24:16.840 [main] DEBUG org.hibernate.boot.model.internal.AnnotatedColumn - Binding column: AnnotatedColumn(column='status')
10:24:16.840 [main] DEBUG org.hibernate.boot.model.internal.PropertyBinder - MetadataSourceProcessor property status with lazy=false
10:24:16.840 [main] DEBUG org.hibernate.boot.model.internal.AbstractPropertyHolder - Attempting to locate auto-apply AttributeConverter for property [org.frcpm.models.Subsystem:status]
10:24:16.840 [main] DEBUG org.hibernate.boot.model.internal.BasicValueBinder - building BasicValue for status
10:24:16.840 [main] DEBUG org.hibernate.mapping.BasicValue - Skipping column re-registration: subsystems.status
10:24:16.840 [main] DEBUG org.hibernate.boot.model.internal.PropertyBinder - Building property status
10:24:16.840 [main] DEBUG org.hibernate.boot.model.internal.AnnotatedColumn - Binding column: AnnotatedJoinColumn()
10:24:16.840 [main] DEBUG org.hibernate.boot.model.internal.AnnotatedColumn - Binding column: AnnotatedColumn()
10:24:16.840 [main] DEBUG org.hibernate.boot.model.internal.AnnotatedColumn - Binding column: IndexColumn(column='tasks_ORDER')
10:24:16.840 [main] DEBUG org.hibernate.boot.model.internal.AnnotatedColumn - Binding column: AnnotatedColumn()
10:24:16.840 [main] DEBUG org.hibernate.boot.model.internal.AnnotatedColumn - Binding column: AnnotatedColumn(column='tasks_KEY')
10:24:16.840 [main] DEBUG org.hibernate.boot.model.internal.AnnotatedColumn - Binding column: AnnotatedJoinColumn(column='tasks_KEY')
10:24:16.840 [main] DEBUG org.hibernate.boot.model.internal.AnnotatedColumn - Binding column: AnnotatedJoinColumn()
10:24:16.840 [main] DEBUG org.hibernate.boot.model.internal.AnnotatedColumn - Binding column: AnnotatedJoinColumn()
10:24:16.840 [main] DEBUG org.hibernate.boot.model.internal.CollectionBinder - Collection role: org.frcpm.models.Subsystem.tasks
10:24:16.840 [main] DEBUG org.hibernate.boot.model.internal.PropertyBinder - Building property tasks
10:24:16.840 [main] DEBUG org.hibernate.boot.registry.classloading.internal.ClassLoaderServiceImpl - HHH000194: Package not found or no package-info.java: org.frcpm.models
10:24:16.841 [main] DEBUG org.hibernate.boot.model.internal.EntityBinder - Binding entity from annotated class: org.frcpm.models.Component
10:24:16.841 [main] DEBUG org.hibernate.boot.model.internal.EntityBinder - Import with entity name Component
10:24:16.841 [main] DEBUG org.hibernate.boot.model.internal.EntityBinder - Bind entity org.frcpm.models.Component on table components
10:24:16.841 [main] DEBUG org.hibernate.boot.model.internal.AnnotatedColumn - Binding column: AnnotatedDiscriminatorColumn(column='DTYPE')
10:24:16.841 [main] DEBUG org.hibernate.boot.model.internal.AnnotatedColumn - Binding column: AnnotatedColumn()
10:24:16.841 [main] DEBUG org.hibernate.boot.internal.ClassLoaderAccessImpl - Not known whether passed class name [org.frcpm.models.Component] is safe
10:24:16.841 [main] DEBUG org.hibernate.boot.internal.ClassLoaderAccessImpl - No temp ClassLoader provided; using live ClassLoader for loading potentially unsafe class : org.frcpm.models.Component
10:24:16.841 [main] DEBUG org.hibernate.boot.model.internal.PropertyBinder - MetadataSourceProcessor property id with lazy=false
10:24:16.841 [main] DEBUG org.hibernate.boot.model.internal.AbstractPropertyHolder - Attempting to locate auto-apply AttributeConverter for property [org.frcpm.models.Component:id]
10:24:16.841 [main] DEBUG org.hibernate.boot.model.internal.BasicValueBinder - building BasicValue for id
10:24:16.841 [main] DEBUG org.hibernate.mapping.BasicValue - Skipping column re-registration: components.id
10:24:16.841 [main] DEBUG org.hibernate.boot.model.internal.PropertyBinder - Building property id
10:24:16.841 [main] DEBUG org.hibernate.boot.model.internal.BinderHelper - #makeIdGenerator(BasicValue([Column(id)]), id, identity, , ...)
10:24:16.841 [main] DEBUG org.hibernate.boot.model.internal.AnnotatedColumn - Binding column: AnnotatedColumn(column='actual_delivery')
10:24:16.841 [main] DEBUG org.hibernate.boot.model.internal.PropertyBinder - MetadataSourceProcessor property actualDelivery with lazy=false
10:24:16.841 [main] DEBUG org.hibernate.boot.model.internal.AbstractPropertyHolder - Attempting to locate auto-apply AttributeConverter for property [org.frcpm.models.Component:actualDelivery]
10:24:16.841 [main] DEBUG org.hibernate.boot.model.internal.BasicValueBinder - building BasicValue for actualDelivery
10:24:16.841 [main] DEBUG org.hibernate.mapping.BasicValue - Skipping column re-registration: components.actual_delivery
10:24:16.841 [main] DEBUG org.hibernate.boot.model.internal.PropertyBinder - Building property actualDelivery
10:24:16.841 [main] DEBUG org.hibernate.boot.model.internal.AnnotatedColumn - Binding column: AnnotatedColumn(column='is_delivered')
10:24:16.841 [main] DEBUG org.hibernate.boot.model.internal.PropertyBinder - MetadataSourceProcessor property delivered with lazy=false
10:24:16.841 [main] DEBUG org.hibernate.boot.model.internal.AbstractPropertyHolder - Attempting to locate auto-apply AttributeConverter for property [org.frcpm.models.Component:delivered]
10:24:16.841 [main] DEBUG org.hibernate.boot.model.internal.BasicValueBinder - building BasicValue for delivered
10:24:16.841 [main] DEBUG org.hibernate.mapping.BasicValue - Skipping column re-registration: components.is_delivered
10:24:16.841 [main] DEBUG org.hibernate.boot.model.internal.PropertyBinder - Building property delivered
10:24:16.841 [main] DEBUG org.hibernate.boot.model.internal.AnnotatedColumn - Binding column: AnnotatedColumn(column='description')
10:24:16.841 [main] DEBUG org.hibernate.boot.model.internal.PropertyBinder - MetadataSourceProcessor property description with lazy=false
10:24:16.841 [main] DEBUG org.hibernate.boot.model.internal.AbstractPropertyHolder - Attempting to locate auto-apply AttributeConverter for property [org.frcpm.models.Component:description]
10:24:16.841 [main] DEBUG org.hibernate.boot.model.internal.BasicValueBinder - building BasicValue for description
10:24:16.841 [main] DEBUG org.hibernate.mapping.BasicValue - Skipping column re-registration: components.description
10:24:16.841 [main] DEBUG org.hibernate.boot.model.internal.PropertyBinder - Building property description
10:24:16.841 [main] DEBUG org.hibernate.boot.model.internal.AnnotatedColumn - Binding column: AnnotatedColumn(column='expected_delivery')
10:24:16.841 [main] DEBUG org.hibernate.boot.model.internal.PropertyBinder - MetadataSourceProcessor property expectedDelivery with lazy=false
10:24:16.841 [main] DEBUG org.hibernate.boot.model.internal.AbstractPropertyHolder - Attempting to locate auto-apply AttributeConverter for property [org.frcpm.models.Component:expectedDelivery]
10:24:16.841 [main] DEBUG org.hibernate.boot.model.internal.BasicValueBinder - building BasicValue for expectedDelivery
10:24:16.841 [main] DEBUG org.hibernate.mapping.BasicValue - Skipping column re-registration: components.expected_delivery
10:24:16.841 [main] DEBUG org.hibernate.boot.model.internal.PropertyBinder - Building property expectedDelivery
10:24:16.841 [main] DEBUG org.hibernate.boot.model.internal.AnnotatedColumn - Binding column: AnnotatedColumn(column='name')
10:24:16.841 [main] DEBUG org.hibernate.boot.model.internal.PropertyBinder - MetadataSourceProcessor property name with lazy=false
10:24:16.841 [main] DEBUG org.hibernate.boot.model.internal.AbstractPropertyHolder - Attempting to locate auto-apply AttributeConverter for property [org.frcpm.models.Component:name]
10:24:16.841 [main] DEBUG org.hibernate.boot.model.internal.BasicValueBinder - building BasicValue for name
10:24:16.841 [main] DEBUG org.hibernate.mapping.BasicValue - Skipping column re-registration: components.name
10:24:16.841 [main] DEBUG org.hibernate.boot.model.internal.PropertyBinder - Building property name
10:24:16.842 [main] DEBUG org.hibernate.boot.model.internal.AnnotatedColumn - Binding column: AnnotatedColumn(column='part_number')
10:24:16.842 [main] DEBUG org.hibernate.boot.model.internal.PropertyBinder - MetadataSourceProcessor property partNumber with lazy=false
10:24:16.842 [main] DEBUG org.hibernate.boot.model.internal.AbstractPropertyHolder - Attempting to locate auto-apply AttributeConverter for property [org.frcpm.models.Component:partNumber]
10:24:16.842 [main] DEBUG org.hibernate.boot.model.internal.BasicValueBinder - building BasicValue for partNumber
10:24:16.842 [main] DEBUG org.hibernate.mapping.BasicValue - Skipping column re-registration: components.part_number
10:24:16.842 [main] DEBUG org.hibernate.boot.model.internal.PropertyBinder - Building property partNumber
10:24:16.842 [main] DEBUG org.hibernate.boot.model.internal.AnnotatedColumn - Binding column: IndexColumn(column='requiredForTasks_ORDER')
10:24:16.842 [main] DEBUG org.hibernate.boot.model.internal.AnnotatedColumn - Binding column: AnnotatedColumn()
10:24:16.842 [main] DEBUG org.hibernate.boot.model.internal.AnnotatedColumn - Binding column: AnnotatedColumn(column='requiredForTasks_KEY')
10:24:16.842 [main] DEBUG org.hibernate.boot.model.internal.AnnotatedColumn - Binding column: AnnotatedJoinColumn(column='requiredForTasks_KEY')
10:24:16.842 [main] DEBUG org.hibernate.boot.model.internal.AnnotatedColumn - Binding column: AnnotatedJoinColumn()
10:24:16.842 [main] DEBUG org.hibernate.boot.model.internal.AnnotatedColumn - Binding column: AnnotatedJoinColumn()
10:24:16.842 [main] DEBUG org.hibernate.boot.model.internal.CollectionBinder - Collection role: org.frcpm.models.Component.requiredForTasks
10:24:16.842 [main] DEBUG org.hibernate.boot.model.internal.PropertyBinder - Building property requiredForTasks
10:24:16.843 [main] DEBUG org.hibernate.boot.registry.classloading.internal.ClassLoaderServiceImpl - HHH000194: Package not found or no package-info.java: org.frcpm.models
10:24:16.843 [main] DEBUG org.hibernate.boot.model.internal.EntityBinder - Binding entity from annotated class: org.frcpm.models.Milestone
10:24:16.843 [main] DEBUG org.hibernate.boot.model.internal.EntityBinder - Import with entity name Milestone
10:24:16.843 [main] DEBUG org.hibernate.boot.model.internal.EntityBinder - Bind entity org.frcpm.models.Milestone on table milestones
10:24:16.844 [main] DEBUG org.hibernate.boot.model.internal.AnnotatedColumn - Binding column: AnnotatedDiscriminatorColumn(column='DTYPE')
10:24:16.844 [main] DEBUG org.hibernate.boot.model.internal.AnnotatedColumn - Binding column: AnnotatedColumn()
10:24:16.844 [main] DEBUG org.hibernate.boot.internal.ClassLoaderAccessImpl - Not known whether passed class name [org.frcpm.models.Milestone] is safe
10:24:16.844 [main] DEBUG org.hibernate.boot.internal.ClassLoaderAccessImpl - No temp ClassLoader provided; using live ClassLoader for loading potentially unsafe class : org.frcpm.models.Milestone
10:24:16.844 [main] DEBUG org.hibernate.boot.model.internal.PropertyBinder - MetadataSourceProcessor property id with lazy=false
10:24:16.844 [main] DEBUG org.hibernate.boot.model.internal.AbstractPropertyHolder - Attempting to locate auto-apply AttributeConverter for property [org.frcpm.models.Milestone:id]
10:24:16.844 [main] DEBUG org.hibernate.boot.model.internal.BasicValueBinder - building BasicValue for id
10:24:16.844 [main] DEBUG org.hibernate.mapping.BasicValue - Skipping column re-registration: milestones.id
10:24:16.844 [main] DEBUG org.hibernate.boot.model.internal.PropertyBinder - Building property id
10:24:16.844 [main] DEBUG org.hibernate.boot.model.internal.BinderHelper - #makeIdGenerator(BasicValue([Column(id)]), id, identity, , ...)
10:24:16.844 [main] DEBUG org.hibernate.boot.model.internal.AnnotatedColumn - Binding column: AnnotatedColumn(column='date')
10:24:16.844 [main] DEBUG org.hibernate.boot.model.internal.PropertyBinder - MetadataSourceProcessor property date with lazy=false
10:24:16.844 [main] DEBUG org.hibernate.boot.model.internal.AbstractPropertyHolder - Attempting to locate auto-apply AttributeConverter for property [org.frcpm.models.Milestone:date]
10:24:16.844 [main] DEBUG org.hibernate.boot.model.internal.BasicValueBinder - building BasicValue for date
10:24:16.844 [main] DEBUG org.hibernate.mapping.BasicValue - Skipping column re-registration: milestones.date
10:24:16.844 [main] DEBUG org.hibernate.boot.model.internal.PropertyBinder - Building property date
10:24:16.844 [main] DEBUG org.hibernate.boot.model.internal.AnnotatedColumn - Binding column: AnnotatedColumn(column='description')
10:24:16.844 [main] DEBUG org.hibernate.boot.model.internal.PropertyBinder - MetadataSourceProcessor property description with lazy=false
10:24:16.844 [main] DEBUG org.hibernate.boot.model.internal.AbstractPropertyHolder - Attempting to locate auto-apply AttributeConverter for property [org.frcpm.models.Milestone:description]
10:24:16.845 [main] DEBUG org.hibernate.boot.model.internal.BasicValueBinder - building BasicValue for description
10:24:16.845 [main] DEBUG org.hibernate.mapping.BasicValue - Skipping column re-registration: milestones.description
10:24:16.845 [main] DEBUG org.hibernate.boot.model.internal.PropertyBinder - Building property description
10:24:16.845 [main] DEBUG org.hibernate.boot.model.internal.AnnotatedColumn - Binding column: AnnotatedColumn(column='name')
10:24:16.845 [main] DEBUG org.hibernate.boot.model.internal.PropertyBinder - MetadataSourceProcessor property name with lazy=false
10:24:16.845 [main] DEBUG org.hibernate.boot.model.internal.AbstractPropertyHolder - Attempting to locate auto-apply AttributeConverter for property [org.frcpm.models.Milestone:name]
10:24:16.845 [main] DEBUG org.hibernate.boot.model.internal.BasicValueBinder - building BasicValue for name
10:24:16.845 [main] DEBUG org.hibernate.mapping.BasicValue - Skipping column re-registration: milestones.name
10:24:16.845 [main] DEBUG org.hibernate.boot.model.internal.PropertyBinder - Building property name
10:24:16.845 [main] DEBUG org.hibernate.boot.model.internal.AnnotatedColumn - Binding column: AnnotatedJoinColumn(column='project_id')
10:24:16.845 [main] DEBUG org.hibernate.boot.model.internal.AnnotatedColumn - Binding column: AnnotatedColumn()
10:24:16.845 [main] DEBUG org.hibernate.boot.model.internal.PropertyBinder - Building property project
10:24:16.847 [main] DEBUG org.hibernate.boot.registry.classloading.internal.ClassLoaderServiceImpl - HHH000194: Package not found or no package-info.java: org.frcpm.models
10:24:16.847 [main] DEBUG org.hibernate.boot.model.internal.EntityBinder - Binding entity from annotated class: org.frcpm.models.Project
10:24:16.847 [main] DEBUG org.hibernate.boot.model.internal.EntityBinder - Import with entity name Project
10:24:16.848 [main] DEBUG org.hibernate.boot.model.internal.EntityBinder - Bind entity org.frcpm.models.Project on table projects
10:24:16.848 [main] DEBUG org.hibernate.boot.model.internal.AnnotatedColumn - Binding column: AnnotatedDiscriminatorColumn(column='DTYPE')
10:24:16.850 [main] DEBUG org.hibernate.boot.model.internal.AnnotatedColumn - Binding column: AnnotatedColumn()
10:24:16.850 [main] DEBUG org.hibernate.boot.internal.ClassLoaderAccessImpl - Not known whether passed class name [org.frcpm.models.Project] is safe
10:24:16.850 [main] DEBUG org.hibernate.boot.internal.ClassLoaderAccessImpl - No temp ClassLoader provided; using live ClassLoader for loading potentially unsafe class : org.frcpm.models.Project
10:24:16.850 [main] DEBUG org.hibernate.boot.model.internal.PropertyBinder - MetadataSourceProcessor property id with lazy=false
10:24:16.850 [main] DEBUG org.hibernate.boot.model.internal.AbstractPropertyHolder - Attempting to locate auto-apply AttributeConverter for property [org.frcpm.models.Project:id]
10:24:16.850 [main] DEBUG org.hibernate.boot.model.internal.BasicValueBinder - building BasicValue for id
10:24:16.850 [main] DEBUG org.hibernate.mapping.BasicValue - Skipping column re-registration: projects.id
10:24:16.851 [main] DEBUG org.hibernate.boot.model.internal.PropertyBinder - Building property id
10:24:16.851 [main] DEBUG org.hibernate.boot.model.internal.BinderHelper - #makeIdGenerator(BasicValue([Column(id)]), id, identity, , ...)
10:24:16.851 [main] DEBUG org.hibernate.boot.model.internal.AnnotatedColumn - Binding column: AnnotatedColumn(column='description')
10:24:16.851 [main] DEBUG org.hibernate.boot.model.internal.PropertyBinder - MetadataSourceProcessor property description with lazy=false
10:24:16.851 [main] DEBUG org.hibernate.boot.model.internal.AbstractPropertyHolder - Attempting to locate auto-apply AttributeConverter for property [org.frcpm.models.Project:description]
10:24:16.851 [main] DEBUG org.hibernate.boot.model.internal.BasicValueBinder - building BasicValue for description
10:24:16.851 [main] DEBUG org.hibernate.mapping.BasicValue - Skipping column re-registration: projects.description
10:24:16.851 [main] DEBUG org.hibernate.boot.model.internal.PropertyBinder - Building property description
10:24:16.851 [main] DEBUG org.hibernate.boot.model.internal.AnnotatedColumn - Binding column: AnnotatedColumn(column='goal_end_date')
10:24:16.851 [main] DEBUG org.hibernate.boot.model.internal.PropertyBinder - MetadataSourceProcessor property goalEndDate with lazy=false
10:24:16.851 [main] DEBUG org.hibernate.boot.model.internal.AbstractPropertyHolder - Attempting to locate auto-apply AttributeConverter for property [org.frcpm.models.Project:goalEndDate]
10:24:16.851 [main] DEBUG org.hibernate.boot.model.internal.BasicValueBinder - building BasicValue for goalEndDate
10:24:16.851 [main] DEBUG org.hibernate.mapping.BasicValue - Skipping column re-registration: projects.goal_end_date
10:24:16.851 [main] DEBUG org.hibernate.boot.model.internal.PropertyBinder - Building property goalEndDate
10:24:16.851 [main] DEBUG org.hibernate.boot.model.internal.AnnotatedColumn - Binding column: AnnotatedColumn(column='hard_deadline')
10:24:16.851 [main] DEBUG org.hibernate.boot.model.internal.PropertyBinder - MetadataSourceProcessor property hardDeadline with lazy=false
10:24:16.851 [main] DEBUG org.hibernate.boot.model.internal.AbstractPropertyHolder - Attempting to locate auto-apply AttributeConverter for property [org.frcpm.models.Project:hardDeadline]
10:24:16.852 [main] DEBUG org.hibernate.boot.model.internal.BasicValueBinder - building BasicValue for hardDeadline
10:24:16.852 [main] DEBUG org.hibernate.mapping.BasicValue - Skipping column re-registration: projects.hard_deadline
10:24:16.852 [main] DEBUG org.hibernate.boot.model.internal.PropertyBinder - Building property hardDeadline
10:24:16.852 [main] DEBUG org.hibernate.boot.model.internal.AnnotatedColumn - Binding column: AnnotatedJoinColumn()
10:24:16.852 [main] DEBUG org.hibernate.boot.model.internal.AnnotatedColumn - Binding column: AnnotatedColumn()
10:24:16.852 [main] DEBUG org.hibernate.boot.model.internal.AnnotatedColumn - Binding column: IndexColumn(column='meetings_ORDER')
10:24:16.852 [main] DEBUG org.hibernate.boot.model.internal.AnnotatedColumn - Binding column: AnnotatedColumn()
10:24:16.852 [main] DEBUG org.hibernate.boot.model.internal.AnnotatedColumn - Binding column: AnnotatedColumn(column='meetings_KEY')
10:24:16.852 [main] DEBUG org.hibernate.boot.model.internal.AnnotatedColumn - Binding column: AnnotatedJoinColumn(column='meetings_KEY')
10:24:16.853 [main] DEBUG org.hibernate.boot.model.internal.AnnotatedColumn - Binding column: AnnotatedJoinColumn()
10:24:16.853 [main] DEBUG org.hibernate.boot.model.internal.AnnotatedColumn - Binding column: AnnotatedJoinColumn()
10:24:16.853 [main] DEBUG org.hibernate.boot.model.internal.CollectionBinder - Collection role: org.frcpm.models.Project.meetings
10:24:16.853 [main] DEBUG org.hibernate.boot.model.internal.PropertyBinder - Building property meetings
10:24:16.853 [main] DEBUG org.hibernate.boot.model.internal.AnnotatedColumn - Binding column: AnnotatedJoinColumn()
10:24:16.853 [main] DEBUG org.hibernate.boot.model.internal.AnnotatedColumn - Binding column: AnnotatedColumn()
10:24:16.853 [main] DEBUG org.hibernate.boot.model.internal.AnnotatedColumn - Binding column: IndexColumn(column='milestones_ORDER')
10:24:16.853 [main] DEBUG org.hibernate.boot.model.internal.AnnotatedColumn - Binding column: AnnotatedColumn()
10:24:16.853 [main] DEBUG org.hibernate.boot.model.internal.AnnotatedColumn - Binding column: AnnotatedColumn(column='milestones_KEY')
10:24:16.853 [main] DEBUG org.hibernate.boot.model.internal.AnnotatedColumn - Binding column: AnnotatedJoinColumn(column='milestones_KEY')
10:24:16.853 [main] DEBUG org.hibernate.boot.model.internal.AnnotatedColumn - Binding column: AnnotatedJoinColumn()
10:24:16.853 [main] DEBUG org.hibernate.boot.model.internal.AnnotatedColumn - Binding column: AnnotatedJoinColumn()
10:24:16.853 [main] DEBUG org.hibernate.boot.model.internal.CollectionBinder - Collection role: org.frcpm.models.Project.milestones
10:24:16.853 [main] DEBUG org.hibernate.boot.model.internal.PropertyBinder - Building property milestones
10:24:16.853 [main] DEBUG org.hibernate.boot.model.internal.AnnotatedColumn - Binding column: AnnotatedColumn(column='name')
10:24:16.853 [main] DEBUG org.hibernate.boot.model.internal.PropertyBinder - MetadataSourceProcessor property name with lazy=false
10:24:16.853 [main] DEBUG org.hibernate.boot.model.internal.AbstractPropertyHolder - Attempting to locate auto-apply AttributeConverter for property [org.frcpm.models.Project:name]
10:24:16.853 [main] DEBUG org.hibernate.boot.model.internal.BasicValueBinder - building BasicValue for name
10:24:16.853 [main] DEBUG org.hibernate.mapping.BasicValue - Skipping column re-registration: projects.name
10:24:16.853 [main] DEBUG org.hibernate.boot.model.internal.PropertyBinder - Building property name
10:24:16.853 [main] DEBUG org.hibernate.boot.model.internal.AnnotatedColumn - Binding column: AnnotatedColumn(column='start_date')
10:24:16.853 [main] DEBUG org.hibernate.boot.model.internal.PropertyBinder - MetadataSourceProcessor property startDate with lazy=false
10:24:16.853 [main] DEBUG org.hibernate.boot.model.internal.AbstractPropertyHolder - Attempting to locate auto-apply AttributeConverter for property [org.frcpm.models.Project:startDate]
10:24:16.853 [main] DEBUG org.hibernate.boot.model.internal.BasicValueBinder - building BasicValue for startDate
10:24:16.853 [main] DEBUG org.hibernate.mapping.BasicValue - Skipping column re-registration: projects.start_date
10:24:16.853 [main] DEBUG org.hibernate.boot.model.internal.PropertyBinder - Building property startDate
10:24:16.853 [main] DEBUG org.hibernate.boot.model.internal.AnnotatedColumn - Binding column: AnnotatedJoinColumn()
10:24:16.853 [main] DEBUG org.hibernate.boot.model.internal.AnnotatedColumn - Binding column: AnnotatedColumn()
10:24:16.853 [main] DEBUG org.hibernate.boot.model.internal.AnnotatedColumn - Binding column: IndexColumn(column='tasks_ORDER')
10:24:16.853 [main] DEBUG org.hibernate.boot.model.internal.AnnotatedColumn - Binding column: AnnotatedColumn()
10:24:16.853 [main] DEBUG org.hibernate.boot.model.internal.AnnotatedColumn - Binding column: AnnotatedColumn(column='tasks_KEY')
10:24:16.853 [main] DEBUG org.hibernate.boot.model.internal.AnnotatedColumn - Binding column: AnnotatedJoinColumn(column='tasks_KEY')
10:24:16.853 [main] DEBUG org.hibernate.boot.model.internal.AnnotatedColumn - Binding column: AnnotatedJoinColumn()
10:24:16.853 [main] DEBUG org.hibernate.boot.model.internal.AnnotatedColumn - Binding column: AnnotatedJoinColumn()
10:24:16.853 [main] DEBUG org.hibernate.boot.model.internal.CollectionBinder - Collection role: org.frcpm.models.Project.tasks
10:24:16.853 [main] DEBUG org.hibernate.boot.model.internal.PropertyBinder - Building property tasks
10:24:16.854 [main] DEBUG org.hibernate.boot.registry.classloading.internal.ClassLoaderServiceImpl - HHH000194: Package not found or no package-info.java: org.frcpm.models
10:24:16.854 [main] DEBUG org.hibernate.boot.model.internal.EntityBinder - Binding entity from annotated class: org.frcpm.models.Subteam
10:24:16.854 [main] DEBUG org.hibernate.boot.model.internal.EntityBinder - Import with entity name Subteam
10:24:16.854 [main] DEBUG org.hibernate.boot.model.internal.EntityBinder - Bind entity org.frcpm.models.Subteam on table subteams
10:24:16.854 [main] DEBUG org.hibernate.boot.model.internal.AnnotatedColumn - Binding column: AnnotatedDiscriminatorColumn(column='DTYPE')
10:24:16.855 [main] DEBUG org.hibernate.boot.model.internal.AnnotatedColumn - Binding column: AnnotatedColumn()
10:24:16.855 [main] DEBUG org.hibernate.boot.internal.ClassLoaderAccessImpl - Not known whether passed class name [org.frcpm.models.Subteam] is safe
10:24:16.855 [main] DEBUG org.hibernate.boot.internal.ClassLoaderAccessImpl - No temp ClassLoader provided; using live ClassLoader for loading potentially unsafe class : org.frcpm.models.Subteam
10:24:16.855 [main] DEBUG org.hibernate.boot.model.internal.PropertyBinder - MetadataSourceProcessor property id with lazy=false
10:24:16.855 [main] DEBUG org.hibernate.boot.model.internal.AbstractPropertyHolder - Attempting to locate auto-apply AttributeConverter for property [org.frcpm.models.Subteam:id]
10:24:16.855 [main] DEBUG org.hibernate.boot.model.internal.BasicValueBinder - building BasicValue for id
10:24:16.855 [main] DEBUG org.hibernate.mapping.BasicValue - Skipping column re-registration: subteams.id
10:24:16.855 [main] DEBUG org.hibernate.boot.model.internal.PropertyBinder - Building property id
10:24:16.855 [main] DEBUG org.hibernate.boot.model.internal.BinderHelper - #makeIdGenerator(BasicValue([Column(id)]), id, identity, , ...)
10:24:16.855 [main] DEBUG org.hibernate.boot.model.internal.AnnotatedColumn - Binding column: AnnotatedColumn(column='color_code')
10:24:16.855 [main] DEBUG org.hibernate.boot.model.internal.PropertyBinder - MetadataSourceProcessor property colorCode with lazy=false
10:24:16.855 [main] DEBUG org.hibernate.boot.model.internal.AbstractPropertyHolder - Attempting to locate auto-apply AttributeConverter for property [org.frcpm.models.Subteam:colorCode]
10:24:16.855 [main] DEBUG org.hibernate.boot.model.internal.BasicValueBinder - building BasicValue for colorCode
10:24:16.855 [main] DEBUG org.hibernate.mapping.BasicValue - Skipping column re-registration: subteams.color_code
10:24:16.855 [main] DEBUG org.hibernate.boot.model.internal.PropertyBinder - Building property colorCode
10:24:16.855 [main] DEBUG org.hibernate.boot.model.internal.AnnotatedColumn - Binding column: AnnotatedJoinColumn()
10:24:16.855 [main] DEBUG org.hibernate.boot.model.internal.AnnotatedColumn - Binding column: AnnotatedColumn()
10:24:16.855 [main] DEBUG org.hibernate.boot.model.internal.AnnotatedColumn - Binding column: IndexColumn(column='members_ORDER')
10:24:16.855 [main] DEBUG org.hibernate.boot.model.internal.AnnotatedColumn - Binding column: AnnotatedColumn()
10:24:16.855 [main] DEBUG org.hibernate.boot.model.internal.AnnotatedColumn - Binding column: AnnotatedColumn(column='members_KEY')
10:24:16.855 [main] DEBUG org.hibernate.boot.model.internal.AnnotatedColumn - Binding column: AnnotatedJoinColumn(column='members_KEY')
10:24:16.855 [main] DEBUG org.hibernate.boot.model.internal.AnnotatedColumn - Binding column: AnnotatedJoinColumn()
10:24:16.855 [main] DEBUG org.hibernate.boot.model.internal.AnnotatedColumn - Binding column: AnnotatedJoinColumn()
10:24:16.855 [main] DEBUG org.hibernate.boot.model.internal.CollectionBinder - Collection role: org.frcpm.models.Subteam.members
10:24:16.855 [main] DEBUG org.hibernate.boot.model.internal.PropertyBinder - Building property members
10:24:16.855 [main] DEBUG org.hibernate.boot.model.internal.AnnotatedColumn - Binding column: AnnotatedColumn(column='name')
10:24:16.855 [main] DEBUG org.hibernate.boot.model.internal.PropertyBinder - MetadataSourceProcessor property name with lazy=false
10:24:16.855 [main] DEBUG org.hibernate.boot.model.internal.AbstractPropertyHolder - Attempting to locate auto-apply AttributeConverter for property [org.frcpm.models.Subteam:name]
10:24:16.855 [main] DEBUG org.hibernate.boot.model.internal.BasicValueBinder - building BasicValue for name
10:24:16.855 [main] DEBUG org.hibernate.mapping.BasicValue - Skipping column re-registration: subteams.name
10:24:16.855 [main] DEBUG org.hibernate.boot.model.internal.PropertyBinder - Building property name
10:24:16.855 [main] DEBUG org.hibernate.boot.model.internal.AnnotatedColumn - Binding column: AnnotatedColumn(column='specialties')
10:24:16.855 [main] DEBUG org.hibernate.boot.model.internal.PropertyBinder - MetadataSourceProcessor property specialties with lazy=false
10:24:16.855 [main] DEBUG org.hibernate.boot.model.internal.AbstractPropertyHolder - Attempting to locate auto-apply AttributeConverter for property [org.frcpm.models.Subteam:specialties]
10:24:16.855 [main] DEBUG org.hibernate.boot.model.internal.BasicValueBinder - building BasicValue for specialties
10:24:16.855 [main] DEBUG org.hibernate.mapping.BasicValue - Skipping column re-registration: subteams.specialties
10:24:16.855 [main] DEBUG org.hibernate.boot.model.internal.PropertyBinder - Building property specialties
10:24:16.855 [main] DEBUG org.hibernate.boot.model.internal.AnnotatedColumn - Binding column: AnnotatedJoinColumn()
10:24:16.855 [main] DEBUG org.hibernate.boot.model.internal.AnnotatedColumn - Binding column: AnnotatedColumn()
10:24:16.855 [main] DEBUG org.hibernate.boot.model.internal.AnnotatedColumn - Binding column: IndexColumn(column='subsystems_ORDER')
10:24:16.855 [main] DEBUG org.hibernate.boot.model.internal.AnnotatedColumn - Binding column: AnnotatedColumn()
10:24:16.855 [main] DEBUG org.hibernate.boot.model.internal.AnnotatedColumn - Binding column: AnnotatedColumn(column='subsystems_KEY')
10:24:16.855 [main] DEBUG org.hibernate.boot.model.internal.AnnotatedColumn - Binding column: AnnotatedJoinColumn(column='subsystems_KEY')
10:24:16.855 [main] DEBUG org.hibernate.boot.model.internal.AnnotatedColumn - Binding column: AnnotatedJoinColumn()
10:24:16.855 [main] DEBUG org.hibernate.boot.model.internal.AnnotatedColumn - Binding column: AnnotatedJoinColumn()
10:24:16.855 [main] DEBUG org.hibernate.boot.model.internal.CollectionBinder - Collection role: org.frcpm.models.Subteam.subsystems
10:24:16.855 [main] DEBUG org.hibernate.boot.model.internal.PropertyBinder - Building property subsystems
10:24:16.856 [main] DEBUG org.hibernate.boot.registry.classloading.internal.ClassLoaderServiceImpl - HHH000194: Package not found or no package-info.java: org.frcpm.models
10:24:16.856 [main] DEBUG org.hibernate.boot.model.internal.EntityBinder - Binding entity from annotated class: org.frcpm.models.Task
10:24:16.856 [main] DEBUG org.hibernate.boot.model.internal.EntityBinder - Import with entity name Task
10:24:16.856 [main] DEBUG org.hibernate.boot.model.internal.EntityBinder - Bind entity org.frcpm.models.Task on table tasks
10:24:16.856 [main] DEBUG org.hibernate.boot.model.internal.AnnotatedColumn - Binding column: AnnotatedDiscriminatorColumn(column='DTYPE')
10:24:16.856 [main] DEBUG org.hibernate.boot.model.internal.AnnotatedColumn - Binding column: AnnotatedColumn()
10:24:16.856 [main] DEBUG org.hibernate.boot.internal.ClassLoaderAccessImpl - Not known whether passed class name [org.frcpm.models.Task] is safe
10:24:16.856 [main] DEBUG org.hibernate.boot.internal.ClassLoaderAccessImpl - No temp ClassLoader provided; using live ClassLoader for loading potentially unsafe class : org.frcpm.models.Task
10:24:16.856 [main] DEBUG org.hibernate.boot.model.internal.PropertyBinder - MetadataSourceProcessor property id with lazy=false
10:24:16.856 [main] DEBUG org.hibernate.boot.model.internal.AbstractPropertyHolder - Attempting to locate auto-apply AttributeConverter for property [org.frcpm.models.Task:id]
10:24:16.856 [main] DEBUG org.hibernate.boot.model.internal.BasicValueBinder - building BasicValue for id
10:24:16.857 [main] DEBUG org.hibernate.mapping.BasicValue - Skipping column re-registration: tasks.id
10:24:16.857 [main] DEBUG org.hibernate.boot.model.internal.PropertyBinder - Building property id
10:24:16.857 [main] DEBUG org.hibernate.boot.model.internal.BinderHelper - #makeIdGenerator(BasicValue([Column(id)]), id, identity, , ...)
10:24:16.857 [main] DEBUG org.hibernate.boot.model.internal.AnnotatedColumn - Binding column: AnnotatedColumn(column='actual_duration_seconds')
10:24:16.857 [main] DEBUG org.hibernate.boot.model.internal.PropertyBinder - MetadataSourceProcessor property actualDurationSeconds with lazy=false
10:24:16.857 [main] DEBUG org.hibernate.boot.model.internal.AbstractPropertyHolder - Attempting to locate auto-apply AttributeConverter for property [org.frcpm.models.Task:actualDurationSeconds]
10:24:16.857 [main] DEBUG org.hibernate.boot.model.internal.BasicValueBinder - building BasicValue for actualDurationSeconds
10:24:16.857 [main] DEBUG org.hibernate.mapping.BasicValue - Skipping column re-registration: tasks.actual_duration_seconds
10:24:16.857 [main] DEBUG org.hibernate.boot.model.internal.PropertyBinder - Building property actualDurationSeconds
10:24:16.857 [main] DEBUG org.hibernate.boot.model.internal.AnnotatedColumn - Binding column: IndexColumn(column='assignedTo_ORDER')
10:24:16.857 [main] DEBUG org.hibernate.boot.model.internal.AnnotatedColumn - Binding column: AnnotatedColumn()
10:24:16.857 [main] DEBUG org.hibernate.boot.model.internal.AnnotatedColumn - Binding column: AnnotatedColumn(column='assignedTo_KEY')
10:24:16.857 [main] DEBUG org.hibernate.boot.model.internal.AnnotatedColumn - Binding column: AnnotatedJoinColumn(column='assignedTo_KEY')
10:24:16.857 [main] DEBUG org.hibernate.boot.model.internal.AnnotatedColumn - Binding column: AnnotatedJoinColumn(column='task_id')
10:24:16.857 [main] DEBUG org.hibernate.boot.model.internal.AnnotatedColumn - Binding column: AnnotatedJoinColumn(column='team_member_id')
10:24:16.857 [main] DEBUG org.hibernate.boot.model.internal.CollectionBinder - Collection role: org.frcpm.models.Task.assignedTo
10:24:16.857 [main] DEBUG org.hibernate.boot.model.internal.PropertyBinder - Building property assignedTo
10:24:16.858 [main] DEBUG org.hibernate.boot.model.internal.AnnotatedColumn - Binding column: AnnotatedColumn(column='completed')
10:24:16.858 [main] DEBUG org.hibernate.boot.model.internal.PropertyBinder - MetadataSourceProcessor property completed with lazy=false
10:24:16.858 [main] DEBUG org.hibernate.boot.model.internal.AbstractPropertyHolder - Attempting to locate auto-apply AttributeConverter for property [org.frcpm.models.Task:completed]
10:24:16.858 [main] DEBUG org.hibernate.boot.model.internal.BasicValueBinder - building BasicValue for completed
10:24:16.858 [main] DEBUG org.hibernate.mapping.BasicValue - Skipping column re-registration: tasks.completed
10:24:16.858 [main] DEBUG org.hibernate.boot.model.internal.PropertyBinder - Building property completed
10:24:16.858 [main] DEBUG org.hibernate.boot.model.internal.AnnotatedColumn - Binding column: AnnotatedColumn(column='description')
10:24:16.858 [main] DEBUG org.hibernate.boot.model.internal.PropertyBinder - MetadataSourceProcessor property description with lazy=false
10:24:16.858 [main] DEBUG org.hibernate.boot.model.internal.AbstractPropertyHolder - Attempting to locate auto-apply AttributeConverter for property [org.frcpm.models.Task:description]
10:24:16.858 [main] DEBUG org.hibernate.boot.model.internal.BasicValueBinder - building BasicValue for description
10:24:16.858 [main] DEBUG org.hibernate.mapping.BasicValue - Skipping column re-registration: tasks.description
10:24:16.858 [main] DEBUG org.hibernate.boot.model.internal.PropertyBinder - Building property description
10:24:16.858 [main] DEBUG org.hibernate.boot.model.internal.AnnotatedColumn - Binding column: AnnotatedColumn(column='end_date')
10:24:16.858 [main] DEBUG org.hibernate.boot.model.internal.PropertyBinder - MetadataSourceProcessor property endDate with lazy=false
10:24:16.858 [main] DEBUG org.hibernate.boot.model.internal.AbstractPropertyHolder - Attempting to locate auto-apply AttributeConverter for property [org.frcpm.models.Task:endDate]
10:24:16.858 [main] DEBUG org.hibernate.boot.model.internal.BasicValueBinder - building BasicValue for endDate
10:24:16.858 [main] DEBUG org.hibernate.mapping.BasicValue - Skipping column re-registration: tasks.end_date
10:24:16.858 [main] DEBUG org.hibernate.boot.model.internal.PropertyBinder - Building property endDate
10:24:16.858 [main] DEBUG org.hibernate.boot.model.internal.AnnotatedColumn - Binding column: AnnotatedColumn(column='estimated_duration_seconds')
10:24:16.859 [main] DEBUG org.hibernate.boot.model.internal.PropertyBinder - MetadataSourceProcessor property estimatedDurationSeconds with lazy=false
10:24:16.859 [main] DEBUG org.hibernate.boot.model.internal.AbstractPropertyHolder - Attempting to locate auto-apply AttributeConverter for property [org.frcpm.models.Task:estimatedDurationSeconds]
10:24:16.859 [main] DEBUG org.hibernate.boot.model.internal.BasicValueBinder - building BasicValue for estimatedDurationSeconds
10:24:16.859 [main] DEBUG org.hibernate.mapping.BasicValue - Skipping column re-registration: tasks.estimated_duration_seconds
10:24:16.859 [main] DEBUG org.hibernate.boot.model.internal.PropertyBinder - Building property estimatedDurationSeconds
10:24:16.859 [main] DEBUG org.hibernate.boot.model.internal.AnnotatedColumn - Binding column: IndexColumn(column='postDependencies_ORDER')
10:24:16.859 [main] DEBUG org.hibernate.boot.model.internal.AnnotatedColumn - Binding column: AnnotatedColumn()
10:24:16.859 [main] DEBUG org.hibernate.boot.model.internal.AnnotatedColumn - Binding column: AnnotatedColumn(column='postDependencies_KEY')
10:24:16.859 [main] DEBUG org.hibernate.boot.model.internal.AnnotatedColumn - Binding column: AnnotatedJoinColumn(column='postDependencies_KEY')
10:24:16.859 [main] DEBUG org.hibernate.boot.model.internal.AnnotatedColumn - Binding column: AnnotatedJoinColumn()
10:24:16.859 [main] DEBUG org.hibernate.boot.model.internal.AnnotatedColumn - Binding column: AnnotatedJoinColumn()
10:24:16.859 [main] DEBUG org.hibernate.boot.model.internal.CollectionBinder - Collection role: org.frcpm.models.Task.postDependencies
10:24:16.859 [main] DEBUG org.hibernate.boot.model.internal.PropertyBinder - Building property postDependencies
10:24:16.859 [main] DEBUG org.hibernate.boot.model.internal.AnnotatedColumn - Binding column: IndexColumn(column='preDependencies_ORDER')
10:24:16.859 [main] DEBUG org.hibernate.boot.model.internal.AnnotatedColumn - Binding column: AnnotatedColumn()
10:24:16.859 [main] DEBUG org.hibernate.boot.model.internal.AnnotatedColumn - Binding column: AnnotatedColumn(column='preDependencies_KEY')
10:24:16.859 [main] DEBUG org.hibernate.boot.model.internal.AnnotatedColumn - Binding column: AnnotatedJoinColumn(column='preDependencies_KEY')
10:24:16.859 [main] DEBUG org.hibernate.boot.model.internal.AnnotatedColumn - Binding column: AnnotatedJoinColumn(column='task_id')
10:24:16.859 [main] DEBUG org.hibernate.boot.model.internal.AnnotatedColumn - Binding column: AnnotatedJoinColumn(column='dependency_id')
10:24:16.859 [main] DEBUG org.hibernate.boot.model.internal.CollectionBinder - Collection role: org.frcpm.models.Task.preDependencies
10:24:16.859 [main] DEBUG org.hibernate.boot.model.internal.PropertyBinder - Building property preDependencies
10:24:16.859 [main] DEBUG org.hibernate.boot.model.internal.AnnotatedColumn - Binding column: AnnotatedColumn(column='priority')
10:24:16.859 [main] DEBUG org.hibernate.boot.model.internal.PropertyBinder - MetadataSourceProcessor property priority with lazy=false
10:24:16.859 [main] DEBUG org.hibernate.boot.model.internal.AbstractPropertyHolder - Attempting to locate auto-apply AttributeConverter for property [org.frcpm.models.Task:priority]
10:24:16.859 [main] DEBUG org.hibernate.boot.model.internal.BasicValueBinder - building BasicValue for priority
10:24:16.859 [main] DEBUG org.hibernate.mapping.BasicValue - Skipping column re-registration: tasks.priority
10:24:16.859 [main] DEBUG org.hibernate.boot.model.internal.PropertyBinder - Building property priority
10:24:16.859 [main] DEBUG org.hibernate.boot.model.internal.AnnotatedColumn - Binding column: AnnotatedColumn(column='progress')
10:24:16.859 [main] DEBUG org.hibernate.boot.model.internal.PropertyBinder - MetadataSourceProcessor property progress with lazy=false
10:24:16.859 [main] DEBUG org.hibernate.boot.model.internal.AbstractPropertyHolder - Attempting to locate auto-apply AttributeConverter for property [org.frcpm.models.Task:progress]
10:24:16.859 [main] DEBUG org.hibernate.boot.model.internal.BasicValueBinder - building BasicValue for progress
10:24:16.859 [main] DEBUG org.hibernate.mapping.BasicValue - Skipping column re-registration: tasks.progress
10:24:16.859 [main] DEBUG org.hibernate.boot.model.internal.PropertyBinder - Building property progress
10:24:16.859 [main] DEBUG org.hibernate.boot.model.internal.AnnotatedColumn - Binding column: AnnotatedJoinColumn(column='project_id')
10:24:16.859 [main] DEBUG org.hibernate.boot.model.internal.AnnotatedColumn - Binding column: AnnotatedColumn()
10:24:16.860 [main] DEBUG org.hibernate.boot.model.internal.PropertyBinder - Building property project
10:24:16.860 [main] DEBUG org.hibernate.boot.model.internal.AnnotatedColumn - Binding column: IndexColumn(column='requiredComponents_ORDER')
10:24:16.860 [main] DEBUG org.hibernate.boot.model.internal.AnnotatedColumn - Binding column: AnnotatedColumn()
10:24:16.860 [main] DEBUG org.hibernate.boot.model.internal.AnnotatedColumn - Binding column: AnnotatedColumn(column='requiredComponents_KEY')
10:24:16.860 [main] DEBUG org.hibernate.boot.model.internal.AnnotatedColumn - Binding column: AnnotatedJoinColumn(column='requiredComponents_KEY')
10:24:16.860 [main] DEBUG org.hibernate.boot.model.internal.AnnotatedColumn - Binding column: AnnotatedJoinColumn(column='task_id')
10:24:16.860 [main] DEBUG org.hibernate.boot.model.internal.AnnotatedColumn - Binding column: AnnotatedJoinColumn(column='component_id')
10:24:16.860 [main] DEBUG org.hibernate.boot.model.internal.CollectionBinder - Collection role: org.frcpm.models.Task.requiredComponents
10:24:16.860 [main] DEBUG org.hibernate.boot.model.internal.PropertyBinder - Building property requiredComponents
10:24:16.860 [main] DEBUG org.hibernate.boot.model.internal.AnnotatedColumn - Binding column: AnnotatedColumn(column='start_date')
10:24:16.860 [main] DEBUG org.hibernate.boot.model.internal.PropertyBinder - MetadataSourceProcessor property startDate with lazy=false
10:24:16.860 [main] DEBUG org.hibernate.boot.model.internal.AbstractPropertyHolder - Attempting to locate auto-apply AttributeConverter for property [org.frcpm.models.Task:startDate]
10:24:16.860 [main] DEBUG org.hibernate.boot.model.internal.BasicValueBinder - building BasicValue for startDate
10:24:16.860 [main] DEBUG org.hibernate.mapping.BasicValue - Skipping column re-registration: tasks.start_date
10:24:16.860 [main] DEBUG org.hibernate.boot.model.internal.PropertyBinder - Building property startDate
10:24:16.860 [main] DEBUG org.hibernate.boot.model.internal.AnnotatedColumn - Binding column: AnnotatedJoinColumn(column='subsystem_id')
10:24:16.860 [main] DEBUG org.hibernate.boot.model.internal.AnnotatedColumn - Binding column: AnnotatedColumn()
10:24:16.860 [main] DEBUG org.hibernate.boot.model.internal.PropertyBinder - Building property subsystem
10:24:16.860 [main] DEBUG org.hibernate.boot.model.internal.AnnotatedColumn - Binding column: AnnotatedColumn(column='title')
10:24:16.860 [main] DEBUG org.hibernate.boot.model.internal.PropertyBinder - MetadataSourceProcessor property title with lazy=false
10:24:16.860 [main] DEBUG org.hibernate.boot.model.internal.AbstractPropertyHolder - Attempting to locate auto-apply AttributeConverter for property [org.frcpm.models.Task:title]
10:24:16.860 [main] DEBUG org.hibernate.boot.model.internal.BasicValueBinder - building BasicValue for title
10:24:16.860 [main] DEBUG org.hibernate.mapping.BasicValue - Skipping column re-registration: tasks.title
10:24:16.860 [main] DEBUG org.hibernate.boot.model.internal.PropertyBinder - Building property title
10:24:16.861 [main] DEBUG org.hibernate.boot.registry.classloading.internal.ClassLoaderServiceImpl - HHH000194: Package not found or no package-info.java: org.frcpm.models
10:24:16.863 [main] DEBUG org.hibernate.boot.model.internal.EntityBinder - Binding entity from annotated class: org.frcpm.models.TeamMember
10:24:16.863 [main] DEBUG org.hibernate.boot.model.internal.EntityBinder - Import with entity name TeamMember
10:24:16.863 [main] DEBUG org.hibernate.boot.model.internal.EntityBinder - Bind entity org.frcpm.models.TeamMember on table team_members
10:24:16.864 [main] DEBUG org.hibernate.boot.model.internal.AnnotatedColumn - Binding column: AnnotatedDiscriminatorColumn(column='DTYPE')
10:24:16.865 [main] DEBUG org.hibernate.boot.model.internal.AnnotatedColumn - Binding column: AnnotatedColumn()
10:24:16.865 [main] DEBUG org.hibernate.boot.internal.ClassLoaderAccessImpl - Not known whether passed class name [org.frcpm.models.TeamMember] is safe
10:24:16.866 [main] DEBUG org.hibernate.boot.internal.ClassLoaderAccessImpl - No temp ClassLoader provided; using live ClassLoader for loading potentially unsafe class : org.frcpm.models.TeamMember
10:24:16.866 [main] DEBUG org.hibernate.boot.model.internal.PropertyBinder - MetadataSourceProcessor property id with lazy=false
10:24:16.866 [main] DEBUG org.hibernate.boot.model.internal.AbstractPropertyHolder - Attempting to locate auto-apply AttributeConverter for property [org.frcpm.models.TeamMember:id]
10:24:16.866 [main] DEBUG org.hibernate.boot.model.internal.BasicValueBinder - building BasicValue for id
10:24:16.866 [main] DEBUG org.hibernate.mapping.BasicValue - Skipping column re-registration: team_members.id
10:24:16.866 [main] DEBUG org.hibernate.boot.model.internal.PropertyBinder - Building property id
10:24:16.866 [main] DEBUG org.hibernate.boot.model.internal.BinderHelper - #makeIdGenerator(BasicValue([Column(id)]), id, identity, , ...)
10:24:16.867 [main] DEBUG org.hibernate.boot.model.internal.AnnotatedColumn - Binding column: IndexColumn(column='assignedTasks_ORDER')
10:24:16.867 [main] DEBUG org.hibernate.boot.model.internal.AnnotatedColumn - Binding column: AnnotatedColumn()
10:24:16.867 [main] DEBUG org.hibernate.boot.model.internal.AnnotatedColumn - Binding column: AnnotatedColumn(column='assignedTasks_KEY')
10:24:16.867 [main] DEBUG org.hibernate.boot.model.internal.AnnotatedColumn - Binding column: AnnotatedJoinColumn(column='assignedTasks_KEY')
10:24:16.867 [main] DEBUG org.hibernate.boot.model.internal.AnnotatedColumn - Binding column: AnnotatedJoinColumn()
10:24:16.867 [main] DEBUG org.hibernate.boot.model.internal.AnnotatedColumn - Binding column: AnnotatedJoinColumn()
10:24:16.867 [main] DEBUG org.hibernate.boot.model.internal.CollectionBinder - Collection role: org.frcpm.models.TeamMember.assignedTasks
10:24:16.867 [main] DEBUG org.hibernate.boot.model.internal.PropertyBinder - Building property assignedTasks
10:24:16.867 [main] DEBUG org.hibernate.boot.model.internal.AnnotatedColumn - Binding column: AnnotatedJoinColumn()
10:24:16.867 [main] DEBUG org.hibernate.boot.model.internal.AnnotatedColumn - Binding column: AnnotatedColumn()
10:24:16.867 [main] DEBUG org.hibernate.boot.model.internal.AnnotatedColumn - Binding column: IndexColumn(column='attendances_ORDER')
10:24:16.867 [main] DEBUG org.hibernate.boot.model.internal.AnnotatedColumn - Binding column: AnnotatedColumn()
10:24:16.867 [main] DEBUG org.hibernate.boot.model.internal.AnnotatedColumn - Binding column: AnnotatedColumn(column='attendances_KEY')
10:24:16.867 [main] DEBUG org.hibernate.boot.model.internal.AnnotatedColumn - Binding column: AnnotatedJoinColumn(column='attendances_KEY')
10:24:16.867 [main] DEBUG org.hibernate.boot.model.internal.AnnotatedColumn - Binding column: AnnotatedJoinColumn()
10:24:16.867 [main] DEBUG org.hibernate.boot.model.internal.AnnotatedColumn - Binding column: AnnotatedJoinColumn()
10:24:16.867 [main] DEBUG org.hibernate.boot.model.internal.CollectionBinder - Collection role: org.frcpm.models.TeamMember.attendances
10:24:16.867 [main] DEBUG org.hibernate.boot.model.internal.PropertyBinder - Building property attendances
10:24:16.868 [main] DEBUG org.hibernate.boot.model.internal.AnnotatedColumn - Binding column: AnnotatedColumn(column='email')
10:24:16.868 [main] DEBUG org.hibernate.boot.model.internal.PropertyBinder - MetadataSourceProcessor property email with lazy=false
10:24:16.868 [main] DEBUG org.hibernate.boot.model.internal.AbstractPropertyHolder - Attempting to locate auto-apply AttributeConverter for property [org.frcpm.models.TeamMember:email]
10:24:16.868 [main] DEBUG org.hibernate.boot.model.internal.BasicValueBinder - building BasicValue for email
10:24:16.868 [main] DEBUG org.hibernate.mapping.BasicValue - Skipping column re-registration: team_members.email
10:24:16.868 [main] DEBUG org.hibernate.boot.model.internal.PropertyBinder - Building property email
10:24:16.868 [main] DEBUG org.hibernate.boot.model.internal.AnnotatedColumn - Binding column: AnnotatedColumn(column='first_name')
10:24:16.868 [main] DEBUG org.hibernate.boot.model.internal.PropertyBinder - MetadataSourceProcessor property firstName with lazy=false
10:24:16.868 [main] DEBUG org.hibernate.boot.model.internal.AbstractPropertyHolder - Attempting to locate auto-apply AttributeConverter for property [org.frcpm.models.TeamMember:firstName]
10:24:16.868 [main] DEBUG org.hibernate.boot.model.internal.BasicValueBinder - building BasicValue for firstName
10:24:16.868 [main] DEBUG org.hibernate.mapping.BasicValue - Skipping column re-registration: team_members.first_name
10:24:16.868 [main] DEBUG org.hibernate.boot.model.internal.PropertyBinder - Building property firstName
10:24:16.868 [main] DEBUG org.hibernate.boot.model.internal.AnnotatedColumn - Binding column: AnnotatedColumn(column='last_name')
10:24:16.868 [main] DEBUG org.hibernate.boot.model.internal.PropertyBinder - MetadataSourceProcessor property lastName with lazy=false
10:24:16.868 [main] DEBUG org.hibernate.boot.model.internal.AbstractPropertyHolder - Attempting to locate auto-apply AttributeConverter for property [org.frcpm.models.TeamMember:lastName]
10:24:16.868 [main] DEBUG org.hibernate.boot.model.internal.BasicValueBinder - building BasicValue for lastName
10:24:16.868 [main] DEBUG org.hibernate.mapping.BasicValue - Skipping column re-registration: team_members.last_name
10:24:16.868 [main] DEBUG org.hibernate.boot.model.internal.PropertyBinder - Building property lastName
10:24:16.868 [main] DEBUG org.hibernate.boot.model.internal.AnnotatedColumn - Binding column: AnnotatedColumn(column='is_leader')
10:24:16.868 [main] DEBUG org.hibernate.boot.model.internal.PropertyBinder - MetadataSourceProcessor property leader with lazy=false
10:24:16.868 [main] DEBUG org.hibernate.boot.model.internal.AbstractPropertyHolder - Attempting to locate auto-apply AttributeConverter for property [org.frcpm.models.TeamMember:leader]
10:24:16.868 [main] DEBUG org.hibernate.boot.model.internal.BasicValueBinder - building BasicValue for leader
10:24:16.868 [main] DEBUG org.hibernate.mapping.BasicValue - Skipping column re-registration: team_members.is_leader
10:24:16.868 [main] DEBUG org.hibernate.boot.model.internal.PropertyBinder - Building property leader
10:24:16.869 [main] DEBUG org.hibernate.boot.model.internal.AnnotatedColumn - Binding column: AnnotatedColumn(column='phone')
10:24:16.869 [main] DEBUG org.hibernate.boot.model.internal.PropertyBinder - MetadataSourceProcessor property phone with lazy=false
10:24:16.869 [main] DEBUG org.hibernate.boot.model.internal.AbstractPropertyHolder - Attempting to locate auto-apply AttributeConverter for property [org.frcpm.models.TeamMember:phone]
10:24:16.869 [main] DEBUG org.hibernate.boot.model.internal.BasicValueBinder - building BasicValue for phone
10:24:16.869 [main] DEBUG org.hibernate.mapping.BasicValue - Skipping column re-registration: team_members.phone
10:24:16.869 [main] DEBUG org.hibernate.boot.model.internal.PropertyBinder - Building property phone
10:24:16.869 [main] DEBUG org.hibernate.boot.model.internal.AnnotatedColumn - Binding column: AnnotatedColumn(column='skills')
10:24:16.869 [main] DEBUG org.hibernate.boot.model.internal.PropertyBinder - MetadataSourceProcessor property skills with lazy=false
10:24:16.869 [main] DEBUG org.hibernate.boot.model.internal.AbstractPropertyHolder - Attempting to locate auto-apply AttributeConverter for property [org.frcpm.models.TeamMember:skills]
10:24:16.869 [main] DEBUG org.hibernate.boot.model.internal.BasicValueBinder - building BasicValue for skills
10:24:16.869 [main] DEBUG org.hibernate.mapping.BasicValue - Skipping column re-registration: team_members.skills
10:24:16.869 [main] DEBUG org.hibernate.boot.model.internal.PropertyBinder - Building property skills
10:24:16.869 [main] DEBUG org.hibernate.boot.model.internal.AnnotatedColumn - Binding column: AnnotatedJoinColumn(column='subteam_id')
10:24:16.869 [main] DEBUG org.hibernate.boot.model.internal.AnnotatedColumn - Binding column: AnnotatedColumn()
10:24:16.869 [main] DEBUG org.hibernate.boot.model.internal.PropertyBinder - Building property subteam
10:24:16.869 [main] DEBUG org.hibernate.boot.model.internal.AnnotatedColumn - Binding column: AnnotatedColumn(column='username')
10:24:16.869 [main] DEBUG org.hibernate.boot.model.internal.PropertyBinder - MetadataSourceProcessor property username with lazy=false
10:24:16.869 [main] DEBUG org.hibernate.boot.model.internal.AbstractPropertyHolder - Attempting to locate auto-apply AttributeConverter for property [org.frcpm.models.TeamMember:username]
10:24:16.869 [main] DEBUG org.hibernate.boot.model.internal.BasicValueBinder - building BasicValue for username
10:24:16.869 [main] DEBUG org.hibernate.mapping.BasicValue - Skipping column re-registration: team_members.username
10:24:16.869 [main] DEBUG org.hibernate.boot.model.internal.PropertyBinder - Building property username
10:24:16.869 [main] DEBUG org.hibernate.boot.registry.classloading.internal.ClassLoaderServiceImpl - HHH000194: Package not found or no package-info.java: org.frcpm.models
10:24:16.870 [main] DEBUG org.hibernate.boot.model.internal.BasicValueBinder - Starting `BasicValueBinder#fillSimpleValue` for id
10:24:16.870 [main] DEBUG org.hibernate.boot.model.internal.BasicValueBinder - Starting `BasicValueBinder#fillSimpleValue` for arrivalTime
10:24:16.870 [main] DEBUG org.hibernate.boot.model.internal.BasicValueBinder - Starting `BasicValueBinder#fillSimpleValue` for departureTime
10:24:16.870 [main] DEBUG org.hibernate.boot.model.internal.BasicValueBinder - Starting `BasicValueBinder#fillSimpleValue` for present
10:24:16.870 [main] DEBUG org.hibernate.boot.model.internal.BasicValueBinder - Starting `BasicValueBinder#fillSimpleValue` for id
10:24:16.870 [main] DEBUG org.hibernate.boot.model.internal.BasicValueBinder - Starting `BasicValueBinder#fillSimpleValue` for date
10:24:16.870 [main] DEBUG org.hibernate.boot.model.internal.BasicValueBinder - Starting `BasicValueBinder#fillSimpleValue` for endTime
10:24:16.870 [main] DEBUG org.hibernate.boot.model.internal.BasicValueBinder - Starting `BasicValueBinder#fillSimpleValue` for notes
10:24:16.870 [main] DEBUG org.hibernate.boot.model.internal.BasicValueBinder - Starting `BasicValueBinder#fillSimpleValue` for startTime
10:24:16.870 [main] DEBUG org.hibernate.boot.model.internal.BasicValueBinder - Starting `BasicValueBinder#fillSimpleValue` for id
10:24:16.870 [main] DEBUG org.hibernate.boot.model.internal.BasicValueBinder - Starting `BasicValueBinder#fillSimpleValue` for description
10:24:16.870 [main] DEBUG org.hibernate.boot.model.internal.BasicValueBinder - Starting `BasicValueBinder#fillSimpleValue` for name
10:24:16.870 [main] DEBUG org.hibernate.boot.model.internal.BasicValueBinder - Starting `BasicValueBinder#fillSimpleValue` for status
10:24:16.870 [main] DEBUG org.hibernate.boot.model.internal.BasicValueBinder - Starting `BasicValueBinder#fillSimpleValue` for id
10:24:16.870 [main] DEBUG org.hibernate.boot.model.internal.BasicValueBinder - Starting `BasicValueBinder#fillSimpleValue` for actualDelivery
10:24:16.870 [main] DEBUG org.hibernate.boot.model.internal.BasicValueBinder - Starting `BasicValueBinder#fillSimpleValue` for delivered
10:24:16.870 [main] DEBUG org.hibernate.boot.model.internal.BasicValueBinder - Starting `BasicValueBinder#fillSimpleValue` for description
10:24:16.870 [main] DEBUG org.hibernate.boot.model.internal.BasicValueBinder - Starting `BasicValueBinder#fillSimpleValue` for expectedDelivery
10:24:16.870 [main] DEBUG org.hibernate.boot.model.internal.BasicValueBinder - Starting `BasicValueBinder#fillSimpleValue` for name
10:24:16.870 [main] DEBUG org.hibernate.boot.model.internal.BasicValueBinder - Starting `BasicValueBinder#fillSimpleValue` for partNumber
10:24:16.870 [main] DEBUG org.hibernate.boot.model.internal.BasicValueBinder - Starting `BasicValueBinder#fillSimpleValue` for id
10:24:16.870 [main] DEBUG org.hibernate.boot.model.internal.BasicValueBinder - Starting `BasicValueBinder#fillSimpleValue` for date
10:24:16.870 [main] DEBUG org.hibernate.boot.model.internal.BasicValueBinder - Starting `BasicValueBinder#fillSimpleValue` for description
10:24:16.870 [main] DEBUG org.hibernate.boot.model.internal.BasicValueBinder - Starting `BasicValueBinder#fillSimpleValue` for name
10:24:16.870 [main] DEBUG org.hibernate.boot.model.internal.BasicValueBinder - Starting `BasicValueBinder#fillSimpleValue` for id
10:24:16.870 [main] DEBUG org.hibernate.boot.model.internal.BasicValueBinder - Starting `BasicValueBinder#fillSimpleValue` for description
10:24:16.870 [main] DEBUG org.hibernate.boot.model.internal.BasicValueBinder - Starting `BasicValueBinder#fillSimpleValue` for goalEndDate
10:24:16.870 [main] DEBUG org.hibernate.boot.model.internal.BasicValueBinder - Starting `BasicValueBinder#fillSimpleValue` for hardDeadline
10:24:16.870 [main] DEBUG org.hibernate.boot.model.internal.BasicValueBinder - Starting `BasicValueBinder#fillSimpleValue` for name
10:24:16.870 [main] DEBUG org.hibernate.boot.model.internal.BasicValueBinder - Starting `BasicValueBinder#fillSimpleValue` for startDate
10:24:16.870 [main] DEBUG org.hibernate.boot.model.internal.BasicValueBinder - Starting `BasicValueBinder#fillSimpleValue` for id
10:24:16.870 [main] DEBUG org.hibernate.boot.model.internal.BasicValueBinder - Starting `BasicValueBinder#fillSimpleValue` for colorCode
10:24:16.870 [main] DEBUG org.hibernate.boot.model.internal.BasicValueBinder - Starting `BasicValueBinder#fillSimpleValue` for name
10:24:16.870 [main] DEBUG org.hibernate.boot.model.internal.BasicValueBinder - Starting `BasicValueBinder#fillSimpleValue` for specialties
10:24:16.870 [main] DEBUG org.hibernate.boot.model.internal.BasicValueBinder - Starting `BasicValueBinder#fillSimpleValue` for id
10:24:16.870 [main] DEBUG org.hibernate.boot.model.internal.BasicValueBinder - Starting `BasicValueBinder#fillSimpleValue` for actualDurationSeconds
10:24:16.870 [main] DEBUG org.hibernate.boot.model.internal.BasicValueBinder - Starting `BasicValueBinder#fillSimpleValue` for completed
10:24:16.870 [main] DEBUG org.hibernate.boot.model.internal.BasicValueBinder - Starting `BasicValueBinder#fillSimpleValue` for description
10:24:16.870 [main] DEBUG org.hibernate.boot.model.internal.BasicValueBinder - Starting `BasicValueBinder#fillSimpleValue` for endDate
10:24:16.870 [main] DEBUG org.hibernate.boot.model.internal.BasicValueBinder - Starting `BasicValueBinder#fillSimpleValue` for estimatedDurationSeconds
10:24:16.870 [main] DEBUG org.hibernate.boot.model.internal.BasicValueBinder - Starting `BasicValueBinder#fillSimpleValue` for priority
10:24:16.870 [main] DEBUG org.hibernate.boot.model.internal.BasicValueBinder - Starting `BasicValueBinder#fillSimpleValue` for progress
10:24:16.870 [main] DEBUG org.hibernate.boot.model.internal.BasicValueBinder - Starting `BasicValueBinder#fillSimpleValue` for startDate
10:24:16.870 [main] DEBUG org.hibernate.boot.model.internal.BasicValueBinder - Starting `BasicValueBinder#fillSimpleValue` for title
10:24:16.870 [main] DEBUG org.hibernate.boot.model.internal.BasicValueBinder - Starting `BasicValueBinder#fillSimpleValue` for id
10:24:16.870 [main] DEBUG org.hibernate.boot.model.internal.BasicValueBinder - Starting `BasicValueBinder#fillSimpleValue` for email
10:24:16.870 [main] DEBUG org.hibernate.boot.model.internal.BasicValueBinder - Starting `BasicValueBinder#fillSimpleValue` for firstName
10:24:16.870 [main] DEBUG org.hibernate.boot.model.internal.BasicValueBinder - Starting `BasicValueBinder#fillSimpleValue` for lastName
10:24:16.870 [main] DEBUG org.hibernate.boot.model.internal.BasicValueBinder - Starting `BasicValueBinder#fillSimpleValue` for leader
10:24:16.870 [main] DEBUG org.hibernate.boot.model.internal.BasicValueBinder - Starting `BasicValueBinder#fillSimpleValue` for phone
10:24:16.870 [main] DEBUG org.hibernate.boot.model.internal.BasicValueBinder - Starting `BasicValueBinder#fillSimpleValue` for skills
10:24:16.870 [main] DEBUG org.hibernate.boot.model.internal.BasicValueBinder - Starting `BasicValueBinder#fillSimpleValue` for username
10:24:16.870 [main] DEBUG org.hibernate.mapping.PrimaryKey - Forcing column [id] to be non-null as it is part of the primary key for table [attendances]
10:24:16.870 [main] DEBUG org.hibernate.mapping.PrimaryKey - Forcing column [id] to be non-null as it is part of the primary key for table [meetings]
10:24:16.870 [main] DEBUG org.hibernate.mapping.PrimaryKey - Forcing column [id] to be non-null as it is part of the primary key for table [subsystems]
10:24:16.870 [main] DEBUG org.hibernate.mapping.PrimaryKey - Forcing column [id] to be non-null as it is part of the primary key for table [components]
10:24:16.870 [main] DEBUG org.hibernate.mapping.PrimaryKey - Forcing column [id] to be non-null as it is part of the primary key for table [milestones]
10:24:16.870 [main] DEBUG org.hibernate.mapping.PrimaryKey - Forcing column [id] to be non-null as it is part of the primary key for table [projects]
10:24:16.870 [main] DEBUG org.hibernate.mapping.PrimaryKey - Forcing column [id] to be non-null as it is part of the primary key for table [subteams]
10:24:16.870 [main] DEBUG org.hibernate.mapping.PrimaryKey - Forcing column [id] to be non-null as it is part of the primary key for table [tasks]
10:24:16.870 [main] DEBUG org.hibernate.mapping.PrimaryKey - Forcing column [id] to be non-null as it is part of the primary key for table [team_members]
10:24:16.870 [main] DEBUG org.hibernate.boot.model.internal.CollectionSecondPass - Second pass for collection: org.frcpm.models.Task.requiredComponents
10:24:16.870 [main] DEBUG org.hibernate.boot.model.internal.CollectionBinder - Binding a ManyToMany: org.frcpm.models.Task.requiredComponents
10:24:16.871 [main] DEBUG org.hibernate.boot.registry.classloading.internal.ClassLoaderServiceImpl - HHH000194: Package not found or no package-info.java: org.frcpm.models
10:24:16.871 [main] DEBUG org.hibernate.mapping.PrimaryKey - Forcing column [task_id] to be non-null as it is part of the primary key for table [task_components]
10:24:16.871 [main] DEBUG org.hibernate.mapping.PrimaryKey - Forcing column [component_id] to be non-null as it is part of the primary key for table [task_components]
10:24:16.871 [main] DEBUG org.hibernate.boot.model.internal.CollectionSecondPass - Mapped collection key: task_id, element: component_id
10:24:16.871 [main] DEBUG org.hibernate.boot.model.internal.CollectionSecondPass - Second pass for collection: org.frcpm.models.Task.preDependencies
10:24:16.871 [main] DEBUG org.hibernate.boot.model.internal.CollectionBinder - Binding a ManyToMany: org.frcpm.models.Task.preDependencies
10:24:16.871 [main] DEBUG org.hibernate.boot.registry.classloading.internal.ClassLoaderServiceImpl - HHH000194: Package not found or no package-info.java: org.frcpm.models
10:24:16.873 [main] DEBUG org.hibernate.mapping.PrimaryKey - Forcing column [task_id] to be non-null as it is part of the primary key for table [task_dependencies]
10:24:16.873 [main] DEBUG org.hibernate.mapping.PrimaryKey - Forcing column [dependency_id] to be non-null as it is part of the primary key for table [task_dependencies]
10:24:16.873 [main] DEBUG org.hibernate.boot.model.internal.CollectionSecondPass - Mapped collection key: task_id, element: dependency_id
10:24:16.873 [main] DEBUG org.hibernate.boot.model.internal.CollectionSecondPass - Second pass for collection: org.frcpm.models.Task.assignedTo
10:24:16.873 [main] DEBUG org.hibernate.boot.model.internal.CollectionBinder - Binding a ManyToMany: org.frcpm.models.Task.assignedTo
10:24:16.874 [main] DEBUG org.hibernate.boot.registry.classloading.internal.ClassLoaderServiceImpl - HHH000194: Package not found or no package-info.java: org.frcpm.models
10:24:16.875 [main] DEBUG org.hibernate.mapping.PrimaryKey - Forcing column [task_id] to be non-null as it is part of the primary key for table [task_assignments]
10:24:16.875 [main] DEBUG org.hibernate.mapping.PrimaryKey - Forcing column [team_member_id] to be non-null as it is part of the primary key for table [task_assignments]
10:24:16.875 [main] DEBUG org.hibernate.boot.model.internal.CollectionSecondPass - Mapped collection key: task_id, element: team_member_id
10:24:16.875 [main] DEBUG org.hibernate.boot.model.internal.CollectionSecondPass - Second pass for collection: org.frcpm.models.Meeting.attendances
10:24:16.875 [main] DEBUG org.hibernate.boot.model.internal.CollectionBinder - Binding a OneToMany: org.frcpm.models.Meeting.attendances through a foreign key
10:24:16.875 [main] DEBUG org.hibernate.boot.model.internal.CollectionBinder - Mapping collection: org.frcpm.models.Meeting.attendances -> attendances
10:24:16.875 [main] DEBUG org.hibernate.boot.model.internal.TableBinder - Retrieving property org.frcpm.models.Attendance.meeting
10:24:16.875 [main] DEBUG org.hibernate.boot.model.internal.CollectionSecondPass - Mapped collection key: meeting_id, one-to-many: org.frcpm.models.Attendance
10:24:16.875 [main] DEBUG org.hibernate.boot.model.internal.CollectionSecondPass - Second pass for collection: org.frcpm.models.Subsystem.tasks
10:24:16.875 [main] DEBUG org.hibernate.boot.model.internal.CollectionBinder - Binding a OneToMany: org.frcpm.models.Subsystem.tasks through a foreign key
10:24:16.875 [main] DEBUG org.hibernate.boot.model.internal.CollectionBinder - Mapping collection: org.frcpm.models.Subsystem.tasks -> tasks
10:24:16.875 [main] DEBUG org.hibernate.boot.model.internal.TableBinder - Retrieving property org.frcpm.models.Task.subsystem
10:24:16.875 [main] DEBUG org.hibernate.boot.model.internal.CollectionSecondPass - Mapped collection key: subsystem_id, one-to-many: org.frcpm.models.Task
10:24:16.875 [main] DEBUG org.hibernate.boot.model.internal.CollectionSecondPass - Second pass for collection: org.frcpm.models.Component.requiredForTasks
10:24:16.875 [main] DEBUG org.hibernate.boot.model.internal.CollectionBinder - Binding a ManyToMany: org.frcpm.models.Component.requiredForTasks
10:24:16.876 [main] DEBUG org.hibernate.boot.registry.classloading.internal.ClassLoaderServiceImpl - HHH000194: Package not found or no package-info.java: org.frcpm.models
10:24:16.876 [main] DEBUG org.hibernate.boot.model.internal.TableBinder - Retrieving property org.frcpm.models.Task.requiredComponents
10:24:16.876 [main] DEBUG org.hibernate.boot.model.internal.CollectionSecondPass - Mapped collection key: component_id, element: task_id
10:24:16.876 [main] DEBUG org.hibernate.boot.model.internal.CollectionSecondPass - Second pass for collection: org.frcpm.models.Project.meetings
10:24:16.876 [main] DEBUG org.hibernate.boot.model.internal.CollectionBinder - Binding a OneToMany: org.frcpm.models.Project.meetings through a foreign key
10:24:16.876 [main] DEBUG org.hibernate.boot.model.internal.CollectionBinder - Mapping collection: org.frcpm.models.Project.meetings -> meetings
10:24:16.876 [main] DEBUG org.hibernate.boot.model.internal.TableBinder - Retrieving property org.frcpm.models.Meeting.project
10:24:16.876 [main] DEBUG org.hibernate.boot.model.internal.CollectionSecondPass - Mapped collection key: project_id, one-to-many: org.frcpm.models.Meeting
10:24:16.876 [main] DEBUG org.hibernate.boot.model.internal.CollectionSecondPass - Second pass for collection: org.frcpm.models.Project.milestones
10:24:16.877 [main] DEBUG org.hibernate.boot.model.internal.CollectionBinder - Binding a OneToMany: org.frcpm.models.Project.milestones through a foreign key
10:24:16.877 [main] DEBUG org.hibernate.boot.model.internal.CollectionBinder - Mapping collection: org.frcpm.models.Project.milestones -> milestones
10:24:16.877 [main] DEBUG org.hibernate.boot.model.internal.TableBinder - Retrieving property org.frcpm.models.Milestone.project
10:24:16.877 [main] DEBUG org.hibernate.boot.model.internal.CollectionSecondPass - Mapped collection key: project_id, one-to-many: org.frcpm.models.Milestone
10:24:16.877 [main] DEBUG org.hibernate.boot.model.internal.CollectionSecondPass - Second pass for collection: org.frcpm.models.Project.tasks
10:24:16.877 [main] DEBUG org.hibernate.boot.model.internal.CollectionBinder - Binding a OneToMany: org.frcpm.models.Project.tasks through a foreign key
10:24:16.877 [main] DEBUG org.hibernate.boot.model.internal.CollectionBinder - Mapping collection: org.frcpm.models.Project.tasks -> tasks
10:24:16.877 [main] DEBUG org.hibernate.boot.model.internal.TableBinder - Retrieving property org.frcpm.models.Task.project
10:24:16.877 [main] DEBUG org.hibernate.boot.model.internal.CollectionSecondPass - Mapped collection key: project_id, one-to-many: org.frcpm.models.Task
10:24:16.877 [main] DEBUG org.hibernate.boot.model.internal.CollectionSecondPass - Second pass for collection: org.frcpm.models.Subteam.members
10:24:16.877 [main] DEBUG org.hibernate.boot.model.internal.CollectionBinder - Binding a OneToMany: org.frcpm.models.Subteam.members through a foreign key
10:24:16.877 [main] DEBUG org.hibernate.boot.model.internal.CollectionBinder - Mapping collection: org.frcpm.models.Subteam.members -> team_members
10:24:16.877 [main] DEBUG org.hibernate.boot.model.internal.TableBinder - Retrieving property org.frcpm.models.TeamMember.subteam
10:24:16.877 [main] DEBUG org.hibernate.boot.model.internal.CollectionSecondPass - Mapped collection key: subteam_id, one-to-many: org.frcpm.models.TeamMember
10:24:16.877 [main] DEBUG org.hibernate.boot.model.internal.CollectionSecondPass - Second pass for collection: org.frcpm.models.Subteam.subsystems
10:24:16.877 [main] DEBUG org.hibernate.boot.model.internal.CollectionBinder - Binding a OneToMany: org.frcpm.models.Subteam.subsystems through a foreign key
10:24:16.877 [main] DEBUG org.hibernate.boot.model.internal.CollectionBinder - Mapping collection: org.frcpm.models.Subteam.subsystems -> subsystems
10:24:16.877 [main] DEBUG org.hibernate.boot.model.internal.TableBinder - Retrieving property org.frcpm.models.Subsystem.responsibleSubteam
10:24:16.877 [main] DEBUG org.hibernate.boot.model.internal.CollectionSecondPass - Mapped collection key: responsible_subteam_id, one-to-many: org.frcpm.models.Subsystem
10:24:16.877 [main] DEBUG org.hibernate.boot.model.internal.CollectionSecondPass - Second pass for collection: org.frcpm.models.Task.postDependencies
10:24:16.877 [main] DEBUG org.hibernate.boot.model.internal.CollectionBinder - Binding a ManyToMany: org.frcpm.models.Task.postDependencies
10:24:16.877 [main] DEBUG org.hibernate.boot.registry.classloading.internal.ClassLoaderServiceImpl - HHH000194: Package not found or no package-info.java: org.frcpm.models
10:24:16.877 [main] DEBUG org.hibernate.boot.model.internal.TableBinder - Retrieving property org.frcpm.models.Task.preDependencies
10:24:16.877 [main] DEBUG org.hibernate.boot.model.internal.CollectionSecondPass - Mapped collection key: dependency_id, element: task_id
10:24:16.877 [main] DEBUG org.hibernate.boot.model.internal.CollectionSecondPass - Second pass for collection: org.frcpm.models.TeamMember.assignedTasks
10:24:16.877 [main] DEBUG org.hibernate.boot.model.internal.CollectionBinder - Binding a ManyToMany: org.frcpm.models.TeamMember.assignedTasks
10:24:16.878 [main] DEBUG org.hibernate.boot.registry.classloading.internal.ClassLoaderServiceImpl - HHH000194: Package not found or no package-info.java: org.frcpm.models
10:24:16.879 [main] DEBUG org.hibernate.boot.model.internal.TableBinder - Retrieving property org.frcpm.models.Task.assignedTo
10:24:16.879 [main] DEBUG org.hibernate.boot.model.internal.CollectionSecondPass - Mapped collection key: team_member_id, element: task_id
10:24:16.879 [main] DEBUG org.hibernate.boot.model.internal.CollectionSecondPass - Second pass for collection: org.frcpm.models.TeamMember.attendances
10:24:16.879 [main] DEBUG org.hibernate.boot.model.internal.CollectionBinder - Binding a OneToMany: org.frcpm.models.TeamMember.attendances through a foreign key
10:24:16.879 [main] DEBUG org.hibernate.boot.model.internal.CollectionBinder - Mapping collection: org.frcpm.models.TeamMember.attendances -> attendances
10:24:16.879 [main] DEBUG org.hibernate.boot.model.internal.TableBinder - Retrieving property org.frcpm.models.Attendance.member
10:24:16.879 [main] DEBUG org.hibernate.boot.model.internal.CollectionSecondPass - Mapped collection key: member_id, one-to-many: org.frcpm.models.Attendance
10:24:16.903 [main] DEBUG org.hibernate.internal.SessionFactoryImpl - Building session factory
10:24:16.904 [main] DEBUG org.hibernate.service.internal.SessionFactoryServiceRegistryImpl - EventListenerRegistry access via ServiceRegistry is deprecated.  Use `sessionFactory.getEventEngine().getListenerRegistry()` instead
10:24:16.904 [main] DEBUG org.hibernate.internal.SessionFactoryImpl - Instantiating SessionFactory with settings: {hibernate.format_sql=false, java.specification.version=21, sun.cpu.isalist=amd64, hibernate.connection.handling_mode=DELAYED_ACQUISITION_AND_RELEASE_AFTER_STATEMENT, sun.jnu.encoding=Cp1252, hibernate.dialect=org.hibernate.dialect.H2Dialect, java.class.path=C:\Users\dhiebert\Local Repositories\Project Management 2.0\target\test-classes;C:\Users\dhiebert\Local Repositories\Project Management 2.0\target\classes;C:\Users\dhiebert\.m2\repository\org\openjfx\javafx-controls\21.0.2\javafx-controls-21.0.2.jar;C:\Users\dhiebert\.m2\repository\org\openjfx\javafx-controls\21.0.2\javafx-controls-21.0.2-win.jar;C:\Users\dhiebert\.m2\repository\org\openjfx\javafx-fxml\21.0.2\javafx-fxml-21.0.2.jar;C:\Users\dhiebert\.m2\repository\org\openjfx\javafx-fxml\21.0.2\javafx-fxml-21.0.2-win.jar;C:\Users\dhiebert\.m2\repository\org\openjfx\javafx-graphics\21.0.2\javafx-graphics-21.0.2.jar;C:\Users\dhiebert\.m2\repository\org\openjfx\javafx-graphics\21.0.2\javafx-graphics-21.0.2-win.jar;C:\Users\dhiebert\.m2\repository\org\openjfx\javafx-base\21.0.2\javafx-base-21.0.2.jar;C:\Users\dhiebert\.m2\repository\org\openjfx\javafx-base\21.0.2\javafx-base-21.0.2-win.jar;C:\Users\dhiebert\.m2\repository\com\h2database\h2\2.2.224\h2-2.2.224.jar;C:\Users\dhiebert\.m2\repository\com\zaxxer\HikariCP\5.1.0\HikariCP-5.1.0.jar;C:\Users\dhiebert\.m2\repository\org\slf4j\slf4j-api\1.7.36\slf4j-api-1.7.36.jar;C:\Users\dhiebert\.m2\repository\org\hibernate\orm\hibernate-core\6.5.0.Final\hibernate-core-6.5.0.Final.jar;C:\Users\dhiebert\.m2\repository\jakarta\persistence\jakarta.persistence-api\3.1.0\jakarta.persistence-api-3.1.0.jar;C:\Users\dhiebert\.m2\repository\jakarta\transaction\jakarta.transaction-api\2.0.1\jakarta.transaction-api-2.0.1.jar;C:\Users\dhiebert\.m2\repository\org\jboss\logging\jboss-logging\3.5.0.Final\jboss-logging-3.5.0.Final.jar;C:\Users\dhiebert\.m2\repository\org\hibernate\common\hibernate-commons-annotations\6.0.6.Final\hibernate-commons-annotations-6.0.6.Final.jar;C:\Users\dhiebert\.m2\repository\io\smallrye\jandex\3.1.2\jandex-3.1.2.jar;C:\Users\dhiebert\.m2\repository\com\fasterxml\classmate\1.5.1\classmate-1.5.1.jar;C:\Users\dhiebert\.m2\repository\net\bytebuddy\byte-buddy\1.14.12\byte-buddy-1.14.12.jar;C:\Users\dhiebert\.m2\repository\jakarta\xml\bind\jakarta.xml.bind-api\4.0.0\jakarta.xml.bind-api-4.0.0.jar;C:\Users\dhiebert\.m2\repository\jakarta\activation\jakarta.activation-api\2.1.0\jakarta.activation-api-2.1.0.jar;C:\Users\dhiebert\.m2\repository\org\glassfish\jaxb\jaxb-runtime\4.0.2\jaxb-runtime-4.0.2.jar;C:\Users\dhiebert\.m2\repository\org\glassfish\jaxb\jaxb-core\4.0.2\jaxb-core-4.0.2.jar;C:\Users\dhiebert\.m2\repository\org\eclipse\angus\angus-activation\2.0.0\angus-activation-2.0.0.jar;C:\Users\dhiebert\.m2\repository\org\glassfish\jaxb\txw2\4.0.2\txw2-4.0.2.jar;C:\Users\dhiebert\.m2\repository\com\sun\istack\istack-commons-runtime\4.1.1\istack-commons-runtime-4.1.1.jar;C:\Users\dhiebert\.m2\repository\jakarta\inject\jakarta.inject-api\2.0.1\jakarta.inject-api-2.0.1.jar;C:\Users\dhiebert\.m2\repository\org\antlr\antlr4-runtime\4.13.0\antlr4-runtime-4.13.0.jar;C:\Users\dhiebert\.m2\repository\org\hibernate\validator\hibernate-validator\8.0.1.Final\hibernate-validator-8.0.1.Final.jar;C:\Users\dhiebert\.m2\repository\jakarta\validation\jakarta.validation-api\3.0.2\jakarta.validation-api-3.0.2.jar;C:\Users\dhiebert\.m2\repository\org\junit\jupiter\junit-jupiter-api\5.10.2\junit-jupiter-api-5.10.2.jar;C:\Users\dhiebert\.m2\repository\org\opentest4j\opentest4j\1.3.0\opentest4j-1.3.0.jar;C:\Users\dhiebert\.m2\repository\org\junit\platform\junit-platform-commons\1.10.2\junit-platform-commons-1.10.2.jar;C:\Users\dhiebert\.m2\repository\org\apiguardian\apiguardian-api\1.1.2\apiguardian-api-1.1.2.jar;C:\Users\dhiebert\.m2\repository\org\junit\jupiter\junit-jupiter-engine\5.10.2\junit-jupiter-engine-5.10.2.jar;C:\Users\dhiebert\.m2\repository\org\junit\platform\junit-platform-engine\1.10.2\junit-platform-engine-1.10.2.jar;C:\Users\dhiebert\.m2\repository\org\mockito\mockito-junit-jupiter\5.10.0\mockito-junit-jupiter-5.10.0.jar;C:\Users\dhiebert\.m2\repository\org\mockito\mockito-core\5.10.0\mockito-core-5.10.0.jar;C:\Users\dhiebert\.m2\repository\net\bytebuddy\byte-buddy-agent\1.14.11\byte-buddy-agent-1.14.11.jar;C:\Users\dhiebert\.m2\repository\org\objenesis\objenesis\3.3\objenesis-3.3.jar;C:\Users\dhiebert\.m2\repository\org\hibernate\orm\hibernate-hikaricp\6.5.0.Final\hibernate-hikaricp-6.5.0.Final.jar;C:\Users\dhiebert\.m2\repository\ch\qos\logback\logback-classic\1.2.11\logback-classic-1.2.11.jar;C:\Users\dhiebert\.m2\repository\ch\qos\logback\logback-core\1.2.11\logback-core-1.2.11.jar;C:\Users\dhiebert\.m2\repository\org\testfx\testfx-core\4.0.18\testfx-core-4.0.18.jar;C:\Users\dhiebert\.m2\repository\org\hamcrest\hamcrest\2.1\hamcrest-2.1.jar;C:\Users\dhiebert\.m2\repository\org\assertj\assertj-core\3.13.2\assertj-core-3.13.2.jar;C:\Users\dhiebert\.m2\repository\org\osgi\org.osgi.core\6.0.0\org.osgi.core-6.0.0.jar;C:\Users\dhiebert\.m2\repository\org\testfx\testfx-junit5\4.0.18\testfx-junit5-4.0.18.jar;C:\Users\dhiebert\.m2\repository\org\openjfx\javafx-web\17.0.2\javafx-web-17.0.2.jar;C:\Users\dhiebert\.m2\repository\org\openjfx\javafx-web\17.0.2\javafx-web-17.0.2-win.jar;C:\Users\dhiebert\.m2\repository\org\openjfx\javafx-media\17.0.2\javafx-media-17.0.2.jar;C:\Users\dhiebert\.m2\repository\org\openjfx\javafx-media\17.0.2\javafx-media-17.0.2-win.jar;C:\Users\dhiebert\.m2\repository\org\apache\pdfbox\pdfbox\2.0.27\pdfbox-2.0.27.jar;C:\Users\dhiebert\.m2\repository\org\apache\pdfbox\fontbox\2.0.27\fontbox-2.0.27.jar;C:\Users\dhiebert\.m2\repository\commons-logging\commons-logging\1.2\commons-logging-1.2.jar;C:\Users\dhiebert\.m2\repository\com\fasterxml\jackson\core\jackson-databind\2.15.0\jackson-databind-2.15.0.jar;C:\Users\dhiebert\.m2\repository\com\fasterxml\jackson\core\jackson-annotations\2.15.0\jackson-annotations-2.15.0.jar;C:\Users\dhiebert\.m2\repository\com\fasterxml\jackson\core\jackson-core\2.15.0\jackson-core-2.15.0.jar;C:\Users\dhiebert\.m2\repository\org\apache\xmlgraphics\batik-all\1.16\batik-all-1.16.jar;C:\Users\dhiebert\.m2\repository\xml-apis\xml-apis\1.4.01\xml-apis-1.4.01.jar;C:\Users\dhiebert\.m2\repository\xml-apis\xml-apis-ext\1.3.04\xml-apis-ext-1.3.04.jar;C:\Users\dhiebert\.m2\repository\org\apache\xmlgraphics\xmlgraphics-commons\2.7\xmlgraphics-commons-2.7.jar;C:\Users\dhiebert\.m2\repository\commons-io\commons-io\1.3.1\commons-io-1.3.1.jar;C:\Users\dhiebert\.m2\repository\org\jgrapht\jgrapht-core\1.5.2\jgrapht-core-1.5.2.jar;C:\Users\dhiebert\.m2\repository\org\jheaps\jheaps\0.14\jheaps-0.14.jar;C:\Users\dhiebert\.m2\repository\org\apfloat\apfloat\1.10.1\apfloat-1.10.1.jar;, java.vm.vendor=Eclipse Adoptium, sun.arch.data.model=64, hibernate.order_inserts=true, user.variant=, java.vendor.url=https://adoptium.net/, user.timezone=America/Chicago, javax.persistence.jdbc.user=****, javax.persistence.jdbc.url=jdbc:h2:file:C:\Users\dhiebert\.frcpm\frcpm, java.vm.specification.version=21, os.name=Windows 11, hibernate.generate_statistics=false, hibernate.hikari.connectionTimeout=10000, hibernate.order_updates=true, hibernate.jdbc.batch_versioned_data=true, jakarta.persistence.jdbc.password=****, hibernate.jdbc.batch_size=30, sun.java.launcher=SUN_STANDARD, user.country=US, local.setting.IS_JTA_TXN_COORD=false, sun.boot.library.path=C:\Program Files\Eclipse Adoptium\jdk-21.0.6.7-hotspot\bin, sun.java.command=C:\Users\dhiebert\AppData\Local\Temp\surefire9513985487531586668\surefirebooter-20250425102356946_3.jar C:\Users\dhiebert\AppData\Local\Temp\surefire9513985487531586668 2025-04-25T10-23-56_800-jvmRun1 surefire-20250425102356946_1tmp surefire_0-20250425102356946_2tmp, hibernate.use_sql_comments=false, hibernate.connection.provider_class=org.hibernate.hikaricp.internal.HikariCPConnectionProvider, jdk.debug=release, surefire.test.class.path=C:\Users\dhiebert\Local Repositories\Project Management 2.0\target\test-classes;C:\Users\dhiebert\Local Repositories\Project Management 2.0\target\classes;C:\Users\dhiebert\.m2\repository\org\openjfx\javafx-controls\21.0.2\javafx-controls-21.0.2.jar;C:\Users\dhiebert\.m2\repository\org\openjfx\javafx-controls\21.0.2\javafx-controls-21.0.2-win.jar;C:\Users\dhiebert\.m2\repository\org\openjfx\javafx-fxml\21.0.2\javafx-fxml-21.0.2.jar;C:\Users\dhiebert\.m2\repository\org\openjfx\javafx-fxml\21.0.2\javafx-fxml-21.0.2-win.jar;C:\Users\dhiebert\.m2\repository\org\openjfx\javafx-graphics\21.0.2\javafx-graphics-21.0.2.jar;C:\Users\dhiebert\.m2\repository\org\openjfx\javafx-graphics\21.0.2\javafx-graphics-21.0.2-win.jar;C:\Users\dhiebert\.m2\repository\org\openjfx\javafx-base\21.0.2\javafx-base-21.0.2.jar;C:\Users\dhiebert\.m2\repository\org\openjfx\javafx-base\21.0.2\javafx-base-21.0.2-win.jar;C:\Users\dhiebert\.m2\repository\com\h2database\h2\2.2.224\h2-2.2.224.jar;C:\Users\dhiebert\.m2\repository\com\zaxxer\HikariCP\5.1.0\HikariCP-5.1.0.jar;C:\Users\dhiebert\.m2\repository\org\slf4j\slf4j-api\1.7.36\slf4j-api-1.7.36.jar;C:\Users\dhiebert\.m2\repository\org\hibernate\orm\hibernate-core\6.5.0.Final\hibernate-core-6.5.0.Final.jar;C:\Users\dhiebert\.m2\repository\jakarta\persistence\jakarta.persistence-api\3.1.0\jakarta.persistence-api-3.1.0.jar;C:\Users\dhiebert\.m2\repository\jakarta\transaction\jakarta.transaction-api\2.0.1\jakarta.transaction-api-2.0.1.jar;C:\Users\dhiebert\.m2\repository\org\jboss\logging\jboss-logging\3.5.0.Final\jboss-logging-3.5.0.Final.jar;C:\Users\dhiebert\.m2\repository\org\hibernate\common\hibernate-commons-annotations\6.0.6.Final\hibernate-commons-annotations-6.0.6.Final.jar;C:\Users\dhiebert\.m2\repository\io\smallrye\jandex\3.1.2\jandex-3.1.2.jar;C:\Users\dhiebert\.m2\repository\com\fasterxml\classmate\1.5.1\classmate-1.5.1.jar;C:\Users\dhiebert\.m2\repository\net\bytebuddy\byte-buddy\1.14.12\byte-buddy-1.14.12.jar;C:\Users\dhiebert\.m2\repository\jakarta\xml\bind\jakarta.xml.bind-api\4.0.0\jakarta.xml.bind-api-4.0.0.jar;C:\Users\dhiebert\.m2\repository\jakarta\activation\jakarta.activation-api\2.1.0\jakarta.activation-api-2.1.0.jar;C:\Users\dhiebert\.m2\repository\org\glassfish\jaxb\jaxb-runtime\4.0.2\jaxb-runtime-4.0.2.jar;C:\Users\dhiebert\.m2\repository\org\glassfish\jaxb\jaxb-core\4.0.2\jaxb-core-4.0.2.jar;C:\Users\dhiebert\.m2\repository\org\eclipse\angus\angus-activation\2.0.0\angus-activation-2.0.0.jar;C:\Users\dhiebert\.m2\repository\org\glassfish\jaxb\txw2\4.0.2\txw2-4.0.2.jar;C:\Users\dhiebert\.m2\repository\com\sun\istack\istack-commons-runtime\4.1.1\istack-commons-runtime-4.1.1.jar;C:\Users\dhiebert\.m2\repository\jakarta\inject\jakarta.inject-api\2.0.1\jakarta.inject-api-2.0.1.jar;C:\Users\dhiebert\.m2\repository\org\antlr\antlr4-runtime\4.13.0\antlr4-runtime-4.13.0.jar;C:\Users\dhiebert\.m2\repository\org\hibernate\validator\hibernate-validator\8.0.1.Final\hibernate-validator-8.0.1.Final.jar;C:\Users\dhiebert\.m2\repository\jakarta\validation\jakarta.validation-api\3.0.2\jakarta.validation-api-3.0.2.jar;C:\Users\dhiebert\.m2\repository\org\junit\jupiter\junit-jupiter-api\5.10.2\junit-jupiter-api-5.10.2.jar;C:\Users\dhiebert\.m2\repository\org\opentest4j\opentest4j\1.3.0\opentest4j-1.3.0.jar;C:\Users\dhiebert\.m2\repository\org\junit\platform\junit-platform-commons\1.10.2\junit-platform-commons-1.10.2.jar;C:\Users\dhiebert\.m2\repository\org\apiguardian\apiguardian-api\1.1.2\apiguardian-api-1.1.2.jar;C:\Users\dhiebert\.m2\repository\org\junit\jupiter\junit-jupiter-engine\5.10.2\junit-jupiter-engine-5.10.2.jar;C:\Users\dhiebert\.m2\repository\org\junit\platform\junit-platform-engine\1.10.2\junit-platform-engine-1.10.2.jar;C:\Users\dhiebert\.m2\repository\org\mockito\mockito-junit-jupiter\5.10.0\mockito-junit-jupiter-5.10.0.jar;C:\Users\dhiebert\.m2\repository\org\mockito\mockito-core\5.10.0\mockito-core-5.10.0.jar;C:\Users\dhiebert\.m2\repository\net\bytebuddy\byte-buddy-agent\1.14.11\byte-buddy-agent-1.14.11.jar;C:\Users\dhiebert\.m2\repository\org\objenesis\objenesis\3.3\objenesis-3.3.jar;C:\Users\dhiebert\.m2\repository\org\hibernate\orm\hibernate-hikaricp\6.5.0.Final\hibernate-hikaricp-6.5.0.Final.jar;C:\Users\dhiebert\.m2\repository\ch\qos\logback\logback-classic\1.2.11\logback-classic-1.2.11.jar;C:\Users\dhiebert\.m2\repository\ch\qos\logback\logback-core\1.2.11\logback-core-1.2.11.jar;C:\Users\dhiebert\.m2\repository\org\testfx\testfx-core\4.0.18\testfx-core-4.0.18.jar;C:\Users\dhiebert\.m2\repository\org\hamcrest\hamcrest\2.1\hamcrest-2.1.jar;C:\Users\dhiebert\.m2\repository\org\assertj\assertj-core\3.13.2\assertj-core-3.13.2.jar;C:\Users\dhiebert\.m2\repository\org\osgi\org.osgi.core\6.0.0\org.osgi.core-6.0.0.jar;C:\Users\dhiebert\.m2\repository\org\testfx\testfx-junit5\4.0.18\testfx-junit5-4.0.18.jar;C:\Users\dhiebert\.m2\repository\org\openjfx\javafx-web\17.0.2\javafx-web-17.0.2.jar;C:\Users\dhiebert\.m2\repository\org\openjfx\javafx-web\17.0.2\javafx-web-17.0.2-win.jar;C:\Users\dhiebert\.m2\repository\org\openjfx\javafx-media\17.0.2\javafx-media-17.0.2.jar;C:\Users\dhiebert\.m2\repository\org\openjfx\javafx-media\17.0.2\javafx-media-17.0.2-win.jar;C:\Users\dhiebert\.m2\repository\org\apache\pdfbox\pdfbox\2.0.27\pdfbox-2.0.27.jar;C:\Users\dhiebert\.m2\repository\org\apache\pdfbox\fontbox\2.0.27\fontbox-2.0.27.jar;C:\Users\dhiebert\.m2\repository\commons-logging\commons-logging\1.2\commons-logging-1.2.jar;C:\Users\dhiebert\.m2\repository\com\fasterxml\jackson\core\jackson-databind\2.15.0\jackson-databind-2.15.0.jar;C:\Users\dhiebert\.m2\repository\com\fasterxml\jackson\core\jackson-annotations\2.15.0\jackson-annotations-2.15.0.jar;C:\Users\dhiebert\.m2\repository\com\fasterxml\jackson\core\jackson-core\2.15.0\jackson-core-2.15.0.jar;C:\Users\dhiebert\.m2\repository\org\apache\xmlgraphics\batik-all\1.16\batik-all-1.16.jar;C:\Users\dhiebert\.m2\repository\xml-apis\xml-apis\1.4.01\xml-apis-1.4.01.jar;C:\Users\dhiebert\.m2\repository\xml-apis\xml-apis-ext\1.3.04\xml-apis-ext-1.3.04.jar;C:\Users\dhiebert\.m2\repository\org\apache\xmlgraphics\xmlgraphics-commons\2.7\xmlgraphics-commons-2.7.jar;C:\Users\dhiebert\.m2\repository\commons-io\commons-io\1.3.1\commons-io-1.3.1.jar;C:\Users\dhiebert\.m2\repository\org\jgrapht\jgrapht-core\1.5.2\jgrapht-core-1.5.2.jar;C:\Users\dhiebert\.m2\repository\org\jheaps\jheaps\0.14\jheaps-0.14.jar;C:\Users\dhiebert\.m2\repository\org\apfloat\apfloat\1.10.1\apfloat-1.10.1.jar;, jakarta.persistence.jdbc.driver=org.h2.Driver, sun.cpu.endian=little, user.home=C:\Users\dhiebert, user.language=en, java.specification.vendor=Oracle Corporation, java.version.date=2025-01-21, java.home=C:\Program Files\Eclipse Adoptium\jdk-21.0.6.7-hotspot, file.separator=\, basedir=C:\Users\dhiebert\Local Repositories\Project Management 2.0, java.vm.compressedOopsMode=Zero based, jakarta.persistence.jdbc.user=****, line.separator=
, hibernate.persistenceUnitName=frcpm, java.vm.specification.vendor=Oracle Corporation, java.specification.name=Java Platform API Specification, hibernate.transaction.coordinator_class=class org.hibernate.resource.transaction.backend.jdbc.internal.JdbcResourceLocalTransactionCoordinatorBuilderImpl, javax.persistence.jdbc.driver=org.h2.Driver, hibernate.hikari.maximumPoolSize=10, surefire.real.class.path=C:\Users\dhiebert\AppData\Local\Temp\surefire9513985487531586668\surefirebooter-20250425102356946_3.jar, hibernate.hbm2ddl.auto=update, user.script=, sun.management.compiler=HotSpot 64-Bit Tiered Compilers, java.runtime.version=21.0.6+7-LTS, user.name=dhiebert, hibernate.cache.use_query_cache=false, stdout.encoding=Cp1252, path.separator=;, hibernate.connection.username=****, os.version=10.0, java.runtime.name=OpenJDK Runtime Environment, hibernate.connection.url=jdbc:h2:file:C:\Users\dhiebert\.frcpm\frcpm, file.encoding=UTF-8, hibernate.hikari.minimumIdle=2, hibernate.hikari.idleTimeout=30000, java.vm.name=OpenJDK 64-Bit Server VM, hibernate.show_sql=false, java.vendor.version=Temurin-21.0.6+7, hibernate.hikari.poolName=FRC-PM-HikariCP, hibernate.current_session_context_class=thread, localRepository=C:\Users\dhiebert\.m2\repository, hibernate.connection.driver_class=org.h2.Driver, java.vendor.url.bug=https://github.com/adoptium/adoptium-support/issues, java.io.tmpdir=C:\Users\dhiebert\AppData\Local\Temp\, java.version=21.0.6, user.dir=C:\Users\dhiebert\Local Repositories\Project Management 2.0, os.arch=amd64, java.vm.specification.name=Java Virtual Machine Specification, hibernate.connection.password=****, sun.os.patch.level=, jakarta.persistence.jdbc.url=jdbc:h2:file:C:\Users\dhiebert\.frcpm\frcpm, hibernate.boot.CfgXmlAccessService.key=org.hibernate.boot.registry.StandardServiceRegistryBuilder$1@579ded18, native.encoding=Cp1252, hibernate.cache.use_second_level_cache=false, java.library.path=C:\Program Files\Eclipse Adoptium\jdk-21.0.6.7-hotspot\bin;C:\WINDOWS\Sun\Java\bin;C:\WINDOWS\system32;C:\WINDOWS;C:\Program Files\apache-maven-3.9.9\bin;C:\Program Files\Eclipse Adoptium\jdk-21.0.6.7-hotspot\bin;C:\Program Files\National Instruments\Shared\OpenVINO\;C:\Program Files\Common Files\Oracle\Java\javapath;C:\WINDOWS\system32;C:\WINDOWS;C:\WINDOWS\System32\Wbem;C:\WINDOWS\System32\WindowsPowerShell\v1.0\;C:\WINDOWS\System32\OpenSSH\;C:\Program Files\dotnet\;C:\Program Files (x86)\Windows Live\Shared;C:\Program Files\Git\cmd;C:\Program Files\Common Files\Autodesk Shared\;C:\Program Files\Microsoft SQL Server\150\Tools\Binn\;C:\Program Files\nodejs\;C:\Program Files\Eclipse Adoptium\jdk-21.0.6.7-hotspot\bin;C:\Program Files\apache-maven-3.9.9\bin;%MAVEN_HOME%\bin;C:\Users\dhiebert\AppData\Local\Microsoft\WindowsApps;C:\Users\dhiebert\AppData\Local\GitHubDesktop\bin;C:\Users\dhiebert\AppData\Roaming\npm;C:\Users\dhiebert\AppData\Local\Packages\PythonSoftwareFoundation.Python.3.11_qbz5n2kfra8p0\LocalCache\local-packages\Python311\Scripts;C:\Users\dhiebert\AppData\Local\Packages\PythonSoftwareFoundation.Python.3.11_qbz5n2kfra8p0\LocalCache\local-packages\Python311\site-packages\maven;;c:\Users\Public\wpilib\2025\vscode\data\user-data\User\globalStorage\github.copilot-chat\debugCommand;c:\Users\Public\wpilib\2025\vscode\data\extensions\ms-python.debugpy-2025.4.1-win32-x64\bundled\scripts\noConfigScripts;., stderr.encoding=Cp1252, java.vendor=Eclipse Adoptium, java.vm.info=mixed mode, sharing, java.vm.version=21.0.6+7-LTS, sun.io.unicode.encoding=UnicodeLittle, javax.persistence.jdbc.password=****, java.class.version=65.0}
10:24:16.905 [main] DEBUG org.hibernate.internal.SessionFactoryImpl - Session factory constructed with filter configurations : {}
10:24:16.905 [main] DEBUG org.hibernate.validator.internal.xml.config.ValidationXmlParser - Trying to load META-INF/validation.xml for XML based Validator configuration.
10:24:16.905 [main] DEBUG org.hibernate.validator.internal.xml.config.ResourceLoaderHelper - Trying to load META-INF/validation.xml via TCCL
10:24:16.906 [main] DEBUG org.hibernate.validator.internal.xml.config.ResourceLoaderHelper - Trying to load META-INF/validation.xml via Hibernate Validator's class loader
10:24:16.906 [main] DEBUG org.hibernate.validator.internal.xml.config.ValidationXmlParser - No META-INF/validation.xml found. Using annotation based configuration only.
10:24:16.906 [main] DEBUG org.hibernate.validator.internal.engine.resolver.TraversableResolvers - Found jakarta.persistence.Persistence on classpath containing 'getPersistenceUtil'. Assuming JPA 2 environment. Trying to instantiate JPA aware TraversableResolver
10:24:16.906 [main] DEBUG org.hibernate.validator.internal.engine.resolver.TraversableResolvers - Instantiated JPA aware TraversableResolver of type org.hibernate.validator.internal.engine.resolver.JPATraversableResolver.
10:24:16.906 [main] DEBUG org.hibernate.validator.messageinterpolation.ResourceBundleMessageInterpolator - Failed to load expression factory via classloader jdk.internal.loader.ClassLoaders$AppClassLoader@70dea4e
java.lang.NoClassDefFoundError: jakarta/el/ExpressionFactory
	at org.hibernate.validator.messageinterpolation.ResourceBundleMessageInterpolator.canLoadExpressionFactory(ResourceBundleMessageInterpolator.java:228)
	at org.hibernate.validator.messageinterpolation.ResourceBundleMessageInterpolator.buildExpressionFactory(ResourceBundleMessageInterpolator.java:173)
	at org.hibernate.validator.messageinterpolation.ResourceBundleMessageInterpolator.<init>(ResourceBundleMessageInterpolator.java:97)
	at org.hibernate.validator.internal.engine.AbstractConfigurationImpl.getDefaultMessageInterpolator(AbstractConfigurationImpl.java:575)
	at org.hibernate.validator.internal.engine.AbstractConfigurationImpl.getDefaultMessageInterpolatorConfiguredWithClassLoader(AbstractConfigurationImpl.java:834)
	at org.hibernate.validator.internal.engine.AbstractConfigurationImpl.getMessageInterpolator(AbstractConfigurationImpl.java:485)
	at org.hibernate.validator.internal.engine.ValidatorFactoryImpl.<init>(ValidatorFactoryImpl.java:157)
	at org.hibernate.validator.HibernateValidator.buildValidatorFactory(HibernateValidator.java:38)
	at org.hibernate.validator.internal.engine.AbstractConfigurationImpl.buildValidatorFactory(AbstractConfigurationImpl.java:453)
	at jakarta.validation.Validation.buildDefaultValidatorFactory(Validation.java:103)
	at org.hibernate.boot.beanvalidation.TypeSafeActivator.getValidatorFactory(TypeSafeActivator.java:482)
	at org.hibernate.boot.beanvalidation.TypeSafeActivator.activate(TypeSafeActivator.java:79)
	at java.base/jdk.internal.reflect.DirectMethodHandleAccessor.invoke(DirectMethodHandleAccessor.java:103)
	at java.base/java.lang.reflect.Method.invoke(Method.java:580)
	at org.hibernate.boot.beanvalidation.BeanValidationIntegrator.integrate(BeanValidationIntegrator.java:139)
	at org.hibernate.internal.SessionFactoryImpl.integrate(SessionFactoryImpl.java:517)
	at org.hibernate.internal.SessionFactoryImpl.<init>(SessionFactoryImpl.java:276)
	at org.hibernate.boot.internal.SessionFactoryBuilderImpl.build(SessionFactoryBuilderImpl.java:457)
	at org.hibernate.jpa.boot.internal.EntityManagerFactoryBuilderImpl.build(EntityManagerFactoryBuilderImpl.java:1506)
	at org.hibernate.jpa.HibernatePersistenceProvider.createEntityManagerFactory(HibernatePersistenceProvider.java:55)
	at jakarta.persistence.Persistence.createEntityManagerFactory(Persistence.java:80)
	at org.frcpm.config.DatabaseConfig.initialize(DatabaseConfig.java:114)
	at org.frcpm.config.DatabaseConfig.initialize(DatabaseConfig.java:28)
	at org.frcpm.repositories.AttendanceRepositoryTest.setUp(AttendanceRepositoryTest.java:40)
	at java.base/jdk.internal.reflect.DirectMethodHandleAccessor.invoke(DirectMethodHandleAccessor.java:103)
	at java.base/java.lang.reflect.Method.invoke(Method.java:580)
	at org.junit.platform.commons.util.ReflectionUtils.invokeMethod(ReflectionUtils.java:728)
	at org.junit.jupiter.engine.execution.MethodInvocation.proceed(MethodInvocation.java:60)
	at org.junit.jupiter.engine.execution.InvocationInterceptorChain$ValidatingInvocation.proceed(InvocationInterceptorChain.java:131)
	at org.junit.jupiter.engine.extension.TimeoutExtension.intercept(TimeoutExtension.java:156)
	at org.junit.jupiter.engine.extension.TimeoutExtension.interceptLifecycleMethod(TimeoutExtension.java:128)
	at org.junit.jupiter.engine.extension.TimeoutExtension.interceptBeforeEachMethod(TimeoutExtension.java:78)
	at org.junit.jupiter.engine.execution.InterceptingExecutableInvoker$ReflectiveInterceptorCall.lambda$ofVoidMethod$0(InterceptingExecutableInvoker.java:103)
	at org.junit.jupiter.engine.execution.InterceptingExecutableInvoker.lambda$invoke$0(InterceptingExecutableInvoker.java:93)
	at org.junit.jupiter.engine.execution.InvocationInterceptorChain$InterceptedInvocation.proceed(InvocationInterceptorChain.java:106)
	at org.junit.jupiter.engine.execution.InvocationInterceptorChain.proceed(InvocationInterceptorChain.java:64)
	at org.junit.jupiter.engine.execution.InvocationInterceptorChain.chainAndInvoke(InvocationInterceptorChain.java:45)
	at org.junit.jupiter.engine.execution.InvocationInterceptorChain.invoke(InvocationInterceptorChain.java:37)
	at org.junit.jupiter.engine.execution.InterceptingExecutableInvoker.invoke(InterceptingExecutableInvoker.java:92)
	at org.junit.jupiter.engine.execution.InterceptingExecutableInvoker.invoke(InterceptingExecutableInvoker.java:86)
	at org.junit.jupiter.engine.descriptor.ClassBasedTestDescriptor.invokeMethodInExtensionContext(ClassBasedTestDescriptor.java:521)
	at org.junit.jupiter.engine.descriptor.ClassBasedTestDescriptor.lambda$synthesizeBeforeEachMethodAdapter$23(ClassBasedTestDescriptor.java:506)
	at org.junit.jupiter.engine.descriptor.TestMethodTestDescriptor.lambda$invokeBeforeEachMethods$3(TestMethodTestDescriptor.java:175)
	at org.junit.jupiter.engine.descriptor.TestMethodTestDescriptor.lambda$invokeBeforeMethodsOrCallbacksUntilExceptionOccurs$6(TestMethodTestDescriptor.java:203)
	at org.junit.platform.engine.support.hierarchical.ThrowableCollector.execute(ThrowableCollector.java:73)
	at org.junit.jupiter.engine.descriptor.TestMethodTestDescriptor.invokeBeforeMethodsOrCallbacksUntilExceptionOccurs(TestMethodTestDescriptor.java:203)
	at org.junit.jupiter.engine.descriptor.TestMethodTestDescriptor.invokeBeforeEachMethods(TestMethodTestDescriptor.java:172)
	at org.junit.jupiter.engine.descriptor.TestMethodTestDescriptor.execute(TestMethodTestDescriptor.java:135)
	at org.junit.jupiter.engine.descriptor.TestMethodTestDescriptor.execute(TestMethodTestDescriptor.java:69)
	at org.junit.platform.engine.support.hierarchical.NodeTestTask.lambda$executeRecursively$6(NodeTestTask.java:151)
	at org.junit.platform.engine.support.hierarchical.ThrowableCollector.execute(ThrowableCollector.java:73)
	at org.junit.platform.engine.support.hierarchical.NodeTestTask.lambda$executeRecursively$8(NodeTestTask.java:141)
	at org.junit.platform.engine.support.hierarchical.Node.around(Node.java:137)
	at org.junit.platform.engine.support.hierarchical.NodeTestTask.lambda$executeRecursively$9(NodeTestTask.java:139)
	at org.junit.platform.engine.support.hierarchical.ThrowableCollector.execute(ThrowableCollector.java:73)
	at org.junit.platform.engine.support.hierarchical.NodeTestTask.executeRecursively(NodeTestTask.java:138)
	at org.junit.platform.engine.support.hierarchical.NodeTestTask.execute(NodeTestTask.java:95)
	at java.base/java.util.ArrayList.forEach(ArrayList.java:1596)
	at org.junit.platform.engine.support.hierarchical.SameThreadHierarchicalTestExecutorService.invokeAll(SameThreadHierarchicalTestExecutorService.java:41)
	at org.junit.platform.engine.support.hierarchical.NodeTestTask.lambda$executeRecursively$6(NodeTestTask.java:155)
	at org.junit.platform.engine.support.hierarchical.ThrowableCollector.execute(ThrowableCollector.java:73)
	at org.junit.platform.engine.support.hierarchical.NodeTestTask.lambda$executeRecursively$8(NodeTestTask.java:141)
	at org.junit.platform.engine.support.hierarchical.Node.around(Node.java:137)
	at org.junit.platform.engine.support.hierarchical.NodeTestTask.lambda$executeRecursively$9(NodeTestTask.java:139)
	at org.junit.platform.engine.support.hierarchical.ThrowableCollector.execute(ThrowableCollector.java:73)
	at org.junit.platform.engine.support.hierarchical.NodeTestTask.executeRecursively(NodeTestTask.java:138)
	at org.junit.platform.engine.support.hierarchical.NodeTestTask.execute(NodeTestTask.java:95)
	at java.base/java.util.ArrayList.forEach(ArrayList.java:1596)
	at org.junit.platform.engine.support.hierarchical.SameThreadHierarchicalTestExecutorService.invokeAll(SameThreadHierarchicalTestExecutorService.java:41)
	at org.junit.platform.engine.support.hierarchical.NodeTestTask.lambda$executeRecursively$6(NodeTestTask.java:155)
	at org.junit.platform.engine.support.hierarchical.ThrowableCollector.execute(ThrowableCollector.java:73)
	at org.junit.platform.engine.support.hierarchical.NodeTestTask.lambda$executeRecursively$8(NodeTestTask.java:141)
	at org.junit.platform.engine.support.hierarchical.Node.around(Node.java:137)
	at org.junit.platform.engine.support.hierarchical.NodeTestTask.lambda$executeRecursively$9(NodeTestTask.java:139)
	at org.junit.platform.engine.support.hierarchical.ThrowableCollector.execute(ThrowableCollector.java:73)
	at org.junit.platform.engine.support.hierarchical.NodeTestTask.executeRecursively(NodeTestTask.java:138)
	at org.junit.platform.engine.support.hierarchical.NodeTestTask.execute(NodeTestTask.java:95)
	at org.junit.platform.engine.support.hierarchical.SameThreadHierarchicalTestExecutorService.submit(SameThreadHierarchicalTestExecutorService.java:35)
	at org.junit.platform.engine.support.hierarchical.HierarchicalTestExecutor.execute(HierarchicalTestExecutor.java:57)
	at org.junit.platform.engine.support.hierarchical.HierarchicalTestEngine.execute(HierarchicalTestEngine.java:54)
	at org.junit.platform.launcher.core.EngineExecutionOrchestrator.execute(EngineExecutionOrchestrator.java:198)
	at org.junit.platform.launcher.core.EngineExecutionOrchestrator.execute(EngineExecutionOrchestrator.java:169)
	at org.junit.platform.launcher.core.EngineExecutionOrchestrator.execute(EngineExecutionOrchestrator.java:93)
	at org.junit.platform.launcher.core.EngineExecutionOrchestrator.lambda$execute$0(EngineExecutionOrchestrator.java:58)
	at org.junit.platform.launcher.core.EngineExecutionOrchestrator.withInterceptedStreams(EngineExecutionOrchestrator.java:141)
	at org.junit.platform.launcher.core.EngineExecutionOrchestrator.execute(EngineExecutionOrchestrator.java:57)
	at org.junit.platform.launcher.core.DefaultLauncher.execute(DefaultLauncher.java:103)
	at org.junit.platform.launcher.core.DefaultLauncher.execute(DefaultLauncher.java:85)
	at org.junit.platform.launcher.core.DelegatingLauncher.execute(DelegatingLauncher.java:47)
	at org.apache.maven.surefire.junitplatform.LazyLauncher.execute(LazyLauncher.java:56)
	at org.apache.maven.surefire.junitplatform.JUnitPlatformProvider.execute(JUnitPlatformProvider.java:184)
	at org.apache.maven.surefire.junitplatform.JUnitPlatformProvider.invokeAllTests(JUnitPlatformProvider.java:148)
	at org.apache.maven.surefire.junitplatform.JUnitPlatformProvider.invoke(JUnitPlatformProvider.java:122)
	at org.apache.maven.surefire.booter.ForkedBooter.runSuitesInProcess(ForkedBooter.java:385)
	at org.apache.maven.surefire.booter.ForkedBooter.execute(ForkedBooter.java:162)
	at org.apache.maven.surefire.booter.ForkedBooter.run(ForkedBooter.java:507)
	at org.apache.maven.surefire.booter.ForkedBooter.main(ForkedBooter.java:495)
Caused by: java.lang.ClassNotFoundException: jakarta.el.ExpressionFactory
	... 97 common frames omitted
10:24:16.906 [main] DEBUG org.hibernate.validator.messageinterpolation.ResourceBundleMessageInterpolator - Failed to load expression factory via classloader jdk.internal.loader.ClassLoaders$AppClassLoader@70dea4e
java.lang.NoClassDefFoundError: jakarta/el/ExpressionFactory
	at org.hibernate.validator.messageinterpolation.ResourceBundleMessageInterpolator.canLoadExpressionFactory(ResourceBundleMessageInterpolator.java:228)
	at org.hibernate.validator.messageinterpolation.ResourceBundleMessageInterpolator.buildExpressionFactory(ResourceBundleMessageInterpolator.java:186)
	at org.hibernate.validator.messageinterpolation.ResourceBundleMessageInterpolator.<init>(ResourceBundleMessageInterpolator.java:97)
	at org.hibernate.validator.internal.engine.AbstractConfigurationImpl.getDefaultMessageInterpolator(AbstractConfigurationImpl.java:575)
	at org.hibernate.validator.internal.engine.AbstractConfigurationImpl.getDefaultMessageInterpolatorConfiguredWithClassLoader(AbstractConfigurationImpl.java:834)
	at org.hibernate.validator.internal.engine.AbstractConfigurationImpl.getMessageInterpolator(AbstractConfigurationImpl.java:485)
	at org.hibernate.validator.internal.engine.ValidatorFactoryImpl.<init>(ValidatorFactoryImpl.java:157)
	at org.hibernate.validator.HibernateValidator.buildValidatorFactory(HibernateValidator.java:38)
	at org.hibernate.validator.internal.engine.AbstractConfigurationImpl.buildValidatorFactory(AbstractConfigurationImpl.java:453)
	at jakarta.validation.Validation.buildDefaultValidatorFactory(Validation.java:103)
	at org.hibernate.boot.beanvalidation.TypeSafeActivator.getValidatorFactory(TypeSafeActivator.java:482)
	at org.hibernate.boot.beanvalidation.TypeSafeActivator.activate(TypeSafeActivator.java:79)
	at java.base/jdk.internal.reflect.DirectMethodHandleAccessor.invoke(DirectMethodHandleAccessor.java:103)
	at java.base/java.lang.reflect.Method.invoke(Method.java:580)
	at org.hibernate.boot.beanvalidation.BeanValidationIntegrator.integrate(BeanValidationIntegrator.java:139)
	at org.hibernate.internal.SessionFactoryImpl.integrate(SessionFactoryImpl.java:517)
	at org.hibernate.internal.SessionFactoryImpl.<init>(SessionFactoryImpl.java:276)
	at org.hibernate.boot.internal.SessionFactoryBuilderImpl.build(SessionFactoryBuilderImpl.java:457)
	at org.hibernate.jpa.boot.internal.EntityManagerFactoryBuilderImpl.build(EntityManagerFactoryBuilderImpl.java:1506)
	at org.hibernate.jpa.HibernatePersistenceProvider.createEntityManagerFactory(HibernatePersistenceProvider.java:55)
	at jakarta.persistence.Persistence.createEntityManagerFactory(Persistence.java:80)
	at org.frcpm.config.DatabaseConfig.initialize(DatabaseConfig.java:114)
	at org.frcpm.config.DatabaseConfig.initialize(DatabaseConfig.java:28)
	at org.frcpm.repositories.AttendanceRepositoryTest.setUp(AttendanceRepositoryTest.java:40)
	at java.base/jdk.internal.reflect.DirectMethodHandleAccessor.invoke(DirectMethodHandleAccessor.java:103)
	at java.base/java.lang.reflect.Method.invoke(Method.java:580)
	at org.junit.platform.commons.util.ReflectionUtils.invokeMethod(ReflectionUtils.java:728)
	at org.junit.jupiter.engine.execution.MethodInvocation.proceed(MethodInvocation.java:60)
	at org.junit.jupiter.engine.execution.InvocationInterceptorChain$ValidatingInvocation.proceed(InvocationInterceptorChain.java:131)
	at org.junit.jupiter.engine.extension.TimeoutExtension.intercept(TimeoutExtension.java:156)
	at org.junit.jupiter.engine.extension.TimeoutExtension.interceptLifecycleMethod(TimeoutExtension.java:128)
	at org.junit.jupiter.engine.extension.TimeoutExtension.interceptBeforeEachMethod(TimeoutExtension.java:78)
	at org.junit.jupiter.engine.execution.InterceptingExecutableInvoker$ReflectiveInterceptorCall.lambda$ofVoidMethod$0(InterceptingExecutableInvoker.java:103)
	at org.junit.jupiter.engine.execution.InterceptingExecutableInvoker.lambda$invoke$0(InterceptingExecutableInvoker.java:93)
	at org.junit.jupiter.engine.execution.InvocationInterceptorChain$InterceptedInvocation.proceed(InvocationInterceptorChain.java:106)
	at org.junit.jupiter.engine.execution.InvocationInterceptorChain.proceed(InvocationInterceptorChain.java:64)
	at org.junit.jupiter.engine.execution.InvocationInterceptorChain.chainAndInvoke(InvocationInterceptorChain.java:45)
	at org.junit.jupiter.engine.execution.InvocationInterceptorChain.invoke(InvocationInterceptorChain.java:37)
	at org.junit.jupiter.engine.execution.InterceptingExecutableInvoker.invoke(InterceptingExecutableInvoker.java:92)
	at org.junit.jupiter.engine.execution.InterceptingExecutableInvoker.invoke(InterceptingExecutableInvoker.java:86)
	at org.junit.jupiter.engine.descriptor.ClassBasedTestDescriptor.invokeMethodInExtensionContext(ClassBasedTestDescriptor.java:521)
	at org.junit.jupiter.engine.descriptor.ClassBasedTestDescriptor.lambda$synthesizeBeforeEachMethodAdapter$23(ClassBasedTestDescriptor.java:506)
	at org.junit.jupiter.engine.descriptor.TestMethodTestDescriptor.lambda$invokeBeforeEachMethods$3(TestMethodTestDescriptor.java:175)
	at org.junit.jupiter.engine.descriptor.TestMethodTestDescriptor.lambda$invokeBeforeMethodsOrCallbacksUntilExceptionOccurs$6(TestMethodTestDescriptor.java:203)
	at org.junit.platform.engine.support.hierarchical.ThrowableCollector.execute(ThrowableCollector.java:73)
	at org.junit.jupiter.engine.descriptor.TestMethodTestDescriptor.invokeBeforeMethodsOrCallbacksUntilExceptionOccurs(TestMethodTestDescriptor.java:203)
	at org.junit.jupiter.engine.descriptor.TestMethodTestDescriptor.invokeBeforeEachMethods(TestMethodTestDescriptor.java:172)
	at org.junit.jupiter.engine.descriptor.TestMethodTestDescriptor.execute(TestMethodTestDescriptor.java:135)
	at org.junit.jupiter.engine.descriptor.TestMethodTestDescriptor.execute(TestMethodTestDescriptor.java:69)
	at org.junit.platform.engine.support.hierarchical.NodeTestTask.lambda$executeRecursively$6(NodeTestTask.java:151)
	at org.junit.platform.engine.support.hierarchical.ThrowableCollector.execute(ThrowableCollector.java:73)
	at org.junit.platform.engine.support.hierarchical.NodeTestTask.lambda$executeRecursively$8(NodeTestTask.java:141)
	at org.junit.platform.engine.support.hierarchical.Node.around(Node.java:137)
	at org.junit.platform.engine.support.hierarchical.NodeTestTask.lambda$executeRecursively$9(NodeTestTask.java:139)
	at org.junit.platform.engine.support.hierarchical.ThrowableCollector.execute(ThrowableCollector.java:73)
	at org.junit.platform.engine.support.hierarchical.NodeTestTask.executeRecursively(NodeTestTask.java:138)
	at org.junit.platform.engine.support.hierarchical.NodeTestTask.execute(NodeTestTask.java:95)
	at java.base/java.util.ArrayList.forEach(ArrayList.java:1596)
	at org.junit.platform.engine.support.hierarchical.SameThreadHierarchicalTestExecutorService.invokeAll(SameThreadHierarchicalTestExecutorService.java:41)
	at org.junit.platform.engine.support.hierarchical.NodeTestTask.lambda$executeRecursively$6(NodeTestTask.java:155)
	at org.junit.platform.engine.support.hierarchical.ThrowableCollector.execute(ThrowableCollector.java:73)
	at org.junit.platform.engine.support.hierarchical.NodeTestTask.lambda$executeRecursively$8(NodeTestTask.java:141)
	at org.junit.platform.engine.support.hierarchical.Node.around(Node.java:137)
	at org.junit.platform.engine.support.hierarchical.NodeTestTask.lambda$executeRecursively$9(NodeTestTask.java:139)
	at org.junit.platform.engine.support.hierarchical.ThrowableCollector.execute(ThrowableCollector.java:73)
	at org.junit.platform.engine.support.hierarchical.NodeTestTask.executeRecursively(NodeTestTask.java:138)
	at org.junit.platform.engine.support.hierarchical.NodeTestTask.execute(NodeTestTask.java:95)
	at java.base/java.util.ArrayList.forEach(ArrayList.java:1596)
	at org.junit.platform.engine.support.hierarchical.SameThreadHierarchicalTestExecutorService.invokeAll(SameThreadHierarchicalTestExecutorService.java:41)
	at org.junit.platform.engine.support.hierarchical.NodeTestTask.lambda$executeRecursively$6(NodeTestTask.java:155)
	at org.junit.platform.engine.support.hierarchical.ThrowableCollector.execute(ThrowableCollector.java:73)
	at org.junit.platform.engine.support.hierarchical.NodeTestTask.lambda$executeRecursively$8(NodeTestTask.java:141)
	at org.junit.platform.engine.support.hierarchical.Node.around(Node.java:137)
	at org.junit.platform.engine.support.hierarchical.NodeTestTask.lambda$executeRecursively$9(NodeTestTask.java:139)
	at org.junit.platform.engine.support.hierarchical.ThrowableCollector.execute(ThrowableCollector.java:73)
	at org.junit.platform.engine.support.hierarchical.NodeTestTask.executeRecursively(NodeTestTask.java:138)
	at org.junit.platform.engine.support.hierarchical.NodeTestTask.execute(NodeTestTask.java:95)
	at org.junit.platform.engine.support.hierarchical.SameThreadHierarchicalTestExecutorService.submit(SameThreadHierarchicalTestExecutorService.java:35)
	at org.junit.platform.engine.support.hierarchical.HierarchicalTestExecutor.execute(HierarchicalTestExecutor.java:57)
	at org.junit.platform.engine.support.hierarchical.HierarchicalTestEngine.execute(HierarchicalTestEngine.java:54)
	at org.junit.platform.launcher.core.EngineExecutionOrchestrator.execute(EngineExecutionOrchestrator.java:198)
	at org.junit.platform.launcher.core.EngineExecutionOrchestrator.execute(EngineExecutionOrchestrator.java:169)
	at org.junit.platform.launcher.core.EngineExecutionOrchestrator.execute(EngineExecutionOrchestrator.java:93)
	at org.junit.platform.launcher.core.EngineExecutionOrchestrator.lambda$execute$0(EngineExecutionOrchestrator.java:58)
	at org.junit.platform.launcher.core.EngineExecutionOrchestrator.withInterceptedStreams(EngineExecutionOrchestrator.java:141)
	at org.junit.platform.launcher.core.EngineExecutionOrchestrator.execute(EngineExecutionOrchestrator.java:57)
	at org.junit.platform.launcher.core.DefaultLauncher.execute(DefaultLauncher.java:103)
	at org.junit.platform.launcher.core.DefaultLauncher.execute(DefaultLauncher.java:85)
	at org.junit.platform.launcher.core.DelegatingLauncher.execute(DelegatingLauncher.java:47)
	at org.apache.maven.surefire.junitplatform.LazyLauncher.execute(LazyLauncher.java:56)
	at org.apache.maven.surefire.junitplatform.JUnitPlatformProvider.execute(JUnitPlatformProvider.java:184)
	at org.apache.maven.surefire.junitplatform.JUnitPlatformProvider.invokeAllTests(JUnitPlatformProvider.java:148)
	at org.apache.maven.surefire.junitplatform.JUnitPlatformProvider.invoke(JUnitPlatformProvider.java:122)
	at org.apache.maven.surefire.booter.ForkedBooter.runSuitesInProcess(ForkedBooter.java:385)
	at org.apache.maven.surefire.booter.ForkedBooter.execute(ForkedBooter.java:162)
	at org.apache.maven.surefire.booter.ForkedBooter.run(ForkedBooter.java:507)
	at org.apache.maven.surefire.booter.ForkedBooter.main(ForkedBooter.java:495)
Caused by: java.lang.ClassNotFoundException: jakarta.el.ExpressionFactory
	... 97 common frames omitted
10:24:16.907 [main] DEBUG org.hibernate.boot.beanvalidation.TypeSafeActivator - Unable to acquire Bean Validation ValidatorFactory, skipping activation
10:24:16.908 [main] DEBUG org.hibernate.query.sqm.function.SqmFunctionRegistry - Registered SqmFunctionTemplate [NamedSqmFunctionTemplate(max)] under max; prior registration was null
10:24:16.908 [main] DEBUG org.hibernate.query.sqm.function.SqmFunctionRegistry - Registered SqmFunctionTemplate [NamedSqmFunctionTemplate(min)] under min; prior registration was null
10:24:16.908 [main] DEBUG org.hibernate.query.sqm.function.SqmFunctionRegistry - Registered SqmFunctionTemplate [NamedSqmFunctionTemplate(sum)] under sum; prior registration was null
10:24:16.908 [main] DEBUG org.hibernate.query.sqm.function.SqmFunctionRegistry - Registered SqmFunctionTemplate [NamedSqmFunctionTemplate(avg)] under avg; prior registration was null
10:24:16.908 [main] DEBUG org.hibernate.query.sqm.function.SqmFunctionRegistry - Registered SqmFunctionTemplate [org.hibernate.dialect.function.CountFunction@6c0e1e67] under count; prior registration was null
10:24:16.908 [main] DEBUG org.hibernate.query.sqm.function.SqmFunctionRegistry - Registered SqmFunctionTemplate [org.hibernate.dialect.function.EveryAnyEmulation@4159c84f] under every; prior registration was null
10:24:16.908 [main] DEBUG org.hibernate.query.sqm.function.SqmFunctionRegistry - Registered SqmFunctionTemplate [org.hibernate.dialect.function.EveryAnyEmulation@7555aa87] under any; prior registration was null
10:24:16.908 [main] DEBUG org.hibernate.query.sqm.function.SqmFunctionRegistry - Registered SqmFunctionTemplate [NamedSqmFunctionTemplate(floor)] under floor; prior registration was null
10:24:16.908 [main] DEBUG org.hibernate.query.sqm.function.SqmFunctionRegistry - Registered SqmFunctionTemplate [NamedSqmFunctionTemplate(ceiling)] under ceiling; prior registration was null
10:24:16.908 [main] DEBUG org.hibernate.query.sqm.function.SqmFunctionRegistry - Registered SqmFunctionTemplate [NamedSqmFunctionTemplate(mod)] under mod; prior registration was null
10:24:16.908 [main] DEBUG org.hibernate.query.sqm.function.SqmFunctionRegistry - Registered SqmFunctionTemplate [NamedSqmFunctionTemplate(abs)] under abs; prior registration was null
10:24:16.908 [main] DEBUG org.hibernate.query.sqm.function.SqmFunctionRegistry - Registered SqmFunctionTemplate [NamedSqmFunctionTemplate(sign)] under sign; prior registration was null
10:24:16.908 [main] DEBUG org.hibernate.query.sqm.function.SqmFunctionRegistry - Registered SqmFunctionTemplate [NamedSqmFunctionTemplate(sqrt)] under sqrt; prior registration was null
10:24:16.908 [main] DEBUG org.hibernate.query.sqm.function.SqmFunctionRegistry - Registered SqmFunctionTemplate [NamedSqmFunctionTemplate(ln)] under ln; prior registration was null
10:24:16.908 [main] DEBUG org.hibernate.query.sqm.function.SqmFunctionRegistry - Registered SqmFunctionTemplate [NamedSqmFunctionTemplate(exp)] under exp; prior registration was null
10:24:16.908 [main] DEBUG org.hibernate.query.sqm.function.SqmFunctionRegistry - Registered SqmFunctionTemplate [NamedSqmFunctionTemplate(power)] under power; prior registration was null
10:24:16.908 [main] DEBUG org.hibernate.query.sqm.function.SqmFunctionRegistry - Registered SqmFunctionTemplate [NamedSqmFunctionTemplate(round)] under round; prior registration was null
10:24:16.908 [main] DEBUG org.hibernate.query.sqm.function.SqmFunctionRegistry - Registered SqmFunctionTemplate [NamedSqmFunctionTemplate(sin)] under sin; prior registration was null
10:24:16.908 [main] DEBUG org.hibernate.query.sqm.function.SqmFunctionRegistry - Registered SqmFunctionTemplate [NamedSqmFunctionTemplate(cos)] under cos; prior registration was null
10:24:16.908 [main] DEBUG org.hibernate.query.sqm.function.SqmFunctionRegistry - Registered SqmFunctionTemplate [NamedSqmFunctionTemplate(tan)] under tan; prior registration was null
10:24:16.908 [main] DEBUG org.hibernate.query.sqm.function.SqmFunctionRegistry - Registered SqmFunctionTemplate [NamedSqmFunctionTemplate(asin)] under asin; prior registration was null
10:24:16.908 [main] DEBUG org.hibernate.query.sqm.function.SqmFunctionRegistry - Registered SqmFunctionTemplate [NamedSqmFunctionTemplate(acos)] under acos; prior registration was null
10:24:16.908 [main] DEBUG org.hibernate.query.sqm.function.SqmFunctionRegistry - Registered SqmFunctionTemplate [NamedSqmFunctionTemplate(atan)] under atan; prior registration was null
10:24:16.908 [main] DEBUG org.hibernate.query.sqm.function.SqmFunctionRegistry - Registered SqmFunctionTemplate [NamedSqmFunctionTemplate(atan2)] under atan2; prior registration was null
10:24:16.908 [main] DEBUG org.hibernate.query.sqm.function.SqmFunctionRegistry - Registered SqmFunctionTemplate [org.hibernate.query.sqm.function.PatternBasedSqmFunctionDescriptor@67c39a57] under sinh; prior registration was null
10:24:16.908 [main] DEBUG org.hibernate.query.sqm.function.SqmFunctionRegistry - Registered SqmFunctionTemplate [org.hibernate.query.sqm.function.PatternBasedSqmFunctionDescriptor@7ba25dee] under cosh; prior registration was null
10:24:16.908 [main] DEBUG org.hibernate.query.sqm.function.SqmFunctionRegistry - Registered SqmFunctionTemplate [org.hibernate.query.sqm.function.PatternBasedSqmFunctionDescriptor@7436f965] under tanh; prior registration was null
10:24:16.908 [main] DEBUG org.hibernate.query.sqm.function.SqmFunctionRegistry - Registered SqmFunctionTemplate [org.hibernate.query.sqm.function.PatternBasedSqmFunctionDescriptor@2c6f74f6] under pi; prior registration was null
10:24:16.908 [main] DEBUG org.hibernate.query.sqm.function.SqmFunctionRegistry - Registered SqmFunctionTemplate [org.hibernate.query.sqm.function.PatternBasedSqmFunctionDescriptor@5785520e] under log; prior registration was null
10:24:16.908 [main] DEBUG org.hibernate.query.sqm.function.SqmFunctionRegistry - Registered SqmFunctionTemplate [NamedSqmFunctionTemplate(coalesce)] under coalesce; prior registration was null
10:24:16.908 [main] DEBUG org.hibernate.query.sqm.function.SqmFunctionRegistry - Registered SqmFunctionTemplate [NamedSqmFunctionTemplate(nullif)] under nullif; prior registration was null
10:24:16.908 [main] DEBUG org.hibernate.query.sqm.function.SqmFunctionRegistry - Registered SqmFunctionTemplate [NamedSqmFunctionTemplate(left)] under left; prior registration was null
10:24:16.908 [main] DEBUG org.hibernate.query.sqm.function.SqmFunctionRegistry - Registered SqmFunctionTemplate [NamedSqmFunctionTemplate(right)] under right; prior registration was null
10:24:16.908 [main] DEBUG org.hibernate.query.sqm.function.SqmFunctionRegistry - Registered SqmFunctionTemplate [NamedSqmFunctionTemplate(replace)] under replace; prior registration was null
10:24:16.908 [main] DEBUG org.hibernate.query.sqm.function.SqmFunctionRegistry - Registered SqmFunctionTemplate [NamedSqmFunctionTemplate(concat)] under concat; prior registration was null
10:24:16.908 [main] DEBUG org.hibernate.query.sqm.function.SqmFunctionRegistry - Registered SqmFunctionTemplate [NamedSqmFunctionTemplate(lower)] under lower; prior registration was null
10:24:16.908 [main] DEBUG org.hibernate.query.sqm.function.SqmFunctionRegistry - Registered SqmFunctionTemplate [NamedSqmFunctionTemplate(upper)] under upper; prior registration was null
10:24:16.908 [main] DEBUG org.hibernate.query.sqm.function.SqmFunctionRegistry - Registered SqmFunctionTemplate [NamedSqmFunctionTemplate(substring)] under substring; prior registration was null
10:24:16.908 [main] DEBUG org.hibernate.query.sqm.function.SqmFunctionRegistry - Registered SqmFunctionTemplate [NamedSqmFunctionTemplate(locate)] under locate; prior registration was null
10:24:16.908 [main] DEBUG org.hibernate.query.sqm.function.SqmFunctionRegistry - Registered SqmFunctionTemplate [NamedSqmFunctionTemplate(character_length)] under character_length; prior registration was null
10:24:16.908 [main] DEBUG org.hibernate.query.sqm.function.SqmFunctionRegistry - Registering alternate key : length -> character_length
10:24:16.908 [main] DEBUG org.hibernate.query.sqm.function.SqmFunctionRegistry - Registered SqmFunctionTemplate [org.hibernate.dialect.function.LocatePositionEmulation@3ea1383d] under position; prior registration was null
10:24:16.908 [main] DEBUG org.hibernate.query.sqm.function.SqmFunctionRegistry - Registered SqmFunctionTemplate [org.hibernate.dialect.function.InsertSubstringOverlayEmulation@7d1f135d] under overlay; prior registration was null
10:24:16.908 [main] DEBUG org.hibernate.query.sqm.function.SqmFunctionRegistry - Registered SqmFunctionTemplate [org.hibernate.dialect.function.TrimFunction@2a0010cc] under trim; prior registration was null
10:24:16.908 [main] DEBUG org.hibernate.query.sqm.function.SqmFunctionRegistry - Registered SqmFunctionTemplate [org.hibernate.dialect.function.CastFunction@576832a0] under cast; prior registration was null
10:24:16.908 [main] DEBUG org.hibernate.query.sqm.function.SqmFunctionRegistry - Registered SqmFunctionTemplate [org.hibernate.query.sqm.function.PatternBasedSqmFunctionDescriptor@603f98a0] under collate; prior registration was null
10:24:16.908 [main] DEBUG org.hibernate.query.sqm.function.SqmFunctionRegistry - Registered SqmFunctionTemplate [org.hibernate.dialect.function.ExtractFunction@653ffa01] under extract; prior registration was null
10:24:16.908 [main] DEBUG org.hibernate.query.sqm.function.SqmFunctionRegistry - Registered SqmFunctionTemplate [NamedSqmFunctionTemplate(least)] under least; prior registration was null
10:24:16.908 [main] DEBUG org.hibernate.query.sqm.function.SqmFunctionRegistry - Registered SqmFunctionTemplate [NamedSqmFunctionTemplate(greatest)] under greatest; prior registration was null
10:24:16.908 [main] DEBUG org.hibernate.query.sqm.function.SqmFunctionRegistry - Registered SqmFunctionTemplate [org.hibernate.dialect.function.CoalesceIfnullEmulation@4f13001a] under ifnull; prior registration was null
10:24:16.908 [main] DEBUG org.hibernate.query.sqm.function.SqmFunctionRegistry - Registered SqmFunctionTemplate [NamedSqmFunctionTemplate(lpad)] under lpad; prior registration was null
10:24:16.908 [main] DEBUG org.hibernate.query.sqm.function.SqmFunctionRegistry - Registered SqmFunctionTemplate [NamedSqmFunctionTemplate(rpad)] under rpad; prior registration was null
10:24:16.908 [main] DEBUG org.hibernate.query.sqm.function.SqmFunctionRegistry - Registered SqmFunctionTemplate [org.hibernate.dialect.function.LpadRpadPadEmulation@5978d66a] under pad; prior registration was null
10:24:16.908 [main] DEBUG org.hibernate.query.sqm.function.SqmFunctionRegistry - Registered SqmFunctionTemplate [org.hibernate.dialect.function.CastStrEmulation@459ebf7d] under str; prior registration was null
10:24:16.908 [main] DEBUG org.hibernate.query.sqm.function.SqmFunctionRegistry - Registered SqmFunctionTemplate [org.hibernate.dialect.function.FormatFunction@5febaa3d] under format; prior registration was null
10:24:16.908 [main] DEBUG org.hibernate.query.sqm.function.SqmFunctionRegistry - Registered SqmFunctionTemplate [org.hibernate.dialect.function.TimestampaddFunction@8af720a] under timestampadd; prior registration was null
10:24:16.908 [main] DEBUG org.hibernate.query.sqm.function.SqmFunctionRegistry - Registered SqmFunctionTemplate [org.hibernate.dialect.function.TimestampdiffFunction@17fb2ef3] under timestampdiff; prior registration was null
10:24:16.908 [main] DEBUG org.hibernate.query.sqm.function.SqmFunctionRegistry - Registering alternate key : dateadd -> timestampadd
10:24:16.908 [main] DEBUG org.hibernate.query.sqm.function.SqmFunctionRegistry - Registering alternate key : datediff -> timestampdiff
10:24:16.908 [main] DEBUG org.hibernate.query.sqm.function.SqmFunctionRegistry - Registered SqmFunctionTemplate [org.hibernate.dialect.function.CurrentFunction@272e1e26] under current_date; prior registration was null
10:24:16.908 [main] DEBUG org.hibernate.query.sqm.function.SqmFunctionRegistry - Registered SqmFunctionTemplate [org.hibernate.dialect.function.CurrentFunction@2516f2bc] under current_time; prior registration was null
10:24:16.908 [main] DEBUG org.hibernate.query.sqm.function.SqmFunctionRegistry - Registered SqmFunctionTemplate [org.hibernate.dialect.function.CurrentFunction@56daeb36] under current_timestamp; prior registration was null
10:24:16.908 [main] DEBUG org.hibernate.query.sqm.function.SqmFunctionRegistry - Registering alternate key : current date -> current_date
10:24:16.908 [main] DEBUG org.hibernate.query.sqm.function.SqmFunctionRegistry - Registering alternate key : current time -> current_time
10:24:16.908 [main] DEBUG org.hibernate.query.sqm.function.SqmFunctionRegistry - Registering alternate key : current timestamp -> current_timestamp
10:24:16.908 [main] DEBUG org.hibernate.query.sqm.function.SqmFunctionRegistry - Registered SqmFunctionTemplate [org.hibernate.dialect.function.CurrentFunction@1898cba8] under local_date; prior registration was null
10:24:16.908 [main] DEBUG org.hibernate.query.sqm.function.SqmFunctionRegistry - Registered SqmFunctionTemplate [org.hibernate.dialect.function.CurrentFunction@4f9039b3] under local_time; prior registration was null
10:24:16.908 [main] DEBUG org.hibernate.query.sqm.function.SqmFunctionRegistry - Registered SqmFunctionTemplate [org.hibernate.dialect.function.CurrentFunction@5d81b1ef] under local_datetime; prior registration was null
10:24:16.908 [main] DEBUG org.hibernate.query.sqm.function.SqmFunctionRegistry - Registered SqmFunctionTemplate [org.hibernate.dialect.function.CurrentFunction@5c036232] under offset_datetime; prior registration was null
10:24:16.908 [main] DEBUG org.hibernate.query.sqm.function.SqmFunctionRegistry - Registering alternate key : local date -> local_date
10:24:16.908 [main] DEBUG org.hibernate.query.sqm.function.SqmFunctionRegistry - Registering alternate key : local time -> local_time
10:24:16.908 [main] DEBUG org.hibernate.query.sqm.function.SqmFunctionRegistry - Registering alternate key : local datetime -> local_datetime
10:24:16.908 [main] DEBUG org.hibernate.query.sqm.function.SqmFunctionRegistry - Registering alternate key : offset datetime -> offset_datetime
10:24:16.908 [main] DEBUG org.hibernate.query.sqm.function.SqmFunctionRegistry - Registered SqmFunctionTemplate [org.hibernate.dialect.function.CurrentFunction@2182791] under instant; prior registration was null
10:24:16.908 [main] DEBUG org.hibernate.query.sqm.function.SqmFunctionRegistry - Registering alternate key : current_instant -> instant
10:24:16.908 [main] DEBUG org.hibernate.query.sqm.function.SqmFunctionRegistry - Registered SqmFunctionTemplate [org.hibernate.dialect.function.SqlFunction@4c0bcbc0] under sql; prior registration was null
10:24:16.908 [main] DEBUG org.hibernate.query.sqm.function.SqmFunctionRegistry - Registered SqmFunctionTemplate [NamedSqmFunctionTemplate(max)] under max; prior registration was NamedSqmFunctionTemplate(max)
10:24:16.908 [main] DEBUG org.hibernate.query.sqm.function.SqmFunctionRegistry - Registered SqmFunctionTemplate [NamedSqmFunctionTemplate(min)] under min; prior registration was NamedSqmFunctionTemplate(min)
10:24:16.908 [main] DEBUG org.hibernate.query.sqm.function.SqmFunctionRegistry - Registered SqmFunctionTemplate [NamedSqmFunctionTemplate(sum)] under sum; prior registration was NamedSqmFunctionTemplate(sum)
10:24:16.908 [main] DEBUG org.hibernate.query.sqm.function.SqmFunctionRegistry - Registered SqmFunctionTemplate [NamedSqmFunctionTemplate(avg)] under avg; prior registration was NamedSqmFunctionTemplate(avg)
10:24:16.908 [main] DEBUG org.hibernate.query.sqm.function.SqmFunctionRegistry - Registered SqmFunctionTemplate [org.hibernate.dialect.function.CountFunction@1c551567] under count; prior registration was org.hibernate.dialect.function.CountFunction@6c0e1e67
10:24:16.908 [main] DEBUG org.hibernate.query.sqm.function.SqmFunctionRegistry - Registered SqmFunctionTemplate [org.hibernate.dialect.function.AvgFunction@5b00e62d] under avg; prior registration was NamedSqmFunctionTemplate(avg)
10:24:16.908 [main] DEBUG org.hibernate.query.sqm.function.SqmFunctionRegistry - Registered SqmFunctionTemplate [NamedSqmFunctionTemplate(pi)] under pi; prior registration was org.hibernate.query.sqm.function.PatternBasedSqmFunctionDescriptor@2c6f74f6
10:24:16.908 [main] DEBUG org.hibernate.query.sqm.function.SqmFunctionRegistry - Registered SqmFunctionTemplate [NamedSqmFunctionTemplate(cot)] under cot; prior registration was null
10:24:16.908 [main] DEBUG org.hibernate.query.sqm.function.SqmFunctionRegistry - Registered SqmFunctionTemplate [NamedSqmFunctionTemplate(radians)] under radians; prior registration was null
10:24:16.908 [main] DEBUG org.hibernate.query.sqm.function.SqmFunctionRegistry - Registered SqmFunctionTemplate [NamedSqmFunctionTemplate(degrees)] under degrees; prior registration was null
10:24:16.908 [main] DEBUG org.hibernate.query.sqm.function.SqmFunctionRegistry - Registered SqmFunctionTemplate [NamedSqmFunctionTemplate(log10)] under log10; prior registration was null
10:24:16.908 [main] DEBUG org.hibernate.query.sqm.function.SqmFunctionRegistry - Registered SqmFunctionTemplate [org.hibernate.query.sqm.function.PatternBasedSqmFunctionDescriptor@18677673] under mod; prior registration was NamedSqmFunctionTemplate(mod)
10:24:16.908 [main] DEBUG org.hibernate.query.sqm.function.SqmFunctionRegistry - Registered SqmFunctionTemplate [NamedSqmFunctionTemplate(rand)] under rand; prior registration was null
10:24:16.908 [main] DEBUG org.hibernate.query.sqm.function.SqmFunctionRegistry - Registered SqmFunctionTemplate [NamedSqmFunctionTemplate(soundex)] under soundex; prior registration was null
10:24:16.908 [main] DEBUG org.hibernate.query.sqm.function.SqmFunctionRegistry - Registered SqmFunctionTemplate [NamedSqmFunctionTemplate(translate)] under translate; prior registration was null
10:24:16.908 [main] DEBUG org.hibernate.query.sqm.function.SqmFunctionRegistry - Registered SqmFunctionTemplate [NamedSqmFunctionTemplate(bitand)] under bitand; prior registration was null
10:24:16.908 [main] DEBUG org.hibernate.query.sqm.function.SqmFunctionRegistry - Registered SqmFunctionTemplate [NamedSqmFunctionTemplate(bitor)] under bitor; prior registration was null
10:24:16.908 [main] DEBUG org.hibernate.query.sqm.function.SqmFunctionRegistry - Registered SqmFunctionTemplate [NamedSqmFunctionTemplate(bitxor)] under bitxor; prior registration was null
10:24:16.908 [main] DEBUG org.hibernate.query.sqm.function.SqmFunctionRegistry - Registered SqmFunctionTemplate [NamedSqmFunctionTemplate(bitnot)] under bitnot; prior registration was null
10:24:16.908 [main] DEBUG org.hibernate.query.sqm.function.SqmFunctionRegistry - Registered SqmFunctionTemplate [NamedSqmFunctionTemplate(bit_and)] under bit_and; prior registration was null
10:24:16.908 [main] DEBUG org.hibernate.query.sqm.function.SqmFunctionRegistry - Registered SqmFunctionTemplate [NamedSqmFunctionTemplate(bit_or)] under bit_or; prior registration was null
10:24:16.908 [main] DEBUG org.hibernate.query.sqm.function.SqmFunctionRegistry - Registered SqmFunctionTemplate [NamedSqmFunctionTemplate(day)] under day; prior registration was null
10:24:16.908 [main] DEBUG org.hibernate.query.sqm.function.SqmFunctionRegistry - Registered SqmFunctionTemplate [NamedSqmFunctionTemplate(month)] under month; prior registration was null
10:24:16.908 [main] DEBUG org.hibernate.query.sqm.function.SqmFunctionRegistry - Registered SqmFunctionTemplate [NamedSqmFunctionTemplate(year)] under year; prior registration was null
10:24:16.908 [main] DEBUG org.hibernate.query.sqm.function.SqmFunctionRegistry - Registered SqmFunctionTemplate [NamedSqmFunctionTemplate(hour)] under hour; prior registration was null
10:24:16.908 [main] DEBUG org.hibernate.query.sqm.function.SqmFunctionRegistry - Registered SqmFunctionTemplate [NamedSqmFunctionTemplate(minute)] under minute; prior registration was null
10:24:16.908 [main] DEBUG org.hibernate.query.sqm.function.SqmFunctionRegistry - Registered SqmFunctionTemplate [NamedSqmFunctionTemplate(second)] under second; prior registration was null
10:24:16.908 [main] DEBUG org.hibernate.query.sqm.function.SqmFunctionRegistry - Registered SqmFunctionTemplate [NamedSqmFunctionTemplate(microsecond)] under microsecond; prior registration was null
10:24:16.908 [main] DEBUG org.hibernate.query.sqm.function.SqmFunctionRegistry - Registered SqmFunctionTemplate [NamedSqmFunctionTemplate(day_of_week)] under day_of_week; prior registration was null
10:24:16.908 [main] DEBUG org.hibernate.query.sqm.function.SqmFunctionRegistry - Registered SqmFunctionTemplate [NamedSqmFunctionTemplate(day_of_month)] under day_of_month; prior registration was null
10:24:16.908 [main] DEBUG org.hibernate.query.sqm.function.SqmFunctionRegistry - Registering alternate key : day -> day_of_month
10:24:16.908 [main] DEBUG org.hibernate.query.sqm.function.SqmFunctionRegistry - Registered SqmFunctionTemplate [NamedSqmFunctionTemplate(day_of_year)] under day_of_year; prior registration was null
10:24:16.908 [main] DEBUG org.hibernate.query.sqm.function.SqmFunctionRegistry - Registered SqmFunctionTemplate [NamedSqmFunctionTemplate(week)] under week; prior registration was null
10:24:16.908 [main] DEBUG org.hibernate.query.sqm.function.SqmFunctionRegistry - Registered SqmFunctionTemplate [NamedSqmFunctionTemplate(quarter)] under quarter; prior registration was null
10:24:16.908 [main] DEBUG org.hibernate.query.sqm.function.SqmFunctionRegistry - Registered SqmFunctionTemplate [NamedSqmFunctionTemplate(monthname)] under monthname; prior registration was null
10:24:16.908 [main] DEBUG org.hibernate.query.sqm.function.SqmFunctionRegistry - Registered SqmFunctionTemplate [NamedSqmFunctionTemplate(dayname)] under dayname; prior registration was null
10:24:16.908 [main] DEBUG org.hibernate.query.sqm.function.SqmFunctionRegistry - Registered SqmFunctionTemplate [NamedSqmFunctionTemplate(localtime)] under localtime; prior registration was null
10:24:16.908 [main] DEBUG org.hibernate.query.sqm.function.SqmFunctionRegistry - Registered SqmFunctionTemplate [NamedSqmFunctionTemplate(localtimestamp)] under localtimestamp; prior registration was null
10:24:16.908 [main] DEBUG org.hibernate.query.sqm.function.SqmFunctionRegistry - Registered SqmFunctionTemplate [NamedSqmFunctionTemplate(localtime)] under local_time; prior registration was org.hibernate.dialect.function.CurrentFunction@4f9039b3
10:24:16.908 [main] DEBUG org.hibernate.query.sqm.function.SqmFunctionRegistry - Registered SqmFunctionTemplate [NamedSqmFunctionTemplate(localtimestamp)] under local_datetime; prior registration was org.hibernate.dialect.function.CurrentFunction@5d81b1ef
10:24:16.908 [main] DEBUG org.hibernate.query.sqm.function.SqmFunctionRegistry - Registered SqmFunctionTemplate [org.hibernate.dialect.function.TruncFunction@aa0fb74] under trunc; prior registration was null
10:24:16.908 [main] DEBUG org.hibernate.query.sqm.function.SqmFunctionRegistry - Registering alternate key : truncate -> trunc
10:24:16.908 [main] DEBUG org.hibernate.query.sqm.function.SqmFunctionRegistry - Registered SqmFunctionTemplate [org.hibernate.query.sqm.function.PatternBasedSqmFunctionDescriptor@3e6a296a] under date_trunc; prior registration was null
10:24:16.908 [main] DEBUG org.hibernate.query.sqm.function.SqmFunctionRegistry - Registered SqmFunctionTemplate [NamedSqmFunctionTemplate(bit_length)] under bit_length; prior registration was null
10:24:16.908 [main] DEBUG org.hibernate.query.sqm.function.SqmFunctionRegistry - Registered SqmFunctionTemplate [NamedSqmFunctionTemplate(octet_length)] under octet_length; prior registration was null
10:24:16.908 [main] DEBUG org.hibernate.query.sqm.function.SqmFunctionRegistry - Registered SqmFunctionTemplate [NamedSqmFunctionTemplate(ascii)] under ascii; prior registration was null
10:24:16.908 [main] DEBUG org.hibernate.query.sqm.function.SqmFunctionRegistry - Registered SqmFunctionTemplate [NamedSqmFunctionTemplate(octet_length)] under octet_length; prior registration was NamedSqmFunctionTemplate(octet_length)
10:24:16.908 [main] DEBUG org.hibernate.query.sqm.function.SqmFunctionRegistry - Registered SqmFunctionTemplate [NamedSqmFunctionTemplate(space)] under space; prior registration was null
10:24:16.908 [main] DEBUG org.hibernate.query.sqm.function.SqmFunctionRegistry - Registered SqmFunctionTemplate [NamedSqmFunctionTemplate(repeat)] under repeat; prior registration was null
10:24:16.908 [main] DEBUG org.hibernate.query.sqm.function.SqmFunctionRegistry - Registered SqmFunctionTemplate [NamedSqmFunctionTemplate(char)] under char; prior registration was null
10:24:16.908 [main] DEBUG org.hibernate.query.sqm.function.SqmFunctionRegistry - Registering alternate key : chr -> char
10:24:16.908 [main] DEBUG org.hibernate.query.sqm.function.SqmFunctionRegistry - Registered SqmFunctionTemplate [NamedSqmFunctionTemplate(instr)] under instr; prior registration was null
10:24:16.908 [main] DEBUG org.hibernate.query.sqm.function.SqmFunctionRegistry - Registered SqmFunctionTemplate [NamedSqmFunctionTemplate(substr)] under substr; prior registration was null
10:24:16.908 [main] DEBUG org.hibernate.query.sqm.function.SqmFunctionRegistry - Registered SqmFunctionTemplate [org.hibernate.query.sqm.function.PatternBasedSqmFunctionDescriptor@62879104] under position; prior registration was org.hibernate.dialect.function.LocatePositionEmulation@3ea1383d
10:24:16.908 [main] DEBUG org.hibernate.query.sqm.function.SqmFunctionRegistry - Registered SqmFunctionTemplate [NamedSqmFunctionTemplate(ltrim)] under ltrim; prior registration was null
10:24:16.908 [main] DEBUG org.hibernate.query.sqm.function.SqmFunctionRegistry - Registered SqmFunctionTemplate [NamedSqmFunctionTemplate(rtrim)] under rtrim; prior registration was null
10:24:16.908 [main] DEBUG org.hibernate.query.sqm.function.SqmFunctionRegistry - Registered SqmFunctionTemplate [org.hibernate.query.sqm.function.PatternBasedSqmFunctionDescriptor@41f0b7c9] under concat; prior registration was NamedSqmFunctionTemplate(concat)
10:24:16.908 [main] DEBUG org.hibernate.query.sqm.function.SqmFunctionRegistry - Registered SqmFunctionTemplate [NamedSqmFunctionTemplate(curtime)] under curtime; prior registration was null
10:24:16.908 [main] DEBUG org.hibernate.query.sqm.function.SqmFunctionRegistry - Registered SqmFunctionTemplate [NamedSqmFunctionTemplate(curdate)] under curdate; prior registration was null
10:24:16.908 [main] DEBUG org.hibernate.query.sqm.function.SqmFunctionRegistry - Registered SqmFunctionTemplate [NamedSqmFunctionTemplate(now)] under now; prior registration was null
10:24:16.908 [main] DEBUG org.hibernate.query.sqm.function.SqmFunctionRegistry - Registered SqmFunctionTemplate [NamedSqmFunctionTemplate(sysdate)] under sysdate; prior registration was null
10:24:16.908 [main] DEBUG org.hibernate.query.sqm.function.SqmFunctionRegistry - Registered SqmFunctionTemplate [NamedSqmFunctionTemplate(insert)] under insert; prior registration was null
10:24:16.908 [main] DEBUG org.hibernate.query.sqm.function.SqmFunctionRegistry - Registered SqmFunctionTemplate [NamedSqmFunctionTemplate(bool_and)] under bool_and; prior registration was null
10:24:16.908 [main] DEBUG org.hibernate.query.sqm.function.SqmFunctionRegistry - Registering alternate key : every -> bool_and
10:24:16.908 [main] DEBUG org.hibernate.query.sqm.function.SqmFunctionRegistry - Registered SqmFunctionTemplate [NamedSqmFunctionTemplate(bool_or)] under bool_or; prior registration was null
10:24:16.908 [main] DEBUG org.hibernate.query.sqm.function.SqmFunctionRegistry - Registering alternate key : any -> bool_or
10:24:16.908 [main] DEBUG org.hibernate.query.sqm.function.SqmFunctionRegistry - Registered SqmFunctionTemplate [NamedSqmFunctionTemplate(median)] under median; prior registration was null
10:24:16.908 [main] DEBUG org.hibernate.query.sqm.function.SqmFunctionRegistry - Registered SqmFunctionTemplate [NamedSqmFunctionTemplate(stddev_pop)] under stddev_pop; prior registration was null
10:24:16.908 [main] DEBUG org.hibernate.query.sqm.function.SqmFunctionRegistry - Registered SqmFunctionTemplate [NamedSqmFunctionTemplate(stddev_samp)] under stddev_samp; prior registration was null
10:24:16.908 [main] DEBUG org.hibernate.query.sqm.function.SqmFunctionRegistry - Registered SqmFunctionTemplate [NamedSqmFunctionTemplate(var_pop)] under var_pop; prior registration was null
10:24:16.908 [main] DEBUG org.hibernate.query.sqm.function.SqmFunctionRegistry - Registered SqmFunctionTemplate [NamedSqmFunctionTemplate(var_samp)] under var_samp; prior registration was null
10:24:16.908 [main] DEBUG org.hibernate.query.sqm.function.SqmFunctionRegistry - Registered SqmFunctionTemplate [org.hibernate.dialect.function.FormatFunction@4c869fd8] under format; prior registration was org.hibernate.dialect.function.FormatFunction@5febaa3d
10:24:16.908 [main] DEBUG org.hibernate.query.sqm.function.SqmFunctionRegistry - Registered SqmFunctionTemplate [NamedSqmFunctionTemplate(rownum)] under rownum; prior registration was null
10:24:16.908 [main] DEBUG org.hibernate.query.sqm.function.SqmFunctionRegistry - Registered SqmFunctionTemplate [NamedSqmFunctionTemplate(row_number)] under row_number; prior registration was null
10:24:16.908 [main] DEBUG org.hibernate.query.sqm.function.SqmFunctionRegistry - Registered SqmFunctionTemplate [NamedSqmFunctionTemplate(lag)] under lag; prior registration was null
10:24:16.908 [main] DEBUG org.hibernate.query.sqm.function.SqmFunctionRegistry - Registered SqmFunctionTemplate [NamedSqmFunctionTemplate(lead)] under lead; prior registration was null
10:24:16.908 [main] DEBUG org.hibernate.query.sqm.function.SqmFunctionRegistry - Registered SqmFunctionTemplate [NamedSqmFunctionTemplate(first_value)] under first_value; prior registration was null
10:24:16.908 [main] DEBUG org.hibernate.query.sqm.function.SqmFunctionRegistry - Registered SqmFunctionTemplate [NamedSqmFunctionTemplate(last_value)] under last_value; prior registration was null
10:24:16.908 [main] DEBUG org.hibernate.query.sqm.function.SqmFunctionRegistry - Registered SqmFunctionTemplate [NamedSqmFunctionTemplate(nth_value)] under nth_value; prior registration was null
10:24:16.908 [main] DEBUG org.hibernate.query.sqm.function.SqmFunctionRegistry - Registered SqmFunctionTemplate [org.hibernate.dialect.function.ListaggFunction@23c8ce5b] under listagg; prior registration was null
10:24:16.909 [main] DEBUG org.hibernate.query.sqm.function.SqmFunctionRegistry - Registered SqmFunctionTemplate [org.hibernate.dialect.function.InverseDistributionFunction@7d197497] under mode; prior registration was null
10:24:16.909 [main] DEBUG org.hibernate.query.sqm.function.SqmFunctionRegistry - Registered SqmFunctionTemplate [org.hibernate.dialect.function.InverseDistributionFunction@3993da02] under percentile_cont; prior registration was null
10:24:16.909 [main] DEBUG org.hibernate.query.sqm.function.SqmFunctionRegistry - Registered SqmFunctionTemplate [org.hibernate.dialect.function.InverseDistributionFunction@4193fab7] under percentile_disc; prior registration was null
10:24:16.909 [main] DEBUG org.hibernate.query.sqm.function.SqmFunctionRegistry - Registered SqmFunctionTemplate [org.hibernate.dialect.function.HypotheticalSetFunction@244c5ec8] under rank; prior registration was null
10:24:16.909 [main] DEBUG org.hibernate.query.sqm.function.SqmFunctionRegistry - Registered SqmFunctionTemplate [org.hibernate.dialect.function.HypotheticalSetFunction@12c72b1a] under dense_rank; prior registration was null
10:24:16.909 [main] DEBUG org.hibernate.query.sqm.function.SqmFunctionRegistry - Registered SqmFunctionTemplate [org.hibernate.dialect.function.HypotheticalSetFunction@3523a08a] under percent_rank; prior registration was null
10:24:16.909 [main] DEBUG org.hibernate.query.sqm.function.SqmFunctionRegistry - Registered SqmFunctionTemplate [org.hibernate.dialect.function.HypotheticalSetFunction@6bbbb2db] under cume_dist; prior registration was null
10:24:16.909 [main] DEBUG org.hibernate.query.sqm.function.SqmFunctionRegistry - Registered SqmFunctionTemplate [org.hibernate.dialect.function.array.ArrayConstructorFunction@2d471b7a] under array; prior registration was null
10:24:16.909 [main] DEBUG org.hibernate.query.sqm.function.SqmFunctionRegistry - Registered SqmFunctionTemplate [org.hibernate.dialect.function.array.ArrayConstructorFunction@6f37a33] under array_list; prior registration was null
10:24:16.909 [main] DEBUG org.hibernate.query.sqm.function.SqmFunctionRegistry - Registered SqmFunctionTemplate [org.hibernate.dialect.function.array.ArrayAggFunction@2e7cad97] under array_agg; prior registration was null
10:24:16.909 [main] DEBUG org.hibernate.query.sqm.function.SqmFunctionRegistry - Registered SqmFunctionTemplate [org.hibernate.dialect.function.array.H2ArrayPositionFunction@18e7ffe9] under array_position; prior registration was null
10:24:16.909 [main] DEBUG org.hibernate.query.sqm.function.SqmFunctionRegistry - Registered SqmFunctionTemplate [org.hibernate.dialect.function.array.H2ArrayPositionsFunction@10d16a38] under array_positions; prior registration was null
10:24:16.909 [main] DEBUG org.hibernate.query.sqm.function.SqmFunctionRegistry - Registered SqmFunctionTemplate [org.hibernate.dialect.function.array.H2ArrayPositionsFunction@7cb5c98f] under array_positions_list; prior registration was null
10:24:16.909 [main] DEBUG org.hibernate.query.sqm.function.SqmFunctionRegistry - Registered SqmFunctionTemplate [org.hibernate.query.sqm.function.PatternBasedSqmFunctionDescriptor@4f969d6] under array_length; prior registration was null
10:24:16.909 [main] DEBUG org.hibernate.query.sqm.function.SqmFunctionRegistry - Registered SqmFunctionTemplate [org.hibernate.dialect.function.array.ArrayConcatFunction@1f6253db] under array_concat; prior registration was null
10:24:16.909 [main] DEBUG org.hibernate.query.sqm.function.SqmFunctionRegistry - Registered SqmFunctionTemplate [org.hibernate.dialect.function.array.ArrayConcatElementFunction@178d5aea] under array_prepend; prior registration was null
10:24:16.909 [main] DEBUG org.hibernate.query.sqm.function.SqmFunctionRegistry - Registered SqmFunctionTemplate [org.hibernate.dialect.function.array.ArrayConcatElementFunction@45261025] under array_append; prior registration was null
10:24:16.909 [main] DEBUG org.hibernate.query.sqm.function.SqmFunctionRegistry - Registered SqmFunctionTemplate [org.hibernate.dialect.function.array.H2ArrayContainsFunction@ade768e] under array_contains; prior registration was null
10:24:16.909 [main] DEBUG org.hibernate.query.sqm.function.SqmFunctionRegistry - Registered SqmFunctionTemplate [org.hibernate.dialect.function.array.H2ArrayContainsFunction@7af0085] under array_contains_nullable; prior registration was null
10:24:16.909 [main] DEBUG org.hibernate.query.sqm.function.SqmFunctionRegistry - Registered SqmFunctionTemplate [org.hibernate.dialect.function.array.H2ArrayOverlapsFunction@7a884090] under array_overlaps; prior registration was null
10:24:16.909 [main] DEBUG org.hibernate.query.sqm.function.SqmFunctionRegistry - Registered SqmFunctionTemplate [org.hibernate.dialect.function.array.H2ArrayOverlapsFunction@f5ac0dc] under array_overlaps_nullable; prior registration was null
10:24:16.909 [main] DEBUG org.hibernate.query.sqm.function.SqmFunctionRegistry - Registered SqmFunctionTemplate [org.hibernate.query.sqm.function.PatternBasedSqmFunctionDescriptor@76c9bdbf] under array_get; prior registration was null
10:24:16.909 [main] DEBUG org.hibernate.query.sqm.function.SqmFunctionRegistry - Registered SqmFunctionTemplate [org.hibernate.dialect.function.array.H2ArraySetFunction@99d30cb] under array_set; prior registration was null
10:24:16.909 [main] DEBUG org.hibernate.query.sqm.function.SqmFunctionRegistry - Registered SqmFunctionTemplate [org.hibernate.dialect.function.array.H2ArrayRemoveFunction@31a96da8] under array_remove; prior registration was null
10:24:16.909 [main] DEBUG org.hibernate.query.sqm.function.SqmFunctionRegistry - Registered SqmFunctionTemplate [org.hibernate.dialect.function.array.H2ArrayRemoveIndexFunction@68ac1761] under array_remove_index; prior registration was null
10:24:16.910 [main] DEBUG org.hibernate.query.sqm.function.SqmFunctionRegistry - Registered SqmFunctionTemplate [org.hibernate.query.sqm.function.PatternBasedSqmFunctionDescriptor@53b37b8e] under array_slice; prior registration was null
10:24:16.910 [main] DEBUG org.hibernate.query.sqm.function.SqmFunctionRegistry - Registered SqmFunctionTemplate [org.hibernate.dialect.function.array.H2ArrayReplaceFunction@33c8025b] under array_replace; prior registration was null
10:24:16.910 [main] DEBUG org.hibernate.query.sqm.function.SqmFunctionRegistry - Registered SqmFunctionTemplate [org.hibernate.query.sqm.function.PatternBasedSqmFunctionDescriptor@4976eda7] under array_trim; prior registration was null
10:24:16.910 [main] DEBUG org.hibernate.query.sqm.function.SqmFunctionRegistry - Registered SqmFunctionTemplate [org.hibernate.dialect.function.array.H2ArrayFillFunction@4169ecf7] under array_fill; prior registration was null
10:24:16.910 [main] DEBUG org.hibernate.query.sqm.function.SqmFunctionRegistry - Registered SqmFunctionTemplate [org.hibernate.dialect.function.array.H2ArrayFillFunction@9ce805f] under array_fill_list; prior registration was null
10:24:16.910 [main] DEBUG org.hibernate.query.sqm.function.SqmFunctionRegistry - Registered SqmFunctionTemplate [org.hibernate.dialect.function.array.H2ArrayToStringFunction@7a6791e7] under array_to_string; prior registration was null
10:24:16.910 [main] DEBUG org.hibernate.HQL_FUNCTIONS - abs(NUMERIC arg)
10:24:16.910 [main] DEBUG org.hibernate.HQL_FUNCTIONS - Double acos(NUMERIC arg)
10:24:16.910 [main] DEBUG org.hibernate.HQL_FUNCTIONS - Boolean any(BOOLEAN predicate)
10:24:16.910 [main] DEBUG org.hibernate.HQL_FUNCTIONS - array( ... )
10:24:16.910 [main] DEBUG org.hibernate.HQL_FUNCTIONS - array_agg(arg)
10:24:16.910 [main] DEBUG org.hibernate.HQL_FUNCTIONS - array_append( ... )
10:24:16.910 [main] DEBUG org.hibernate.HQL_FUNCTIONS - array_concat( ... )
10:24:16.910 [main] DEBUG org.hibernate.HQL_FUNCTIONS - Boolean array_contains(ARRAY haystackArray, OBJECT needleElementOrArray)
10:24:16.910 [main] DEBUG org.hibernate.HQL_FUNCTIONS - Boolean array_contains_nullable(ARRAY haystackArray, OBJECT needleElementOrArray)
10:24:16.910 [main] DEBUG org.hibernate.HQL_FUNCTIONS - array_fill(OBJECT element, INTEGER elementCount)
10:24:16.910 [main] DEBUG org.hibernate.HQL_FUNCTIONS - array_fill_list(OBJECT element, INTEGER elementCount)
10:24:16.910 [main] DEBUG org.hibernate.HQL_FUNCTIONS - array_get(ARRAY array, INTEGER index)
10:24:16.910 [main] DEBUG org.hibernate.HQL_FUNCTIONS - Integer array_length(ARRAY array)
10:24:16.910 [main] DEBUG org.hibernate.HQL_FUNCTIONS - array_list( ... )
10:24:16.910 [main] DEBUG org.hibernate.HQL_FUNCTIONS - Boolean array_overlaps(ARRAY array0, OBJECT array1)
10:24:16.910 [main] DEBUG org.hibernate.HQL_FUNCTIONS - Boolean array_overlaps_nullable(ARRAY array0, OBJECT array1)
10:24:16.910 [main] DEBUG org.hibernate.HQL_FUNCTIONS - Integer array_position(ARRAY array, OBJECT element[, INTEGER startPosition])
10:24:16.910 [main] DEBUG org.hibernate.HQL_FUNCTIONS - int[] array_positions(ARRAY array, OBJECT element)
10:24:16.910 [main] DEBUG org.hibernate.HQL_FUNCTIONS - List array_positions_list(ARRAY array, OBJECT element)
10:24:16.910 [main] DEBUG org.hibernate.HQL_FUNCTIONS - array_prepend( ... )
10:24:16.910 [main] DEBUG org.hibernate.HQL_FUNCTIONS - array_remove( ... )
10:24:16.910 [main] DEBUG org.hibernate.HQL_FUNCTIONS - array_remove_index( ... )
10:24:16.910 [main] DEBUG org.hibernate.HQL_FUNCTIONS - array_replace( ... )
10:24:16.910 [main] DEBUG org.hibernate.HQL_FUNCTIONS - array_set( ... )
10:24:16.910 [main] DEBUG org.hibernate.HQL_FUNCTIONS - array_slice(ARRAY array, INTEGER start, INTEGER end)
10:24:16.910 [main] DEBUG org.hibernate.HQL_FUNCTIONS - String array_to_string( ... )
10:24:16.910 [main] DEBUG org.hibernate.HQL_FUNCTIONS - array_trim(ARRAY array, INTEGER elementsToRemove)
10:24:16.910 [main] DEBUG org.hibernate.HQL_FUNCTIONS - Integer ascii(STRING arg)
10:24:16.910 [main] DEBUG org.hibernate.HQL_FUNCTIONS - Double asin(NUMERIC arg)
10:24:16.910 [main] DEBUG org.hibernate.HQL_FUNCTIONS - Double atan(NUMERIC arg)
10:24:16.910 [main] DEBUG org.hibernate.HQL_FUNCTIONS - Double atan2(NUMERIC arg0, NUMERIC arg1)
10:24:16.910 [main] DEBUG org.hibernate.HQL_FUNCTIONS - avg(NUMERIC arg)
10:24:16.910 [main] DEBUG org.hibernate.HQL_FUNCTIONS - bit_and(arg)
10:24:16.910 [main] DEBUG org.hibernate.HQL_FUNCTIONS - Integer bit_length(STRING_OR_CLOB arg)
10:24:16.910 [main] DEBUG org.hibernate.HQL_FUNCTIONS - bit_or(arg)
10:24:16.910 [main] DEBUG org.hibernate.HQL_FUNCTIONS - bitand(arg0, arg1)
10:24:16.910 [main] DEBUG org.hibernate.HQL_FUNCTIONS - bitnot(arg)
10:24:16.910 [main] DEBUG org.hibernate.HQL_FUNCTIONS - bitor(arg0, arg1)
10:24:16.910 [main] DEBUG org.hibernate.HQL_FUNCTIONS - bitxor(arg0, arg1)
10:24:16.910 [main] DEBUG org.hibernate.HQL_FUNCTIONS - Boolean bool_and(BOOLEAN predicate)
10:24:16.910 [main] DEBUG org.hibernate.HQL_FUNCTIONS - Boolean bool_or(BOOLEAN predicate)
10:24:16.910 [main] DEBUG org.hibernate.HQL_FUNCTIONS - cast(arg as Type)
10:24:16.910 [main] DEBUG org.hibernate.HQL_FUNCTIONS - ceiling(NUMERIC arg)
10:24:16.910 [main] DEBUG org.hibernate.HQL_FUNCTIONS - Character char(INTEGER arg)
10:24:16.910 [main] DEBUG org.hibernate.HQL_FUNCTIONS - Integer character_length(STRING_OR_CLOB arg)
10:24:16.910 [main] DEBUG org.hibernate.HQL_FUNCTIONS - Character chr(INTEGER arg)
10:24:16.910 [main] DEBUG org.hibernate.HQL_FUNCTIONS - coalesce(arg0[, arg1[, ...]])
10:24:16.910 [main] DEBUG org.hibernate.HQL_FUNCTIONS - String collate(STRING string as COLLATION collation)
10:24:16.910 [main] DEBUG org.hibernate.HQL_FUNCTIONS - String concat(STRING string0[, STRING string1[, ...]])
10:24:16.910 [main] DEBUG org.hibernate.HQL_FUNCTIONS - Double cos(NUMERIC arg)
10:24:16.910 [main] DEBUG org.hibernate.HQL_FUNCTIONS - Double cosh(NUMERIC arg)
10:24:16.910 [main] DEBUG org.hibernate.HQL_FUNCTIONS - Double cot(NUMERIC arg)
10:24:16.910 [main] DEBUG org.hibernate.HQL_FUNCTIONS - Long count([distinct ]{arg|*})
10:24:16.910 [main] DEBUG org.hibernate.HQL_FUNCTIONS - Double cume_dist([arg0[, ...]])
10:24:16.910 [main] DEBUG org.hibernate.HQL_FUNCTIONS - Date curdate()
10:24:16.910 [main] DEBUG org.hibernate.HQL_FUNCTIONS - Date current date
10:24:16.910 [main] DEBUG org.hibernate.HQL_FUNCTIONS - Time current time
10:24:16.910 [main] DEBUG org.hibernate.HQL_FUNCTIONS - Timestamp current timestamp
10:24:16.910 [main] DEBUG org.hibernate.HQL_FUNCTIONS - Date current_date
10:24:16.910 [main] DEBUG org.hibernate.HQL_FUNCTIONS - Instant current_instant
10:24:16.910 [main] DEBUG org.hibernate.HQL_FUNCTIONS - Time current_time
10:24:16.910 [main] DEBUG org.hibernate.HQL_FUNCTIONS - Timestamp current_timestamp
10:24:16.910 [main] DEBUG org.hibernate.HQL_FUNCTIONS - Time curtime()
10:24:16.910 [main] DEBUG org.hibernate.HQL_FUNCTIONS - date_trunc(STRING field, TEMPORAL datetime)
10:24:16.910 [main] DEBUG org.hibernate.HQL_FUNCTIONS - dateadd(TEMPORAL_UNIT field, INTEGER magnitude, TEMPORAL datetime)
10:24:16.910 [main] DEBUG org.hibernate.HQL_FUNCTIONS - Long|Double datediff(TEMPORAL_UNIT field, TEMPORAL start, TEMPORAL end)
10:24:16.910 [main] DEBUG org.hibernate.HQL_FUNCTIONS - Integer day(DATE arg)
10:24:16.910 [main] DEBUG org.hibernate.HQL_FUNCTIONS - Integer day_of_month(DATE arg)
10:24:16.910 [main] DEBUG org.hibernate.HQL_FUNCTIONS - Integer day_of_week(DATE arg)
10:24:16.910 [main] DEBUG org.hibernate.HQL_FUNCTIONS - Integer day_of_year(DATE arg)
10:24:16.910 [main] DEBUG org.hibernate.HQL_FUNCTIONS - String dayname(DATE arg)
10:24:16.910 [main] DEBUG org.hibernate.HQL_FUNCTIONS - Double degrees(NUMERIC arg)
10:24:16.910 [main] DEBUG org.hibernate.HQL_FUNCTIONS - Long dense_rank([arg0[, ...]])
10:24:16.910 [main] DEBUG org.hibernate.HQL_FUNCTIONS - Boolean every(BOOLEAN predicate)
10:24:16.910 [main] DEBUG org.hibernate.HQL_FUNCTIONS - Double exp(NUMERIC arg)
10:24:16.910 [main] DEBUG org.hibernate.HQL_FUNCTIONS - extract(TEMPORAL_UNIT field from TEMPORAL arg)
10:24:16.910 [main] DEBUG org.hibernate.HQL_FUNCTIONS - first_valueANY value
10:24:16.910 [main] DEBUG org.hibernate.HQL_FUNCTIONS - floor(NUMERIC arg)
10:24:16.910 [main] DEBUG org.hibernate.HQL_FUNCTIONS - String format(TEMPORAL datetime as STRING pattern)
10:24:16.910 [main] DEBUG org.hibernate.HQL_FUNCTIONS - greatest(COMPARABLE arg0, COMPARABLE arg1[, arg2[, ...]])
10:24:16.910 [main] DEBUG org.hibernate.HQL_FUNCTIONS - Integer hour(TIME arg)
10:24:16.910 [main] DEBUG org.hibernate.HQL_FUNCTIONS - ifnull(arg0, arg1)
10:24:16.910 [main] DEBUG org.hibernate.HQL_FUNCTIONS - String insert(STRING string, INTEGER start, INTEGER length, STRING replacement)
10:24:16.910 [main] DEBUG org.hibernate.HQL_FUNCTIONS - Instant instant
10:24:16.910 [main] DEBUG org.hibernate.HQL_FUNCTIONS - Integer instr(STRING string, STRING pattern[, INTEGER start[, INTEGER occurrence]])
10:24:16.910 [main] DEBUG org.hibernate.HQL_FUNCTIONS - lagANY value[, INTEGER offset[, ANY default]]
10:24:16.910 [main] DEBUG org.hibernate.HQL_FUNCTIONS - last_valueANY value
10:24:16.910 [main] DEBUG org.hibernate.HQL_FUNCTIONS - leadANY value[, INTEGER offset[, ANY default]]
10:24:16.910 [main] DEBUG org.hibernate.HQL_FUNCTIONS - least(COMPARABLE arg0, COMPARABLE arg1[, arg2[, ...]])
10:24:16.910 [main] DEBUG org.hibernate.HQL_FUNCTIONS - String left(STRING string, INTEGER length)
10:24:16.910 [main] DEBUG org.hibernate.HQL_FUNCTIONS - Integer length(STRING_OR_CLOB arg)
10:24:16.910 [main] DEBUG org.hibernate.HQL_FUNCTIONS - String listagg(STRING arg0, STRING arg1)
10:24:16.910 [main] DEBUG org.hibernate.HQL_FUNCTIONS - Double ln(NUMERIC arg)
10:24:16.910 [main] DEBUG org.hibernate.HQL_FUNCTIONS - LocalDate local date
10:24:16.910 [main] DEBUG org.hibernate.HQL_FUNCTIONS - LocalDateTime local datetime
10:24:16.910 [main] DEBUG org.hibernate.HQL_FUNCTIONS - LocalTime local time
10:24:16.910 [main] DEBUG org.hibernate.HQL_FUNCTIONS - LocalDate local_date
10:24:16.910 [main] DEBUG org.hibernate.HQL_FUNCTIONS - LocalDateTime local_datetime
10:24:16.910 [main] DEBUG org.hibernate.HQL_FUNCTIONS - LocalTime local_time
10:24:16.910 [main] DEBUG org.hibernate.HQL_FUNCTIONS - Time localtime
10:24:16.910 [main] DEBUG org.hibernate.HQL_FUNCTIONS - Timestamp localtimestamp
10:24:16.910 [main] DEBUG org.hibernate.HQL_FUNCTIONS - Integer locate(STRING pattern, STRING string[, INTEGER start])
10:24:16.910 [main] DEBUG org.hibernate.HQL_FUNCTIONS - Double log(NUMERIC base, NUMERIC arg)
10:24:16.910 [main] DEBUG org.hibernate.HQL_FUNCTIONS - Double log10(NUMERIC arg)
10:24:16.910 [main] DEBUG org.hibernate.HQL_FUNCTIONS - String lower(STRING string)
10:24:16.910 [main] DEBUG org.hibernate.HQL_FUNCTIONS - String lpad(STRING string, INTEGER length[, STRING padding])
10:24:16.910 [main] DEBUG org.hibernate.HQL_FUNCTIONS - String ltrim(STRING string)
10:24:16.910 [main] DEBUG org.hibernate.HQL_FUNCTIONS - max(COMPARABLE arg)
10:24:16.910 [main] DEBUG org.hibernate.HQL_FUNCTIONS - Double median(NUMERIC arg)
10:24:16.910 [main] DEBUG org.hibernate.HQL_FUNCTIONS - Integer microsecond(TIME arg)
10:24:16.910 [main] DEBUG org.hibernate.HQL_FUNCTIONS - min(COMPARABLE arg)
10:24:16.910 [main] DEBUG org.hibernate.HQL_FUNCTIONS - Integer minute(TIME arg)
10:24:16.910 [main] DEBUG org.hibernate.HQL_FUNCTIONS - Integer mod(INTEGER arg0, INTEGER arg1)
10:24:16.910 [main] DEBUG org.hibernate.HQL_FUNCTIONS - mode()
10:24:16.910 [main] DEBUG org.hibernate.HQL_FUNCTIONS - Integer month(DATE arg)
10:24:16.910 [main] DEBUG org.hibernate.HQL_FUNCTIONS - String monthname(DATE arg)
10:24:16.910 [main] DEBUG org.hibernate.HQL_FUNCTIONS - Timestamp now()
10:24:16.910 [main] DEBUG org.hibernate.HQL_FUNCTIONS - nth_valueANY value, INTEGER nth
10:24:16.910 [main] DEBUG org.hibernate.HQL_FUNCTIONS - nullif(arg0, arg1)
10:24:16.910 [main] DEBUG org.hibernate.HQL_FUNCTIONS - Integer octet_length(STRING_OR_CLOB arg)
10:24:16.910 [main] DEBUG org.hibernate.HQL_FUNCTIONS - OffsetDateTime offset datetime
10:24:16.910 [main] DEBUG org.hibernate.HQL_FUNCTIONS - OffsetDateTime offset_datetime
10:24:16.910 [main] DEBUG org.hibernate.HQL_FUNCTIONS - String overlay(STRING string placing STRING replacement from INTEGER start[ for INTEGER length])
10:24:16.910 [main] DEBUG org.hibernate.HQL_FUNCTIONS - String pad(STRING string with INTEGER length {leading|trailing}[ STRING character])
10:24:16.910 [main] DEBUG org.hibernate.HQL_FUNCTIONS - Double percent_rank([arg0[, ...]])
10:24:16.910 [main] DEBUG org.hibernate.HQL_FUNCTIONS - percentile_cont(NUMERIC arg)
10:24:16.910 [main] DEBUG org.hibernate.HQL_FUNCTIONS - percentile_disc(NUMERIC arg)
10:24:16.910 [main] DEBUG org.hibernate.HQL_FUNCTIONS - Double pi
10:24:16.910 [main] DEBUG org.hibernate.HQL_FUNCTIONS - Integer position(STRING pattern in STRING string)
10:24:16.910 [main] DEBUG org.hibernate.HQL_FUNCTIONS - Double power(NUMERIC arg0, NUMERIC arg1)
10:24:16.910 [main] DEBUG org.hibernate.HQL_FUNCTIONS - Integer quarter(DATE arg)
10:24:16.910 [main] DEBUG org.hibernate.HQL_FUNCTIONS - Double radians(NUMERIC arg)
10:24:16.910 [main] DEBUG org.hibernate.HQL_FUNCTIONS - Double rand([INTEGER seed])
10:24:16.910 [main] DEBUG org.hibernate.HQL_FUNCTIONS - Long rank([arg0[, ...]])
10:24:16.910 [main] DEBUG org.hibernate.HQL_FUNCTIONS - String repeat(STRING string, INTEGER times)
10:24:16.910 [main] DEBUG org.hibernate.HQL_FUNCTIONS - String replace(STRING string, STRING pattern, STRING replacement)
10:24:16.910 [main] DEBUG org.hibernate.HQL_FUNCTIONS - String right(STRING string, INTEGER length)
10:24:16.910 [main] DEBUG org.hibernate.HQL_FUNCTIONS - round(NUMERIC number[, INTEGER places])
10:24:16.910 [main] DEBUG org.hibernate.HQL_FUNCTIONS - Long row_number()
10:24:16.910 [main] DEBUG org.hibernate.HQL_FUNCTIONS - Long rownum()
10:24:16.910 [main] DEBUG org.hibernate.HQL_FUNCTIONS - String rpad(STRING string, INTEGER length[, STRING padding])
10:24:16.910 [main] DEBUG org.hibernate.HQL_FUNCTIONS - String rtrim(STRING string)
10:24:16.910 [main] DEBUG org.hibernate.HQL_FUNCTIONS - Integer second(TIME arg)
10:24:16.910 [main] DEBUG org.hibernate.HQL_FUNCTIONS - Integer sign(NUMERIC arg)
10:24:16.910 [main] DEBUG org.hibernate.HQL_FUNCTIONS - Double sin(NUMERIC arg)
10:24:16.910 [main] DEBUG org.hibernate.HQL_FUNCTIONS - Double sinh(NUMERIC arg)
10:24:16.910 [main] DEBUG org.hibernate.HQL_FUNCTIONS - String soundex(arg)
10:24:16.910 [main] DEBUG org.hibernate.HQL_FUNCTIONS - String space(INTEGER arg)
10:24:16.910 [main] DEBUG org.hibernate.HQL_FUNCTIONS - Object sql
10:24:16.910 [main] DEBUG org.hibernate.HQL_FUNCTIONS - Double sqrt(NUMERIC arg)
10:24:16.910 [main] DEBUG org.hibernate.HQL_FUNCTIONS - Double stddev_pop(NUMERIC arg)
10:24:16.910 [main] DEBUG org.hibernate.HQL_FUNCTIONS - Double stddev_samp(NUMERIC arg)
10:24:16.910 [main] DEBUG org.hibernate.HQL_FUNCTIONS - String str(arg)
10:24:16.910 [main] DEBUG org.hibernate.HQL_FUNCTIONS - String substr(STRING string, INTEGER start[, INTEGER length])
10:24:16.910 [main] DEBUG org.hibernate.HQL_FUNCTIONS - String substring(STRING string{ from|,} INTEGER start[{ for|,} INTEGER length])
10:24:16.910 [main] DEBUG org.hibernate.HQL_FUNCTIONS - sum(arg)
10:24:16.910 [main] DEBUG org.hibernate.HQL_FUNCTIONS - Timestamp sysdate
10:24:16.910 [main] DEBUG org.hibernate.HQL_FUNCTIONS - Double tan(NUMERIC arg)
10:24:16.910 [main] DEBUG org.hibernate.HQL_FUNCTIONS - Double tanh(NUMERIC arg)
10:24:16.910 [main] DEBUG org.hibernate.HQL_FUNCTIONS - timestampadd(TEMPORAL_UNIT field, INTEGER magnitude, TEMPORAL datetime)
10:24:16.910 [main] DEBUG org.hibernate.HQL_FUNCTIONS - Long|Double timestampdiff(TEMPORAL_UNIT field, TEMPORAL start, TEMPORAL end)
10:24:16.910 [main] DEBUG org.hibernate.HQL_FUNCTIONS - String translate(STRING arg0, STRING arg1, STRING arg2)
10:24:16.910 [main] DEBUG org.hibernate.HQL_FUNCTIONS - String trim([[{leading|trailing|both} ][STRING arg0 ]from] STRING arg1)
10:24:16.910 [main] DEBUG org.hibernate.HQL_FUNCTIONS - trunc( ... )
10:24:16.910 [main] DEBUG org.hibernate.HQL_FUNCTIONS - truncate( ... )
10:24:16.910 [main] DEBUG org.hibernate.HQL_FUNCTIONS - String upper(STRING string)
10:24:16.910 [main] DEBUG org.hibernate.HQL_FUNCTIONS - Double var_pop(NUMERIC arg)
10:24:16.910 [main] DEBUG org.hibernate.HQL_FUNCTIONS - Double var_samp(NUMERIC arg)
10:24:16.910 [main] DEBUG org.hibernate.HQL_FUNCTIONS - Integer week(DATE arg)
10:24:16.910 [main] DEBUG org.hibernate.HQL_FUNCTIONS - Integer year(DATE arg)
10:24:16.910 [main] DEBUG org.hibernate.orm.query.plan.cache - Starting QueryInterpretationCache(2048)
10:24:16.911 [main] DEBUG org.hibernate.service.internal.SessionFactoryServiceRegistryImpl - EventListenerRegistry access via ServiceRegistry is deprecated.  Use `sessionFactory.getEventEngine().getListenerRegistry()` instead
10:24:16.911 [main] DEBUG org.hibernate.event.internal.EntityCopyObserverFactoryInitiator - Configured EntityCopyObserver strategy: disallow
10:24:16.912 [main] DEBUG org.hibernate.boot.internal.ClassLoaderAccessImpl - Not known whether passed class name [org.frcpm.models.Attendance] is safe
10:24:16.912 [main] DEBUG org.hibernate.boot.internal.ClassLoaderAccessImpl - No temp ClassLoader provided; using live ClassLoader for loading potentially unsafe class : org.frcpm.models.Attendance
10:24:16.920 [main] DEBUG org.hibernate.bytecode.internal.bytebuddy.BytecodeProviderImpl - HHH000513: Unable to create the ReflectionOptimizer for [org.frcpm.models.Attendance]: private accessor [arrivalTime]
10:24:16.920 [main] DEBUG org.hibernate.boot.internal.ClassLoaderAccessImpl - Not known whether passed class name [org.frcpm.models.Meeting] is safe
10:24:16.920 [main] DEBUG org.hibernate.boot.internal.ClassLoaderAccessImpl - No temp ClassLoader provided; using live ClassLoader for loading potentially unsafe class : org.frcpm.models.Meeting
10:24:16.926 [main] DEBUG org.hibernate.bytecode.internal.bytebuddy.BytecodeProviderImpl - HHH000513: Unable to create the ReflectionOptimizer for [org.frcpm.models.Meeting]: private accessor [attendances]
10:24:16.926 [main] DEBUG org.hibernate.boot.internal.ClassLoaderAccessImpl - Not known whether passed class name [org.frcpm.models.Subsystem] is safe
10:24:16.926 [main] DEBUG org.hibernate.boot.internal.ClassLoaderAccessImpl - No temp ClassLoader provided; using live ClassLoader for loading potentially unsafe class : org.frcpm.models.Subsystem
10:24:16.930 [main] DEBUG org.hibernate.bytecode.internal.bytebuddy.BytecodeProviderImpl - HHH000513: Unable to create the ReflectionOptimizer for [org.frcpm.models.Subsystem]: private accessor [description]
10:24:16.932 [main] DEBUG org.hibernate.boot.internal.ClassLoaderAccessImpl - Not known whether passed class name [org.frcpm.models.Component] is safe
10:24:16.932 [main] DEBUG org.hibernate.boot.internal.ClassLoaderAccessImpl - No temp ClassLoader provided; using live ClassLoader for loading potentially unsafe class : org.frcpm.models.Component
10:24:16.941 [FRC-PM-HikariCP housekeeper] DEBUG com.zaxxer.hikari.pool.HikariPool - FRC-PM-HikariCP - Before cleanup stats (total=1, active=0, idle=1, waiting=0)
10:24:16.941 [FRC-PM-HikariCP housekeeper] DEBUG com.zaxxer.hikari.pool.HikariPool - FRC-PM-HikariCP - After cleanup  stats (total=1, active=0, idle=1, waiting=0)
10:24:16.941 [main] DEBUG org.hibernate.bytecode.internal.bytebuddy.BytecodeProviderImpl - HHH000513: Unable to create the ReflectionOptimizer for [org.frcpm.models.Component]: private accessor [actualDelivery]
10:24:16.942 [main] DEBUG org.hibernate.boot.internal.ClassLoaderAccessImpl - Not known whether passed class name [org.frcpm.models.Milestone] is safe
10:24:16.942 [main] DEBUG org.hibernate.boot.internal.ClassLoaderAccessImpl - No temp ClassLoader provided; using live ClassLoader for loading potentially unsafe class : org.frcpm.models.Milestone
10:24:16.943 [FRC-PM-HikariCP connection adder] DEBUG com.zaxxer.hikari.pool.HikariPool - FRC-PM-HikariCP - Added connection conn23: url=jdbc:h2:file:C:\Users\dhiebert\.frcpm\frcpm user=SA
10:24:16.950 [main] DEBUG org.hibernate.bytecode.internal.bytebuddy.BytecodeProviderImpl - HHH000513: Unable to create the ReflectionOptimizer for [org.frcpm.models.Milestone]: private accessor [date]
10:24:16.951 [main] DEBUG org.hibernate.boot.internal.ClassLoaderAccessImpl - Not known whether passed class name [org.frcpm.models.Project] is safe
10:24:16.951 [main] DEBUG org.hibernate.boot.internal.ClassLoaderAccessImpl - No temp ClassLoader provided; using live ClassLoader for loading potentially unsafe class : org.frcpm.models.Project
10:24:16.956 [main] DEBUG org.hibernate.bytecode.internal.bytebuddy.BytecodeProviderImpl - HHH000513: Unable to create the ReflectionOptimizer for [org.frcpm.models.Project]: private accessor [description]
10:24:16.956 [main] DEBUG org.hibernate.boot.internal.ClassLoaderAccessImpl - Not known whether passed class name [org.frcpm.models.Subteam] is safe
10:24:16.956 [main] DEBUG org.hibernate.boot.internal.ClassLoaderAccessImpl - No temp ClassLoader provided; using live ClassLoader for loading potentially unsafe class : org.frcpm.models.Subteam
10:24:16.960 [main] DEBUG org.hibernate.bytecode.internal.bytebuddy.BytecodeProviderImpl - HHH000513: Unable to create the ReflectionOptimizer for [org.frcpm.models.Subteam]: private accessor [colorCode]
10:24:16.961 [main] DEBUG org.hibernate.boot.internal.ClassLoaderAccessImpl - Not known whether passed class name [org.frcpm.models.Task] is safe
10:24:16.961 [main] DEBUG org.hibernate.boot.internal.ClassLoaderAccessImpl - No temp ClassLoader provided; using live ClassLoader for loading potentially unsafe class : org.frcpm.models.Task
10:24:16.968 [main] DEBUG org.hibernate.bytecode.internal.bytebuddy.BytecodeProviderImpl - HHH000513: Unable to create the ReflectionOptimizer for [org.frcpm.models.Task]: private accessor [actualDurationSeconds]
10:24:16.968 [main] DEBUG org.hibernate.boot.internal.ClassLoaderAccessImpl - Not known whether passed class name [org.frcpm.models.TeamMember] is safe
10:24:16.968 [main] DEBUG org.hibernate.boot.internal.ClassLoaderAccessImpl - No temp ClassLoader provided; using live ClassLoader for loading potentially unsafe class : org.frcpm.models.TeamMember
10:24:16.975 [main] DEBUG org.hibernate.bytecode.internal.bytebuddy.BytecodeProviderImpl - HHH000513: Unable to create the ReflectionOptimizer for [org.frcpm.models.TeamMember]: private accessor [assignedTasks]
10:24:16.976 [main] DEBUG org.hibernate.orm.jdbc.mutation - Skipping collection row updates - org.frcpm.models.Task.assignedTo
10:24:16.976 [main] DEBUG org.hibernate.orm.jdbc.mutation - Skipping collection (re)creation - org.frcpm.models.Subsystem.tasks
10:24:16.976 [main] DEBUG org.hibernate.orm.jdbc.mutation - Skipping collection row deletions - org.frcpm.models.Subsystem.tasks
10:24:16.976 [main] DEBUG org.hibernate.orm.jdbc.mutation - Skipping collection removals - org.frcpm.models.Subsystem.tasks
10:24:16.976 [main] DEBUG org.hibernate.orm.jdbc.mutation - Skipping collection (re)creation - org.frcpm.models.Subteam.members
10:24:16.976 [main] DEBUG org.hibernate.orm.jdbc.mutation - Skipping collection row deletions - org.frcpm.models.Subteam.members
10:24:16.976 [main] DEBUG org.hibernate.orm.jdbc.mutation - Skipping collection removals - org.frcpm.models.Subteam.members
10:24:16.976 [main] DEBUG org.hibernate.orm.jdbc.mutation - Skipping collection (re)creation - org.frcpm.models.TeamMember.attendances
10:24:16.976 [main] DEBUG org.hibernate.orm.jdbc.mutation - Skipping collection row deletions - org.frcpm.models.TeamMember.attendances
10:24:16.976 [main] DEBUG org.hibernate.orm.jdbc.mutation - Skipping collection removals - org.frcpm.models.TeamMember.attendances
10:24:16.976 [main] DEBUG org.hibernate.orm.jdbc.mutation - Skipping collection row updates - org.frcpm.models.Task.requiredComponents
10:24:16.976 [main] DEBUG org.hibernate.orm.jdbc.mutation - Skipping collection (re)creation - org.frcpm.models.Subteam.subsystems
10:24:16.976 [main] DEBUG org.hibernate.orm.jdbc.mutation - Skipping collection row deletions - org.frcpm.models.Subteam.subsystems
10:24:16.976 [main] DEBUG org.hibernate.orm.jdbc.mutation - Skipping collection removals - org.frcpm.models.Subteam.subsystems
10:24:16.976 [main] DEBUG org.hibernate.orm.jdbc.mutation - Skipping collection row updates - org.frcpm.models.Task.preDependencies
10:24:16.976 [main] DEBUG org.hibernate.orm.jdbc.mutation - Skipping collection (re)creation - org.frcpm.models.Project.milestones
10:24:16.976 [main] DEBUG org.hibernate.orm.jdbc.mutation - Skipping collection row deletions - org.frcpm.models.Project.milestones
10:24:16.976 [main] DEBUG org.hibernate.orm.jdbc.mutation - Skipping collection removals - org.frcpm.models.Project.milestones
10:24:16.976 [main] DEBUG org.hibernate.orm.jdbc.mutation - Skipping collection inserts - org.frcpm.models.Component.requiredForTasks
10:24:16.976 [main] DEBUG org.hibernate.orm.jdbc.mutation - Skipping collection row updates - org.frcpm.models.Component.requiredForTasks
10:24:16.976 [main] DEBUG org.hibernate.orm.jdbc.mutation - Skipping collection row deletions - org.frcpm.models.Component.requiredForTasks
10:24:16.976 [main] DEBUG org.hibernate.orm.jdbc.mutation - Skipping collection removals - org.frcpm.models.Component.requiredForTasks
10:24:16.976 [main] DEBUG org.hibernate.orm.jdbc.mutation - Skipping collection (re)creation - org.frcpm.models.Project.meetings
10:24:16.976 [main] DEBUG org.hibernate.orm.jdbc.mutation - Skipping collection row deletions - org.frcpm.models.Project.meetings
10:24:16.976 [main] DEBUG org.hibernate.orm.jdbc.mutation - Skipping collection removals - org.frcpm.models.Project.meetings
10:24:16.976 [main] DEBUG org.hibernate.orm.jdbc.mutation - Skipping collection inserts - org.frcpm.models.TeamMember.assignedTasks
10:24:16.976 [main] DEBUG org.hibernate.orm.jdbc.mutation - Skipping collection row updates - org.frcpm.models.TeamMember.assignedTasks
10:24:16.976 [main] DEBUG org.hibernate.orm.jdbc.mutation - Skipping collection row deletions - org.frcpm.models.TeamMember.assignedTasks
10:24:16.976 [main] DEBUG org.hibernate.orm.jdbc.mutation - Skipping collection removals - org.frcpm.models.TeamMember.assignedTasks
10:24:16.976 [main] DEBUG org.hibernate.orm.jdbc.mutation - Skipping collection (re)creation - org.frcpm.models.Meeting.attendances
10:24:16.976 [main] DEBUG org.hibernate.orm.jdbc.mutation - Skipping collection row deletions - org.frcpm.models.Meeting.attendances
10:24:16.976 [main] DEBUG org.hibernate.orm.jdbc.mutation - Skipping collection removals - org.frcpm.models.Meeting.attendances
10:24:16.976 [main] DEBUG org.hibernate.orm.jdbc.mutation - Skipping collection inserts - org.frcpm.models.Task.postDependencies
10:24:16.976 [main] DEBUG org.hibernate.orm.jdbc.mutation - Skipping collection row updates - org.frcpm.models.Task.postDependencies
10:24:16.976 [main] DEBUG org.hibernate.orm.jdbc.mutation - Skipping collection row deletions - org.frcpm.models.Task.postDependencies
10:24:16.976 [main] DEBUG org.hibernate.orm.jdbc.mutation - Skipping collection removals - org.frcpm.models.Task.postDependencies
10:24:16.976 [main] DEBUG org.hibernate.orm.jdbc.mutation - Skipping collection (re)creation - org.frcpm.models.Project.tasks
10:24:16.976 [main] DEBUG org.hibernate.orm.jdbc.mutation - Skipping collection row deletions - org.frcpm.models.Project.tasks
10:24:16.976 [main] DEBUG org.hibernate.orm.jdbc.mutation - Skipping collection removals - org.frcpm.models.Project.tasks
10:24:16.980 [main] DEBUG org.hibernate.orm.model.mapping.creation - Starting post-init callbacks
10:24:16.980 [main] DEBUG org.hibernate.orm.model.mapping.creation - Starting PostInitCallbackEntry : To-one key - NavigableRole[org.frcpm.models.Attendance.meeting]
10:24:16.980 [main] DEBUG org.hibernate.orm.model.mapping.creation - Starting PostInitCallbackEntry : To-one key - NavigableRole[org.frcpm.models.Attendance.member]
10:24:16.980 [main] DEBUG org.hibernate.orm.model.mapping.creation - Starting PostInitCallbackEntry : Entity(org.frcpm.models.Attendance) `staticFetchableList` generator
10:24:16.980 [main] DEBUG org.hibernate.orm.model.mapping.creation - Starting PostInitCallbackEntry : PluralAttributeMapping( NavigableRole[org.frcpm.models.Meeting.attendances#{element}]) - element descriptor
10:24:16.980 [main] DEBUG org.hibernate.orm.model.mapping.creation - Starting PostInitCallbackEntry : PluralAttributeMapping(org.frcpm.models.Meeting.attendances)#finishInitialization
10:24:16.980 [main] DEBUG org.hibernate.orm.model.mapping.creation - Starting PostInitCallbackEntry : PluralAttributeMapping(org.frcpm.models.Meeting.attendances) - key descriptor
10:24:16.980 [main] DEBUG org.hibernate.orm.model.mapping.creation - Starting PostInitCallbackEntry : To-one key - NavigableRole[org.frcpm.models.Meeting.project]
10:24:16.980 [main] DEBUG org.hibernate.orm.model.mapping.creation - Starting PostInitCallbackEntry : Entity(org.frcpm.models.Meeting) `staticFetchableList` generator
10:24:16.980 [main] DEBUG org.hibernate.orm.model.mapping.creation - Starting PostInitCallbackEntry : To-one key - NavigableRole[org.frcpm.models.Subsystem.responsibleSubteam]
10:24:16.980 [main] DEBUG org.hibernate.orm.model.mapping.creation - Starting PostInitCallbackEntry : PluralAttributeMapping( NavigableRole[org.frcpm.models.Subsystem.tasks#{element}]) - element descriptor
10:24:16.980 [main] DEBUG org.hibernate.orm.model.mapping.creation - Starting PostInitCallbackEntry : PluralAttributeMapping(org.frcpm.models.Subsystem.tasks)#finishInitialization
10:24:16.980 [main] DEBUG org.hibernate.orm.model.mapping.creation - Starting PostInitCallbackEntry : PluralAttributeMapping(org.frcpm.models.Subsystem.tasks) - key descriptor
10:24:16.980 [main] DEBUG org.hibernate.orm.model.mapping.creation - Starting PostInitCallbackEntry : Entity(org.frcpm.models.Subsystem) `staticFetchableList` generator
10:24:16.980 [main] DEBUG org.hibernate.orm.model.mapping.creation - Starting PostInitCallbackEntry : PluralAttributeMapping( NavigableRole[org.frcpm.models.Component.requiredForTasks#{element}]) - element descriptor
10:24:16.980 [main] DEBUG org.hibernate.orm.model.mapping.creation - Starting PostInitCallbackEntry : PluralAttributeMapping(org.frcpm.models.Component.requiredForTasks)#finishInitialization
10:24:16.980 [main] DEBUG org.hibernate.orm.model.mapping.creation - Starting PostInitCallbackEntry : PluralAttributeMapping(org.frcpm.models.Component.requiredForTasks) - key descriptor
10:24:16.981 [main] DEBUG org.hibernate.orm.model.mapping.creation - Starting PostInitCallbackEntry : Entity(org.frcpm.models.Component) `staticFetchableList` generator
10:24:16.981 [main] DEBUG org.hibernate.orm.model.mapping.creation - Starting PostInitCallbackEntry : To-one key - NavigableRole[org.frcpm.models.Milestone.project]
10:24:16.981 [main] DEBUG org.hibernate.orm.model.mapping.creation - Starting PostInitCallbackEntry : Entity(org.frcpm.models.Milestone) `staticFetchableList` generator
10:24:16.981 [main] DEBUG org.hibernate.orm.model.mapping.creation - Starting PostInitCallbackEntry : PluralAttributeMapping( NavigableRole[org.frcpm.models.Project.meetings#{element}]) - element descriptor
10:24:16.981 [main] DEBUG org.hibernate.orm.model.mapping.creation - Starting PostInitCallbackEntry : PluralAttributeMapping(org.frcpm.models.Project.meetings)#finishInitialization
10:24:16.981 [main] DEBUG org.hibernate.orm.model.mapping.creation - Starting PostInitCallbackEntry : PluralAttributeMapping(org.frcpm.models.Project.meetings) - key descriptor
10:24:16.981 [main] DEBUG org.hibernate.orm.model.mapping.creation - Starting PostInitCallbackEntry : PluralAttributeMapping( NavigableRole[org.frcpm.models.Project.milestones#{element}]) - element descriptor
10:24:16.981 [main] DEBUG org.hibernate.orm.model.mapping.creation - Starting PostInitCallbackEntry : PluralAttributeMapping(org.frcpm.models.Project.milestones)#finishInitialization
10:24:16.981 [main] DEBUG org.hibernate.orm.model.mapping.creation - Starting PostInitCallbackEntry : PluralAttributeMapping(org.frcpm.models.Project.milestones) - key descriptor
10:24:16.981 [main] DEBUG org.hibernate.orm.model.mapping.creation - Starting PostInitCallbackEntry : PluralAttributeMapping( NavigableRole[org.frcpm.models.Project.tasks#{element}]) - element descriptor
10:24:16.981 [main] DEBUG org.hibernate.orm.model.mapping.creation - Starting PostInitCallbackEntry : PluralAttributeMapping(org.frcpm.models.Project.tasks)#finishInitialization
10:24:16.981 [main] DEBUG org.hibernate.orm.model.mapping.creation - Starting PostInitCallbackEntry : PluralAttributeMapping(org.frcpm.models.Project.tasks) - key descriptor
10:24:16.981 [main] DEBUG org.hibernate.orm.model.mapping.creation - Starting PostInitCallbackEntry : Entity(org.frcpm.models.Project) `staticFetchableList` generator
10:24:16.981 [main] DEBUG org.hibernate.orm.model.mapping.creation - Starting PostInitCallbackEntry : PluralAttributeMapping( NavigableRole[org.frcpm.models.Subteam.members#{element}]) - element descriptor
10:24:16.981 [main] DEBUG org.hibernate.orm.model.mapping.creation - Starting PostInitCallbackEntry : PluralAttributeMapping(org.frcpm.models.Subteam.members)#finishInitialization
10:24:16.981 [main] DEBUG org.hibernate.orm.model.mapping.creation - Starting PostInitCallbackEntry : PluralAttributeMapping(org.frcpm.models.Subteam.members) - key descriptor
10:24:16.981 [main] DEBUG org.hibernate.orm.model.mapping.creation - Starting PostInitCallbackEntry : PluralAttributeMapping( NavigableRole[org.frcpm.models.Subteam.subsystems#{element}]) - element descriptor
10:24:16.981 [main] DEBUG org.hibernate.orm.model.mapping.creation - Starting PostInitCallbackEntry : PluralAttributeMapping(org.frcpm.models.Subteam.subsystems)#finishInitialization
10:24:16.981 [main] DEBUG org.hibernate.orm.model.mapping.creation - Starting PostInitCallbackEntry : PluralAttributeMapping(org.frcpm.models.Subteam.subsystems) - key descriptor
10:24:16.981 [main] DEBUG org.hibernate.orm.model.mapping.creation - Starting PostInitCallbackEntry : Entity(org.frcpm.models.Subteam) `staticFetchableList` generator
10:24:16.981 [main] DEBUG org.hibernate.orm.model.mapping.creation - Starting PostInitCallbackEntry : PluralAttributeMapping( NavigableRole[org.frcpm.models.Task.assignedTo#{element}]) - element descriptor
10:24:16.981 [main] DEBUG org.hibernate.orm.model.mapping.creation - Starting PostInitCallbackEntry : PluralAttributeMapping(org.frcpm.models.Task.assignedTo)#finishInitialization
10:24:16.981 [main] DEBUG org.hibernate.orm.model.mapping.creation - Starting PostInitCallbackEntry : PluralAttributeMapping(org.frcpm.models.Task.assignedTo) - key descriptor
10:24:16.981 [main] DEBUG org.hibernate.orm.model.mapping.creation - Starting PostInitCallbackEntry : PluralAttributeMapping( NavigableRole[org.frcpm.models.Task.postDependencies#{element}]) - element descriptor
10:24:16.981 [main] DEBUG org.hibernate.orm.model.mapping.creation - Starting PostInitCallbackEntry : PluralAttributeMapping(org.frcpm.models.Task.postDependencies)#finishInitialization
10:24:16.981 [main] DEBUG org.hibernate.orm.model.mapping.creation - Starting PostInitCallbackEntry : PluralAttributeMapping(org.frcpm.models.Task.postDependencies) - key descriptor
10:24:16.981 [main] DEBUG org.hibernate.orm.model.mapping.creation - Starting PostInitCallbackEntry : PluralAttributeMapping( NavigableRole[org.frcpm.models.Task.preDependencies#{element}]) - element descriptor
10:24:16.981 [main] DEBUG org.hibernate.orm.model.mapping.creation - Starting PostInitCallbackEntry : PluralAttributeMapping(org.frcpm.models.Task.preDependencies)#finishInitialization
10:24:16.981 [main] DEBUG org.hibernate.orm.model.mapping.creation - Starting PostInitCallbackEntry : PluralAttributeMapping(org.frcpm.models.Task.preDependencies) - key descriptor
10:24:16.981 [main] DEBUG org.hibernate.orm.model.mapping.creation - Starting PostInitCallbackEntry : To-one key - NavigableRole[org.frcpm.models.Task.project]
10:24:16.981 [main] DEBUG org.hibernate.orm.model.mapping.creation - Starting PostInitCallbackEntry : PluralAttributeMapping( NavigableRole[org.frcpm.models.Task.requiredComponents#{element}]) - element descriptor
10:24:16.981 [main] DEBUG org.hibernate.orm.model.mapping.creation - Starting PostInitCallbackEntry : PluralAttributeMapping(org.frcpm.models.Task.requiredComponents)#finishInitialization
10:24:16.981 [main] DEBUG org.hibernate.orm.model.mapping.creation - Starting PostInitCallbackEntry : PluralAttributeMapping(org.frcpm.models.Task.requiredComponents) - key descriptor
10:24:16.982 [main] DEBUG org.hibernate.orm.model.mapping.creation - Starting PostInitCallbackEntry : To-one key - NavigableRole[org.frcpm.models.Task.subsystem]
10:24:16.982 [main] DEBUG org.hibernate.orm.model.mapping.creation - Starting PostInitCallbackEntry : Entity(org.frcpm.models.Task) `staticFetchableList` generator
10:24:16.982 [main] DEBUG org.hibernate.orm.model.mapping.creation - Starting PostInitCallbackEntry : PluralAttributeMapping( NavigableRole[org.frcpm.models.TeamMember.assignedTasks#{element}]) - element descriptor
10:24:16.982 [main] DEBUG org.hibernate.orm.model.mapping.creation - Starting PostInitCallbackEntry : PluralAttributeMapping(org.frcpm.models.TeamMember.assignedTasks)#finishInitialization
10:24:16.982 [main] DEBUG org.hibernate.orm.model.mapping.creation - Starting PostInitCallbackEntry : PluralAttributeMapping(org.frcpm.models.TeamMember.assignedTasks) - key descriptor
10:24:16.982 [main] DEBUG org.hibernate.orm.model.mapping.creation - Starting PostInitCallbackEntry : PluralAttributeMapping( NavigableRole[org.frcpm.models.TeamMember.attendances#{element}]) - element descriptor
10:24:16.982 [main] DEBUG org.hibernate.orm.model.mapping.creation - Starting PostInitCallbackEntry : PluralAttributeMapping(org.frcpm.models.TeamMember.attendances)#finishInitialization
10:24:16.982 [main] DEBUG org.hibernate.orm.model.mapping.creation - Starting PostInitCallbackEntry : PluralAttributeMapping(org.frcpm.models.TeamMember.attendances) - key descriptor
10:24:16.982 [main] DEBUG org.hibernate.orm.model.mapping.creation - Starting PostInitCallbackEntry : To-one key - NavigableRole[org.frcpm.models.TeamMember.subteam]
10:24:16.982 [main] DEBUG org.hibernate.orm.model.mapping.creation - Starting PostInitCallbackEntry : Entity(org.frcpm.models.TeamMember) `staticFetchableList` generator
10:24:16.982 [main] DEBUG org.hibernate.orm.model.mapping.creation - Starting PostInitCallbackEntry : PluralAttributeMapping( NavigableRole[org.frcpm.models.Meeting.attendances#{element}]) - element descriptor
10:24:16.982 [main] DEBUG org.hibernate.orm.model.mapping.creation - Starting PostInitCallbackEntry : PluralAttributeMapping( NavigableRole[org.frcpm.models.Subsystem.tasks#{element}]) - element descriptor
10:24:16.982 [main] DEBUG org.hibernate.orm.model.mapping.creation - Starting PostInitCallbackEntry : PluralAttributeMapping( NavigableRole[org.frcpm.models.Component.requiredForTasks#{element}]) - element descriptor
10:24:16.982 [main] DEBUG org.hibernate.orm.model.mapping.creation - Starting PostInitCallbackEntry : PluralAttributeMapping( NavigableRole[org.frcpm.models.Project.meetings#{element}]) - element descriptor
10:24:16.982 [main] DEBUG org.hibernate.orm.model.mapping.creation - Starting PostInitCallbackEntry : PluralAttributeMapping( NavigableRole[org.frcpm.models.Project.milestones#{element}]) - element descriptor
10:24:16.982 [main] DEBUG org.hibernate.orm.model.mapping.creation - Starting PostInitCallbackEntry : PluralAttributeMapping( NavigableRole[org.frcpm.models.Project.tasks#{element}]) - element descriptor
10:24:16.982 [main] DEBUG org.hibernate.orm.model.mapping.creation - Starting PostInitCallbackEntry : PluralAttributeMapping( NavigableRole[org.frcpm.models.Subteam.members#{element}]) - element descriptor
10:24:16.982 [main] DEBUG org.hibernate.orm.model.mapping.creation - Starting PostInitCallbackEntry : PluralAttributeMapping( NavigableRole[org.frcpm.models.Subteam.subsystems#{element}]) - element descriptor
10:24:16.982 [main] DEBUG org.hibernate.orm.model.mapping.creation - Starting PostInitCallbackEntry : PluralAttributeMapping( NavigableRole[org.frcpm.models.Task.postDependencies#{element}]) - element descriptor
10:24:16.982 [main] DEBUG org.hibernate.orm.model.mapping.creation - Starting PostInitCallbackEntry : PluralAttributeMapping( NavigableRole[org.frcpm.models.TeamMember.attendances#{element}]) - element descriptor
10:24:16.986 [main] DEBUG org.hibernate.orm.sql.ast.create - Created new SQL alias : a1_0
10:24:16.986 [main] DEBUG org.hibernate.orm.sql.ast.create - Registration of TableGroup [StandardTableGroup(org.frcpm.models.Attendance)] with identifierForTableGroup [org.frcpm.models.Attendance] for NavigablePath [org.frcpm.models.Attendance] 
10:24:16.986 [main] DEBUG org.hibernate.orm.sql.ast.create - Registration of TableGroup [org.hibernate.sql.ast.tree.from.LazyTableGroup@6b58253a] with identifierForTableGroup [org.frcpm.models.Attendance.meeting] for NavigablePath [org.frcpm.models.Attendance.meeting] 
10:24:16.986 [main] DEBUG org.hibernate.orm.sql.ast.create - Registration of TableGroup [org.hibernate.sql.ast.tree.from.LazyTableGroup@7f152668] with identifierForTableGroup [org.frcpm.models.Attendance.member] for NavigablePath [org.frcpm.models.Attendance.member] 
10:24:16.986 [main] DEBUG org.hibernate.orm.results.graph.AST - DomainResult Graph:
 \-EntityResultImpl [org.frcpm.models.Attendance]
 |  +-BasicFetch [org.frcpm.models.Attendance.arrivalTime]
 |  +-BasicFetch [org.frcpm.models.Attendance.departureTime]
 |  +-EntityDelayedFetchImpl [org.frcpm.models.Attendance.meeting]
 |  +-EntityDelayedFetchImpl [org.frcpm.models.Attendance.member]
 |  \-BasicFetch [org.frcpm.models.Attendance.present]

10:24:16.986 [main] DEBUG org.hibernate.orm.sql.ast.tree - SQL AST Tree:
    SelectStatement {
      FromClause {
        StandardTableGroup (a1 : org.frcpm.models.Attendance) {
          primaryTableReference : attendances as a1_0
          TableGroupJoins {
            left  join LazyTableGroup (m1 : org.frcpm.models.Attendance.meeting) {
            }
            left  join LazyTableGroup (m2 : org.frcpm.models.Attendance.member) {
            }
          }
        }
      }
    }

10:24:16.986 [main] DEBUG org.hibernate.persister.entity.AbstractEntityPersister - Static SQL for entity: org.frcpm.models.Attendance
10:24:16.986 [main] DEBUG org.hibernate.persister.entity.AbstractEntityPersister -  Version select: select id from attendances where id=?
10:24:16.986 [main] DEBUG org.hibernate.persister.entity.AbstractEntityPersister -  Insert (0): insert into attendances (arrival_time,departure_time,meeting_id,member_id,present,id) values (?,?,?,?,?,default)
10:24:16.986 [main] DEBUG org.hibernate.persister.entity.AbstractEntityPersister -  Update (0): update attendances set arrival_time=?,departure_time=?,meeting_id=?,member_id=?,present=? where id=?
10:24:16.986 [main] DEBUG org.hibernate.persister.entity.AbstractEntityPersister -  Delete (0): delete from attendances where id=?
10:24:16.986 [main] DEBUG org.hibernate.orm.sql.ast.create - Created new SQL alias : m1_0
10:24:16.986 [main] DEBUG org.hibernate.orm.sql.ast.create - Registration of TableGroup [StandardTableGroup(org.frcpm.models.Meeting)] with identifierForTableGroup [org.frcpm.models.Meeting] for NavigablePath [org.frcpm.models.Meeting] 
10:24:16.986 [main] DEBUG org.hibernate.orm.sql.ast.create - Registration of TableGroup [org.hibernate.sql.ast.tree.from.LazyTableGroup@2e55524b] with identifierForTableGroup [org.frcpm.models.Meeting.project] for NavigablePath [org.frcpm.models.Meeting.project] 
10:24:16.986 [main] DEBUG org.hibernate.orm.results.graph.AST - DomainResult Graph:
 \-EntityResultImpl [org.frcpm.models.Meeting]
 |  +-DelayedCollectionFetch [org.frcpm.models.Meeting.attendances]
 |  +-BasicFetch [org.frcpm.models.Meeting.date]
 |  +-BasicFetch [org.frcpm.models.Meeting.endTime]
 |  +-BasicFetch [org.frcpm.models.Meeting.notes]
 |  +-EntityDelayedFetchImpl [org.frcpm.models.Meeting.project]
 |  \-BasicFetch [org.frcpm.models.Meeting.startTime]

10:24:16.986 [main] DEBUG org.hibernate.orm.sql.ast.tree - SQL AST Tree:
    SelectStatement {
      FromClause {
        StandardTableGroup (m1 : org.frcpm.models.Meeting) {
          primaryTableReference : meetings as m1_0
          TableGroupJoins {
            left  join LazyTableGroup (p1 : org.frcpm.models.Meeting.project) {
            }
          }
        }
      }
    }

10:24:16.986 [main] DEBUG org.hibernate.persister.entity.AbstractEntityPersister - Static SQL for entity: org.frcpm.models.Meeting
10:24:16.986 [main] DEBUG org.hibernate.persister.entity.AbstractEntityPersister -  Version select: select id from meetings where id=?
10:24:16.986 [main] DEBUG org.hibernate.persister.entity.AbstractEntityPersister -  Insert (0): insert into meetings (date,end_time,notes,project_id,start_time,id) values (?,?,?,?,?,default)
10:24:16.986 [main] DEBUG org.hibernate.persister.entity.AbstractEntityPersister -  Update (0): update meetings set date=?,end_time=?,notes=?,project_id=?,start_time=? where id=?
10:24:16.986 [main] DEBUG org.hibernate.persister.entity.AbstractEntityPersister -  Delete (0): delete from meetings where id=?
10:24:16.986 [main] DEBUG org.hibernate.orm.sql.ast.create - Created new SQL alias : s1_0
10:24:16.986 [main] DEBUG org.hibernate.orm.sql.ast.create - Registration of TableGroup [StandardTableGroup(org.frcpm.models.Subsystem)] with identifierForTableGroup [org.frcpm.models.Subsystem] for NavigablePath [org.frcpm.models.Subsystem] 
10:24:16.986 [main] DEBUG org.hibernate.orm.sql.ast.create - Registration of TableGroup [org.hibernate.sql.ast.tree.from.LazyTableGroup@73793df2] with identifierForTableGroup [org.frcpm.models.Subsystem.responsibleSubteam] for NavigablePath [org.frcpm.models.Subsystem.responsibleSubteam] 
10:24:16.986 [main] DEBUG org.hibernate.orm.results.graph.AST - DomainResult Graph:
 \-EntityResultImpl [org.frcpm.models.Subsystem]
 |  +-BasicFetch [org.frcpm.models.Subsystem.description]
 |  +-BasicFetch [org.frcpm.models.Subsystem.name]
 |  +-EntityDelayedFetchImpl [org.frcpm.models.Subsystem.responsibleSubteam]
 |  +-BasicFetch [org.frcpm.models.Subsystem.status]
 |  \-DelayedCollectionFetch [org.frcpm.models.Subsystem.tasks]

10:24:16.986 [main] DEBUG org.hibernate.orm.sql.ast.tree - SQL AST Tree:
    SelectStatement {
      FromClause {
        StandardTableGroup (s1 : org.frcpm.models.Subsystem) {
          primaryTableReference : subsystems as s1_0
          TableGroupJoins {
            left  join LazyTableGroup (rs1 : org.frcpm.models.Subsystem.responsibleSubteam) {
            }
          }
        }
      }
    }

10:24:16.986 [main] DEBUG org.hibernate.persister.entity.AbstractEntityPersister - Static SQL for entity: org.frcpm.models.Subsystem
10:24:16.986 [main] DEBUG org.hibernate.persister.entity.AbstractEntityPersister -  Version select: select id from subsystems where id=?
10:24:16.987 [main] DEBUG org.hibernate.persister.entity.AbstractEntityPersister -  Insert (0): insert into subsystems (description,name,responsible_subteam_id,status,id) values (?,?,?,?,default)
10:24:16.987 [main] DEBUG org.hibernate.persister.entity.AbstractEntityPersister -  Update (0): update subsystems set description=?,name=?,responsible_subteam_id=?,status=? where id=?
10:24:16.987 [main] DEBUG org.hibernate.persister.entity.AbstractEntityPersister -  Delete (0): delete from subsystems where id=?
10:24:16.987 [main] DEBUG org.hibernate.orm.sql.ast.create - Created new SQL alias : c1_0
10:24:16.987 [main] DEBUG org.hibernate.orm.sql.ast.create - Registration of TableGroup [StandardTableGroup(org.frcpm.models.Component)] with identifierForTableGroup [org.frcpm.models.Component] for NavigablePath [org.frcpm.models.Component] 
10:24:16.987 [main] DEBUG org.hibernate.orm.results.graph.AST - DomainResult Graph:
 \-EntityResultImpl [org.frcpm.models.Component]
 |  +-BasicFetch [org.frcpm.models.Component.actualDelivery]
 |  +-BasicFetch [org.frcpm.models.Component.delivered]
 |  +-BasicFetch [org.frcpm.models.Component.description]
 |  +-BasicFetch [org.frcpm.models.Component.expectedDelivery]
 |  +-BasicFetch [org.frcpm.models.Component.name]
 |  +-BasicFetch [org.frcpm.models.Component.partNumber]
 |  \-DelayedCollectionFetch [org.frcpm.models.Component.requiredForTasks]

10:24:16.987 [main] DEBUG org.hibernate.orm.sql.ast.tree - SQL AST Tree:
    SelectStatement {
      FromClause {
        StandardTableGroup (c1 : org.frcpm.models.Component) {
          primaryTableReference : components as c1_0
        }
      }
    }

10:24:16.987 [main] DEBUG org.hibernate.persister.entity.AbstractEntityPersister - Static SQL for entity: org.frcpm.models.Component
10:24:16.987 [main] DEBUG org.hibernate.persister.entity.AbstractEntityPersister -  Version select: select id from components where id=?
10:24:16.987 [main] DEBUG org.hibernate.persister.entity.AbstractEntityPersister -  Insert (0): insert into components (actual_delivery,is_delivered,description,expected_delivery,name,part_number,id) values (?,?,?,?,?,?,default)
10:24:16.987 [main] DEBUG org.hibernate.persister.entity.AbstractEntityPersister -  Update (0): update components set actual_delivery=?,is_delivered=?,description=?,expected_delivery=?,name=?,part_number=? where id=?
10:24:16.987 [main] DEBUG org.hibernate.persister.entity.AbstractEntityPersister -  Delete (0): delete from components where id=?
10:24:16.987 [main] DEBUG org.hibernate.orm.sql.ast.create - Created new SQL alias : m1_0
10:24:16.987 [main] DEBUG org.hibernate.orm.sql.ast.create - Registration of TableGroup [StandardTableGroup(org.frcpm.models.Milestone)] with identifierForTableGroup [org.frcpm.models.Milestone] for NavigablePath [org.frcpm.models.Milestone] 
10:24:16.987 [main] DEBUG org.hibernate.orm.sql.ast.create - Registration of TableGroup [org.hibernate.sql.ast.tree.from.LazyTableGroup@7ff721f8] with identifierForTableGroup [org.frcpm.models.Milestone.project] for NavigablePath [org.frcpm.models.Milestone.project] 
10:24:16.987 [main] DEBUG org.hibernate.orm.results.graph.AST - DomainResult Graph:
 \-EntityResultImpl [org.frcpm.models.Milestone]
 |  +-BasicFetch [org.frcpm.models.Milestone.date]
 |  +-BasicFetch [org.frcpm.models.Milestone.description]
 |  +-BasicFetch [org.frcpm.models.Milestone.name]
 |  \-EntityDelayedFetchImpl [org.frcpm.models.Milestone.project]

10:24:16.987 [main] DEBUG org.hibernate.orm.sql.ast.tree - SQL AST Tree:
    SelectStatement {
      FromClause {
        StandardTableGroup (m1 : org.frcpm.models.Milestone) {
          primaryTableReference : milestones as m1_0
          TableGroupJoins {
            left  join LazyTableGroup (p1 : org.frcpm.models.Milestone.project) {
            }
          }
        }
      }
    }

10:24:16.987 [main] DEBUG org.hibernate.persister.entity.AbstractEntityPersister - Static SQL for entity: org.frcpm.models.Milestone
10:24:16.987 [main] DEBUG org.hibernate.persister.entity.AbstractEntityPersister -  Version select: select id from milestones where id=?
10:24:16.987 [main] DEBUG org.hibernate.persister.entity.AbstractEntityPersister -  Insert (0): insert into milestones (date,description,name,project_id,id) values (?,?,?,?,default)
10:24:16.987 [main] DEBUG org.hibernate.persister.entity.AbstractEntityPersister -  Update (0): update milestones set date=?,description=?,name=?,project_id=? where id=?
10:24:16.987 [main] DEBUG org.hibernate.persister.entity.AbstractEntityPersister -  Delete (0): delete from milestones where id=?
10:24:16.987 [main] DEBUG org.hibernate.orm.sql.ast.create - Created new SQL alias : p1_0
10:24:16.987 [main] DEBUG org.hibernate.orm.sql.ast.create - Registration of TableGroup [StandardTableGroup(org.frcpm.models.Project)] with identifierForTableGroup [org.frcpm.models.Project] for NavigablePath [org.frcpm.models.Project] 
10:24:16.987 [main] DEBUG org.hibernate.orm.results.graph.AST - DomainResult Graph:
 \-EntityResultImpl [org.frcpm.models.Project]
 |  +-BasicFetch [org.frcpm.models.Project.description]
 |  +-BasicFetch [org.frcpm.models.Project.goalEndDate]
 |  +-BasicFetch [org.frcpm.models.Project.hardDeadline]
 |  +-DelayedCollectionFetch [org.frcpm.models.Project.meetings]
 |  +-DelayedCollectionFetch [org.frcpm.models.Project.milestones]
 |  +-BasicFetch [org.frcpm.models.Project.name]
 |  +-BasicFetch [org.frcpm.models.Project.startDate]
 |  \-DelayedCollectionFetch [org.frcpm.models.Project.tasks]

10:24:16.987 [main] DEBUG org.hibernate.orm.sql.ast.tree - SQL AST Tree:
    SelectStatement {
      FromClause {
        StandardTableGroup (p1 : org.frcpm.models.Project) {
          primaryTableReference : projects as p1_0
        }
      }
    }

10:24:16.987 [main] DEBUG org.hibernate.persister.entity.AbstractEntityPersister - Static SQL for entity: org.frcpm.models.Project
10:24:16.987 [main] DEBUG org.hibernate.persister.entity.AbstractEntityPersister -  Version select: select id from projects where id=?
10:24:16.987 [main] DEBUG org.hibernate.persister.entity.AbstractEntityPersister -  Insert (0): insert into projects (description,goal_end_date,hard_deadline,name,start_date,id) values (?,?,?,?,?,default)
10:24:16.987 [main] DEBUG org.hibernate.persister.entity.AbstractEntityPersister -  Update (0): update projects set description=?,goal_end_date=?,hard_deadline=?,name=?,start_date=? where id=?
10:24:16.987 [main] DEBUG org.hibernate.persister.entity.AbstractEntityPersister -  Delete (0): delete from projects where id=?
10:24:16.987 [main] DEBUG org.hibernate.orm.sql.ast.create - Created new SQL alias : s1_0
10:24:16.987 [main] DEBUG org.hibernate.orm.sql.ast.create - Registration of TableGroup [StandardTableGroup(org.frcpm.models.Subteam)] with identifierForTableGroup [org.frcpm.models.Subteam] for NavigablePath [org.frcpm.models.Subteam] 
10:24:16.987 [main] DEBUG org.hibernate.orm.results.graph.AST - DomainResult Graph:
 \-EntityResultImpl [org.frcpm.models.Subteam]
 |  +-BasicFetch [org.frcpm.models.Subteam.colorCode]
 |  +-DelayedCollectionFetch [org.frcpm.models.Subteam.members]
 |  +-BasicFetch [org.frcpm.models.Subteam.name]
 |  +-BasicFetch [org.frcpm.models.Subteam.specialties]
 |  \-DelayedCollectionFetch [org.frcpm.models.Subteam.subsystems]

10:24:16.987 [main] DEBUG org.hibernate.orm.sql.ast.tree - SQL AST Tree:
    SelectStatement {
      FromClause {
        StandardTableGroup (s1 : org.frcpm.models.Subteam) {
          primaryTableReference : subteams as s1_0
        }
      }
    }

10:24:16.987 [main] DEBUG org.hibernate.persister.entity.AbstractEntityPersister - Static SQL for entity: org.frcpm.models.Subteam
10:24:16.987 [main] DEBUG org.hibernate.persister.entity.AbstractEntityPersister -  Version select: select id from subteams where id=?
10:24:16.987 [main] DEBUG org.hibernate.persister.entity.AbstractEntityPersister -  Insert (0): insert into subteams (color_code,name,specialties,id) values (?,?,?,default)
10:24:16.987 [main] DEBUG org.hibernate.persister.entity.AbstractEntityPersister -  Update (0): update subteams set color_code=?,name=?,specialties=? where id=?
10:24:16.987 [main] DEBUG org.hibernate.persister.entity.AbstractEntityPersister -  Delete (0): delete from subteams where id=?
10:24:16.987 [main] DEBUG org.hibernate.orm.sql.ast.create - Created new SQL alias : t1_0
10:24:16.987 [main] DEBUG org.hibernate.orm.sql.ast.create - Registration of TableGroup [StandardTableGroup(org.frcpm.models.Task)] with identifierForTableGroup [org.frcpm.models.Task] for NavigablePath [org.frcpm.models.Task] 
10:24:16.987 [main] DEBUG org.hibernate.orm.sql.ast.create - Registration of TableGroup [org.hibernate.sql.ast.tree.from.LazyTableGroup@6232f4c1] with identifierForTableGroup [org.frcpm.models.Task.project] for NavigablePath [org.frcpm.models.Task.project] 
10:24:16.987 [main] DEBUG org.hibernate.orm.sql.ast.create - Registration of TableGroup [org.hibernate.sql.ast.tree.from.LazyTableGroup@540a2b73] with identifierForTableGroup [org.frcpm.models.Task.subsystem] for NavigablePath [org.frcpm.models.Task.subsystem] 
10:24:16.987 [main] DEBUG org.hibernate.orm.results.graph.AST - DomainResult Graph:
 \-EntityResultImpl [org.frcpm.models.Task]
 |  +-BasicFetch [org.frcpm.models.Task.actualDurationSeconds]
 |  +-DelayedCollectionFetch [org.frcpm.models.Task.assignedTo]
 |  +-BasicFetch [org.frcpm.models.Task.completed]
 |  +-BasicFetch [org.frcpm.models.Task.description]
 |  +-BasicFetch [org.frcpm.models.Task.endDate]
 |  +-BasicFetch [org.frcpm.models.Task.estimatedDurationSeconds]
 |  +-DelayedCollectionFetch [org.frcpm.models.Task.postDependencies]
 |  +-DelayedCollectionFetch [org.frcpm.models.Task.preDependencies]
 |  +-BasicFetch [org.frcpm.models.Task.priority]
 |  +-BasicFetch [org.frcpm.models.Task.progress]
 |  +-EntityDelayedFetchImpl [org.frcpm.models.Task.project]
 |  +-DelayedCollectionFetch [org.frcpm.models.Task.requiredComponents]
 |  +-BasicFetch [org.frcpm.models.Task.startDate]
 |  +-EntityDelayedFetchImpl [org.frcpm.models.Task.subsystem]
 |  \-BasicFetch [org.frcpm.models.Task.title]

10:24:16.987 [main] DEBUG org.hibernate.orm.sql.ast.tree - SQL AST Tree:
    SelectStatement {
      FromClause {
        StandardTableGroup (t1 : org.frcpm.models.Task) {
          primaryTableReference : tasks as t1_0
          TableGroupJoins {
            left  join LazyTableGroup (p1 : org.frcpm.models.Task.project) {
            }
            left  join LazyTableGroup (s1 : org.frcpm.models.Task.subsystem) {
            }
          }
        }
      }
    }

10:24:16.987 [main] DEBUG org.hibernate.persister.entity.AbstractEntityPersister - Static SQL for entity: org.frcpm.models.Task
10:24:16.987 [main] DEBUG org.hibernate.persister.entity.AbstractEntityPersister -  Version select: select id from tasks where id=?
10:24:16.987 [main] DEBUG org.hibernate.persister.entity.AbstractEntityPersister -  Insert (0): insert into tasks (actual_duration_seconds,completed,description,end_date,estimated_duration_seconds,priority,progress,project_id,start_date,subsystem_id,title,id) values (?,?,?,?,?,?,?,?,?,?,?,default)
10:24:16.987 [main] DEBUG org.hibernate.persister.entity.AbstractEntityPersister -  Update (0): update tasks set actual_duration_seconds=?,completed=?,description=?,end_date=?,estimated_duration_seconds=?,priority=?,progress=?,project_id=?,start_date=?,subsystem_id=?,title=? where id=?
10:24:16.987 [main] DEBUG org.hibernate.persister.entity.AbstractEntityPersister -  Delete (0): delete from tasks where id=?
10:24:16.987 [main] DEBUG org.hibernate.orm.sql.ast.create - Created new SQL alias : tm1_0
10:24:16.987 [main] DEBUG org.hibernate.orm.sql.ast.create - Registration of TableGroup [StandardTableGroup(org.frcpm.models.TeamMember)] with identifierForTableGroup [org.frcpm.models.TeamMember] for NavigablePath [org.frcpm.models.TeamMember] 
10:24:16.987 [main] DEBUG org.hibernate.orm.sql.ast.create - Registration of TableGroup [org.hibernate.sql.ast.tree.from.LazyTableGroup@62041909] with identifierForTableGroup [org.frcpm.models.TeamMember.subteam] for NavigablePath [org.frcpm.models.TeamMember.subteam] 
10:24:16.987 [main] DEBUG org.hibernate.orm.results.graph.AST - DomainResult Graph:
 \-EntityResultImpl [org.frcpm.models.TeamMember]
 |  +-DelayedCollectionFetch [org.frcpm.models.TeamMember.assignedTasks]
 |  +-DelayedCollectionFetch [org.frcpm.models.TeamMember.attendances]
 |  +-BasicFetch [org.frcpm.models.TeamMember.email]
 |  +-BasicFetch [org.frcpm.models.TeamMember.firstName]
 |  +-BasicFetch [org.frcpm.models.TeamMember.lastName]
 |  +-BasicFetch [org.frcpm.models.TeamMember.leader]
 |  +-BasicFetch [org.frcpm.models.TeamMember.phone]
 |  +-BasicFetch [org.frcpm.models.TeamMember.skills]
 |  +-EntityDelayedFetchImpl [org.frcpm.models.TeamMember.subteam]
 |  \-BasicFetch [org.frcpm.models.TeamMember.username]

10:24:16.987 [main] DEBUG org.hibernate.orm.sql.ast.tree - SQL AST Tree:
    SelectStatement {
      FromClause {
        StandardTableGroup (tm1 : org.frcpm.models.TeamMember) {
          primaryTableReference : team_members as tm1_0
          TableGroupJoins {
            left  join LazyTableGroup (s1 : org.frcpm.models.TeamMember.subteam) {
            }
          }
        }
      }
    }

10:24:16.987 [main] DEBUG org.hibernate.persister.entity.AbstractEntityPersister - Static SQL for entity: org.frcpm.models.TeamMember
10:24:16.987 [main] DEBUG org.hibernate.persister.entity.AbstractEntityPersister -  Version select: select id from team_members where id=?
10:24:16.987 [main] DEBUG org.hibernate.persister.entity.AbstractEntityPersister -  Insert (0): insert into team_members (email,first_name,last_name,is_leader,phone,skills,subteam_id,username,id) values (?,?,?,?,?,?,?,?,default)
10:24:16.987 [main] DEBUG org.hibernate.persister.entity.AbstractEntityPersister -  Update (0): update team_members set email=?,first_name=?,last_name=?,is_leader=?,phone=?,skills=?,subteam_id=?,username=? where id=?
10:24:16.987 [main] DEBUG org.hibernate.persister.entity.AbstractEntityPersister -  Delete (0): delete from team_members where id=?
10:24:16.987 [main] DEBUG org.hibernate.orm.sql.ast.create - Created new SQL alias : at1_0
10:24:16.987 [main] DEBUG org.hibernate.orm.sql.ast.create - Registration of TableGroup [CollectionTableGroup(org.frcpm.models.Task.assignedTo)] with identifierForTableGroup [org.frcpm.models.Task.assignedTo] for NavigablePath [org.frcpm.models.Task.assignedTo] 
10:24:16.987 [main] DEBUG org.hibernate.orm.sql.ast.create - Registration of TableGroup [org.hibernate.sql.ast.tree.from.LazyTableGroup@bdd7acf] with identifierForTableGroup [org.frcpm.models.Task.assignedTo.{element}] for NavigablePath [org.frcpm.models.Task.assignedTo.{element}] 
10:24:16.987 [main] DEBUG org.hibernate.orm.sql.ast.create - Created new SQL alias : at1_1
10:24:16.987 [main] DEBUG org.hibernate.orm.sql.ast.create - Registration of TableGroup [org.hibernate.sql.ast.tree.from.LazyTableGroup@379a334f] with identifierForTableGroup [org.frcpm.models.Task.assignedTo.{element}.subteam] for NavigablePath [org.frcpm.models.Task.assignedTo.{element}.subteam] 
10:24:16.987 [main] DEBUG org.hibernate.orm.results.graph.AST - DomainResult Graph:
 \-CollectionDomainResult [org.frcpm.models.Task.assignedTo]

10:24:16.987 [main] DEBUG org.hibernate.orm.sql.ast.tree - SQL AST Tree:
    SelectStatement {
      FromClause {
        CollectionTableGroup (at1 : org.frcpm.models.Task.assignedTo) {
          primaryTableReference : task_assignments as at1_0
          TableGroupJoins {
             join LazyTableGroup (at1 : org.frcpm.models.Task.assignedTo.{element}) {
              primaryTableReference : team_members as at1_1
              TableGroupJoins {
                left  join LazyTableGroup (s1 : org.frcpm.models.Task.assignedTo.{element}.subteam) {
                }
              }
            }
          }
        }
      }
    }

10:24:16.988 [main] DEBUG org.hibernate.orm.jdbc.mutation - Static SQL for collection: org.frcpm.models.Task.assignedTo
10:24:16.988 [FRC-PM-HikariCP connection adder] DEBUG com.zaxxer.hikari.pool.HikariPool - FRC-PM-HikariCP - After adding stats (total=2, active=0, idle=2, waiting=0)
10:24:16.988 [main] DEBUG org.hibernate.orm.jdbc.mutation -  Row insert: insert into task_assignments (task_id,team_member_id) values (?,?)
10:24:16.988 [main] DEBUG org.hibernate.orm.jdbc.mutation -  Row delete: delete from task_assignments where task_id=? and team_member_id=?
10:24:16.988 [main] DEBUG org.hibernate.orm.jdbc.mutation -  One-shot delete: delete from task_assignments where task_id=?
10:24:16.988 [main] DEBUG org.hibernate.orm.sql.ast.create - Created new SQL alias : t1_0
10:24:16.988 [main] DEBUG org.hibernate.orm.sql.ast.create - Registration of TableGroup [org.hibernate.sql.ast.tree.from.OneToManyTableGroup@59b579cf] with identifierForTableGroup [org.frcpm.models.Subsystem.tasks] for NavigablePath [org.frcpm.models.Subsystem.tasks] 
10:24:16.988 [main] DEBUG org.hibernate.orm.sql.ast.create - Registration of TableGroup [StandardTableGroup(org.frcpm.models.Subsystem.tasks.{element})] with identifierForTableGroup [org.frcpm.models.Subsystem.tasks.{element}] for NavigablePath [org.frcpm.models.Subsystem.tasks.{element}] 
10:24:16.988 [main] DEBUG org.hibernate.orm.sql.ast.create - Registration of TableGroup [org.hibernate.sql.ast.tree.from.LazyTableGroup@a4fa532] with identifierForTableGroup [org.frcpm.models.Subsystem.tasks.{element}.project] for NavigablePath [org.frcpm.models.Subsystem.tasks.{element}.project] 
10:24:16.988 [main] DEBUG org.hibernate.orm.sql.ast.create - Registration of TableGroup [org.hibernate.sql.ast.tree.from.LazyTableGroup@5b057395] with identifierForTableGroup [org.frcpm.models.Subsystem.tasks.{element}.subsystem] for NavigablePath [org.frcpm.models.Subsystem.tasks.{element}.subsystem] 
10:24:16.988 [main] DEBUG org.hibernate.orm.results.graph.AST - DomainResult Graph:
 \-CollectionDomainResult [org.frcpm.models.Subsystem.tasks]

10:24:16.988 [main] DEBUG org.hibernate.orm.sql.ast.tree - SQL AST Tree:
    SelectStatement {
      FromClause {
        OneToManyTableGroup (t1 : org.frcpm.models.Subsystem.tasks) {
          primaryTableReference : tasks as t1_0
          TableGroupJoins {
            left  join LazyTableGroup (p1 : org.frcpm.models.Subsystem.tasks.{element}.project) {
            }
            left  join LazyTableGroup (s1 : org.frcpm.models.Subsystem.tasks.{element}.subsystem) {
            }
          }
        }
      }
    }

10:24:16.988 [main] DEBUG org.hibernate.orm.jdbc.mutation - Static SQL for collection: org.frcpm.models.Subsystem.tasks
10:24:16.988 [main] DEBUG org.hibernate.orm.sql.ast.create - Created new SQL alias : m1_0
10:24:16.988 [main] DEBUG org.hibernate.orm.sql.ast.create - Registration of TableGroup [org.hibernate.sql.ast.tree.from.OneToManyTableGroup@5e9d541d] with identifierForTableGroup [org.frcpm.models.Subteam.members] for NavigablePath [org.frcpm.models.Subteam.members] 
10:24:16.988 [main] DEBUG org.hibernate.orm.sql.ast.create - Registration of TableGroup [StandardTableGroup(org.frcpm.models.Subteam.members.{element})] with identifierForTableGroup [org.frcpm.models.Subteam.members.{element}] for NavigablePath [org.frcpm.models.Subteam.members.{element}] 
10:24:16.988 [main] DEBUG org.hibernate.orm.sql.ast.create - Registration of TableGroup [org.hibernate.sql.ast.tree.from.LazyTableGroup@5cf3cc6b] with identifierForTableGroup [org.frcpm.models.Subteam.members.{element}.subteam] for NavigablePath [org.frcpm.models.Subteam.members.{element}.subteam] 
10:24:16.988 [main] DEBUG org.hibernate.orm.results.graph.AST - DomainResult Graph:
 \-CollectionDomainResult [org.frcpm.models.Subteam.members]

10:24:16.988 [main] DEBUG org.hibernate.orm.sql.ast.tree - SQL AST Tree:
    SelectStatement {
      FromClause {
        OneToManyTableGroup (m1 : org.frcpm.models.Subteam.members) {
          primaryTableReference : team_members as m1_0
          TableGroupJoins {
            left  join LazyTableGroup (s1 : org.frcpm.models.Subteam.members.{element}.subteam) {
            }
          }
        }
      }
    }

10:24:16.988 [main] DEBUG org.hibernate.orm.jdbc.mutation - Static SQL for collection: org.frcpm.models.Subteam.members
10:24:16.988 [main] DEBUG org.hibernate.orm.sql.ast.create - Created new SQL alias : a1_0
10:24:16.988 [main] DEBUG org.hibernate.orm.sql.ast.create - Registration of TableGroup [org.hibernate.sql.ast.tree.from.OneToManyTableGroup@65cec7d9] with identifierForTableGroup [org.frcpm.models.TeamMember.attendances] for NavigablePath [org.frcpm.models.TeamMember.attendances] 
10:24:16.988 [main] DEBUG org.hibernate.orm.sql.ast.create - Registration of TableGroup [StandardTableGroup(org.frcpm.models.TeamMember.attendances.{element})] with identifierForTableGroup [org.frcpm.models.TeamMember.attendances.{element}] for NavigablePath [org.frcpm.models.TeamMember.attendances.{element}] 
10:24:16.988 [main] DEBUG org.hibernate.orm.sql.ast.create - Registration of TableGroup [org.hibernate.sql.ast.tree.from.LazyTableGroup@51475ac1] with identifierForTableGroup [org.frcpm.models.TeamMember.attendances.{element}.meeting] for NavigablePath [org.frcpm.models.TeamMember.attendances.{element}.meeting] 
10:24:16.988 [main] DEBUG org.hibernate.orm.sql.ast.create - Registration of TableGroup [org.hibernate.sql.ast.tree.from.LazyTableGroup@6b5a2c92] with identifierForTableGroup [org.frcpm.models.TeamMember.attendances.{element}.member] for NavigablePath [org.frcpm.models.TeamMember.attendances.{element}.member] 
10:24:16.989 [main] DEBUG org.hibernate.orm.results.graph.AST - DomainResult Graph:
 \-CollectionDomainResult [org.frcpm.models.TeamMember.attendances]

10:24:16.989 [main] DEBUG org.hibernate.orm.sql.ast.tree - SQL AST Tree:
    SelectStatement {
      FromClause {
        OneToManyTableGroup (a1 : org.frcpm.models.TeamMember.attendances) {
          primaryTableReference : attendances as a1_0
          TableGroupJoins {
            left  join LazyTableGroup (m1 : org.frcpm.models.TeamMember.attendances.{element}.meeting) {
            }
            left  join LazyTableGroup (m2 : org.frcpm.models.TeamMember.attendances.{element}.member) {
            }
          }
        }
      }
    }

10:24:16.989 [main] DEBUG org.hibernate.orm.jdbc.mutation - Static SQL for collection: org.frcpm.models.TeamMember.attendances
10:24:16.989 [main] DEBUG org.hibernate.orm.sql.ast.create - Created new SQL alias : rc1_0
10:24:16.989 [main] DEBUG org.hibernate.orm.sql.ast.create - Registration of TableGroup [CollectionTableGroup(org.frcpm.models.Task.requiredComponents)] with identifierForTableGroup [org.frcpm.models.Task.requiredComponents] for NavigablePath [org.frcpm.models.Task.requiredComponents] 
10:24:16.989 [main] DEBUG org.hibernate.orm.sql.ast.create - Registration of TableGroup [org.hibernate.sql.ast.tree.from.LazyTableGroup@13c302bb] with identifierForTableGroup [org.frcpm.models.Task.requiredComponents.{element}] for NavigablePath [org.frcpm.models.Task.requiredComponents.{element}] 
10:24:16.989 [main] DEBUG org.hibernate.orm.sql.ast.create - Created new SQL alias : rc1_1
10:24:16.989 [main] DEBUG org.hibernate.orm.results.graph.AST - DomainResult Graph:
 \-CollectionDomainResult [org.frcpm.models.Task.requiredComponents]

10:24:16.989 [main] DEBUG org.hibernate.orm.sql.ast.tree - SQL AST Tree:
    SelectStatement {
      FromClause {
        CollectionTableGroup (rc1 : org.frcpm.models.Task.requiredComponents) {
          primaryTableReference : task_components as rc1_0
          TableGroupJoins {
             join LazyTableGroup (rc1 : org.frcpm.models.Task.requiredComponents.{element}) {
              primaryTableReference : components as rc1_1
            }
          }
        }
      }
    }

10:24:16.989 [main] DEBUG org.hibernate.orm.jdbc.mutation - Static SQL for collection: org.frcpm.models.Task.requiredComponents
10:24:16.989 [main] DEBUG org.hibernate.orm.jdbc.mutation -  Row insert: insert into task_components (task_id,component_id) values (?,?)
10:24:16.989 [main] DEBUG org.hibernate.orm.jdbc.mutation -  Row delete: delete from task_components where task_id=? and component_id=?
10:24:16.989 [main] DEBUG org.hibernate.orm.jdbc.mutation -  One-shot delete: delete from task_components where task_id=?
10:24:16.989 [main] DEBUG org.hibernate.orm.sql.ast.create - Created new SQL alias : s1_0
10:24:16.989 [main] DEBUG org.hibernate.orm.sql.ast.create - Registration of TableGroup [org.hibernate.sql.ast.tree.from.OneToManyTableGroup@38a1d71e] with identifierForTableGroup [org.frcpm.models.Subteam.subsystems] for NavigablePath [org.frcpm.models.Subteam.subsystems] 
10:24:16.989 [main] DEBUG org.hibernate.orm.sql.ast.create - Registration of TableGroup [StandardTableGroup(org.frcpm.models.Subteam.subsystems.{element})] with identifierForTableGroup [org.frcpm.models.Subteam.subsystems.{element}] for NavigablePath [org.frcpm.models.Subteam.subsystems.{element}] 
10:24:16.989 [main] DEBUG org.hibernate.orm.sql.ast.create - Registration of TableGroup [org.hibernate.sql.ast.tree.from.LazyTableGroup@50b29151] with identifierForTableGroup [org.frcpm.models.Subteam.subsystems.{element}.responsibleSubteam] for NavigablePath [org.frcpm.models.Subteam.subsystems.{element}.responsibleSubteam] 
10:24:16.989 [main] DEBUG org.hibernate.orm.results.graph.AST - DomainResult Graph:
 \-CollectionDomainResult [org.frcpm.models.Subteam.subsystems]

10:24:16.989 [main] DEBUG org.hibernate.orm.sql.ast.tree - SQL AST Tree:
    SelectStatement {
      FromClause {
        OneToManyTableGroup (s1 : org.frcpm.models.Subteam.subsystems) {
          primaryTableReference : subsystems as s1_0
          TableGroupJoins {
            left  join LazyTableGroup (rs1 : org.frcpm.models.Subteam.subsystems.{element}.responsibleSubteam) {
            }
          }
        }
      }
    }

10:24:16.989 [main] DEBUG org.hibernate.orm.jdbc.mutation - Static SQL for collection: org.frcpm.models.Subteam.subsystems
10:24:16.989 [main] DEBUG org.hibernate.orm.sql.ast.create - Created new SQL alias : pd1_0
10:24:16.989 [main] DEBUG org.hibernate.orm.sql.ast.create - Registration of TableGroup [CollectionTableGroup(org.frcpm.models.Task.preDependencies)] with identifierForTableGroup [org.frcpm.models.Task.preDependencies] for NavigablePath [org.frcpm.models.Task.preDependencies] 
10:24:16.989 [main] DEBUG org.hibernate.orm.sql.ast.create - Registration of TableGroup [org.hibernate.sql.ast.tree.from.LazyTableGroup@6d34b24] with identifierForTableGroup [org.frcpm.models.Task.preDependencies.{element}] for NavigablePath [org.frcpm.models.Task.preDependencies.{element}] 
10:24:16.989 [main] DEBUG org.hibernate.orm.sql.ast.create - Created new SQL alias : pd1_1
10:24:16.989 [main] DEBUG org.hibernate.orm.sql.ast.create - Registration of TableGroup [org.hibernate.sql.ast.tree.from.LazyTableGroup@307c65c7] with identifierForTableGroup [org.frcpm.models.Task.preDependencies.{element}.project] for NavigablePath [org.frcpm.models.Task.preDependencies.{element}.project] 
10:24:16.989 [main] DEBUG org.hibernate.orm.sql.ast.create - Registration of TableGroup [org.hibernate.sql.ast.tree.from.LazyTableGroup@2193fe9f] with identifierForTableGroup [org.frcpm.models.Task.preDependencies.{element}.subsystem] for NavigablePath [org.frcpm.models.Task.preDependencies.{element}.subsystem] 
10:24:16.989 [main] DEBUG org.hibernate.orm.results.graph.AST - DomainResult Graph:
 \-CollectionDomainResult [org.frcpm.models.Task.preDependencies]

10:24:16.989 [main] DEBUG org.hibernate.orm.sql.ast.tree - SQL AST Tree:
    SelectStatement {
      FromClause {
        CollectionTableGroup (pd1 : org.frcpm.models.Task.preDependencies) {
          primaryTableReference : task_dependencies as pd1_0
          TableGroupJoins {
             join LazyTableGroup (pd1 : org.frcpm.models.Task.preDependencies.{element}) {
              primaryTableReference : tasks as pd1_1
              TableGroupJoins {
                left  join LazyTableGroup (p1 : org.frcpm.models.Task.preDependencies.{element}.project) {
                }
                left  join LazyTableGroup (s1 : org.frcpm.models.Task.preDependencies.{element}.subsystem) {
                }
              }
            }
          }
        }
      }
    }

10:24:16.989 [main] DEBUG org.hibernate.orm.jdbc.mutation - Static SQL for collection: org.frcpm.models.Task.preDependencies
10:24:16.989 [main] DEBUG org.hibernate.orm.jdbc.mutation -  Row insert: insert into task_dependencies (task_id,dependency_id) values (?,?)
10:24:16.989 [main] DEBUG org.hibernate.orm.jdbc.mutation -  Row delete: delete from task_dependencies where task_id=? and dependency_id=?
10:24:16.989 [main] DEBUG org.hibernate.orm.jdbc.mutation -  One-shot delete: delete from task_dependencies where task_id=?
10:24:16.989 [main] DEBUG org.hibernate.orm.sql.ast.create - Created new SQL alias : m1_0
10:24:16.989 [main] DEBUG org.hibernate.orm.sql.ast.create - Registration of TableGroup [org.hibernate.sql.ast.tree.from.OneToManyTableGroup@57ae1772] with identifierForTableGroup [org.frcpm.models.Project.milestones] for NavigablePath [org.frcpm.models.Project.milestones] 
10:24:16.989 [main] DEBUG org.hibernate.orm.sql.ast.create - Registration of TableGroup [StandardTableGroup(org.frcpm.models.Project.milestones.{element})] with identifierForTableGroup [org.frcpm.models.Project.milestones.{element}] for NavigablePath [org.frcpm.models.Project.milestones.{element}] 
10:24:16.989 [main] DEBUG org.hibernate.orm.sql.ast.create - Registration of TableGroup [org.hibernate.sql.ast.tree.from.LazyTableGroup@89cb29a] with identifierForTableGroup [org.frcpm.models.Project.milestones.{element}.project] for NavigablePath [org.frcpm.models.Project.milestones.{element}.project] 
10:24:16.989 [main] DEBUG org.hibernate.orm.results.graph.AST - DomainResult Graph:
 \-CollectionDomainResult [org.frcpm.models.Project.milestones]

10:24:16.989 [main] DEBUG org.hibernate.orm.sql.ast.tree - SQL AST Tree:
    SelectStatement {
      FromClause {
        OneToManyTableGroup (m1 : org.frcpm.models.Project.milestones) {
          primaryTableReference : milestones as m1_0
          TableGroupJoins {
            left  join LazyTableGroup (p1 : org.frcpm.models.Project.milestones.{element}.project) {
            }
          }
        }
      }
    }

10:24:16.990 [main] DEBUG org.hibernate.orm.jdbc.mutation - Static SQL for collection: org.frcpm.models.Project.milestones
10:24:16.990 [main] DEBUG org.hibernate.orm.sql.ast.create - Created new SQL alias : rft1_0
10:24:16.990 [main] DEBUG org.hibernate.orm.sql.ast.create - Registration of TableGroup [CollectionTableGroup(org.frcpm.models.Component.requiredForTasks)] with identifierForTableGroup [org.frcpm.models.Component.requiredForTasks] for NavigablePath [org.frcpm.models.Component.requiredForTasks] 
10:24:16.990 [main] DEBUG org.hibernate.orm.sql.ast.create - Registration of TableGroup [org.hibernate.sql.ast.tree.from.LazyTableGroup@60dbec0f] with identifierForTableGroup [org.frcpm.models.Component.requiredForTasks.{element}] for NavigablePath [org.frcpm.models.Component.requiredForTasks.{element}] 
10:24:16.990 [main] DEBUG org.hibernate.orm.sql.ast.create - Created new SQL alias : rft1_1
10:24:16.990 [main] DEBUG org.hibernate.orm.sql.ast.create - Registration of TableGroup [org.hibernate.sql.ast.tree.from.LazyTableGroup@476962e1] with identifierForTableGroup [org.frcpm.models.Component.requiredForTasks.{element}.project] for NavigablePath [org.frcpm.models.Component.requiredForTasks.{element}.project] 
10:24:16.990 [main] DEBUG org.hibernate.orm.sql.ast.create - Registration of TableGroup [org.hibernate.sql.ast.tree.from.LazyTableGroup@2cd1e98d] with identifierForTableGroup [org.frcpm.models.Component.requiredForTasks.{element}.subsystem] for NavigablePath [org.frcpm.models.Component.requiredForTasks.{element}.subsystem] 
10:24:16.990 [main] DEBUG org.hibernate.orm.results.graph.AST - DomainResult Graph:
 \-CollectionDomainResult [org.frcpm.models.Component.requiredForTasks]

10:24:16.990 [main] DEBUG org.hibernate.orm.sql.ast.tree - SQL AST Tree:
    SelectStatement {
      FromClause {
        CollectionTableGroup (rft1 : org.frcpm.models.Component.requiredForTasks) {
          primaryTableReference : task_components as rft1_0
          TableGroupJoins {
             join LazyTableGroup (rft1 : org.frcpm.models.Component.requiredForTasks.{element}) {
              primaryTableReference : tasks as rft1_1
              TableGroupJoins {
                left  join LazyTableGroup (p1 : org.frcpm.models.Component.requiredForTasks.{element}.project) {
                }
                left  join LazyTableGroup (s1 : org.frcpm.models.Component.requiredForTasks.{element}.subsystem) {
                }
              }
            }
          }
        }
      }
    }

10:24:16.990 [main] DEBUG org.hibernate.orm.jdbc.mutation - Static SQL for collection: org.frcpm.models.Component.requiredForTasks
10:24:16.990 [main] DEBUG org.hibernate.orm.sql.ast.create - Created new SQL alias : m1_0
10:24:16.990 [main] DEBUG org.hibernate.orm.sql.ast.create - Registration of TableGroup [org.hibernate.sql.ast.tree.from.OneToManyTableGroup@1f27d56d] with identifierForTableGroup [org.frcpm.models.Project.meetings] for NavigablePath [org.frcpm.models.Project.meetings] 
10:24:16.990 [main] DEBUG org.hibernate.orm.sql.ast.create - Registration of TableGroup [StandardTableGroup(org.frcpm.models.Project.meetings.{element})] with identifierForTableGroup [org.frcpm.models.Project.meetings.{element}] for NavigablePath [org.frcpm.models.Project.meetings.{element}] 
10:24:16.990 [main] DEBUG org.hibernate.orm.sql.ast.create - Registration of TableGroup [org.hibernate.sql.ast.tree.from.LazyTableGroup@5566eddd] with identifierForTableGroup [org.frcpm.models.Project.meetings.{element}.project] for NavigablePath [org.frcpm.models.Project.meetings.{element}.project] 
10:24:16.990 [main] DEBUG org.hibernate.orm.results.graph.AST - DomainResult Graph:
 \-CollectionDomainResult [org.frcpm.models.Project.meetings]

10:24:16.990 [main] DEBUG org.hibernate.orm.sql.ast.tree - SQL AST Tree:
    SelectStatement {
      FromClause {
        OneToManyTableGroup (m1 : org.frcpm.models.Project.meetings) {
          primaryTableReference : meetings as m1_0
          TableGroupJoins {
            left  join LazyTableGroup (p1 : org.frcpm.models.Project.meetings.{element}.project) {
            }
          }
        }
      }
    }

10:24:16.990 [main] DEBUG org.hibernate.orm.jdbc.mutation - Static SQL for collection: org.frcpm.models.Project.meetings
10:24:16.990 [main] DEBUG org.hibernate.orm.sql.ast.create - Created new SQL alias : at1_0
10:24:16.990 [main] DEBUG org.hibernate.orm.sql.ast.create - Registration of TableGroup [CollectionTableGroup(org.frcpm.models.TeamMember.assignedTasks)] with identifierForTableGroup [org.frcpm.models.TeamMember.assignedTasks] for NavigablePath [org.frcpm.models.TeamMember.assignedTasks] 
10:24:16.990 [main] DEBUG org.hibernate.orm.sql.ast.create - Registration of TableGroup [org.hibernate.sql.ast.tree.from.LazyTableGroup@4b2c8f99] with identifierForTableGroup [org.frcpm.models.TeamMember.assignedTasks.{element}] for NavigablePath [org.frcpm.models.TeamMember.assignedTasks.{element}] 
10:24:16.990 [main] DEBUG org.hibernate.orm.sql.ast.create - Created new SQL alias : at1_1
10:24:16.990 [main] DEBUG org.hibernate.orm.sql.ast.create - Registration of TableGroup [org.hibernate.sql.ast.tree.from.LazyTableGroup@6a01b72c] with identifierForTableGroup [org.frcpm.models.TeamMember.assignedTasks.{element}.project] for NavigablePath [org.frcpm.models.TeamMember.assignedTasks.{element}.project] 
10:24:16.990 [main] DEBUG org.hibernate.orm.sql.ast.create - Registration of TableGroup [org.hibernate.sql.ast.tree.from.LazyTableGroup@39d9a6d7] with identifierForTableGroup [org.frcpm.models.TeamMember.assignedTasks.{element}.subsystem] for NavigablePath [org.frcpm.models.TeamMember.assignedTasks.{element}.subsystem] 
10:24:16.990 [main] DEBUG org.hibernate.orm.results.graph.AST - DomainResult Graph:
 \-CollectionDomainResult [org.frcpm.models.TeamMember.assignedTasks]

10:24:16.990 [main] DEBUG org.hibernate.orm.sql.ast.tree - SQL AST Tree:
    SelectStatement {
      FromClause {
        CollectionTableGroup (at1 : org.frcpm.models.TeamMember.assignedTasks) {
          primaryTableReference : task_assignments as at1_0
          TableGroupJoins {
             join LazyTableGroup (at1 : org.frcpm.models.TeamMember.assignedTasks.{element}) {
              primaryTableReference : tasks as at1_1
              TableGroupJoins {
                left  join LazyTableGroup (p1 : org.frcpm.models.TeamMember.assignedTasks.{element}.project) {
                }
                left  join LazyTableGroup (s1 : org.frcpm.models.TeamMember.assignedTasks.{element}.subsystem) {
                }
              }
            }
          }
        }
      }
    }

10:24:16.990 [main] DEBUG org.hibernate.orm.jdbc.mutation - Static SQL for collection: org.frcpm.models.TeamMember.assignedTasks
10:24:16.990 [main] DEBUG org.hibernate.orm.sql.ast.create - Created new SQL alias : a1_0
10:24:16.990 [main] DEBUG org.hibernate.orm.sql.ast.create - Registration of TableGroup [org.hibernate.sql.ast.tree.from.OneToManyTableGroup@71f9db1d] with identifierForTableGroup [org.frcpm.models.Meeting.attendances] for NavigablePath [org.frcpm.models.Meeting.attendances] 
10:24:16.990 [main] DEBUG org.hibernate.orm.sql.ast.create - Registration of TableGroup [StandardTableGroup(org.frcpm.models.Meeting.attendances.{element})] with identifierForTableGroup [org.frcpm.models.Meeting.attendances.{element}] for NavigablePath [org.frcpm.models.Meeting.attendances.{element}] 
10:24:16.990 [main] DEBUG org.hibernate.orm.sql.ast.create - Registration of TableGroup [org.hibernate.sql.ast.tree.from.LazyTableGroup@247a9491] with identifierForTableGroup [org.frcpm.models.Meeting.attendances.{element}.meeting] for NavigablePath [org.frcpm.models.Meeting.attendances.{element}.meeting] 
10:24:16.990 [main] DEBUG org.hibernate.orm.sql.ast.create - Registration of TableGroup [org.hibernate.sql.ast.tree.from.LazyTableGroup@73554acf] with identifierForTableGroup [org.frcpm.models.Meeting.attendances.{element}.member] for NavigablePath [org.frcpm.models.Meeting.attendances.{element}.member] 
10:24:16.990 [main] DEBUG org.hibernate.orm.results.graph.AST - DomainResult Graph:
 \-CollectionDomainResult [org.frcpm.models.Meeting.attendances]

10:24:16.990 [main] DEBUG org.hibernate.orm.sql.ast.tree - SQL AST Tree:
    SelectStatement {
      FromClause {
        OneToManyTableGroup (a1 : org.frcpm.models.Meeting.attendances) {
          primaryTableReference : attendances as a1_0
          TableGroupJoins {
            left  join LazyTableGroup (m1 : org.frcpm.models.Meeting.attendances.{element}.meeting) {
            }
            left  join LazyTableGroup (m2 : org.frcpm.models.Meeting.attendances.{element}.member) {
            }
          }
        }
      }
    }

10:24:16.990 [main] DEBUG org.hibernate.orm.jdbc.mutation - Static SQL for collection: org.frcpm.models.Meeting.attendances
10:24:16.990 [main] DEBUG org.hibernate.orm.sql.ast.create - Created new SQL alias : pd1_0
10:24:16.990 [main] DEBUG org.hibernate.orm.sql.ast.create - Registration of TableGroup [CollectionTableGroup(org.frcpm.models.Task.postDependencies)] with identifierForTableGroup [org.frcpm.models.Task.postDependencies] for NavigablePath [org.frcpm.models.Task.postDependencies] 
10:24:16.990 [main] DEBUG org.hibernate.orm.sql.ast.create - Registration of TableGroup [org.hibernate.sql.ast.tree.from.LazyTableGroup@3c659d8f] with identifierForTableGroup [org.frcpm.models.Task.postDependencies.{element}] for NavigablePath [org.frcpm.models.Task.postDependencies.{element}] 
10:24:16.990 [main] DEBUG org.hibernate.orm.sql.ast.create - Created new SQL alias : pd1_1
10:24:16.990 [main] DEBUG org.hibernate.orm.sql.ast.create - Registration of TableGroup [org.hibernate.sql.ast.tree.from.LazyTableGroup@67d12c0d] with identifierForTableGroup [org.frcpm.models.Task.postDependencies.{element}.project] for NavigablePath [org.frcpm.models.Task.postDependencies.{element}.project] 
10:24:16.990 [main] DEBUG org.hibernate.orm.sql.ast.create - Registration of TableGroup [org.hibernate.sql.ast.tree.from.LazyTableGroup@2862774e] with identifierForTableGroup [org.frcpm.models.Task.postDependencies.{element}.subsystem] for NavigablePath [org.frcpm.models.Task.postDependencies.{element}.subsystem] 
10:24:16.990 [main] DEBUG org.hibernate.orm.results.graph.AST - DomainResult Graph:
 \-CollectionDomainResult [org.frcpm.models.Task.postDependencies]

10:24:16.990 [main] DEBUG org.hibernate.orm.sql.ast.tree - SQL AST Tree:
    SelectStatement {
      FromClause {
        CollectionTableGroup (pd1 : org.frcpm.models.Task.postDependencies) {
          primaryTableReference : task_dependencies as pd1_0
          TableGroupJoins {
             join LazyTableGroup (pd1 : org.frcpm.models.Task.postDependencies.{element}) {
              primaryTableReference : tasks as pd1_1
              TableGroupJoins {
                left  join LazyTableGroup (p1 : org.frcpm.models.Task.postDependencies.{element}.project) {
                }
                left  join LazyTableGroup (s1 : org.frcpm.models.Task.postDependencies.{element}.subsystem) {
                }
              }
            }
          }
        }
      }
    }

10:24:16.991 [main] DEBUG org.hibernate.orm.jdbc.mutation - Static SQL for collection: org.frcpm.models.Task.postDependencies
10:24:16.991 [main] DEBUG org.hibernate.orm.sql.ast.create - Created new SQL alias : t1_0
10:24:16.991 [main] DEBUG org.hibernate.orm.sql.ast.create - Registration of TableGroup [org.hibernate.sql.ast.tree.from.OneToManyTableGroup@5624ec7e] with identifierForTableGroup [org.frcpm.models.Project.tasks] for NavigablePath [org.frcpm.models.Project.tasks] 
10:24:16.991 [main] DEBUG org.hibernate.orm.sql.ast.create - Registration of TableGroup [StandardTableGroup(org.frcpm.models.Project.tasks.{element})] with identifierForTableGroup [org.frcpm.models.Project.tasks.{element}] for NavigablePath [org.frcpm.models.Project.tasks.{element}] 
10:24:16.991 [main] DEBUG org.hibernate.orm.sql.ast.create - Registration of TableGroup [org.hibernate.sql.ast.tree.from.LazyTableGroup@304134e1] with identifierForTableGroup [org.frcpm.models.Project.tasks.{element}.project] for NavigablePath [org.frcpm.models.Project.tasks.{element}.project] 
10:24:16.991 [main] DEBUG org.hibernate.orm.sql.ast.create - Registration of TableGroup [org.hibernate.sql.ast.tree.from.LazyTableGroup@6b48b8a2] with identifierForTableGroup [org.frcpm.models.Project.tasks.{element}.subsystem] for NavigablePath [org.frcpm.models.Project.tasks.{element}.subsystem] 
10:24:16.991 [main] DEBUG org.hibernate.orm.results.graph.AST - DomainResult Graph:
 \-CollectionDomainResult [org.frcpm.models.Project.tasks]

10:24:16.991 [main] DEBUG org.hibernate.orm.sql.ast.tree - SQL AST Tree:
    SelectStatement {
      FromClause {
        OneToManyTableGroup (t1 : org.frcpm.models.Project.tasks) {
          primaryTableReference : tasks as t1_0
          TableGroupJoins {
            left  join LazyTableGroup (p1 : org.frcpm.models.Project.tasks.{element}.project) {
            }
            left  join LazyTableGroup (s1 : org.frcpm.models.Project.tasks.{element}.subsystem) {
            }
          }
        }
      }
    }

10:24:16.991 [main] DEBUG org.hibernate.orm.jdbc.mutation - Static SQL for collection: org.frcpm.models.Project.tasks
10:24:16.993 [main] DEBUG org.hibernate.type.spi.TypeConfiguration$Scope - Scoping TypeConfiguration [org.hibernate.type.spi.TypeConfiguration@6ee34510] to SessionFactoryImplementor [org.hibernate.internal.SessionFactoryImpl@62749ec6]
10:24:16.993 [main] DEBUG org.hibernate.query.named.NamedObjectRepository - Checking 0 named HQL queries
10:24:16.993 [main] DEBUG org.hibernate.query.named.NamedObjectRepository - Checking 0 named SQL queries
10:24:16.994 [main] DEBUG org.hibernate.mapping.Table - No alter strings for table : attendances
10:24:16.994 [main] DEBUG org.hibernate.SQL - alter table if exists components alter column description set data type TEXT
10:24:16.995 [main] DEBUG org.hibernate.SQL - alter table if exists meetings alter column notes set data type TEXT
10:24:16.996 [main] DEBUG org.hibernate.SQL - alter table if exists milestones alter column description set data type TEXT
10:24:16.996 [main] DEBUG org.hibernate.SQL - alter table if exists projects alter column description set data type TEXT
10:24:16.997 [main] DEBUG org.hibernate.SQL - alter table if exists subsystems alter column description set data type TEXT
10:24:16.997 [main] DEBUG org.hibernate.SQL - alter table if exists subteams alter column specialties set data type TEXT
10:24:16.998 [main] DEBUG org.hibernate.mapping.Table - No alter strings for table : task_assignments
10:24:16.998 [main] DEBUG org.hibernate.mapping.Table - No alter strings for table : task_components
10:24:16.998 [main] DEBUG org.hibernate.mapping.Table - No alter strings for table : task_dependencies
10:24:16.998 [main] DEBUG org.hibernate.SQL - alter table if exists tasks alter column description set data type TEXT
10:24:16.999 [main] DEBUG org.hibernate.SQL - alter table if exists team_members alter column skills set data type TEXT
10:24:16.999 [main] DEBUG org.hibernate.SQL - alter table if exists attendances drop constraint if exists UKa8ydr6vrgbux3a27v7enb0y3x
10:24:16.999 [main] DEBUG org.hibernate.SQL - alter table if exists attendances add constraint UKa8ydr6vrgbux3a27v7enb0y3x unique (meeting_id, member_id)
10:24:17.003 [main] DEBUG org.hibernate.internal.SessionFactoryRegistry - Registering SessionFactory: a39231b4-86f4-46cb-9589-08eacead9d23 (<unnamed>)
10:24:17.003 [main] DEBUG org.hibernate.internal.SessionFactoryRegistry - Not binding SessionFactory to JNDI, no JNDI name configured
10:24:17.003 [main] DEBUG org.hibernate.internal.SessionFactoryImpl - Instantiated SessionFactory
10:24:17.003 [main] DEBUG org.hibernate.stat.internal.StatisticsInitiator - Statistics initialized [enabled=false]
10:24:17.003 [main] DEBUG org.hibernate.engine.transaction.internal.TransactionImpl - On TransactionImpl creation, JpaCompliance#isJpaTransactionComplianceEnabled == false
10:24:17.003 [main] DEBUG org.hibernate.engine.transaction.internal.TransactionImpl - begin
10:24:17.003 [main] DEBUG org.hibernate.engine.spi.ActionQueue - Executing identity-insert immediately
10:24:17.003 [main] DEBUG org.hibernate.SQL - insert into projects (description,goal_end_date,hard_deadline,name,start_date,id) values (?,?,?,?,?,default)
10:24:17.004 [main] DEBUG org.hibernate.orm.results - Initializer list is empty
10:24:17.004 [main] DEBUG org.hibernate.orm.results.loading - Calling top-level assembler (0 / 1) : org.hibernate.sql.results.graph.basic.BasicResultAssembler@358dd7fe
10:24:17.004 [main] DEBUG org.hibernate.orm.results - Extracted JDBC value [0] - [168]
10:24:17.004 [main] DEBUG org.hibernate.id.IdentifierGeneratorHelper - Extracted generated values [org.frcpm.models.Project]: [Ljava.lang.Object;@52c0cd61
10:24:17.005 [main] DEBUG org.hibernate.event.internal.AbstractFlushingEventListener - Processing flush-time cascades
10:24:17.005 [main] DEBUG org.hibernate.event.internal.AbstractFlushingEventListener - Dirty checking collections
10:24:17.005 [main] DEBUG org.hibernate.engine.internal.Collections - Collection found: [org.frcpm.models.Project.meetings#168], was: [<unreferenced>] (initialized)
10:24:17.005 [main] DEBUG org.hibernate.engine.internal.Collections - Collection found: [org.frcpm.models.Project.milestones#168], was: [<unreferenced>] (initialized)
10:24:17.005 [main] DEBUG org.hibernate.engine.internal.Collections - Collection found: [org.frcpm.models.Project.tasks#168], was: [<unreferenced>] (initialized)
10:24:17.005 [main] DEBUG org.hibernate.event.internal.AbstractFlushingEventListener - Flushed: 0 insertions, 0 updates, 0 deletions to 1 objects
10:24:17.005 [main] DEBUG org.hibernate.event.internal.AbstractFlushingEventListener - Flushed: 3 (re)creations, 0 updates, 0 removals to 3 collections
10:24:17.005 [main] DEBUG org.hibernate.internal.util.EntityPrinter - Listing entities:
10:24:17.005 [main] DEBUG org.hibernate.internal.util.EntityPrinter - org.frcpm.models.Project{hardDeadline=2025-06-20, name=Test Attendance Project, description=null, meetings=[], id=168, goalEndDate=2025-06-06, milestones=[], startDate=2025-04-25, tasks=[]}
10:24:17.005 [main] DEBUG org.hibernate.engine.transaction.internal.TransactionImpl - committing
10:24:17.005 [main] DEBUG org.hibernate.event.internal.AbstractFlushingEventListener - Processing flush-time cascades
10:24:17.005 [main] DEBUG org.hibernate.event.internal.AbstractFlushingEventListener - Dirty checking collections
10:24:17.005 [main] DEBUG org.hibernate.engine.internal.Collections - Collection found: [org.frcpm.models.Project.meetings#168], was: [org.frcpm.models.Project.meetings#168] (initialized)
10:24:17.005 [main] DEBUG org.hibernate.engine.internal.Collections - Collection found: [org.frcpm.models.Project.milestones#168], was: [org.frcpm.models.Project.milestones#168] (initialized)
10:24:17.005 [main] DEBUG org.hibernate.engine.internal.Collections - Collection found: [org.frcpm.models.Project.tasks#168], was: [org.frcpm.models.Project.tasks#168] (initialized)
10:24:17.005 [main] DEBUG org.hibernate.event.internal.AbstractFlushingEventListener - Flushed: 0 insertions, 0 updates, 0 deletions to 1 objects
10:24:17.005 [main] DEBUG org.hibernate.event.internal.AbstractFlushingEventListener - Flushed: 0 (re)creations, 0 updates, 0 removals to 3 collections
10:24:17.005 [main] DEBUG org.hibernate.internal.util.EntityPrinter - Listing entities:
10:24:17.005 [main] DEBUG org.hibernate.internal.util.EntityPrinter - org.frcpm.models.Project{hardDeadline=2025-06-20, name=Test Attendance Project, description=null, meetings=[], id=168, goalEndDate=2025-06-06, milestones=[], startDate=2025-04-25, tasks=[]}
10:24:17.005 [main] DEBUG org.hibernate.resource.jdbc.internal.LogicalConnectionManagedImpl - Initiating JDBC connection release from afterTransaction
10:24:17.005 [main] DEBUG org.hibernate.resource.jdbc.internal.LogicalConnectionManagedImpl - Initiating JDBC connection release from afterTransaction
10:24:17.006 [main] DEBUG org.hibernate.engine.transaction.internal.TransactionImpl - On TransactionImpl creation, JpaCompliance#isJpaTransactionComplianceEnabled == false
10:24:17.006 [main] DEBUG org.hibernate.engine.transaction.internal.TransactionImpl - begin
10:24:17.006 [main] DEBUG org.hibernate.engine.spi.ActionQueue - Executing identity-insert immediately
10:24:17.006 [main] DEBUG org.hibernate.SQL - insert into meetings (date,end_time,notes,project_id,start_time,id) values (?,?,?,?,?,default)
10:24:17.006 [main] DEBUG org.hibernate.orm.results - Initializer list is empty
10:24:17.006 [main] DEBUG org.hibernate.orm.results.loading - Calling top-level assembler (0 / 1) : org.hibernate.sql.results.graph.basic.BasicResultAssembler@5d0fc384
10:24:17.006 [main] DEBUG org.hibernate.orm.results - Extracted JDBC value [0] - [103]
10:24:17.006 [main] DEBUG org.hibernate.id.IdentifierGeneratorHelper - Extracted generated values [org.frcpm.models.Meeting]: [Ljava.lang.Object;@2a98181b
10:24:17.007 [main] DEBUG org.hibernate.event.internal.AbstractFlushingEventListener - Processing flush-time cascades
10:24:17.007 [main] DEBUG org.hibernate.event.internal.AbstractFlushingEventListener - Dirty checking collections
10:24:17.007 [main] DEBUG org.hibernate.engine.internal.Collections - Collection found: [org.frcpm.models.Meeting.attendances#103], was: [<unreferenced>] (initialized)
10:24:17.007 [main] DEBUG org.hibernate.event.internal.AbstractFlushingEventListener - Flushed: 0 insertions, 0 updates, 0 deletions to 1 objects
10:24:17.007 [main] DEBUG org.hibernate.event.internal.AbstractFlushingEventListener - Flushed: 1 (re)creations, 0 updates, 0 removals to 1 collections
10:24:17.007 [main] DEBUG org.hibernate.internal.util.EntityPrinter - Listing entities:
10:24:17.007 [main] DEBUG org.hibernate.internal.util.EntityPrinter - org.frcpm.models.Meeting{date=2025-04-26, notes=null, project=org.frcpm.models.Project#168, startTime=18:00, id=103, endTime=20:00, attendances=[]}
10:24:17.007 [main] DEBUG org.hibernate.engine.transaction.internal.TransactionImpl - committing
10:24:17.007 [main] DEBUG org.hibernate.event.internal.AbstractFlushingEventListener - Processing flush-time cascades
10:24:17.007 [main] DEBUG org.hibernate.event.internal.AbstractFlushingEventListener - Dirty checking collections
10:24:17.007 [main] DEBUG org.hibernate.engine.internal.Collections - Collection found: [org.frcpm.models.Meeting.attendances#103], was: [org.frcpm.models.Meeting.attendances#103] (initialized)
10:24:17.007 [main] DEBUG org.hibernate.event.internal.AbstractFlushingEventListener - Flushed: 0 insertions, 0 updates, 0 deletions to 1 objects
10:24:17.007 [main] DEBUG org.hibernate.event.internal.AbstractFlushingEventListener - Flushed: 0 (re)creations, 0 updates, 0 removals to 1 collections
10:24:17.007 [main] DEBUG org.hibernate.internal.util.EntityPrinter - Listing entities:
10:24:17.007 [main] DEBUG org.hibernate.internal.util.EntityPrinter - org.frcpm.models.Meeting{date=2025-04-26, notes=null, project=org.frcpm.models.Project#168, startTime=18:00, id=103, endTime=20:00, attendances=[]}
10:24:17.007 [main] DEBUG org.hibernate.resource.jdbc.internal.LogicalConnectionManagedImpl - Initiating JDBC connection release from afterTransaction
10:24:17.007 [main] DEBUG org.hibernate.resource.jdbc.internal.LogicalConnectionManagedImpl - Initiating JDBC connection release from afterTransaction
10:24:17.007 [main] DEBUG org.hibernate.engine.transaction.internal.TransactionImpl - On TransactionImpl creation, JpaCompliance#isJpaTransactionComplianceEnabled == false
10:24:17.007 [main] DEBUG org.hibernate.engine.transaction.internal.TransactionImpl - begin
10:24:17.007 [main] DEBUG org.hibernate.engine.spi.ActionQueue - Executing identity-insert immediately
10:24:17.007 [main] DEBUG org.hibernate.SQL - insert into team_members (email,first_name,last_name,is_leader,phone,skills,subteam_id,username,id) values (?,?,?,?,?,?,?,?,default)
10:24:17.008 [main] DEBUG org.hibernate.orm.results - Initializer list is empty
10:24:17.008 [main] DEBUG org.hibernate.orm.results.loading - Calling top-level assembler (0 / 1) : org.hibernate.sql.results.graph.basic.BasicResultAssembler@15fa89b4
10:24:17.008 [main] DEBUG org.hibernate.orm.results - Extracted JDBC value [0] - [160]
10:24:17.008 [main] DEBUG org.hibernate.id.IdentifierGeneratorHelper - Extracted generated values [org.frcpm.models.TeamMember]: [Ljava.lang.Object;@3a39cd0c
10:24:17.008 [main] DEBUG org.hibernate.event.internal.AbstractFlushingEventListener - Processing flush-time cascades
10:24:17.008 [main] DEBUG org.hibernate.event.internal.AbstractFlushingEventListener - Dirty checking collections
10:24:17.008 [main] DEBUG org.hibernate.engine.internal.Collections - Collection found: [org.frcpm.models.TeamMember.assignedTasks#160], was: [<unreferenced>] (initialized)
10:24:17.008 [main] DEBUG org.hibernate.engine.internal.Collections - Collection found: [org.frcpm.models.TeamMember.attendances#160], was: [<unreferenced>] (initialized)
10:24:17.008 [main] DEBUG org.hibernate.event.internal.AbstractFlushingEventListener - Flushed: 0 insertions, 0 updates, 0 deletions to 1 objects
10:24:17.008 [main] DEBUG org.hibernate.event.internal.AbstractFlushingEventListener - Flushed: 2 (re)creations, 0 updates, 0 removals to 2 collections
10:24:17.008 [main] DEBUG org.hibernate.internal.util.EntityPrinter - Listing entities:
10:24:17.008 [main] DEBUG org.hibernate.internal.util.EntityPrinter - org.frcpm.models.TeamMember{skills=null, firstName=Attendance, lastName=Test1, leader=false, subteam=null, phone=null, id=160, attendances=[], email=attendance1@example.com, assignedTasks=[], username=attendancetest1}
10:24:17.008 [main] DEBUG org.hibernate.engine.transaction.internal.TransactionImpl - committing
10:24:17.008 [main] DEBUG org.hibernate.event.internal.AbstractFlushingEventListener - Processing flush-time cascades
10:24:17.008 [main] DEBUG org.hibernate.event.internal.AbstractFlushingEventListener - Dirty checking collections
10:24:17.008 [main] DEBUG org.hibernate.engine.internal.Collections - Collection found: [org.frcpm.models.TeamMember.assignedTasks#160], was: [org.frcpm.models.TeamMember.assignedTasks#160] (initialized)
10:24:17.008 [main] DEBUG org.hibernate.engine.internal.Collections - Collection found: [org.frcpm.models.TeamMember.attendances#160], was: [org.frcpm.models.TeamMember.attendances#160] (initialized)
10:24:17.008 [main] DEBUG org.hibernate.event.internal.AbstractFlushingEventListener - Flushed: 0 insertions, 0 updates, 0 deletions to 1 objects
10:24:17.008 [main] DEBUG org.hibernate.event.internal.AbstractFlushingEventListener - Flushed: 0 (re)creations, 0 updates, 0 removals to 2 collections
10:24:17.008 [main] DEBUG org.hibernate.internal.util.EntityPrinter - Listing entities:
10:24:17.008 [main] DEBUG org.hibernate.internal.util.EntityPrinter - org.frcpm.models.TeamMember{skills=null, firstName=Attendance, lastName=Test1, leader=false, subteam=null, phone=null, id=160, attendances=[], email=attendance1@example.com, assignedTasks=[], username=attendancetest1}
10:24:17.008 [main] DEBUG org.hibernate.resource.jdbc.internal.LogicalConnectionManagedImpl - Initiating JDBC connection release from afterTransaction
10:24:17.008 [main] DEBUG org.hibernate.resource.jdbc.internal.LogicalConnectionManagedImpl - Initiating JDBC connection release from afterTransaction
10:24:17.008 [main] DEBUG org.hibernate.engine.transaction.internal.TransactionImpl - On TransactionImpl creation, JpaCompliance#isJpaTransactionComplianceEnabled == false
10:24:17.008 [main] DEBUG org.hibernate.engine.transaction.internal.TransactionImpl - begin
10:24:17.008 [main] DEBUG org.hibernate.engine.spi.ActionQueue - Executing identity-insert immediately
10:24:17.009 [main] DEBUG org.hibernate.SQL - insert into team_members (email,first_name,last_name,is_leader,phone,skills,subteam_id,username,id) values (?,?,?,?,?,?,?,?,default)
10:24:17.009 [main] DEBUG org.hibernate.orm.results - Initializer list is empty
10:24:17.009 [main] DEBUG org.hibernate.orm.results.loading - Calling top-level assembler (0 / 1) : org.hibernate.sql.results.graph.basic.BasicResultAssembler@3a0a1ec9
10:24:17.009 [main] DEBUG org.hibernate.orm.results - Extracted JDBC value [0] - [161]
10:24:17.009 [main] DEBUG org.hibernate.id.IdentifierGeneratorHelper - Extracted generated values [org.frcpm.models.TeamMember]: [Ljava.lang.Object;@4fcb4a6e
10:24:17.009 [main] DEBUG org.hibernate.event.internal.AbstractFlushingEventListener - Processing flush-time cascades
10:24:17.009 [main] DEBUG org.hibernate.event.internal.AbstractFlushingEventListener - Dirty checking collections
10:24:17.009 [main] DEBUG org.hibernate.engine.internal.Collections - Collection found: [org.frcpm.models.TeamMember.assignedTasks#161], was: [<unreferenced>] (initialized)
10:24:17.009 [main] DEBUG org.hibernate.engine.internal.Collections - Collection found: [org.frcpm.models.TeamMember.attendances#161], was: [<unreferenced>] (initialized)
10:24:17.009 [main] DEBUG org.hibernate.event.internal.AbstractFlushingEventListener - Flushed: 0 insertions, 0 updates, 0 deletions to 1 objects
10:24:17.009 [main] DEBUG org.hibernate.event.internal.AbstractFlushingEventListener - Flushed: 2 (re)creations, 0 updates, 0 removals to 2 collections
10:24:17.009 [main] DEBUG org.hibernate.internal.util.EntityPrinter - Listing entities:
10:24:17.009 [main] DEBUG org.hibernate.internal.util.EntityPrinter - org.frcpm.models.TeamMember{skills=null, firstName=Attendance, lastName=Test2, leader=false, subteam=null, phone=null, id=161, attendances=[], email=attendance2@example.com, assignedTasks=[], username=attendancetest2}
10:24:17.009 [main] DEBUG org.hibernate.engine.transaction.internal.TransactionImpl - committing
10:24:17.009 [main] DEBUG org.hibernate.event.internal.AbstractFlushingEventListener - Processing flush-time cascades
10:24:17.009 [main] DEBUG org.hibernate.event.internal.AbstractFlushingEventListener - Dirty checking collections
10:24:17.009 [main] DEBUG org.hibernate.engine.internal.Collections - Collection found: [org.frcpm.models.TeamMember.assignedTasks#161], was: [org.frcpm.models.TeamMember.assignedTasks#161] (initialized)
10:24:17.009 [main] DEBUG org.hibernate.engine.internal.Collections - Collection found: [org.frcpm.models.TeamMember.attendances#161], was: [org.frcpm.models.TeamMember.attendances#161] (initialized)
10:24:17.009 [main] DEBUG org.hibernate.event.internal.AbstractFlushingEventListener - Flushed: 0 insertions, 0 updates, 0 deletions to 1 objects
10:24:17.009 [main] DEBUG org.hibernate.event.internal.AbstractFlushingEventListener - Flushed: 0 (re)creations, 0 updates, 0 removals to 2 collections
10:24:17.009 [main] DEBUG org.hibernate.internal.util.EntityPrinter - Listing entities:
10:24:17.009 [main] DEBUG org.hibernate.internal.util.EntityPrinter - org.frcpm.models.TeamMember{skills=null, firstName=Attendance, lastName=Test2, leader=false, subteam=null, phone=null, id=161, attendances=[], email=attendance2@example.com, assignedTasks=[], username=attendancetest2}
10:24:17.009 [main] DEBUG org.hibernate.resource.jdbc.internal.LogicalConnectionManagedImpl - Initiating JDBC connection release from afterTransaction
10:24:17.009 [main] DEBUG org.hibernate.resource.jdbc.internal.LogicalConnectionManagedImpl - Initiating JDBC connection release from afterTransaction
10:24:17.010 [main] DEBUG org.hibernate.engine.transaction.internal.TransactionImpl - On TransactionImpl creation, JpaCompliance#isJpaTransactionComplianceEnabled == false
10:24:17.010 [main] DEBUG org.hibernate.engine.transaction.internal.TransactionImpl - begin
10:24:17.010 [main] DEBUG org.hibernate.engine.spi.ActionQueue - Executing identity-insert immediately
10:24:17.010 [main] DEBUG org.hibernate.SQL - insert into attendances (arrival_time,departure_time,meeting_id,member_id,present,id) values (?,?,?,?,?,default)
10:24:17.011 [main] DEBUG org.hibernate.orm.results - Initializer list is empty
10:24:17.011 [main] DEBUG org.hibernate.orm.results.loading - Calling top-level assembler (0 / 1) : org.hibernate.sql.results.graph.basic.BasicResultAssembler@a9da0bb
10:24:17.011 [main] DEBUG org.hibernate.orm.results - Extracted JDBC value [0] - [103]
10:24:17.011 [main] DEBUG org.hibernate.id.IdentifierGeneratorHelper - Extracted generated values [org.frcpm.models.Attendance]: [Ljava.lang.Object;@30ed81ff
10:24:17.011 [main] DEBUG org.hibernate.event.internal.AbstractFlushingEventListener - Processing flush-time cascades
10:24:17.011 [main] DEBUG org.hibernate.event.internal.AbstractFlushingEventListener - Dirty checking collections
10:24:17.011 [main] DEBUG org.hibernate.event.internal.AbstractFlushingEventListener - Flushed: 0 insertions, 0 updates, 0 deletions to 1 objects
10:24:17.011 [main] DEBUG org.hibernate.event.internal.AbstractFlushingEventListener - Flushed: 0 (re)creations, 0 updates, 0 removals to 0 collections
10:24:17.011 [main] DEBUG org.hibernate.internal.util.EntityPrinter - Listing entities:
10:24:17.011 [main] DEBUG org.hibernate.internal.util.EntityPrinter - org.frcpm.models.Attendance{departureTime=20:00, arrivalTime=18:00, member=org.frcpm.models.TeamMember#160, id=103, present=true, meeting=org.frcpm.models.Meeting#103}
10:24:17.011 [main] DEBUG org.hibernate.engine.transaction.internal.TransactionImpl - committing
10:24:17.011 [main] DEBUG org.hibernate.event.internal.AbstractFlushingEventListener - Processing flush-time cascades
10:24:17.012 [main] DEBUG org.hibernate.event.internal.AbstractFlushingEventListener - Dirty checking collections
10:24:17.012 [main] DEBUG org.hibernate.event.internal.AbstractFlushingEventListener - Flushed: 0 insertions, 0 updates, 0 deletions to 1 objects
10:24:17.012 [main] DEBUG org.hibernate.event.internal.AbstractFlushingEventListener - Flushed: 0 (re)creations, 0 updates, 0 removals to 0 collections
10:24:17.012 [main] DEBUG org.hibernate.internal.util.EntityPrinter - Listing entities:
10:24:17.012 [main] DEBUG org.hibernate.internal.util.EntityPrinter - org.frcpm.models.Attendance{departureTime=20:00, arrivalTime=18:00, member=org.frcpm.models.TeamMember#160, id=103, present=true, meeting=org.frcpm.models.Meeting#103}
10:24:17.012 [main] DEBUG org.hibernate.resource.jdbc.internal.LogicalConnectionManagedImpl - Initiating JDBC connection release from afterTransaction
10:24:17.012 [main] DEBUG org.hibernate.resource.jdbc.internal.LogicalConnectionManagedImpl - Initiating JDBC connection release from afterTransaction
10:24:17.013 [main] DEBUG org.hibernate.engine.transaction.internal.TransactionImpl - On TransactionImpl creation, JpaCompliance#isJpaTransactionComplianceEnabled == false
10:24:17.013 [main] DEBUG org.hibernate.engine.transaction.internal.TransactionImpl - begin
10:24:17.013 [main] DEBUG org.hibernate.engine.spi.ActionQueue - Executing identity-insert immediately
10:24:17.013 [main] DEBUG org.hibernate.SQL - insert into attendances (arrival_time,departure_time,meeting_id,member_id,present,id) values (?,?,?,?,?,default)
10:24:17.013 [main] DEBUG org.hibernate.orm.results - Initializer list is empty
10:24:17.013 [main] DEBUG org.hibernate.orm.results.loading - Calling top-level assembler (0 / 1) : org.hibernate.sql.results.graph.basic.BasicResultAssembler@3049c373
10:24:17.013 [main] DEBUG org.hibernate.orm.results - Extracted JDBC value [0] - [104]
10:24:17.013 [main] DEBUG org.hibernate.id.IdentifierGeneratorHelper - Extracted generated values [org.frcpm.models.Attendance]: [Ljava.lang.Object;@709c2a01
10:24:17.013 [main] DEBUG org.hibernate.event.internal.AbstractFlushingEventListener - Processing flush-time cascades
10:24:17.013 [main] DEBUG org.hibernate.event.internal.AbstractFlushingEventListener - Dirty checking collections
10:24:17.013 [main] DEBUG org.hibernate.event.internal.AbstractFlushingEventListener - Flushed: 0 insertions, 0 updates, 0 deletions to 1 objects
10:24:17.013 [main] DEBUG org.hibernate.event.internal.AbstractFlushingEventListener - Flushed: 0 (re)creations, 0 updates, 0 removals to 0 collections
10:24:17.013 [main] DEBUG org.hibernate.internal.util.EntityPrinter - Listing entities:
10:24:17.013 [main] DEBUG org.hibernate.internal.util.EntityPrinter - org.frcpm.models.Attendance{departureTime=null, arrivalTime=null, member=org.frcpm.models.TeamMember#161, id=104, present=false, meeting=org.frcpm.models.Meeting#103}
10:24:17.013 [main] DEBUG org.hibernate.engine.transaction.internal.TransactionImpl - committing
10:24:17.013 [main] DEBUG org.hibernate.event.internal.AbstractFlushingEventListener - Processing flush-time cascades
10:24:17.014 [main] DEBUG org.hibernate.event.internal.AbstractFlushingEventListener - Dirty checking collections
10:24:17.014 [main] DEBUG org.hibernate.event.internal.AbstractFlushingEventListener - Flushed: 0 insertions, 0 updates, 0 deletions to 1 objects
10:24:17.014 [main] DEBUG org.hibernate.event.internal.AbstractFlushingEventListener - Flushed: 0 (re)creations, 0 updates, 0 removals to 0 collections
10:24:17.014 [main] DEBUG org.hibernate.internal.util.EntityPrinter - Listing entities:
10:24:17.014 [main] DEBUG org.hibernate.internal.util.EntityPrinter - org.frcpm.models.Attendance{departureTime=null, arrivalTime=null, member=org.frcpm.models.TeamMember#161, id=104, present=false, meeting=org.frcpm.models.Meeting#103}
10:24:17.014 [main] DEBUG org.hibernate.resource.jdbc.internal.LogicalConnectionManagedImpl - Initiating JDBC connection release from afterTransaction
10:24:17.014 [main] DEBUG org.hibernate.resource.jdbc.internal.LogicalConnectionManagedImpl - Initiating JDBC connection release from afterTransaction
10:24:17.015 [main] DEBUG org.hibernate.engine.transaction.internal.TransactionImpl - On TransactionImpl creation, JpaCompliance#isJpaTransactionComplianceEnabled == false
10:24:17.015 [main] DEBUG org.hibernate.engine.transaction.internal.TransactionImpl - begin
10:24:17.016 [main] DEBUG org.hibernate.engine.spi.ActionQueue - Executing identity-insert immediately
10:24:17.017 [main] DEBUG org.hibernate.SQL - insert into meetings (date,end_time,notes,project_id,start_time,id) values (?,?,?,?,?,default)
10:24:17.017 [main] DEBUG org.hibernate.orm.results - Initializer list is empty
10:24:17.017 [main] DEBUG org.hibernate.orm.results.loading - Calling top-level assembler (0 / 1) : org.hibernate.sql.results.graph.basic.BasicResultAssembler@a84a492
10:24:17.017 [main] DEBUG org.hibernate.orm.results - Extracted JDBC value [0] - [104]
10:24:17.017 [main] DEBUG org.hibernate.id.IdentifierGeneratorHelper - Extracted generated values [org.frcpm.models.Meeting]: [Ljava.lang.Object;@3c9f93bb
10:24:17.018 [main] DEBUG org.hibernate.event.internal.AbstractFlushingEventListener - Processing flush-time cascades
10:24:17.018 [main] DEBUG org.hibernate.event.internal.AbstractFlushingEventListener - Dirty checking collections
10:24:17.018 [main] DEBUG org.hibernate.engine.internal.Collections - Collection found: [org.frcpm.models.Meeting.attendances#104], was: [<unreferenced>] (initialized)
10:24:17.018 [main] DEBUG org.hibernate.event.internal.AbstractFlushingEventListener - Flushed: 0 insertions, 0 updates, 0 deletions to 1 objects
10:24:17.018 [main] DEBUG org.hibernate.event.internal.AbstractFlushingEventListener - Flushed: 1 (re)creations, 0 updates, 0 removals to 1 collections
10:24:17.018 [main] DEBUG org.hibernate.internal.util.EntityPrinter - Listing entities:
10:24:17.018 [main] DEBUG org.hibernate.internal.util.EntityPrinter - org.frcpm.models.Meeting{date=2025-05-05, notes=null, project=org.frcpm.models.Project#168, startTime=18:00, id=104, endTime=20:00, attendances=[]}
10:24:17.018 [main] DEBUG org.hibernate.engine.transaction.internal.TransactionImpl - committing
10:24:17.018 [main] DEBUG org.hibernate.event.internal.AbstractFlushingEventListener - Processing flush-time cascades
10:24:17.018 [main] DEBUG org.hibernate.event.internal.AbstractFlushingEventListener - Dirty checking collections
10:24:17.018 [main] DEBUG org.hibernate.engine.internal.Collections - Collection found: [org.frcpm.models.Meeting.attendances#104], was: [org.frcpm.models.Meeting.attendances#104] (initialized)
10:24:17.018 [main] DEBUG org.hibernate.event.internal.AbstractFlushingEventListener - Flushed: 0 insertions, 0 updates, 0 deletions to 1 objects
10:24:17.018 [main] DEBUG org.hibernate.event.internal.AbstractFlushingEventListener - Flushed: 0 (re)creations, 0 updates, 0 removals to 1 collections
10:24:17.018 [main] DEBUG org.hibernate.internal.util.EntityPrinter - Listing entities:
10:24:17.018 [main] DEBUG org.hibernate.internal.util.EntityPrinter - org.frcpm.models.Meeting{date=2025-05-05, notes=null, project=org.frcpm.models.Project#168, startTime=18:00, id=104, endTime=20:00, attendances=[]}
10:24:17.018 [main] DEBUG org.hibernate.resource.jdbc.internal.LogicalConnectionManagedImpl - Initiating JDBC connection release from afterTransaction
10:24:17.019 [main] DEBUG org.hibernate.resource.jdbc.internal.LogicalConnectionManagedImpl - Initiating JDBC connection release from afterTransaction
10:24:17.019 [main] DEBUG org.hibernate.engine.transaction.internal.TransactionImpl - On TransactionImpl creation, JpaCompliance#isJpaTransactionComplianceEnabled == false
10:24:17.019 [main] DEBUG org.hibernate.engine.transaction.internal.TransactionImpl - begin
10:24:17.019 [main] DEBUG org.hibernate.engine.spi.ActionQueue - Executing identity-insert immediately
10:24:17.019 [main] DEBUG org.hibernate.SQL - insert into team_members (email,first_name,last_name,is_leader,phone,skills,subteam_id,username,id) values (?,?,?,?,?,?,?,?,default)
10:24:17.020 [main] DEBUG org.hibernate.orm.results - Initializer list is empty
10:24:17.020 [main] DEBUG org.hibernate.orm.results.loading - Calling top-level assembler (0 / 1) : org.hibernate.sql.results.graph.basic.BasicResultAssembler@265b9310
10:24:17.020 [main] DEBUG org.hibernate.orm.results - Extracted JDBC value [0] - [162]
10:24:17.020 [main] DEBUG org.hibernate.id.IdentifierGeneratorHelper - Extracted generated values [org.frcpm.models.TeamMember]: [Ljava.lang.Object;@7ad41f7a
10:24:17.020 [main] DEBUG org.hibernate.event.internal.AbstractFlushingEventListener - Processing flush-time cascades
10:24:17.020 [main] DEBUG org.hibernate.event.internal.AbstractFlushingEventListener - Dirty checking collections
10:24:17.020 [main] DEBUG org.hibernate.engine.internal.Collections - Collection found: [org.frcpm.models.TeamMember.assignedTasks#162], was: [<unreferenced>] (initialized)
10:24:17.020 [main] DEBUG org.hibernate.engine.internal.Collections - Collection found: [org.frcpm.models.TeamMember.attendances#162], was: [<unreferenced>] (initialized)
10:24:17.020 [main] DEBUG org.hibernate.event.internal.AbstractFlushingEventListener - Flushed: 0 insertions, 0 updates, 0 deletions to 1 objects
10:24:17.020 [main] DEBUG org.hibernate.event.internal.AbstractFlushingEventListener - Flushed: 2 (re)creations, 0 updates, 0 removals to 2 collections
10:24:17.021 [main] DEBUG org.hibernate.internal.util.EntityPrinter - Listing entities:
10:24:17.021 [main] DEBUG org.hibernate.internal.util.EntityPrinter - org.frcpm.models.TeamMember{skills=null, firstName=Delete, lastName=Test, leader=false, subteam=null, phone=null, id=162, attendances=[], email=delete@example.com, assignedTasks=[], username=attendancedelete}
10:24:17.021 [main] DEBUG org.hibernate.engine.transaction.internal.TransactionImpl - committing
10:24:17.021 [main] DEBUG org.hibernate.event.internal.AbstractFlushingEventListener - Processing flush-time cascades
10:24:17.021 [main] DEBUG org.hibernate.event.internal.AbstractFlushingEventListener - Dirty checking collections
10:24:17.021 [main] DEBUG org.hibernate.engine.internal.Collections - Collection found: [org.frcpm.models.TeamMember.assignedTasks#162], was: [org.frcpm.models.TeamMember.assignedTasks#162] (initialized)
10:24:17.021 [main] DEBUG org.hibernate.engine.internal.Collections - Collection found: [org.frcpm.models.TeamMember.attendances#162], was: [org.frcpm.models.TeamMember.attendances#162] (initialized)
10:24:17.021 [main] DEBUG org.hibernate.event.internal.AbstractFlushingEventListener - Flushed: 0 insertions, 0 updates, 0 deletions to 1 objects
10:24:17.021 [main] DEBUG org.hibernate.event.internal.AbstractFlushingEventListener - Flushed: 0 (re)creations, 0 updates, 0 removals to 2 collections
10:24:17.021 [main] DEBUG org.hibernate.internal.util.EntityPrinter - Listing entities:
10:24:17.021 [main] DEBUG org.hibernate.internal.util.EntityPrinter - org.frcpm.models.TeamMember{skills=null, firstName=Delete, lastName=Test, leader=false, subteam=null, phone=null, id=162, attendances=[], email=delete@example.com, assignedTasks=[], username=attendancedelete}
10:24:17.021 [main] DEBUG org.hibernate.resource.jdbc.internal.LogicalConnectionManagedImpl - Initiating JDBC connection release from afterTransaction
10:24:17.021 [main] DEBUG org.hibernate.resource.jdbc.internal.LogicalConnectionManagedImpl - Initiating JDBC connection release from afterTransaction
10:24:17.021 [main] DEBUG org.hibernate.engine.transaction.internal.TransactionImpl - On TransactionImpl creation, JpaCompliance#isJpaTransactionComplianceEnabled == false
10:24:17.021 [main] DEBUG org.hibernate.engine.transaction.internal.TransactionImpl - begin
10:24:17.022 [main] DEBUG org.hibernate.engine.spi.ActionQueue - Executing identity-insert immediately
10:24:17.022 [main] DEBUG org.hibernate.SQL - insert into attendances (arrival_time,departure_time,meeting_id,member_id,present,id) values (?,?,?,?,?,default)
10:24:17.022 [main] DEBUG org.hibernate.orm.results - Initializer list is empty
10:24:17.022 [main] DEBUG org.hibernate.orm.results.loading - Calling top-level assembler (0 / 1) : org.hibernate.sql.results.graph.basic.BasicResultAssembler@28397aa7
10:24:17.022 [main] DEBUG org.hibernate.orm.results - Extracted JDBC value [0] - [105]
10:24:17.022 [main] DEBUG org.hibernate.id.IdentifierGeneratorHelper - Extracted generated values [org.frcpm.models.Attendance]: [Ljava.lang.Object;@3a4ed5cd
10:24:17.022 [main] DEBUG org.hibernate.event.internal.AbstractFlushingEventListener - Processing flush-time cascades
10:24:17.022 [main] DEBUG org.hibernate.event.internal.AbstractFlushingEventListener - Dirty checking collections
10:24:17.022 [main] DEBUG org.hibernate.event.internal.AbstractFlushingEventListener - Flushed: 0 insertions, 0 updates, 0 deletions to 1 objects
10:24:17.022 [main] DEBUG org.hibernate.event.internal.AbstractFlushingEventListener - Flushed: 0 (re)creations, 0 updates, 0 removals to 0 collections
10:24:17.022 [main] DEBUG org.hibernate.internal.util.EntityPrinter - Listing entities:
10:24:17.022 [main] DEBUG org.hibernate.internal.util.EntityPrinter - org.frcpm.models.Attendance{departureTime=null, arrivalTime=18:00, member=org.frcpm.models.TeamMember#162, id=105, present=true, meeting=org.frcpm.models.Meeting#104}
10:24:17.022 [main] DEBUG org.hibernate.engine.transaction.internal.TransactionImpl - committing
10:24:17.022 [main] DEBUG org.hibernate.event.internal.AbstractFlushingEventListener - Processing flush-time cascades
10:24:17.022 [main] DEBUG org.hibernate.event.internal.AbstractFlushingEventListener - Dirty checking collections
10:24:17.022 [main] DEBUG org.hibernate.event.internal.AbstractFlushingEventListener - Flushed: 0 insertions, 0 updates, 0 deletions to 1 objects
10:24:17.022 [main] DEBUG org.hibernate.event.internal.AbstractFlushingEventListener - Flushed: 0 (re)creations, 0 updates, 0 removals to 0 collections
10:24:17.022 [main] DEBUG org.hibernate.internal.util.EntityPrinter - Listing entities:
10:24:17.022 [main] DEBUG org.hibernate.internal.util.EntityPrinter - org.frcpm.models.Attendance{departureTime=null, arrivalTime=18:00, member=org.frcpm.models.TeamMember#162, id=105, present=true, meeting=org.frcpm.models.Meeting#104}
10:24:17.023 [main] DEBUG org.hibernate.resource.jdbc.internal.LogicalConnectionManagedImpl - Initiating JDBC connection release from afterTransaction
10:24:17.023 [main] DEBUG org.hibernate.resource.jdbc.internal.LogicalConnectionManagedImpl - Initiating JDBC connection release from afterTransaction
10:24:17.023 [main] DEBUG org.hibernate.engine.transaction.internal.TransactionImpl - On TransactionImpl creation, JpaCompliance#isJpaTransactionComplianceEnabled == false
10:24:17.023 [main] DEBUG org.hibernate.engine.transaction.internal.TransactionImpl - begin
10:24:17.023 [main] DEBUG org.hibernate.orm.sql.ast.create - Created new SQL alias : a1_0
10:24:17.023 [main] DEBUG org.hibernate.orm.sql.ast.create - Registration of TableGroup [StandardTableGroup(org.frcpm.models.Attendance)] with identifierForTableGroup [org.frcpm.models.Attendance] for NavigablePath [org.frcpm.models.Attendance] 
10:24:17.023 [main] DEBUG org.hibernate.orm.sql.ast.create - Registration of TableGroup [org.hibernate.sql.ast.tree.from.LazyTableGroup@18b3f8b7] with identifierForTableGroup [org.frcpm.models.Attendance.meeting] for NavigablePath [org.frcpm.models.Attendance.meeting] 
10:24:17.023 [main] DEBUG org.hibernate.orm.sql.ast.create - Registration of TableGroup [org.hibernate.sql.ast.tree.from.LazyTableGroup@6d44f61a] with identifierForTableGroup [org.frcpm.models.Attendance.member] for NavigablePath [org.frcpm.models.Attendance.member] 
10:24:17.023 [main] DEBUG org.hibernate.orm.results.graph.AST - DomainResult Graph:
 \-EntityResultImpl [org.frcpm.models.Attendance]
 |  +-BasicFetch [org.frcpm.models.Attendance.arrivalTime]
 |  +-BasicFetch [org.frcpm.models.Attendance.departureTime]
 |  +-EntityDelayedFetchImpl [org.frcpm.models.Attendance.meeting]
 |  +-EntityDelayedFetchImpl [org.frcpm.models.Attendance.member]
 |  \-BasicFetch [org.frcpm.models.Attendance.present]

10:24:17.023 [main] DEBUG org.hibernate.orm.sql.ast.tree - SQL AST Tree:
    SelectStatement {
      FromClause {
        StandardTableGroup (a1 : org.frcpm.models.Attendance) {
          primaryTableReference : attendances as a1_0
          TableGroupJoins {
            left  join LazyTableGroup (m1 : org.frcpm.models.Attendance.meeting) {
            }
            left  join LazyTableGroup (m2 : org.frcpm.models.Attendance.member) {
            }
          }
        }
      }
    }

10:24:17.024 [main] DEBUG org.hibernate.orm.sql.exec - Skipping reading Query result cache data: cache-enabled = false, cache-mode = IGNORE
10:24:17.024 [main] DEBUG org.hibernate.orm.results - Initializer list:
	  org.frcpm.models.Attendance -> EntityResultInitializer(org.frcpm.models.Attendance)@647599112 (SingleTableEntityPersister(org.frcpm.models.Attendance))
	  org.frcpm.models.Attendance.meeting -> EntityDelayedFetchInitializer(org.frcpm.models.Attendance.meeting)@1926200196 (ToOneAttributeMapping(NavigableRole[org.frcpm.models.Attendance.meeting])@955361249)
	  org.frcpm.models.Attendance.member -> EntityDelayedFetchInitializer(org.frcpm.models.Attendance.member)@1548437659 (ToOneAttributeMapping(NavigableRole[org.frcpm.models.Attendance.member])@907587278)

10:24:17.024 [main] DEBUG org.hibernate.SQL - select a1_0.id,a1_0.arrival_time,a1_0.departure_time,a1_0.meeting_id,a1_0.member_id,a1_0.present from attendances a1_0 where a1_0.id=?
10:24:17.024 [main] DEBUG org.hibernate.orm.results.loading.entity - (EntityResultInitializer) Hydrated EntityKey (org.frcpm.models.Attendance): 105
10:24:17.024 [main] DEBUG org.hibernate.orm.results.loading.entity - (EntityResultInitializer) Created new entity instance [org.frcpm.models.Attendance#105] : 217061416
10:24:17.024 [main] DEBUG org.hibernate.orm.results - Extracted JDBC value [3] - [104]
10:24:17.024 [main] DEBUG org.hibernate.orm.results - Extracted JDBC value [4] - [162]
10:24:17.025 [main] DEBUG org.hibernate.orm.results - Extracted JDBC value [1] - [18:00]
10:24:17.025 [main] DEBUG org.hibernate.orm.results - Extracted JDBC value [2] - [null]
10:24:17.025 [main] DEBUG org.hibernate.orm.results - Extracted JDBC value [5] - [true]
10:24:17.025 [main] DEBUG org.hibernate.orm.results.loading.entity - (EntityResultInitializer) Done materializing entityInstance : org.frcpm.models.Attendance#105
10:24:17.025 [main] DEBUG org.hibernate.orm.results.loading - Calling top-level assembler (0 / 1) : org.hibernate.sql.results.graph.entity.internal.EntityAssembler@7f6da9a6
10:24:17.025 [main] DEBUG org.hibernate.engine.transaction.internal.TransactionImpl - committing
10:24:17.025 [main] DEBUG org.hibernate.event.internal.AbstractFlushingEventListener - Processing flush-time cascades
10:24:17.025 [main] DEBUG org.hibernate.event.internal.AbstractFlushingEventListener - Dirty checking collections
10:24:17.025 [main] DEBUG org.hibernate.event.internal.AbstractFlushingEventListener - Flushed: 0 insertions, 0 updates, 1 deletions to 1 objects
10:24:17.025 [main] DEBUG org.hibernate.event.internal.AbstractFlushingEventListener - Flushed: 0 (re)creations, 0 updates, 0 removals to 0 collections
10:24:17.025 [main] DEBUG org.hibernate.internal.util.EntityPrinter - Listing entities:
10:24:17.025 [main] DEBUG org.hibernate.internal.util.EntityPrinter - org.frcpm.models.Attendance{departureTime=null, arrivalTime=18:00, member=<uninitialized>, id=105, present=true, meeting=<uninitialized>}
10:24:17.026 [main] DEBUG org.hibernate.SQL - delete from attendances where id=?
10:24:17.026 [main] DEBUG org.hibernate.orm.jdbc.batch - PreparedStatementDetails did not contain PreparedStatement on #releaseStatements : delete from attendances where id=?
10:24:17.026 [main] DEBUG org.hibernate.orm.jdbc.batch - PreparedStatementDetails did not contain PreparedStatement on #releaseStatements : delete from attendances where id=?
10:24:17.026 [main] DEBUG org.hibernate.resource.jdbc.internal.LogicalConnectionManagedImpl - Initiating JDBC connection release from afterTransaction
10:24:17.026 [main] DEBUG org.hibernate.orm.jdbc.batch - PreparedStatementDetails did not contain PreparedStatement on #releaseStatements : delete from attendances where id=?
10:24:17.026 [main] DEBUG org.hibernate.orm.jdbc.batch - PreparedStatementDetails did not contain PreparedStatement on #releaseStatements : delete from attendances where id=?
10:24:17.026 [main] DEBUG org.hibernate.resource.jdbc.internal.LogicalConnectionManagedImpl - Initiating JDBC connection release from afterTransaction
10:24:17.026 [main] DEBUG org.hibernate.engine.jdbc.internal.JdbcCoordinatorImpl - HHH000420: Closing un-released batch
10:24:17.026 [main] DEBUG org.hibernate.orm.jdbc.batch - PreparedStatementDetails did not contain PreparedStatement on #releaseStatements : delete from attendances where id=?
10:24:17.026 [main] DEBUG org.hibernate.orm.jdbc.batch - PreparedStatementDetails did not contain PreparedStatement on #releaseStatements : delete from attendances where id=?
10:24:17.027 [main] DEBUG org.hibernate.orm.sql.exec - Skipping reading Query result cache data: cache-enabled = false, cache-mode = IGNORE
10:24:17.027 [main] DEBUG org.hibernate.orm.results - Initializer list:
	  org.frcpm.models.Attendance -> EntityResultInitializer(org.frcpm.models.Attendance)@290288667 (SingleTableEntityPersister(org.frcpm.models.Attendance))
	  org.frcpm.models.Attendance.meeting -> EntityDelayedFetchInitializer(org.frcpm.models.Attendance.meeting)@502275906 (ToOneAttributeMapping(NavigableRole[org.frcpm.models.Attendance.meeting])@955361249)
	  org.frcpm.models.Attendance.member -> EntityDelayedFetchInitializer(org.frcpm.models.Attendance.member)@256030147 (ToOneAttributeMapping(NavigableRole[org.frcpm.models.Attendance.member])@907587278)

10:24:17.027 [main] DEBUG org.hibernate.SQL - select a1_0.id,a1_0.arrival_time,a1_0.departure_time,a1_0.meeting_id,a1_0.member_id,a1_0.present from attendances a1_0 where a1_0.id=?
10:24:17.027 [main] DEBUG org.hibernate.resource.jdbc.internal.LogicalConnectionManagedImpl - Initiating JDBC connection release from afterTransaction
10:24:17.027 [main] DEBUG org.hibernate.engine.transaction.internal.TransactionImpl - On TransactionImpl creation, JpaCompliance#isJpaTransactionComplianceEnabled == false
10:24:17.027 [main] DEBUG org.hibernate.engine.transaction.internal.TransactionImpl - begin
10:24:17.028 [main] DEBUG org.hibernate.orm.sql.ast.create - Created new SQL alias : m1_0
10:24:17.028 [main] DEBUG org.hibernate.orm.sql.ast.create - Registration of TableGroup [StandardTableGroup(org.frcpm.models.Meeting)] with identifierForTableGroup [org.frcpm.models.Meeting] for NavigablePath [org.frcpm.models.Meeting] 
10:24:17.028 [main] DEBUG org.hibernate.orm.sql.ast.create - Registration of TableGroup [org.hibernate.sql.ast.tree.from.LazyTableGroup@314d23e0] with identifierForTableGroup [org.frcpm.models.Meeting.project] for NavigablePath [org.frcpm.models.Meeting.project] 
10:24:17.028 [main] DEBUG org.hibernate.orm.sql.ast.create - Created new SQL alias : a1_0
10:24:17.028 [main] DEBUG org.hibernate.orm.sql.ast.create - Registration of TableGroup [org.hibernate.sql.ast.tree.from.OneToManyTableGroup@1689c6b0] with identifierForTableGroup [org.frcpm.models.Meeting.attendances] for NavigablePath [org.frcpm.models.Meeting.attendances] 
10:24:17.028 [main] DEBUG org.hibernate.orm.sql.ast.create - Registration of TableGroup [StandardTableGroup(org.frcpm.models.Meeting.attendances.{element})] with identifierForTableGroup [org.frcpm.models.Meeting.attendances.{element}] for NavigablePath [org.frcpm.models.Meeting.attendances.{element}] 
10:24:17.028 [main] DEBUG org.hibernate.orm.sql.ast.create - Registration of TableGroup [org.hibernate.sql.ast.tree.from.LazyTableGroup@6b370444] with identifierForTableGroup [org.frcpm.models.Meeting.attendances.{element}.meeting] for NavigablePath [org.frcpm.models.Meeting.attendances.{element}.meeting] 
10:24:17.028 [main] DEBUG org.hibernate.orm.sql.ast.create - Registration of TableGroup [org.hibernate.sql.ast.tree.from.LazyTableGroup@43d33c7d] with identifierForTableGroup [org.frcpm.models.Meeting.attendances.{element}.member] for NavigablePath [org.frcpm.models.Meeting.attendances.{element}.member] 
10:24:17.029 [main] DEBUG org.hibernate.orm.results.graph.AST - DomainResult Graph:
 \-EntityResultImpl [org.frcpm.models.Meeting]
 |  +-EagerCollectionFetch [org.frcpm.models.Meeting.attendances]
 |  |  \-EntityFetchJoinedImpl [org.frcpm.models.Meeting.attendances.{element}]
 |  +-BasicFetch [org.frcpm.models.Meeting.date]
 |  +-BasicFetch [org.frcpm.models.Meeting.endTime]
 |  +-BasicFetch [org.frcpm.models.Meeting.notes]
 |  +-EntityDelayedFetchImpl [org.frcpm.models.Meeting.project]
 |  \-BasicFetch [org.frcpm.models.Meeting.startTime]

10:24:17.029 [main] DEBUG org.hibernate.orm.sql.ast.tree - SQL AST Tree:
    SelectStatement {
      FromClause {
        StandardTableGroup (m1 : org.frcpm.models.Meeting) {
          primaryTableReference : meetings as m1_0
          TableGroupJoins {
            left  join LazyTableGroup (p1 : org.frcpm.models.Meeting.project) {
            }
            left  join OneToManyTableGroup (a1 : org.frcpm.models.Meeting.attendances) {
              primaryTableReference : attendances as a1_0
              TableGroupJoins {
                left  join LazyTableGroup (m2 : org.frcpm.models.Meeting.attendances.{element}.meeting) {
                }
                left  join LazyTableGroup (m3 : org.frcpm.models.Meeting.attendances.{element}.member) {
                }
              }
            }
          }
        }
      }
    }

10:24:17.029 [main] DEBUG org.hibernate.orm.sql.exec - Skipping reading Query result cache data: cache-enabled = false, cache-mode = IGNORE
10:24:17.029 [main] DEBUG org.hibernate.orm.results - Initializer list:
	  org.frcpm.models.Meeting -> EntityResultInitializer(org.frcpm.models.Meeting)@1223818487 (SingleTableEntityPersister(org.frcpm.models.Meeting))
	  org.frcpm.models.Meeting.attendances -> BagInitializer(org.frcpm.models.Meeting.attendances)@282328952 (PluralAttribute(org.frcpm.models.Meeting.attendances))
	  org.frcpm.models.Meeting.attendances.{element}.member -> EntityDelayedFetchInitializer(org.frcpm.models.Meeting.attendances.{element}.member)@1253644747 (ToOneAttributeMapping(NavigableRole[org.frcpm.models.Attendance.member])@907587278)
	  org.frcpm.models.Meeting.project -> EntityDelayedFetchInitializer(org.frcpm.models.Meeting.project)@1868334651 (ToOneAttributeMapping(NavigableRole[org.frcpm.models.Meeting.project])@680384867)
	  org.frcpm.models.Meeting.attendances.{element} -> EntityJoinedFetchInitializer(org.frcpm.models.Meeting.attendances.{element})@657120053 (EntityCollectionPart(org.frcpm.models.Meeting.attendances#{element})@635431258)

10:24:17.030 [main] DEBUG org.hibernate.SQL - select m1_0.id,m1_0.date,m1_0.end_time,m1_0.notes,m1_0.project_id,m1_0.start_time,a1_0.meeting_id,a1_0.id,a1_0.arrival_time,a1_0.departure_time,a1_0.member_id,a1_0.present from meetings m1_0 left join attendances a1_0 on m1_0.id=a1_0.meeting_id where m1_0.id=?
10:24:17.031 [main] DEBUG org.hibernate.orm.results.loading.entity - (EntityResultInitializer) Hydrated EntityKey (org.frcpm.models.Meeting): 104
10:24:17.031 [main] DEBUG org.hibernate.orm.results.loading.org.hibernate.orm.results.loading.collection - (BagInitializer) Current row collection key : org.frcpm.models.Meeting.attendances#104
10:24:17.031 [main] DEBUG org.hibernate.orm.results - Extracted JDBC value [6] - [null]
10:24:17.031 [main] DEBUG org.hibernate.orm.results - Extracted JDBC value [7] - [null]
10:24:17.031 [main] DEBUG org.hibernate.orm.results.loading.entity - (EntityJoinedFetchInitializer) EntityKey (org.frcpm.models.Meeting.attendances.{element}) is null
10:24:17.031 [main] DEBUG org.hibernate.orm.results.loading.entity - (EntityResultInitializer) Created new entity instance [org.frcpm.models.Meeting#104] : 423350704
10:24:17.031 [main] DEBUG org.hibernate.orm.results.loading.org.hibernate.orm.results.loading.collection - (BagInitializer) Created new collection wrapper [org.frcpm.models.Meeting.attendances#104] : org.hibernate.collection.spi.PersistentBag@1140092660
10:24:17.031 [main] DEBUG org.hibernate.orm.results.loading.org.hibernate.orm.results.loading.collection - (BagInitializer) Responsible for loading collection [org.frcpm.models.Meeting.attendances#104] : org.hibernate.collection.spi.PersistentBag@1140092660
10:24:17.031 [main] DEBUG org.hibernate.orm.results - Extracted JDBC value [4] - [168]
10:24:17.031 [main] DEBUG org.hibernate.orm.results - Extracted JDBC value [1] - [2025-05-05]
10:24:17.032 [main] DEBUG org.hibernate.orm.results - Extracted JDBC value [2] - [20:00]
10:24:17.032 [main] DEBUG org.hibernate.orm.results - Extracted JDBC value [3] - [null]
10:24:17.032 [main] DEBUG org.hibernate.orm.results - Extracted JDBC value [5] - [18:00]
10:24:17.032 [main] DEBUG org.hibernate.orm.results.loading.entity - (EntityResultInitializer) Done materializing entityInstance : org.frcpm.models.Meeting#104
10:24:17.032 [main] DEBUG org.hibernate.orm.results.loading - Calling top-level assembler (0 / 1) : org.hibernate.sql.results.graph.entity.internal.EntityAssembler@2359d5e0
10:24:17.032 [main] DEBUG org.hibernate.sql.results.internal.ResultsHelper - Collection fully initialized: [org.frcpm.models.Meeting.attendances#104]
10:24:17.032 [main] DEBUG org.hibernate.engine.spi.CollectionEntry - Reset storedSnapshot to [] for CollectionEntry[org.frcpm.models.Meeting.attendances#104]
10:24:17.033 [main] DEBUG org.hibernate.engine.transaction.internal.TransactionImpl - committing
10:24:17.033 [main] DEBUG org.hibernate.event.internal.AbstractFlushingEventListener - Processing flush-time cascades
10:24:17.033 [main] DEBUG org.hibernate.event.internal.AbstractFlushingEventListener - Dirty checking collections
10:24:17.033 [main] DEBUG org.hibernate.engine.internal.Collections - Collection dereferenced: [org.frcpm.models.Meeting.attendances#104]
10:24:17.033 [main] DEBUG org.hibernate.event.internal.AbstractFlushingEventListener - Flushed: 0 insertions, 0 updates, 1 deletions to 1 objects
10:24:17.033 [main] DEBUG org.hibernate.event.internal.AbstractFlushingEventListener - Flushed: 0 (re)creations, 0 updates, 1 removals to 1 collections
10:24:17.033 [main] DEBUG org.hibernate.internal.util.EntityPrinter - Listing entities:
10:24:17.033 [main] DEBUG org.hibernate.internal.util.EntityPrinter - org.frcpm.models.Meeting{date=2025-05-05, notes=null, project=<uninitialized>, startTime=18:00, id=104, endTime=20:00, attendances=[]}
10:24:17.033 [main] DEBUG org.hibernate.SQL - delete from meetings where id=?
10:24:17.034 [main] DEBUG org.hibernate.orm.jdbc.batch - PreparedStatementDetails did not contain PreparedStatement on #releaseStatements : delete from meetings where id=?
10:24:17.034 [main] DEBUG org.hibernate.orm.jdbc.batch - PreparedStatementDetails did not contain PreparedStatement on #releaseStatements : delete from meetings where id=?
10:24:17.034 [main] DEBUG org.hibernate.resource.jdbc.internal.LogicalConnectionManagedImpl - Initiating JDBC connection release from afterTransaction
10:24:17.034 [main] DEBUG org.hibernate.orm.jdbc.batch - PreparedStatementDetails did not contain PreparedStatement on #releaseStatements : delete from meetings where id=?
10:24:17.034 [main] DEBUG org.hibernate.orm.jdbc.batch - PreparedStatementDetails did not contain PreparedStatement on #releaseStatements : delete from meetings where id=?
10:24:17.034 [main] DEBUG org.hibernate.resource.jdbc.internal.LogicalConnectionManagedImpl - Initiating JDBC connection release from afterTransaction
10:24:17.034 [main] DEBUG org.hibernate.engine.jdbc.internal.JdbcCoordinatorImpl - HHH000420: Closing un-released batch
10:24:17.034 [main] DEBUG org.hibernate.orm.jdbc.batch - PreparedStatementDetails did not contain PreparedStatement on #releaseStatements : delete from meetings where id=?
10:24:17.034 [main] DEBUG org.hibernate.orm.jdbc.batch - PreparedStatementDetails did not contain PreparedStatement on #releaseStatements : delete from meetings where id=?
10:24:17.034 [main] DEBUG org.hibernate.engine.transaction.internal.TransactionImpl - On TransactionImpl creation, JpaCompliance#isJpaTransactionComplianceEnabled == false
10:24:17.034 [main] DEBUG org.hibernate.engine.transaction.internal.TransactionImpl - begin
10:24:17.034 [main] DEBUG org.hibernate.orm.sql.ast.create - Created new SQL alias : tm1_0
10:24:17.034 [main] DEBUG org.hibernate.orm.sql.ast.create - Registration of TableGroup [StandardTableGroup(org.frcpm.models.TeamMember)] with identifierForTableGroup [org.frcpm.models.TeamMember] for NavigablePath [org.frcpm.models.TeamMember] 
10:24:17.034 [main] DEBUG org.hibernate.orm.sql.ast.create - Created new SQL alias : a1_0
10:24:17.034 [main] DEBUG org.hibernate.orm.sql.ast.create - Registration of TableGroup [org.hibernate.sql.ast.tree.from.OneToManyTableGroup@4654acfb] with identifierForTableGroup [org.frcpm.models.TeamMember.attendances] for NavigablePath [org.frcpm.models.TeamMember.attendances] 
10:24:17.035 [main] DEBUG org.hibernate.orm.sql.ast.create - Registration of TableGroup [StandardTableGroup(org.frcpm.models.TeamMember.attendances.{element})] with identifierForTableGroup [org.frcpm.models.TeamMember.attendances.{element}] for NavigablePath [org.frcpm.models.TeamMember.attendances.{element}] 
10:24:17.035 [main] DEBUG org.hibernate.orm.sql.ast.create - Registration of TableGroup [org.hibernate.sql.ast.tree.from.LazyTableGroup@26b7e90b] with identifierForTableGroup [org.frcpm.models.TeamMember.attendances.{element}.meeting] for NavigablePath [org.frcpm.models.TeamMember.attendances.{element}.meeting] 
10:24:17.035 [main] DEBUG org.hibernate.orm.sql.ast.create - Registration of TableGroup [org.hibernate.sql.ast.tree.from.LazyTableGroup@607b1088] with identifierForTableGroup [org.frcpm.models.TeamMember.attendances.{element}.member] for NavigablePath [org.frcpm.models.TeamMember.attendances.{element}.member] 
10:24:17.035 [main] DEBUG org.hibernate.orm.sql.ast.create - Registration of TableGroup [org.hibernate.sql.ast.tree.from.LazyTableGroup@1acd05c7] with identifierForTableGroup [org.frcpm.models.TeamMember.subteam] for NavigablePath [org.frcpm.models.TeamMember.subteam] 
10:24:17.035 [main] DEBUG org.hibernate.orm.results.graph.AST - DomainResult Graph:
 \-EntityResultImpl [org.frcpm.models.TeamMember]
 |  +-DelayedCollectionFetch [org.frcpm.models.TeamMember.assignedTasks]
 |  +-EagerCollectionFetch [org.frcpm.models.TeamMember.attendances]
 |  |  \-EntityFetchJoinedImpl [org.frcpm.models.TeamMember.attendances.{element}]
 |  +-BasicFetch [org.frcpm.models.TeamMember.email]
 |  +-BasicFetch [org.frcpm.models.TeamMember.firstName]
 |  +-BasicFetch [org.frcpm.models.TeamMember.lastName]
 |  +-BasicFetch [org.frcpm.models.TeamMember.leader]
 |  +-BasicFetch [org.frcpm.models.TeamMember.phone]
 |  +-BasicFetch [org.frcpm.models.TeamMember.skills]
 |  +-EntityDelayedFetchImpl [org.frcpm.models.TeamMember.subteam]
 |  \-BasicFetch [org.frcpm.models.TeamMember.username]

10:24:17.035 [main] DEBUG org.hibernate.orm.sql.ast.tree - SQL AST Tree:
    SelectStatement {
      FromClause {
        StandardTableGroup (tm1 : org.frcpm.models.TeamMember) {
          primaryTableReference : team_members as tm1_0
          TableGroupJoins {
            left  join OneToManyTableGroup (a1 : org.frcpm.models.TeamMember.attendances) {
              primaryTableReference : attendances as a1_0
              TableGroupJoins {
                left  join LazyTableGroup (m1 : org.frcpm.models.TeamMember.attendances.{element}.meeting) {
                }
                left  join LazyTableGroup (m2 : org.frcpm.models.TeamMember.attendances.{element}.member) {
                }
              }
            }
            left  join LazyTableGroup (s1 : org.frcpm.models.TeamMember.subteam) {
            }
          }
        }
      }
    }

10:24:17.035 [main] DEBUG org.hibernate.orm.sql.exec - Skipping reading Query result cache data: cache-enabled = false, cache-mode = IGNORE
10:24:17.035 [main] DEBUG org.hibernate.orm.results - Initializer list:
	  org.frcpm.models.TeamMember.subteam -> EntityDelayedFetchInitializer(org.frcpm.models.TeamMember.subteam)@259844823 (ToOneAttributeMapping(NavigableRole[org.frcpm.models.TeamMember.subteam])@1456870203)
	  org.frcpm.models.TeamMember.attendances.{element} -> EntityJoinedFetchInitializer(org.frcpm.models.TeamMember.attendances.{element})@617072411 (EntityCollectionPart(org.frcpm.models.TeamMember.attendances#{element})@1234105592)
	  org.frcpm.models.TeamMember.assignedTasks -> DelayedCollectionInitializer(org.frcpm.models.TeamMember.assignedTasks)@558662988 (PluralAttribute(org.frcpm.models.TeamMember.assignedTasks))
	  org.frcpm.models.TeamMember.attendances.{element}.meeting -> EntityDelayedFetchInitializer(org.frcpm.models.TeamMember.attendances.{element}.meeting)@1206195605 (ToOneAttributeMapping(NavigableRole[org.frcpm.models.Attendance.meeting])@955361249)
	  org.frcpm.models.TeamMember -> EntityResultInitializer(org.frcpm.models.TeamMember)@1568734573 (SingleTableEntityPersister(org.frcpm.models.TeamMember))
	  org.frcpm.models.TeamMember.attendances -> SetInitializer(org.frcpm.models.TeamMember.attendances)@1670904593 (PluralAttribute(org.frcpm.models.TeamMember.attendances))

10:24:17.035 [main] DEBUG org.hibernate.SQL - select tm1_0.id,a1_0.member_id,a1_0.id,a1_0.arrival_time,a1_0.departure_time,a1_0.meeting_id,a1_0.present,tm1_0.email,tm1_0.first_name,tm1_0.last_name,tm1_0.is_leader,tm1_0.phone,tm1_0.skills,tm1_0.subteam_id,tm1_0.username from team_members tm1_0 left join attendances a1_0 on tm1_0.id=a1_0.member_id where tm1_0.id=?
10:24:17.036 [main] DEBUG org.hibernate.orm.results.loading.entity - (EntityResultInitializer) Hydrated EntityKey (org.frcpm.models.TeamMember): 162
10:24:17.036 [main] DEBUG org.hibernate.orm.results.loading.org.hibernate.orm.results.loading.collection - (SetInitializer) Current row collection key : org.frcpm.models.TeamMember.attendances#162
10:24:17.036 [main] DEBUG org.hibernate.orm.results - Extracted JDBC value [1] - [null]
10:24:17.036 [main] DEBUG org.hibernate.orm.results - Extracted JDBC value [2] - [null]
10:24:17.036 [main] DEBUG org.hibernate.orm.results.loading.entity - (EntityJoinedFetchInitializer) EntityKey (org.frcpm.models.TeamMember.attendances.{element}) is null
10:24:17.036 [main] DEBUG org.hibernate.orm.results.loading.org.hibernate.orm.results.loading.collection - (DelayedCollectionInitializer) Current row collection key : org.frcpm.models.TeamMember.assignedTasks#162
10:24:17.036 [main] DEBUG org.hibernate.orm.results.loading.entity - (EntityResultInitializer) Created new entity instance [org.frcpm.models.TeamMember#162] : 329475070
10:24:17.036 [main] DEBUG org.hibernate.orm.results.loading.org.hibernate.orm.results.loading.collection - (SetInitializer) Created new collection wrapper [org.frcpm.models.TeamMember.attendances#162] : org.hibernate.collection.spi.PersistentSet@1244099296
10:24:17.036 [main] DEBUG org.hibernate.orm.results.loading.org.hibernate.orm.results.loading.collection - (SetInitializer) Responsible for loading collection [org.frcpm.models.TeamMember.attendances#162] : org.hibernate.collection.spi.PersistentSet@1244099296
10:24:17.036 [main] DEBUG org.hibernate.orm.results - Extracted JDBC value [13] - [null]
10:24:17.036 [main] DEBUG org.hibernate.orm.results - Extracted JDBC value [7] - [delete@example.com]
10:24:17.036 [main] DEBUG org.hibernate.orm.results - Extracted JDBC value [8] - [Delete]
10:24:17.036 [main] DEBUG org.hibernate.orm.results - Extracted JDBC value [9] - [Test]
10:24:17.036 [main] DEBUG org.hibernate.orm.results - Extracted JDBC value [10] - [false]
10:24:17.036 [main] DEBUG org.hibernate.orm.results - Extracted JDBC value [11] - [null]
10:24:17.036 [main] DEBUG org.hibernate.orm.results - Extracted JDBC value [12] - [null]
10:24:17.036 [main] DEBUG org.hibernate.orm.results - Extracted JDBC value [14] - [attendancedelete]
10:24:17.036 [main] DEBUG org.hibernate.orm.results.loading.entity - (EntityResultInitializer) Done materializing entityInstance : org.frcpm.models.TeamMember#162
10:24:17.036 [main] DEBUG org.hibernate.orm.results.loading - Calling top-level assembler (0 / 1) : org.hibernate.sql.results.graph.entity.internal.EntityAssembler@17497c34
10:24:17.036 [main] DEBUG org.hibernate.sql.results.internal.ResultsHelper - Collection fully initialized: [org.frcpm.models.TeamMember.attendances#162]
10:24:17.036 [main] DEBUG org.hibernate.engine.spi.CollectionEntry - Reset storedSnapshot to {} for CollectionEntry[org.frcpm.models.TeamMember.assignedTasks#162]
10:24:17.036 [main] DEBUG org.hibernate.engine.spi.CollectionEntry - Reset storedSnapshot to {} for CollectionEntry[org.frcpm.models.TeamMember.attendances#162]
10:24:17.036 [main] DEBUG org.hibernate.engine.transaction.internal.TransactionImpl - committing
10:24:17.036 [main] DEBUG org.hibernate.event.internal.AbstractFlushingEventListener - Processing flush-time cascades
10:24:17.036 [main] DEBUG org.hibernate.event.internal.AbstractFlushingEventListener - Dirty checking collections
10:24:17.037 [main] DEBUG org.hibernate.engine.internal.Collections - Collection dereferenced: [org.frcpm.models.TeamMember.assignedTasks#162]
10:24:17.037 [main] DEBUG org.hibernate.engine.internal.Collections - Collection dereferenced: [org.frcpm.models.TeamMember.attendances#162]
10:24:17.037 [main] DEBUG org.hibernate.event.internal.AbstractFlushingEventListener - Flushed: 0 insertions, 0 updates, 1 deletions to 1 objects
10:24:17.037 [main] DEBUG org.hibernate.event.internal.AbstractFlushingEventListener - Flushed: 0 (re)creations, 0 updates, 2 removals to 2 collections
10:24:17.037 [main] DEBUG org.hibernate.internal.util.EntityPrinter - Listing entities:
10:24:17.037 [main] DEBUG org.hibernate.internal.util.EntityPrinter - org.frcpm.models.TeamMember{skills=null, firstName=Delete, lastName=Test, leader=false, subteam=null, phone=null, id=162, attendances=[], email=delete@example.com, assignedTasks=<uninitialized>, username=attendancedelete}
10:24:17.037 [main] DEBUG org.hibernate.SQL - delete from team_members where id=?
10:24:17.037 [main] DEBUG org.hibernate.orm.jdbc.batch - PreparedStatementDetails did not contain PreparedStatement on #releaseStatements : delete from team_members where id=?
10:24:17.037 [main] DEBUG org.hibernate.orm.jdbc.batch - PreparedStatementDetails did not contain PreparedStatement on #releaseStatements : delete from team_members where id=?
10:24:17.037 [main] DEBUG org.hibernate.resource.jdbc.internal.LogicalConnectionManagedImpl - Initiating JDBC connection release from afterTransaction
10:24:17.037 [main] DEBUG org.hibernate.orm.jdbc.batch - PreparedStatementDetails did not contain PreparedStatement on #releaseStatements : delete from team_members where id=?
10:24:17.037 [main] DEBUG org.hibernate.orm.jdbc.batch - PreparedStatementDetails did not contain PreparedStatement on #releaseStatements : delete from team_members where id=?
10:24:17.037 [main] DEBUG org.hibernate.resource.jdbc.internal.LogicalConnectionManagedImpl - Initiating JDBC connection release from afterTransaction
10:24:17.037 [main] DEBUG org.hibernate.engine.jdbc.internal.JdbcCoordinatorImpl - HHH000420: Closing un-released batch
10:24:17.037 [main] DEBUG org.hibernate.orm.jdbc.batch - PreparedStatementDetails did not contain PreparedStatement on #releaseStatements : delete from team_members where id=?
10:24:17.037 [main] DEBUG org.hibernate.orm.jdbc.batch - PreparedStatementDetails did not contain PreparedStatement on #releaseStatements : delete from team_members where id=?
10:24:17.038 [main] DEBUG org.hibernate.orm.query.hql - HQL : SELECT a FROM Attendance a WHERE a.meeting = :meeting
10:24:17.038 [main] DEBUG org.hibernate.orm.query.sqm.creation - Applying inferable type to SqmExpression [SqmNamedParameter(meeting)] : null -> org.frcpm.models.Attendance#meeting(MANY_TO_ONE)
10:24:17.038 [main] DEBUG org.hibernate.orm.query.sqm.ast - SqmStatement Tree :
    -> [select]
      -> [query-spec]
        -> [select]
          -> [selection]
            -> [root] - `org.frcpm.models.Attendance(a)`
            <- [root] - `org.frcpm.models.Attendance(a)`
          <- [selection]
        <- [select]
        -> [from]
          -> [root] - `org.frcpm.models.Attendance(a)`
          <- [root] - `org.frcpm.models.Attendance(a)`
        <- [from]
        -> [where]
          -> [EQUAL]
              -> [entity-path] - `org.frcpm.models.Attendance(a).meeting`
              :meeting
          <- [EQUAL]
        <- [where]
      <- [query-spec]
    <- [select]

10:24:17.039 [main] DEBUG org.hibernate.orm.sql.ast.create - Created new SQL alias : a1_0
10:24:17.039 [main] DEBUG org.hibernate.orm.sql.ast.create - Registration of TableGroup [StandardTableGroup(org.frcpm.models.Attendance(a))] with identifierForTableGroup [org.frcpm.models.Attendance] for NavigablePath [org.frcpm.models.Attendance] 
10:24:17.039 [main] DEBUG org.hibernate.orm.sql.ast.create - Registration of TableGroup [org.hibernate.sql.ast.tree.from.LazyTableGroup@adf8662] with identifierForTableGroup [org.frcpm.models.Attendance.meeting] for NavigablePath [org.frcpm.models.Attendance.meeting] 
10:24:17.039 [main] DEBUG org.hibernate.orm.sql.ast.create - Registration of TableGroup [org.hibernate.sql.ast.tree.from.LazyTableGroup@7527b4d5] with identifierForTableGroup [org.frcpm.models.Attendance.member] for NavigablePath [org.frcpm.models.Attendance.member] 
10:24:17.039 [main] DEBUG org.hibernate.orm.sql.ast.create - Registration of TableGroup [org.hibernate.sql.ast.tree.from.LazyTableGroup@2d0e3ef7] with identifierForTableGroup [org.frcpm.models.Attendance.meeting] for NavigablePath [org.frcpm.models.Attendance.meeting] 
10:24:17.039 [main] DEBUG org.hibernate.orm.sql.ast.create - Registration of TableGroup [org.hibernate.sql.ast.tree.from.LazyTableGroup@2d0e3ef7] for NavigablePath [org.frcpm.models.Attendance(a).meeting] overrode previous registration : org.hibernate.sql.ast.tree.from.LazyTableGroup@adf8662
10:24:17.039 [main] DEBUG org.hibernate.query.sqm.sql.BaseSqmToSqlAstConverter - Determining mapping-model type for SqmParameter : SqmNamedParameter(meeting)
10:24:17.039 [main] DEBUG org.hibernate.query.sqm.sql.BaseSqmToSqlAstConverter - Determining mapping-model type for SqmParameter : SqmNamedParameter(meeting)
10:24:17.039 [main] DEBUG org.hibernate.query.sqm.sql.BaseSqmToSqlAstConverter - Determining mapping-model type for SqmPath : SqmEntityValuedSimplePath(org.frcpm.models.Attendance(a).meeting) 
10:24:17.039 [main] DEBUG org.hibernate.orm.results.graph.AST - DomainResult Graph:
 \-EntityResultImpl [org.frcpm.models.Attendance(a)]
 |  +-BasicFetch [org.frcpm.models.Attendance(a).arrivalTime]
 |  +-BasicFetch [org.frcpm.models.Attendance(a).departureTime]
 |  +-CircularFetchImpl [org.frcpm.models.Attendance(a).meeting]
 |  +-CircularFetchImpl [org.frcpm.models.Attendance(a).member]
 |  \-BasicFetch [org.frcpm.models.Attendance(a).present]

10:24:17.039 [main] DEBUG org.hibernate.orm.sql.ast.tree - SQL AST Tree:
    SelectStatement {
      FromClause {
        StandardTableGroup (a1 : org.frcpm.models.Attendance(a)) {
          primaryTableReference : attendances as a1_0
          TableGroupJoins {
            left  join LazyTableGroup (m1 : org.frcpm.models.Attendance(a).meeting) {
            }
            left  join LazyTableGroup (m2 : org.frcpm.models.Attendance(a).member) {
            }
             join LazyTableGroup (m3 : org.frcpm.models.Attendance(a).meeting) {
            }
          }
        }
      }
    }

10:24:17.039 [main] DEBUG org.hibernate.orm.sql.exec - Skipping reading Query result cache data: cache-enabled = false, cache-mode = NORMAL
10:24:17.039 [main] DEBUG org.hibernate.orm.results - Initializer list:
	  org.frcpm.models.Attendance(a) -> EntityResultInitializer(org.frcpm.models.Attendance(a))@483130473 (SingleTableEntityPersister(org.frcpm.models.Attendance))
	  org.frcpm.models.Attendance(a).meeting -> EntityDelayedFetchInitializer(org.frcpm.models.Attendance(a).meeting)@1700648918 (ToOneAttributeMapping(NavigableRole[org.frcpm.models.Attendance.meeting])@955361249)
	  org.frcpm.models.Attendance(a).member -> EntityDelayedFetchInitializer(org.frcpm.models.Attendance(a).member)@964211724 (ToOneAttributeMapping(NavigableRole[org.frcpm.models.Attendance.member])@907587278)

10:24:17.039 [main] DEBUG org.hibernate.SQL - select a1_0.id,a1_0.arrival_time,a1_0.departure_time,a1_0.meeting_id,a1_0.member_id,a1_0.present from attendances a1_0 where a1_0.meeting_id=?
10:24:17.040 [main] DEBUG org.hibernate.orm.results - Extracted JDBC value [0] - [103]
10:24:17.040 [main] DEBUG org.hibernate.orm.results.loading.entity - (EntityResultInitializer) Hydrated EntityKey (org.frcpm.models.Attendance(a)): 103
10:24:17.040 [main] DEBUG org.hibernate.orm.results.loading.entity - (EntityResultInitializer) Created new entity instance [org.frcpm.models.Attendance(a)#103] : 921146217
10:24:17.040 [main] DEBUG org.hibernate.orm.results - Extracted JDBC value [3] - [103]
10:24:17.040 [main] DEBUG org.hibernate.orm.results - Extracted JDBC value [4] - [160]
10:24:17.040 [main] DEBUG org.hibernate.orm.results - Extracted JDBC value [1] - [18:00]
10:24:17.040 [main] DEBUG org.hibernate.orm.results - Extracted JDBC value [2] - [20:00]
10:24:17.040 [main] DEBUG org.hibernate.orm.results - Extracted JDBC value [5] - [true]
10:24:17.040 [main] DEBUG org.hibernate.orm.results.loading.entity - (EntityResultInitializer) Done materializing entityInstance : org.frcpm.models.Attendance(a)#103
10:24:17.040 [main] DEBUG org.hibernate.orm.results.loading - Calling top-level assembler (0 / 1) : org.hibernate.sql.results.graph.entity.internal.EntityAssembler@4ac3996d
10:24:17.040 [main] DEBUG org.hibernate.orm.results - Extracted JDBC value [0] - [104]
10:24:17.040 [main] DEBUG org.hibernate.orm.results.loading.entity - (EntityResultInitializer) Hydrated EntityKey (org.frcpm.models.Attendance(a)): 104
10:24:17.040 [main] DEBUG org.hibernate.orm.results.loading.entity - (EntityResultInitializer) Created new entity instance [org.frcpm.models.Attendance(a)#104] : 283524254
10:24:17.040 [main] DEBUG org.hibernate.orm.results - Extracted JDBC value [3] - [103]
10:24:17.040 [main] DEBUG org.hibernate.orm.results - Extracted JDBC value [4] - [161]
10:24:17.040 [main] DEBUG org.hibernate.orm.results - Extracted JDBC value [1] - [null]
10:24:17.040 [main] DEBUG org.hibernate.orm.results - Extracted JDBC value [2] - [null]
10:24:17.040 [main] DEBUG org.hibernate.orm.results - Extracted JDBC value [5] - [false]
10:24:17.040 [main] DEBUG org.hibernate.orm.results.loading.entity - (EntityResultInitializer) Done materializing entityInstance : org.frcpm.models.Attendance(a)#104
10:24:17.040 [main] DEBUG org.hibernate.orm.results.loading - Calling top-level assembler (0 / 1) : org.hibernate.sql.results.graph.entity.internal.EntityAssembler@4ac3996d
10:24:17.040 [main] DEBUG org.hibernate.resource.jdbc.internal.LogicalConnectionManagedImpl - Initiating JDBC connection release from afterTransaction
10:24:17.040 [main] DEBUG org.hibernate.resource.jdbc.internal.LogicalConnectionManagedImpl - Initiating JDBC connection release from afterTransaction
10:24:17.040 [main] DEBUG org.hibernate.engine.transaction.internal.TransactionImpl - On TransactionImpl creation, JpaCompliance#isJpaTransactionComplianceEnabled == false
10:24:17.040 [main] DEBUG org.hibernate.engine.transaction.internal.TransactionImpl - begin
10:24:17.040 [main] DEBUG org.hibernate.orm.sql.exec - Skipping reading Query result cache data: cache-enabled = false, cache-mode = IGNORE
10:24:17.041 [main] DEBUG org.hibernate.orm.results - Initializer list:
	  org.frcpm.models.Attendance -> EntityResultInitializer(org.frcpm.models.Attendance)@1429174819 (SingleTableEntityPersister(org.frcpm.models.Attendance))
	  org.frcpm.models.Attendance.meeting -> EntityDelayedFetchInitializer(org.frcpm.models.Attendance.meeting)@1599719220 (ToOneAttributeMapping(NavigableRole[org.frcpm.models.Attendance.meeting])@955361249)
	  org.frcpm.models.Attendance.member -> EntityDelayedFetchInitializer(org.frcpm.models.Attendance.member)@159851843 (ToOneAttributeMapping(NavigableRole[org.frcpm.models.Attendance.member])@907587278)

10:24:17.041 [main] DEBUG org.hibernate.SQL - select a1_0.id,a1_0.arrival_time,a1_0.departure_time,a1_0.meeting_id,a1_0.member_id,a1_0.present from attendances a1_0 where a1_0.id=?
10:24:17.041 [main] DEBUG org.hibernate.orm.results.loading.entity - (EntityResultInitializer) Hydrated EntityKey (org.frcpm.models.Attendance): 103
10:24:17.041 [main] DEBUG org.hibernate.orm.results.loading.entity - (EntityResultInitializer) Created new entity instance [org.frcpm.models.Attendance#103] : 386229497
10:24:17.041 [main] DEBUG org.hibernate.orm.results - Extracted JDBC value [3] - [103]
10:24:17.041 [main] DEBUG org.hibernate.orm.results - Extracted JDBC value [4] - [160]
10:24:17.041 [main] DEBUG org.hibernate.orm.results - Extracted JDBC value [1] - [18:00]
10:24:17.041 [main] DEBUG org.hibernate.orm.results - Extracted JDBC value [2] - [20:00]
10:24:17.041 [main] DEBUG org.hibernate.orm.results - Extracted JDBC value [5] - [true]
10:24:17.041 [main] DEBUG org.hibernate.orm.results.loading.entity - (EntityResultInitializer) Done materializing entityInstance : org.frcpm.models.Attendance#103
10:24:17.041 [main] DEBUG org.hibernate.orm.results.loading - Calling top-level assembler (0 / 1) : org.hibernate.sql.results.graph.entity.internal.EntityAssembler@2798f667
10:24:17.041 [main] DEBUG org.hibernate.engine.transaction.internal.TransactionImpl - committing
10:24:17.041 [main] DEBUG org.hibernate.event.internal.AbstractFlushingEventListener - Processing flush-time cascades
10:24:17.041 [main] DEBUG org.hibernate.event.internal.AbstractFlushingEventListener - Dirty checking collections
10:24:17.041 [main] DEBUG org.hibernate.event.internal.AbstractFlushingEventListener - Flushed: 0 insertions, 0 updates, 1 deletions to 1 objects
10:24:17.041 [main] DEBUG org.hibernate.event.internal.AbstractFlushingEventListener - Flushed: 0 (re)creations, 0 updates, 0 removals to 0 collections
10:24:17.041 [main] DEBUG org.hibernate.internal.util.EntityPrinter - Listing entities:
10:24:17.041 [main] DEBUG org.hibernate.internal.util.EntityPrinter - org.frcpm.models.Attendance{departureTime=20:00, arrivalTime=18:00, member=<uninitialized>, id=103, present=true, meeting=<uninitialized>}
10:24:17.041 [main] DEBUG org.hibernate.SQL - delete from attendances where id=?
10:24:17.041 [main] DEBUG org.hibernate.orm.jdbc.batch - PreparedStatementDetails did not contain PreparedStatement on #releaseStatements : delete from attendances where id=?
10:24:17.042 [main] DEBUG org.hibernate.orm.jdbc.batch - PreparedStatementDetails did not contain PreparedStatement on #releaseStatements : delete from attendances where id=?
10:24:17.042 [main] DEBUG org.hibernate.resource.jdbc.internal.LogicalConnectionManagedImpl - Initiating JDBC connection release from afterTransaction
10:24:17.042 [main] DEBUG org.hibernate.orm.jdbc.batch - PreparedStatementDetails did not contain PreparedStatement on #releaseStatements : delete from attendances where id=?
10:24:17.042 [main] DEBUG org.hibernate.orm.jdbc.batch - PreparedStatementDetails did not contain PreparedStatement on #releaseStatements : delete from attendances where id=?
10:24:17.042 [main] DEBUG org.hibernate.resource.jdbc.internal.LogicalConnectionManagedImpl - Initiating JDBC connection release from afterTransaction
10:24:17.042 [main] DEBUG org.hibernate.engine.jdbc.internal.JdbcCoordinatorImpl - HHH000420: Closing un-released batch
10:24:17.042 [main] DEBUG org.hibernate.orm.jdbc.batch - PreparedStatementDetails did not contain PreparedStatement on #releaseStatements : delete from attendances where id=?
10:24:17.042 [main] DEBUG org.hibernate.orm.jdbc.batch - PreparedStatementDetails did not contain PreparedStatement on #releaseStatements : delete from attendances where id=?
10:24:17.042 [main] DEBUG org.hibernate.engine.transaction.internal.TransactionImpl - On TransactionImpl creation, JpaCompliance#isJpaTransactionComplianceEnabled == false
10:24:17.042 [main] DEBUG org.hibernate.engine.transaction.internal.TransactionImpl - begin
10:24:17.042 [main] DEBUG org.hibernate.orm.sql.exec - Skipping reading Query result cache data: cache-enabled = false, cache-mode = IGNORE
10:24:17.042 [main] DEBUG org.hibernate.orm.results - Initializer list:
	  org.frcpm.models.Attendance -> EntityResultInitializer(org.frcpm.models.Attendance)@1367158787 (SingleTableEntityPersister(org.frcpm.models.Attendance))
	  org.frcpm.models.Attendance.meeting -> EntityDelayedFetchInitializer(org.frcpm.models.Attendance.meeting)@1787740070 (ToOneAttributeMapping(NavigableRole[org.frcpm.models.Attendance.meeting])@955361249)
	  org.frcpm.models.Attendance.member -> EntityDelayedFetchInitializer(org.frcpm.models.Attendance.member)@629818679 (ToOneAttributeMapping(NavigableRole[org.frcpm.models.Attendance.member])@907587278)

10:24:17.042 [main] DEBUG org.hibernate.SQL - select a1_0.id,a1_0.arrival_time,a1_0.departure_time,a1_0.meeting_id,a1_0.member_id,a1_0.present from attendances a1_0 where a1_0.id=?
10:24:17.042 [main] DEBUG org.hibernate.orm.results.loading.entity - (EntityResultInitializer) Hydrated EntityKey (org.frcpm.models.Attendance): 104
10:24:17.042 [main] DEBUG org.hibernate.orm.results.loading.entity - (EntityResultInitializer) Created new entity instance [org.frcpm.models.Attendance#104] : 93222451
10:24:17.042 [main] DEBUG org.hibernate.orm.results - Extracted JDBC value [3] - [103]
10:24:17.042 [main] DEBUG org.hibernate.orm.results - Extracted JDBC value [4] - [161]
10:24:17.043 [main] DEBUG org.hibernate.orm.results - Extracted JDBC value [1] - [null]
10:24:17.043 [main] DEBUG org.hibernate.orm.results - Extracted JDBC value [2] - [null]
10:24:17.043 [main] DEBUG org.hibernate.orm.results - Extracted JDBC value [5] - [false]
10:24:17.043 [main] DEBUG org.hibernate.orm.results.loading.entity - (EntityResultInitializer) Done materializing entityInstance : org.frcpm.models.Attendance#104
10:24:17.043 [main] DEBUG org.hibernate.orm.results.loading - Calling top-level assembler (0 / 1) : org.hibernate.sql.results.graph.entity.internal.EntityAssembler@725a3848
10:24:17.043 [main] DEBUG org.hibernate.engine.transaction.internal.TransactionImpl - committing
10:24:17.043 [main] DEBUG org.hibernate.event.internal.AbstractFlushingEventListener - Processing flush-time cascades
10:24:17.043 [main] DEBUG org.hibernate.event.internal.AbstractFlushingEventListener - Dirty checking collections
10:24:17.043 [main] DEBUG org.hibernate.event.internal.AbstractFlushingEventListener - Flushed: 0 insertions, 0 updates, 1 deletions to 1 objects
10:24:17.043 [main] DEBUG org.hibernate.event.internal.AbstractFlushingEventListener - Flushed: 0 (re)creations, 0 updates, 0 removals to 0 collections
10:24:17.043 [main] DEBUG org.hibernate.internal.util.EntityPrinter - Listing entities:
10:24:17.043 [main] DEBUG org.hibernate.internal.util.EntityPrinter - org.frcpm.models.Attendance{departureTime=null, arrivalTime=null, member=<uninitialized>, id=104, present=false, meeting=<uninitialized>}
10:24:17.043 [main] DEBUG org.hibernate.SQL - delete from attendances where id=?
10:24:17.043 [main] DEBUG org.hibernate.orm.jdbc.batch - PreparedStatementDetails did not contain PreparedStatement on #releaseStatements : delete from attendances where id=?
10:24:17.043 [main] DEBUG org.hibernate.orm.jdbc.batch - PreparedStatementDetails did not contain PreparedStatement on #releaseStatements : delete from attendances where id=?
10:24:17.043 [main] DEBUG org.hibernate.resource.jdbc.internal.LogicalConnectionManagedImpl - Initiating JDBC connection release from afterTransaction
10:24:17.043 [main] DEBUG org.hibernate.orm.jdbc.batch - PreparedStatementDetails did not contain PreparedStatement on #releaseStatements : delete from attendances where id=?
10:24:17.043 [main] DEBUG org.hibernate.orm.jdbc.batch - PreparedStatementDetails did not contain PreparedStatement on #releaseStatements : delete from attendances where id=?
10:24:17.043 [main] DEBUG org.hibernate.resource.jdbc.internal.LogicalConnectionManagedImpl - Initiating JDBC connection release from afterTransaction
10:24:17.043 [main] DEBUG org.hibernate.engine.jdbc.internal.JdbcCoordinatorImpl - HHH000420: Closing un-released batch
10:24:17.043 [main] DEBUG org.hibernate.orm.jdbc.batch - PreparedStatementDetails did not contain PreparedStatement on #releaseStatements : delete from attendances where id=?
10:24:17.043 [main] DEBUG org.hibernate.orm.jdbc.batch - PreparedStatementDetails did not contain PreparedStatement on #releaseStatements : delete from attendances where id=?
10:24:17.043 [main] DEBUG org.hibernate.engine.transaction.internal.TransactionImpl - On TransactionImpl creation, JpaCompliance#isJpaTransactionComplianceEnabled == false
10:24:17.043 [main] DEBUG org.hibernate.engine.transaction.internal.TransactionImpl - begin
10:24:17.043 [main] DEBUG org.hibernate.orm.sql.exec - Skipping reading Query result cache data: cache-enabled = false, cache-mode = IGNORE
10:24:17.044 [main] DEBUG org.hibernate.orm.results - Initializer list:
	  org.frcpm.models.Meeting -> EntityResultInitializer(org.frcpm.models.Meeting)@306942428 (SingleTableEntityPersister(org.frcpm.models.Meeting))
	  org.frcpm.models.Meeting.attendances -> BagInitializer(org.frcpm.models.Meeting.attendances)@837841829 (PluralAttribute(org.frcpm.models.Meeting.attendances))
	  org.frcpm.models.Meeting.attendances.{element}.member -> EntityDelayedFetchInitializer(org.frcpm.models.Meeting.attendances.{element}.member)@2098843809 (ToOneAttributeMapping(NavigableRole[org.frcpm.models.Attendance.member])@907587278)
	  org.frcpm.models.Meeting.project -> EntityDelayedFetchInitializer(org.frcpm.models.Meeting.project)@193555783 (ToOneAttributeMapping(NavigableRole[org.frcpm.models.Meeting.project])@680384867)
	  org.frcpm.models.Meeting.attendances.{element} -> EntityJoinedFetchInitializer(org.frcpm.models.Meeting.attendances.{element})@1157810331 (EntityCollectionPart(org.frcpm.models.Meeting.attendances#{element})@635431258)

10:24:17.044 [main] DEBUG org.hibernate.SQL - select m1_0.id,m1_0.date,m1_0.end_time,m1_0.notes,m1_0.project_id,m1_0.start_time,a1_0.meeting_id,a1_0.id,a1_0.arrival_time,a1_0.departure_time,a1_0.member_id,a1_0.present from meetings m1_0 left join attendances a1_0 on m1_0.id=a1_0.meeting_id where m1_0.id=?
10:24:17.044 [main] DEBUG org.hibernate.orm.results.loading.entity - (EntityResultInitializer) Hydrated EntityKey (org.frcpm.models.Meeting): 103
10:24:17.044 [main] DEBUG org.hibernate.orm.results.loading.org.hibernate.orm.results.loading.collection - (BagInitializer) Current row collection key : org.frcpm.models.Meeting.attendances#103
10:24:17.044 [main] DEBUG org.hibernate.orm.results - Extracted JDBC value [6] - [null]
10:24:17.044 [main] DEBUG org.hibernate.orm.results - Extracted JDBC value [7] - [null]
10:24:17.044 [main] DEBUG org.hibernate.orm.results.loading.entity - (EntityJoinedFetchInitializer) EntityKey (org.frcpm.models.Meeting.attendances.{element}) is null
10:24:17.044 [main] DEBUG org.hibernate.orm.results.loading.entity - (EntityResultInitializer) Created new entity instance [org.frcpm.models.Meeting#103] : 80806603
10:24:17.044 [main] DEBUG org.hibernate.orm.results.loading.org.hibernate.orm.results.loading.collection - (BagInitializer) Created new collection wrapper [org.frcpm.models.Meeting.attendances#103] : org.hibernate.collection.spi.PersistentBag@1464095962
10:24:17.044 [main] DEBUG org.hibernate.orm.results.loading.org.hibernate.orm.results.loading.collection - (BagInitializer) Responsible for loading collection [org.frcpm.models.Meeting.attendances#103] : org.hibernate.collection.spi.PersistentBag@1464095962
10:24:17.044 [main] DEBUG org.hibernate.orm.results - Extracted JDBC value [4] - [168]
10:24:17.044 [main] DEBUG org.hibernate.orm.results - Extracted JDBC value [1] - [2025-04-26]
10:24:17.044 [main] DEBUG org.hibernate.orm.results - Extracted JDBC value [2] - [20:00]
10:24:17.044 [main] DEBUG org.hibernate.orm.results - Extracted JDBC value [3] - [null]
10:24:17.044 [main] DEBUG org.hibernate.orm.results - Extracted JDBC value [5] - [18:00]
10:24:17.044 [main] DEBUG org.hibernate.orm.results.loading.entity - (EntityResultInitializer) Done materializing entityInstance : org.frcpm.models.Meeting#103
10:24:17.044 [main] DEBUG org.hibernate.orm.results.loading - Calling top-level assembler (0 / 1) : org.hibernate.sql.results.graph.entity.internal.EntityAssembler@4f376b39
10:24:17.044 [main] DEBUG org.hibernate.sql.results.internal.ResultsHelper - Collection fully initialized: [org.frcpm.models.Meeting.attendances#103]
10:24:17.045 [main] DEBUG org.hibernate.engine.spi.CollectionEntry - Reset storedSnapshot to [] for CollectionEntry[org.frcpm.models.Meeting.attendances#103]
10:24:17.045 [main] DEBUG org.hibernate.engine.transaction.internal.TransactionImpl - committing
10:24:17.045 [main] DEBUG org.hibernate.event.internal.AbstractFlushingEventListener - Processing flush-time cascades
10:24:17.045 [main] DEBUG org.hibernate.event.internal.AbstractFlushingEventListener - Dirty checking collections
10:24:17.045 [main] DEBUG org.hibernate.engine.internal.Collections - Collection dereferenced: [org.frcpm.models.Meeting.attendances#103]
10:24:17.045 [main] DEBUG org.hibernate.event.internal.AbstractFlushingEventListener - Flushed: 0 insertions, 0 updates, 1 deletions to 1 objects
10:24:17.045 [main] DEBUG org.hibernate.event.internal.AbstractFlushingEventListener - Flushed: 0 (re)creations, 0 updates, 1 removals to 1 collections
10:24:17.045 [main] DEBUG org.hibernate.internal.util.EntityPrinter - Listing entities:
10:24:17.045 [main] DEBUG org.hibernate.internal.util.EntityPrinter - org.frcpm.models.Meeting{date=2025-04-26, notes=null, project=<uninitialized>, startTime=18:00, id=103, endTime=20:00, attendances=[]}
10:24:17.046 [main] DEBUG org.hibernate.SQL - delete from meetings where id=?
10:24:17.046 [main] DEBUG org.hibernate.orm.jdbc.batch - PreparedStatementDetails did not contain PreparedStatement on #releaseStatements : delete from meetings where id=?
10:24:17.047 [main] DEBUG org.hibernate.orm.jdbc.batch - PreparedStatementDetails did not contain PreparedStatement on #releaseStatements : delete from meetings where id=?
10:24:17.047 [main] DEBUG org.hibernate.resource.jdbc.internal.LogicalConnectionManagedImpl - Initiating JDBC connection release from afterTransaction
10:24:17.047 [main] DEBUG org.hibernate.orm.jdbc.batch - PreparedStatementDetails did not contain PreparedStatement on #releaseStatements : delete from meetings where id=?
10:24:17.047 [main] DEBUG org.hibernate.orm.jdbc.batch - PreparedStatementDetails did not contain PreparedStatement on #releaseStatements : delete from meetings where id=?
10:24:17.047 [main] DEBUG org.hibernate.resource.jdbc.internal.LogicalConnectionManagedImpl - Initiating JDBC connection release from afterTransaction
10:24:17.047 [main] DEBUG org.hibernate.engine.jdbc.internal.JdbcCoordinatorImpl - HHH000420: Closing un-released batch
10:24:17.047 [main] DEBUG org.hibernate.orm.jdbc.batch - PreparedStatementDetails did not contain PreparedStatement on #releaseStatements : delete from meetings where id=?
10:24:17.047 [main] DEBUG org.hibernate.orm.jdbc.batch - PreparedStatementDetails did not contain PreparedStatement on #releaseStatements : delete from meetings where id=?
10:24:17.047 [main] DEBUG org.hibernate.engine.transaction.internal.TransactionImpl - On TransactionImpl creation, JpaCompliance#isJpaTransactionComplianceEnabled == false
10:24:17.047 [main] DEBUG org.hibernate.engine.transaction.internal.TransactionImpl - begin
10:24:17.047 [main] DEBUG org.hibernate.orm.sql.exec - Skipping reading Query result cache data: cache-enabled = false, cache-mode = IGNORE
10:24:17.048 [main] DEBUG org.hibernate.orm.results - Initializer list:
	  org.frcpm.models.TeamMember.subteam -> EntityDelayedFetchInitializer(org.frcpm.models.TeamMember.subteam)@314439747 (ToOneAttributeMapping(NavigableRole[org.frcpm.models.TeamMember.subteam])@1456870203)
	  org.frcpm.models.TeamMember.attendances.{element} -> EntityJoinedFetchInitializer(org.frcpm.models.TeamMember.attendances.{element})@1739230282 (EntityCollectionPart(org.frcpm.models.TeamMember.attendances#{element})@1234105592)
	  org.frcpm.models.TeamMember.assignedTasks -> DelayedCollectionInitializer(org.frcpm.models.TeamMember.assignedTasks)@321932581 (PluralAttribute(org.frcpm.models.TeamMember.assignedTasks))
	  org.frcpm.models.TeamMember.attendances.{element}.meeting -> EntityDelayedFetchInitializer(org.frcpm.models.TeamMember.attendances.{element}.meeting)@1046191945 (ToOneAttributeMapping(NavigableRole[org.frcpm.models.Attendance.meeting])@955361249)
	  org.frcpm.models.TeamMember -> EntityResultInitializer(org.frcpm.models.TeamMember)@1129908001 (SingleTableEntityPersister(org.frcpm.models.TeamMember))
	  org.frcpm.models.TeamMember.attendances -> SetInitializer(org.frcpm.models.TeamMember.attendances)@1889672156 (PluralAttribute(org.frcpm.models.TeamMember.attendances))

10:24:17.048 [main] DEBUG org.hibernate.SQL - select tm1_0.id,a1_0.member_id,a1_0.id,a1_0.arrival_time,a1_0.departure_time,a1_0.meeting_id,a1_0.present,tm1_0.email,tm1_0.first_name,tm1_0.last_name,tm1_0.is_leader,tm1_0.phone,tm1_0.skills,tm1_0.subteam_id,tm1_0.username from team_members tm1_0 left join attendances a1_0 on tm1_0.id=a1_0.member_id where tm1_0.id=?
10:24:17.048 [main] DEBUG org.hibernate.orm.results.loading.entity - (EntityResultInitializer) Hydrated EntityKey (org.frcpm.models.TeamMember): 160
10:24:17.048 [main] DEBUG org.hibernate.orm.results.loading.org.hibernate.orm.results.loading.collection - (SetInitializer) Current row collection key : org.frcpm.models.TeamMember.attendances#160
10:24:17.048 [main] DEBUG org.hibernate.orm.results - Extracted JDBC value [1] - [null]
10:24:17.048 [main] DEBUG org.hibernate.orm.results - Extracted JDBC value [2] - [null]
10:24:17.048 [main] DEBUG org.hibernate.orm.results.loading.entity - (EntityJoinedFetchInitializer) EntityKey (org.frcpm.models.TeamMember.attendances.{element}) is null
10:24:17.048 [main] DEBUG org.hibernate.orm.results.loading.org.hibernate.orm.results.loading.collection - (DelayedCollectionInitializer) Current row collection key : org.frcpm.models.TeamMember.assignedTasks#160
10:24:17.048 [main] DEBUG org.hibernate.orm.results.loading.entity - (EntityResultInitializer) Created new entity instance [org.frcpm.models.TeamMember#160] : 138554480
10:24:17.048 [main] DEBUG org.hibernate.orm.results.loading.org.hibernate.orm.results.loading.collection - (SetInitializer) Created new collection wrapper [org.frcpm.models.TeamMember.attendances#160] : org.hibernate.collection.spi.PersistentSet@1489529013
10:24:17.048 [main] DEBUG org.hibernate.orm.results.loading.org.hibernate.orm.results.loading.collection - (SetInitializer) Responsible for loading collection [org.frcpm.models.TeamMember.attendances#160] : org.hibernate.collection.spi.PersistentSet@1489529013
10:24:17.048 [main] DEBUG org.hibernate.orm.results - Extracted JDBC value [13] - [null]
10:24:17.048 [main] DEBUG org.hibernate.orm.results - Extracted JDBC value [7] - [attendance1@example.com]
10:24:17.048 [main] DEBUG org.hibernate.orm.results - Extracted JDBC value [8] - [Attendance]
10:24:17.048 [main] DEBUG org.hibernate.orm.results - Extracted JDBC value [9] - [Test1]
10:24:17.048 [main] DEBUG org.hibernate.orm.results - Extracted JDBC value [10] - [false]
10:24:17.048 [main] DEBUG org.hibernate.orm.results - Extracted JDBC value [11] - [null]
10:24:17.048 [main] DEBUG org.hibernate.orm.results - Extracted JDBC value [12] - [null]
10:24:17.048 [main] DEBUG org.hibernate.orm.results - Extracted JDBC value [14] - [attendancetest1]
10:24:17.048 [main] DEBUG org.hibernate.orm.results.loading.entity - (EntityResultInitializer) Done materializing entityInstance : org.frcpm.models.TeamMember#160
10:24:17.048 [main] DEBUG org.hibernate.orm.results.loading - Calling top-level assembler (0 / 1) : org.hibernate.sql.results.graph.entity.internal.EntityAssembler@1131588c
10:24:17.048 [main] DEBUG org.hibernate.sql.results.internal.ResultsHelper - Collection fully initialized: [org.frcpm.models.TeamMember.attendances#160]
10:24:17.049 [main] DEBUG org.hibernate.engine.spi.CollectionEntry - Reset storedSnapshot to {} for CollectionEntry[org.frcpm.models.TeamMember.assignedTasks#160]
10:24:17.049 [main] DEBUG org.hibernate.engine.spi.CollectionEntry - Reset storedSnapshot to {} for CollectionEntry[org.frcpm.models.TeamMember.attendances#160]
10:24:17.049 [main] DEBUG org.hibernate.engine.transaction.internal.TransactionImpl - committing
10:24:17.049 [main] DEBUG org.hibernate.event.internal.AbstractFlushingEventListener - Processing flush-time cascades
10:24:17.049 [main] DEBUG org.hibernate.event.internal.AbstractFlushingEventListener - Dirty checking collections
10:24:17.049 [main] DEBUG org.hibernate.engine.internal.Collections - Collection dereferenced: [org.frcpm.models.TeamMember.assignedTasks#160]
10:24:17.049 [main] DEBUG org.hibernate.engine.internal.Collections - Collection dereferenced: [org.frcpm.models.TeamMember.attendances#160]
10:24:17.050 [main] DEBUG org.hibernate.event.internal.AbstractFlushingEventListener - Flushed: 0 insertions, 0 updates, 1 deletions to 1 objects
10:24:17.050 [main] DEBUG org.hibernate.event.internal.AbstractFlushingEventListener - Flushed: 0 (re)creations, 0 updates, 2 removals to 2 collections
10:24:17.050 [main] DEBUG org.hibernate.internal.util.EntityPrinter - Listing entities:
10:24:17.050 [main] DEBUG org.hibernate.internal.util.EntityPrinter - org.frcpm.models.TeamMember{skills=null, firstName=Attendance, lastName=Test1, leader=false, subteam=null, phone=null, id=160, attendances=[], email=attendance1@example.com, assignedTasks=<uninitialized>, username=attendancetest1}
10:24:17.050 [main] DEBUG org.hibernate.SQL - delete from team_members where id=?
10:24:17.050 [main] DEBUG org.hibernate.orm.jdbc.batch - PreparedStatementDetails did not contain PreparedStatement on #releaseStatements : delete from team_members where id=?
10:24:17.050 [main] DEBUG org.hibernate.orm.jdbc.batch - PreparedStatementDetails did not contain PreparedStatement on #releaseStatements : delete from team_members where id=?
10:24:17.050 [main] DEBUG org.hibernate.resource.jdbc.internal.LogicalConnectionManagedImpl - Initiating JDBC connection release from afterTransaction
10:24:17.050 [main] DEBUG org.hibernate.orm.jdbc.batch - PreparedStatementDetails did not contain PreparedStatement on #releaseStatements : delete from team_members where id=?
10:24:17.050 [main] DEBUG org.hibernate.orm.jdbc.batch - PreparedStatementDetails did not contain PreparedStatement on #releaseStatements : delete from team_members where id=?
10:24:17.050 [main] DEBUG org.hibernate.resource.jdbc.internal.LogicalConnectionManagedImpl - Initiating JDBC connection release from afterTransaction
10:24:17.050 [main] DEBUG org.hibernate.engine.jdbc.internal.JdbcCoordinatorImpl - HHH000420: Closing un-released batch
10:24:17.050 [main] DEBUG org.hibernate.orm.jdbc.batch - PreparedStatementDetails did not contain PreparedStatement on #releaseStatements : delete from team_members where id=?
10:24:17.050 [main] DEBUG org.hibernate.orm.jdbc.batch - PreparedStatementDetails did not contain PreparedStatement on #releaseStatements : delete from team_members where id=?
10:24:17.051 [main] DEBUG org.hibernate.engine.transaction.internal.TransactionImpl - On TransactionImpl creation, JpaCompliance#isJpaTransactionComplianceEnabled == false
10:24:17.051 [main] DEBUG org.hibernate.engine.transaction.internal.TransactionImpl - begin
10:24:17.051 [main] DEBUG org.hibernate.orm.sql.exec - Skipping reading Query result cache data: cache-enabled = false, cache-mode = IGNORE
10:24:17.051 [main] DEBUG org.hibernate.orm.results - Initializer list:
	  org.frcpm.models.TeamMember.subteam -> EntityDelayedFetchInitializer(org.frcpm.models.TeamMember.subteam)@362317946 (ToOneAttributeMapping(NavigableRole[org.frcpm.models.TeamMember.subteam])@1456870203)
	  org.frcpm.models.TeamMember.attendances.{element} -> EntityJoinedFetchInitializer(org.frcpm.models.TeamMember.attendances.{element})@235849660 (EntityCollectionPart(org.frcpm.models.TeamMember.attendances#{element})@1234105592)
	  org.frcpm.models.TeamMember.assignedTasks -> DelayedCollectionInitializer(org.frcpm.models.TeamMember.assignedTasks)@367004617 (PluralAttribute(org.frcpm.models.TeamMember.assignedTasks))
	  org.frcpm.models.TeamMember.attendances.{element}.meeting -> EntityDelayedFetchInitializer(org.frcpm.models.TeamMember.attendances.{element}.meeting)@1393839220 (ToOneAttributeMapping(NavigableRole[org.frcpm.models.Attendance.meeting])@955361249)
	  org.frcpm.models.TeamMember -> EntityResultInitializer(org.frcpm.models.TeamMember)@35575092 (SingleTableEntityPersister(org.frcpm.models.TeamMember))
	  org.frcpm.models.TeamMember.attendances -> SetInitializer(org.frcpm.models.TeamMember.attendances)@2052440556 (PluralAttribute(org.frcpm.models.TeamMember.attendances))

10:24:17.051 [main] DEBUG org.hibernate.SQL - select tm1_0.id,a1_0.member_id,a1_0.id,a1_0.arrival_time,a1_0.departure_time,a1_0.meeting_id,a1_0.present,tm1_0.email,tm1_0.first_name,tm1_0.last_name,tm1_0.is_leader,tm1_0.phone,tm1_0.skills,tm1_0.subteam_id,tm1_0.username from team_members tm1_0 left join attendances a1_0 on tm1_0.id=a1_0.member_id where tm1_0.id=?
10:24:17.051 [main] DEBUG org.hibernate.orm.results.loading.entity - (EntityResultInitializer) Hydrated EntityKey (org.frcpm.models.TeamMember): 161
10:24:17.051 [main] DEBUG org.hibernate.orm.results.loading.org.hibernate.orm.results.loading.collection - (SetInitializer) Current row collection key : org.frcpm.models.TeamMember.attendances#161
10:24:17.051 [main] DEBUG org.hibernate.orm.results - Extracted JDBC value [1] - [null]
10:24:17.051 [main] DEBUG org.hibernate.orm.results - Extracted JDBC value [2] - [null]
10:24:17.051 [main] DEBUG org.hibernate.orm.results.loading.entity - (EntityJoinedFetchInitializer) EntityKey (org.frcpm.models.TeamMember.attendances.{element}) is null
10:24:17.051 [main] DEBUG org.hibernate.orm.results.loading.org.hibernate.orm.results.loading.collection - (DelayedCollectionInitializer) Current row collection key : org.frcpm.models.TeamMember.assignedTasks#161
10:24:17.051 [main] DEBUG org.hibernate.orm.results.loading.entity - (EntityResultInitializer) Created new entity instance [org.frcpm.models.TeamMember#161] : 1790665941
10:24:17.051 [main] DEBUG org.hibernate.orm.results.loading.org.hibernate.orm.results.loading.collection - (SetInitializer) Created new collection wrapper [org.frcpm.models.TeamMember.attendances#161] : org.hibernate.collection.spi.PersistentSet@550285686
10:24:17.051 [main] DEBUG org.hibernate.orm.results.loading.org.hibernate.orm.results.loading.collection - (SetInitializer) Responsible for loading collection [org.frcpm.models.TeamMember.attendances#161] : org.hibernate.collection.spi.PersistentSet@550285686
10:24:17.051 [main] DEBUG org.hibernate.orm.results - Extracted JDBC value [13] - [null]
10:24:17.051 [main] DEBUG org.hibernate.orm.results - Extracted JDBC value [7] - [attendance2@example.com]
10:24:17.051 [main] DEBUG org.hibernate.orm.results - Extracted JDBC value [8] - [Attendance]
10:24:17.051 [main] DEBUG org.hibernate.orm.results - Extracted JDBC value [9] - [Test2]
10:24:17.051 [main] DEBUG org.hibernate.orm.results - Extracted JDBC value [10] - [false]
10:24:17.051 [main] DEBUG org.hibernate.orm.results - Extracted JDBC value [11] - [null]
10:24:17.051 [main] DEBUG org.hibernate.orm.results - Extracted JDBC value [12] - [null]
10:24:17.051 [main] DEBUG org.hibernate.orm.results - Extracted JDBC value [14] - [attendancetest2]
10:24:17.051 [main] DEBUG org.hibernate.orm.results.loading.entity - (EntityResultInitializer) Done materializing entityInstance : org.frcpm.models.TeamMember#161
10:24:17.051 [main] DEBUG org.hibernate.orm.results.loading - Calling top-level assembler (0 / 1) : org.hibernate.sql.results.graph.entity.internal.EntityAssembler@7bc58ad9
10:24:17.051 [main] DEBUG org.hibernate.sql.results.internal.ResultsHelper - Collection fully initialized: [org.frcpm.models.TeamMember.attendances#161]
10:24:17.051 [main] DEBUG org.hibernate.engine.spi.CollectionEntry - Reset storedSnapshot to {} for CollectionEntry[org.frcpm.models.TeamMember.assignedTasks#161]
10:24:17.051 [main] DEBUG org.hibernate.engine.spi.CollectionEntry - Reset storedSnapshot to {} for CollectionEntry[org.frcpm.models.TeamMember.attendances#161]
10:24:17.052 [main] DEBUG org.hibernate.engine.transaction.internal.TransactionImpl - committing
10:24:17.052 [main] DEBUG org.hibernate.event.internal.AbstractFlushingEventListener - Processing flush-time cascades
10:24:17.052 [main] DEBUG org.hibernate.event.internal.AbstractFlushingEventListener - Dirty checking collections
10:24:17.052 [main] DEBUG org.hibernate.engine.internal.Collections - Collection dereferenced: [org.frcpm.models.TeamMember.assignedTasks#161]
10:24:17.052 [main] DEBUG org.hibernate.engine.internal.Collections - Collection dereferenced: [org.frcpm.models.TeamMember.attendances#161]
10:24:17.052 [main] DEBUG org.hibernate.event.internal.AbstractFlushingEventListener - Flushed: 0 insertions, 0 updates, 1 deletions to 1 objects
10:24:17.052 [main] DEBUG org.hibernate.event.internal.AbstractFlushingEventListener - Flushed: 0 (re)creations, 0 updates, 2 removals to 2 collections
10:24:17.052 [main] DEBUG org.hibernate.internal.util.EntityPrinter - Listing entities:
10:24:17.052 [main] DEBUG org.hibernate.internal.util.EntityPrinter - org.frcpm.models.TeamMember{skills=null, firstName=Attendance, lastName=Test2, leader=false, subteam=null, phone=null, id=161, attendances=[], email=attendance2@example.com, assignedTasks=<uninitialized>, username=attendancetest2}
10:24:17.052 [main] DEBUG org.hibernate.SQL - delete from team_members where id=?
10:24:17.052 [main] DEBUG org.hibernate.orm.jdbc.batch - PreparedStatementDetails did not contain PreparedStatement on #releaseStatements : delete from team_members where id=?
10:24:17.052 [main] DEBUG org.hibernate.orm.jdbc.batch - PreparedStatementDetails did not contain PreparedStatement on #releaseStatements : delete from team_members where id=?
10:24:17.052 [main] DEBUG org.hibernate.resource.jdbc.internal.LogicalConnectionManagedImpl - Initiating JDBC connection release from afterTransaction
10:24:17.052 [main] DEBUG org.hibernate.orm.jdbc.batch - PreparedStatementDetails did not contain PreparedStatement on #releaseStatements : delete from team_members where id=?
10:24:17.052 [main] DEBUG org.hibernate.orm.jdbc.batch - PreparedStatementDetails did not contain PreparedStatement on #releaseStatements : delete from team_members where id=?
10:24:17.052 [main] DEBUG org.hibernate.resource.jdbc.internal.LogicalConnectionManagedImpl - Initiating JDBC connection release from afterTransaction
10:24:17.052 [main] DEBUG org.hibernate.engine.jdbc.internal.JdbcCoordinatorImpl - HHH000420: Closing un-released batch
10:24:17.052 [main] DEBUG org.hibernate.orm.jdbc.batch - PreparedStatementDetails did not contain PreparedStatement on #releaseStatements : delete from team_members where id=?
10:24:17.052 [main] DEBUG org.hibernate.orm.jdbc.batch - PreparedStatementDetails did not contain PreparedStatement on #releaseStatements : delete from team_members where id=?
10:24:17.052 [main] DEBUG org.hibernate.engine.transaction.internal.TransactionImpl - On TransactionImpl creation, JpaCompliance#isJpaTransactionComplianceEnabled == false
10:24:17.052 [main] DEBUG org.hibernate.engine.transaction.internal.TransactionImpl - begin
10:24:17.052 [main] DEBUG org.hibernate.orm.sql.ast.create - Created new SQL alias : p1_0
10:24:17.052 [main] DEBUG org.hibernate.orm.sql.ast.create - Registration of TableGroup [StandardTableGroup(org.frcpm.models.Project)] with identifierForTableGroup [org.frcpm.models.Project] for NavigablePath [org.frcpm.models.Project] 
10:24:17.052 [main] DEBUG org.hibernate.orm.sql.ast.create - Created new SQL alias : m1_0
10:24:17.052 [main] DEBUG org.hibernate.orm.sql.ast.create - Registration of TableGroup [org.hibernate.sql.ast.tree.from.OneToManyTableGroup@58d804c0] with identifierForTableGroup [org.frcpm.models.Project.meetings] for NavigablePath [org.frcpm.models.Project.meetings] 
10:24:17.052 [main] DEBUG org.hibernate.orm.sql.ast.create - Registration of TableGroup [StandardTableGroup(org.frcpm.models.Project.meetings.{element})] with identifierForTableGroup [org.frcpm.models.Project.meetings.{element}] for NavigablePath [org.frcpm.models.Project.meetings.{element}] 
10:24:17.053 [main] DEBUG org.hibernate.orm.sql.ast.create - Registration of TableGroup [org.hibernate.sql.ast.tree.from.LazyTableGroup@1d5a59ac] with identifierForTableGroup [org.frcpm.models.Project.meetings.{element}.project] for NavigablePath [org.frcpm.models.Project.meetings.{element}.project] 
10:24:17.053 [main] DEBUG org.hibernate.orm.results.graph.AST - DomainResult Graph:
 \-EntityResultImpl [org.frcpm.models.Project]
 |  +-BasicFetch [org.frcpm.models.Project.description]
 |  +-BasicFetch [org.frcpm.models.Project.goalEndDate]
 |  +-BasicFetch [org.frcpm.models.Project.hardDeadline]
 |  +-EagerCollectionFetch [org.frcpm.models.Project.meetings]
 |  |  \-EntityFetchJoinedImpl [org.frcpm.models.Project.meetings.{element}]
 |  +-SelectEagerCollectionFetch [org.frcpm.models.Project.milestones]
 |  +-BasicFetch [org.frcpm.models.Project.name]
 |  +-BasicFetch [org.frcpm.models.Project.startDate]
 |  \-SelectEagerCollectionFetch [org.frcpm.models.Project.tasks]

10:24:17.053 [main] DEBUG org.hibernate.orm.sql.ast.tree - SQL AST Tree:
    SelectStatement {
      FromClause {
        StandardTableGroup (p1 : org.frcpm.models.Project) {
          primaryTableReference : projects as p1_0
          TableGroupJoins {
            left  join OneToManyTableGroup (m1 : org.frcpm.models.Project.meetings) {
              primaryTableReference : meetings as m1_0
              TableGroupJoins {
                left  join LazyTableGroup (p2 : org.frcpm.models.Project.meetings.{element}.project) {
                }
              }
            }
          }
        }
      }
    }

10:24:17.053 [main] DEBUG org.hibernate.orm.sql.exec - Skipping reading Query result cache data: cache-enabled = false, cache-mode = IGNORE
10:24:17.053 [main] DEBUG org.hibernate.orm.results - Initializer list:
	  org.frcpm.models.Project.meetings -> BagInitializer(org.frcpm.models.Project.meetings)@1314282083 (PluralAttribute(org.frcpm.models.Project.meetings))
	  org.frcpm.models.Project.tasks -> SelectEagerCollectionInitializer(org.frcpm.models.Project.tasks)@1454418285 (PluralAttribute(org.frcpm.models.Project.tasks))
	  org.frcpm.models.Project.meetings.{element} -> EntityJoinedFetchInitializer(org.frcpm.models.Project.meetings.{element})@434638126 (EntityCollectionPart(org.frcpm.models.Project.meetings#{element})@664057828)
	  org.frcpm.models.Project.meetings.{element}.attendances -> SelectEagerCollectionInitializer(org.frcpm.models.Project.meetings.{element}.attendances)@1542288439 (PluralAttribute(org.frcpm.models.Meeting.attendances))
	  org.frcpm.models.Project -> EntityResultInitializer(org.frcpm.models.Project)@147150310 (SingleTableEntityPersister(org.frcpm.models.Project))
	  org.frcpm.models.Project.milestones -> SelectEagerCollectionInitializer(org.frcpm.models.Project.milestones)@1369286829 (PluralAttribute(org.frcpm.models.Project.milestones))

10:24:17.053 [main] DEBUG org.hibernate.SQL - select p1_0.id,p1_0.description,p1_0.goal_end_date,p1_0.hard_deadline,p1_0.name,p1_0.start_date,m1_0.project_id,m1_0.id,m1_0.date,m1_0.end_time,m1_0.notes,m1_0.start_time from projects p1_0 left join meetings m1_0 on p1_0.id=m1_0.project_id where p1_0.id=?
10:24:17.053 [main] DEBUG org.hibernate.orm.results.loading.entity - (EntityResultInitializer) Hydrated EntityKey (org.frcpm.models.Project): 168
10:24:17.053 [main] DEBUG org.hibernate.orm.results.loading.org.hibernate.orm.results.loading.collection - (BagInitializer) Current row collection key : org.frcpm.models.Project.meetings#168
10:24:17.053 [main] DEBUG org.hibernate.orm.results - Extracted JDBC value [6] - [null]
10:24:17.053 [main] DEBUG org.hibernate.orm.results - Extracted JDBC value [7] - [null]
10:24:17.053 [main] DEBUG org.hibernate.orm.results.loading.entity - (EntityJoinedFetchInitializer) EntityKey (org.frcpm.models.Project.meetings.{element}) is null
10:24:17.053 [main] DEBUG org.hibernate.orm.results.loading.org.hibernate.orm.results.loading.collection - (SelectEagerCollectionInitializer) Current row collection key : org.frcpm.models.Project.milestones#168
10:24:17.053 [main] DEBUG org.hibernate.orm.results.loading.org.hibernate.orm.results.loading.collection - (SelectEagerCollectionInitializer) Current row collection key : org.frcpm.models.Project.tasks#168
10:24:17.053 [main] DEBUG org.hibernate.orm.results.loading.entity - (EntityResultInitializer) Created new entity instance [org.frcpm.models.Project#168] : 1098946442
10:24:17.053 [main] DEBUG org.hibernate.orm.results.loading.org.hibernate.orm.results.loading.collection - (BagInitializer) Created new collection wrapper [org.frcpm.models.Project.meetings#168] : org.hibernate.collection.spi.PersistentBag@2103744471
10:24:17.053 [main] DEBUG org.hibernate.orm.results.loading.org.hibernate.orm.results.loading.collection - (BagInitializer) Responsible for loading collection [org.frcpm.models.Project.meetings#168] : org.hibernate.collection.spi.PersistentBag@2103744471
10:24:17.053 [main] DEBUG org.hibernate.orm.results - Extracted JDBC value [1] - [null]
10:24:17.053 [main] DEBUG org.hibernate.orm.results - Extracted JDBC value [2] - [2025-06-06]
10:24:17.053 [main] DEBUG org.hibernate.orm.results - Extracted JDBC value [3] - [2025-06-20]
10:24:17.053 [main] DEBUG org.hibernate.orm.results - Extracted JDBC value [4] - [Test Attendance Project]
10:24:17.053 [main] DEBUG org.hibernate.orm.results - Extracted JDBC value [5] - [2025-04-25]
10:24:17.053 [main] DEBUG org.hibernate.orm.results.loading.entity - (EntityResultInitializer) Done materializing entityInstance : org.frcpm.models.Project#168
10:24:17.053 [main] DEBUG org.hibernate.orm.results.loading - Calling top-level assembler (0 / 1) : org.hibernate.sql.results.graph.entity.internal.EntityAssembler@6c61ad20
10:24:17.053 [main] DEBUG org.hibernate.sql.results.internal.ResultsHelper - Collection fully initialized: [org.frcpm.models.Project.meetings#168]
10:24:17.053 [main] DEBUG org.hibernate.orm.sql.exec - Skipping reading Query result cache data: cache-enabled = false, cache-mode = IGNORE
10:24:17.053 [main] DEBUG org.hibernate.orm.results - Initializer list:
	  org.frcpm.models.Project.tasks.{element}.assignedTo -> DelayedCollectionInitializer(org.frcpm.models.Project.tasks.{element}.assignedTo)@895636820 (PluralAttribute(org.frcpm.models.Task.assignedTo))
	  org.frcpm.models.Project.tasks.{element}.postDependencies -> DelayedCollectionInitializer(org.frcpm.models.Project.tasks.{element}.postDependencies)@510842149 (PluralAttribute(org.frcpm.models.Task.postDependencies))
	  org.frcpm.models.Project.tasks.{element} -> EntityJoinedFetchInitializer(org.frcpm.models.Project.tasks.{element})@1973151494 (EntityCollectionPart(org.frcpm.models.Project.tasks#{element})@351423544)
	  org.frcpm.models.Project.tasks.{element}.requiredComponents -> DelayedCollectionInitializer(org.frcpm.models.Project.tasks.{element}.requiredComponents)@865956615 (PluralAttribute(org.frcpm.models.Task.requiredComponents))
	  org.frcpm.models.Project.tasks.{element}.project -> EntityDelayedFetchInitializer(org.frcpm.models.Project.tasks.{element}.project)@1003373484 (ToOneAttributeMapping(NavigableRole[org.frcpm.models.Task.project])@298266628)
	  org.frcpm.models.Project.tasks.{element}.subsystem -> EntityDelayedFetchInitializer(org.frcpm.models.Project.tasks.{element}.subsystem)@399654280 (ToOneAttributeMapping(NavigableRole[org.frcpm.models.Task.subsystem])@1334800702)
	  org.frcpm.models.Project.tasks.{element}.preDependencies -> DelayedCollectionInitializer(org.frcpm.models.Project.tasks.{element}.preDependencies)@102074432 (PluralAttribute(org.frcpm.models.Task.preDependencies))
	  org.frcpm.models.Project.tasks -> BagInitializer(org.frcpm.models.Project.tasks)@788193174 (PluralAttribute(org.frcpm.models.Project.tasks))

10:24:17.053 [main] DEBUG org.hibernate.SQL - select t1_0.project_id,t1_0.id,t1_0.actual_duration_seconds,t1_0.completed,t1_0.description,t1_0.end_date,t1_0.estimated_duration_seconds,t1_0.priority,t1_0.progress,t1_0.start_date,t1_0.subsystem_id,t1_0.title from tasks t1_0 where t1_0.project_id=?
10:24:17.054 [main] DEBUG org.hibernate.sql.results.internal.ResultsHelper - Collection fully initialized: [org.frcpm.models.Project.tasks#168]
10:24:17.054 [main] DEBUG org.hibernate.orm.sql.exec - Skipping reading Query result cache data: cache-enabled = false, cache-mode = IGNORE
10:24:17.054 [main] DEBUG org.hibernate.orm.results - Initializer list:
	  org.frcpm.models.Project.milestones.{element}.project -> EntityDelayedFetchInitializer(org.frcpm.models.Project.milestones.{element}.project)@915265357 (ToOneAttributeMapping(NavigableRole[org.frcpm.models.Milestone.project])@1324591205)
	  org.frcpm.models.Project.milestones.{element} -> EntityJoinedFetchInitializer(org.frcpm.models.Project.milestones.{element})@1925240686 (EntityCollectionPart(org.frcpm.models.Project.milestones#{element})@1853141614)
	  org.frcpm.models.Project.milestones -> BagInitializer(org.frcpm.models.Project.milestones)@916141906 (PluralAttribute(org.frcpm.models.Project.milestones))

10:24:17.054 [main] DEBUG org.hibernate.SQL - select m1_0.project_id,m1_0.id,m1_0.date,m1_0.description,m1_0.name from milestones m1_0 where m1_0.project_id=?
10:24:17.054 [main] DEBUG org.hibernate.sql.results.internal.ResultsHelper - Collection fully initialized: [org.frcpm.models.Project.milestones#168]
10:24:17.054 [main] DEBUG org.hibernate.engine.spi.CollectionEntry - Reset storedSnapshot to [] for CollectionEntry[org.frcpm.models.Project.meetings#168]
10:24:17.054 [main] DEBUG org.hibernate.engine.spi.CollectionEntry - Reset storedSnapshot to [] for CollectionEntry[org.frcpm.models.Project.milestones#168]
10:24:17.054 [main] DEBUG org.hibernate.engine.spi.CollectionEntry - Reset storedSnapshot to [] for CollectionEntry[org.frcpm.models.Project.tasks#168]
10:24:17.054 [main] DEBUG org.hibernate.engine.transaction.internal.TransactionImpl - committing
10:24:17.054 [main] DEBUG org.hibernate.event.internal.AbstractFlushingEventListener - Processing flush-time cascades
10:24:17.054 [main] DEBUG org.hibernate.event.internal.AbstractFlushingEventListener - Dirty checking collections
10:24:17.054 [main] DEBUG org.hibernate.engine.internal.Collections - Collection dereferenced: [org.frcpm.models.Project.meetings#168]
10:24:17.054 [main] DEBUG org.hibernate.engine.internal.Collections - Collection dereferenced: [org.frcpm.models.Project.milestones#168]
10:24:17.054 [main] DEBUG org.hibernate.engine.internal.Collections - Collection dereferenced: [org.frcpm.models.Project.tasks#168]
10:24:17.054 [main] DEBUG org.hibernate.event.internal.AbstractFlushingEventListener - Flushed: 0 insertions, 0 updates, 1 deletions to 1 objects
10:24:17.054 [main] DEBUG org.hibernate.event.internal.AbstractFlushingEventListener - Flushed: 0 (re)creations, 0 updates, 3 removals to 3 collections
10:24:17.054 [main] DEBUG org.hibernate.internal.util.EntityPrinter - Listing entities:
10:24:17.054 [main] DEBUG org.hibernate.internal.util.EntityPrinter - org.frcpm.models.Project{hardDeadline=2025-06-20, name=Test Attendance Project, description=null, meetings=[], id=168, goalEndDate=2025-06-06, milestones=[], startDate=2025-04-25, tasks=[]}
10:24:17.054 [main] DEBUG org.hibernate.SQL - delete from projects where id=?
10:24:17.055 [main] DEBUG org.hibernate.orm.jdbc.batch - PreparedStatementDetails did not contain PreparedStatement on #releaseStatements : delete from projects where id=?
10:24:17.055 [main] DEBUG org.hibernate.orm.jdbc.batch - PreparedStatementDetails did not contain PreparedStatement on #releaseStatements : delete from projects where id=?
10:24:17.055 [main] DEBUG org.hibernate.resource.jdbc.internal.LogicalConnectionManagedImpl - Initiating JDBC connection release from afterTransaction
10:24:17.055 [main] DEBUG org.hibernate.orm.jdbc.batch - PreparedStatementDetails did not contain PreparedStatement on #releaseStatements : delete from projects where id=?
10:24:17.055 [main] DEBUG org.hibernate.orm.jdbc.batch - PreparedStatementDetails did not contain PreparedStatement on #releaseStatements : delete from projects where id=?
10:24:17.055 [main] DEBUG org.hibernate.resource.jdbc.internal.LogicalConnectionManagedImpl - Initiating JDBC connection release from afterTransaction
10:24:17.055 [main] DEBUG org.hibernate.engine.jdbc.internal.JdbcCoordinatorImpl - HHH000420: Closing un-released batch
10:24:17.055 [main] DEBUG org.hibernate.orm.jdbc.batch - PreparedStatementDetails did not contain PreparedStatement on #releaseStatements : delete from projects where id=?
10:24:17.055 [main] DEBUG org.hibernate.orm.jdbc.batch - PreparedStatementDetails did not contain PreparedStatement on #releaseStatements : delete from projects where id=?
10:24:17.055 [main] DEBUG org.hibernate.internal.SessionFactoryImpl - HHH000031: Closing
10:24:17.055 [main] DEBUG org.hibernate.type.spi.TypeConfiguration$Scope - Un-scoping TypeConfiguration [org.hibernate.type.spi.TypeConfiguration$Scope@35956b3e] from SessionFactory [org.hibernate.internal.SessionFactoryImpl@62749ec6]
10:24:17.055 [main] DEBUG org.hibernate.service.internal.AbstractServiceRegistryImpl - Implicitly destroying ServiceRegistry on de-registration of all child ServiceRegistries
10:24:17.055 [main] INFO com.zaxxer.hikari.HikariDataSource - FRC-PM-HikariCP - Shutdown initiated...
10:24:17.055 [main] DEBUG com.zaxxer.hikari.pool.HikariPool - FRC-PM-HikariCP - Before shutdown stats (total=2, active=0, idle=2, waiting=0)
10:24:17.056 [FRC-PM-HikariCP connection closer] DEBUG com.zaxxer.hikari.pool.PoolBase - FRC-PM-HikariCP - Closing connection conn22: url=jdbc:h2:file:C:\Users\dhiebert\.frcpm\frcpm user=SA: (connection evicted)
10:24:17.056 [FRC-PM-HikariCP connection closer] DEBUG com.zaxxer.hikari.pool.PoolBase - FRC-PM-HikariCP - Closing connection conn23: url=jdbc:h2:file:C:\Users\dhiebert\.frcpm\frcpm user=SA: (connection evicted)
10:24:17.265 [main] DEBUG com.zaxxer.hikari.pool.HikariPool - FRC-PM-HikariCP - After shutdown stats (total=0, active=0, idle=0, waiting=0)
10:24:17.265 [main] INFO com.zaxxer.hikari.HikariDataSource - FRC-PM-HikariCP - Shutdown completed.
10:24:17.265 [main] DEBUG org.hibernate.boot.registry.internal.BootstrapServiceRegistryImpl - Implicitly destroying Boot-strap registry on de-registration of all child ServiceRegistries
]]></system-out>
    <system-err><![CDATA[Apr 25, 2025 10:24:16 AM org.frcpm.config.DatabaseConfig initialize
INFO: Initializing database configuration...
Apr 25, 2025 10:24:16 AM org.frcpm.config.DatabaseConfig initialize
INFO: Using FILE-BASED database at: file:C:\Users\dhiebert\.frcpm\frcpm
Apr 25, 2025 10:24:16 AM org.frcpm.config.DatabaseConfig initialize
INFO: Using JDBC URL: jdbc:h2:file:C:\Users\dhiebert\.frcpm\frcpm
Apr 25, 2025 10:24:16 AM org.frcpm.config.DatabaseConfig initialize
INFO: Using schema mode: update
Apr 25, 2025 10:24:17 AM org.frcpm.config.DatabaseConfig initialize
INFO: Database configuration initialized successfully in PRODUCTION mode
Apr 25, 2025 10:24:17 AM org.frcpm.config.DatabaseConfig shutdown
INFO: Database configuration shut down
]]></system-err>
  </testcase>
  <testcase name="testUpdate" classname="org.frcpm.repositories.AttendanceRepositoryTest" time="0.469">
    <system-out><![CDATA[10:24:17.273 [main] DEBUG org.hibernate.jpa.HibernatePersistenceProvider - Located and parsed 1 persistence units; checking each
10:24:17.273 [main] DEBUG org.hibernate.jpa.HibernatePersistenceProvider - Checking persistence-unit [name=frcpm, explicit-provider=org.hibernate.jpa.HibernatePersistenceProvider] against incoming persistence unit name [frcpm]
10:24:17.273 [main] DEBUG org.hibernate.jpa.boot.spi.ProviderChecker - Persistence-unit [frcpm] requested PersistenceProvider [org.hibernate.jpa.HibernatePersistenceProvider]
10:24:17.273 [main] DEBUG org.hibernate.jpa.internal.util.LogHelper - PersistenceUnitInfo [
	name: frcpm
	persistence provider classname: org.hibernate.jpa.HibernatePersistenceProvider
	classloader: null
	excludeUnlistedClasses: false
	JTA datasource: null
	Non JTA datasource: null
	Transaction type: RESOURCE_LOCAL
	PU root URL: file:/C:/Users/dhiebert/Local%20Repositories/Project%20Management%202.0/target/classes
	Shared Cache Mode: null
	Validation Mode: null
	Jar files URLs []
	Managed classes names [
		org.frcpm.models.Project
		org.frcpm.models.Subteam
		org.frcpm.models.TeamMember
		org.frcpm.models.Subsystem
		org.frcpm.models.Task
		org.frcpm.models.Component
		org.frcpm.models.Meeting
		org.frcpm.models.Attendance
		org.frcpm.models.Milestone]
	Mapping files names []
	Properties [
		hibernate.connection.handling_mode: DELAYED_ACQUISITION_AND_RELEASE_AFTER_STATEMENT
		jakarta.persistence.jdbc.url: jdbc:h2:file:C:\Users\dhiebert\.frcpm\frcpm
		hibernate.jdbc.batch_versioned_data: null
		hibernate.cache.use_second_level_cache: null
		hibernate.show_sql: null
		jakarta.persistence.jdbc.driver: org.h2.Driver
		hibernate.jdbc.batch_size: 30
		jakarta.persistence.jdbc.user: sa
		hibernate.generate_statistics: null
		hibernate.hbm2ddl.auto: update
		hibernate.cache.use_query_cache: null
		hibernate.hikari.maximumPoolSize: 10
		hibernate.hikari.idleTimeout: 30000
		hibernate.format_sql: null
		hibernate.hikari.minimumIdle: 2
		hibernate.use_sql_comments: null
		hibernate.order_inserts: null
		hibernate.current_session_context_class: thread
		hibernate.connection.provider_class: org.hibernate.hikaricp.internal.HikariCPConnectionProvider
		hibernate.hikari.connectionTimeout: 10000
		hibernate.hikari.poolName: FRC-PM-HikariCP
		hibernate.order_updates: null
		hibernate.dialect: org.hibernate.dialect.H2Dialect
		jakarta.persistence.jdbc.password: ]
10:24:17.273 [main] DEBUG org.hibernate.integrator.internal.IntegratorServiceImpl - Adding Integrator [org.hibernate.boot.beanvalidation.BeanValidationIntegrator].
10:24:17.273 [main] DEBUG org.hibernate.integrator.internal.IntegratorServiceImpl - Adding Integrator [org.hibernate.cache.internal.CollectionCacheInvalidator].
10:24:17.279 [main] DEBUG org.hibernate.orm.idgen.factory - Ignoring CDI for resolving IdentifierGenerator instances as extended or delayed CDI support was enabled
10:24:17.280 [main] DEBUG org.hibernate.orm.idgen.factory - Registering IdentifierGenerator strategy [uuid2] -> [org.hibernate.id.UUIDGenerator]
10:24:17.280 [main] DEBUG org.hibernate.orm.idgen.factory - Registering IdentifierGenerator strategy [guid] -> [org.hibernate.id.GUIDGenerator]
10:24:17.280 [main] DEBUG org.hibernate.orm.idgen.factory - Registering IdentifierGenerator strategy [uuid] -> [org.hibernate.id.UUIDHexGenerator]
10:24:17.280 [main] DEBUG org.hibernate.orm.idgen.factory - Registering IdentifierGenerator strategy [uuid.hex] -> [org.hibernate.id.UUIDHexGenerator]
10:24:17.280 [main] DEBUG org.hibernate.orm.idgen.factory - Registering IdentifierGenerator strategy [assigned] -> [org.hibernate.id.Assigned]
10:24:17.280 [main] DEBUG org.hibernate.orm.idgen.factory - Registering IdentifierGenerator strategy [identity] -> [org.hibernate.id.IdentityGenerator]
10:24:17.280 [main] DEBUG org.hibernate.orm.idgen.factory - Registering IdentifierGenerator strategy [select] -> [org.hibernate.id.SelectGenerator]
10:24:17.280 [main] DEBUG org.hibernate.orm.idgen.factory - Registering IdentifierGenerator strategy [sequence] -> [org.hibernate.id.enhanced.SequenceStyleGenerator]
10:24:17.280 [main] DEBUG org.hibernate.orm.idgen.factory - Registering IdentifierGenerator strategy [increment] -> [org.hibernate.id.IncrementGenerator]
10:24:17.280 [main] DEBUG org.hibernate.orm.idgen.factory - Registering IdentifierGenerator strategy [foreign] -> [org.hibernate.id.ForeignGenerator]
10:24:17.280 [main] DEBUG org.hibernate.orm.idgen.factory - Registering IdentifierGenerator strategy [enhanced-sequence] -> [org.hibernate.id.enhanced.SequenceStyleGenerator]
10:24:17.280 [main] DEBUG org.hibernate.orm.idgen.factory - Registering IdentifierGenerator strategy [enhanced-table] -> [org.hibernate.id.enhanced.TableGenerator]
10:24:17.280 [main] INFO org.hibernate.cache.internal.RegionFactoryInitiator - HHH000026: Second-level cache disabled
10:24:17.280 [main] DEBUG org.hibernate.type.BasicTypeRegistry - Adding type registration boolean -> org.hibernate.type.BasicTypeReference@2f4919b0
10:24:17.280 [main] DEBUG org.hibernate.type.BasicTypeRegistry - Adding type registration boolean -> org.hibernate.type.BasicTypeReference@2f4919b0
10:24:17.280 [main] DEBUG org.hibernate.type.BasicTypeRegistry - Adding type registration java.lang.Boolean -> org.hibernate.type.BasicTypeReference@2f4919b0
10:24:17.280 [main] DEBUG org.hibernate.type.BasicTypeRegistry - Adding type registration numeric_boolean -> org.hibernate.type.BasicTypeReference@a8a8b75
10:24:17.280 [main] DEBUG org.hibernate.type.BasicTypeRegistry - Adding type registration org.hibernate.type.NumericBooleanConverter -> org.hibernate.type.BasicTypeReference@a8a8b75
10:24:17.280 [main] DEBUG org.hibernate.type.BasicTypeRegistry - Adding type registration true_false -> org.hibernate.type.BasicTypeReference@75b21c3b
10:24:17.280 [main] DEBUG org.hibernate.type.BasicTypeRegistry - Adding type registration org.hibernate.type.TrueFalseConverter -> org.hibernate.type.BasicTypeReference@75b21c3b
10:24:17.280 [main] DEBUG org.hibernate.type.BasicTypeRegistry - Adding type registration yes_no -> org.hibernate.type.BasicTypeReference@72be135f
10:24:17.280 [main] DEBUG org.hibernate.type.BasicTypeRegistry - Adding type registration org.hibernate.type.YesNoConverter -> org.hibernate.type.BasicTypeReference@72be135f
10:24:17.280 [main] DEBUG org.hibernate.type.BasicTypeRegistry - Adding type registration byte -> org.hibernate.type.BasicTypeReference@155d1021
10:24:17.280 [main] DEBUG org.hibernate.type.BasicTypeRegistry - Adding type registration byte -> org.hibernate.type.BasicTypeReference@155d1021
10:24:17.280 [main] DEBUG org.hibernate.type.BasicTypeRegistry - Adding type registration java.lang.Byte -> org.hibernate.type.BasicTypeReference@155d1021
10:24:17.280 [main] DEBUG org.hibernate.type.BasicTypeRegistry - Adding type registration binary -> org.hibernate.type.BasicTypeReference@4bd2f0dc
10:24:17.280 [main] DEBUG org.hibernate.type.BasicTypeRegistry - Adding type registration byte[] -> org.hibernate.type.BasicTypeReference@4bd2f0dc
10:24:17.280 [main] DEBUG org.hibernate.type.BasicTypeRegistry - Adding type registration [B -> org.hibernate.type.BasicTypeReference@4bd2f0dc
10:24:17.280 [main] DEBUG org.hibernate.type.BasicTypeRegistry - Adding type registration binary_wrapper -> org.hibernate.type.BasicTypeReference@2e647e59
10:24:17.280 [main] DEBUG org.hibernate.type.BasicTypeRegistry - Adding type registration wrapper-binary -> org.hibernate.type.BasicTypeReference@2e647e59
10:24:17.280 [main] DEBUG org.hibernate.type.BasicTypeRegistry - Adding type registration image -> org.hibernate.type.BasicTypeReference@2c42b421
10:24:17.280 [main] DEBUG org.hibernate.type.BasicTypeRegistry - Adding type registration blob -> org.hibernate.type.BasicTypeReference@51e37590
10:24:17.280 [main] DEBUG org.hibernate.type.BasicTypeRegistry - Adding type registration java.sql.Blob -> org.hibernate.type.BasicTypeReference@51e37590
10:24:17.280 [main] DEBUG org.hibernate.type.BasicTypeRegistry - Adding type registration materialized_blob -> org.hibernate.type.BasicTypeReference@deb3b60
10:24:17.280 [main] DEBUG org.hibernate.type.BasicTypeRegistry - Adding type registration materialized_blob_wrapper -> org.hibernate.type.BasicTypeReference@701a32
10:24:17.280 [main] DEBUG org.hibernate.type.BasicTypeRegistry - Adding type registration short -> org.hibernate.type.BasicTypeReference@39aa45a1
10:24:17.280 [main] DEBUG org.hibernate.type.BasicTypeRegistry - Adding type registration short -> org.hibernate.type.BasicTypeReference@39aa45a1
10:24:17.280 [main] DEBUG org.hibernate.type.BasicTypeRegistry - Adding type registration java.lang.Short -> org.hibernate.type.BasicTypeReference@39aa45a1
10:24:17.280 [main] DEBUG org.hibernate.type.BasicTypeRegistry - Adding type registration integer -> org.hibernate.type.BasicTypeReference@73aff8f1
10:24:17.280 [main] DEBUG org.hibernate.type.BasicTypeRegistry - Adding type registration int -> org.hibernate.type.BasicTypeReference@73aff8f1
10:24:17.280 [main] DEBUG org.hibernate.type.BasicTypeRegistry - Adding type registration java.lang.Integer -> org.hibernate.type.BasicTypeReference@73aff8f1
10:24:17.280 [main] DEBUG org.hibernate.type.BasicTypeRegistry - Adding type registration long -> org.hibernate.type.BasicTypeReference@27cbfddf
10:24:17.280 [main] DEBUG org.hibernate.type.BasicTypeRegistry - Adding type registration long -> org.hibernate.type.BasicTypeReference@27cbfddf
10:24:17.280 [main] DEBUG org.hibernate.type.BasicTypeRegistry - Adding type registration java.lang.Long -> org.hibernate.type.BasicTypeReference@27cbfddf
10:24:17.280 [main] DEBUG org.hibernate.type.BasicTypeRegistry - Adding type registration float -> org.hibernate.type.BasicTypeReference@27ead29e
10:24:17.280 [main] DEBUG org.hibernate.type.BasicTypeRegistry - Adding type registration float -> org.hibernate.type.BasicTypeReference@27ead29e
10:24:17.280 [main] DEBUG org.hibernate.type.BasicTypeRegistry - Adding type registration java.lang.Float -> org.hibernate.type.BasicTypeReference@27ead29e
10:24:17.280 [main] DEBUG org.hibernate.type.BasicTypeRegistry - Adding type registration double -> org.hibernate.type.BasicTypeReference@4c060c8f
10:24:17.280 [main] DEBUG org.hibernate.type.BasicTypeRegistry - Adding type registration double -> org.hibernate.type.BasicTypeReference@4c060c8f
10:24:17.280 [main] DEBUG org.hibernate.type.BasicTypeRegistry - Adding type registration java.lang.Double -> org.hibernate.type.BasicTypeReference@4c060c8f
10:24:17.280 [main] DEBUG org.hibernate.type.BasicTypeRegistry - Adding type registration big_integer -> org.hibernate.type.BasicTypeReference@40620d8e
10:24:17.280 [main] DEBUG org.hibernate.type.BasicTypeRegistry - Adding type registration java.math.BigInteger -> org.hibernate.type.BasicTypeReference@40620d8e
10:24:17.280 [main] DEBUG org.hibernate.type.BasicTypeRegistry - Adding type registration big_decimal -> org.hibernate.type.BasicTypeReference@383f3558
10:24:17.280 [main] DEBUG org.hibernate.type.BasicTypeRegistry - Adding type registration java.math.BigDecimal -> org.hibernate.type.BasicTypeReference@383f3558
10:24:17.280 [main] DEBUG org.hibernate.type.BasicTypeRegistry - Adding type registration character -> org.hibernate.type.BasicTypeReference@49b07ee3
10:24:17.280 [main] DEBUG org.hibernate.type.BasicTypeRegistry - Adding type registration char -> org.hibernate.type.BasicTypeReference@49b07ee3
10:24:17.281 [main] DEBUG org.hibernate.type.BasicTypeRegistry - Adding type registration java.lang.Character -> org.hibernate.type.BasicTypeReference@49b07ee3
10:24:17.281 [main] DEBUG org.hibernate.type.BasicTypeRegistry - Adding type registration character_nchar -> org.hibernate.type.BasicTypeReference@352e612e
10:24:17.281 [main] DEBUG org.hibernate.type.BasicTypeRegistry - Adding type registration string -> org.hibernate.type.BasicTypeReference@65f00478
10:24:17.281 [main] DEBUG org.hibernate.type.BasicTypeRegistry - Adding type registration java.lang.String -> org.hibernate.type.BasicTypeReference@65f00478
10:24:17.281 [main] DEBUG org.hibernate.type.BasicTypeRegistry - Adding type registration nstring -> org.hibernate.type.BasicTypeReference@2424686b
10:24:17.281 [main] DEBUG org.hibernate.type.BasicTypeRegistry - Adding type registration characters -> org.hibernate.type.BasicTypeReference@6ea94d6a
10:24:17.281 [main] DEBUG org.hibernate.type.BasicTypeRegistry - Adding type registration char[] -> org.hibernate.type.BasicTypeReference@6ea94d6a
10:24:17.281 [main] DEBUG org.hibernate.type.BasicTypeRegistry - Adding type registration [C -> org.hibernate.type.BasicTypeReference@6ea94d6a
10:24:17.281 [main] DEBUG org.hibernate.type.BasicTypeRegistry - Adding type registration wrapper-characters -> org.hibernate.type.BasicTypeReference@28486680
10:24:17.281 [main] DEBUG org.hibernate.type.BasicTypeRegistry - Adding type registration text -> org.hibernate.type.BasicTypeReference@4d7e7435
10:24:17.281 [main] DEBUG org.hibernate.type.BasicTypeRegistry - Adding type registration ntext -> org.hibernate.type.BasicTypeReference@4a1e3ac1
10:24:17.281 [main] DEBUG org.hibernate.type.BasicTypeRegistry - Adding type registration clob -> org.hibernate.type.BasicTypeReference@6e78fcf5
10:24:17.281 [main] DEBUG org.hibernate.type.BasicTypeRegistry - Adding type registration java.sql.Clob -> org.hibernate.type.BasicTypeReference@6e78fcf5
10:24:17.281 [main] DEBUG org.hibernate.type.BasicTypeRegistry - Adding type registration nclob -> org.hibernate.type.BasicTypeReference@56febdc
10:24:17.281 [main] DEBUG org.hibernate.type.BasicTypeRegistry - Adding type registration java.sql.NClob -> org.hibernate.type.BasicTypeReference@56febdc
10:24:17.281 [main] DEBUG org.hibernate.type.BasicTypeRegistry - Adding type registration materialized_clob -> org.hibernate.type.BasicTypeReference@3b8ee898
10:24:17.281 [main] DEBUG org.hibernate.type.BasicTypeRegistry - Adding type registration materialized_clob_char_array -> org.hibernate.type.BasicTypeReference@7d151a
10:24:17.281 [main] DEBUG org.hibernate.type.BasicTypeRegistry - Adding type registration materialized_clob_character_array -> org.hibernate.type.BasicTypeReference@294bdeb4
10:24:17.281 [main] DEBUG org.hibernate.type.BasicTypeRegistry - Adding type registration materialized_nclob -> org.hibernate.type.BasicTypeReference@5300f14a
10:24:17.281 [main] DEBUG org.hibernate.type.BasicTypeRegistry - Adding type registration materialized_nclob_character_array -> org.hibernate.type.BasicTypeReference@1f86099a
10:24:17.281 [main] DEBUG org.hibernate.type.BasicTypeRegistry - Adding type registration materialized_nclob_char_array -> org.hibernate.type.BasicTypeReference@77bb0ab5
10:24:17.281 [main] DEBUG org.hibernate.type.BasicTypeRegistry - Adding type registration Duration -> org.hibernate.type.BasicTypeReference@f2c488
10:24:17.281 [main] DEBUG org.hibernate.type.BasicTypeRegistry - Adding type registration java.time.Duration -> org.hibernate.type.BasicTypeReference@f2c488
10:24:17.281 [main] DEBUG org.hibernate.type.BasicTypeRegistry - Adding type registration LocalDateTime -> org.hibernate.type.BasicTypeReference@54acff7d
10:24:17.281 [main] DEBUG org.hibernate.type.BasicTypeRegistry - Adding type registration java.time.LocalDateTime -> org.hibernate.type.BasicTypeReference@54acff7d
10:24:17.281 [main] DEBUG org.hibernate.type.BasicTypeRegistry - Adding type registration LocalDate -> org.hibernate.type.BasicTypeReference@7bc9e6ab
10:24:17.281 [main] DEBUG org.hibernate.type.BasicTypeRegistry - Adding type registration java.time.LocalDate -> org.hibernate.type.BasicTypeReference@7bc9e6ab
10:24:17.281 [main] DEBUG org.hibernate.type.BasicTypeRegistry - Adding type registration LocalTime -> org.hibernate.type.BasicTypeReference@5488b5c5
10:24:17.281 [main] DEBUG org.hibernate.type.BasicTypeRegistry - Adding type registration java.time.LocalTime -> org.hibernate.type.BasicTypeReference@5488b5c5
10:24:17.281 [main] DEBUG org.hibernate.type.BasicTypeRegistry - Adding type registration OffsetDateTime -> org.hibernate.type.BasicTypeReference@4248ed58
10:24:17.281 [main] DEBUG org.hibernate.type.BasicTypeRegistry - Adding type registration java.time.OffsetDateTime -> org.hibernate.type.BasicTypeReference@4248ed58
10:24:17.281 [main] DEBUG org.hibernate.type.BasicTypeRegistry - Adding type registration OffsetDateTimeWithTimezone -> org.hibernate.type.BasicTypeReference@712ca57b
10:24:17.281 [main] DEBUG org.hibernate.type.BasicTypeRegistry - Adding type registration OffsetDateTimeWithoutTimezone -> org.hibernate.type.BasicTypeReference@4564e94b
10:24:17.281 [main] DEBUG org.hibernate.type.BasicTypeRegistry - Adding type registration OffsetTime -> org.hibernate.type.BasicTypeReference@54534abf
10:24:17.281 [main] DEBUG org.hibernate.type.BasicTypeRegistry - Adding type registration java.time.OffsetTime -> org.hibernate.type.BasicTypeReference@54534abf
10:24:17.281 [main] DEBUG org.hibernate.type.BasicTypeRegistry - Adding type registration OffsetTimeUtc -> org.hibernate.type.BasicTypeReference@51745f40
10:24:17.281 [main] DEBUG org.hibernate.type.BasicTypeRegistry - Adding type registration OffsetTimeWithTimezone -> org.hibernate.type.BasicTypeReference@45673f68
10:24:17.281 [main] DEBUG org.hibernate.type.BasicTypeRegistry - Adding type registration OffsetTimeWithoutTimezone -> org.hibernate.type.BasicTypeReference@27abb83e
10:24:17.281 [main] DEBUG org.hibernate.type.BasicTypeRegistry - Adding type registration ZonedDateTime -> org.hibernate.type.BasicTypeReference@69e308c6
10:24:17.281 [main] DEBUG org.hibernate.type.BasicTypeRegistry - Adding type registration java.time.ZonedDateTime -> org.hibernate.type.BasicTypeReference@69e308c6
10:24:17.281 [main] DEBUG org.hibernate.type.BasicTypeRegistry - Adding type registration ZonedDateTimeWithTimezone -> org.hibernate.type.BasicTypeReference@1a1ed4e5
10:24:17.281 [main] DEBUG org.hibernate.type.BasicTypeRegistry - Adding type registration ZonedDateTimeWithoutTimezone -> org.hibernate.type.BasicTypeReference@667e34b1
10:24:17.281 [main] DEBUG org.hibernate.type.BasicTypeRegistry - Adding type registration date -> org.hibernate.type.BasicTypeReference@1c6e0a08
10:24:17.281 [main] DEBUG org.hibernate.type.BasicTypeRegistry - Adding type registration java.sql.Date -> org.hibernate.type.BasicTypeReference@1c6e0a08
10:24:17.281 [main] DEBUG org.hibernate.type.BasicTypeRegistry - Adding type registration time -> org.hibernate.type.BasicTypeReference@6dba847b
10:24:17.281 [main] DEBUG org.hibernate.type.BasicTypeRegistry - Adding type registration java.sql.Time -> org.hibernate.type.BasicTypeReference@6dba847b
10:24:17.281 [main] DEBUG org.hibernate.type.BasicTypeRegistry - Adding type registration timestamp -> org.hibernate.type.BasicTypeReference@1efdcd5
10:24:17.281 [main] DEBUG org.hibernate.type.BasicTypeRegistry - Adding type registration java.sql.Timestamp -> org.hibernate.type.BasicTypeReference@1efdcd5
10:24:17.281 [main] DEBUG org.hibernate.type.BasicTypeRegistry - Adding type registration java.util.Date -> org.hibernate.type.BasicTypeReference@1efdcd5
10:24:17.281 [main] DEBUG org.hibernate.type.BasicTypeRegistry - Adding type registration calendar -> org.hibernate.type.BasicTypeReference@1623bbe5
10:24:17.281 [main] DEBUG org.hibernate.type.BasicTypeRegistry - Adding type registration java.util.Calendar -> org.hibernate.type.BasicTypeReference@1623bbe5
10:24:17.281 [main] DEBUG org.hibernate.type.BasicTypeRegistry - Adding type registration java.util.GregorianCalendar -> org.hibernate.type.BasicTypeReference@1623bbe5
10:24:17.281 [main] DEBUG org.hibernate.type.BasicTypeRegistry - Adding type registration calendar_date -> org.hibernate.type.BasicTypeReference@7af1cd63
10:24:17.281 [main] DEBUG org.hibernate.type.BasicTypeRegistry - Adding type registration calendar_time -> org.hibernate.type.BasicTypeReference@4351171a
10:24:17.281 [main] DEBUG org.hibernate.type.BasicTypeRegistry - Adding type registration instant -> org.hibernate.type.BasicTypeReference@3c2772d1
10:24:17.281 [main] DEBUG org.hibernate.type.BasicTypeRegistry - Adding type registration java.time.Instant -> org.hibernate.type.BasicTypeReference@3c2772d1
10:24:17.281 [main] DEBUG org.hibernate.type.BasicTypeRegistry - Adding type registration uuid -> org.hibernate.type.BasicTypeReference@37d00a23
10:24:17.281 [main] DEBUG org.hibernate.type.BasicTypeRegistry - Adding type registration java.util.UUID -> org.hibernate.type.BasicTypeReference@37d00a23
10:24:17.281 [main] DEBUG org.hibernate.type.BasicTypeRegistry - Adding type registration pg-uuid -> org.hibernate.type.BasicTypeReference@37d00a23
10:24:17.281 [main] DEBUG org.hibernate.type.BasicTypeRegistry - Adding type registration uuid-binary -> org.hibernate.type.BasicTypeReference@433e536f
10:24:17.281 [main] DEBUG org.hibernate.type.BasicTypeRegistry - Adding type registration uuid-char -> org.hibernate.type.BasicTypeReference@89c65d5
10:24:17.281 [main] DEBUG org.hibernate.type.BasicTypeRegistry - Adding type registration class -> org.hibernate.type.BasicTypeReference@faa3fed
10:24:17.281 [main] DEBUG org.hibernate.type.BasicTypeRegistry - Adding type registration java.lang.Class -> org.hibernate.type.BasicTypeReference@faa3fed
10:24:17.281 [main] DEBUG org.hibernate.type.BasicTypeRegistry - Adding type registration currency -> org.hibernate.type.BasicTypeReference@988246e
10:24:17.281 [main] DEBUG org.hibernate.type.BasicTypeRegistry - Adding type registration Currency -> org.hibernate.type.BasicTypeReference@988246e
10:24:17.281 [main] DEBUG org.hibernate.type.BasicTypeRegistry - Adding type registration java.util.Currency -> org.hibernate.type.BasicTypeReference@988246e
10:24:17.281 [main] DEBUG org.hibernate.type.BasicTypeRegistry - Adding type registration locale -> org.hibernate.type.BasicTypeReference@62515a47
10:24:17.281 [main] DEBUG org.hibernate.type.BasicTypeRegistry - Adding type registration java.util.Locale -> org.hibernate.type.BasicTypeReference@62515a47
10:24:17.281 [main] DEBUG org.hibernate.type.BasicTypeRegistry - Adding type registration serializable -> org.hibernate.type.BasicTypeReference@3c5a54b7
10:24:17.281 [main] DEBUG org.hibernate.type.BasicTypeRegistry - Adding type registration java.io.Serializable -> org.hibernate.type.BasicTypeReference@3c5a54b7
10:24:17.281 [main] DEBUG org.hibernate.type.BasicTypeRegistry - Adding type registration timezone -> org.hibernate.type.BasicTypeReference@61f2c3f0
10:24:17.281 [main] DEBUG org.hibernate.type.BasicTypeRegistry - Adding type registration java.util.TimeZone -> org.hibernate.type.BasicTypeReference@61f2c3f0
10:24:17.281 [main] DEBUG org.hibernate.type.BasicTypeRegistry - Adding type registration ZoneOffset -> org.hibernate.type.BasicTypeReference@291120f4
10:24:17.281 [main] DEBUG org.hibernate.type.BasicTypeRegistry - Adding type registration java.time.ZoneOffset -> org.hibernate.type.BasicTypeReference@291120f4
10:24:17.281 [main] DEBUG org.hibernate.type.BasicTypeRegistry - Adding type registration url -> org.hibernate.type.BasicTypeReference@417ad4f3
10:24:17.281 [main] DEBUG org.hibernate.type.BasicTypeRegistry - Adding type registration java.net.URL -> org.hibernate.type.BasicTypeReference@417ad4f3
10:24:17.281 [main] DEBUG org.hibernate.type.BasicTypeRegistry - Adding type registration vector -> org.hibernate.type.BasicTypeReference@2f6bcf87
10:24:17.281 [main] DEBUG org.hibernate.type.BasicTypeRegistry - Adding type registration row_version -> org.hibernate.type.BasicTypeReference@58f174d9
10:24:17.281 [main] DEBUG org.hibernate.type.BasicTypeRegistry - Adding type registration object -> org.hibernate.type.JavaObjectType@34237b90
10:24:17.281 [main] DEBUG org.hibernate.type.BasicTypeRegistry - Adding type registration java.lang.Object -> org.hibernate.type.JavaObjectType@34237b90
10:24:17.281 [main] DEBUG org.hibernate.type.BasicTypeRegistry - Adding type registration null -> org.hibernate.type.NullType@267bbe1a
10:24:17.281 [main] DEBUG org.hibernate.type.BasicTypeRegistry - Adding type registration imm_date -> org.hibernate.type.BasicTypeReference@145f803a
10:24:17.281 [main] DEBUG org.hibernate.type.BasicTypeRegistry - Adding type registration imm_time -> org.hibernate.type.BasicTypeReference@793dbb07
10:24:17.281 [main] DEBUG org.hibernate.type.BasicTypeRegistry - Adding type registration imm_timestamp -> org.hibernate.type.BasicTypeReference@6e23eb75
10:24:17.281 [main] DEBUG org.hibernate.type.BasicTypeRegistry - Adding type registration imm_calendar -> org.hibernate.type.BasicTypeReference@7344bfb2
10:24:17.281 [main] DEBUG org.hibernate.type.BasicTypeRegistry - Adding type registration imm_calendar_date -> org.hibernate.type.BasicTypeReference@1b72afb0
10:24:17.281 [main] DEBUG org.hibernate.type.BasicTypeRegistry - Adding type registration imm_calendar_time -> org.hibernate.type.BasicTypeReference@f83da5a
10:24:17.281 [main] DEBUG org.hibernate.type.BasicTypeRegistry - Adding type registration imm_binary -> org.hibernate.type.BasicTypeReference@7e0af09c
10:24:17.281 [main] DEBUG org.hibernate.type.BasicTypeRegistry - Adding type registration imm_serializable -> org.hibernate.type.BasicTypeReference@286569c0
10:24:17.283 [main] DEBUG org.hibernate.boot.internal.BootstrapContextImpl - Injecting ScanEnvironment [org.hibernate.jpa.boot.internal.StandardJpaScanEnvironmentImpl@26645c53] into BootstrapContext; was [null]
10:24:17.283 [main] DEBUG org.hibernate.boot.internal.BootstrapContextImpl - Injecting ScanOptions [org.hibernate.boot.archive.scan.internal.StandardScanOptions@37a413cf] into BootstrapContext; was [org.hibernate.boot.archive.scan.internal.StandardScanOptions@1e038bb7]
10:24:17.338 [main] DEBUG org.hibernate.boot.internal.BootstrapContextImpl - Injecting JPA temp ClassLoader [null] into BootstrapContext; was [null]
10:24:17.338 [main] DEBUG org.hibernate.boot.internal.ClassLoaderAccessImpl - ClassLoaderAccessImpl#injectTempClassLoader(null) [was null]
10:24:17.339 [main] INFO org.hibernate.engine.jdbc.connections.internal.ConnectionProviderInitiator - HHH000130: Instantiating explicit connection provider: org.hibernate.hikaricp.internal.HikariCPConnectionProvider
10:24:17.339 [main] DEBUG org.hibernate.hikaricp.internal.HikariCPConnectionProvider - Configuring HikariCP
10:24:17.339 [main] DEBUG com.zaxxer.hikari.HikariConfig - Driver class org.h2.Driver found in Thread context class loader jdk.internal.loader.ClassLoaders$AppClassLoader@70dea4e
10:24:17.339 [main] DEBUG com.zaxxer.hikari.HikariConfig - FRC-PM-HikariCP - configuration:
10:24:17.339 [main] DEBUG com.zaxxer.hikari.HikariConfig - allowPoolSuspension.............false
10:24:17.339 [main] DEBUG com.zaxxer.hikari.HikariConfig - autoCommit......................true
10:24:17.339 [main] DEBUG com.zaxxer.hikari.HikariConfig - catalog.........................none
10:24:17.339 [main] DEBUG com.zaxxer.hikari.HikariConfig - connectionInitSql...............none
10:24:17.340 [main] DEBUG com.zaxxer.hikari.HikariConfig - connectionTestQuery.............none
10:24:17.340 [main] DEBUG com.zaxxer.hikari.HikariConfig - connectionTimeout...............10000
10:24:17.340 [main] DEBUG com.zaxxer.hikari.HikariConfig - dataSource......................none
10:24:17.340 [main] DEBUG com.zaxxer.hikari.HikariConfig - dataSourceClassName.............none
10:24:17.340 [main] DEBUG com.zaxxer.hikari.HikariConfig - dataSourceJNDI..................none
10:24:17.340 [main] DEBUG com.zaxxer.hikari.HikariConfig - dataSourceProperties............{password=<masked>}
10:24:17.340 [main] DEBUG com.zaxxer.hikari.HikariConfig - driverClassName................."org.h2.Driver"
10:24:17.340 [main] DEBUG com.zaxxer.hikari.HikariConfig - exceptionOverrideClassName......none
10:24:17.340 [main] DEBUG com.zaxxer.hikari.HikariConfig - healthCheckProperties...........{}
10:24:17.340 [main] DEBUG com.zaxxer.hikari.HikariConfig - healthCheckRegistry.............none
10:24:17.340 [main] DEBUG com.zaxxer.hikari.HikariConfig - idleTimeout.....................30000
10:24:17.340 [main] DEBUG com.zaxxer.hikari.HikariConfig - initializationFailTimeout.......1
10:24:17.340 [main] DEBUG com.zaxxer.hikari.HikariConfig - isolateInternalQueries..........false
10:24:17.340 [main] DEBUG com.zaxxer.hikari.HikariConfig - jdbcUrl.........................jdbc:h2:file:C:\Users\dhiebert\.frcpm\frcpm
10:24:17.340 [main] DEBUG com.zaxxer.hikari.HikariConfig - keepaliveTime...................0
10:24:17.340 [main] DEBUG com.zaxxer.hikari.HikariConfig - leakDetectionThreshold..........0
10:24:17.340 [main] DEBUG com.zaxxer.hikari.HikariConfig - maxLifetime.....................1800000
10:24:17.340 [main] DEBUG com.zaxxer.hikari.HikariConfig - maximumPoolSize.................10
10:24:17.340 [main] DEBUG com.zaxxer.hikari.HikariConfig - metricRegistry..................none
10:24:17.340 [main] DEBUG com.zaxxer.hikari.HikariConfig - metricsTrackerFactory...........none
10:24:17.340 [main] DEBUG com.zaxxer.hikari.HikariConfig - minimumIdle.....................2
10:24:17.340 [main] DEBUG com.zaxxer.hikari.HikariConfig - password........................<masked>
10:24:17.340 [main] DEBUG com.zaxxer.hikari.HikariConfig - poolName........................"FRC-PM-HikariCP"
10:24:17.340 [main] DEBUG com.zaxxer.hikari.HikariConfig - readOnly........................false
10:24:17.340 [main] DEBUG com.zaxxer.hikari.HikariConfig - registerMbeans..................false
10:24:17.340 [main] DEBUG com.zaxxer.hikari.HikariConfig - scheduledExecutor...............none
10:24:17.340 [main] DEBUG com.zaxxer.hikari.HikariConfig - schema..........................none
10:24:17.340 [main] DEBUG com.zaxxer.hikari.HikariConfig - threadFactory...................internal
10:24:17.340 [main] DEBUG com.zaxxer.hikari.HikariConfig - transactionIsolation............default
10:24:17.340 [main] DEBUG com.zaxxer.hikari.HikariConfig - username........................"sa"
10:24:17.340 [main] DEBUG com.zaxxer.hikari.HikariConfig - validationTimeout...............5000
10:24:17.340 [main] INFO com.zaxxer.hikari.HikariDataSource - FRC-PM-HikariCP - Starting...
10:24:17.360 [main] INFO com.zaxxer.hikari.pool.HikariPool - FRC-PM-HikariCP - Added connection conn24: url=jdbc:h2:file:C:\Users\dhiebert\.frcpm\frcpm user=SA
10:24:17.360 [main] INFO com.zaxxer.hikari.HikariDataSource - FRC-PM-HikariCP - Start completed.
10:24:17.360 [main] DEBUG org.hibernate.hikaricp.internal.HikariCPConnectionProvider - HikariCP Configured
10:24:17.360 [main] DEBUG org.hibernate.engine.jdbc.env.internal.JdbcEnvironmentInitiator - Database ->
	   name : H2
	version : 2.2.224 (2023-09-17)
	  major : 2
	  minor : 2
10:24:17.360 [main] DEBUG org.hibernate.engine.jdbc.env.internal.JdbcEnvironmentInitiator - Driver ->
	   name : H2 JDBC Driver
	version : 2.2.224 (2023-09-17)
	  major : 2
	  minor : 2
10:24:17.360 [main] DEBUG org.hibernate.engine.jdbc.env.internal.JdbcEnvironmentInitiator - JDBC version : 4.2
10:24:17.361 [main] WARN org.hibernate.orm.deprecation - HHH90000025: H2Dialect does not need to be specified explicitly using 'hibernate.dialect' (remove the property setting and it will be selected by default)
10:24:17.361 [main] DEBUG org.hibernate.orm.dialect - HHH035001: Using dialect: org.hibernate.dialect.H2Dialect, version: 2.2.224
10:24:17.361 [main] DEBUG org.hibernate.engine.jdbc.env.spi.IdentifierHelperBuilder - JDBC driver metadata reported database stores quoted identifiers in neither upper, lower nor mixed case
10:24:17.361 [main] DEBUG org.hibernate.type.descriptor.jdbc.spi.JdbcTypeRegistry - addDescriptor(NCharTypeDescriptor) replaced previous registration(CharTypeDescriptor)
10:24:17.361 [main] DEBUG org.hibernate.type.descriptor.jdbc.spi.JdbcTypeRegistry - addDescriptor(NVarcharTypeDescriptor) replaced previous registration(VarcharTypeDescriptor)
10:24:17.361 [main] DEBUG org.hibernate.type.descriptor.jdbc.spi.JdbcTypeRegistry - addDescriptor(LongNVarcharTypeDescriptor) replaced previous registration(LongVarcharTypeDescriptor)
10:24:17.361 [main] DEBUG org.hibernate.type.descriptor.jdbc.spi.JdbcTypeRegistry - addDescriptor(NClobTypeDescriptor(DEFAULT)) replaced previous registration(ClobTypeDescriptor(DEFAULT))
10:24:17.361 [main] DEBUG org.hibernate.type.descriptor.jdbc.spi.JdbcTypeRegistry - addDescriptor(2005, ClobTypeDescriptor(STREAM_BINDING)) replaced previous registration(ClobTypeDescriptor(DEFAULT))
10:24:17.361 [main] DEBUG org.hibernate.type.descriptor.jdbc.spi.JdbcTypeRegistry - addDescriptor(TimestampUtcDescriptor) replaced previous registration(TimestampUtcDescriptor)
10:24:17.361 [main] DEBUG org.hibernate.type.BasicTypeRegistry - Adding type registration org.hibernate.type.DurationType -> basicType@278(java.time.Duration,3015)
10:24:17.361 [main] DEBUG org.hibernate.type.BasicTypeRegistry - Adding type registration Duration -> basicType@278(java.time.Duration,3015)
10:24:17.361 [main] DEBUG org.hibernate.type.BasicTypeRegistry - Adding type registration java.time.Duration -> basicType@278(java.time.Duration,3015)
10:24:17.361 [main] DEBUG org.hibernate.type.spi.TypeConfiguration$Scope - Scoping TypeConfiguration [org.hibernate.type.spi.TypeConfiguration@173e0465] to MetadataBuildingContext [org.hibernate.boot.internal.MetadataBuildingContextRootImpl@3095a740]
10:24:17.362 [main] DEBUG org.hibernate.boot.model.relational.Namespace - Created database namespace [logicalName=Name{catalog=null, schema=null}, physicalName=Name{catalog=null, schema=null}]
10:24:17.363 [main] DEBUG org.hibernate.boot.model.internal.EntityBinder - Binding entity from annotated class: org.frcpm.models.Attendance
10:24:17.363 [main] DEBUG org.hibernate.boot.model.internal.EntityBinder - Import with entity name Attendance
10:24:17.363 [main] DEBUG org.hibernate.boot.model.internal.EntityBinder - Bind entity org.frcpm.models.Attendance on table attendances
10:24:17.363 [main] DEBUG org.hibernate.boot.model.internal.AnnotatedColumn - Binding column: AnnotatedDiscriminatorColumn(column='DTYPE')
10:24:17.363 [main] DEBUG org.hibernate.boot.model.internal.AnnotatedColumn - Binding column: AnnotatedColumn()
10:24:17.363 [main] DEBUG org.hibernate.boot.internal.ClassLoaderAccessImpl - Not known whether passed class name [org.frcpm.models.Attendance] is safe
10:24:17.363 [main] DEBUG org.hibernate.boot.internal.ClassLoaderAccessImpl - No temp ClassLoader provided; using live ClassLoader for loading potentially unsafe class : org.frcpm.models.Attendance
10:24:17.363 [main] DEBUG org.hibernate.boot.model.internal.PropertyBinder - MetadataSourceProcessor property id with lazy=false
10:24:17.363 [main] DEBUG org.hibernate.boot.model.internal.AbstractPropertyHolder - Attempting to locate auto-apply AttributeConverter for property [org.frcpm.models.Attendance:id]
10:24:17.364 [main] DEBUG org.hibernate.boot.model.internal.BasicValueBinder - building BasicValue for id
10:24:17.364 [main] DEBUG org.hibernate.mapping.BasicValue - Skipping column re-registration: attendances.id
10:24:17.364 [main] DEBUG org.hibernate.boot.model.internal.PropertyBinder - Building property id
10:24:17.364 [main] DEBUG org.hibernate.boot.model.internal.BinderHelper - #makeIdGenerator(BasicValue([Column(id)]), id, identity, , ...)
10:24:17.364 [main] DEBUG org.hibernate.boot.model.internal.AnnotatedColumn - Binding column: AnnotatedColumn(column='arrival_time')
10:24:17.364 [main] DEBUG org.hibernate.boot.model.internal.PropertyBinder - MetadataSourceProcessor property arrivalTime with lazy=false
10:24:17.364 [main] DEBUG org.hibernate.boot.model.internal.AbstractPropertyHolder - Attempting to locate auto-apply AttributeConverter for property [org.frcpm.models.Attendance:arrivalTime]
10:24:17.364 [main] DEBUG org.hibernate.boot.model.internal.BasicValueBinder - building BasicValue for arrivalTime
10:24:17.364 [main] DEBUG org.hibernate.mapping.BasicValue - Skipping column re-registration: attendances.arrival_time
10:24:17.364 [main] DEBUG org.hibernate.boot.model.internal.PropertyBinder - Building property arrivalTime
10:24:17.364 [main] DEBUG org.hibernate.boot.model.internal.AnnotatedColumn - Binding column: AnnotatedColumn(column='departure_time')
10:24:17.364 [main] DEBUG org.hibernate.boot.model.internal.PropertyBinder - MetadataSourceProcessor property departureTime with lazy=false
10:24:17.364 [main] DEBUG org.hibernate.boot.model.internal.AbstractPropertyHolder - Attempting to locate auto-apply AttributeConverter for property [org.frcpm.models.Attendance:departureTime]
10:24:17.364 [main] DEBUG org.hibernate.boot.model.internal.BasicValueBinder - building BasicValue for departureTime
10:24:17.364 [main] DEBUG org.hibernate.mapping.BasicValue - Skipping column re-registration: attendances.departure_time
10:24:17.364 [main] DEBUG org.hibernate.boot.model.internal.PropertyBinder - Building property departureTime
10:24:17.364 [main] DEBUG org.hibernate.boot.model.internal.AnnotatedColumn - Binding column: AnnotatedJoinColumn(column='meeting_id')
10:24:17.364 [main] DEBUG org.hibernate.boot.model.internal.AnnotatedColumn - Binding column: AnnotatedColumn()
10:24:17.364 [main] DEBUG org.hibernate.boot.model.internal.PropertyBinder - Building property meeting
10:24:17.364 [main] DEBUG org.hibernate.boot.model.internal.AnnotatedColumn - Binding column: AnnotatedJoinColumn(column='member_id')
10:24:17.364 [main] DEBUG org.hibernate.boot.model.internal.AnnotatedColumn - Binding column: AnnotatedColumn()
10:24:17.364 [main] DEBUG org.hibernate.boot.model.internal.PropertyBinder - Building property member
10:24:17.364 [main] DEBUG org.hibernate.boot.model.internal.AnnotatedColumn - Binding column: AnnotatedColumn(column='present')
10:24:17.364 [main] DEBUG org.hibernate.boot.model.internal.PropertyBinder - MetadataSourceProcessor property present with lazy=false
10:24:17.364 [main] DEBUG org.hibernate.boot.model.internal.AbstractPropertyHolder - Attempting to locate auto-apply AttributeConverter for property [org.frcpm.models.Attendance:present]
10:24:17.364 [main] DEBUG org.hibernate.boot.model.internal.BasicValueBinder - building BasicValue for present
10:24:17.364 [main] DEBUG org.hibernate.mapping.BasicValue - Skipping column re-registration: attendances.present
10:24:17.364 [main] DEBUG org.hibernate.boot.model.internal.PropertyBinder - Building property present
10:24:17.365 [main] DEBUG org.hibernate.boot.registry.classloading.internal.ClassLoaderServiceImpl - HHH000194: Package not found or no package-info.java: org.frcpm.models
10:24:17.365 [main] DEBUG org.hibernate.boot.model.internal.EntityBinder - Binding entity from annotated class: org.frcpm.models.Meeting
10:24:17.365 [main] DEBUG org.hibernate.boot.model.internal.EntityBinder - Import with entity name Meeting
10:24:17.365 [main] DEBUG org.hibernate.boot.model.internal.EntityBinder - Bind entity org.frcpm.models.Meeting on table meetings
10:24:17.365 [main] DEBUG org.hibernate.boot.model.internal.AnnotatedColumn - Binding column: AnnotatedDiscriminatorColumn(column='DTYPE')
10:24:17.365 [main] DEBUG org.hibernate.boot.model.internal.AnnotatedColumn - Binding column: AnnotatedColumn()
10:24:17.365 [main] DEBUG org.hibernate.boot.internal.ClassLoaderAccessImpl - Not known whether passed class name [org.frcpm.models.Meeting] is safe
10:24:17.365 [main] DEBUG org.hibernate.boot.internal.ClassLoaderAccessImpl - No temp ClassLoader provided; using live ClassLoader for loading potentially unsafe class : org.frcpm.models.Meeting
10:24:17.365 [main] DEBUG org.hibernate.boot.model.internal.PropertyBinder - MetadataSourceProcessor property id with lazy=false
10:24:17.365 [main] DEBUG org.hibernate.boot.model.internal.AbstractPropertyHolder - Attempting to locate auto-apply AttributeConverter for property [org.frcpm.models.Meeting:id]
10:24:17.365 [main] DEBUG org.hibernate.boot.model.internal.BasicValueBinder - building BasicValue for id
10:24:17.365 [main] DEBUG org.hibernate.mapping.BasicValue - Skipping column re-registration: meetings.id
10:24:17.365 [main] DEBUG org.hibernate.boot.model.internal.PropertyBinder - Building property id
10:24:17.365 [main] DEBUG org.hibernate.boot.model.internal.BinderHelper - #makeIdGenerator(BasicValue([Column(id)]), id, identity, , ...)
10:24:17.365 [main] DEBUG org.hibernate.boot.model.internal.AnnotatedColumn - Binding column: AnnotatedJoinColumn()
10:24:17.365 [main] DEBUG org.hibernate.boot.model.internal.AnnotatedColumn - Binding column: AnnotatedColumn()
10:24:17.365 [main] DEBUG org.hibernate.boot.model.internal.AnnotatedColumn - Binding column: IndexColumn(column='attendances_ORDER')
10:24:17.365 [main] DEBUG org.hibernate.boot.model.internal.AnnotatedColumn - Binding column: AnnotatedColumn()
10:24:17.365 [main] DEBUG org.hibernate.boot.model.internal.AnnotatedColumn - Binding column: AnnotatedColumn(column='attendances_KEY')
10:24:17.365 [main] DEBUG org.hibernate.boot.model.internal.AnnotatedColumn - Binding column: AnnotatedJoinColumn(column='attendances_KEY')
10:24:17.365 [main] DEBUG org.hibernate.boot.model.internal.AnnotatedColumn - Binding column: AnnotatedJoinColumn()
10:24:17.365 [main] DEBUG org.hibernate.boot.model.internal.AnnotatedColumn - Binding column: AnnotatedJoinColumn()
10:24:17.365 [main] DEBUG org.hibernate.boot.model.internal.CollectionBinder - Collection role: org.frcpm.models.Meeting.attendances
10:24:17.365 [main] DEBUG org.hibernate.boot.model.internal.PropertyBinder - Building property attendances
10:24:17.365 [main] DEBUG org.hibernate.boot.model.internal.AnnotatedColumn - Binding column: AnnotatedColumn(column='date')
10:24:17.365 [main] DEBUG org.hibernate.boot.model.internal.PropertyBinder - MetadataSourceProcessor property date with lazy=false
10:24:17.365 [main] DEBUG org.hibernate.boot.model.internal.AbstractPropertyHolder - Attempting to locate auto-apply AttributeConverter for property [org.frcpm.models.Meeting:date]
10:24:17.365 [main] DEBUG org.hibernate.boot.model.internal.BasicValueBinder - building BasicValue for date
10:24:17.365 [main] DEBUG org.hibernate.mapping.BasicValue - Skipping column re-registration: meetings.date
10:24:17.365 [main] DEBUG org.hibernate.boot.model.internal.PropertyBinder - Building property date
10:24:17.365 [main] DEBUG org.hibernate.boot.model.internal.AnnotatedColumn - Binding column: AnnotatedColumn(column='end_time')
10:24:17.365 [main] DEBUG org.hibernate.boot.model.internal.PropertyBinder - MetadataSourceProcessor property endTime with lazy=false
10:24:17.365 [main] DEBUG org.hibernate.boot.model.internal.AbstractPropertyHolder - Attempting to locate auto-apply AttributeConverter for property [org.frcpm.models.Meeting:endTime]
10:24:17.365 [main] DEBUG org.hibernate.boot.model.internal.BasicValueBinder - building BasicValue for endTime
10:24:17.365 [main] DEBUG org.hibernate.mapping.BasicValue - Skipping column re-registration: meetings.end_time
10:24:17.365 [main] DEBUG org.hibernate.boot.model.internal.PropertyBinder - Building property endTime
10:24:17.365 [main] DEBUG org.hibernate.boot.model.internal.AnnotatedColumn - Binding column: AnnotatedColumn(column='notes')
10:24:17.365 [main] DEBUG org.hibernate.boot.model.internal.PropertyBinder - MetadataSourceProcessor property notes with lazy=false
10:24:17.365 [main] DEBUG org.hibernate.boot.model.internal.AbstractPropertyHolder - Attempting to locate auto-apply AttributeConverter for property [org.frcpm.models.Meeting:notes]
10:24:17.365 [main] DEBUG org.hibernate.boot.model.internal.BasicValueBinder - building BasicValue for notes
10:24:17.365 [main] DEBUG org.hibernate.mapping.BasicValue - Skipping column re-registration: meetings.notes
10:24:17.365 [main] DEBUG org.hibernate.boot.model.internal.PropertyBinder - Building property notes
10:24:17.366 [main] DEBUG org.hibernate.boot.model.internal.AnnotatedColumn - Binding column: AnnotatedJoinColumn(column='project_id')
10:24:17.366 [main] DEBUG org.hibernate.boot.model.internal.AnnotatedColumn - Binding column: AnnotatedColumn()
10:24:17.366 [main] DEBUG org.hibernate.boot.model.internal.PropertyBinder - Building property project
10:24:17.366 [main] DEBUG org.hibernate.boot.model.internal.AnnotatedColumn - Binding column: AnnotatedColumn(column='start_time')
10:24:17.366 [main] DEBUG org.hibernate.boot.model.internal.PropertyBinder - MetadataSourceProcessor property startTime with lazy=false
10:24:17.366 [main] DEBUG org.hibernate.boot.model.internal.AbstractPropertyHolder - Attempting to locate auto-apply AttributeConverter for property [org.frcpm.models.Meeting:startTime]
10:24:17.366 [main] DEBUG org.hibernate.boot.model.internal.BasicValueBinder - building BasicValue for startTime
10:24:17.366 [main] DEBUG org.hibernate.mapping.BasicValue - Skipping column re-registration: meetings.start_time
10:24:17.366 [main] DEBUG org.hibernate.boot.model.internal.PropertyBinder - Building property startTime
10:24:17.366 [main] DEBUG org.hibernate.boot.registry.classloading.internal.ClassLoaderServiceImpl - HHH000194: Package not found or no package-info.java: org.frcpm.models
10:24:17.366 [main] DEBUG org.hibernate.boot.model.internal.EntityBinder - Binding entity from annotated class: org.frcpm.models.Subsystem
10:24:17.366 [main] DEBUG org.hibernate.boot.model.internal.EntityBinder - Import with entity name Subsystem
10:24:17.366 [main] DEBUG org.hibernate.boot.model.internal.EntityBinder - Bind entity org.frcpm.models.Subsystem on table subsystems
10:24:17.366 [main] DEBUG org.hibernate.boot.model.internal.AnnotatedColumn - Binding column: AnnotatedDiscriminatorColumn(column='DTYPE')
10:24:17.366 [main] DEBUG org.hibernate.boot.model.internal.AnnotatedColumn - Binding column: AnnotatedColumn()
10:24:17.366 [main] DEBUG org.hibernate.boot.internal.ClassLoaderAccessImpl - Not known whether passed class name [org.frcpm.models.Subsystem] is safe
10:24:17.366 [main] DEBUG org.hibernate.boot.internal.ClassLoaderAccessImpl - No temp ClassLoader provided; using live ClassLoader for loading potentially unsafe class : org.frcpm.models.Subsystem
10:24:17.366 [main] DEBUG org.hibernate.boot.model.internal.PropertyBinder - MetadataSourceProcessor property id with lazy=false
10:24:17.366 [main] DEBUG org.hibernate.boot.model.internal.AbstractPropertyHolder - Attempting to locate auto-apply AttributeConverter for property [org.frcpm.models.Subsystem:id]
10:24:17.366 [main] DEBUG org.hibernate.boot.model.internal.BasicValueBinder - building BasicValue for id
10:24:17.366 [main] DEBUG org.hibernate.mapping.BasicValue - Skipping column re-registration: subsystems.id
10:24:17.366 [main] DEBUG org.hibernate.boot.model.internal.PropertyBinder - Building property id
10:24:17.366 [main] DEBUG org.hibernate.boot.model.internal.BinderHelper - #makeIdGenerator(BasicValue([Column(id)]), id, identity, , ...)
10:24:17.366 [main] DEBUG org.hibernate.boot.model.internal.AnnotatedColumn - Binding column: AnnotatedColumn(column='description')
10:24:17.366 [main] DEBUG org.hibernate.boot.model.internal.PropertyBinder - MetadataSourceProcessor property description with lazy=false
10:24:17.366 [main] DEBUG org.hibernate.boot.model.internal.AbstractPropertyHolder - Attempting to locate auto-apply AttributeConverter for property [org.frcpm.models.Subsystem:description]
10:24:17.366 [main] DEBUG org.hibernate.boot.model.internal.BasicValueBinder - building BasicValue for description
10:24:17.366 [main] DEBUG org.hibernate.mapping.BasicValue - Skipping column re-registration: subsystems.description
10:24:17.366 [main] DEBUG org.hibernate.boot.model.internal.PropertyBinder - Building property description
10:24:17.366 [main] DEBUG org.hibernate.boot.model.internal.AnnotatedColumn - Binding column: AnnotatedColumn(column='name')
10:24:17.366 [main] DEBUG org.hibernate.boot.model.internal.PropertyBinder - MetadataSourceProcessor property name with lazy=false
10:24:17.366 [main] DEBUG org.hibernate.boot.model.internal.AbstractPropertyHolder - Attempting to locate auto-apply AttributeConverter for property [org.frcpm.models.Subsystem:name]
10:24:17.366 [main] DEBUG org.hibernate.boot.model.internal.BasicValueBinder - building BasicValue for name
10:24:17.366 [main] DEBUG org.hibernate.mapping.BasicValue - Skipping column re-registration: subsystems.name
10:24:17.366 [main] DEBUG org.hibernate.boot.model.internal.PropertyBinder - Building property name
10:24:17.366 [main] DEBUG org.hibernate.boot.model.internal.AnnotatedColumn - Binding column: AnnotatedJoinColumn(column='responsible_subteam_id')
10:24:17.366 [main] DEBUG org.hibernate.boot.model.internal.AnnotatedColumn - Binding column: AnnotatedColumn()
10:24:17.366 [main] DEBUG org.hibernate.boot.model.internal.PropertyBinder - Building property responsibleSubteam
10:24:17.366 [main] DEBUG org.hibernate.boot.model.internal.AnnotatedColumn - Binding column: AnnotatedColumn(column='status')
10:24:17.366 [main] DEBUG org.hibernate.boot.model.internal.PropertyBinder - MetadataSourceProcessor property status with lazy=false
10:24:17.366 [main] DEBUG org.hibernate.boot.model.internal.AbstractPropertyHolder - Attempting to locate auto-apply AttributeConverter for property [org.frcpm.models.Subsystem:status]
10:24:17.366 [main] DEBUG org.hibernate.boot.model.internal.BasicValueBinder - building BasicValue for status
10:24:17.366 [main] DEBUG org.hibernate.mapping.BasicValue - Skipping column re-registration: subsystems.status
10:24:17.366 [main] DEBUG org.hibernate.boot.model.internal.PropertyBinder - Building property status
10:24:17.366 [main] DEBUG org.hibernate.boot.model.internal.AnnotatedColumn - Binding column: AnnotatedJoinColumn()
10:24:17.366 [main] DEBUG org.hibernate.boot.model.internal.AnnotatedColumn - Binding column: AnnotatedColumn()
10:24:17.366 [main] DEBUG org.hibernate.boot.model.internal.AnnotatedColumn - Binding column: IndexColumn(column='tasks_ORDER')
10:24:17.366 [main] DEBUG org.hibernate.boot.model.internal.AnnotatedColumn - Binding column: AnnotatedColumn()
10:24:17.366 [main] DEBUG org.hibernate.boot.model.internal.AnnotatedColumn - Binding column: AnnotatedColumn(column='tasks_KEY')
10:24:17.366 [main] DEBUG org.hibernate.boot.model.internal.AnnotatedColumn - Binding column: AnnotatedJoinColumn(column='tasks_KEY')
10:24:17.366 [main] DEBUG org.hibernate.boot.model.internal.AnnotatedColumn - Binding column: AnnotatedJoinColumn()
10:24:17.366 [main] DEBUG org.hibernate.boot.model.internal.AnnotatedColumn - Binding column: AnnotatedJoinColumn()
10:24:17.366 [main] DEBUG org.hibernate.boot.model.internal.CollectionBinder - Collection role: org.frcpm.models.Subsystem.tasks
10:24:17.366 [main] DEBUG org.hibernate.boot.model.internal.PropertyBinder - Building property tasks
10:24:17.367 [main] DEBUG org.hibernate.boot.registry.classloading.internal.ClassLoaderServiceImpl - HHH000194: Package not found or no package-info.java: org.frcpm.models
10:24:17.367 [main] DEBUG org.hibernate.boot.model.internal.EntityBinder - Binding entity from annotated class: org.frcpm.models.Component
10:24:17.367 [main] DEBUG org.hibernate.boot.model.internal.EntityBinder - Import with entity name Component
10:24:17.367 [main] DEBUG org.hibernate.boot.model.internal.EntityBinder - Bind entity org.frcpm.models.Component on table components
10:24:17.367 [main] DEBUG org.hibernate.boot.model.internal.AnnotatedColumn - Binding column: AnnotatedDiscriminatorColumn(column='DTYPE')
10:24:17.367 [main] DEBUG org.hibernate.boot.model.internal.AnnotatedColumn - Binding column: AnnotatedColumn()
10:24:17.367 [main] DEBUG org.hibernate.boot.internal.ClassLoaderAccessImpl - Not known whether passed class name [org.frcpm.models.Component] is safe
10:24:17.367 [main] DEBUG org.hibernate.boot.internal.ClassLoaderAccessImpl - No temp ClassLoader provided; using live ClassLoader for loading potentially unsafe class : org.frcpm.models.Component
10:24:17.367 [main] DEBUG org.hibernate.boot.model.internal.PropertyBinder - MetadataSourceProcessor property id with lazy=false
10:24:17.367 [main] DEBUG org.hibernate.boot.model.internal.AbstractPropertyHolder - Attempting to locate auto-apply AttributeConverter for property [org.frcpm.models.Component:id]
10:24:17.367 [main] DEBUG org.hibernate.boot.model.internal.BasicValueBinder - building BasicValue for id
10:24:17.367 [main] DEBUG org.hibernate.mapping.BasicValue - Skipping column re-registration: components.id
10:24:17.367 [main] DEBUG org.hibernate.boot.model.internal.PropertyBinder - Building property id
10:24:17.367 [main] DEBUG org.hibernate.boot.model.internal.BinderHelper - #makeIdGenerator(BasicValue([Column(id)]), id, identity, , ...)
10:24:17.367 [main] DEBUG org.hibernate.boot.model.internal.AnnotatedColumn - Binding column: AnnotatedColumn(column='actual_delivery')
10:24:17.367 [main] DEBUG org.hibernate.boot.model.internal.PropertyBinder - MetadataSourceProcessor property actualDelivery with lazy=false
10:24:17.367 [main] DEBUG org.hibernate.boot.model.internal.AbstractPropertyHolder - Attempting to locate auto-apply AttributeConverter for property [org.frcpm.models.Component:actualDelivery]
10:24:17.367 [main] DEBUG org.hibernate.boot.model.internal.BasicValueBinder - building BasicValue for actualDelivery
10:24:17.367 [main] DEBUG org.hibernate.mapping.BasicValue - Skipping column re-registration: components.actual_delivery
10:24:17.367 [main] DEBUG org.hibernate.boot.model.internal.PropertyBinder - Building property actualDelivery
10:24:17.367 [main] DEBUG org.hibernate.boot.model.internal.AnnotatedColumn - Binding column: AnnotatedColumn(column='is_delivered')
10:24:17.367 [main] DEBUG org.hibernate.boot.model.internal.PropertyBinder - MetadataSourceProcessor property delivered with lazy=false
10:24:17.367 [main] DEBUG org.hibernate.boot.model.internal.AbstractPropertyHolder - Attempting to locate auto-apply AttributeConverter for property [org.frcpm.models.Component:delivered]
10:24:17.367 [main] DEBUG org.hibernate.boot.model.internal.BasicValueBinder - building BasicValue for delivered
10:24:17.367 [main] DEBUG org.hibernate.mapping.BasicValue - Skipping column re-registration: components.is_delivered
10:24:17.367 [main] DEBUG org.hibernate.boot.model.internal.PropertyBinder - Building property delivered
10:24:17.367 [main] DEBUG org.hibernate.boot.model.internal.AnnotatedColumn - Binding column: AnnotatedColumn(column='description')
10:24:17.367 [main] DEBUG org.hibernate.boot.model.internal.PropertyBinder - MetadataSourceProcessor property description with lazy=false
10:24:17.367 [main] DEBUG org.hibernate.boot.model.internal.AbstractPropertyHolder - Attempting to locate auto-apply AttributeConverter for property [org.frcpm.models.Component:description]
10:24:17.367 [main] DEBUG org.hibernate.boot.model.internal.BasicValueBinder - building BasicValue for description
10:24:17.367 [main] DEBUG org.hibernate.mapping.BasicValue - Skipping column re-registration: components.description
10:24:17.367 [main] DEBUG org.hibernate.boot.model.internal.PropertyBinder - Building property description
10:24:17.367 [main] DEBUG org.hibernate.boot.model.internal.AnnotatedColumn - Binding column: AnnotatedColumn(column='expected_delivery')
10:24:17.367 [main] DEBUG org.hibernate.boot.model.internal.PropertyBinder - MetadataSourceProcessor property expectedDelivery with lazy=false
10:24:17.367 [main] DEBUG org.hibernate.boot.model.internal.AbstractPropertyHolder - Attempting to locate auto-apply AttributeConverter for property [org.frcpm.models.Component:expectedDelivery]
10:24:17.367 [main] DEBUG org.hibernate.boot.model.internal.BasicValueBinder - building BasicValue for expectedDelivery
10:24:17.367 [main] DEBUG org.hibernate.mapping.BasicValue - Skipping column re-registration: components.expected_delivery
10:24:17.367 [main] DEBUG org.hibernate.boot.model.internal.PropertyBinder - Building property expectedDelivery
10:24:17.367 [main] DEBUG org.hibernate.boot.model.internal.AnnotatedColumn - Binding column: AnnotatedColumn(column='name')
10:24:17.367 [main] DEBUG org.hibernate.boot.model.internal.PropertyBinder - MetadataSourceProcessor property name with lazy=false
10:24:17.367 [main] DEBUG org.hibernate.boot.model.internal.AbstractPropertyHolder - Attempting to locate auto-apply AttributeConverter for property [org.frcpm.models.Component:name]
10:24:17.367 [main] DEBUG org.hibernate.boot.model.internal.BasicValueBinder - building BasicValue for name
10:24:17.367 [main] DEBUG org.hibernate.mapping.BasicValue - Skipping column re-registration: components.name
10:24:17.367 [main] DEBUG org.hibernate.boot.model.internal.PropertyBinder - Building property name
10:24:17.367 [main] DEBUG org.hibernate.boot.model.internal.AnnotatedColumn - Binding column: AnnotatedColumn(column='part_number')
10:24:17.367 [main] DEBUG org.hibernate.boot.model.internal.PropertyBinder - MetadataSourceProcessor property partNumber with lazy=false
10:24:17.367 [main] DEBUG org.hibernate.boot.model.internal.AbstractPropertyHolder - Attempting to locate auto-apply AttributeConverter for property [org.frcpm.models.Component:partNumber]
10:24:17.367 [main] DEBUG org.hibernate.boot.model.internal.BasicValueBinder - building BasicValue for partNumber
10:24:17.367 [main] DEBUG org.hibernate.mapping.BasicValue - Skipping column re-registration: components.part_number
10:24:17.367 [main] DEBUG org.hibernate.boot.model.internal.PropertyBinder - Building property partNumber
10:24:17.367 [main] DEBUG org.hibernate.boot.model.internal.AnnotatedColumn - Binding column: IndexColumn(column='requiredForTasks_ORDER')
10:24:17.367 [main] DEBUG org.hibernate.boot.model.internal.AnnotatedColumn - Binding column: AnnotatedColumn()
10:24:17.367 [main] DEBUG org.hibernate.boot.model.internal.AnnotatedColumn - Binding column: AnnotatedColumn(column='requiredForTasks_KEY')
10:24:17.367 [main] DEBUG org.hibernate.boot.model.internal.AnnotatedColumn - Binding column: AnnotatedJoinColumn(column='requiredForTasks_KEY')
10:24:17.367 [main] DEBUG org.hibernate.boot.model.internal.AnnotatedColumn - Binding column: AnnotatedJoinColumn()
10:24:17.367 [main] DEBUG org.hibernate.boot.model.internal.AnnotatedColumn - Binding column: AnnotatedJoinColumn()
10:24:17.367 [main] DEBUG org.hibernate.boot.model.internal.CollectionBinder - Collection role: org.frcpm.models.Component.requiredForTasks
10:24:17.368 [main] DEBUG org.hibernate.boot.model.internal.PropertyBinder - Building property requiredForTasks
10:24:17.368 [main] DEBUG org.hibernate.boot.registry.classloading.internal.ClassLoaderServiceImpl - HHH000194: Package not found or no package-info.java: org.frcpm.models
10:24:17.368 [main] DEBUG org.hibernate.boot.model.internal.EntityBinder - Binding entity from annotated class: org.frcpm.models.Milestone
10:24:17.368 [main] DEBUG org.hibernate.boot.model.internal.EntityBinder - Import with entity name Milestone
10:24:17.368 [main] DEBUG org.hibernate.boot.model.internal.EntityBinder - Bind entity org.frcpm.models.Milestone on table milestones
10:24:17.368 [main] DEBUG org.hibernate.boot.model.internal.AnnotatedColumn - Binding column: AnnotatedDiscriminatorColumn(column='DTYPE')
10:24:17.368 [main] DEBUG org.hibernate.boot.model.internal.AnnotatedColumn - Binding column: AnnotatedColumn()
10:24:17.368 [main] DEBUG org.hibernate.boot.internal.ClassLoaderAccessImpl - Not known whether passed class name [org.frcpm.models.Milestone] is safe
10:24:17.368 [main] DEBUG org.hibernate.boot.internal.ClassLoaderAccessImpl - No temp ClassLoader provided; using live ClassLoader for loading potentially unsafe class : org.frcpm.models.Milestone
10:24:17.368 [main] DEBUG org.hibernate.boot.model.internal.PropertyBinder - MetadataSourceProcessor property id with lazy=false
10:24:17.368 [main] DEBUG org.hibernate.boot.model.internal.AbstractPropertyHolder - Attempting to locate auto-apply AttributeConverter for property [org.frcpm.models.Milestone:id]
10:24:17.368 [main] DEBUG org.hibernate.boot.model.internal.BasicValueBinder - building BasicValue for id
10:24:17.368 [main] DEBUG org.hibernate.mapping.BasicValue - Skipping column re-registration: milestones.id
10:24:17.368 [main] DEBUG org.hibernate.boot.model.internal.PropertyBinder - Building property id
10:24:17.368 [main] DEBUG org.hibernate.boot.model.internal.BinderHelper - #makeIdGenerator(BasicValue([Column(id)]), id, identity, , ...)
10:24:17.368 [main] DEBUG org.hibernate.boot.model.internal.AnnotatedColumn - Binding column: AnnotatedColumn(column='date')
10:24:17.368 [main] DEBUG org.hibernate.boot.model.internal.PropertyBinder - MetadataSourceProcessor property date with lazy=false
10:24:17.368 [main] DEBUG org.hibernate.boot.model.internal.AbstractPropertyHolder - Attempting to locate auto-apply AttributeConverter for property [org.frcpm.models.Milestone:date]
10:24:17.368 [main] DEBUG org.hibernate.boot.model.internal.BasicValueBinder - building BasicValue for date
10:24:17.368 [main] DEBUG org.hibernate.mapping.BasicValue - Skipping column re-registration: milestones.date
10:24:17.368 [main] DEBUG org.hibernate.boot.model.internal.PropertyBinder - Building property date
10:24:17.368 [main] DEBUG org.hibernate.boot.model.internal.AnnotatedColumn - Binding column: AnnotatedColumn(column='description')
10:24:17.368 [main] DEBUG org.hibernate.boot.model.internal.PropertyBinder - MetadataSourceProcessor property description with lazy=false
10:24:17.368 [main] DEBUG org.hibernate.boot.model.internal.AbstractPropertyHolder - Attempting to locate auto-apply AttributeConverter for property [org.frcpm.models.Milestone:description]
10:24:17.368 [main] DEBUG org.hibernate.boot.model.internal.BasicValueBinder - building BasicValue for description
10:24:17.369 [main] DEBUG org.hibernate.mapping.BasicValue - Skipping column re-registration: milestones.description
10:24:17.369 [main] DEBUG org.hibernate.boot.model.internal.PropertyBinder - Building property description
10:24:17.369 [main] DEBUG org.hibernate.boot.model.internal.AnnotatedColumn - Binding column: AnnotatedColumn(column='name')
10:24:17.369 [main] DEBUG org.hibernate.boot.model.internal.PropertyBinder - MetadataSourceProcessor property name with lazy=false
10:24:17.369 [main] DEBUG org.hibernate.boot.model.internal.AbstractPropertyHolder - Attempting to locate auto-apply AttributeConverter for property [org.frcpm.models.Milestone:name]
10:24:17.369 [main] DEBUG org.hibernate.boot.model.internal.BasicValueBinder - building BasicValue for name
10:24:17.369 [main] DEBUG org.hibernate.mapping.BasicValue - Skipping column re-registration: milestones.name
10:24:17.369 [main] DEBUG org.hibernate.boot.model.internal.PropertyBinder - Building property name
10:24:17.369 [main] DEBUG org.hibernate.boot.model.internal.AnnotatedColumn - Binding column: AnnotatedJoinColumn(column='project_id')
10:24:17.369 [main] DEBUG org.hibernate.boot.model.internal.AnnotatedColumn - Binding column: AnnotatedColumn()
10:24:17.369 [main] DEBUG org.hibernate.boot.model.internal.PropertyBinder - Building property project
10:24:17.369 [main] DEBUG org.hibernate.boot.registry.classloading.internal.ClassLoaderServiceImpl - HHH000194: Package not found or no package-info.java: org.frcpm.models
10:24:17.369 [main] DEBUG org.hibernate.boot.model.internal.EntityBinder - Binding entity from annotated class: org.frcpm.models.Project
10:24:17.369 [main] DEBUG org.hibernate.boot.model.internal.EntityBinder - Import with entity name Project
10:24:17.369 [main] DEBUG org.hibernate.boot.model.internal.EntityBinder - Bind entity org.frcpm.models.Project on table projects
10:24:17.369 [main] DEBUG org.hibernate.boot.model.internal.AnnotatedColumn - Binding column: AnnotatedDiscriminatorColumn(column='DTYPE')
10:24:17.370 [main] DEBUG org.hibernate.boot.model.internal.AnnotatedColumn - Binding column: AnnotatedColumn()
10:24:17.370 [main] DEBUG org.hibernate.boot.internal.ClassLoaderAccessImpl - Not known whether passed class name [org.frcpm.models.Project] is safe
10:24:17.370 [main] DEBUG org.hibernate.boot.internal.ClassLoaderAccessImpl - No temp ClassLoader provided; using live ClassLoader for loading potentially unsafe class : org.frcpm.models.Project
10:24:17.370 [main] DEBUG org.hibernate.boot.model.internal.PropertyBinder - MetadataSourceProcessor property id with lazy=false
10:24:17.370 [main] DEBUG org.hibernate.boot.model.internal.AbstractPropertyHolder - Attempting to locate auto-apply AttributeConverter for property [org.frcpm.models.Project:id]
10:24:17.370 [main] DEBUG org.hibernate.boot.model.internal.BasicValueBinder - building BasicValue for id
10:24:17.370 [main] DEBUG org.hibernate.mapping.BasicValue - Skipping column re-registration: projects.id
10:24:17.370 [main] DEBUG org.hibernate.boot.model.internal.PropertyBinder - Building property id
10:24:17.370 [main] DEBUG org.hibernate.boot.model.internal.BinderHelper - #makeIdGenerator(BasicValue([Column(id)]), id, identity, , ...)
10:24:17.370 [main] DEBUG org.hibernate.boot.model.internal.AnnotatedColumn - Binding column: AnnotatedColumn(column='description')
10:24:17.370 [main] DEBUG org.hibernate.boot.model.internal.PropertyBinder - MetadataSourceProcessor property description with lazy=false
10:24:17.370 [main] DEBUG org.hibernate.boot.model.internal.AbstractPropertyHolder - Attempting to locate auto-apply AttributeConverter for property [org.frcpm.models.Project:description]
10:24:17.370 [main] DEBUG org.hibernate.boot.model.internal.BasicValueBinder - building BasicValue for description
10:24:17.370 [main] DEBUG org.hibernate.mapping.BasicValue - Skipping column re-registration: projects.description
10:24:17.370 [main] DEBUG org.hibernate.boot.model.internal.PropertyBinder - Building property description
10:24:17.370 [main] DEBUG org.hibernate.boot.model.internal.AnnotatedColumn - Binding column: AnnotatedColumn(column='goal_end_date')
10:24:17.370 [main] DEBUG org.hibernate.boot.model.internal.PropertyBinder - MetadataSourceProcessor property goalEndDate with lazy=false
10:24:17.370 [main] DEBUG org.hibernate.boot.model.internal.AbstractPropertyHolder - Attempting to locate auto-apply AttributeConverter for property [org.frcpm.models.Project:goalEndDate]
10:24:17.370 [main] DEBUG org.hibernate.boot.model.internal.BasicValueBinder - building BasicValue for goalEndDate
10:24:17.370 [main] DEBUG org.hibernate.mapping.BasicValue - Skipping column re-registration: projects.goal_end_date
10:24:17.370 [main] DEBUG org.hibernate.boot.model.internal.PropertyBinder - Building property goalEndDate
10:24:17.370 [main] DEBUG org.hibernate.boot.model.internal.AnnotatedColumn - Binding column: AnnotatedColumn(column='hard_deadline')
10:24:17.370 [main] DEBUG org.hibernate.boot.model.internal.PropertyBinder - MetadataSourceProcessor property hardDeadline with lazy=false
10:24:17.370 [main] DEBUG org.hibernate.boot.model.internal.AbstractPropertyHolder - Attempting to locate auto-apply AttributeConverter for property [org.frcpm.models.Project:hardDeadline]
10:24:17.370 [main] DEBUG org.hibernate.boot.model.internal.BasicValueBinder - building BasicValue for hardDeadline
10:24:17.370 [main] DEBUG org.hibernate.mapping.BasicValue - Skipping column re-registration: projects.hard_deadline
10:24:17.370 [main] DEBUG org.hibernate.boot.model.internal.PropertyBinder - Building property hardDeadline
10:24:17.370 [main] DEBUG org.hibernate.boot.model.internal.AnnotatedColumn - Binding column: AnnotatedJoinColumn()
10:24:17.370 [main] DEBUG org.hibernate.boot.model.internal.AnnotatedColumn - Binding column: AnnotatedColumn()
10:24:17.370 [main] DEBUG org.hibernate.boot.model.internal.AnnotatedColumn - Binding column: IndexColumn(column='meetings_ORDER')
10:24:17.370 [main] DEBUG org.hibernate.boot.model.internal.AnnotatedColumn - Binding column: AnnotatedColumn()
10:24:17.370 [main] DEBUG org.hibernate.boot.model.internal.AnnotatedColumn - Binding column: AnnotatedColumn(column='meetings_KEY')
10:24:17.370 [main] DEBUG org.hibernate.boot.model.internal.AnnotatedColumn - Binding column: AnnotatedJoinColumn(column='meetings_KEY')
10:24:17.370 [main] DEBUG org.hibernate.boot.model.internal.AnnotatedColumn - Binding column: AnnotatedJoinColumn()
10:24:17.370 [main] DEBUG org.hibernate.boot.model.internal.AnnotatedColumn - Binding column: AnnotatedJoinColumn()
10:24:17.370 [main] DEBUG org.hibernate.boot.model.internal.CollectionBinder - Collection role: org.frcpm.models.Project.meetings
10:24:17.370 [main] DEBUG org.hibernate.boot.model.internal.PropertyBinder - Building property meetings
10:24:17.370 [main] DEBUG org.hibernate.boot.model.internal.AnnotatedColumn - Binding column: AnnotatedJoinColumn()
10:24:17.370 [main] DEBUG org.hibernate.boot.model.internal.AnnotatedColumn - Binding column: AnnotatedColumn()
10:24:17.370 [main] DEBUG org.hibernate.boot.model.internal.AnnotatedColumn - Binding column: IndexColumn(column='milestones_ORDER')
10:24:17.370 [main] DEBUG org.hibernate.boot.model.internal.AnnotatedColumn - Binding column: AnnotatedColumn()
10:24:17.370 [main] DEBUG org.hibernate.boot.model.internal.AnnotatedColumn - Binding column: AnnotatedColumn(column='milestones_KEY')
10:24:17.370 [main] DEBUG org.hibernate.boot.model.internal.AnnotatedColumn - Binding column: AnnotatedJoinColumn(column='milestones_KEY')
10:24:17.370 [main] DEBUG org.hibernate.boot.model.internal.AnnotatedColumn - Binding column: AnnotatedJoinColumn()
10:24:17.370 [main] DEBUG org.hibernate.boot.model.internal.AnnotatedColumn - Binding column: AnnotatedJoinColumn()
10:24:17.370 [main] DEBUG org.hibernate.boot.model.internal.CollectionBinder - Collection role: org.frcpm.models.Project.milestones
10:24:17.370 [main] DEBUG org.hibernate.boot.model.internal.PropertyBinder - Building property milestones
10:24:17.370 [main] DEBUG org.hibernate.boot.model.internal.AnnotatedColumn - Binding column: AnnotatedColumn(column='name')
10:24:17.370 [main] DEBUG org.hibernate.boot.model.internal.PropertyBinder - MetadataSourceProcessor property name with lazy=false
10:24:17.370 [main] DEBUG org.hibernate.boot.model.internal.AbstractPropertyHolder - Attempting to locate auto-apply AttributeConverter for property [org.frcpm.models.Project:name]
10:24:17.370 [main] DEBUG org.hibernate.boot.model.internal.BasicValueBinder - building BasicValue for name
10:24:17.370 [main] DEBUG org.hibernate.mapping.BasicValue - Skipping column re-registration: projects.name
10:24:17.370 [main] DEBUG org.hibernate.boot.model.internal.PropertyBinder - Building property name
10:24:17.370 [main] DEBUG org.hibernate.boot.model.internal.AnnotatedColumn - Binding column: AnnotatedColumn(column='start_date')
10:24:17.370 [main] DEBUG org.hibernate.boot.model.internal.PropertyBinder - MetadataSourceProcessor property startDate with lazy=false
10:24:17.370 [main] DEBUG org.hibernate.boot.model.internal.AbstractPropertyHolder - Attempting to locate auto-apply AttributeConverter for property [org.frcpm.models.Project:startDate]
10:24:17.370 [main] DEBUG org.hibernate.boot.model.internal.BasicValueBinder - building BasicValue for startDate
10:24:17.370 [main] DEBUG org.hibernate.mapping.BasicValue - Skipping column re-registration: projects.start_date
10:24:17.370 [main] DEBUG org.hibernate.boot.model.internal.PropertyBinder - Building property startDate
10:24:17.370 [main] DEBUG org.hibernate.boot.model.internal.AnnotatedColumn - Binding column: AnnotatedJoinColumn()
10:24:17.370 [main] DEBUG org.hibernate.boot.model.internal.AnnotatedColumn - Binding column: AnnotatedColumn()
10:24:17.370 [main] DEBUG org.hibernate.boot.model.internal.AnnotatedColumn - Binding column: IndexColumn(column='tasks_ORDER')
10:24:17.370 [main] DEBUG org.hibernate.boot.model.internal.AnnotatedColumn - Binding column: AnnotatedColumn()
10:24:17.370 [main] DEBUG org.hibernate.boot.model.internal.AnnotatedColumn - Binding column: AnnotatedColumn(column='tasks_KEY')
10:24:17.370 [main] DEBUG org.hibernate.boot.model.internal.AnnotatedColumn - Binding column: AnnotatedJoinColumn(column='tasks_KEY')
10:24:17.370 [main] DEBUG org.hibernate.boot.model.internal.AnnotatedColumn - Binding column: AnnotatedJoinColumn()
10:24:17.370 [main] DEBUG org.hibernate.boot.model.internal.AnnotatedColumn - Binding column: AnnotatedJoinColumn()
10:24:17.370 [main] DEBUG org.hibernate.boot.model.internal.CollectionBinder - Collection role: org.frcpm.models.Project.tasks
10:24:17.370 [main] DEBUG org.hibernate.boot.model.internal.PropertyBinder - Building property tasks
10:24:17.371 [main] DEBUG org.hibernate.boot.registry.classloading.internal.ClassLoaderServiceImpl - HHH000194: Package not found or no package-info.java: org.frcpm.models
10:24:17.371 [main] DEBUG org.hibernate.boot.model.internal.EntityBinder - Binding entity from annotated class: org.frcpm.models.Subteam
10:24:17.371 [main] DEBUG org.hibernate.boot.model.internal.EntityBinder - Import with entity name Subteam
10:24:17.371 [main] DEBUG org.hibernate.boot.model.internal.EntityBinder - Bind entity org.frcpm.models.Subteam on table subteams
10:24:17.371 [main] DEBUG org.hibernate.boot.model.internal.AnnotatedColumn - Binding column: AnnotatedDiscriminatorColumn(column='DTYPE')
10:24:17.371 [main] DEBUG org.hibernate.boot.model.internal.AnnotatedColumn - Binding column: AnnotatedColumn()
10:24:17.371 [main] DEBUG org.hibernate.boot.internal.ClassLoaderAccessImpl - Not known whether passed class name [org.frcpm.models.Subteam] is safe
10:24:17.371 [main] DEBUG org.hibernate.boot.internal.ClassLoaderAccessImpl - No temp ClassLoader provided; using live ClassLoader for loading potentially unsafe class : org.frcpm.models.Subteam
10:24:17.371 [main] DEBUG org.hibernate.boot.model.internal.PropertyBinder - MetadataSourceProcessor property id with lazy=false
10:24:17.371 [main] DEBUG org.hibernate.boot.model.internal.AbstractPropertyHolder - Attempting to locate auto-apply AttributeConverter for property [org.frcpm.models.Subteam:id]
10:24:17.371 [main] DEBUG org.hibernate.boot.model.internal.BasicValueBinder - building BasicValue for id
10:24:17.371 [main] DEBUG org.hibernate.mapping.BasicValue - Skipping column re-registration: subteams.id
10:24:17.371 [main] DEBUG org.hibernate.boot.model.internal.PropertyBinder - Building property id
10:24:17.371 [main] DEBUG org.hibernate.boot.model.internal.BinderHelper - #makeIdGenerator(BasicValue([Column(id)]), id, identity, , ...)
10:24:17.371 [main] DEBUG org.hibernate.boot.model.internal.AnnotatedColumn - Binding column: AnnotatedColumn(column='color_code')
10:24:17.371 [main] DEBUG org.hibernate.boot.model.internal.PropertyBinder - MetadataSourceProcessor property colorCode with lazy=false
10:24:17.371 [main] DEBUG org.hibernate.boot.model.internal.AbstractPropertyHolder - Attempting to locate auto-apply AttributeConverter for property [org.frcpm.models.Subteam:colorCode]
10:24:17.371 [main] DEBUG org.hibernate.boot.model.internal.BasicValueBinder - building BasicValue for colorCode
10:24:17.371 [main] DEBUG org.hibernate.mapping.BasicValue - Skipping column re-registration: subteams.color_code
10:24:17.371 [main] DEBUG org.hibernate.boot.model.internal.PropertyBinder - Building property colorCode
10:24:17.371 [main] DEBUG org.hibernate.boot.model.internal.AnnotatedColumn - Binding column: AnnotatedJoinColumn()
10:24:17.371 [main] DEBUG org.hibernate.boot.model.internal.AnnotatedColumn - Binding column: AnnotatedColumn()
10:24:17.371 [main] DEBUG org.hibernate.boot.model.internal.AnnotatedColumn - Binding column: IndexColumn(column='members_ORDER')
10:24:17.371 [main] DEBUG org.hibernate.boot.model.internal.AnnotatedColumn - Binding column: AnnotatedColumn()
10:24:17.371 [main] DEBUG org.hibernate.boot.model.internal.AnnotatedColumn - Binding column: AnnotatedColumn(column='members_KEY')
10:24:17.371 [main] DEBUG org.hibernate.boot.model.internal.AnnotatedColumn - Binding column: AnnotatedJoinColumn(column='members_KEY')
10:24:17.371 [main] DEBUG org.hibernate.boot.model.internal.AnnotatedColumn - Binding column: AnnotatedJoinColumn()
10:24:17.371 [main] DEBUG org.hibernate.boot.model.internal.AnnotatedColumn - Binding column: AnnotatedJoinColumn()
10:24:17.371 [main] DEBUG org.hibernate.boot.model.internal.CollectionBinder - Collection role: org.frcpm.models.Subteam.members
10:24:17.371 [main] DEBUG org.hibernate.boot.model.internal.PropertyBinder - Building property members
10:24:17.371 [main] DEBUG org.hibernate.boot.model.internal.AnnotatedColumn - Binding column: AnnotatedColumn(column='name')
10:24:17.371 [main] DEBUG org.hibernate.boot.model.internal.PropertyBinder - MetadataSourceProcessor property name with lazy=false
10:24:17.371 [main] DEBUG org.hibernate.boot.model.internal.AbstractPropertyHolder - Attempting to locate auto-apply AttributeConverter for property [org.frcpm.models.Subteam:name]
10:24:17.371 [main] DEBUG org.hibernate.boot.model.internal.BasicValueBinder - building BasicValue for name
10:24:17.371 [main] DEBUG org.hibernate.mapping.BasicValue - Skipping column re-registration: subteams.name
10:24:17.371 [main] DEBUG org.hibernate.boot.model.internal.PropertyBinder - Building property name
10:24:17.371 [main] DEBUG org.hibernate.boot.model.internal.AnnotatedColumn - Binding column: AnnotatedColumn(column='specialties')
10:24:17.371 [main] DEBUG org.hibernate.boot.model.internal.PropertyBinder - MetadataSourceProcessor property specialties with lazy=false
10:24:17.371 [main] DEBUG org.hibernate.boot.model.internal.AbstractPropertyHolder - Attempting to locate auto-apply AttributeConverter for property [org.frcpm.models.Subteam:specialties]
10:24:17.371 [main] DEBUG org.hibernate.boot.model.internal.BasicValueBinder - building BasicValue for specialties
10:24:17.371 [main] DEBUG org.hibernate.mapping.BasicValue - Skipping column re-registration: subteams.specialties
10:24:17.371 [main] DEBUG org.hibernate.boot.model.internal.PropertyBinder - Building property specialties
10:24:17.371 [main] DEBUG org.hibernate.boot.model.internal.AnnotatedColumn - Binding column: AnnotatedJoinColumn()
10:24:17.371 [main] DEBUG org.hibernate.boot.model.internal.AnnotatedColumn - Binding column: AnnotatedColumn()
10:24:17.371 [main] DEBUG org.hibernate.boot.model.internal.AnnotatedColumn - Binding column: IndexColumn(column='subsystems_ORDER')
10:24:17.371 [main] DEBUG org.hibernate.boot.model.internal.AnnotatedColumn - Binding column: AnnotatedColumn()
10:24:17.371 [main] DEBUG org.hibernate.boot.model.internal.AnnotatedColumn - Binding column: AnnotatedColumn(column='subsystems_KEY')
10:24:17.371 [main] DEBUG org.hibernate.boot.model.internal.AnnotatedColumn - Binding column: AnnotatedJoinColumn(column='subsystems_KEY')
10:24:17.371 [main] DEBUG org.hibernate.boot.model.internal.AnnotatedColumn - Binding column: AnnotatedJoinColumn()
10:24:17.371 [main] DEBUG org.hibernate.boot.model.internal.AnnotatedColumn - Binding column: AnnotatedJoinColumn()
10:24:17.371 [main] DEBUG org.hibernate.boot.model.internal.CollectionBinder - Collection role: org.frcpm.models.Subteam.subsystems
10:24:17.371 [main] DEBUG org.hibernate.boot.model.internal.PropertyBinder - Building property subsystems
10:24:17.372 [main] DEBUG org.hibernate.boot.registry.classloading.internal.ClassLoaderServiceImpl - HHH000194: Package not found or no package-info.java: org.frcpm.models
10:24:17.372 [main] DEBUG org.hibernate.boot.model.internal.EntityBinder - Binding entity from annotated class: org.frcpm.models.Task
10:24:17.372 [main] DEBUG org.hibernate.boot.model.internal.EntityBinder - Import with entity name Task
10:24:17.372 [main] DEBUG org.hibernate.boot.model.internal.EntityBinder - Bind entity org.frcpm.models.Task on table tasks
10:24:17.372 [main] DEBUG org.hibernate.boot.model.internal.AnnotatedColumn - Binding column: AnnotatedDiscriminatorColumn(column='DTYPE')
10:24:17.372 [main] DEBUG org.hibernate.boot.model.internal.AnnotatedColumn - Binding column: AnnotatedColumn()
10:24:17.372 [main] DEBUG org.hibernate.boot.internal.ClassLoaderAccessImpl - Not known whether passed class name [org.frcpm.models.Task] is safe
10:24:17.372 [main] DEBUG org.hibernate.boot.internal.ClassLoaderAccessImpl - No temp ClassLoader provided; using live ClassLoader for loading potentially unsafe class : org.frcpm.models.Task
10:24:17.372 [main] DEBUG org.hibernate.boot.model.internal.PropertyBinder - MetadataSourceProcessor property id with lazy=false
10:24:17.372 [main] DEBUG org.hibernate.boot.model.internal.AbstractPropertyHolder - Attempting to locate auto-apply AttributeConverter for property [org.frcpm.models.Task:id]
10:24:17.372 [main] DEBUG org.hibernate.boot.model.internal.BasicValueBinder - building BasicValue for id
10:24:17.372 [main] DEBUG org.hibernate.mapping.BasicValue - Skipping column re-registration: tasks.id
10:24:17.372 [main] DEBUG org.hibernate.boot.model.internal.PropertyBinder - Building property id
10:24:17.372 [main] DEBUG org.hibernate.boot.model.internal.BinderHelper - #makeIdGenerator(BasicValue([Column(id)]), id, identity, , ...)
10:24:17.372 [main] DEBUG org.hibernate.boot.model.internal.AnnotatedColumn - Binding column: AnnotatedColumn(column='actual_duration_seconds')
10:24:17.372 [main] DEBUG org.hibernate.boot.model.internal.PropertyBinder - MetadataSourceProcessor property actualDurationSeconds with lazy=false
10:24:17.372 [main] DEBUG org.hibernate.boot.model.internal.AbstractPropertyHolder - Attempting to locate auto-apply AttributeConverter for property [org.frcpm.models.Task:actualDurationSeconds]
10:24:17.372 [main] DEBUG org.hibernate.boot.model.internal.BasicValueBinder - building BasicValue for actualDurationSeconds
10:24:17.372 [main] DEBUG org.hibernate.mapping.BasicValue - Skipping column re-registration: tasks.actual_duration_seconds
10:24:17.372 [main] DEBUG org.hibernate.boot.model.internal.PropertyBinder - Building property actualDurationSeconds
10:24:17.372 [main] DEBUG org.hibernate.boot.model.internal.AnnotatedColumn - Binding column: IndexColumn(column='assignedTo_ORDER')
10:24:17.372 [main] DEBUG org.hibernate.boot.model.internal.AnnotatedColumn - Binding column: AnnotatedColumn()
10:24:17.372 [main] DEBUG org.hibernate.boot.model.internal.AnnotatedColumn - Binding column: AnnotatedColumn(column='assignedTo_KEY')
10:24:17.372 [main] DEBUG org.hibernate.boot.model.internal.AnnotatedColumn - Binding column: AnnotatedJoinColumn(column='assignedTo_KEY')
10:24:17.372 [main] DEBUG org.hibernate.boot.model.internal.AnnotatedColumn - Binding column: AnnotatedJoinColumn(column='task_id')
10:24:17.372 [main] DEBUG org.hibernate.boot.model.internal.AnnotatedColumn - Binding column: AnnotatedJoinColumn(column='team_member_id')
10:24:17.372 [main] DEBUG org.hibernate.boot.model.internal.CollectionBinder - Collection role: org.frcpm.models.Task.assignedTo
10:24:17.372 [main] DEBUG org.hibernate.boot.model.internal.PropertyBinder - Building property assignedTo
10:24:17.372 [main] DEBUG org.hibernate.boot.model.internal.AnnotatedColumn - Binding column: AnnotatedColumn(column='completed')
10:24:17.372 [main] DEBUG org.hibernate.boot.model.internal.PropertyBinder - MetadataSourceProcessor property completed with lazy=false
10:24:17.372 [main] DEBUG org.hibernate.boot.model.internal.AbstractPropertyHolder - Attempting to locate auto-apply AttributeConverter for property [org.frcpm.models.Task:completed]
10:24:17.372 [main] DEBUG org.hibernate.boot.model.internal.BasicValueBinder - building BasicValue for completed
10:24:17.372 [main] DEBUG org.hibernate.mapping.BasicValue - Skipping column re-registration: tasks.completed
10:24:17.372 [main] DEBUG org.hibernate.boot.model.internal.PropertyBinder - Building property completed
10:24:17.372 [main] DEBUG org.hibernate.boot.model.internal.AnnotatedColumn - Binding column: AnnotatedColumn(column='description')
10:24:17.372 [main] DEBUG org.hibernate.boot.model.internal.PropertyBinder - MetadataSourceProcessor property description with lazy=false
10:24:17.372 [main] DEBUG org.hibernate.boot.model.internal.AbstractPropertyHolder - Attempting to locate auto-apply AttributeConverter for property [org.frcpm.models.Task:description]
10:24:17.372 [main] DEBUG org.hibernate.boot.model.internal.BasicValueBinder - building BasicValue for description
10:24:17.372 [main] DEBUG org.hibernate.mapping.BasicValue - Skipping column re-registration: tasks.description
10:24:17.372 [main] DEBUG org.hibernate.boot.model.internal.PropertyBinder - Building property description
10:24:17.372 [main] DEBUG org.hibernate.boot.model.internal.AnnotatedColumn - Binding column: AnnotatedColumn(column='end_date')
10:24:17.372 [main] DEBUG org.hibernate.boot.model.internal.PropertyBinder - MetadataSourceProcessor property endDate with lazy=false
10:24:17.372 [main] DEBUG org.hibernate.boot.model.internal.AbstractPropertyHolder - Attempting to locate auto-apply AttributeConverter for property [org.frcpm.models.Task:endDate]
10:24:17.372 [main] DEBUG org.hibernate.boot.model.internal.BasicValueBinder - building BasicValue for endDate
10:24:17.372 [main] DEBUG org.hibernate.mapping.BasicValue - Skipping column re-registration: tasks.end_date
10:24:17.372 [main] DEBUG org.hibernate.boot.model.internal.PropertyBinder - Building property endDate
10:24:17.372 [main] DEBUG org.hibernate.boot.model.internal.AnnotatedColumn - Binding column: AnnotatedColumn(column='estimated_duration_seconds')
10:24:17.372 [main] DEBUG org.hibernate.boot.model.internal.PropertyBinder - MetadataSourceProcessor property estimatedDurationSeconds with lazy=false
10:24:17.372 [main] DEBUG org.hibernate.boot.model.internal.AbstractPropertyHolder - Attempting to locate auto-apply AttributeConverter for property [org.frcpm.models.Task:estimatedDurationSeconds]
10:24:17.372 [main] DEBUG org.hibernate.boot.model.internal.BasicValueBinder - building BasicValue for estimatedDurationSeconds
10:24:17.372 [main] DEBUG org.hibernate.mapping.BasicValue - Skipping column re-registration: tasks.estimated_duration_seconds
10:24:17.372 [main] DEBUG org.hibernate.boot.model.internal.PropertyBinder - Building property estimatedDurationSeconds
10:24:17.372 [main] DEBUG org.hibernate.boot.model.internal.AnnotatedColumn - Binding column: IndexColumn(column='postDependencies_ORDER')
10:24:17.372 [main] DEBUG org.hibernate.boot.model.internal.AnnotatedColumn - Binding column: AnnotatedColumn()
10:24:17.372 [main] DEBUG org.hibernate.boot.model.internal.AnnotatedColumn - Binding column: AnnotatedColumn(column='postDependencies_KEY')
10:24:17.372 [main] DEBUG org.hibernate.boot.model.internal.AnnotatedColumn - Binding column: AnnotatedJoinColumn(column='postDependencies_KEY')
10:24:17.372 [main] DEBUG org.hibernate.boot.model.internal.AnnotatedColumn - Binding column: AnnotatedJoinColumn()
10:24:17.372 [main] DEBUG org.hibernate.boot.model.internal.AnnotatedColumn - Binding column: AnnotatedJoinColumn()
10:24:17.372 [main] DEBUG org.hibernate.boot.model.internal.CollectionBinder - Collection role: org.frcpm.models.Task.postDependencies
10:24:17.372 [main] DEBUG org.hibernate.boot.model.internal.PropertyBinder - Building property postDependencies
10:24:17.372 [main] DEBUG org.hibernate.boot.model.internal.AnnotatedColumn - Binding column: IndexColumn(column='preDependencies_ORDER')
10:24:17.373 [main] DEBUG org.hibernate.boot.model.internal.AnnotatedColumn - Binding column: AnnotatedColumn()
10:24:17.373 [main] DEBUG org.hibernate.boot.model.internal.AnnotatedColumn - Binding column: AnnotatedColumn(column='preDependencies_KEY')
10:24:17.373 [main] DEBUG org.hibernate.boot.model.internal.AnnotatedColumn - Binding column: AnnotatedJoinColumn(column='preDependencies_KEY')
10:24:17.373 [main] DEBUG org.hibernate.boot.model.internal.AnnotatedColumn - Binding column: AnnotatedJoinColumn(column='task_id')
10:24:17.373 [main] DEBUG org.hibernate.boot.model.internal.AnnotatedColumn - Binding column: AnnotatedJoinColumn(column='dependency_id')
10:24:17.373 [main] DEBUG org.hibernate.boot.model.internal.CollectionBinder - Collection role: org.frcpm.models.Task.preDependencies
10:24:17.373 [main] DEBUG org.hibernate.boot.model.internal.PropertyBinder - Building property preDependencies
10:24:17.373 [main] DEBUG org.hibernate.boot.model.internal.AnnotatedColumn - Binding column: AnnotatedColumn(column='priority')
10:24:17.373 [main] DEBUG org.hibernate.boot.model.internal.PropertyBinder - MetadataSourceProcessor property priority with lazy=false
10:24:17.373 [main] DEBUG org.hibernate.boot.model.internal.AbstractPropertyHolder - Attempting to locate auto-apply AttributeConverter for property [org.frcpm.models.Task:priority]
10:24:17.373 [main] DEBUG org.hibernate.boot.model.internal.BasicValueBinder - building BasicValue for priority
10:24:17.373 [main] DEBUG org.hibernate.mapping.BasicValue - Skipping column re-registration: tasks.priority
10:24:17.373 [main] DEBUG org.hibernate.boot.model.internal.PropertyBinder - Building property priority
10:24:17.373 [main] DEBUG org.hibernate.boot.model.internal.AnnotatedColumn - Binding column: AnnotatedColumn(column='progress')
10:24:17.373 [main] DEBUG org.hibernate.boot.model.internal.PropertyBinder - MetadataSourceProcessor property progress with lazy=false
10:24:17.373 [main] DEBUG org.hibernate.boot.model.internal.AbstractPropertyHolder - Attempting to locate auto-apply AttributeConverter for property [org.frcpm.models.Task:progress]
10:24:17.373 [main] DEBUG org.hibernate.boot.model.internal.BasicValueBinder - building BasicValue for progress
10:24:17.373 [main] DEBUG org.hibernate.mapping.BasicValue - Skipping column re-registration: tasks.progress
10:24:17.373 [main] DEBUG org.hibernate.boot.model.internal.PropertyBinder - Building property progress
10:24:17.373 [main] DEBUG org.hibernate.boot.model.internal.AnnotatedColumn - Binding column: AnnotatedJoinColumn(column='project_id')
10:24:17.373 [main] DEBUG org.hibernate.boot.model.internal.AnnotatedColumn - Binding column: AnnotatedColumn()
10:24:17.373 [main] DEBUG org.hibernate.boot.model.internal.PropertyBinder - Building property project
10:24:17.373 [main] DEBUG org.hibernate.boot.model.internal.AnnotatedColumn - Binding column: IndexColumn(column='requiredComponents_ORDER')
10:24:17.373 [main] DEBUG org.hibernate.boot.model.internal.AnnotatedColumn - Binding column: AnnotatedColumn()
10:24:17.373 [main] DEBUG org.hibernate.boot.model.internal.AnnotatedColumn - Binding column: AnnotatedColumn(column='requiredComponents_KEY')
10:24:17.374 [main] DEBUG org.hibernate.boot.model.internal.AnnotatedColumn - Binding column: AnnotatedJoinColumn(column='requiredComponents_KEY')
10:24:17.374 [main] DEBUG org.hibernate.boot.model.internal.AnnotatedColumn - Binding column: AnnotatedJoinColumn(column='task_id')
10:24:17.374 [main] DEBUG org.hibernate.boot.model.internal.AnnotatedColumn - Binding column: AnnotatedJoinColumn(column='component_id')
10:24:17.374 [main] DEBUG org.hibernate.boot.model.internal.CollectionBinder - Collection role: org.frcpm.models.Task.requiredComponents
10:24:17.374 [main] DEBUG org.hibernate.boot.model.internal.PropertyBinder - Building property requiredComponents
10:24:17.374 [main] DEBUG org.hibernate.boot.model.internal.AnnotatedColumn - Binding column: AnnotatedColumn(column='start_date')
10:24:17.374 [main] DEBUG org.hibernate.boot.model.internal.PropertyBinder - MetadataSourceProcessor property startDate with lazy=false
10:24:17.374 [main] DEBUG org.hibernate.boot.model.internal.AbstractPropertyHolder - Attempting to locate auto-apply AttributeConverter for property [org.frcpm.models.Task:startDate]
10:24:17.374 [main] DEBUG org.hibernate.boot.model.internal.BasicValueBinder - building BasicValue for startDate
10:24:17.374 [main] DEBUG org.hibernate.mapping.BasicValue - Skipping column re-registration: tasks.start_date
10:24:17.374 [main] DEBUG org.hibernate.boot.model.internal.PropertyBinder - Building property startDate
10:24:17.374 [main] DEBUG org.hibernate.boot.model.internal.AnnotatedColumn - Binding column: AnnotatedJoinColumn(column='subsystem_id')
10:24:17.374 [main] DEBUG org.hibernate.boot.model.internal.AnnotatedColumn - Binding column: AnnotatedColumn()
10:24:17.374 [main] DEBUG org.hibernate.boot.model.internal.PropertyBinder - Building property subsystem
10:24:17.374 [main] DEBUG org.hibernate.boot.model.internal.AnnotatedColumn - Binding column: AnnotatedColumn(column='title')
10:24:17.374 [main] DEBUG org.hibernate.boot.model.internal.PropertyBinder - MetadataSourceProcessor property title with lazy=false
10:24:17.374 [main] DEBUG org.hibernate.boot.model.internal.AbstractPropertyHolder - Attempting to locate auto-apply AttributeConverter for property [org.frcpm.models.Task:title]
10:24:17.374 [main] DEBUG org.hibernate.boot.model.internal.BasicValueBinder - building BasicValue for title
10:24:17.374 [main] DEBUG org.hibernate.mapping.BasicValue - Skipping column re-registration: tasks.title
10:24:17.374 [main] DEBUG org.hibernate.boot.model.internal.PropertyBinder - Building property title
10:24:17.375 [main] DEBUG org.hibernate.boot.registry.classloading.internal.ClassLoaderServiceImpl - HHH000194: Package not found or no package-info.java: org.frcpm.models
10:24:17.376 [main] DEBUG org.hibernate.boot.model.internal.EntityBinder - Binding entity from annotated class: org.frcpm.models.TeamMember
10:24:17.376 [main] DEBUG org.hibernate.boot.model.internal.EntityBinder - Import with entity name TeamMember
10:24:17.376 [main] DEBUG org.hibernate.boot.model.internal.EntityBinder - Bind entity org.frcpm.models.TeamMember on table team_members
10:24:17.376 [main] DEBUG org.hibernate.boot.model.internal.AnnotatedColumn - Binding column: AnnotatedDiscriminatorColumn(column='DTYPE')
10:24:17.376 [main] DEBUG org.hibernate.boot.model.internal.AnnotatedColumn - Binding column: AnnotatedColumn()
10:24:17.376 [main] DEBUG org.hibernate.boot.internal.ClassLoaderAccessImpl - Not known whether passed class name [org.frcpm.models.TeamMember] is safe
10:24:17.376 [main] DEBUG org.hibernate.boot.internal.ClassLoaderAccessImpl - No temp ClassLoader provided; using live ClassLoader for loading potentially unsafe class : org.frcpm.models.TeamMember
10:24:17.376 [main] DEBUG org.hibernate.boot.model.internal.PropertyBinder - MetadataSourceProcessor property id with lazy=false
10:24:17.376 [main] DEBUG org.hibernate.boot.model.internal.AbstractPropertyHolder - Attempting to locate auto-apply AttributeConverter for property [org.frcpm.models.TeamMember:id]
10:24:17.376 [main] DEBUG org.hibernate.boot.model.internal.BasicValueBinder - building BasicValue for id
10:24:17.376 [main] DEBUG org.hibernate.mapping.BasicValue - Skipping column re-registration: team_members.id
10:24:17.376 [main] DEBUG org.hibernate.boot.model.internal.PropertyBinder - Building property id
10:24:17.376 [main] DEBUG org.hibernate.boot.model.internal.BinderHelper - #makeIdGenerator(BasicValue([Column(id)]), id, identity, , ...)
10:24:17.376 [main] DEBUG org.hibernate.boot.model.internal.AnnotatedColumn - Binding column: IndexColumn(column='assignedTasks_ORDER')
10:24:17.376 [main] DEBUG org.hibernate.boot.model.internal.AnnotatedColumn - Binding column: AnnotatedColumn()
10:24:17.376 [main] DEBUG org.hibernate.boot.model.internal.AnnotatedColumn - Binding column: AnnotatedColumn(column='assignedTasks_KEY')
10:24:17.377 [main] DEBUG org.hibernate.boot.model.internal.AnnotatedColumn - Binding column: AnnotatedJoinColumn(column='assignedTasks_KEY')
10:24:17.377 [main] DEBUG org.hibernate.boot.model.internal.AnnotatedColumn - Binding column: AnnotatedJoinColumn()
10:24:17.377 [main] DEBUG org.hibernate.boot.model.internal.AnnotatedColumn - Binding column: AnnotatedJoinColumn()
10:24:17.377 [main] DEBUG org.hibernate.boot.model.internal.CollectionBinder - Collection role: org.frcpm.models.TeamMember.assignedTasks
10:24:17.377 [main] DEBUG org.hibernate.boot.model.internal.PropertyBinder - Building property assignedTasks
10:24:17.377 [main] DEBUG org.hibernate.boot.model.internal.AnnotatedColumn - Binding column: AnnotatedJoinColumn()
10:24:17.377 [main] DEBUG org.hibernate.boot.model.internal.AnnotatedColumn - Binding column: AnnotatedColumn()
10:24:17.377 [main] DEBUG org.hibernate.boot.model.internal.AnnotatedColumn - Binding column: IndexColumn(column='attendances_ORDER')
10:24:17.377 [main] DEBUG org.hibernate.boot.model.internal.AnnotatedColumn - Binding column: AnnotatedColumn()
10:24:17.377 [main] DEBUG org.hibernate.boot.model.internal.AnnotatedColumn - Binding column: AnnotatedColumn(column='attendances_KEY')
10:24:17.377 [main] DEBUG org.hibernate.boot.model.internal.AnnotatedColumn - Binding column: AnnotatedJoinColumn(column='attendances_KEY')
10:24:17.377 [main] DEBUG org.hibernate.boot.model.internal.AnnotatedColumn - Binding column: AnnotatedJoinColumn()
10:24:17.377 [main] DEBUG org.hibernate.boot.model.internal.AnnotatedColumn - Binding column: AnnotatedJoinColumn()
10:24:17.377 [main] DEBUG org.hibernate.boot.model.internal.CollectionBinder - Collection role: org.frcpm.models.TeamMember.attendances
10:24:17.377 [main] DEBUG org.hibernate.boot.model.internal.PropertyBinder - Building property attendances
10:24:17.377 [main] DEBUG org.hibernate.boot.model.internal.AnnotatedColumn - Binding column: AnnotatedColumn(column='email')
10:24:17.377 [main] DEBUG org.hibernate.boot.model.internal.PropertyBinder - MetadataSourceProcessor property email with lazy=false
10:24:17.377 [main] DEBUG org.hibernate.boot.model.internal.AbstractPropertyHolder - Attempting to locate auto-apply AttributeConverter for property [org.frcpm.models.TeamMember:email]
10:24:17.377 [main] DEBUG org.hibernate.boot.model.internal.BasicValueBinder - building BasicValue for email
10:24:17.377 [main] DEBUG org.hibernate.mapping.BasicValue - Skipping column re-registration: team_members.email
10:24:17.377 [main] DEBUG org.hibernate.boot.model.internal.PropertyBinder - Building property email
10:24:17.377 [main] DEBUG org.hibernate.boot.model.internal.AnnotatedColumn - Binding column: AnnotatedColumn(column='first_name')
10:24:17.377 [main] DEBUG org.hibernate.boot.model.internal.PropertyBinder - MetadataSourceProcessor property firstName with lazy=false
10:24:17.377 [main] DEBUG org.hibernate.boot.model.internal.AbstractPropertyHolder - Attempting to locate auto-apply AttributeConverter for property [org.frcpm.models.TeamMember:firstName]
10:24:17.377 [main] DEBUG org.hibernate.boot.model.internal.BasicValueBinder - building BasicValue for firstName
10:24:17.377 [main] DEBUG org.hibernate.mapping.BasicValue - Skipping column re-registration: team_members.first_name
10:24:17.377 [main] DEBUG org.hibernate.boot.model.internal.PropertyBinder - Building property firstName
10:24:17.377 [main] DEBUG org.hibernate.boot.model.internal.AnnotatedColumn - Binding column: AnnotatedColumn(column='last_name')
10:24:17.377 [main] DEBUG org.hibernate.boot.model.internal.PropertyBinder - MetadataSourceProcessor property lastName with lazy=false
10:24:17.377 [main] DEBUG org.hibernate.boot.model.internal.AbstractPropertyHolder - Attempting to locate auto-apply AttributeConverter for property [org.frcpm.models.TeamMember:lastName]
10:24:17.377 [main] DEBUG org.hibernate.boot.model.internal.BasicValueBinder - building BasicValue for lastName
10:24:17.378 [main] DEBUG org.hibernate.mapping.BasicValue - Skipping column re-registration: team_members.last_name
10:24:17.378 [main] DEBUG org.hibernate.boot.model.internal.PropertyBinder - Building property lastName
10:24:17.378 [main] DEBUG org.hibernate.boot.model.internal.AnnotatedColumn - Binding column: AnnotatedColumn(column='is_leader')
10:24:17.378 [main] DEBUG org.hibernate.boot.model.internal.PropertyBinder - MetadataSourceProcessor property leader with lazy=false
10:24:17.378 [main] DEBUG org.hibernate.boot.model.internal.AbstractPropertyHolder - Attempting to locate auto-apply AttributeConverter for property [org.frcpm.models.TeamMember:leader]
10:24:17.378 [main] DEBUG org.hibernate.boot.model.internal.BasicValueBinder - building BasicValue for leader
10:24:17.378 [main] DEBUG org.hibernate.mapping.BasicValue - Skipping column re-registration: team_members.is_leader
10:24:17.378 [main] DEBUG org.hibernate.boot.model.internal.PropertyBinder - Building property leader
10:24:17.378 [main] DEBUG org.hibernate.boot.model.internal.AnnotatedColumn - Binding column: AnnotatedColumn(column='phone')
10:24:17.378 [main] DEBUG org.hibernate.boot.model.internal.PropertyBinder - MetadataSourceProcessor property phone with lazy=false
10:24:17.378 [main] DEBUG org.hibernate.boot.model.internal.AbstractPropertyHolder - Attempting to locate auto-apply AttributeConverter for property [org.frcpm.models.TeamMember:phone]
10:24:17.378 [main] DEBUG org.hibernate.boot.model.internal.BasicValueBinder - building BasicValue for phone
10:24:17.378 [main] DEBUG org.hibernate.mapping.BasicValue - Skipping column re-registration: team_members.phone
10:24:17.378 [main] DEBUG org.hibernate.boot.model.internal.PropertyBinder - Building property phone
10:24:17.378 [main] DEBUG org.hibernate.boot.model.internal.AnnotatedColumn - Binding column: AnnotatedColumn(column='skills')
10:24:17.378 [main] DEBUG org.hibernate.boot.model.internal.PropertyBinder - MetadataSourceProcessor property skills with lazy=false
10:24:17.378 [main] DEBUG org.hibernate.boot.model.internal.AbstractPropertyHolder - Attempting to locate auto-apply AttributeConverter for property [org.frcpm.models.TeamMember:skills]
10:24:17.378 [main] DEBUG org.hibernate.boot.model.internal.BasicValueBinder - building BasicValue for skills
10:24:17.378 [main] DEBUG org.hibernate.mapping.BasicValue - Skipping column re-registration: team_members.skills
10:24:17.378 [main] DEBUG org.hibernate.boot.model.internal.PropertyBinder - Building property skills
10:24:17.378 [main] DEBUG org.hibernate.boot.model.internal.AnnotatedColumn - Binding column: AnnotatedJoinColumn(column='subteam_id')
10:24:17.378 [main] DEBUG org.hibernate.boot.model.internal.AnnotatedColumn - Binding column: AnnotatedColumn()
10:24:17.378 [main] DEBUG org.hibernate.boot.model.internal.PropertyBinder - Building property subteam
10:24:17.379 [main] DEBUG org.hibernate.boot.model.internal.AnnotatedColumn - Binding column: AnnotatedColumn(column='username')
10:24:17.379 [main] DEBUG org.hibernate.boot.model.internal.PropertyBinder - MetadataSourceProcessor property username with lazy=false
10:24:17.379 [main] DEBUG org.hibernate.boot.model.internal.AbstractPropertyHolder - Attempting to locate auto-apply AttributeConverter for property [org.frcpm.models.TeamMember:username]
10:24:17.379 [main] DEBUG org.hibernate.boot.model.internal.BasicValueBinder - building BasicValue for username
10:24:17.379 [main] DEBUG org.hibernate.mapping.BasicValue - Skipping column re-registration: team_members.username
10:24:17.379 [main] DEBUG org.hibernate.boot.model.internal.PropertyBinder - Building property username
10:24:17.381 [main] DEBUG org.hibernate.boot.registry.classloading.internal.ClassLoaderServiceImpl - HHH000194: Package not found or no package-info.java: org.frcpm.models
10:24:17.381 [main] DEBUG org.hibernate.boot.model.internal.BasicValueBinder - Starting `BasicValueBinder#fillSimpleValue` for id
10:24:17.382 [main] DEBUG org.hibernate.boot.model.internal.BasicValueBinder - Starting `BasicValueBinder#fillSimpleValue` for arrivalTime
10:24:17.382 [main] DEBUG org.hibernate.boot.model.internal.BasicValueBinder - Starting `BasicValueBinder#fillSimpleValue` for departureTime
10:24:17.382 [main] DEBUG org.hibernate.boot.model.internal.BasicValueBinder - Starting `BasicValueBinder#fillSimpleValue` for present
10:24:17.382 [main] DEBUG org.hibernate.boot.model.internal.BasicValueBinder - Starting `BasicValueBinder#fillSimpleValue` for id
10:24:17.382 [main] DEBUG org.hibernate.boot.model.internal.BasicValueBinder - Starting `BasicValueBinder#fillSimpleValue` for date
10:24:17.382 [main] DEBUG org.hibernate.boot.model.internal.BasicValueBinder - Starting `BasicValueBinder#fillSimpleValue` for endTime
10:24:17.382 [main] DEBUG org.hibernate.boot.model.internal.BasicValueBinder - Starting `BasicValueBinder#fillSimpleValue` for notes
10:24:17.382 [main] DEBUG org.hibernate.boot.model.internal.BasicValueBinder - Starting `BasicValueBinder#fillSimpleValue` for startTime
10:24:17.382 [main] DEBUG org.hibernate.boot.model.internal.BasicValueBinder - Starting `BasicValueBinder#fillSimpleValue` for id
10:24:17.382 [main] DEBUG org.hibernate.boot.model.internal.BasicValueBinder - Starting `BasicValueBinder#fillSimpleValue` for description
10:24:17.382 [main] DEBUG org.hibernate.boot.model.internal.BasicValueBinder - Starting `BasicValueBinder#fillSimpleValue` for name
10:24:17.382 [main] DEBUG org.hibernate.boot.model.internal.BasicValueBinder - Starting `BasicValueBinder#fillSimpleValue` for status
10:24:17.382 [main] DEBUG org.hibernate.boot.model.internal.BasicValueBinder - Starting `BasicValueBinder#fillSimpleValue` for id
10:24:17.382 [main] DEBUG org.hibernate.boot.model.internal.BasicValueBinder - Starting `BasicValueBinder#fillSimpleValue` for actualDelivery
10:24:17.382 [main] DEBUG org.hibernate.boot.model.internal.BasicValueBinder - Starting `BasicValueBinder#fillSimpleValue` for delivered
10:24:17.382 [main] DEBUG org.hibernate.boot.model.internal.BasicValueBinder - Starting `BasicValueBinder#fillSimpleValue` for description
10:24:17.382 [main] DEBUG org.hibernate.boot.model.internal.BasicValueBinder - Starting `BasicValueBinder#fillSimpleValue` for expectedDelivery
10:24:17.382 [main] DEBUG org.hibernate.boot.model.internal.BasicValueBinder - Starting `BasicValueBinder#fillSimpleValue` for name
10:24:17.382 [main] DEBUG org.hibernate.boot.model.internal.BasicValueBinder - Starting `BasicValueBinder#fillSimpleValue` for partNumber
10:24:17.382 [main] DEBUG org.hibernate.boot.model.internal.BasicValueBinder - Starting `BasicValueBinder#fillSimpleValue` for id
10:24:17.382 [main] DEBUG org.hibernate.boot.model.internal.BasicValueBinder - Starting `BasicValueBinder#fillSimpleValue` for date
10:24:17.382 [main] DEBUG org.hibernate.boot.model.internal.BasicValueBinder - Starting `BasicValueBinder#fillSimpleValue` for description
10:24:17.382 [main] DEBUG org.hibernate.boot.model.internal.BasicValueBinder - Starting `BasicValueBinder#fillSimpleValue` for name
10:24:17.382 [main] DEBUG org.hibernate.boot.model.internal.BasicValueBinder - Starting `BasicValueBinder#fillSimpleValue` for id
10:24:17.382 [main] DEBUG org.hibernate.boot.model.internal.BasicValueBinder - Starting `BasicValueBinder#fillSimpleValue` for description
10:24:17.382 [main] DEBUG org.hibernate.boot.model.internal.BasicValueBinder - Starting `BasicValueBinder#fillSimpleValue` for goalEndDate
10:24:17.382 [main] DEBUG org.hibernate.boot.model.internal.BasicValueBinder - Starting `BasicValueBinder#fillSimpleValue` for hardDeadline
10:24:17.382 [main] DEBUG org.hibernate.boot.model.internal.BasicValueBinder - Starting `BasicValueBinder#fillSimpleValue` for name
10:24:17.382 [main] DEBUG org.hibernate.boot.model.internal.BasicValueBinder - Starting `BasicValueBinder#fillSimpleValue` for startDate
10:24:17.382 [main] DEBUG org.hibernate.boot.model.internal.BasicValueBinder - Starting `BasicValueBinder#fillSimpleValue` for id
10:24:17.382 [main] DEBUG org.hibernate.boot.model.internal.BasicValueBinder - Starting `BasicValueBinder#fillSimpleValue` for colorCode
10:24:17.382 [main] DEBUG org.hibernate.boot.model.internal.BasicValueBinder - Starting `BasicValueBinder#fillSimpleValue` for name
10:24:17.382 [main] DEBUG org.hibernate.boot.model.internal.BasicValueBinder - Starting `BasicValueBinder#fillSimpleValue` for specialties
10:24:17.382 [main] DEBUG org.hibernate.boot.model.internal.BasicValueBinder - Starting `BasicValueBinder#fillSimpleValue` for id
10:24:17.382 [main] DEBUG org.hibernate.boot.model.internal.BasicValueBinder - Starting `BasicValueBinder#fillSimpleValue` for actualDurationSeconds
10:24:17.382 [main] DEBUG org.hibernate.boot.model.internal.BasicValueBinder - Starting `BasicValueBinder#fillSimpleValue` for completed
10:24:17.382 [main] DEBUG org.hibernate.boot.model.internal.BasicValueBinder - Starting `BasicValueBinder#fillSimpleValue` for description
10:24:17.382 [main] DEBUG org.hibernate.boot.model.internal.BasicValueBinder - Starting `BasicValueBinder#fillSimpleValue` for endDate
10:24:17.382 [main] DEBUG org.hibernate.boot.model.internal.BasicValueBinder - Starting `BasicValueBinder#fillSimpleValue` for estimatedDurationSeconds
10:24:17.382 [main] DEBUG org.hibernate.boot.model.internal.BasicValueBinder - Starting `BasicValueBinder#fillSimpleValue` for priority
10:24:17.382 [main] DEBUG org.hibernate.boot.model.internal.BasicValueBinder - Starting `BasicValueBinder#fillSimpleValue` for progress
10:24:17.382 [main] DEBUG org.hibernate.boot.model.internal.BasicValueBinder - Starting `BasicValueBinder#fillSimpleValue` for startDate
10:24:17.382 [main] DEBUG org.hibernate.boot.model.internal.BasicValueBinder - Starting `BasicValueBinder#fillSimpleValue` for title
10:24:17.382 [main] DEBUG org.hibernate.boot.model.internal.BasicValueBinder - Starting `BasicValueBinder#fillSimpleValue` for id
10:24:17.382 [main] DEBUG org.hibernate.boot.model.internal.BasicValueBinder - Starting `BasicValueBinder#fillSimpleValue` for email
10:24:17.382 [main] DEBUG org.hibernate.boot.model.internal.BasicValueBinder - Starting `BasicValueBinder#fillSimpleValue` for firstName
10:24:17.382 [main] DEBUG org.hibernate.boot.model.internal.BasicValueBinder - Starting `BasicValueBinder#fillSimpleValue` for lastName
10:24:17.382 [main] DEBUG org.hibernate.boot.model.internal.BasicValueBinder - Starting `BasicValueBinder#fillSimpleValue` for leader
10:24:17.382 [main] DEBUG org.hibernate.boot.model.internal.BasicValueBinder - Starting `BasicValueBinder#fillSimpleValue` for phone
10:24:17.382 [main] DEBUG org.hibernate.boot.model.internal.BasicValueBinder - Starting `BasicValueBinder#fillSimpleValue` for skills
10:24:17.382 [main] DEBUG org.hibernate.boot.model.internal.BasicValueBinder - Starting `BasicValueBinder#fillSimpleValue` for username
10:24:17.382 [main] DEBUG org.hibernate.mapping.PrimaryKey - Forcing column [id] to be non-null as it is part of the primary key for table [attendances]
10:24:17.382 [main] DEBUG org.hibernate.mapping.PrimaryKey - Forcing column [id] to be non-null as it is part of the primary key for table [meetings]
10:24:17.382 [main] DEBUG org.hibernate.mapping.PrimaryKey - Forcing column [id] to be non-null as it is part of the primary key for table [subsystems]
10:24:17.382 [main] DEBUG org.hibernate.mapping.PrimaryKey - Forcing column [id] to be non-null as it is part of the primary key for table [components]
10:24:17.382 [main] DEBUG org.hibernate.mapping.PrimaryKey - Forcing column [id] to be non-null as it is part of the primary key for table [milestones]
10:24:17.382 [main] DEBUG org.hibernate.mapping.PrimaryKey - Forcing column [id] to be non-null as it is part of the primary key for table [projects]
10:24:17.382 [main] DEBUG org.hibernate.mapping.PrimaryKey - Forcing column [id] to be non-null as it is part of the primary key for table [subteams]
10:24:17.382 [main] DEBUG org.hibernate.mapping.PrimaryKey - Forcing column [id] to be non-null as it is part of the primary key for table [tasks]
10:24:17.382 [main] DEBUG org.hibernate.mapping.PrimaryKey - Forcing column [id] to be non-null as it is part of the primary key for table [team_members]
10:24:17.382 [main] DEBUG org.hibernate.boot.model.internal.CollectionSecondPass - Second pass for collection: org.frcpm.models.Task.requiredComponents
10:24:17.382 [main] DEBUG org.hibernate.boot.model.internal.CollectionBinder - Binding a ManyToMany: org.frcpm.models.Task.requiredComponents
10:24:17.382 [main] DEBUG org.hibernate.boot.registry.classloading.internal.ClassLoaderServiceImpl - HHH000194: Package not found or no package-info.java: org.frcpm.models
10:24:17.382 [main] DEBUG org.hibernate.mapping.PrimaryKey - Forcing column [task_id] to be non-null as it is part of the primary key for table [task_components]
10:24:17.382 [main] DEBUG org.hibernate.mapping.PrimaryKey - Forcing column [component_id] to be non-null as it is part of the primary key for table [task_components]
10:24:17.382 [main] DEBUG org.hibernate.boot.model.internal.CollectionSecondPass - Mapped collection key: task_id, element: component_id
10:24:17.382 [main] DEBUG org.hibernate.boot.model.internal.CollectionSecondPass - Second pass for collection: org.frcpm.models.Task.preDependencies
10:24:17.382 [main] DEBUG org.hibernate.boot.model.internal.CollectionBinder - Binding a ManyToMany: org.frcpm.models.Task.preDependencies
10:24:17.383 [main] DEBUG org.hibernate.boot.registry.classloading.internal.ClassLoaderServiceImpl - HHH000194: Package not found or no package-info.java: org.frcpm.models
10:24:17.383 [main] DEBUG org.hibernate.mapping.PrimaryKey - Forcing column [task_id] to be non-null as it is part of the primary key for table [task_dependencies]
10:24:17.383 [main] DEBUG org.hibernate.mapping.PrimaryKey - Forcing column [dependency_id] to be non-null as it is part of the primary key for table [task_dependencies]
10:24:17.383 [main] DEBUG org.hibernate.boot.model.internal.CollectionSecondPass - Mapped collection key: task_id, element: dependency_id
10:24:17.383 [main] DEBUG org.hibernate.boot.model.internal.CollectionSecondPass - Second pass for collection: org.frcpm.models.Task.assignedTo
10:24:17.383 [main] DEBUG org.hibernate.boot.model.internal.CollectionBinder - Binding a ManyToMany: org.frcpm.models.Task.assignedTo
10:24:17.384 [main] DEBUG org.hibernate.boot.registry.classloading.internal.ClassLoaderServiceImpl - HHH000194: Package not found or no package-info.java: org.frcpm.models
10:24:17.384 [main] DEBUG org.hibernate.mapping.PrimaryKey - Forcing column [task_id] to be non-null as it is part of the primary key for table [task_assignments]
10:24:17.384 [main] DEBUG org.hibernate.mapping.PrimaryKey - Forcing column [team_member_id] to be non-null as it is part of the primary key for table [task_assignments]
10:24:17.384 [main] DEBUG org.hibernate.boot.model.internal.CollectionSecondPass - Mapped collection key: task_id, element: team_member_id
10:24:17.384 [main] DEBUG org.hibernate.boot.model.internal.CollectionSecondPass - Second pass for collection: org.frcpm.models.Meeting.attendances
10:24:17.384 [main] DEBUG org.hibernate.boot.model.internal.CollectionBinder - Binding a OneToMany: org.frcpm.models.Meeting.attendances through a foreign key
10:24:17.384 [main] DEBUG org.hibernate.boot.model.internal.CollectionBinder - Mapping collection: org.frcpm.models.Meeting.attendances -> attendances
10:24:17.384 [main] DEBUG org.hibernate.boot.model.internal.TableBinder - Retrieving property org.frcpm.models.Attendance.meeting
10:24:17.384 [main] DEBUG org.hibernate.boot.model.internal.CollectionSecondPass - Mapped collection key: meeting_id, one-to-many: org.frcpm.models.Attendance
10:24:17.384 [main] DEBUG org.hibernate.boot.model.internal.CollectionSecondPass - Second pass for collection: org.frcpm.models.Subsystem.tasks
10:24:17.384 [main] DEBUG org.hibernate.boot.model.internal.CollectionBinder - Binding a OneToMany: org.frcpm.models.Subsystem.tasks through a foreign key
10:24:17.384 [main] DEBUG org.hibernate.boot.model.internal.CollectionBinder - Mapping collection: org.frcpm.models.Subsystem.tasks -> tasks
10:24:17.384 [main] DEBUG org.hibernate.boot.model.internal.TableBinder - Retrieving property org.frcpm.models.Task.subsystem
10:24:17.384 [main] DEBUG org.hibernate.boot.model.internal.CollectionSecondPass - Mapped collection key: subsystem_id, one-to-many: org.frcpm.models.Task
10:24:17.384 [main] DEBUG org.hibernate.boot.model.internal.CollectionSecondPass - Second pass for collection: org.frcpm.models.Component.requiredForTasks
10:24:17.384 [main] DEBUG org.hibernate.boot.model.internal.CollectionBinder - Binding a ManyToMany: org.frcpm.models.Component.requiredForTasks
10:24:17.385 [main] DEBUG org.hibernate.boot.registry.classloading.internal.ClassLoaderServiceImpl - HHH000194: Package not found or no package-info.java: org.frcpm.models
10:24:17.385 [main] DEBUG org.hibernate.boot.model.internal.TableBinder - Retrieving property org.frcpm.models.Task.requiredComponents
10:24:17.385 [main] DEBUG org.hibernate.boot.model.internal.CollectionSecondPass - Mapped collection key: component_id, element: task_id
10:24:17.385 [main] DEBUG org.hibernate.boot.model.internal.CollectionSecondPass - Second pass for collection: org.frcpm.models.Project.meetings
10:24:17.385 [main] DEBUG org.hibernate.boot.model.internal.CollectionBinder - Binding a OneToMany: org.frcpm.models.Project.meetings through a foreign key
10:24:17.385 [main] DEBUG org.hibernate.boot.model.internal.CollectionBinder - Mapping collection: org.frcpm.models.Project.meetings -> meetings
10:24:17.385 [main] DEBUG org.hibernate.boot.model.internal.TableBinder - Retrieving property org.frcpm.models.Meeting.project
10:24:17.385 [main] DEBUG org.hibernate.boot.model.internal.CollectionSecondPass - Mapped collection key: project_id, one-to-many: org.frcpm.models.Meeting
10:24:17.385 [main] DEBUG org.hibernate.boot.model.internal.CollectionSecondPass - Second pass for collection: org.frcpm.models.Project.milestones
10:24:17.385 [main] DEBUG org.hibernate.boot.model.internal.CollectionBinder - Binding a OneToMany: org.frcpm.models.Project.milestones through a foreign key
10:24:17.385 [main] DEBUG org.hibernate.boot.model.internal.CollectionBinder - Mapping collection: org.frcpm.models.Project.milestones -> milestones
10:24:17.385 [main] DEBUG org.hibernate.boot.model.internal.TableBinder - Retrieving property org.frcpm.models.Milestone.project
10:24:17.385 [main] DEBUG org.hibernate.boot.model.internal.CollectionSecondPass - Mapped collection key: project_id, one-to-many: org.frcpm.models.Milestone
10:24:17.385 [main] DEBUG org.hibernate.boot.model.internal.CollectionSecondPass - Second pass for collection: org.frcpm.models.Project.tasks
10:24:17.385 [main] DEBUG org.hibernate.boot.model.internal.CollectionBinder - Binding a OneToMany: org.frcpm.models.Project.tasks through a foreign key
10:24:17.385 [main] DEBUG org.hibernate.boot.model.internal.CollectionBinder - Mapping collection: org.frcpm.models.Project.tasks -> tasks
10:24:17.385 [main] DEBUG org.hibernate.boot.model.internal.TableBinder - Retrieving property org.frcpm.models.Task.project
10:24:17.385 [main] DEBUG org.hibernate.boot.model.internal.CollectionSecondPass - Mapped collection key: project_id, one-to-many: org.frcpm.models.Task
10:24:17.385 [main] DEBUG org.hibernate.boot.model.internal.CollectionSecondPass - Second pass for collection: org.frcpm.models.Subteam.members
10:24:17.385 [main] DEBUG org.hibernate.boot.model.internal.CollectionBinder - Binding a OneToMany: org.frcpm.models.Subteam.members through a foreign key
10:24:17.385 [main] DEBUG org.hibernate.boot.model.internal.CollectionBinder - Mapping collection: org.frcpm.models.Subteam.members -> team_members
10:24:17.385 [main] DEBUG org.hibernate.boot.model.internal.TableBinder - Retrieving property org.frcpm.models.TeamMember.subteam
10:24:17.385 [main] DEBUG org.hibernate.boot.model.internal.CollectionSecondPass - Mapped collection key: subteam_id, one-to-many: org.frcpm.models.TeamMember
10:24:17.385 [main] DEBUG org.hibernate.boot.model.internal.CollectionSecondPass - Second pass for collection: org.frcpm.models.Subteam.subsystems
10:24:17.385 [main] DEBUG org.hibernate.boot.model.internal.CollectionBinder - Binding a OneToMany: org.frcpm.models.Subteam.subsystems through a foreign key
10:24:17.385 [main] DEBUG org.hibernate.boot.model.internal.CollectionBinder - Mapping collection: org.frcpm.models.Subteam.subsystems -> subsystems
10:24:17.385 [main] DEBUG org.hibernate.boot.model.internal.TableBinder - Retrieving property org.frcpm.models.Subsystem.responsibleSubteam
10:24:17.385 [main] DEBUG org.hibernate.boot.model.internal.CollectionSecondPass - Mapped collection key: responsible_subteam_id, one-to-many: org.frcpm.models.Subsystem
10:24:17.385 [main] DEBUG org.hibernate.boot.model.internal.CollectionSecondPass - Second pass for collection: org.frcpm.models.Task.postDependencies
10:24:17.385 [main] DEBUG org.hibernate.boot.model.internal.CollectionBinder - Binding a ManyToMany: org.frcpm.models.Task.postDependencies
10:24:17.385 [main] DEBUG org.hibernate.boot.registry.classloading.internal.ClassLoaderServiceImpl - HHH000194: Package not found or no package-info.java: org.frcpm.models
10:24:17.385 [main] DEBUG org.hibernate.boot.model.internal.TableBinder - Retrieving property org.frcpm.models.Task.preDependencies
10:24:17.385 [main] DEBUG org.hibernate.boot.model.internal.CollectionSecondPass - Mapped collection key: dependency_id, element: task_id
10:24:17.385 [main] DEBUG org.hibernate.boot.model.internal.CollectionSecondPass - Second pass for collection: org.frcpm.models.TeamMember.assignedTasks
10:24:17.385 [main] DEBUG org.hibernate.boot.model.internal.CollectionBinder - Binding a ManyToMany: org.frcpm.models.TeamMember.assignedTasks
10:24:17.385 [main] DEBUG org.hibernate.boot.registry.classloading.internal.ClassLoaderServiceImpl - HHH000194: Package not found or no package-info.java: org.frcpm.models
10:24:17.385 [main] DEBUG org.hibernate.boot.model.internal.TableBinder - Retrieving property org.frcpm.models.Task.assignedTo
10:24:17.385 [main] DEBUG org.hibernate.boot.model.internal.CollectionSecondPass - Mapped collection key: team_member_id, element: task_id
10:24:17.385 [main] DEBUG org.hibernate.boot.model.internal.CollectionSecondPass - Second pass for collection: org.frcpm.models.TeamMember.attendances
10:24:17.385 [main] DEBUG org.hibernate.boot.model.internal.CollectionBinder - Binding a OneToMany: org.frcpm.models.TeamMember.attendances through a foreign key
10:24:17.385 [main] DEBUG org.hibernate.boot.model.internal.CollectionBinder - Mapping collection: org.frcpm.models.TeamMember.attendances -> attendances
10:24:17.385 [main] DEBUG org.hibernate.boot.model.internal.TableBinder - Retrieving property org.frcpm.models.Attendance.member
10:24:17.385 [main] DEBUG org.hibernate.boot.model.internal.CollectionSecondPass - Mapped collection key: member_id, one-to-many: org.frcpm.models.Attendance
10:24:17.392 [main] DEBUG org.hibernate.internal.SessionFactoryImpl - Building session factory
10:24:17.392 [main] DEBUG org.hibernate.service.internal.SessionFactoryServiceRegistryImpl - EventListenerRegistry access via ServiceRegistry is deprecated.  Use `sessionFactory.getEventEngine().getListenerRegistry()` instead
10:24:17.392 [main] DEBUG org.hibernate.internal.SessionFactoryImpl - Instantiating SessionFactory with settings: {hibernate.format_sql=false, java.specification.version=21, sun.cpu.isalist=amd64, hibernate.connection.handling_mode=DELAYED_ACQUISITION_AND_RELEASE_AFTER_STATEMENT, sun.jnu.encoding=Cp1252, hibernate.dialect=org.hibernate.dialect.H2Dialect, java.class.path=C:\Users\dhiebert\Local Repositories\Project Management 2.0\target\test-classes;C:\Users\dhiebert\Local Repositories\Project Management 2.0\target\classes;C:\Users\dhiebert\.m2\repository\org\openjfx\javafx-controls\21.0.2\javafx-controls-21.0.2.jar;C:\Users\dhiebert\.m2\repository\org\openjfx\javafx-controls\21.0.2\javafx-controls-21.0.2-win.jar;C:\Users\dhiebert\.m2\repository\org\openjfx\javafx-fxml\21.0.2\javafx-fxml-21.0.2.jar;C:\Users\dhiebert\.m2\repository\org\openjfx\javafx-fxml\21.0.2\javafx-fxml-21.0.2-win.jar;C:\Users\dhiebert\.m2\repository\org\openjfx\javafx-graphics\21.0.2\javafx-graphics-21.0.2.jar;C:\Users\dhiebert\.m2\repository\org\openjfx\javafx-graphics\21.0.2\javafx-graphics-21.0.2-win.jar;C:\Users\dhiebert\.m2\repository\org\openjfx\javafx-base\21.0.2\javafx-base-21.0.2.jar;C:\Users\dhiebert\.m2\repository\org\openjfx\javafx-base\21.0.2\javafx-base-21.0.2-win.jar;C:\Users\dhiebert\.m2\repository\com\h2database\h2\2.2.224\h2-2.2.224.jar;C:\Users\dhiebert\.m2\repository\com\zaxxer\HikariCP\5.1.0\HikariCP-5.1.0.jar;C:\Users\dhiebert\.m2\repository\org\slf4j\slf4j-api\1.7.36\slf4j-api-1.7.36.jar;C:\Users\dhiebert\.m2\repository\org\hibernate\orm\hibernate-core\6.5.0.Final\hibernate-core-6.5.0.Final.jar;C:\Users\dhiebert\.m2\repository\jakarta\persistence\jakarta.persistence-api\3.1.0\jakarta.persistence-api-3.1.0.jar;C:\Users\dhiebert\.m2\repository\jakarta\transaction\jakarta.transaction-api\2.0.1\jakarta.transaction-api-2.0.1.jar;C:\Users\dhiebert\.m2\repository\org\jboss\logging\jboss-logging\3.5.0.Final\jboss-logging-3.5.0.Final.jar;C:\Users\dhiebert\.m2\repository\org\hibernate\common\hibernate-commons-annotations\6.0.6.Final\hibernate-commons-annotations-6.0.6.Final.jar;C:\Users\dhiebert\.m2\repository\io\smallrye\jandex\3.1.2\jandex-3.1.2.jar;C:\Users\dhiebert\.m2\repository\com\fasterxml\classmate\1.5.1\classmate-1.5.1.jar;C:\Users\dhiebert\.m2\repository\net\bytebuddy\byte-buddy\1.14.12\byte-buddy-1.14.12.jar;C:\Users\dhiebert\.m2\repository\jakarta\xml\bind\jakarta.xml.bind-api\4.0.0\jakarta.xml.bind-api-4.0.0.jar;C:\Users\dhiebert\.m2\repository\jakarta\activation\jakarta.activation-api\2.1.0\jakarta.activation-api-2.1.0.jar;C:\Users\dhiebert\.m2\repository\org\glassfish\jaxb\jaxb-runtime\4.0.2\jaxb-runtime-4.0.2.jar;C:\Users\dhiebert\.m2\repository\org\glassfish\jaxb\jaxb-core\4.0.2\jaxb-core-4.0.2.jar;C:\Users\dhiebert\.m2\repository\org\eclipse\angus\angus-activation\2.0.0\angus-activation-2.0.0.jar;C:\Users\dhiebert\.m2\repository\org\glassfish\jaxb\txw2\4.0.2\txw2-4.0.2.jar;C:\Users\dhiebert\.m2\repository\com\sun\istack\istack-commons-runtime\4.1.1\istack-commons-runtime-4.1.1.jar;C:\Users\dhiebert\.m2\repository\jakarta\inject\jakarta.inject-api\2.0.1\jakarta.inject-api-2.0.1.jar;C:\Users\dhiebert\.m2\repository\org\antlr\antlr4-runtime\4.13.0\antlr4-runtime-4.13.0.jar;C:\Users\dhiebert\.m2\repository\org\hibernate\validator\hibernate-validator\8.0.1.Final\hibernate-validator-8.0.1.Final.jar;C:\Users\dhiebert\.m2\repository\jakarta\validation\jakarta.validation-api\3.0.2\jakarta.validation-api-3.0.2.jar;C:\Users\dhiebert\.m2\repository\org\junit\jupiter\junit-jupiter-api\5.10.2\junit-jupiter-api-5.10.2.jar;C:\Users\dhiebert\.m2\repository\org\opentest4j\opentest4j\1.3.0\opentest4j-1.3.0.jar;C:\Users\dhiebert\.m2\repository\org\junit\platform\junit-platform-commons\1.10.2\junit-platform-commons-1.10.2.jar;C:\Users\dhiebert\.m2\repository\org\apiguardian\apiguardian-api\1.1.2\apiguardian-api-1.1.2.jar;C:\Users\dhiebert\.m2\repository\org\junit\jupiter\junit-jupiter-engine\5.10.2\junit-jupiter-engine-5.10.2.jar;C:\Users\dhiebert\.m2\repository\org\junit\platform\junit-platform-engine\1.10.2\junit-platform-engine-1.10.2.jar;C:\Users\dhiebert\.m2\repository\org\mockito\mockito-junit-jupiter\5.10.0\mockito-junit-jupiter-5.10.0.jar;C:\Users\dhiebert\.m2\repository\org\mockito\mockito-core\5.10.0\mockito-core-5.10.0.jar;C:\Users\dhiebert\.m2\repository\net\bytebuddy\byte-buddy-agent\1.14.11\byte-buddy-agent-1.14.11.jar;C:\Users\dhiebert\.m2\repository\org\objenesis\objenesis\3.3\objenesis-3.3.jar;C:\Users\dhiebert\.m2\repository\org\hibernate\orm\hibernate-hikaricp\6.5.0.Final\hibernate-hikaricp-6.5.0.Final.jar;C:\Users\dhiebert\.m2\repository\ch\qos\logback\logback-classic\1.2.11\logback-classic-1.2.11.jar;C:\Users\dhiebert\.m2\repository\ch\qos\logback\logback-core\1.2.11\logback-core-1.2.11.jar;C:\Users\dhiebert\.m2\repository\org\testfx\testfx-core\4.0.18\testfx-core-4.0.18.jar;C:\Users\dhiebert\.m2\repository\org\hamcrest\hamcrest\2.1\hamcrest-2.1.jar;C:\Users\dhiebert\.m2\repository\org\assertj\assertj-core\3.13.2\assertj-core-3.13.2.jar;C:\Users\dhiebert\.m2\repository\org\osgi\org.osgi.core\6.0.0\org.osgi.core-6.0.0.jar;C:\Users\dhiebert\.m2\repository\org\testfx\testfx-junit5\4.0.18\testfx-junit5-4.0.18.jar;C:\Users\dhiebert\.m2\repository\org\openjfx\javafx-web\17.0.2\javafx-web-17.0.2.jar;C:\Users\dhiebert\.m2\repository\org\openjfx\javafx-web\17.0.2\javafx-web-17.0.2-win.jar;C:\Users\dhiebert\.m2\repository\org\openjfx\javafx-media\17.0.2\javafx-media-17.0.2.jar;C:\Users\dhiebert\.m2\repository\org\openjfx\javafx-media\17.0.2\javafx-media-17.0.2-win.jar;C:\Users\dhiebert\.m2\repository\org\apache\pdfbox\pdfbox\2.0.27\pdfbox-2.0.27.jar;C:\Users\dhiebert\.m2\repository\org\apache\pdfbox\fontbox\2.0.27\fontbox-2.0.27.jar;C:\Users\dhiebert\.m2\repository\commons-logging\commons-logging\1.2\commons-logging-1.2.jar;C:\Users\dhiebert\.m2\repository\com\fasterxml\jackson\core\jackson-databind\2.15.0\jackson-databind-2.15.0.jar;C:\Users\dhiebert\.m2\repository\com\fasterxml\jackson\core\jackson-annotations\2.15.0\jackson-annotations-2.15.0.jar;C:\Users\dhiebert\.m2\repository\com\fasterxml\jackson\core\jackson-core\2.15.0\jackson-core-2.15.0.jar;C:\Users\dhiebert\.m2\repository\org\apache\xmlgraphics\batik-all\1.16\batik-all-1.16.jar;C:\Users\dhiebert\.m2\repository\xml-apis\xml-apis\1.4.01\xml-apis-1.4.01.jar;C:\Users\dhiebert\.m2\repository\xml-apis\xml-apis-ext\1.3.04\xml-apis-ext-1.3.04.jar;C:\Users\dhiebert\.m2\repository\org\apache\xmlgraphics\xmlgraphics-commons\2.7\xmlgraphics-commons-2.7.jar;C:\Users\dhiebert\.m2\repository\commons-io\commons-io\1.3.1\commons-io-1.3.1.jar;C:\Users\dhiebert\.m2\repository\org\jgrapht\jgrapht-core\1.5.2\jgrapht-core-1.5.2.jar;C:\Users\dhiebert\.m2\repository\org\jheaps\jheaps\0.14\jheaps-0.14.jar;C:\Users\dhiebert\.m2\repository\org\apfloat\apfloat\1.10.1\apfloat-1.10.1.jar;, java.vm.vendor=Eclipse Adoptium, sun.arch.data.model=64, hibernate.order_inserts=true, user.variant=, java.vendor.url=https://adoptium.net/, user.timezone=America/Chicago, javax.persistence.jdbc.user=****, javax.persistence.jdbc.url=jdbc:h2:file:C:\Users\dhiebert\.frcpm\frcpm, java.vm.specification.version=21, os.name=Windows 11, hibernate.generate_statistics=false, hibernate.hikari.connectionTimeout=10000, hibernate.order_updates=true, hibernate.jdbc.batch_versioned_data=true, jakarta.persistence.jdbc.password=****, hibernate.jdbc.batch_size=30, sun.java.launcher=SUN_STANDARD, user.country=US, local.setting.IS_JTA_TXN_COORD=false, sun.boot.library.path=C:\Program Files\Eclipse Adoptium\jdk-21.0.6.7-hotspot\bin, sun.java.command=C:\Users\dhiebert\AppData\Local\Temp\surefire9513985487531586668\surefirebooter-20250425102356946_3.jar C:\Users\dhiebert\AppData\Local\Temp\surefire9513985487531586668 2025-04-25T10-23-56_800-jvmRun1 surefire-20250425102356946_1tmp surefire_0-20250425102356946_2tmp, hibernate.use_sql_comments=false, hibernate.connection.provider_class=org.hibernate.hikaricp.internal.HikariCPConnectionProvider, jdk.debug=release, surefire.test.class.path=C:\Users\dhiebert\Local Repositories\Project Management 2.0\target\test-classes;C:\Users\dhiebert\Local Repositories\Project Management 2.0\target\classes;C:\Users\dhiebert\.m2\repository\org\openjfx\javafx-controls\21.0.2\javafx-controls-21.0.2.jar;C:\Users\dhiebert\.m2\repository\org\openjfx\javafx-controls\21.0.2\javafx-controls-21.0.2-win.jar;C:\Users\dhiebert\.m2\repository\org\openjfx\javafx-fxml\21.0.2\javafx-fxml-21.0.2.jar;C:\Users\dhiebert\.m2\repository\org\openjfx\javafx-fxml\21.0.2\javafx-fxml-21.0.2-win.jar;C:\Users\dhiebert\.m2\repository\org\openjfx\javafx-graphics\21.0.2\javafx-graphics-21.0.2.jar;C:\Users\dhiebert\.m2\repository\org\openjfx\javafx-graphics\21.0.2\javafx-graphics-21.0.2-win.jar;C:\Users\dhiebert\.m2\repository\org\openjfx\javafx-base\21.0.2\javafx-base-21.0.2.jar;C:\Users\dhiebert\.m2\repository\org\openjfx\javafx-base\21.0.2\javafx-base-21.0.2-win.jar;C:\Users\dhiebert\.m2\repository\com\h2database\h2\2.2.224\h2-2.2.224.jar;C:\Users\dhiebert\.m2\repository\com\zaxxer\HikariCP\5.1.0\HikariCP-5.1.0.jar;C:\Users\dhiebert\.m2\repository\org\slf4j\slf4j-api\1.7.36\slf4j-api-1.7.36.jar;C:\Users\dhiebert\.m2\repository\org\hibernate\orm\hibernate-core\6.5.0.Final\hibernate-core-6.5.0.Final.jar;C:\Users\dhiebert\.m2\repository\jakarta\persistence\jakarta.persistence-api\3.1.0\jakarta.persistence-api-3.1.0.jar;C:\Users\dhiebert\.m2\repository\jakarta\transaction\jakarta.transaction-api\2.0.1\jakarta.transaction-api-2.0.1.jar;C:\Users\dhiebert\.m2\repository\org\jboss\logging\jboss-logging\3.5.0.Final\jboss-logging-3.5.0.Final.jar;C:\Users\dhiebert\.m2\repository\org\hibernate\common\hibernate-commons-annotations\6.0.6.Final\hibernate-commons-annotations-6.0.6.Final.jar;C:\Users\dhiebert\.m2\repository\io\smallrye\jandex\3.1.2\jandex-3.1.2.jar;C:\Users\dhiebert\.m2\repository\com\fasterxml\classmate\1.5.1\classmate-1.5.1.jar;C:\Users\dhiebert\.m2\repository\net\bytebuddy\byte-buddy\1.14.12\byte-buddy-1.14.12.jar;C:\Users\dhiebert\.m2\repository\jakarta\xml\bind\jakarta.xml.bind-api\4.0.0\jakarta.xml.bind-api-4.0.0.jar;C:\Users\dhiebert\.m2\repository\jakarta\activation\jakarta.activation-api\2.1.0\jakarta.activation-api-2.1.0.jar;C:\Users\dhiebert\.m2\repository\org\glassfish\jaxb\jaxb-runtime\4.0.2\jaxb-runtime-4.0.2.jar;C:\Users\dhiebert\.m2\repository\org\glassfish\jaxb\jaxb-core\4.0.2\jaxb-core-4.0.2.jar;C:\Users\dhiebert\.m2\repository\org\eclipse\angus\angus-activation\2.0.0\angus-activation-2.0.0.jar;C:\Users\dhiebert\.m2\repository\org\glassfish\jaxb\txw2\4.0.2\txw2-4.0.2.jar;C:\Users\dhiebert\.m2\repository\com\sun\istack\istack-commons-runtime\4.1.1\istack-commons-runtime-4.1.1.jar;C:\Users\dhiebert\.m2\repository\jakarta\inject\jakarta.inject-api\2.0.1\jakarta.inject-api-2.0.1.jar;C:\Users\dhiebert\.m2\repository\org\antlr\antlr4-runtime\4.13.0\antlr4-runtime-4.13.0.jar;C:\Users\dhiebert\.m2\repository\org\hibernate\validator\hibernate-validator\8.0.1.Final\hibernate-validator-8.0.1.Final.jar;C:\Users\dhiebert\.m2\repository\jakarta\validation\jakarta.validation-api\3.0.2\jakarta.validation-api-3.0.2.jar;C:\Users\dhiebert\.m2\repository\org\junit\jupiter\junit-jupiter-api\5.10.2\junit-jupiter-api-5.10.2.jar;C:\Users\dhiebert\.m2\repository\org\opentest4j\opentest4j\1.3.0\opentest4j-1.3.0.jar;C:\Users\dhiebert\.m2\repository\org\junit\platform\junit-platform-commons\1.10.2\junit-platform-commons-1.10.2.jar;C:\Users\dhiebert\.m2\repository\org\apiguardian\apiguardian-api\1.1.2\apiguardian-api-1.1.2.jar;C:\Users\dhiebert\.m2\repository\org\junit\jupiter\junit-jupiter-engine\5.10.2\junit-jupiter-engine-5.10.2.jar;C:\Users\dhiebert\.m2\repository\org\junit\platform\junit-platform-engine\1.10.2\junit-platform-engine-1.10.2.jar;C:\Users\dhiebert\.m2\repository\org\mockito\mockito-junit-jupiter\5.10.0\mockito-junit-jupiter-5.10.0.jar;C:\Users\dhiebert\.m2\repository\org\mockito\mockito-core\5.10.0\mockito-core-5.10.0.jar;C:\Users\dhiebert\.m2\repository\net\bytebuddy\byte-buddy-agent\1.14.11\byte-buddy-agent-1.14.11.jar;C:\Users\dhiebert\.m2\repository\org\objenesis\objenesis\3.3\objenesis-3.3.jar;C:\Users\dhiebert\.m2\repository\org\hibernate\orm\hibernate-hikaricp\6.5.0.Final\hibernate-hikaricp-6.5.0.Final.jar;C:\Users\dhiebert\.m2\repository\ch\qos\logback\logback-classic\1.2.11\logback-classic-1.2.11.jar;C:\Users\dhiebert\.m2\repository\ch\qos\logback\logback-core\1.2.11\logback-core-1.2.11.jar;C:\Users\dhiebert\.m2\repository\org\testfx\testfx-core\4.0.18\testfx-core-4.0.18.jar;C:\Users\dhiebert\.m2\repository\org\hamcrest\hamcrest\2.1\hamcrest-2.1.jar;C:\Users\dhiebert\.m2\repository\org\assertj\assertj-core\3.13.2\assertj-core-3.13.2.jar;C:\Users\dhiebert\.m2\repository\org\osgi\org.osgi.core\6.0.0\org.osgi.core-6.0.0.jar;C:\Users\dhiebert\.m2\repository\org\testfx\testfx-junit5\4.0.18\testfx-junit5-4.0.18.jar;C:\Users\dhiebert\.m2\repository\org\openjfx\javafx-web\17.0.2\javafx-web-17.0.2.jar;C:\Users\dhiebert\.m2\repository\org\openjfx\javafx-web\17.0.2\javafx-web-17.0.2-win.jar;C:\Users\dhiebert\.m2\repository\org\openjfx\javafx-media\17.0.2\javafx-media-17.0.2.jar;C:\Users\dhiebert\.m2\repository\org\openjfx\javafx-media\17.0.2\javafx-media-17.0.2-win.jar;C:\Users\dhiebert\.m2\repository\org\apache\pdfbox\pdfbox\2.0.27\pdfbox-2.0.27.jar;C:\Users\dhiebert\.m2\repository\org\apache\pdfbox\fontbox\2.0.27\fontbox-2.0.27.jar;C:\Users\dhiebert\.m2\repository\commons-logging\commons-logging\1.2\commons-logging-1.2.jar;C:\Users\dhiebert\.m2\repository\com\fasterxml\jackson\core\jackson-databind\2.15.0\jackson-databind-2.15.0.jar;C:\Users\dhiebert\.m2\repository\com\fasterxml\jackson\core\jackson-annotations\2.15.0\jackson-annotations-2.15.0.jar;C:\Users\dhiebert\.m2\repository\com\fasterxml\jackson\core\jackson-core\2.15.0\jackson-core-2.15.0.jar;C:\Users\dhiebert\.m2\repository\org\apache\xmlgraphics\batik-all\1.16\batik-all-1.16.jar;C:\Users\dhiebert\.m2\repository\xml-apis\xml-apis\1.4.01\xml-apis-1.4.01.jar;C:\Users\dhiebert\.m2\repository\xml-apis\xml-apis-ext\1.3.04\xml-apis-ext-1.3.04.jar;C:\Users\dhiebert\.m2\repository\org\apache\xmlgraphics\xmlgraphics-commons\2.7\xmlgraphics-commons-2.7.jar;C:\Users\dhiebert\.m2\repository\commons-io\commons-io\1.3.1\commons-io-1.3.1.jar;C:\Users\dhiebert\.m2\repository\org\jgrapht\jgrapht-core\1.5.2\jgrapht-core-1.5.2.jar;C:\Users\dhiebert\.m2\repository\org\jheaps\jheaps\0.14\jheaps-0.14.jar;C:\Users\dhiebert\.m2\repository\org\apfloat\apfloat\1.10.1\apfloat-1.10.1.jar;, jakarta.persistence.jdbc.driver=org.h2.Driver, sun.cpu.endian=little, user.home=C:\Users\dhiebert, user.language=en, java.specification.vendor=Oracle Corporation, java.version.date=2025-01-21, java.home=C:\Program Files\Eclipse Adoptium\jdk-21.0.6.7-hotspot, file.separator=\, basedir=C:\Users\dhiebert\Local Repositories\Project Management 2.0, java.vm.compressedOopsMode=Zero based, jakarta.persistence.jdbc.user=****, line.separator=
, hibernate.persistenceUnitName=frcpm, java.vm.specification.vendor=Oracle Corporation, java.specification.name=Java Platform API Specification, hibernate.transaction.coordinator_class=class org.hibernate.resource.transaction.backend.jdbc.internal.JdbcResourceLocalTransactionCoordinatorBuilderImpl, javax.persistence.jdbc.driver=org.h2.Driver, hibernate.hikari.maximumPoolSize=10, surefire.real.class.path=C:\Users\dhiebert\AppData\Local\Temp\surefire9513985487531586668\surefirebooter-20250425102356946_3.jar, hibernate.hbm2ddl.auto=update, user.script=, sun.management.compiler=HotSpot 64-Bit Tiered Compilers, java.runtime.version=21.0.6+7-LTS, user.name=dhiebert, hibernate.cache.use_query_cache=false, stdout.encoding=Cp1252, path.separator=;, hibernate.connection.username=****, os.version=10.0, java.runtime.name=OpenJDK Runtime Environment, hibernate.connection.url=jdbc:h2:file:C:\Users\dhiebert\.frcpm\frcpm, file.encoding=UTF-8, hibernate.hikari.minimumIdle=2, hibernate.hikari.idleTimeout=30000, java.vm.name=OpenJDK 64-Bit Server VM, hibernate.show_sql=false, java.vendor.version=Temurin-21.0.6+7, hibernate.hikari.poolName=FRC-PM-HikariCP, hibernate.current_session_context_class=thread, localRepository=C:\Users\dhiebert\.m2\repository, hibernate.connection.driver_class=org.h2.Driver, java.vendor.url.bug=https://github.com/adoptium/adoptium-support/issues, java.io.tmpdir=C:\Users\dhiebert\AppData\Local\Temp\, java.version=21.0.6, user.dir=C:\Users\dhiebert\Local Repositories\Project Management 2.0, os.arch=amd64, java.vm.specification.name=Java Virtual Machine Specification, hibernate.connection.password=****, sun.os.patch.level=, jakarta.persistence.jdbc.url=jdbc:h2:file:C:\Users\dhiebert\.frcpm\frcpm, hibernate.boot.CfgXmlAccessService.key=org.hibernate.boot.registry.StandardServiceRegistryBuilder$1@39e53883, native.encoding=Cp1252, hibernate.cache.use_second_level_cache=false, java.library.path=C:\Program Files\Eclipse Adoptium\jdk-21.0.6.7-hotspot\bin;C:\WINDOWS\Sun\Java\bin;C:\WINDOWS\system32;C:\WINDOWS;C:\Program Files\apache-maven-3.9.9\bin;C:\Program Files\Eclipse Adoptium\jdk-21.0.6.7-hotspot\bin;C:\Program Files\National Instruments\Shared\OpenVINO\;C:\Program Files\Common Files\Oracle\Java\javapath;C:\WINDOWS\system32;C:\WINDOWS;C:\WINDOWS\System32\Wbem;C:\WINDOWS\System32\WindowsPowerShell\v1.0\;C:\WINDOWS\System32\OpenSSH\;C:\Program Files\dotnet\;C:\Program Files (x86)\Windows Live\Shared;C:\Program Files\Git\cmd;C:\Program Files\Common Files\Autodesk Shared\;C:\Program Files\Microsoft SQL Server\150\Tools\Binn\;C:\Program Files\nodejs\;C:\Program Files\Eclipse Adoptium\jdk-21.0.6.7-hotspot\bin;C:\Program Files\apache-maven-3.9.9\bin;%MAVEN_HOME%\bin;C:\Users\dhiebert\AppData\Local\Microsoft\WindowsApps;C:\Users\dhiebert\AppData\Local\GitHubDesktop\bin;C:\Users\dhiebert\AppData\Roaming\npm;C:\Users\dhiebert\AppData\Local\Packages\PythonSoftwareFoundation.Python.3.11_qbz5n2kfra8p0\LocalCache\local-packages\Python311\Scripts;C:\Users\dhiebert\AppData\Local\Packages\PythonSoftwareFoundation.Python.3.11_qbz5n2kfra8p0\LocalCache\local-packages\Python311\site-packages\maven;;c:\Users\Public\wpilib\2025\vscode\data\user-data\User\globalStorage\github.copilot-chat\debugCommand;c:\Users\Public\wpilib\2025\vscode\data\extensions\ms-python.debugpy-2025.4.1-win32-x64\bundled\scripts\noConfigScripts;., stderr.encoding=Cp1252, java.vendor=Eclipse Adoptium, java.vm.info=mixed mode, sharing, java.vm.version=21.0.6+7-LTS, sun.io.unicode.encoding=UnicodeLittle, javax.persistence.jdbc.password=****, java.class.version=65.0}
10:24:17.393 [main] DEBUG org.hibernate.internal.SessionFactoryImpl - Session factory constructed with filter configurations : {}
10:24:17.393 [main] DEBUG org.hibernate.validator.internal.xml.config.ValidationXmlParser - Trying to load META-INF/validation.xml for XML based Validator configuration.
10:24:17.393 [main] DEBUG org.hibernate.validator.internal.xml.config.ResourceLoaderHelper - Trying to load META-INF/validation.xml via TCCL
10:24:17.393 [main] DEBUG org.hibernate.validator.internal.xml.config.ResourceLoaderHelper - Trying to load META-INF/validation.xml via Hibernate Validator's class loader
10:24:17.393 [main] DEBUG org.hibernate.validator.internal.xml.config.ValidationXmlParser - No META-INF/validation.xml found. Using annotation based configuration only.
10:24:17.394 [main] DEBUG org.hibernate.validator.internal.engine.resolver.TraversableResolvers - Found jakarta.persistence.Persistence on classpath containing 'getPersistenceUtil'. Assuming JPA 2 environment. Trying to instantiate JPA aware TraversableResolver
10:24:17.394 [main] DEBUG org.hibernate.validator.internal.engine.resolver.TraversableResolvers - Instantiated JPA aware TraversableResolver of type org.hibernate.validator.internal.engine.resolver.JPATraversableResolver.
10:24:17.394 [main] DEBUG org.hibernate.validator.messageinterpolation.ResourceBundleMessageInterpolator - Failed to load expression factory via classloader jdk.internal.loader.ClassLoaders$AppClassLoader@70dea4e
java.lang.NoClassDefFoundError: jakarta/el/ExpressionFactory
	at org.hibernate.validator.messageinterpolation.ResourceBundleMessageInterpolator.canLoadExpressionFactory(ResourceBundleMessageInterpolator.java:228)
	at org.hibernate.validator.messageinterpolation.ResourceBundleMessageInterpolator.buildExpressionFactory(ResourceBundleMessageInterpolator.java:173)
	at org.hibernate.validator.messageinterpolation.ResourceBundleMessageInterpolator.<init>(ResourceBundleMessageInterpolator.java:97)
	at org.hibernate.validator.internal.engine.AbstractConfigurationImpl.getDefaultMessageInterpolator(AbstractConfigurationImpl.java:575)
	at org.hibernate.validator.internal.engine.AbstractConfigurationImpl.getDefaultMessageInterpolatorConfiguredWithClassLoader(AbstractConfigurationImpl.java:834)
	at org.hibernate.validator.internal.engine.AbstractConfigurationImpl.getMessageInterpolator(AbstractConfigurationImpl.java:485)
	at org.hibernate.validator.internal.engine.ValidatorFactoryImpl.<init>(ValidatorFactoryImpl.java:157)
	at org.hibernate.validator.HibernateValidator.buildValidatorFactory(HibernateValidator.java:38)
	at org.hibernate.validator.internal.engine.AbstractConfigurationImpl.buildValidatorFactory(AbstractConfigurationImpl.java:453)
	at jakarta.validation.Validation.buildDefaultValidatorFactory(Validation.java:103)
	at org.hibernate.boot.beanvalidation.TypeSafeActivator.getValidatorFactory(TypeSafeActivator.java:482)
	at org.hibernate.boot.beanvalidation.TypeSafeActivator.activate(TypeSafeActivator.java:79)
	at java.base/jdk.internal.reflect.DirectMethodHandleAccessor.invoke(DirectMethodHandleAccessor.java:103)
	at java.base/java.lang.reflect.Method.invoke(Method.java:580)
	at org.hibernate.boot.beanvalidation.BeanValidationIntegrator.integrate(BeanValidationIntegrator.java:139)
	at org.hibernate.internal.SessionFactoryImpl.integrate(SessionFactoryImpl.java:517)
	at org.hibernate.internal.SessionFactoryImpl.<init>(SessionFactoryImpl.java:276)
	at org.hibernate.boot.internal.SessionFactoryBuilderImpl.build(SessionFactoryBuilderImpl.java:457)
	at org.hibernate.jpa.boot.internal.EntityManagerFactoryBuilderImpl.build(EntityManagerFactoryBuilderImpl.java:1506)
	at org.hibernate.jpa.HibernatePersistenceProvider.createEntityManagerFactory(HibernatePersistenceProvider.java:55)
	at jakarta.persistence.Persistence.createEntityManagerFactory(Persistence.java:80)
	at org.frcpm.config.DatabaseConfig.initialize(DatabaseConfig.java:114)
	at org.frcpm.config.DatabaseConfig.initialize(DatabaseConfig.java:28)
	at org.frcpm.repositories.AttendanceRepositoryTest.setUp(AttendanceRepositoryTest.java:40)
	at java.base/jdk.internal.reflect.DirectMethodHandleAccessor.invoke(DirectMethodHandleAccessor.java:103)
	at java.base/java.lang.reflect.Method.invoke(Method.java:580)
	at org.junit.platform.commons.util.ReflectionUtils.invokeMethod(ReflectionUtils.java:728)
	at org.junit.jupiter.engine.execution.MethodInvocation.proceed(MethodInvocation.java:60)
	at org.junit.jupiter.engine.execution.InvocationInterceptorChain$ValidatingInvocation.proceed(InvocationInterceptorChain.java:131)
	at org.junit.jupiter.engine.extension.TimeoutExtension.intercept(TimeoutExtension.java:156)
	at org.junit.jupiter.engine.extension.TimeoutExtension.interceptLifecycleMethod(TimeoutExtension.java:128)
	at org.junit.jupiter.engine.extension.TimeoutExtension.interceptBeforeEachMethod(TimeoutExtension.java:78)
	at org.junit.jupiter.engine.execution.InterceptingExecutableInvoker$ReflectiveInterceptorCall.lambda$ofVoidMethod$0(InterceptingExecutableInvoker.java:103)
	at org.junit.jupiter.engine.execution.InterceptingExecutableInvoker.lambda$invoke$0(InterceptingExecutableInvoker.java:93)
	at org.junit.jupiter.engine.execution.InvocationInterceptorChain$InterceptedInvocation.proceed(InvocationInterceptorChain.java:106)
	at org.junit.jupiter.engine.execution.InvocationInterceptorChain.proceed(InvocationInterceptorChain.java:64)
	at org.junit.jupiter.engine.execution.InvocationInterceptorChain.chainAndInvoke(InvocationInterceptorChain.java:45)
	at org.junit.jupiter.engine.execution.InvocationInterceptorChain.invoke(InvocationInterceptorChain.java:37)
	at org.junit.jupiter.engine.execution.InterceptingExecutableInvoker.invoke(InterceptingExecutableInvoker.java:92)
	at org.junit.jupiter.engine.execution.InterceptingExecutableInvoker.invoke(InterceptingExecutableInvoker.java:86)
	at org.junit.jupiter.engine.descriptor.ClassBasedTestDescriptor.invokeMethodInExtensionContext(ClassBasedTestDescriptor.java:521)
	at org.junit.jupiter.engine.descriptor.ClassBasedTestDescriptor.lambda$synthesizeBeforeEachMethodAdapter$23(ClassBasedTestDescriptor.java:506)
	at org.junit.jupiter.engine.descriptor.TestMethodTestDescriptor.lambda$invokeBeforeEachMethods$3(TestMethodTestDescriptor.java:175)
	at org.junit.jupiter.engine.descriptor.TestMethodTestDescriptor.lambda$invokeBeforeMethodsOrCallbacksUntilExceptionOccurs$6(TestMethodTestDescriptor.java:203)
	at org.junit.platform.engine.support.hierarchical.ThrowableCollector.execute(ThrowableCollector.java:73)
	at org.junit.jupiter.engine.descriptor.TestMethodTestDescriptor.invokeBeforeMethodsOrCallbacksUntilExceptionOccurs(TestMethodTestDescriptor.java:203)
	at org.junit.jupiter.engine.descriptor.TestMethodTestDescriptor.invokeBeforeEachMethods(TestMethodTestDescriptor.java:172)
	at org.junit.jupiter.engine.descriptor.TestMethodTestDescriptor.execute(TestMethodTestDescriptor.java:135)
	at org.junit.jupiter.engine.descriptor.TestMethodTestDescriptor.execute(TestMethodTestDescriptor.java:69)
	at org.junit.platform.engine.support.hierarchical.NodeTestTask.lambda$executeRecursively$6(NodeTestTask.java:151)
	at org.junit.platform.engine.support.hierarchical.ThrowableCollector.execute(ThrowableCollector.java:73)
	at org.junit.platform.engine.support.hierarchical.NodeTestTask.lambda$executeRecursively$8(NodeTestTask.java:141)
	at org.junit.platform.engine.support.hierarchical.Node.around(Node.java:137)
	at org.junit.platform.engine.support.hierarchical.NodeTestTask.lambda$executeRecursively$9(NodeTestTask.java:139)
	at org.junit.platform.engine.support.hierarchical.ThrowableCollector.execute(ThrowableCollector.java:73)
	at org.junit.platform.engine.support.hierarchical.NodeTestTask.executeRecursively(NodeTestTask.java:138)
	at org.junit.platform.engine.support.hierarchical.NodeTestTask.execute(NodeTestTask.java:95)
	at java.base/java.util.ArrayList.forEach(ArrayList.java:1596)
	at org.junit.platform.engine.support.hierarchical.SameThreadHierarchicalTestExecutorService.invokeAll(SameThreadHierarchicalTestExecutorService.java:41)
	at org.junit.platform.engine.support.hierarchical.NodeTestTask.lambda$executeRecursively$6(NodeTestTask.java:155)
	at org.junit.platform.engine.support.hierarchical.ThrowableCollector.execute(ThrowableCollector.java:73)
	at org.junit.platform.engine.support.hierarchical.NodeTestTask.lambda$executeRecursively$8(NodeTestTask.java:141)
	at org.junit.platform.engine.support.hierarchical.Node.around(Node.java:137)
	at org.junit.platform.engine.support.hierarchical.NodeTestTask.lambda$executeRecursively$9(NodeTestTask.java:139)
	at org.junit.platform.engine.support.hierarchical.ThrowableCollector.execute(ThrowableCollector.java:73)
	at org.junit.platform.engine.support.hierarchical.NodeTestTask.executeRecursively(NodeTestTask.java:138)
	at org.junit.platform.engine.support.hierarchical.NodeTestTask.execute(NodeTestTask.java:95)
	at java.base/java.util.ArrayList.forEach(ArrayList.java:1596)
	at org.junit.platform.engine.support.hierarchical.SameThreadHierarchicalTestExecutorService.invokeAll(SameThreadHierarchicalTestExecutorService.java:41)
	at org.junit.platform.engine.support.hierarchical.NodeTestTask.lambda$executeRecursively$6(NodeTestTask.java:155)
	at org.junit.platform.engine.support.hierarchical.ThrowableCollector.execute(ThrowableCollector.java:73)
	at org.junit.platform.engine.support.hierarchical.NodeTestTask.lambda$executeRecursively$8(NodeTestTask.java:141)
	at org.junit.platform.engine.support.hierarchical.Node.around(Node.java:137)
	at org.junit.platform.engine.support.hierarchical.NodeTestTask.lambda$executeRecursively$9(NodeTestTask.java:139)
	at org.junit.platform.engine.support.hierarchical.ThrowableCollector.execute(ThrowableCollector.java:73)
	at org.junit.platform.engine.support.hierarchical.NodeTestTask.executeRecursively(NodeTestTask.java:138)
	at org.junit.platform.engine.support.hierarchical.NodeTestTask.execute(NodeTestTask.java:95)
	at org.junit.platform.engine.support.hierarchical.SameThreadHierarchicalTestExecutorService.submit(SameThreadHierarchicalTestExecutorService.java:35)
	at org.junit.platform.engine.support.hierarchical.HierarchicalTestExecutor.execute(HierarchicalTestExecutor.java:57)
	at org.junit.platform.engine.support.hierarchical.HierarchicalTestEngine.execute(HierarchicalTestEngine.java:54)
	at org.junit.platform.launcher.core.EngineExecutionOrchestrator.execute(EngineExecutionOrchestrator.java:198)
	at org.junit.platform.launcher.core.EngineExecutionOrchestrator.execute(EngineExecutionOrchestrator.java:169)
	at org.junit.platform.launcher.core.EngineExecutionOrchestrator.execute(EngineExecutionOrchestrator.java:93)
	at org.junit.platform.launcher.core.EngineExecutionOrchestrator.lambda$execute$0(EngineExecutionOrchestrator.java:58)
	at org.junit.platform.launcher.core.EngineExecutionOrchestrator.withInterceptedStreams(EngineExecutionOrchestrator.java:141)
	at org.junit.platform.launcher.core.EngineExecutionOrchestrator.execute(EngineExecutionOrchestrator.java:57)
	at org.junit.platform.launcher.core.DefaultLauncher.execute(DefaultLauncher.java:103)
	at org.junit.platform.launcher.core.DefaultLauncher.execute(DefaultLauncher.java:85)
	at org.junit.platform.launcher.core.DelegatingLauncher.execute(DelegatingLauncher.java:47)
	at org.apache.maven.surefire.junitplatform.LazyLauncher.execute(LazyLauncher.java:56)
	at org.apache.maven.surefire.junitplatform.JUnitPlatformProvider.execute(JUnitPlatformProvider.java:184)
	at org.apache.maven.surefire.junitplatform.JUnitPlatformProvider.invokeAllTests(JUnitPlatformProvider.java:148)
	at org.apache.maven.surefire.junitplatform.JUnitPlatformProvider.invoke(JUnitPlatformProvider.java:122)
	at org.apache.maven.surefire.booter.ForkedBooter.runSuitesInProcess(ForkedBooter.java:385)
	at org.apache.maven.surefire.booter.ForkedBooter.execute(ForkedBooter.java:162)
	at org.apache.maven.surefire.booter.ForkedBooter.run(ForkedBooter.java:507)
	at org.apache.maven.surefire.booter.ForkedBooter.main(ForkedBooter.java:495)
Caused by: java.lang.ClassNotFoundException: jakarta.el.ExpressionFactory
	... 97 common frames omitted
10:24:17.395 [main] DEBUG org.hibernate.validator.messageinterpolation.ResourceBundleMessageInterpolator - Failed to load expression factory via classloader jdk.internal.loader.ClassLoaders$AppClassLoader@70dea4e
java.lang.NoClassDefFoundError: jakarta/el/ExpressionFactory
	at org.hibernate.validator.messageinterpolation.ResourceBundleMessageInterpolator.canLoadExpressionFactory(ResourceBundleMessageInterpolator.java:228)
	at org.hibernate.validator.messageinterpolation.ResourceBundleMessageInterpolator.buildExpressionFactory(ResourceBundleMessageInterpolator.java:186)
	at org.hibernate.validator.messageinterpolation.ResourceBundleMessageInterpolator.<init>(ResourceBundleMessageInterpolator.java:97)
	at org.hibernate.validator.internal.engine.AbstractConfigurationImpl.getDefaultMessageInterpolator(AbstractConfigurationImpl.java:575)
	at org.hibernate.validator.internal.engine.AbstractConfigurationImpl.getDefaultMessageInterpolatorConfiguredWithClassLoader(AbstractConfigurationImpl.java:834)
	at org.hibernate.validator.internal.engine.AbstractConfigurationImpl.getMessageInterpolator(AbstractConfigurationImpl.java:485)
	at org.hibernate.validator.internal.engine.ValidatorFactoryImpl.<init>(ValidatorFactoryImpl.java:157)
	at org.hibernate.validator.HibernateValidator.buildValidatorFactory(HibernateValidator.java:38)
	at org.hibernate.validator.internal.engine.AbstractConfigurationImpl.buildValidatorFactory(AbstractConfigurationImpl.java:453)
	at jakarta.validation.Validation.buildDefaultValidatorFactory(Validation.java:103)
	at org.hibernate.boot.beanvalidation.TypeSafeActivator.getValidatorFactory(TypeSafeActivator.java:482)
	at org.hibernate.boot.beanvalidation.TypeSafeActivator.activate(TypeSafeActivator.java:79)
	at java.base/jdk.internal.reflect.DirectMethodHandleAccessor.invoke(DirectMethodHandleAccessor.java:103)
	at java.base/java.lang.reflect.Method.invoke(Method.java:580)
	at org.hibernate.boot.beanvalidation.BeanValidationIntegrator.integrate(BeanValidationIntegrator.java:139)
	at org.hibernate.internal.SessionFactoryImpl.integrate(SessionFactoryImpl.java:517)
	at org.hibernate.internal.SessionFactoryImpl.<init>(SessionFactoryImpl.java:276)
	at org.hibernate.boot.internal.SessionFactoryBuilderImpl.build(SessionFactoryBuilderImpl.java:457)
	at org.hibernate.jpa.boot.internal.EntityManagerFactoryBuilderImpl.build(EntityManagerFactoryBuilderImpl.java:1506)
	at org.hibernate.jpa.HibernatePersistenceProvider.createEntityManagerFactory(HibernatePersistenceProvider.java:55)
	at jakarta.persistence.Persistence.createEntityManagerFactory(Persistence.java:80)
	at org.frcpm.config.DatabaseConfig.initialize(DatabaseConfig.java:114)
	at org.frcpm.config.DatabaseConfig.initialize(DatabaseConfig.java:28)
	at org.frcpm.repositories.AttendanceRepositoryTest.setUp(AttendanceRepositoryTest.java:40)
	at java.base/jdk.internal.reflect.DirectMethodHandleAccessor.invoke(DirectMethodHandleAccessor.java:103)
	at java.base/java.lang.reflect.Method.invoke(Method.java:580)
	at org.junit.platform.commons.util.ReflectionUtils.invokeMethod(ReflectionUtils.java:728)
	at org.junit.jupiter.engine.execution.MethodInvocation.proceed(MethodInvocation.java:60)
	at org.junit.jupiter.engine.execution.InvocationInterceptorChain$ValidatingInvocation.proceed(InvocationInterceptorChain.java:131)
	at org.junit.jupiter.engine.extension.TimeoutExtension.intercept(TimeoutExtension.java:156)
	at org.junit.jupiter.engine.extension.TimeoutExtension.interceptLifecycleMethod(TimeoutExtension.java:128)
	at org.junit.jupiter.engine.extension.TimeoutExtension.interceptBeforeEachMethod(TimeoutExtension.java:78)
	at org.junit.jupiter.engine.execution.InterceptingExecutableInvoker$ReflectiveInterceptorCall.lambda$ofVoidMethod$0(InterceptingExecutableInvoker.java:103)
	at org.junit.jupiter.engine.execution.InterceptingExecutableInvoker.lambda$invoke$0(InterceptingExecutableInvoker.java:93)
	at org.junit.jupiter.engine.execution.InvocationInterceptorChain$InterceptedInvocation.proceed(InvocationInterceptorChain.java:106)
	at org.junit.jupiter.engine.execution.InvocationInterceptorChain.proceed(InvocationInterceptorChain.java:64)
	at org.junit.jupiter.engine.execution.InvocationInterceptorChain.chainAndInvoke(InvocationInterceptorChain.java:45)
	at org.junit.jupiter.engine.execution.InvocationInterceptorChain.invoke(InvocationInterceptorChain.java:37)
	at org.junit.jupiter.engine.execution.InterceptingExecutableInvoker.invoke(InterceptingExecutableInvoker.java:92)
	at org.junit.jupiter.engine.execution.InterceptingExecutableInvoker.invoke(InterceptingExecutableInvoker.java:86)
	at org.junit.jupiter.engine.descriptor.ClassBasedTestDescriptor.invokeMethodInExtensionContext(ClassBasedTestDescriptor.java:521)
	at org.junit.jupiter.engine.descriptor.ClassBasedTestDescriptor.lambda$synthesizeBeforeEachMethodAdapter$23(ClassBasedTestDescriptor.java:506)
	at org.junit.jupiter.engine.descriptor.TestMethodTestDescriptor.lambda$invokeBeforeEachMethods$3(TestMethodTestDescriptor.java:175)
	at org.junit.jupiter.engine.descriptor.TestMethodTestDescriptor.lambda$invokeBeforeMethodsOrCallbacksUntilExceptionOccurs$6(TestMethodTestDescriptor.java:203)
	at org.junit.platform.engine.support.hierarchical.ThrowableCollector.execute(ThrowableCollector.java:73)
	at org.junit.jupiter.engine.descriptor.TestMethodTestDescriptor.invokeBeforeMethodsOrCallbacksUntilExceptionOccurs(TestMethodTestDescriptor.java:203)
	at org.junit.jupiter.engine.descriptor.TestMethodTestDescriptor.invokeBeforeEachMethods(TestMethodTestDescriptor.java:172)
	at org.junit.jupiter.engine.descriptor.TestMethodTestDescriptor.execute(TestMethodTestDescriptor.java:135)
	at org.junit.jupiter.engine.descriptor.TestMethodTestDescriptor.execute(TestMethodTestDescriptor.java:69)
	at org.junit.platform.engine.support.hierarchical.NodeTestTask.lambda$executeRecursively$6(NodeTestTask.java:151)
	at org.junit.platform.engine.support.hierarchical.ThrowableCollector.execute(ThrowableCollector.java:73)
	at org.junit.platform.engine.support.hierarchical.NodeTestTask.lambda$executeRecursively$8(NodeTestTask.java:141)
	at org.junit.platform.engine.support.hierarchical.Node.around(Node.java:137)
	at org.junit.platform.engine.support.hierarchical.NodeTestTask.lambda$executeRecursively$9(NodeTestTask.java:139)
	at org.junit.platform.engine.support.hierarchical.ThrowableCollector.execute(ThrowableCollector.java:73)
	at org.junit.platform.engine.support.hierarchical.NodeTestTask.executeRecursively(NodeTestTask.java:138)
	at org.junit.platform.engine.support.hierarchical.NodeTestTask.execute(NodeTestTask.java:95)
	at java.base/java.util.ArrayList.forEach(ArrayList.java:1596)
	at org.junit.platform.engine.support.hierarchical.SameThreadHierarchicalTestExecutorService.invokeAll(SameThreadHierarchicalTestExecutorService.java:41)
	at org.junit.platform.engine.support.hierarchical.NodeTestTask.lambda$executeRecursively$6(NodeTestTask.java:155)
	at org.junit.platform.engine.support.hierarchical.ThrowableCollector.execute(ThrowableCollector.java:73)
	at org.junit.platform.engine.support.hierarchical.NodeTestTask.lambda$executeRecursively$8(NodeTestTask.java:141)
	at org.junit.platform.engine.support.hierarchical.Node.around(Node.java:137)
	at org.junit.platform.engine.support.hierarchical.NodeTestTask.lambda$executeRecursively$9(NodeTestTask.java:139)
	at org.junit.platform.engine.support.hierarchical.ThrowableCollector.execute(ThrowableCollector.java:73)
	at org.junit.platform.engine.support.hierarchical.NodeTestTask.executeRecursively(NodeTestTask.java:138)
	at org.junit.platform.engine.support.hierarchical.NodeTestTask.execute(NodeTestTask.java:95)
	at java.base/java.util.ArrayList.forEach(ArrayList.java:1596)
	at org.junit.platform.engine.support.hierarchical.SameThreadHierarchicalTestExecutorService.invokeAll(SameThreadHierarchicalTestExecutorService.java:41)
	at org.junit.platform.engine.support.hierarchical.NodeTestTask.lambda$executeRecursively$6(NodeTestTask.java:155)
	at org.junit.platform.engine.support.hierarchical.ThrowableCollector.execute(ThrowableCollector.java:73)
	at org.junit.platform.engine.support.hierarchical.NodeTestTask.lambda$executeRecursively$8(NodeTestTask.java:141)
	at org.junit.platform.engine.support.hierarchical.Node.around(Node.java:137)
	at org.junit.platform.engine.support.hierarchical.NodeTestTask.lambda$executeRecursively$9(NodeTestTask.java:139)
	at org.junit.platform.engine.support.hierarchical.ThrowableCollector.execute(ThrowableCollector.java:73)
	at org.junit.platform.engine.support.hierarchical.NodeTestTask.executeRecursively(NodeTestTask.java:138)
	at org.junit.platform.engine.support.hierarchical.NodeTestTask.execute(NodeTestTask.java:95)
	at org.junit.platform.engine.support.hierarchical.SameThreadHierarchicalTestExecutorService.submit(SameThreadHierarchicalTestExecutorService.java:35)
	at org.junit.platform.engine.support.hierarchical.HierarchicalTestExecutor.execute(HierarchicalTestExecutor.java:57)
	at org.junit.platform.engine.support.hierarchical.HierarchicalTestEngine.execute(HierarchicalTestEngine.java:54)
	at org.junit.platform.launcher.core.EngineExecutionOrchestrator.execute(EngineExecutionOrchestrator.java:198)
	at org.junit.platform.launcher.core.EngineExecutionOrchestrator.execute(EngineExecutionOrchestrator.java:169)
	at org.junit.platform.launcher.core.EngineExecutionOrchestrator.execute(EngineExecutionOrchestrator.java:93)
	at org.junit.platform.launcher.core.EngineExecutionOrchestrator.lambda$execute$0(EngineExecutionOrchestrator.java:58)
	at org.junit.platform.launcher.core.EngineExecutionOrchestrator.withInterceptedStreams(EngineExecutionOrchestrator.java:141)
	at org.junit.platform.launcher.core.EngineExecutionOrchestrator.execute(EngineExecutionOrchestrator.java:57)
	at org.junit.platform.launcher.core.DefaultLauncher.execute(DefaultLauncher.java:103)
	at org.junit.platform.launcher.core.DefaultLauncher.execute(DefaultLauncher.java:85)
	at org.junit.platform.launcher.core.DelegatingLauncher.execute(DelegatingLauncher.java:47)
	at org.apache.maven.surefire.junitplatform.LazyLauncher.execute(LazyLauncher.java:56)
	at org.apache.maven.surefire.junitplatform.JUnitPlatformProvider.execute(JUnitPlatformProvider.java:184)
	at org.apache.maven.surefire.junitplatform.JUnitPlatformProvider.invokeAllTests(JUnitPlatformProvider.java:148)
	at org.apache.maven.surefire.junitplatform.JUnitPlatformProvider.invoke(JUnitPlatformProvider.java:122)
	at org.apache.maven.surefire.booter.ForkedBooter.runSuitesInProcess(ForkedBooter.java:385)
	at org.apache.maven.surefire.booter.ForkedBooter.execute(ForkedBooter.java:162)
	at org.apache.maven.surefire.booter.ForkedBooter.run(ForkedBooter.java:507)
	at org.apache.maven.surefire.booter.ForkedBooter.main(ForkedBooter.java:495)
Caused by: java.lang.ClassNotFoundException: jakarta.el.ExpressionFactory
	... 97 common frames omitted
10:24:17.395 [main] DEBUG org.hibernate.boot.beanvalidation.TypeSafeActivator - Unable to acquire Bean Validation ValidatorFactory, skipping activation
10:24:17.397 [main] DEBUG org.hibernate.query.sqm.function.SqmFunctionRegistry - Registered SqmFunctionTemplate [NamedSqmFunctionTemplate(max)] under max; prior registration was null
10:24:17.398 [main] DEBUG org.hibernate.query.sqm.function.SqmFunctionRegistry - Registered SqmFunctionTemplate [NamedSqmFunctionTemplate(min)] under min; prior registration was null
10:24:17.398 [main] DEBUG org.hibernate.query.sqm.function.SqmFunctionRegistry - Registered SqmFunctionTemplate [NamedSqmFunctionTemplate(sum)] under sum; prior registration was null
10:24:17.398 [main] DEBUG org.hibernate.query.sqm.function.SqmFunctionRegistry - Registered SqmFunctionTemplate [NamedSqmFunctionTemplate(avg)] under avg; prior registration was null
10:24:17.398 [main] DEBUG org.hibernate.query.sqm.function.SqmFunctionRegistry - Registered SqmFunctionTemplate [org.hibernate.dialect.function.CountFunction@61d2e553] under count; prior registration was null
10:24:17.398 [main] DEBUG org.hibernate.query.sqm.function.SqmFunctionRegistry - Registered SqmFunctionTemplate [org.hibernate.dialect.function.EveryAnyEmulation@5b5d4344] under every; prior registration was null
10:24:17.398 [main] DEBUG org.hibernate.query.sqm.function.SqmFunctionRegistry - Registered SqmFunctionTemplate [org.hibernate.dialect.function.EveryAnyEmulation@3adb0e88] under any; prior registration was null
10:24:17.398 [main] DEBUG org.hibernate.query.sqm.function.SqmFunctionRegistry - Registered SqmFunctionTemplate [NamedSqmFunctionTemplate(floor)] under floor; prior registration was null
10:24:17.398 [main] DEBUG org.hibernate.query.sqm.function.SqmFunctionRegistry - Registered SqmFunctionTemplate [NamedSqmFunctionTemplate(ceiling)] under ceiling; prior registration was null
10:24:17.398 [main] DEBUG org.hibernate.query.sqm.function.SqmFunctionRegistry - Registered SqmFunctionTemplate [NamedSqmFunctionTemplate(mod)] under mod; prior registration was null
10:24:17.398 [main] DEBUG org.hibernate.query.sqm.function.SqmFunctionRegistry - Registered SqmFunctionTemplate [NamedSqmFunctionTemplate(abs)] under abs; prior registration was null
10:24:17.398 [main] DEBUG org.hibernate.query.sqm.function.SqmFunctionRegistry - Registered SqmFunctionTemplate [NamedSqmFunctionTemplate(sign)] under sign; prior registration was null
10:24:17.398 [main] DEBUG org.hibernate.query.sqm.function.SqmFunctionRegistry - Registered SqmFunctionTemplate [NamedSqmFunctionTemplate(sqrt)] under sqrt; prior registration was null
10:24:17.398 [main] DEBUG org.hibernate.query.sqm.function.SqmFunctionRegistry - Registered SqmFunctionTemplate [NamedSqmFunctionTemplate(ln)] under ln; prior registration was null
10:24:17.398 [main] DEBUG org.hibernate.query.sqm.function.SqmFunctionRegistry - Registered SqmFunctionTemplate [NamedSqmFunctionTemplate(exp)] under exp; prior registration was null
10:24:17.398 [main] DEBUG org.hibernate.query.sqm.function.SqmFunctionRegistry - Registered SqmFunctionTemplate [NamedSqmFunctionTemplate(power)] under power; prior registration was null
10:24:17.398 [main] DEBUG org.hibernate.query.sqm.function.SqmFunctionRegistry - Registered SqmFunctionTemplate [NamedSqmFunctionTemplate(round)] under round; prior registration was null
10:24:17.398 [main] DEBUG org.hibernate.query.sqm.function.SqmFunctionRegistry - Registered SqmFunctionTemplate [NamedSqmFunctionTemplate(sin)] under sin; prior registration was null
10:24:17.398 [main] DEBUG org.hibernate.query.sqm.function.SqmFunctionRegistry - Registered SqmFunctionTemplate [NamedSqmFunctionTemplate(cos)] under cos; prior registration was null
10:24:17.398 [main] DEBUG org.hibernate.query.sqm.function.SqmFunctionRegistry - Registered SqmFunctionTemplate [NamedSqmFunctionTemplate(tan)] under tan; prior registration was null
10:24:17.398 [main] DEBUG org.hibernate.query.sqm.function.SqmFunctionRegistry - Registered SqmFunctionTemplate [NamedSqmFunctionTemplate(asin)] under asin; prior registration was null
10:24:17.398 [main] DEBUG org.hibernate.query.sqm.function.SqmFunctionRegistry - Registered SqmFunctionTemplate [NamedSqmFunctionTemplate(acos)] under acos; prior registration was null
10:24:17.398 [main] DEBUG org.hibernate.query.sqm.function.SqmFunctionRegistry - Registered SqmFunctionTemplate [NamedSqmFunctionTemplate(atan)] under atan; prior registration was null
10:24:17.398 [main] DEBUG org.hibernate.query.sqm.function.SqmFunctionRegistry - Registered SqmFunctionTemplate [NamedSqmFunctionTemplate(atan2)] under atan2; prior registration was null
10:24:17.398 [main] DEBUG org.hibernate.query.sqm.function.SqmFunctionRegistry - Registered SqmFunctionTemplate [org.hibernate.query.sqm.function.PatternBasedSqmFunctionDescriptor@3113930] under sinh; prior registration was null
10:24:17.398 [main] DEBUG org.hibernate.query.sqm.function.SqmFunctionRegistry - Registered SqmFunctionTemplate [org.hibernate.query.sqm.function.PatternBasedSqmFunctionDescriptor@759fbc7c] under cosh; prior registration was null
10:24:17.398 [main] DEBUG org.hibernate.query.sqm.function.SqmFunctionRegistry - Registered SqmFunctionTemplate [org.hibernate.query.sqm.function.PatternBasedSqmFunctionDescriptor@446996e8] under tanh; prior registration was null
10:24:17.398 [main] DEBUG org.hibernate.query.sqm.function.SqmFunctionRegistry - Registered SqmFunctionTemplate [org.hibernate.query.sqm.function.PatternBasedSqmFunctionDescriptor@26246fa3] under pi; prior registration was null
10:24:17.398 [main] DEBUG org.hibernate.query.sqm.function.SqmFunctionRegistry - Registered SqmFunctionTemplate [org.hibernate.query.sqm.function.PatternBasedSqmFunctionDescriptor@2c760aee] under log; prior registration was null
10:24:17.398 [main] DEBUG org.hibernate.query.sqm.function.SqmFunctionRegistry - Registered SqmFunctionTemplate [NamedSqmFunctionTemplate(coalesce)] under coalesce; prior registration was null
10:24:17.398 [main] DEBUG org.hibernate.query.sqm.function.SqmFunctionRegistry - Registered SqmFunctionTemplate [NamedSqmFunctionTemplate(nullif)] under nullif; prior registration was null
10:24:17.398 [main] DEBUG org.hibernate.query.sqm.function.SqmFunctionRegistry - Registered SqmFunctionTemplate [NamedSqmFunctionTemplate(left)] under left; prior registration was null
10:24:17.398 [main] DEBUG org.hibernate.query.sqm.function.SqmFunctionRegistry - Registered SqmFunctionTemplate [NamedSqmFunctionTemplate(right)] under right; prior registration was null
10:24:17.398 [main] DEBUG org.hibernate.query.sqm.function.SqmFunctionRegistry - Registered SqmFunctionTemplate [NamedSqmFunctionTemplate(replace)] under replace; prior registration was null
10:24:17.398 [main] DEBUG org.hibernate.query.sqm.function.SqmFunctionRegistry - Registered SqmFunctionTemplate [NamedSqmFunctionTemplate(concat)] under concat; prior registration was null
10:24:17.398 [main] DEBUG org.hibernate.query.sqm.function.SqmFunctionRegistry - Registered SqmFunctionTemplate [NamedSqmFunctionTemplate(lower)] under lower; prior registration was null
10:24:17.398 [main] DEBUG org.hibernate.query.sqm.function.SqmFunctionRegistry - Registered SqmFunctionTemplate [NamedSqmFunctionTemplate(upper)] under upper; prior registration was null
10:24:17.398 [main] DEBUG org.hibernate.query.sqm.function.SqmFunctionRegistry - Registered SqmFunctionTemplate [NamedSqmFunctionTemplate(substring)] under substring; prior registration was null
10:24:17.398 [main] DEBUG org.hibernate.query.sqm.function.SqmFunctionRegistry - Registered SqmFunctionTemplate [NamedSqmFunctionTemplate(locate)] under locate; prior registration was null
10:24:17.398 [main] DEBUG org.hibernate.query.sqm.function.SqmFunctionRegistry - Registered SqmFunctionTemplate [NamedSqmFunctionTemplate(character_length)] under character_length; prior registration was null
10:24:17.398 [main] DEBUG org.hibernate.query.sqm.function.SqmFunctionRegistry - Registering alternate key : length -> character_length
10:24:17.398 [main] DEBUG org.hibernate.query.sqm.function.SqmFunctionRegistry - Registered SqmFunctionTemplate [org.hibernate.dialect.function.LocatePositionEmulation@24823f40] under position; prior registration was null
10:24:17.398 [main] DEBUG org.hibernate.query.sqm.function.SqmFunctionRegistry - Registered SqmFunctionTemplate [org.hibernate.dialect.function.InsertSubstringOverlayEmulation@2cd433ee] under overlay; prior registration was null
10:24:17.398 [main] DEBUG org.hibernate.query.sqm.function.SqmFunctionRegistry - Registered SqmFunctionTemplate [org.hibernate.dialect.function.TrimFunction@298808a0] under trim; prior registration was null
10:24:17.398 [main] DEBUG org.hibernate.query.sqm.function.SqmFunctionRegistry - Registered SqmFunctionTemplate [org.hibernate.dialect.function.CastFunction@35b54605] under cast; prior registration was null
10:24:17.398 [main] DEBUG org.hibernate.query.sqm.function.SqmFunctionRegistry - Registered SqmFunctionTemplate [org.hibernate.query.sqm.function.PatternBasedSqmFunctionDescriptor@f817cc] under collate; prior registration was null
10:24:17.398 [main] DEBUG org.hibernate.query.sqm.function.SqmFunctionRegistry - Registered SqmFunctionTemplate [org.hibernate.dialect.function.ExtractFunction@dbe0f7e] under extract; prior registration was null
10:24:17.398 [main] DEBUG org.hibernate.query.sqm.function.SqmFunctionRegistry - Registered SqmFunctionTemplate [NamedSqmFunctionTemplate(least)] under least; prior registration was null
10:24:17.398 [main] DEBUG org.hibernate.query.sqm.function.SqmFunctionRegistry - Registered SqmFunctionTemplate [NamedSqmFunctionTemplate(greatest)] under greatest; prior registration was null
10:24:17.398 [main] DEBUG org.hibernate.query.sqm.function.SqmFunctionRegistry - Registered SqmFunctionTemplate [org.hibernate.dialect.function.CoalesceIfnullEmulation@649adb61] under ifnull; prior registration was null
10:24:17.398 [main] DEBUG org.hibernate.query.sqm.function.SqmFunctionRegistry - Registered SqmFunctionTemplate [NamedSqmFunctionTemplate(lpad)] under lpad; prior registration was null
10:24:17.398 [main] DEBUG org.hibernate.query.sqm.function.SqmFunctionRegistry - Registered SqmFunctionTemplate [NamedSqmFunctionTemplate(rpad)] under rpad; prior registration was null
10:24:17.398 [main] DEBUG org.hibernate.query.sqm.function.SqmFunctionRegistry - Registered SqmFunctionTemplate [org.hibernate.dialect.function.LpadRpadPadEmulation@7b003c99] under pad; prior registration was null
10:24:17.398 [main] DEBUG org.hibernate.query.sqm.function.SqmFunctionRegistry - Registered SqmFunctionTemplate [org.hibernate.dialect.function.CastStrEmulation@3b060242] under str; prior registration was null
10:24:17.398 [main] DEBUG org.hibernate.query.sqm.function.SqmFunctionRegistry - Registered SqmFunctionTemplate [org.hibernate.dialect.function.FormatFunction@46be3fa3] under format; prior registration was null
10:24:17.398 [main] DEBUG org.hibernate.query.sqm.function.SqmFunctionRegistry - Registered SqmFunctionTemplate [org.hibernate.dialect.function.TimestampaddFunction@744da5c6] under timestampadd; prior registration was null
10:24:17.398 [main] DEBUG org.hibernate.query.sqm.function.SqmFunctionRegistry - Registered SqmFunctionTemplate [org.hibernate.dialect.function.TimestampdiffFunction@ed3ab22] under timestampdiff; prior registration was null
10:24:17.398 [main] DEBUG org.hibernate.query.sqm.function.SqmFunctionRegistry - Registering alternate key : dateadd -> timestampadd
10:24:17.398 [main] DEBUG org.hibernate.query.sqm.function.SqmFunctionRegistry - Registering alternate key : datediff -> timestampdiff
10:24:17.398 [main] DEBUG org.hibernate.query.sqm.function.SqmFunctionRegistry - Registered SqmFunctionTemplate [org.hibernate.dialect.function.CurrentFunction@5ccbca8] under current_date; prior registration was null
10:24:17.398 [main] DEBUG org.hibernate.query.sqm.function.SqmFunctionRegistry - Registered SqmFunctionTemplate [org.hibernate.dialect.function.CurrentFunction@3238c895] under current_time; prior registration was null
10:24:17.399 [main] DEBUG org.hibernate.query.sqm.function.SqmFunctionRegistry - Registered SqmFunctionTemplate [org.hibernate.dialect.function.CurrentFunction@2bc23881] under current_timestamp; prior registration was null
10:24:17.399 [main] DEBUG org.hibernate.query.sqm.function.SqmFunctionRegistry - Registering alternate key : current date -> current_date
10:24:17.399 [main] DEBUG org.hibernate.query.sqm.function.SqmFunctionRegistry - Registering alternate key : current time -> current_time
10:24:17.399 [main] DEBUG org.hibernate.query.sqm.function.SqmFunctionRegistry - Registering alternate key : current timestamp -> current_timestamp
10:24:17.399 [main] DEBUG org.hibernate.query.sqm.function.SqmFunctionRegistry - Registered SqmFunctionTemplate [org.hibernate.dialect.function.CurrentFunction@385b1c60] under local_date; prior registration was null
10:24:17.399 [main] DEBUG org.hibernate.query.sqm.function.SqmFunctionRegistry - Registered SqmFunctionTemplate [org.hibernate.dialect.function.CurrentFunction@5892de3f] under local_time; prior registration was null
10:24:17.399 [main] DEBUG org.hibernate.query.sqm.function.SqmFunctionRegistry - Registered SqmFunctionTemplate [org.hibernate.dialect.function.CurrentFunction@2c1ac9d8] under local_datetime; prior registration was null
10:24:17.399 [main] DEBUG org.hibernate.query.sqm.function.SqmFunctionRegistry - Registered SqmFunctionTemplate [org.hibernate.dialect.function.CurrentFunction@16a6eaea] under offset_datetime; prior registration was null
10:24:17.399 [main] DEBUG org.hibernate.query.sqm.function.SqmFunctionRegistry - Registering alternate key : local date -> local_date
10:24:17.399 [main] DEBUG org.hibernate.query.sqm.function.SqmFunctionRegistry - Registering alternate key : local time -> local_time
10:24:17.399 [main] DEBUG org.hibernate.query.sqm.function.SqmFunctionRegistry - Registering alternate key : local datetime -> local_datetime
10:24:17.399 [main] DEBUG org.hibernate.query.sqm.function.SqmFunctionRegistry - Registering alternate key : offset datetime -> offset_datetime
10:24:17.399 [main] DEBUG org.hibernate.query.sqm.function.SqmFunctionRegistry - Registered SqmFunctionTemplate [org.hibernate.dialect.function.CurrentFunction@767e4c42] under instant; prior registration was null
10:24:17.399 [main] DEBUG org.hibernate.query.sqm.function.SqmFunctionRegistry - Registering alternate key : current_instant -> instant
10:24:17.399 [main] DEBUG org.hibernate.query.sqm.function.SqmFunctionRegistry - Registered SqmFunctionTemplate [org.hibernate.dialect.function.SqlFunction@38d30794] under sql; prior registration was null
10:24:17.399 [main] DEBUG org.hibernate.query.sqm.function.SqmFunctionRegistry - Registered SqmFunctionTemplate [NamedSqmFunctionTemplate(max)] under max; prior registration was NamedSqmFunctionTemplate(max)
10:24:17.399 [main] DEBUG org.hibernate.query.sqm.function.SqmFunctionRegistry - Registered SqmFunctionTemplate [NamedSqmFunctionTemplate(min)] under min; prior registration was NamedSqmFunctionTemplate(min)
10:24:17.399 [main] DEBUG org.hibernate.query.sqm.function.SqmFunctionRegistry - Registered SqmFunctionTemplate [NamedSqmFunctionTemplate(sum)] under sum; prior registration was NamedSqmFunctionTemplate(sum)
10:24:17.399 [main] DEBUG org.hibernate.query.sqm.function.SqmFunctionRegistry - Registered SqmFunctionTemplate [NamedSqmFunctionTemplate(avg)] under avg; prior registration was NamedSqmFunctionTemplate(avg)
10:24:17.399 [main] DEBUG org.hibernate.query.sqm.function.SqmFunctionRegistry - Registered SqmFunctionTemplate [org.hibernate.dialect.function.CountFunction@42fd4d5f] under count; prior registration was org.hibernate.dialect.function.CountFunction@61d2e553
10:24:17.399 [main] DEBUG org.hibernate.query.sqm.function.SqmFunctionRegistry - Registered SqmFunctionTemplate [org.hibernate.dialect.function.AvgFunction@632d1e50] under avg; prior registration was NamedSqmFunctionTemplate(avg)
10:24:17.399 [main] DEBUG org.hibernate.query.sqm.function.SqmFunctionRegistry - Registered SqmFunctionTemplate [NamedSqmFunctionTemplate(pi)] under pi; prior registration was org.hibernate.query.sqm.function.PatternBasedSqmFunctionDescriptor@26246fa3
10:24:17.399 [main] DEBUG org.hibernate.query.sqm.function.SqmFunctionRegistry - Registered SqmFunctionTemplate [NamedSqmFunctionTemplate(cot)] under cot; prior registration was null
10:24:17.399 [main] DEBUG org.hibernate.query.sqm.function.SqmFunctionRegistry - Registered SqmFunctionTemplate [NamedSqmFunctionTemplate(radians)] under radians; prior registration was null
10:24:17.399 [main] DEBUG org.hibernate.query.sqm.function.SqmFunctionRegistry - Registered SqmFunctionTemplate [NamedSqmFunctionTemplate(degrees)] under degrees; prior registration was null
10:24:17.399 [main] DEBUG org.hibernate.query.sqm.function.SqmFunctionRegistry - Registered SqmFunctionTemplate [NamedSqmFunctionTemplate(log10)] under log10; prior registration was null
10:24:17.399 [main] DEBUG org.hibernate.query.sqm.function.SqmFunctionRegistry - Registered SqmFunctionTemplate [org.hibernate.query.sqm.function.PatternBasedSqmFunctionDescriptor@67b5422b] under mod; prior registration was NamedSqmFunctionTemplate(mod)
10:24:17.399 [main] DEBUG org.hibernate.query.sqm.function.SqmFunctionRegistry - Registered SqmFunctionTemplate [NamedSqmFunctionTemplate(rand)] under rand; prior registration was null
10:24:17.399 [main] DEBUG org.hibernate.query.sqm.function.SqmFunctionRegistry - Registered SqmFunctionTemplate [NamedSqmFunctionTemplate(soundex)] under soundex; prior registration was null
10:24:17.399 [main] DEBUG org.hibernate.query.sqm.function.SqmFunctionRegistry - Registered SqmFunctionTemplate [NamedSqmFunctionTemplate(translate)] under translate; prior registration was null
10:24:17.399 [main] DEBUG org.hibernate.query.sqm.function.SqmFunctionRegistry - Registered SqmFunctionTemplate [NamedSqmFunctionTemplate(bitand)] under bitand; prior registration was null
10:24:17.399 [main] DEBUG org.hibernate.query.sqm.function.SqmFunctionRegistry - Registered SqmFunctionTemplate [NamedSqmFunctionTemplate(bitor)] under bitor; prior registration was null
10:24:17.399 [main] DEBUG org.hibernate.query.sqm.function.SqmFunctionRegistry - Registered SqmFunctionTemplate [NamedSqmFunctionTemplate(bitxor)] under bitxor; prior registration was null
10:24:17.399 [main] DEBUG org.hibernate.query.sqm.function.SqmFunctionRegistry - Registered SqmFunctionTemplate [NamedSqmFunctionTemplate(bitnot)] under bitnot; prior registration was null
10:24:17.399 [main] DEBUG org.hibernate.query.sqm.function.SqmFunctionRegistry - Registered SqmFunctionTemplate [NamedSqmFunctionTemplate(bit_and)] under bit_and; prior registration was null
10:24:17.399 [main] DEBUG org.hibernate.query.sqm.function.SqmFunctionRegistry - Registered SqmFunctionTemplate [NamedSqmFunctionTemplate(bit_or)] under bit_or; prior registration was null
10:24:17.399 [main] DEBUG org.hibernate.query.sqm.function.SqmFunctionRegistry - Registered SqmFunctionTemplate [NamedSqmFunctionTemplate(day)] under day; prior registration was null
10:24:17.399 [main] DEBUG org.hibernate.query.sqm.function.SqmFunctionRegistry - Registered SqmFunctionTemplate [NamedSqmFunctionTemplate(month)] under month; prior registration was null
10:24:17.399 [main] DEBUG org.hibernate.query.sqm.function.SqmFunctionRegistry - Registered SqmFunctionTemplate [NamedSqmFunctionTemplate(year)] under year; prior registration was null
10:24:17.399 [main] DEBUG org.hibernate.query.sqm.function.SqmFunctionRegistry - Registered SqmFunctionTemplate [NamedSqmFunctionTemplate(hour)] under hour; prior registration was null
10:24:17.399 [main] DEBUG org.hibernate.query.sqm.function.SqmFunctionRegistry - Registered SqmFunctionTemplate [NamedSqmFunctionTemplate(minute)] under minute; prior registration was null
10:24:17.399 [main] DEBUG org.hibernate.query.sqm.function.SqmFunctionRegistry - Registered SqmFunctionTemplate [NamedSqmFunctionTemplate(second)] under second; prior registration was null
10:24:17.399 [main] DEBUG org.hibernate.query.sqm.function.SqmFunctionRegistry - Registered SqmFunctionTemplate [NamedSqmFunctionTemplate(microsecond)] under microsecond; prior registration was null
10:24:17.399 [main] DEBUG org.hibernate.query.sqm.function.SqmFunctionRegistry - Registered SqmFunctionTemplate [NamedSqmFunctionTemplate(day_of_week)] under day_of_week; prior registration was null
10:24:17.399 [main] DEBUG org.hibernate.query.sqm.function.SqmFunctionRegistry - Registered SqmFunctionTemplate [NamedSqmFunctionTemplate(day_of_month)] under day_of_month; prior registration was null
10:24:17.399 [main] DEBUG org.hibernate.query.sqm.function.SqmFunctionRegistry - Registering alternate key : day -> day_of_month
10:24:17.399 [main] DEBUG org.hibernate.query.sqm.function.SqmFunctionRegistry - Registered SqmFunctionTemplate [NamedSqmFunctionTemplate(day_of_year)] under day_of_year; prior registration was null
10:24:17.399 [main] DEBUG org.hibernate.query.sqm.function.SqmFunctionRegistry - Registered SqmFunctionTemplate [NamedSqmFunctionTemplate(week)] under week; prior registration was null
10:24:17.399 [main] DEBUG org.hibernate.query.sqm.function.SqmFunctionRegistry - Registered SqmFunctionTemplate [NamedSqmFunctionTemplate(quarter)] under quarter; prior registration was null
10:24:17.399 [main] DEBUG org.hibernate.query.sqm.function.SqmFunctionRegistry - Registered SqmFunctionTemplate [NamedSqmFunctionTemplate(monthname)] under monthname; prior registration was null
10:24:17.399 [main] DEBUG org.hibernate.query.sqm.function.SqmFunctionRegistry - Registered SqmFunctionTemplate [NamedSqmFunctionTemplate(dayname)] under dayname; prior registration was null
10:24:17.399 [main] DEBUG org.hibernate.query.sqm.function.SqmFunctionRegistry - Registered SqmFunctionTemplate [NamedSqmFunctionTemplate(localtime)] under localtime; prior registration was null
10:24:17.399 [main] DEBUG org.hibernate.query.sqm.function.SqmFunctionRegistry - Registered SqmFunctionTemplate [NamedSqmFunctionTemplate(localtimestamp)] under localtimestamp; prior registration was null
10:24:17.399 [main] DEBUG org.hibernate.query.sqm.function.SqmFunctionRegistry - Registered SqmFunctionTemplate [NamedSqmFunctionTemplate(localtime)] under local_time; prior registration was org.hibernate.dialect.function.CurrentFunction@5892de3f
10:24:17.399 [main] DEBUG org.hibernate.query.sqm.function.SqmFunctionRegistry - Registered SqmFunctionTemplate [NamedSqmFunctionTemplate(localtimestamp)] under local_datetime; prior registration was org.hibernate.dialect.function.CurrentFunction@2c1ac9d8
10:24:17.399 [main] DEBUG org.hibernate.query.sqm.function.SqmFunctionRegistry - Registered SqmFunctionTemplate [org.hibernate.dialect.function.TruncFunction@477a06ee] under trunc; prior registration was null
10:24:17.399 [main] DEBUG org.hibernate.query.sqm.function.SqmFunctionRegistry - Registering alternate key : truncate -> trunc
10:24:17.399 [main] DEBUG org.hibernate.query.sqm.function.SqmFunctionRegistry - Registered SqmFunctionTemplate [org.hibernate.query.sqm.function.PatternBasedSqmFunctionDescriptor@6fc52ceb] under date_trunc; prior registration was null
10:24:17.399 [main] DEBUG org.hibernate.query.sqm.function.SqmFunctionRegistry - Registered SqmFunctionTemplate [NamedSqmFunctionTemplate(bit_length)] under bit_length; prior registration was null
10:24:17.399 [main] DEBUG org.hibernate.query.sqm.function.SqmFunctionRegistry - Registered SqmFunctionTemplate [NamedSqmFunctionTemplate(octet_length)] under octet_length; prior registration was null
10:24:17.399 [main] DEBUG org.hibernate.query.sqm.function.SqmFunctionRegistry - Registered SqmFunctionTemplate [NamedSqmFunctionTemplate(ascii)] under ascii; prior registration was null
10:24:17.399 [main] DEBUG org.hibernate.query.sqm.function.SqmFunctionRegistry - Registered SqmFunctionTemplate [NamedSqmFunctionTemplate(octet_length)] under octet_length; prior registration was NamedSqmFunctionTemplate(octet_length)
10:24:17.399 [main] DEBUG org.hibernate.query.sqm.function.SqmFunctionRegistry - Registered SqmFunctionTemplate [NamedSqmFunctionTemplate(space)] under space; prior registration was null
10:24:17.399 [main] DEBUG org.hibernate.query.sqm.function.SqmFunctionRegistry - Registered SqmFunctionTemplate [NamedSqmFunctionTemplate(repeat)] under repeat; prior registration was null
10:24:17.399 [main] DEBUG org.hibernate.query.sqm.function.SqmFunctionRegistry - Registered SqmFunctionTemplate [NamedSqmFunctionTemplate(char)] under char; prior registration was null
10:24:17.399 [main] DEBUG org.hibernate.query.sqm.function.SqmFunctionRegistry - Registering alternate key : chr -> char
10:24:17.399 [main] DEBUG org.hibernate.query.sqm.function.SqmFunctionRegistry - Registered SqmFunctionTemplate [NamedSqmFunctionTemplate(instr)] under instr; prior registration was null
10:24:17.399 [main] DEBUG org.hibernate.query.sqm.function.SqmFunctionRegistry - Registered SqmFunctionTemplate [NamedSqmFunctionTemplate(substr)] under substr; prior registration was null
10:24:17.399 [main] DEBUG org.hibernate.query.sqm.function.SqmFunctionRegistry - Registered SqmFunctionTemplate [org.hibernate.query.sqm.function.PatternBasedSqmFunctionDescriptor@649160dd] under position; prior registration was org.hibernate.dialect.function.LocatePositionEmulation@24823f40
10:24:17.399 [main] DEBUG org.hibernate.query.sqm.function.SqmFunctionRegistry - Registered SqmFunctionTemplate [NamedSqmFunctionTemplate(ltrim)] under ltrim; prior registration was null
10:24:17.399 [main] DEBUG org.hibernate.query.sqm.function.SqmFunctionRegistry - Registered SqmFunctionTemplate [NamedSqmFunctionTemplate(rtrim)] under rtrim; prior registration was null
10:24:17.399 [main] DEBUG org.hibernate.query.sqm.function.SqmFunctionRegistry - Registered SqmFunctionTemplate [org.hibernate.query.sqm.function.PatternBasedSqmFunctionDescriptor@29f8c27e] under concat; prior registration was NamedSqmFunctionTemplate(concat)
10:24:17.399 [main] DEBUG org.hibernate.query.sqm.function.SqmFunctionRegistry - Registered SqmFunctionTemplate [NamedSqmFunctionTemplate(curtime)] under curtime; prior registration was null
10:24:17.399 [main] DEBUG org.hibernate.query.sqm.function.SqmFunctionRegistry - Registered SqmFunctionTemplate [NamedSqmFunctionTemplate(curdate)] under curdate; prior registration was null
10:24:17.399 [main] DEBUG org.hibernate.query.sqm.function.SqmFunctionRegistry - Registered SqmFunctionTemplate [NamedSqmFunctionTemplate(now)] under now; prior registration was null
10:24:17.399 [main] DEBUG org.hibernate.query.sqm.function.SqmFunctionRegistry - Registered SqmFunctionTemplate [NamedSqmFunctionTemplate(sysdate)] under sysdate; prior registration was null
10:24:17.399 [main] DEBUG org.hibernate.query.sqm.function.SqmFunctionRegistry - Registered SqmFunctionTemplate [NamedSqmFunctionTemplate(insert)] under insert; prior registration was null
10:24:17.399 [main] DEBUG org.hibernate.query.sqm.function.SqmFunctionRegistry - Registered SqmFunctionTemplate [NamedSqmFunctionTemplate(bool_and)] under bool_and; prior registration was null
10:24:17.399 [main] DEBUG org.hibernate.query.sqm.function.SqmFunctionRegistry - Registering alternate key : every -> bool_and
10:24:17.399 [main] DEBUG org.hibernate.query.sqm.function.SqmFunctionRegistry - Registered SqmFunctionTemplate [NamedSqmFunctionTemplate(bool_or)] under bool_or; prior registration was null
10:24:17.399 [main] DEBUG org.hibernate.query.sqm.function.SqmFunctionRegistry - Registering alternate key : any -> bool_or
10:24:17.399 [main] DEBUG org.hibernate.query.sqm.function.SqmFunctionRegistry - Registered SqmFunctionTemplate [NamedSqmFunctionTemplate(median)] under median; prior registration was null
10:24:17.399 [main] DEBUG org.hibernate.query.sqm.function.SqmFunctionRegistry - Registered SqmFunctionTemplate [NamedSqmFunctionTemplate(stddev_pop)] under stddev_pop; prior registration was null
10:24:17.399 [main] DEBUG org.hibernate.query.sqm.function.SqmFunctionRegistry - Registered SqmFunctionTemplate [NamedSqmFunctionTemplate(stddev_samp)] under stddev_samp; prior registration was null
10:24:17.399 [main] DEBUG org.hibernate.query.sqm.function.SqmFunctionRegistry - Registered SqmFunctionTemplate [NamedSqmFunctionTemplate(var_pop)] under var_pop; prior registration was null
10:24:17.400 [main] DEBUG org.hibernate.query.sqm.function.SqmFunctionRegistry - Registered SqmFunctionTemplate [NamedSqmFunctionTemplate(var_samp)] under var_samp; prior registration was null
10:24:17.400 [main] DEBUG org.hibernate.query.sqm.function.SqmFunctionRegistry - Registered SqmFunctionTemplate [org.hibernate.dialect.function.FormatFunction@3e22fcd9] under format; prior registration was org.hibernate.dialect.function.FormatFunction@46be3fa3
10:24:17.400 [main] DEBUG org.hibernate.query.sqm.function.SqmFunctionRegistry - Registered SqmFunctionTemplate [NamedSqmFunctionTemplate(rownum)] under rownum; prior registration was null
10:24:17.400 [main] DEBUG org.hibernate.query.sqm.function.SqmFunctionRegistry - Registered SqmFunctionTemplate [NamedSqmFunctionTemplate(row_number)] under row_number; prior registration was null
10:24:17.400 [main] DEBUG org.hibernate.query.sqm.function.SqmFunctionRegistry - Registered SqmFunctionTemplate [NamedSqmFunctionTemplate(lag)] under lag; prior registration was null
10:24:17.400 [main] DEBUG org.hibernate.query.sqm.function.SqmFunctionRegistry - Registered SqmFunctionTemplate [NamedSqmFunctionTemplate(lead)] under lead; prior registration was null
10:24:17.400 [main] DEBUG org.hibernate.query.sqm.function.SqmFunctionRegistry - Registered SqmFunctionTemplate [NamedSqmFunctionTemplate(first_value)] under first_value; prior registration was null
10:24:17.400 [main] DEBUG org.hibernate.query.sqm.function.SqmFunctionRegistry - Registered SqmFunctionTemplate [NamedSqmFunctionTemplate(last_value)] under last_value; prior registration was null
10:24:17.400 [main] DEBUG org.hibernate.query.sqm.function.SqmFunctionRegistry - Registered SqmFunctionTemplate [NamedSqmFunctionTemplate(nth_value)] under nth_value; prior registration was null
10:24:17.400 [main] DEBUG org.hibernate.query.sqm.function.SqmFunctionRegistry - Registered SqmFunctionTemplate [org.hibernate.dialect.function.ListaggFunction@78c63d82] under listagg; prior registration was null
10:24:17.400 [main] DEBUG org.hibernate.query.sqm.function.SqmFunctionRegistry - Registered SqmFunctionTemplate [org.hibernate.dialect.function.InverseDistributionFunction@173e3dcf] under mode; prior registration was null
10:24:17.400 [main] DEBUG org.hibernate.query.sqm.function.SqmFunctionRegistry - Registered SqmFunctionTemplate [org.hibernate.dialect.function.InverseDistributionFunction@783af664] under percentile_cont; prior registration was null
10:24:17.400 [main] DEBUG org.hibernate.query.sqm.function.SqmFunctionRegistry - Registered SqmFunctionTemplate [org.hibernate.dialect.function.InverseDistributionFunction@5157098e] under percentile_disc; prior registration was null
10:24:17.400 [main] DEBUG org.hibernate.query.sqm.function.SqmFunctionRegistry - Registered SqmFunctionTemplate [org.hibernate.dialect.function.HypotheticalSetFunction@18b4140b] under rank; prior registration was null
10:24:17.400 [main] DEBUG org.hibernate.query.sqm.function.SqmFunctionRegistry - Registered SqmFunctionTemplate [org.hibernate.dialect.function.HypotheticalSetFunction@7e028297] under dense_rank; prior registration was null
10:24:17.400 [main] DEBUG org.hibernate.query.sqm.function.SqmFunctionRegistry - Registered SqmFunctionTemplate [org.hibernate.dialect.function.HypotheticalSetFunction@5124d2e5] under percent_rank; prior registration was null
10:24:17.400 [main] DEBUG org.hibernate.query.sqm.function.SqmFunctionRegistry - Registered SqmFunctionTemplate [org.hibernate.dialect.function.HypotheticalSetFunction@3856aa36] under cume_dist; prior registration was null
10:24:17.400 [main] DEBUG org.hibernate.query.sqm.function.SqmFunctionRegistry - Registered SqmFunctionTemplate [org.hibernate.dialect.function.array.ArrayConstructorFunction@fae57b] under array; prior registration was null
10:24:17.400 [main] DEBUG org.hibernate.query.sqm.function.SqmFunctionRegistry - Registered SqmFunctionTemplate [org.hibernate.dialect.function.array.ArrayConstructorFunction@6a86c9c9] under array_list; prior registration was null
10:24:17.400 [main] DEBUG org.hibernate.query.sqm.function.SqmFunctionRegistry - Registered SqmFunctionTemplate [org.hibernate.dialect.function.array.ArrayAggFunction@1dc28d86] under array_agg; prior registration was null
10:24:17.400 [main] DEBUG org.hibernate.query.sqm.function.SqmFunctionRegistry - Registered SqmFunctionTemplate [org.hibernate.dialect.function.array.H2ArrayPositionFunction@10c88312] under array_position; prior registration was null
10:24:17.400 [main] DEBUG org.hibernate.query.sqm.function.SqmFunctionRegistry - Registered SqmFunctionTemplate [org.hibernate.dialect.function.array.H2ArrayPositionsFunction@1b5a3cfc] under array_positions; prior registration was null
10:24:17.400 [main] DEBUG org.hibernate.query.sqm.function.SqmFunctionRegistry - Registered SqmFunctionTemplate [org.hibernate.dialect.function.array.H2ArrayPositionsFunction@4679fde2] under array_positions_list; prior registration was null
10:24:17.400 [main] DEBUG org.hibernate.query.sqm.function.SqmFunctionRegistry - Registered SqmFunctionTemplate [org.hibernate.query.sqm.function.PatternBasedSqmFunctionDescriptor@7269c475] under array_length; prior registration was null
10:24:17.400 [main] DEBUG org.hibernate.query.sqm.function.SqmFunctionRegistry - Registered SqmFunctionTemplate [org.hibernate.dialect.function.array.ArrayConcatFunction@381eab18] under array_concat; prior registration was null
10:24:17.400 [main] DEBUG org.hibernate.query.sqm.function.SqmFunctionRegistry - Registered SqmFunctionTemplate [org.hibernate.dialect.function.array.ArrayConcatElementFunction@437de8fb] under array_prepend; prior registration was null
10:24:17.400 [main] DEBUG org.hibernate.query.sqm.function.SqmFunctionRegistry - Registered SqmFunctionTemplate [org.hibernate.dialect.function.array.ArrayConcatElementFunction@4a628b9b] under array_append; prior registration was null
10:24:17.400 [main] DEBUG org.hibernate.query.sqm.function.SqmFunctionRegistry - Registered SqmFunctionTemplate [org.hibernate.dialect.function.array.H2ArrayContainsFunction@7614a4ce] under array_contains; prior registration was null
10:24:17.400 [main] DEBUG org.hibernate.query.sqm.function.SqmFunctionRegistry - Registered SqmFunctionTemplate [org.hibernate.dialect.function.array.H2ArrayContainsFunction@3b1f877f] under array_contains_nullable; prior registration was null
10:24:17.400 [main] DEBUG org.hibernate.query.sqm.function.SqmFunctionRegistry - Registered SqmFunctionTemplate [org.hibernate.dialect.function.array.H2ArrayOverlapsFunction@17098ad7] under array_overlaps; prior registration was null
10:24:17.400 [main] DEBUG org.hibernate.query.sqm.function.SqmFunctionRegistry - Registered SqmFunctionTemplate [org.hibernate.dialect.function.array.H2ArrayOverlapsFunction@4969e5fe] under array_overlaps_nullable; prior registration was null
10:24:17.400 [main] DEBUG org.hibernate.query.sqm.function.SqmFunctionRegistry - Registered SqmFunctionTemplate [org.hibernate.query.sqm.function.PatternBasedSqmFunctionDescriptor@1a880ac9] under array_get; prior registration was null
10:24:17.400 [main] DEBUG org.hibernate.query.sqm.function.SqmFunctionRegistry - Registered SqmFunctionTemplate [org.hibernate.dialect.function.array.H2ArraySetFunction@5d6b4298] under array_set; prior registration was null
10:24:17.400 [main] DEBUG org.hibernate.query.sqm.function.SqmFunctionRegistry - Registered SqmFunctionTemplate [org.hibernate.dialect.function.array.H2ArrayRemoveFunction@66f24d0] under array_remove; prior registration was null
10:24:17.400 [main] DEBUG org.hibernate.query.sqm.function.SqmFunctionRegistry - Registered SqmFunctionTemplate [org.hibernate.dialect.function.array.H2ArrayRemoveIndexFunction@2f77f6] under array_remove_index; prior registration was null
10:24:17.400 [main] DEBUG org.hibernate.query.sqm.function.SqmFunctionRegistry - Registered SqmFunctionTemplate [org.hibernate.query.sqm.function.PatternBasedSqmFunctionDescriptor@5a2beb78] under array_slice; prior registration was null
10:24:17.400 [main] DEBUG org.hibernate.query.sqm.function.SqmFunctionRegistry - Registered SqmFunctionTemplate [org.hibernate.dialect.function.array.H2ArrayReplaceFunction@5d530d27] under array_replace; prior registration was null
10:24:17.400 [main] DEBUG org.hibernate.query.sqm.function.SqmFunctionRegistry - Registered SqmFunctionTemplate [org.hibernate.query.sqm.function.PatternBasedSqmFunctionDescriptor@2265fbf9] under array_trim; prior registration was null
10:24:17.400 [main] DEBUG org.hibernate.query.sqm.function.SqmFunctionRegistry - Registered SqmFunctionTemplate [org.hibernate.dialect.function.array.H2ArrayFillFunction@598eb884] under array_fill; prior registration was null
10:24:17.400 [main] DEBUG org.hibernate.query.sqm.function.SqmFunctionRegistry - Registered SqmFunctionTemplate [org.hibernate.dialect.function.array.H2ArrayFillFunction@5c7bf8e6] under array_fill_list; prior registration was null
10:24:17.400 [main] DEBUG org.hibernate.query.sqm.function.SqmFunctionRegistry - Registered SqmFunctionTemplate [org.hibernate.dialect.function.array.H2ArrayToStringFunction@1904fc7b] under array_to_string; prior registration was null
10:24:17.400 [main] DEBUG org.hibernate.HQL_FUNCTIONS - abs(NUMERIC arg)
10:24:17.400 [main] DEBUG org.hibernate.HQL_FUNCTIONS - Double acos(NUMERIC arg)
10:24:17.400 [main] DEBUG org.hibernate.HQL_FUNCTIONS - Boolean any(BOOLEAN predicate)
10:24:17.400 [main] DEBUG org.hibernate.HQL_FUNCTIONS - array( ... )
10:24:17.400 [main] DEBUG org.hibernate.HQL_FUNCTIONS - array_agg(arg)
10:24:17.400 [main] DEBUG org.hibernate.HQL_FUNCTIONS - array_append( ... )
10:24:17.400 [main] DEBUG org.hibernate.HQL_FUNCTIONS - array_concat( ... )
10:24:17.400 [main] DEBUG org.hibernate.HQL_FUNCTIONS - Boolean array_contains(ARRAY haystackArray, OBJECT needleElementOrArray)
10:24:17.400 [main] DEBUG org.hibernate.HQL_FUNCTIONS - Boolean array_contains_nullable(ARRAY haystackArray, OBJECT needleElementOrArray)
10:24:17.400 [main] DEBUG org.hibernate.HQL_FUNCTIONS - array_fill(OBJECT element, INTEGER elementCount)
10:24:17.400 [main] DEBUG org.hibernate.HQL_FUNCTIONS - array_fill_list(OBJECT element, INTEGER elementCount)
10:24:17.400 [main] DEBUG org.hibernate.HQL_FUNCTIONS - array_get(ARRAY array, INTEGER index)
10:24:17.400 [main] DEBUG org.hibernate.HQL_FUNCTIONS - Integer array_length(ARRAY array)
10:24:17.400 [main] DEBUG org.hibernate.HQL_FUNCTIONS - array_list( ... )
10:24:17.400 [main] DEBUG org.hibernate.HQL_FUNCTIONS - Boolean array_overlaps(ARRAY array0, OBJECT array1)
10:24:17.400 [main] DEBUG org.hibernate.HQL_FUNCTIONS - Boolean array_overlaps_nullable(ARRAY array0, OBJECT array1)
10:24:17.400 [main] DEBUG org.hibernate.HQL_FUNCTIONS - Integer array_position(ARRAY array, OBJECT element[, INTEGER startPosition])
10:24:17.400 [main] DEBUG org.hibernate.HQL_FUNCTIONS - int[] array_positions(ARRAY array, OBJECT element)
10:24:17.400 [main] DEBUG org.hibernate.HQL_FUNCTIONS - List array_positions_list(ARRAY array, OBJECT element)
10:24:17.400 [main] DEBUG org.hibernate.HQL_FUNCTIONS - array_prepend( ... )
10:24:17.400 [main] DEBUG org.hibernate.HQL_FUNCTIONS - array_remove( ... )
10:24:17.400 [main] DEBUG org.hibernate.HQL_FUNCTIONS - array_remove_index( ... )
10:24:17.400 [main] DEBUG org.hibernate.HQL_FUNCTIONS - array_replace( ... )
10:24:17.400 [main] DEBUG org.hibernate.HQL_FUNCTIONS - array_set( ... )
10:24:17.400 [main] DEBUG org.hibernate.HQL_FUNCTIONS - array_slice(ARRAY array, INTEGER start, INTEGER end)
10:24:17.400 [main] DEBUG org.hibernate.HQL_FUNCTIONS - String array_to_string( ... )
10:24:17.400 [main] DEBUG org.hibernate.HQL_FUNCTIONS - array_trim(ARRAY array, INTEGER elementsToRemove)
10:24:17.400 [main] DEBUG org.hibernate.HQL_FUNCTIONS - Integer ascii(STRING arg)
10:24:17.400 [main] DEBUG org.hibernate.HQL_FUNCTIONS - Double asin(NUMERIC arg)
10:24:17.400 [main] DEBUG org.hibernate.HQL_FUNCTIONS - Double atan(NUMERIC arg)
10:24:17.400 [main] DEBUG org.hibernate.HQL_FUNCTIONS - Double atan2(NUMERIC arg0, NUMERIC arg1)
10:24:17.400 [main] DEBUG org.hibernate.HQL_FUNCTIONS - avg(NUMERIC arg)
10:24:17.400 [main] DEBUG org.hibernate.HQL_FUNCTIONS - bit_and(arg)
10:24:17.400 [main] DEBUG org.hibernate.HQL_FUNCTIONS - Integer bit_length(STRING_OR_CLOB arg)
10:24:17.400 [main] DEBUG org.hibernate.HQL_FUNCTIONS - bit_or(arg)
10:24:17.400 [main] DEBUG org.hibernate.HQL_FUNCTIONS - bitand(arg0, arg1)
10:24:17.400 [main] DEBUG org.hibernate.HQL_FUNCTIONS - bitnot(arg)
10:24:17.400 [main] DEBUG org.hibernate.HQL_FUNCTIONS - bitor(arg0, arg1)
10:24:17.400 [main] DEBUG org.hibernate.HQL_FUNCTIONS - bitxor(arg0, arg1)
10:24:17.400 [main] DEBUG org.hibernate.HQL_FUNCTIONS - Boolean bool_and(BOOLEAN predicate)
10:24:17.400 [main] DEBUG org.hibernate.HQL_FUNCTIONS - Boolean bool_or(BOOLEAN predicate)
10:24:17.400 [main] DEBUG org.hibernate.HQL_FUNCTIONS - cast(arg as Type)
10:24:17.400 [main] DEBUG org.hibernate.HQL_FUNCTIONS - ceiling(NUMERIC arg)
10:24:17.400 [main] DEBUG org.hibernate.HQL_FUNCTIONS - Character char(INTEGER arg)
10:24:17.400 [main] DEBUG org.hibernate.HQL_FUNCTIONS - Integer character_length(STRING_OR_CLOB arg)
10:24:17.400 [main] DEBUG org.hibernate.HQL_FUNCTIONS - Character chr(INTEGER arg)
10:24:17.400 [main] DEBUG org.hibernate.HQL_FUNCTIONS - coalesce(arg0[, arg1[, ...]])
10:24:17.400 [main] DEBUG org.hibernate.HQL_FUNCTIONS - String collate(STRING string as COLLATION collation)
10:24:17.400 [main] DEBUG org.hibernate.HQL_FUNCTIONS - String concat(STRING string0[, STRING string1[, ...]])
10:24:17.400 [main] DEBUG org.hibernate.HQL_FUNCTIONS - Double cos(NUMERIC arg)
10:24:17.400 [main] DEBUG org.hibernate.HQL_FUNCTIONS - Double cosh(NUMERIC arg)
10:24:17.400 [main] DEBUG org.hibernate.HQL_FUNCTIONS - Double cot(NUMERIC arg)
10:24:17.400 [main] DEBUG org.hibernate.HQL_FUNCTIONS - Long count([distinct ]{arg|*})
10:24:17.400 [main] DEBUG org.hibernate.HQL_FUNCTIONS - Double cume_dist([arg0[, ...]])
10:24:17.400 [main] DEBUG org.hibernate.HQL_FUNCTIONS - Date curdate()
10:24:17.400 [main] DEBUG org.hibernate.HQL_FUNCTIONS - Date current date
10:24:17.400 [main] DEBUG org.hibernate.HQL_FUNCTIONS - Time current time
10:24:17.400 [main] DEBUG org.hibernate.HQL_FUNCTIONS - Timestamp current timestamp
10:24:17.400 [main] DEBUG org.hibernate.HQL_FUNCTIONS - Date current_date
10:24:17.400 [main] DEBUG org.hibernate.HQL_FUNCTIONS - Instant current_instant
10:24:17.400 [main] DEBUG org.hibernate.HQL_FUNCTIONS - Time current_time
10:24:17.400 [main] DEBUG org.hibernate.HQL_FUNCTIONS - Timestamp current_timestamp
10:24:17.400 [main] DEBUG org.hibernate.HQL_FUNCTIONS - Time curtime()
10:24:17.400 [main] DEBUG org.hibernate.HQL_FUNCTIONS - date_trunc(STRING field, TEMPORAL datetime)
10:24:17.400 [main] DEBUG org.hibernate.HQL_FUNCTIONS - dateadd(TEMPORAL_UNIT field, INTEGER magnitude, TEMPORAL datetime)
10:24:17.400 [main] DEBUG org.hibernate.HQL_FUNCTIONS - Long|Double datediff(TEMPORAL_UNIT field, TEMPORAL start, TEMPORAL end)
10:24:17.400 [main] DEBUG org.hibernate.HQL_FUNCTIONS - Integer day(DATE arg)
10:24:17.400 [main] DEBUG org.hibernate.HQL_FUNCTIONS - Integer day_of_month(DATE arg)
10:24:17.400 [main] DEBUG org.hibernate.HQL_FUNCTIONS - Integer day_of_week(DATE arg)
10:24:17.400 [main] DEBUG org.hibernate.HQL_FUNCTIONS - Integer day_of_year(DATE arg)
10:24:17.400 [main] DEBUG org.hibernate.HQL_FUNCTIONS - String dayname(DATE arg)
10:24:17.400 [main] DEBUG org.hibernate.HQL_FUNCTIONS - Double degrees(NUMERIC arg)
10:24:17.400 [main] DEBUG org.hibernate.HQL_FUNCTIONS - Long dense_rank([arg0[, ...]])
10:24:17.400 [main] DEBUG org.hibernate.HQL_FUNCTIONS - Boolean every(BOOLEAN predicate)
10:24:17.400 [main] DEBUG org.hibernate.HQL_FUNCTIONS - Double exp(NUMERIC arg)
10:24:17.400 [main] DEBUG org.hibernate.HQL_FUNCTIONS - extract(TEMPORAL_UNIT field from TEMPORAL arg)
10:24:17.400 [main] DEBUG org.hibernate.HQL_FUNCTIONS - first_valueANY value
10:24:17.400 [main] DEBUG org.hibernate.HQL_FUNCTIONS - floor(NUMERIC arg)
10:24:17.400 [main] DEBUG org.hibernate.HQL_FUNCTIONS - String format(TEMPORAL datetime as STRING pattern)
10:24:17.400 [main] DEBUG org.hibernate.HQL_FUNCTIONS - greatest(COMPARABLE arg0, COMPARABLE arg1[, arg2[, ...]])
10:24:17.400 [main] DEBUG org.hibernate.HQL_FUNCTIONS - Integer hour(TIME arg)
10:24:17.400 [main] DEBUG org.hibernate.HQL_FUNCTIONS - ifnull(arg0, arg1)
10:24:17.400 [main] DEBUG org.hibernate.HQL_FUNCTIONS - String insert(STRING string, INTEGER start, INTEGER length, STRING replacement)
10:24:17.400 [main] DEBUG org.hibernate.HQL_FUNCTIONS - Instant instant
10:24:17.400 [main] DEBUG org.hibernate.HQL_FUNCTIONS - Integer instr(STRING string, STRING pattern[, INTEGER start[, INTEGER occurrence]])
10:24:17.400 [main] DEBUG org.hibernate.HQL_FUNCTIONS - lagANY value[, INTEGER offset[, ANY default]]
10:24:17.400 [main] DEBUG org.hibernate.HQL_FUNCTIONS - last_valueANY value
10:24:17.400 [main] DEBUG org.hibernate.HQL_FUNCTIONS - leadANY value[, INTEGER offset[, ANY default]]
10:24:17.400 [main] DEBUG org.hibernate.HQL_FUNCTIONS - least(COMPARABLE arg0, COMPARABLE arg1[, arg2[, ...]])
10:24:17.400 [main] DEBUG org.hibernate.HQL_FUNCTIONS - String left(STRING string, INTEGER length)
10:24:17.400 [main] DEBUG org.hibernate.HQL_FUNCTIONS - Integer length(STRING_OR_CLOB arg)
10:24:17.400 [main] DEBUG org.hibernate.HQL_FUNCTIONS - String listagg(STRING arg0, STRING arg1)
10:24:17.400 [main] DEBUG org.hibernate.HQL_FUNCTIONS - Double ln(NUMERIC arg)
10:24:17.400 [main] DEBUG org.hibernate.HQL_FUNCTIONS - LocalDate local date
10:24:17.400 [main] DEBUG org.hibernate.HQL_FUNCTIONS - LocalDateTime local datetime
10:24:17.400 [main] DEBUG org.hibernate.HQL_FUNCTIONS - LocalTime local time
10:24:17.400 [main] DEBUG org.hibernate.HQL_FUNCTIONS - LocalDate local_date
10:24:17.400 [main] DEBUG org.hibernate.HQL_FUNCTIONS - LocalDateTime local_datetime
10:24:17.400 [main] DEBUG org.hibernate.HQL_FUNCTIONS - LocalTime local_time
10:24:17.400 [main] DEBUG org.hibernate.HQL_FUNCTIONS - Time localtime
10:24:17.400 [main] DEBUG org.hibernate.HQL_FUNCTIONS - Timestamp localtimestamp
10:24:17.400 [main] DEBUG org.hibernate.HQL_FUNCTIONS - Integer locate(STRING pattern, STRING string[, INTEGER start])
10:24:17.400 [main] DEBUG org.hibernate.HQL_FUNCTIONS - Double log(NUMERIC base, NUMERIC arg)
10:24:17.400 [main] DEBUG org.hibernate.HQL_FUNCTIONS - Double log10(NUMERIC arg)
10:24:17.400 [main] DEBUG org.hibernate.HQL_FUNCTIONS - String lower(STRING string)
10:24:17.400 [main] DEBUG org.hibernate.HQL_FUNCTIONS - String lpad(STRING string, INTEGER length[, STRING padding])
10:24:17.400 [main] DEBUG org.hibernate.HQL_FUNCTIONS - String ltrim(STRING string)
10:24:17.400 [main] DEBUG org.hibernate.HQL_FUNCTIONS - max(COMPARABLE arg)
10:24:17.400 [main] DEBUG org.hibernate.HQL_FUNCTIONS - Double median(NUMERIC arg)
10:24:17.400 [main] DEBUG org.hibernate.HQL_FUNCTIONS - Integer microsecond(TIME arg)
10:24:17.400 [main] DEBUG org.hibernate.HQL_FUNCTIONS - min(COMPARABLE arg)
10:24:17.400 [main] DEBUG org.hibernate.HQL_FUNCTIONS - Integer minute(TIME arg)
10:24:17.400 [main] DEBUG org.hibernate.HQL_FUNCTIONS - Integer mod(INTEGER arg0, INTEGER arg1)
10:24:17.400 [main] DEBUG org.hibernate.HQL_FUNCTIONS - mode()
10:24:17.400 [main] DEBUG org.hibernate.HQL_FUNCTIONS - Integer month(DATE arg)
10:24:17.400 [main] DEBUG org.hibernate.HQL_FUNCTIONS - String monthname(DATE arg)
10:24:17.400 [main] DEBUG org.hibernate.HQL_FUNCTIONS - Timestamp now()
10:24:17.400 [main] DEBUG org.hibernate.HQL_FUNCTIONS - nth_valueANY value, INTEGER nth
10:24:17.400 [main] DEBUG org.hibernate.HQL_FUNCTIONS - nullif(arg0, arg1)
10:24:17.400 [main] DEBUG org.hibernate.HQL_FUNCTIONS - Integer octet_length(STRING_OR_CLOB arg)
10:24:17.400 [main] DEBUG org.hibernate.HQL_FUNCTIONS - OffsetDateTime offset datetime
10:24:17.400 [main] DEBUG org.hibernate.HQL_FUNCTIONS - OffsetDateTime offset_datetime
10:24:17.400 [main] DEBUG org.hibernate.HQL_FUNCTIONS - String overlay(STRING string placing STRING replacement from INTEGER start[ for INTEGER length])
10:24:17.400 [main] DEBUG org.hibernate.HQL_FUNCTIONS - String pad(STRING string with INTEGER length {leading|trailing}[ STRING character])
10:24:17.400 [main] DEBUG org.hibernate.HQL_FUNCTIONS - Double percent_rank([arg0[, ...]])
10:24:17.400 [main] DEBUG org.hibernate.HQL_FUNCTIONS - percentile_cont(NUMERIC arg)
10:24:17.400 [main] DEBUG org.hibernate.HQL_FUNCTIONS - percentile_disc(NUMERIC arg)
10:24:17.400 [main] DEBUG org.hibernate.HQL_FUNCTIONS - Double pi
10:24:17.400 [main] DEBUG org.hibernate.HQL_FUNCTIONS - Integer position(STRING pattern in STRING string)
10:24:17.400 [main] DEBUG org.hibernate.HQL_FUNCTIONS - Double power(NUMERIC arg0, NUMERIC arg1)
10:24:17.400 [main] DEBUG org.hibernate.HQL_FUNCTIONS - Integer quarter(DATE arg)
10:24:17.400 [main] DEBUG org.hibernate.HQL_FUNCTIONS - Double radians(NUMERIC arg)
10:24:17.400 [main] DEBUG org.hibernate.HQL_FUNCTIONS - Double rand([INTEGER seed])
10:24:17.400 [main] DEBUG org.hibernate.HQL_FUNCTIONS - Long rank([arg0[, ...]])
10:24:17.400 [main] DEBUG org.hibernate.HQL_FUNCTIONS - String repeat(STRING string, INTEGER times)
10:24:17.400 [main] DEBUG org.hibernate.HQL_FUNCTIONS - String replace(STRING string, STRING pattern, STRING replacement)
10:24:17.400 [main] DEBUG org.hibernate.HQL_FUNCTIONS - String right(STRING string, INTEGER length)
10:24:17.400 [main] DEBUG org.hibernate.HQL_FUNCTIONS - round(NUMERIC number[, INTEGER places])
10:24:17.400 [main] DEBUG org.hibernate.HQL_FUNCTIONS - Long row_number()
10:24:17.400 [main] DEBUG org.hibernate.HQL_FUNCTIONS - Long rownum()
10:24:17.400 [main] DEBUG org.hibernate.HQL_FUNCTIONS - String rpad(STRING string, INTEGER length[, STRING padding])
10:24:17.400 [main] DEBUG org.hibernate.HQL_FUNCTIONS - String rtrim(STRING string)
10:24:17.400 [main] DEBUG org.hibernate.HQL_FUNCTIONS - Integer second(TIME arg)
10:24:17.400 [main] DEBUG org.hibernate.HQL_FUNCTIONS - Integer sign(NUMERIC arg)
10:24:17.400 [main] DEBUG org.hibernate.HQL_FUNCTIONS - Double sin(NUMERIC arg)
10:24:17.400 [main] DEBUG org.hibernate.HQL_FUNCTIONS - Double sinh(NUMERIC arg)
10:24:17.400 [main] DEBUG org.hibernate.HQL_FUNCTIONS - String soundex(arg)
10:24:17.400 [main] DEBUG org.hibernate.HQL_FUNCTIONS - String space(INTEGER arg)
10:24:17.400 [main] DEBUG org.hibernate.HQL_FUNCTIONS - Object sql
10:24:17.400 [main] DEBUG org.hibernate.HQL_FUNCTIONS - Double sqrt(NUMERIC arg)
10:24:17.400 [main] DEBUG org.hibernate.HQL_FUNCTIONS - Double stddev_pop(NUMERIC arg)
10:24:17.400 [main] DEBUG org.hibernate.HQL_FUNCTIONS - Double stddev_samp(NUMERIC arg)
10:24:17.400 [main] DEBUG org.hibernate.HQL_FUNCTIONS - String str(arg)
10:24:17.400 [main] DEBUG org.hibernate.HQL_FUNCTIONS - String substr(STRING string, INTEGER start[, INTEGER length])
10:24:17.400 [main] DEBUG org.hibernate.HQL_FUNCTIONS - String substring(STRING string{ from|,} INTEGER start[{ for|,} INTEGER length])
10:24:17.400 [main] DEBUG org.hibernate.HQL_FUNCTIONS - sum(arg)
10:24:17.400 [main] DEBUG org.hibernate.HQL_FUNCTIONS - Timestamp sysdate
10:24:17.400 [main] DEBUG org.hibernate.HQL_FUNCTIONS - Double tan(NUMERIC arg)
10:24:17.400 [main] DEBUG org.hibernate.HQL_FUNCTIONS - Double tanh(NUMERIC arg)
10:24:17.400 [main] DEBUG org.hibernate.HQL_FUNCTIONS - timestampadd(TEMPORAL_UNIT field, INTEGER magnitude, TEMPORAL datetime)
10:24:17.400 [main] DEBUG org.hibernate.HQL_FUNCTIONS - Long|Double timestampdiff(TEMPORAL_UNIT field, TEMPORAL start, TEMPORAL end)
10:24:17.400 [main] DEBUG org.hibernate.HQL_FUNCTIONS - String translate(STRING arg0, STRING arg1, STRING arg2)
10:24:17.400 [main] DEBUG org.hibernate.HQL_FUNCTIONS - String trim([[{leading|trailing|both} ][STRING arg0 ]from] STRING arg1)
10:24:17.400 [main] DEBUG org.hibernate.HQL_FUNCTIONS - trunc( ... )
10:24:17.400 [main] DEBUG org.hibernate.HQL_FUNCTIONS - truncate( ... )
10:24:17.400 [main] DEBUG org.hibernate.HQL_FUNCTIONS - String upper(STRING string)
10:24:17.400 [main] DEBUG org.hibernate.HQL_FUNCTIONS - Double var_pop(NUMERIC arg)
10:24:17.400 [main] DEBUG org.hibernate.HQL_FUNCTIONS - Double var_samp(NUMERIC arg)
10:24:17.400 [main] DEBUG org.hibernate.HQL_FUNCTIONS - Integer week(DATE arg)
10:24:17.400 [main] DEBUG org.hibernate.HQL_FUNCTIONS - Integer year(DATE arg)
10:24:17.401 [main] DEBUG org.hibernate.orm.query.plan.cache - Starting QueryInterpretationCache(2048)
10:24:17.401 [main] DEBUG org.hibernate.service.internal.SessionFactoryServiceRegistryImpl - EventListenerRegistry access via ServiceRegistry is deprecated.  Use `sessionFactory.getEventEngine().getListenerRegistry()` instead
10:24:17.401 [main] DEBUG org.hibernate.event.internal.EntityCopyObserverFactoryInitiator - Configured EntityCopyObserver strategy: disallow
10:24:17.401 [main] DEBUG org.hibernate.boot.internal.ClassLoaderAccessImpl - Not known whether passed class name [org.frcpm.models.Attendance] is safe
10:24:17.401 [main] DEBUG org.hibernate.boot.internal.ClassLoaderAccessImpl - No temp ClassLoader provided; using live ClassLoader for loading potentially unsafe class : org.frcpm.models.Attendance
10:24:17.405 [main] DEBUG org.hibernate.bytecode.internal.bytebuddy.BytecodeProviderImpl - HHH000513: Unable to create the ReflectionOptimizer for [org.frcpm.models.Attendance]: private accessor [arrivalTime]
10:24:17.405 [main] DEBUG org.hibernate.boot.internal.ClassLoaderAccessImpl - Not known whether passed class name [org.frcpm.models.Meeting] is safe
10:24:17.405 [main] DEBUG org.hibernate.boot.internal.ClassLoaderAccessImpl - No temp ClassLoader provided; using live ClassLoader for loading potentially unsafe class : org.frcpm.models.Meeting
10:24:17.408 [main] DEBUG org.hibernate.bytecode.internal.bytebuddy.BytecodeProviderImpl - HHH000513: Unable to create the ReflectionOptimizer for [org.frcpm.models.Meeting]: private accessor [attendances]
10:24:17.409 [main] DEBUG org.hibernate.boot.internal.ClassLoaderAccessImpl - Not known whether passed class name [org.frcpm.models.Subsystem] is safe
10:24:17.409 [main] DEBUG org.hibernate.boot.internal.ClassLoaderAccessImpl - No temp ClassLoader provided; using live ClassLoader for loading potentially unsafe class : org.frcpm.models.Subsystem
10:24:17.412 [main] DEBUG org.hibernate.bytecode.internal.bytebuddy.BytecodeProviderImpl - HHH000513: Unable to create the ReflectionOptimizer for [org.frcpm.models.Subsystem]: private accessor [description]
10:24:17.413 [main] DEBUG org.hibernate.boot.internal.ClassLoaderAccessImpl - Not known whether passed class name [org.frcpm.models.Component] is safe
10:24:17.413 [main] DEBUG org.hibernate.boot.internal.ClassLoaderAccessImpl - No temp ClassLoader provided; using live ClassLoader for loading potentially unsafe class : org.frcpm.models.Component
10:24:17.420 [main] DEBUG org.hibernate.bytecode.internal.bytebuddy.BytecodeProviderImpl - HHH000513: Unable to create the ReflectionOptimizer for [org.frcpm.models.Component]: private accessor [actualDelivery]
10:24:17.420 [main] DEBUG org.hibernate.boot.internal.ClassLoaderAccessImpl - Not known whether passed class name [org.frcpm.models.Milestone] is safe
10:24:17.420 [main] DEBUG org.hibernate.boot.internal.ClassLoaderAccessImpl - No temp ClassLoader provided; using live ClassLoader for loading potentially unsafe class : org.frcpm.models.Milestone
10:24:17.423 [main] DEBUG org.hibernate.bytecode.internal.bytebuddy.BytecodeProviderImpl - HHH000513: Unable to create the ReflectionOptimizer for [org.frcpm.models.Milestone]: private accessor [date]
10:24:17.423 [main] DEBUG org.hibernate.boot.internal.ClassLoaderAccessImpl - Not known whether passed class name [org.frcpm.models.Project] is safe
10:24:17.423 [main] DEBUG org.hibernate.boot.internal.ClassLoaderAccessImpl - No temp ClassLoader provided; using live ClassLoader for loading potentially unsafe class : org.frcpm.models.Project
10:24:17.426 [main] DEBUG org.hibernate.bytecode.internal.bytebuddy.BytecodeProviderImpl - HHH000513: Unable to create the ReflectionOptimizer for [org.frcpm.models.Project]: private accessor [description]
10:24:17.427 [main] DEBUG org.hibernate.boot.internal.ClassLoaderAccessImpl - Not known whether passed class name [org.frcpm.models.Subteam] is safe
10:24:17.427 [main] DEBUG org.hibernate.boot.internal.ClassLoaderAccessImpl - No temp ClassLoader provided; using live ClassLoader for loading potentially unsafe class : org.frcpm.models.Subteam
10:24:17.435 [main] DEBUG org.hibernate.bytecode.internal.bytebuddy.BytecodeProviderImpl - HHH000513: Unable to create the ReflectionOptimizer for [org.frcpm.models.Subteam]: private accessor [colorCode]
10:24:17.435 [main] DEBUG org.hibernate.boot.internal.ClassLoaderAccessImpl - Not known whether passed class name [org.frcpm.models.Task] is safe
10:24:17.435 [main] DEBUG org.hibernate.boot.internal.ClassLoaderAccessImpl - No temp ClassLoader provided; using live ClassLoader for loading potentially unsafe class : org.frcpm.models.Task
10:24:17.442 [main] DEBUG org.hibernate.bytecode.internal.bytebuddy.BytecodeProviderImpl - HHH000513: Unable to create the ReflectionOptimizer for [org.frcpm.models.Task]: private accessor [actualDurationSeconds]
10:24:17.443 [main] DEBUG org.hibernate.boot.internal.ClassLoaderAccessImpl - Not known whether passed class name [org.frcpm.models.TeamMember] is safe
10:24:17.443 [main] DEBUG org.hibernate.boot.internal.ClassLoaderAccessImpl - No temp ClassLoader provided; using live ClassLoader for loading potentially unsafe class : org.frcpm.models.TeamMember
10:24:17.449 [main] DEBUG org.hibernate.bytecode.internal.bytebuddy.BytecodeProviderImpl - HHH000513: Unable to create the ReflectionOptimizer for [org.frcpm.models.TeamMember]: private accessor [assignedTasks]
10:24:17.450 [main] DEBUG org.hibernate.orm.jdbc.mutation - Skipping collection row updates - org.frcpm.models.Task.assignedTo
10:24:17.450 [main] DEBUG org.hibernate.orm.jdbc.mutation - Skipping collection (re)creation - org.frcpm.models.Subsystem.tasks
10:24:17.450 [main] DEBUG org.hibernate.orm.jdbc.mutation - Skipping collection row deletions - org.frcpm.models.Subsystem.tasks
10:24:17.450 [main] DEBUG org.hibernate.orm.jdbc.mutation - Skipping collection removals - org.frcpm.models.Subsystem.tasks
10:24:17.450 [main] DEBUG org.hibernate.orm.jdbc.mutation - Skipping collection (re)creation - org.frcpm.models.Subteam.members
10:24:17.450 [main] DEBUG org.hibernate.orm.jdbc.mutation - Skipping collection row deletions - org.frcpm.models.Subteam.members
10:24:17.450 [main] DEBUG org.hibernate.orm.jdbc.mutation - Skipping collection removals - org.frcpm.models.Subteam.members
10:24:17.450 [main] DEBUG org.hibernate.orm.jdbc.mutation - Skipping collection (re)creation - org.frcpm.models.TeamMember.attendances
10:24:17.450 [main] DEBUG org.hibernate.orm.jdbc.mutation - Skipping collection row deletions - org.frcpm.models.TeamMember.attendances
10:24:17.450 [main] DEBUG org.hibernate.orm.jdbc.mutation - Skipping collection removals - org.frcpm.models.TeamMember.attendances
10:24:17.450 [main] DEBUG org.hibernate.orm.jdbc.mutation - Skipping collection row updates - org.frcpm.models.Task.requiredComponents
10:24:17.450 [main] DEBUG org.hibernate.orm.jdbc.mutation - Skipping collection (re)creation - org.frcpm.models.Subteam.subsystems
10:24:17.450 [main] DEBUG org.hibernate.orm.jdbc.mutation - Skipping collection row deletions - org.frcpm.models.Subteam.subsystems
10:24:17.450 [main] DEBUG org.hibernate.orm.jdbc.mutation - Skipping collection removals - org.frcpm.models.Subteam.subsystems
10:24:17.450 [main] DEBUG org.hibernate.orm.jdbc.mutation - Skipping collection row updates - org.frcpm.models.Task.preDependencies
10:24:17.450 [main] DEBUG org.hibernate.orm.jdbc.mutation - Skipping collection (re)creation - org.frcpm.models.Project.milestones
10:24:17.450 [main] DEBUG org.hibernate.orm.jdbc.mutation - Skipping collection row deletions - org.frcpm.models.Project.milestones
10:24:17.450 [main] DEBUG org.hibernate.orm.jdbc.mutation - Skipping collection removals - org.frcpm.models.Project.milestones
10:24:17.450 [main] DEBUG org.hibernate.orm.jdbc.mutation - Skipping collection inserts - org.frcpm.models.Component.requiredForTasks
10:24:17.450 [main] DEBUG org.hibernate.orm.jdbc.mutation - Skipping collection row updates - org.frcpm.models.Component.requiredForTasks
10:24:17.450 [main] DEBUG org.hibernate.orm.jdbc.mutation - Skipping collection row deletions - org.frcpm.models.Component.requiredForTasks
10:24:17.450 [main] DEBUG org.hibernate.orm.jdbc.mutation - Skipping collection removals - org.frcpm.models.Component.requiredForTasks
10:24:17.450 [main] DEBUG org.hibernate.orm.jdbc.mutation - Skipping collection (re)creation - org.frcpm.models.Project.meetings
10:24:17.450 [main] DEBUG org.hibernate.orm.jdbc.mutation - Skipping collection row deletions - org.frcpm.models.Project.meetings
10:24:17.450 [main] DEBUG org.hibernate.orm.jdbc.mutation - Skipping collection removals - org.frcpm.models.Project.meetings
10:24:17.450 [main] DEBUG org.hibernate.orm.jdbc.mutation - Skipping collection inserts - org.frcpm.models.TeamMember.assignedTasks
10:24:17.450 [main] DEBUG org.hibernate.orm.jdbc.mutation - Skipping collection row updates - org.frcpm.models.TeamMember.assignedTasks
10:24:17.450 [main] DEBUG org.hibernate.orm.jdbc.mutation - Skipping collection row deletions - org.frcpm.models.TeamMember.assignedTasks
10:24:17.450 [main] DEBUG org.hibernate.orm.jdbc.mutation - Skipping collection removals - org.frcpm.models.TeamMember.assignedTasks
10:24:17.450 [main] DEBUG org.hibernate.orm.jdbc.mutation - Skipping collection (re)creation - org.frcpm.models.Meeting.attendances
10:24:17.450 [main] DEBUG org.hibernate.orm.jdbc.mutation - Skipping collection row deletions - org.frcpm.models.Meeting.attendances
10:24:17.450 [main] DEBUG org.hibernate.orm.jdbc.mutation - Skipping collection removals - org.frcpm.models.Meeting.attendances
10:24:17.450 [main] DEBUG org.hibernate.orm.jdbc.mutation - Skipping collection inserts - org.frcpm.models.Task.postDependencies
10:24:17.450 [main] DEBUG org.hibernate.orm.jdbc.mutation - Skipping collection row updates - org.frcpm.models.Task.postDependencies
10:24:17.450 [main] DEBUG org.hibernate.orm.jdbc.mutation - Skipping collection row deletions - org.frcpm.models.Task.postDependencies
10:24:17.450 [main] DEBUG org.hibernate.orm.jdbc.mutation - Skipping collection removals - org.frcpm.models.Task.postDependencies
10:24:17.450 [main] DEBUG org.hibernate.orm.jdbc.mutation - Skipping collection (re)creation - org.frcpm.models.Project.tasks
10:24:17.450 [main] DEBUG org.hibernate.orm.jdbc.mutation - Skipping collection row deletions - org.frcpm.models.Project.tasks
10:24:17.450 [main] DEBUG org.hibernate.orm.jdbc.mutation - Skipping collection removals - org.frcpm.models.Project.tasks
10:24:17.451 [main] DEBUG org.hibernate.orm.model.mapping.creation - Starting post-init callbacks
10:24:17.451 [main] DEBUG org.hibernate.orm.model.mapping.creation - Starting PostInitCallbackEntry : To-one key - NavigableRole[org.frcpm.models.Attendance.meeting]
10:24:17.451 [main] DEBUG org.hibernate.orm.model.mapping.creation - Starting PostInitCallbackEntry : To-one key - NavigableRole[org.frcpm.models.Attendance.member]
10:24:17.451 [main] DEBUG org.hibernate.orm.model.mapping.creation - Starting PostInitCallbackEntry : Entity(org.frcpm.models.Attendance) `staticFetchableList` generator
10:24:17.451 [main] DEBUG org.hibernate.orm.model.mapping.creation - Starting PostInitCallbackEntry : PluralAttributeMapping( NavigableRole[org.frcpm.models.Meeting.attendances#{element}]) - element descriptor
10:24:17.451 [main] DEBUG org.hibernate.orm.model.mapping.creation - Starting PostInitCallbackEntry : PluralAttributeMapping(org.frcpm.models.Meeting.attendances)#finishInitialization
10:24:17.451 [main] DEBUG org.hibernate.orm.model.mapping.creation - Starting PostInitCallbackEntry : PluralAttributeMapping(org.frcpm.models.Meeting.attendances) - key descriptor
10:24:17.451 [main] DEBUG org.hibernate.orm.model.mapping.creation - Starting PostInitCallbackEntry : To-one key - NavigableRole[org.frcpm.models.Meeting.project]
10:24:17.451 [main] DEBUG org.hibernate.orm.model.mapping.creation - Starting PostInitCallbackEntry : Entity(org.frcpm.models.Meeting) `staticFetchableList` generator
10:24:17.451 [main] DEBUG org.hibernate.orm.model.mapping.creation - Starting PostInitCallbackEntry : To-one key - NavigableRole[org.frcpm.models.Subsystem.responsibleSubteam]
10:24:17.451 [main] DEBUG org.hibernate.orm.model.mapping.creation - Starting PostInitCallbackEntry : PluralAttributeMapping( NavigableRole[org.frcpm.models.Subsystem.tasks#{element}]) - element descriptor
10:24:17.451 [main] DEBUG org.hibernate.orm.model.mapping.creation - Starting PostInitCallbackEntry : PluralAttributeMapping(org.frcpm.models.Subsystem.tasks)#finishInitialization
10:24:17.451 [main] DEBUG org.hibernate.orm.model.mapping.creation - Starting PostInitCallbackEntry : PluralAttributeMapping(org.frcpm.models.Subsystem.tasks) - key descriptor
10:24:17.452 [main] DEBUG org.hibernate.orm.model.mapping.creation - Starting PostInitCallbackEntry : Entity(org.frcpm.models.Subsystem) `staticFetchableList` generator
10:24:17.452 [main] DEBUG org.hibernate.orm.model.mapping.creation - Starting PostInitCallbackEntry : PluralAttributeMapping( NavigableRole[org.frcpm.models.Component.requiredForTasks#{element}]) - element descriptor
10:24:17.452 [main] DEBUG org.hibernate.orm.model.mapping.creation - Starting PostInitCallbackEntry : PluralAttributeMapping(org.frcpm.models.Component.requiredForTasks)#finishInitialization
10:24:17.452 [main] DEBUG org.hibernate.orm.model.mapping.creation - Starting PostInitCallbackEntry : PluralAttributeMapping(org.frcpm.models.Component.requiredForTasks) - key descriptor
10:24:17.452 [main] DEBUG org.hibernate.orm.model.mapping.creation - Starting PostInitCallbackEntry : Entity(org.frcpm.models.Component) `staticFetchableList` generator
10:24:17.452 [main] DEBUG org.hibernate.orm.model.mapping.creation - Starting PostInitCallbackEntry : To-one key - NavigableRole[org.frcpm.models.Milestone.project]
10:24:17.452 [main] DEBUG org.hibernate.orm.model.mapping.creation - Starting PostInitCallbackEntry : Entity(org.frcpm.models.Milestone) `staticFetchableList` generator
10:24:17.452 [main] DEBUG org.hibernate.orm.model.mapping.creation - Starting PostInitCallbackEntry : PluralAttributeMapping( NavigableRole[org.frcpm.models.Project.meetings#{element}]) - element descriptor
10:24:17.452 [main] DEBUG org.hibernate.orm.model.mapping.creation - Starting PostInitCallbackEntry : PluralAttributeMapping(org.frcpm.models.Project.meetings)#finishInitialization
10:24:17.452 [main] DEBUG org.hibernate.orm.model.mapping.creation - Starting PostInitCallbackEntry : PluralAttributeMapping(org.frcpm.models.Project.meetings) - key descriptor
10:24:17.452 [main] DEBUG org.hibernate.orm.model.mapping.creation - Starting PostInitCallbackEntry : PluralAttributeMapping( NavigableRole[org.frcpm.models.Project.milestones#{element}]) - element descriptor
10:24:17.452 [main] DEBUG org.hibernate.orm.model.mapping.creation - Starting PostInitCallbackEntry : PluralAttributeMapping(org.frcpm.models.Project.milestones)#finishInitialization
10:24:17.452 [main] DEBUG org.hibernate.orm.model.mapping.creation - Starting PostInitCallbackEntry : PluralAttributeMapping(org.frcpm.models.Project.milestones) - key descriptor
10:24:17.452 [main] DEBUG org.hibernate.orm.model.mapping.creation - Starting PostInitCallbackEntry : PluralAttributeMapping( NavigableRole[org.frcpm.models.Project.tasks#{element}]) - element descriptor
10:24:17.452 [main] DEBUG org.hibernate.orm.model.mapping.creation - Starting PostInitCallbackEntry : PluralAttributeMapping(org.frcpm.models.Project.tasks)#finishInitialization
10:24:17.452 [main] DEBUG org.hibernate.orm.model.mapping.creation - Starting PostInitCallbackEntry : PluralAttributeMapping(org.frcpm.models.Project.tasks) - key descriptor
10:24:17.452 [main] DEBUG org.hibernate.orm.model.mapping.creation - Starting PostInitCallbackEntry : Entity(org.frcpm.models.Project) `staticFetchableList` generator
10:24:17.452 [main] DEBUG org.hibernate.orm.model.mapping.creation - Starting PostInitCallbackEntry : PluralAttributeMapping( NavigableRole[org.frcpm.models.Subteam.members#{element}]) - element descriptor
10:24:17.452 [main] DEBUG org.hibernate.orm.model.mapping.creation - Starting PostInitCallbackEntry : PluralAttributeMapping(org.frcpm.models.Subteam.members)#finishInitialization
10:24:17.452 [main] DEBUG org.hibernate.orm.model.mapping.creation - Starting PostInitCallbackEntry : PluralAttributeMapping(org.frcpm.models.Subteam.members) - key descriptor
10:24:17.452 [main] DEBUG org.hibernate.orm.model.mapping.creation - Starting PostInitCallbackEntry : PluralAttributeMapping( NavigableRole[org.frcpm.models.Subteam.subsystems#{element}]) - element descriptor
10:24:17.452 [main] DEBUG org.hibernate.orm.model.mapping.creation - Starting PostInitCallbackEntry : PluralAttributeMapping(org.frcpm.models.Subteam.subsystems)#finishInitialization
10:24:17.452 [main] DEBUG org.hibernate.orm.model.mapping.creation - Starting PostInitCallbackEntry : PluralAttributeMapping(org.frcpm.models.Subteam.subsystems) - key descriptor
10:24:17.452 [main] DEBUG org.hibernate.orm.model.mapping.creation - Starting PostInitCallbackEntry : Entity(org.frcpm.models.Subteam) `staticFetchableList` generator
10:24:17.452 [main] DEBUG org.hibernate.orm.model.mapping.creation - Starting PostInitCallbackEntry : PluralAttributeMapping( NavigableRole[org.frcpm.models.Task.assignedTo#{element}]) - element descriptor
10:24:17.452 [main] DEBUG org.hibernate.orm.model.mapping.creation - Starting PostInitCallbackEntry : PluralAttributeMapping(org.frcpm.models.Task.assignedTo)#finishInitialization
10:24:17.452 [main] DEBUG org.hibernate.orm.model.mapping.creation - Starting PostInitCallbackEntry : PluralAttributeMapping(org.frcpm.models.Task.assignedTo) - key descriptor
10:24:17.452 [main] DEBUG org.hibernate.orm.model.mapping.creation - Starting PostInitCallbackEntry : PluralAttributeMapping( NavigableRole[org.frcpm.models.Task.postDependencies#{element}]) - element descriptor
10:24:17.452 [main] DEBUG org.hibernate.orm.model.mapping.creation - Starting PostInitCallbackEntry : PluralAttributeMapping(org.frcpm.models.Task.postDependencies)#finishInitialization
10:24:17.452 [main] DEBUG org.hibernate.orm.model.mapping.creation - Starting PostInitCallbackEntry : PluralAttributeMapping(org.frcpm.models.Task.postDependencies) - key descriptor
10:24:17.452 [main] DEBUG org.hibernate.orm.model.mapping.creation - Starting PostInitCallbackEntry : PluralAttributeMapping( NavigableRole[org.frcpm.models.Task.preDependencies#{element}]) - element descriptor
10:24:17.452 [main] DEBUG org.hibernate.orm.model.mapping.creation - Starting PostInitCallbackEntry : PluralAttributeMapping(org.frcpm.models.Task.preDependencies)#finishInitialization
10:24:17.452 [main] DEBUG org.hibernate.orm.model.mapping.creation - Starting PostInitCallbackEntry : PluralAttributeMapping(org.frcpm.models.Task.preDependencies) - key descriptor
10:24:17.452 [main] DEBUG org.hibernate.orm.model.mapping.creation - Starting PostInitCallbackEntry : To-one key - NavigableRole[org.frcpm.models.Task.project]
10:24:17.452 [main] DEBUG org.hibernate.orm.model.mapping.creation - Starting PostInitCallbackEntry : PluralAttributeMapping( NavigableRole[org.frcpm.models.Task.requiredComponents#{element}]) - element descriptor
10:24:17.452 [main] DEBUG org.hibernate.orm.model.mapping.creation - Starting PostInitCallbackEntry : PluralAttributeMapping(org.frcpm.models.Task.requiredComponents)#finishInitialization
10:24:17.452 [main] DEBUG org.hibernate.orm.model.mapping.creation - Starting PostInitCallbackEntry : PluralAttributeMapping(org.frcpm.models.Task.requiredComponents) - key descriptor
10:24:17.452 [main] DEBUG org.hibernate.orm.model.mapping.creation - Starting PostInitCallbackEntry : To-one key - NavigableRole[org.frcpm.models.Task.subsystem]
10:24:17.452 [main] DEBUG org.hibernate.orm.model.mapping.creation - Starting PostInitCallbackEntry : Entity(org.frcpm.models.Task) `staticFetchableList` generator
10:24:17.452 [main] DEBUG org.hibernate.orm.model.mapping.creation - Starting PostInitCallbackEntry : PluralAttributeMapping( NavigableRole[org.frcpm.models.TeamMember.assignedTasks#{element}]) - element descriptor
10:24:17.452 [main] DEBUG org.hibernate.orm.model.mapping.creation - Starting PostInitCallbackEntry : PluralAttributeMapping(org.frcpm.models.TeamMember.assignedTasks)#finishInitialization
10:24:17.452 [main] DEBUG org.hibernate.orm.model.mapping.creation - Starting PostInitCallbackEntry : PluralAttributeMapping(org.frcpm.models.TeamMember.assignedTasks) - key descriptor
10:24:17.452 [main] DEBUG org.hibernate.orm.model.mapping.creation - Starting PostInitCallbackEntry : PluralAttributeMapping( NavigableRole[org.frcpm.models.TeamMember.attendances#{element}]) - element descriptor
10:24:17.452 [main] DEBUG org.hibernate.orm.model.mapping.creation - Starting PostInitCallbackEntry : PluralAttributeMapping(org.frcpm.models.TeamMember.attendances)#finishInitialization
10:24:17.452 [main] DEBUG org.hibernate.orm.model.mapping.creation - Starting PostInitCallbackEntry : PluralAttributeMapping(org.frcpm.models.TeamMember.attendances) - key descriptor
10:24:17.452 [main] DEBUG org.hibernate.orm.model.mapping.creation - Starting PostInitCallbackEntry : To-one key - NavigableRole[org.frcpm.models.TeamMember.subteam]
10:24:17.452 [main] DEBUG org.hibernate.orm.model.mapping.creation - Starting PostInitCallbackEntry : Entity(org.frcpm.models.TeamMember) `staticFetchableList` generator
10:24:17.452 [main] DEBUG org.hibernate.orm.model.mapping.creation - Starting PostInitCallbackEntry : PluralAttributeMapping( NavigableRole[org.frcpm.models.Meeting.attendances#{element}]) - element descriptor
10:24:17.452 [main] DEBUG org.hibernate.orm.model.mapping.creation - Starting PostInitCallbackEntry : PluralAttributeMapping( NavigableRole[org.frcpm.models.Subsystem.tasks#{element}]) - element descriptor
10:24:17.452 [main] DEBUG org.hibernate.orm.model.mapping.creation - Starting PostInitCallbackEntry : PluralAttributeMapping( NavigableRole[org.frcpm.models.Component.requiredForTasks#{element}]) - element descriptor
10:24:17.452 [main] DEBUG org.hibernate.orm.model.mapping.creation - Starting PostInitCallbackEntry : PluralAttributeMapping( NavigableRole[org.frcpm.models.Project.meetings#{element}]) - element descriptor
10:24:17.452 [main] DEBUG org.hibernate.orm.model.mapping.creation - Starting PostInitCallbackEntry : PluralAttributeMapping( NavigableRole[org.frcpm.models.Project.milestones#{element}]) - element descriptor
10:24:17.452 [main] DEBUG org.hibernate.orm.model.mapping.creation - Starting PostInitCallbackEntry : PluralAttributeMapping( NavigableRole[org.frcpm.models.Project.tasks#{element}]) - element descriptor
10:24:17.452 [main] DEBUG org.hibernate.orm.model.mapping.creation - Starting PostInitCallbackEntry : PluralAttributeMapping( NavigableRole[org.frcpm.models.Subteam.members#{element}]) - element descriptor
10:24:17.452 [main] DEBUG org.hibernate.orm.model.mapping.creation - Starting PostInitCallbackEntry : PluralAttributeMapping( NavigableRole[org.frcpm.models.Subteam.subsystems#{element}]) - element descriptor
10:24:17.452 [main] DEBUG org.hibernate.orm.model.mapping.creation - Starting PostInitCallbackEntry : PluralAttributeMapping( NavigableRole[org.frcpm.models.Task.postDependencies#{element}]) - element descriptor
10:24:17.452 [main] DEBUG org.hibernate.orm.model.mapping.creation - Starting PostInitCallbackEntry : PluralAttributeMapping( NavigableRole[org.frcpm.models.TeamMember.attendances#{element}]) - element descriptor
10:24:17.455 [main] DEBUG org.hibernate.orm.sql.ast.create - Created new SQL alias : a1_0
10:24:17.455 [main] DEBUG org.hibernate.orm.sql.ast.create - Registration of TableGroup [StandardTableGroup(org.frcpm.models.Attendance)] with identifierForTableGroup [org.frcpm.models.Attendance] for NavigablePath [org.frcpm.models.Attendance] 
10:24:17.455 [main] DEBUG org.hibernate.orm.sql.ast.create - Registration of TableGroup [org.hibernate.sql.ast.tree.from.LazyTableGroup@28d0228d] with identifierForTableGroup [org.frcpm.models.Attendance.meeting] for NavigablePath [org.frcpm.models.Attendance.meeting] 
10:24:17.455 [main] DEBUG org.hibernate.orm.sql.ast.create - Registration of TableGroup [org.hibernate.sql.ast.tree.from.LazyTableGroup@4514eadd] with identifierForTableGroup [org.frcpm.models.Attendance.member] for NavigablePath [org.frcpm.models.Attendance.member] 
10:24:17.455 [main] DEBUG org.hibernate.orm.results.graph.AST - DomainResult Graph:
 \-EntityResultImpl [org.frcpm.models.Attendance]
 |  +-BasicFetch [org.frcpm.models.Attendance.arrivalTime]
 |  +-BasicFetch [org.frcpm.models.Attendance.departureTime]
 |  +-EntityDelayedFetchImpl [org.frcpm.models.Attendance.meeting]
 |  +-EntityDelayedFetchImpl [org.frcpm.models.Attendance.member]
 |  \-BasicFetch [org.frcpm.models.Attendance.present]

10:24:17.455 [main] DEBUG org.hibernate.orm.sql.ast.tree - SQL AST Tree:
    SelectStatement {
      FromClause {
        StandardTableGroup (a1 : org.frcpm.models.Attendance) {
          primaryTableReference : attendances as a1_0
          TableGroupJoins {
            left  join LazyTableGroup (m1 : org.frcpm.models.Attendance.meeting) {
            }
            left  join LazyTableGroup (m2 : org.frcpm.models.Attendance.member) {
            }
          }
        }
      }
    }

10:24:17.455 [main] DEBUG org.hibernate.persister.entity.AbstractEntityPersister - Static SQL for entity: org.frcpm.models.Attendance
10:24:17.455 [main] DEBUG org.hibernate.persister.entity.AbstractEntityPersister -  Version select: select id from attendances where id=?
10:24:17.455 [main] DEBUG org.hibernate.persister.entity.AbstractEntityPersister -  Insert (0): insert into attendances (arrival_time,departure_time,meeting_id,member_id,present,id) values (?,?,?,?,?,default)
10:24:17.455 [main] DEBUG org.hibernate.persister.entity.AbstractEntityPersister -  Update (0): update attendances set arrival_time=?,departure_time=?,meeting_id=?,member_id=?,present=? where id=?
10:24:17.455 [main] DEBUG org.hibernate.persister.entity.AbstractEntityPersister -  Delete (0): delete from attendances where id=?
10:24:17.455 [main] DEBUG org.hibernate.orm.sql.ast.create - Created new SQL alias : m1_0
10:24:17.455 [main] DEBUG org.hibernate.orm.sql.ast.create - Registration of TableGroup [StandardTableGroup(org.frcpm.models.Meeting)] with identifierForTableGroup [org.frcpm.models.Meeting] for NavigablePath [org.frcpm.models.Meeting] 
10:24:17.455 [main] DEBUG org.hibernate.orm.sql.ast.create - Registration of TableGroup [org.hibernate.sql.ast.tree.from.LazyTableGroup@76aa752c] with identifierForTableGroup [org.frcpm.models.Meeting.project] for NavigablePath [org.frcpm.models.Meeting.project] 
10:24:17.455 [main] DEBUG org.hibernate.orm.results.graph.AST - DomainResult Graph:
 \-EntityResultImpl [org.frcpm.models.Meeting]
 |  +-DelayedCollectionFetch [org.frcpm.models.Meeting.attendances]
 |  +-BasicFetch [org.frcpm.models.Meeting.date]
 |  +-BasicFetch [org.frcpm.models.Meeting.endTime]
 |  +-BasicFetch [org.frcpm.models.Meeting.notes]
 |  +-EntityDelayedFetchImpl [org.frcpm.models.Meeting.project]
 |  \-BasicFetch [org.frcpm.models.Meeting.startTime]

10:24:17.455 [main] DEBUG org.hibernate.orm.sql.ast.tree - SQL AST Tree:
    SelectStatement {
      FromClause {
        StandardTableGroup (m1 : org.frcpm.models.Meeting) {
          primaryTableReference : meetings as m1_0
          TableGroupJoins {
            left  join LazyTableGroup (p1 : org.frcpm.models.Meeting.project) {
            }
          }
        }
      }
    }

10:24:17.455 [main] DEBUG org.hibernate.persister.entity.AbstractEntityPersister - Static SQL for entity: org.frcpm.models.Meeting
10:24:17.455 [main] DEBUG org.hibernate.persister.entity.AbstractEntityPersister -  Version select: select id from meetings where id=?
10:24:17.455 [main] DEBUG org.hibernate.persister.entity.AbstractEntityPersister -  Insert (0): insert into meetings (date,end_time,notes,project_id,start_time,id) values (?,?,?,?,?,default)
10:24:17.455 [main] DEBUG org.hibernate.persister.entity.AbstractEntityPersister -  Update (0): update meetings set date=?,end_time=?,notes=?,project_id=?,start_time=? where id=?
10:24:17.455 [main] DEBUG org.hibernate.persister.entity.AbstractEntityPersister -  Delete (0): delete from meetings where id=?
10:24:17.455 [main] DEBUG org.hibernate.orm.sql.ast.create - Created new SQL alias : s1_0
10:24:17.455 [main] DEBUG org.hibernate.orm.sql.ast.create - Registration of TableGroup [StandardTableGroup(org.frcpm.models.Subsystem)] with identifierForTableGroup [org.frcpm.models.Subsystem] for NavigablePath [org.frcpm.models.Subsystem] 
10:24:17.455 [main] DEBUG org.hibernate.orm.sql.ast.create - Registration of TableGroup [org.hibernate.sql.ast.tree.from.LazyTableGroup@11b64787] with identifierForTableGroup [org.frcpm.models.Subsystem.responsibleSubteam] for NavigablePath [org.frcpm.models.Subsystem.responsibleSubteam] 
10:24:17.455 [main] DEBUG org.hibernate.orm.results.graph.AST - DomainResult Graph:
 \-EntityResultImpl [org.frcpm.models.Subsystem]
 |  +-BasicFetch [org.frcpm.models.Subsystem.description]
 |  +-BasicFetch [org.frcpm.models.Subsystem.name]
 |  +-EntityDelayedFetchImpl [org.frcpm.models.Subsystem.responsibleSubteam]
 |  +-BasicFetch [org.frcpm.models.Subsystem.status]
 |  \-DelayedCollectionFetch [org.frcpm.models.Subsystem.tasks]

10:24:17.456 [main] DEBUG org.hibernate.orm.sql.ast.tree - SQL AST Tree:
    SelectStatement {
      FromClause {
        StandardTableGroup (s1 : org.frcpm.models.Subsystem) {
          primaryTableReference : subsystems as s1_0
          TableGroupJoins {
            left  join LazyTableGroup (rs1 : org.frcpm.models.Subsystem.responsibleSubteam) {
            }
          }
        }
      }
    }

10:24:17.456 [main] DEBUG org.hibernate.persister.entity.AbstractEntityPersister - Static SQL for entity: org.frcpm.models.Subsystem
10:24:17.456 [main] DEBUG org.hibernate.persister.entity.AbstractEntityPersister -  Version select: select id from subsystems where id=?
10:24:17.456 [main] DEBUG org.hibernate.persister.entity.AbstractEntityPersister -  Insert (0): insert into subsystems (description,name,responsible_subteam_id,status,id) values (?,?,?,?,default)
10:24:17.456 [main] DEBUG org.hibernate.persister.entity.AbstractEntityPersister -  Update (0): update subsystems set description=?,name=?,responsible_subteam_id=?,status=? where id=?
10:24:17.456 [main] DEBUG org.hibernate.persister.entity.AbstractEntityPersister -  Delete (0): delete from subsystems where id=?
10:24:17.456 [main] DEBUG org.hibernate.orm.sql.ast.create - Created new SQL alias : c1_0
10:24:17.456 [main] DEBUG org.hibernate.orm.sql.ast.create - Registration of TableGroup [StandardTableGroup(org.frcpm.models.Component)] with identifierForTableGroup [org.frcpm.models.Component] for NavigablePath [org.frcpm.models.Component] 
10:24:17.456 [main] DEBUG org.hibernate.orm.results.graph.AST - DomainResult Graph:
 \-EntityResultImpl [org.frcpm.models.Component]
 |  +-BasicFetch [org.frcpm.models.Component.actualDelivery]
 |  +-BasicFetch [org.frcpm.models.Component.delivered]
 |  +-BasicFetch [org.frcpm.models.Component.description]
 |  +-BasicFetch [org.frcpm.models.Component.expectedDelivery]
 |  +-BasicFetch [org.frcpm.models.Component.name]
 |  +-BasicFetch [org.frcpm.models.Component.partNumber]
 |  \-DelayedCollectionFetch [org.frcpm.models.Component.requiredForTasks]

10:24:17.456 [main] DEBUG org.hibernate.orm.sql.ast.tree - SQL AST Tree:
    SelectStatement {
      FromClause {
        StandardTableGroup (c1 : org.frcpm.models.Component) {
          primaryTableReference : components as c1_0
        }
      }
    }

10:24:17.456 [main] DEBUG org.hibernate.persister.entity.AbstractEntityPersister - Static SQL for entity: org.frcpm.models.Component
10:24:17.456 [main] DEBUG org.hibernate.persister.entity.AbstractEntityPersister -  Version select: select id from components where id=?
10:24:17.456 [main] DEBUG org.hibernate.persister.entity.AbstractEntityPersister -  Insert (0): insert into components (actual_delivery,is_delivered,description,expected_delivery,name,part_number,id) values (?,?,?,?,?,?,default)
10:24:17.456 [main] DEBUG org.hibernate.persister.entity.AbstractEntityPersister -  Update (0): update components set actual_delivery=?,is_delivered=?,description=?,expected_delivery=?,name=?,part_number=? where id=?
10:24:17.456 [main] DEBUG org.hibernate.persister.entity.AbstractEntityPersister -  Delete (0): delete from components where id=?
10:24:17.456 [main] DEBUG org.hibernate.orm.sql.ast.create - Created new SQL alias : m1_0
10:24:17.456 [main] DEBUG org.hibernate.orm.sql.ast.create - Registration of TableGroup [StandardTableGroup(org.frcpm.models.Milestone)] with identifierForTableGroup [org.frcpm.models.Milestone] for NavigablePath [org.frcpm.models.Milestone] 
10:24:17.456 [main] DEBUG org.hibernate.orm.sql.ast.create - Registration of TableGroup [org.hibernate.sql.ast.tree.from.LazyTableGroup@59f980c7] with identifierForTableGroup [org.frcpm.models.Milestone.project] for NavigablePath [org.frcpm.models.Milestone.project] 
10:24:17.456 [main] DEBUG org.hibernate.orm.results.graph.AST - DomainResult Graph:
 \-EntityResultImpl [org.frcpm.models.Milestone]
 |  +-BasicFetch [org.frcpm.models.Milestone.date]
 |  +-BasicFetch [org.frcpm.models.Milestone.description]
 |  +-BasicFetch [org.frcpm.models.Milestone.name]
 |  \-EntityDelayedFetchImpl [org.frcpm.models.Milestone.project]

10:24:17.456 [main] DEBUG org.hibernate.orm.sql.ast.tree - SQL AST Tree:
    SelectStatement {
      FromClause {
        StandardTableGroup (m1 : org.frcpm.models.Milestone) {
          primaryTableReference : milestones as m1_0
          TableGroupJoins {
            left  join LazyTableGroup (p1 : org.frcpm.models.Milestone.project) {
            }
          }
        }
      }
    }

10:24:17.456 [main] DEBUG org.hibernate.persister.entity.AbstractEntityPersister - Static SQL for entity: org.frcpm.models.Milestone
10:24:17.456 [main] DEBUG org.hibernate.persister.entity.AbstractEntityPersister -  Version select: select id from milestones where id=?
10:24:17.456 [main] DEBUG org.hibernate.persister.entity.AbstractEntityPersister -  Insert (0): insert into milestones (date,description,name,project_id,id) values (?,?,?,?,default)
10:24:17.456 [main] DEBUG org.hibernate.persister.entity.AbstractEntityPersister -  Update (0): update milestones set date=?,description=?,name=?,project_id=? where id=?
10:24:17.456 [main] DEBUG org.hibernate.persister.entity.AbstractEntityPersister -  Delete (0): delete from milestones where id=?
10:24:17.456 [main] DEBUG org.hibernate.orm.sql.ast.create - Created new SQL alias : p1_0
10:24:17.456 [main] DEBUG org.hibernate.orm.sql.ast.create - Registration of TableGroup [StandardTableGroup(org.frcpm.models.Project)] with identifierForTableGroup [org.frcpm.models.Project] for NavigablePath [org.frcpm.models.Project] 
10:24:17.456 [main] DEBUG org.hibernate.orm.results.graph.AST - DomainResult Graph:
 \-EntityResultImpl [org.frcpm.models.Project]
 |  +-BasicFetch [org.frcpm.models.Project.description]
 |  +-BasicFetch [org.frcpm.models.Project.goalEndDate]
 |  +-BasicFetch [org.frcpm.models.Project.hardDeadline]
 |  +-DelayedCollectionFetch [org.frcpm.models.Project.meetings]
 |  +-DelayedCollectionFetch [org.frcpm.models.Project.milestones]
 |  +-BasicFetch [org.frcpm.models.Project.name]
 |  +-BasicFetch [org.frcpm.models.Project.startDate]
 |  \-DelayedCollectionFetch [org.frcpm.models.Project.tasks]

10:24:17.456 [main] DEBUG org.hibernate.orm.sql.ast.tree - SQL AST Tree:
    SelectStatement {
      FromClause {
        StandardTableGroup (p1 : org.frcpm.models.Project) {
          primaryTableReference : projects as p1_0
        }
      }
    }

10:24:17.456 [main] DEBUG org.hibernate.persister.entity.AbstractEntityPersister - Static SQL for entity: org.frcpm.models.Project
10:24:17.456 [main] DEBUG org.hibernate.persister.entity.AbstractEntityPersister -  Version select: select id from projects where id=?
10:24:17.456 [main] DEBUG org.hibernate.persister.entity.AbstractEntityPersister -  Insert (0): insert into projects (description,goal_end_date,hard_deadline,name,start_date,id) values (?,?,?,?,?,default)
10:24:17.456 [main] DEBUG org.hibernate.persister.entity.AbstractEntityPersister -  Update (0): update projects set description=?,goal_end_date=?,hard_deadline=?,name=?,start_date=? where id=?
10:24:17.456 [main] DEBUG org.hibernate.persister.entity.AbstractEntityPersister -  Delete (0): delete from projects where id=?
10:24:17.456 [main] DEBUG org.hibernate.orm.sql.ast.create - Created new SQL alias : s1_0
10:24:17.456 [main] DEBUG org.hibernate.orm.sql.ast.create - Registration of TableGroup [StandardTableGroup(org.frcpm.models.Subteam)] with identifierForTableGroup [org.frcpm.models.Subteam] for NavigablePath [org.frcpm.models.Subteam] 
10:24:17.456 [main] DEBUG org.hibernate.orm.results.graph.AST - DomainResult Graph:
 \-EntityResultImpl [org.frcpm.models.Subteam]
 |  +-BasicFetch [org.frcpm.models.Subteam.colorCode]
 |  +-DelayedCollectionFetch [org.frcpm.models.Subteam.members]
 |  +-BasicFetch [org.frcpm.models.Subteam.name]
 |  +-BasicFetch [org.frcpm.models.Subteam.specialties]
 |  \-DelayedCollectionFetch [org.frcpm.models.Subteam.subsystems]

10:24:17.456 [main] DEBUG org.hibernate.orm.sql.ast.tree - SQL AST Tree:
    SelectStatement {
      FromClause {
        StandardTableGroup (s1 : org.frcpm.models.Subteam) {
          primaryTableReference : subteams as s1_0
        }
      }
    }

10:24:17.456 [main] DEBUG org.hibernate.persister.entity.AbstractEntityPersister - Static SQL for entity: org.frcpm.models.Subteam
10:24:17.456 [main] DEBUG org.hibernate.persister.entity.AbstractEntityPersister -  Version select: select id from subteams where id=?
10:24:17.456 [main] DEBUG org.hibernate.persister.entity.AbstractEntityPersister -  Insert (0): insert into subteams (color_code,name,specialties,id) values (?,?,?,default)
10:24:17.456 [main] DEBUG org.hibernate.persister.entity.AbstractEntityPersister -  Update (0): update subteams set color_code=?,name=?,specialties=? where id=?
10:24:17.456 [main] DEBUG org.hibernate.persister.entity.AbstractEntityPersister -  Delete (0): delete from subteams where id=?
10:24:17.456 [main] DEBUG org.hibernate.orm.sql.ast.create - Created new SQL alias : t1_0
10:24:17.456 [main] DEBUG org.hibernate.orm.sql.ast.create - Registration of TableGroup [StandardTableGroup(org.frcpm.models.Task)] with identifierForTableGroup [org.frcpm.models.Task] for NavigablePath [org.frcpm.models.Task] 
10:24:17.456 [main] DEBUG org.hibernate.orm.sql.ast.create - Registration of TableGroup [org.hibernate.sql.ast.tree.from.LazyTableGroup@61468f85] with identifierForTableGroup [org.frcpm.models.Task.project] for NavigablePath [org.frcpm.models.Task.project] 
10:24:17.456 [main] DEBUG org.hibernate.orm.sql.ast.create - Registration of TableGroup [org.hibernate.sql.ast.tree.from.LazyTableGroup@26e515f3] with identifierForTableGroup [org.frcpm.models.Task.subsystem] for NavigablePath [org.frcpm.models.Task.subsystem] 
10:24:17.456 [main] DEBUG org.hibernate.orm.results.graph.AST - DomainResult Graph:
 \-EntityResultImpl [org.frcpm.models.Task]
 |  +-BasicFetch [org.frcpm.models.Task.actualDurationSeconds]
 |  +-DelayedCollectionFetch [org.frcpm.models.Task.assignedTo]
 |  +-BasicFetch [org.frcpm.models.Task.completed]
 |  +-BasicFetch [org.frcpm.models.Task.description]
 |  +-BasicFetch [org.frcpm.models.Task.endDate]
 |  +-BasicFetch [org.frcpm.models.Task.estimatedDurationSeconds]
 |  +-DelayedCollectionFetch [org.frcpm.models.Task.postDependencies]
 |  +-DelayedCollectionFetch [org.frcpm.models.Task.preDependencies]
 |  +-BasicFetch [org.frcpm.models.Task.priority]
 |  +-BasicFetch [org.frcpm.models.Task.progress]
 |  +-EntityDelayedFetchImpl [org.frcpm.models.Task.project]
 |  +-DelayedCollectionFetch [org.frcpm.models.Task.requiredComponents]
 |  +-BasicFetch [org.frcpm.models.Task.startDate]
 |  +-EntityDelayedFetchImpl [org.frcpm.models.Task.subsystem]
 |  \-BasicFetch [org.frcpm.models.Task.title]

10:24:17.456 [main] DEBUG org.hibernate.orm.sql.ast.tree - SQL AST Tree:
    SelectStatement {
      FromClause {
        StandardTableGroup (t1 : org.frcpm.models.Task) {
          primaryTableReference : tasks as t1_0
          TableGroupJoins {
            left  join LazyTableGroup (p1 : org.frcpm.models.Task.project) {
            }
            left  join LazyTableGroup (s1 : org.frcpm.models.Task.subsystem) {
            }
          }
        }
      }
    }

10:24:17.456 [main] DEBUG org.hibernate.persister.entity.AbstractEntityPersister - Static SQL for entity: org.frcpm.models.Task
10:24:17.456 [main] DEBUG org.hibernate.persister.entity.AbstractEntityPersister -  Version select: select id from tasks where id=?
10:24:17.456 [main] DEBUG org.hibernate.persister.entity.AbstractEntityPersister -  Insert (0): insert into tasks (actual_duration_seconds,completed,description,end_date,estimated_duration_seconds,priority,progress,project_id,start_date,subsystem_id,title,id) values (?,?,?,?,?,?,?,?,?,?,?,default)
10:24:17.456 [main] DEBUG org.hibernate.persister.entity.AbstractEntityPersister -  Update (0): update tasks set actual_duration_seconds=?,completed=?,description=?,end_date=?,estimated_duration_seconds=?,priority=?,progress=?,project_id=?,start_date=?,subsystem_id=?,title=? where id=?
10:24:17.456 [main] DEBUG org.hibernate.persister.entity.AbstractEntityPersister -  Delete (0): delete from tasks where id=?
10:24:17.456 [main] DEBUG org.hibernate.orm.sql.ast.create - Created new SQL alias : tm1_0
10:24:17.456 [main] DEBUG org.hibernate.orm.sql.ast.create - Registration of TableGroup [StandardTableGroup(org.frcpm.models.TeamMember)] with identifierForTableGroup [org.frcpm.models.TeamMember] for NavigablePath [org.frcpm.models.TeamMember] 
10:24:17.456 [main] DEBUG org.hibernate.orm.sql.ast.create - Registration of TableGroup [org.hibernate.sql.ast.tree.from.LazyTableGroup@2b90f91c] with identifierForTableGroup [org.frcpm.models.TeamMember.subteam] for NavigablePath [org.frcpm.models.TeamMember.subteam] 
10:24:17.456 [main] DEBUG org.hibernate.orm.results.graph.AST - DomainResult Graph:
 \-EntityResultImpl [org.frcpm.models.TeamMember]
 |  +-DelayedCollectionFetch [org.frcpm.models.TeamMember.assignedTasks]
 |  +-DelayedCollectionFetch [org.frcpm.models.TeamMember.attendances]
 |  +-BasicFetch [org.frcpm.models.TeamMember.email]
 |  +-BasicFetch [org.frcpm.models.TeamMember.firstName]
 |  +-BasicFetch [org.frcpm.models.TeamMember.lastName]
 |  +-BasicFetch [org.frcpm.models.TeamMember.leader]
 |  +-BasicFetch [org.frcpm.models.TeamMember.phone]
 |  +-BasicFetch [org.frcpm.models.TeamMember.skills]
 |  +-EntityDelayedFetchImpl [org.frcpm.models.TeamMember.subteam]
 |  \-BasicFetch [org.frcpm.models.TeamMember.username]

10:24:17.456 [main] DEBUG org.hibernate.orm.sql.ast.tree - SQL AST Tree:
    SelectStatement {
      FromClause {
        StandardTableGroup (tm1 : org.frcpm.models.TeamMember) {
          primaryTableReference : team_members as tm1_0
          TableGroupJoins {
            left  join LazyTableGroup (s1 : org.frcpm.models.TeamMember.subteam) {
            }
          }
        }
      }
    }

10:24:17.456 [main] DEBUG org.hibernate.persister.entity.AbstractEntityPersister - Static SQL for entity: org.frcpm.models.TeamMember
10:24:17.456 [main] DEBUG org.hibernate.persister.entity.AbstractEntityPersister -  Version select: select id from team_members where id=?
10:24:17.456 [main] DEBUG org.hibernate.persister.entity.AbstractEntityPersister -  Insert (0): insert into team_members (email,first_name,last_name,is_leader,phone,skills,subteam_id,username,id) values (?,?,?,?,?,?,?,?,default)
10:24:17.456 [main] DEBUG org.hibernate.persister.entity.AbstractEntityPersister -  Update (0): update team_members set email=?,first_name=?,last_name=?,is_leader=?,phone=?,skills=?,subteam_id=?,username=? where id=?
10:24:17.456 [main] DEBUG org.hibernate.persister.entity.AbstractEntityPersister -  Delete (0): delete from team_members where id=?
10:24:17.456 [main] DEBUG org.hibernate.orm.sql.ast.create - Created new SQL alias : at1_0
10:24:17.456 [main] DEBUG org.hibernate.orm.sql.ast.create - Registration of TableGroup [CollectionTableGroup(org.frcpm.models.Task.assignedTo)] with identifierForTableGroup [org.frcpm.models.Task.assignedTo] for NavigablePath [org.frcpm.models.Task.assignedTo] 
10:24:17.456 [main] DEBUG org.hibernate.orm.sql.ast.create - Registration of TableGroup [org.hibernate.sql.ast.tree.from.LazyTableGroup@555c851a] with identifierForTableGroup [org.frcpm.models.Task.assignedTo.{element}] for NavigablePath [org.frcpm.models.Task.assignedTo.{element}] 
10:24:17.456 [main] DEBUG org.hibernate.orm.sql.ast.create - Created new SQL alias : at1_1
10:24:17.456 [main] DEBUG org.hibernate.orm.sql.ast.create - Registration of TableGroup [org.hibernate.sql.ast.tree.from.LazyTableGroup@5079dc23] with identifierForTableGroup [org.frcpm.models.Task.assignedTo.{element}.subteam] for NavigablePath [org.frcpm.models.Task.assignedTo.{element}.subteam] 
10:24:17.456 [main] DEBUG org.hibernate.orm.results.graph.AST - DomainResult Graph:
 \-CollectionDomainResult [org.frcpm.models.Task.assignedTo]

10:24:17.456 [main] DEBUG org.hibernate.orm.sql.ast.tree - SQL AST Tree:
    SelectStatement {
      FromClause {
        CollectionTableGroup (at1 : org.frcpm.models.Task.assignedTo) {
          primaryTableReference : task_assignments as at1_0
          TableGroupJoins {
             join LazyTableGroup (at1 : org.frcpm.models.Task.assignedTo.{element}) {
              primaryTableReference : team_members as at1_1
              TableGroupJoins {
                left  join LazyTableGroup (s1 : org.frcpm.models.Task.assignedTo.{element}.subteam) {
                }
              }
            }
          }
        }
      }
    }

10:24:17.456 [main] DEBUG org.hibernate.orm.jdbc.mutation - Static SQL for collection: org.frcpm.models.Task.assignedTo
10:24:17.456 [main] DEBUG org.hibernate.orm.jdbc.mutation -  Row insert: insert into task_assignments (task_id,team_member_id) values (?,?)
10:24:17.457 [main] DEBUG org.hibernate.orm.jdbc.mutation -  Row delete: delete from task_assignments where task_id=? and team_member_id=?
10:24:17.457 [main] DEBUG org.hibernate.orm.jdbc.mutation -  One-shot delete: delete from task_assignments where task_id=?
10:24:17.457 [main] DEBUG org.hibernate.orm.sql.ast.create - Created new SQL alias : t1_0
10:24:17.457 [main] DEBUG org.hibernate.orm.sql.ast.create - Registration of TableGroup [org.hibernate.sql.ast.tree.from.OneToManyTableGroup@42119713] with identifierForTableGroup [org.frcpm.models.Subsystem.tasks] for NavigablePath [org.frcpm.models.Subsystem.tasks] 
10:24:17.457 [main] DEBUG org.hibernate.orm.sql.ast.create - Registration of TableGroup [StandardTableGroup(org.frcpm.models.Subsystem.tasks.{element})] with identifierForTableGroup [org.frcpm.models.Subsystem.tasks.{element}] for NavigablePath [org.frcpm.models.Subsystem.tasks.{element}] 
10:24:17.457 [main] DEBUG org.hibernate.orm.sql.ast.create - Registration of TableGroup [org.hibernate.sql.ast.tree.from.LazyTableGroup@32f02cad] with identifierForTableGroup [org.frcpm.models.Subsystem.tasks.{element}.project] for NavigablePath [org.frcpm.models.Subsystem.tasks.{element}.project] 
10:24:17.457 [main] DEBUG org.hibernate.orm.sql.ast.create - Registration of TableGroup [org.hibernate.sql.ast.tree.from.LazyTableGroup@204e4cc6] with identifierForTableGroup [org.frcpm.models.Subsystem.tasks.{element}.subsystem] for NavigablePath [org.frcpm.models.Subsystem.tasks.{element}.subsystem] 
10:24:17.457 [main] DEBUG org.hibernate.orm.results.graph.AST - DomainResult Graph:
 \-CollectionDomainResult [org.frcpm.models.Subsystem.tasks]

10:24:17.457 [main] DEBUG org.hibernate.orm.sql.ast.tree - SQL AST Tree:
    SelectStatement {
      FromClause {
        OneToManyTableGroup (t1 : org.frcpm.models.Subsystem.tasks) {
          primaryTableReference : tasks as t1_0
          TableGroupJoins {
            left  join LazyTableGroup (p1 : org.frcpm.models.Subsystem.tasks.{element}.project) {
            }
            left  join LazyTableGroup (s1 : org.frcpm.models.Subsystem.tasks.{element}.subsystem) {
            }
          }
        }
      }
    }

10:24:17.457 [main] DEBUG org.hibernate.orm.jdbc.mutation - Static SQL for collection: org.frcpm.models.Subsystem.tasks
10:24:17.457 [main] DEBUG org.hibernate.orm.sql.ast.create - Created new SQL alias : m1_0
10:24:17.457 [main] DEBUG org.hibernate.orm.sql.ast.create - Registration of TableGroup [org.hibernate.sql.ast.tree.from.OneToManyTableGroup@5d0f32ef] with identifierForTableGroup [org.frcpm.models.Subteam.members] for NavigablePath [org.frcpm.models.Subteam.members] 
10:24:17.457 [main] DEBUG org.hibernate.orm.sql.ast.create - Registration of TableGroup [StandardTableGroup(org.frcpm.models.Subteam.members.{element})] with identifierForTableGroup [org.frcpm.models.Subteam.members.{element}] for NavigablePath [org.frcpm.models.Subteam.members.{element}] 
10:24:17.457 [main] DEBUG org.hibernate.orm.sql.ast.create - Registration of TableGroup [org.hibernate.sql.ast.tree.from.LazyTableGroup@3721cf17] with identifierForTableGroup [org.frcpm.models.Subteam.members.{element}.subteam] for NavigablePath [org.frcpm.models.Subteam.members.{element}.subteam] 
10:24:17.457 [main] DEBUG org.hibernate.orm.results.graph.AST - DomainResult Graph:
 \-CollectionDomainResult [org.frcpm.models.Subteam.members]

10:24:17.457 [main] DEBUG org.hibernate.orm.sql.ast.tree - SQL AST Tree:
    SelectStatement {
      FromClause {
        OneToManyTableGroup (m1 : org.frcpm.models.Subteam.members) {
          primaryTableReference : team_members as m1_0
          TableGroupJoins {
            left  join LazyTableGroup (s1 : org.frcpm.models.Subteam.members.{element}.subteam) {
            }
          }
        }
      }
    }

10:24:17.457 [main] DEBUG org.hibernate.orm.jdbc.mutation - Static SQL for collection: org.frcpm.models.Subteam.members
10:24:17.457 [main] DEBUG org.hibernate.orm.sql.ast.create - Created new SQL alias : a1_0
10:24:17.457 [main] DEBUG org.hibernate.orm.sql.ast.create - Registration of TableGroup [org.hibernate.sql.ast.tree.from.OneToManyTableGroup@4425b847] with identifierForTableGroup [org.frcpm.models.TeamMember.attendances] for NavigablePath [org.frcpm.models.TeamMember.attendances] 
10:24:17.457 [main] DEBUG org.hibernate.orm.sql.ast.create - Registration of TableGroup [StandardTableGroup(org.frcpm.models.TeamMember.attendances.{element})] with identifierForTableGroup [org.frcpm.models.TeamMember.attendances.{element}] for NavigablePath [org.frcpm.models.TeamMember.attendances.{element}] 
10:24:17.457 [main] DEBUG org.hibernate.orm.sql.ast.create - Registration of TableGroup [org.hibernate.sql.ast.tree.from.LazyTableGroup@60197266] with identifierForTableGroup [org.frcpm.models.TeamMember.attendances.{element}.meeting] for NavigablePath [org.frcpm.models.TeamMember.attendances.{element}.meeting] 
10:24:17.457 [main] DEBUG org.hibernate.orm.sql.ast.create - Registration of TableGroup [org.hibernate.sql.ast.tree.from.LazyTableGroup@60f13fb6] with identifierForTableGroup [org.frcpm.models.TeamMember.attendances.{element}.member] for NavigablePath [org.frcpm.models.TeamMember.attendances.{element}.member] 
10:24:17.457 [main] DEBUG org.hibernate.orm.results.graph.AST - DomainResult Graph:
 \-CollectionDomainResult [org.frcpm.models.TeamMember.attendances]

10:24:17.457 [main] DEBUG org.hibernate.orm.sql.ast.tree - SQL AST Tree:
    SelectStatement {
      FromClause {
        OneToManyTableGroup (a1 : org.frcpm.models.TeamMember.attendances) {
          primaryTableReference : attendances as a1_0
          TableGroupJoins {
            left  join LazyTableGroup (m1 : org.frcpm.models.TeamMember.attendances.{element}.meeting) {
            }
            left  join LazyTableGroup (m2 : org.frcpm.models.TeamMember.attendances.{element}.member) {
            }
          }
        }
      }
    }

10:24:17.457 [main] DEBUG org.hibernate.orm.jdbc.mutation - Static SQL for collection: org.frcpm.models.TeamMember.attendances
10:24:17.457 [main] DEBUG org.hibernate.orm.sql.ast.create - Created new SQL alias : rc1_0
10:24:17.457 [main] DEBUG org.hibernate.orm.sql.ast.create - Registration of TableGroup [CollectionTableGroup(org.frcpm.models.Task.requiredComponents)] with identifierForTableGroup [org.frcpm.models.Task.requiredComponents] for NavigablePath [org.frcpm.models.Task.requiredComponents] 
10:24:17.458 [main] DEBUG org.hibernate.orm.sql.ast.create - Registration of TableGroup [org.hibernate.sql.ast.tree.from.LazyTableGroup@22de8d74] with identifierForTableGroup [org.frcpm.models.Task.requiredComponents.{element}] for NavigablePath [org.frcpm.models.Task.requiredComponents.{element}] 
10:24:17.458 [main] DEBUG org.hibernate.orm.sql.ast.create - Created new SQL alias : rc1_1
10:24:17.458 [main] DEBUG org.hibernate.orm.results.graph.AST - DomainResult Graph:
 \-CollectionDomainResult [org.frcpm.models.Task.requiredComponents]

10:24:17.458 [main] DEBUG org.hibernate.orm.sql.ast.tree - SQL AST Tree:
    SelectStatement {
      FromClause {
        CollectionTableGroup (rc1 : org.frcpm.models.Task.requiredComponents) {
          primaryTableReference : task_components as rc1_0
          TableGroupJoins {
             join LazyTableGroup (rc1 : org.frcpm.models.Task.requiredComponents.{element}) {
              primaryTableReference : components as rc1_1
            }
          }
        }
      }
    }

10:24:17.458 [main] DEBUG org.hibernate.orm.jdbc.mutation - Static SQL for collection: org.frcpm.models.Task.requiredComponents
10:24:17.458 [main] DEBUG org.hibernate.orm.jdbc.mutation -  Row insert: insert into task_components (task_id,component_id) values (?,?)
10:24:17.458 [main] DEBUG org.hibernate.orm.jdbc.mutation -  Row delete: delete from task_components where task_id=? and component_id=?
10:24:17.458 [main] DEBUG org.hibernate.orm.jdbc.mutation -  One-shot delete: delete from task_components where task_id=?
10:24:17.458 [main] DEBUG org.hibernate.orm.sql.ast.create - Created new SQL alias : s1_0
10:24:17.458 [main] DEBUG org.hibernate.orm.sql.ast.create - Registration of TableGroup [org.hibernate.sql.ast.tree.from.OneToManyTableGroup@600356ac] with identifierForTableGroup [org.frcpm.models.Subteam.subsystems] for NavigablePath [org.frcpm.models.Subteam.subsystems] 
10:24:17.458 [main] DEBUG org.hibernate.orm.sql.ast.create - Registration of TableGroup [StandardTableGroup(org.frcpm.models.Subteam.subsystems.{element})] with identifierForTableGroup [org.frcpm.models.Subteam.subsystems.{element}] for NavigablePath [org.frcpm.models.Subteam.subsystems.{element}] 
10:24:17.459 [main] DEBUG org.hibernate.orm.sql.ast.create - Registration of TableGroup [org.hibernate.sql.ast.tree.from.LazyTableGroup@72d5f575] with identifierForTableGroup [org.frcpm.models.Subteam.subsystems.{element}.responsibleSubteam] for NavigablePath [org.frcpm.models.Subteam.subsystems.{element}.responsibleSubteam] 
10:24:17.459 [main] DEBUG org.hibernate.orm.results.graph.AST - DomainResult Graph:
 \-CollectionDomainResult [org.frcpm.models.Subteam.subsystems]

10:24:17.459 [main] DEBUG org.hibernate.orm.sql.ast.tree - SQL AST Tree:
    SelectStatement {
      FromClause {
        OneToManyTableGroup (s1 : org.frcpm.models.Subteam.subsystems) {
          primaryTableReference : subsystems as s1_0
          TableGroupJoins {
            left  join LazyTableGroup (rs1 : org.frcpm.models.Subteam.subsystems.{element}.responsibleSubteam) {
            }
          }
        }
      }
    }

10:24:17.459 [main] DEBUG org.hibernate.orm.jdbc.mutation - Static SQL for collection: org.frcpm.models.Subteam.subsystems
10:24:17.459 [main] DEBUG org.hibernate.orm.sql.ast.create - Created new SQL alias : pd1_0
10:24:17.459 [main] DEBUG org.hibernate.orm.sql.ast.create - Registration of TableGroup [CollectionTableGroup(org.frcpm.models.Task.preDependencies)] with identifierForTableGroup [org.frcpm.models.Task.preDependencies] for NavigablePath [org.frcpm.models.Task.preDependencies] 
10:24:17.459 [main] DEBUG org.hibernate.orm.sql.ast.create - Registration of TableGroup [org.hibernate.sql.ast.tree.from.LazyTableGroup@7cadfbbf] with identifierForTableGroup [org.frcpm.models.Task.preDependencies.{element}] for NavigablePath [org.frcpm.models.Task.preDependencies.{element}] 
10:24:17.459 [main] DEBUG org.hibernate.orm.sql.ast.create - Created new SQL alias : pd1_1
10:24:17.459 [main] DEBUG org.hibernate.orm.sql.ast.create - Registration of TableGroup [org.hibernate.sql.ast.tree.from.LazyTableGroup@6e174b0] with identifierForTableGroup [org.frcpm.models.Task.preDependencies.{element}.project] for NavigablePath [org.frcpm.models.Task.preDependencies.{element}.project] 
10:24:17.459 [main] DEBUG org.hibernate.orm.sql.ast.create - Registration of TableGroup [org.hibernate.sql.ast.tree.from.LazyTableGroup@1dec95ab] with identifierForTableGroup [org.frcpm.models.Task.preDependencies.{element}.subsystem] for NavigablePath [org.frcpm.models.Task.preDependencies.{element}.subsystem] 
10:24:17.459 [main] DEBUG org.hibernate.orm.results.graph.AST - DomainResult Graph:
 \-CollectionDomainResult [org.frcpm.models.Task.preDependencies]

10:24:17.459 [main] DEBUG org.hibernate.orm.sql.ast.tree - SQL AST Tree:
    SelectStatement {
      FromClause {
        CollectionTableGroup (pd1 : org.frcpm.models.Task.preDependencies) {
          primaryTableReference : task_dependencies as pd1_0
          TableGroupJoins {
             join LazyTableGroup (pd1 : org.frcpm.models.Task.preDependencies.{element}) {
              primaryTableReference : tasks as pd1_1
              TableGroupJoins {
                left  join LazyTableGroup (p1 : org.frcpm.models.Task.preDependencies.{element}.project) {
                }
                left  join LazyTableGroup (s1 : org.frcpm.models.Task.preDependencies.{element}.subsystem) {
                }
              }
            }
          }
        }
      }
    }

10:24:17.459 [main] DEBUG org.hibernate.orm.jdbc.mutation - Static SQL for collection: org.frcpm.models.Task.preDependencies
10:24:17.459 [main] DEBUG org.hibernate.orm.jdbc.mutation -  Row insert: insert into task_dependencies (task_id,dependency_id) values (?,?)
10:24:17.459 [main] DEBUG org.hibernate.orm.jdbc.mutation -  Row delete: delete from task_dependencies where task_id=? and dependency_id=?
10:24:17.459 [main] DEBUG org.hibernate.orm.jdbc.mutation -  One-shot delete: delete from task_dependencies where task_id=?
10:24:17.459 [main] DEBUG org.hibernate.orm.sql.ast.create - Created new SQL alias : m1_0
10:24:17.459 [main] DEBUG org.hibernate.orm.sql.ast.create - Registration of TableGroup [org.hibernate.sql.ast.tree.from.OneToManyTableGroup@316c51c] with identifierForTableGroup [org.frcpm.models.Project.milestones] for NavigablePath [org.frcpm.models.Project.milestones] 
10:24:17.459 [main] DEBUG org.hibernate.orm.sql.ast.create - Registration of TableGroup [StandardTableGroup(org.frcpm.models.Project.milestones.{element})] with identifierForTableGroup [org.frcpm.models.Project.milestones.{element}] for NavigablePath [org.frcpm.models.Project.milestones.{element}] 
10:24:17.459 [main] DEBUG org.hibernate.orm.sql.ast.create - Registration of TableGroup [org.hibernate.sql.ast.tree.from.LazyTableGroup@4ee6d60c] with identifierForTableGroup [org.frcpm.models.Project.milestones.{element}.project] for NavigablePath [org.frcpm.models.Project.milestones.{element}.project] 
10:24:17.459 [main] DEBUG org.hibernate.orm.results.graph.AST - DomainResult Graph:
 \-CollectionDomainResult [org.frcpm.models.Project.milestones]

10:24:17.459 [main] DEBUG org.hibernate.orm.sql.ast.tree - SQL AST Tree:
    SelectStatement {
      FromClause {
        OneToManyTableGroup (m1 : org.frcpm.models.Project.milestones) {
          primaryTableReference : milestones as m1_0
          TableGroupJoins {
            left  join LazyTableGroup (p1 : org.frcpm.models.Project.milestones.{element}.project) {
            }
          }
        }
      }
    }

10:24:17.459 [main] DEBUG org.hibernate.orm.jdbc.mutation - Static SQL for collection: org.frcpm.models.Project.milestones
10:24:17.459 [main] DEBUG org.hibernate.orm.sql.ast.create - Created new SQL alias : rft1_0
10:24:17.459 [main] DEBUG org.hibernate.orm.sql.ast.create - Registration of TableGroup [CollectionTableGroup(org.frcpm.models.Component.requiredForTasks)] with identifierForTableGroup [org.frcpm.models.Component.requiredForTasks] for NavigablePath [org.frcpm.models.Component.requiredForTasks] 
10:24:17.459 [main] DEBUG org.hibernate.orm.sql.ast.create - Registration of TableGroup [org.hibernate.sql.ast.tree.from.LazyTableGroup@4d2d4907] with identifierForTableGroup [org.frcpm.models.Component.requiredForTasks.{element}] for NavigablePath [org.frcpm.models.Component.requiredForTasks.{element}] 
10:24:17.459 [main] DEBUG org.hibernate.orm.sql.ast.create - Created new SQL alias : rft1_1
10:24:17.459 [main] DEBUG org.hibernate.orm.sql.ast.create - Registration of TableGroup [org.hibernate.sql.ast.tree.from.LazyTableGroup@78a64b9b] with identifierForTableGroup [org.frcpm.models.Component.requiredForTasks.{element}.project] for NavigablePath [org.frcpm.models.Component.requiredForTasks.{element}.project] 
10:24:17.459 [main] DEBUG org.hibernate.orm.sql.ast.create - Registration of TableGroup [org.hibernate.sql.ast.tree.from.LazyTableGroup@5753a5cc] with identifierForTableGroup [org.frcpm.models.Component.requiredForTasks.{element}.subsystem] for NavigablePath [org.frcpm.models.Component.requiredForTasks.{element}.subsystem] 
10:24:17.459 [main] DEBUG org.hibernate.orm.results.graph.AST - DomainResult Graph:
 \-CollectionDomainResult [org.frcpm.models.Component.requiredForTasks]

10:24:17.459 [main] DEBUG org.hibernate.orm.sql.ast.tree - SQL AST Tree:
    SelectStatement {
      FromClause {
        CollectionTableGroup (rft1 : org.frcpm.models.Component.requiredForTasks) {
          primaryTableReference : task_components as rft1_0
          TableGroupJoins {
             join LazyTableGroup (rft1 : org.frcpm.models.Component.requiredForTasks.{element}) {
              primaryTableReference : tasks as rft1_1
              TableGroupJoins {
                left  join LazyTableGroup (p1 : org.frcpm.models.Component.requiredForTasks.{element}.project) {
                }
                left  join LazyTableGroup (s1 : org.frcpm.models.Component.requiredForTasks.{element}.subsystem) {
                }
              }
            }
          }
        }
      }
    }

10:24:17.459 [main] DEBUG org.hibernate.orm.jdbc.mutation - Static SQL for collection: org.frcpm.models.Component.requiredForTasks
10:24:17.459 [main] DEBUG org.hibernate.orm.sql.ast.create - Created new SQL alias : m1_0
10:24:17.459 [main] DEBUG org.hibernate.orm.sql.ast.create - Registration of TableGroup [org.hibernate.sql.ast.tree.from.OneToManyTableGroup@3a21cc4a] with identifierForTableGroup [org.frcpm.models.Project.meetings] for NavigablePath [org.frcpm.models.Project.meetings] 
10:24:17.459 [main] DEBUG org.hibernate.orm.sql.ast.create - Registration of TableGroup [StandardTableGroup(org.frcpm.models.Project.meetings.{element})] with identifierForTableGroup [org.frcpm.models.Project.meetings.{element}] for NavigablePath [org.frcpm.models.Project.meetings.{element}] 
10:24:17.459 [main] DEBUG org.hibernate.orm.sql.ast.create - Registration of TableGroup [org.hibernate.sql.ast.tree.from.LazyTableGroup@7fcdfe37] with identifierForTableGroup [org.frcpm.models.Project.meetings.{element}.project] for NavigablePath [org.frcpm.models.Project.meetings.{element}.project] 
10:24:17.459 [main] DEBUG org.hibernate.orm.results.graph.AST - DomainResult Graph:
 \-CollectionDomainResult [org.frcpm.models.Project.meetings]

10:24:17.459 [main] DEBUG org.hibernate.orm.sql.ast.tree - SQL AST Tree:
    SelectStatement {
      FromClause {
        OneToManyTableGroup (m1 : org.frcpm.models.Project.meetings) {
          primaryTableReference : meetings as m1_0
          TableGroupJoins {
            left  join LazyTableGroup (p1 : org.frcpm.models.Project.meetings.{element}.project) {
            }
          }
        }
      }
    }

10:24:17.459 [main] DEBUG org.hibernate.orm.jdbc.mutation - Static SQL for collection: org.frcpm.models.Project.meetings
10:24:17.460 [main] DEBUG org.hibernate.orm.sql.ast.create - Created new SQL alias : at1_0
10:24:17.460 [main] DEBUG org.hibernate.orm.sql.ast.create - Registration of TableGroup [CollectionTableGroup(org.frcpm.models.TeamMember.assignedTasks)] with identifierForTableGroup [org.frcpm.models.TeamMember.assignedTasks] for NavigablePath [org.frcpm.models.TeamMember.assignedTasks] 
10:24:17.460 [main] DEBUG org.hibernate.orm.sql.ast.create - Registration of TableGroup [org.hibernate.sql.ast.tree.from.LazyTableGroup@484c2f03] with identifierForTableGroup [org.frcpm.models.TeamMember.assignedTasks.{element}] for NavigablePath [org.frcpm.models.TeamMember.assignedTasks.{element}] 
10:24:17.460 [main] DEBUG org.hibernate.orm.sql.ast.create - Created new SQL alias : at1_1
10:24:17.460 [main] DEBUG org.hibernate.orm.sql.ast.create - Registration of TableGroup [org.hibernate.sql.ast.tree.from.LazyTableGroup@7cbbe9dc] with identifierForTableGroup [org.frcpm.models.TeamMember.assignedTasks.{element}.project] for NavigablePath [org.frcpm.models.TeamMember.assignedTasks.{element}.project] 
10:24:17.460 [main] DEBUG org.hibernate.orm.sql.ast.create - Registration of TableGroup [org.hibernate.sql.ast.tree.from.LazyTableGroup@bc4d41e] with identifierForTableGroup [org.frcpm.models.TeamMember.assignedTasks.{element}.subsystem] for NavigablePath [org.frcpm.models.TeamMember.assignedTasks.{element}.subsystem] 
10:24:17.460 [main] DEBUG org.hibernate.orm.results.graph.AST - DomainResult Graph:
 \-CollectionDomainResult [org.frcpm.models.TeamMember.assignedTasks]

10:24:17.460 [main] DEBUG org.hibernate.orm.sql.ast.tree - SQL AST Tree:
    SelectStatement {
      FromClause {
        CollectionTableGroup (at1 : org.frcpm.models.TeamMember.assignedTasks) {
          primaryTableReference : task_assignments as at1_0
          TableGroupJoins {
             join LazyTableGroup (at1 : org.frcpm.models.TeamMember.assignedTasks.{element}) {
              primaryTableReference : tasks as at1_1
              TableGroupJoins {
                left  join LazyTableGroup (p1 : org.frcpm.models.TeamMember.assignedTasks.{element}.project) {
                }
                left  join LazyTableGroup (s1 : org.frcpm.models.TeamMember.assignedTasks.{element}.subsystem) {
                }
              }
            }
          }
        }
      }
    }

10:24:17.460 [main] DEBUG org.hibernate.orm.jdbc.mutation - Static SQL for collection: org.frcpm.models.TeamMember.assignedTasks
10:24:17.460 [main] DEBUG org.hibernate.orm.sql.ast.create - Created new SQL alias : a1_0
10:24:17.460 [main] DEBUG org.hibernate.orm.sql.ast.create - Registration of TableGroup [org.hibernate.sql.ast.tree.from.OneToManyTableGroup@10f3ecc] with identifierForTableGroup [org.frcpm.models.Meeting.attendances] for NavigablePath [org.frcpm.models.Meeting.attendances] 
10:24:17.460 [main] DEBUG org.hibernate.orm.sql.ast.create - Registration of TableGroup [StandardTableGroup(org.frcpm.models.Meeting.attendances.{element})] with identifierForTableGroup [org.frcpm.models.Meeting.attendances.{element}] for NavigablePath [org.frcpm.models.Meeting.attendances.{element}] 
10:24:17.460 [main] DEBUG org.hibernate.orm.sql.ast.create - Registration of TableGroup [org.hibernate.sql.ast.tree.from.LazyTableGroup@51a9049b] with identifierForTableGroup [org.frcpm.models.Meeting.attendances.{element}.meeting] for NavigablePath [org.frcpm.models.Meeting.attendances.{element}.meeting] 
10:24:17.460 [main] DEBUG org.hibernate.orm.sql.ast.create - Registration of TableGroup [org.hibernate.sql.ast.tree.from.LazyTableGroup@1067ec1c] with identifierForTableGroup [org.frcpm.models.Meeting.attendances.{element}.member] for NavigablePath [org.frcpm.models.Meeting.attendances.{element}.member] 
10:24:17.460 [main] DEBUG org.hibernate.orm.results.graph.AST - DomainResult Graph:
 \-CollectionDomainResult [org.frcpm.models.Meeting.attendances]

10:24:17.460 [main] DEBUG org.hibernate.orm.sql.ast.tree - SQL AST Tree:
    SelectStatement {
      FromClause {
        OneToManyTableGroup (a1 : org.frcpm.models.Meeting.attendances) {
          primaryTableReference : attendances as a1_0
          TableGroupJoins {
            left  join LazyTableGroup (m1 : org.frcpm.models.Meeting.attendances.{element}.meeting) {
            }
            left  join LazyTableGroup (m2 : org.frcpm.models.Meeting.attendances.{element}.member) {
            }
          }
        }
      }
    }

10:24:17.460 [main] DEBUG org.hibernate.orm.jdbc.mutation - Static SQL for collection: org.frcpm.models.Meeting.attendances
10:24:17.460 [main] DEBUG org.hibernate.orm.sql.ast.create - Created new SQL alias : pd1_0
10:24:17.460 [main] DEBUG org.hibernate.orm.sql.ast.create - Registration of TableGroup [CollectionTableGroup(org.frcpm.models.Task.postDependencies)] with identifierForTableGroup [org.frcpm.models.Task.postDependencies] for NavigablePath [org.frcpm.models.Task.postDependencies] 
10:24:17.460 [main] DEBUG org.hibernate.orm.sql.ast.create - Registration of TableGroup [org.hibernate.sql.ast.tree.from.LazyTableGroup@71f215d9] with identifierForTableGroup [org.frcpm.models.Task.postDependencies.{element}] for NavigablePath [org.frcpm.models.Task.postDependencies.{element}] 
10:24:17.460 [main] DEBUG org.hibernate.orm.sql.ast.create - Created new SQL alias : pd1_1
10:24:17.460 [main] DEBUG org.hibernate.orm.sql.ast.create - Registration of TableGroup [org.hibernate.sql.ast.tree.from.LazyTableGroup@f18f18d] with identifierForTableGroup [org.frcpm.models.Task.postDependencies.{element}.project] for NavigablePath [org.frcpm.models.Task.postDependencies.{element}.project] 
10:24:17.460 [main] DEBUG org.hibernate.orm.sql.ast.create - Registration of TableGroup [org.hibernate.sql.ast.tree.from.LazyTableGroup@7a408ca3] with identifierForTableGroup [org.frcpm.models.Task.postDependencies.{element}.subsystem] for NavigablePath [org.frcpm.models.Task.postDependencies.{element}.subsystem] 
10:24:17.460 [main] DEBUG org.hibernate.orm.results.graph.AST - DomainResult Graph:
 \-CollectionDomainResult [org.frcpm.models.Task.postDependencies]

10:24:17.460 [main] DEBUG org.hibernate.orm.sql.ast.tree - SQL AST Tree:
    SelectStatement {
      FromClause {
        CollectionTableGroup (pd1 : org.frcpm.models.Task.postDependencies) {
          primaryTableReference : task_dependencies as pd1_0
          TableGroupJoins {
             join LazyTableGroup (pd1 : org.frcpm.models.Task.postDependencies.{element}) {
              primaryTableReference : tasks as pd1_1
              TableGroupJoins {
                left  join LazyTableGroup (p1 : org.frcpm.models.Task.postDependencies.{element}.project) {
                }
                left  join LazyTableGroup (s1 : org.frcpm.models.Task.postDependencies.{element}.subsystem) {
                }
              }
            }
          }
        }
      }
    }

10:24:17.460 [main] DEBUG org.hibernate.orm.jdbc.mutation - Static SQL for collection: org.frcpm.models.Task.postDependencies
10:24:17.460 [main] DEBUG org.hibernate.orm.sql.ast.create - Created new SQL alias : t1_0
10:24:17.460 [main] DEBUG org.hibernate.orm.sql.ast.create - Registration of TableGroup [org.hibernate.sql.ast.tree.from.OneToManyTableGroup@53211c84] with identifierForTableGroup [org.frcpm.models.Project.tasks] for NavigablePath [org.frcpm.models.Project.tasks] 
10:24:17.460 [main] DEBUG org.hibernate.orm.sql.ast.create - Registration of TableGroup [StandardTableGroup(org.frcpm.models.Project.tasks.{element})] with identifierForTableGroup [org.frcpm.models.Project.tasks.{element}] for NavigablePath [org.frcpm.models.Project.tasks.{element}] 
10:24:17.460 [main] DEBUG org.hibernate.orm.sql.ast.create - Registration of TableGroup [org.hibernate.sql.ast.tree.from.LazyTableGroup@746de685] with identifierForTableGroup [org.frcpm.models.Project.tasks.{element}.project] for NavigablePath [org.frcpm.models.Project.tasks.{element}.project] 
10:24:17.460 [main] DEBUG org.hibernate.orm.sql.ast.create - Registration of TableGroup [org.hibernate.sql.ast.tree.from.LazyTableGroup@792f48ec] with identifierForTableGroup [org.frcpm.models.Project.tasks.{element}.subsystem] for NavigablePath [org.frcpm.models.Project.tasks.{element}.subsystem] 
10:24:17.460 [main] DEBUG org.hibernate.orm.results.graph.AST - DomainResult Graph:
 \-CollectionDomainResult [org.frcpm.models.Project.tasks]

10:24:17.460 [main] DEBUG org.hibernate.orm.sql.ast.tree - SQL AST Tree:
    SelectStatement {
      FromClause {
        OneToManyTableGroup (t1 : org.frcpm.models.Project.tasks) {
          primaryTableReference : tasks as t1_0
          TableGroupJoins {
            left  join LazyTableGroup (p1 : org.frcpm.models.Project.tasks.{element}.project) {
            }
            left  join LazyTableGroup (s1 : org.frcpm.models.Project.tasks.{element}.subsystem) {
            }
          }
        }
      }
    }

10:24:17.460 [main] DEBUG org.hibernate.orm.jdbc.mutation - Static SQL for collection: org.frcpm.models.Project.tasks
10:24:17.465 [main] DEBUG org.hibernate.type.spi.TypeConfiguration$Scope - Scoping TypeConfiguration [org.hibernate.type.spi.TypeConfiguration@173e0465] to SessionFactoryImplementor [org.hibernate.internal.SessionFactoryImpl@4568794b]
10:24:17.466 [main] DEBUG org.hibernate.query.named.NamedObjectRepository - Checking 0 named HQL queries
10:24:17.466 [main] DEBUG org.hibernate.query.named.NamedObjectRepository - Checking 0 named SQL queries
10:24:17.466 [main] DEBUG org.hibernate.mapping.Table - No alter strings for table : attendances
10:24:17.466 [main] DEBUG org.hibernate.SQL - alter table if exists components alter column description set data type TEXT
10:24:17.466 [main] DEBUG org.hibernate.SQL - alter table if exists meetings alter column notes set data type TEXT
10:24:17.466 [main] DEBUG org.hibernate.SQL - alter table if exists milestones alter column description set data type TEXT
10:24:17.466 [main] DEBUG org.hibernate.SQL - alter table if exists projects alter column description set data type TEXT
10:24:17.468 [main] DEBUG org.hibernate.SQL - alter table if exists subsystems alter column description set data type TEXT
10:24:17.468 [main] DEBUG org.hibernate.SQL - alter table if exists subteams alter column specialties set data type TEXT
10:24:17.468 [main] DEBUG org.hibernate.mapping.Table - No alter strings for table : task_assignments
10:24:17.468 [main] DEBUG org.hibernate.mapping.Table - No alter strings for table : task_components
10:24:17.468 [main] DEBUG org.hibernate.mapping.Table - No alter strings for table : task_dependencies
10:24:17.468 [main] DEBUG org.hibernate.SQL - alter table if exists tasks alter column description set data type TEXT
10:24:17.469 [main] DEBUG org.hibernate.SQL - alter table if exists team_members alter column skills set data type TEXT
10:24:17.469 [main] DEBUG org.hibernate.SQL - alter table if exists attendances drop constraint if exists UKa8ydr6vrgbux3a27v7enb0y3x
10:24:17.469 [main] DEBUG org.hibernate.SQL - alter table if exists attendances add constraint UKa8ydr6vrgbux3a27v7enb0y3x unique (meeting_id, member_id)
10:24:17.471 [main] DEBUG org.hibernate.internal.SessionFactoryRegistry - Registering SessionFactory: 12988c18-efca-4b2b-a1b4-b18c6e149457 (<unnamed>)
10:24:17.471 [main] DEBUG org.hibernate.internal.SessionFactoryRegistry - Not binding SessionFactory to JNDI, no JNDI name configured
10:24:17.471 [main] DEBUG org.hibernate.internal.SessionFactoryImpl - Instantiated SessionFactory
10:24:17.471 [main] DEBUG org.hibernate.stat.internal.StatisticsInitiator - Statistics initialized [enabled=false]
10:24:17.471 [main] DEBUG org.hibernate.engine.transaction.internal.TransactionImpl - On TransactionImpl creation, JpaCompliance#isJpaTransactionComplianceEnabled == false
10:24:17.471 [main] DEBUG org.hibernate.engine.transaction.internal.TransactionImpl - begin
10:24:17.471 [main] DEBUG org.hibernate.engine.spi.ActionQueue - Executing identity-insert immediately
10:24:17.471 [main] DEBUG org.hibernate.SQL - insert into projects (description,goal_end_date,hard_deadline,name,start_date,id) values (?,?,?,?,?,default)
10:24:17.472 [main] DEBUG org.hibernate.orm.results - Initializer list is empty
10:24:17.472 [main] DEBUG org.hibernate.orm.results.loading - Calling top-level assembler (0 / 1) : org.hibernate.sql.results.graph.basic.BasicResultAssembler@78e0c5c2
10:24:17.472 [main] DEBUG org.hibernate.orm.results - Extracted JDBC value [0] - [169]
10:24:17.472 [main] DEBUG org.hibernate.id.IdentifierGeneratorHelper - Extracted generated values [org.frcpm.models.Project]: [Ljava.lang.Object;@106f77b3
10:24:17.472 [main] DEBUG org.hibernate.event.internal.AbstractFlushingEventListener - Processing flush-time cascades
10:24:17.472 [main] DEBUG org.hibernate.event.internal.AbstractFlushingEventListener - Dirty checking collections
10:24:17.472 [main] DEBUG org.hibernate.engine.internal.Collections - Collection found: [org.frcpm.models.Project.meetings#169], was: [<unreferenced>] (initialized)
10:24:17.472 [main] DEBUG org.hibernate.engine.internal.Collections - Collection found: [org.frcpm.models.Project.milestones#169], was: [<unreferenced>] (initialized)
10:24:17.472 [main] DEBUG org.hibernate.engine.internal.Collections - Collection found: [org.frcpm.models.Project.tasks#169], was: [<unreferenced>] (initialized)
10:24:17.472 [main] DEBUG org.hibernate.event.internal.AbstractFlushingEventListener - Flushed: 0 insertions, 0 updates, 0 deletions to 1 objects
10:24:17.472 [main] DEBUG org.hibernate.event.internal.AbstractFlushingEventListener - Flushed: 3 (re)creations, 0 updates, 0 removals to 3 collections
10:24:17.472 [main] DEBUG org.hibernate.internal.util.EntityPrinter - Listing entities:
10:24:17.473 [main] DEBUG org.hibernate.internal.util.EntityPrinter - org.frcpm.models.Project{hardDeadline=2025-06-20, name=Test Attendance Project, description=null, meetings=[], id=169, goalEndDate=2025-06-06, milestones=[], startDate=2025-04-25, tasks=[]}
10:24:17.473 [main] DEBUG org.hibernate.engine.transaction.internal.TransactionImpl - committing
10:24:17.473 [main] DEBUG org.hibernate.event.internal.AbstractFlushingEventListener - Processing flush-time cascades
10:24:17.473 [main] DEBUG org.hibernate.event.internal.AbstractFlushingEventListener - Dirty checking collections
10:24:17.473 [main] DEBUG org.hibernate.engine.internal.Collections - Collection found: [org.frcpm.models.Project.meetings#169], was: [org.frcpm.models.Project.meetings#169] (initialized)
10:24:17.473 [main] DEBUG org.hibernate.engine.internal.Collections - Collection found: [org.frcpm.models.Project.milestones#169], was: [org.frcpm.models.Project.milestones#169] (initialized)
10:24:17.473 [main] DEBUG org.hibernate.engine.internal.Collections - Collection found: [org.frcpm.models.Project.tasks#169], was: [org.frcpm.models.Project.tasks#169] (initialized)
10:24:17.473 [main] DEBUG org.hibernate.event.internal.AbstractFlushingEventListener - Flushed: 0 insertions, 0 updates, 0 deletions to 1 objects
10:24:17.473 [main] DEBUG org.hibernate.event.internal.AbstractFlushingEventListener - Flushed: 0 (re)creations, 0 updates, 0 removals to 3 collections
10:24:17.473 [main] DEBUG org.hibernate.internal.util.EntityPrinter - Listing entities:
10:24:17.473 [FRC-PM-HikariCP housekeeper] DEBUG com.zaxxer.hikari.pool.HikariPool - FRC-PM-HikariCP - Before cleanup stats (total=1, active=1, idle=0, waiting=0)
10:24:17.473 [FRC-PM-HikariCP housekeeper] DEBUG com.zaxxer.hikari.pool.HikariPool - FRC-PM-HikariCP - After cleanup  stats (total=1, active=1, idle=0, waiting=0)
10:24:17.473 [main] DEBUG org.hibernate.internal.util.EntityPrinter - org.frcpm.models.Project{hardDeadline=2025-06-20, name=Test Attendance Project, description=null, meetings=[], id=169, goalEndDate=2025-06-06, milestones=[], startDate=2025-04-25, tasks=[]}
10:24:17.473 [main] DEBUG org.hibernate.resource.jdbc.internal.LogicalConnectionManagedImpl - Initiating JDBC connection release from afterTransaction
10:24:17.473 [main] DEBUG org.hibernate.resource.jdbc.internal.LogicalConnectionManagedImpl - Initiating JDBC connection release from afterTransaction
10:24:17.473 [main] DEBUG org.hibernate.engine.transaction.internal.TransactionImpl - On TransactionImpl creation, JpaCompliance#isJpaTransactionComplianceEnabled == false
10:24:17.473 [main] DEBUG org.hibernate.engine.transaction.internal.TransactionImpl - begin
10:24:17.474 [main] DEBUG org.hibernate.engine.spi.ActionQueue - Executing identity-insert immediately
10:24:17.474 [main] DEBUG org.hibernate.SQL - insert into meetings (date,end_time,notes,project_id,start_time,id) values (?,?,?,?,?,default)
10:24:17.475 [main] DEBUG org.hibernate.orm.results - Initializer list is empty
10:24:17.475 [main] DEBUG org.hibernate.orm.results.loading - Calling top-level assembler (0 / 1) : org.hibernate.sql.results.graph.basic.BasicResultAssembler@322d86f6
10:24:17.475 [main] DEBUG org.hibernate.orm.results - Extracted JDBC value [0] - [105]
10:24:17.475 [main] DEBUG org.hibernate.id.IdentifierGeneratorHelper - Extracted generated values [org.frcpm.models.Meeting]: [Ljava.lang.Object;@29537f67
10:24:17.475 [main] DEBUG org.hibernate.event.internal.AbstractFlushingEventListener - Processing flush-time cascades
10:24:17.475 [main] DEBUG org.hibernate.event.internal.AbstractFlushingEventListener - Dirty checking collections
10:24:17.475 [main] DEBUG org.hibernate.engine.internal.Collections - Collection found: [org.frcpm.models.Meeting.attendances#105], was: [<unreferenced>] (initialized)
10:24:17.475 [main] DEBUG org.hibernate.event.internal.AbstractFlushingEventListener - Flushed: 0 insertions, 0 updates, 0 deletions to 1 objects
10:24:17.475 [main] DEBUG org.hibernate.event.internal.AbstractFlushingEventListener - Flushed: 1 (re)creations, 0 updates, 0 removals to 1 collections
10:24:17.475 [main] DEBUG org.hibernate.internal.util.EntityPrinter - Listing entities:
10:24:17.475 [main] DEBUG org.hibernate.internal.util.EntityPrinter - org.frcpm.models.Meeting{date=2025-04-26, notes=null, project=org.frcpm.models.Project#169, startTime=18:00, id=105, endTime=20:00, attendances=[]}
10:24:17.475 [main] DEBUG org.hibernate.engine.transaction.internal.TransactionImpl - committing
10:24:17.475 [main] DEBUG org.hibernate.event.internal.AbstractFlushingEventListener - Processing flush-time cascades
10:24:17.475 [main] DEBUG org.hibernate.event.internal.AbstractFlushingEventListener - Dirty checking collections
10:24:17.475 [main] DEBUG org.hibernate.engine.internal.Collections - Collection found: [org.frcpm.models.Meeting.attendances#105], was: [org.frcpm.models.Meeting.attendances#105] (initialized)
10:24:17.475 [main] DEBUG org.hibernate.event.internal.AbstractFlushingEventListener - Flushed: 0 insertions, 0 updates, 0 deletions to 1 objects
10:24:17.475 [main] DEBUG org.hibernate.event.internal.AbstractFlushingEventListener - Flushed: 0 (re)creations, 0 updates, 0 removals to 1 collections
10:24:17.475 [main] DEBUG org.hibernate.internal.util.EntityPrinter - Listing entities:
10:24:17.475 [main] DEBUG org.hibernate.internal.util.EntityPrinter - org.frcpm.models.Meeting{date=2025-04-26, notes=null, project=org.frcpm.models.Project#169, startTime=18:00, id=105, endTime=20:00, attendances=[]}
10:24:17.476 [FRC-PM-HikariCP connection adder] DEBUG com.zaxxer.hikari.pool.HikariPool - FRC-PM-HikariCP - Added connection conn25: url=jdbc:h2:file:C:\Users\dhiebert\.frcpm\frcpm user=SA
10:24:17.476 [main] DEBUG org.hibernate.resource.jdbc.internal.LogicalConnectionManagedImpl - Initiating JDBC connection release from afterTransaction
10:24:17.476 [main] DEBUG org.hibernate.resource.jdbc.internal.LogicalConnectionManagedImpl - Initiating JDBC connection release from afterTransaction
10:24:17.476 [main] DEBUG org.hibernate.engine.transaction.internal.TransactionImpl - On TransactionImpl creation, JpaCompliance#isJpaTransactionComplianceEnabled == false
10:24:17.476 [main] DEBUG org.hibernate.engine.transaction.internal.TransactionImpl - begin
10:24:17.476 [main] DEBUG org.hibernate.engine.spi.ActionQueue - Executing identity-insert immediately
10:24:17.476 [main] DEBUG org.hibernate.SQL - insert into team_members (email,first_name,last_name,is_leader,phone,skills,subteam_id,username,id) values (?,?,?,?,?,?,?,?,default)
10:24:17.476 [main] DEBUG org.hibernate.orm.results - Initializer list is empty
10:24:17.476 [main] DEBUG org.hibernate.orm.results.loading - Calling top-level assembler (0 / 1) : org.hibernate.sql.results.graph.basic.BasicResultAssembler@6b0c6db6
10:24:17.476 [main] DEBUG org.hibernate.orm.results - Extracted JDBC value [0] - [163]
10:24:17.476 [main] DEBUG org.hibernate.id.IdentifierGeneratorHelper - Extracted generated values [org.frcpm.models.TeamMember]: [Ljava.lang.Object;@44cc522a
10:24:17.476 [main] DEBUG org.hibernate.event.internal.AbstractFlushingEventListener - Processing flush-time cascades
10:24:17.476 [main] DEBUG org.hibernate.event.internal.AbstractFlushingEventListener - Dirty checking collections
10:24:17.476 [main] DEBUG org.hibernate.engine.internal.Collections - Collection found: [org.frcpm.models.TeamMember.assignedTasks#163], was: [<unreferenced>] (initialized)
10:24:17.476 [main] DEBUG org.hibernate.engine.internal.Collections - Collection found: [org.frcpm.models.TeamMember.attendances#163], was: [<unreferenced>] (initialized)
10:24:17.477 [main] DEBUG org.hibernate.event.internal.AbstractFlushingEventListener - Flushed: 0 insertions, 0 updates, 0 deletions to 1 objects
10:24:17.477 [main] DEBUG org.hibernate.event.internal.AbstractFlushingEventListener - Flushed: 2 (re)creations, 0 updates, 0 removals to 2 collections
10:24:17.477 [main] DEBUG org.hibernate.internal.util.EntityPrinter - Listing entities:
10:24:17.477 [main] DEBUG org.hibernate.internal.util.EntityPrinter - org.frcpm.models.TeamMember{skills=null, firstName=Attendance, lastName=Test1, leader=false, subteam=null, phone=null, id=163, attendances=[], email=attendance1@example.com, assignedTasks=[], username=attendancetest1}
10:24:17.477 [main] DEBUG org.hibernate.engine.transaction.internal.TransactionImpl - committing
10:24:17.477 [main] DEBUG org.hibernate.event.internal.AbstractFlushingEventListener - Processing flush-time cascades
10:24:17.477 [main] DEBUG org.hibernate.event.internal.AbstractFlushingEventListener - Dirty checking collections
10:24:17.477 [main] DEBUG org.hibernate.engine.internal.Collections - Collection found: [org.frcpm.models.TeamMember.assignedTasks#163], was: [org.frcpm.models.TeamMember.assignedTasks#163] (initialized)
10:24:17.477 [main] DEBUG org.hibernate.engine.internal.Collections - Collection found: [org.frcpm.models.TeamMember.attendances#163], was: [org.frcpm.models.TeamMember.attendances#163] (initialized)
10:24:17.477 [main] DEBUG org.hibernate.event.internal.AbstractFlushingEventListener - Flushed: 0 insertions, 0 updates, 0 deletions to 1 objects
10:24:17.477 [main] DEBUG org.hibernate.event.internal.AbstractFlushingEventListener - Flushed: 0 (re)creations, 0 updates, 0 removals to 2 collections
10:24:17.477 [main] DEBUG org.hibernate.internal.util.EntityPrinter - Listing entities:
10:24:17.477 [main] DEBUG org.hibernate.internal.util.EntityPrinter - org.frcpm.models.TeamMember{skills=null, firstName=Attendance, lastName=Test1, leader=false, subteam=null, phone=null, id=163, attendances=[], email=attendance1@example.com, assignedTasks=[], username=attendancetest1}
10:24:17.477 [main] DEBUG org.hibernate.resource.jdbc.internal.LogicalConnectionManagedImpl - Initiating JDBC connection release from afterTransaction
10:24:17.477 [main] DEBUG org.hibernate.resource.jdbc.internal.LogicalConnectionManagedImpl - Initiating JDBC connection release from afterTransaction
10:24:17.477 [main] DEBUG org.hibernate.engine.transaction.internal.TransactionImpl - On TransactionImpl creation, JpaCompliance#isJpaTransactionComplianceEnabled == false
10:24:17.477 [main] DEBUG org.hibernate.engine.transaction.internal.TransactionImpl - begin
10:24:17.477 [main] DEBUG org.hibernate.engine.spi.ActionQueue - Executing identity-insert immediately
10:24:17.477 [main] DEBUG org.hibernate.SQL - insert into team_members (email,first_name,last_name,is_leader,phone,skills,subteam_id,username,id) values (?,?,?,?,?,?,?,?,default)
10:24:17.477 [main] DEBUG org.hibernate.orm.results - Initializer list is empty
10:24:17.477 [main] DEBUG org.hibernate.orm.results.loading - Calling top-level assembler (0 / 1) : org.hibernate.sql.results.graph.basic.BasicResultAssembler@3a4892eb
10:24:17.477 [main] DEBUG org.hibernate.orm.results - Extracted JDBC value [0] - [164]
10:24:17.477 [main] DEBUG org.hibernate.id.IdentifierGeneratorHelper - Extracted generated values [org.frcpm.models.TeamMember]: [Ljava.lang.Object;@47b1e36
10:24:17.477 [main] DEBUG org.hibernate.event.internal.AbstractFlushingEventListener - Processing flush-time cascades
10:24:17.477 [main] DEBUG org.hibernate.event.internal.AbstractFlushingEventListener - Dirty checking collections
10:24:17.477 [main] DEBUG org.hibernate.engine.internal.Collections - Collection found: [org.frcpm.models.TeamMember.assignedTasks#164], was: [<unreferenced>] (initialized)
10:24:17.477 [main] DEBUG org.hibernate.engine.internal.Collections - Collection found: [org.frcpm.models.TeamMember.attendances#164], was: [<unreferenced>] (initialized)
10:24:17.477 [main] DEBUG org.hibernate.event.internal.AbstractFlushingEventListener - Flushed: 0 insertions, 0 updates, 0 deletions to 1 objects
10:24:17.477 [main] DEBUG org.hibernate.event.internal.AbstractFlushingEventListener - Flushed: 2 (re)creations, 0 updates, 0 removals to 2 collections
10:24:17.477 [main] DEBUG org.hibernate.internal.util.EntityPrinter - Listing entities:
10:24:17.477 [main] DEBUG org.hibernate.internal.util.EntityPrinter - org.frcpm.models.TeamMember{skills=null, firstName=Attendance, lastName=Test2, leader=false, subteam=null, phone=null, id=164, attendances=[], email=attendance2@example.com, assignedTasks=[], username=attendancetest2}
10:24:17.477 [main] DEBUG org.hibernate.engine.transaction.internal.TransactionImpl - committing
10:24:17.477 [main] DEBUG org.hibernate.event.internal.AbstractFlushingEventListener - Processing flush-time cascades
10:24:17.477 [main] DEBUG org.hibernate.event.internal.AbstractFlushingEventListener - Dirty checking collections
10:24:17.477 [main] DEBUG org.hibernate.engine.internal.Collections - Collection found: [org.frcpm.models.TeamMember.assignedTasks#164], was: [org.frcpm.models.TeamMember.assignedTasks#164] (initialized)
10:24:17.477 [main] DEBUG org.hibernate.engine.internal.Collections - Collection found: [org.frcpm.models.TeamMember.attendances#164], was: [org.frcpm.models.TeamMember.attendances#164] (initialized)
10:24:17.477 [main] DEBUG org.hibernate.event.internal.AbstractFlushingEventListener - Flushed: 0 insertions, 0 updates, 0 deletions to 1 objects
10:24:17.477 [main] DEBUG org.hibernate.event.internal.AbstractFlushingEventListener - Flushed: 0 (re)creations, 0 updates, 0 removals to 2 collections
10:24:17.477 [main] DEBUG org.hibernate.internal.util.EntityPrinter - Listing entities:
10:24:17.477 [main] DEBUG org.hibernate.internal.util.EntityPrinter - org.frcpm.models.TeamMember{skills=null, firstName=Attendance, lastName=Test2, leader=false, subteam=null, phone=null, id=164, attendances=[], email=attendance2@example.com, assignedTasks=[], username=attendancetest2}
10:24:17.478 [main] DEBUG org.hibernate.resource.jdbc.internal.LogicalConnectionManagedImpl - Initiating JDBC connection release from afterTransaction
10:24:17.478 [main] DEBUG org.hibernate.resource.jdbc.internal.LogicalConnectionManagedImpl - Initiating JDBC connection release from afterTransaction
10:24:17.478 [main] DEBUG org.hibernate.engine.transaction.internal.TransactionImpl - On TransactionImpl creation, JpaCompliance#isJpaTransactionComplianceEnabled == false
10:24:17.478 [main] DEBUG org.hibernate.engine.transaction.internal.TransactionImpl - begin
10:24:17.478 [main] DEBUG org.hibernate.engine.spi.ActionQueue - Executing identity-insert immediately
10:24:17.478 [main] DEBUG org.hibernate.SQL - insert into attendances (arrival_time,departure_time,meeting_id,member_id,present,id) values (?,?,?,?,?,default)
10:24:17.479 [main] DEBUG org.hibernate.orm.results - Initializer list is empty
10:24:17.479 [main] DEBUG org.hibernate.orm.results.loading - Calling top-level assembler (0 / 1) : org.hibernate.sql.results.graph.basic.BasicResultAssembler@75e0818a
10:24:17.479 [main] DEBUG org.hibernate.orm.results - Extracted JDBC value [0] - [106]
10:24:17.479 [main] DEBUG org.hibernate.id.IdentifierGeneratorHelper - Extracted generated values [org.frcpm.models.Attendance]: [Ljava.lang.Object;@516d278
10:24:17.479 [main] DEBUG org.hibernate.event.internal.AbstractFlushingEventListener - Processing flush-time cascades
10:24:17.479 [main] DEBUG org.hibernate.event.internal.AbstractFlushingEventListener - Dirty checking collections
10:24:17.479 [main] DEBUG org.hibernate.event.internal.AbstractFlushingEventListener - Flushed: 0 insertions, 0 updates, 0 deletions to 1 objects
10:24:17.479 [main] DEBUG org.hibernate.event.internal.AbstractFlushingEventListener - Flushed: 0 (re)creations, 0 updates, 0 removals to 0 collections
10:24:17.479 [main] DEBUG org.hibernate.internal.util.EntityPrinter - Listing entities:
10:24:17.479 [main] DEBUG org.hibernate.internal.util.EntityPrinter - org.frcpm.models.Attendance{departureTime=20:00, arrivalTime=18:00, member=org.frcpm.models.TeamMember#163, id=106, present=true, meeting=org.frcpm.models.Meeting#105}
10:24:17.479 [main] DEBUG org.hibernate.engine.transaction.internal.TransactionImpl - committing
10:24:17.479 [main] DEBUG org.hibernate.event.internal.AbstractFlushingEventListener - Processing flush-time cascades
10:24:17.480 [main] DEBUG org.hibernate.event.internal.AbstractFlushingEventListener - Dirty checking collections
10:24:17.480 [main] DEBUG org.hibernate.event.internal.AbstractFlushingEventListener - Flushed: 0 insertions, 0 updates, 0 deletions to 1 objects
10:24:17.480 [main] DEBUG org.hibernate.event.internal.AbstractFlushingEventListener - Flushed: 0 (re)creations, 0 updates, 0 removals to 0 collections
10:24:17.480 [main] DEBUG org.hibernate.internal.util.EntityPrinter - Listing entities:
10:24:17.480 [main] DEBUG org.hibernate.internal.util.EntityPrinter - org.frcpm.models.Attendance{departureTime=20:00, arrivalTime=18:00, member=org.frcpm.models.TeamMember#163, id=106, present=true, meeting=org.frcpm.models.Meeting#105}
10:24:17.480 [main] DEBUG org.hibernate.resource.jdbc.internal.LogicalConnectionManagedImpl - Initiating JDBC connection release from afterTransaction
10:24:17.480 [main] DEBUG org.hibernate.resource.jdbc.internal.LogicalConnectionManagedImpl - Initiating JDBC connection release from afterTransaction
10:24:17.480 [main] DEBUG org.hibernate.engine.transaction.internal.TransactionImpl - On TransactionImpl creation, JpaCompliance#isJpaTransactionComplianceEnabled == false
10:24:17.480 [main] DEBUG org.hibernate.engine.transaction.internal.TransactionImpl - begin
10:24:17.480 [main] DEBUG org.hibernate.engine.spi.ActionQueue - Executing identity-insert immediately
10:24:17.480 [main] DEBUG org.hibernate.SQL - insert into attendances (arrival_time,departure_time,meeting_id,member_id,present,id) values (?,?,?,?,?,default)
10:24:17.481 [main] DEBUG org.hibernate.orm.results - Initializer list is empty
10:24:17.481 [main] DEBUG org.hibernate.orm.results.loading - Calling top-level assembler (0 / 1) : org.hibernate.sql.results.graph.basic.BasicResultAssembler@7fa7b58b
10:24:17.481 [main] DEBUG org.hibernate.orm.results - Extracted JDBC value [0] - [107]
10:24:17.481 [main] DEBUG org.hibernate.id.IdentifierGeneratorHelper - Extracted generated values [org.frcpm.models.Attendance]: [Ljava.lang.Object;@74a8c964
10:24:17.481 [main] DEBUG org.hibernate.event.internal.AbstractFlushingEventListener - Processing flush-time cascades
10:24:17.481 [main] DEBUG org.hibernate.event.internal.AbstractFlushingEventListener - Dirty checking collections
10:24:17.481 [main] DEBUG org.hibernate.event.internal.AbstractFlushingEventListener - Flushed: 0 insertions, 0 updates, 0 deletions to 1 objects
10:24:17.481 [main] DEBUG org.hibernate.event.internal.AbstractFlushingEventListener - Flushed: 0 (re)creations, 0 updates, 0 removals to 0 collections
10:24:17.481 [main] DEBUG org.hibernate.internal.util.EntityPrinter - Listing entities:
10:24:17.481 [main] DEBUG org.hibernate.internal.util.EntityPrinter - org.frcpm.models.Attendance{departureTime=null, arrivalTime=null, member=org.frcpm.models.TeamMember#164, id=107, present=false, meeting=org.frcpm.models.Meeting#105}
10:24:17.481 [main] DEBUG org.hibernate.engine.transaction.internal.TransactionImpl - committing
10:24:17.481 [main] DEBUG org.hibernate.event.internal.AbstractFlushingEventListener - Processing flush-time cascades
10:24:17.481 [main] DEBUG org.hibernate.event.internal.AbstractFlushingEventListener - Dirty checking collections
10:24:17.481 [main] DEBUG org.hibernate.event.internal.AbstractFlushingEventListener - Flushed: 0 insertions, 0 updates, 0 deletions to 1 objects
10:24:17.481 [main] DEBUG org.hibernate.event.internal.AbstractFlushingEventListener - Flushed: 0 (re)creations, 0 updates, 0 removals to 0 collections
10:24:17.481 [main] DEBUG org.hibernate.internal.util.EntityPrinter - Listing entities:
10:24:17.481 [main] DEBUG org.hibernate.internal.util.EntityPrinter - org.frcpm.models.Attendance{departureTime=null, arrivalTime=null, member=org.frcpm.models.TeamMember#164, id=107, present=false, meeting=org.frcpm.models.Meeting#105}
10:24:17.482 [main] DEBUG org.hibernate.resource.jdbc.internal.LogicalConnectionManagedImpl - Initiating JDBC connection release from afterTransaction
10:24:17.482 [main] DEBUG org.hibernate.resource.jdbc.internal.LogicalConnectionManagedImpl - Initiating JDBC connection release from afterTransaction
10:24:17.482 [main] DEBUG org.hibernate.orm.query.hql - HQL : SELECT a FROM Attendance a WHERE a.meeting = :meeting AND a.member = :member
10:24:17.482 [main] DEBUG org.hibernate.orm.query.hql.reservedWordAsIdentifier - Encountered use of reserved word as identifier : =
10:24:17.482 [main] DEBUG org.hibernate.orm.query.hql.reservedWordAsIdentifier - Encountered use of reserved word as identifier : <EOF>
10:24:17.482 [main] DEBUG org.hibernate.orm.query.sqm.creation - Applying inferable type to SqmExpression [SqmNamedParameter(meeting)] : null -> org.frcpm.models.Attendance#meeting(MANY_TO_ONE)
10:24:17.482 [main] DEBUG org.hibernate.orm.query.sqm.creation - Applying inferable type to SqmExpression [SqmNamedParameter(member)] : null -> org.frcpm.models.Attendance#member(MANY_TO_ONE)
10:24:17.482 [main] DEBUG org.hibernate.orm.query.sqm.ast - SqmStatement Tree :
    -> [select]
      -> [query-spec]
        -> [select]
          -> [selection]
            -> [root] - `org.frcpm.models.Attendance(a)`
            <- [root] - `org.frcpm.models.Attendance(a)`
          <- [selection]
        <- [select]
        -> [from]
          -> [root] - `org.frcpm.models.Attendance(a)`
          <- [root] - `org.frcpm.models.Attendance(a)`
        <- [from]
        -> [where]
          -> [and]
            -> [EQUAL]
                -> [entity-path] - `org.frcpm.models.Attendance(a).meeting`
                :meeting
            <- [EQUAL]
            -> [EQUAL]
                -> [entity-path] - `org.frcpm.models.Attendance(a).member`
                :member
            <- [EQUAL]
          <- [and]
        <- [where]
      <- [query-spec]
    <- [select]

10:24:17.483 [main] DEBUG org.hibernate.orm.sql.ast.create - Created new SQL alias : a1_0
10:24:17.483 [main] DEBUG org.hibernate.orm.sql.ast.create - Registration of TableGroup [StandardTableGroup(org.frcpm.models.Attendance(a))] with identifierForTableGroup [org.frcpm.models.Attendance] for NavigablePath [org.frcpm.models.Attendance] 
10:24:17.483 [main] DEBUG org.hibernate.orm.sql.ast.create - Registration of TableGroup [org.hibernate.sql.ast.tree.from.LazyTableGroup@496fcd34] with identifierForTableGroup [org.frcpm.models.Attendance.meeting] for NavigablePath [org.frcpm.models.Attendance.meeting] 
10:24:17.483 [main] DEBUG org.hibernate.orm.sql.ast.create - Registration of TableGroup [org.hibernate.sql.ast.tree.from.LazyTableGroup@73617a71] with identifierForTableGroup [org.frcpm.models.Attendance.member] for NavigablePath [org.frcpm.models.Attendance.member] 
10:24:17.483 [main] DEBUG org.hibernate.orm.sql.ast.create - Registration of TableGroup [org.hibernate.sql.ast.tree.from.LazyTableGroup@46ab6328] with identifierForTableGroup [org.frcpm.models.Attendance.meeting] for NavigablePath [org.frcpm.models.Attendance.meeting] 
10:24:17.483 [main] DEBUG org.hibernate.orm.sql.ast.create - Registration of TableGroup [org.hibernate.sql.ast.tree.from.LazyTableGroup@46ab6328] for NavigablePath [org.frcpm.models.Attendance(a).meeting] overrode previous registration : org.hibernate.sql.ast.tree.from.LazyTableGroup@496fcd34
10:24:17.483 [main] DEBUG org.hibernate.query.sqm.sql.BaseSqmToSqlAstConverter - Determining mapping-model type for SqmParameter : SqmNamedParameter(meeting)
10:24:17.483 [main] DEBUG org.hibernate.query.sqm.sql.BaseSqmToSqlAstConverter - Determining mapping-model type for SqmParameter : SqmNamedParameter(meeting)
10:24:17.483 [main] DEBUG org.hibernate.query.sqm.sql.BaseSqmToSqlAstConverter - Determining mapping-model type for SqmPath : SqmEntityValuedSimplePath(org.frcpm.models.Attendance(a).meeting) 
10:24:17.483 [main] DEBUG org.hibernate.orm.sql.ast.create - Registration of TableGroup [org.hibernate.sql.ast.tree.from.LazyTableGroup@3740f628] with identifierForTableGroup [org.frcpm.models.Attendance.member] for NavigablePath [org.frcpm.models.Attendance.member] 
10:24:17.483 [main] DEBUG org.hibernate.orm.sql.ast.create - Registration of TableGroup [org.hibernate.sql.ast.tree.from.LazyTableGroup@3740f628] for NavigablePath [org.frcpm.models.Attendance(a).member] overrode previous registration : org.hibernate.sql.ast.tree.from.LazyTableGroup@73617a71
10:24:17.483 [main] DEBUG org.hibernate.query.sqm.sql.BaseSqmToSqlAstConverter - Determining mapping-model type for SqmParameter : SqmNamedParameter(member)
10:24:17.483 [main] DEBUG org.hibernate.query.sqm.sql.BaseSqmToSqlAstConverter - Determining mapping-model type for SqmParameter : SqmNamedParameter(member)
10:24:17.483 [main] DEBUG org.hibernate.query.sqm.sql.BaseSqmToSqlAstConverter - Determining mapping-model type for SqmPath : SqmEntityValuedSimplePath(org.frcpm.models.Attendance(a).member) 
10:24:17.483 [main] DEBUG org.hibernate.orm.results.graph.AST - DomainResult Graph:
 \-EntityResultImpl [org.frcpm.models.Attendance(a)]
 |  +-BasicFetch [org.frcpm.models.Attendance(a).arrivalTime]
 |  +-BasicFetch [org.frcpm.models.Attendance(a).departureTime]
 |  +-CircularFetchImpl [org.frcpm.models.Attendance(a).meeting]
 |  +-CircularFetchImpl [org.frcpm.models.Attendance(a).member]
 |  \-BasicFetch [org.frcpm.models.Attendance(a).present]

10:24:17.483 [main] DEBUG org.hibernate.orm.sql.ast.tree - SQL AST Tree:
    SelectStatement {
      FromClause {
        StandardTableGroup (a1 : org.frcpm.models.Attendance(a)) {
          primaryTableReference : attendances as a1_0
          TableGroupJoins {
            left  join LazyTableGroup (m1 : org.frcpm.models.Attendance(a).meeting) {
            }
            left  join LazyTableGroup (m2 : org.frcpm.models.Attendance(a).member) {
            }
             join LazyTableGroup (m3 : org.frcpm.models.Attendance(a).meeting) {
            }
             join LazyTableGroup (m4 : org.frcpm.models.Attendance(a).member) {
            }
          }
        }
      }
    }

10:24:17.483 [main] DEBUG org.hibernate.orm.sql.exec - Skipping reading Query result cache data: cache-enabled = false, cache-mode = NORMAL
10:24:17.484 [main] DEBUG org.hibernate.orm.results - Initializer list:
	  org.frcpm.models.Attendance(a) -> EntityResultInitializer(org.frcpm.models.Attendance(a))@1487240023 (SingleTableEntityPersister(org.frcpm.models.Attendance))
	  org.frcpm.models.Attendance(a).meeting -> EntityDelayedFetchInitializer(org.frcpm.models.Attendance(a).meeting)@15010436 (ToOneAttributeMapping(NavigableRole[org.frcpm.models.Attendance.meeting])@816078086)
	  org.frcpm.models.Attendance(a).member -> EntityDelayedFetchInitializer(org.frcpm.models.Attendance(a).member)@1628705776 (ToOneAttributeMapping(NavigableRole[org.frcpm.models.Attendance.member])@303608646)

10:24:17.484 [main] DEBUG org.hibernate.SQL - select a1_0.id,a1_0.arrival_time,a1_0.departure_time,a1_0.meeting_id,a1_0.member_id,a1_0.present from attendances a1_0 where a1_0.meeting_id=? and a1_0.member_id=?
10:24:17.484 [main] DEBUG org.hibernate.orm.results - Extracted JDBC value [0] - [106]
10:24:17.484 [main] DEBUG org.hibernate.orm.results.loading.entity - (EntityResultInitializer) Hydrated EntityKey (org.frcpm.models.Attendance(a)): 106
10:24:17.484 [main] DEBUG org.hibernate.orm.results.loading.entity - (EntityResultInitializer) Created new entity instance [org.frcpm.models.Attendance(a)#106] : 1771373032
10:24:17.484 [main] DEBUG org.hibernate.orm.results - Extracted JDBC value [3] - [105]
10:24:17.484 [main] DEBUG org.hibernate.orm.results - Extracted JDBC value [4] - [163]
10:24:17.484 [main] DEBUG org.hibernate.orm.results - Extracted JDBC value [1] - [18:00]
10:24:17.484 [main] DEBUG org.hibernate.orm.results - Extracted JDBC value [2] - [20:00]
10:24:17.484 [main] DEBUG org.hibernate.orm.results - Extracted JDBC value [5] - [true]
10:24:17.484 [main] DEBUG org.hibernate.orm.results.loading.entity - (EntityResultInitializer) Done materializing entityInstance : org.frcpm.models.Attendance(a)#106
10:24:17.484 [main] DEBUG org.hibernate.orm.results.loading - Calling top-level assembler (0 / 1) : org.hibernate.sql.results.graph.entity.internal.EntityAssembler@3e400d1f
10:24:17.485 [main] DEBUG org.hibernate.engine.transaction.internal.TransactionImpl - On TransactionImpl creation, JpaCompliance#isJpaTransactionComplianceEnabled == false
10:24:17.485 [main] DEBUG org.hibernate.engine.transaction.internal.TransactionImpl - begin
10:24:17.485 [main] DEBUG org.hibernate.orm.sql.ast.create - Created new SQL alias : a1_0
10:24:17.485 [main] DEBUG org.hibernate.orm.sql.ast.create - Registration of TableGroup [StandardTableGroup(org.frcpm.models.Attendance)] with identifierForTableGroup [org.frcpm.models.Attendance] for NavigablePath [org.frcpm.models.Attendance] 
10:24:17.485 [main] DEBUG org.hibernate.orm.sql.ast.create - Registration of TableGroup [org.hibernate.sql.ast.tree.from.LazyTableGroup@da7bc1e] with identifierForTableGroup [org.frcpm.models.Attendance.meeting] for NavigablePath [org.frcpm.models.Attendance.meeting] 
10:24:17.485 [main] DEBUG org.hibernate.orm.sql.ast.create - Registration of TableGroup [org.hibernate.sql.ast.tree.from.LazyTableGroup@1c97da26] with identifierForTableGroup [org.frcpm.models.Attendance.member] for NavigablePath [org.frcpm.models.Attendance.member] 
10:24:17.485 [main] DEBUG org.hibernate.orm.results.graph.AST - DomainResult Graph:
 \-EntityResultImpl [org.frcpm.models.Attendance]
 |  +-BasicFetch [org.frcpm.models.Attendance.arrivalTime]
 |  +-BasicFetch [org.frcpm.models.Attendance.departureTime]
 |  +-EntityDelayedFetchImpl [org.frcpm.models.Attendance.meeting]
 |  +-EntityDelayedFetchImpl [org.frcpm.models.Attendance.member]
 |  \-BasicFetch [org.frcpm.models.Attendance.present]

10:24:17.485 [main] DEBUG org.hibernate.orm.sql.ast.tree - SQL AST Tree:
    SelectStatement {
      FromClause {
        StandardTableGroup (a1 : org.frcpm.models.Attendance) {
          primaryTableReference : attendances as a1_0
          TableGroupJoins {
            left  join LazyTableGroup (m1 : org.frcpm.models.Attendance.meeting) {
            }
            left  join LazyTableGroup (m2 : org.frcpm.models.Attendance.member) {
            }
          }
        }
      }
    }

10:24:17.485 [main] DEBUG org.hibernate.orm.sql.exec - Skipping reading Query result cache data: cache-enabled = false, cache-mode = IGNORE
10:24:17.485 [main] DEBUG org.hibernate.orm.results - Initializer list:
	  org.frcpm.models.Attendance -> EntityResultInitializer(org.frcpm.models.Attendance)@318114652 (SingleTableEntityPersister(org.frcpm.models.Attendance))
	  org.frcpm.models.Attendance.meeting -> EntityDelayedFetchInitializer(org.frcpm.models.Attendance.meeting)@794214046 (ToOneAttributeMapping(NavigableRole[org.frcpm.models.Attendance.meeting])@816078086)
	  org.frcpm.models.Attendance.member -> EntityDelayedFetchInitializer(org.frcpm.models.Attendance.member)@229771192 (ToOneAttributeMapping(NavigableRole[org.frcpm.models.Attendance.member])@303608646)

10:24:17.485 [main] DEBUG org.hibernate.SQL - select a1_0.id,a1_0.arrival_time,a1_0.departure_time,a1_0.meeting_id,a1_0.member_id,a1_0.present from attendances a1_0 where a1_0.id=?
10:24:17.485 [main] DEBUG org.hibernate.orm.results.loading.entity - (EntityResultInitializer) Hydrated EntityKey (org.frcpm.models.Attendance): 106
10:24:17.485 [main] DEBUG org.hibernate.orm.results.loading.entity - (EntityResultInitializer) Created new entity instance [org.frcpm.models.Attendance#106] : 529395330
10:24:17.485 [main] DEBUG org.hibernate.orm.results - Extracted JDBC value [3] - [105]
10:24:17.485 [main] DEBUG org.hibernate.orm.results - Extracted JDBC value [4] - [163]
10:24:17.485 [main] DEBUG org.hibernate.orm.results - Extracted JDBC value [1] - [18:00]
10:24:17.485 [main] DEBUG org.hibernate.orm.results - Extracted JDBC value [2] - [20:00]
10:24:17.485 [main] DEBUG org.hibernate.orm.results - Extracted JDBC value [5] - [true]
10:24:17.485 [main] DEBUG org.hibernate.orm.results.loading.entity - (EntityResultInitializer) Done materializing entityInstance : org.frcpm.models.Attendance#106
10:24:17.485 [main] DEBUG org.hibernate.orm.results.loading - Calling top-level assembler (0 / 1) : org.hibernate.sql.results.graph.entity.internal.EntityAssembler@29fb50c
10:24:17.485 [main] DEBUG org.hibernate.event.internal.AbstractFlushingEventListener - Processing flush-time cascades
10:24:17.486 [main] DEBUG org.hibernate.event.internal.AbstractFlushingEventListener - Dirty checking collections
10:24:17.487 [main] DEBUG org.hibernate.event.internal.AbstractFlushingEventListener - Flushed: 0 insertions, 1 updates, 0 deletions to 1 objects
10:24:17.487 [main] DEBUG org.hibernate.event.internal.AbstractFlushingEventListener - Flushed: 0 (re)creations, 0 updates, 0 removals to 0 collections
10:24:17.487 [main] DEBUG org.hibernate.internal.util.EntityPrinter - Listing entities:
10:24:17.487 [main] DEBUG org.hibernate.internal.util.EntityPrinter - org.frcpm.models.Attendance{departureTime=19:50, arrivalTime=18:10, member=<uninitialized>, id=106, present=true, meeting=<uninitialized>}
10:24:17.496 [main] DEBUG org.hibernate.SQL - update attendances set arrival_time=?,departure_time=?,meeting_id=?,member_id=?,present=? where id=?
10:24:17.500 [main] DEBUG org.hibernate.orm.jdbc.batch - PreparedStatementDetails did not contain PreparedStatement on #releaseStatements : update attendances set arrival_time=?,departure_time=?,meeting_id=?,member_id=?,present=? where id=?
10:24:17.500 [main] DEBUG org.hibernate.engine.transaction.internal.TransactionImpl - committing
10:24:17.500 [main] DEBUG org.hibernate.event.internal.AbstractFlushingEventListener - Processing flush-time cascades
10:24:17.501 [main] DEBUG org.hibernate.event.internal.AbstractFlushingEventListener - Dirty checking collections
10:24:17.501 [main] DEBUG org.hibernate.event.internal.AbstractFlushingEventListener - Flushed: 0 insertions, 0 updates, 0 deletions to 1 objects
10:24:17.501 [main] DEBUG org.hibernate.event.internal.AbstractFlushingEventListener - Flushed: 0 (re)creations, 0 updates, 0 removals to 0 collections
10:24:17.501 [main] DEBUG org.hibernate.internal.util.EntityPrinter - Listing entities:
10:24:17.501 [main] DEBUG org.hibernate.internal.util.EntityPrinter - org.frcpm.models.Attendance{departureTime=19:50, arrivalTime=18:10, member=<uninitialized>, id=106, present=true, meeting=<uninitialized>}
10:24:17.501 [main] DEBUG org.hibernate.orm.jdbc.batch - PreparedStatementDetails did not contain PreparedStatement on #releaseStatements : update attendances set arrival_time=?,departure_time=?,meeting_id=?,member_id=?,present=? where id=?
10:24:17.501 [main] DEBUG org.hibernate.resource.jdbc.internal.LogicalConnectionManagedImpl - Initiating JDBC connection release from afterTransaction
10:24:17.501 [main] DEBUG org.hibernate.orm.jdbc.batch - PreparedStatementDetails did not contain PreparedStatement on #releaseStatements : update attendances set arrival_time=?,departure_time=?,meeting_id=?,member_id=?,present=? where id=?
10:24:17.501 [main] DEBUG org.hibernate.orm.jdbc.batch - PreparedStatementDetails did not contain PreparedStatement on #releaseStatements : update attendances set arrival_time=?,departure_time=?,meeting_id=?,member_id=?,present=? where id=?
10:24:17.501 [main] DEBUG org.hibernate.resource.jdbc.internal.LogicalConnectionManagedImpl - Initiating JDBC connection release from afterTransaction
10:24:17.501 [main] DEBUG org.hibernate.engine.jdbc.internal.JdbcCoordinatorImpl - HHH000420: Closing un-released batch
10:24:17.501 [main] DEBUG org.hibernate.orm.jdbc.batch - PreparedStatementDetails did not contain PreparedStatement on #releaseStatements : update attendances set arrival_time=?,departure_time=?,meeting_id=?,member_id=?,present=? where id=?
10:24:17.501 [main] DEBUG org.hibernate.orm.jdbc.batch - PreparedStatementDetails did not contain PreparedStatement on #releaseStatements : update attendances set arrival_time=?,departure_time=?,meeting_id=?,member_id=?,present=? where id=?
10:24:17.501 [main] DEBUG org.hibernate.orm.sql.exec - Skipping reading Query result cache data: cache-enabled = false, cache-mode = IGNORE
10:24:17.501 [main] DEBUG org.hibernate.orm.results - Initializer list:
	  org.frcpm.models.Attendance -> EntityResultInitializer(org.frcpm.models.Attendance)@452457350 (SingleTableEntityPersister(org.frcpm.models.Attendance))
	  org.frcpm.models.Attendance.meeting -> EntityDelayedFetchInitializer(org.frcpm.models.Attendance.meeting)@2015387908 (ToOneAttributeMapping(NavigableRole[org.frcpm.models.Attendance.meeting])@816078086)
	  org.frcpm.models.Attendance.member -> EntityDelayedFetchInitializer(org.frcpm.models.Attendance.member)@1396722628 (ToOneAttributeMapping(NavigableRole[org.frcpm.models.Attendance.member])@303608646)

10:24:17.501 [main] DEBUG org.hibernate.SQL - select a1_0.id,a1_0.arrival_time,a1_0.departure_time,a1_0.meeting_id,a1_0.member_id,a1_0.present from attendances a1_0 where a1_0.id=?
10:24:17.501 [main] DEBUG org.hibernate.orm.results.loading.entity - (EntityResultInitializer) Hydrated EntityKey (org.frcpm.models.Attendance): 106
10:24:17.501 [main] DEBUG org.hibernate.orm.results.loading.entity - (EntityResultInitializer) Created new entity instance [org.frcpm.models.Attendance#106] : 1780839855
10:24:17.501 [main] DEBUG org.hibernate.orm.results - Extracted JDBC value [3] - [105]
10:24:17.501 [main] DEBUG org.hibernate.orm.results - Extracted JDBC value [4] - [163]
10:24:17.501 [main] DEBUG org.hibernate.orm.results - Extracted JDBC value [1] - [18:10]
10:24:17.501 [main] DEBUG org.hibernate.orm.results - Extracted JDBC value [2] - [19:50]
10:24:17.501 [main] DEBUG org.hibernate.orm.results - Extracted JDBC value [5] - [true]
10:24:17.501 [main] DEBUG org.hibernate.orm.results.loading.entity - (EntityResultInitializer) Done materializing entityInstance : org.frcpm.models.Attendance#106
10:24:17.501 [main] DEBUG org.hibernate.orm.results.loading - Calling top-level assembler (0 / 1) : org.hibernate.sql.results.graph.entity.internal.EntityAssembler@3b6a1d44
10:24:17.502 [main] DEBUG org.hibernate.resource.jdbc.internal.LogicalConnectionManagedImpl - Initiating JDBC connection release from afterTransaction
10:24:17.502 [main] DEBUG org.hibernate.orm.query.hql - HQL : SELECT a FROM Attendance a WHERE a.meeting = :meeting
10:24:17.502 [main] DEBUG org.hibernate.orm.query.sqm.creation - Applying inferable type to SqmExpression [SqmNamedParameter(meeting)] : null -> org.frcpm.models.Attendance#meeting(MANY_TO_ONE)
10:24:17.502 [main] DEBUG org.hibernate.orm.query.sqm.ast - SqmStatement Tree :
    -> [select]
      -> [query-spec]
        -> [select]
          -> [selection]
            -> [root] - `org.frcpm.models.Attendance(a)`
            <- [root] - `org.frcpm.models.Attendance(a)`
          <- [selection]
        <- [select]
        -> [from]
          -> [root] - `org.frcpm.models.Attendance(a)`
          <- [root] - `org.frcpm.models.Attendance(a)`
        <- [from]
        -> [where]
          -> [EQUAL]
              -> [entity-path] - `org.frcpm.models.Attendance(a).meeting`
              :meeting
          <- [EQUAL]
        <- [where]
      <- [query-spec]
    <- [select]

10:24:17.502 [main] DEBUG org.hibernate.orm.sql.ast.create - Created new SQL alias : a1_0
10:24:17.502 [main] DEBUG org.hibernate.orm.sql.ast.create - Registration of TableGroup [StandardTableGroup(org.frcpm.models.Attendance(a))] with identifierForTableGroup [org.frcpm.models.Attendance] for NavigablePath [org.frcpm.models.Attendance] 
10:24:17.503 [main] DEBUG org.hibernate.orm.sql.ast.create - Registration of TableGroup [org.hibernate.sql.ast.tree.from.LazyTableGroup@41a0a5f3] with identifierForTableGroup [org.frcpm.models.Attendance.meeting] for NavigablePath [org.frcpm.models.Attendance.meeting] 
10:24:17.503 [main] DEBUG org.hibernate.orm.sql.ast.create - Registration of TableGroup [org.hibernate.sql.ast.tree.from.LazyTableGroup@6d94f076] with identifierForTableGroup [org.frcpm.models.Attendance.member] for NavigablePath [org.frcpm.models.Attendance.member] 
10:24:17.503 [main] DEBUG org.hibernate.orm.sql.ast.create - Registration of TableGroup [org.hibernate.sql.ast.tree.from.LazyTableGroup@5b086cb4] with identifierForTableGroup [org.frcpm.models.Attendance.meeting] for NavigablePath [org.frcpm.models.Attendance.meeting] 
10:24:17.503 [main] DEBUG org.hibernate.orm.sql.ast.create - Registration of TableGroup [org.hibernate.sql.ast.tree.from.LazyTableGroup@5b086cb4] for NavigablePath [org.frcpm.models.Attendance(a).meeting] overrode previous registration : org.hibernate.sql.ast.tree.from.LazyTableGroup@41a0a5f3
10:24:17.503 [main] DEBUG org.hibernate.query.sqm.sql.BaseSqmToSqlAstConverter - Determining mapping-model type for SqmParameter : SqmNamedParameter(meeting)
10:24:17.503 [main] DEBUG org.hibernate.query.sqm.sql.BaseSqmToSqlAstConverter - Determining mapping-model type for SqmParameter : SqmNamedParameter(meeting)
10:24:17.503 [main] DEBUG org.hibernate.query.sqm.sql.BaseSqmToSqlAstConverter - Determining mapping-model type for SqmPath : SqmEntityValuedSimplePath(org.frcpm.models.Attendance(a).meeting) 
10:24:17.503 [main] DEBUG org.hibernate.orm.results.graph.AST - DomainResult Graph:
 \-EntityResultImpl [org.frcpm.models.Attendance(a)]
 |  +-BasicFetch [org.frcpm.models.Attendance(a).arrivalTime]
 |  +-BasicFetch [org.frcpm.models.Attendance(a).departureTime]
 |  +-CircularFetchImpl [org.frcpm.models.Attendance(a).meeting]
 |  +-CircularFetchImpl [org.frcpm.models.Attendance(a).member]
 |  \-BasicFetch [org.frcpm.models.Attendance(a).present]

10:24:17.503 [main] DEBUG org.hibernate.orm.sql.ast.tree - SQL AST Tree:
    SelectStatement {
      FromClause {
        StandardTableGroup (a1 : org.frcpm.models.Attendance(a)) {
          primaryTableReference : attendances as a1_0
          TableGroupJoins {
            left  join LazyTableGroup (m1 : org.frcpm.models.Attendance(a).meeting) {
            }
            left  join LazyTableGroup (m2 : org.frcpm.models.Attendance(a).member) {
            }
             join LazyTableGroup (m3 : org.frcpm.models.Attendance(a).meeting) {
            }
          }
        }
      }
    }

10:24:17.503 [main] DEBUG org.hibernate.orm.sql.exec - Skipping reading Query result cache data: cache-enabled = false, cache-mode = NORMAL
10:24:17.503 [main] DEBUG org.hibernate.orm.results - Initializer list:
	  org.frcpm.models.Attendance(a) -> EntityResultInitializer(org.frcpm.models.Attendance(a))@228921851 (SingleTableEntityPersister(org.frcpm.models.Attendance))
	  org.frcpm.models.Attendance(a).meeting -> EntityDelayedFetchInitializer(org.frcpm.models.Attendance(a).meeting)@210493952 (ToOneAttributeMapping(NavigableRole[org.frcpm.models.Attendance.meeting])@816078086)
	  org.frcpm.models.Attendance(a).member -> EntityDelayedFetchInitializer(org.frcpm.models.Attendance(a).member)@352211689 (ToOneAttributeMapping(NavigableRole[org.frcpm.models.Attendance.member])@303608646)

10:24:17.503 [main] DEBUG org.hibernate.SQL - select a1_0.id,a1_0.arrival_time,a1_0.departure_time,a1_0.meeting_id,a1_0.member_id,a1_0.present from attendances a1_0 where a1_0.meeting_id=?
10:24:17.503 [main] DEBUG org.hibernate.orm.results - Extracted JDBC value [0] - [106]
10:24:17.503 [main] DEBUG org.hibernate.orm.results.loading.entity - (EntityResultInitializer) Hydrated EntityKey (org.frcpm.models.Attendance(a)): 106
10:24:17.503 [main] DEBUG org.hibernate.orm.results.loading.entity - (EntityResultInitializer) Created new entity instance [org.frcpm.models.Attendance(a)#106] : 1731529195
10:24:17.503 [main] DEBUG org.hibernate.orm.results - Extracted JDBC value [3] - [105]
10:24:17.503 [main] DEBUG org.hibernate.orm.results - Extracted JDBC value [4] - [163]
10:24:17.503 [main] DEBUG org.hibernate.orm.results - Extracted JDBC value [1] - [18:10]
10:24:17.503 [main] DEBUG org.hibernate.orm.results - Extracted JDBC value [2] - [19:50]
10:24:17.503 [main] DEBUG org.hibernate.orm.results - Extracted JDBC value [5] - [true]
10:24:17.503 [main] DEBUG org.hibernate.orm.results.loading.entity - (EntityResultInitializer) Done materializing entityInstance : org.frcpm.models.Attendance(a)#106
10:24:17.503 [main] DEBUG org.hibernate.orm.results.loading - Calling top-level assembler (0 / 1) : org.hibernate.sql.results.graph.entity.internal.EntityAssembler@13a66fe
10:24:17.503 [main] DEBUG org.hibernate.orm.results - Extracted JDBC value [0] - [107]
10:24:17.503 [main] DEBUG org.hibernate.orm.results.loading.entity - (EntityResultInitializer) Hydrated EntityKey (org.frcpm.models.Attendance(a)): 107
10:24:17.503 [main] DEBUG org.hibernate.orm.results.loading.entity - (EntityResultInitializer) Created new entity instance [org.frcpm.models.Attendance(a)#107] : 82931588
10:24:17.504 [main] DEBUG org.hibernate.orm.results - Extracted JDBC value [3] - [105]
10:24:17.504 [main] DEBUG org.hibernate.orm.results - Extracted JDBC value [4] - [164]
10:24:17.504 [main] DEBUG org.hibernate.orm.results - Extracted JDBC value [1] - [null]
10:24:17.504 [main] DEBUG org.hibernate.orm.results - Extracted JDBC value [2] - [null]
10:24:17.504 [main] DEBUG org.hibernate.orm.results - Extracted JDBC value [5] - [false]
10:24:17.504 [main] DEBUG org.hibernate.orm.results.loading.entity - (EntityResultInitializer) Done materializing entityInstance : org.frcpm.models.Attendance(a)#107
10:24:17.504 [main] DEBUG org.hibernate.orm.results.loading - Calling top-level assembler (0 / 1) : org.hibernate.sql.results.graph.entity.internal.EntityAssembler@13a66fe
10:24:17.504 [main] DEBUG org.hibernate.resource.jdbc.internal.LogicalConnectionManagedImpl - Initiating JDBC connection release from afterTransaction
10:24:17.504 [main] DEBUG org.hibernate.resource.jdbc.internal.LogicalConnectionManagedImpl - Initiating JDBC connection release from afterTransaction
10:24:17.504 [main] DEBUG org.hibernate.engine.transaction.internal.TransactionImpl - On TransactionImpl creation, JpaCompliance#isJpaTransactionComplianceEnabled == false
10:24:17.504 [main] DEBUG org.hibernate.engine.transaction.internal.TransactionImpl - begin
10:24:17.504 [main] DEBUG org.hibernate.orm.sql.exec - Skipping reading Query result cache data: cache-enabled = false, cache-mode = IGNORE
10:24:17.505 [main] DEBUG org.hibernate.orm.results - Initializer list:
	  org.frcpm.models.Attendance -> EntityResultInitializer(org.frcpm.models.Attendance)@1541927130 (SingleTableEntityPersister(org.frcpm.models.Attendance))
	  org.frcpm.models.Attendance.meeting -> EntityDelayedFetchInitializer(org.frcpm.models.Attendance.meeting)@349360156 (ToOneAttributeMapping(NavigableRole[org.frcpm.models.Attendance.meeting])@816078086)
	  org.frcpm.models.Attendance.member -> EntityDelayedFetchInitializer(org.frcpm.models.Attendance.member)@1183664622 (ToOneAttributeMapping(NavigableRole[org.frcpm.models.Attendance.member])@303608646)

10:24:17.505 [main] DEBUG org.hibernate.SQL - select a1_0.id,a1_0.arrival_time,a1_0.departure_time,a1_0.meeting_id,a1_0.member_id,a1_0.present from attendances a1_0 where a1_0.id=?
10:24:17.505 [main] DEBUG org.hibernate.orm.results.loading.entity - (EntityResultInitializer) Hydrated EntityKey (org.frcpm.models.Attendance): 106
10:24:17.505 [main] DEBUG org.hibernate.orm.results.loading.entity - (EntityResultInitializer) Created new entity instance [org.frcpm.models.Attendance#106] : 802860194
10:24:17.505 [main] DEBUG org.hibernate.orm.results - Extracted JDBC value [3] - [105]
10:24:17.505 [main] DEBUG org.hibernate.orm.results - Extracted JDBC value [4] - [163]
10:24:17.505 [main] DEBUG org.hibernate.orm.results - Extracted JDBC value [1] - [18:10]
10:24:17.505 [main] DEBUG org.hibernate.orm.results - Extracted JDBC value [2] - [19:50]
10:24:17.505 [main] DEBUG org.hibernate.orm.results - Extracted JDBC value [5] - [true]
10:24:17.505 [main] DEBUG org.hibernate.orm.results.loading.entity - (EntityResultInitializer) Done materializing entityInstance : org.frcpm.models.Attendance#106
10:24:17.505 [main] DEBUG org.hibernate.orm.results.loading - Calling top-level assembler (0 / 1) : org.hibernate.sql.results.graph.entity.internal.EntityAssembler@334428e
10:24:17.506 [main] DEBUG org.hibernate.engine.transaction.internal.TransactionImpl - committing
10:24:17.506 [main] DEBUG org.hibernate.event.internal.AbstractFlushingEventListener - Processing flush-time cascades
10:24:17.506 [main] DEBUG org.hibernate.event.internal.AbstractFlushingEventListener - Dirty checking collections
10:24:17.506 [main] DEBUG org.hibernate.event.internal.AbstractFlushingEventListener - Flushed: 0 insertions, 0 updates, 1 deletions to 1 objects
10:24:17.506 [main] DEBUG org.hibernate.event.internal.AbstractFlushingEventListener - Flushed: 0 (re)creations, 0 updates, 0 removals to 0 collections
10:24:17.506 [main] DEBUG org.hibernate.internal.util.EntityPrinter - Listing entities:
10:24:17.506 [main] DEBUG org.hibernate.internal.util.EntityPrinter - org.frcpm.models.Attendance{departureTime=19:50, arrivalTime=18:10, member=<uninitialized>, id=106, present=true, meeting=<uninitialized>}
10:24:17.506 [main] DEBUG org.hibernate.SQL - delete from attendances where id=?
10:24:17.506 [main] DEBUG org.hibernate.orm.jdbc.batch - PreparedStatementDetails did not contain PreparedStatement on #releaseStatements : delete from attendances where id=?
10:24:17.506 [main] DEBUG org.hibernate.orm.jdbc.batch - PreparedStatementDetails did not contain PreparedStatement on #releaseStatements : delete from attendances where id=?
10:24:17.506 [main] DEBUG org.hibernate.resource.jdbc.internal.LogicalConnectionManagedImpl - Initiating JDBC connection release from afterTransaction
10:24:17.506 [main] DEBUG org.hibernate.orm.jdbc.batch - PreparedStatementDetails did not contain PreparedStatement on #releaseStatements : delete from attendances where id=?
10:24:17.506 [main] DEBUG org.hibernate.orm.jdbc.batch - PreparedStatementDetails did not contain PreparedStatement on #releaseStatements : delete from attendances where id=?
10:24:17.506 [main] DEBUG org.hibernate.resource.jdbc.internal.LogicalConnectionManagedImpl - Initiating JDBC connection release from afterTransaction
10:24:17.506 [main] DEBUG org.hibernate.engine.jdbc.internal.JdbcCoordinatorImpl - HHH000420: Closing un-released batch
10:24:17.506 [main] DEBUG org.hibernate.orm.jdbc.batch - PreparedStatementDetails did not contain PreparedStatement on #releaseStatements : delete from attendances where id=?
10:24:17.506 [main] DEBUG org.hibernate.orm.jdbc.batch - PreparedStatementDetails did not contain PreparedStatement on #releaseStatements : delete from attendances where id=?
10:24:17.507 [main] DEBUG org.hibernate.engine.transaction.internal.TransactionImpl - On TransactionImpl creation, JpaCompliance#isJpaTransactionComplianceEnabled == false
10:24:17.507 [main] DEBUG org.hibernate.engine.transaction.internal.TransactionImpl - begin
10:24:17.507 [main] DEBUG org.hibernate.orm.sql.exec - Skipping reading Query result cache data: cache-enabled = false, cache-mode = IGNORE
10:24:17.507 [main] DEBUG org.hibernate.orm.results - Initializer list:
	  org.frcpm.models.Attendance -> EntityResultInitializer(org.frcpm.models.Attendance)@385714587 (SingleTableEntityPersister(org.frcpm.models.Attendance))
	  org.frcpm.models.Attendance.meeting -> EntityDelayedFetchInitializer(org.frcpm.models.Attendance.meeting)@735582946 (ToOneAttributeMapping(NavigableRole[org.frcpm.models.Attendance.meeting])@816078086)
	  org.frcpm.models.Attendance.member -> EntityDelayedFetchInitializer(org.frcpm.models.Attendance.member)@710611559 (ToOneAttributeMapping(NavigableRole[org.frcpm.models.Attendance.member])@303608646)

10:24:17.507 [main] DEBUG org.hibernate.SQL - select a1_0.id,a1_0.arrival_time,a1_0.departure_time,a1_0.meeting_id,a1_0.member_id,a1_0.present from attendances a1_0 where a1_0.id=?
10:24:17.507 [main] DEBUG org.hibernate.orm.results.loading.entity - (EntityResultInitializer) Hydrated EntityKey (org.frcpm.models.Attendance): 107
10:24:17.507 [main] DEBUG org.hibernate.orm.results.loading.entity - (EntityResultInitializer) Created new entity instance [org.frcpm.models.Attendance#107] : 1748316866
10:24:17.507 [main] DEBUG org.hibernate.orm.results - Extracted JDBC value [3] - [105]
10:24:17.507 [main] DEBUG org.hibernate.orm.results - Extracted JDBC value [4] - [164]
10:24:17.507 [main] DEBUG org.hibernate.orm.results - Extracted JDBC value [1] - [null]
10:24:17.507 [main] DEBUG org.hibernate.orm.results - Extracted JDBC value [2] - [null]
10:24:17.507 [main] DEBUG org.hibernate.orm.results - Extracted JDBC value [5] - [false]
10:24:17.507 [main] DEBUG org.hibernate.orm.results.loading.entity - (EntityResultInitializer) Done materializing entityInstance : org.frcpm.models.Attendance#107
10:24:17.507 [main] DEBUG org.hibernate.orm.results.loading - Calling top-level assembler (0 / 1) : org.hibernate.sql.results.graph.entity.internal.EntityAssembler@1a8fcd89
10:24:17.508 [main] DEBUG org.hibernate.engine.transaction.internal.TransactionImpl - committing
10:24:17.508 [main] DEBUG org.hibernate.event.internal.AbstractFlushingEventListener - Processing flush-time cascades
10:24:17.508 [main] DEBUG org.hibernate.event.internal.AbstractFlushingEventListener - Dirty checking collections
10:24:17.508 [main] DEBUG org.hibernate.event.internal.AbstractFlushingEventListener - Flushed: 0 insertions, 0 updates, 1 deletions to 1 objects
10:24:17.508 [main] DEBUG org.hibernate.event.internal.AbstractFlushingEventListener - Flushed: 0 (re)creations, 0 updates, 0 removals to 0 collections
10:24:17.508 [main] DEBUG org.hibernate.internal.util.EntityPrinter - Listing entities:
10:24:17.508 [main] DEBUG org.hibernate.internal.util.EntityPrinter - org.frcpm.models.Attendance{departureTime=null, arrivalTime=null, member=<uninitialized>, id=107, present=false, meeting=<uninitialized>}
10:24:17.508 [main] DEBUG org.hibernate.SQL - delete from attendances where id=?
10:24:17.508 [main] DEBUG org.hibernate.orm.jdbc.batch - PreparedStatementDetails did not contain PreparedStatement on #releaseStatements : delete from attendances where id=?
10:24:17.508 [main] DEBUG org.hibernate.orm.jdbc.batch - PreparedStatementDetails did not contain PreparedStatement on #releaseStatements : delete from attendances where id=?
10:24:17.508 [main] DEBUG org.hibernate.resource.jdbc.internal.LogicalConnectionManagedImpl - Initiating JDBC connection release from afterTransaction
10:24:17.508 [main] DEBUG org.hibernate.orm.jdbc.batch - PreparedStatementDetails did not contain PreparedStatement on #releaseStatements : delete from attendances where id=?
10:24:17.508 [main] DEBUG org.hibernate.orm.jdbc.batch - PreparedStatementDetails did not contain PreparedStatement on #releaseStatements : delete from attendances where id=?
10:24:17.508 [main] DEBUG org.hibernate.resource.jdbc.internal.LogicalConnectionManagedImpl - Initiating JDBC connection release from afterTransaction
10:24:17.508 [main] DEBUG org.hibernate.engine.jdbc.internal.JdbcCoordinatorImpl - HHH000420: Closing un-released batch
10:24:17.508 [main] DEBUG org.hibernate.orm.jdbc.batch - PreparedStatementDetails did not contain PreparedStatement on #releaseStatements : delete from attendances where id=?
10:24:17.508 [main] DEBUG org.hibernate.orm.jdbc.batch - PreparedStatementDetails did not contain PreparedStatement on #releaseStatements : delete from attendances where id=?
10:24:17.508 [main] DEBUG org.hibernate.engine.transaction.internal.TransactionImpl - On TransactionImpl creation, JpaCompliance#isJpaTransactionComplianceEnabled == false
10:24:17.508 [main] DEBUG org.hibernate.engine.transaction.internal.TransactionImpl - begin
10:24:17.508 [main] DEBUG org.hibernate.orm.sql.ast.create - Created new SQL alias : m1_0
10:24:17.508 [main] DEBUG org.hibernate.orm.sql.ast.create - Registration of TableGroup [StandardTableGroup(org.frcpm.models.Meeting)] with identifierForTableGroup [org.frcpm.models.Meeting] for NavigablePath [org.frcpm.models.Meeting] 
10:24:17.509 [main] DEBUG org.hibernate.orm.sql.ast.create - Registration of TableGroup [org.hibernate.sql.ast.tree.from.LazyTableGroup@7e7c5dba] with identifierForTableGroup [org.frcpm.models.Meeting.project] for NavigablePath [org.frcpm.models.Meeting.project] 
10:24:17.509 [main] DEBUG org.hibernate.orm.sql.ast.create - Created new SQL alias : a1_0
10:24:17.509 [main] DEBUG org.hibernate.orm.sql.ast.create - Registration of TableGroup [org.hibernate.sql.ast.tree.from.OneToManyTableGroup@53464a5e] with identifierForTableGroup [org.frcpm.models.Meeting.attendances] for NavigablePath [org.frcpm.models.Meeting.attendances] 
10:24:17.509 [main] DEBUG org.hibernate.orm.sql.ast.create - Registration of TableGroup [StandardTableGroup(org.frcpm.models.Meeting.attendances.{element})] with identifierForTableGroup [org.frcpm.models.Meeting.attendances.{element}] for NavigablePath [org.frcpm.models.Meeting.attendances.{element}] 
10:24:17.509 [main] DEBUG org.hibernate.orm.sql.ast.create - Registration of TableGroup [org.hibernate.sql.ast.tree.from.LazyTableGroup@1acc001c] with identifierForTableGroup [org.frcpm.models.Meeting.attendances.{element}.meeting] for NavigablePath [org.frcpm.models.Meeting.attendances.{element}.meeting] 
10:24:17.509 [main] DEBUG org.hibernate.orm.sql.ast.create - Registration of TableGroup [org.hibernate.sql.ast.tree.from.LazyTableGroup@45daab2f] with identifierForTableGroup [org.frcpm.models.Meeting.attendances.{element}.member] for NavigablePath [org.frcpm.models.Meeting.attendances.{element}.member] 
10:24:17.509 [main] DEBUG org.hibernate.orm.results.graph.AST - DomainResult Graph:
 \-EntityResultImpl [org.frcpm.models.Meeting]
 |  +-EagerCollectionFetch [org.frcpm.models.Meeting.attendances]
 |  |  \-EntityFetchJoinedImpl [org.frcpm.models.Meeting.attendances.{element}]
 |  +-BasicFetch [org.frcpm.models.Meeting.date]
 |  +-BasicFetch [org.frcpm.models.Meeting.endTime]
 |  +-BasicFetch [org.frcpm.models.Meeting.notes]
 |  +-EntityDelayedFetchImpl [org.frcpm.models.Meeting.project]
 |  \-BasicFetch [org.frcpm.models.Meeting.startTime]

10:24:17.509 [main] DEBUG org.hibernate.orm.sql.ast.tree - SQL AST Tree:
    SelectStatement {
      FromClause {
        StandardTableGroup (m1 : org.frcpm.models.Meeting) {
          primaryTableReference : meetings as m1_0
          TableGroupJoins {
            left  join LazyTableGroup (p1 : org.frcpm.models.Meeting.project) {
            }
            left  join OneToManyTableGroup (a1 : org.frcpm.models.Meeting.attendances) {
              primaryTableReference : attendances as a1_0
              TableGroupJoins {
                left  join LazyTableGroup (m2 : org.frcpm.models.Meeting.attendances.{element}.meeting) {
                }
                left  join LazyTableGroup (m3 : org.frcpm.models.Meeting.attendances.{element}.member) {
                }
              }
            }
          }
        }
      }
    }

10:24:17.510 [main] DEBUG org.hibernate.orm.sql.exec - Skipping reading Query result cache data: cache-enabled = false, cache-mode = IGNORE
10:24:17.510 [main] DEBUG org.hibernate.orm.results - Initializer list:
	  org.frcpm.models.Meeting -> EntityResultInitializer(org.frcpm.models.Meeting)@1578706201 (SingleTableEntityPersister(org.frcpm.models.Meeting))
	  org.frcpm.models.Meeting.attendances -> BagInitializer(org.frcpm.models.Meeting.attendances)@1353517863 (PluralAttribute(org.frcpm.models.Meeting.attendances))
	  org.frcpm.models.Meeting.attendances.{element}.member -> EntityDelayedFetchInitializer(org.frcpm.models.Meeting.attendances.{element}.member)@1077821902 (ToOneAttributeMapping(NavigableRole[org.frcpm.models.Attendance.member])@303608646)
	  org.frcpm.models.Meeting.project -> EntityDelayedFetchInitializer(org.frcpm.models.Meeting.project)@480673828 (ToOneAttributeMapping(NavigableRole[org.frcpm.models.Meeting.project])@192962372)
	  org.frcpm.models.Meeting.attendances.{element} -> EntityJoinedFetchInitializer(org.frcpm.models.Meeting.attendances.{element})@869046560 (EntityCollectionPart(org.frcpm.models.Meeting.attendances#{element})@30314150)

10:24:17.510 [main] DEBUG org.hibernate.SQL - select m1_0.id,m1_0.date,m1_0.end_time,m1_0.notes,m1_0.project_id,m1_0.start_time,a1_0.meeting_id,a1_0.id,a1_0.arrival_time,a1_0.departure_time,a1_0.member_id,a1_0.present from meetings m1_0 left join attendances a1_0 on m1_0.id=a1_0.meeting_id where m1_0.id=?
10:24:17.510 [main] DEBUG org.hibernate.orm.results.loading.entity - (EntityResultInitializer) Hydrated EntityKey (org.frcpm.models.Meeting): 105
10:24:17.510 [main] DEBUG org.hibernate.orm.results.loading.org.hibernate.orm.results.loading.collection - (BagInitializer) Current row collection key : org.frcpm.models.Meeting.attendances#105
10:24:17.510 [main] DEBUG org.hibernate.orm.results - Extracted JDBC value [6] - [null]
10:24:17.510 [main] DEBUG org.hibernate.orm.results - Extracted JDBC value [7] - [null]
10:24:17.510 [main] DEBUG org.hibernate.orm.results.loading.entity - (EntityJoinedFetchInitializer) EntityKey (org.frcpm.models.Meeting.attendances.{element}) is null
10:24:17.510 [main] DEBUG org.hibernate.orm.results.loading.entity - (EntityResultInitializer) Created new entity instance [org.frcpm.models.Meeting#105] : 2011169207
10:24:17.510 [main] DEBUG org.hibernate.orm.results.loading.org.hibernate.orm.results.loading.collection - (BagInitializer) Created new collection wrapper [org.frcpm.models.Meeting.attendances#105] : org.hibernate.collection.spi.PersistentBag@44960339
10:24:17.510 [main] DEBUG org.hibernate.orm.results.loading.org.hibernate.orm.results.loading.collection - (BagInitializer) Responsible for loading collection [org.frcpm.models.Meeting.attendances#105] : org.hibernate.collection.spi.PersistentBag@44960339
10:24:17.510 [main] DEBUG org.hibernate.orm.results - Extracted JDBC value [4] - [169]
10:24:17.510 [main] DEBUG org.hibernate.orm.results - Extracted JDBC value [1] - [2025-04-26]
10:24:17.510 [main] DEBUG org.hibernate.orm.results - Extracted JDBC value [2] - [20:00]
10:24:17.510 [main] DEBUG org.hibernate.orm.results - Extracted JDBC value [3] - [null]
10:24:17.510 [main] DEBUG org.hibernate.orm.results - Extracted JDBC value [5] - [18:00]
10:24:17.510 [main] DEBUG org.hibernate.orm.results.loading.entity - (EntityResultInitializer) Done materializing entityInstance : org.frcpm.models.Meeting#105
10:24:17.510 [main] DEBUG org.hibernate.orm.results.loading - Calling top-level assembler (0 / 1) : org.hibernate.sql.results.graph.entity.internal.EntityAssembler@2782d25c
10:24:17.511 [main] DEBUG org.hibernate.sql.results.internal.ResultsHelper - Collection fully initialized: [org.frcpm.models.Meeting.attendances#105]
10:24:17.511 [main] DEBUG org.hibernate.engine.spi.CollectionEntry - Reset storedSnapshot to [] for CollectionEntry[org.frcpm.models.Meeting.attendances#105]
10:24:17.511 [main] DEBUG org.hibernate.engine.transaction.internal.TransactionImpl - committing
10:24:17.511 [main] DEBUG org.hibernate.event.internal.AbstractFlushingEventListener - Processing flush-time cascades
10:24:17.511 [main] DEBUG org.hibernate.event.internal.AbstractFlushingEventListener - Dirty checking collections
10:24:17.511 [main] DEBUG org.hibernate.engine.internal.Collections - Collection dereferenced: [org.frcpm.models.Meeting.attendances#105]
10:24:17.511 [main] DEBUG org.hibernate.event.internal.AbstractFlushingEventListener - Flushed: 0 insertions, 0 updates, 1 deletions to 1 objects
10:24:17.511 [main] DEBUG org.hibernate.event.internal.AbstractFlushingEventListener - Flushed: 0 (re)creations, 0 updates, 1 removals to 1 collections
10:24:17.511 [main] DEBUG org.hibernate.internal.util.EntityPrinter - Listing entities:
10:24:17.511 [main] DEBUG org.hibernate.internal.util.EntityPrinter - org.frcpm.models.Meeting{date=2025-04-26, notes=null, project=<uninitialized>, startTime=18:00, id=105, endTime=20:00, attendances=[]}
10:24:17.512 [main] DEBUG org.hibernate.SQL - delete from meetings where id=?
10:24:17.512 [main] DEBUG org.hibernate.orm.jdbc.batch - PreparedStatementDetails did not contain PreparedStatement on #releaseStatements : delete from meetings where id=?
10:24:17.512 [main] DEBUG org.hibernate.orm.jdbc.batch - PreparedStatementDetails did not contain PreparedStatement on #releaseStatements : delete from meetings where id=?
10:24:17.512 [main] DEBUG org.hibernate.resource.jdbc.internal.LogicalConnectionManagedImpl - Initiating JDBC connection release from afterTransaction
10:24:17.512 [main] DEBUG org.hibernate.orm.jdbc.batch - PreparedStatementDetails did not contain PreparedStatement on #releaseStatements : delete from meetings where id=?
10:24:17.512 [main] DEBUG org.hibernate.orm.jdbc.batch - PreparedStatementDetails did not contain PreparedStatement on #releaseStatements : delete from meetings where id=?
10:24:17.512 [main] DEBUG org.hibernate.resource.jdbc.internal.LogicalConnectionManagedImpl - Initiating JDBC connection release from afterTransaction
10:24:17.512 [main] DEBUG org.hibernate.engine.jdbc.internal.JdbcCoordinatorImpl - HHH000420: Closing un-released batch
10:24:17.512 [main] DEBUG org.hibernate.orm.jdbc.batch - PreparedStatementDetails did not contain PreparedStatement on #releaseStatements : delete from meetings where id=?
10:24:17.512 [main] DEBUG org.hibernate.orm.jdbc.batch - PreparedStatementDetails did not contain PreparedStatement on #releaseStatements : delete from meetings where id=?
10:24:17.512 [main] DEBUG org.hibernate.engine.transaction.internal.TransactionImpl - On TransactionImpl creation, JpaCompliance#isJpaTransactionComplianceEnabled == false
10:24:17.512 [main] DEBUG org.hibernate.engine.transaction.internal.TransactionImpl - begin
10:24:17.513 [main] DEBUG org.hibernate.orm.sql.ast.create - Created new SQL alias : tm1_0
10:24:17.513 [main] DEBUG org.hibernate.orm.sql.ast.create - Registration of TableGroup [StandardTableGroup(org.frcpm.models.TeamMember)] with identifierForTableGroup [org.frcpm.models.TeamMember] for NavigablePath [org.frcpm.models.TeamMember] 
10:24:17.513 [main] DEBUG org.hibernate.orm.sql.ast.create - Created new SQL alias : a1_0
10:24:17.513 [main] DEBUG org.hibernate.orm.sql.ast.create - Registration of TableGroup [org.hibernate.sql.ast.tree.from.OneToManyTableGroup@6456331a] with identifierForTableGroup [org.frcpm.models.TeamMember.attendances] for NavigablePath [org.frcpm.models.TeamMember.attendances] 
10:24:17.513 [main] DEBUG org.hibernate.orm.sql.ast.create - Registration of TableGroup [StandardTableGroup(org.frcpm.models.TeamMember.attendances.{element})] with identifierForTableGroup [org.frcpm.models.TeamMember.attendances.{element}] for NavigablePath [org.frcpm.models.TeamMember.attendances.{element}] 
10:24:17.514 [main] DEBUG org.hibernate.orm.sql.ast.create - Registration of TableGroup [org.hibernate.sql.ast.tree.from.LazyTableGroup@16585151] with identifierForTableGroup [org.frcpm.models.TeamMember.attendances.{element}.meeting] for NavigablePath [org.frcpm.models.TeamMember.attendances.{element}.meeting] 
10:24:17.514 [main] DEBUG org.hibernate.orm.sql.ast.create - Registration of TableGroup [org.hibernate.sql.ast.tree.from.LazyTableGroup@57ee9f7b] with identifierForTableGroup [org.frcpm.models.TeamMember.attendances.{element}.member] for NavigablePath [org.frcpm.models.TeamMember.attendances.{element}.member] 
10:24:17.514 [main] DEBUG org.hibernate.orm.sql.ast.create - Registration of TableGroup [org.hibernate.sql.ast.tree.from.LazyTableGroup@5673a3a9] with identifierForTableGroup [org.frcpm.models.TeamMember.subteam] for NavigablePath [org.frcpm.models.TeamMember.subteam] 
10:24:17.514 [main] DEBUG org.hibernate.orm.results.graph.AST - DomainResult Graph:
 \-EntityResultImpl [org.frcpm.models.TeamMember]
 |  +-DelayedCollectionFetch [org.frcpm.models.TeamMember.assignedTasks]
 |  +-EagerCollectionFetch [org.frcpm.models.TeamMember.attendances]
 |  |  \-EntityFetchJoinedImpl [org.frcpm.models.TeamMember.attendances.{element}]
 |  +-BasicFetch [org.frcpm.models.TeamMember.email]
 |  +-BasicFetch [org.frcpm.models.TeamMember.firstName]
 |  +-BasicFetch [org.frcpm.models.TeamMember.lastName]
 |  +-BasicFetch [org.frcpm.models.TeamMember.leader]
 |  +-BasicFetch [org.frcpm.models.TeamMember.phone]
 |  +-BasicFetch [org.frcpm.models.TeamMember.skills]
 |  +-EntityDelayedFetchImpl [org.frcpm.models.TeamMember.subteam]
 |  \-BasicFetch [org.frcpm.models.TeamMember.username]

10:24:17.514 [main] DEBUG org.hibernate.orm.sql.ast.tree - SQL AST Tree:
    SelectStatement {
      FromClause {
        StandardTableGroup (tm1 : org.frcpm.models.TeamMember) {
          primaryTableReference : team_members as tm1_0
          TableGroupJoins {
            left  join OneToManyTableGroup (a1 : org.frcpm.models.TeamMember.attendances) {
              primaryTableReference : attendances as a1_0
              TableGroupJoins {
                left  join LazyTableGroup (m1 : org.frcpm.models.TeamMember.attendances.{element}.meeting) {
                }
                left  join LazyTableGroup (m2 : org.frcpm.models.TeamMember.attendances.{element}.member) {
                }
              }
            }
            left  join LazyTableGroup (s1 : org.frcpm.models.TeamMember.subteam) {
            }
          }
        }
      }
    }

10:24:17.515 [main] DEBUG org.hibernate.orm.sql.exec - Skipping reading Query result cache data: cache-enabled = false, cache-mode = IGNORE
10:24:17.515 [main] DEBUG org.hibernate.orm.results - Initializer list:
	  org.frcpm.models.TeamMember.subteam -> EntityDelayedFetchInitializer(org.frcpm.models.TeamMember.subteam)@434064163 (ToOneAttributeMapping(NavigableRole[org.frcpm.models.TeamMember.subteam])@918994487)
	  org.frcpm.models.TeamMember.attendances.{element} -> EntityJoinedFetchInitializer(org.frcpm.models.TeamMember.attendances.{element})@2103655853 (EntityCollectionPart(org.frcpm.models.TeamMember.attendances#{element})@260716509)
	  org.frcpm.models.TeamMember.assignedTasks -> DelayedCollectionInitializer(org.frcpm.models.TeamMember.assignedTasks)@1819276124 (PluralAttribute(org.frcpm.models.TeamMember.assignedTasks))
	  org.frcpm.models.TeamMember.attendances.{element}.meeting -> EntityDelayedFetchInitializer(org.frcpm.models.TeamMember.attendances.{element}.meeting)@1868292064 (ToOneAttributeMapping(NavigableRole[org.frcpm.models.Attendance.meeting])@816078086)
	  org.frcpm.models.TeamMember -> EntityResultInitializer(org.frcpm.models.TeamMember)@187767283 (SingleTableEntityPersister(org.frcpm.models.TeamMember))
	  org.frcpm.models.TeamMember.attendances -> SetInitializer(org.frcpm.models.TeamMember.attendances)@1440478103 (PluralAttribute(org.frcpm.models.TeamMember.attendances))

10:24:17.516 [main] DEBUG org.hibernate.SQL - select tm1_0.id,a1_0.member_id,a1_0.id,a1_0.arrival_time,a1_0.departure_time,a1_0.meeting_id,a1_0.present,tm1_0.email,tm1_0.first_name,tm1_0.last_name,tm1_0.is_leader,tm1_0.phone,tm1_0.skills,tm1_0.subteam_id,tm1_0.username from team_members tm1_0 left join attendances a1_0 on tm1_0.id=a1_0.member_id where tm1_0.id=?
10:24:17.516 [main] DEBUG org.hibernate.orm.results.loading.entity - (EntityResultInitializer) Hydrated EntityKey (org.frcpm.models.TeamMember): 163
10:24:17.516 [main] DEBUG org.hibernate.orm.results.loading.org.hibernate.orm.results.loading.collection - (SetInitializer) Current row collection key : org.frcpm.models.TeamMember.attendances#163
10:24:17.516 [main] DEBUG org.hibernate.orm.results - Extracted JDBC value [1] - [null]
10:24:17.516 [main] DEBUG org.hibernate.orm.results - Extracted JDBC value [2] - [null]
10:24:17.516 [main] DEBUG org.hibernate.orm.results.loading.entity - (EntityJoinedFetchInitializer) EntityKey (org.frcpm.models.TeamMember.attendances.{element}) is null
10:24:17.516 [main] DEBUG org.hibernate.orm.results.loading.org.hibernate.orm.results.loading.collection - (DelayedCollectionInitializer) Current row collection key : org.frcpm.models.TeamMember.assignedTasks#163
10:24:17.516 [main] DEBUG org.hibernate.orm.results.loading.entity - (EntityResultInitializer) Created new entity instance [org.frcpm.models.TeamMember#163] : 1951730972
10:24:17.516 [main] DEBUG org.hibernate.orm.results.loading.org.hibernate.orm.results.loading.collection - (SetInitializer) Created new collection wrapper [org.frcpm.models.TeamMember.attendances#163] : org.hibernate.collection.spi.PersistentSet@1349571069
10:24:17.516 [main] DEBUG org.hibernate.orm.results.loading.org.hibernate.orm.results.loading.collection - (SetInitializer) Responsible for loading collection [org.frcpm.models.TeamMember.attendances#163] : org.hibernate.collection.spi.PersistentSet@1349571069
10:24:17.516 [main] DEBUG org.hibernate.orm.results - Extracted JDBC value [13] - [null]
10:24:17.516 [main] DEBUG org.hibernate.orm.results - Extracted JDBC value [7] - [attendance1@example.com]
10:24:17.516 [main] DEBUG org.hibernate.orm.results - Extracted JDBC value [8] - [Attendance]
10:24:17.516 [main] DEBUG org.hibernate.orm.results - Extracted JDBC value [9] - [Test1]
10:24:17.516 [main] DEBUG org.hibernate.orm.results - Extracted JDBC value [10] - [false]
10:24:17.516 [main] DEBUG org.hibernate.orm.results - Extracted JDBC value [11] - [null]
10:24:17.516 [main] DEBUG org.hibernate.orm.results - Extracted JDBC value [12] - [null]
10:24:17.516 [main] DEBUG org.hibernate.orm.results - Extracted JDBC value [14] - [attendancetest1]
10:24:17.516 [main] DEBUG org.hibernate.orm.results.loading.entity - (EntityResultInitializer) Done materializing entityInstance : org.frcpm.models.TeamMember#163
10:24:17.516 [main] DEBUG org.hibernate.orm.results.loading - Calling top-level assembler (0 / 1) : org.hibernate.sql.results.graph.entity.internal.EntityAssembler@6488335c
10:24:17.516 [main] DEBUG org.hibernate.sql.results.internal.ResultsHelper - Collection fully initialized: [org.frcpm.models.TeamMember.attendances#163]
10:24:17.517 [main] DEBUG org.hibernate.engine.spi.CollectionEntry - Reset storedSnapshot to {} for CollectionEntry[org.frcpm.models.TeamMember.assignedTasks#163]
10:24:17.517 [main] DEBUG org.hibernate.engine.spi.CollectionEntry - Reset storedSnapshot to {} for CollectionEntry[org.frcpm.models.TeamMember.attendances#163]
10:24:17.517 [main] DEBUG org.hibernate.engine.transaction.internal.TransactionImpl - committing
10:24:17.517 [main] DEBUG org.hibernate.event.internal.AbstractFlushingEventListener - Processing flush-time cascades
10:24:17.517 [main] DEBUG org.hibernate.event.internal.AbstractFlushingEventListener - Dirty checking collections
10:24:17.517 [main] DEBUG org.hibernate.engine.internal.Collections - Collection dereferenced: [org.frcpm.models.TeamMember.assignedTasks#163]
10:24:17.517 [main] DEBUG org.hibernate.engine.internal.Collections - Collection dereferenced: [org.frcpm.models.TeamMember.attendances#163]
10:24:17.517 [main] DEBUG org.hibernate.event.internal.AbstractFlushingEventListener - Flushed: 0 insertions, 0 updates, 1 deletions to 1 objects
10:24:17.517 [main] DEBUG org.hibernate.event.internal.AbstractFlushingEventListener - Flushed: 0 (re)creations, 0 updates, 2 removals to 2 collections
10:24:17.517 [main] DEBUG org.hibernate.internal.util.EntityPrinter - Listing entities:
10:24:17.517 [main] DEBUG org.hibernate.internal.util.EntityPrinter - org.frcpm.models.TeamMember{skills=null, firstName=Attendance, lastName=Test1, leader=false, subteam=null, phone=null, id=163, attendances=[], email=attendance1@example.com, assignedTasks=<uninitialized>, username=attendancetest1}
10:24:17.517 [main] DEBUG org.hibernate.SQL - delete from team_members where id=?
10:24:17.518 [main] DEBUG org.hibernate.orm.jdbc.batch - PreparedStatementDetails did not contain PreparedStatement on #releaseStatements : delete from team_members where id=?
10:24:17.518 [main] DEBUG org.hibernate.orm.jdbc.batch - PreparedStatementDetails did not contain PreparedStatement on #releaseStatements : delete from team_members where id=?
10:24:17.518 [main] DEBUG org.hibernate.resource.jdbc.internal.LogicalConnectionManagedImpl - Initiating JDBC connection release from afterTransaction
10:24:17.518 [main] DEBUG org.hibernate.orm.jdbc.batch - PreparedStatementDetails did not contain PreparedStatement on #releaseStatements : delete from team_members where id=?
10:24:17.518 [main] DEBUG org.hibernate.orm.jdbc.batch - PreparedStatementDetails did not contain PreparedStatement on #releaseStatements : delete from team_members where id=?
10:24:17.518 [main] DEBUG org.hibernate.resource.jdbc.internal.LogicalConnectionManagedImpl - Initiating JDBC connection release from afterTransaction
10:24:17.518 [main] DEBUG org.hibernate.engine.jdbc.internal.JdbcCoordinatorImpl - HHH000420: Closing un-released batch
10:24:17.518 [main] DEBUG org.hibernate.orm.jdbc.batch - PreparedStatementDetails did not contain PreparedStatement on #releaseStatements : delete from team_members where id=?
10:24:17.518 [main] DEBUG org.hibernate.orm.jdbc.batch - PreparedStatementDetails did not contain PreparedStatement on #releaseStatements : delete from team_members where id=?
10:24:17.518 [main] DEBUG org.hibernate.engine.transaction.internal.TransactionImpl - On TransactionImpl creation, JpaCompliance#isJpaTransactionComplianceEnabled == false
10:24:17.518 [main] DEBUG org.hibernate.engine.transaction.internal.TransactionImpl - begin
10:24:17.518 [main] DEBUG org.hibernate.orm.sql.exec - Skipping reading Query result cache data: cache-enabled = false, cache-mode = IGNORE
10:24:17.518 [main] DEBUG org.hibernate.orm.results - Initializer list:
	  org.frcpm.models.TeamMember.subteam -> EntityDelayedFetchInitializer(org.frcpm.models.TeamMember.subteam)@104154404 (ToOneAttributeMapping(NavigableRole[org.frcpm.models.TeamMember.subteam])@918994487)
	  org.frcpm.models.TeamMember.attendances.{element} -> EntityJoinedFetchInitializer(org.frcpm.models.TeamMember.attendances.{element})@1344045862 (EntityCollectionPart(org.frcpm.models.TeamMember.attendances#{element})@260716509)
	  org.frcpm.models.TeamMember.assignedTasks -> DelayedCollectionInitializer(org.frcpm.models.TeamMember.assignedTasks)@1965775018 (PluralAttribute(org.frcpm.models.TeamMember.assignedTasks))
	  org.frcpm.models.TeamMember.attendances.{element}.meeting -> EntityDelayedFetchInitializer(org.frcpm.models.TeamMember.attendances.{element}.meeting)@46979388 (ToOneAttributeMapping(NavigableRole[org.frcpm.models.Attendance.meeting])@816078086)
	  org.frcpm.models.TeamMember -> EntityResultInitializer(org.frcpm.models.TeamMember)@779923492 (SingleTableEntityPersister(org.frcpm.models.TeamMember))
	  org.frcpm.models.TeamMember.attendances -> SetInitializer(org.frcpm.models.TeamMember.attendances)@441254782 (PluralAttribute(org.frcpm.models.TeamMember.attendances))

10:24:17.518 [main] DEBUG org.hibernate.SQL - select tm1_0.id,a1_0.member_id,a1_0.id,a1_0.arrival_time,a1_0.departure_time,a1_0.meeting_id,a1_0.present,tm1_0.email,tm1_0.first_name,tm1_0.last_name,tm1_0.is_leader,tm1_0.phone,tm1_0.skills,tm1_0.subteam_id,tm1_0.username from team_members tm1_0 left join attendances a1_0 on tm1_0.id=a1_0.member_id where tm1_0.id=?
10:24:17.519 [FRC-PM-HikariCP connection adder] DEBUG com.zaxxer.hikari.pool.HikariPool - FRC-PM-HikariCP - After adding stats (total=2, active=1, idle=1, waiting=0)
10:24:17.519 [main] DEBUG org.hibernate.orm.results.loading.entity - (EntityResultInitializer) Hydrated EntityKey (org.frcpm.models.TeamMember): 164
10:24:17.519 [main] DEBUG org.hibernate.orm.results.loading.org.hibernate.orm.results.loading.collection - (SetInitializer) Current row collection key : org.frcpm.models.TeamMember.attendances#164
10:24:17.519 [main] DEBUG org.hibernate.orm.results - Extracted JDBC value [1] - [null]
10:24:17.519 [main] DEBUG org.hibernate.orm.results - Extracted JDBC value [2] - [null]
10:24:17.519 [main] DEBUG org.hibernate.orm.results.loading.entity - (EntityJoinedFetchInitializer) EntityKey (org.frcpm.models.TeamMember.attendances.{element}) is null
10:24:17.519 [main] DEBUG org.hibernate.orm.results.loading.org.hibernate.orm.results.loading.collection - (DelayedCollectionInitializer) Current row collection key : org.frcpm.models.TeamMember.assignedTasks#164
10:24:17.519 [main] DEBUG org.hibernate.orm.results.loading.entity - (EntityResultInitializer) Created new entity instance [org.frcpm.models.TeamMember#164] : 450603960
10:24:17.519 [main] DEBUG org.hibernate.orm.results.loading.org.hibernate.orm.results.loading.collection - (SetInitializer) Created new collection wrapper [org.frcpm.models.TeamMember.attendances#164] : org.hibernate.collection.spi.PersistentSet@974485162
10:24:17.519 [main] DEBUG org.hibernate.orm.results.loading.org.hibernate.orm.results.loading.collection - (SetInitializer) Responsible for loading collection [org.frcpm.models.TeamMember.attendances#164] : org.hibernate.collection.spi.PersistentSet@974485162
10:24:17.519 [main] DEBUG org.hibernate.orm.results - Extracted JDBC value [13] - [null]
10:24:17.519 [main] DEBUG org.hibernate.orm.results - Extracted JDBC value [7] - [attendance2@example.com]
10:24:17.519 [main] DEBUG org.hibernate.orm.results - Extracted JDBC value [8] - [Attendance]
10:24:17.519 [main] DEBUG org.hibernate.orm.results - Extracted JDBC value [9] - [Test2]
10:24:17.519 [main] DEBUG org.hibernate.orm.results - Extracted JDBC value [10] - [false]
10:24:17.519 [main] DEBUG org.hibernate.orm.results - Extracted JDBC value [11] - [null]
10:24:17.519 [main] DEBUG org.hibernate.orm.results - Extracted JDBC value [12] - [null]
10:24:17.519 [main] DEBUG org.hibernate.orm.results - Extracted JDBC value [14] - [attendancetest2]
10:24:17.519 [main] DEBUG org.hibernate.orm.results.loading.entity - (EntityResultInitializer) Done materializing entityInstance : org.frcpm.models.TeamMember#164
10:24:17.519 [main] DEBUG org.hibernate.orm.results.loading - Calling top-level assembler (0 / 1) : org.hibernate.sql.results.graph.entity.internal.EntityAssembler@5a6b99d
10:24:17.519 [main] DEBUG org.hibernate.sql.results.internal.ResultsHelper - Collection fully initialized: [org.frcpm.models.TeamMember.attendances#164]
10:24:17.519 [main] DEBUG org.hibernate.engine.spi.CollectionEntry - Reset storedSnapshot to {} for CollectionEntry[org.frcpm.models.TeamMember.assignedTasks#164]
10:24:17.519 [main] DEBUG org.hibernate.engine.spi.CollectionEntry - Reset storedSnapshot to {} for CollectionEntry[org.frcpm.models.TeamMember.attendances#164]
10:24:17.520 [main] DEBUG org.hibernate.engine.transaction.internal.TransactionImpl - committing
10:24:17.520 [main] DEBUG org.hibernate.event.internal.AbstractFlushingEventListener - Processing flush-time cascades
10:24:17.520 [main] DEBUG org.hibernate.event.internal.AbstractFlushingEventListener - Dirty checking collections
10:24:17.520 [main] DEBUG org.hibernate.engine.internal.Collections - Collection dereferenced: [org.frcpm.models.TeamMember.assignedTasks#164]
10:24:17.520 [main] DEBUG org.hibernate.engine.internal.Collections - Collection dereferenced: [org.frcpm.models.TeamMember.attendances#164]
10:24:17.520 [main] DEBUG org.hibernate.event.internal.AbstractFlushingEventListener - Flushed: 0 insertions, 0 updates, 1 deletions to 1 objects
10:24:17.520 [main] DEBUG org.hibernate.event.internal.AbstractFlushingEventListener - Flushed: 0 (re)creations, 0 updates, 2 removals to 2 collections
10:24:17.520 [main] DEBUG org.hibernate.internal.util.EntityPrinter - Listing entities:
10:24:17.520 [main] DEBUG org.hibernate.internal.util.EntityPrinter - org.frcpm.models.TeamMember{skills=null, firstName=Attendance, lastName=Test2, leader=false, subteam=null, phone=null, id=164, attendances=[], email=attendance2@example.com, assignedTasks=<uninitialized>, username=attendancetest2}
10:24:17.520 [main] DEBUG org.hibernate.SQL - delete from team_members where id=?
10:24:17.520 [FRC-PM-HikariCP connection adder] DEBUG com.zaxxer.hikari.pool.HikariPool - FRC-PM-HikariCP - Added connection conn26: url=jdbc:h2:file:C:\Users\dhiebert\.frcpm\frcpm user=SA
10:24:17.520 [main] DEBUG org.hibernate.orm.jdbc.batch - PreparedStatementDetails did not contain PreparedStatement on #releaseStatements : delete from team_members where id=?
10:24:17.521 [main] DEBUG org.hibernate.orm.jdbc.batch - PreparedStatementDetails did not contain PreparedStatement on #releaseStatements : delete from team_members where id=?
10:24:17.521 [main] DEBUG org.hibernate.resource.jdbc.internal.LogicalConnectionManagedImpl - Initiating JDBC connection release from afterTransaction
10:24:17.521 [main] DEBUG org.hibernate.orm.jdbc.batch - PreparedStatementDetails did not contain PreparedStatement on #releaseStatements : delete from team_members where id=?
10:24:17.521 [main] DEBUG org.hibernate.orm.jdbc.batch - PreparedStatementDetails did not contain PreparedStatement on #releaseStatements : delete from team_members where id=?
10:24:17.521 [main] DEBUG org.hibernate.resource.jdbc.internal.LogicalConnectionManagedImpl - Initiating JDBC connection release from afterTransaction
10:24:17.521 [main] DEBUG org.hibernate.engine.jdbc.internal.JdbcCoordinatorImpl - HHH000420: Closing un-released batch
10:24:17.521 [main] DEBUG org.hibernate.orm.jdbc.batch - PreparedStatementDetails did not contain PreparedStatement on #releaseStatements : delete from team_members where id=?
10:24:17.521 [main] DEBUG org.hibernate.orm.jdbc.batch - PreparedStatementDetails did not contain PreparedStatement on #releaseStatements : delete from team_members where id=?
10:24:17.521 [main] DEBUG org.hibernate.engine.transaction.internal.TransactionImpl - On TransactionImpl creation, JpaCompliance#isJpaTransactionComplianceEnabled == false
10:24:17.521 [main] DEBUG org.hibernate.engine.transaction.internal.TransactionImpl - begin
10:24:17.521 [main] DEBUG org.hibernate.orm.sql.ast.create - Created new SQL alias : p1_0
10:24:17.521 [main] DEBUG org.hibernate.orm.sql.ast.create - Registration of TableGroup [StandardTableGroup(org.frcpm.models.Project)] with identifierForTableGroup [org.frcpm.models.Project] for NavigablePath [org.frcpm.models.Project] 
10:24:17.521 [main] DEBUG org.hibernate.orm.sql.ast.create - Created new SQL alias : m1_0
10:24:17.521 [main] DEBUG org.hibernate.orm.sql.ast.create - Registration of TableGroup [org.hibernate.sql.ast.tree.from.OneToManyTableGroup@526325b5] with identifierForTableGroup [org.frcpm.models.Project.meetings] for NavigablePath [org.frcpm.models.Project.meetings] 
10:24:17.521 [main] DEBUG org.hibernate.orm.sql.ast.create - Registration of TableGroup [StandardTableGroup(org.frcpm.models.Project.meetings.{element})] with identifierForTableGroup [org.frcpm.models.Project.meetings.{element}] for NavigablePath [org.frcpm.models.Project.meetings.{element}] 
10:24:17.522 [main] DEBUG org.hibernate.orm.sql.ast.create - Registration of TableGroup [org.hibernate.sql.ast.tree.from.LazyTableGroup@4352a975] with identifierForTableGroup [org.frcpm.models.Project.meetings.{element}.project] for NavigablePath [org.frcpm.models.Project.meetings.{element}.project] 
10:24:17.522 [main] DEBUG org.hibernate.orm.results.graph.AST - DomainResult Graph:
 \-EntityResultImpl [org.frcpm.models.Project]
 |  +-BasicFetch [org.frcpm.models.Project.description]
 |  +-BasicFetch [org.frcpm.models.Project.goalEndDate]
 |  +-BasicFetch [org.frcpm.models.Project.hardDeadline]
 |  +-EagerCollectionFetch [org.frcpm.models.Project.meetings]
 |  |  \-EntityFetchJoinedImpl [org.frcpm.models.Project.meetings.{element}]
 |  +-SelectEagerCollectionFetch [org.frcpm.models.Project.milestones]
 |  +-BasicFetch [org.frcpm.models.Project.name]
 |  +-BasicFetch [org.frcpm.models.Project.startDate]
 |  \-SelectEagerCollectionFetch [org.frcpm.models.Project.tasks]

10:24:17.522 [main] DEBUG org.hibernate.orm.sql.ast.tree - SQL AST Tree:
    SelectStatement {
      FromClause {
        StandardTableGroup (p1 : org.frcpm.models.Project) {
          primaryTableReference : projects as p1_0
          TableGroupJoins {
            left  join OneToManyTableGroup (m1 : org.frcpm.models.Project.meetings) {
              primaryTableReference : meetings as m1_0
              TableGroupJoins {
                left  join LazyTableGroup (p2 : org.frcpm.models.Project.meetings.{element}.project) {
                }
              }
            }
          }
        }
      }
    }

10:24:17.522 [main] DEBUG org.hibernate.orm.sql.exec - Skipping reading Query result cache data: cache-enabled = false, cache-mode = IGNORE
10:24:17.522 [main] DEBUG org.hibernate.orm.results - Initializer list:
	  org.frcpm.models.Project.meetings -> BagInitializer(org.frcpm.models.Project.meetings)@196137164 (PluralAttribute(org.frcpm.models.Project.meetings))
	  org.frcpm.models.Project.tasks -> SelectEagerCollectionInitializer(org.frcpm.models.Project.tasks)@1085604482 (PluralAttribute(org.frcpm.models.Project.tasks))
	  org.frcpm.models.Project.meetings.{element} -> EntityJoinedFetchInitializer(org.frcpm.models.Project.meetings.{element})@385483488 (EntityCollectionPart(org.frcpm.models.Project.meetings#{element})@554917118)
	  org.frcpm.models.Project.meetings.{element}.attendances -> SelectEagerCollectionInitializer(org.frcpm.models.Project.meetings.{element}.attendances)@740875936 (PluralAttribute(org.frcpm.models.Meeting.attendances))
	  org.frcpm.models.Project -> EntityResultInitializer(org.frcpm.models.Project)@1155623093 (SingleTableEntityPersister(org.frcpm.models.Project))
	  org.frcpm.models.Project.milestones -> SelectEagerCollectionInitializer(org.frcpm.models.Project.milestones)@38440907 (PluralAttribute(org.frcpm.models.Project.milestones))

10:24:17.522 [main] DEBUG org.hibernate.SQL - select p1_0.id,p1_0.description,p1_0.goal_end_date,p1_0.hard_deadline,p1_0.name,p1_0.start_date,m1_0.project_id,m1_0.id,m1_0.date,m1_0.end_time,m1_0.notes,m1_0.start_time from projects p1_0 left join meetings m1_0 on p1_0.id=m1_0.project_id where p1_0.id=?
10:24:17.523 [main] DEBUG org.hibernate.orm.results.loading.entity - (EntityResultInitializer) Hydrated EntityKey (org.frcpm.models.Project): 169
10:24:17.523 [main] DEBUG org.hibernate.orm.results.loading.org.hibernate.orm.results.loading.collection - (BagInitializer) Current row collection key : org.frcpm.models.Project.meetings#169
10:24:17.523 [main] DEBUG org.hibernate.orm.results - Extracted JDBC value [6] - [null]
10:24:17.523 [main] DEBUG org.hibernate.orm.results - Extracted JDBC value [7] - [null]
10:24:17.523 [main] DEBUG org.hibernate.orm.results.loading.entity - (EntityJoinedFetchInitializer) EntityKey (org.frcpm.models.Project.meetings.{element}) is null
10:24:17.523 [main] DEBUG org.hibernate.orm.results.loading.org.hibernate.orm.results.loading.collection - (SelectEagerCollectionInitializer) Current row collection key : org.frcpm.models.Project.milestones#169
10:24:17.523 [main] DEBUG org.hibernate.orm.results.loading.org.hibernate.orm.results.loading.collection - (SelectEagerCollectionInitializer) Current row collection key : org.frcpm.models.Project.tasks#169
10:24:17.523 [main] DEBUG org.hibernate.orm.results.loading.entity - (EntityResultInitializer) Created new entity instance [org.frcpm.models.Project#169] : 475643277
10:24:17.523 [main] DEBUG org.hibernate.orm.results.loading.org.hibernate.orm.results.loading.collection - (BagInitializer) Created new collection wrapper [org.frcpm.models.Project.meetings#169] : org.hibernate.collection.spi.PersistentBag@1245400346
10:24:17.523 [main] DEBUG org.hibernate.orm.results.loading.org.hibernate.orm.results.loading.collection - (BagInitializer) Responsible for loading collection [org.frcpm.models.Project.meetings#169] : org.hibernate.collection.spi.PersistentBag@1245400346
10:24:17.523 [main] DEBUG org.hibernate.orm.results - Extracted JDBC value [1] - [null]
10:24:17.523 [main] DEBUG org.hibernate.orm.results - Extracted JDBC value [2] - [2025-06-06]
10:24:17.523 [main] DEBUG org.hibernate.orm.results - Extracted JDBC value [3] - [2025-06-20]
10:24:17.523 [main] DEBUG org.hibernate.orm.results - Extracted JDBC value [4] - [Test Attendance Project]
10:24:17.523 [main] DEBUG org.hibernate.orm.results - Extracted JDBC value [5] - [2025-04-25]
10:24:17.523 [main] DEBUG org.hibernate.orm.results.loading.entity - (EntityResultInitializer) Done materializing entityInstance : org.frcpm.models.Project#169
10:24:17.523 [main] DEBUG org.hibernate.orm.results.loading - Calling top-level assembler (0 / 1) : org.hibernate.sql.results.graph.entity.internal.EntityAssembler@4918cd02
10:24:17.523 [main] DEBUG org.hibernate.sql.results.internal.ResultsHelper - Collection fully initialized: [org.frcpm.models.Project.meetings#169]
10:24:17.523 [main] DEBUG org.hibernate.orm.sql.exec - Skipping reading Query result cache data: cache-enabled = false, cache-mode = IGNORE
10:24:17.524 [main] DEBUG org.hibernate.orm.results - Initializer list:
	  org.frcpm.models.Project.tasks.{element}.assignedTo -> DelayedCollectionInitializer(org.frcpm.models.Project.tasks.{element}.assignedTo)@1499138726 (PluralAttribute(org.frcpm.models.Task.assignedTo))
	  org.frcpm.models.Project.tasks.{element}.postDependencies -> DelayedCollectionInitializer(org.frcpm.models.Project.tasks.{element}.postDependencies)@963295295 (PluralAttribute(org.frcpm.models.Task.postDependencies))
	  org.frcpm.models.Project.tasks.{element} -> EntityJoinedFetchInitializer(org.frcpm.models.Project.tasks.{element})@1142532049 (EntityCollectionPart(org.frcpm.models.Project.tasks#{element})@1273365133)
	  org.frcpm.models.Project.tasks.{element}.requiredComponents -> DelayedCollectionInitializer(org.frcpm.models.Project.tasks.{element}.requiredComponents)@1248407405 (PluralAttribute(org.frcpm.models.Task.requiredComponents))
	  org.frcpm.models.Project.tasks.{element}.project -> EntityDelayedFetchInitializer(org.frcpm.models.Project.tasks.{element}.project)@640601439 (ToOneAttributeMapping(NavigableRole[org.frcpm.models.Task.project])@796971364)
	  org.frcpm.models.Project.tasks.{element}.subsystem -> EntityDelayedFetchInitializer(org.frcpm.models.Project.tasks.{element}.subsystem)@1418284147 (ToOneAttributeMapping(NavigableRole[org.frcpm.models.Task.subsystem])@1469580232)
	  org.frcpm.models.Project.tasks.{element}.preDependencies -> DelayedCollectionInitializer(org.frcpm.models.Project.tasks.{element}.preDependencies)@118253649 (PluralAttribute(org.frcpm.models.Task.preDependencies))
	  org.frcpm.models.Project.tasks -> BagInitializer(org.frcpm.models.Project.tasks)@774804005 (PluralAttribute(org.frcpm.models.Project.tasks))

10:24:17.524 [main] DEBUG org.hibernate.SQL - select t1_0.project_id,t1_0.id,t1_0.actual_duration_seconds,t1_0.completed,t1_0.description,t1_0.end_date,t1_0.estimated_duration_seconds,t1_0.priority,t1_0.progress,t1_0.start_date,t1_0.subsystem_id,t1_0.title from tasks t1_0 where t1_0.project_id=?
10:24:17.524 [main] DEBUG org.hibernate.sql.results.internal.ResultsHelper - Collection fully initialized: [org.frcpm.models.Project.tasks#169]
10:24:17.524 [main] DEBUG org.hibernate.orm.sql.exec - Skipping reading Query result cache data: cache-enabled = false, cache-mode = IGNORE
10:24:17.525 [main] DEBUG org.hibernate.orm.results - Initializer list:
	  org.frcpm.models.Project.milestones.{element}.project -> EntityDelayedFetchInitializer(org.frcpm.models.Project.milestones.{element}.project)@1138868367 (ToOneAttributeMapping(NavigableRole[org.frcpm.models.Milestone.project])@419749228)
	  org.frcpm.models.Project.milestones.{element} -> EntityJoinedFetchInitializer(org.frcpm.models.Project.milestones.{element})@2087800730 (EntityCollectionPart(org.frcpm.models.Project.milestones#{element})@9441169)
	  org.frcpm.models.Project.milestones -> BagInitializer(org.frcpm.models.Project.milestones)@1303925428 (PluralAttribute(org.frcpm.models.Project.milestones))

10:24:17.525 [main] DEBUG org.hibernate.SQL - select m1_0.project_id,m1_0.id,m1_0.date,m1_0.description,m1_0.name from milestones m1_0 where m1_0.project_id=?
10:24:17.525 [main] DEBUG org.hibernate.sql.results.internal.ResultsHelper - Collection fully initialized: [org.frcpm.models.Project.milestones#169]
10:24:17.525 [main] DEBUG org.hibernate.engine.spi.CollectionEntry - Reset storedSnapshot to [] for CollectionEntry[org.frcpm.models.Project.meetings#169]
10:24:17.525 [main] DEBUG org.hibernate.engine.spi.CollectionEntry - Reset storedSnapshot to [] for CollectionEntry[org.frcpm.models.Project.milestones#169]
10:24:17.525 [main] DEBUG org.hibernate.engine.spi.CollectionEntry - Reset storedSnapshot to [] for CollectionEntry[org.frcpm.models.Project.tasks#169]
10:24:17.525 [main] DEBUG org.hibernate.engine.transaction.internal.TransactionImpl - committing
10:24:17.525 [main] DEBUG org.hibernate.event.internal.AbstractFlushingEventListener - Processing flush-time cascades
10:24:17.525 [main] DEBUG org.hibernate.event.internal.AbstractFlushingEventListener - Dirty checking collections
10:24:17.525 [main] DEBUG org.hibernate.engine.internal.Collections - Collection dereferenced: [org.frcpm.models.Project.meetings#169]
10:24:17.525 [main] DEBUG org.hibernate.engine.internal.Collections - Collection dereferenced: [org.frcpm.models.Project.milestones#169]
10:24:17.525 [main] DEBUG org.hibernate.engine.internal.Collections - Collection dereferenced: [org.frcpm.models.Project.tasks#169]
10:24:17.525 [main] DEBUG org.hibernate.event.internal.AbstractFlushingEventListener - Flushed: 0 insertions, 0 updates, 1 deletions to 1 objects
10:24:17.525 [main] DEBUG org.hibernate.event.internal.AbstractFlushingEventListener - Flushed: 0 (re)creations, 0 updates, 3 removals to 3 collections
10:24:17.525 [main] DEBUG org.hibernate.internal.util.EntityPrinter - Listing entities:
10:24:17.525 [main] DEBUG org.hibernate.internal.util.EntityPrinter - org.frcpm.models.Project{hardDeadline=2025-06-20, name=Test Attendance Project, description=null, meetings=[], id=169, goalEndDate=2025-06-06, milestones=[], startDate=2025-04-25, tasks=[]}
10:24:17.525 [main] DEBUG org.hibernate.SQL - delete from projects where id=?
10:24:17.525 [main] DEBUG org.hibernate.orm.jdbc.batch - PreparedStatementDetails did not contain PreparedStatement on #releaseStatements : delete from projects where id=?
10:24:17.525 [main] DEBUG org.hibernate.orm.jdbc.batch - PreparedStatementDetails did not contain PreparedStatement on #releaseStatements : delete from projects where id=?
10:24:17.525 [main] DEBUG org.hibernate.resource.jdbc.internal.LogicalConnectionManagedImpl - Initiating JDBC connection release from afterTransaction
10:24:17.525 [main] DEBUG org.hibernate.orm.jdbc.batch - PreparedStatementDetails did not contain PreparedStatement on #releaseStatements : delete from projects where id=?
10:24:17.526 [main] DEBUG org.hibernate.orm.jdbc.batch - PreparedStatementDetails did not contain PreparedStatement on #releaseStatements : delete from projects where id=?
10:24:17.526 [main] DEBUG org.hibernate.resource.jdbc.internal.LogicalConnectionManagedImpl - Initiating JDBC connection release from afterTransaction
10:24:17.526 [main] DEBUG org.hibernate.engine.jdbc.internal.JdbcCoordinatorImpl - HHH000420: Closing un-released batch
10:24:17.526 [main] DEBUG org.hibernate.orm.jdbc.batch - PreparedStatementDetails did not contain PreparedStatement on #releaseStatements : delete from projects where id=?
10:24:17.526 [main] DEBUG org.hibernate.orm.jdbc.batch - PreparedStatementDetails did not contain PreparedStatement on #releaseStatements : delete from projects where id=?
10:24:17.526 [main] DEBUG org.hibernate.internal.SessionFactoryImpl - HHH000031: Closing
10:24:17.526 [main] DEBUG org.hibernate.type.spi.TypeConfiguration$Scope - Un-scoping TypeConfiguration [org.hibernate.type.spi.TypeConfiguration$Scope@bdd21d7] from SessionFactory [org.hibernate.internal.SessionFactoryImpl@4568794b]
10:24:17.526 [main] DEBUG org.hibernate.service.internal.AbstractServiceRegistryImpl - Implicitly destroying ServiceRegistry on de-registration of all child ServiceRegistries
10:24:17.526 [main] INFO com.zaxxer.hikari.HikariDataSource - FRC-PM-HikariCP - Shutdown initiated...
10:24:17.526 [main] DEBUG com.zaxxer.hikari.pool.HikariPool - FRC-PM-HikariCP - Before shutdown stats (total=3, active=0, idle=3, waiting=0)
10:24:17.526 [FRC-PM-HikariCP connection closer] DEBUG com.zaxxer.hikari.pool.PoolBase - FRC-PM-HikariCP - Closing connection conn24: url=jdbc:h2:file:C:\Users\dhiebert\.frcpm\frcpm user=SA: (connection evicted)
10:24:17.527 [FRC-PM-HikariCP connection closer] DEBUG com.zaxxer.hikari.pool.PoolBase - FRC-PM-HikariCP - Closing connection conn25: url=jdbc:h2:file:C:\Users\dhiebert\.frcpm\frcpm user=SA: (connection evicted)
10:24:17.527 [FRC-PM-HikariCP connection closer] DEBUG com.zaxxer.hikari.pool.PoolBase - FRC-PM-HikariCP - Closing connection conn26: url=jdbc:h2:file:C:\Users\dhiebert\.frcpm\frcpm user=SA: (connection evicted)
10:24:17.552 [FRC-PM-HikariCP connection adder] DEBUG com.zaxxer.hikari.pool.HikariPool - FRC-PM-HikariCP - After adding stats (total=0, active=0, idle=0, waiting=0)
10:24:17.735 [main] DEBUG com.zaxxer.hikari.pool.HikariPool - FRC-PM-HikariCP - After shutdown stats (total=0, active=0, idle=0, waiting=0)
10:24:17.735 [main] INFO com.zaxxer.hikari.HikariDataSource - FRC-PM-HikariCP - Shutdown completed.
10:24:17.735 [main] DEBUG org.hibernate.boot.registry.internal.BootstrapServiceRegistryImpl - Implicitly destroying Boot-strap registry on de-registration of all child ServiceRegistries
]]></system-out>
    <system-err><![CDATA[Apr 25, 2025 10:24:17 AM org.frcpm.config.DatabaseConfig initialize
INFO: Initializing database configuration...
Apr 25, 2025 10:24:17 AM org.frcpm.config.DatabaseConfig initialize
INFO: Using FILE-BASED database at: file:C:\Users\dhiebert\.frcpm\frcpm
Apr 25, 2025 10:24:17 AM org.frcpm.config.DatabaseConfig initialize
INFO: Using JDBC URL: jdbc:h2:file:C:\Users\dhiebert\.frcpm\frcpm
Apr 25, 2025 10:24:17 AM org.frcpm.config.DatabaseConfig initialize
INFO: Using schema mode: update
Apr 25, 2025 10:24:17 AM org.frcpm.config.DatabaseConfig initialize
INFO: Database configuration initialized successfully in PRODUCTION mode
Apr 25, 2025 10:24:17 AM org.frcpm.config.DatabaseConfig shutdown
INFO: Database configuration shut down
]]></system-err>
  </testcase>
</testsuite>